<?xml version="1.0" encoding="UTF-8"?>
<testsuite xmlns:xsi="http://www.w3.org/2001/XMLSchema-instance" xsi:noNamespaceSchemaLocation="https://maven.apache.org/surefire/maven-surefire-plugin/xsd/surefire-test-report-3.0.xsd" version="3.0" name="org.apache.hadoop.ozone.om.TestOmSnapshot" time="187.238" tests="54" errors="0" skipped="3" failures="1">
  <properties>
    <property name="awt.toolkit" value="sun.awt.X11.XToolkit"/>
    <property name="file.encoding.pkg" value="sun.io"/>
    <property name="java.specification.version" value="1.8"/>
    <property name="sun.cpu.isalist" value=""/>
    <property name="sun.jnu.encoding" value="UTF-8"/>
    <property name="java.class.path" value="/home/runner/work/ozone/ozone/hadoop-ozone/integration-test/target/test-classes:/home/runner/work/ozone/ozone/hadoop-ozone/integration-test/target/classes:/home/runner/.m2/repository/org/apache/ozone/ozone-common/1.4.0-SNAPSHOT/ozone-common-1.4.0-SNAPSHOT.jar:/home/runner/.m2/repository/io/grpc/grpc-netty/1.51.1/grpc-netty-1.51.1.jar:/home/runner/.m2/repository/io/grpc/grpc-core/1.51.1/grpc-core-1.51.1.jar:/home/runner/.m2/repository/com/google/android/annotations/4.1.1.4/annotations-4.1.1.4.jar:/home/runner/.m2/repository/org/codehaus/mojo/animal-sniffer-annotations/1.21/animal-sniffer-annotations-1.21.jar:/home/runner/.m2/repository/com/google/errorprone/error_prone_annotations/2.2.0/error_prone_annotations-2.2.0.jar:/home/runner/.m2/repository/io/perfmark/perfmark-api/0.25.0/perfmark-api-0.25.0.jar:/home/runner/.m2/repository/io/netty/netty-codec-http2/4.1.86.Final/netty-codec-http2-4.1.86.Final.jar:/home/runner/.m2/repository/io/netty/netty-common/4.1.86.Final/netty-common-4.1.86.Final.jar:/home/runner/.m2/repository/io/netty/netty-buffer/4.1.86.Final/netty-buffer-4.1.86.Final.jar:/home/runner/.m2/repository/io/netty/netty-codec-http/4.1.86.Final/netty-codec-http-4.1.86.Final.jar:/home/runner/.m2/repository/io/netty/netty-handler-proxy/4.1.86.Final/netty-handler-proxy-4.1.86.Final.jar:/home/runner/.m2/repository/io/netty/netty-codec-socks/4.1.86.Final/netty-codec-socks-4.1.86.Final.jar:/home/runner/.m2/repository/io/netty/netty-tcnative-boringssl-static/2.0.54.Final/netty-tcnative-boringssl-static-2.0.54.Final.jar:/home/runner/.m2/repository/io/netty/netty-tcnative-classes/2.0.54.Final/netty-tcnative-classes-2.0.54.Final.jar:/home/runner/.m2/repository/io/netty/netty-tcnative-boringssl-static/2.0.54.Final/netty-tcnative-boringssl-static-2.0.54.Final-linux-x86_64.jar:/home/runner/.m2/repository/io/netty/netty-tcnative-boringssl-static/2.0.54.Final/netty-tcnative-boringssl-static-2.0.54.Final-linux-aarch_64.jar:/home/runner/.m2/repository/io/netty/netty-tcnative-boringssl-static/2.0.54.Final/netty-tcnative-boringssl-static-2.0.54.Final-osx-x86_64.jar:/home/runner/.m2/repository/io/netty/netty-tcnative-boringssl-static/2.0.54.Final/netty-tcnative-boringssl-static-2.0.54.Final-osx-aarch_64.jar:/home/runner/.m2/repository/io/netty/netty-tcnative-boringssl-static/2.0.54.Final/netty-tcnative-boringssl-static-2.0.54.Final-windows-x86_64.jar:/home/runner/.m2/repository/org/apache/commons/commons-compress/1.21/commons-compress-1.21.jar:/home/runner/.m2/repository/org/apache/ozone/hdds-common/1.4.0-SNAPSHOT/hdds-common-1.4.0-SNAPSHOT.jar:/home/runner/.m2/repository/org/apache/ozone/hdds-client/1.4.0-SNAPSHOT/hdds-client-1.4.0-SNAPSHOT.jar:/home/runner/.m2/repository/org/apache/ozone/ozone-interface-client/1.4.0-SNAPSHOT/ozone-interface-client-1.4.0-SNAPSHOT.jar:/home/runner/.m2/repository/org/apache/ozone/hdds-test-utils/1.4.0-SNAPSHOT/hdds-test-utils-1.4.0-SNAPSHOT.jar:/home/runner/.m2/repository/com/google/guava/guava/31.1-jre/guava-31.1-jre.jar:/home/runner/.m2/repository/com/google/guava/failureaccess/1.0.1/failureaccess-1.0.1.jar:/home/runner/.m2/repository/com/google/guava/listenablefuture/9999.0-empty-to-avoid-conflict-with-guava/listenablefuture-9999.0-empty-to-avoid-conflict-with-guava.jar:/home/runner/.m2/repository/com/google/code/findbugs/jsr305/3.0.0/jsr305-3.0.0.jar:/home/runner/.m2/repository/org/checkerframework/checker-qual/3.12.0/checker-qual-3.12.0.jar:/home/runner/.m2/repository/com/google/j2objc/j2objc-annotations/1.3/j2objc-annotations-1.3.jar:/home/runner/.m2/repository/commons-io/commons-io/2.11.0/commons-io-2.11.0.jar:/home/runner/.m2/repository/commons-logging/commons-logging/1.2/commons-logging-1.2.jar:/home/runner/.m2/repository/ch/qos/reload4j/reload4j/1.2.22/reload4j-1.2.22.jar:/home/runner/.m2/repository/org/slf4j/slf4j-api/1.7.36/slf4j-api-1.7.36.jar:/home/runner/.m2/repository/org/apache/ozone/hdds-server-scm/1.4.0-SNAPSHOT/hdds-server-scm-1.4.0-SNAPSHOT.jar:/home/runner/.m2/repository/org/apache/ozone/hdds-container-service/1.4.0-SNAPSHOT/hdds-container-service-1.4.0-SNAPSHOT.jar:/home/runner/.m2/repository/org/apache/ozone/hdds-hadoop-dependency-server/1.4.0-SNAPSHOT/hdds-hadoop-dependency-server-1.4.0-SNAPSHOT.jar:/home/runner/.m2/repository/org/apache/hadoop/hadoop-hdfs/3.3.4/hadoop-hdfs-3.3.4.jar:/home/runner/.m2/repository/commons-daemon/commons-daemon/1.0.13/commons-daemon-1.0.13.jar:/home/runner/.m2/repository/org/apache/ozone/hdds-server-framework/1.4.0-SNAPSHOT/hdds-server-framework-1.4.0-SNAPSHOT.jar:/home/runner/.m2/repository/io/dropwizard/metrics/metrics-core/3.2.4/metrics-core-3.2.4.jar:/home/runner/.m2/repository/org/apache/commons/commons-text/1.4/commons-text-1.4.jar:/home/runner/.m2/repository/org/apache/hadoop/hadoop-hdfs-client/3.3.4/hadoop-hdfs-client-3.3.4.jar:/home/runner/.m2/repository/com/squareup/okhttp3/okhttp/4.9.3/okhttp-4.9.3.jar:/home/runner/.m2/repository/com/squareup/okio/okio/2.8.0/okio-2.8.0.jar:/home/runner/.m2/repository/org/jetbrains/kotlin/kotlin-stdlib-common/1.6.21/kotlin-stdlib-common-1.6.21.jar:/home/runner/.m2/repository/org/bouncycastle/bcprov-jdk15on/1.67/bcprov-jdk15on-1.67.jar:/home/runner/.m2/repository/com/google/protobuf/protobuf-java/2.5.0/protobuf-java-2.5.0.jar:/home/runner/.m2/repository/org/apache/ozone/hdds-server-framework/1.4.0-SNAPSHOT/hdds-server-framework-1.4.0-SNAPSHOT-tests.jar:/home/runner/.m2/repository/org/apache/ozone/hdds-interface-server/1.4.0-SNAPSHOT/hdds-interface-server-1.4.0-SNAPSHOT.jar:/home/runner/.m2/repository/org/apache/ozone/hdds-interface-admin/1.4.0-SNAPSHOT/hdds-interface-admin-1.4.0-SNAPSHOT.jar:/home/runner/.m2/repository/org/apache/ozone/hdds-managed-rocksdb/1.4.0-SNAPSHOT/hdds-managed-rocksdb-1.4.0-SNAPSHOT.jar:/home/runner/.m2/repository/org/rocksdb/rocksdbjni/7.7.3/rocksdbjni-7.7.3.jar:/home/runner/.m2/repository/org/slf4j/slf4j-reload4j/1.7.36/slf4j-reload4j-1.7.36.jar:/home/runner/.m2/repository/org/apache/commons/commons-configuration2/2.1.1/commons-configuration2-2.1.1.jar:/home/runner/.m2/repository/org/apache/logging/log4j/log4j-core/2.17.1/log4j-core-2.17.1.jar:/home/runner/.m2/repository/com/lmax/disruptor/3.4.2/disruptor-3.4.2.jar:/home/runner/.m2/repository/org/eclipse/jetty/jetty-util/9.4.49.v20220914/jetty-util-9.4.49.v20220914.jar:/home/runner/.m2/repository/org/eclipse/jetty/jetty-server/9.4.49.v20220914/jetty-server-9.4.49.v20220914.jar:/home/runner/.m2/repository/org/eclipse/jetty/jetty-http/9.4.49.v20220914/jetty-http-9.4.49.v20220914.jar:/home/runner/.m2/repository/org/eclipse/jetty/jetty-io/9.4.49.v20220914/jetty-io-9.4.49.v20220914.jar:/home/runner/.m2/repository/org/eclipse/jetty/jetty-servlet/9.4.49.v20220914/jetty-servlet-9.4.49.v20220914.jar:/home/runner/.m2/repository/org/eclipse/jetty/jetty-security/9.4.49.v20220914/jetty-security-9.4.49.v20220914.jar:/home/runner/.m2/repository/org/eclipse/jetty/jetty-util-ajax/9.4.49.v20220914/jetty-util-ajax-9.4.49.v20220914.jar:/home/runner/.m2/repository/org/eclipse/jetty/jetty-webapp/9.4.49.v20220914/jetty-webapp-9.4.49.v20220914.jar:/home/runner/.m2/repository/org/eclipse/jetty/jetty-xml/9.4.49.v20220914/jetty-xml-9.4.49.v20220914.jar:/home/runner/.m2/repository/org/apache/ratis/ratis-server/2.4.2-8b8bdda-SNAPSHOT/ratis-server-2.4.2-8b8bdda-SNAPSHOT.jar:/home/runner/.m2/repository/org/apache/ratis/ratis-thirdparty-misc/1.0.3/ratis-thirdparty-misc-1.0.3.jar:/home/runner/.m2/repository/org/apache/ratis/ratis-proto/2.4.2-8b8bdda-SNAPSHOT/ratis-proto-2.4.2-8b8bdda-SNAPSHOT.jar:/home/runner/.m2/repository/org/apache/ratis/ratis-common/2.4.2-8b8bdda-SNAPSHOT/ratis-common-2.4.2-8b8bdda-SNAPSHOT.jar:/home/runner/.m2/repository/org/apache/ratis/ratis-client/2.4.2-8b8bdda-SNAPSHOT/ratis-client-2.4.2-8b8bdda-SNAPSHOT.jar:/home/runner/.m2/repository/org/apache/ratis/ratis-server-api/2.4.2-8b8bdda-SNAPSHOT/ratis-server-api-2.4.2-8b8bdda-SNAPSHOT.jar:/home/runner/.m2/repository/org/apache/ratis/ratis-metrics/2.4.2-8b8bdda-SNAPSHOT/ratis-metrics-2.4.2-8b8bdda-SNAPSHOT.jar:/home/runner/.m2/repository/io/prometheus/simpleclient_dropwizard/0.7.0/simpleclient_dropwizard-0.7.0.jar:/home/runner/.m2/repository/io/prometheus/simpleclient/0.7.0/simpleclient-0.7.0.jar:/home/runner/.m2/repository/io/prometheus/simpleclient_common/0.7.0/simpleclient_common-0.7.0.jar:/home/runner/.m2/repository/com/fasterxml/jackson/datatype/jackson-datatype-jsr310/2.13.4/jackson-datatype-jsr310-2.13.4.jar:/home/runner/.m2/repository/com/fasterxml/jackson/core/jackson-core/2.13.4/jackson-core-2.13.4.jar:/home/runner/.m2/repository/com/github/spotbugs/spotbugs-annotations/3.1.12/spotbugs-annotations-3.1.12.jar:/home/runner/.m2/repository/org/apache/ozone/rocksdb-checkpoint-differ/1.4.0-SNAPSHOT/rocksdb-checkpoint-differ-1.4.0-SNAPSHOT.jar:/home/runner/.m2/repository/org/awaitility/awaitility/4.2.0/awaitility-4.2.0.jar:/home/runner/.m2/repository/org/hamcrest/hamcrest/2.1/hamcrest-2.1.jar:/home/runner/.m2/repository/org/apache/ozone/ozone-manager/1.4.0-SNAPSHOT/ozone-manager-1.4.0-SNAPSHOT.jar:/home/runner/.m2/repository/org/aspectj/aspectjrt/1.9.7/aspectjrt-1.9.7.jar:/home/runner/.m2/repository/org/aspectj/aspectjweaver/1.9.7/aspectjweaver-1.9.7.jar:/home/runner/.m2/repository/org/apache/ozone/hdds-interface-client/1.4.0-SNAPSHOT/hdds-interface-client-1.4.0-SNAPSHOT.jar:/home/runner/.m2/repository/org/apache/hadoop/thirdparty/hadoop-shaded-protobuf_3_7/1.1.1/hadoop-shaded-protobuf_3_7-1.1.1.jar:/home/runner/.m2/repository/org/apache/ozone/ozone-interface-storage/1.4.0-SNAPSHOT/ozone-interface-storage-1.4.0-SNAPSHOT.jar:/home/runner/.m2/repository/org/reflections/reflections/0.9.11/reflections-0.9.11.jar:/home/runner/.m2/repository/com/sun/jersey/jersey-client/1.19/jersey-client-1.19.jar:/home/runner/.m2/repository/org/apache/ranger/ranger-intg/2.3.0/ranger-intg-2.3.0.jar:/home/runner/.m2/repository/org/apache/ranger/ranger-plugins-common/2.3.0/ranger-plugins-common-2.3.0.jar:/home/runner/.m2/repository/commons-lang/commons-lang/2.6/commons-lang-2.6.jar:/home/runner/.m2/repository/org/apache/ranger/ranger-plugins-cred/2.3.0/ranger-plugins-cred-2.3.0.jar:/home/runner/.m2/repository/org/apache/ranger/ranger-plugins-audit/2.3.0/ranger-plugins-audit-2.3.0.jar:/home/runner/.m2/repository/org/eclipse/jetty/jetty-client/9.4.49.v20220914/jetty-client-9.4.49.v20220914.jar:/home/runner/.m2/repository/org/apache/httpcomponents/httpmime/4.5.6/httpmime-4.5.6.jar:/home/runner/.m2/repository/org/apache/httpcomponents/httpcore-nio/4.4.13/httpcore-nio-4.4.13.jar:/home/runner/.m2/repository/org/apache/httpcomponents/httpasyncclient/4.1.3/httpasyncclient-4.1.3.jar:/home/runner/.m2/repository/com/carrotsearch/hppc/0.8.0/hppc-0.8.0.jar:/home/runner/.m2/repository/org/apache/orc/orc-core/1.5.8/orc-core-1.5.8.jar:/home/runner/.m2/repository/net/java/dev/jna/jna/5.2.0/jna-5.2.0.jar:/home/runner/.m2/repository/net/java/dev/jna/jna-platform/5.2.0/jna-platform-5.2.0.jar:/home/runner/.m2/repository/com/kstruct/gethostname4j/0.0.2/gethostname4j-0.0.2.jar:/home/runner/.m2/repository/org/apache/ranger/ranger-plugin-classloader/2.3.0/ranger-plugin-classloader-2.3.0.jar:/home/runner/.m2/repository/org/apache/hadoop/hadoop-minikdc/3.3.4/hadoop-minikdc-3.3.4.jar:/home/runner/.m2/repository/org/apache/kerby/kerb-simplekdc/1.0.1/kerb-simplekdc-1.0.1.jar:/home/runner/.m2/repository/org/apache/kerby/kerb-client/1.0.1/kerb-client-1.0.1.jar:/home/runner/.m2/repository/org/apache/kerby/kerby-config/1.0.1/kerby-config-1.0.1.jar:/home/runner/.m2/repository/org/apache/kerby/kerb-common/1.0.1/kerb-common-1.0.1.jar:/home/runner/.m2/repository/org/apache/kerby/kerb-crypto/1.0.1/kerb-crypto-1.0.1.jar:/home/runner/.m2/repository/org/apache/kerby/kerb-util/1.0.1/kerb-util-1.0.1.jar:/home/runner/.m2/repository/org/apache/kerby/token-provider/1.0.1/token-provider-1.0.1.jar:/home/runner/.m2/repository/org/apache/kerby/kerb-admin/1.0.1/kerb-admin-1.0.1.jar:/home/runner/.m2/repository/org/apache/kerby/kerb-server/1.0.1/kerb-server-1.0.1.jar:/home/runner/.m2/repository/org/apache/kerby/kerb-identity/1.0.1/kerb-identity-1.0.1.jar:/home/runner/.m2/repository/org/apache/kerby/kerby-xdr/1.0.1/kerby-xdr-1.0.1.jar:/home/runner/.m2/repository/org/apache/ozone/ozone-s3gateway/1.4.0-SNAPSHOT/ozone-s3gateway-1.4.0-SNAPSHOT.jar:/home/runner/.m2/repository/org/javassist/javassist/3.21.0-GA/javassist-3.21.0-GA.jar:/home/runner/.m2/repository/org/jboss/weld/servlet/weld-servlet-shaded/3.1.9.Final/weld-servlet-shaded-3.1.9.Final.jar:/home/runner/.m2/repository/org/glassfish/jersey/containers/jersey-container-servlet-core/2.34/jersey-container-servlet-core-2.34.jar:/home/runner/.m2/repository/org/glassfish/hk2/external/jakarta.inject/2.6.1/jakarta.inject-2.6.1.jar:/home/runner/.m2/repository/org/glassfish/jersey/core/jersey-common/2.34/jersey-common-2.34.jar:/home/runner/.m2/repository/jakarta/ws/rs/jakarta.ws.rs-api/2.1.6/jakarta.ws.rs-api-2.1.6.jar:/home/runner/.m2/repository/org/glassfish/jersey/ext/cdi/jersey-cdi1x/2.34/jersey-cdi1x-2.34.jar:/home/runner/.m2/repository/org/glassfish/jersey/inject/jersey-hk2/2.34/jersey-hk2-2.34.jar:/home/runner/.m2/repository/org/glassfish/hk2/hk2-locator/2.6.1/hk2-locator-2.6.1.jar:/home/runner/.m2/repository/org/glassfish/jersey/media/jersey-media-jaxb/2.34/jersey-media-jaxb-2.34.jar:/home/runner/.m2/repository/org/glassfish/hk2/osgi-resource-locator/1.0.3/osgi-resource-locator-1.0.3.jar:/home/runner/.m2/repository/org/glassfish/hk2/hk2-api/2.5.0/hk2-api-2.5.0.jar:/home/runner/.m2/repository/org/glassfish/hk2/hk2-utils/2.5.0/hk2-utils-2.5.0.jar:/home/runner/.m2/repository/org/glassfish/hk2/external/aopalliance-repackaged/2.5.0/aopalliance-repackaged-2.5.0.jar:/home/runner/.m2/repository/com/fasterxml/jackson/dataformat/jackson-dataformat-xml/2.13.4/jackson-dataformat-xml-2.13.4.jar:/home/runner/.m2/repository/org/codehaus/woodstox/stax2-api/4.2.1/stax2-api-4.2.1.jar:/home/runner/.m2/repository/com/fasterxml/woodstox/woodstox-core/5.4.0/woodstox-core-5.4.0.jar:/home/runner/.m2/repository/com/fasterxml/jackson/module/jackson-module-jaxb-annotations/2.13.4/jackson-module-jaxb-annotations-2.13.4.jar:/home/runner/.m2/repository/jakarta/xml/bind/jakarta.xml.bind-api/2.3.3/jakarta.xml.bind-api-2.3.3.jar:/home/runner/.m2/repository/jakarta/activation/jakarta.activation-api/1.2.2/jakarta.activation-api-1.2.2.jar:/home/runner/.m2/repository/javax/enterprise/cdi-api/2.0/cdi-api-2.0.jar:/home/runner/.m2/repository/javax/el/javax.el-api/3.0.0/javax.el-api-3.0.0.jar:/home/runner/.m2/repository/javax/interceptor/javax.interceptor-api/1.2/javax.interceptor-api-1.2.jar:/home/runner/.m2/repository/javax/inject/javax.inject/1/javax.inject-1.jar:/home/runner/.m2/repository/javax/xml/bind/jaxb-api/2.3.0/jaxb-api-2.3.0.jar:/home/runner/.m2/repository/org/glassfish/jaxb/jaxb-runtime/2.3.0.1/jaxb-runtime-2.3.0.1.jar:/home/runner/.m2/repository/org/glassfish/jaxb/jaxb-core/2.3.0.1/jaxb-core-2.3.0.1.jar:/home/runner/.m2/repository/org/glassfish/jaxb/txw2/2.3.0.1/txw2-2.3.0.1.jar:/home/runner/.m2/repository/com/sun/istack/istack-commons-runtime/3.0.5/istack-commons-runtime-3.0.5.jar:/home/runner/.m2/repository/org/jvnet/staxex/stax-ex/1.7.8/stax-ex-1.7.8.jar:/home/runner/.m2/repository/com/sun/xml/fastinfoset/FastInfoset/1.2.13/FastInfoset-1.2.13.jar:/home/runner/.m2/repository/javax/activation/activation/1.1.1/activation-1.1.1.jar:/home/runner/.m2/repository/io/grpc/grpc-protobuf/1.51.1/grpc-protobuf-1.51.1.jar:/home/runner/.m2/repository/io/grpc/grpc-api/1.51.1/grpc-api-1.51.1.jar:/home/runner/.m2/repository/io/grpc/grpc-context/1.51.1/grpc-context-1.51.1.jar:/home/runner/.m2/repository/com/google/api/grpc/proto-google-common-protos/2.9.0/proto-google-common-protos-2.9.0.jar:/home/runner/.m2/repository/io/grpc/grpc-protobuf-lite/1.51.1/grpc-protobuf-lite-1.51.1.jar:/home/runner/.m2/repository/io/grpc/grpc-stub/1.51.1/grpc-stub-1.51.1.jar:/home/runner/.m2/repository/io/netty/netty-transport/4.1.86.Final/netty-transport-4.1.86.Final.jar:/home/runner/.m2/repository/io/netty/netty-resolver/4.1.86.Final/netty-resolver-4.1.86.Final.jar:/home/runner/.m2/repository/org/apache/ozone/ozone-csi/1.4.0-SNAPSHOT/ozone-csi-1.4.0-SNAPSHOT.jar:/home/runner/.m2/repository/com/google/protobuf/protobuf-java-util/3.19.6/protobuf-java-util-3.19.6.jar:/home/runner/.m2/repository/com/google/code/gson/gson/2.9.0/gson-2.9.0.jar:/home/runner/.m2/repository/org/apache/ozone/hdds-config/1.4.0-SNAPSHOT/hdds-config-1.4.0-SNAPSHOT.jar:/home/runner/.m2/repository/io/netty/netty-transport-native-epoll/4.1.86.Final/netty-transport-native-epoll-4.1.86.Final-linux-x86_64.jar:/home/runner/.m2/repository/io/netty/netty-transport-classes-epoll/4.1.86.Final/netty-transport-classes-epoll-4.1.86.Final.jar:/home/runner/.m2/repository/io/netty/netty-transport-native-unix-common/4.1.86.Final/netty-transport-native-unix-common-4.1.86.Final.jar:/home/runner/.m2/repository/org/apache/ozone/ozone-recon/1.4.0-SNAPSHOT/ozone-recon-1.4.0-SNAPSHOT.jar:/home/runner/.m2/repository/org/apache/ozone/ozone-reconcodegen/1.4.0-SNAPSHOT/ozone-reconcodegen-1.4.0-SNAPSHOT.jar:/home/runner/.m2/repository/com/google/inject/extensions/guice-multibindings/4.0/guice-multibindings-4.0.jar:/home/runner/.m2/repository/com/google/inject/guice/4.0/guice-4.0.jar:/home/runner/.m2/repository/aopalliance/aopalliance/1.0/aopalliance-1.0.jar:/home/runner/.m2/repository/com/google/inject/extensions/guice-assistedinject/4.0/guice-assistedinject-4.0.jar:/home/runner/.m2/repository/com/google/inject/extensions/guice-servlet/4.0/guice-servlet-4.0.jar:/home/runner/.m2/repository/org/glassfish/jersey/containers/jersey-container-servlet/2.34/jersey-container-servlet-2.34.jar:/home/runner/.m2/repository/org/glassfish/hk2/guice-bridge/2.5.0/guice-bridge-2.5.0.jar:/home/runner/.m2/repository/org/glassfish/jersey/core/jersey-server/2.34/jersey-server-2.34.jar:/home/runner/.m2/repository/org/glassfish/jersey/core/jersey-client/2.34/jersey-client-2.34.jar:/home/runner/.m2/repository/jakarta/annotation/jakarta.annotation-api/1.3.5/jakarta.annotation-api-1.3.5.jar:/home/runner/.m2/repository/jakarta/validation/jakarta.validation-api/2.0.2/jakarta.validation-api-2.0.2.jar:/home/runner/.m2/repository/org/glassfish/jersey/media/jersey-media-json-jackson/2.34/jersey-media-json-jackson-2.34.jar:/home/runner/.m2/repository/org/glassfish/jersey/ext/jersey-entity-filtering/2.34/jersey-entity-filtering-2.34.jar:/home/runner/.m2/repository/org/jooq/jooq/3.11.10/jooq-3.11.10.jar:/home/runner/.m2/repository/org/jooq/jooq-meta/3.11.10/jooq-meta-3.11.10.jar:/home/runner/.m2/repository/org/jooq/jooq-codegen/3.11.10/jooq-codegen-3.11.10.jar:/home/runner/.m2/repository/com/jolbox/bonecp/0.8.0.RELEASE/bonecp-0.8.0.RELEASE.jar:/home/runner/.m2/repository/org/apache/derby/derby/10.14.2.0/derby-10.14.2.0.jar:/home/runner/.m2/repository/org/xerial/sqlite-jdbc/3.25.2/sqlite-jdbc-3.25.2.jar:/home/runner/.m2/repository/org/springframework/spring-jdbc/5.3.23/spring-jdbc-5.3.23.jar:/home/runner/.m2/repository/org/springframework/spring-beans/5.3.23/spring-beans-5.3.23.jar:/home/runner/.m2/repository/org/springframework/spring-core/5.3.23/spring-core-5.3.23.jar:/home/runner/.m2/repository/org/springframework/spring-jcl/5.3.23/spring-jcl-5.3.23.jar:/home/runner/.m2/repository/org/springframework/spring-tx/5.3.23/spring-tx-5.3.23.jar:/home/runner/.m2/repository/org/apache/ozone/ozone-client/1.4.0-SNAPSHOT/ozone-client-1.4.0-SNAPSHOT.jar:/home/runner/.m2/repository/org/apache/ozone/hdds-erasurecode/1.4.0-SNAPSHOT/hdds-erasurecode-1.4.0-SNAPSHOT.jar:/home/runner/.m2/repository/org/apache/ozone/ozone-filesystem/1.4.0-SNAPSHOT/ozone-filesystem-1.4.0-SNAPSHOT.jar:/home/runner/.m2/repository/org/apache/ozone/ozone-filesystem-common/1.4.0-SNAPSHOT/ozone-filesystem-common-1.4.0-SNAPSHOT.jar:/home/runner/.m2/repository/org/apache/ozone/ozone-tools/1.4.0-SNAPSHOT/ozone-tools-1.4.0-SNAPSHOT.jar:/home/runner/.m2/repository/com/amazonaws/aws-java-sdk-core/1.12.261/aws-java-sdk-core-1.12.261.jar:/home/runner/.m2/repository/org/apache/httpcomponents/httpclient/4.5.13/httpclient-4.5.13.jar:/home/runner/.m2/repository/org/apache/httpcomponents/httpcore/4.4.13/httpcore-4.4.13.jar:/home/runner/.m2/repository/software/amazon/ion/ion-java/1.0.2/ion-java-1.0.2.jar:/home/runner/.m2/repository/com/fasterxml/jackson/dataformat/jackson-dataformat-cbor/2.13.4/jackson-dataformat-cbor-2.13.4.jar:/home/runner/.m2/repository/joda-time/joda-time/2.10.6/joda-time-2.10.6.jar:/home/runner/.m2/repository/com/amazonaws/aws-java-sdk-s3/1.12.261/aws-java-sdk-s3-1.12.261.jar:/home/runner/.m2/repository/com/amazonaws/aws-java-sdk-kms/1.12.261/aws-java-sdk-kms-1.12.261.jar:/home/runner/.m2/repository/com/amazonaws/jmespath-java/1.12.261/jmespath-java-1.12.261.jar:/home/runner/.m2/repository/org/kohsuke/metainf-services/metainf-services/1.8/metainf-services-1.8.jar:/home/runner/.m2/repository/org/apache/ozone/hdds-tools/1.4.0-SNAPSHOT/hdds-tools-1.4.0-SNAPSHOT.jar:/home/runner/.m2/repository/org/apache/ratis/ratis-tools/2.4.2-8b8bdda-SNAPSHOT/ratis-tools-2.4.2-8b8bdda-SNAPSHOT.jar:/home/runner/.m2/repository/commons-cli/commons-cli/1.2/commons-cli-1.2.jar:/home/runner/.m2/repository/org/apache/commons/commons-lang3/3.7/commons-lang3-3.7.jar:/home/runner/.m2/repository/org/apache/ozone/ozone-manager/1.4.0-SNAPSHOT/ozone-manager-1.4.0-SNAPSHOT-tests.jar:/home/runner/.m2/repository/org/apache/ozone/hdds-common/1.4.0-SNAPSHOT/hdds-common-1.4.0-SNAPSHOT-tests.jar:/home/runner/.m2/repository/org/apache/ozone/hdds-hadoop-dependency-client/1.4.0-SNAPSHOT/hdds-hadoop-dependency-client-1.4.0-SNAPSHOT.jar:/home/runner/.m2/repository/info/picocli/picocli/4.6.1/picocli-4.6.1.jar:/home/runner/.m2/repository/com/fasterxml/jackson/core/jackson-annotations/2.13.4/jackson-annotations-2.13.4.jar:/home/runner/.m2/repository/org/apache/ozone/hdds-annotation-processing/1.4.0-SNAPSHOT/hdds-annotation-processing-1.4.0-SNAPSHOT.jar:/home/runner/.m2/repository/javax/annotation/javax.annotation-api/1.2/javax.annotation-api-1.2.jar:/home/runner/.m2/repository/org/apache/ratis/ratis-netty/2.4.2-8b8bdda-SNAPSHOT/ratis-netty-2.4.2-8b8bdda-SNAPSHOT.jar:/home/runner/.m2/repository/org/apache/ratis/ratis-grpc/2.4.2-8b8bdda-SNAPSHOT/ratis-grpc-2.4.2-8b8bdda-SNAPSHOT.jar:/home/runner/.m2/repository/org/apache/logging/log4j/log4j-api/2.17.1/log4j-api-2.17.1.jar:/home/runner/.m2/repository/org/apache/commons/commons-pool2/2.6.0/commons-pool2-2.6.0.jar:/home/runner/.m2/repository/org/bouncycastle/bcpkix-jdk15on/1.67/bcpkix-jdk15on-1.67.jar:/home/runner/.m2/repository/commons-validator/commons-validator/1.6/commons-validator-1.6.jar:/home/runner/.m2/repository/commons-beanutils/commons-beanutils/1.9.4/commons-beanutils-1.9.4.jar:/home/runner/.m2/repository/commons-digester/commons-digester/1.8.1/commons-digester-1.8.1.jar:/home/runner/.m2/repository/commons-collections/commons-collections/3.2.2/commons-collections-3.2.2.jar:/home/runner/.m2/repository/io/jaegertracing/jaeger-client/1.6.0/jaeger-client-1.6.0.jar:/home/runner/.m2/repository/io/jaegertracing/jaeger-thrift/1.6.0/jaeger-thrift-1.6.0.jar:/home/runner/.m2/repository/org/apache/thrift/libthrift/0.14.1/libthrift-0.14.1.jar:/home/runner/.m2/repository/io/jaegertracing/jaeger-core/1.6.0/jaeger-core-1.6.0.jar:/home/runner/.m2/repository/io/jaegertracing/jaeger-tracerresolver/1.6.0/jaeger-tracerresolver-1.6.0.jar:/home/runner/.m2/repository/io/opentracing/contrib/opentracing-tracerresolver/0.1.8/opentracing-tracerresolver-0.1.8.jar:/home/runner/.m2/repository/org/jetbrains/kotlin/kotlin-stdlib/1.6.21/kotlin-stdlib-1.6.21.jar:/home/runner/.m2/repository/org/jetbrains/annotations/13.0/annotations-13.0.jar:/home/runner/.m2/repository/io/opentracing/opentracing-util/0.33.0/opentracing-util-0.33.0.jar:/home/runner/.m2/repository/io/opentracing/opentracing-api/0.33.0/opentracing-api-0.33.0.jar:/home/runner/.m2/repository/io/opentracing/opentracing-noop/0.33.0/opentracing-noop-0.33.0.jar:/home/runner/.m2/repository/org/yaml/snakeyaml/2.0/snakeyaml-2.0.jar:/home/runner/.m2/repository/junit/junit/4.13.1/junit-4.13.1.jar:/home/runner/.m2/repository/org/hamcrest/hamcrest-core/1.3/hamcrest-core-1.3.jar:/home/runner/.m2/repository/org/junit/jupiter/junit-jupiter-api/5.8.2/junit-jupiter-api-5.8.2.jar:/home/runner/.m2/repository/org/opentest4j/opentest4j/1.2.0/opentest4j-1.2.0.jar:/home/runner/.m2/repository/org/junit/platform/junit-platform-commons/1.8.2/junit-platform-commons-1.8.2.jar:/home/runner/.m2/repository/org/apiguardian/apiguardian-api/1.1.2/apiguardian-api-1.1.2.jar:/home/runner/.m2/repository/org/junit/jupiter/junit-jupiter-params/5.8.2/junit-jupiter-params-5.8.2.jar:/home/runner/.m2/repository/org/junit/jupiter/junit-jupiter-migrationsupport/5.8.2/junit-jupiter-migrationsupport-5.8.2.jar:/home/runner/.m2/repository/org/junit/jupiter/junit-jupiter-engine/5.8.2/junit-jupiter-engine-5.8.2.jar:/home/runner/.m2/repository/org/junit/platform/junit-platform-engine/1.8.2/junit-platform-engine-1.8.2.jar:/home/runner/.m2/repository/org/junit/vintage/junit-vintage-engine/5.8.2/junit-vintage-engine-5.8.2.jar:/home/runner/.m2/repository/org/junit/platform/junit-platform-launcher/1.8.2/junit-platform-launcher-1.8.2.jar:/home/runner/.m2/repository/org/mockito/mockito-core/2.28.2/mockito-core-2.28.2.jar:/home/runner/.m2/repository/net/bytebuddy/byte-buddy/1.9.10/byte-buddy-1.9.10.jar:/home/runner/.m2/repository/net/bytebuddy/byte-buddy-agent/1.9.10/byte-buddy-agent-1.9.10.jar:/home/runner/.m2/repository/org/objenesis/objenesis/1.0/objenesis-1.0.jar:/home/runner/.m2/repository/org/apache/hadoop/hadoop-kms/3.3.4/hadoop-kms-3.3.4.jar:/home/runner/.m2/repository/org/apache/hadoop/hadoop-auth/3.3.4/hadoop-auth-3.3.4.jar:/home/runner/.m2/repository/com/nimbusds/nimbus-jose-jwt/9.8.1/nimbus-jose-jwt-9.8.1.jar:/home/runner/.m2/repository/com/github/stephenc/jcip/jcip-annotations/1.0-1/jcip-annotations-1.0-1.jar:/home/runner/.m2/repository/net/minidev/json-smart/2.4.7/json-smart-2.4.7.jar:/home/runner/.m2/repository/net/minidev/accessors-smart/2.4.7/accessors-smart-2.4.7.jar:/home/runner/.m2/repository/org/ow2/asm/asm/5.0.4/asm-5.0.4.jar:/home/runner/.m2/repository/org/apache/zookeeper/zookeeper/3.5.6/zookeeper-3.5.6.jar:/home/runner/.m2/repository/org/apache/zookeeper/zookeeper-jute/3.5.6/zookeeper-jute-3.5.6.jar:/home/runner/.m2/repository/org/apache/yetus/audience-annotations/0.5.0/audience-annotations-0.5.0.jar:/home/runner/.m2/repository/org/apache/curator/curator-framework/4.2.0/curator-framework-4.2.0.jar:/home/runner/.m2/repository/org/apache/hadoop/thirdparty/hadoop-shaded-guava/1.1.1/hadoop-shaded-guava-1.1.1.jar:/home/runner/.m2/repository/com/sun/jersey/jersey-core/1.19/jersey-core-1.19.jar:/home/runner/.m2/repository/javax/ws/rs/jsr311-api/1.1.1/jsr311-api-1.1.1.jar:/home/runner/.m2/repository/com/sun/jersey/jersey-server/1.19/jersey-server-1.19.jar:/home/runner/.m2/repository/javax/servlet/javax.servlet-api/3.1.0/javax.servlet-api-3.1.0.jar:/home/runner/.m2/repository/org/apache/hadoop/hadoop-common/3.3.4/hadoop-common-3.3.4.jar:/home/runner/.m2/repository/org/apache/commons/commons-math3/3.1.1/commons-math3-3.1.1.jar:/home/runner/.m2/repository/commons-net/commons-net/3.9.0/commons-net-3.9.0.jar:/home/runner/.m2/repository/com/sun/jersey/jersey-servlet/1.19/jersey-servlet-1.19.jar:/home/runner/.m2/repository/com/sun/jersey/jersey-json/1.19/jersey-json-1.19.jar:/home/runner/.m2/repository/org/codehaus/jettison/jettison/1.1/jettison-1.1.jar:/home/runner/.m2/repository/com/sun/xml/bind/jaxb-impl/2.2.3-1/jaxb-impl-2.2.3-1.jar:/home/runner/.m2/repository/org/codehaus/jackson/jackson-jaxrs/1.9.2/jackson-jaxrs-1.9.2.jar:/home/runner/.m2/repository/org/codehaus/jackson/jackson-xc/1.9.2/jackson-xc-1.9.2.jar:/home/runner/.m2/repository/com/google/re2j/re2j/1.1/re2j-1.1.jar:/home/runner/.m2/repository/com/jcraft/jsch/0.1.54/jsch-0.1.54.jar:/home/runner/.m2/repository/org/apache/curator/curator-client/4.2.0/curator-client-4.2.0.jar:/home/runner/.m2/repository/org/apache/curator/curator-recipes/4.2.0/curator-recipes-4.2.0.jar:/home/runner/.m2/repository/org/apache/kerby/kerb-core/1.0.1/kerb-core-1.0.1.jar:/home/runner/.m2/repository/org/apache/kerby/kerby-pkix/1.0.1/kerby-pkix-1.0.1.jar:/home/runner/.m2/repository/org/apache/kerby/kerby-asn1/1.0.1/kerby-asn1-1.0.1.jar:/home/runner/.m2/repository/org/apache/kerby/kerby-util/1.0.1/kerby-util-1.0.1.jar:/home/runner/.m2/repository/dnsjava/dnsjava/2.1.7/dnsjava-2.1.7.jar:/home/runner/.m2/repository/org/xerial/snappy/snappy-java/1.1.8.2/snappy-java-1.1.8.2.jar:/home/runner/.m2/repository/com/fasterxml/jackson/core/jackson-databind/2.13.4.2/jackson-databind-2.13.4.2.jar:/home/runner/.m2/repository/org/apache/hadoop/hadoop-kms/3.3.4/hadoop-kms-3.3.4-tests.jar:/home/runner/.m2/repository/org/apache/ozone/hdds-server-scm/1.4.0-SNAPSHOT/hdds-server-scm-1.4.0-SNAPSHOT-tests.jar:/home/runner/.m2/repository/org/apache/ozone/hdds-container-service/1.4.0-SNAPSHOT/hdds-container-service-1.4.0-SNAPSHOT-tests.jar:/home/runner/.m2/repository/com/github/luben/zstd-jni/1.5.2-5/zstd-jni-1.5.2-5.jar:/home/runner/.m2/repository/commons-codec/commons-codec/1.15/commons-codec-1.15.jar:/home/runner/.m2/repository/io/netty/netty-codec/4.1.86.Final/netty-codec-4.1.86.Final.jar:/home/runner/.m2/repository/io/netty/netty-handler/4.1.86.Final/netty-handler-4.1.86.Final.jar:/home/runner/.m2/repository/org/apache/ozone/hdds-hadoop-dependency-test/1.4.0-SNAPSHOT/hdds-hadoop-dependency-test-1.4.0-SNAPSHOT.jar:/home/runner/.m2/repository/org/apache/hadoop/hadoop-common/3.3.4/hadoop-common-3.3.4-tests.jar:/home/runner/.m2/repository/org/apache/hadoop/hadoop-hdfs/3.3.4/hadoop-hdfs-3.3.4-tests.jar:/home/runner/.m2/repository/org/assertj/assertj-core/3.12.2/assertj-core-3.12.2.jar:/home/runner/.m2/repository/org/apache/hadoop/hadoop-distcp/3.3.4/hadoop-distcp-3.3.4.jar:/home/runner/.m2/repository/org/apache/hadoop/hadoop-mapreduce-client-jobclient/3.3.4/hadoop-mapreduce-client-jobclient-3.3.4.jar:/home/runner/.m2/repository/org/apache/hadoop/hadoop-mapreduce-client-common/3.3.4/hadoop-mapreduce-client-common-3.3.4.jar:/home/runner/.m2/repository/org/apache/hadoop/hadoop-yarn-common/3.3.4/hadoop-yarn-common-3.3.4.jar:/home/runner/.m2/repository/org/apache/hadoop/hadoop-yarn-api/3.3.4/hadoop-yarn-api-3.3.4.jar:/home/runner/.m2/repository/com/sun/jersey/contribs/jersey-guice/1.19/jersey-guice-1.19.jar:/home/runner/.m2/repository/com/fasterxml/jackson/jaxrs/jackson-jaxrs-json-provider/2.13.4/jackson-jaxrs-json-provider-2.13.4.jar:/home/runner/.m2/repository/com/fasterxml/jackson/jaxrs/jackson-jaxrs-base/2.13.4/jackson-jaxrs-base-2.13.4.jar:/home/runner/.m2/repository/org/apache/hadoop/hadoop-yarn-client/3.3.4/hadoop-yarn-client-3.3.4.jar:/home/runner/.m2/repository/org/eclipse/jetty/websocket/websocket-client/9.4.43.v20210629/websocket-client-9.4.43.v20210629.jar:/home/runner/.m2/repository/org/eclipse/jetty/websocket/websocket-common/9.4.43.v20210629/websocket-common-9.4.43.v20210629.jar:/home/runner/.m2/repository/org/eclipse/jetty/websocket/websocket-api/9.4.43.v20210629/websocket-api-9.4.43.v20210629.jar:/home/runner/.m2/repository/org/jline/jline/3.9.0/jline-3.9.0.jar:/home/runner/.m2/repository/org/apache/hadoop/hadoop-mapreduce-client-core/3.3.4/hadoop-mapreduce-client-core-3.3.4.jar:/home/runner/.m2/repository/org/apache/avro/avro/1.7.7/avro-1.7.7.jar:/home/runner/.m2/repository/org/codehaus/jackson/jackson-core-asl/1.9.13/jackson-core-asl-1.9.13.jar:/home/runner/.m2/repository/org/codehaus/jackson/jackson-mapper-asl/1.9.13/jackson-mapper-asl-1.9.13.jar:/home/runner/.m2/repository/com/thoughtworks/paranamer/paranamer/2.3/paranamer-2.3.jar:/home/runner/.m2/repository/org/apache/hadoop/hadoop-annotations/3.3.4/hadoop-annotations-3.3.4.jar:/usr/lib/jvm/temurin-8-jdk-amd64/jre/../lib/tools.jar:/home/runner/.m2/repository/io/netty/netty/3.10.6.Final/netty-3.10.6.Final.jar:/home/runner/.m2/repository/org/apache/hadoop/hadoop-distcp/3.3.4/hadoop-distcp-3.3.4-tests.jar:/home/runner/.m2/repository/org/slf4j/jul-to-slf4j/1.7.36/jul-to-slf4j-1.7.36.jar:"/>
    <property name="java.vm.vendor" value="Temurin"/>
    <property name="sun.arch.data.model" value="64"/>
    <property name="test.build.dir" value="/home/runner/work/ozone/ozone/hadoop-ozone/integration-test/target/test-dir"/>
    <property name="test.cache.data" value=""/>
    <property name="java.vendor.url" value="https://adoptium.net/"/>
    <property name="user.timezone" value="Etc/UTC"/>
    <property name="java.vm.specification.version" value="1.8"/>
    <property name="os.name" value="Linux"/>
    <property name="test.build.data" value="/home/runner/work/ozone/ozone/hadoop-ozone/integration-test/target/test-dir"/>
    <property name="sun.java.launcher" value="SUN_STANDARD"/>
    <property name="sun.boot.library.path" value="/usr/lib/jvm/temurin-8-jdk-amd64/jre/lib/amd64"/>
    <property name="sun.java.command" value="/home/runner/work/ozone/ozone/hadoop-ozone/integration-test/target/surefire/surefirebooter8187538762961112723.jar /home/runner/work/ozone/ozone/hadoop-ozone/integration-test/target/surefire 2023-03-15T06-50-56_205-jvmRun1 surefire2867383569967235237tmp surefire_31903045888824029131tmp"/>
    <property name="surefire.test.class.path" value="/home/runner/work/ozone/ozone/hadoop-ozone/integration-test/target/test-classes:/home/runner/work/ozone/ozone/hadoop-ozone/integration-test/target/classes:/home/runner/.m2/repository/org/apache/ozone/ozone-common/1.4.0-SNAPSHOT/ozone-common-1.4.0-SNAPSHOT.jar:/home/runner/.m2/repository/io/grpc/grpc-netty/1.51.1/grpc-netty-1.51.1.jar:/home/runner/.m2/repository/io/grpc/grpc-core/1.51.1/grpc-core-1.51.1.jar:/home/runner/.m2/repository/com/google/android/annotations/4.1.1.4/annotations-4.1.1.4.jar:/home/runner/.m2/repository/org/codehaus/mojo/animal-sniffer-annotations/1.21/animal-sniffer-annotations-1.21.jar:/home/runner/.m2/repository/com/google/errorprone/error_prone_annotations/2.2.0/error_prone_annotations-2.2.0.jar:/home/runner/.m2/repository/io/perfmark/perfmark-api/0.25.0/perfmark-api-0.25.0.jar:/home/runner/.m2/repository/io/netty/netty-codec-http2/4.1.86.Final/netty-codec-http2-4.1.86.Final.jar:/home/runner/.m2/repository/io/netty/netty-common/4.1.86.Final/netty-common-4.1.86.Final.jar:/home/runner/.m2/repository/io/netty/netty-buffer/4.1.86.Final/netty-buffer-4.1.86.Final.jar:/home/runner/.m2/repository/io/netty/netty-codec-http/4.1.86.Final/netty-codec-http-4.1.86.Final.jar:/home/runner/.m2/repository/io/netty/netty-handler-proxy/4.1.86.Final/netty-handler-proxy-4.1.86.Final.jar:/home/runner/.m2/repository/io/netty/netty-codec-socks/4.1.86.Final/netty-codec-socks-4.1.86.Final.jar:/home/runner/.m2/repository/io/netty/netty-tcnative-boringssl-static/2.0.54.Final/netty-tcnative-boringssl-static-2.0.54.Final.jar:/home/runner/.m2/repository/io/netty/netty-tcnative-classes/2.0.54.Final/netty-tcnative-classes-2.0.54.Final.jar:/home/runner/.m2/repository/io/netty/netty-tcnative-boringssl-static/2.0.54.Final/netty-tcnative-boringssl-static-2.0.54.Final-linux-x86_64.jar:/home/runner/.m2/repository/io/netty/netty-tcnative-boringssl-static/2.0.54.Final/netty-tcnative-boringssl-static-2.0.54.Final-linux-aarch_64.jar:/home/runner/.m2/repository/io/netty/netty-tcnative-boringssl-static/2.0.54.Final/netty-tcnative-boringssl-static-2.0.54.Final-osx-x86_64.jar:/home/runner/.m2/repository/io/netty/netty-tcnative-boringssl-static/2.0.54.Final/netty-tcnative-boringssl-static-2.0.54.Final-osx-aarch_64.jar:/home/runner/.m2/repository/io/netty/netty-tcnative-boringssl-static/2.0.54.Final/netty-tcnative-boringssl-static-2.0.54.Final-windows-x86_64.jar:/home/runner/.m2/repository/org/apache/commons/commons-compress/1.21/commons-compress-1.21.jar:/home/runner/.m2/repository/org/apache/ozone/hdds-common/1.4.0-SNAPSHOT/hdds-common-1.4.0-SNAPSHOT.jar:/home/runner/.m2/repository/org/apache/ozone/hdds-client/1.4.0-SNAPSHOT/hdds-client-1.4.0-SNAPSHOT.jar:/home/runner/.m2/repository/org/apache/ozone/ozone-interface-client/1.4.0-SNAPSHOT/ozone-interface-client-1.4.0-SNAPSHOT.jar:/home/runner/.m2/repository/org/apache/ozone/hdds-test-utils/1.4.0-SNAPSHOT/hdds-test-utils-1.4.0-SNAPSHOT.jar:/home/runner/.m2/repository/com/google/guava/guava/31.1-jre/guava-31.1-jre.jar:/home/runner/.m2/repository/com/google/guava/failureaccess/1.0.1/failureaccess-1.0.1.jar:/home/runner/.m2/repository/com/google/guava/listenablefuture/9999.0-empty-to-avoid-conflict-with-guava/listenablefuture-9999.0-empty-to-avoid-conflict-with-guava.jar:/home/runner/.m2/repository/com/google/code/findbugs/jsr305/3.0.0/jsr305-3.0.0.jar:/home/runner/.m2/repository/org/checkerframework/checker-qual/3.12.0/checker-qual-3.12.0.jar:/home/runner/.m2/repository/com/google/j2objc/j2objc-annotations/1.3/j2objc-annotations-1.3.jar:/home/runner/.m2/repository/commons-io/commons-io/2.11.0/commons-io-2.11.0.jar:/home/runner/.m2/repository/commons-logging/commons-logging/1.2/commons-logging-1.2.jar:/home/runner/.m2/repository/ch/qos/reload4j/reload4j/1.2.22/reload4j-1.2.22.jar:/home/runner/.m2/repository/org/slf4j/slf4j-api/1.7.36/slf4j-api-1.7.36.jar:/home/runner/.m2/repository/org/apache/ozone/hdds-server-scm/1.4.0-SNAPSHOT/hdds-server-scm-1.4.0-SNAPSHOT.jar:/home/runner/.m2/repository/org/apache/ozone/hdds-container-service/1.4.0-SNAPSHOT/hdds-container-service-1.4.0-SNAPSHOT.jar:/home/runner/.m2/repository/org/apache/ozone/hdds-hadoop-dependency-server/1.4.0-SNAPSHOT/hdds-hadoop-dependency-server-1.4.0-SNAPSHOT.jar:/home/runner/.m2/repository/org/apache/hadoop/hadoop-hdfs/3.3.4/hadoop-hdfs-3.3.4.jar:/home/runner/.m2/repository/commons-daemon/commons-daemon/1.0.13/commons-daemon-1.0.13.jar:/home/runner/.m2/repository/org/apache/ozone/hdds-server-framework/1.4.0-SNAPSHOT/hdds-server-framework-1.4.0-SNAPSHOT.jar:/home/runner/.m2/repository/io/dropwizard/metrics/metrics-core/3.2.4/metrics-core-3.2.4.jar:/home/runner/.m2/repository/org/apache/commons/commons-text/1.4/commons-text-1.4.jar:/home/runner/.m2/repository/org/apache/hadoop/hadoop-hdfs-client/3.3.4/hadoop-hdfs-client-3.3.4.jar:/home/runner/.m2/repository/com/squareup/okhttp3/okhttp/4.9.3/okhttp-4.9.3.jar:/home/runner/.m2/repository/com/squareup/okio/okio/2.8.0/okio-2.8.0.jar:/home/runner/.m2/repository/org/jetbrains/kotlin/kotlin-stdlib-common/1.6.21/kotlin-stdlib-common-1.6.21.jar:/home/runner/.m2/repository/org/bouncycastle/bcprov-jdk15on/1.67/bcprov-jdk15on-1.67.jar:/home/runner/.m2/repository/com/google/protobuf/protobuf-java/2.5.0/protobuf-java-2.5.0.jar:/home/runner/.m2/repository/org/apache/ozone/hdds-server-framework/1.4.0-SNAPSHOT/hdds-server-framework-1.4.0-SNAPSHOT-tests.jar:/home/runner/.m2/repository/org/apache/ozone/hdds-interface-server/1.4.0-SNAPSHOT/hdds-interface-server-1.4.0-SNAPSHOT.jar:/home/runner/.m2/repository/org/apache/ozone/hdds-interface-admin/1.4.0-SNAPSHOT/hdds-interface-admin-1.4.0-SNAPSHOT.jar:/home/runner/.m2/repository/org/apache/ozone/hdds-managed-rocksdb/1.4.0-SNAPSHOT/hdds-managed-rocksdb-1.4.0-SNAPSHOT.jar:/home/runner/.m2/repository/org/rocksdb/rocksdbjni/7.7.3/rocksdbjni-7.7.3.jar:/home/runner/.m2/repository/org/slf4j/slf4j-reload4j/1.7.36/slf4j-reload4j-1.7.36.jar:/home/runner/.m2/repository/org/apache/commons/commons-configuration2/2.1.1/commons-configuration2-2.1.1.jar:/home/runner/.m2/repository/org/apache/logging/log4j/log4j-core/2.17.1/log4j-core-2.17.1.jar:/home/runner/.m2/repository/com/lmax/disruptor/3.4.2/disruptor-3.4.2.jar:/home/runner/.m2/repository/org/eclipse/jetty/jetty-util/9.4.49.v20220914/jetty-util-9.4.49.v20220914.jar:/home/runner/.m2/repository/org/eclipse/jetty/jetty-server/9.4.49.v20220914/jetty-server-9.4.49.v20220914.jar:/home/runner/.m2/repository/org/eclipse/jetty/jetty-http/9.4.49.v20220914/jetty-http-9.4.49.v20220914.jar:/home/runner/.m2/repository/org/eclipse/jetty/jetty-io/9.4.49.v20220914/jetty-io-9.4.49.v20220914.jar:/home/runner/.m2/repository/org/eclipse/jetty/jetty-servlet/9.4.49.v20220914/jetty-servlet-9.4.49.v20220914.jar:/home/runner/.m2/repository/org/eclipse/jetty/jetty-security/9.4.49.v20220914/jetty-security-9.4.49.v20220914.jar:/home/runner/.m2/repository/org/eclipse/jetty/jetty-util-ajax/9.4.49.v20220914/jetty-util-ajax-9.4.49.v20220914.jar:/home/runner/.m2/repository/org/eclipse/jetty/jetty-webapp/9.4.49.v20220914/jetty-webapp-9.4.49.v20220914.jar:/home/runner/.m2/repository/org/eclipse/jetty/jetty-xml/9.4.49.v20220914/jetty-xml-9.4.49.v20220914.jar:/home/runner/.m2/repository/org/apache/ratis/ratis-server/2.4.2-8b8bdda-SNAPSHOT/ratis-server-2.4.2-8b8bdda-SNAPSHOT.jar:/home/runner/.m2/repository/org/apache/ratis/ratis-thirdparty-misc/1.0.3/ratis-thirdparty-misc-1.0.3.jar:/home/runner/.m2/repository/org/apache/ratis/ratis-proto/2.4.2-8b8bdda-SNAPSHOT/ratis-proto-2.4.2-8b8bdda-SNAPSHOT.jar:/home/runner/.m2/repository/org/apache/ratis/ratis-common/2.4.2-8b8bdda-SNAPSHOT/ratis-common-2.4.2-8b8bdda-SNAPSHOT.jar:/home/runner/.m2/repository/org/apache/ratis/ratis-client/2.4.2-8b8bdda-SNAPSHOT/ratis-client-2.4.2-8b8bdda-SNAPSHOT.jar:/home/runner/.m2/repository/org/apache/ratis/ratis-server-api/2.4.2-8b8bdda-SNAPSHOT/ratis-server-api-2.4.2-8b8bdda-SNAPSHOT.jar:/home/runner/.m2/repository/org/apache/ratis/ratis-metrics/2.4.2-8b8bdda-SNAPSHOT/ratis-metrics-2.4.2-8b8bdda-SNAPSHOT.jar:/home/runner/.m2/repository/io/prometheus/simpleclient_dropwizard/0.7.0/simpleclient_dropwizard-0.7.0.jar:/home/runner/.m2/repository/io/prometheus/simpleclient/0.7.0/simpleclient-0.7.0.jar:/home/runner/.m2/repository/io/prometheus/simpleclient_common/0.7.0/simpleclient_common-0.7.0.jar:/home/runner/.m2/repository/com/fasterxml/jackson/datatype/jackson-datatype-jsr310/2.13.4/jackson-datatype-jsr310-2.13.4.jar:/home/runner/.m2/repository/com/fasterxml/jackson/core/jackson-core/2.13.4/jackson-core-2.13.4.jar:/home/runner/.m2/repository/com/github/spotbugs/spotbugs-annotations/3.1.12/spotbugs-annotations-3.1.12.jar:/home/runner/.m2/repository/org/apache/ozone/rocksdb-checkpoint-differ/1.4.0-SNAPSHOT/rocksdb-checkpoint-differ-1.4.0-SNAPSHOT.jar:/home/runner/.m2/repository/org/awaitility/awaitility/4.2.0/awaitility-4.2.0.jar:/home/runner/.m2/repository/org/hamcrest/hamcrest/2.1/hamcrest-2.1.jar:/home/runner/.m2/repository/org/apache/ozone/ozone-manager/1.4.0-SNAPSHOT/ozone-manager-1.4.0-SNAPSHOT.jar:/home/runner/.m2/repository/org/aspectj/aspectjrt/1.9.7/aspectjrt-1.9.7.jar:/home/runner/.m2/repository/org/aspectj/aspectjweaver/1.9.7/aspectjweaver-1.9.7.jar:/home/runner/.m2/repository/org/apache/ozone/hdds-interface-client/1.4.0-SNAPSHOT/hdds-interface-client-1.4.0-SNAPSHOT.jar:/home/runner/.m2/repository/org/apache/hadoop/thirdparty/hadoop-shaded-protobuf_3_7/1.1.1/hadoop-shaded-protobuf_3_7-1.1.1.jar:/home/runner/.m2/repository/org/apache/ozone/ozone-interface-storage/1.4.0-SNAPSHOT/ozone-interface-storage-1.4.0-SNAPSHOT.jar:/home/runner/.m2/repository/org/reflections/reflections/0.9.11/reflections-0.9.11.jar:/home/runner/.m2/repository/com/sun/jersey/jersey-client/1.19/jersey-client-1.19.jar:/home/runner/.m2/repository/org/apache/ranger/ranger-intg/2.3.0/ranger-intg-2.3.0.jar:/home/runner/.m2/repository/org/apache/ranger/ranger-plugins-common/2.3.0/ranger-plugins-common-2.3.0.jar:/home/runner/.m2/repository/commons-lang/commons-lang/2.6/commons-lang-2.6.jar:/home/runner/.m2/repository/org/apache/ranger/ranger-plugins-cred/2.3.0/ranger-plugins-cred-2.3.0.jar:/home/runner/.m2/repository/org/apache/ranger/ranger-plugins-audit/2.3.0/ranger-plugins-audit-2.3.0.jar:/home/runner/.m2/repository/org/eclipse/jetty/jetty-client/9.4.49.v20220914/jetty-client-9.4.49.v20220914.jar:/home/runner/.m2/repository/org/apache/httpcomponents/httpmime/4.5.6/httpmime-4.5.6.jar:/home/runner/.m2/repository/org/apache/httpcomponents/httpcore-nio/4.4.13/httpcore-nio-4.4.13.jar:/home/runner/.m2/repository/org/apache/httpcomponents/httpasyncclient/4.1.3/httpasyncclient-4.1.3.jar:/home/runner/.m2/repository/com/carrotsearch/hppc/0.8.0/hppc-0.8.0.jar:/home/runner/.m2/repository/org/apache/orc/orc-core/1.5.8/orc-core-1.5.8.jar:/home/runner/.m2/repository/net/java/dev/jna/jna/5.2.0/jna-5.2.0.jar:/home/runner/.m2/repository/net/java/dev/jna/jna-platform/5.2.0/jna-platform-5.2.0.jar:/home/runner/.m2/repository/com/kstruct/gethostname4j/0.0.2/gethostname4j-0.0.2.jar:/home/runner/.m2/repository/org/apache/ranger/ranger-plugin-classloader/2.3.0/ranger-plugin-classloader-2.3.0.jar:/home/runner/.m2/repository/org/apache/hadoop/hadoop-minikdc/3.3.4/hadoop-minikdc-3.3.4.jar:/home/runner/.m2/repository/org/apache/kerby/kerb-simplekdc/1.0.1/kerb-simplekdc-1.0.1.jar:/home/runner/.m2/repository/org/apache/kerby/kerb-client/1.0.1/kerb-client-1.0.1.jar:/home/runner/.m2/repository/org/apache/kerby/kerby-config/1.0.1/kerby-config-1.0.1.jar:/home/runner/.m2/repository/org/apache/kerby/kerb-common/1.0.1/kerb-common-1.0.1.jar:/home/runner/.m2/repository/org/apache/kerby/kerb-crypto/1.0.1/kerb-crypto-1.0.1.jar:/home/runner/.m2/repository/org/apache/kerby/kerb-util/1.0.1/kerb-util-1.0.1.jar:/home/runner/.m2/repository/org/apache/kerby/token-provider/1.0.1/token-provider-1.0.1.jar:/home/runner/.m2/repository/org/apache/kerby/kerb-admin/1.0.1/kerb-admin-1.0.1.jar:/home/runner/.m2/repository/org/apache/kerby/kerb-server/1.0.1/kerb-server-1.0.1.jar:/home/runner/.m2/repository/org/apache/kerby/kerb-identity/1.0.1/kerb-identity-1.0.1.jar:/home/runner/.m2/repository/org/apache/kerby/kerby-xdr/1.0.1/kerby-xdr-1.0.1.jar:/home/runner/.m2/repository/org/apache/ozone/ozone-s3gateway/1.4.0-SNAPSHOT/ozone-s3gateway-1.4.0-SNAPSHOT.jar:/home/runner/.m2/repository/org/javassist/javassist/3.21.0-GA/javassist-3.21.0-GA.jar:/home/runner/.m2/repository/org/jboss/weld/servlet/weld-servlet-shaded/3.1.9.Final/weld-servlet-shaded-3.1.9.Final.jar:/home/runner/.m2/repository/org/glassfish/jersey/containers/jersey-container-servlet-core/2.34/jersey-container-servlet-core-2.34.jar:/home/runner/.m2/repository/org/glassfish/hk2/external/jakarta.inject/2.6.1/jakarta.inject-2.6.1.jar:/home/runner/.m2/repository/org/glassfish/jersey/core/jersey-common/2.34/jersey-common-2.34.jar:/home/runner/.m2/repository/jakarta/ws/rs/jakarta.ws.rs-api/2.1.6/jakarta.ws.rs-api-2.1.6.jar:/home/runner/.m2/repository/org/glassfish/jersey/ext/cdi/jersey-cdi1x/2.34/jersey-cdi1x-2.34.jar:/home/runner/.m2/repository/org/glassfish/jersey/inject/jersey-hk2/2.34/jersey-hk2-2.34.jar:/home/runner/.m2/repository/org/glassfish/hk2/hk2-locator/2.6.1/hk2-locator-2.6.1.jar:/home/runner/.m2/repository/org/glassfish/jersey/media/jersey-media-jaxb/2.34/jersey-media-jaxb-2.34.jar:/home/runner/.m2/repository/org/glassfish/hk2/osgi-resource-locator/1.0.3/osgi-resource-locator-1.0.3.jar:/home/runner/.m2/repository/org/glassfish/hk2/hk2-api/2.5.0/hk2-api-2.5.0.jar:/home/runner/.m2/repository/org/glassfish/hk2/hk2-utils/2.5.0/hk2-utils-2.5.0.jar:/home/runner/.m2/repository/org/glassfish/hk2/external/aopalliance-repackaged/2.5.0/aopalliance-repackaged-2.5.0.jar:/home/runner/.m2/repository/com/fasterxml/jackson/dataformat/jackson-dataformat-xml/2.13.4/jackson-dataformat-xml-2.13.4.jar:/home/runner/.m2/repository/org/codehaus/woodstox/stax2-api/4.2.1/stax2-api-4.2.1.jar:/home/runner/.m2/repository/com/fasterxml/woodstox/woodstox-core/5.4.0/woodstox-core-5.4.0.jar:/home/runner/.m2/repository/com/fasterxml/jackson/module/jackson-module-jaxb-annotations/2.13.4/jackson-module-jaxb-annotations-2.13.4.jar:/home/runner/.m2/repository/jakarta/xml/bind/jakarta.xml.bind-api/2.3.3/jakarta.xml.bind-api-2.3.3.jar:/home/runner/.m2/repository/jakarta/activation/jakarta.activation-api/1.2.2/jakarta.activation-api-1.2.2.jar:/home/runner/.m2/repository/javax/enterprise/cdi-api/2.0/cdi-api-2.0.jar:/home/runner/.m2/repository/javax/el/javax.el-api/3.0.0/javax.el-api-3.0.0.jar:/home/runner/.m2/repository/javax/interceptor/javax.interceptor-api/1.2/javax.interceptor-api-1.2.jar:/home/runner/.m2/repository/javax/inject/javax.inject/1/javax.inject-1.jar:/home/runner/.m2/repository/javax/xml/bind/jaxb-api/2.3.0/jaxb-api-2.3.0.jar:/home/runner/.m2/repository/org/glassfish/jaxb/jaxb-runtime/2.3.0.1/jaxb-runtime-2.3.0.1.jar:/home/runner/.m2/repository/org/glassfish/jaxb/jaxb-core/2.3.0.1/jaxb-core-2.3.0.1.jar:/home/runner/.m2/repository/org/glassfish/jaxb/txw2/2.3.0.1/txw2-2.3.0.1.jar:/home/runner/.m2/repository/com/sun/istack/istack-commons-runtime/3.0.5/istack-commons-runtime-3.0.5.jar:/home/runner/.m2/repository/org/jvnet/staxex/stax-ex/1.7.8/stax-ex-1.7.8.jar:/home/runner/.m2/repository/com/sun/xml/fastinfoset/FastInfoset/1.2.13/FastInfoset-1.2.13.jar:/home/runner/.m2/repository/javax/activation/activation/1.1.1/activation-1.1.1.jar:/home/runner/.m2/repository/io/grpc/grpc-protobuf/1.51.1/grpc-protobuf-1.51.1.jar:/home/runner/.m2/repository/io/grpc/grpc-api/1.51.1/grpc-api-1.51.1.jar:/home/runner/.m2/repository/io/grpc/grpc-context/1.51.1/grpc-context-1.51.1.jar:/home/runner/.m2/repository/com/google/api/grpc/proto-google-common-protos/2.9.0/proto-google-common-protos-2.9.0.jar:/home/runner/.m2/repository/io/grpc/grpc-protobuf-lite/1.51.1/grpc-protobuf-lite-1.51.1.jar:/home/runner/.m2/repository/io/grpc/grpc-stub/1.51.1/grpc-stub-1.51.1.jar:/home/runner/.m2/repository/io/netty/netty-transport/4.1.86.Final/netty-transport-4.1.86.Final.jar:/home/runner/.m2/repository/io/netty/netty-resolver/4.1.86.Final/netty-resolver-4.1.86.Final.jar:/home/runner/.m2/repository/org/apache/ozone/ozone-csi/1.4.0-SNAPSHOT/ozone-csi-1.4.0-SNAPSHOT.jar:/home/runner/.m2/repository/com/google/protobuf/protobuf-java-util/3.19.6/protobuf-java-util-3.19.6.jar:/home/runner/.m2/repository/com/google/code/gson/gson/2.9.0/gson-2.9.0.jar:/home/runner/.m2/repository/org/apache/ozone/hdds-config/1.4.0-SNAPSHOT/hdds-config-1.4.0-SNAPSHOT.jar:/home/runner/.m2/repository/io/netty/netty-transport-native-epoll/4.1.86.Final/netty-transport-native-epoll-4.1.86.Final-linux-x86_64.jar:/home/runner/.m2/repository/io/netty/netty-transport-classes-epoll/4.1.86.Final/netty-transport-classes-epoll-4.1.86.Final.jar:/home/runner/.m2/repository/io/netty/netty-transport-native-unix-common/4.1.86.Final/netty-transport-native-unix-common-4.1.86.Final.jar:/home/runner/.m2/repository/org/apache/ozone/ozone-recon/1.4.0-SNAPSHOT/ozone-recon-1.4.0-SNAPSHOT.jar:/home/runner/.m2/repository/org/apache/ozone/ozone-reconcodegen/1.4.0-SNAPSHOT/ozone-reconcodegen-1.4.0-SNAPSHOT.jar:/home/runner/.m2/repository/com/google/inject/extensions/guice-multibindings/4.0/guice-multibindings-4.0.jar:/home/runner/.m2/repository/com/google/inject/guice/4.0/guice-4.0.jar:/home/runner/.m2/repository/aopalliance/aopalliance/1.0/aopalliance-1.0.jar:/home/runner/.m2/repository/com/google/inject/extensions/guice-assistedinject/4.0/guice-assistedinject-4.0.jar:/home/runner/.m2/repository/com/google/inject/extensions/guice-servlet/4.0/guice-servlet-4.0.jar:/home/runner/.m2/repository/org/glassfish/jersey/containers/jersey-container-servlet/2.34/jersey-container-servlet-2.34.jar:/home/runner/.m2/repository/org/glassfish/hk2/guice-bridge/2.5.0/guice-bridge-2.5.0.jar:/home/runner/.m2/repository/org/glassfish/jersey/core/jersey-server/2.34/jersey-server-2.34.jar:/home/runner/.m2/repository/org/glassfish/jersey/core/jersey-client/2.34/jersey-client-2.34.jar:/home/runner/.m2/repository/jakarta/annotation/jakarta.annotation-api/1.3.5/jakarta.annotation-api-1.3.5.jar:/home/runner/.m2/repository/jakarta/validation/jakarta.validation-api/2.0.2/jakarta.validation-api-2.0.2.jar:/home/runner/.m2/repository/org/glassfish/jersey/media/jersey-media-json-jackson/2.34/jersey-media-json-jackson-2.34.jar:/home/runner/.m2/repository/org/glassfish/jersey/ext/jersey-entity-filtering/2.34/jersey-entity-filtering-2.34.jar:/home/runner/.m2/repository/org/jooq/jooq/3.11.10/jooq-3.11.10.jar:/home/runner/.m2/repository/org/jooq/jooq-meta/3.11.10/jooq-meta-3.11.10.jar:/home/runner/.m2/repository/org/jooq/jooq-codegen/3.11.10/jooq-codegen-3.11.10.jar:/home/runner/.m2/repository/com/jolbox/bonecp/0.8.0.RELEASE/bonecp-0.8.0.RELEASE.jar:/home/runner/.m2/repository/org/apache/derby/derby/10.14.2.0/derby-10.14.2.0.jar:/home/runner/.m2/repository/org/xerial/sqlite-jdbc/3.25.2/sqlite-jdbc-3.25.2.jar:/home/runner/.m2/repository/org/springframework/spring-jdbc/5.3.23/spring-jdbc-5.3.23.jar:/home/runner/.m2/repository/org/springframework/spring-beans/5.3.23/spring-beans-5.3.23.jar:/home/runner/.m2/repository/org/springframework/spring-core/5.3.23/spring-core-5.3.23.jar:/home/runner/.m2/repository/org/springframework/spring-jcl/5.3.23/spring-jcl-5.3.23.jar:/home/runner/.m2/repository/org/springframework/spring-tx/5.3.23/spring-tx-5.3.23.jar:/home/runner/.m2/repository/org/apache/ozone/ozone-client/1.4.0-SNAPSHOT/ozone-client-1.4.0-SNAPSHOT.jar:/home/runner/.m2/repository/org/apache/ozone/hdds-erasurecode/1.4.0-SNAPSHOT/hdds-erasurecode-1.4.0-SNAPSHOT.jar:/home/runner/.m2/repository/org/apache/ozone/ozone-filesystem/1.4.0-SNAPSHOT/ozone-filesystem-1.4.0-SNAPSHOT.jar:/home/runner/.m2/repository/org/apache/ozone/ozone-filesystem-common/1.4.0-SNAPSHOT/ozone-filesystem-common-1.4.0-SNAPSHOT.jar:/home/runner/.m2/repository/org/apache/ozone/ozone-tools/1.4.0-SNAPSHOT/ozone-tools-1.4.0-SNAPSHOT.jar:/home/runner/.m2/repository/com/amazonaws/aws-java-sdk-core/1.12.261/aws-java-sdk-core-1.12.261.jar:/home/runner/.m2/repository/org/apache/httpcomponents/httpclient/4.5.13/httpclient-4.5.13.jar:/home/runner/.m2/repository/org/apache/httpcomponents/httpcore/4.4.13/httpcore-4.4.13.jar:/home/runner/.m2/repository/software/amazon/ion/ion-java/1.0.2/ion-java-1.0.2.jar:/home/runner/.m2/repository/com/fasterxml/jackson/dataformat/jackson-dataformat-cbor/2.13.4/jackson-dataformat-cbor-2.13.4.jar:/home/runner/.m2/repository/joda-time/joda-time/2.10.6/joda-time-2.10.6.jar:/home/runner/.m2/repository/com/amazonaws/aws-java-sdk-s3/1.12.261/aws-java-sdk-s3-1.12.261.jar:/home/runner/.m2/repository/com/amazonaws/aws-java-sdk-kms/1.12.261/aws-java-sdk-kms-1.12.261.jar:/home/runner/.m2/repository/com/amazonaws/jmespath-java/1.12.261/jmespath-java-1.12.261.jar:/home/runner/.m2/repository/org/kohsuke/metainf-services/metainf-services/1.8/metainf-services-1.8.jar:/home/runner/.m2/repository/org/apache/ozone/hdds-tools/1.4.0-SNAPSHOT/hdds-tools-1.4.0-SNAPSHOT.jar:/home/runner/.m2/repository/org/apache/ratis/ratis-tools/2.4.2-8b8bdda-SNAPSHOT/ratis-tools-2.4.2-8b8bdda-SNAPSHOT.jar:/home/runner/.m2/repository/commons-cli/commons-cli/1.2/commons-cli-1.2.jar:/home/runner/.m2/repository/org/apache/commons/commons-lang3/3.7/commons-lang3-3.7.jar:/home/runner/.m2/repository/org/apache/ozone/ozone-manager/1.4.0-SNAPSHOT/ozone-manager-1.4.0-SNAPSHOT-tests.jar:/home/runner/.m2/repository/org/apache/ozone/hdds-common/1.4.0-SNAPSHOT/hdds-common-1.4.0-SNAPSHOT-tests.jar:/home/runner/.m2/repository/org/apache/ozone/hdds-hadoop-dependency-client/1.4.0-SNAPSHOT/hdds-hadoop-dependency-client-1.4.0-SNAPSHOT.jar:/home/runner/.m2/repository/info/picocli/picocli/4.6.1/picocli-4.6.1.jar:/home/runner/.m2/repository/com/fasterxml/jackson/core/jackson-annotations/2.13.4/jackson-annotations-2.13.4.jar:/home/runner/.m2/repository/org/apache/ozone/hdds-annotation-processing/1.4.0-SNAPSHOT/hdds-annotation-processing-1.4.0-SNAPSHOT.jar:/home/runner/.m2/repository/javax/annotation/javax.annotation-api/1.2/javax.annotation-api-1.2.jar:/home/runner/.m2/repository/org/apache/ratis/ratis-netty/2.4.2-8b8bdda-SNAPSHOT/ratis-netty-2.4.2-8b8bdda-SNAPSHOT.jar:/home/runner/.m2/repository/org/apache/ratis/ratis-grpc/2.4.2-8b8bdda-SNAPSHOT/ratis-grpc-2.4.2-8b8bdda-SNAPSHOT.jar:/home/runner/.m2/repository/org/apache/logging/log4j/log4j-api/2.17.1/log4j-api-2.17.1.jar:/home/runner/.m2/repository/org/apache/commons/commons-pool2/2.6.0/commons-pool2-2.6.0.jar:/home/runner/.m2/repository/org/bouncycastle/bcpkix-jdk15on/1.67/bcpkix-jdk15on-1.67.jar:/home/runner/.m2/repository/commons-validator/commons-validator/1.6/commons-validator-1.6.jar:/home/runner/.m2/repository/commons-beanutils/commons-beanutils/1.9.4/commons-beanutils-1.9.4.jar:/home/runner/.m2/repository/commons-digester/commons-digester/1.8.1/commons-digester-1.8.1.jar:/home/runner/.m2/repository/commons-collections/commons-collections/3.2.2/commons-collections-3.2.2.jar:/home/runner/.m2/repository/io/jaegertracing/jaeger-client/1.6.0/jaeger-client-1.6.0.jar:/home/runner/.m2/repository/io/jaegertracing/jaeger-thrift/1.6.0/jaeger-thrift-1.6.0.jar:/home/runner/.m2/repository/org/apache/thrift/libthrift/0.14.1/libthrift-0.14.1.jar:/home/runner/.m2/repository/io/jaegertracing/jaeger-core/1.6.0/jaeger-core-1.6.0.jar:/home/runner/.m2/repository/io/jaegertracing/jaeger-tracerresolver/1.6.0/jaeger-tracerresolver-1.6.0.jar:/home/runner/.m2/repository/io/opentracing/contrib/opentracing-tracerresolver/0.1.8/opentracing-tracerresolver-0.1.8.jar:/home/runner/.m2/repository/org/jetbrains/kotlin/kotlin-stdlib/1.6.21/kotlin-stdlib-1.6.21.jar:/home/runner/.m2/repository/org/jetbrains/annotations/13.0/annotations-13.0.jar:/home/runner/.m2/repository/io/opentracing/opentracing-util/0.33.0/opentracing-util-0.33.0.jar:/home/runner/.m2/repository/io/opentracing/opentracing-api/0.33.0/opentracing-api-0.33.0.jar:/home/runner/.m2/repository/io/opentracing/opentracing-noop/0.33.0/opentracing-noop-0.33.0.jar:/home/runner/.m2/repository/org/yaml/snakeyaml/2.0/snakeyaml-2.0.jar:/home/runner/.m2/repository/junit/junit/4.13.1/junit-4.13.1.jar:/home/runner/.m2/repository/org/hamcrest/hamcrest-core/1.3/hamcrest-core-1.3.jar:/home/runner/.m2/repository/org/junit/jupiter/junit-jupiter-api/5.8.2/junit-jupiter-api-5.8.2.jar:/home/runner/.m2/repository/org/opentest4j/opentest4j/1.2.0/opentest4j-1.2.0.jar:/home/runner/.m2/repository/org/junit/platform/junit-platform-commons/1.8.2/junit-platform-commons-1.8.2.jar:/home/runner/.m2/repository/org/apiguardian/apiguardian-api/1.1.2/apiguardian-api-1.1.2.jar:/home/runner/.m2/repository/org/junit/jupiter/junit-jupiter-params/5.8.2/junit-jupiter-params-5.8.2.jar:/home/runner/.m2/repository/org/junit/jupiter/junit-jupiter-migrationsupport/5.8.2/junit-jupiter-migrationsupport-5.8.2.jar:/home/runner/.m2/repository/org/junit/jupiter/junit-jupiter-engine/5.8.2/junit-jupiter-engine-5.8.2.jar:/home/runner/.m2/repository/org/junit/platform/junit-platform-engine/1.8.2/junit-platform-engine-1.8.2.jar:/home/runner/.m2/repository/org/junit/vintage/junit-vintage-engine/5.8.2/junit-vintage-engine-5.8.2.jar:/home/runner/.m2/repository/org/junit/platform/junit-platform-launcher/1.8.2/junit-platform-launcher-1.8.2.jar:/home/runner/.m2/repository/org/mockito/mockito-core/2.28.2/mockito-core-2.28.2.jar:/home/runner/.m2/repository/net/bytebuddy/byte-buddy/1.9.10/byte-buddy-1.9.10.jar:/home/runner/.m2/repository/net/bytebuddy/byte-buddy-agent/1.9.10/byte-buddy-agent-1.9.10.jar:/home/runner/.m2/repository/org/objenesis/objenesis/1.0/objenesis-1.0.jar:/home/runner/.m2/repository/org/apache/hadoop/hadoop-kms/3.3.4/hadoop-kms-3.3.4.jar:/home/runner/.m2/repository/org/apache/hadoop/hadoop-auth/3.3.4/hadoop-auth-3.3.4.jar:/home/runner/.m2/repository/com/nimbusds/nimbus-jose-jwt/9.8.1/nimbus-jose-jwt-9.8.1.jar:/home/runner/.m2/repository/com/github/stephenc/jcip/jcip-annotations/1.0-1/jcip-annotations-1.0-1.jar:/home/runner/.m2/repository/net/minidev/json-smart/2.4.7/json-smart-2.4.7.jar:/home/runner/.m2/repository/net/minidev/accessors-smart/2.4.7/accessors-smart-2.4.7.jar:/home/runner/.m2/repository/org/ow2/asm/asm/5.0.4/asm-5.0.4.jar:/home/runner/.m2/repository/org/apache/zookeeper/zookeeper/3.5.6/zookeeper-3.5.6.jar:/home/runner/.m2/repository/org/apache/zookeeper/zookeeper-jute/3.5.6/zookeeper-jute-3.5.6.jar:/home/runner/.m2/repository/org/apache/yetus/audience-annotations/0.5.0/audience-annotations-0.5.0.jar:/home/runner/.m2/repository/org/apache/curator/curator-framework/4.2.0/curator-framework-4.2.0.jar:/home/runner/.m2/repository/org/apache/hadoop/thirdparty/hadoop-shaded-guava/1.1.1/hadoop-shaded-guava-1.1.1.jar:/home/runner/.m2/repository/com/sun/jersey/jersey-core/1.19/jersey-core-1.19.jar:/home/runner/.m2/repository/javax/ws/rs/jsr311-api/1.1.1/jsr311-api-1.1.1.jar:/home/runner/.m2/repository/com/sun/jersey/jersey-server/1.19/jersey-server-1.19.jar:/home/runner/.m2/repository/javax/servlet/javax.servlet-api/3.1.0/javax.servlet-api-3.1.0.jar:/home/runner/.m2/repository/org/apache/hadoop/hadoop-common/3.3.4/hadoop-common-3.3.4.jar:/home/runner/.m2/repository/org/apache/commons/commons-math3/3.1.1/commons-math3-3.1.1.jar:/home/runner/.m2/repository/commons-net/commons-net/3.9.0/commons-net-3.9.0.jar:/home/runner/.m2/repository/com/sun/jersey/jersey-servlet/1.19/jersey-servlet-1.19.jar:/home/runner/.m2/repository/com/sun/jersey/jersey-json/1.19/jersey-json-1.19.jar:/home/runner/.m2/repository/org/codehaus/jettison/jettison/1.1/jettison-1.1.jar:/home/runner/.m2/repository/com/sun/xml/bind/jaxb-impl/2.2.3-1/jaxb-impl-2.2.3-1.jar:/home/runner/.m2/repository/org/codehaus/jackson/jackson-jaxrs/1.9.2/jackson-jaxrs-1.9.2.jar:/home/runner/.m2/repository/org/codehaus/jackson/jackson-xc/1.9.2/jackson-xc-1.9.2.jar:/home/runner/.m2/repository/com/google/re2j/re2j/1.1/re2j-1.1.jar:/home/runner/.m2/repository/com/jcraft/jsch/0.1.54/jsch-0.1.54.jar:/home/runner/.m2/repository/org/apache/curator/curator-client/4.2.0/curator-client-4.2.0.jar:/home/runner/.m2/repository/org/apache/curator/curator-recipes/4.2.0/curator-recipes-4.2.0.jar:/home/runner/.m2/repository/org/apache/kerby/kerb-core/1.0.1/kerb-core-1.0.1.jar:/home/runner/.m2/repository/org/apache/kerby/kerby-pkix/1.0.1/kerby-pkix-1.0.1.jar:/home/runner/.m2/repository/org/apache/kerby/kerby-asn1/1.0.1/kerby-asn1-1.0.1.jar:/home/runner/.m2/repository/org/apache/kerby/kerby-util/1.0.1/kerby-util-1.0.1.jar:/home/runner/.m2/repository/dnsjava/dnsjava/2.1.7/dnsjava-2.1.7.jar:/home/runner/.m2/repository/org/xerial/snappy/snappy-java/1.1.8.2/snappy-java-1.1.8.2.jar:/home/runner/.m2/repository/com/fasterxml/jackson/core/jackson-databind/2.13.4.2/jackson-databind-2.13.4.2.jar:/home/runner/.m2/repository/org/apache/hadoop/hadoop-kms/3.3.4/hadoop-kms-3.3.4-tests.jar:/home/runner/.m2/repository/org/apache/ozone/hdds-server-scm/1.4.0-SNAPSHOT/hdds-server-scm-1.4.0-SNAPSHOT-tests.jar:/home/runner/.m2/repository/org/apache/ozone/hdds-container-service/1.4.0-SNAPSHOT/hdds-container-service-1.4.0-SNAPSHOT-tests.jar:/home/runner/.m2/repository/com/github/luben/zstd-jni/1.5.2-5/zstd-jni-1.5.2-5.jar:/home/runner/.m2/repository/commons-codec/commons-codec/1.15/commons-codec-1.15.jar:/home/runner/.m2/repository/io/netty/netty-codec/4.1.86.Final/netty-codec-4.1.86.Final.jar:/home/runner/.m2/repository/io/netty/netty-handler/4.1.86.Final/netty-handler-4.1.86.Final.jar:/home/runner/.m2/repository/org/apache/ozone/hdds-hadoop-dependency-test/1.4.0-SNAPSHOT/hdds-hadoop-dependency-test-1.4.0-SNAPSHOT.jar:/home/runner/.m2/repository/org/apache/hadoop/hadoop-common/3.3.4/hadoop-common-3.3.4-tests.jar:/home/runner/.m2/repository/org/apache/hadoop/hadoop-hdfs/3.3.4/hadoop-hdfs-3.3.4-tests.jar:/home/runner/.m2/repository/org/assertj/assertj-core/3.12.2/assertj-core-3.12.2.jar:/home/runner/.m2/repository/org/apache/hadoop/hadoop-distcp/3.3.4/hadoop-distcp-3.3.4.jar:/home/runner/.m2/repository/org/apache/hadoop/hadoop-mapreduce-client-jobclient/3.3.4/hadoop-mapreduce-client-jobclient-3.3.4.jar:/home/runner/.m2/repository/org/apache/hadoop/hadoop-mapreduce-client-common/3.3.4/hadoop-mapreduce-client-common-3.3.4.jar:/home/runner/.m2/repository/org/apache/hadoop/hadoop-yarn-common/3.3.4/hadoop-yarn-common-3.3.4.jar:/home/runner/.m2/repository/org/apache/hadoop/hadoop-yarn-api/3.3.4/hadoop-yarn-api-3.3.4.jar:/home/runner/.m2/repository/com/sun/jersey/contribs/jersey-guice/1.19/jersey-guice-1.19.jar:/home/runner/.m2/repository/com/fasterxml/jackson/jaxrs/jackson-jaxrs-json-provider/2.13.4/jackson-jaxrs-json-provider-2.13.4.jar:/home/runner/.m2/repository/com/fasterxml/jackson/jaxrs/jackson-jaxrs-base/2.13.4/jackson-jaxrs-base-2.13.4.jar:/home/runner/.m2/repository/org/apache/hadoop/hadoop-yarn-client/3.3.4/hadoop-yarn-client-3.3.4.jar:/home/runner/.m2/repository/org/eclipse/jetty/websocket/websocket-client/9.4.43.v20210629/websocket-client-9.4.43.v20210629.jar:/home/runner/.m2/repository/org/eclipse/jetty/websocket/websocket-common/9.4.43.v20210629/websocket-common-9.4.43.v20210629.jar:/home/runner/.m2/repository/org/eclipse/jetty/websocket/websocket-api/9.4.43.v20210629/websocket-api-9.4.43.v20210629.jar:/home/runner/.m2/repository/org/jline/jline/3.9.0/jline-3.9.0.jar:/home/runner/.m2/repository/org/apache/hadoop/hadoop-mapreduce-client-core/3.3.4/hadoop-mapreduce-client-core-3.3.4.jar:/home/runner/.m2/repository/org/apache/avro/avro/1.7.7/avro-1.7.7.jar:/home/runner/.m2/repository/org/codehaus/jackson/jackson-core-asl/1.9.13/jackson-core-asl-1.9.13.jar:/home/runner/.m2/repository/org/codehaus/jackson/jackson-mapper-asl/1.9.13/jackson-mapper-asl-1.9.13.jar:/home/runner/.m2/repository/com/thoughtworks/paranamer/paranamer/2.3/paranamer-2.3.jar:/home/runner/.m2/repository/org/apache/hadoop/hadoop-annotations/3.3.4/hadoop-annotations-3.3.4.jar:/usr/lib/jvm/temurin-8-jdk-amd64/jre/../lib/tools.jar:/home/runner/.m2/repository/io/netty/netty/3.10.6.Final/netty-3.10.6.Final.jar:/home/runner/.m2/repository/org/apache/hadoop/hadoop-distcp/3.3.4/hadoop-distcp-3.3.4-tests.jar:/home/runner/.m2/repository/org/slf4j/jul-to-slf4j/1.7.36/jul-to-slf4j-1.7.36.jar:"/>
    <property name="sun.cpu.endian" value="little"/>
    <property name="user.home" value="/home/runner"/>
    <property name="user.language" value="en"/>
    <property name="java.specification.vendor" value="Oracle Corporation"/>
    <property name="java.home" value="/usr/lib/jvm/temurin-8-jdk-amd64/jre"/>
    <property name="java.security.krb5.conf" value="/home/runner/work/ozone/ozone/hadoop-ozone/integration-test/target/test-classes/krb5.conf"/>
    <property name="basedir" value="/home/runner/work/ozone/ozone/hadoop-ozone/integration-test"/>
    <property name="file.separator" value="/"/>
    <property name="line.separator" value="&#10;"/>
    <property name="java.vm.specification.vendor" value="Oracle Corporation"/>
    <property name="java.specification.name" value="Java Platform API Specification"/>
    <property name="java.awt.graphicsenv" value="sun.awt.X11GraphicsEnvironment"/>
    <property name="skip.installnpx" value="true"/>
    <property name="surefire.real.class.path" value="/home/runner/work/ozone/ozone/hadoop-ozone/integration-test/target/surefire/surefirebooter8187538762961112723.jar:/home/runner/.m2/repository/org/jacoco/org.jacoco.agent/0.8.5/org.jacoco.agent-0.8.5-runtime.jar"/>
    <property name="hadoop.log.dir" value="/home/runner/work/ozone/ozone/hadoop-ozone/integration-test/target/log"/>
    <property name="sun.boot.class.path" value="/usr/lib/jvm/temurin-8-jdk-amd64/jre/lib/resources.jar:/usr/lib/jvm/temurin-8-jdk-amd64/jre/lib/rt.jar:/usr/lib/jvm/temurin-8-jdk-amd64/jre/lib/sunrsasign.jar:/usr/lib/jvm/temurin-8-jdk-amd64/jre/lib/jsse.jar:/usr/lib/jvm/temurin-8-jdk-amd64/jre/lib/jce.jar:/usr/lib/jvm/temurin-8-jdk-amd64/jre/lib/charsets.jar:/usr/lib/jvm/temurin-8-jdk-amd64/jre/lib/jfr.jar:/usr/lib/jvm/temurin-8-jdk-amd64/jre/classes"/>
    <property name="sun.management.compiler" value="HotSpot 64-Bit Tiered Compilers"/>
    <property name="skip.npx" value="true"/>
    <property name="java.runtime.version" value="1.8.0_362-b09"/>
    <property name="java.net.preferIPv4Stack" value="true"/>
    <property name="user.name" value="runner"/>
    <property name="path.separator" value=":"/>
    <property name="java.security.egd" value="file:///dev/urandom"/>
    <property name="os.version" value="5.15.0-1034-azure"/>
    <property name="java.endorsed.dirs" value="/usr/lib/jvm/temurin-8-jdk-amd64/jre/lib/endorsed"/>
    <property name="java.runtime.name" value="OpenJDK Runtime Environment"/>
    <property name="file.encoding" value="UTF-8"/>
    <property name="java.vm.name" value="OpenJDK 64-Bit Server VM"/>
    <property name="test.build.webapps" value=""/>
    <property name="localRepository" value="/home/runner/.m2/repository"/>
    <property name="jetty.git.hash" value="4231a3b2e4cb8548a412a789936d640a97b1aa0a"/>
    <property name="java.vendor.url.bug" value="https://github.com/adoptium/adoptium-support/issues"/>
    <property name="java.io.tmpdir" value="/tmp"/>
    <property name="require.test.libhadoop" value=""/>
    <property name="java.version" value="1.8.0_362"/>
    <property name="user.dir" value="/home/runner/work/ozone/ozone/hadoop-ozone/integration-test"/>
    <property name="os.arch" value="amd64"/>
    <property name="java.vm.specification.name" value="Java Virtual Machine Specification"/>
    <property name="test.build.classes" value="/home/runner/work/ozone/ozone/hadoop-ozone/integration-test/target/test-classes"/>
    <property name="java.awt.printerjob" value="sun.print.PSPrinterJob"/>
    <property name="sun.os.patch.level" value="unknown"/>
    <property name="org.apache.ratis.thirdparty.io.netty.allocator.useCacheForAllThreads" value="false"/>
    <property name="hadoop.tmp.dir" value="/home/runner/work/ozone/ozone/hadoop-ozone/integration-test/target/tmp"/>
    <property name="java.library.path" value="/usr/java/packages/lib/amd64:/usr/lib64:/lib64:/lib:/usr/lib"/>
    <property name="java.vm.info" value="mixed mode"/>
    <property name="java.vendor" value="Temurin"/>
    <property name="java.vm.version" value="25.362-b09"/>
    <property name="java.specification.maintenance.version" value="4"/>
    <property name="java.ext.dirs" value="/usr/lib/jvm/temurin-8-jdk-amd64/jre/lib/ext:/usr/java/packages/lib/ext"/>
    <property name="sun.io.unicode.encoding" value="UnicodeLittle"/>
    <property name="java.class.version" value="52.0"/>
  </properties>
  <testcase name="testCreateSnapshotMissingMandatoryParams" classname="TestOmSnapshot" time="26.717">
    <system-out><![CDATA[2023-03-15 06:51:52,214 [main] WARN  server.ServerUtils (ServerUtils.java:getScmDbDir(148)) - ozone.scm.db.dirs is not configured. We recommend adding this setting. Falling back to ozone.metadata.dirs instead.
2023-03-15 06:51:52,312 [main] WARN  server.ServerUtils (ServerUtils.java:getScmDbDir(148)) - ozone.scm.db.dirs is not configured. We recommend adding this setting. Falling back to ozone.metadata.dirs instead.
2023-03-15 06:51:52,315 [main] INFO  ha.SCMHANodeDetails (SCMHANodeDetails.java:loadSCMHAConfig(209)) - ServiceID for StorageContainerManager is null
2023-03-15 06:51:52,320 [main] WARN  ha.SCMHANodeDetails (SCMHANodeDetails.java:validateSCMHAConfig(182)) - Invalid config ozone.scm.ratis.enable. The config was not specified, but the default value true conflicts with the expected config value false. Falling back to the expected value. Current State of SCM: SCM is running in Non-HA without Ratis Ratis SCM -> Non Ratis SCM or Non HA SCM -> HA SCM is not supported
2023-03-15 06:51:52,321 [main] INFO  ha.SCMHANodeDetails (SCMHANodeDetails.java:loadSCMHAConfig(214)) - ozone.scm.default.service.id is not defined, falling back to ozone.scm.service.ids to find serviceID for StorageContainerManager if it is HA enabled cluster
2023-03-15 06:51:52,822 [main] WARN  utils.HAUtils (HAUtils.java:getMetaDir(342)) - ozone.scm.db.dirs is not configured. We recommend adding this setting. Falling back to ozone.metadata.dirs instead.
2023-03-15 06:51:53,054 [main] WARN  db.DBStoreBuilder (DBStoreBuilder.java:applyDBDefinition(172)) - ozone.scm.db.dirs is not configured. We recommend adding this setting. Falling back to ozone.metadata.dirs instead.
2023-03-15 06:51:53,273 [main] INFO  net.NodeSchemaLoader (NodeSchemaLoader.java:loadSchemaFromFile(129)) - Loading schema from [jar:file:/home/runner/.m2/repository/org/apache/ozone/hdds-common/1.4.0-SNAPSHOT/hdds-common-1.4.0-SNAPSHOT.jar!/network-topology-default.xml]
2023-03-15 06:51:53,275 [main] INFO  net.NodeSchemaLoader (NodeSchemaLoader.java:loadSchema(176)) - Loading network topology layer schema file
2023-03-15 06:51:53,317 [main] INFO  metrics.MetricRegistries (MetricRegistriesLoader.java:load(64)) - Loaded MetricRegistries class org.apache.ratis.metrics.impl.MetricRegistriesImpl
2023-03-15 06:51:53,322 [main] INFO  upgrade.AbstractLayoutVersionManager (AbstractLayoutVersionManager.java:init(83)) - Initializing Layout version manager with metadata layout = DATANODE_SCHEMA_V3 (version = 4), software layout = DATANODE_SCHEMA_V3 (version = 4)
2023-03-15 06:51:53,528 [main] INFO  reflections.Reflections (Reflections.java:scan(232)) - Reflections took 141 ms to scan 7 urls, producing 155 keys and 368 values 
2023-03-15 06:51:53,627 [main] INFO  ha.SequenceIdGenerator (SequenceIdGenerator.java:upgradeToSequenceId(349)) - upgrade localId to 111677748019200000
2023-03-15 06:51:53,628 [main] INFO  ha.SequenceIdGenerator (SequenceIdGenerator.java:upgradeToSequenceId(359)) - upgrade delTxnId to 0
2023-03-15 06:51:53,634 [main] INFO  ha.SequenceIdGenerator (SequenceIdGenerator.java:upgradeToSequenceId(376)) - upgrade containerId to 0
2023-03-15 06:51:53,638 [main] INFO  ha.SequenceIdGenerator (SequenceIdGenerator.java:<init>(220)) - Init the HA SequenceIdGenerator.
2023-03-15 06:51:53,692 [main] WARN  server.ServerUtils (ServerUtils.java:sanitizeUserArgs(73)) - ozone.scm.stale.node.interval value = 300000 is larger than max = 100000 based on the key value of ozone.scm.heartbeat.thread.interval, reset to the max value 100000.
2023-03-15 06:51:53,693 [main] WARN  server.ServerUtils (ServerUtils.java:sanitizeUserArgs(73)) - ozone.scm.stale.node.interval value = 300000 is larger than max = 100000 based on the key value of ozone.scm.heartbeat.thread.interval, reset to the max value 100000.
2023-03-15 06:51:53,700 [main] INFO  node.SCMNodeManager (SCMNodeManager.java:<init>(156)) - Entering startup safe mode.
2023-03-15 06:51:53,782 [main] INFO  algorithms.ContainerPlacementPolicyFactory (ContainerPlacementPolicyFactory.java:getPolicyInternal(86)) - Create container placement policy of type org.apache.hadoop.hdds.scm.container.placement.algorithms.SCMContainerPlacementRandom
2023-03-15 06:51:53,786 [main] INFO  algorithms.ContainerPlacementPolicyFactory (ContainerPlacementPolicyFactory.java:getPolicyInternal(86)) - Create container placement policy of type org.apache.hadoop.hdds.scm.container.placement.algorithms.SCMContainerPlacementRackScatter
2023-03-15 06:51:53,800 [main] INFO  pipeline.PipelineStateManagerImpl (PipelineStateManagerImpl.java:initialize(78)) - No pipeline exists in current db
2023-03-15 06:51:53,837 [main] INFO  algorithms.LeaderChoosePolicyFactory (LeaderChoosePolicyFactory.java:getPolicy(57)) - Create leader choose policy of type org.apache.hadoop.hdds.scm.pipeline.leader.choose.algorithms.MinLeaderCountChoosePolicy
2023-03-15 06:51:53,837 [main] INFO  algorithms.ContainerPlacementPolicyFactory (ContainerPlacementPolicyFactory.java:getPolicyInternal(86)) - Create container placement policy of type org.apache.hadoop.hdds.scm.container.placement.algorithms.SCMContainerPlacementRackScatter
2023-03-15 06:51:53,844 [main] INFO  ha.SCMServiceManager (SCMServiceManager.java:register(42)) - Registering service BackgroundPipelineCreator.
2023-03-15 06:51:53,844 [main] INFO  pipeline.BackgroundPipelineCreator (BackgroundPipelineCreator.java:start(124)) - Starting RatisPipelineUtilsThread.
2023-03-15 06:51:53,849 [main] INFO  BackgroundPipelineScrubber (BackgroundSCMService.java:start(68)) - Starting BackgroundPipelineScrubber Service.
2023-03-15 06:51:53,850 [main] INFO  ha.SCMServiceManager (SCMServiceManager.java:register(42)) - Registering service BackgroundPipelineScrubber.
2023-03-15 06:51:53,861 [main] INFO  ExpiredContainerReplicaOpScrubber (BackgroundSCMService.java:start(68)) - Starting ExpiredContainerReplicaOpScrubber Service.
2023-03-15 06:51:53,862 [main] INFO  ha.SCMServiceManager (SCMServiceManager.java:register(42)) - Registering service ExpiredContainerReplicaOpScrubber.
2023-03-15 06:51:53,911 [main] INFO  algorithms.PipelineChoosePolicyFactory (PipelineChoosePolicyFactory.java:createPipelineChoosePolicyFromClass(73)) - Create pipeline choose policy of type org.apache.hadoop.hdds.scm.pipeline.choose.algorithms.RandomPipelineChoosePolicy
2023-03-15 06:51:53,930 [main] INFO  ha.SCMServiceManager (SCMServiceManager.java:register(42)) - Registering service SCMBlockDeletingService.
2023-03-15 06:51:54,001 [main] INFO  replication.ReplicationManager (ReplicationManager.java:start(271)) - Starting Replication Monitor Thread.
2023-03-15 06:51:54,014 [main] INFO  ha.SCMServiceManager (SCMServiceManager.java:register(42)) - Registering service ReplicationManager.
2023-03-15 06:51:54,017 [ReplicationMonitor] INFO  replication.ReplicationManager (ReplicationManager.java:processAll(346)) - Replication Manager is not ready to run until 3000ms after safemode exit
2023-03-15 06:51:54,028 [main] INFO  safemode.ContainerSafeModeRule (ContainerSafeModeRule.java:<init>(89)) - containers with one replica threshold count 0
2023-03-15 06:51:54,034 [main] INFO  safemode.HealthyPipelineSafeModeRule (HealthyPipelineSafeModeRule.java:initializeRule(169)) - Total pipeline count is 0, healthy pipeline threshold count is 1
2023-03-15 06:51:54,037 [main] INFO  safemode.OneReplicaPipelineSafeModeRule (OneReplicaPipelineSafeModeRule.java:initializeRule(180)) - Total pipeline count is 0, pipeline's with at least one datanode reported threshold count is 0
2023-03-15 06:51:54,093 [main] INFO  server.StorageContainerManager (StorageContainerManager.java:<init>(392)) - SCM start with adminUsers: [runner]
2023-03-15 06:51:54,393 [main] INFO  audit.AuditLogger (AuditLogger.java:refreshDebugCmdSet(126)) - Refresh DebugCmdSet for SCMAudit to [].
2023-03-15 06:51:54,429 [main] INFO  ipc.CallQueueManager (CallQueueManager.java:<init>(90)) - Using callQueue: class java.util.concurrent.LinkedBlockingQueue, queueCapacity: 2000, scheduler: class org.apache.hadoop.ipc.DefaultRpcScheduler, ipcBackoff: false.
2023-03-15 06:51:54,476 [Socket Reader #1 for port 0] INFO  ipc.Server (Server.java:run(1273)) - Starting Socket Reader #1 for port 0
2023-03-15 06:51:54,544 [Listener at 0.0.0.0/45029] INFO  audit.AuditLogger (AuditLogger.java:refreshDebugCmdSet(126)) - Refresh DebugCmdSet for SCMAudit to [].
2023-03-15 06:51:54,562 [Listener at 0.0.0.0/45029] INFO  ipc.CallQueueManager (CallQueueManager.java:<init>(90)) - Using callQueue: class java.util.concurrent.LinkedBlockingQueue, queueCapacity: 2000, scheduler: class org.apache.hadoop.ipc.DefaultRpcScheduler, ipcBackoff: false.
2023-03-15 06:51:54,563 [Socket Reader #1 for port 0] INFO  ipc.Server (Server.java:run(1273)) - Starting Socket Reader #1 for port 0
2023-03-15 06:51:54,597 [Listener at 0.0.0.0/37185] INFO  audit.AuditLogger (AuditLogger.java:refreshDebugCmdSet(126)) - Refresh DebugCmdSet for SCMAudit to [].
2023-03-15 06:51:54,676 [Listener at 0.0.0.0/37185] INFO  ipc.CallQueueManager (CallQueueManager.java:<init>(90)) - Using callQueue: class java.util.concurrent.LinkedBlockingQueue, queueCapacity: 2000, scheduler: class org.apache.hadoop.ipc.DefaultRpcScheduler, ipcBackoff: false.
2023-03-15 06:51:54,677 [Socket Reader #1 for port 0] INFO  ipc.Server (Server.java:run(1273)) - Starting Socket Reader #1 for port 0
2023-03-15 06:51:54,721 [Listener at 0.0.0.0/41377] INFO  ha.SCMServiceManager (SCMServiceManager.java:register(42)) - Registering service ContainerBalancer.
2023-03-15 06:51:54,722 [Listener at 0.0.0.0/41377] INFO  server.StorageContainerManager (StorageContainerManager.java:<init>(407)) - 
Container Balancer status:
Key                            Value
Running                        true
Container Balancer Configuration values:
Key                                                Value
Threshold                                          10
Max Datanodes to Involve per Iteration(percent)    20
Max Size to Move per Iteration                     500GB
Max Size Entering Target per Iteration             26GB
Max Size Leaving Source per Iteration              26GB

2023-03-15 06:51:54,722 [Listener at 0.0.0.0/41377] INFO  ha.SCMContext (SCMContext.java:updateSafeModeStatus(228)) - Update SafeModeStatus from SafeModeStatus{safeModeStatus=true, preCheckPassed=false} to SafeModeStatus{safeModeStatus=true, preCheckPassed=false}.
2023-03-15 06:51:54,728 [Listener at 0.0.0.0/41377] INFO  server.StorageContainerManager (StorageContainerManager.java:start(1437)) - StorageContainerLocationProtocol RPC server is listening at /0.0.0.0:41377
2023-03-15 06:51:54,798 [Listener at 0.0.0.0/41377] WARN  impl.MetricsConfig (MetricsConfig.java:loadFirst(136)) - Cannot locate configuration: tried hadoop-metrics2-storagecontainermanager.properties,hadoop-metrics2.properties
2023-03-15 06:51:54,810 [Listener at 0.0.0.0/41377] INFO  impl.MetricsSystemImpl (MetricsSystemImpl.java:startTimer(378)) - Scheduled Metric snapshot period at 10 second(s).
2023-03-15 06:51:54,811 [Listener at 0.0.0.0/41377] INFO  impl.MetricsSystemImpl (MetricsSystemImpl.java:start(191)) - StorageContainerManager metrics system started
2023-03-15 06:51:55,090 [Listener at 0.0.0.0/41377] INFO  server.SCMClientProtocolServer (SCMClientProtocolServer.java:start(194)) - RPC server for Client  is listening at /0.0.0.0:41377
2023-03-15 06:51:55,090 [IPC Server Responder] INFO  ipc.Server (Server.java:run(1512)) - IPC Server Responder: starting
2023-03-15 06:51:55,092 [IPC Server listener on 0] INFO  ipc.Server (Server.java:run(1352)) - IPC Server listener on 0: starting
2023-03-15 06:51:55,095 [Listener at 0.0.0.0/41377] INFO  server.StorageContainerManager (StorageContainerManager.java:start(1451)) - ScmBlockLocationProtocol RPC server is listening at /0.0.0.0:37185
2023-03-15 06:51:55,096 [Listener at 0.0.0.0/41377] INFO  server.SCMBlockProtocolServer (SCMBlockProtocolServer.java:start(152)) - RPC server for Block Protocol is listening at /0.0.0.0:37185
2023-03-15 06:51:55,097 [IPC Server Responder] INFO  ipc.Server (Server.java:run(1512)) - IPC Server Responder: starting
2023-03-15 06:51:55,098 [IPC Server listener on 0] INFO  ipc.Server (Server.java:run(1352)) - IPC Server listener on 0: starting
2023-03-15 06:51:55,101 [Listener at 0.0.0.0/41377] INFO  server.SCMDatanodeProtocolServer (SCMDatanodeProtocolServer.java:start(193)) - ScmDatanodeProtocol RPC server for DataNodes is listening at /0.0.0.0:45029
2023-03-15 06:51:55,102 [IPC Server Responder] INFO  ipc.Server (Server.java:run(1512)) - IPC Server Responder: starting
2023-03-15 06:51:55,102 [IPC Server listener on 0] INFO  ipc.Server (Server.java:run(1352)) - IPC Server listener on 0: starting
2023-03-15 06:51:55,133 [org.apache.hadoop.util.JvmPauseMonitor$Monitor@52737c1] INFO  util.JvmPauseMonitor (JvmPauseMonitor.java:run(188)) - Starting JVM pause monitor
2023-03-15 06:51:55,138 [Listener at 0.0.0.0/41377] INFO  http.BaseHttpServer (BaseHttpServer.java:newHttpServer2BuilderForOzone(224)) - Starting Web-server for scm at: http://0.0.0.0:0
2023-03-15 06:51:55,138 [Listener at 0.0.0.0/41377] INFO  http.BaseHttpServer (BaseHttpServer.java:<init>(111)) - Hadoop Security Enabled: false Ozone Security Enabled: false Ozone HTTP Security Enabled: false 
2023-03-15 06:51:55,165 [Listener at 0.0.0.0/41377] INFO  util.log (Log.java:initialized(170)) - Logging initialized @4655ms to org.eclipse.jetty.util.log.Slf4jLog
2023-03-15 06:51:55,259 [Listener at 0.0.0.0/41377] WARN  server.AuthenticationFilter (AuthenticationFilter.java:constructSecretProvider(240)) - Unable to initialize FileSignerSecretProvider, falling back to use random secrets. Reason: Could not read signature secret file: /home/runner/hadoop-http-auth-signature-secret
2023-03-15 06:51:55,266 [Listener at 0.0.0.0/41377] WARN  http.HttpRequestLog (HttpRequestLog.java:getRequestLog(103)) - Jetty request log can only be enabled using Log4j
2023-03-15 06:51:55,272 [Listener at 0.0.0.0/41377] INFO  http.HttpServer2 (HttpServer2.java:addGlobalFilter(1031)) - Added global filter 'safety' (class=org.apache.hadoop.hdds.server.http.HttpServer2$QuotingInputFilter)
2023-03-15 06:51:55,274 [Listener at 0.0.0.0/41377] INFO  http.HttpServer2 (HttpServer2.java:addFilter(1007)) - Added filter static_user_filter (class=org.apache.hadoop.http.lib.StaticUserWebFilter$StaticUserFilter) to context scm
2023-03-15 06:51:55,274 [Listener at 0.0.0.0/41377] INFO  http.HttpServer2 (HttpServer2.java:addFilter(1015)) - Added filter static_user_filter (class=org.apache.hadoop.http.lib.StaticUserWebFilter$StaticUserFilter) to context static
2023-03-15 06:51:55,274 [Listener at 0.0.0.0/41377] INFO  http.HttpServer2 (HttpServer2.java:addFilter(1015)) - Added filter static_user_filter (class=org.apache.hadoop.http.lib.StaticUserWebFilter$StaticUserFilter) to context logs
2023-03-15 06:51:55,311 [Listener at 0.0.0.0/41377] INFO  http.BaseHttpServer (BaseHttpServer.java:<init>(190)) - HTTP server of scm uses base directory /home/runner/work/ozone/ozone/hadoop-ozone/integration-test/target/test-dir/MiniOzoneClusterImpl-e79b0a94-dba3-4ba8-a298-d2d15914ceac/ozone-meta/webserver
2023-03-15 06:51:55,313 [Listener at 0.0.0.0/41377] INFO  http.HttpServer2 (HttpServer2.java:bindListener(1250)) - Jetty bound to port 44153
2023-03-15 06:51:55,314 [Listener at 0.0.0.0/41377] INFO  server.Server (Server.java:doStart(375)) - jetty-9.4.49.v20220914; built: 2022-09-14T01:07:36.601Z; git: 4231a3b2e4cb8548a412a789936d640a97b1aa0a; jvm 1.8.0_362-b09
2023-03-15 06:51:55,362 [Listener at 0.0.0.0/41377] INFO  server.session (DefaultSessionIdManager.java:doStart(334)) - DefaultSessionIdManager workerName=node0
2023-03-15 06:51:55,362 [Listener at 0.0.0.0/41377] INFO  server.session (DefaultSessionIdManager.java:doStart(339)) - No SessionScavenger set, using defaults
2023-03-15 06:51:55,364 [Listener at 0.0.0.0/41377] INFO  server.session (HouseKeeper.java:startScavenging(132)) - node0 Scavenging every 600000ms
2023-03-15 06:51:55,393 [Listener at 0.0.0.0/41377] INFO  handler.ContextHandler (ContextHandler.java:doStart(921)) - Started o.e.j.s.ServletContextHandler@6980fa39{logs,/logs,file:///home/runner/work/ozone/ozone/hadoop-ozone/integration-test/target/log,AVAILABLE}
2023-03-15 06:51:55,395 [Listener at 0.0.0.0/41377] INFO  handler.ContextHandler (ContextHandler.java:doStart(921)) - Started o.e.j.s.ServletContextHandler@1f138b74{static,/static,file:///home/runner/work/ozone/ozone/hadoop-ozone/integration-test/target/test-classes/webapps/static,AVAILABLE}
2023-03-15 06:51:55,459 [Listener at 0.0.0.0/41377] INFO  handler.ContextHandler (ContextHandler.java:doStart(921)) - Started o.e.j.w.WebAppContext@5fb58f15{scm,/,file:///home/runner/work/ozone/ozone/hadoop-ozone/integration-test/target/test-classes/webapps/scm/,AVAILABLE}{file:/home/runner/work/ozone/ozone/hadoop-ozone/integration-test/target/test-classes/webapps/scm}
2023-03-15 06:51:55,469 [Listener at 0.0.0.0/41377] INFO  server.AbstractConnector (AbstractConnector.java:doStart(333)) - Started ServerConnector@7154a248{HTTP/1.1, (http/1.1)}{0.0.0.0:44153}
2023-03-15 06:51:55,469 [Listener at 0.0.0.0/41377] INFO  server.Server (Server.java:doStart(415)) - Started @4960ms
2023-03-15 06:51:55,474 [Listener at 0.0.0.0/41377] INFO  impl.MetricsSinkAdapter (MetricsSinkAdapter.java:start(204)) - Sink prometheus started
2023-03-15 06:51:55,474 [Listener at 0.0.0.0/41377] INFO  impl.MetricsSystemImpl (MetricsSystemImpl.java:registerSink(305)) - Registered sink prometheus
2023-03-15 06:51:55,476 [Listener at 0.0.0.0/41377] INFO  http.BaseHttpServer (BaseHttpServer.java:updateConnectorAddress(344)) - HTTP server of scm listening at http://0.0.0.0:44153
2023-03-15 06:51:55,557 [Listener at 0.0.0.0/41377] INFO  audit.AuditLogger (AuditLogger.java:refreshDebugCmdSet(126)) - Refresh DebugCmdSet for OMAudit to [].
2023-03-15 06:51:55,642 [Listener at 0.0.0.0/41377] INFO  ha.OMHANodeDetails (OMHANodeDetails.java:loadOMHAConfig(121)) - ServiceID for OzoneManager is om-service-test1
2023-03-15 06:51:55,653 [Listener at 0.0.0.0/41377] INFO  ha.OMHANodeDetails (OMHANodeDetails.java:loadOMHAConfig(201)) - Found matching OM address with OMServiceId: om-service-test1, OMNodeId: omNode-1, RPC Address: localhost:41075 and Ratis port: 34517
2023-03-15 06:51:55,653 [Listener at 0.0.0.0/41377] INFO  ha.OMHANodeDetails (ConfUtils.java:setNodeSpecificConfigs(97)) - Setting configuration key ozone.om.http-address with value of key ozone.om.http-address.om-service-test1.omNode-1: 127.0.0.1:36991
2023-03-15 06:51:55,654 [Listener at 0.0.0.0/41377] INFO  ha.OMHANodeDetails (ConfUtils.java:setNodeSpecificConfigs(97)) - Setting configuration key ozone.om.https-address with value of key ozone.om.https-address.om-service-test1.omNode-1: 127.0.0.1:41183
2023-03-15 06:51:55,657 [Listener at 0.0.0.0/41377] INFO  ha.OMHANodeDetails (ConfUtils.java:setNodeSpecificConfigs(97)) - Setting configuration key ozone.om.address with value of key ozone.om.address.om-service-test1.omNode-1: 127.0.0.1:41075
2023-03-15 06:51:55,658 [Listener at 0.0.0.0/41377] WARN  server.ServerUtils (ServerUtils.java:getDBPath(225)) - ozone.om.db.dirs is not configured. We recommend adding this setting. Falling back to ozone.metadata.dirs instead.
2023-03-15 06:51:55,672 [Listener at 0.0.0.0/41377] INFO  proxy.SCMBlockLocationFailoverProxyProvider (SCMBlockLocationFailoverProxyProvider.java:<init>(114)) - Created block location fail-over proxy with 1 nodes: [nodeId=scmNodeId,nodeAddress=/0.0.0.0:37185]
OM initialization succeeded.Current cluster id for sd=/home/runner/work/ozone/ozone/hadoop-ozone/integration-test/target/test-dir/MiniOzoneClusterImpl-e79b0a94-dba3-4ba8-a298-d2d15914ceac/omNode-1/om;cid=e79b0a94-dba3-4ba8-a298-d2d15914ceac;layoutVersion=3
2023-03-15 06:51:55,936 [Listener at 0.0.0.0/41377] INFO  ha.OMHANodeDetails (OMHANodeDetails.java:loadOMHAConfig(121)) - ServiceID for OzoneManager is om-service-test1
2023-03-15 06:51:55,937 [Listener at 0.0.0.0/41377] INFO  ha.OMHANodeDetails (OMHANodeDetails.java:loadOMHAConfig(201)) - Found matching OM address with OMServiceId: om-service-test1, OMNodeId: omNode-1, RPC Address: localhost:41075 and Ratis port: 34517
2023-03-15 06:51:55,939 [Listener at 0.0.0.0/41377] INFO  ha.OMHANodeDetails (ConfUtils.java:setNodeSpecificConfigs(97)) - Setting configuration key ozone.om.http-address with value of key ozone.om.http-address.om-service-test1.omNode-1: 127.0.0.1:36991
2023-03-15 06:51:55,939 [Listener at 0.0.0.0/41377] INFO  ha.OMHANodeDetails (ConfUtils.java:setNodeSpecificConfigs(97)) - Setting configuration key ozone.om.https-address with value of key ozone.om.https-address.om-service-test1.omNode-1: 127.0.0.1:41183
2023-03-15 06:51:55,940 [Listener at 0.0.0.0/41377] INFO  ha.OMHANodeDetails (ConfUtils.java:setNodeSpecificConfigs(97)) - Setting configuration key ozone.om.address with value of key ozone.om.address.om-service-test1.omNode-1: 127.0.0.1:41075
2023-03-15 06:51:55,941 [Listener at 0.0.0.0/41377] WARN  server.ServerUtils (ServerUtils.java:getDBPath(225)) - ozone.om.db.dirs is not configured. We recommend adding this setting. Falling back to ozone.metadata.dirs instead.
2023-03-15 06:51:55,946 [Listener at 0.0.0.0/41377] INFO  upgrade.AbstractLayoutVersionManager (AbstractLayoutVersionManager.java:init(83)) - Initializing Layout version manager with metadata layout = MULTITENANCY_SCHEMA (version = 3), software layout = MULTITENANCY_SCHEMA (version = 3)
2023-03-15 06:51:56,045 [Listener at 0.0.0.0/41377] INFO  reflections.Reflections (Reflections.java:scan(232)) - Reflections took 95 ms to scan 2 urls, producing 167 keys and 464 values [using 2 cores]
2023-03-15 06:51:56,051 [Listener at 0.0.0.0/41377] INFO  upgrade.OMLayoutVersionManager (OMLayoutVersionManager.java:lambda$0(115)) - Skipping Upgrade Action MockOmUpgradeAction since it has been finalized.
2023-03-15 06:51:56,052 [Listener at 0.0.0.0/41377] WARN  server.ServerUtils (ServerUtils.java:getDBPath(225)) - ozone.om.db.dirs is not configured. We recommend adding this setting. Falling back to ozone.metadata.dirs instead.
2023-03-15 06:51:56,232 [Listener at 0.0.0.0/41377] INFO  proxy.SCMBlockLocationFailoverProxyProvider (SCMBlockLocationFailoverProxyProvider.java:<init>(114)) - Created block location fail-over proxy with 1 nodes: [nodeId=scmNodeId,nodeAddress=/0.0.0.0:37185]
2023-03-15 06:51:56,243 [Listener at 0.0.0.0/41377] INFO  proxy.SCMBlockLocationFailoverProxyProvider (SCMBlockLocationFailoverProxyProvider.java:<init>(114)) - Created block location fail-over proxy with 1 nodes: [nodeId=scmNodeId,nodeAddress=/0.0.0.0:37185]
2023-03-15 06:51:56,271 [Listener at 0.0.0.0/41377] INFO  om.OzoneManager (OzoneManager.java:<init>(620)) - OM start with adminUsers: [runner]
2023-03-15 06:51:56,283 [Listener at 0.0.0.0/41377] WARN  server.ServerUtils (ServerUtils.java:getDBPath(225)) - ozone.om.db.dirs is not configured. We recommend adding this setting. Falling back to ozone.metadata.dirs instead.
2023-03-15 06:51:56,291 [Listener at 0.0.0.0/41377] INFO  codec.OmKeyInfoCodec (OmKeyInfoCodec.java:<init>(49)) - OmKeyInfoCodec ignorePipeline = true
2023-03-15 06:51:56,292 [Listener at 0.0.0.0/41377] INFO  codec.RepeatedOmKeyInfoCodec (RepeatedOmKeyInfoCodec.java:<init>(41)) - RepeatedOmKeyInfoCodec ignorePipeline = true
2023-03-15 06:51:56,545 [Listener at 0.0.0.0/41377] INFO  om.OzoneManager (OzoneManager.java:instantiateServices(750)) - S3 Multi-Tenancy is disabled
2023-03-15 06:51:56,575 [Listener at 0.0.0.0/41377] WARN  server.ServerUtils (ServerUtils.java:getDBPath(225)) - ozone.om.snapshot.diff.db.dir is not configured. We recommend adding this setting. Falling back to ozone.metadata.dirs instead.
2023-03-15 06:51:56,664 [Listener at 0.0.0.0/41377] INFO  om.OzoneManager (OzoneManager.java:addS3GVolumeToDB(4228)) - Created Volume s3v With Owner runner required for S3Gateway operations.
2023-03-15 06:51:56,730 [Listener at 0.0.0.0/41377] WARN  server.ServerUtils (ServerUtils.java:getDefaultRatisDirectory(237)) - Storage directory for Ratis is not configured. It is a good idea to map this to an SSD disk. Falling back to ozone.metadata.dirs
2023-03-15 06:51:56,730 [Listener at 0.0.0.0/41377] WARN  utils.OzoneManagerRatisUtils (OzoneManagerRatisUtils.java:getOMRatisSnapshotDirectory(439)) - ozone.om.ratis.snapshot.dir is not configured. Falling back to ozone.metadata.dirs config
2023-03-15 06:51:56,741 [Listener at 0.0.0.0/41377] INFO  snapshot.OzoneManagerSnapshotProvider (OzoneManagerSnapshotProvider.java:<init>(76)) - Initializing OM Snapshot Provider
2023-03-15 06:51:56,851 [Listener at 0.0.0.0/41377] WARN  server.ServerUtils (ServerUtils.java:getDefaultRatisDirectory(237)) - Storage directory for Ratis is not configured. It is a good idea to map this to an SSD disk. Falling back to ozone.metadata.dirs
2023-03-15 06:51:56,884 [Listener at 0.0.0.0/41377] INFO  ratis.OzoneManagerRatisServer (OzoneManagerRatisServer.java:<init>(164)) - Instantiating OM Ratis server with groupID: om-service-test1 and peers: localhost:34517, localhost:33673, localhost:34441
2023-03-15 06:51:56,893 [Listener at 0.0.0.0/41377] INFO  ratis.OzoneManagerStateMachine (OzoneManagerStateMachine.java:loadSnapshotInfoFromDB(636)) - LastAppliedIndex is set from TransactionInfo from OM DB as (t:0, i:~)
2023-03-15 06:51:56,946 [Listener at 0.0.0.0/41377] INFO  server.RaftServer (ConfUtils.java:logGet(46)) - raft.rpc.type = GRPC (default)
2023-03-15 06:51:57,023 [Listener at 0.0.0.0/41377] INFO  grpc.GrpcConfigKeys (ConfUtils.java:logFallback(53)) - raft.grpc.admin.host = null (fallback to raft.grpc.server.host)
2023-03-15 06:51:57,026 [Listener at 0.0.0.0/41377] INFO  grpc.GrpcConfigKeys (ConfUtils.java:logFallback(53)) - raft.grpc.admin.port = 34517 (fallback to raft.grpc.server.port)
2023-03-15 06:51:57,026 [Listener at 0.0.0.0/41377] INFO  grpc.GrpcConfigKeys (ConfUtils.java:logFallback(53)) - raft.grpc.client.host = null (fallback to raft.grpc.server.host)
2023-03-15 06:51:57,028 [Listener at 0.0.0.0/41377] INFO  grpc.GrpcConfigKeys (ConfUtils.java:logFallback(53)) - raft.grpc.client.port = 34517 (fallback to raft.grpc.server.port)
2023-03-15 06:51:57,028 [Listener at 0.0.0.0/41377] INFO  grpc.GrpcConfigKeys (ConfUtils.java:logGet(46)) - raft.grpc.server.host = null (default)
2023-03-15 06:51:57,028 [Listener at 0.0.0.0/41377] INFO  grpc.GrpcConfigKeys (ConfUtils.java:logGet(46)) - raft.grpc.server.port = 34517 (custom)
2023-03-15 06:51:57,029 [Listener at 0.0.0.0/41377] INFO  server.GrpcService (ConfUtils.java:logGet(46)) - raft.grpc.message.size.max = 33554432 (custom)
2023-03-15 06:51:57,031 [Listener at 0.0.0.0/41377] INFO  server.RaftServerConfigKeys (ConfUtils.java:logGet(46)) - raft.server.log.appender.buffer.byte-limit = 33554432 (custom)
2023-03-15 06:51:57,031 [Listener at 0.0.0.0/41377] INFO  server.GrpcService (ConfUtils.java:logGet(46)) - raft.grpc.flow.control.window = 1MB (=1048576) (default)
2023-03-15 06:51:57,032 [Listener at 0.0.0.0/41377] INFO  server.RaftServerConfigKeys (ConfUtils.java:logGet(46)) - raft.server.rpc.request.timeout = 3000ms (default)
2023-03-15 06:51:57,044 [Listener at 0.0.0.0/41377] INFO  grpc.GrpcConfigKeys (ConfUtils.java:logGet(46)) - raft.grpc.server.heartbeat.channel = true (default)
2023-03-15 06:51:57,047 [Listener at 0.0.0.0/41377] INFO  grpc.GrpcConfigKeys (ConfUtils.java:logGet(46)) - raft.grpc.server.async.request.thread.pool.cached = true (default)
2023-03-15 06:51:57,047 [Listener at 0.0.0.0/41377] INFO  grpc.GrpcConfigKeys (ConfUtils.java:logGet(46)) - raft.grpc.server.async.request.thread.pool.size = 32 (default)
2023-03-15 06:51:57,272 [Listener at 0.0.0.0/41377] INFO  impl.DataStreamServerImpl (ConfUtils.java:logGet(46)) - raft.datastream.type = DISABLED (default)
2023-03-15 06:51:57,275 [Listener at 0.0.0.0/41377] INFO  server.RaftServerConfigKeys (ConfUtils.java:logGet(46)) - raft.server.threadpool.proxy.cached = true (default)
2023-03-15 06:51:57,275 [Listener at 0.0.0.0/41377] INFO  server.RaftServerConfigKeys (ConfUtils.java:logGet(46)) - raft.server.threadpool.proxy.size = 0 (default)
2023-03-15 06:51:57,276 [Listener at 0.0.0.0/41377] INFO  server.RaftServerConfigKeys (ConfUtils.java:logGet(46)) - raft.server.rpc.slowness.timeout = 2s (custom)
2023-03-15 06:51:57,276 [Listener at 0.0.0.0/41377] INFO  server.RaftServerConfigKeys (ConfUtils.java:logGet(46)) - raft.server.leaderelection.leader.step-down.wait-time = 10s (default)
2023-03-15 06:51:57,279 [Listener at 0.0.0.0/41377] INFO  server.RaftServerConfigKeys (ConfUtils.java:logGet(46)) - raft.server.storage.dir = [/home/runner/work/ozone/ozone/hadoop-ozone/integration-test/target/test-dir/MiniOzoneClusterImpl-e79b0a94-dba3-4ba8-a298-d2d15914ceac/omNode-1/ratis] (custom)
2023-03-15 06:51:57,287 [Listener at 0.0.0.0/41377] INFO  server.RaftServer (RaftServerProxy.java:addNew(96)) - omNode-1: addNew group-523986131536:[omNode-3|rpc:localhost:33673|priority:0|startupRole:FOLLOWER, omNode-1|rpc:localhost:34517|priority:0|startupRole:FOLLOWER, omNode-2|rpc:localhost:34441|priority:0|startupRole:FOLLOWER] returns group-523986131536:java.util.concurrent.CompletableFuture@35bd146b[Not completed]
2023-03-15 06:51:57,287 [Listener at 0.0.0.0/41377] INFO  om.OzoneManager (OzoneManager.java:initializeRatisServer(2107)) - OzoneManager Ratis server initialized at port 34517
2023-03-15 06:51:57,290 [Listener at 0.0.0.0/41377] INFO  om.OzoneManager (OzoneManager.java:getRpcServer(1134)) - Creating RPC Server
2023-03-15 06:51:57,351 [pool-57-thread-1] INFO  server.RaftServer$Division (RaftServerImpl.java:<init>(195)) - omNode-1: new RaftServerImpl for group-523986131536:[omNode-3|rpc:localhost:33673|priority:0|startupRole:FOLLOWER, omNode-1|rpc:localhost:34517|priority:0|startupRole:FOLLOWER, omNode-2|rpc:localhost:34441|priority:0|startupRole:FOLLOWER] with OzoneManagerStateMachine:uninitialized
2023-03-15 06:51:57,353 [pool-57-thread-1] INFO  server.RaftServerConfigKeys (ConfUtils.java:logGet(46)) - raft.server.rpc.timeout.min = 1s (custom)
2023-03-15 06:51:57,357 [pool-57-thread-1] INFO  server.RaftServerConfigKeys (ConfUtils.java:logGet(46)) - raft.server.rpc.timeout.max = 1200ms (custom)
2023-03-15 06:51:57,357 [pool-57-thread-1] INFO  server.RaftServerConfigKeys (ConfUtils.java:logGet(46)) - raft.server.rpc.sleep.time = 25ms (default)
2023-03-15 06:51:57,359 [pool-57-thread-1] INFO  server.RaftServerConfigKeys (ConfUtils.java:logGet(46)) - raft.server.rpc.slowness.timeout = 2s (custom)
2023-03-15 06:51:57,359 [pool-57-thread-1] INFO  server.RaftServerConfigKeys (ConfUtils.java:logGet(46)) - raft.server.leaderelection.leader.step-down.wait-time = 10s (default)
2023-03-15 06:51:57,359 [pool-57-thread-1] INFO  server.RaftServerConfigKeys (ConfUtils.java:logGet(46)) - raft.server.sleep.deviation.threshold = 300ms (default)
2023-03-15 06:51:57,373 [pool-57-thread-1] INFO  server.RaftServer$Division (ServerState.java:<init>(118)) - omNode-1@group-523986131536: ConfigurationManager, init=-1: peers:[omNode-3|rpc:localhost:33673|priority:0|startupRole:FOLLOWER, omNode-1|rpc:localhost:34517|priority:0|startupRole:FOLLOWER, omNode-2|rpc:localhost:34441|priority:0|startupRole:FOLLOWER]|listeners:[], old=null, confs=<EMPTY_MAP>
2023-03-15 06:51:57,374 [pool-57-thread-1] INFO  server.RaftServerConfigKeys (ConfUtils.java:logGet(46)) - raft.server.storage.dir = [/home/runner/work/ozone/ozone/hadoop-ozone/integration-test/target/test-dir/MiniOzoneClusterImpl-e79b0a94-dba3-4ba8-a298-d2d15914ceac/omNode-1/ratis] (custom)
2023-03-15 06:51:57,392 [pool-57-thread-1] INFO  server.RaftServerConfigKeys (ConfUtils.java:logGet(46)) - raft.server.log.corruption.policy = EXCEPTION (default)
2023-03-15 06:51:57,400 [pool-57-thread-1] INFO  server.RaftServerConfigKeys (ConfUtils.java:logGet(46)) - raft.server.storage.free-space.min = 0MB (=0) (default)
2023-03-15 06:51:57,438 [pool-57-thread-1] INFO  server.RaftServerConfigKeys (ConfUtils.java:logGet(46)) - raft.server.notification.no-leader.timeout = 2s (custom)
2023-03-15 06:51:57,447 [pool-57-thread-1] INFO  server.RaftServerConfigKeys (ConfUtils.java:logGet(46)) - raft.server.retrycache.expirytime = 300s (custom)
2023-03-15 06:51:57,447 [pool-57-thread-1] INFO  server.RaftServerConfigKeys (ConfUtils.java:logGet(46)) - raft.server.retrycache.statistics.expirytime = 100μs (default)
2023-03-15 06:51:57,527 [Finalizer] WARN  managed.ManagedRocksObjectUtils (ManagedRocksObjectUtils.java:assertClosed(54)) - RocksIterator is not closed properly
2023-03-15 06:51:57,614 [pool-57-thread-1] INFO  server.RaftServerConfigKeys (ConfUtils.java:logGet(46)) - raft.server.log.appender.install.snapshot.enabled = false (custom)
2023-03-15 06:51:57,616 [pool-57-thread-1] INFO  server.RaftServerConfigKeys (ConfUtils.java:logGet(46)) - raft.server.threadpool.server.cached = true (default)
2023-03-15 06:51:57,769 [pool-57-thread-1] INFO  server.RaftServerConfigKeys (ConfUtils.java:logGet(46)) - raft.server.threadpool.server.size = 0 (default)
2023-03-15 06:51:57,770 [pool-57-thread-1] INFO  server.RaftServerConfigKeys (ConfUtils.java:logGet(46)) - raft.server.threadpool.client.cached = true (default)
2023-03-15 06:51:57,770 [pool-57-thread-1] INFO  server.RaftServerConfigKeys (ConfUtils.java:logGet(46)) - raft.server.threadpool.client.size = 0 (default)
2023-03-15 06:51:58,445 [Listener at 0.0.0.0/41377] INFO  reflections.Reflections (Reflections.java:scan(232)) - Reflections took 1074 ms to scan 19 urls, producing 68 keys and 4936 values [using 2 cores]
2023-03-15 06:51:58,696 [Listener at 0.0.0.0/41377] INFO  ipc.CallQueueManager (CallQueueManager.java:<init>(90)) - Using callQueue: class java.util.concurrent.LinkedBlockingQueue, queueCapacity: 2000, scheduler: class org.apache.hadoop.ipc.DefaultRpcScheduler, ipcBackoff: false.
2023-03-15 06:51:58,697 [Socket Reader #1 for port 41075] INFO  ipc.Server (Server.java:run(1273)) - Starting Socket Reader #1 for port 41075
2023-03-15 06:51:58,729 [Listener at 127.0.0.1/41075] INFO  impl.MetricsSystemImpl (MetricsSystemImpl.java:init(158)) - OzoneManager metrics system started (again)
2023-03-15 06:51:58,743 [Listener at 127.0.0.1/41075] INFO  om.OzoneManager (OzoneManager.java:start(1564)) - OzoneManager RPC server is listening at localhost/127.0.0.1:41075
2023-03-15 06:51:58,744 [Listener at 127.0.0.1/41075] INFO  ratis.OzoneManagerRatisServer (OzoneManagerRatisServer.java:start(559)) - Starting OzoneManagerRatisServer omNode-1 at port 34517
2023-03-15 06:51:58,745 [omNode-1-impl-thread1] INFO  storage.RaftStorageDirectory (RaftStorageDirectoryImpl.java:analyzeStorage(137)) - The storage directory /home/runner/work/ozone/ozone/hadoop-ozone/integration-test/target/test-dir/MiniOzoneClusterImpl-e79b0a94-dba3-4ba8-a298-d2d15914ceac/omNode-1/ratis/c9bc4cf4-3bc3-3c60-a66b-523986131536 does not exist. Creating ...
2023-03-15 06:51:58,750 [omNode-1-impl-thread1] INFO  storage.RaftStorageDirectory (RaftStorageDirectoryImpl.java:tryLock(231)) - Lock on /home/runner/work/ozone/ozone/hadoop-ozone/integration-test/target/test-dir/MiniOzoneClusterImpl-e79b0a94-dba3-4ba8-a298-d2d15914ceac/omNode-1/ratis/c9bc4cf4-3bc3-3c60-a66b-523986131536/in_use.lock acquired by nodename 3629@fv-az210-452
2023-03-15 06:51:58,755 [omNode-1-impl-thread1] INFO  storage.RaftStorage (RaftStorageImpl.java:format(96)) - Storage directory /home/runner/work/ozone/ozone/hadoop-ozone/integration-test/target/test-dir/MiniOzoneClusterImpl-e79b0a94-dba3-4ba8-a298-d2d15914ceac/omNode-1/ratis/c9bc4cf4-3bc3-3c60-a66b-523986131536 has been successfully formatted.
2023-03-15 06:51:58,758 [omNode-1-impl-thread1] INFO  server.RaftServerConfigKeys (ConfUtils.java:logGet(46)) - raft.server.log.use.memory = false (default)
2023-03-15 06:51:58,765 [omNode-1-impl-thread1] INFO  server.RaftServerConfigKeys (ConfUtils.java:logGet(46)) - raft.server.log.purge.gap = 1000000 (custom)
2023-03-15 06:51:58,765 [omNode-1-impl-thread1] INFO  server.RaftServerConfigKeys (ConfUtils.java:logGet(46)) - raft.server.log.appender.buffer.byte-limit = 33554432 (custom)
2023-03-15 06:51:58,767 [omNode-1-impl-thread1] INFO  server.RaftServerConfigKeys (ConfUtils.java:logGet(46)) - raft.server.log.statemachine.data.read.timeout = 1000ms (default)
2023-03-15 06:51:58,768 [omNode-1-impl-thread1] INFO  server.RaftServerConfigKeys (ConfUtils.java:logGet(46)) - raft.server.log.purge.preservation.log.num = 0 (default)
2023-03-15 06:51:58,770 [omNode-1-impl-thread1] INFO  server.RaftServerConfigKeys (ConfUtils.java:logGet(46)) - raft.server.log.segment.size.max = 4194304 (custom)
2023-03-15 06:51:58,775 [omNode-1-impl-thread1] INFO  server.RaftServerConfigKeys (ConfUtils.java:logGet(46)) - raft.server.log.segment.cache.num.max = 2 (custom)
2023-03-15 06:51:58,776 [omNode-1-impl-thread1] INFO  server.RaftServerConfigKeys (ConfUtils.java:logGet(46)) - raft.server.log.segment.cache.size.max = 200MB (=209715200) (default)
2023-03-15 06:51:58,781 [omNode-1-impl-thread1] INFO  segmented.SegmentedRaftLogWorker (SegmentedRaftLogWorker.java:<init>(189)) - new omNode-1@group-523986131536-SegmentedRaftLogWorker for RaftStorageImpl:Storage Directory /home/runner/work/ozone/ozone/hadoop-ozone/integration-test/target/test-dir/MiniOzoneClusterImpl-e79b0a94-dba3-4ba8-a298-d2d15914ceac/omNode-1/ratis/c9bc4cf4-3bc3-3c60-a66b-523986131536
2023-03-15 06:51:58,782 [omNode-1-impl-thread1] INFO  server.RaftServerConfigKeys (ConfUtils.java:logGet(46)) - raft.server.log.queue.byte-limit = 64MB (=67108864) (default)
2023-03-15 06:51:58,782 [omNode-1-impl-thread1] INFO  server.RaftServerConfigKeys (ConfUtils.java:logGet(46)) - raft.server.log.queue.element-limit = 4096 (default)
2023-03-15 06:51:58,783 [omNode-1-impl-thread1] INFO  server.RaftServerConfigKeys (ConfUtils.java:logGet(46)) - raft.server.log.segment.size.max = 4194304 (custom)
2023-03-15 06:51:58,784 [omNode-1-impl-thread1] INFO  server.RaftServerConfigKeys (ConfUtils.java:logGet(46)) - raft.server.log.preallocated.size = 4194304 (custom)
2023-03-15 06:51:58,784 [omNode-1-impl-thread1] INFO  server.RaftServerConfigKeys (ConfUtils.java:logGet(46)) - raft.server.log.force.sync.num = 128 (default)
2023-03-15 06:51:58,785 [omNode-1-impl-thread1] INFO  server.RaftServerConfigKeys (ConfUtils.java:logGet(46)) - raft.server.log.statemachine.data.sync = true (default)
2023-03-15 06:51:58,785 [omNode-1-impl-thread1] INFO  server.RaftServerConfigKeys (ConfUtils.java:logGet(46)) - raft.server.log.statemachine.data.sync.timeout = 10s (default)
2023-03-15 06:51:58,785 [omNode-1-impl-thread1] INFO  server.RaftServerConfigKeys (ConfUtils.java:logGet(46)) - raft.server.log.statemachine.data.sync.timeout.retry = -1 (default)
2023-03-15 06:51:58,794 [omNode-1-impl-thread1] INFO  server.RaftServerConfigKeys (ConfUtils.java:logGet(46)) - raft.server.log.write.buffer.size = 64KB (=65536) (default)
2023-03-15 06:51:58,794 [omNode-1-impl-thread1] INFO  server.RaftServerConfigKeys (ConfUtils.java:logGet(46)) - raft.server.log.appender.buffer.byte-limit = 33554432 (custom)
2023-03-15 06:51:58,800 [omNode-1-impl-thread1] INFO  server.RaftServerConfigKeys (ConfUtils.java:logGet(46)) - raft.server.log.unsafe-flush.enabled = false (default)
2023-03-15 06:51:58,800 [omNode-1-impl-thread1] INFO  server.RaftServerConfigKeys (ConfUtils.java:logGet(46)) - raft.server.log.async-flush.enabled = false (default)
2023-03-15 06:51:58,801 [omNode-1-impl-thread1] INFO  server.RaftServerConfigKeys (ConfUtils.java:logGet(46)) - raft.server.log.statemachine.data.caching.enabled = false (default)
2023-03-15 06:51:58,807 [omNode-1-impl-thread1] INFO  segmented.SegmentedRaftLogWorker (SegmentedRaftLogWorker.java:lambda$new$0(135)) - omNode-1@group-523986131536-SegmentedRaftLogWorker: flushIndex: setUnconditionally 0 -> -1
2023-03-15 06:51:58,807 [omNode-1-impl-thread1] INFO  segmented.SegmentedRaftLogWorker (SegmentedRaftLogWorker.java:lambda$new$0(135)) - omNode-1@group-523986131536-SegmentedRaftLogWorker: safeCacheEvictIndex: setUnconditionally 0 -> -1
2023-03-15 06:51:58,809 [omNode-1-impl-thread1] INFO  server.RaftServer$Division (RaftServerImpl.java:start(334)) - omNode-1@group-523986131536: start as a follower, conf=-1: peers:[omNode-3|rpc:localhost:33673|priority:0|startupRole:FOLLOWER, omNode-1|rpc:localhost:34517|priority:0|startupRole:FOLLOWER, omNode-2|rpc:localhost:34441|priority:0|startupRole:FOLLOWER]|listeners:[], old=null
2023-03-15 06:51:58,811 [omNode-1-impl-thread1] INFO  server.RaftServer$Division (RaftServerImpl.java:setRole(321)) - omNode-1@group-523986131536: changes role from      null to FOLLOWER at term 0 for startAsFollower
2023-03-15 06:51:58,822 [omNode-1-impl-thread1] INFO  impl.RoleInfo (RoleInfo.java:updateAndGet(139)) - omNode-1: start omNode-1@group-523986131536-FollowerState
2023-03-15 06:51:58,822 [omNode-1@group-523986131536-FollowerState] INFO  server.RaftServerConfigKeys (ConfUtils.java:logFallback(53)) - raft.server.rpc.first-election.timeout.min = 1s (fallback to raft.server.rpc.timeout.min)
2023-03-15 06:51:58,822 [omNode-1@group-523986131536-FollowerState] INFO  server.RaftServerConfigKeys (ConfUtils.java:logFallback(53)) - raft.server.rpc.first-election.timeout.max = 1200ms (fallback to raft.server.rpc.timeout.max)
2023-03-15 06:51:58,823 [omNode-1-impl-thread1] INFO  util.JmxRegister (JmxRegister.java:tryRegister(44)) - Successfully registered JMX Bean with object name Ratis:service=RaftServer,group=group-523986131536,id=omNode-1
2023-03-15 06:51:58,825 [omNode-1-impl-thread1] INFO  server.RaftServerConfigKeys (ConfUtils.java:logGet(46)) - raft.server.snapshot.auto.trigger.enabled = true (custom)
2023-03-15 06:51:58,825 [omNode-1-impl-thread1] INFO  server.RaftServerConfigKeys (ConfUtils.java:logGet(46)) - raft.server.snapshot.auto.trigger.threshold = 400000 (default)
2023-03-15 06:51:58,826 [omNode-1-impl-thread1] INFO  server.RaftServerConfigKeys (ConfUtils.java:logGet(46)) - raft.server.snapshot.retention.file.num = -1 (default)
2023-03-15 06:51:58,827 [omNode-1-impl-thread1] INFO  server.RaftServerConfigKeys (ConfUtils.java:logGet(46)) - raft.server.log.purge.upto.snapshot.index = true (custom)
2023-03-15 06:51:58,831 [Listener at 127.0.0.1/41075] INFO  server.RaftServer (RaftServerProxy.java:startImpl(393)) - omNode-1: start RPC server
2023-03-15 06:51:58,888 [Listener at 127.0.0.1/41075] INFO  server.GrpcService (GrpcService.java:startImpl(262)) - omNode-1: GrpcService started, listening on 34517
2023-03-15 06:51:58,891 [Listener at 127.0.0.1/41075] INFO  om.OzoneManager (OzoneManager.java:start(1580)) - Version File has different layout version (3) than OM DB (null). That is expected if this OM has never been finalized to a newer layout version.
2023-03-15 06:51:58,894 [JvmPauseMonitor0] INFO  util.JvmPauseMonitor (JvmPauseMonitor.java:run(105)) - JvmPauseMonitor-omNode-1: Started
2023-03-15 06:51:58,917 [Listener at 127.0.0.1/41075] INFO  http.BaseHttpServer (BaseHttpServer.java:newHttpServer2BuilderForOzone(224)) - Starting Web-server for ozoneManager at: http://0.0.0.0:36991
2023-03-15 06:51:58,918 [Listener at 127.0.0.1/41075] INFO  http.BaseHttpServer (BaseHttpServer.java:<init>(111)) - Hadoop Security Enabled: false Ozone Security Enabled: false Ozone HTTP Security Enabled: false 
2023-03-15 06:51:58,919 [Listener at 127.0.0.1/41075] WARN  server.AuthenticationFilter (AuthenticationFilter.java:constructSecretProvider(240)) - Unable to initialize FileSignerSecretProvider, falling back to use random secrets. Reason: Could not read signature secret file: /home/runner/hadoop-http-auth-signature-secret
2023-03-15 06:51:58,924 [Listener at 127.0.0.1/41075] WARN  http.HttpRequestLog (HttpRequestLog.java:getRequestLog(103)) - Jetty request log can only be enabled using Log4j
2023-03-15 06:51:58,926 [Listener at 127.0.0.1/41075] INFO  http.HttpServer2 (HttpServer2.java:addGlobalFilter(1031)) - Added global filter 'safety' (class=org.apache.hadoop.hdds.server.http.HttpServer2$QuotingInputFilter)
2023-03-15 06:51:58,929 [Listener at 127.0.0.1/41075] INFO  http.HttpServer2 (HttpServer2.java:addFilter(1007)) - Added filter static_user_filter (class=org.apache.hadoop.http.lib.StaticUserWebFilter$StaticUserFilter) to context ozoneManager
2023-03-15 06:51:58,929 [Listener at 127.0.0.1/41075] INFO  http.HttpServer2 (HttpServer2.java:addFilter(1015)) - Added filter static_user_filter (class=org.apache.hadoop.http.lib.StaticUserWebFilter$StaticUserFilter) to context static
2023-03-15 06:51:58,929 [Listener at 127.0.0.1/41075] INFO  http.HttpServer2 (HttpServer2.java:addFilter(1015)) - Added filter static_user_filter (class=org.apache.hadoop.http.lib.StaticUserWebFilter$StaticUserFilter) to context logs
2023-03-15 06:51:58,931 [Listener at 127.0.0.1/41075] INFO  http.BaseHttpServer (BaseHttpServer.java:<init>(190)) - HTTP server of ozoneManager uses base directory /home/runner/work/ozone/ozone/hadoop-ozone/integration-test/target/test-dir/MiniOzoneClusterImpl-e79b0a94-dba3-4ba8-a298-d2d15914ceac/omNode-1/webserver
2023-03-15 06:51:58,933 [Listener at 127.0.0.1/41075] INFO  http.HttpServer2 (HttpServer2.java:bindListener(1250)) - Jetty bound to port 36991
2023-03-15 06:51:58,934 [Listener at 127.0.0.1/41075] INFO  server.Server (Server.java:doStart(375)) - jetty-9.4.49.v20220914; built: 2022-09-14T01:07:36.601Z; git: 4231a3b2e4cb8548a412a789936d640a97b1aa0a; jvm 1.8.0_362-b09
2023-03-15 06:51:58,939 [Listener at 127.0.0.1/41075] INFO  server.session (DefaultSessionIdManager.java:doStart(334)) - DefaultSessionIdManager workerName=node0
2023-03-15 06:51:58,939 [Listener at 127.0.0.1/41075] INFO  server.session (DefaultSessionIdManager.java:doStart(339)) - No SessionScavenger set, using defaults
2023-03-15 06:51:58,940 [Listener at 127.0.0.1/41075] INFO  server.session (HouseKeeper.java:startScavenging(132)) - node0 Scavenging every 600000ms
2023-03-15 06:51:58,940 [Listener at 127.0.0.1/41075] INFO  handler.ContextHandler (ContextHandler.java:doStart(921)) - Started o.e.j.s.ServletContextHandler@66adb24{logs,/logs,file:///home/runner/work/ozone/ozone/hadoop-ozone/integration-test/target/log,AVAILABLE}
2023-03-15 06:51:58,941 [Listener at 127.0.0.1/41075] INFO  handler.ContextHandler (ContextHandler.java:doStart(921)) - Started o.e.j.s.ServletContextHandler@27d8008a{static,/static,file:///home/runner/work/ozone/ozone/hadoop-ozone/integration-test/target/test-classes/webapps/static,AVAILABLE}
2023-03-15 06:51:58,945 [Listener at 127.0.0.1/41075] INFO  handler.ContextHandler (ContextHandler.java:doStart(921)) - Started o.e.j.w.WebAppContext@41566d56{ozoneManager,/,file:///home/runner/work/ozone/ozone/hadoop-ozone/integration-test/target/test-classes/webapps/ozoneManager/,AVAILABLE}{file:/home/runner/work/ozone/ozone/hadoop-ozone/integration-test/target/test-classes/webapps/ozoneManager}
2023-03-15 06:51:58,946 [Listener at 127.0.0.1/41075] INFO  server.AbstractConnector (AbstractConnector.java:doStart(333)) - Started ServerConnector@356b37dd{HTTP/1.1, (http/1.1)}{0.0.0.0:36991}
2023-03-15 06:51:58,947 [Listener at 127.0.0.1/41075] INFO  server.Server (Server.java:doStart(415)) - Started @8437ms
2023-03-15 06:51:58,947 [Listener at 127.0.0.1/41075] WARN  impl.MetricsSystemImpl (MetricsSystemImpl.java:register(279)) - Sink prometheus already exists!
2023-03-15 06:51:58,947 [Listener at 127.0.0.1/41075] INFO  http.BaseHttpServer (BaseHttpServer.java:updateConnectorAddress(344)) - HTTP server of ozoneManager listening at http://0.0.0.0:36991
2023-03-15 06:51:58,948 [IPC Server Responder] INFO  ipc.Server (Server.java:run(1512)) - IPC Server Responder: starting
2023-03-15 06:51:58,951 [IPC Server listener on 41075] INFO  ipc.Server (Server.java:run(1352)) - IPC Server listener on 41075: starting
2023-03-15 06:51:58,955 [Listener at 127.0.0.1/41075] INFO  om.OzoneManager (OzoneManager.java:startTrashEmptier(2051)) - Trash Interval set to 0. Files deleted won't move to trash
2023-03-15 06:51:58,957 [Listener at 127.0.0.1/41075] INFO  ozone.MiniOzoneHAClusterImpl (MiniOzoneHAClusterImpl.java:createOMService(527)) - Started OzoneManager omNode-1 RPC server at localhost/127.0.0.1:41075
2023-03-15 06:51:58,957 [Listener at 127.0.0.1/41075] INFO  ha.OMHANodeDetails (OMHANodeDetails.java:loadOMHAConfig(121)) - ServiceID for OzoneManager is om-service-test1
2023-03-15 06:51:58,958 [Listener at 127.0.0.1/41075] INFO  ha.OMHANodeDetails (OMHANodeDetails.java:loadOMHAConfig(201)) - Found matching OM address with OMServiceId: om-service-test1, OMNodeId: omNode-2, RPC Address: localhost:43081 and Ratis port: 34441
2023-03-15 06:51:58,958 [Listener at 127.0.0.1/41075] INFO  ha.OMHANodeDetails (ConfUtils.java:setNodeSpecificConfigs(97)) - Setting configuration key ozone.om.http-address with value of key ozone.om.http-address.om-service-test1.omNode-2: 127.0.0.1:40163
2023-03-15 06:51:58,959 [Listener at 127.0.0.1/41075] INFO  ha.OMHANodeDetails (ConfUtils.java:setNodeSpecificConfigs(97)) - Setting configuration key ozone.om.https-address with value of key ozone.om.https-address.om-service-test1.omNode-2: 127.0.0.1:42221
2023-03-15 06:51:58,959 [Listener at 127.0.0.1/41075] INFO  ha.OMHANodeDetails (ConfUtils.java:setNodeSpecificConfigs(97)) - Setting configuration key ozone.om.address with value of key ozone.om.address.om-service-test1.omNode-2: 127.0.0.1:43081
2023-03-15 06:51:58,959 [Listener at 127.0.0.1/41075] WARN  server.ServerUtils (ServerUtils.java:getDBPath(225)) - ozone.om.db.dirs is not configured. We recommend adding this setting. Falling back to ozone.metadata.dirs instead.
2023-03-15 06:51:58,960 [Listener at 127.0.0.1/41075] INFO  proxy.SCMBlockLocationFailoverProxyProvider (SCMBlockLocationFailoverProxyProvider.java:<init>(114)) - Created block location fail-over proxy with 1 nodes: [nodeId=scmNodeId,nodeAddress=/0.0.0.0:37185]
2023-03-15 06:51:58,962 [org.apache.hadoop.util.JvmPauseMonitor$Monitor@4df30827] INFO  util.JvmPauseMonitor (JvmPauseMonitor.java:run(188)) - Starting JVM pause monitor
OM initialization succeeded.Current cluster id for sd=/home/runner/work/ozone/ozone/hadoop-ozone/integration-test/target/test-dir/MiniOzoneClusterImpl-e79b0a94-dba3-4ba8-a298-d2d15914ceac/omNode-2/om;cid=e79b0a94-dba3-4ba8-a298-d2d15914ceac;layoutVersion=3
2023-03-15 06:51:58,969 [Listener at 127.0.0.1/41075] INFO  ha.OMHANodeDetails (OMHANodeDetails.java:loadOMHAConfig(121)) - ServiceID for OzoneManager is om-service-test1
2023-03-15 06:51:58,970 [Listener at 127.0.0.1/41075] INFO  ha.OMHANodeDetails (OMHANodeDetails.java:loadOMHAConfig(201)) - Found matching OM address with OMServiceId: om-service-test1, OMNodeId: omNode-2, RPC Address: localhost:43081 and Ratis port: 34441
2023-03-15 06:51:58,970 [Listener at 127.0.0.1/41075] INFO  ha.OMHANodeDetails (ConfUtils.java:setNodeSpecificConfigs(97)) - Setting configuration key ozone.om.http-address with value of key ozone.om.http-address.om-service-test1.omNode-2: 127.0.0.1:40163
2023-03-15 06:51:58,970 [Listener at 127.0.0.1/41075] INFO  ha.OMHANodeDetails (ConfUtils.java:setNodeSpecificConfigs(97)) - Setting configuration key ozone.om.https-address with value of key ozone.om.https-address.om-service-test1.omNode-2: 127.0.0.1:42221
2023-03-15 06:51:58,970 [Listener at 127.0.0.1/41075] INFO  ha.OMHANodeDetails (ConfUtils.java:setNodeSpecificConfigs(97)) - Setting configuration key ozone.om.address with value of key ozone.om.address.om-service-test1.omNode-2: 127.0.0.1:43081
2023-03-15 06:51:58,971 [Listener at 127.0.0.1/41075] WARN  server.ServerUtils (ServerUtils.java:getDBPath(225)) - ozone.om.db.dirs is not configured. We recommend adding this setting. Falling back to ozone.metadata.dirs instead.
2023-03-15 06:51:58,972 [Listener at 127.0.0.1/41075] INFO  upgrade.AbstractLayoutVersionManager (AbstractLayoutVersionManager.java:init(83)) - Initializing Layout version manager with metadata layout = MULTITENANCY_SCHEMA (version = 3), software layout = MULTITENANCY_SCHEMA (version = 3)
2023-03-15 06:51:59,070 [Listener at 127.0.0.1/41075] INFO  reflections.Reflections (Reflections.java:scan(232)) - Reflections took 97 ms to scan 2 urls, producing 167 keys and 464 values [using 2 cores]
2023-03-15 06:51:59,071 [Listener at 127.0.0.1/41075] INFO  upgrade.OMLayoutVersionManager (OMLayoutVersionManager.java:lambda$0(115)) - Skipping Upgrade Action MockOmUpgradeAction since it has been finalized.
2023-03-15 06:51:59,072 [Listener at 127.0.0.1/41075] WARN  server.ServerUtils (ServerUtils.java:getDBPath(225)) - ozone.om.db.dirs is not configured. We recommend adding this setting. Falling back to ozone.metadata.dirs instead.
2023-03-15 06:51:59,073 [Listener at 127.0.0.1/41075] INFO  proxy.SCMBlockLocationFailoverProxyProvider (SCMBlockLocationFailoverProxyProvider.java:<init>(114)) - Created block location fail-over proxy with 1 nodes: [nodeId=scmNodeId,nodeAddress=/0.0.0.0:37185]
2023-03-15 06:51:59,075 [Listener at 127.0.0.1/41075] INFO  proxy.SCMBlockLocationFailoverProxyProvider (SCMBlockLocationFailoverProxyProvider.java:<init>(114)) - Created block location fail-over proxy with 1 nodes: [nodeId=scmNodeId,nodeAddress=/0.0.0.0:37185]
2023-03-15 06:51:59,090 [Listener at 127.0.0.1/41075] INFO  om.OzoneManager (OzoneManager.java:<init>(620)) - OM start with adminUsers: [runner]
2023-03-15 06:51:59,091 [Listener at 127.0.0.1/41075] WARN  server.ServerUtils (ServerUtils.java:getDBPath(225)) - ozone.om.db.dirs is not configured. We recommend adding this setting. Falling back to ozone.metadata.dirs instead.
2023-03-15 06:51:59,092 [Listener at 127.0.0.1/41075] INFO  codec.OmKeyInfoCodec (OmKeyInfoCodec.java:<init>(49)) - OmKeyInfoCodec ignorePipeline = true
2023-03-15 06:51:59,093 [Listener at 127.0.0.1/41075] INFO  codec.RepeatedOmKeyInfoCodec (RepeatedOmKeyInfoCodec.java:<init>(41)) - RepeatedOmKeyInfoCodec ignorePipeline = true
2023-03-15 06:51:59,314 [Listener at 127.0.0.1/41075] INFO  om.OzoneManager (OzoneManager.java:instantiateServices(750)) - S3 Multi-Tenancy is disabled
2023-03-15 06:51:59,315 [Listener at 127.0.0.1/41075] WARN  server.ServerUtils (ServerUtils.java:getDBPath(225)) - ozone.om.snapshot.diff.db.dir is not configured. We recommend adding this setting. Falling back to ozone.metadata.dirs instead.
2023-03-15 06:51:59,344 [Listener at 127.0.0.1/41075] INFO  om.OzoneManager (OzoneManager.java:addS3GVolumeToDB(4228)) - Created Volume s3v With Owner runner required for S3Gateway operations.
2023-03-15 06:51:59,344 [Listener at 127.0.0.1/41075] WARN  server.ServerUtils (ServerUtils.java:getDefaultRatisDirectory(237)) - Storage directory for Ratis is not configured. It is a good idea to map this to an SSD disk. Falling back to ozone.metadata.dirs
2023-03-15 06:51:59,344 [Listener at 127.0.0.1/41075] WARN  utils.OzoneManagerRatisUtils (OzoneManagerRatisUtils.java:getOMRatisSnapshotDirectory(439)) - ozone.om.ratis.snapshot.dir is not configured. Falling back to ozone.metadata.dirs config
2023-03-15 06:51:59,345 [Listener at 127.0.0.1/41075] INFO  snapshot.OzoneManagerSnapshotProvider (OzoneManagerSnapshotProvider.java:<init>(76)) - Initializing OM Snapshot Provider
2023-03-15 06:51:59,346 [Listener at 127.0.0.1/41075] WARN  impl.MetricRegistriesImpl (MetricRegistriesImpl.java:addReporterRegistration(111)) - New reporters are added after registries were created. Some metrics will be missing from the reporter. Please add reporter before adding any new registry.
2023-03-15 06:51:59,346 [Listener at 127.0.0.1/41075] WARN  impl.MetricRegistriesImpl (MetricRegistriesImpl.java:addReporterRegistration(111)) - New reporters are added after registries were created. Some metrics will be missing from the reporter. Please add reporter before adding any new registry.
2023-03-15 06:51:59,347 [Listener at 127.0.0.1/41075] WARN  server.ServerUtils (ServerUtils.java:getDefaultRatisDirectory(237)) - Storage directory for Ratis is not configured. It is a good idea to map this to an SSD disk. Falling back to ozone.metadata.dirs
2023-03-15 06:51:59,348 [Listener at 127.0.0.1/41075] INFO  ratis.OzoneManagerRatisServer (OzoneManagerRatisServer.java:<init>(164)) - Instantiating OM Ratis server with groupID: om-service-test1 and peers: localhost:34441, localhost:33673, localhost:34517
2023-03-15 06:51:59,348 [Listener at 127.0.0.1/41075] INFO  ratis.OzoneManagerStateMachine (OzoneManagerStateMachine.java:loadSnapshotInfoFromDB(636)) - LastAppliedIndex is set from TransactionInfo from OM DB as (t:0, i:~)
2023-03-15 06:51:59,349 [Listener at 127.0.0.1/41075] INFO  server.RaftServer (ConfUtils.java:logGet(46)) - raft.rpc.type = GRPC (default)
2023-03-15 06:51:59,349 [Listener at 127.0.0.1/41075] INFO  grpc.GrpcConfigKeys (ConfUtils.java:logFallback(53)) - raft.grpc.admin.host = null (fallback to raft.grpc.server.host)
2023-03-15 06:51:59,349 [Listener at 127.0.0.1/41075] INFO  grpc.GrpcConfigKeys (ConfUtils.java:logFallback(53)) - raft.grpc.admin.port = 34441 (fallback to raft.grpc.server.port)
2023-03-15 06:51:59,349 [Listener at 127.0.0.1/41075] INFO  grpc.GrpcConfigKeys (ConfUtils.java:logFallback(53)) - raft.grpc.client.host = null (fallback to raft.grpc.server.host)
2023-03-15 06:51:59,349 [Listener at 127.0.0.1/41075] INFO  grpc.GrpcConfigKeys (ConfUtils.java:logFallback(53)) - raft.grpc.client.port = 34441 (fallback to raft.grpc.server.port)
2023-03-15 06:51:59,350 [Listener at 127.0.0.1/41075] INFO  grpc.GrpcConfigKeys (ConfUtils.java:logGet(46)) - raft.grpc.server.host = null (default)
2023-03-15 06:51:59,350 [Listener at 127.0.0.1/41075] INFO  grpc.GrpcConfigKeys (ConfUtils.java:logGet(46)) - raft.grpc.server.port = 34441 (custom)
2023-03-15 06:51:59,350 [Listener at 127.0.0.1/41075] INFO  server.GrpcService (ConfUtils.java:logGet(46)) - raft.grpc.message.size.max = 33554432 (custom)
2023-03-15 06:51:59,350 [Listener at 127.0.0.1/41075] INFO  server.RaftServerConfigKeys (ConfUtils.java:logGet(46)) - raft.server.log.appender.buffer.byte-limit = 33554432 (custom)
2023-03-15 06:51:59,350 [Listener at 127.0.0.1/41075] INFO  server.GrpcService (ConfUtils.java:logGet(46)) - raft.grpc.flow.control.window = 1MB (=1048576) (default)
2023-03-15 06:51:59,350 [Listener at 127.0.0.1/41075] INFO  server.RaftServerConfigKeys (ConfUtils.java:logGet(46)) - raft.server.rpc.request.timeout = 3000ms (default)
2023-03-15 06:51:59,350 [Listener at 127.0.0.1/41075] INFO  grpc.GrpcConfigKeys (ConfUtils.java:logGet(46)) - raft.grpc.server.heartbeat.channel = true (default)
2023-03-15 06:51:59,351 [Listener at 127.0.0.1/41075] INFO  grpc.GrpcConfigKeys (ConfUtils.java:logGet(46)) - raft.grpc.server.async.request.thread.pool.cached = true (default)
2023-03-15 06:51:59,351 [Listener at 127.0.0.1/41075] INFO  grpc.GrpcConfigKeys (ConfUtils.java:logGet(46)) - raft.grpc.server.async.request.thread.pool.size = 32 (default)
2023-03-15 06:51:59,352 [Listener at 127.0.0.1/41075] INFO  impl.DataStreamServerImpl (ConfUtils.java:logGet(46)) - raft.datastream.type = DISABLED (default)
2023-03-15 06:51:59,352 [Listener at 127.0.0.1/41075] INFO  server.RaftServerConfigKeys (ConfUtils.java:logGet(46)) - raft.server.threadpool.proxy.cached = true (default)
2023-03-15 06:51:59,352 [Listener at 127.0.0.1/41075] INFO  server.RaftServerConfigKeys (ConfUtils.java:logGet(46)) - raft.server.threadpool.proxy.size = 0 (default)
2023-03-15 06:51:59,353 [Listener at 127.0.0.1/41075] INFO  server.RaftServerConfigKeys (ConfUtils.java:logGet(46)) - raft.server.rpc.slowness.timeout = 2s (custom)
2023-03-15 06:51:59,353 [Listener at 127.0.0.1/41075] INFO  server.RaftServerConfigKeys (ConfUtils.java:logGet(46)) - raft.server.leaderelection.leader.step-down.wait-time = 10s (default)
2023-03-15 06:51:59,353 [Listener at 127.0.0.1/41075] INFO  server.RaftServerConfigKeys (ConfUtils.java:logGet(46)) - raft.server.storage.dir = [/home/runner/work/ozone/ozone/hadoop-ozone/integration-test/target/test-dir/MiniOzoneClusterImpl-e79b0a94-dba3-4ba8-a298-d2d15914ceac/omNode-2/ratis] (custom)
2023-03-15 06:51:59,354 [Listener at 127.0.0.1/41075] INFO  server.RaftServer (RaftServerProxy.java:addNew(96)) - omNode-2: addNew group-523986131536:[omNode-3|rpc:localhost:33673|priority:0|startupRole:FOLLOWER, omNode-1|rpc:localhost:34517|priority:0|startupRole:FOLLOWER, omNode-2|rpc:localhost:34441|priority:0|startupRole:FOLLOWER] returns group-523986131536:java.util.concurrent.CompletableFuture@402af74[Not completed]
2023-03-15 06:51:59,354 [Listener at 127.0.0.1/41075] INFO  om.OzoneManager (OzoneManager.java:initializeRatisServer(2107)) - OzoneManager Ratis server initialized at port 34441
2023-03-15 06:51:59,354 [Listener at 127.0.0.1/41075] INFO  om.OzoneManager (OzoneManager.java:getRpcServer(1134)) - Creating RPC Server
2023-03-15 06:51:59,355 [pool-87-thread-1] INFO  server.RaftServer$Division (RaftServerImpl.java:<init>(195)) - omNode-2: new RaftServerImpl for group-523986131536:[omNode-3|rpc:localhost:33673|priority:0|startupRole:FOLLOWER, omNode-1|rpc:localhost:34517|priority:0|startupRole:FOLLOWER, omNode-2|rpc:localhost:34441|priority:0|startupRole:FOLLOWER] with OzoneManagerStateMachine:uninitialized
2023-03-15 06:51:59,356 [pool-87-thread-1] INFO  server.RaftServerConfigKeys (ConfUtils.java:logGet(46)) - raft.server.rpc.timeout.min = 1s (custom)
2023-03-15 06:51:59,356 [pool-87-thread-1] INFO  server.RaftServerConfigKeys (ConfUtils.java:logGet(46)) - raft.server.rpc.timeout.max = 1200ms (custom)
2023-03-15 06:51:59,356 [pool-87-thread-1] INFO  server.RaftServerConfigKeys (ConfUtils.java:logGet(46)) - raft.server.rpc.sleep.time = 25ms (default)
2023-03-15 06:51:59,356 [pool-87-thread-1] INFO  server.RaftServerConfigKeys (ConfUtils.java:logGet(46)) - raft.server.rpc.slowness.timeout = 2s (custom)
2023-03-15 06:51:59,356 [pool-87-thread-1] INFO  server.RaftServerConfigKeys (ConfUtils.java:logGet(46)) - raft.server.leaderelection.leader.step-down.wait-time = 10s (default)
2023-03-15 06:51:59,356 [pool-87-thread-1] INFO  server.RaftServerConfigKeys (ConfUtils.java:logGet(46)) - raft.server.sleep.deviation.threshold = 300ms (default)
2023-03-15 06:51:59,356 [pool-87-thread-1] INFO  server.RaftServer$Division (ServerState.java:<init>(118)) - omNode-2@group-523986131536: ConfigurationManager, init=-1: peers:[omNode-3|rpc:localhost:33673|priority:0|startupRole:FOLLOWER, omNode-1|rpc:localhost:34517|priority:0|startupRole:FOLLOWER, omNode-2|rpc:localhost:34441|priority:0|startupRole:FOLLOWER]|listeners:[], old=null, confs=<EMPTY_MAP>
2023-03-15 06:51:59,356 [pool-87-thread-1] INFO  server.RaftServerConfigKeys (ConfUtils.java:logGet(46)) - raft.server.storage.dir = [/home/runner/work/ozone/ozone/hadoop-ozone/integration-test/target/test-dir/MiniOzoneClusterImpl-e79b0a94-dba3-4ba8-a298-d2d15914ceac/omNode-2/ratis] (custom)
2023-03-15 06:51:59,356 [pool-87-thread-1] INFO  server.RaftServerConfigKeys (ConfUtils.java:logGet(46)) - raft.server.log.corruption.policy = EXCEPTION (default)
2023-03-15 06:51:59,357 [pool-87-thread-1] INFO  server.RaftServerConfigKeys (ConfUtils.java:logGet(46)) - raft.server.storage.free-space.min = 0MB (=0) (default)
2023-03-15 06:51:59,357 [pool-87-thread-1] INFO  server.RaftServerConfigKeys (ConfUtils.java:logGet(46)) - raft.server.notification.no-leader.timeout = 2s (custom)
2023-03-15 06:51:59,357 [pool-87-thread-1] INFO  server.RaftServerConfigKeys (ConfUtils.java:logGet(46)) - raft.server.retrycache.expirytime = 300s (custom)
2023-03-15 06:51:59,357 [pool-87-thread-1] INFO  server.RaftServerConfigKeys (ConfUtils.java:logGet(46)) - raft.server.retrycache.statistics.expirytime = 100μs (default)
2023-03-15 06:51:59,358 [pool-87-thread-1] INFO  server.RaftServerConfigKeys (ConfUtils.java:logGet(46)) - raft.server.log.appender.install.snapshot.enabled = false (custom)
2023-03-15 06:51:59,360 [pool-87-thread-1] INFO  server.RaftServerConfigKeys (ConfUtils.java:logGet(46)) - raft.server.threadpool.server.cached = true (default)
2023-03-15 06:51:59,360 [pool-87-thread-1] INFO  server.RaftServerConfigKeys (ConfUtils.java:logGet(46)) - raft.server.threadpool.server.size = 0 (default)
2023-03-15 06:51:59,360 [pool-87-thread-1] INFO  server.RaftServerConfigKeys (ConfUtils.java:logGet(46)) - raft.server.threadpool.client.cached = true (default)
2023-03-15 06:51:59,360 [pool-87-thread-1] INFO  server.RaftServerConfigKeys (ConfUtils.java:logGet(46)) - raft.server.threadpool.client.size = 0 (default)
2023-03-15 06:51:59,906 [Listener at 127.0.0.1/41075] INFO  reflections.Reflections (Reflections.java:scan(232)) - Reflections took 550 ms to scan 19 urls, producing 68 keys and 4936 values [using 2 cores]
2023-03-15 06:51:59,908 [Listener at 127.0.0.1/41075] INFO  ipc.CallQueueManager (CallQueueManager.java:<init>(90)) - Using callQueue: class java.util.concurrent.LinkedBlockingQueue, queueCapacity: 2000, scheduler: class org.apache.hadoop.ipc.DefaultRpcScheduler, ipcBackoff: false.
2023-03-15 06:51:59,909 [Socket Reader #1 for port 43081] INFO  ipc.Server (Server.java:run(1273)) - Starting Socket Reader #1 for port 43081
2023-03-15 06:51:59,931 [Listener at 127.0.0.1/43081] INFO  impl.MetricsSystemImpl (MetricsSystemImpl.java:init(158)) - OzoneManager metrics system started (again)
2023-03-15 06:51:59,944 [Listener at 127.0.0.1/43081] INFO  om.OzoneManager (OzoneManager.java:start(1564)) - OzoneManager RPC server is listening at localhost/127.0.0.1:43081
2023-03-15 06:51:59,945 [Listener at 127.0.0.1/43081] INFO  ratis.OzoneManagerRatisServer (OzoneManagerRatisServer.java:start(559)) - Starting OzoneManagerRatisServer omNode-2 at port 34441
2023-03-15 06:51:59,945 [omNode-2-impl-thread1] INFO  storage.RaftStorageDirectory (RaftStorageDirectoryImpl.java:analyzeStorage(137)) - The storage directory /home/runner/work/ozone/ozone/hadoop-ozone/integration-test/target/test-dir/MiniOzoneClusterImpl-e79b0a94-dba3-4ba8-a298-d2d15914ceac/omNode-2/ratis/c9bc4cf4-3bc3-3c60-a66b-523986131536 does not exist. Creating ...
2023-03-15 06:51:59,948 [omNode-2-impl-thread1] INFO  storage.RaftStorageDirectory (RaftStorageDirectoryImpl.java:tryLock(231)) - Lock on /home/runner/work/ozone/ozone/hadoop-ozone/integration-test/target/test-dir/MiniOzoneClusterImpl-e79b0a94-dba3-4ba8-a298-d2d15914ceac/omNode-2/ratis/c9bc4cf4-3bc3-3c60-a66b-523986131536/in_use.lock acquired by nodename 3629@fv-az210-452
2023-03-15 06:51:59,950 [omNode-2-impl-thread1] INFO  storage.RaftStorage (RaftStorageImpl.java:format(96)) - Storage directory /home/runner/work/ozone/ozone/hadoop-ozone/integration-test/target/test-dir/MiniOzoneClusterImpl-e79b0a94-dba3-4ba8-a298-d2d15914ceac/omNode-2/ratis/c9bc4cf4-3bc3-3c60-a66b-523986131536 has been successfully formatted.
2023-03-15 06:51:59,950 [omNode-2-impl-thread1] INFO  server.RaftServerConfigKeys (ConfUtils.java:logGet(46)) - raft.server.log.use.memory = false (default)
2023-03-15 06:51:59,950 [omNode-2-impl-thread1] INFO  server.RaftServerConfigKeys (ConfUtils.java:logGet(46)) - raft.server.log.purge.gap = 1000000 (custom)
2023-03-15 06:51:59,950 [omNode-2-impl-thread1] INFO  server.RaftServerConfigKeys (ConfUtils.java:logGet(46)) - raft.server.log.appender.buffer.byte-limit = 33554432 (custom)
2023-03-15 06:51:59,951 [omNode-2-impl-thread1] INFO  server.RaftServerConfigKeys (ConfUtils.java:logGet(46)) - raft.server.log.statemachine.data.read.timeout = 1000ms (default)
2023-03-15 06:52:00,140 [omNode-2-impl-thread1] INFO  server.RaftServerConfigKeys (ConfUtils.java:logGet(46)) - raft.server.log.purge.preservation.log.num = 0 (default)
2023-03-15 06:52:00,143 [omNode-1@group-523986131536-FollowerState] INFO  impl.FollowerState (FollowerState.java:run(143)) - omNode-1@group-523986131536-FollowerState: change to CANDIDATE, lastRpcElapsedTime:1321194959ns, electionTimeout:1127ms
2023-03-15 06:52:00,144 [omNode-1@group-523986131536-FollowerState] INFO  impl.RoleInfo (RoleInfo.java:shutdownFollowerState(110)) - omNode-1: shutdown omNode-1@group-523986131536-FollowerState
2023-03-15 06:52:00,145 [omNode-1@group-523986131536-FollowerState] INFO  server.RaftServer$Division (RaftServerImpl.java:setRole(321)) - omNode-1@group-523986131536: changes role from  FOLLOWER to CANDIDATE at term 0 for changeToCandidate
2023-03-15 06:52:00,148 [omNode-2-impl-thread1] INFO  server.RaftServerConfigKeys (ConfUtils.java:logGet(46)) - raft.server.log.segment.size.max = 4194304 (custom)
2023-03-15 06:52:00,148 [omNode-2-impl-thread1] INFO  server.RaftServerConfigKeys (ConfUtils.java:logGet(46)) - raft.server.log.segment.cache.num.max = 2 (custom)
2023-03-15 06:52:00,149 [omNode-2-impl-thread1] INFO  server.RaftServerConfigKeys (ConfUtils.java:logGet(46)) - raft.server.log.segment.cache.size.max = 200MB (=209715200) (default)
2023-03-15 06:52:00,149 [omNode-2-impl-thread1] INFO  segmented.SegmentedRaftLogWorker (SegmentedRaftLogWorker.java:<init>(189)) - new omNode-2@group-523986131536-SegmentedRaftLogWorker for RaftStorageImpl:Storage Directory /home/runner/work/ozone/ozone/hadoop-ozone/integration-test/target/test-dir/MiniOzoneClusterImpl-e79b0a94-dba3-4ba8-a298-d2d15914ceac/omNode-2/ratis/c9bc4cf4-3bc3-3c60-a66b-523986131536
2023-03-15 06:52:00,154 [omNode-2-impl-thread1] INFO  server.RaftServerConfigKeys (ConfUtils.java:logGet(46)) - raft.server.log.queue.byte-limit = 64MB (=67108864) (default)
2023-03-15 06:52:00,154 [omNode-2-impl-thread1] INFO  server.RaftServerConfigKeys (ConfUtils.java:logGet(46)) - raft.server.log.queue.element-limit = 4096 (default)
2023-03-15 06:52:00,154 [omNode-2-impl-thread1] INFO  server.RaftServerConfigKeys (ConfUtils.java:logGet(46)) - raft.server.log.segment.size.max = 4194304 (custom)
2023-03-15 06:52:00,154 [omNode-2-impl-thread1] INFO  server.RaftServerConfigKeys (ConfUtils.java:logGet(46)) - raft.server.log.preallocated.size = 4194304 (custom)
2023-03-15 06:52:00,154 [omNode-2-impl-thread1] INFO  server.RaftServerConfigKeys (ConfUtils.java:logGet(46)) - raft.server.log.force.sync.num = 128 (default)
2023-03-15 06:52:00,154 [omNode-2-impl-thread1] INFO  server.RaftServerConfigKeys (ConfUtils.java:logGet(46)) - raft.server.log.statemachine.data.sync = true (default)
2023-03-15 06:52:00,154 [omNode-2-impl-thread1] INFO  server.RaftServerConfigKeys (ConfUtils.java:logGet(46)) - raft.server.log.statemachine.data.sync.timeout = 10s (default)
2023-03-15 06:52:00,155 [omNode-2-impl-thread1] INFO  server.RaftServerConfigKeys (ConfUtils.java:logGet(46)) - raft.server.log.statemachine.data.sync.timeout.retry = -1 (default)
2023-03-15 06:52:00,156 [omNode-2-impl-thread1] INFO  server.RaftServerConfigKeys (ConfUtils.java:logGet(46)) - raft.server.log.write.buffer.size = 64KB (=65536) (default)
2023-03-15 06:52:00,156 [omNode-2-impl-thread1] INFO  server.RaftServerConfigKeys (ConfUtils.java:logGet(46)) - raft.server.log.appender.buffer.byte-limit = 33554432 (custom)
2023-03-15 06:52:00,167 [Finalizer] WARN  managed.ManagedRocksObjectUtils (ManagedRocksObjectUtils.java:assertClosed(54)) - RocksIterator is not closed properly
2023-03-15 06:52:00,169 [omNode-2-impl-thread1] INFO  server.RaftServerConfigKeys (ConfUtils.java:logGet(46)) - raft.server.log.unsafe-flush.enabled = false (default)
2023-03-15 06:52:00,169 [omNode-2-impl-thread1] INFO  server.RaftServerConfigKeys (ConfUtils.java:logGet(46)) - raft.server.log.async-flush.enabled = false (default)
2023-03-15 06:52:00,170 [omNode-2-impl-thread1] INFO  server.RaftServerConfigKeys (ConfUtils.java:logGet(46)) - raft.server.log.statemachine.data.caching.enabled = false (default)
2023-03-15 06:52:00,170 [omNode-2-impl-thread1] INFO  segmented.SegmentedRaftLogWorker (SegmentedRaftLogWorker.java:lambda$new$0(135)) - omNode-2@group-523986131536-SegmentedRaftLogWorker: flushIndex: setUnconditionally 0 -> -1
2023-03-15 06:52:00,170 [omNode-2-impl-thread1] INFO  segmented.SegmentedRaftLogWorker (SegmentedRaftLogWorker.java:lambda$new$0(135)) - omNode-2@group-523986131536-SegmentedRaftLogWorker: safeCacheEvictIndex: setUnconditionally 0 -> -1
2023-03-15 06:52:00,175 [omNode-2-impl-thread1] INFO  server.RaftServer$Division (RaftServerImpl.java:start(334)) - omNode-2@group-523986131536: start as a follower, conf=-1: peers:[omNode-3|rpc:localhost:33673|priority:0|startupRole:FOLLOWER, omNode-1|rpc:localhost:34517|priority:0|startupRole:FOLLOWER, omNode-2|rpc:localhost:34441|priority:0|startupRole:FOLLOWER]|listeners:[], old=null
2023-03-15 06:52:00,175 [omNode-2-impl-thread1] INFO  server.RaftServer$Division (RaftServerImpl.java:setRole(321)) - omNode-2@group-523986131536: changes role from      null to FOLLOWER at term 0 for startAsFollower
2023-03-15 06:52:00,175 [omNode-2-impl-thread1] INFO  impl.RoleInfo (RoleInfo.java:updateAndGet(139)) - omNode-2: start omNode-2@group-523986131536-FollowerState
2023-03-15 06:52:00,178 [omNode-2-impl-thread1] INFO  util.JmxRegister (JmxRegister.java:tryRegister(44)) - Successfully registered JMX Bean with object name Ratis:service=RaftServer,group=group-523986131536,id=omNode-2
2023-03-15 06:52:00,179 [omNode-2-impl-thread1] INFO  server.RaftServerConfigKeys (ConfUtils.java:logGet(46)) - raft.server.snapshot.auto.trigger.enabled = true (custom)
2023-03-15 06:52:00,179 [omNode-2-impl-thread1] INFO  server.RaftServerConfigKeys (ConfUtils.java:logGet(46)) - raft.server.snapshot.auto.trigger.threshold = 400000 (default)
2023-03-15 06:52:00,179 [omNode-2-impl-thread1] INFO  server.RaftServerConfigKeys (ConfUtils.java:logGet(46)) - raft.server.snapshot.retention.file.num = -1 (default)
2023-03-15 06:52:00,179 [omNode-2-impl-thread1] INFO  server.RaftServerConfigKeys (ConfUtils.java:logGet(46)) - raft.server.log.purge.upto.snapshot.index = true (custom)
2023-03-15 06:52:00,184 [Listener at 127.0.0.1/43081] INFO  server.RaftServer (RaftServerProxy.java:startImpl(393)) - omNode-2: start RPC server
2023-03-15 06:52:00,186 [Listener at 127.0.0.1/43081] INFO  server.GrpcService (GrpcService.java:startImpl(262)) - omNode-2: GrpcService started, listening on 34441
2023-03-15 06:52:00,187 [Listener at 127.0.0.1/43081] INFO  om.OzoneManager (OzoneManager.java:start(1580)) - Version File has different layout version (3) than OM DB (null). That is expected if this OM has never been finalized to a newer layout version.
2023-03-15 06:52:00,195 [omNode-2@group-523986131536-FollowerState] INFO  server.RaftServerConfigKeys (ConfUtils.java:logFallback(53)) - raft.server.rpc.first-election.timeout.min = 1s (fallback to raft.server.rpc.timeout.min)
2023-03-15 06:52:00,195 [omNode-2@group-523986131536-FollowerState] INFO  server.RaftServerConfigKeys (ConfUtils.java:logFallback(53)) - raft.server.rpc.first-election.timeout.max = 1200ms (fallback to raft.server.rpc.timeout.max)
2023-03-15 06:52:00,206 [Listener at 127.0.0.1/43081] INFO  http.BaseHttpServer (BaseHttpServer.java:newHttpServer2BuilderForOzone(224)) - Starting Web-server for ozoneManager at: http://0.0.0.0:40163
2023-03-15 06:52:00,206 [Listener at 127.0.0.1/43081] INFO  http.BaseHttpServer (BaseHttpServer.java:<init>(111)) - Hadoop Security Enabled: false Ozone Security Enabled: false Ozone HTTP Security Enabled: false 
2023-03-15 06:52:00,208 [Listener at 127.0.0.1/43081] WARN  server.AuthenticationFilter (AuthenticationFilter.java:constructSecretProvider(240)) - Unable to initialize FileSignerSecretProvider, falling back to use random secrets. Reason: Could not read signature secret file: /home/runner/hadoop-http-auth-signature-secret
2023-03-15 06:52:00,188 [JvmPauseMonitor1] INFO  util.JvmPauseMonitor (JvmPauseMonitor.java:run(105)) - JvmPauseMonitor-omNode-2: Started
2023-03-15 06:52:00,215 [omNode-1@group-523986131536-FollowerState] INFO  server.RaftServerConfigKeys (ConfUtils.java:logGet(46)) - raft.server.leaderelection.pre-vote = true (default)
2023-03-15 06:52:00,215 [omNode-1@group-523986131536-FollowerState] INFO  impl.RoleInfo (RoleInfo.java:updateAndGet(139)) - omNode-1: start omNode-1@group-523986131536-LeaderElection1
2023-03-15 06:52:00,216 [Listener at 127.0.0.1/43081] WARN  http.HttpRequestLog (HttpRequestLog.java:getRequestLog(103)) - Jetty request log can only be enabled using Log4j
2023-03-15 06:52:00,222 [Listener at 127.0.0.1/43081] INFO  http.HttpServer2 (HttpServer2.java:addGlobalFilter(1031)) - Added global filter 'safety' (class=org.apache.hadoop.hdds.server.http.HttpServer2$QuotingInputFilter)
2023-03-15 06:52:00,223 [Listener at 127.0.0.1/43081] INFO  http.HttpServer2 (HttpServer2.java:addFilter(1007)) - Added filter static_user_filter (class=org.apache.hadoop.http.lib.StaticUserWebFilter$StaticUserFilter) to context ozoneManager
2023-03-15 06:52:00,223 [Listener at 127.0.0.1/43081] INFO  http.HttpServer2 (HttpServer2.java:addFilter(1015)) - Added filter static_user_filter (class=org.apache.hadoop.http.lib.StaticUserWebFilter$StaticUserFilter) to context logs
2023-03-15 06:52:00,223 [Listener at 127.0.0.1/43081] INFO  http.HttpServer2 (HttpServer2.java:addFilter(1015)) - Added filter static_user_filter (class=org.apache.hadoop.http.lib.StaticUserWebFilter$StaticUserFilter) to context static
2023-03-15 06:52:00,224 [Listener at 127.0.0.1/43081] INFO  http.BaseHttpServer (BaseHttpServer.java:<init>(190)) - HTTP server of ozoneManager uses base directory /home/runner/work/ozone/ozone/hadoop-ozone/integration-test/target/test-dir/MiniOzoneClusterImpl-e79b0a94-dba3-4ba8-a298-d2d15914ceac/omNode-2/webserver
2023-03-15 06:52:00,224 [Listener at 127.0.0.1/43081] INFO  http.HttpServer2 (HttpServer2.java:bindListener(1250)) - Jetty bound to port 40163
2023-03-15 06:52:00,224 [Listener at 127.0.0.1/43081] INFO  server.Server (Server.java:doStart(375)) - jetty-9.4.49.v20220914; built: 2022-09-14T01:07:36.601Z; git: 4231a3b2e4cb8548a412a789936d640a97b1aa0a; jvm 1.8.0_362-b09
2023-03-15 06:52:00,231 [omNode-1@group-523986131536-LeaderElection1] INFO  impl.LeaderElection (LeaderElection.java:askForVotes(312)) - omNode-1@group-523986131536-LeaderElection1 PRE_VOTE round 0: submit vote requests at term 0 for -1: peers:[omNode-3|rpc:localhost:33673|priority:0|startupRole:FOLLOWER, omNode-1|rpc:localhost:34517|priority:0|startupRole:FOLLOWER, omNode-2|rpc:localhost:34441|priority:0|startupRole:FOLLOWER]|listeners:[], old=null
2023-03-15 06:52:00,248 [Listener at 127.0.0.1/43081] INFO  server.session (DefaultSessionIdManager.java:doStart(334)) - DefaultSessionIdManager workerName=node0
2023-03-15 06:52:00,248 [Listener at 127.0.0.1/43081] INFO  server.session (DefaultSessionIdManager.java:doStart(339)) - No SessionScavenger set, using defaults
2023-03-15 06:52:00,248 [Listener at 127.0.0.1/43081] INFO  server.session (HouseKeeper.java:startScavenging(132)) - node0 Scavenging every 660000ms
2023-03-15 06:52:00,253 [Listener at 127.0.0.1/43081] INFO  handler.ContextHandler (ContextHandler.java:doStart(921)) - Started o.e.j.s.ServletContextHandler@5407721{logs,/logs,file:///home/runner/work/ozone/ozone/hadoop-ozone/integration-test/target/log,AVAILABLE}
2023-03-15 06:52:00,254 [Listener at 127.0.0.1/43081] INFO  handler.ContextHandler (ContextHandler.java:doStart(921)) - Started o.e.j.s.ServletContextHandler@35989ae2{static,/static,file:///home/runner/work/ozone/ozone/hadoop-ozone/integration-test/target/test-classes/webapps/static,AVAILABLE}
2023-03-15 06:52:00,258 [Listener at 127.0.0.1/43081] INFO  handler.ContextHandler (ContextHandler.java:doStart(921)) - Started o.e.j.w.WebAppContext@7027c359{ozoneManager,/,file:///home/runner/work/ozone/ozone/hadoop-ozone/integration-test/target/test-classes/webapps/ozoneManager/,AVAILABLE}{file:/home/runner/work/ozone/ozone/hadoop-ozone/integration-test/target/test-classes/webapps/ozoneManager}
2023-03-15 06:52:00,260 [Listener at 127.0.0.1/43081] INFO  server.AbstractConnector (AbstractConnector.java:doStart(333)) - Started ServerConnector@41f40b0e{HTTP/1.1, (http/1.1)}{0.0.0.0:40163}
2023-03-15 06:52:00,260 [Listener at 127.0.0.1/43081] INFO  server.Server (Server.java:doStart(415)) - Started @9751ms
2023-03-15 06:52:00,261 [Listener at 127.0.0.1/43081] WARN  impl.MetricsSystemImpl (MetricsSystemImpl.java:register(279)) - Sink prometheus already exists!
2023-03-15 06:52:00,261 [Listener at 127.0.0.1/43081] INFO  http.BaseHttpServer (BaseHttpServer.java:updateConnectorAddress(344)) - HTTP server of ozoneManager listening at http://0.0.0.0:40163
2023-03-15 06:52:00,262 [IPC Server Responder] INFO  ipc.Server (Server.java:run(1512)) - IPC Server Responder: starting
2023-03-15 06:52:00,262 [IPC Server listener on 43081] INFO  ipc.Server (Server.java:run(1352)) - IPC Server listener on 43081: starting
2023-03-15 06:52:00,271 [Listener at 127.0.0.1/43081] INFO  om.OzoneManager (OzoneManager.java:startTrashEmptier(2051)) - Trash Interval set to 0. Files deleted won't move to trash
2023-03-15 06:52:00,272 [Listener at 127.0.0.1/43081] INFO  ozone.MiniOzoneHAClusterImpl (MiniOzoneHAClusterImpl.java:createOMService(527)) - Started OzoneManager omNode-2 RPC server at localhost/127.0.0.1:43081
2023-03-15 06:52:00,273 [Listener at 127.0.0.1/43081] INFO  ha.OMHANodeDetails (OMHANodeDetails.java:loadOMHAConfig(121)) - ServiceID for OzoneManager is om-service-test1
2023-03-15 06:52:00,274 [Listener at 127.0.0.1/43081] INFO  ha.OMHANodeDetails (OMHANodeDetails.java:loadOMHAConfig(201)) - Found matching OM address with OMServiceId: om-service-test1, OMNodeId: omNode-3, RPC Address: localhost:39575 and Ratis port: 33673
2023-03-15 06:52:00,274 [Listener at 127.0.0.1/43081] INFO  ha.OMHANodeDetails (ConfUtils.java:setNodeSpecificConfigs(97)) - Setting configuration key ozone.om.http-address with value of key ozone.om.http-address.om-service-test1.omNode-3: 127.0.0.1:44473
2023-03-15 06:52:00,274 [Listener at 127.0.0.1/43081] INFO  ha.OMHANodeDetails (ConfUtils.java:setNodeSpecificConfigs(97)) - Setting configuration key ozone.om.https-address with value of key ozone.om.https-address.om-service-test1.omNode-3: 127.0.0.1:40795
2023-03-15 06:52:00,281 [Listener at 127.0.0.1/43081] INFO  ha.OMHANodeDetails (ConfUtils.java:setNodeSpecificConfigs(97)) - Setting configuration key ozone.om.address with value of key ozone.om.address.om-service-test1.omNode-3: 127.0.0.1:39575
2023-03-15 06:52:00,281 [Listener at 127.0.0.1/43081] WARN  server.ServerUtils (ServerUtils.java:getDBPath(225)) - ozone.om.db.dirs is not configured. We recommend adding this setting. Falling back to ozone.metadata.dirs instead.
2023-03-15 06:52:00,284 [Listener at 127.0.0.1/43081] INFO  proxy.SCMBlockLocationFailoverProxyProvider (SCMBlockLocationFailoverProxyProvider.java:<init>(114)) - Created block location fail-over proxy with 1 nodes: [nodeId=scmNodeId,nodeAddress=/0.0.0.0:37185]
2023-03-15 06:52:00,285 [org.apache.hadoop.util.JvmPauseMonitor$Monitor@671b4820] INFO  util.JvmPauseMonitor (JvmPauseMonitor.java:run(188)) - Starting JVM pause monitor
2023-03-15 06:52:00,290 [omNode-1@group-523986131536-LeaderElection1] INFO  server.RaftServerConfigKeys (ConfUtils.java:logFallback(53)) - raft.server.rpc.first-election.timeout.min = 1s (fallback to raft.server.rpc.timeout.min)
2023-03-15 06:52:00,291 [omNode-1@group-523986131536-LeaderElection1] INFO  server.RaftServerConfigKeys (ConfUtils.java:logFallback(53)) - raft.server.rpc.first-election.timeout.max = 1200ms (fallback to raft.server.rpc.timeout.max)
2023-03-15 06:52:00,315 [omNode-1@group-523986131536-LeaderElection1-1] INFO  server.GrpcServerProtocolClient (GrpcServerProtocolClient.java:<init>(63)) - Build channel for omNode-3
OM initialization succeeded.Current cluster id for sd=/home/runner/work/ozone/ozone/hadoop-ozone/integration-test/target/test-dir/MiniOzoneClusterImpl-e79b0a94-dba3-4ba8-a298-d2d15914ceac/omNode-3/om;cid=e79b0a94-dba3-4ba8-a298-d2d15914ceac;layoutVersion=3
2023-03-15 06:52:00,318 [omNode-1@group-523986131536-LeaderElection1-2] INFO  server.GrpcServerProtocolClient (GrpcServerProtocolClient.java:<init>(63)) - Build channel for omNode-2
2023-03-15 06:52:00,325 [Listener at 127.0.0.1/43081] INFO  ha.OMHANodeDetails (OMHANodeDetails.java:loadOMHAConfig(121)) - ServiceID for OzoneManager is om-service-test1
2023-03-15 06:52:00,325 [Listener at 127.0.0.1/43081] INFO  ha.OMHANodeDetails (OMHANodeDetails.java:loadOMHAConfig(201)) - Found matching OM address with OMServiceId: om-service-test1, OMNodeId: omNode-3, RPC Address: localhost:39575 and Ratis port: 33673
2023-03-15 06:52:00,326 [Listener at 127.0.0.1/43081] INFO  ha.OMHANodeDetails (ConfUtils.java:setNodeSpecificConfigs(97)) - Setting configuration key ozone.om.http-address with value of key ozone.om.http-address.om-service-test1.omNode-3: 127.0.0.1:44473
2023-03-15 06:52:00,326 [Listener at 127.0.0.1/43081] INFO  ha.OMHANodeDetails (ConfUtils.java:setNodeSpecificConfigs(97)) - Setting configuration key ozone.om.https-address with value of key ozone.om.https-address.om-service-test1.omNode-3: 127.0.0.1:40795
2023-03-15 06:52:00,326 [Listener at 127.0.0.1/43081] INFO  ha.OMHANodeDetails (ConfUtils.java:setNodeSpecificConfigs(97)) - Setting configuration key ozone.om.address with value of key ozone.om.address.om-service-test1.omNode-3: 127.0.0.1:39575
2023-03-15 06:52:00,326 [Listener at 127.0.0.1/43081] WARN  server.ServerUtils (ServerUtils.java:getDBPath(225)) - ozone.om.db.dirs is not configured. We recommend adding this setting. Falling back to ozone.metadata.dirs instead.
2023-03-15 06:52:00,328 [Listener at 127.0.0.1/43081] INFO  upgrade.AbstractLayoutVersionManager (AbstractLayoutVersionManager.java:init(83)) - Initializing Layout version manager with metadata layout = MULTITENANCY_SCHEMA (version = 3), software layout = MULTITENANCY_SCHEMA (version = 3)
2023-03-15 06:52:00,541 [Listener at 127.0.0.1/43081] INFO  reflections.Reflections (Reflections.java:scan(232)) - Reflections took 211 ms to scan 2 urls, producing 167 keys and 464 values [using 2 cores]
2023-03-15 06:52:00,541 [Listener at 127.0.0.1/43081] INFO  upgrade.OMLayoutVersionManager (OMLayoutVersionManager.java:lambda$0(115)) - Skipping Upgrade Action MockOmUpgradeAction since it has been finalized.
2023-03-15 06:52:00,542 [Listener at 127.0.0.1/43081] WARN  server.ServerUtils (ServerUtils.java:getDBPath(225)) - ozone.om.db.dirs is not configured. We recommend adding this setting. Falling back to ozone.metadata.dirs instead.
2023-03-15 06:52:00,543 [Listener at 127.0.0.1/43081] INFO  proxy.SCMBlockLocationFailoverProxyProvider (SCMBlockLocationFailoverProxyProvider.java:<init>(114)) - Created block location fail-over proxy with 1 nodes: [nodeId=scmNodeId,nodeAddress=/0.0.0.0:37185]
2023-03-15 06:52:00,549 [Listener at 127.0.0.1/43081] INFO  proxy.SCMBlockLocationFailoverProxyProvider (SCMBlockLocationFailoverProxyProvider.java:<init>(114)) - Created block location fail-over proxy with 1 nodes: [nodeId=scmNodeId,nodeAddress=/0.0.0.0:37185]
2023-03-15 06:52:00,566 [Listener at 127.0.0.1/43081] INFO  om.OzoneManager (OzoneManager.java:<init>(620)) - OM start with adminUsers: [runner]
2023-03-15 06:52:00,567 [Listener at 127.0.0.1/43081] WARN  server.ServerUtils (ServerUtils.java:getDBPath(225)) - ozone.om.db.dirs is not configured. We recommend adding this setting. Falling back to ozone.metadata.dirs instead.
2023-03-15 06:52:00,568 [Listener at 127.0.0.1/43081] INFO  codec.OmKeyInfoCodec (OmKeyInfoCodec.java:<init>(49)) - OmKeyInfoCodec ignorePipeline = true
2023-03-15 06:52:00,568 [Listener at 127.0.0.1/43081] INFO  codec.RepeatedOmKeyInfoCodec (RepeatedOmKeyInfoCodec.java:<init>(41)) - RepeatedOmKeyInfoCodec ignorePipeline = true
2023-03-15 06:52:00,708 [omNode-1@group-523986131536-LeaderElection1] INFO  impl.LeaderElection (LogUtils.java:infoOrTrace(137)) - omNode-1@group-523986131536-LeaderElection1 got exception when requesting votes: java.util.concurrent.ExecutionException: org.apache.ratis.thirdparty.io.grpc.StatusRuntimeException: UNAVAILABLE: io exception
2023-03-15 06:52:00,893 [grpc-default-executor-0] INFO  server.RaftServer$Division (RaftServerImpl.java:requestVote(1218)) - omNode-2@group-523986131536: receive requestVote(PRE_VOTE, omNode-1, group-523986131536, 0, (t:0, i:~))
2023-03-15 06:52:00,896 [grpc-default-executor-0] INFO  impl.VoteContext (VoteContext.java:log(49)) - omNode-2@group-523986131536-FOLLOWER: accept PRE_VOTE from omNode-1: our priority 0 <= candidate's priority 0
2023-03-15 06:52:00,925 [grpc-default-executor-0] INFO  server.RaftServer$Division (RaftServerImpl.java:requestVote(1251)) - omNode-2@group-523986131536 replies to PRE_VOTE vote request: omNode-1<-omNode-2#0:OK-t0. Peer's state: omNode-2@group-523986131536:t0, leader=null, voted=, raftlog=Memoized:omNode-2@group-523986131536-SegmentedRaftLog:OPENED:c-1, conf=-1: peers:[omNode-3|rpc:localhost:33673|priority:0|startupRole:FOLLOWER, omNode-1|rpc:localhost:34517|priority:0|startupRole:FOLLOWER, omNode-2|rpc:localhost:34441|priority:0|startupRole:FOLLOWER]|listeners:[], old=null
2023-03-15 06:52:00,938 [omNode-1@group-523986131536-LeaderElection1] INFO  impl.LeaderElection (LeaderElection.java:logAndReturn(90)) - omNode-1@group-523986131536-LeaderElection1: PRE_VOTE PASSED received 1 response(s) and 1 exception(s):
2023-03-15 06:52:00,938 [omNode-1@group-523986131536-LeaderElection1] INFO  impl.LeaderElection (LeaderElection.java:logAndReturn(94)) -   Response 0: omNode-1<-omNode-2#0:OK-t0
2023-03-15 06:52:00,939 [omNode-1@group-523986131536-LeaderElection1] INFO  impl.LeaderElection (LogUtils.java:infoOrTrace(137)) -   Exception 1: java.util.concurrent.ExecutionException: org.apache.ratis.thirdparty.io.grpc.StatusRuntimeException: UNAVAILABLE: io exception
2023-03-15 06:52:00,939 [omNode-1@group-523986131536-LeaderElection1] INFO  impl.LeaderElection (LeaderElection.java:askForVotes(314)) - omNode-1@group-523986131536-LeaderElection1 PRE_VOTE round 0: result PASSED
2023-03-15 06:52:00,941 [omNode-1@group-523986131536-LeaderElection1] INFO  impl.LeaderElection (LeaderElection.java:askForVotes(312)) - omNode-1@group-523986131536-LeaderElection1 ELECTION round 0: submit vote requests at term 1 for -1: peers:[omNode-3|rpc:localhost:33673|priority:0|startupRole:FOLLOWER, omNode-1|rpc:localhost:34517|priority:0|startupRole:FOLLOWER, omNode-2|rpc:localhost:34441|priority:0|startupRole:FOLLOWER]|listeners:[], old=null
2023-03-15 06:52:00,959 [Listener at 127.0.0.1/43081] INFO  om.OzoneManager (OzoneManager.java:instantiateServices(750)) - S3 Multi-Tenancy is disabled
2023-03-15 06:52:00,964 [Listener at 127.0.0.1/43081] WARN  server.ServerUtils (ServerUtils.java:getDBPath(225)) - ozone.om.snapshot.diff.db.dir is not configured. We recommend adding this setting. Falling back to ozone.metadata.dirs instead.
2023-03-15 06:52:00,966 [omNode-1@group-523986131536-LeaderElection1] INFO  server.RaftServerConfigKeys (ConfUtils.java:logFallback(53)) - raft.server.rpc.first-election.timeout.min = 1s (fallback to raft.server.rpc.timeout.min)
2023-03-15 06:52:00,967 [omNode-1@group-523986131536-LeaderElection1] INFO  server.RaftServerConfigKeys (ConfUtils.java:logFallback(53)) - raft.server.rpc.first-election.timeout.max = 1200ms (fallback to raft.server.rpc.timeout.max)
2023-03-15 06:52:00,967 [omNode-1@group-523986131536-LeaderElection1] INFO  impl.LeaderElection (LogUtils.java:infoOrTrace(137)) - omNode-1@group-523986131536-LeaderElection1 got exception when requesting votes: java.util.concurrent.ExecutionException: org.apache.ratis.thirdparty.io.grpc.StatusRuntimeException: UNAVAILABLE: io exception
2023-03-15 06:52:00,973 [grpc-default-executor-0] INFO  server.RaftServer$Division (RaftServerImpl.java:requestVote(1218)) - omNode-2@group-523986131536: receive requestVote(ELECTION, omNode-1, group-523986131536, 1, (t:0, i:~))
2023-03-15 06:52:00,973 [grpc-default-executor-0] INFO  impl.VoteContext (VoteContext.java:log(49)) - omNode-2@group-523986131536-FOLLOWER: accept ELECTION from omNode-1: our priority 0 <= candidate's priority 0
2023-03-15 06:52:00,974 [grpc-default-executor-0] INFO  server.RaftServer$Division (RaftServerImpl.java:setRole(321)) - omNode-2@group-523986131536: changes role from  FOLLOWER to FOLLOWER at term 1 for candidate:omNode-1
2023-03-15 06:52:00,974 [grpc-default-executor-0] INFO  impl.RoleInfo (RoleInfo.java:shutdownFollowerState(110)) - omNode-2: shutdown omNode-2@group-523986131536-FollowerState
2023-03-15 06:52:00,975 [grpc-default-executor-0] INFO  impl.RoleInfo (RoleInfo.java:updateAndGet(139)) - omNode-2: start omNode-2@group-523986131536-FollowerState
2023-03-15 06:52:00,975 [omNode-2@group-523986131536-FollowerState] INFO  impl.FollowerState (FollowerState.java:run(152)) - omNode-2@group-523986131536-FollowerState was interrupted
2023-03-15 06:52:00,982 [omNode-2@group-523986131536-FollowerState] INFO  server.RaftServerConfigKeys (ConfUtils.java:logFallback(53)) - raft.server.rpc.first-election.timeout.min = 1s (fallback to raft.server.rpc.timeout.min)
2023-03-15 06:52:00,983 [grpc-default-executor-0] INFO  server.RaftServer$Division (RaftServerImpl.java:requestVote(1251)) - omNode-2@group-523986131536 replies to ELECTION vote request: omNode-1<-omNode-2#0:OK-t1. Peer's state: omNode-2@group-523986131536:t1, leader=null, voted=omNode-1, raftlog=Memoized:omNode-2@group-523986131536-SegmentedRaftLog:OPENED:c-1, conf=-1: peers:[omNode-3|rpc:localhost:33673|priority:0|startupRole:FOLLOWER, omNode-1|rpc:localhost:34517|priority:0|startupRole:FOLLOWER, omNode-2|rpc:localhost:34441|priority:0|startupRole:FOLLOWER]|listeners:[], old=null
2023-03-15 06:52:00,986 [omNode-1@group-523986131536-LeaderElection1] INFO  impl.LeaderElection (LeaderElection.java:logAndReturn(90)) - omNode-1@group-523986131536-LeaderElection1: ELECTION PASSED received 1 response(s) and 1 exception(s):
2023-03-15 06:52:00,986 [omNode-1@group-523986131536-LeaderElection1] INFO  impl.LeaderElection (LeaderElection.java:logAndReturn(94)) -   Response 0: omNode-1<-omNode-2#0:OK-t1
2023-03-15 06:52:00,986 [omNode-1@group-523986131536-LeaderElection1] INFO  impl.LeaderElection (LogUtils.java:infoOrTrace(137)) -   Exception 1: java.util.concurrent.ExecutionException: org.apache.ratis.thirdparty.io.grpc.StatusRuntimeException: UNAVAILABLE: io exception
2023-03-15 06:52:00,986 [omNode-1@group-523986131536-LeaderElection1] INFO  impl.LeaderElection (LeaderElection.java:askForVotes(314)) - omNode-1@group-523986131536-LeaderElection1 ELECTION round 0: result PASSED
2023-03-15 06:52:00,986 [omNode-1@group-523986131536-LeaderElection1] INFO  impl.RoleInfo (RoleInfo.java:shutdownLeaderElection(130)) - omNode-1: shutdown omNode-1@group-523986131536-LeaderElection1
2023-03-15 06:52:00,987 [omNode-1@group-523986131536-LeaderElection1] INFO  server.RaftServer$Division (RaftServerImpl.java:setRole(321)) - omNode-1@group-523986131536: changes role from CANDIDATE to LEADER at term 1 for changeToLeader
2023-03-15 06:52:00,987 [omNode-1@group-523986131536-LeaderElection1] INFO  server.RaftServer$Division (ServerState.java:setLeader(313)) - omNode-1@group-523986131536: change Leader from null to omNode-1 at term 1 for becomeLeader, leader elected after 3548ms
2023-03-15 06:52:00,999 [Listener at 127.0.0.1/43081] INFO  om.OzoneManager (OzoneManager.java:addS3GVolumeToDB(4228)) - Created Volume s3v With Owner runner required for S3Gateway operations.
2023-03-15 06:52:01,003 [Listener at 127.0.0.1/43081] WARN  server.ServerUtils (ServerUtils.java:getDefaultRatisDirectory(237)) - Storage directory for Ratis is not configured. It is a good idea to map this to an SSD disk. Falling back to ozone.metadata.dirs
2023-03-15 06:52:01,003 [Listener at 127.0.0.1/43081] WARN  utils.OzoneManagerRatisUtils (OzoneManagerRatisUtils.java:getOMRatisSnapshotDirectory(439)) - ozone.om.ratis.snapshot.dir is not configured. Falling back to ozone.metadata.dirs config
2023-03-15 06:52:01,004 [Listener at 127.0.0.1/43081] INFO  snapshot.OzoneManagerSnapshotProvider (OzoneManagerSnapshotProvider.java:<init>(76)) - Initializing OM Snapshot Provider
2023-03-15 06:52:01,003 [omNode-2@group-523986131536-FollowerState] INFO  server.RaftServerConfigKeys (ConfUtils.java:logFallback(53)) - raft.server.rpc.first-election.timeout.max = 1200ms (fallback to raft.server.rpc.timeout.max)
2023-03-15 06:52:01,006 [omNode-1@group-523986131536-LeaderElection1] INFO  server.RaftServerConfigKeys (ConfUtils.java:logGet(46)) - raft.server.staging.catchup.gap = 1000 (default)
2023-03-15 06:52:01,011 [Listener at 127.0.0.1/43081] WARN  impl.MetricRegistriesImpl (MetricRegistriesImpl.java:addReporterRegistration(111)) - New reporters are added after registries were created. Some metrics will be missing from the reporter. Please add reporter before adding any new registry.
2023-03-15 06:52:01,011 [Listener at 127.0.0.1/43081] WARN  impl.MetricRegistriesImpl (MetricRegistriesImpl.java:addReporterRegistration(111)) - New reporters are added after registries were created. Some metrics will be missing from the reporter. Please add reporter before adding any new registry.
2023-03-15 06:52:01,011 [Listener at 127.0.0.1/43081] WARN  server.ServerUtils (ServerUtils.java:getDefaultRatisDirectory(237)) - Storage directory for Ratis is not configured. It is a good idea to map this to an SSD disk. Falling back to ozone.metadata.dirs
2023-03-15 06:52:01,012 [Listener at 127.0.0.1/43081] INFO  ratis.OzoneManagerRatisServer (OzoneManagerRatisServer.java:<init>(164)) - Instantiating OM Ratis server with groupID: om-service-test1 and peers: localhost:33673, localhost:34517, localhost:34441
2023-03-15 06:52:01,013 [Listener at 127.0.0.1/43081] INFO  ratis.OzoneManagerStateMachine (OzoneManagerStateMachine.java:loadSnapshotInfoFromDB(636)) - LastAppliedIndex is set from TransactionInfo from OM DB as (t:0, i:~)
2023-03-15 06:52:01,014 [Listener at 127.0.0.1/43081] INFO  server.RaftServer (ConfUtils.java:logGet(46)) - raft.rpc.type = GRPC (default)
2023-03-15 06:52:01,015 [Listener at 127.0.0.1/43081] INFO  grpc.GrpcConfigKeys (ConfUtils.java:logFallback(53)) - raft.grpc.admin.host = null (fallback to raft.grpc.server.host)
2023-03-15 06:52:01,015 [Listener at 127.0.0.1/43081] INFO  grpc.GrpcConfigKeys (ConfUtils.java:logFallback(53)) - raft.grpc.admin.port = 33673 (fallback to raft.grpc.server.port)
2023-03-15 06:52:01,015 [Listener at 127.0.0.1/43081] INFO  grpc.GrpcConfigKeys (ConfUtils.java:logFallback(53)) - raft.grpc.client.host = null (fallback to raft.grpc.server.host)
2023-03-15 06:52:01,015 [Listener at 127.0.0.1/43081] INFO  grpc.GrpcConfigKeys (ConfUtils.java:logFallback(53)) - raft.grpc.client.port = 33673 (fallback to raft.grpc.server.port)
2023-03-15 06:52:01,015 [Listener at 127.0.0.1/43081] INFO  grpc.GrpcConfigKeys (ConfUtils.java:logGet(46)) - raft.grpc.server.host = null (default)
2023-03-15 06:52:01,015 [Listener at 127.0.0.1/43081] INFO  grpc.GrpcConfigKeys (ConfUtils.java:logGet(46)) - raft.grpc.server.port = 33673 (custom)
2023-03-15 06:52:01,015 [Listener at 127.0.0.1/43081] INFO  server.GrpcService (ConfUtils.java:logGet(46)) - raft.grpc.message.size.max = 33554432 (custom)
2023-03-15 06:52:01,016 [Listener at 127.0.0.1/43081] INFO  server.RaftServerConfigKeys (ConfUtils.java:logGet(46)) - raft.server.log.appender.buffer.byte-limit = 33554432 (custom)
2023-03-15 06:52:01,016 [Listener at 127.0.0.1/43081] INFO  server.GrpcService (ConfUtils.java:logGet(46)) - raft.grpc.flow.control.window = 1MB (=1048576) (default)
2023-03-15 06:52:01,016 [Listener at 127.0.0.1/43081] INFO  server.RaftServerConfigKeys (ConfUtils.java:logGet(46)) - raft.server.rpc.request.timeout = 3000ms (default)
2023-03-15 06:52:01,016 [Listener at 127.0.0.1/43081] INFO  grpc.GrpcConfigKeys (ConfUtils.java:logGet(46)) - raft.grpc.server.heartbeat.channel = true (default)
2023-03-15 06:52:01,016 [Listener at 127.0.0.1/43081] INFO  grpc.GrpcConfigKeys (ConfUtils.java:logGet(46)) - raft.grpc.server.async.request.thread.pool.cached = true (default)
2023-03-15 06:52:01,016 [Listener at 127.0.0.1/43081] INFO  grpc.GrpcConfigKeys (ConfUtils.java:logGet(46)) - raft.grpc.server.async.request.thread.pool.size = 32 (default)
2023-03-15 06:52:01,018 [Listener at 127.0.0.1/43081] INFO  impl.DataStreamServerImpl (ConfUtils.java:logGet(46)) - raft.datastream.type = DISABLED (default)
2023-03-15 06:52:01,018 [Listener at 127.0.0.1/43081] INFO  server.RaftServerConfigKeys (ConfUtils.java:logGet(46)) - raft.server.threadpool.proxy.cached = true (default)
2023-03-15 06:52:01,018 [Listener at 127.0.0.1/43081] INFO  server.RaftServerConfigKeys (ConfUtils.java:logGet(46)) - raft.server.threadpool.proxy.size = 0 (default)
2023-03-15 06:52:01,020 [Listener at 127.0.0.1/43081] INFO  server.RaftServerConfigKeys (ConfUtils.java:logGet(46)) - raft.server.rpc.slowness.timeout = 2s (custom)
2023-03-15 06:52:01,020 [Listener at 127.0.0.1/43081] INFO  server.RaftServerConfigKeys (ConfUtils.java:logGet(46)) - raft.server.leaderelection.leader.step-down.wait-time = 10s (default)
2023-03-15 06:52:01,020 [Listener at 127.0.0.1/43081] INFO  server.RaftServerConfigKeys (ConfUtils.java:logGet(46)) - raft.server.storage.dir = [/home/runner/work/ozone/ozone/hadoop-ozone/integration-test/target/test-dir/MiniOzoneClusterImpl-e79b0a94-dba3-4ba8-a298-d2d15914ceac/omNode-3/ratis] (custom)
2023-03-15 06:52:01,022 [omNode-1@group-523986131536-LeaderElection1] INFO  server.RaftServerConfigKeys (ConfUtils.java:logGet(46)) - raft.server.write.element-limit = 4096 (default)
2023-03-15 06:52:01,023 [omNode-1@group-523986131536-LeaderElection1] INFO  server.RaftServerConfigKeys (ConfUtils.java:logGet(46)) - raft.server.write.byte-limit = 64MB (=67108864) (default)
2023-03-15 06:52:01,029 [omNode-1@group-523986131536-LeaderElection1] INFO  server.RaftServerConfigKeys (ConfUtils.java:logGet(46)) - raft.server.watch.timeout = 10s (default)
2023-03-15 06:52:01,029 [omNode-1@group-523986131536-LeaderElection1] INFO  server.RaftServerConfigKeys (ConfUtils.java:logGet(46)) - raft.server.watch.timeout.denomination = 1s (default)
2023-03-15 06:52:01,030 [omNode-1@group-523986131536-LeaderElection1] INFO  server.RaftServerConfigKeys (ConfUtils.java:logGet(46)) - raft.server.watch.element-limit = 65536 (default)
2023-03-15 06:52:01,034 [omNode-1@group-523986131536-LeaderElection1] INFO  server.RaftServerConfigKeys (ConfUtils.java:logGet(46)) - raft.server.write.element-limit = 4096 (default)
2023-03-15 06:52:01,036 [Listener at 127.0.0.1/43081] INFO  server.RaftServer (RaftServerProxy.java:addNew(96)) - omNode-3: addNew group-523986131536:[omNode-3|rpc:localhost:33673|priority:0|startupRole:FOLLOWER, omNode-1|rpc:localhost:34517|priority:0|startupRole:FOLLOWER, omNode-2|rpc:localhost:34441|priority:0|startupRole:FOLLOWER] returns group-523986131536:java.util.concurrent.CompletableFuture@7beba1a8[Not completed]
2023-03-15 06:52:01,036 [pool-115-thread-1] INFO  server.RaftServer$Division (RaftServerImpl.java:<init>(195)) - omNode-3: new RaftServerImpl for group-523986131536:[omNode-3|rpc:localhost:33673|priority:0|startupRole:FOLLOWER, omNode-1|rpc:localhost:34517|priority:0|startupRole:FOLLOWER, omNode-2|rpc:localhost:34441|priority:0|startupRole:FOLLOWER] with OzoneManagerStateMachine:uninitialized
2023-03-15 06:52:01,037 [pool-115-thread-1] INFO  server.RaftServerConfigKeys (ConfUtils.java:logGet(46)) - raft.server.rpc.timeout.min = 1s (custom)
2023-03-15 06:52:01,037 [pool-115-thread-1] INFO  server.RaftServerConfigKeys (ConfUtils.java:logGet(46)) - raft.server.rpc.timeout.max = 1200ms (custom)
2023-03-15 06:52:01,037 [pool-115-thread-1] INFO  server.RaftServerConfigKeys (ConfUtils.java:logGet(46)) - raft.server.rpc.sleep.time = 25ms (default)
2023-03-15 06:52:01,037 [pool-115-thread-1] INFO  server.RaftServerConfigKeys (ConfUtils.java:logGet(46)) - raft.server.rpc.slowness.timeout = 2s (custom)
2023-03-15 06:52:01,037 [pool-115-thread-1] INFO  server.RaftServerConfigKeys (ConfUtils.java:logGet(46)) - raft.server.leaderelection.leader.step-down.wait-time = 10s (default)
2023-03-15 06:52:01,037 [pool-115-thread-1] INFO  server.RaftServerConfigKeys (ConfUtils.java:logGet(46)) - raft.server.sleep.deviation.threshold = 300ms (default)
2023-03-15 06:52:01,038 [pool-115-thread-1] INFO  server.RaftServer$Division (ServerState.java:<init>(118)) - omNode-3@group-523986131536: ConfigurationManager, init=-1: peers:[omNode-3|rpc:localhost:33673|priority:0|startupRole:FOLLOWER, omNode-1|rpc:localhost:34517|priority:0|startupRole:FOLLOWER, omNode-2|rpc:localhost:34441|priority:0|startupRole:FOLLOWER]|listeners:[], old=null, confs=<EMPTY_MAP>
2023-03-15 06:52:01,036 [Listener at 127.0.0.1/43081] INFO  om.OzoneManager (OzoneManager.java:initializeRatisServer(2107)) - OzoneManager Ratis server initialized at port 33673
2023-03-15 06:52:01,037 [omNode-1@group-523986131536-LeaderElection1] INFO  server.RaftServerConfigKeys (ConfUtils.java:logGet(46)) - raft.server.write.follower.gap.ratio.max = -1.0 (default)
2023-03-15 06:52:01,038 [Listener at 127.0.0.1/43081] INFO  om.OzoneManager (OzoneManager.java:getRpcServer(1134)) - Creating RPC Server
2023-03-15 06:52:01,038 [pool-115-thread-1] INFO  server.RaftServerConfigKeys (ConfUtils.java:logGet(46)) - raft.server.storage.dir = [/home/runner/work/ozone/ozone/hadoop-ozone/integration-test/target/test-dir/MiniOzoneClusterImpl-e79b0a94-dba3-4ba8-a298-d2d15914ceac/omNode-3/ratis] (custom)
2023-03-15 06:52:01,038 [pool-115-thread-1] INFO  server.RaftServerConfigKeys (ConfUtils.java:logGet(46)) - raft.server.log.corruption.policy = EXCEPTION (default)
2023-03-15 06:52:01,038 [pool-115-thread-1] INFO  server.RaftServerConfigKeys (ConfUtils.java:logGet(46)) - raft.server.storage.free-space.min = 0MB (=0) (default)
2023-03-15 06:52:01,039 [pool-115-thread-1] INFO  server.RaftServerConfigKeys (ConfUtils.java:logGet(46)) - raft.server.notification.no-leader.timeout = 2s (custom)
2023-03-15 06:52:01,039 [pool-115-thread-1] INFO  server.RaftServerConfigKeys (ConfUtils.java:logGet(46)) - raft.server.retrycache.expirytime = 300s (custom)
2023-03-15 06:52:01,039 [pool-115-thread-1] INFO  server.RaftServerConfigKeys (ConfUtils.java:logGet(46)) - raft.server.retrycache.statistics.expirytime = 100μs (default)
2023-03-15 06:52:01,045 [pool-115-thread-1] INFO  server.RaftServerConfigKeys (ConfUtils.java:logGet(46)) - raft.server.log.appender.install.snapshot.enabled = false (custom)
2023-03-15 06:52:01,045 [pool-115-thread-1] INFO  server.RaftServerConfigKeys (ConfUtils.java:logGet(46)) - raft.server.threadpool.server.cached = true (default)
2023-03-15 06:52:01,045 [pool-115-thread-1] INFO  server.RaftServerConfigKeys (ConfUtils.java:logGet(46)) - raft.server.threadpool.server.size = 0 (default)
2023-03-15 06:52:01,045 [pool-115-thread-1] INFO  server.RaftServerConfigKeys (ConfUtils.java:logGet(46)) - raft.server.threadpool.client.cached = true (default)
2023-03-15 06:52:01,045 [pool-115-thread-1] INFO  server.RaftServerConfigKeys (ConfUtils.java:logGet(46)) - raft.server.threadpool.client.size = 0 (default)
2023-03-15 06:52:01,061 [omNode-1@group-523986131536-LeaderElection1] INFO  server.RaftServerConfigKeys (ConfUtils.java:logGet(46)) - raft.server.log.appender.snapshot.chunk.size.max = 16MB (=16777216) (default)
2023-03-15 06:52:01,062 [omNode-1@group-523986131536-LeaderElection1] INFO  server.RaftServerConfigKeys (ConfUtils.java:logGet(46)) - raft.server.log.appender.buffer.byte-limit = 33554432 (custom)
2023-03-15 06:52:01,062 [omNode-1@group-523986131536-LeaderElection1] INFO  server.RaftServerConfigKeys (ConfUtils.java:logGet(46)) - raft.server.log.appender.buffer.element-limit = 1024 (custom)
2023-03-15 06:52:01,065 [omNode-1@group-523986131536-LeaderElection1] INFO  grpc.GrpcConfigKeys (ConfUtils.java:logGet(46)) - raft.grpc.server.leader.outstanding.appends.max = 128 (default)
2023-03-15 06:52:01,065 [omNode-1@group-523986131536-LeaderElection1] INFO  server.RaftServerConfigKeys (ConfUtils.java:logGet(46)) - raft.server.rpc.request.timeout = 3000ms (default)
2023-03-15 06:52:01,066 [omNode-1@group-523986131536-LeaderElection1] INFO  server.RaftServerConfigKeys (ConfUtils.java:logGet(46)) - raft.server.log.appender.install.snapshot.enabled = false (custom)
2023-03-15 06:52:01,066 [omNode-1@group-523986131536-LeaderElection1] INFO  grpc.GrpcConfigKeys (ConfUtils.java:logGet(46)) - raft.grpc.server.heartbeat.channel = true (default)
2023-03-15 06:52:01,066 [omNode-1@group-523986131536-LeaderElection1] INFO  server.RaftServerConfigKeys (ConfUtils.java:logGet(46)) - raft.server.log.appender.wait-time.min = 10ms (default)
2023-03-15 06:52:01,068 [omNode-1@group-523986131536-LeaderElection1] INFO  server.RaftServerConfigKeys (ConfUtils.java:logGet(46)) - raft.server.log.appender.snapshot.chunk.size.max = 16MB (=16777216) (default)
2023-03-15 06:52:01,068 [omNode-1@group-523986131536-LeaderElection1] INFO  server.RaftServerConfigKeys (ConfUtils.java:logGet(46)) - raft.server.log.appender.buffer.byte-limit = 33554432 (custom)
2023-03-15 06:52:01,068 [omNode-1@group-523986131536-LeaderElection1] INFO  server.RaftServerConfigKeys (ConfUtils.java:logGet(46)) - raft.server.log.appender.buffer.element-limit = 1024 (custom)
2023-03-15 06:52:01,069 [omNode-1@group-523986131536-LeaderElection1] INFO  grpc.GrpcConfigKeys (ConfUtils.java:logGet(46)) - raft.grpc.server.leader.outstanding.appends.max = 128 (default)
2023-03-15 06:52:01,069 [omNode-1@group-523986131536-LeaderElection1] INFO  server.RaftServerConfigKeys (ConfUtils.java:logGet(46)) - raft.server.rpc.request.timeout = 3000ms (default)
2023-03-15 06:52:01,069 [omNode-1@group-523986131536-LeaderElection1] INFO  server.RaftServerConfigKeys (ConfUtils.java:logGet(46)) - raft.server.log.appender.install.snapshot.enabled = false (custom)
2023-03-15 06:52:01,069 [omNode-1@group-523986131536-LeaderElection1] INFO  grpc.GrpcConfigKeys (ConfUtils.java:logGet(46)) - raft.grpc.server.heartbeat.channel = true (default)
2023-03-15 06:52:01,069 [omNode-1@group-523986131536-LeaderElection1] INFO  server.RaftServerConfigKeys (ConfUtils.java:logGet(46)) - raft.server.log.appender.wait-time.min = 10ms (default)
2023-03-15 06:52:01,071 [omNode-1@group-523986131536-LeaderElection1] INFO  impl.RoleInfo (RoleInfo.java:updateAndGet(139)) - omNode-1: start omNode-1@group-523986131536-LeaderStateImpl
2023-03-15 06:52:01,117 [omNode-1@group-523986131536-LeaderElection1] INFO  segmented.SegmentedRaftLogWorker (SegmentedRaftLogWorker.java:startLogSegment(452)) - omNode-1@group-523986131536-SegmentedRaftLogWorker: Starting segment from index:0
2023-03-15 06:52:01,195 [omNode-1@group-523986131536-LeaderElection1] INFO  server.RaftServer$Division (ServerState.java:setRaftConf(430)) - omNode-1@group-523986131536: set configuration 0: peers:[omNode-3|rpc:localhost:33673|admin:|client:|dataStream:|priority:0|startupRole:FOLLOWER, omNode-1|rpc:localhost:34517|admin:|client:|dataStream:|priority:0|startupRole:FOLLOWER, omNode-2|rpc:localhost:34441|admin:|client:|dataStream:|priority:0|startupRole:FOLLOWER]|listeners:[], old=null
2023-03-15 06:52:01,228 [grpc-default-executor-0] WARN  server.GrpcLogAppender (LogUtils.java:warn(122)) - omNode-1@group-523986131536->omNode-3-AppendLogResponseHandler: Failed appendEntries: org.apache.ratis.thirdparty.io.grpc.StatusRuntimeException: UNAVAILABLE: io exception
2023-03-15 06:52:01,247 [grpc-default-executor-0] WARN  server.GrpcLogAppender (GrpcLogAppender.java:resetClient(131)) - omNode-1@group-523986131536->omNode-3-GrpcLogAppender: Leader has not got in touch with Follower omNode-1@group-523986131536->omNode-3(c-1,m0,n0, attendVote=true, lastRpcSendTime=1408, lastRpcResponseTime=1408) yet, just keep nextIndex unchanged and retry.
2023-03-15 06:52:01,297 [grpc-default-executor-3] WARN  server.GrpcLogAppender (LogUtils.java:warn(122)) - omNode-1@group-523986131536->omNode-3-AppendLogResponseHandler: Failed appendEntries: org.apache.ratis.thirdparty.io.grpc.StatusRuntimeException: UNAVAILABLE: io exception
2023-03-15 06:52:01,298 [grpc-default-executor-3] WARN  server.GrpcLogAppender (GrpcLogAppender.java:resetClient(131)) - omNode-1@group-523986131536->omNode-3-GrpcLogAppender: Leader has not got in touch with Follower omNode-1@group-523986131536->omNode-3(c-1,m0,n1, attendVote=true, lastRpcSendTime=40, lastRpcResponseTime=1459) yet, just keep nextIndex unchanged and retry.
2023-03-15 06:52:01,296 [grpc-default-executor-4] WARN  server.GrpcLogAppender (LogUtils.java:warn(122)) - omNode-1@group-523986131536->omNode-3-AppendLogResponseHandler: Failed appendEntries: org.apache.ratis.thirdparty.io.grpc.StatusRuntimeException: UNAVAILABLE: io exception
2023-03-15 06:52:01,298 [grpc-default-executor-4] WARN  server.GrpcLogAppender (GrpcLogAppender.java:resetClient(131)) - omNode-1@group-523986131536->omNode-3-GrpcLogAppender: Leader has not got in touch with Follower omNode-1@group-523986131536->omNode-3(c-1,m0,n1, attendVote=true, lastRpcSendTime=40, lastRpcResponseTime=1460) yet, just keep nextIndex unchanged and retry.
2023-03-15 06:52:01,306 [grpc-default-executor-3] WARN  server.GrpcLogAppender (LogUtils.java:warn(122)) - omNode-1@group-523986131536->omNode-3-AppendLogResponseHandler: Failed appendEntries: org.apache.ratis.thirdparty.io.grpc.StatusRuntimeException: UNAVAILABLE: io exception
2023-03-15 06:52:01,307 [grpc-default-executor-3] WARN  server.GrpcLogAppender (GrpcLogAppender.java:resetClient(131)) - omNode-1@group-523986131536->omNode-3-GrpcLogAppender: Leader has not got in touch with Follower omNode-1@group-523986131536->omNode-3(c-1,m0,n1, attendVote=true, lastRpcSendTime=49, lastRpcResponseTime=1469) yet, just keep nextIndex unchanged and retry.
2023-03-15 06:52:01,330 [omNode-2-server-thread1] INFO  server.RaftServer$Division (ServerState.java:setLeader(313)) - omNode-2@group-523986131536: change Leader from null to omNode-1 at term 1 for appendEntries, leader elected after 1973ms
2023-03-15 06:52:01,363 [omNode-2-server-thread2] INFO  server.RaftServer$Division (ServerState.java:setRaftConf(430)) - omNode-2@group-523986131536: set configuration 0: peers:[omNode-3|rpc:localhost:33673|admin:|client:|dataStream:|priority:0|startupRole:FOLLOWER, omNode-1|rpc:localhost:34517|admin:|client:|dataStream:|priority:0|startupRole:FOLLOWER, omNode-2|rpc:localhost:34441|admin:|client:|dataStream:|priority:0|startupRole:FOLLOWER]|listeners:[], old=null
2023-03-15 06:52:01,364 [omNode-2-server-thread2] INFO  segmented.SegmentedRaftLogWorker (SegmentedRaftLogWorker.java:startLogSegment(452)) - omNode-2@group-523986131536-SegmentedRaftLogWorker: Starting segment from index:0
2023-03-15 06:52:01,426 [omNode-2@group-523986131536-SegmentedRaftLogWorker] INFO  segmented.SegmentedRaftLogWorker (SegmentedRaftLogWorker.java:execute(656)) - omNode-2@group-523986131536-SegmentedRaftLogWorker: created new log segment /home/runner/work/ozone/ozone/hadoop-ozone/integration-test/target/test-dir/MiniOzoneClusterImpl-e79b0a94-dba3-4ba8-a298-d2d15914ceac/omNode-2/ratis/c9bc4cf4-3bc3-3c60-a66b-523986131536/current/log_inprogress_0
2023-03-15 06:52:01,427 [omNode-1@group-523986131536-SegmentedRaftLogWorker] INFO  segmented.SegmentedRaftLogWorker (SegmentedRaftLogWorker.java:execute(656)) - omNode-1@group-523986131536-SegmentedRaftLogWorker: created new log segment /home/runner/work/ozone/ozone/hadoop-ozone/integration-test/target/test-dir/MiniOzoneClusterImpl-e79b0a94-dba3-4ba8-a298-d2d15914ceac/omNode-1/ratis/c9bc4cf4-3bc3-3c60-a66b-523986131536/current/log_inprogress_0
2023-03-15 06:52:01,502 [grpc-default-executor-4] WARN  server.GrpcLogAppender (LogUtils.java:warn(122)) - omNode-1@group-523986131536->omNode-3-AppendLogResponseHandler: Failed appendEntries: org.apache.ratis.thirdparty.io.grpc.StatusRuntimeException: UNAVAILABLE: io exception
2023-03-15 06:52:01,502 [grpc-default-executor-3] WARN  server.GrpcLogAppender (LogUtils.java:warn(122)) - omNode-1@group-523986131536->omNode-3-AppendLogResponseHandler: Failed appendEntries: org.apache.ratis.thirdparty.io.grpc.StatusRuntimeException: UNAVAILABLE: io exception
2023-03-15 06:52:01,504 [grpc-default-executor-4] WARN  server.GrpcLogAppender (GrpcLogAppender.java:resetClient(131)) - omNode-1@group-523986131536->omNode-3-GrpcLogAppender: Leader has not got in touch with Follower omNode-1@group-523986131536->omNode-3(c-1,m0,n1, attendVote=true, lastRpcSendTime=246, lastRpcResponseTime=1666) yet, just keep nextIndex unchanged and retry.
2023-03-15 06:52:01,509 [grpc-default-executor-3] WARN  server.GrpcLogAppender (GrpcLogAppender.java:resetClient(131)) - omNode-1@group-523986131536->omNode-3-GrpcLogAppender: Leader has not got in touch with Follower omNode-1@group-523986131536->omNode-3(c-1,m0,n1, attendVote=true, lastRpcSendTime=251, lastRpcResponseTime=1670) yet, just keep nextIndex unchanged and retry.
2023-03-15 06:52:01,527 [grpc-default-executor-4] WARN  server.GrpcLogAppender (LogUtils.java:warn(122)) - omNode-1@group-523986131536->omNode-3-AppendLogResponseHandler: Failed appendEntries: org.apache.ratis.thirdparty.io.grpc.StatusRuntimeException: UNAVAILABLE: io exception
2023-03-15 06:52:01,528 [grpc-default-executor-4] WARN  server.GrpcLogAppender (GrpcLogAppender.java:resetClient(131)) - omNode-1@group-523986131536->omNode-3-GrpcLogAppender: Leader has not got in touch with Follower omNode-1@group-523986131536->omNode-3(c-1,m0,n1, attendVote=true, lastRpcSendTime=14, lastRpcResponseTime=1690) yet, just keep nextIndex unchanged and retry.
2023-03-15 06:52:01,532 [grpc-default-executor-4] WARN  server.GrpcLogAppender (LogUtils.java:warn(122)) - omNode-1@group-523986131536->omNode-3-AppendLogResponseHandler: Failed appendEntries: org.apache.ratis.thirdparty.io.grpc.StatusRuntimeException: UNAVAILABLE: io exception
2023-03-15 06:52:01,532 [grpc-default-executor-4] WARN  server.GrpcLogAppender (GrpcLogAppender.java:resetClient(131)) - omNode-1@group-523986131536->omNode-3-GrpcLogAppender: Leader has not got in touch with Follower omNode-1@group-523986131536->omNode-3(c-1,m0,n1, attendVote=true, lastRpcSendTime=17, lastRpcResponseTime=1693) yet, just keep nextIndex unchanged and retry.
2023-03-15 06:52:01,650 [omNode-1@group-523986131536-StateMachineUpdater] INFO  ratis.OzoneManagerStateMachine (OzoneManagerStateMachine.java:notifyConfigurationChanged(192)) - Received Configuration change notification from Ratis. New Peer list:
[id: "omNode-3"
address: "localhost:33673"
startupRole: FOLLOWER
, id: "omNode-1"
address: "localhost:34517"
startupRole: FOLLOWER
, id: "omNode-2"
address: "localhost:34441"
startupRole: FOLLOWER
]
2023-03-15 06:52:01,766 [grpc-default-executor-4] WARN  server.GrpcLogAppender (LogUtils.java:warn(122)) - omNode-1@group-523986131536->omNode-3-AppendLogResponseHandler: Failed appendEntries: org.apache.ratis.thirdparty.io.grpc.StatusRuntimeException: UNAVAILABLE: io exception
2023-03-15 06:52:01,766 [grpc-default-executor-3] WARN  server.GrpcLogAppender (LogUtils.java:warn(122)) - omNode-1@group-523986131536->omNode-3-AppendLogResponseHandler: Failed appendEntries: org.apache.ratis.thirdparty.io.grpc.StatusRuntimeException: UNAVAILABLE: io exception
2023-03-15 06:52:01,768 [grpc-default-executor-4] WARN  server.GrpcLogAppender (GrpcLogAppender.java:resetClient(131)) - omNode-1@group-523986131536->omNode-3-GrpcLogAppender: Leader has not got in touch with Follower omNode-1@group-523986131536->omNode-3(c-1,m0,n1, attendVote=true, lastRpcSendTime=253, lastRpcResponseTime=1929) yet, just keep nextIndex unchanged and retry.
2023-03-15 06:52:01,771 [grpc-default-executor-3] WARN  server.GrpcLogAppender (GrpcLogAppender.java:resetClient(131)) - omNode-1@group-523986131536->omNode-3-GrpcLogAppender: Leader has not got in touch with Follower omNode-1@group-523986131536->omNode-3(c-1,m0,n1, attendVote=true, lastRpcSendTime=256, lastRpcResponseTime=1932) yet, just keep nextIndex unchanged and retry.
2023-03-15 06:52:01,782 [grpc-default-executor-3] WARN  server.GrpcLogAppender (LogUtils.java:warn(122)) - omNode-1@group-523986131536->omNode-3-AppendLogResponseHandler: Failed appendEntries: org.apache.ratis.thirdparty.io.grpc.StatusRuntimeException: UNAVAILABLE: io exception
2023-03-15 06:52:01,783 [grpc-default-executor-4] WARN  server.GrpcLogAppender (LogUtils.java:warn(122)) - omNode-1@group-523986131536->omNode-3-AppendLogResponseHandler: Failed appendEntries: org.apache.ratis.thirdparty.io.grpc.StatusRuntimeException: UNAVAILABLE: io exception
2023-03-15 06:52:01,783 [grpc-default-executor-3] WARN  server.GrpcLogAppender (GrpcLogAppender.java:resetClient(131)) - omNode-1@group-523986131536->omNode-3-GrpcLogAppender: Leader has not got in touch with Follower omNode-1@group-523986131536->omNode-3(c-1,m0,n1, attendVote=true, lastRpcSendTime=269, lastRpcResponseTime=1945) yet, just keep nextIndex unchanged and retry.
2023-03-15 06:52:01,784 [grpc-default-executor-4] WARN  server.GrpcLogAppender (GrpcLogAppender.java:resetClient(131)) - omNode-1@group-523986131536->omNode-3-GrpcLogAppender: Leader has not got in touch with Follower omNode-1@group-523986131536->omNode-3(c-1,m0,n1, attendVote=true, lastRpcSendTime=269, lastRpcResponseTime=1945) yet, just keep nextIndex unchanged and retry.
2023-03-15 06:52:01,797 [grpc-default-executor-3] WARN  server.GrpcLogAppender (LogUtils.java:warn(122)) - omNode-1@group-523986131536->omNode-3-AppendLogResponseHandler: Failed appendEntries: org.apache.ratis.thirdparty.io.grpc.StatusRuntimeException: UNAVAILABLE: io exception
2023-03-15 06:52:01,797 [grpc-default-executor-3] WARN  server.GrpcLogAppender (GrpcLogAppender.java:resetClient(131)) - omNode-1@group-523986131536->omNode-3-GrpcLogAppender: Leader has not got in touch with Follower omNode-1@group-523986131536->omNode-3(c-1,m0,n1, attendVote=true, lastRpcSendTime=6, lastRpcResponseTime=1959) yet, just keep nextIndex unchanged and retry.
2023-03-15 06:52:01,798 [grpc-default-executor-4] WARN  server.GrpcLogAppender (LogUtils.java:warn(122)) - omNode-1@group-523986131536->omNode-3-AppendLogResponseHandler: Failed appendEntries: org.apache.ratis.thirdparty.io.grpc.StatusRuntimeException: UNAVAILABLE: io exception
2023-03-15 06:52:01,799 [grpc-default-executor-4] WARN  server.GrpcLogAppender (GrpcLogAppender.java:resetClient(131)) - omNode-1@group-523986131536->omNode-3-GrpcLogAppender: Leader has not got in touch with Follower omNode-1@group-523986131536->omNode-3(c-1,m0,n1, attendVote=true, lastRpcSendTime=8, lastRpcResponseTime=1960) yet, just keep nextIndex unchanged and retry.
2023-03-15 06:52:01,914 [Finalizer] WARN  managed.ManagedRocksObjectUtils (ManagedRocksObjectUtils.java:assertClosed(54)) - RocksIterator is not closed properly
2023-03-15 06:52:01,968 [omNode-2@group-523986131536-StateMachineUpdater] INFO  ratis.OzoneManagerStateMachine (OzoneManagerStateMachine.java:notifyConfigurationChanged(192)) - Received Configuration change notification from Ratis. New Peer list:
[id: "omNode-3"
address: "localhost:33673"
startupRole: FOLLOWER
, id: "omNode-1"
address: "localhost:34517"
startupRole: FOLLOWER
, id: "omNode-2"
address: "localhost:34441"
startupRole: FOLLOWER
]
2023-03-15 06:52:02,002 [Listener at 127.0.0.1/43081] INFO  reflections.Reflections (Reflections.java:scan(232)) - Reflections took 963 ms to scan 19 urls, producing 68 keys and 4936 values [using 2 cores]
2023-03-15 06:52:02,006 [Listener at 127.0.0.1/43081] INFO  ipc.CallQueueManager (CallQueueManager.java:<init>(90)) - Using callQueue: class java.util.concurrent.LinkedBlockingQueue, queueCapacity: 2000, scheduler: class org.apache.hadoop.ipc.DefaultRpcScheduler, ipcBackoff: false.
2023-03-15 06:52:02,008 [Socket Reader #1 for port 39575] INFO  ipc.Server (Server.java:run(1273)) - Starting Socket Reader #1 for port 39575
2023-03-15 06:52:02,041 [grpc-default-executor-4] WARN  server.GrpcLogAppender (LogUtils.java:warn(122)) - omNode-1@group-523986131536->omNode-3-AppendLogResponseHandler: Failed appendEntries: org.apache.ratis.thirdparty.io.grpc.StatusRuntimeException: UNAVAILABLE: io exception
2023-03-15 06:52:02,043 [grpc-default-executor-4] WARN  server.GrpcLogAppender (GrpcLogAppender.java:resetClient(131)) - omNode-1@group-523986131536->omNode-3-GrpcLogAppender: Leader has not got in touch with Follower omNode-1@group-523986131536->omNode-3(c-1,m0,n1, attendVote=true, lastRpcSendTime=251, lastRpcResponseTime=2204) yet, just keep nextIndex unchanged and retry.
2023-03-15 06:52:02,043 [grpc-default-executor-3] WARN  server.GrpcLogAppender (LogUtils.java:warn(122)) - omNode-1@group-523986131536->omNode-3-AppendLogResponseHandler: Failed appendEntries: org.apache.ratis.thirdparty.io.grpc.StatusRuntimeException: UNAVAILABLE: io exception
2023-03-15 06:52:02,044 [grpc-default-executor-3] WARN  server.GrpcLogAppender (GrpcLogAppender.java:resetClient(131)) - omNode-1@group-523986131536->omNode-3-GrpcLogAppender: Leader has not got in touch with Follower omNode-1@group-523986131536->omNode-3(c-1,m0,n1, attendVote=true, lastRpcSendTime=252, lastRpcResponseTime=2205) yet, just keep nextIndex unchanged and retry.
2023-03-15 06:52:02,055 [Listener at 127.0.0.1/39575] INFO  impl.MetricsSystemImpl (MetricsSystemImpl.java:init(158)) - OzoneManager metrics system started (again)
2023-03-15 06:52:02,083 [Listener at 127.0.0.1/39575] INFO  om.OzoneManager (OzoneManager.java:start(1564)) - OzoneManager RPC server is listening at localhost/127.0.0.1:39575
2023-03-15 06:52:02,083 [Listener at 127.0.0.1/39575] INFO  ratis.OzoneManagerRatisServer (OzoneManagerRatisServer.java:start(559)) - Starting OzoneManagerRatisServer omNode-3 at port 33673
2023-03-15 06:52:02,083 [omNode-3-impl-thread1] INFO  storage.RaftStorageDirectory (RaftStorageDirectoryImpl.java:analyzeStorage(137)) - The storage directory /home/runner/work/ozone/ozone/hadoop-ozone/integration-test/target/test-dir/MiniOzoneClusterImpl-e79b0a94-dba3-4ba8-a298-d2d15914ceac/omNode-3/ratis/c9bc4cf4-3bc3-3c60-a66b-523986131536 does not exist. Creating ...
2023-03-15 06:52:02,085 [omNode-3-impl-thread1] INFO  storage.RaftStorageDirectory (RaftStorageDirectoryImpl.java:tryLock(231)) - Lock on /home/runner/work/ozone/ozone/hadoop-ozone/integration-test/target/test-dir/MiniOzoneClusterImpl-e79b0a94-dba3-4ba8-a298-d2d15914ceac/omNode-3/ratis/c9bc4cf4-3bc3-3c60-a66b-523986131536/in_use.lock acquired by nodename 3629@fv-az210-452
2023-03-15 06:52:02,087 [omNode-3-impl-thread1] INFO  storage.RaftStorage (RaftStorageImpl.java:format(96)) - Storage directory /home/runner/work/ozone/ozone/hadoop-ozone/integration-test/target/test-dir/MiniOzoneClusterImpl-e79b0a94-dba3-4ba8-a298-d2d15914ceac/omNode-3/ratis/c9bc4cf4-3bc3-3c60-a66b-523986131536 has been successfully formatted.
2023-03-15 06:52:02,087 [omNode-3-impl-thread1] INFO  server.RaftServerConfigKeys (ConfUtils.java:logGet(46)) - raft.server.log.use.memory = false (default)
2023-03-15 06:52:02,087 [omNode-3-impl-thread1] INFO  server.RaftServerConfigKeys (ConfUtils.java:logGet(46)) - raft.server.log.purge.gap = 1000000 (custom)
2023-03-15 06:52:02,087 [omNode-3-impl-thread1] INFO  server.RaftServerConfigKeys (ConfUtils.java:logGet(46)) - raft.server.log.appender.buffer.byte-limit = 33554432 (custom)
2023-03-15 06:52:02,087 [omNode-3-impl-thread1] INFO  server.RaftServerConfigKeys (ConfUtils.java:logGet(46)) - raft.server.log.statemachine.data.read.timeout = 1000ms (default)
2023-03-15 06:52:02,087 [omNode-3-impl-thread1] INFO  server.RaftServerConfigKeys (ConfUtils.java:logGet(46)) - raft.server.log.purge.preservation.log.num = 0 (default)
2023-03-15 06:52:02,088 [omNode-3-impl-thread1] INFO  server.RaftServerConfigKeys (ConfUtils.java:logGet(46)) - raft.server.log.segment.size.max = 4194304 (custom)
2023-03-15 06:52:02,088 [omNode-3-impl-thread1] INFO  server.RaftServerConfigKeys (ConfUtils.java:logGet(46)) - raft.server.log.segment.cache.num.max = 2 (custom)
2023-03-15 06:52:02,088 [omNode-3-impl-thread1] INFO  server.RaftServerConfigKeys (ConfUtils.java:logGet(46)) - raft.server.log.segment.cache.size.max = 200MB (=209715200) (default)
2023-03-15 06:52:02,088 [omNode-3-impl-thread1] INFO  segmented.SegmentedRaftLogWorker (SegmentedRaftLogWorker.java:<init>(189)) - new omNode-3@group-523986131536-SegmentedRaftLogWorker for RaftStorageImpl:Storage Directory /home/runner/work/ozone/ozone/hadoop-ozone/integration-test/target/test-dir/MiniOzoneClusterImpl-e79b0a94-dba3-4ba8-a298-d2d15914ceac/omNode-3/ratis/c9bc4cf4-3bc3-3c60-a66b-523986131536
2023-03-15 06:52:02,088 [omNode-3-impl-thread1] INFO  server.RaftServerConfigKeys (ConfUtils.java:logGet(46)) - raft.server.log.queue.byte-limit = 64MB (=67108864) (default)
2023-03-15 06:52:02,088 [omNode-3-impl-thread1] INFO  server.RaftServerConfigKeys (ConfUtils.java:logGet(46)) - raft.server.log.queue.element-limit = 4096 (default)
2023-03-15 06:52:02,089 [omNode-3-impl-thread1] INFO  server.RaftServerConfigKeys (ConfUtils.java:logGet(46)) - raft.server.log.segment.size.max = 4194304 (custom)
2023-03-15 06:52:02,089 [omNode-3-impl-thread1] INFO  server.RaftServerConfigKeys (ConfUtils.java:logGet(46)) - raft.server.log.preallocated.size = 4194304 (custom)
2023-03-15 06:52:02,089 [omNode-3-impl-thread1] INFO  server.RaftServerConfigKeys (ConfUtils.java:logGet(46)) - raft.server.log.force.sync.num = 128 (default)
2023-03-15 06:52:02,089 [omNode-3-impl-thread1] INFO  server.RaftServerConfigKeys (ConfUtils.java:logGet(46)) - raft.server.log.statemachine.data.sync = true (default)
2023-03-15 06:52:02,089 [omNode-3-impl-thread1] INFO  server.RaftServerConfigKeys (ConfUtils.java:logGet(46)) - raft.server.log.statemachine.data.sync.timeout = 10s (default)
2023-03-15 06:52:02,089 [omNode-3-impl-thread1] INFO  server.RaftServerConfigKeys (ConfUtils.java:logGet(46)) - raft.server.log.statemachine.data.sync.timeout.retry = -1 (default)
2023-03-15 06:52:02,090 [omNode-3-impl-thread1] INFO  server.RaftServerConfigKeys (ConfUtils.java:logGet(46)) - raft.server.log.write.buffer.size = 64KB (=65536) (default)
2023-03-15 06:52:02,090 [omNode-3-impl-thread1] INFO  server.RaftServerConfigKeys (ConfUtils.java:logGet(46)) - raft.server.log.appender.buffer.byte-limit = 33554432 (custom)
2023-03-15 06:52:02,099 [omNode-3-impl-thread1] INFO  server.RaftServerConfigKeys (ConfUtils.java:logGet(46)) - raft.server.log.unsafe-flush.enabled = false (default)
2023-03-15 06:52:02,099 [omNode-3-impl-thread1] INFO  server.RaftServerConfigKeys (ConfUtils.java:logGet(46)) - raft.server.log.async-flush.enabled = false (default)
2023-03-15 06:52:02,099 [omNode-3-impl-thread1] INFO  server.RaftServerConfigKeys (ConfUtils.java:logGet(46)) - raft.server.log.statemachine.data.caching.enabled = false (default)
2023-03-15 06:52:02,101 [omNode-3-impl-thread1] INFO  segmented.SegmentedRaftLogWorker (SegmentedRaftLogWorker.java:lambda$new$0(135)) - omNode-3@group-523986131536-SegmentedRaftLogWorker: flushIndex: setUnconditionally 0 -> -1
2023-03-15 06:52:02,101 [omNode-3-impl-thread1] INFO  segmented.SegmentedRaftLogWorker (SegmentedRaftLogWorker.java:lambda$new$0(135)) - omNode-3@group-523986131536-SegmentedRaftLogWorker: safeCacheEvictIndex: setUnconditionally 0 -> -1
2023-03-15 06:52:02,109 [omNode-3-impl-thread1] INFO  server.RaftServer$Division (RaftServerImpl.java:start(334)) - omNode-3@group-523986131536: start as a follower, conf=-1: peers:[omNode-3|rpc:localhost:33673|priority:0|startupRole:FOLLOWER, omNode-1|rpc:localhost:34517|priority:0|startupRole:FOLLOWER, omNode-2|rpc:localhost:34441|priority:0|startupRole:FOLLOWER]|listeners:[], old=null
2023-03-15 06:52:02,109 [omNode-3-impl-thread1] INFO  server.RaftServer$Division (RaftServerImpl.java:setRole(321)) - omNode-3@group-523986131536: changes role from      null to FOLLOWER at term 0 for startAsFollower
2023-03-15 06:52:02,109 [omNode-3-impl-thread1] INFO  impl.RoleInfo (RoleInfo.java:updateAndGet(139)) - omNode-3: start omNode-3@group-523986131536-FollowerState
2023-03-15 06:52:02,115 [omNode-3-impl-thread1] INFO  util.JmxRegister (JmxRegister.java:tryRegister(44)) - Successfully registered JMX Bean with object name Ratis:service=RaftServer,group=group-523986131536,id=omNode-3
2023-03-15 06:52:02,115 [omNode-3-impl-thread1] INFO  server.RaftServerConfigKeys (ConfUtils.java:logGet(46)) - raft.server.snapshot.auto.trigger.enabled = true (custom)
2023-03-15 06:52:02,115 [omNode-3-impl-thread1] INFO  server.RaftServerConfigKeys (ConfUtils.java:logGet(46)) - raft.server.snapshot.auto.trigger.threshold = 400000 (default)
2023-03-15 06:52:02,115 [omNode-3-impl-thread1] INFO  server.RaftServerConfigKeys (ConfUtils.java:logGet(46)) - raft.server.snapshot.retention.file.num = -1 (default)
2023-03-15 06:52:02,115 [omNode-3-impl-thread1] INFO  server.RaftServerConfigKeys (ConfUtils.java:logGet(46)) - raft.server.log.purge.upto.snapshot.index = true (custom)
2023-03-15 06:52:02,115 [omNode-3@group-523986131536-FollowerState] INFO  server.RaftServerConfigKeys (ConfUtils.java:logFallback(53)) - raft.server.rpc.first-election.timeout.min = 1s (fallback to raft.server.rpc.timeout.min)
2023-03-15 06:52:02,115 [omNode-3@group-523986131536-FollowerState] INFO  server.RaftServerConfigKeys (ConfUtils.java:logFallback(53)) - raft.server.rpc.first-election.timeout.max = 1200ms (fallback to raft.server.rpc.timeout.max)
2023-03-15 06:52:02,122 [Listener at 127.0.0.1/39575] INFO  server.RaftServer (RaftServerProxy.java:startImpl(393)) - omNode-3: start RPC server
2023-03-15 06:52:02,124 [Listener at 127.0.0.1/39575] INFO  server.GrpcService (GrpcService.java:startImpl(262)) - omNode-3: GrpcService started, listening on 33673
2023-03-15 06:52:02,134 [JvmPauseMonitor2] INFO  util.JvmPauseMonitor (JvmPauseMonitor.java:run(105)) - JvmPauseMonitor-omNode-3: Started
2023-03-15 06:52:02,134 [Listener at 127.0.0.1/39575] INFO  om.OzoneManager (OzoneManager.java:start(1580)) - Version File has different layout version (3) than OM DB (null). That is expected if this OM has never been finalized to a newer layout version.
2023-03-15 06:52:02,143 [Listener at 127.0.0.1/39575] INFO  http.BaseHttpServer (BaseHttpServer.java:newHttpServer2BuilderForOzone(224)) - Starting Web-server for ozoneManager at: http://0.0.0.0:44473
2023-03-15 06:52:02,143 [Listener at 127.0.0.1/39575] INFO  http.BaseHttpServer (BaseHttpServer.java:<init>(111)) - Hadoop Security Enabled: false Ozone Security Enabled: false Ozone HTTP Security Enabled: false 
2023-03-15 06:52:02,144 [Listener at 127.0.0.1/39575] WARN  server.AuthenticationFilter (AuthenticationFilter.java:constructSecretProvider(240)) - Unable to initialize FileSignerSecretProvider, falling back to use random secrets. Reason: Could not read signature secret file: /home/runner/hadoop-http-auth-signature-secret
2023-03-15 06:52:02,145 [Listener at 127.0.0.1/39575] WARN  http.HttpRequestLog (HttpRequestLog.java:getRequestLog(103)) - Jetty request log can only be enabled using Log4j
2023-03-15 06:52:02,149 [Listener at 127.0.0.1/39575] INFO  http.HttpServer2 (HttpServer2.java:addGlobalFilter(1031)) - Added global filter 'safety' (class=org.apache.hadoop.hdds.server.http.HttpServer2$QuotingInputFilter)
2023-03-15 06:52:02,150 [Listener at 127.0.0.1/39575] INFO  http.HttpServer2 (HttpServer2.java:addFilter(1007)) - Added filter static_user_filter (class=org.apache.hadoop.http.lib.StaticUserWebFilter$StaticUserFilter) to context ozoneManager
2023-03-15 06:52:02,150 [Listener at 127.0.0.1/39575] INFO  http.HttpServer2 (HttpServer2.java:addFilter(1015)) - Added filter static_user_filter (class=org.apache.hadoop.http.lib.StaticUserWebFilter$StaticUserFilter) to context static
2023-03-15 06:52:02,150 [Listener at 127.0.0.1/39575] INFO  http.HttpServer2 (HttpServer2.java:addFilter(1015)) - Added filter static_user_filter (class=org.apache.hadoop.http.lib.StaticUserWebFilter$StaticUserFilter) to context logs
2023-03-15 06:52:02,151 [Listener at 127.0.0.1/39575] INFO  http.BaseHttpServer (BaseHttpServer.java:<init>(190)) - HTTP server of ozoneManager uses base directory /home/runner/work/ozone/ozone/hadoop-ozone/integration-test/target/test-dir/MiniOzoneClusterImpl-e79b0a94-dba3-4ba8-a298-d2d15914ceac/omNode-3/webserver
2023-03-15 06:52:02,151 [Listener at 127.0.0.1/39575] INFO  http.HttpServer2 (HttpServer2.java:bindListener(1250)) - Jetty bound to port 44473
2023-03-15 06:52:02,152 [Listener at 127.0.0.1/39575] INFO  server.Server (Server.java:doStart(375)) - jetty-9.4.49.v20220914; built: 2022-09-14T01:07:36.601Z; git: 4231a3b2e4cb8548a412a789936d640a97b1aa0a; jvm 1.8.0_362-b09
2023-03-15 06:52:02,160 [Listener at 127.0.0.1/39575] INFO  server.session (DefaultSessionIdManager.java:doStart(334)) - DefaultSessionIdManager workerName=node0
2023-03-15 06:52:02,160 [Listener at 127.0.0.1/39575] INFO  server.session (DefaultSessionIdManager.java:doStart(339)) - No SessionScavenger set, using defaults
2023-03-15 06:52:02,161 [Listener at 127.0.0.1/39575] INFO  server.session (HouseKeeper.java:startScavenging(132)) - node0 Scavenging every 660000ms
2023-03-15 06:52:02,162 [Listener at 127.0.0.1/39575] INFO  handler.ContextHandler (ContextHandler.java:doStart(921)) - Started o.e.j.s.ServletContextHandler@2f7ea92a{logs,/logs,file:///home/runner/work/ozone/ozone/hadoop-ozone/integration-test/target/log,AVAILABLE}
2023-03-15 06:52:02,162 [Listener at 127.0.0.1/39575] INFO  handler.ContextHandler (ContextHandler.java:doStart(921)) - Started o.e.j.s.ServletContextHandler@228b0159{static,/static,file:///home/runner/work/ozone/ozone/hadoop-ozone/integration-test/target/test-classes/webapps/static,AVAILABLE}
2023-03-15 06:52:02,167 [Listener at 127.0.0.1/39575] INFO  handler.ContextHandler (ContextHandler.java:doStart(921)) - Started o.e.j.w.WebAppContext@513b2cda{ozoneManager,/,file:///home/runner/work/ozone/ozone/hadoop-ozone/integration-test/target/test-classes/webapps/ozoneManager/,AVAILABLE}{file:/home/runner/work/ozone/ozone/hadoop-ozone/integration-test/target/test-classes/webapps/ozoneManager}
2023-03-15 06:52:02,171 [Listener at 127.0.0.1/39575] INFO  server.AbstractConnector (AbstractConnector.java:doStart(333)) - Started ServerConnector@6dc909d5{HTTP/1.1, (http/1.1)}{0.0.0.0:44473}
2023-03-15 06:52:02,171 [Listener at 127.0.0.1/39575] INFO  server.Server (Server.java:doStart(415)) - Started @11662ms
2023-03-15 06:52:02,171 [Listener at 127.0.0.1/39575] WARN  impl.MetricsSystemImpl (MetricsSystemImpl.java:register(279)) - Sink prometheus already exists!
2023-03-15 06:52:02,172 [Listener at 127.0.0.1/39575] INFO  http.BaseHttpServer (BaseHttpServer.java:updateConnectorAddress(344)) - HTTP server of ozoneManager listening at http://0.0.0.0:44473
2023-03-15 06:52:02,172 [IPC Server Responder] INFO  ipc.Server (Server.java:run(1512)) - IPC Server Responder: starting
2023-03-15 06:52:02,172 [IPC Server listener on 39575] INFO  ipc.Server (Server.java:run(1352)) - IPC Server listener on 39575: starting
2023-03-15 06:52:02,175 [Listener at 127.0.0.1/39575] INFO  om.OzoneManager (OzoneManager.java:startTrashEmptier(2051)) - Trash Interval set to 0. Files deleted won't move to trash
2023-03-15 06:52:02,175 [Listener at 127.0.0.1/39575] INFO  ozone.MiniOzoneHAClusterImpl (MiniOzoneHAClusterImpl.java:createOMService(527)) - Started OzoneManager omNode-3 RPC server at localhost/127.0.0.1:39575
2023-03-15 06:52:02,186 [org.apache.hadoop.util.JvmPauseMonitor$Monitor@13d32361] INFO  util.JvmPauseMonitor (JvmPauseMonitor.java:run(188)) - Starting JVM pause monitor
2023-03-15 06:52:02,295 [grpc-default-executor-3] WARN  server.GrpcLogAppender (LogUtils.java:warn(122)) - omNode-1@group-523986131536->omNode-3-AppendLogResponseHandler: Failed appendEntries: org.apache.ratis.thirdparty.io.grpc.StatusRuntimeException: UNAVAILABLE: io exception
2023-03-15 06:52:02,296 [grpc-default-executor-3] WARN  server.GrpcLogAppender (GrpcLogAppender.java:resetClient(131)) - omNode-1@group-523986131536->omNode-3-GrpcLogAppender: Leader has not got in touch with Follower omNode-1@group-523986131536->omNode-3(c-1,m0,n1, attendVote=true, lastRpcSendTime=1, lastRpcResponseTime=2457) yet, just keep nextIndex unchanged and retry.
2023-03-15 06:52:02,296 [grpc-default-executor-4] WARN  server.GrpcLogAppender (LogUtils.java:warn(122)) - omNode-1@group-523986131536->omNode-3-AppendLogResponseHandler: Failed appendEntries: org.apache.ratis.thirdparty.io.grpc.StatusRuntimeException: UNAVAILABLE: io exception
2023-03-15 06:52:02,297 [grpc-default-executor-4] WARN  server.GrpcLogAppender (GrpcLogAppender.java:resetClient(131)) - omNode-1@group-523986131536->omNode-3-GrpcLogAppender: Leader has not got in touch with Follower omNode-1@group-523986131536->omNode-3(c-1,m0,n1, attendVote=true, lastRpcSendTime=2, lastRpcResponseTime=2458) yet, just keep nextIndex unchanged and retry.
2023-03-15 06:52:02,325 [Listener at 127.0.0.1/39575] WARN  impl.MetricRegistriesImpl (MetricRegistriesImpl.java:addReporterRegistration(111)) - New reporters are added after registries were created. Some metrics will be missing from the reporter. Please add reporter before adding any new registry.
2023-03-15 06:52:02,325 [Listener at 127.0.0.1/39575] WARN  impl.MetricRegistriesImpl (MetricRegistriesImpl.java:addReporterRegistration(111)) - New reporters are added after registries were created. Some metrics will be missing from the reporter. Please add reporter before adding any new registry.
2023-03-15 06:52:02,325 [Listener at 127.0.0.1/39575] INFO  impl.MetricsSystemImpl (MetricsSystemImpl.java:init(158)) - HddsDatanode metrics system started (again)
2023-03-15 06:52:02,342 [Listener at 127.0.0.1/39575] INFO  ozone.HddsDatanodeService (HddsDatanodeService.java:start(229)) - HddsDatanodeService host:fv-az210-452.jgpbknbp5ljuxny3rrcz4t2bbd.bx.internal.cloudapp.net ip:10.1.0.130
2023-03-15 06:52:02,371 [Listener at 127.0.0.1/39575] INFO  upgrade.AbstractLayoutVersionManager (AbstractLayoutVersionManager.java:init(83)) - Initializing Layout version manager with metadata layout = DATANODE_SCHEMA_V3 (version = 4), software layout = DATANODE_SCHEMA_V3 (version = 4)
2023-03-15 06:52:02,427 [Listener at 127.0.0.1/39575] INFO  reflections.Reflections (Reflections.java:scan(232)) - Reflections took 55 ms to scan 7 urls, producing 155 keys and 368 values 
2023-03-15 06:52:02,431 [Listener at 127.0.0.1/39575] INFO  statemachine.DatanodeStateMachine (DatanodeStateMachine.java:getEndPointTaskThreadPoolSize(260)) - Datanode State Machine Task Thread Pool size 2
2023-03-15 06:52:02,500 [Listener at 127.0.0.1/39575] INFO  volume.HddsVolume (HddsVolume.java:<init>(122)) - Creating HddsVolume: /home/runner/work/ozone/ozone/hadoop-ozone/integration-test/target/test-dir/MiniOzoneClusterImpl-e79b0a94-dba3-4ba8-a298-d2d15914ceac/datanode-0/data-0/containers/hdds of storage type : DISK capacity : 9223372036854775807
2023-03-15 06:52:02,503 [Listener at 127.0.0.1/39575] INFO  volume.MutableVolumeSet (MutableVolumeSet.java:initializeVolumeSet(174)) - Added Volume : /home/runner/work/ozone/ozone/hadoop-ozone/integration-test/target/test-dir/MiniOzoneClusterImpl-e79b0a94-dba3-4ba8-a298-d2d15914ceac/datanode-0/data-0/containers/hdds to VolumeSet
2023-03-15 06:52:02,504 [Listener at 127.0.0.1/39575] INFO  volume.ThrottledAsyncChecker (ThrottledAsyncChecker.java:schedule(141)) - Scheduling a check for /home/runner/work/ozone/ozone/hadoop-ozone/integration-test/target/test-dir/MiniOzoneClusterImpl-e79b0a94-dba3-4ba8-a298-d2d15914ceac/datanode-0/data-0/containers/hdds
2023-03-15 06:52:02,526 [Listener at 127.0.0.1/39575] INFO  volume.StorageVolumeChecker (StorageVolumeChecker.java:checkAllVolumes(202)) - Scheduled health check for volume /home/runner/work/ozone/ozone/hadoop-ozone/integration-test/target/test-dir/MiniOzoneClusterImpl-e79b0a94-dba3-4ba8-a298-d2d15914ceac/datanode-0/data-0/containers/hdds
2023-03-15 06:52:02,554 [Listener at 127.0.0.1/39575] INFO  volume.MutableVolumeSet (MutableVolumeSet.java:initializeVolumeSet(174)) - Added Volume : /home/runner/work/ozone/ozone/hadoop-ozone/integration-test/target/test-dir/MiniOzoneClusterImpl-e79b0a94-dba3-4ba8-a298-d2d15914ceac/datanode-0/data/ratis to VolumeSet
2023-03-15 06:52:02,555 [Listener at 127.0.0.1/39575] INFO  volume.ThrottledAsyncChecker (ThrottledAsyncChecker.java:schedule(141)) - Scheduling a check for /home/runner/work/ozone/ozone/hadoop-ozone/integration-test/target/test-dir/MiniOzoneClusterImpl-e79b0a94-dba3-4ba8-a298-d2d15914ceac/datanode-0/data/ratis
2023-03-15 06:52:02,555 [Listener at 127.0.0.1/39575] INFO  volume.StorageVolumeChecker (StorageVolumeChecker.java:checkAllVolumes(202)) - Scheduled health check for volume /home/runner/work/ozone/ozone/hadoop-ozone/integration-test/target/test-dir/MiniOzoneClusterImpl-e79b0a94-dba3-4ba8-a298-d2d15914ceac/datanode-0/data/ratis
2023-03-15 06:52:02,558 [omNode-3-server-thread1] INFO  server.RaftServer$Division (ServerState.java:setLeader(313)) - omNode-3@group-523986131536: change Leader from null to omNode-1 at term 1 for appendEntries, leader elected after 1519ms
2023-03-15 06:52:02,558 [omNode-3-server-thread1] INFO  server.RaftServer$Division (RaftServerImpl.java:checkInconsistentAppendEntries(1508)) - omNode-3@group-523986131536: Failed appendEntries as previous log entry ((t:1, i:0)) is not found
2023-03-15 06:52:02,558 [omNode-3-server-thread1] INFO  server.RaftServer$Division (RaftServerImpl.java:checkInconsistentAppendEntries(1478)) - omNode-3@group-523986131536: inconsistency entries. Reply:omNode-1<-omNode-3#39946:FAIL-t0,INCONSISTENCY,nextIndex=0,followerCommit=-1,matchIndex=-1
2023-03-15 06:52:02,561 [grpc-default-executor-2] INFO  leader.FollowerInfo (FollowerInfoImpl.java:lambda$new$0(48)) - omNode-1@group-523986131536->omNode-3: nextIndex: updateUnconditionally 1 -> 0
2023-03-15 06:52:02,564 [omNode-3-server-thread1] INFO  server.RaftServer$Division (ServerState.java:setRaftConf(430)) - omNode-3@group-523986131536: set configuration 0: peers:[omNode-3|rpc:localhost:33673|admin:|client:|dataStream:|priority:0|startupRole:FOLLOWER, omNode-1|rpc:localhost:34517|admin:|client:|dataStream:|priority:0|startupRole:FOLLOWER, omNode-2|rpc:localhost:34441|admin:|client:|dataStream:|priority:0|startupRole:FOLLOWER]|listeners:[], old=null
2023-03-15 06:52:02,564 [omNode-3-server-thread1] INFO  segmented.SegmentedRaftLogWorker (SegmentedRaftLogWorker.java:startLogSegment(452)) - omNode-3@group-523986131536-SegmentedRaftLogWorker: Starting segment from index:0
2023-03-15 06:52:02,580 [omNode-3@group-523986131536-SegmentedRaftLogWorker] INFO  segmented.SegmentedRaftLogWorker (SegmentedRaftLogWorker.java:execute(656)) - omNode-3@group-523986131536-SegmentedRaftLogWorker: created new log segment /home/runner/work/ozone/ozone/hadoop-ozone/integration-test/target/test-dir/MiniOzoneClusterImpl-e79b0a94-dba3-4ba8-a298-d2d15914ceac/omNode-3/ratis/c9bc4cf4-3bc3-3c60-a66b-523986131536/current/log_inprogress_0
2023-03-15 06:52:02,582 [omNode-3@group-523986131536-StateMachineUpdater] INFO  ratis.OzoneManagerStateMachine (OzoneManagerStateMachine.java:notifyConfigurationChanged(192)) - Received Configuration change notification from Ratis. New Peer list:
[id: "omNode-3"
address: "localhost:33673"
startupRole: FOLLOWER
, id: "omNode-1"
address: "localhost:34517"
startupRole: FOLLOWER
, id: "omNode-2"
address: "localhost:34441"
startupRole: FOLLOWER
]
2023-03-15 06:52:02,602 [Thread-252] INFO  ozoneimpl.ContainerReader (ContainerReader.java:readVolume(175)) - Finish verifying containers on volume /home/runner/work/ozone/ozone/hadoop-ozone/integration-test/target/test-dir/MiniOzoneClusterImpl-e79b0a94-dba3-4ba8-a298-d2d15914ceac/datanode-0/data-0/containers/hdds
2023-03-15 06:52:02,602 [Listener at 127.0.0.1/39575] INFO  ozoneimpl.OzoneContainer (OzoneContainer.java:buildContainerSet(307)) - Build ContainerSet costs 0s
2023-03-15 06:52:02,655 [Listener at 127.0.0.1/39575] INFO  audit.AuditLogger (AuditLogger.java:refreshDebugCmdSet(126)) - Refresh DebugCmdSet for DNAudit to [].
2023-03-15 06:52:02,687 [Listener at 127.0.0.1/39575] INFO  server.RaftServer (ConfUtils.java:logGet(46)) - raft.rpc.type = GRPC (default)
2023-03-15 06:52:02,688 [Listener at 127.0.0.1/39575] INFO  grpc.GrpcConfigKeys (ConfUtils.java:logFallback(53)) - raft.grpc.admin.host = null (fallback to raft.grpc.server.host)
2023-03-15 06:52:02,688 [Listener at 127.0.0.1/39575] INFO  grpc.GrpcConfigKeys (ConfUtils.java:logGet(46)) - raft.grpc.admin.port = 0 (custom)
2023-03-15 06:52:02,688 [Listener at 127.0.0.1/39575] INFO  grpc.GrpcConfigKeys (ConfUtils.java:logFallback(53)) - raft.grpc.client.host = null (fallback to raft.grpc.server.host)
2023-03-15 06:52:02,693 [Listener at 127.0.0.1/39575] INFO  grpc.GrpcConfigKeys (ConfUtils.java:logGet(46)) - raft.grpc.client.port = 0 (custom)
2023-03-15 06:52:02,693 [Listener at 127.0.0.1/39575] INFO  grpc.GrpcConfigKeys (ConfUtils.java:logGet(46)) - raft.grpc.server.host = null (default)
2023-03-15 06:52:02,693 [Listener at 127.0.0.1/39575] INFO  grpc.GrpcConfigKeys (ConfUtils.java:logGet(46)) - raft.grpc.server.port = 0 (default)
2023-03-15 06:52:02,693 [Listener at 127.0.0.1/39575] INFO  server.GrpcService (ConfUtils.java:logGet(46)) - raft.grpc.message.size.max = 32MB (=33554432) (custom)
2023-03-15 06:52:02,693 [Listener at 127.0.0.1/39575] INFO  server.RaftServerConfigKeys (ConfUtils.java:logGet(46)) - raft.server.log.appender.buffer.byte-limit = 33554432 (custom)
2023-03-15 06:52:02,694 [Listener at 127.0.0.1/39575] INFO  server.GrpcService (ConfUtils.java:logGet(46)) - raft.grpc.flow.control.window = 5MB (=5242880) (custom)
2023-03-15 06:52:02,694 [Listener at 127.0.0.1/39575] INFO  server.RaftServerConfigKeys (ConfUtils.java:logGet(46)) - raft.server.rpc.request.timeout = 60s (custom)
2023-03-15 06:52:02,694 [Listener at 127.0.0.1/39575] INFO  grpc.GrpcConfigKeys (ConfUtils.java:logGet(46)) - raft.grpc.server.heartbeat.channel = true (default)
2023-03-15 06:52:02,694 [Listener at 127.0.0.1/39575] INFO  grpc.GrpcConfigKeys (ConfUtils.java:logGet(46)) - raft.grpc.server.async.request.thread.pool.cached = true (default)
2023-03-15 06:52:02,694 [Listener at 127.0.0.1/39575] INFO  grpc.GrpcConfigKeys (ConfUtils.java:logGet(46)) - raft.grpc.server.async.request.thread.pool.size = 32 (default)
2023-03-15 06:52:02,695 [Listener at 127.0.0.1/39575] INFO  impl.DataStreamServerImpl (ConfUtils.java:logGet(46)) - raft.datastream.type = NETTY (custom)
2023-03-15 06:52:02,706 [Listener at 127.0.0.1/39575] INFO  server.RaftServerConfigKeys (ConfUtils.java:logGet(46)) - raft.server.data-stream.async.request.thread.pool.cached = false (default)
2023-03-15 06:52:02,707 [Listener at 127.0.0.1/39575] INFO  server.RaftServerConfigKeys (ConfUtils.java:logGet(46)) - raft.server.data-stream.async.request.thread.pool.size = 20 (custom)
2023-03-15 06:52:02,707 [Listener at 127.0.0.1/39575] INFO  server.RaftServerConfigKeys (ConfUtils.java:logGet(46)) - raft.server.data-stream.async.write.thread.pool.size = 16 (default)
2023-03-15 06:52:02,708 [Listener at 127.0.0.1/39575] INFO  server.RaftServerConfigKeys (ConfUtils.java:logGet(46)) - raft.server.data-stream.client.pool.size = 10 (default)
2023-03-15 06:52:02,711 [Listener at 127.0.0.1/39575] INFO  netty.NettyConfigKeys$DataStream (ConfUtils.java:logGet(46)) - raft.netty.dataStream.server.use-epoll = false (default)
2023-03-15 06:52:02,711 [Listener at 127.0.0.1/39575] INFO  netty.NettyConfigKeys$DataStream (ConfUtils.java:logGet(46)) - raft.netty.dataStream.server.boss-group.size = 0 (default)
2023-03-15 06:52:02,718 [Listener at 127.0.0.1/39575] INFO  netty.NettyConfigKeys$DataStream (ConfUtils.java:logGet(46)) - raft.netty.dataStream.server.worker-group.size = 0 (default)
2023-03-15 06:52:02,719 [Listener at 127.0.0.1/39575] INFO  netty.NettyConfigKeys$DataStream (ConfUtils.java:logGet(46)) - raft.netty.dataStream.server.tls.conf = null (default)
2023-03-15 06:52:02,721 [Listener at 127.0.0.1/39575] INFO  netty.NettyConfigKeys$DataStream (ConfUtils.java:logGet(46)) - raft.netty.dataStream.host = null (default)
2023-03-15 06:52:02,721 [Listener at 127.0.0.1/39575] INFO  netty.NettyConfigKeys$DataStream (ConfUtils.java:logGet(46)) - raft.netty.dataStream.port = 0 (default)
2023-03-15 06:52:02,730 [Listener at 127.0.0.1/39575] INFO  server.RaftServerConfigKeys (ConfUtils.java:logGet(46)) - raft.server.threadpool.proxy.cached = true (default)
2023-03-15 06:52:02,730 [Listener at 127.0.0.1/39575] INFO  server.RaftServerConfigKeys (ConfUtils.java:logGet(46)) - raft.server.threadpool.proxy.size = 0 (default)
2023-03-15 06:52:02,730 [Listener at 127.0.0.1/39575] INFO  server.RaftServerConfigKeys (ConfUtils.java:logGet(46)) - raft.server.rpc.slowness.timeout = 300s (custom)
2023-03-15 06:52:02,730 [Listener at 127.0.0.1/39575] INFO  server.RaftServerConfigKeys (ConfUtils.java:logGet(46)) - raft.server.leaderelection.leader.step-down.wait-time = 10s (default)
2023-03-15 06:52:02,731 [Listener at 127.0.0.1/39575] INFO  server.RaftServerConfigKeys (ConfUtils.java:logGet(46)) - raft.server.storage.dir = [/home/runner/work/ozone/ozone/hadoop-ozone/integration-test/target/test-dir/MiniOzoneClusterImpl-e79b0a94-dba3-4ba8-a298-d2d15914ceac/datanode-0/data/ratis] (custom)
2023-03-15 06:52:02,751 [69770226-cf53-4475-8132-826a0d48d398-NettyServerStreamRpc-bossGroup--thread1] INFO  logging.LoggingHandler (AbstractInternalLogger.java:log(148)) - [id: 0xbff67db4] REGISTERED
2023-03-15 06:52:02,752 [69770226-cf53-4475-8132-826a0d48d398-NettyServerStreamRpc-bossGroup--thread1] INFO  logging.LoggingHandler (AbstractInternalLogger.java:log(148)) - [id: 0xbff67db4] BIND: 0.0.0.0/0.0.0.0:0
2023-03-15 06:52:02,752 [69770226-cf53-4475-8132-826a0d48d398-NettyServerStreamRpc-bossGroup--thread1] INFO  logging.LoggingHandler (AbstractInternalLogger.java:log(148)) - [id: 0xbff67db4, L:/0:0:0:0:0:0:0:0:45667] ACTIVE
2023-03-15 06:52:02,763 [Listener at 127.0.0.1/39575] INFO  server.XceiverServerGrpc (XceiverServerGrpc.java:<init>(132)) - GrpcServer channel type EpollServerSocketChannel
2023-03-15 06:52:02,856 [Listener at 127.0.0.1/39575] INFO  http.BaseHttpServer (BaseHttpServer.java:newHttpServer2BuilderForOzone(224)) - Starting Web-server for hddsDatanode at: http://0.0.0.0:0
2023-03-15 06:52:02,856 [Listener at 127.0.0.1/39575] INFO  http.BaseHttpServer (BaseHttpServer.java:<init>(111)) - Hadoop Security Enabled: false Ozone Security Enabled: false Ozone HTTP Security Enabled: false 
2023-03-15 06:52:02,858 [Listener at 127.0.0.1/39575] WARN  server.AuthenticationFilter (AuthenticationFilter.java:constructSecretProvider(240)) - Unable to initialize FileSignerSecretProvider, falling back to use random secrets. Reason: Could not read signature secret file: /home/runner/hadoop-http-auth-signature-secret
2023-03-15 06:52:02,859 [Listener at 127.0.0.1/39575] WARN  http.HttpRequestLog (HttpRequestLog.java:getRequestLog(103)) - Jetty request log can only be enabled using Log4j
2023-03-15 06:52:02,861 [Listener at 127.0.0.1/39575] INFO  http.HttpServer2 (HttpServer2.java:addGlobalFilter(1031)) - Added global filter 'safety' (class=org.apache.hadoop.hdds.server.http.HttpServer2$QuotingInputFilter)
2023-03-15 06:52:02,862 [Listener at 127.0.0.1/39575] INFO  http.HttpServer2 (HttpServer2.java:addFilter(1007)) - Added filter static_user_filter (class=org.apache.hadoop.http.lib.StaticUserWebFilter$StaticUserFilter) to context hddsDatanode
2023-03-15 06:52:02,862 [Listener at 127.0.0.1/39575] INFO  http.HttpServer2 (HttpServer2.java:addFilter(1015)) - Added filter static_user_filter (class=org.apache.hadoop.http.lib.StaticUserWebFilter$StaticUserFilter) to context static
2023-03-15 06:52:02,862 [Listener at 127.0.0.1/39575] INFO  http.HttpServer2 (HttpServer2.java:addFilter(1015)) - Added filter static_user_filter (class=org.apache.hadoop.http.lib.StaticUserWebFilter$StaticUserFilter) to context logs
2023-03-15 06:52:02,863 [Listener at 127.0.0.1/39575] INFO  http.BaseHttpServer (BaseHttpServer.java:<init>(190)) - HTTP server of hddsDatanode uses base directory /home/runner/work/ozone/ozone/hadoop-ozone/integration-test/target/test-dir/MiniOzoneClusterImpl-e79b0a94-dba3-4ba8-a298-d2d15914ceac/datanode-0/meta/webserver
2023-03-15 06:52:02,863 [Listener at 127.0.0.1/39575] INFO  http.HttpServer2 (HttpServer2.java:bindListener(1250)) - Jetty bound to port 36581
2023-03-15 06:52:02,863 [Listener at 127.0.0.1/39575] INFO  server.Server (Server.java:doStart(375)) - jetty-9.4.49.v20220914; built: 2022-09-14T01:07:36.601Z; git: 4231a3b2e4cb8548a412a789936d640a97b1aa0a; jvm 1.8.0_362-b09
2023-03-15 06:52:02,867 [Listener at 127.0.0.1/39575] INFO  server.session (DefaultSessionIdManager.java:doStart(334)) - DefaultSessionIdManager workerName=node0
2023-03-15 06:52:02,867 [Listener at 127.0.0.1/39575] INFO  server.session (DefaultSessionIdManager.java:doStart(339)) - No SessionScavenger set, using defaults
2023-03-15 06:52:02,868 [Listener at 127.0.0.1/39575] INFO  server.session (HouseKeeper.java:startScavenging(132)) - node0 Scavenging every 600000ms
2023-03-15 06:52:02,868 [Listener at 127.0.0.1/39575] INFO  handler.ContextHandler (ContextHandler.java:doStart(921)) - Started o.e.j.s.ServletContextHandler@6e858079{logs,/logs,file:///home/runner/work/ozone/ozone/hadoop-ozone/integration-test/target/log,AVAILABLE}
2023-03-15 06:52:02,869 [Listener at 127.0.0.1/39575] INFO  handler.ContextHandler (ContextHandler.java:doStart(921)) - Started o.e.j.s.ServletContextHandler@2195d1b{static,/static,jar:file:/home/runner/.m2/repository/org/apache/ozone/hdds-container-service/1.4.0-SNAPSHOT/hdds-container-service-1.4.0-SNAPSHOT.jar!/webapps/static,AVAILABLE}
2023-03-15 06:52:03,145 [Listener at 127.0.0.1/39575] INFO  handler.ContextHandler (ContextHandler.java:doStart(921)) - Started o.e.j.w.WebAppContext@3dee2f62{hddsDatanode,/,file:///home/runner/work/ozone/ozone/hadoop-ozone/integration-test/target/test-dir/MiniOzoneClusterImpl-e79b0a94-dba3-4ba8-a298-d2d15914ceac/datanode-0/meta/webserver/jetty-0_0_0_0-36581-hdds-container-service-1_4_0-SNAPSHOT_jar-_-any-2945641631182290140/webapp/,AVAILABLE}{jar:file:/home/runner/.m2/repository/org/apache/ozone/hdds-container-service/1.4.0-SNAPSHOT/hdds-container-service-1.4.0-SNAPSHOT.jar!/webapps/hddsDatanode}
2023-03-15 06:52:03,147 [Listener at 127.0.0.1/39575] INFO  server.AbstractConnector (AbstractConnector.java:doStart(333)) - Started ServerConnector@ab7eb31{HTTP/1.1, (http/1.1)}{0.0.0.0:36581}
2023-03-15 06:52:03,147 [Listener at 127.0.0.1/39575] INFO  server.Server (Server.java:doStart(415)) - Started @12638ms
2023-03-15 06:52:03,147 [Listener at 127.0.0.1/39575] WARN  impl.MetricsSystemImpl (MetricsSystemImpl.java:register(279)) - Sink prometheus already exists!
2023-03-15 06:52:03,148 [Listener at 127.0.0.1/39575] INFO  http.BaseHttpServer (BaseHttpServer.java:updateConnectorAddress(344)) - HTTP server of hddsDatanode listening at http://0.0.0.0:36581
2023-03-15 06:52:03,149 [Listener at 127.0.0.1/39575] WARN  impl.MetricRegistriesImpl (MetricRegistriesImpl.java:addReporterRegistration(111)) - New reporters are added after registries were created. Some metrics will be missing from the reporter. Please add reporter before adding any new registry.
2023-03-15 06:52:03,150 [Listener at 127.0.0.1/39575] WARN  impl.MetricRegistriesImpl (MetricRegistriesImpl.java:addReporterRegistration(111)) - New reporters are added after registries were created. Some metrics will be missing from the reporter. Please add reporter before adding any new registry.
2023-03-15 06:52:03,150 [Listener at 127.0.0.1/39575] INFO  impl.MetricsSystemImpl (MetricsSystemImpl.java:init(158)) - HddsDatanode metrics system started (again)
2023-03-15 06:52:03,153 [Datanode State Machine Daemon Thread] INFO  statemachine.DatanodeStateMachine (DatanodeStateMachine.java:lambda$startDaemon$0(517)) - Ozone container server started.
2023-03-15 06:52:03,170 [org.apache.hadoop.util.JvmPauseMonitor$Monitor@7a25dda8] INFO  util.JvmPauseMonitor (JvmPauseMonitor.java:run(188)) - Starting JVM pause monitor
2023-03-15 06:52:03,171 [Listener at 127.0.0.1/39575] INFO  ozone.HddsDatanodeService (HddsDatanodeService.java:start(229)) - HddsDatanodeService host:fv-az210-452.jgpbknbp5ljuxny3rrcz4t2bbd.bx.internal.cloudapp.net ip:10.1.0.130
2023-03-15 06:52:03,206 [Listener at 127.0.0.1/39575] INFO  upgrade.AbstractLayoutVersionManager (AbstractLayoutVersionManager.java:init(83)) - Initializing Layout version manager with metadata layout = DATANODE_SCHEMA_V3 (version = 4), software layout = DATANODE_SCHEMA_V3 (version = 4)
2023-03-15 06:52:03,302 [Listener at 127.0.0.1/39575] INFO  reflections.Reflections (Reflections.java:scan(232)) - Reflections took 94 ms to scan 7 urls, producing 155 keys and 368 values 
2023-03-15 06:52:03,304 [Listener at 127.0.0.1/39575] INFO  statemachine.DatanodeStateMachine (DatanodeStateMachine.java:getEndPointTaskThreadPoolSize(260)) - Datanode State Machine Task Thread Pool size 2
2023-03-15 06:52:03,306 [Listener at 127.0.0.1/39575] INFO  volume.HddsVolume (HddsVolume.java:<init>(122)) - Creating HddsVolume: /home/runner/work/ozone/ozone/hadoop-ozone/integration-test/target/test-dir/MiniOzoneClusterImpl-e79b0a94-dba3-4ba8-a298-d2d15914ceac/datanode-1/data-0/containers/hdds of storage type : DISK capacity : 9223372036854775807
2023-03-15 06:52:03,306 [Listener at 127.0.0.1/39575] INFO  volume.MutableVolumeSet (MutableVolumeSet.java:initializeVolumeSet(174)) - Added Volume : /home/runner/work/ozone/ozone/hadoop-ozone/integration-test/target/test-dir/MiniOzoneClusterImpl-e79b0a94-dba3-4ba8-a298-d2d15914ceac/datanode-1/data-0/containers/hdds to VolumeSet
2023-03-15 06:52:03,307 [Listener at 127.0.0.1/39575] INFO  volume.ThrottledAsyncChecker (ThrottledAsyncChecker.java:schedule(141)) - Scheduling a check for /home/runner/work/ozone/ozone/hadoop-ozone/integration-test/target/test-dir/MiniOzoneClusterImpl-e79b0a94-dba3-4ba8-a298-d2d15914ceac/datanode-1/data-0/containers/hdds
2023-03-15 06:52:03,307 [Listener at 127.0.0.1/39575] INFO  volume.StorageVolumeChecker (StorageVolumeChecker.java:checkAllVolumes(202)) - Scheduled health check for volume /home/runner/work/ozone/ozone/hadoop-ozone/integration-test/target/test-dir/MiniOzoneClusterImpl-e79b0a94-dba3-4ba8-a298-d2d15914ceac/datanode-1/data-0/containers/hdds
2023-03-15 06:52:03,321 [Datanode State Machine Task Thread - 0] INFO  datanode.InitDatanodeState (InitDatanodeState.java:persistContainerDatanodeDetails(138)) - DatanodeDetails is persisted to /home/runner/work/ozone/ozone/hadoop-ozone/integration-test/target/test-dir/MiniOzoneClusterImpl-e79b0a94-dba3-4ba8-a298-d2d15914ceac/datanode-0/meta/datanode.id
2023-03-15 06:52:03,324 [Listener at 127.0.0.1/39575] INFO  volume.MutableVolumeSet (MutableVolumeSet.java:initializeVolumeSet(174)) - Added Volume : /home/runner/work/ozone/ozone/hadoop-ozone/integration-test/target/test-dir/MiniOzoneClusterImpl-e79b0a94-dba3-4ba8-a298-d2d15914ceac/datanode-1/data/ratis to VolumeSet
2023-03-15 06:52:03,324 [Listener at 127.0.0.1/39575] INFO  volume.ThrottledAsyncChecker (ThrottledAsyncChecker.java:schedule(141)) - Scheduling a check for /home/runner/work/ozone/ozone/hadoop-ozone/integration-test/target/test-dir/MiniOzoneClusterImpl-e79b0a94-dba3-4ba8-a298-d2d15914ceac/datanode-1/data/ratis
2023-03-15 06:52:03,324 [Listener at 127.0.0.1/39575] INFO  volume.StorageVolumeChecker (StorageVolumeChecker.java:checkAllVolumes(202)) - Scheduled health check for volume /home/runner/work/ozone/ozone/hadoop-ozone/integration-test/target/test-dir/MiniOzoneClusterImpl-e79b0a94-dba3-4ba8-a298-d2d15914ceac/datanode-1/data/ratis
2023-03-15 06:52:03,337 [Thread-267] INFO  ozoneimpl.ContainerReader (ContainerReader.java:readVolume(175)) - Finish verifying containers on volume /home/runner/work/ozone/ozone/hadoop-ozone/integration-test/target/test-dir/MiniOzoneClusterImpl-e79b0a94-dba3-4ba8-a298-d2d15914ceac/datanode-1/data-0/containers/hdds
2023-03-15 06:52:03,338 [Listener at 127.0.0.1/39575] INFO  ozoneimpl.OzoneContainer (OzoneContainer.java:buildContainerSet(307)) - Build ContainerSet costs 0s
2023-03-15 06:52:03,342 [Listener at 127.0.0.1/39575] INFO  server.RaftServer (ConfUtils.java:logGet(46)) - raft.rpc.type = GRPC (default)
2023-03-15 06:52:03,344 [Listener at 127.0.0.1/39575] INFO  grpc.GrpcConfigKeys (ConfUtils.java:logFallback(53)) - raft.grpc.admin.host = null (fallback to raft.grpc.server.host)
2023-03-15 06:52:03,345 [Listener at 127.0.0.1/39575] INFO  grpc.GrpcConfigKeys (ConfUtils.java:logGet(46)) - raft.grpc.admin.port = 0 (custom)
2023-03-15 06:52:03,345 [Listener at 127.0.0.1/39575] INFO  grpc.GrpcConfigKeys (ConfUtils.java:logFallback(53)) - raft.grpc.client.host = null (fallback to raft.grpc.server.host)
2023-03-15 06:52:03,345 [Listener at 127.0.0.1/39575] INFO  grpc.GrpcConfigKeys (ConfUtils.java:logGet(46)) - raft.grpc.client.port = 0 (custom)
2023-03-15 06:52:03,345 [Listener at 127.0.0.1/39575] INFO  grpc.GrpcConfigKeys (ConfUtils.java:logGet(46)) - raft.grpc.server.host = null (default)
2023-03-15 06:52:03,345 [Listener at 127.0.0.1/39575] INFO  grpc.GrpcConfigKeys (ConfUtils.java:logGet(46)) - raft.grpc.server.port = 0 (default)
2023-03-15 06:52:03,345 [Listener at 127.0.0.1/39575] INFO  server.GrpcService (ConfUtils.java:logGet(46)) - raft.grpc.message.size.max = 32MB (=33554432) (custom)
2023-03-15 06:52:03,345 [Listener at 127.0.0.1/39575] INFO  server.RaftServerConfigKeys (ConfUtils.java:logGet(46)) - raft.server.log.appender.buffer.byte-limit = 33554432 (custom)
2023-03-15 06:52:03,346 [Listener at 127.0.0.1/39575] INFO  server.GrpcService (ConfUtils.java:logGet(46)) - raft.grpc.flow.control.window = 5MB (=5242880) (custom)
2023-03-15 06:52:03,346 [Listener at 127.0.0.1/39575] INFO  server.RaftServerConfigKeys (ConfUtils.java:logGet(46)) - raft.server.rpc.request.timeout = 60s (custom)
2023-03-15 06:52:03,346 [Listener at 127.0.0.1/39575] INFO  grpc.GrpcConfigKeys (ConfUtils.java:logGet(46)) - raft.grpc.server.heartbeat.channel = true (default)
2023-03-15 06:52:03,346 [Listener at 127.0.0.1/39575] INFO  grpc.GrpcConfigKeys (ConfUtils.java:logGet(46)) - raft.grpc.server.async.request.thread.pool.cached = true (default)
2023-03-15 06:52:03,346 [Listener at 127.0.0.1/39575] INFO  grpc.GrpcConfigKeys (ConfUtils.java:logGet(46)) - raft.grpc.server.async.request.thread.pool.size = 32 (default)
2023-03-15 06:52:03,347 [Listener at 127.0.0.1/39575] INFO  impl.DataStreamServerImpl (ConfUtils.java:logGet(46)) - raft.datastream.type = NETTY (custom)
2023-03-15 06:52:03,348 [Listener at 127.0.0.1/39575] INFO  server.RaftServerConfigKeys (ConfUtils.java:logGet(46)) - raft.server.data-stream.async.request.thread.pool.cached = false (default)
2023-03-15 06:52:03,348 [Listener at 127.0.0.1/39575] INFO  server.RaftServerConfigKeys (ConfUtils.java:logGet(46)) - raft.server.data-stream.async.request.thread.pool.size = 20 (custom)
2023-03-15 06:52:03,348 [Listener at 127.0.0.1/39575] INFO  server.RaftServerConfigKeys (ConfUtils.java:logGet(46)) - raft.server.data-stream.async.write.thread.pool.size = 16 (default)
2023-03-15 06:52:03,348 [Listener at 127.0.0.1/39575] INFO  server.RaftServerConfigKeys (ConfUtils.java:logGet(46)) - raft.server.data-stream.client.pool.size = 10 (default)
2023-03-15 06:52:03,348 [Listener at 127.0.0.1/39575] INFO  netty.NettyConfigKeys$DataStream (ConfUtils.java:logGet(46)) - raft.netty.dataStream.server.use-epoll = false (default)
2023-03-15 06:52:03,349 [Listener at 127.0.0.1/39575] INFO  netty.NettyConfigKeys$DataStream (ConfUtils.java:logGet(46)) - raft.netty.dataStream.server.boss-group.size = 0 (default)
2023-03-15 06:52:03,349 [Listener at 127.0.0.1/39575] INFO  netty.NettyConfigKeys$DataStream (ConfUtils.java:logGet(46)) - raft.netty.dataStream.server.worker-group.size = 0 (default)
2023-03-15 06:52:03,349 [Listener at 127.0.0.1/39575] INFO  netty.NettyConfigKeys$DataStream (ConfUtils.java:logGet(46)) - raft.netty.dataStream.server.tls.conf = null (default)
2023-03-15 06:52:03,350 [Listener at 127.0.0.1/39575] INFO  netty.NettyConfigKeys$DataStream (ConfUtils.java:logGet(46)) - raft.netty.dataStream.host = null (default)
2023-03-15 06:52:03,350 [Listener at 127.0.0.1/39575] INFO  netty.NettyConfigKeys$DataStream (ConfUtils.java:logGet(46)) - raft.netty.dataStream.port = 0 (default)
2023-03-15 06:52:03,350 [Listener at 127.0.0.1/39575] INFO  server.RaftServerConfigKeys (ConfUtils.java:logGet(46)) - raft.server.threadpool.proxy.cached = true (default)
2023-03-15 06:52:03,350 [Listener at 127.0.0.1/39575] INFO  server.RaftServerConfigKeys (ConfUtils.java:logGet(46)) - raft.server.threadpool.proxy.size = 0 (default)
2023-03-15 06:52:03,351 [Listener at 127.0.0.1/39575] INFO  server.RaftServerConfigKeys (ConfUtils.java:logGet(46)) - raft.server.rpc.slowness.timeout = 300s (custom)
2023-03-15 06:52:03,351 [Listener at 127.0.0.1/39575] INFO  server.RaftServerConfigKeys (ConfUtils.java:logGet(46)) - raft.server.leaderelection.leader.step-down.wait-time = 10s (default)
2023-03-15 06:52:03,351 [Listener at 127.0.0.1/39575] INFO  server.RaftServerConfigKeys (ConfUtils.java:logGet(46)) - raft.server.storage.dir = [/home/runner/work/ozone/ozone/hadoop-ozone/integration-test/target/test-dir/MiniOzoneClusterImpl-e79b0a94-dba3-4ba8-a298-d2d15914ceac/datanode-1/data/ratis] (custom)
2023-03-15 06:52:03,362 [Listener at 127.0.0.1/39575] INFO  server.XceiverServerGrpc (XceiverServerGrpc.java:<init>(132)) - GrpcServer channel type EpollServerSocketChannel
2023-03-15 06:52:03,363 [f927f8e9-81c0-47cb-a281-73162d36a20e-NettyServerStreamRpc-bossGroup--thread1] INFO  logging.LoggingHandler (AbstractInternalLogger.java:log(148)) - [id: 0x7d79f82a] REGISTERED
2023-03-15 06:52:03,364 [f927f8e9-81c0-47cb-a281-73162d36a20e-NettyServerStreamRpc-bossGroup--thread1] INFO  logging.LoggingHandler (AbstractInternalLogger.java:log(148)) - [id: 0x7d79f82a] BIND: 0.0.0.0/0.0.0.0:0
2023-03-15 06:52:03,364 [f927f8e9-81c0-47cb-a281-73162d36a20e-NettyServerStreamRpc-bossGroup--thread1] INFO  logging.LoggingHandler (AbstractInternalLogger.java:log(148)) - [id: 0x7d79f82a, L:/0:0:0:0:0:0:0:0:43039] ACTIVE
2023-03-15 06:52:03,369 [Listener at 127.0.0.1/39575] INFO  http.BaseHttpServer (BaseHttpServer.java:newHttpServer2BuilderForOzone(224)) - Starting Web-server for hddsDatanode at: http://0.0.0.0:0
2023-03-15 06:52:03,369 [Listener at 127.0.0.1/39575] INFO  http.BaseHttpServer (BaseHttpServer.java:<init>(111)) - Hadoop Security Enabled: false Ozone Security Enabled: false Ozone HTTP Security Enabled: false 
2023-03-15 06:52:03,370 [Listener at 127.0.0.1/39575] WARN  server.AuthenticationFilter (AuthenticationFilter.java:constructSecretProvider(240)) - Unable to initialize FileSignerSecretProvider, falling back to use random secrets. Reason: Could not read signature secret file: /home/runner/hadoop-http-auth-signature-secret
2023-03-15 06:52:03,372 [Listener at 127.0.0.1/39575] WARN  http.HttpRequestLog (HttpRequestLog.java:getRequestLog(103)) - Jetty request log can only be enabled using Log4j
2023-03-15 06:52:03,374 [Listener at 127.0.0.1/39575] INFO  http.HttpServer2 (HttpServer2.java:addGlobalFilter(1031)) - Added global filter 'safety' (class=org.apache.hadoop.hdds.server.http.HttpServer2$QuotingInputFilter)
2023-03-15 06:52:03,376 [Listener at 127.0.0.1/39575] INFO  http.HttpServer2 (HttpServer2.java:addFilter(1007)) - Added filter static_user_filter (class=org.apache.hadoop.http.lib.StaticUserWebFilter$StaticUserFilter) to context hddsDatanode
2023-03-15 06:52:03,376 [Listener at 127.0.0.1/39575] INFO  http.HttpServer2 (HttpServer2.java:addFilter(1015)) - Added filter static_user_filter (class=org.apache.hadoop.http.lib.StaticUserWebFilter$StaticUserFilter) to context static
2023-03-15 06:52:03,376 [Listener at 127.0.0.1/39575] INFO  http.HttpServer2 (HttpServer2.java:addFilter(1015)) - Added filter static_user_filter (class=org.apache.hadoop.http.lib.StaticUserWebFilter$StaticUserFilter) to context logs
2023-03-15 06:52:03,377 [Listener at 127.0.0.1/39575] INFO  http.BaseHttpServer (BaseHttpServer.java:<init>(190)) - HTTP server of hddsDatanode uses base directory /home/runner/work/ozone/ozone/hadoop-ozone/integration-test/target/test-dir/MiniOzoneClusterImpl-e79b0a94-dba3-4ba8-a298-d2d15914ceac/datanode-1/meta/webserver
2023-03-15 06:52:03,377 [Listener at 127.0.0.1/39575] INFO  http.HttpServer2 (HttpServer2.java:bindListener(1250)) - Jetty bound to port 45175
2023-03-15 06:52:03,377 [Listener at 127.0.0.1/39575] INFO  server.Server (Server.java:doStart(375)) - jetty-9.4.49.v20220914; built: 2022-09-14T01:07:36.601Z; git: 4231a3b2e4cb8548a412a789936d640a97b1aa0a; jvm 1.8.0_362-b09
2023-03-15 06:52:03,379 [Listener at 127.0.0.1/39575] INFO  server.session (DefaultSessionIdManager.java:doStart(334)) - DefaultSessionIdManager workerName=node0
2023-03-15 06:52:03,379 [Listener at 127.0.0.1/39575] INFO  server.session (DefaultSessionIdManager.java:doStart(339)) - No SessionScavenger set, using defaults
2023-03-15 06:52:03,379 [Listener at 127.0.0.1/39575] INFO  server.session (HouseKeeper.java:startScavenging(132)) - node0 Scavenging every 600000ms
2023-03-15 06:52:03,380 [Listener at 127.0.0.1/39575] INFO  handler.ContextHandler (ContextHandler.java:doStart(921)) - Started o.e.j.s.ServletContextHandler@628fe6aa{logs,/logs,file:///home/runner/work/ozone/ozone/hadoop-ozone/integration-test/target/log,AVAILABLE}
2023-03-15 06:52:03,381 [Listener at 127.0.0.1/39575] INFO  handler.ContextHandler (ContextHandler.java:doStart(921)) - Started o.e.j.s.ServletContextHandler@117c130f{static,/static,jar:file:/home/runner/.m2/repository/org/apache/ozone/hdds-container-service/1.4.0-SNAPSHOT/hdds-container-service-1.4.0-SNAPSHOT.jar!/webapps/static,AVAILABLE}
2023-03-15 06:52:03,608 [Listener at 127.0.0.1/39575] INFO  handler.ContextHandler (ContextHandler.java:doStart(921)) - Started o.e.j.w.WebAppContext@60050ce6{hddsDatanode,/,file:///home/runner/work/ozone/ozone/hadoop-ozone/integration-test/target/test-dir/MiniOzoneClusterImpl-e79b0a94-dba3-4ba8-a298-d2d15914ceac/datanode-1/meta/webserver/jetty-0_0_0_0-45175-hdds-container-service-1_4_0-SNAPSHOT_jar-_-any-5148897400859917818/webapp/,AVAILABLE}{jar:file:/home/runner/.m2/repository/org/apache/ozone/hdds-container-service/1.4.0-SNAPSHOT/hdds-container-service-1.4.0-SNAPSHOT.jar!/webapps/hddsDatanode}
2023-03-15 06:52:03,609 [Listener at 127.0.0.1/39575] INFO  server.AbstractConnector (AbstractConnector.java:doStart(333)) - Started ServerConnector@390cd91e{HTTP/1.1, (http/1.1)}{0.0.0.0:45175}
2023-03-15 06:52:03,610 [Listener at 127.0.0.1/39575] INFO  server.Server (Server.java:doStart(415)) - Started @13100ms
2023-03-15 06:52:03,610 [Listener at 127.0.0.1/39575] WARN  impl.MetricsSystemImpl (MetricsSystemImpl.java:register(279)) - Sink prometheus already exists!
2023-03-15 06:52:03,610 [Listener at 127.0.0.1/39575] INFO  http.BaseHttpServer (BaseHttpServer.java:updateConnectorAddress(344)) - HTTP server of hddsDatanode listening at http://0.0.0.0:45175
2023-03-15 06:52:03,613 [Listener at 127.0.0.1/39575] WARN  impl.MetricRegistriesImpl (MetricRegistriesImpl.java:addReporterRegistration(111)) - New reporters are added after registries were created. Some metrics will be missing from the reporter. Please add reporter before adding any new registry.
2023-03-15 06:52:03,613 [Listener at 127.0.0.1/39575] WARN  impl.MetricRegistriesImpl (MetricRegistriesImpl.java:addReporterRegistration(111)) - New reporters are added after registries were created. Some metrics will be missing from the reporter. Please add reporter before adding any new registry.
2023-03-15 06:52:03,613 [Listener at 127.0.0.1/39575] INFO  impl.MetricsSystemImpl (MetricsSystemImpl.java:init(158)) - HddsDatanode metrics system started (again)
2023-03-15 06:52:03,614 [Datanode State Machine Daemon Thread] INFO  statemachine.DatanodeStateMachine (DatanodeStateMachine.java:lambda$startDaemon$0(517)) - Ozone container server started.
2023-03-15 06:52:03,624 [org.apache.hadoop.util.JvmPauseMonitor$Monitor@4222d754] INFO  util.JvmPauseMonitor (JvmPauseMonitor.java:run(188)) - Starting JVM pause monitor
2023-03-15 06:52:03,629 [Listener at 127.0.0.1/39575] INFO  ozone.HddsDatanodeService (HddsDatanodeService.java:start(229)) - HddsDatanodeService host:fv-az210-452.jgpbknbp5ljuxny3rrcz4t2bbd.bx.internal.cloudapp.net ip:10.1.0.130
2023-03-15 06:52:03,634 [Datanode State Machine Task Thread - 0] INFO  datanode.InitDatanodeState (InitDatanodeState.java:persistContainerDatanodeDetails(138)) - DatanodeDetails is persisted to /home/runner/work/ozone/ozone/hadoop-ozone/integration-test/target/test-dir/MiniOzoneClusterImpl-e79b0a94-dba3-4ba8-a298-d2d15914ceac/datanode-1/meta/datanode.id
2023-03-15 06:52:03,659 [Listener at 127.0.0.1/39575] INFO  upgrade.AbstractLayoutVersionManager (AbstractLayoutVersionManager.java:init(83)) - Initializing Layout version manager with metadata layout = DATANODE_SCHEMA_V3 (version = 4), software layout = DATANODE_SCHEMA_V3 (version = 4)
2023-03-15 06:52:03,722 [Listener at 127.0.0.1/39575] INFO  reflections.Reflections (Reflections.java:scan(232)) - Reflections took 61 ms to scan 7 urls, producing 155 keys and 368 values 
2023-03-15 06:52:03,725 [Listener at 127.0.0.1/39575] INFO  statemachine.DatanodeStateMachine (DatanodeStateMachine.java:getEndPointTaskThreadPoolSize(260)) - Datanode State Machine Task Thread Pool size 2
2023-03-15 06:52:03,729 [Listener at 127.0.0.1/39575] INFO  volume.HddsVolume (HddsVolume.java:<init>(122)) - Creating HddsVolume: /home/runner/work/ozone/ozone/hadoop-ozone/integration-test/target/test-dir/MiniOzoneClusterImpl-e79b0a94-dba3-4ba8-a298-d2d15914ceac/datanode-2/data-0/containers/hdds of storage type : DISK capacity : 9223372036854775807
2023-03-15 06:52:03,729 [Listener at 127.0.0.1/39575] INFO  volume.MutableVolumeSet (MutableVolumeSet.java:initializeVolumeSet(174)) - Added Volume : /home/runner/work/ozone/ozone/hadoop-ozone/integration-test/target/test-dir/MiniOzoneClusterImpl-e79b0a94-dba3-4ba8-a298-d2d15914ceac/datanode-2/data-0/containers/hdds to VolumeSet
2023-03-15 06:52:03,729 [Listener at 127.0.0.1/39575] INFO  volume.ThrottledAsyncChecker (ThrottledAsyncChecker.java:schedule(141)) - Scheduling a check for /home/runner/work/ozone/ozone/hadoop-ozone/integration-test/target/test-dir/MiniOzoneClusterImpl-e79b0a94-dba3-4ba8-a298-d2d15914ceac/datanode-2/data-0/containers/hdds
2023-03-15 06:52:03,731 [Listener at 127.0.0.1/39575] INFO  volume.StorageVolumeChecker (StorageVolumeChecker.java:checkAllVolumes(202)) - Scheduled health check for volume /home/runner/work/ozone/ozone/hadoop-ozone/integration-test/target/test-dir/MiniOzoneClusterImpl-e79b0a94-dba3-4ba8-a298-d2d15914ceac/datanode-2/data-0/containers/hdds
2023-03-15 06:52:03,748 [Listener at 127.0.0.1/39575] INFO  volume.MutableVolumeSet (MutableVolumeSet.java:initializeVolumeSet(174)) - Added Volume : /home/runner/work/ozone/ozone/hadoop-ozone/integration-test/target/test-dir/MiniOzoneClusterImpl-e79b0a94-dba3-4ba8-a298-d2d15914ceac/datanode-2/data/ratis to VolumeSet
2023-03-15 06:52:03,748 [Listener at 127.0.0.1/39575] INFO  volume.ThrottledAsyncChecker (ThrottledAsyncChecker.java:schedule(141)) - Scheduling a check for /home/runner/work/ozone/ozone/hadoop-ozone/integration-test/target/test-dir/MiniOzoneClusterImpl-e79b0a94-dba3-4ba8-a298-d2d15914ceac/datanode-2/data/ratis
2023-03-15 06:52:03,749 [Listener at 127.0.0.1/39575] INFO  volume.StorageVolumeChecker (StorageVolumeChecker.java:checkAllVolumes(202)) - Scheduled health check for volume /home/runner/work/ozone/ozone/hadoop-ozone/integration-test/target/test-dir/MiniOzoneClusterImpl-e79b0a94-dba3-4ba8-a298-d2d15914ceac/datanode-2/data/ratis
2023-03-15 06:52:03,762 [Thread-281] INFO  ozoneimpl.ContainerReader (ContainerReader.java:readVolume(175)) - Finish verifying containers on volume /home/runner/work/ozone/ozone/hadoop-ozone/integration-test/target/test-dir/MiniOzoneClusterImpl-e79b0a94-dba3-4ba8-a298-d2d15914ceac/datanode-2/data-0/containers/hdds
2023-03-15 06:52:03,762 [Listener at 127.0.0.1/39575] INFO  ozoneimpl.OzoneContainer (OzoneContainer.java:buildContainerSet(307)) - Build ContainerSet costs 0s
2023-03-15 06:52:03,769 [Listener at 127.0.0.1/39575] INFO  server.RaftServer (ConfUtils.java:logGet(46)) - raft.rpc.type = GRPC (default)
2023-03-15 06:52:03,770 [Listener at 127.0.0.1/39575] INFO  grpc.GrpcConfigKeys (ConfUtils.java:logFallback(53)) - raft.grpc.admin.host = null (fallback to raft.grpc.server.host)
2023-03-15 06:52:03,770 [Listener at 127.0.0.1/39575] INFO  grpc.GrpcConfigKeys (ConfUtils.java:logGet(46)) - raft.grpc.admin.port = 0 (custom)
2023-03-15 06:52:03,771 [Listener at 127.0.0.1/39575] INFO  grpc.GrpcConfigKeys (ConfUtils.java:logFallback(53)) - raft.grpc.client.host = null (fallback to raft.grpc.server.host)
2023-03-15 06:52:03,771 [Listener at 127.0.0.1/39575] INFO  grpc.GrpcConfigKeys (ConfUtils.java:logGet(46)) - raft.grpc.client.port = 0 (custom)
2023-03-15 06:52:03,771 [Listener at 127.0.0.1/39575] INFO  grpc.GrpcConfigKeys (ConfUtils.java:logGet(46)) - raft.grpc.server.host = null (default)
2023-03-15 06:52:03,771 [Listener at 127.0.0.1/39575] INFO  grpc.GrpcConfigKeys (ConfUtils.java:logGet(46)) - raft.grpc.server.port = 0 (default)
2023-03-15 06:52:03,771 [Listener at 127.0.0.1/39575] INFO  server.GrpcService (ConfUtils.java:logGet(46)) - raft.grpc.message.size.max = 32MB (=33554432) (custom)
2023-03-15 06:52:03,773 [Listener at 127.0.0.1/39575] INFO  server.RaftServerConfigKeys (ConfUtils.java:logGet(46)) - raft.server.log.appender.buffer.byte-limit = 33554432 (custom)
2023-03-15 06:52:03,774 [Listener at 127.0.0.1/39575] INFO  server.GrpcService (ConfUtils.java:logGet(46)) - raft.grpc.flow.control.window = 5MB (=5242880) (custom)
2023-03-15 06:52:03,774 [Listener at 127.0.0.1/39575] INFO  server.RaftServerConfigKeys (ConfUtils.java:logGet(46)) - raft.server.rpc.request.timeout = 60s (custom)
2023-03-15 06:52:03,774 [Listener at 127.0.0.1/39575] INFO  grpc.GrpcConfigKeys (ConfUtils.java:logGet(46)) - raft.grpc.server.heartbeat.channel = true (default)
2023-03-15 06:52:03,774 [Listener at 127.0.0.1/39575] INFO  grpc.GrpcConfigKeys (ConfUtils.java:logGet(46)) - raft.grpc.server.async.request.thread.pool.cached = true (default)
2023-03-15 06:52:03,774 [Listener at 127.0.0.1/39575] INFO  grpc.GrpcConfigKeys (ConfUtils.java:logGet(46)) - raft.grpc.server.async.request.thread.pool.size = 32 (default)
2023-03-15 06:52:03,775 [Listener at 127.0.0.1/39575] INFO  impl.DataStreamServerImpl (ConfUtils.java:logGet(46)) - raft.datastream.type = NETTY (custom)
2023-03-15 06:52:03,776 [Listener at 127.0.0.1/39575] INFO  server.RaftServerConfigKeys (ConfUtils.java:logGet(46)) - raft.server.data-stream.async.request.thread.pool.cached = false (default)
2023-03-15 06:52:03,776 [Listener at 127.0.0.1/39575] INFO  server.RaftServerConfigKeys (ConfUtils.java:logGet(46)) - raft.server.data-stream.async.request.thread.pool.size = 20 (custom)
2023-03-15 06:52:03,776 [Listener at 127.0.0.1/39575] INFO  server.RaftServerConfigKeys (ConfUtils.java:logGet(46)) - raft.server.data-stream.async.write.thread.pool.size = 16 (default)
2023-03-15 06:52:03,776 [Listener at 127.0.0.1/39575] INFO  server.RaftServerConfigKeys (ConfUtils.java:logGet(46)) - raft.server.data-stream.client.pool.size = 10 (default)
2023-03-15 06:52:03,776 [Listener at 127.0.0.1/39575] INFO  netty.NettyConfigKeys$DataStream (ConfUtils.java:logGet(46)) - raft.netty.dataStream.server.use-epoll = false (default)
2023-03-15 06:52:03,776 [Listener at 127.0.0.1/39575] INFO  netty.NettyConfigKeys$DataStream (ConfUtils.java:logGet(46)) - raft.netty.dataStream.server.boss-group.size = 0 (default)
2023-03-15 06:52:03,777 [Listener at 127.0.0.1/39575] INFO  netty.NettyConfigKeys$DataStream (ConfUtils.java:logGet(46)) - raft.netty.dataStream.server.worker-group.size = 0 (default)
2023-03-15 06:52:03,777 [Listener at 127.0.0.1/39575] INFO  netty.NettyConfigKeys$DataStream (ConfUtils.java:logGet(46)) - raft.netty.dataStream.server.tls.conf = null (default)
2023-03-15 06:52:03,777 [Listener at 127.0.0.1/39575] INFO  netty.NettyConfigKeys$DataStream (ConfUtils.java:logGet(46)) - raft.netty.dataStream.host = null (default)
2023-03-15 06:52:03,777 [Listener at 127.0.0.1/39575] INFO  netty.NettyConfigKeys$DataStream (ConfUtils.java:logGet(46)) - raft.netty.dataStream.port = 0 (default)
2023-03-15 06:52:03,778 [Listener at 127.0.0.1/39575] INFO  server.RaftServerConfigKeys (ConfUtils.java:logGet(46)) - raft.server.threadpool.proxy.cached = true (default)
2023-03-15 06:52:03,778 [Listener at 127.0.0.1/39575] INFO  server.RaftServerConfigKeys (ConfUtils.java:logGet(46)) - raft.server.threadpool.proxy.size = 0 (default)
2023-03-15 06:52:03,778 [Listener at 127.0.0.1/39575] INFO  server.RaftServerConfigKeys (ConfUtils.java:logGet(46)) - raft.server.rpc.slowness.timeout = 300s (custom)
2023-03-15 06:52:03,778 [Listener at 127.0.0.1/39575] INFO  server.RaftServerConfigKeys (ConfUtils.java:logGet(46)) - raft.server.leaderelection.leader.step-down.wait-time = 10s (default)
2023-03-15 06:52:03,779 [Listener at 127.0.0.1/39575] INFO  server.RaftServerConfigKeys (ConfUtils.java:logGet(46)) - raft.server.storage.dir = [/home/runner/work/ozone/ozone/hadoop-ozone/integration-test/target/test-dir/MiniOzoneClusterImpl-e79b0a94-dba3-4ba8-a298-d2d15914ceac/datanode-2/data/ratis] (custom)
2023-03-15 06:52:03,780 [934a7696-9971-43bd-bb95-0c074ad287bd-NettyServerStreamRpc-bossGroup--thread1] INFO  logging.LoggingHandler (AbstractInternalLogger.java:log(148)) - [id: 0x54f2cd56] REGISTERED
2023-03-15 06:52:03,781 [934a7696-9971-43bd-bb95-0c074ad287bd-NettyServerStreamRpc-bossGroup--thread1] INFO  logging.LoggingHandler (AbstractInternalLogger.java:log(148)) - [id: 0x54f2cd56] BIND: 0.0.0.0/0.0.0.0:0
2023-03-15 06:52:03,781 [934a7696-9971-43bd-bb95-0c074ad287bd-NettyServerStreamRpc-bossGroup--thread1] INFO  logging.LoggingHandler (AbstractInternalLogger.java:log(148)) - [id: 0x54f2cd56, L:/0:0:0:0:0:0:0:0:40969] ACTIVE
2023-03-15 06:52:03,783 [Listener at 127.0.0.1/39575] INFO  server.XceiverServerGrpc (XceiverServerGrpc.java:<init>(132)) - GrpcServer channel type EpollServerSocketChannel
2023-03-15 06:52:03,790 [Listener at 127.0.0.1/39575] INFO  http.BaseHttpServer (BaseHttpServer.java:newHttpServer2BuilderForOzone(224)) - Starting Web-server for hddsDatanode at: http://0.0.0.0:0
2023-03-15 06:52:03,790 [Listener at 127.0.0.1/39575] INFO  http.BaseHttpServer (BaseHttpServer.java:<init>(111)) - Hadoop Security Enabled: false Ozone Security Enabled: false Ozone HTTP Security Enabled: false 
2023-03-15 06:52:03,792 [Listener at 127.0.0.1/39575] WARN  server.AuthenticationFilter (AuthenticationFilter.java:constructSecretProvider(240)) - Unable to initialize FileSignerSecretProvider, falling back to use random secrets. Reason: Could not read signature secret file: /home/runner/hadoop-http-auth-signature-secret
2023-03-15 06:52:03,792 [Listener at 127.0.0.1/39575] WARN  http.HttpRequestLog (HttpRequestLog.java:getRequestLog(103)) - Jetty request log can only be enabled using Log4j
2023-03-15 06:52:03,794 [Listener at 127.0.0.1/39575] INFO  http.HttpServer2 (HttpServer2.java:addGlobalFilter(1031)) - Added global filter 'safety' (class=org.apache.hadoop.hdds.server.http.HttpServer2$QuotingInputFilter)
2023-03-15 06:52:03,794 [Listener at 127.0.0.1/39575] INFO  http.HttpServer2 (HttpServer2.java:addFilter(1007)) - Added filter static_user_filter (class=org.apache.hadoop.http.lib.StaticUserWebFilter$StaticUserFilter) to context hddsDatanode
2023-03-15 06:52:03,794 [Listener at 127.0.0.1/39575] INFO  http.HttpServer2 (HttpServer2.java:addFilter(1015)) - Added filter static_user_filter (class=org.apache.hadoop.http.lib.StaticUserWebFilter$StaticUserFilter) to context logs
2023-03-15 06:52:03,795 [Listener at 127.0.0.1/39575] INFO  http.HttpServer2 (HttpServer2.java:addFilter(1015)) - Added filter static_user_filter (class=org.apache.hadoop.http.lib.StaticUserWebFilter$StaticUserFilter) to context static
2023-03-15 06:52:03,795 [Listener at 127.0.0.1/39575] INFO  http.BaseHttpServer (BaseHttpServer.java:<init>(190)) - HTTP server of hddsDatanode uses base directory /home/runner/work/ozone/ozone/hadoop-ozone/integration-test/target/test-dir/MiniOzoneClusterImpl-e79b0a94-dba3-4ba8-a298-d2d15914ceac/datanode-2/meta/webserver
2023-03-15 06:52:03,795 [Listener at 127.0.0.1/39575] INFO  http.HttpServer2 (HttpServer2.java:bindListener(1250)) - Jetty bound to port 38181
2023-03-15 06:52:03,796 [Listener at 127.0.0.1/39575] INFO  server.Server (Server.java:doStart(375)) - jetty-9.4.49.v20220914; built: 2022-09-14T01:07:36.601Z; git: 4231a3b2e4cb8548a412a789936d640a97b1aa0a; jvm 1.8.0_362-b09
2023-03-15 06:52:03,797 [Listener at 127.0.0.1/39575] INFO  server.session (DefaultSessionIdManager.java:doStart(334)) - DefaultSessionIdManager workerName=node0
2023-03-15 06:52:03,797 [Listener at 127.0.0.1/39575] INFO  server.session (DefaultSessionIdManager.java:doStart(339)) - No SessionScavenger set, using defaults
2023-03-15 06:52:03,797 [Listener at 127.0.0.1/39575] INFO  server.session (HouseKeeper.java:startScavenging(132)) - node0 Scavenging every 600000ms
2023-03-15 06:52:03,798 [Listener at 127.0.0.1/39575] INFO  handler.ContextHandler (ContextHandler.java:doStart(921)) - Started o.e.j.s.ServletContextHandler@2043cf19{logs,/logs,file:///home/runner/work/ozone/ozone/hadoop-ozone/integration-test/target/log,AVAILABLE}
2023-03-15 06:52:03,799 [Listener at 127.0.0.1/39575] INFO  handler.ContextHandler (ContextHandler.java:doStart(921)) - Started o.e.j.s.ServletContextHandler@39a5937a{static,/static,jar:file:/home/runner/.m2/repository/org/apache/ozone/hdds-container-service/1.4.0-SNAPSHOT/hdds-container-service-1.4.0-SNAPSHOT.jar!/webapps/static,AVAILABLE}
2023-03-15 06:52:04,017 [Listener at 127.0.0.1/39575] INFO  handler.ContextHandler (ContextHandler.java:doStart(921)) - Started o.e.j.w.WebAppContext@6c540ca5{hddsDatanode,/,file:///home/runner/work/ozone/ozone/hadoop-ozone/integration-test/target/test-dir/MiniOzoneClusterImpl-e79b0a94-dba3-4ba8-a298-d2d15914ceac/datanode-2/meta/webserver/jetty-0_0_0_0-38181-hdds-container-service-1_4_0-SNAPSHOT_jar-_-any-5422516730296290435/webapp/,AVAILABLE}{jar:file:/home/runner/.m2/repository/org/apache/ozone/hdds-container-service/1.4.0-SNAPSHOT/hdds-container-service-1.4.0-SNAPSHOT.jar!/webapps/hddsDatanode}
2023-03-15 06:52:04,019 [Listener at 127.0.0.1/39575] INFO  server.AbstractConnector (AbstractConnector.java:doStart(333)) - Started ServerConnector@6f4dd65d{HTTP/1.1, (http/1.1)}{0.0.0.0:38181}
2023-03-15 06:52:04,019 [Listener at 127.0.0.1/39575] INFO  server.Server (Server.java:doStart(415)) - Started @13509ms
2023-03-15 06:52:04,019 [Listener at 127.0.0.1/39575] WARN  impl.MetricsSystemImpl (MetricsSystemImpl.java:register(279)) - Sink prometheus already exists!
2023-03-15 06:52:04,019 [Listener at 127.0.0.1/39575] INFO  http.BaseHttpServer (BaseHttpServer.java:updateConnectorAddress(344)) - HTTP server of hddsDatanode listening at http://0.0.0.0:38181
2023-03-15 06:52:04,021 [Listener at 127.0.0.1/39575] INFO  ozone.MiniOzoneClusterImpl (MiniOzoneClusterImpl.java:lambda$waitForClusterToBeReady$0(218)) - Waiting for nodes to be ready. Got 0 of 3 DN Heartbeats.
2023-03-15 06:52:04,021 [Listener at 127.0.0.1/39575] INFO  ozone.MiniOzoneClusterImpl (MiniOzoneClusterImpl.java:lambda$waitForClusterToBeReady$0(221)) - Waiting for cluster to exit safe mode
2023-03-15 06:52:04,021 [Listener at 127.0.0.1/39575] INFO  ozone.MiniOzoneClusterImpl (MiniOzoneClusterImpl.java:lambda$waitForClusterToBeReady$0(223)) - SCM became leader
2023-03-15 06:52:04,022 [Datanode State Machine Daemon Thread] INFO  statemachine.DatanodeStateMachine (DatanodeStateMachine.java:lambda$startDaemon$0(517)) - Ozone container server started.
2023-03-15 06:52:04,024 [org.apache.hadoop.util.JvmPauseMonitor$Monitor@663d92dd] INFO  util.JvmPauseMonitor (JvmPauseMonitor.java:run(188)) - Starting JVM pause monitor
2023-03-15 06:52:04,027 [Datanode State Machine Task Thread - 0] INFO  datanode.InitDatanodeState (InitDatanodeState.java:persistContainerDatanodeDetails(138)) - DatanodeDetails is persisted to /home/runner/work/ozone/ozone/hadoop-ozone/integration-test/target/test-dir/MiniOzoneClusterImpl-e79b0a94-dba3-4ba8-a298-d2d15914ceac/datanode-2/meta/datanode.id
2023-03-15 06:52:05,022 [Listener at 127.0.0.1/39575] INFO  ozone.MiniOzoneClusterImpl (MiniOzoneClusterImpl.java:lambda$waitForClusterToBeReady$0(218)) - Waiting for nodes to be ready. Got 0 of 3 DN Heartbeats.
2023-03-15 06:52:05,022 [Listener at 127.0.0.1/39575] INFO  ozone.MiniOzoneClusterImpl (MiniOzoneClusterImpl.java:lambda$waitForClusterToBeReady$0(221)) - Waiting for cluster to exit safe mode
2023-03-15 06:52:05,022 [Listener at 127.0.0.1/39575] INFO  ozone.MiniOzoneClusterImpl (MiniOzoneClusterImpl.java:lambda$waitForClusterToBeReady$0(223)) - SCM became leader
2023-03-15 06:52:05,288 [EndpointStateMachine task thread for /0.0.0.0:45029 - 0 ] INFO  utils.DatanodeStoreCache (DatanodeStoreCache.java:addDB(58)) - Added db /home/runner/work/ozone/ozone/hadoop-ozone/integration-test/target/test-dir/MiniOzoneClusterImpl-e79b0a94-dba3-4ba8-a298-d2d15914ceac/datanode-0/data-0/containers/hdds/e79b0a94-dba3-4ba8-a298-d2d15914ceac/DS-44e27f68-befc-4f64-8507-d91b13feaa15/container.db to cache
2023-03-15 06:52:05,288 [EndpointStateMachine task thread for /0.0.0.0:45029 - 0 ] INFO  volume.HddsVolume (HddsVolume.java:createDbStore(331)) - SchemaV3 db is created and loaded at /home/runner/work/ozone/ozone/hadoop-ozone/integration-test/target/test-dir/MiniOzoneClusterImpl-e79b0a94-dba3-4ba8-a298-d2d15914ceac/datanode-0/data-0/containers/hdds/e79b0a94-dba3-4ba8-a298-d2d15914ceac/DS-44e27f68-befc-4f64-8507-d91b13feaa15/container.db for volume DS-44e27f68-befc-4f64-8507-d91b13feaa15
2023-03-15 06:52:05,290 [EndpointStateMachine task thread for /0.0.0.0:45029 - 0 ] INFO  ozoneimpl.OzoneContainer (OzoneContainer.java:start(401)) - Attempting to start container services.
2023-03-15 06:52:05,293 [EndpointStateMachine task thread for /0.0.0.0:45029 - 0 ] INFO  ozoneimpl.OzoneContainer (OzoneContainer.java:startContainerScrub(318)) - Scheduled background container scanners and the on-demand container scanner have been disabled.
2023-03-15 06:52:05,295 [EndpointStateMachine task thread for /0.0.0.0:45029 - 0 ] INFO  replication.ReplicationServer (ReplicationServer.java:start(109)) - ReplicationServer is started using port 34915
2023-03-15 06:52:05,298 [EndpointStateMachine task thread for /0.0.0.0:45029 - 0 ] INFO  ratis.XceiverServerRatis (XceiverServerRatis.java:start(518)) - Starting XceiverServerRatis 69770226-cf53-4475-8132-826a0d48d398
2023-03-15 06:52:05,300 [EndpointStateMachine task thread for /0.0.0.0:45029 - 0 ] INFO  server.RaftServer (RaftServerProxy.java:startImpl(393)) - 69770226-cf53-4475-8132-826a0d48d398: start RPC server
2023-03-15 06:52:05,307 [EndpointStateMachine task thread for /0.0.0.0:45029 - 0 ] INFO  server.GrpcService (GrpcService.java:startImpl(262)) - 69770226-cf53-4475-8132-826a0d48d398: GrpcService started, listening on 44475
2023-03-15 06:52:05,307 [JvmPauseMonitor3] INFO  util.JvmPauseMonitor (JvmPauseMonitor.java:run(105)) - JvmPauseMonitor-69770226-cf53-4475-8132-826a0d48d398: Started
2023-03-15 06:52:05,307 [EndpointStateMachine task thread for /0.0.0.0:45029 - 0 ] INFO  ratis.XceiverServerRatis (XceiverServerRatis.java:getRealPort(544)) - XceiverServerRatis 69770226-cf53-4475-8132-826a0d48d398 is started using port 44475 for RATIS
2023-03-15 06:52:05,307 [EndpointStateMachine task thread for /0.0.0.0:45029 - 0 ] INFO  ratis.XceiverServerRatis (XceiverServerRatis.java:getRealPort(544)) - XceiverServerRatis 69770226-cf53-4475-8132-826a0d48d398 is started using port 44475 for RATIS_ADMIN
2023-03-15 06:52:05,307 [EndpointStateMachine task thread for /0.0.0.0:45029 - 0 ] INFO  ratis.XceiverServerRatis (XceiverServerRatis.java:getRealPort(544)) - XceiverServerRatis 69770226-cf53-4475-8132-826a0d48d398 is started using port 44475 for RATIS_SERVER
2023-03-15 06:52:05,307 [EndpointStateMachine task thread for /0.0.0.0:45029 - 0 ] INFO  ratis.XceiverServerRatis (XceiverServerRatis.java:getRealPort(544)) - XceiverServerRatis 69770226-cf53-4475-8132-826a0d48d398 is started using port 45667 for RATIS_DATASTREAM
2023-03-15 06:52:05,312 [EndpointStateMachine task thread for /0.0.0.0:45029 - 0 ] INFO  server.XceiverServerGrpc (XceiverServerGrpc.java:start(180)) - XceiverServerGrpc 69770226-cf53-4475-8132-826a0d48d398 is started using port 34771
2023-03-15 06:52:05,320 [BlockDeletingService#0] INFO  interfaces.ContainerDeletionChoosingPolicyTemplate (ContainerDeletionChoosingPolicyTemplate.java:chooseContainerForBlockDeletion(83)) - Chosen 0/5000 blocks from 0 candidate containers.
2023-03-15 06:52:05,665 [EndpointStateMachine task thread for /0.0.0.0:45029 - 0 ] INFO  utils.DatanodeStoreCache (DatanodeStoreCache.java:addDB(58)) - Added db /home/runner/work/ozone/ozone/hadoop-ozone/integration-test/target/test-dir/MiniOzoneClusterImpl-e79b0a94-dba3-4ba8-a298-d2d15914ceac/datanode-1/data-0/containers/hdds/e79b0a94-dba3-4ba8-a298-d2d15914ceac/DS-a93b034e-2066-4ec0-b61c-8197e013dfc7/container.db to cache
2023-03-15 06:52:05,665 [EndpointStateMachine task thread for /0.0.0.0:45029 - 0 ] INFO  volume.HddsVolume (HddsVolume.java:createDbStore(331)) - SchemaV3 db is created and loaded at /home/runner/work/ozone/ozone/hadoop-ozone/integration-test/target/test-dir/MiniOzoneClusterImpl-e79b0a94-dba3-4ba8-a298-d2d15914ceac/datanode-1/data-0/containers/hdds/e79b0a94-dba3-4ba8-a298-d2d15914ceac/DS-a93b034e-2066-4ec0-b61c-8197e013dfc7/container.db for volume DS-a93b034e-2066-4ec0-b61c-8197e013dfc7
2023-03-15 06:52:05,666 [EndpointStateMachine task thread for /0.0.0.0:45029 - 0 ] INFO  ozoneimpl.OzoneContainer (OzoneContainer.java:start(401)) - Attempting to start container services.
2023-03-15 06:52:05,666 [EndpointStateMachine task thread for /0.0.0.0:45029 - 0 ] INFO  ozoneimpl.OzoneContainer (OzoneContainer.java:startContainerScrub(318)) - Scheduled background container scanners and the on-demand container scanner have been disabled.
2023-03-15 06:52:05,668 [EndpointStateMachine task thread for /0.0.0.0:45029 - 0 ] INFO  replication.ReplicationServer (ReplicationServer.java:start(109)) - ReplicationServer is started using port 37659
2023-03-15 06:52:05,669 [EndpointStateMachine task thread for /0.0.0.0:45029 - 0 ] INFO  ratis.XceiverServerRatis (XceiverServerRatis.java:start(518)) - Starting XceiverServerRatis f927f8e9-81c0-47cb-a281-73162d36a20e
2023-03-15 06:52:05,670 [EndpointStateMachine task thread for /0.0.0.0:45029 - 0 ] INFO  server.RaftServer (RaftServerProxy.java:startImpl(393)) - f927f8e9-81c0-47cb-a281-73162d36a20e: start RPC server
2023-03-15 06:52:05,678 [EndpointStateMachine task thread for /0.0.0.0:45029 - 0 ] INFO  server.GrpcService (GrpcService.java:startImpl(262)) - f927f8e9-81c0-47cb-a281-73162d36a20e: GrpcService started, listening on 46105
2023-03-15 06:52:05,678 [EndpointStateMachine task thread for /0.0.0.0:45029 - 0 ] INFO  ratis.XceiverServerRatis (XceiverServerRatis.java:getRealPort(544)) - XceiverServerRatis f927f8e9-81c0-47cb-a281-73162d36a20e is started using port 46105 for RATIS
2023-03-15 06:52:05,678 [EndpointStateMachine task thread for /0.0.0.0:45029 - 0 ] INFO  ratis.XceiverServerRatis (XceiverServerRatis.java:getRealPort(544)) - XceiverServerRatis f927f8e9-81c0-47cb-a281-73162d36a20e is started using port 46105 for RATIS_ADMIN
2023-03-15 06:52:05,678 [JvmPauseMonitor4] INFO  util.JvmPauseMonitor (JvmPauseMonitor.java:run(105)) - JvmPauseMonitor-f927f8e9-81c0-47cb-a281-73162d36a20e: Started
2023-03-15 06:52:05,678 [EndpointStateMachine task thread for /0.0.0.0:45029 - 0 ] INFO  ratis.XceiverServerRatis (XceiverServerRatis.java:getRealPort(544)) - XceiverServerRatis f927f8e9-81c0-47cb-a281-73162d36a20e is started using port 46105 for RATIS_SERVER
2023-03-15 06:52:05,681 [EndpointStateMachine task thread for /0.0.0.0:45029 - 0 ] INFO  ratis.XceiverServerRatis (XceiverServerRatis.java:getRealPort(544)) - XceiverServerRatis f927f8e9-81c0-47cb-a281-73162d36a20e is started using port 43039 for RATIS_DATASTREAM
2023-03-15 06:52:05,684 [EndpointStateMachine task thread for /0.0.0.0:45029 - 0 ] INFO  server.XceiverServerGrpc (XceiverServerGrpc.java:start(180)) - XceiverServerGrpc f927f8e9-81c0-47cb-a281-73162d36a20e is started using port 37807
2023-03-15 06:52:05,694 [BlockDeletingService#0] INFO  interfaces.ContainerDeletionChoosingPolicyTemplate (ContainerDeletionChoosingPolicyTemplate.java:chooseContainerForBlockDeletion(83)) - Chosen 0/5000 blocks from 0 candidate containers.
2023-03-15 06:52:06,022 [Listener at 127.0.0.1/39575] INFO  ozone.MiniOzoneClusterImpl (MiniOzoneClusterImpl.java:lambda$waitForClusterToBeReady$0(218)) - Waiting for nodes to be ready. Got 0 of 3 DN Heartbeats.
2023-03-15 06:52:06,023 [Listener at 127.0.0.1/39575] INFO  ozone.MiniOzoneClusterImpl (MiniOzoneClusterImpl.java:lambda$waitForClusterToBeReady$0(221)) - Waiting for cluster to exit safe mode
2023-03-15 06:52:06,023 [Listener at 127.0.0.1/39575] INFO  ozone.MiniOzoneClusterImpl (MiniOzoneClusterImpl.java:lambda$waitForClusterToBeReady$0(223)) - SCM became leader
2023-03-15 06:52:06,067 [EndpointStateMachine task thread for /0.0.0.0:45029 - 0 ] INFO  utils.DatanodeStoreCache (DatanodeStoreCache.java:addDB(58)) - Added db /home/runner/work/ozone/ozone/hadoop-ozone/integration-test/target/test-dir/MiniOzoneClusterImpl-e79b0a94-dba3-4ba8-a298-d2d15914ceac/datanode-2/data-0/containers/hdds/e79b0a94-dba3-4ba8-a298-d2d15914ceac/DS-9d340510-4ad7-445b-831e-b8875685020f/container.db to cache
2023-03-15 06:52:06,068 [EndpointStateMachine task thread for /0.0.0.0:45029 - 0 ] INFO  volume.HddsVolume (HddsVolume.java:createDbStore(331)) - SchemaV3 db is created and loaded at /home/runner/work/ozone/ozone/hadoop-ozone/integration-test/target/test-dir/MiniOzoneClusterImpl-e79b0a94-dba3-4ba8-a298-d2d15914ceac/datanode-2/data-0/containers/hdds/e79b0a94-dba3-4ba8-a298-d2d15914ceac/DS-9d340510-4ad7-445b-831e-b8875685020f/container.db for volume DS-9d340510-4ad7-445b-831e-b8875685020f
2023-03-15 06:52:06,069 [EndpointStateMachine task thread for /0.0.0.0:45029 - 0 ] INFO  ozoneimpl.OzoneContainer (OzoneContainer.java:start(401)) - Attempting to start container services.
2023-03-15 06:52:06,069 [EndpointStateMachine task thread for /0.0.0.0:45029 - 0 ] INFO  ozoneimpl.OzoneContainer (OzoneContainer.java:startContainerScrub(318)) - Scheduled background container scanners and the on-demand container scanner have been disabled.
2023-03-15 06:52:06,076 [EndpointStateMachine task thread for /0.0.0.0:45029 - 0 ] INFO  replication.ReplicationServer (ReplicationServer.java:start(109)) - ReplicationServer is started using port 43743
2023-03-15 06:52:06,076 [EndpointStateMachine task thread for /0.0.0.0:45029 - 0 ] INFO  ratis.XceiverServerRatis (XceiverServerRatis.java:start(518)) - Starting XceiverServerRatis 934a7696-9971-43bd-bb95-0c074ad287bd
2023-03-15 06:52:06,077 [EndpointStateMachine task thread for /0.0.0.0:45029 - 0 ] INFO  server.RaftServer (RaftServerProxy.java:startImpl(393)) - 934a7696-9971-43bd-bb95-0c074ad287bd: start RPC server
2023-03-15 06:52:06,084 [EndpointStateMachine task thread for /0.0.0.0:45029 - 0 ] INFO  server.GrpcService (GrpcService.java:startImpl(262)) - 934a7696-9971-43bd-bb95-0c074ad287bd: GrpcService started, listening on 40495
2023-03-15 06:52:06,084 [EndpointStateMachine task thread for /0.0.0.0:45029 - 0 ] INFO  ratis.XceiverServerRatis (XceiverServerRatis.java:getRealPort(544)) - XceiverServerRatis 934a7696-9971-43bd-bb95-0c074ad287bd is started using port 40495 for RATIS
2023-03-15 06:52:06,084 [JvmPauseMonitor5] INFO  util.JvmPauseMonitor (JvmPauseMonitor.java:run(105)) - JvmPauseMonitor-934a7696-9971-43bd-bb95-0c074ad287bd: Started
2023-03-15 06:52:06,084 [EndpointStateMachine task thread for /0.0.0.0:45029 - 0 ] INFO  ratis.XceiverServerRatis (XceiverServerRatis.java:getRealPort(544)) - XceiverServerRatis 934a7696-9971-43bd-bb95-0c074ad287bd is started using port 40495 for RATIS_ADMIN
2023-03-15 06:52:06,084 [EndpointStateMachine task thread for /0.0.0.0:45029 - 0 ] INFO  ratis.XceiverServerRatis (XceiverServerRatis.java:getRealPort(544)) - XceiverServerRatis 934a7696-9971-43bd-bb95-0c074ad287bd is started using port 40495 for RATIS_SERVER
2023-03-15 06:52:06,084 [EndpointStateMachine task thread for /0.0.0.0:45029 - 0 ] INFO  ratis.XceiverServerRatis (XceiverServerRatis.java:getRealPort(544)) - XceiverServerRatis 934a7696-9971-43bd-bb95-0c074ad287bd is started using port 40969 for RATIS_DATASTREAM
2023-03-15 06:52:06,092 [EndpointStateMachine task thread for /0.0.0.0:45029 - 0 ] INFO  server.XceiverServerGrpc (XceiverServerGrpc.java:start(180)) - XceiverServerGrpc 934a7696-9971-43bd-bb95-0c074ad287bd is started using port 34625
2023-03-15 06:52:06,098 [BlockDeletingService#0] INFO  interfaces.ContainerDeletionChoosingPolicyTemplate (ContainerDeletionChoosingPolicyTemplate.java:chooseContainerForBlockDeletion(83)) - Chosen 0/5000 blocks from 0 candidate containers.
2023-03-15 06:52:07,023 [Listener at 127.0.0.1/39575] INFO  ozone.MiniOzoneClusterImpl (MiniOzoneClusterImpl.java:lambda$waitForClusterToBeReady$0(218)) - Waiting for nodes to be ready. Got 0 of 3 DN Heartbeats.
2023-03-15 06:52:07,024 [Listener at 127.0.0.1/39575] INFO  ozone.MiniOzoneClusterImpl (MiniOzoneClusterImpl.java:lambda$waitForClusterToBeReady$0(221)) - Waiting for cluster to exit safe mode
2023-03-15 06:52:07,024 [Listener at 127.0.0.1/39575] INFO  ozone.MiniOzoneClusterImpl (MiniOzoneClusterImpl.java:lambda$waitForClusterToBeReady$0(223)) - SCM became leader
2023-03-15 06:52:07,204 [IPC Server handler 19 on default port 45029] INFO  net.NetworkTopologyImpl (NetworkTopologyImpl.java:add(112)) - Added a new node: /default-rack/69770226-cf53-4475-8132-826a0d48d398
2023-03-15 06:52:07,206 [IPC Server handler 19 on default port 45029] INFO  node.SCMNodeManager (SCMNodeManager.java:register(404)) - Registered Data node : 69770226-cf53-4475-8132-826a0d48d398{ip: 10.1.0.130, host: fv-az210-452.jgpbknbp5ljuxny3rrcz4t2bbd.bx.internal.cloudapp.net, ports: [REPLICATION=34915, RATIS=44475, RATIS_ADMIN=44475, RATIS_SERVER=44475, RATIS_DATASTREAM=45667, STANDALONE=34771], networkLocation: /default-rack, certSerialId: null, persistedOpState: null, persistedOpStateExpiryEpochSec: 0}
2023-03-15 06:52:07,212 [EventQueue-NewNodeForNewNodeHandler] INFO  pipeline.BackgroundPipelineCreator (BackgroundPipelineCreator.java:notifyEventTriggered(276)) - trigger a one-shot run on RatisPipelineUtilsThread.
2023-03-15 06:52:07,212 [EventQueue-NodeRegistrationContainerReportForDataNodeSafeModeRule] INFO  safemode.SCMSafeModeManager (DataNodeSafeModeRule.java:process(71)) - SCM in safe mode. 1 DataNodes registered, 3 required.
2023-03-15 06:52:07,213 [EventQueue-NodeRegistrationContainerReportForContainerSafeModeRule] INFO  safemode.SCMSafeModeManager (SCMSafeModeManager.java:validateSafeModeExitRules(200)) - ContainerSafeModeRule rule is successfully validated
2023-03-15 06:52:07,222 [EventQueue-PipelineReportForOneReplicaPipelineSafeModeRule] INFO  safemode.SCMSafeModeManager (SCMSafeModeManager.java:validateSafeModeExitRules(200)) - AtleastOneDatanodeReportedRule rule is successfully validated
2023-03-15 06:52:07,225 [RatisPipelineUtilsThread - 0] INFO  pipeline.RatisPipelineProvider (RatisPipelineProvider.java:lambda$create$0(206)) - Sending CreatePipelineCommand for pipeline:PipelineID=ec599927-ea60-4071-9e3f-cf8df44ad77d to datanode:69770226-cf53-4475-8132-826a0d48d398
2023-03-15 06:52:07,238 [RatisPipelineUtilsThread - 0] INFO  pipeline.PipelineStateManagerImpl (PipelineStateManagerImpl.java:addPipeline(103)) - Created pipeline Pipeline[ Id: ec599927-ea60-4071-9e3f-cf8df44ad77d, Nodes: 69770226-cf53-4475-8132-826a0d48d398(fv-az210-452.jgpbknbp5ljuxny3rrcz4t2bbd.bx.internal.cloudapp.net/10.1.0.130), ReplicationConfig: RATIS/ONE, State:ALLOCATED, leaderId:, CreationTimestamp2023-03-15T06:52:07.224Z[Etc/UTC]].
2023-03-15 06:52:07,626 [IPC Server handler 18 on default port 45029] INFO  net.NetworkTopologyImpl (NetworkTopologyImpl.java:add(112)) - Added a new node: /default-rack/f927f8e9-81c0-47cb-a281-73162d36a20e
2023-03-15 06:52:07,626 [IPC Server handler 18 on default port 45029] INFO  node.SCMNodeManager (SCMNodeManager.java:register(404)) - Registered Data node : f927f8e9-81c0-47cb-a281-73162d36a20e{ip: 10.1.0.130, host: fv-az210-452.jgpbknbp5ljuxny3rrcz4t2bbd.bx.internal.cloudapp.net, ports: [REPLICATION=37659, RATIS=46105, RATIS_ADMIN=46105, RATIS_SERVER=46105, RATIS_DATASTREAM=43039, STANDALONE=37807], networkLocation: /default-rack, certSerialId: null, persistedOpState: null, persistedOpStateExpiryEpochSec: 0}
2023-03-15 06:52:07,627 [EventQueue-NodeRegistrationContainerReportForDataNodeSafeModeRule] INFO  safemode.SCMSafeModeManager (DataNodeSafeModeRule.java:process(71)) - SCM in safe mode. 2 DataNodes registered, 3 required.
2023-03-15 06:52:07,627 [EventQueue-NewNodeForNewNodeHandler] INFO  pipeline.BackgroundPipelineCreator (BackgroundPipelineCreator.java:notifyEventTriggered(276)) - trigger a one-shot run on RatisPipelineUtilsThread.
2023-03-15 06:52:07,629 [RatisPipelineUtilsThread - 0] INFO  pipeline.RatisPipelineProvider (RatisPipelineProvider.java:lambda$create$0(206)) - Sending CreatePipelineCommand for pipeline:PipelineID=a968b522-8047-4b92-8d62-7d445652e74a to datanode:f927f8e9-81c0-47cb-a281-73162d36a20e
2023-03-15 06:52:07,630 [RatisPipelineUtilsThread - 0] INFO  pipeline.PipelineStateManagerImpl (PipelineStateManagerImpl.java:addPipeline(103)) - Created pipeline Pipeline[ Id: a968b522-8047-4b92-8d62-7d445652e74a, Nodes: f927f8e9-81c0-47cb-a281-73162d36a20e(fv-az210-452.jgpbknbp5ljuxny3rrcz4t2bbd.bx.internal.cloudapp.net/10.1.0.130), ReplicationConfig: RATIS/ONE, State:ALLOCATED, leaderId:, CreationTimestamp2023-03-15T06:52:07.629Z[Etc/UTC]].
2023-03-15 06:52:08,024 [Listener at 127.0.0.1/39575] INFO  ozone.MiniOzoneClusterImpl (MiniOzoneClusterImpl.java:lambda$waitForClusterToBeReady$0(218)) - Waiting for nodes to be ready. Got 2 of 3 DN Heartbeats.
2023-03-15 06:52:08,024 [Listener at 127.0.0.1/39575] INFO  ozone.MiniOzoneClusterImpl (MiniOzoneClusterImpl.java:lambda$waitForClusterToBeReady$0(221)) - Waiting for cluster to exit safe mode
2023-03-15 06:52:08,025 [Listener at 127.0.0.1/39575] INFO  ozone.MiniOzoneClusterImpl (MiniOzoneClusterImpl.java:lambda$waitForClusterToBeReady$0(223)) - SCM became leader
2023-03-15 06:52:08,028 [IPC Server handler 17 on default port 45029] INFO  net.NetworkTopologyImpl (NetworkTopologyImpl.java:add(112)) - Added a new node: /default-rack/934a7696-9971-43bd-bb95-0c074ad287bd
2023-03-15 06:52:08,028 [IPC Server handler 17 on default port 45029] INFO  node.SCMNodeManager (SCMNodeManager.java:register(404)) - Registered Data node : 934a7696-9971-43bd-bb95-0c074ad287bd{ip: 10.1.0.130, host: fv-az210-452.jgpbknbp5ljuxny3rrcz4t2bbd.bx.internal.cloudapp.net, ports: [REPLICATION=43743, RATIS=40495, RATIS_ADMIN=40495, RATIS_SERVER=40495, RATIS_DATASTREAM=40969, STANDALONE=34625], networkLocation: /default-rack, certSerialId: null, persistedOpState: null, persistedOpStateExpiryEpochSec: 0}
2023-03-15 06:52:08,028 [EventQueue-NewNodeForNewNodeHandler] INFO  pipeline.BackgroundPipelineCreator (BackgroundPipelineCreator.java:notifyEventTriggered(276)) - trigger a one-shot run on RatisPipelineUtilsThread.
2023-03-15 06:52:08,029 [EventQueue-NodeRegistrationContainerReportForDataNodeSafeModeRule] INFO  safemode.SCMSafeModeManager (DataNodeSafeModeRule.java:process(71)) - SCM in safe mode. 3 DataNodes registered, 3 required.
2023-03-15 06:52:08,031 [EventQueue-NodeRegistrationContainerReportForDataNodeSafeModeRule] INFO  safemode.SCMSafeModeManager (SCMSafeModeManager.java:validateSafeModeExitRules(200)) - DataNodeSafeModeRule rule is successfully validated
2023-03-15 06:52:08,031 [EventQueue-NodeRegistrationContainerReportForDataNodeSafeModeRule] INFO  safemode.SCMSafeModeManager (SCMSafeModeManager.java:completePreCheck(229)) - All SCM safe mode pre check rules have passed
2023-03-15 06:52:08,031 [EventQueue-NodeRegistrationContainerReportForDataNodeSafeModeRule] INFO  ha.SCMContext (SCMContext.java:updateSafeModeStatus(228)) - Update SafeModeStatus from SafeModeStatus{safeModeStatus=true, preCheckPassed=false} to SafeModeStatus{safeModeStatus=true, preCheckPassed=true}.
2023-03-15 06:52:08,031 [EventQueue-NodeRegistrationContainerReportForDataNodeSafeModeRule] INFO  pipeline.BackgroundPipelineCreator (BackgroundPipelineCreator.java:notifyEventTriggered(276)) - trigger a one-shot run on RatisPipelineUtilsThread.
2023-03-15 06:52:08,033 [RatisPipelineUtilsThread - 0] INFO  pipeline.RatisPipelineProvider (RatisPipelineProvider.java:lambda$create$0(206)) - Sending CreatePipelineCommand for pipeline:PipelineID=5fc5d4d5-7bd7-4817-add5-1655cfbdf5ef to datanode:934a7696-9971-43bd-bb95-0c074ad287bd
2023-03-15 06:52:08,035 [RatisPipelineUtilsThread - 0] INFO  pipeline.PipelineStateManagerImpl (PipelineStateManagerImpl.java:addPipeline(103)) - Created pipeline Pipeline[ Id: 5fc5d4d5-7bd7-4817-add5-1655cfbdf5ef, Nodes: 934a7696-9971-43bd-bb95-0c074ad287bd(fv-az210-452.jgpbknbp5ljuxny3rrcz4t2bbd.bx.internal.cloudapp.net/10.1.0.130), ReplicationConfig: RATIS/ONE, State:ALLOCATED, leaderId:, CreationTimestamp2023-03-15T06:52:08.033Z[Etc/UTC]].
2023-03-15 06:52:08,039 [RatisPipelineUtilsThread - 0] INFO  pipeline.RatisPipelineProvider (RatisPipelineProvider.java:lambda$create$0(206)) - Sending CreatePipelineCommand for pipeline:PipelineID=f8d24024-cb87-4a49-af27-a0fda1cf6aab to datanode:69770226-cf53-4475-8132-826a0d48d398
2023-03-15 06:52:08,039 [RatisPipelineUtilsThread - 0] INFO  pipeline.RatisPipelineProvider (RatisPipelineProvider.java:lambda$create$0(206)) - Sending CreatePipelineCommand for pipeline:PipelineID=f8d24024-cb87-4a49-af27-a0fda1cf6aab to datanode:934a7696-9971-43bd-bb95-0c074ad287bd
2023-03-15 06:52:08,039 [RatisPipelineUtilsThread - 0] INFO  pipeline.RatisPipelineProvider (RatisPipelineProvider.java:lambda$create$0(206)) - Sending CreatePipelineCommand for pipeline:PipelineID=f8d24024-cb87-4a49-af27-a0fda1cf6aab to datanode:f927f8e9-81c0-47cb-a281-73162d36a20e
2023-03-15 06:52:08,040 [RatisPipelineUtilsThread - 0] INFO  pipeline.PipelineStateManagerImpl (PipelineStateManagerImpl.java:addPipeline(103)) - Created pipeline Pipeline[ Id: f8d24024-cb87-4a49-af27-a0fda1cf6aab, Nodes: 69770226-cf53-4475-8132-826a0d48d398(fv-az210-452.jgpbknbp5ljuxny3rrcz4t2bbd.bx.internal.cloudapp.net/10.1.0.130)934a7696-9971-43bd-bb95-0c074ad287bd(fv-az210-452.jgpbknbp5ljuxny3rrcz4t2bbd.bx.internal.cloudapp.net/10.1.0.130)f927f8e9-81c0-47cb-a281-73162d36a20e(fv-az210-452.jgpbknbp5ljuxny3rrcz4t2bbd.bx.internal.cloudapp.net/10.1.0.130), ReplicationConfig: RATIS/THREE, State:ALLOCATED, leaderId:, CreationTimestamp2023-03-15T06:52:08.039Z[Etc/UTC]].
2023-03-15 06:52:08,041 [RatisPipelineUtilsThread - 0] INFO  pipeline.RatisPipelineProvider (RatisPipelineProvider.java:lambda$create$0(206)) - Sending CreatePipelineCommand for pipeline:PipelineID=0ed72603-e41a-43d8-a161-bdfefbba6613 to datanode:934a7696-9971-43bd-bb95-0c074ad287bd
2023-03-15 06:52:08,042 [RatisPipelineUtilsThread - 0] INFO  pipeline.RatisPipelineProvider (RatisPipelineProvider.java:lambda$create$0(206)) - Sending CreatePipelineCommand for pipeline:PipelineID=0ed72603-e41a-43d8-a161-bdfefbba6613 to datanode:69770226-cf53-4475-8132-826a0d48d398
2023-03-15 06:52:08,042 [RatisPipelineUtilsThread - 0] INFO  pipeline.RatisPipelineProvider (RatisPipelineProvider.java:lambda$create$0(206)) - Sending CreatePipelineCommand for pipeline:PipelineID=0ed72603-e41a-43d8-a161-bdfefbba6613 to datanode:f927f8e9-81c0-47cb-a281-73162d36a20e
2023-03-15 06:52:08,043 [RatisPipelineUtilsThread - 0] INFO  pipeline.PipelineStateManagerImpl (PipelineStateManagerImpl.java:addPipeline(103)) - Created pipeline Pipeline[ Id: 0ed72603-e41a-43d8-a161-bdfefbba6613, Nodes: 934a7696-9971-43bd-bb95-0c074ad287bd(fv-az210-452.jgpbknbp5ljuxny3rrcz4t2bbd.bx.internal.cloudapp.net/10.1.0.130)69770226-cf53-4475-8132-826a0d48d398(fv-az210-452.jgpbknbp5ljuxny3rrcz4t2bbd.bx.internal.cloudapp.net/10.1.0.130)f927f8e9-81c0-47cb-a281-73162d36a20e(fv-az210-452.jgpbknbp5ljuxny3rrcz4t2bbd.bx.internal.cloudapp.net/10.1.0.130), ReplicationConfig: RATIS/THREE, State:ALLOCATED, leaderId:, CreationTimestamp2023-03-15T06:52:08.041Z[Etc/UTC]].
2023-03-15 06:52:08,043 [RatisPipelineUtilsThread - 0] INFO  pipeline.PipelineManagerImpl (PipelineManagerImpl.java:recordMetricsForPipeline(826)) - Pipeline: PipelineID=0ed72603-e41a-43d8-a161-bdfefbba6613 contains same datanodes as previous pipelines: PipelineID=f8d24024-cb87-4a49-af27-a0fda1cf6aab nodeIds: 934a7696-9971-43bd-bb95-0c074ad287bd, 69770226-cf53-4475-8132-826a0d48d398, f927f8e9-81c0-47cb-a281-73162d36a20e
2023-03-15 06:52:08,043 [RatisPipelineUtilsThread - 0] WARN  pipeline.PipelinePlacementPolicy (PipelinePlacementPolicy.java:filterViableNodes(158)) - Pipeline creation failed due to no sufficient healthy datanodes. Required 3. Found 0.
2023-03-15 06:52:09,025 [Listener at 127.0.0.1/39575] INFO  ozone.MiniOzoneClusterImpl (MiniOzoneClusterImpl.java:lambda$waitForClusterToBeReady$0(218)) - Nodes are ready. Got 3 of 3 DN Heartbeats.
2023-03-15 06:52:09,026 [Listener at 127.0.0.1/39575] INFO  ozone.MiniOzoneClusterImpl (MiniOzoneClusterImpl.java:lambda$waitForClusterToBeReady$0(221)) - Waiting for cluster to exit safe mode
2023-03-15 06:52:09,026 [Listener at 127.0.0.1/39575] INFO  ozone.MiniOzoneClusterImpl (MiniOzoneClusterImpl.java:lambda$waitForClusterToBeReady$0(223)) - SCM became leader
2023-03-15 06:52:10,028 [Listener at 127.0.0.1/39575] INFO  ozone.MiniOzoneClusterImpl (MiniOzoneClusterImpl.java:lambda$waitForClusterToBeReady$0(218)) - Nodes are ready. Got 3 of 3 DN Heartbeats.
2023-03-15 06:52:10,028 [Listener at 127.0.0.1/39575] INFO  ozone.MiniOzoneClusterImpl (MiniOzoneClusterImpl.java:lambda$waitForClusterToBeReady$0(221)) - Waiting for cluster to exit safe mode
2023-03-15 06:52:10,028 [Listener at 127.0.0.1/39575] INFO  ozone.MiniOzoneClusterImpl (MiniOzoneClusterImpl.java:lambda$waitForClusterToBeReady$0(223)) - SCM became leader
2023-03-15 06:52:10,204 [Command processor thread] INFO  server.RaftServer (RaftServerProxy.java:addNew(96)) - 69770226-cf53-4475-8132-826a0d48d398: addNew group-CF8DF44AD77D:[69770226-cf53-4475-8132-826a0d48d398|rpc:10.1.0.130:44475|dataStream:10.1.0.130:45667|priority:1|startupRole:FOLLOWER] returns group-CF8DF44AD77D:java.util.concurrent.CompletableFuture@7f096d0e[Not completed]
2023-03-15 06:52:10,218 [pool-130-thread-1] INFO  server.RaftServer$Division (RaftServerImpl.java:<init>(195)) - 69770226-cf53-4475-8132-826a0d48d398: new RaftServerImpl for group-CF8DF44AD77D:[69770226-cf53-4475-8132-826a0d48d398|rpc:10.1.0.130:44475|dataStream:10.1.0.130:45667|priority:1|startupRole:FOLLOWER] with ContainerStateMachine:uninitialized
2023-03-15 06:52:10,218 [pool-130-thread-1] INFO  server.RaftServerConfigKeys (ConfUtils.java:logGet(46)) - raft.server.rpc.timeout.min = 5s (custom)
2023-03-15 06:52:10,218 [pool-130-thread-1] INFO  server.RaftServerConfigKeys (ConfUtils.java:logGet(46)) - raft.server.rpc.timeout.max = 5200ms (custom)
2023-03-15 06:52:10,218 [pool-130-thread-1] INFO  server.RaftServerConfigKeys (ConfUtils.java:logGet(46)) - raft.server.rpc.sleep.time = 25ms (default)
2023-03-15 06:52:10,218 [pool-130-thread-1] INFO  server.RaftServerConfigKeys (ConfUtils.java:logGet(46)) - raft.server.rpc.slowness.timeout = 300s (custom)
2023-03-15 06:52:10,218 [pool-130-thread-1] INFO  server.RaftServerConfigKeys (ConfUtils.java:logGet(46)) - raft.server.leaderelection.leader.step-down.wait-time = 10s (default)
2023-03-15 06:52:10,218 [pool-130-thread-1] INFO  server.RaftServerConfigKeys (ConfUtils.java:logGet(46)) - raft.server.sleep.deviation.threshold = 300ms (default)
2023-03-15 06:52:10,218 [pool-130-thread-1] INFO  server.RaftServer$Division (ServerState.java:<init>(118)) - 69770226-cf53-4475-8132-826a0d48d398@group-CF8DF44AD77D: ConfigurationManager, init=-1: peers:[69770226-cf53-4475-8132-826a0d48d398|rpc:10.1.0.130:44475|dataStream:10.1.0.130:45667|priority:1|startupRole:FOLLOWER]|listeners:[], old=null, confs=<EMPTY_MAP>
2023-03-15 06:52:10,218 [pool-130-thread-1] INFO  server.RaftServerConfigKeys (ConfUtils.java:logGet(46)) - raft.server.storage.dir = [/home/runner/work/ozone/ozone/hadoop-ozone/integration-test/target/test-dir/MiniOzoneClusterImpl-e79b0a94-dba3-4ba8-a298-d2d15914ceac/datanode-0/data/ratis] (custom)
2023-03-15 06:52:10,219 [pool-130-thread-1] INFO  server.RaftServerConfigKeys (ConfUtils.java:logGet(46)) - raft.server.log.corruption.policy = EXCEPTION (default)
2023-03-15 06:52:10,219 [pool-130-thread-1] INFO  server.RaftServerConfigKeys (ConfUtils.java:logGet(46)) - raft.server.storage.free-space.min = 0MB (=0) (default)
2023-03-15 06:52:10,219 [pool-130-thread-1] INFO  server.RaftServerConfigKeys (ConfUtils.java:logGet(46)) - raft.server.notification.no-leader.timeout = 300s (custom)
2023-03-15 06:52:10,219 [pool-130-thread-1] INFO  server.RaftServerConfigKeys (ConfUtils.java:logGet(46)) - raft.server.retrycache.expirytime = 600000ms (custom)
2023-03-15 06:52:10,219 [pool-130-thread-1] INFO  server.RaftServerConfigKeys (ConfUtils.java:logGet(46)) - raft.server.retrycache.statistics.expirytime = 100μs (default)
2023-03-15 06:52:10,221 [pool-130-thread-1] INFO  server.RaftServerConfigKeys (ConfUtils.java:logGet(46)) - raft.server.log.appender.install.snapshot.enabled = false (custom)
2023-03-15 06:52:10,221 [pool-130-thread-1] INFO  server.RaftServerConfigKeys (ConfUtils.java:logGet(46)) - raft.server.threadpool.server.cached = true (default)
2023-03-15 06:52:10,221 [pool-130-thread-1] INFO  server.RaftServerConfigKeys (ConfUtils.java:logGet(46)) - raft.server.threadpool.server.size = 0 (default)
2023-03-15 06:52:10,221 [pool-130-thread-1] INFO  server.RaftServerConfigKeys (ConfUtils.java:logGet(46)) - raft.server.threadpool.client.cached = true (default)
2023-03-15 06:52:10,221 [pool-130-thread-1] INFO  server.RaftServerConfigKeys (ConfUtils.java:logGet(46)) - raft.server.threadpool.client.size = 0 (default)
2023-03-15 06:52:10,221 [pool-130-thread-1] INFO  storage.RaftStorageDirectory (RaftStorageDirectoryImpl.java:analyzeStorage(137)) - The storage directory /home/runner/work/ozone/ozone/hadoop-ozone/integration-test/target/test-dir/MiniOzoneClusterImpl-e79b0a94-dba3-4ba8-a298-d2d15914ceac/datanode-0/data/ratis/ec599927-ea60-4071-9e3f-cf8df44ad77d does not exist. Creating ...
2023-03-15 06:52:10,223 [pool-130-thread-1] INFO  storage.RaftStorageDirectory (RaftStorageDirectoryImpl.java:tryLock(231)) - Lock on /home/runner/work/ozone/ozone/hadoop-ozone/integration-test/target/test-dir/MiniOzoneClusterImpl-e79b0a94-dba3-4ba8-a298-d2d15914ceac/datanode-0/data/ratis/ec599927-ea60-4071-9e3f-cf8df44ad77d/in_use.lock acquired by nodename 3629@fv-az210-452
2023-03-15 06:52:10,225 [pool-130-thread-1] INFO  storage.RaftStorage (RaftStorageImpl.java:format(96)) - Storage directory /home/runner/work/ozone/ozone/hadoop-ozone/integration-test/target/test-dir/MiniOzoneClusterImpl-e79b0a94-dba3-4ba8-a298-d2d15914ceac/datanode-0/data/ratis/ec599927-ea60-4071-9e3f-cf8df44ad77d has been successfully formatted.
2023-03-15 06:52:10,229 [pool-130-thread-1] INFO  ratis.ContainerStateMachine (ContainerStateMachine.java:loadSnapshot(262)) - group-CF8DF44AD77D: The snapshot info is null. Setting the last applied indexto:(t:0, i:~)
2023-03-15 06:52:10,230 [pool-130-thread-1] INFO  server.RaftServerConfigKeys (ConfUtils.java:logGet(46)) - raft.server.log.use.memory = false (default)
2023-03-15 06:52:10,230 [pool-130-thread-1] INFO  server.RaftServerConfigKeys (ConfUtils.java:logGet(46)) - raft.server.log.purge.gap = 1000000 (custom)
2023-03-15 06:52:10,230 [pool-130-thread-1] INFO  server.RaftServerConfigKeys (ConfUtils.java:logGet(46)) - raft.server.log.appender.buffer.byte-limit = 33554432 (custom)
2023-03-15 06:52:10,230 [pool-130-thread-1] INFO  server.RaftServerConfigKeys (ConfUtils.java:logGet(46)) - raft.server.log.statemachine.data.read.timeout = 1000ms (default)
2023-03-15 06:52:10,231 [pool-130-thread-1] INFO  server.RaftServerConfigKeys (ConfUtils.java:logGet(46)) - raft.server.log.purge.preservation.log.num = 0 (default)
2023-03-15 06:52:10,231 [pool-130-thread-1] INFO  server.RaftServerConfigKeys (ConfUtils.java:logGet(46)) - raft.server.log.segment.size.max = 1048576 (custom)
2023-03-15 06:52:10,231 [pool-130-thread-1] INFO  server.RaftServerConfigKeys (ConfUtils.java:logGet(46)) - raft.server.log.segment.cache.num.max = 2 (custom)
2023-03-15 06:52:10,231 [pool-130-thread-1] INFO  server.RaftServerConfigKeys (ConfUtils.java:logGet(46)) - raft.server.log.segment.cache.size.max = 200MB (=209715200) (default)
2023-03-15 06:52:10,231 [pool-130-thread-1] INFO  segmented.SegmentedRaftLogWorker (SegmentedRaftLogWorker.java:<init>(189)) - new 69770226-cf53-4475-8132-826a0d48d398@group-CF8DF44AD77D-SegmentedRaftLogWorker for RaftStorageImpl:Storage Directory /home/runner/work/ozone/ozone/hadoop-ozone/integration-test/target/test-dir/MiniOzoneClusterImpl-e79b0a94-dba3-4ba8-a298-d2d15914ceac/datanode-0/data/ratis/ec599927-ea60-4071-9e3f-cf8df44ad77d
2023-03-15 06:52:10,231 [pool-130-thread-1] INFO  server.RaftServerConfigKeys (ConfUtils.java:logGet(46)) - raft.server.log.queue.byte-limit = 4294967296 (custom)
2023-03-15 06:52:10,231 [pool-130-thread-1] INFO  server.RaftServerConfigKeys (ConfUtils.java:logGet(46)) - raft.server.log.queue.element-limit = 1024 (custom)
2023-03-15 06:52:10,232 [pool-130-thread-1] INFO  server.RaftServerConfigKeys (ConfUtils.java:logGet(46)) - raft.server.log.segment.size.max = 1048576 (custom)
2023-03-15 06:52:10,232 [pool-130-thread-1] INFO  server.RaftServerConfigKeys (ConfUtils.java:logGet(46)) - raft.server.log.preallocated.size = 16384 (custom)
2023-03-15 06:52:10,232 [pool-130-thread-1] INFO  server.RaftServerConfigKeys (ConfUtils.java:logGet(46)) - raft.server.log.force.sync.num = 128 (default)
2023-03-15 06:52:10,232 [pool-130-thread-1] INFO  server.RaftServerConfigKeys (ConfUtils.java:logGet(46)) - raft.server.log.statemachine.data.sync = true (default)
2023-03-15 06:52:10,232 [pool-130-thread-1] INFO  server.RaftServerConfigKeys (ConfUtils.java:logGet(46)) - raft.server.log.statemachine.data.sync.timeout = 10s (default)
2023-03-15 06:52:10,232 [pool-130-thread-1] INFO  server.RaftServerConfigKeys (ConfUtils.java:logGet(46)) - raft.server.log.statemachine.data.sync.timeout.retry = -1 (default)
2023-03-15 06:52:10,233 [pool-130-thread-1] INFO  server.RaftServerConfigKeys (ConfUtils.java:logGet(46)) - raft.server.log.write.buffer.size = 1048576 (custom)
2023-03-15 06:52:10,233 [pool-130-thread-1] INFO  server.RaftServerConfigKeys (ConfUtils.java:logGet(46)) - raft.server.log.appender.buffer.byte-limit = 33554432 (custom)
2023-03-15 06:52:10,244 [pool-130-thread-1] INFO  server.RaftServerConfigKeys (ConfUtils.java:logGet(46)) - raft.server.log.unsafe-flush.enabled = false (default)
2023-03-15 06:52:10,244 [pool-130-thread-1] INFO  server.RaftServerConfigKeys (ConfUtils.java:logGet(46)) - raft.server.log.async-flush.enabled = false (default)
2023-03-15 06:52:10,244 [pool-130-thread-1] INFO  server.RaftServerConfigKeys (ConfUtils.java:logGet(46)) - raft.server.log.statemachine.data.caching.enabled = true (custom)
2023-03-15 06:52:10,244 [pool-130-thread-1] INFO  segmented.SegmentedRaftLogWorker (SegmentedRaftLogWorker.java:lambda$new$0(135)) - 69770226-cf53-4475-8132-826a0d48d398@group-CF8DF44AD77D-SegmentedRaftLogWorker: flushIndex: setUnconditionally 0 -> -1
2023-03-15 06:52:10,244 [pool-130-thread-1] INFO  segmented.SegmentedRaftLogWorker (SegmentedRaftLogWorker.java:lambda$new$0(135)) - 69770226-cf53-4475-8132-826a0d48d398@group-CF8DF44AD77D-SegmentedRaftLogWorker: safeCacheEvictIndex: setUnconditionally 0 -> -1
2023-03-15 06:52:10,245 [pool-130-thread-1] INFO  server.RaftServer$Division (RaftServerImpl.java:start(334)) - 69770226-cf53-4475-8132-826a0d48d398@group-CF8DF44AD77D: start as a follower, conf=-1: peers:[69770226-cf53-4475-8132-826a0d48d398|rpc:10.1.0.130:44475|dataStream:10.1.0.130:45667|priority:1|startupRole:FOLLOWER]|listeners:[], old=null
2023-03-15 06:52:10,245 [pool-130-thread-1] INFO  server.RaftServer$Division (RaftServerImpl.java:setRole(321)) - 69770226-cf53-4475-8132-826a0d48d398@group-CF8DF44AD77D: changes role from      null to FOLLOWER at term 0 for startAsFollower
2023-03-15 06:52:10,245 [pool-130-thread-1] INFO  impl.RoleInfo (RoleInfo.java:updateAndGet(139)) - 69770226-cf53-4475-8132-826a0d48d398: start 69770226-cf53-4475-8132-826a0d48d398@group-CF8DF44AD77D-FollowerState
2023-03-15 06:52:10,249 [pool-130-thread-1] INFO  util.JmxRegister (JmxRegister.java:tryRegister(44)) - Successfully registered JMX Bean with object name Ratis:service=RaftServer,group=group-CF8DF44AD77D,id=69770226-cf53-4475-8132-826a0d48d398
2023-03-15 06:52:10,250 [pool-130-thread-1] INFO  server.RaftServerConfigKeys (ConfUtils.java:logGet(46)) - raft.server.snapshot.auto.trigger.enabled = true (custom)
2023-03-15 06:52:10,250 [pool-130-thread-1] INFO  server.RaftServerConfigKeys (ConfUtils.java:logGet(46)) - raft.server.snapshot.auto.trigger.threshold = 10000 (custom)
2023-03-15 06:52:10,250 [pool-130-thread-1] INFO  server.RaftServerConfigKeys (ConfUtils.java:logGet(46)) - raft.server.snapshot.retention.file.num = 5 (custom)
2023-03-15 06:52:10,250 [pool-130-thread-1] INFO  server.RaftServerConfigKeys (ConfUtils.java:logGet(46)) - raft.server.log.purge.upto.snapshot.index = false (default)
2023-03-15 06:52:10,251 [69770226-cf53-4475-8132-826a0d48d398@group-CF8DF44AD77D-FollowerState] INFO  server.RaftServerConfigKeys (ConfUtils.java:logFallback(53)) - raft.server.rpc.first-election.timeout.min = 5s (fallback to raft.server.rpc.timeout.min)
2023-03-15 06:52:10,251 [69770226-cf53-4475-8132-826a0d48d398@group-CF8DF44AD77D-FollowerState] INFO  server.RaftServerConfigKeys (ConfUtils.java:logFallback(53)) - raft.server.rpc.first-election.timeout.max = 5200ms (fallback to raft.server.rpc.timeout.max)
2023-03-15 06:52:10,253 [Command processor thread] INFO  ratis.XceiverServerRatis (XceiverServerRatis.java:addGroup(807)) - Created group PipelineID=ec599927-ea60-4071-9e3f-cf8df44ad77d
2023-03-15 06:52:10,254 [Command processor thread] INFO  commandhandler.CreatePipelineCommandHandler (CreatePipelineCommandHandler.java:handle(113)) - Created Pipeline RATIS ONE PipelineID=ec599927-ea60-4071-9e3f-cf8df44ad77d.
2023-03-15 06:52:10,254 [Command processor thread] INFO  server.RaftServer (RaftServerProxy.java:addNew(96)) - 69770226-cf53-4475-8132-826a0d48d398: addNew group-A0FDA1CF6AAB:[69770226-cf53-4475-8132-826a0d48d398|rpc:10.1.0.130:44475|dataStream:10.1.0.130:45667|priority:0|startupRole:FOLLOWER, 934a7696-9971-43bd-bb95-0c074ad287bd|rpc:10.1.0.130:40495|dataStream:10.1.0.130:40969|priority:0|startupRole:FOLLOWER, f927f8e9-81c0-47cb-a281-73162d36a20e|rpc:10.1.0.130:46105|dataStream:10.1.0.130:43039|priority:1|startupRole:FOLLOWER] returns group-A0FDA1CF6AAB:java.util.concurrent.CompletableFuture@76c29d89[Not completed]
2023-03-15 06:52:10,256 [pool-130-thread-1] INFO  server.RaftServer$Division (RaftServerImpl.java:<init>(195)) - 69770226-cf53-4475-8132-826a0d48d398: new RaftServerImpl for group-A0FDA1CF6AAB:[69770226-cf53-4475-8132-826a0d48d398|rpc:10.1.0.130:44475|dataStream:10.1.0.130:45667|priority:0|startupRole:FOLLOWER, 934a7696-9971-43bd-bb95-0c074ad287bd|rpc:10.1.0.130:40495|dataStream:10.1.0.130:40969|priority:0|startupRole:FOLLOWER, f927f8e9-81c0-47cb-a281-73162d36a20e|rpc:10.1.0.130:46105|dataStream:10.1.0.130:43039|priority:1|startupRole:FOLLOWER] with ContainerStateMachine:uninitialized
2023-03-15 06:52:10,256 [pool-130-thread-1] INFO  server.RaftServerConfigKeys (ConfUtils.java:logGet(46)) - raft.server.rpc.timeout.min = 5s (custom)
2023-03-15 06:52:10,256 [pool-130-thread-1] INFO  server.RaftServerConfigKeys (ConfUtils.java:logGet(46)) - raft.server.rpc.timeout.max = 5200ms (custom)
2023-03-15 06:52:10,256 [pool-130-thread-1] INFO  server.RaftServerConfigKeys (ConfUtils.java:logGet(46)) - raft.server.rpc.sleep.time = 25ms (default)
2023-03-15 06:52:10,256 [pool-130-thread-1] INFO  server.RaftServerConfigKeys (ConfUtils.java:logGet(46)) - raft.server.rpc.slowness.timeout = 300s (custom)
2023-03-15 06:52:10,256 [pool-130-thread-1] INFO  server.RaftServerConfigKeys (ConfUtils.java:logGet(46)) - raft.server.leaderelection.leader.step-down.wait-time = 10s (default)
2023-03-15 06:52:10,256 [pool-130-thread-1] INFO  server.RaftServerConfigKeys (ConfUtils.java:logGet(46)) - raft.server.sleep.deviation.threshold = 300ms (default)
2023-03-15 06:52:10,256 [pool-130-thread-1] INFO  server.RaftServer$Division (ServerState.java:<init>(118)) - 69770226-cf53-4475-8132-826a0d48d398@group-A0FDA1CF6AAB: ConfigurationManager, init=-1: peers:[69770226-cf53-4475-8132-826a0d48d398|rpc:10.1.0.130:44475|dataStream:10.1.0.130:45667|priority:0|startupRole:FOLLOWER, 934a7696-9971-43bd-bb95-0c074ad287bd|rpc:10.1.0.130:40495|dataStream:10.1.0.130:40969|priority:0|startupRole:FOLLOWER, f927f8e9-81c0-47cb-a281-73162d36a20e|rpc:10.1.0.130:46105|dataStream:10.1.0.130:43039|priority:1|startupRole:FOLLOWER]|listeners:[], old=null, confs=<EMPTY_MAP>
2023-03-15 06:52:10,256 [pool-130-thread-1] INFO  server.RaftServerConfigKeys (ConfUtils.java:logGet(46)) - raft.server.storage.dir = [/home/runner/work/ozone/ozone/hadoop-ozone/integration-test/target/test-dir/MiniOzoneClusterImpl-e79b0a94-dba3-4ba8-a298-d2d15914ceac/datanode-0/data/ratis] (custom)
2023-03-15 06:52:10,257 [pool-130-thread-1] INFO  server.RaftServerConfigKeys (ConfUtils.java:logGet(46)) - raft.server.log.corruption.policy = EXCEPTION (default)
2023-03-15 06:52:10,257 [pool-130-thread-1] INFO  server.RaftServerConfigKeys (ConfUtils.java:logGet(46)) - raft.server.storage.free-space.min = 0MB (=0) (default)
2023-03-15 06:52:10,257 [pool-130-thread-1] INFO  server.RaftServerConfigKeys (ConfUtils.java:logGet(46)) - raft.server.notification.no-leader.timeout = 300s (custom)
2023-03-15 06:52:10,257 [pool-130-thread-1] INFO  server.RaftServerConfigKeys (ConfUtils.java:logGet(46)) - raft.server.retrycache.expirytime = 600000ms (custom)
2023-03-15 06:52:10,257 [pool-130-thread-1] INFO  server.RaftServerConfigKeys (ConfUtils.java:logGet(46)) - raft.server.retrycache.statistics.expirytime = 100μs (default)
2023-03-15 06:52:10,258 [pool-130-thread-1] INFO  server.RaftServerConfigKeys (ConfUtils.java:logGet(46)) - raft.server.log.appender.install.snapshot.enabled = false (custom)
2023-03-15 06:52:10,259 [pool-130-thread-1] INFO  server.RaftServerConfigKeys (ConfUtils.java:logGet(46)) - raft.server.threadpool.server.cached = true (default)
2023-03-15 06:52:10,259 [pool-130-thread-1] INFO  server.RaftServerConfigKeys (ConfUtils.java:logGet(46)) - raft.server.threadpool.server.size = 0 (default)
2023-03-15 06:52:10,259 [pool-130-thread-1] INFO  server.RaftServerConfigKeys (ConfUtils.java:logGet(46)) - raft.server.threadpool.client.cached = true (default)
2023-03-15 06:52:10,259 [pool-130-thread-1] INFO  server.RaftServerConfigKeys (ConfUtils.java:logGet(46)) - raft.server.threadpool.client.size = 0 (default)
2023-03-15 06:52:10,259 [pool-130-thread-1] INFO  storage.RaftStorageDirectory (RaftStorageDirectoryImpl.java:analyzeStorage(137)) - The storage directory /home/runner/work/ozone/ozone/hadoop-ozone/integration-test/target/test-dir/MiniOzoneClusterImpl-e79b0a94-dba3-4ba8-a298-d2d15914ceac/datanode-0/data/ratis/f8d24024-cb87-4a49-af27-a0fda1cf6aab does not exist. Creating ...
2023-03-15 06:52:10,262 [pool-130-thread-1] INFO  storage.RaftStorageDirectory (RaftStorageDirectoryImpl.java:tryLock(231)) - Lock on /home/runner/work/ozone/ozone/hadoop-ozone/integration-test/target/test-dir/MiniOzoneClusterImpl-e79b0a94-dba3-4ba8-a298-d2d15914ceac/datanode-0/data/ratis/f8d24024-cb87-4a49-af27-a0fda1cf6aab/in_use.lock acquired by nodename 3629@fv-az210-452
2023-03-15 06:52:10,264 [pool-130-thread-1] INFO  storage.RaftStorage (RaftStorageImpl.java:format(96)) - Storage directory /home/runner/work/ozone/ozone/hadoop-ozone/integration-test/target/test-dir/MiniOzoneClusterImpl-e79b0a94-dba3-4ba8-a298-d2d15914ceac/datanode-0/data/ratis/f8d24024-cb87-4a49-af27-a0fda1cf6aab has been successfully formatted.
2023-03-15 06:52:10,264 [pool-130-thread-1] INFO  ratis.ContainerStateMachine (ContainerStateMachine.java:loadSnapshot(262)) - group-A0FDA1CF6AAB: The snapshot info is null. Setting the last applied indexto:(t:0, i:~)
2023-03-15 06:52:10,265 [pool-130-thread-1] INFO  server.RaftServerConfigKeys (ConfUtils.java:logGet(46)) - raft.server.log.use.memory = false (default)
2023-03-15 06:52:10,265 [pool-130-thread-1] INFO  server.RaftServerConfigKeys (ConfUtils.java:logGet(46)) - raft.server.log.purge.gap = 1000000 (custom)
2023-03-15 06:52:10,265 [pool-130-thread-1] INFO  server.RaftServerConfigKeys (ConfUtils.java:logGet(46)) - raft.server.log.appender.buffer.byte-limit = 33554432 (custom)
2023-03-15 06:52:10,265 [pool-130-thread-1] INFO  server.RaftServerConfigKeys (ConfUtils.java:logGet(46)) - raft.server.log.statemachine.data.read.timeout = 1000ms (default)
2023-03-15 06:52:10,265 [pool-130-thread-1] INFO  server.RaftServerConfigKeys (ConfUtils.java:logGet(46)) - raft.server.log.purge.preservation.log.num = 0 (default)
2023-03-15 06:52:10,265 [pool-130-thread-1] INFO  server.RaftServerConfigKeys (ConfUtils.java:logGet(46)) - raft.server.log.segment.size.max = 1048576 (custom)
2023-03-15 06:52:10,266 [pool-130-thread-1] INFO  server.RaftServerConfigKeys (ConfUtils.java:logGet(46)) - raft.server.log.segment.cache.num.max = 2 (custom)
2023-03-15 06:52:10,266 [pool-130-thread-1] INFO  server.RaftServerConfigKeys (ConfUtils.java:logGet(46)) - raft.server.log.segment.cache.size.max = 200MB (=209715200) (default)
2023-03-15 06:52:10,266 [pool-130-thread-1] INFO  segmented.SegmentedRaftLogWorker (SegmentedRaftLogWorker.java:<init>(189)) - new 69770226-cf53-4475-8132-826a0d48d398@group-A0FDA1CF6AAB-SegmentedRaftLogWorker for RaftStorageImpl:Storage Directory /home/runner/work/ozone/ozone/hadoop-ozone/integration-test/target/test-dir/MiniOzoneClusterImpl-e79b0a94-dba3-4ba8-a298-d2d15914ceac/datanode-0/data/ratis/f8d24024-cb87-4a49-af27-a0fda1cf6aab
2023-03-15 06:52:10,266 [pool-130-thread-1] INFO  server.RaftServerConfigKeys (ConfUtils.java:logGet(46)) - raft.server.log.queue.byte-limit = 4294967296 (custom)
2023-03-15 06:52:10,266 [pool-130-thread-1] INFO  server.RaftServerConfigKeys (ConfUtils.java:logGet(46)) - raft.server.log.queue.element-limit = 1024 (custom)
2023-03-15 06:52:10,266 [pool-130-thread-1] INFO  server.RaftServerConfigKeys (ConfUtils.java:logGet(46)) - raft.server.log.segment.size.max = 1048576 (custom)
2023-03-15 06:52:10,266 [pool-130-thread-1] INFO  server.RaftServerConfigKeys (ConfUtils.java:logGet(46)) - raft.server.log.preallocated.size = 16384 (custom)
2023-03-15 06:52:10,266 [pool-130-thread-1] INFO  server.RaftServerConfigKeys (ConfUtils.java:logGet(46)) - raft.server.log.force.sync.num = 128 (default)
2023-03-15 06:52:10,266 [pool-130-thread-1] INFO  server.RaftServerConfigKeys (ConfUtils.java:logGet(46)) - raft.server.log.statemachine.data.sync = true (default)
2023-03-15 06:52:10,266 [pool-130-thread-1] INFO  server.RaftServerConfigKeys (ConfUtils.java:logGet(46)) - raft.server.log.statemachine.data.sync.timeout = 10s (default)
2023-03-15 06:52:10,266 [pool-130-thread-1] INFO  server.RaftServerConfigKeys (ConfUtils.java:logGet(46)) - raft.server.log.statemachine.data.sync.timeout.retry = -1 (default)
2023-03-15 06:52:10,267 [pool-130-thread-1] INFO  server.RaftServerConfigKeys (ConfUtils.java:logGet(46)) - raft.server.log.write.buffer.size = 1048576 (custom)
2023-03-15 06:52:10,269 [EventQueue-PipelineReportForPipelineReportHandler] INFO  pipeline.PipelineManagerImpl (PipelineManagerImpl.java:openPipeline(367)) - Pipeline Pipeline[ Id: ec599927-ea60-4071-9e3f-cf8df44ad77d, Nodes: 69770226-cf53-4475-8132-826a0d48d398(fv-az210-452.jgpbknbp5ljuxny3rrcz4t2bbd.bx.internal.cloudapp.net/10.1.0.130), ReplicationConfig: RATIS/ONE, State:ALLOCATED, leaderId:69770226-cf53-4475-8132-826a0d48d398, CreationTimestamp2023-03-15T06:52:07.224Z[Etc/UTC]] moved to OPEN state
2023-03-15 06:52:10,279 [pool-130-thread-1] INFO  server.RaftServerConfigKeys (ConfUtils.java:logGet(46)) - raft.server.log.appender.buffer.byte-limit = 33554432 (custom)
2023-03-15 06:52:10,490 [EventQueue-OpenPipelineForHealthyPipelineSafeModeRule] INFO  safemode.SCMSafeModeManager (HealthyPipelineSafeModeRule.java:process(137)) - SCM in safe mode. Healthy pipelines reported count is 0, required healthy pipeline reported count is 1
2023-03-15 06:52:10,491 [JvmPauseMonitor3] WARN  util.JvmPauseMonitor (JvmPauseMonitor.java:detectPause(126)) - JvmPauseMonitor-69770226-cf53-4475-8132-826a0d48d398: Detected pause in JVM or host machine (eg GC): pause of approximately 181195391ns.
GC pool 'PS MarkSweep' had collection(s): count=1 time=146ms
GC pool 'PS Scavenge' had collection(s): count=1 time=57ms
2023-03-15 06:52:10,497 [EventQueue-OpenPipelineForHealthyPipelineSafeModeRule] INFO  safemode.SCMSafeModeManager (HealthyPipelineSafeModeRule.java:process(137)) - SCM in safe mode. Healthy pipelines reported count is 0, required healthy pipeline reported count is 1
2023-03-15 06:52:10,498 [pool-130-thread-1] INFO  server.RaftServerConfigKeys (ConfUtils.java:logGet(46)) - raft.server.log.unsafe-flush.enabled = false (default)
2023-03-15 06:52:10,498 [pool-130-thread-1] INFO  server.RaftServerConfigKeys (ConfUtils.java:logGet(46)) - raft.server.log.async-flush.enabled = false (default)
2023-03-15 06:52:10,498 [pool-130-thread-1] INFO  server.RaftServerConfigKeys (ConfUtils.java:logGet(46)) - raft.server.log.statemachine.data.caching.enabled = true (custom)
2023-03-15 06:52:10,498 [pool-130-thread-1] INFO  segmented.SegmentedRaftLogWorker (SegmentedRaftLogWorker.java:lambda$new$0(135)) - 69770226-cf53-4475-8132-826a0d48d398@group-A0FDA1CF6AAB-SegmentedRaftLogWorker: flushIndex: setUnconditionally 0 -> -1
2023-03-15 06:52:10,498 [pool-130-thread-1] INFO  segmented.SegmentedRaftLogWorker (SegmentedRaftLogWorker.java:lambda$new$0(135)) - 69770226-cf53-4475-8132-826a0d48d398@group-A0FDA1CF6AAB-SegmentedRaftLogWorker: safeCacheEvictIndex: setUnconditionally 0 -> -1
2023-03-15 06:52:10,499 [pool-130-thread-1] INFO  server.RaftServer$Division (RaftServerImpl.java:start(334)) - 69770226-cf53-4475-8132-826a0d48d398@group-A0FDA1CF6AAB: start as a follower, conf=-1: peers:[69770226-cf53-4475-8132-826a0d48d398|rpc:10.1.0.130:44475|dataStream:10.1.0.130:45667|priority:0|startupRole:FOLLOWER, 934a7696-9971-43bd-bb95-0c074ad287bd|rpc:10.1.0.130:40495|dataStream:10.1.0.130:40969|priority:0|startupRole:FOLLOWER, f927f8e9-81c0-47cb-a281-73162d36a20e|rpc:10.1.0.130:46105|dataStream:10.1.0.130:43039|priority:1|startupRole:FOLLOWER]|listeners:[], old=null
2023-03-15 06:52:10,499 [pool-130-thread-1] INFO  server.RaftServer$Division (RaftServerImpl.java:setRole(321)) - 69770226-cf53-4475-8132-826a0d48d398@group-A0FDA1CF6AAB: changes role from      null to FOLLOWER at term 0 for startAsFollower
2023-03-15 06:52:10,499 [pool-130-thread-1] INFO  impl.RoleInfo (RoleInfo.java:updateAndGet(139)) - 69770226-cf53-4475-8132-826a0d48d398: start 69770226-cf53-4475-8132-826a0d48d398@group-A0FDA1CF6AAB-FollowerState
2023-03-15 06:52:10,500 [pool-130-thread-1] INFO  util.JmxRegister (JmxRegister.java:tryRegister(44)) - Successfully registered JMX Bean with object name Ratis:service=RaftServer,group=group-A0FDA1CF6AAB,id=69770226-cf53-4475-8132-826a0d48d398
2023-03-15 06:52:10,500 [pool-130-thread-1] INFO  server.RaftServerConfigKeys (ConfUtils.java:logGet(46)) - raft.server.snapshot.auto.trigger.enabled = true (custom)
2023-03-15 06:52:10,500 [pool-130-thread-1] INFO  server.RaftServerConfigKeys (ConfUtils.java:logGet(46)) - raft.server.snapshot.auto.trigger.threshold = 10000 (custom)
2023-03-15 06:52:10,500 [pool-130-thread-1] INFO  server.RaftServerConfigKeys (ConfUtils.java:logGet(46)) - raft.server.snapshot.retention.file.num = 5 (custom)
2023-03-15 06:52:10,500 [pool-130-thread-1] INFO  server.RaftServerConfigKeys (ConfUtils.java:logGet(46)) - raft.server.log.purge.upto.snapshot.index = false (default)
2023-03-15 06:52:10,505 [69770226-cf53-4475-8132-826a0d48d398@group-A0FDA1CF6AAB-FollowerState] INFO  server.RaftServerConfigKeys (ConfUtils.java:logFallback(53)) - raft.server.rpc.first-election.timeout.min = 5s (fallback to raft.server.rpc.timeout.min)
2023-03-15 06:52:10,514 [Command processor thread] INFO  ratis.XceiverServerRatis (XceiverServerRatis.java:addGroup(807)) - Created group PipelineID=f8d24024-cb87-4a49-af27-a0fda1cf6aab
2023-03-15 06:52:10,519 [69770226-cf53-4475-8132-826a0d48d398@group-A0FDA1CF6AAB-FollowerState] INFO  server.RaftServerConfigKeys (ConfUtils.java:logFallback(53)) - raft.server.rpc.first-election.timeout.max = 5200ms (fallback to raft.server.rpc.timeout.max)
2023-03-15 06:52:10,602 [grpc-default-executor-2] INFO  server.RaftServer (RaftServerProxy.java:addNew(96)) - 934a7696-9971-43bd-bb95-0c074ad287bd: addNew group-A0FDA1CF6AAB:[69770226-cf53-4475-8132-826a0d48d398|rpc:10.1.0.130:44475|dataStream:10.1.0.130:45667|priority:0|startupRole:FOLLOWER, 934a7696-9971-43bd-bb95-0c074ad287bd|rpc:10.1.0.130:40495|dataStream:10.1.0.130:40969|priority:0|startupRole:FOLLOWER, f927f8e9-81c0-47cb-a281-73162d36a20e|rpc:10.1.0.130:46105|dataStream:10.1.0.130:43039|priority:1|startupRole:FOLLOWER] returns group-A0FDA1CF6AAB:java.util.concurrent.CompletableFuture@1bde25e5[Not completed]
2023-03-15 06:52:10,604 [pool-174-thread-1] INFO  server.RaftServer$Division (RaftServerImpl.java:<init>(195)) - 934a7696-9971-43bd-bb95-0c074ad287bd: new RaftServerImpl for group-A0FDA1CF6AAB:[69770226-cf53-4475-8132-826a0d48d398|rpc:10.1.0.130:44475|dataStream:10.1.0.130:45667|priority:0|startupRole:FOLLOWER, 934a7696-9971-43bd-bb95-0c074ad287bd|rpc:10.1.0.130:40495|dataStream:10.1.0.130:40969|priority:0|startupRole:FOLLOWER, f927f8e9-81c0-47cb-a281-73162d36a20e|rpc:10.1.0.130:46105|dataStream:10.1.0.130:43039|priority:1|startupRole:FOLLOWER] with ContainerStateMachine:uninitialized
2023-03-15 06:52:10,605 [pool-174-thread-1] INFO  server.RaftServerConfigKeys (ConfUtils.java:logGet(46)) - raft.server.rpc.timeout.min = 5s (custom)
2023-03-15 06:52:10,605 [pool-174-thread-1] INFO  server.RaftServerConfigKeys (ConfUtils.java:logGet(46)) - raft.server.rpc.timeout.max = 5200ms (custom)
2023-03-15 06:52:10,605 [pool-174-thread-1] INFO  server.RaftServerConfigKeys (ConfUtils.java:logGet(46)) - raft.server.rpc.sleep.time = 25ms (default)
2023-03-15 06:52:10,605 [pool-174-thread-1] INFO  server.RaftServerConfigKeys (ConfUtils.java:logGet(46)) - raft.server.rpc.slowness.timeout = 300s (custom)
2023-03-15 06:52:10,605 [pool-174-thread-1] INFO  server.RaftServerConfigKeys (ConfUtils.java:logGet(46)) - raft.server.leaderelection.leader.step-down.wait-time = 10s (default)
2023-03-15 06:52:10,605 [pool-174-thread-1] INFO  server.RaftServerConfigKeys (ConfUtils.java:logGet(46)) - raft.server.sleep.deviation.threshold = 300ms (default)
2023-03-15 06:52:10,605 [pool-174-thread-1] INFO  server.RaftServer$Division (ServerState.java:<init>(118)) - 934a7696-9971-43bd-bb95-0c074ad287bd@group-A0FDA1CF6AAB: ConfigurationManager, init=-1: peers:[69770226-cf53-4475-8132-826a0d48d398|rpc:10.1.0.130:44475|dataStream:10.1.0.130:45667|priority:0|startupRole:FOLLOWER, 934a7696-9971-43bd-bb95-0c074ad287bd|rpc:10.1.0.130:40495|dataStream:10.1.0.130:40969|priority:0|startupRole:FOLLOWER, f927f8e9-81c0-47cb-a281-73162d36a20e|rpc:10.1.0.130:46105|dataStream:10.1.0.130:43039|priority:1|startupRole:FOLLOWER]|listeners:[], old=null, confs=<EMPTY_MAP>
2023-03-15 06:52:10,605 [pool-174-thread-1] INFO  server.RaftServerConfigKeys (ConfUtils.java:logGet(46)) - raft.server.storage.dir = [/home/runner/work/ozone/ozone/hadoop-ozone/integration-test/target/test-dir/MiniOzoneClusterImpl-e79b0a94-dba3-4ba8-a298-d2d15914ceac/datanode-2/data/ratis] (custom)
2023-03-15 06:52:10,605 [pool-174-thread-1] INFO  server.RaftServerConfigKeys (ConfUtils.java:logGet(46)) - raft.server.log.corruption.policy = EXCEPTION (default)
2023-03-15 06:52:10,606 [pool-174-thread-1] INFO  server.RaftServerConfigKeys (ConfUtils.java:logGet(46)) - raft.server.storage.free-space.min = 0MB (=0) (default)
2023-03-15 06:52:10,606 [pool-174-thread-1] INFO  server.RaftServerConfigKeys (ConfUtils.java:logGet(46)) - raft.server.notification.no-leader.timeout = 300s (custom)
2023-03-15 06:52:10,606 [pool-174-thread-1] INFO  server.RaftServerConfigKeys (ConfUtils.java:logGet(46)) - raft.server.retrycache.expirytime = 600000ms (custom)
2023-03-15 06:52:10,606 [pool-174-thread-1] INFO  server.RaftServerConfigKeys (ConfUtils.java:logGet(46)) - raft.server.retrycache.statistics.expirytime = 100μs (default)
2023-03-15 06:52:10,608 [pool-174-thread-1] INFO  server.RaftServerConfigKeys (ConfUtils.java:logGet(46)) - raft.server.log.appender.install.snapshot.enabled = false (custom)
2023-03-15 06:52:10,608 [pool-174-thread-1] INFO  server.RaftServerConfigKeys (ConfUtils.java:logGet(46)) - raft.server.threadpool.server.cached = true (default)
2023-03-15 06:52:10,608 [pool-174-thread-1] INFO  server.RaftServerConfigKeys (ConfUtils.java:logGet(46)) - raft.server.threadpool.server.size = 0 (default)
2023-03-15 06:52:10,608 [pool-174-thread-1] INFO  server.RaftServerConfigKeys (ConfUtils.java:logGet(46)) - raft.server.threadpool.client.cached = true (default)
2023-03-15 06:52:10,608 [pool-174-thread-1] INFO  server.RaftServerConfigKeys (ConfUtils.java:logGet(46)) - raft.server.threadpool.client.size = 0 (default)
2023-03-15 06:52:10,608 [pool-174-thread-1] INFO  storage.RaftStorageDirectory (RaftStorageDirectoryImpl.java:analyzeStorage(137)) - The storage directory /home/runner/work/ozone/ozone/hadoop-ozone/integration-test/target/test-dir/MiniOzoneClusterImpl-e79b0a94-dba3-4ba8-a298-d2d15914ceac/datanode-2/data/ratis/f8d24024-cb87-4a49-af27-a0fda1cf6aab does not exist. Creating ...
2023-03-15 06:52:10,610 [pool-174-thread-1] INFO  storage.RaftStorageDirectory (RaftStorageDirectoryImpl.java:tryLock(231)) - Lock on /home/runner/work/ozone/ozone/hadoop-ozone/integration-test/target/test-dir/MiniOzoneClusterImpl-e79b0a94-dba3-4ba8-a298-d2d15914ceac/datanode-2/data/ratis/f8d24024-cb87-4a49-af27-a0fda1cf6aab/in_use.lock acquired by nodename 3629@fv-az210-452
2023-03-15 06:52:10,613 [pool-174-thread-1] INFO  storage.RaftStorage (RaftStorageImpl.java:format(96)) - Storage directory /home/runner/work/ozone/ozone/hadoop-ozone/integration-test/target/test-dir/MiniOzoneClusterImpl-e79b0a94-dba3-4ba8-a298-d2d15914ceac/datanode-2/data/ratis/f8d24024-cb87-4a49-af27-a0fda1cf6aab has been successfully formatted.
2023-03-15 06:52:10,614 [pool-174-thread-1] INFO  ratis.ContainerStateMachine (ContainerStateMachine.java:loadSnapshot(262)) - group-A0FDA1CF6AAB: The snapshot info is null. Setting the last applied indexto:(t:0, i:~)
2023-03-15 06:52:10,620 [pool-174-thread-1] INFO  server.RaftServerConfigKeys (ConfUtils.java:logGet(46)) - raft.server.log.use.memory = false (default)
2023-03-15 06:52:10,620 [pool-174-thread-1] INFO  server.RaftServerConfigKeys (ConfUtils.java:logGet(46)) - raft.server.log.purge.gap = 1000000 (custom)
2023-03-15 06:52:10,620 [pool-174-thread-1] INFO  server.RaftServerConfigKeys (ConfUtils.java:logGet(46)) - raft.server.log.appender.buffer.byte-limit = 33554432 (custom)
2023-03-15 06:52:10,620 [pool-174-thread-1] INFO  server.RaftServerConfigKeys (ConfUtils.java:logGet(46)) - raft.server.log.statemachine.data.read.timeout = 1000ms (default)
2023-03-15 06:52:10,620 [pool-174-thread-1] INFO  server.RaftServerConfigKeys (ConfUtils.java:logGet(46)) - raft.server.log.purge.preservation.log.num = 0 (default)
2023-03-15 06:52:10,620 [pool-174-thread-1] INFO  server.RaftServerConfigKeys (ConfUtils.java:logGet(46)) - raft.server.log.segment.size.max = 1048576 (custom)
2023-03-15 06:52:10,621 [pool-174-thread-1] INFO  server.RaftServerConfigKeys (ConfUtils.java:logGet(46)) - raft.server.log.segment.cache.num.max = 2 (custom)
2023-03-15 06:52:10,621 [pool-174-thread-1] INFO  server.RaftServerConfigKeys (ConfUtils.java:logGet(46)) - raft.server.log.segment.cache.size.max = 200MB (=209715200) (default)
2023-03-15 06:52:10,621 [pool-174-thread-1] INFO  segmented.SegmentedRaftLogWorker (SegmentedRaftLogWorker.java:<init>(189)) - new 934a7696-9971-43bd-bb95-0c074ad287bd@group-A0FDA1CF6AAB-SegmentedRaftLogWorker for RaftStorageImpl:Storage Directory /home/runner/work/ozone/ozone/hadoop-ozone/integration-test/target/test-dir/MiniOzoneClusterImpl-e79b0a94-dba3-4ba8-a298-d2d15914ceac/datanode-2/data/ratis/f8d24024-cb87-4a49-af27-a0fda1cf6aab
2023-03-15 06:52:10,621 [pool-174-thread-1] INFO  server.RaftServerConfigKeys (ConfUtils.java:logGet(46)) - raft.server.log.queue.byte-limit = 4294967296 (custom)
2023-03-15 06:52:10,621 [pool-174-thread-1] INFO  server.RaftServerConfigKeys (ConfUtils.java:logGet(46)) - raft.server.log.queue.element-limit = 1024 (custom)
2023-03-15 06:52:10,634 [pool-152-thread-1] INFO  server.RaftServer$Division (RaftServerImpl.java:<init>(195)) - f927f8e9-81c0-47cb-a281-73162d36a20e: new RaftServerImpl for group-7D445652E74A:[f927f8e9-81c0-47cb-a281-73162d36a20e|rpc:10.1.0.130:46105|dataStream:10.1.0.130:43039|priority:1|startupRole:FOLLOWER] with ContainerStateMachine:uninitialized
2023-03-15 06:52:10,641 [pool-152-thread-1] INFO  server.RaftServerConfigKeys (ConfUtils.java:logGet(46)) - raft.server.rpc.timeout.min = 5s (custom)
2023-03-15 06:52:10,641 [pool-152-thread-1] INFO  server.RaftServerConfigKeys (ConfUtils.java:logGet(46)) - raft.server.rpc.timeout.max = 5200ms (custom)
2023-03-15 06:52:10,641 [pool-152-thread-1] INFO  server.RaftServerConfigKeys (ConfUtils.java:logGet(46)) - raft.server.rpc.sleep.time = 25ms (default)
2023-03-15 06:52:10,641 [pool-152-thread-1] INFO  server.RaftServerConfigKeys (ConfUtils.java:logGet(46)) - raft.server.rpc.slowness.timeout = 300s (custom)
2023-03-15 06:52:10,641 [pool-152-thread-1] INFO  server.RaftServerConfigKeys (ConfUtils.java:logGet(46)) - raft.server.leaderelection.leader.step-down.wait-time = 10s (default)
2023-03-15 06:52:10,641 [pool-152-thread-1] INFO  server.RaftServerConfigKeys (ConfUtils.java:logGet(46)) - raft.server.sleep.deviation.threshold = 300ms (default)
2023-03-15 06:52:10,642 [pool-152-thread-1] INFO  server.RaftServer$Division (ServerState.java:<init>(118)) - f927f8e9-81c0-47cb-a281-73162d36a20e@group-7D445652E74A: ConfigurationManager, init=-1: peers:[f927f8e9-81c0-47cb-a281-73162d36a20e|rpc:10.1.0.130:46105|dataStream:10.1.0.130:43039|priority:1|startupRole:FOLLOWER]|listeners:[], old=null, confs=<EMPTY_MAP>
2023-03-15 06:52:10,642 [pool-152-thread-1] INFO  server.RaftServerConfigKeys (ConfUtils.java:logGet(46)) - raft.server.storage.dir = [/home/runner/work/ozone/ozone/hadoop-ozone/integration-test/target/test-dir/MiniOzoneClusterImpl-e79b0a94-dba3-4ba8-a298-d2d15914ceac/datanode-1/data/ratis] (custom)
2023-03-15 06:52:10,642 [pool-152-thread-1] INFO  server.RaftServerConfigKeys (ConfUtils.java:logGet(46)) - raft.server.log.corruption.policy = EXCEPTION (default)
2023-03-15 06:52:10,642 [pool-152-thread-1] INFO  server.RaftServerConfigKeys (ConfUtils.java:logGet(46)) - raft.server.storage.free-space.min = 0MB (=0) (default)
2023-03-15 06:52:10,642 [pool-152-thread-1] INFO  server.RaftServerConfigKeys (ConfUtils.java:logGet(46)) - raft.server.notification.no-leader.timeout = 300s (custom)
2023-03-15 06:52:10,642 [pool-152-thread-1] INFO  server.RaftServerConfigKeys (ConfUtils.java:logGet(46)) - raft.server.retrycache.expirytime = 600000ms (custom)
2023-03-15 06:52:10,642 [pool-152-thread-1] INFO  server.RaftServerConfigKeys (ConfUtils.java:logGet(46)) - raft.server.retrycache.statistics.expirytime = 100μs (default)
2023-03-15 06:52:10,626 [Command processor thread] INFO  server.RaftServer (RaftServerProxy.java:addNew(96)) - f927f8e9-81c0-47cb-a281-73162d36a20e: addNew group-7D445652E74A:[f927f8e9-81c0-47cb-a281-73162d36a20e|rpc:10.1.0.130:46105|dataStream:10.1.0.130:43039|priority:1|startupRole:FOLLOWER] returns group-7D445652E74A:java.util.concurrent.CompletableFuture@72fd4c79[Not completed]
2023-03-15 06:52:10,638 [pool-174-thread-1] INFO  server.RaftServerConfigKeys (ConfUtils.java:logGet(46)) - raft.server.log.segment.size.max = 1048576 (custom)
2023-03-15 06:52:10,644 [pool-174-thread-1] INFO  server.RaftServerConfigKeys (ConfUtils.java:logGet(46)) - raft.server.log.preallocated.size = 16384 (custom)
2023-03-15 06:52:10,644 [pool-174-thread-1] INFO  server.RaftServerConfigKeys (ConfUtils.java:logGet(46)) - raft.server.log.force.sync.num = 128 (default)
2023-03-15 06:52:10,644 [pool-174-thread-1] INFO  server.RaftServerConfigKeys (ConfUtils.java:logGet(46)) - raft.server.log.statemachine.data.sync = true (default)
2023-03-15 06:52:10,644 [pool-174-thread-1] INFO  server.RaftServerConfigKeys (ConfUtils.java:logGet(46)) - raft.server.log.statemachine.data.sync.timeout = 10s (default)
2023-03-15 06:52:10,644 [pool-174-thread-1] INFO  server.RaftServerConfigKeys (ConfUtils.java:logGet(46)) - raft.server.log.statemachine.data.sync.timeout.retry = -1 (default)
2023-03-15 06:52:10,645 [pool-174-thread-1] INFO  server.RaftServerConfigKeys (ConfUtils.java:logGet(46)) - raft.server.log.write.buffer.size = 1048576 (custom)
2023-03-15 06:52:10,645 [pool-174-thread-1] INFO  server.RaftServerConfigKeys (ConfUtils.java:logGet(46)) - raft.server.log.appender.buffer.byte-limit = 33554432 (custom)
2023-03-15 06:52:10,651 [pool-174-thread-1] INFO  server.RaftServerConfigKeys (ConfUtils.java:logGet(46)) - raft.server.log.unsafe-flush.enabled = false (default)
2023-03-15 06:52:10,651 [pool-152-thread-1] INFO  server.RaftServerConfigKeys (ConfUtils.java:logGet(46)) - raft.server.log.appender.install.snapshot.enabled = false (custom)
2023-03-15 06:52:10,651 [pool-174-thread-1] INFO  server.RaftServerConfigKeys (ConfUtils.java:logGet(46)) - raft.server.log.async-flush.enabled = false (default)
2023-03-15 06:52:10,651 [pool-152-thread-1] INFO  server.RaftServerConfigKeys (ConfUtils.java:logGet(46)) - raft.server.threadpool.server.cached = true (default)
2023-03-15 06:52:10,651 [pool-174-thread-1] INFO  server.RaftServerConfigKeys (ConfUtils.java:logGet(46)) - raft.server.log.statemachine.data.caching.enabled = true (custom)
2023-03-15 06:52:10,652 [pool-152-thread-1] INFO  server.RaftServerConfigKeys (ConfUtils.java:logGet(46)) - raft.server.threadpool.server.size = 0 (default)
2023-03-15 06:52:10,652 [pool-152-thread-1] INFO  server.RaftServerConfigKeys (ConfUtils.java:logGet(46)) - raft.server.threadpool.client.cached = true (default)
2023-03-15 06:52:10,652 [pool-152-thread-1] INFO  server.RaftServerConfigKeys (ConfUtils.java:logGet(46)) - raft.server.threadpool.client.size = 0 (default)
2023-03-15 06:52:10,652 [pool-174-thread-1] INFO  segmented.SegmentedRaftLogWorker (SegmentedRaftLogWorker.java:lambda$new$0(135)) - 934a7696-9971-43bd-bb95-0c074ad287bd@group-A0FDA1CF6AAB-SegmentedRaftLogWorker: flushIndex: setUnconditionally 0 -> -1
2023-03-15 06:52:10,652 [pool-174-thread-1] INFO  segmented.SegmentedRaftLogWorker (SegmentedRaftLogWorker.java:lambda$new$0(135)) - 934a7696-9971-43bd-bb95-0c074ad287bd@group-A0FDA1CF6AAB-SegmentedRaftLogWorker: safeCacheEvictIndex: setUnconditionally 0 -> -1
2023-03-15 06:52:10,652 [pool-152-thread-1] INFO  storage.RaftStorageDirectory (RaftStorageDirectoryImpl.java:analyzeStorage(137)) - The storage directory /home/runner/work/ozone/ozone/hadoop-ozone/integration-test/target/test-dir/MiniOzoneClusterImpl-e79b0a94-dba3-4ba8-a298-d2d15914ceac/datanode-1/data/ratis/a968b522-8047-4b92-8d62-7d445652e74a does not exist. Creating ...
2023-03-15 06:52:10,652 [pool-174-thread-1] INFO  server.RaftServer$Division (RaftServerImpl.java:start(334)) - 934a7696-9971-43bd-bb95-0c074ad287bd@group-A0FDA1CF6AAB: start as a follower, conf=-1: peers:[69770226-cf53-4475-8132-826a0d48d398|rpc:10.1.0.130:44475|dataStream:10.1.0.130:45667|priority:0|startupRole:FOLLOWER, 934a7696-9971-43bd-bb95-0c074ad287bd|rpc:10.1.0.130:40495|dataStream:10.1.0.130:40969|priority:0|startupRole:FOLLOWER, f927f8e9-81c0-47cb-a281-73162d36a20e|rpc:10.1.0.130:46105|dataStream:10.1.0.130:43039|priority:1|startupRole:FOLLOWER]|listeners:[], old=null
2023-03-15 06:52:10,652 [pool-174-thread-1] INFO  server.RaftServer$Division (RaftServerImpl.java:setRole(321)) - 934a7696-9971-43bd-bb95-0c074ad287bd@group-A0FDA1CF6AAB: changes role from      null to FOLLOWER at term 0 for startAsFollower
2023-03-15 06:52:10,652 [pool-174-thread-1] INFO  impl.RoleInfo (RoleInfo.java:updateAndGet(139)) - 934a7696-9971-43bd-bb95-0c074ad287bd: start 934a7696-9971-43bd-bb95-0c074ad287bd@group-A0FDA1CF6AAB-FollowerState
2023-03-15 06:52:10,653 [pool-174-thread-1] INFO  util.JmxRegister (JmxRegister.java:tryRegister(44)) - Successfully registered JMX Bean with object name Ratis:service=RaftServer,group=group-A0FDA1CF6AAB,id=934a7696-9971-43bd-bb95-0c074ad287bd
2023-03-15 06:52:10,653 [pool-174-thread-1] INFO  server.RaftServerConfigKeys (ConfUtils.java:logGet(46)) - raft.server.snapshot.auto.trigger.enabled = true (custom)
2023-03-15 06:52:10,653 [pool-174-thread-1] INFO  server.RaftServerConfigKeys (ConfUtils.java:logGet(46)) - raft.server.snapshot.auto.trigger.threshold = 10000 (custom)
2023-03-15 06:52:10,653 [pool-174-thread-1] INFO  server.RaftServerConfigKeys (ConfUtils.java:logGet(46)) - raft.server.snapshot.retention.file.num = 5 (custom)
2023-03-15 06:52:10,653 [pool-152-thread-1] INFO  storage.RaftStorageDirectory (RaftStorageDirectoryImpl.java:tryLock(231)) - Lock on /home/runner/work/ozone/ozone/hadoop-ozone/integration-test/target/test-dir/MiniOzoneClusterImpl-e79b0a94-dba3-4ba8-a298-d2d15914ceac/datanode-1/data/ratis/a968b522-8047-4b92-8d62-7d445652e74a/in_use.lock acquired by nodename 3629@fv-az210-452
2023-03-15 06:52:10,653 [pool-174-thread-1] INFO  server.RaftServerConfigKeys (ConfUtils.java:logGet(46)) - raft.server.log.purge.upto.snapshot.index = false (default)
2023-03-15 06:52:10,660 [934a7696-9971-43bd-bb95-0c074ad287bd@group-A0FDA1CF6AAB-FollowerState] INFO  server.RaftServerConfigKeys (ConfUtils.java:logFallback(53)) - raft.server.rpc.first-election.timeout.min = 5s (fallback to raft.server.rpc.timeout.min)
2023-03-15 06:52:10,661 [934a7696-9971-43bd-bb95-0c074ad287bd@group-A0FDA1CF6AAB-FollowerState] INFO  server.RaftServerConfigKeys (ConfUtils.java:logFallback(53)) - raft.server.rpc.first-election.timeout.max = 5200ms (fallback to raft.server.rpc.timeout.max)
2023-03-15 06:52:10,661 [pool-152-thread-1] INFO  storage.RaftStorage (RaftStorageImpl.java:format(96)) - Storage directory /home/runner/work/ozone/ozone/hadoop-ozone/integration-test/target/test-dir/MiniOzoneClusterImpl-e79b0a94-dba3-4ba8-a298-d2d15914ceac/datanode-1/data/ratis/a968b522-8047-4b92-8d62-7d445652e74a has been successfully formatted.
2023-03-15 06:52:10,665 [pool-152-thread-1] INFO  ratis.ContainerStateMachine (ContainerStateMachine.java:loadSnapshot(262)) - group-7D445652E74A: The snapshot info is null. Setting the last applied indexto:(t:0, i:~)
2023-03-15 06:52:10,665 [pool-152-thread-1] INFO  server.RaftServerConfigKeys (ConfUtils.java:logGet(46)) - raft.server.log.use.memory = false (default)
2023-03-15 06:52:10,665 [pool-152-thread-1] INFO  server.RaftServerConfigKeys (ConfUtils.java:logGet(46)) - raft.server.log.purge.gap = 1000000 (custom)
2023-03-15 06:52:10,665 [pool-152-thread-1] INFO  server.RaftServerConfigKeys (ConfUtils.java:logGet(46)) - raft.server.log.appender.buffer.byte-limit = 33554432 (custom)
2023-03-15 06:52:10,665 [pool-152-thread-1] INFO  server.RaftServerConfigKeys (ConfUtils.java:logGet(46)) - raft.server.log.statemachine.data.read.timeout = 1000ms (default)
2023-03-15 06:52:10,665 [pool-152-thread-1] INFO  server.RaftServerConfigKeys (ConfUtils.java:logGet(46)) - raft.server.log.purge.preservation.log.num = 0 (default)
2023-03-15 06:52:10,665 [pool-152-thread-1] INFO  server.RaftServerConfigKeys (ConfUtils.java:logGet(46)) - raft.server.log.segment.size.max = 1048576 (custom)
2023-03-15 06:52:10,666 [pool-152-thread-1] INFO  server.RaftServerConfigKeys (ConfUtils.java:logGet(46)) - raft.server.log.segment.cache.num.max = 2 (custom)
2023-03-15 06:52:10,666 [pool-152-thread-1] INFO  server.RaftServerConfigKeys (ConfUtils.java:logGet(46)) - raft.server.log.segment.cache.size.max = 200MB (=209715200) (default)
2023-03-15 06:52:10,666 [pool-152-thread-1] INFO  segmented.SegmentedRaftLogWorker (SegmentedRaftLogWorker.java:<init>(189)) - new f927f8e9-81c0-47cb-a281-73162d36a20e@group-7D445652E74A-SegmentedRaftLogWorker for RaftStorageImpl:Storage Directory /home/runner/work/ozone/ozone/hadoop-ozone/integration-test/target/test-dir/MiniOzoneClusterImpl-e79b0a94-dba3-4ba8-a298-d2d15914ceac/datanode-1/data/ratis/a968b522-8047-4b92-8d62-7d445652e74a
2023-03-15 06:52:10,666 [pool-152-thread-1] INFO  server.RaftServerConfigKeys (ConfUtils.java:logGet(46)) - raft.server.log.queue.byte-limit = 4294967296 (custom)
2023-03-15 06:52:10,666 [pool-152-thread-1] INFO  server.RaftServerConfigKeys (ConfUtils.java:logGet(46)) - raft.server.log.queue.element-limit = 1024 (custom)
2023-03-15 06:52:10,666 [pool-152-thread-1] INFO  server.RaftServerConfigKeys (ConfUtils.java:logGet(46)) - raft.server.log.segment.size.max = 1048576 (custom)
2023-03-15 06:52:10,666 [pool-152-thread-1] INFO  server.RaftServerConfigKeys (ConfUtils.java:logGet(46)) - raft.server.log.preallocated.size = 16384 (custom)
2023-03-15 06:52:10,666 [pool-152-thread-1] INFO  server.RaftServerConfigKeys (ConfUtils.java:logGet(46)) - raft.server.log.force.sync.num = 128 (default)
2023-03-15 06:52:10,666 [pool-152-thread-1] INFO  server.RaftServerConfigKeys (ConfUtils.java:logGet(46)) - raft.server.log.statemachine.data.sync = true (default)
2023-03-15 06:52:10,666 [pool-152-thread-1] INFO  server.RaftServerConfigKeys (ConfUtils.java:logGet(46)) - raft.server.log.statemachine.data.sync.timeout = 10s (default)
2023-03-15 06:52:10,666 [pool-152-thread-1] INFO  server.RaftServerConfigKeys (ConfUtils.java:logGet(46)) - raft.server.log.statemachine.data.sync.timeout.retry = -1 (default)
2023-03-15 06:52:10,667 [pool-152-thread-1] INFO  server.RaftServerConfigKeys (ConfUtils.java:logGet(46)) - raft.server.log.write.buffer.size = 1048576 (custom)
2023-03-15 06:52:10,668 [pool-152-thread-1] INFO  server.RaftServerConfigKeys (ConfUtils.java:logGet(46)) - raft.server.log.appender.buffer.byte-limit = 33554432 (custom)
2023-03-15 06:52:10,676 [pool-152-thread-1] INFO  server.RaftServerConfigKeys (ConfUtils.java:logGet(46)) - raft.server.log.unsafe-flush.enabled = false (default)
2023-03-15 06:52:10,678 [EventQueue-PipelineReportForPipelineReportHandler] INFO  pipeline.PipelineManagerImpl (PipelineManagerImpl.java:openPipeline(367)) - Pipeline Pipeline[ Id: a968b522-8047-4b92-8d62-7d445652e74a, Nodes: f927f8e9-81c0-47cb-a281-73162d36a20e(fv-az210-452.jgpbknbp5ljuxny3rrcz4t2bbd.bx.internal.cloudapp.net/10.1.0.130), ReplicationConfig: RATIS/ONE, State:ALLOCATED, leaderId:f927f8e9-81c0-47cb-a281-73162d36a20e, CreationTimestamp2023-03-15T06:52:07.629Z[Etc/UTC]] moved to OPEN state
2023-03-15 06:52:10,678 [pool-152-thread-1] INFO  server.RaftServerConfigKeys (ConfUtils.java:logGet(46)) - raft.server.log.async-flush.enabled = false (default)
2023-03-15 06:52:10,678 [pool-152-thread-1] INFO  server.RaftServerConfigKeys (ConfUtils.java:logGet(46)) - raft.server.log.statemachine.data.caching.enabled = true (custom)
2023-03-15 06:52:10,678 [EventQueue-OpenPipelineForHealthyPipelineSafeModeRule] INFO  safemode.SCMSafeModeManager (HealthyPipelineSafeModeRule.java:process(137)) - SCM in safe mode. Healthy pipelines reported count is 0, required healthy pipeline reported count is 1
2023-03-15 06:52:10,679 [pool-152-thread-1] INFO  segmented.SegmentedRaftLogWorker (SegmentedRaftLogWorker.java:lambda$new$0(135)) - f927f8e9-81c0-47cb-a281-73162d36a20e@group-7D445652E74A-SegmentedRaftLogWorker: flushIndex: setUnconditionally 0 -> -1
2023-03-15 06:52:10,679 [pool-152-thread-1] INFO  segmented.SegmentedRaftLogWorker (SegmentedRaftLogWorker.java:lambda$new$0(135)) - f927f8e9-81c0-47cb-a281-73162d36a20e@group-7D445652E74A-SegmentedRaftLogWorker: safeCacheEvictIndex: setUnconditionally 0 -> -1
2023-03-15 06:52:10,685 [pool-152-thread-1] INFO  server.RaftServer$Division (RaftServerImpl.java:start(334)) - f927f8e9-81c0-47cb-a281-73162d36a20e@group-7D445652E74A: start as a follower, conf=-1: peers:[f927f8e9-81c0-47cb-a281-73162d36a20e|rpc:10.1.0.130:46105|dataStream:10.1.0.130:43039|priority:1|startupRole:FOLLOWER]|listeners:[], old=null
2023-03-15 06:52:10,686 [pool-152-thread-1] INFO  server.RaftServer$Division (RaftServerImpl.java:setRole(321)) - f927f8e9-81c0-47cb-a281-73162d36a20e@group-7D445652E74A: changes role from      null to FOLLOWER at term 0 for startAsFollower
2023-03-15 06:52:10,686 [pool-152-thread-1] INFO  impl.RoleInfo (RoleInfo.java:updateAndGet(139)) - f927f8e9-81c0-47cb-a281-73162d36a20e: start f927f8e9-81c0-47cb-a281-73162d36a20e@group-7D445652E74A-FollowerState
2023-03-15 06:52:10,695 [pool-152-thread-1] INFO  util.JmxRegister (JmxRegister.java:tryRegister(44)) - Successfully registered JMX Bean with object name Ratis:service=RaftServer,group=group-7D445652E74A,id=f927f8e9-81c0-47cb-a281-73162d36a20e
2023-03-15 06:52:10,695 [pool-152-thread-1] INFO  server.RaftServerConfigKeys (ConfUtils.java:logGet(46)) - raft.server.snapshot.auto.trigger.enabled = true (custom)
2023-03-15 06:52:10,696 [pool-152-thread-1] INFO  server.RaftServerConfigKeys (ConfUtils.java:logGet(46)) - raft.server.snapshot.auto.trigger.threshold = 10000 (custom)
2023-03-15 06:52:10,696 [pool-152-thread-1] INFO  server.RaftServerConfigKeys (ConfUtils.java:logGet(46)) - raft.server.snapshot.retention.file.num = 5 (custom)
2023-03-15 06:52:10,696 [pool-152-thread-1] INFO  server.RaftServerConfigKeys (ConfUtils.java:logGet(46)) - raft.server.log.purge.upto.snapshot.index = false (default)
2023-03-15 06:52:10,697 [f927f8e9-81c0-47cb-a281-73162d36a20e@group-7D445652E74A-FollowerState] INFO  server.RaftServerConfigKeys (ConfUtils.java:logFallback(53)) - raft.server.rpc.first-election.timeout.min = 5s (fallback to raft.server.rpc.timeout.min)
2023-03-15 06:52:10,697 [f927f8e9-81c0-47cb-a281-73162d36a20e@group-7D445652E74A-FollowerState] INFO  server.RaftServerConfigKeys (ConfUtils.java:logFallback(53)) - raft.server.rpc.first-election.timeout.max = 5200ms (fallback to raft.server.rpc.timeout.max)
2023-03-15 06:52:10,698 [Command processor thread] INFO  ratis.XceiverServerRatis (XceiverServerRatis.java:addGroup(807)) - Created group PipelineID=a968b522-8047-4b92-8d62-7d445652e74a
2023-03-15 06:52:10,698 [Command processor thread] INFO  commandhandler.CreatePipelineCommandHandler (CreatePipelineCommandHandler.java:handle(113)) - Created Pipeline RATIS ONE PipelineID=a968b522-8047-4b92-8d62-7d445652e74a.
2023-03-15 06:52:10,700 [Command processor thread] INFO  server.RaftServer (RaftServerProxy.java:addNew(96)) - f927f8e9-81c0-47cb-a281-73162d36a20e: addNew group-A0FDA1CF6AAB:[69770226-cf53-4475-8132-826a0d48d398|rpc:10.1.0.130:44475|dataStream:10.1.0.130:45667|priority:0|startupRole:FOLLOWER, 934a7696-9971-43bd-bb95-0c074ad287bd|rpc:10.1.0.130:40495|dataStream:10.1.0.130:40969|priority:0|startupRole:FOLLOWER, f927f8e9-81c0-47cb-a281-73162d36a20e|rpc:10.1.0.130:46105|dataStream:10.1.0.130:43039|priority:1|startupRole:FOLLOWER] returns group-A0FDA1CF6AAB:java.util.concurrent.CompletableFuture@76c2d6fe[Not completed]
2023-03-15 06:52:10,701 [pool-152-thread-1] INFO  server.RaftServer$Division (RaftServerImpl.java:<init>(195)) - f927f8e9-81c0-47cb-a281-73162d36a20e: new RaftServerImpl for group-A0FDA1CF6AAB:[69770226-cf53-4475-8132-826a0d48d398|rpc:10.1.0.130:44475|dataStream:10.1.0.130:45667|priority:0|startupRole:FOLLOWER, 934a7696-9971-43bd-bb95-0c074ad287bd|rpc:10.1.0.130:40495|dataStream:10.1.0.130:40969|priority:0|startupRole:FOLLOWER, f927f8e9-81c0-47cb-a281-73162d36a20e|rpc:10.1.0.130:46105|dataStream:10.1.0.130:43039|priority:1|startupRole:FOLLOWER] with ContainerStateMachine:uninitialized
2023-03-15 06:52:10,701 [pool-152-thread-1] INFO  server.RaftServerConfigKeys (ConfUtils.java:logGet(46)) - raft.server.rpc.timeout.min = 5s (custom)
2023-03-15 06:52:10,701 [pool-152-thread-1] INFO  server.RaftServerConfigKeys (ConfUtils.java:logGet(46)) - raft.server.rpc.timeout.max = 5200ms (custom)
2023-03-15 06:52:10,701 [pool-152-thread-1] INFO  server.RaftServerConfigKeys (ConfUtils.java:logGet(46)) - raft.server.rpc.sleep.time = 25ms (default)
2023-03-15 06:52:10,701 [pool-152-thread-1] INFO  server.RaftServerConfigKeys (ConfUtils.java:logGet(46)) - raft.server.rpc.slowness.timeout = 300s (custom)
2023-03-15 06:52:10,701 [pool-152-thread-1] INFO  server.RaftServerConfigKeys (ConfUtils.java:logGet(46)) - raft.server.leaderelection.leader.step-down.wait-time = 10s (default)
2023-03-15 06:52:10,701 [pool-152-thread-1] INFO  server.RaftServerConfigKeys (ConfUtils.java:logGet(46)) - raft.server.sleep.deviation.threshold = 300ms (default)
2023-03-15 06:52:10,701 [pool-152-thread-1] INFO  server.RaftServer$Division (ServerState.java:<init>(118)) - f927f8e9-81c0-47cb-a281-73162d36a20e@group-A0FDA1CF6AAB: ConfigurationManager, init=-1: peers:[69770226-cf53-4475-8132-826a0d48d398|rpc:10.1.0.130:44475|dataStream:10.1.0.130:45667|priority:0|startupRole:FOLLOWER, 934a7696-9971-43bd-bb95-0c074ad287bd|rpc:10.1.0.130:40495|dataStream:10.1.0.130:40969|priority:0|startupRole:FOLLOWER, f927f8e9-81c0-47cb-a281-73162d36a20e|rpc:10.1.0.130:46105|dataStream:10.1.0.130:43039|priority:1|startupRole:FOLLOWER]|listeners:[], old=null, confs=<EMPTY_MAP>
2023-03-15 06:52:10,702 [pool-152-thread-1] INFO  server.RaftServerConfigKeys (ConfUtils.java:logGet(46)) - raft.server.storage.dir = [/home/runner/work/ozone/ozone/hadoop-ozone/integration-test/target/test-dir/MiniOzoneClusterImpl-e79b0a94-dba3-4ba8-a298-d2d15914ceac/datanode-1/data/ratis] (custom)
2023-03-15 06:52:10,702 [pool-152-thread-1] INFO  server.RaftServerConfigKeys (ConfUtils.java:logGet(46)) - raft.server.log.corruption.policy = EXCEPTION (default)
2023-03-15 06:52:10,702 [pool-152-thread-1] INFO  server.RaftServerConfigKeys (ConfUtils.java:logGet(46)) - raft.server.storage.free-space.min = 0MB (=0) (default)
2023-03-15 06:52:10,703 [pool-152-thread-1] INFO  server.RaftServerConfigKeys (ConfUtils.java:logGet(46)) - raft.server.notification.no-leader.timeout = 300s (custom)
2023-03-15 06:52:10,703 [pool-152-thread-1] INFO  server.RaftServerConfigKeys (ConfUtils.java:logGet(46)) - raft.server.retrycache.expirytime = 600000ms (custom)
2023-03-15 06:52:10,703 [pool-152-thread-1] INFO  server.RaftServerConfigKeys (ConfUtils.java:logGet(46)) - raft.server.retrycache.statistics.expirytime = 100μs (default)
2023-03-15 06:52:10,704 [pool-152-thread-1] INFO  server.RaftServerConfigKeys (ConfUtils.java:logGet(46)) - raft.server.log.appender.install.snapshot.enabled = false (custom)
2023-03-15 06:52:10,704 [pool-152-thread-1] INFO  server.RaftServerConfigKeys (ConfUtils.java:logGet(46)) - raft.server.threadpool.server.cached = true (default)
2023-03-15 06:52:10,704 [pool-152-thread-1] INFO  server.RaftServerConfigKeys (ConfUtils.java:logGet(46)) - raft.server.threadpool.server.size = 0 (default)
2023-03-15 06:52:10,704 [pool-152-thread-1] INFO  server.RaftServerConfigKeys (ConfUtils.java:logGet(46)) - raft.server.threadpool.client.cached = true (default)
2023-03-15 06:52:10,704 [pool-152-thread-1] INFO  server.RaftServerConfigKeys (ConfUtils.java:logGet(46)) - raft.server.threadpool.client.size = 0 (default)
2023-03-15 06:52:10,704 [pool-152-thread-1] INFO  storage.RaftStorageDirectory (RaftStorageDirectoryImpl.java:analyzeStorage(137)) - The storage directory /home/runner/work/ozone/ozone/hadoop-ozone/integration-test/target/test-dir/MiniOzoneClusterImpl-e79b0a94-dba3-4ba8-a298-d2d15914ceac/datanode-1/data/ratis/f8d24024-cb87-4a49-af27-a0fda1cf6aab does not exist. Creating ...
2023-03-15 06:52:10,707 [pool-152-thread-1] INFO  storage.RaftStorageDirectory (RaftStorageDirectoryImpl.java:tryLock(231)) - Lock on /home/runner/work/ozone/ozone/hadoop-ozone/integration-test/target/test-dir/MiniOzoneClusterImpl-e79b0a94-dba3-4ba8-a298-d2d15914ceac/datanode-1/data/ratis/f8d24024-cb87-4a49-af27-a0fda1cf6aab/in_use.lock acquired by nodename 3629@fv-az210-452
2023-03-15 06:52:10,709 [pool-152-thread-1] INFO  storage.RaftStorage (RaftStorageImpl.java:format(96)) - Storage directory /home/runner/work/ozone/ozone/hadoop-ozone/integration-test/target/test-dir/MiniOzoneClusterImpl-e79b0a94-dba3-4ba8-a298-d2d15914ceac/datanode-1/data/ratis/f8d24024-cb87-4a49-af27-a0fda1cf6aab has been successfully formatted.
2023-03-15 06:52:10,710 [pool-152-thread-1] INFO  ratis.ContainerStateMachine (ContainerStateMachine.java:loadSnapshot(262)) - group-A0FDA1CF6AAB: The snapshot info is null. Setting the last applied indexto:(t:0, i:~)
2023-03-15 06:52:10,711 [pool-152-thread-1] INFO  server.RaftServerConfigKeys (ConfUtils.java:logGet(46)) - raft.server.log.use.memory = false (default)
2023-03-15 06:52:10,711 [pool-152-thread-1] INFO  server.RaftServerConfigKeys (ConfUtils.java:logGet(46)) - raft.server.log.purge.gap = 1000000 (custom)
2023-03-15 06:52:10,711 [pool-152-thread-1] INFO  server.RaftServerConfigKeys (ConfUtils.java:logGet(46)) - raft.server.log.appender.buffer.byte-limit = 33554432 (custom)
2023-03-15 06:52:10,711 [pool-152-thread-1] INFO  server.RaftServerConfigKeys (ConfUtils.java:logGet(46)) - raft.server.log.statemachine.data.read.timeout = 1000ms (default)
2023-03-15 06:52:10,711 [pool-152-thread-1] INFO  server.RaftServerConfigKeys (ConfUtils.java:logGet(46)) - raft.server.log.purge.preservation.log.num = 0 (default)
2023-03-15 06:52:10,715 [pool-152-thread-1] INFO  server.RaftServerConfigKeys (ConfUtils.java:logGet(46)) - raft.server.log.segment.size.max = 1048576 (custom)
2023-03-15 06:52:10,716 [pool-152-thread-1] INFO  server.RaftServerConfigKeys (ConfUtils.java:logGet(46)) - raft.server.log.segment.cache.num.max = 2 (custom)
2023-03-15 06:52:10,716 [pool-152-thread-1] INFO  server.RaftServerConfigKeys (ConfUtils.java:logGet(46)) - raft.server.log.segment.cache.size.max = 200MB (=209715200) (default)
2023-03-15 06:52:10,716 [pool-152-thread-1] INFO  segmented.SegmentedRaftLogWorker (SegmentedRaftLogWorker.java:<init>(189)) - new f927f8e9-81c0-47cb-a281-73162d36a20e@group-A0FDA1CF6AAB-SegmentedRaftLogWorker for RaftStorageImpl:Storage Directory /home/runner/work/ozone/ozone/hadoop-ozone/integration-test/target/test-dir/MiniOzoneClusterImpl-e79b0a94-dba3-4ba8-a298-d2d15914ceac/datanode-1/data/ratis/f8d24024-cb87-4a49-af27-a0fda1cf6aab
2023-03-15 06:52:10,716 [pool-152-thread-1] INFO  server.RaftServerConfigKeys (ConfUtils.java:logGet(46)) - raft.server.log.queue.byte-limit = 4294967296 (custom)
2023-03-15 06:52:10,716 [pool-152-thread-1] INFO  server.RaftServerConfigKeys (ConfUtils.java:logGet(46)) - raft.server.log.queue.element-limit = 1024 (custom)
2023-03-15 06:52:10,716 [pool-152-thread-1] INFO  server.RaftServerConfigKeys (ConfUtils.java:logGet(46)) - raft.server.log.segment.size.max = 1048576 (custom)
2023-03-15 06:52:10,716 [pool-152-thread-1] INFO  server.RaftServerConfigKeys (ConfUtils.java:logGet(46)) - raft.server.log.preallocated.size = 16384 (custom)
2023-03-15 06:52:10,716 [pool-152-thread-1] INFO  server.RaftServerConfigKeys (ConfUtils.java:logGet(46)) - raft.server.log.force.sync.num = 128 (default)
2023-03-15 06:52:10,716 [pool-152-thread-1] INFO  server.RaftServerConfigKeys (ConfUtils.java:logGet(46)) - raft.server.log.statemachine.data.sync = true (default)
2023-03-15 06:52:10,716 [pool-152-thread-1] INFO  server.RaftServerConfigKeys (ConfUtils.java:logGet(46)) - raft.server.log.statemachine.data.sync.timeout = 10s (default)
2023-03-15 06:52:10,716 [pool-152-thread-1] INFO  server.RaftServerConfigKeys (ConfUtils.java:logGet(46)) - raft.server.log.statemachine.data.sync.timeout.retry = -1 (default)
2023-03-15 06:52:10,717 [pool-152-thread-1] INFO  server.RaftServerConfigKeys (ConfUtils.java:logGet(46)) - raft.server.log.write.buffer.size = 1048576 (custom)
2023-03-15 06:52:10,718 [pool-152-thread-1] INFO  server.RaftServerConfigKeys (ConfUtils.java:logGet(46)) - raft.server.log.appender.buffer.byte-limit = 33554432 (custom)
2023-03-15 06:52:10,721 [EventQueue-OpenPipelineForHealthyPipelineSafeModeRule] INFO  safemode.SCMSafeModeManager (HealthyPipelineSafeModeRule.java:process(137)) - SCM in safe mode. Healthy pipelines reported count is 0, required healthy pipeline reported count is 1
2023-03-15 06:52:10,726 [pool-152-thread-1] INFO  server.RaftServerConfigKeys (ConfUtils.java:logGet(46)) - raft.server.log.unsafe-flush.enabled = false (default)
2023-03-15 06:52:10,726 [pool-152-thread-1] INFO  server.RaftServerConfigKeys (ConfUtils.java:logGet(46)) - raft.server.log.async-flush.enabled = false (default)
2023-03-15 06:52:10,726 [pool-152-thread-1] INFO  server.RaftServerConfigKeys (ConfUtils.java:logGet(46)) - raft.server.log.statemachine.data.caching.enabled = true (custom)
2023-03-15 06:52:10,728 [pool-152-thread-1] INFO  segmented.SegmentedRaftLogWorker (SegmentedRaftLogWorker.java:lambda$new$0(135)) - f927f8e9-81c0-47cb-a281-73162d36a20e@group-A0FDA1CF6AAB-SegmentedRaftLogWorker: flushIndex: setUnconditionally 0 -> -1
2023-03-15 06:52:10,728 [pool-152-thread-1] INFO  segmented.SegmentedRaftLogWorker (SegmentedRaftLogWorker.java:lambda$new$0(135)) - f927f8e9-81c0-47cb-a281-73162d36a20e@group-A0FDA1CF6AAB-SegmentedRaftLogWorker: safeCacheEvictIndex: setUnconditionally 0 -> -1
2023-03-15 06:52:10,728 [pool-152-thread-1] INFO  server.RaftServer$Division (RaftServerImpl.java:start(334)) - f927f8e9-81c0-47cb-a281-73162d36a20e@group-A0FDA1CF6AAB: start as a follower, conf=-1: peers:[69770226-cf53-4475-8132-826a0d48d398|rpc:10.1.0.130:44475|dataStream:10.1.0.130:45667|priority:0|startupRole:FOLLOWER, 934a7696-9971-43bd-bb95-0c074ad287bd|rpc:10.1.0.130:40495|dataStream:10.1.0.130:40969|priority:0|startupRole:FOLLOWER, f927f8e9-81c0-47cb-a281-73162d36a20e|rpc:10.1.0.130:46105|dataStream:10.1.0.130:43039|priority:1|startupRole:FOLLOWER]|listeners:[], old=null
2023-03-15 06:52:10,728 [pool-152-thread-1] INFO  server.RaftServer$Division (RaftServerImpl.java:setRole(321)) - f927f8e9-81c0-47cb-a281-73162d36a20e@group-A0FDA1CF6AAB: changes role from      null to FOLLOWER at term 0 for startAsFollower
2023-03-15 06:52:10,728 [pool-152-thread-1] INFO  impl.RoleInfo (RoleInfo.java:updateAndGet(139)) - f927f8e9-81c0-47cb-a281-73162d36a20e: start f927f8e9-81c0-47cb-a281-73162d36a20e@group-A0FDA1CF6AAB-FollowerState
2023-03-15 06:52:10,729 [pool-152-thread-1] INFO  util.JmxRegister (JmxRegister.java:tryRegister(44)) - Successfully registered JMX Bean with object name Ratis:service=RaftServer,group=group-A0FDA1CF6AAB,id=f927f8e9-81c0-47cb-a281-73162d36a20e
2023-03-15 06:52:10,729 [pool-152-thread-1] INFO  server.RaftServerConfigKeys (ConfUtils.java:logGet(46)) - raft.server.snapshot.auto.trigger.enabled = true (custom)
2023-03-15 06:52:10,729 [pool-152-thread-1] INFO  server.RaftServerConfigKeys (ConfUtils.java:logGet(46)) - raft.server.snapshot.auto.trigger.threshold = 10000 (custom)
2023-03-15 06:52:10,729 [pool-152-thread-1] INFO  server.RaftServerConfigKeys (ConfUtils.java:logGet(46)) - raft.server.snapshot.retention.file.num = 5 (custom)
2023-03-15 06:52:10,729 [pool-152-thread-1] INFO  server.RaftServerConfigKeys (ConfUtils.java:logGet(46)) - raft.server.log.purge.upto.snapshot.index = false (default)
2023-03-15 06:52:10,730 [f927f8e9-81c0-47cb-a281-73162d36a20e@group-A0FDA1CF6AAB-FollowerState] INFO  server.RaftServerConfigKeys (ConfUtils.java:logFallback(53)) - raft.server.rpc.first-election.timeout.min = 5s (fallback to raft.server.rpc.timeout.min)
2023-03-15 06:52:10,737 [f927f8e9-81c0-47cb-a281-73162d36a20e@group-A0FDA1CF6AAB-FollowerState] INFO  server.RaftServerConfigKeys (ConfUtils.java:logFallback(53)) - raft.server.rpc.first-election.timeout.max = 5200ms (fallback to raft.server.rpc.timeout.max)
2023-03-15 06:52:10,738 [Command processor thread] INFO  ratis.XceiverServerRatis (XceiverServerRatis.java:addGroup(807)) - Created group PipelineID=f8d24024-cb87-4a49-af27-a0fda1cf6aab
2023-03-15 06:52:10,808 [Command processor thread] INFO  commandhandler.CreatePipelineCommandHandler (CreatePipelineCommandHandler.java:handle(113)) - Created Pipeline RATIS THREE PipelineID=f8d24024-cb87-4a49-af27-a0fda1cf6aab.
2023-03-15 06:52:10,808 [Command processor thread] INFO  server.RaftServer (RaftServerProxy.java:addNew(96)) - 69770226-cf53-4475-8132-826a0d48d398: addNew group-BDFEFBBA6613:[69770226-cf53-4475-8132-826a0d48d398|rpc:10.1.0.130:44475|dataStream:10.1.0.130:45667|priority:0|startupRole:FOLLOWER, 934a7696-9971-43bd-bb95-0c074ad287bd|rpc:10.1.0.130:40495|dataStream:10.1.0.130:40969|priority:1|startupRole:FOLLOWER, f927f8e9-81c0-47cb-a281-73162d36a20e|rpc:10.1.0.130:46105|dataStream:10.1.0.130:43039|priority:0|startupRole:FOLLOWER] returns group-BDFEFBBA6613:java.util.concurrent.CompletableFuture@3051f94c[Not completed]
2023-03-15 06:52:10,809 [pool-130-thread-1] INFO  server.RaftServer$Division (RaftServerImpl.java:<init>(195)) - 69770226-cf53-4475-8132-826a0d48d398: new RaftServerImpl for group-BDFEFBBA6613:[69770226-cf53-4475-8132-826a0d48d398|rpc:10.1.0.130:44475|dataStream:10.1.0.130:45667|priority:0|startupRole:FOLLOWER, 934a7696-9971-43bd-bb95-0c074ad287bd|rpc:10.1.0.130:40495|dataStream:10.1.0.130:40969|priority:1|startupRole:FOLLOWER, f927f8e9-81c0-47cb-a281-73162d36a20e|rpc:10.1.0.130:46105|dataStream:10.1.0.130:43039|priority:0|startupRole:FOLLOWER] with ContainerStateMachine:uninitialized
2023-03-15 06:52:10,809 [pool-130-thread-1] INFO  server.RaftServerConfigKeys (ConfUtils.java:logGet(46)) - raft.server.rpc.timeout.min = 5s (custom)
2023-03-15 06:52:10,809 [pool-130-thread-1] INFO  server.RaftServerConfigKeys (ConfUtils.java:logGet(46)) - raft.server.rpc.timeout.max = 5200ms (custom)
2023-03-15 06:52:10,809 [pool-130-thread-1] INFO  server.RaftServerConfigKeys (ConfUtils.java:logGet(46)) - raft.server.rpc.sleep.time = 25ms (default)
2023-03-15 06:52:10,809 [pool-130-thread-1] INFO  server.RaftServerConfigKeys (ConfUtils.java:logGet(46)) - raft.server.rpc.slowness.timeout = 300s (custom)
2023-03-15 06:52:10,809 [pool-130-thread-1] INFO  server.RaftServerConfigKeys (ConfUtils.java:logGet(46)) - raft.server.leaderelection.leader.step-down.wait-time = 10s (default)
2023-03-15 06:52:10,809 [pool-130-thread-1] INFO  server.RaftServerConfigKeys (ConfUtils.java:logGet(46)) - raft.server.sleep.deviation.threshold = 300ms (default)
2023-03-15 06:52:10,810 [pool-130-thread-1] INFO  server.RaftServer$Division (ServerState.java:<init>(118)) - 69770226-cf53-4475-8132-826a0d48d398@group-BDFEFBBA6613: ConfigurationManager, init=-1: peers:[69770226-cf53-4475-8132-826a0d48d398|rpc:10.1.0.130:44475|dataStream:10.1.0.130:45667|priority:0|startupRole:FOLLOWER, 934a7696-9971-43bd-bb95-0c074ad287bd|rpc:10.1.0.130:40495|dataStream:10.1.0.130:40969|priority:1|startupRole:FOLLOWER, f927f8e9-81c0-47cb-a281-73162d36a20e|rpc:10.1.0.130:46105|dataStream:10.1.0.130:43039|priority:0|startupRole:FOLLOWER]|listeners:[], old=null, confs=<EMPTY_MAP>
2023-03-15 06:52:10,810 [pool-130-thread-1] INFO  server.RaftServerConfigKeys (ConfUtils.java:logGet(46)) - raft.server.storage.dir = [/home/runner/work/ozone/ozone/hadoop-ozone/integration-test/target/test-dir/MiniOzoneClusterImpl-e79b0a94-dba3-4ba8-a298-d2d15914ceac/datanode-0/data/ratis] (custom)
2023-03-15 06:52:10,810 [pool-130-thread-1] INFO  server.RaftServerConfigKeys (ConfUtils.java:logGet(46)) - raft.server.log.corruption.policy = EXCEPTION (default)
2023-03-15 06:52:10,810 [pool-130-thread-1] INFO  server.RaftServerConfigKeys (ConfUtils.java:logGet(46)) - raft.server.storage.free-space.min = 0MB (=0) (default)
2023-03-15 06:52:10,810 [pool-130-thread-1] INFO  server.RaftServerConfigKeys (ConfUtils.java:logGet(46)) - raft.server.notification.no-leader.timeout = 300s (custom)
2023-03-15 06:52:10,810 [pool-130-thread-1] INFO  server.RaftServerConfigKeys (ConfUtils.java:logGet(46)) - raft.server.retrycache.expirytime = 600000ms (custom)
2023-03-15 06:52:10,810 [pool-130-thread-1] INFO  server.RaftServerConfigKeys (ConfUtils.java:logGet(46)) - raft.server.retrycache.statistics.expirytime = 100μs (default)
2023-03-15 06:52:10,812 [pool-130-thread-1] INFO  server.RaftServerConfigKeys (ConfUtils.java:logGet(46)) - raft.server.log.appender.install.snapshot.enabled = false (custom)
2023-03-15 06:52:10,812 [pool-130-thread-1] INFO  server.RaftServerConfigKeys (ConfUtils.java:logGet(46)) - raft.server.threadpool.server.cached = true (default)
2023-03-15 06:52:10,812 [pool-130-thread-1] INFO  server.RaftServerConfigKeys (ConfUtils.java:logGet(46)) - raft.server.threadpool.server.size = 0 (default)
2023-03-15 06:52:10,812 [pool-130-thread-1] INFO  server.RaftServerConfigKeys (ConfUtils.java:logGet(46)) - raft.server.threadpool.client.cached = true (default)
2023-03-15 06:52:10,812 [pool-130-thread-1] INFO  server.RaftServerConfigKeys (ConfUtils.java:logGet(46)) - raft.server.threadpool.client.size = 0 (default)
2023-03-15 06:52:10,812 [pool-130-thread-1] INFO  storage.RaftStorageDirectory (RaftStorageDirectoryImpl.java:analyzeStorage(137)) - The storage directory /home/runner/work/ozone/ozone/hadoop-ozone/integration-test/target/test-dir/MiniOzoneClusterImpl-e79b0a94-dba3-4ba8-a298-d2d15914ceac/datanode-0/data/ratis/0ed72603-e41a-43d8-a161-bdfefbba6613 does not exist. Creating ...
2023-03-15 06:52:10,813 [pool-130-thread-1] INFO  storage.RaftStorageDirectory (RaftStorageDirectoryImpl.java:tryLock(231)) - Lock on /home/runner/work/ozone/ozone/hadoop-ozone/integration-test/target/test-dir/MiniOzoneClusterImpl-e79b0a94-dba3-4ba8-a298-d2d15914ceac/datanode-0/data/ratis/0ed72603-e41a-43d8-a161-bdfefbba6613/in_use.lock acquired by nodename 3629@fv-az210-452
2023-03-15 06:52:10,815 [pool-130-thread-1] INFO  storage.RaftStorage (RaftStorageImpl.java:format(96)) - Storage directory /home/runner/work/ozone/ozone/hadoop-ozone/integration-test/target/test-dir/MiniOzoneClusterImpl-e79b0a94-dba3-4ba8-a298-d2d15914ceac/datanode-0/data/ratis/0ed72603-e41a-43d8-a161-bdfefbba6613 has been successfully formatted.
2023-03-15 06:52:10,816 [pool-130-thread-1] INFO  ratis.ContainerStateMachine (ContainerStateMachine.java:loadSnapshot(262)) - group-BDFEFBBA6613: The snapshot info is null. Setting the last applied indexto:(t:0, i:~)
2023-03-15 06:52:10,816 [pool-130-thread-1] INFO  server.RaftServerConfigKeys (ConfUtils.java:logGet(46)) - raft.server.log.use.memory = false (default)
2023-03-15 06:52:10,816 [pool-130-thread-1] INFO  server.RaftServerConfigKeys (ConfUtils.java:logGet(46)) - raft.server.log.purge.gap = 1000000 (custom)
2023-03-15 06:52:10,816 [pool-130-thread-1] INFO  server.RaftServerConfigKeys (ConfUtils.java:logGet(46)) - raft.server.log.appender.buffer.byte-limit = 33554432 (custom)
2023-03-15 06:52:10,817 [pool-130-thread-1] INFO  server.RaftServerConfigKeys (ConfUtils.java:logGet(46)) - raft.server.log.statemachine.data.read.timeout = 1000ms (default)
2023-03-15 06:52:10,819 [EventQueue-OpenPipelineForHealthyPipelineSafeModeRule] INFO  safemode.SCMSafeModeManager (HealthyPipelineSafeModeRule.java:process(137)) - SCM in safe mode. Healthy pipelines reported count is 0, required healthy pipeline reported count is 1
2023-03-15 06:52:10,826 [pool-130-thread-1] INFO  server.RaftServerConfigKeys (ConfUtils.java:logGet(46)) - raft.server.log.purge.preservation.log.num = 0 (default)
2023-03-15 06:52:10,828 [pool-130-thread-1] INFO  server.RaftServerConfigKeys (ConfUtils.java:logGet(46)) - raft.server.log.segment.size.max = 1048576 (custom)
2023-03-15 06:52:10,828 [pool-130-thread-1] INFO  server.RaftServerConfigKeys (ConfUtils.java:logGet(46)) - raft.server.log.segment.cache.num.max = 2 (custom)
2023-03-15 06:52:10,828 [pool-130-thread-1] INFO  server.RaftServerConfigKeys (ConfUtils.java:logGet(46)) - raft.server.log.segment.cache.size.max = 200MB (=209715200) (default)
2023-03-15 06:52:10,828 [pool-130-thread-1] INFO  segmented.SegmentedRaftLogWorker (SegmentedRaftLogWorker.java:<init>(189)) - new 69770226-cf53-4475-8132-826a0d48d398@group-BDFEFBBA6613-SegmentedRaftLogWorker for RaftStorageImpl:Storage Directory /home/runner/work/ozone/ozone/hadoop-ozone/integration-test/target/test-dir/MiniOzoneClusterImpl-e79b0a94-dba3-4ba8-a298-d2d15914ceac/datanode-0/data/ratis/0ed72603-e41a-43d8-a161-bdfefbba6613
2023-03-15 06:52:10,828 [pool-130-thread-1] INFO  server.RaftServerConfigKeys (ConfUtils.java:logGet(46)) - raft.server.log.queue.byte-limit = 4294967296 (custom)
2023-03-15 06:52:10,832 [pool-130-thread-1] INFO  server.RaftServerConfigKeys (ConfUtils.java:logGet(46)) - raft.server.log.queue.element-limit = 1024 (custom)
2023-03-15 06:52:10,833 [pool-130-thread-1] INFO  server.RaftServerConfigKeys (ConfUtils.java:logGet(46)) - raft.server.log.segment.size.max = 1048576 (custom)
2023-03-15 06:52:10,834 [pool-130-thread-1] INFO  server.RaftServerConfigKeys (ConfUtils.java:logGet(46)) - raft.server.log.preallocated.size = 16384 (custom)
2023-03-15 06:52:10,835 [pool-130-thread-1] INFO  server.RaftServerConfigKeys (ConfUtils.java:logGet(46)) - raft.server.log.force.sync.num = 128 (default)
2023-03-15 06:52:10,835 [pool-130-thread-1] INFO  server.RaftServerConfigKeys (ConfUtils.java:logGet(46)) - raft.server.log.statemachine.data.sync = true (default)
2023-03-15 06:52:10,836 [pool-130-thread-1] INFO  server.RaftServerConfigKeys (ConfUtils.java:logGet(46)) - raft.server.log.statemachine.data.sync.timeout = 10s (default)
2023-03-15 06:52:10,836 [Command processor thread] INFO  commandhandler.CreatePipelineCommandHandler (CreatePipelineCommandHandler.java:handle(113)) - Created Pipeline RATIS THREE PipelineID=f8d24024-cb87-4a49-af27-a0fda1cf6aab.
2023-03-15 06:52:10,837 [Command processor thread] INFO  server.RaftServer (RaftServerProxy.java:addNew(96)) - f927f8e9-81c0-47cb-a281-73162d36a20e: addNew group-BDFEFBBA6613:[69770226-cf53-4475-8132-826a0d48d398|rpc:10.1.0.130:44475|dataStream:10.1.0.130:45667|priority:0|startupRole:FOLLOWER, 934a7696-9971-43bd-bb95-0c074ad287bd|rpc:10.1.0.130:40495|dataStream:10.1.0.130:40969|priority:1|startupRole:FOLLOWER, f927f8e9-81c0-47cb-a281-73162d36a20e|rpc:10.1.0.130:46105|dataStream:10.1.0.130:43039|priority:0|startupRole:FOLLOWER] returns group-BDFEFBBA6613:java.util.concurrent.CompletableFuture@3da21626[Not completed]
2023-03-15 06:52:10,838 [pool-152-thread-1] INFO  server.RaftServer$Division (RaftServerImpl.java:<init>(195)) - f927f8e9-81c0-47cb-a281-73162d36a20e: new RaftServerImpl for group-BDFEFBBA6613:[69770226-cf53-4475-8132-826a0d48d398|rpc:10.1.0.130:44475|dataStream:10.1.0.130:45667|priority:0|startupRole:FOLLOWER, 934a7696-9971-43bd-bb95-0c074ad287bd|rpc:10.1.0.130:40495|dataStream:10.1.0.130:40969|priority:1|startupRole:FOLLOWER, f927f8e9-81c0-47cb-a281-73162d36a20e|rpc:10.1.0.130:46105|dataStream:10.1.0.130:43039|priority:0|startupRole:FOLLOWER] with ContainerStateMachine:uninitialized
2023-03-15 06:52:10,838 [pool-152-thread-1] INFO  server.RaftServerConfigKeys (ConfUtils.java:logGet(46)) - raft.server.rpc.timeout.min = 5s (custom)
2023-03-15 06:52:10,838 [pool-152-thread-1] INFO  server.RaftServerConfigKeys (ConfUtils.java:logGet(46)) - raft.server.rpc.timeout.max = 5200ms (custom)
2023-03-15 06:52:10,838 [pool-152-thread-1] INFO  server.RaftServerConfigKeys (ConfUtils.java:logGet(46)) - raft.server.rpc.sleep.time = 25ms (default)
2023-03-15 06:52:10,838 [pool-152-thread-1] INFO  server.RaftServerConfigKeys (ConfUtils.java:logGet(46)) - raft.server.rpc.slowness.timeout = 300s (custom)
2023-03-15 06:52:10,838 [pool-152-thread-1] INFO  server.RaftServerConfigKeys (ConfUtils.java:logGet(46)) - raft.server.leaderelection.leader.step-down.wait-time = 10s (default)
2023-03-15 06:52:10,838 [pool-152-thread-1] INFO  server.RaftServerConfigKeys (ConfUtils.java:logGet(46)) - raft.server.sleep.deviation.threshold = 300ms (default)
2023-03-15 06:52:10,838 [pool-152-thread-1] INFO  server.RaftServer$Division (ServerState.java:<init>(118)) - f927f8e9-81c0-47cb-a281-73162d36a20e@group-BDFEFBBA6613: ConfigurationManager, init=-1: peers:[69770226-cf53-4475-8132-826a0d48d398|rpc:10.1.0.130:44475|dataStream:10.1.0.130:45667|priority:0|startupRole:FOLLOWER, 934a7696-9971-43bd-bb95-0c074ad287bd|rpc:10.1.0.130:40495|dataStream:10.1.0.130:40969|priority:1|startupRole:FOLLOWER, f927f8e9-81c0-47cb-a281-73162d36a20e|rpc:10.1.0.130:46105|dataStream:10.1.0.130:43039|priority:0|startupRole:FOLLOWER]|listeners:[], old=null, confs=<EMPTY_MAP>
2023-03-15 06:52:10,838 [pool-152-thread-1] INFO  server.RaftServerConfigKeys (ConfUtils.java:logGet(46)) - raft.server.storage.dir = [/home/runner/work/ozone/ozone/hadoop-ozone/integration-test/target/test-dir/MiniOzoneClusterImpl-e79b0a94-dba3-4ba8-a298-d2d15914ceac/datanode-1/data/ratis] (custom)
2023-03-15 06:52:10,838 [pool-152-thread-1] INFO  server.RaftServerConfigKeys (ConfUtils.java:logGet(46)) - raft.server.log.corruption.policy = EXCEPTION (default)
2023-03-15 06:52:10,838 [pool-152-thread-1] INFO  server.RaftServerConfigKeys (ConfUtils.java:logGet(46)) - raft.server.storage.free-space.min = 0MB (=0) (default)
2023-03-15 06:52:10,839 [pool-152-thread-1] INFO  server.RaftServerConfigKeys (ConfUtils.java:logGet(46)) - raft.server.notification.no-leader.timeout = 300s (custom)
2023-03-15 06:52:10,839 [pool-152-thread-1] INFO  server.RaftServerConfigKeys (ConfUtils.java:logGet(46)) - raft.server.retrycache.expirytime = 600000ms (custom)
2023-03-15 06:52:10,839 [pool-152-thread-1] INFO  server.RaftServerConfigKeys (ConfUtils.java:logGet(46)) - raft.server.retrycache.statistics.expirytime = 100μs (default)
2023-03-15 06:52:10,840 [pool-152-thread-1] INFO  server.RaftServerConfigKeys (ConfUtils.java:logGet(46)) - raft.server.log.appender.install.snapshot.enabled = false (custom)
2023-03-15 06:52:10,840 [pool-152-thread-1] INFO  server.RaftServerConfigKeys (ConfUtils.java:logGet(46)) - raft.server.threadpool.server.cached = true (default)
2023-03-15 06:52:10,840 [pool-152-thread-1] INFO  server.RaftServerConfigKeys (ConfUtils.java:logGet(46)) - raft.server.threadpool.server.size = 0 (default)
2023-03-15 06:52:10,840 [pool-152-thread-1] INFO  server.RaftServerConfigKeys (ConfUtils.java:logGet(46)) - raft.server.threadpool.client.cached = true (default)
2023-03-15 06:52:10,840 [pool-152-thread-1] INFO  server.RaftServerConfigKeys (ConfUtils.java:logGet(46)) - raft.server.threadpool.client.size = 0 (default)
2023-03-15 06:52:10,840 [pool-152-thread-1] INFO  storage.RaftStorageDirectory (RaftStorageDirectoryImpl.java:analyzeStorage(137)) - The storage directory /home/runner/work/ozone/ozone/hadoop-ozone/integration-test/target/test-dir/MiniOzoneClusterImpl-e79b0a94-dba3-4ba8-a298-d2d15914ceac/datanode-1/data/ratis/0ed72603-e41a-43d8-a161-bdfefbba6613 does not exist. Creating ...
2023-03-15 06:52:10,840 [pool-130-thread-1] INFO  server.RaftServerConfigKeys (ConfUtils.java:logGet(46)) - raft.server.log.statemachine.data.sync.timeout.retry = -1 (default)
2023-03-15 06:52:10,841 [pool-152-thread-1] INFO  storage.RaftStorageDirectory (RaftStorageDirectoryImpl.java:tryLock(231)) - Lock on /home/runner/work/ozone/ozone/hadoop-ozone/integration-test/target/test-dir/MiniOzoneClusterImpl-e79b0a94-dba3-4ba8-a298-d2d15914ceac/datanode-1/data/ratis/0ed72603-e41a-43d8-a161-bdfefbba6613/in_use.lock acquired by nodename 3629@fv-az210-452
2023-03-15 06:52:10,842 [pool-130-thread-1] INFO  server.RaftServerConfigKeys (ConfUtils.java:logGet(46)) - raft.server.log.write.buffer.size = 1048576 (custom)
2023-03-15 06:52:10,842 [pool-130-thread-1] INFO  server.RaftServerConfigKeys (ConfUtils.java:logGet(46)) - raft.server.log.appender.buffer.byte-limit = 33554432 (custom)
2023-03-15 06:52:10,842 [pool-152-thread-1] INFO  storage.RaftStorage (RaftStorageImpl.java:format(96)) - Storage directory /home/runner/work/ozone/ozone/hadoop-ozone/integration-test/target/test-dir/MiniOzoneClusterImpl-e79b0a94-dba3-4ba8-a298-d2d15914ceac/datanode-1/data/ratis/0ed72603-e41a-43d8-a161-bdfefbba6613 has been successfully formatted.
2023-03-15 06:52:10,843 [pool-152-thread-1] INFO  ratis.ContainerStateMachine (ContainerStateMachine.java:loadSnapshot(262)) - group-BDFEFBBA6613: The snapshot info is null. Setting the last applied indexto:(t:0, i:~)
2023-03-15 06:52:10,843 [pool-152-thread-1] INFO  server.RaftServerConfigKeys (ConfUtils.java:logGet(46)) - raft.server.log.use.memory = false (default)
2023-03-15 06:52:10,843 [pool-152-thread-1] INFO  server.RaftServerConfigKeys (ConfUtils.java:logGet(46)) - raft.server.log.purge.gap = 1000000 (custom)
2023-03-15 06:52:10,843 [pool-152-thread-1] INFO  server.RaftServerConfigKeys (ConfUtils.java:logGet(46)) - raft.server.log.appender.buffer.byte-limit = 33554432 (custom)
2023-03-15 06:52:10,843 [pool-152-thread-1] INFO  server.RaftServerConfigKeys (ConfUtils.java:logGet(46)) - raft.server.log.statemachine.data.read.timeout = 1000ms (default)
2023-03-15 06:52:10,843 [pool-152-thread-1] INFO  server.RaftServerConfigKeys (ConfUtils.java:logGet(46)) - raft.server.log.purge.preservation.log.num = 0 (default)
2023-03-15 06:52:10,843 [pool-152-thread-1] INFO  server.RaftServerConfigKeys (ConfUtils.java:logGet(46)) - raft.server.log.segment.size.max = 1048576 (custom)
2023-03-15 06:52:10,849 [pool-130-thread-1] INFO  server.RaftServerConfigKeys (ConfUtils.java:logGet(46)) - raft.server.log.unsafe-flush.enabled = false (default)
2023-03-15 06:52:10,849 [pool-130-thread-1] INFO  server.RaftServerConfigKeys (ConfUtils.java:logGet(46)) - raft.server.log.async-flush.enabled = false (default)
2023-03-15 06:52:10,850 [pool-130-thread-1] INFO  server.RaftServerConfigKeys (ConfUtils.java:logGet(46)) - raft.server.log.statemachine.data.caching.enabled = true (custom)
2023-03-15 06:52:10,850 [pool-130-thread-1] INFO  segmented.SegmentedRaftLogWorker (SegmentedRaftLogWorker.java:lambda$new$0(135)) - 69770226-cf53-4475-8132-826a0d48d398@group-BDFEFBBA6613-SegmentedRaftLogWorker: flushIndex: setUnconditionally 0 -> -1
2023-03-15 06:52:10,849 [pool-152-thread-1] INFO  server.RaftServerConfigKeys (ConfUtils.java:logGet(46)) - raft.server.log.segment.cache.num.max = 2 (custom)
2023-03-15 06:52:10,850 [EventQueue-OpenPipelineForHealthyPipelineSafeModeRule] INFO  safemode.SCMSafeModeManager (HealthyPipelineSafeModeRule.java:process(137)) - SCM in safe mode. Healthy pipelines reported count is 0, required healthy pipeline reported count is 1
2023-03-15 06:52:10,851 [pool-130-thread-1] INFO  segmented.SegmentedRaftLogWorker (SegmentedRaftLogWorker.java:lambda$new$0(135)) - 69770226-cf53-4475-8132-826a0d48d398@group-BDFEFBBA6613-SegmentedRaftLogWorker: safeCacheEvictIndex: setUnconditionally 0 -> -1
2023-03-15 06:52:10,851 [pool-152-thread-1] INFO  server.RaftServerConfigKeys (ConfUtils.java:logGet(46)) - raft.server.log.segment.cache.size.max = 200MB (=209715200) (default)
2023-03-15 06:52:10,851 [pool-152-thread-1] INFO  segmented.SegmentedRaftLogWorker (SegmentedRaftLogWorker.java:<init>(189)) - new f927f8e9-81c0-47cb-a281-73162d36a20e@group-BDFEFBBA6613-SegmentedRaftLogWorker for RaftStorageImpl:Storage Directory /home/runner/work/ozone/ozone/hadoop-ozone/integration-test/target/test-dir/MiniOzoneClusterImpl-e79b0a94-dba3-4ba8-a298-d2d15914ceac/datanode-1/data/ratis/0ed72603-e41a-43d8-a161-bdfefbba6613
2023-03-15 06:52:10,851 [pool-152-thread-1] INFO  server.RaftServerConfigKeys (ConfUtils.java:logGet(46)) - raft.server.log.queue.byte-limit = 4294967296 (custom)
2023-03-15 06:52:10,851 [pool-152-thread-1] INFO  server.RaftServerConfigKeys (ConfUtils.java:logGet(46)) - raft.server.log.queue.element-limit = 1024 (custom)
2023-03-15 06:52:10,851 [pool-152-thread-1] INFO  server.RaftServerConfigKeys (ConfUtils.java:logGet(46)) - raft.server.log.segment.size.max = 1048576 (custom)
2023-03-15 06:52:10,851 [pool-152-thread-1] INFO  server.RaftServerConfigKeys (ConfUtils.java:logGet(46)) - raft.server.log.preallocated.size = 16384 (custom)
2023-03-15 06:52:10,851 [pool-152-thread-1] INFO  server.RaftServerConfigKeys (ConfUtils.java:logGet(46)) - raft.server.log.force.sync.num = 128 (default)
2023-03-15 06:52:10,851 [pool-152-thread-1] INFO  server.RaftServerConfigKeys (ConfUtils.java:logGet(46)) - raft.server.log.statemachine.data.sync = true (default)
2023-03-15 06:52:10,851 [pool-152-thread-1] INFO  server.RaftServerConfigKeys (ConfUtils.java:logGet(46)) - raft.server.log.statemachine.data.sync.timeout = 10s (default)
2023-03-15 06:52:10,852 [pool-152-thread-1] INFO  server.RaftServerConfigKeys (ConfUtils.java:logGet(46)) - raft.server.log.statemachine.data.sync.timeout.retry = -1 (default)
2023-03-15 06:52:10,852 [pool-152-thread-1] INFO  server.RaftServerConfigKeys (ConfUtils.java:logGet(46)) - raft.server.log.write.buffer.size = 1048576 (custom)
2023-03-15 06:52:10,853 [pool-152-thread-1] INFO  server.RaftServerConfigKeys (ConfUtils.java:logGet(46)) - raft.server.log.appender.buffer.byte-limit = 33554432 (custom)
2023-03-15 06:52:10,857 [pool-130-thread-1] INFO  server.RaftServer$Division (RaftServerImpl.java:start(334)) - 69770226-cf53-4475-8132-826a0d48d398@group-BDFEFBBA6613: start as a follower, conf=-1: peers:[69770226-cf53-4475-8132-826a0d48d398|rpc:10.1.0.130:44475|dataStream:10.1.0.130:45667|priority:0|startupRole:FOLLOWER, 934a7696-9971-43bd-bb95-0c074ad287bd|rpc:10.1.0.130:40495|dataStream:10.1.0.130:40969|priority:1|startupRole:FOLLOWER, f927f8e9-81c0-47cb-a281-73162d36a20e|rpc:10.1.0.130:46105|dataStream:10.1.0.130:43039|priority:0|startupRole:FOLLOWER]|listeners:[], old=null
2023-03-15 06:52:10,857 [pool-130-thread-1] INFO  server.RaftServer$Division (RaftServerImpl.java:setRole(321)) - 69770226-cf53-4475-8132-826a0d48d398@group-BDFEFBBA6613: changes role from      null to FOLLOWER at term 0 for startAsFollower
2023-03-15 06:52:10,858 [pool-130-thread-1] INFO  impl.RoleInfo (RoleInfo.java:updateAndGet(139)) - 69770226-cf53-4475-8132-826a0d48d398: start 69770226-cf53-4475-8132-826a0d48d398@group-BDFEFBBA6613-FollowerState
2023-03-15 06:52:10,861 [pool-130-thread-1] INFO  util.JmxRegister (JmxRegister.java:tryRegister(44)) - Successfully registered JMX Bean with object name Ratis:service=RaftServer,group=group-BDFEFBBA6613,id=69770226-cf53-4475-8132-826a0d48d398
2023-03-15 06:52:10,861 [pool-130-thread-1] INFO  server.RaftServerConfigKeys (ConfUtils.java:logGet(46)) - raft.server.snapshot.auto.trigger.enabled = true (custom)
2023-03-15 06:52:10,861 [pool-130-thread-1] INFO  server.RaftServerConfigKeys (ConfUtils.java:logGet(46)) - raft.server.snapshot.auto.trigger.threshold = 10000 (custom)
2023-03-15 06:52:10,861 [pool-130-thread-1] INFO  server.RaftServerConfigKeys (ConfUtils.java:logGet(46)) - raft.server.snapshot.retention.file.num = 5 (custom)
2023-03-15 06:52:10,861 [pool-130-thread-1] INFO  server.RaftServerConfigKeys (ConfUtils.java:logGet(46)) - raft.server.log.purge.upto.snapshot.index = false (default)
2023-03-15 06:52:10,862 [69770226-cf53-4475-8132-826a0d48d398@group-BDFEFBBA6613-FollowerState] INFO  server.RaftServerConfigKeys (ConfUtils.java:logFallback(53)) - raft.server.rpc.first-election.timeout.min = 5s (fallback to raft.server.rpc.timeout.min)
2023-03-15 06:52:10,867 [69770226-cf53-4475-8132-826a0d48d398@group-BDFEFBBA6613-FollowerState] INFO  server.RaftServerConfigKeys (ConfUtils.java:logFallback(53)) - raft.server.rpc.first-election.timeout.max = 5200ms (fallback to raft.server.rpc.timeout.max)
2023-03-15 06:52:10,862 [pool-152-thread-1] INFO  server.RaftServerConfigKeys (ConfUtils.java:logGet(46)) - raft.server.log.unsafe-flush.enabled = false (default)
2023-03-15 06:52:10,867 [pool-152-thread-1] INFO  server.RaftServerConfigKeys (ConfUtils.java:logGet(46)) - raft.server.log.async-flush.enabled = false (default)
2023-03-15 06:52:10,867 [pool-152-thread-1] INFO  server.RaftServerConfigKeys (ConfUtils.java:logGet(46)) - raft.server.log.statemachine.data.caching.enabled = true (custom)
2023-03-15 06:52:10,867 [pool-152-thread-1] INFO  segmented.SegmentedRaftLogWorker (SegmentedRaftLogWorker.java:lambda$new$0(135)) - f927f8e9-81c0-47cb-a281-73162d36a20e@group-BDFEFBBA6613-SegmentedRaftLogWorker: flushIndex: setUnconditionally 0 -> -1
2023-03-15 06:52:10,867 [pool-152-thread-1] INFO  segmented.SegmentedRaftLogWorker (SegmentedRaftLogWorker.java:lambda$new$0(135)) - f927f8e9-81c0-47cb-a281-73162d36a20e@group-BDFEFBBA6613-SegmentedRaftLogWorker: safeCacheEvictIndex: setUnconditionally 0 -> -1
2023-03-15 06:52:10,867 [pool-152-thread-1] INFO  server.RaftServer$Division (RaftServerImpl.java:start(334)) - f927f8e9-81c0-47cb-a281-73162d36a20e@group-BDFEFBBA6613: start as a follower, conf=-1: peers:[69770226-cf53-4475-8132-826a0d48d398|rpc:10.1.0.130:44475|dataStream:10.1.0.130:45667|priority:0|startupRole:FOLLOWER, 934a7696-9971-43bd-bb95-0c074ad287bd|rpc:10.1.0.130:40495|dataStream:10.1.0.130:40969|priority:1|startupRole:FOLLOWER, f927f8e9-81c0-47cb-a281-73162d36a20e|rpc:10.1.0.130:46105|dataStream:10.1.0.130:43039|priority:0|startupRole:FOLLOWER]|listeners:[], old=null
2023-03-15 06:52:10,867 [pool-152-thread-1] INFO  server.RaftServer$Division (RaftServerImpl.java:setRole(321)) - f927f8e9-81c0-47cb-a281-73162d36a20e@group-BDFEFBBA6613: changes role from      null to FOLLOWER at term 0 for startAsFollower
2023-03-15 06:52:10,868 [pool-152-thread-1] INFO  impl.RoleInfo (RoleInfo.java:updateAndGet(139)) - f927f8e9-81c0-47cb-a281-73162d36a20e: start f927f8e9-81c0-47cb-a281-73162d36a20e@group-BDFEFBBA6613-FollowerState
2023-03-15 06:52:10,868 [pool-152-thread-1] INFO  util.JmxRegister (JmxRegister.java:tryRegister(44)) - Successfully registered JMX Bean with object name Ratis:service=RaftServer,group=group-BDFEFBBA6613,id=f927f8e9-81c0-47cb-a281-73162d36a20e
2023-03-15 06:52:10,868 [pool-152-thread-1] INFO  server.RaftServerConfigKeys (ConfUtils.java:logGet(46)) - raft.server.snapshot.auto.trigger.enabled = true (custom)
2023-03-15 06:52:10,868 [pool-152-thread-1] INFO  server.RaftServerConfigKeys (ConfUtils.java:logGet(46)) - raft.server.snapshot.auto.trigger.threshold = 10000 (custom)
2023-03-15 06:52:10,868 [pool-152-thread-1] INFO  server.RaftServerConfigKeys (ConfUtils.java:logGet(46)) - raft.server.snapshot.retention.file.num = 5 (custom)
2023-03-15 06:52:10,868 [pool-152-thread-1] INFO  server.RaftServerConfigKeys (ConfUtils.java:logGet(46)) - raft.server.log.purge.upto.snapshot.index = false (default)
2023-03-15 06:52:10,869 [Command processor thread] INFO  ratis.XceiverServerRatis (XceiverServerRatis.java:addGroup(807)) - Created group PipelineID=0ed72603-e41a-43d8-a161-bdfefbba6613
2023-03-15 06:52:10,875 [f927f8e9-81c0-47cb-a281-73162d36a20e@group-BDFEFBBA6613-FollowerState] INFO  server.RaftServerConfigKeys (ConfUtils.java:logFallback(53)) - raft.server.rpc.first-election.timeout.min = 5s (fallback to raft.server.rpc.timeout.min)
2023-03-15 06:52:10,875 [f927f8e9-81c0-47cb-a281-73162d36a20e@group-BDFEFBBA6613-FollowerState] INFO  server.RaftServerConfigKeys (ConfUtils.java:logFallback(53)) - raft.server.rpc.first-election.timeout.max = 5200ms (fallback to raft.server.rpc.timeout.max)
2023-03-15 06:52:10,875 [Command processor thread] INFO  ratis.XceiverServerRatis (XceiverServerRatis.java:addGroup(807)) - Created group PipelineID=0ed72603-e41a-43d8-a161-bdfefbba6613
2023-03-15 06:52:10,888 [grpc-default-executor-0] INFO  server.RaftServer (RaftServerProxy.java:addNew(96)) - 934a7696-9971-43bd-bb95-0c074ad287bd: addNew group-BDFEFBBA6613:[69770226-cf53-4475-8132-826a0d48d398|rpc:10.1.0.130:44475|dataStream:10.1.0.130:45667|priority:0|startupRole:FOLLOWER, 934a7696-9971-43bd-bb95-0c074ad287bd|rpc:10.1.0.130:40495|dataStream:10.1.0.130:40969|priority:1|startupRole:FOLLOWER, f927f8e9-81c0-47cb-a281-73162d36a20e|rpc:10.1.0.130:46105|dataStream:10.1.0.130:43039|priority:0|startupRole:FOLLOWER] returns group-BDFEFBBA6613:java.util.concurrent.CompletableFuture@3fa1d400[Not completed]
2023-03-15 06:52:10,890 [pool-174-thread-1] INFO  server.RaftServer$Division (RaftServerImpl.java:<init>(195)) - 934a7696-9971-43bd-bb95-0c074ad287bd: new RaftServerImpl for group-BDFEFBBA6613:[69770226-cf53-4475-8132-826a0d48d398|rpc:10.1.0.130:44475|dataStream:10.1.0.130:45667|priority:0|startupRole:FOLLOWER, 934a7696-9971-43bd-bb95-0c074ad287bd|rpc:10.1.0.130:40495|dataStream:10.1.0.130:40969|priority:1|startupRole:FOLLOWER, f927f8e9-81c0-47cb-a281-73162d36a20e|rpc:10.1.0.130:46105|dataStream:10.1.0.130:43039|priority:0|startupRole:FOLLOWER] with ContainerStateMachine:uninitialized
2023-03-15 06:52:10,890 [pool-174-thread-1] INFO  server.RaftServerConfigKeys (ConfUtils.java:logGet(46)) - raft.server.rpc.timeout.min = 5s (custom)
2023-03-15 06:52:10,890 [pool-174-thread-1] INFO  server.RaftServerConfigKeys (ConfUtils.java:logGet(46)) - raft.server.rpc.timeout.max = 5200ms (custom)
2023-03-15 06:52:10,890 [pool-174-thread-1] INFO  server.RaftServerConfigKeys (ConfUtils.java:logGet(46)) - raft.server.rpc.sleep.time = 25ms (default)
2023-03-15 06:52:10,890 [pool-174-thread-1] INFO  server.RaftServerConfigKeys (ConfUtils.java:logGet(46)) - raft.server.rpc.slowness.timeout = 300s (custom)
2023-03-15 06:52:10,891 [pool-174-thread-1] INFO  server.RaftServerConfigKeys (ConfUtils.java:logGet(46)) - raft.server.leaderelection.leader.step-down.wait-time = 10s (default)
2023-03-15 06:52:10,891 [pool-174-thread-1] INFO  server.RaftServerConfigKeys (ConfUtils.java:logGet(46)) - raft.server.sleep.deviation.threshold = 300ms (default)
2023-03-15 06:52:10,891 [pool-174-thread-1] INFO  server.RaftServer$Division (ServerState.java:<init>(118)) - 934a7696-9971-43bd-bb95-0c074ad287bd@group-BDFEFBBA6613: ConfigurationManager, init=-1: peers:[69770226-cf53-4475-8132-826a0d48d398|rpc:10.1.0.130:44475|dataStream:10.1.0.130:45667|priority:0|startupRole:FOLLOWER, 934a7696-9971-43bd-bb95-0c074ad287bd|rpc:10.1.0.130:40495|dataStream:10.1.0.130:40969|priority:1|startupRole:FOLLOWER, f927f8e9-81c0-47cb-a281-73162d36a20e|rpc:10.1.0.130:46105|dataStream:10.1.0.130:43039|priority:0|startupRole:FOLLOWER]|listeners:[], old=null, confs=<EMPTY_MAP>
2023-03-15 06:52:10,891 [pool-174-thread-1] INFO  server.RaftServerConfigKeys (ConfUtils.java:logGet(46)) - raft.server.storage.dir = [/home/runner/work/ozone/ozone/hadoop-ozone/integration-test/target/test-dir/MiniOzoneClusterImpl-e79b0a94-dba3-4ba8-a298-d2d15914ceac/datanode-2/data/ratis] (custom)
2023-03-15 06:52:10,891 [pool-174-thread-1] INFO  server.RaftServerConfigKeys (ConfUtils.java:logGet(46)) - raft.server.log.corruption.policy = EXCEPTION (default)
2023-03-15 06:52:10,891 [pool-174-thread-1] INFO  server.RaftServerConfigKeys (ConfUtils.java:logGet(46)) - raft.server.storage.free-space.min = 0MB (=0) (default)
2023-03-15 06:52:10,891 [pool-174-thread-1] INFO  server.RaftServerConfigKeys (ConfUtils.java:logGet(46)) - raft.server.notification.no-leader.timeout = 300s (custom)
2023-03-15 06:52:10,891 [pool-174-thread-1] INFO  server.RaftServerConfigKeys (ConfUtils.java:logGet(46)) - raft.server.retrycache.expirytime = 600000ms (custom)
2023-03-15 06:52:10,891 [pool-174-thread-1] INFO  server.RaftServerConfigKeys (ConfUtils.java:logGet(46)) - raft.server.retrycache.statistics.expirytime = 100μs (default)
2023-03-15 06:52:10,892 [pool-174-thread-1] INFO  server.RaftServerConfigKeys (ConfUtils.java:logGet(46)) - raft.server.log.appender.install.snapshot.enabled = false (custom)
2023-03-15 06:52:10,892 [pool-174-thread-1] INFO  server.RaftServerConfigKeys (ConfUtils.java:logGet(46)) - raft.server.threadpool.server.cached = true (default)
2023-03-15 06:52:10,892 [pool-174-thread-1] INFO  server.RaftServerConfigKeys (ConfUtils.java:logGet(46)) - raft.server.threadpool.server.size = 0 (default)
2023-03-15 06:52:10,892 [pool-174-thread-1] INFO  server.RaftServerConfigKeys (ConfUtils.java:logGet(46)) - raft.server.threadpool.client.cached = true (default)
2023-03-15 06:52:10,892 [pool-174-thread-1] INFO  server.RaftServerConfigKeys (ConfUtils.java:logGet(46)) - raft.server.threadpool.client.size = 0 (default)
2023-03-15 06:52:10,893 [pool-174-thread-1] INFO  storage.RaftStorageDirectory (RaftStorageDirectoryImpl.java:analyzeStorage(137)) - The storage directory /home/runner/work/ozone/ozone/hadoop-ozone/integration-test/target/test-dir/MiniOzoneClusterImpl-e79b0a94-dba3-4ba8-a298-d2d15914ceac/datanode-2/data/ratis/0ed72603-e41a-43d8-a161-bdfefbba6613 does not exist. Creating ...
2023-03-15 06:52:10,894 [pool-174-thread-1] INFO  storage.RaftStorageDirectory (RaftStorageDirectoryImpl.java:tryLock(231)) - Lock on /home/runner/work/ozone/ozone/hadoop-ozone/integration-test/target/test-dir/MiniOzoneClusterImpl-e79b0a94-dba3-4ba8-a298-d2d15914ceac/datanode-2/data/ratis/0ed72603-e41a-43d8-a161-bdfefbba6613/in_use.lock acquired by nodename 3629@fv-az210-452
2023-03-15 06:52:10,896 [pool-174-thread-1] INFO  storage.RaftStorage (RaftStorageImpl.java:format(96)) - Storage directory /home/runner/work/ozone/ozone/hadoop-ozone/integration-test/target/test-dir/MiniOzoneClusterImpl-e79b0a94-dba3-4ba8-a298-d2d15914ceac/datanode-2/data/ratis/0ed72603-e41a-43d8-a161-bdfefbba6613 has been successfully formatted.
2023-03-15 06:52:10,896 [pool-174-thread-1] INFO  ratis.ContainerStateMachine (ContainerStateMachine.java:loadSnapshot(262)) - group-BDFEFBBA6613: The snapshot info is null. Setting the last applied indexto:(t:0, i:~)
2023-03-15 06:52:10,896 [pool-174-thread-1] INFO  server.RaftServerConfigKeys (ConfUtils.java:logGet(46)) - raft.server.log.use.memory = false (default)
2023-03-15 06:52:10,896 [pool-174-thread-1] INFO  server.RaftServerConfigKeys (ConfUtils.java:logGet(46)) - raft.server.log.purge.gap = 1000000 (custom)
2023-03-15 06:52:10,896 [pool-174-thread-1] INFO  server.RaftServerConfigKeys (ConfUtils.java:logGet(46)) - raft.server.log.appender.buffer.byte-limit = 33554432 (custom)
2023-03-15 06:52:10,896 [pool-174-thread-1] INFO  server.RaftServerConfigKeys (ConfUtils.java:logGet(46)) - raft.server.log.statemachine.data.read.timeout = 1000ms (default)
2023-03-15 06:52:10,897 [pool-174-thread-1] INFO  server.RaftServerConfigKeys (ConfUtils.java:logGet(46)) - raft.server.log.purge.preservation.log.num = 0 (default)
2023-03-15 06:52:10,897 [pool-174-thread-1] INFO  server.RaftServerConfigKeys (ConfUtils.java:logGet(46)) - raft.server.log.segment.size.max = 1048576 (custom)
2023-03-15 06:52:10,898 [pool-174-thread-1] INFO  server.RaftServerConfigKeys (ConfUtils.java:logGet(46)) - raft.server.log.segment.cache.num.max = 2 (custom)
2023-03-15 06:52:10,898 [pool-174-thread-1] INFO  server.RaftServerConfigKeys (ConfUtils.java:logGet(46)) - raft.server.log.segment.cache.size.max = 200MB (=209715200) (default)
2023-03-15 06:52:10,898 [pool-174-thread-1] INFO  segmented.SegmentedRaftLogWorker (SegmentedRaftLogWorker.java:<init>(189)) - new 934a7696-9971-43bd-bb95-0c074ad287bd@group-BDFEFBBA6613-SegmentedRaftLogWorker for RaftStorageImpl:Storage Directory /home/runner/work/ozone/ozone/hadoop-ozone/integration-test/target/test-dir/MiniOzoneClusterImpl-e79b0a94-dba3-4ba8-a298-d2d15914ceac/datanode-2/data/ratis/0ed72603-e41a-43d8-a161-bdfefbba6613
2023-03-15 06:52:10,898 [pool-174-thread-1] INFO  server.RaftServerConfigKeys (ConfUtils.java:logGet(46)) - raft.server.log.queue.byte-limit = 4294967296 (custom)
2023-03-15 06:52:10,898 [pool-174-thread-1] INFO  server.RaftServerConfigKeys (ConfUtils.java:logGet(46)) - raft.server.log.queue.element-limit = 1024 (custom)
2023-03-15 06:52:10,898 [pool-174-thread-1] INFO  server.RaftServerConfigKeys (ConfUtils.java:logGet(46)) - raft.server.log.segment.size.max = 1048576 (custom)
2023-03-15 06:52:10,898 [pool-174-thread-1] INFO  server.RaftServerConfigKeys (ConfUtils.java:logGet(46)) - raft.server.log.preallocated.size = 16384 (custom)
2023-03-15 06:52:10,898 [pool-174-thread-1] INFO  server.RaftServerConfigKeys (ConfUtils.java:logGet(46)) - raft.server.log.force.sync.num = 128 (default)
2023-03-15 06:52:10,898 [pool-174-thread-1] INFO  server.RaftServerConfigKeys (ConfUtils.java:logGet(46)) - raft.server.log.statemachine.data.sync = true (default)
2023-03-15 06:52:10,898 [pool-174-thread-1] INFO  server.RaftServerConfigKeys (ConfUtils.java:logGet(46)) - raft.server.log.statemachine.data.sync.timeout = 10s (default)
2023-03-15 06:52:10,898 [pool-174-thread-1] INFO  server.RaftServerConfigKeys (ConfUtils.java:logGet(46)) - raft.server.log.statemachine.data.sync.timeout.retry = -1 (default)
2023-03-15 06:52:10,899 [pool-174-thread-1] INFO  server.RaftServerConfigKeys (ConfUtils.java:logGet(46)) - raft.server.log.write.buffer.size = 1048576 (custom)
2023-03-15 06:52:10,899 [pool-174-thread-1] INFO  server.RaftServerConfigKeys (ConfUtils.java:logGet(46)) - raft.server.log.appender.buffer.byte-limit = 33554432 (custom)
2023-03-15 06:52:10,907 [pool-174-thread-1] INFO  server.RaftServerConfigKeys (ConfUtils.java:logGet(46)) - raft.server.log.unsafe-flush.enabled = false (default)
2023-03-15 06:52:10,907 [pool-174-thread-1] INFO  server.RaftServerConfigKeys (ConfUtils.java:logGet(46)) - raft.server.log.async-flush.enabled = false (default)
2023-03-15 06:52:10,907 [pool-174-thread-1] INFO  server.RaftServerConfigKeys (ConfUtils.java:logGet(46)) - raft.server.log.statemachine.data.caching.enabled = true (custom)
2023-03-15 06:52:10,907 [pool-174-thread-1] INFO  segmented.SegmentedRaftLogWorker (SegmentedRaftLogWorker.java:lambda$new$0(135)) - 934a7696-9971-43bd-bb95-0c074ad287bd@group-BDFEFBBA6613-SegmentedRaftLogWorker: flushIndex: setUnconditionally 0 -> -1
2023-03-15 06:52:10,907 [pool-174-thread-1] INFO  segmented.SegmentedRaftLogWorker (SegmentedRaftLogWorker.java:lambda$new$0(135)) - 934a7696-9971-43bd-bb95-0c074ad287bd@group-BDFEFBBA6613-SegmentedRaftLogWorker: safeCacheEvictIndex: setUnconditionally 0 -> -1
2023-03-15 06:52:10,908 [pool-174-thread-1] INFO  server.RaftServer$Division (RaftServerImpl.java:start(334)) - 934a7696-9971-43bd-bb95-0c074ad287bd@group-BDFEFBBA6613: start as a follower, conf=-1: peers:[69770226-cf53-4475-8132-826a0d48d398|rpc:10.1.0.130:44475|dataStream:10.1.0.130:45667|priority:0|startupRole:FOLLOWER, 934a7696-9971-43bd-bb95-0c074ad287bd|rpc:10.1.0.130:40495|dataStream:10.1.0.130:40969|priority:1|startupRole:FOLLOWER, f927f8e9-81c0-47cb-a281-73162d36a20e|rpc:10.1.0.130:46105|dataStream:10.1.0.130:43039|priority:0|startupRole:FOLLOWER]|listeners:[], old=null
2023-03-15 06:52:10,908 [pool-174-thread-1] INFO  server.RaftServer$Division (RaftServerImpl.java:setRole(321)) - 934a7696-9971-43bd-bb95-0c074ad287bd@group-BDFEFBBA6613: changes role from      null to FOLLOWER at term 0 for startAsFollower
2023-03-15 06:52:10,908 [pool-174-thread-1] INFO  impl.RoleInfo (RoleInfo.java:updateAndGet(139)) - 934a7696-9971-43bd-bb95-0c074ad287bd: start 934a7696-9971-43bd-bb95-0c074ad287bd@group-BDFEFBBA6613-FollowerState
2023-03-15 06:52:10,908 [pool-174-thread-1] INFO  util.JmxRegister (JmxRegister.java:tryRegister(44)) - Successfully registered JMX Bean with object name Ratis:service=RaftServer,group=group-BDFEFBBA6613,id=934a7696-9971-43bd-bb95-0c074ad287bd
2023-03-15 06:52:10,908 [pool-174-thread-1] INFO  server.RaftServerConfigKeys (ConfUtils.java:logGet(46)) - raft.server.snapshot.auto.trigger.enabled = true (custom)
2023-03-15 06:52:10,908 [pool-174-thread-1] INFO  server.RaftServerConfigKeys (ConfUtils.java:logGet(46)) - raft.server.snapshot.auto.trigger.threshold = 10000 (custom)
2023-03-15 06:52:10,908 [pool-174-thread-1] INFO  server.RaftServerConfigKeys (ConfUtils.java:logGet(46)) - raft.server.snapshot.retention.file.num = 5 (custom)
2023-03-15 06:52:10,908 [pool-174-thread-1] INFO  server.RaftServerConfigKeys (ConfUtils.java:logGet(46)) - raft.server.log.purge.upto.snapshot.index = false (default)
2023-03-15 06:52:10,920 [934a7696-9971-43bd-bb95-0c074ad287bd@group-BDFEFBBA6613-FollowerState] INFO  server.RaftServerConfigKeys (ConfUtils.java:logFallback(53)) - raft.server.rpc.first-election.timeout.min = 5s (fallback to raft.server.rpc.timeout.min)
2023-03-15 06:52:10,931 [934a7696-9971-43bd-bb95-0c074ad287bd@group-BDFEFBBA6613-FollowerState] INFO  server.RaftServerConfigKeys (ConfUtils.java:logFallback(53)) - raft.server.rpc.first-election.timeout.max = 5200ms (fallback to raft.server.rpc.timeout.max)
2023-03-15 06:52:10,951 [Command processor thread] INFO  commandhandler.CreatePipelineCommandHandler (CreatePipelineCommandHandler.java:handle(113)) - Created Pipeline RATIS THREE PipelineID=0ed72603-e41a-43d8-a161-bdfefbba6613.
2023-03-15 06:52:10,951 [Command processor thread] INFO  commandhandler.CreatePipelineCommandHandler (CreatePipelineCommandHandler.java:handle(113)) - Created Pipeline RATIS THREE PipelineID=0ed72603-e41a-43d8-a161-bdfefbba6613.
2023-03-15 06:52:11,026 [Command processor thread] INFO  server.RaftServer (RaftServerProxy.java:addNew(96)) - 934a7696-9971-43bd-bb95-0c074ad287bd: addNew group-1655CFBDF5EF:[934a7696-9971-43bd-bb95-0c074ad287bd|rpc:10.1.0.130:40495|dataStream:10.1.0.130:40969|priority:1|startupRole:FOLLOWER] returns group-1655CFBDF5EF:java.util.concurrent.CompletableFuture@319ec574[Not completed]
2023-03-15 06:52:11,027 [pool-174-thread-1] INFO  server.RaftServer$Division (RaftServerImpl.java:<init>(195)) - 934a7696-9971-43bd-bb95-0c074ad287bd: new RaftServerImpl for group-1655CFBDF5EF:[934a7696-9971-43bd-bb95-0c074ad287bd|rpc:10.1.0.130:40495|dataStream:10.1.0.130:40969|priority:1|startupRole:FOLLOWER] with ContainerStateMachine:uninitialized
2023-03-15 06:52:11,027 [pool-174-thread-1] INFO  server.RaftServerConfigKeys (ConfUtils.java:logGet(46)) - raft.server.rpc.timeout.min = 5s (custom)
2023-03-15 06:52:11,028 [pool-174-thread-1] INFO  server.RaftServerConfigKeys (ConfUtils.java:logGet(46)) - raft.server.rpc.timeout.max = 5200ms (custom)
2023-03-15 06:52:11,028 [pool-174-thread-1] INFO  server.RaftServerConfigKeys (ConfUtils.java:logGet(46)) - raft.server.rpc.sleep.time = 25ms (default)
2023-03-15 06:52:11,028 [pool-174-thread-1] INFO  server.RaftServerConfigKeys (ConfUtils.java:logGet(46)) - raft.server.rpc.slowness.timeout = 300s (custom)
2023-03-15 06:52:11,028 [pool-174-thread-1] INFO  server.RaftServerConfigKeys (ConfUtils.java:logGet(46)) - raft.server.leaderelection.leader.step-down.wait-time = 10s (default)
2023-03-15 06:52:11,028 [pool-174-thread-1] INFO  server.RaftServerConfigKeys (ConfUtils.java:logGet(46)) - raft.server.sleep.deviation.threshold = 300ms (default)
2023-03-15 06:52:11,028 [pool-174-thread-1] INFO  server.RaftServer$Division (ServerState.java:<init>(118)) - 934a7696-9971-43bd-bb95-0c074ad287bd@group-1655CFBDF5EF: ConfigurationManager, init=-1: peers:[934a7696-9971-43bd-bb95-0c074ad287bd|rpc:10.1.0.130:40495|dataStream:10.1.0.130:40969|priority:1|startupRole:FOLLOWER]|listeners:[], old=null, confs=<EMPTY_MAP>
2023-03-15 06:52:11,028 [pool-174-thread-1] INFO  server.RaftServerConfigKeys (ConfUtils.java:logGet(46)) - raft.server.storage.dir = [/home/runner/work/ozone/ozone/hadoop-ozone/integration-test/target/test-dir/MiniOzoneClusterImpl-e79b0a94-dba3-4ba8-a298-d2d15914ceac/datanode-2/data/ratis] (custom)
2023-03-15 06:52:11,028 [pool-174-thread-1] INFO  server.RaftServerConfigKeys (ConfUtils.java:logGet(46)) - raft.server.log.corruption.policy = EXCEPTION (default)
2023-03-15 06:52:11,028 [pool-174-thread-1] INFO  server.RaftServerConfigKeys (ConfUtils.java:logGet(46)) - raft.server.storage.free-space.min = 0MB (=0) (default)
2023-03-15 06:52:11,028 [pool-174-thread-1] INFO  server.RaftServerConfigKeys (ConfUtils.java:logGet(46)) - raft.server.notification.no-leader.timeout = 300s (custom)
2023-03-15 06:52:11,028 [pool-174-thread-1] INFO  server.RaftServerConfigKeys (ConfUtils.java:logGet(46)) - raft.server.retrycache.expirytime = 600000ms (custom)
2023-03-15 06:52:11,028 [pool-174-thread-1] INFO  server.RaftServerConfigKeys (ConfUtils.java:logGet(46)) - raft.server.retrycache.statistics.expirytime = 100μs (default)
2023-03-15 06:52:11,029 [Listener at 127.0.0.1/39575] INFO  ozone.MiniOzoneClusterImpl (MiniOzoneClusterImpl.java:lambda$waitForClusterToBeReady$0(218)) - Nodes are ready. Got 3 of 3 DN Heartbeats.
2023-03-15 06:52:11,029 [Listener at 127.0.0.1/39575] INFO  ozone.MiniOzoneClusterImpl (MiniOzoneClusterImpl.java:lambda$waitForClusterToBeReady$0(221)) - Waiting for cluster to exit safe mode
2023-03-15 06:52:11,029 [Listener at 127.0.0.1/39575] INFO  ozone.MiniOzoneClusterImpl (MiniOzoneClusterImpl.java:lambda$waitForClusterToBeReady$0(223)) - SCM became leader
2023-03-15 06:52:11,031 [pool-174-thread-1] INFO  server.RaftServerConfigKeys (ConfUtils.java:logGet(46)) - raft.server.log.appender.install.snapshot.enabled = false (custom)
2023-03-15 06:52:11,031 [pool-174-thread-1] INFO  server.RaftServerConfigKeys (ConfUtils.java:logGet(46)) - raft.server.threadpool.server.cached = true (default)
2023-03-15 06:52:11,031 [pool-174-thread-1] INFO  server.RaftServerConfigKeys (ConfUtils.java:logGet(46)) - raft.server.threadpool.server.size = 0 (default)
2023-03-15 06:52:11,031 [pool-174-thread-1] INFO  server.RaftServerConfigKeys (ConfUtils.java:logGet(46)) - raft.server.threadpool.client.cached = true (default)
2023-03-15 06:52:11,031 [pool-174-thread-1] INFO  server.RaftServerConfigKeys (ConfUtils.java:logGet(46)) - raft.server.threadpool.client.size = 0 (default)
2023-03-15 06:52:11,031 [pool-174-thread-1] INFO  storage.RaftStorageDirectory (RaftStorageDirectoryImpl.java:analyzeStorage(137)) - The storage directory /home/runner/work/ozone/ozone/hadoop-ozone/integration-test/target/test-dir/MiniOzoneClusterImpl-e79b0a94-dba3-4ba8-a298-d2d15914ceac/datanode-2/data/ratis/5fc5d4d5-7bd7-4817-add5-1655cfbdf5ef does not exist. Creating ...
2023-03-15 06:52:11,033 [pool-174-thread-1] INFO  storage.RaftStorageDirectory (RaftStorageDirectoryImpl.java:tryLock(231)) - Lock on /home/runner/work/ozone/ozone/hadoop-ozone/integration-test/target/test-dir/MiniOzoneClusterImpl-e79b0a94-dba3-4ba8-a298-d2d15914ceac/datanode-2/data/ratis/5fc5d4d5-7bd7-4817-add5-1655cfbdf5ef/in_use.lock acquired by nodename 3629@fv-az210-452
2023-03-15 06:52:11,035 [pool-174-thread-1] INFO  storage.RaftStorage (RaftStorageImpl.java:format(96)) - Storage directory /home/runner/work/ozone/ozone/hadoop-ozone/integration-test/target/test-dir/MiniOzoneClusterImpl-e79b0a94-dba3-4ba8-a298-d2d15914ceac/datanode-2/data/ratis/5fc5d4d5-7bd7-4817-add5-1655cfbdf5ef has been successfully formatted.
2023-03-15 06:52:11,035 [pool-174-thread-1] INFO  ratis.ContainerStateMachine (ContainerStateMachine.java:loadSnapshot(262)) - group-1655CFBDF5EF: The snapshot info is null. Setting the last applied indexto:(t:0, i:~)
2023-03-15 06:52:11,035 [pool-174-thread-1] INFO  server.RaftServerConfigKeys (ConfUtils.java:logGet(46)) - raft.server.log.use.memory = false (default)
2023-03-15 06:52:11,035 [pool-174-thread-1] INFO  server.RaftServerConfigKeys (ConfUtils.java:logGet(46)) - raft.server.log.purge.gap = 1000000 (custom)
2023-03-15 06:52:11,035 [pool-174-thread-1] INFO  server.RaftServerConfigKeys (ConfUtils.java:logGet(46)) - raft.server.log.appender.buffer.byte-limit = 33554432 (custom)
2023-03-15 06:52:11,036 [pool-174-thread-1] INFO  server.RaftServerConfigKeys (ConfUtils.java:logGet(46)) - raft.server.log.statemachine.data.read.timeout = 1000ms (default)
2023-03-15 06:52:11,036 [pool-174-thread-1] INFO  server.RaftServerConfigKeys (ConfUtils.java:logGet(46)) - raft.server.log.purge.preservation.log.num = 0 (default)
2023-03-15 06:52:11,038 [EventQueue-PipelineReportForPipelineReportHandler] INFO  pipeline.PipelineManagerImpl (PipelineManagerImpl.java:openPipeline(367)) - Pipeline Pipeline[ Id: 5fc5d4d5-7bd7-4817-add5-1655cfbdf5ef, Nodes: 934a7696-9971-43bd-bb95-0c074ad287bd(fv-az210-452.jgpbknbp5ljuxny3rrcz4t2bbd.bx.internal.cloudapp.net/10.1.0.130), ReplicationConfig: RATIS/ONE, State:ALLOCATED, leaderId:934a7696-9971-43bd-bb95-0c074ad287bd, CreationTimestamp2023-03-15T06:52:08.033Z[Etc/UTC]] moved to OPEN state
2023-03-15 06:52:11,039 [EventQueue-OpenPipelineForHealthyPipelineSafeModeRule] INFO  safemode.SCMSafeModeManager (HealthyPipelineSafeModeRule.java:process(137)) - SCM in safe mode. Healthy pipelines reported count is 0, required healthy pipeline reported count is 1
2023-03-15 06:52:11,038 [pool-174-thread-1] INFO  server.RaftServerConfigKeys (ConfUtils.java:logGet(46)) - raft.server.log.segment.size.max = 1048576 (custom)
2023-03-15 06:52:11,039 [pool-174-thread-1] INFO  server.RaftServerConfigKeys (ConfUtils.java:logGet(46)) - raft.server.log.segment.cache.num.max = 2 (custom)
2023-03-15 06:52:11,039 [pool-174-thread-1] INFO  server.RaftServerConfigKeys (ConfUtils.java:logGet(46)) - raft.server.log.segment.cache.size.max = 200MB (=209715200) (default)
2023-03-15 06:52:11,040 [pool-174-thread-1] INFO  segmented.SegmentedRaftLogWorker (SegmentedRaftLogWorker.java:<init>(189)) - new 934a7696-9971-43bd-bb95-0c074ad287bd@group-1655CFBDF5EF-SegmentedRaftLogWorker for RaftStorageImpl:Storage Directory /home/runner/work/ozone/ozone/hadoop-ozone/integration-test/target/test-dir/MiniOzoneClusterImpl-e79b0a94-dba3-4ba8-a298-d2d15914ceac/datanode-2/data/ratis/5fc5d4d5-7bd7-4817-add5-1655cfbdf5ef
2023-03-15 06:52:11,040 [pool-174-thread-1] INFO  server.RaftServerConfigKeys (ConfUtils.java:logGet(46)) - raft.server.log.queue.byte-limit = 4294967296 (custom)
2023-03-15 06:52:11,040 [pool-174-thread-1] INFO  server.RaftServerConfigKeys (ConfUtils.java:logGet(46)) - raft.server.log.queue.element-limit = 1024 (custom)
2023-03-15 06:52:11,040 [pool-174-thread-1] INFO  server.RaftServerConfigKeys (ConfUtils.java:logGet(46)) - raft.server.log.segment.size.max = 1048576 (custom)
2023-03-15 06:52:11,040 [pool-174-thread-1] INFO  server.RaftServerConfigKeys (ConfUtils.java:logGet(46)) - raft.server.log.preallocated.size = 16384 (custom)
2023-03-15 06:52:11,040 [pool-174-thread-1] INFO  server.RaftServerConfigKeys (ConfUtils.java:logGet(46)) - raft.server.log.force.sync.num = 128 (default)
2023-03-15 06:52:11,040 [pool-174-thread-1] INFO  server.RaftServerConfigKeys (ConfUtils.java:logGet(46)) - raft.server.log.statemachine.data.sync = true (default)
2023-03-15 06:52:11,040 [pool-174-thread-1] INFO  server.RaftServerConfigKeys (ConfUtils.java:logGet(46)) - raft.server.log.statemachine.data.sync.timeout = 10s (default)
2023-03-15 06:52:11,040 [pool-174-thread-1] INFO  server.RaftServerConfigKeys (ConfUtils.java:logGet(46)) - raft.server.log.statemachine.data.sync.timeout.retry = -1 (default)
2023-03-15 06:52:11,041 [pool-174-thread-1] INFO  server.RaftServerConfigKeys (ConfUtils.java:logGet(46)) - raft.server.log.write.buffer.size = 1048576 (custom)
2023-03-15 06:52:11,041 [pool-174-thread-1] INFO  server.RaftServerConfigKeys (ConfUtils.java:logGet(46)) - raft.server.log.appender.buffer.byte-limit = 33554432 (custom)
2023-03-15 06:52:11,047 [pool-174-thread-1] INFO  server.RaftServerConfigKeys (ConfUtils.java:logGet(46)) - raft.server.log.unsafe-flush.enabled = false (default)
2023-03-15 06:52:11,047 [pool-174-thread-1] INFO  server.RaftServerConfigKeys (ConfUtils.java:logGet(46)) - raft.server.log.async-flush.enabled = false (default)
2023-03-15 06:52:11,047 [pool-174-thread-1] INFO  server.RaftServerConfigKeys (ConfUtils.java:logGet(46)) - raft.server.log.statemachine.data.caching.enabled = true (custom)
2023-03-15 06:52:11,048 [pool-174-thread-1] INFO  segmented.SegmentedRaftLogWorker (SegmentedRaftLogWorker.java:lambda$new$0(135)) - 934a7696-9971-43bd-bb95-0c074ad287bd@group-1655CFBDF5EF-SegmentedRaftLogWorker: flushIndex: setUnconditionally 0 -> -1
2023-03-15 06:52:11,048 [pool-174-thread-1] INFO  segmented.SegmentedRaftLogWorker (SegmentedRaftLogWorker.java:lambda$new$0(135)) - 934a7696-9971-43bd-bb95-0c074ad287bd@group-1655CFBDF5EF-SegmentedRaftLogWorker: safeCacheEvictIndex: setUnconditionally 0 -> -1
2023-03-15 06:52:11,048 [pool-174-thread-1] INFO  server.RaftServer$Division (RaftServerImpl.java:start(334)) - 934a7696-9971-43bd-bb95-0c074ad287bd@group-1655CFBDF5EF: start as a follower, conf=-1: peers:[934a7696-9971-43bd-bb95-0c074ad287bd|rpc:10.1.0.130:40495|dataStream:10.1.0.130:40969|priority:1|startupRole:FOLLOWER]|listeners:[], old=null
2023-03-15 06:52:11,048 [pool-174-thread-1] INFO  server.RaftServer$Division (RaftServerImpl.java:setRole(321)) - 934a7696-9971-43bd-bb95-0c074ad287bd@group-1655CFBDF5EF: changes role from      null to FOLLOWER at term 0 for startAsFollower
2023-03-15 06:52:11,048 [pool-174-thread-1] INFO  impl.RoleInfo (RoleInfo.java:updateAndGet(139)) - 934a7696-9971-43bd-bb95-0c074ad287bd: start 934a7696-9971-43bd-bb95-0c074ad287bd@group-1655CFBDF5EF-FollowerState
2023-03-15 06:52:11,049 [934a7696-9971-43bd-bb95-0c074ad287bd@group-1655CFBDF5EF-FollowerState] INFO  server.RaftServerConfigKeys (ConfUtils.java:logFallback(53)) - raft.server.rpc.first-election.timeout.min = 5s (fallback to raft.server.rpc.timeout.min)
2023-03-15 06:52:11,049 [934a7696-9971-43bd-bb95-0c074ad287bd@group-1655CFBDF5EF-FollowerState] INFO  server.RaftServerConfigKeys (ConfUtils.java:logFallback(53)) - raft.server.rpc.first-election.timeout.max = 5200ms (fallback to raft.server.rpc.timeout.max)
2023-03-15 06:52:11,049 [pool-174-thread-1] INFO  util.JmxRegister (JmxRegister.java:tryRegister(44)) - Successfully registered JMX Bean with object name Ratis:service=RaftServer,group=group-1655CFBDF5EF,id=934a7696-9971-43bd-bb95-0c074ad287bd
2023-03-15 06:52:11,050 [pool-174-thread-1] INFO  server.RaftServerConfigKeys (ConfUtils.java:logGet(46)) - raft.server.snapshot.auto.trigger.enabled = true (custom)
2023-03-15 06:52:11,050 [pool-174-thread-1] INFO  server.RaftServerConfigKeys (ConfUtils.java:logGet(46)) - raft.server.snapshot.auto.trigger.threshold = 10000 (custom)
2023-03-15 06:52:11,050 [pool-174-thread-1] INFO  server.RaftServerConfigKeys (ConfUtils.java:logGet(46)) - raft.server.snapshot.retention.file.num = 5 (custom)
2023-03-15 06:52:11,050 [pool-174-thread-1] INFO  server.RaftServerConfigKeys (ConfUtils.java:logGet(46)) - raft.server.log.purge.upto.snapshot.index = false (default)
2023-03-15 06:52:11,053 [Command processor thread] INFO  ratis.XceiverServerRatis (XceiverServerRatis.java:addGroup(807)) - Created group PipelineID=5fc5d4d5-7bd7-4817-add5-1655cfbdf5ef
2023-03-15 06:52:11,053 [Command processor thread] INFO  commandhandler.CreatePipelineCommandHandler (CreatePipelineCommandHandler.java:handle(113)) - Created Pipeline RATIS ONE PipelineID=5fc5d4d5-7bd7-4817-add5-1655cfbdf5ef.
2023-03-15 06:52:12,029 [Listener at 127.0.0.1/39575] INFO  ozone.MiniOzoneClusterImpl (MiniOzoneClusterImpl.java:lambda$waitForClusterToBeReady$0(218)) - Nodes are ready. Got 3 of 3 DN Heartbeats.
2023-03-15 06:52:12,030 [Listener at 127.0.0.1/39575] INFO  ozone.MiniOzoneClusterImpl (MiniOzoneClusterImpl.java:lambda$waitForClusterToBeReady$0(221)) - Waiting for cluster to exit safe mode
2023-03-15 06:52:12,030 [Listener at 127.0.0.1/39575] INFO  ozone.MiniOzoneClusterImpl (MiniOzoneClusterImpl.java:lambda$waitForClusterToBeReady$0(223)) - SCM became leader
2023-03-15 06:52:13,030 [Listener at 127.0.0.1/39575] INFO  ozone.MiniOzoneClusterImpl (MiniOzoneClusterImpl.java:lambda$waitForClusterToBeReady$0(218)) - Nodes are ready. Got 3 of 3 DN Heartbeats.
2023-03-15 06:52:13,030 [Listener at 127.0.0.1/39575] INFO  ozone.MiniOzoneClusterImpl (MiniOzoneClusterImpl.java:lambda$waitForClusterToBeReady$0(221)) - Waiting for cluster to exit safe mode
2023-03-15 06:52:13,030 [Listener at 127.0.0.1/39575] INFO  ozone.MiniOzoneClusterImpl (MiniOzoneClusterImpl.java:lambda$waitForClusterToBeReady$0(223)) - SCM became leader
2023-03-15 06:52:14,031 [Listener at 127.0.0.1/39575] INFO  ozone.MiniOzoneClusterImpl (MiniOzoneClusterImpl.java:lambda$waitForClusterToBeReady$0(218)) - Nodes are ready. Got 3 of 3 DN Heartbeats.
2023-03-15 06:52:14,031 [Listener at 127.0.0.1/39575] INFO  ozone.MiniOzoneClusterImpl (MiniOzoneClusterImpl.java:lambda$waitForClusterToBeReady$0(221)) - Waiting for cluster to exit safe mode
2023-03-15 06:52:14,031 [Listener at 127.0.0.1/39575] INFO  ozone.MiniOzoneClusterImpl (MiniOzoneClusterImpl.java:lambda$waitForClusterToBeReady$0(223)) - SCM became leader
2023-03-15 06:52:15,031 [Listener at 127.0.0.1/39575] INFO  ozone.MiniOzoneClusterImpl (MiniOzoneClusterImpl.java:lambda$waitForClusterToBeReady$0(218)) - Nodes are ready. Got 3 of 3 DN Heartbeats.
2023-03-15 06:52:15,032 [Listener at 127.0.0.1/39575] INFO  ozone.MiniOzoneClusterImpl (MiniOzoneClusterImpl.java:lambda$waitForClusterToBeReady$0(221)) - Waiting for cluster to exit safe mode
2023-03-15 06:52:15,032 [Listener at 127.0.0.1/39575] INFO  ozone.MiniOzoneClusterImpl (MiniOzoneClusterImpl.java:lambda$waitForClusterToBeReady$0(223)) - SCM became leader
2023-03-15 06:52:15,361 [69770226-cf53-4475-8132-826a0d48d398@group-CF8DF44AD77D-FollowerState] INFO  impl.FollowerState (FollowerState.java:run(143)) - 69770226-cf53-4475-8132-826a0d48d398@group-CF8DF44AD77D-FollowerState: change to CANDIDATE, lastRpcElapsedTime:5115351514ns, electionTimeout:5110ms
2023-03-15 06:52:15,361 [69770226-cf53-4475-8132-826a0d48d398@group-CF8DF44AD77D-FollowerState] INFO  impl.RoleInfo (RoleInfo.java:shutdownFollowerState(110)) - 69770226-cf53-4475-8132-826a0d48d398: shutdown 69770226-cf53-4475-8132-826a0d48d398@group-CF8DF44AD77D-FollowerState
2023-03-15 06:52:15,361 [69770226-cf53-4475-8132-826a0d48d398@group-CF8DF44AD77D-FollowerState] INFO  server.RaftServer$Division (RaftServerImpl.java:setRole(321)) - 69770226-cf53-4475-8132-826a0d48d398@group-CF8DF44AD77D: changes role from  FOLLOWER to CANDIDATE at term 0 for changeToCandidate
2023-03-15 06:52:15,361 [69770226-cf53-4475-8132-826a0d48d398@group-CF8DF44AD77D-FollowerState] INFO  server.RaftServerConfigKeys (ConfUtils.java:logGet(46)) - raft.server.leaderelection.pre-vote = true (default)
2023-03-15 06:52:15,361 [69770226-cf53-4475-8132-826a0d48d398@group-CF8DF44AD77D-FollowerState] INFO  impl.RoleInfo (RoleInfo.java:updateAndGet(139)) - 69770226-cf53-4475-8132-826a0d48d398: start 69770226-cf53-4475-8132-826a0d48d398@group-CF8DF44AD77D-LeaderElection2
2023-03-15 06:52:15,365 [69770226-cf53-4475-8132-826a0d48d398@group-CF8DF44AD77D-LeaderElection2] INFO  impl.LeaderElection (LeaderElection.java:askForVotes(312)) - 69770226-cf53-4475-8132-826a0d48d398@group-CF8DF44AD77D-LeaderElection2 PRE_VOTE round 0: submit vote requests at term 0 for -1: peers:[69770226-cf53-4475-8132-826a0d48d398|rpc:10.1.0.130:44475|dataStream:10.1.0.130:45667|priority:1|startupRole:FOLLOWER]|listeners:[], old=null
2023-03-15 06:52:15,365 [69770226-cf53-4475-8132-826a0d48d398@group-CF8DF44AD77D-LeaderElection2] INFO  impl.LeaderElection (LeaderElection.java:askForVotes(314)) - 69770226-cf53-4475-8132-826a0d48d398@group-CF8DF44AD77D-LeaderElection2 PRE_VOTE round 0: result PASSED (term=0)
2023-03-15 06:52:15,367 [69770226-cf53-4475-8132-826a0d48d398@group-CF8DF44AD77D-LeaderElection2] INFO  impl.LeaderElection (LeaderElection.java:askForVotes(312)) - 69770226-cf53-4475-8132-826a0d48d398@group-CF8DF44AD77D-LeaderElection2 ELECTION round 0: submit vote requests at term 1 for -1: peers:[69770226-cf53-4475-8132-826a0d48d398|rpc:10.1.0.130:44475|dataStream:10.1.0.130:45667|priority:1|startupRole:FOLLOWER]|listeners:[], old=null
2023-03-15 06:52:15,367 [69770226-cf53-4475-8132-826a0d48d398@group-CF8DF44AD77D-LeaderElection2] INFO  impl.LeaderElection (LeaderElection.java:askForVotes(314)) - 69770226-cf53-4475-8132-826a0d48d398@group-CF8DF44AD77D-LeaderElection2 ELECTION round 0: result PASSED (term=1)
2023-03-15 06:52:15,367 [69770226-cf53-4475-8132-826a0d48d398@group-CF8DF44AD77D-LeaderElection2] INFO  impl.RoleInfo (RoleInfo.java:shutdownLeaderElection(130)) - 69770226-cf53-4475-8132-826a0d48d398: shutdown 69770226-cf53-4475-8132-826a0d48d398@group-CF8DF44AD77D-LeaderElection2
2023-03-15 06:52:15,367 [69770226-cf53-4475-8132-826a0d48d398@group-CF8DF44AD77D-LeaderElection2] INFO  server.RaftServer$Division (RaftServerImpl.java:setRole(321)) - 69770226-cf53-4475-8132-826a0d48d398@group-CF8DF44AD77D: changes role from CANDIDATE to LEADER at term 1 for changeToLeader
2023-03-15 06:52:15,367 [69770226-cf53-4475-8132-826a0d48d398@group-CF8DF44AD77D-LeaderElection2] INFO  ratis.XceiverServerRatis (XceiverServerRatis.java:handleLeaderChangedNotification(905)) - Leader change notification received for group: group-CF8DF44AD77D with new leaderId: 69770226-cf53-4475-8132-826a0d48d398
2023-03-15 06:52:15,368 [69770226-cf53-4475-8132-826a0d48d398@group-CF8DF44AD77D-LeaderElection2] INFO  server.RaftServer$Division (ServerState.java:setLeader(313)) - 69770226-cf53-4475-8132-826a0d48d398@group-CF8DF44AD77D: change Leader from null to 69770226-cf53-4475-8132-826a0d48d398 at term 1 for becomeLeader, leader elected after 5148ms
2023-03-15 06:52:15,368 [69770226-cf53-4475-8132-826a0d48d398@group-CF8DF44AD77D-LeaderElection2] INFO  server.RaftServerConfigKeys (ConfUtils.java:logGet(46)) - raft.server.staging.catchup.gap = 1000 (default)
2023-03-15 06:52:15,368 [69770226-cf53-4475-8132-826a0d48d398@group-CF8DF44AD77D-LeaderElection2] INFO  server.RaftServerConfigKeys (ConfUtils.java:logGet(46)) - raft.server.write.element-limit = 1024 (custom)
2023-03-15 06:52:15,368 [69770226-cf53-4475-8132-826a0d48d398@group-CF8DF44AD77D-LeaderElection2] INFO  server.RaftServerConfigKeys (ConfUtils.java:logGet(46)) - raft.server.write.byte-limit = 1024 M (=1073741824) (custom)
2023-03-15 06:52:15,368 [69770226-cf53-4475-8132-826a0d48d398@group-CF8DF44AD77D-LeaderElection2] INFO  server.RaftServerConfigKeys (ConfUtils.java:logGet(46)) - raft.server.watch.timeout = 180s (custom)
2023-03-15 06:52:15,368 [69770226-cf53-4475-8132-826a0d48d398@group-CF8DF44AD77D-LeaderElection2] INFO  server.RaftServerConfigKeys (ConfUtils.java:logGet(46)) - raft.server.watch.timeout.denomination = 1s (default)
2023-03-15 06:52:15,368 [69770226-cf53-4475-8132-826a0d48d398@group-CF8DF44AD77D-LeaderElection2] INFO  server.RaftServerConfigKeys (ConfUtils.java:logGet(46)) - raft.server.watch.element-limit = 65536 (default)
2023-03-15 06:52:15,369 [69770226-cf53-4475-8132-826a0d48d398@group-CF8DF44AD77D-LeaderElection2] INFO  server.RaftServerConfigKeys (ConfUtils.java:logGet(46)) - raft.server.write.element-limit = 1024 (custom)
2023-03-15 06:52:15,369 [69770226-cf53-4475-8132-826a0d48d398@group-CF8DF44AD77D-LeaderElection2] INFO  server.RaftServerConfigKeys (ConfUtils.java:logGet(46)) - raft.server.write.follower.gap.ratio.max = -1.0 (default)
2023-03-15 06:52:15,369 [69770226-cf53-4475-8132-826a0d48d398@group-CF8DF44AD77D-LeaderElection2] INFO  impl.RoleInfo (RoleInfo.java:updateAndGet(139)) - 69770226-cf53-4475-8132-826a0d48d398: start 69770226-cf53-4475-8132-826a0d48d398@group-CF8DF44AD77D-LeaderStateImpl
2023-03-15 06:52:15,371 [69770226-cf53-4475-8132-826a0d48d398@group-CF8DF44AD77D-LeaderElection2] INFO  segmented.SegmentedRaftLogWorker (SegmentedRaftLogWorker.java:startLogSegment(452)) - 69770226-cf53-4475-8132-826a0d48d398@group-CF8DF44AD77D-SegmentedRaftLogWorker: Starting segment from index:0
2023-03-15 06:52:15,372 [EventQueue-OpenPipelineForHealthyPipelineSafeModeRule] INFO  safemode.SCMSafeModeManager (HealthyPipelineSafeModeRule.java:process(137)) - SCM in safe mode. Healthy pipelines reported count is 0, required healthy pipeline reported count is 1
2023-03-15 06:52:15,374 [69770226-cf53-4475-8132-826a0d48d398@group-CF8DF44AD77D-LeaderElection2] INFO  server.RaftServer$Division (ServerState.java:setRaftConf(430)) - 69770226-cf53-4475-8132-826a0d48d398@group-CF8DF44AD77D: set configuration 0: peers:[69770226-cf53-4475-8132-826a0d48d398|rpc:10.1.0.130:44475|dataStream:10.1.0.130:45667|priority:1|startupRole:FOLLOWER]|listeners:[], old=null
2023-03-15 06:52:15,375 [69770226-cf53-4475-8132-826a0d48d398@group-CF8DF44AD77D-SegmentedRaftLogWorker] INFO  segmented.SegmentedRaftLogWorker (SegmentedRaftLogWorker.java:execute(656)) - 69770226-cf53-4475-8132-826a0d48d398@group-CF8DF44AD77D-SegmentedRaftLogWorker: created new log segment /home/runner/work/ozone/ozone/hadoop-ozone/integration-test/target/test-dir/MiniOzoneClusterImpl-e79b0a94-dba3-4ba8-a298-d2d15914ceac/datanode-0/data/ratis/ec599927-ea60-4071-9e3f-cf8df44ad77d/current/log_inprogress_0
2023-03-15 06:52:15,562 [69770226-cf53-4475-8132-826a0d48d398@group-A0FDA1CF6AAB-FollowerState] INFO  impl.FollowerState (FollowerState.java:run(143)) - 69770226-cf53-4475-8132-826a0d48d398@group-A0FDA1CF6AAB-FollowerState: change to CANDIDATE, lastRpcElapsedTime:5062318538ns, electionTimeout:5042ms
2023-03-15 06:52:15,562 [69770226-cf53-4475-8132-826a0d48d398@group-A0FDA1CF6AAB-FollowerState] INFO  impl.RoleInfo (RoleInfo.java:shutdownFollowerState(110)) - 69770226-cf53-4475-8132-826a0d48d398: shutdown 69770226-cf53-4475-8132-826a0d48d398@group-A0FDA1CF6AAB-FollowerState
2023-03-15 06:52:15,562 [69770226-cf53-4475-8132-826a0d48d398@group-A0FDA1CF6AAB-FollowerState] INFO  server.RaftServer$Division (RaftServerImpl.java:setRole(321)) - 69770226-cf53-4475-8132-826a0d48d398@group-A0FDA1CF6AAB: changes role from  FOLLOWER to CANDIDATE at term 0 for changeToCandidate
2023-03-15 06:52:15,562 [69770226-cf53-4475-8132-826a0d48d398@group-A0FDA1CF6AAB-FollowerState] INFO  server.RaftServerConfigKeys (ConfUtils.java:logGet(46)) - raft.server.leaderelection.pre-vote = true (default)
2023-03-15 06:52:15,562 [69770226-cf53-4475-8132-826a0d48d398@group-A0FDA1CF6AAB-FollowerState] INFO  impl.RoleInfo (RoleInfo.java:updateAndGet(139)) - 69770226-cf53-4475-8132-826a0d48d398: start 69770226-cf53-4475-8132-826a0d48d398@group-A0FDA1CF6AAB-LeaderElection3
2023-03-15 06:52:15,565 [69770226-cf53-4475-8132-826a0d48d398@group-A0FDA1CF6AAB-LeaderElection3] INFO  impl.LeaderElection (LeaderElection.java:askForVotes(312)) - 69770226-cf53-4475-8132-826a0d48d398@group-A0FDA1CF6AAB-LeaderElection3 PRE_VOTE round 0: submit vote requests at term 0 for -1: peers:[69770226-cf53-4475-8132-826a0d48d398|rpc:10.1.0.130:44475|dataStream:10.1.0.130:45667|priority:0|startupRole:FOLLOWER, 934a7696-9971-43bd-bb95-0c074ad287bd|rpc:10.1.0.130:40495|dataStream:10.1.0.130:40969|priority:0|startupRole:FOLLOWER, f927f8e9-81c0-47cb-a281-73162d36a20e|rpc:10.1.0.130:46105|dataStream:10.1.0.130:43039|priority:1|startupRole:FOLLOWER]|listeners:[], old=null
2023-03-15 06:52:15,566 [69770226-cf53-4475-8132-826a0d48d398@group-A0FDA1CF6AAB-LeaderElection3] INFO  server.RaftServerConfigKeys (ConfUtils.java:logFallback(53)) - raft.server.rpc.first-election.timeout.min = 5s (fallback to raft.server.rpc.timeout.min)
2023-03-15 06:52:15,566 [69770226-cf53-4475-8132-826a0d48d398@group-A0FDA1CF6AAB-LeaderElection3-1] INFO  server.GrpcServerProtocolClient (GrpcServerProtocolClient.java:<init>(63)) - Build channel for 934a7696-9971-43bd-bb95-0c074ad287bd
2023-03-15 06:52:15,567 [69770226-cf53-4475-8132-826a0d48d398@group-A0FDA1CF6AAB-LeaderElection3-2] INFO  server.GrpcServerProtocolClient (GrpcServerProtocolClient.java:<init>(63)) - Build channel for f927f8e9-81c0-47cb-a281-73162d36a20e
2023-03-15 06:52:15,566 [69770226-cf53-4475-8132-826a0d48d398@group-A0FDA1CF6AAB-LeaderElection3] INFO  server.RaftServerConfigKeys (ConfUtils.java:logFallback(53)) - raft.server.rpc.first-election.timeout.max = 5200ms (fallback to raft.server.rpc.timeout.max)
2023-03-15 06:52:15,581 [grpc-default-executor-0] INFO  server.RaftServer$Division (RaftServerImpl.java:requestVote(1218)) - f927f8e9-81c0-47cb-a281-73162d36a20e@group-A0FDA1CF6AAB: receive requestVote(PRE_VOTE, 69770226-cf53-4475-8132-826a0d48d398, group-A0FDA1CF6AAB, 0, (t:0, i:0))
2023-03-15 06:52:15,581 [grpc-default-executor-0] INFO  impl.VoteContext (VoteContext.java:log(49)) - f927f8e9-81c0-47cb-a281-73162d36a20e@group-A0FDA1CF6AAB-FOLLOWER: reject PRE_VOTE from 69770226-cf53-4475-8132-826a0d48d398: our priority 1 > candidate's priority 0
2023-03-15 06:52:15,582 [grpc-default-executor-0] INFO  server.RaftServer$Division (RaftServerImpl.java:requestVote(1251)) - f927f8e9-81c0-47cb-a281-73162d36a20e@group-A0FDA1CF6AAB replies to PRE_VOTE vote request: 69770226-cf53-4475-8132-826a0d48d398<-f927f8e9-81c0-47cb-a281-73162d36a20e#0:FAIL-t0. Peer's state: f927f8e9-81c0-47cb-a281-73162d36a20e@group-A0FDA1CF6AAB:t0, leader=null, voted=, raftlog=Memoized:f927f8e9-81c0-47cb-a281-73162d36a20e@group-A0FDA1CF6AAB-SegmentedRaftLog:OPENED:c-1, conf=-1: peers:[69770226-cf53-4475-8132-826a0d48d398|rpc:10.1.0.130:44475|dataStream:10.1.0.130:45667|priority:0|startupRole:FOLLOWER, 934a7696-9971-43bd-bb95-0c074ad287bd|rpc:10.1.0.130:40495|dataStream:10.1.0.130:40969|priority:0|startupRole:FOLLOWER, f927f8e9-81c0-47cb-a281-73162d36a20e|rpc:10.1.0.130:46105|dataStream:10.1.0.130:43039|priority:1|startupRole:FOLLOWER]|listeners:[], old=null
2023-03-15 06:52:15,584 [grpc-default-executor-2] INFO  server.RaftServer$Division (RaftServerImpl.java:requestVote(1218)) - 934a7696-9971-43bd-bb95-0c074ad287bd@group-A0FDA1CF6AAB: receive requestVote(PRE_VOTE, 69770226-cf53-4475-8132-826a0d48d398, group-A0FDA1CF6AAB, 0, (t:0, i:0))
2023-03-15 06:52:15,585 [grpc-default-executor-2] INFO  impl.VoteContext (VoteContext.java:log(49)) - 934a7696-9971-43bd-bb95-0c074ad287bd@group-A0FDA1CF6AAB-FOLLOWER: accept PRE_VOTE from 69770226-cf53-4475-8132-826a0d48d398: our priority 0 <= candidate's priority 0
2023-03-15 06:52:15,585 [grpc-default-executor-2] INFO  server.RaftServer$Division (RaftServerImpl.java:requestVote(1251)) - 934a7696-9971-43bd-bb95-0c074ad287bd@group-A0FDA1CF6AAB replies to PRE_VOTE vote request: 69770226-cf53-4475-8132-826a0d48d398<-934a7696-9971-43bd-bb95-0c074ad287bd#0:OK-t0. Peer's state: 934a7696-9971-43bd-bb95-0c074ad287bd@group-A0FDA1CF6AAB:t0, leader=null, voted=, raftlog=Memoized:934a7696-9971-43bd-bb95-0c074ad287bd@group-A0FDA1CF6AAB-SegmentedRaftLog:OPENED:c-1, conf=-1: peers:[69770226-cf53-4475-8132-826a0d48d398|rpc:10.1.0.130:44475|dataStream:10.1.0.130:45667|priority:0|startupRole:FOLLOWER, 934a7696-9971-43bd-bb95-0c074ad287bd|rpc:10.1.0.130:40495|dataStream:10.1.0.130:40969|priority:0|startupRole:FOLLOWER, f927f8e9-81c0-47cb-a281-73162d36a20e|rpc:10.1.0.130:46105|dataStream:10.1.0.130:43039|priority:1|startupRole:FOLLOWER]|listeners:[], old=null
2023-03-15 06:52:15,588 [69770226-cf53-4475-8132-826a0d48d398@group-A0FDA1CF6AAB-LeaderElection3] INFO  impl.LeaderElection (LeaderElection.java:logAndReturn(90)) - 69770226-cf53-4475-8132-826a0d48d398@group-A0FDA1CF6AAB-LeaderElection3: PRE_VOTE REJECTED received 2 response(s) and 0 exception(s):
2023-03-15 06:52:15,589 [69770226-cf53-4475-8132-826a0d48d398@group-A0FDA1CF6AAB-LeaderElection3] INFO  impl.LeaderElection (LeaderElection.java:logAndReturn(94)) -   Response 0: 69770226-cf53-4475-8132-826a0d48d398<-934a7696-9971-43bd-bb95-0c074ad287bd#0:OK-t0
2023-03-15 06:52:15,589 [69770226-cf53-4475-8132-826a0d48d398@group-A0FDA1CF6AAB-LeaderElection3] INFO  impl.LeaderElection (LeaderElection.java:logAndReturn(94)) -   Response 1: 69770226-cf53-4475-8132-826a0d48d398<-f927f8e9-81c0-47cb-a281-73162d36a20e#0:FAIL-t0
2023-03-15 06:52:15,589 [69770226-cf53-4475-8132-826a0d48d398@group-A0FDA1CF6AAB-LeaderElection3] INFO  impl.LeaderElection (LeaderElection.java:askForVotes(314)) - 69770226-cf53-4475-8132-826a0d48d398@group-A0FDA1CF6AAB-LeaderElection3 PRE_VOTE round 0: result REJECTED
2023-03-15 06:52:15,589 [69770226-cf53-4475-8132-826a0d48d398@group-A0FDA1CF6AAB-LeaderElection3] INFO  server.RaftServer$Division (RaftServerImpl.java:setRole(321)) - 69770226-cf53-4475-8132-826a0d48d398@group-A0FDA1CF6AAB: changes role from CANDIDATE to FOLLOWER at term 0 for REJECTED
2023-03-15 06:52:15,589 [69770226-cf53-4475-8132-826a0d48d398@group-A0FDA1CF6AAB-LeaderElection3] INFO  impl.RoleInfo (RoleInfo.java:shutdownLeaderElection(130)) - 69770226-cf53-4475-8132-826a0d48d398: shutdown 69770226-cf53-4475-8132-826a0d48d398@group-A0FDA1CF6AAB-LeaderElection3
2023-03-15 06:52:15,589 [69770226-cf53-4475-8132-826a0d48d398@group-A0FDA1CF6AAB-LeaderElection3] INFO  impl.RoleInfo (RoleInfo.java:updateAndGet(139)) - 69770226-cf53-4475-8132-826a0d48d398: start 69770226-cf53-4475-8132-826a0d48d398@group-A0FDA1CF6AAB-FollowerState
2023-03-15 06:52:15,590 [69770226-cf53-4475-8132-826a0d48d398@group-A0FDA1CF6AAB-FollowerState] INFO  server.RaftServerConfigKeys (ConfUtils.java:logFallback(53)) - raft.server.rpc.first-election.timeout.min = 5s (fallback to raft.server.rpc.timeout.min)
2023-03-15 06:52:15,591 [69770226-cf53-4475-8132-826a0d48d398@group-A0FDA1CF6AAB-FollowerState] INFO  server.RaftServerConfigKeys (ConfUtils.java:logFallback(53)) - raft.server.rpc.first-election.timeout.max = 5200ms (fallback to raft.server.rpc.timeout.max)
2023-03-15 06:52:15,718 [934a7696-9971-43bd-bb95-0c074ad287bd@group-A0FDA1CF6AAB-FollowerState] INFO  server.RaftServerConfigKeys (ConfUtils.java:logFallback(53)) - raft.server.rpc.first-election.timeout.min = 5s (fallback to raft.server.rpc.timeout.min)
2023-03-15 06:52:15,718 [934a7696-9971-43bd-bb95-0c074ad287bd@group-A0FDA1CF6AAB-FollowerState] INFO  server.RaftServerConfigKeys (ConfUtils.java:logFallback(53)) - raft.server.rpc.first-election.timeout.max = 5200ms (fallback to raft.server.rpc.timeout.max)
2023-03-15 06:52:15,736 [f927f8e9-81c0-47cb-a281-73162d36a20e@group-7D445652E74A-FollowerState] INFO  impl.FollowerState (FollowerState.java:run(143)) - f927f8e9-81c0-47cb-a281-73162d36a20e@group-7D445652E74A-FollowerState: change to CANDIDATE, lastRpcElapsedTime:5049866493ns, electionTimeout:5038ms
2023-03-15 06:52:15,736 [f927f8e9-81c0-47cb-a281-73162d36a20e@group-7D445652E74A-FollowerState] INFO  impl.RoleInfo (RoleInfo.java:shutdownFollowerState(110)) - f927f8e9-81c0-47cb-a281-73162d36a20e: shutdown f927f8e9-81c0-47cb-a281-73162d36a20e@group-7D445652E74A-FollowerState
2023-03-15 06:52:15,736 [f927f8e9-81c0-47cb-a281-73162d36a20e@group-7D445652E74A-FollowerState] INFO  server.RaftServer$Division (RaftServerImpl.java:setRole(321)) - f927f8e9-81c0-47cb-a281-73162d36a20e@group-7D445652E74A: changes role from  FOLLOWER to CANDIDATE at term 0 for changeToCandidate
2023-03-15 06:52:15,736 [f927f8e9-81c0-47cb-a281-73162d36a20e@group-7D445652E74A-FollowerState] INFO  server.RaftServerConfigKeys (ConfUtils.java:logGet(46)) - raft.server.leaderelection.pre-vote = true (default)
2023-03-15 06:52:15,736 [f927f8e9-81c0-47cb-a281-73162d36a20e@group-7D445652E74A-FollowerState] INFO  impl.RoleInfo (RoleInfo.java:updateAndGet(139)) - f927f8e9-81c0-47cb-a281-73162d36a20e: start f927f8e9-81c0-47cb-a281-73162d36a20e@group-7D445652E74A-LeaderElection4
2023-03-15 06:52:15,738 [f927f8e9-81c0-47cb-a281-73162d36a20e@group-7D445652E74A-LeaderElection4] INFO  impl.LeaderElection (LeaderElection.java:askForVotes(312)) - f927f8e9-81c0-47cb-a281-73162d36a20e@group-7D445652E74A-LeaderElection4 PRE_VOTE round 0: submit vote requests at term 0 for -1: peers:[f927f8e9-81c0-47cb-a281-73162d36a20e|rpc:10.1.0.130:46105|dataStream:10.1.0.130:43039|priority:1|startupRole:FOLLOWER]|listeners:[], old=null
2023-03-15 06:52:15,739 [f927f8e9-81c0-47cb-a281-73162d36a20e@group-7D445652E74A-LeaderElection4] INFO  impl.LeaderElection (LeaderElection.java:askForVotes(314)) - f927f8e9-81c0-47cb-a281-73162d36a20e@group-7D445652E74A-LeaderElection4 PRE_VOTE round 0: result PASSED (term=0)
2023-03-15 06:52:15,740 [f927f8e9-81c0-47cb-a281-73162d36a20e@group-7D445652E74A-LeaderElection4] INFO  impl.LeaderElection (LeaderElection.java:askForVotes(312)) - f927f8e9-81c0-47cb-a281-73162d36a20e@group-7D445652E74A-LeaderElection4 ELECTION round 0: submit vote requests at term 1 for -1: peers:[f927f8e9-81c0-47cb-a281-73162d36a20e|rpc:10.1.0.130:46105|dataStream:10.1.0.130:43039|priority:1|startupRole:FOLLOWER]|listeners:[], old=null
2023-03-15 06:52:15,740 [f927f8e9-81c0-47cb-a281-73162d36a20e@group-7D445652E74A-LeaderElection4] INFO  impl.LeaderElection (LeaderElection.java:askForVotes(314)) - f927f8e9-81c0-47cb-a281-73162d36a20e@group-7D445652E74A-LeaderElection4 ELECTION round 0: result PASSED (term=1)
2023-03-15 06:52:15,740 [f927f8e9-81c0-47cb-a281-73162d36a20e@group-7D445652E74A-LeaderElection4] INFO  impl.RoleInfo (RoleInfo.java:shutdownLeaderElection(130)) - f927f8e9-81c0-47cb-a281-73162d36a20e: shutdown f927f8e9-81c0-47cb-a281-73162d36a20e@group-7D445652E74A-LeaderElection4
2023-03-15 06:52:15,741 [f927f8e9-81c0-47cb-a281-73162d36a20e@group-7D445652E74A-LeaderElection4] INFO  server.RaftServer$Division (RaftServerImpl.java:setRole(321)) - f927f8e9-81c0-47cb-a281-73162d36a20e@group-7D445652E74A: changes role from CANDIDATE to LEADER at term 1 for changeToLeader
2023-03-15 06:52:15,741 [f927f8e9-81c0-47cb-a281-73162d36a20e@group-7D445652E74A-LeaderElection4] INFO  ratis.XceiverServerRatis (XceiverServerRatis.java:handleLeaderChangedNotification(905)) - Leader change notification received for group: group-7D445652E74A with new leaderId: f927f8e9-81c0-47cb-a281-73162d36a20e
2023-03-15 06:52:15,741 [f927f8e9-81c0-47cb-a281-73162d36a20e@group-7D445652E74A-LeaderElection4] INFO  server.RaftServer$Division (ServerState.java:setLeader(313)) - f927f8e9-81c0-47cb-a281-73162d36a20e@group-7D445652E74A: change Leader from null to f927f8e9-81c0-47cb-a281-73162d36a20e at term 1 for becomeLeader, leader elected after 5098ms
2023-03-15 06:52:15,741 [f927f8e9-81c0-47cb-a281-73162d36a20e@group-7D445652E74A-LeaderElection4] INFO  server.RaftServerConfigKeys (ConfUtils.java:logGet(46)) - raft.server.staging.catchup.gap = 1000 (default)
2023-03-15 06:52:15,741 [f927f8e9-81c0-47cb-a281-73162d36a20e@group-7D445652E74A-LeaderElection4] INFO  server.RaftServerConfigKeys (ConfUtils.java:logGet(46)) - raft.server.write.element-limit = 1024 (custom)
2023-03-15 06:52:15,742 [f927f8e9-81c0-47cb-a281-73162d36a20e@group-7D445652E74A-LeaderElection4] INFO  server.RaftServerConfigKeys (ConfUtils.java:logGet(46)) - raft.server.write.byte-limit = 1024 M (=1073741824) (custom)
2023-03-15 06:52:15,749 [EventQueue-OpenPipelineForHealthyPipelineSafeModeRule] INFO  safemode.SCMSafeModeManager (HealthyPipelineSafeModeRule.java:process(137)) - SCM in safe mode. Healthy pipelines reported count is 0, required healthy pipeline reported count is 1
2023-03-15 06:52:15,749 [f927f8e9-81c0-47cb-a281-73162d36a20e@group-7D445652E74A-LeaderElection4] INFO  server.RaftServerConfigKeys (ConfUtils.java:logGet(46)) - raft.server.watch.timeout = 180s (custom)
2023-03-15 06:52:15,749 [f927f8e9-81c0-47cb-a281-73162d36a20e@group-7D445652E74A-LeaderElection4] INFO  server.RaftServerConfigKeys (ConfUtils.java:logGet(46)) - raft.server.watch.timeout.denomination = 1s (default)
2023-03-15 06:52:15,750 [f927f8e9-81c0-47cb-a281-73162d36a20e@group-7D445652E74A-LeaderElection4] INFO  server.RaftServerConfigKeys (ConfUtils.java:logGet(46)) - raft.server.watch.element-limit = 65536 (default)
2023-03-15 06:52:15,750 [f927f8e9-81c0-47cb-a281-73162d36a20e@group-7D445652E74A-LeaderElection4] INFO  server.RaftServerConfigKeys (ConfUtils.java:logGet(46)) - raft.server.write.element-limit = 1024 (custom)
2023-03-15 06:52:15,750 [f927f8e9-81c0-47cb-a281-73162d36a20e@group-7D445652E74A-LeaderElection4] INFO  server.RaftServerConfigKeys (ConfUtils.java:logGet(46)) - raft.server.write.follower.gap.ratio.max = -1.0 (default)
2023-03-15 06:52:15,750 [f927f8e9-81c0-47cb-a281-73162d36a20e@group-7D445652E74A-LeaderElection4] INFO  impl.RoleInfo (RoleInfo.java:updateAndGet(139)) - f927f8e9-81c0-47cb-a281-73162d36a20e: start f927f8e9-81c0-47cb-a281-73162d36a20e@group-7D445652E74A-LeaderStateImpl
2023-03-15 06:52:15,750 [f927f8e9-81c0-47cb-a281-73162d36a20e@group-7D445652E74A-LeaderElection4] INFO  segmented.SegmentedRaftLogWorker (SegmentedRaftLogWorker.java:startLogSegment(452)) - f927f8e9-81c0-47cb-a281-73162d36a20e@group-7D445652E74A-SegmentedRaftLogWorker: Starting segment from index:0
2023-03-15 06:52:15,755 [f927f8e9-81c0-47cb-a281-73162d36a20e@group-7D445652E74A-LeaderElection4] INFO  server.RaftServer$Division (ServerState.java:setRaftConf(430)) - f927f8e9-81c0-47cb-a281-73162d36a20e@group-7D445652E74A: set configuration 0: peers:[f927f8e9-81c0-47cb-a281-73162d36a20e|rpc:10.1.0.130:46105|dataStream:10.1.0.130:43039|priority:1|startupRole:FOLLOWER]|listeners:[], old=null
2023-03-15 06:52:15,757 [f927f8e9-81c0-47cb-a281-73162d36a20e@group-7D445652E74A-SegmentedRaftLogWorker] INFO  segmented.SegmentedRaftLogWorker (SegmentedRaftLogWorker.java:execute(656)) - f927f8e9-81c0-47cb-a281-73162d36a20e@group-7D445652E74A-SegmentedRaftLogWorker: created new log segment /home/runner/work/ozone/ozone/hadoop-ozone/integration-test/target/test-dir/MiniOzoneClusterImpl-e79b0a94-dba3-4ba8-a298-d2d15914ceac/datanode-1/data/ratis/a968b522-8047-4b92-8d62-7d445652e74a/current/log_inprogress_0
2023-03-15 06:52:15,868 [69770226-cf53-4475-8132-826a0d48d398@group-BDFEFBBA6613-FollowerState] INFO  impl.FollowerState (FollowerState.java:run(143)) - 69770226-cf53-4475-8132-826a0d48d398@group-BDFEFBBA6613-FollowerState: change to CANDIDATE, lastRpcElapsedTime:5010403930ns, electionTimeout:5001ms
2023-03-15 06:52:15,868 [69770226-cf53-4475-8132-826a0d48d398@group-BDFEFBBA6613-FollowerState] INFO  impl.RoleInfo (RoleInfo.java:shutdownFollowerState(110)) - 69770226-cf53-4475-8132-826a0d48d398: shutdown 69770226-cf53-4475-8132-826a0d48d398@group-BDFEFBBA6613-FollowerState
2023-03-15 06:52:15,868 [69770226-cf53-4475-8132-826a0d48d398@group-BDFEFBBA6613-FollowerState] INFO  server.RaftServer$Division (RaftServerImpl.java:setRole(321)) - 69770226-cf53-4475-8132-826a0d48d398@group-BDFEFBBA6613: changes role from  FOLLOWER to CANDIDATE at term 0 for changeToCandidate
2023-03-15 06:52:15,868 [69770226-cf53-4475-8132-826a0d48d398@group-BDFEFBBA6613-FollowerState] INFO  server.RaftServerConfigKeys (ConfUtils.java:logGet(46)) - raft.server.leaderelection.pre-vote = true (default)
2023-03-15 06:52:15,869 [69770226-cf53-4475-8132-826a0d48d398@group-BDFEFBBA6613-FollowerState] INFO  impl.RoleInfo (RoleInfo.java:updateAndGet(139)) - 69770226-cf53-4475-8132-826a0d48d398: start 69770226-cf53-4475-8132-826a0d48d398@group-BDFEFBBA6613-LeaderElection5
2023-03-15 06:52:15,871 [69770226-cf53-4475-8132-826a0d48d398@group-BDFEFBBA6613-LeaderElection5] INFO  impl.LeaderElection (LeaderElection.java:askForVotes(312)) - 69770226-cf53-4475-8132-826a0d48d398@group-BDFEFBBA6613-LeaderElection5 PRE_VOTE round 0: submit vote requests at term 0 for -1: peers:[69770226-cf53-4475-8132-826a0d48d398|rpc:10.1.0.130:44475|dataStream:10.1.0.130:45667|priority:0|startupRole:FOLLOWER, 934a7696-9971-43bd-bb95-0c074ad287bd|rpc:10.1.0.130:40495|dataStream:10.1.0.130:40969|priority:1|startupRole:FOLLOWER, f927f8e9-81c0-47cb-a281-73162d36a20e|rpc:10.1.0.130:46105|dataStream:10.1.0.130:43039|priority:0|startupRole:FOLLOWER]|listeners:[], old=null
2023-03-15 06:52:15,871 [69770226-cf53-4475-8132-826a0d48d398@group-BDFEFBBA6613-LeaderElection5] INFO  server.RaftServerConfigKeys (ConfUtils.java:logFallback(53)) - raft.server.rpc.first-election.timeout.min = 5s (fallback to raft.server.rpc.timeout.min)
2023-03-15 06:52:15,871 [69770226-cf53-4475-8132-826a0d48d398@group-BDFEFBBA6613-LeaderElection5] INFO  server.RaftServerConfigKeys (ConfUtils.java:logFallback(53)) - raft.server.rpc.first-election.timeout.max = 5200ms (fallback to raft.server.rpc.timeout.max)
2023-03-15 06:52:15,874 [grpc-default-executor-0] INFO  server.RaftServer$Division (RaftServerImpl.java:requestVote(1218)) - 934a7696-9971-43bd-bb95-0c074ad287bd@group-BDFEFBBA6613: receive requestVote(PRE_VOTE, 69770226-cf53-4475-8132-826a0d48d398, group-BDFEFBBA6613, 0, (t:0, i:0))
2023-03-15 06:52:15,875 [grpc-default-executor-0] INFO  impl.VoteContext (VoteContext.java:log(49)) - 934a7696-9971-43bd-bb95-0c074ad287bd@group-BDFEFBBA6613-FOLLOWER: reject PRE_VOTE from 69770226-cf53-4475-8132-826a0d48d398: our priority 1 > candidate's priority 0
2023-03-15 06:52:15,875 [grpc-default-executor-0] INFO  server.RaftServer$Division (RaftServerImpl.java:requestVote(1251)) - 934a7696-9971-43bd-bb95-0c074ad287bd@group-BDFEFBBA6613 replies to PRE_VOTE vote request: 69770226-cf53-4475-8132-826a0d48d398<-934a7696-9971-43bd-bb95-0c074ad287bd#0:FAIL-t0. Peer's state: 934a7696-9971-43bd-bb95-0c074ad287bd@group-BDFEFBBA6613:t0, leader=null, voted=, raftlog=Memoized:934a7696-9971-43bd-bb95-0c074ad287bd@group-BDFEFBBA6613-SegmentedRaftLog:OPENED:c-1, conf=-1: peers:[69770226-cf53-4475-8132-826a0d48d398|rpc:10.1.0.130:44475|dataStream:10.1.0.130:45667|priority:0|startupRole:FOLLOWER, 934a7696-9971-43bd-bb95-0c074ad287bd|rpc:10.1.0.130:40495|dataStream:10.1.0.130:40969|priority:1|startupRole:FOLLOWER, f927f8e9-81c0-47cb-a281-73162d36a20e|rpc:10.1.0.130:46105|dataStream:10.1.0.130:43039|priority:0|startupRole:FOLLOWER]|listeners:[], old=null
2023-03-15 06:52:15,874 [grpc-default-executor-2] INFO  server.RaftServer$Division (RaftServerImpl.java:requestVote(1218)) - f927f8e9-81c0-47cb-a281-73162d36a20e@group-BDFEFBBA6613: receive requestVote(PRE_VOTE, 69770226-cf53-4475-8132-826a0d48d398, group-BDFEFBBA6613, 0, (t:0, i:0))
2023-03-15 06:52:15,875 [grpc-default-executor-2] INFO  impl.VoteContext (VoteContext.java:log(49)) - f927f8e9-81c0-47cb-a281-73162d36a20e@group-BDFEFBBA6613-FOLLOWER: accept PRE_VOTE from 69770226-cf53-4475-8132-826a0d48d398: our priority 0 <= candidate's priority 0
2023-03-15 06:52:15,876 [grpc-default-executor-2] INFO  server.RaftServer$Division (RaftServerImpl.java:requestVote(1251)) - f927f8e9-81c0-47cb-a281-73162d36a20e@group-BDFEFBBA6613 replies to PRE_VOTE vote request: 69770226-cf53-4475-8132-826a0d48d398<-f927f8e9-81c0-47cb-a281-73162d36a20e#0:OK-t0. Peer's state: f927f8e9-81c0-47cb-a281-73162d36a20e@group-BDFEFBBA6613:t0, leader=null, voted=, raftlog=Memoized:f927f8e9-81c0-47cb-a281-73162d36a20e@group-BDFEFBBA6613-SegmentedRaftLog:OPENED:c-1, conf=-1: peers:[69770226-cf53-4475-8132-826a0d48d398|rpc:10.1.0.130:44475|dataStream:10.1.0.130:45667|priority:0|startupRole:FOLLOWER, 934a7696-9971-43bd-bb95-0c074ad287bd|rpc:10.1.0.130:40495|dataStream:10.1.0.130:40969|priority:1|startupRole:FOLLOWER, f927f8e9-81c0-47cb-a281-73162d36a20e|rpc:10.1.0.130:46105|dataStream:10.1.0.130:43039|priority:0|startupRole:FOLLOWER]|listeners:[], old=null
2023-03-15 06:52:15,880 [69770226-cf53-4475-8132-826a0d48d398@group-BDFEFBBA6613-LeaderElection5] INFO  impl.LeaderElection (LeaderElection.java:logAndReturn(90)) - 69770226-cf53-4475-8132-826a0d48d398@group-BDFEFBBA6613-LeaderElection5: PRE_VOTE REJECTED received 2 response(s) and 0 exception(s):
2023-03-15 06:52:15,880 [69770226-cf53-4475-8132-826a0d48d398@group-BDFEFBBA6613-LeaderElection5] INFO  impl.LeaderElection (LeaderElection.java:logAndReturn(94)) -   Response 0: 69770226-cf53-4475-8132-826a0d48d398<-934a7696-9971-43bd-bb95-0c074ad287bd#0:FAIL-t0
2023-03-15 06:52:15,880 [69770226-cf53-4475-8132-826a0d48d398@group-BDFEFBBA6613-LeaderElection5] INFO  impl.LeaderElection (LeaderElection.java:logAndReturn(94)) -   Response 1: 69770226-cf53-4475-8132-826a0d48d398<-f927f8e9-81c0-47cb-a281-73162d36a20e#0:OK-t0
2023-03-15 06:52:15,880 [69770226-cf53-4475-8132-826a0d48d398@group-BDFEFBBA6613-LeaderElection5] INFO  impl.LeaderElection (LeaderElection.java:askForVotes(314)) - 69770226-cf53-4475-8132-826a0d48d398@group-BDFEFBBA6613-LeaderElection5 PRE_VOTE round 0: result REJECTED
2023-03-15 06:52:15,881 [69770226-cf53-4475-8132-826a0d48d398@group-BDFEFBBA6613-LeaderElection5] INFO  server.RaftServer$Division (RaftServerImpl.java:setRole(321)) - 69770226-cf53-4475-8132-826a0d48d398@group-BDFEFBBA6613: changes role from CANDIDATE to FOLLOWER at term 0 for REJECTED
2023-03-15 06:52:15,881 [69770226-cf53-4475-8132-826a0d48d398@group-BDFEFBBA6613-LeaderElection5] INFO  impl.RoleInfo (RoleInfo.java:shutdownLeaderElection(130)) - 69770226-cf53-4475-8132-826a0d48d398: shutdown 69770226-cf53-4475-8132-826a0d48d398@group-BDFEFBBA6613-LeaderElection5
2023-03-15 06:52:15,881 [69770226-cf53-4475-8132-826a0d48d398@group-BDFEFBBA6613-LeaderElection5] INFO  impl.RoleInfo (RoleInfo.java:updateAndGet(139)) - 69770226-cf53-4475-8132-826a0d48d398: start 69770226-cf53-4475-8132-826a0d48d398@group-BDFEFBBA6613-FollowerState
2023-03-15 06:52:15,886 [69770226-cf53-4475-8132-826a0d48d398@group-BDFEFBBA6613-FollowerState] INFO  server.RaftServerConfigKeys (ConfUtils.java:logFallback(53)) - raft.server.rpc.first-election.timeout.min = 5s (fallback to raft.server.rpc.timeout.min)
2023-03-15 06:52:15,889 [69770226-cf53-4475-8132-826a0d48d398@group-BDFEFBBA6613-FollowerState] INFO  server.RaftServerConfigKeys (ConfUtils.java:logFallback(53)) - raft.server.rpc.first-election.timeout.max = 5200ms (fallback to raft.server.rpc.timeout.max)
2023-03-15 06:52:15,898 [f927f8e9-81c0-47cb-a281-73162d36a20e@group-A0FDA1CF6AAB-FollowerState] INFO  impl.FollowerState (FollowerState.java:run(143)) - f927f8e9-81c0-47cb-a281-73162d36a20e@group-A0FDA1CF6AAB-FollowerState: change to CANDIDATE, lastRpcElapsedTime:5170247901ns, electionTimeout:5161ms
2023-03-15 06:52:15,899 [f927f8e9-81c0-47cb-a281-73162d36a20e@group-A0FDA1CF6AAB-FollowerState] INFO  impl.RoleInfo (RoleInfo.java:shutdownFollowerState(110)) - f927f8e9-81c0-47cb-a281-73162d36a20e: shutdown f927f8e9-81c0-47cb-a281-73162d36a20e@group-A0FDA1CF6AAB-FollowerState
2023-03-15 06:52:15,899 [f927f8e9-81c0-47cb-a281-73162d36a20e@group-A0FDA1CF6AAB-FollowerState] INFO  server.RaftServer$Division (RaftServerImpl.java:setRole(321)) - f927f8e9-81c0-47cb-a281-73162d36a20e@group-A0FDA1CF6AAB: changes role from  FOLLOWER to CANDIDATE at term 0 for changeToCandidate
2023-03-15 06:52:15,899 [f927f8e9-81c0-47cb-a281-73162d36a20e@group-A0FDA1CF6AAB-FollowerState] INFO  server.RaftServerConfigKeys (ConfUtils.java:logGet(46)) - raft.server.leaderelection.pre-vote = true (default)
2023-03-15 06:52:15,899 [f927f8e9-81c0-47cb-a281-73162d36a20e@group-A0FDA1CF6AAB-FollowerState] INFO  impl.RoleInfo (RoleInfo.java:updateAndGet(139)) - f927f8e9-81c0-47cb-a281-73162d36a20e: start f927f8e9-81c0-47cb-a281-73162d36a20e@group-A0FDA1CF6AAB-LeaderElection6
2023-03-15 06:52:15,900 [f927f8e9-81c0-47cb-a281-73162d36a20e@group-A0FDA1CF6AAB-LeaderElection6] INFO  impl.LeaderElection (LeaderElection.java:askForVotes(312)) - f927f8e9-81c0-47cb-a281-73162d36a20e@group-A0FDA1CF6AAB-LeaderElection6 PRE_VOTE round 0: submit vote requests at term 0 for -1: peers:[69770226-cf53-4475-8132-826a0d48d398|rpc:10.1.0.130:44475|dataStream:10.1.0.130:45667|priority:0|startupRole:FOLLOWER, 934a7696-9971-43bd-bb95-0c074ad287bd|rpc:10.1.0.130:40495|dataStream:10.1.0.130:40969|priority:0|startupRole:FOLLOWER, f927f8e9-81c0-47cb-a281-73162d36a20e|rpc:10.1.0.130:46105|dataStream:10.1.0.130:43039|priority:1|startupRole:FOLLOWER]|listeners:[], old=null
2023-03-15 06:52:15,900 [f927f8e9-81c0-47cb-a281-73162d36a20e@group-A0FDA1CF6AAB-LeaderElection6-1] INFO  server.GrpcServerProtocolClient (GrpcServerProtocolClient.java:<init>(63)) - Build channel for 69770226-cf53-4475-8132-826a0d48d398
2023-03-15 06:52:15,902 [f927f8e9-81c0-47cb-a281-73162d36a20e@group-A0FDA1CF6AAB-LeaderElection6] INFO  server.RaftServerConfigKeys (ConfUtils.java:logFallback(53)) - raft.server.rpc.first-election.timeout.min = 5s (fallback to raft.server.rpc.timeout.min)
2023-03-15 06:52:15,903 [f927f8e9-81c0-47cb-a281-73162d36a20e@group-A0FDA1CF6AAB-LeaderElection6-2] INFO  server.GrpcServerProtocolClient (GrpcServerProtocolClient.java:<init>(63)) - Build channel for 934a7696-9971-43bd-bb95-0c074ad287bd
2023-03-15 06:52:15,903 [f927f8e9-81c0-47cb-a281-73162d36a20e@group-A0FDA1CF6AAB-LeaderElection6] INFO  server.RaftServerConfigKeys (ConfUtils.java:logFallback(53)) - raft.server.rpc.first-election.timeout.max = 5200ms (fallback to raft.server.rpc.timeout.max)
2023-03-15 06:52:15,915 [grpc-default-executor-2] INFO  server.RaftServer$Division (RaftServerImpl.java:requestVote(1218)) - 69770226-cf53-4475-8132-826a0d48d398@group-A0FDA1CF6AAB: receive requestVote(PRE_VOTE, f927f8e9-81c0-47cb-a281-73162d36a20e, group-A0FDA1CF6AAB, 0, (t:0, i:0))
2023-03-15 06:52:15,915 [grpc-default-executor-2] INFO  impl.VoteContext (VoteContext.java:log(49)) - 69770226-cf53-4475-8132-826a0d48d398@group-A0FDA1CF6AAB-FOLLOWER: accept PRE_VOTE from f927f8e9-81c0-47cb-a281-73162d36a20e: our priority 0 <= candidate's priority 1
2023-03-15 06:52:15,916 [grpc-default-executor-2] INFO  server.RaftServer$Division (RaftServerImpl.java:requestVote(1251)) - 69770226-cf53-4475-8132-826a0d48d398@group-A0FDA1CF6AAB replies to PRE_VOTE vote request: f927f8e9-81c0-47cb-a281-73162d36a20e<-69770226-cf53-4475-8132-826a0d48d398#0:OK-t0. Peer's state: 69770226-cf53-4475-8132-826a0d48d398@group-A0FDA1CF6AAB:t0, leader=null, voted=, raftlog=Memoized:69770226-cf53-4475-8132-826a0d48d398@group-A0FDA1CF6AAB-SegmentedRaftLog:OPENED:c-1, conf=-1: peers:[69770226-cf53-4475-8132-826a0d48d398|rpc:10.1.0.130:44475|dataStream:10.1.0.130:45667|priority:0|startupRole:FOLLOWER, 934a7696-9971-43bd-bb95-0c074ad287bd|rpc:10.1.0.130:40495|dataStream:10.1.0.130:40969|priority:0|startupRole:FOLLOWER, f927f8e9-81c0-47cb-a281-73162d36a20e|rpc:10.1.0.130:46105|dataStream:10.1.0.130:43039|priority:1|startupRole:FOLLOWER]|listeners:[], old=null
2023-03-15 06:52:15,919 [f927f8e9-81c0-47cb-a281-73162d36a20e@group-A0FDA1CF6AAB-LeaderElection6] INFO  impl.LeaderElection (LeaderElection.java:logAndReturn(90)) - f927f8e9-81c0-47cb-a281-73162d36a20e@group-A0FDA1CF6AAB-LeaderElection6: PRE_VOTE PASSED received 1 response(s) and 0 exception(s):
2023-03-15 06:52:15,919 [grpc-default-executor-0] INFO  server.RaftServer$Division (RaftServerImpl.java:requestVote(1218)) - 934a7696-9971-43bd-bb95-0c074ad287bd@group-A0FDA1CF6AAB: receive requestVote(PRE_VOTE, f927f8e9-81c0-47cb-a281-73162d36a20e, group-A0FDA1CF6AAB, 0, (t:0, i:0))
2023-03-15 06:52:15,919 [f927f8e9-81c0-47cb-a281-73162d36a20e@group-A0FDA1CF6AAB-LeaderElection6] INFO  impl.LeaderElection (LeaderElection.java:logAndReturn(94)) -   Response 0: f927f8e9-81c0-47cb-a281-73162d36a20e<-69770226-cf53-4475-8132-826a0d48d398#0:OK-t0
2023-03-15 06:52:15,920 [grpc-default-executor-0] INFO  impl.VoteContext (VoteContext.java:log(49)) - 934a7696-9971-43bd-bb95-0c074ad287bd@group-A0FDA1CF6AAB-FOLLOWER: accept PRE_VOTE from f927f8e9-81c0-47cb-a281-73162d36a20e: our priority 0 <= candidate's priority 1
2023-03-15 06:52:15,920 [f927f8e9-81c0-47cb-a281-73162d36a20e@group-A0FDA1CF6AAB-LeaderElection6] INFO  impl.LeaderElection (LeaderElection.java:askForVotes(314)) - f927f8e9-81c0-47cb-a281-73162d36a20e@group-A0FDA1CF6AAB-LeaderElection6 PRE_VOTE round 0: result PASSED
2023-03-15 06:52:15,920 [grpc-default-executor-0] INFO  server.RaftServer$Division (RaftServerImpl.java:requestVote(1251)) - 934a7696-9971-43bd-bb95-0c074ad287bd@group-A0FDA1CF6AAB replies to PRE_VOTE vote request: f927f8e9-81c0-47cb-a281-73162d36a20e<-934a7696-9971-43bd-bb95-0c074ad287bd#0:OK-t0. Peer's state: 934a7696-9971-43bd-bb95-0c074ad287bd@group-A0FDA1CF6AAB:t0, leader=null, voted=, raftlog=Memoized:934a7696-9971-43bd-bb95-0c074ad287bd@group-A0FDA1CF6AAB-SegmentedRaftLog:OPENED:c-1, conf=-1: peers:[69770226-cf53-4475-8132-826a0d48d398|rpc:10.1.0.130:44475|dataStream:10.1.0.130:45667|priority:0|startupRole:FOLLOWER, 934a7696-9971-43bd-bb95-0c074ad287bd|rpc:10.1.0.130:40495|dataStream:10.1.0.130:40969|priority:0|startupRole:FOLLOWER, f927f8e9-81c0-47cb-a281-73162d36a20e|rpc:10.1.0.130:46105|dataStream:10.1.0.130:43039|priority:1|startupRole:FOLLOWER]|listeners:[], old=null
2023-03-15 06:52:15,922 [f927f8e9-81c0-47cb-a281-73162d36a20e@group-A0FDA1CF6AAB-LeaderElection6] INFO  impl.LeaderElection (LeaderElection.java:askForVotes(312)) - f927f8e9-81c0-47cb-a281-73162d36a20e@group-A0FDA1CF6AAB-LeaderElection6 ELECTION round 0: submit vote requests at term 1 for -1: peers:[69770226-cf53-4475-8132-826a0d48d398|rpc:10.1.0.130:44475|dataStream:10.1.0.130:45667|priority:0|startupRole:FOLLOWER, 934a7696-9971-43bd-bb95-0c074ad287bd|rpc:10.1.0.130:40495|dataStream:10.1.0.130:40969|priority:0|startupRole:FOLLOWER, f927f8e9-81c0-47cb-a281-73162d36a20e|rpc:10.1.0.130:46105|dataStream:10.1.0.130:43039|priority:1|startupRole:FOLLOWER]|listeners:[], old=null
2023-03-15 06:52:15,923 [f927f8e9-81c0-47cb-a281-73162d36a20e@group-A0FDA1CF6AAB-LeaderElection6] INFO  server.RaftServerConfigKeys (ConfUtils.java:logFallback(53)) - raft.server.rpc.first-election.timeout.min = 5s (fallback to raft.server.rpc.timeout.min)
2023-03-15 06:52:15,923 [f927f8e9-81c0-47cb-a281-73162d36a20e@group-A0FDA1CF6AAB-LeaderElection6] INFO  server.RaftServerConfigKeys (ConfUtils.java:logFallback(53)) - raft.server.rpc.first-election.timeout.max = 5200ms (fallback to raft.server.rpc.timeout.max)
2023-03-15 06:52:15,930 [grpc-default-executor-0] INFO  server.RaftServer$Division (RaftServerImpl.java:requestVote(1218)) - 69770226-cf53-4475-8132-826a0d48d398@group-A0FDA1CF6AAB: receive requestVote(ELECTION, f927f8e9-81c0-47cb-a281-73162d36a20e, group-A0FDA1CF6AAB, 1, (t:0, i:0))
2023-03-15 06:52:15,932 [grpc-default-executor-0] INFO  impl.VoteContext (VoteContext.java:log(49)) - 69770226-cf53-4475-8132-826a0d48d398@group-A0FDA1CF6AAB-FOLLOWER: accept ELECTION from f927f8e9-81c0-47cb-a281-73162d36a20e: our priority 0 <= candidate's priority 1
2023-03-15 06:52:15,932 [grpc-default-executor-0] INFO  server.RaftServer$Division (RaftServerImpl.java:setRole(321)) - 69770226-cf53-4475-8132-826a0d48d398@group-A0FDA1CF6AAB: changes role from  FOLLOWER to FOLLOWER at term 1 for candidate:f927f8e9-81c0-47cb-a281-73162d36a20e
2023-03-15 06:52:15,932 [grpc-default-executor-0] INFO  impl.RoleInfo (RoleInfo.java:shutdownFollowerState(110)) - 69770226-cf53-4475-8132-826a0d48d398: shutdown 69770226-cf53-4475-8132-826a0d48d398@group-A0FDA1CF6AAB-FollowerState
2023-03-15 06:52:15,932 [grpc-default-executor-0] INFO  impl.RoleInfo (RoleInfo.java:updateAndGet(139)) - 69770226-cf53-4475-8132-826a0d48d398: start 69770226-cf53-4475-8132-826a0d48d398@group-A0FDA1CF6AAB-FollowerState
2023-03-15 06:52:15,932 [69770226-cf53-4475-8132-826a0d48d398@group-A0FDA1CF6AAB-FollowerState] INFO  impl.FollowerState (FollowerState.java:run(152)) - 69770226-cf53-4475-8132-826a0d48d398@group-A0FDA1CF6AAB-FollowerState was interrupted
2023-03-15 06:52:15,930 [grpc-default-executor-2] INFO  server.RaftServer$Division (RaftServerImpl.java:requestVote(1218)) - 934a7696-9971-43bd-bb95-0c074ad287bd@group-A0FDA1CF6AAB: receive requestVote(ELECTION, f927f8e9-81c0-47cb-a281-73162d36a20e, group-A0FDA1CF6AAB, 1, (t:0, i:0))
2023-03-15 06:52:15,933 [grpc-default-executor-2] INFO  impl.VoteContext (VoteContext.java:log(49)) - 934a7696-9971-43bd-bb95-0c074ad287bd@group-A0FDA1CF6AAB-FOLLOWER: accept ELECTION from f927f8e9-81c0-47cb-a281-73162d36a20e: our priority 0 <= candidate's priority 1
2023-03-15 06:52:15,933 [grpc-default-executor-2] INFO  server.RaftServer$Division (RaftServerImpl.java:setRole(321)) - 934a7696-9971-43bd-bb95-0c074ad287bd@group-A0FDA1CF6AAB: changes role from  FOLLOWER to FOLLOWER at term 1 for candidate:f927f8e9-81c0-47cb-a281-73162d36a20e
2023-03-15 06:52:15,933 [grpc-default-executor-2] INFO  impl.RoleInfo (RoleInfo.java:shutdownFollowerState(110)) - 934a7696-9971-43bd-bb95-0c074ad287bd: shutdown 934a7696-9971-43bd-bb95-0c074ad287bd@group-A0FDA1CF6AAB-FollowerState
2023-03-15 06:52:15,934 [grpc-default-executor-2] INFO  impl.RoleInfo (RoleInfo.java:updateAndGet(139)) - 934a7696-9971-43bd-bb95-0c074ad287bd: start 934a7696-9971-43bd-bb95-0c074ad287bd@group-A0FDA1CF6AAB-FollowerState
2023-03-15 06:52:15,935 [934a7696-9971-43bd-bb95-0c074ad287bd@group-A0FDA1CF6AAB-FollowerState] INFO  impl.FollowerState (FollowerState.java:run(152)) - 934a7696-9971-43bd-bb95-0c074ad287bd@group-A0FDA1CF6AAB-FollowerState was interrupted
2023-03-15 06:52:15,935 [934a7696-9971-43bd-bb95-0c074ad287bd@group-A0FDA1CF6AAB-FollowerState] INFO  server.RaftServerConfigKeys (ConfUtils.java:logFallback(53)) - raft.server.rpc.first-election.timeout.min = 5s (fallback to raft.server.rpc.timeout.min)
2023-03-15 06:52:15,935 [934a7696-9971-43bd-bb95-0c074ad287bd@group-A0FDA1CF6AAB-FollowerState] INFO  server.RaftServerConfigKeys (ConfUtils.java:logFallback(53)) - raft.server.rpc.first-election.timeout.max = 5200ms (fallback to raft.server.rpc.timeout.max)
2023-03-15 06:52:15,935 [grpc-default-executor-0] INFO  server.RaftServer$Division (RaftServerImpl.java:requestVote(1251)) - 69770226-cf53-4475-8132-826a0d48d398@group-A0FDA1CF6AAB replies to ELECTION vote request: f927f8e9-81c0-47cb-a281-73162d36a20e<-69770226-cf53-4475-8132-826a0d48d398#0:OK-t1. Peer's state: 69770226-cf53-4475-8132-826a0d48d398@group-A0FDA1CF6AAB:t1, leader=null, voted=f927f8e9-81c0-47cb-a281-73162d36a20e, raftlog=Memoized:69770226-cf53-4475-8132-826a0d48d398@group-A0FDA1CF6AAB-SegmentedRaftLog:OPENED:c-1, conf=-1: peers:[69770226-cf53-4475-8132-826a0d48d398|rpc:10.1.0.130:44475|dataStream:10.1.0.130:45667|priority:0|startupRole:FOLLOWER, 934a7696-9971-43bd-bb95-0c074ad287bd|rpc:10.1.0.130:40495|dataStream:10.1.0.130:40969|priority:0|startupRole:FOLLOWER, f927f8e9-81c0-47cb-a281-73162d36a20e|rpc:10.1.0.130:46105|dataStream:10.1.0.130:43039|priority:1|startupRole:FOLLOWER]|listeners:[], old=null
2023-03-15 06:52:15,936 [f927f8e9-81c0-47cb-a281-73162d36a20e@group-A0FDA1CF6AAB-LeaderElection6] INFO  impl.LeaderElection (LeaderElection.java:logAndReturn(90)) - f927f8e9-81c0-47cb-a281-73162d36a20e@group-A0FDA1CF6AAB-LeaderElection6: ELECTION PASSED received 1 response(s) and 0 exception(s):
2023-03-15 06:52:15,936 [f927f8e9-81c0-47cb-a281-73162d36a20e@group-A0FDA1CF6AAB-LeaderElection6] INFO  impl.LeaderElection (LeaderElection.java:logAndReturn(94)) -   Response 0: f927f8e9-81c0-47cb-a281-73162d36a20e<-69770226-cf53-4475-8132-826a0d48d398#0:OK-t1
2023-03-15 06:52:15,937 [f927f8e9-81c0-47cb-a281-73162d36a20e@group-A0FDA1CF6AAB-LeaderElection6] INFO  impl.LeaderElection (LeaderElection.java:askForVotes(314)) - f927f8e9-81c0-47cb-a281-73162d36a20e@group-A0FDA1CF6AAB-LeaderElection6 ELECTION round 0: result PASSED
2023-03-15 06:52:15,937 [f927f8e9-81c0-47cb-a281-73162d36a20e@group-A0FDA1CF6AAB-LeaderElection6] INFO  impl.RoleInfo (RoleInfo.java:shutdownLeaderElection(130)) - f927f8e9-81c0-47cb-a281-73162d36a20e: shutdown f927f8e9-81c0-47cb-a281-73162d36a20e@group-A0FDA1CF6AAB-LeaderElection6
2023-03-15 06:52:15,937 [f927f8e9-81c0-47cb-a281-73162d36a20e@group-A0FDA1CF6AAB-LeaderElection6] INFO  server.RaftServer$Division (RaftServerImpl.java:setRole(321)) - f927f8e9-81c0-47cb-a281-73162d36a20e@group-A0FDA1CF6AAB: changes role from CANDIDATE to LEADER at term 1 for changeToLeader
2023-03-15 06:52:15,937 [f927f8e9-81c0-47cb-a281-73162d36a20e@group-A0FDA1CF6AAB-LeaderElection6] INFO  ratis.XceiverServerRatis (XceiverServerRatis.java:handleLeaderChangedNotification(905)) - Leader change notification received for group: group-A0FDA1CF6AAB with new leaderId: f927f8e9-81c0-47cb-a281-73162d36a20e
2023-03-15 06:52:15,937 [f927f8e9-81c0-47cb-a281-73162d36a20e@group-A0FDA1CF6AAB-LeaderElection6] INFO  server.RaftServer$Division (ServerState.java:setLeader(313)) - f927f8e9-81c0-47cb-a281-73162d36a20e@group-A0FDA1CF6AAB: change Leader from null to f927f8e9-81c0-47cb-a281-73162d36a20e at term 1 for becomeLeader, leader elected after 5234ms
2023-03-15 06:52:15,937 [f927f8e9-81c0-47cb-a281-73162d36a20e@group-A0FDA1CF6AAB-LeaderElection6] INFO  server.RaftServerConfigKeys (ConfUtils.java:logGet(46)) - raft.server.staging.catchup.gap = 1000 (default)
2023-03-15 06:52:15,937 [f927f8e9-81c0-47cb-a281-73162d36a20e@group-A0FDA1CF6AAB-LeaderElection6] INFO  server.RaftServerConfigKeys (ConfUtils.java:logGet(46)) - raft.server.write.element-limit = 1024 (custom)
2023-03-15 06:52:15,937 [f927f8e9-81c0-47cb-a281-73162d36a20e@group-A0FDA1CF6AAB-LeaderElection6] INFO  server.RaftServerConfigKeys (ConfUtils.java:logGet(46)) - raft.server.write.byte-limit = 1024 M (=1073741824) (custom)
2023-03-15 06:52:15,938 [f927f8e9-81c0-47cb-a281-73162d36a20e@group-A0FDA1CF6AAB-LeaderElection6] INFO  server.RaftServerConfigKeys (ConfUtils.java:logGet(46)) - raft.server.watch.timeout = 180s (custom)
2023-03-15 06:52:15,938 [f927f8e9-81c0-47cb-a281-73162d36a20e@group-A0FDA1CF6AAB-LeaderElection6] INFO  server.RaftServerConfigKeys (ConfUtils.java:logGet(46)) - raft.server.watch.timeout.denomination = 1s (default)
2023-03-15 06:52:15,938 [f927f8e9-81c0-47cb-a281-73162d36a20e@group-A0FDA1CF6AAB-LeaderElection6] INFO  server.RaftServerConfigKeys (ConfUtils.java:logGet(46)) - raft.server.watch.element-limit = 65536 (default)
2023-03-15 06:52:15,938 [f927f8e9-81c0-47cb-a281-73162d36a20e@group-A0FDA1CF6AAB-LeaderElection6] INFO  server.RaftServerConfigKeys (ConfUtils.java:logGet(46)) - raft.server.write.element-limit = 1024 (custom)
2023-03-15 06:52:15,938 [f927f8e9-81c0-47cb-a281-73162d36a20e@group-A0FDA1CF6AAB-LeaderElection6] INFO  server.RaftServerConfigKeys (ConfUtils.java:logGet(46)) - raft.server.write.follower.gap.ratio.max = -1.0 (default)
2023-03-15 06:52:15,938 [grpc-default-executor-2] INFO  server.RaftServer$Division (RaftServerImpl.java:requestVote(1251)) - 934a7696-9971-43bd-bb95-0c074ad287bd@group-A0FDA1CF6AAB replies to ELECTION vote request: f927f8e9-81c0-47cb-a281-73162d36a20e<-934a7696-9971-43bd-bb95-0c074ad287bd#0:OK-t1. Peer's state: 934a7696-9971-43bd-bb95-0c074ad287bd@group-A0FDA1CF6AAB:t1, leader=null, voted=f927f8e9-81c0-47cb-a281-73162d36a20e, raftlog=Memoized:934a7696-9971-43bd-bb95-0c074ad287bd@group-A0FDA1CF6AAB-SegmentedRaftLog:OPENED:c-1, conf=-1: peers:[69770226-cf53-4475-8132-826a0d48d398|rpc:10.1.0.130:44475|dataStream:10.1.0.130:45667|priority:0|startupRole:FOLLOWER, 934a7696-9971-43bd-bb95-0c074ad287bd|rpc:10.1.0.130:40495|dataStream:10.1.0.130:40969|priority:0|startupRole:FOLLOWER, f927f8e9-81c0-47cb-a281-73162d36a20e|rpc:10.1.0.130:46105|dataStream:10.1.0.130:43039|priority:1|startupRole:FOLLOWER]|listeners:[], old=null
2023-03-15 06:52:15,938 [f927f8e9-81c0-47cb-a281-73162d36a20e@group-A0FDA1CF6AAB-LeaderElection6] INFO  server.RaftServerConfigKeys (ConfUtils.java:logGet(46)) - raft.server.log.appender.snapshot.chunk.size.max = 16MB (=16777216) (default)
2023-03-15 06:52:15,940 [f927f8e9-81c0-47cb-a281-73162d36a20e@group-A0FDA1CF6AAB-LeaderElection6] INFO  server.RaftServerConfigKeys (ConfUtils.java:logGet(46)) - raft.server.log.appender.buffer.byte-limit = 33554432 (custom)
2023-03-15 06:52:15,940 [f927f8e9-81c0-47cb-a281-73162d36a20e@group-A0FDA1CF6AAB-LeaderElection6] INFO  server.RaftServerConfigKeys (ConfUtils.java:logGet(46)) - raft.server.log.appender.buffer.element-limit = 1 (custom)
2023-03-15 06:52:15,941 [EventQueue-PipelineReportForPipelineReportHandler] INFO  pipeline.PipelineManagerImpl (PipelineManagerImpl.java:openPipeline(367)) - Pipeline Pipeline[ Id: f8d24024-cb87-4a49-af27-a0fda1cf6aab, Nodes: 69770226-cf53-4475-8132-826a0d48d398(fv-az210-452.jgpbknbp5ljuxny3rrcz4t2bbd.bx.internal.cloudapp.net/10.1.0.130)934a7696-9971-43bd-bb95-0c074ad287bd(fv-az210-452.jgpbknbp5ljuxny3rrcz4t2bbd.bx.internal.cloudapp.net/10.1.0.130)f927f8e9-81c0-47cb-a281-73162d36a20e(fv-az210-452.jgpbknbp5ljuxny3rrcz4t2bbd.bx.internal.cloudapp.net/10.1.0.130), ReplicationConfig: RATIS/THREE, State:ALLOCATED, leaderId:f927f8e9-81c0-47cb-a281-73162d36a20e, CreationTimestamp2023-03-15T06:52:08.039Z[Etc/UTC]] moved to OPEN state
2023-03-15 06:52:15,939 [69770226-cf53-4475-8132-826a0d48d398@group-A0FDA1CF6AAB-FollowerState] INFO  server.RaftServerConfigKeys (ConfUtils.java:logFallback(53)) - raft.server.rpc.first-election.timeout.min = 5s (fallback to raft.server.rpc.timeout.min)
2023-03-15 06:52:15,946 [69770226-cf53-4475-8132-826a0d48d398@group-A0FDA1CF6AAB-FollowerState] INFO  server.RaftServerConfigKeys (ConfUtils.java:logFallback(53)) - raft.server.rpc.first-election.timeout.max = 5200ms (fallback to raft.server.rpc.timeout.max)
2023-03-15 06:52:15,942 [f927f8e9-81c0-47cb-a281-73162d36a20e@group-A0FDA1CF6AAB-LeaderElection6] INFO  grpc.GrpcConfigKeys (ConfUtils.java:logGet(46)) - raft.grpc.server.leader.outstanding.appends.max = 128 (default)
2023-03-15 06:52:15,941 [EventQueue-OpenPipelineForHealthyPipelineSafeModeRule] INFO  safemode.SCMSafeModeManager (HealthyPipelineSafeModeRule.java:process(137)) - SCM in safe mode. Healthy pipelines reported count is 0, required healthy pipeline reported count is 1
2023-03-15 06:52:15,949 [EventQueue-OpenPipelineForHealthyPipelineSafeModeRule] INFO  safemode.SCMSafeModeManager (HealthyPipelineSafeModeRule.java:process(137)) - SCM in safe mode. Healthy pipelines reported count is 1, required healthy pipeline reported count is 1
2023-03-15 06:52:15,949 [EventQueue-OpenPipelineForHealthyPipelineSafeModeRule] INFO  safemode.SCMSafeModeManager (SCMSafeModeManager.java:validateSafeModeExitRules(200)) - HealthyPipelineSafeModeRule rule is successfully validated
2023-03-15 06:52:15,949 [EventQueue-OpenPipelineForHealthyPipelineSafeModeRule] INFO  safemode.SCMSafeModeManager (SCMSafeModeManager.java:validateSafeModeExitRules(215)) - ScmSafeModeManager, all rules are successfully validated
2023-03-15 06:52:15,949 [EventQueue-OpenPipelineForHealthyPipelineSafeModeRule] INFO  safemode.SCMSafeModeManager (SCMSafeModeManager.java:exitSafeMode(244)) - SCM exiting safe mode.
2023-03-15 06:52:15,949 [EventQueue-OpenPipelineForHealthyPipelineSafeModeRule] INFO  ha.SCMContext (SCMContext.java:updateSafeModeStatus(228)) - Update SafeModeStatus from SafeModeStatus{safeModeStatus=true, preCheckPassed=true} to SafeModeStatus{safeModeStatus=false, preCheckPassed=true}.
2023-03-15 06:52:15,949 [EventQueue-OpenPipelineForHealthyPipelineSafeModeRule] INFO  pipeline.BackgroundPipelineCreator (BackgroundPipelineCreator.java:notifyStatusChanged(254)) - Service BackgroundPipelineCreator transitions to RUNNING.
2023-03-15 06:52:15,949 [EventQueue-OpenPipelineForHealthyPipelineSafeModeRule] INFO  BackgroundPipelineScrubber (BackgroundSCMService.java:notifyStatusChanged(82)) - Service BackgroundPipelineScrubber transitions to RUNNING.
2023-03-15 06:52:15,949 [EventQueue-OpenPipelineForHealthyPipelineSafeModeRule] INFO  ExpiredContainerReplicaOpScrubber (BackgroundSCMService.java:notifyStatusChanged(82)) - Service ExpiredContainerReplicaOpScrubber transitions to RUNNING.
2023-03-15 06:52:15,949 [EventQueue-OpenPipelineForHealthyPipelineSafeModeRule] INFO  replication.ReplicationManager (ReplicationManager.java:notifyStatusChanged(1156)) - Service ReplicationManager transitions to RUNNING.
2023-03-15 06:52:15,952 [f927f8e9-81c0-47cb-a281-73162d36a20e@group-A0FDA1CF6AAB-LeaderElection6] INFO  server.RaftServerConfigKeys (ConfUtils.java:logGet(46)) - raft.server.rpc.request.timeout = 60s (custom)
2023-03-15 06:52:15,953 [f927f8e9-81c0-47cb-a281-73162d36a20e@group-A0FDA1CF6AAB-LeaderElection6] INFO  server.RaftServerConfigKeys (ConfUtils.java:logGet(46)) - raft.server.log.appender.install.snapshot.enabled = false (custom)
2023-03-15 06:52:15,953 [f927f8e9-81c0-47cb-a281-73162d36a20e@group-A0FDA1CF6AAB-LeaderElection6] INFO  grpc.GrpcConfigKeys (ConfUtils.java:logGet(46)) - raft.grpc.server.heartbeat.channel = true (default)
2023-03-15 06:52:15,953 [f927f8e9-81c0-47cb-a281-73162d36a20e@group-A0FDA1CF6AAB-LeaderElection6] INFO  server.RaftServerConfigKeys (ConfUtils.java:logGet(46)) - raft.server.log.appender.wait-time.min = 10ms (default)
2023-03-15 06:52:15,954 [f927f8e9-81c0-47cb-a281-73162d36a20e@group-A0FDA1CF6AAB-LeaderElection6] INFO  server.RaftServerConfigKeys (ConfUtils.java:logGet(46)) - raft.server.log.appender.snapshot.chunk.size.max = 16MB (=16777216) (default)
2023-03-15 06:52:15,954 [f927f8e9-81c0-47cb-a281-73162d36a20e@group-A0FDA1CF6AAB-LeaderElection6] INFO  server.RaftServerConfigKeys (ConfUtils.java:logGet(46)) - raft.server.log.appender.buffer.byte-limit = 33554432 (custom)
2023-03-15 06:52:15,954 [f927f8e9-81c0-47cb-a281-73162d36a20e@group-A0FDA1CF6AAB-LeaderElection6] INFO  server.RaftServerConfigKeys (ConfUtils.java:logGet(46)) - raft.server.log.appender.buffer.element-limit = 1 (custom)
2023-03-15 06:52:15,954 [f927f8e9-81c0-47cb-a281-73162d36a20e@group-A0FDA1CF6AAB-LeaderElection6] INFO  grpc.GrpcConfigKeys (ConfUtils.java:logGet(46)) - raft.grpc.server.leader.outstanding.appends.max = 128 (default)
2023-03-15 06:52:15,954 [f927f8e9-81c0-47cb-a281-73162d36a20e@group-A0FDA1CF6AAB-LeaderElection6] INFO  server.RaftServerConfigKeys (ConfUtils.java:logGet(46)) - raft.server.rpc.request.timeout = 60s (custom)
2023-03-15 06:52:15,954 [f927f8e9-81c0-47cb-a281-73162d36a20e@group-A0FDA1CF6AAB-LeaderElection6] INFO  server.RaftServerConfigKeys (ConfUtils.java:logGet(46)) - raft.server.log.appender.install.snapshot.enabled = false (custom)
2023-03-15 06:52:15,954 [f927f8e9-81c0-47cb-a281-73162d36a20e@group-A0FDA1CF6AAB-LeaderElection6] INFO  grpc.GrpcConfigKeys (ConfUtils.java:logGet(46)) - raft.grpc.server.heartbeat.channel = true (default)
2023-03-15 06:52:15,954 [f927f8e9-81c0-47cb-a281-73162d36a20e@group-A0FDA1CF6AAB-LeaderElection6] INFO  server.RaftServerConfigKeys (ConfUtils.java:logGet(46)) - raft.server.log.appender.wait-time.min = 10ms (default)
2023-03-15 06:52:15,956 [f927f8e9-81c0-47cb-a281-73162d36a20e@group-A0FDA1CF6AAB-LeaderElection6] INFO  impl.RoleInfo (RoleInfo.java:updateAndGet(139)) - f927f8e9-81c0-47cb-a281-73162d36a20e: start f927f8e9-81c0-47cb-a281-73162d36a20e@group-A0FDA1CF6AAB-LeaderStateImpl
2023-03-15 06:52:15,956 [f927f8e9-81c0-47cb-a281-73162d36a20e@group-A0FDA1CF6AAB-LeaderElection6] INFO  segmented.SegmentedRaftLogWorker (SegmentedRaftLogWorker.java:startLogSegment(452)) - f927f8e9-81c0-47cb-a281-73162d36a20e@group-A0FDA1CF6AAB-SegmentedRaftLogWorker: Starting segment from index:0
2023-03-15 06:52:15,956 [EventQueue-OpenPipelineForHealthyPipelineSafeModeRule] WARN  balancer.ContainerBalancer (ContainerBalancer.java:shouldRun(131)) - Could not find persisted configuration for ContainerBalancer when checking if ContainerBalancer should run. ContainerBalancer should not run now.
2023-03-15 06:52:15,958 [f927f8e9-81c0-47cb-a281-73162d36a20e@group-A0FDA1CF6AAB-SegmentedRaftLogWorker] INFO  segmented.SegmentedRaftLogWorker (SegmentedRaftLogWorker.java:execute(656)) - f927f8e9-81c0-47cb-a281-73162d36a20e@group-A0FDA1CF6AAB-SegmentedRaftLogWorker: created new log segment /home/runner/work/ozone/ozone/hadoop-ozone/integration-test/target/test-dir/MiniOzoneClusterImpl-e79b0a94-dba3-4ba8-a298-d2d15914ceac/datanode-1/data/ratis/f8d24024-cb87-4a49-af27-a0fda1cf6aab/current/log_inprogress_0
2023-03-15 06:52:15,975 [f927f8e9-81c0-47cb-a281-73162d36a20e@group-A0FDA1CF6AAB-LeaderElection6] INFO  server.RaftServer$Division (ServerState.java:setRaftConf(430)) - f927f8e9-81c0-47cb-a281-73162d36a20e@group-A0FDA1CF6AAB: set configuration 0: peers:[69770226-cf53-4475-8132-826a0d48d398|rpc:10.1.0.130:44475|dataStream:10.1.0.130:45667|priority:0|startupRole:FOLLOWER, 934a7696-9971-43bd-bb95-0c074ad287bd|rpc:10.1.0.130:40495|dataStream:10.1.0.130:40969|priority:0|startupRole:FOLLOWER, f927f8e9-81c0-47cb-a281-73162d36a20e|rpc:10.1.0.130:46105|dataStream:10.1.0.130:43039|priority:1|startupRole:FOLLOWER]|listeners:[], old=null
2023-03-15 06:52:15,983 [f927f8e9-81c0-47cb-a281-73162d36a20e@group-BDFEFBBA6613-FollowerState] INFO  server.RaftServerConfigKeys (ConfUtils.java:logFallback(53)) - raft.server.rpc.first-election.timeout.min = 5s (fallback to raft.server.rpc.timeout.min)
2023-03-15 06:52:15,983 [f927f8e9-81c0-47cb-a281-73162d36a20e@group-BDFEFBBA6613-FollowerState] INFO  server.RaftServerConfigKeys (ConfUtils.java:logFallback(53)) - raft.server.rpc.first-election.timeout.max = 5200ms (fallback to raft.server.rpc.timeout.max)
2023-03-15 06:52:15,987 [69770226-cf53-4475-8132-826a0d48d398-server-thread1] INFO  ratis.XceiverServerRatis (XceiverServerRatis.java:handleLeaderChangedNotification(905)) - Leader change notification received for group: group-A0FDA1CF6AAB with new leaderId: f927f8e9-81c0-47cb-a281-73162d36a20e
2023-03-15 06:52:15,994 [69770226-cf53-4475-8132-826a0d48d398-server-thread1] INFO  server.RaftServer$Division (ServerState.java:setLeader(313)) - 69770226-cf53-4475-8132-826a0d48d398@group-A0FDA1CF6AAB: change Leader from null to f927f8e9-81c0-47cb-a281-73162d36a20e at term 1 for appendEntries, leader elected after 5729ms
2023-03-15 06:52:16,003 [934a7696-9971-43bd-bb95-0c074ad287bd-server-thread1] INFO  ratis.XceiverServerRatis (XceiverServerRatis.java:handleLeaderChangedNotification(905)) - Leader change notification received for group: group-A0FDA1CF6AAB with new leaderId: f927f8e9-81c0-47cb-a281-73162d36a20e
2023-03-15 06:52:16,003 [934a7696-9971-43bd-bb95-0c074ad287bd-server-thread1] INFO  server.RaftServer$Division (ServerState.java:setLeader(313)) - 934a7696-9971-43bd-bb95-0c074ad287bd@group-A0FDA1CF6AAB: change Leader from null to f927f8e9-81c0-47cb-a281-73162d36a20e at term 1 for appendEntries, leader elected after 5397ms
2023-03-15 06:52:16,004 [69770226-cf53-4475-8132-826a0d48d398-server-thread2] INFO  server.RaftServer$Division (ServerState.java:setRaftConf(430)) - 69770226-cf53-4475-8132-826a0d48d398@group-A0FDA1CF6AAB: set configuration 0: peers:[69770226-cf53-4475-8132-826a0d48d398|rpc:10.1.0.130:44475|dataStream:10.1.0.130:45667|priority:0|startupRole:FOLLOWER, 934a7696-9971-43bd-bb95-0c074ad287bd|rpc:10.1.0.130:40495|dataStream:10.1.0.130:40969|priority:0|startupRole:FOLLOWER, f927f8e9-81c0-47cb-a281-73162d36a20e|rpc:10.1.0.130:46105|dataStream:10.1.0.130:43039|priority:1|startupRole:FOLLOWER]|listeners:[], old=null
2023-03-15 06:52:16,004 [69770226-cf53-4475-8132-826a0d48d398-server-thread2] INFO  segmented.SegmentedRaftLogWorker (SegmentedRaftLogWorker.java:startLogSegment(452)) - 69770226-cf53-4475-8132-826a0d48d398@group-A0FDA1CF6AAB-SegmentedRaftLogWorker: Starting segment from index:0
2023-03-15 06:52:16,006 [934a7696-9971-43bd-bb95-0c074ad287bd-server-thread2] INFO  server.RaftServer$Division (ServerState.java:setRaftConf(430)) - 934a7696-9971-43bd-bb95-0c074ad287bd@group-A0FDA1CF6AAB: set configuration 0: peers:[69770226-cf53-4475-8132-826a0d48d398|rpc:10.1.0.130:44475|dataStream:10.1.0.130:45667|priority:0|startupRole:FOLLOWER, 934a7696-9971-43bd-bb95-0c074ad287bd|rpc:10.1.0.130:40495|dataStream:10.1.0.130:40969|priority:0|startupRole:FOLLOWER, f927f8e9-81c0-47cb-a281-73162d36a20e|rpc:10.1.0.130:46105|dataStream:10.1.0.130:43039|priority:1|startupRole:FOLLOWER]|listeners:[], old=null
2023-03-15 06:52:16,006 [69770226-cf53-4475-8132-826a0d48d398@group-A0FDA1CF6AAB-SegmentedRaftLogWorker] INFO  segmented.SegmentedRaftLogWorker (SegmentedRaftLogWorker.java:execute(656)) - 69770226-cf53-4475-8132-826a0d48d398@group-A0FDA1CF6AAB-SegmentedRaftLogWorker: created new log segment /home/runner/work/ozone/ozone/hadoop-ozone/integration-test/target/test-dir/MiniOzoneClusterImpl-e79b0a94-dba3-4ba8-a298-d2d15914ceac/datanode-0/data/ratis/f8d24024-cb87-4a49-af27-a0fda1cf6aab/current/log_inprogress_0
2023-03-15 06:52:16,007 [934a7696-9971-43bd-bb95-0c074ad287bd-server-thread2] INFO  segmented.SegmentedRaftLogWorker (SegmentedRaftLogWorker.java:startLogSegment(452)) - 934a7696-9971-43bd-bb95-0c074ad287bd@group-A0FDA1CF6AAB-SegmentedRaftLogWorker: Starting segment from index:0
2023-03-15 06:52:16,010 [934a7696-9971-43bd-bb95-0c074ad287bd@group-A0FDA1CF6AAB-SegmentedRaftLogWorker] INFO  segmented.SegmentedRaftLogWorker (SegmentedRaftLogWorker.java:execute(656)) - 934a7696-9971-43bd-bb95-0c074ad287bd@group-A0FDA1CF6AAB-SegmentedRaftLogWorker: created new log segment /home/runner/work/ozone/ozone/hadoop-ozone/integration-test/target/test-dir/MiniOzoneClusterImpl-e79b0a94-dba3-4ba8-a298-d2d15914ceac/datanode-2/data/ratis/f8d24024-cb87-4a49-af27-a0fda1cf6aab/current/log_inprogress_0
2023-03-15 06:52:16,013 [934a7696-9971-43bd-bb95-0c074ad287bd@group-BDFEFBBA6613-FollowerState] INFO  impl.FollowerState (FollowerState.java:run(143)) - 934a7696-9971-43bd-bb95-0c074ad287bd@group-BDFEFBBA6613-FollowerState: change to CANDIDATE, lastRpcElapsedTime:5105627829ns, electionTimeout:5079ms
2023-03-15 06:52:16,014 [934a7696-9971-43bd-bb95-0c074ad287bd@group-BDFEFBBA6613-FollowerState] INFO  impl.RoleInfo (RoleInfo.java:shutdownFollowerState(110)) - 934a7696-9971-43bd-bb95-0c074ad287bd: shutdown 934a7696-9971-43bd-bb95-0c074ad287bd@group-BDFEFBBA6613-FollowerState
2023-03-15 06:52:16,014 [934a7696-9971-43bd-bb95-0c074ad287bd@group-BDFEFBBA6613-FollowerState] INFO  server.RaftServer$Division (RaftServerImpl.java:setRole(321)) - 934a7696-9971-43bd-bb95-0c074ad287bd@group-BDFEFBBA6613: changes role from  FOLLOWER to CANDIDATE at term 0 for changeToCandidate
2023-03-15 06:52:16,014 [934a7696-9971-43bd-bb95-0c074ad287bd@group-BDFEFBBA6613-FollowerState] INFO  server.RaftServerConfigKeys (ConfUtils.java:logGet(46)) - raft.server.leaderelection.pre-vote = true (default)
2023-03-15 06:52:16,014 [934a7696-9971-43bd-bb95-0c074ad287bd@group-BDFEFBBA6613-FollowerState] INFO  impl.RoleInfo (RoleInfo.java:updateAndGet(139)) - 934a7696-9971-43bd-bb95-0c074ad287bd: start 934a7696-9971-43bd-bb95-0c074ad287bd@group-BDFEFBBA6613-LeaderElection7
2023-03-15 06:52:16,016 [934a7696-9971-43bd-bb95-0c074ad287bd@group-BDFEFBBA6613-LeaderElection7] INFO  impl.LeaderElection (LeaderElection.java:askForVotes(312)) - 934a7696-9971-43bd-bb95-0c074ad287bd@group-BDFEFBBA6613-LeaderElection7 PRE_VOTE round 0: submit vote requests at term 0 for -1: peers:[69770226-cf53-4475-8132-826a0d48d398|rpc:10.1.0.130:44475|dataStream:10.1.0.130:45667|priority:0|startupRole:FOLLOWER, 934a7696-9971-43bd-bb95-0c074ad287bd|rpc:10.1.0.130:40495|dataStream:10.1.0.130:40969|priority:1|startupRole:FOLLOWER, f927f8e9-81c0-47cb-a281-73162d36a20e|rpc:10.1.0.130:46105|dataStream:10.1.0.130:43039|priority:0|startupRole:FOLLOWER]|listeners:[], old=null
2023-03-15 06:52:16,017 [934a7696-9971-43bd-bb95-0c074ad287bd@group-BDFEFBBA6613-LeaderElection7-1] INFO  server.GrpcServerProtocolClient (GrpcServerProtocolClient.java:<init>(63)) - Build channel for 69770226-cf53-4475-8132-826a0d48d398
2023-03-15 06:52:16,020 [934a7696-9971-43bd-bb95-0c074ad287bd@group-BDFEFBBA6613-LeaderElection7] INFO  server.RaftServerConfigKeys (ConfUtils.java:logFallback(53)) - raft.server.rpc.first-election.timeout.min = 5s (fallback to raft.server.rpc.timeout.min)
2023-03-15 06:52:16,027 [934a7696-9971-43bd-bb95-0c074ad287bd@group-BDFEFBBA6613-LeaderElection7] INFO  server.RaftServerConfigKeys (ConfUtils.java:logFallback(53)) - raft.server.rpc.first-election.timeout.max = 5200ms (fallback to raft.server.rpc.timeout.max)
2023-03-15 06:52:16,027 [934a7696-9971-43bd-bb95-0c074ad287bd@group-BDFEFBBA6613-LeaderElection7-2] INFO  server.GrpcServerProtocolClient (GrpcServerProtocolClient.java:<init>(63)) - Build channel for f927f8e9-81c0-47cb-a281-73162d36a20e
2023-03-15 06:52:16,032 [Listener at 127.0.0.1/39575] INFO  ozone.MiniOzoneClusterImpl (MiniOzoneClusterImpl.java:lambda$waitForClusterToBeReady$0(218)) - Nodes are ready. Got 3 of 3 DN Heartbeats.
2023-03-15 06:52:16,033 [Listener at 127.0.0.1/39575] INFO  ozone.MiniOzoneClusterImpl (MiniOzoneClusterImpl.java:lambda$waitForClusterToBeReady$0(221)) - Cluster exits safe mode
2023-03-15 06:52:16,033 [Listener at 127.0.0.1/39575] INFO  ozone.MiniOzoneClusterImpl (MiniOzoneClusterImpl.java:lambda$waitForClusterToBeReady$0(223)) - SCM became leader
2023-03-15 06:52:16,033 [grpc-default-executor-0] INFO  server.RaftServer$Division (RaftServerImpl.java:requestVote(1218)) - 69770226-cf53-4475-8132-826a0d48d398@group-BDFEFBBA6613: receive requestVote(PRE_VOTE, 934a7696-9971-43bd-bb95-0c074ad287bd, group-BDFEFBBA6613, 0, (t:0, i:0))
2023-03-15 06:52:16,033 [grpc-default-executor-0] INFO  impl.VoteContext (VoteContext.java:log(49)) - 69770226-cf53-4475-8132-826a0d48d398@group-BDFEFBBA6613-FOLLOWER: accept PRE_VOTE from 934a7696-9971-43bd-bb95-0c074ad287bd: our priority 0 <= candidate's priority 1
2023-03-15 06:52:16,033 [grpc-default-executor-0] INFO  server.RaftServer$Division (RaftServerImpl.java:requestVote(1251)) - 69770226-cf53-4475-8132-826a0d48d398@group-BDFEFBBA6613 replies to PRE_VOTE vote request: 934a7696-9971-43bd-bb95-0c074ad287bd<-69770226-cf53-4475-8132-826a0d48d398#0:OK-t0. Peer's state: 69770226-cf53-4475-8132-826a0d48d398@group-BDFEFBBA6613:t0, leader=null, voted=, raftlog=Memoized:69770226-cf53-4475-8132-826a0d48d398@group-BDFEFBBA6613-SegmentedRaftLog:OPENED:c-1, conf=-1: peers:[69770226-cf53-4475-8132-826a0d48d398|rpc:10.1.0.130:44475|dataStream:10.1.0.130:45667|priority:0|startupRole:FOLLOWER, 934a7696-9971-43bd-bb95-0c074ad287bd|rpc:10.1.0.130:40495|dataStream:10.1.0.130:40969|priority:1|startupRole:FOLLOWER, f927f8e9-81c0-47cb-a281-73162d36a20e|rpc:10.1.0.130:46105|dataStream:10.1.0.130:43039|priority:0|startupRole:FOLLOWER]|listeners:[], old=null
2023-03-15 06:52:16,041 [grpc-default-executor-0] INFO  server.RaftServer$Division (RaftServerImpl.java:requestVote(1218)) - f927f8e9-81c0-47cb-a281-73162d36a20e@group-BDFEFBBA6613: receive requestVote(PRE_VOTE, 934a7696-9971-43bd-bb95-0c074ad287bd, group-BDFEFBBA6613, 0, (t:0, i:0))
2023-03-15 06:52:16,041 [grpc-default-executor-0] INFO  impl.VoteContext (VoteContext.java:log(49)) - f927f8e9-81c0-47cb-a281-73162d36a20e@group-BDFEFBBA6613-FOLLOWER: accept PRE_VOTE from 934a7696-9971-43bd-bb95-0c074ad287bd: our priority 0 <= candidate's priority 1
2023-03-15 06:52:16,042 [grpc-default-executor-0] INFO  server.RaftServer$Division (RaftServerImpl.java:requestVote(1251)) - f927f8e9-81c0-47cb-a281-73162d36a20e@group-BDFEFBBA6613 replies to PRE_VOTE vote request: 934a7696-9971-43bd-bb95-0c074ad287bd<-f927f8e9-81c0-47cb-a281-73162d36a20e#0:OK-t0. Peer's state: f927f8e9-81c0-47cb-a281-73162d36a20e@group-BDFEFBBA6613:t0, leader=null, voted=, raftlog=Memoized:f927f8e9-81c0-47cb-a281-73162d36a20e@group-BDFEFBBA6613-SegmentedRaftLog:OPENED:c-1, conf=-1: peers:[69770226-cf53-4475-8132-826a0d48d398|rpc:10.1.0.130:44475|dataStream:10.1.0.130:45667|priority:0|startupRole:FOLLOWER, 934a7696-9971-43bd-bb95-0c074ad287bd|rpc:10.1.0.130:40495|dataStream:10.1.0.130:40969|priority:1|startupRole:FOLLOWER, f927f8e9-81c0-47cb-a281-73162d36a20e|rpc:10.1.0.130:46105|dataStream:10.1.0.130:43039|priority:0|startupRole:FOLLOWER]|listeners:[], old=null
2023-03-15 06:52:16,043 [934a7696-9971-43bd-bb95-0c074ad287bd@group-BDFEFBBA6613-LeaderElection7] INFO  impl.LeaderElection (LeaderElection.java:logAndReturn(90)) - 934a7696-9971-43bd-bb95-0c074ad287bd@group-BDFEFBBA6613-LeaderElection7: PRE_VOTE PASSED received 1 response(s) and 0 exception(s):
2023-03-15 06:52:16,044 [934a7696-9971-43bd-bb95-0c074ad287bd@group-BDFEFBBA6613-LeaderElection7] INFO  impl.LeaderElection (LeaderElection.java:logAndReturn(94)) -   Response 0: 934a7696-9971-43bd-bb95-0c074ad287bd<-f927f8e9-81c0-47cb-a281-73162d36a20e#0:OK-t0
2023-03-15 06:52:16,044 [934a7696-9971-43bd-bb95-0c074ad287bd@group-BDFEFBBA6613-LeaderElection7] INFO  impl.LeaderElection (LeaderElection.java:askForVotes(314)) - 934a7696-9971-43bd-bb95-0c074ad287bd@group-BDFEFBBA6613-LeaderElection7 PRE_VOTE round 0: result PASSED
2023-03-15 06:52:16,049 [934a7696-9971-43bd-bb95-0c074ad287bd@group-BDFEFBBA6613-LeaderElection7] INFO  impl.LeaderElection (LeaderElection.java:askForVotes(312)) - 934a7696-9971-43bd-bb95-0c074ad287bd@group-BDFEFBBA6613-LeaderElection7 ELECTION round 0: submit vote requests at term 1 for -1: peers:[69770226-cf53-4475-8132-826a0d48d398|rpc:10.1.0.130:44475|dataStream:10.1.0.130:45667|priority:0|startupRole:FOLLOWER, 934a7696-9971-43bd-bb95-0c074ad287bd|rpc:10.1.0.130:40495|dataStream:10.1.0.130:40969|priority:1|startupRole:FOLLOWER, f927f8e9-81c0-47cb-a281-73162d36a20e|rpc:10.1.0.130:46105|dataStream:10.1.0.130:43039|priority:0|startupRole:FOLLOWER]|listeners:[], old=null
2023-03-15 06:52:16,050 [934a7696-9971-43bd-bb95-0c074ad287bd@group-BDFEFBBA6613-LeaderElection7] INFO  server.RaftServerConfigKeys (ConfUtils.java:logFallback(53)) - raft.server.rpc.first-election.timeout.min = 5s (fallback to raft.server.rpc.timeout.min)
2023-03-15 06:52:16,050 [934a7696-9971-43bd-bb95-0c074ad287bd@group-BDFEFBBA6613-LeaderElection7] INFO  server.RaftServerConfigKeys (ConfUtils.java:logFallback(53)) - raft.server.rpc.first-election.timeout.max = 5200ms (fallback to raft.server.rpc.timeout.max)
2023-03-15 06:52:16,050 [934a7696-9971-43bd-bb95-0c074ad287bd@group-1655CFBDF5EF-FollowerState] INFO  impl.FollowerState (FollowerState.java:run(143)) - 934a7696-9971-43bd-bb95-0c074ad287bd@group-1655CFBDF5EF-FollowerState: change to CANDIDATE, lastRpcElapsedTime:5002366939ns, electionTimeout:5001ms
2023-03-15 06:52:16,059 [934a7696-9971-43bd-bb95-0c074ad287bd@group-1655CFBDF5EF-FollowerState] INFO  impl.RoleInfo (RoleInfo.java:shutdownFollowerState(110)) - 934a7696-9971-43bd-bb95-0c074ad287bd: shutdown 934a7696-9971-43bd-bb95-0c074ad287bd@group-1655CFBDF5EF-FollowerState
2023-03-15 06:52:16,059 [934a7696-9971-43bd-bb95-0c074ad287bd@group-1655CFBDF5EF-FollowerState] INFO  server.RaftServer$Division (RaftServerImpl.java:setRole(321)) - 934a7696-9971-43bd-bb95-0c074ad287bd@group-1655CFBDF5EF: changes role from  FOLLOWER to CANDIDATE at term 0 for changeToCandidate
2023-03-15 06:52:16,059 [934a7696-9971-43bd-bb95-0c074ad287bd@group-1655CFBDF5EF-FollowerState] INFO  server.RaftServerConfigKeys (ConfUtils.java:logGet(46)) - raft.server.leaderelection.pre-vote = true (default)
2023-03-15 06:52:16,059 [934a7696-9971-43bd-bb95-0c074ad287bd@group-1655CFBDF5EF-FollowerState] INFO  impl.RoleInfo (RoleInfo.java:updateAndGet(139)) - 934a7696-9971-43bd-bb95-0c074ad287bd: start 934a7696-9971-43bd-bb95-0c074ad287bd@group-1655CFBDF5EF-LeaderElection8
2023-03-15 06:52:16,060 [grpc-default-executor-0] INFO  server.RaftServer$Division (RaftServerImpl.java:requestVote(1218)) - 69770226-cf53-4475-8132-826a0d48d398@group-BDFEFBBA6613: receive requestVote(ELECTION, 934a7696-9971-43bd-bb95-0c074ad287bd, group-BDFEFBBA6613, 1, (t:0, i:0))
2023-03-15 06:52:16,060 [grpc-default-executor-0] INFO  impl.VoteContext (VoteContext.java:log(49)) - 69770226-cf53-4475-8132-826a0d48d398@group-BDFEFBBA6613-FOLLOWER: accept ELECTION from 934a7696-9971-43bd-bb95-0c074ad287bd: our priority 0 <= candidate's priority 1
2023-03-15 06:52:16,060 [grpc-default-executor-0] INFO  server.RaftServer$Division (RaftServerImpl.java:setRole(321)) - 69770226-cf53-4475-8132-826a0d48d398@group-BDFEFBBA6613: changes role from  FOLLOWER to FOLLOWER at term 1 for candidate:934a7696-9971-43bd-bb95-0c074ad287bd
2023-03-15 06:52:16,060 [grpc-default-executor-0] INFO  impl.RoleInfo (RoleInfo.java:shutdownFollowerState(110)) - 69770226-cf53-4475-8132-826a0d48d398: shutdown 69770226-cf53-4475-8132-826a0d48d398@group-BDFEFBBA6613-FollowerState
2023-03-15 06:52:16,060 [grpc-default-executor-2] INFO  server.RaftServer$Division (RaftServerImpl.java:requestVote(1218)) - f927f8e9-81c0-47cb-a281-73162d36a20e@group-BDFEFBBA6613: receive requestVote(ELECTION, 934a7696-9971-43bd-bb95-0c074ad287bd, group-BDFEFBBA6613, 1, (t:0, i:0))
2023-03-15 06:52:16,060 [grpc-default-executor-2] INFO  impl.VoteContext (VoteContext.java:log(49)) - f927f8e9-81c0-47cb-a281-73162d36a20e@group-BDFEFBBA6613-FOLLOWER: accept ELECTION from 934a7696-9971-43bd-bb95-0c074ad287bd: our priority 0 <= candidate's priority 1
2023-03-15 06:52:16,060 [grpc-default-executor-2] INFO  server.RaftServer$Division (RaftServerImpl.java:setRole(321)) - f927f8e9-81c0-47cb-a281-73162d36a20e@group-BDFEFBBA6613: changes role from  FOLLOWER to FOLLOWER at term 1 for candidate:934a7696-9971-43bd-bb95-0c074ad287bd
2023-03-15 06:52:16,060 [grpc-default-executor-2] INFO  impl.RoleInfo (RoleInfo.java:shutdownFollowerState(110)) - f927f8e9-81c0-47cb-a281-73162d36a20e: shutdown f927f8e9-81c0-47cb-a281-73162d36a20e@group-BDFEFBBA6613-FollowerState
2023-03-15 06:52:16,070 [grpc-default-executor-0] INFO  impl.RoleInfo (RoleInfo.java:updateAndGet(139)) - 69770226-cf53-4475-8132-826a0d48d398: start 69770226-cf53-4475-8132-826a0d48d398@group-BDFEFBBA6613-FollowerState
2023-03-15 06:52:16,070 [69770226-cf53-4475-8132-826a0d48d398@group-BDFEFBBA6613-FollowerState] INFO  impl.FollowerState (FollowerState.java:run(152)) - 69770226-cf53-4475-8132-826a0d48d398@group-BDFEFBBA6613-FollowerState was interrupted
2023-03-15 06:52:16,072 [f927f8e9-81c0-47cb-a281-73162d36a20e@group-BDFEFBBA6613-FollowerState] INFO  impl.FollowerState (FollowerState.java:run(152)) - f927f8e9-81c0-47cb-a281-73162d36a20e@group-BDFEFBBA6613-FollowerState was interrupted
2023-03-15 06:52:16,073 [grpc-default-executor-0] INFO  server.RaftServer$Division (RaftServerImpl.java:requestVote(1251)) - 69770226-cf53-4475-8132-826a0d48d398@group-BDFEFBBA6613 replies to ELECTION vote request: 934a7696-9971-43bd-bb95-0c074ad287bd<-69770226-cf53-4475-8132-826a0d48d398#0:OK-t1. Peer's state: 69770226-cf53-4475-8132-826a0d48d398@group-BDFEFBBA6613:t1, leader=null, voted=934a7696-9971-43bd-bb95-0c074ad287bd, raftlog=Memoized:69770226-cf53-4475-8132-826a0d48d398@group-BDFEFBBA6613-SegmentedRaftLog:OPENED:c-1, conf=-1: peers:[69770226-cf53-4475-8132-826a0d48d398|rpc:10.1.0.130:44475|dataStream:10.1.0.130:45667|priority:0|startupRole:FOLLOWER, 934a7696-9971-43bd-bb95-0c074ad287bd|rpc:10.1.0.130:40495|dataStream:10.1.0.130:40969|priority:1|startupRole:FOLLOWER, f927f8e9-81c0-47cb-a281-73162d36a20e|rpc:10.1.0.130:46105|dataStream:10.1.0.130:43039|priority:0|startupRole:FOLLOWER]|listeners:[], old=null
2023-03-15 06:52:16,074 [grpc-default-executor-2] INFO  impl.RoleInfo (RoleInfo.java:updateAndGet(139)) - f927f8e9-81c0-47cb-a281-73162d36a20e: start f927f8e9-81c0-47cb-a281-73162d36a20e@group-BDFEFBBA6613-FollowerState
2023-03-15 06:52:16,074 [934a7696-9971-43bd-bb95-0c074ad287bd@group-BDFEFBBA6613-LeaderElection7] INFO  impl.LeaderElection (LeaderElection.java:logAndReturn(90)) - 934a7696-9971-43bd-bb95-0c074ad287bd@group-BDFEFBBA6613-LeaderElection7: ELECTION PASSED received 1 response(s) and 0 exception(s):
2023-03-15 06:52:16,088 [934a7696-9971-43bd-bb95-0c074ad287bd@group-1655CFBDF5EF-LeaderElection8] INFO  impl.LeaderElection (LeaderElection.java:askForVotes(312)) - 934a7696-9971-43bd-bb95-0c074ad287bd@group-1655CFBDF5EF-LeaderElection8 PRE_VOTE round 0: submit vote requests at term 0 for -1: peers:[934a7696-9971-43bd-bb95-0c074ad287bd|rpc:10.1.0.130:40495|dataStream:10.1.0.130:40969|priority:1|startupRole:FOLLOWER]|listeners:[], old=null
2023-03-15 06:52:16,088 [934a7696-9971-43bd-bb95-0c074ad287bd@group-BDFEFBBA6613-LeaderElection7] INFO  impl.LeaderElection (LeaderElection.java:logAndReturn(94)) -   Response 0: 934a7696-9971-43bd-bb95-0c074ad287bd<-69770226-cf53-4475-8132-826a0d48d398#0:OK-t1
2023-03-15 06:52:16,088 [934a7696-9971-43bd-bb95-0c074ad287bd@group-BDFEFBBA6613-LeaderElection7] INFO  impl.LeaderElection (LeaderElection.java:askForVotes(314)) - 934a7696-9971-43bd-bb95-0c074ad287bd@group-BDFEFBBA6613-LeaderElection7 ELECTION round 0: result PASSED
2023-03-15 06:52:16,088 [934a7696-9971-43bd-bb95-0c074ad287bd@group-1655CFBDF5EF-LeaderElection8] INFO  impl.LeaderElection (LeaderElection.java:askForVotes(314)) - 934a7696-9971-43bd-bb95-0c074ad287bd@group-1655CFBDF5EF-LeaderElection8 PRE_VOTE round 0: result PASSED (term=0)
2023-03-15 06:52:16,087 [grpc-default-executor-2] INFO  server.RaftServer$Division (RaftServerImpl.java:requestVote(1251)) - f927f8e9-81c0-47cb-a281-73162d36a20e@group-BDFEFBBA6613 replies to ELECTION vote request: 934a7696-9971-43bd-bb95-0c074ad287bd<-f927f8e9-81c0-47cb-a281-73162d36a20e#0:OK-t1. Peer's state: f927f8e9-81c0-47cb-a281-73162d36a20e@group-BDFEFBBA6613:t1, leader=null, voted=934a7696-9971-43bd-bb95-0c074ad287bd, raftlog=Memoized:f927f8e9-81c0-47cb-a281-73162d36a20e@group-BDFEFBBA6613-SegmentedRaftLog:OPENED:c-1, conf=-1: peers:[69770226-cf53-4475-8132-826a0d48d398|rpc:10.1.0.130:44475|dataStream:10.1.0.130:45667|priority:0|startupRole:FOLLOWER, 934a7696-9971-43bd-bb95-0c074ad287bd|rpc:10.1.0.130:40495|dataStream:10.1.0.130:40969|priority:1|startupRole:FOLLOWER, f927f8e9-81c0-47cb-a281-73162d36a20e|rpc:10.1.0.130:46105|dataStream:10.1.0.130:43039|priority:0|startupRole:FOLLOWER]|listeners:[], old=null
2023-03-15 06:52:16,078 [f927f8e9-81c0-47cb-a281-73162d36a20e@group-BDFEFBBA6613-FollowerState] INFO  server.RaftServerConfigKeys (ConfUtils.java:logFallback(53)) - raft.server.rpc.first-election.timeout.min = 5s (fallback to raft.server.rpc.timeout.min)
2023-03-15 06:52:16,090 [f927f8e9-81c0-47cb-a281-73162d36a20e@group-BDFEFBBA6613-FollowerState] INFO  server.RaftServerConfigKeys (ConfUtils.java:logFallback(53)) - raft.server.rpc.first-election.timeout.max = 5200ms (fallback to raft.server.rpc.timeout.max)
2023-03-15 06:52:16,076 [69770226-cf53-4475-8132-826a0d48d398@group-BDFEFBBA6613-FollowerState] INFO  server.RaftServerConfigKeys (ConfUtils.java:logFallback(53)) - raft.server.rpc.first-election.timeout.min = 5s (fallback to raft.server.rpc.timeout.min)
2023-03-15 06:52:16,090 [69770226-cf53-4475-8132-826a0d48d398@group-BDFEFBBA6613-FollowerState] INFO  server.RaftServerConfigKeys (ConfUtils.java:logFallback(53)) - raft.server.rpc.first-election.timeout.max = 5200ms (fallback to raft.server.rpc.timeout.max)
2023-03-15 06:52:16,088 [934a7696-9971-43bd-bb95-0c074ad287bd@group-BDFEFBBA6613-LeaderElection7] INFO  impl.RoleInfo (RoleInfo.java:shutdownLeaderElection(130)) - 934a7696-9971-43bd-bb95-0c074ad287bd: shutdown 934a7696-9971-43bd-bb95-0c074ad287bd@group-BDFEFBBA6613-LeaderElection7
2023-03-15 06:52:16,090 [934a7696-9971-43bd-bb95-0c074ad287bd@group-BDFEFBBA6613-LeaderElection7] INFO  server.RaftServer$Division (RaftServerImpl.java:setRole(321)) - 934a7696-9971-43bd-bb95-0c074ad287bd@group-BDFEFBBA6613: changes role from CANDIDATE to LEADER at term 1 for changeToLeader
2023-03-15 06:52:16,090 [934a7696-9971-43bd-bb95-0c074ad287bd@group-BDFEFBBA6613-LeaderElection7] INFO  ratis.XceiverServerRatis (XceiverServerRatis.java:handleLeaderChangedNotification(905)) - Leader change notification received for group: group-BDFEFBBA6613 with new leaderId: 934a7696-9971-43bd-bb95-0c074ad287bd
2023-03-15 06:52:16,090 [934a7696-9971-43bd-bb95-0c074ad287bd@group-BDFEFBBA6613-LeaderElection7] INFO  server.RaftServer$Division (ServerState.java:setLeader(313)) - 934a7696-9971-43bd-bb95-0c074ad287bd@group-BDFEFBBA6613: change Leader from null to 934a7696-9971-43bd-bb95-0c074ad287bd at term 1 for becomeLeader, leader elected after 5198ms
2023-03-15 06:52:16,090 [934a7696-9971-43bd-bb95-0c074ad287bd@group-BDFEFBBA6613-LeaderElection7] INFO  server.RaftServerConfigKeys (ConfUtils.java:logGet(46)) - raft.server.staging.catchup.gap = 1000 (default)
2023-03-15 06:52:16,091 [934a7696-9971-43bd-bb95-0c074ad287bd@group-1655CFBDF5EF-LeaderElection8] INFO  impl.LeaderElection (LeaderElection.java:askForVotes(312)) - 934a7696-9971-43bd-bb95-0c074ad287bd@group-1655CFBDF5EF-LeaderElection8 ELECTION round 0: submit vote requests at term 1 for -1: peers:[934a7696-9971-43bd-bb95-0c074ad287bd|rpc:10.1.0.130:40495|dataStream:10.1.0.130:40969|priority:1|startupRole:FOLLOWER]|listeners:[], old=null
2023-03-15 06:52:16,091 [934a7696-9971-43bd-bb95-0c074ad287bd@group-1655CFBDF5EF-LeaderElection8] INFO  impl.LeaderElection (LeaderElection.java:askForVotes(314)) - 934a7696-9971-43bd-bb95-0c074ad287bd@group-1655CFBDF5EF-LeaderElection8 ELECTION round 0: result PASSED (term=1)
2023-03-15 06:52:16,091 [934a7696-9971-43bd-bb95-0c074ad287bd@group-1655CFBDF5EF-LeaderElection8] INFO  impl.RoleInfo (RoleInfo.java:shutdownLeaderElection(130)) - 934a7696-9971-43bd-bb95-0c074ad287bd: shutdown 934a7696-9971-43bd-bb95-0c074ad287bd@group-1655CFBDF5EF-LeaderElection8
2023-03-15 06:52:16,091 [934a7696-9971-43bd-bb95-0c074ad287bd@group-BDFEFBBA6613-LeaderElection7] INFO  server.RaftServerConfigKeys (ConfUtils.java:logGet(46)) - raft.server.write.element-limit = 1024 (custom)
2023-03-15 06:52:16,091 [934a7696-9971-43bd-bb95-0c074ad287bd@group-BDFEFBBA6613-LeaderElection7] INFO  server.RaftServerConfigKeys (ConfUtils.java:logGet(46)) - raft.server.write.byte-limit = 1024 M (=1073741824) (custom)
2023-03-15 06:52:16,091 [934a7696-9971-43bd-bb95-0c074ad287bd@group-1655CFBDF5EF-LeaderElection8] INFO  server.RaftServer$Division (RaftServerImpl.java:setRole(321)) - 934a7696-9971-43bd-bb95-0c074ad287bd@group-1655CFBDF5EF: changes role from CANDIDATE to LEADER at term 1 for changeToLeader
2023-03-15 06:52:16,091 [934a7696-9971-43bd-bb95-0c074ad287bd@group-1655CFBDF5EF-LeaderElection8] INFO  ratis.XceiverServerRatis (XceiverServerRatis.java:handleLeaderChangedNotification(905)) - Leader change notification received for group: group-1655CFBDF5EF with new leaderId: 934a7696-9971-43bd-bb95-0c074ad287bd
2023-03-15 06:52:16,091 [934a7696-9971-43bd-bb95-0c074ad287bd@group-BDFEFBBA6613-LeaderElection7] INFO  server.RaftServerConfigKeys (ConfUtils.java:logGet(46)) - raft.server.watch.timeout = 180s (custom)
2023-03-15 06:52:16,092 [934a7696-9971-43bd-bb95-0c074ad287bd@group-BDFEFBBA6613-LeaderElection7] INFO  server.RaftServerConfigKeys (ConfUtils.java:logGet(46)) - raft.server.watch.timeout.denomination = 1s (default)
2023-03-15 06:52:16,092 [934a7696-9971-43bd-bb95-0c074ad287bd@group-1655CFBDF5EF-LeaderElection8] INFO  server.RaftServer$Division (ServerState.java:setLeader(313)) - 934a7696-9971-43bd-bb95-0c074ad287bd@group-1655CFBDF5EF: change Leader from null to 934a7696-9971-43bd-bb95-0c074ad287bd at term 1 for becomeLeader, leader elected after 5063ms
2023-03-15 06:52:16,092 [934a7696-9971-43bd-bb95-0c074ad287bd@group-BDFEFBBA6613-LeaderElection7] INFO  server.RaftServerConfigKeys (ConfUtils.java:logGet(46)) - raft.server.watch.element-limit = 65536 (default)
2023-03-15 06:52:16,092 [934a7696-9971-43bd-bb95-0c074ad287bd@group-1655CFBDF5EF-LeaderElection8] INFO  server.RaftServerConfigKeys (ConfUtils.java:logGet(46)) - raft.server.staging.catchup.gap = 1000 (default)
2023-03-15 06:52:16,092 [934a7696-9971-43bd-bb95-0c074ad287bd@group-BDFEFBBA6613-LeaderElection7] INFO  server.RaftServerConfigKeys (ConfUtils.java:logGet(46)) - raft.server.write.element-limit = 1024 (custom)
2023-03-15 06:52:16,092 [934a7696-9971-43bd-bb95-0c074ad287bd@group-BDFEFBBA6613-LeaderElection7] INFO  server.RaftServerConfigKeys (ConfUtils.java:logGet(46)) - raft.server.write.follower.gap.ratio.max = -1.0 (default)
2023-03-15 06:52:16,092 [934a7696-9971-43bd-bb95-0c074ad287bd@group-1655CFBDF5EF-LeaderElection8] INFO  server.RaftServerConfigKeys (ConfUtils.java:logGet(46)) - raft.server.write.element-limit = 1024 (custom)
2023-03-15 06:52:16,092 [934a7696-9971-43bd-bb95-0c074ad287bd@group-1655CFBDF5EF-LeaderElection8] INFO  server.RaftServerConfigKeys (ConfUtils.java:logGet(46)) - raft.server.write.byte-limit = 1024 M (=1073741824) (custom)
2023-03-15 06:52:16,092 [934a7696-9971-43bd-bb95-0c074ad287bd@group-BDFEFBBA6613-LeaderElection7] INFO  server.RaftServerConfigKeys (ConfUtils.java:logGet(46)) - raft.server.log.appender.snapshot.chunk.size.max = 16MB (=16777216) (default)
2023-03-15 06:52:16,092 [934a7696-9971-43bd-bb95-0c074ad287bd@group-BDFEFBBA6613-LeaderElection7] INFO  server.RaftServerConfigKeys (ConfUtils.java:logGet(46)) - raft.server.log.appender.buffer.byte-limit = 33554432 (custom)
2023-03-15 06:52:16,093 [934a7696-9971-43bd-bb95-0c074ad287bd@group-BDFEFBBA6613-LeaderElection7] INFO  server.RaftServerConfigKeys (ConfUtils.java:logGet(46)) - raft.server.log.appender.buffer.element-limit = 1 (custom)
2023-03-15 06:52:16,093 [934a7696-9971-43bd-bb95-0c074ad287bd@group-BDFEFBBA6613-LeaderElection7] INFO  grpc.GrpcConfigKeys (ConfUtils.java:logGet(46)) - raft.grpc.server.leader.outstanding.appends.max = 128 (default)
2023-03-15 06:52:16,093 [934a7696-9971-43bd-bb95-0c074ad287bd@group-BDFEFBBA6613-LeaderElection7] INFO  server.RaftServerConfigKeys (ConfUtils.java:logGet(46)) - raft.server.rpc.request.timeout = 60s (custom)
2023-03-15 06:52:16,093 [934a7696-9971-43bd-bb95-0c074ad287bd@group-BDFEFBBA6613-LeaderElection7] INFO  server.RaftServerConfigKeys (ConfUtils.java:logGet(46)) - raft.server.log.appender.install.snapshot.enabled = false (custom)
2023-03-15 06:52:16,093 [934a7696-9971-43bd-bb95-0c074ad287bd@group-BDFEFBBA6613-LeaderElection7] INFO  grpc.GrpcConfigKeys (ConfUtils.java:logGet(46)) - raft.grpc.server.heartbeat.channel = true (default)
2023-03-15 06:52:16,093 [934a7696-9971-43bd-bb95-0c074ad287bd@group-BDFEFBBA6613-LeaderElection7] INFO  server.RaftServerConfigKeys (ConfUtils.java:logGet(46)) - raft.server.log.appender.wait-time.min = 10ms (default)
2023-03-15 06:52:16,093 [934a7696-9971-43bd-bb95-0c074ad287bd@group-BDFEFBBA6613-LeaderElection7] INFO  server.RaftServerConfigKeys (ConfUtils.java:logGet(46)) - raft.server.log.appender.snapshot.chunk.size.max = 16MB (=16777216) (default)
2023-03-15 06:52:16,094 [934a7696-9971-43bd-bb95-0c074ad287bd@group-BDFEFBBA6613-LeaderElection7] INFO  server.RaftServerConfigKeys (ConfUtils.java:logGet(46)) - raft.server.log.appender.buffer.byte-limit = 33554432 (custom)
2023-03-15 06:52:16,094 [934a7696-9971-43bd-bb95-0c074ad287bd@group-BDFEFBBA6613-LeaderElection7] INFO  server.RaftServerConfigKeys (ConfUtils.java:logGet(46)) - raft.server.log.appender.buffer.element-limit = 1 (custom)
2023-03-15 06:52:16,094 [934a7696-9971-43bd-bb95-0c074ad287bd@group-BDFEFBBA6613-LeaderElection7] INFO  grpc.GrpcConfigKeys (ConfUtils.java:logGet(46)) - raft.grpc.server.leader.outstanding.appends.max = 128 (default)
2023-03-15 06:52:16,094 [934a7696-9971-43bd-bb95-0c074ad287bd@group-BDFEFBBA6613-LeaderElection7] INFO  server.RaftServerConfigKeys (ConfUtils.java:logGet(46)) - raft.server.rpc.request.timeout = 60s (custom)
2023-03-15 06:52:16,094 [934a7696-9971-43bd-bb95-0c074ad287bd@group-BDFEFBBA6613-LeaderElection7] INFO  server.RaftServerConfigKeys (ConfUtils.java:logGet(46)) - raft.server.log.appender.install.snapshot.enabled = false (custom)
2023-03-15 06:52:16,094 [934a7696-9971-43bd-bb95-0c074ad287bd@group-BDFEFBBA6613-LeaderElection7] INFO  grpc.GrpcConfigKeys (ConfUtils.java:logGet(46)) - raft.grpc.server.heartbeat.channel = true (default)
2023-03-15 06:52:16,094 [934a7696-9971-43bd-bb95-0c074ad287bd@group-BDFEFBBA6613-LeaderElection7] INFO  server.RaftServerConfigKeys (ConfUtils.java:logGet(46)) - raft.server.log.appender.wait-time.min = 10ms (default)
2023-03-15 06:52:16,094 [934a7696-9971-43bd-bb95-0c074ad287bd@group-BDFEFBBA6613-LeaderElection7] INFO  impl.RoleInfo (RoleInfo.java:updateAndGet(139)) - 934a7696-9971-43bd-bb95-0c074ad287bd: start 934a7696-9971-43bd-bb95-0c074ad287bd@group-BDFEFBBA6613-LeaderStateImpl
2023-03-15 06:52:16,095 [934a7696-9971-43bd-bb95-0c074ad287bd@group-BDFEFBBA6613-LeaderElection7] INFO  segmented.SegmentedRaftLogWorker (SegmentedRaftLogWorker.java:startLogSegment(452)) - 934a7696-9971-43bd-bb95-0c074ad287bd@group-BDFEFBBA6613-SegmentedRaftLogWorker: Starting segment from index:0
2023-03-15 06:52:16,097 [934a7696-9971-43bd-bb95-0c074ad287bd@group-BDFEFBBA6613-SegmentedRaftLogWorker] INFO  segmented.SegmentedRaftLogWorker (SegmentedRaftLogWorker.java:execute(656)) - 934a7696-9971-43bd-bb95-0c074ad287bd@group-BDFEFBBA6613-SegmentedRaftLogWorker: created new log segment /home/runner/work/ozone/ozone/hadoop-ozone/integration-test/target/test-dir/MiniOzoneClusterImpl-e79b0a94-dba3-4ba8-a298-d2d15914ceac/datanode-2/data/ratis/0ed72603-e41a-43d8-a161-bdfefbba6613/current/log_inprogress_0
2023-03-15 06:52:16,098 [934a7696-9971-43bd-bb95-0c074ad287bd@group-1655CFBDF5EF-LeaderElection8] INFO  server.RaftServerConfigKeys (ConfUtils.java:logGet(46)) - raft.server.watch.timeout = 180s (custom)
2023-03-15 06:52:16,098 [934a7696-9971-43bd-bb95-0c074ad287bd@group-1655CFBDF5EF-LeaderElection8] INFO  server.RaftServerConfigKeys (ConfUtils.java:logGet(46)) - raft.server.watch.timeout.denomination = 1s (default)
2023-03-15 06:52:16,098 [934a7696-9971-43bd-bb95-0c074ad287bd@group-1655CFBDF5EF-LeaderElection8] INFO  server.RaftServerConfigKeys (ConfUtils.java:logGet(46)) - raft.server.watch.element-limit = 65536 (default)
2023-03-15 06:52:16,098 [934a7696-9971-43bd-bb95-0c074ad287bd@group-1655CFBDF5EF-LeaderElection8] INFO  server.RaftServerConfigKeys (ConfUtils.java:logGet(46)) - raft.server.write.element-limit = 1024 (custom)
2023-03-15 06:52:16,099 [934a7696-9971-43bd-bb95-0c074ad287bd@group-1655CFBDF5EF-LeaderElection8] INFO  server.RaftServerConfigKeys (ConfUtils.java:logGet(46)) - raft.server.write.follower.gap.ratio.max = -1.0 (default)
2023-03-15 06:52:16,099 [934a7696-9971-43bd-bb95-0c074ad287bd@group-1655CFBDF5EF-LeaderElection8] INFO  impl.RoleInfo (RoleInfo.java:updateAndGet(139)) - 934a7696-9971-43bd-bb95-0c074ad287bd: start 934a7696-9971-43bd-bb95-0c074ad287bd@group-1655CFBDF5EF-LeaderStateImpl
2023-03-15 06:52:16,099 [934a7696-9971-43bd-bb95-0c074ad287bd@group-1655CFBDF5EF-LeaderElection8] INFO  segmented.SegmentedRaftLogWorker (SegmentedRaftLogWorker.java:startLogSegment(452)) - 934a7696-9971-43bd-bb95-0c074ad287bd@group-1655CFBDF5EF-SegmentedRaftLogWorker: Starting segment from index:0
2023-03-15 06:52:16,101 [EventQueue-PipelineReportForPipelineReportHandler] INFO  pipeline.PipelineManagerImpl (PipelineManagerImpl.java:openPipeline(367)) - Pipeline Pipeline[ Id: 0ed72603-e41a-43d8-a161-bdfefbba6613, Nodes: 934a7696-9971-43bd-bb95-0c074ad287bd(fv-az210-452.jgpbknbp5ljuxny3rrcz4t2bbd.bx.internal.cloudapp.net/10.1.0.130)69770226-cf53-4475-8132-826a0d48d398(fv-az210-452.jgpbknbp5ljuxny3rrcz4t2bbd.bx.internal.cloudapp.net/10.1.0.130)f927f8e9-81c0-47cb-a281-73162d36a20e(fv-az210-452.jgpbknbp5ljuxny3rrcz4t2bbd.bx.internal.cloudapp.net/10.1.0.130), ReplicationConfig: RATIS/THREE, State:ALLOCATED, leaderId:934a7696-9971-43bd-bb95-0c074ad287bd, CreationTimestamp2023-03-15T06:52:08.041Z[Etc/UTC]] moved to OPEN state
2023-03-15 06:52:16,113 [934a7696-9971-43bd-bb95-0c074ad287bd@group-BDFEFBBA6613-LeaderElection7] INFO  server.RaftServer$Division (ServerState.java:setRaftConf(430)) - 934a7696-9971-43bd-bb95-0c074ad287bd@group-BDFEFBBA6613: set configuration 0: peers:[69770226-cf53-4475-8132-826a0d48d398|rpc:10.1.0.130:44475|dataStream:10.1.0.130:45667|priority:0|startupRole:FOLLOWER, 934a7696-9971-43bd-bb95-0c074ad287bd|rpc:10.1.0.130:40495|dataStream:10.1.0.130:40969|priority:1|startupRole:FOLLOWER, f927f8e9-81c0-47cb-a281-73162d36a20e|rpc:10.1.0.130:46105|dataStream:10.1.0.130:43039|priority:0|startupRole:FOLLOWER]|listeners:[], old=null
2023-03-15 06:52:16,114 [934a7696-9971-43bd-bb95-0c074ad287bd@group-1655CFBDF5EF-SegmentedRaftLogWorker] INFO  segmented.SegmentedRaftLogWorker (SegmentedRaftLogWorker.java:execute(656)) - 934a7696-9971-43bd-bb95-0c074ad287bd@group-1655CFBDF5EF-SegmentedRaftLogWorker: created new log segment /home/runner/work/ozone/ozone/hadoop-ozone/integration-test/target/test-dir/MiniOzoneClusterImpl-e79b0a94-dba3-4ba8-a298-d2d15914ceac/datanode-2/data/ratis/5fc5d4d5-7bd7-4817-add5-1655cfbdf5ef/current/log_inprogress_0
2023-03-15 06:52:16,119 [934a7696-9971-43bd-bb95-0c074ad287bd@group-1655CFBDF5EF-LeaderElection8] INFO  server.RaftServer$Division (ServerState.java:setRaftConf(430)) - 934a7696-9971-43bd-bb95-0c074ad287bd@group-1655CFBDF5EF: set configuration 0: peers:[934a7696-9971-43bd-bb95-0c074ad287bd|rpc:10.1.0.130:40495|dataStream:10.1.0.130:40969|priority:1|startupRole:FOLLOWER]|listeners:[], old=null
2023-03-15 06:52:16,124 [69770226-cf53-4475-8132-826a0d48d398-server-thread1] INFO  ratis.XceiverServerRatis (XceiverServerRatis.java:handleLeaderChangedNotification(905)) - Leader change notification received for group: group-BDFEFBBA6613 with new leaderId: 934a7696-9971-43bd-bb95-0c074ad287bd
2023-03-15 06:52:16,125 [69770226-cf53-4475-8132-826a0d48d398-server-thread1] INFO  server.RaftServer$Division (ServerState.java:setLeader(313)) - 69770226-cf53-4475-8132-826a0d48d398@group-BDFEFBBA6613: change Leader from null to 934a7696-9971-43bd-bb95-0c074ad287bd at term 1 for appendEntries, leader elected after 5314ms
2023-03-15 06:52:16,159 [69770226-cf53-4475-8132-826a0d48d398-server-thread2] INFO  server.RaftServer$Division (ServerState.java:setRaftConf(430)) - 69770226-cf53-4475-8132-826a0d48d398@group-BDFEFBBA6613: set configuration 0: peers:[69770226-cf53-4475-8132-826a0d48d398|rpc:10.1.0.130:44475|dataStream:10.1.0.130:45667|priority:0|startupRole:FOLLOWER, 934a7696-9971-43bd-bb95-0c074ad287bd|rpc:10.1.0.130:40495|dataStream:10.1.0.130:40969|priority:1|startupRole:FOLLOWER, f927f8e9-81c0-47cb-a281-73162d36a20e|rpc:10.1.0.130:46105|dataStream:10.1.0.130:43039|priority:0|startupRole:FOLLOWER]|listeners:[], old=null
2023-03-15 06:52:16,160 [69770226-cf53-4475-8132-826a0d48d398-server-thread2] INFO  segmented.SegmentedRaftLogWorker (SegmentedRaftLogWorker.java:startLogSegment(452)) - 69770226-cf53-4475-8132-826a0d48d398@group-BDFEFBBA6613-SegmentedRaftLogWorker: Starting segment from index:0
2023-03-15 06:52:16,161 [f927f8e9-81c0-47cb-a281-73162d36a20e-server-thread1] INFO  ratis.XceiverServerRatis (XceiverServerRatis.java:handleLeaderChangedNotification(905)) - Leader change notification received for group: group-BDFEFBBA6613 with new leaderId: 934a7696-9971-43bd-bb95-0c074ad287bd
2023-03-15 06:52:16,162 [69770226-cf53-4475-8132-826a0d48d398@group-BDFEFBBA6613-SegmentedRaftLogWorker] INFO  segmented.SegmentedRaftLogWorker (SegmentedRaftLogWorker.java:execute(656)) - 69770226-cf53-4475-8132-826a0d48d398@group-BDFEFBBA6613-SegmentedRaftLogWorker: created new log segment /home/runner/work/ozone/ozone/hadoop-ozone/integration-test/target/test-dir/MiniOzoneClusterImpl-e79b0a94-dba3-4ba8-a298-d2d15914ceac/datanode-0/data/ratis/0ed72603-e41a-43d8-a161-bdfefbba6613/current/log_inprogress_0
2023-03-15 06:52:16,162 [f927f8e9-81c0-47cb-a281-73162d36a20e-server-thread1] INFO  server.RaftServer$Division (ServerState.java:setLeader(313)) - f927f8e9-81c0-47cb-a281-73162d36a20e@group-BDFEFBBA6613: change Leader from null to 934a7696-9971-43bd-bb95-0c074ad287bd at term 1 for appendEntries, leader elected after 5322ms
2023-03-15 06:52:16,170 [f927f8e9-81c0-47cb-a281-73162d36a20e-server-thread2] INFO  server.RaftServer$Division (ServerState.java:setRaftConf(430)) - f927f8e9-81c0-47cb-a281-73162d36a20e@group-BDFEFBBA6613: set configuration 0: peers:[69770226-cf53-4475-8132-826a0d48d398|rpc:10.1.0.130:44475|dataStream:10.1.0.130:45667|priority:0|startupRole:FOLLOWER, 934a7696-9971-43bd-bb95-0c074ad287bd|rpc:10.1.0.130:40495|dataStream:10.1.0.130:40969|priority:1|startupRole:FOLLOWER, f927f8e9-81c0-47cb-a281-73162d36a20e|rpc:10.1.0.130:46105|dataStream:10.1.0.130:43039|priority:0|startupRole:FOLLOWER]|listeners:[], old=null
2023-03-15 06:52:16,170 [f927f8e9-81c0-47cb-a281-73162d36a20e-server-thread2] INFO  segmented.SegmentedRaftLogWorker (SegmentedRaftLogWorker.java:startLogSegment(452)) - f927f8e9-81c0-47cb-a281-73162d36a20e@group-BDFEFBBA6613-SegmentedRaftLogWorker: Starting segment from index:0
2023-03-15 06:52:16,172 [f927f8e9-81c0-47cb-a281-73162d36a20e@group-BDFEFBBA6613-SegmentedRaftLogWorker] INFO  segmented.SegmentedRaftLogWorker (SegmentedRaftLogWorker.java:execute(656)) - f927f8e9-81c0-47cb-a281-73162d36a20e@group-BDFEFBBA6613-SegmentedRaftLogWorker: created new log segment /home/runner/work/ozone/ozone/hadoop-ozone/integration-test/target/test-dir/MiniOzoneClusterImpl-e79b0a94-dba3-4ba8-a298-d2d15914ceac/datanode-1/data/ratis/0ed72603-e41a-43d8-a161-bdfefbba6613/current/log_inprogress_0
2023-03-15 06:52:16,665 [Listener at 127.0.0.1/39575] INFO  rpc.RpcClient (RpcClient.java:createVolume(476)) - Creating Volume: volume82485, with user61190 as owner and space quota set to -1 bytes, counts quota set to -1
2023-03-15 06:52:16,761 [OM StateMachine ApplyTransaction Thread - 0] INFO  volume.OMVolumeCreateRequest (OMVolumeCreateRequest.java:validateAndUpdateCache(195)) - created volume:volume82485 for user:user61190
2023-03-15 06:52:16,761 [OM StateMachine ApplyTransaction Thread - 0] INFO  volume.OMVolumeCreateRequest (OMVolumeCreateRequest.java:validateAndUpdateCache(195)) - created volume:volume82485 for user:user61190
2023-03-15 06:52:16,764 [OM StateMachine ApplyTransaction Thread - 0] INFO  volume.OMVolumeCreateRequest (OMVolumeCreateRequest.java:validateAndUpdateCache(195)) - created volume:volume82485 for user:user61190
2023-03-15 06:52:16,807 [Listener at 127.0.0.1/39575] INFO  rpc.RpcClient (RpcClient.java:createBucket(698)) - Creating Bucket: volume82485/bucket89368, with bucket layout OBJECT_STORE, runner as owner, Versioning false, Storage Type set to DISK and Encryption set to false, Replication Type set to server-side default replication type, Namespace Quota set to -1, Space Quota set to -1 
2023-03-15 06:52:16,830 [OM StateMachine ApplyTransaction Thread - 0] INFO  bucket.OMBucketCreateRequest (OMBucketCreateRequest.java:validateAndUpdateCache(263)) - created bucket: bucket89368 of layout OBJECT_STORE in volume: volume82485
2023-03-15 06:52:16,832 [OM StateMachine ApplyTransaction Thread - 0] INFO  bucket.OMBucketCreateRequest (OMBucketCreateRequest.java:validateAndUpdateCache(263)) - created bucket: bucket89368 of layout OBJECT_STORE in volume: volume82485
2023-03-15 06:52:16,833 [OM StateMachine ApplyTransaction Thread - 0] INFO  bucket.OMBucketCreateRequest (OMBucketCreateRequest.java:validateAndUpdateCache(263)) - created bucket: bucket89368 of layout OBJECT_STORE in volume: volume82485
2023-03-15 06:52:16,866 [Listener at 127.0.0.1/39575] INFO  utils.BackgroundService (BackgroundService.java:shutdown(141)) - Shutting down service KeyDeletingService
2023-03-15 06:52:16,866 [Listener at 127.0.0.1/39575] INFO  utils.BackgroundService (BackgroundService.java:shutdown(141)) - Shutting down service DirectoryDeletingService
2023-03-15 06:52:16,867 [Listener at 127.0.0.1/39575] INFO  utils.BackgroundService (BackgroundService.java:shutdown(141)) - Shutting down service OpenKeyCleanupService
2023-03-15 06:52:16,867 [Listener at 127.0.0.1/39575] INFO  utils.BackgroundService (BackgroundService.java:shutdown(141)) - Shutting down service SstFilteringService
2023-03-15 06:52:16,867 [Listener at 127.0.0.1/39575] INFO  utils.BackgroundService (BackgroundService.java:shutdown(141)) - Shutting down service SnapshotDeletingService
2023-03-15 06:52:16,867 [Listener at 127.0.0.1/39575] WARN  server.ServerUtils (ServerUtils.java:getDBPath(225)) - ozone.om.db.dirs is not configured. We recommend adding this setting. Falling back to ozone.metadata.dirs instead.
2023-03-15 06:52:16,875 [Time-limited test] INFO  rpc.RpcClient (RpcClient.java:createVolume(476)) - Creating Volume: vol-57866, with runner as owner and space quota set to -1 bytes, counts quota set to -1
2023-03-15 06:52:16,888 [OM StateMachine ApplyTransaction Thread - 0] INFO  volume.OMVolumeCreateRequest (OMVolumeCreateRequest.java:validateAndUpdateCache(195)) - created volume:vol-57866 for user:runner
2023-03-15 06:52:16,893 [OM StateMachine ApplyTransaction Thread - 0] INFO  volume.OMVolumeCreateRequest (OMVolumeCreateRequest.java:validateAndUpdateCache(195)) - created volume:vol-57866 for user:runner
2023-03-15 06:52:16,894 [OM StateMachine ApplyTransaction Thread - 0] INFO  volume.OMVolumeCreateRequest (OMVolumeCreateRequest.java:validateAndUpdateCache(195)) - created volume:vol-57866 for user:runner
2023-03-15 06:52:16,895 [Time-limited test] INFO  rpc.RpcClient (RpcClient.java:createBucket(698)) - Creating Bucket: vol-57866/buck-84043, with server-side default bucket layout, runner as owner, Versioning false, Storage Type set to DISK and Encryption set to false, Replication Type set to server-side default replication type, Namespace Quota set to -1, Space Quota set to -1 
2023-03-15 06:52:16,902 [OM StateMachine ApplyTransaction Thread - 0] INFO  bucket.OMBucketCreateRequest (OMBucketCreateRequest.java:validateAndUpdateCache(263)) - created bucket: buck-84043 of layout OBJECT_STORE in volume: vol-57866
2023-03-15 06:52:16,907 [OM StateMachine ApplyTransaction Thread - 0] INFO  bucket.OMBucketCreateRequest (OMBucketCreateRequest.java:validateAndUpdateCache(263)) - created bucket: buck-84043 of layout OBJECT_STORE in volume: vol-57866
2023-03-15 06:52:16,909 [OM StateMachine ApplyTransaction Thread - 0] INFO  bucket.OMBucketCreateRequest (OMBucketCreateRequest.java:validateAndUpdateCache(263)) - created bucket: buck-84043 of layout OBJECT_STORE in volume: vol-57866
2023-03-15 06:52:16,971 [IPC Server handler 17 on default port 37185] INFO  ha.SequenceIdGenerator (SequenceIdGenerator.java:getNextId(128)) - Allocate a batch for containerId, change lastId from 0 to 1000.
2023-03-15 06:52:16,983 [IPC Server handler 17 on default port 37185] WARN  ha.SequenceIdGenerator (SequenceIdGenerator.java:allocateBatch(237)) - Failed to allocate a batch for localId, expected lastId is 0, actual lastId is 111677748019200000.
2023-03-15 06:52:16,984 [IPC Server handler 17 on default port 37185] INFO  ha.SequenceIdGenerator (SequenceIdGenerator.java:getNextId(128)) - Allocate a batch for localId, change lastId from 111677748019200000 to 111677748019201000.
2023-03-15 06:52:17,107 [Time-limited test] INFO  impl.MetricsSystemImpl (MetricsSystemImpl.java:init(158)) - XceiverClientMetrics metrics system started (again)
2023-03-15 06:52:17,529 [OM StateMachine ApplyTransaction Thread - 0] INFO  snapshot.OMSnapshotCreateRequest (OMSnapshotCreateRequest.java:validateAndUpdateCache(204)) - Created snapshot 'snap29076' under path 'vol-57866/buck-84043'
2023-03-15 06:52:17,533 [OM StateMachine ApplyTransaction Thread - 0] INFO  snapshot.OMSnapshotCreateRequest (OMSnapshotCreateRequest.java:validateAndUpdateCache(204)) - Created snapshot 'snap29076' under path 'vol-57866/buck-84043'
2023-03-15 06:52:17,529 [OM StateMachine ApplyTransaction Thread - 0] INFO  snapshot.OMSnapshotCreateRequest (OMSnapshotCreateRequest.java:validateAndUpdateCache(204)) - Created snapshot 'snap29076' under path 'vol-57866/buck-84043'
2023-03-15 06:52:18,024 [JvmPauseMonitor1] WARN  util.JvmPauseMonitor (JvmPauseMonitor.java:detectPause(126)) - JvmPauseMonitor-omNode-2: Detected pause in JVM or host machine (eg GC): pause of approximately 293298353ns.
GC pool 'PS MarkSweep' had collection(s): count=1 time=281ms
GC pool 'PS Scavenge' had collection(s): count=1 time=168ms
2023-03-15 06:52:18,024 [JvmPauseMonitor2] WARN  util.JvmPauseMonitor (JvmPauseMonitor.java:detectPause(126)) - JvmPauseMonitor-omNode-3: Detected pause in JVM or host machine (eg GC): pause of approximately 382563282ns.
GC pool 'PS MarkSweep' had collection(s): count=1 time=281ms
GC pool 'PS Scavenge' had collection(s): count=1 time=168ms
2023-03-15 06:52:18,024 [omNode-2@group-523986131536-FollowerState] WARN  impl.FollowerState (FollowerState.java:run(130)) - Unexpected long sleep: sleep 1046ms but took extra 331533528ns (> threshold = 300ms)
2023-03-15 06:52:18,024 [JvmPauseMonitor4] WARN  util.JvmPauseMonitor (JvmPauseMonitor.java:detectPause(126)) - JvmPauseMonitor-f927f8e9-81c0-47cb-a281-73162d36a20e: Detected pause in JVM or host machine (eg GC): pause of approximately 339764627ns.
GC pool 'PS MarkSweep' had collection(s): count=1 time=281ms
GC pool 'PS Scavenge' had collection(s): count=1 time=168ms
2023-03-15 06:52:18,025 [JvmPauseMonitor5] WARN  util.JvmPauseMonitor (JvmPauseMonitor.java:detectPause(126)) - JvmPauseMonitor-934a7696-9971-43bd-bb95-0c074ad287bd: Detected pause in JVM or host machine (eg GC): pause of approximately 436613908ns.
GC pool 'PS MarkSweep' had collection(s): count=1 time=281ms
GC pool 'PS Scavenge' had collection(s): count=1 time=168ms
2023-03-15 06:52:18,025 [omNode-3@group-523986131536-FollowerState] WARN  impl.FollowerState (FollowerState.java:run(130)) - Unexpected long sleep: sleep 1168ms but took extra 442463032ns (> threshold = 300ms)
2023-03-15 06:52:18,036 [OMDoubleBufferFlushThread] INFO  db.RDBCheckpointManager (RDBCheckpointManager.java:createCheckpoint(96)) - Created checkpoint in rocksDB at /home/runner/work/ozone/ozone/hadoop-ozone/integration-test/target/test-dir/MiniOzoneClusterImpl-e79b0a94-dba3-4ba8-a298-d2d15914ceac/omNode-2/db.snapshots/om.db-b6236db8-f13a-40eb-b059-2e2fca26ba3a in 503 milliseconds
2023-03-15 06:52:18,038 [OMDoubleBufferFlushThread] INFO  db.RDBCheckpointManager (RDBCheckpointManager.java:createCheckpoint(96)) - Created checkpoint in rocksDB at /home/runner/work/ozone/ozone/hadoop-ozone/integration-test/target/test-dir/MiniOzoneClusterImpl-e79b0a94-dba3-4ba8-a298-d2d15914ceac/omNode-3/db.snapshots/om.db-b6236db8-f13a-40eb-b059-2e2fca26ba3a in 504 milliseconds
2023-03-15 06:52:18,038 [OMDoubleBufferFlushThread] INFO  db.RDBCheckpointManager (RDBCheckpointManager.java:createCheckpoint(96)) - Created checkpoint in rocksDB at /home/runner/work/ozone/ozone/hadoop-ozone/integration-test/target/test-dir/MiniOzoneClusterImpl-e79b0a94-dba3-4ba8-a298-d2d15914ceac/omNode-1/db.snapshots/om.db-b6236db8-f13a-40eb-b059-2e2fca26ba3a in 504 milliseconds
2023-03-15 06:52:18,064 [OMDoubleBufferFlushThread] INFO  db.RDBCheckpointManager (RDBCheckpointManager.java:waitForCheckpointDirectoryExist(125)) - Waited for 28 milliseconds for checkpoint directory /home/runner/work/ozone/ozone/hadoop-ozone/integration-test/target/test-dir/MiniOzoneClusterImpl-e79b0a94-dba3-4ba8-a298-d2d15914ceac/omNode-2/db.snapshots/om.db-b6236db8-f13a-40eb-b059-2e2fca26ba3a availability.
2023-03-15 06:52:18,065 [OMDoubleBufferFlushThread] INFO  om.OmSnapshotManager (OmSnapshotManager.java:createOmSnapshotCheckpoint(170)) - Created checkpoint : /home/runner/work/ozone/ozone/hadoop-ozone/integration-test/target/test-dir/MiniOzoneClusterImpl-e79b0a94-dba3-4ba8-a298-d2d15914ceac/omNode-2/db.snapshots/om.db-b6236db8-f13a-40eb-b059-2e2fca26ba3a for snapshot snap29076
2023-03-15 06:52:18,071 [OMDoubleBufferFlushThread] INFO  db.RDBCheckpointManager (RDBCheckpointManager.java:waitForCheckpointDirectoryExist(125)) - Waited for 32 milliseconds for checkpoint directory /home/runner/work/ozone/ozone/hadoop-ozone/integration-test/target/test-dir/MiniOzoneClusterImpl-e79b0a94-dba3-4ba8-a298-d2d15914ceac/omNode-3/db.snapshots/om.db-b6236db8-f13a-40eb-b059-2e2fca26ba3a availability.
2023-03-15 06:52:18,072 [OMDoubleBufferFlushThread] INFO  db.RDBCheckpointManager (RDBCheckpointManager.java:waitForCheckpointDirectoryExist(125)) - Waited for 33 milliseconds for checkpoint directory /home/runner/work/ozone/ozone/hadoop-ozone/integration-test/target/test-dir/MiniOzoneClusterImpl-e79b0a94-dba3-4ba8-a298-d2d15914ceac/omNode-1/db.snapshots/om.db-b6236db8-f13a-40eb-b059-2e2fca26ba3a availability.
2023-03-15 06:52:18,071 [OMDoubleBufferFlushThread] INFO  om.OmSnapshotManager (OmSnapshotManager.java:createOmSnapshotCheckpoint(170)) - Created checkpoint : /home/runner/work/ozone/ozone/hadoop-ozone/integration-test/target/test-dir/MiniOzoneClusterImpl-e79b0a94-dba3-4ba8-a298-d2d15914ceac/omNode-3/db.snapshots/om.db-b6236db8-f13a-40eb-b059-2e2fca26ba3a for snapshot snap29076
2023-03-15 06:52:18,072 [OMDoubleBufferFlushThread] INFO  om.OmSnapshotManager (OmSnapshotManager.java:createOmSnapshotCheckpoint(170)) - Created checkpoint : /home/runner/work/ozone/ozone/hadoop-ozone/integration-test/target/test-dir/MiniOzoneClusterImpl-e79b0a94-dba3-4ba8-a298-d2d15914ceac/omNode-1/db.snapshots/om.db-b6236db8-f13a-40eb-b059-2e2fca26ba3a for snapshot snap29076
]]></system-out>
  </testcase>
  <testcase name="testCreateSnapshotMissingMandatoryParams" classname="TestOmSnapshot" time="23.55">
    <system-out><![CDATA[2023-03-15 06:52:53,851 [Listener at 127.0.0.1/39575] INFO  ozone.MiniOzoneClusterImpl (MiniOzoneClusterImpl.java:shutdown(450)) - Shutting down the Mini Ozone Cluster
2023-03-15 06:52:53,852 [Listener at 127.0.0.1/39575] INFO  ozone.MiniOzoneHAClusterImpl (MiniOzoneHAClusterImpl.java:stop(312)) - Stopping the OzoneManager omNode-3
2023-03-15 06:52:53,852 [Listener at 127.0.0.1/39575] INFO  om.OzoneManager (OzoneManager.java:stop(2166)) - omNode-3[localhost:39575]: Stopping Ozone Manager
2023-03-15 06:52:53,852 [Listener at 127.0.0.1/39575] INFO  ipc.Server (Server.java:stop(3428)) - Stopping server on 39575
2023-03-15 06:52:53,856 [IPC Server Responder] INFO  ipc.Server (Server.java:run(1517)) - Stopping IPC Server Responder
2023-03-15 06:52:53,856 [IPC Server listener on 39575] INFO  ipc.Server (Server.java:run(1384)) - Stopping IPC Server listener on 39575
2023-03-15 06:52:53,866 [Listener at 127.0.0.1/39575] INFO  server.RaftServer (RaftServerProxy.java:lambda$close$6(409)) - omNode-3: close
2023-03-15 06:52:53,867 [omNode-3-impl-thread1] INFO  server.RaftServer$Division (RaftServerImpl.java:lambda$close$4(458)) - omNode-3@group-523986131536: shutdown
2023-03-15 06:52:53,867 [omNode-3-impl-thread1] INFO  util.JmxRegister (JmxRegister.java:unregister(73)) - Successfully un-registered JMX Bean with object name Ratis:service=RaftServer,group=group-523986131536,id=omNode-3
2023-03-15 06:52:53,867 [omNode-3-impl-thread1] INFO  impl.RoleInfo (RoleInfo.java:shutdownFollowerState(110)) - omNode-3: shutdown omNode-3@group-523986131536-FollowerState
2023-03-15 06:52:53,867 [omNode-3-impl-thread1] INFO  impl.StateMachineUpdater (StateMachineUpdater.java:stopAndJoin(153)) - omNode-3@group-523986131536-StateMachineUpdater: set stopIndex = 718
2023-03-15 06:52:53,867 [omNode-3@group-523986131536-FollowerState] INFO  impl.FollowerState (FollowerState.java:run(152)) - omNode-3@group-523986131536-FollowerState was interrupted
2023-03-15 06:52:53,867 [omNode-3@group-523986131536-StateMachineUpdater] INFO  ratis.OzoneManagerStateMachine (OzoneManagerStateMachine.java:takeSnapshot(445)) - Current Snapshot Index (t:1, i:718)
2023-03-15 06:52:53,868 [Listener at 127.0.0.1/39575] INFO  server.GrpcService (GrpcService.java:closeImpl(271)) - omNode-3: shutdown server GrpcServerProtocolService now
2023-03-15 06:52:53,879 [omNode-3@group-523986131536-StateMachineUpdater] INFO  impl.StateMachineUpdater (StateMachineUpdater.java:takeSnapshot(287)) - omNode-3@group-523986131536-StateMachineUpdater: Took a snapshot at index 718
2023-03-15 06:52:53,879 [omNode-3@group-523986131536-StateMachineUpdater] INFO  impl.StateMachineUpdater (StateMachineUpdater.java:lambda$new$0(92)) - omNode-3@group-523986131536-StateMachineUpdater: snapshotIndex: updateIncreasingly -1 -> 718
2023-03-15 06:52:53,879 [omNode-3@group-523986131536-StateMachineUpdater] INFO  ratis.OzoneManagerStateMachine (OzoneManagerStateMachine.java:close(499)) - StateMachine has shutdown. Shutdown OzoneManager if not already shutdown.
2023-03-15 06:52:53,879 [omNode-3@group-523986131536-StateMachineUpdater] INFO  ratis.OzoneManagerDoubleBuffer (OzoneManagerDoubleBuffer.java:stopDaemon(540)) - Stopping OMDoubleBuffer flush thread
2023-03-15 06:52:53,879 [OMDoubleBufferFlushThread] INFO  ratis.OzoneManagerDoubleBuffer (OzoneManagerDoubleBuffer.java:canFlush(625)) - OMDoubleBuffer flush thread OMDoubleBufferFlushThread is interrupted and will exit.
2023-03-15 06:52:53,881 [grpc-default-executor-0] WARN  server.GrpcServerProtocolService (LogUtils.java:warn(122)) - omNode-3: installSnapshot onError, lastRequest: omNode-1->omNode-3#43147-t1,previous=(t:1, i:717),leaderCommit=717,initializing? true,entries: size=1, first=(t:1, i:718), METADATAENTRY(c:717): org.apache.ratis.thirdparty.io.grpc.StatusRuntimeException: CANCELLED: client cancelled
2023-03-15 06:52:53,883 [Listener at 127.0.0.1/39575] INFO  server.GrpcService (GrpcService.java:closeImpl(280)) - omNode-3: shutdown server GrpcServerProtocolService successfully
2023-03-15 06:52:53,883 [grpc-default-executor-2] WARN  server.GrpcServerProtocolService (LogUtils.java:warn(122)) - omNode-3: installSnapshot onError, lastRequest: null: org.apache.ratis.thirdparty.io.grpc.StatusRuntimeException: CANCELLED: client cancelled
2023-03-15 06:52:53,887 [grpc-default-executor-0] WARN  server.GrpcLogAppender (LogUtils.java:warn(122)) - omNode-1@group-523986131536->omNode-3-AppendLogResponseHandler: Failed appendEntries: org.apache.ratis.thirdparty.io.grpc.StatusRuntimeException: CANCELLED: RST_STREAM closed stream. HTTP/2 error code: CANCEL
2023-03-15 06:52:53,887 [grpc-default-executor-0] INFO  leader.FollowerInfo (FollowerInfoImpl.java:lambda$new$0(48)) - omNode-1@group-523986131536->omNode-3: nextIndex: updateUnconditionally 719 -> 718
2023-03-15 06:52:53,888 [grpc-default-executor-0] WARN  server.GrpcLogAppender (LogUtils.java:warn(122)) - omNode-1@group-523986131536->omNode-3-AppendLogResponseHandler: Failed appendEntries: org.apache.ratis.thirdparty.io.grpc.StatusRuntimeException: CANCELLED: RST_STREAM closed stream. HTTP/2 error code: CANCEL
2023-03-15 06:52:53,888 [grpc-default-executor-0] INFO  leader.FollowerInfo (FollowerInfoImpl.java:lambda$new$0(48)) - omNode-1@group-523986131536->omNode-3: nextIndex: updateUnconditionally 718 -> 717
2023-03-15 06:52:53,900 [omNode-3-impl-thread1] INFO  server.RaftServer$Division (ServerState.java:close(466)) - omNode-3@group-523986131536: closes. applyIndex: 718
2023-03-15 06:52:53,902 [omNode-3@group-523986131536-SegmentedRaftLogWorker] INFO  segmented.SegmentedRaftLogWorker (SegmentedRaftLogWorker.java:run(347)) - omNode-3@group-523986131536-SegmentedRaftLogWorker was interrupted, exiting. There are 0 tasks remaining in the queue.
2023-03-15 06:52:53,907 [grpc-default-executor-2] WARN  server.GrpcLogAppender (LogUtils.java:warn(122)) - omNode-1@group-523986131536->omNode-3-AppendLogResponseHandler: Failed appendEntries: org.apache.ratis.thirdparty.io.grpc.StatusRuntimeException: UNAVAILABLE: io exception
2023-03-15 06:52:53,909 [grpc-default-executor-0] WARN  server.GrpcLogAppender (LogUtils.java:warn(122)) - omNode-1@group-523986131536->omNode-3-AppendLogResponseHandler: Failed appendEntries: org.apache.ratis.thirdparty.io.grpc.StatusRuntimeException: UNAVAILABLE: io exception
2023-03-15 06:52:53,910 [grpc-default-executor-2] INFO  leader.FollowerInfo (FollowerInfoImpl.java:lambda$new$0(48)) - omNode-1@group-523986131536->omNode-3: nextIndex: updateUnconditionally 719 -> 718
2023-03-15 06:52:53,910 [grpc-default-executor-0] INFO  leader.FollowerInfo (FollowerInfoImpl.java:lambda$new$0(48)) - omNode-1@group-523986131536->omNode-3: nextIndex: updateUnconditionally 718 -> 717
2023-03-15 06:52:53,924 [omNode-3-impl-thread1] INFO  segmented.SegmentedRaftLogWorker (SegmentedRaftLogWorker.java:close(257)) - omNode-3@group-523986131536-SegmentedRaftLogWorker close()
2023-03-15 06:52:53,925 [JvmPauseMonitor2] INFO  util.JvmPauseMonitor (JvmPauseMonitor.java:run(111)) - JvmPauseMonitor-omNode-3: Stopped
2023-03-15 06:52:53,926 [Listener at 127.0.0.1/39575] INFO  ratis.OzoneManagerStateMachine (OzoneManagerStateMachine.java:close(499)) - StateMachine has shutdown. Shutdown OzoneManager if not already shutdown.
2023-03-15 06:52:53,926 [Listener at 127.0.0.1/39575] INFO  ratis.OzoneManagerDoubleBuffer (OzoneManagerDoubleBuffer.java:stopDaemon(549)) - OMDoubleBuffer flush thread is not running.
2023-03-15 06:52:53,927 [Listener at 127.0.0.1/39575] INFO  utils.BackgroundService (BackgroundService.java:shutdown(141)) - Shutting down service KeyDeletingService
2023-03-15 06:52:53,927 [Listener at 127.0.0.1/39575] INFO  utils.BackgroundService (BackgroundService.java:shutdown(141)) - Shutting down service DirectoryDeletingService
2023-03-15 06:52:53,927 [Listener at 127.0.0.1/39575] INFO  utils.BackgroundService (BackgroundService.java:shutdown(141)) - Shutting down service OpenKeyCleanupService
2023-03-15 06:52:53,928 [Listener at 127.0.0.1/39575] INFO  utils.BackgroundService (BackgroundService.java:shutdown(141)) - Shutting down service SstFilteringService
2023-03-15 06:52:53,928 [Listener at 127.0.0.1/39575] INFO  utils.BackgroundService (BackgroundService.java:shutdown(141)) - Shutting down service SnapshotDeletingService
2023-03-15 06:52:53,930 [Listener at 127.0.0.1/39575] INFO  handler.ContextHandler (ContextHandler.java:doStop(1159)) - Stopped o.e.j.w.WebAppContext@513b2cda{ozoneManager,/,null,STOPPED}{file:/home/runner/work/ozone/ozone/hadoop-ozone/integration-test/target/test-classes/webapps/ozoneManager}
2023-03-15 06:52:53,934 [Listener at 127.0.0.1/39575] INFO  server.AbstractConnector (AbstractConnector.java:doStop(383)) - Stopped ServerConnector@6dc909d5{HTTP/1.1, (http/1.1)}{0.0.0.0:44473}
2023-03-15 06:52:53,934 [Listener at 127.0.0.1/39575] INFO  server.session (HouseKeeper.java:stopScavenging(149)) - node0 Stopped scavenging
2023-03-15 06:52:53,934 [Listener at 127.0.0.1/39575] INFO  handler.ContextHandler (ContextHandler.java:doStop(1159)) - Stopped o.e.j.s.ServletContextHandler@228b0159{static,/static,file:///home/runner/work/ozone/ozone/hadoop-ozone/integration-test/target/test-classes/webapps/static,STOPPED}
2023-03-15 06:52:53,934 [Listener at 127.0.0.1/39575] INFO  handler.ContextHandler (ContextHandler.java:doStop(1159)) - Stopped o.e.j.s.ServletContextHandler@2f7ea92a{logs,/logs,file:///home/runner/work/ozone/ozone/hadoop-ozone/integration-test/target/log,STOPPED}
2023-03-15 06:52:53,942 [Listener at 127.0.0.1/39575] INFO  ozone.MiniOzoneHAClusterImpl (MiniOzoneHAClusterImpl.java:stop(312)) - Stopping the OzoneManager omNode-1
2023-03-15 06:52:53,942 [Listener at 127.0.0.1/39575] INFO  om.OzoneManager (OzoneManager.java:stop(2166)) - omNode-1[localhost:41075]: Stopping Ozone Manager
2023-03-15 06:52:53,942 [Listener at 127.0.0.1/39575] INFO  ipc.Server (Server.java:stop(3428)) - Stopping server on 41075
2023-03-15 06:52:53,947 [Listener at 127.0.0.1/39575] INFO  server.RaftServer (RaftServerProxy.java:lambda$close$6(409)) - omNode-1: close
2023-03-15 06:52:53,947 [omNode-1-impl-thread1] INFO  server.RaftServer$Division (RaftServerImpl.java:lambda$close$4(458)) - omNode-1@group-523986131536: shutdown
2023-03-15 06:52:53,947 [IPC Server Responder] INFO  ipc.Server (Server.java:run(1517)) - Stopping IPC Server Responder
2023-03-15 06:52:53,947 [Listener at 127.0.0.1/39575] INFO  server.GrpcService (GrpcService.java:closeImpl(271)) - omNode-1: shutdown server GrpcServerProtocolService now
2023-03-15 06:52:53,947 [omNode-1-impl-thread1] INFO  util.JmxRegister (JmxRegister.java:unregister(73)) - Successfully un-registered JMX Bean with object name Ratis:service=RaftServer,group=group-523986131536,id=omNode-1
2023-03-15 06:52:53,947 [IPC Server listener on 41075] INFO  ipc.Server (Server.java:run(1384)) - Stopping IPC Server listener on 41075
2023-03-15 06:52:53,947 [omNode-1-impl-thread1] INFO  impl.RoleInfo (RoleInfo.java:shutdownLeaderState(93)) - omNode-1: shutdown omNode-1@group-523986131536-LeaderStateImpl
2023-03-15 06:52:53,948 [omNode-1-impl-thread1] INFO  impl.PendingRequests (PendingRequests.java:sendNotLeaderResponses(282)) - omNode-1@group-523986131536-PendingRequests: sendNotLeaderResponses
2023-03-15 06:52:53,949 [omNode-1@group-523986131536->omNode-3-GrpcLogAppender-LogAppenderDaemon] WARN  server.GrpcLogAppender (GrpcLogAppender.java:mayWait(200)) - omNode-1@group-523986131536->omNode-3-GrpcLogAppender: Wait interrupted by java.lang.InterruptedException
2023-03-15 06:52:53,949 [omNode-1@group-523986131536->omNode-2-GrpcLogAppender-LogAppenderDaemon] WARN  server.GrpcLogAppender (GrpcLogAppender.java:mayWait(200)) - omNode-1@group-523986131536->omNode-2-GrpcLogAppender: Wait interrupted by java.lang.InterruptedException
2023-03-15 06:52:53,953 [ForkJoinPool.commonPool-worker-1] INFO  server.GrpcServerProtocolClient (GrpcServerProtocolClient.java:close(101)) - omNode-3 Close channels
2023-03-15 06:52:53,953 [ForkJoinPool.commonPool-worker-1] INFO  server.GrpcServerProtocolClient (GrpcServerProtocolClient.java:close(101)) - omNode-2 Close channels
2023-03-15 06:52:53,954 [grpc-default-executor-0] INFO  server.GrpcServerProtocolService (GrpcServerProtocolService.java:onCompleted(143)) - omNode-2: Completed APPEND_ENTRIES, lastRequest: null
2023-03-15 06:52:53,954 [grpc-default-executor-2] INFO  server.GrpcServerProtocolService (GrpcServerProtocolService.java:onCompleted(143)) - omNode-2: Completed APPEND_ENTRIES, lastRequest: omNode-1->omNode-2#3250-t1,previous=(t:1, i:717),leaderCommit=717,initializing? true,entries: size=1, first=(t:1, i:718), METADATAENTRY(c:717)
2023-03-15 06:52:53,955 [grpc-default-executor-4] INFO  server.GrpcLogAppender (GrpcLogAppender.java:onCompleted(415)) - omNode-1@group-523986131536->omNode-2-AppendLogResponseHandler: follower responses appendEntries COMPLETED
2023-03-15 06:52:53,955 [grpc-default-executor-4] WARN  server.GrpcLogAppender (GrpcLogAppender.java:resetClient(137)) - omNode-1@group-523986131536->omNode-2-GrpcLogAppender: Failed to getClient for omNode-2
org.apache.ratis.protocol.exceptions.AlreadyClosedException: omNode-1 is already CLOSED
	at org.apache.ratis.util.PeerProxyMap$PeerAndProxy.getProxy(PeerProxyMap.java:61)
	at org.apache.ratis.util.PeerProxyMap.getProxy(PeerProxyMap.java:115)
	at org.apache.ratis.grpc.server.GrpcLogAppender.getClient(GrpcLogAppender.java:116)
	at org.apache.ratis.grpc.server.GrpcLogAppender.resetClient(GrpcLogAppender.java:121)
	at org.apache.ratis.grpc.server.GrpcLogAppender.access$500(GrpcLogAppender.java:58)
	at org.apache.ratis.grpc.server.GrpcLogAppender$AppendLogResponseHandler.onCompleted(GrpcLogAppender.java:416)
	at org.apache.ratis.thirdparty.io.grpc.stub.ClientCalls$StreamObserverToCallListenerAdapter.onClose(ClientCalls.java:485)
	at org.apache.ratis.thirdparty.io.grpc.internal.ClientCallImpl.closeObserver(ClientCallImpl.java:562)
	at org.apache.ratis.thirdparty.io.grpc.internal.ClientCallImpl.access$300(ClientCallImpl.java:70)
	at org.apache.ratis.thirdparty.io.grpc.internal.ClientCallImpl$ClientStreamListenerImpl$1StreamClosed.runInternal(ClientCallImpl.java:743)
	at org.apache.ratis.thirdparty.io.grpc.internal.ClientCallImpl$ClientStreamListenerImpl$1StreamClosed.runInContext(ClientCallImpl.java:722)
	at org.apache.ratis.thirdparty.io.grpc.internal.ContextRunnable.run(ContextRunnable.java:37)
	at org.apache.ratis.thirdparty.io.grpc.internal.SerializingExecutor.run(SerializingExecutor.java:133)
	at java.util.concurrent.ThreadPoolExecutor.runWorker(ThreadPoolExecutor.java:1149)
	at java.util.concurrent.ThreadPoolExecutor$Worker.run(ThreadPoolExecutor.java:624)
	at java.lang.Thread.run(Thread.java:750)
2023-03-15 06:52:53,963 [omNode-1-impl-thread1] INFO  impl.StateMachineUpdater (StateMachineUpdater.java:stopAndJoin(153)) - omNode-1@group-523986131536-StateMachineUpdater: set stopIndex = 718
2023-03-15 06:52:53,963 [omNode-1@group-523986131536-StateMachineUpdater] INFO  ratis.OzoneManagerStateMachine (OzoneManagerStateMachine.java:takeSnapshot(445)) - Current Snapshot Index (t:1, i:718)
2023-03-15 06:52:53,965 [grpc-default-executor-2] INFO  server.GrpcLogAppender (GrpcLogAppender.java:onCompleted(415)) - omNode-1@group-523986131536->omNode-2-AppendLogResponseHandler: follower responses appendEntries COMPLETED
2023-03-15 06:52:53,966 [grpc-default-executor-2] WARN  server.GrpcLogAppender (GrpcLogAppender.java:resetClient(137)) - omNode-1@group-523986131536->omNode-2-GrpcLogAppender: Failed to getClient for omNode-2
org.apache.ratis.protocol.exceptions.AlreadyClosedException: omNode-1 is already CLOSED
	at org.apache.ratis.util.PeerProxyMap$PeerAndProxy.getProxy(PeerProxyMap.java:61)
	at org.apache.ratis.util.PeerProxyMap.getProxy(PeerProxyMap.java:115)
	at org.apache.ratis.grpc.server.GrpcLogAppender.getClient(GrpcLogAppender.java:116)
	at org.apache.ratis.grpc.server.GrpcLogAppender.resetClient(GrpcLogAppender.java:121)
	at org.apache.ratis.grpc.server.GrpcLogAppender.access$500(GrpcLogAppender.java:58)
	at org.apache.ratis.grpc.server.GrpcLogAppender$AppendLogResponseHandler.onCompleted(GrpcLogAppender.java:416)
	at org.apache.ratis.thirdparty.io.grpc.stub.ClientCalls$StreamObserverToCallListenerAdapter.onClose(ClientCalls.java:485)
	at org.apache.ratis.thirdparty.io.grpc.internal.DelayedClientCall$DelayedListener$3.run(DelayedClientCall.java:468)
	at org.apache.ratis.thirdparty.io.grpc.internal.DelayedClientCall$DelayedListener.delayOrExecute(DelayedClientCall.java:432)
	at org.apache.ratis.thirdparty.io.grpc.internal.DelayedClientCall$DelayedListener.onClose(DelayedClientCall.java:465)
	at org.apache.ratis.thirdparty.io.grpc.internal.ClientCallImpl.closeObserver(ClientCallImpl.java:562)
	at org.apache.ratis.thirdparty.io.grpc.internal.ClientCallImpl.access$300(ClientCallImpl.java:70)
	at org.apache.ratis.thirdparty.io.grpc.internal.ClientCallImpl$ClientStreamListenerImpl$1StreamClosed.runInternal(ClientCallImpl.java:743)
	at org.apache.ratis.thirdparty.io.grpc.internal.ClientCallImpl$ClientStreamListenerImpl$1StreamClosed.runInContext(ClientCallImpl.java:722)
	at org.apache.ratis.thirdparty.io.grpc.internal.ContextRunnable.run(ContextRunnable.java:37)
	at org.apache.ratis.thirdparty.io.grpc.internal.SerializingExecutor.run(SerializingExecutor.java:133)
	at java.util.concurrent.ThreadPoolExecutor.runWorker(ThreadPoolExecutor.java:1149)
	at java.util.concurrent.ThreadPoolExecutor$Worker.run(ThreadPoolExecutor.java:624)
	at java.lang.Thread.run(Thread.java:750)
2023-03-15 06:52:53,967 [Listener at 127.0.0.1/39575] INFO  server.GrpcService (GrpcService.java:closeImpl(280)) - omNode-1: shutdown server GrpcServerProtocolService successfully
2023-03-15 06:52:53,974 [omNode-1@group-523986131536-StateMachineUpdater] INFO  impl.StateMachineUpdater (StateMachineUpdater.java:takeSnapshot(287)) - omNode-1@group-523986131536-StateMachineUpdater: Took a snapshot at index 718
2023-03-15 06:52:53,974 [omNode-1@group-523986131536-StateMachineUpdater] INFO  impl.StateMachineUpdater (StateMachineUpdater.java:lambda$new$0(92)) - omNode-1@group-523986131536-StateMachineUpdater: snapshotIndex: updateIncreasingly -1 -> 718
2023-03-15 06:52:53,974 [omNode-1@group-523986131536-StateMachineUpdater] INFO  ratis.OzoneManagerStateMachine (OzoneManagerStateMachine.java:close(499)) - StateMachine has shutdown. Shutdown OzoneManager if not already shutdown.
2023-03-15 06:52:53,974 [omNode-1@group-523986131536-StateMachineUpdater] INFO  ratis.OzoneManagerDoubleBuffer (OzoneManagerDoubleBuffer.java:stopDaemon(540)) - Stopping OMDoubleBuffer flush thread
2023-03-15 06:52:53,975 [OMDoubleBufferFlushThread] INFO  ratis.OzoneManagerDoubleBuffer (OzoneManagerDoubleBuffer.java:canFlush(625)) - OMDoubleBuffer flush thread OMDoubleBufferFlushThread is interrupted and will exit.
2023-03-15 06:52:53,976 [omNode-1-impl-thread1] INFO  server.RaftServer$Division (ServerState.java:close(466)) - omNode-1@group-523986131536: closes. applyIndex: 718
2023-03-15 06:52:53,976 [omNode-1@group-523986131536-SegmentedRaftLogWorker] INFO  segmented.SegmentedRaftLogWorker (SegmentedRaftLogWorker.java:run(347)) - omNode-1@group-523986131536-SegmentedRaftLogWorker was interrupted, exiting. There are 0 tasks remaining in the queue.
2023-03-15 06:52:53,977 [omNode-1-impl-thread1] INFO  segmented.SegmentedRaftLogWorker (SegmentedRaftLogWorker.java:close(257)) - omNode-1@group-523986131536-SegmentedRaftLogWorker close()
2023-03-15 06:52:53,977 [JvmPauseMonitor0] INFO  util.JvmPauseMonitor (JvmPauseMonitor.java:run(111)) - JvmPauseMonitor-omNode-1: Stopped
2023-03-15 06:52:53,977 [Listener at 127.0.0.1/39575] INFO  ratis.OzoneManagerStateMachine (OzoneManagerStateMachine.java:close(499)) - StateMachine has shutdown. Shutdown OzoneManager if not already shutdown.
2023-03-15 06:52:53,978 [Listener at 127.0.0.1/39575] INFO  ratis.OzoneManagerDoubleBuffer (OzoneManagerDoubleBuffer.java:stopDaemon(549)) - OMDoubleBuffer flush thread is not running.
2023-03-15 06:52:53,979 [Listener at 127.0.0.1/39575] INFO  handler.ContextHandler (ContextHandler.java:doStop(1159)) - Stopped o.e.j.w.WebAppContext@41566d56{ozoneManager,/,null,STOPPED}{file:/home/runner/work/ozone/ozone/hadoop-ozone/integration-test/target/test-classes/webapps/ozoneManager}
2023-03-15 06:52:53,979 [Listener at 127.0.0.1/39575] INFO  server.AbstractConnector (AbstractConnector.java:doStop(383)) - Stopped ServerConnector@356b37dd{HTTP/1.1, (http/1.1)}{0.0.0.0:36991}
2023-03-15 06:52:53,980 [Listener at 127.0.0.1/39575] INFO  server.session (HouseKeeper.java:stopScavenging(149)) - node0 Stopped scavenging
2023-03-15 06:52:53,980 [Listener at 127.0.0.1/39575] INFO  handler.ContextHandler (ContextHandler.java:doStop(1159)) - Stopped o.e.j.s.ServletContextHandler@27d8008a{static,/static,file:///home/runner/work/ozone/ozone/hadoop-ozone/integration-test/target/test-classes/webapps/static,STOPPED}
2023-03-15 06:52:53,980 [Listener at 127.0.0.1/39575] INFO  handler.ContextHandler (ContextHandler.java:doStop(1159)) - Stopped o.e.j.s.ServletContextHandler@66adb24{logs,/logs,file:///home/runner/work/ozone/ozone/hadoop-ozone/integration-test/target/log,STOPPED}
2023-03-15 06:52:53,988 [Listener at 127.0.0.1/39575] INFO  ozone.MiniOzoneHAClusterImpl (MiniOzoneHAClusterImpl.java:stop(312)) - Stopping the OzoneManager omNode-2
2023-03-15 06:52:53,988 [Listener at 127.0.0.1/39575] INFO  om.OzoneManager (OzoneManager.java:stop(2166)) - omNode-2[localhost:43081]: Stopping Ozone Manager
2023-03-15 06:52:53,989 [Listener at 127.0.0.1/39575] INFO  ipc.Server (Server.java:stop(3428)) - Stopping server on 43081
2023-03-15 06:52:53,991 [IPC Server listener on 43081] INFO  ipc.Server (Server.java:run(1384)) - Stopping IPC Server listener on 43081
2023-03-15 06:52:54,000 [IPC Server Responder] INFO  ipc.Server (Server.java:run(1517)) - Stopping IPC Server Responder
2023-03-15 06:52:54,000 [Listener at 127.0.0.1/39575] INFO  server.RaftServer (RaftServerProxy.java:lambda$close$6(409)) - omNode-2: close
2023-03-15 06:52:54,001 [Listener at 127.0.0.1/39575] INFO  server.GrpcService (GrpcService.java:closeImpl(271)) - omNode-2: shutdown server GrpcServerProtocolService now
2023-03-15 06:52:54,001 [omNode-2-impl-thread1] INFO  server.RaftServer$Division (RaftServerImpl.java:lambda$close$4(458)) - omNode-2@group-523986131536: shutdown
2023-03-15 06:52:54,001 [omNode-2-impl-thread1] INFO  util.JmxRegister (JmxRegister.java:unregister(73)) - Successfully un-registered JMX Bean with object name Ratis:service=RaftServer,group=group-523986131536,id=omNode-2
2023-03-15 06:52:54,001 [omNode-2-impl-thread1] INFO  impl.RoleInfo (RoleInfo.java:shutdownFollowerState(110)) - omNode-2: shutdown omNode-2@group-523986131536-FollowerState
2023-03-15 06:52:54,001 [omNode-2-impl-thread1] INFO  impl.StateMachineUpdater (StateMachineUpdater.java:stopAndJoin(153)) - omNode-2@group-523986131536-StateMachineUpdater: set stopIndex = 718
2023-03-15 06:52:54,001 [omNode-2@group-523986131536-StateMachineUpdater] INFO  ratis.OzoneManagerStateMachine (OzoneManagerStateMachine.java:takeSnapshot(445)) - Current Snapshot Index (t:1, i:718)
2023-03-15 06:52:54,002 [omNode-2@group-523986131536-FollowerState] INFO  impl.FollowerState (FollowerState.java:run(152)) - omNode-2@group-523986131536-FollowerState was interrupted
2023-03-15 06:52:54,005 [Listener at 127.0.0.1/39575] INFO  server.GrpcService (GrpcService.java:closeImpl(280)) - omNode-2: shutdown server GrpcServerProtocolService successfully
2023-03-15 06:52:54,014 [omNode-2@group-523986131536-StateMachineUpdater] INFO  impl.StateMachineUpdater (StateMachineUpdater.java:takeSnapshot(287)) - omNode-2@group-523986131536-StateMachineUpdater: Took a snapshot at index 718
2023-03-15 06:52:54,014 [omNode-2@group-523986131536-StateMachineUpdater] INFO  impl.StateMachineUpdater (StateMachineUpdater.java:lambda$new$0(92)) - omNode-2@group-523986131536-StateMachineUpdater: snapshotIndex: updateIncreasingly -1 -> 718
2023-03-15 06:52:54,014 [omNode-2@group-523986131536-StateMachineUpdater] INFO  ratis.OzoneManagerStateMachine (OzoneManagerStateMachine.java:close(499)) - StateMachine has shutdown. Shutdown OzoneManager if not already shutdown.
2023-03-15 06:52:54,014 [omNode-2@group-523986131536-StateMachineUpdater] INFO  ratis.OzoneManagerDoubleBuffer (OzoneManagerDoubleBuffer.java:stopDaemon(540)) - Stopping OMDoubleBuffer flush thread
2023-03-15 06:52:54,014 [OMDoubleBufferFlushThread] INFO  ratis.OzoneManagerDoubleBuffer (OzoneManagerDoubleBuffer.java:canFlush(625)) - OMDoubleBuffer flush thread OMDoubleBufferFlushThread is interrupted and will exit.
2023-03-15 06:52:54,015 [Under Replicated Processor] INFO  replication.UnhealthyReplicationProcessor (UnhealthyReplicationProcessor.java:processAll(113)) - Processed 0 containers with health state counts {},failed processing 0
2023-03-15 06:52:54,016 [omNode-2-impl-thread1] INFO  server.RaftServer$Division (ServerState.java:close(466)) - omNode-2@group-523986131536: closes. applyIndex: 718
2023-03-15 06:52:54,016 [omNode-2@group-523986131536-SegmentedRaftLogWorker] INFO  segmented.SegmentedRaftLogWorker (SegmentedRaftLogWorker.java:run(347)) - omNode-2@group-523986131536-SegmentedRaftLogWorker was interrupted, exiting. There are 0 tasks remaining in the queue.
2023-03-15 06:52:54,017 [omNode-2-impl-thread1] INFO  segmented.SegmentedRaftLogWorker (SegmentedRaftLogWorker.java:close(257)) - omNode-2@group-523986131536-SegmentedRaftLogWorker close()
2023-03-15 06:52:54,018 [JvmPauseMonitor1] INFO  util.JvmPauseMonitor (JvmPauseMonitor.java:run(111)) - JvmPauseMonitor-omNode-2: Stopped
2023-03-15 06:52:54,019 [Listener at 127.0.0.1/39575] INFO  ratis.OzoneManagerStateMachine (OzoneManagerStateMachine.java:close(499)) - StateMachine has shutdown. Shutdown OzoneManager if not already shutdown.
2023-03-15 06:52:54,019 [Listener at 127.0.0.1/39575] INFO  ratis.OzoneManagerDoubleBuffer (OzoneManagerDoubleBuffer.java:stopDaemon(549)) - OMDoubleBuffer flush thread is not running.
2023-03-15 06:52:54,019 [Listener at 127.0.0.1/39575] INFO  utils.BackgroundService (BackgroundService.java:shutdown(141)) - Shutting down service KeyDeletingService
2023-03-15 06:52:54,019 [Over Replicated Processor] INFO  replication.UnhealthyReplicationProcessor (UnhealthyReplicationProcessor.java:processAll(113)) - Processed 0 containers with health state counts {},failed processing 0
2023-03-15 06:52:54,019 [Listener at 127.0.0.1/39575] INFO  utils.BackgroundService (BackgroundService.java:shutdown(141)) - Shutting down service DirectoryDeletingService
2023-03-15 06:52:54,020 [Listener at 127.0.0.1/39575] INFO  utils.BackgroundService (BackgroundService.java:shutdown(141)) - Shutting down service OpenKeyCleanupService
2023-03-15 06:52:54,020 [Listener at 127.0.0.1/39575] INFO  utils.BackgroundService (BackgroundService.java:shutdown(141)) - Shutting down service SstFilteringService
2023-03-15 06:52:54,020 [Listener at 127.0.0.1/39575] INFO  utils.BackgroundService (BackgroundService.java:shutdown(141)) - Shutting down service SnapshotDeletingService
2023-03-15 06:52:54,021 [Listener at 127.0.0.1/39575] INFO  handler.ContextHandler (ContextHandler.java:doStop(1159)) - Stopped o.e.j.w.WebAppContext@7027c359{ozoneManager,/,null,STOPPED}{file:/home/runner/work/ozone/ozone/hadoop-ozone/integration-test/target/test-classes/webapps/ozoneManager}
2023-03-15 06:52:54,023 [Listener at 127.0.0.1/39575] INFO  server.AbstractConnector (AbstractConnector.java:doStop(383)) - Stopped ServerConnector@41f40b0e{HTTP/1.1, (http/1.1)}{0.0.0.0:40163}
2023-03-15 06:52:54,023 [Listener at 127.0.0.1/39575] INFO  server.session (HouseKeeper.java:stopScavenging(149)) - node0 Stopped scavenging
2023-03-15 06:52:54,023 [Listener at 127.0.0.1/39575] INFO  handler.ContextHandler (ContextHandler.java:doStop(1159)) - Stopped o.e.j.s.ServletContextHandler@35989ae2{static,/static,file:///home/runner/work/ozone/ozone/hadoop-ozone/integration-test/target/test-classes/webapps/static,STOPPED}
2023-03-15 06:52:54,023 [Listener at 127.0.0.1/39575] INFO  handler.ContextHandler (ContextHandler.java:doStop(1159)) - Stopped o.e.j.s.ServletContextHandler@5407721{logs,/logs,file:///home/runner/work/ozone/ozone/hadoop-ozone/integration-test/target/log,STOPPED}
2023-03-15 06:52:54,030 [Listener at 127.0.0.1/39575] INFO  ozone.MiniOzoneHAClusterImpl (MiniOzoneHAClusterImpl.java:stop(320)) - Stopping the StorageContainerManager b30da7c3-4da8-4b88-85f3-16f110953bb8
2023-03-15 06:52:54,030 [Listener at 127.0.0.1/39575] INFO  server.StorageContainerManager (StorageContainerManager.java:stop(1532)) - Container Balancer is not running.
2023-03-15 06:52:54,030 [Listener at 127.0.0.1/39575] INFO  server.StorageContainerManager (StorageContainerManager.java:stop(1539)) - Stopping Replication Manager Service.
2023-03-15 06:52:54,031 [Listener at 127.0.0.1/39575] INFO  replication.ReplicationManager (ReplicationManager.java:stop(304)) - Stopping Replication Monitor Thread.
2023-03-15 06:52:54,031 [Under Replicated Processor] WARN  replication.UnhealthyReplicationProcessor (UnhealthyReplicationProcessor.java:run(153)) - Under Replicated Processor interrupted. Exiting...
2023-03-15 06:52:54,031 [Over Replicated Processor] WARN  replication.UnhealthyReplicationProcessor (UnhealthyReplicationProcessor.java:run(153)) - Over Replicated Processor interrupted. Exiting...
2023-03-15 06:52:54,031 [ReplicationMonitor] INFO  replication.ReplicationManager (ReplicationManager.java:run(799)) - Replication Monitor Thread is stopped
2023-03-15 06:52:54,031 [Listener at 127.0.0.1/39575] INFO  server.StorageContainerManager (StorageContainerManager.java:stop(1546)) - Stopping the Datanode Admin Monitor.
2023-03-15 06:52:54,032 [Listener at 127.0.0.1/39575] INFO  server.StorageContainerManager (StorageContainerManager.java:stop(1553)) - Stopping datanode service RPC server
2023-03-15 06:52:54,032 [Listener at 127.0.0.1/39575] INFO  server.SCMDatanodeProtocolServer (SCMDatanodeProtocolServer.java:stop(424)) - Stopping the RPC server for DataNodes
2023-03-15 06:52:54,032 [Listener at 127.0.0.1/39575] INFO  ipc.Server (Server.java:stop(3428)) - Stopping server on 45029
2023-03-15 06:52:54,034 [IPC Server Responder] INFO  ipc.Server (Server.java:run(1517)) - Stopping IPC Server Responder
2023-03-15 06:52:54,035 [IPC Server listener on 0] INFO  ipc.Server (Server.java:run(1384)) - Stopping IPC Server listener on 0
2023-03-15 06:52:54,082 [SCM Heartbeat Processing Thread - 0] WARN  node.NodeStateManager (NodeStateManager.java:scheduleNextHealthCheck(870)) - Current Thread is interrupted, shutting down HB processing thread for Node Manager.
2023-03-15 06:52:54,082 [Listener at 127.0.0.1/39575] INFO  server.StorageContainerManager (StorageContainerManager.java:stop(1561)) - Stopping block service RPC server
2023-03-15 06:52:54,083 [Listener at 127.0.0.1/39575] INFO  server.SCMBlockProtocolServer (SCMBlockProtocolServer.java:stop(161)) - Stopping the RPC server for Block Protocol
2023-03-15 06:52:54,083 [Listener at 127.0.0.1/39575] INFO  ipc.Server (Server.java:stop(3428)) - Stopping server on 37185
2023-03-15 06:52:54,084 [IPC Server listener on 0] INFO  ipc.Server (Server.java:run(1384)) - Stopping IPC Server listener on 0
2023-03-15 06:52:54,085 [IPC Server Responder] INFO  ipc.Server (Server.java:run(1517)) - Stopping IPC Server Responder
2023-03-15 06:52:54,085 [Listener at 127.0.0.1/39575] INFO  server.StorageContainerManager (StorageContainerManager.java:stop(1568)) - Stopping the StorageContainerLocationProtocol RPC server
2023-03-15 06:52:54,086 [Listener at 127.0.0.1/39575] INFO  server.SCMClientProtocolServer (SCMClientProtocolServer.java:stop(203)) - Stopping the RPC server for Client Protocol
2023-03-15 06:52:54,086 [Listener at 127.0.0.1/39575] INFO  ipc.Server (Server.java:stop(3428)) - Stopping server on 41377
2023-03-15 06:52:54,087 [IPC Server listener on 0] INFO  ipc.Server (Server.java:run(1384)) - Stopping IPC Server listener on 0
2023-03-15 06:52:54,088 [IPC Server Responder] INFO  ipc.Server (Server.java:run(1517)) - Stopping IPC Server Responder
2023-03-15 06:52:54,088 [Listener at 127.0.0.1/39575] INFO  server.StorageContainerManager (StorageContainerManager.java:stop(1575)) - Stopping Storage Container Manager HTTP server.
2023-03-15 06:52:54,089 [Listener at 127.0.0.1/39575] INFO  handler.ContextHandler (ContextHandler.java:doStop(1159)) - Stopped o.e.j.w.WebAppContext@5fb58f15{scm,/,null,STOPPED}{file:/home/runner/work/ozone/ozone/hadoop-ozone/integration-test/target/test-classes/webapps/scm}
2023-03-15 06:52:54,090 [Listener at 127.0.0.1/39575] INFO  server.AbstractConnector (AbstractConnector.java:doStop(383)) - Stopped ServerConnector@7154a248{HTTP/1.1, (http/1.1)}{0.0.0.0:0}
2023-03-15 06:52:54,090 [Listener at 127.0.0.1/39575] INFO  server.session (HouseKeeper.java:stopScavenging(149)) - node0 Stopped scavenging
2023-03-15 06:52:54,092 [Listener at 127.0.0.1/39575] INFO  handler.ContextHandler (ContextHandler.java:doStop(1159)) - Stopped o.e.j.s.ServletContextHandler@1f138b74{static,/static,file:///home/runner/work/ozone/ozone/hadoop-ozone/integration-test/target/test-classes/webapps/static,STOPPED}
2023-03-15 06:52:54,092 [Listener at 127.0.0.1/39575] INFO  handler.ContextHandler (ContextHandler.java:doStop(1159)) - Stopped o.e.j.s.ServletContextHandler@6980fa39{logs,/logs,file:///home/runner/work/ozone/ozone/hadoop-ozone/integration-test/target/log,STOPPED}
2023-03-15 06:52:54,093 [Listener at 127.0.0.1/39575] INFO  server.StorageContainerManager (StorageContainerManager.java:stop(1583)) - Stopping SCM LayoutVersionManager Service.
2023-03-15 06:52:54,093 [Listener at 127.0.0.1/39575] INFO  server.StorageContainerManager (StorageContainerManager.java:stop(1591)) - Stopping Block Manager Service.
2023-03-15 06:52:54,093 [Listener at 127.0.0.1/39575] INFO  utils.BackgroundService (BackgroundService.java:shutdown(141)) - Shutting down service SCMBlockDeletingService
2023-03-15 06:52:54,094 [Listener at 127.0.0.1/39575] INFO  utils.BackgroundService (BackgroundService.java:shutdown(141)) - Shutting down service SCMBlockDeletingService
2023-03-15 06:52:54,094 [Listener at 127.0.0.1/39575] INFO  server.StorageContainerManager (StorageContainerManager.java:stop(1613)) - Stopping SCM Event Queue.
2023-03-15 06:52:54,097 [Listener at 127.0.0.1/39575] INFO  server.StorageContainerManager (StorageContainerManager.java:stop(1624)) - Stopping SCM HA services.
2023-03-15 06:52:54,098 [Listener at 127.0.0.1/39575] INFO  pipeline.BackgroundPipelineCreator (BackgroundPipelineCreator.java:stop(149)) - Stopping RatisPipelineUtilsThread.
2023-03-15 06:52:54,098 [RatisPipelineUtilsThread - 0] WARN  pipeline.BackgroundPipelineCreator (BackgroundPipelineCreator.java:run(180)) - RatisPipelineUtilsThread is interrupted.
2023-03-15 06:52:54,098 [Listener at 127.0.0.1/39575] INFO  BackgroundPipelineScrubber (BackgroundSCMService.java:stop(131)) - Stopping BackgroundPipelineScrubber Service.
2023-03-15 06:52:54,098 [BackgroundPipelineScrubberThread] WARN  BackgroundPipelineScrubber (BackgroundSCMService.java:run(115)) - BackgroundPipelineScrubber is interrupted, exit
2023-03-15 06:52:54,099 [Listener at 127.0.0.1/39575] INFO  impl.MetricsSystemImpl (MetricsSystemImpl.java:stop(210)) - Stopping XceiverClientMetrics metrics system...
2023-03-15 06:52:54,112 [prometheus] INFO  impl.MetricsSinkAdapter (MetricsSinkAdapter.java:publishMetricsFromQueue(141)) - prometheus thread interrupted.
2023-03-15 06:52:54,112 [Listener at 127.0.0.1/39575] INFO  impl.MetricsSystemImpl (MetricsSystemImpl.java:stop(216)) - XceiverClientMetrics metrics system stopped.
2023-03-15 06:52:54,113 [Listener at 127.0.0.1/39575] WARN  pipeline.BackgroundPipelineCreator (BackgroundPipelineCreator.java:stop(145)) - RatisPipelineUtilsThread is not running, just ignore.
2023-03-15 06:52:54,113 [Listener at 127.0.0.1/39575] INFO  BackgroundPipelineScrubber (BackgroundSCMService.java:stop(126)) - BackgroundPipelineScrubber Service is not running, skip stop.
2023-03-15 06:52:54,113 [Listener at 127.0.0.1/39575] INFO  ExpiredContainerReplicaOpScrubber (BackgroundSCMService.java:stop(131)) - Stopping ExpiredContainerReplicaOpScrubber Service.
2023-03-15 06:52:54,113 [ExpiredContainerReplicaOpScrubberThread] WARN  ExpiredContainerReplicaOpScrubber (BackgroundSCMService.java:run(115)) - ExpiredContainerReplicaOpScrubber is interrupted, exit
2023-03-15 06:52:54,113 [Listener at 127.0.0.1/39575] INFO  utils.BackgroundService (BackgroundService.java:shutdown(141)) - Shutting down service SCMBlockDeletingService
2023-03-15 06:52:54,114 [Listener at 127.0.0.1/39575] INFO  replication.ReplicationManager (ReplicationManager.java:stop(314)) - Replication Monitor Thread is not running.
2023-03-15 06:52:54,115 [Listener at 127.0.0.1/39575] WARN  balancer.ContainerBalancer (ContainerBalancer.java:stop(322)) - Cannot stop Container Balancer because it's not running or stopping
2023-03-15 06:52:54,115 [Listener at 127.0.0.1/39575] INFO  server.StorageContainerManager (StorageContainerManager.java:stop(1642)) - Stopping SCM MetadataStore.
2023-03-15 06:52:54,116 [Listener at 127.0.0.1/39575] INFO  ozone.MiniOzoneClusterImpl (MiniOzoneClusterImpl.java:stop(465)) - Stopping the Mini Ozone Cluster
2023-03-15 06:52:54,117 [Listener at 127.0.0.1/39575] INFO  ozone.MiniOzoneClusterImpl (MiniOzoneClusterImpl.java:stopDatanodes(524)) - Stopping the HddsDatanodes
2023-03-15 06:52:54,120 [ForkJoinPool.commonPool-worker-1] INFO  ozoneimpl.OzoneContainer (OzoneContainer.java:stop(423)) - Attempting to stop container services.
2023-03-15 06:52:54,121 [ForkJoinPool.commonPool-worker-1] INFO  server.RaftServer (RaftServerProxy.java:lambda$close$6(409)) - 69770226-cf53-4475-8132-826a0d48d398: close
2023-03-15 06:52:54,121 [69770226-cf53-4475-8132-826a0d48d398-impl-thread1] INFO  server.RaftServer$Division (RaftServerImpl.java:lambda$close$4(458)) - 69770226-cf53-4475-8132-826a0d48d398@group-BDFEFBBA6613: shutdown
2023-03-15 06:52:54,121 [69770226-cf53-4475-8132-826a0d48d398-impl-thread1] INFO  util.JmxRegister (JmxRegister.java:unregister(73)) - Successfully un-registered JMX Bean with object name Ratis:service=RaftServer,group=group-BDFEFBBA6613,id=69770226-cf53-4475-8132-826a0d48d398
2023-03-15 06:52:54,121 [69770226-cf53-4475-8132-826a0d48d398-impl-thread1] INFO  impl.RoleInfo (RoleInfo.java:shutdownFollowerState(110)) - 69770226-cf53-4475-8132-826a0d48d398: shutdown 69770226-cf53-4475-8132-826a0d48d398@group-BDFEFBBA6613-FollowerState
2023-03-15 06:52:54,123 [69770226-cf53-4475-8132-826a0d48d398-impl-thread1] INFO  impl.StateMachineUpdater (StateMachineUpdater.java:stopAndJoin(153)) - 69770226-cf53-4475-8132-826a0d48d398@group-BDFEFBBA6613-StateMachineUpdater: set stopIndex = 194
2023-03-15 06:52:54,123 [69770226-cf53-4475-8132-826a0d48d398@group-BDFEFBBA6613-FollowerState] INFO  impl.FollowerState (FollowerState.java:run(152)) - 69770226-cf53-4475-8132-826a0d48d398@group-BDFEFBBA6613-FollowerState was interrupted
2023-03-15 06:52:54,123 [ForkJoinPool.commonPool-worker-1] INFO  server.GrpcService (GrpcService.java:closeImpl(271)) - 69770226-cf53-4475-8132-826a0d48d398: shutdown server GrpcServerProtocolService now
2023-03-15 06:52:54,123 [69770226-cf53-4475-8132-826a0d48d398-impl-thread2] INFO  server.RaftServer$Division (RaftServerImpl.java:lambda$close$4(458)) - 69770226-cf53-4475-8132-826a0d48d398@group-A0FDA1CF6AAB: shutdown
2023-03-15 06:52:54,123 [69770226-cf53-4475-8132-826a0d48d398-impl-thread2] INFO  util.JmxRegister (JmxRegister.java:unregister(73)) - Successfully un-registered JMX Bean with object name Ratis:service=RaftServer,group=group-A0FDA1CF6AAB,id=69770226-cf53-4475-8132-826a0d48d398
2023-03-15 06:52:54,123 [69770226-cf53-4475-8132-826a0d48d398@group-BDFEFBBA6613-StateMachineUpdater] INFO  ratis.ContainerStateMachine (ContainerStateMachine.java:takeSnapshot(330)) - group-BDFEFBBA6613: Taking a snapshot at:(t:1, i:194) file /home/runner/work/ozone/ozone/hadoop-ozone/integration-test/target/test-dir/MiniOzoneClusterImpl-e79b0a94-dba3-4ba8-a298-d2d15914ceac/datanode-0/data/ratis/0ed72603-e41a-43d8-a161-bdfefbba6613/sm/snapshot.1_194
2023-03-15 06:52:54,123 [69770226-cf53-4475-8132-826a0d48d398-impl-thread2] INFO  impl.RoleInfo (RoleInfo.java:shutdownFollowerState(110)) - 69770226-cf53-4475-8132-826a0d48d398: shutdown 69770226-cf53-4475-8132-826a0d48d398@group-A0FDA1CF6AAB-FollowerState
2023-03-15 06:52:54,123 [69770226-cf53-4475-8132-826a0d48d398-impl-thread2] INFO  impl.StateMachineUpdater (StateMachineUpdater.java:stopAndJoin(153)) - 69770226-cf53-4475-8132-826a0d48d398@group-A0FDA1CF6AAB-StateMachineUpdater: set stopIndex = 199
2023-03-15 06:52:54,124 [69770226-cf53-4475-8132-826a0d48d398-impl-thread3] INFO  server.RaftServer$Division (RaftServerImpl.java:lambda$close$4(458)) - 69770226-cf53-4475-8132-826a0d48d398@group-CF8DF44AD77D: shutdown
2023-03-15 06:52:54,124 [69770226-cf53-4475-8132-826a0d48d398-impl-thread3] INFO  util.JmxRegister (JmxRegister.java:unregister(73)) - Successfully un-registered JMX Bean with object name Ratis:service=RaftServer,group=group-CF8DF44AD77D,id=69770226-cf53-4475-8132-826a0d48d398
2023-03-15 06:52:54,126 [69770226-cf53-4475-8132-826a0d48d398-impl-thread3] INFO  impl.RoleInfo (RoleInfo.java:shutdownLeaderState(93)) - 69770226-cf53-4475-8132-826a0d48d398: shutdown 69770226-cf53-4475-8132-826a0d48d398@group-CF8DF44AD77D-LeaderStateImpl
2023-03-15 06:52:54,126 [69770226-cf53-4475-8132-826a0d48d398-impl-thread3] INFO  impl.PendingRequests (PendingRequests.java:sendNotLeaderResponses(282)) - 69770226-cf53-4475-8132-826a0d48d398@group-CF8DF44AD77D-PendingRequests: sendNotLeaderResponses
2023-03-15 06:52:54,127 [69770226-cf53-4475-8132-826a0d48d398-impl-thread3] INFO  impl.StateMachineUpdater (StateMachineUpdater.java:stopAndJoin(153)) - 69770226-cf53-4475-8132-826a0d48d398@group-CF8DF44AD77D-StateMachineUpdater: set stopIndex = 0
2023-03-15 06:52:54,127 [69770226-cf53-4475-8132-826a0d48d398@group-CF8DF44AD77D-StateMachineUpdater] INFO  ratis.ContainerStateMachine (ContainerStateMachine.java:takeSnapshot(330)) - group-CF8DF44AD77D: Taking a snapshot at:(t:1, i:0) file /home/runner/work/ozone/ozone/hadoop-ozone/integration-test/target/test-dir/MiniOzoneClusterImpl-e79b0a94-dba3-4ba8-a298-d2d15914ceac/datanode-0/data/ratis/ec599927-ea60-4071-9e3f-cf8df44ad77d/sm/snapshot.1_0
2023-03-15 06:52:54,125 [69770226-cf53-4475-8132-826a0d48d398@group-A0FDA1CF6AAB-FollowerState] INFO  impl.FollowerState (FollowerState.java:run(152)) - 69770226-cf53-4475-8132-826a0d48d398@group-A0FDA1CF6AAB-FollowerState was interrupted
2023-03-15 06:52:54,125 [69770226-cf53-4475-8132-826a0d48d398@group-A0FDA1CF6AAB-StateMachineUpdater] INFO  ratis.ContainerStateMachine (ContainerStateMachine.java:takeSnapshot(330)) - group-A0FDA1CF6AAB: Taking a snapshot at:(t:1, i:199) file /home/runner/work/ozone/ozone/hadoop-ozone/integration-test/target/test-dir/MiniOzoneClusterImpl-e79b0a94-dba3-4ba8-a298-d2d15914ceac/datanode-0/data/ratis/f8d24024-cb87-4a49-af27-a0fda1cf6aab/sm/snapshot.1_199
2023-03-15 06:52:54,128 [ForkJoinPool.commonPool-worker-1] INFO  server.GrpcServerProtocolClient (GrpcServerProtocolClient.java:close(101)) - 934a7696-9971-43bd-bb95-0c074ad287bd Close channels
2023-03-15 06:52:54,129 [grpc-default-executor-0] WARN  server.GrpcServerProtocolService (LogUtils.java:warn(122)) - 69770226-cf53-4475-8132-826a0d48d398: installSnapshot onError, lastRequest: null: org.apache.ratis.thirdparty.io.grpc.StatusRuntimeException: CANCELLED: client cancelled
2023-03-15 06:52:54,130 [grpc-default-executor-4] WARN  server.GrpcServerProtocolService (LogUtils.java:warn(122)) - 69770226-cf53-4475-8132-826a0d48d398: installSnapshot onError, lastRequest: null: org.apache.ratis.thirdparty.io.grpc.StatusRuntimeException: CANCELLED: client cancelled
2023-03-15 06:52:54,130 [grpc-default-executor-1] WARN  server.GrpcServerProtocolService (LogUtils.java:warn(122)) - 69770226-cf53-4475-8132-826a0d48d398: installSnapshot onError, lastRequest: f927f8e9-81c0-47cb-a281-73162d36a20e->69770226-cf53-4475-8132-826a0d48d398#1847-t1,previous=(t:1, i:198),leaderCommit=198,initializing? true,entries: size=1, first=(t:1, i:199), METADATAENTRY(c:198): org.apache.ratis.thirdparty.io.grpc.StatusRuntimeException: CANCELLED: client cancelled
2023-03-15 06:52:54,131 [grpc-default-executor-3] WARN  server.GrpcServerProtocolService (LogUtils.java:warn(122)) - 69770226-cf53-4475-8132-826a0d48d398: installSnapshot onError, lastRequest: 934a7696-9971-43bd-bb95-0c074ad287bd->69770226-cf53-4475-8132-826a0d48d398#2605-t1,previous=(t:1, i:194),leaderCommit=194,initializing? true,entries: size=1, first=(t:1, i:195), METADATAENTRY(c:194): org.apache.ratis.thirdparty.io.grpc.StatusRuntimeException: CANCELLED: client cancelled
2023-03-15 06:52:54,133 [Listener at 127.0.0.1/39575] INFO  ozoneimpl.OzoneContainer (OzoneContainer.java:stop(423)) - Attempting to stop container services.
2023-03-15 06:52:54,133 [grpc-default-executor-0] WARN  server.GrpcLogAppender (LogUtils.java:warn(122)) - f927f8e9-81c0-47cb-a281-73162d36a20e@group-A0FDA1CF6AAB->69770226-cf53-4475-8132-826a0d48d398-AppendLogResponseHandler: Failed appendEntries: org.apache.ratis.thirdparty.io.grpc.StatusRuntimeException: CANCELLED: RST_STREAM closed stream. HTTP/2 error code: CANCEL
2023-03-15 06:52:54,134 [grpc-default-executor-0] INFO  leader.FollowerInfo (FollowerInfoImpl.java:lambda$new$0(48)) - f927f8e9-81c0-47cb-a281-73162d36a20e@group-A0FDA1CF6AAB->69770226-cf53-4475-8132-826a0d48d398: nextIndex: updateUnconditionally 200 -> 199
2023-03-15 06:52:54,139 [ForkJoinPool.commonPool-worker-1] INFO  server.GrpcServerProtocolClient (GrpcServerProtocolClient.java:close(101)) - f927f8e9-81c0-47cb-a281-73162d36a20e Close channels
2023-03-15 06:52:54,139 [grpc-default-executor-2] WARN  server.GrpcLogAppender (LogUtils.java:warn(122)) - 934a7696-9971-43bd-bb95-0c074ad287bd@group-BDFEFBBA6613->69770226-cf53-4475-8132-826a0d48d398-AppendLogResponseHandler: Failed appendEntries: org.apache.ratis.thirdparty.io.grpc.StatusRuntimeException: CANCELLED: RST_STREAM closed stream. HTTP/2 error code: CANCEL
2023-03-15 06:52:54,139 [grpc-default-executor-2] INFO  leader.FollowerInfo (FollowerInfoImpl.java:lambda$new$0(48)) - 934a7696-9971-43bd-bb95-0c074ad287bd@group-BDFEFBBA6613->69770226-cf53-4475-8132-826a0d48d398: nextIndex: updateUnconditionally 196 -> 195
2023-03-15 06:52:54,142 [grpc-default-executor-3] WARN  server.GrpcLogAppender (LogUtils.java:warn(122)) - f927f8e9-81c0-47cb-a281-73162d36a20e@group-A0FDA1CF6AAB->69770226-cf53-4475-8132-826a0d48d398-AppendLogResponseHandler: Failed appendEntries: org.apache.ratis.thirdparty.io.grpc.StatusRuntimeException: CANCELLED: RST_STREAM closed stream. HTTP/2 error code: CANCEL
2023-03-15 06:52:54,142 [grpc-default-executor-3] INFO  leader.FollowerInfo (FollowerInfoImpl.java:lambda$new$0(48)) - f927f8e9-81c0-47cb-a281-73162d36a20e@group-A0FDA1CF6AAB->69770226-cf53-4475-8132-826a0d48d398: nextIndex: updateUnconditionally 200 -> 199
2023-03-15 06:52:54,145 [grpc-default-executor-2] WARN  server.GrpcLogAppender (LogUtils.java:warn(122)) - 934a7696-9971-43bd-bb95-0c074ad287bd@group-BDFEFBBA6613->69770226-cf53-4475-8132-826a0d48d398-AppendLogResponseHandler: Failed appendEntries: org.apache.ratis.thirdparty.io.grpc.StatusRuntimeException: CANCELLED: RST_STREAM closed stream. HTTP/2 error code: CANCEL
2023-03-15 06:52:54,146 [grpc-default-executor-2] INFO  leader.FollowerInfo (FollowerInfoImpl.java:lambda$new$0(48)) - 934a7696-9971-43bd-bb95-0c074ad287bd@group-BDFEFBBA6613->69770226-cf53-4475-8132-826a0d48d398: nextIndex: updateUnconditionally 196 -> 195
2023-03-15 06:52:54,145 [ForkJoinPool.commonPool-worker-1] INFO  server.GrpcService (GrpcService.java:closeImpl(280)) - 69770226-cf53-4475-8132-826a0d48d398: shutdown server GrpcServerProtocolService successfully
2023-03-15 06:52:54,146 [69770226-cf53-4475-8132-826a0d48d398-NettyServerStreamRpc-bossGroup--thread1] INFO  logging.LoggingHandler (AbstractInternalLogger.java:log(148)) - [id: 0xbff67db4, L:/0:0:0:0:0:0:0:0:45667] CLOSE
2023-03-15 06:52:54,147 [69770226-cf53-4475-8132-826a0d48d398-NettyServerStreamRpc-bossGroup--thread1] INFO  logging.LoggingHandler (AbstractInternalLogger.java:log(148)) - [id: 0xbff67db4, L:/0:0:0:0:0:0:0:0:45667] INACTIVE
2023-03-15 06:52:54,147 [69770226-cf53-4475-8132-826a0d48d398-NettyServerStreamRpc-bossGroup--thread1] INFO  logging.LoggingHandler (AbstractInternalLogger.java:log(148)) - [id: 0xbff67db4, L:/0:0:0:0:0:0:0:0:45667] UNREGISTERED
2023-03-15 06:52:54,147 [grpc-default-executor-3] WARN  server.GrpcLogAppender (LogUtils.java:warn(122)) - f927f8e9-81c0-47cb-a281-73162d36a20e@group-A0FDA1CF6AAB->69770226-cf53-4475-8132-826a0d48d398-AppendLogResponseHandler: Failed appendEntries: org.apache.ratis.thirdparty.io.grpc.StatusRuntimeException: UNAVAILABLE: io exception
2023-03-15 06:52:54,147 [grpc-default-executor-3] INFO  leader.FollowerInfo (FollowerInfoImpl.java:lambda$new$0(48)) - f927f8e9-81c0-47cb-a281-73162d36a20e@group-A0FDA1CF6AAB->69770226-cf53-4475-8132-826a0d48d398: nextIndex: updateUnconditionally 199 -> 198
2023-03-15 06:52:54,148 [grpc-default-executor-2] WARN  server.GrpcLogAppender (LogUtils.java:warn(122)) - 934a7696-9971-43bd-bb95-0c074ad287bd@group-BDFEFBBA6613->69770226-cf53-4475-8132-826a0d48d398-AppendLogResponseHandler: Failed appendEntries: org.apache.ratis.thirdparty.io.grpc.StatusRuntimeException: UNAVAILABLE: io exception
2023-03-15 06:52:54,149 [grpc-default-executor-2] INFO  leader.FollowerInfo (FollowerInfoImpl.java:lambda$new$0(48)) - 934a7696-9971-43bd-bb95-0c074ad287bd@group-BDFEFBBA6613->69770226-cf53-4475-8132-826a0d48d398: nextIndex: updateUnconditionally 195 -> 194
2023-03-15 06:52:54,154 [Listener at 127.0.0.1/39575] INFO  server.RaftServer (RaftServerProxy.java:lambda$close$6(409)) - f927f8e9-81c0-47cb-a281-73162d36a20e: close
2023-03-15 06:52:54,155 [f927f8e9-81c0-47cb-a281-73162d36a20e-impl-thread1] INFO  server.RaftServer$Division (RaftServerImpl.java:lambda$close$4(458)) - f927f8e9-81c0-47cb-a281-73162d36a20e@group-BDFEFBBA6613: shutdown
2023-03-15 06:52:54,155 [f927f8e9-81c0-47cb-a281-73162d36a20e-impl-thread1] INFO  util.JmxRegister (JmxRegister.java:unregister(73)) - Successfully un-registered JMX Bean with object name Ratis:service=RaftServer,group=group-BDFEFBBA6613,id=f927f8e9-81c0-47cb-a281-73162d36a20e
2023-03-15 06:52:54,155 [f927f8e9-81c0-47cb-a281-73162d36a20e-impl-thread1] INFO  impl.RoleInfo (RoleInfo.java:shutdownFollowerState(110)) - f927f8e9-81c0-47cb-a281-73162d36a20e: shutdown f927f8e9-81c0-47cb-a281-73162d36a20e@group-BDFEFBBA6613-FollowerState
2023-03-15 06:52:54,158 [grpc-default-executor-6] WARN  server.GrpcLogAppender (LogUtils.java:warn(122)) - 934a7696-9971-43bd-bb95-0c074ad287bd@group-BDFEFBBA6613->69770226-cf53-4475-8132-826a0d48d398-AppendLogResponseHandler: Failed appendEntries: org.apache.ratis.thirdparty.io.grpc.StatusRuntimeException: UNAVAILABLE: io exception
2023-03-15 06:52:54,158 [grpc-default-executor-6] INFO  leader.FollowerInfo (FollowerInfoImpl.java:lambda$new$0(48)) - 934a7696-9971-43bd-bb95-0c074ad287bd@group-BDFEFBBA6613->69770226-cf53-4475-8132-826a0d48d398: nextIndex: updateUnconditionally 194 -> 193
2023-03-15 06:52:54,171 [f927f8e9-81c0-47cb-a281-73162d36a20e-impl-thread2] INFO  server.RaftServer$Division (RaftServerImpl.java:lambda$close$4(458)) - f927f8e9-81c0-47cb-a281-73162d36a20e@group-7D445652E74A: shutdown
2023-03-15 06:52:54,171 [f927f8e9-81c0-47cb-a281-73162d36a20e-impl-thread2] INFO  util.JmxRegister (JmxRegister.java:unregister(73)) - Successfully un-registered JMX Bean with object name Ratis:service=RaftServer,group=group-7D445652E74A,id=f927f8e9-81c0-47cb-a281-73162d36a20e
2023-03-15 06:52:54,171 [f927f8e9-81c0-47cb-a281-73162d36a20e-impl-thread2] INFO  impl.RoleInfo (RoleInfo.java:shutdownLeaderState(93)) - f927f8e9-81c0-47cb-a281-73162d36a20e: shutdown f927f8e9-81c0-47cb-a281-73162d36a20e@group-7D445652E74A-LeaderStateImpl
2023-03-15 06:52:54,171 [f927f8e9-81c0-47cb-a281-73162d36a20e-impl-thread2] INFO  impl.PendingRequests (PendingRequests.java:sendNotLeaderResponses(282)) - f927f8e9-81c0-47cb-a281-73162d36a20e@group-7D445652E74A-PendingRequests: sendNotLeaderResponses
2023-03-15 06:52:54,171 [f927f8e9-81c0-47cb-a281-73162d36a20e-impl-thread2] INFO  impl.StateMachineUpdater (StateMachineUpdater.java:stopAndJoin(153)) - f927f8e9-81c0-47cb-a281-73162d36a20e@group-7D445652E74A-StateMachineUpdater: set stopIndex = 0
2023-03-15 06:52:54,172 [f927f8e9-81c0-47cb-a281-73162d36a20e@group-7D445652E74A-StateMachineUpdater] INFO  ratis.ContainerStateMachine (ContainerStateMachine.java:takeSnapshot(330)) - group-7D445652E74A: Taking a snapshot at:(t:1, i:0) file /home/runner/work/ozone/ozone/hadoop-ozone/integration-test/target/test-dir/MiniOzoneClusterImpl-e79b0a94-dba3-4ba8-a298-d2d15914ceac/datanode-1/data/ratis/a968b522-8047-4b92-8d62-7d445652e74a/sm/snapshot.1_0
2023-03-15 06:52:54,172 [Listener at 127.0.0.1/39575] INFO  server.GrpcService (GrpcService.java:closeImpl(271)) - f927f8e9-81c0-47cb-a281-73162d36a20e: shutdown server GrpcServerProtocolService now
2023-03-15 06:52:54,179 [f927f8e9-81c0-47cb-a281-73162d36a20e-impl-thread1] INFO  impl.StateMachineUpdater (StateMachineUpdater.java:stopAndJoin(153)) - f927f8e9-81c0-47cb-a281-73162d36a20e@group-BDFEFBBA6613-StateMachineUpdater: set stopIndex = 194
2023-03-15 06:52:54,179 [f927f8e9-81c0-47cb-a281-73162d36a20e@group-BDFEFBBA6613-FollowerState] INFO  impl.FollowerState (FollowerState.java:run(152)) - f927f8e9-81c0-47cb-a281-73162d36a20e@group-BDFEFBBA6613-FollowerState was interrupted
2023-03-15 06:52:54,179 [f927f8e9-81c0-47cb-a281-73162d36a20e@group-BDFEFBBA6613-StateMachineUpdater] INFO  ratis.ContainerStateMachine (ContainerStateMachine.java:takeSnapshot(330)) - group-BDFEFBBA6613: Taking a snapshot at:(t:1, i:194) file /home/runner/work/ozone/ozone/hadoop-ozone/integration-test/target/test-dir/MiniOzoneClusterImpl-e79b0a94-dba3-4ba8-a298-d2d15914ceac/datanode-1/data/ratis/0ed72603-e41a-43d8-a161-bdfefbba6613/sm/snapshot.1_194
2023-03-15 06:52:54,180 [Listener at 127.0.0.1/39575] INFO  server.GrpcServerProtocolClient (GrpcServerProtocolClient.java:close(101)) - 69770226-cf53-4475-8132-826a0d48d398 Close channels
2023-03-15 06:52:54,180 [f927f8e9-81c0-47cb-a281-73162d36a20e-impl-thread3] INFO  server.RaftServer$Division (RaftServerImpl.java:lambda$close$4(458)) - f927f8e9-81c0-47cb-a281-73162d36a20e@group-A0FDA1CF6AAB: shutdown
2023-03-15 06:52:54,181 [f927f8e9-81c0-47cb-a281-73162d36a20e-impl-thread3] INFO  util.JmxRegister (JmxRegister.java:unregister(73)) - Successfully un-registered JMX Bean with object name Ratis:service=RaftServer,group=group-A0FDA1CF6AAB,id=f927f8e9-81c0-47cb-a281-73162d36a20e
2023-03-15 06:52:54,181 [f927f8e9-81c0-47cb-a281-73162d36a20e-impl-thread3] INFO  impl.RoleInfo (RoleInfo.java:shutdownLeaderState(93)) - f927f8e9-81c0-47cb-a281-73162d36a20e: shutdown f927f8e9-81c0-47cb-a281-73162d36a20e@group-A0FDA1CF6AAB-LeaderStateImpl
2023-03-15 06:52:54,181 [f927f8e9-81c0-47cb-a281-73162d36a20e@group-A0FDA1CF6AAB->69770226-cf53-4475-8132-826a0d48d398-GrpcLogAppender-LogAppenderDaemon] WARN  server.GrpcLogAppender (GrpcLogAppender.java:mayWait(200)) - f927f8e9-81c0-47cb-a281-73162d36a20e@group-A0FDA1CF6AAB->69770226-cf53-4475-8132-826a0d48d398-GrpcLogAppender: Wait interrupted by java.lang.InterruptedException
2023-03-15 06:52:54,181 [f927f8e9-81c0-47cb-a281-73162d36a20e-impl-thread3] INFO  impl.PendingRequests (PendingRequests.java:sendNotLeaderResponses(282)) - f927f8e9-81c0-47cb-a281-73162d36a20e@group-A0FDA1CF6AAB-PendingRequests: sendNotLeaderResponses
2023-03-15 06:52:54,182 [grpc-default-executor-3] WARN  server.GrpcClientProtocolService (LogUtils.java:warn(122)) - 3-UnorderedRequestStreamObserver3: onError: org.apache.ratis.thirdparty.io.grpc.StatusRuntimeException: CANCELLED: client cancelled
2023-03-15 06:52:54,182 [grpc-default-executor-4] WARN  server.GrpcServerProtocolService (LogUtils.java:warn(122)) - f927f8e9-81c0-47cb-a281-73162d36a20e: installSnapshot onError, lastRequest: null: org.apache.ratis.thirdparty.io.grpc.StatusRuntimeException: CANCELLED: client cancelled
2023-03-15 06:52:54,181 [grpc-default-executor-2] WARN  server.GrpcLogAppender (LogUtils.java:warn(122)) - f927f8e9-81c0-47cb-a281-73162d36a20e@group-A0FDA1CF6AAB->69770226-cf53-4475-8132-826a0d48d398-AppendLogResponseHandler: Failed appendEntries: org.apache.ratis.thirdparty.io.grpc.StatusRuntimeException: UNAVAILABLE: io exception
2023-03-15 06:52:54,182 [grpc-default-executor-2] WARN  server.GrpcLogAppender (GrpcLogAppender.java:resetClient(137)) - f927f8e9-81c0-47cb-a281-73162d36a20e@group-A0FDA1CF6AAB->69770226-cf53-4475-8132-826a0d48d398-GrpcLogAppender: Failed to getClient for 69770226-cf53-4475-8132-826a0d48d398
org.apache.ratis.protocol.exceptions.AlreadyClosedException: f927f8e9-81c0-47cb-a281-73162d36a20e is already CLOSED
	at org.apache.ratis.util.PeerProxyMap$PeerAndProxy.getProxy(PeerProxyMap.java:61)
	at org.apache.ratis.util.PeerProxyMap.getProxy(PeerProxyMap.java:115)
	at org.apache.ratis.grpc.server.GrpcLogAppender.getClient(GrpcLogAppender.java:116)
	at org.apache.ratis.grpc.server.GrpcLogAppender.resetClient(GrpcLogAppender.java:121)
	at org.apache.ratis.grpc.server.GrpcLogAppender.access$500(GrpcLogAppender.java:58)
	at org.apache.ratis.grpc.server.GrpcLogAppender$AppendLogResponseHandler.onError(GrpcLogAppender.java:410)
	at org.apache.ratis.thirdparty.io.grpc.stub.ClientCalls$StreamObserverToCallListenerAdapter.onClose(ClientCalls.java:487)
	at org.apache.ratis.thirdparty.io.grpc.internal.ClientCallImpl.closeObserver(ClientCallImpl.java:562)
	at org.apache.ratis.thirdparty.io.grpc.internal.ClientCallImpl.access$300(ClientCallImpl.java:70)
	at org.apache.ratis.thirdparty.io.grpc.internal.ClientCallImpl$ClientStreamListenerImpl$1StreamClosed.runInternal(ClientCallImpl.java:743)
	at org.apache.ratis.thirdparty.io.grpc.internal.ClientCallImpl$ClientStreamListenerImpl$1StreamClosed.runInContext(ClientCallImpl.java:722)
	at org.apache.ratis.thirdparty.io.grpc.internal.ContextRunnable.run(ContextRunnable.java:37)
	at org.apache.ratis.thirdparty.io.grpc.internal.SerializingExecutor.run(SerializingExecutor.java:133)
	at java.util.concurrent.ThreadPoolExecutor.runWorker(ThreadPoolExecutor.java:1149)
	at java.util.concurrent.ThreadPoolExecutor$Worker.run(ThreadPoolExecutor.java:624)
	at java.lang.Thread.run(Thread.java:750)
2023-03-15 06:52:54,183 [grpc-default-executor-1] WARN  server.GrpcClientProtocolService (LogUtils.java:warn(122)) - 2-OrderedRequestStreamObserver2: onError: org.apache.ratis.thirdparty.io.grpc.StatusRuntimeException: CANCELLED: client cancelled
2023-03-15 06:52:54,185 [grpc-default-executor-2] WARN  server.GrpcServerProtocolService (LogUtils.java:warn(122)) - f927f8e9-81c0-47cb-a281-73162d36a20e: installSnapshot onError, lastRequest: 934a7696-9971-43bd-bb95-0c074ad287bd->f927f8e9-81c0-47cb-a281-73162d36a20e#2583-t1,previous=(t:1, i:194),leaderCommit=194,initializing? true,entries: size=1, first=(t:1, i:195), METADATAENTRY(c:194): org.apache.ratis.thirdparty.io.grpc.StatusRuntimeException: CANCELLED: client cancelled
2023-03-15 06:52:54,181 [f927f8e9-81c0-47cb-a281-73162d36a20e@group-A0FDA1CF6AAB->934a7696-9971-43bd-bb95-0c074ad287bd-GrpcLogAppender-LogAppenderDaemon] WARN  server.GrpcLogAppender (GrpcLogAppender.java:mayWait(200)) - f927f8e9-81c0-47cb-a281-73162d36a20e@group-A0FDA1CF6AAB->934a7696-9971-43bd-bb95-0c074ad287bd-GrpcLogAppender: Wait interrupted by java.lang.InterruptedException
2023-03-15 06:52:54,186 [grpc-default-executor-8] WARN  server.GrpcClientProtocolService (LogUtils.java:warn(122)) - 0-OrderedRequestStreamObserver0: onError: org.apache.ratis.thirdparty.io.grpc.StatusRuntimeException: CANCELLED: client cancelled
2023-03-15 06:52:54,186 [69770226-cf53-4475-8132-826a0d48d398@group-CF8DF44AD77D-StateMachineUpdater] INFO  ratis.ContainerStateMachine (ContainerStateMachine.java:takeSnapshot(341)) - group-CF8DF44AD77D: Finished taking a snapshot at:(t:1, i:0) file:/home/runner/work/ozone/ozone/hadoop-ozone/integration-test/target/test-dir/MiniOzoneClusterImpl-e79b0a94-dba3-4ba8-a298-d2d15914ceac/datanode-0/data/ratis/ec599927-ea60-4071-9e3f-cf8df44ad77d/sm/snapshot.1_0 took: 60 ms
2023-03-15 06:52:54,188 [69770226-cf53-4475-8132-826a0d48d398@group-CF8DF44AD77D-StateMachineUpdater] INFO  impl.StateMachineUpdater (StateMachineUpdater.java:takeSnapshot(287)) - 69770226-cf53-4475-8132-826a0d48d398@group-CF8DF44AD77D-StateMachineUpdater: Took a snapshot at index 0
2023-03-15 06:52:54,188 [69770226-cf53-4475-8132-826a0d48d398@group-CF8DF44AD77D-StateMachineUpdater] INFO  impl.StateMachineUpdater (StateMachineUpdater.java:lambda$new$0(92)) - 69770226-cf53-4475-8132-826a0d48d398@group-CF8DF44AD77D-StateMachineUpdater: snapshotIndex: updateIncreasingly -1 -> 0
2023-03-15 06:52:54,188 [f927f8e9-81c0-47cb-a281-73162d36a20e@group-7D445652E74A-StateMachineUpdater] INFO  ratis.ContainerStateMachine (ContainerStateMachine.java:takeSnapshot(341)) - group-7D445652E74A: Finished taking a snapshot at:(t:1, i:0) file:/home/runner/work/ozone/ozone/hadoop-ozone/integration-test/target/test-dir/MiniOzoneClusterImpl-e79b0a94-dba3-4ba8-a298-d2d15914ceac/datanode-1/data/ratis/a968b522-8047-4b92-8d62-7d445652e74a/sm/snapshot.1_0 took: 17 ms
2023-03-15 06:52:54,189 [f927f8e9-81c0-47cb-a281-73162d36a20e@group-7D445652E74A-StateMachineUpdater] INFO  impl.StateMachineUpdater (StateMachineUpdater.java:takeSnapshot(287)) - f927f8e9-81c0-47cb-a281-73162d36a20e@group-7D445652E74A-StateMachineUpdater: Took a snapshot at index 0
2023-03-15 06:52:54,189 [f927f8e9-81c0-47cb-a281-73162d36a20e@group-7D445652E74A-StateMachineUpdater] INFO  impl.StateMachineUpdater (StateMachineUpdater.java:lambda$new$0(92)) - f927f8e9-81c0-47cb-a281-73162d36a20e@group-7D445652E74A-StateMachineUpdater: snapshotIndex: updateIncreasingly -1 -> 0
2023-03-15 06:52:54,189 [69770226-cf53-4475-8132-826a0d48d398@group-A0FDA1CF6AAB-StateMachineUpdater] INFO  ratis.ContainerStateMachine (ContainerStateMachine.java:takeSnapshot(341)) - group-A0FDA1CF6AAB: Finished taking a snapshot at:(t:1, i:199) file:/home/runner/work/ozone/ozone/hadoop-ozone/integration-test/target/test-dir/MiniOzoneClusterImpl-e79b0a94-dba3-4ba8-a298-d2d15914ceac/datanode-0/data/ratis/f8d24024-cb87-4a49-af27-a0fda1cf6aab/sm/snapshot.1_199 took: 63 ms
2023-03-15 06:52:54,193 [f927f8e9-81c0-47cb-a281-73162d36a20e@group-BDFEFBBA6613-StateMachineUpdater] INFO  ratis.ContainerStateMachine (ContainerStateMachine.java:takeSnapshot(341)) - group-BDFEFBBA6613: Finished taking a snapshot at:(t:1, i:194) file:/home/runner/work/ozone/ozone/hadoop-ozone/integration-test/target/test-dir/MiniOzoneClusterImpl-e79b0a94-dba3-4ba8-a298-d2d15914ceac/datanode-1/data/ratis/0ed72603-e41a-43d8-a161-bdfefbba6613/sm/snapshot.1_194 took: 14 ms
2023-03-15 06:52:54,194 [f927f8e9-81c0-47cb-a281-73162d36a20e@group-BDFEFBBA6613-StateMachineUpdater] INFO  impl.StateMachineUpdater (StateMachineUpdater.java:takeSnapshot(287)) - f927f8e9-81c0-47cb-a281-73162d36a20e@group-BDFEFBBA6613-StateMachineUpdater: Took a snapshot at index 194
2023-03-15 06:52:54,194 [f927f8e9-81c0-47cb-a281-73162d36a20e@group-BDFEFBBA6613-StateMachineUpdater] INFO  impl.StateMachineUpdater (StateMachineUpdater.java:lambda$new$0(92)) - f927f8e9-81c0-47cb-a281-73162d36a20e@group-BDFEFBBA6613-StateMachineUpdater: snapshotIndex: updateIncreasingly -1 -> 194
2023-03-15 06:52:54,194 [69770226-cf53-4475-8132-826a0d48d398@group-A0FDA1CF6AAB-StateMachineUpdater] INFO  impl.StateMachineUpdater (StateMachineUpdater.java:takeSnapshot(287)) - 69770226-cf53-4475-8132-826a0d48d398@group-A0FDA1CF6AAB-StateMachineUpdater: Took a snapshot at index 199
2023-03-15 06:52:54,195 [69770226-cf53-4475-8132-826a0d48d398@group-BDFEFBBA6613-StateMachineUpdater] INFO  ratis.ContainerStateMachine (ContainerStateMachine.java:takeSnapshot(341)) - group-BDFEFBBA6613: Finished taking a snapshot at:(t:1, i:194) file:/home/runner/work/ozone/ozone/hadoop-ozone/integration-test/target/test-dir/MiniOzoneClusterImpl-e79b0a94-dba3-4ba8-a298-d2d15914ceac/datanode-0/data/ratis/0ed72603-e41a-43d8-a161-bdfefbba6613/sm/snapshot.1_194 took: 71 ms
2023-03-15 06:52:54,197 [grpc-default-executor-9] WARN  server.GrpcClientProtocolService (LogUtils.java:warn(122)) - 1-UnorderedRequestStreamObserver1: onError: org.apache.ratis.thirdparty.io.grpc.StatusRuntimeException: CANCELLED: client cancelled
2023-03-15 06:52:54,194 [Listener at 127.0.0.1/39575] INFO  server.GrpcServerProtocolClient (GrpcServerProtocolClient.java:close(101)) - 934a7696-9971-43bd-bb95-0c074ad287bd Close channels
2023-03-15 06:52:54,198 [grpc-default-executor-8] WARN  server.GrpcLogAppender (LogUtils.java:warn(122)) - 934a7696-9971-43bd-bb95-0c074ad287bd@group-BDFEFBBA6613->f927f8e9-81c0-47cb-a281-73162d36a20e-AppendLogResponseHandler: Failed appendEntries: org.apache.ratis.thirdparty.io.grpc.StatusRuntimeException: CANCELLED: RST_STREAM closed stream. HTTP/2 error code: CANCEL
2023-03-15 06:52:54,198 [grpc-default-executor-8] INFO  leader.FollowerInfo (FollowerInfoImpl.java:lambda$new$0(48)) - 934a7696-9971-43bd-bb95-0c074ad287bd@group-BDFEFBBA6613->f927f8e9-81c0-47cb-a281-73162d36a20e: nextIndex: updateUnconditionally 196 -> 195
2023-03-15 06:52:54,199 [69770226-cf53-4475-8132-826a0d48d398-impl-thread3] INFO  server.RaftServer$Division (ServerState.java:close(466)) - 69770226-cf53-4475-8132-826a0d48d398@group-CF8DF44AD77D: closes. applyIndex: 0
2023-03-15 06:52:54,199 [69770226-cf53-4475-8132-826a0d48d398@group-CF8DF44AD77D-SegmentedRaftLogWorker] INFO  segmented.SegmentedRaftLogWorker (SegmentedRaftLogWorker.java:run(347)) - 69770226-cf53-4475-8132-826a0d48d398@group-CF8DF44AD77D-SegmentedRaftLogWorker was interrupted, exiting. There are 0 tasks remaining in the queue.
2023-03-15 06:52:54,199 [69770226-cf53-4475-8132-826a0d48d398-impl-thread3] INFO  segmented.SegmentedRaftLogWorker (SegmentedRaftLogWorker.java:close(257)) - 69770226-cf53-4475-8132-826a0d48d398@group-CF8DF44AD77D-SegmentedRaftLogWorker close()
2023-03-15 06:52:54,197 [69770226-cf53-4475-8132-826a0d48d398@group-BDFEFBBA6613-StateMachineUpdater] INFO  impl.StateMachineUpdater (StateMachineUpdater.java:takeSnapshot(287)) - 69770226-cf53-4475-8132-826a0d48d398@group-BDFEFBBA6613-StateMachineUpdater: Took a snapshot at index 194
2023-03-15 06:52:54,204 [69770226-cf53-4475-8132-826a0d48d398@group-BDFEFBBA6613-StateMachineUpdater] INFO  impl.StateMachineUpdater (StateMachineUpdater.java:lambda$new$0(92)) - 69770226-cf53-4475-8132-826a0d48d398@group-BDFEFBBA6613-StateMachineUpdater: snapshotIndex: updateIncreasingly -1 -> 194
2023-03-15 06:52:54,204 [f927f8e9-81c0-47cb-a281-73162d36a20e-impl-thread1] INFO  server.RaftServer$Division (ServerState.java:close(466)) - f927f8e9-81c0-47cb-a281-73162d36a20e@group-BDFEFBBA6613: closes. applyIndex: 194
2023-03-15 06:52:54,204 [f927f8e9-81c0-47cb-a281-73162d36a20e@group-BDFEFBBA6613-SegmentedRaftLogWorker] INFO  segmented.SegmentedRaftLogWorker (SegmentedRaftLogWorker.java:run(347)) - f927f8e9-81c0-47cb-a281-73162d36a20e@group-BDFEFBBA6613-SegmentedRaftLogWorker was interrupted, exiting. There are 0 tasks remaining in the queue.
2023-03-15 06:52:54,205 [69770226-cf53-4475-8132-826a0d48d398-impl-thread1] INFO  server.RaftServer$Division (ServerState.java:close(466)) - 69770226-cf53-4475-8132-826a0d48d398@group-BDFEFBBA6613: closes. applyIndex: 194
2023-03-15 06:52:54,205 [69770226-cf53-4475-8132-826a0d48d398@group-BDFEFBBA6613-SegmentedRaftLogWorker] INFO  segmented.SegmentedRaftLogWorker (SegmentedRaftLogWorker.java:run(347)) - 69770226-cf53-4475-8132-826a0d48d398@group-BDFEFBBA6613-SegmentedRaftLogWorker was interrupted, exiting. There are 0 tasks remaining in the queue.
2023-03-15 06:52:54,206 [f927f8e9-81c0-47cb-a281-73162d36a20e-impl-thread2] INFO  server.RaftServer$Division (ServerState.java:close(466)) - f927f8e9-81c0-47cb-a281-73162d36a20e@group-7D445652E74A: closes. applyIndex: 0
2023-03-15 06:52:54,206 [f927f8e9-81c0-47cb-a281-73162d36a20e@group-7D445652E74A-SegmentedRaftLogWorker] INFO  segmented.SegmentedRaftLogWorker (SegmentedRaftLogWorker.java:run(347)) - f927f8e9-81c0-47cb-a281-73162d36a20e@group-7D445652E74A-SegmentedRaftLogWorker was interrupted, exiting. There are 0 tasks remaining in the queue.
2023-03-15 06:52:54,206 [grpc-default-executor-2] WARN  server.GrpcLogAppender (LogUtils.java:warn(122)) - 934a7696-9971-43bd-bb95-0c074ad287bd@group-BDFEFBBA6613->f927f8e9-81c0-47cb-a281-73162d36a20e-AppendLogResponseHandler: Failed appendEntries: org.apache.ratis.thirdparty.io.grpc.StatusRuntimeException: CANCELLED: RST_STREAM closed stream. HTTP/2 error code: CANCEL
2023-03-15 06:52:54,207 [grpc-default-executor-2] INFO  leader.FollowerInfo (FollowerInfoImpl.java:lambda$new$0(48)) - 934a7696-9971-43bd-bb95-0c074ad287bd@group-BDFEFBBA6613->f927f8e9-81c0-47cb-a281-73162d36a20e: nextIndex: updateUnconditionally 196 -> 195
2023-03-15 06:52:54,197 [69770226-cf53-4475-8132-826a0d48d398@group-A0FDA1CF6AAB-StateMachineUpdater] INFO  impl.StateMachineUpdater (StateMachineUpdater.java:lambda$new$0(92)) - 69770226-cf53-4475-8132-826a0d48d398@group-A0FDA1CF6AAB-StateMachineUpdater: snapshotIndex: updateIncreasingly -1 -> 199
2023-03-15 06:52:54,208 [grpc-default-executor-3] INFO  server.GrpcServerProtocolService (GrpcServerProtocolService.java:onCompleted(143)) - 934a7696-9971-43bd-bb95-0c074ad287bd: Completed APPEND_ENTRIES, lastRequest: null
2023-03-15 06:52:54,211 [69770226-cf53-4475-8132-826a0d48d398-impl-thread2] INFO  server.RaftServer$Division (ServerState.java:close(466)) - 69770226-cf53-4475-8132-826a0d48d398@group-A0FDA1CF6AAB: closes. applyIndex: 199
2023-03-15 06:52:54,212 [69770226-cf53-4475-8132-826a0d48d398@group-A0FDA1CF6AAB-SegmentedRaftLogWorker] INFO  segmented.SegmentedRaftLogWorker (SegmentedRaftLogWorker.java:run(347)) - 69770226-cf53-4475-8132-826a0d48d398@group-A0FDA1CF6AAB-SegmentedRaftLogWorker was interrupted, exiting. There are 0 tasks remaining in the queue.
2023-03-15 06:52:54,212 [grpc-default-executor-1] INFO  server.GrpcLogAppender (GrpcLogAppender.java:onCompleted(415)) - f927f8e9-81c0-47cb-a281-73162d36a20e@group-A0FDA1CF6AAB->934a7696-9971-43bd-bb95-0c074ad287bd-AppendLogResponseHandler: follower responses appendEntries COMPLETED
2023-03-15 06:52:54,212 [grpc-default-executor-1] WARN  server.GrpcLogAppender (GrpcLogAppender.java:resetClient(137)) - f927f8e9-81c0-47cb-a281-73162d36a20e@group-A0FDA1CF6AAB->934a7696-9971-43bd-bb95-0c074ad287bd-GrpcLogAppender: Failed to getClient for 934a7696-9971-43bd-bb95-0c074ad287bd
org.apache.ratis.protocol.exceptions.AlreadyClosedException: f927f8e9-81c0-47cb-a281-73162d36a20e is already CLOSED
	at org.apache.ratis.util.PeerProxyMap$PeerAndProxy.getProxy(PeerProxyMap.java:61)
	at org.apache.ratis.util.PeerProxyMap.getProxy(PeerProxyMap.java:115)
	at org.apache.ratis.grpc.server.GrpcLogAppender.getClient(GrpcLogAppender.java:116)
	at org.apache.ratis.grpc.server.GrpcLogAppender.resetClient(GrpcLogAppender.java:121)
	at org.apache.ratis.grpc.server.GrpcLogAppender.access$500(GrpcLogAppender.java:58)
	at org.apache.ratis.grpc.server.GrpcLogAppender$AppendLogResponseHandler.onCompleted(GrpcLogAppender.java:416)
	at org.apache.ratis.thirdparty.io.grpc.stub.ClientCalls$StreamObserverToCallListenerAdapter.onClose(ClientCalls.java:485)
	at org.apache.ratis.thirdparty.io.grpc.internal.ClientCallImpl.closeObserver(ClientCallImpl.java:562)
	at org.apache.ratis.thirdparty.io.grpc.internal.ClientCallImpl.access$300(ClientCallImpl.java:70)
	at org.apache.ratis.thirdparty.io.grpc.internal.ClientCallImpl$ClientStreamListenerImpl$1StreamClosed.runInternal(ClientCallImpl.java:743)
	at org.apache.ratis.thirdparty.io.grpc.internal.ClientCallImpl$ClientStreamListenerImpl$1StreamClosed.runInContext(ClientCallImpl.java:722)
	at org.apache.ratis.thirdparty.io.grpc.internal.ContextRunnable.run(ContextRunnable.java:37)
	at org.apache.ratis.thirdparty.io.grpc.internal.SerializingExecutor.run(SerializingExecutor.java:133)
	at java.util.concurrent.ThreadPoolExecutor.runWorker(ThreadPoolExecutor.java:1149)
	at java.util.concurrent.ThreadPoolExecutor$Worker.run(ThreadPoolExecutor.java:624)
	at java.lang.Thread.run(Thread.java:750)
2023-03-15 06:52:54,208 [grpc-default-executor-2] WARN  server.GrpcLogAppender (LogUtils.java:warn(122)) - 934a7696-9971-43bd-bb95-0c074ad287bd@group-BDFEFBBA6613->f927f8e9-81c0-47cb-a281-73162d36a20e-AppendLogResponseHandler: Failed appendEntries: org.apache.ratis.thirdparty.io.grpc.StatusRuntimeException: UNAVAILABLE: io exception
2023-03-15 06:52:54,213 [grpc-default-executor-2] INFO  leader.FollowerInfo (FollowerInfoImpl.java:lambda$new$0(48)) - 934a7696-9971-43bd-bb95-0c074ad287bd@group-BDFEFBBA6613->f927f8e9-81c0-47cb-a281-73162d36a20e: nextIndex: updateUnconditionally 195 -> 194
2023-03-15 06:52:54,208 [69770226-cf53-4475-8132-826a0d48d398-impl-thread1] INFO  segmented.SegmentedRaftLogWorker (SegmentedRaftLogWorker.java:close(257)) - 69770226-cf53-4475-8132-826a0d48d398@group-BDFEFBBA6613-SegmentedRaftLogWorker close()
2023-03-15 06:52:54,208 [grpc-default-executor-8] WARN  server.GrpcLogAppender (LogUtils.java:warn(122)) - 934a7696-9971-43bd-bb95-0c074ad287bd@group-BDFEFBBA6613->f927f8e9-81c0-47cb-a281-73162d36a20e-AppendLogResponseHandler: Failed appendEntries: org.apache.ratis.thirdparty.io.grpc.StatusRuntimeException: UNAVAILABLE: io exception
2023-03-15 06:52:54,213 [grpc-default-executor-8] INFO  leader.FollowerInfo (FollowerInfoImpl.java:lambda$new$0(48)) - 934a7696-9971-43bd-bb95-0c074ad287bd@group-BDFEFBBA6613->f927f8e9-81c0-47cb-a281-73162d36a20e: nextIndex: updateUnconditionally 194 -> 193
2023-03-15 06:52:54,208 [f927f8e9-81c0-47cb-a281-73162d36a20e-impl-thread1] INFO  segmented.SegmentedRaftLogWorker (SegmentedRaftLogWorker.java:close(257)) - f927f8e9-81c0-47cb-a281-73162d36a20e@group-BDFEFBBA6613-SegmentedRaftLogWorker close()
2023-03-15 06:52:54,208 [f927f8e9-81c0-47cb-a281-73162d36a20e@group-A0FDA1CF6AAB-StateMachineUpdater] INFO  ratis.ContainerStateMachine (ContainerStateMachine.java:takeSnapshot(330)) - group-A0FDA1CF6AAB: Taking a snapshot at:(t:1, i:199) file /home/runner/work/ozone/ozone/hadoop-ozone/integration-test/target/test-dir/MiniOzoneClusterImpl-e79b0a94-dba3-4ba8-a298-d2d15914ceac/datanode-1/data/ratis/f8d24024-cb87-4a49-af27-a0fda1cf6aab/sm/snapshot.1_199
2023-03-15 06:52:54,208 [f927f8e9-81c0-47cb-a281-73162d36a20e-impl-thread2] INFO  segmented.SegmentedRaftLogWorker (SegmentedRaftLogWorker.java:close(257)) - f927f8e9-81c0-47cb-a281-73162d36a20e@group-7D445652E74A-SegmentedRaftLogWorker close()
2023-03-15 06:52:54,207 [f927f8e9-81c0-47cb-a281-73162d36a20e-impl-thread3] INFO  impl.StateMachineUpdater (StateMachineUpdater.java:stopAndJoin(153)) - f927f8e9-81c0-47cb-a281-73162d36a20e@group-A0FDA1CF6AAB-StateMachineUpdater: set stopIndex = 199
2023-03-15 06:52:54,198 [grpc-default-executor-7] INFO  server.GrpcServerProtocolService (GrpcServerProtocolService.java:onCompleted(143)) - 934a7696-9971-43bd-bb95-0c074ad287bd: Completed APPEND_ENTRIES, lastRequest: f927f8e9-81c0-47cb-a281-73162d36a20e->934a7696-9971-43bd-bb95-0c074ad287bd#1875-t1,previous=(t:1, i:198),leaderCommit=198,initializing? true,entries: size=1, first=(t:1, i:199), METADATAENTRY(c:198)
2023-03-15 06:52:54,212 [69770226-cf53-4475-8132-826a0d48d398-impl-thread2] INFO  segmented.SegmentedRaftLogWorker (SegmentedRaftLogWorker.java:close(257)) - 69770226-cf53-4475-8132-826a0d48d398@group-A0FDA1CF6AAB-SegmentedRaftLogWorker close()
2023-03-15 06:52:54,220 [f927f8e9-81c0-47cb-a281-73162d36a20e@group-A0FDA1CF6AAB-StateMachineUpdater] INFO  ratis.ContainerStateMachine (ContainerStateMachine.java:takeSnapshot(341)) - group-A0FDA1CF6AAB: Finished taking a snapshot at:(t:1, i:199) file:/home/runner/work/ozone/ozone/hadoop-ozone/integration-test/target/test-dir/MiniOzoneClusterImpl-e79b0a94-dba3-4ba8-a298-d2d15914ceac/datanode-1/data/ratis/f8d24024-cb87-4a49-af27-a0fda1cf6aab/sm/snapshot.1_199 took: 13 ms
2023-03-15 06:52:54,221 [grpc-default-executor-7] INFO  server.GrpcLogAppender (GrpcLogAppender.java:onCompleted(415)) - f927f8e9-81c0-47cb-a281-73162d36a20e@group-A0FDA1CF6AAB->934a7696-9971-43bd-bb95-0c074ad287bd-AppendLogResponseHandler: follower responses appendEntries COMPLETED
2023-03-15 06:52:54,221 [grpc-default-executor-7] WARN  server.GrpcLogAppender (GrpcLogAppender.java:resetClient(137)) - f927f8e9-81c0-47cb-a281-73162d36a20e@group-A0FDA1CF6AAB->934a7696-9971-43bd-bb95-0c074ad287bd-GrpcLogAppender: Failed to getClient for 934a7696-9971-43bd-bb95-0c074ad287bd
org.apache.ratis.protocol.exceptions.AlreadyClosedException: f927f8e9-81c0-47cb-a281-73162d36a20e is already CLOSED
	at org.apache.ratis.util.PeerProxyMap$PeerAndProxy.getProxy(PeerProxyMap.java:61)
	at org.apache.ratis.util.PeerProxyMap.getProxy(PeerProxyMap.java:115)
	at org.apache.ratis.grpc.server.GrpcLogAppender.getClient(GrpcLogAppender.java:116)
	at org.apache.ratis.grpc.server.GrpcLogAppender.resetClient(GrpcLogAppender.java:121)
	at org.apache.ratis.grpc.server.GrpcLogAppender.access$500(GrpcLogAppender.java:58)
	at org.apache.ratis.grpc.server.GrpcLogAppender$AppendLogResponseHandler.onCompleted(GrpcLogAppender.java:416)
	at org.apache.ratis.thirdparty.io.grpc.stub.ClientCalls$StreamObserverToCallListenerAdapter.onClose(ClientCalls.java:485)
	at org.apache.ratis.thirdparty.io.grpc.internal.ClientCallImpl.closeObserver(ClientCallImpl.java:562)
	at org.apache.ratis.thirdparty.io.grpc.internal.ClientCallImpl.access$300(ClientCallImpl.java:70)
	at org.apache.ratis.thirdparty.io.grpc.internal.ClientCallImpl$ClientStreamListenerImpl$1StreamClosed.runInternal(ClientCallImpl.java:743)
	at org.apache.ratis.thirdparty.io.grpc.internal.ClientCallImpl$ClientStreamListenerImpl$1StreamClosed.runInContext(ClientCallImpl.java:722)
	at org.apache.ratis.thirdparty.io.grpc.internal.ContextRunnable.run(ContextRunnable.java:37)
	at org.apache.ratis.thirdparty.io.grpc.internal.SerializingExecutor.run(SerializingExecutor.java:133)
	at java.util.concurrent.ThreadPoolExecutor.runWorker(ThreadPoolExecutor.java:1149)
	at java.util.concurrent.ThreadPoolExecutor$Worker.run(ThreadPoolExecutor.java:624)
	at java.lang.Thread.run(Thread.java:750)
2023-03-15 06:52:54,221 [f927f8e9-81c0-47cb-a281-73162d36a20e@group-A0FDA1CF6AAB-StateMachineUpdater] INFO  impl.StateMachineUpdater (StateMachineUpdater.java:takeSnapshot(287)) - f927f8e9-81c0-47cb-a281-73162d36a20e@group-A0FDA1CF6AAB-StateMachineUpdater: Took a snapshot at index 199
2023-03-15 06:52:54,221 [f927f8e9-81c0-47cb-a281-73162d36a20e@group-A0FDA1CF6AAB-StateMachineUpdater] INFO  impl.StateMachineUpdater (StateMachineUpdater.java:lambda$new$0(92)) - f927f8e9-81c0-47cb-a281-73162d36a20e@group-A0FDA1CF6AAB-StateMachineUpdater: snapshotIndex: updateIncreasingly -1 -> 199
2023-03-15 06:52:54,222 [f927f8e9-81c0-47cb-a281-73162d36a20e-impl-thread3] INFO  server.RaftServer$Division (ServerState.java:close(466)) - f927f8e9-81c0-47cb-a281-73162d36a20e@group-A0FDA1CF6AAB: closes. applyIndex: 199
2023-03-15 06:52:54,222 [f927f8e9-81c0-47cb-a281-73162d36a20e@group-A0FDA1CF6AAB-SegmentedRaftLogWorker] INFO  segmented.SegmentedRaftLogWorker (SegmentedRaftLogWorker.java:run(347)) - f927f8e9-81c0-47cb-a281-73162d36a20e@group-A0FDA1CF6AAB-SegmentedRaftLogWorker was interrupted, exiting. There are 0 tasks remaining in the queue.
2023-03-15 06:52:54,223 [Listener at 127.0.0.1/39575] INFO  server.GrpcService (GrpcService.java:closeImpl(280)) - f927f8e9-81c0-47cb-a281-73162d36a20e: shutdown server GrpcServerProtocolService successfully
2023-03-15 06:52:54,223 [f927f8e9-81c0-47cb-a281-73162d36a20e-impl-thread3] INFO  segmented.SegmentedRaftLogWorker (SegmentedRaftLogWorker.java:close(257)) - f927f8e9-81c0-47cb-a281-73162d36a20e@group-A0FDA1CF6AAB-SegmentedRaftLogWorker close()
2023-03-15 06:52:54,223 [f927f8e9-81c0-47cb-a281-73162d36a20e-NettyServerStreamRpc-bossGroup--thread1] INFO  logging.LoggingHandler (AbstractInternalLogger.java:log(148)) - [id: 0x7d79f82a, L:/0:0:0:0:0:0:0:0:43039] CLOSE
2023-03-15 06:52:54,223 [f927f8e9-81c0-47cb-a281-73162d36a20e-NettyServerStreamRpc-bossGroup--thread1] INFO  logging.LoggingHandler (AbstractInternalLogger.java:log(148)) - [id: 0x7d79f82a, L:/0:0:0:0:0:0:0:0:43039] INACTIVE
2023-03-15 06:52:54,223 [f927f8e9-81c0-47cb-a281-73162d36a20e-NettyServerStreamRpc-bossGroup--thread1] INFO  logging.LoggingHandler (AbstractInternalLogger.java:log(148)) - [id: 0x7d79f82a, L:/0:0:0:0:0:0:0:0:43039] UNREGISTERED
2023-03-15 06:52:54,239 [JvmPauseMonitor3] INFO  util.JvmPauseMonitor (JvmPauseMonitor.java:run(111)) - JvmPauseMonitor-69770226-cf53-4475-8132-826a0d48d398: Stopped
2023-03-15 06:52:54,239 [JvmPauseMonitor4] INFO  util.JvmPauseMonitor (JvmPauseMonitor.java:run(111)) - JvmPauseMonitor-f927f8e9-81c0-47cb-a281-73162d36a20e: Stopped
2023-03-15 06:52:54,319 [grpc-default-executor-11] WARN  server.GrpcLogAppender (LogUtils.java:warn(122)) - 934a7696-9971-43bd-bb95-0c074ad287bd@group-BDFEFBBA6613->f927f8e9-81c0-47cb-a281-73162d36a20e-AppendLogResponseHandler: Failed appendEntries: org.apache.ratis.thirdparty.io.grpc.StatusRuntimeException: UNAVAILABLE: io exception
2023-03-15 06:52:54,320 [grpc-default-executor-7] WARN  server.GrpcLogAppender (LogUtils.java:warn(122)) - 934a7696-9971-43bd-bb95-0c074ad287bd@group-BDFEFBBA6613->f927f8e9-81c0-47cb-a281-73162d36a20e-AppendLogResponseHandler: Failed appendEntries: org.apache.ratis.thirdparty.io.grpc.StatusRuntimeException: UNAVAILABLE: io exception
2023-03-15 06:52:54,320 [grpc-default-executor-8] WARN  server.GrpcLogAppender (LogUtils.java:warn(122)) - 934a7696-9971-43bd-bb95-0c074ad287bd@group-BDFEFBBA6613->69770226-cf53-4475-8132-826a0d48d398-AppendLogResponseHandler: Failed appendEntries: org.apache.ratis.thirdparty.io.grpc.StatusRuntimeException: UNAVAILABLE: io exception
2023-03-15 06:52:54,321 [grpc-default-executor-11] INFO  leader.FollowerInfo (FollowerInfoImpl.java:lambda$new$0(48)) - 934a7696-9971-43bd-bb95-0c074ad287bd@group-BDFEFBBA6613->f927f8e9-81c0-47cb-a281-73162d36a20e: nextIndex: updateUnconditionally 193 -> 192
2023-03-15 06:52:54,321 [grpc-default-executor-8] INFO  leader.FollowerInfo (FollowerInfoImpl.java:lambda$new$0(48)) - 934a7696-9971-43bd-bb95-0c074ad287bd@group-BDFEFBBA6613->69770226-cf53-4475-8132-826a0d48d398: nextIndex: updateUnconditionally 193 -> 192
2023-03-15 06:52:54,322 [grpc-default-executor-2] WARN  server.GrpcLogAppender (LogUtils.java:warn(122)) - 934a7696-9971-43bd-bb95-0c074ad287bd@group-BDFEFBBA6613->69770226-cf53-4475-8132-826a0d48d398-AppendLogResponseHandler: Failed appendEntries: org.apache.ratis.thirdparty.io.grpc.StatusRuntimeException: UNAVAILABLE: io exception
2023-03-15 06:52:54,322 [grpc-default-executor-2] INFO  leader.FollowerInfo (FollowerInfoImpl.java:lambda$new$0(48)) - 934a7696-9971-43bd-bb95-0c074ad287bd@group-BDFEFBBA6613->69770226-cf53-4475-8132-826a0d48d398: nextIndex: updateUnconditionally 192 -> 191
2023-03-15 06:52:54,323 [grpc-default-executor-7] INFO  leader.FollowerInfo (FollowerInfoImpl.java:lambda$new$0(48)) - 934a7696-9971-43bd-bb95-0c074ad287bd@group-BDFEFBBA6613->f927f8e9-81c0-47cb-a281-73162d36a20e: nextIndex: updateUnconditionally 192 -> 191
2023-03-15 06:52:54,333 [grpc-default-executor-7] WARN  server.GrpcLogAppender (LogUtils.java:warn(122)) - 934a7696-9971-43bd-bb95-0c074ad287bd@group-BDFEFBBA6613->f927f8e9-81c0-47cb-a281-73162d36a20e-AppendLogResponseHandler: Failed appendEntries: org.apache.ratis.thirdparty.io.grpc.StatusRuntimeException: UNAVAILABLE: io exception
2023-03-15 06:52:54,334 [grpc-default-executor-7] INFO  leader.FollowerInfo (FollowerInfoImpl.java:lambda$new$0(48)) - 934a7696-9971-43bd-bb95-0c074ad287bd@group-BDFEFBBA6613->f927f8e9-81c0-47cb-a281-73162d36a20e: nextIndex: updateUnconditionally 192 -> 191
2023-03-15 06:52:54,334 [grpc-default-executor-2] WARN  server.GrpcLogAppender (LogUtils.java:warn(122)) - 934a7696-9971-43bd-bb95-0c074ad287bd@group-BDFEFBBA6613->f927f8e9-81c0-47cb-a281-73162d36a20e-AppendLogResponseHandler: Failed appendEntries: org.apache.ratis.thirdparty.io.grpc.StatusRuntimeException: UNAVAILABLE: io exception
2023-03-15 06:52:54,334 [grpc-default-executor-2] INFO  leader.FollowerInfo (FollowerInfoImpl.java:lambda$new$0(48)) - 934a7696-9971-43bd-bb95-0c074ad287bd@group-BDFEFBBA6613->f927f8e9-81c0-47cb-a281-73162d36a20e: nextIndex: updateUnconditionally 191 -> 190
2023-03-15 06:52:54,334 [grpc-default-executor-8] WARN  server.GrpcLogAppender (LogUtils.java:warn(122)) - 934a7696-9971-43bd-bb95-0c074ad287bd@group-BDFEFBBA6613->69770226-cf53-4475-8132-826a0d48d398-AppendLogResponseHandler: Failed appendEntries: org.apache.ratis.thirdparty.io.grpc.StatusRuntimeException: UNAVAILABLE: io exception
2023-03-15 06:52:54,336 [grpc-default-executor-8] INFO  leader.FollowerInfo (FollowerInfoImpl.java:lambda$new$0(48)) - 934a7696-9971-43bd-bb95-0c074ad287bd@group-BDFEFBBA6613->69770226-cf53-4475-8132-826a0d48d398: nextIndex: updateUnconditionally 192 -> 191
2023-03-15 06:52:54,339 [grpc-default-executor-8] WARN  server.GrpcLogAppender (LogUtils.java:warn(122)) - 934a7696-9971-43bd-bb95-0c074ad287bd@group-BDFEFBBA6613->69770226-cf53-4475-8132-826a0d48d398-AppendLogResponseHandler: Failed appendEntries: org.apache.ratis.thirdparty.io.grpc.StatusRuntimeException: UNAVAILABLE: io exception
2023-03-15 06:52:54,339 [grpc-default-executor-8] INFO  leader.FollowerInfo (FollowerInfoImpl.java:lambda$new$0(48)) - 934a7696-9971-43bd-bb95-0c074ad287bd@group-BDFEFBBA6613->69770226-cf53-4475-8132-826a0d48d398: nextIndex: updateUnconditionally 191 -> 190
2023-03-15 06:52:54,779 [EndpointStateMachine task thread for /0.0.0.0:45029 - 0 ] WARN  statemachine.EndpointStateMachine (EndpointStateMachine.java:logIfNeeded(242)) - Unable to communicate to SCM server at 0.0.0.0:45029 for past 0 seconds.
java.io.EOFException: End of File Exception between local host is: "fv-az210-452/10.1.0.130"; destination host is: "0.0.0.0":45029; : java.io.EOFException; For more details see:  http://wiki.apache.org/hadoop/EOFException
	at sun.reflect.NativeConstructorAccessorImpl.newInstance0(Native Method)
	at sun.reflect.NativeConstructorAccessorImpl.newInstance(NativeConstructorAccessorImpl.java:62)
	at sun.reflect.DelegatingConstructorAccessorImpl.newInstance(DelegatingConstructorAccessorImpl.java:45)
	at java.lang.reflect.Constructor.newInstance(Constructor.java:423)
	at org.apache.hadoop.net.NetUtils.wrapWithMessage(NetUtils.java:913)
	at org.apache.hadoop.net.NetUtils.wrapException(NetUtils.java:862)
	at org.apache.hadoop.ipc.Client.getRpcResponse(Client.java:1616)
	at org.apache.hadoop.ipc.Client.call(Client.java:1558)
	at org.apache.hadoop.ipc.Client.call(Client.java:1455)
	at org.apache.hadoop.ipc.ProtobufRpcEngine$Invoker.invoke(ProtobufRpcEngine.java:235)
	at org.apache.hadoop.ipc.ProtobufRpcEngine$Invoker.invoke(ProtobufRpcEngine.java:122)
	at com.sun.proxy.$Proxy55.submitRequest(Unknown Source)
	at org.apache.hadoop.ozone.protocolPB.StorageContainerDatanodeProtocolClientSideTranslatorPB.submitRequest(StorageContainerDatanodeProtocolClientSideTranslatorPB.java:117)
	at org.apache.hadoop.ozone.protocolPB.StorageContainerDatanodeProtocolClientSideTranslatorPB.sendHeartbeat(StorageContainerDatanodeProtocolClientSideTranslatorPB.java:149)
	at org.apache.hadoop.ozone.container.common.states.endpoint.HeartbeatEndpointTask.call(HeartbeatEndpointTask.java:185)
	at org.apache.hadoop.ozone.container.common.states.endpoint.HeartbeatEndpointTask.call(HeartbeatEndpointTask.java:87)
	at java.util.concurrent.FutureTask.run(FutureTask.java:266)
	at java.util.concurrent.ThreadPoolExecutor.runWorker(ThreadPoolExecutor.java:1149)
	at java.util.concurrent.ThreadPoolExecutor$Worker.run(ThreadPoolExecutor.java:624)
	at java.lang.Thread.run(Thread.java:750)
Caused by: java.io.EOFException
	at java.io.DataInputStream.readInt(DataInputStream.java:392)
	at org.apache.hadoop.ipc.Client$IpcStreams.readResponse(Client.java:1922)
	at org.apache.hadoop.ipc.Client$Connection.receiveRpcResponse(Client.java:1238)
	at org.apache.hadoop.ipc.Client$Connection.run(Client.java:1134)
2023-03-15 06:52:55,571 [grpc-default-executor-8] WARN  server.GrpcLogAppender (LogUtils.java:warn(122)) - 934a7696-9971-43bd-bb95-0c074ad287bd@group-BDFEFBBA6613->f927f8e9-81c0-47cb-a281-73162d36a20e-AppendLogResponseHandler: Failed appendEntries: org.apache.ratis.thirdparty.io.grpc.StatusRuntimeException: UNAVAILABLE: io exception
2023-03-15 06:52:55,571 [grpc-default-executor-7] WARN  server.GrpcLogAppender (LogUtils.java:warn(122)) - 934a7696-9971-43bd-bb95-0c074ad287bd@group-BDFEFBBA6613->69770226-cf53-4475-8132-826a0d48d398-AppendLogResponseHandler: Failed appendEntries: org.apache.ratis.thirdparty.io.grpc.StatusRuntimeException: UNAVAILABLE: io exception
2023-03-15 06:52:55,572 [grpc-default-executor-7] INFO  leader.FollowerInfo (FollowerInfoImpl.java:lambda$new$0(48)) - 934a7696-9971-43bd-bb95-0c074ad287bd@group-BDFEFBBA6613->69770226-cf53-4475-8132-826a0d48d398: nextIndex: updateUnconditionally 190 -> 189
2023-03-15 06:52:55,571 [grpc-default-executor-2] WARN  server.GrpcLogAppender (LogUtils.java:warn(122)) - 934a7696-9971-43bd-bb95-0c074ad287bd@group-BDFEFBBA6613->69770226-cf53-4475-8132-826a0d48d398-AppendLogResponseHandler: Failed appendEntries: org.apache.ratis.thirdparty.io.grpc.StatusRuntimeException: UNAVAILABLE: io exception
2023-03-15 06:52:55,573 [grpc-default-executor-2] INFO  leader.FollowerInfo (FollowerInfoImpl.java:lambda$new$0(48)) - 934a7696-9971-43bd-bb95-0c074ad287bd@group-BDFEFBBA6613->69770226-cf53-4475-8132-826a0d48d398: nextIndex: updateUnconditionally 189 -> 188
2023-03-15 06:52:55,571 [grpc-default-executor-11] WARN  server.GrpcLogAppender (LogUtils.java:warn(122)) - 934a7696-9971-43bd-bb95-0c074ad287bd@group-BDFEFBBA6613->f927f8e9-81c0-47cb-a281-73162d36a20e-AppendLogResponseHandler: Failed appendEntries: org.apache.ratis.thirdparty.io.grpc.StatusRuntimeException: UNAVAILABLE: io exception
2023-03-15 06:52:55,572 [grpc-default-executor-8] INFO  leader.FollowerInfo (FollowerInfoImpl.java:lambda$new$0(48)) - 934a7696-9971-43bd-bb95-0c074ad287bd@group-BDFEFBBA6613->f927f8e9-81c0-47cb-a281-73162d36a20e: nextIndex: updateUnconditionally 190 -> 189
2023-03-15 06:52:55,575 [grpc-default-executor-11] INFO  leader.FollowerInfo (FollowerInfoImpl.java:lambda$new$0(48)) - 934a7696-9971-43bd-bb95-0c074ad287bd@group-BDFEFBBA6613->f927f8e9-81c0-47cb-a281-73162d36a20e: nextIndex: updateUnconditionally 189 -> 188
2023-03-15 06:52:55,582 [grpc-default-executor-8] WARN  server.GrpcLogAppender (LogUtils.java:warn(122)) - 934a7696-9971-43bd-bb95-0c074ad287bd@group-BDFEFBBA6613->f927f8e9-81c0-47cb-a281-73162d36a20e-AppendLogResponseHandler: Failed appendEntries: org.apache.ratis.thirdparty.io.grpc.StatusRuntimeException: UNAVAILABLE: io exception
2023-03-15 06:52:55,583 [grpc-default-executor-2] WARN  server.GrpcLogAppender (LogUtils.java:warn(122)) - 934a7696-9971-43bd-bb95-0c074ad287bd@group-BDFEFBBA6613->69770226-cf53-4475-8132-826a0d48d398-AppendLogResponseHandler: Failed appendEntries: org.apache.ratis.thirdparty.io.grpc.StatusRuntimeException: UNAVAILABLE: io exception
2023-03-15 06:52:55,583 [grpc-default-executor-8] INFO  leader.FollowerInfo (FollowerInfoImpl.java:lambda$new$0(48)) - 934a7696-9971-43bd-bb95-0c074ad287bd@group-BDFEFBBA6613->f927f8e9-81c0-47cb-a281-73162d36a20e: nextIndex: updateUnconditionally 189 -> 188
2023-03-15 06:52:55,583 [grpc-default-executor-2] INFO  leader.FollowerInfo (FollowerInfoImpl.java:lambda$new$0(48)) - 934a7696-9971-43bd-bb95-0c074ad287bd@group-BDFEFBBA6613->69770226-cf53-4475-8132-826a0d48d398: nextIndex: updateUnconditionally 189 -> 188
2023-03-15 06:52:55,583 [grpc-default-executor-7] WARN  server.GrpcLogAppender (LogUtils.java:warn(122)) - 934a7696-9971-43bd-bb95-0c074ad287bd@group-BDFEFBBA6613->69770226-cf53-4475-8132-826a0d48d398-AppendLogResponseHandler: Failed appendEntries: org.apache.ratis.thirdparty.io.grpc.StatusRuntimeException: UNAVAILABLE: io exception
2023-03-15 06:52:55,583 [grpc-default-executor-11] WARN  server.GrpcLogAppender (LogUtils.java:warn(122)) - 934a7696-9971-43bd-bb95-0c074ad287bd@group-BDFEFBBA6613->f927f8e9-81c0-47cb-a281-73162d36a20e-AppendLogResponseHandler: Failed appendEntries: org.apache.ratis.thirdparty.io.grpc.StatusRuntimeException: UNAVAILABLE: io exception
2023-03-15 06:52:55,583 [grpc-default-executor-7] INFO  leader.FollowerInfo (FollowerInfoImpl.java:lambda$new$0(48)) - 934a7696-9971-43bd-bb95-0c074ad287bd@group-BDFEFBBA6613->69770226-cf53-4475-8132-826a0d48d398: nextIndex: updateUnconditionally 188 -> 187
2023-03-15 06:52:55,583 [grpc-default-executor-11] INFO  leader.FollowerInfo (FollowerInfoImpl.java:lambda$new$0(48)) - 934a7696-9971-43bd-bb95-0c074ad287bd@group-BDFEFBBA6613->f927f8e9-81c0-47cb-a281-73162d36a20e: nextIndex: updateUnconditionally 188 -> 187
2023-03-15 06:52:56,273 [Listener at 127.0.0.1/39575] INFO  volume.HddsVolume (HddsVolume.java:closeDbStore(362)) - SchemaV3 db is stopped at /home/runner/work/ozone/ozone/hadoop-ozone/integration-test/target/test-dir/MiniOzoneClusterImpl-e79b0a94-dba3-4ba8-a298-d2d15914ceac/datanode-1/data-0/containers/hdds/e79b0a94-dba3-4ba8-a298-d2d15914ceac/DS-a93b034e-2066-4ec0-b61c-8197e013dfc7/container.db for volume DS-a93b034e-2066-4ec0-b61c-8197e013dfc7
2023-03-15 06:52:56,273 [Listener at 127.0.0.1/39575] INFO  utils.BackgroundService (BackgroundService.java:shutdown(141)) - Shutting down service BlockDeletingService
2023-03-15 06:52:56,274 [Listener at 127.0.0.1/39575] INFO  utils.BackgroundService (BackgroundService.java:shutdown(141)) - Shutting down service StaleRecoveringContainerScrubbingService
2023-03-15 06:52:56,277 [Listener at 127.0.0.1/39575] INFO  statemachine.DatanodeStateMachine (DatanodeStateMachine.java:stopDaemon(601)) - Ozone container server stopped.
2023-03-15 06:52:56,277 [ForkJoinPool.commonPool-worker-1] INFO  volume.HddsVolume (HddsVolume.java:closeDbStore(362)) - SchemaV3 db is stopped at /home/runner/work/ozone/ozone/hadoop-ozone/integration-test/target/test-dir/MiniOzoneClusterImpl-e79b0a94-dba3-4ba8-a298-d2d15914ceac/datanode-0/data-0/containers/hdds/e79b0a94-dba3-4ba8-a298-d2d15914ceac/DS-44e27f68-befc-4f64-8507-d91b13feaa15/container.db for volume DS-44e27f68-befc-4f64-8507-d91b13feaa15
2023-03-15 06:52:56,278 [ForkJoinPool.commonPool-worker-1] INFO  utils.BackgroundService (BackgroundService.java:shutdown(141)) - Shutting down service BlockDeletingService
2023-03-15 06:52:56,279 [ForkJoinPool.commonPool-worker-1] INFO  utils.BackgroundService (BackgroundService.java:shutdown(141)) - Shutting down service StaleRecoveringContainerScrubbingService
2023-03-15 06:52:56,280 [ForkJoinPool.commonPool-worker-1] INFO  statemachine.DatanodeStateMachine (DatanodeStateMachine.java:stopDaemon(601)) - Ozone container server stopped.
2023-03-15 06:52:56,295 [ForkJoinPool.commonPool-worker-1] INFO  handler.ContextHandler (ContextHandler.java:doStop(1159)) - Stopped o.e.j.w.WebAppContext@3dee2f62{hddsDatanode,/,null,STOPPED}{jar:file:/home/runner/.m2/repository/org/apache/ozone/hdds-container-service/1.4.0-SNAPSHOT/hdds-container-service-1.4.0-SNAPSHOT.jar!/webapps/hddsDatanode}
2023-03-15 06:52:56,296 [ForkJoinPool.commonPool-worker-1] INFO  server.AbstractConnector (AbstractConnector.java:doStop(383)) - Stopped ServerConnector@ab7eb31{HTTP/1.1, (http/1.1)}{0.0.0.0:0}
2023-03-15 06:52:56,296 [ForkJoinPool.commonPool-worker-1] INFO  server.session (HouseKeeper.java:stopScavenging(149)) - node0 Stopped scavenging
2023-03-15 06:52:56,298 [ForkJoinPool.commonPool-worker-1] INFO  handler.ContextHandler (ContextHandler.java:doStop(1159)) - Stopped o.e.j.s.ServletContextHandler@2195d1b{static,/static,jar:file:/home/runner/.m2/repository/org/apache/ozone/hdds-container-service/1.4.0-SNAPSHOT/hdds-container-service-1.4.0-SNAPSHOT.jar!/webapps/static,STOPPED}
2023-03-15 06:52:56,298 [ForkJoinPool.commonPool-worker-1] INFO  handler.ContextHandler (ContextHandler.java:doStop(1159)) - Stopped o.e.j.s.ServletContextHandler@6e858079{logs,/logs,file:///home/runner/work/ozone/ozone/hadoop-ozone/integration-test/target/log,STOPPED}
2023-03-15 06:52:56,299 [Listener at 127.0.0.1/39575] INFO  handler.ContextHandler (ContextHandler.java:doStop(1159)) - Stopped o.e.j.w.WebAppContext@60050ce6{hddsDatanode,/,null,STOPPED}{jar:file:/home/runner/.m2/repository/org/apache/ozone/hdds-container-service/1.4.0-SNAPSHOT/hdds-container-service-1.4.0-SNAPSHOT.jar!/webapps/hddsDatanode}
2023-03-15 06:52:56,300 [Listener at 127.0.0.1/39575] INFO  server.AbstractConnector (AbstractConnector.java:doStop(383)) - Stopped ServerConnector@390cd91e{HTTP/1.1, (http/1.1)}{0.0.0.0:0}
2023-03-15 06:52:56,300 [Listener at 127.0.0.1/39575] INFO  server.session (HouseKeeper.java:stopScavenging(149)) - node0 Stopped scavenging
2023-03-15 06:52:56,300 [Listener at 127.0.0.1/39575] INFO  handler.ContextHandler (ContextHandler.java:doStop(1159)) - Stopped o.e.j.s.ServletContextHandler@117c130f{static,/static,jar:file:/home/runner/.m2/repository/org/apache/ozone/hdds-container-service/1.4.0-SNAPSHOT/hdds-container-service-1.4.0-SNAPSHOT.jar!/webapps/static,STOPPED}
2023-03-15 06:52:56,300 [Listener at 127.0.0.1/39575] INFO  handler.ContextHandler (ContextHandler.java:doStop(1159)) - Stopped o.e.j.s.ServletContextHandler@628fe6aa{logs,/logs,file:///home/runner/work/ozone/ozone/hadoop-ozone/integration-test/target/log,STOPPED}
2023-03-15 06:52:56,777 [Listener at 127.0.0.1/39575] INFO  ozoneimpl.OzoneContainer (OzoneContainer.java:stop(423)) - Attempting to stop container services.
2023-03-15 06:52:56,778 [Listener at 127.0.0.1/39575] INFO  server.RaftServer (RaftServerProxy.java:lambda$close$6(409)) - 934a7696-9971-43bd-bb95-0c074ad287bd: close
2023-03-15 06:52:56,778 [934a7696-9971-43bd-bb95-0c074ad287bd-impl-thread1] INFO  server.RaftServer$Division (RaftServerImpl.java:lambda$close$4(458)) - 934a7696-9971-43bd-bb95-0c074ad287bd@group-BDFEFBBA6613: shutdown
2023-03-15 06:52:56,778 [934a7696-9971-43bd-bb95-0c074ad287bd-impl-thread1] INFO  util.JmxRegister (JmxRegister.java:unregister(73)) - Successfully un-registered JMX Bean with object name Ratis:service=RaftServer,group=group-BDFEFBBA6613,id=934a7696-9971-43bd-bb95-0c074ad287bd
2023-03-15 06:52:56,779 [Listener at 127.0.0.1/39575] INFO  server.GrpcService (GrpcService.java:closeImpl(271)) - 934a7696-9971-43bd-bb95-0c074ad287bd: shutdown server GrpcServerProtocolService now
2023-03-15 06:52:56,778 [934a7696-9971-43bd-bb95-0c074ad287bd-impl-thread2] INFO  server.RaftServer$Division (RaftServerImpl.java:lambda$close$4(458)) - 934a7696-9971-43bd-bb95-0c074ad287bd@group-1655CFBDF5EF: shutdown
2023-03-15 06:52:56,779 [934a7696-9971-43bd-bb95-0c074ad287bd-impl-thread2] INFO  util.JmxRegister (JmxRegister.java:unregister(73)) - Successfully un-registered JMX Bean with object name Ratis:service=RaftServer,group=group-1655CFBDF5EF,id=934a7696-9971-43bd-bb95-0c074ad287bd
2023-03-15 06:52:56,779 [934a7696-9971-43bd-bb95-0c074ad287bd-impl-thread2] INFO  impl.RoleInfo (RoleInfo.java:shutdownLeaderState(93)) - 934a7696-9971-43bd-bb95-0c074ad287bd: shutdown 934a7696-9971-43bd-bb95-0c074ad287bd@group-1655CFBDF5EF-LeaderStateImpl
2023-03-15 06:52:56,779 [934a7696-9971-43bd-bb95-0c074ad287bd-impl-thread2] INFO  impl.PendingRequests (PendingRequests.java:sendNotLeaderResponses(282)) - 934a7696-9971-43bd-bb95-0c074ad287bd@group-1655CFBDF5EF-PendingRequests: sendNotLeaderResponses
2023-03-15 06:52:56,779 [934a7696-9971-43bd-bb95-0c074ad287bd-impl-thread2] INFO  impl.StateMachineUpdater (StateMachineUpdater.java:stopAndJoin(153)) - 934a7696-9971-43bd-bb95-0c074ad287bd@group-1655CFBDF5EF-StateMachineUpdater: set stopIndex = 0
2023-03-15 06:52:56,780 [934a7696-9971-43bd-bb95-0c074ad287bd-impl-thread3] INFO  server.RaftServer$Division (RaftServerImpl.java:lambda$close$4(458)) - 934a7696-9971-43bd-bb95-0c074ad287bd@group-A0FDA1CF6AAB: shutdown
2023-03-15 06:52:56,780 [934a7696-9971-43bd-bb95-0c074ad287bd-impl-thread3] INFO  util.JmxRegister (JmxRegister.java:unregister(73)) - Successfully un-registered JMX Bean with object name Ratis:service=RaftServer,group=group-A0FDA1CF6AAB,id=934a7696-9971-43bd-bb95-0c074ad287bd
2023-03-15 06:52:56,780 [934a7696-9971-43bd-bb95-0c074ad287bd@group-1655CFBDF5EF-StateMachineUpdater] INFO  ratis.ContainerStateMachine (ContainerStateMachine.java:takeSnapshot(330)) - group-1655CFBDF5EF: Taking a snapshot at:(t:1, i:0) file /home/runner/work/ozone/ozone/hadoop-ozone/integration-test/target/test-dir/MiniOzoneClusterImpl-e79b0a94-dba3-4ba8-a298-d2d15914ceac/datanode-2/data/ratis/5fc5d4d5-7bd7-4817-add5-1655cfbdf5ef/sm/snapshot.1_0
2023-03-15 06:52:56,779 [934a7696-9971-43bd-bb95-0c074ad287bd-impl-thread1] INFO  impl.RoleInfo (RoleInfo.java:shutdownLeaderState(93)) - 934a7696-9971-43bd-bb95-0c074ad287bd: shutdown 934a7696-9971-43bd-bb95-0c074ad287bd@group-BDFEFBBA6613-LeaderStateImpl
2023-03-15 06:52:56,781 [ForkJoinPool.commonPool-worker-1] INFO  server.GrpcServerProtocolClient (GrpcServerProtocolClient.java:close(101)) - f927f8e9-81c0-47cb-a281-73162d36a20e Close channels
2023-03-15 06:52:56,781 [Listener at 127.0.0.1/39575] INFO  server.GrpcServerProtocolClient (GrpcServerProtocolClient.java:close(101)) - 69770226-cf53-4475-8132-826a0d48d398 Close channels
2023-03-15 06:52:56,780 [934a7696-9971-43bd-bb95-0c074ad287bd-impl-thread3] INFO  impl.RoleInfo (RoleInfo.java:shutdownFollowerState(110)) - 934a7696-9971-43bd-bb95-0c074ad287bd: shutdown 934a7696-9971-43bd-bb95-0c074ad287bd@group-A0FDA1CF6AAB-FollowerState
2023-03-15 06:52:56,780 [EndpointStateMachine task thread for /0.0.0.0:45029 - 0 ] INFO  ipc.Client (Client.java:handleConnectionFailure(1010)) - Retrying connect to server: 0.0.0.0/0.0.0.0:45029. Already tried 0 time(s); retry policy is RetryUpToMaximumCountWithFixedSleep(maxRetries=15, sleepTime=1000 MILLISECONDS)
2023-03-15 06:52:56,784 [934a7696-9971-43bd-bb95-0c074ad287bd-impl-thread3] INFO  impl.StateMachineUpdater (StateMachineUpdater.java:stopAndJoin(153)) - 934a7696-9971-43bd-bb95-0c074ad287bd@group-A0FDA1CF6AAB-StateMachineUpdater: set stopIndex = 199
2023-03-15 06:52:56,782 [934a7696-9971-43bd-bb95-0c074ad287bd@group-BDFEFBBA6613->69770226-cf53-4475-8132-826a0d48d398-GrpcLogAppender-LogAppenderDaemon] WARN  server.GrpcLogAppender (GrpcLogAppender.java:mayWait(200)) - 934a7696-9971-43bd-bb95-0c074ad287bd@group-BDFEFBBA6613->69770226-cf53-4475-8132-826a0d48d398-GrpcLogAppender: Wait interrupted by java.lang.InterruptedException
2023-03-15 06:52:56,784 [934a7696-9971-43bd-bb95-0c074ad287bd@group-A0FDA1CF6AAB-FollowerState] INFO  impl.FollowerState (FollowerState.java:run(152)) - 934a7696-9971-43bd-bb95-0c074ad287bd@group-A0FDA1CF6AAB-FollowerState was interrupted
2023-03-15 06:52:56,784 [934a7696-9971-43bd-bb95-0c074ad287bd@group-A0FDA1CF6AAB-StateMachineUpdater] INFO  ratis.ContainerStateMachine (ContainerStateMachine.java:takeSnapshot(330)) - group-A0FDA1CF6AAB: Taking a snapshot at:(t:1, i:199) file /home/runner/work/ozone/ozone/hadoop-ozone/integration-test/target/test-dir/MiniOzoneClusterImpl-e79b0a94-dba3-4ba8-a298-d2d15914ceac/datanode-2/data/ratis/f8d24024-cb87-4a49-af27-a0fda1cf6aab/sm/snapshot.1_199
2023-03-15 06:52:56,785 [934a7696-9971-43bd-bb95-0c074ad287bd@group-1655CFBDF5EF-StateMachineUpdater] INFO  ratis.ContainerStateMachine (ContainerStateMachine.java:takeSnapshot(341)) - group-1655CFBDF5EF: Finished taking a snapshot at:(t:1, i:0) file:/home/runner/work/ozone/ozone/hadoop-ozone/integration-test/target/test-dir/MiniOzoneClusterImpl-e79b0a94-dba3-4ba8-a298-d2d15914ceac/datanode-2/data/ratis/5fc5d4d5-7bd7-4817-add5-1655cfbdf5ef/sm/snapshot.1_0 took: 4 ms
2023-03-15 06:52:56,785 [934a7696-9971-43bd-bb95-0c074ad287bd@group-1655CFBDF5EF-StateMachineUpdater] INFO  impl.StateMachineUpdater (StateMachineUpdater.java:takeSnapshot(287)) - 934a7696-9971-43bd-bb95-0c074ad287bd@group-1655CFBDF5EF-StateMachineUpdater: Took a snapshot at index 0
2023-03-15 06:52:56,785 [934a7696-9971-43bd-bb95-0c074ad287bd@group-1655CFBDF5EF-StateMachineUpdater] INFO  impl.StateMachineUpdater (StateMachineUpdater.java:lambda$new$0(92)) - 934a7696-9971-43bd-bb95-0c074ad287bd@group-1655CFBDF5EF-StateMachineUpdater: snapshotIndex: updateIncreasingly -1 -> 0
2023-03-15 06:52:56,785 [934a7696-9971-43bd-bb95-0c074ad287bd-impl-thread2] INFO  server.RaftServer$Division (ServerState.java:close(466)) - 934a7696-9971-43bd-bb95-0c074ad287bd@group-1655CFBDF5EF: closes. applyIndex: 0
2023-03-15 06:52:56,785 [934a7696-9971-43bd-bb95-0c074ad287bd-impl-thread1] INFO  impl.PendingRequests (PendingRequests.java:sendNotLeaderResponses(282)) - 934a7696-9971-43bd-bb95-0c074ad287bd@group-BDFEFBBA6613-PendingRequests: sendNotLeaderResponses
2023-03-15 06:52:56,785 [934a7696-9971-43bd-bb95-0c074ad287bd@group-BDFEFBBA6613->f927f8e9-81c0-47cb-a281-73162d36a20e-GrpcLogAppender-LogAppenderDaemon] WARN  server.GrpcLogAppender (GrpcLogAppender.java:mayWait(200)) - 934a7696-9971-43bd-bb95-0c074ad287bd@group-BDFEFBBA6613->f927f8e9-81c0-47cb-a281-73162d36a20e-GrpcLogAppender: Wait interrupted by java.lang.InterruptedException
2023-03-15 06:52:56,787 [grpc-default-executor-7] WARN  server.GrpcClientProtocolService (LogUtils.java:warn(122)) - 0-OrderedRequestStreamObserver0: onError: org.apache.ratis.thirdparty.io.grpc.StatusRuntimeException: CANCELLED: client cancelled
2023-03-15 06:52:56,788 [grpc-default-executor-2] WARN  server.GrpcClientProtocolService (LogUtils.java:warn(122)) - 2-UnorderedRequestStreamObserver2: onError: org.apache.ratis.thirdparty.io.grpc.StatusRuntimeException: CANCELLED: client cancelled
2023-03-15 06:52:56,786 [934a7696-9971-43bd-bb95-0c074ad287bd@group-A0FDA1CF6AAB-StateMachineUpdater] INFO  ratis.ContainerStateMachine (ContainerStateMachine.java:takeSnapshot(341)) - group-A0FDA1CF6AAB: Finished taking a snapshot at:(t:1, i:199) file:/home/runner/work/ozone/ozone/hadoop-ozone/integration-test/target/test-dir/MiniOzoneClusterImpl-e79b0a94-dba3-4ba8-a298-d2d15914ceac/datanode-2/data/ratis/f8d24024-cb87-4a49-af27-a0fda1cf6aab/sm/snapshot.1_199 took: 2 ms
2023-03-15 06:52:56,788 [934a7696-9971-43bd-bb95-0c074ad287bd@group-A0FDA1CF6AAB-StateMachineUpdater] INFO  impl.StateMachineUpdater (StateMachineUpdater.java:takeSnapshot(287)) - 934a7696-9971-43bd-bb95-0c074ad287bd@group-A0FDA1CF6AAB-StateMachineUpdater: Took a snapshot at index 199
2023-03-15 06:52:56,788 [934a7696-9971-43bd-bb95-0c074ad287bd@group-A0FDA1CF6AAB-StateMachineUpdater] INFO  impl.StateMachineUpdater (StateMachineUpdater.java:lambda$new$0(92)) - 934a7696-9971-43bd-bb95-0c074ad287bd@group-A0FDA1CF6AAB-StateMachineUpdater: snapshotIndex: updateIncreasingly -1 -> 199
2023-03-15 06:52:56,787 [934a7696-9971-43bd-bb95-0c074ad287bd@group-1655CFBDF5EF-SegmentedRaftLogWorker] INFO  segmented.SegmentedRaftLogWorker (SegmentedRaftLogWorker.java:run(347)) - 934a7696-9971-43bd-bb95-0c074ad287bd@group-1655CFBDF5EF-SegmentedRaftLogWorker was interrupted, exiting. There are 0 tasks remaining in the queue.
2023-03-15 06:52:56,789 [934a7696-9971-43bd-bb95-0c074ad287bd-impl-thread2] INFO  segmented.SegmentedRaftLogWorker (SegmentedRaftLogWorker.java:close(257)) - 934a7696-9971-43bd-bb95-0c074ad287bd@group-1655CFBDF5EF-SegmentedRaftLogWorker close()
2023-03-15 06:52:56,791 [934a7696-9971-43bd-bb95-0c074ad287bd-impl-thread1] INFO  impl.StateMachineUpdater (StateMachineUpdater.java:stopAndJoin(153)) - 934a7696-9971-43bd-bb95-0c074ad287bd@group-BDFEFBBA6613-StateMachineUpdater: set stopIndex = 195
2023-03-15 06:52:56,791 [934a7696-9971-43bd-bb95-0c074ad287bd@group-BDFEFBBA6613-StateMachineUpdater] INFO  ratis.ContainerStateMachine (ContainerStateMachine.java:takeSnapshot(330)) - group-BDFEFBBA6613: Taking a snapshot at:(t:1, i:195) file /home/runner/work/ozone/ozone/hadoop-ozone/integration-test/target/test-dir/MiniOzoneClusterImpl-e79b0a94-dba3-4ba8-a298-d2d15914ceac/datanode-2/data/ratis/0ed72603-e41a-43d8-a161-bdfefbba6613/sm/snapshot.1_195
2023-03-15 06:52:56,792 [934a7696-9971-43bd-bb95-0c074ad287bd@group-BDFEFBBA6613-StateMachineUpdater] INFO  ratis.ContainerStateMachine (ContainerStateMachine.java:takeSnapshot(341)) - group-BDFEFBBA6613: Finished taking a snapshot at:(t:1, i:195) file:/home/runner/work/ozone/ozone/hadoop-ozone/integration-test/target/test-dir/MiniOzoneClusterImpl-e79b0a94-dba3-4ba8-a298-d2d15914ceac/datanode-2/data/ratis/0ed72603-e41a-43d8-a161-bdfefbba6613/sm/snapshot.1_195 took: 1 ms
2023-03-15 06:52:56,793 [934a7696-9971-43bd-bb95-0c074ad287bd@group-BDFEFBBA6613-StateMachineUpdater] INFO  impl.StateMachineUpdater (StateMachineUpdater.java:takeSnapshot(287)) - 934a7696-9971-43bd-bb95-0c074ad287bd@group-BDFEFBBA6613-StateMachineUpdater: Took a snapshot at index 195
2023-03-15 06:52:56,793 [934a7696-9971-43bd-bb95-0c074ad287bd@group-BDFEFBBA6613-StateMachineUpdater] INFO  impl.StateMachineUpdater (StateMachineUpdater.java:lambda$new$0(92)) - 934a7696-9971-43bd-bb95-0c074ad287bd@group-BDFEFBBA6613-StateMachineUpdater: snapshotIndex: updateIncreasingly -1 -> 195
2023-03-15 06:52:56,794 [934a7696-9971-43bd-bb95-0c074ad287bd-impl-thread3] INFO  server.RaftServer$Division (ServerState.java:close(466)) - 934a7696-9971-43bd-bb95-0c074ad287bd@group-A0FDA1CF6AAB: closes. applyIndex: 199
2023-03-15 06:52:56,794 [934a7696-9971-43bd-bb95-0c074ad287bd-impl-thread1] INFO  server.RaftServer$Division (ServerState.java:close(466)) - 934a7696-9971-43bd-bb95-0c074ad287bd@group-BDFEFBBA6613: closes. applyIndex: 195
2023-03-15 06:52:56,794 [934a7696-9971-43bd-bb95-0c074ad287bd@group-A0FDA1CF6AAB-SegmentedRaftLogWorker] INFO  segmented.SegmentedRaftLogWorker (SegmentedRaftLogWorker.java:run(347)) - 934a7696-9971-43bd-bb95-0c074ad287bd@group-A0FDA1CF6AAB-SegmentedRaftLogWorker was interrupted, exiting. There are 0 tasks remaining in the queue.
2023-03-15 06:52:56,795 [934a7696-9971-43bd-bb95-0c074ad287bd@group-BDFEFBBA6613-SegmentedRaftLogWorker] INFO  segmented.SegmentedRaftLogWorker (SegmentedRaftLogWorker.java:run(347)) - 934a7696-9971-43bd-bb95-0c074ad287bd@group-BDFEFBBA6613-SegmentedRaftLogWorker was interrupted, exiting. There are 0 tasks remaining in the queue.
2023-03-15 06:52:56,795 [934a7696-9971-43bd-bb95-0c074ad287bd-impl-thread3] INFO  segmented.SegmentedRaftLogWorker (SegmentedRaftLogWorker.java:close(257)) - 934a7696-9971-43bd-bb95-0c074ad287bd@group-A0FDA1CF6AAB-SegmentedRaftLogWorker close()
2023-03-15 06:52:56,795 [Listener at 127.0.0.1/39575] INFO  server.GrpcService (GrpcService.java:closeImpl(280)) - 934a7696-9971-43bd-bb95-0c074ad287bd: shutdown server GrpcServerProtocolService successfully
2023-03-15 06:52:56,795 [934a7696-9971-43bd-bb95-0c074ad287bd-impl-thread1] INFO  segmented.SegmentedRaftLogWorker (SegmentedRaftLogWorker.java:close(257)) - 934a7696-9971-43bd-bb95-0c074ad287bd@group-BDFEFBBA6613-SegmentedRaftLogWorker close()
2023-03-15 06:52:56,796 [934a7696-9971-43bd-bb95-0c074ad287bd-NettyServerStreamRpc-bossGroup--thread1] INFO  logging.LoggingHandler (AbstractInternalLogger.java:log(148)) - [id: 0x54f2cd56, L:/0:0:0:0:0:0:0:0:40969] CLOSE
2023-03-15 06:52:56,796 [934a7696-9971-43bd-bb95-0c074ad287bd-NettyServerStreamRpc-bossGroup--thread1] INFO  logging.LoggingHandler (AbstractInternalLogger.java:log(148)) - [id: 0x54f2cd56, L:/0:0:0:0:0:0:0:0:40969] INACTIVE
2023-03-15 06:52:56,796 [934a7696-9971-43bd-bb95-0c074ad287bd-NettyServerStreamRpc-bossGroup--thread1] INFO  logging.LoggingHandler (AbstractInternalLogger.java:log(148)) - [id: 0x54f2cd56, L:/0:0:0:0:0:0:0:0:40969] UNREGISTERED
2023-03-15 06:52:56,818 [JvmPauseMonitor5] INFO  util.JvmPauseMonitor (JvmPauseMonitor.java:run(111)) - JvmPauseMonitor-934a7696-9971-43bd-bb95-0c074ad287bd: Stopped
2023-03-15 06:52:57,784 [EndpointStateMachine task thread for /0.0.0.0:45029 - 0 ] INFO  ipc.Client (Client.java:handleConnectionFailure(1010)) - Retrying connect to server: 0.0.0.0/0.0.0.0:45029. Already tried 1 time(s); retry policy is RetryUpToMaximumCountWithFixedSleep(maxRetries=15, sleepTime=1000 MILLISECONDS)
2023-03-15 06:52:58,785 [EndpointStateMachine task thread for /0.0.0.0:45029 - 0 ] INFO  ipc.Client (Client.java:handleConnectionFailure(1010)) - Retrying connect to server: 0.0.0.0/0.0.0.0:45029. Already tried 2 time(s); retry policy is RetryUpToMaximumCountWithFixedSleep(maxRetries=15, sleepTime=1000 MILLISECONDS)
2023-03-15 06:52:58,825 [Listener at 127.0.0.1/39575] INFO  volume.HddsVolume (HddsVolume.java:closeDbStore(362)) - SchemaV3 db is stopped at /home/runner/work/ozone/ozone/hadoop-ozone/integration-test/target/test-dir/MiniOzoneClusterImpl-e79b0a94-dba3-4ba8-a298-d2d15914ceac/datanode-2/data-0/containers/hdds/e79b0a94-dba3-4ba8-a298-d2d15914ceac/DS-9d340510-4ad7-445b-831e-b8875685020f/container.db for volume DS-9d340510-4ad7-445b-831e-b8875685020f
2023-03-15 06:52:58,826 [Listener at 127.0.0.1/39575] INFO  utils.BackgroundService (BackgroundService.java:shutdown(141)) - Shutting down service BlockDeletingService
2023-03-15 06:52:58,826 [Listener at 127.0.0.1/39575] INFO  utils.BackgroundService (BackgroundService.java:shutdown(141)) - Shutting down service StaleRecoveringContainerScrubbingService
2023-03-15 06:52:58,828 [Listener at 127.0.0.1/39575] INFO  statemachine.DatanodeStateMachine (DatanodeStateMachine.java:stopDaemon(601)) - Ozone container server stopped.
2023-03-15 06:52:58,840 [Listener at 127.0.0.1/39575] INFO  handler.ContextHandler (ContextHandler.java:doStop(1159)) - Stopped o.e.j.w.WebAppContext@6c540ca5{hddsDatanode,/,null,STOPPED}{jar:file:/home/runner/.m2/repository/org/apache/ozone/hdds-container-service/1.4.0-SNAPSHOT/hdds-container-service-1.4.0-SNAPSHOT.jar!/webapps/hddsDatanode}
2023-03-15 06:52:58,841 [Listener at 127.0.0.1/39575] INFO  server.AbstractConnector (AbstractConnector.java:doStop(383)) - Stopped ServerConnector@6f4dd65d{HTTP/1.1, (http/1.1)}{0.0.0.0:0}
2023-03-15 06:52:58,841 [Listener at 127.0.0.1/39575] INFO  server.session (HouseKeeper.java:stopScavenging(149)) - node0 Stopped scavenging
2023-03-15 06:52:58,841 [Listener at 127.0.0.1/39575] INFO  handler.ContextHandler (ContextHandler.java:doStop(1159)) - Stopped o.e.j.s.ServletContextHandler@39a5937a{static,/static,jar:file:/home/runner/.m2/repository/org/apache/ozone/hdds-container-service/1.4.0-SNAPSHOT/hdds-container-service-1.4.0-SNAPSHOT.jar!/webapps/static,STOPPED}
2023-03-15 06:52:58,842 [Listener at 127.0.0.1/39575] INFO  handler.ContextHandler (ContextHandler.java:doStop(1159)) - Stopped o.e.j.s.ServletContextHandler@2043cf19{logs,/logs,file:///home/runner/work/ozone/ozone/hadoop-ozone/integration-test/target/log,STOPPED}
2023-03-15 06:52:59,387 [Listener at 127.0.0.1/39575] WARN  server.ServerUtils (ServerUtils.java:getScmDbDir(148)) - ozone.scm.db.dirs is not configured. We recommend adding this setting. Falling back to ozone.metadata.dirs instead.
2023-03-15 06:52:59,393 [Listener at 127.0.0.1/39575] WARN  server.ServerUtils (ServerUtils.java:getScmDbDir(148)) - ozone.scm.db.dirs is not configured. We recommend adding this setting. Falling back to ozone.metadata.dirs instead.
2023-03-15 06:52:59,393 [Listener at 127.0.0.1/39575] INFO  ha.SCMHANodeDetails (SCMHANodeDetails.java:loadSCMHAConfig(209)) - ServiceID for StorageContainerManager is null
2023-03-15 06:52:59,394 [Listener at 127.0.0.1/39575] INFO  ha.SCMHANodeDetails (SCMHANodeDetails.java:loadSCMHAConfig(214)) - ozone.scm.default.service.id is not defined, falling back to ozone.scm.service.ids to find serviceID for StorageContainerManager if it is HA enabled cluster
2023-03-15 06:52:59,394 [Listener at 127.0.0.1/39575] WARN  utils.HAUtils (HAUtils.java:getMetaDir(342)) - ozone.scm.db.dirs is not configured. We recommend adding this setting. Falling back to ozone.metadata.dirs instead.
2023-03-15 06:52:59,395 [Listener at 127.0.0.1/39575] WARN  db.DBStoreBuilder (DBStoreBuilder.java:applyDBDefinition(172)) - ozone.scm.db.dirs is not configured. We recommend adding this setting. Falling back to ozone.metadata.dirs instead.
2023-03-15 06:52:59,528 [Listener at 127.0.0.1/39575] INFO  net.NodeSchemaLoader (NodeSchemaLoader.java:loadSchemaFromFile(129)) - Loading schema from [jar:file:/home/runner/.m2/repository/org/apache/ozone/hdds-common/1.4.0-SNAPSHOT/hdds-common-1.4.0-SNAPSHOT.jar!/network-topology-default.xml]
2023-03-15 06:52:59,529 [Listener at 127.0.0.1/39575] INFO  net.NodeSchemaLoader (NodeSchemaLoader.java:loadSchema(176)) - Loading network topology layer schema file
2023-03-15 06:52:59,531 [Listener at 127.0.0.1/39575] INFO  upgrade.AbstractLayoutVersionManager (AbstractLayoutVersionManager.java:init(83)) - Initializing Layout version manager with metadata layout = DATANODE_SCHEMA_V3 (version = 4), software layout = DATANODE_SCHEMA_V3 (version = 4)
2023-03-15 06:52:59,582 [Listener at 127.0.0.1/39575] INFO  reflections.Reflections (Reflections.java:scan(232)) - Reflections took 50 ms to scan 7 urls, producing 155 keys and 368 values 
2023-03-15 06:52:59,584 [Listener at 127.0.0.1/39575] INFO  ha.SequenceIdGenerator (SequenceIdGenerator.java:upgradeToSequenceId(349)) - upgrade localId to 111677748019200000
2023-03-15 06:52:59,584 [Listener at 127.0.0.1/39575] INFO  ha.SequenceIdGenerator (SequenceIdGenerator.java:upgradeToSequenceId(359)) - upgrade delTxnId to 0
2023-03-15 06:52:59,584 [Listener at 127.0.0.1/39575] INFO  ha.SequenceIdGenerator (SequenceIdGenerator.java:upgradeToSequenceId(376)) - upgrade containerId to 0
2023-03-15 06:52:59,585 [Listener at 127.0.0.1/39575] INFO  ha.SequenceIdGenerator (SequenceIdGenerator.java:<init>(220)) - Init the HA SequenceIdGenerator.
2023-03-15 06:52:59,585 [Listener at 127.0.0.1/39575] WARN  server.ServerUtils (ServerUtils.java:sanitizeUserArgs(73)) - ozone.scm.stale.node.interval value = 300000 is larger than max = 100000 based on the key value of ozone.scm.heartbeat.thread.interval, reset to the max value 100000.
2023-03-15 06:52:59,585 [Listener at 127.0.0.1/39575] WARN  server.ServerUtils (ServerUtils.java:sanitizeUserArgs(73)) - ozone.scm.stale.node.interval value = 300000 is larger than max = 100000 based on the key value of ozone.scm.heartbeat.thread.interval, reset to the max value 100000.
2023-03-15 06:52:59,585 [Listener at 127.0.0.1/39575] INFO  node.SCMNodeManager (SCMNodeManager.java:<init>(156)) - Entering startup safe mode.
2023-03-15 06:52:59,586 [Listener at 127.0.0.1/39575] INFO  algorithms.ContainerPlacementPolicyFactory (ContainerPlacementPolicyFactory.java:getPolicyInternal(86)) - Create container placement policy of type org.apache.hadoop.hdds.scm.container.placement.algorithms.SCMContainerPlacementRandom
2023-03-15 06:52:59,586 [Listener at 127.0.0.1/39575] INFO  algorithms.ContainerPlacementPolicyFactory (ContainerPlacementPolicyFactory.java:getPolicyInternal(86)) - Create container placement policy of type org.apache.hadoop.hdds.scm.container.placement.algorithms.SCMContainerPlacementRackScatter
2023-03-15 06:52:59,586 [Listener at 127.0.0.1/39575] INFO  pipeline.PipelineStateManagerImpl (PipelineStateManagerImpl.java:initialize(78)) - No pipeline exists in current db
2023-03-15 06:52:59,586 [Listener at 127.0.0.1/39575] INFO  algorithms.LeaderChoosePolicyFactory (LeaderChoosePolicyFactory.java:getPolicy(57)) - Create leader choose policy of type org.apache.hadoop.hdds.scm.pipeline.leader.choose.algorithms.MinLeaderCountChoosePolicy
2023-03-15 06:52:59,587 [Listener at 127.0.0.1/39575] INFO  algorithms.ContainerPlacementPolicyFactory (ContainerPlacementPolicyFactory.java:getPolicyInternal(86)) - Create container placement policy of type org.apache.hadoop.hdds.scm.container.placement.algorithms.SCMContainerPlacementRackScatter
2023-03-15 06:52:59,587 [Listener at 127.0.0.1/39575] INFO  ha.SCMServiceManager (SCMServiceManager.java:register(42)) - Registering service BackgroundPipelineCreator.
2023-03-15 06:52:59,587 [Listener at 127.0.0.1/39575] INFO  pipeline.BackgroundPipelineCreator (BackgroundPipelineCreator.java:start(124)) - Starting RatisPipelineUtilsThread.
2023-03-15 06:52:59,587 [Listener at 127.0.0.1/39575] INFO  BackgroundPipelineScrubber (BackgroundSCMService.java:start(68)) - Starting BackgroundPipelineScrubber Service.
2023-03-15 06:52:59,588 [Listener at 127.0.0.1/39575] INFO  ha.SCMServiceManager (SCMServiceManager.java:register(42)) - Registering service BackgroundPipelineScrubber.
2023-03-15 06:52:59,588 [Listener at 127.0.0.1/39575] INFO  ExpiredContainerReplicaOpScrubber (BackgroundSCMService.java:start(68)) - Starting ExpiredContainerReplicaOpScrubber Service.
2023-03-15 06:52:59,588 [Listener at 127.0.0.1/39575] INFO  ha.SCMServiceManager (SCMServiceManager.java:register(42)) - Registering service ExpiredContainerReplicaOpScrubber.
2023-03-15 06:52:59,589 [Listener at 127.0.0.1/39575] INFO  algorithms.PipelineChoosePolicyFactory (PipelineChoosePolicyFactory.java:createPipelineChoosePolicyFromClass(73)) - Create pipeline choose policy of type org.apache.hadoop.hdds.scm.pipeline.choose.algorithms.RandomPipelineChoosePolicy
2023-03-15 06:52:59,590 [Listener at 127.0.0.1/39575] INFO  ha.SCMServiceManager (SCMServiceManager.java:register(42)) - Registering service SCMBlockDeletingService.
2023-03-15 06:52:59,590 [Listener at 127.0.0.1/39575] INFO  replication.ReplicationManager (ReplicationManager.java:start(271)) - Starting Replication Monitor Thread.
2023-03-15 06:52:59,591 [Listener at 127.0.0.1/39575] INFO  ha.SCMServiceManager (SCMServiceManager.java:register(42)) - Registering service ReplicationManager.
2023-03-15 06:52:59,591 [Listener at 127.0.0.1/39575] INFO  safemode.ContainerSafeModeRule (ContainerSafeModeRule.java:<init>(89)) - containers with one replica threshold count 0
2023-03-15 06:52:59,592 [Listener at 127.0.0.1/39575] INFO  safemode.HealthyPipelineSafeModeRule (HealthyPipelineSafeModeRule.java:initializeRule(169)) - Total pipeline count is 0, healthy pipeline threshold count is 1
2023-03-15 06:52:59,592 [Listener at 127.0.0.1/39575] INFO  safemode.OneReplicaPipelineSafeModeRule (OneReplicaPipelineSafeModeRule.java:initializeRule(180)) - Total pipeline count is 0, pipeline's with at least one datanode reported threshold count is 0
2023-03-15 06:52:59,593 [Listener at 127.0.0.1/39575] INFO  server.StorageContainerManager (StorageContainerManager.java:<init>(392)) - SCM start with adminUsers: [runner]
2023-03-15 06:52:59,594 [Listener at 127.0.0.1/39575] INFO  ipc.CallQueueManager (CallQueueManager.java:<init>(90)) - Using callQueue: class java.util.concurrent.LinkedBlockingQueue, queueCapacity: 2000, scheduler: class org.apache.hadoop.ipc.DefaultRpcScheduler, ipcBackoff: false.
2023-03-15 06:52:59,593 [ReplicationMonitor] INFO  replication.ReplicationManager (ReplicationManager.java:processAll(346)) - Replication Manager is not ready to run until 3000ms after safemode exit
2023-03-15 06:52:59,594 [Socket Reader #1 for port 0] INFO  ipc.Server (Server.java:run(1273)) - Starting Socket Reader #1 for port 0
2023-03-15 06:52:59,595 [Listener at 0.0.0.0/39779] INFO  ipc.CallQueueManager (CallQueueManager.java:<init>(90)) - Using callQueue: class java.util.concurrent.LinkedBlockingQueue, queueCapacity: 2000, scheduler: class org.apache.hadoop.ipc.DefaultRpcScheduler, ipcBackoff: false.
2023-03-15 06:52:59,596 [Socket Reader #1 for port 0] INFO  ipc.Server (Server.java:run(1273)) - Starting Socket Reader #1 for port 0
2023-03-15 06:52:59,596 [Listener at 0.0.0.0/43979] INFO  ipc.CallQueueManager (CallQueueManager.java:<init>(90)) - Using callQueue: class java.util.concurrent.LinkedBlockingQueue, queueCapacity: 2000, scheduler: class org.apache.hadoop.ipc.DefaultRpcScheduler, ipcBackoff: false.
2023-03-15 06:52:59,597 [Socket Reader #1 for port 0] INFO  ipc.Server (Server.java:run(1273)) - Starting Socket Reader #1 for port 0
2023-03-15 06:52:59,608 [Listener at 0.0.0.0/36127] INFO  ha.SCMServiceManager (SCMServiceManager.java:register(42)) - Registering service ContainerBalancer.
2023-03-15 06:52:59,608 [Listener at 0.0.0.0/36127] INFO  server.StorageContainerManager (StorageContainerManager.java:<init>(407)) - 
Container Balancer status:
Key                            Value
Running                        true
Container Balancer Configuration values:
Key                                                Value
Threshold                                          10
Max Datanodes to Involve per Iteration(percent)    20
Max Size to Move per Iteration                     500GB
Max Size Entering Target per Iteration             26GB
Max Size Leaving Source per Iteration              26GB

2023-03-15 06:52:59,609 [Listener at 0.0.0.0/36127] INFO  ha.SCMContext (SCMContext.java:updateSafeModeStatus(228)) - Update SafeModeStatus from SafeModeStatus{safeModeStatus=true, preCheckPassed=false} to SafeModeStatus{safeModeStatus=true, preCheckPassed=false}.
2023-03-15 06:52:59,609 [Listener at 0.0.0.0/36127] INFO  server.StorageContainerManager (StorageContainerManager.java:start(1437)) - StorageContainerLocationProtocol RPC server is listening at /0.0.0.0:36127
2023-03-15 06:52:59,610 [Listener at 0.0.0.0/36127] WARN  impl.MetricsConfig (MetricsConfig.java:loadFirst(136)) - Cannot locate configuration: tried hadoop-metrics2-storagecontainermanager.properties,hadoop-metrics2.properties
2023-03-15 06:52:59,612 [Listener at 0.0.0.0/36127] INFO  impl.MetricsSystemImpl (MetricsSystemImpl.java:startTimer(378)) - Scheduled Metric snapshot period at 10 second(s).
2023-03-15 06:52:59,612 [Listener at 0.0.0.0/36127] INFO  impl.MetricsSystemImpl (MetricsSystemImpl.java:start(191)) - StorageContainerManager metrics system started
2023-03-15 06:52:59,631 [Listener at 0.0.0.0/36127] INFO  impl.MetricsSinkAdapter (MetricsSinkAdapter.java:start(204)) - Sink prometheus started
2023-03-15 06:52:59,631 [Listener at 0.0.0.0/36127] INFO  impl.MetricsSystemImpl (MetricsSystemImpl.java:registerSink(305)) - Registered sink prometheus
2023-03-15 06:52:59,655 [Listener at 0.0.0.0/36127] INFO  server.SCMClientProtocolServer (SCMClientProtocolServer.java:start(194)) - RPC server for Client  is listening at /0.0.0.0:36127
2023-03-15 06:52:59,656 [IPC Server Responder] INFO  ipc.Server (Server.java:run(1512)) - IPC Server Responder: starting
2023-03-15 06:52:59,657 [IPC Server listener on 0] INFO  ipc.Server (Server.java:run(1352)) - IPC Server listener on 0: starting
2023-03-15 06:52:59,660 [Listener at 0.0.0.0/36127] INFO  server.StorageContainerManager (StorageContainerManager.java:start(1451)) - ScmBlockLocationProtocol RPC server is listening at /0.0.0.0:43979
2023-03-15 06:52:59,660 [Listener at 0.0.0.0/36127] INFO  server.SCMBlockProtocolServer (SCMBlockProtocolServer.java:start(152)) - RPC server for Block Protocol is listening at /0.0.0.0:43979
2023-03-15 06:52:59,666 [IPC Server Responder] INFO  ipc.Server (Server.java:run(1512)) - IPC Server Responder: starting
2023-03-15 06:52:59,671 [IPC Server listener on 0] INFO  ipc.Server (Server.java:run(1352)) - IPC Server listener on 0: starting
2023-03-15 06:52:59,695 [Listener at 0.0.0.0/36127] INFO  server.SCMDatanodeProtocolServer (SCMDatanodeProtocolServer.java:start(193)) - ScmDatanodeProtocol RPC server for DataNodes is listening at /0.0.0.0:39779
2023-03-15 06:52:59,695 [IPC Server listener on 0] INFO  ipc.Server (Server.java:run(1352)) - IPC Server listener on 0: starting
2023-03-15 06:52:59,695 [IPC Server Responder] INFO  ipc.Server (Server.java:run(1512)) - IPC Server Responder: starting
2023-03-15 06:52:59,699 [Listener at 0.0.0.0/36127] INFO  http.BaseHttpServer (BaseHttpServer.java:newHttpServer2BuilderForOzone(224)) - Starting Web-server for scm at: http://0.0.0.0:0
2023-03-15 06:52:59,699 [Listener at 0.0.0.0/36127] INFO  http.BaseHttpServer (BaseHttpServer.java:<init>(111)) - Hadoop Security Enabled: false Ozone Security Enabled: false Ozone HTTP Security Enabled: false 
2023-03-15 06:52:59,698 [org.apache.hadoop.util.JvmPauseMonitor$Monitor@1d60188] INFO  util.JvmPauseMonitor (JvmPauseMonitor.java:run(188)) - Starting JVM pause monitor
2023-03-15 06:52:59,701 [Listener at 0.0.0.0/36127] WARN  server.AuthenticationFilter (AuthenticationFilter.java:constructSecretProvider(240)) - Unable to initialize FileSignerSecretProvider, falling back to use random secrets. Reason: Could not read signature secret file: /home/runner/hadoop-http-auth-signature-secret
2023-03-15 06:52:59,702 [Listener at 0.0.0.0/36127] WARN  http.HttpRequestLog (HttpRequestLog.java:getRequestLog(103)) - Jetty request log can only be enabled using Log4j
2023-03-15 06:52:59,704 [Listener at 0.0.0.0/36127] INFO  http.HttpServer2 (HttpServer2.java:addGlobalFilter(1031)) - Added global filter 'safety' (class=org.apache.hadoop.hdds.server.http.HttpServer2$QuotingInputFilter)
2023-03-15 06:52:59,705 [Listener at 0.0.0.0/36127] INFO  http.HttpServer2 (HttpServer2.java:addFilter(1007)) - Added filter static_user_filter (class=org.apache.hadoop.http.lib.StaticUserWebFilter$StaticUserFilter) to context scm
2023-03-15 06:52:59,705 [Listener at 0.0.0.0/36127] INFO  http.HttpServer2 (HttpServer2.java:addFilter(1015)) - Added filter static_user_filter (class=org.apache.hadoop.http.lib.StaticUserWebFilter$StaticUserFilter) to context logs
2023-03-15 06:52:59,705 [Listener at 0.0.0.0/36127] INFO  http.HttpServer2 (HttpServer2.java:addFilter(1015)) - Added filter static_user_filter (class=org.apache.hadoop.http.lib.StaticUserWebFilter$StaticUserFilter) to context static
2023-03-15 06:52:59,706 [Listener at 0.0.0.0/36127] INFO  http.BaseHttpServer (BaseHttpServer.java:<init>(190)) - HTTP server of scm uses base directory /home/runner/work/ozone/ozone/hadoop-ozone/integration-test/target/test-dir/MiniOzoneClusterImpl-8d40f1f0-3e23-4273-879b-a609159ae6a4/ozone-meta/webserver
2023-03-15 06:52:59,706 [Listener at 0.0.0.0/36127] INFO  http.HttpServer2 (HttpServer2.java:bindListener(1250)) - Jetty bound to port 39515
2023-03-15 06:52:59,706 [Listener at 0.0.0.0/36127] INFO  server.Server (Server.java:doStart(375)) - jetty-9.4.49.v20220914; built: 2022-09-14T01:07:36.601Z; git: 4231a3b2e4cb8548a412a789936d640a97b1aa0a; jvm 1.8.0_362-b09
2023-03-15 06:52:59,713 [Listener at 0.0.0.0/36127] INFO  server.session (DefaultSessionIdManager.java:doStart(334)) - DefaultSessionIdManager workerName=node0
2023-03-15 06:52:59,713 [Listener at 0.0.0.0/36127] INFO  server.session (DefaultSessionIdManager.java:doStart(339)) - No SessionScavenger set, using defaults
2023-03-15 06:52:59,713 [Listener at 0.0.0.0/36127] INFO  server.session (HouseKeeper.java:startScavenging(132)) - node0 Scavenging every 600000ms
2023-03-15 06:52:59,715 [Listener at 0.0.0.0/36127] INFO  handler.ContextHandler (ContextHandler.java:doStart(921)) - Started o.e.j.s.ServletContextHandler@85d4f1d{logs,/logs,file:///home/runner/work/ozone/ozone/hadoop-ozone/integration-test/target/log,AVAILABLE}
2023-03-15 06:52:59,716 [Listener at 0.0.0.0/36127] INFO  handler.ContextHandler (ContextHandler.java:doStart(921)) - Started o.e.j.s.ServletContextHandler@27d60a52{static,/static,file:///home/runner/work/ozone/ozone/hadoop-ozone/integration-test/target/test-classes/webapps/static,AVAILABLE}
2023-03-15 06:52:59,723 [Listener at 0.0.0.0/36127] INFO  handler.ContextHandler (ContextHandler.java:doStart(921)) - Started o.e.j.w.WebAppContext@3f8bd4b1{scm,/,file:///home/runner/work/ozone/ozone/hadoop-ozone/integration-test/target/test-classes/webapps/scm/,AVAILABLE}{file:/home/runner/work/ozone/ozone/hadoop-ozone/integration-test/target/test-classes/webapps/scm}
2023-03-15 06:52:59,725 [Listener at 0.0.0.0/36127] INFO  server.AbstractConnector (AbstractConnector.java:doStart(333)) - Started ServerConnector@18a1435e{HTTP/1.1, (http/1.1)}{0.0.0.0:39515}
2023-03-15 06:52:59,725 [Listener at 0.0.0.0/36127] INFO  server.Server (Server.java:doStart(415)) - Started @69216ms
2023-03-15 06:52:59,725 [Listener at 0.0.0.0/36127] WARN  impl.MetricsSystemImpl (MetricsSystemImpl.java:register(279)) - Sink prometheus already exists!
2023-03-15 06:52:59,727 [Listener at 0.0.0.0/36127] INFO  http.BaseHttpServer (BaseHttpServer.java:updateConnectorAddress(344)) - HTTP server of scm listening at http://0.0.0.0:39515
2023-03-15 06:52:59,728 [Listener at 0.0.0.0/36127] INFO  ha.OMHANodeDetails (OMHANodeDetails.java:loadOMHAConfig(121)) - ServiceID for OzoneManager is om-service-test1
2023-03-15 06:52:59,729 [Listener at 0.0.0.0/36127] INFO  ha.OMHANodeDetails (OMHANodeDetails.java:loadOMHAConfig(201)) - Found matching OM address with OMServiceId: om-service-test1, OMNodeId: omNode-1, RPC Address: localhost:34801 and Ratis port: 37799
2023-03-15 06:52:59,730 [Listener at 0.0.0.0/36127] INFO  ha.OMHANodeDetails (ConfUtils.java:setNodeSpecificConfigs(97)) - Setting configuration key ozone.om.http-address with value of key ozone.om.http-address.om-service-test1.omNode-1: 127.0.0.1:34047
2023-03-15 06:52:59,730 [Listener at 0.0.0.0/36127] INFO  ha.OMHANodeDetails (ConfUtils.java:setNodeSpecificConfigs(97)) - Setting configuration key ozone.om.https-address with value of key ozone.om.https-address.om-service-test1.omNode-1: 127.0.0.1:41797
2023-03-15 06:52:59,730 [Listener at 0.0.0.0/36127] INFO  ha.OMHANodeDetails (ConfUtils.java:setNodeSpecificConfigs(97)) - Setting configuration key ozone.om.address with value of key ozone.om.address.om-service-test1.omNode-1: 127.0.0.1:34801
2023-03-15 06:52:59,731 [Listener at 0.0.0.0/36127] WARN  server.ServerUtils (ServerUtils.java:getDBPath(225)) - ozone.om.db.dirs is not configured. We recommend adding this setting. Falling back to ozone.metadata.dirs instead.
2023-03-15 06:52:59,733 [Listener at 0.0.0.0/36127] INFO  proxy.SCMBlockLocationFailoverProxyProvider (SCMBlockLocationFailoverProxyProvider.java:<init>(114)) - Created block location fail-over proxy with 1 nodes: [nodeId=scmNodeId,nodeAddress=/0.0.0.0:43979]
OM initialization succeeded.Current cluster id for sd=/home/runner/work/ozone/ozone/hadoop-ozone/integration-test/target/test-dir/MiniOzoneClusterImpl-8d40f1f0-3e23-4273-879b-a609159ae6a4/omNode-1/om;cid=8d40f1f0-3e23-4273-879b-a609159ae6a4;layoutVersion=3
2023-03-15 06:52:59,743 [Listener at 0.0.0.0/36127] INFO  ha.OMHANodeDetails (OMHANodeDetails.java:loadOMHAConfig(121)) - ServiceID for OzoneManager is om-service-test1
2023-03-15 06:52:59,744 [Listener at 0.0.0.0/36127] INFO  ha.OMHANodeDetails (OMHANodeDetails.java:loadOMHAConfig(201)) - Found matching OM address with OMServiceId: om-service-test1, OMNodeId: omNode-1, RPC Address: localhost:34801 and Ratis port: 37799
2023-03-15 06:52:59,744 [Listener at 0.0.0.0/36127] INFO  ha.OMHANodeDetails (ConfUtils.java:setNodeSpecificConfigs(97)) - Setting configuration key ozone.om.http-address with value of key ozone.om.http-address.om-service-test1.omNode-1: 127.0.0.1:34047
2023-03-15 06:52:59,744 [Listener at 0.0.0.0/36127] INFO  ha.OMHANodeDetails (ConfUtils.java:setNodeSpecificConfigs(97)) - Setting configuration key ozone.om.https-address with value of key ozone.om.https-address.om-service-test1.omNode-1: 127.0.0.1:41797
2023-03-15 06:52:59,744 [Listener at 0.0.0.0/36127] INFO  ha.OMHANodeDetails (ConfUtils.java:setNodeSpecificConfigs(97)) - Setting configuration key ozone.om.address with value of key ozone.om.address.om-service-test1.omNode-1: 127.0.0.1:34801
2023-03-15 06:52:59,744 [Listener at 0.0.0.0/36127] WARN  server.ServerUtils (ServerUtils.java:getDBPath(225)) - ozone.om.db.dirs is not configured. We recommend adding this setting. Falling back to ozone.metadata.dirs instead.
2023-03-15 06:52:59,746 [Listener at 0.0.0.0/36127] INFO  upgrade.AbstractLayoutVersionManager (AbstractLayoutVersionManager.java:init(83)) - Initializing Layout version manager with metadata layout = MULTITENANCY_SCHEMA (version = 3), software layout = MULTITENANCY_SCHEMA (version = 3)
2023-03-15 06:52:59,785 [EndpointStateMachine task thread for /0.0.0.0:45029 - 0 ] INFO  ipc.Client (Client.java:handleConnectionFailure(1010)) - Retrying connect to server: 0.0.0.0/0.0.0.0:45029. Already tried 3 time(s); retry policy is RetryUpToMaximumCountWithFixedSleep(maxRetries=15, sleepTime=1000 MILLISECONDS)
2023-03-15 06:52:59,821 [Listener at 0.0.0.0/36127] INFO  reflections.Reflections (Reflections.java:scan(232)) - Reflections took 74 ms to scan 2 urls, producing 167 keys and 464 values [using 2 cores]
2023-03-15 06:52:59,822 [Listener at 0.0.0.0/36127] INFO  upgrade.OMLayoutVersionManager (OMLayoutVersionManager.java:lambda$0(115)) - Skipping Upgrade Action MockOmUpgradeAction since it has been finalized.
2023-03-15 06:52:59,822 [Listener at 0.0.0.0/36127] WARN  server.ServerUtils (ServerUtils.java:getDBPath(225)) - ozone.om.db.dirs is not configured. We recommend adding this setting. Falling back to ozone.metadata.dirs instead.
2023-03-15 06:52:59,823 [Listener at 0.0.0.0/36127] INFO  proxy.SCMBlockLocationFailoverProxyProvider (SCMBlockLocationFailoverProxyProvider.java:<init>(114)) - Created block location fail-over proxy with 1 nodes: [nodeId=scmNodeId,nodeAddress=/0.0.0.0:43979]
2023-03-15 06:52:59,824 [Listener at 0.0.0.0/36127] INFO  proxy.SCMBlockLocationFailoverProxyProvider (SCMBlockLocationFailoverProxyProvider.java:<init>(114)) - Created block location fail-over proxy with 1 nodes: [nodeId=scmNodeId,nodeAddress=/0.0.0.0:43979]
2023-03-15 06:52:59,829 [Listener at 0.0.0.0/36127] INFO  om.OzoneManager (OzoneManager.java:<init>(620)) - OM start with adminUsers: [runner]
2023-03-15 06:52:59,829 [Listener at 0.0.0.0/36127] WARN  server.ServerUtils (ServerUtils.java:getDBPath(225)) - ozone.om.db.dirs is not configured. We recommend adding this setting. Falling back to ozone.metadata.dirs instead.
2023-03-15 06:52:59,830 [Listener at 0.0.0.0/36127] INFO  codec.OmKeyInfoCodec (OmKeyInfoCodec.java:<init>(49)) - OmKeyInfoCodec ignorePipeline = true
2023-03-15 06:52:59,830 [Listener at 0.0.0.0/36127] INFO  codec.RepeatedOmKeyInfoCodec (RepeatedOmKeyInfoCodec.java:<init>(41)) - RepeatedOmKeyInfoCodec ignorePipeline = true
2023-03-15 06:53:00,054 [Listener at 0.0.0.0/36127] INFO  om.OzoneManager (OzoneManager.java:instantiateServices(750)) - S3 Multi-Tenancy is disabled
2023-03-15 06:53:00,055 [Listener at 0.0.0.0/36127] WARN  server.ServerUtils (ServerUtils.java:getDBPath(225)) - ozone.om.snapshot.diff.db.dir is not configured. We recommend adding this setting. Falling back to ozone.metadata.dirs instead.
2023-03-15 06:53:00,066 [Listener at 0.0.0.0/36127] INFO  om.OzoneManager (OzoneManager.java:addS3GVolumeToDB(4228)) - Created Volume s3v With Owner runner required for S3Gateway operations.
2023-03-15 06:53:00,067 [Listener at 0.0.0.0/36127] WARN  server.ServerUtils (ServerUtils.java:getDefaultRatisDirectory(237)) - Storage directory for Ratis is not configured. It is a good idea to map this to an SSD disk. Falling back to ozone.metadata.dirs
2023-03-15 06:53:00,067 [Listener at 0.0.0.0/36127] WARN  utils.OzoneManagerRatisUtils (OzoneManagerRatisUtils.java:getOMRatisSnapshotDirectory(439)) - ozone.om.ratis.snapshot.dir is not configured. Falling back to ozone.metadata.dirs config
2023-03-15 06:53:00,067 [Listener at 0.0.0.0/36127] INFO  snapshot.OzoneManagerSnapshotProvider (OzoneManagerSnapshotProvider.java:<init>(76)) - Initializing OM Snapshot Provider
2023-03-15 06:53:00,069 [Listener at 0.0.0.0/36127] WARN  server.ServerUtils (ServerUtils.java:getDefaultRatisDirectory(237)) - Storage directory for Ratis is not configured. It is a good idea to map this to an SSD disk. Falling back to ozone.metadata.dirs
2023-03-15 06:53:00,070 [Listener at 0.0.0.0/36127] INFO  ratis.OzoneManagerRatisServer (OzoneManagerRatisServer.java:<init>(164)) - Instantiating OM Ratis server with groupID: om-service-test1 and peers: localhost:37799, localhost:34021, localhost:36297
2023-03-15 06:53:00,070 [Listener at 0.0.0.0/36127] INFO  ratis.OzoneManagerStateMachine (OzoneManagerStateMachine.java:loadSnapshotInfoFromDB(636)) - LastAppliedIndex is set from TransactionInfo from OM DB as (t:0, i:~)
2023-03-15 06:53:00,070 [Listener at 0.0.0.0/36127] INFO  server.RaftServer (ConfUtils.java:logGet(46)) - raft.rpc.type = GRPC (default)
2023-03-15 06:53:00,070 [Listener at 0.0.0.0/36127] INFO  grpc.GrpcConfigKeys (ConfUtils.java:logFallback(53)) - raft.grpc.admin.host = null (fallback to raft.grpc.server.host)
2023-03-15 06:53:00,071 [Listener at 0.0.0.0/36127] INFO  grpc.GrpcConfigKeys (ConfUtils.java:logFallback(53)) - raft.grpc.admin.port = 37799 (fallback to raft.grpc.server.port)
2023-03-15 06:53:00,071 [Listener at 0.0.0.0/36127] INFO  grpc.GrpcConfigKeys (ConfUtils.java:logFallback(53)) - raft.grpc.client.host = null (fallback to raft.grpc.server.host)
2023-03-15 06:53:00,071 [Listener at 0.0.0.0/36127] INFO  grpc.GrpcConfigKeys (ConfUtils.java:logFallback(53)) - raft.grpc.client.port = 37799 (fallback to raft.grpc.server.port)
2023-03-15 06:53:00,071 [Listener at 0.0.0.0/36127] INFO  grpc.GrpcConfigKeys (ConfUtils.java:logGet(46)) - raft.grpc.server.host = null (default)
2023-03-15 06:53:00,071 [Listener at 0.0.0.0/36127] INFO  grpc.GrpcConfigKeys (ConfUtils.java:logGet(46)) - raft.grpc.server.port = 37799 (custom)
2023-03-15 06:53:00,071 [Listener at 0.0.0.0/36127] INFO  server.GrpcService (ConfUtils.java:logGet(46)) - raft.grpc.message.size.max = 33554432 (custom)
2023-03-15 06:53:00,071 [Listener at 0.0.0.0/36127] INFO  server.RaftServerConfigKeys (ConfUtils.java:logGet(46)) - raft.server.log.appender.buffer.byte-limit = 33554432 (custom)
2023-03-15 06:53:00,071 [Listener at 0.0.0.0/36127] INFO  server.GrpcService (ConfUtils.java:logGet(46)) - raft.grpc.flow.control.window = 1MB (=1048576) (default)
2023-03-15 06:53:00,072 [Listener at 0.0.0.0/36127] INFO  server.RaftServerConfigKeys (ConfUtils.java:logGet(46)) - raft.server.rpc.request.timeout = 3000ms (default)
2023-03-15 06:53:00,072 [Listener at 0.0.0.0/36127] INFO  grpc.GrpcConfigKeys (ConfUtils.java:logGet(46)) - raft.grpc.server.heartbeat.channel = true (default)
2023-03-15 06:53:00,072 [Listener at 0.0.0.0/36127] INFO  grpc.GrpcConfigKeys (ConfUtils.java:logGet(46)) - raft.grpc.server.async.request.thread.pool.cached = true (default)
2023-03-15 06:53:00,072 [Listener at 0.0.0.0/36127] INFO  grpc.GrpcConfigKeys (ConfUtils.java:logGet(46)) - raft.grpc.server.async.request.thread.pool.size = 32 (default)
2023-03-15 06:53:00,073 [Listener at 0.0.0.0/36127] INFO  impl.DataStreamServerImpl (ConfUtils.java:logGet(46)) - raft.datastream.type = DISABLED (default)
2023-03-15 06:53:00,073 [Listener at 0.0.0.0/36127] INFO  server.RaftServerConfigKeys (ConfUtils.java:logGet(46)) - raft.server.threadpool.proxy.cached = true (default)
2023-03-15 06:53:00,074 [Listener at 0.0.0.0/36127] INFO  server.RaftServerConfigKeys (ConfUtils.java:logGet(46)) - raft.server.threadpool.proxy.size = 0 (default)
2023-03-15 06:53:00,074 [Listener at 0.0.0.0/36127] INFO  server.RaftServerConfigKeys (ConfUtils.java:logGet(46)) - raft.server.rpc.slowness.timeout = 2s (custom)
2023-03-15 06:53:00,074 [Listener at 0.0.0.0/36127] INFO  server.RaftServerConfigKeys (ConfUtils.java:logGet(46)) - raft.server.leaderelection.leader.step-down.wait-time = 10s (default)
2023-03-15 06:53:00,074 [Listener at 0.0.0.0/36127] INFO  server.RaftServerConfigKeys (ConfUtils.java:logGet(46)) - raft.server.storage.dir = [/home/runner/work/ozone/ozone/hadoop-ozone/integration-test/target/test-dir/MiniOzoneClusterImpl-8d40f1f0-3e23-4273-879b-a609159ae6a4/omNode-1/ratis] (custom)
2023-03-15 06:53:00,075 [Listener at 0.0.0.0/36127] INFO  server.RaftServer (RaftServerProxy.java:addNew(96)) - omNode-1: addNew group-523986131536:[omNode-3|rpc:localhost:34021|priority:0|startupRole:FOLLOWER, omNode-1|rpc:localhost:37799|priority:0|startupRole:FOLLOWER, omNode-2|rpc:localhost:36297|priority:0|startupRole:FOLLOWER] returns group-523986131536:java.util.concurrent.CompletableFuture@20ab11b0[Not completed]
2023-03-15 06:53:00,075 [Listener at 0.0.0.0/36127] INFO  om.OzoneManager (OzoneManager.java:initializeRatisServer(2107)) - OzoneManager Ratis server initialized at port 37799
2023-03-15 06:53:00,075 [Listener at 0.0.0.0/36127] INFO  om.OzoneManager (OzoneManager.java:getRpcServer(1134)) - Creating RPC Server
2023-03-15 06:53:00,076 [pool-755-thread-1] INFO  server.RaftServer$Division (RaftServerImpl.java:<init>(195)) - omNode-1: new RaftServerImpl for group-523986131536:[omNode-3|rpc:localhost:34021|priority:0|startupRole:FOLLOWER, omNode-1|rpc:localhost:37799|priority:0|startupRole:FOLLOWER, omNode-2|rpc:localhost:36297|priority:0|startupRole:FOLLOWER] with OzoneManagerStateMachine:uninitialized
2023-03-15 06:53:00,076 [pool-755-thread-1] INFO  server.RaftServerConfigKeys (ConfUtils.java:logGet(46)) - raft.server.rpc.timeout.min = 1s (custom)
2023-03-15 06:53:00,076 [pool-755-thread-1] INFO  server.RaftServerConfigKeys (ConfUtils.java:logGet(46)) - raft.server.rpc.timeout.max = 1200ms (custom)
2023-03-15 06:53:00,076 [pool-755-thread-1] INFO  server.RaftServerConfigKeys (ConfUtils.java:logGet(46)) - raft.server.rpc.sleep.time = 25ms (default)
2023-03-15 06:53:00,076 [pool-755-thread-1] INFO  server.RaftServerConfigKeys (ConfUtils.java:logGet(46)) - raft.server.rpc.slowness.timeout = 2s (custom)
2023-03-15 06:53:00,076 [pool-755-thread-1] INFO  server.RaftServerConfigKeys (ConfUtils.java:logGet(46)) - raft.server.leaderelection.leader.step-down.wait-time = 10s (default)
2023-03-15 06:53:00,077 [pool-755-thread-1] INFO  server.RaftServerConfigKeys (ConfUtils.java:logGet(46)) - raft.server.sleep.deviation.threshold = 300ms (default)
2023-03-15 06:53:00,077 [pool-755-thread-1] INFO  server.RaftServer$Division (ServerState.java:<init>(118)) - omNode-1@group-523986131536: ConfigurationManager, init=-1: peers:[omNode-3|rpc:localhost:34021|priority:0|startupRole:FOLLOWER, omNode-1|rpc:localhost:37799|priority:0|startupRole:FOLLOWER, omNode-2|rpc:localhost:36297|priority:0|startupRole:FOLLOWER]|listeners:[], old=null, confs=<EMPTY_MAP>
2023-03-15 06:53:00,077 [pool-755-thread-1] INFO  server.RaftServerConfigKeys (ConfUtils.java:logGet(46)) - raft.server.storage.dir = [/home/runner/work/ozone/ozone/hadoop-ozone/integration-test/target/test-dir/MiniOzoneClusterImpl-8d40f1f0-3e23-4273-879b-a609159ae6a4/omNode-1/ratis] (custom)
2023-03-15 06:53:00,077 [pool-755-thread-1] INFO  server.RaftServerConfigKeys (ConfUtils.java:logGet(46)) - raft.server.log.corruption.policy = EXCEPTION (default)
2023-03-15 06:53:00,077 [pool-755-thread-1] INFO  server.RaftServerConfigKeys (ConfUtils.java:logGet(46)) - raft.server.storage.free-space.min = 0MB (=0) (default)
2023-03-15 06:53:00,077 [pool-755-thread-1] INFO  server.RaftServerConfigKeys (ConfUtils.java:logGet(46)) - raft.server.notification.no-leader.timeout = 2s (custom)
2023-03-15 06:53:00,077 [pool-755-thread-1] INFO  server.RaftServerConfigKeys (ConfUtils.java:logGet(46)) - raft.server.retrycache.expirytime = 300s (custom)
2023-03-15 06:53:00,077 [pool-755-thread-1] INFO  server.RaftServerConfigKeys (ConfUtils.java:logGet(46)) - raft.server.retrycache.statistics.expirytime = 100μs (default)
2023-03-15 06:53:00,078 [pool-755-thread-1] INFO  server.RaftServerConfigKeys (ConfUtils.java:logGet(46)) - raft.server.log.appender.install.snapshot.enabled = false (custom)
2023-03-15 06:53:00,078 [pool-755-thread-1] INFO  server.RaftServerConfigKeys (ConfUtils.java:logGet(46)) - raft.server.threadpool.server.cached = true (default)
2023-03-15 06:53:00,078 [pool-755-thread-1] INFO  server.RaftServerConfigKeys (ConfUtils.java:logGet(46)) - raft.server.threadpool.server.size = 0 (default)
2023-03-15 06:53:00,078 [pool-755-thread-1] INFO  server.RaftServerConfigKeys (ConfUtils.java:logGet(46)) - raft.server.threadpool.client.cached = true (default)
2023-03-15 06:53:00,078 [pool-755-thread-1] INFO  server.RaftServerConfigKeys (ConfUtils.java:logGet(46)) - raft.server.threadpool.client.size = 0 (default)
2023-03-15 06:53:00,396 [Finalizer] WARN  managed.ManagedRocksObjectUtils (ManagedRocksObjectUtils.java:assertClosed(54)) - RocksIterator is not closed properly
2023-03-15 06:53:00,397 [Finalizer] WARN  managed.ManagedRocksObjectUtils (ManagedRocksObjectUtils.java:assertClosed(54)) - RocksIterator is not closed properly
2023-03-15 06:53:00,397 [Finalizer] WARN  managed.ManagedRocksObjectUtils (ManagedRocksObjectUtils.java:assertClosed(54)) - RocksIterator is not closed properly
2023-03-15 06:53:00,397 [Finalizer] WARN  managed.ManagedRocksObjectUtils (ManagedRocksObjectUtils.java:assertClosed(54)) - ManagedColumnFamilyOptions is not closed properly
2023-03-15 06:53:00,397 [Finalizer] WARN  managed.ManagedRocksObjectUtils (ManagedRocksObjectUtils.java:assertClosed(54)) - ManagedColumnFamilyOptions is not closed properly
2023-03-15 06:53:00,397 [Finalizer] WARN  managed.ManagedRocksObjectUtils (ManagedRocksObjectUtils.java:assertClosed(54)) - ManagedColumnFamilyOptions is not closed properly
2023-03-15 06:53:00,397 [Finalizer] WARN  managed.ManagedRocksObjectUtils (ManagedRocksObjectUtils.java:assertClosed(54)) - ManagedColumnFamilyOptions is not closed properly
2023-03-15 06:53:00,397 [Finalizer] WARN  managed.ManagedRocksObjectUtils (ManagedRocksObjectUtils.java:assertClosed(54)) - ManagedColumnFamilyOptions is not closed properly
2023-03-15 06:53:00,397 [Finalizer] WARN  managed.ManagedRocksObjectUtils (ManagedRocksObjectUtils.java:assertClosed(54)) - ManagedColumnFamilyOptions is not closed properly
2023-03-15 06:53:00,397 [Finalizer] WARN  managed.ManagedRocksObjectUtils (ManagedRocksObjectUtils.java:assertClosed(54)) - ManagedColumnFamilyOptions is not closed properly
2023-03-15 06:53:00,397 [Finalizer] WARN  managed.ManagedRocksObjectUtils (ManagedRocksObjectUtils.java:assertClosed(54)) - ManagedColumnFamilyOptions is not closed properly
2023-03-15 06:53:00,397 [Finalizer] WARN  managed.ManagedRocksObjectUtils (ManagedRocksObjectUtils.java:assertClosed(54)) - RocksIterator is not closed properly
2023-03-15 06:53:00,397 [Finalizer] WARN  managed.ManagedRocksObjectUtils (ManagedRocksObjectUtils.java:assertClosed(54)) - RocksIterator is not closed properly
2023-03-15 06:53:00,397 [Finalizer] WARN  managed.ManagedRocksObjectUtils (ManagedRocksObjectUtils.java:assertClosed(54)) - RocksIterator is not closed properly
2023-03-15 06:53:00,397 [Finalizer] WARN  managed.ManagedRocksObjectUtils (ManagedRocksObjectUtils.java:assertClosed(54)) - RocksIterator is not closed properly
2023-03-15 06:53:00,397 [Finalizer] WARN  managed.ManagedRocksObjectUtils (ManagedRocksObjectUtils.java:assertClosed(54)) - RocksIterator is not closed properly
2023-03-15 06:53:00,397 [Finalizer] WARN  managed.ManagedRocksObjectUtils (ManagedRocksObjectUtils.java:assertClosed(54)) - RocksIterator is not closed properly
2023-03-15 06:53:00,397 [Finalizer] WARN  managed.ManagedRocksObjectUtils (ManagedRocksObjectUtils.java:assertClosed(54)) - RocksIterator is not closed properly
2023-03-15 06:53:00,397 [Finalizer] WARN  managed.ManagedRocksObjectUtils (ManagedRocksObjectUtils.java:assertClosed(54)) - RocksIterator is not closed properly
2023-03-15 06:53:00,397 [Finalizer] WARN  managed.ManagedRocksObjectUtils (ManagedRocksObjectUtils.java:assertClosed(54)) - RocksIterator is not closed properly
2023-03-15 06:53:00,397 [Finalizer] WARN  managed.ManagedRocksObjectUtils (ManagedRocksObjectUtils.java:assertClosed(54)) - ManagedColumnFamilyOptions is not closed properly
2023-03-15 06:53:00,397 [Finalizer] WARN  managed.ManagedRocksObjectUtils (ManagedRocksObjectUtils.java:assertClosed(54)) - ManagedColumnFamilyOptions is not closed properly
2023-03-15 06:53:00,397 [Finalizer] WARN  managed.ManagedRocksObjectUtils (ManagedRocksObjectUtils.java:assertClosed(54)) - ManagedColumnFamilyOptions is not closed properly
2023-03-15 06:53:00,397 [Finalizer] WARN  managed.ManagedRocksObjectUtils (ManagedRocksObjectUtils.java:assertClosed(54)) - ManagedColumnFamilyOptions is not closed properly
2023-03-15 06:53:00,397 [Finalizer] WARN  managed.ManagedRocksObjectUtils (ManagedRocksObjectUtils.java:assertClosed(54)) - ManagedColumnFamilyOptions is not closed properly
2023-03-15 06:53:00,397 [Finalizer] WARN  managed.ManagedRocksObjectUtils (ManagedRocksObjectUtils.java:assertClosed(54)) - ManagedColumnFamilyOptions is not closed properly
2023-03-15 06:53:00,397 [Finalizer] WARN  managed.ManagedRocksObjectUtils (ManagedRocksObjectUtils.java:assertClosed(54)) - ManagedColumnFamilyOptions is not closed properly
2023-03-15 06:53:00,398 [Finalizer] WARN  managed.ManagedRocksObjectUtils (ManagedRocksObjectUtils.java:assertClosed(54)) - ManagedColumnFamilyOptions is not closed properly
2023-03-15 06:53:00,398 [Finalizer] WARN  managed.ManagedRocksObjectUtils (ManagedRocksObjectUtils.java:assertClosed(54)) - RocksIterator is not closed properly
2023-03-15 06:53:00,398 [Finalizer] WARN  managed.ManagedRocksObjectUtils (ManagedRocksObjectUtils.java:assertClosed(54)) - RocksIterator is not closed properly
2023-03-15 06:53:00,398 [Finalizer] WARN  managed.ManagedRocksObjectUtils (ManagedRocksObjectUtils.java:assertClosed(54)) - RocksIterator is not closed properly
2023-03-15 06:53:00,398 [Finalizer] WARN  managed.ManagedRocksObjectUtils (ManagedRocksObjectUtils.java:assertClosed(54)) - RocksIterator is not closed properly
2023-03-15 06:53:00,398 [Finalizer] WARN  managed.ManagedRocksObjectUtils (ManagedRocksObjectUtils.java:assertClosed(54)) - RocksIterator is not closed properly
2023-03-15 06:53:00,398 [Finalizer] WARN  managed.ManagedRocksObjectUtils (ManagedRocksObjectUtils.java:assertClosed(54)) - RocksIterator is not closed properly
2023-03-15 06:53:00,398 [Finalizer] WARN  managed.ManagedRocksObjectUtils (ManagedRocksObjectUtils.java:assertClosed(54)) - RocksIterator is not closed properly
2023-03-15 06:53:00,398 [Finalizer] WARN  managed.ManagedRocksObjectUtils (ManagedRocksObjectUtils.java:assertClosed(54)) - RocksIterator is not closed properly
2023-03-15 06:53:00,398 [Finalizer] WARN  managed.ManagedRocksObjectUtils (ManagedRocksObjectUtils.java:assertClosed(54)) - RocksIterator is not closed properly
2023-03-15 06:53:00,398 [Finalizer] WARN  managed.ManagedRocksObjectUtils (ManagedRocksObjectUtils.java:assertClosed(54)) - ManagedColumnFamilyOptions is not closed properly
2023-03-15 06:53:00,398 [Finalizer] WARN  managed.ManagedRocksObjectUtils (ManagedRocksObjectUtils.java:assertClosed(54)) - ManagedColumnFamilyOptions is not closed properly
2023-03-15 06:53:00,398 [Finalizer] WARN  managed.ManagedRocksObjectUtils (ManagedRocksObjectUtils.java:assertClosed(54)) - ManagedColumnFamilyOptions is not closed properly
2023-03-15 06:53:00,398 [Finalizer] WARN  managed.ManagedRocksObjectUtils (ManagedRocksObjectUtils.java:assertClosed(54)) - ManagedColumnFamilyOptions is not closed properly
2023-03-15 06:53:00,398 [Finalizer] WARN  managed.ManagedRocksObjectUtils (ManagedRocksObjectUtils.java:assertClosed(54)) - ManagedColumnFamilyOptions is not closed properly
2023-03-15 06:53:00,398 [Finalizer] WARN  managed.ManagedRocksObjectUtils (ManagedRocksObjectUtils.java:assertClosed(54)) - ManagedColumnFamilyOptions is not closed properly
2023-03-15 06:53:00,398 [Finalizer] WARN  managed.ManagedRocksObjectUtils (ManagedRocksObjectUtils.java:assertClosed(54)) - ManagedColumnFamilyOptions is not closed properly
2023-03-15 06:53:00,398 [Finalizer] WARN  managed.ManagedRocksObjectUtils (ManagedRocksObjectUtils.java:assertClosed(54)) - ManagedColumnFamilyOptions is not closed properly
2023-03-15 06:53:00,398 [Finalizer] WARN  managed.ManagedRocksObjectUtils (ManagedRocksObjectUtils.java:assertClosed(54)) - RocksIterator is not closed properly
2023-03-15 06:53:00,398 [Finalizer] WARN  managed.ManagedRocksObjectUtils (ManagedRocksObjectUtils.java:assertClosed(54)) - RocksIterator is not closed properly
2023-03-15 06:53:00,398 [Finalizer] WARN  managed.ManagedRocksObjectUtils (ManagedRocksObjectUtils.java:assertClosed(54)) - RocksIterator is not closed properly
2023-03-15 06:53:00,398 [Finalizer] WARN  managed.ManagedRocksObjectUtils (ManagedRocksObjectUtils.java:assertClosed(54)) - RocksIterator is not closed properly
2023-03-15 06:53:00,398 [Finalizer] WARN  managed.ManagedRocksObjectUtils (ManagedRocksObjectUtils.java:assertClosed(54)) - RocksIterator is not closed properly
2023-03-15 06:53:00,398 [Finalizer] WARN  managed.ManagedRocksObjectUtils (ManagedRocksObjectUtils.java:assertClosed(54)) - RocksIterator is not closed properly
2023-03-15 06:53:00,398 [Finalizer] WARN  managed.ManagedRocksObjectUtils (ManagedRocksObjectUtils.java:assertClosed(54)) - RocksIterator is not closed properly
2023-03-15 06:53:00,398 [Finalizer] WARN  managed.ManagedRocksObjectUtils (ManagedRocksObjectUtils.java:assertClosed(54)) - RocksIterator is not closed properly
2023-03-15 06:53:00,398 [Finalizer] WARN  managed.ManagedRocksObjectUtils (ManagedRocksObjectUtils.java:assertClosed(54)) - RocksIterator is not closed properly
2023-03-15 06:53:00,398 [Finalizer] WARN  managed.ManagedRocksObjectUtils (ManagedRocksObjectUtils.java:assertClosed(54)) - ManagedColumnFamilyOptions is not closed properly
2023-03-15 06:53:00,398 [Finalizer] WARN  managed.ManagedRocksObjectUtils (ManagedRocksObjectUtils.java:assertClosed(54)) - ManagedColumnFamilyOptions is not closed properly
2023-03-15 06:53:00,398 [Finalizer] WARN  managed.ManagedRocksObjectUtils (ManagedRocksObjectUtils.java:assertClosed(54)) - ManagedColumnFamilyOptions is not closed properly
2023-03-15 06:53:00,398 [Finalizer] WARN  managed.ManagedRocksObjectUtils (ManagedRocksObjectUtils.java:assertClosed(54)) - ManagedColumnFamilyOptions is not closed properly
2023-03-15 06:53:00,398 [Finalizer] WARN  managed.ManagedRocksObjectUtils (ManagedRocksObjectUtils.java:assertClosed(54)) - ManagedColumnFamilyOptions is not closed properly
2023-03-15 06:53:00,398 [Finalizer] WARN  managed.ManagedRocksObjectUtils (ManagedRocksObjectUtils.java:assertClosed(54)) - ManagedColumnFamilyOptions is not closed properly
2023-03-15 06:53:00,399 [Finalizer] WARN  managed.ManagedRocksObjectUtils (ManagedRocksObjectUtils.java:assertClosed(54)) - ManagedColumnFamilyOptions is not closed properly
2023-03-15 06:53:00,399 [Finalizer] WARN  managed.ManagedRocksObjectUtils (ManagedRocksObjectUtils.java:assertClosed(54)) - ManagedColumnFamilyOptions is not closed properly
2023-03-15 06:53:00,399 [Finalizer] WARN  managed.ManagedRocksObjectUtils (ManagedRocksObjectUtils.java:assertClosed(54)) - RocksIterator is not closed properly
2023-03-15 06:53:00,399 [Finalizer] WARN  managed.ManagedRocksObjectUtils (ManagedRocksObjectUtils.java:assertClosed(54)) - RocksIterator is not closed properly
2023-03-15 06:53:00,399 [Finalizer] WARN  managed.ManagedRocksObjectUtils (ManagedRocksObjectUtils.java:assertClosed(54)) - RocksIterator is not closed properly
2023-03-15 06:53:00,399 [Finalizer] WARN  managed.ManagedRocksObjectUtils (ManagedRocksObjectUtils.java:assertClosed(54)) - RocksIterator is not closed properly
2023-03-15 06:53:00,399 [Finalizer] WARN  managed.ManagedRocksObjectUtils (ManagedRocksObjectUtils.java:assertClosed(54)) - RocksIterator is not closed properly
2023-03-15 06:53:00,399 [Finalizer] WARN  managed.ManagedRocksObjectUtils (ManagedRocksObjectUtils.java:assertClosed(54)) - RocksIterator is not closed properly
2023-03-15 06:53:00,399 [Finalizer] WARN  managed.ManagedRocksObjectUtils (ManagedRocksObjectUtils.java:assertClosed(54)) - RocksIterator is not closed properly
2023-03-15 06:53:00,399 [Finalizer] WARN  managed.ManagedRocksObjectUtils (ManagedRocksObjectUtils.java:assertClosed(54)) - RocksIterator is not closed properly
2023-03-15 06:53:00,399 [Finalizer] WARN  managed.ManagedRocksObjectUtils (ManagedRocksObjectUtils.java:assertClosed(54)) - RocksIterator is not closed properly
2023-03-15 06:53:00,399 [Finalizer] WARN  managed.ManagedRocksObjectUtils (ManagedRocksObjectUtils.java:assertClosed(54)) - RocksIterator is not closed properly
2023-03-15 06:53:00,399 [Finalizer] WARN  managed.ManagedRocksObjectUtils (ManagedRocksObjectUtils.java:assertClosed(54)) - RocksIterator is not closed properly
2023-03-15 06:53:00,399 [Finalizer] WARN  managed.ManagedRocksObjectUtils (ManagedRocksObjectUtils.java:assertClosed(54)) - RocksIterator is not closed properly
2023-03-15 06:53:00,399 [Finalizer] WARN  managed.ManagedRocksObjectUtils (ManagedRocksObjectUtils.java:assertClosed(54)) - RocksIterator is not closed properly
2023-03-15 06:53:00,399 [Finalizer] WARN  managed.ManagedRocksObjectUtils (ManagedRocksObjectUtils.java:assertClosed(54)) - RocksIterator is not closed properly
2023-03-15 06:53:00,399 [Finalizer] WARN  managed.ManagedRocksObjectUtils (ManagedRocksObjectUtils.java:assertClosed(54)) - RocksIterator is not closed properly
2023-03-15 06:53:00,399 [Finalizer] WARN  managed.ManagedRocksObjectUtils (ManagedRocksObjectUtils.java:assertClosed(54)) - RocksIterator is not closed properly
2023-03-15 06:53:00,399 [Finalizer] WARN  managed.ManagedRocksObjectUtils (ManagedRocksObjectUtils.java:assertClosed(54)) - RocksIterator is not closed properly
2023-03-15 06:53:00,399 [Finalizer] WARN  managed.ManagedRocksObjectUtils (ManagedRocksObjectUtils.java:assertClosed(54)) - RocksIterator is not closed properly
2023-03-15 06:53:00,399 [Finalizer] WARN  managed.ManagedRocksObjectUtils (ManagedRocksObjectUtils.java:assertClosed(54)) - RocksIterator is not closed properly
2023-03-15 06:53:00,399 [Finalizer] WARN  managed.ManagedRocksObjectUtils (ManagedRocksObjectUtils.java:assertClosed(54)) - RocksIterator is not closed properly
2023-03-15 06:53:00,399 [Finalizer] WARN  managed.ManagedRocksObjectUtils (ManagedRocksObjectUtils.java:assertClosed(54)) - RocksIterator is not closed properly
2023-03-15 06:53:00,399 [Finalizer] WARN  managed.ManagedRocksObjectUtils (ManagedRocksObjectUtils.java:assertClosed(54)) - RocksIterator is not closed properly
2023-03-15 06:53:00,399 [Finalizer] WARN  managed.ManagedRocksObjectUtils (ManagedRocksObjectUtils.java:assertClosed(54)) - RocksIterator is not closed properly
2023-03-15 06:53:00,399 [Finalizer] WARN  managed.ManagedRocksObjectUtils (ManagedRocksObjectUtils.java:assertClosed(54)) - RocksIterator is not closed properly
2023-03-15 06:53:00,400 [Finalizer] WARN  managed.ManagedRocksObjectUtils (ManagedRocksObjectUtils.java:assertClosed(54)) - RocksIterator is not closed properly
2023-03-15 06:53:00,623 [Listener at 0.0.0.0/36127] INFO  reflections.Reflections (Reflections.java:scan(232)) - Reflections took 547 ms to scan 19 urls, producing 68 keys and 4936 values [using 2 cores]
2023-03-15 06:53:00,625 [Listener at 0.0.0.0/36127] INFO  ipc.CallQueueManager (CallQueueManager.java:<init>(90)) - Using callQueue: class java.util.concurrent.LinkedBlockingQueue, queueCapacity: 2000, scheduler: class org.apache.hadoop.ipc.DefaultRpcScheduler, ipcBackoff: false.
2023-03-15 06:53:00,626 [Socket Reader #1 for port 34801] INFO  ipc.Server (Server.java:run(1273)) - Starting Socket Reader #1 for port 34801
2023-03-15 06:53:00,645 [Listener at 127.0.0.1/34801] INFO  impl.MetricsSystemImpl (MetricsSystemImpl.java:init(158)) - OzoneManager metrics system started (again)
2023-03-15 06:53:00,656 [Listener at 127.0.0.1/34801] INFO  om.OzoneManager (OzoneManager.java:start(1564)) - OzoneManager RPC server is listening at localhost/127.0.0.1:34801
2023-03-15 06:53:00,657 [Listener at 127.0.0.1/34801] INFO  ratis.OzoneManagerRatisServer (OzoneManagerRatisServer.java:start(559)) - Starting OzoneManagerRatisServer omNode-1 at port 37799
2023-03-15 06:53:00,657 [omNode-1-impl-thread1] INFO  storage.RaftStorageDirectory (RaftStorageDirectoryImpl.java:analyzeStorage(137)) - The storage directory /home/runner/work/ozone/ozone/hadoop-ozone/integration-test/target/test-dir/MiniOzoneClusterImpl-8d40f1f0-3e23-4273-879b-a609159ae6a4/omNode-1/ratis/c9bc4cf4-3bc3-3c60-a66b-523986131536 does not exist. Creating ...
2023-03-15 06:53:00,659 [omNode-1-impl-thread1] INFO  storage.RaftStorageDirectory (RaftStorageDirectoryImpl.java:tryLock(231)) - Lock on /home/runner/work/ozone/ozone/hadoop-ozone/integration-test/target/test-dir/MiniOzoneClusterImpl-8d40f1f0-3e23-4273-879b-a609159ae6a4/omNode-1/ratis/c9bc4cf4-3bc3-3c60-a66b-523986131536/in_use.lock acquired by nodename 3629@fv-az210-452
2023-03-15 06:53:00,661 [omNode-1-impl-thread1] INFO  storage.RaftStorage (RaftStorageImpl.java:format(96)) - Storage directory /home/runner/work/ozone/ozone/hadoop-ozone/integration-test/target/test-dir/MiniOzoneClusterImpl-8d40f1f0-3e23-4273-879b-a609159ae6a4/omNode-1/ratis/c9bc4cf4-3bc3-3c60-a66b-523986131536 has been successfully formatted.
2023-03-15 06:53:00,661 [omNode-1-impl-thread1] INFO  server.RaftServerConfigKeys (ConfUtils.java:logGet(46)) - raft.server.log.use.memory = false (default)
2023-03-15 06:53:00,661 [omNode-1-impl-thread1] INFO  server.RaftServerConfigKeys (ConfUtils.java:logGet(46)) - raft.server.log.purge.gap = 1000000 (custom)
2023-03-15 06:53:00,661 [omNode-1-impl-thread1] INFO  server.RaftServerConfigKeys (ConfUtils.java:logGet(46)) - raft.server.log.appender.buffer.byte-limit = 33554432 (custom)
2023-03-15 06:53:00,661 [omNode-1-impl-thread1] INFO  server.RaftServerConfigKeys (ConfUtils.java:logGet(46)) - raft.server.log.statemachine.data.read.timeout = 1000ms (default)
2023-03-15 06:53:00,661 [omNode-1-impl-thread1] INFO  server.RaftServerConfigKeys (ConfUtils.java:logGet(46)) - raft.server.log.purge.preservation.log.num = 0 (default)
2023-03-15 06:53:00,661 [omNode-1-impl-thread1] INFO  server.RaftServerConfigKeys (ConfUtils.java:logGet(46)) - raft.server.log.segment.size.max = 4194304 (custom)
2023-03-15 06:53:00,662 [omNode-1-impl-thread1] INFO  server.RaftServerConfigKeys (ConfUtils.java:logGet(46)) - raft.server.log.segment.cache.num.max = 2 (custom)
2023-03-15 06:53:00,662 [omNode-1-impl-thread1] INFO  server.RaftServerConfigKeys (ConfUtils.java:logGet(46)) - raft.server.log.segment.cache.size.max = 200MB (=209715200) (default)
2023-03-15 06:53:00,662 [omNode-1-impl-thread1] INFO  segmented.SegmentedRaftLogWorker (SegmentedRaftLogWorker.java:<init>(189)) - new omNode-1@group-523986131536-SegmentedRaftLogWorker for RaftStorageImpl:Storage Directory /home/runner/work/ozone/ozone/hadoop-ozone/integration-test/target/test-dir/MiniOzoneClusterImpl-8d40f1f0-3e23-4273-879b-a609159ae6a4/omNode-1/ratis/c9bc4cf4-3bc3-3c60-a66b-523986131536
2023-03-15 06:53:00,662 [omNode-1-impl-thread1] INFO  server.RaftServerConfigKeys (ConfUtils.java:logGet(46)) - raft.server.log.queue.byte-limit = 64MB (=67108864) (default)
2023-03-15 06:53:00,662 [omNode-1-impl-thread1] INFO  server.RaftServerConfigKeys (ConfUtils.java:logGet(46)) - raft.server.log.queue.element-limit = 4096 (default)
2023-03-15 06:53:00,662 [omNode-1-impl-thread1] INFO  server.RaftServerConfigKeys (ConfUtils.java:logGet(46)) - raft.server.log.segment.size.max = 4194304 (custom)
2023-03-15 06:53:00,662 [omNode-1-impl-thread1] INFO  server.RaftServerConfigKeys (ConfUtils.java:logGet(46)) - raft.server.log.preallocated.size = 4194304 (custom)
2023-03-15 06:53:00,662 [omNode-1-impl-thread1] INFO  server.RaftServerConfigKeys (ConfUtils.java:logGet(46)) - raft.server.log.force.sync.num = 128 (default)
2023-03-15 06:53:00,662 [omNode-1-impl-thread1] INFO  server.RaftServerConfigKeys (ConfUtils.java:logGet(46)) - raft.server.log.statemachine.data.sync = true (default)
2023-03-15 06:53:00,662 [omNode-1-impl-thread1] INFO  server.RaftServerConfigKeys (ConfUtils.java:logGet(46)) - raft.server.log.statemachine.data.sync.timeout = 10s (default)
2023-03-15 06:53:00,662 [omNode-1-impl-thread1] INFO  server.RaftServerConfigKeys (ConfUtils.java:logGet(46)) - raft.server.log.statemachine.data.sync.timeout.retry = -1 (default)
2023-03-15 06:53:00,663 [omNode-1-impl-thread1] INFO  server.RaftServerConfigKeys (ConfUtils.java:logGet(46)) - raft.server.log.write.buffer.size = 64KB (=65536) (default)
2023-03-15 06:53:00,663 [omNode-1-impl-thread1] INFO  server.RaftServerConfigKeys (ConfUtils.java:logGet(46)) - raft.server.log.appender.buffer.byte-limit = 33554432 (custom)
2023-03-15 06:53:00,669 [omNode-1-impl-thread1] INFO  server.RaftServerConfigKeys (ConfUtils.java:logGet(46)) - raft.server.log.unsafe-flush.enabled = false (default)
2023-03-15 06:53:00,669 [omNode-1-impl-thread1] INFO  server.RaftServerConfigKeys (ConfUtils.java:logGet(46)) - raft.server.log.async-flush.enabled = false (default)
2023-03-15 06:53:00,669 [omNode-1-impl-thread1] INFO  server.RaftServerConfigKeys (ConfUtils.java:logGet(46)) - raft.server.log.statemachine.data.caching.enabled = false (default)
2023-03-15 06:53:00,669 [omNode-1-impl-thread1] INFO  segmented.SegmentedRaftLogWorker (SegmentedRaftLogWorker.java:lambda$new$0(135)) - omNode-1@group-523986131536-SegmentedRaftLogWorker: flushIndex: setUnconditionally 0 -> -1
2023-03-15 06:53:00,670 [omNode-1-impl-thread1] INFO  segmented.SegmentedRaftLogWorker (SegmentedRaftLogWorker.java:lambda$new$0(135)) - omNode-1@group-523986131536-SegmentedRaftLogWorker: safeCacheEvictIndex: setUnconditionally 0 -> -1
2023-03-15 06:53:00,670 [omNode-1-impl-thread1] INFO  server.RaftServer$Division (RaftServerImpl.java:start(334)) - omNode-1@group-523986131536: start as a follower, conf=-1: peers:[omNode-3|rpc:localhost:34021|priority:0|startupRole:FOLLOWER, omNode-1|rpc:localhost:37799|priority:0|startupRole:FOLLOWER, omNode-2|rpc:localhost:36297|priority:0|startupRole:FOLLOWER]|listeners:[], old=null
2023-03-15 06:53:00,670 [omNode-1-impl-thread1] INFO  server.RaftServer$Division (RaftServerImpl.java:setRole(321)) - omNode-1@group-523986131536: changes role from      null to FOLLOWER at term 0 for startAsFollower
2023-03-15 06:53:00,670 [omNode-1-impl-thread1] INFO  impl.RoleInfo (RoleInfo.java:updateAndGet(139)) - omNode-1: start omNode-1@group-523986131536-FollowerState
2023-03-15 06:53:00,670 [omNode-1-impl-thread1] INFO  util.JmxRegister (JmxRegister.java:tryRegister(44)) - Successfully registered JMX Bean with object name Ratis:service=RaftServer,group=group-523986131536,id=omNode-1
2023-03-15 06:53:00,670 [omNode-1-impl-thread1] INFO  server.RaftServerConfigKeys (ConfUtils.java:logGet(46)) - raft.server.snapshot.auto.trigger.enabled = true (custom)
2023-03-15 06:53:00,671 [omNode-1-impl-thread1] INFO  server.RaftServerConfigKeys (ConfUtils.java:logGet(46)) - raft.server.snapshot.auto.trigger.threshold = 400000 (default)
2023-03-15 06:53:00,671 [omNode-1-impl-thread1] INFO  server.RaftServerConfigKeys (ConfUtils.java:logGet(46)) - raft.server.snapshot.retention.file.num = -1 (default)
2023-03-15 06:53:00,671 [omNode-1-impl-thread1] INFO  server.RaftServerConfigKeys (ConfUtils.java:logGet(46)) - raft.server.log.purge.upto.snapshot.index = true (custom)
2023-03-15 06:53:00,671 [omNode-1@group-523986131536-FollowerState] INFO  server.RaftServerConfigKeys (ConfUtils.java:logFallback(53)) - raft.server.rpc.first-election.timeout.min = 1s (fallback to raft.server.rpc.timeout.min)
2023-03-15 06:53:00,671 [omNode-1@group-523986131536-FollowerState] INFO  server.RaftServerConfigKeys (ConfUtils.java:logFallback(53)) - raft.server.rpc.first-election.timeout.max = 1200ms (fallback to raft.server.rpc.timeout.max)
2023-03-15 06:53:00,671 [Listener at 127.0.0.1/34801] INFO  server.RaftServer (RaftServerProxy.java:startImpl(393)) - omNode-1: start RPC server
2023-03-15 06:53:00,675 [Listener at 127.0.0.1/34801] INFO  server.GrpcService (GrpcService.java:startImpl(262)) - omNode-1: GrpcService started, listening on 37799
2023-03-15 06:53:00,676 [Listener at 127.0.0.1/34801] INFO  om.OzoneManager (OzoneManager.java:start(1580)) - Version File has different layout version (3) than OM DB (null). That is expected if this OM has never been finalized to a newer layout version.
2023-03-15 06:53:00,676 [JvmPauseMonitor6] INFO  util.JvmPauseMonitor (JvmPauseMonitor.java:run(105)) - JvmPauseMonitor-omNode-1: Started
2023-03-15 06:53:00,679 [Listener at 127.0.0.1/34801] INFO  http.BaseHttpServer (BaseHttpServer.java:newHttpServer2BuilderForOzone(224)) - Starting Web-server for ozoneManager at: http://0.0.0.0:34047
2023-03-15 06:53:00,679 [Listener at 127.0.0.1/34801] INFO  http.BaseHttpServer (BaseHttpServer.java:<init>(111)) - Hadoop Security Enabled: false Ozone Security Enabled: false Ozone HTTP Security Enabled: false 
2023-03-15 06:53:00,680 [Listener at 127.0.0.1/34801] WARN  server.AuthenticationFilter (AuthenticationFilter.java:constructSecretProvider(240)) - Unable to initialize FileSignerSecretProvider, falling back to use random secrets. Reason: Could not read signature secret file: /home/runner/hadoop-http-auth-signature-secret
2023-03-15 06:53:00,683 [Listener at 127.0.0.1/34801] WARN  http.HttpRequestLog (HttpRequestLog.java:getRequestLog(103)) - Jetty request log can only be enabled using Log4j
2023-03-15 06:53:00,684 [Listener at 127.0.0.1/34801] INFO  http.HttpServer2 (HttpServer2.java:addGlobalFilter(1031)) - Added global filter 'safety' (class=org.apache.hadoop.hdds.server.http.HttpServer2$QuotingInputFilter)
2023-03-15 06:53:00,685 [Listener at 127.0.0.1/34801] INFO  http.HttpServer2 (HttpServer2.java:addFilter(1007)) - Added filter static_user_filter (class=org.apache.hadoop.http.lib.StaticUserWebFilter$StaticUserFilter) to context ozoneManager
2023-03-15 06:53:00,685 [Listener at 127.0.0.1/34801] INFO  http.HttpServer2 (HttpServer2.java:addFilter(1015)) - Added filter static_user_filter (class=org.apache.hadoop.http.lib.StaticUserWebFilter$StaticUserFilter) to context static
2023-03-15 06:53:00,685 [Listener at 127.0.0.1/34801] INFO  http.HttpServer2 (HttpServer2.java:addFilter(1015)) - Added filter static_user_filter (class=org.apache.hadoop.http.lib.StaticUserWebFilter$StaticUserFilter) to context logs
2023-03-15 06:53:00,686 [Listener at 127.0.0.1/34801] INFO  http.BaseHttpServer (BaseHttpServer.java:<init>(190)) - HTTP server of ozoneManager uses base directory /home/runner/work/ozone/ozone/hadoop-ozone/integration-test/target/test-dir/MiniOzoneClusterImpl-8d40f1f0-3e23-4273-879b-a609159ae6a4/omNode-1/webserver
2023-03-15 06:53:00,688 [Listener at 127.0.0.1/34801] INFO  http.HttpServer2 (HttpServer2.java:bindListener(1250)) - Jetty bound to port 34047
2023-03-15 06:53:00,688 [Listener at 127.0.0.1/34801] INFO  server.Server (Server.java:doStart(375)) - jetty-9.4.49.v20220914; built: 2022-09-14T01:07:36.601Z; git: 4231a3b2e4cb8548a412a789936d640a97b1aa0a; jvm 1.8.0_362-b09
2023-03-15 06:53:00,690 [Listener at 127.0.0.1/34801] INFO  server.session (DefaultSessionIdManager.java:doStart(334)) - DefaultSessionIdManager workerName=node0
2023-03-15 06:53:00,691 [Listener at 127.0.0.1/34801] INFO  server.session (DefaultSessionIdManager.java:doStart(339)) - No SessionScavenger set, using defaults
2023-03-15 06:53:00,691 [Listener at 127.0.0.1/34801] INFO  server.session (HouseKeeper.java:startScavenging(132)) - node0 Scavenging every 600000ms
2023-03-15 06:53:00,692 [Listener at 127.0.0.1/34801] INFO  handler.ContextHandler (ContextHandler.java:doStart(921)) - Started o.e.j.s.ServletContextHandler@598f99f4{logs,/logs,file:///home/runner/work/ozone/ozone/hadoop-ozone/integration-test/target/log,AVAILABLE}
2023-03-15 06:53:00,692 [Listener at 127.0.0.1/34801] INFO  handler.ContextHandler (ContextHandler.java:doStart(921)) - Started o.e.j.s.ServletContextHandler@2c831c44{static,/static,file:///home/runner/work/ozone/ozone/hadoop-ozone/integration-test/target/test-classes/webapps/static,AVAILABLE}
2023-03-15 06:53:00,698 [Listener at 127.0.0.1/34801] INFO  handler.ContextHandler (ContextHandler.java:doStart(921)) - Started o.e.j.w.WebAppContext@451ec36d{ozoneManager,/,file:///home/runner/work/ozone/ozone/hadoop-ozone/integration-test/target/test-classes/webapps/ozoneManager/,AVAILABLE}{file:/home/runner/work/ozone/ozone/hadoop-ozone/integration-test/target/test-classes/webapps/ozoneManager}
2023-03-15 06:53:00,700 [Listener at 127.0.0.1/34801] INFO  server.AbstractConnector (AbstractConnector.java:doStart(333)) - Started ServerConnector@688cb7be{HTTP/1.1, (http/1.1)}{0.0.0.0:34047}
2023-03-15 06:53:00,701 [Listener at 127.0.0.1/34801] INFO  server.Server (Server.java:doStart(415)) - Started @70191ms
2023-03-15 06:53:00,701 [Listener at 127.0.0.1/34801] WARN  impl.MetricsSystemImpl (MetricsSystemImpl.java:register(279)) - Sink prometheus already exists!
2023-03-15 06:53:00,701 [Listener at 127.0.0.1/34801] INFO  http.BaseHttpServer (BaseHttpServer.java:updateConnectorAddress(344)) - HTTP server of ozoneManager listening at http://0.0.0.0:34047
2023-03-15 06:53:00,702 [IPC Server Responder] INFO  ipc.Server (Server.java:run(1512)) - IPC Server Responder: starting
2023-03-15 06:53:00,702 [IPC Server listener on 34801] INFO  ipc.Server (Server.java:run(1352)) - IPC Server listener on 34801: starting
2023-03-15 06:53:00,709 [Listener at 127.0.0.1/34801] INFO  om.OzoneManager (OzoneManager.java:startTrashEmptier(2051)) - Trash Interval set to 0. Files deleted won't move to trash
2023-03-15 06:53:00,709 [Listener at 127.0.0.1/34801] INFO  ozone.MiniOzoneHAClusterImpl (MiniOzoneHAClusterImpl.java:createOMService(527)) - Started OzoneManager omNode-1 RPC server at localhost/127.0.0.1:34801
2023-03-15 06:53:00,709 [Listener at 127.0.0.1/34801] INFO  ha.OMHANodeDetails (OMHANodeDetails.java:loadOMHAConfig(121)) - ServiceID for OzoneManager is om-service-test1
2023-03-15 06:53:00,710 [Listener at 127.0.0.1/34801] INFO  ha.OMHANodeDetails (OMHANodeDetails.java:loadOMHAConfig(201)) - Found matching OM address with OMServiceId: om-service-test1, OMNodeId: omNode-2, RPC Address: localhost:38869 and Ratis port: 36297
2023-03-15 06:53:00,710 [Listener at 127.0.0.1/34801] INFO  ha.OMHANodeDetails (ConfUtils.java:setNodeSpecificConfigs(97)) - Setting configuration key ozone.om.http-address with value of key ozone.om.http-address.om-service-test1.omNode-2: 127.0.0.1:43035
2023-03-15 06:53:00,711 [Listener at 127.0.0.1/34801] INFO  ha.OMHANodeDetails (ConfUtils.java:setNodeSpecificConfigs(97)) - Setting configuration key ozone.om.https-address with value of key ozone.om.https-address.om-service-test1.omNode-2: 127.0.0.1:42209
2023-03-15 06:53:00,711 [Listener at 127.0.0.1/34801] INFO  ha.OMHANodeDetails (ConfUtils.java:setNodeSpecificConfigs(97)) - Setting configuration key ozone.om.address with value of key ozone.om.address.om-service-test1.omNode-2: 127.0.0.1:38869
2023-03-15 06:53:00,711 [Listener at 127.0.0.1/34801] WARN  server.ServerUtils (ServerUtils.java:getDBPath(225)) - ozone.om.db.dirs is not configured. We recommend adding this setting. Falling back to ozone.metadata.dirs instead.
2023-03-15 06:53:00,712 [Listener at 127.0.0.1/34801] INFO  proxy.SCMBlockLocationFailoverProxyProvider (SCMBlockLocationFailoverProxyProvider.java:<init>(114)) - Created block location fail-over proxy with 1 nodes: [nodeId=scmNodeId,nodeAddress=/0.0.0.0:43979]
2023-03-15 06:53:00,713 [org.apache.hadoop.util.JvmPauseMonitor$Monitor@5c431a04] INFO  util.JvmPauseMonitor (JvmPauseMonitor.java:run(188)) - Starting JVM pause monitor
OM initialization succeeded.Current cluster id for sd=/home/runner/work/ozone/ozone/hadoop-ozone/integration-test/target/test-dir/MiniOzoneClusterImpl-8d40f1f0-3e23-4273-879b-a609159ae6a4/omNode-2/om;cid=8d40f1f0-3e23-4273-879b-a609159ae6a4;layoutVersion=3
2023-03-15 06:53:00,726 [Listener at 127.0.0.1/34801] INFO  ha.OMHANodeDetails (OMHANodeDetails.java:loadOMHAConfig(121)) - ServiceID for OzoneManager is om-service-test1
2023-03-15 06:53:00,727 [Listener at 127.0.0.1/34801] INFO  ha.OMHANodeDetails (OMHANodeDetails.java:loadOMHAConfig(201)) - Found matching OM address with OMServiceId: om-service-test1, OMNodeId: omNode-2, RPC Address: localhost:38869 and Ratis port: 36297
2023-03-15 06:53:00,727 [Listener at 127.0.0.1/34801] INFO  ha.OMHANodeDetails (ConfUtils.java:setNodeSpecificConfigs(97)) - Setting configuration key ozone.om.http-address with value of key ozone.om.http-address.om-service-test1.omNode-2: 127.0.0.1:43035
2023-03-15 06:53:00,727 [Listener at 127.0.0.1/34801] INFO  ha.OMHANodeDetails (ConfUtils.java:setNodeSpecificConfigs(97)) - Setting configuration key ozone.om.https-address with value of key ozone.om.https-address.om-service-test1.omNode-2: 127.0.0.1:42209
2023-03-15 06:53:00,728 [Listener at 127.0.0.1/34801] INFO  ha.OMHANodeDetails (ConfUtils.java:setNodeSpecificConfigs(97)) - Setting configuration key ozone.om.address with value of key ozone.om.address.om-service-test1.omNode-2: 127.0.0.1:38869
2023-03-15 06:53:00,728 [Listener at 127.0.0.1/34801] WARN  server.ServerUtils (ServerUtils.java:getDBPath(225)) - ozone.om.db.dirs is not configured. We recommend adding this setting. Falling back to ozone.metadata.dirs instead.
2023-03-15 06:53:00,729 [Listener at 127.0.0.1/34801] INFO  upgrade.AbstractLayoutVersionManager (AbstractLayoutVersionManager.java:init(83)) - Initializing Layout version manager with metadata layout = MULTITENANCY_SCHEMA (version = 3), software layout = MULTITENANCY_SCHEMA (version = 3)
2023-03-15 06:53:00,786 [EndpointStateMachine task thread for /0.0.0.0:45029 - 0 ] INFO  ipc.Client (Client.java:handleConnectionFailure(1010)) - Retrying connect to server: 0.0.0.0/0.0.0.0:45029. Already tried 4 time(s); retry policy is RetryUpToMaximumCountWithFixedSleep(maxRetries=15, sleepTime=1000 MILLISECONDS)
2023-03-15 06:53:00,823 [Listener at 127.0.0.1/34801] INFO  reflections.Reflections (Reflections.java:scan(232)) - Reflections took 93 ms to scan 2 urls, producing 167 keys and 464 values [using 2 cores]
2023-03-15 06:53:00,824 [Listener at 127.0.0.1/34801] INFO  upgrade.OMLayoutVersionManager (OMLayoutVersionManager.java:lambda$0(115)) - Skipping Upgrade Action MockOmUpgradeAction since it has been finalized.
2023-03-15 06:53:00,824 [Listener at 127.0.0.1/34801] WARN  server.ServerUtils (ServerUtils.java:getDBPath(225)) - ozone.om.db.dirs is not configured. We recommend adding this setting. Falling back to ozone.metadata.dirs instead.
2023-03-15 06:53:00,825 [Listener at 127.0.0.1/34801] INFO  proxy.SCMBlockLocationFailoverProxyProvider (SCMBlockLocationFailoverProxyProvider.java:<init>(114)) - Created block location fail-over proxy with 1 nodes: [nodeId=scmNodeId,nodeAddress=/0.0.0.0:43979]
2023-03-15 06:53:00,827 [Listener at 127.0.0.1/34801] INFO  proxy.SCMBlockLocationFailoverProxyProvider (SCMBlockLocationFailoverProxyProvider.java:<init>(114)) - Created block location fail-over proxy with 1 nodes: [nodeId=scmNodeId,nodeAddress=/0.0.0.0:43979]
2023-03-15 06:53:00,832 [Listener at 127.0.0.1/34801] INFO  om.OzoneManager (OzoneManager.java:<init>(620)) - OM start with adminUsers: [runner]
2023-03-15 06:53:00,833 [Listener at 127.0.0.1/34801] WARN  server.ServerUtils (ServerUtils.java:getDBPath(225)) - ozone.om.db.dirs is not configured. We recommend adding this setting. Falling back to ozone.metadata.dirs instead.
2023-03-15 06:53:00,833 [Listener at 127.0.0.1/34801] INFO  codec.OmKeyInfoCodec (OmKeyInfoCodec.java:<init>(49)) - OmKeyInfoCodec ignorePipeline = true
2023-03-15 06:53:00,833 [Listener at 127.0.0.1/34801] INFO  codec.RepeatedOmKeyInfoCodec (RepeatedOmKeyInfoCodec.java:<init>(41)) - RepeatedOmKeyInfoCodec ignorePipeline = true
2023-03-15 06:53:01,045 [Listener at 127.0.0.1/34801] INFO  om.OzoneManager (OzoneManager.java:instantiateServices(750)) - S3 Multi-Tenancy is disabled
2023-03-15 06:53:01,046 [Listener at 127.0.0.1/34801] WARN  server.ServerUtils (ServerUtils.java:getDBPath(225)) - ozone.om.snapshot.diff.db.dir is not configured. We recommend adding this setting. Falling back to ozone.metadata.dirs instead.
2023-03-15 06:53:01,067 [Listener at 127.0.0.1/34801] INFO  om.OzoneManager (OzoneManager.java:addS3GVolumeToDB(4228)) - Created Volume s3v With Owner runner required for S3Gateway operations.
2023-03-15 06:53:01,067 [Listener at 127.0.0.1/34801] WARN  server.ServerUtils (ServerUtils.java:getDefaultRatisDirectory(237)) - Storage directory for Ratis is not configured. It is a good idea to map this to an SSD disk. Falling back to ozone.metadata.dirs
2023-03-15 06:53:01,067 [Listener at 127.0.0.1/34801] WARN  utils.OzoneManagerRatisUtils (OzoneManagerRatisUtils.java:getOMRatisSnapshotDirectory(439)) - ozone.om.ratis.snapshot.dir is not configured. Falling back to ozone.metadata.dirs config
2023-03-15 06:53:01,068 [Listener at 127.0.0.1/34801] INFO  snapshot.OzoneManagerSnapshotProvider (OzoneManagerSnapshotProvider.java:<init>(76)) - Initializing OM Snapshot Provider
2023-03-15 06:53:01,069 [Listener at 127.0.0.1/34801] WARN  impl.MetricRegistriesImpl (MetricRegistriesImpl.java:addReporterRegistration(111)) - New reporters are added after registries were created. Some metrics will be missing from the reporter. Please add reporter before adding any new registry.
2023-03-15 06:53:01,069 [Listener at 127.0.0.1/34801] WARN  impl.MetricRegistriesImpl (MetricRegistriesImpl.java:addReporterRegistration(111)) - New reporters are added after registries were created. Some metrics will be missing from the reporter. Please add reporter before adding any new registry.
2023-03-15 06:53:01,069 [Listener at 127.0.0.1/34801] WARN  server.ServerUtils (ServerUtils.java:getDefaultRatisDirectory(237)) - Storage directory for Ratis is not configured. It is a good idea to map this to an SSD disk. Falling back to ozone.metadata.dirs
2023-03-15 06:53:01,070 [Listener at 127.0.0.1/34801] INFO  ratis.OzoneManagerRatisServer (OzoneManagerRatisServer.java:<init>(164)) - Instantiating OM Ratis server with groupID: om-service-test1 and peers: localhost:36297, localhost:34021, localhost:37799
2023-03-15 06:53:01,071 [Listener at 127.0.0.1/34801] INFO  ratis.OzoneManagerStateMachine (OzoneManagerStateMachine.java:loadSnapshotInfoFromDB(636)) - LastAppliedIndex is set from TransactionInfo from OM DB as (t:0, i:~)
2023-03-15 06:53:01,071 [Listener at 127.0.0.1/34801] INFO  server.RaftServer (ConfUtils.java:logGet(46)) - raft.rpc.type = GRPC (default)
2023-03-15 06:53:01,071 [Listener at 127.0.0.1/34801] INFO  grpc.GrpcConfigKeys (ConfUtils.java:logFallback(53)) - raft.grpc.admin.host = null (fallback to raft.grpc.server.host)
2023-03-15 06:53:01,071 [Listener at 127.0.0.1/34801] INFO  grpc.GrpcConfigKeys (ConfUtils.java:logFallback(53)) - raft.grpc.admin.port = 36297 (fallback to raft.grpc.server.port)
2023-03-15 06:53:01,071 [Listener at 127.0.0.1/34801] INFO  grpc.GrpcConfigKeys (ConfUtils.java:logFallback(53)) - raft.grpc.client.host = null (fallback to raft.grpc.server.host)
2023-03-15 06:53:01,072 [Listener at 127.0.0.1/34801] INFO  grpc.GrpcConfigKeys (ConfUtils.java:logFallback(53)) - raft.grpc.client.port = 36297 (fallback to raft.grpc.server.port)
2023-03-15 06:53:01,072 [Listener at 127.0.0.1/34801] INFO  grpc.GrpcConfigKeys (ConfUtils.java:logGet(46)) - raft.grpc.server.host = null (default)
2023-03-15 06:53:01,072 [Listener at 127.0.0.1/34801] INFO  grpc.GrpcConfigKeys (ConfUtils.java:logGet(46)) - raft.grpc.server.port = 36297 (custom)
2023-03-15 06:53:01,072 [Listener at 127.0.0.1/34801] INFO  server.GrpcService (ConfUtils.java:logGet(46)) - raft.grpc.message.size.max = 33554432 (custom)
2023-03-15 06:53:01,072 [Listener at 127.0.0.1/34801] INFO  server.RaftServerConfigKeys (ConfUtils.java:logGet(46)) - raft.server.log.appender.buffer.byte-limit = 33554432 (custom)
2023-03-15 06:53:01,072 [Listener at 127.0.0.1/34801] INFO  server.GrpcService (ConfUtils.java:logGet(46)) - raft.grpc.flow.control.window = 1MB (=1048576) (default)
2023-03-15 06:53:01,072 [Listener at 127.0.0.1/34801] INFO  server.RaftServerConfigKeys (ConfUtils.java:logGet(46)) - raft.server.rpc.request.timeout = 3000ms (default)
2023-03-15 06:53:01,073 [Listener at 127.0.0.1/34801] INFO  grpc.GrpcConfigKeys (ConfUtils.java:logGet(46)) - raft.grpc.server.heartbeat.channel = true (default)
2023-03-15 06:53:01,073 [Listener at 127.0.0.1/34801] INFO  grpc.GrpcConfigKeys (ConfUtils.java:logGet(46)) - raft.grpc.server.async.request.thread.pool.cached = true (default)
2023-03-15 06:53:01,073 [Listener at 127.0.0.1/34801] INFO  grpc.GrpcConfigKeys (ConfUtils.java:logGet(46)) - raft.grpc.server.async.request.thread.pool.size = 32 (default)
2023-03-15 06:53:01,074 [Listener at 127.0.0.1/34801] INFO  impl.DataStreamServerImpl (ConfUtils.java:logGet(46)) - raft.datastream.type = DISABLED (default)
2023-03-15 06:53:01,074 [Listener at 127.0.0.1/34801] INFO  server.RaftServerConfigKeys (ConfUtils.java:logGet(46)) - raft.server.threadpool.proxy.cached = true (default)
2023-03-15 06:53:01,074 [Listener at 127.0.0.1/34801] INFO  server.RaftServerConfigKeys (ConfUtils.java:logGet(46)) - raft.server.threadpool.proxy.size = 0 (default)
2023-03-15 06:53:01,075 [Listener at 127.0.0.1/34801] INFO  server.RaftServerConfigKeys (ConfUtils.java:logGet(46)) - raft.server.rpc.slowness.timeout = 2s (custom)
2023-03-15 06:53:01,075 [Listener at 127.0.0.1/34801] INFO  server.RaftServerConfigKeys (ConfUtils.java:logGet(46)) - raft.server.leaderelection.leader.step-down.wait-time = 10s (default)
2023-03-15 06:53:01,075 [Listener at 127.0.0.1/34801] INFO  server.RaftServerConfigKeys (ConfUtils.java:logGet(46)) - raft.server.storage.dir = [/home/runner/work/ozone/ozone/hadoop-ozone/integration-test/target/test-dir/MiniOzoneClusterImpl-8d40f1f0-3e23-4273-879b-a609159ae6a4/omNode-2/ratis] (custom)
2023-03-15 06:53:01,076 [Listener at 127.0.0.1/34801] INFO  server.RaftServer (RaftServerProxy.java:addNew(96)) - omNode-2: addNew group-523986131536:[omNode-3|rpc:localhost:34021|priority:0|startupRole:FOLLOWER, omNode-1|rpc:localhost:37799|priority:0|startupRole:FOLLOWER, omNode-2|rpc:localhost:36297|priority:0|startupRole:FOLLOWER] returns group-523986131536:java.util.concurrent.CompletableFuture@38470150[Not completed]
2023-03-15 06:53:01,076 [pool-783-thread-1] INFO  server.RaftServer$Division (RaftServerImpl.java:<init>(195)) - omNode-2: new RaftServerImpl for group-523986131536:[omNode-3|rpc:localhost:34021|priority:0|startupRole:FOLLOWER, omNode-1|rpc:localhost:37799|priority:0|startupRole:FOLLOWER, omNode-2|rpc:localhost:36297|priority:0|startupRole:FOLLOWER] with OzoneManagerStateMachine:uninitialized
2023-03-15 06:53:01,076 [Listener at 127.0.0.1/34801] INFO  om.OzoneManager (OzoneManager.java:initializeRatisServer(2107)) - OzoneManager Ratis server initialized at port 36297
2023-03-15 06:53:01,076 [pool-783-thread-1] INFO  server.RaftServerConfigKeys (ConfUtils.java:logGet(46)) - raft.server.rpc.timeout.min = 1s (custom)
2023-03-15 06:53:01,076 [Listener at 127.0.0.1/34801] INFO  om.OzoneManager (OzoneManager.java:getRpcServer(1134)) - Creating RPC Server
2023-03-15 06:53:01,076 [pool-783-thread-1] INFO  server.RaftServerConfigKeys (ConfUtils.java:logGet(46)) - raft.server.rpc.timeout.max = 1200ms (custom)
2023-03-15 06:53:01,076 [pool-783-thread-1] INFO  server.RaftServerConfigKeys (ConfUtils.java:logGet(46)) - raft.server.rpc.sleep.time = 25ms (default)
2023-03-15 06:53:01,076 [pool-783-thread-1] INFO  server.RaftServerConfigKeys (ConfUtils.java:logGet(46)) - raft.server.rpc.slowness.timeout = 2s (custom)
2023-03-15 06:53:01,076 [pool-783-thread-1] INFO  server.RaftServerConfigKeys (ConfUtils.java:logGet(46)) - raft.server.leaderelection.leader.step-down.wait-time = 10s (default)
2023-03-15 06:53:01,076 [pool-783-thread-1] INFO  server.RaftServerConfigKeys (ConfUtils.java:logGet(46)) - raft.server.sleep.deviation.threshold = 300ms (default)
2023-03-15 06:53:01,076 [pool-783-thread-1] INFO  server.RaftServer$Division (ServerState.java:<init>(118)) - omNode-2@group-523986131536: ConfigurationManager, init=-1: peers:[omNode-3|rpc:localhost:34021|priority:0|startupRole:FOLLOWER, omNode-1|rpc:localhost:37799|priority:0|startupRole:FOLLOWER, omNode-2|rpc:localhost:36297|priority:0|startupRole:FOLLOWER]|listeners:[], old=null, confs=<EMPTY_MAP>
2023-03-15 06:53:01,077 [pool-783-thread-1] INFO  server.RaftServerConfigKeys (ConfUtils.java:logGet(46)) - raft.server.storage.dir = [/home/runner/work/ozone/ozone/hadoop-ozone/integration-test/target/test-dir/MiniOzoneClusterImpl-8d40f1f0-3e23-4273-879b-a609159ae6a4/omNode-2/ratis] (custom)
2023-03-15 06:53:01,077 [pool-783-thread-1] INFO  server.RaftServerConfigKeys (ConfUtils.java:logGet(46)) - raft.server.log.corruption.policy = EXCEPTION (default)
2023-03-15 06:53:01,077 [pool-783-thread-1] INFO  server.RaftServerConfigKeys (ConfUtils.java:logGet(46)) - raft.server.storage.free-space.min = 0MB (=0) (default)
2023-03-15 06:53:01,077 [pool-783-thread-1] INFO  server.RaftServerConfigKeys (ConfUtils.java:logGet(46)) - raft.server.notification.no-leader.timeout = 2s (custom)
2023-03-15 06:53:01,078 [pool-783-thread-1] INFO  server.RaftServerConfigKeys (ConfUtils.java:logGet(46)) - raft.server.retrycache.expirytime = 300s (custom)
2023-03-15 06:53:01,078 [pool-783-thread-1] INFO  server.RaftServerConfigKeys (ConfUtils.java:logGet(46)) - raft.server.retrycache.statistics.expirytime = 100μs (default)
2023-03-15 06:53:01,078 [pool-783-thread-1] INFO  server.RaftServerConfigKeys (ConfUtils.java:logGet(46)) - raft.server.log.appender.install.snapshot.enabled = false (custom)
2023-03-15 06:53:01,078 [pool-783-thread-1] INFO  server.RaftServerConfigKeys (ConfUtils.java:logGet(46)) - raft.server.threadpool.server.cached = true (default)
2023-03-15 06:53:01,078 [pool-783-thread-1] INFO  server.RaftServerConfigKeys (ConfUtils.java:logGet(46)) - raft.server.threadpool.server.size = 0 (default)
2023-03-15 06:53:01,079 [pool-783-thread-1] INFO  server.RaftServerConfigKeys (ConfUtils.java:logGet(46)) - raft.server.threadpool.client.cached = true (default)
2023-03-15 06:53:01,079 [pool-783-thread-1] INFO  server.RaftServerConfigKeys (ConfUtils.java:logGet(46)) - raft.server.threadpool.client.size = 0 (default)
2023-03-15 06:53:01,425 [Listener at 127.0.0.1/34801] INFO  reflections.Reflections (Reflections.java:scan(232)) - Reflections took 348 ms to scan 19 urls, producing 68 keys and 4936 values [using 2 cores]
2023-03-15 06:53:01,427 [Listener at 127.0.0.1/34801] INFO  ipc.CallQueueManager (CallQueueManager.java:<init>(90)) - Using callQueue: class java.util.concurrent.LinkedBlockingQueue, queueCapacity: 2000, scheduler: class org.apache.hadoop.ipc.DefaultRpcScheduler, ipcBackoff: false.
2023-03-15 06:53:01,430 [Socket Reader #1 for port 38869] INFO  ipc.Server (Server.java:run(1273)) - Starting Socket Reader #1 for port 38869
2023-03-15 06:53:01,452 [Listener at 127.0.0.1/38869] INFO  impl.MetricsSystemImpl (MetricsSystemImpl.java:init(158)) - OzoneManager metrics system started (again)
2023-03-15 06:53:01,465 [Listener at 127.0.0.1/38869] INFO  om.OzoneManager (OzoneManager.java:start(1564)) - OzoneManager RPC server is listening at localhost/127.0.0.1:38869
2023-03-15 06:53:01,465 [Listener at 127.0.0.1/38869] INFO  ratis.OzoneManagerRatisServer (OzoneManagerRatisServer.java:start(559)) - Starting OzoneManagerRatisServer omNode-2 at port 36297
2023-03-15 06:53:01,465 [omNode-2-impl-thread1] INFO  storage.RaftStorageDirectory (RaftStorageDirectoryImpl.java:analyzeStorage(137)) - The storage directory /home/runner/work/ozone/ozone/hadoop-ozone/integration-test/target/test-dir/MiniOzoneClusterImpl-8d40f1f0-3e23-4273-879b-a609159ae6a4/omNode-2/ratis/c9bc4cf4-3bc3-3c60-a66b-523986131536 does not exist. Creating ...
2023-03-15 06:53:01,467 [omNode-2-impl-thread1] INFO  storage.RaftStorageDirectory (RaftStorageDirectoryImpl.java:tryLock(231)) - Lock on /home/runner/work/ozone/ozone/hadoop-ozone/integration-test/target/test-dir/MiniOzoneClusterImpl-8d40f1f0-3e23-4273-879b-a609159ae6a4/omNode-2/ratis/c9bc4cf4-3bc3-3c60-a66b-523986131536/in_use.lock acquired by nodename 3629@fv-az210-452
2023-03-15 06:53:01,469 [omNode-2-impl-thread1] INFO  storage.RaftStorage (RaftStorageImpl.java:format(96)) - Storage directory /home/runner/work/ozone/ozone/hadoop-ozone/integration-test/target/test-dir/MiniOzoneClusterImpl-8d40f1f0-3e23-4273-879b-a609159ae6a4/omNode-2/ratis/c9bc4cf4-3bc3-3c60-a66b-523986131536 has been successfully formatted.
2023-03-15 06:53:01,469 [omNode-2-impl-thread1] INFO  server.RaftServerConfigKeys (ConfUtils.java:logGet(46)) - raft.server.log.use.memory = false (default)
2023-03-15 06:53:01,469 [omNode-2-impl-thread1] INFO  server.RaftServerConfigKeys (ConfUtils.java:logGet(46)) - raft.server.log.purge.gap = 1000000 (custom)
2023-03-15 06:53:01,469 [omNode-2-impl-thread1] INFO  server.RaftServerConfigKeys (ConfUtils.java:logGet(46)) - raft.server.log.appender.buffer.byte-limit = 33554432 (custom)
2023-03-15 06:53:01,469 [omNode-2-impl-thread1] INFO  server.RaftServerConfigKeys (ConfUtils.java:logGet(46)) - raft.server.log.statemachine.data.read.timeout = 1000ms (default)
2023-03-15 06:53:01,470 [omNode-2-impl-thread1] INFO  server.RaftServerConfigKeys (ConfUtils.java:logGet(46)) - raft.server.log.purge.preservation.log.num = 0 (default)
2023-03-15 06:53:01,470 [omNode-2-impl-thread1] INFO  server.RaftServerConfigKeys (ConfUtils.java:logGet(46)) - raft.server.log.segment.size.max = 4194304 (custom)
2023-03-15 06:53:01,470 [omNode-2-impl-thread1] INFO  server.RaftServerConfigKeys (ConfUtils.java:logGet(46)) - raft.server.log.segment.cache.num.max = 2 (custom)
2023-03-15 06:53:01,470 [omNode-2-impl-thread1] INFO  server.RaftServerConfigKeys (ConfUtils.java:logGet(46)) - raft.server.log.segment.cache.size.max = 200MB (=209715200) (default)
2023-03-15 06:53:01,470 [omNode-2-impl-thread1] INFO  segmented.SegmentedRaftLogWorker (SegmentedRaftLogWorker.java:<init>(189)) - new omNode-2@group-523986131536-SegmentedRaftLogWorker for RaftStorageImpl:Storage Directory /home/runner/work/ozone/ozone/hadoop-ozone/integration-test/target/test-dir/MiniOzoneClusterImpl-8d40f1f0-3e23-4273-879b-a609159ae6a4/omNode-2/ratis/c9bc4cf4-3bc3-3c60-a66b-523986131536
2023-03-15 06:53:01,470 [omNode-2-impl-thread1] INFO  server.RaftServerConfigKeys (ConfUtils.java:logGet(46)) - raft.server.log.queue.byte-limit = 64MB (=67108864) (default)
2023-03-15 06:53:01,470 [omNode-2-impl-thread1] INFO  server.RaftServerConfigKeys (ConfUtils.java:logGet(46)) - raft.server.log.queue.element-limit = 4096 (default)
2023-03-15 06:53:01,470 [omNode-2-impl-thread1] INFO  server.RaftServerConfigKeys (ConfUtils.java:logGet(46)) - raft.server.log.segment.size.max = 4194304 (custom)
2023-03-15 06:53:01,470 [omNode-2-impl-thread1] INFO  server.RaftServerConfigKeys (ConfUtils.java:logGet(46)) - raft.server.log.preallocated.size = 4194304 (custom)
2023-03-15 06:53:01,470 [omNode-2-impl-thread1] INFO  server.RaftServerConfigKeys (ConfUtils.java:logGet(46)) - raft.server.log.force.sync.num = 128 (default)
2023-03-15 06:53:01,470 [omNode-2-impl-thread1] INFO  server.RaftServerConfigKeys (ConfUtils.java:logGet(46)) - raft.server.log.statemachine.data.sync = true (default)
2023-03-15 06:53:01,470 [omNode-2-impl-thread1] INFO  server.RaftServerConfigKeys (ConfUtils.java:logGet(46)) - raft.server.log.statemachine.data.sync.timeout = 10s (default)
2023-03-15 06:53:01,470 [omNode-2-impl-thread1] INFO  server.RaftServerConfigKeys (ConfUtils.java:logGet(46)) - raft.server.log.statemachine.data.sync.timeout.retry = -1 (default)
2023-03-15 06:53:01,471 [omNode-2-impl-thread1] INFO  server.RaftServerConfigKeys (ConfUtils.java:logGet(46)) - raft.server.log.write.buffer.size = 64KB (=65536) (default)
2023-03-15 06:53:01,471 [omNode-2-impl-thread1] INFO  server.RaftServerConfigKeys (ConfUtils.java:logGet(46)) - raft.server.log.appender.buffer.byte-limit = 33554432 (custom)
2023-03-15 06:53:01,476 [omNode-2-impl-thread1] INFO  server.RaftServerConfigKeys (ConfUtils.java:logGet(46)) - raft.server.log.unsafe-flush.enabled = false (default)
2023-03-15 06:53:01,476 [omNode-2-impl-thread1] INFO  server.RaftServerConfigKeys (ConfUtils.java:logGet(46)) - raft.server.log.async-flush.enabled = false (default)
2023-03-15 06:53:01,476 [omNode-2-impl-thread1] INFO  server.RaftServerConfigKeys (ConfUtils.java:logGet(46)) - raft.server.log.statemachine.data.caching.enabled = false (default)
2023-03-15 06:53:01,476 [omNode-2-impl-thread1] INFO  segmented.SegmentedRaftLogWorker (SegmentedRaftLogWorker.java:lambda$new$0(135)) - omNode-2@group-523986131536-SegmentedRaftLogWorker: flushIndex: setUnconditionally 0 -> -1
2023-03-15 06:53:01,477 [omNode-2-impl-thread1] INFO  segmented.SegmentedRaftLogWorker (SegmentedRaftLogWorker.java:lambda$new$0(135)) - omNode-2@group-523986131536-SegmentedRaftLogWorker: safeCacheEvictIndex: setUnconditionally 0 -> -1
2023-03-15 06:53:01,478 [omNode-2-impl-thread1] INFO  server.RaftServer$Division (RaftServerImpl.java:start(334)) - omNode-2@group-523986131536: start as a follower, conf=-1: peers:[omNode-3|rpc:localhost:34021|priority:0|startupRole:FOLLOWER, omNode-1|rpc:localhost:37799|priority:0|startupRole:FOLLOWER, omNode-2|rpc:localhost:36297|priority:0|startupRole:FOLLOWER]|listeners:[], old=null
2023-03-15 06:53:01,478 [omNode-2-impl-thread1] INFO  server.RaftServer$Division (RaftServerImpl.java:setRole(321)) - omNode-2@group-523986131536: changes role from      null to FOLLOWER at term 0 for startAsFollower
2023-03-15 06:53:01,478 [omNode-2-impl-thread1] INFO  impl.RoleInfo (RoleInfo.java:updateAndGet(139)) - omNode-2: start omNode-2@group-523986131536-FollowerState
2023-03-15 06:53:01,483 [omNode-2-impl-thread1] INFO  util.JmxRegister (JmxRegister.java:tryRegister(44)) - Successfully registered JMX Bean with object name Ratis:service=RaftServer,group=group-523986131536,id=omNode-2
2023-03-15 06:53:01,484 [omNode-2-impl-thread1] INFO  server.RaftServerConfigKeys (ConfUtils.java:logGet(46)) - raft.server.snapshot.auto.trigger.enabled = true (custom)
2023-03-15 06:53:01,484 [omNode-2-impl-thread1] INFO  server.RaftServerConfigKeys (ConfUtils.java:logGet(46)) - raft.server.snapshot.auto.trigger.threshold = 400000 (default)
2023-03-15 06:53:01,484 [omNode-2-impl-thread1] INFO  server.RaftServerConfigKeys (ConfUtils.java:logGet(46)) - raft.server.snapshot.retention.file.num = -1 (default)
2023-03-15 06:53:01,484 [omNode-2-impl-thread1] INFO  server.RaftServerConfigKeys (ConfUtils.java:logGet(46)) - raft.server.log.purge.upto.snapshot.index = true (custom)
2023-03-15 06:53:01,484 [omNode-2@group-523986131536-FollowerState] INFO  server.RaftServerConfigKeys (ConfUtils.java:logFallback(53)) - raft.server.rpc.first-election.timeout.min = 1s (fallback to raft.server.rpc.timeout.min)
2023-03-15 06:53:01,485 [omNode-2@group-523986131536-FollowerState] INFO  server.RaftServerConfigKeys (ConfUtils.java:logFallback(53)) - raft.server.rpc.first-election.timeout.max = 1200ms (fallback to raft.server.rpc.timeout.max)
2023-03-15 06:53:01,486 [Listener at 127.0.0.1/38869] INFO  server.RaftServer (RaftServerProxy.java:startImpl(393)) - omNode-2: start RPC server
2023-03-15 06:53:01,490 [Listener at 127.0.0.1/38869] INFO  server.GrpcService (GrpcService.java:startImpl(262)) - omNode-2: GrpcService started, listening on 36297
2023-03-15 06:53:01,494 [Listener at 127.0.0.1/38869] INFO  om.OzoneManager (OzoneManager.java:start(1580)) - Version File has different layout version (3) than OM DB (null). That is expected if this OM has never been finalized to a newer layout version.
2023-03-15 06:53:01,495 [JvmPauseMonitor7] INFO  util.JvmPauseMonitor (JvmPauseMonitor.java:run(105)) - JvmPauseMonitor-omNode-2: Started
2023-03-15 06:53:01,499 [Listener at 127.0.0.1/38869] INFO  http.BaseHttpServer (BaseHttpServer.java:newHttpServer2BuilderForOzone(224)) - Starting Web-server for ozoneManager at: http://0.0.0.0:43035
2023-03-15 06:53:01,499 [Listener at 127.0.0.1/38869] INFO  http.BaseHttpServer (BaseHttpServer.java:<init>(111)) - Hadoop Security Enabled: false Ozone Security Enabled: false Ozone HTTP Security Enabled: false 
2023-03-15 06:53:01,500 [Listener at 127.0.0.1/38869] WARN  server.AuthenticationFilter (AuthenticationFilter.java:constructSecretProvider(240)) - Unable to initialize FileSignerSecretProvider, falling back to use random secrets. Reason: Could not read signature secret file: /home/runner/hadoop-http-auth-signature-secret
2023-03-15 06:53:01,501 [Listener at 127.0.0.1/38869] WARN  http.HttpRequestLog (HttpRequestLog.java:getRequestLog(103)) - Jetty request log can only be enabled using Log4j
2023-03-15 06:53:01,503 [Listener at 127.0.0.1/38869] INFO  http.HttpServer2 (HttpServer2.java:addGlobalFilter(1031)) - Added global filter 'safety' (class=org.apache.hadoop.hdds.server.http.HttpServer2$QuotingInputFilter)
2023-03-15 06:53:01,503 [Listener at 127.0.0.1/38869] INFO  http.HttpServer2 (HttpServer2.java:addFilter(1007)) - Added filter static_user_filter (class=org.apache.hadoop.http.lib.StaticUserWebFilter$StaticUserFilter) to context ozoneManager
2023-03-15 06:53:01,503 [Listener at 127.0.0.1/38869] INFO  http.HttpServer2 (HttpServer2.java:addFilter(1015)) - Added filter static_user_filter (class=org.apache.hadoop.http.lib.StaticUserWebFilter$StaticUserFilter) to context static
2023-03-15 06:53:01,503 [Listener at 127.0.0.1/38869] INFO  http.HttpServer2 (HttpServer2.java:addFilter(1015)) - Added filter static_user_filter (class=org.apache.hadoop.http.lib.StaticUserWebFilter$StaticUserFilter) to context logs
2023-03-15 06:53:01,504 [Listener at 127.0.0.1/38869] INFO  http.BaseHttpServer (BaseHttpServer.java:<init>(190)) - HTTP server of ozoneManager uses base directory /home/runner/work/ozone/ozone/hadoop-ozone/integration-test/target/test-dir/MiniOzoneClusterImpl-8d40f1f0-3e23-4273-879b-a609159ae6a4/omNode-2/webserver
2023-03-15 06:53:01,504 [Listener at 127.0.0.1/38869] INFO  http.HttpServer2 (HttpServer2.java:bindListener(1250)) - Jetty bound to port 43035
2023-03-15 06:53:01,504 [Listener at 127.0.0.1/38869] INFO  server.Server (Server.java:doStart(375)) - jetty-9.4.49.v20220914; built: 2022-09-14T01:07:36.601Z; git: 4231a3b2e4cb8548a412a789936d640a97b1aa0a; jvm 1.8.0_362-b09
2023-03-15 06:53:01,506 [Listener at 127.0.0.1/38869] INFO  server.session (DefaultSessionIdManager.java:doStart(334)) - DefaultSessionIdManager workerName=node0
2023-03-15 06:53:01,506 [Listener at 127.0.0.1/38869] INFO  server.session (DefaultSessionIdManager.java:doStart(339)) - No SessionScavenger set, using defaults
2023-03-15 06:53:01,506 [Listener at 127.0.0.1/38869] INFO  server.session (HouseKeeper.java:startScavenging(132)) - node0 Scavenging every 660000ms
2023-03-15 06:53:01,507 [Listener at 127.0.0.1/38869] INFO  handler.ContextHandler (ContextHandler.java:doStart(921)) - Started o.e.j.s.ServletContextHandler@2ea1dfbb{logs,/logs,file:///home/runner/work/ozone/ozone/hadoop-ozone/integration-test/target/log,AVAILABLE}
2023-03-15 06:53:01,507 [Listener at 127.0.0.1/38869] INFO  handler.ContextHandler (ContextHandler.java:doStart(921)) - Started o.e.j.s.ServletContextHandler@307794e7{static,/static,file:///home/runner/work/ozone/ozone/hadoop-ozone/integration-test/target/test-classes/webapps/static,AVAILABLE}
2023-03-15 06:53:01,511 [Listener at 127.0.0.1/38869] INFO  handler.ContextHandler (ContextHandler.java:doStart(921)) - Started o.e.j.w.WebAppContext@25105001{ozoneManager,/,file:///home/runner/work/ozone/ozone/hadoop-ozone/integration-test/target/test-classes/webapps/ozoneManager/,AVAILABLE}{file:/home/runner/work/ozone/ozone/hadoop-ozone/integration-test/target/test-classes/webapps/ozoneManager}
2023-03-15 06:53:01,515 [Listener at 127.0.0.1/38869] INFO  server.AbstractConnector (AbstractConnector.java:doStart(333)) - Started ServerConnector@23b3abdc{HTTP/1.1, (http/1.1)}{0.0.0.0:43035}
2023-03-15 06:53:01,515 [Listener at 127.0.0.1/38869] INFO  server.Server (Server.java:doStart(415)) - Started @71006ms
2023-03-15 06:53:01,515 [Listener at 127.0.0.1/38869] WARN  impl.MetricsSystemImpl (MetricsSystemImpl.java:register(279)) - Sink prometheus already exists!
2023-03-15 06:53:01,516 [Listener at 127.0.0.1/38869] INFO  http.BaseHttpServer (BaseHttpServer.java:updateConnectorAddress(344)) - HTTP server of ozoneManager listening at http://0.0.0.0:43035
2023-03-15 06:53:01,516 [IPC Server Responder] INFO  ipc.Server (Server.java:run(1512)) - IPC Server Responder: starting
2023-03-15 06:53:01,516 [IPC Server listener on 38869] INFO  ipc.Server (Server.java:run(1352)) - IPC Server listener on 38869: starting
2023-03-15 06:53:01,520 [Listener at 127.0.0.1/38869] INFO  om.OzoneManager (OzoneManager.java:startTrashEmptier(2051)) - Trash Interval set to 0. Files deleted won't move to trash
2023-03-15 06:53:01,521 [Listener at 127.0.0.1/38869] INFO  ozone.MiniOzoneHAClusterImpl (MiniOzoneHAClusterImpl.java:createOMService(527)) - Started OzoneManager omNode-2 RPC server at localhost/127.0.0.1:38869
2023-03-15 06:53:01,521 [Listener at 127.0.0.1/38869] INFO  ha.OMHANodeDetails (OMHANodeDetails.java:loadOMHAConfig(121)) - ServiceID for OzoneManager is om-service-test1
2023-03-15 06:53:01,531 [org.apache.hadoop.util.JvmPauseMonitor$Monitor@649d9cc5] INFO  util.JvmPauseMonitor (JvmPauseMonitor.java:run(188)) - Starting JVM pause monitor
2023-03-15 06:53:01,531 [Listener at 127.0.0.1/38869] INFO  ha.OMHANodeDetails (OMHANodeDetails.java:loadOMHAConfig(201)) - Found matching OM address with OMServiceId: om-service-test1, OMNodeId: omNode-3, RPC Address: localhost:33927 and Ratis port: 34021
2023-03-15 06:53:01,531 [Listener at 127.0.0.1/38869] INFO  ha.OMHANodeDetails (ConfUtils.java:setNodeSpecificConfigs(97)) - Setting configuration key ozone.om.http-address with value of key ozone.om.http-address.om-service-test1.omNode-3: 127.0.0.1:35147
2023-03-15 06:53:01,532 [Listener at 127.0.0.1/38869] INFO  ha.OMHANodeDetails (ConfUtils.java:setNodeSpecificConfigs(97)) - Setting configuration key ozone.om.https-address with value of key ozone.om.https-address.om-service-test1.omNode-3: 127.0.0.1:43089
2023-03-15 06:53:01,532 [Listener at 127.0.0.1/38869] INFO  ha.OMHANodeDetails (ConfUtils.java:setNodeSpecificConfigs(97)) - Setting configuration key ozone.om.address with value of key ozone.om.address.om-service-test1.omNode-3: 127.0.0.1:33927
2023-03-15 06:53:01,532 [Listener at 127.0.0.1/38869] WARN  server.ServerUtils (ServerUtils.java:getDBPath(225)) - ozone.om.db.dirs is not configured. We recommend adding this setting. Falling back to ozone.metadata.dirs instead.
2023-03-15 06:53:01,535 [Listener at 127.0.0.1/38869] INFO  proxy.SCMBlockLocationFailoverProxyProvider (SCMBlockLocationFailoverProxyProvider.java:<init>(114)) - Created block location fail-over proxy with 1 nodes: [nodeId=scmNodeId,nodeAddress=/0.0.0.0:43979]
OM initialization succeeded.Current cluster id for sd=/home/runner/work/ozone/ozone/hadoop-ozone/integration-test/target/test-dir/MiniOzoneClusterImpl-8d40f1f0-3e23-4273-879b-a609159ae6a4/omNode-3/om;cid=8d40f1f0-3e23-4273-879b-a609159ae6a4;layoutVersion=3
2023-03-15 06:53:01,557 [Listener at 127.0.0.1/38869] INFO  ha.OMHANodeDetails (OMHANodeDetails.java:loadOMHAConfig(121)) - ServiceID for OzoneManager is om-service-test1
2023-03-15 06:53:01,557 [Listener at 127.0.0.1/38869] INFO  ha.OMHANodeDetails (OMHANodeDetails.java:loadOMHAConfig(201)) - Found matching OM address with OMServiceId: om-service-test1, OMNodeId: omNode-3, RPC Address: localhost:33927 and Ratis port: 34021
2023-03-15 06:53:01,557 [Listener at 127.0.0.1/38869] INFO  ha.OMHANodeDetails (ConfUtils.java:setNodeSpecificConfigs(97)) - Setting configuration key ozone.om.http-address with value of key ozone.om.http-address.om-service-test1.omNode-3: 127.0.0.1:35147
2023-03-15 06:53:01,558 [Listener at 127.0.0.1/38869] INFO  ha.OMHANodeDetails (ConfUtils.java:setNodeSpecificConfigs(97)) - Setting configuration key ozone.om.https-address with value of key ozone.om.https-address.om-service-test1.omNode-3: 127.0.0.1:43089
2023-03-15 06:53:01,558 [Listener at 127.0.0.1/38869] INFO  ha.OMHANodeDetails (ConfUtils.java:setNodeSpecificConfigs(97)) - Setting configuration key ozone.om.address with value of key ozone.om.address.om-service-test1.omNode-3: 127.0.0.1:33927
2023-03-15 06:53:01,558 [Listener at 127.0.0.1/38869] WARN  server.ServerUtils (ServerUtils.java:getDBPath(225)) - ozone.om.db.dirs is not configured. We recommend adding this setting. Falling back to ozone.metadata.dirs instead.
2023-03-15 06:53:01,559 [Listener at 127.0.0.1/38869] INFO  upgrade.AbstractLayoutVersionManager (AbstractLayoutVersionManager.java:init(83)) - Initializing Layout version manager with metadata layout = MULTITENANCY_SCHEMA (version = 3), software layout = MULTITENANCY_SCHEMA (version = 3)
2023-03-15 06:53:01,656 [Listener at 127.0.0.1/38869] INFO  reflections.Reflections (Reflections.java:scan(232)) - Reflections took 96 ms to scan 2 urls, producing 167 keys and 464 values [using 2 cores]
2023-03-15 06:53:01,656 [Listener at 127.0.0.1/38869] INFO  upgrade.OMLayoutVersionManager (OMLayoutVersionManager.java:lambda$0(115)) - Skipping Upgrade Action MockOmUpgradeAction since it has been finalized.
2023-03-15 06:53:01,657 [Listener at 127.0.0.1/38869] WARN  server.ServerUtils (ServerUtils.java:getDBPath(225)) - ozone.om.db.dirs is not configured. We recommend adding this setting. Falling back to ozone.metadata.dirs instead.
2023-03-15 06:53:01,657 [Listener at 127.0.0.1/38869] INFO  proxy.SCMBlockLocationFailoverProxyProvider (SCMBlockLocationFailoverProxyProvider.java:<init>(114)) - Created block location fail-over proxy with 1 nodes: [nodeId=scmNodeId,nodeAddress=/0.0.0.0:43979]
2023-03-15 06:53:01,659 [Listener at 127.0.0.1/38869] INFO  proxy.SCMBlockLocationFailoverProxyProvider (SCMBlockLocationFailoverProxyProvider.java:<init>(114)) - Created block location fail-over proxy with 1 nodes: [nodeId=scmNodeId,nodeAddress=/0.0.0.0:43979]
2023-03-15 06:53:01,666 [Listener at 127.0.0.1/38869] INFO  om.OzoneManager (OzoneManager.java:<init>(620)) - OM start with adminUsers: [runner]
2023-03-15 06:53:01,666 [Listener at 127.0.0.1/38869] WARN  server.ServerUtils (ServerUtils.java:getDBPath(225)) - ozone.om.db.dirs is not configured. We recommend adding this setting. Falling back to ozone.metadata.dirs instead.
2023-03-15 06:53:01,667 [Listener at 127.0.0.1/38869] INFO  codec.OmKeyInfoCodec (OmKeyInfoCodec.java:<init>(49)) - OmKeyInfoCodec ignorePipeline = true
2023-03-15 06:53:01,667 [Listener at 127.0.0.1/38869] INFO  codec.RepeatedOmKeyInfoCodec (RepeatedOmKeyInfoCodec.java:<init>(41)) - RepeatedOmKeyInfoCodec ignorePipeline = true
2023-03-15 06:53:01,787 [EndpointStateMachine task thread for /0.0.0.0:45029 - 0 ] INFO  ipc.Client (Client.java:handleConnectionFailure(1010)) - Retrying connect to server: 0.0.0.0/0.0.0.0:45029. Already tried 5 time(s); retry policy is RetryUpToMaximumCountWithFixedSleep(maxRetries=15, sleepTime=1000 MILLISECONDS)
2023-03-15 06:53:01,807 [omNode-1@group-523986131536-FollowerState] INFO  impl.FollowerState (FollowerState.java:run(143)) - omNode-1@group-523986131536-FollowerState: change to CANDIDATE, lastRpcElapsedTime:1137395459ns, electionTimeout:1136ms
2023-03-15 06:53:01,808 [omNode-1@group-523986131536-FollowerState] INFO  impl.RoleInfo (RoleInfo.java:shutdownFollowerState(110)) - omNode-1: shutdown omNode-1@group-523986131536-FollowerState
2023-03-15 06:53:01,808 [omNode-1@group-523986131536-FollowerState] INFO  server.RaftServer$Division (RaftServerImpl.java:setRole(321)) - omNode-1@group-523986131536: changes role from  FOLLOWER to CANDIDATE at term 0 for changeToCandidate
2023-03-15 06:53:01,808 [omNode-1@group-523986131536-FollowerState] INFO  server.RaftServerConfigKeys (ConfUtils.java:logGet(46)) - raft.server.leaderelection.pre-vote = true (default)
2023-03-15 06:53:01,808 [omNode-1@group-523986131536-FollowerState] INFO  impl.RoleInfo (RoleInfo.java:updateAndGet(139)) - omNode-1: start omNode-1@group-523986131536-LeaderElection9
2023-03-15 06:53:01,816 [omNode-1@group-523986131536-LeaderElection9] INFO  impl.LeaderElection (LeaderElection.java:askForVotes(312)) - omNode-1@group-523986131536-LeaderElection9 PRE_VOTE round 0: submit vote requests at term 0 for -1: peers:[omNode-3|rpc:localhost:34021|priority:0|startupRole:FOLLOWER, omNode-1|rpc:localhost:37799|priority:0|startupRole:FOLLOWER, omNode-2|rpc:localhost:36297|priority:0|startupRole:FOLLOWER]|listeners:[], old=null
2023-03-15 06:53:01,817 [omNode-1@group-523986131536-LeaderElection9-1] INFO  server.GrpcServerProtocolClient (GrpcServerProtocolClient.java:<init>(63)) - Build channel for omNode-3
2023-03-15 06:53:01,824 [omNode-1@group-523986131536-LeaderElection9] INFO  server.RaftServerConfigKeys (ConfUtils.java:logFallback(53)) - raft.server.rpc.first-election.timeout.min = 1s (fallback to raft.server.rpc.timeout.min)
2023-03-15 06:53:01,824 [omNode-1@group-523986131536-LeaderElection9] INFO  server.RaftServerConfigKeys (ConfUtils.java:logFallback(53)) - raft.server.rpc.first-election.timeout.max = 1200ms (fallback to raft.server.rpc.timeout.max)
2023-03-15 06:53:01,825 [omNode-1@group-523986131536-LeaderElection9-2] INFO  server.GrpcServerProtocolClient (GrpcServerProtocolClient.java:<init>(63)) - Build channel for omNode-2
2023-03-15 06:53:01,827 [omNode-1@group-523986131536-LeaderElection9] INFO  impl.LeaderElection (LogUtils.java:infoOrTrace(137)) - omNode-1@group-523986131536-LeaderElection9 got exception when requesting votes: java.util.concurrent.ExecutionException: org.apache.ratis.thirdparty.io.grpc.StatusRuntimeException: UNAVAILABLE: io exception
2023-03-15 06:53:01,833 [grpc-default-executor-11] INFO  server.RaftServer$Division (RaftServerImpl.java:requestVote(1218)) - omNode-2@group-523986131536: receive requestVote(PRE_VOTE, omNode-1, group-523986131536, 0, (t:0, i:~))
2023-03-15 06:53:01,833 [grpc-default-executor-11] INFO  impl.VoteContext (VoteContext.java:log(49)) - omNode-2@group-523986131536-FOLLOWER: accept PRE_VOTE from omNode-1: our priority 0 <= candidate's priority 0
2023-03-15 06:53:01,833 [grpc-default-executor-11] INFO  server.RaftServer$Division (RaftServerImpl.java:requestVote(1251)) - omNode-2@group-523986131536 replies to PRE_VOTE vote request: omNode-1<-omNode-2#0:OK-t0. Peer's state: omNode-2@group-523986131536:t0, leader=null, voted=, raftlog=Memoized:omNode-2@group-523986131536-SegmentedRaftLog:OPENED:c-1, conf=-1: peers:[omNode-3|rpc:localhost:34021|priority:0|startupRole:FOLLOWER, omNode-1|rpc:localhost:37799|priority:0|startupRole:FOLLOWER, omNode-2|rpc:localhost:36297|priority:0|startupRole:FOLLOWER]|listeners:[], old=null
2023-03-15 06:53:01,839 [omNode-1@group-523986131536-LeaderElection9] INFO  impl.LeaderElection (LeaderElection.java:logAndReturn(90)) - omNode-1@group-523986131536-LeaderElection9: PRE_VOTE PASSED received 1 response(s) and 1 exception(s):
2023-03-15 06:53:01,839 [omNode-1@group-523986131536-LeaderElection9] INFO  impl.LeaderElection (LeaderElection.java:logAndReturn(94)) -   Response 0: omNode-1<-omNode-2#0:OK-t0
2023-03-15 06:53:01,839 [omNode-1@group-523986131536-LeaderElection9] INFO  impl.LeaderElection (LogUtils.java:infoOrTrace(137)) -   Exception 1: java.util.concurrent.ExecutionException: org.apache.ratis.thirdparty.io.grpc.StatusRuntimeException: UNAVAILABLE: io exception
2023-03-15 06:53:01,839 [omNode-1@group-523986131536-LeaderElection9] INFO  impl.LeaderElection (LeaderElection.java:askForVotes(314)) - omNode-1@group-523986131536-LeaderElection9 PRE_VOTE round 0: result PASSED
2023-03-15 06:53:01,841 [omNode-1@group-523986131536-LeaderElection9] INFO  impl.LeaderElection (LeaderElection.java:askForVotes(312)) - omNode-1@group-523986131536-LeaderElection9 ELECTION round 0: submit vote requests at term 1 for -1: peers:[omNode-3|rpc:localhost:34021|priority:0|startupRole:FOLLOWER, omNode-1|rpc:localhost:37799|priority:0|startupRole:FOLLOWER, omNode-2|rpc:localhost:36297|priority:0|startupRole:FOLLOWER]|listeners:[], old=null
2023-03-15 06:53:01,845 [omNode-1@group-523986131536-LeaderElection9] INFO  server.RaftServerConfigKeys (ConfUtils.java:logFallback(53)) - raft.server.rpc.first-election.timeout.min = 1s (fallback to raft.server.rpc.timeout.min)
2023-03-15 06:53:01,845 [omNode-1@group-523986131536-LeaderElection9] INFO  server.RaftServerConfigKeys (ConfUtils.java:logFallback(53)) - raft.server.rpc.first-election.timeout.max = 1200ms (fallback to raft.server.rpc.timeout.max)
2023-03-15 06:53:01,846 [omNode-1@group-523986131536-LeaderElection9] INFO  impl.LeaderElection (LogUtils.java:infoOrTrace(137)) - omNode-1@group-523986131536-LeaderElection9 got exception when requesting votes: java.util.concurrent.ExecutionException: org.apache.ratis.thirdparty.io.grpc.StatusRuntimeException: UNAVAILABLE: io exception
2023-03-15 06:53:01,850 [grpc-default-executor-11] INFO  server.RaftServer$Division (RaftServerImpl.java:requestVote(1218)) - omNode-2@group-523986131536: receive requestVote(ELECTION, omNode-1, group-523986131536, 1, (t:0, i:~))
2023-03-15 06:53:01,850 [grpc-default-executor-11] INFO  impl.VoteContext (VoteContext.java:log(49)) - omNode-2@group-523986131536-FOLLOWER: accept ELECTION from omNode-1: our priority 0 <= candidate's priority 0
2023-03-15 06:53:01,850 [grpc-default-executor-11] INFO  server.RaftServer$Division (RaftServerImpl.java:setRole(321)) - omNode-2@group-523986131536: changes role from  FOLLOWER to FOLLOWER at term 1 for candidate:omNode-1
2023-03-15 06:53:01,850 [grpc-default-executor-11] INFO  impl.RoleInfo (RoleInfo.java:shutdownFollowerState(110)) - omNode-2: shutdown omNode-2@group-523986131536-FollowerState
2023-03-15 06:53:01,850 [grpc-default-executor-11] INFO  impl.RoleInfo (RoleInfo.java:updateAndGet(139)) - omNode-2: start omNode-2@group-523986131536-FollowerState
2023-03-15 06:53:01,850 [omNode-2@group-523986131536-FollowerState] INFO  impl.FollowerState (FollowerState.java:run(152)) - omNode-2@group-523986131536-FollowerState was interrupted
2023-03-15 06:53:01,856 [omNode-2@group-523986131536-FollowerState] INFO  server.RaftServerConfigKeys (ConfUtils.java:logFallback(53)) - raft.server.rpc.first-election.timeout.min = 1s (fallback to raft.server.rpc.timeout.min)
2023-03-15 06:53:01,856 [omNode-2@group-523986131536-FollowerState] INFO  server.RaftServerConfigKeys (ConfUtils.java:logFallback(53)) - raft.server.rpc.first-election.timeout.max = 1200ms (fallback to raft.server.rpc.timeout.max)
2023-03-15 06:53:01,857 [grpc-default-executor-11] INFO  server.RaftServer$Division (RaftServerImpl.java:requestVote(1251)) - omNode-2@group-523986131536 replies to ELECTION vote request: omNode-1<-omNode-2#0:OK-t1. Peer's state: omNode-2@group-523986131536:t1, leader=null, voted=omNode-1, raftlog=Memoized:omNode-2@group-523986131536-SegmentedRaftLog:OPENED:c-1, conf=-1: peers:[omNode-3|rpc:localhost:34021|priority:0|startupRole:FOLLOWER, omNode-1|rpc:localhost:37799|priority:0|startupRole:FOLLOWER, omNode-2|rpc:localhost:36297|priority:0|startupRole:FOLLOWER]|listeners:[], old=null
2023-03-15 06:53:01,859 [omNode-1@group-523986131536-LeaderElection9] INFO  impl.LeaderElection (LeaderElection.java:logAndReturn(90)) - omNode-1@group-523986131536-LeaderElection9: ELECTION PASSED received 1 response(s) and 1 exception(s):
2023-03-15 06:53:01,859 [omNode-1@group-523986131536-LeaderElection9] INFO  impl.LeaderElection (LeaderElection.java:logAndReturn(94)) -   Response 0: omNode-1<-omNode-2#0:OK-t1
2023-03-15 06:53:01,859 [omNode-1@group-523986131536-LeaderElection9] INFO  impl.LeaderElection (LogUtils.java:infoOrTrace(137)) -   Exception 1: java.util.concurrent.ExecutionException: org.apache.ratis.thirdparty.io.grpc.StatusRuntimeException: UNAVAILABLE: io exception
2023-03-15 06:53:01,859 [omNode-1@group-523986131536-LeaderElection9] INFO  impl.LeaderElection (LeaderElection.java:askForVotes(314)) - omNode-1@group-523986131536-LeaderElection9 ELECTION round 0: result PASSED
2023-03-15 06:53:01,859 [omNode-1@group-523986131536-LeaderElection9] INFO  impl.RoleInfo (RoleInfo.java:shutdownLeaderElection(130)) - omNode-1: shutdown omNode-1@group-523986131536-LeaderElection9
2023-03-15 06:53:01,859 [omNode-1@group-523986131536-LeaderElection9] INFO  server.RaftServer$Division (RaftServerImpl.java:setRole(321)) - omNode-1@group-523986131536: changes role from CANDIDATE to LEADER at term 1 for changeToLeader
2023-03-15 06:53:01,859 [omNode-1@group-523986131536-LeaderElection9] INFO  server.RaftServer$Division (ServerState.java:setLeader(313)) - omNode-1@group-523986131536: change Leader from null to omNode-1 at term 1 for becomeLeader, leader elected after 1781ms
2023-03-15 06:53:01,859 [omNode-1@group-523986131536-LeaderElection9] INFO  server.RaftServerConfigKeys (ConfUtils.java:logGet(46)) - raft.server.staging.catchup.gap = 1000 (default)
2023-03-15 06:53:01,859 [omNode-1@group-523986131536-LeaderElection9] INFO  server.RaftServerConfigKeys (ConfUtils.java:logGet(46)) - raft.server.write.element-limit = 4096 (default)
2023-03-15 06:53:01,859 [omNode-1@group-523986131536-LeaderElection9] INFO  server.RaftServerConfigKeys (ConfUtils.java:logGet(46)) - raft.server.write.byte-limit = 64MB (=67108864) (default)
2023-03-15 06:53:01,859 [omNode-1@group-523986131536-LeaderElection9] INFO  server.RaftServerConfigKeys (ConfUtils.java:logGet(46)) - raft.server.watch.timeout = 10s (default)
2023-03-15 06:53:01,859 [omNode-1@group-523986131536-LeaderElection9] INFO  server.RaftServerConfigKeys (ConfUtils.java:logGet(46)) - raft.server.watch.timeout.denomination = 1s (default)
2023-03-15 06:53:01,859 [omNode-1@group-523986131536-LeaderElection9] INFO  server.RaftServerConfigKeys (ConfUtils.java:logGet(46)) - raft.server.watch.element-limit = 65536 (default)
2023-03-15 06:53:01,860 [omNode-1@group-523986131536-LeaderElection9] INFO  server.RaftServerConfigKeys (ConfUtils.java:logGet(46)) - raft.server.write.element-limit = 4096 (default)
2023-03-15 06:53:01,860 [omNode-1@group-523986131536-LeaderElection9] INFO  server.RaftServerConfigKeys (ConfUtils.java:logGet(46)) - raft.server.write.follower.gap.ratio.max = -1.0 (default)
2023-03-15 06:53:01,860 [omNode-1@group-523986131536-LeaderElection9] INFO  server.RaftServerConfigKeys (ConfUtils.java:logGet(46)) - raft.server.log.appender.snapshot.chunk.size.max = 16MB (=16777216) (default)
2023-03-15 06:53:01,860 [omNode-1@group-523986131536-LeaderElection9] INFO  server.RaftServerConfigKeys (ConfUtils.java:logGet(46)) - raft.server.log.appender.buffer.byte-limit = 33554432 (custom)
2023-03-15 06:53:01,860 [omNode-1@group-523986131536-LeaderElection9] INFO  server.RaftServerConfigKeys (ConfUtils.java:logGet(46)) - raft.server.log.appender.buffer.element-limit = 1024 (custom)
2023-03-15 06:53:01,860 [omNode-1@group-523986131536-LeaderElection9] INFO  grpc.GrpcConfigKeys (ConfUtils.java:logGet(46)) - raft.grpc.server.leader.outstanding.appends.max = 128 (default)
2023-03-15 06:53:01,860 [omNode-1@group-523986131536-LeaderElection9] INFO  server.RaftServerConfigKeys (ConfUtils.java:logGet(46)) - raft.server.rpc.request.timeout = 3000ms (default)
2023-03-15 06:53:01,860 [omNode-1@group-523986131536-LeaderElection9] INFO  server.RaftServerConfigKeys (ConfUtils.java:logGet(46)) - raft.server.log.appender.install.snapshot.enabled = false (custom)
2023-03-15 06:53:01,860 [omNode-1@group-523986131536-LeaderElection9] INFO  grpc.GrpcConfigKeys (ConfUtils.java:logGet(46)) - raft.grpc.server.heartbeat.channel = true (default)
2023-03-15 06:53:01,860 [omNode-1@group-523986131536-LeaderElection9] INFO  server.RaftServerConfigKeys (ConfUtils.java:logGet(46)) - raft.server.log.appender.wait-time.min = 10ms (default)
2023-03-15 06:53:01,861 [omNode-1@group-523986131536-LeaderElection9] INFO  server.RaftServerConfigKeys (ConfUtils.java:logGet(46)) - raft.server.log.appender.snapshot.chunk.size.max = 16MB (=16777216) (default)
2023-03-15 06:53:01,861 [omNode-1@group-523986131536-LeaderElection9] INFO  server.RaftServerConfigKeys (ConfUtils.java:logGet(46)) - raft.server.log.appender.buffer.byte-limit = 33554432 (custom)
2023-03-15 06:53:01,861 [omNode-1@group-523986131536-LeaderElection9] INFO  server.RaftServerConfigKeys (ConfUtils.java:logGet(46)) - raft.server.log.appender.buffer.element-limit = 1024 (custom)
2023-03-15 06:53:01,861 [omNode-1@group-523986131536-LeaderElection9] INFO  grpc.GrpcConfigKeys (ConfUtils.java:logGet(46)) - raft.grpc.server.leader.outstanding.appends.max = 128 (default)
2023-03-15 06:53:01,861 [omNode-1@group-523986131536-LeaderElection9] INFO  server.RaftServerConfigKeys (ConfUtils.java:logGet(46)) - raft.server.rpc.request.timeout = 3000ms (default)
2023-03-15 06:53:01,861 [omNode-1@group-523986131536-LeaderElection9] INFO  server.RaftServerConfigKeys (ConfUtils.java:logGet(46)) - raft.server.log.appender.install.snapshot.enabled = false (custom)
2023-03-15 06:53:01,861 [omNode-1@group-523986131536-LeaderElection9] INFO  grpc.GrpcConfigKeys (ConfUtils.java:logGet(46)) - raft.grpc.server.heartbeat.channel = true (default)
2023-03-15 06:53:01,861 [omNode-1@group-523986131536-LeaderElection9] INFO  server.RaftServerConfigKeys (ConfUtils.java:logGet(46)) - raft.server.log.appender.wait-time.min = 10ms (default)
2023-03-15 06:53:01,861 [omNode-1@group-523986131536-LeaderElection9] INFO  impl.RoleInfo (RoleInfo.java:updateAndGet(139)) - omNode-1: start omNode-1@group-523986131536-LeaderStateImpl
2023-03-15 06:53:01,863 [omNode-1@group-523986131536-LeaderElection9] INFO  segmented.SegmentedRaftLogWorker (SegmentedRaftLogWorker.java:startLogSegment(452)) - omNode-1@group-523986131536-SegmentedRaftLogWorker: Starting segment from index:0
2023-03-15 06:53:01,868 [grpc-default-executor-11] WARN  server.GrpcLogAppender (LogUtils.java:warn(122)) - omNode-1@group-523986131536->omNode-3-AppendLogResponseHandler: Failed appendEntries: org.apache.ratis.thirdparty.io.grpc.StatusRuntimeException: UNAVAILABLE: io exception
2023-03-15 06:53:01,871 [grpc-default-executor-11] WARN  server.GrpcLogAppender (GrpcLogAppender.java:resetClient(131)) - omNode-1@group-523986131536->omNode-3-GrpcLogAppender: Leader has not got in touch with Follower omNode-1@group-523986131536->omNode-3(c-1,m0,n0, attendVote=true, lastRpcSendTime=0, lastRpcResponseTime=1210) yet, just keep nextIndex unchanged and retry.
2023-03-15 06:53:01,877 [grpc-default-executor-11] WARN  server.GrpcLogAppender (LogUtils.java:warn(122)) - omNode-1@group-523986131536->omNode-3-AppendLogResponseHandler: Failed appendEntries: org.apache.ratis.thirdparty.io.grpc.StatusRuntimeException: UNAVAILABLE: io exception
2023-03-15 06:53:01,878 [omNode-1@group-523986131536-SegmentedRaftLogWorker] INFO  segmented.SegmentedRaftLogWorker (SegmentedRaftLogWorker.java:execute(656)) - omNode-1@group-523986131536-SegmentedRaftLogWorker: created new log segment /home/runner/work/ozone/ozone/hadoop-ozone/integration-test/target/test-dir/MiniOzoneClusterImpl-8d40f1f0-3e23-4273-879b-a609159ae6a4/omNode-1/ratis/c9bc4cf4-3bc3-3c60-a66b-523986131536/current/log_inprogress_0
2023-03-15 06:53:01,878 [grpc-default-executor-11] WARN  server.GrpcLogAppender (GrpcLogAppender.java:resetClient(131)) - omNode-1@group-523986131536->omNode-3-GrpcLogAppender: Leader has not got in touch with Follower omNode-1@group-523986131536->omNode-3(c-1,m0,n0, attendVote=true, lastRpcSendTime=8, lastRpcResponseTime=1218) yet, just keep nextIndex unchanged and retry.
2023-03-15 06:53:01,880 [omNode-1@group-523986131536-LeaderElection9] INFO  server.RaftServer$Division (ServerState.java:setRaftConf(430)) - omNode-1@group-523986131536: set configuration 0: peers:[omNode-3|rpc:localhost:34021|admin:|client:|dataStream:|priority:0|startupRole:FOLLOWER, omNode-1|rpc:localhost:37799|admin:|client:|dataStream:|priority:0|startupRole:FOLLOWER, omNode-2|rpc:localhost:36297|admin:|client:|dataStream:|priority:0|startupRole:FOLLOWER]|listeners:[], old=null
2023-03-15 06:53:01,880 [omNode-1@group-523986131536-StateMachineUpdater] INFO  ratis.OzoneManagerStateMachine (OzoneManagerStateMachine.java:notifyConfigurationChanged(192)) - Received Configuration change notification from Ratis. New Peer list:
[id: "omNode-3"
address: "localhost:34021"
startupRole: FOLLOWER
, id: "omNode-1"
address: "localhost:37799"
startupRole: FOLLOWER
, id: "omNode-2"
address: "localhost:36297"
startupRole: FOLLOWER
]
2023-03-15 06:53:01,881 [grpc-default-executor-11] WARN  server.GrpcLogAppender (LogUtils.java:warn(122)) - omNode-1@group-523986131536->omNode-3-AppendLogResponseHandler: Failed appendEntries: org.apache.ratis.thirdparty.io.grpc.StatusRuntimeException: UNAVAILABLE: io exception
2023-03-15 06:53:01,881 [grpc-default-executor-2] WARN  server.GrpcLogAppender (LogUtils.java:warn(122)) - omNode-1@group-523986131536->omNode-3-AppendLogResponseHandler: Failed appendEntries: org.apache.ratis.thirdparty.io.grpc.StatusRuntimeException: UNAVAILABLE: io exception
2023-03-15 06:53:01,882 [grpc-default-executor-11] WARN  server.GrpcLogAppender (GrpcLogAppender.java:resetClient(131)) - omNode-1@group-523986131536->omNode-3-GrpcLogAppender: Leader has not got in touch with Follower omNode-1@group-523986131536->omNode-3(c-1,m0,n1, attendVote=true, lastRpcSendTime=0, lastRpcResponseTime=1222) yet, just keep nextIndex unchanged and retry.
2023-03-15 06:53:01,882 [grpc-default-executor-2] WARN  server.GrpcLogAppender (GrpcLogAppender.java:resetClient(131)) - omNode-1@group-523986131536->omNode-3-GrpcLogAppender: Leader has not got in touch with Follower omNode-1@group-523986131536->omNode-3(c-1,m0,n1, attendVote=true, lastRpcSendTime=0, lastRpcResponseTime=1222) yet, just keep nextIndex unchanged and retry.
2023-03-15 06:53:01,890 [Listener at 127.0.0.1/38869] INFO  om.OzoneManager (OzoneManager.java:instantiateServices(750)) - S3 Multi-Tenancy is disabled
2023-03-15 06:53:01,892 [Listener at 127.0.0.1/38869] WARN  server.ServerUtils (ServerUtils.java:getDBPath(225)) - ozone.om.snapshot.diff.db.dir is not configured. We recommend adding this setting. Falling back to ozone.metadata.dirs instead.
2023-03-15 06:53:01,894 [omNode-2-server-thread1] INFO  server.RaftServer$Division (ServerState.java:setLeader(313)) - omNode-2@group-523986131536: change Leader from null to omNode-1 at term 1 for appendEntries, leader elected after 817ms
2023-03-15 06:53:01,900 [omNode-2-server-thread2] INFO  server.RaftServer$Division (ServerState.java:setRaftConf(430)) - omNode-2@group-523986131536: set configuration 0: peers:[omNode-3|rpc:localhost:34021|admin:|client:|dataStream:|priority:0|startupRole:FOLLOWER, omNode-1|rpc:localhost:37799|admin:|client:|dataStream:|priority:0|startupRole:FOLLOWER, omNode-2|rpc:localhost:36297|admin:|client:|dataStream:|priority:0|startupRole:FOLLOWER]|listeners:[], old=null
2023-03-15 06:53:01,900 [omNode-2-server-thread2] INFO  segmented.SegmentedRaftLogWorker (SegmentedRaftLogWorker.java:startLogSegment(452)) - omNode-2@group-523986131536-SegmentedRaftLogWorker: Starting segment from index:0
2023-03-15 06:53:01,914 [omNode-2@group-523986131536-SegmentedRaftLogWorker] INFO  segmented.SegmentedRaftLogWorker (SegmentedRaftLogWorker.java:execute(656)) - omNode-2@group-523986131536-SegmentedRaftLogWorker: created new log segment /home/runner/work/ozone/ozone/hadoop-ozone/integration-test/target/test-dir/MiniOzoneClusterImpl-8d40f1f0-3e23-4273-879b-a609159ae6a4/omNode-2/ratis/c9bc4cf4-3bc3-3c60-a66b-523986131536/current/log_inprogress_0
2023-03-15 06:53:01,914 [Listener at 127.0.0.1/38869] INFO  om.OzoneManager (OzoneManager.java:addS3GVolumeToDB(4228)) - Created Volume s3v With Owner runner required for S3Gateway operations.
2023-03-15 06:53:01,915 [Listener at 127.0.0.1/38869] WARN  server.ServerUtils (ServerUtils.java:getDefaultRatisDirectory(237)) - Storage directory for Ratis is not configured. It is a good idea to map this to an SSD disk. Falling back to ozone.metadata.dirs
2023-03-15 06:53:01,915 [Listener at 127.0.0.1/38869] WARN  utils.OzoneManagerRatisUtils (OzoneManagerRatisUtils.java:getOMRatisSnapshotDirectory(439)) - ozone.om.ratis.snapshot.dir is not configured. Falling back to ozone.metadata.dirs config
2023-03-15 06:53:01,915 [Listener at 127.0.0.1/38869] INFO  snapshot.OzoneManagerSnapshotProvider (OzoneManagerSnapshotProvider.java:<init>(76)) - Initializing OM Snapshot Provider
2023-03-15 06:53:01,920 [omNode-2@group-523986131536-StateMachineUpdater] INFO  ratis.OzoneManagerStateMachine (OzoneManagerStateMachine.java:notifyConfigurationChanged(192)) - Received Configuration change notification from Ratis. New Peer list:
[id: "omNode-3"
address: "localhost:34021"
startupRole: FOLLOWER
, id: "omNode-1"
address: "localhost:37799"
startupRole: FOLLOWER
, id: "omNode-2"
address: "localhost:36297"
startupRole: FOLLOWER
]
2023-03-15 06:53:01,927 [Listener at 127.0.0.1/38869] WARN  impl.MetricRegistriesImpl (MetricRegistriesImpl.java:addReporterRegistration(111)) - New reporters are added after registries were created. Some metrics will be missing from the reporter. Please add reporter before adding any new registry.
2023-03-15 06:53:01,927 [Listener at 127.0.0.1/38869] WARN  impl.MetricRegistriesImpl (MetricRegistriesImpl.java:addReporterRegistration(111)) - New reporters are added after registries were created. Some metrics will be missing from the reporter. Please add reporter before adding any new registry.
2023-03-15 06:53:01,927 [Listener at 127.0.0.1/38869] WARN  server.ServerUtils (ServerUtils.java:getDefaultRatisDirectory(237)) - Storage directory for Ratis is not configured. It is a good idea to map this to an SSD disk. Falling back to ozone.metadata.dirs
2023-03-15 06:53:01,928 [Listener at 127.0.0.1/38869] INFO  ratis.OzoneManagerRatisServer (OzoneManagerRatisServer.java:<init>(164)) - Instantiating OM Ratis server with groupID: om-service-test1 and peers: localhost:34021, localhost:37799, localhost:36297
2023-03-15 06:53:01,928 [Listener at 127.0.0.1/38869] INFO  ratis.OzoneManagerStateMachine (OzoneManagerStateMachine.java:loadSnapshotInfoFromDB(636)) - LastAppliedIndex is set from TransactionInfo from OM DB as (t:0, i:~)
2023-03-15 06:53:01,929 [Listener at 127.0.0.1/38869] INFO  server.RaftServer (ConfUtils.java:logGet(46)) - raft.rpc.type = GRPC (default)
2023-03-15 06:53:01,929 [Listener at 127.0.0.1/38869] INFO  grpc.GrpcConfigKeys (ConfUtils.java:logFallback(53)) - raft.grpc.admin.host = null (fallback to raft.grpc.server.host)
2023-03-15 06:53:01,929 [Listener at 127.0.0.1/38869] INFO  grpc.GrpcConfigKeys (ConfUtils.java:logFallback(53)) - raft.grpc.admin.port = 34021 (fallback to raft.grpc.server.port)
2023-03-15 06:53:01,929 [Listener at 127.0.0.1/38869] INFO  grpc.GrpcConfigKeys (ConfUtils.java:logFallback(53)) - raft.grpc.client.host = null (fallback to raft.grpc.server.host)
2023-03-15 06:53:01,929 [Listener at 127.0.0.1/38869] INFO  grpc.GrpcConfigKeys (ConfUtils.java:logFallback(53)) - raft.grpc.client.port = 34021 (fallback to raft.grpc.server.port)
2023-03-15 06:53:01,929 [Listener at 127.0.0.1/38869] INFO  grpc.GrpcConfigKeys (ConfUtils.java:logGet(46)) - raft.grpc.server.host = null (default)
2023-03-15 06:53:01,929 [Listener at 127.0.0.1/38869] INFO  grpc.GrpcConfigKeys (ConfUtils.java:logGet(46)) - raft.grpc.server.port = 34021 (custom)
2023-03-15 06:53:01,930 [Listener at 127.0.0.1/38869] INFO  server.GrpcService (ConfUtils.java:logGet(46)) - raft.grpc.message.size.max = 33554432 (custom)
2023-03-15 06:53:01,930 [Listener at 127.0.0.1/38869] INFO  server.RaftServerConfigKeys (ConfUtils.java:logGet(46)) - raft.server.log.appender.buffer.byte-limit = 33554432 (custom)
2023-03-15 06:53:01,930 [Listener at 127.0.0.1/38869] INFO  server.GrpcService (ConfUtils.java:logGet(46)) - raft.grpc.flow.control.window = 1MB (=1048576) (default)
2023-03-15 06:53:01,930 [Listener at 127.0.0.1/38869] INFO  server.RaftServerConfigKeys (ConfUtils.java:logGet(46)) - raft.server.rpc.request.timeout = 3000ms (default)
2023-03-15 06:53:01,930 [Listener at 127.0.0.1/38869] INFO  grpc.GrpcConfigKeys (ConfUtils.java:logGet(46)) - raft.grpc.server.heartbeat.channel = true (default)
2023-03-15 06:53:01,930 [Listener at 127.0.0.1/38869] INFO  grpc.GrpcConfigKeys (ConfUtils.java:logGet(46)) - raft.grpc.server.async.request.thread.pool.cached = true (default)
2023-03-15 06:53:01,930 [Listener at 127.0.0.1/38869] INFO  grpc.GrpcConfigKeys (ConfUtils.java:logGet(46)) - raft.grpc.server.async.request.thread.pool.size = 32 (default)
2023-03-15 06:53:01,931 [Listener at 127.0.0.1/38869] INFO  impl.DataStreamServerImpl (ConfUtils.java:logGet(46)) - raft.datastream.type = DISABLED (default)
2023-03-15 06:53:01,932 [Listener at 127.0.0.1/38869] INFO  server.RaftServerConfigKeys (ConfUtils.java:logGet(46)) - raft.server.threadpool.proxy.cached = true (default)
2023-03-15 06:53:01,932 [Listener at 127.0.0.1/38869] INFO  server.RaftServerConfigKeys (ConfUtils.java:logGet(46)) - raft.server.threadpool.proxy.size = 0 (default)
2023-03-15 06:53:01,932 [Listener at 127.0.0.1/38869] INFO  server.RaftServerConfigKeys (ConfUtils.java:logGet(46)) - raft.server.rpc.slowness.timeout = 2s (custom)
2023-03-15 06:53:01,932 [Listener at 127.0.0.1/38869] INFO  server.RaftServerConfigKeys (ConfUtils.java:logGet(46)) - raft.server.leaderelection.leader.step-down.wait-time = 10s (default)
2023-03-15 06:53:01,932 [Listener at 127.0.0.1/38869] INFO  server.RaftServerConfigKeys (ConfUtils.java:logGet(46)) - raft.server.storage.dir = [/home/runner/work/ozone/ozone/hadoop-ozone/integration-test/target/test-dir/MiniOzoneClusterImpl-8d40f1f0-3e23-4273-879b-a609159ae6a4/omNode-3/ratis] (custom)
2023-03-15 06:53:01,935 [Listener at 127.0.0.1/38869] INFO  server.RaftServer (RaftServerProxy.java:addNew(96)) - omNode-3: addNew group-523986131536:[omNode-3|rpc:localhost:34021|priority:0|startupRole:FOLLOWER, omNode-1|rpc:localhost:37799|priority:0|startupRole:FOLLOWER, omNode-2|rpc:localhost:36297|priority:0|startupRole:FOLLOWER] returns group-523986131536:java.util.concurrent.CompletableFuture@7b8ecfd0[Not completed]
2023-03-15 06:53:01,935 [Listener at 127.0.0.1/38869] INFO  om.OzoneManager (OzoneManager.java:initializeRatisServer(2107)) - OzoneManager Ratis server initialized at port 34021
2023-03-15 06:53:01,936 [Listener at 127.0.0.1/38869] INFO  om.OzoneManager (OzoneManager.java:getRpcServer(1134)) - Creating RPC Server
2023-03-15 06:53:01,943 [pool-811-thread-1] INFO  server.RaftServer$Division (RaftServerImpl.java:<init>(195)) - omNode-3: new RaftServerImpl for group-523986131536:[omNode-3|rpc:localhost:34021|priority:0|startupRole:FOLLOWER, omNode-1|rpc:localhost:37799|priority:0|startupRole:FOLLOWER, omNode-2|rpc:localhost:36297|priority:0|startupRole:FOLLOWER] with OzoneManagerStateMachine:uninitialized
2023-03-15 06:53:01,944 [pool-811-thread-1] INFO  server.RaftServerConfigKeys (ConfUtils.java:logGet(46)) - raft.server.rpc.timeout.min = 1s (custom)
2023-03-15 06:53:01,944 [pool-811-thread-1] INFO  server.RaftServerConfigKeys (ConfUtils.java:logGet(46)) - raft.server.rpc.timeout.max = 1200ms (custom)
2023-03-15 06:53:01,944 [pool-811-thread-1] INFO  server.RaftServerConfigKeys (ConfUtils.java:logGet(46)) - raft.server.rpc.sleep.time = 25ms (default)
2023-03-15 06:53:01,944 [pool-811-thread-1] INFO  server.RaftServerConfigKeys (ConfUtils.java:logGet(46)) - raft.server.rpc.slowness.timeout = 2s (custom)
2023-03-15 06:53:01,944 [pool-811-thread-1] INFO  server.RaftServerConfigKeys (ConfUtils.java:logGet(46)) - raft.server.leaderelection.leader.step-down.wait-time = 10s (default)
2023-03-15 06:53:01,944 [pool-811-thread-1] INFO  server.RaftServerConfigKeys (ConfUtils.java:logGet(46)) - raft.server.sleep.deviation.threshold = 300ms (default)
2023-03-15 06:53:01,945 [pool-811-thread-1] INFO  server.RaftServer$Division (ServerState.java:<init>(118)) - omNode-3@group-523986131536: ConfigurationManager, init=-1: peers:[omNode-3|rpc:localhost:34021|priority:0|startupRole:FOLLOWER, omNode-1|rpc:localhost:37799|priority:0|startupRole:FOLLOWER, omNode-2|rpc:localhost:36297|priority:0|startupRole:FOLLOWER]|listeners:[], old=null, confs=<EMPTY_MAP>
2023-03-15 06:53:01,945 [pool-811-thread-1] INFO  server.RaftServerConfigKeys (ConfUtils.java:logGet(46)) - raft.server.storage.dir = [/home/runner/work/ozone/ozone/hadoop-ozone/integration-test/target/test-dir/MiniOzoneClusterImpl-8d40f1f0-3e23-4273-879b-a609159ae6a4/omNode-3/ratis] (custom)
2023-03-15 06:53:01,945 [pool-811-thread-1] INFO  server.RaftServerConfigKeys (ConfUtils.java:logGet(46)) - raft.server.log.corruption.policy = EXCEPTION (default)
2023-03-15 06:53:01,945 [pool-811-thread-1] INFO  server.RaftServerConfigKeys (ConfUtils.java:logGet(46)) - raft.server.storage.free-space.min = 0MB (=0) (default)
2023-03-15 06:53:01,945 [pool-811-thread-1] INFO  server.RaftServerConfigKeys (ConfUtils.java:logGet(46)) - raft.server.notification.no-leader.timeout = 2s (custom)
2023-03-15 06:53:01,946 [pool-811-thread-1] INFO  server.RaftServerConfigKeys (ConfUtils.java:logGet(46)) - raft.server.retrycache.expirytime = 300s (custom)
2023-03-15 06:53:01,946 [pool-811-thread-1] INFO  server.RaftServerConfigKeys (ConfUtils.java:logGet(46)) - raft.server.retrycache.statistics.expirytime = 100μs (default)
2023-03-15 06:53:01,955 [pool-811-thread-1] INFO  server.RaftServerConfigKeys (ConfUtils.java:logGet(46)) - raft.server.log.appender.install.snapshot.enabled = false (custom)
2023-03-15 06:53:01,955 [pool-811-thread-1] INFO  server.RaftServerConfigKeys (ConfUtils.java:logGet(46)) - raft.server.threadpool.server.cached = true (default)
2023-03-15 06:53:01,955 [pool-811-thread-1] INFO  server.RaftServerConfigKeys (ConfUtils.java:logGet(46)) - raft.server.threadpool.server.size = 0 (default)
2023-03-15 06:53:01,955 [pool-811-thread-1] INFO  server.RaftServerConfigKeys (ConfUtils.java:logGet(46)) - raft.server.threadpool.client.cached = true (default)
2023-03-15 06:53:01,955 [pool-811-thread-1] INFO  server.RaftServerConfigKeys (ConfUtils.java:logGet(46)) - raft.server.threadpool.client.size = 0 (default)
2023-03-15 06:53:02,243 [Finalizer] WARN  managed.ManagedRocksObjectUtils (ManagedRocksObjectUtils.java:assertClosed(54)) - RocksIterator is not closed properly
2023-03-15 06:53:02,244 [Finalizer] WARN  managed.ManagedRocksObjectUtils (ManagedRocksObjectUtils.java:assertClosed(54)) - RocksIterator is not closed properly
2023-03-15 06:53:02,247 [grpc-default-executor-2] WARN  server.GrpcLogAppender (LogUtils.java:warn(122)) - omNode-1@group-523986131536->omNode-3-AppendLogResponseHandler: Failed appendEntries: org.apache.ratis.thirdparty.io.grpc.StatusRuntimeException: UNAVAILABLE: io exception
2023-03-15 06:53:02,248 [grpc-default-executor-2] WARN  server.GrpcLogAppender (GrpcLogAppender.java:resetClient(131)) - omNode-1@group-523986131536->omNode-3-GrpcLogAppender: Leader has not got in touch with Follower omNode-1@group-523986131536->omNode-3(c-1,m0,n1, attendVote=true, lastRpcSendTime=1, lastRpcResponseTime=1588) yet, just keep nextIndex unchanged and retry.
2023-03-15 06:53:02,248 [grpc-default-executor-7] WARN  server.GrpcLogAppender (LogUtils.java:warn(122)) - omNode-1@group-523986131536->omNode-3-AppendLogResponseHandler: Failed appendEntries: org.apache.ratis.thirdparty.io.grpc.StatusRuntimeException: UNAVAILABLE: io exception
2023-03-15 06:53:02,249 [grpc-default-executor-7] WARN  server.GrpcLogAppender (GrpcLogAppender.java:resetClient(131)) - omNode-1@group-523986131536->omNode-3-GrpcLogAppender: Leader has not got in touch with Follower omNode-1@group-523986131536->omNode-3(c-1,m0,n1, attendVote=true, lastRpcSendTime=2, lastRpcResponseTime=1588) yet, just keep nextIndex unchanged and retry.
2023-03-15 06:53:02,500 [grpc-default-executor-7] WARN  server.GrpcLogAppender (LogUtils.java:warn(122)) - omNode-1@group-523986131536->omNode-3-AppendLogResponseHandler: Failed appendEntries: org.apache.ratis.thirdparty.io.grpc.StatusRuntimeException: UNAVAILABLE: io exception
2023-03-15 06:53:02,501 [grpc-default-executor-7] WARN  server.GrpcLogAppender (GrpcLogAppender.java:resetClient(131)) - omNode-1@group-523986131536->omNode-3-GrpcLogAppender: Leader has not got in touch with Follower omNode-1@group-523986131536->omNode-3(c-1,m0,n1, attendVote=true, lastRpcSendTime=1, lastRpcResponseTime=1841) yet, just keep nextIndex unchanged and retry.
2023-03-15 06:53:02,501 [grpc-default-executor-2] WARN  server.GrpcLogAppender (LogUtils.java:warn(122)) - omNode-1@group-523986131536->omNode-3-AppendLogResponseHandler: Failed appendEntries: org.apache.ratis.thirdparty.io.grpc.StatusRuntimeException: UNAVAILABLE: io exception
2023-03-15 06:53:02,501 [grpc-default-executor-2] WARN  server.GrpcLogAppender (GrpcLogAppender.java:resetClient(131)) - omNode-1@group-523986131536->omNode-3-GrpcLogAppender: Leader has not got in touch with Follower omNode-1@group-523986131536->omNode-3(c-1,m0,n1, attendVote=true, lastRpcSendTime=1, lastRpcResponseTime=1841) yet, just keep nextIndex unchanged and retry.
2023-03-15 06:53:02,711 [Listener at 127.0.0.1/38869] INFO  reflections.Reflections (Reflections.java:scan(232)) - Reflections took 772 ms to scan 19 urls, producing 68 keys and 4936 values [using 2 cores]
2023-03-15 06:53:02,712 [Listener at 127.0.0.1/38869] INFO  ipc.CallQueueManager (CallQueueManager.java:<init>(90)) - Using callQueue: class java.util.concurrent.LinkedBlockingQueue, queueCapacity: 2000, scheduler: class org.apache.hadoop.ipc.DefaultRpcScheduler, ipcBackoff: false.
2023-03-15 06:53:02,713 [Socket Reader #1 for port 33927] INFO  ipc.Server (Server.java:run(1273)) - Starting Socket Reader #1 for port 33927
2023-03-15 06:53:02,738 [Listener at 127.0.0.1/33927] INFO  impl.MetricsSystemImpl (MetricsSystemImpl.java:init(158)) - OzoneManager metrics system started (again)
2023-03-15 06:53:02,748 [Listener at 127.0.0.1/33927] INFO  om.OzoneManager (OzoneManager.java:start(1564)) - OzoneManager RPC server is listening at localhost/127.0.0.1:33927
2023-03-15 06:53:02,748 [Listener at 127.0.0.1/33927] INFO  ratis.OzoneManagerRatisServer (OzoneManagerRatisServer.java:start(559)) - Starting OzoneManagerRatisServer omNode-3 at port 34021
2023-03-15 06:53:02,749 [omNode-3-impl-thread1] INFO  storage.RaftStorageDirectory (RaftStorageDirectoryImpl.java:analyzeStorage(137)) - The storage directory /home/runner/work/ozone/ozone/hadoop-ozone/integration-test/target/test-dir/MiniOzoneClusterImpl-8d40f1f0-3e23-4273-879b-a609159ae6a4/omNode-3/ratis/c9bc4cf4-3bc3-3c60-a66b-523986131536 does not exist. Creating ...
2023-03-15 06:53:02,750 [omNode-3-impl-thread1] INFO  storage.RaftStorageDirectory (RaftStorageDirectoryImpl.java:tryLock(231)) - Lock on /home/runner/work/ozone/ozone/hadoop-ozone/integration-test/target/test-dir/MiniOzoneClusterImpl-8d40f1f0-3e23-4273-879b-a609159ae6a4/omNode-3/ratis/c9bc4cf4-3bc3-3c60-a66b-523986131536/in_use.lock acquired by nodename 3629@fv-az210-452
2023-03-15 06:53:02,751 [grpc-default-executor-2] WARN  server.GrpcLogAppender (LogUtils.java:warn(122)) - omNode-1@group-523986131536->omNode-3-AppendLogResponseHandler: Failed appendEntries: org.apache.ratis.thirdparty.io.grpc.StatusRuntimeException: UNAVAILABLE: io exception
2023-03-15 06:53:02,751 [grpc-default-executor-7] WARN  server.GrpcLogAppender (LogUtils.java:warn(122)) - omNode-1@group-523986131536->omNode-3-AppendLogResponseHandler: Failed appendEntries: org.apache.ratis.thirdparty.io.grpc.StatusRuntimeException: UNAVAILABLE: io exception
2023-03-15 06:53:02,752 [grpc-default-executor-2] WARN  server.GrpcLogAppender (GrpcLogAppender.java:resetClient(131)) - omNode-1@group-523986131536->omNode-3-GrpcLogAppender: Leader has not got in touch with Follower omNode-1@group-523986131536->omNode-3(c-1,m0,n1, attendVote=true, lastRpcSendTime=1, lastRpcResponseTime=2092) yet, just keep nextIndex unchanged and retry.
2023-03-15 06:53:02,755 [grpc-default-executor-7] WARN  server.GrpcLogAppender (GrpcLogAppender.java:resetClient(131)) - omNode-1@group-523986131536->omNode-3-GrpcLogAppender: Leader has not got in touch with Follower omNode-1@group-523986131536->omNode-3(c-1,m0,n1, attendVote=true, lastRpcSendTime=3, lastRpcResponseTime=2094) yet, just keep nextIndex unchanged and retry.
2023-03-15 06:53:02,756 [omNode-3-impl-thread1] INFO  storage.RaftStorage (RaftStorageImpl.java:format(96)) - Storage directory /home/runner/work/ozone/ozone/hadoop-ozone/integration-test/target/test-dir/MiniOzoneClusterImpl-8d40f1f0-3e23-4273-879b-a609159ae6a4/omNode-3/ratis/c9bc4cf4-3bc3-3c60-a66b-523986131536 has been successfully formatted.
2023-03-15 06:53:02,756 [omNode-3-impl-thread1] INFO  server.RaftServerConfigKeys (ConfUtils.java:logGet(46)) - raft.server.log.use.memory = false (default)
2023-03-15 06:53:02,756 [omNode-3-impl-thread1] INFO  server.RaftServerConfigKeys (ConfUtils.java:logGet(46)) - raft.server.log.purge.gap = 1000000 (custom)
2023-03-15 06:53:02,757 [omNode-3-impl-thread1] INFO  server.RaftServerConfigKeys (ConfUtils.java:logGet(46)) - raft.server.log.appender.buffer.byte-limit = 33554432 (custom)
2023-03-15 06:53:02,757 [omNode-3-impl-thread1] INFO  server.RaftServerConfigKeys (ConfUtils.java:logGet(46)) - raft.server.log.statemachine.data.read.timeout = 1000ms (default)
2023-03-15 06:53:02,757 [omNode-3-impl-thread1] INFO  server.RaftServerConfigKeys (ConfUtils.java:logGet(46)) - raft.server.log.purge.preservation.log.num = 0 (default)
2023-03-15 06:53:02,757 [omNode-3-impl-thread1] INFO  server.RaftServerConfigKeys (ConfUtils.java:logGet(46)) - raft.server.log.segment.size.max = 4194304 (custom)
2023-03-15 06:53:02,757 [omNode-3-impl-thread1] INFO  server.RaftServerConfigKeys (ConfUtils.java:logGet(46)) - raft.server.log.segment.cache.num.max = 2 (custom)
2023-03-15 06:53:02,757 [omNode-3-impl-thread1] INFO  server.RaftServerConfigKeys (ConfUtils.java:logGet(46)) - raft.server.log.segment.cache.size.max = 200MB (=209715200) (default)
2023-03-15 06:53:02,757 [omNode-3-impl-thread1] INFO  segmented.SegmentedRaftLogWorker (SegmentedRaftLogWorker.java:<init>(189)) - new omNode-3@group-523986131536-SegmentedRaftLogWorker for RaftStorageImpl:Storage Directory /home/runner/work/ozone/ozone/hadoop-ozone/integration-test/target/test-dir/MiniOzoneClusterImpl-8d40f1f0-3e23-4273-879b-a609159ae6a4/omNode-3/ratis/c9bc4cf4-3bc3-3c60-a66b-523986131536
2023-03-15 06:53:02,757 [omNode-3-impl-thread1] INFO  server.RaftServerConfigKeys (ConfUtils.java:logGet(46)) - raft.server.log.queue.byte-limit = 64MB (=67108864) (default)
2023-03-15 06:53:02,757 [omNode-3-impl-thread1] INFO  server.RaftServerConfigKeys (ConfUtils.java:logGet(46)) - raft.server.log.queue.element-limit = 4096 (default)
2023-03-15 06:53:02,757 [omNode-3-impl-thread1] INFO  server.RaftServerConfigKeys (ConfUtils.java:logGet(46)) - raft.server.log.segment.size.max = 4194304 (custom)
2023-03-15 06:53:02,757 [omNode-3-impl-thread1] INFO  server.RaftServerConfigKeys (ConfUtils.java:logGet(46)) - raft.server.log.preallocated.size = 4194304 (custom)
2023-03-15 06:53:02,757 [omNode-3-impl-thread1] INFO  server.RaftServerConfigKeys (ConfUtils.java:logGet(46)) - raft.server.log.force.sync.num = 128 (default)
2023-03-15 06:53:02,757 [omNode-3-impl-thread1] INFO  server.RaftServerConfigKeys (ConfUtils.java:logGet(46)) - raft.server.log.statemachine.data.sync = true (default)
2023-03-15 06:53:02,757 [omNode-3-impl-thread1] INFO  server.RaftServerConfigKeys (ConfUtils.java:logGet(46)) - raft.server.log.statemachine.data.sync.timeout = 10s (default)
2023-03-15 06:53:02,757 [omNode-3-impl-thread1] INFO  server.RaftServerConfigKeys (ConfUtils.java:logGet(46)) - raft.server.log.statemachine.data.sync.timeout.retry = -1 (default)
2023-03-15 06:53:02,758 [omNode-3-impl-thread1] INFO  server.RaftServerConfigKeys (ConfUtils.java:logGet(46)) - raft.server.log.write.buffer.size = 64KB (=65536) (default)
2023-03-15 06:53:02,758 [omNode-3-impl-thread1] INFO  server.RaftServerConfigKeys (ConfUtils.java:logGet(46)) - raft.server.log.appender.buffer.byte-limit = 33554432 (custom)
2023-03-15 06:53:02,763 [omNode-3-impl-thread1] INFO  server.RaftServerConfigKeys (ConfUtils.java:logGet(46)) - raft.server.log.unsafe-flush.enabled = false (default)
2023-03-15 06:53:02,763 [omNode-3-impl-thread1] INFO  server.RaftServerConfigKeys (ConfUtils.java:logGet(46)) - raft.server.log.async-flush.enabled = false (default)
2023-03-15 06:53:02,764 [omNode-3-impl-thread1] INFO  server.RaftServerConfigKeys (ConfUtils.java:logGet(46)) - raft.server.log.statemachine.data.caching.enabled = false (default)
2023-03-15 06:53:02,764 [omNode-3-impl-thread1] INFO  segmented.SegmentedRaftLogWorker (SegmentedRaftLogWorker.java:lambda$new$0(135)) - omNode-3@group-523986131536-SegmentedRaftLogWorker: flushIndex: setUnconditionally 0 -> -1
2023-03-15 06:53:02,764 [omNode-3-impl-thread1] INFO  segmented.SegmentedRaftLogWorker (SegmentedRaftLogWorker.java:lambda$new$0(135)) - omNode-3@group-523986131536-SegmentedRaftLogWorker: safeCacheEvictIndex: setUnconditionally 0 -> -1
2023-03-15 06:53:02,764 [omNode-3-impl-thread1] INFO  server.RaftServer$Division (RaftServerImpl.java:start(334)) - omNode-3@group-523986131536: start as a follower, conf=-1: peers:[omNode-3|rpc:localhost:34021|priority:0|startupRole:FOLLOWER, omNode-1|rpc:localhost:37799|priority:0|startupRole:FOLLOWER, omNode-2|rpc:localhost:36297|priority:0|startupRole:FOLLOWER]|listeners:[], old=null
2023-03-15 06:53:02,764 [omNode-3-impl-thread1] INFO  server.RaftServer$Division (RaftServerImpl.java:setRole(321)) - omNode-3@group-523986131536: changes role from      null to FOLLOWER at term 0 for startAsFollower
2023-03-15 06:53:02,764 [omNode-3-impl-thread1] INFO  impl.RoleInfo (RoleInfo.java:updateAndGet(139)) - omNode-3: start omNode-3@group-523986131536-FollowerState
2023-03-15 06:53:02,764 [omNode-3-impl-thread1] INFO  util.JmxRegister (JmxRegister.java:tryRegister(44)) - Successfully registered JMX Bean with object name Ratis:service=RaftServer,group=group-523986131536,id=omNode-3
2023-03-15 06:53:02,765 [omNode-3-impl-thread1] INFO  server.RaftServerConfigKeys (ConfUtils.java:logGet(46)) - raft.server.snapshot.auto.trigger.enabled = true (custom)
2023-03-15 06:53:02,765 [omNode-3-impl-thread1] INFO  server.RaftServerConfigKeys (ConfUtils.java:logGet(46)) - raft.server.snapshot.auto.trigger.threshold = 400000 (default)
2023-03-15 06:53:02,765 [omNode-3-impl-thread1] INFO  server.RaftServerConfigKeys (ConfUtils.java:logGet(46)) - raft.server.snapshot.retention.file.num = -1 (default)
2023-03-15 06:53:02,765 [omNode-3-impl-thread1] INFO  server.RaftServerConfigKeys (ConfUtils.java:logGet(46)) - raft.server.log.purge.upto.snapshot.index = true (custom)
2023-03-15 06:53:02,765 [omNode-3@group-523986131536-FollowerState] INFO  server.RaftServerConfigKeys (ConfUtils.java:logFallback(53)) - raft.server.rpc.first-election.timeout.min = 1s (fallback to raft.server.rpc.timeout.min)
2023-03-15 06:53:02,765 [omNode-3@group-523986131536-FollowerState] INFO  server.RaftServerConfigKeys (ConfUtils.java:logFallback(53)) - raft.server.rpc.first-election.timeout.max = 1200ms (fallback to raft.server.rpc.timeout.max)
2023-03-15 06:53:02,765 [Listener at 127.0.0.1/33927] INFO  server.RaftServer (RaftServerProxy.java:startImpl(393)) - omNode-3: start RPC server
2023-03-15 06:53:02,768 [Listener at 127.0.0.1/33927] INFO  server.GrpcService (GrpcService.java:startImpl(262)) - omNode-3: GrpcService started, listening on 34021
2023-03-15 06:53:02,769 [Listener at 127.0.0.1/33927] INFO  om.OzoneManager (OzoneManager.java:start(1580)) - Version File has different layout version (3) than OM DB (null). That is expected if this OM has never been finalized to a newer layout version.
2023-03-15 06:53:02,769 [JvmPauseMonitor8] INFO  util.JvmPauseMonitor (JvmPauseMonitor.java:run(105)) - JvmPauseMonitor-omNode-3: Started
2023-03-15 06:53:02,772 [Listener at 127.0.0.1/33927] INFO  http.BaseHttpServer (BaseHttpServer.java:newHttpServer2BuilderForOzone(224)) - Starting Web-server for ozoneManager at: http://0.0.0.0:35147
2023-03-15 06:53:02,772 [Listener at 127.0.0.1/33927] INFO  http.BaseHttpServer (BaseHttpServer.java:<init>(111)) - Hadoop Security Enabled: false Ozone Security Enabled: false Ozone HTTP Security Enabled: false 
2023-03-15 06:53:02,773 [Listener at 127.0.0.1/33927] WARN  server.AuthenticationFilter (AuthenticationFilter.java:constructSecretProvider(240)) - Unable to initialize FileSignerSecretProvider, falling back to use random secrets. Reason: Could not read signature secret file: /home/runner/hadoop-http-auth-signature-secret
2023-03-15 06:53:02,775 [Listener at 127.0.0.1/33927] WARN  http.HttpRequestLog (HttpRequestLog.java:getRequestLog(103)) - Jetty request log can only be enabled using Log4j
2023-03-15 06:53:02,776 [Listener at 127.0.0.1/33927] INFO  http.HttpServer2 (HttpServer2.java:addGlobalFilter(1031)) - Added global filter 'safety' (class=org.apache.hadoop.hdds.server.http.HttpServer2$QuotingInputFilter)
2023-03-15 06:53:02,777 [Listener at 127.0.0.1/33927] INFO  http.HttpServer2 (HttpServer2.java:addFilter(1007)) - Added filter static_user_filter (class=org.apache.hadoop.http.lib.StaticUserWebFilter$StaticUserFilter) to context ozoneManager
2023-03-15 06:53:02,777 [Listener at 127.0.0.1/33927] INFO  http.HttpServer2 (HttpServer2.java:addFilter(1015)) - Added filter static_user_filter (class=org.apache.hadoop.http.lib.StaticUserWebFilter$StaticUserFilter) to context logs
2023-03-15 06:53:02,777 [Listener at 127.0.0.1/33927] INFO  http.HttpServer2 (HttpServer2.java:addFilter(1015)) - Added filter static_user_filter (class=org.apache.hadoop.http.lib.StaticUserWebFilter$StaticUserFilter) to context static
2023-03-15 06:53:02,779 [Listener at 127.0.0.1/33927] INFO  http.BaseHttpServer (BaseHttpServer.java:<init>(190)) - HTTP server of ozoneManager uses base directory /home/runner/work/ozone/ozone/hadoop-ozone/integration-test/target/test-dir/MiniOzoneClusterImpl-8d40f1f0-3e23-4273-879b-a609159ae6a4/omNode-3/webserver
2023-03-15 06:53:02,780 [Listener at 127.0.0.1/33927] INFO  http.HttpServer2 (HttpServer2.java:bindListener(1250)) - Jetty bound to port 35147
2023-03-15 06:53:02,780 [Listener at 127.0.0.1/33927] INFO  server.Server (Server.java:doStart(375)) - jetty-9.4.49.v20220914; built: 2022-09-14T01:07:36.601Z; git: 4231a3b2e4cb8548a412a789936d640a97b1aa0a; jvm 1.8.0_362-b09
2023-03-15 06:53:02,782 [Listener at 127.0.0.1/33927] INFO  server.session (DefaultSessionIdManager.java:doStart(334)) - DefaultSessionIdManager workerName=node0
2023-03-15 06:53:02,782 [Listener at 127.0.0.1/33927] INFO  server.session (DefaultSessionIdManager.java:doStart(339)) - No SessionScavenger set, using defaults
2023-03-15 06:53:02,782 [Listener at 127.0.0.1/33927] INFO  server.session (HouseKeeper.java:startScavenging(132)) - node0 Scavenging every 660000ms
2023-03-15 06:53:02,783 [Listener at 127.0.0.1/33927] INFO  handler.ContextHandler (ContextHandler.java:doStart(921)) - Started o.e.j.s.ServletContextHandler@2f90295b{logs,/logs,file:///home/runner/work/ozone/ozone/hadoop-ozone/integration-test/target/log,AVAILABLE}
2023-03-15 06:53:02,784 [Listener at 127.0.0.1/33927] INFO  handler.ContextHandler (ContextHandler.java:doStart(921)) - Started o.e.j.s.ServletContextHandler@24045d7a{static,/static,file:///home/runner/work/ozone/ozone/hadoop-ozone/integration-test/target/test-classes/webapps/static,AVAILABLE}
2023-03-15 06:53:02,788 [EndpointStateMachine task thread for /0.0.0.0:45029 - 0 ] INFO  ipc.Client (Client.java:handleConnectionFailure(1010)) - Retrying connect to server: 0.0.0.0/0.0.0.0:45029. Already tried 6 time(s); retry policy is RetryUpToMaximumCountWithFixedSleep(maxRetries=15, sleepTime=1000 MILLISECONDS)
2023-03-15 06:53:02,788 [Listener at 127.0.0.1/33927] INFO  handler.ContextHandler (ContextHandler.java:doStart(921)) - Started o.e.j.w.WebAppContext@6d6928a2{ozoneManager,/,file:///home/runner/work/ozone/ozone/hadoop-ozone/integration-test/target/test-classes/webapps/ozoneManager/,AVAILABLE}{file:/home/runner/work/ozone/ozone/hadoop-ozone/integration-test/target/test-classes/webapps/ozoneManager}
2023-03-15 06:53:02,793 [Listener at 127.0.0.1/33927] INFO  server.AbstractConnector (AbstractConnector.java:doStart(333)) - Started ServerConnector@45879a64{HTTP/1.1, (http/1.1)}{0.0.0.0:35147}
2023-03-15 06:53:02,793 [Listener at 127.0.0.1/33927] INFO  server.Server (Server.java:doStart(415)) - Started @72284ms
2023-03-15 06:53:02,793 [Listener at 127.0.0.1/33927] WARN  impl.MetricsSystemImpl (MetricsSystemImpl.java:register(279)) - Sink prometheus already exists!
2023-03-15 06:53:02,793 [Listener at 127.0.0.1/33927] INFO  http.BaseHttpServer (BaseHttpServer.java:updateConnectorAddress(344)) - HTTP server of ozoneManager listening at http://0.0.0.0:35147
2023-03-15 06:53:02,794 [IPC Server Responder] INFO  ipc.Server (Server.java:run(1512)) - IPC Server Responder: starting
2023-03-15 06:53:02,794 [IPC Server listener on 33927] INFO  ipc.Server (Server.java:run(1352)) - IPC Server listener on 33927: starting
2023-03-15 06:53:02,797 [Listener at 127.0.0.1/33927] INFO  om.OzoneManager (OzoneManager.java:startTrashEmptier(2051)) - Trash Interval set to 0. Files deleted won't move to trash
2023-03-15 06:53:02,805 [Listener at 127.0.0.1/33927] INFO  ozone.MiniOzoneHAClusterImpl (MiniOzoneHAClusterImpl.java:createOMService(527)) - Started OzoneManager omNode-3 RPC server at localhost/127.0.0.1:33927
2023-03-15 06:53:02,816 [org.apache.hadoop.util.JvmPauseMonitor$Monitor@a96a299] INFO  util.JvmPauseMonitor (JvmPauseMonitor.java:run(188)) - Starting JVM pause monitor
2023-03-15 06:53:02,821 [Listener at 127.0.0.1/33927] WARN  impl.MetricRegistriesImpl (MetricRegistriesImpl.java:addReporterRegistration(111)) - New reporters are added after registries were created. Some metrics will be missing from the reporter. Please add reporter before adding any new registry.
2023-03-15 06:53:02,821 [Listener at 127.0.0.1/33927] WARN  impl.MetricRegistriesImpl (MetricRegistriesImpl.java:addReporterRegistration(111)) - New reporters are added after registries were created. Some metrics will be missing from the reporter. Please add reporter before adding any new registry.
2023-03-15 06:53:02,821 [Listener at 127.0.0.1/33927] INFO  impl.MetricsSystemImpl (MetricsSystemImpl.java:init(158)) - HddsDatanode metrics system started (again)
2023-03-15 06:53:02,834 [Listener at 127.0.0.1/33927] INFO  ozone.HddsDatanodeService (HddsDatanodeService.java:start(229)) - HddsDatanodeService host:fv-az210-452.jgpbknbp5ljuxny3rrcz4t2bbd.bx.internal.cloudapp.net ip:10.1.0.130
2023-03-15 06:53:02,861 [Listener at 127.0.0.1/33927] INFO  upgrade.AbstractLayoutVersionManager (AbstractLayoutVersionManager.java:init(83)) - Initializing Layout version manager with metadata layout = DATANODE_SCHEMA_V3 (version = 4), software layout = DATANODE_SCHEMA_V3 (version = 4)
2023-03-15 06:53:02,919 [Listener at 127.0.0.1/33927] INFO  reflections.Reflections (Reflections.java:scan(232)) - Reflections took 57 ms to scan 7 urls, producing 155 keys and 368 values 
2023-03-15 06:53:02,921 [Listener at 127.0.0.1/33927] INFO  statemachine.DatanodeStateMachine (DatanodeStateMachine.java:getEndPointTaskThreadPoolSize(260)) - Datanode State Machine Task Thread Pool size 2
2023-03-15 06:53:02,923 [Listener at 127.0.0.1/33927] INFO  volume.HddsVolume (HddsVolume.java:<init>(122)) - Creating HddsVolume: /home/runner/work/ozone/ozone/hadoop-ozone/integration-test/target/test-dir/MiniOzoneClusterImpl-8d40f1f0-3e23-4273-879b-a609159ae6a4/datanode-0/data-0/containers/hdds of storage type : DISK capacity : 9223372036854775807
2023-03-15 06:53:02,924 [Listener at 127.0.0.1/33927] INFO  volume.MutableVolumeSet (MutableVolumeSet.java:initializeVolumeSet(174)) - Added Volume : /home/runner/work/ozone/ozone/hadoop-ozone/integration-test/target/test-dir/MiniOzoneClusterImpl-8d40f1f0-3e23-4273-879b-a609159ae6a4/datanode-0/data-0/containers/hdds to VolumeSet
2023-03-15 06:53:02,924 [Listener at 127.0.0.1/33927] INFO  volume.ThrottledAsyncChecker (ThrottledAsyncChecker.java:schedule(141)) - Scheduling a check for /home/runner/work/ozone/ozone/hadoop-ozone/integration-test/target/test-dir/MiniOzoneClusterImpl-8d40f1f0-3e23-4273-879b-a609159ae6a4/datanode-0/data-0/containers/hdds
2023-03-15 06:53:02,930 [Listener at 127.0.0.1/33927] INFO  volume.StorageVolumeChecker (StorageVolumeChecker.java:checkAllVolumes(202)) - Scheduled health check for volume /home/runner/work/ozone/ozone/hadoop-ozone/integration-test/target/test-dir/MiniOzoneClusterImpl-8d40f1f0-3e23-4273-879b-a609159ae6a4/datanode-0/data-0/containers/hdds
2023-03-15 06:53:02,944 [Listener at 127.0.0.1/33927] INFO  volume.MutableVolumeSet (MutableVolumeSet.java:initializeVolumeSet(174)) - Added Volume : /home/runner/work/ozone/ozone/hadoop-ozone/integration-test/target/test-dir/MiniOzoneClusterImpl-8d40f1f0-3e23-4273-879b-a609159ae6a4/datanode-0/data/ratis to VolumeSet
2023-03-15 06:53:02,944 [Listener at 127.0.0.1/33927] INFO  volume.ThrottledAsyncChecker (ThrottledAsyncChecker.java:schedule(141)) - Scheduling a check for /home/runner/work/ozone/ozone/hadoop-ozone/integration-test/target/test-dir/MiniOzoneClusterImpl-8d40f1f0-3e23-4273-879b-a609159ae6a4/datanode-0/data/ratis
2023-03-15 06:53:02,944 [Listener at 127.0.0.1/33927] INFO  volume.StorageVolumeChecker (StorageVolumeChecker.java:checkAllVolumes(202)) - Scheduled health check for volume /home/runner/work/ozone/ozone/hadoop-ozone/integration-test/target/test-dir/MiniOzoneClusterImpl-8d40f1f0-3e23-4273-879b-a609159ae6a4/datanode-0/data/ratis
2023-03-15 06:53:02,957 [Thread-7978] INFO  ozoneimpl.ContainerReader (ContainerReader.java:readVolume(175)) - Finish verifying containers on volume /home/runner/work/ozone/ozone/hadoop-ozone/integration-test/target/test-dir/MiniOzoneClusterImpl-8d40f1f0-3e23-4273-879b-a609159ae6a4/datanode-0/data-0/containers/hdds
2023-03-15 06:53:02,957 [Listener at 127.0.0.1/33927] INFO  ozoneimpl.OzoneContainer (OzoneContainer.java:buildContainerSet(307)) - Build ContainerSet costs 0s
2023-03-15 06:53:02,960 [Listener at 127.0.0.1/33927] INFO  server.RaftServer (ConfUtils.java:logGet(46)) - raft.rpc.type = GRPC (default)
2023-03-15 06:53:02,960 [Listener at 127.0.0.1/33927] INFO  grpc.GrpcConfigKeys (ConfUtils.java:logFallback(53)) - raft.grpc.admin.host = null (fallback to raft.grpc.server.host)
2023-03-15 06:53:02,960 [Listener at 127.0.0.1/33927] INFO  grpc.GrpcConfigKeys (ConfUtils.java:logGet(46)) - raft.grpc.admin.port = 0 (custom)
2023-03-15 06:53:02,960 [Listener at 127.0.0.1/33927] INFO  grpc.GrpcConfigKeys (ConfUtils.java:logFallback(53)) - raft.grpc.client.host = null (fallback to raft.grpc.server.host)
2023-03-15 06:53:02,960 [Listener at 127.0.0.1/33927] INFO  grpc.GrpcConfigKeys (ConfUtils.java:logGet(46)) - raft.grpc.client.port = 0 (custom)
2023-03-15 06:53:02,960 [Listener at 127.0.0.1/33927] INFO  grpc.GrpcConfigKeys (ConfUtils.java:logGet(46)) - raft.grpc.server.host = null (default)
2023-03-15 06:53:02,961 [Listener at 127.0.0.1/33927] INFO  grpc.GrpcConfigKeys (ConfUtils.java:logGet(46)) - raft.grpc.server.port = 0 (default)
2023-03-15 06:53:02,961 [Listener at 127.0.0.1/33927] INFO  server.GrpcService (ConfUtils.java:logGet(46)) - raft.grpc.message.size.max = 32MB (=33554432) (custom)
2023-03-15 06:53:02,961 [Listener at 127.0.0.1/33927] INFO  server.RaftServerConfigKeys (ConfUtils.java:logGet(46)) - raft.server.log.appender.buffer.byte-limit = 33554432 (custom)
2023-03-15 06:53:02,961 [Listener at 127.0.0.1/33927] INFO  server.GrpcService (ConfUtils.java:logGet(46)) - raft.grpc.flow.control.window = 5MB (=5242880) (custom)
2023-03-15 06:53:02,961 [Listener at 127.0.0.1/33927] INFO  server.RaftServerConfigKeys (ConfUtils.java:logGet(46)) - raft.server.rpc.request.timeout = 60s (custom)
2023-03-15 06:53:02,961 [Listener at 127.0.0.1/33927] INFO  grpc.GrpcConfigKeys (ConfUtils.java:logGet(46)) - raft.grpc.server.heartbeat.channel = true (default)
2023-03-15 06:53:02,961 [Listener at 127.0.0.1/33927] INFO  grpc.GrpcConfigKeys (ConfUtils.java:logGet(46)) - raft.grpc.server.async.request.thread.pool.cached = true (default)
2023-03-15 06:53:02,961 [Listener at 127.0.0.1/33927] INFO  grpc.GrpcConfigKeys (ConfUtils.java:logGet(46)) - raft.grpc.server.async.request.thread.pool.size = 32 (default)
2023-03-15 06:53:02,963 [Listener at 127.0.0.1/33927] INFO  impl.DataStreamServerImpl (ConfUtils.java:logGet(46)) - raft.datastream.type = NETTY (custom)
2023-03-15 06:53:02,963 [Listener at 127.0.0.1/33927] INFO  server.RaftServerConfigKeys (ConfUtils.java:logGet(46)) - raft.server.data-stream.async.request.thread.pool.cached = false (default)
2023-03-15 06:53:02,963 [Listener at 127.0.0.1/33927] INFO  server.RaftServerConfigKeys (ConfUtils.java:logGet(46)) - raft.server.data-stream.async.request.thread.pool.size = 20 (custom)
2023-03-15 06:53:02,963 [Listener at 127.0.0.1/33927] INFO  server.RaftServerConfigKeys (ConfUtils.java:logGet(46)) - raft.server.data-stream.async.write.thread.pool.size = 16 (default)
2023-03-15 06:53:02,964 [Listener at 127.0.0.1/33927] INFO  server.RaftServerConfigKeys (ConfUtils.java:logGet(46)) - raft.server.data-stream.client.pool.size = 10 (default)
2023-03-15 06:53:02,964 [Listener at 127.0.0.1/33927] INFO  netty.NettyConfigKeys$DataStream (ConfUtils.java:logGet(46)) - raft.netty.dataStream.server.use-epoll = false (default)
2023-03-15 06:53:02,964 [Listener at 127.0.0.1/33927] INFO  netty.NettyConfigKeys$DataStream (ConfUtils.java:logGet(46)) - raft.netty.dataStream.server.boss-group.size = 0 (default)
2023-03-15 06:53:02,964 [Listener at 127.0.0.1/33927] INFO  netty.NettyConfigKeys$DataStream (ConfUtils.java:logGet(46)) - raft.netty.dataStream.server.worker-group.size = 0 (default)
2023-03-15 06:53:02,965 [Listener at 127.0.0.1/33927] INFO  netty.NettyConfigKeys$DataStream (ConfUtils.java:logGet(46)) - raft.netty.dataStream.server.tls.conf = null (default)
2023-03-15 06:53:02,965 [Listener at 127.0.0.1/33927] INFO  netty.NettyConfigKeys$DataStream (ConfUtils.java:logGet(46)) - raft.netty.dataStream.host = null (default)
2023-03-15 06:53:02,965 [Listener at 127.0.0.1/33927] INFO  netty.NettyConfigKeys$DataStream (ConfUtils.java:logGet(46)) - raft.netty.dataStream.port = 0 (default)
2023-03-15 06:53:02,966 [Listener at 127.0.0.1/33927] INFO  server.RaftServerConfigKeys (ConfUtils.java:logGet(46)) - raft.server.threadpool.proxy.cached = true (default)
2023-03-15 06:53:02,966 [Listener at 127.0.0.1/33927] INFO  server.RaftServerConfigKeys (ConfUtils.java:logGet(46)) - raft.server.threadpool.proxy.size = 0 (default)
2023-03-15 06:53:02,966 [Listener at 127.0.0.1/33927] INFO  server.RaftServerConfigKeys (ConfUtils.java:logGet(46)) - raft.server.rpc.slowness.timeout = 300s (custom)
2023-03-15 06:53:02,966 [Listener at 127.0.0.1/33927] INFO  server.RaftServerConfigKeys (ConfUtils.java:logGet(46)) - raft.server.leaderelection.leader.step-down.wait-time = 10s (default)
2023-03-15 06:53:02,966 [Listener at 127.0.0.1/33927] INFO  server.RaftServerConfigKeys (ConfUtils.java:logGet(46)) - raft.server.storage.dir = [/home/runner/work/ozone/ozone/hadoop-ozone/integration-test/target/test-dir/MiniOzoneClusterImpl-8d40f1f0-3e23-4273-879b-a609159ae6a4/datanode-0/data/ratis] (custom)
2023-03-15 06:53:02,967 [0f19c1f7-7e7d-408b-8c95-b3dd1f9d1744-NettyServerStreamRpc-bossGroup--thread1] INFO  logging.LoggingHandler (AbstractInternalLogger.java:log(148)) - [id: 0xef6151af] REGISTERED
2023-03-15 06:53:02,967 [0f19c1f7-7e7d-408b-8c95-b3dd1f9d1744-NettyServerStreamRpc-bossGroup--thread1] INFO  logging.LoggingHandler (AbstractInternalLogger.java:log(148)) - [id: 0xef6151af] BIND: 0.0.0.0/0.0.0.0:0
2023-03-15 06:53:02,967 [0f19c1f7-7e7d-408b-8c95-b3dd1f9d1744-NettyServerStreamRpc-bossGroup--thread1] INFO  logging.LoggingHandler (AbstractInternalLogger.java:log(148)) - [id: 0xef6151af, L:/0:0:0:0:0:0:0:0:46071] ACTIVE
2023-03-15 06:53:02,968 [Listener at 127.0.0.1/33927] INFO  server.XceiverServerGrpc (XceiverServerGrpc.java:<init>(132)) - GrpcServer channel type EpollServerSocketChannel
2023-03-15 06:53:02,972 [Listener at 127.0.0.1/33927] INFO  http.BaseHttpServer (BaseHttpServer.java:newHttpServer2BuilderForOzone(224)) - Starting Web-server for hddsDatanode at: http://0.0.0.0:0
2023-03-15 06:53:02,972 [Listener at 127.0.0.1/33927] INFO  http.BaseHttpServer (BaseHttpServer.java:<init>(111)) - Hadoop Security Enabled: false Ozone Security Enabled: false Ozone HTTP Security Enabled: false 
2023-03-15 06:53:02,973 [Listener at 127.0.0.1/33927] WARN  server.AuthenticationFilter (AuthenticationFilter.java:constructSecretProvider(240)) - Unable to initialize FileSignerSecretProvider, falling back to use random secrets. Reason: Could not read signature secret file: /home/runner/hadoop-http-auth-signature-secret
2023-03-15 06:53:02,974 [Listener at 127.0.0.1/33927] WARN  http.HttpRequestLog (HttpRequestLog.java:getRequestLog(103)) - Jetty request log can only be enabled using Log4j
2023-03-15 06:53:02,975 [Listener at 127.0.0.1/33927] INFO  http.HttpServer2 (HttpServer2.java:addGlobalFilter(1031)) - Added global filter 'safety' (class=org.apache.hadoop.hdds.server.http.HttpServer2$QuotingInputFilter)
2023-03-15 06:53:02,976 [Listener at 127.0.0.1/33927] INFO  http.HttpServer2 (HttpServer2.java:addFilter(1007)) - Added filter static_user_filter (class=org.apache.hadoop.http.lib.StaticUserWebFilter$StaticUserFilter) to context hddsDatanode
2023-03-15 06:53:02,976 [Listener at 127.0.0.1/33927] INFO  http.HttpServer2 (HttpServer2.java:addFilter(1015)) - Added filter static_user_filter (class=org.apache.hadoop.http.lib.StaticUserWebFilter$StaticUserFilter) to context logs
2023-03-15 06:53:02,976 [Listener at 127.0.0.1/33927] INFO  http.HttpServer2 (HttpServer2.java:addFilter(1015)) - Added filter static_user_filter (class=org.apache.hadoop.http.lib.StaticUserWebFilter$StaticUserFilter) to context static
2023-03-15 06:53:02,977 [Listener at 127.0.0.1/33927] INFO  http.BaseHttpServer (BaseHttpServer.java:<init>(190)) - HTTP server of hddsDatanode uses base directory /home/runner/work/ozone/ozone/hadoop-ozone/integration-test/target/test-dir/MiniOzoneClusterImpl-8d40f1f0-3e23-4273-879b-a609159ae6a4/datanode-0/meta/webserver
2023-03-15 06:53:02,977 [Listener at 127.0.0.1/33927] INFO  http.HttpServer2 (HttpServer2.java:bindListener(1250)) - Jetty bound to port 39715
2023-03-15 06:53:02,977 [Listener at 127.0.0.1/33927] INFO  server.Server (Server.java:doStart(375)) - jetty-9.4.49.v20220914; built: 2022-09-14T01:07:36.601Z; git: 4231a3b2e4cb8548a412a789936d640a97b1aa0a; jvm 1.8.0_362-b09
2023-03-15 06:53:02,979 [Listener at 127.0.0.1/33927] INFO  server.session (DefaultSessionIdManager.java:doStart(334)) - DefaultSessionIdManager workerName=node0
2023-03-15 06:53:02,979 [Listener at 127.0.0.1/33927] INFO  server.session (DefaultSessionIdManager.java:doStart(339)) - No SessionScavenger set, using defaults
2023-03-15 06:53:02,979 [Listener at 127.0.0.1/33927] INFO  server.session (HouseKeeper.java:startScavenging(132)) - node0 Scavenging every 600000ms
2023-03-15 06:53:02,981 [Listener at 127.0.0.1/33927] INFO  handler.ContextHandler (ContextHandler.java:doStart(921)) - Started o.e.j.s.ServletContextHandler@7bfc9464{logs,/logs,file:///home/runner/work/ozone/ozone/hadoop-ozone/integration-test/target/log,AVAILABLE}
2023-03-15 06:53:02,981 [Listener at 127.0.0.1/33927] INFO  handler.ContextHandler (ContextHandler.java:doStart(921)) - Started o.e.j.s.ServletContextHandler@49b4e11c{static,/static,jar:file:/home/runner/.m2/repository/org/apache/ozone/hdds-container-service/1.4.0-SNAPSHOT/hdds-container-service-1.4.0-SNAPSHOT.jar!/webapps/static,AVAILABLE}
2023-03-15 06:53:03,001 [grpc-default-executor-7] WARN  server.GrpcLogAppender (LogUtils.java:warn(122)) - omNode-1@group-523986131536->omNode-3-AppendLogResponseHandler: Failed appendEntries: org.apache.ratis.thirdparty.io.grpc.StatusRuntimeException: UNAVAILABLE: io exception
2023-03-15 06:53:03,002 [grpc-default-executor-7] WARN  server.GrpcLogAppender (GrpcLogAppender.java:resetClient(131)) - omNode-1@group-523986131536->omNode-3-GrpcLogAppender: Leader has not got in touch with Follower omNode-1@group-523986131536->omNode-3(c-1,m0,n1, attendVote=true, lastRpcSendTime=0, lastRpcResponseTime=2342) yet, just keep nextIndex unchanged and retry.
2023-03-15 06:53:03,003 [grpc-default-executor-2] WARN  server.GrpcLogAppender (LogUtils.java:warn(122)) - omNode-1@group-523986131536->omNode-3-AppendLogResponseHandler: Failed appendEntries: org.apache.ratis.thirdparty.io.grpc.StatusRuntimeException: UNAVAILABLE: io exception
2023-03-15 06:53:03,003 [grpc-default-executor-2] WARN  server.GrpcLogAppender (GrpcLogAppender.java:resetClient(131)) - omNode-1@group-523986131536->omNode-3-GrpcLogAppender: Leader has not got in touch with Follower omNode-1@group-523986131536->omNode-3(c-1,m0,n1, attendVote=true, lastRpcSendTime=1, lastRpcResponseTime=2342) yet, just keep nextIndex unchanged and retry.
2023-03-15 06:53:03,227 [Listener at 127.0.0.1/33927] INFO  handler.ContextHandler (ContextHandler.java:doStart(921)) - Started o.e.j.w.WebAppContext@679ddc68{hddsDatanode,/,file:///home/runner/work/ozone/ozone/hadoop-ozone/integration-test/target/test-dir/MiniOzoneClusterImpl-8d40f1f0-3e23-4273-879b-a609159ae6a4/datanode-0/meta/webserver/jetty-0_0_0_0-39715-hdds-container-service-1_4_0-SNAPSHOT_jar-_-any-44498576288828432/webapp/,AVAILABLE}{jar:file:/home/runner/.m2/repository/org/apache/ozone/hdds-container-service/1.4.0-SNAPSHOT/hdds-container-service-1.4.0-SNAPSHOT.jar!/webapps/hddsDatanode}
2023-03-15 06:53:03,229 [Listener at 127.0.0.1/33927] INFO  server.AbstractConnector (AbstractConnector.java:doStart(333)) - Started ServerConnector@735a1b32{HTTP/1.1, (http/1.1)}{0.0.0.0:39715}
2023-03-15 06:53:03,229 [Listener at 127.0.0.1/33927] INFO  server.Server (Server.java:doStart(415)) - Started @72720ms
2023-03-15 06:53:03,229 [Listener at 127.0.0.1/33927] WARN  impl.MetricsSystemImpl (MetricsSystemImpl.java:register(279)) - Sink prometheus already exists!
2023-03-15 06:53:03,230 [Listener at 127.0.0.1/33927] INFO  http.BaseHttpServer (BaseHttpServer.java:updateConnectorAddress(344)) - HTTP server of hddsDatanode listening at http://0.0.0.0:39715
2023-03-15 06:53:03,231 [Datanode State Machine Daemon Thread] INFO  statemachine.DatanodeStateMachine (DatanodeStateMachine.java:lambda$startDaemon$0(517)) - Ozone container server started.
2023-03-15 06:53:03,231 [Listener at 127.0.0.1/33927] WARN  impl.MetricRegistriesImpl (MetricRegistriesImpl.java:addReporterRegistration(111)) - New reporters are added after registries were created. Some metrics will be missing from the reporter. Please add reporter before adding any new registry.
2023-03-15 06:53:03,233 [Listener at 127.0.0.1/33927] WARN  impl.MetricRegistriesImpl (MetricRegistriesImpl.java:addReporterRegistration(111)) - New reporters are added after registries were created. Some metrics will be missing from the reporter. Please add reporter before adding any new registry.
2023-03-15 06:53:03,234 [Listener at 127.0.0.1/33927] INFO  impl.MetricsSystemImpl (MetricsSystemImpl.java:init(158)) - HddsDatanode metrics system started (again)
2023-03-15 06:53:03,241 [org.apache.hadoop.util.JvmPauseMonitor$Monitor@1e666835] INFO  util.JvmPauseMonitor (JvmPauseMonitor.java:run(188)) - Starting JVM pause monitor
2023-03-15 06:53:03,246 [Listener at 127.0.0.1/33927] INFO  ozone.HddsDatanodeService (HddsDatanodeService.java:start(229)) - HddsDatanodeService host:fv-az210-452.jgpbknbp5ljuxny3rrcz4t2bbd.bx.internal.cloudapp.net ip:10.1.0.130
2023-03-15 06:53:03,252 [Datanode State Machine Task Thread - 0] INFO  datanode.InitDatanodeState (InitDatanodeState.java:persistContainerDatanodeDetails(138)) - DatanodeDetails is persisted to /home/runner/work/ozone/ozone/hadoop-ozone/integration-test/target/test-dir/MiniOzoneClusterImpl-8d40f1f0-3e23-4273-879b-a609159ae6a4/datanode-0/meta/datanode.id
2023-03-15 06:53:03,257 [omNode-3-server-thread1] INFO  server.RaftServer$Division (ServerState.java:setLeader(313)) - omNode-3@group-523986131536: change Leader from null to omNode-1 at term 1 for appendEntries, leader elected after 1311ms
2023-03-15 06:53:03,257 [omNode-3-server-thread1] INFO  server.RaftServer$Division (RaftServerImpl.java:checkInconsistentAppendEntries(1508)) - omNode-3@group-523986131536: Failed appendEntries as previous log entry ((t:1, i:0)) is not found
2023-03-15 06:53:03,258 [omNode-3-server-thread1] INFO  server.RaftServer$Division (RaftServerImpl.java:checkInconsistentAppendEntries(1478)) - omNode-3@group-523986131536: inconsistency entries. Reply:omNode-1<-omNode-3#364829:FAIL-t0,INCONSISTENCY,nextIndex=0,followerCommit=-1,matchIndex=-1
2023-03-15 06:53:03,261 [grpc-default-executor-2] INFO  leader.FollowerInfo (FollowerInfoImpl.java:lambda$new$0(48)) - omNode-1@group-523986131536->omNode-3: nextIndex: updateUnconditionally 1 -> 0
2023-03-15 06:53:03,263 [omNode-3-server-thread1] INFO  server.RaftServer$Division (ServerState.java:setRaftConf(430)) - omNode-3@group-523986131536: set configuration 0: peers:[omNode-3|rpc:localhost:34021|admin:|client:|dataStream:|priority:0|startupRole:FOLLOWER, omNode-1|rpc:localhost:37799|admin:|client:|dataStream:|priority:0|startupRole:FOLLOWER, omNode-2|rpc:localhost:36297|admin:|client:|dataStream:|priority:0|startupRole:FOLLOWER]|listeners:[], old=null
2023-03-15 06:53:03,263 [omNode-3-server-thread1] INFO  segmented.SegmentedRaftLogWorker (SegmentedRaftLogWorker.java:startLogSegment(452)) - omNode-3@group-523986131536-SegmentedRaftLogWorker: Starting segment from index:0
2023-03-15 06:53:03,275 [omNode-3@group-523986131536-SegmentedRaftLogWorker] INFO  segmented.SegmentedRaftLogWorker (SegmentedRaftLogWorker.java:execute(656)) - omNode-3@group-523986131536-SegmentedRaftLogWorker: created new log segment /home/runner/work/ozone/ozone/hadoop-ozone/integration-test/target/test-dir/MiniOzoneClusterImpl-8d40f1f0-3e23-4273-879b-a609159ae6a4/omNode-3/ratis/c9bc4cf4-3bc3-3c60-a66b-523986131536/current/log_inprogress_0
2023-03-15 06:53:03,278 [omNode-3@group-523986131536-StateMachineUpdater] INFO  ratis.OzoneManagerStateMachine (OzoneManagerStateMachine.java:notifyConfigurationChanged(192)) - Received Configuration change notification from Ratis. New Peer list:
[id: "omNode-3"
address: "localhost:34021"
startupRole: FOLLOWER
, id: "omNode-1"
address: "localhost:37799"
startupRole: FOLLOWER
, id: "omNode-2"
address: "localhost:36297"
startupRole: FOLLOWER
]
2023-03-15 06:53:03,286 [Listener at 127.0.0.1/33927] INFO  upgrade.AbstractLayoutVersionManager (AbstractLayoutVersionManager.java:init(83)) - Initializing Layout version manager with metadata layout = DATANODE_SCHEMA_V3 (version = 4), software layout = DATANODE_SCHEMA_V3 (version = 4)
2023-03-15 06:53:03,341 [Listener at 127.0.0.1/33927] INFO  reflections.Reflections (Reflections.java:scan(232)) - Reflections took 54 ms to scan 7 urls, producing 155 keys and 368 values 
2023-03-15 06:53:03,343 [Listener at 127.0.0.1/33927] INFO  statemachine.DatanodeStateMachine (DatanodeStateMachine.java:getEndPointTaskThreadPoolSize(260)) - Datanode State Machine Task Thread Pool size 2
2023-03-15 06:53:03,347 [Listener at 127.0.0.1/33927] INFO  volume.HddsVolume (HddsVolume.java:<init>(122)) - Creating HddsVolume: /home/runner/work/ozone/ozone/hadoop-ozone/integration-test/target/test-dir/MiniOzoneClusterImpl-8d40f1f0-3e23-4273-879b-a609159ae6a4/datanode-1/data-0/containers/hdds of storage type : DISK capacity : 9223372036854775807
2023-03-15 06:53:03,347 [Listener at 127.0.0.1/33927] INFO  volume.MutableVolumeSet (MutableVolumeSet.java:initializeVolumeSet(174)) - Added Volume : /home/runner/work/ozone/ozone/hadoop-ozone/integration-test/target/test-dir/MiniOzoneClusterImpl-8d40f1f0-3e23-4273-879b-a609159ae6a4/datanode-1/data-0/containers/hdds to VolumeSet
2023-03-15 06:53:03,348 [Listener at 127.0.0.1/33927] INFO  volume.ThrottledAsyncChecker (ThrottledAsyncChecker.java:schedule(141)) - Scheduling a check for /home/runner/work/ozone/ozone/hadoop-ozone/integration-test/target/test-dir/MiniOzoneClusterImpl-8d40f1f0-3e23-4273-879b-a609159ae6a4/datanode-1/data-0/containers/hdds
2023-03-15 06:53:03,351 [Listener at 127.0.0.1/33927] INFO  volume.StorageVolumeChecker (StorageVolumeChecker.java:checkAllVolumes(202)) - Scheduled health check for volume /home/runner/work/ozone/ozone/hadoop-ozone/integration-test/target/test-dir/MiniOzoneClusterImpl-8d40f1f0-3e23-4273-879b-a609159ae6a4/datanode-1/data-0/containers/hdds
2023-03-15 06:53:03,364 [Listener at 127.0.0.1/33927] INFO  volume.MutableVolumeSet (MutableVolumeSet.java:initializeVolumeSet(174)) - Added Volume : /home/runner/work/ozone/ozone/hadoop-ozone/integration-test/target/test-dir/MiniOzoneClusterImpl-8d40f1f0-3e23-4273-879b-a609159ae6a4/datanode-1/data/ratis to VolumeSet
2023-03-15 06:53:03,364 [Listener at 127.0.0.1/33927] INFO  volume.ThrottledAsyncChecker (ThrottledAsyncChecker.java:schedule(141)) - Scheduling a check for /home/runner/work/ozone/ozone/hadoop-ozone/integration-test/target/test-dir/MiniOzoneClusterImpl-8d40f1f0-3e23-4273-879b-a609159ae6a4/datanode-1/data/ratis
2023-03-15 06:53:03,365 [Listener at 127.0.0.1/33927] INFO  volume.StorageVolumeChecker (StorageVolumeChecker.java:checkAllVolumes(202)) - Scheduled health check for volume /home/runner/work/ozone/ozone/hadoop-ozone/integration-test/target/test-dir/MiniOzoneClusterImpl-8d40f1f0-3e23-4273-879b-a609159ae6a4/datanode-1/data/ratis
2023-03-15 06:53:03,378 [Thread-7993] INFO  ozoneimpl.ContainerReader (ContainerReader.java:readVolume(175)) - Finish verifying containers on volume /home/runner/work/ozone/ozone/hadoop-ozone/integration-test/target/test-dir/MiniOzoneClusterImpl-8d40f1f0-3e23-4273-879b-a609159ae6a4/datanode-1/data-0/containers/hdds
2023-03-15 06:53:03,378 [Listener at 127.0.0.1/33927] INFO  ozoneimpl.OzoneContainer (OzoneContainer.java:buildContainerSet(307)) - Build ContainerSet costs 0s
2023-03-15 06:53:03,381 [Listener at 127.0.0.1/33927] INFO  server.RaftServer (ConfUtils.java:logGet(46)) - raft.rpc.type = GRPC (default)
2023-03-15 06:53:03,381 [Listener at 127.0.0.1/33927] INFO  grpc.GrpcConfigKeys (ConfUtils.java:logFallback(53)) - raft.grpc.admin.host = null (fallback to raft.grpc.server.host)
2023-03-15 06:53:03,381 [Listener at 127.0.0.1/33927] INFO  grpc.GrpcConfigKeys (ConfUtils.java:logGet(46)) - raft.grpc.admin.port = 0 (custom)
2023-03-15 06:53:03,381 [Listener at 127.0.0.1/33927] INFO  grpc.GrpcConfigKeys (ConfUtils.java:logFallback(53)) - raft.grpc.client.host = null (fallback to raft.grpc.server.host)
2023-03-15 06:53:03,383 [Listener at 127.0.0.1/33927] INFO  grpc.GrpcConfigKeys (ConfUtils.java:logGet(46)) - raft.grpc.client.port = 0 (custom)
2023-03-15 06:53:03,384 [Listener at 127.0.0.1/33927] INFO  grpc.GrpcConfigKeys (ConfUtils.java:logGet(46)) - raft.grpc.server.host = null (default)
2023-03-15 06:53:03,384 [Listener at 127.0.0.1/33927] INFO  grpc.GrpcConfigKeys (ConfUtils.java:logGet(46)) - raft.grpc.server.port = 0 (default)
2023-03-15 06:53:03,384 [Listener at 127.0.0.1/33927] INFO  server.GrpcService (ConfUtils.java:logGet(46)) - raft.grpc.message.size.max = 32MB (=33554432) (custom)
2023-03-15 06:53:03,384 [Listener at 127.0.0.1/33927] INFO  server.RaftServerConfigKeys (ConfUtils.java:logGet(46)) - raft.server.log.appender.buffer.byte-limit = 33554432 (custom)
2023-03-15 06:53:03,384 [Listener at 127.0.0.1/33927] INFO  server.GrpcService (ConfUtils.java:logGet(46)) - raft.grpc.flow.control.window = 5MB (=5242880) (custom)
2023-03-15 06:53:03,384 [Listener at 127.0.0.1/33927] INFO  server.RaftServerConfigKeys (ConfUtils.java:logGet(46)) - raft.server.rpc.request.timeout = 60s (custom)
2023-03-15 06:53:03,384 [Listener at 127.0.0.1/33927] INFO  grpc.GrpcConfigKeys (ConfUtils.java:logGet(46)) - raft.grpc.server.heartbeat.channel = true (default)
2023-03-15 06:53:03,384 [Listener at 127.0.0.1/33927] INFO  grpc.GrpcConfigKeys (ConfUtils.java:logGet(46)) - raft.grpc.server.async.request.thread.pool.cached = true (default)
2023-03-15 06:53:03,385 [Listener at 127.0.0.1/33927] INFO  grpc.GrpcConfigKeys (ConfUtils.java:logGet(46)) - raft.grpc.server.async.request.thread.pool.size = 32 (default)
2023-03-15 06:53:03,386 [Listener at 127.0.0.1/33927] INFO  impl.DataStreamServerImpl (ConfUtils.java:logGet(46)) - raft.datastream.type = NETTY (custom)
2023-03-15 06:53:03,386 [Listener at 127.0.0.1/33927] INFO  server.RaftServerConfigKeys (ConfUtils.java:logGet(46)) - raft.server.data-stream.async.request.thread.pool.cached = false (default)
2023-03-15 06:53:03,386 [Listener at 127.0.0.1/33927] INFO  server.RaftServerConfigKeys (ConfUtils.java:logGet(46)) - raft.server.data-stream.async.request.thread.pool.size = 20 (custom)
2023-03-15 06:53:03,386 [Listener at 127.0.0.1/33927] INFO  server.RaftServerConfigKeys (ConfUtils.java:logGet(46)) - raft.server.data-stream.async.write.thread.pool.size = 16 (default)
2023-03-15 06:53:03,387 [Listener at 127.0.0.1/33927] INFO  server.RaftServerConfigKeys (ConfUtils.java:logGet(46)) - raft.server.data-stream.client.pool.size = 10 (default)
2023-03-15 06:53:03,387 [Listener at 127.0.0.1/33927] INFO  netty.NettyConfigKeys$DataStream (ConfUtils.java:logGet(46)) - raft.netty.dataStream.server.use-epoll = false (default)
2023-03-15 06:53:03,387 [Listener at 127.0.0.1/33927] INFO  netty.NettyConfigKeys$DataStream (ConfUtils.java:logGet(46)) - raft.netty.dataStream.server.boss-group.size = 0 (default)
2023-03-15 06:53:03,387 [Listener at 127.0.0.1/33927] INFO  netty.NettyConfigKeys$DataStream (ConfUtils.java:logGet(46)) - raft.netty.dataStream.server.worker-group.size = 0 (default)
2023-03-15 06:53:03,388 [Listener at 127.0.0.1/33927] INFO  netty.NettyConfigKeys$DataStream (ConfUtils.java:logGet(46)) - raft.netty.dataStream.server.tls.conf = null (default)
2023-03-15 06:53:03,388 [Listener at 127.0.0.1/33927] INFO  netty.NettyConfigKeys$DataStream (ConfUtils.java:logGet(46)) - raft.netty.dataStream.host = null (default)
2023-03-15 06:53:03,388 [Listener at 127.0.0.1/33927] INFO  netty.NettyConfigKeys$DataStream (ConfUtils.java:logGet(46)) - raft.netty.dataStream.port = 0 (default)
2023-03-15 06:53:03,388 [Listener at 127.0.0.1/33927] INFO  server.RaftServerConfigKeys (ConfUtils.java:logGet(46)) - raft.server.threadpool.proxy.cached = true (default)
2023-03-15 06:53:03,388 [Listener at 127.0.0.1/33927] INFO  server.RaftServerConfigKeys (ConfUtils.java:logGet(46)) - raft.server.threadpool.proxy.size = 0 (default)
2023-03-15 06:53:03,389 [Listener at 127.0.0.1/33927] INFO  server.RaftServerConfigKeys (ConfUtils.java:logGet(46)) - raft.server.rpc.slowness.timeout = 300s (custom)
2023-03-15 06:53:03,389 [Listener at 127.0.0.1/33927] INFO  server.RaftServerConfigKeys (ConfUtils.java:logGet(46)) - raft.server.leaderelection.leader.step-down.wait-time = 10s (default)
2023-03-15 06:53:03,389 [Listener at 127.0.0.1/33927] INFO  server.RaftServerConfigKeys (ConfUtils.java:logGet(46)) - raft.server.storage.dir = [/home/runner/work/ozone/ozone/hadoop-ozone/integration-test/target/test-dir/MiniOzoneClusterImpl-8d40f1f0-3e23-4273-879b-a609159ae6a4/datanode-1/data/ratis] (custom)
2023-03-15 06:53:03,389 [ec6086c2-fc50-413c-afc3-6eccceec3a30-NettyServerStreamRpc-bossGroup--thread1] INFO  logging.LoggingHandler (AbstractInternalLogger.java:log(148)) - [id: 0xfd03e011] REGISTERED
2023-03-15 06:53:03,389 [ec6086c2-fc50-413c-afc3-6eccceec3a30-NettyServerStreamRpc-bossGroup--thread1] INFO  logging.LoggingHandler (AbstractInternalLogger.java:log(148)) - [id: 0xfd03e011] BIND: 0.0.0.0/0.0.0.0:0
2023-03-15 06:53:03,390 [ec6086c2-fc50-413c-afc3-6eccceec3a30-NettyServerStreamRpc-bossGroup--thread1] INFO  logging.LoggingHandler (AbstractInternalLogger.java:log(148)) - [id: 0xfd03e011, L:/0:0:0:0:0:0:0:0:39119] ACTIVE
2023-03-15 06:53:03,391 [Listener at 127.0.0.1/33927] INFO  server.XceiverServerGrpc (XceiverServerGrpc.java:<init>(132)) - GrpcServer channel type EpollServerSocketChannel
2023-03-15 06:53:03,394 [Listener at 127.0.0.1/33927] INFO  http.BaseHttpServer (BaseHttpServer.java:newHttpServer2BuilderForOzone(224)) - Starting Web-server for hddsDatanode at: http://0.0.0.0:0
2023-03-15 06:53:03,395 [Listener at 127.0.0.1/33927] INFO  http.BaseHttpServer (BaseHttpServer.java:<init>(111)) - Hadoop Security Enabled: false Ozone Security Enabled: false Ozone HTTP Security Enabled: false 
2023-03-15 06:53:03,396 [Listener at 127.0.0.1/33927] WARN  server.AuthenticationFilter (AuthenticationFilter.java:constructSecretProvider(240)) - Unable to initialize FileSignerSecretProvider, falling back to use random secrets. Reason: Could not read signature secret file: /home/runner/hadoop-http-auth-signature-secret
2023-03-15 06:53:03,398 [Listener at 127.0.0.1/33927] WARN  http.HttpRequestLog (HttpRequestLog.java:getRequestLog(103)) - Jetty request log can only be enabled using Log4j
2023-03-15 06:53:03,400 [Listener at 127.0.0.1/33927] INFO  http.HttpServer2 (HttpServer2.java:addGlobalFilter(1031)) - Added global filter 'safety' (class=org.apache.hadoop.hdds.server.http.HttpServer2$QuotingInputFilter)
2023-03-15 06:53:03,400 [Listener at 127.0.0.1/33927] INFO  http.HttpServer2 (HttpServer2.java:addFilter(1007)) - Added filter static_user_filter (class=org.apache.hadoop.http.lib.StaticUserWebFilter$StaticUserFilter) to context hddsDatanode
2023-03-15 06:53:03,400 [Listener at 127.0.0.1/33927] INFO  http.HttpServer2 (HttpServer2.java:addFilter(1015)) - Added filter static_user_filter (class=org.apache.hadoop.http.lib.StaticUserWebFilter$StaticUserFilter) to context static
2023-03-15 06:53:03,401 [Listener at 127.0.0.1/33927] INFO  http.HttpServer2 (HttpServer2.java:addFilter(1015)) - Added filter static_user_filter (class=org.apache.hadoop.http.lib.StaticUserWebFilter$StaticUserFilter) to context logs
2023-03-15 06:53:03,401 [Listener at 127.0.0.1/33927] INFO  http.BaseHttpServer (BaseHttpServer.java:<init>(190)) - HTTP server of hddsDatanode uses base directory /home/runner/work/ozone/ozone/hadoop-ozone/integration-test/target/test-dir/MiniOzoneClusterImpl-8d40f1f0-3e23-4273-879b-a609159ae6a4/datanode-1/meta/webserver
2023-03-15 06:53:03,401 [Listener at 127.0.0.1/33927] INFO  http.HttpServer2 (HttpServer2.java:bindListener(1250)) - Jetty bound to port 36289
2023-03-15 06:53:03,402 [Listener at 127.0.0.1/33927] INFO  server.Server (Server.java:doStart(375)) - jetty-9.4.49.v20220914; built: 2022-09-14T01:07:36.601Z; git: 4231a3b2e4cb8548a412a789936d640a97b1aa0a; jvm 1.8.0_362-b09
2023-03-15 06:53:03,406 [Listener at 127.0.0.1/33927] INFO  server.session (DefaultSessionIdManager.java:doStart(334)) - DefaultSessionIdManager workerName=node0
2023-03-15 06:53:03,406 [Listener at 127.0.0.1/33927] INFO  server.session (DefaultSessionIdManager.java:doStart(339)) - No SessionScavenger set, using defaults
2023-03-15 06:53:03,406 [Listener at 127.0.0.1/33927] INFO  server.session (HouseKeeper.java:startScavenging(132)) - node0 Scavenging every 660000ms
2023-03-15 06:53:03,407 [Listener at 127.0.0.1/33927] INFO  handler.ContextHandler (ContextHandler.java:doStart(921)) - Started o.e.j.s.ServletContextHandler@2009b81a{logs,/logs,file:///home/runner/work/ozone/ozone/hadoop-ozone/integration-test/target/log,AVAILABLE}
2023-03-15 06:53:03,407 [Listener at 127.0.0.1/33927] INFO  handler.ContextHandler (ContextHandler.java:doStart(921)) - Started o.e.j.s.ServletContextHandler@72ecd5ce{static,/static,jar:file:/home/runner/.m2/repository/org/apache/ozone/hdds-container-service/1.4.0-SNAPSHOT/hdds-container-service-1.4.0-SNAPSHOT.jar!/webapps/static,AVAILABLE}
2023-03-15 06:53:03,631 [Listener at 127.0.0.1/33927] INFO  handler.ContextHandler (ContextHandler.java:doStart(921)) - Started o.e.j.w.WebAppContext@acf5d76{hddsDatanode,/,file:///home/runner/work/ozone/ozone/hadoop-ozone/integration-test/target/test-dir/MiniOzoneClusterImpl-8d40f1f0-3e23-4273-879b-a609159ae6a4/datanode-1/meta/webserver/jetty-0_0_0_0-36289-hdds-container-service-1_4_0-SNAPSHOT_jar-_-any-3935715844395459464/webapp/,AVAILABLE}{jar:file:/home/runner/.m2/repository/org/apache/ozone/hdds-container-service/1.4.0-SNAPSHOT/hdds-container-service-1.4.0-SNAPSHOT.jar!/webapps/hddsDatanode}
2023-03-15 06:53:03,633 [Listener at 127.0.0.1/33927] INFO  server.AbstractConnector (AbstractConnector.java:doStart(333)) - Started ServerConnector@86ee2f8{HTTP/1.1, (http/1.1)}{0.0.0.0:36289}
2023-03-15 06:53:03,633 [Listener at 127.0.0.1/33927] INFO  server.Server (Server.java:doStart(415)) - Started @73123ms
2023-03-15 06:53:03,633 [Listener at 127.0.0.1/33927] WARN  impl.MetricsSystemImpl (MetricsSystemImpl.java:register(279)) - Sink prometheus already exists!
2023-03-15 06:53:03,634 [Listener at 127.0.0.1/33927] INFO  http.BaseHttpServer (BaseHttpServer.java:updateConnectorAddress(344)) - HTTP server of hddsDatanode listening at http://0.0.0.0:36289
2023-03-15 06:53:03,634 [Datanode State Machine Daemon Thread] INFO  statemachine.DatanodeStateMachine (DatanodeStateMachine.java:lambda$startDaemon$0(517)) - Ozone container server started.
2023-03-15 06:53:03,639 [Listener at 127.0.0.1/33927] WARN  impl.MetricRegistriesImpl (MetricRegistriesImpl.java:addReporterRegistration(111)) - New reporters are added after registries were created. Some metrics will be missing from the reporter. Please add reporter before adding any new registry.
2023-03-15 06:53:03,640 [Listener at 127.0.0.1/33927] WARN  impl.MetricRegistriesImpl (MetricRegistriesImpl.java:addReporterRegistration(111)) - New reporters are added after registries were created. Some metrics will be missing from the reporter. Please add reporter before adding any new registry.
2023-03-15 06:53:03,640 [Listener at 127.0.0.1/33927] INFO  impl.MetricsSystemImpl (MetricsSystemImpl.java:init(158)) - HddsDatanode metrics system started (again)
2023-03-15 06:53:03,647 [org.apache.hadoop.util.JvmPauseMonitor$Monitor@34ec71e3] INFO  util.JvmPauseMonitor (JvmPauseMonitor.java:run(188)) - Starting JVM pause monitor
2023-03-15 06:53:03,653 [Listener at 127.0.0.1/33927] INFO  ozone.HddsDatanodeService (HddsDatanodeService.java:start(229)) - HddsDatanodeService host:fv-az210-452.jgpbknbp5ljuxny3rrcz4t2bbd.bx.internal.cloudapp.net ip:10.1.0.130
2023-03-15 06:53:03,654 [Datanode State Machine Task Thread - 0] INFO  datanode.InitDatanodeState (InitDatanodeState.java:persistContainerDatanodeDetails(138)) - DatanodeDetails is persisted to /home/runner/work/ozone/ozone/hadoop-ozone/integration-test/target/test-dir/MiniOzoneClusterImpl-8d40f1f0-3e23-4273-879b-a609159ae6a4/datanode-1/meta/datanode.id
2023-03-15 06:53:03,683 [Listener at 127.0.0.1/33927] INFO  upgrade.AbstractLayoutVersionManager (AbstractLayoutVersionManager.java:init(83)) - Initializing Layout version manager with metadata layout = DATANODE_SCHEMA_V3 (version = 4), software layout = DATANODE_SCHEMA_V3 (version = 4)
2023-03-15 06:53:03,741 [Listener at 127.0.0.1/33927] INFO  reflections.Reflections (Reflections.java:scan(232)) - Reflections took 56 ms to scan 7 urls, producing 155 keys and 368 values 
2023-03-15 06:53:03,742 [Listener at 127.0.0.1/33927] INFO  statemachine.DatanodeStateMachine (DatanodeStateMachine.java:getEndPointTaskThreadPoolSize(260)) - Datanode State Machine Task Thread Pool size 2
2023-03-15 06:53:03,744 [Listener at 127.0.0.1/33927] INFO  volume.HddsVolume (HddsVolume.java:<init>(122)) - Creating HddsVolume: /home/runner/work/ozone/ozone/hadoop-ozone/integration-test/target/test-dir/MiniOzoneClusterImpl-8d40f1f0-3e23-4273-879b-a609159ae6a4/datanode-2/data-0/containers/hdds of storage type : DISK capacity : 9223372036854775807
2023-03-15 06:53:03,744 [Listener at 127.0.0.1/33927] INFO  volume.MutableVolumeSet (MutableVolumeSet.java:initializeVolumeSet(174)) - Added Volume : /home/runner/work/ozone/ozone/hadoop-ozone/integration-test/target/test-dir/MiniOzoneClusterImpl-8d40f1f0-3e23-4273-879b-a609159ae6a4/datanode-2/data-0/containers/hdds to VolumeSet
2023-03-15 06:53:03,744 [Listener at 127.0.0.1/33927] INFO  volume.ThrottledAsyncChecker (ThrottledAsyncChecker.java:schedule(141)) - Scheduling a check for /home/runner/work/ozone/ozone/hadoop-ozone/integration-test/target/test-dir/MiniOzoneClusterImpl-8d40f1f0-3e23-4273-879b-a609159ae6a4/datanode-2/data-0/containers/hdds
2023-03-15 06:53:03,747 [Listener at 127.0.0.1/33927] INFO  volume.StorageVolumeChecker (StorageVolumeChecker.java:checkAllVolumes(202)) - Scheduled health check for volume /home/runner/work/ozone/ozone/hadoop-ozone/integration-test/target/test-dir/MiniOzoneClusterImpl-8d40f1f0-3e23-4273-879b-a609159ae6a4/datanode-2/data-0/containers/hdds
2023-03-15 06:53:03,763 [Listener at 127.0.0.1/33927] INFO  volume.MutableVolumeSet (MutableVolumeSet.java:initializeVolumeSet(174)) - Added Volume : /home/runner/work/ozone/ozone/hadoop-ozone/integration-test/target/test-dir/MiniOzoneClusterImpl-8d40f1f0-3e23-4273-879b-a609159ae6a4/datanode-2/data/ratis to VolumeSet
2023-03-15 06:53:03,764 [Listener at 127.0.0.1/33927] INFO  volume.ThrottledAsyncChecker (ThrottledAsyncChecker.java:schedule(141)) - Scheduling a check for /home/runner/work/ozone/ozone/hadoop-ozone/integration-test/target/test-dir/MiniOzoneClusterImpl-8d40f1f0-3e23-4273-879b-a609159ae6a4/datanode-2/data/ratis
2023-03-15 06:53:03,764 [Listener at 127.0.0.1/33927] INFO  volume.StorageVolumeChecker (StorageVolumeChecker.java:checkAllVolumes(202)) - Scheduled health check for volume /home/runner/work/ozone/ozone/hadoop-ozone/integration-test/target/test-dir/MiniOzoneClusterImpl-8d40f1f0-3e23-4273-879b-a609159ae6a4/datanode-2/data/ratis
2023-03-15 06:53:03,775 [Thread-8007] INFO  ozoneimpl.ContainerReader (ContainerReader.java:readVolume(175)) - Finish verifying containers on volume /home/runner/work/ozone/ozone/hadoop-ozone/integration-test/target/test-dir/MiniOzoneClusterImpl-8d40f1f0-3e23-4273-879b-a609159ae6a4/datanode-2/data-0/containers/hdds
2023-03-15 06:53:03,775 [Listener at 127.0.0.1/33927] INFO  ozoneimpl.OzoneContainer (OzoneContainer.java:buildContainerSet(307)) - Build ContainerSet costs 0s
2023-03-15 06:53:03,778 [Listener at 127.0.0.1/33927] INFO  server.RaftServer (ConfUtils.java:logGet(46)) - raft.rpc.type = GRPC (default)
2023-03-15 06:53:03,778 [Listener at 127.0.0.1/33927] INFO  grpc.GrpcConfigKeys (ConfUtils.java:logFallback(53)) - raft.grpc.admin.host = null (fallback to raft.grpc.server.host)
2023-03-15 06:53:03,778 [Listener at 127.0.0.1/33927] INFO  grpc.GrpcConfigKeys (ConfUtils.java:logGet(46)) - raft.grpc.admin.port = 0 (custom)
2023-03-15 06:53:03,778 [Listener at 127.0.0.1/33927] INFO  grpc.GrpcConfigKeys (ConfUtils.java:logFallback(53)) - raft.grpc.client.host = null (fallback to raft.grpc.server.host)
2023-03-15 06:53:03,779 [Listener at 127.0.0.1/33927] INFO  grpc.GrpcConfigKeys (ConfUtils.java:logGet(46)) - raft.grpc.client.port = 0 (custom)
2023-03-15 06:53:03,779 [Listener at 127.0.0.1/33927] INFO  grpc.GrpcConfigKeys (ConfUtils.java:logGet(46)) - raft.grpc.server.host = null (default)
2023-03-15 06:53:03,779 [Listener at 127.0.0.1/33927] INFO  grpc.GrpcConfigKeys (ConfUtils.java:logGet(46)) - raft.grpc.server.port = 0 (default)
2023-03-15 06:53:03,779 [Listener at 127.0.0.1/33927] INFO  server.GrpcService (ConfUtils.java:logGet(46)) - raft.grpc.message.size.max = 32MB (=33554432) (custom)
2023-03-15 06:53:03,779 [Listener at 127.0.0.1/33927] INFO  server.RaftServerConfigKeys (ConfUtils.java:logGet(46)) - raft.server.log.appender.buffer.byte-limit = 33554432 (custom)
2023-03-15 06:53:03,779 [Listener at 127.0.0.1/33927] INFO  server.GrpcService (ConfUtils.java:logGet(46)) - raft.grpc.flow.control.window = 5MB (=5242880) (custom)
2023-03-15 06:53:03,779 [Listener at 127.0.0.1/33927] INFO  server.RaftServerConfigKeys (ConfUtils.java:logGet(46)) - raft.server.rpc.request.timeout = 60s (custom)
2023-03-15 06:53:03,780 [Listener at 127.0.0.1/33927] INFO  grpc.GrpcConfigKeys (ConfUtils.java:logGet(46)) - raft.grpc.server.heartbeat.channel = true (default)
2023-03-15 06:53:03,780 [Listener at 127.0.0.1/33927] INFO  grpc.GrpcConfigKeys (ConfUtils.java:logGet(46)) - raft.grpc.server.async.request.thread.pool.cached = true (default)
2023-03-15 06:53:03,780 [Listener at 127.0.0.1/33927] INFO  grpc.GrpcConfigKeys (ConfUtils.java:logGet(46)) - raft.grpc.server.async.request.thread.pool.size = 32 (default)
2023-03-15 06:53:03,781 [Listener at 127.0.0.1/33927] INFO  impl.DataStreamServerImpl (ConfUtils.java:logGet(46)) - raft.datastream.type = NETTY (custom)
2023-03-15 06:53:03,781 [Listener at 127.0.0.1/33927] INFO  server.RaftServerConfigKeys (ConfUtils.java:logGet(46)) - raft.server.data-stream.async.request.thread.pool.cached = false (default)
2023-03-15 06:53:03,781 [Listener at 127.0.0.1/33927] INFO  server.RaftServerConfigKeys (ConfUtils.java:logGet(46)) - raft.server.data-stream.async.request.thread.pool.size = 20 (custom)
2023-03-15 06:53:03,781 [Listener at 127.0.0.1/33927] INFO  server.RaftServerConfigKeys (ConfUtils.java:logGet(46)) - raft.server.data-stream.async.write.thread.pool.size = 16 (default)
2023-03-15 06:53:03,781 [Listener at 127.0.0.1/33927] INFO  server.RaftServerConfigKeys (ConfUtils.java:logGet(46)) - raft.server.data-stream.client.pool.size = 10 (default)
2023-03-15 06:53:03,782 [Listener at 127.0.0.1/33927] INFO  netty.NettyConfigKeys$DataStream (ConfUtils.java:logGet(46)) - raft.netty.dataStream.server.use-epoll = false (default)
2023-03-15 06:53:03,782 [Listener at 127.0.0.1/33927] INFO  netty.NettyConfigKeys$DataStream (ConfUtils.java:logGet(46)) - raft.netty.dataStream.server.boss-group.size = 0 (default)
2023-03-15 06:53:03,782 [Listener at 127.0.0.1/33927] INFO  netty.NettyConfigKeys$DataStream (ConfUtils.java:logGet(46)) - raft.netty.dataStream.server.worker-group.size = 0 (default)
2023-03-15 06:53:03,782 [Listener at 127.0.0.1/33927] INFO  netty.NettyConfigKeys$DataStream (ConfUtils.java:logGet(46)) - raft.netty.dataStream.server.tls.conf = null (default)
2023-03-15 06:53:03,782 [Listener at 127.0.0.1/33927] INFO  netty.NettyConfigKeys$DataStream (ConfUtils.java:logGet(46)) - raft.netty.dataStream.host = null (default)
2023-03-15 06:53:03,782 [Listener at 127.0.0.1/33927] INFO  netty.NettyConfigKeys$DataStream (ConfUtils.java:logGet(46)) - raft.netty.dataStream.port = 0 (default)
2023-03-15 06:53:03,784 [Listener at 127.0.0.1/33927] INFO  server.RaftServerConfigKeys (ConfUtils.java:logGet(46)) - raft.server.threadpool.proxy.cached = true (default)
2023-03-15 06:53:03,784 [Listener at 127.0.0.1/33927] INFO  server.RaftServerConfigKeys (ConfUtils.java:logGet(46)) - raft.server.threadpool.proxy.size = 0 (default)
2023-03-15 06:53:03,785 [Listener at 127.0.0.1/33927] INFO  server.RaftServerConfigKeys (ConfUtils.java:logGet(46)) - raft.server.rpc.slowness.timeout = 300s (custom)
2023-03-15 06:53:03,785 [Listener at 127.0.0.1/33927] INFO  server.RaftServerConfigKeys (ConfUtils.java:logGet(46)) - raft.server.leaderelection.leader.step-down.wait-time = 10s (default)
2023-03-15 06:53:03,785 [Listener at 127.0.0.1/33927] INFO  server.RaftServerConfigKeys (ConfUtils.java:logGet(46)) - raft.server.storage.dir = [/home/runner/work/ozone/ozone/hadoop-ozone/integration-test/target/test-dir/MiniOzoneClusterImpl-8d40f1f0-3e23-4273-879b-a609159ae6a4/datanode-2/data/ratis] (custom)
2023-03-15 06:53:03,785 [f5ffbb19-6856-4431-8ca7-ea850b755d28-NettyServerStreamRpc-bossGroup--thread1] INFO  logging.LoggingHandler (AbstractInternalLogger.java:log(148)) - [id: 0xffc62274] REGISTERED
2023-03-15 06:53:03,785 [f5ffbb19-6856-4431-8ca7-ea850b755d28-NettyServerStreamRpc-bossGroup--thread1] INFO  logging.LoggingHandler (AbstractInternalLogger.java:log(148)) - [id: 0xffc62274] BIND: 0.0.0.0/0.0.0.0:0
2023-03-15 06:53:03,786 [f5ffbb19-6856-4431-8ca7-ea850b755d28-NettyServerStreamRpc-bossGroup--thread1] INFO  logging.LoggingHandler (AbstractInternalLogger.java:log(148)) - [id: 0xffc62274, L:/0:0:0:0:0:0:0:0:42395] ACTIVE
2023-03-15 06:53:03,787 [Listener at 127.0.0.1/33927] INFO  server.XceiverServerGrpc (XceiverServerGrpc.java:<init>(132)) - GrpcServer channel type EpollServerSocketChannel
2023-03-15 06:53:03,788 [EndpointStateMachine task thread for /0.0.0.0:45029 - 0 ] INFO  ipc.Client (Client.java:handleConnectionFailure(1010)) - Retrying connect to server: 0.0.0.0/0.0.0.0:45029. Already tried 7 time(s); retry policy is RetryUpToMaximumCountWithFixedSleep(maxRetries=15, sleepTime=1000 MILLISECONDS)
2023-03-15 06:53:03,791 [Listener at 127.0.0.1/33927] INFO  http.BaseHttpServer (BaseHttpServer.java:newHttpServer2BuilderForOzone(224)) - Starting Web-server for hddsDatanode at: http://0.0.0.0:0
2023-03-15 06:53:03,791 [Listener at 127.0.0.1/33927] INFO  http.BaseHttpServer (BaseHttpServer.java:<init>(111)) - Hadoop Security Enabled: false Ozone Security Enabled: false Ozone HTTP Security Enabled: false 
2023-03-15 06:53:03,793 [Listener at 127.0.0.1/33927] WARN  server.AuthenticationFilter (AuthenticationFilter.java:constructSecretProvider(240)) - Unable to initialize FileSignerSecretProvider, falling back to use random secrets. Reason: Could not read signature secret file: /home/runner/hadoop-http-auth-signature-secret
2023-03-15 06:53:03,794 [Listener at 127.0.0.1/33927] WARN  http.HttpRequestLog (HttpRequestLog.java:getRequestLog(103)) - Jetty request log can only be enabled using Log4j
2023-03-15 06:53:03,796 [Listener at 127.0.0.1/33927] INFO  http.HttpServer2 (HttpServer2.java:addGlobalFilter(1031)) - Added global filter 'safety' (class=org.apache.hadoop.hdds.server.http.HttpServer2$QuotingInputFilter)
2023-03-15 06:53:03,796 [Listener at 127.0.0.1/33927] INFO  http.HttpServer2 (HttpServer2.java:addFilter(1007)) - Added filter static_user_filter (class=org.apache.hadoop.http.lib.StaticUserWebFilter$StaticUserFilter) to context hddsDatanode
2023-03-15 06:53:03,796 [Listener at 127.0.0.1/33927] INFO  http.HttpServer2 (HttpServer2.java:addFilter(1015)) - Added filter static_user_filter (class=org.apache.hadoop.http.lib.StaticUserWebFilter$StaticUserFilter) to context logs
2023-03-15 06:53:03,796 [Listener at 127.0.0.1/33927] INFO  http.HttpServer2 (HttpServer2.java:addFilter(1015)) - Added filter static_user_filter (class=org.apache.hadoop.http.lib.StaticUserWebFilter$StaticUserFilter) to context static
2023-03-15 06:53:03,797 [Listener at 127.0.0.1/33927] INFO  http.BaseHttpServer (BaseHttpServer.java:<init>(190)) - HTTP server of hddsDatanode uses base directory /home/runner/work/ozone/ozone/hadoop-ozone/integration-test/target/test-dir/MiniOzoneClusterImpl-8d40f1f0-3e23-4273-879b-a609159ae6a4/datanode-2/meta/webserver
2023-03-15 06:53:03,797 [Listener at 127.0.0.1/33927] INFO  http.HttpServer2 (HttpServer2.java:bindListener(1250)) - Jetty bound to port 34983
2023-03-15 06:53:03,797 [Listener at 127.0.0.1/33927] INFO  server.Server (Server.java:doStart(375)) - jetty-9.4.49.v20220914; built: 2022-09-14T01:07:36.601Z; git: 4231a3b2e4cb8548a412a789936d640a97b1aa0a; jvm 1.8.0_362-b09
2023-03-15 06:53:03,800 [Listener at 127.0.0.1/33927] INFO  server.session (DefaultSessionIdManager.java:doStart(334)) - DefaultSessionIdManager workerName=node0
2023-03-15 06:53:03,801 [Listener at 127.0.0.1/33927] INFO  server.session (DefaultSessionIdManager.java:doStart(339)) - No SessionScavenger set, using defaults
2023-03-15 06:53:03,801 [Listener at 127.0.0.1/33927] INFO  server.session (HouseKeeper.java:startScavenging(132)) - node0 Scavenging every 600000ms
2023-03-15 06:53:03,801 [Listener at 127.0.0.1/33927] INFO  handler.ContextHandler (ContextHandler.java:doStart(921)) - Started o.e.j.s.ServletContextHandler@e042502{logs,/logs,file:///home/runner/work/ozone/ozone/hadoop-ozone/integration-test/target/log,AVAILABLE}
2023-03-15 06:53:03,802 [Listener at 127.0.0.1/33927] INFO  handler.ContextHandler (ContextHandler.java:doStart(921)) - Started o.e.j.s.ServletContextHandler@66e85a55{static,/static,jar:file:/home/runner/.m2/repository/org/apache/ozone/hdds-container-service/1.4.0-SNAPSHOT/hdds-container-service-1.4.0-SNAPSHOT.jar!/webapps/static,AVAILABLE}
2023-03-15 06:53:04,038 [Listener at 127.0.0.1/33927] INFO  handler.ContextHandler (ContextHandler.java:doStart(921)) - Started o.e.j.w.WebAppContext@3ead589f{hddsDatanode,/,file:///home/runner/work/ozone/ozone/hadoop-ozone/integration-test/target/test-dir/MiniOzoneClusterImpl-8d40f1f0-3e23-4273-879b-a609159ae6a4/datanode-2/meta/webserver/jetty-0_0_0_0-34983-hdds-container-service-1_4_0-SNAPSHOT_jar-_-any-25211964797622090/webapp/,AVAILABLE}{jar:file:/home/runner/.m2/repository/org/apache/ozone/hdds-container-service/1.4.0-SNAPSHOT/hdds-container-service-1.4.0-SNAPSHOT.jar!/webapps/hddsDatanode}
2023-03-15 06:53:04,040 [Listener at 127.0.0.1/33927] INFO  server.AbstractConnector (AbstractConnector.java:doStart(333)) - Started ServerConnector@6f2912c5{HTTP/1.1, (http/1.1)}{0.0.0.0:34983}
2023-03-15 06:53:04,041 [Listener at 127.0.0.1/33927] INFO  server.Server (Server.java:doStart(415)) - Started @73531ms
2023-03-15 06:53:04,041 [Listener at 127.0.0.1/33927] WARN  impl.MetricsSystemImpl (MetricsSystemImpl.java:register(279)) - Sink prometheus already exists!
2023-03-15 06:53:04,041 [Listener at 127.0.0.1/33927] INFO  http.BaseHttpServer (BaseHttpServer.java:updateConnectorAddress(344)) - HTTP server of hddsDatanode listening at http://0.0.0.0:34983
2023-03-15 06:53:04,042 [Listener at 127.0.0.1/33927] INFO  ozone.MiniOzoneClusterImpl (MiniOzoneClusterImpl.java:lambda$waitForClusterToBeReady$0(218)) - Waiting for nodes to be ready. Got 0 of 3 DN Heartbeats.
2023-03-15 06:53:04,042 [Listener at 127.0.0.1/33927] INFO  ozone.MiniOzoneClusterImpl (MiniOzoneClusterImpl.java:lambda$waitForClusterToBeReady$0(221)) - Waiting for cluster to exit safe mode
2023-03-15 06:53:04,042 [Listener at 127.0.0.1/33927] INFO  ozone.MiniOzoneClusterImpl (MiniOzoneClusterImpl.java:lambda$waitForClusterToBeReady$0(223)) - SCM became leader
2023-03-15 06:53:04,042 [Datanode State Machine Daemon Thread] INFO  statemachine.DatanodeStateMachine (DatanodeStateMachine.java:lambda$startDaemon$0(517)) - Ozone container server started.
2023-03-15 06:53:04,053 [org.apache.hadoop.util.JvmPauseMonitor$Monitor@3ab872e6] INFO  util.JvmPauseMonitor (JvmPauseMonitor.java:run(188)) - Starting JVM pause monitor
2023-03-15 06:53:04,055 [Datanode State Machine Task Thread - 0] INFO  datanode.InitDatanodeState (InitDatanodeState.java:persistContainerDatanodeDetails(138)) - DatanodeDetails is persisted to /home/runner/work/ozone/ozone/hadoop-ozone/integration-test/target/test-dir/MiniOzoneClusterImpl-8d40f1f0-3e23-4273-879b-a609159ae6a4/datanode-2/meta/datanode.id
2023-03-15 06:53:04,788 [EndpointStateMachine task thread for /0.0.0.0:45029 - 0 ] INFO  ipc.Client (Client.java:handleConnectionFailure(1010)) - Retrying connect to server: 0.0.0.0/0.0.0.0:45029. Already tried 8 time(s); retry policy is RetryUpToMaximumCountWithFixedSleep(maxRetries=15, sleepTime=1000 MILLISECONDS)
2023-03-15 06:53:05,042 [Listener at 127.0.0.1/33927] INFO  ozone.MiniOzoneClusterImpl (MiniOzoneClusterImpl.java:lambda$waitForClusterToBeReady$0(218)) - Waiting for nodes to be ready. Got 0 of 3 DN Heartbeats.
2023-03-15 06:53:05,043 [Listener at 127.0.0.1/33927] INFO  ozone.MiniOzoneClusterImpl (MiniOzoneClusterImpl.java:lambda$waitForClusterToBeReady$0(221)) - Waiting for cluster to exit safe mode
2023-03-15 06:53:05,043 [Listener at 127.0.0.1/33927] INFO  ozone.MiniOzoneClusterImpl (MiniOzoneClusterImpl.java:lambda$waitForClusterToBeReady$0(223)) - SCM became leader
2023-03-15 06:53:05,294 [EndpointStateMachine task thread for /0.0.0.0:39779 - 0 ] INFO  utils.DatanodeStoreCache (DatanodeStoreCache.java:addDB(58)) - Added db /home/runner/work/ozone/ozone/hadoop-ozone/integration-test/target/test-dir/MiniOzoneClusterImpl-8d40f1f0-3e23-4273-879b-a609159ae6a4/datanode-0/data-0/containers/hdds/8d40f1f0-3e23-4273-879b-a609159ae6a4/DS-77c82d25-1ec6-41b5-a316-940765c89477/container.db to cache
2023-03-15 06:53:05,294 [EndpointStateMachine task thread for /0.0.0.0:39779 - 0 ] INFO  volume.HddsVolume (HddsVolume.java:createDbStore(331)) - SchemaV3 db is created and loaded at /home/runner/work/ozone/ozone/hadoop-ozone/integration-test/target/test-dir/MiniOzoneClusterImpl-8d40f1f0-3e23-4273-879b-a609159ae6a4/datanode-0/data-0/containers/hdds/8d40f1f0-3e23-4273-879b-a609159ae6a4/DS-77c82d25-1ec6-41b5-a316-940765c89477/container.db for volume DS-77c82d25-1ec6-41b5-a316-940765c89477
2023-03-15 06:53:05,294 [EndpointStateMachine task thread for /0.0.0.0:39779 - 0 ] INFO  ozoneimpl.OzoneContainer (OzoneContainer.java:start(401)) - Attempting to start container services.
2023-03-15 06:53:05,294 [EndpointStateMachine task thread for /0.0.0.0:39779 - 0 ] INFO  ozoneimpl.OzoneContainer (OzoneContainer.java:startContainerScrub(318)) - Scheduled background container scanners and the on-demand container scanner have been disabled.
2023-03-15 06:53:05,302 [EndpointStateMachine task thread for /0.0.0.0:39779 - 0 ] INFO  replication.ReplicationServer (ReplicationServer.java:start(109)) - ReplicationServer is started using port 34925
2023-03-15 06:53:05,303 [EndpointStateMachine task thread for /0.0.0.0:39779 - 0 ] INFO  ratis.XceiverServerRatis (XceiverServerRatis.java:start(518)) - Starting XceiverServerRatis 0f19c1f7-7e7d-408b-8c95-b3dd1f9d1744
2023-03-15 06:53:05,306 [EndpointStateMachine task thread for /0.0.0.0:39779 - 0 ] INFO  server.RaftServer (RaftServerProxy.java:startImpl(393)) - 0f19c1f7-7e7d-408b-8c95-b3dd1f9d1744: start RPC server
2023-03-15 06:53:05,314 [EndpointStateMachine task thread for /0.0.0.0:39779 - 0 ] INFO  server.GrpcService (GrpcService.java:startImpl(262)) - 0f19c1f7-7e7d-408b-8c95-b3dd1f9d1744: GrpcService started, listening on 40449
2023-03-15 06:53:05,315 [EndpointStateMachine task thread for /0.0.0.0:39779 - 0 ] INFO  ratis.XceiverServerRatis (XceiverServerRatis.java:getRealPort(544)) - XceiverServerRatis 0f19c1f7-7e7d-408b-8c95-b3dd1f9d1744 is started using port 40449 for RATIS
2023-03-15 06:53:05,315 [JvmPauseMonitor9] INFO  util.JvmPauseMonitor (JvmPauseMonitor.java:run(105)) - JvmPauseMonitor-0f19c1f7-7e7d-408b-8c95-b3dd1f9d1744: Started
2023-03-15 06:53:05,315 [EndpointStateMachine task thread for /0.0.0.0:39779 - 0 ] INFO  ratis.XceiverServerRatis (XceiverServerRatis.java:getRealPort(544)) - XceiverServerRatis 0f19c1f7-7e7d-408b-8c95-b3dd1f9d1744 is started using port 40449 for RATIS_ADMIN
2023-03-15 06:53:05,315 [EndpointStateMachine task thread for /0.0.0.0:39779 - 0 ] INFO  ratis.XceiverServerRatis (XceiverServerRatis.java:getRealPort(544)) - XceiverServerRatis 0f19c1f7-7e7d-408b-8c95-b3dd1f9d1744 is started using port 40449 for RATIS_SERVER
2023-03-15 06:53:05,315 [EndpointStateMachine task thread for /0.0.0.0:39779 - 0 ] INFO  ratis.XceiverServerRatis (XceiverServerRatis.java:getRealPort(544)) - XceiverServerRatis 0f19c1f7-7e7d-408b-8c95-b3dd1f9d1744 is started using port 46071 for RATIS_DATASTREAM
2023-03-15 06:53:05,322 [EndpointStateMachine task thread for /0.0.0.0:39779 - 0 ] INFO  server.XceiverServerGrpc (XceiverServerGrpc.java:start(180)) - XceiverServerGrpc 0f19c1f7-7e7d-408b-8c95-b3dd1f9d1744 is started using port 38177
2023-03-15 06:53:05,323 [BlockDeletingService#0] INFO  interfaces.ContainerDeletionChoosingPolicyTemplate (ContainerDeletionChoosingPolicyTemplate.java:chooseContainerForBlockDeletion(83)) - Chosen 0/5000 blocks from 0 candidate containers.
2023-03-15 06:53:05,683 [EndpointStateMachine task thread for /0.0.0.0:39779 - 0 ] INFO  utils.DatanodeStoreCache (DatanodeStoreCache.java:addDB(58)) - Added db /home/runner/work/ozone/ozone/hadoop-ozone/integration-test/target/test-dir/MiniOzoneClusterImpl-8d40f1f0-3e23-4273-879b-a609159ae6a4/datanode-1/data-0/containers/hdds/8d40f1f0-3e23-4273-879b-a609159ae6a4/DS-da845594-d127-4361-ae2b-713d51bc2394/container.db to cache
2023-03-15 06:53:05,683 [EndpointStateMachine task thread for /0.0.0.0:39779 - 0 ] INFO  volume.HddsVolume (HddsVolume.java:createDbStore(331)) - SchemaV3 db is created and loaded at /home/runner/work/ozone/ozone/hadoop-ozone/integration-test/target/test-dir/MiniOzoneClusterImpl-8d40f1f0-3e23-4273-879b-a609159ae6a4/datanode-1/data-0/containers/hdds/8d40f1f0-3e23-4273-879b-a609159ae6a4/DS-da845594-d127-4361-ae2b-713d51bc2394/container.db for volume DS-da845594-d127-4361-ae2b-713d51bc2394
2023-03-15 06:53:05,683 [EndpointStateMachine task thread for /0.0.0.0:39779 - 0 ] INFO  ozoneimpl.OzoneContainer (OzoneContainer.java:start(401)) - Attempting to start container services.
2023-03-15 06:53:05,683 [EndpointStateMachine task thread for /0.0.0.0:39779 - 0 ] INFO  ozoneimpl.OzoneContainer (OzoneContainer.java:startContainerScrub(318)) - Scheduled background container scanners and the on-demand container scanner have been disabled.
2023-03-15 06:53:05,686 [EndpointStateMachine task thread for /0.0.0.0:39779 - 0 ] INFO  replication.ReplicationServer (ReplicationServer.java:start(109)) - ReplicationServer is started using port 39023
2023-03-15 06:53:05,686 [EndpointStateMachine task thread for /0.0.0.0:39779 - 0 ] INFO  ratis.XceiverServerRatis (XceiverServerRatis.java:start(518)) - Starting XceiverServerRatis ec6086c2-fc50-413c-afc3-6eccceec3a30
2023-03-15 06:53:05,692 [EndpointStateMachine task thread for /0.0.0.0:39779 - 0 ] INFO  server.RaftServer (RaftServerProxy.java:startImpl(393)) - ec6086c2-fc50-413c-afc3-6eccceec3a30: start RPC server
2023-03-15 06:53:05,695 [EndpointStateMachine task thread for /0.0.0.0:39779 - 0 ] INFO  server.GrpcService (GrpcService.java:startImpl(262)) - ec6086c2-fc50-413c-afc3-6eccceec3a30: GrpcService started, listening on 34497
2023-03-15 06:53:05,696 [EndpointStateMachine task thread for /0.0.0.0:39779 - 0 ] INFO  ratis.XceiverServerRatis (XceiverServerRatis.java:getRealPort(544)) - XceiverServerRatis ec6086c2-fc50-413c-afc3-6eccceec3a30 is started using port 34497 for RATIS
2023-03-15 06:53:05,696 [JvmPauseMonitor10] INFO  util.JvmPauseMonitor (JvmPauseMonitor.java:run(105)) - JvmPauseMonitor-ec6086c2-fc50-413c-afc3-6eccceec3a30: Started
2023-03-15 06:53:05,696 [EndpointStateMachine task thread for /0.0.0.0:39779 - 0 ] INFO  ratis.XceiverServerRatis (XceiverServerRatis.java:getRealPort(544)) - XceiverServerRatis ec6086c2-fc50-413c-afc3-6eccceec3a30 is started using port 34497 for RATIS_ADMIN
2023-03-15 06:53:05,696 [EndpointStateMachine task thread for /0.0.0.0:39779 - 0 ] INFO  ratis.XceiverServerRatis (XceiverServerRatis.java:getRealPort(544)) - XceiverServerRatis ec6086c2-fc50-413c-afc3-6eccceec3a30 is started using port 34497 for RATIS_SERVER
2023-03-15 06:53:05,696 [EndpointStateMachine task thread for /0.0.0.0:39779 - 0 ] INFO  ratis.XceiverServerRatis (XceiverServerRatis.java:getRealPort(544)) - XceiverServerRatis ec6086c2-fc50-413c-afc3-6eccceec3a30 is started using port 39119 for RATIS_DATASTREAM
2023-03-15 06:53:05,708 [EndpointStateMachine task thread for /0.0.0.0:39779 - 0 ] INFO  server.XceiverServerGrpc (XceiverServerGrpc.java:start(180)) - XceiverServerGrpc ec6086c2-fc50-413c-afc3-6eccceec3a30 is started using port 43055
2023-03-15 06:53:05,709 [BlockDeletingService#0] INFO  interfaces.ContainerDeletionChoosingPolicyTemplate (ContainerDeletionChoosingPolicyTemplate.java:chooseContainerForBlockDeletion(83)) - Chosen 0/5000 blocks from 0 candidate containers.
2023-03-15 06:53:05,789 [EndpointStateMachine task thread for /0.0.0.0:45029 - 0 ] INFO  ipc.Client (Client.java:handleConnectionFailure(1010)) - Retrying connect to server: 0.0.0.0/0.0.0.0:45029. Already tried 9 time(s); retry policy is RetryUpToMaximumCountWithFixedSleep(maxRetries=15, sleepTime=1000 MILLISECONDS)
2023-03-15 06:53:06,043 [Listener at 127.0.0.1/33927] INFO  ozone.MiniOzoneClusterImpl (MiniOzoneClusterImpl.java:lambda$waitForClusterToBeReady$0(218)) - Waiting for nodes to be ready. Got 0 of 3 DN Heartbeats.
2023-03-15 06:53:06,043 [Listener at 127.0.0.1/33927] INFO  ozone.MiniOzoneClusterImpl (MiniOzoneClusterImpl.java:lambda$waitForClusterToBeReady$0(221)) - Waiting for cluster to exit safe mode
2023-03-15 06:53:06,043 [Listener at 127.0.0.1/33927] INFO  ozone.MiniOzoneClusterImpl (MiniOzoneClusterImpl.java:lambda$waitForClusterToBeReady$0(223)) - SCM became leader
2023-03-15 06:53:06,091 [EndpointStateMachine task thread for /0.0.0.0:39779 - 0 ] INFO  utils.DatanodeStoreCache (DatanodeStoreCache.java:addDB(58)) - Added db /home/runner/work/ozone/ozone/hadoop-ozone/integration-test/target/test-dir/MiniOzoneClusterImpl-8d40f1f0-3e23-4273-879b-a609159ae6a4/datanode-2/data-0/containers/hdds/8d40f1f0-3e23-4273-879b-a609159ae6a4/DS-97cb5f79-7498-459c-a453-f4d7e48d81ae/container.db to cache
2023-03-15 06:53:06,091 [EndpointStateMachine task thread for /0.0.0.0:39779 - 0 ] INFO  volume.HddsVolume (HddsVolume.java:createDbStore(331)) - SchemaV3 db is created and loaded at /home/runner/work/ozone/ozone/hadoop-ozone/integration-test/target/test-dir/MiniOzoneClusterImpl-8d40f1f0-3e23-4273-879b-a609159ae6a4/datanode-2/data-0/containers/hdds/8d40f1f0-3e23-4273-879b-a609159ae6a4/DS-97cb5f79-7498-459c-a453-f4d7e48d81ae/container.db for volume DS-97cb5f79-7498-459c-a453-f4d7e48d81ae
2023-03-15 06:53:06,091 [EndpointStateMachine task thread for /0.0.0.0:39779 - 0 ] INFO  ozoneimpl.OzoneContainer (OzoneContainer.java:start(401)) - Attempting to start container services.
2023-03-15 06:53:06,091 [EndpointStateMachine task thread for /0.0.0.0:39779 - 0 ] INFO  ozoneimpl.OzoneContainer (OzoneContainer.java:startContainerScrub(318)) - Scheduled background container scanners and the on-demand container scanner have been disabled.
2023-03-15 06:53:06,096 [EndpointStateMachine task thread for /0.0.0.0:39779 - 0 ] INFO  replication.ReplicationServer (ReplicationServer.java:start(109)) - ReplicationServer is started using port 41501
2023-03-15 06:53:06,097 [EndpointStateMachine task thread for /0.0.0.0:39779 - 0 ] INFO  ratis.XceiverServerRatis (XceiverServerRatis.java:start(518)) - Starting XceiverServerRatis f5ffbb19-6856-4431-8ca7-ea850b755d28
2023-03-15 06:53:06,097 [EndpointStateMachine task thread for /0.0.0.0:39779 - 0 ] INFO  server.RaftServer (RaftServerProxy.java:startImpl(393)) - f5ffbb19-6856-4431-8ca7-ea850b755d28: start RPC server
2023-03-15 06:53:06,104 [EndpointStateMachine task thread for /0.0.0.0:39779 - 0 ] INFO  server.GrpcService (GrpcService.java:startImpl(262)) - f5ffbb19-6856-4431-8ca7-ea850b755d28: GrpcService started, listening on 37227
2023-03-15 06:53:06,105 [EndpointStateMachine task thread for /0.0.0.0:39779 - 0 ] INFO  ratis.XceiverServerRatis (XceiverServerRatis.java:getRealPort(544)) - XceiverServerRatis f5ffbb19-6856-4431-8ca7-ea850b755d28 is started using port 37227 for RATIS
2023-03-15 06:53:06,105 [EndpointStateMachine task thread for /0.0.0.0:39779 - 0 ] INFO  ratis.XceiverServerRatis (XceiverServerRatis.java:getRealPort(544)) - XceiverServerRatis f5ffbb19-6856-4431-8ca7-ea850b755d28 is started using port 37227 for RATIS_ADMIN
2023-03-15 06:53:06,105 [JvmPauseMonitor11] INFO  util.JvmPauseMonitor (JvmPauseMonitor.java:run(105)) - JvmPauseMonitor-f5ffbb19-6856-4431-8ca7-ea850b755d28: Started
2023-03-15 06:53:06,105 [EndpointStateMachine task thread for /0.0.0.0:39779 - 0 ] INFO  ratis.XceiverServerRatis (XceiverServerRatis.java:getRealPort(544)) - XceiverServerRatis f5ffbb19-6856-4431-8ca7-ea850b755d28 is started using port 37227 for RATIS_SERVER
2023-03-15 06:53:06,105 [EndpointStateMachine task thread for /0.0.0.0:39779 - 0 ] INFO  ratis.XceiverServerRatis (XceiverServerRatis.java:getRealPort(544)) - XceiverServerRatis f5ffbb19-6856-4431-8ca7-ea850b755d28 is started using port 42395 for RATIS_DATASTREAM
2023-03-15 06:53:06,108 [EndpointStateMachine task thread for /0.0.0.0:39779 - 0 ] INFO  server.XceiverServerGrpc (XceiverServerGrpc.java:start(180)) - XceiverServerGrpc f5ffbb19-6856-4431-8ca7-ea850b755d28 is started using port 34083
2023-03-15 06:53:06,110 [BlockDeletingService#0] INFO  interfaces.ContainerDeletionChoosingPolicyTemplate (ContainerDeletionChoosingPolicyTemplate.java:chooseContainerForBlockDeletion(83)) - Chosen 0/5000 blocks from 0 candidate containers.
2023-03-15 06:53:06,790 [EndpointStateMachine task thread for /0.0.0.0:45029 - 0 ] INFO  ipc.Client (Client.java:handleConnectionFailure(1010)) - Retrying connect to server: 0.0.0.0/0.0.0.0:45029. Already tried 10 time(s); retry policy is RetryUpToMaximumCountWithFixedSleep(maxRetries=15, sleepTime=1000 MILLISECONDS)
2023-03-15 06:53:07,044 [Listener at 127.0.0.1/33927] INFO  ozone.MiniOzoneClusterImpl (MiniOzoneClusterImpl.java:lambda$waitForClusterToBeReady$0(218)) - Waiting for nodes to be ready. Got 0 of 3 DN Heartbeats.
2023-03-15 06:53:07,044 [Listener at 127.0.0.1/33927] INFO  ozone.MiniOzoneClusterImpl (MiniOzoneClusterImpl.java:lambda$waitForClusterToBeReady$0(221)) - Waiting for cluster to exit safe mode
2023-03-15 06:53:07,044 [Listener at 127.0.0.1/33927] INFO  ozone.MiniOzoneClusterImpl (MiniOzoneClusterImpl.java:lambda$waitForClusterToBeReady$0(223)) - SCM became leader
2023-03-15 06:53:07,242 [IPC Server handler 3 on default port 39779] INFO  net.NetworkTopologyImpl (NetworkTopologyImpl.java:add(112)) - Added a new node: /default-rack/0f19c1f7-7e7d-408b-8c95-b3dd1f9d1744
2023-03-15 06:53:07,242 [IPC Server handler 3 on default port 39779] INFO  node.SCMNodeManager (SCMNodeManager.java:register(404)) - Registered Data node : 0f19c1f7-7e7d-408b-8c95-b3dd1f9d1744{ip: 10.1.0.130, host: fv-az210-452.jgpbknbp5ljuxny3rrcz4t2bbd.bx.internal.cloudapp.net, ports: [REPLICATION=34925, RATIS=40449, RATIS_ADMIN=40449, RATIS_SERVER=40449, RATIS_DATASTREAM=46071, STANDALONE=38177], networkLocation: /default-rack, certSerialId: null, persistedOpState: null, persistedOpStateExpiryEpochSec: 0}
2023-03-15 06:53:07,245 [EventQueue-NewNodeForNewNodeHandler] INFO  pipeline.BackgroundPipelineCreator (BackgroundPipelineCreator.java:notifyEventTriggered(276)) - trigger a one-shot run on RatisPipelineUtilsThread.
2023-03-15 06:53:07,245 [EventQueue-NodeRegistrationContainerReportForDataNodeSafeModeRule] INFO  safemode.SCMSafeModeManager (DataNodeSafeModeRule.java:process(71)) - SCM in safe mode. 1 DataNodes registered, 3 required.
2023-03-15 06:53:07,245 [RatisPipelineUtilsThread - 0] INFO  pipeline.RatisPipelineProvider (RatisPipelineProvider.java:lambda$create$0(206)) - Sending CreatePipelineCommand for pipeline:PipelineID=fb0fe8a0-b7c6-44e9-b5b7-0319347a5c62 to datanode:0f19c1f7-7e7d-408b-8c95-b3dd1f9d1744
2023-03-15 06:53:07,246 [EventQueue-NodeRegistrationContainerReportForContainerSafeModeRule] INFO  safemode.SCMSafeModeManager (SCMSafeModeManager.java:validateSafeModeExitRules(200)) - ContainerSafeModeRule rule is successfully validated
2023-03-15 06:53:07,250 [RatisPipelineUtilsThread - 0] INFO  pipeline.PipelineStateManagerImpl (PipelineStateManagerImpl.java:addPipeline(103)) - Created pipeline Pipeline[ Id: fb0fe8a0-b7c6-44e9-b5b7-0319347a5c62, Nodes: 0f19c1f7-7e7d-408b-8c95-b3dd1f9d1744(fv-az210-452.jgpbknbp5ljuxny3rrcz4t2bbd.bx.internal.cloudapp.net/10.1.0.130), ReplicationConfig: RATIS/ONE, State:ALLOCATED, leaderId:, CreationTimestamp2023-03-15T06:53:07.245Z[Etc/UTC]].
2023-03-15 06:53:07,250 [EventQueue-PipelineReportForOneReplicaPipelineSafeModeRule] INFO  safemode.SCMSafeModeManager (SCMSafeModeManager.java:validateSafeModeExitRules(200)) - AtleastOneDatanodeReportedRule rule is successfully validated
2023-03-15 06:53:07,649 [IPC Server handler 1 on default port 39779] INFO  net.NetworkTopologyImpl (NetworkTopologyImpl.java:add(112)) - Added a new node: /default-rack/ec6086c2-fc50-413c-afc3-6eccceec3a30
2023-03-15 06:53:07,649 [IPC Server handler 1 on default port 39779] INFO  node.SCMNodeManager (SCMNodeManager.java:register(404)) - Registered Data node : ec6086c2-fc50-413c-afc3-6eccceec3a30{ip: 10.1.0.130, host: fv-az210-452.jgpbknbp5ljuxny3rrcz4t2bbd.bx.internal.cloudapp.net, ports: [REPLICATION=39023, RATIS=34497, RATIS_ADMIN=34497, RATIS_SERVER=34497, RATIS_DATASTREAM=39119, STANDALONE=43055], networkLocation: /default-rack, certSerialId: null, persistedOpState: null, persistedOpStateExpiryEpochSec: 0}
2023-03-15 06:53:07,649 [EventQueue-NewNodeForNewNodeHandler] INFO  pipeline.BackgroundPipelineCreator (BackgroundPipelineCreator.java:notifyEventTriggered(276)) - trigger a one-shot run on RatisPipelineUtilsThread.
2023-03-15 06:53:07,651 [EventQueue-NodeRegistrationContainerReportForDataNodeSafeModeRule] INFO  safemode.SCMSafeModeManager (DataNodeSafeModeRule.java:process(71)) - SCM in safe mode. 2 DataNodes registered, 3 required.
2023-03-15 06:53:07,654 [RatisPipelineUtilsThread - 0] INFO  pipeline.RatisPipelineProvider (RatisPipelineProvider.java:lambda$create$0(206)) - Sending CreatePipelineCommand for pipeline:PipelineID=10219cf5-10bc-4f7b-8586-c6add05f41ff to datanode:ec6086c2-fc50-413c-afc3-6eccceec3a30
2023-03-15 06:53:07,654 [RatisPipelineUtilsThread - 0] INFO  pipeline.PipelineStateManagerImpl (PipelineStateManagerImpl.java:addPipeline(103)) - Created pipeline Pipeline[ Id: 10219cf5-10bc-4f7b-8586-c6add05f41ff, Nodes: ec6086c2-fc50-413c-afc3-6eccceec3a30(fv-az210-452.jgpbknbp5ljuxny3rrcz4t2bbd.bx.internal.cloudapp.net/10.1.0.130), ReplicationConfig: RATIS/ONE, State:ALLOCATED, leaderId:, CreationTimestamp2023-03-15T06:53:07.654Z[Etc/UTC]].
2023-03-15 06:53:07,791 [EndpointStateMachine task thread for /0.0.0.0:45029 - 0 ] INFO  ipc.Client (Client.java:handleConnectionFailure(1010)) - Retrying connect to server: 0.0.0.0/0.0.0.0:45029. Already tried 11 time(s); retry policy is RetryUpToMaximumCountWithFixedSleep(maxRetries=15, sleepTime=1000 MILLISECONDS)
2023-03-15 06:53:08,045 [Listener at 127.0.0.1/33927] INFO  ozone.MiniOzoneClusterImpl (MiniOzoneClusterImpl.java:lambda$waitForClusterToBeReady$0(218)) - Waiting for nodes to be ready. Got 2 of 3 DN Heartbeats.
2023-03-15 06:53:08,045 [Listener at 127.0.0.1/33927] INFO  ozone.MiniOzoneClusterImpl (MiniOzoneClusterImpl.java:lambda$waitForClusterToBeReady$0(221)) - Waiting for cluster to exit safe mode
2023-03-15 06:53:08,045 [Listener at 127.0.0.1/33927] INFO  ozone.MiniOzoneClusterImpl (MiniOzoneClusterImpl.java:lambda$waitForClusterToBeReady$0(223)) - SCM became leader
2023-03-15 06:53:08,053 [IPC Server handler 0 on default port 39779] INFO  net.NetworkTopologyImpl (NetworkTopologyImpl.java:add(112)) - Added a new node: /default-rack/f5ffbb19-6856-4431-8ca7-ea850b755d28
2023-03-15 06:53:08,054 [IPC Server handler 0 on default port 39779] INFO  node.SCMNodeManager (SCMNodeManager.java:register(404)) - Registered Data node : f5ffbb19-6856-4431-8ca7-ea850b755d28{ip: 10.1.0.130, host: fv-az210-452.jgpbknbp5ljuxny3rrcz4t2bbd.bx.internal.cloudapp.net, ports: [REPLICATION=41501, RATIS=37227, RATIS_ADMIN=37227, RATIS_SERVER=37227, RATIS_DATASTREAM=42395, STANDALONE=34083], networkLocation: /default-rack, certSerialId: null, persistedOpState: null, persistedOpStateExpiryEpochSec: 0}
2023-03-15 06:53:08,054 [EventQueue-NewNodeForNewNodeHandler] INFO  pipeline.BackgroundPipelineCreator (BackgroundPipelineCreator.java:notifyEventTriggered(276)) - trigger a one-shot run on RatisPipelineUtilsThread.
2023-03-15 06:53:08,054 [EventQueue-NodeRegistrationContainerReportForDataNodeSafeModeRule] INFO  safemode.SCMSafeModeManager (DataNodeSafeModeRule.java:process(71)) - SCM in safe mode. 3 DataNodes registered, 3 required.
2023-03-15 06:53:08,054 [EventQueue-NodeRegistrationContainerReportForDataNodeSafeModeRule] INFO  safemode.SCMSafeModeManager (SCMSafeModeManager.java:validateSafeModeExitRules(200)) - DataNodeSafeModeRule rule is successfully validated
2023-03-15 06:53:08,054 [EventQueue-NodeRegistrationContainerReportForDataNodeSafeModeRule] INFO  safemode.SCMSafeModeManager (SCMSafeModeManager.java:completePreCheck(229)) - All SCM safe mode pre check rules have passed
2023-03-15 06:53:08,054 [EventQueue-NodeRegistrationContainerReportForDataNodeSafeModeRule] INFO  ha.SCMContext (SCMContext.java:updateSafeModeStatus(228)) - Update SafeModeStatus from SafeModeStatus{safeModeStatus=true, preCheckPassed=false} to SafeModeStatus{safeModeStatus=true, preCheckPassed=true}.
2023-03-15 06:53:08,054 [EventQueue-NodeRegistrationContainerReportForDataNodeSafeModeRule] INFO  pipeline.BackgroundPipelineCreator (BackgroundPipelineCreator.java:notifyEventTriggered(276)) - trigger a one-shot run on RatisPipelineUtilsThread.
2023-03-15 06:53:08,055 [RatisPipelineUtilsThread - 0] INFO  pipeline.RatisPipelineProvider (RatisPipelineProvider.java:lambda$create$0(206)) - Sending CreatePipelineCommand for pipeline:PipelineID=99283544-3900-4360-bc8d-90325cba88a0 to datanode:f5ffbb19-6856-4431-8ca7-ea850b755d28
2023-03-15 06:53:08,055 [RatisPipelineUtilsThread - 0] INFO  pipeline.PipelineStateManagerImpl (PipelineStateManagerImpl.java:addPipeline(103)) - Created pipeline Pipeline[ Id: 99283544-3900-4360-bc8d-90325cba88a0, Nodes: f5ffbb19-6856-4431-8ca7-ea850b755d28(fv-az210-452.jgpbknbp5ljuxny3rrcz4t2bbd.bx.internal.cloudapp.net/10.1.0.130), ReplicationConfig: RATIS/ONE, State:ALLOCATED, leaderId:, CreationTimestamp2023-03-15T06:53:08.055Z[Etc/UTC]].
2023-03-15 06:53:08,056 [RatisPipelineUtilsThread - 0] INFO  pipeline.RatisPipelineProvider (RatisPipelineProvider.java:lambda$create$0(206)) - Sending CreatePipelineCommand for pipeline:PipelineID=c38fd8d9-9d64-4a55-a2f3-f60420e2e8b9 to datanode:f5ffbb19-6856-4431-8ca7-ea850b755d28
2023-03-15 06:53:08,056 [RatisPipelineUtilsThread - 0] INFO  pipeline.RatisPipelineProvider (RatisPipelineProvider.java:lambda$create$0(206)) - Sending CreatePipelineCommand for pipeline:PipelineID=c38fd8d9-9d64-4a55-a2f3-f60420e2e8b9 to datanode:ec6086c2-fc50-413c-afc3-6eccceec3a30
2023-03-15 06:53:08,056 [RatisPipelineUtilsThread - 0] INFO  pipeline.RatisPipelineProvider (RatisPipelineProvider.java:lambda$create$0(206)) - Sending CreatePipelineCommand for pipeline:PipelineID=c38fd8d9-9d64-4a55-a2f3-f60420e2e8b9 to datanode:0f19c1f7-7e7d-408b-8c95-b3dd1f9d1744
2023-03-15 06:53:08,056 [RatisPipelineUtilsThread - 0] INFO  pipeline.PipelineStateManagerImpl (PipelineStateManagerImpl.java:addPipeline(103)) - Created pipeline Pipeline[ Id: c38fd8d9-9d64-4a55-a2f3-f60420e2e8b9, Nodes: f5ffbb19-6856-4431-8ca7-ea850b755d28(fv-az210-452.jgpbknbp5ljuxny3rrcz4t2bbd.bx.internal.cloudapp.net/10.1.0.130)ec6086c2-fc50-413c-afc3-6eccceec3a30(fv-az210-452.jgpbknbp5ljuxny3rrcz4t2bbd.bx.internal.cloudapp.net/10.1.0.130)0f19c1f7-7e7d-408b-8c95-b3dd1f9d1744(fv-az210-452.jgpbknbp5ljuxny3rrcz4t2bbd.bx.internal.cloudapp.net/10.1.0.130), ReplicationConfig: RATIS/THREE, State:ALLOCATED, leaderId:, CreationTimestamp2023-03-15T06:53:08.056Z[Etc/UTC]].
2023-03-15 06:53:08,057 [RatisPipelineUtilsThread - 0] INFO  pipeline.RatisPipelineProvider (RatisPipelineProvider.java:lambda$create$0(206)) - Sending CreatePipelineCommand for pipeline:PipelineID=d334167e-b948-4e6e-a1d2-27fd2424924e to datanode:ec6086c2-fc50-413c-afc3-6eccceec3a30
2023-03-15 06:53:08,057 [RatisPipelineUtilsThread - 0] INFO  pipeline.RatisPipelineProvider (RatisPipelineProvider.java:lambda$create$0(206)) - Sending CreatePipelineCommand for pipeline:PipelineID=d334167e-b948-4e6e-a1d2-27fd2424924e to datanode:f5ffbb19-6856-4431-8ca7-ea850b755d28
2023-03-15 06:53:08,057 [RatisPipelineUtilsThread - 0] INFO  pipeline.RatisPipelineProvider (RatisPipelineProvider.java:lambda$create$0(206)) - Sending CreatePipelineCommand for pipeline:PipelineID=d334167e-b948-4e6e-a1d2-27fd2424924e to datanode:0f19c1f7-7e7d-408b-8c95-b3dd1f9d1744
2023-03-15 06:53:08,057 [RatisPipelineUtilsThread - 0] INFO  pipeline.PipelineStateManagerImpl (PipelineStateManagerImpl.java:addPipeline(103)) - Created pipeline Pipeline[ Id: d334167e-b948-4e6e-a1d2-27fd2424924e, Nodes: ec6086c2-fc50-413c-afc3-6eccceec3a30(fv-az210-452.jgpbknbp5ljuxny3rrcz4t2bbd.bx.internal.cloudapp.net/10.1.0.130)f5ffbb19-6856-4431-8ca7-ea850b755d28(fv-az210-452.jgpbknbp5ljuxny3rrcz4t2bbd.bx.internal.cloudapp.net/10.1.0.130)0f19c1f7-7e7d-408b-8c95-b3dd1f9d1744(fv-az210-452.jgpbknbp5ljuxny3rrcz4t2bbd.bx.internal.cloudapp.net/10.1.0.130), ReplicationConfig: RATIS/THREE, State:ALLOCATED, leaderId:, CreationTimestamp2023-03-15T06:53:08.057Z[Etc/UTC]].
2023-03-15 06:53:08,057 [RatisPipelineUtilsThread - 0] INFO  pipeline.PipelineManagerImpl (PipelineManagerImpl.java:recordMetricsForPipeline(826)) - Pipeline: PipelineID=d334167e-b948-4e6e-a1d2-27fd2424924e contains same datanodes as previous pipelines: PipelineID=c38fd8d9-9d64-4a55-a2f3-f60420e2e8b9 nodeIds: ec6086c2-fc50-413c-afc3-6eccceec3a30, f5ffbb19-6856-4431-8ca7-ea850b755d28, 0f19c1f7-7e7d-408b-8c95-b3dd1f9d1744
2023-03-15 06:53:08,058 [RatisPipelineUtilsThread - 0] WARN  pipeline.PipelinePlacementPolicy (PipelinePlacementPolicy.java:filterViableNodes(158)) - Pipeline creation failed due to no sufficient healthy datanodes. Required 3. Found 0.
2023-03-15 06:53:08,791 [EndpointStateMachine task thread for /0.0.0.0:45029 - 0 ] INFO  ipc.Client (Client.java:handleConnectionFailure(1010)) - Retrying connect to server: 0.0.0.0/0.0.0.0:45029. Already tried 12 time(s); retry policy is RetryUpToMaximumCountWithFixedSleep(maxRetries=15, sleepTime=1000 MILLISECONDS)
2023-03-15 06:53:09,046 [Listener at 127.0.0.1/33927] INFO  ozone.MiniOzoneClusterImpl (MiniOzoneClusterImpl.java:lambda$waitForClusterToBeReady$0(218)) - Nodes are ready. Got 3 of 3 DN Heartbeats.
2023-03-15 06:53:09,046 [Listener at 127.0.0.1/33927] INFO  ozone.MiniOzoneClusterImpl (MiniOzoneClusterImpl.java:lambda$waitForClusterToBeReady$0(221)) - Waiting for cluster to exit safe mode
2023-03-15 06:53:09,046 [Listener at 127.0.0.1/33927] INFO  ozone.MiniOzoneClusterImpl (MiniOzoneClusterImpl.java:lambda$waitForClusterToBeReady$0(223)) - SCM became leader
2023-03-15 06:53:09,792 [EndpointStateMachine task thread for /0.0.0.0:45029 - 0 ] INFO  ipc.Client (Client.java:handleConnectionFailure(1010)) - Retrying connect to server: 0.0.0.0/0.0.0.0:45029. Already tried 13 time(s); retry policy is RetryUpToMaximumCountWithFixedSleep(maxRetries=15, sleepTime=1000 MILLISECONDS)
2023-03-15 06:53:10,046 [Listener at 127.0.0.1/33927] INFO  ozone.MiniOzoneClusterImpl (MiniOzoneClusterImpl.java:lambda$waitForClusterToBeReady$0(218)) - Nodes are ready. Got 3 of 3 DN Heartbeats.
2023-03-15 06:53:10,047 [Listener at 127.0.0.1/33927] INFO  ozone.MiniOzoneClusterImpl (MiniOzoneClusterImpl.java:lambda$waitForClusterToBeReady$0(221)) - Waiting for cluster to exit safe mode
2023-03-15 06:53:10,047 [Listener at 127.0.0.1/33927] INFO  ozone.MiniOzoneClusterImpl (MiniOzoneClusterImpl.java:lambda$waitForClusterToBeReady$0(223)) - SCM became leader
2023-03-15 06:53:10,242 [Command processor thread] INFO  server.RaftServer (RaftServerProxy.java:addNew(96)) - 0f19c1f7-7e7d-408b-8c95-b3dd1f9d1744: addNew group-0319347A5C62:[0f19c1f7-7e7d-408b-8c95-b3dd1f9d1744|rpc:10.1.0.130:40449|dataStream:10.1.0.130:46071|priority:1|startupRole:FOLLOWER] returns group-0319347A5C62:java.util.concurrent.CompletableFuture@264cee06[Not completed]
2023-03-15 06:53:10,245 [pool-825-thread-1] INFO  server.RaftServer$Division (RaftServerImpl.java:<init>(195)) - 0f19c1f7-7e7d-408b-8c95-b3dd1f9d1744: new RaftServerImpl for group-0319347A5C62:[0f19c1f7-7e7d-408b-8c95-b3dd1f9d1744|rpc:10.1.0.130:40449|dataStream:10.1.0.130:46071|priority:1|startupRole:FOLLOWER] with ContainerStateMachine:uninitialized
2023-03-15 06:53:10,245 [pool-825-thread-1] INFO  server.RaftServerConfigKeys (ConfUtils.java:logGet(46)) - raft.server.rpc.timeout.min = 5s (custom)
2023-03-15 06:53:10,245 [pool-825-thread-1] INFO  server.RaftServerConfigKeys (ConfUtils.java:logGet(46)) - raft.server.rpc.timeout.max = 5200ms (custom)
2023-03-15 06:53:10,245 [pool-825-thread-1] INFO  server.RaftServerConfigKeys (ConfUtils.java:logGet(46)) - raft.server.rpc.sleep.time = 25ms (default)
2023-03-15 06:53:10,245 [pool-825-thread-1] INFO  server.RaftServerConfigKeys (ConfUtils.java:logGet(46)) - raft.server.rpc.slowness.timeout = 300s (custom)
2023-03-15 06:53:10,246 [pool-825-thread-1] INFO  server.RaftServerConfigKeys (ConfUtils.java:logGet(46)) - raft.server.leaderelection.leader.step-down.wait-time = 10s (default)
2023-03-15 06:53:10,246 [pool-825-thread-1] INFO  server.RaftServerConfigKeys (ConfUtils.java:logGet(46)) - raft.server.sleep.deviation.threshold = 300ms (default)
2023-03-15 06:53:10,246 [pool-825-thread-1] INFO  server.RaftServer$Division (ServerState.java:<init>(118)) - 0f19c1f7-7e7d-408b-8c95-b3dd1f9d1744@group-0319347A5C62: ConfigurationManager, init=-1: peers:[0f19c1f7-7e7d-408b-8c95-b3dd1f9d1744|rpc:10.1.0.130:40449|dataStream:10.1.0.130:46071|priority:1|startupRole:FOLLOWER]|listeners:[], old=null, confs=<EMPTY_MAP>
2023-03-15 06:53:10,246 [pool-825-thread-1] INFO  server.RaftServerConfigKeys (ConfUtils.java:logGet(46)) - raft.server.storage.dir = [/home/runner/work/ozone/ozone/hadoop-ozone/integration-test/target/test-dir/MiniOzoneClusterImpl-8d40f1f0-3e23-4273-879b-a609159ae6a4/datanode-0/data/ratis] (custom)
2023-03-15 06:53:10,246 [pool-825-thread-1] INFO  server.RaftServerConfigKeys (ConfUtils.java:logGet(46)) - raft.server.log.corruption.policy = EXCEPTION (default)
2023-03-15 06:53:10,246 [pool-825-thread-1] INFO  server.RaftServerConfigKeys (ConfUtils.java:logGet(46)) - raft.server.storage.free-space.min = 0MB (=0) (default)
2023-03-15 06:53:10,247 [pool-825-thread-1] INFO  server.RaftServerConfigKeys (ConfUtils.java:logGet(46)) - raft.server.notification.no-leader.timeout = 300s (custom)
2023-03-15 06:53:10,247 [pool-825-thread-1] INFO  server.RaftServerConfigKeys (ConfUtils.java:logGet(46)) - raft.server.retrycache.expirytime = 600000ms (custom)
2023-03-15 06:53:10,247 [pool-825-thread-1] INFO  server.RaftServerConfigKeys (ConfUtils.java:logGet(46)) - raft.server.retrycache.statistics.expirytime = 100μs (default)
2023-03-15 06:53:10,248 [pool-825-thread-1] INFO  server.RaftServerConfigKeys (ConfUtils.java:logGet(46)) - raft.server.log.appender.install.snapshot.enabled = false (custom)
2023-03-15 06:53:10,248 [pool-825-thread-1] INFO  server.RaftServerConfigKeys (ConfUtils.java:logGet(46)) - raft.server.threadpool.server.cached = true (default)
2023-03-15 06:53:10,248 [pool-825-thread-1] INFO  server.RaftServerConfigKeys (ConfUtils.java:logGet(46)) - raft.server.threadpool.server.size = 0 (default)
2023-03-15 06:53:10,248 [pool-825-thread-1] INFO  server.RaftServerConfigKeys (ConfUtils.java:logGet(46)) - raft.server.threadpool.client.cached = true (default)
2023-03-15 06:53:10,248 [pool-825-thread-1] INFO  server.RaftServerConfigKeys (ConfUtils.java:logGet(46)) - raft.server.threadpool.client.size = 0 (default)
2023-03-15 06:53:10,248 [pool-825-thread-1] INFO  storage.RaftStorageDirectory (RaftStorageDirectoryImpl.java:analyzeStorage(137)) - The storage directory /home/runner/work/ozone/ozone/hadoop-ozone/integration-test/target/test-dir/MiniOzoneClusterImpl-8d40f1f0-3e23-4273-879b-a609159ae6a4/datanode-0/data/ratis/fb0fe8a0-b7c6-44e9-b5b7-0319347a5c62 does not exist. Creating ...
2023-03-15 06:53:10,250 [pool-825-thread-1] INFO  storage.RaftStorageDirectory (RaftStorageDirectoryImpl.java:tryLock(231)) - Lock on /home/runner/work/ozone/ozone/hadoop-ozone/integration-test/target/test-dir/MiniOzoneClusterImpl-8d40f1f0-3e23-4273-879b-a609159ae6a4/datanode-0/data/ratis/fb0fe8a0-b7c6-44e9-b5b7-0319347a5c62/in_use.lock acquired by nodename 3629@fv-az210-452
2023-03-15 06:53:10,251 [pool-825-thread-1] INFO  storage.RaftStorage (RaftStorageImpl.java:format(96)) - Storage directory /home/runner/work/ozone/ozone/hadoop-ozone/integration-test/target/test-dir/MiniOzoneClusterImpl-8d40f1f0-3e23-4273-879b-a609159ae6a4/datanode-0/data/ratis/fb0fe8a0-b7c6-44e9-b5b7-0319347a5c62 has been successfully formatted.
2023-03-15 06:53:10,252 [pool-825-thread-1] INFO  ratis.ContainerStateMachine (ContainerStateMachine.java:loadSnapshot(262)) - group-0319347A5C62: The snapshot info is null. Setting the last applied indexto:(t:0, i:~)
2023-03-15 06:53:10,253 [pool-825-thread-1] INFO  server.RaftServerConfigKeys (ConfUtils.java:logGet(46)) - raft.server.log.use.memory = false (default)
2023-03-15 06:53:10,253 [pool-825-thread-1] INFO  server.RaftServerConfigKeys (ConfUtils.java:logGet(46)) - raft.server.log.purge.gap = 1000000 (custom)
2023-03-15 06:53:10,253 [pool-825-thread-1] INFO  server.RaftServerConfigKeys (ConfUtils.java:logGet(46)) - raft.server.log.appender.buffer.byte-limit = 33554432 (custom)
2023-03-15 06:53:10,253 [pool-825-thread-1] INFO  server.RaftServerConfigKeys (ConfUtils.java:logGet(46)) - raft.server.log.statemachine.data.read.timeout = 1000ms (default)
2023-03-15 06:53:10,253 [pool-825-thread-1] INFO  server.RaftServerConfigKeys (ConfUtils.java:logGet(46)) - raft.server.log.purge.preservation.log.num = 0 (default)
2023-03-15 06:53:10,253 [pool-825-thread-1] INFO  server.RaftServerConfigKeys (ConfUtils.java:logGet(46)) - raft.server.log.segment.size.max = 1048576 (custom)
2023-03-15 06:53:10,254 [EventQueue-PipelineReportForPipelineReportHandler] INFO  pipeline.PipelineManagerImpl (PipelineManagerImpl.java:openPipeline(367)) - Pipeline Pipeline[ Id: fb0fe8a0-b7c6-44e9-b5b7-0319347a5c62, Nodes: 0f19c1f7-7e7d-408b-8c95-b3dd1f9d1744(fv-az210-452.jgpbknbp5ljuxny3rrcz4t2bbd.bx.internal.cloudapp.net/10.1.0.130), ReplicationConfig: RATIS/ONE, State:ALLOCATED, leaderId:0f19c1f7-7e7d-408b-8c95-b3dd1f9d1744, CreationTimestamp2023-03-15T06:53:07.245Z[Etc/UTC]] moved to OPEN state
2023-03-15 06:53:10,259 [pool-825-thread-1] INFO  server.RaftServerConfigKeys (ConfUtils.java:logGet(46)) - raft.server.log.segment.cache.num.max = 2 (custom)
2023-03-15 06:53:10,261 [pool-825-thread-1] INFO  server.RaftServerConfigKeys (ConfUtils.java:logGet(46)) - raft.server.log.segment.cache.size.max = 200MB (=209715200) (default)
2023-03-15 06:53:10,261 [pool-825-thread-1] INFO  segmented.SegmentedRaftLogWorker (SegmentedRaftLogWorker.java:<init>(189)) - new 0f19c1f7-7e7d-408b-8c95-b3dd1f9d1744@group-0319347A5C62-SegmentedRaftLogWorker for RaftStorageImpl:Storage Directory /home/runner/work/ozone/ozone/hadoop-ozone/integration-test/target/test-dir/MiniOzoneClusterImpl-8d40f1f0-3e23-4273-879b-a609159ae6a4/datanode-0/data/ratis/fb0fe8a0-b7c6-44e9-b5b7-0319347a5c62
2023-03-15 06:53:10,261 [pool-825-thread-1] INFO  server.RaftServerConfigKeys (ConfUtils.java:logGet(46)) - raft.server.log.queue.byte-limit = 4294967296 (custom)
2023-03-15 06:53:10,261 [pool-825-thread-1] INFO  server.RaftServerConfigKeys (ConfUtils.java:logGet(46)) - raft.server.log.queue.element-limit = 1024 (custom)
2023-03-15 06:53:10,261 [pool-825-thread-1] INFO  server.RaftServerConfigKeys (ConfUtils.java:logGet(46)) - raft.server.log.segment.size.max = 1048576 (custom)
2023-03-15 06:53:10,261 [pool-825-thread-1] INFO  server.RaftServerConfigKeys (ConfUtils.java:logGet(46)) - raft.server.log.preallocated.size = 16384 (custom)
2023-03-15 06:53:10,261 [pool-825-thread-1] INFO  server.RaftServerConfigKeys (ConfUtils.java:logGet(46)) - raft.server.log.force.sync.num = 128 (default)
2023-03-15 06:53:10,261 [pool-825-thread-1] INFO  server.RaftServerConfigKeys (ConfUtils.java:logGet(46)) - raft.server.log.statemachine.data.sync = true (default)
2023-03-15 06:53:10,261 [pool-825-thread-1] INFO  server.RaftServerConfigKeys (ConfUtils.java:logGet(46)) - raft.server.log.statemachine.data.sync.timeout = 10s (default)
2023-03-15 06:53:10,261 [pool-825-thread-1] INFO  server.RaftServerConfigKeys (ConfUtils.java:logGet(46)) - raft.server.log.statemachine.data.sync.timeout.retry = -1 (default)
2023-03-15 06:53:10,262 [pool-825-thread-1] INFO  server.RaftServerConfigKeys (ConfUtils.java:logGet(46)) - raft.server.log.write.buffer.size = 1048576 (custom)
2023-03-15 06:53:10,262 [pool-825-thread-1] INFO  server.RaftServerConfigKeys (ConfUtils.java:logGet(46)) - raft.server.log.appender.buffer.byte-limit = 33554432 (custom)
2023-03-15 06:53:10,265 [EventQueue-OpenPipelineForHealthyPipelineSafeModeRule] INFO  safemode.SCMSafeModeManager (HealthyPipelineSafeModeRule.java:process(137)) - SCM in safe mode. Healthy pipelines reported count is 0, required healthy pipeline reported count is 1
2023-03-15 06:53:10,270 [pool-825-thread-1] INFO  server.RaftServerConfigKeys (ConfUtils.java:logGet(46)) - raft.server.log.unsafe-flush.enabled = false (default)
2023-03-15 06:53:10,270 [pool-825-thread-1] INFO  server.RaftServerConfigKeys (ConfUtils.java:logGet(46)) - raft.server.log.async-flush.enabled = false (default)
2023-03-15 06:53:10,270 [pool-825-thread-1] INFO  server.RaftServerConfigKeys (ConfUtils.java:logGet(46)) - raft.server.log.statemachine.data.caching.enabled = true (custom)
2023-03-15 06:53:10,270 [pool-825-thread-1] INFO  segmented.SegmentedRaftLogWorker (SegmentedRaftLogWorker.java:lambda$new$0(135)) - 0f19c1f7-7e7d-408b-8c95-b3dd1f9d1744@group-0319347A5C62-SegmentedRaftLogWorker: flushIndex: setUnconditionally 0 -> -1
2023-03-15 06:53:10,270 [pool-825-thread-1] INFO  segmented.SegmentedRaftLogWorker (SegmentedRaftLogWorker.java:lambda$new$0(135)) - 0f19c1f7-7e7d-408b-8c95-b3dd1f9d1744@group-0319347A5C62-SegmentedRaftLogWorker: safeCacheEvictIndex: setUnconditionally 0 -> -1
2023-03-15 06:53:10,270 [pool-825-thread-1] INFO  server.RaftServer$Division (RaftServerImpl.java:start(334)) - 0f19c1f7-7e7d-408b-8c95-b3dd1f9d1744@group-0319347A5C62: start as a follower, conf=-1: peers:[0f19c1f7-7e7d-408b-8c95-b3dd1f9d1744|rpc:10.1.0.130:40449|dataStream:10.1.0.130:46071|priority:1|startupRole:FOLLOWER]|listeners:[], old=null
2023-03-15 06:53:10,270 [pool-825-thread-1] INFO  server.RaftServer$Division (RaftServerImpl.java:setRole(321)) - 0f19c1f7-7e7d-408b-8c95-b3dd1f9d1744@group-0319347A5C62: changes role from      null to FOLLOWER at term 0 for startAsFollower
2023-03-15 06:53:10,270 [pool-825-thread-1] INFO  impl.RoleInfo (RoleInfo.java:updateAndGet(139)) - 0f19c1f7-7e7d-408b-8c95-b3dd1f9d1744: start 0f19c1f7-7e7d-408b-8c95-b3dd1f9d1744@group-0319347A5C62-FollowerState
2023-03-15 06:53:10,274 [pool-825-thread-1] INFO  util.JmxRegister (JmxRegister.java:tryRegister(44)) - Successfully registered JMX Bean with object name Ratis:service=RaftServer,group=group-0319347A5C62,id=0f19c1f7-7e7d-408b-8c95-b3dd1f9d1744
2023-03-15 06:53:10,274 [pool-825-thread-1] INFO  server.RaftServerConfigKeys (ConfUtils.java:logGet(46)) - raft.server.snapshot.auto.trigger.enabled = true (custom)
2023-03-15 06:53:10,275 [pool-825-thread-1] INFO  server.RaftServerConfigKeys (ConfUtils.java:logGet(46)) - raft.server.snapshot.auto.trigger.threshold = 10000 (custom)
2023-03-15 06:53:10,275 [pool-825-thread-1] INFO  server.RaftServerConfigKeys (ConfUtils.java:logGet(46)) - raft.server.snapshot.retention.file.num = 5 (custom)
2023-03-15 06:53:10,275 [pool-825-thread-1] INFO  server.RaftServerConfigKeys (ConfUtils.java:logGet(46)) - raft.server.log.purge.upto.snapshot.index = false (default)
2023-03-15 06:53:10,275 [0f19c1f7-7e7d-408b-8c95-b3dd1f9d1744@group-0319347A5C62-FollowerState] INFO  server.RaftServerConfigKeys (ConfUtils.java:logFallback(53)) - raft.server.rpc.first-election.timeout.min = 5s (fallback to raft.server.rpc.timeout.min)
2023-03-15 06:53:10,275 [0f19c1f7-7e7d-408b-8c95-b3dd1f9d1744@group-0319347A5C62-FollowerState] INFO  server.RaftServerConfigKeys (ConfUtils.java:logFallback(53)) - raft.server.rpc.first-election.timeout.max = 5200ms (fallback to raft.server.rpc.timeout.max)
2023-03-15 06:53:10,277 [Command processor thread] INFO  ratis.XceiverServerRatis (XceiverServerRatis.java:addGroup(807)) - Created group PipelineID=fb0fe8a0-b7c6-44e9-b5b7-0319347a5c62
2023-03-15 06:53:10,277 [Command processor thread] INFO  commandhandler.CreatePipelineCommandHandler (CreatePipelineCommandHandler.java:handle(113)) - Created Pipeline RATIS ONE PipelineID=fb0fe8a0-b7c6-44e9-b5b7-0319347a5c62.
2023-03-15 06:53:10,278 [Command processor thread] INFO  server.RaftServer (RaftServerProxy.java:addNew(96)) - 0f19c1f7-7e7d-408b-8c95-b3dd1f9d1744: addNew group-F60420E2E8B9:[f5ffbb19-6856-4431-8ca7-ea850b755d28|rpc:10.1.0.130:37227|dataStream:10.1.0.130:42395|priority:0|startupRole:FOLLOWER, 0f19c1f7-7e7d-408b-8c95-b3dd1f9d1744|rpc:10.1.0.130:40449|dataStream:10.1.0.130:46071|priority:1|startupRole:FOLLOWER, ec6086c2-fc50-413c-afc3-6eccceec3a30|rpc:10.1.0.130:34497|dataStream:10.1.0.130:39119|priority:0|startupRole:FOLLOWER] returns group-F60420E2E8B9:java.util.concurrent.CompletableFuture@22737e17[Not completed]
2023-03-15 06:53:10,279 [pool-825-thread-1] INFO  server.RaftServer$Division (RaftServerImpl.java:<init>(195)) - 0f19c1f7-7e7d-408b-8c95-b3dd1f9d1744: new RaftServerImpl for group-F60420E2E8B9:[f5ffbb19-6856-4431-8ca7-ea850b755d28|rpc:10.1.0.130:37227|dataStream:10.1.0.130:42395|priority:0|startupRole:FOLLOWER, 0f19c1f7-7e7d-408b-8c95-b3dd1f9d1744|rpc:10.1.0.130:40449|dataStream:10.1.0.130:46071|priority:1|startupRole:FOLLOWER, ec6086c2-fc50-413c-afc3-6eccceec3a30|rpc:10.1.0.130:34497|dataStream:10.1.0.130:39119|priority:0|startupRole:FOLLOWER] with ContainerStateMachine:uninitialized
2023-03-15 06:53:10,280 [pool-825-thread-1] INFO  server.RaftServerConfigKeys (ConfUtils.java:logGet(46)) - raft.server.rpc.timeout.min = 5s (custom)
2023-03-15 06:53:10,280 [pool-825-thread-1] INFO  server.RaftServerConfigKeys (ConfUtils.java:logGet(46)) - raft.server.rpc.timeout.max = 5200ms (custom)
2023-03-15 06:53:10,280 [pool-825-thread-1] INFO  server.RaftServerConfigKeys (ConfUtils.java:logGet(46)) - raft.server.rpc.sleep.time = 25ms (default)
2023-03-15 06:53:10,280 [pool-825-thread-1] INFO  server.RaftServerConfigKeys (ConfUtils.java:logGet(46)) - raft.server.rpc.slowness.timeout = 300s (custom)
2023-03-15 06:53:10,280 [pool-825-thread-1] INFO  server.RaftServerConfigKeys (ConfUtils.java:logGet(46)) - raft.server.leaderelection.leader.step-down.wait-time = 10s (default)
2023-03-15 06:53:10,280 [pool-825-thread-1] INFO  server.RaftServerConfigKeys (ConfUtils.java:logGet(46)) - raft.server.sleep.deviation.threshold = 300ms (default)
2023-03-15 06:53:10,280 [pool-825-thread-1] INFO  server.RaftServer$Division (ServerState.java:<init>(118)) - 0f19c1f7-7e7d-408b-8c95-b3dd1f9d1744@group-F60420E2E8B9: ConfigurationManager, init=-1: peers:[f5ffbb19-6856-4431-8ca7-ea850b755d28|rpc:10.1.0.130:37227|dataStream:10.1.0.130:42395|priority:0|startupRole:FOLLOWER, 0f19c1f7-7e7d-408b-8c95-b3dd1f9d1744|rpc:10.1.0.130:40449|dataStream:10.1.0.130:46071|priority:1|startupRole:FOLLOWER, ec6086c2-fc50-413c-afc3-6eccceec3a30|rpc:10.1.0.130:34497|dataStream:10.1.0.130:39119|priority:0|startupRole:FOLLOWER]|listeners:[], old=null, confs=<EMPTY_MAP>
2023-03-15 06:53:10,280 [pool-825-thread-1] INFO  server.RaftServerConfigKeys (ConfUtils.java:logGet(46)) - raft.server.storage.dir = [/home/runner/work/ozone/ozone/hadoop-ozone/integration-test/target/test-dir/MiniOzoneClusterImpl-8d40f1f0-3e23-4273-879b-a609159ae6a4/datanode-0/data/ratis] (custom)
2023-03-15 06:53:10,280 [pool-825-thread-1] INFO  server.RaftServerConfigKeys (ConfUtils.java:logGet(46)) - raft.server.log.corruption.policy = EXCEPTION (default)
2023-03-15 06:53:10,280 [pool-825-thread-1] INFO  server.RaftServerConfigKeys (ConfUtils.java:logGet(46)) - raft.server.storage.free-space.min = 0MB (=0) (default)
2023-03-15 06:53:10,280 [pool-825-thread-1] INFO  server.RaftServerConfigKeys (ConfUtils.java:logGet(46)) - raft.server.notification.no-leader.timeout = 300s (custom)
2023-03-15 06:53:10,280 [pool-825-thread-1] INFO  server.RaftServerConfigKeys (ConfUtils.java:logGet(46)) - raft.server.retrycache.expirytime = 600000ms (custom)
2023-03-15 06:53:10,280 [pool-825-thread-1] INFO  server.RaftServerConfigKeys (ConfUtils.java:logGet(46)) - raft.server.retrycache.statistics.expirytime = 100μs (default)
2023-03-15 06:53:10,281 [pool-825-thread-1] INFO  server.RaftServerConfigKeys (ConfUtils.java:logGet(46)) - raft.server.log.appender.install.snapshot.enabled = false (custom)
2023-03-15 06:53:10,281 [pool-825-thread-1] INFO  server.RaftServerConfigKeys (ConfUtils.java:logGet(46)) - raft.server.threadpool.server.cached = true (default)
2023-03-15 06:53:10,281 [pool-825-thread-1] INFO  server.RaftServerConfigKeys (ConfUtils.java:logGet(46)) - raft.server.threadpool.server.size = 0 (default)
2023-03-15 06:53:10,281 [pool-825-thread-1] INFO  server.RaftServerConfigKeys (ConfUtils.java:logGet(46)) - raft.server.threadpool.client.cached = true (default)
2023-03-15 06:53:10,282 [pool-825-thread-1] INFO  server.RaftServerConfigKeys (ConfUtils.java:logGet(46)) - raft.server.threadpool.client.size = 0 (default)
2023-03-15 06:53:10,282 [pool-825-thread-1] INFO  storage.RaftStorageDirectory (RaftStorageDirectoryImpl.java:analyzeStorage(137)) - The storage directory /home/runner/work/ozone/ozone/hadoop-ozone/integration-test/target/test-dir/MiniOzoneClusterImpl-8d40f1f0-3e23-4273-879b-a609159ae6a4/datanode-0/data/ratis/c38fd8d9-9d64-4a55-a2f3-f60420e2e8b9 does not exist. Creating ...
2023-03-15 06:53:10,283 [pool-825-thread-1] INFO  storage.RaftStorageDirectory (RaftStorageDirectoryImpl.java:tryLock(231)) - Lock on /home/runner/work/ozone/ozone/hadoop-ozone/integration-test/target/test-dir/MiniOzoneClusterImpl-8d40f1f0-3e23-4273-879b-a609159ae6a4/datanode-0/data/ratis/c38fd8d9-9d64-4a55-a2f3-f60420e2e8b9/in_use.lock acquired by nodename 3629@fv-az210-452
2023-03-15 06:53:10,285 [pool-825-thread-1] INFO  storage.RaftStorage (RaftStorageImpl.java:format(96)) - Storage directory /home/runner/work/ozone/ozone/hadoop-ozone/integration-test/target/test-dir/MiniOzoneClusterImpl-8d40f1f0-3e23-4273-879b-a609159ae6a4/datanode-0/data/ratis/c38fd8d9-9d64-4a55-a2f3-f60420e2e8b9 has been successfully formatted.
2023-03-15 06:53:10,288 [pool-825-thread-1] INFO  ratis.ContainerStateMachine (ContainerStateMachine.java:loadSnapshot(262)) - group-F60420E2E8B9: The snapshot info is null. Setting the last applied indexto:(t:0, i:~)
2023-03-15 06:53:10,288 [pool-825-thread-1] INFO  server.RaftServerConfigKeys (ConfUtils.java:logGet(46)) - raft.server.log.use.memory = false (default)
2023-03-15 06:53:10,288 [pool-825-thread-1] INFO  server.RaftServerConfigKeys (ConfUtils.java:logGet(46)) - raft.server.log.purge.gap = 1000000 (custom)
2023-03-15 06:53:10,288 [pool-825-thread-1] INFO  server.RaftServerConfigKeys (ConfUtils.java:logGet(46)) - raft.server.log.appender.buffer.byte-limit = 33554432 (custom)
2023-03-15 06:53:10,288 [pool-825-thread-1] INFO  server.RaftServerConfigKeys (ConfUtils.java:logGet(46)) - raft.server.log.statemachine.data.read.timeout = 1000ms (default)
2023-03-15 06:53:10,288 [pool-825-thread-1] INFO  server.RaftServerConfigKeys (ConfUtils.java:logGet(46)) - raft.server.log.purge.preservation.log.num = 0 (default)
2023-03-15 06:53:10,288 [pool-825-thread-1] INFO  server.RaftServerConfigKeys (ConfUtils.java:logGet(46)) - raft.server.log.segment.size.max = 1048576 (custom)
2023-03-15 06:53:10,288 [EventQueue-OpenPipelineForHealthyPipelineSafeModeRule] INFO  safemode.SCMSafeModeManager (HealthyPipelineSafeModeRule.java:process(137)) - SCM in safe mode. Healthy pipelines reported count is 0, required healthy pipeline reported count is 1
2023-03-15 06:53:10,289 [pool-825-thread-1] INFO  server.RaftServerConfigKeys (ConfUtils.java:logGet(46)) - raft.server.log.segment.cache.num.max = 2 (custom)
2023-03-15 06:53:10,289 [pool-825-thread-1] INFO  server.RaftServerConfigKeys (ConfUtils.java:logGet(46)) - raft.server.log.segment.cache.size.max = 200MB (=209715200) (default)
2023-03-15 06:53:10,289 [pool-825-thread-1] INFO  segmented.SegmentedRaftLogWorker (SegmentedRaftLogWorker.java:<init>(189)) - new 0f19c1f7-7e7d-408b-8c95-b3dd1f9d1744@group-F60420E2E8B9-SegmentedRaftLogWorker for RaftStorageImpl:Storage Directory /home/runner/work/ozone/ozone/hadoop-ozone/integration-test/target/test-dir/MiniOzoneClusterImpl-8d40f1f0-3e23-4273-879b-a609159ae6a4/datanode-0/data/ratis/c38fd8d9-9d64-4a55-a2f3-f60420e2e8b9
2023-03-15 06:53:10,289 [pool-825-thread-1] INFO  server.RaftServerConfigKeys (ConfUtils.java:logGet(46)) - raft.server.log.queue.byte-limit = 4294967296 (custom)
2023-03-15 06:53:10,289 [pool-825-thread-1] INFO  server.RaftServerConfigKeys (ConfUtils.java:logGet(46)) - raft.server.log.queue.element-limit = 1024 (custom)
2023-03-15 06:53:10,289 [pool-825-thread-1] INFO  server.RaftServerConfigKeys (ConfUtils.java:logGet(46)) - raft.server.log.segment.size.max = 1048576 (custom)
2023-03-15 06:53:10,289 [pool-825-thread-1] INFO  server.RaftServerConfigKeys (ConfUtils.java:logGet(46)) - raft.server.log.preallocated.size = 16384 (custom)
2023-03-15 06:53:10,289 [pool-825-thread-1] INFO  server.RaftServerConfigKeys (ConfUtils.java:logGet(46)) - raft.server.log.force.sync.num = 128 (default)
2023-03-15 06:53:10,289 [pool-825-thread-1] INFO  server.RaftServerConfigKeys (ConfUtils.java:logGet(46)) - raft.server.log.statemachine.data.sync = true (default)
2023-03-15 06:53:10,289 [pool-825-thread-1] INFO  server.RaftServerConfigKeys (ConfUtils.java:logGet(46)) - raft.server.log.statemachine.data.sync.timeout = 10s (default)
2023-03-15 06:53:10,289 [pool-825-thread-1] INFO  server.RaftServerConfigKeys (ConfUtils.java:logGet(46)) - raft.server.log.statemachine.data.sync.timeout.retry = -1 (default)
2023-03-15 06:53:10,290 [pool-825-thread-1] INFO  server.RaftServerConfigKeys (ConfUtils.java:logGet(46)) - raft.server.log.write.buffer.size = 1048576 (custom)
2023-03-15 06:53:10,291 [pool-825-thread-1] INFO  server.RaftServerConfigKeys (ConfUtils.java:logGet(46)) - raft.server.log.appender.buffer.byte-limit = 33554432 (custom)
2023-03-15 06:53:10,296 [pool-825-thread-1] INFO  server.RaftServerConfigKeys (ConfUtils.java:logGet(46)) - raft.server.log.unsafe-flush.enabled = false (default)
2023-03-15 06:53:10,296 [pool-825-thread-1] INFO  server.RaftServerConfigKeys (ConfUtils.java:logGet(46)) - raft.server.log.async-flush.enabled = false (default)
2023-03-15 06:53:10,296 [pool-825-thread-1] INFO  server.RaftServerConfigKeys (ConfUtils.java:logGet(46)) - raft.server.log.statemachine.data.caching.enabled = true (custom)
2023-03-15 06:53:10,296 [pool-825-thread-1] INFO  segmented.SegmentedRaftLogWorker (SegmentedRaftLogWorker.java:lambda$new$0(135)) - 0f19c1f7-7e7d-408b-8c95-b3dd1f9d1744@group-F60420E2E8B9-SegmentedRaftLogWorker: flushIndex: setUnconditionally 0 -> -1
2023-03-15 06:53:10,296 [pool-825-thread-1] INFO  segmented.SegmentedRaftLogWorker (SegmentedRaftLogWorker.java:lambda$new$0(135)) - 0f19c1f7-7e7d-408b-8c95-b3dd1f9d1744@group-F60420E2E8B9-SegmentedRaftLogWorker: safeCacheEvictIndex: setUnconditionally 0 -> -1
2023-03-15 06:53:10,298 [pool-825-thread-1] INFO  server.RaftServer$Division (RaftServerImpl.java:start(334)) - 0f19c1f7-7e7d-408b-8c95-b3dd1f9d1744@group-F60420E2E8B9: start as a follower, conf=-1: peers:[f5ffbb19-6856-4431-8ca7-ea850b755d28|rpc:10.1.0.130:37227|dataStream:10.1.0.130:42395|priority:0|startupRole:FOLLOWER, 0f19c1f7-7e7d-408b-8c95-b3dd1f9d1744|rpc:10.1.0.130:40449|dataStream:10.1.0.130:46071|priority:1|startupRole:FOLLOWER, ec6086c2-fc50-413c-afc3-6eccceec3a30|rpc:10.1.0.130:34497|dataStream:10.1.0.130:39119|priority:0|startupRole:FOLLOWER]|listeners:[], old=null
2023-03-15 06:53:10,298 [pool-825-thread-1] INFO  server.RaftServer$Division (RaftServerImpl.java:setRole(321)) - 0f19c1f7-7e7d-408b-8c95-b3dd1f9d1744@group-F60420E2E8B9: changes role from      null to FOLLOWER at term 0 for startAsFollower
2023-03-15 06:53:10,298 [pool-825-thread-1] INFO  impl.RoleInfo (RoleInfo.java:updateAndGet(139)) - 0f19c1f7-7e7d-408b-8c95-b3dd1f9d1744: start 0f19c1f7-7e7d-408b-8c95-b3dd1f9d1744@group-F60420E2E8B9-FollowerState
2023-03-15 06:53:10,302 [pool-825-thread-1] INFO  util.JmxRegister (JmxRegister.java:tryRegister(44)) - Successfully registered JMX Bean with object name Ratis:service=RaftServer,group=group-F60420E2E8B9,id=0f19c1f7-7e7d-408b-8c95-b3dd1f9d1744
2023-03-15 06:53:10,302 [pool-825-thread-1] INFO  server.RaftServerConfigKeys (ConfUtils.java:logGet(46)) - raft.server.snapshot.auto.trigger.enabled = true (custom)
2023-03-15 06:53:10,302 [pool-825-thread-1] INFO  server.RaftServerConfigKeys (ConfUtils.java:logGet(46)) - raft.server.snapshot.auto.trigger.threshold = 10000 (custom)
2023-03-15 06:53:10,302 [pool-825-thread-1] INFO  server.RaftServerConfigKeys (ConfUtils.java:logGet(46)) - raft.server.snapshot.retention.file.num = 5 (custom)
2023-03-15 06:53:10,303 [pool-825-thread-1] INFO  server.RaftServerConfigKeys (ConfUtils.java:logGet(46)) - raft.server.log.purge.upto.snapshot.index = false (default)
2023-03-15 06:53:10,303 [0f19c1f7-7e7d-408b-8c95-b3dd1f9d1744@group-F60420E2E8B9-FollowerState] INFO  server.RaftServerConfigKeys (ConfUtils.java:logFallback(53)) - raft.server.rpc.first-election.timeout.min = 5s (fallback to raft.server.rpc.timeout.min)
2023-03-15 06:53:10,303 [0f19c1f7-7e7d-408b-8c95-b3dd1f9d1744@group-F60420E2E8B9-FollowerState] INFO  server.RaftServerConfigKeys (ConfUtils.java:logFallback(53)) - raft.server.rpc.first-election.timeout.max = 5200ms (fallback to raft.server.rpc.timeout.max)
2023-03-15 06:53:10,303 [Command processor thread] INFO  ratis.XceiverServerRatis (XceiverServerRatis.java:addGroup(807)) - Created group PipelineID=c38fd8d9-9d64-4a55-a2f3-f60420e2e8b9
2023-03-15 06:53:10,316 [grpc-default-executor-2] INFO  server.RaftServer (RaftServerProxy.java:addNew(96)) - f5ffbb19-6856-4431-8ca7-ea850b755d28: addNew group-F60420E2E8B9:[f5ffbb19-6856-4431-8ca7-ea850b755d28|rpc:10.1.0.130:37227|dataStream:10.1.0.130:42395|priority:0|startupRole:FOLLOWER, 0f19c1f7-7e7d-408b-8c95-b3dd1f9d1744|rpc:10.1.0.130:40449|dataStream:10.1.0.130:46071|priority:1|startupRole:FOLLOWER, ec6086c2-fc50-413c-afc3-6eccceec3a30|rpc:10.1.0.130:34497|dataStream:10.1.0.130:39119|priority:0|startupRole:FOLLOWER] returns group-F60420E2E8B9:java.util.concurrent.CompletableFuture@240d7173[Not completed]
2023-03-15 06:53:10,319 [pool-869-thread-1] INFO  server.RaftServer$Division (RaftServerImpl.java:<init>(195)) - f5ffbb19-6856-4431-8ca7-ea850b755d28: new RaftServerImpl for group-F60420E2E8B9:[f5ffbb19-6856-4431-8ca7-ea850b755d28|rpc:10.1.0.130:37227|dataStream:10.1.0.130:42395|priority:0|startupRole:FOLLOWER, 0f19c1f7-7e7d-408b-8c95-b3dd1f9d1744|rpc:10.1.0.130:40449|dataStream:10.1.0.130:46071|priority:1|startupRole:FOLLOWER, ec6086c2-fc50-413c-afc3-6eccceec3a30|rpc:10.1.0.130:34497|dataStream:10.1.0.130:39119|priority:0|startupRole:FOLLOWER] with ContainerStateMachine:uninitialized
2023-03-15 06:53:10,319 [pool-869-thread-1] INFO  server.RaftServerConfigKeys (ConfUtils.java:logGet(46)) - raft.server.rpc.timeout.min = 5s (custom)
2023-03-15 06:53:10,320 [pool-869-thread-1] INFO  server.RaftServerConfigKeys (ConfUtils.java:logGet(46)) - raft.server.rpc.timeout.max = 5200ms (custom)
2023-03-15 06:53:10,320 [pool-869-thread-1] INFO  server.RaftServerConfigKeys (ConfUtils.java:logGet(46)) - raft.server.rpc.sleep.time = 25ms (default)
2023-03-15 06:53:10,320 [pool-869-thread-1] INFO  server.RaftServerConfigKeys (ConfUtils.java:logGet(46)) - raft.server.rpc.slowness.timeout = 300s (custom)
2023-03-15 06:53:10,320 [pool-869-thread-1] INFO  server.RaftServerConfigKeys (ConfUtils.java:logGet(46)) - raft.server.leaderelection.leader.step-down.wait-time = 10s (default)
2023-03-15 06:53:10,320 [pool-869-thread-1] INFO  server.RaftServerConfigKeys (ConfUtils.java:logGet(46)) - raft.server.sleep.deviation.threshold = 300ms (default)
2023-03-15 06:53:10,320 [pool-869-thread-1] INFO  server.RaftServer$Division (ServerState.java:<init>(118)) - f5ffbb19-6856-4431-8ca7-ea850b755d28@group-F60420E2E8B9: ConfigurationManager, init=-1: peers:[f5ffbb19-6856-4431-8ca7-ea850b755d28|rpc:10.1.0.130:37227|dataStream:10.1.0.130:42395|priority:0|startupRole:FOLLOWER, 0f19c1f7-7e7d-408b-8c95-b3dd1f9d1744|rpc:10.1.0.130:40449|dataStream:10.1.0.130:46071|priority:1|startupRole:FOLLOWER, ec6086c2-fc50-413c-afc3-6eccceec3a30|rpc:10.1.0.130:34497|dataStream:10.1.0.130:39119|priority:0|startupRole:FOLLOWER]|listeners:[], old=null, confs=<EMPTY_MAP>
2023-03-15 06:53:10,320 [pool-869-thread-1] INFO  server.RaftServerConfigKeys (ConfUtils.java:logGet(46)) - raft.server.storage.dir = [/home/runner/work/ozone/ozone/hadoop-ozone/integration-test/target/test-dir/MiniOzoneClusterImpl-8d40f1f0-3e23-4273-879b-a609159ae6a4/datanode-2/data/ratis] (custom)
2023-03-15 06:53:10,320 [pool-869-thread-1] INFO  server.RaftServerConfigKeys (ConfUtils.java:logGet(46)) - raft.server.log.corruption.policy = EXCEPTION (default)
2023-03-15 06:53:10,320 [pool-869-thread-1] INFO  server.RaftServerConfigKeys (ConfUtils.java:logGet(46)) - raft.server.storage.free-space.min = 0MB (=0) (default)
2023-03-15 06:53:10,320 [pool-869-thread-1] INFO  server.RaftServerConfigKeys (ConfUtils.java:logGet(46)) - raft.server.notification.no-leader.timeout = 300s (custom)
2023-03-15 06:53:10,320 [pool-869-thread-1] INFO  server.RaftServerConfigKeys (ConfUtils.java:logGet(46)) - raft.server.retrycache.expirytime = 600000ms (custom)
2023-03-15 06:53:10,320 [pool-869-thread-1] INFO  server.RaftServerConfigKeys (ConfUtils.java:logGet(46)) - raft.server.retrycache.statistics.expirytime = 100μs (default)
2023-03-15 06:53:10,321 [pool-869-thread-1] INFO  server.RaftServerConfigKeys (ConfUtils.java:logGet(46)) - raft.server.log.appender.install.snapshot.enabled = false (custom)
2023-03-15 06:53:10,321 [pool-869-thread-1] INFO  server.RaftServerConfigKeys (ConfUtils.java:logGet(46)) - raft.server.threadpool.server.cached = true (default)
2023-03-15 06:53:10,321 [pool-869-thread-1] INFO  server.RaftServerConfigKeys (ConfUtils.java:logGet(46)) - raft.server.threadpool.server.size = 0 (default)
2023-03-15 06:53:10,321 [pool-869-thread-1] INFO  server.RaftServerConfigKeys (ConfUtils.java:logGet(46)) - raft.server.threadpool.client.cached = true (default)
2023-03-15 06:53:10,321 [pool-869-thread-1] INFO  server.RaftServerConfigKeys (ConfUtils.java:logGet(46)) - raft.server.threadpool.client.size = 0 (default)
2023-03-15 06:53:10,322 [pool-869-thread-1] INFO  storage.RaftStorageDirectory (RaftStorageDirectoryImpl.java:analyzeStorage(137)) - The storage directory /home/runner/work/ozone/ozone/hadoop-ozone/integration-test/target/test-dir/MiniOzoneClusterImpl-8d40f1f0-3e23-4273-879b-a609159ae6a4/datanode-2/data/ratis/c38fd8d9-9d64-4a55-a2f3-f60420e2e8b9 does not exist. Creating ...
2023-03-15 06:53:10,323 [pool-869-thread-1] INFO  storage.RaftStorageDirectory (RaftStorageDirectoryImpl.java:tryLock(231)) - Lock on /home/runner/work/ozone/ozone/hadoop-ozone/integration-test/target/test-dir/MiniOzoneClusterImpl-8d40f1f0-3e23-4273-879b-a609159ae6a4/datanode-2/data/ratis/c38fd8d9-9d64-4a55-a2f3-f60420e2e8b9/in_use.lock acquired by nodename 3629@fv-az210-452
2023-03-15 06:53:10,324 [pool-869-thread-1] INFO  storage.RaftStorage (RaftStorageImpl.java:format(96)) - Storage directory /home/runner/work/ozone/ozone/hadoop-ozone/integration-test/target/test-dir/MiniOzoneClusterImpl-8d40f1f0-3e23-4273-879b-a609159ae6a4/datanode-2/data/ratis/c38fd8d9-9d64-4a55-a2f3-f60420e2e8b9 has been successfully formatted.
2023-03-15 06:53:10,326 [pool-869-thread-1] INFO  ratis.ContainerStateMachine (ContainerStateMachine.java:loadSnapshot(262)) - group-F60420E2E8B9: The snapshot info is null. Setting the last applied indexto:(t:0, i:~)
2023-03-15 06:53:10,326 [pool-869-thread-1] INFO  server.RaftServerConfigKeys (ConfUtils.java:logGet(46)) - raft.server.log.use.memory = false (default)
2023-03-15 06:53:10,327 [pool-869-thread-1] INFO  server.RaftServerConfigKeys (ConfUtils.java:logGet(46)) - raft.server.log.purge.gap = 1000000 (custom)
2023-03-15 06:53:10,327 [pool-869-thread-1] INFO  server.RaftServerConfigKeys (ConfUtils.java:logGet(46)) - raft.server.log.appender.buffer.byte-limit = 33554432 (custom)
2023-03-15 06:53:10,327 [pool-869-thread-1] INFO  server.RaftServerConfigKeys (ConfUtils.java:logGet(46)) - raft.server.log.statemachine.data.read.timeout = 1000ms (default)
2023-03-15 06:53:10,327 [pool-869-thread-1] INFO  server.RaftServerConfigKeys (ConfUtils.java:logGet(46)) - raft.server.log.purge.preservation.log.num = 0 (default)
2023-03-15 06:53:10,327 [pool-869-thread-1] INFO  server.RaftServerConfigKeys (ConfUtils.java:logGet(46)) - raft.server.log.segment.size.max = 1048576 (custom)
2023-03-15 06:53:10,328 [pool-869-thread-1] INFO  server.RaftServerConfigKeys (ConfUtils.java:logGet(46)) - raft.server.log.segment.cache.num.max = 2 (custom)
2023-03-15 06:53:10,328 [pool-869-thread-1] INFO  server.RaftServerConfigKeys (ConfUtils.java:logGet(46)) - raft.server.log.segment.cache.size.max = 200MB (=209715200) (default)
2023-03-15 06:53:10,328 [pool-869-thread-1] INFO  segmented.SegmentedRaftLogWorker (SegmentedRaftLogWorker.java:<init>(189)) - new f5ffbb19-6856-4431-8ca7-ea850b755d28@group-F60420E2E8B9-SegmentedRaftLogWorker for RaftStorageImpl:Storage Directory /home/runner/work/ozone/ozone/hadoop-ozone/integration-test/target/test-dir/MiniOzoneClusterImpl-8d40f1f0-3e23-4273-879b-a609159ae6a4/datanode-2/data/ratis/c38fd8d9-9d64-4a55-a2f3-f60420e2e8b9
2023-03-15 06:53:10,328 [pool-869-thread-1] INFO  server.RaftServerConfigKeys (ConfUtils.java:logGet(46)) - raft.server.log.queue.byte-limit = 4294967296 (custom)
2023-03-15 06:53:10,328 [pool-869-thread-1] INFO  server.RaftServerConfigKeys (ConfUtils.java:logGet(46)) - raft.server.log.queue.element-limit = 1024 (custom)
2023-03-15 06:53:10,328 [pool-869-thread-1] INFO  server.RaftServerConfigKeys (ConfUtils.java:logGet(46)) - raft.server.log.segment.size.max = 1048576 (custom)
2023-03-15 06:53:10,330 [pool-869-thread-1] INFO  server.RaftServerConfigKeys (ConfUtils.java:logGet(46)) - raft.server.log.preallocated.size = 16384 (custom)
2023-03-15 06:53:10,330 [pool-869-thread-1] INFO  server.RaftServerConfigKeys (ConfUtils.java:logGet(46)) - raft.server.log.force.sync.num = 128 (default)
2023-03-15 06:53:10,330 [pool-869-thread-1] INFO  server.RaftServerConfigKeys (ConfUtils.java:logGet(46)) - raft.server.log.statemachine.data.sync = true (default)
2023-03-15 06:53:10,331 [pool-869-thread-1] INFO  server.RaftServerConfigKeys (ConfUtils.java:logGet(46)) - raft.server.log.statemachine.data.sync.timeout = 10s (default)
2023-03-15 06:53:10,331 [pool-869-thread-1] INFO  server.RaftServerConfigKeys (ConfUtils.java:logGet(46)) - raft.server.log.statemachine.data.sync.timeout.retry = -1 (default)
2023-03-15 06:53:10,331 [pool-869-thread-1] INFO  server.RaftServerConfigKeys (ConfUtils.java:logGet(46)) - raft.server.log.write.buffer.size = 1048576 (custom)
2023-03-15 06:53:10,332 [pool-869-thread-1] INFO  server.RaftServerConfigKeys (ConfUtils.java:logGet(46)) - raft.server.log.appender.buffer.byte-limit = 33554432 (custom)
2023-03-15 06:53:10,337 [pool-869-thread-1] INFO  server.RaftServerConfigKeys (ConfUtils.java:logGet(46)) - raft.server.log.unsafe-flush.enabled = false (default)
2023-03-15 06:53:10,337 [pool-869-thread-1] INFO  server.RaftServerConfigKeys (ConfUtils.java:logGet(46)) - raft.server.log.async-flush.enabled = false (default)
2023-03-15 06:53:10,337 [pool-869-thread-1] INFO  server.RaftServerConfigKeys (ConfUtils.java:logGet(46)) - raft.server.log.statemachine.data.caching.enabled = true (custom)
2023-03-15 06:53:10,338 [pool-869-thread-1] INFO  segmented.SegmentedRaftLogWorker (SegmentedRaftLogWorker.java:lambda$new$0(135)) - f5ffbb19-6856-4431-8ca7-ea850b755d28@group-F60420E2E8B9-SegmentedRaftLogWorker: flushIndex: setUnconditionally 0 -> -1
2023-03-15 06:53:10,338 [pool-869-thread-1] INFO  segmented.SegmentedRaftLogWorker (SegmentedRaftLogWorker.java:lambda$new$0(135)) - f5ffbb19-6856-4431-8ca7-ea850b755d28@group-F60420E2E8B9-SegmentedRaftLogWorker: safeCacheEvictIndex: setUnconditionally 0 -> -1
2023-03-15 06:53:10,338 [pool-869-thread-1] INFO  server.RaftServer$Division (RaftServerImpl.java:start(334)) - f5ffbb19-6856-4431-8ca7-ea850b755d28@group-F60420E2E8B9: start as a follower, conf=-1: peers:[f5ffbb19-6856-4431-8ca7-ea850b755d28|rpc:10.1.0.130:37227|dataStream:10.1.0.130:42395|priority:0|startupRole:FOLLOWER, 0f19c1f7-7e7d-408b-8c95-b3dd1f9d1744|rpc:10.1.0.130:40449|dataStream:10.1.0.130:46071|priority:1|startupRole:FOLLOWER, ec6086c2-fc50-413c-afc3-6eccceec3a30|rpc:10.1.0.130:34497|dataStream:10.1.0.130:39119|priority:0|startupRole:FOLLOWER]|listeners:[], old=null
2023-03-15 06:53:10,338 [pool-869-thread-1] INFO  server.RaftServer$Division (RaftServerImpl.java:setRole(321)) - f5ffbb19-6856-4431-8ca7-ea850b755d28@group-F60420E2E8B9: changes role from      null to FOLLOWER at term 0 for startAsFollower
2023-03-15 06:53:10,338 [pool-869-thread-1] INFO  impl.RoleInfo (RoleInfo.java:updateAndGet(139)) - f5ffbb19-6856-4431-8ca7-ea850b755d28: start f5ffbb19-6856-4431-8ca7-ea850b755d28@group-F60420E2E8B9-FollowerState
2023-03-15 06:53:10,338 [pool-869-thread-1] INFO  util.JmxRegister (JmxRegister.java:tryRegister(44)) - Successfully registered JMX Bean with object name Ratis:service=RaftServer,group=group-F60420E2E8B9,id=f5ffbb19-6856-4431-8ca7-ea850b755d28
2023-03-15 06:53:10,338 [f5ffbb19-6856-4431-8ca7-ea850b755d28@group-F60420E2E8B9-FollowerState] INFO  server.RaftServerConfigKeys (ConfUtils.java:logFallback(53)) - raft.server.rpc.first-election.timeout.min = 5s (fallback to raft.server.rpc.timeout.min)
2023-03-15 06:53:10,338 [f5ffbb19-6856-4431-8ca7-ea850b755d28@group-F60420E2E8B9-FollowerState] INFO  server.RaftServerConfigKeys (ConfUtils.java:logFallback(53)) - raft.server.rpc.first-election.timeout.max = 5200ms (fallback to raft.server.rpc.timeout.max)
2023-03-15 06:53:10,338 [pool-869-thread-1] INFO  server.RaftServerConfigKeys (ConfUtils.java:logGet(46)) - raft.server.snapshot.auto.trigger.enabled = true (custom)
2023-03-15 06:53:10,340 [pool-869-thread-1] INFO  server.RaftServerConfigKeys (ConfUtils.java:logGet(46)) - raft.server.snapshot.auto.trigger.threshold = 10000 (custom)
2023-03-15 06:53:10,340 [pool-869-thread-1] INFO  server.RaftServerConfigKeys (ConfUtils.java:logGet(46)) - raft.server.snapshot.retention.file.num = 5 (custom)
2023-03-15 06:53:10,340 [pool-869-thread-1] INFO  server.RaftServerConfigKeys (ConfUtils.java:logGet(46)) - raft.server.log.purge.upto.snapshot.index = false (default)
2023-03-15 06:53:10,365 [grpc-default-executor-2] INFO  server.RaftServer (RaftServerProxy.java:addNew(96)) - ec6086c2-fc50-413c-afc3-6eccceec3a30: addNew group-F60420E2E8B9:[f5ffbb19-6856-4431-8ca7-ea850b755d28|rpc:10.1.0.130:37227|dataStream:10.1.0.130:42395|priority:0|startupRole:FOLLOWER, 0f19c1f7-7e7d-408b-8c95-b3dd1f9d1744|rpc:10.1.0.130:40449|dataStream:10.1.0.130:46071|priority:1|startupRole:FOLLOWER, ec6086c2-fc50-413c-afc3-6eccceec3a30|rpc:10.1.0.130:34497|dataStream:10.1.0.130:39119|priority:0|startupRole:FOLLOWER] returns group-F60420E2E8B9:java.util.concurrent.CompletableFuture@784469f[Not completed]
2023-03-15 06:53:10,367 [pool-847-thread-1] INFO  server.RaftServer$Division (RaftServerImpl.java:<init>(195)) - ec6086c2-fc50-413c-afc3-6eccceec3a30: new RaftServerImpl for group-F60420E2E8B9:[f5ffbb19-6856-4431-8ca7-ea850b755d28|rpc:10.1.0.130:37227|dataStream:10.1.0.130:42395|priority:0|startupRole:FOLLOWER, 0f19c1f7-7e7d-408b-8c95-b3dd1f9d1744|rpc:10.1.0.130:40449|dataStream:10.1.0.130:46071|priority:1|startupRole:FOLLOWER, ec6086c2-fc50-413c-afc3-6eccceec3a30|rpc:10.1.0.130:34497|dataStream:10.1.0.130:39119|priority:0|startupRole:FOLLOWER] with ContainerStateMachine:uninitialized
2023-03-15 06:53:10,367 [pool-847-thread-1] INFO  server.RaftServerConfigKeys (ConfUtils.java:logGet(46)) - raft.server.rpc.timeout.min = 5s (custom)
2023-03-15 06:53:10,367 [pool-847-thread-1] INFO  server.RaftServerConfigKeys (ConfUtils.java:logGet(46)) - raft.server.rpc.timeout.max = 5200ms (custom)
2023-03-15 06:53:10,367 [pool-847-thread-1] INFO  server.RaftServerConfigKeys (ConfUtils.java:logGet(46)) - raft.server.rpc.sleep.time = 25ms (default)
2023-03-15 06:53:10,367 [pool-847-thread-1] INFO  server.RaftServerConfigKeys (ConfUtils.java:logGet(46)) - raft.server.rpc.slowness.timeout = 300s (custom)
2023-03-15 06:53:10,367 [pool-847-thread-1] INFO  server.RaftServerConfigKeys (ConfUtils.java:logGet(46)) - raft.server.leaderelection.leader.step-down.wait-time = 10s (default)
2023-03-15 06:53:10,367 [pool-847-thread-1] INFO  server.RaftServerConfigKeys (ConfUtils.java:logGet(46)) - raft.server.sleep.deviation.threshold = 300ms (default)
2023-03-15 06:53:10,367 [pool-847-thread-1] INFO  server.RaftServer$Division (ServerState.java:<init>(118)) - ec6086c2-fc50-413c-afc3-6eccceec3a30@group-F60420E2E8B9: ConfigurationManager, init=-1: peers:[f5ffbb19-6856-4431-8ca7-ea850b755d28|rpc:10.1.0.130:37227|dataStream:10.1.0.130:42395|priority:0|startupRole:FOLLOWER, 0f19c1f7-7e7d-408b-8c95-b3dd1f9d1744|rpc:10.1.0.130:40449|dataStream:10.1.0.130:46071|priority:1|startupRole:FOLLOWER, ec6086c2-fc50-413c-afc3-6eccceec3a30|rpc:10.1.0.130:34497|dataStream:10.1.0.130:39119|priority:0|startupRole:FOLLOWER]|listeners:[], old=null, confs=<EMPTY_MAP>
2023-03-15 06:53:10,367 [pool-847-thread-1] INFO  server.RaftServerConfigKeys (ConfUtils.java:logGet(46)) - raft.server.storage.dir = [/home/runner/work/ozone/ozone/hadoop-ozone/integration-test/target/test-dir/MiniOzoneClusterImpl-8d40f1f0-3e23-4273-879b-a609159ae6a4/datanode-1/data/ratis] (custom)
2023-03-15 06:53:10,367 [pool-847-thread-1] INFO  server.RaftServerConfigKeys (ConfUtils.java:logGet(46)) - raft.server.log.corruption.policy = EXCEPTION (default)
2023-03-15 06:53:10,367 [pool-847-thread-1] INFO  server.RaftServerConfigKeys (ConfUtils.java:logGet(46)) - raft.server.storage.free-space.min = 0MB (=0) (default)
2023-03-15 06:53:10,367 [pool-847-thread-1] INFO  server.RaftServerConfigKeys (ConfUtils.java:logGet(46)) - raft.server.notification.no-leader.timeout = 300s (custom)
2023-03-15 06:53:10,367 [pool-847-thread-1] INFO  server.RaftServerConfigKeys (ConfUtils.java:logGet(46)) - raft.server.retrycache.expirytime = 600000ms (custom)
2023-03-15 06:53:10,367 [pool-847-thread-1] INFO  server.RaftServerConfigKeys (ConfUtils.java:logGet(46)) - raft.server.retrycache.statistics.expirytime = 100μs (default)
2023-03-15 06:53:10,369 [pool-847-thread-1] INFO  server.RaftServerConfigKeys (ConfUtils.java:logGet(46)) - raft.server.log.appender.install.snapshot.enabled = false (custom)
2023-03-15 06:53:10,369 [pool-847-thread-1] INFO  server.RaftServerConfigKeys (ConfUtils.java:logGet(46)) - raft.server.threadpool.server.cached = true (default)
2023-03-15 06:53:10,369 [pool-847-thread-1] INFO  server.RaftServerConfigKeys (ConfUtils.java:logGet(46)) - raft.server.threadpool.server.size = 0 (default)
2023-03-15 06:53:10,370 [pool-847-thread-1] INFO  server.RaftServerConfigKeys (ConfUtils.java:logGet(46)) - raft.server.threadpool.client.cached = true (default)
2023-03-15 06:53:10,370 [pool-847-thread-1] INFO  server.RaftServerConfigKeys (ConfUtils.java:logGet(46)) - raft.server.threadpool.client.size = 0 (default)
2023-03-15 06:53:10,370 [pool-847-thread-1] INFO  storage.RaftStorageDirectory (RaftStorageDirectoryImpl.java:analyzeStorage(137)) - The storage directory /home/runner/work/ozone/ozone/hadoop-ozone/integration-test/target/test-dir/MiniOzoneClusterImpl-8d40f1f0-3e23-4273-879b-a609159ae6a4/datanode-1/data/ratis/c38fd8d9-9d64-4a55-a2f3-f60420e2e8b9 does not exist. Creating ...
2023-03-15 06:53:10,371 [pool-847-thread-1] INFO  storage.RaftStorageDirectory (RaftStorageDirectoryImpl.java:tryLock(231)) - Lock on /home/runner/work/ozone/ozone/hadoop-ozone/integration-test/target/test-dir/MiniOzoneClusterImpl-8d40f1f0-3e23-4273-879b-a609159ae6a4/datanode-1/data/ratis/c38fd8d9-9d64-4a55-a2f3-f60420e2e8b9/in_use.lock acquired by nodename 3629@fv-az210-452
2023-03-15 06:53:10,372 [pool-847-thread-1] INFO  storage.RaftStorage (RaftStorageImpl.java:format(96)) - Storage directory /home/runner/work/ozone/ozone/hadoop-ozone/integration-test/target/test-dir/MiniOzoneClusterImpl-8d40f1f0-3e23-4273-879b-a609159ae6a4/datanode-1/data/ratis/c38fd8d9-9d64-4a55-a2f3-f60420e2e8b9 has been successfully formatted.
2023-03-15 06:53:10,374 [pool-847-thread-1] INFO  ratis.ContainerStateMachine (ContainerStateMachine.java:loadSnapshot(262)) - group-F60420E2E8B9: The snapshot info is null. Setting the last applied indexto:(t:0, i:~)
2023-03-15 06:53:10,374 [pool-847-thread-1] INFO  server.RaftServerConfigKeys (ConfUtils.java:logGet(46)) - raft.server.log.use.memory = false (default)
2023-03-15 06:53:10,375 [pool-847-thread-1] INFO  server.RaftServerConfigKeys (ConfUtils.java:logGet(46)) - raft.server.log.purge.gap = 1000000 (custom)
2023-03-15 06:53:10,375 [pool-847-thread-1] INFO  server.RaftServerConfigKeys (ConfUtils.java:logGet(46)) - raft.server.log.appender.buffer.byte-limit = 33554432 (custom)
2023-03-15 06:53:10,375 [pool-847-thread-1] INFO  server.RaftServerConfigKeys (ConfUtils.java:logGet(46)) - raft.server.log.statemachine.data.read.timeout = 1000ms (default)
2023-03-15 06:53:10,375 [pool-847-thread-1] INFO  server.RaftServerConfigKeys (ConfUtils.java:logGet(46)) - raft.server.log.purge.preservation.log.num = 0 (default)
2023-03-15 06:53:10,375 [pool-847-thread-1] INFO  server.RaftServerConfigKeys (ConfUtils.java:logGet(46)) - raft.server.log.segment.size.max = 1048576 (custom)
2023-03-15 06:53:10,376 [pool-847-thread-1] INFO  server.RaftServerConfigKeys (ConfUtils.java:logGet(46)) - raft.server.log.segment.cache.num.max = 2 (custom)
2023-03-15 06:53:10,376 [pool-847-thread-1] INFO  server.RaftServerConfigKeys (ConfUtils.java:logGet(46)) - raft.server.log.segment.cache.size.max = 200MB (=209715200) (default)
2023-03-15 06:53:10,376 [pool-847-thread-1] INFO  segmented.SegmentedRaftLogWorker (SegmentedRaftLogWorker.java:<init>(189)) - new ec6086c2-fc50-413c-afc3-6eccceec3a30@group-F60420E2E8B9-SegmentedRaftLogWorker for RaftStorageImpl:Storage Directory /home/runner/work/ozone/ozone/hadoop-ozone/integration-test/target/test-dir/MiniOzoneClusterImpl-8d40f1f0-3e23-4273-879b-a609159ae6a4/datanode-1/data/ratis/c38fd8d9-9d64-4a55-a2f3-f60420e2e8b9
2023-03-15 06:53:10,376 [pool-847-thread-1] INFO  server.RaftServerConfigKeys (ConfUtils.java:logGet(46)) - raft.server.log.queue.byte-limit = 4294967296 (custom)
2023-03-15 06:53:10,376 [pool-847-thread-1] INFO  server.RaftServerConfigKeys (ConfUtils.java:logGet(46)) - raft.server.log.queue.element-limit = 1024 (custom)
2023-03-15 06:53:10,376 [pool-847-thread-1] INFO  server.RaftServerConfigKeys (ConfUtils.java:logGet(46)) - raft.server.log.segment.size.max = 1048576 (custom)
2023-03-15 06:53:10,376 [pool-847-thread-1] INFO  server.RaftServerConfigKeys (ConfUtils.java:logGet(46)) - raft.server.log.preallocated.size = 16384 (custom)
2023-03-15 06:53:10,376 [pool-847-thread-1] INFO  server.RaftServerConfigKeys (ConfUtils.java:logGet(46)) - raft.server.log.force.sync.num = 128 (default)
2023-03-15 06:53:10,378 [pool-847-thread-1] INFO  server.RaftServerConfigKeys (ConfUtils.java:logGet(46)) - raft.server.log.statemachine.data.sync = true (default)
2023-03-15 06:53:10,378 [pool-847-thread-1] INFO  server.RaftServerConfigKeys (ConfUtils.java:logGet(46)) - raft.server.log.statemachine.data.sync.timeout = 10s (default)
2023-03-15 06:53:10,378 [pool-847-thread-1] INFO  server.RaftServerConfigKeys (ConfUtils.java:logGet(46)) - raft.server.log.statemachine.data.sync.timeout.retry = -1 (default)
2023-03-15 06:53:10,379 [pool-847-thread-1] INFO  server.RaftServerConfigKeys (ConfUtils.java:logGet(46)) - raft.server.log.write.buffer.size = 1048576 (custom)
2023-03-15 06:53:10,379 [pool-847-thread-1] INFO  server.RaftServerConfigKeys (ConfUtils.java:logGet(46)) - raft.server.log.appender.buffer.byte-limit = 33554432 (custom)
2023-03-15 06:53:10,387 [pool-847-thread-1] INFO  server.RaftServerConfigKeys (ConfUtils.java:logGet(46)) - raft.server.log.unsafe-flush.enabled = false (default)
2023-03-15 06:53:10,387 [pool-847-thread-1] INFO  server.RaftServerConfigKeys (ConfUtils.java:logGet(46)) - raft.server.log.async-flush.enabled = false (default)
2023-03-15 06:53:10,387 [pool-847-thread-1] INFO  server.RaftServerConfigKeys (ConfUtils.java:logGet(46)) - raft.server.log.statemachine.data.caching.enabled = true (custom)
2023-03-15 06:53:10,387 [pool-847-thread-1] INFO  segmented.SegmentedRaftLogWorker (SegmentedRaftLogWorker.java:lambda$new$0(135)) - ec6086c2-fc50-413c-afc3-6eccceec3a30@group-F60420E2E8B9-SegmentedRaftLogWorker: flushIndex: setUnconditionally 0 -> -1
2023-03-15 06:53:10,387 [pool-847-thread-1] INFO  segmented.SegmentedRaftLogWorker (SegmentedRaftLogWorker.java:lambda$new$0(135)) - ec6086c2-fc50-413c-afc3-6eccceec3a30@group-F60420E2E8B9-SegmentedRaftLogWorker: safeCacheEvictIndex: setUnconditionally 0 -> -1
2023-03-15 06:53:10,390 [pool-847-thread-1] INFO  server.RaftServer$Division (RaftServerImpl.java:start(334)) - ec6086c2-fc50-413c-afc3-6eccceec3a30@group-F60420E2E8B9: start as a follower, conf=-1: peers:[f5ffbb19-6856-4431-8ca7-ea850b755d28|rpc:10.1.0.130:37227|dataStream:10.1.0.130:42395|priority:0|startupRole:FOLLOWER, 0f19c1f7-7e7d-408b-8c95-b3dd1f9d1744|rpc:10.1.0.130:40449|dataStream:10.1.0.130:46071|priority:1|startupRole:FOLLOWER, ec6086c2-fc50-413c-afc3-6eccceec3a30|rpc:10.1.0.130:34497|dataStream:10.1.0.130:39119|priority:0|startupRole:FOLLOWER]|listeners:[], old=null
2023-03-15 06:53:10,390 [pool-847-thread-1] INFO  server.RaftServer$Division (RaftServerImpl.java:setRole(321)) - ec6086c2-fc50-413c-afc3-6eccceec3a30@group-F60420E2E8B9: changes role from      null to FOLLOWER at term 0 for startAsFollower
2023-03-15 06:53:10,390 [pool-847-thread-1] INFO  impl.RoleInfo (RoleInfo.java:updateAndGet(139)) - ec6086c2-fc50-413c-afc3-6eccceec3a30: start ec6086c2-fc50-413c-afc3-6eccceec3a30@group-F60420E2E8B9-FollowerState
2023-03-15 06:53:10,390 [ec6086c2-fc50-413c-afc3-6eccceec3a30@group-F60420E2E8B9-FollowerState] INFO  server.RaftServerConfigKeys (ConfUtils.java:logFallback(53)) - raft.server.rpc.first-election.timeout.min = 5s (fallback to raft.server.rpc.timeout.min)
2023-03-15 06:53:10,390 [ec6086c2-fc50-413c-afc3-6eccceec3a30@group-F60420E2E8B9-FollowerState] INFO  server.RaftServerConfigKeys (ConfUtils.java:logFallback(53)) - raft.server.rpc.first-election.timeout.max = 5200ms (fallback to raft.server.rpc.timeout.max)
2023-03-15 06:53:10,390 [pool-847-thread-1] INFO  util.JmxRegister (JmxRegister.java:tryRegister(44)) - Successfully registered JMX Bean with object name Ratis:service=RaftServer,group=group-F60420E2E8B9,id=ec6086c2-fc50-413c-afc3-6eccceec3a30
2023-03-15 06:53:10,391 [pool-847-thread-1] INFO  server.RaftServerConfigKeys (ConfUtils.java:logGet(46)) - raft.server.snapshot.auto.trigger.enabled = true (custom)
2023-03-15 06:53:10,391 [pool-847-thread-1] INFO  server.RaftServerConfigKeys (ConfUtils.java:logGet(46)) - raft.server.snapshot.auto.trigger.threshold = 10000 (custom)
2023-03-15 06:53:10,391 [pool-847-thread-1] INFO  server.RaftServerConfigKeys (ConfUtils.java:logGet(46)) - raft.server.snapshot.retention.file.num = 5 (custom)
2023-03-15 06:53:10,391 [pool-847-thread-1] INFO  server.RaftServerConfigKeys (ConfUtils.java:logGet(46)) - raft.server.log.purge.upto.snapshot.index = false (default)
2023-03-15 06:53:10,399 [Command processor thread] INFO  commandhandler.CreatePipelineCommandHandler (CreatePipelineCommandHandler.java:handle(113)) - Created Pipeline RATIS THREE PipelineID=c38fd8d9-9d64-4a55-a2f3-f60420e2e8b9.
2023-03-15 06:53:10,399 [Command processor thread] INFO  server.RaftServer (RaftServerProxy.java:addNew(96)) - 0f19c1f7-7e7d-408b-8c95-b3dd1f9d1744: addNew group-27FD2424924E:[f5ffbb19-6856-4431-8ca7-ea850b755d28|rpc:10.1.0.130:37227|dataStream:10.1.0.130:42395|priority:0|startupRole:FOLLOWER, 0f19c1f7-7e7d-408b-8c95-b3dd1f9d1744|rpc:10.1.0.130:40449|dataStream:10.1.0.130:46071|priority:0|startupRole:FOLLOWER, ec6086c2-fc50-413c-afc3-6eccceec3a30|rpc:10.1.0.130:34497|dataStream:10.1.0.130:39119|priority:1|startupRole:FOLLOWER] returns group-27FD2424924E:java.util.concurrent.CompletableFuture@75c2c814[Not completed]
2023-03-15 06:53:10,400 [pool-825-thread-1] INFO  server.RaftServer$Division (RaftServerImpl.java:<init>(195)) - 0f19c1f7-7e7d-408b-8c95-b3dd1f9d1744: new RaftServerImpl for group-27FD2424924E:[f5ffbb19-6856-4431-8ca7-ea850b755d28|rpc:10.1.0.130:37227|dataStream:10.1.0.130:42395|priority:0|startupRole:FOLLOWER, 0f19c1f7-7e7d-408b-8c95-b3dd1f9d1744|rpc:10.1.0.130:40449|dataStream:10.1.0.130:46071|priority:0|startupRole:FOLLOWER, ec6086c2-fc50-413c-afc3-6eccceec3a30|rpc:10.1.0.130:34497|dataStream:10.1.0.130:39119|priority:1|startupRole:FOLLOWER] with ContainerStateMachine:uninitialized
2023-03-15 06:53:10,400 [pool-825-thread-1] INFO  server.RaftServerConfigKeys (ConfUtils.java:logGet(46)) - raft.server.rpc.timeout.min = 5s (custom)
2023-03-15 06:53:10,400 [pool-825-thread-1] INFO  server.RaftServerConfigKeys (ConfUtils.java:logGet(46)) - raft.server.rpc.timeout.max = 5200ms (custom)
2023-03-15 06:53:10,400 [pool-825-thread-1] INFO  server.RaftServerConfigKeys (ConfUtils.java:logGet(46)) - raft.server.rpc.sleep.time = 25ms (default)
2023-03-15 06:53:10,400 [pool-825-thread-1] INFO  server.RaftServerConfigKeys (ConfUtils.java:logGet(46)) - raft.server.rpc.slowness.timeout = 300s (custom)
2023-03-15 06:53:10,400 [pool-825-thread-1] INFO  server.RaftServerConfigKeys (ConfUtils.java:logGet(46)) - raft.server.leaderelection.leader.step-down.wait-time = 10s (default)
2023-03-15 06:53:10,400 [pool-825-thread-1] INFO  server.RaftServerConfigKeys (ConfUtils.java:logGet(46)) - raft.server.sleep.deviation.threshold = 300ms (default)
2023-03-15 06:53:10,400 [pool-825-thread-1] INFO  server.RaftServer$Division (ServerState.java:<init>(118)) - 0f19c1f7-7e7d-408b-8c95-b3dd1f9d1744@group-27FD2424924E: ConfigurationManager, init=-1: peers:[f5ffbb19-6856-4431-8ca7-ea850b755d28|rpc:10.1.0.130:37227|dataStream:10.1.0.130:42395|priority:0|startupRole:FOLLOWER, 0f19c1f7-7e7d-408b-8c95-b3dd1f9d1744|rpc:10.1.0.130:40449|dataStream:10.1.0.130:46071|priority:0|startupRole:FOLLOWER, ec6086c2-fc50-413c-afc3-6eccceec3a30|rpc:10.1.0.130:34497|dataStream:10.1.0.130:39119|priority:1|startupRole:FOLLOWER]|listeners:[], old=null, confs=<EMPTY_MAP>
2023-03-15 06:53:10,401 [pool-825-thread-1] INFO  server.RaftServerConfigKeys (ConfUtils.java:logGet(46)) - raft.server.storage.dir = [/home/runner/work/ozone/ozone/hadoop-ozone/integration-test/target/test-dir/MiniOzoneClusterImpl-8d40f1f0-3e23-4273-879b-a609159ae6a4/datanode-0/data/ratis] (custom)
2023-03-15 06:53:10,401 [pool-825-thread-1] INFO  server.RaftServerConfigKeys (ConfUtils.java:logGet(46)) - raft.server.log.corruption.policy = EXCEPTION (default)
2023-03-15 06:53:10,401 [pool-825-thread-1] INFO  server.RaftServerConfigKeys (ConfUtils.java:logGet(46)) - raft.server.storage.free-space.min = 0MB (=0) (default)
2023-03-15 06:53:10,401 [pool-825-thread-1] INFO  server.RaftServerConfigKeys (ConfUtils.java:logGet(46)) - raft.server.notification.no-leader.timeout = 300s (custom)
2023-03-15 06:53:10,401 [pool-825-thread-1] INFO  server.RaftServerConfigKeys (ConfUtils.java:logGet(46)) - raft.server.retrycache.expirytime = 600000ms (custom)
2023-03-15 06:53:10,401 [pool-825-thread-1] INFO  server.RaftServerConfigKeys (ConfUtils.java:logGet(46)) - raft.server.retrycache.statistics.expirytime = 100μs (default)
2023-03-15 06:53:10,402 [pool-825-thread-1] INFO  server.RaftServerConfigKeys (ConfUtils.java:logGet(46)) - raft.server.log.appender.install.snapshot.enabled = false (custom)
2023-03-15 06:53:10,402 [pool-825-thread-1] INFO  server.RaftServerConfigKeys (ConfUtils.java:logGet(46)) - raft.server.threadpool.server.cached = true (default)
2023-03-15 06:53:10,402 [pool-825-thread-1] INFO  server.RaftServerConfigKeys (ConfUtils.java:logGet(46)) - raft.server.threadpool.server.size = 0 (default)
2023-03-15 06:53:10,402 [pool-825-thread-1] INFO  server.RaftServerConfigKeys (ConfUtils.java:logGet(46)) - raft.server.threadpool.client.cached = true (default)
2023-03-15 06:53:10,402 [pool-825-thread-1] INFO  server.RaftServerConfigKeys (ConfUtils.java:logGet(46)) - raft.server.threadpool.client.size = 0 (default)
2023-03-15 06:53:10,402 [pool-825-thread-1] INFO  storage.RaftStorageDirectory (RaftStorageDirectoryImpl.java:analyzeStorage(137)) - The storage directory /home/runner/work/ozone/ozone/hadoop-ozone/integration-test/target/test-dir/MiniOzoneClusterImpl-8d40f1f0-3e23-4273-879b-a609159ae6a4/datanode-0/data/ratis/d334167e-b948-4e6e-a1d2-27fd2424924e does not exist. Creating ...
2023-03-15 06:53:10,403 [pool-825-thread-1] INFO  storage.RaftStorageDirectory (RaftStorageDirectoryImpl.java:tryLock(231)) - Lock on /home/runner/work/ozone/ozone/hadoop-ozone/integration-test/target/test-dir/MiniOzoneClusterImpl-8d40f1f0-3e23-4273-879b-a609159ae6a4/datanode-0/data/ratis/d334167e-b948-4e6e-a1d2-27fd2424924e/in_use.lock acquired by nodename 3629@fv-az210-452
2023-03-15 06:53:10,404 [pool-825-thread-1] INFO  storage.RaftStorage (RaftStorageImpl.java:format(96)) - Storage directory /home/runner/work/ozone/ozone/hadoop-ozone/integration-test/target/test-dir/MiniOzoneClusterImpl-8d40f1f0-3e23-4273-879b-a609159ae6a4/datanode-0/data/ratis/d334167e-b948-4e6e-a1d2-27fd2424924e has been successfully formatted.
2023-03-15 06:53:10,405 [pool-825-thread-1] INFO  ratis.ContainerStateMachine (ContainerStateMachine.java:loadSnapshot(262)) - group-27FD2424924E: The snapshot info is null. Setting the last applied indexto:(t:0, i:~)
2023-03-15 06:53:10,406 [EventQueue-OpenPipelineForHealthyPipelineSafeModeRule] INFO  safemode.SCMSafeModeManager (HealthyPipelineSafeModeRule.java:process(137)) - SCM in safe mode. Healthy pipelines reported count is 0, required healthy pipeline reported count is 1
2023-03-15 06:53:10,406 [pool-825-thread-1] INFO  server.RaftServerConfigKeys (ConfUtils.java:logGet(46)) - raft.server.log.use.memory = false (default)
2023-03-15 06:53:10,407 [pool-825-thread-1] INFO  server.RaftServerConfigKeys (ConfUtils.java:logGet(46)) - raft.server.log.purge.gap = 1000000 (custom)
2023-03-15 06:53:10,407 [pool-825-thread-1] INFO  server.RaftServerConfigKeys (ConfUtils.java:logGet(46)) - raft.server.log.appender.buffer.byte-limit = 33554432 (custom)
2023-03-15 06:53:10,407 [pool-825-thread-1] INFO  server.RaftServerConfigKeys (ConfUtils.java:logGet(46)) - raft.server.log.statemachine.data.read.timeout = 1000ms (default)
2023-03-15 06:53:10,407 [pool-825-thread-1] INFO  server.RaftServerConfigKeys (ConfUtils.java:logGet(46)) - raft.server.log.purge.preservation.log.num = 0 (default)
2023-03-15 06:53:10,407 [pool-825-thread-1] INFO  server.RaftServerConfigKeys (ConfUtils.java:logGet(46)) - raft.server.log.segment.size.max = 1048576 (custom)
2023-03-15 06:53:10,407 [pool-825-thread-1] INFO  server.RaftServerConfigKeys (ConfUtils.java:logGet(46)) - raft.server.log.segment.cache.num.max = 2 (custom)
2023-03-15 06:53:10,407 [pool-825-thread-1] INFO  server.RaftServerConfigKeys (ConfUtils.java:logGet(46)) - raft.server.log.segment.cache.size.max = 200MB (=209715200) (default)
2023-03-15 06:53:10,407 [pool-825-thread-1] INFO  segmented.SegmentedRaftLogWorker (SegmentedRaftLogWorker.java:<init>(189)) - new 0f19c1f7-7e7d-408b-8c95-b3dd1f9d1744@group-27FD2424924E-SegmentedRaftLogWorker for RaftStorageImpl:Storage Directory /home/runner/work/ozone/ozone/hadoop-ozone/integration-test/target/test-dir/MiniOzoneClusterImpl-8d40f1f0-3e23-4273-879b-a609159ae6a4/datanode-0/data/ratis/d334167e-b948-4e6e-a1d2-27fd2424924e
2023-03-15 06:53:10,407 [pool-825-thread-1] INFO  server.RaftServerConfigKeys (ConfUtils.java:logGet(46)) - raft.server.log.queue.byte-limit = 4294967296 (custom)
2023-03-15 06:53:10,407 [pool-825-thread-1] INFO  server.RaftServerConfigKeys (ConfUtils.java:logGet(46)) - raft.server.log.queue.element-limit = 1024 (custom)
2023-03-15 06:53:10,408 [pool-825-thread-1] INFO  server.RaftServerConfigKeys (ConfUtils.java:logGet(46)) - raft.server.log.segment.size.max = 1048576 (custom)
2023-03-15 06:53:10,408 [pool-825-thread-1] INFO  server.RaftServerConfigKeys (ConfUtils.java:logGet(46)) - raft.server.log.preallocated.size = 16384 (custom)
2023-03-15 06:53:10,408 [pool-825-thread-1] INFO  server.RaftServerConfigKeys (ConfUtils.java:logGet(46)) - raft.server.log.force.sync.num = 128 (default)
2023-03-15 06:53:10,408 [pool-825-thread-1] INFO  server.RaftServerConfigKeys (ConfUtils.java:logGet(46)) - raft.server.log.statemachine.data.sync = true (default)
2023-03-15 06:53:10,408 [pool-825-thread-1] INFO  server.RaftServerConfigKeys (ConfUtils.java:logGet(46)) - raft.server.log.statemachine.data.sync.timeout = 10s (default)
2023-03-15 06:53:10,408 [pool-825-thread-1] INFO  server.RaftServerConfigKeys (ConfUtils.java:logGet(46)) - raft.server.log.statemachine.data.sync.timeout.retry = -1 (default)
2023-03-15 06:53:10,408 [pool-825-thread-1] INFO  server.RaftServerConfigKeys (ConfUtils.java:logGet(46)) - raft.server.log.write.buffer.size = 1048576 (custom)
2023-03-15 06:53:10,409 [pool-825-thread-1] INFO  server.RaftServerConfigKeys (ConfUtils.java:logGet(46)) - raft.server.log.appender.buffer.byte-limit = 33554432 (custom)
2023-03-15 06:53:10,431 [pool-825-thread-1] INFO  server.RaftServerConfigKeys (ConfUtils.java:logGet(46)) - raft.server.log.unsafe-flush.enabled = false (default)
2023-03-15 06:53:10,432 [pool-825-thread-1] INFO  server.RaftServerConfigKeys (ConfUtils.java:logGet(46)) - raft.server.log.async-flush.enabled = false (default)
2023-03-15 06:53:10,432 [pool-825-thread-1] INFO  server.RaftServerConfigKeys (ConfUtils.java:logGet(46)) - raft.server.log.statemachine.data.caching.enabled = true (custom)
2023-03-15 06:53:10,433 [pool-825-thread-1] INFO  segmented.SegmentedRaftLogWorker (SegmentedRaftLogWorker.java:lambda$new$0(135)) - 0f19c1f7-7e7d-408b-8c95-b3dd1f9d1744@group-27FD2424924E-SegmentedRaftLogWorker: flushIndex: setUnconditionally 0 -> -1
2023-03-15 06:53:10,433 [pool-825-thread-1] INFO  segmented.SegmentedRaftLogWorker (SegmentedRaftLogWorker.java:lambda$new$0(135)) - 0f19c1f7-7e7d-408b-8c95-b3dd1f9d1744@group-27FD2424924E-SegmentedRaftLogWorker: safeCacheEvictIndex: setUnconditionally 0 -> -1
2023-03-15 06:53:10,434 [pool-825-thread-1] INFO  server.RaftServer$Division (RaftServerImpl.java:start(334)) - 0f19c1f7-7e7d-408b-8c95-b3dd1f9d1744@group-27FD2424924E: start as a follower, conf=-1: peers:[f5ffbb19-6856-4431-8ca7-ea850b755d28|rpc:10.1.0.130:37227|dataStream:10.1.0.130:42395|priority:0|startupRole:FOLLOWER, 0f19c1f7-7e7d-408b-8c95-b3dd1f9d1744|rpc:10.1.0.130:40449|dataStream:10.1.0.130:46071|priority:0|startupRole:FOLLOWER, ec6086c2-fc50-413c-afc3-6eccceec3a30|rpc:10.1.0.130:34497|dataStream:10.1.0.130:39119|priority:1|startupRole:FOLLOWER]|listeners:[], old=null
2023-03-15 06:53:10,434 [pool-825-thread-1] INFO  server.RaftServer$Division (RaftServerImpl.java:setRole(321)) - 0f19c1f7-7e7d-408b-8c95-b3dd1f9d1744@group-27FD2424924E: changes role from      null to FOLLOWER at term 0 for startAsFollower
2023-03-15 06:53:10,434 [pool-825-thread-1] INFO  impl.RoleInfo (RoleInfo.java:updateAndGet(139)) - 0f19c1f7-7e7d-408b-8c95-b3dd1f9d1744: start 0f19c1f7-7e7d-408b-8c95-b3dd1f9d1744@group-27FD2424924E-FollowerState
2023-03-15 06:53:10,435 [0f19c1f7-7e7d-408b-8c95-b3dd1f9d1744@group-27FD2424924E-FollowerState] INFO  server.RaftServerConfigKeys (ConfUtils.java:logFallback(53)) - raft.server.rpc.first-election.timeout.min = 5s (fallback to raft.server.rpc.timeout.min)
2023-03-15 06:53:10,435 [0f19c1f7-7e7d-408b-8c95-b3dd1f9d1744@group-27FD2424924E-FollowerState] INFO  server.RaftServerConfigKeys (ConfUtils.java:logFallback(53)) - raft.server.rpc.first-election.timeout.max = 5200ms (fallback to raft.server.rpc.timeout.max)
2023-03-15 06:53:10,445 [pool-825-thread-1] INFO  util.JmxRegister (JmxRegister.java:tryRegister(44)) - Successfully registered JMX Bean with object name Ratis:service=RaftServer,group=group-27FD2424924E,id=0f19c1f7-7e7d-408b-8c95-b3dd1f9d1744
2023-03-15 06:53:10,446 [pool-825-thread-1] INFO  server.RaftServerConfigKeys (ConfUtils.java:logGet(46)) - raft.server.snapshot.auto.trigger.enabled = true (custom)
2023-03-15 06:53:10,446 [pool-825-thread-1] INFO  server.RaftServerConfigKeys (ConfUtils.java:logGet(46)) - raft.server.snapshot.auto.trigger.threshold = 10000 (custom)
2023-03-15 06:53:10,446 [pool-825-thread-1] INFO  server.RaftServerConfigKeys (ConfUtils.java:logGet(46)) - raft.server.snapshot.retention.file.num = 5 (custom)
2023-03-15 06:53:10,446 [pool-825-thread-1] INFO  server.RaftServerConfigKeys (ConfUtils.java:logGet(46)) - raft.server.log.purge.upto.snapshot.index = false (default)
2023-03-15 06:53:10,449 [Command processor thread] INFO  ratis.XceiverServerRatis (XceiverServerRatis.java:addGroup(807)) - Created group PipelineID=d334167e-b948-4e6e-a1d2-27fd2424924e
2023-03-15 06:53:10,460 [grpc-default-executor-2] INFO  server.RaftServer (RaftServerProxy.java:addNew(96)) - ec6086c2-fc50-413c-afc3-6eccceec3a30: addNew group-27FD2424924E:[f5ffbb19-6856-4431-8ca7-ea850b755d28|rpc:10.1.0.130:37227|dataStream:10.1.0.130:42395|priority:0|startupRole:FOLLOWER, 0f19c1f7-7e7d-408b-8c95-b3dd1f9d1744|rpc:10.1.0.130:40449|dataStream:10.1.0.130:46071|priority:0|startupRole:FOLLOWER, ec6086c2-fc50-413c-afc3-6eccceec3a30|rpc:10.1.0.130:34497|dataStream:10.1.0.130:39119|priority:1|startupRole:FOLLOWER] returns group-27FD2424924E:java.util.concurrent.CompletableFuture@5e6aeea3[Not completed]
2023-03-15 06:53:10,461 [pool-847-thread-1] INFO  server.RaftServer$Division (RaftServerImpl.java:<init>(195)) - ec6086c2-fc50-413c-afc3-6eccceec3a30: new RaftServerImpl for group-27FD2424924E:[f5ffbb19-6856-4431-8ca7-ea850b755d28|rpc:10.1.0.130:37227|dataStream:10.1.0.130:42395|priority:0|startupRole:FOLLOWER, 0f19c1f7-7e7d-408b-8c95-b3dd1f9d1744|rpc:10.1.0.130:40449|dataStream:10.1.0.130:46071|priority:0|startupRole:FOLLOWER, ec6086c2-fc50-413c-afc3-6eccceec3a30|rpc:10.1.0.130:34497|dataStream:10.1.0.130:39119|priority:1|startupRole:FOLLOWER] with ContainerStateMachine:uninitialized
2023-03-15 06:53:10,461 [pool-847-thread-1] INFO  server.RaftServerConfigKeys (ConfUtils.java:logGet(46)) - raft.server.rpc.timeout.min = 5s (custom)
2023-03-15 06:53:10,461 [pool-847-thread-1] INFO  server.RaftServerConfigKeys (ConfUtils.java:logGet(46)) - raft.server.rpc.timeout.max = 5200ms (custom)
2023-03-15 06:53:10,461 [pool-847-thread-1] INFO  server.RaftServerConfigKeys (ConfUtils.java:logGet(46)) - raft.server.rpc.sleep.time = 25ms (default)
2023-03-15 06:53:10,461 [pool-847-thread-1] INFO  server.RaftServerConfigKeys (ConfUtils.java:logGet(46)) - raft.server.rpc.slowness.timeout = 300s (custom)
2023-03-15 06:53:10,461 [pool-847-thread-1] INFO  server.RaftServerConfigKeys (ConfUtils.java:logGet(46)) - raft.server.leaderelection.leader.step-down.wait-time = 10s (default)
2023-03-15 06:53:10,461 [pool-847-thread-1] INFO  server.RaftServerConfigKeys (ConfUtils.java:logGet(46)) - raft.server.sleep.deviation.threshold = 300ms (default)
2023-03-15 06:53:10,461 [pool-847-thread-1] INFO  server.RaftServer$Division (ServerState.java:<init>(118)) - ec6086c2-fc50-413c-afc3-6eccceec3a30@group-27FD2424924E: ConfigurationManager, init=-1: peers:[f5ffbb19-6856-4431-8ca7-ea850b755d28|rpc:10.1.0.130:37227|dataStream:10.1.0.130:42395|priority:0|startupRole:FOLLOWER, 0f19c1f7-7e7d-408b-8c95-b3dd1f9d1744|rpc:10.1.0.130:40449|dataStream:10.1.0.130:46071|priority:0|startupRole:FOLLOWER, ec6086c2-fc50-413c-afc3-6eccceec3a30|rpc:10.1.0.130:34497|dataStream:10.1.0.130:39119|priority:1|startupRole:FOLLOWER]|listeners:[], old=null, confs=<EMPTY_MAP>
2023-03-15 06:53:10,462 [pool-847-thread-1] INFO  server.RaftServerConfigKeys (ConfUtils.java:logGet(46)) - raft.server.storage.dir = [/home/runner/work/ozone/ozone/hadoop-ozone/integration-test/target/test-dir/MiniOzoneClusterImpl-8d40f1f0-3e23-4273-879b-a609159ae6a4/datanode-1/data/ratis] (custom)
2023-03-15 06:53:10,467 [pool-847-thread-1] INFO  server.RaftServerConfigKeys (ConfUtils.java:logGet(46)) - raft.server.log.corruption.policy = EXCEPTION (default)
2023-03-15 06:53:10,468 [pool-847-thread-1] INFO  server.RaftServerConfigKeys (ConfUtils.java:logGet(46)) - raft.server.storage.free-space.min = 0MB (=0) (default)
2023-03-15 06:53:10,468 [pool-847-thread-1] INFO  server.RaftServerConfigKeys (ConfUtils.java:logGet(46)) - raft.server.notification.no-leader.timeout = 300s (custom)
2023-03-15 06:53:10,468 [pool-847-thread-1] INFO  server.RaftServerConfigKeys (ConfUtils.java:logGet(46)) - raft.server.retrycache.expirytime = 600000ms (custom)
2023-03-15 06:53:10,468 [pool-847-thread-1] INFO  server.RaftServerConfigKeys (ConfUtils.java:logGet(46)) - raft.server.retrycache.statistics.expirytime = 100μs (default)
2023-03-15 06:53:10,469 [pool-847-thread-1] INFO  server.RaftServerConfigKeys (ConfUtils.java:logGet(46)) - raft.server.log.appender.install.snapshot.enabled = false (custom)
2023-03-15 06:53:10,469 [pool-847-thread-1] INFO  server.RaftServerConfigKeys (ConfUtils.java:logGet(46)) - raft.server.threadpool.server.cached = true (default)
2023-03-15 06:53:10,469 [pool-847-thread-1] INFO  server.RaftServerConfigKeys (ConfUtils.java:logGet(46)) - raft.server.threadpool.server.size = 0 (default)
2023-03-15 06:53:10,469 [pool-847-thread-1] INFO  server.RaftServerConfigKeys (ConfUtils.java:logGet(46)) - raft.server.threadpool.client.cached = true (default)
2023-03-15 06:53:10,469 [pool-847-thread-1] INFO  server.RaftServerConfigKeys (ConfUtils.java:logGet(46)) - raft.server.threadpool.client.size = 0 (default)
2023-03-15 06:53:10,469 [pool-847-thread-1] INFO  storage.RaftStorageDirectory (RaftStorageDirectoryImpl.java:analyzeStorage(137)) - The storage directory /home/runner/work/ozone/ozone/hadoop-ozone/integration-test/target/test-dir/MiniOzoneClusterImpl-8d40f1f0-3e23-4273-879b-a609159ae6a4/datanode-1/data/ratis/d334167e-b948-4e6e-a1d2-27fd2424924e does not exist. Creating ...
2023-03-15 06:53:10,470 [pool-847-thread-1] INFO  storage.RaftStorageDirectory (RaftStorageDirectoryImpl.java:tryLock(231)) - Lock on /home/runner/work/ozone/ozone/hadoop-ozone/integration-test/target/test-dir/MiniOzoneClusterImpl-8d40f1f0-3e23-4273-879b-a609159ae6a4/datanode-1/data/ratis/d334167e-b948-4e6e-a1d2-27fd2424924e/in_use.lock acquired by nodename 3629@fv-az210-452
2023-03-15 06:53:10,472 [pool-847-thread-1] INFO  storage.RaftStorage (RaftStorageImpl.java:format(96)) - Storage directory /home/runner/work/ozone/ozone/hadoop-ozone/integration-test/target/test-dir/MiniOzoneClusterImpl-8d40f1f0-3e23-4273-879b-a609159ae6a4/datanode-1/data/ratis/d334167e-b948-4e6e-a1d2-27fd2424924e has been successfully formatted.
2023-03-15 06:53:10,472 [pool-847-thread-1] INFO  ratis.ContainerStateMachine (ContainerStateMachine.java:loadSnapshot(262)) - group-27FD2424924E: The snapshot info is null. Setting the last applied indexto:(t:0, i:~)
2023-03-15 06:53:10,472 [pool-847-thread-1] INFO  server.RaftServerConfigKeys (ConfUtils.java:logGet(46)) - raft.server.log.use.memory = false (default)
2023-03-15 06:53:10,472 [pool-847-thread-1] INFO  server.RaftServerConfigKeys (ConfUtils.java:logGet(46)) - raft.server.log.purge.gap = 1000000 (custom)
2023-03-15 06:53:10,472 [pool-847-thread-1] INFO  server.RaftServerConfigKeys (ConfUtils.java:logGet(46)) - raft.server.log.appender.buffer.byte-limit = 33554432 (custom)
2023-03-15 06:53:10,472 [pool-847-thread-1] INFO  server.RaftServerConfigKeys (ConfUtils.java:logGet(46)) - raft.server.log.statemachine.data.read.timeout = 1000ms (default)
2023-03-15 06:53:10,473 [pool-847-thread-1] INFO  server.RaftServerConfigKeys (ConfUtils.java:logGet(46)) - raft.server.log.purge.preservation.log.num = 0 (default)
2023-03-15 06:53:10,473 [pool-847-thread-1] INFO  server.RaftServerConfigKeys (ConfUtils.java:logGet(46)) - raft.server.log.segment.size.max = 1048576 (custom)
2023-03-15 06:53:10,474 [pool-847-thread-1] INFO  server.RaftServerConfigKeys (ConfUtils.java:logGet(46)) - raft.server.log.segment.cache.num.max = 2 (custom)
2023-03-15 06:53:10,474 [pool-847-thread-1] INFO  server.RaftServerConfigKeys (ConfUtils.java:logGet(46)) - raft.server.log.segment.cache.size.max = 200MB (=209715200) (default)
2023-03-15 06:53:10,474 [pool-847-thread-1] INFO  segmented.SegmentedRaftLogWorker (SegmentedRaftLogWorker.java:<init>(189)) - new ec6086c2-fc50-413c-afc3-6eccceec3a30@group-27FD2424924E-SegmentedRaftLogWorker for RaftStorageImpl:Storage Directory /home/runner/work/ozone/ozone/hadoop-ozone/integration-test/target/test-dir/MiniOzoneClusterImpl-8d40f1f0-3e23-4273-879b-a609159ae6a4/datanode-1/data/ratis/d334167e-b948-4e6e-a1d2-27fd2424924e
2023-03-15 06:53:10,474 [pool-847-thread-1] INFO  server.RaftServerConfigKeys (ConfUtils.java:logGet(46)) - raft.server.log.queue.byte-limit = 4294967296 (custom)
2023-03-15 06:53:10,474 [pool-847-thread-1] INFO  server.RaftServerConfigKeys (ConfUtils.java:logGet(46)) - raft.server.log.queue.element-limit = 1024 (custom)
2023-03-15 06:53:10,474 [pool-847-thread-1] INFO  server.RaftServerConfigKeys (ConfUtils.java:logGet(46)) - raft.server.log.segment.size.max = 1048576 (custom)
2023-03-15 06:53:10,474 [pool-847-thread-1] INFO  server.RaftServerConfigKeys (ConfUtils.java:logGet(46)) - raft.server.log.preallocated.size = 16384 (custom)
2023-03-15 06:53:10,474 [pool-847-thread-1] INFO  server.RaftServerConfigKeys (ConfUtils.java:logGet(46)) - raft.server.log.force.sync.num = 128 (default)
2023-03-15 06:53:10,474 [pool-847-thread-1] INFO  server.RaftServerConfigKeys (ConfUtils.java:logGet(46)) - raft.server.log.statemachine.data.sync = true (default)
2023-03-15 06:53:10,475 [pool-847-thread-1] INFO  server.RaftServerConfigKeys (ConfUtils.java:logGet(46)) - raft.server.log.statemachine.data.sync.timeout = 10s (default)
2023-03-15 06:53:10,475 [pool-847-thread-1] INFO  server.RaftServerConfigKeys (ConfUtils.java:logGet(46)) - raft.server.log.statemachine.data.sync.timeout.retry = -1 (default)
2023-03-15 06:53:10,475 [pool-847-thread-1] INFO  server.RaftServerConfigKeys (ConfUtils.java:logGet(46)) - raft.server.log.write.buffer.size = 1048576 (custom)
2023-03-15 06:53:10,475 [pool-847-thread-1] INFO  server.RaftServerConfigKeys (ConfUtils.java:logGet(46)) - raft.server.log.appender.buffer.byte-limit = 33554432 (custom)
2023-03-15 06:53:10,500 [pool-847-thread-1] INFO  server.RaftServerConfigKeys (ConfUtils.java:logGet(46)) - raft.server.log.unsafe-flush.enabled = false (default)
2023-03-15 06:53:10,500 [pool-847-thread-1] INFO  server.RaftServerConfigKeys (ConfUtils.java:logGet(46)) - raft.server.log.async-flush.enabled = false (default)
2023-03-15 06:53:10,500 [pool-847-thread-1] INFO  server.RaftServerConfigKeys (ConfUtils.java:logGet(46)) - raft.server.log.statemachine.data.caching.enabled = true (custom)
2023-03-15 06:53:10,500 [pool-847-thread-1] INFO  segmented.SegmentedRaftLogWorker (SegmentedRaftLogWorker.java:lambda$new$0(135)) - ec6086c2-fc50-413c-afc3-6eccceec3a30@group-27FD2424924E-SegmentedRaftLogWorker: flushIndex: setUnconditionally 0 -> -1
2023-03-15 06:53:10,500 [pool-847-thread-1] INFO  segmented.SegmentedRaftLogWorker (SegmentedRaftLogWorker.java:lambda$new$0(135)) - ec6086c2-fc50-413c-afc3-6eccceec3a30@group-27FD2424924E-SegmentedRaftLogWorker: safeCacheEvictIndex: setUnconditionally 0 -> -1
2023-03-15 06:53:10,501 [pool-847-thread-1] INFO  server.RaftServer$Division (RaftServerImpl.java:start(334)) - ec6086c2-fc50-413c-afc3-6eccceec3a30@group-27FD2424924E: start as a follower, conf=-1: peers:[f5ffbb19-6856-4431-8ca7-ea850b755d28|rpc:10.1.0.130:37227|dataStream:10.1.0.130:42395|priority:0|startupRole:FOLLOWER, 0f19c1f7-7e7d-408b-8c95-b3dd1f9d1744|rpc:10.1.0.130:40449|dataStream:10.1.0.130:46071|priority:0|startupRole:FOLLOWER, ec6086c2-fc50-413c-afc3-6eccceec3a30|rpc:10.1.0.130:34497|dataStream:10.1.0.130:39119|priority:1|startupRole:FOLLOWER]|listeners:[], old=null
2023-03-15 06:53:10,501 [pool-847-thread-1] INFO  server.RaftServer$Division (RaftServerImpl.java:setRole(321)) - ec6086c2-fc50-413c-afc3-6eccceec3a30@group-27FD2424924E: changes role from      null to FOLLOWER at term 0 for startAsFollower
2023-03-15 06:53:10,502 [pool-847-thread-1] INFO  impl.RoleInfo (RoleInfo.java:updateAndGet(139)) - ec6086c2-fc50-413c-afc3-6eccceec3a30: start ec6086c2-fc50-413c-afc3-6eccceec3a30@group-27FD2424924E-FollowerState
2023-03-15 06:53:10,503 [pool-847-thread-1] INFO  util.JmxRegister (JmxRegister.java:tryRegister(44)) - Successfully registered JMX Bean with object name Ratis:service=RaftServer,group=group-27FD2424924E,id=ec6086c2-fc50-413c-afc3-6eccceec3a30
2023-03-15 06:53:10,503 [pool-847-thread-1] INFO  server.RaftServerConfigKeys (ConfUtils.java:logGet(46)) - raft.server.snapshot.auto.trigger.enabled = true (custom)
2023-03-15 06:53:10,503 [pool-847-thread-1] INFO  server.RaftServerConfigKeys (ConfUtils.java:logGet(46)) - raft.server.snapshot.auto.trigger.threshold = 10000 (custom)
2023-03-15 06:53:10,503 [pool-847-thread-1] INFO  server.RaftServerConfigKeys (ConfUtils.java:logGet(46)) - raft.server.snapshot.retention.file.num = 5 (custom)
2023-03-15 06:53:10,503 [pool-847-thread-1] INFO  server.RaftServerConfigKeys (ConfUtils.java:logGet(46)) - raft.server.log.purge.upto.snapshot.index = false (default)
2023-03-15 06:53:10,503 [ec6086c2-fc50-413c-afc3-6eccceec3a30@group-27FD2424924E-FollowerState] INFO  server.RaftServerConfigKeys (ConfUtils.java:logFallback(53)) - raft.server.rpc.first-election.timeout.min = 5s (fallback to raft.server.rpc.timeout.min)
2023-03-15 06:53:10,503 [ec6086c2-fc50-413c-afc3-6eccceec3a30@group-27FD2424924E-FollowerState] INFO  server.RaftServerConfigKeys (ConfUtils.java:logFallback(53)) - raft.server.rpc.first-election.timeout.max = 5200ms (fallback to raft.server.rpc.timeout.max)
2023-03-15 06:53:10,530 [grpc-default-executor-2] INFO  server.RaftServer (RaftServerProxy.java:addNew(96)) - f5ffbb19-6856-4431-8ca7-ea850b755d28: addNew group-27FD2424924E:[f5ffbb19-6856-4431-8ca7-ea850b755d28|rpc:10.1.0.130:37227|dataStream:10.1.0.130:42395|priority:0|startupRole:FOLLOWER, 0f19c1f7-7e7d-408b-8c95-b3dd1f9d1744|rpc:10.1.0.130:40449|dataStream:10.1.0.130:46071|priority:0|startupRole:FOLLOWER, ec6086c2-fc50-413c-afc3-6eccceec3a30|rpc:10.1.0.130:34497|dataStream:10.1.0.130:39119|priority:1|startupRole:FOLLOWER] returns group-27FD2424924E:java.util.concurrent.CompletableFuture@1124da86[Not completed]
2023-03-15 06:53:10,531 [pool-869-thread-1] INFO  server.RaftServer$Division (RaftServerImpl.java:<init>(195)) - f5ffbb19-6856-4431-8ca7-ea850b755d28: new RaftServerImpl for group-27FD2424924E:[f5ffbb19-6856-4431-8ca7-ea850b755d28|rpc:10.1.0.130:37227|dataStream:10.1.0.130:42395|priority:0|startupRole:FOLLOWER, 0f19c1f7-7e7d-408b-8c95-b3dd1f9d1744|rpc:10.1.0.130:40449|dataStream:10.1.0.130:46071|priority:0|startupRole:FOLLOWER, ec6086c2-fc50-413c-afc3-6eccceec3a30|rpc:10.1.0.130:34497|dataStream:10.1.0.130:39119|priority:1|startupRole:FOLLOWER] with ContainerStateMachine:uninitialized
2023-03-15 06:53:10,531 [pool-869-thread-1] INFO  server.RaftServerConfigKeys (ConfUtils.java:logGet(46)) - raft.server.rpc.timeout.min = 5s (custom)
2023-03-15 06:53:10,531 [pool-869-thread-1] INFO  server.RaftServerConfigKeys (ConfUtils.java:logGet(46)) - raft.server.rpc.timeout.max = 5200ms (custom)
2023-03-15 06:53:10,531 [pool-869-thread-1] INFO  server.RaftServerConfigKeys (ConfUtils.java:logGet(46)) - raft.server.rpc.sleep.time = 25ms (default)
2023-03-15 06:53:10,531 [pool-869-thread-1] INFO  server.RaftServerConfigKeys (ConfUtils.java:logGet(46)) - raft.server.rpc.slowness.timeout = 300s (custom)
2023-03-15 06:53:10,531 [pool-869-thread-1] INFO  server.RaftServerConfigKeys (ConfUtils.java:logGet(46)) - raft.server.leaderelection.leader.step-down.wait-time = 10s (default)
2023-03-15 06:53:10,531 [pool-869-thread-1] INFO  server.RaftServerConfigKeys (ConfUtils.java:logGet(46)) - raft.server.sleep.deviation.threshold = 300ms (default)
2023-03-15 06:53:10,531 [pool-869-thread-1] INFO  server.RaftServer$Division (ServerState.java:<init>(118)) - f5ffbb19-6856-4431-8ca7-ea850b755d28@group-27FD2424924E: ConfigurationManager, init=-1: peers:[f5ffbb19-6856-4431-8ca7-ea850b755d28|rpc:10.1.0.130:37227|dataStream:10.1.0.130:42395|priority:0|startupRole:FOLLOWER, 0f19c1f7-7e7d-408b-8c95-b3dd1f9d1744|rpc:10.1.0.130:40449|dataStream:10.1.0.130:46071|priority:0|startupRole:FOLLOWER, ec6086c2-fc50-413c-afc3-6eccceec3a30|rpc:10.1.0.130:34497|dataStream:10.1.0.130:39119|priority:1|startupRole:FOLLOWER]|listeners:[], old=null, confs=<EMPTY_MAP>
2023-03-15 06:53:10,531 [pool-869-thread-1] INFO  server.RaftServerConfigKeys (ConfUtils.java:logGet(46)) - raft.server.storage.dir = [/home/runner/work/ozone/ozone/hadoop-ozone/integration-test/target/test-dir/MiniOzoneClusterImpl-8d40f1f0-3e23-4273-879b-a609159ae6a4/datanode-2/data/ratis] (custom)
2023-03-15 06:53:10,531 [pool-869-thread-1] INFO  server.RaftServerConfigKeys (ConfUtils.java:logGet(46)) - raft.server.log.corruption.policy = EXCEPTION (default)
2023-03-15 06:53:10,531 [pool-869-thread-1] INFO  server.RaftServerConfigKeys (ConfUtils.java:logGet(46)) - raft.server.storage.free-space.min = 0MB (=0) (default)
2023-03-15 06:53:10,531 [pool-869-thread-1] INFO  server.RaftServerConfigKeys (ConfUtils.java:logGet(46)) - raft.server.notification.no-leader.timeout = 300s (custom)
2023-03-15 06:53:10,531 [pool-869-thread-1] INFO  server.RaftServerConfigKeys (ConfUtils.java:logGet(46)) - raft.server.retrycache.expirytime = 600000ms (custom)
2023-03-15 06:53:10,531 [pool-869-thread-1] INFO  server.RaftServerConfigKeys (ConfUtils.java:logGet(46)) - raft.server.retrycache.statistics.expirytime = 100μs (default)
2023-03-15 06:53:11,061 [Command processor thread] INFO  server.RaftServer (RaftServerProxy.java:addNew(96)) - f5ffbb19-6856-4431-8ca7-ea850b755d28: addNew group-90325CBA88A0:[f5ffbb19-6856-4431-8ca7-ea850b755d28|rpc:10.1.0.130:37227|dataStream:10.1.0.130:42395|priority:1|startupRole:FOLLOWER] returns group-90325CBA88A0:java.util.concurrent.CompletableFuture@753549bc[Not completed]
2023-03-15 06:53:11,062 [pool-869-thread-1] INFO  server.RaftServerConfigKeys (ConfUtils.java:logGet(46)) - raft.server.log.appender.install.snapshot.enabled = false (custom)
2023-03-15 06:53:11,062 [pool-869-thread-1] INFO  server.RaftServerConfigKeys (ConfUtils.java:logGet(46)) - raft.server.threadpool.server.cached = true (default)
2023-03-15 06:53:11,062 [pool-869-thread-1] INFO  server.RaftServerConfigKeys (ConfUtils.java:logGet(46)) - raft.server.threadpool.server.size = 0 (default)
2023-03-15 06:53:11,062 [pool-869-thread-1] INFO  server.RaftServerConfigKeys (ConfUtils.java:logGet(46)) - raft.server.threadpool.client.cached = true (default)
2023-03-15 06:53:11,062 [pool-869-thread-1] INFO  server.RaftServerConfigKeys (ConfUtils.java:logGet(46)) - raft.server.threadpool.client.size = 0 (default)
2023-03-15 06:53:11,064 [pool-869-thread-1] INFO  server.RaftServer$Division (RaftServerImpl.java:<init>(195)) - f5ffbb19-6856-4431-8ca7-ea850b755d28: new RaftServerImpl for group-90325CBA88A0:[f5ffbb19-6856-4431-8ca7-ea850b755d28|rpc:10.1.0.130:37227|dataStream:10.1.0.130:42395|priority:1|startupRole:FOLLOWER] with ContainerStateMachine:uninitialized
2023-03-15 06:53:11,064 [pool-869-thread-1] INFO  server.RaftServerConfigKeys (ConfUtils.java:logGet(46)) - raft.server.rpc.timeout.min = 5s (custom)
2023-03-15 06:53:11,064 [pool-869-thread-1] INFO  server.RaftServerConfigKeys (ConfUtils.java:logGet(46)) - raft.server.rpc.timeout.max = 5200ms (custom)
2023-03-15 06:53:11,064 [pool-869-thread-1] INFO  server.RaftServerConfigKeys (ConfUtils.java:logGet(46)) - raft.server.rpc.sleep.time = 25ms (default)
2023-03-15 06:53:11,064 [pool-869-thread-1] INFO  server.RaftServerConfigKeys (ConfUtils.java:logGet(46)) - raft.server.rpc.slowness.timeout = 300s (custom)
2023-03-15 06:53:11,064 [pool-869-thread-1] INFO  server.RaftServerConfigKeys (ConfUtils.java:logGet(46)) - raft.server.leaderelection.leader.step-down.wait-time = 10s (default)
2023-03-15 06:53:11,064 [pool-869-thread-1] INFO  server.RaftServerConfigKeys (ConfUtils.java:logGet(46)) - raft.server.sleep.deviation.threshold = 300ms (default)
2023-03-15 06:53:11,064 [pool-869-thread-1] INFO  server.RaftServer$Division (ServerState.java:<init>(118)) - f5ffbb19-6856-4431-8ca7-ea850b755d28@group-90325CBA88A0: ConfigurationManager, init=-1: peers:[f5ffbb19-6856-4431-8ca7-ea850b755d28|rpc:10.1.0.130:37227|dataStream:10.1.0.130:42395|priority:1|startupRole:FOLLOWER]|listeners:[], old=null, confs=<EMPTY_MAP>
2023-03-15 06:53:11,064 [pool-869-thread-1] INFO  server.RaftServerConfigKeys (ConfUtils.java:logGet(46)) - raft.server.storage.dir = [/home/runner/work/ozone/ozone/hadoop-ozone/integration-test/target/test-dir/MiniOzoneClusterImpl-8d40f1f0-3e23-4273-879b-a609159ae6a4/datanode-2/data/ratis] (custom)
2023-03-15 06:53:11,065 [Listener at 127.0.0.1/33927] INFO  ozone.MiniOzoneClusterImpl (MiniOzoneClusterImpl.java:lambda$waitForClusterToBeReady$0(218)) - Nodes are ready. Got 3 of 3 DN Heartbeats.
2023-03-15 06:53:11,065 [Listener at 127.0.0.1/33927] INFO  ozone.MiniOzoneClusterImpl (MiniOzoneClusterImpl.java:lambda$waitForClusterToBeReady$0(221)) - Waiting for cluster to exit safe mode
2023-03-15 06:53:11,065 [Listener at 127.0.0.1/33927] INFO  ozone.MiniOzoneClusterImpl (MiniOzoneClusterImpl.java:lambda$waitForClusterToBeReady$0(223)) - SCM became leader
2023-03-15 06:53:11,066 [JvmPauseMonitor9] WARN  util.JvmPauseMonitor (JvmPauseMonitor.java:detectPause(126)) - JvmPauseMonitor-0f19c1f7-7e7d-408b-8c95-b3dd1f9d1744: Detected pause in JVM or host machine (eg GC): pause of approximately 247168385ns.
GC pool 'PS MarkSweep' had collection(s): count=1 time=313ms
GC pool 'PS Scavenge' had collection(s): count=1 time=214ms
2023-03-15 06:53:11,065 [pool-869-thread-1] INFO  server.RaftServerConfigKeys (ConfUtils.java:logGet(46)) - raft.server.log.corruption.policy = EXCEPTION (default)
2023-03-15 06:53:11,067 [pool-869-thread-1] INFO  server.RaftServerConfigKeys (ConfUtils.java:logGet(46)) - raft.server.storage.free-space.min = 0MB (=0) (default)
2023-03-15 06:53:11,067 [pool-869-thread-1] INFO  server.RaftServerConfigKeys (ConfUtils.java:logGet(46)) - raft.server.notification.no-leader.timeout = 300s (custom)
2023-03-15 06:53:11,067 [pool-869-thread-1] INFO  server.RaftServerConfigKeys (ConfUtils.java:logGet(46)) - raft.server.retrycache.expirytime = 600000ms (custom)
2023-03-15 06:53:11,067 [pool-869-thread-1] INFO  server.RaftServerConfigKeys (ConfUtils.java:logGet(46)) - raft.server.retrycache.statistics.expirytime = 100μs (default)
2023-03-15 06:53:11,068 [pool-869-thread-1] INFO  server.RaftServerConfigKeys (ConfUtils.java:logGet(46)) - raft.server.log.appender.install.snapshot.enabled = false (custom)
2023-03-15 06:53:11,068 [JvmPauseMonitor6] WARN  util.JvmPauseMonitor (JvmPauseMonitor.java:detectPause(126)) - JvmPauseMonitor-omNode-1: Detected pause in JVM or host machine (eg GC): pause of approximately 333098101ns.
GC pool 'PS MarkSweep' had collection(s): count=1 time=313ms
GC pool 'PS Scavenge' had collection(s): count=1 time=214ms
2023-03-15 06:53:11,074 [pool-847-thread-1] INFO  server.RaftServer$Division (RaftServerImpl.java:<init>(195)) - ec6086c2-fc50-413c-afc3-6eccceec3a30: new RaftServerImpl for group-C6ADD05F41FF:[ec6086c2-fc50-413c-afc3-6eccceec3a30|rpc:10.1.0.130:34497|dataStream:10.1.0.130:39119|priority:1|startupRole:FOLLOWER] with ContainerStateMachine:uninitialized
2023-03-15 06:53:11,076 [pool-847-thread-1] INFO  server.RaftServerConfigKeys (ConfUtils.java:logGet(46)) - raft.server.rpc.timeout.min = 5s (custom)
2023-03-15 06:53:11,076 [pool-847-thread-1] INFO  server.RaftServerConfigKeys (ConfUtils.java:logGet(46)) - raft.server.rpc.timeout.max = 5200ms (custom)
2023-03-15 06:53:11,076 [pool-847-thread-1] INFO  server.RaftServerConfigKeys (ConfUtils.java:logGet(46)) - raft.server.rpc.sleep.time = 25ms (default)
2023-03-15 06:53:11,076 [pool-847-thread-1] INFO  server.RaftServerConfigKeys (ConfUtils.java:logGet(46)) - raft.server.rpc.slowness.timeout = 300s (custom)
2023-03-15 06:53:11,076 [pool-847-thread-1] INFO  server.RaftServerConfigKeys (ConfUtils.java:logGet(46)) - raft.server.leaderelection.leader.step-down.wait-time = 10s (default)
2023-03-15 06:53:11,077 [pool-847-thread-1] INFO  server.RaftServerConfigKeys (ConfUtils.java:logGet(46)) - raft.server.sleep.deviation.threshold = 300ms (default)
2023-03-15 06:53:11,077 [pool-847-thread-1] INFO  server.RaftServer$Division (ServerState.java:<init>(118)) - ec6086c2-fc50-413c-afc3-6eccceec3a30@group-C6ADD05F41FF: ConfigurationManager, init=-1: peers:[ec6086c2-fc50-413c-afc3-6eccceec3a30|rpc:10.1.0.130:34497|dataStream:10.1.0.130:39119|priority:1|startupRole:FOLLOWER]|listeners:[], old=null, confs=<EMPTY_MAP>
2023-03-15 06:53:11,073 [Command processor thread] INFO  server.RaftServer (RaftServerProxy.java:addNew(96)) - ec6086c2-fc50-413c-afc3-6eccceec3a30: addNew group-C6ADD05F41FF:[ec6086c2-fc50-413c-afc3-6eccceec3a30|rpc:10.1.0.130:34497|dataStream:10.1.0.130:39119|priority:1|startupRole:FOLLOWER] returns group-C6ADD05F41FF:java.util.concurrent.CompletableFuture@1e7cf2aa[Not completed]
2023-03-15 06:53:11,073 [JvmPauseMonitor11] WARN  util.JvmPauseMonitor (JvmPauseMonitor.java:detectPause(126)) - JvmPauseMonitor-f5ffbb19-6856-4431-8ca7-ea850b755d28: Detected pause in JVM or host machine (eg GC): pause of approximately 462729219ns.
GC pool 'PS MarkSweep' had collection(s): count=1 time=313ms
GC pool 'PS Scavenge' had collection(s): count=1 time=214ms
2023-03-15 06:53:11,071 [JvmPauseMonitor10] WARN  util.JvmPauseMonitor (JvmPauseMonitor.java:detectPause(126)) - JvmPauseMonitor-ec6086c2-fc50-413c-afc3-6eccceec3a30: Detected pause in JVM or host machine (eg GC): pause of approximately 374491866ns.
GC pool 'PS MarkSweep' had collection(s): count=1 time=313ms
GC pool 'PS Scavenge' had collection(s): count=1 time=214ms
2023-03-15 06:53:11,068 [JvmPauseMonitor8] WARN  util.JvmPauseMonitor (JvmPauseMonitor.java:detectPause(126)) - JvmPauseMonitor-omNode-3: Detected pause in JVM or host machine (eg GC): pause of approximately 296896546ns.
GC pool 'PS MarkSweep' had collection(s): count=1 time=313ms
GC pool 'PS Scavenge' had collection(s): count=1 time=214ms
2023-03-15 06:53:11,068 [EndpointStateMachine task thread for /0.0.0.0:45029 - 0 ] INFO  ipc.Client (Client.java:handleConnectionFailure(1010)) - Retrying connect to server: 0.0.0.0/0.0.0.0:45029. Already tried 14 time(s); retry policy is RetryUpToMaximumCountWithFixedSleep(maxRetries=15, sleepTime=1000 MILLISECONDS)
2023-03-15 06:53:11,077 [pool-869-thread-1] INFO  server.RaftServerConfigKeys (ConfUtils.java:logGet(46)) - raft.server.threadpool.server.cached = true (default)
2023-03-15 06:53:11,078 [pool-869-thread-1] INFO  server.RaftServerConfigKeys (ConfUtils.java:logGet(46)) - raft.server.threadpool.server.size = 0 (default)
2023-03-15 06:53:11,078 [pool-869-thread-1] INFO  server.RaftServerConfigKeys (ConfUtils.java:logGet(46)) - raft.server.threadpool.client.cached = true (default)
2023-03-15 06:53:11,078 [pool-869-thread-1] INFO  server.RaftServerConfigKeys (ConfUtils.java:logGet(46)) - raft.server.threadpool.client.size = 0 (default)
2023-03-15 06:53:11,079 [pool-869-thread-1] INFO  storage.RaftStorageDirectory (RaftStorageDirectoryImpl.java:analyzeStorage(137)) - The storage directory /home/runner/work/ozone/ozone/hadoop-ozone/integration-test/target/test-dir/MiniOzoneClusterImpl-8d40f1f0-3e23-4273-879b-a609159ae6a4/datanode-2/data/ratis/d334167e-b948-4e6e-a1d2-27fd2424924e does not exist. Creating ...
2023-03-15 06:53:11,077 [pool-847-thread-1] INFO  server.RaftServerConfigKeys (ConfUtils.java:logGet(46)) - raft.server.storage.dir = [/home/runner/work/ozone/ozone/hadoop-ozone/integration-test/target/test-dir/MiniOzoneClusterImpl-8d40f1f0-3e23-4273-879b-a609159ae6a4/datanode-1/data/ratis] (custom)
2023-03-15 06:53:11,079 [pool-847-thread-1] INFO  server.RaftServerConfigKeys (ConfUtils.java:logGet(46)) - raft.server.log.corruption.policy = EXCEPTION (default)
2023-03-15 06:53:11,079 [pool-847-thread-1] INFO  server.RaftServerConfigKeys (ConfUtils.java:logGet(46)) - raft.server.storage.free-space.min = 0MB (=0) (default)
2023-03-15 06:53:11,079 [pool-847-thread-1] INFO  server.RaftServerConfigKeys (ConfUtils.java:logGet(46)) - raft.server.notification.no-leader.timeout = 300s (custom)
2023-03-15 06:53:11,079 [pool-847-thread-1] INFO  server.RaftServerConfigKeys (ConfUtils.java:logGet(46)) - raft.server.retrycache.expirytime = 600000ms (custom)
2023-03-15 06:53:11,079 [pool-847-thread-1] INFO  server.RaftServerConfigKeys (ConfUtils.java:logGet(46)) - raft.server.retrycache.statistics.expirytime = 100μs (default)
2023-03-15 06:53:11,080 [pool-847-thread-1] INFO  server.RaftServerConfigKeys (ConfUtils.java:logGet(46)) - raft.server.log.appender.install.snapshot.enabled = false (custom)
2023-03-15 06:53:11,080 [pool-847-thread-1] INFO  server.RaftServerConfigKeys (ConfUtils.java:logGet(46)) - raft.server.threadpool.server.cached = true (default)
2023-03-15 06:53:11,080 [pool-847-thread-1] INFO  server.RaftServerConfigKeys (ConfUtils.java:logGet(46)) - raft.server.threadpool.server.size = 0 (default)
2023-03-15 06:53:11,080 [pool-847-thread-1] INFO  server.RaftServerConfigKeys (ConfUtils.java:logGet(46)) - raft.server.threadpool.client.cached = true (default)
2023-03-15 06:53:11,080 [pool-847-thread-1] INFO  server.RaftServerConfigKeys (ConfUtils.java:logGet(46)) - raft.server.threadpool.client.size = 0 (default)
2023-03-15 06:53:11,080 [pool-847-thread-1] INFO  storage.RaftStorageDirectory (RaftStorageDirectoryImpl.java:analyzeStorage(137)) - The storage directory /home/runner/work/ozone/ozone/hadoop-ozone/integration-test/target/test-dir/MiniOzoneClusterImpl-8d40f1f0-3e23-4273-879b-a609159ae6a4/datanode-1/data/ratis/10219cf5-10bc-4f7b-8586-c6add05f41ff does not exist. Creating ...
2023-03-15 06:53:11,082 [pool-847-thread-1] INFO  storage.RaftStorageDirectory (RaftStorageDirectoryImpl.java:tryLock(231)) - Lock on /home/runner/work/ozone/ozone/hadoop-ozone/integration-test/target/test-dir/MiniOzoneClusterImpl-8d40f1f0-3e23-4273-879b-a609159ae6a4/datanode-1/data/ratis/10219cf5-10bc-4f7b-8586-c6add05f41ff/in_use.lock acquired by nodename 3629@fv-az210-452
2023-03-15 06:53:11,082 [pool-869-thread-1] INFO  storage.RaftStorageDirectory (RaftStorageDirectoryImpl.java:tryLock(231)) - Lock on /home/runner/work/ozone/ozone/hadoop-ozone/integration-test/target/test-dir/MiniOzoneClusterImpl-8d40f1f0-3e23-4273-879b-a609159ae6a4/datanode-2/data/ratis/d334167e-b948-4e6e-a1d2-27fd2424924e/in_use.lock acquired by nodename 3629@fv-az210-452
2023-03-15 06:53:11,083 [pool-847-thread-1] INFO  storage.RaftStorage (RaftStorageImpl.java:format(96)) - Storage directory /home/runner/work/ozone/ozone/hadoop-ozone/integration-test/target/test-dir/MiniOzoneClusterImpl-8d40f1f0-3e23-4273-879b-a609159ae6a4/datanode-1/data/ratis/10219cf5-10bc-4f7b-8586-c6add05f41ff has been successfully formatted.
2023-03-15 06:53:11,084 [pool-847-thread-1] INFO  ratis.ContainerStateMachine (ContainerStateMachine.java:loadSnapshot(262)) - group-C6ADD05F41FF: The snapshot info is null. Setting the last applied indexto:(t:0, i:~)
2023-03-15 06:53:11,084 [pool-847-thread-1] INFO  server.RaftServerConfigKeys (ConfUtils.java:logGet(46)) - raft.server.log.use.memory = false (default)
2023-03-15 06:53:11,084 [pool-847-thread-1] INFO  server.RaftServerConfigKeys (ConfUtils.java:logGet(46)) - raft.server.log.purge.gap = 1000000 (custom)
2023-03-15 06:53:11,084 [pool-847-thread-1] INFO  server.RaftServerConfigKeys (ConfUtils.java:logGet(46)) - raft.server.log.appender.buffer.byte-limit = 33554432 (custom)
2023-03-15 06:53:11,084 [pool-847-thread-1] INFO  server.RaftServerConfigKeys (ConfUtils.java:logGet(46)) - raft.server.log.statemachine.data.read.timeout = 1000ms (default)
2023-03-15 06:53:11,084 [pool-847-thread-1] INFO  server.RaftServerConfigKeys (ConfUtils.java:logGet(46)) - raft.server.log.purge.preservation.log.num = 0 (default)
2023-03-15 06:53:11,084 [pool-847-thread-1] INFO  server.RaftServerConfigKeys (ConfUtils.java:logGet(46)) - raft.server.log.segment.size.max = 1048576 (custom)
2023-03-15 06:53:11,085 [pool-847-thread-1] INFO  server.RaftServerConfigKeys (ConfUtils.java:logGet(46)) - raft.server.log.segment.cache.num.max = 2 (custom)
2023-03-15 06:53:11,085 [pool-847-thread-1] INFO  server.RaftServerConfigKeys (ConfUtils.java:logGet(46)) - raft.server.log.segment.cache.size.max = 200MB (=209715200) (default)
2023-03-15 06:53:11,085 [pool-847-thread-1] INFO  segmented.SegmentedRaftLogWorker (SegmentedRaftLogWorker.java:<init>(189)) - new ec6086c2-fc50-413c-afc3-6eccceec3a30@group-C6ADD05F41FF-SegmentedRaftLogWorker for RaftStorageImpl:Storage Directory /home/runner/work/ozone/ozone/hadoop-ozone/integration-test/target/test-dir/MiniOzoneClusterImpl-8d40f1f0-3e23-4273-879b-a609159ae6a4/datanode-1/data/ratis/10219cf5-10bc-4f7b-8586-c6add05f41ff
2023-03-15 06:53:11,085 [pool-847-thread-1] INFO  server.RaftServerConfigKeys (ConfUtils.java:logGet(46)) - raft.server.log.queue.byte-limit = 4294967296 (custom)
2023-03-15 06:53:11,085 [pool-847-thread-1] INFO  server.RaftServerConfigKeys (ConfUtils.java:logGet(46)) - raft.server.log.queue.element-limit = 1024 (custom)
2023-03-15 06:53:11,085 [pool-847-thread-1] INFO  server.RaftServerConfigKeys (ConfUtils.java:logGet(46)) - raft.server.log.segment.size.max = 1048576 (custom)
2023-03-15 06:53:11,085 [pool-847-thread-1] INFO  server.RaftServerConfigKeys (ConfUtils.java:logGet(46)) - raft.server.log.preallocated.size = 16384 (custom)
2023-03-15 06:53:11,085 [pool-847-thread-1] INFO  server.RaftServerConfigKeys (ConfUtils.java:logGet(46)) - raft.server.log.force.sync.num = 128 (default)
2023-03-15 06:53:11,085 [pool-847-thread-1] INFO  server.RaftServerConfigKeys (ConfUtils.java:logGet(46)) - raft.server.log.statemachine.data.sync = true (default)
2023-03-15 06:53:11,085 [pool-847-thread-1] INFO  server.RaftServerConfigKeys (ConfUtils.java:logGet(46)) - raft.server.log.statemachine.data.sync.timeout = 10s (default)
2023-03-15 06:53:11,085 [pool-847-thread-1] INFO  server.RaftServerConfigKeys (ConfUtils.java:logGet(46)) - raft.server.log.statemachine.data.sync.timeout.retry = -1 (default)
2023-03-15 06:53:11,085 [pool-869-thread-1] INFO  storage.RaftStorage (RaftStorageImpl.java:format(96)) - Storage directory /home/runner/work/ozone/ozone/hadoop-ozone/integration-test/target/test-dir/MiniOzoneClusterImpl-8d40f1f0-3e23-4273-879b-a609159ae6a4/datanode-2/data/ratis/d334167e-b948-4e6e-a1d2-27fd2424924e has been successfully formatted.
2023-03-15 06:53:11,086 [pool-869-thread-1] INFO  ratis.ContainerStateMachine (ContainerStateMachine.java:loadSnapshot(262)) - group-27FD2424924E: The snapshot info is null. Setting the last applied indexto:(t:0, i:~)
2023-03-15 06:53:11,086 [pool-869-thread-1] INFO  server.RaftServerConfigKeys (ConfUtils.java:logGet(46)) - raft.server.log.use.memory = false (default)
2023-03-15 06:53:11,086 [pool-869-thread-1] INFO  server.RaftServerConfigKeys (ConfUtils.java:logGet(46)) - raft.server.log.purge.gap = 1000000 (custom)
2023-03-15 06:53:11,086 [pool-869-thread-1] INFO  server.RaftServerConfigKeys (ConfUtils.java:logGet(46)) - raft.server.log.appender.buffer.byte-limit = 33554432 (custom)
2023-03-15 06:53:11,086 [pool-869-thread-1] INFO  server.RaftServerConfigKeys (ConfUtils.java:logGet(46)) - raft.server.log.statemachine.data.read.timeout = 1000ms (default)
2023-03-15 06:53:11,086 [pool-869-thread-1] INFO  server.RaftServerConfigKeys (ConfUtils.java:logGet(46)) - raft.server.log.purge.preservation.log.num = 0 (default)
2023-03-15 06:53:11,086 [pool-869-thread-1] INFO  server.RaftServerConfigKeys (ConfUtils.java:logGet(46)) - raft.server.log.segment.size.max = 1048576 (custom)
2023-03-15 06:53:11,087 [pool-869-thread-1] INFO  server.RaftServerConfigKeys (ConfUtils.java:logGet(46)) - raft.server.log.segment.cache.num.max = 2 (custom)
2023-03-15 06:53:11,087 [pool-869-thread-1] INFO  server.RaftServerConfigKeys (ConfUtils.java:logGet(46)) - raft.server.log.segment.cache.size.max = 200MB (=209715200) (default)
2023-03-15 06:53:11,087 [pool-869-thread-1] INFO  segmented.SegmentedRaftLogWorker (SegmentedRaftLogWorker.java:<init>(189)) - new f5ffbb19-6856-4431-8ca7-ea850b755d28@group-27FD2424924E-SegmentedRaftLogWorker for RaftStorageImpl:Storage Directory /home/runner/work/ozone/ozone/hadoop-ozone/integration-test/target/test-dir/MiniOzoneClusterImpl-8d40f1f0-3e23-4273-879b-a609159ae6a4/datanode-2/data/ratis/d334167e-b948-4e6e-a1d2-27fd2424924e
2023-03-15 06:53:11,087 [pool-869-thread-1] INFO  server.RaftServerConfigKeys (ConfUtils.java:logGet(46)) - raft.server.log.queue.byte-limit = 4294967296 (custom)
2023-03-15 06:53:11,087 [pool-869-thread-1] INFO  server.RaftServerConfigKeys (ConfUtils.java:logGet(46)) - raft.server.log.queue.element-limit = 1024 (custom)
2023-03-15 06:53:11,087 [pool-869-thread-1] INFO  server.RaftServerConfigKeys (ConfUtils.java:logGet(46)) - raft.server.log.segment.size.max = 1048576 (custom)
2023-03-15 06:53:11,087 [pool-869-thread-1] INFO  server.RaftServerConfigKeys (ConfUtils.java:logGet(46)) - raft.server.log.preallocated.size = 16384 (custom)
2023-03-15 06:53:11,087 [pool-869-thread-1] INFO  server.RaftServerConfigKeys (ConfUtils.java:logGet(46)) - raft.server.log.force.sync.num = 128 (default)
2023-03-15 06:53:11,088 [pool-869-thread-1] INFO  server.RaftServerConfigKeys (ConfUtils.java:logGet(46)) - raft.server.log.statemachine.data.sync = true (default)
2023-03-15 06:53:11,088 [pool-869-thread-1] INFO  server.RaftServerConfigKeys (ConfUtils.java:logGet(46)) - raft.server.log.statemachine.data.sync.timeout = 10s (default)
2023-03-15 06:53:11,088 [pool-869-thread-1] INFO  server.RaftServerConfigKeys (ConfUtils.java:logGet(46)) - raft.server.log.statemachine.data.sync.timeout.retry = -1 (default)
2023-03-15 06:53:11,087 [pool-847-thread-1] INFO  server.RaftServerConfigKeys (ConfUtils.java:logGet(46)) - raft.server.log.write.buffer.size = 1048576 (custom)
2023-03-15 06:53:11,089 [pool-869-thread-1] INFO  server.RaftServerConfigKeys (ConfUtils.java:logGet(46)) - raft.server.log.write.buffer.size = 1048576 (custom)
2023-03-15 06:53:11,090 [pool-847-thread-1] INFO  server.RaftServerConfigKeys (ConfUtils.java:logGet(46)) - raft.server.log.appender.buffer.byte-limit = 33554432 (custom)
2023-03-15 06:53:11,091 [EventQueue-PipelineReportForPipelineReportHandler] INFO  pipeline.PipelineManagerImpl (PipelineManagerImpl.java:openPipeline(367)) - Pipeline Pipeline[ Id: 10219cf5-10bc-4f7b-8586-c6add05f41ff, Nodes: ec6086c2-fc50-413c-afc3-6eccceec3a30(fv-az210-452.jgpbknbp5ljuxny3rrcz4t2bbd.bx.internal.cloudapp.net/10.1.0.130), ReplicationConfig: RATIS/ONE, State:ALLOCATED, leaderId:ec6086c2-fc50-413c-afc3-6eccceec3a30, CreationTimestamp2023-03-15T06:53:07.654Z[Etc/UTC]] moved to OPEN state
2023-03-15 06:53:11,092 [EventQueue-OpenPipelineForHealthyPipelineSafeModeRule] INFO  safemode.SCMSafeModeManager (HealthyPipelineSafeModeRule.java:process(137)) - SCM in safe mode. Healthy pipelines reported count is 0, required healthy pipeline reported count is 1
2023-03-15 06:53:11,094 [EventQueue-PipelineReportForPipelineReportHandler] INFO  pipeline.PipelineManagerImpl (PipelineManagerImpl.java:openPipeline(367)) - Pipeline Pipeline[ Id: 99283544-3900-4360-bc8d-90325cba88a0, Nodes: f5ffbb19-6856-4431-8ca7-ea850b755d28(fv-az210-452.jgpbknbp5ljuxny3rrcz4t2bbd.bx.internal.cloudapp.net/10.1.0.130), ReplicationConfig: RATIS/ONE, State:ALLOCATED, leaderId:f5ffbb19-6856-4431-8ca7-ea850b755d28, CreationTimestamp2023-03-15T06:53:08.055Z[Etc/UTC]] moved to OPEN state
2023-03-15 06:53:11,094 [EventQueue-OpenPipelineForHealthyPipelineSafeModeRule] INFO  safemode.SCMSafeModeManager (HealthyPipelineSafeModeRule.java:process(137)) - SCM in safe mode. Healthy pipelines reported count is 0, required healthy pipeline reported count is 1
2023-03-15 06:53:11,091 [pool-869-thread-1] INFO  server.RaftServerConfigKeys (ConfUtils.java:logGet(46)) - raft.server.log.appender.buffer.byte-limit = 33554432 (custom)
2023-03-15 06:53:11,096 [pool-847-thread-1] INFO  server.RaftServerConfigKeys (ConfUtils.java:logGet(46)) - raft.server.log.unsafe-flush.enabled = false (default)
2023-03-15 06:53:11,096 [pool-847-thread-1] INFO  server.RaftServerConfigKeys (ConfUtils.java:logGet(46)) - raft.server.log.async-flush.enabled = false (default)
2023-03-15 06:53:11,096 [pool-847-thread-1] INFO  server.RaftServerConfigKeys (ConfUtils.java:logGet(46)) - raft.server.log.statemachine.data.caching.enabled = true (custom)
2023-03-15 06:53:11,096 [pool-847-thread-1] INFO  segmented.SegmentedRaftLogWorker (SegmentedRaftLogWorker.java:lambda$new$0(135)) - ec6086c2-fc50-413c-afc3-6eccceec3a30@group-C6ADD05F41FF-SegmentedRaftLogWorker: flushIndex: setUnconditionally 0 -> -1
2023-03-15 06:53:11,096 [pool-847-thread-1] INFO  segmented.SegmentedRaftLogWorker (SegmentedRaftLogWorker.java:lambda$new$0(135)) - ec6086c2-fc50-413c-afc3-6eccceec3a30@group-C6ADD05F41FF-SegmentedRaftLogWorker: safeCacheEvictIndex: setUnconditionally 0 -> -1
2023-03-15 06:53:11,096 [pool-847-thread-1] INFO  server.RaftServer$Division (RaftServerImpl.java:start(334)) - ec6086c2-fc50-413c-afc3-6eccceec3a30@group-C6ADD05F41FF: start as a follower, conf=-1: peers:[ec6086c2-fc50-413c-afc3-6eccceec3a30|rpc:10.1.0.130:34497|dataStream:10.1.0.130:39119|priority:1|startupRole:FOLLOWER]|listeners:[], old=null
2023-03-15 06:53:11,096 [pool-847-thread-1] INFO  server.RaftServer$Division (RaftServerImpl.java:setRole(321)) - ec6086c2-fc50-413c-afc3-6eccceec3a30@group-C6ADD05F41FF: changes role from      null to FOLLOWER at term 0 for startAsFollower
2023-03-15 06:53:11,097 [pool-847-thread-1] INFO  impl.RoleInfo (RoleInfo.java:updateAndGet(139)) - ec6086c2-fc50-413c-afc3-6eccceec3a30: start ec6086c2-fc50-413c-afc3-6eccceec3a30@group-C6ADD05F41FF-FollowerState
2023-03-15 06:53:11,098 [pool-847-thread-1] INFO  util.JmxRegister (JmxRegister.java:tryRegister(44)) - Successfully registered JMX Bean with object name Ratis:service=RaftServer,group=group-C6ADD05F41FF,id=ec6086c2-fc50-413c-afc3-6eccceec3a30
2023-03-15 06:53:11,098 [pool-847-thread-1] INFO  server.RaftServerConfigKeys (ConfUtils.java:logGet(46)) - raft.server.snapshot.auto.trigger.enabled = true (custom)
2023-03-15 06:53:11,098 [pool-847-thread-1] INFO  server.RaftServerConfigKeys (ConfUtils.java:logGet(46)) - raft.server.snapshot.auto.trigger.threshold = 10000 (custom)
2023-03-15 06:53:11,099 [pool-847-thread-1] INFO  server.RaftServerConfigKeys (ConfUtils.java:logGet(46)) - raft.server.snapshot.retention.file.num = 5 (custom)
2023-03-15 06:53:11,099 [pool-847-thread-1] INFO  server.RaftServerConfigKeys (ConfUtils.java:logGet(46)) - raft.server.log.purge.upto.snapshot.index = false (default)
2023-03-15 06:53:11,099 [ec6086c2-fc50-413c-afc3-6eccceec3a30@group-C6ADD05F41FF-FollowerState] INFO  server.RaftServerConfigKeys (ConfUtils.java:logFallback(53)) - raft.server.rpc.first-election.timeout.min = 5s (fallback to raft.server.rpc.timeout.min)
2023-03-15 06:53:11,099 [ec6086c2-fc50-413c-afc3-6eccceec3a30@group-C6ADD05F41FF-FollowerState] INFO  server.RaftServerConfigKeys (ConfUtils.java:logFallback(53)) - raft.server.rpc.first-election.timeout.max = 5200ms (fallback to raft.server.rpc.timeout.max)
2023-03-15 06:53:11,102 [Command processor thread] INFO  ratis.XceiverServerRatis (XceiverServerRatis.java:addGroup(807)) - Created group PipelineID=10219cf5-10bc-4f7b-8586-c6add05f41ff
2023-03-15 06:53:11,102 [Command processor thread] INFO  commandhandler.CreatePipelineCommandHandler (CreatePipelineCommandHandler.java:handle(113)) - Created Pipeline RATIS ONE PipelineID=10219cf5-10bc-4f7b-8586-c6add05f41ff.
2023-03-15 06:53:11,103 [pool-869-thread-1] INFO  server.RaftServerConfigKeys (ConfUtils.java:logGet(46)) - raft.server.log.unsafe-flush.enabled = false (default)
2023-03-15 06:53:11,103 [pool-869-thread-1] INFO  server.RaftServerConfigKeys (ConfUtils.java:logGet(46)) - raft.server.log.async-flush.enabled = false (default)
2023-03-15 06:53:11,103 [pool-869-thread-1] INFO  server.RaftServerConfigKeys (ConfUtils.java:logGet(46)) - raft.server.log.statemachine.data.caching.enabled = true (custom)
2023-03-15 06:53:11,104 [pool-869-thread-1] INFO  segmented.SegmentedRaftLogWorker (SegmentedRaftLogWorker.java:lambda$new$0(135)) - f5ffbb19-6856-4431-8ca7-ea850b755d28@group-27FD2424924E-SegmentedRaftLogWorker: flushIndex: setUnconditionally 0 -> -1
2023-03-15 06:53:11,104 [pool-869-thread-1] INFO  segmented.SegmentedRaftLogWorker (SegmentedRaftLogWorker.java:lambda$new$0(135)) - f5ffbb19-6856-4431-8ca7-ea850b755d28@group-27FD2424924E-SegmentedRaftLogWorker: safeCacheEvictIndex: setUnconditionally 0 -> -1
2023-03-15 06:53:11,104 [pool-869-thread-1] INFO  server.RaftServer$Division (RaftServerImpl.java:start(334)) - f5ffbb19-6856-4431-8ca7-ea850b755d28@group-27FD2424924E: start as a follower, conf=-1: peers:[f5ffbb19-6856-4431-8ca7-ea850b755d28|rpc:10.1.0.130:37227|dataStream:10.1.0.130:42395|priority:0|startupRole:FOLLOWER, 0f19c1f7-7e7d-408b-8c95-b3dd1f9d1744|rpc:10.1.0.130:40449|dataStream:10.1.0.130:46071|priority:0|startupRole:FOLLOWER, ec6086c2-fc50-413c-afc3-6eccceec3a30|rpc:10.1.0.130:34497|dataStream:10.1.0.130:39119|priority:1|startupRole:FOLLOWER]|listeners:[], old=null
2023-03-15 06:53:11,104 [pool-869-thread-1] INFO  server.RaftServer$Division (RaftServerImpl.java:setRole(321)) - f5ffbb19-6856-4431-8ca7-ea850b755d28@group-27FD2424924E: changes role from      null to FOLLOWER at term 0 for startAsFollower
2023-03-15 06:53:11,104 [pool-869-thread-1] INFO  impl.RoleInfo (RoleInfo.java:updateAndGet(139)) - f5ffbb19-6856-4431-8ca7-ea850b755d28: start f5ffbb19-6856-4431-8ca7-ea850b755d28@group-27FD2424924E-FollowerState
2023-03-15 06:53:11,104 [pool-869-thread-1] INFO  util.JmxRegister (JmxRegister.java:tryRegister(44)) - Successfully registered JMX Bean with object name Ratis:service=RaftServer,group=group-27FD2424924E,id=f5ffbb19-6856-4431-8ca7-ea850b755d28
2023-03-15 06:53:11,104 [pool-869-thread-1] INFO  server.RaftServerConfigKeys (ConfUtils.java:logGet(46)) - raft.server.snapshot.auto.trigger.enabled = true (custom)
2023-03-15 06:53:11,105 [pool-869-thread-1] INFO  server.RaftServerConfigKeys (ConfUtils.java:logGet(46)) - raft.server.snapshot.auto.trigger.threshold = 10000 (custom)
2023-03-15 06:53:11,105 [pool-869-thread-1] INFO  server.RaftServerConfigKeys (ConfUtils.java:logGet(46)) - raft.server.snapshot.retention.file.num = 5 (custom)
2023-03-15 06:53:11,105 [pool-869-thread-1] INFO  server.RaftServerConfigKeys (ConfUtils.java:logGet(46)) - raft.server.log.purge.upto.snapshot.index = false (default)
2023-03-15 06:53:11,105 [f5ffbb19-6856-4431-8ca7-ea850b755d28@group-27FD2424924E-FollowerState] INFO  server.RaftServerConfigKeys (ConfUtils.java:logFallback(53)) - raft.server.rpc.first-election.timeout.min = 5s (fallback to raft.server.rpc.timeout.min)
2023-03-15 06:53:11,105 [f5ffbb19-6856-4431-8ca7-ea850b755d28@group-27FD2424924E-FollowerState] INFO  server.RaftServerConfigKeys (ConfUtils.java:logFallback(53)) - raft.server.rpc.first-election.timeout.max = 5200ms (fallback to raft.server.rpc.timeout.max)
2023-03-15 06:53:11,106 [pool-869-thread-1] INFO  storage.RaftStorageDirectory (RaftStorageDirectoryImpl.java:analyzeStorage(137)) - The storage directory /home/runner/work/ozone/ozone/hadoop-ozone/integration-test/target/test-dir/MiniOzoneClusterImpl-8d40f1f0-3e23-4273-879b-a609159ae6a4/datanode-2/data/ratis/99283544-3900-4360-bc8d-90325cba88a0 does not exist. Creating ...
2023-03-15 06:53:11,108 [pool-869-thread-1] INFO  storage.RaftStorageDirectory (RaftStorageDirectoryImpl.java:tryLock(231)) - Lock on /home/runner/work/ozone/ozone/hadoop-ozone/integration-test/target/test-dir/MiniOzoneClusterImpl-8d40f1f0-3e23-4273-879b-a609159ae6a4/datanode-2/data/ratis/99283544-3900-4360-bc8d-90325cba88a0/in_use.lock acquired by nodename 3629@fv-az210-452
2023-03-15 06:53:11,109 [pool-869-thread-1] INFO  storage.RaftStorage (RaftStorageImpl.java:format(96)) - Storage directory /home/runner/work/ozone/ozone/hadoop-ozone/integration-test/target/test-dir/MiniOzoneClusterImpl-8d40f1f0-3e23-4273-879b-a609159ae6a4/datanode-2/data/ratis/99283544-3900-4360-bc8d-90325cba88a0 has been successfully formatted.
2023-03-15 06:53:11,110 [pool-869-thread-1] INFO  ratis.ContainerStateMachine (ContainerStateMachine.java:loadSnapshot(262)) - group-90325CBA88A0: The snapshot info is null. Setting the last applied indexto:(t:0, i:~)
2023-03-15 06:53:11,110 [pool-869-thread-1] INFO  server.RaftServerConfigKeys (ConfUtils.java:logGet(46)) - raft.server.log.use.memory = false (default)
2023-03-15 06:53:11,110 [pool-869-thread-1] INFO  server.RaftServerConfigKeys (ConfUtils.java:logGet(46)) - raft.server.log.purge.gap = 1000000 (custom)
2023-03-15 06:53:11,110 [pool-869-thread-1] INFO  server.RaftServerConfigKeys (ConfUtils.java:logGet(46)) - raft.server.log.appender.buffer.byte-limit = 33554432 (custom)
2023-03-15 06:53:11,110 [pool-869-thread-1] INFO  server.RaftServerConfigKeys (ConfUtils.java:logGet(46)) - raft.server.log.statemachine.data.read.timeout = 1000ms (default)
2023-03-15 06:53:11,110 [pool-869-thread-1] INFO  server.RaftServerConfigKeys (ConfUtils.java:logGet(46)) - raft.server.log.purge.preservation.log.num = 0 (default)
2023-03-15 06:53:11,112 [EventQueue-OpenPipelineForHealthyPipelineSafeModeRule] INFO  safemode.SCMSafeModeManager (HealthyPipelineSafeModeRule.java:process(137)) - SCM in safe mode. Healthy pipelines reported count is 0, required healthy pipeline reported count is 1
2023-03-15 06:53:11,112 [pool-869-thread-1] INFO  server.RaftServerConfigKeys (ConfUtils.java:logGet(46)) - raft.server.log.segment.size.max = 1048576 (custom)
2023-03-15 06:53:11,113 [pool-869-thread-1] INFO  server.RaftServerConfigKeys (ConfUtils.java:logGet(46)) - raft.server.log.segment.cache.num.max = 2 (custom)
2023-03-15 06:53:11,114 [pool-869-thread-1] INFO  server.RaftServerConfigKeys (ConfUtils.java:logGet(46)) - raft.server.log.segment.cache.size.max = 200MB (=209715200) (default)
2023-03-15 06:53:11,114 [pool-869-thread-1] INFO  segmented.SegmentedRaftLogWorker (SegmentedRaftLogWorker.java:<init>(189)) - new f5ffbb19-6856-4431-8ca7-ea850b755d28@group-90325CBA88A0-SegmentedRaftLogWorker for RaftStorageImpl:Storage Directory /home/runner/work/ozone/ozone/hadoop-ozone/integration-test/target/test-dir/MiniOzoneClusterImpl-8d40f1f0-3e23-4273-879b-a609159ae6a4/datanode-2/data/ratis/99283544-3900-4360-bc8d-90325cba88a0
2023-03-15 06:53:11,114 [pool-869-thread-1] INFO  server.RaftServerConfigKeys (ConfUtils.java:logGet(46)) - raft.server.log.queue.byte-limit = 4294967296 (custom)
2023-03-15 06:53:11,114 [pool-869-thread-1] INFO  server.RaftServerConfigKeys (ConfUtils.java:logGet(46)) - raft.server.log.queue.element-limit = 1024 (custom)
2023-03-15 06:53:11,114 [pool-869-thread-1] INFO  server.RaftServerConfigKeys (ConfUtils.java:logGet(46)) - raft.server.log.segment.size.max = 1048576 (custom)
2023-03-15 06:53:11,114 [pool-869-thread-1] INFO  server.RaftServerConfigKeys (ConfUtils.java:logGet(46)) - raft.server.log.preallocated.size = 16384 (custom)
2023-03-15 06:53:11,114 [pool-869-thread-1] INFO  server.RaftServerConfigKeys (ConfUtils.java:logGet(46)) - raft.server.log.force.sync.num = 128 (default)
2023-03-15 06:53:11,114 [pool-869-thread-1] INFO  server.RaftServerConfigKeys (ConfUtils.java:logGet(46)) - raft.server.log.statemachine.data.sync = true (default)
2023-03-15 06:53:11,114 [pool-869-thread-1] INFO  server.RaftServerConfigKeys (ConfUtils.java:logGet(46)) - raft.server.log.statemachine.data.sync.timeout = 10s (default)
2023-03-15 06:53:11,114 [pool-869-thread-1] INFO  server.RaftServerConfigKeys (ConfUtils.java:logGet(46)) - raft.server.log.statemachine.data.sync.timeout.retry = -1 (default)
2023-03-15 06:53:11,119 [pool-869-thread-1] INFO  server.RaftServerConfigKeys (ConfUtils.java:logGet(46)) - raft.server.log.write.buffer.size = 1048576 (custom)
2023-03-15 06:53:11,120 [pool-869-thread-1] INFO  server.RaftServerConfigKeys (ConfUtils.java:logGet(46)) - raft.server.log.appender.buffer.byte-limit = 33554432 (custom)
2023-03-15 06:53:11,127 [pool-869-thread-1] INFO  server.RaftServerConfigKeys (ConfUtils.java:logGet(46)) - raft.server.log.unsafe-flush.enabled = false (default)
2023-03-15 06:53:11,127 [pool-869-thread-1] INFO  server.RaftServerConfigKeys (ConfUtils.java:logGet(46)) - raft.server.log.async-flush.enabled = false (default)
2023-03-15 06:53:11,127 [pool-869-thread-1] INFO  server.RaftServerConfigKeys (ConfUtils.java:logGet(46)) - raft.server.log.statemachine.data.caching.enabled = true (custom)
2023-03-15 06:53:11,127 [Command processor thread] INFO  commandhandler.CreatePipelineCommandHandler (CreatePipelineCommandHandler.java:handle(113)) - Created Pipeline RATIS THREE PipelineID=d334167e-b948-4e6e-a1d2-27fd2424924e.
2023-03-15 06:53:11,127 [pool-869-thread-1] INFO  segmented.SegmentedRaftLogWorker (SegmentedRaftLogWorker.java:lambda$new$0(135)) - f5ffbb19-6856-4431-8ca7-ea850b755d28@group-90325CBA88A0-SegmentedRaftLogWorker: flushIndex: setUnconditionally 0 -> -1
2023-03-15 06:53:11,127 [pool-869-thread-1] INFO  segmented.SegmentedRaftLogWorker (SegmentedRaftLogWorker.java:lambda$new$0(135)) - f5ffbb19-6856-4431-8ca7-ea850b755d28@group-90325CBA88A0-SegmentedRaftLogWorker: safeCacheEvictIndex: setUnconditionally 0 -> -1
2023-03-15 06:53:11,127 [pool-869-thread-1] INFO  server.RaftServer$Division (RaftServerImpl.java:start(334)) - f5ffbb19-6856-4431-8ca7-ea850b755d28@group-90325CBA88A0: start as a follower, conf=-1: peers:[f5ffbb19-6856-4431-8ca7-ea850b755d28|rpc:10.1.0.130:37227|dataStream:10.1.0.130:42395|priority:1|startupRole:FOLLOWER]|listeners:[], old=null
2023-03-15 06:53:11,127 [pool-869-thread-1] INFO  server.RaftServer$Division (RaftServerImpl.java:setRole(321)) - f5ffbb19-6856-4431-8ca7-ea850b755d28@group-90325CBA88A0: changes role from      null to FOLLOWER at term 0 for startAsFollower
2023-03-15 06:53:11,127 [pool-869-thread-1] INFO  impl.RoleInfo (RoleInfo.java:updateAndGet(139)) - f5ffbb19-6856-4431-8ca7-ea850b755d28: start f5ffbb19-6856-4431-8ca7-ea850b755d28@group-90325CBA88A0-FollowerState
2023-03-15 06:53:11,130 [pool-869-thread-1] INFO  util.JmxRegister (JmxRegister.java:tryRegister(44)) - Successfully registered JMX Bean with object name Ratis:service=RaftServer,group=group-90325CBA88A0,id=f5ffbb19-6856-4431-8ca7-ea850b755d28
2023-03-15 06:53:11,130 [pool-869-thread-1] INFO  server.RaftServerConfigKeys (ConfUtils.java:logGet(46)) - raft.server.snapshot.auto.trigger.enabled = true (custom)
2023-03-15 06:53:11,130 [pool-869-thread-1] INFO  server.RaftServerConfigKeys (ConfUtils.java:logGet(46)) - raft.server.snapshot.auto.trigger.threshold = 10000 (custom)
2023-03-15 06:53:11,130 [pool-869-thread-1] INFO  server.RaftServerConfigKeys (ConfUtils.java:logGet(46)) - raft.server.snapshot.retention.file.num = 5 (custom)
2023-03-15 06:53:11,130 [pool-869-thread-1] INFO  server.RaftServerConfigKeys (ConfUtils.java:logGet(46)) - raft.server.log.purge.upto.snapshot.index = false (default)
2023-03-15 06:53:11,131 [f5ffbb19-6856-4431-8ca7-ea850b755d28@group-90325CBA88A0-FollowerState] INFO  server.RaftServerConfigKeys (ConfUtils.java:logFallback(53)) - raft.server.rpc.first-election.timeout.min = 5s (fallback to raft.server.rpc.timeout.min)
2023-03-15 06:53:11,131 [f5ffbb19-6856-4431-8ca7-ea850b755d28@group-90325CBA88A0-FollowerState] INFO  server.RaftServerConfigKeys (ConfUtils.java:logFallback(53)) - raft.server.rpc.first-election.timeout.max = 5200ms (fallback to raft.server.rpc.timeout.max)
2023-03-15 06:53:11,131 [Command processor thread] INFO  ratis.XceiverServerRatis (XceiverServerRatis.java:addGroup(807)) - Created group PipelineID=99283544-3900-4360-bc8d-90325cba88a0
2023-03-15 06:53:11,131 [Command processor thread] INFO  commandhandler.CreatePipelineCommandHandler (CreatePipelineCommandHandler.java:handle(113)) - Created Pipeline RATIS ONE PipelineID=99283544-3900-4360-bc8d-90325cba88a0.
2023-03-15 06:53:12,065 [Listener at 127.0.0.1/33927] INFO  ozone.MiniOzoneClusterImpl (MiniOzoneClusterImpl.java:lambda$waitForClusterToBeReady$0(218)) - Nodes are ready. Got 3 of 3 DN Heartbeats.
2023-03-15 06:53:12,065 [Listener at 127.0.0.1/33927] INFO  ozone.MiniOzoneClusterImpl (MiniOzoneClusterImpl.java:lambda$waitForClusterToBeReady$0(221)) - Waiting for cluster to exit safe mode
2023-03-15 06:53:12,065 [Listener at 127.0.0.1/33927] INFO  ozone.MiniOzoneClusterImpl (MiniOzoneClusterImpl.java:lambda$waitForClusterToBeReady$0(223)) - SCM became leader
2023-03-15 06:53:13,066 [Listener at 127.0.0.1/33927] INFO  ozone.MiniOzoneClusterImpl (MiniOzoneClusterImpl.java:lambda$waitForClusterToBeReady$0(218)) - Nodes are ready. Got 3 of 3 DN Heartbeats.
2023-03-15 06:53:13,066 [Listener at 127.0.0.1/33927] INFO  ozone.MiniOzoneClusterImpl (MiniOzoneClusterImpl.java:lambda$waitForClusterToBeReady$0(221)) - Waiting for cluster to exit safe mode
2023-03-15 06:53:13,066 [Listener at 127.0.0.1/33927] INFO  ozone.MiniOzoneClusterImpl (MiniOzoneClusterImpl.java:lambda$waitForClusterToBeReady$0(223)) - SCM became leader
2023-03-15 06:53:14,066 [Listener at 127.0.0.1/33927] INFO  ozone.MiniOzoneClusterImpl (MiniOzoneClusterImpl.java:lambda$waitForClusterToBeReady$0(218)) - Nodes are ready. Got 3 of 3 DN Heartbeats.
2023-03-15 06:53:14,067 [Listener at 127.0.0.1/33927] INFO  ozone.MiniOzoneClusterImpl (MiniOzoneClusterImpl.java:lambda$waitForClusterToBeReady$0(221)) - Waiting for cluster to exit safe mode
2023-03-15 06:53:14,067 [Listener at 127.0.0.1/33927] INFO  ozone.MiniOzoneClusterImpl (MiniOzoneClusterImpl.java:lambda$waitForClusterToBeReady$0(223)) - SCM became leader
2023-03-15 06:53:15,067 [Listener at 127.0.0.1/33927] INFO  ozone.MiniOzoneClusterImpl (MiniOzoneClusterImpl.java:lambda$waitForClusterToBeReady$0(218)) - Nodes are ready. Got 3 of 3 DN Heartbeats.
2023-03-15 06:53:15,067 [Listener at 127.0.0.1/33927] INFO  ozone.MiniOzoneClusterImpl (MiniOzoneClusterImpl.java:lambda$waitForClusterToBeReady$0(221)) - Waiting for cluster to exit safe mode
2023-03-15 06:53:15,067 [Listener at 127.0.0.1/33927] INFO  ozone.MiniOzoneClusterImpl (MiniOzoneClusterImpl.java:lambda$waitForClusterToBeReady$0(223)) - SCM became leader
2023-03-15 06:53:15,359 [f5ffbb19-6856-4431-8ca7-ea850b755d28@group-F60420E2E8B9-FollowerState] INFO  impl.FollowerState (FollowerState.java:run(143)) - f5ffbb19-6856-4431-8ca7-ea850b755d28@group-F60420E2E8B9-FollowerState: change to CANDIDATE, lastRpcElapsedTime:5020692471ns, electionTimeout:5018ms
2023-03-15 06:53:15,359 [f5ffbb19-6856-4431-8ca7-ea850b755d28@group-F60420E2E8B9-FollowerState] INFO  impl.RoleInfo (RoleInfo.java:shutdownFollowerState(110)) - f5ffbb19-6856-4431-8ca7-ea850b755d28: shutdown f5ffbb19-6856-4431-8ca7-ea850b755d28@group-F60420E2E8B9-FollowerState
2023-03-15 06:53:15,359 [f5ffbb19-6856-4431-8ca7-ea850b755d28@group-F60420E2E8B9-FollowerState] INFO  server.RaftServer$Division (RaftServerImpl.java:setRole(321)) - f5ffbb19-6856-4431-8ca7-ea850b755d28@group-F60420E2E8B9: changes role from  FOLLOWER to CANDIDATE at term 0 for changeToCandidate
2023-03-15 06:53:15,359 [f5ffbb19-6856-4431-8ca7-ea850b755d28@group-F60420E2E8B9-FollowerState] INFO  server.RaftServerConfigKeys (ConfUtils.java:logGet(46)) - raft.server.leaderelection.pre-vote = true (default)
2023-03-15 06:53:15,359 [f5ffbb19-6856-4431-8ca7-ea850b755d28@group-F60420E2E8B9-FollowerState] INFO  impl.RoleInfo (RoleInfo.java:updateAndGet(139)) - f5ffbb19-6856-4431-8ca7-ea850b755d28: start f5ffbb19-6856-4431-8ca7-ea850b755d28@group-F60420E2E8B9-LeaderElection10
2023-03-15 06:53:15,362 [f5ffbb19-6856-4431-8ca7-ea850b755d28@group-F60420E2E8B9-LeaderElection10] INFO  impl.LeaderElection (LeaderElection.java:askForVotes(312)) - f5ffbb19-6856-4431-8ca7-ea850b755d28@group-F60420E2E8B9-LeaderElection10 PRE_VOTE round 0: submit vote requests at term 0 for -1: peers:[f5ffbb19-6856-4431-8ca7-ea850b755d28|rpc:10.1.0.130:37227|dataStream:10.1.0.130:42395|priority:0|startupRole:FOLLOWER, 0f19c1f7-7e7d-408b-8c95-b3dd1f9d1744|rpc:10.1.0.130:40449|dataStream:10.1.0.130:46071|priority:1|startupRole:FOLLOWER, ec6086c2-fc50-413c-afc3-6eccceec3a30|rpc:10.1.0.130:34497|dataStream:10.1.0.130:39119|priority:0|startupRole:FOLLOWER]|listeners:[], old=null
2023-03-15 06:53:15,363 [f5ffbb19-6856-4431-8ca7-ea850b755d28@group-F60420E2E8B9-LeaderElection10] INFO  server.RaftServerConfigKeys (ConfUtils.java:logFallback(53)) - raft.server.rpc.first-election.timeout.min = 5s (fallback to raft.server.rpc.timeout.min)
2023-03-15 06:53:15,363 [f5ffbb19-6856-4431-8ca7-ea850b755d28@group-F60420E2E8B9-LeaderElection10-1] INFO  server.GrpcServerProtocolClient (GrpcServerProtocolClient.java:<init>(63)) - Build channel for 0f19c1f7-7e7d-408b-8c95-b3dd1f9d1744
2023-03-15 06:53:15,363 [f5ffbb19-6856-4431-8ca7-ea850b755d28@group-F60420E2E8B9-LeaderElection10] INFO  server.RaftServerConfigKeys (ConfUtils.java:logFallback(53)) - raft.server.rpc.first-election.timeout.max = 5200ms (fallback to raft.server.rpc.timeout.max)
2023-03-15 06:53:15,363 [f5ffbb19-6856-4431-8ca7-ea850b755d28@group-F60420E2E8B9-LeaderElection10-2] INFO  server.GrpcServerProtocolClient (GrpcServerProtocolClient.java:<init>(63)) - Build channel for ec6086c2-fc50-413c-afc3-6eccceec3a30
2023-03-15 06:53:15,373 [grpc-default-executor-2] INFO  server.RaftServer$Division (RaftServerImpl.java:requestVote(1218)) - 0f19c1f7-7e7d-408b-8c95-b3dd1f9d1744@group-F60420E2E8B9: receive requestVote(PRE_VOTE, f5ffbb19-6856-4431-8ca7-ea850b755d28, group-F60420E2E8B9, 0, (t:0, i:0))
2023-03-15 06:53:15,373 [grpc-default-executor-2] INFO  impl.VoteContext (VoteContext.java:log(49)) - 0f19c1f7-7e7d-408b-8c95-b3dd1f9d1744@group-F60420E2E8B9-FOLLOWER: reject PRE_VOTE from f5ffbb19-6856-4431-8ca7-ea850b755d28: our priority 1 > candidate's priority 0
2023-03-15 06:53:15,373 [grpc-default-executor-2] INFO  server.RaftServer$Division (RaftServerImpl.java:requestVote(1251)) - 0f19c1f7-7e7d-408b-8c95-b3dd1f9d1744@group-F60420E2E8B9 replies to PRE_VOTE vote request: f5ffbb19-6856-4431-8ca7-ea850b755d28<-0f19c1f7-7e7d-408b-8c95-b3dd1f9d1744#0:FAIL-t0. Peer's state: 0f19c1f7-7e7d-408b-8c95-b3dd1f9d1744@group-F60420E2E8B9:t0, leader=null, voted=, raftlog=Memoized:0f19c1f7-7e7d-408b-8c95-b3dd1f9d1744@group-F60420E2E8B9-SegmentedRaftLog:OPENED:c-1, conf=-1: peers:[f5ffbb19-6856-4431-8ca7-ea850b755d28|rpc:10.1.0.130:37227|dataStream:10.1.0.130:42395|priority:0|startupRole:FOLLOWER, 0f19c1f7-7e7d-408b-8c95-b3dd1f9d1744|rpc:10.1.0.130:40449|dataStream:10.1.0.130:46071|priority:1|startupRole:FOLLOWER, ec6086c2-fc50-413c-afc3-6eccceec3a30|rpc:10.1.0.130:34497|dataStream:10.1.0.130:39119|priority:0|startupRole:FOLLOWER]|listeners:[], old=null
2023-03-15 06:53:15,375 [f5ffbb19-6856-4431-8ca7-ea850b755d28@group-F60420E2E8B9-LeaderElection10] INFO  impl.LeaderElection (LeaderElection.java:logAndReturn(90)) - f5ffbb19-6856-4431-8ca7-ea850b755d28@group-F60420E2E8B9-LeaderElection10: PRE_VOTE REJECTED received 1 response(s) and 0 exception(s):
2023-03-15 06:53:15,375 [f5ffbb19-6856-4431-8ca7-ea850b755d28@group-F60420E2E8B9-LeaderElection10] INFO  impl.LeaderElection (LeaderElection.java:logAndReturn(94)) -   Response 0: f5ffbb19-6856-4431-8ca7-ea850b755d28<-0f19c1f7-7e7d-408b-8c95-b3dd1f9d1744#0:FAIL-t0
2023-03-15 06:53:15,375 [f5ffbb19-6856-4431-8ca7-ea850b755d28@group-F60420E2E8B9-LeaderElection10] INFO  impl.LeaderElection (LeaderElection.java:askForVotes(314)) - f5ffbb19-6856-4431-8ca7-ea850b755d28@group-F60420E2E8B9-LeaderElection10 PRE_VOTE round 0: result REJECTED
2023-03-15 06:53:15,376 [f5ffbb19-6856-4431-8ca7-ea850b755d28@group-F60420E2E8B9-LeaderElection10] INFO  server.RaftServer$Division (RaftServerImpl.java:setRole(321)) - f5ffbb19-6856-4431-8ca7-ea850b755d28@group-F60420E2E8B9: changes role from CANDIDATE to FOLLOWER at term 0 for REJECTED
2023-03-15 06:53:15,376 [f5ffbb19-6856-4431-8ca7-ea850b755d28@group-F60420E2E8B9-LeaderElection10] INFO  impl.RoleInfo (RoleInfo.java:shutdownLeaderElection(130)) - f5ffbb19-6856-4431-8ca7-ea850b755d28: shutdown f5ffbb19-6856-4431-8ca7-ea850b755d28@group-F60420E2E8B9-LeaderElection10
2023-03-15 06:53:15,376 [f5ffbb19-6856-4431-8ca7-ea850b755d28@group-F60420E2E8B9-LeaderElection10] INFO  impl.RoleInfo (RoleInfo.java:updateAndGet(139)) - f5ffbb19-6856-4431-8ca7-ea850b755d28: start f5ffbb19-6856-4431-8ca7-ea850b755d28@group-F60420E2E8B9-FollowerState
2023-03-15 06:53:15,376 [f5ffbb19-6856-4431-8ca7-ea850b755d28@group-F60420E2E8B9-FollowerState] INFO  server.RaftServerConfigKeys (ConfUtils.java:logFallback(53)) - raft.server.rpc.first-election.timeout.min = 5s (fallback to raft.server.rpc.timeout.min)
2023-03-15 06:53:15,382 [f5ffbb19-6856-4431-8ca7-ea850b755d28@group-F60420E2E8B9-FollowerState] INFO  server.RaftServerConfigKeys (ConfUtils.java:logFallback(53)) - raft.server.rpc.first-election.timeout.max = 5200ms (fallback to raft.server.rpc.timeout.max)
2023-03-15 06:53:15,387 [grpc-default-executor-2] INFO  server.RaftServer$Division (RaftServerImpl.java:requestVote(1218)) - ec6086c2-fc50-413c-afc3-6eccceec3a30@group-F60420E2E8B9: receive requestVote(PRE_VOTE, f5ffbb19-6856-4431-8ca7-ea850b755d28, group-F60420E2E8B9, 0, (t:0, i:0))
2023-03-15 06:53:15,387 [grpc-default-executor-2] INFO  impl.VoteContext (VoteContext.java:log(49)) - ec6086c2-fc50-413c-afc3-6eccceec3a30@group-F60420E2E8B9-FOLLOWER: accept PRE_VOTE from f5ffbb19-6856-4431-8ca7-ea850b755d28: our priority 0 <= candidate's priority 0
2023-03-15 06:53:15,388 [grpc-default-executor-2] INFO  server.RaftServer$Division (RaftServerImpl.java:requestVote(1251)) - ec6086c2-fc50-413c-afc3-6eccceec3a30@group-F60420E2E8B9 replies to PRE_VOTE vote request: f5ffbb19-6856-4431-8ca7-ea850b755d28<-ec6086c2-fc50-413c-afc3-6eccceec3a30#0:OK-t0. Peer's state: ec6086c2-fc50-413c-afc3-6eccceec3a30@group-F60420E2E8B9:t0, leader=null, voted=, raftlog=Memoized:ec6086c2-fc50-413c-afc3-6eccceec3a30@group-F60420E2E8B9-SegmentedRaftLog:OPENED:c-1, conf=-1: peers:[f5ffbb19-6856-4431-8ca7-ea850b755d28|rpc:10.1.0.130:37227|dataStream:10.1.0.130:42395|priority:0|startupRole:FOLLOWER, 0f19c1f7-7e7d-408b-8c95-b3dd1f9d1744|rpc:10.1.0.130:40449|dataStream:10.1.0.130:46071|priority:1|startupRole:FOLLOWER, ec6086c2-fc50-413c-afc3-6eccceec3a30|rpc:10.1.0.130:34497|dataStream:10.1.0.130:39119|priority:0|startupRole:FOLLOWER]|listeners:[], old=null
2023-03-15 06:53:15,394 [0f19c1f7-7e7d-408b-8c95-b3dd1f9d1744@group-F60420E2E8B9-FollowerState] INFO  impl.FollowerState (FollowerState.java:run(143)) - 0f19c1f7-7e7d-408b-8c95-b3dd1f9d1744@group-F60420E2E8B9-FollowerState: change to CANDIDATE, lastRpcElapsedTime:5095973357ns, electionTimeout:5086ms
2023-03-15 06:53:15,395 [0f19c1f7-7e7d-408b-8c95-b3dd1f9d1744@group-F60420E2E8B9-FollowerState] INFO  impl.RoleInfo (RoleInfo.java:shutdownFollowerState(110)) - 0f19c1f7-7e7d-408b-8c95-b3dd1f9d1744: shutdown 0f19c1f7-7e7d-408b-8c95-b3dd1f9d1744@group-F60420E2E8B9-FollowerState
2023-03-15 06:53:15,395 [0f19c1f7-7e7d-408b-8c95-b3dd1f9d1744@group-F60420E2E8B9-FollowerState] INFO  server.RaftServer$Division (RaftServerImpl.java:setRole(321)) - 0f19c1f7-7e7d-408b-8c95-b3dd1f9d1744@group-F60420E2E8B9: changes role from  FOLLOWER to CANDIDATE at term 0 for changeToCandidate
2023-03-15 06:53:15,395 [0f19c1f7-7e7d-408b-8c95-b3dd1f9d1744@group-F60420E2E8B9-FollowerState] INFO  server.RaftServerConfigKeys (ConfUtils.java:logGet(46)) - raft.server.leaderelection.pre-vote = true (default)
2023-03-15 06:53:15,395 [0f19c1f7-7e7d-408b-8c95-b3dd1f9d1744@group-F60420E2E8B9-FollowerState] INFO  impl.RoleInfo (RoleInfo.java:updateAndGet(139)) - 0f19c1f7-7e7d-408b-8c95-b3dd1f9d1744: start 0f19c1f7-7e7d-408b-8c95-b3dd1f9d1744@group-F60420E2E8B9-LeaderElection11
2023-03-15 06:53:15,400 [0f19c1f7-7e7d-408b-8c95-b3dd1f9d1744@group-F60420E2E8B9-LeaderElection11] INFO  impl.LeaderElection (LeaderElection.java:askForVotes(312)) - 0f19c1f7-7e7d-408b-8c95-b3dd1f9d1744@group-F60420E2E8B9-LeaderElection11 PRE_VOTE round 0: submit vote requests at term 0 for -1: peers:[f5ffbb19-6856-4431-8ca7-ea850b755d28|rpc:10.1.0.130:37227|dataStream:10.1.0.130:42395|priority:0|startupRole:FOLLOWER, 0f19c1f7-7e7d-408b-8c95-b3dd1f9d1744|rpc:10.1.0.130:40449|dataStream:10.1.0.130:46071|priority:1|startupRole:FOLLOWER, ec6086c2-fc50-413c-afc3-6eccceec3a30|rpc:10.1.0.130:34497|dataStream:10.1.0.130:39119|priority:0|startupRole:FOLLOWER]|listeners:[], old=null
2023-03-15 06:53:15,400 [0f19c1f7-7e7d-408b-8c95-b3dd1f9d1744@group-F60420E2E8B9-LeaderElection11-1] INFO  server.GrpcServerProtocolClient (GrpcServerProtocolClient.java:<init>(63)) - Build channel for f5ffbb19-6856-4431-8ca7-ea850b755d28
2023-03-15 06:53:15,405 [0f19c1f7-7e7d-408b-8c95-b3dd1f9d1744@group-F60420E2E8B9-LeaderElection11] INFO  server.RaftServerConfigKeys (ConfUtils.java:logFallback(53)) - raft.server.rpc.first-election.timeout.min = 5s (fallback to raft.server.rpc.timeout.min)
2023-03-15 06:53:15,405 [0f19c1f7-7e7d-408b-8c95-b3dd1f9d1744@group-F60420E2E8B9-LeaderElection11] INFO  server.RaftServerConfigKeys (ConfUtils.java:logFallback(53)) - raft.server.rpc.first-election.timeout.max = 5200ms (fallback to raft.server.rpc.timeout.max)
2023-03-15 06:53:15,409 [grpc-default-executor-2] INFO  server.RaftServer$Division (RaftServerImpl.java:requestVote(1218)) - f5ffbb19-6856-4431-8ca7-ea850b755d28@group-F60420E2E8B9: receive requestVote(PRE_VOTE, 0f19c1f7-7e7d-408b-8c95-b3dd1f9d1744, group-F60420E2E8B9, 0, (t:0, i:0))
2023-03-15 06:53:15,409 [grpc-default-executor-2] INFO  impl.VoteContext (VoteContext.java:log(49)) - f5ffbb19-6856-4431-8ca7-ea850b755d28@group-F60420E2E8B9-FOLLOWER: accept PRE_VOTE from 0f19c1f7-7e7d-408b-8c95-b3dd1f9d1744: our priority 0 <= candidate's priority 1
2023-03-15 06:53:15,409 [grpc-default-executor-2] INFO  server.RaftServer$Division (RaftServerImpl.java:requestVote(1251)) - f5ffbb19-6856-4431-8ca7-ea850b755d28@group-F60420E2E8B9 replies to PRE_VOTE vote request: 0f19c1f7-7e7d-408b-8c95-b3dd1f9d1744<-f5ffbb19-6856-4431-8ca7-ea850b755d28#0:OK-t0. Peer's state: f5ffbb19-6856-4431-8ca7-ea850b755d28@group-F60420E2E8B9:t0, leader=null, voted=, raftlog=Memoized:f5ffbb19-6856-4431-8ca7-ea850b755d28@group-F60420E2E8B9-SegmentedRaftLog:OPENED:c-1, conf=-1: peers:[f5ffbb19-6856-4431-8ca7-ea850b755d28|rpc:10.1.0.130:37227|dataStream:10.1.0.130:42395|priority:0|startupRole:FOLLOWER, 0f19c1f7-7e7d-408b-8c95-b3dd1f9d1744|rpc:10.1.0.130:40449|dataStream:10.1.0.130:46071|priority:1|startupRole:FOLLOWER, ec6086c2-fc50-413c-afc3-6eccceec3a30|rpc:10.1.0.130:34497|dataStream:10.1.0.130:39119|priority:0|startupRole:FOLLOWER]|listeners:[], old=null
2023-03-15 06:53:15,410 [0f19c1f7-7e7d-408b-8c95-b3dd1f9d1744@group-F60420E2E8B9-LeaderElection11-2] INFO  server.GrpcServerProtocolClient (GrpcServerProtocolClient.java:<init>(63)) - Build channel for ec6086c2-fc50-413c-afc3-6eccceec3a30
2023-03-15 06:53:15,412 [0f19c1f7-7e7d-408b-8c95-b3dd1f9d1744@group-F60420E2E8B9-LeaderElection11] INFO  impl.LeaderElection (LeaderElection.java:logAndReturn(90)) - 0f19c1f7-7e7d-408b-8c95-b3dd1f9d1744@group-F60420E2E8B9-LeaderElection11: PRE_VOTE PASSED received 1 response(s) and 0 exception(s):
2023-03-15 06:53:15,413 [0f19c1f7-7e7d-408b-8c95-b3dd1f9d1744@group-F60420E2E8B9-LeaderElection11] INFO  impl.LeaderElection (LeaderElection.java:logAndReturn(94)) -   Response 0: 0f19c1f7-7e7d-408b-8c95-b3dd1f9d1744<-f5ffbb19-6856-4431-8ca7-ea850b755d28#0:OK-t0
2023-03-15 06:53:15,413 [0f19c1f7-7e7d-408b-8c95-b3dd1f9d1744@group-F60420E2E8B9-LeaderElection11] INFO  impl.LeaderElection (LeaderElection.java:askForVotes(314)) - 0f19c1f7-7e7d-408b-8c95-b3dd1f9d1744@group-F60420E2E8B9-LeaderElection11 PRE_VOTE round 0: result PASSED
2023-03-15 06:53:15,420 [grpc-default-executor-2] INFO  server.RaftServer$Division (RaftServerImpl.java:requestVote(1218)) - ec6086c2-fc50-413c-afc3-6eccceec3a30@group-F60420E2E8B9: receive requestVote(PRE_VOTE, 0f19c1f7-7e7d-408b-8c95-b3dd1f9d1744, group-F60420E2E8B9, 0, (t:0, i:0))
2023-03-15 06:53:15,421 [grpc-default-executor-2] INFO  impl.VoteContext (VoteContext.java:log(49)) - ec6086c2-fc50-413c-afc3-6eccceec3a30@group-F60420E2E8B9-FOLLOWER: accept PRE_VOTE from 0f19c1f7-7e7d-408b-8c95-b3dd1f9d1744: our priority 0 <= candidate's priority 1
2023-03-15 06:53:15,421 [grpc-default-executor-2] INFO  server.RaftServer$Division (RaftServerImpl.java:requestVote(1251)) - ec6086c2-fc50-413c-afc3-6eccceec3a30@group-F60420E2E8B9 replies to PRE_VOTE vote request: 0f19c1f7-7e7d-408b-8c95-b3dd1f9d1744<-ec6086c2-fc50-413c-afc3-6eccceec3a30#0:OK-t0. Peer's state: ec6086c2-fc50-413c-afc3-6eccceec3a30@group-F60420E2E8B9:t0, leader=null, voted=, raftlog=Memoized:ec6086c2-fc50-413c-afc3-6eccceec3a30@group-F60420E2E8B9-SegmentedRaftLog:OPENED:c-1, conf=-1: peers:[f5ffbb19-6856-4431-8ca7-ea850b755d28|rpc:10.1.0.130:37227|dataStream:10.1.0.130:42395|priority:0|startupRole:FOLLOWER, 0f19c1f7-7e7d-408b-8c95-b3dd1f9d1744|rpc:10.1.0.130:40449|dataStream:10.1.0.130:46071|priority:1|startupRole:FOLLOWER, ec6086c2-fc50-413c-afc3-6eccceec3a30|rpc:10.1.0.130:34497|dataStream:10.1.0.130:39119|priority:0|startupRole:FOLLOWER]|listeners:[], old=null
2023-03-15 06:53:15,422 [0f19c1f7-7e7d-408b-8c95-b3dd1f9d1744@group-F60420E2E8B9-LeaderElection11] INFO  impl.LeaderElection (LeaderElection.java:askForVotes(312)) - 0f19c1f7-7e7d-408b-8c95-b3dd1f9d1744@group-F60420E2E8B9-LeaderElection11 ELECTION round 0: submit vote requests at term 1 for -1: peers:[f5ffbb19-6856-4431-8ca7-ea850b755d28|rpc:10.1.0.130:37227|dataStream:10.1.0.130:42395|priority:0|startupRole:FOLLOWER, 0f19c1f7-7e7d-408b-8c95-b3dd1f9d1744|rpc:10.1.0.130:40449|dataStream:10.1.0.130:46071|priority:1|startupRole:FOLLOWER, ec6086c2-fc50-413c-afc3-6eccceec3a30|rpc:10.1.0.130:34497|dataStream:10.1.0.130:39119|priority:0|startupRole:FOLLOWER]|listeners:[], old=null
2023-03-15 06:53:15,432 [0f19c1f7-7e7d-408b-8c95-b3dd1f9d1744@group-F60420E2E8B9-LeaderElection11] INFO  server.RaftServerConfigKeys (ConfUtils.java:logFallback(53)) - raft.server.rpc.first-election.timeout.min = 5s (fallback to raft.server.rpc.timeout.min)
2023-03-15 06:53:15,432 [0f19c1f7-7e7d-408b-8c95-b3dd1f9d1744@group-F60420E2E8B9-LeaderElection11] INFO  server.RaftServerConfigKeys (ConfUtils.java:logFallback(53)) - raft.server.rpc.first-election.timeout.max = 5200ms (fallback to raft.server.rpc.timeout.max)
2023-03-15 06:53:15,432 [grpc-default-executor-2] INFO  server.RaftServer$Division (RaftServerImpl.java:requestVote(1218)) - f5ffbb19-6856-4431-8ca7-ea850b755d28@group-F60420E2E8B9: receive requestVote(ELECTION, 0f19c1f7-7e7d-408b-8c95-b3dd1f9d1744, group-F60420E2E8B9, 1, (t:0, i:0))
2023-03-15 06:53:15,432 [grpc-default-executor-2] INFO  impl.VoteContext (VoteContext.java:log(49)) - f5ffbb19-6856-4431-8ca7-ea850b755d28@group-F60420E2E8B9-FOLLOWER: accept ELECTION from 0f19c1f7-7e7d-408b-8c95-b3dd1f9d1744: our priority 0 <= candidate's priority 1
2023-03-15 06:53:15,432 [grpc-default-executor-2] INFO  server.RaftServer$Division (RaftServerImpl.java:setRole(321)) - f5ffbb19-6856-4431-8ca7-ea850b755d28@group-F60420E2E8B9: changes role from  FOLLOWER to FOLLOWER at term 1 for candidate:0f19c1f7-7e7d-408b-8c95-b3dd1f9d1744
2023-03-15 06:53:15,432 [grpc-default-executor-2] INFO  impl.RoleInfo (RoleInfo.java:shutdownFollowerState(110)) - f5ffbb19-6856-4431-8ca7-ea850b755d28: shutdown f5ffbb19-6856-4431-8ca7-ea850b755d28@group-F60420E2E8B9-FollowerState
2023-03-15 06:53:15,433 [grpc-default-executor-2] INFO  impl.RoleInfo (RoleInfo.java:updateAndGet(139)) - f5ffbb19-6856-4431-8ca7-ea850b755d28: start f5ffbb19-6856-4431-8ca7-ea850b755d28@group-F60420E2E8B9-FollowerState
2023-03-15 06:53:15,433 [f5ffbb19-6856-4431-8ca7-ea850b755d28@group-F60420E2E8B9-FollowerState] INFO  impl.FollowerState (FollowerState.java:run(152)) - f5ffbb19-6856-4431-8ca7-ea850b755d28@group-F60420E2E8B9-FollowerState was interrupted
2023-03-15 06:53:15,435 [ec6086c2-fc50-413c-afc3-6eccceec3a30@group-F60420E2E8B9-FollowerState] INFO  server.RaftServerConfigKeys (ConfUtils.java:logFallback(53)) - raft.server.rpc.first-election.timeout.min = 5s (fallback to raft.server.rpc.timeout.min)
2023-03-15 06:53:15,435 [ec6086c2-fc50-413c-afc3-6eccceec3a30@group-F60420E2E8B9-FollowerState] INFO  server.RaftServerConfigKeys (ConfUtils.java:logFallback(53)) - raft.server.rpc.first-election.timeout.max = 5200ms (fallback to raft.server.rpc.timeout.max)
2023-03-15 06:53:15,435 [grpc-default-executor-7] INFO  server.RaftServer$Division (RaftServerImpl.java:requestVote(1218)) - ec6086c2-fc50-413c-afc3-6eccceec3a30@group-F60420E2E8B9: receive requestVote(ELECTION, 0f19c1f7-7e7d-408b-8c95-b3dd1f9d1744, group-F60420E2E8B9, 1, (t:0, i:0))
2023-03-15 06:53:15,436 [grpc-default-executor-7] INFO  impl.VoteContext (VoteContext.java:log(49)) - ec6086c2-fc50-413c-afc3-6eccceec3a30@group-F60420E2E8B9-FOLLOWER: accept ELECTION from 0f19c1f7-7e7d-408b-8c95-b3dd1f9d1744: our priority 0 <= candidate's priority 1
2023-03-15 06:53:15,436 [grpc-default-executor-7] INFO  server.RaftServer$Division (RaftServerImpl.java:setRole(321)) - ec6086c2-fc50-413c-afc3-6eccceec3a30@group-F60420E2E8B9: changes role from  FOLLOWER to FOLLOWER at term 1 for candidate:0f19c1f7-7e7d-408b-8c95-b3dd1f9d1744
2023-03-15 06:53:15,436 [grpc-default-executor-7] INFO  impl.RoleInfo (RoleInfo.java:shutdownFollowerState(110)) - ec6086c2-fc50-413c-afc3-6eccceec3a30: shutdown ec6086c2-fc50-413c-afc3-6eccceec3a30@group-F60420E2E8B9-FollowerState
2023-03-15 06:53:15,436 [grpc-default-executor-7] INFO  impl.RoleInfo (RoleInfo.java:updateAndGet(139)) - ec6086c2-fc50-413c-afc3-6eccceec3a30: start ec6086c2-fc50-413c-afc3-6eccceec3a30@group-F60420E2E8B9-FollowerState
2023-03-15 06:53:15,436 [ec6086c2-fc50-413c-afc3-6eccceec3a30@group-F60420E2E8B9-FollowerState] INFO  impl.FollowerState (FollowerState.java:run(152)) - ec6086c2-fc50-413c-afc3-6eccceec3a30@group-F60420E2E8B9-FollowerState was interrupted
2023-03-15 06:53:15,436 [grpc-default-executor-2] INFO  server.RaftServer$Division (RaftServerImpl.java:requestVote(1251)) - f5ffbb19-6856-4431-8ca7-ea850b755d28@group-F60420E2E8B9 replies to ELECTION vote request: 0f19c1f7-7e7d-408b-8c95-b3dd1f9d1744<-f5ffbb19-6856-4431-8ca7-ea850b755d28#0:OK-t1. Peer's state: f5ffbb19-6856-4431-8ca7-ea850b755d28@group-F60420E2E8B9:t1, leader=null, voted=0f19c1f7-7e7d-408b-8c95-b3dd1f9d1744, raftlog=Memoized:f5ffbb19-6856-4431-8ca7-ea850b755d28@group-F60420E2E8B9-SegmentedRaftLog:OPENED:c-1, conf=-1: peers:[f5ffbb19-6856-4431-8ca7-ea850b755d28|rpc:10.1.0.130:37227|dataStream:10.1.0.130:42395|priority:0|startupRole:FOLLOWER, 0f19c1f7-7e7d-408b-8c95-b3dd1f9d1744|rpc:10.1.0.130:40449|dataStream:10.1.0.130:46071|priority:1|startupRole:FOLLOWER, ec6086c2-fc50-413c-afc3-6eccceec3a30|rpc:10.1.0.130:34497|dataStream:10.1.0.130:39119|priority:0|startupRole:FOLLOWER]|listeners:[], old=null
2023-03-15 06:53:15,437 [f5ffbb19-6856-4431-8ca7-ea850b755d28@group-F60420E2E8B9-FollowerState] INFO  server.RaftServerConfigKeys (ConfUtils.java:logFallback(53)) - raft.server.rpc.first-election.timeout.min = 5s (fallback to raft.server.rpc.timeout.min)
2023-03-15 06:53:15,437 [f5ffbb19-6856-4431-8ca7-ea850b755d28@group-F60420E2E8B9-FollowerState] INFO  server.RaftServerConfigKeys (ConfUtils.java:logFallback(53)) - raft.server.rpc.first-election.timeout.max = 5200ms (fallback to raft.server.rpc.timeout.max)
2023-03-15 06:53:15,439 [grpc-default-executor-7] INFO  server.RaftServer$Division (RaftServerImpl.java:requestVote(1251)) - ec6086c2-fc50-413c-afc3-6eccceec3a30@group-F60420E2E8B9 replies to ELECTION vote request: 0f19c1f7-7e7d-408b-8c95-b3dd1f9d1744<-ec6086c2-fc50-413c-afc3-6eccceec3a30#0:OK-t1. Peer's state: ec6086c2-fc50-413c-afc3-6eccceec3a30@group-F60420E2E8B9:t1, leader=null, voted=0f19c1f7-7e7d-408b-8c95-b3dd1f9d1744, raftlog=Memoized:ec6086c2-fc50-413c-afc3-6eccceec3a30@group-F60420E2E8B9-SegmentedRaftLog:OPENED:c-1, conf=-1: peers:[f5ffbb19-6856-4431-8ca7-ea850b755d28|rpc:10.1.0.130:37227|dataStream:10.1.0.130:42395|priority:0|startupRole:FOLLOWER, 0f19c1f7-7e7d-408b-8c95-b3dd1f9d1744|rpc:10.1.0.130:40449|dataStream:10.1.0.130:46071|priority:1|startupRole:FOLLOWER, ec6086c2-fc50-413c-afc3-6eccceec3a30|rpc:10.1.0.130:34497|dataStream:10.1.0.130:39119|priority:0|startupRole:FOLLOWER]|listeners:[], old=null
2023-03-15 06:53:15,440 [0f19c1f7-7e7d-408b-8c95-b3dd1f9d1744@group-F60420E2E8B9-LeaderElection11] INFO  impl.LeaderElection (LeaderElection.java:logAndReturn(90)) - 0f19c1f7-7e7d-408b-8c95-b3dd1f9d1744@group-F60420E2E8B9-LeaderElection11: ELECTION PASSED received 1 response(s) and 0 exception(s):
2023-03-15 06:53:15,440 [0f19c1f7-7e7d-408b-8c95-b3dd1f9d1744@group-F60420E2E8B9-LeaderElection11] INFO  impl.LeaderElection (LeaderElection.java:logAndReturn(94)) -   Response 0: 0f19c1f7-7e7d-408b-8c95-b3dd1f9d1744<-f5ffbb19-6856-4431-8ca7-ea850b755d28#0:OK-t1
2023-03-15 06:53:15,441 [0f19c1f7-7e7d-408b-8c95-b3dd1f9d1744@group-F60420E2E8B9-LeaderElection11] INFO  impl.LeaderElection (LeaderElection.java:askForVotes(314)) - 0f19c1f7-7e7d-408b-8c95-b3dd1f9d1744@group-F60420E2E8B9-LeaderElection11 ELECTION round 0: result PASSED
2023-03-15 06:53:15,441 [0f19c1f7-7e7d-408b-8c95-b3dd1f9d1744@group-F60420E2E8B9-LeaderElection11] INFO  impl.RoleInfo (RoleInfo.java:shutdownLeaderElection(130)) - 0f19c1f7-7e7d-408b-8c95-b3dd1f9d1744: shutdown 0f19c1f7-7e7d-408b-8c95-b3dd1f9d1744@group-F60420E2E8B9-LeaderElection11
2023-03-15 06:53:15,441 [0f19c1f7-7e7d-408b-8c95-b3dd1f9d1744@group-F60420E2E8B9-LeaderElection11] INFO  server.RaftServer$Division (RaftServerImpl.java:setRole(321)) - 0f19c1f7-7e7d-408b-8c95-b3dd1f9d1744@group-F60420E2E8B9: changes role from CANDIDATE to LEADER at term 1 for changeToLeader
2023-03-15 06:53:15,441 [0f19c1f7-7e7d-408b-8c95-b3dd1f9d1744@group-F60420E2E8B9-LeaderElection11] INFO  ratis.XceiverServerRatis (XceiverServerRatis.java:handleLeaderChangedNotification(905)) - Leader change notification received for group: group-F60420E2E8B9 with new leaderId: 0f19c1f7-7e7d-408b-8c95-b3dd1f9d1744
2023-03-15 06:53:15,442 [0f19c1f7-7e7d-408b-8c95-b3dd1f9d1744@group-0319347A5C62-FollowerState] INFO  impl.FollowerState (FollowerState.java:run(143)) - 0f19c1f7-7e7d-408b-8c95-b3dd1f9d1744@group-0319347A5C62-FollowerState: change to CANDIDATE, lastRpcElapsedTime:5171149138ns, electionTimeout:5166ms
2023-03-15 06:53:15,442 [0f19c1f7-7e7d-408b-8c95-b3dd1f9d1744@group-0319347A5C62-FollowerState] INFO  impl.RoleInfo (RoleInfo.java:shutdownFollowerState(110)) - 0f19c1f7-7e7d-408b-8c95-b3dd1f9d1744: shutdown 0f19c1f7-7e7d-408b-8c95-b3dd1f9d1744@group-0319347A5C62-FollowerState
2023-03-15 06:53:15,442 [0f19c1f7-7e7d-408b-8c95-b3dd1f9d1744@group-0319347A5C62-FollowerState] INFO  server.RaftServer$Division (RaftServerImpl.java:setRole(321)) - 0f19c1f7-7e7d-408b-8c95-b3dd1f9d1744@group-0319347A5C62: changes role from  FOLLOWER to CANDIDATE at term 0 for changeToCandidate
2023-03-15 06:53:15,442 [0f19c1f7-7e7d-408b-8c95-b3dd1f9d1744@group-0319347A5C62-FollowerState] INFO  server.RaftServerConfigKeys (ConfUtils.java:logGet(46)) - raft.server.leaderelection.pre-vote = true (default)
2023-03-15 06:53:15,442 [0f19c1f7-7e7d-408b-8c95-b3dd1f9d1744@group-0319347A5C62-FollowerState] INFO  impl.RoleInfo (RoleInfo.java:updateAndGet(139)) - 0f19c1f7-7e7d-408b-8c95-b3dd1f9d1744: start 0f19c1f7-7e7d-408b-8c95-b3dd1f9d1744@group-0319347A5C62-LeaderElection12
2023-03-15 06:53:15,442 [0f19c1f7-7e7d-408b-8c95-b3dd1f9d1744@group-F60420E2E8B9-LeaderElection11] INFO  server.RaftServer$Division (ServerState.java:setLeader(313)) - 0f19c1f7-7e7d-408b-8c95-b3dd1f9d1744@group-F60420E2E8B9: change Leader from null to 0f19c1f7-7e7d-408b-8c95-b3dd1f9d1744 at term 1 for becomeLeader, leader elected after 5160ms
2023-03-15 06:53:15,442 [0f19c1f7-7e7d-408b-8c95-b3dd1f9d1744@group-F60420E2E8B9-LeaderElection11] INFO  server.RaftServerConfigKeys (ConfUtils.java:logGet(46)) - raft.server.staging.catchup.gap = 1000 (default)
2023-03-15 06:53:15,442 [ec6086c2-fc50-413c-afc3-6eccceec3a30@group-F60420E2E8B9-FollowerState] INFO  server.RaftServerConfigKeys (ConfUtils.java:logFallback(53)) - raft.server.rpc.first-election.timeout.min = 5s (fallback to raft.server.rpc.timeout.min)
2023-03-15 06:53:15,442 [ec6086c2-fc50-413c-afc3-6eccceec3a30@group-F60420E2E8B9-FollowerState] INFO  server.RaftServerConfigKeys (ConfUtils.java:logFallback(53)) - raft.server.rpc.first-election.timeout.max = 5200ms (fallback to raft.server.rpc.timeout.max)
2023-03-15 06:53:15,443 [EventQueue-PipelineReportForPipelineReportHandler] INFO  pipeline.PipelineManagerImpl (PipelineManagerImpl.java:openPipeline(367)) - Pipeline Pipeline[ Id: c38fd8d9-9d64-4a55-a2f3-f60420e2e8b9, Nodes: f5ffbb19-6856-4431-8ca7-ea850b755d28(fv-az210-452.jgpbknbp5ljuxny3rrcz4t2bbd.bx.internal.cloudapp.net/10.1.0.130)ec6086c2-fc50-413c-afc3-6eccceec3a30(fv-az210-452.jgpbknbp5ljuxny3rrcz4t2bbd.bx.internal.cloudapp.net/10.1.0.130)0f19c1f7-7e7d-408b-8c95-b3dd1f9d1744(fv-az210-452.jgpbknbp5ljuxny3rrcz4t2bbd.bx.internal.cloudapp.net/10.1.0.130), ReplicationConfig: RATIS/THREE, State:ALLOCATED, leaderId:0f19c1f7-7e7d-408b-8c95-b3dd1f9d1744, CreationTimestamp2023-03-15T06:53:08.056Z[Etc/UTC]] moved to OPEN state
2023-03-15 06:53:15,443 [EventQueue-OpenPipelineForHealthyPipelineSafeModeRule] INFO  safemode.SCMSafeModeManager (HealthyPipelineSafeModeRule.java:process(137)) - SCM in safe mode. Healthy pipelines reported count is 0, required healthy pipeline reported count is 1
2023-03-15 06:53:15,444 [EventQueue-OpenPipelineForHealthyPipelineSafeModeRule] INFO  safemode.SCMSafeModeManager (HealthyPipelineSafeModeRule.java:process(137)) - SCM in safe mode. Healthy pipelines reported count is 1, required healthy pipeline reported count is 1
2023-03-15 06:53:15,444 [EventQueue-OpenPipelineForHealthyPipelineSafeModeRule] INFO  safemode.SCMSafeModeManager (SCMSafeModeManager.java:validateSafeModeExitRules(200)) - HealthyPipelineSafeModeRule rule is successfully validated
2023-03-15 06:53:15,444 [EventQueue-OpenPipelineForHealthyPipelineSafeModeRule] INFO  safemode.SCMSafeModeManager (SCMSafeModeManager.java:validateSafeModeExitRules(215)) - ScmSafeModeManager, all rules are successfully validated
2023-03-15 06:53:15,444 [EventQueue-OpenPipelineForHealthyPipelineSafeModeRule] INFO  safemode.SCMSafeModeManager (SCMSafeModeManager.java:exitSafeMode(244)) - SCM exiting safe mode.
2023-03-15 06:53:15,444 [EventQueue-OpenPipelineForHealthyPipelineSafeModeRule] INFO  ha.SCMContext (SCMContext.java:updateSafeModeStatus(228)) - Update SafeModeStatus from SafeModeStatus{safeModeStatus=true, preCheckPassed=true} to SafeModeStatus{safeModeStatus=false, preCheckPassed=true}.
2023-03-15 06:53:15,444 [EventQueue-OpenPipelineForHealthyPipelineSafeModeRule] INFO  pipeline.BackgroundPipelineCreator (BackgroundPipelineCreator.java:notifyStatusChanged(254)) - Service BackgroundPipelineCreator transitions to RUNNING.
2023-03-15 06:53:15,444 [EventQueue-OpenPipelineForHealthyPipelineSafeModeRule] INFO  BackgroundPipelineScrubber (BackgroundSCMService.java:notifyStatusChanged(82)) - Service BackgroundPipelineScrubber transitions to RUNNING.
2023-03-15 06:53:15,444 [EventQueue-OpenPipelineForHealthyPipelineSafeModeRule] INFO  ExpiredContainerReplicaOpScrubber (BackgroundSCMService.java:notifyStatusChanged(82)) - Service ExpiredContainerReplicaOpScrubber transitions to RUNNING.
2023-03-15 06:53:15,444 [EventQueue-OpenPipelineForHealthyPipelineSafeModeRule] INFO  replication.ReplicationManager (ReplicationManager.java:notifyStatusChanged(1156)) - Service ReplicationManager transitions to RUNNING.
2023-03-15 06:53:15,444 [EventQueue-OpenPipelineForHealthyPipelineSafeModeRule] WARN  balancer.ContainerBalancer (ContainerBalancer.java:shouldRun(131)) - Could not find persisted configuration for ContainerBalancer when checking if ContainerBalancer should run. ContainerBalancer should not run now.
2023-03-15 06:53:15,454 [0f19c1f7-7e7d-408b-8c95-b3dd1f9d1744@group-F60420E2E8B9-LeaderElection11] INFO  server.RaftServerConfigKeys (ConfUtils.java:logGet(46)) - raft.server.write.element-limit = 1024 (custom)
2023-03-15 06:53:15,454 [0f19c1f7-7e7d-408b-8c95-b3dd1f9d1744@group-F60420E2E8B9-LeaderElection11] INFO  server.RaftServerConfigKeys (ConfUtils.java:logGet(46)) - raft.server.write.byte-limit = 1024 M (=1073741824) (custom)
2023-03-15 06:53:15,455 [0f19c1f7-7e7d-408b-8c95-b3dd1f9d1744@group-F60420E2E8B9-LeaderElection11] INFO  server.RaftServerConfigKeys (ConfUtils.java:logGet(46)) - raft.server.watch.timeout = 180s (custom)
2023-03-15 06:53:15,455 [0f19c1f7-7e7d-408b-8c95-b3dd1f9d1744@group-F60420E2E8B9-LeaderElection11] INFO  server.RaftServerConfigKeys (ConfUtils.java:logGet(46)) - raft.server.watch.timeout.denomination = 1s (default)
2023-03-15 06:53:15,455 [0f19c1f7-7e7d-408b-8c95-b3dd1f9d1744@group-F60420E2E8B9-LeaderElection11] INFO  server.RaftServerConfigKeys (ConfUtils.java:logGet(46)) - raft.server.watch.element-limit = 65536 (default)
2023-03-15 06:53:15,455 [0f19c1f7-7e7d-408b-8c95-b3dd1f9d1744@group-F60420E2E8B9-LeaderElection11] INFO  server.RaftServerConfigKeys (ConfUtils.java:logGet(46)) - raft.server.write.element-limit = 1024 (custom)
2023-03-15 06:53:15,455 [0f19c1f7-7e7d-408b-8c95-b3dd1f9d1744@group-F60420E2E8B9-LeaderElection11] INFO  server.RaftServerConfigKeys (ConfUtils.java:logGet(46)) - raft.server.write.follower.gap.ratio.max = -1.0 (default)
2023-03-15 06:53:15,455 [0f19c1f7-7e7d-408b-8c95-b3dd1f9d1744@group-F60420E2E8B9-LeaderElection11] INFO  server.RaftServerConfigKeys (ConfUtils.java:logGet(46)) - raft.server.log.appender.snapshot.chunk.size.max = 16MB (=16777216) (default)
2023-03-15 06:53:15,456 [0f19c1f7-7e7d-408b-8c95-b3dd1f9d1744@group-F60420E2E8B9-LeaderElection11] INFO  server.RaftServerConfigKeys (ConfUtils.java:logGet(46)) - raft.server.log.appender.buffer.byte-limit = 33554432 (custom)
2023-03-15 06:53:15,456 [0f19c1f7-7e7d-408b-8c95-b3dd1f9d1744@group-F60420E2E8B9-LeaderElection11] INFO  server.RaftServerConfigKeys (ConfUtils.java:logGet(46)) - raft.server.log.appender.buffer.element-limit = 1 (custom)
2023-03-15 06:53:15,456 [0f19c1f7-7e7d-408b-8c95-b3dd1f9d1744@group-F60420E2E8B9-LeaderElection11] INFO  grpc.GrpcConfigKeys (ConfUtils.java:logGet(46)) - raft.grpc.server.leader.outstanding.appends.max = 128 (default)
2023-03-15 06:53:15,456 [0f19c1f7-7e7d-408b-8c95-b3dd1f9d1744@group-F60420E2E8B9-LeaderElection11] INFO  server.RaftServerConfigKeys (ConfUtils.java:logGet(46)) - raft.server.rpc.request.timeout = 60s (custom)
2023-03-15 06:53:15,456 [0f19c1f7-7e7d-408b-8c95-b3dd1f9d1744@group-F60420E2E8B9-LeaderElection11] INFO  server.RaftServerConfigKeys (ConfUtils.java:logGet(46)) - raft.server.log.appender.install.snapshot.enabled = false (custom)
2023-03-15 06:53:15,456 [0f19c1f7-7e7d-408b-8c95-b3dd1f9d1744@group-F60420E2E8B9-LeaderElection11] INFO  grpc.GrpcConfigKeys (ConfUtils.java:logGet(46)) - raft.grpc.server.heartbeat.channel = true (default)
2023-03-15 06:53:15,456 [0f19c1f7-7e7d-408b-8c95-b3dd1f9d1744@group-F60420E2E8B9-LeaderElection11] INFO  server.RaftServerConfigKeys (ConfUtils.java:logGet(46)) - raft.server.log.appender.wait-time.min = 10ms (default)
2023-03-15 06:53:15,460 [0f19c1f7-7e7d-408b-8c95-b3dd1f9d1744@group-F60420E2E8B9-LeaderElection11] INFO  server.RaftServerConfigKeys (ConfUtils.java:logGet(46)) - raft.server.log.appender.snapshot.chunk.size.max = 16MB (=16777216) (default)
2023-03-15 06:53:15,460 [0f19c1f7-7e7d-408b-8c95-b3dd1f9d1744@group-F60420E2E8B9-LeaderElection11] INFO  server.RaftServerConfigKeys (ConfUtils.java:logGet(46)) - raft.server.log.appender.buffer.byte-limit = 33554432 (custom)
2023-03-15 06:53:15,460 [0f19c1f7-7e7d-408b-8c95-b3dd1f9d1744@group-F60420E2E8B9-LeaderElection11] INFO  server.RaftServerConfigKeys (ConfUtils.java:logGet(46)) - raft.server.log.appender.buffer.element-limit = 1 (custom)
2023-03-15 06:53:15,460 [0f19c1f7-7e7d-408b-8c95-b3dd1f9d1744@group-F60420E2E8B9-LeaderElection11] INFO  grpc.GrpcConfigKeys (ConfUtils.java:logGet(46)) - raft.grpc.server.leader.outstanding.appends.max = 128 (default)
2023-03-15 06:53:15,460 [0f19c1f7-7e7d-408b-8c95-b3dd1f9d1744@group-F60420E2E8B9-LeaderElection11] INFO  server.RaftServerConfigKeys (ConfUtils.java:logGet(46)) - raft.server.rpc.request.timeout = 60s (custom)
2023-03-15 06:53:15,460 [0f19c1f7-7e7d-408b-8c95-b3dd1f9d1744@group-F60420E2E8B9-LeaderElection11] INFO  server.RaftServerConfigKeys (ConfUtils.java:logGet(46)) - raft.server.log.appender.install.snapshot.enabled = false (custom)
2023-03-15 06:53:15,460 [0f19c1f7-7e7d-408b-8c95-b3dd1f9d1744@group-F60420E2E8B9-LeaderElection11] INFO  grpc.GrpcConfigKeys (ConfUtils.java:logGet(46)) - raft.grpc.server.heartbeat.channel = true (default)
2023-03-15 06:53:15,460 [0f19c1f7-7e7d-408b-8c95-b3dd1f9d1744@group-F60420E2E8B9-LeaderElection11] INFO  server.RaftServerConfigKeys (ConfUtils.java:logGet(46)) - raft.server.log.appender.wait-time.min = 10ms (default)
2023-03-15 06:53:15,460 [0f19c1f7-7e7d-408b-8c95-b3dd1f9d1744@group-F60420E2E8B9-LeaderElection11] INFO  impl.RoleInfo (RoleInfo.java:updateAndGet(139)) - 0f19c1f7-7e7d-408b-8c95-b3dd1f9d1744: start 0f19c1f7-7e7d-408b-8c95-b3dd1f9d1744@group-F60420E2E8B9-LeaderStateImpl
2023-03-15 06:53:15,462 [0f19c1f7-7e7d-408b-8c95-b3dd1f9d1744@group-F60420E2E8B9-LeaderElection11] INFO  segmented.SegmentedRaftLogWorker (SegmentedRaftLogWorker.java:startLogSegment(452)) - 0f19c1f7-7e7d-408b-8c95-b3dd1f9d1744@group-F60420E2E8B9-SegmentedRaftLogWorker: Starting segment from index:0
2023-03-15 06:53:15,464 [0f19c1f7-7e7d-408b-8c95-b3dd1f9d1744@group-F60420E2E8B9-SegmentedRaftLogWorker] INFO  segmented.SegmentedRaftLogWorker (SegmentedRaftLogWorker.java:execute(656)) - 0f19c1f7-7e7d-408b-8c95-b3dd1f9d1744@group-F60420E2E8B9-SegmentedRaftLogWorker: created new log segment /home/runner/work/ozone/ozone/hadoop-ozone/integration-test/target/test-dir/MiniOzoneClusterImpl-8d40f1f0-3e23-4273-879b-a609159ae6a4/datanode-0/data/ratis/c38fd8d9-9d64-4a55-a2f3-f60420e2e8b9/current/log_inprogress_0
2023-03-15 06:53:15,474 [0f19c1f7-7e7d-408b-8c95-b3dd1f9d1744@group-0319347A5C62-LeaderElection12] INFO  impl.LeaderElection (LeaderElection.java:askForVotes(312)) - 0f19c1f7-7e7d-408b-8c95-b3dd1f9d1744@group-0319347A5C62-LeaderElection12 PRE_VOTE round 0: submit vote requests at term 0 for -1: peers:[0f19c1f7-7e7d-408b-8c95-b3dd1f9d1744|rpc:10.1.0.130:40449|dataStream:10.1.0.130:46071|priority:1|startupRole:FOLLOWER]|listeners:[], old=null
2023-03-15 06:53:15,474 [0f19c1f7-7e7d-408b-8c95-b3dd1f9d1744@group-0319347A5C62-LeaderElection12] INFO  impl.LeaderElection (LeaderElection.java:askForVotes(314)) - 0f19c1f7-7e7d-408b-8c95-b3dd1f9d1744@group-0319347A5C62-LeaderElection12 PRE_VOTE round 0: result PASSED (term=0)
2023-03-15 06:53:15,477 [0f19c1f7-7e7d-408b-8c95-b3dd1f9d1744@group-0319347A5C62-LeaderElection12] INFO  impl.LeaderElection (LeaderElection.java:askForVotes(312)) - 0f19c1f7-7e7d-408b-8c95-b3dd1f9d1744@group-0319347A5C62-LeaderElection12 ELECTION round 0: submit vote requests at term 1 for -1: peers:[0f19c1f7-7e7d-408b-8c95-b3dd1f9d1744|rpc:10.1.0.130:40449|dataStream:10.1.0.130:46071|priority:1|startupRole:FOLLOWER]|listeners:[], old=null
2023-03-15 06:53:15,477 [0f19c1f7-7e7d-408b-8c95-b3dd1f9d1744@group-0319347A5C62-LeaderElection12] INFO  impl.LeaderElection (LeaderElection.java:askForVotes(314)) - 0f19c1f7-7e7d-408b-8c95-b3dd1f9d1744@group-0319347A5C62-LeaderElection12 ELECTION round 0: result PASSED (term=1)
2023-03-15 06:53:15,477 [0f19c1f7-7e7d-408b-8c95-b3dd1f9d1744@group-0319347A5C62-LeaderElection12] INFO  impl.RoleInfo (RoleInfo.java:shutdownLeaderElection(130)) - 0f19c1f7-7e7d-408b-8c95-b3dd1f9d1744: shutdown 0f19c1f7-7e7d-408b-8c95-b3dd1f9d1744@group-0319347A5C62-LeaderElection12
2023-03-15 06:53:15,477 [0f19c1f7-7e7d-408b-8c95-b3dd1f9d1744@group-0319347A5C62-LeaderElection12] INFO  server.RaftServer$Division (RaftServerImpl.java:setRole(321)) - 0f19c1f7-7e7d-408b-8c95-b3dd1f9d1744@group-0319347A5C62: changes role from CANDIDATE to LEADER at term 1 for changeToLeader
2023-03-15 06:53:15,477 [0f19c1f7-7e7d-408b-8c95-b3dd1f9d1744@group-0319347A5C62-LeaderElection12] INFO  ratis.XceiverServerRatis (XceiverServerRatis.java:handleLeaderChangedNotification(905)) - Leader change notification received for group: group-0319347A5C62 with new leaderId: 0f19c1f7-7e7d-408b-8c95-b3dd1f9d1744
2023-03-15 06:53:15,478 [0f19c1f7-7e7d-408b-8c95-b3dd1f9d1744@group-0319347A5C62-LeaderElection12] INFO  server.RaftServer$Division (ServerState.java:setLeader(313)) - 0f19c1f7-7e7d-408b-8c95-b3dd1f9d1744@group-0319347A5C62: change Leader from null to 0f19c1f7-7e7d-408b-8c95-b3dd1f9d1744 at term 1 for becomeLeader, leader elected after 5230ms
2023-03-15 06:53:15,478 [0f19c1f7-7e7d-408b-8c95-b3dd1f9d1744@group-0319347A5C62-LeaderElection12] INFO  server.RaftServerConfigKeys (ConfUtils.java:logGet(46)) - raft.server.staging.catchup.gap = 1000 (default)
2023-03-15 06:53:15,478 [0f19c1f7-7e7d-408b-8c95-b3dd1f9d1744@group-0319347A5C62-LeaderElection12] INFO  server.RaftServerConfigKeys (ConfUtils.java:logGet(46)) - raft.server.write.element-limit = 1024 (custom)
2023-03-15 06:53:15,478 [0f19c1f7-7e7d-408b-8c95-b3dd1f9d1744@group-0319347A5C62-LeaderElection12] INFO  server.RaftServerConfigKeys (ConfUtils.java:logGet(46)) - raft.server.write.byte-limit = 1024 M (=1073741824) (custom)
2023-03-15 06:53:15,478 [0f19c1f7-7e7d-408b-8c95-b3dd1f9d1744@group-0319347A5C62-LeaderElection12] INFO  server.RaftServerConfigKeys (ConfUtils.java:logGet(46)) - raft.server.watch.timeout = 180s (custom)
2023-03-15 06:53:15,478 [0f19c1f7-7e7d-408b-8c95-b3dd1f9d1744@group-0319347A5C62-LeaderElection12] INFO  server.RaftServerConfigKeys (ConfUtils.java:logGet(46)) - raft.server.watch.timeout.denomination = 1s (default)
2023-03-15 06:53:15,478 [0f19c1f7-7e7d-408b-8c95-b3dd1f9d1744@group-0319347A5C62-LeaderElection12] INFO  server.RaftServerConfigKeys (ConfUtils.java:logGet(46)) - raft.server.watch.element-limit = 65536 (default)
2023-03-15 06:53:15,478 [0f19c1f7-7e7d-408b-8c95-b3dd1f9d1744@group-0319347A5C62-LeaderElection12] INFO  server.RaftServerConfigKeys (ConfUtils.java:logGet(46)) - raft.server.write.element-limit = 1024 (custom)
2023-03-15 06:53:15,478 [0f19c1f7-7e7d-408b-8c95-b3dd1f9d1744@group-0319347A5C62-LeaderElection12] INFO  server.RaftServerConfigKeys (ConfUtils.java:logGet(46)) - raft.server.write.follower.gap.ratio.max = -1.0 (default)
2023-03-15 06:53:15,478 [0f19c1f7-7e7d-408b-8c95-b3dd1f9d1744@group-0319347A5C62-LeaderElection12] INFO  impl.RoleInfo (RoleInfo.java:updateAndGet(139)) - 0f19c1f7-7e7d-408b-8c95-b3dd1f9d1744: start 0f19c1f7-7e7d-408b-8c95-b3dd1f9d1744@group-0319347A5C62-LeaderStateImpl
2023-03-15 06:53:15,479 [0f19c1f7-7e7d-408b-8c95-b3dd1f9d1744@group-0319347A5C62-LeaderElection12] INFO  segmented.SegmentedRaftLogWorker (SegmentedRaftLogWorker.java:startLogSegment(452)) - 0f19c1f7-7e7d-408b-8c95-b3dd1f9d1744@group-0319347A5C62-SegmentedRaftLogWorker: Starting segment from index:0
2023-03-15 06:53:15,481 [0f19c1f7-7e7d-408b-8c95-b3dd1f9d1744@group-F60420E2E8B9-LeaderElection11] INFO  server.RaftServer$Division (ServerState.java:setRaftConf(430)) - 0f19c1f7-7e7d-408b-8c95-b3dd1f9d1744@group-F60420E2E8B9: set configuration 0: peers:[f5ffbb19-6856-4431-8ca7-ea850b755d28|rpc:10.1.0.130:37227|dataStream:10.1.0.130:42395|priority:0|startupRole:FOLLOWER, 0f19c1f7-7e7d-408b-8c95-b3dd1f9d1744|rpc:10.1.0.130:40449|dataStream:10.1.0.130:46071|priority:1|startupRole:FOLLOWER, ec6086c2-fc50-413c-afc3-6eccceec3a30|rpc:10.1.0.130:34497|dataStream:10.1.0.130:39119|priority:0|startupRole:FOLLOWER]|listeners:[], old=null
2023-03-15 06:53:15,483 [0f19c1f7-7e7d-408b-8c95-b3dd1f9d1744@group-0319347A5C62-SegmentedRaftLogWorker] INFO  segmented.SegmentedRaftLogWorker (SegmentedRaftLogWorker.java:execute(656)) - 0f19c1f7-7e7d-408b-8c95-b3dd1f9d1744@group-0319347A5C62-SegmentedRaftLogWorker: created new log segment /home/runner/work/ozone/ozone/hadoop-ozone/integration-test/target/test-dir/MiniOzoneClusterImpl-8d40f1f0-3e23-4273-879b-a609159ae6a4/datanode-0/data/ratis/fb0fe8a0-b7c6-44e9-b5b7-0319347a5c62/current/log_inprogress_0
2023-03-15 06:53:15,487 [0f19c1f7-7e7d-408b-8c95-b3dd1f9d1744@group-0319347A5C62-LeaderElection12] INFO  server.RaftServer$Division (ServerState.java:setRaftConf(430)) - 0f19c1f7-7e7d-408b-8c95-b3dd1f9d1744@group-0319347A5C62: set configuration 0: peers:[0f19c1f7-7e7d-408b-8c95-b3dd1f9d1744|rpc:10.1.0.130:40449|dataStream:10.1.0.130:46071|priority:1|startupRole:FOLLOWER]|listeners:[], old=null
2023-03-15 06:53:15,505 [f5ffbb19-6856-4431-8ca7-ea850b755d28-server-thread1] INFO  ratis.XceiverServerRatis (XceiverServerRatis.java:handleLeaderChangedNotification(905)) - Leader change notification received for group: group-F60420E2E8B9 with new leaderId: 0f19c1f7-7e7d-408b-8c95-b3dd1f9d1744
2023-03-15 06:53:15,506 [f5ffbb19-6856-4431-8ca7-ea850b755d28-server-thread1] INFO  server.RaftServer$Division (ServerState.java:setLeader(313)) - f5ffbb19-6856-4431-8ca7-ea850b755d28@group-F60420E2E8B9: change Leader from null to 0f19c1f7-7e7d-408b-8c95-b3dd1f9d1744 at term 1 for appendEntries, leader elected after 5185ms
2023-03-15 06:53:15,506 [ec6086c2-fc50-413c-afc3-6eccceec3a30-server-thread1] INFO  ratis.XceiverServerRatis (XceiverServerRatis.java:handleLeaderChangedNotification(905)) - Leader change notification received for group: group-F60420E2E8B9 with new leaderId: 0f19c1f7-7e7d-408b-8c95-b3dd1f9d1744
2023-03-15 06:53:15,507 [ec6086c2-fc50-413c-afc3-6eccceec3a30-server-thread1] INFO  server.RaftServer$Division (ServerState.java:setLeader(313)) - ec6086c2-fc50-413c-afc3-6eccceec3a30@group-F60420E2E8B9: change Leader from null to 0f19c1f7-7e7d-408b-8c95-b3dd1f9d1744 at term 1 for appendEntries, leader elected after 5139ms
2023-03-15 06:53:15,519 [f5ffbb19-6856-4431-8ca7-ea850b755d28-server-thread1] INFO  server.RaftServer$Division (ServerState.java:setRaftConf(430)) - f5ffbb19-6856-4431-8ca7-ea850b755d28@group-F60420E2E8B9: set configuration 0: peers:[f5ffbb19-6856-4431-8ca7-ea850b755d28|rpc:10.1.0.130:37227|dataStream:10.1.0.130:42395|priority:0|startupRole:FOLLOWER, 0f19c1f7-7e7d-408b-8c95-b3dd1f9d1744|rpc:10.1.0.130:40449|dataStream:10.1.0.130:46071|priority:1|startupRole:FOLLOWER, ec6086c2-fc50-413c-afc3-6eccceec3a30|rpc:10.1.0.130:34497|dataStream:10.1.0.130:39119|priority:0|startupRole:FOLLOWER]|listeners:[], old=null
2023-03-15 06:53:15,519 [f5ffbb19-6856-4431-8ca7-ea850b755d28-server-thread1] INFO  segmented.SegmentedRaftLogWorker (SegmentedRaftLogWorker.java:startLogSegment(452)) - f5ffbb19-6856-4431-8ca7-ea850b755d28@group-F60420E2E8B9-SegmentedRaftLogWorker: Starting segment from index:0
2023-03-15 06:53:15,523 [f5ffbb19-6856-4431-8ca7-ea850b755d28@group-F60420E2E8B9-SegmentedRaftLogWorker] INFO  segmented.SegmentedRaftLogWorker (SegmentedRaftLogWorker.java:execute(656)) - f5ffbb19-6856-4431-8ca7-ea850b755d28@group-F60420E2E8B9-SegmentedRaftLogWorker: created new log segment /home/runner/work/ozone/ozone/hadoop-ozone/integration-test/target/test-dir/MiniOzoneClusterImpl-8d40f1f0-3e23-4273-879b-a609159ae6a4/datanode-2/data/ratis/c38fd8d9-9d64-4a55-a2f3-f60420e2e8b9/current/log_inprogress_0
2023-03-15 06:53:15,528 [ec6086c2-fc50-413c-afc3-6eccceec3a30-server-thread2] INFO  server.RaftServer$Division (ServerState.java:setRaftConf(430)) - ec6086c2-fc50-413c-afc3-6eccceec3a30@group-F60420E2E8B9: set configuration 0: peers:[f5ffbb19-6856-4431-8ca7-ea850b755d28|rpc:10.1.0.130:37227|dataStream:10.1.0.130:42395|priority:0|startupRole:FOLLOWER, 0f19c1f7-7e7d-408b-8c95-b3dd1f9d1744|rpc:10.1.0.130:40449|dataStream:10.1.0.130:46071|priority:1|startupRole:FOLLOWER, ec6086c2-fc50-413c-afc3-6eccceec3a30|rpc:10.1.0.130:34497|dataStream:10.1.0.130:39119|priority:0|startupRole:FOLLOWER]|listeners:[], old=null
2023-03-15 06:53:15,528 [ec6086c2-fc50-413c-afc3-6eccceec3a30-server-thread2] INFO  segmented.SegmentedRaftLogWorker (SegmentedRaftLogWorker.java:startLogSegment(452)) - ec6086c2-fc50-413c-afc3-6eccceec3a30@group-F60420E2E8B9-SegmentedRaftLogWorker: Starting segment from index:0
2023-03-15 06:53:15,530 [ec6086c2-fc50-413c-afc3-6eccceec3a30@group-F60420E2E8B9-SegmentedRaftLogWorker] INFO  segmented.SegmentedRaftLogWorker (SegmentedRaftLogWorker.java:execute(656)) - ec6086c2-fc50-413c-afc3-6eccceec3a30@group-F60420E2E8B9-SegmentedRaftLogWorker: created new log segment /home/runner/work/ozone/ozone/hadoop-ozone/integration-test/target/test-dir/MiniOzoneClusterImpl-8d40f1f0-3e23-4273-879b-a609159ae6a4/datanode-1/data/ratis/c38fd8d9-9d64-4a55-a2f3-f60420e2e8b9/current/log_inprogress_0
2023-03-15 06:53:15,573 [ec6086c2-fc50-413c-afc3-6eccceec3a30@group-27FD2424924E-FollowerState] INFO  impl.FollowerState (FollowerState.java:run(143)) - ec6086c2-fc50-413c-afc3-6eccceec3a30@group-27FD2424924E-FollowerState: change to CANDIDATE, lastRpcElapsedTime:5071668828ns, electionTimeout:5069ms
2023-03-15 06:53:15,573 [ec6086c2-fc50-413c-afc3-6eccceec3a30@group-27FD2424924E-FollowerState] INFO  impl.RoleInfo (RoleInfo.java:shutdownFollowerState(110)) - ec6086c2-fc50-413c-afc3-6eccceec3a30: shutdown ec6086c2-fc50-413c-afc3-6eccceec3a30@group-27FD2424924E-FollowerState
2023-03-15 06:53:15,573 [ec6086c2-fc50-413c-afc3-6eccceec3a30@group-27FD2424924E-FollowerState] INFO  server.RaftServer$Division (RaftServerImpl.java:setRole(321)) - ec6086c2-fc50-413c-afc3-6eccceec3a30@group-27FD2424924E: changes role from  FOLLOWER to CANDIDATE at term 0 for changeToCandidate
2023-03-15 06:53:15,573 [ec6086c2-fc50-413c-afc3-6eccceec3a30@group-27FD2424924E-FollowerState] INFO  server.RaftServerConfigKeys (ConfUtils.java:logGet(46)) - raft.server.leaderelection.pre-vote = true (default)
2023-03-15 06:53:15,573 [ec6086c2-fc50-413c-afc3-6eccceec3a30@group-27FD2424924E-FollowerState] INFO  impl.RoleInfo (RoleInfo.java:updateAndGet(139)) - ec6086c2-fc50-413c-afc3-6eccceec3a30: start ec6086c2-fc50-413c-afc3-6eccceec3a30@group-27FD2424924E-LeaderElection13
2023-03-15 06:53:15,578 [ec6086c2-fc50-413c-afc3-6eccceec3a30@group-27FD2424924E-LeaderElection13] INFO  impl.LeaderElection (LeaderElection.java:askForVotes(312)) - ec6086c2-fc50-413c-afc3-6eccceec3a30@group-27FD2424924E-LeaderElection13 PRE_VOTE round 0: submit vote requests at term 0 for -1: peers:[f5ffbb19-6856-4431-8ca7-ea850b755d28|rpc:10.1.0.130:37227|dataStream:10.1.0.130:42395|priority:0|startupRole:FOLLOWER, 0f19c1f7-7e7d-408b-8c95-b3dd1f9d1744|rpc:10.1.0.130:40449|dataStream:10.1.0.130:46071|priority:0|startupRole:FOLLOWER, ec6086c2-fc50-413c-afc3-6eccceec3a30|rpc:10.1.0.130:34497|dataStream:10.1.0.130:39119|priority:1|startupRole:FOLLOWER]|listeners:[], old=null
2023-03-15 06:53:15,578 [ec6086c2-fc50-413c-afc3-6eccceec3a30@group-27FD2424924E-LeaderElection13-1] INFO  server.GrpcServerProtocolClient (GrpcServerProtocolClient.java:<init>(63)) - Build channel for f5ffbb19-6856-4431-8ca7-ea850b755d28
2023-03-15 06:53:15,584 [ec6086c2-fc50-413c-afc3-6eccceec3a30@group-27FD2424924E-LeaderElection13] INFO  server.RaftServerConfigKeys (ConfUtils.java:logFallback(53)) - raft.server.rpc.first-election.timeout.min = 5s (fallback to raft.server.rpc.timeout.min)
2023-03-15 06:53:15,584 [ec6086c2-fc50-413c-afc3-6eccceec3a30@group-27FD2424924E-LeaderElection13] INFO  server.RaftServerConfigKeys (ConfUtils.java:logFallback(53)) - raft.server.rpc.first-election.timeout.max = 5200ms (fallback to raft.server.rpc.timeout.max)
2023-03-15 06:53:15,591 [grpc-default-executor-2] INFO  server.RaftServer$Division (RaftServerImpl.java:requestVote(1218)) - f5ffbb19-6856-4431-8ca7-ea850b755d28@group-27FD2424924E: receive requestVote(PRE_VOTE, ec6086c2-fc50-413c-afc3-6eccceec3a30, group-27FD2424924E, 0, (t:0, i:0))
2023-03-15 06:53:15,591 [grpc-default-executor-2] INFO  impl.VoteContext (VoteContext.java:log(49)) - f5ffbb19-6856-4431-8ca7-ea850b755d28@group-27FD2424924E-FOLLOWER: accept PRE_VOTE from ec6086c2-fc50-413c-afc3-6eccceec3a30: our priority 0 <= candidate's priority 1
2023-03-15 06:53:15,591 [grpc-default-executor-2] INFO  server.RaftServer$Division (RaftServerImpl.java:requestVote(1251)) - f5ffbb19-6856-4431-8ca7-ea850b755d28@group-27FD2424924E replies to PRE_VOTE vote request: ec6086c2-fc50-413c-afc3-6eccceec3a30<-f5ffbb19-6856-4431-8ca7-ea850b755d28#0:OK-t0. Peer's state: f5ffbb19-6856-4431-8ca7-ea850b755d28@group-27FD2424924E:t0, leader=null, voted=, raftlog=Memoized:f5ffbb19-6856-4431-8ca7-ea850b755d28@group-27FD2424924E-SegmentedRaftLog:OPENED:c-1, conf=-1: peers:[f5ffbb19-6856-4431-8ca7-ea850b755d28|rpc:10.1.0.130:37227|dataStream:10.1.0.130:42395|priority:0|startupRole:FOLLOWER, 0f19c1f7-7e7d-408b-8c95-b3dd1f9d1744|rpc:10.1.0.130:40449|dataStream:10.1.0.130:46071|priority:0|startupRole:FOLLOWER, ec6086c2-fc50-413c-afc3-6eccceec3a30|rpc:10.1.0.130:34497|dataStream:10.1.0.130:39119|priority:1|startupRole:FOLLOWER]|listeners:[], old=null
2023-03-15 06:53:15,592 [ec6086c2-fc50-413c-afc3-6eccceec3a30@group-27FD2424924E-LeaderElection13] INFO  impl.LeaderElection (LeaderElection.java:logAndReturn(90)) - ec6086c2-fc50-413c-afc3-6eccceec3a30@group-27FD2424924E-LeaderElection13: PRE_VOTE PASSED received 1 response(s) and 0 exception(s):
2023-03-15 06:53:15,592 [ec6086c2-fc50-413c-afc3-6eccceec3a30@group-27FD2424924E-LeaderElection13] INFO  impl.LeaderElection (LeaderElection.java:logAndReturn(94)) -   Response 0: ec6086c2-fc50-413c-afc3-6eccceec3a30<-f5ffbb19-6856-4431-8ca7-ea850b755d28#0:OK-t0
2023-03-15 06:53:15,592 [ec6086c2-fc50-413c-afc3-6eccceec3a30@group-27FD2424924E-LeaderElection13] INFO  impl.LeaderElection (LeaderElection.java:askForVotes(314)) - ec6086c2-fc50-413c-afc3-6eccceec3a30@group-27FD2424924E-LeaderElection13 PRE_VOTE round 0: result PASSED
2023-03-15 06:53:15,593 [ec6086c2-fc50-413c-afc3-6eccceec3a30@group-27FD2424924E-LeaderElection13-2] INFO  server.GrpcServerProtocolClient (GrpcServerProtocolClient.java:<init>(63)) - Build channel for 0f19c1f7-7e7d-408b-8c95-b3dd1f9d1744
2023-03-15 06:53:15,594 [ec6086c2-fc50-413c-afc3-6eccceec3a30@group-27FD2424924E-LeaderElection13] INFO  impl.LeaderElection (LeaderElection.java:askForVotes(312)) - ec6086c2-fc50-413c-afc3-6eccceec3a30@group-27FD2424924E-LeaderElection13 ELECTION round 0: submit vote requests at term 1 for -1: peers:[f5ffbb19-6856-4431-8ca7-ea850b755d28|rpc:10.1.0.130:37227|dataStream:10.1.0.130:42395|priority:0|startupRole:FOLLOWER, 0f19c1f7-7e7d-408b-8c95-b3dd1f9d1744|rpc:10.1.0.130:40449|dataStream:10.1.0.130:46071|priority:0|startupRole:FOLLOWER, ec6086c2-fc50-413c-afc3-6eccceec3a30|rpc:10.1.0.130:34497|dataStream:10.1.0.130:39119|priority:1|startupRole:FOLLOWER]|listeners:[], old=null
2023-03-15 06:53:15,599 [ec6086c2-fc50-413c-afc3-6eccceec3a30@group-27FD2424924E-LeaderElection13] INFO  server.RaftServerConfigKeys (ConfUtils.java:logFallback(53)) - raft.server.rpc.first-election.timeout.min = 5s (fallback to raft.server.rpc.timeout.min)
2023-03-15 06:53:15,599 [ec6086c2-fc50-413c-afc3-6eccceec3a30@group-27FD2424924E-LeaderElection13] INFO  server.RaftServerConfigKeys (ConfUtils.java:logFallback(53)) - raft.server.rpc.first-election.timeout.max = 5200ms (fallback to raft.server.rpc.timeout.max)
2023-03-15 06:53:15,605 [0f19c1f7-7e7d-408b-8c95-b3dd1f9d1744@group-27FD2424924E-FollowerState] INFO  impl.FollowerState (FollowerState.java:run(143)) - 0f19c1f7-7e7d-408b-8c95-b3dd1f9d1744@group-27FD2424924E-FollowerState: change to CANDIDATE, lastRpcElapsedTime:5170552519ns, electionTimeout:5166ms
2023-03-15 06:53:15,605 [0f19c1f7-7e7d-408b-8c95-b3dd1f9d1744@group-27FD2424924E-FollowerState] INFO  impl.RoleInfo (RoleInfo.java:shutdownFollowerState(110)) - 0f19c1f7-7e7d-408b-8c95-b3dd1f9d1744: shutdown 0f19c1f7-7e7d-408b-8c95-b3dd1f9d1744@group-27FD2424924E-FollowerState
2023-03-15 06:53:15,605 [0f19c1f7-7e7d-408b-8c95-b3dd1f9d1744@group-27FD2424924E-FollowerState] INFO  server.RaftServer$Division (RaftServerImpl.java:setRole(321)) - 0f19c1f7-7e7d-408b-8c95-b3dd1f9d1744@group-27FD2424924E: changes role from  FOLLOWER to CANDIDATE at term 0 for changeToCandidate
2023-03-15 06:53:15,605 [0f19c1f7-7e7d-408b-8c95-b3dd1f9d1744@group-27FD2424924E-FollowerState] INFO  server.RaftServerConfigKeys (ConfUtils.java:logGet(46)) - raft.server.leaderelection.pre-vote = true (default)
2023-03-15 06:53:15,605 [0f19c1f7-7e7d-408b-8c95-b3dd1f9d1744@group-27FD2424924E-FollowerState] INFO  impl.RoleInfo (RoleInfo.java:updateAndGet(139)) - 0f19c1f7-7e7d-408b-8c95-b3dd1f9d1744: start 0f19c1f7-7e7d-408b-8c95-b3dd1f9d1744@group-27FD2424924E-LeaderElection14
2023-03-15 06:53:15,612 [grpc-default-executor-2] INFO  server.RaftServer$Division (RaftServerImpl.java:requestVote(1218)) - f5ffbb19-6856-4431-8ca7-ea850b755d28@group-27FD2424924E: receive requestVote(ELECTION, ec6086c2-fc50-413c-afc3-6eccceec3a30, group-27FD2424924E, 1, (t:0, i:0))
2023-03-15 06:53:15,612 [grpc-default-executor-2] INFO  impl.VoteContext (VoteContext.java:log(49)) - f5ffbb19-6856-4431-8ca7-ea850b755d28@group-27FD2424924E-FOLLOWER: accept ELECTION from ec6086c2-fc50-413c-afc3-6eccceec3a30: our priority 0 <= candidate's priority 1
2023-03-15 06:53:15,612 [grpc-default-executor-2] INFO  server.RaftServer$Division (RaftServerImpl.java:setRole(321)) - f5ffbb19-6856-4431-8ca7-ea850b755d28@group-27FD2424924E: changes role from  FOLLOWER to FOLLOWER at term 1 for candidate:ec6086c2-fc50-413c-afc3-6eccceec3a30
2023-03-15 06:53:15,612 [grpc-default-executor-2] INFO  impl.RoleInfo (RoleInfo.java:shutdownFollowerState(110)) - f5ffbb19-6856-4431-8ca7-ea850b755d28: shutdown f5ffbb19-6856-4431-8ca7-ea850b755d28@group-27FD2424924E-FollowerState
2023-03-15 06:53:15,613 [grpc-default-executor-2] INFO  impl.RoleInfo (RoleInfo.java:updateAndGet(139)) - f5ffbb19-6856-4431-8ca7-ea850b755d28: start f5ffbb19-6856-4431-8ca7-ea850b755d28@group-27FD2424924E-FollowerState
2023-03-15 06:53:15,613 [grpc-default-executor-3] INFO  server.RaftServer$Division (RaftServerImpl.java:requestVote(1218)) - 0f19c1f7-7e7d-408b-8c95-b3dd1f9d1744@group-27FD2424924E: receive requestVote(PRE_VOTE, ec6086c2-fc50-413c-afc3-6eccceec3a30, group-27FD2424924E, 0, (t:0, i:0))
2023-03-15 06:53:15,613 [f5ffbb19-6856-4431-8ca7-ea850b755d28@group-27FD2424924E-FollowerState] INFO  impl.FollowerState (FollowerState.java:run(152)) - f5ffbb19-6856-4431-8ca7-ea850b755d28@group-27FD2424924E-FollowerState was interrupted
2023-03-15 06:53:15,613 [f5ffbb19-6856-4431-8ca7-ea850b755d28@group-27FD2424924E-FollowerState] INFO  server.RaftServerConfigKeys (ConfUtils.java:logFallback(53)) - raft.server.rpc.first-election.timeout.min = 5s (fallback to raft.server.rpc.timeout.min)
2023-03-15 06:53:15,613 [f5ffbb19-6856-4431-8ca7-ea850b755d28@group-27FD2424924E-FollowerState] INFO  server.RaftServerConfigKeys (ConfUtils.java:logFallback(53)) - raft.server.rpc.first-election.timeout.max = 5200ms (fallback to raft.server.rpc.timeout.max)
2023-03-15 06:53:15,615 [grpc-default-executor-3] INFO  impl.VoteContext (VoteContext.java:log(49)) - 0f19c1f7-7e7d-408b-8c95-b3dd1f9d1744@group-27FD2424924E-CANDIDATE: accept PRE_VOTE from ec6086c2-fc50-413c-afc3-6eccceec3a30: our priority 0 <= candidate's priority 1
2023-03-15 06:53:15,616 [grpc-default-executor-3] INFO  server.RaftServer$Division (RaftServerImpl.java:requestVote(1251)) - 0f19c1f7-7e7d-408b-8c95-b3dd1f9d1744@group-27FD2424924E replies to PRE_VOTE vote request: ec6086c2-fc50-413c-afc3-6eccceec3a30<-0f19c1f7-7e7d-408b-8c95-b3dd1f9d1744#0:OK-t0. Peer's state: 0f19c1f7-7e7d-408b-8c95-b3dd1f9d1744@group-27FD2424924E:t0, leader=null, voted=, raftlog=Memoized:0f19c1f7-7e7d-408b-8c95-b3dd1f9d1744@group-27FD2424924E-SegmentedRaftLog:OPENED:c-1, conf=-1: peers:[f5ffbb19-6856-4431-8ca7-ea850b755d28|rpc:10.1.0.130:37227|dataStream:10.1.0.130:42395|priority:0|startupRole:FOLLOWER, 0f19c1f7-7e7d-408b-8c95-b3dd1f9d1744|rpc:10.1.0.130:40449|dataStream:10.1.0.130:46071|priority:0|startupRole:FOLLOWER, ec6086c2-fc50-413c-afc3-6eccceec3a30|rpc:10.1.0.130:34497|dataStream:10.1.0.130:39119|priority:1|startupRole:FOLLOWER]|listeners:[], old=null
2023-03-15 06:53:15,618 [grpc-default-executor-2] INFO  server.RaftServer$Division (RaftServerImpl.java:requestVote(1251)) - f5ffbb19-6856-4431-8ca7-ea850b755d28@group-27FD2424924E replies to ELECTION vote request: ec6086c2-fc50-413c-afc3-6eccceec3a30<-f5ffbb19-6856-4431-8ca7-ea850b755d28#0:OK-t1. Peer's state: f5ffbb19-6856-4431-8ca7-ea850b755d28@group-27FD2424924E:t1, leader=null, voted=ec6086c2-fc50-413c-afc3-6eccceec3a30, raftlog=Memoized:f5ffbb19-6856-4431-8ca7-ea850b755d28@group-27FD2424924E-SegmentedRaftLog:OPENED:c-1, conf=-1: peers:[f5ffbb19-6856-4431-8ca7-ea850b755d28|rpc:10.1.0.130:37227|dataStream:10.1.0.130:42395|priority:0|startupRole:FOLLOWER, 0f19c1f7-7e7d-408b-8c95-b3dd1f9d1744|rpc:10.1.0.130:40449|dataStream:10.1.0.130:46071|priority:0|startupRole:FOLLOWER, ec6086c2-fc50-413c-afc3-6eccceec3a30|rpc:10.1.0.130:34497|dataStream:10.1.0.130:39119|priority:1|startupRole:FOLLOWER]|listeners:[], old=null
2023-03-15 06:53:15,619 [ec6086c2-fc50-413c-afc3-6eccceec3a30@group-27FD2424924E-LeaderElection13] INFO  impl.LeaderElection (LeaderElection.java:logAndReturn(90)) - ec6086c2-fc50-413c-afc3-6eccceec3a30@group-27FD2424924E-LeaderElection13: ELECTION PASSED received 1 response(s) and 0 exception(s):
2023-03-15 06:53:15,619 [ec6086c2-fc50-413c-afc3-6eccceec3a30@group-27FD2424924E-LeaderElection13] INFO  impl.LeaderElection (LeaderElection.java:logAndReturn(94)) -   Response 0: ec6086c2-fc50-413c-afc3-6eccceec3a30<-f5ffbb19-6856-4431-8ca7-ea850b755d28#0:OK-t1
2023-03-15 06:53:15,619 [ec6086c2-fc50-413c-afc3-6eccceec3a30@group-27FD2424924E-LeaderElection13] INFO  impl.LeaderElection (LeaderElection.java:askForVotes(314)) - ec6086c2-fc50-413c-afc3-6eccceec3a30@group-27FD2424924E-LeaderElection13 ELECTION round 0: result PASSED
2023-03-15 06:53:15,619 [ec6086c2-fc50-413c-afc3-6eccceec3a30@group-27FD2424924E-LeaderElection13] INFO  impl.RoleInfo (RoleInfo.java:shutdownLeaderElection(130)) - ec6086c2-fc50-413c-afc3-6eccceec3a30: shutdown ec6086c2-fc50-413c-afc3-6eccceec3a30@group-27FD2424924E-LeaderElection13
2023-03-15 06:53:15,619 [grpc-default-executor-2] INFO  server.RaftServer$Division (RaftServerImpl.java:requestVote(1218)) - 0f19c1f7-7e7d-408b-8c95-b3dd1f9d1744@group-27FD2424924E: receive requestVote(ELECTION, ec6086c2-fc50-413c-afc3-6eccceec3a30, group-27FD2424924E, 1, (t:0, i:0))
2023-03-15 06:53:15,619 [ec6086c2-fc50-413c-afc3-6eccceec3a30@group-27FD2424924E-LeaderElection13] INFO  server.RaftServer$Division (RaftServerImpl.java:setRole(321)) - ec6086c2-fc50-413c-afc3-6eccceec3a30@group-27FD2424924E: changes role from CANDIDATE to LEADER at term 1 for changeToLeader
2023-03-15 06:53:15,621 [ec6086c2-fc50-413c-afc3-6eccceec3a30@group-27FD2424924E-LeaderElection13] INFO  ratis.XceiverServerRatis (XceiverServerRatis.java:handleLeaderChangedNotification(905)) - Leader change notification received for group: group-27FD2424924E with new leaderId: ec6086c2-fc50-413c-afc3-6eccceec3a30
2023-03-15 06:53:15,621 [ec6086c2-fc50-413c-afc3-6eccceec3a30@group-27FD2424924E-LeaderElection13] INFO  server.RaftServer$Division (ServerState.java:setLeader(313)) - ec6086c2-fc50-413c-afc3-6eccceec3a30@group-27FD2424924E: change Leader from null to ec6086c2-fc50-413c-afc3-6eccceec3a30 at term 1 for becomeLeader, leader elected after 5153ms
2023-03-15 06:53:15,621 [ec6086c2-fc50-413c-afc3-6eccceec3a30@group-27FD2424924E-LeaderElection13] INFO  server.RaftServerConfigKeys (ConfUtils.java:logGet(46)) - raft.server.staging.catchup.gap = 1000 (default)
2023-03-15 06:53:15,622 [ec6086c2-fc50-413c-afc3-6eccceec3a30@group-27FD2424924E-LeaderElection13] INFO  server.RaftServerConfigKeys (ConfUtils.java:logGet(46)) - raft.server.write.element-limit = 1024 (custom)
2023-03-15 06:53:15,622 [ec6086c2-fc50-413c-afc3-6eccceec3a30@group-27FD2424924E-LeaderElection13] INFO  server.RaftServerConfigKeys (ConfUtils.java:logGet(46)) - raft.server.write.byte-limit = 1024 M (=1073741824) (custom)
2023-03-15 06:53:15,622 [ec6086c2-fc50-413c-afc3-6eccceec3a30@group-27FD2424924E-LeaderElection13] INFO  server.RaftServerConfigKeys (ConfUtils.java:logGet(46)) - raft.server.watch.timeout = 180s (custom)
2023-03-15 06:53:15,622 [ec6086c2-fc50-413c-afc3-6eccceec3a30@group-27FD2424924E-LeaderElection13] INFO  server.RaftServerConfigKeys (ConfUtils.java:logGet(46)) - raft.server.watch.timeout.denomination = 1s (default)
2023-03-15 06:53:15,622 [ec6086c2-fc50-413c-afc3-6eccceec3a30@group-27FD2424924E-LeaderElection13] INFO  server.RaftServerConfigKeys (ConfUtils.java:logGet(46)) - raft.server.watch.element-limit = 65536 (default)
2023-03-15 06:53:15,622 [ec6086c2-fc50-413c-afc3-6eccceec3a30@group-27FD2424924E-LeaderElection13] INFO  server.RaftServerConfigKeys (ConfUtils.java:logGet(46)) - raft.server.write.element-limit = 1024 (custom)
2023-03-15 06:53:15,622 [ec6086c2-fc50-413c-afc3-6eccceec3a30@group-27FD2424924E-LeaderElection13] INFO  server.RaftServerConfigKeys (ConfUtils.java:logGet(46)) - raft.server.write.follower.gap.ratio.max = -1.0 (default)
2023-03-15 06:53:15,623 [ec6086c2-fc50-413c-afc3-6eccceec3a30@group-27FD2424924E-LeaderElection13] INFO  server.RaftServerConfigKeys (ConfUtils.java:logGet(46)) - raft.server.log.appender.snapshot.chunk.size.max = 16MB (=16777216) (default)
2023-03-15 06:53:15,623 [ec6086c2-fc50-413c-afc3-6eccceec3a30@group-27FD2424924E-LeaderElection13] INFO  server.RaftServerConfigKeys (ConfUtils.java:logGet(46)) - raft.server.log.appender.buffer.byte-limit = 33554432 (custom)
2023-03-15 06:53:15,623 [ec6086c2-fc50-413c-afc3-6eccceec3a30@group-27FD2424924E-LeaderElection13] INFO  server.RaftServerConfigKeys (ConfUtils.java:logGet(46)) - raft.server.log.appender.buffer.element-limit = 1 (custom)
2023-03-15 06:53:15,623 [ec6086c2-fc50-413c-afc3-6eccceec3a30@group-27FD2424924E-LeaderElection13] INFO  grpc.GrpcConfigKeys (ConfUtils.java:logGet(46)) - raft.grpc.server.leader.outstanding.appends.max = 128 (default)
2023-03-15 06:53:15,624 [ec6086c2-fc50-413c-afc3-6eccceec3a30@group-27FD2424924E-LeaderElection13] INFO  server.RaftServerConfigKeys (ConfUtils.java:logGet(46)) - raft.server.rpc.request.timeout = 60s (custom)
2023-03-15 06:53:15,624 [ec6086c2-fc50-413c-afc3-6eccceec3a30@group-27FD2424924E-LeaderElection13] INFO  server.RaftServerConfigKeys (ConfUtils.java:logGet(46)) - raft.server.log.appender.install.snapshot.enabled = false (custom)
2023-03-15 06:53:15,624 [ec6086c2-fc50-413c-afc3-6eccceec3a30@group-27FD2424924E-LeaderElection13] INFO  grpc.GrpcConfigKeys (ConfUtils.java:logGet(46)) - raft.grpc.server.heartbeat.channel = true (default)
2023-03-15 06:53:15,624 [ec6086c2-fc50-413c-afc3-6eccceec3a30@group-27FD2424924E-LeaderElection13] INFO  server.RaftServerConfigKeys (ConfUtils.java:logGet(46)) - raft.server.log.appender.wait-time.min = 10ms (default)
2023-03-15 06:53:15,624 [EventQueue-PipelineReportForPipelineReportHandler] INFO  pipeline.PipelineManagerImpl (PipelineManagerImpl.java:openPipeline(367)) - Pipeline Pipeline[ Id: d334167e-b948-4e6e-a1d2-27fd2424924e, Nodes: ec6086c2-fc50-413c-afc3-6eccceec3a30(fv-az210-452.jgpbknbp5ljuxny3rrcz4t2bbd.bx.internal.cloudapp.net/10.1.0.130)f5ffbb19-6856-4431-8ca7-ea850b755d28(fv-az210-452.jgpbknbp5ljuxny3rrcz4t2bbd.bx.internal.cloudapp.net/10.1.0.130)0f19c1f7-7e7d-408b-8c95-b3dd1f9d1744(fv-az210-452.jgpbknbp5ljuxny3rrcz4t2bbd.bx.internal.cloudapp.net/10.1.0.130), ReplicationConfig: RATIS/THREE, State:ALLOCATED, leaderId:ec6086c2-fc50-413c-afc3-6eccceec3a30, CreationTimestamp2023-03-15T06:53:08.057Z[Etc/UTC]] moved to OPEN state
2023-03-15 06:53:15,625 [ec6086c2-fc50-413c-afc3-6eccceec3a30@group-27FD2424924E-LeaderElection13] INFO  server.RaftServerConfigKeys (ConfUtils.java:logGet(46)) - raft.server.log.appender.snapshot.chunk.size.max = 16MB (=16777216) (default)
2023-03-15 06:53:15,625 [ec6086c2-fc50-413c-afc3-6eccceec3a30@group-27FD2424924E-LeaderElection13] INFO  server.RaftServerConfigKeys (ConfUtils.java:logGet(46)) - raft.server.log.appender.buffer.byte-limit = 33554432 (custom)
2023-03-15 06:53:15,625 [ec6086c2-fc50-413c-afc3-6eccceec3a30@group-27FD2424924E-LeaderElection13] INFO  server.RaftServerConfigKeys (ConfUtils.java:logGet(46)) - raft.server.log.appender.buffer.element-limit = 1 (custom)
2023-03-15 06:53:15,625 [ec6086c2-fc50-413c-afc3-6eccceec3a30@group-27FD2424924E-LeaderElection13] INFO  grpc.GrpcConfigKeys (ConfUtils.java:logGet(46)) - raft.grpc.server.leader.outstanding.appends.max = 128 (default)
2023-03-15 06:53:15,625 [ec6086c2-fc50-413c-afc3-6eccceec3a30@group-27FD2424924E-LeaderElection13] INFO  server.RaftServerConfigKeys (ConfUtils.java:logGet(46)) - raft.server.rpc.request.timeout = 60s (custom)
2023-03-15 06:53:15,625 [ec6086c2-fc50-413c-afc3-6eccceec3a30@group-27FD2424924E-LeaderElection13] INFO  server.RaftServerConfigKeys (ConfUtils.java:logGet(46)) - raft.server.log.appender.install.snapshot.enabled = false (custom)
2023-03-15 06:53:15,625 [ec6086c2-fc50-413c-afc3-6eccceec3a30@group-27FD2424924E-LeaderElection13] INFO  grpc.GrpcConfigKeys (ConfUtils.java:logGet(46)) - raft.grpc.server.heartbeat.channel = true (default)
2023-03-15 06:53:15,625 [ec6086c2-fc50-413c-afc3-6eccceec3a30@group-27FD2424924E-LeaderElection13] INFO  server.RaftServerConfigKeys (ConfUtils.java:logGet(46)) - raft.server.log.appender.wait-time.min = 10ms (default)
2023-03-15 06:53:15,626 [grpc-default-executor-2] INFO  impl.VoteContext (VoteContext.java:log(49)) - 0f19c1f7-7e7d-408b-8c95-b3dd1f9d1744@group-27FD2424924E-CANDIDATE: accept ELECTION from ec6086c2-fc50-413c-afc3-6eccceec3a30: our priority 0 <= candidate's priority 1
2023-03-15 06:53:15,626 [grpc-default-executor-2] INFO  server.RaftServer$Division (RaftServerImpl.java:setRole(321)) - 0f19c1f7-7e7d-408b-8c95-b3dd1f9d1744@group-27FD2424924E: changes role from CANDIDATE to FOLLOWER at term 1 for candidate:ec6086c2-fc50-413c-afc3-6eccceec3a30
2023-03-15 06:53:15,626 [grpc-default-executor-2] INFO  impl.RoleInfo (RoleInfo.java:shutdownLeaderElection(130)) - 0f19c1f7-7e7d-408b-8c95-b3dd1f9d1744: shutdown 0f19c1f7-7e7d-408b-8c95-b3dd1f9d1744@group-27FD2424924E-LeaderElection14
2023-03-15 06:53:15,626 [grpc-default-executor-2] INFO  impl.RoleInfo (RoleInfo.java:updateAndGet(139)) - 0f19c1f7-7e7d-408b-8c95-b3dd1f9d1744: start 0f19c1f7-7e7d-408b-8c95-b3dd1f9d1744@group-27FD2424924E-FollowerState
2023-03-15 06:53:15,626 [ec6086c2-fc50-413c-afc3-6eccceec3a30@group-27FD2424924E-LeaderElection13] INFO  impl.RoleInfo (RoleInfo.java:updateAndGet(139)) - ec6086c2-fc50-413c-afc3-6eccceec3a30: start ec6086c2-fc50-413c-afc3-6eccceec3a30@group-27FD2424924E-LeaderStateImpl
2023-03-15 06:53:15,626 [ec6086c2-fc50-413c-afc3-6eccceec3a30@group-27FD2424924E-LeaderElection13] INFO  segmented.SegmentedRaftLogWorker (SegmentedRaftLogWorker.java:startLogSegment(452)) - ec6086c2-fc50-413c-afc3-6eccceec3a30@group-27FD2424924E-SegmentedRaftLogWorker: Starting segment from index:0
2023-03-15 06:53:15,631 [0f19c1f7-7e7d-408b-8c95-b3dd1f9d1744@group-27FD2424924E-FollowerState] INFO  server.RaftServerConfigKeys (ConfUtils.java:logFallback(53)) - raft.server.rpc.first-election.timeout.min = 5s (fallback to raft.server.rpc.timeout.min)
2023-03-15 06:53:15,638 [0f19c1f7-7e7d-408b-8c95-b3dd1f9d1744@group-27FD2424924E-FollowerState] INFO  server.RaftServerConfigKeys (ConfUtils.java:logFallback(53)) - raft.server.rpc.first-election.timeout.max = 5200ms (fallback to raft.server.rpc.timeout.max)
2023-03-15 06:53:15,633 [ec6086c2-fc50-413c-afc3-6eccceec3a30@group-27FD2424924E-SegmentedRaftLogWorker] INFO  segmented.SegmentedRaftLogWorker (SegmentedRaftLogWorker.java:execute(656)) - ec6086c2-fc50-413c-afc3-6eccceec3a30@group-27FD2424924E-SegmentedRaftLogWorker: created new log segment /home/runner/work/ozone/ozone/hadoop-ozone/integration-test/target/test-dir/MiniOzoneClusterImpl-8d40f1f0-3e23-4273-879b-a609159ae6a4/datanode-1/data/ratis/d334167e-b948-4e6e-a1d2-27fd2424924e/current/log_inprogress_0
2023-03-15 06:53:15,632 [grpc-default-executor-2] INFO  server.RaftServer$Division (RaftServerImpl.java:requestVote(1251)) - 0f19c1f7-7e7d-408b-8c95-b3dd1f9d1744@group-27FD2424924E replies to ELECTION vote request: ec6086c2-fc50-413c-afc3-6eccceec3a30<-0f19c1f7-7e7d-408b-8c95-b3dd1f9d1744#0:OK-t1. Peer's state: 0f19c1f7-7e7d-408b-8c95-b3dd1f9d1744@group-27FD2424924E:t1, leader=null, voted=ec6086c2-fc50-413c-afc3-6eccceec3a30, raftlog=Memoized:0f19c1f7-7e7d-408b-8c95-b3dd1f9d1744@group-27FD2424924E-SegmentedRaftLog:OPENED:c-1, conf=-1: peers:[f5ffbb19-6856-4431-8ca7-ea850b755d28|rpc:10.1.0.130:37227|dataStream:10.1.0.130:42395|priority:0|startupRole:FOLLOWER, 0f19c1f7-7e7d-408b-8c95-b3dd1f9d1744|rpc:10.1.0.130:40449|dataStream:10.1.0.130:46071|priority:0|startupRole:FOLLOWER, ec6086c2-fc50-413c-afc3-6eccceec3a30|rpc:10.1.0.130:34497|dataStream:10.1.0.130:39119|priority:1|startupRole:FOLLOWER]|listeners:[], old=null
2023-03-15 06:53:15,641 [ec6086c2-fc50-413c-afc3-6eccceec3a30@group-27FD2424924E-LeaderElection13] INFO  server.RaftServer$Division (ServerState.java:setRaftConf(430)) - ec6086c2-fc50-413c-afc3-6eccceec3a30@group-27FD2424924E: set configuration 0: peers:[f5ffbb19-6856-4431-8ca7-ea850b755d28|rpc:10.1.0.130:37227|dataStream:10.1.0.130:42395|priority:0|startupRole:FOLLOWER, 0f19c1f7-7e7d-408b-8c95-b3dd1f9d1744|rpc:10.1.0.130:40449|dataStream:10.1.0.130:46071|priority:0|startupRole:FOLLOWER, ec6086c2-fc50-413c-afc3-6eccceec3a30|rpc:10.1.0.130:34497|dataStream:10.1.0.130:39119|priority:1|startupRole:FOLLOWER]|listeners:[], old=null
2023-03-15 06:53:15,653 [0f19c1f7-7e7d-408b-8c95-b3dd1f9d1744-server-thread1] INFO  ratis.XceiverServerRatis (XceiverServerRatis.java:handleLeaderChangedNotification(905)) - Leader change notification received for group: group-27FD2424924E with new leaderId: ec6086c2-fc50-413c-afc3-6eccceec3a30
2023-03-15 06:53:15,653 [0f19c1f7-7e7d-408b-8c95-b3dd1f9d1744-server-thread1] INFO  server.RaftServer$Division (ServerState.java:setLeader(313)) - 0f19c1f7-7e7d-408b-8c95-b3dd1f9d1744@group-27FD2424924E: change Leader from null to ec6086c2-fc50-413c-afc3-6eccceec3a30 at term 1 for appendEntries, leader elected after 5252ms
2023-03-15 06:53:15,662 [0f19c1f7-7e7d-408b-8c95-b3dd1f9d1744-server-thread2] INFO  server.RaftServer$Division (ServerState.java:setRaftConf(430)) - 0f19c1f7-7e7d-408b-8c95-b3dd1f9d1744@group-27FD2424924E: set configuration 0: peers:[f5ffbb19-6856-4431-8ca7-ea850b755d28|rpc:10.1.0.130:37227|dataStream:10.1.0.130:42395|priority:0|startupRole:FOLLOWER, 0f19c1f7-7e7d-408b-8c95-b3dd1f9d1744|rpc:10.1.0.130:40449|dataStream:10.1.0.130:46071|priority:0|startupRole:FOLLOWER, ec6086c2-fc50-413c-afc3-6eccceec3a30|rpc:10.1.0.130:34497|dataStream:10.1.0.130:39119|priority:1|startupRole:FOLLOWER]|listeners:[], old=null
2023-03-15 06:53:15,663 [0f19c1f7-7e7d-408b-8c95-b3dd1f9d1744-server-thread2] INFO  segmented.SegmentedRaftLogWorker (SegmentedRaftLogWorker.java:startLogSegment(452)) - 0f19c1f7-7e7d-408b-8c95-b3dd1f9d1744@group-27FD2424924E-SegmentedRaftLogWorker: Starting segment from index:0
2023-03-15 06:53:15,664 [0f19c1f7-7e7d-408b-8c95-b3dd1f9d1744@group-27FD2424924E-SegmentedRaftLogWorker] INFO  segmented.SegmentedRaftLogWorker (SegmentedRaftLogWorker.java:execute(656)) - 0f19c1f7-7e7d-408b-8c95-b3dd1f9d1744@group-27FD2424924E-SegmentedRaftLogWorker: created new log segment /home/runner/work/ozone/ozone/hadoop-ozone/integration-test/target/test-dir/MiniOzoneClusterImpl-8d40f1f0-3e23-4273-879b-a609159ae6a4/datanode-0/data/ratis/d334167e-b948-4e6e-a1d2-27fd2424924e/current/log_inprogress_0
2023-03-15 06:53:15,668 [f5ffbb19-6856-4431-8ca7-ea850b755d28-server-thread1] INFO  ratis.XceiverServerRatis (XceiverServerRatis.java:handleLeaderChangedNotification(905)) - Leader change notification received for group: group-27FD2424924E with new leaderId: ec6086c2-fc50-413c-afc3-6eccceec3a30
2023-03-15 06:53:15,668 [f5ffbb19-6856-4431-8ca7-ea850b755d28-server-thread1] INFO  server.RaftServer$Division (ServerState.java:setLeader(313)) - f5ffbb19-6856-4431-8ca7-ea850b755d28@group-27FD2424924E: change Leader from null to ec6086c2-fc50-413c-afc3-6eccceec3a30 at term 1 for appendEntries, leader elected after 5136ms
2023-03-15 06:53:15,668 [f5ffbb19-6856-4431-8ca7-ea850b755d28-server-thread1] INFO  server.RaftServer$Division (ServerState.java:setRaftConf(430)) - f5ffbb19-6856-4431-8ca7-ea850b755d28@group-27FD2424924E: set configuration 0: peers:[f5ffbb19-6856-4431-8ca7-ea850b755d28|rpc:10.1.0.130:37227|dataStream:10.1.0.130:42395|priority:0|startupRole:FOLLOWER, 0f19c1f7-7e7d-408b-8c95-b3dd1f9d1744|rpc:10.1.0.130:40449|dataStream:10.1.0.130:46071|priority:0|startupRole:FOLLOWER, ec6086c2-fc50-413c-afc3-6eccceec3a30|rpc:10.1.0.130:34497|dataStream:10.1.0.130:39119|priority:1|startupRole:FOLLOWER]|listeners:[], old=null
2023-03-15 06:53:15,668 [f5ffbb19-6856-4431-8ca7-ea850b755d28-server-thread1] INFO  segmented.SegmentedRaftLogWorker (SegmentedRaftLogWorker.java:startLogSegment(452)) - f5ffbb19-6856-4431-8ca7-ea850b755d28@group-27FD2424924E-SegmentedRaftLogWorker: Starting segment from index:0
2023-03-15 06:53:15,670 [f5ffbb19-6856-4431-8ca7-ea850b755d28@group-27FD2424924E-SegmentedRaftLogWorker] INFO  segmented.SegmentedRaftLogWorker (SegmentedRaftLogWorker.java:execute(656)) - f5ffbb19-6856-4431-8ca7-ea850b755d28@group-27FD2424924E-SegmentedRaftLogWorker: created new log segment /home/runner/work/ozone/ozone/hadoop-ozone/integration-test/target/test-dir/MiniOzoneClusterImpl-8d40f1f0-3e23-4273-879b-a609159ae6a4/datanode-2/data/ratis/d334167e-b948-4e6e-a1d2-27fd2424924e/current/log_inprogress_0
2023-03-15 06:53:16,068 [Listener at 127.0.0.1/33927] INFO  ozone.MiniOzoneClusterImpl (MiniOzoneClusterImpl.java:lambda$waitForClusterToBeReady$0(218)) - Nodes are ready. Got 3 of 3 DN Heartbeats.
2023-03-15 06:53:16,068 [Listener at 127.0.0.1/33927] INFO  ozone.MiniOzoneClusterImpl (MiniOzoneClusterImpl.java:lambda$waitForClusterToBeReady$0(221)) - Cluster exits safe mode
2023-03-15 06:53:16,068 [Listener at 127.0.0.1/33927] INFO  ozone.MiniOzoneClusterImpl (MiniOzoneClusterImpl.java:lambda$waitForClusterToBeReady$0(223)) - SCM became leader
2023-03-15 06:53:16,124 [Listener at 127.0.0.1/33927] INFO  rpc.RpcClient (RpcClient.java:createVolume(476)) - Creating Volume: volume16901, with user83146 as owner and space quota set to -1 bytes, counts quota set to -1
2023-03-15 06:53:16,159 [OM StateMachine ApplyTransaction Thread - 0] INFO  volume.OMVolumeCreateRequest (OMVolumeCreateRequest.java:validateAndUpdateCache(195)) - created volume:volume16901 for user:user83146
2023-03-15 06:53:16,168 [OM StateMachine ApplyTransaction Thread - 0] INFO  volume.OMVolumeCreateRequest (OMVolumeCreateRequest.java:validateAndUpdateCache(195)) - created volume:volume16901 for user:user83146
2023-03-15 06:53:16,175 [OM StateMachine ApplyTransaction Thread - 0] INFO  volume.OMVolumeCreateRequest (OMVolumeCreateRequest.java:validateAndUpdateCache(195)) - created volume:volume16901 for user:user83146
2023-03-15 06:53:16,178 [Listener at 127.0.0.1/33927] INFO  rpc.RpcClient (RpcClient.java:createBucket(698)) - Creating Bucket: volume16901/bucket69736, with bucket layout FILE_SYSTEM_OPTIMIZED, runner as owner, Versioning false, Storage Type set to DISK and Encryption set to false, Replication Type set to server-side default replication type, Namespace Quota set to -1, Space Quota set to -1 
2023-03-15 06:53:16,185 [OM StateMachine ApplyTransaction Thread - 0] INFO  bucket.OMBucketCreateRequest (OMBucketCreateRequest.java:validateAndUpdateCache(263)) - created bucket: bucket69736 of layout FILE_SYSTEM_OPTIMIZED in volume: volume16901
2023-03-15 06:53:16,196 [OM StateMachine ApplyTransaction Thread - 0] INFO  bucket.OMBucketCreateRequest (OMBucketCreateRequest.java:validateAndUpdateCache(263)) - created bucket: bucket69736 of layout FILE_SYSTEM_OPTIMIZED in volume: volume16901
2023-03-15 06:53:16,201 [OM StateMachine ApplyTransaction Thread - 0] INFO  bucket.OMBucketCreateRequest (OMBucketCreateRequest.java:validateAndUpdateCache(263)) - created bucket: bucket69736 of layout FILE_SYSTEM_OPTIMIZED in volume: volume16901
2023-03-15 06:53:16,209 [Listener at 127.0.0.1/33927] INFO  utils.BackgroundService (BackgroundService.java:shutdown(141)) - Shutting down service KeyDeletingService
2023-03-15 06:53:16,209 [Listener at 127.0.0.1/33927] INFO  utils.BackgroundService (BackgroundService.java:shutdown(141)) - Shutting down service DirectoryDeletingService
2023-03-15 06:53:16,210 [Listener at 127.0.0.1/33927] INFO  utils.BackgroundService (BackgroundService.java:shutdown(141)) - Shutting down service OpenKeyCleanupService
2023-03-15 06:53:16,210 [Listener at 127.0.0.1/33927] INFO  utils.BackgroundService (BackgroundService.java:shutdown(141)) - Shutting down service SstFilteringService
2023-03-15 06:53:16,210 [Listener at 127.0.0.1/33927] INFO  utils.BackgroundService (BackgroundService.java:shutdown(141)) - Shutting down service SnapshotDeletingService
2023-03-15 06:53:16,210 [Listener at 127.0.0.1/33927] WARN  server.ServerUtils (ServerUtils.java:getDBPath(225)) - ozone.om.db.dirs is not configured. We recommend adding this setting. Falling back to ozone.metadata.dirs instead.
2023-03-15 06:53:16,212 [Time-limited test] INFO  rpc.RpcClient (RpcClient.java:createVolume(476)) - Creating Volume: vol-19215, with runner as owner and space quota set to -1 bytes, counts quota set to -1
2023-03-15 06:53:16,216 [OM StateMachine ApplyTransaction Thread - 0] INFO  volume.OMVolumeCreateRequest (OMVolumeCreateRequest.java:validateAndUpdateCache(195)) - created volume:vol-19215 for user:runner
2023-03-15 06:53:16,222 [OM StateMachine ApplyTransaction Thread - 0] INFO  volume.OMVolumeCreateRequest (OMVolumeCreateRequest.java:validateAndUpdateCache(195)) - created volume:vol-19215 for user:runner
2023-03-15 06:53:16,223 [OM StateMachine ApplyTransaction Thread - 0] INFO  volume.OMVolumeCreateRequest (OMVolumeCreateRequest.java:validateAndUpdateCache(195)) - created volume:vol-19215 for user:runner
2023-03-15 06:53:16,229 [Time-limited test] INFO  rpc.RpcClient (RpcClient.java:createBucket(698)) - Creating Bucket: vol-19215/buck-98485, with server-side default bucket layout, runner as owner, Versioning false, Storage Type set to DISK and Encryption set to false, Replication Type set to server-side default replication type, Namespace Quota set to -1, Space Quota set to -1 
2023-03-15 06:53:16,243 [OM StateMachine ApplyTransaction Thread - 0] INFO  bucket.OMBucketCreateRequest (OMBucketCreateRequest.java:validateAndUpdateCache(263)) - created bucket: buck-98485 of layout FILE_SYSTEM_OPTIMIZED in volume: vol-19215
2023-03-15 06:53:16,246 [OM StateMachine ApplyTransaction Thread - 0] INFO  bucket.OMBucketCreateRequest (OMBucketCreateRequest.java:validateAndUpdateCache(263)) - created bucket: buck-98485 of layout FILE_SYSTEM_OPTIMIZED in volume: vol-19215
2023-03-15 06:53:16,246 [OM StateMachine ApplyTransaction Thread - 0] INFO  bucket.OMBucketCreateRequest (OMBucketCreateRequest.java:validateAndUpdateCache(263)) - created bucket: buck-98485 of layout FILE_SYSTEM_OPTIMIZED in volume: vol-19215
2023-03-15 06:53:16,255 [IPC Server handler 3 on default port 43979] INFO  ha.SequenceIdGenerator (SequenceIdGenerator.java:getNextId(128)) - Allocate a batch for containerId, change lastId from 0 to 1000.
2023-03-15 06:53:16,256 [IPC Server handler 3 on default port 43979] WARN  ha.SequenceIdGenerator (SequenceIdGenerator.java:allocateBatch(237)) - Failed to allocate a batch for localId, expected lastId is 0, actual lastId is 111677748019200000.
2023-03-15 06:53:16,256 [IPC Server handler 3 on default port 43979] INFO  ha.SequenceIdGenerator (SequenceIdGenerator.java:getNextId(128)) - Allocate a batch for localId, change lastId from 111677748019200000 to 111677748019201000.
2023-03-15 06:53:16,267 [f5ffbb19-6856-4431-8ca7-ea850b755d28@group-90325CBA88A0-FollowerState] INFO  impl.FollowerState (FollowerState.java:run(143)) - f5ffbb19-6856-4431-8ca7-ea850b755d28@group-90325CBA88A0-FollowerState: change to CANDIDATE, lastRpcElapsedTime:5139643248ns, electionTimeout:5136ms
2023-03-15 06:53:16,267 [f5ffbb19-6856-4431-8ca7-ea850b755d28@group-90325CBA88A0-FollowerState] INFO  impl.RoleInfo (RoleInfo.java:shutdownFollowerState(110)) - f5ffbb19-6856-4431-8ca7-ea850b755d28: shutdown f5ffbb19-6856-4431-8ca7-ea850b755d28@group-90325CBA88A0-FollowerState
2023-03-15 06:53:16,267 [f5ffbb19-6856-4431-8ca7-ea850b755d28@group-90325CBA88A0-FollowerState] INFO  server.RaftServer$Division (RaftServerImpl.java:setRole(321)) - f5ffbb19-6856-4431-8ca7-ea850b755d28@group-90325CBA88A0: changes role from  FOLLOWER to CANDIDATE at term 0 for changeToCandidate
2023-03-15 06:53:16,278 [f5ffbb19-6856-4431-8ca7-ea850b755d28@group-90325CBA88A0-FollowerState] INFO  server.RaftServerConfigKeys (ConfUtils.java:logGet(46)) - raft.server.leaderelection.pre-vote = true (default)
2023-03-15 06:53:16,278 [f5ffbb19-6856-4431-8ca7-ea850b755d28@group-90325CBA88A0-FollowerState] INFO  impl.RoleInfo (RoleInfo.java:updateAndGet(139)) - f5ffbb19-6856-4431-8ca7-ea850b755d28: start f5ffbb19-6856-4431-8ca7-ea850b755d28@group-90325CBA88A0-LeaderElection15
2023-03-15 06:53:16,286 [f5ffbb19-6856-4431-8ca7-ea850b755d28@group-90325CBA88A0-LeaderElection15] INFO  impl.LeaderElection (LeaderElection.java:askForVotes(312)) - f5ffbb19-6856-4431-8ca7-ea850b755d28@group-90325CBA88A0-LeaderElection15 PRE_VOTE round 0: submit vote requests at term 0 for -1: peers:[f5ffbb19-6856-4431-8ca7-ea850b755d28|rpc:10.1.0.130:37227|dataStream:10.1.0.130:42395|priority:1|startupRole:FOLLOWER]|listeners:[], old=null
2023-03-15 06:53:16,286 [f5ffbb19-6856-4431-8ca7-ea850b755d28@group-90325CBA88A0-LeaderElection15] INFO  impl.LeaderElection (LeaderElection.java:askForVotes(314)) - f5ffbb19-6856-4431-8ca7-ea850b755d28@group-90325CBA88A0-LeaderElection15 PRE_VOTE round 0: result PASSED (term=0)
2023-03-15 06:53:16,288 [f5ffbb19-6856-4431-8ca7-ea850b755d28@group-90325CBA88A0-LeaderElection15] INFO  impl.LeaderElection (LeaderElection.java:askForVotes(312)) - f5ffbb19-6856-4431-8ca7-ea850b755d28@group-90325CBA88A0-LeaderElection15 ELECTION round 0: submit vote requests at term 1 for -1: peers:[f5ffbb19-6856-4431-8ca7-ea850b755d28|rpc:10.1.0.130:37227|dataStream:10.1.0.130:42395|priority:1|startupRole:FOLLOWER]|listeners:[], old=null
2023-03-15 06:53:16,288 [f5ffbb19-6856-4431-8ca7-ea850b755d28@group-90325CBA88A0-LeaderElection15] INFO  impl.LeaderElection (LeaderElection.java:askForVotes(314)) - f5ffbb19-6856-4431-8ca7-ea850b755d28@group-90325CBA88A0-LeaderElection15 ELECTION round 0: result PASSED (term=1)
2023-03-15 06:53:16,288 [f5ffbb19-6856-4431-8ca7-ea850b755d28@group-90325CBA88A0-LeaderElection15] INFO  impl.RoleInfo (RoleInfo.java:shutdownLeaderElection(130)) - f5ffbb19-6856-4431-8ca7-ea850b755d28: shutdown f5ffbb19-6856-4431-8ca7-ea850b755d28@group-90325CBA88A0-LeaderElection15
2023-03-15 06:53:16,288 [f5ffbb19-6856-4431-8ca7-ea850b755d28@group-90325CBA88A0-LeaderElection15] INFO  server.RaftServer$Division (RaftServerImpl.java:setRole(321)) - f5ffbb19-6856-4431-8ca7-ea850b755d28@group-90325CBA88A0: changes role from CANDIDATE to LEADER at term 1 for changeToLeader
2023-03-15 06:53:16,288 [f5ffbb19-6856-4431-8ca7-ea850b755d28@group-90325CBA88A0-LeaderElection15] INFO  ratis.XceiverServerRatis (XceiverServerRatis.java:handleLeaderChangedNotification(905)) - Leader change notification received for group: group-90325CBA88A0 with new leaderId: f5ffbb19-6856-4431-8ca7-ea850b755d28
2023-03-15 06:53:16,290 [f5ffbb19-6856-4431-8ca7-ea850b755d28@group-90325CBA88A0-LeaderElection15] INFO  server.RaftServer$Division (ServerState.java:setLeader(313)) - f5ffbb19-6856-4431-8ca7-ea850b755d28@group-90325CBA88A0: change Leader from null to f5ffbb19-6856-4431-8ca7-ea850b755d28 at term 1 for becomeLeader, leader elected after 5221ms
2023-03-15 06:53:16,291 [f5ffbb19-6856-4431-8ca7-ea850b755d28@group-90325CBA88A0-LeaderElection15] INFO  server.RaftServerConfigKeys (ConfUtils.java:logGet(46)) - raft.server.staging.catchup.gap = 1000 (default)
2023-03-15 06:53:16,291 [f5ffbb19-6856-4431-8ca7-ea850b755d28@group-90325CBA88A0-LeaderElection15] INFO  server.RaftServerConfigKeys (ConfUtils.java:logGet(46)) - raft.server.write.element-limit = 1024 (custom)
2023-03-15 06:53:16,291 [f5ffbb19-6856-4431-8ca7-ea850b755d28@group-90325CBA88A0-LeaderElection15] INFO  server.RaftServerConfigKeys (ConfUtils.java:logGet(46)) - raft.server.write.byte-limit = 1024 M (=1073741824) (custom)
2023-03-15 06:53:16,291 [f5ffbb19-6856-4431-8ca7-ea850b755d28@group-90325CBA88A0-LeaderElection15] INFO  server.RaftServerConfigKeys (ConfUtils.java:logGet(46)) - raft.server.watch.timeout = 180s (custom)
2023-03-15 06:53:16,291 [f5ffbb19-6856-4431-8ca7-ea850b755d28@group-90325CBA88A0-LeaderElection15] INFO  server.RaftServerConfigKeys (ConfUtils.java:logGet(46)) - raft.server.watch.timeout.denomination = 1s (default)
2023-03-15 06:53:16,292 [f5ffbb19-6856-4431-8ca7-ea850b755d28@group-90325CBA88A0-LeaderElection15] INFO  server.RaftServerConfigKeys (ConfUtils.java:logGet(46)) - raft.server.watch.element-limit = 65536 (default)
2023-03-15 06:53:16,293 [f5ffbb19-6856-4431-8ca7-ea850b755d28@group-90325CBA88A0-LeaderElection15] INFO  server.RaftServerConfigKeys (ConfUtils.java:logGet(46)) - raft.server.write.element-limit = 1024 (custom)
2023-03-15 06:53:16,293 [f5ffbb19-6856-4431-8ca7-ea850b755d28@group-90325CBA88A0-LeaderElection15] INFO  server.RaftServerConfigKeys (ConfUtils.java:logGet(46)) - raft.server.write.follower.gap.ratio.max = -1.0 (default)
2023-03-15 06:53:16,293 [f5ffbb19-6856-4431-8ca7-ea850b755d28@group-90325CBA88A0-LeaderElection15] INFO  impl.RoleInfo (RoleInfo.java:updateAndGet(139)) - f5ffbb19-6856-4431-8ca7-ea850b755d28: start f5ffbb19-6856-4431-8ca7-ea850b755d28@group-90325CBA88A0-LeaderStateImpl
2023-03-15 06:53:16,294 [f5ffbb19-6856-4431-8ca7-ea850b755d28@group-90325CBA88A0-LeaderElection15] INFO  segmented.SegmentedRaftLogWorker (SegmentedRaftLogWorker.java:startLogSegment(452)) - f5ffbb19-6856-4431-8ca7-ea850b755d28@group-90325CBA88A0-SegmentedRaftLogWorker: Starting segment from index:0
2023-03-15 06:53:16,294 [ec6086c2-fc50-413c-afc3-6eccceec3a30@group-C6ADD05F41FF-FollowerState] INFO  impl.FollowerState (FollowerState.java:run(143)) - ec6086c2-fc50-413c-afc3-6eccceec3a30@group-C6ADD05F41FF-FollowerState: change to CANDIDATE, lastRpcElapsedTime:5197795114ns, electionTimeout:5195ms
2023-03-15 06:53:16,295 [ec6086c2-fc50-413c-afc3-6eccceec3a30@group-C6ADD05F41FF-FollowerState] INFO  impl.RoleInfo (RoleInfo.java:shutdownFollowerState(110)) - ec6086c2-fc50-413c-afc3-6eccceec3a30: shutdown ec6086c2-fc50-413c-afc3-6eccceec3a30@group-C6ADD05F41FF-FollowerState
2023-03-15 06:53:16,295 [ec6086c2-fc50-413c-afc3-6eccceec3a30@group-C6ADD05F41FF-FollowerState] INFO  server.RaftServer$Division (RaftServerImpl.java:setRole(321)) - ec6086c2-fc50-413c-afc3-6eccceec3a30@group-C6ADD05F41FF: changes role from  FOLLOWER to CANDIDATE at term 0 for changeToCandidate
2023-03-15 06:53:16,295 [f5ffbb19-6856-4431-8ca7-ea850b755d28@group-90325CBA88A0-SegmentedRaftLogWorker] INFO  segmented.SegmentedRaftLogWorker (SegmentedRaftLogWorker.java:execute(656)) - f5ffbb19-6856-4431-8ca7-ea850b755d28@group-90325CBA88A0-SegmentedRaftLogWorker: created new log segment /home/runner/work/ozone/ozone/hadoop-ozone/integration-test/target/test-dir/MiniOzoneClusterImpl-8d40f1f0-3e23-4273-879b-a609159ae6a4/datanode-2/data/ratis/99283544-3900-4360-bc8d-90325cba88a0/current/log_inprogress_0
2023-03-15 06:53:16,298 [ec6086c2-fc50-413c-afc3-6eccceec3a30@group-C6ADD05F41FF-FollowerState] INFO  server.RaftServerConfigKeys (ConfUtils.java:logGet(46)) - raft.server.leaderelection.pre-vote = true (default)
2023-03-15 06:53:16,298 [ec6086c2-fc50-413c-afc3-6eccceec3a30@group-C6ADD05F41FF-FollowerState] INFO  impl.RoleInfo (RoleInfo.java:updateAndGet(139)) - ec6086c2-fc50-413c-afc3-6eccceec3a30: start ec6086c2-fc50-413c-afc3-6eccceec3a30@group-C6ADD05F41FF-LeaderElection16
2023-03-15 06:53:16,299 [f5ffbb19-6856-4431-8ca7-ea850b755d28@group-90325CBA88A0-LeaderElection15] INFO  server.RaftServer$Division (ServerState.java:setRaftConf(430)) - f5ffbb19-6856-4431-8ca7-ea850b755d28@group-90325CBA88A0: set configuration 0: peers:[f5ffbb19-6856-4431-8ca7-ea850b755d28|rpc:10.1.0.130:37227|dataStream:10.1.0.130:42395|priority:1|startupRole:FOLLOWER]|listeners:[], old=null
2023-03-15 06:53:16,311 [ec6086c2-fc50-413c-afc3-6eccceec3a30@group-C6ADD05F41FF-LeaderElection16] INFO  impl.LeaderElection (LeaderElection.java:askForVotes(312)) - ec6086c2-fc50-413c-afc3-6eccceec3a30@group-C6ADD05F41FF-LeaderElection16 PRE_VOTE round 0: submit vote requests at term 0 for -1: peers:[ec6086c2-fc50-413c-afc3-6eccceec3a30|rpc:10.1.0.130:34497|dataStream:10.1.0.130:39119|priority:1|startupRole:FOLLOWER]|listeners:[], old=null
2023-03-15 06:53:16,311 [ec6086c2-fc50-413c-afc3-6eccceec3a30@group-C6ADD05F41FF-LeaderElection16] INFO  impl.LeaderElection (LeaderElection.java:askForVotes(314)) - ec6086c2-fc50-413c-afc3-6eccceec3a30@group-C6ADD05F41FF-LeaderElection16 PRE_VOTE round 0: result PASSED (term=0)
2023-03-15 06:53:16,312 [ec6086c2-fc50-413c-afc3-6eccceec3a30@group-C6ADD05F41FF-LeaderElection16] INFO  impl.LeaderElection (LeaderElection.java:askForVotes(312)) - ec6086c2-fc50-413c-afc3-6eccceec3a30@group-C6ADD05F41FF-LeaderElection16 ELECTION round 0: submit vote requests at term 1 for -1: peers:[ec6086c2-fc50-413c-afc3-6eccceec3a30|rpc:10.1.0.130:34497|dataStream:10.1.0.130:39119|priority:1|startupRole:FOLLOWER]|listeners:[], old=null
2023-03-15 06:53:16,312 [ec6086c2-fc50-413c-afc3-6eccceec3a30@group-C6ADD05F41FF-LeaderElection16] INFO  impl.LeaderElection (LeaderElection.java:askForVotes(314)) - ec6086c2-fc50-413c-afc3-6eccceec3a30@group-C6ADD05F41FF-LeaderElection16 ELECTION round 0: result PASSED (term=1)
2023-03-15 06:53:16,312 [ec6086c2-fc50-413c-afc3-6eccceec3a30@group-C6ADD05F41FF-LeaderElection16] INFO  impl.RoleInfo (RoleInfo.java:shutdownLeaderElection(130)) - ec6086c2-fc50-413c-afc3-6eccceec3a30: shutdown ec6086c2-fc50-413c-afc3-6eccceec3a30@group-C6ADD05F41FF-LeaderElection16
2023-03-15 06:53:16,312 [ec6086c2-fc50-413c-afc3-6eccceec3a30@group-C6ADD05F41FF-LeaderElection16] INFO  server.RaftServer$Division (RaftServerImpl.java:setRole(321)) - ec6086c2-fc50-413c-afc3-6eccceec3a30@group-C6ADD05F41FF: changes role from CANDIDATE to LEADER at term 1 for changeToLeader
2023-03-15 06:53:16,313 [ec6086c2-fc50-413c-afc3-6eccceec3a30@group-C6ADD05F41FF-LeaderElection16] INFO  ratis.XceiverServerRatis (XceiverServerRatis.java:handleLeaderChangedNotification(905)) - Leader change notification received for group: group-C6ADD05F41FF with new leaderId: ec6086c2-fc50-413c-afc3-6eccceec3a30
2023-03-15 06:53:16,313 [ec6086c2-fc50-413c-afc3-6eccceec3a30@group-C6ADD05F41FF-LeaderElection16] INFO  server.RaftServer$Division (ServerState.java:setLeader(313)) - ec6086c2-fc50-413c-afc3-6eccceec3a30@group-C6ADD05F41FF: change Leader from null to ec6086c2-fc50-413c-afc3-6eccceec3a30 at term 1 for becomeLeader, leader elected after 5233ms
2023-03-15 06:53:16,313 [ec6086c2-fc50-413c-afc3-6eccceec3a30@group-C6ADD05F41FF-LeaderElection16] INFO  server.RaftServerConfigKeys (ConfUtils.java:logGet(46)) - raft.server.staging.catchup.gap = 1000 (default)
2023-03-15 06:53:16,313 [ec6086c2-fc50-413c-afc3-6eccceec3a30@group-C6ADD05F41FF-LeaderElection16] INFO  server.RaftServerConfigKeys (ConfUtils.java:logGet(46)) - raft.server.write.element-limit = 1024 (custom)
2023-03-15 06:53:16,313 [ec6086c2-fc50-413c-afc3-6eccceec3a30@group-C6ADD05F41FF-LeaderElection16] INFO  server.RaftServerConfigKeys (ConfUtils.java:logGet(46)) - raft.server.write.byte-limit = 1024 M (=1073741824) (custom)
2023-03-15 06:53:16,313 [ec6086c2-fc50-413c-afc3-6eccceec3a30@group-C6ADD05F41FF-LeaderElection16] INFO  server.RaftServerConfigKeys (ConfUtils.java:logGet(46)) - raft.server.watch.timeout = 180s (custom)
2023-03-15 06:53:16,313 [ec6086c2-fc50-413c-afc3-6eccceec3a30@group-C6ADD05F41FF-LeaderElection16] INFO  server.RaftServerConfigKeys (ConfUtils.java:logGet(46)) - raft.server.watch.timeout.denomination = 1s (default)
2023-03-15 06:53:16,313 [ec6086c2-fc50-413c-afc3-6eccceec3a30@group-C6ADD05F41FF-LeaderElection16] INFO  server.RaftServerConfigKeys (ConfUtils.java:logGet(46)) - raft.server.watch.element-limit = 65536 (default)
2023-03-15 06:53:16,314 [ec6086c2-fc50-413c-afc3-6eccceec3a30@group-C6ADD05F41FF-LeaderElection16] INFO  server.RaftServerConfigKeys (ConfUtils.java:logGet(46)) - raft.server.write.element-limit = 1024 (custom)
2023-03-15 06:53:16,314 [ec6086c2-fc50-413c-afc3-6eccceec3a30@group-C6ADD05F41FF-LeaderElection16] INFO  server.RaftServerConfigKeys (ConfUtils.java:logGet(46)) - raft.server.write.follower.gap.ratio.max = -1.0 (default)
2023-03-15 06:53:16,315 [ec6086c2-fc50-413c-afc3-6eccceec3a30@group-C6ADD05F41FF-LeaderElection16] INFO  impl.RoleInfo (RoleInfo.java:updateAndGet(139)) - ec6086c2-fc50-413c-afc3-6eccceec3a30: start ec6086c2-fc50-413c-afc3-6eccceec3a30@group-C6ADD05F41FF-LeaderStateImpl
2023-03-15 06:53:16,315 [ec6086c2-fc50-413c-afc3-6eccceec3a30@group-C6ADD05F41FF-LeaderElection16] INFO  segmented.SegmentedRaftLogWorker (SegmentedRaftLogWorker.java:startLogSegment(452)) - ec6086c2-fc50-413c-afc3-6eccceec3a30@group-C6ADD05F41FF-SegmentedRaftLogWorker: Starting segment from index:0
2023-03-15 06:53:16,315 [ec6086c2-fc50-413c-afc3-6eccceec3a30@group-C6ADD05F41FF-LeaderElection16] INFO  server.RaftServer$Division (ServerState.java:setRaftConf(430)) - ec6086c2-fc50-413c-afc3-6eccceec3a30@group-C6ADD05F41FF: set configuration 0: peers:[ec6086c2-fc50-413c-afc3-6eccceec3a30|rpc:10.1.0.130:34497|dataStream:10.1.0.130:39119|priority:1|startupRole:FOLLOWER]|listeners:[], old=null
2023-03-15 06:53:16,319 [ec6086c2-fc50-413c-afc3-6eccceec3a30@group-C6ADD05F41FF-SegmentedRaftLogWorker] INFO  segmented.SegmentedRaftLogWorker (SegmentedRaftLogWorker.java:execute(656)) - ec6086c2-fc50-413c-afc3-6eccceec3a30@group-C6ADD05F41FF-SegmentedRaftLogWorker: created new log segment /home/runner/work/ozone/ozone/hadoop-ozone/integration-test/target/test-dir/MiniOzoneClusterImpl-8d40f1f0-3e23-4273-879b-a609159ae6a4/datanode-1/data/ratis/10219cf5-10bc-4f7b-8586-c6add05f41ff/current/log_inprogress_0
2023-03-15 06:53:16,399 [OM StateMachine ApplyTransaction Thread - 0] INFO  snapshot.OMSnapshotCreateRequest (OMSnapshotCreateRequest.java:validateAndUpdateCache(204)) - Created snapshot 'snap34418' under path 'vol-19215/buck-98485'
2023-03-15 06:53:16,399 [OM StateMachine ApplyTransaction Thread - 0] INFO  snapshot.OMSnapshotCreateRequest (OMSnapshotCreateRequest.java:validateAndUpdateCache(204)) - Created snapshot 'snap34418' under path 'vol-19215/buck-98485'
2023-03-15 06:53:16,400 [OM StateMachine ApplyTransaction Thread - 0] INFO  snapshot.OMSnapshotCreateRequest (OMSnapshotCreateRequest.java:validateAndUpdateCache(204)) - Created snapshot 'snap34418' under path 'vol-19215/buck-98485'
2023-03-15 06:53:16,440 [OMDoubleBufferFlushThread] INFO  db.RDBCheckpointManager (RDBCheckpointManager.java:createCheckpoint(96)) - Created checkpoint in rocksDB at /home/runner/work/ozone/ozone/hadoop-ozone/integration-test/target/test-dir/MiniOzoneClusterImpl-8d40f1f0-3e23-4273-879b-a609159ae6a4/omNode-1/db.snapshots/om.db-5fe78416-29e9-4b13-854c-af19509ea8d6 in 38 milliseconds
2023-03-15 06:53:16,441 [OMDoubleBufferFlushThread] INFO  db.RDBCheckpointManager (RDBCheckpointManager.java:waitForCheckpointDirectoryExist(125)) - Waited for 1 milliseconds for checkpoint directory /home/runner/work/ozone/ozone/hadoop-ozone/integration-test/target/test-dir/MiniOzoneClusterImpl-8d40f1f0-3e23-4273-879b-a609159ae6a4/omNode-1/db.snapshots/om.db-5fe78416-29e9-4b13-854c-af19509ea8d6 availability.
2023-03-15 06:53:16,442 [OMDoubleBufferFlushThread] INFO  om.OmSnapshotManager (OmSnapshotManager.java:createOmSnapshotCheckpoint(170)) - Created checkpoint : /home/runner/work/ozone/ozone/hadoop-ozone/integration-test/target/test-dir/MiniOzoneClusterImpl-8d40f1f0-3e23-4273-879b-a609159ae6a4/omNode-1/db.snapshots/om.db-5fe78416-29e9-4b13-854c-af19509ea8d6 for snapshot snap34418
2023-03-15 06:53:16,444 [OMDoubleBufferFlushThread] INFO  db.RDBCheckpointManager (RDBCheckpointManager.java:createCheckpoint(96)) - Created checkpoint in rocksDB at /home/runner/work/ozone/ozone/hadoop-ozone/integration-test/target/test-dir/MiniOzoneClusterImpl-8d40f1f0-3e23-4273-879b-a609159ae6a4/omNode-3/db.snapshots/om.db-5fe78416-29e9-4b13-854c-af19509ea8d6 in 34 milliseconds
2023-03-15 06:53:16,444 [OMDoubleBufferFlushThread] INFO  db.RDBCheckpointManager (RDBCheckpointManager.java:createCheckpoint(96)) - Created checkpoint in rocksDB at /home/runner/work/ozone/ozone/hadoop-ozone/integration-test/target/test-dir/MiniOzoneClusterImpl-8d40f1f0-3e23-4273-879b-a609159ae6a4/omNode-2/db.snapshots/om.db-5fe78416-29e9-4b13-854c-af19509ea8d6 in 38 milliseconds
2023-03-15 06:53:16,445 [OMDoubleBufferFlushThread] INFO  db.RDBCheckpointManager (RDBCheckpointManager.java:waitForCheckpointDirectoryExist(125)) - Waited for 1 milliseconds for checkpoint directory /home/runner/work/ozone/ozone/hadoop-ozone/integration-test/target/test-dir/MiniOzoneClusterImpl-8d40f1f0-3e23-4273-879b-a609159ae6a4/omNode-3/db.snapshots/om.db-5fe78416-29e9-4b13-854c-af19509ea8d6 availability.
2023-03-15 06:53:16,445 [OMDoubleBufferFlushThread] INFO  om.OmSnapshotManager (OmSnapshotManager.java:createOmSnapshotCheckpoint(170)) - Created checkpoint : /home/runner/work/ozone/ozone/hadoop-ozone/integration-test/target/test-dir/MiniOzoneClusterImpl-8d40f1f0-3e23-4273-879b-a609159ae6a4/omNode-3/db.snapshots/om.db-5fe78416-29e9-4b13-854c-af19509ea8d6 for snapshot snap34418
2023-03-15 06:53:16,445 [OMDoubleBufferFlushThread] INFO  db.RDBCheckpointManager (RDBCheckpointManager.java:waitForCheckpointDirectoryExist(125)) - Waited for 0 milliseconds for checkpoint directory /home/runner/work/ozone/ozone/hadoop-ozone/integration-test/target/test-dir/MiniOzoneClusterImpl-8d40f1f0-3e23-4273-879b-a609159ae6a4/omNode-2/db.snapshots/om.db-5fe78416-29e9-4b13-854c-af19509ea8d6 availability.
2023-03-15 06:53:16,447 [OMDoubleBufferFlushThread] INFO  om.OmSnapshotManager (OmSnapshotManager.java:createOmSnapshotCheckpoint(170)) - Created checkpoint : /home/runner/work/ozone/ozone/hadoop-ozone/integration-test/target/test-dir/MiniOzoneClusterImpl-8d40f1f0-3e23-4273-879b-a609159ae6a4/omNode-2/db.snapshots/om.db-5fe78416-29e9-4b13-854c-af19509ea8d6 for snapshot snap34418
]]></system-out>
  </testcase>
  <testcase name="testCreateSnapshotMissingMandatoryParams" classname="TestOmSnapshot" time="23.05">
    <system-out><![CDATA[2023-03-15 06:53:53,252 [Listener at 127.0.0.1/33927] INFO  ozone.MiniOzoneClusterImpl (MiniOzoneClusterImpl.java:shutdown(450)) - Shutting down the Mini Ozone Cluster
2023-03-15 06:53:53,252 [Listener at 127.0.0.1/33927] INFO  ozone.MiniOzoneHAClusterImpl (MiniOzoneHAClusterImpl.java:stop(312)) - Stopping the OzoneManager omNode-3
2023-03-15 06:53:53,252 [Listener at 127.0.0.1/33927] INFO  om.OzoneManager (OzoneManager.java:stop(2166)) - omNode-3[localhost:33927]: Stopping Ozone Manager
2023-03-15 06:53:53,252 [Listener at 127.0.0.1/33927] INFO  ipc.Server (Server.java:stop(3428)) - Stopping server on 33927
2023-03-15 06:53:53,266 [IPC Server Responder] INFO  ipc.Server (Server.java:run(1517)) - Stopping IPC Server Responder
2023-03-15 06:53:53,267 [IPC Server listener on 33927] INFO  ipc.Server (Server.java:run(1384)) - Stopping IPC Server listener on 33927
2023-03-15 06:53:53,267 [Listener at 127.0.0.1/33927] INFO  server.RaftServer (RaftServerProxy.java:lambda$close$6(409)) - omNode-3: close
2023-03-15 06:53:53,267 [Listener at 127.0.0.1/33927] INFO  server.GrpcService (GrpcService.java:closeImpl(271)) - omNode-3: shutdown server GrpcServerProtocolService now
2023-03-15 06:53:53,267 [omNode-3-impl-thread1] INFO  server.RaftServer$Division (RaftServerImpl.java:lambda$close$4(458)) - omNode-3@group-523986131536: shutdown
2023-03-15 06:53:53,267 [omNode-3-impl-thread1] INFO  util.JmxRegister (JmxRegister.java:unregister(73)) - Successfully un-registered JMX Bean with object name Ratis:service=RaftServer,group=group-523986131536,id=omNode-3
2023-03-15 06:53:53,267 [omNode-3-impl-thread1] INFO  impl.RoleInfo (RoleInfo.java:shutdownFollowerState(110)) - omNode-3: shutdown omNode-3@group-523986131536-FollowerState
2023-03-15 06:53:53,268 [omNode-3-impl-thread1] INFO  impl.StateMachineUpdater (StateMachineUpdater.java:stopAndJoin(153)) - omNode-3@group-523986131536-StateMachineUpdater: set stopIndex = 718
2023-03-15 06:53:53,268 [omNode-3@group-523986131536-FollowerState] INFO  impl.FollowerState (FollowerState.java:run(152)) - omNode-3@group-523986131536-FollowerState was interrupted
2023-03-15 06:53:53,268 [omNode-3@group-523986131536-StateMachineUpdater] INFO  ratis.OzoneManagerStateMachine (OzoneManagerStateMachine.java:takeSnapshot(445)) - Current Snapshot Index (t:1, i:718)
2023-03-15 06:53:53,275 [grpc-default-executor-7] WARN  server.GrpcLogAppender (LogUtils.java:warn(122)) - omNode-1@group-523986131536->omNode-3-AppendLogResponseHandler: Failed appendEntries: org.apache.ratis.thirdparty.io.grpc.StatusRuntimeException: CANCELLED: RST_STREAM closed stream. HTTP/2 error code: CANCEL
2023-03-15 06:53:53,275 [grpc-default-executor-7] INFO  leader.FollowerInfo (FollowerInfoImpl.java:lambda$new$0(48)) - omNode-1@group-523986131536->omNode-3: nextIndex: updateUnconditionally 719 -> 718
2023-03-15 06:53:53,275 [grpc-default-executor-11] WARN  server.GrpcServerProtocolService (LogUtils.java:warn(122)) - omNode-3: installSnapshot onError, lastRequest: omNode-1->omNode-3#368067-t1,previous=(t:1, i:717),leaderCommit=717,initializing? true,entries: size=1, first=(t:1, i:718), METADATAENTRY(c:717): org.apache.ratis.thirdparty.io.grpc.StatusRuntimeException: CANCELLED: client cancelled
2023-03-15 06:53:53,282 [Listener at 127.0.0.1/33927] INFO  server.GrpcService (GrpcService.java:closeImpl(280)) - omNode-3: shutdown server GrpcServerProtocolService successfully
2023-03-15 06:53:53,283 [grpc-default-executor-8] WARN  server.GrpcServerProtocolService (LogUtils.java:warn(122)) - omNode-3: installSnapshot onError, lastRequest: null: org.apache.ratis.thirdparty.io.grpc.StatusRuntimeException: CANCELLED: client cancelled
2023-03-15 06:53:53,283 [grpc-default-executor-11] WARN  server.GrpcLogAppender (LogUtils.java:warn(122)) - omNode-1@group-523986131536->omNode-3-AppendLogResponseHandler: Failed appendEntries: org.apache.ratis.thirdparty.io.grpc.StatusRuntimeException: CANCELLED: RST_STREAM closed stream. HTTP/2 error code: CANCEL
2023-03-15 06:53:53,285 [grpc-default-executor-11] INFO  leader.FollowerInfo (FollowerInfoImpl.java:lambda$new$0(48)) - omNode-1@group-523986131536->omNode-3: nextIndex: updateUnconditionally 719 -> 718
2023-03-15 06:53:53,289 [grpc-default-executor-3] WARN  server.GrpcLogAppender (LogUtils.java:warn(122)) - omNode-1@group-523986131536->omNode-3-AppendLogResponseHandler: Failed appendEntries: org.apache.ratis.thirdparty.io.grpc.StatusRuntimeException: UNAVAILABLE: io exception
2023-03-15 06:53:53,290 [grpc-default-executor-11] WARN  server.GrpcLogAppender (LogUtils.java:warn(122)) - omNode-1@group-523986131536->omNode-3-AppendLogResponseHandler: Failed appendEntries: org.apache.ratis.thirdparty.io.grpc.StatusRuntimeException: UNAVAILABLE: io exception
2023-03-15 06:53:53,290 [grpc-default-executor-3] INFO  leader.FollowerInfo (FollowerInfoImpl.java:lambda$new$0(48)) - omNode-1@group-523986131536->omNode-3: nextIndex: updateUnconditionally 718 -> 717
2023-03-15 06:53:53,291 [grpc-default-executor-11] INFO  leader.FollowerInfo (FollowerInfoImpl.java:lambda$new$0(48)) - omNode-1@group-523986131536->omNode-3: nextIndex: updateUnconditionally 717 -> 716
2023-03-15 06:53:53,296 [omNode-3@group-523986131536-StateMachineUpdater] INFO  impl.StateMachineUpdater (StateMachineUpdater.java:takeSnapshot(287)) - omNode-3@group-523986131536-StateMachineUpdater: Took a snapshot at index 718
2023-03-15 06:53:53,296 [omNode-3@group-523986131536-StateMachineUpdater] INFO  impl.StateMachineUpdater (StateMachineUpdater.java:lambda$new$0(92)) - omNode-3@group-523986131536-StateMachineUpdater: snapshotIndex: updateIncreasingly -1 -> 718
2023-03-15 06:53:53,296 [omNode-3@group-523986131536-StateMachineUpdater] INFO  ratis.OzoneManagerStateMachine (OzoneManagerStateMachine.java:close(499)) - StateMachine has shutdown. Shutdown OzoneManager if not already shutdown.
2023-03-15 06:53:53,296 [omNode-3@group-523986131536-StateMachineUpdater] INFO  ratis.OzoneManagerDoubleBuffer (OzoneManagerDoubleBuffer.java:stopDaemon(540)) - Stopping OMDoubleBuffer flush thread
2023-03-15 06:53:53,296 [OMDoubleBufferFlushThread] INFO  ratis.OzoneManagerDoubleBuffer (OzoneManagerDoubleBuffer.java:canFlush(625)) - OMDoubleBuffer flush thread OMDoubleBufferFlushThread is interrupted and will exit.
2023-03-15 06:53:53,298 [omNode-3-impl-thread1] INFO  server.RaftServer$Division (ServerState.java:close(466)) - omNode-3@group-523986131536: closes. applyIndex: 718
2023-03-15 06:53:53,298 [omNode-3@group-523986131536-SegmentedRaftLogWorker] INFO  segmented.SegmentedRaftLogWorker (SegmentedRaftLogWorker.java:run(347)) - omNode-3@group-523986131536-SegmentedRaftLogWorker was interrupted, exiting. There are 0 tasks remaining in the queue.
2023-03-15 06:53:53,299 [omNode-3-impl-thread1] INFO  segmented.SegmentedRaftLogWorker (SegmentedRaftLogWorker.java:close(257)) - omNode-3@group-523986131536-SegmentedRaftLogWorker close()
2023-03-15 06:53:53,300 [JvmPauseMonitor8] INFO  util.JvmPauseMonitor (JvmPauseMonitor.java:run(111)) - JvmPauseMonitor-omNode-3: Stopped
2023-03-15 06:53:53,300 [Listener at 127.0.0.1/33927] INFO  ratis.OzoneManagerStateMachine (OzoneManagerStateMachine.java:close(499)) - StateMachine has shutdown. Shutdown OzoneManager if not already shutdown.
2023-03-15 06:53:53,300 [Listener at 127.0.0.1/33927] INFO  ratis.OzoneManagerDoubleBuffer (OzoneManagerDoubleBuffer.java:stopDaemon(549)) - OMDoubleBuffer flush thread is not running.
2023-03-15 06:53:53,301 [Listener at 127.0.0.1/33927] INFO  utils.BackgroundService (BackgroundService.java:shutdown(141)) - Shutting down service KeyDeletingService
2023-03-15 06:53:53,302 [Listener at 127.0.0.1/33927] INFO  utils.BackgroundService (BackgroundService.java:shutdown(141)) - Shutting down service DirectoryDeletingService
2023-03-15 06:53:53,302 [Listener at 127.0.0.1/33927] INFO  utils.BackgroundService (BackgroundService.java:shutdown(141)) - Shutting down service OpenKeyCleanupService
2023-03-15 06:53:53,302 [Listener at 127.0.0.1/33927] INFO  utils.BackgroundService (BackgroundService.java:shutdown(141)) - Shutting down service SstFilteringService
2023-03-15 06:53:53,302 [Listener at 127.0.0.1/33927] INFO  utils.BackgroundService (BackgroundService.java:shutdown(141)) - Shutting down service SnapshotDeletingService
2023-03-15 06:53:53,303 [Listener at 127.0.0.1/33927] INFO  handler.ContextHandler (ContextHandler.java:doStop(1159)) - Stopped o.e.j.w.WebAppContext@6d6928a2{ozoneManager,/,null,STOPPED}{file:/home/runner/work/ozone/ozone/hadoop-ozone/integration-test/target/test-classes/webapps/ozoneManager}
2023-03-15 06:53:53,304 [Listener at 127.0.0.1/33927] INFO  server.AbstractConnector (AbstractConnector.java:doStop(383)) - Stopped ServerConnector@45879a64{HTTP/1.1, (http/1.1)}{0.0.0.0:35147}
2023-03-15 06:53:53,305 [Listener at 127.0.0.1/33927] INFO  server.session (HouseKeeper.java:stopScavenging(149)) - node0 Stopped scavenging
2023-03-15 06:53:53,305 [Listener at 127.0.0.1/33927] INFO  handler.ContextHandler (ContextHandler.java:doStop(1159)) - Stopped o.e.j.s.ServletContextHandler@24045d7a{static,/static,file:///home/runner/work/ozone/ozone/hadoop-ozone/integration-test/target/test-classes/webapps/static,STOPPED}
2023-03-15 06:53:53,305 [Listener at 127.0.0.1/33927] INFO  handler.ContextHandler (ContextHandler.java:doStop(1159)) - Stopped o.e.j.s.ServletContextHandler@2f90295b{logs,/logs,file:///home/runner/work/ozone/ozone/hadoop-ozone/integration-test/target/log,STOPPED}
2023-03-15 06:53:53,315 [Listener at 127.0.0.1/33927] INFO  ozone.MiniOzoneHAClusterImpl (MiniOzoneHAClusterImpl.java:stop(312)) - Stopping the OzoneManager omNode-1
2023-03-15 06:53:53,315 [Listener at 127.0.0.1/33927] INFO  om.OzoneManager (OzoneManager.java:stop(2166)) - omNode-1[localhost:34801]: Stopping Ozone Manager
2023-03-15 06:53:53,315 [Listener at 127.0.0.1/33927] INFO  ipc.Server (Server.java:stop(3428)) - Stopping server on 34801
2023-03-15 06:53:53,321 [IPC Server listener on 34801] INFO  ipc.Server (Server.java:run(1384)) - Stopping IPC Server listener on 34801
2023-03-15 06:53:53,325 [IPC Server Responder] INFO  ipc.Server (Server.java:run(1517)) - Stopping IPC Server Responder
2023-03-15 06:53:53,325 [Listener at 127.0.0.1/33927] INFO  server.RaftServer (RaftServerProxy.java:lambda$close$6(409)) - omNode-1: close
2023-03-15 06:53:53,326 [omNode-1-impl-thread1] INFO  server.RaftServer$Division (RaftServerImpl.java:lambda$close$4(458)) - omNode-1@group-523986131536: shutdown
2023-03-15 06:53:53,326 [omNode-1-impl-thread1] INFO  util.JmxRegister (JmxRegister.java:unregister(73)) - Successfully un-registered JMX Bean with object name Ratis:service=RaftServer,group=group-523986131536,id=omNode-1
2023-03-15 06:53:53,326 [omNode-1-impl-thread1] INFO  impl.RoleInfo (RoleInfo.java:shutdownLeaderState(93)) - omNode-1: shutdown omNode-1@group-523986131536-LeaderStateImpl
2023-03-15 06:53:53,326 [omNode-1-impl-thread1] INFO  impl.PendingRequests (PendingRequests.java:sendNotLeaderResponses(282)) - omNode-1@group-523986131536-PendingRequests: sendNotLeaderResponses
2023-03-15 06:53:53,326 [omNode-1@group-523986131536->omNode-2-GrpcLogAppender-LogAppenderDaemon] WARN  server.GrpcLogAppender (GrpcLogAppender.java:mayWait(200)) - omNode-1@group-523986131536->omNode-2-GrpcLogAppender: Wait interrupted by java.lang.InterruptedException
2023-03-15 06:53:53,326 [omNode-1@group-523986131536->omNode-3-GrpcLogAppender-LogAppenderDaemon] WARN  server.GrpcLogAppender (GrpcLogAppender.java:mayWait(200)) - omNode-1@group-523986131536->omNode-3-GrpcLogAppender: Wait interrupted by java.lang.InterruptedException
2023-03-15 06:53:53,328 [Listener at 127.0.0.1/33927] INFO  server.GrpcService (GrpcService.java:closeImpl(271)) - omNode-1: shutdown server GrpcServerProtocolService now
2023-03-15 06:53:53,329 [grpc-default-executor-3] INFO  server.GrpcServerProtocolService (GrpcServerProtocolService.java:onCompleted(143)) - omNode-2: Completed APPEND_ENTRIES, lastRequest: omNode-1->omNode-2#3270-t1,previous=(t:1, i:717),leaderCommit=717,initializing? true,entries: size=1, first=(t:1, i:718), METADATAENTRY(c:717)
2023-03-15 06:53:53,329 [grpc-default-executor-11] INFO  server.GrpcServerProtocolService (GrpcServerProtocolService.java:onCompleted(143)) - omNode-2: Completed APPEND_ENTRIES, lastRequest: null
2023-03-15 06:53:53,330 [grpc-default-executor-8] INFO  server.GrpcLogAppender (GrpcLogAppender.java:onCompleted(415)) - omNode-1@group-523986131536->omNode-2-AppendLogResponseHandler: follower responses appendEntries COMPLETED
2023-03-15 06:53:53,330 [grpc-default-executor-8] INFO  leader.FollowerInfo (FollowerInfoImpl.java:lambda$new$0(48)) - omNode-1@group-523986131536->omNode-2: nextIndex: updateUnconditionally 719 -> 718
2023-03-15 06:53:53,331 [omNode-1-impl-thread1] INFO  impl.StateMachineUpdater (StateMachineUpdater.java:stopAndJoin(153)) - omNode-1@group-523986131536-StateMachineUpdater: set stopIndex = 718
2023-03-15 06:53:53,331 [omNode-1@group-523986131536-StateMachineUpdater] INFO  ratis.OzoneManagerStateMachine (OzoneManagerStateMachine.java:takeSnapshot(445)) - Current Snapshot Index (t:1, i:718)
2023-03-15 06:53:53,334 [ForkJoinPool.commonPool-worker-1] INFO  server.GrpcServerProtocolClient (GrpcServerProtocolClient.java:close(101)) - omNode-3 Close channels
2023-03-15 06:53:53,334 [grpc-default-executor-2] INFO  server.GrpcLogAppender (GrpcLogAppender.java:onCompleted(415)) - omNode-1@group-523986131536->omNode-2-AppendLogResponseHandler: follower responses appendEntries COMPLETED
2023-03-15 06:53:53,334 [grpc-default-executor-2] INFO  leader.FollowerInfo (FollowerInfoImpl.java:lambda$new$0(48)) - omNode-1@group-523986131536->omNode-2: nextIndex: updateUnconditionally 718 -> 717
2023-03-15 06:53:53,335 [ForkJoinPool.commonPool-worker-1] INFO  server.GrpcServerProtocolClient (GrpcServerProtocolClient.java:close(101)) - omNode-2 Close channels
2023-03-15 06:53:53,340 [Listener at 127.0.0.1/33927] INFO  server.GrpcService (GrpcService.java:closeImpl(280)) - omNode-1: shutdown server GrpcServerProtocolService successfully
2023-03-15 06:53:53,342 [omNode-1@group-523986131536-StateMachineUpdater] INFO  impl.StateMachineUpdater (StateMachineUpdater.java:takeSnapshot(287)) - omNode-1@group-523986131536-StateMachineUpdater: Took a snapshot at index 718
2023-03-15 06:53:53,342 [omNode-1@group-523986131536-StateMachineUpdater] INFO  impl.StateMachineUpdater (StateMachineUpdater.java:lambda$new$0(92)) - omNode-1@group-523986131536-StateMachineUpdater: snapshotIndex: updateIncreasingly -1 -> 718
2023-03-15 06:53:53,342 [omNode-1@group-523986131536-StateMachineUpdater] INFO  ratis.OzoneManagerStateMachine (OzoneManagerStateMachine.java:close(499)) - StateMachine has shutdown. Shutdown OzoneManager if not already shutdown.
2023-03-15 06:53:53,342 [omNode-1@group-523986131536-StateMachineUpdater] INFO  ratis.OzoneManagerDoubleBuffer (OzoneManagerDoubleBuffer.java:stopDaemon(540)) - Stopping OMDoubleBuffer flush thread
2023-03-15 06:53:53,342 [OMDoubleBufferFlushThread] INFO  ratis.OzoneManagerDoubleBuffer (OzoneManagerDoubleBuffer.java:canFlush(625)) - OMDoubleBuffer flush thread OMDoubleBufferFlushThread is interrupted and will exit.
2023-03-15 06:53:53,345 [omNode-1-impl-thread1] INFO  server.RaftServer$Division (ServerState.java:close(466)) - omNode-1@group-523986131536: closes. applyIndex: 718
2023-03-15 06:53:53,346 [omNode-1@group-523986131536-SegmentedRaftLogWorker] INFO  segmented.SegmentedRaftLogWorker (SegmentedRaftLogWorker.java:run(347)) - omNode-1@group-523986131536-SegmentedRaftLogWorker was interrupted, exiting. There are 0 tasks remaining in the queue.
2023-03-15 06:53:53,347 [omNode-1-impl-thread1] INFO  segmented.SegmentedRaftLogWorker (SegmentedRaftLogWorker.java:close(257)) - omNode-1@group-523986131536-SegmentedRaftLogWorker close()
2023-03-15 06:53:53,347 [JvmPauseMonitor6] INFO  util.JvmPauseMonitor (JvmPauseMonitor.java:run(111)) - JvmPauseMonitor-omNode-1: Stopped
2023-03-15 06:53:53,347 [Listener at 127.0.0.1/33927] INFO  ratis.OzoneManagerStateMachine (OzoneManagerStateMachine.java:close(499)) - StateMachine has shutdown. Shutdown OzoneManager if not already shutdown.
2023-03-15 06:53:53,347 [Listener at 127.0.0.1/33927] INFO  ratis.OzoneManagerDoubleBuffer (OzoneManagerDoubleBuffer.java:stopDaemon(549)) - OMDoubleBuffer flush thread is not running.
2023-03-15 06:53:53,348 [Listener at 127.0.0.1/33927] INFO  handler.ContextHandler (ContextHandler.java:doStop(1159)) - Stopped o.e.j.w.WebAppContext@451ec36d{ozoneManager,/,null,STOPPED}{file:/home/runner/work/ozone/ozone/hadoop-ozone/integration-test/target/test-classes/webapps/ozoneManager}
2023-03-15 06:53:53,349 [Listener at 127.0.0.1/33927] INFO  server.AbstractConnector (AbstractConnector.java:doStop(383)) - Stopped ServerConnector@688cb7be{HTTP/1.1, (http/1.1)}{0.0.0.0:34047}
2023-03-15 06:53:53,349 [Listener at 127.0.0.1/33927] INFO  server.session (HouseKeeper.java:stopScavenging(149)) - node0 Stopped scavenging
2023-03-15 06:53:53,349 [Listener at 127.0.0.1/33927] INFO  handler.ContextHandler (ContextHandler.java:doStop(1159)) - Stopped o.e.j.s.ServletContextHandler@2c831c44{static,/static,file:///home/runner/work/ozone/ozone/hadoop-ozone/integration-test/target/test-classes/webapps/static,STOPPED}
2023-03-15 06:53:53,349 [Listener at 127.0.0.1/33927] INFO  handler.ContextHandler (ContextHandler.java:doStop(1159)) - Stopped o.e.j.s.ServletContextHandler@598f99f4{logs,/logs,file:///home/runner/work/ozone/ozone/hadoop-ozone/integration-test/target/log,STOPPED}
2023-03-15 06:53:53,356 [Listener at 127.0.0.1/33927] INFO  ozone.MiniOzoneHAClusterImpl (MiniOzoneHAClusterImpl.java:stop(312)) - Stopping the OzoneManager omNode-2
2023-03-15 06:53:53,356 [Listener at 127.0.0.1/33927] INFO  om.OzoneManager (OzoneManager.java:stop(2166)) - omNode-2[localhost:38869]: Stopping Ozone Manager
2023-03-15 06:53:53,356 [Listener at 127.0.0.1/33927] INFO  ipc.Server (Server.java:stop(3428)) - Stopping server on 38869
2023-03-15 06:53:53,361 [IPC Server listener on 38869] INFO  ipc.Server (Server.java:run(1384)) - Stopping IPC Server listener on 38869
2023-03-15 06:53:53,362 [IPC Server Responder] INFO  ipc.Server (Server.java:run(1517)) - Stopping IPC Server Responder
2023-03-15 06:53:53,362 [Listener at 127.0.0.1/33927] INFO  server.RaftServer (RaftServerProxy.java:lambda$close$6(409)) - omNode-2: close
2023-03-15 06:53:53,363 [Listener at 127.0.0.1/33927] INFO  server.GrpcService (GrpcService.java:closeImpl(271)) - omNode-2: shutdown server GrpcServerProtocolService now
2023-03-15 06:53:53,363 [omNode-2-impl-thread1] INFO  server.RaftServer$Division (RaftServerImpl.java:lambda$close$4(458)) - omNode-2@group-523986131536: shutdown
2023-03-15 06:53:53,363 [omNode-2-impl-thread1] INFO  util.JmxRegister (JmxRegister.java:unregister(73)) - Successfully un-registered JMX Bean with object name Ratis:service=RaftServer,group=group-523986131536,id=omNode-2
2023-03-15 06:53:53,363 [omNode-2-impl-thread1] INFO  impl.RoleInfo (RoleInfo.java:shutdownFollowerState(110)) - omNode-2: shutdown omNode-2@group-523986131536-FollowerState
2023-03-15 06:53:53,364 [omNode-2-impl-thread1] INFO  impl.StateMachineUpdater (StateMachineUpdater.java:stopAndJoin(153)) - omNode-2@group-523986131536-StateMachineUpdater: set stopIndex = 718
2023-03-15 06:53:53,364 [omNode-2@group-523986131536-FollowerState] INFO  impl.FollowerState (FollowerState.java:run(152)) - omNode-2@group-523986131536-FollowerState was interrupted
2023-03-15 06:53:53,364 [omNode-2@group-523986131536-StateMachineUpdater] INFO  ratis.OzoneManagerStateMachine (OzoneManagerStateMachine.java:takeSnapshot(445)) - Current Snapshot Index (t:1, i:718)
2023-03-15 06:53:53,366 [Listener at 127.0.0.1/33927] INFO  server.GrpcService (GrpcService.java:closeImpl(280)) - omNode-2: shutdown server GrpcServerProtocolService successfully
2023-03-15 06:53:53,372 [omNode-2@group-523986131536-StateMachineUpdater] INFO  impl.StateMachineUpdater (StateMachineUpdater.java:takeSnapshot(287)) - omNode-2@group-523986131536-StateMachineUpdater: Took a snapshot at index 718
2023-03-15 06:53:53,372 [omNode-2@group-523986131536-StateMachineUpdater] INFO  impl.StateMachineUpdater (StateMachineUpdater.java:lambda$new$0(92)) - omNode-2@group-523986131536-StateMachineUpdater: snapshotIndex: updateIncreasingly -1 -> 718
2023-03-15 06:53:53,372 [omNode-2@group-523986131536-StateMachineUpdater] INFO  ratis.OzoneManagerStateMachine (OzoneManagerStateMachine.java:close(499)) - StateMachine has shutdown. Shutdown OzoneManager if not already shutdown.
2023-03-15 06:53:53,372 [omNode-2@group-523986131536-StateMachineUpdater] INFO  ratis.OzoneManagerDoubleBuffer (OzoneManagerDoubleBuffer.java:stopDaemon(540)) - Stopping OMDoubleBuffer flush thread
2023-03-15 06:53:53,372 [OMDoubleBufferFlushThread] INFO  ratis.OzoneManagerDoubleBuffer (OzoneManagerDoubleBuffer.java:canFlush(625)) - OMDoubleBuffer flush thread OMDoubleBufferFlushThread is interrupted and will exit.
2023-03-15 06:53:53,372 [omNode-2-impl-thread1] INFO  server.RaftServer$Division (ServerState.java:close(466)) - omNode-2@group-523986131536: closes. applyIndex: 718
2023-03-15 06:53:53,373 [omNode-2@group-523986131536-SegmentedRaftLogWorker] INFO  segmented.SegmentedRaftLogWorker (SegmentedRaftLogWorker.java:run(347)) - omNode-2@group-523986131536-SegmentedRaftLogWorker was interrupted, exiting. There are 0 tasks remaining in the queue.
2023-03-15 06:53:53,374 [omNode-2-impl-thread1] INFO  segmented.SegmentedRaftLogWorker (SegmentedRaftLogWorker.java:close(257)) - omNode-2@group-523986131536-SegmentedRaftLogWorker close()
2023-03-15 06:53:53,374 [JvmPauseMonitor7] INFO  util.JvmPauseMonitor (JvmPauseMonitor.java:run(111)) - JvmPauseMonitor-omNode-2: Stopped
2023-03-15 06:53:53,374 [Listener at 127.0.0.1/33927] INFO  ratis.OzoneManagerStateMachine (OzoneManagerStateMachine.java:close(499)) - StateMachine has shutdown. Shutdown OzoneManager if not already shutdown.
2023-03-15 06:53:53,374 [Listener at 127.0.0.1/33927] INFO  ratis.OzoneManagerDoubleBuffer (OzoneManagerDoubleBuffer.java:stopDaemon(549)) - OMDoubleBuffer flush thread is not running.
2023-03-15 06:53:53,375 [Listener at 127.0.0.1/33927] INFO  utils.BackgroundService (BackgroundService.java:shutdown(141)) - Shutting down service KeyDeletingService
2023-03-15 06:53:53,375 [Listener at 127.0.0.1/33927] INFO  utils.BackgroundService (BackgroundService.java:shutdown(141)) - Shutting down service DirectoryDeletingService
2023-03-15 06:53:53,375 [Listener at 127.0.0.1/33927] INFO  utils.BackgroundService (BackgroundService.java:shutdown(141)) - Shutting down service OpenKeyCleanupService
2023-03-15 06:53:53,375 [Listener at 127.0.0.1/33927] INFO  utils.BackgroundService (BackgroundService.java:shutdown(141)) - Shutting down service SstFilteringService
2023-03-15 06:53:53,375 [Listener at 127.0.0.1/33927] INFO  utils.BackgroundService (BackgroundService.java:shutdown(141)) - Shutting down service SnapshotDeletingService
2023-03-15 06:53:53,376 [Listener at 127.0.0.1/33927] INFO  handler.ContextHandler (ContextHandler.java:doStop(1159)) - Stopped o.e.j.w.WebAppContext@25105001{ozoneManager,/,null,STOPPED}{file:/home/runner/work/ozone/ozone/hadoop-ozone/integration-test/target/test-classes/webapps/ozoneManager}
2023-03-15 06:53:53,376 [Listener at 127.0.0.1/33927] INFO  server.AbstractConnector (AbstractConnector.java:doStop(383)) - Stopped ServerConnector@23b3abdc{HTTP/1.1, (http/1.1)}{0.0.0.0:43035}
2023-03-15 06:53:53,377 [Listener at 127.0.0.1/33927] INFO  server.session (HouseKeeper.java:stopScavenging(149)) - node0 Stopped scavenging
2023-03-15 06:53:53,377 [Listener at 127.0.0.1/33927] INFO  handler.ContextHandler (ContextHandler.java:doStop(1159)) - Stopped o.e.j.s.ServletContextHandler@307794e7{static,/static,file:///home/runner/work/ozone/ozone/hadoop-ozone/integration-test/target/test-classes/webapps/static,STOPPED}
2023-03-15 06:53:53,377 [Listener at 127.0.0.1/33927] INFO  handler.ContextHandler (ContextHandler.java:doStop(1159)) - Stopped o.e.j.s.ServletContextHandler@2ea1dfbb{logs,/logs,file:///home/runner/work/ozone/ozone/hadoop-ozone/integration-test/target/log,STOPPED}
2023-03-15 06:53:53,382 [Listener at 127.0.0.1/33927] INFO  ozone.MiniOzoneHAClusterImpl (MiniOzoneHAClusterImpl.java:stop(320)) - Stopping the StorageContainerManager 66db8af2-387b-4b52-a6bb-1e3b783a8389
2023-03-15 06:53:53,383 [Listener at 127.0.0.1/33927] INFO  server.StorageContainerManager (StorageContainerManager.java:stop(1532)) - Container Balancer is not running.
2023-03-15 06:53:53,383 [Listener at 127.0.0.1/33927] INFO  server.StorageContainerManager (StorageContainerManager.java:stop(1539)) - Stopping Replication Manager Service.
2023-03-15 06:53:53,383 [Listener at 127.0.0.1/33927] INFO  replication.ReplicationManager (ReplicationManager.java:stop(304)) - Stopping Replication Monitor Thread.
2023-03-15 06:53:53,383 [Under Replicated Processor] WARN  replication.UnhealthyReplicationProcessor (UnhealthyReplicationProcessor.java:run(153)) - Under Replicated Processor interrupted. Exiting...
2023-03-15 06:53:53,383 [Over Replicated Processor] WARN  replication.UnhealthyReplicationProcessor (UnhealthyReplicationProcessor.java:run(153)) - Over Replicated Processor interrupted. Exiting...
2023-03-15 06:53:53,383 [ReplicationMonitor] INFO  replication.ReplicationManager (ReplicationManager.java:run(799)) - Replication Monitor Thread is stopped
2023-03-15 06:53:53,383 [Listener at 127.0.0.1/33927] INFO  server.StorageContainerManager (StorageContainerManager.java:stop(1546)) - Stopping the Datanode Admin Monitor.
2023-03-15 06:53:53,384 [Listener at 127.0.0.1/33927] INFO  server.StorageContainerManager (StorageContainerManager.java:stop(1553)) - Stopping datanode service RPC server
2023-03-15 06:53:53,384 [Listener at 127.0.0.1/33927] INFO  server.SCMDatanodeProtocolServer (SCMDatanodeProtocolServer.java:stop(424)) - Stopping the RPC server for DataNodes
2023-03-15 06:53:53,384 [Listener at 127.0.0.1/33927] INFO  ipc.Server (Server.java:stop(3428)) - Stopping server on 39779
2023-03-15 06:53:53,386 [IPC Server listener on 0] INFO  ipc.Server (Server.java:run(1384)) - Stopping IPC Server listener on 0
2023-03-15 06:53:53,392 [IPC Server Responder] INFO  ipc.Server (Server.java:run(1517)) - Stopping IPC Server Responder
2023-03-15 06:53:53,483 [SCM Heartbeat Processing Thread - 0] WARN  node.NodeStateManager (NodeStateManager.java:scheduleNextHealthCheck(870)) - Current Thread is interrupted, shutting down HB processing thread for Node Manager.
2023-03-15 06:53:53,483 [Listener at 127.0.0.1/33927] INFO  server.StorageContainerManager (StorageContainerManager.java:stop(1561)) - Stopping block service RPC server
2023-03-15 06:53:53,483 [Listener at 127.0.0.1/33927] INFO  server.SCMBlockProtocolServer (SCMBlockProtocolServer.java:stop(161)) - Stopping the RPC server for Block Protocol
2023-03-15 06:53:53,483 [Listener at 127.0.0.1/33927] INFO  ipc.Server (Server.java:stop(3428)) - Stopping server on 43979
2023-03-15 06:53:53,485 [IPC Server listener on 0] INFO  ipc.Server (Server.java:run(1384)) - Stopping IPC Server listener on 0
2023-03-15 06:53:53,489 [IPC Server Responder] INFO  ipc.Server (Server.java:run(1517)) - Stopping IPC Server Responder
2023-03-15 06:53:53,489 [Listener at 127.0.0.1/33927] INFO  server.StorageContainerManager (StorageContainerManager.java:stop(1568)) - Stopping the StorageContainerLocationProtocol RPC server
2023-03-15 06:53:53,489 [Listener at 127.0.0.1/33927] INFO  server.SCMClientProtocolServer (SCMClientProtocolServer.java:stop(203)) - Stopping the RPC server for Client Protocol
2023-03-15 06:53:53,489 [Listener at 127.0.0.1/33927] INFO  ipc.Server (Server.java:stop(3428)) - Stopping server on 36127
2023-03-15 06:53:53,490 [IPC Server listener on 0] INFO  ipc.Server (Server.java:run(1384)) - Stopping IPC Server listener on 0
2023-03-15 06:53:53,491 [IPC Server Responder] INFO  ipc.Server (Server.java:run(1517)) - Stopping IPC Server Responder
2023-03-15 06:53:53,492 [Listener at 127.0.0.1/33927] INFO  server.StorageContainerManager (StorageContainerManager.java:stop(1575)) - Stopping Storage Container Manager HTTP server.
2023-03-15 06:53:53,492 [Listener at 127.0.0.1/33927] INFO  handler.ContextHandler (ContextHandler.java:doStop(1159)) - Stopped o.e.j.w.WebAppContext@3f8bd4b1{scm,/,null,STOPPED}{file:/home/runner/work/ozone/ozone/hadoop-ozone/integration-test/target/test-classes/webapps/scm}
2023-03-15 06:53:53,498 [Listener at 127.0.0.1/33927] INFO  server.AbstractConnector (AbstractConnector.java:doStop(383)) - Stopped ServerConnector@18a1435e{HTTP/1.1, (http/1.1)}{0.0.0.0:0}
2023-03-15 06:53:53,498 [Listener at 127.0.0.1/33927] INFO  server.session (HouseKeeper.java:stopScavenging(149)) - node0 Stopped scavenging
2023-03-15 06:53:53,498 [Listener at 127.0.0.1/33927] INFO  handler.ContextHandler (ContextHandler.java:doStop(1159)) - Stopped o.e.j.s.ServletContextHandler@27d60a52{static,/static,file:///home/runner/work/ozone/ozone/hadoop-ozone/integration-test/target/test-classes/webapps/static,STOPPED}
2023-03-15 06:53:53,499 [Listener at 127.0.0.1/33927] INFO  handler.ContextHandler (ContextHandler.java:doStop(1159)) - Stopped o.e.j.s.ServletContextHandler@85d4f1d{logs,/logs,file:///home/runner/work/ozone/ozone/hadoop-ozone/integration-test/target/log,STOPPED}
2023-03-15 06:53:53,505 [Listener at 127.0.0.1/33927] INFO  server.StorageContainerManager (StorageContainerManager.java:stop(1583)) - Stopping SCM LayoutVersionManager Service.
2023-03-15 06:53:53,505 [Listener at 127.0.0.1/33927] INFO  server.StorageContainerManager (StorageContainerManager.java:stop(1591)) - Stopping Block Manager Service.
2023-03-15 06:53:53,505 [Listener at 127.0.0.1/33927] INFO  utils.BackgroundService (BackgroundService.java:shutdown(141)) - Shutting down service SCMBlockDeletingService
2023-03-15 06:53:53,505 [Listener at 127.0.0.1/33927] INFO  utils.BackgroundService (BackgroundService.java:shutdown(141)) - Shutting down service SCMBlockDeletingService
2023-03-15 06:53:53,506 [Listener at 127.0.0.1/33927] INFO  server.StorageContainerManager (StorageContainerManager.java:stop(1613)) - Stopping SCM Event Queue.
2023-03-15 06:53:53,507 [Listener at 127.0.0.1/33927] INFO  server.StorageContainerManager (StorageContainerManager.java:stop(1624)) - Stopping SCM HA services.
2023-03-15 06:53:53,507 [Listener at 127.0.0.1/33927] INFO  pipeline.BackgroundPipelineCreator (BackgroundPipelineCreator.java:stop(149)) - Stopping RatisPipelineUtilsThread.
2023-03-15 06:53:53,507 [RatisPipelineUtilsThread - 0] WARN  pipeline.BackgroundPipelineCreator (BackgroundPipelineCreator.java:run(180)) - RatisPipelineUtilsThread is interrupted.
2023-03-15 06:53:53,507 [Listener at 127.0.0.1/33927] INFO  BackgroundPipelineScrubber (BackgroundSCMService.java:stop(131)) - Stopping BackgroundPipelineScrubber Service.
2023-03-15 06:53:53,507 [BackgroundPipelineScrubberThread] WARN  BackgroundPipelineScrubber (BackgroundSCMService.java:run(115)) - BackgroundPipelineScrubber is interrupted, exit
2023-03-15 06:53:53,508 [Listener at 127.0.0.1/33927] INFO  impl.MetricsSystemImpl (MetricsSystemImpl.java:stop(210)) - Stopping HddsDatanode metrics system...
2023-03-15 06:53:53,523 [prometheus] INFO  impl.MetricsSinkAdapter (MetricsSinkAdapter.java:publishMetricsFromQueue(141)) - prometheus thread interrupted.
2023-03-15 06:53:53,524 [Listener at 127.0.0.1/33927] INFO  impl.MetricsSystemImpl (MetricsSystemImpl.java:stop(216)) - HddsDatanode metrics system stopped.
2023-03-15 06:53:53,524 [Listener at 127.0.0.1/33927] WARN  pipeline.BackgroundPipelineCreator (BackgroundPipelineCreator.java:stop(145)) - RatisPipelineUtilsThread is not running, just ignore.
2023-03-15 06:53:53,525 [Listener at 127.0.0.1/33927] INFO  BackgroundPipelineScrubber (BackgroundSCMService.java:stop(126)) - BackgroundPipelineScrubber Service is not running, skip stop.
2023-03-15 06:53:53,525 [Listener at 127.0.0.1/33927] INFO  ExpiredContainerReplicaOpScrubber (BackgroundSCMService.java:stop(131)) - Stopping ExpiredContainerReplicaOpScrubber Service.
2023-03-15 06:53:53,525 [ExpiredContainerReplicaOpScrubberThread] WARN  ExpiredContainerReplicaOpScrubber (BackgroundSCMService.java:run(115)) - ExpiredContainerReplicaOpScrubber is interrupted, exit
2023-03-15 06:53:53,525 [Listener at 127.0.0.1/33927] INFO  utils.BackgroundService (BackgroundService.java:shutdown(141)) - Shutting down service SCMBlockDeletingService
2023-03-15 06:53:53,525 [Listener at 127.0.0.1/33927] INFO  replication.ReplicationManager (ReplicationManager.java:stop(314)) - Replication Monitor Thread is not running.
2023-03-15 06:53:53,525 [Listener at 127.0.0.1/33927] WARN  balancer.ContainerBalancer (ContainerBalancer.java:stop(322)) - Cannot stop Container Balancer because it's not running or stopping
2023-03-15 06:53:53,525 [Listener at 127.0.0.1/33927] INFO  server.StorageContainerManager (StorageContainerManager.java:stop(1642)) - Stopping SCM MetadataStore.
2023-03-15 06:53:53,527 [Listener at 127.0.0.1/33927] INFO  ozone.MiniOzoneClusterImpl (MiniOzoneClusterImpl.java:stop(465)) - Stopping the Mini Ozone Cluster
2023-03-15 06:53:53,527 [Listener at 127.0.0.1/33927] INFO  ozone.MiniOzoneClusterImpl (MiniOzoneClusterImpl.java:stopDatanodes(524)) - Stopping the HddsDatanodes
2023-03-15 06:53:53,529 [ForkJoinPool.commonPool-worker-1] INFO  ozoneimpl.OzoneContainer (OzoneContainer.java:stop(423)) - Attempting to stop container services.
2023-03-15 06:53:53,530 [ForkJoinPool.commonPool-worker-1] INFO  server.RaftServer (RaftServerProxy.java:lambda$close$6(409)) - 0f19c1f7-7e7d-408b-8c95-b3dd1f9d1744: close
2023-03-15 06:53:53,530 [0f19c1f7-7e7d-408b-8c95-b3dd1f9d1744-impl-thread1] INFO  server.RaftServer$Division (RaftServerImpl.java:lambda$close$4(458)) - 0f19c1f7-7e7d-408b-8c95-b3dd1f9d1744@group-0319347A5C62: shutdown
2023-03-15 06:53:53,531 [0f19c1f7-7e7d-408b-8c95-b3dd1f9d1744-impl-thread1] INFO  util.JmxRegister (JmxRegister.java:unregister(73)) - Successfully un-registered JMX Bean with object name Ratis:service=RaftServer,group=group-0319347A5C62,id=0f19c1f7-7e7d-408b-8c95-b3dd1f9d1744
2023-03-15 06:53:53,531 [0f19c1f7-7e7d-408b-8c95-b3dd1f9d1744-impl-thread1] INFO  impl.RoleInfo (RoleInfo.java:shutdownLeaderState(93)) - 0f19c1f7-7e7d-408b-8c95-b3dd1f9d1744: shutdown 0f19c1f7-7e7d-408b-8c95-b3dd1f9d1744@group-0319347A5C62-LeaderStateImpl
2023-03-15 06:53:53,531 [0f19c1f7-7e7d-408b-8c95-b3dd1f9d1744-impl-thread1] INFO  impl.PendingRequests (PendingRequests.java:sendNotLeaderResponses(282)) - 0f19c1f7-7e7d-408b-8c95-b3dd1f9d1744@group-0319347A5C62-PendingRequests: sendNotLeaderResponses
2023-03-15 06:53:53,531 [0f19c1f7-7e7d-408b-8c95-b3dd1f9d1744-impl-thread1] INFO  impl.StateMachineUpdater (StateMachineUpdater.java:stopAndJoin(153)) - 0f19c1f7-7e7d-408b-8c95-b3dd1f9d1744@group-0319347A5C62-StateMachineUpdater: set stopIndex = 0
2023-03-15 06:53:53,531 [0f19c1f7-7e7d-408b-8c95-b3dd1f9d1744@group-0319347A5C62-StateMachineUpdater] INFO  ratis.ContainerStateMachine (ContainerStateMachine.java:takeSnapshot(330)) - group-0319347A5C62: Taking a snapshot at:(t:1, i:0) file /home/runner/work/ozone/ozone/hadoop-ozone/integration-test/target/test-dir/MiniOzoneClusterImpl-8d40f1f0-3e23-4273-879b-a609159ae6a4/datanode-0/data/ratis/fb0fe8a0-b7c6-44e9-b5b7-0319347a5c62/sm/snapshot.1_0
2023-03-15 06:53:53,532 [0f19c1f7-7e7d-408b-8c95-b3dd1f9d1744-impl-thread2] INFO  server.RaftServer$Division (RaftServerImpl.java:lambda$close$4(458)) - 0f19c1f7-7e7d-408b-8c95-b3dd1f9d1744@group-27FD2424924E: shutdown
2023-03-15 06:53:53,532 [0f19c1f7-7e7d-408b-8c95-b3dd1f9d1744-impl-thread2] INFO  util.JmxRegister (JmxRegister.java:unregister(73)) - Successfully un-registered JMX Bean with object name Ratis:service=RaftServer,group=group-27FD2424924E,id=0f19c1f7-7e7d-408b-8c95-b3dd1f9d1744
2023-03-15 06:53:53,532 [0f19c1f7-7e7d-408b-8c95-b3dd1f9d1744-impl-thread2] INFO  impl.RoleInfo (RoleInfo.java:shutdownFollowerState(110)) - 0f19c1f7-7e7d-408b-8c95-b3dd1f9d1744: shutdown 0f19c1f7-7e7d-408b-8c95-b3dd1f9d1744@group-27FD2424924E-FollowerState
2023-03-15 06:53:53,533 [0f19c1f7-7e7d-408b-8c95-b3dd1f9d1744@group-0319347A5C62-StateMachineUpdater] INFO  ratis.ContainerStateMachine (ContainerStateMachine.java:takeSnapshot(341)) - group-0319347A5C62: Finished taking a snapshot at:(t:1, i:0) file:/home/runner/work/ozone/ozone/hadoop-ozone/integration-test/target/test-dir/MiniOzoneClusterImpl-8d40f1f0-3e23-4273-879b-a609159ae6a4/datanode-0/data/ratis/fb0fe8a0-b7c6-44e9-b5b7-0319347a5c62/sm/snapshot.1_0 took: 1 ms
2023-03-15 06:53:53,533 [0f19c1f7-7e7d-408b-8c95-b3dd1f9d1744@group-0319347A5C62-StateMachineUpdater] INFO  impl.StateMachineUpdater (StateMachineUpdater.java:takeSnapshot(287)) - 0f19c1f7-7e7d-408b-8c95-b3dd1f9d1744@group-0319347A5C62-StateMachineUpdater: Took a snapshot at index 0
2023-03-15 06:53:53,533 [0f19c1f7-7e7d-408b-8c95-b3dd1f9d1744@group-0319347A5C62-StateMachineUpdater] INFO  impl.StateMachineUpdater (StateMachineUpdater.java:lambda$new$0(92)) - 0f19c1f7-7e7d-408b-8c95-b3dd1f9d1744@group-0319347A5C62-StateMachineUpdater: snapshotIndex: updateIncreasingly -1 -> 0
2023-03-15 06:53:53,537 [ForkJoinPool.commonPool-worker-1] INFO  server.GrpcService (GrpcService.java:closeImpl(271)) - 0f19c1f7-7e7d-408b-8c95-b3dd1f9d1744: shutdown server GrpcServerProtocolService now
2023-03-15 06:53:53,537 [Listener at 127.0.0.1/33927] INFO  ozoneimpl.OzoneContainer (OzoneContainer.java:stop(423)) - Attempting to stop container services.
2023-03-15 06:53:53,539 [0f19c1f7-7e7d-408b-8c95-b3dd1f9d1744-impl-thread1] INFO  server.RaftServer$Division (ServerState.java:close(466)) - 0f19c1f7-7e7d-408b-8c95-b3dd1f9d1744@group-0319347A5C62: closes. applyIndex: 0
2023-03-15 06:53:53,539 [0f19c1f7-7e7d-408b-8c95-b3dd1f9d1744@group-0319347A5C62-SegmentedRaftLogWorker] INFO  segmented.SegmentedRaftLogWorker (SegmentedRaftLogWorker.java:run(347)) - 0f19c1f7-7e7d-408b-8c95-b3dd1f9d1744@group-0319347A5C62-SegmentedRaftLogWorker was interrupted, exiting. There are 0 tasks remaining in the queue.
2023-03-15 06:53:53,539 [0f19c1f7-7e7d-408b-8c95-b3dd1f9d1744-impl-thread1] INFO  segmented.SegmentedRaftLogWorker (SegmentedRaftLogWorker.java:close(257)) - 0f19c1f7-7e7d-408b-8c95-b3dd1f9d1744@group-0319347A5C62-SegmentedRaftLogWorker close()
2023-03-15 06:53:53,540 [Listener at 127.0.0.1/33927] INFO  server.RaftServer (RaftServerProxy.java:lambda$close$6(409)) - ec6086c2-fc50-413c-afc3-6eccceec3a30: close
2023-03-15 06:53:53,540 [ec6086c2-fc50-413c-afc3-6eccceec3a30-impl-thread1] INFO  server.RaftServer$Division (RaftServerImpl.java:lambda$close$4(458)) - ec6086c2-fc50-413c-afc3-6eccceec3a30@group-C6ADD05F41FF: shutdown
2023-03-15 06:53:53,540 [ec6086c2-fc50-413c-afc3-6eccceec3a30-impl-thread1] INFO  util.JmxRegister (JmxRegister.java:unregister(73)) - Successfully un-registered JMX Bean with object name Ratis:service=RaftServer,group=group-C6ADD05F41FF,id=ec6086c2-fc50-413c-afc3-6eccceec3a30
2023-03-15 06:53:53,540 [ec6086c2-fc50-413c-afc3-6eccceec3a30-impl-thread1] INFO  impl.RoleInfo (RoleInfo.java:shutdownLeaderState(93)) - ec6086c2-fc50-413c-afc3-6eccceec3a30: shutdown ec6086c2-fc50-413c-afc3-6eccceec3a30@group-C6ADD05F41FF-LeaderStateImpl
2023-03-15 06:53:53,540 [ec6086c2-fc50-413c-afc3-6eccceec3a30-impl-thread1] INFO  impl.PendingRequests (PendingRequests.java:sendNotLeaderResponses(282)) - ec6086c2-fc50-413c-afc3-6eccceec3a30@group-C6ADD05F41FF-PendingRequests: sendNotLeaderResponses
2023-03-15 06:53:53,540 [ec6086c2-fc50-413c-afc3-6eccceec3a30-impl-thread2] INFO  server.RaftServer$Division (RaftServerImpl.java:lambda$close$4(458)) - ec6086c2-fc50-413c-afc3-6eccceec3a30@group-27FD2424924E: shutdown
2023-03-15 06:53:53,540 [ec6086c2-fc50-413c-afc3-6eccceec3a30-impl-thread2] INFO  util.JmxRegister (JmxRegister.java:unregister(73)) - Successfully un-registered JMX Bean with object name Ratis:service=RaftServer,group=group-27FD2424924E,id=ec6086c2-fc50-413c-afc3-6eccceec3a30
2023-03-15 06:53:53,540 [ec6086c2-fc50-413c-afc3-6eccceec3a30-impl-thread2] INFO  impl.RoleInfo (RoleInfo.java:shutdownLeaderState(93)) - ec6086c2-fc50-413c-afc3-6eccceec3a30: shutdown ec6086c2-fc50-413c-afc3-6eccceec3a30@group-27FD2424924E-LeaderStateImpl
2023-03-15 06:53:53,541 [ec6086c2-fc50-413c-afc3-6eccceec3a30@group-C6ADD05F41FF-StateMachineUpdater] INFO  ratis.ContainerStateMachine (ContainerStateMachine.java:takeSnapshot(330)) - group-C6ADD05F41FF: Taking a snapshot at:(t:1, i:0) file /home/runner/work/ozone/ozone/hadoop-ozone/integration-test/target/test-dir/MiniOzoneClusterImpl-8d40f1f0-3e23-4273-879b-a609159ae6a4/datanode-1/data/ratis/10219cf5-10bc-4f7b-8586-c6add05f41ff/sm/snapshot.1_0
2023-03-15 06:53:53,541 [Listener at 127.0.0.1/33927] INFO  server.GrpcService (GrpcService.java:closeImpl(271)) - ec6086c2-fc50-413c-afc3-6eccceec3a30: shutdown server GrpcServerProtocolService now
2023-03-15 06:53:53,540 [ec6086c2-fc50-413c-afc3-6eccceec3a30-impl-thread1] INFO  impl.StateMachineUpdater (StateMachineUpdater.java:stopAndJoin(153)) - ec6086c2-fc50-413c-afc3-6eccceec3a30@group-C6ADD05F41FF-StateMachineUpdater: set stopIndex = 0
2023-03-15 06:53:53,543 [0f19c1f7-7e7d-408b-8c95-b3dd1f9d1744-impl-thread3] INFO  server.RaftServer$Division (RaftServerImpl.java:lambda$close$4(458)) - 0f19c1f7-7e7d-408b-8c95-b3dd1f9d1744@group-F60420E2E8B9: shutdown
2023-03-15 06:53:53,544 [0f19c1f7-7e7d-408b-8c95-b3dd1f9d1744-impl-thread3] INFO  util.JmxRegister (JmxRegister.java:unregister(73)) - Successfully un-registered JMX Bean with object name Ratis:service=RaftServer,group=group-F60420E2E8B9,id=0f19c1f7-7e7d-408b-8c95-b3dd1f9d1744
2023-03-15 06:53:53,544 [0f19c1f7-7e7d-408b-8c95-b3dd1f9d1744-impl-thread3] INFO  impl.RoleInfo (RoleInfo.java:shutdownLeaderState(93)) - 0f19c1f7-7e7d-408b-8c95-b3dd1f9d1744: shutdown 0f19c1f7-7e7d-408b-8c95-b3dd1f9d1744@group-F60420E2E8B9-LeaderStateImpl
2023-03-15 06:53:53,544 [0f19c1f7-7e7d-408b-8c95-b3dd1f9d1744-impl-thread3] INFO  impl.PendingRequests (PendingRequests.java:sendNotLeaderResponses(282)) - 0f19c1f7-7e7d-408b-8c95-b3dd1f9d1744@group-F60420E2E8B9-PendingRequests: sendNotLeaderResponses
2023-03-15 06:53:53,544 [0f19c1f7-7e7d-408b-8c95-b3dd1f9d1744@group-27FD2424924E-FollowerState] INFO  impl.FollowerState (FollowerState.java:run(152)) - 0f19c1f7-7e7d-408b-8c95-b3dd1f9d1744@group-27FD2424924E-FollowerState was interrupted
2023-03-15 06:53:53,544 [0f19c1f7-7e7d-408b-8c95-b3dd1f9d1744@group-F60420E2E8B9->ec6086c2-fc50-413c-afc3-6eccceec3a30-GrpcLogAppender-LogAppenderDaemon] WARN  server.GrpcLogAppender (GrpcLogAppender.java:mayWait(200)) - 0f19c1f7-7e7d-408b-8c95-b3dd1f9d1744@group-F60420E2E8B9->ec6086c2-fc50-413c-afc3-6eccceec3a30-GrpcLogAppender: Wait interrupted by java.lang.InterruptedException
2023-03-15 06:53:53,544 [0f19c1f7-7e7d-408b-8c95-b3dd1f9d1744@group-27FD2424924E-StateMachineUpdater] INFO  ratis.ContainerStateMachine (ContainerStateMachine.java:takeSnapshot(330)) - group-27FD2424924E: Taking a snapshot at:(t:1, i:204) file /home/runner/work/ozone/ozone/hadoop-ozone/integration-test/target/test-dir/MiniOzoneClusterImpl-8d40f1f0-3e23-4273-879b-a609159ae6a4/datanode-0/data/ratis/d334167e-b948-4e6e-a1d2-27fd2424924e/sm/snapshot.1_204
2023-03-15 06:53:53,544 [0f19c1f7-7e7d-408b-8c95-b3dd1f9d1744-impl-thread2] INFO  impl.StateMachineUpdater (StateMachineUpdater.java:stopAndJoin(153)) - 0f19c1f7-7e7d-408b-8c95-b3dd1f9d1744@group-27FD2424924E-StateMachineUpdater: set stopIndex = 204
2023-03-15 06:53:53,544 [0f19c1f7-7e7d-408b-8c95-b3dd1f9d1744@group-F60420E2E8B9->f5ffbb19-6856-4431-8ca7-ea850b755d28-GrpcLogAppender-LogAppenderDaemon] WARN  server.GrpcLogAppender (GrpcLogAppender.java:mayWait(200)) - 0f19c1f7-7e7d-408b-8c95-b3dd1f9d1744@group-F60420E2E8B9->f5ffbb19-6856-4431-8ca7-ea850b755d28-GrpcLogAppender: Wait interrupted by java.lang.InterruptedException
2023-03-15 06:53:53,544 [ec6086c2-fc50-413c-afc3-6eccceec3a30@group-C6ADD05F41FF-StateMachineUpdater] INFO  ratis.ContainerStateMachine (ContainerStateMachine.java:takeSnapshot(341)) - group-C6ADD05F41FF: Finished taking a snapshot at:(t:1, i:0) file:/home/runner/work/ozone/ozone/hadoop-ozone/integration-test/target/test-dir/MiniOzoneClusterImpl-8d40f1f0-3e23-4273-879b-a609159ae6a4/datanode-1/data/ratis/10219cf5-10bc-4f7b-8586-c6add05f41ff/sm/snapshot.1_0 took: 4 ms
2023-03-15 06:53:53,544 [ec6086c2-fc50-413c-afc3-6eccceec3a30@group-27FD2424924E->f5ffbb19-6856-4431-8ca7-ea850b755d28-GrpcLogAppender-LogAppenderDaemon] WARN  server.GrpcLogAppender (GrpcLogAppender.java:mayWait(200)) - ec6086c2-fc50-413c-afc3-6eccceec3a30@group-27FD2424924E->f5ffbb19-6856-4431-8ca7-ea850b755d28-GrpcLogAppender: Wait interrupted by java.lang.InterruptedException
2023-03-15 06:53:53,545 [ec6086c2-fc50-413c-afc3-6eccceec3a30@group-C6ADD05F41FF-StateMachineUpdater] INFO  impl.StateMachineUpdater (StateMachineUpdater.java:takeSnapshot(287)) - ec6086c2-fc50-413c-afc3-6eccceec3a30@group-C6ADD05F41FF-StateMachineUpdater: Took a snapshot at index 0
2023-03-15 06:53:53,545 [ec6086c2-fc50-413c-afc3-6eccceec3a30@group-C6ADD05F41FF-StateMachineUpdater] INFO  impl.StateMachineUpdater (StateMachineUpdater.java:lambda$new$0(92)) - ec6086c2-fc50-413c-afc3-6eccceec3a30@group-C6ADD05F41FF-StateMachineUpdater: snapshotIndex: updateIncreasingly -1 -> 0
2023-03-15 06:53:53,545 [0f19c1f7-7e7d-408b-8c95-b3dd1f9d1744@group-27FD2424924E-StateMachineUpdater] INFO  ratis.ContainerStateMachine (ContainerStateMachine.java:takeSnapshot(341)) - group-27FD2424924E: Finished taking a snapshot at:(t:1, i:204) file:/home/runner/work/ozone/ozone/hadoop-ozone/integration-test/target/test-dir/MiniOzoneClusterImpl-8d40f1f0-3e23-4273-879b-a609159ae6a4/datanode-0/data/ratis/d334167e-b948-4e6e-a1d2-27fd2424924e/sm/snapshot.1_204 took: 1 ms
2023-03-15 06:53:53,546 [0f19c1f7-7e7d-408b-8c95-b3dd1f9d1744@group-27FD2424924E-StateMachineUpdater] INFO  impl.StateMachineUpdater (StateMachineUpdater.java:takeSnapshot(287)) - 0f19c1f7-7e7d-408b-8c95-b3dd1f9d1744@group-27FD2424924E-StateMachineUpdater: Took a snapshot at index 204
2023-03-15 06:53:53,546 [0f19c1f7-7e7d-408b-8c95-b3dd1f9d1744@group-27FD2424924E-StateMachineUpdater] INFO  impl.StateMachineUpdater (StateMachineUpdater.java:lambda$new$0(92)) - 0f19c1f7-7e7d-408b-8c95-b3dd1f9d1744@group-27FD2424924E-StateMachineUpdater: snapshotIndex: updateIncreasingly -1 -> 204
2023-03-15 06:53:53,554 [ec6086c2-fc50-413c-afc3-6eccceec3a30-impl-thread2] INFO  impl.PendingRequests (PendingRequests.java:sendNotLeaderResponses(282)) - ec6086c2-fc50-413c-afc3-6eccceec3a30@group-27FD2424924E-PendingRequests: sendNotLeaderResponses
2023-03-15 06:53:53,554 [ec6086c2-fc50-413c-afc3-6eccceec3a30@group-27FD2424924E->0f19c1f7-7e7d-408b-8c95-b3dd1f9d1744-GrpcLogAppender-LogAppenderDaemon] WARN  server.GrpcLogAppender (GrpcLogAppender.java:mayWait(200)) - ec6086c2-fc50-413c-afc3-6eccceec3a30@group-27FD2424924E->0f19c1f7-7e7d-408b-8c95-b3dd1f9d1744-GrpcLogAppender: Wait interrupted by java.lang.InterruptedException
2023-03-15 06:53:53,555 [grpc-default-executor-11] WARN  server.GrpcServerProtocolService (LogUtils.java:warn(122)) - 0f19c1f7-7e7d-408b-8c95-b3dd1f9d1744: installSnapshot onError, lastRequest: ec6086c2-fc50-413c-afc3-6eccceec3a30->0f19c1f7-7e7d-408b-8c95-b3dd1f9d1744#2554-t1,previous=(t:1, i:205),leaderCommit=204,initializing? true,entries: size=1, first=(t:1, i:206), METADATAENTRY(c:204): org.apache.ratis.thirdparty.io.grpc.StatusRuntimeException: CANCELLED: client cancelled
2023-03-15 06:53:53,555 [ForkJoinPool.commonPool-worker-1] INFO  server.GrpcServerProtocolClient (GrpcServerProtocolClient.java:close(101)) - f5ffbb19-6856-4431-8ca7-ea850b755d28 Close channels
2023-03-15 06:53:53,556 [grpc-default-executor-8] WARN  server.GrpcServerProtocolService (LogUtils.java:warn(122)) - ec6086c2-fc50-413c-afc3-6eccceec3a30: installSnapshot onError, lastRequest: null: org.apache.ratis.thirdparty.io.grpc.StatusRuntimeException: CANCELLED: client cancelled
2023-03-15 06:53:53,556 [grpc-default-executor-7] WARN  server.GrpcServerProtocolService (LogUtils.java:warn(122)) - ec6086c2-fc50-413c-afc3-6eccceec3a30: installSnapshot onError, lastRequest: 0f19c1f7-7e7d-408b-8c95-b3dd1f9d1744->ec6086c2-fc50-413c-afc3-6eccceec3a30#2116-t1,previous=(t:1, i:185),leaderCommit=184,initializing? true,entries: size=1, first=(t:1, i:186), METADATAENTRY(c:184): org.apache.ratis.thirdparty.io.grpc.StatusRuntimeException: CANCELLED: client cancelled
2023-03-15 06:53:53,558 [ec6086c2-fc50-413c-afc3-6eccceec3a30-impl-thread3] INFO  server.RaftServer$Division (RaftServerImpl.java:lambda$close$4(458)) - ec6086c2-fc50-413c-afc3-6eccceec3a30@group-F60420E2E8B9: shutdown
2023-03-15 06:53:53,558 [ec6086c2-fc50-413c-afc3-6eccceec3a30-impl-thread3] INFO  util.JmxRegister (JmxRegister.java:unregister(73)) - Successfully un-registered JMX Bean with object name Ratis:service=RaftServer,group=group-F60420E2E8B9,id=ec6086c2-fc50-413c-afc3-6eccceec3a30
2023-03-15 06:53:53,558 [ec6086c2-fc50-413c-afc3-6eccceec3a30-impl-thread3] INFO  impl.RoleInfo (RoleInfo.java:shutdownFollowerState(110)) - ec6086c2-fc50-413c-afc3-6eccceec3a30: shutdown ec6086c2-fc50-413c-afc3-6eccceec3a30@group-F60420E2E8B9-FollowerState
2023-03-15 06:53:53,558 [ec6086c2-fc50-413c-afc3-6eccceec3a30-impl-thread1] INFO  server.RaftServer$Division (ServerState.java:close(466)) - ec6086c2-fc50-413c-afc3-6eccceec3a30@group-C6ADD05F41FF: closes. applyIndex: 0
2023-03-15 06:53:53,558 [0f19c1f7-7e7d-408b-8c95-b3dd1f9d1744-impl-thread2] INFO  server.RaftServer$Division (ServerState.java:close(466)) - 0f19c1f7-7e7d-408b-8c95-b3dd1f9d1744@group-27FD2424924E: closes. applyIndex: 204
2023-03-15 06:53:53,558 [Listener at 127.0.0.1/33927] INFO  server.GrpcServerProtocolClient (GrpcServerProtocolClient.java:close(101)) - f5ffbb19-6856-4431-8ca7-ea850b755d28 Close channels
2023-03-15 06:53:53,559 [ec6086c2-fc50-413c-afc3-6eccceec3a30@group-F60420E2E8B9-StateMachineUpdater] INFO  ratis.ContainerStateMachine (ContainerStateMachine.java:takeSnapshot(330)) - group-F60420E2E8B9: Taking a snapshot at:(t:1, i:186) file /home/runner/work/ozone/ozone/hadoop-ozone/integration-test/target/test-dir/MiniOzoneClusterImpl-8d40f1f0-3e23-4273-879b-a609159ae6a4/datanode-1/data/ratis/c38fd8d9-9d64-4a55-a2f3-f60420e2e8b9/sm/snapshot.1_186
2023-03-15 06:53:53,559 [ec6086c2-fc50-413c-afc3-6eccceec3a30@group-C6ADD05F41FF-SegmentedRaftLogWorker] INFO  segmented.SegmentedRaftLogWorker (SegmentedRaftLogWorker.java:run(347)) - ec6086c2-fc50-413c-afc3-6eccceec3a30@group-C6ADD05F41FF-SegmentedRaftLogWorker was interrupted, exiting. There are 0 tasks remaining in the queue.
2023-03-15 06:53:53,559 [0f19c1f7-7e7d-408b-8c95-b3dd1f9d1744@group-27FD2424924E-SegmentedRaftLogWorker] INFO  segmented.SegmentedRaftLogWorker (SegmentedRaftLogWorker.java:run(347)) - 0f19c1f7-7e7d-408b-8c95-b3dd1f9d1744@group-27FD2424924E-SegmentedRaftLogWorker was interrupted, exiting. There are 0 tasks remaining in the queue.
2023-03-15 06:53:53,559 [ec6086c2-fc50-413c-afc3-6eccceec3a30@group-F60420E2E8B9-FollowerState] INFO  impl.FollowerState (FollowerState.java:run(152)) - ec6086c2-fc50-413c-afc3-6eccceec3a30@group-F60420E2E8B9-FollowerState was interrupted
2023-03-15 06:53:53,560 [grpc-default-executor-5] WARN  server.GrpcClientProtocolService (LogUtils.java:warn(122)) - 4-UnorderedRequestStreamObserver4: onError: org.apache.ratis.thirdparty.io.grpc.StatusRuntimeException: CANCELLED: client cancelled
2023-03-15 06:53:53,561 [ec6086c2-fc50-413c-afc3-6eccceec3a30-impl-thread1] INFO  segmented.SegmentedRaftLogWorker (SegmentedRaftLogWorker.java:close(257)) - ec6086c2-fc50-413c-afc3-6eccceec3a30@group-C6ADD05F41FF-SegmentedRaftLogWorker close()
2023-03-15 06:53:53,560 [grpc-default-executor-9] WARN  server.GrpcClientProtocolService (LogUtils.java:warn(122)) - 3-OrderedRequestStreamObserver3: onError: org.apache.ratis.thirdparty.io.grpc.StatusRuntimeException: CANCELLED: client cancelled
2023-03-15 06:53:53,561 [0f19c1f7-7e7d-408b-8c95-b3dd1f9d1744-impl-thread2] INFO  segmented.SegmentedRaftLogWorker (SegmentedRaftLogWorker.java:close(257)) - 0f19c1f7-7e7d-408b-8c95-b3dd1f9d1744@group-27FD2424924E-SegmentedRaftLogWorker close()
2023-03-15 06:53:53,564 [grpc-default-executor-8] WARN  server.GrpcClientProtocolService (LogUtils.java:warn(122)) - 3-UnorderedRequestStreamObserver3: onError: org.apache.ratis.thirdparty.io.grpc.StatusRuntimeException: CANCELLED: client cancelled
2023-03-15 06:53:53,564 [grpc-default-executor-10] INFO  server.GrpcLogAppender (GrpcLogAppender.java:onError(404)) - ec6086c2-fc50-413c-afc3-6eccceec3a30@group-27FD2424924E->0f19c1f7-7e7d-408b-8c95-b3dd1f9d1744-GrpcLogAppender is already stopped
2023-03-15 06:53:53,564 [grpc-default-executor-5] WARN  server.GrpcServerProtocolService (LogUtils.java:warn(122)) - 0f19c1f7-7e7d-408b-8c95-b3dd1f9d1744: installSnapshot onError, lastRequest: null: org.apache.ratis.thirdparty.io.grpc.StatusRuntimeException: CANCELLED: client cancelled
2023-03-15 06:53:53,563 [grpc-default-executor-6] INFO  server.GrpcLogAppender (GrpcLogAppender.java:onError(404)) - ec6086c2-fc50-413c-afc3-6eccceec3a30@group-27FD2424924E->0f19c1f7-7e7d-408b-8c95-b3dd1f9d1744-GrpcLogAppender is already stopped
2023-03-15 06:53:53,563 [grpc-default-executor-7] INFO  server.GrpcServerProtocolService (GrpcServerProtocolService.java:onCompleted(143)) - f5ffbb19-6856-4431-8ca7-ea850b755d28: Completed APPEND_ENTRIES, lastRequest: null
2023-03-15 06:53:53,563 [grpc-default-executor-1] WARN  server.GrpcClientProtocolService (LogUtils.java:warn(122)) - 6-UnorderedRequestStreamObserver6: onError: org.apache.ratis.thirdparty.io.grpc.StatusRuntimeException: CANCELLED: client cancelled
2023-03-15 06:53:53,562 [grpc-default-executor-0] WARN  server.GrpcClientProtocolService (LogUtils.java:warn(122)) - 2-OrderedRequestStreamObserver2: onError: org.apache.ratis.thirdparty.io.grpc.StatusRuntimeException: CANCELLED: client cancelled
2023-03-15 06:53:53,562 [ec6086c2-fc50-413c-afc3-6eccceec3a30@group-F60420E2E8B9-StateMachineUpdater] INFO  ratis.ContainerStateMachine (ContainerStateMachine.java:takeSnapshot(341)) - group-F60420E2E8B9: Finished taking a snapshot at:(t:1, i:186) file:/home/runner/work/ozone/ozone/hadoop-ozone/integration-test/target/test-dir/MiniOzoneClusterImpl-8d40f1f0-3e23-4273-879b-a609159ae6a4/datanode-1/data/ratis/c38fd8d9-9d64-4a55-a2f3-f60420e2e8b9/sm/snapshot.1_186 took: 4 ms
2023-03-15 06:53:53,564 [ec6086c2-fc50-413c-afc3-6eccceec3a30@group-F60420E2E8B9-StateMachineUpdater] INFO  impl.StateMachineUpdater (StateMachineUpdater.java:takeSnapshot(287)) - ec6086c2-fc50-413c-afc3-6eccceec3a30@group-F60420E2E8B9-StateMachineUpdater: Took a snapshot at index 186
2023-03-15 06:53:53,564 [ec6086c2-fc50-413c-afc3-6eccceec3a30@group-F60420E2E8B9-StateMachineUpdater] INFO  impl.StateMachineUpdater (StateMachineUpdater.java:lambda$new$0(92)) - ec6086c2-fc50-413c-afc3-6eccceec3a30@group-F60420E2E8B9-StateMachineUpdater: snapshotIndex: updateIncreasingly -1 -> 186
2023-03-15 06:53:53,562 [ec6086c2-fc50-413c-afc3-6eccceec3a30-impl-thread3] INFO  impl.StateMachineUpdater (StateMachineUpdater.java:stopAndJoin(153)) - ec6086c2-fc50-413c-afc3-6eccceec3a30@group-F60420E2E8B9-StateMachineUpdater: set stopIndex = 186
2023-03-15 06:53:53,564 [grpc-default-executor-3] WARN  server.GrpcClientProtocolService (LogUtils.java:warn(122)) - 5-OrderedRequestStreamObserver5: onError: org.apache.ratis.thirdparty.io.grpc.StatusRuntimeException: CANCELLED: client cancelled
2023-03-15 06:53:53,570 [grpc-default-executor-9] INFO  server.GrpcServerProtocolService (GrpcServerProtocolService.java:onCompleted(143)) - f5ffbb19-6856-4431-8ca7-ea850b755d28: Completed APPEND_ENTRIES, lastRequest: null
2023-03-15 06:53:53,571 [ec6086c2-fc50-413c-afc3-6eccceec3a30-impl-thread3] INFO  server.RaftServer$Division (ServerState.java:close(466)) - ec6086c2-fc50-413c-afc3-6eccceec3a30@group-F60420E2E8B9: closes. applyIndex: 186
2023-03-15 06:53:53,571 [ec6086c2-fc50-413c-afc3-6eccceec3a30@group-F60420E2E8B9-SegmentedRaftLogWorker] INFO  segmented.SegmentedRaftLogWorker (SegmentedRaftLogWorker.java:run(347)) - ec6086c2-fc50-413c-afc3-6eccceec3a30@group-F60420E2E8B9-SegmentedRaftLogWorker was interrupted, exiting. There are 0 tasks remaining in the queue.
2023-03-15 06:53:53,572 [ec6086c2-fc50-413c-afc3-6eccceec3a30-impl-thread3] INFO  segmented.SegmentedRaftLogWorker (SegmentedRaftLogWorker.java:close(257)) - ec6086c2-fc50-413c-afc3-6eccceec3a30@group-F60420E2E8B9-SegmentedRaftLogWorker close()
2023-03-15 06:53:53,573 [grpc-default-executor-4] INFO  server.GrpcServerProtocolService (GrpcServerProtocolService.java:onCompleted(143)) - f5ffbb19-6856-4431-8ca7-ea850b755d28: Completed APPEND_ENTRIES, lastRequest: 0f19c1f7-7e7d-408b-8c95-b3dd1f9d1744->f5ffbb19-6856-4431-8ca7-ea850b755d28#2069-t1,previous=(t:1, i:185),leaderCommit=184,initializing? true,entries: size=1, first=(t:1, i:186), METADATAENTRY(c:184)
2023-03-15 06:53:53,573 [grpc-default-executor-8] INFO  server.GrpcLogAppender (GrpcLogAppender.java:onError(404)) - 0f19c1f7-7e7d-408b-8c95-b3dd1f9d1744@group-F60420E2E8B9->ec6086c2-fc50-413c-afc3-6eccceec3a30-GrpcLogAppender is already stopped
2023-03-15 06:53:53,574 [grpc-default-executor-11] INFO  server.GrpcLogAppender (GrpcLogAppender.java:onError(404)) - 0f19c1f7-7e7d-408b-8c95-b3dd1f9d1744@group-F60420E2E8B9->ec6086c2-fc50-413c-afc3-6eccceec3a30-GrpcLogAppender is already stopped
2023-03-15 06:53:53,574 [grpc-default-executor-8] INFO  server.GrpcLogAppender (GrpcLogAppender.java:onCompleted(415)) - 0f19c1f7-7e7d-408b-8c95-b3dd1f9d1744@group-F60420E2E8B9->f5ffbb19-6856-4431-8ca7-ea850b755d28-AppendLogResponseHandler: follower responses appendEntries COMPLETED
2023-03-15 06:53:53,574 [grpc-default-executor-8] WARN  server.GrpcLogAppender (GrpcLogAppender.java:resetClient(137)) - 0f19c1f7-7e7d-408b-8c95-b3dd1f9d1744@group-F60420E2E8B9->f5ffbb19-6856-4431-8ca7-ea850b755d28-GrpcLogAppender: Failed to getClient for f5ffbb19-6856-4431-8ca7-ea850b755d28
org.apache.ratis.protocol.exceptions.AlreadyClosedException: 0f19c1f7-7e7d-408b-8c95-b3dd1f9d1744 is already CLOSED
	at org.apache.ratis.util.PeerProxyMap$PeerAndProxy.getProxy(PeerProxyMap.java:61)
	at org.apache.ratis.util.PeerProxyMap.getProxy(PeerProxyMap.java:115)
	at org.apache.ratis.grpc.server.GrpcLogAppender.getClient(GrpcLogAppender.java:116)
	at org.apache.ratis.grpc.server.GrpcLogAppender.resetClient(GrpcLogAppender.java:121)
	at org.apache.ratis.grpc.server.GrpcLogAppender.access$500(GrpcLogAppender.java:58)
	at org.apache.ratis.grpc.server.GrpcLogAppender$AppendLogResponseHandler.onCompleted(GrpcLogAppender.java:416)
	at org.apache.ratis.thirdparty.io.grpc.stub.ClientCalls$StreamObserverToCallListenerAdapter.onClose(ClientCalls.java:485)
	at org.apache.ratis.thirdparty.io.grpc.internal.ClientCallImpl.closeObserver(ClientCallImpl.java:562)
	at org.apache.ratis.thirdparty.io.grpc.internal.ClientCallImpl.access$300(ClientCallImpl.java:70)
	at org.apache.ratis.thirdparty.io.grpc.internal.ClientCallImpl$ClientStreamListenerImpl$1StreamClosed.runInternal(ClientCallImpl.java:743)
	at org.apache.ratis.thirdparty.io.grpc.internal.ClientCallImpl$ClientStreamListenerImpl$1StreamClosed.runInContext(ClientCallImpl.java:722)
	at org.apache.ratis.thirdparty.io.grpc.internal.ContextRunnable.run(ContextRunnable.java:37)
	at org.apache.ratis.thirdparty.io.grpc.internal.SerializingExecutor.run(SerializingExecutor.java:133)
	at java.util.concurrent.ThreadPoolExecutor.runWorker(ThreadPoolExecutor.java:1149)
	at java.util.concurrent.ThreadPoolExecutor$Worker.run(ThreadPoolExecutor.java:624)
	at java.lang.Thread.run(Thread.java:750)
2023-03-15 06:53:53,579 [grpc-default-executor-6] INFO  server.GrpcLogAppender (GrpcLogAppender.java:onCompleted(415)) - ec6086c2-fc50-413c-afc3-6eccceec3a30@group-27FD2424924E->f5ffbb19-6856-4431-8ca7-ea850b755d28-AppendLogResponseHandler: follower responses appendEntries COMPLETED
2023-03-15 06:53:53,579 [grpc-default-executor-6] WARN  server.GrpcLogAppender (GrpcLogAppender.java:resetClient(137)) - ec6086c2-fc50-413c-afc3-6eccceec3a30@group-27FD2424924E->f5ffbb19-6856-4431-8ca7-ea850b755d28-GrpcLogAppender: Failed to getClient for f5ffbb19-6856-4431-8ca7-ea850b755d28
org.apache.ratis.protocol.exceptions.AlreadyClosedException: ec6086c2-fc50-413c-afc3-6eccceec3a30 is already CLOSED
	at org.apache.ratis.util.PeerProxyMap$PeerAndProxy.getProxy(PeerProxyMap.java:61)
	at org.apache.ratis.util.PeerProxyMap.getProxy(PeerProxyMap.java:115)
	at org.apache.ratis.grpc.server.GrpcLogAppender.getClient(GrpcLogAppender.java:116)
	at org.apache.ratis.grpc.server.GrpcLogAppender.resetClient(GrpcLogAppender.java:121)
	at org.apache.ratis.grpc.server.GrpcLogAppender.access$500(GrpcLogAppender.java:58)
	at org.apache.ratis.grpc.server.GrpcLogAppender$AppendLogResponseHandler.onCompleted(GrpcLogAppender.java:416)
	at org.apache.ratis.thirdparty.io.grpc.stub.ClientCalls$StreamObserverToCallListenerAdapter.onClose(ClientCalls.java:485)
	at org.apache.ratis.thirdparty.io.grpc.internal.ClientCallImpl.closeObserver(ClientCallImpl.java:562)
	at org.apache.ratis.thirdparty.io.grpc.internal.ClientCallImpl.access$300(ClientCallImpl.java:70)
	at org.apache.ratis.thirdparty.io.grpc.internal.ClientCallImpl$ClientStreamListenerImpl$1StreamClosed.runInternal(ClientCallImpl.java:743)
	at org.apache.ratis.thirdparty.io.grpc.internal.ClientCallImpl$ClientStreamListenerImpl$1StreamClosed.runInContext(ClientCallImpl.java:722)
	at org.apache.ratis.thirdparty.io.grpc.internal.ContextRunnable.run(ContextRunnable.java:37)
	at org.apache.ratis.thirdparty.io.grpc.internal.SerializingExecutor.run(SerializingExecutor.java:133)
	at java.util.concurrent.ThreadPoolExecutor.runWorker(ThreadPoolExecutor.java:1149)
	at java.util.concurrent.ThreadPoolExecutor$Worker.run(ThreadPoolExecutor.java:624)
	at java.lang.Thread.run(Thread.java:750)
2023-03-15 06:53:53,580 [grpc-default-executor-13] INFO  server.GrpcServerProtocolService (GrpcServerProtocolService.java:onCompleted(143)) - f5ffbb19-6856-4431-8ca7-ea850b755d28: Completed APPEND_ENTRIES, lastRequest: ec6086c2-fc50-413c-afc3-6eccceec3a30->f5ffbb19-6856-4431-8ca7-ea850b755d28#2583-t1,previous=(t:1, i:205),leaderCommit=204,initializing? true,entries: size=1, first=(t:1, i:206), METADATAENTRY(c:204)
2023-03-15 06:53:53,585 [ForkJoinPool.commonPool-worker-1] INFO  server.GrpcServerProtocolClient (GrpcServerProtocolClient.java:close(101)) - ec6086c2-fc50-413c-afc3-6eccceec3a30 Close channels
2023-03-15 06:53:53,586 [ForkJoinPool.commonPool-worker-1] INFO  server.GrpcService (GrpcService.java:closeImpl(280)) - 0f19c1f7-7e7d-408b-8c95-b3dd1f9d1744: shutdown server GrpcServerProtocolService successfully
2023-03-15 06:53:53,586 [grpc-default-executor-12] INFO  server.GrpcLogAppender (GrpcLogAppender.java:onCompleted(415)) - 0f19c1f7-7e7d-408b-8c95-b3dd1f9d1744@group-F60420E2E8B9->f5ffbb19-6856-4431-8ca7-ea850b755d28-AppendLogResponseHandler: follower responses appendEntries COMPLETED
2023-03-15 06:53:53,586 [grpc-default-executor-12] WARN  server.GrpcLogAppender (GrpcLogAppender.java:resetClient(137)) - 0f19c1f7-7e7d-408b-8c95-b3dd1f9d1744@group-F60420E2E8B9->f5ffbb19-6856-4431-8ca7-ea850b755d28-GrpcLogAppender: Failed to getClient for f5ffbb19-6856-4431-8ca7-ea850b755d28
org.apache.ratis.protocol.exceptions.AlreadyClosedException: 0f19c1f7-7e7d-408b-8c95-b3dd1f9d1744 is already CLOSED
	at org.apache.ratis.util.PeerProxyMap$PeerAndProxy.getProxy(PeerProxyMap.java:61)
	at org.apache.ratis.util.PeerProxyMap.getProxy(PeerProxyMap.java:115)
	at org.apache.ratis.grpc.server.GrpcLogAppender.getClient(GrpcLogAppender.java:116)
	at org.apache.ratis.grpc.server.GrpcLogAppender.resetClient(GrpcLogAppender.java:121)
	at org.apache.ratis.grpc.server.GrpcLogAppender.access$500(GrpcLogAppender.java:58)
	at org.apache.ratis.grpc.server.GrpcLogAppender$AppendLogResponseHandler.onCompleted(GrpcLogAppender.java:416)
	at org.apache.ratis.thirdparty.io.grpc.stub.ClientCalls$StreamObserverToCallListenerAdapter.onClose(ClientCalls.java:485)
	at org.apache.ratis.thirdparty.io.grpc.internal.ClientCallImpl.closeObserver(ClientCallImpl.java:562)
	at org.apache.ratis.thirdparty.io.grpc.internal.ClientCallImpl.access$300(ClientCallImpl.java:70)
	at org.apache.ratis.thirdparty.io.grpc.internal.ClientCallImpl$ClientStreamListenerImpl$1StreamClosed.runInternal(ClientCallImpl.java:743)
	at org.apache.ratis.thirdparty.io.grpc.internal.ClientCallImpl$ClientStreamListenerImpl$1StreamClosed.runInContext(ClientCallImpl.java:722)
	at org.apache.ratis.thirdparty.io.grpc.internal.ContextRunnable.run(ContextRunnable.java:37)
	at org.apache.ratis.thirdparty.io.grpc.internal.SerializingExecutor.run(SerializingExecutor.java:133)
	at java.util.concurrent.ThreadPoolExecutor.runWorker(ThreadPoolExecutor.java:1149)
	at java.util.concurrent.ThreadPoolExecutor$Worker.run(ThreadPoolExecutor.java:624)
	at java.lang.Thread.run(Thread.java:750)
2023-03-15 06:53:53,587 [ec6086c2-fc50-413c-afc3-6eccceec3a30-impl-thread2] INFO  impl.StateMachineUpdater (StateMachineUpdater.java:stopAndJoin(153)) - ec6086c2-fc50-413c-afc3-6eccceec3a30@group-27FD2424924E-StateMachineUpdater: set stopIndex = 206
2023-03-15 06:53:53,587 [0f19c1f7-7e7d-408b-8c95-b3dd1f9d1744-impl-thread3] INFO  impl.StateMachineUpdater (StateMachineUpdater.java:stopAndJoin(153)) - 0f19c1f7-7e7d-408b-8c95-b3dd1f9d1744@group-F60420E2E8B9-StateMachineUpdater: set stopIndex = 186
2023-03-15 06:53:53,587 [ec6086c2-fc50-413c-afc3-6eccceec3a30@group-27FD2424924E-StateMachineUpdater] INFO  ratis.ContainerStateMachine (ContainerStateMachine.java:takeSnapshot(330)) - group-27FD2424924E: Taking a snapshot at:(t:1, i:206) file /home/runner/work/ozone/ozone/hadoop-ozone/integration-test/target/test-dir/MiniOzoneClusterImpl-8d40f1f0-3e23-4273-879b-a609159ae6a4/datanode-1/data/ratis/d334167e-b948-4e6e-a1d2-27fd2424924e/sm/snapshot.1_206
2023-03-15 06:53:53,588 [0f19c1f7-7e7d-408b-8c95-b3dd1f9d1744@group-F60420E2E8B9-StateMachineUpdater] INFO  ratis.ContainerStateMachine (ContainerStateMachine.java:takeSnapshot(330)) - group-F60420E2E8B9: Taking a snapshot at:(t:1, i:186) file /home/runner/work/ozone/ozone/hadoop-ozone/integration-test/target/test-dir/MiniOzoneClusterImpl-8d40f1f0-3e23-4273-879b-a609159ae6a4/datanode-0/data/ratis/c38fd8d9-9d64-4a55-a2f3-f60420e2e8b9/sm/snapshot.1_186
2023-03-15 06:53:53,590 [0f19c1f7-7e7d-408b-8c95-b3dd1f9d1744@group-F60420E2E8B9-StateMachineUpdater] INFO  ratis.ContainerStateMachine (ContainerStateMachine.java:takeSnapshot(341)) - group-F60420E2E8B9: Finished taking a snapshot at:(t:1, i:186) file:/home/runner/work/ozone/ozone/hadoop-ozone/integration-test/target/test-dir/MiniOzoneClusterImpl-8d40f1f0-3e23-4273-879b-a609159ae6a4/datanode-0/data/ratis/c38fd8d9-9d64-4a55-a2f3-f60420e2e8b9/sm/snapshot.1_186 took: 2 ms
2023-03-15 06:53:53,590 [0f19c1f7-7e7d-408b-8c95-b3dd1f9d1744@group-F60420E2E8B9-StateMachineUpdater] INFO  impl.StateMachineUpdater (StateMachineUpdater.java:takeSnapshot(287)) - 0f19c1f7-7e7d-408b-8c95-b3dd1f9d1744@group-F60420E2E8B9-StateMachineUpdater: Took a snapshot at index 186
2023-03-15 06:53:53,590 [0f19c1f7-7e7d-408b-8c95-b3dd1f9d1744@group-F60420E2E8B9-StateMachineUpdater] INFO  impl.StateMachineUpdater (StateMachineUpdater.java:lambda$new$0(92)) - 0f19c1f7-7e7d-408b-8c95-b3dd1f9d1744@group-F60420E2E8B9-StateMachineUpdater: snapshotIndex: updateIncreasingly -1 -> 186
2023-03-15 06:53:53,591 [ec6086c2-fc50-413c-afc3-6eccceec3a30@group-27FD2424924E-StateMachineUpdater] INFO  ratis.ContainerStateMachine (ContainerStateMachine.java:takeSnapshot(341)) - group-27FD2424924E: Finished taking a snapshot at:(t:1, i:206) file:/home/runner/work/ozone/ozone/hadoop-ozone/integration-test/target/test-dir/MiniOzoneClusterImpl-8d40f1f0-3e23-4273-879b-a609159ae6a4/datanode-1/data/ratis/d334167e-b948-4e6e-a1d2-27fd2424924e/sm/snapshot.1_206 took: 3 ms
2023-03-15 06:53:53,591 [0f19c1f7-7e7d-408b-8c95-b3dd1f9d1744-NettyServerStreamRpc-bossGroup--thread1] INFO  logging.LoggingHandler (AbstractInternalLogger.java:log(148)) - [id: 0xef6151af, L:/0:0:0:0:0:0:0:0:46071] CLOSE
2023-03-15 06:53:53,591 [0f19c1f7-7e7d-408b-8c95-b3dd1f9d1744-NettyServerStreamRpc-bossGroup--thread1] INFO  logging.LoggingHandler (AbstractInternalLogger.java:log(148)) - [id: 0xef6151af, L:/0:0:0:0:0:0:0:0:46071] INACTIVE
2023-03-15 06:53:53,591 [0f19c1f7-7e7d-408b-8c95-b3dd1f9d1744-NettyServerStreamRpc-bossGroup--thread1] INFO  logging.LoggingHandler (AbstractInternalLogger.java:log(148)) - [id: 0xef6151af, L:/0:0:0:0:0:0:0:0:46071] UNREGISTERED
2023-03-15 06:53:53,591 [ec6086c2-fc50-413c-afc3-6eccceec3a30@group-27FD2424924E-StateMachineUpdater] INFO  impl.StateMachineUpdater (StateMachineUpdater.java:takeSnapshot(287)) - ec6086c2-fc50-413c-afc3-6eccceec3a30@group-27FD2424924E-StateMachineUpdater: Took a snapshot at index 206
2023-03-15 06:53:53,592 [ec6086c2-fc50-413c-afc3-6eccceec3a30@group-27FD2424924E-StateMachineUpdater] INFO  impl.StateMachineUpdater (StateMachineUpdater.java:lambda$new$0(92)) - ec6086c2-fc50-413c-afc3-6eccceec3a30@group-27FD2424924E-StateMachineUpdater: snapshotIndex: updateIncreasingly -1 -> 206
2023-03-15 06:53:53,595 [grpc-default-executor-1] INFO  server.GrpcLogAppender (GrpcLogAppender.java:onCompleted(415)) - ec6086c2-fc50-413c-afc3-6eccceec3a30@group-27FD2424924E->f5ffbb19-6856-4431-8ca7-ea850b755d28-AppendLogResponseHandler: follower responses appendEntries COMPLETED
2023-03-15 06:53:53,595 [grpc-default-executor-1] WARN  server.GrpcLogAppender (GrpcLogAppender.java:resetClient(137)) - ec6086c2-fc50-413c-afc3-6eccceec3a30@group-27FD2424924E->f5ffbb19-6856-4431-8ca7-ea850b755d28-GrpcLogAppender: Failed to getClient for f5ffbb19-6856-4431-8ca7-ea850b755d28
org.apache.ratis.protocol.exceptions.AlreadyClosedException: ec6086c2-fc50-413c-afc3-6eccceec3a30 is already CLOSED
	at org.apache.ratis.util.PeerProxyMap$PeerAndProxy.getProxy(PeerProxyMap.java:61)
	at org.apache.ratis.util.PeerProxyMap.getProxy(PeerProxyMap.java:115)
	at org.apache.ratis.grpc.server.GrpcLogAppender.getClient(GrpcLogAppender.java:116)
	at org.apache.ratis.grpc.server.GrpcLogAppender.resetClient(GrpcLogAppender.java:121)
	at org.apache.ratis.grpc.server.GrpcLogAppender.access$500(GrpcLogAppender.java:58)
	at org.apache.ratis.grpc.server.GrpcLogAppender$AppendLogResponseHandler.onCompleted(GrpcLogAppender.java:416)
	at org.apache.ratis.thirdparty.io.grpc.stub.ClientCalls$StreamObserverToCallListenerAdapter.onClose(ClientCalls.java:485)
	at org.apache.ratis.thirdparty.io.grpc.internal.ClientCallImpl.closeObserver(ClientCallImpl.java:562)
	at org.apache.ratis.thirdparty.io.grpc.internal.ClientCallImpl.access$300(ClientCallImpl.java:70)
	at org.apache.ratis.thirdparty.io.grpc.internal.ClientCallImpl$ClientStreamListenerImpl$1StreamClosed.runInternal(ClientCallImpl.java:743)
	at org.apache.ratis.thirdparty.io.grpc.internal.ClientCallImpl$ClientStreamListenerImpl$1StreamClosed.runInContext(ClientCallImpl.java:722)
	at org.apache.ratis.thirdparty.io.grpc.internal.ContextRunnable.run(ContextRunnable.java:37)
	at org.apache.ratis.thirdparty.io.grpc.internal.SerializingExecutor.run(SerializingExecutor.java:133)
	at java.util.concurrent.ThreadPoolExecutor.runWorker(ThreadPoolExecutor.java:1149)
	at java.util.concurrent.ThreadPoolExecutor$Worker.run(ThreadPoolExecutor.java:624)
	at java.lang.Thread.run(Thread.java:750)
2023-03-15 06:53:53,604 [0f19c1f7-7e7d-408b-8c95-b3dd1f9d1744-impl-thread3] INFO  server.RaftServer$Division (ServerState.java:close(466)) - 0f19c1f7-7e7d-408b-8c95-b3dd1f9d1744@group-F60420E2E8B9: closes. applyIndex: 186
2023-03-15 06:53:53,613 [ec6086c2-fc50-413c-afc3-6eccceec3a30-impl-thread2] INFO  server.RaftServer$Division (ServerState.java:close(466)) - ec6086c2-fc50-413c-afc3-6eccceec3a30@group-27FD2424924E: closes. applyIndex: 206
2023-03-15 06:53:53,614 [Listener at 127.0.0.1/33927] INFO  server.GrpcServerProtocolClient (GrpcServerProtocolClient.java:close(101)) - 0f19c1f7-7e7d-408b-8c95-b3dd1f9d1744 Close channels
2023-03-15 06:53:53,614 [Listener at 127.0.0.1/33927] INFO  server.GrpcService (GrpcService.java:closeImpl(280)) - ec6086c2-fc50-413c-afc3-6eccceec3a30: shutdown server GrpcServerProtocolService successfully
2023-03-15 06:53:53,614 [ec6086c2-fc50-413c-afc3-6eccceec3a30@group-27FD2424924E-SegmentedRaftLogWorker] INFO  segmented.SegmentedRaftLogWorker (SegmentedRaftLogWorker.java:run(347)) - ec6086c2-fc50-413c-afc3-6eccceec3a30@group-27FD2424924E-SegmentedRaftLogWorker was interrupted, exiting. There are 0 tasks remaining in the queue.
2023-03-15 06:53:53,614 [ec6086c2-fc50-413c-afc3-6eccceec3a30-impl-thread2] INFO  segmented.SegmentedRaftLogWorker (SegmentedRaftLogWorker.java:close(257)) - ec6086c2-fc50-413c-afc3-6eccceec3a30@group-27FD2424924E-SegmentedRaftLogWorker close()
2023-03-15 06:53:53,615 [ec6086c2-fc50-413c-afc3-6eccceec3a30-NettyServerStreamRpc-bossGroup--thread1] INFO  logging.LoggingHandler (AbstractInternalLogger.java:log(148)) - [id: 0xfd03e011, L:/0:0:0:0:0:0:0:0:39119] CLOSE
2023-03-15 06:53:53,615 [0f19c1f7-7e7d-408b-8c95-b3dd1f9d1744@group-F60420E2E8B9-SegmentedRaftLogWorker] INFO  segmented.SegmentedRaftLogWorker (SegmentedRaftLogWorker.java:run(347)) - 0f19c1f7-7e7d-408b-8c95-b3dd1f9d1744@group-F60420E2E8B9-SegmentedRaftLogWorker was interrupted, exiting. There are 0 tasks remaining in the queue.
2023-03-15 06:53:53,615 [ec6086c2-fc50-413c-afc3-6eccceec3a30-NettyServerStreamRpc-bossGroup--thread1] INFO  logging.LoggingHandler (AbstractInternalLogger.java:log(148)) - [id: 0xfd03e011, L:/0:0:0:0:0:0:0:0:39119] INACTIVE
2023-03-15 06:53:53,615 [ec6086c2-fc50-413c-afc3-6eccceec3a30-NettyServerStreamRpc-bossGroup--thread1] INFO  logging.LoggingHandler (AbstractInternalLogger.java:log(148)) - [id: 0xfd03e011, L:/0:0:0:0:0:0:0:0:39119] UNREGISTERED
2023-03-15 06:53:53,615 [0f19c1f7-7e7d-408b-8c95-b3dd1f9d1744-impl-thread3] INFO  segmented.SegmentedRaftLogWorker (SegmentedRaftLogWorker.java:close(257)) - 0f19c1f7-7e7d-408b-8c95-b3dd1f9d1744@group-F60420E2E8B9-SegmentedRaftLogWorker close()
2023-03-15 06:53:53,623 [JvmPauseMonitor9] INFO  util.JvmPauseMonitor (JvmPauseMonitor.java:run(111)) - JvmPauseMonitor-0f19c1f7-7e7d-408b-8c95-b3dd1f9d1744: Stopped
2023-03-15 06:53:53,630 [JvmPauseMonitor10] INFO  util.JvmPauseMonitor (JvmPauseMonitor.java:run(111)) - JvmPauseMonitor-ec6086c2-fc50-413c-afc3-6eccceec3a30: Stopped
2023-03-15 06:53:53,988 [EndpointStateMachine task thread for /0.0.0.0:39779 - 0 ] WARN  statemachine.EndpointStateMachine (EndpointStateMachine.java:logIfNeeded(242)) - Unable to communicate to SCM server at 0.0.0.0:39779 for past 0 seconds.
java.io.EOFException: End of File Exception between local host is: "fv-az210-452/10.1.0.130"; destination host is: "0.0.0.0":39779; : java.io.EOFException; For more details see:  http://wiki.apache.org/hadoop/EOFException
	at sun.reflect.NativeConstructorAccessorImpl.newInstance0(Native Method)
	at sun.reflect.NativeConstructorAccessorImpl.newInstance(NativeConstructorAccessorImpl.java:62)
	at sun.reflect.DelegatingConstructorAccessorImpl.newInstance(DelegatingConstructorAccessorImpl.java:45)
	at java.lang.reflect.Constructor.newInstance(Constructor.java:423)
	at org.apache.hadoop.net.NetUtils.wrapWithMessage(NetUtils.java:913)
	at org.apache.hadoop.net.NetUtils.wrapException(NetUtils.java:862)
	at org.apache.hadoop.ipc.Client.getRpcResponse(Client.java:1616)
	at org.apache.hadoop.ipc.Client.call(Client.java:1558)
	at org.apache.hadoop.ipc.Client.call(Client.java:1455)
	at org.apache.hadoop.ipc.ProtobufRpcEngine$Invoker.invoke(ProtobufRpcEngine.java:235)
	at org.apache.hadoop.ipc.ProtobufRpcEngine$Invoker.invoke(ProtobufRpcEngine.java:122)
	at com.sun.proxy.$Proxy55.submitRequest(Unknown Source)
	at org.apache.hadoop.ozone.protocolPB.StorageContainerDatanodeProtocolClientSideTranslatorPB.submitRequest(StorageContainerDatanodeProtocolClientSideTranslatorPB.java:117)
	at org.apache.hadoop.ozone.protocolPB.StorageContainerDatanodeProtocolClientSideTranslatorPB.sendHeartbeat(StorageContainerDatanodeProtocolClientSideTranslatorPB.java:149)
	at org.apache.hadoop.ozone.container.common.states.endpoint.HeartbeatEndpointTask.call(HeartbeatEndpointTask.java:185)
	at org.apache.hadoop.ozone.container.common.states.endpoint.HeartbeatEndpointTask.call(HeartbeatEndpointTask.java:87)
	at java.util.concurrent.FutureTask.run(FutureTask.java:266)
	at java.util.concurrent.ThreadPoolExecutor.runWorker(ThreadPoolExecutor.java:1149)
	at java.util.concurrent.ThreadPoolExecutor$Worker.run(ThreadPoolExecutor.java:624)
	at java.lang.Thread.run(Thread.java:750)
Caused by: java.io.EOFException
	at java.io.DataInputStream.readInt(DataInputStream.java:392)
	at org.apache.hadoop.ipc.Client$IpcStreams.readResponse(Client.java:1922)
	at org.apache.hadoop.ipc.Client$Connection.receiveRpcResponse(Client.java:1238)
	at org.apache.hadoop.ipc.Client$Connection.run(Client.java:1134)
2023-03-15 06:53:55,641 [Listener at 127.0.0.1/33927] INFO  volume.HddsVolume (HddsVolume.java:closeDbStore(362)) - SchemaV3 db is stopped at /home/runner/work/ozone/ozone/hadoop-ozone/integration-test/target/test-dir/MiniOzoneClusterImpl-8d40f1f0-3e23-4273-879b-a609159ae6a4/datanode-1/data-0/containers/hdds/8d40f1f0-3e23-4273-879b-a609159ae6a4/DS-da845594-d127-4361-ae2b-713d51bc2394/container.db for volume DS-da845594-d127-4361-ae2b-713d51bc2394
2023-03-15 06:53:55,642 [ForkJoinPool.commonPool-worker-1] INFO  volume.HddsVolume (HddsVolume.java:closeDbStore(362)) - SchemaV3 db is stopped at /home/runner/work/ozone/ozone/hadoop-ozone/integration-test/target/test-dir/MiniOzoneClusterImpl-8d40f1f0-3e23-4273-879b-a609159ae6a4/datanode-0/data-0/containers/hdds/8d40f1f0-3e23-4273-879b-a609159ae6a4/DS-77c82d25-1ec6-41b5-a316-940765c89477/container.db for volume DS-77c82d25-1ec6-41b5-a316-940765c89477
2023-03-15 06:53:55,642 [Listener at 127.0.0.1/33927] INFO  utils.BackgroundService (BackgroundService.java:shutdown(141)) - Shutting down service BlockDeletingService
2023-03-15 06:53:55,644 [Listener at 127.0.0.1/33927] INFO  utils.BackgroundService (BackgroundService.java:shutdown(141)) - Shutting down service StaleRecoveringContainerScrubbingService
2023-03-15 06:53:55,643 [ForkJoinPool.commonPool-worker-1] INFO  utils.BackgroundService (BackgroundService.java:shutdown(141)) - Shutting down service BlockDeletingService
2023-03-15 06:53:55,647 [ForkJoinPool.commonPool-worker-1] INFO  utils.BackgroundService (BackgroundService.java:shutdown(141)) - Shutting down service StaleRecoveringContainerScrubbingService
2023-03-15 06:53:55,647 [Listener at 127.0.0.1/33927] INFO  statemachine.DatanodeStateMachine (DatanodeStateMachine.java:stopDaemon(601)) - Ozone container server stopped.
2023-03-15 06:53:55,649 [ForkJoinPool.commonPool-worker-1] INFO  statemachine.DatanodeStateMachine (DatanodeStateMachine.java:stopDaemon(601)) - Ozone container server stopped.
2023-03-15 06:53:55,661 [ForkJoinPool.commonPool-worker-1] INFO  handler.ContextHandler (ContextHandler.java:doStop(1159)) - Stopped o.e.j.w.WebAppContext@679ddc68{hddsDatanode,/,null,STOPPED}{jar:file:/home/runner/.m2/repository/org/apache/ozone/hdds-container-service/1.4.0-SNAPSHOT/hdds-container-service-1.4.0-SNAPSHOT.jar!/webapps/hddsDatanode}
2023-03-15 06:53:55,661 [ForkJoinPool.commonPool-worker-1] INFO  server.AbstractConnector (AbstractConnector.java:doStop(383)) - Stopped ServerConnector@735a1b32{HTTP/1.1, (http/1.1)}{0.0.0.0:0}
2023-03-15 06:53:55,661 [ForkJoinPool.commonPool-worker-1] INFO  server.session (HouseKeeper.java:stopScavenging(149)) - node0 Stopped scavenging
2023-03-15 06:53:55,662 [ForkJoinPool.commonPool-worker-1] INFO  handler.ContextHandler (ContextHandler.java:doStop(1159)) - Stopped o.e.j.s.ServletContextHandler@49b4e11c{static,/static,jar:file:/home/runner/.m2/repository/org/apache/ozone/hdds-container-service/1.4.0-SNAPSHOT/hdds-container-service-1.4.0-SNAPSHOT.jar!/webapps/static,STOPPED}
2023-03-15 06:53:55,670 [ForkJoinPool.commonPool-worker-1] INFO  handler.ContextHandler (ContextHandler.java:doStop(1159)) - Stopped o.e.j.s.ServletContextHandler@7bfc9464{logs,/logs,file:///home/runner/work/ozone/ozone/hadoop-ozone/integration-test/target/log,STOPPED}
2023-03-15 06:53:55,673 [Listener at 127.0.0.1/33927] INFO  handler.ContextHandler (ContextHandler.java:doStop(1159)) - Stopped o.e.j.w.WebAppContext@acf5d76{hddsDatanode,/,null,STOPPED}{jar:file:/home/runner/.m2/repository/org/apache/ozone/hdds-container-service/1.4.0-SNAPSHOT/hdds-container-service-1.4.0-SNAPSHOT.jar!/webapps/hddsDatanode}
2023-03-15 06:53:55,674 [Listener at 127.0.0.1/33927] INFO  server.AbstractConnector (AbstractConnector.java:doStop(383)) - Stopped ServerConnector@86ee2f8{HTTP/1.1, (http/1.1)}{0.0.0.0:0}
2023-03-15 06:53:55,675 [Listener at 127.0.0.1/33927] INFO  server.session (HouseKeeper.java:stopScavenging(149)) - node0 Stopped scavenging
2023-03-15 06:53:55,675 [Listener at 127.0.0.1/33927] INFO  handler.ContextHandler (ContextHandler.java:doStop(1159)) - Stopped o.e.j.s.ServletContextHandler@72ecd5ce{static,/static,jar:file:/home/runner/.m2/repository/org/apache/ozone/hdds-container-service/1.4.0-SNAPSHOT/hdds-container-service-1.4.0-SNAPSHOT.jar!/webapps/static,STOPPED}
2023-03-15 06:53:55,675 [Listener at 127.0.0.1/33927] INFO  handler.ContextHandler (ContextHandler.java:doStop(1159)) - Stopped o.e.j.s.ServletContextHandler@2009b81a{logs,/logs,file:///home/runner/work/ozone/ozone/hadoop-ozone/integration-test/target/log,STOPPED}
2023-03-15 06:53:55,987 [ForkJoinPool.commonPool-worker-1] INFO  ozoneimpl.OzoneContainer (OzoneContainer.java:stop(423)) - Attempting to stop container services.
2023-03-15 06:53:55,988 [ForkJoinPool.commonPool-worker-1] INFO  server.RaftServer (RaftServerProxy.java:lambda$close$6(409)) - f5ffbb19-6856-4431-8ca7-ea850b755d28: close
2023-03-15 06:53:55,988 [f5ffbb19-6856-4431-8ca7-ea850b755d28-impl-thread1] INFO  server.RaftServer$Division (RaftServerImpl.java:lambda$close$4(458)) - f5ffbb19-6856-4431-8ca7-ea850b755d28@group-27FD2424924E: shutdown
2023-03-15 06:53:55,988 [f5ffbb19-6856-4431-8ca7-ea850b755d28-impl-thread1] INFO  util.JmxRegister (JmxRegister.java:unregister(73)) - Successfully un-registered JMX Bean with object name Ratis:service=RaftServer,group=group-27FD2424924E,id=f5ffbb19-6856-4431-8ca7-ea850b755d28
2023-03-15 06:53:55,988 [f5ffbb19-6856-4431-8ca7-ea850b755d28-impl-thread1] INFO  impl.RoleInfo (RoleInfo.java:shutdownFollowerState(110)) - f5ffbb19-6856-4431-8ca7-ea850b755d28: shutdown f5ffbb19-6856-4431-8ca7-ea850b755d28@group-27FD2424924E-FollowerState
2023-03-15 06:53:55,988 [EndpointStateMachine task thread for /0.0.0.0:39779 - 0 ] INFO  ipc.Client (Client.java:handleConnectionFailure(1010)) - Retrying connect to server: 0.0.0.0/0.0.0.0:39779. Already tried 0 time(s); retry policy is RetryUpToMaximumCountWithFixedSleep(maxRetries=15, sleepTime=1000 MILLISECONDS)
2023-03-15 06:53:55,988 [ForkJoinPool.commonPool-worker-1] INFO  server.GrpcService (GrpcService.java:closeImpl(271)) - f5ffbb19-6856-4431-8ca7-ea850b755d28: shutdown server GrpcServerProtocolService now
2023-03-15 06:53:55,989 [f5ffbb19-6856-4431-8ca7-ea850b755d28-impl-thread1] INFO  impl.StateMachineUpdater (StateMachineUpdater.java:stopAndJoin(153)) - f5ffbb19-6856-4431-8ca7-ea850b755d28@group-27FD2424924E-StateMachineUpdater: set stopIndex = 204
2023-03-15 06:53:55,989 [f5ffbb19-6856-4431-8ca7-ea850b755d28@group-27FD2424924E-FollowerState] INFO  impl.FollowerState (FollowerState.java:run(152)) - f5ffbb19-6856-4431-8ca7-ea850b755d28@group-27FD2424924E-FollowerState was interrupted
2023-03-15 06:53:55,989 [f5ffbb19-6856-4431-8ca7-ea850b755d28-impl-thread2] INFO  server.RaftServer$Division (RaftServerImpl.java:lambda$close$4(458)) - f5ffbb19-6856-4431-8ca7-ea850b755d28@group-90325CBA88A0: shutdown
2023-03-15 06:53:55,989 [f5ffbb19-6856-4431-8ca7-ea850b755d28@group-27FD2424924E-StateMachineUpdater] INFO  ratis.ContainerStateMachine (ContainerStateMachine.java:takeSnapshot(330)) - group-27FD2424924E: Taking a snapshot at:(t:1, i:204) file /home/runner/work/ozone/ozone/hadoop-ozone/integration-test/target/test-dir/MiniOzoneClusterImpl-8d40f1f0-3e23-4273-879b-a609159ae6a4/datanode-2/data/ratis/d334167e-b948-4e6e-a1d2-27fd2424924e/sm/snapshot.1_204
2023-03-15 06:53:55,990 [f5ffbb19-6856-4431-8ca7-ea850b755d28-impl-thread3] INFO  server.RaftServer$Division (RaftServerImpl.java:lambda$close$4(458)) - f5ffbb19-6856-4431-8ca7-ea850b755d28@group-F60420E2E8B9: shutdown
2023-03-15 06:53:55,990 [f5ffbb19-6856-4431-8ca7-ea850b755d28-impl-thread3] INFO  util.JmxRegister (JmxRegister.java:unregister(73)) - Successfully un-registered JMX Bean with object name Ratis:service=RaftServer,group=group-F60420E2E8B9,id=f5ffbb19-6856-4431-8ca7-ea850b755d28
2023-03-15 06:53:55,990 [f5ffbb19-6856-4431-8ca7-ea850b755d28-impl-thread3] INFO  impl.RoleInfo (RoleInfo.java:shutdownFollowerState(110)) - f5ffbb19-6856-4431-8ca7-ea850b755d28: shutdown f5ffbb19-6856-4431-8ca7-ea850b755d28@group-F60420E2E8B9-FollowerState
2023-03-15 06:53:55,989 [f5ffbb19-6856-4431-8ca7-ea850b755d28-impl-thread2] INFO  util.JmxRegister (JmxRegister.java:unregister(73)) - Successfully un-registered JMX Bean with object name Ratis:service=RaftServer,group=group-90325CBA88A0,id=f5ffbb19-6856-4431-8ca7-ea850b755d28
2023-03-15 06:53:56,002 [f5ffbb19-6856-4431-8ca7-ea850b755d28-impl-thread2] INFO  impl.RoleInfo (RoleInfo.java:shutdownLeaderState(93)) - f5ffbb19-6856-4431-8ca7-ea850b755d28: shutdown f5ffbb19-6856-4431-8ca7-ea850b755d28@group-90325CBA88A0-LeaderStateImpl
2023-03-15 06:53:56,002 [f5ffbb19-6856-4431-8ca7-ea850b755d28@group-27FD2424924E-StateMachineUpdater] INFO  ratis.ContainerStateMachine (ContainerStateMachine.java:takeSnapshot(341)) - group-27FD2424924E: Finished taking a snapshot at:(t:1, i:204) file:/home/runner/work/ozone/ozone/hadoop-ozone/integration-test/target/test-dir/MiniOzoneClusterImpl-8d40f1f0-3e23-4273-879b-a609159ae6a4/datanode-2/data/ratis/d334167e-b948-4e6e-a1d2-27fd2424924e/sm/snapshot.1_204 took: 12 ms
2023-03-15 06:53:56,002 [f5ffbb19-6856-4431-8ca7-ea850b755d28-impl-thread2] INFO  impl.PendingRequests (PendingRequests.java:sendNotLeaderResponses(282)) - f5ffbb19-6856-4431-8ca7-ea850b755d28@group-90325CBA88A0-PendingRequests: sendNotLeaderResponses
2023-03-15 06:53:56,002 [ForkJoinPool.commonPool-worker-1] INFO  server.GrpcServerProtocolClient (GrpcServerProtocolClient.java:close(101)) - 0f19c1f7-7e7d-408b-8c95-b3dd1f9d1744 Close channels
2023-03-15 06:53:56,002 [f5ffbb19-6856-4431-8ca7-ea850b755d28@group-F60420E2E8B9-StateMachineUpdater] INFO  ratis.ContainerStateMachine (ContainerStateMachine.java:takeSnapshot(330)) - group-F60420E2E8B9: Taking a snapshot at:(t:1, i:186) file /home/runner/work/ozone/ozone/hadoop-ozone/integration-test/target/test-dir/MiniOzoneClusterImpl-8d40f1f0-3e23-4273-879b-a609159ae6a4/datanode-2/data/ratis/c38fd8d9-9d64-4a55-a2f3-f60420e2e8b9/sm/snapshot.1_186
2023-03-15 06:53:56,002 [ForkJoinPool.commonPool-worker-1] INFO  server.GrpcServerProtocolClient (GrpcServerProtocolClient.java:close(101)) - ec6086c2-fc50-413c-afc3-6eccceec3a30 Close channels
2023-03-15 06:53:56,003 [ForkJoinPool.commonPool-worker-1] INFO  server.GrpcService (GrpcService.java:closeImpl(280)) - f5ffbb19-6856-4431-8ca7-ea850b755d28: shutdown server GrpcServerProtocolService successfully
2023-03-15 06:53:56,003 [f5ffbb19-6856-4431-8ca7-ea850b755d28@group-90325CBA88A0-StateMachineUpdater] INFO  ratis.ContainerStateMachine (ContainerStateMachine.java:takeSnapshot(330)) - group-90325CBA88A0: Taking a snapshot at:(t:1, i:0) file /home/runner/work/ozone/ozone/hadoop-ozone/integration-test/target/test-dir/MiniOzoneClusterImpl-8d40f1f0-3e23-4273-879b-a609159ae6a4/datanode-2/data/ratis/99283544-3900-4360-bc8d-90325cba88a0/sm/snapshot.1_0
2023-03-15 06:53:56,004 [f5ffbb19-6856-4431-8ca7-ea850b755d28@group-F60420E2E8B9-StateMachineUpdater] INFO  ratis.ContainerStateMachine (ContainerStateMachine.java:takeSnapshot(341)) - group-F60420E2E8B9: Finished taking a snapshot at:(t:1, i:186) file:/home/runner/work/ozone/ozone/hadoop-ozone/integration-test/target/test-dir/MiniOzoneClusterImpl-8d40f1f0-3e23-4273-879b-a609159ae6a4/datanode-2/data/ratis/c38fd8d9-9d64-4a55-a2f3-f60420e2e8b9/sm/snapshot.1_186 took: 1 ms
2023-03-15 06:53:56,004 [f5ffbb19-6856-4431-8ca7-ea850b755d28@group-90325CBA88A0-StateMachineUpdater] INFO  ratis.ContainerStateMachine (ContainerStateMachine.java:takeSnapshot(341)) - group-90325CBA88A0: Finished taking a snapshot at:(t:1, i:0) file:/home/runner/work/ozone/ozone/hadoop-ozone/integration-test/target/test-dir/MiniOzoneClusterImpl-8d40f1f0-3e23-4273-879b-a609159ae6a4/datanode-2/data/ratis/99283544-3900-4360-bc8d-90325cba88a0/sm/snapshot.1_0 took: 1 ms
2023-03-15 06:53:56,004 [f5ffbb19-6856-4431-8ca7-ea850b755d28@group-90325CBA88A0-StateMachineUpdater] INFO  impl.StateMachineUpdater (StateMachineUpdater.java:takeSnapshot(287)) - f5ffbb19-6856-4431-8ca7-ea850b755d28@group-90325CBA88A0-StateMachineUpdater: Took a snapshot at index 0
2023-03-15 06:53:56,004 [f5ffbb19-6856-4431-8ca7-ea850b755d28@group-90325CBA88A0-StateMachineUpdater] INFO  impl.StateMachineUpdater (StateMachineUpdater.java:lambda$new$0(92)) - f5ffbb19-6856-4431-8ca7-ea850b755d28@group-90325CBA88A0-StateMachineUpdater: snapshotIndex: updateIncreasingly -1 -> 0
2023-03-15 06:53:56,004 [f5ffbb19-6856-4431-8ca7-ea850b755d28@group-F60420E2E8B9-StateMachineUpdater] INFO  impl.StateMachineUpdater (StateMachineUpdater.java:takeSnapshot(287)) - f5ffbb19-6856-4431-8ca7-ea850b755d28@group-F60420E2E8B9-StateMachineUpdater: Took a snapshot at index 186
2023-03-15 06:53:56,004 [f5ffbb19-6856-4431-8ca7-ea850b755d28@group-F60420E2E8B9-StateMachineUpdater] INFO  impl.StateMachineUpdater (StateMachineUpdater.java:lambda$new$0(92)) - f5ffbb19-6856-4431-8ca7-ea850b755d28@group-F60420E2E8B9-StateMachineUpdater: snapshotIndex: updateIncreasingly -1 -> 186
2023-03-15 06:53:56,005 [f5ffbb19-6856-4431-8ca7-ea850b755d28-impl-thread2] INFO  impl.StateMachineUpdater (StateMachineUpdater.java:stopAndJoin(153)) - f5ffbb19-6856-4431-8ca7-ea850b755d28@group-90325CBA88A0-StateMachineUpdater: set stopIndex = 0
2023-03-15 06:53:56,005 [f5ffbb19-6856-4431-8ca7-ea850b755d28-impl-thread2] INFO  server.RaftServer$Division (ServerState.java:close(466)) - f5ffbb19-6856-4431-8ca7-ea850b755d28@group-90325CBA88A0: closes. applyIndex: 0
2023-03-15 06:53:56,002 [f5ffbb19-6856-4431-8ca7-ea850b755d28@group-27FD2424924E-StateMachineUpdater] INFO  impl.StateMachineUpdater (StateMachineUpdater.java:takeSnapshot(287)) - f5ffbb19-6856-4431-8ca7-ea850b755d28@group-27FD2424924E-StateMachineUpdater: Took a snapshot at index 204
2023-03-15 06:53:56,005 [f5ffbb19-6856-4431-8ca7-ea850b755d28@group-27FD2424924E-StateMachineUpdater] INFO  impl.StateMachineUpdater (StateMachineUpdater.java:lambda$new$0(92)) - f5ffbb19-6856-4431-8ca7-ea850b755d28@group-27FD2424924E-StateMachineUpdater: snapshotIndex: updateIncreasingly -1 -> 204
2023-03-15 06:53:56,005 [f5ffbb19-6856-4431-8ca7-ea850b755d28-NettyServerStreamRpc-bossGroup--thread1] INFO  logging.LoggingHandler (AbstractInternalLogger.java:log(148)) - [id: 0xffc62274, L:/0:0:0:0:0:0:0:0:42395] CLOSE
2023-03-15 06:53:56,005 [f5ffbb19-6856-4431-8ca7-ea850b755d28-NettyServerStreamRpc-bossGroup--thread1] INFO  logging.LoggingHandler (AbstractInternalLogger.java:log(148)) - [id: 0xffc62274, L:/0:0:0:0:0:0:0:0:42395] INACTIVE
2023-03-15 06:53:56,006 [f5ffbb19-6856-4431-8ca7-ea850b755d28-NettyServerStreamRpc-bossGroup--thread1] INFO  logging.LoggingHandler (AbstractInternalLogger.java:log(148)) - [id: 0xffc62274, L:/0:0:0:0:0:0:0:0:42395] UNREGISTERED
2023-03-15 06:53:56,006 [f5ffbb19-6856-4431-8ca7-ea850b755d28-impl-thread3] INFO  impl.StateMachineUpdater (StateMachineUpdater.java:stopAndJoin(153)) - f5ffbb19-6856-4431-8ca7-ea850b755d28@group-F60420E2E8B9-StateMachineUpdater: set stopIndex = 186
2023-03-15 06:53:56,002 [f5ffbb19-6856-4431-8ca7-ea850b755d28@group-F60420E2E8B9-FollowerState] INFO  impl.FollowerState (FollowerState.java:run(152)) - f5ffbb19-6856-4431-8ca7-ea850b755d28@group-F60420E2E8B9-FollowerState was interrupted
2023-03-15 06:53:56,013 [f5ffbb19-6856-4431-8ca7-ea850b755d28-impl-thread3] INFO  server.RaftServer$Division (ServerState.java:close(466)) - f5ffbb19-6856-4431-8ca7-ea850b755d28@group-F60420E2E8B9: closes. applyIndex: 186
2023-03-15 06:53:56,013 [f5ffbb19-6856-4431-8ca7-ea850b755d28-impl-thread1] INFO  server.RaftServer$Division (ServerState.java:close(466)) - f5ffbb19-6856-4431-8ca7-ea850b755d28@group-27FD2424924E: closes. applyIndex: 204
2023-03-15 06:53:56,013 [f5ffbb19-6856-4431-8ca7-ea850b755d28@group-F60420E2E8B9-SegmentedRaftLogWorker] INFO  segmented.SegmentedRaftLogWorker (SegmentedRaftLogWorker.java:run(347)) - f5ffbb19-6856-4431-8ca7-ea850b755d28@group-F60420E2E8B9-SegmentedRaftLogWorker was interrupted, exiting. There are 0 tasks remaining in the queue.
2023-03-15 06:53:56,013 [f5ffbb19-6856-4431-8ca7-ea850b755d28@group-27FD2424924E-SegmentedRaftLogWorker] INFO  segmented.SegmentedRaftLogWorker (SegmentedRaftLogWorker.java:run(347)) - f5ffbb19-6856-4431-8ca7-ea850b755d28@group-27FD2424924E-SegmentedRaftLogWorker was interrupted, exiting. There are 0 tasks remaining in the queue.
2023-03-15 06:53:56,013 [f5ffbb19-6856-4431-8ca7-ea850b755d28-impl-thread3] INFO  segmented.SegmentedRaftLogWorker (SegmentedRaftLogWorker.java:close(257)) - f5ffbb19-6856-4431-8ca7-ea850b755d28@group-F60420E2E8B9-SegmentedRaftLogWorker close()
2023-03-15 06:53:56,014 [f5ffbb19-6856-4431-8ca7-ea850b755d28-impl-thread1] INFO  segmented.SegmentedRaftLogWorker (SegmentedRaftLogWorker.java:close(257)) - f5ffbb19-6856-4431-8ca7-ea850b755d28@group-27FD2424924E-SegmentedRaftLogWorker close()
2023-03-15 06:53:56,014 [f5ffbb19-6856-4431-8ca7-ea850b755d28@group-90325CBA88A0-SegmentedRaftLogWorker] INFO  segmented.SegmentedRaftLogWorker (SegmentedRaftLogWorker.java:run(347)) - f5ffbb19-6856-4431-8ca7-ea850b755d28@group-90325CBA88A0-SegmentedRaftLogWorker was interrupted, exiting. There are 0 tasks remaining in the queue.
2023-03-15 06:53:56,015 [f5ffbb19-6856-4431-8ca7-ea850b755d28-impl-thread2] INFO  segmented.SegmentedRaftLogWorker (SegmentedRaftLogWorker.java:close(257)) - f5ffbb19-6856-4431-8ca7-ea850b755d28@group-90325CBA88A0-SegmentedRaftLogWorker close()
2023-03-15 06:53:56,024 [JvmPauseMonitor11] INFO  util.JvmPauseMonitor (JvmPauseMonitor.java:run(111)) - JvmPauseMonitor-f5ffbb19-6856-4431-8ca7-ea850b755d28: Stopped
2023-03-15 06:53:56,989 [EndpointStateMachine task thread for /0.0.0.0:39779 - 0 ] INFO  ipc.Client (Client.java:handleConnectionFailure(1010)) - Retrying connect to server: 0.0.0.0/0.0.0.0:39779. Already tried 1 time(s); retry policy is RetryUpToMaximumCountWithFixedSleep(maxRetries=15, sleepTime=1000 MILLISECONDS)
2023-03-15 06:53:57,991 [EndpointStateMachine task thread for /0.0.0.0:39779 - 0 ] INFO  ipc.Client (Client.java:handleConnectionFailure(1010)) - Retrying connect to server: 0.0.0.0/0.0.0.0:39779. Already tried 2 time(s); retry policy is RetryUpToMaximumCountWithFixedSleep(maxRetries=15, sleepTime=1000 MILLISECONDS)
2023-03-15 06:53:58,031 [ForkJoinPool.commonPool-worker-1] INFO  volume.HddsVolume (HddsVolume.java:closeDbStore(362)) - SchemaV3 db is stopped at /home/runner/work/ozone/ozone/hadoop-ozone/integration-test/target/test-dir/MiniOzoneClusterImpl-8d40f1f0-3e23-4273-879b-a609159ae6a4/datanode-2/data-0/containers/hdds/8d40f1f0-3e23-4273-879b-a609159ae6a4/DS-97cb5f79-7498-459c-a453-f4d7e48d81ae/container.db for volume DS-97cb5f79-7498-459c-a453-f4d7e48d81ae
2023-03-15 06:53:58,032 [ForkJoinPool.commonPool-worker-1] INFO  utils.BackgroundService (BackgroundService.java:shutdown(141)) - Shutting down service BlockDeletingService
2023-03-15 06:53:58,033 [ForkJoinPool.commonPool-worker-1] INFO  utils.BackgroundService (BackgroundService.java:shutdown(141)) - Shutting down service StaleRecoveringContainerScrubbingService
2023-03-15 06:53:58,038 [ForkJoinPool.commonPool-worker-1] INFO  statemachine.DatanodeStateMachine (DatanodeStateMachine.java:stopDaemon(601)) - Ozone container server stopped.
2023-03-15 06:53:58,053 [ForkJoinPool.commonPool-worker-1] INFO  handler.ContextHandler (ContextHandler.java:doStop(1159)) - Stopped o.e.j.w.WebAppContext@3ead589f{hddsDatanode,/,null,STOPPED}{jar:file:/home/runner/.m2/repository/org/apache/ozone/hdds-container-service/1.4.0-SNAPSHOT/hdds-container-service-1.4.0-SNAPSHOT.jar!/webapps/hddsDatanode}
2023-03-15 06:53:58,054 [ForkJoinPool.commonPool-worker-1] INFO  server.AbstractConnector (AbstractConnector.java:doStop(383)) - Stopped ServerConnector@6f2912c5{HTTP/1.1, (http/1.1)}{0.0.0.0:0}
2023-03-15 06:53:58,054 [ForkJoinPool.commonPool-worker-1] INFO  server.session (HouseKeeper.java:stopScavenging(149)) - node0 Stopped scavenging
2023-03-15 06:53:58,054 [ForkJoinPool.commonPool-worker-1] INFO  handler.ContextHandler (ContextHandler.java:doStop(1159)) - Stopped o.e.j.s.ServletContextHandler@66e85a55{static,/static,jar:file:/home/runner/.m2/repository/org/apache/ozone/hdds-container-service/1.4.0-SNAPSHOT/hdds-container-service-1.4.0-SNAPSHOT.jar!/webapps/static,STOPPED}
2023-03-15 06:53:58,055 [ForkJoinPool.commonPool-worker-1] INFO  handler.ContextHandler (ContextHandler.java:doStop(1159)) - Stopped o.e.j.s.ServletContextHandler@e042502{logs,/logs,file:///home/runner/work/ozone/ozone/hadoop-ozone/integration-test/target/log,STOPPED}
2023-03-15 06:53:58,563 [Listener at 127.0.0.1/33927] WARN  server.ServerUtils (ServerUtils.java:getScmDbDir(148)) - ozone.scm.db.dirs is not configured. We recommend adding this setting. Falling back to ozone.metadata.dirs instead.
2023-03-15 06:53:58,567 [Listener at 127.0.0.1/33927] WARN  server.ServerUtils (ServerUtils.java:getScmDbDir(148)) - ozone.scm.db.dirs is not configured. We recommend adding this setting. Falling back to ozone.metadata.dirs instead.
2023-03-15 06:53:58,568 [Listener at 127.0.0.1/33927] INFO  ha.SCMHANodeDetails (SCMHANodeDetails.java:loadSCMHAConfig(209)) - ServiceID for StorageContainerManager is null
2023-03-15 06:53:58,568 [Listener at 127.0.0.1/33927] INFO  ha.SCMHANodeDetails (SCMHANodeDetails.java:loadSCMHAConfig(214)) - ozone.scm.default.service.id is not defined, falling back to ozone.scm.service.ids to find serviceID for StorageContainerManager if it is HA enabled cluster
2023-03-15 06:53:58,569 [Listener at 127.0.0.1/33927] WARN  utils.HAUtils (HAUtils.java:getMetaDir(342)) - ozone.scm.db.dirs is not configured. We recommend adding this setting. Falling back to ozone.metadata.dirs instead.
2023-03-15 06:53:58,569 [Listener at 127.0.0.1/33927] WARN  db.DBStoreBuilder (DBStoreBuilder.java:applyDBDefinition(172)) - ozone.scm.db.dirs is not configured. We recommend adding this setting. Falling back to ozone.metadata.dirs instead.
2023-03-15 06:53:58,698 [Listener at 127.0.0.1/33927] INFO  net.NodeSchemaLoader (NodeSchemaLoader.java:loadSchemaFromFile(129)) - Loading schema from [jar:file:/home/runner/.m2/repository/org/apache/ozone/hdds-common/1.4.0-SNAPSHOT/hdds-common-1.4.0-SNAPSHOT.jar!/network-topology-default.xml]
2023-03-15 06:53:58,698 [Listener at 127.0.0.1/33927] INFO  net.NodeSchemaLoader (NodeSchemaLoader.java:loadSchema(176)) - Loading network topology layer schema file
2023-03-15 06:53:58,701 [Listener at 127.0.0.1/33927] INFO  upgrade.AbstractLayoutVersionManager (AbstractLayoutVersionManager.java:init(83)) - Initializing Layout version manager with metadata layout = DATANODE_SCHEMA_V3 (version = 4), software layout = DATANODE_SCHEMA_V3 (version = 4)
2023-03-15 06:53:58,760 [Listener at 127.0.0.1/33927] INFO  reflections.Reflections (Reflections.java:scan(232)) - Reflections took 58 ms to scan 7 urls, producing 155 keys and 368 values 
2023-03-15 06:53:58,767 [Listener at 127.0.0.1/33927] INFO  ha.SequenceIdGenerator (SequenceIdGenerator.java:upgradeToSequenceId(349)) - upgrade localId to 111677748019200000
2023-03-15 06:53:58,767 [Listener at 127.0.0.1/33927] INFO  ha.SequenceIdGenerator (SequenceIdGenerator.java:upgradeToSequenceId(359)) - upgrade delTxnId to 0
2023-03-15 06:53:58,767 [Listener at 127.0.0.1/33927] INFO  ha.SequenceIdGenerator (SequenceIdGenerator.java:upgradeToSequenceId(376)) - upgrade containerId to 0
2023-03-15 06:53:58,767 [Listener at 127.0.0.1/33927] INFO  ha.SequenceIdGenerator (SequenceIdGenerator.java:<init>(220)) - Init the HA SequenceIdGenerator.
2023-03-15 06:53:58,768 [Listener at 127.0.0.1/33927] WARN  server.ServerUtils (ServerUtils.java:sanitizeUserArgs(73)) - ozone.scm.stale.node.interval value = 300000 is larger than max = 100000 based on the key value of ozone.scm.heartbeat.thread.interval, reset to the max value 100000.
2023-03-15 06:53:58,768 [Listener at 127.0.0.1/33927] WARN  server.ServerUtils (ServerUtils.java:sanitizeUserArgs(73)) - ozone.scm.stale.node.interval value = 300000 is larger than max = 100000 based on the key value of ozone.scm.heartbeat.thread.interval, reset to the max value 100000.
2023-03-15 06:53:58,768 [Listener at 127.0.0.1/33927] INFO  node.SCMNodeManager (SCMNodeManager.java:<init>(156)) - Entering startup safe mode.
2023-03-15 06:53:58,769 [Listener at 127.0.0.1/33927] INFO  algorithms.ContainerPlacementPolicyFactory (ContainerPlacementPolicyFactory.java:getPolicyInternal(86)) - Create container placement policy of type org.apache.hadoop.hdds.scm.container.placement.algorithms.SCMContainerPlacementRandom
2023-03-15 06:53:58,769 [Listener at 127.0.0.1/33927] INFO  algorithms.ContainerPlacementPolicyFactory (ContainerPlacementPolicyFactory.java:getPolicyInternal(86)) - Create container placement policy of type org.apache.hadoop.hdds.scm.container.placement.algorithms.SCMContainerPlacementRackScatter
2023-03-15 06:53:58,769 [Listener at 127.0.0.1/33927] INFO  pipeline.PipelineStateManagerImpl (PipelineStateManagerImpl.java:initialize(78)) - No pipeline exists in current db
2023-03-15 06:53:58,769 [Listener at 127.0.0.1/33927] INFO  algorithms.LeaderChoosePolicyFactory (LeaderChoosePolicyFactory.java:getPolicy(57)) - Create leader choose policy of type org.apache.hadoop.hdds.scm.pipeline.leader.choose.algorithms.MinLeaderCountChoosePolicy
2023-03-15 06:53:58,769 [Listener at 127.0.0.1/33927] INFO  algorithms.ContainerPlacementPolicyFactory (ContainerPlacementPolicyFactory.java:getPolicyInternal(86)) - Create container placement policy of type org.apache.hadoop.hdds.scm.container.placement.algorithms.SCMContainerPlacementRackScatter
2023-03-15 06:53:58,769 [Listener at 127.0.0.1/33927] INFO  ha.SCMServiceManager (SCMServiceManager.java:register(42)) - Registering service BackgroundPipelineCreator.
2023-03-15 06:53:58,769 [Listener at 127.0.0.1/33927] INFO  pipeline.BackgroundPipelineCreator (BackgroundPipelineCreator.java:start(124)) - Starting RatisPipelineUtilsThread.
2023-03-15 06:53:58,770 [Listener at 127.0.0.1/33927] INFO  BackgroundPipelineScrubber (BackgroundSCMService.java:start(68)) - Starting BackgroundPipelineScrubber Service.
2023-03-15 06:53:58,770 [Listener at 127.0.0.1/33927] INFO  ha.SCMServiceManager (SCMServiceManager.java:register(42)) - Registering service BackgroundPipelineScrubber.
2023-03-15 06:53:58,770 [Listener at 127.0.0.1/33927] INFO  ExpiredContainerReplicaOpScrubber (BackgroundSCMService.java:start(68)) - Starting ExpiredContainerReplicaOpScrubber Service.
2023-03-15 06:53:58,771 [Listener at 127.0.0.1/33927] INFO  ha.SCMServiceManager (SCMServiceManager.java:register(42)) - Registering service ExpiredContainerReplicaOpScrubber.
2023-03-15 06:53:58,772 [Listener at 127.0.0.1/33927] INFO  algorithms.PipelineChoosePolicyFactory (PipelineChoosePolicyFactory.java:createPipelineChoosePolicyFromClass(73)) - Create pipeline choose policy of type org.apache.hadoop.hdds.scm.pipeline.choose.algorithms.RandomPipelineChoosePolicy
2023-03-15 06:53:58,772 [Listener at 127.0.0.1/33927] INFO  ha.SCMServiceManager (SCMServiceManager.java:register(42)) - Registering service SCMBlockDeletingService.
2023-03-15 06:53:58,772 [Listener at 127.0.0.1/33927] INFO  replication.ReplicationManager (ReplicationManager.java:start(271)) - Starting Replication Monitor Thread.
2023-03-15 06:53:58,776 [Listener at 127.0.0.1/33927] INFO  ha.SCMServiceManager (SCMServiceManager.java:register(42)) - Registering service ReplicationManager.
2023-03-15 06:53:58,776 [Listener at 127.0.0.1/33927] INFO  safemode.ContainerSafeModeRule (ContainerSafeModeRule.java:<init>(89)) - containers with one replica threshold count 0
2023-03-15 06:53:58,776 [Listener at 127.0.0.1/33927] INFO  safemode.HealthyPipelineSafeModeRule (HealthyPipelineSafeModeRule.java:initializeRule(169)) - Total pipeline count is 0, healthy pipeline threshold count is 1
2023-03-15 06:53:58,776 [Listener at 127.0.0.1/33927] INFO  safemode.OneReplicaPipelineSafeModeRule (OneReplicaPipelineSafeModeRule.java:initializeRule(180)) - Total pipeline count is 0, pipeline's with at least one datanode reported threshold count is 0
2023-03-15 06:53:58,777 [Listener at 127.0.0.1/33927] INFO  server.StorageContainerManager (StorageContainerManager.java:<init>(392)) - SCM start with adminUsers: [runner]
2023-03-15 06:53:58,777 [Listener at 127.0.0.1/33927] INFO  ipc.CallQueueManager (CallQueueManager.java:<init>(90)) - Using callQueue: class java.util.concurrent.LinkedBlockingQueue, queueCapacity: 2000, scheduler: class org.apache.hadoop.ipc.DefaultRpcScheduler, ipcBackoff: false.
2023-03-15 06:53:58,778 [Socket Reader #1 for port 0] INFO  ipc.Server (Server.java:run(1273)) - Starting Socket Reader #1 for port 0
2023-03-15 06:53:58,778 [Listener at 0.0.0.0/44479] INFO  ipc.CallQueueManager (CallQueueManager.java:<init>(90)) - Using callQueue: class java.util.concurrent.LinkedBlockingQueue, queueCapacity: 2000, scheduler: class org.apache.hadoop.ipc.DefaultRpcScheduler, ipcBackoff: false.
2023-03-15 06:53:58,780 [Socket Reader #1 for port 0] INFO  ipc.Server (Server.java:run(1273)) - Starting Socket Reader #1 for port 0
2023-03-15 06:53:58,781 [Listener at 0.0.0.0/39555] INFO  ipc.CallQueueManager (CallQueueManager.java:<init>(90)) - Using callQueue: class java.util.concurrent.LinkedBlockingQueue, queueCapacity: 2000, scheduler: class org.apache.hadoop.ipc.DefaultRpcScheduler, ipcBackoff: false.
2023-03-15 06:53:58,782 [Socket Reader #1 for port 0] INFO  ipc.Server (Server.java:run(1273)) - Starting Socket Reader #1 for port 0
2023-03-15 06:53:58,788 [Listener at 0.0.0.0/34467] INFO  ha.SCMServiceManager (SCMServiceManager.java:register(42)) - Registering service ContainerBalancer.
2023-03-15 06:53:58,788 [Listener at 0.0.0.0/34467] INFO  server.StorageContainerManager (StorageContainerManager.java:<init>(407)) - 
Container Balancer status:
Key                            Value
Running                        true
Container Balancer Configuration values:
Key                                                Value
Threshold                                          10
Max Datanodes to Involve per Iteration(percent)    20
Max Size to Move per Iteration                     500GB
Max Size Entering Target per Iteration             26GB
Max Size Leaving Source per Iteration              26GB

2023-03-15 06:53:58,789 [Listener at 0.0.0.0/34467] INFO  ha.SCMContext (SCMContext.java:updateSafeModeStatus(228)) - Update SafeModeStatus from SafeModeStatus{safeModeStatus=true, preCheckPassed=false} to SafeModeStatus{safeModeStatus=true, preCheckPassed=false}.
2023-03-15 06:53:58,789 [Listener at 0.0.0.0/34467] INFO  server.StorageContainerManager (StorageContainerManager.java:start(1437)) - StorageContainerLocationProtocol RPC server is listening at /0.0.0.0:34467
2023-03-15 06:53:58,795 [ReplicationMonitor] INFO  replication.ReplicationManager (ReplicationManager.java:processAll(346)) - Replication Manager is not ready to run until 3000ms after safemode exit
2023-03-15 06:53:58,797 [Listener at 0.0.0.0/34467] WARN  impl.MetricsConfig (MetricsConfig.java:loadFirst(136)) - Cannot locate configuration: tried hadoop-metrics2-storagecontainermanager.properties,hadoop-metrics2.properties
2023-03-15 06:53:58,797 [Listener at 0.0.0.0/34467] INFO  impl.MetricsSystemImpl (MetricsSystemImpl.java:startTimer(378)) - Scheduled Metric snapshot period at 10 second(s).
2023-03-15 06:53:58,798 [Listener at 0.0.0.0/34467] INFO  impl.MetricsSystemImpl (MetricsSystemImpl.java:start(191)) - StorageContainerManager metrics system started
2023-03-15 06:53:58,815 [Listener at 0.0.0.0/34467] INFO  impl.MetricsSinkAdapter (MetricsSinkAdapter.java:start(204)) - Sink prometheus started
2023-03-15 06:53:58,815 [Listener at 0.0.0.0/34467] INFO  impl.MetricsSystemImpl (MetricsSystemImpl.java:registerSink(305)) - Registered sink prometheus
2023-03-15 06:53:58,847 [Listener at 0.0.0.0/34467] INFO  server.SCMClientProtocolServer (SCMClientProtocolServer.java:start(194)) - RPC server for Client  is listening at /0.0.0.0:34467
2023-03-15 06:53:58,851 [IPC Server Responder] INFO  ipc.Server (Server.java:run(1512)) - IPC Server Responder: starting
2023-03-15 06:53:58,862 [IPC Server listener on 0] INFO  ipc.Server (Server.java:run(1352)) - IPC Server listener on 0: starting
2023-03-15 06:53:58,863 [Listener at 0.0.0.0/34467] INFO  server.StorageContainerManager (StorageContainerManager.java:start(1451)) - ScmBlockLocationProtocol RPC server is listening at /0.0.0.0:39555
2023-03-15 06:53:58,863 [Listener at 0.0.0.0/34467] INFO  server.SCMBlockProtocolServer (SCMBlockProtocolServer.java:start(152)) - RPC server for Block Protocol is listening at /0.0.0.0:39555
2023-03-15 06:53:58,870 [IPC Server Responder] INFO  ipc.Server (Server.java:run(1512)) - IPC Server Responder: starting
2023-03-15 06:53:58,870 [IPC Server listener on 0] INFO  ipc.Server (Server.java:run(1352)) - IPC Server listener on 0: starting
2023-03-15 06:53:58,872 [Listener at 0.0.0.0/34467] INFO  server.SCMDatanodeProtocolServer (SCMDatanodeProtocolServer.java:start(193)) - ScmDatanodeProtocol RPC server for DataNodes is listening at /0.0.0.0:44479
2023-03-15 06:53:58,872 [IPC Server Responder] INFO  ipc.Server (Server.java:run(1512)) - IPC Server Responder: starting
2023-03-15 06:53:58,872 [IPC Server listener on 0] INFO  ipc.Server (Server.java:run(1352)) - IPC Server listener on 0: starting
2023-03-15 06:53:58,880 [Listener at 0.0.0.0/34467] INFO  http.BaseHttpServer (BaseHttpServer.java:newHttpServer2BuilderForOzone(224)) - Starting Web-server for scm at: http://0.0.0.0:0
2023-03-15 06:53:58,881 [Listener at 0.0.0.0/34467] INFO  http.BaseHttpServer (BaseHttpServer.java:<init>(111)) - Hadoop Security Enabled: false Ozone Security Enabled: false Ozone HTTP Security Enabled: false 
2023-03-15 06:53:58,882 [org.apache.hadoop.util.JvmPauseMonitor$Monitor@2cbfc87f] INFO  util.JvmPauseMonitor (JvmPauseMonitor.java:run(188)) - Starting JVM pause monitor
2023-03-15 06:53:58,883 [Listener at 0.0.0.0/34467] WARN  server.AuthenticationFilter (AuthenticationFilter.java:constructSecretProvider(240)) - Unable to initialize FileSignerSecretProvider, falling back to use random secrets. Reason: Could not read signature secret file: /home/runner/hadoop-http-auth-signature-secret
2023-03-15 06:53:58,883 [Listener at 0.0.0.0/34467] WARN  http.HttpRequestLog (HttpRequestLog.java:getRequestLog(103)) - Jetty request log can only be enabled using Log4j
2023-03-15 06:53:58,885 [Listener at 0.0.0.0/34467] INFO  http.HttpServer2 (HttpServer2.java:addGlobalFilter(1031)) - Added global filter 'safety' (class=org.apache.hadoop.hdds.server.http.HttpServer2$QuotingInputFilter)
2023-03-15 06:53:58,885 [Listener at 0.0.0.0/34467] INFO  http.HttpServer2 (HttpServer2.java:addFilter(1007)) - Added filter static_user_filter (class=org.apache.hadoop.http.lib.StaticUserWebFilter$StaticUserFilter) to context scm
2023-03-15 06:53:58,886 [Listener at 0.0.0.0/34467] INFO  http.HttpServer2 (HttpServer2.java:addFilter(1015)) - Added filter static_user_filter (class=org.apache.hadoop.http.lib.StaticUserWebFilter$StaticUserFilter) to context logs
2023-03-15 06:53:58,886 [Listener at 0.0.0.0/34467] INFO  http.HttpServer2 (HttpServer2.java:addFilter(1015)) - Added filter static_user_filter (class=org.apache.hadoop.http.lib.StaticUserWebFilter$StaticUserFilter) to context static
2023-03-15 06:53:58,886 [Listener at 0.0.0.0/34467] INFO  http.BaseHttpServer (BaseHttpServer.java:<init>(190)) - HTTP server of scm uses base directory /home/runner/work/ozone/ozone/hadoop-ozone/integration-test/target/test-dir/MiniOzoneClusterImpl-88c1a39f-978e-429a-824f-6eda176bb531/ozone-meta/webserver
2023-03-15 06:53:58,886 [Listener at 0.0.0.0/34467] INFO  http.HttpServer2 (HttpServer2.java:bindListener(1250)) - Jetty bound to port 33449
2023-03-15 06:53:58,887 [Listener at 0.0.0.0/34467] INFO  server.Server (Server.java:doStart(375)) - jetty-9.4.49.v20220914; built: 2022-09-14T01:07:36.601Z; git: 4231a3b2e4cb8548a412a789936d640a97b1aa0a; jvm 1.8.0_362-b09
2023-03-15 06:53:58,888 [Listener at 0.0.0.0/34467] INFO  server.session (DefaultSessionIdManager.java:doStart(334)) - DefaultSessionIdManager workerName=node0
2023-03-15 06:53:58,888 [Listener at 0.0.0.0/34467] INFO  server.session (DefaultSessionIdManager.java:doStart(339)) - No SessionScavenger set, using defaults
2023-03-15 06:53:58,888 [Listener at 0.0.0.0/34467] INFO  server.session (HouseKeeper.java:startScavenging(132)) - node0 Scavenging every 660000ms
2023-03-15 06:53:58,889 [Listener at 0.0.0.0/34467] INFO  handler.ContextHandler (ContextHandler.java:doStart(921)) - Started o.e.j.s.ServletContextHandler@4cf2e5f{logs,/logs,file:///home/runner/work/ozone/ozone/hadoop-ozone/integration-test/target/log,AVAILABLE}
2023-03-15 06:53:58,889 [Listener at 0.0.0.0/34467] INFO  handler.ContextHandler (ContextHandler.java:doStart(921)) - Started o.e.j.s.ServletContextHandler@50306f7d{static,/static,file:///home/runner/work/ozone/ozone/hadoop-ozone/integration-test/target/test-classes/webapps/static,AVAILABLE}
2023-03-15 06:53:58,892 [Listener at 0.0.0.0/34467] INFO  handler.ContextHandler (ContextHandler.java:doStart(921)) - Started o.e.j.w.WebAppContext@bc1bf2b{scm,/,file:///home/runner/work/ozone/ozone/hadoop-ozone/integration-test/target/test-classes/webapps/scm/,AVAILABLE}{file:/home/runner/work/ozone/ozone/hadoop-ozone/integration-test/target/test-classes/webapps/scm}
2023-03-15 06:53:58,898 [Listener at 0.0.0.0/34467] INFO  server.AbstractConnector (AbstractConnector.java:doStart(333)) - Started ServerConnector@7be1bbd1{HTTP/1.1, (http/1.1)}{0.0.0.0:33449}
2023-03-15 06:53:58,899 [Listener at 0.0.0.0/34467] INFO  server.Server (Server.java:doStart(415)) - Started @128389ms
2023-03-15 06:53:58,899 [Listener at 0.0.0.0/34467] WARN  impl.MetricsSystemImpl (MetricsSystemImpl.java:register(279)) - Sink prometheus already exists!
2023-03-15 06:53:58,900 [Listener at 0.0.0.0/34467] INFO  http.BaseHttpServer (BaseHttpServer.java:updateConnectorAddress(344)) - HTTP server of scm listening at http://0.0.0.0:33449
2023-03-15 06:53:58,901 [Listener at 0.0.0.0/34467] INFO  ha.OMHANodeDetails (OMHANodeDetails.java:loadOMHAConfig(121)) - ServiceID for OzoneManager is om-service-test1
2023-03-15 06:53:58,902 [Listener at 0.0.0.0/34467] INFO  ha.OMHANodeDetails (OMHANodeDetails.java:loadOMHAConfig(201)) - Found matching OM address with OMServiceId: om-service-test1, OMNodeId: omNode-1, RPC Address: localhost:43319 and Ratis port: 41803
2023-03-15 06:53:58,903 [Listener at 0.0.0.0/34467] INFO  ha.OMHANodeDetails (ConfUtils.java:setNodeSpecificConfigs(97)) - Setting configuration key ozone.om.http-address with value of key ozone.om.http-address.om-service-test1.omNode-1: 127.0.0.1:44457
2023-03-15 06:53:58,903 [Listener at 0.0.0.0/34467] INFO  ha.OMHANodeDetails (ConfUtils.java:setNodeSpecificConfigs(97)) - Setting configuration key ozone.om.https-address with value of key ozone.om.https-address.om-service-test1.omNode-1: 127.0.0.1:46717
2023-03-15 06:53:58,903 [Listener at 0.0.0.0/34467] INFO  ha.OMHANodeDetails (ConfUtils.java:setNodeSpecificConfigs(97)) - Setting configuration key ozone.om.address with value of key ozone.om.address.om-service-test1.omNode-1: 127.0.0.1:43319
2023-03-15 06:53:58,903 [Listener at 0.0.0.0/34467] WARN  server.ServerUtils (ServerUtils.java:getDBPath(225)) - ozone.om.db.dirs is not configured. We recommend adding this setting. Falling back to ozone.metadata.dirs instead.
2023-03-15 06:53:58,904 [Listener at 0.0.0.0/34467] INFO  proxy.SCMBlockLocationFailoverProxyProvider (SCMBlockLocationFailoverProxyProvider.java:<init>(114)) - Created block location fail-over proxy with 1 nodes: [nodeId=scmNodeId,nodeAddress=/0.0.0.0:39555]
OM initialization succeeded.Current cluster id for sd=/home/runner/work/ozone/ozone/hadoop-ozone/integration-test/target/test-dir/MiniOzoneClusterImpl-88c1a39f-978e-429a-824f-6eda176bb531/omNode-1/om;cid=88c1a39f-978e-429a-824f-6eda176bb531;layoutVersion=3
2023-03-15 06:53:58,915 [Listener at 0.0.0.0/34467] INFO  ha.OMHANodeDetails (OMHANodeDetails.java:loadOMHAConfig(121)) - ServiceID for OzoneManager is om-service-test1
2023-03-15 06:53:58,915 [Listener at 0.0.0.0/34467] INFO  ha.OMHANodeDetails (OMHANodeDetails.java:loadOMHAConfig(201)) - Found matching OM address with OMServiceId: om-service-test1, OMNodeId: omNode-1, RPC Address: localhost:43319 and Ratis port: 41803
2023-03-15 06:53:58,916 [Listener at 0.0.0.0/34467] INFO  ha.OMHANodeDetails (ConfUtils.java:setNodeSpecificConfigs(97)) - Setting configuration key ozone.om.http-address with value of key ozone.om.http-address.om-service-test1.omNode-1: 127.0.0.1:44457
2023-03-15 06:53:58,916 [Listener at 0.0.0.0/34467] INFO  ha.OMHANodeDetails (ConfUtils.java:setNodeSpecificConfigs(97)) - Setting configuration key ozone.om.https-address with value of key ozone.om.https-address.om-service-test1.omNode-1: 127.0.0.1:46717
2023-03-15 06:53:58,916 [Listener at 0.0.0.0/34467] INFO  ha.OMHANodeDetails (ConfUtils.java:setNodeSpecificConfigs(97)) - Setting configuration key ozone.om.address with value of key ozone.om.address.om-service-test1.omNode-1: 127.0.0.1:43319
2023-03-15 06:53:58,916 [Listener at 0.0.0.0/34467] WARN  server.ServerUtils (ServerUtils.java:getDBPath(225)) - ozone.om.db.dirs is not configured. We recommend adding this setting. Falling back to ozone.metadata.dirs instead.
2023-03-15 06:53:58,917 [Listener at 0.0.0.0/34467] INFO  upgrade.AbstractLayoutVersionManager (AbstractLayoutVersionManager.java:init(83)) - Initializing Layout version manager with metadata layout = MULTITENANCY_SCHEMA (version = 3), software layout = MULTITENANCY_SCHEMA (version = 3)
2023-03-15 06:53:58,992 [EndpointStateMachine task thread for /0.0.0.0:39779 - 0 ] INFO  ipc.Client (Client.java:handleConnectionFailure(1010)) - Retrying connect to server: 0.0.0.0/0.0.0.0:39779. Already tried 3 time(s); retry policy is RetryUpToMaximumCountWithFixedSleep(maxRetries=15, sleepTime=1000 MILLISECONDS)
2023-03-15 06:53:58,998 [Listener at 0.0.0.0/34467] INFO  reflections.Reflections (Reflections.java:scan(232)) - Reflections took 80 ms to scan 2 urls, producing 167 keys and 464 values [using 2 cores]
2023-03-15 06:53:58,999 [Listener at 0.0.0.0/34467] INFO  upgrade.OMLayoutVersionManager (OMLayoutVersionManager.java:lambda$0(115)) - Skipping Upgrade Action MockOmUpgradeAction since it has been finalized.
2023-03-15 06:53:58,999 [Listener at 0.0.0.0/34467] WARN  server.ServerUtils (ServerUtils.java:getDBPath(225)) - ozone.om.db.dirs is not configured. We recommend adding this setting. Falling back to ozone.metadata.dirs instead.
2023-03-15 06:53:59,000 [Listener at 0.0.0.0/34467] INFO  proxy.SCMBlockLocationFailoverProxyProvider (SCMBlockLocationFailoverProxyProvider.java:<init>(114)) - Created block location fail-over proxy with 1 nodes: [nodeId=scmNodeId,nodeAddress=/0.0.0.0:39555]
2023-03-15 06:53:59,001 [Listener at 0.0.0.0/34467] INFO  proxy.SCMBlockLocationFailoverProxyProvider (SCMBlockLocationFailoverProxyProvider.java:<init>(114)) - Created block location fail-over proxy with 1 nodes: [nodeId=scmNodeId,nodeAddress=/0.0.0.0:39555]
2023-03-15 06:53:59,006 [Listener at 0.0.0.0/34467] INFO  om.OzoneManager (OzoneManager.java:<init>(620)) - OM start with adminUsers: [runner]
2023-03-15 06:53:59,007 [Listener at 0.0.0.0/34467] WARN  server.ServerUtils (ServerUtils.java:getDBPath(225)) - ozone.om.db.dirs is not configured. We recommend adding this setting. Falling back to ozone.metadata.dirs instead.
2023-03-15 06:53:59,007 [Listener at 0.0.0.0/34467] INFO  codec.OmKeyInfoCodec (OmKeyInfoCodec.java:<init>(49)) - OmKeyInfoCodec ignorePipeline = true
2023-03-15 06:53:59,008 [Listener at 0.0.0.0/34467] INFO  codec.RepeatedOmKeyInfoCodec (RepeatedOmKeyInfoCodec.java:<init>(41)) - RepeatedOmKeyInfoCodec ignorePipeline = true
2023-03-15 06:53:59,303 [Listener at 0.0.0.0/34467] INFO  om.OzoneManager (OzoneManager.java:instantiateServices(750)) - S3 Multi-Tenancy is disabled
2023-03-15 06:53:59,304 [Listener at 0.0.0.0/34467] WARN  server.ServerUtils (ServerUtils.java:getDBPath(225)) - ozone.om.snapshot.diff.db.dir is not configured. We recommend adding this setting. Falling back to ozone.metadata.dirs instead.
2023-03-15 06:53:59,316 [Listener at 0.0.0.0/34467] INFO  om.OzoneManager (OzoneManager.java:addS3GVolumeToDB(4228)) - Created Volume s3v With Owner runner required for S3Gateway operations.
2023-03-15 06:53:59,316 [Listener at 0.0.0.0/34467] WARN  server.ServerUtils (ServerUtils.java:getDefaultRatisDirectory(237)) - Storage directory for Ratis is not configured. It is a good idea to map this to an SSD disk. Falling back to ozone.metadata.dirs
2023-03-15 06:53:59,317 [Listener at 0.0.0.0/34467] WARN  utils.OzoneManagerRatisUtils (OzoneManagerRatisUtils.java:getOMRatisSnapshotDirectory(439)) - ozone.om.ratis.snapshot.dir is not configured. Falling back to ozone.metadata.dirs config
2023-03-15 06:53:59,317 [Listener at 0.0.0.0/34467] INFO  snapshot.OzoneManagerSnapshotProvider (OzoneManagerSnapshotProvider.java:<init>(76)) - Initializing OM Snapshot Provider
2023-03-15 06:53:59,318 [Listener at 0.0.0.0/34467] WARN  server.ServerUtils (ServerUtils.java:getDefaultRatisDirectory(237)) - Storage directory for Ratis is not configured. It is a good idea to map this to an SSD disk. Falling back to ozone.metadata.dirs
2023-03-15 06:53:59,319 [Listener at 0.0.0.0/34467] INFO  ratis.OzoneManagerRatisServer (OzoneManagerRatisServer.java:<init>(164)) - Instantiating OM Ratis server with groupID: om-service-test1 and peers: localhost:41803, localhost:46017, localhost:34703
2023-03-15 06:53:59,320 [Listener at 0.0.0.0/34467] INFO  ratis.OzoneManagerStateMachine (OzoneManagerStateMachine.java:loadSnapshotInfoFromDB(636)) - LastAppliedIndex is set from TransactionInfo from OM DB as (t:0, i:~)
2023-03-15 06:53:59,322 [Listener at 0.0.0.0/34467] INFO  server.RaftServer (ConfUtils.java:logGet(46)) - raft.rpc.type = GRPC (default)
2023-03-15 06:53:59,322 [Listener at 0.0.0.0/34467] INFO  grpc.GrpcConfigKeys (ConfUtils.java:logFallback(53)) - raft.grpc.admin.host = null (fallback to raft.grpc.server.host)
2023-03-15 06:53:59,323 [Listener at 0.0.0.0/34467] INFO  grpc.GrpcConfigKeys (ConfUtils.java:logFallback(53)) - raft.grpc.admin.port = 41803 (fallback to raft.grpc.server.port)
2023-03-15 06:53:59,323 [Listener at 0.0.0.0/34467] INFO  grpc.GrpcConfigKeys (ConfUtils.java:logFallback(53)) - raft.grpc.client.host = null (fallback to raft.grpc.server.host)
2023-03-15 06:53:59,323 [Listener at 0.0.0.0/34467] INFO  grpc.GrpcConfigKeys (ConfUtils.java:logFallback(53)) - raft.grpc.client.port = 41803 (fallback to raft.grpc.server.port)
2023-03-15 06:53:59,323 [Listener at 0.0.0.0/34467] INFO  grpc.GrpcConfigKeys (ConfUtils.java:logGet(46)) - raft.grpc.server.host = null (default)
2023-03-15 06:53:59,323 [Listener at 0.0.0.0/34467] INFO  grpc.GrpcConfigKeys (ConfUtils.java:logGet(46)) - raft.grpc.server.port = 41803 (custom)
2023-03-15 06:53:59,323 [Listener at 0.0.0.0/34467] INFO  server.GrpcService (ConfUtils.java:logGet(46)) - raft.grpc.message.size.max = 33554432 (custom)
2023-03-15 06:53:59,323 [Listener at 0.0.0.0/34467] INFO  server.RaftServerConfigKeys (ConfUtils.java:logGet(46)) - raft.server.log.appender.buffer.byte-limit = 33554432 (custom)
2023-03-15 06:53:59,323 [Listener at 0.0.0.0/34467] INFO  server.GrpcService (ConfUtils.java:logGet(46)) - raft.grpc.flow.control.window = 1MB (=1048576) (default)
2023-03-15 06:53:59,323 [Listener at 0.0.0.0/34467] INFO  server.RaftServerConfigKeys (ConfUtils.java:logGet(46)) - raft.server.rpc.request.timeout = 3000ms (default)
2023-03-15 06:53:59,323 [Listener at 0.0.0.0/34467] INFO  grpc.GrpcConfigKeys (ConfUtils.java:logGet(46)) - raft.grpc.server.heartbeat.channel = true (default)
2023-03-15 06:53:59,324 [Listener at 0.0.0.0/34467] INFO  grpc.GrpcConfigKeys (ConfUtils.java:logGet(46)) - raft.grpc.server.async.request.thread.pool.cached = true (default)
2023-03-15 06:53:59,324 [Listener at 0.0.0.0/34467] INFO  grpc.GrpcConfigKeys (ConfUtils.java:logGet(46)) - raft.grpc.server.async.request.thread.pool.size = 32 (default)
2023-03-15 06:53:59,327 [Listener at 0.0.0.0/34467] INFO  impl.DataStreamServerImpl (ConfUtils.java:logGet(46)) - raft.datastream.type = DISABLED (default)
2023-03-15 06:53:59,327 [Listener at 0.0.0.0/34467] INFO  server.RaftServerConfigKeys (ConfUtils.java:logGet(46)) - raft.server.threadpool.proxy.cached = true (default)
2023-03-15 06:53:59,329 [Listener at 0.0.0.0/34467] INFO  server.RaftServerConfigKeys (ConfUtils.java:logGet(46)) - raft.server.threadpool.proxy.size = 0 (default)
2023-03-15 06:53:59,329 [Listener at 0.0.0.0/34467] INFO  server.RaftServerConfigKeys (ConfUtils.java:logGet(46)) - raft.server.rpc.slowness.timeout = 2s (custom)
2023-03-15 06:53:59,329 [Listener at 0.0.0.0/34467] INFO  server.RaftServerConfigKeys (ConfUtils.java:logGet(46)) - raft.server.leaderelection.leader.step-down.wait-time = 10s (default)
2023-03-15 06:53:59,329 [Listener at 0.0.0.0/34467] INFO  server.RaftServerConfigKeys (ConfUtils.java:logGet(46)) - raft.server.storage.dir = [/home/runner/work/ozone/ozone/hadoop-ozone/integration-test/target/test-dir/MiniOzoneClusterImpl-88c1a39f-978e-429a-824f-6eda176bb531/omNode-1/ratis] (custom)
2023-03-15 06:53:59,335 [Listener at 0.0.0.0/34467] INFO  server.RaftServer (RaftServerProxy.java:addNew(96)) - omNode-1: addNew group-523986131536:[omNode-3|rpc:localhost:46017|priority:0|startupRole:FOLLOWER, omNode-1|rpc:localhost:41803|priority:0|startupRole:FOLLOWER, omNode-2|rpc:localhost:34703|priority:0|startupRole:FOLLOWER] returns group-523986131536:java.util.concurrent.CompletableFuture@f7fa6b6[Not completed]
2023-03-15 06:53:59,335 [Listener at 0.0.0.0/34467] INFO  om.OzoneManager (OzoneManager.java:initializeRatisServer(2107)) - OzoneManager Ratis server initialized at port 41803
2023-03-15 06:53:59,335 [Listener at 0.0.0.0/34467] INFO  om.OzoneManager (OzoneManager.java:getRpcServer(1134)) - Creating RPC Server
2023-03-15 06:53:59,336 [pool-1427-thread-1] INFO  server.RaftServer$Division (RaftServerImpl.java:<init>(195)) - omNode-1: new RaftServerImpl for group-523986131536:[omNode-3|rpc:localhost:46017|priority:0|startupRole:FOLLOWER, omNode-1|rpc:localhost:41803|priority:0|startupRole:FOLLOWER, omNode-2|rpc:localhost:34703|priority:0|startupRole:FOLLOWER] with OzoneManagerStateMachine:uninitialized
2023-03-15 06:53:59,336 [pool-1427-thread-1] INFO  server.RaftServerConfigKeys (ConfUtils.java:logGet(46)) - raft.server.rpc.timeout.min = 1s (custom)
2023-03-15 06:53:59,336 [pool-1427-thread-1] INFO  server.RaftServerConfigKeys (ConfUtils.java:logGet(46)) - raft.server.rpc.timeout.max = 1200ms (custom)
2023-03-15 06:53:59,336 [pool-1427-thread-1] INFO  server.RaftServerConfigKeys (ConfUtils.java:logGet(46)) - raft.server.rpc.sleep.time = 25ms (default)
2023-03-15 06:53:59,336 [pool-1427-thread-1] INFO  server.RaftServerConfigKeys (ConfUtils.java:logGet(46)) - raft.server.rpc.slowness.timeout = 2s (custom)
2023-03-15 06:53:59,336 [pool-1427-thread-1] INFO  server.RaftServerConfigKeys (ConfUtils.java:logGet(46)) - raft.server.leaderelection.leader.step-down.wait-time = 10s (default)
2023-03-15 06:53:59,336 [pool-1427-thread-1] INFO  server.RaftServerConfigKeys (ConfUtils.java:logGet(46)) - raft.server.sleep.deviation.threshold = 300ms (default)
2023-03-15 06:53:59,336 [pool-1427-thread-1] INFO  server.RaftServer$Division (ServerState.java:<init>(118)) - omNode-1@group-523986131536: ConfigurationManager, init=-1: peers:[omNode-3|rpc:localhost:46017|priority:0|startupRole:FOLLOWER, omNode-1|rpc:localhost:41803|priority:0|startupRole:FOLLOWER, omNode-2|rpc:localhost:34703|priority:0|startupRole:FOLLOWER]|listeners:[], old=null, confs=<EMPTY_MAP>
2023-03-15 06:53:59,337 [pool-1427-thread-1] INFO  server.RaftServerConfigKeys (ConfUtils.java:logGet(46)) - raft.server.storage.dir = [/home/runner/work/ozone/ozone/hadoop-ozone/integration-test/target/test-dir/MiniOzoneClusterImpl-88c1a39f-978e-429a-824f-6eda176bb531/omNode-1/ratis] (custom)
2023-03-15 06:53:59,337 [pool-1427-thread-1] INFO  server.RaftServerConfigKeys (ConfUtils.java:logGet(46)) - raft.server.log.corruption.policy = EXCEPTION (default)
2023-03-15 06:53:59,337 [pool-1427-thread-1] INFO  server.RaftServerConfigKeys (ConfUtils.java:logGet(46)) - raft.server.storage.free-space.min = 0MB (=0) (default)
2023-03-15 06:53:59,337 [pool-1427-thread-1] INFO  server.RaftServerConfigKeys (ConfUtils.java:logGet(46)) - raft.server.notification.no-leader.timeout = 2s (custom)
2023-03-15 06:53:59,337 [pool-1427-thread-1] INFO  server.RaftServerConfigKeys (ConfUtils.java:logGet(46)) - raft.server.retrycache.expirytime = 300s (custom)
2023-03-15 06:53:59,337 [pool-1427-thread-1] INFO  server.RaftServerConfigKeys (ConfUtils.java:logGet(46)) - raft.server.retrycache.statistics.expirytime = 100μs (default)
2023-03-15 06:53:59,339 [pool-1427-thread-1] INFO  server.RaftServerConfigKeys (ConfUtils.java:logGet(46)) - raft.server.log.appender.install.snapshot.enabled = false (custom)
2023-03-15 06:53:59,339 [pool-1427-thread-1] INFO  server.RaftServerConfigKeys (ConfUtils.java:logGet(46)) - raft.server.threadpool.server.cached = true (default)
2023-03-15 06:53:59,339 [pool-1427-thread-1] INFO  server.RaftServerConfigKeys (ConfUtils.java:logGet(46)) - raft.server.threadpool.server.size = 0 (default)
2023-03-15 06:53:59,339 [pool-1427-thread-1] INFO  server.RaftServerConfigKeys (ConfUtils.java:logGet(46)) - raft.server.threadpool.client.cached = true (default)
2023-03-15 06:53:59,339 [pool-1427-thread-1] INFO  server.RaftServerConfigKeys (ConfUtils.java:logGet(46)) - raft.server.threadpool.client.size = 0 (default)
2023-03-15 06:53:59,843 [Listener at 0.0.0.0/34467] INFO  reflections.Reflections (Reflections.java:scan(232)) - Reflections took 507 ms to scan 19 urls, producing 68 keys and 4936 values [using 2 cores]
2023-03-15 06:53:59,845 [Listener at 0.0.0.0/34467] INFO  ipc.CallQueueManager (CallQueueManager.java:<init>(90)) - Using callQueue: class java.util.concurrent.LinkedBlockingQueue, queueCapacity: 2000, scheduler: class org.apache.hadoop.ipc.DefaultRpcScheduler, ipcBackoff: false.
2023-03-15 06:53:59,847 [Socket Reader #1 for port 43319] INFO  ipc.Server (Server.java:run(1273)) - Starting Socket Reader #1 for port 43319
2023-03-15 06:53:59,875 [Listener at 127.0.0.1/43319] INFO  impl.MetricsSystemImpl (MetricsSystemImpl.java:init(158)) - OzoneManager metrics system started (again)
2023-03-15 06:53:59,887 [Listener at 127.0.0.1/43319] INFO  om.OzoneManager (OzoneManager.java:start(1564)) - OzoneManager RPC server is listening at localhost/127.0.0.1:43319
2023-03-15 06:53:59,887 [Listener at 127.0.0.1/43319] INFO  ratis.OzoneManagerRatisServer (OzoneManagerRatisServer.java:start(559)) - Starting OzoneManagerRatisServer omNode-1 at port 41803
2023-03-15 06:53:59,888 [omNode-1-impl-thread1] INFO  storage.RaftStorageDirectory (RaftStorageDirectoryImpl.java:analyzeStorage(137)) - The storage directory /home/runner/work/ozone/ozone/hadoop-ozone/integration-test/target/test-dir/MiniOzoneClusterImpl-88c1a39f-978e-429a-824f-6eda176bb531/omNode-1/ratis/c9bc4cf4-3bc3-3c60-a66b-523986131536 does not exist. Creating ...
2023-03-15 06:53:59,889 [omNode-1-impl-thread1] INFO  storage.RaftStorageDirectory (RaftStorageDirectoryImpl.java:tryLock(231)) - Lock on /home/runner/work/ozone/ozone/hadoop-ozone/integration-test/target/test-dir/MiniOzoneClusterImpl-88c1a39f-978e-429a-824f-6eda176bb531/omNode-1/ratis/c9bc4cf4-3bc3-3c60-a66b-523986131536/in_use.lock acquired by nodename 3629@fv-az210-452
2023-03-15 06:53:59,891 [omNode-1-impl-thread1] INFO  storage.RaftStorage (RaftStorageImpl.java:format(96)) - Storage directory /home/runner/work/ozone/ozone/hadoop-ozone/integration-test/target/test-dir/MiniOzoneClusterImpl-88c1a39f-978e-429a-824f-6eda176bb531/omNode-1/ratis/c9bc4cf4-3bc3-3c60-a66b-523986131536 has been successfully formatted.
2023-03-15 06:53:59,891 [omNode-1-impl-thread1] INFO  server.RaftServerConfigKeys (ConfUtils.java:logGet(46)) - raft.server.log.use.memory = false (default)
2023-03-15 06:53:59,891 [omNode-1-impl-thread1] INFO  server.RaftServerConfigKeys (ConfUtils.java:logGet(46)) - raft.server.log.purge.gap = 1000000 (custom)
2023-03-15 06:53:59,891 [omNode-1-impl-thread1] INFO  server.RaftServerConfigKeys (ConfUtils.java:logGet(46)) - raft.server.log.appender.buffer.byte-limit = 33554432 (custom)
2023-03-15 06:53:59,891 [omNode-1-impl-thread1] INFO  server.RaftServerConfigKeys (ConfUtils.java:logGet(46)) - raft.server.log.statemachine.data.read.timeout = 1000ms (default)
2023-03-15 06:53:59,891 [omNode-1-impl-thread1] INFO  server.RaftServerConfigKeys (ConfUtils.java:logGet(46)) - raft.server.log.purge.preservation.log.num = 0 (default)
2023-03-15 06:53:59,891 [omNode-1-impl-thread1] INFO  server.RaftServerConfigKeys (ConfUtils.java:logGet(46)) - raft.server.log.segment.size.max = 4194304 (custom)
2023-03-15 06:53:59,891 [omNode-1-impl-thread1] INFO  server.RaftServerConfigKeys (ConfUtils.java:logGet(46)) - raft.server.log.segment.cache.num.max = 2 (custom)
2023-03-15 06:53:59,891 [omNode-1-impl-thread1] INFO  server.RaftServerConfigKeys (ConfUtils.java:logGet(46)) - raft.server.log.segment.cache.size.max = 200MB (=209715200) (default)
2023-03-15 06:53:59,891 [omNode-1-impl-thread1] INFO  segmented.SegmentedRaftLogWorker (SegmentedRaftLogWorker.java:<init>(189)) - new omNode-1@group-523986131536-SegmentedRaftLogWorker for RaftStorageImpl:Storage Directory /home/runner/work/ozone/ozone/hadoop-ozone/integration-test/target/test-dir/MiniOzoneClusterImpl-88c1a39f-978e-429a-824f-6eda176bb531/omNode-1/ratis/c9bc4cf4-3bc3-3c60-a66b-523986131536
2023-03-15 06:53:59,891 [omNode-1-impl-thread1] INFO  server.RaftServerConfigKeys (ConfUtils.java:logGet(46)) - raft.server.log.queue.byte-limit = 64MB (=67108864) (default)
2023-03-15 06:53:59,892 [omNode-1-impl-thread1] INFO  server.RaftServerConfigKeys (ConfUtils.java:logGet(46)) - raft.server.log.queue.element-limit = 4096 (default)
2023-03-15 06:53:59,892 [omNode-1-impl-thread1] INFO  server.RaftServerConfigKeys (ConfUtils.java:logGet(46)) - raft.server.log.segment.size.max = 4194304 (custom)
2023-03-15 06:53:59,892 [omNode-1-impl-thread1] INFO  server.RaftServerConfigKeys (ConfUtils.java:logGet(46)) - raft.server.log.preallocated.size = 4194304 (custom)
2023-03-15 06:53:59,892 [omNode-1-impl-thread1] INFO  server.RaftServerConfigKeys (ConfUtils.java:logGet(46)) - raft.server.log.force.sync.num = 128 (default)
2023-03-15 06:53:59,892 [omNode-1-impl-thread1] INFO  server.RaftServerConfigKeys (ConfUtils.java:logGet(46)) - raft.server.log.statemachine.data.sync = true (default)
2023-03-15 06:53:59,892 [omNode-1-impl-thread1] INFO  server.RaftServerConfigKeys (ConfUtils.java:logGet(46)) - raft.server.log.statemachine.data.sync.timeout = 10s (default)
2023-03-15 06:53:59,892 [omNode-1-impl-thread1] INFO  server.RaftServerConfigKeys (ConfUtils.java:logGet(46)) - raft.server.log.statemachine.data.sync.timeout.retry = -1 (default)
2023-03-15 06:53:59,892 [omNode-1-impl-thread1] INFO  server.RaftServerConfigKeys (ConfUtils.java:logGet(46)) - raft.server.log.write.buffer.size = 64KB (=65536) (default)
2023-03-15 06:53:59,892 [omNode-1-impl-thread1] INFO  server.RaftServerConfigKeys (ConfUtils.java:logGet(46)) - raft.server.log.appender.buffer.byte-limit = 33554432 (custom)
2023-03-15 06:53:59,897 [omNode-1-impl-thread1] INFO  server.RaftServerConfigKeys (ConfUtils.java:logGet(46)) - raft.server.log.unsafe-flush.enabled = false (default)
2023-03-15 06:53:59,897 [omNode-1-impl-thread1] INFO  server.RaftServerConfigKeys (ConfUtils.java:logGet(46)) - raft.server.log.async-flush.enabled = false (default)
2023-03-15 06:53:59,897 [omNode-1-impl-thread1] INFO  server.RaftServerConfigKeys (ConfUtils.java:logGet(46)) - raft.server.log.statemachine.data.caching.enabled = false (default)
2023-03-15 06:53:59,897 [omNode-1-impl-thread1] INFO  segmented.SegmentedRaftLogWorker (SegmentedRaftLogWorker.java:lambda$new$0(135)) - omNode-1@group-523986131536-SegmentedRaftLogWorker: flushIndex: setUnconditionally 0 -> -1
2023-03-15 06:53:59,898 [omNode-1-impl-thread1] INFO  segmented.SegmentedRaftLogWorker (SegmentedRaftLogWorker.java:lambda$new$0(135)) - omNode-1@group-523986131536-SegmentedRaftLogWorker: safeCacheEvictIndex: setUnconditionally 0 -> -1
2023-03-15 06:53:59,898 [omNode-1-impl-thread1] INFO  server.RaftServer$Division (RaftServerImpl.java:start(334)) - omNode-1@group-523986131536: start as a follower, conf=-1: peers:[omNode-3|rpc:localhost:46017|priority:0|startupRole:FOLLOWER, omNode-1|rpc:localhost:41803|priority:0|startupRole:FOLLOWER, omNode-2|rpc:localhost:34703|priority:0|startupRole:FOLLOWER]|listeners:[], old=null
2023-03-15 06:53:59,898 [omNode-1-impl-thread1] INFO  server.RaftServer$Division (RaftServerImpl.java:setRole(321)) - omNode-1@group-523986131536: changes role from      null to FOLLOWER at term 0 for startAsFollower
2023-03-15 06:53:59,898 [omNode-1-impl-thread1] INFO  impl.RoleInfo (RoleInfo.java:updateAndGet(139)) - omNode-1: start omNode-1@group-523986131536-FollowerState
2023-03-15 06:53:59,902 [omNode-1-impl-thread1] INFO  util.JmxRegister (JmxRegister.java:tryRegister(44)) - Successfully registered JMX Bean with object name Ratis:service=RaftServer,group=group-523986131536,id=omNode-1
2023-03-15 06:53:59,902 [omNode-1-impl-thread1] INFO  server.RaftServerConfigKeys (ConfUtils.java:logGet(46)) - raft.server.snapshot.auto.trigger.enabled = true (custom)
2023-03-15 06:53:59,902 [omNode-1-impl-thread1] INFO  server.RaftServerConfigKeys (ConfUtils.java:logGet(46)) - raft.server.snapshot.auto.trigger.threshold = 400000 (default)
2023-03-15 06:53:59,902 [omNode-1-impl-thread1] INFO  server.RaftServerConfigKeys (ConfUtils.java:logGet(46)) - raft.server.snapshot.retention.file.num = -1 (default)
2023-03-15 06:53:59,902 [omNode-1-impl-thread1] INFO  server.RaftServerConfigKeys (ConfUtils.java:logGet(46)) - raft.server.log.purge.upto.snapshot.index = true (custom)
2023-03-15 06:53:59,902 [omNode-1@group-523986131536-FollowerState] INFO  server.RaftServerConfigKeys (ConfUtils.java:logFallback(53)) - raft.server.rpc.first-election.timeout.min = 1s (fallback to raft.server.rpc.timeout.min)
2023-03-15 06:53:59,902 [omNode-1@group-523986131536-FollowerState] INFO  server.RaftServerConfigKeys (ConfUtils.java:logFallback(53)) - raft.server.rpc.first-election.timeout.max = 1200ms (fallback to raft.server.rpc.timeout.max)
2023-03-15 06:53:59,902 [Listener at 127.0.0.1/43319] INFO  server.RaftServer (RaftServerProxy.java:startImpl(393)) - omNode-1: start RPC server
2023-03-15 06:53:59,906 [Listener at 127.0.0.1/43319] INFO  server.GrpcService (GrpcService.java:startImpl(262)) - omNode-1: GrpcService started, listening on 41803
2023-03-15 06:53:59,906 [Listener at 127.0.0.1/43319] INFO  om.OzoneManager (OzoneManager.java:start(1580)) - Version File has different layout version (3) than OM DB (null). That is expected if this OM has never been finalized to a newer layout version.
2023-03-15 06:53:59,907 [JvmPauseMonitor12] INFO  util.JvmPauseMonitor (JvmPauseMonitor.java:run(105)) - JvmPauseMonitor-omNode-1: Started
2023-03-15 06:53:59,912 [Listener at 127.0.0.1/43319] INFO  http.BaseHttpServer (BaseHttpServer.java:newHttpServer2BuilderForOzone(224)) - Starting Web-server for ozoneManager at: http://0.0.0.0:44457
2023-03-15 06:53:59,913 [Listener at 127.0.0.1/43319] INFO  http.BaseHttpServer (BaseHttpServer.java:<init>(111)) - Hadoop Security Enabled: false Ozone Security Enabled: false Ozone HTTP Security Enabled: false 
2023-03-15 06:53:59,915 [Listener at 127.0.0.1/43319] WARN  server.AuthenticationFilter (AuthenticationFilter.java:constructSecretProvider(240)) - Unable to initialize FileSignerSecretProvider, falling back to use random secrets. Reason: Could not read signature secret file: /home/runner/hadoop-http-auth-signature-secret
2023-03-15 06:53:59,915 [Listener at 127.0.0.1/43319] WARN  http.HttpRequestLog (HttpRequestLog.java:getRequestLog(103)) - Jetty request log can only be enabled using Log4j
2023-03-15 06:53:59,917 [Listener at 127.0.0.1/43319] INFO  http.HttpServer2 (HttpServer2.java:addGlobalFilter(1031)) - Added global filter 'safety' (class=org.apache.hadoop.hdds.server.http.HttpServer2$QuotingInputFilter)
2023-03-15 06:53:59,919 [Listener at 127.0.0.1/43319] INFO  http.HttpServer2 (HttpServer2.java:addFilter(1007)) - Added filter static_user_filter (class=org.apache.hadoop.http.lib.StaticUserWebFilter$StaticUserFilter) to context ozoneManager
2023-03-15 06:53:59,919 [Listener at 127.0.0.1/43319] INFO  http.HttpServer2 (HttpServer2.java:addFilter(1015)) - Added filter static_user_filter (class=org.apache.hadoop.http.lib.StaticUserWebFilter$StaticUserFilter) to context static
2023-03-15 06:53:59,920 [Listener at 127.0.0.1/43319] INFO  http.HttpServer2 (HttpServer2.java:addFilter(1015)) - Added filter static_user_filter (class=org.apache.hadoop.http.lib.StaticUserWebFilter$StaticUserFilter) to context logs
2023-03-15 06:53:59,923 [Listener at 127.0.0.1/43319] INFO  http.BaseHttpServer (BaseHttpServer.java:<init>(190)) - HTTP server of ozoneManager uses base directory /home/runner/work/ozone/ozone/hadoop-ozone/integration-test/target/test-dir/MiniOzoneClusterImpl-88c1a39f-978e-429a-824f-6eda176bb531/omNode-1/webserver
2023-03-15 06:53:59,923 [Listener at 127.0.0.1/43319] INFO  http.HttpServer2 (HttpServer2.java:bindListener(1250)) - Jetty bound to port 44457
2023-03-15 06:53:59,923 [Listener at 127.0.0.1/43319] INFO  server.Server (Server.java:doStart(375)) - jetty-9.4.49.v20220914; built: 2022-09-14T01:07:36.601Z; git: 4231a3b2e4cb8548a412a789936d640a97b1aa0a; jvm 1.8.0_362-b09
2023-03-15 06:53:59,928 [Listener at 127.0.0.1/43319] INFO  server.session (DefaultSessionIdManager.java:doStart(334)) - DefaultSessionIdManager workerName=node0
2023-03-15 06:53:59,928 [Listener at 127.0.0.1/43319] INFO  server.session (DefaultSessionIdManager.java:doStart(339)) - No SessionScavenger set, using defaults
2023-03-15 06:53:59,928 [Listener at 127.0.0.1/43319] INFO  server.session (HouseKeeper.java:startScavenging(132)) - node0 Scavenging every 660000ms
2023-03-15 06:53:59,929 [Listener at 127.0.0.1/43319] INFO  handler.ContextHandler (ContextHandler.java:doStart(921)) - Started o.e.j.s.ServletContextHandler@230a7a05{logs,/logs,file:///home/runner/work/ozone/ozone/hadoop-ozone/integration-test/target/log,AVAILABLE}
2023-03-15 06:53:59,929 [Listener at 127.0.0.1/43319] INFO  handler.ContextHandler (ContextHandler.java:doStart(921)) - Started o.e.j.s.ServletContextHandler@2fa0f830{static,/static,file:///home/runner/work/ozone/ozone/hadoop-ozone/integration-test/target/test-classes/webapps/static,AVAILABLE}
2023-03-15 06:53:59,936 [Listener at 127.0.0.1/43319] INFO  handler.ContextHandler (ContextHandler.java:doStart(921)) - Started o.e.j.w.WebAppContext@3bb9bed3{ozoneManager,/,file:///home/runner/work/ozone/ozone/hadoop-ozone/integration-test/target/test-classes/webapps/ozoneManager/,AVAILABLE}{file:/home/runner/work/ozone/ozone/hadoop-ozone/integration-test/target/test-classes/webapps/ozoneManager}
2023-03-15 06:53:59,938 [Listener at 127.0.0.1/43319] INFO  server.AbstractConnector (AbstractConnector.java:doStart(333)) - Started ServerConnector@4da95065{HTTP/1.1, (http/1.1)}{0.0.0.0:44457}
2023-03-15 06:53:59,938 [Listener at 127.0.0.1/43319] INFO  server.Server (Server.java:doStart(415)) - Started @129428ms
2023-03-15 06:53:59,938 [Listener at 127.0.0.1/43319] WARN  impl.MetricsSystemImpl (MetricsSystemImpl.java:register(279)) - Sink prometheus already exists!
2023-03-15 06:53:59,938 [Listener at 127.0.0.1/43319] INFO  http.BaseHttpServer (BaseHttpServer.java:updateConnectorAddress(344)) - HTTP server of ozoneManager listening at http://0.0.0.0:44457
2023-03-15 06:53:59,939 [IPC Server Responder] INFO  ipc.Server (Server.java:run(1512)) - IPC Server Responder: starting
2023-03-15 06:53:59,939 [IPC Server listener on 43319] INFO  ipc.Server (Server.java:run(1352)) - IPC Server listener on 43319: starting
2023-03-15 06:53:59,946 [Listener at 127.0.0.1/43319] INFO  om.OzoneManager (OzoneManager.java:startTrashEmptier(2051)) - Trash Interval set to 0. Files deleted won't move to trash
2023-03-15 06:53:59,949 [Listener at 127.0.0.1/43319] INFO  ozone.MiniOzoneHAClusterImpl (MiniOzoneHAClusterImpl.java:createOMService(527)) - Started OzoneManager omNode-1 RPC server at localhost/127.0.0.1:43319
2023-03-15 06:53:59,949 [org.apache.hadoop.util.JvmPauseMonitor$Monitor@4239d51b] INFO  util.JvmPauseMonitor (JvmPauseMonitor.java:run(188)) - Starting JVM pause monitor
2023-03-15 06:53:59,950 [Listener at 127.0.0.1/43319] INFO  ha.OMHANodeDetails (OMHANodeDetails.java:loadOMHAConfig(121)) - ServiceID for OzoneManager is om-service-test1
2023-03-15 06:53:59,951 [Listener at 127.0.0.1/43319] INFO  ha.OMHANodeDetails (OMHANodeDetails.java:loadOMHAConfig(201)) - Found matching OM address with OMServiceId: om-service-test1, OMNodeId: omNode-2, RPC Address: localhost:33597 and Ratis port: 34703
2023-03-15 06:53:59,952 [Listener at 127.0.0.1/43319] INFO  ha.OMHANodeDetails (ConfUtils.java:setNodeSpecificConfigs(97)) - Setting configuration key ozone.om.http-address with value of key ozone.om.http-address.om-service-test1.omNode-2: 127.0.0.1:34839
2023-03-15 06:53:59,952 [Listener at 127.0.0.1/43319] INFO  ha.OMHANodeDetails (ConfUtils.java:setNodeSpecificConfigs(97)) - Setting configuration key ozone.om.https-address with value of key ozone.om.https-address.om-service-test1.omNode-2: 127.0.0.1:37745
2023-03-15 06:53:59,952 [Listener at 127.0.0.1/43319] INFO  ha.OMHANodeDetails (ConfUtils.java:setNodeSpecificConfigs(97)) - Setting configuration key ozone.om.address with value of key ozone.om.address.om-service-test1.omNode-2: 127.0.0.1:33597
2023-03-15 06:53:59,952 [Listener at 127.0.0.1/43319] WARN  server.ServerUtils (ServerUtils.java:getDBPath(225)) - ozone.om.db.dirs is not configured. We recommend adding this setting. Falling back to ozone.metadata.dirs instead.
2023-03-15 06:53:59,953 [Listener at 127.0.0.1/43319] INFO  proxy.SCMBlockLocationFailoverProxyProvider (SCMBlockLocationFailoverProxyProvider.java:<init>(114)) - Created block location fail-over proxy with 1 nodes: [nodeId=scmNodeId,nodeAddress=/0.0.0.0:39555]
OM initialization succeeded.Current cluster id for sd=/home/runner/work/ozone/ozone/hadoop-ozone/integration-test/target/test-dir/MiniOzoneClusterImpl-88c1a39f-978e-429a-824f-6eda176bb531/omNode-2/om;cid=88c1a39f-978e-429a-824f-6eda176bb531;layoutVersion=3
2023-03-15 06:53:59,959 [Listener at 127.0.0.1/43319] INFO  ha.OMHANodeDetails (OMHANodeDetails.java:loadOMHAConfig(121)) - ServiceID for OzoneManager is om-service-test1
2023-03-15 06:53:59,959 [Listener at 127.0.0.1/43319] INFO  ha.OMHANodeDetails (OMHANodeDetails.java:loadOMHAConfig(201)) - Found matching OM address with OMServiceId: om-service-test1, OMNodeId: omNode-2, RPC Address: localhost:33597 and Ratis port: 34703
2023-03-15 06:53:59,959 [Listener at 127.0.0.1/43319] INFO  ha.OMHANodeDetails (ConfUtils.java:setNodeSpecificConfigs(97)) - Setting configuration key ozone.om.http-address with value of key ozone.om.http-address.om-service-test1.omNode-2: 127.0.0.1:34839
2023-03-15 06:53:59,959 [Listener at 127.0.0.1/43319] INFO  ha.OMHANodeDetails (ConfUtils.java:setNodeSpecificConfigs(97)) - Setting configuration key ozone.om.https-address with value of key ozone.om.https-address.om-service-test1.omNode-2: 127.0.0.1:37745
2023-03-15 06:53:59,959 [Listener at 127.0.0.1/43319] INFO  ha.OMHANodeDetails (ConfUtils.java:setNodeSpecificConfigs(97)) - Setting configuration key ozone.om.address with value of key ozone.om.address.om-service-test1.omNode-2: 127.0.0.1:33597
2023-03-15 06:53:59,959 [Listener at 127.0.0.1/43319] WARN  server.ServerUtils (ServerUtils.java:getDBPath(225)) - ozone.om.db.dirs is not configured. We recommend adding this setting. Falling back to ozone.metadata.dirs instead.
2023-03-15 06:53:59,961 [Listener at 127.0.0.1/43319] INFO  upgrade.AbstractLayoutVersionManager (AbstractLayoutVersionManager.java:init(83)) - Initializing Layout version manager with metadata layout = MULTITENANCY_SCHEMA (version = 3), software layout = MULTITENANCY_SCHEMA (version = 3)
2023-03-15 06:53:59,993 [EndpointStateMachine task thread for /0.0.0.0:39779 - 0 ] INFO  ipc.Client (Client.java:handleConnectionFailure(1010)) - Retrying connect to server: 0.0.0.0/0.0.0.0:39779. Already tried 4 time(s); retry policy is RetryUpToMaximumCountWithFixedSleep(maxRetries=15, sleepTime=1000 MILLISECONDS)
2023-03-15 06:54:00,073 [Finalizer] WARN  managed.ManagedRocksObjectUtils (ManagedRocksObjectUtils.java:assertClosed(54)) - RocksIterator is not closed properly
2023-03-15 06:54:00,074 [Finalizer] WARN  managed.ManagedRocksObjectUtils (ManagedRocksObjectUtils.java:assertClosed(54)) - RocksIterator is not closed properly
2023-03-15 06:54:00,074 [Finalizer] WARN  managed.ManagedRocksObjectUtils (ManagedRocksObjectUtils.java:assertClosed(54)) - RocksIterator is not closed properly
2023-03-15 06:54:00,074 [Finalizer] WARN  managed.ManagedRocksObjectUtils (ManagedRocksObjectUtils.java:assertClosed(54)) - RocksIterator is not closed properly
2023-03-15 06:54:00,074 [Finalizer] WARN  managed.ManagedRocksObjectUtils (ManagedRocksObjectUtils.java:assertClosed(54)) - RocksIterator is not closed properly
2023-03-15 06:54:00,074 [Finalizer] WARN  managed.ManagedRocksObjectUtils (ManagedRocksObjectUtils.java:assertClosed(54)) - RocksIterator is not closed properly
2023-03-15 06:54:00,074 [Finalizer] WARN  managed.ManagedRocksObjectUtils (ManagedRocksObjectUtils.java:assertClosed(54)) - ManagedColumnFamilyOptions is not closed properly
2023-03-15 06:54:00,074 [Finalizer] WARN  managed.ManagedRocksObjectUtils (ManagedRocksObjectUtils.java:assertClosed(54)) - ManagedColumnFamilyOptions is not closed properly
2023-03-15 06:54:00,074 [Finalizer] WARN  managed.ManagedRocksObjectUtils (ManagedRocksObjectUtils.java:assertClosed(54)) - ManagedColumnFamilyOptions is not closed properly
2023-03-15 06:54:00,074 [Finalizer] WARN  managed.ManagedRocksObjectUtils (ManagedRocksObjectUtils.java:assertClosed(54)) - ManagedColumnFamilyOptions is not closed properly
2023-03-15 06:54:00,074 [Finalizer] WARN  managed.ManagedRocksObjectUtils (ManagedRocksObjectUtils.java:assertClosed(54)) - ManagedColumnFamilyOptions is not closed properly
2023-03-15 06:54:00,074 [Finalizer] WARN  managed.ManagedRocksObjectUtils (ManagedRocksObjectUtils.java:assertClosed(54)) - ManagedColumnFamilyOptions is not closed properly
2023-03-15 06:54:00,074 [Finalizer] WARN  managed.ManagedRocksObjectUtils (ManagedRocksObjectUtils.java:assertClosed(54)) - ManagedColumnFamilyOptions is not closed properly
2023-03-15 06:54:00,074 [Finalizer] WARN  managed.ManagedRocksObjectUtils (ManagedRocksObjectUtils.java:assertClosed(54)) - ManagedColumnFamilyOptions is not closed properly
2023-03-15 06:54:00,074 [Finalizer] WARN  managed.ManagedRocksObjectUtils (ManagedRocksObjectUtils.java:assertClosed(54)) - RocksIterator is not closed properly
2023-03-15 06:54:00,074 [Finalizer] WARN  managed.ManagedRocksObjectUtils (ManagedRocksObjectUtils.java:assertClosed(54)) - RocksIterator is not closed properly
2023-03-15 06:54:00,074 [Finalizer] WARN  managed.ManagedRocksObjectUtils (ManagedRocksObjectUtils.java:assertClosed(54)) - RocksIterator is not closed properly
2023-03-15 06:54:00,074 [Finalizer] WARN  managed.ManagedRocksObjectUtils (ManagedRocksObjectUtils.java:assertClosed(54)) - RocksIterator is not closed properly
2023-03-15 06:54:00,078 [Finalizer] WARN  managed.ManagedRocksObjectUtils (ManagedRocksObjectUtils.java:assertClosed(54)) - RocksIterator is not closed properly
2023-03-15 06:54:00,079 [Finalizer] WARN  managed.ManagedRocksObjectUtils (ManagedRocksObjectUtils.java:assertClosed(54)) - RocksIterator is not closed properly
2023-03-15 06:54:00,079 [Finalizer] WARN  managed.ManagedRocksObjectUtils (ManagedRocksObjectUtils.java:assertClosed(54)) - RocksIterator is not closed properly
2023-03-15 06:54:00,079 [Finalizer] WARN  managed.ManagedRocksObjectUtils (ManagedRocksObjectUtils.java:assertClosed(54)) - RocksIterator is not closed properly
2023-03-15 06:54:00,079 [Finalizer] WARN  managed.ManagedRocksObjectUtils (ManagedRocksObjectUtils.java:assertClosed(54)) - RocksIterator is not closed properly
2023-03-15 06:54:00,079 [Finalizer] WARN  managed.ManagedRocksObjectUtils (ManagedRocksObjectUtils.java:assertClosed(54)) - ManagedColumnFamilyOptions is not closed properly
2023-03-15 06:54:00,079 [Finalizer] WARN  managed.ManagedRocksObjectUtils (ManagedRocksObjectUtils.java:assertClosed(54)) - ManagedColumnFamilyOptions is not closed properly
2023-03-15 06:54:00,079 [Finalizer] WARN  managed.ManagedRocksObjectUtils (ManagedRocksObjectUtils.java:assertClosed(54)) - ManagedColumnFamilyOptions is not closed properly
2023-03-15 06:54:00,079 [Finalizer] WARN  managed.ManagedRocksObjectUtils (ManagedRocksObjectUtils.java:assertClosed(54)) - ManagedColumnFamilyOptions is not closed properly
2023-03-15 06:54:00,079 [Finalizer] WARN  managed.ManagedRocksObjectUtils (ManagedRocksObjectUtils.java:assertClosed(54)) - ManagedColumnFamilyOptions is not closed properly
2023-03-15 06:54:00,079 [Finalizer] WARN  managed.ManagedRocksObjectUtils (ManagedRocksObjectUtils.java:assertClosed(54)) - ManagedColumnFamilyOptions is not closed properly
2023-03-15 06:54:00,079 [Finalizer] WARN  managed.ManagedRocksObjectUtils (ManagedRocksObjectUtils.java:assertClosed(54)) - ManagedColumnFamilyOptions is not closed properly
2023-03-15 06:54:00,079 [Finalizer] WARN  managed.ManagedRocksObjectUtils (ManagedRocksObjectUtils.java:assertClosed(54)) - ManagedColumnFamilyOptions is not closed properly
2023-03-15 06:54:00,079 [Finalizer] WARN  managed.ManagedRocksObjectUtils (ManagedRocksObjectUtils.java:assertClosed(54)) - RocksIterator is not closed properly
2023-03-15 06:54:00,079 [Finalizer] WARN  managed.ManagedRocksObjectUtils (ManagedRocksObjectUtils.java:assertClosed(54)) - RocksIterator is not closed properly
2023-03-15 06:54:00,079 [Finalizer] WARN  managed.ManagedRocksObjectUtils (ManagedRocksObjectUtils.java:assertClosed(54)) - RocksIterator is not closed properly
2023-03-15 06:54:00,079 [Finalizer] WARN  managed.ManagedRocksObjectUtils (ManagedRocksObjectUtils.java:assertClosed(54)) - RocksIterator is not closed properly
2023-03-15 06:54:00,079 [Finalizer] WARN  managed.ManagedRocksObjectUtils (ManagedRocksObjectUtils.java:assertClosed(54)) - RocksIterator is not closed properly
2023-03-15 06:54:00,079 [Finalizer] WARN  managed.ManagedRocksObjectUtils (ManagedRocksObjectUtils.java:assertClosed(54)) - RocksIterator is not closed properly
2023-03-15 06:54:00,079 [Finalizer] WARN  managed.ManagedRocksObjectUtils (ManagedRocksObjectUtils.java:assertClosed(54)) - RocksIterator is not closed properly
2023-03-15 06:54:00,079 [Finalizer] WARN  managed.ManagedRocksObjectUtils (ManagedRocksObjectUtils.java:assertClosed(54)) - RocksIterator is not closed properly
2023-03-15 06:54:00,079 [Finalizer] WARN  managed.ManagedRocksObjectUtils (ManagedRocksObjectUtils.java:assertClosed(54)) - RocksIterator is not closed properly
2023-03-15 06:54:00,079 [Finalizer] WARN  managed.ManagedRocksObjectUtils (ManagedRocksObjectUtils.java:assertClosed(54)) - ManagedColumnFamilyOptions is not closed properly
2023-03-15 06:54:00,079 [Finalizer] WARN  managed.ManagedRocksObjectUtils (ManagedRocksObjectUtils.java:assertClosed(54)) - ManagedColumnFamilyOptions is not closed properly
2023-03-15 06:54:00,079 [Finalizer] WARN  managed.ManagedRocksObjectUtils (ManagedRocksObjectUtils.java:assertClosed(54)) - ManagedColumnFamilyOptions is not closed properly
2023-03-15 06:54:00,079 [Finalizer] WARN  managed.ManagedRocksObjectUtils (ManagedRocksObjectUtils.java:assertClosed(54)) - ManagedColumnFamilyOptions is not closed properly
2023-03-15 06:54:00,079 [Finalizer] WARN  managed.ManagedRocksObjectUtils (ManagedRocksObjectUtils.java:assertClosed(54)) - ManagedColumnFamilyOptions is not closed properly
2023-03-15 06:54:00,079 [Finalizer] WARN  managed.ManagedRocksObjectUtils (ManagedRocksObjectUtils.java:assertClosed(54)) - ManagedColumnFamilyOptions is not closed properly
2023-03-15 06:54:00,079 [Finalizer] WARN  managed.ManagedRocksObjectUtils (ManagedRocksObjectUtils.java:assertClosed(54)) - ManagedColumnFamilyOptions is not closed properly
2023-03-15 06:54:00,079 [Finalizer] WARN  managed.ManagedRocksObjectUtils (ManagedRocksObjectUtils.java:assertClosed(54)) - ManagedColumnFamilyOptions is not closed properly
2023-03-15 06:54:00,079 [Finalizer] WARN  managed.ManagedRocksObjectUtils (ManagedRocksObjectUtils.java:assertClosed(54)) - RocksIterator is not closed properly
2023-03-15 06:54:00,079 [Finalizer] WARN  managed.ManagedRocksObjectUtils (ManagedRocksObjectUtils.java:assertClosed(54)) - RocksIterator is not closed properly
2023-03-15 06:54:00,079 [Finalizer] WARN  managed.ManagedRocksObjectUtils (ManagedRocksObjectUtils.java:assertClosed(54)) - RocksIterator is not closed properly
2023-03-15 06:54:00,079 [Finalizer] WARN  managed.ManagedRocksObjectUtils (ManagedRocksObjectUtils.java:assertClosed(54)) - RocksIterator is not closed properly
2023-03-15 06:54:00,081 [Finalizer] WARN  managed.ManagedRocksObjectUtils (ManagedRocksObjectUtils.java:assertClosed(54)) - RocksIterator is not closed properly
2023-03-15 06:54:00,081 [Finalizer] WARN  managed.ManagedRocksObjectUtils (ManagedRocksObjectUtils.java:assertClosed(54)) - RocksIterator is not closed properly
2023-03-15 06:54:00,081 [Finalizer] WARN  managed.ManagedRocksObjectUtils (ManagedRocksObjectUtils.java:assertClosed(54)) - RocksIterator is not closed properly
2023-03-15 06:54:00,081 [Finalizer] WARN  managed.ManagedRocksObjectUtils (ManagedRocksObjectUtils.java:assertClosed(54)) - RocksIterator is not closed properly
2023-03-15 06:54:00,081 [Finalizer] WARN  managed.ManagedRocksObjectUtils (ManagedRocksObjectUtils.java:assertClosed(54)) - RocksIterator is not closed properly
2023-03-15 06:54:00,081 [Finalizer] WARN  managed.ManagedRocksObjectUtils (ManagedRocksObjectUtils.java:assertClosed(54)) - ManagedColumnFamilyOptions is not closed properly
2023-03-15 06:54:00,081 [Finalizer] WARN  managed.ManagedRocksObjectUtils (ManagedRocksObjectUtils.java:assertClosed(54)) - ManagedColumnFamilyOptions is not closed properly
2023-03-15 06:54:00,081 [Finalizer] WARN  managed.ManagedRocksObjectUtils (ManagedRocksObjectUtils.java:assertClosed(54)) - ManagedColumnFamilyOptions is not closed properly
2023-03-15 06:54:00,081 [Finalizer] WARN  managed.ManagedRocksObjectUtils (ManagedRocksObjectUtils.java:assertClosed(54)) - ManagedColumnFamilyOptions is not closed properly
2023-03-15 06:54:00,081 [Finalizer] WARN  managed.ManagedRocksObjectUtils (ManagedRocksObjectUtils.java:assertClosed(54)) - ManagedColumnFamilyOptions is not closed properly
2023-03-15 06:54:00,082 [Finalizer] WARN  managed.ManagedRocksObjectUtils (ManagedRocksObjectUtils.java:assertClosed(54)) - ManagedColumnFamilyOptions is not closed properly
2023-03-15 06:54:00,082 [Finalizer] WARN  managed.ManagedRocksObjectUtils (ManagedRocksObjectUtils.java:assertClosed(54)) - ManagedColumnFamilyOptions is not closed properly
2023-03-15 06:54:00,082 [Finalizer] WARN  managed.ManagedRocksObjectUtils (ManagedRocksObjectUtils.java:assertClosed(54)) - ManagedColumnFamilyOptions is not closed properly
2023-03-15 06:54:00,082 [Finalizer] WARN  managed.ManagedRocksObjectUtils (ManagedRocksObjectUtils.java:assertClosed(54)) - RocksIterator is not closed properly
2023-03-15 06:54:00,082 [Finalizer] WARN  managed.ManagedRocksObjectUtils (ManagedRocksObjectUtils.java:assertClosed(54)) - RocksIterator is not closed properly
2023-03-15 06:54:00,082 [Finalizer] WARN  managed.ManagedRocksObjectUtils (ManagedRocksObjectUtils.java:assertClosed(54)) - RocksIterator is not closed properly
2023-03-15 06:54:00,082 [Finalizer] WARN  managed.ManagedRocksObjectUtils (ManagedRocksObjectUtils.java:assertClosed(54)) - RocksIterator is not closed properly
2023-03-15 06:54:00,082 [Finalizer] WARN  managed.ManagedRocksObjectUtils (ManagedRocksObjectUtils.java:assertClosed(54)) - RocksIterator is not closed properly
2023-03-15 06:54:00,082 [Finalizer] WARN  managed.ManagedRocksObjectUtils (ManagedRocksObjectUtils.java:assertClosed(54)) - RocksIterator is not closed properly
2023-03-15 06:54:00,082 [Finalizer] WARN  managed.ManagedRocksObjectUtils (ManagedRocksObjectUtils.java:assertClosed(54)) - RocksIterator is not closed properly
2023-03-15 06:54:00,082 [Finalizer] WARN  managed.ManagedRocksObjectUtils (ManagedRocksObjectUtils.java:assertClosed(54)) - RocksIterator is not closed properly
2023-03-15 06:54:00,082 [Finalizer] WARN  managed.ManagedRocksObjectUtils (ManagedRocksObjectUtils.java:assertClosed(54)) - RocksIterator is not closed properly
2023-03-15 06:54:00,082 [Finalizer] WARN  managed.ManagedRocksObjectUtils (ManagedRocksObjectUtils.java:assertClosed(54)) - RocksIterator is not closed properly
2023-03-15 06:54:00,082 [Finalizer] WARN  managed.ManagedRocksObjectUtils (ManagedRocksObjectUtils.java:assertClosed(54)) - RocksIterator is not closed properly
2023-03-15 06:54:00,082 [Finalizer] WARN  managed.ManagedRocksObjectUtils (ManagedRocksObjectUtils.java:assertClosed(54)) - RocksIterator is not closed properly
2023-03-15 06:54:00,085 [Finalizer] WARN  managed.ManagedRocksObjectUtils (ManagedRocksObjectUtils.java:assertClosed(54)) - RocksIterator is not closed properly
2023-03-15 06:54:00,085 [Finalizer] WARN  managed.ManagedRocksObjectUtils (ManagedRocksObjectUtils.java:assertClosed(54)) - RocksIterator is not closed properly
2023-03-15 06:54:00,085 [Finalizer] WARN  managed.ManagedRocksObjectUtils (ManagedRocksObjectUtils.java:assertClosed(54)) - RocksIterator is not closed properly
2023-03-15 06:54:00,085 [Finalizer] WARN  managed.ManagedRocksObjectUtils (ManagedRocksObjectUtils.java:assertClosed(54)) - RocksIterator is not closed properly
2023-03-15 06:54:00,085 [Finalizer] WARN  managed.ManagedRocksObjectUtils (ManagedRocksObjectUtils.java:assertClosed(54)) - RocksIterator is not closed properly
2023-03-15 06:54:00,085 [Finalizer] WARN  managed.ManagedRocksObjectUtils (ManagedRocksObjectUtils.java:assertClosed(54)) - RocksIterator is not closed properly
2023-03-15 06:54:00,085 [Finalizer] WARN  managed.ManagedRocksObjectUtils (ManagedRocksObjectUtils.java:assertClosed(54)) - RocksIterator is not closed properly
2023-03-15 06:54:00,085 [Finalizer] WARN  managed.ManagedRocksObjectUtils (ManagedRocksObjectUtils.java:assertClosed(54)) - RocksIterator is not closed properly
2023-03-15 06:54:00,085 [Finalizer] WARN  managed.ManagedRocksObjectUtils (ManagedRocksObjectUtils.java:assertClosed(54)) - RocksIterator is not closed properly
2023-03-15 06:54:00,085 [Finalizer] WARN  managed.ManagedRocksObjectUtils (ManagedRocksObjectUtils.java:assertClosed(54)) - RocksIterator is not closed properly
2023-03-15 06:54:00,085 [Finalizer] WARN  managed.ManagedRocksObjectUtils (ManagedRocksObjectUtils.java:assertClosed(54)) - RocksIterator is not closed properly
2023-03-15 06:54:00,085 [Finalizer] WARN  managed.ManagedRocksObjectUtils (ManagedRocksObjectUtils.java:assertClosed(54)) - RocksIterator is not closed properly
2023-03-15 06:54:00,086 [Finalizer] WARN  managed.ManagedRocksObjectUtils (ManagedRocksObjectUtils.java:assertClosed(54)) - RocksIterator is not closed properly
2023-03-15 06:54:00,100 [Listener at 127.0.0.1/43319] INFO  reflections.Reflections (Reflections.java:scan(232)) - Reflections took 139 ms to scan 2 urls, producing 167 keys and 464 values [using 2 cores]
2023-03-15 06:54:00,100 [Listener at 127.0.0.1/43319] INFO  upgrade.OMLayoutVersionManager (OMLayoutVersionManager.java:lambda$0(115)) - Skipping Upgrade Action MockOmUpgradeAction since it has been finalized.
2023-03-15 06:54:00,100 [Listener at 127.0.0.1/43319] WARN  server.ServerUtils (ServerUtils.java:getDBPath(225)) - ozone.om.db.dirs is not configured. We recommend adding this setting. Falling back to ozone.metadata.dirs instead.
2023-03-15 06:54:00,101 [Listener at 127.0.0.1/43319] INFO  proxy.SCMBlockLocationFailoverProxyProvider (SCMBlockLocationFailoverProxyProvider.java:<init>(114)) - Created block location fail-over proxy with 1 nodes: [nodeId=scmNodeId,nodeAddress=/0.0.0.0:39555]
2023-03-15 06:54:00,103 [Listener at 127.0.0.1/43319] INFO  proxy.SCMBlockLocationFailoverProxyProvider (SCMBlockLocationFailoverProxyProvider.java:<init>(114)) - Created block location fail-over proxy with 1 nodes: [nodeId=scmNodeId,nodeAddress=/0.0.0.0:39555]
2023-03-15 06:54:00,110 [Listener at 127.0.0.1/43319] INFO  om.OzoneManager (OzoneManager.java:<init>(620)) - OM start with adminUsers: [runner]
2023-03-15 06:54:00,113 [Listener at 127.0.0.1/43319] WARN  server.ServerUtils (ServerUtils.java:getDBPath(225)) - ozone.om.db.dirs is not configured. We recommend adding this setting. Falling back to ozone.metadata.dirs instead.
2023-03-15 06:54:00,114 [Listener at 127.0.0.1/43319] INFO  codec.OmKeyInfoCodec (OmKeyInfoCodec.java:<init>(49)) - OmKeyInfoCodec ignorePipeline = true
2023-03-15 06:54:00,114 [Listener at 127.0.0.1/43319] INFO  codec.RepeatedOmKeyInfoCodec (RepeatedOmKeyInfoCodec.java:<init>(41)) - RepeatedOmKeyInfoCodec ignorePipeline = true
2023-03-15 06:54:00,325 [Listener at 127.0.0.1/43319] INFO  om.OzoneManager (OzoneManager.java:instantiateServices(750)) - S3 Multi-Tenancy is disabled
2023-03-15 06:54:00,326 [Listener at 127.0.0.1/43319] WARN  server.ServerUtils (ServerUtils.java:getDBPath(225)) - ozone.om.snapshot.diff.db.dir is not configured. We recommend adding this setting. Falling back to ozone.metadata.dirs instead.
2023-03-15 06:54:00,337 [Listener at 127.0.0.1/43319] INFO  om.OzoneManager (OzoneManager.java:addS3GVolumeToDB(4228)) - Created Volume s3v With Owner runner required for S3Gateway operations.
2023-03-15 06:54:00,337 [Listener at 127.0.0.1/43319] WARN  server.ServerUtils (ServerUtils.java:getDefaultRatisDirectory(237)) - Storage directory for Ratis is not configured. It is a good idea to map this to an SSD disk. Falling back to ozone.metadata.dirs
2023-03-15 06:54:00,337 [Listener at 127.0.0.1/43319] WARN  utils.OzoneManagerRatisUtils (OzoneManagerRatisUtils.java:getOMRatisSnapshotDirectory(439)) - ozone.om.ratis.snapshot.dir is not configured. Falling back to ozone.metadata.dirs config
2023-03-15 06:54:00,337 [Listener at 127.0.0.1/43319] INFO  snapshot.OzoneManagerSnapshotProvider (OzoneManagerSnapshotProvider.java:<init>(76)) - Initializing OM Snapshot Provider
2023-03-15 06:54:00,339 [Listener at 127.0.0.1/43319] WARN  impl.MetricRegistriesImpl (MetricRegistriesImpl.java:addReporterRegistration(111)) - New reporters are added after registries were created. Some metrics will be missing from the reporter. Please add reporter before adding any new registry.
2023-03-15 06:54:00,339 [Listener at 127.0.0.1/43319] WARN  impl.MetricRegistriesImpl (MetricRegistriesImpl.java:addReporterRegistration(111)) - New reporters are added after registries were created. Some metrics will be missing from the reporter. Please add reporter before adding any new registry.
2023-03-15 06:54:00,339 [Listener at 127.0.0.1/43319] WARN  server.ServerUtils (ServerUtils.java:getDefaultRatisDirectory(237)) - Storage directory for Ratis is not configured. It is a good idea to map this to an SSD disk. Falling back to ozone.metadata.dirs
2023-03-15 06:54:00,340 [Listener at 127.0.0.1/43319] INFO  ratis.OzoneManagerRatisServer (OzoneManagerRatisServer.java:<init>(164)) - Instantiating OM Ratis server with groupID: om-service-test1 and peers: localhost:34703, localhost:46017, localhost:41803
2023-03-15 06:54:00,340 [Listener at 127.0.0.1/43319] INFO  ratis.OzoneManagerStateMachine (OzoneManagerStateMachine.java:loadSnapshotInfoFromDB(636)) - LastAppliedIndex is set from TransactionInfo from OM DB as (t:0, i:~)
2023-03-15 06:54:00,340 [Listener at 127.0.0.1/43319] INFO  server.RaftServer (ConfUtils.java:logGet(46)) - raft.rpc.type = GRPC (default)
2023-03-15 06:54:00,340 [Listener at 127.0.0.1/43319] INFO  grpc.GrpcConfigKeys (ConfUtils.java:logFallback(53)) - raft.grpc.admin.host = null (fallback to raft.grpc.server.host)
2023-03-15 06:54:00,340 [Listener at 127.0.0.1/43319] INFO  grpc.GrpcConfigKeys (ConfUtils.java:logFallback(53)) - raft.grpc.admin.port = 34703 (fallback to raft.grpc.server.port)
2023-03-15 06:54:00,341 [Listener at 127.0.0.1/43319] INFO  grpc.GrpcConfigKeys (ConfUtils.java:logFallback(53)) - raft.grpc.client.host = null (fallback to raft.grpc.server.host)
2023-03-15 06:54:00,341 [Listener at 127.0.0.1/43319] INFO  grpc.GrpcConfigKeys (ConfUtils.java:logFallback(53)) - raft.grpc.client.port = 34703 (fallback to raft.grpc.server.port)
2023-03-15 06:54:00,341 [Listener at 127.0.0.1/43319] INFO  grpc.GrpcConfigKeys (ConfUtils.java:logGet(46)) - raft.grpc.server.host = null (default)
2023-03-15 06:54:00,341 [Listener at 127.0.0.1/43319] INFO  grpc.GrpcConfigKeys (ConfUtils.java:logGet(46)) - raft.grpc.server.port = 34703 (custom)
2023-03-15 06:54:00,341 [Listener at 127.0.0.1/43319] INFO  server.GrpcService (ConfUtils.java:logGet(46)) - raft.grpc.message.size.max = 33554432 (custom)
2023-03-15 06:54:00,341 [Listener at 127.0.0.1/43319] INFO  server.RaftServerConfigKeys (ConfUtils.java:logGet(46)) - raft.server.log.appender.buffer.byte-limit = 33554432 (custom)
2023-03-15 06:54:00,341 [Listener at 127.0.0.1/43319] INFO  server.GrpcService (ConfUtils.java:logGet(46)) - raft.grpc.flow.control.window = 1MB (=1048576) (default)
2023-03-15 06:54:00,341 [Listener at 127.0.0.1/43319] INFO  server.RaftServerConfigKeys (ConfUtils.java:logGet(46)) - raft.server.rpc.request.timeout = 3000ms (default)
2023-03-15 06:54:00,341 [Listener at 127.0.0.1/43319] INFO  grpc.GrpcConfigKeys (ConfUtils.java:logGet(46)) - raft.grpc.server.heartbeat.channel = true (default)
2023-03-15 06:54:00,341 [Listener at 127.0.0.1/43319] INFO  grpc.GrpcConfigKeys (ConfUtils.java:logGet(46)) - raft.grpc.server.async.request.thread.pool.cached = true (default)
2023-03-15 06:54:00,342 [Listener at 127.0.0.1/43319] INFO  grpc.GrpcConfigKeys (ConfUtils.java:logGet(46)) - raft.grpc.server.async.request.thread.pool.size = 32 (default)
2023-03-15 06:54:00,343 [Listener at 127.0.0.1/43319] INFO  impl.DataStreamServerImpl (ConfUtils.java:logGet(46)) - raft.datastream.type = DISABLED (default)
2023-03-15 06:54:00,343 [Listener at 127.0.0.1/43319] INFO  server.RaftServerConfigKeys (ConfUtils.java:logGet(46)) - raft.server.threadpool.proxy.cached = true (default)
2023-03-15 06:54:00,343 [Listener at 127.0.0.1/43319] INFO  server.RaftServerConfigKeys (ConfUtils.java:logGet(46)) - raft.server.threadpool.proxy.size = 0 (default)
2023-03-15 06:54:00,343 [Listener at 127.0.0.1/43319] INFO  server.RaftServerConfigKeys (ConfUtils.java:logGet(46)) - raft.server.rpc.slowness.timeout = 2s (custom)
2023-03-15 06:54:00,343 [Listener at 127.0.0.1/43319] INFO  server.RaftServerConfigKeys (ConfUtils.java:logGet(46)) - raft.server.leaderelection.leader.step-down.wait-time = 10s (default)
2023-03-15 06:54:00,343 [Listener at 127.0.0.1/43319] INFO  server.RaftServerConfigKeys (ConfUtils.java:logGet(46)) - raft.server.storage.dir = [/home/runner/work/ozone/ozone/hadoop-ozone/integration-test/target/test-dir/MiniOzoneClusterImpl-88c1a39f-978e-429a-824f-6eda176bb531/omNode-2/ratis] (custom)
2023-03-15 06:54:00,344 [Listener at 127.0.0.1/43319] INFO  server.RaftServer (RaftServerProxy.java:addNew(96)) - omNode-2: addNew group-523986131536:[omNode-3|rpc:localhost:46017|priority:0|startupRole:FOLLOWER, omNode-1|rpc:localhost:41803|priority:0|startupRole:FOLLOWER, omNode-2|rpc:localhost:34703|priority:0|startupRole:FOLLOWER] returns group-523986131536:java.util.concurrent.CompletableFuture@71f8971a[Not completed]
2023-03-15 06:54:00,344 [pool-1455-thread-1] INFO  server.RaftServer$Division (RaftServerImpl.java:<init>(195)) - omNode-2: new RaftServerImpl for group-523986131536:[omNode-3|rpc:localhost:46017|priority:0|startupRole:FOLLOWER, omNode-1|rpc:localhost:41803|priority:0|startupRole:FOLLOWER, omNode-2|rpc:localhost:34703|priority:0|startupRole:FOLLOWER] with OzoneManagerStateMachine:uninitialized
2023-03-15 06:54:00,344 [Listener at 127.0.0.1/43319] INFO  om.OzoneManager (OzoneManager.java:initializeRatisServer(2107)) - OzoneManager Ratis server initialized at port 34703
2023-03-15 06:54:00,344 [pool-1455-thread-1] INFO  server.RaftServerConfigKeys (ConfUtils.java:logGet(46)) - raft.server.rpc.timeout.min = 1s (custom)
2023-03-15 06:54:00,344 [Listener at 127.0.0.1/43319] INFO  om.OzoneManager (OzoneManager.java:getRpcServer(1134)) - Creating RPC Server
2023-03-15 06:54:00,344 [pool-1455-thread-1] INFO  server.RaftServerConfigKeys (ConfUtils.java:logGet(46)) - raft.server.rpc.timeout.max = 1200ms (custom)
2023-03-15 06:54:00,344 [pool-1455-thread-1] INFO  server.RaftServerConfigKeys (ConfUtils.java:logGet(46)) - raft.server.rpc.sleep.time = 25ms (default)
2023-03-15 06:54:00,344 [pool-1455-thread-1] INFO  server.RaftServerConfigKeys (ConfUtils.java:logGet(46)) - raft.server.rpc.slowness.timeout = 2s (custom)
2023-03-15 06:54:00,345 [pool-1455-thread-1] INFO  server.RaftServerConfigKeys (ConfUtils.java:logGet(46)) - raft.server.leaderelection.leader.step-down.wait-time = 10s (default)
2023-03-15 06:54:00,347 [pool-1455-thread-1] INFO  server.RaftServerConfigKeys (ConfUtils.java:logGet(46)) - raft.server.sleep.deviation.threshold = 300ms (default)
2023-03-15 06:54:00,349 [pool-1455-thread-1] INFO  server.RaftServer$Division (ServerState.java:<init>(118)) - omNode-2@group-523986131536: ConfigurationManager, init=-1: peers:[omNode-3|rpc:localhost:46017|priority:0|startupRole:FOLLOWER, omNode-1|rpc:localhost:41803|priority:0|startupRole:FOLLOWER, omNode-2|rpc:localhost:34703|priority:0|startupRole:FOLLOWER]|listeners:[], old=null, confs=<EMPTY_MAP>
2023-03-15 06:54:00,349 [pool-1455-thread-1] INFO  server.RaftServerConfigKeys (ConfUtils.java:logGet(46)) - raft.server.storage.dir = [/home/runner/work/ozone/ozone/hadoop-ozone/integration-test/target/test-dir/MiniOzoneClusterImpl-88c1a39f-978e-429a-824f-6eda176bb531/omNode-2/ratis] (custom)
2023-03-15 06:54:00,349 [pool-1455-thread-1] INFO  server.RaftServerConfigKeys (ConfUtils.java:logGet(46)) - raft.server.log.corruption.policy = EXCEPTION (default)
2023-03-15 06:54:00,349 [pool-1455-thread-1] INFO  server.RaftServerConfigKeys (ConfUtils.java:logGet(46)) - raft.server.storage.free-space.min = 0MB (=0) (default)
2023-03-15 06:54:00,349 [pool-1455-thread-1] INFO  server.RaftServerConfigKeys (ConfUtils.java:logGet(46)) - raft.server.notification.no-leader.timeout = 2s (custom)
2023-03-15 06:54:00,349 [pool-1455-thread-1] INFO  server.RaftServerConfigKeys (ConfUtils.java:logGet(46)) - raft.server.retrycache.expirytime = 300s (custom)
2023-03-15 06:54:00,349 [pool-1455-thread-1] INFO  server.RaftServerConfigKeys (ConfUtils.java:logGet(46)) - raft.server.retrycache.statistics.expirytime = 100μs (default)
2023-03-15 06:54:00,357 [pool-1455-thread-1] INFO  server.RaftServerConfigKeys (ConfUtils.java:logGet(46)) - raft.server.log.appender.install.snapshot.enabled = false (custom)
2023-03-15 06:54:00,358 [pool-1455-thread-1] INFO  server.RaftServerConfigKeys (ConfUtils.java:logGet(46)) - raft.server.threadpool.server.cached = true (default)
2023-03-15 06:54:00,358 [pool-1455-thread-1] INFO  server.RaftServerConfigKeys (ConfUtils.java:logGet(46)) - raft.server.threadpool.server.size = 0 (default)
2023-03-15 06:54:00,358 [pool-1455-thread-1] INFO  server.RaftServerConfigKeys (ConfUtils.java:logGet(46)) - raft.server.threadpool.client.cached = true (default)
2023-03-15 06:54:00,358 [pool-1455-thread-1] INFO  server.RaftServerConfigKeys (ConfUtils.java:logGet(46)) - raft.server.threadpool.client.size = 0 (default)
2023-03-15 06:54:00,712 [Listener at 127.0.0.1/43319] INFO  reflections.Reflections (Reflections.java:scan(232)) - Reflections took 366 ms to scan 19 urls, producing 68 keys and 4936 values [using 2 cores]
2023-03-15 06:54:00,713 [Listener at 127.0.0.1/43319] INFO  ipc.CallQueueManager (CallQueueManager.java:<init>(90)) - Using callQueue: class java.util.concurrent.LinkedBlockingQueue, queueCapacity: 2000, scheduler: class org.apache.hadoop.ipc.DefaultRpcScheduler, ipcBackoff: false.
2023-03-15 06:54:00,715 [Socket Reader #1 for port 33597] INFO  ipc.Server (Server.java:run(1273)) - Starting Socket Reader #1 for port 33597
2023-03-15 06:54:00,743 [Listener at 127.0.0.1/33597] INFO  impl.MetricsSystemImpl (MetricsSystemImpl.java:init(158)) - OzoneManager metrics system started (again)
2023-03-15 06:54:00,754 [Listener at 127.0.0.1/33597] INFO  om.OzoneManager (OzoneManager.java:start(1564)) - OzoneManager RPC server is listening at localhost/127.0.0.1:33597
2023-03-15 06:54:00,754 [Listener at 127.0.0.1/33597] INFO  ratis.OzoneManagerRatisServer (OzoneManagerRatisServer.java:start(559)) - Starting OzoneManagerRatisServer omNode-2 at port 34703
2023-03-15 06:54:00,754 [omNode-2-impl-thread1] INFO  storage.RaftStorageDirectory (RaftStorageDirectoryImpl.java:analyzeStorage(137)) - The storage directory /home/runner/work/ozone/ozone/hadoop-ozone/integration-test/target/test-dir/MiniOzoneClusterImpl-88c1a39f-978e-429a-824f-6eda176bb531/omNode-2/ratis/c9bc4cf4-3bc3-3c60-a66b-523986131536 does not exist. Creating ...
2023-03-15 06:54:00,756 [omNode-2-impl-thread1] INFO  storage.RaftStorageDirectory (RaftStorageDirectoryImpl.java:tryLock(231)) - Lock on /home/runner/work/ozone/ozone/hadoop-ozone/integration-test/target/test-dir/MiniOzoneClusterImpl-88c1a39f-978e-429a-824f-6eda176bb531/omNode-2/ratis/c9bc4cf4-3bc3-3c60-a66b-523986131536/in_use.lock acquired by nodename 3629@fv-az210-452
2023-03-15 06:54:00,758 [omNode-2-impl-thread1] INFO  storage.RaftStorage (RaftStorageImpl.java:format(96)) - Storage directory /home/runner/work/ozone/ozone/hadoop-ozone/integration-test/target/test-dir/MiniOzoneClusterImpl-88c1a39f-978e-429a-824f-6eda176bb531/omNode-2/ratis/c9bc4cf4-3bc3-3c60-a66b-523986131536 has been successfully formatted.
2023-03-15 06:54:00,758 [omNode-2-impl-thread1] INFO  server.RaftServerConfigKeys (ConfUtils.java:logGet(46)) - raft.server.log.use.memory = false (default)
2023-03-15 06:54:00,758 [omNode-2-impl-thread1] INFO  server.RaftServerConfigKeys (ConfUtils.java:logGet(46)) - raft.server.log.purge.gap = 1000000 (custom)
2023-03-15 06:54:00,758 [omNode-2-impl-thread1] INFO  server.RaftServerConfigKeys (ConfUtils.java:logGet(46)) - raft.server.log.appender.buffer.byte-limit = 33554432 (custom)
2023-03-15 06:54:00,758 [omNode-2-impl-thread1] INFO  server.RaftServerConfigKeys (ConfUtils.java:logGet(46)) - raft.server.log.statemachine.data.read.timeout = 1000ms (default)
2023-03-15 06:54:00,758 [omNode-2-impl-thread1] INFO  server.RaftServerConfigKeys (ConfUtils.java:logGet(46)) - raft.server.log.purge.preservation.log.num = 0 (default)
2023-03-15 06:54:00,759 [omNode-2-impl-thread1] INFO  server.RaftServerConfigKeys (ConfUtils.java:logGet(46)) - raft.server.log.segment.size.max = 4194304 (custom)
2023-03-15 06:54:00,759 [omNode-2-impl-thread1] INFO  server.RaftServerConfigKeys (ConfUtils.java:logGet(46)) - raft.server.log.segment.cache.num.max = 2 (custom)
2023-03-15 06:54:00,759 [omNode-2-impl-thread1] INFO  server.RaftServerConfigKeys (ConfUtils.java:logGet(46)) - raft.server.log.segment.cache.size.max = 200MB (=209715200) (default)
2023-03-15 06:54:00,759 [omNode-2-impl-thread1] INFO  segmented.SegmentedRaftLogWorker (SegmentedRaftLogWorker.java:<init>(189)) - new omNode-2@group-523986131536-SegmentedRaftLogWorker for RaftStorageImpl:Storage Directory /home/runner/work/ozone/ozone/hadoop-ozone/integration-test/target/test-dir/MiniOzoneClusterImpl-88c1a39f-978e-429a-824f-6eda176bb531/omNode-2/ratis/c9bc4cf4-3bc3-3c60-a66b-523986131536
2023-03-15 06:54:00,759 [omNode-2-impl-thread1] INFO  server.RaftServerConfigKeys (ConfUtils.java:logGet(46)) - raft.server.log.queue.byte-limit = 64MB (=67108864) (default)
2023-03-15 06:54:00,759 [omNode-2-impl-thread1] INFO  server.RaftServerConfigKeys (ConfUtils.java:logGet(46)) - raft.server.log.queue.element-limit = 4096 (default)
2023-03-15 06:54:00,759 [omNode-2-impl-thread1] INFO  server.RaftServerConfigKeys (ConfUtils.java:logGet(46)) - raft.server.log.segment.size.max = 4194304 (custom)
2023-03-15 06:54:00,759 [omNode-2-impl-thread1] INFO  server.RaftServerConfigKeys (ConfUtils.java:logGet(46)) - raft.server.log.preallocated.size = 4194304 (custom)
2023-03-15 06:54:00,759 [omNode-2-impl-thread1] INFO  server.RaftServerConfigKeys (ConfUtils.java:logGet(46)) - raft.server.log.force.sync.num = 128 (default)
2023-03-15 06:54:00,759 [omNode-2-impl-thread1] INFO  server.RaftServerConfigKeys (ConfUtils.java:logGet(46)) - raft.server.log.statemachine.data.sync = true (default)
2023-03-15 06:54:00,759 [omNode-2-impl-thread1] INFO  server.RaftServerConfigKeys (ConfUtils.java:logGet(46)) - raft.server.log.statemachine.data.sync.timeout = 10s (default)
2023-03-15 06:54:00,759 [omNode-2-impl-thread1] INFO  server.RaftServerConfigKeys (ConfUtils.java:logGet(46)) - raft.server.log.statemachine.data.sync.timeout.retry = -1 (default)
2023-03-15 06:54:00,759 [omNode-2-impl-thread1] INFO  server.RaftServerConfigKeys (ConfUtils.java:logGet(46)) - raft.server.log.write.buffer.size = 64KB (=65536) (default)
2023-03-15 06:54:00,760 [omNode-2-impl-thread1] INFO  server.RaftServerConfigKeys (ConfUtils.java:logGet(46)) - raft.server.log.appender.buffer.byte-limit = 33554432 (custom)
2023-03-15 06:54:00,770 [omNode-2-impl-thread1] INFO  server.RaftServerConfigKeys (ConfUtils.java:logGet(46)) - raft.server.log.unsafe-flush.enabled = false (default)
2023-03-15 06:54:00,770 [omNode-2-impl-thread1] INFO  server.RaftServerConfigKeys (ConfUtils.java:logGet(46)) - raft.server.log.async-flush.enabled = false (default)
2023-03-15 06:54:00,770 [omNode-2-impl-thread1] INFO  server.RaftServerConfigKeys (ConfUtils.java:logGet(46)) - raft.server.log.statemachine.data.caching.enabled = false (default)
2023-03-15 06:54:00,770 [omNode-2-impl-thread1] INFO  segmented.SegmentedRaftLogWorker (SegmentedRaftLogWorker.java:lambda$new$0(135)) - omNode-2@group-523986131536-SegmentedRaftLogWorker: flushIndex: setUnconditionally 0 -> -1
2023-03-15 06:54:00,770 [omNode-2-impl-thread1] INFO  segmented.SegmentedRaftLogWorker (SegmentedRaftLogWorker.java:lambda$new$0(135)) - omNode-2@group-523986131536-SegmentedRaftLogWorker: safeCacheEvictIndex: setUnconditionally 0 -> -1
2023-03-15 06:54:00,773 [omNode-2-impl-thread1] INFO  server.RaftServer$Division (RaftServerImpl.java:start(334)) - omNode-2@group-523986131536: start as a follower, conf=-1: peers:[omNode-3|rpc:localhost:46017|priority:0|startupRole:FOLLOWER, omNode-1|rpc:localhost:41803|priority:0|startupRole:FOLLOWER, omNode-2|rpc:localhost:34703|priority:0|startupRole:FOLLOWER]|listeners:[], old=null
2023-03-15 06:54:00,773 [omNode-2-impl-thread1] INFO  server.RaftServer$Division (RaftServerImpl.java:setRole(321)) - omNode-2@group-523986131536: changes role from      null to FOLLOWER at term 0 for startAsFollower
2023-03-15 06:54:00,773 [omNode-2-impl-thread1] INFO  impl.RoleInfo (RoleInfo.java:updateAndGet(139)) - omNode-2: start omNode-2@group-523986131536-FollowerState
2023-03-15 06:54:00,773 [omNode-2-impl-thread1] INFO  util.JmxRegister (JmxRegister.java:tryRegister(44)) - Successfully registered JMX Bean with object name Ratis:service=RaftServer,group=group-523986131536,id=omNode-2
2023-03-15 06:54:00,773 [omNode-2-impl-thread1] INFO  server.RaftServerConfigKeys (ConfUtils.java:logGet(46)) - raft.server.snapshot.auto.trigger.enabled = true (custom)
2023-03-15 06:54:00,773 [omNode-2-impl-thread1] INFO  server.RaftServerConfigKeys (ConfUtils.java:logGet(46)) - raft.server.snapshot.auto.trigger.threshold = 400000 (default)
2023-03-15 06:54:00,773 [omNode-2-impl-thread1] INFO  server.RaftServerConfigKeys (ConfUtils.java:logGet(46)) - raft.server.snapshot.retention.file.num = -1 (default)
2023-03-15 06:54:00,773 [omNode-2-impl-thread1] INFO  server.RaftServerConfigKeys (ConfUtils.java:logGet(46)) - raft.server.log.purge.upto.snapshot.index = true (custom)
2023-03-15 06:54:00,774 [omNode-2@group-523986131536-FollowerState] INFO  server.RaftServerConfigKeys (ConfUtils.java:logFallback(53)) - raft.server.rpc.first-election.timeout.min = 1s (fallback to raft.server.rpc.timeout.min)
2023-03-15 06:54:00,774 [omNode-2@group-523986131536-FollowerState] INFO  server.RaftServerConfigKeys (ConfUtils.java:logFallback(53)) - raft.server.rpc.first-election.timeout.max = 1200ms (fallback to raft.server.rpc.timeout.max)
2023-03-15 06:54:00,774 [Listener at 127.0.0.1/33597] INFO  server.RaftServer (RaftServerProxy.java:startImpl(393)) - omNode-2: start RPC server
2023-03-15 06:54:00,777 [Listener at 127.0.0.1/33597] INFO  server.GrpcService (GrpcService.java:startImpl(262)) - omNode-2: GrpcService started, listening on 34703
2023-03-15 06:54:00,781 [Listener at 127.0.0.1/33597] INFO  om.OzoneManager (OzoneManager.java:start(1580)) - Version File has different layout version (3) than OM DB (null). That is expected if this OM has never been finalized to a newer layout version.
2023-03-15 06:54:00,782 [JvmPauseMonitor13] INFO  util.JvmPauseMonitor (JvmPauseMonitor.java:run(105)) - JvmPauseMonitor-omNode-2: Started
2023-03-15 06:54:00,787 [Listener at 127.0.0.1/33597] INFO  http.BaseHttpServer (BaseHttpServer.java:newHttpServer2BuilderForOzone(224)) - Starting Web-server for ozoneManager at: http://0.0.0.0:34839
2023-03-15 06:54:00,787 [Listener at 127.0.0.1/33597] INFO  http.BaseHttpServer (BaseHttpServer.java:<init>(111)) - Hadoop Security Enabled: false Ozone Security Enabled: false Ozone HTTP Security Enabled: false 
2023-03-15 06:54:00,788 [Listener at 127.0.0.1/33597] WARN  server.AuthenticationFilter (AuthenticationFilter.java:constructSecretProvider(240)) - Unable to initialize FileSignerSecretProvider, falling back to use random secrets. Reason: Could not read signature secret file: /home/runner/hadoop-http-auth-signature-secret
2023-03-15 06:54:00,790 [Listener at 127.0.0.1/33597] WARN  http.HttpRequestLog (HttpRequestLog.java:getRequestLog(103)) - Jetty request log can only be enabled using Log4j
2023-03-15 06:54:00,793 [Listener at 127.0.0.1/33597] INFO  http.HttpServer2 (HttpServer2.java:addGlobalFilter(1031)) - Added global filter 'safety' (class=org.apache.hadoop.hdds.server.http.HttpServer2$QuotingInputFilter)
2023-03-15 06:54:00,793 [Listener at 127.0.0.1/33597] INFO  http.HttpServer2 (HttpServer2.java:addFilter(1007)) - Added filter static_user_filter (class=org.apache.hadoop.http.lib.StaticUserWebFilter$StaticUserFilter) to context ozoneManager
2023-03-15 06:54:00,794 [Listener at 127.0.0.1/33597] INFO  http.HttpServer2 (HttpServer2.java:addFilter(1015)) - Added filter static_user_filter (class=org.apache.hadoop.http.lib.StaticUserWebFilter$StaticUserFilter) to context logs
2023-03-15 06:54:00,794 [Listener at 127.0.0.1/33597] INFO  http.HttpServer2 (HttpServer2.java:addFilter(1015)) - Added filter static_user_filter (class=org.apache.hadoop.http.lib.StaticUserWebFilter$StaticUserFilter) to context static
2023-03-15 06:54:00,794 [Listener at 127.0.0.1/33597] INFO  http.BaseHttpServer (BaseHttpServer.java:<init>(190)) - HTTP server of ozoneManager uses base directory /home/runner/work/ozone/ozone/hadoop-ozone/integration-test/target/test-dir/MiniOzoneClusterImpl-88c1a39f-978e-429a-824f-6eda176bb531/omNode-2/webserver
2023-03-15 06:54:00,794 [Listener at 127.0.0.1/33597] INFO  http.HttpServer2 (HttpServer2.java:bindListener(1250)) - Jetty bound to port 34839
2023-03-15 06:54:00,795 [Listener at 127.0.0.1/33597] INFO  server.Server (Server.java:doStart(375)) - jetty-9.4.49.v20220914; built: 2022-09-14T01:07:36.601Z; git: 4231a3b2e4cb8548a412a789936d640a97b1aa0a; jvm 1.8.0_362-b09
2023-03-15 06:54:00,798 [Listener at 127.0.0.1/33597] INFO  server.session (DefaultSessionIdManager.java:doStart(334)) - DefaultSessionIdManager workerName=node0
2023-03-15 06:54:00,799 [Listener at 127.0.0.1/33597] INFO  server.session (DefaultSessionIdManager.java:doStart(339)) - No SessionScavenger set, using defaults
2023-03-15 06:54:00,799 [Listener at 127.0.0.1/33597] INFO  server.session (HouseKeeper.java:startScavenging(132)) - node0 Scavenging every 600000ms
2023-03-15 06:54:00,800 [Listener at 127.0.0.1/33597] INFO  handler.ContextHandler (ContextHandler.java:doStart(921)) - Started o.e.j.s.ServletContextHandler@62a68552{logs,/logs,file:///home/runner/work/ozone/ozone/hadoop-ozone/integration-test/target/log,AVAILABLE}
2023-03-15 06:54:00,800 [Listener at 127.0.0.1/33597] INFO  handler.ContextHandler (ContextHandler.java:doStart(921)) - Started o.e.j.s.ServletContextHandler@6f936a98{static,/static,file:///home/runner/work/ozone/ozone/hadoop-ozone/integration-test/target/test-classes/webapps/static,AVAILABLE}
2023-03-15 06:54:00,803 [Listener at 127.0.0.1/33597] INFO  handler.ContextHandler (ContextHandler.java:doStart(921)) - Started o.e.j.w.WebAppContext@23c69856{ozoneManager,/,file:///home/runner/work/ozone/ozone/hadoop-ozone/integration-test/target/test-classes/webapps/ozoneManager/,AVAILABLE}{file:/home/runner/work/ozone/ozone/hadoop-ozone/integration-test/target/test-classes/webapps/ozoneManager}
2023-03-15 06:54:00,805 [Listener at 127.0.0.1/33597] INFO  server.AbstractConnector (AbstractConnector.java:doStart(333)) - Started ServerConnector@2361f828{HTTP/1.1, (http/1.1)}{0.0.0.0:34839}
2023-03-15 06:54:00,805 [Listener at 127.0.0.1/33597] INFO  server.Server (Server.java:doStart(415)) - Started @130296ms
2023-03-15 06:54:00,805 [Listener at 127.0.0.1/33597] WARN  impl.MetricsSystemImpl (MetricsSystemImpl.java:register(279)) - Sink prometheus already exists!
2023-03-15 06:54:00,806 [Listener at 127.0.0.1/33597] INFO  http.BaseHttpServer (BaseHttpServer.java:updateConnectorAddress(344)) - HTTP server of ozoneManager listening at http://0.0.0.0:34839
2023-03-15 06:54:00,806 [IPC Server Responder] INFO  ipc.Server (Server.java:run(1512)) - IPC Server Responder: starting
2023-03-15 06:54:00,815 [IPC Server listener on 33597] INFO  ipc.Server (Server.java:run(1352)) - IPC Server listener on 33597: starting
2023-03-15 06:54:00,819 [Listener at 127.0.0.1/33597] INFO  om.OzoneManager (OzoneManager.java:startTrashEmptier(2051)) - Trash Interval set to 0. Files deleted won't move to trash
2023-03-15 06:54:00,822 [Listener at 127.0.0.1/33597] INFO  ozone.MiniOzoneHAClusterImpl (MiniOzoneHAClusterImpl.java:createOMService(527)) - Started OzoneManager omNode-2 RPC server at localhost/127.0.0.1:33597
2023-03-15 06:54:00,823 [Listener at 127.0.0.1/33597] INFO  ha.OMHANodeDetails (OMHANodeDetails.java:loadOMHAConfig(121)) - ServiceID for OzoneManager is om-service-test1
2023-03-15 06:54:00,823 [Listener at 127.0.0.1/33597] INFO  ha.OMHANodeDetails (OMHANodeDetails.java:loadOMHAConfig(201)) - Found matching OM address with OMServiceId: om-service-test1, OMNodeId: omNode-3, RPC Address: localhost:45523 and Ratis port: 46017
2023-03-15 06:54:00,823 [Listener at 127.0.0.1/33597] INFO  ha.OMHANodeDetails (ConfUtils.java:setNodeSpecificConfigs(97)) - Setting configuration key ozone.om.http-address with value of key ozone.om.http-address.om-service-test1.omNode-3: 127.0.0.1:43727
2023-03-15 06:54:00,823 [Listener at 127.0.0.1/33597] INFO  ha.OMHANodeDetails (ConfUtils.java:setNodeSpecificConfigs(97)) - Setting configuration key ozone.om.https-address with value of key ozone.om.https-address.om-service-test1.omNode-3: 127.0.0.1:45559
2023-03-15 06:54:00,823 [Listener at 127.0.0.1/33597] INFO  ha.OMHANodeDetails (ConfUtils.java:setNodeSpecificConfigs(97)) - Setting configuration key ozone.om.address with value of key ozone.om.address.om-service-test1.omNode-3: 127.0.0.1:45523
2023-03-15 06:54:00,823 [Listener at 127.0.0.1/33597] WARN  server.ServerUtils (ServerUtils.java:getDBPath(225)) - ozone.om.db.dirs is not configured. We recommend adding this setting. Falling back to ozone.metadata.dirs instead.
2023-03-15 06:54:00,824 [Listener at 127.0.0.1/33597] INFO  proxy.SCMBlockLocationFailoverProxyProvider (SCMBlockLocationFailoverProxyProvider.java:<init>(114)) - Created block location fail-over proxy with 1 nodes: [nodeId=scmNodeId,nodeAddress=/0.0.0.0:39555]
2023-03-15 06:54:00,828 [org.apache.hadoop.util.JvmPauseMonitor$Monitor@2005e23d] INFO  util.JvmPauseMonitor (JvmPauseMonitor.java:run(188)) - Starting JVM pause monitor
OM initialization succeeded.Current cluster id for sd=/home/runner/work/ozone/ozone/hadoop-ozone/integration-test/target/test-dir/MiniOzoneClusterImpl-88c1a39f-978e-429a-824f-6eda176bb531/omNode-3/om;cid=88c1a39f-978e-429a-824f-6eda176bb531;layoutVersion=3
2023-03-15 06:54:00,832 [Listener at 127.0.0.1/33597] INFO  ha.OMHANodeDetails (OMHANodeDetails.java:loadOMHAConfig(121)) - ServiceID for OzoneManager is om-service-test1
2023-03-15 06:54:00,833 [Listener at 127.0.0.1/33597] INFO  ha.OMHANodeDetails (OMHANodeDetails.java:loadOMHAConfig(201)) - Found matching OM address with OMServiceId: om-service-test1, OMNodeId: omNode-3, RPC Address: localhost:45523 and Ratis port: 46017
2023-03-15 06:54:00,833 [Listener at 127.0.0.1/33597] INFO  ha.OMHANodeDetails (ConfUtils.java:setNodeSpecificConfigs(97)) - Setting configuration key ozone.om.http-address with value of key ozone.om.http-address.om-service-test1.omNode-3: 127.0.0.1:43727
2023-03-15 06:54:00,833 [Listener at 127.0.0.1/33597] INFO  ha.OMHANodeDetails (ConfUtils.java:setNodeSpecificConfigs(97)) - Setting configuration key ozone.om.https-address with value of key ozone.om.https-address.om-service-test1.omNode-3: 127.0.0.1:45559
2023-03-15 06:54:00,833 [Listener at 127.0.0.1/33597] INFO  ha.OMHANodeDetails (ConfUtils.java:setNodeSpecificConfigs(97)) - Setting configuration key ozone.om.address with value of key ozone.om.address.om-service-test1.omNode-3: 127.0.0.1:45523
2023-03-15 06:54:00,833 [Listener at 127.0.0.1/33597] WARN  server.ServerUtils (ServerUtils.java:getDBPath(225)) - ozone.om.db.dirs is not configured. We recommend adding this setting. Falling back to ozone.metadata.dirs instead.
2023-03-15 06:54:00,835 [Listener at 127.0.0.1/33597] INFO  upgrade.AbstractLayoutVersionManager (AbstractLayoutVersionManager.java:init(83)) - Initializing Layout version manager with metadata layout = MULTITENANCY_SCHEMA (version = 3), software layout = MULTITENANCY_SCHEMA (version = 3)
2023-03-15 06:54:00,907 [Listener at 127.0.0.1/33597] INFO  reflections.Reflections (Reflections.java:scan(232)) - Reflections took 71 ms to scan 2 urls, producing 167 keys and 464 values [using 2 cores]
2023-03-15 06:54:00,907 [Listener at 127.0.0.1/33597] INFO  upgrade.OMLayoutVersionManager (OMLayoutVersionManager.java:lambda$0(115)) - Skipping Upgrade Action MockOmUpgradeAction since it has been finalized.
2023-03-15 06:54:00,907 [Listener at 127.0.0.1/33597] WARN  server.ServerUtils (ServerUtils.java:getDBPath(225)) - ozone.om.db.dirs is not configured. We recommend adding this setting. Falling back to ozone.metadata.dirs instead.
2023-03-15 06:54:00,908 [omNode-1@group-523986131536-FollowerState] INFO  impl.FollowerState (FollowerState.java:run(143)) - omNode-1@group-523986131536-FollowerState: change to CANDIDATE, lastRpcElapsedTime:1009179185ns, electionTimeout:1005ms
2023-03-15 06:54:00,908 [omNode-1@group-523986131536-FollowerState] INFO  impl.RoleInfo (RoleInfo.java:shutdownFollowerState(110)) - omNode-1: shutdown omNode-1@group-523986131536-FollowerState
2023-03-15 06:54:00,908 [omNode-1@group-523986131536-FollowerState] INFO  server.RaftServer$Division (RaftServerImpl.java:setRole(321)) - omNode-1@group-523986131536: changes role from  FOLLOWER to CANDIDATE at term 0 for changeToCandidate
2023-03-15 06:54:00,908 [omNode-1@group-523986131536-FollowerState] INFO  server.RaftServerConfigKeys (ConfUtils.java:logGet(46)) - raft.server.leaderelection.pre-vote = true (default)
2023-03-15 06:54:00,908 [omNode-1@group-523986131536-FollowerState] INFO  impl.RoleInfo (RoleInfo.java:updateAndGet(139)) - omNode-1: start omNode-1@group-523986131536-LeaderElection17
2023-03-15 06:54:00,908 [Listener at 127.0.0.1/33597] INFO  proxy.SCMBlockLocationFailoverProxyProvider (SCMBlockLocationFailoverProxyProvider.java:<init>(114)) - Created block location fail-over proxy with 1 nodes: [nodeId=scmNodeId,nodeAddress=/0.0.0.0:39555]
2023-03-15 06:54:00,909 [Listener at 127.0.0.1/33597] INFO  proxy.SCMBlockLocationFailoverProxyProvider (SCMBlockLocationFailoverProxyProvider.java:<init>(114)) - Created block location fail-over proxy with 1 nodes: [nodeId=scmNodeId,nodeAddress=/0.0.0.0:39555]
2023-03-15 06:54:00,915 [Listener at 127.0.0.1/33597] INFO  om.OzoneManager (OzoneManager.java:<init>(620)) - OM start with adminUsers: [runner]
2023-03-15 06:54:00,916 [Listener at 127.0.0.1/33597] WARN  server.ServerUtils (ServerUtils.java:getDBPath(225)) - ozone.om.db.dirs is not configured. We recommend adding this setting. Falling back to ozone.metadata.dirs instead.
2023-03-15 06:54:00,916 [Listener at 127.0.0.1/33597] INFO  codec.OmKeyInfoCodec (OmKeyInfoCodec.java:<init>(49)) - OmKeyInfoCodec ignorePipeline = true
2023-03-15 06:54:00,916 [Listener at 127.0.0.1/33597] INFO  codec.RepeatedOmKeyInfoCodec (RepeatedOmKeyInfoCodec.java:<init>(41)) - RepeatedOmKeyInfoCodec ignorePipeline = true
2023-03-15 06:54:00,923 [omNode-1@group-523986131536-LeaderElection17] INFO  impl.LeaderElection (LeaderElection.java:askForVotes(312)) - omNode-1@group-523986131536-LeaderElection17 PRE_VOTE round 0: submit vote requests at term 0 for -1: peers:[omNode-3|rpc:localhost:46017|priority:0|startupRole:FOLLOWER, omNode-1|rpc:localhost:41803|priority:0|startupRole:FOLLOWER, omNode-2|rpc:localhost:34703|priority:0|startupRole:FOLLOWER]|listeners:[], old=null
2023-03-15 06:54:00,924 [omNode-1@group-523986131536-LeaderElection17-1] INFO  server.GrpcServerProtocolClient (GrpcServerProtocolClient.java:<init>(63)) - Build channel for omNode-3
2023-03-15 06:54:00,928 [omNode-1@group-523986131536-LeaderElection17] INFO  server.RaftServerConfigKeys (ConfUtils.java:logFallback(53)) - raft.server.rpc.first-election.timeout.min = 1s (fallback to raft.server.rpc.timeout.min)
2023-03-15 06:54:00,928 [omNode-1@group-523986131536-LeaderElection17] INFO  server.RaftServerConfigKeys (ConfUtils.java:logFallback(53)) - raft.server.rpc.first-election.timeout.max = 1200ms (fallback to raft.server.rpc.timeout.max)
2023-03-15 06:54:00,936 [omNode-1@group-523986131536-LeaderElection17] INFO  impl.LeaderElection (LogUtils.java:infoOrTrace(137)) - omNode-1@group-523986131536-LeaderElection17 got exception when requesting votes: java.util.concurrent.ExecutionException: org.apache.ratis.thirdparty.io.grpc.StatusRuntimeException: UNAVAILABLE: io exception
2023-03-15 06:54:00,937 [omNode-1@group-523986131536-LeaderElection17-2] INFO  server.GrpcServerProtocolClient (GrpcServerProtocolClient.java:<init>(63)) - Build channel for omNode-2
2023-03-15 06:54:00,944 [grpc-default-executor-13] INFO  server.RaftServer$Division (RaftServerImpl.java:requestVote(1218)) - omNode-2@group-523986131536: receive requestVote(PRE_VOTE, omNode-1, group-523986131536, 0, (t:0, i:~))
2023-03-15 06:54:00,944 [grpc-default-executor-13] INFO  impl.VoteContext (VoteContext.java:log(49)) - omNode-2@group-523986131536-FOLLOWER: accept PRE_VOTE from omNode-1: our priority 0 <= candidate's priority 0
2023-03-15 06:54:00,944 [grpc-default-executor-13] INFO  server.RaftServer$Division (RaftServerImpl.java:requestVote(1251)) - omNode-2@group-523986131536 replies to PRE_VOTE vote request: omNode-1<-omNode-2#0:OK-t0. Peer's state: omNode-2@group-523986131536:t0, leader=null, voted=, raftlog=Memoized:omNode-2@group-523986131536-SegmentedRaftLog:OPENED:c-1, conf=-1: peers:[omNode-3|rpc:localhost:46017|priority:0|startupRole:FOLLOWER, omNode-1|rpc:localhost:41803|priority:0|startupRole:FOLLOWER, omNode-2|rpc:localhost:34703|priority:0|startupRole:FOLLOWER]|listeners:[], old=null
2023-03-15 06:54:00,950 [omNode-1@group-523986131536-LeaderElection17] INFO  impl.LeaderElection (LeaderElection.java:logAndReturn(90)) - omNode-1@group-523986131536-LeaderElection17: PRE_VOTE PASSED received 1 response(s) and 1 exception(s):
2023-03-15 06:54:00,950 [omNode-1@group-523986131536-LeaderElection17] INFO  impl.LeaderElection (LeaderElection.java:logAndReturn(94)) -   Response 0: omNode-1<-omNode-2#0:OK-t0
2023-03-15 06:54:00,950 [omNode-1@group-523986131536-LeaderElection17] INFO  impl.LeaderElection (LogUtils.java:infoOrTrace(137)) -   Exception 1: java.util.concurrent.ExecutionException: org.apache.ratis.thirdparty.io.grpc.StatusRuntimeException: UNAVAILABLE: io exception
2023-03-15 06:54:00,950 [omNode-1@group-523986131536-LeaderElection17] INFO  impl.LeaderElection (LeaderElection.java:askForVotes(314)) - omNode-1@group-523986131536-LeaderElection17 PRE_VOTE round 0: result PASSED
2023-03-15 06:54:00,952 [omNode-1@group-523986131536-LeaderElection17] INFO  impl.LeaderElection (LeaderElection.java:askForVotes(312)) - omNode-1@group-523986131536-LeaderElection17 ELECTION round 0: submit vote requests at term 1 for -1: peers:[omNode-3|rpc:localhost:46017|priority:0|startupRole:FOLLOWER, omNode-1|rpc:localhost:41803|priority:0|startupRole:FOLLOWER, omNode-2|rpc:localhost:34703|priority:0|startupRole:FOLLOWER]|listeners:[], old=null
2023-03-15 06:54:00,957 [omNode-1@group-523986131536-LeaderElection17] INFO  server.RaftServerConfigKeys (ConfUtils.java:logFallback(53)) - raft.server.rpc.first-election.timeout.min = 1s (fallback to raft.server.rpc.timeout.min)
2023-03-15 06:54:00,957 [omNode-1@group-523986131536-LeaderElection17] INFO  server.RaftServerConfigKeys (ConfUtils.java:logFallback(53)) - raft.server.rpc.first-election.timeout.max = 1200ms (fallback to raft.server.rpc.timeout.max)
2023-03-15 06:54:00,957 [omNode-1@group-523986131536-LeaderElection17] INFO  impl.LeaderElection (LogUtils.java:infoOrTrace(137)) - omNode-1@group-523986131536-LeaderElection17 got exception when requesting votes: java.util.concurrent.ExecutionException: org.apache.ratis.thirdparty.io.grpc.StatusRuntimeException: UNAVAILABLE: io exception
2023-03-15 06:54:00,960 [grpc-default-executor-13] INFO  server.RaftServer$Division (RaftServerImpl.java:requestVote(1218)) - omNode-2@group-523986131536: receive requestVote(ELECTION, omNode-1, group-523986131536, 1, (t:0, i:~))
2023-03-15 06:54:00,961 [grpc-default-executor-13] INFO  impl.VoteContext (VoteContext.java:log(49)) - omNode-2@group-523986131536-FOLLOWER: accept ELECTION from omNode-1: our priority 0 <= candidate's priority 0
2023-03-15 06:54:00,961 [grpc-default-executor-13] INFO  server.RaftServer$Division (RaftServerImpl.java:setRole(321)) - omNode-2@group-523986131536: changes role from  FOLLOWER to FOLLOWER at term 1 for candidate:omNode-1
2023-03-15 06:54:00,961 [grpc-default-executor-13] INFO  impl.RoleInfo (RoleInfo.java:shutdownFollowerState(110)) - omNode-2: shutdown omNode-2@group-523986131536-FollowerState
2023-03-15 06:54:00,961 [grpc-default-executor-13] INFO  impl.RoleInfo (RoleInfo.java:updateAndGet(139)) - omNode-2: start omNode-2@group-523986131536-FollowerState
2023-03-15 06:54:00,961 [omNode-2@group-523986131536-FollowerState] INFO  impl.FollowerState (FollowerState.java:run(152)) - omNode-2@group-523986131536-FollowerState was interrupted
2023-03-15 06:54:00,968 [omNode-2@group-523986131536-FollowerState] INFO  server.RaftServerConfigKeys (ConfUtils.java:logFallback(53)) - raft.server.rpc.first-election.timeout.min = 1s (fallback to raft.server.rpc.timeout.min)
2023-03-15 06:54:00,968 [omNode-2@group-523986131536-FollowerState] INFO  server.RaftServerConfigKeys (ConfUtils.java:logFallback(53)) - raft.server.rpc.first-election.timeout.max = 1200ms (fallback to raft.server.rpc.timeout.max)
2023-03-15 06:54:00,968 [grpc-default-executor-13] INFO  server.RaftServer$Division (RaftServerImpl.java:requestVote(1251)) - omNode-2@group-523986131536 replies to ELECTION vote request: omNode-1<-omNode-2#0:OK-t1. Peer's state: omNode-2@group-523986131536:t1, leader=null, voted=omNode-1, raftlog=Memoized:omNode-2@group-523986131536-SegmentedRaftLog:OPENED:c-1, conf=-1: peers:[omNode-3|rpc:localhost:46017|priority:0|startupRole:FOLLOWER, omNode-1|rpc:localhost:41803|priority:0|startupRole:FOLLOWER, omNode-2|rpc:localhost:34703|priority:0|startupRole:FOLLOWER]|listeners:[], old=null
2023-03-15 06:54:00,974 [omNode-1@group-523986131536-LeaderElection17] INFO  impl.LeaderElection (LeaderElection.java:logAndReturn(90)) - omNode-1@group-523986131536-LeaderElection17: ELECTION PASSED received 1 response(s) and 1 exception(s):
2023-03-15 06:54:00,974 [omNode-1@group-523986131536-LeaderElection17] INFO  impl.LeaderElection (LeaderElection.java:logAndReturn(94)) -   Response 0: omNode-1<-omNode-2#0:OK-t1
2023-03-15 06:54:00,974 [omNode-1@group-523986131536-LeaderElection17] INFO  impl.LeaderElection (LogUtils.java:infoOrTrace(137)) -   Exception 1: java.util.concurrent.ExecutionException: org.apache.ratis.thirdparty.io.grpc.StatusRuntimeException: UNAVAILABLE: io exception
2023-03-15 06:54:00,975 [omNode-1@group-523986131536-LeaderElection17] INFO  impl.LeaderElection (LeaderElection.java:askForVotes(314)) - omNode-1@group-523986131536-LeaderElection17 ELECTION round 0: result PASSED
2023-03-15 06:54:00,975 [omNode-1@group-523986131536-LeaderElection17] INFO  impl.RoleInfo (RoleInfo.java:shutdownLeaderElection(130)) - omNode-1: shutdown omNode-1@group-523986131536-LeaderElection17
2023-03-15 06:54:00,975 [omNode-1@group-523986131536-LeaderElection17] INFO  server.RaftServer$Division (RaftServerImpl.java:setRole(321)) - omNode-1@group-523986131536: changes role from CANDIDATE to LEADER at term 1 for changeToLeader
2023-03-15 06:54:00,975 [omNode-1@group-523986131536-LeaderElection17] INFO  server.RaftServer$Division (ServerState.java:setLeader(313)) - omNode-1@group-523986131536: change Leader from null to omNode-1 at term 1 for becomeLeader, leader elected after 1637ms
2023-03-15 06:54:00,975 [omNode-1@group-523986131536-LeaderElection17] INFO  server.RaftServerConfigKeys (ConfUtils.java:logGet(46)) - raft.server.staging.catchup.gap = 1000 (default)
2023-03-15 06:54:00,975 [omNode-1@group-523986131536-LeaderElection17] INFO  server.RaftServerConfigKeys (ConfUtils.java:logGet(46)) - raft.server.write.element-limit = 4096 (default)
2023-03-15 06:54:00,975 [omNode-1@group-523986131536-LeaderElection17] INFO  server.RaftServerConfigKeys (ConfUtils.java:logGet(46)) - raft.server.write.byte-limit = 64MB (=67108864) (default)
2023-03-15 06:54:00,975 [omNode-1@group-523986131536-LeaderElection17] INFO  server.RaftServerConfigKeys (ConfUtils.java:logGet(46)) - raft.server.watch.timeout = 10s (default)
2023-03-15 06:54:00,975 [omNode-1@group-523986131536-LeaderElection17] INFO  server.RaftServerConfigKeys (ConfUtils.java:logGet(46)) - raft.server.watch.timeout.denomination = 1s (default)
2023-03-15 06:54:00,975 [omNode-1@group-523986131536-LeaderElection17] INFO  server.RaftServerConfigKeys (ConfUtils.java:logGet(46)) - raft.server.watch.element-limit = 65536 (default)
2023-03-15 06:54:00,975 [omNode-1@group-523986131536-LeaderElection17] INFO  server.RaftServerConfigKeys (ConfUtils.java:logGet(46)) - raft.server.write.element-limit = 4096 (default)
2023-03-15 06:54:00,975 [omNode-1@group-523986131536-LeaderElection17] INFO  server.RaftServerConfigKeys (ConfUtils.java:logGet(46)) - raft.server.write.follower.gap.ratio.max = -1.0 (default)
2023-03-15 06:54:00,976 [omNode-1@group-523986131536-LeaderElection17] INFO  server.RaftServerConfigKeys (ConfUtils.java:logGet(46)) - raft.server.log.appender.snapshot.chunk.size.max = 16MB (=16777216) (default)
2023-03-15 06:54:00,976 [omNode-1@group-523986131536-LeaderElection17] INFO  server.RaftServerConfigKeys (ConfUtils.java:logGet(46)) - raft.server.log.appender.buffer.byte-limit = 33554432 (custom)
2023-03-15 06:54:00,976 [omNode-1@group-523986131536-LeaderElection17] INFO  server.RaftServerConfigKeys (ConfUtils.java:logGet(46)) - raft.server.log.appender.buffer.element-limit = 1024 (custom)
2023-03-15 06:54:00,976 [omNode-1@group-523986131536-LeaderElection17] INFO  grpc.GrpcConfigKeys (ConfUtils.java:logGet(46)) - raft.grpc.server.leader.outstanding.appends.max = 128 (default)
2023-03-15 06:54:00,976 [omNode-1@group-523986131536-LeaderElection17] INFO  server.RaftServerConfigKeys (ConfUtils.java:logGet(46)) - raft.server.rpc.request.timeout = 3000ms (default)
2023-03-15 06:54:00,976 [omNode-1@group-523986131536-LeaderElection17] INFO  server.RaftServerConfigKeys (ConfUtils.java:logGet(46)) - raft.server.log.appender.install.snapshot.enabled = false (custom)
2023-03-15 06:54:00,976 [omNode-1@group-523986131536-LeaderElection17] INFO  grpc.GrpcConfigKeys (ConfUtils.java:logGet(46)) - raft.grpc.server.heartbeat.channel = true (default)
2023-03-15 06:54:00,976 [omNode-1@group-523986131536-LeaderElection17] INFO  server.RaftServerConfigKeys (ConfUtils.java:logGet(46)) - raft.server.log.appender.wait-time.min = 10ms (default)
2023-03-15 06:54:00,976 [omNode-1@group-523986131536-LeaderElection17] INFO  server.RaftServerConfigKeys (ConfUtils.java:logGet(46)) - raft.server.log.appender.snapshot.chunk.size.max = 16MB (=16777216) (default)
2023-03-15 06:54:00,976 [omNode-1@group-523986131536-LeaderElection17] INFO  server.RaftServerConfigKeys (ConfUtils.java:logGet(46)) - raft.server.log.appender.buffer.byte-limit = 33554432 (custom)
2023-03-15 06:54:00,976 [omNode-1@group-523986131536-LeaderElection17] INFO  server.RaftServerConfigKeys (ConfUtils.java:logGet(46)) - raft.server.log.appender.buffer.element-limit = 1024 (custom)
2023-03-15 06:54:00,977 [omNode-1@group-523986131536-LeaderElection17] INFO  grpc.GrpcConfigKeys (ConfUtils.java:logGet(46)) - raft.grpc.server.leader.outstanding.appends.max = 128 (default)
2023-03-15 06:54:00,977 [omNode-1@group-523986131536-LeaderElection17] INFO  server.RaftServerConfigKeys (ConfUtils.java:logGet(46)) - raft.server.rpc.request.timeout = 3000ms (default)
2023-03-15 06:54:00,977 [omNode-1@group-523986131536-LeaderElection17] INFO  server.RaftServerConfigKeys (ConfUtils.java:logGet(46)) - raft.server.log.appender.install.snapshot.enabled = false (custom)
2023-03-15 06:54:00,977 [omNode-1@group-523986131536-LeaderElection17] INFO  grpc.GrpcConfigKeys (ConfUtils.java:logGet(46)) - raft.grpc.server.heartbeat.channel = true (default)
2023-03-15 06:54:00,977 [omNode-1@group-523986131536-LeaderElection17] INFO  server.RaftServerConfigKeys (ConfUtils.java:logGet(46)) - raft.server.log.appender.wait-time.min = 10ms (default)
2023-03-15 06:54:00,977 [omNode-1@group-523986131536-LeaderElection17] INFO  impl.RoleInfo (RoleInfo.java:updateAndGet(139)) - omNode-1: start omNode-1@group-523986131536-LeaderStateImpl
2023-03-15 06:54:00,977 [omNode-1@group-523986131536-LeaderElection17] INFO  segmented.SegmentedRaftLogWorker (SegmentedRaftLogWorker.java:startLogSegment(452)) - omNode-1@group-523986131536-SegmentedRaftLogWorker: Starting segment from index:0
2023-03-15 06:54:00,986 [grpc-default-executor-13] WARN  server.GrpcLogAppender (LogUtils.java:warn(122)) - omNode-1@group-523986131536->omNode-3-AppendLogResponseHandler: Failed appendEntries: org.apache.ratis.thirdparty.io.grpc.StatusRuntimeException: UNAVAILABLE: io exception
2023-03-15 06:54:00,987 [grpc-default-executor-13] WARN  server.GrpcLogAppender (GrpcLogAppender.java:resetClient(131)) - omNode-1@group-523986131536->omNode-3-GrpcLogAppender: Leader has not got in touch with Follower omNode-1@group-523986131536->omNode-3(c-1,m0,n0, attendVote=true, lastRpcSendTime=1211, lastRpcResponseTime=1211) yet, just keep nextIndex unchanged and retry.
2023-03-15 06:54:00,989 [omNode-1@group-523986131536-SegmentedRaftLogWorker] INFO  segmented.SegmentedRaftLogWorker (SegmentedRaftLogWorker.java:execute(656)) - omNode-1@group-523986131536-SegmentedRaftLogWorker: created new log segment /home/runner/work/ozone/ozone/hadoop-ozone/integration-test/target/test-dir/MiniOzoneClusterImpl-88c1a39f-978e-429a-824f-6eda176bb531/omNode-1/ratis/c9bc4cf4-3bc3-3c60-a66b-523986131536/current/log_inprogress_0
2023-03-15 06:54:00,998 [omNode-1@group-523986131536-LeaderElection17] INFO  server.RaftServer$Division (ServerState.java:setRaftConf(430)) - omNode-1@group-523986131536: set configuration 0: peers:[omNode-3|rpc:localhost:46017|admin:|client:|dataStream:|priority:0|startupRole:FOLLOWER, omNode-1|rpc:localhost:41803|admin:|client:|dataStream:|priority:0|startupRole:FOLLOWER, omNode-2|rpc:localhost:34703|admin:|client:|dataStream:|priority:0|startupRole:FOLLOWER]|listeners:[], old=null
2023-03-15 06:54:00,999 [EndpointStateMachine task thread for /0.0.0.0:39779 - 0 ] INFO  ipc.Client (Client.java:handleConnectionFailure(1010)) - Retrying connect to server: 0.0.0.0/0.0.0.0:39779. Already tried 5 time(s); retry policy is RetryUpToMaximumCountWithFixedSleep(maxRetries=15, sleepTime=1000 MILLISECONDS)
2023-03-15 06:54:01,000 [grpc-default-executor-13] WARN  server.GrpcLogAppender (LogUtils.java:warn(122)) - omNode-1@group-523986131536->omNode-3-AppendLogResponseHandler: Failed appendEntries: org.apache.ratis.thirdparty.io.grpc.StatusRuntimeException: UNAVAILABLE: io exception
2023-03-15 06:54:01,004 [grpc-default-executor-13] WARN  server.GrpcLogAppender (GrpcLogAppender.java:resetClient(131)) - omNode-1@group-523986131536->omNode-3-GrpcLogAppender: Leader has not got in touch with Follower omNode-1@group-523986131536->omNode-3(c-1,m0,n0, attendVote=true, lastRpcSendTime=1228, lastRpcResponseTime=1228) yet, just keep nextIndex unchanged and retry.
2023-03-15 06:54:01,005 [omNode-1@group-523986131536-StateMachineUpdater] INFO  ratis.OzoneManagerStateMachine (OzoneManagerStateMachine.java:notifyConfigurationChanged(192)) - Received Configuration change notification from Ratis. New Peer list:
[id: "omNode-3"
address: "localhost:46017"
startupRole: FOLLOWER
, id: "omNode-1"
address: "localhost:41803"
startupRole: FOLLOWER
, id: "omNode-2"
address: "localhost:34703"
startupRole: FOLLOWER
]
2023-03-15 06:54:01,005 [grpc-default-executor-1] WARN  server.GrpcLogAppender (LogUtils.java:warn(122)) - omNode-1@group-523986131536->omNode-3-AppendLogResponseHandler: Failed appendEntries: org.apache.ratis.thirdparty.io.grpc.StatusRuntimeException: UNAVAILABLE: io exception
2023-03-15 06:54:01,006 [grpc-default-executor-13] WARN  server.GrpcLogAppender (LogUtils.java:warn(122)) - omNode-1@group-523986131536->omNode-3-AppendLogResponseHandler: Failed appendEntries: org.apache.ratis.thirdparty.io.grpc.StatusRuntimeException: UNAVAILABLE: io exception
2023-03-15 06:54:01,009 [grpc-default-executor-1] WARN  server.GrpcLogAppender (GrpcLogAppender.java:resetClient(131)) - omNode-1@group-523986131536->omNode-3-GrpcLogAppender: Leader has not got in touch with Follower omNode-1@group-523986131536->omNode-3(c-1,m0,n0, attendVote=true, lastRpcSendTime=0, lastRpcResponseTime=1233) yet, just keep nextIndex unchanged and retry.
2023-03-15 06:54:01,009 [grpc-default-executor-13] WARN  server.GrpcLogAppender (GrpcLogAppender.java:resetClient(131)) - omNode-1@group-523986131536->omNode-3-GrpcLogAppender: Leader has not got in touch with Follower omNode-1@group-523986131536->omNode-3(c-1,m0,n0, attendVote=true, lastRpcSendTime=0, lastRpcResponseTime=1233) yet, just keep nextIndex unchanged and retry.
2023-03-15 06:54:01,019 [grpc-default-executor-13] WARN  server.GrpcLogAppender (LogUtils.java:warn(122)) - omNode-1@group-523986131536->omNode-3-AppendLogResponseHandler: Failed appendEntries: org.apache.ratis.thirdparty.io.grpc.StatusRuntimeException: UNAVAILABLE: io exception
2023-03-15 06:54:01,019 [grpc-default-executor-1] WARN  server.GrpcLogAppender (LogUtils.java:warn(122)) - omNode-1@group-523986131536->omNode-3-AppendLogResponseHandler: Failed appendEntries: org.apache.ratis.thirdparty.io.grpc.StatusRuntimeException: UNAVAILABLE: io exception
2023-03-15 06:54:01,019 [grpc-default-executor-13] WARN  server.GrpcLogAppender (GrpcLogAppender.java:resetClient(131)) - omNode-1@group-523986131536->omNode-3-GrpcLogAppender: Leader has not got in touch with Follower omNode-1@group-523986131536->omNode-3(c-1,m0,n1, attendVote=true, lastRpcSendTime=0, lastRpcResponseTime=1243) yet, just keep nextIndex unchanged and retry.
2023-03-15 06:54:01,019 [grpc-default-executor-1] WARN  server.GrpcLogAppender (GrpcLogAppender.java:resetClient(131)) - omNode-1@group-523986131536->omNode-3-GrpcLogAppender: Leader has not got in touch with Follower omNode-1@group-523986131536->omNode-3(c-1,m0,n1, attendVote=true, lastRpcSendTime=0, lastRpcResponseTime=1243) yet, just keep nextIndex unchanged and retry.
2023-03-15 06:54:01,022 [omNode-2-server-thread1] INFO  server.RaftServer$Division (ServerState.java:setLeader(313)) - omNode-2@group-523986131536: change Leader from null to omNode-1 at term 1 for appendEntries, leader elected after 673ms
2023-03-15 06:54:01,025 [omNode-2-server-thread2] INFO  server.RaftServer$Division (ServerState.java:setRaftConf(430)) - omNode-2@group-523986131536: set configuration 0: peers:[omNode-3|rpc:localhost:46017|admin:|client:|dataStream:|priority:0|startupRole:FOLLOWER, omNode-1|rpc:localhost:41803|admin:|client:|dataStream:|priority:0|startupRole:FOLLOWER, omNode-2|rpc:localhost:34703|admin:|client:|dataStream:|priority:0|startupRole:FOLLOWER]|listeners:[], old=null
2023-03-15 06:54:01,025 [omNode-2-server-thread2] INFO  segmented.SegmentedRaftLogWorker (SegmentedRaftLogWorker.java:startLogSegment(452)) - omNode-2@group-523986131536-SegmentedRaftLogWorker: Starting segment from index:0
2023-03-15 06:54:01,042 [omNode-2@group-523986131536-SegmentedRaftLogWorker] INFO  segmented.SegmentedRaftLogWorker (SegmentedRaftLogWorker.java:execute(656)) - omNode-2@group-523986131536-SegmentedRaftLogWorker: created new log segment /home/runner/work/ozone/ozone/hadoop-ozone/integration-test/target/test-dir/MiniOzoneClusterImpl-88c1a39f-978e-429a-824f-6eda176bb531/omNode-2/ratis/c9bc4cf4-3bc3-3c60-a66b-523986131536/current/log_inprogress_0
2023-03-15 06:54:01,043 [omNode-2@group-523986131536-StateMachineUpdater] INFO  ratis.OzoneManagerStateMachine (OzoneManagerStateMachine.java:notifyConfigurationChanged(192)) - Received Configuration change notification from Ratis. New Peer list:
[id: "omNode-3"
address: "localhost:46017"
startupRole: FOLLOWER
, id: "omNode-1"
address: "localhost:41803"
startupRole: FOLLOWER
, id: "omNode-2"
address: "localhost:34703"
startupRole: FOLLOWER
]
2023-03-15 06:54:01,195 [Listener at 127.0.0.1/33597] INFO  om.OzoneManager (OzoneManager.java:instantiateServices(750)) - S3 Multi-Tenancy is disabled
2023-03-15 06:54:01,196 [Listener at 127.0.0.1/33597] WARN  server.ServerUtils (ServerUtils.java:getDBPath(225)) - ozone.om.snapshot.diff.db.dir is not configured. We recommend adding this setting. Falling back to ozone.metadata.dirs instead.
2023-03-15 06:54:01,212 [Listener at 127.0.0.1/33597] INFO  om.OzoneManager (OzoneManager.java:addS3GVolumeToDB(4228)) - Created Volume s3v With Owner runner required for S3Gateway operations.
2023-03-15 06:54:01,213 [Listener at 127.0.0.1/33597] WARN  server.ServerUtils (ServerUtils.java:getDefaultRatisDirectory(237)) - Storage directory for Ratis is not configured. It is a good idea to map this to an SSD disk. Falling back to ozone.metadata.dirs
2023-03-15 06:54:01,213 [Listener at 127.0.0.1/33597] WARN  utils.OzoneManagerRatisUtils (OzoneManagerRatisUtils.java:getOMRatisSnapshotDirectory(439)) - ozone.om.ratis.snapshot.dir is not configured. Falling back to ozone.metadata.dirs config
2023-03-15 06:54:01,213 [Listener at 127.0.0.1/33597] INFO  snapshot.OzoneManagerSnapshotProvider (OzoneManagerSnapshotProvider.java:<init>(76)) - Initializing OM Snapshot Provider
2023-03-15 06:54:01,218 [Listener at 127.0.0.1/33597] WARN  impl.MetricRegistriesImpl (MetricRegistriesImpl.java:addReporterRegistration(111)) - New reporters are added after registries were created. Some metrics will be missing from the reporter. Please add reporter before adding any new registry.
2023-03-15 06:54:01,218 [Listener at 127.0.0.1/33597] WARN  impl.MetricRegistriesImpl (MetricRegistriesImpl.java:addReporterRegistration(111)) - New reporters are added after registries were created. Some metrics will be missing from the reporter. Please add reporter before adding any new registry.
2023-03-15 06:54:01,218 [Listener at 127.0.0.1/33597] WARN  server.ServerUtils (ServerUtils.java:getDefaultRatisDirectory(237)) - Storage directory for Ratis is not configured. It is a good idea to map this to an SSD disk. Falling back to ozone.metadata.dirs
2023-03-15 06:54:01,219 [Listener at 127.0.0.1/33597] INFO  ratis.OzoneManagerRatisServer (OzoneManagerRatisServer.java:<init>(164)) - Instantiating OM Ratis server with groupID: om-service-test1 and peers: localhost:46017, localhost:41803, localhost:34703
2023-03-15 06:54:01,219 [Listener at 127.0.0.1/33597] INFO  ratis.OzoneManagerStateMachine (OzoneManagerStateMachine.java:loadSnapshotInfoFromDB(636)) - LastAppliedIndex is set from TransactionInfo from OM DB as (t:0, i:~)
2023-03-15 06:54:01,224 [Listener at 127.0.0.1/33597] INFO  server.RaftServer (ConfUtils.java:logGet(46)) - raft.rpc.type = GRPC (default)
2023-03-15 06:54:01,224 [Listener at 127.0.0.1/33597] INFO  grpc.GrpcConfigKeys (ConfUtils.java:logFallback(53)) - raft.grpc.admin.host = null (fallback to raft.grpc.server.host)
2023-03-15 06:54:01,224 [Listener at 127.0.0.1/33597] INFO  grpc.GrpcConfigKeys (ConfUtils.java:logFallback(53)) - raft.grpc.admin.port = 46017 (fallback to raft.grpc.server.port)
2023-03-15 06:54:01,224 [Listener at 127.0.0.1/33597] INFO  grpc.GrpcConfigKeys (ConfUtils.java:logFallback(53)) - raft.grpc.client.host = null (fallback to raft.grpc.server.host)
2023-03-15 06:54:01,224 [Listener at 127.0.0.1/33597] INFO  grpc.GrpcConfigKeys (ConfUtils.java:logFallback(53)) - raft.grpc.client.port = 46017 (fallback to raft.grpc.server.port)
2023-03-15 06:54:01,224 [Listener at 127.0.0.1/33597] INFO  grpc.GrpcConfigKeys (ConfUtils.java:logGet(46)) - raft.grpc.server.host = null (default)
2023-03-15 06:54:01,224 [Listener at 127.0.0.1/33597] INFO  grpc.GrpcConfigKeys (ConfUtils.java:logGet(46)) - raft.grpc.server.port = 46017 (custom)
2023-03-15 06:54:01,224 [Listener at 127.0.0.1/33597] INFO  server.GrpcService (ConfUtils.java:logGet(46)) - raft.grpc.message.size.max = 33554432 (custom)
2023-03-15 06:54:01,225 [Listener at 127.0.0.1/33597] INFO  server.RaftServerConfigKeys (ConfUtils.java:logGet(46)) - raft.server.log.appender.buffer.byte-limit = 33554432 (custom)
2023-03-15 06:54:01,225 [Listener at 127.0.0.1/33597] INFO  server.GrpcService (ConfUtils.java:logGet(46)) - raft.grpc.flow.control.window = 1MB (=1048576) (default)
2023-03-15 06:54:01,225 [Listener at 127.0.0.1/33597] INFO  server.RaftServerConfigKeys (ConfUtils.java:logGet(46)) - raft.server.rpc.request.timeout = 3000ms (default)
2023-03-15 06:54:01,225 [Listener at 127.0.0.1/33597] INFO  grpc.GrpcConfigKeys (ConfUtils.java:logGet(46)) - raft.grpc.server.heartbeat.channel = true (default)
2023-03-15 06:54:01,225 [Listener at 127.0.0.1/33597] INFO  grpc.GrpcConfigKeys (ConfUtils.java:logGet(46)) - raft.grpc.server.async.request.thread.pool.cached = true (default)
2023-03-15 06:54:01,225 [Listener at 127.0.0.1/33597] INFO  grpc.GrpcConfigKeys (ConfUtils.java:logGet(46)) - raft.grpc.server.async.request.thread.pool.size = 32 (default)
2023-03-15 06:54:01,226 [Listener at 127.0.0.1/33597] INFO  impl.DataStreamServerImpl (ConfUtils.java:logGet(46)) - raft.datastream.type = DISABLED (default)
2023-03-15 06:54:01,226 [Listener at 127.0.0.1/33597] INFO  server.RaftServerConfigKeys (ConfUtils.java:logGet(46)) - raft.server.threadpool.proxy.cached = true (default)
2023-03-15 06:54:01,227 [Listener at 127.0.0.1/33597] INFO  server.RaftServerConfigKeys (ConfUtils.java:logGet(46)) - raft.server.threadpool.proxy.size = 0 (default)
2023-03-15 06:54:01,227 [Listener at 127.0.0.1/33597] INFO  server.RaftServerConfigKeys (ConfUtils.java:logGet(46)) - raft.server.rpc.slowness.timeout = 2s (custom)
2023-03-15 06:54:01,227 [Listener at 127.0.0.1/33597] INFO  server.RaftServerConfigKeys (ConfUtils.java:logGet(46)) - raft.server.leaderelection.leader.step-down.wait-time = 10s (default)
2023-03-15 06:54:01,227 [Listener at 127.0.0.1/33597] INFO  server.RaftServerConfigKeys (ConfUtils.java:logGet(46)) - raft.server.storage.dir = [/home/runner/work/ozone/ozone/hadoop-ozone/integration-test/target/test-dir/MiniOzoneClusterImpl-88c1a39f-978e-429a-824f-6eda176bb531/omNode-3/ratis] (custom)
2023-03-15 06:54:01,230 [Listener at 127.0.0.1/33597] INFO  server.RaftServer (RaftServerProxy.java:addNew(96)) - omNode-3: addNew group-523986131536:[omNode-3|rpc:localhost:46017|priority:0|startupRole:FOLLOWER, omNode-1|rpc:localhost:41803|priority:0|startupRole:FOLLOWER, omNode-2|rpc:localhost:34703|priority:0|startupRole:FOLLOWER] returns group-523986131536:java.util.concurrent.CompletableFuture@4fd55294[Not completed]
2023-03-15 06:54:01,230 [Listener at 127.0.0.1/33597] INFO  om.OzoneManager (OzoneManager.java:initializeRatisServer(2107)) - OzoneManager Ratis server initialized at port 46017
2023-03-15 06:54:01,230 [Listener at 127.0.0.1/33597] INFO  om.OzoneManager (OzoneManager.java:getRpcServer(1134)) - Creating RPC Server
2023-03-15 06:54:01,232 [pool-1483-thread-1] INFO  server.RaftServer$Division (RaftServerImpl.java:<init>(195)) - omNode-3: new RaftServerImpl for group-523986131536:[omNode-3|rpc:localhost:46017|priority:0|startupRole:FOLLOWER, omNode-1|rpc:localhost:41803|priority:0|startupRole:FOLLOWER, omNode-2|rpc:localhost:34703|priority:0|startupRole:FOLLOWER] with OzoneManagerStateMachine:uninitialized
2023-03-15 06:54:01,232 [pool-1483-thread-1] INFO  server.RaftServerConfigKeys (ConfUtils.java:logGet(46)) - raft.server.rpc.timeout.min = 1s (custom)
2023-03-15 06:54:01,232 [pool-1483-thread-1] INFO  server.RaftServerConfigKeys (ConfUtils.java:logGet(46)) - raft.server.rpc.timeout.max = 1200ms (custom)
2023-03-15 06:54:01,232 [pool-1483-thread-1] INFO  server.RaftServerConfigKeys (ConfUtils.java:logGet(46)) - raft.server.rpc.sleep.time = 25ms (default)
2023-03-15 06:54:01,232 [pool-1483-thread-1] INFO  server.RaftServerConfigKeys (ConfUtils.java:logGet(46)) - raft.server.rpc.slowness.timeout = 2s (custom)
2023-03-15 06:54:01,232 [pool-1483-thread-1] INFO  server.RaftServerConfigKeys (ConfUtils.java:logGet(46)) - raft.server.leaderelection.leader.step-down.wait-time = 10s (default)
2023-03-15 06:54:01,232 [pool-1483-thread-1] INFO  server.RaftServerConfigKeys (ConfUtils.java:logGet(46)) - raft.server.sleep.deviation.threshold = 300ms (default)
2023-03-15 06:54:01,232 [pool-1483-thread-1] INFO  server.RaftServer$Division (ServerState.java:<init>(118)) - omNode-3@group-523986131536: ConfigurationManager, init=-1: peers:[omNode-3|rpc:localhost:46017|priority:0|startupRole:FOLLOWER, omNode-1|rpc:localhost:41803|priority:0|startupRole:FOLLOWER, omNode-2|rpc:localhost:34703|priority:0|startupRole:FOLLOWER]|listeners:[], old=null, confs=<EMPTY_MAP>
2023-03-15 06:54:01,233 [pool-1483-thread-1] INFO  server.RaftServerConfigKeys (ConfUtils.java:logGet(46)) - raft.server.storage.dir = [/home/runner/work/ozone/ozone/hadoop-ozone/integration-test/target/test-dir/MiniOzoneClusterImpl-88c1a39f-978e-429a-824f-6eda176bb531/omNode-3/ratis] (custom)
2023-03-15 06:54:01,233 [pool-1483-thread-1] INFO  server.RaftServerConfigKeys (ConfUtils.java:logGet(46)) - raft.server.log.corruption.policy = EXCEPTION (default)
2023-03-15 06:54:01,233 [pool-1483-thread-1] INFO  server.RaftServerConfigKeys (ConfUtils.java:logGet(46)) - raft.server.storage.free-space.min = 0MB (=0) (default)
2023-03-15 06:54:01,233 [pool-1483-thread-1] INFO  server.RaftServerConfigKeys (ConfUtils.java:logGet(46)) - raft.server.notification.no-leader.timeout = 2s (custom)
2023-03-15 06:54:01,233 [pool-1483-thread-1] INFO  server.RaftServerConfigKeys (ConfUtils.java:logGet(46)) - raft.server.retrycache.expirytime = 300s (custom)
2023-03-15 06:54:01,233 [pool-1483-thread-1] INFO  server.RaftServerConfigKeys (ConfUtils.java:logGet(46)) - raft.server.retrycache.statistics.expirytime = 100μs (default)
2023-03-15 06:54:01,235 [pool-1483-thread-1] INFO  server.RaftServerConfigKeys (ConfUtils.java:logGet(46)) - raft.server.log.appender.install.snapshot.enabled = false (custom)
2023-03-15 06:54:01,236 [pool-1483-thread-1] INFO  server.RaftServerConfigKeys (ConfUtils.java:logGet(46)) - raft.server.threadpool.server.cached = true (default)
2023-03-15 06:54:01,236 [pool-1483-thread-1] INFO  server.RaftServerConfigKeys (ConfUtils.java:logGet(46)) - raft.server.threadpool.server.size = 0 (default)
2023-03-15 06:54:01,236 [pool-1483-thread-1] INFO  server.RaftServerConfigKeys (ConfUtils.java:logGet(46)) - raft.server.threadpool.client.cached = true (default)
2023-03-15 06:54:01,236 [pool-1483-thread-1] INFO  server.RaftServerConfigKeys (ConfUtils.java:logGet(46)) - raft.server.threadpool.client.size = 0 (default)
2023-03-15 06:54:01,258 [grpc-default-executor-0] WARN  server.GrpcLogAppender (LogUtils.java:warn(122)) - omNode-1@group-523986131536->omNode-3-AppendLogResponseHandler: Failed appendEntries: org.apache.ratis.thirdparty.io.grpc.StatusRuntimeException: UNAVAILABLE: io exception
2023-03-15 06:54:01,259 [grpc-default-executor-0] WARN  server.GrpcLogAppender (GrpcLogAppender.java:resetClient(131)) - omNode-1@group-523986131536->omNode-3-GrpcLogAppender: Leader has not got in touch with Follower omNode-1@group-523986131536->omNode-3(c-1,m0,n1, attendVote=true, lastRpcSendTime=0, lastRpcResponseTime=1483) yet, just keep nextIndex unchanged and retry.
2023-03-15 06:54:01,259 [grpc-default-executor-1] WARN  server.GrpcLogAppender (LogUtils.java:warn(122)) - omNode-1@group-523986131536->omNode-3-AppendLogResponseHandler: Failed appendEntries: org.apache.ratis.thirdparty.io.grpc.StatusRuntimeException: UNAVAILABLE: io exception
2023-03-15 06:54:01,260 [grpc-default-executor-1] WARN  server.GrpcLogAppender (GrpcLogAppender.java:resetClient(131)) - omNode-1@group-523986131536->omNode-3-GrpcLogAppender: Leader has not got in touch with Follower omNode-1@group-523986131536->omNode-3(c-1,m0,n1, attendVote=true, lastRpcSendTime=1, lastRpcResponseTime=1484) yet, just keep nextIndex unchanged and retry.
2023-03-15 06:54:01,510 [Finalizer] WARN  managed.ManagedRocksObjectUtils (ManagedRocksObjectUtils.java:assertClosed(54)) - RocksIterator is not closed properly
2023-03-15 06:54:01,511 [Finalizer] WARN  managed.ManagedRocksObjectUtils (ManagedRocksObjectUtils.java:assertClosed(54)) - RocksIterator is not closed properly
2023-03-15 06:54:01,512 [grpc-default-executor-1] WARN  server.GrpcLogAppender (LogUtils.java:warn(122)) - omNode-1@group-523986131536->omNode-3-AppendLogResponseHandler: Failed appendEntries: org.apache.ratis.thirdparty.io.grpc.StatusRuntimeException: UNAVAILABLE: io exception
2023-03-15 06:54:01,513 [grpc-default-executor-1] WARN  server.GrpcLogAppender (GrpcLogAppender.java:resetClient(131)) - omNode-1@group-523986131536->omNode-3-GrpcLogAppender: Leader has not got in touch with Follower omNode-1@group-523986131536->omNode-3(c-1,m0,n1, attendVote=true, lastRpcSendTime=2, lastRpcResponseTime=1737) yet, just keep nextIndex unchanged and retry.
2023-03-15 06:54:01,513 [grpc-default-executor-0] WARN  server.GrpcLogAppender (LogUtils.java:warn(122)) - omNode-1@group-523986131536->omNode-3-AppendLogResponseHandler: Failed appendEntries: org.apache.ratis.thirdparty.io.grpc.StatusRuntimeException: UNAVAILABLE: io exception
2023-03-15 06:54:01,513 [grpc-default-executor-0] WARN  server.GrpcLogAppender (GrpcLogAppender.java:resetClient(131)) - omNode-1@group-523986131536->omNode-3-GrpcLogAppender: Leader has not got in touch with Follower omNode-1@group-523986131536->omNode-3(c-1,m0,n1, attendVote=true, lastRpcSendTime=2, lastRpcResponseTime=1737) yet, just keep nextIndex unchanged and retry.
2023-03-15 06:54:01,761 [grpc-default-executor-0] WARN  server.GrpcLogAppender (LogUtils.java:warn(122)) - omNode-1@group-523986131536->omNode-3-AppendLogResponseHandler: Failed appendEntries: org.apache.ratis.thirdparty.io.grpc.StatusRuntimeException: UNAVAILABLE: io exception
2023-03-15 06:54:01,761 [grpc-default-executor-1] WARN  server.GrpcLogAppender (LogUtils.java:warn(122)) - omNode-1@group-523986131536->omNode-3-AppendLogResponseHandler: Failed appendEntries: org.apache.ratis.thirdparty.io.grpc.StatusRuntimeException: UNAVAILABLE: io exception
2023-03-15 06:54:01,762 [grpc-default-executor-0] WARN  server.GrpcLogAppender (GrpcLogAppender.java:resetClient(131)) - omNode-1@group-523986131536->omNode-3-GrpcLogAppender: Leader has not got in touch with Follower omNode-1@group-523986131536->omNode-3(c-1,m0,n1, attendVote=true, lastRpcSendTime=251, lastRpcResponseTime=1986) yet, just keep nextIndex unchanged and retry.
2023-03-15 06:54:01,764 [grpc-default-executor-1] WARN  server.GrpcLogAppender (GrpcLogAppender.java:resetClient(131)) - omNode-1@group-523986131536->omNode-3-GrpcLogAppender: Leader has not got in touch with Follower omNode-1@group-523986131536->omNode-3(c-1,m0,n1, attendVote=true, lastRpcSendTime=253, lastRpcResponseTime=1988) yet, just keep nextIndex unchanged and retry.
2023-03-15 06:54:01,769 [grpc-default-executor-1] WARN  server.GrpcLogAppender (LogUtils.java:warn(122)) - omNode-1@group-523986131536->omNode-3-AppendLogResponseHandler: Failed appendEntries: org.apache.ratis.thirdparty.io.grpc.StatusRuntimeException: UNAVAILABLE: io exception
2023-03-15 06:54:01,770 [grpc-default-executor-0] WARN  server.GrpcLogAppender (LogUtils.java:warn(122)) - omNode-1@group-523986131536->omNode-3-AppendLogResponseHandler: Failed appendEntries: org.apache.ratis.thirdparty.io.grpc.StatusRuntimeException: UNAVAILABLE: io exception
2023-03-15 06:54:01,770 [grpc-default-executor-1] WARN  server.GrpcLogAppender (GrpcLogAppender.java:resetClient(131)) - omNode-1@group-523986131536->omNode-3-GrpcLogAppender: Leader has not got in touch with Follower omNode-1@group-523986131536->omNode-3(c-1,m0,n1, attendVote=true, lastRpcSendTime=259, lastRpcResponseTime=1994) yet, just keep nextIndex unchanged and retry.
2023-03-15 06:54:01,771 [grpc-default-executor-0] WARN  server.GrpcLogAppender (GrpcLogAppender.java:resetClient(131)) - omNode-1@group-523986131536->omNode-3-GrpcLogAppender: Leader has not got in touch with Follower omNode-1@group-523986131536->omNode-3(c-1,m0,n1, attendVote=true, lastRpcSendTime=260, lastRpcResponseTime=1995) yet, just keep nextIndex unchanged and retry.
2023-03-15 06:54:01,774 [grpc-default-executor-0] WARN  server.GrpcLogAppender (LogUtils.java:warn(122)) - omNode-1@group-523986131536->omNode-3-AppendLogResponseHandler: Failed appendEntries: org.apache.ratis.thirdparty.io.grpc.StatusRuntimeException: UNAVAILABLE: io exception
2023-03-15 06:54:01,775 [grpc-default-executor-1] WARN  server.GrpcLogAppender (LogUtils.java:warn(122)) - omNode-1@group-523986131536->omNode-3-AppendLogResponseHandler: Failed appendEntries: org.apache.ratis.thirdparty.io.grpc.StatusRuntimeException: UNAVAILABLE: io exception
2023-03-15 06:54:01,775 [grpc-default-executor-0] WARN  server.GrpcLogAppender (GrpcLogAppender.java:resetClient(131)) - omNode-1@group-523986131536->omNode-3-GrpcLogAppender: Leader has not got in touch with Follower omNode-1@group-523986131536->omNode-3(c-1,m0,n1, attendVote=true, lastRpcSendTime=264, lastRpcResponseTime=1999) yet, just keep nextIndex unchanged and retry.
2023-03-15 06:54:01,775 [grpc-default-executor-1] WARN  server.GrpcLogAppender (GrpcLogAppender.java:resetClient(131)) - omNode-1@group-523986131536->omNode-3-GrpcLogAppender: Leader has not got in touch with Follower omNode-1@group-523986131536->omNode-3(c-1,m0,n1, attendVote=true, lastRpcSendTime=264, lastRpcResponseTime=1999) yet, just keep nextIndex unchanged and retry.
2023-03-15 06:54:01,778 [grpc-default-executor-1] WARN  server.GrpcLogAppender (LogUtils.java:warn(122)) - omNode-1@group-523986131536->omNode-3-AppendLogResponseHandler: Failed appendEntries: org.apache.ratis.thirdparty.io.grpc.StatusRuntimeException: UNAVAILABLE: io exception
2023-03-15 06:54:01,778 [grpc-default-executor-0] WARN  server.GrpcLogAppender (LogUtils.java:warn(122)) - omNode-1@group-523986131536->omNode-3-AppendLogResponseHandler: Failed appendEntries: org.apache.ratis.thirdparty.io.grpc.StatusRuntimeException: UNAVAILABLE: io exception
2023-03-15 06:54:01,779 [grpc-default-executor-1] WARN  server.GrpcLogAppender (GrpcLogAppender.java:resetClient(131)) - omNode-1@group-523986131536->omNode-3-GrpcLogAppender: Leader has not got in touch with Follower omNode-1@group-523986131536->omNode-3(c-1,m0,n1, attendVote=true, lastRpcSendTime=268, lastRpcResponseTime=2003) yet, just keep nextIndex unchanged and retry.
2023-03-15 06:54:01,779 [grpc-default-executor-0] WARN  server.GrpcLogAppender (GrpcLogAppender.java:resetClient(131)) - omNode-1@group-523986131536->omNode-3-GrpcLogAppender: Leader has not got in touch with Follower omNode-1@group-523986131536->omNode-3(c-1,m0,n1, attendVote=true, lastRpcSendTime=268, lastRpcResponseTime=2003) yet, just keep nextIndex unchanged and retry.
2023-03-15 06:54:01,789 [grpc-default-executor-0] WARN  server.GrpcLogAppender (LogUtils.java:warn(122)) - omNode-1@group-523986131536->omNode-3-AppendLogResponseHandler: Failed appendEntries: org.apache.ratis.thirdparty.io.grpc.StatusRuntimeException: UNAVAILABLE: io exception
2023-03-15 06:54:01,789 [grpc-default-executor-1] WARN  server.GrpcLogAppender (LogUtils.java:warn(122)) - omNode-1@group-523986131536->omNode-3-AppendLogResponseHandler: Failed appendEntries: org.apache.ratis.thirdparty.io.grpc.StatusRuntimeException: UNAVAILABLE: io exception
2023-03-15 06:54:01,789 [grpc-default-executor-0] WARN  server.GrpcLogAppender (GrpcLogAppender.java:resetClient(131)) - omNode-1@group-523986131536->omNode-3-GrpcLogAppender: Leader has not got in touch with Follower omNode-1@group-523986131536->omNode-3(c-1,m0,n1, attendVote=true, lastRpcSendTime=278, lastRpcResponseTime=2013) yet, just keep nextIndex unchanged and retry.
2023-03-15 06:54:01,789 [grpc-default-executor-1] WARN  server.GrpcLogAppender (GrpcLogAppender.java:resetClient(131)) - omNode-1@group-523986131536->omNode-3-GrpcLogAppender: Leader has not got in touch with Follower omNode-1@group-523986131536->omNode-3(c-1,m0,n1, attendVote=true, lastRpcSendTime=278, lastRpcResponseTime=2013) yet, just keep nextIndex unchanged and retry.
2023-03-15 06:54:01,790 [Listener at 127.0.0.1/33597] INFO  reflections.Reflections (Reflections.java:scan(232)) - Reflections took 559 ms to scan 19 urls, producing 68 keys and 4936 values [using 2 cores]
2023-03-15 06:54:01,791 [Listener at 127.0.0.1/33597] INFO  ipc.CallQueueManager (CallQueueManager.java:<init>(90)) - Using callQueue: class java.util.concurrent.LinkedBlockingQueue, queueCapacity: 2000, scheduler: class org.apache.hadoop.ipc.DefaultRpcScheduler, ipcBackoff: false.
2023-03-15 06:54:01,791 [grpc-default-executor-1] WARN  server.GrpcLogAppender (LogUtils.java:warn(122)) - omNode-1@group-523986131536->omNode-3-AppendLogResponseHandler: Failed appendEntries: org.apache.ratis.thirdparty.io.grpc.StatusRuntimeException: UNAVAILABLE: io exception
2023-03-15 06:54:01,791 [Socket Reader #1 for port 45523] INFO  ipc.Server (Server.java:run(1273)) - Starting Socket Reader #1 for port 45523
2023-03-15 06:54:01,792 [grpc-default-executor-0] WARN  server.GrpcLogAppender (LogUtils.java:warn(122)) - omNode-1@group-523986131536->omNode-3-AppendLogResponseHandler: Failed appendEntries: org.apache.ratis.thirdparty.io.grpc.StatusRuntimeException: UNAVAILABLE: io exception
2023-03-15 06:54:01,794 [grpc-default-executor-1] WARN  server.GrpcLogAppender (GrpcLogAppender.java:resetClient(131)) - omNode-1@group-523986131536->omNode-3-GrpcLogAppender: Leader has not got in touch with Follower omNode-1@group-523986131536->omNode-3(c-1,m0,n1, attendVote=true, lastRpcSendTime=284, lastRpcResponseTime=2019) yet, just keep nextIndex unchanged and retry.
2023-03-15 06:54:01,795 [grpc-default-executor-0] WARN  server.GrpcLogAppender (GrpcLogAppender.java:resetClient(131)) - omNode-1@group-523986131536->omNode-3-GrpcLogAppender: Leader has not got in touch with Follower omNode-1@group-523986131536->omNode-3(c-1,m0,n1, attendVote=true, lastRpcSendTime=284, lastRpcResponseTime=2019) yet, just keep nextIndex unchanged and retry.
2023-03-15 06:54:01,796 [grpc-default-executor-0] WARN  server.GrpcLogAppender (LogUtils.java:warn(122)) - omNode-1@group-523986131536->omNode-3-AppendLogResponseHandler: Failed appendEntries: org.apache.ratis.thirdparty.io.grpc.StatusRuntimeException: UNAVAILABLE: io exception
2023-03-15 06:54:01,796 [grpc-default-executor-1] WARN  server.GrpcLogAppender (LogUtils.java:warn(122)) - omNode-1@group-523986131536->omNode-3-AppendLogResponseHandler: Failed appendEntries: org.apache.ratis.thirdparty.io.grpc.StatusRuntimeException: UNAVAILABLE: io exception
2023-03-15 06:54:01,797 [grpc-default-executor-0] WARN  server.GrpcLogAppender (GrpcLogAppender.java:resetClient(131)) - omNode-1@group-523986131536->omNode-3-GrpcLogAppender: Leader has not got in touch with Follower omNode-1@group-523986131536->omNode-3(c-1,m0,n1, attendVote=true, lastRpcSendTime=286, lastRpcResponseTime=2021) yet, just keep nextIndex unchanged and retry.
2023-03-15 06:54:01,797 [grpc-default-executor-1] WARN  server.GrpcLogAppender (GrpcLogAppender.java:resetClient(131)) - omNode-1@group-523986131536->omNode-3-GrpcLogAppender: Leader has not got in touch with Follower omNode-1@group-523986131536->omNode-3(c-1,m0,n1, attendVote=true, lastRpcSendTime=286, lastRpcResponseTime=2021) yet, just keep nextIndex unchanged and retry.
2023-03-15 06:54:01,798 [grpc-default-executor-1] WARN  server.GrpcLogAppender (LogUtils.java:warn(122)) - omNode-1@group-523986131536->omNode-3-AppendLogResponseHandler: Failed appendEntries: org.apache.ratis.thirdparty.io.grpc.StatusRuntimeException: UNAVAILABLE: io exception
2023-03-15 06:54:01,799 [grpc-default-executor-1] WARN  server.GrpcLogAppender (GrpcLogAppender.java:resetClient(131)) - omNode-1@group-523986131536->omNode-3-GrpcLogAppender: Leader has not got in touch with Follower omNode-1@group-523986131536->omNode-3(c-1,m0,n1, attendVote=true, lastRpcSendTime=288, lastRpcResponseTime=2023) yet, just keep nextIndex unchanged and retry.
2023-03-15 06:54:01,801 [grpc-default-executor-0] WARN  server.GrpcLogAppender (LogUtils.java:warn(122)) - omNode-1@group-523986131536->omNode-3-AppendLogResponseHandler: Failed appendEntries: org.apache.ratis.thirdparty.io.grpc.StatusRuntimeException: UNAVAILABLE: io exception
2023-03-15 06:54:01,801 [grpc-default-executor-0] WARN  server.GrpcLogAppender (GrpcLogAppender.java:resetClient(131)) - omNode-1@group-523986131536->omNode-3-GrpcLogAppender: Leader has not got in touch with Follower omNode-1@group-523986131536->omNode-3(c-1,m0,n1, attendVote=true, lastRpcSendTime=1, lastRpcResponseTime=2025) yet, just keep nextIndex unchanged and retry.
2023-03-15 06:54:01,802 [grpc-default-executor-1] WARN  server.GrpcLogAppender (LogUtils.java:warn(122)) - omNode-1@group-523986131536->omNode-3-AppendLogResponseHandler: Failed appendEntries: org.apache.ratis.thirdparty.io.grpc.StatusRuntimeException: UNAVAILABLE: io exception
2023-03-15 06:54:01,802 [grpc-default-executor-1] WARN  server.GrpcLogAppender (GrpcLogAppender.java:resetClient(131)) - omNode-1@group-523986131536->omNode-3-GrpcLogAppender: Leader has not got in touch with Follower omNode-1@group-523986131536->omNode-3(c-1,m0,n1, attendVote=true, lastRpcSendTime=2, lastRpcResponseTime=2027) yet, just keep nextIndex unchanged and retry.
2023-03-15 06:54:01,804 [grpc-default-executor-0] WARN  server.GrpcLogAppender (LogUtils.java:warn(122)) - omNode-1@group-523986131536->omNode-3-AppendLogResponseHandler: Failed appendEntries: org.apache.ratis.thirdparty.io.grpc.StatusRuntimeException: UNAVAILABLE: io exception
2023-03-15 06:54:01,804 [grpc-default-executor-0] WARN  server.GrpcLogAppender (GrpcLogAppender.java:resetClient(131)) - omNode-1@group-523986131536->omNode-3-GrpcLogAppender: Leader has not got in touch with Follower omNode-1@group-523986131536->omNode-3(c-1,m0,n1, attendVote=true, lastRpcSendTime=4, lastRpcResponseTime=2028) yet, just keep nextIndex unchanged and retry.
2023-03-15 06:54:01,815 [Listener at 127.0.0.1/45523] INFO  impl.MetricsSystemImpl (MetricsSystemImpl.java:init(158)) - OzoneManager metrics system started (again)
2023-03-15 06:54:01,827 [Listener at 127.0.0.1/45523] INFO  om.OzoneManager (OzoneManager.java:start(1564)) - OzoneManager RPC server is listening at localhost/127.0.0.1:45523
2023-03-15 06:54:01,827 [Listener at 127.0.0.1/45523] INFO  ratis.OzoneManagerRatisServer (OzoneManagerRatisServer.java:start(559)) - Starting OzoneManagerRatisServer omNode-3 at port 46017
2023-03-15 06:54:01,827 [omNode-3-impl-thread1] INFO  storage.RaftStorageDirectory (RaftStorageDirectoryImpl.java:analyzeStorage(137)) - The storage directory /home/runner/work/ozone/ozone/hadoop-ozone/integration-test/target/test-dir/MiniOzoneClusterImpl-88c1a39f-978e-429a-824f-6eda176bb531/omNode-3/ratis/c9bc4cf4-3bc3-3c60-a66b-523986131536 does not exist. Creating ...
2023-03-15 06:54:01,829 [omNode-3-impl-thread1] INFO  storage.RaftStorageDirectory (RaftStorageDirectoryImpl.java:tryLock(231)) - Lock on /home/runner/work/ozone/ozone/hadoop-ozone/integration-test/target/test-dir/MiniOzoneClusterImpl-88c1a39f-978e-429a-824f-6eda176bb531/omNode-3/ratis/c9bc4cf4-3bc3-3c60-a66b-523986131536/in_use.lock acquired by nodename 3629@fv-az210-452
2023-03-15 06:54:01,830 [omNode-3-impl-thread1] INFO  storage.RaftStorage (RaftStorageImpl.java:format(96)) - Storage directory /home/runner/work/ozone/ozone/hadoop-ozone/integration-test/target/test-dir/MiniOzoneClusterImpl-88c1a39f-978e-429a-824f-6eda176bb531/omNode-3/ratis/c9bc4cf4-3bc3-3c60-a66b-523986131536 has been successfully formatted.
2023-03-15 06:54:01,830 [omNode-3-impl-thread1] INFO  server.RaftServerConfigKeys (ConfUtils.java:logGet(46)) - raft.server.log.use.memory = false (default)
2023-03-15 06:54:01,830 [omNode-3-impl-thread1] INFO  server.RaftServerConfigKeys (ConfUtils.java:logGet(46)) - raft.server.log.purge.gap = 1000000 (custom)
2023-03-15 06:54:01,830 [omNode-3-impl-thread1] INFO  server.RaftServerConfigKeys (ConfUtils.java:logGet(46)) - raft.server.log.appender.buffer.byte-limit = 33554432 (custom)
2023-03-15 06:54:01,830 [omNode-3-impl-thread1] INFO  server.RaftServerConfigKeys (ConfUtils.java:logGet(46)) - raft.server.log.statemachine.data.read.timeout = 1000ms (default)
2023-03-15 06:54:01,830 [omNode-3-impl-thread1] INFO  server.RaftServerConfigKeys (ConfUtils.java:logGet(46)) - raft.server.log.purge.preservation.log.num = 0 (default)
2023-03-15 06:54:01,830 [omNode-3-impl-thread1] INFO  server.RaftServerConfigKeys (ConfUtils.java:logGet(46)) - raft.server.log.segment.size.max = 4194304 (custom)
2023-03-15 06:54:01,831 [omNode-3-impl-thread1] INFO  server.RaftServerConfigKeys (ConfUtils.java:logGet(46)) - raft.server.log.segment.cache.num.max = 2 (custom)
2023-03-15 06:54:01,831 [omNode-3-impl-thread1] INFO  server.RaftServerConfigKeys (ConfUtils.java:logGet(46)) - raft.server.log.segment.cache.size.max = 200MB (=209715200) (default)
2023-03-15 06:54:01,831 [omNode-3-impl-thread1] INFO  segmented.SegmentedRaftLogWorker (SegmentedRaftLogWorker.java:<init>(189)) - new omNode-3@group-523986131536-SegmentedRaftLogWorker for RaftStorageImpl:Storage Directory /home/runner/work/ozone/ozone/hadoop-ozone/integration-test/target/test-dir/MiniOzoneClusterImpl-88c1a39f-978e-429a-824f-6eda176bb531/omNode-3/ratis/c9bc4cf4-3bc3-3c60-a66b-523986131536
2023-03-15 06:54:01,831 [omNode-3-impl-thread1] INFO  server.RaftServerConfigKeys (ConfUtils.java:logGet(46)) - raft.server.log.queue.byte-limit = 64MB (=67108864) (default)
2023-03-15 06:54:01,831 [omNode-3-impl-thread1] INFO  server.RaftServerConfigKeys (ConfUtils.java:logGet(46)) - raft.server.log.queue.element-limit = 4096 (default)
2023-03-15 06:54:01,831 [omNode-3-impl-thread1] INFO  server.RaftServerConfigKeys (ConfUtils.java:logGet(46)) - raft.server.log.segment.size.max = 4194304 (custom)
2023-03-15 06:54:01,831 [omNode-3-impl-thread1] INFO  server.RaftServerConfigKeys (ConfUtils.java:logGet(46)) - raft.server.log.preallocated.size = 4194304 (custom)
2023-03-15 06:54:01,831 [omNode-3-impl-thread1] INFO  server.RaftServerConfigKeys (ConfUtils.java:logGet(46)) - raft.server.log.force.sync.num = 128 (default)
2023-03-15 06:54:01,831 [omNode-3-impl-thread1] INFO  server.RaftServerConfigKeys (ConfUtils.java:logGet(46)) - raft.server.log.statemachine.data.sync = true (default)
2023-03-15 06:54:01,831 [omNode-3-impl-thread1] INFO  server.RaftServerConfigKeys (ConfUtils.java:logGet(46)) - raft.server.log.statemachine.data.sync.timeout = 10s (default)
2023-03-15 06:54:01,831 [omNode-3-impl-thread1] INFO  server.RaftServerConfigKeys (ConfUtils.java:logGet(46)) - raft.server.log.statemachine.data.sync.timeout.retry = -1 (default)
2023-03-15 06:54:01,832 [omNode-3-impl-thread1] INFO  server.RaftServerConfigKeys (ConfUtils.java:logGet(46)) - raft.server.log.write.buffer.size = 64KB (=65536) (default)
2023-03-15 06:54:01,832 [omNode-3-impl-thread1] INFO  server.RaftServerConfigKeys (ConfUtils.java:logGet(46)) - raft.server.log.appender.buffer.byte-limit = 33554432 (custom)
2023-03-15 06:54:01,837 [omNode-3-impl-thread1] INFO  server.RaftServerConfigKeys (ConfUtils.java:logGet(46)) - raft.server.log.unsafe-flush.enabled = false (default)
2023-03-15 06:54:01,838 [omNode-3-impl-thread1] INFO  server.RaftServerConfigKeys (ConfUtils.java:logGet(46)) - raft.server.log.async-flush.enabled = false (default)
2023-03-15 06:54:01,838 [omNode-3-impl-thread1] INFO  server.RaftServerConfigKeys (ConfUtils.java:logGet(46)) - raft.server.log.statemachine.data.caching.enabled = false (default)
2023-03-15 06:54:01,838 [omNode-3-impl-thread1] INFO  segmented.SegmentedRaftLogWorker (SegmentedRaftLogWorker.java:lambda$new$0(135)) - omNode-3@group-523986131536-SegmentedRaftLogWorker: flushIndex: setUnconditionally 0 -> -1
2023-03-15 06:54:01,838 [omNode-3-impl-thread1] INFO  segmented.SegmentedRaftLogWorker (SegmentedRaftLogWorker.java:lambda$new$0(135)) - omNode-3@group-523986131536-SegmentedRaftLogWorker: safeCacheEvictIndex: setUnconditionally 0 -> -1
2023-03-15 06:54:01,838 [omNode-3-impl-thread1] INFO  server.RaftServer$Division (RaftServerImpl.java:start(334)) - omNode-3@group-523986131536: start as a follower, conf=-1: peers:[omNode-3|rpc:localhost:46017|priority:0|startupRole:FOLLOWER, omNode-1|rpc:localhost:41803|priority:0|startupRole:FOLLOWER, omNode-2|rpc:localhost:34703|priority:0|startupRole:FOLLOWER]|listeners:[], old=null
2023-03-15 06:54:01,838 [omNode-3-impl-thread1] INFO  server.RaftServer$Division (RaftServerImpl.java:setRole(321)) - omNode-3@group-523986131536: changes role from      null to FOLLOWER at term 0 for startAsFollower
2023-03-15 06:54:01,838 [omNode-3-impl-thread1] INFO  impl.RoleInfo (RoleInfo.java:updateAndGet(139)) - omNode-3: start omNode-3@group-523986131536-FollowerState
2023-03-15 06:54:01,838 [omNode-3-impl-thread1] INFO  util.JmxRegister (JmxRegister.java:tryRegister(44)) - Successfully registered JMX Bean with object name Ratis:service=RaftServer,group=group-523986131536,id=omNode-3
2023-03-15 06:54:01,839 [omNode-3-impl-thread1] INFO  server.RaftServerConfigKeys (ConfUtils.java:logGet(46)) - raft.server.snapshot.auto.trigger.enabled = true (custom)
2023-03-15 06:54:01,839 [omNode-3-impl-thread1] INFO  server.RaftServerConfigKeys (ConfUtils.java:logGet(46)) - raft.server.snapshot.auto.trigger.threshold = 400000 (default)
2023-03-15 06:54:01,839 [omNode-3-impl-thread1] INFO  server.RaftServerConfigKeys (ConfUtils.java:logGet(46)) - raft.server.snapshot.retention.file.num = -1 (default)
2023-03-15 06:54:01,839 [omNode-3-impl-thread1] INFO  server.RaftServerConfigKeys (ConfUtils.java:logGet(46)) - raft.server.log.purge.upto.snapshot.index = true (custom)
2023-03-15 06:54:01,839 [omNode-3@group-523986131536-FollowerState] INFO  server.RaftServerConfigKeys (ConfUtils.java:logFallback(53)) - raft.server.rpc.first-election.timeout.min = 1s (fallback to raft.server.rpc.timeout.min)
2023-03-15 06:54:01,839 [omNode-3@group-523986131536-FollowerState] INFO  server.RaftServerConfigKeys (ConfUtils.java:logFallback(53)) - raft.server.rpc.first-election.timeout.max = 1200ms (fallback to raft.server.rpc.timeout.max)
2023-03-15 06:54:01,839 [Listener at 127.0.0.1/45523] INFO  server.RaftServer (RaftServerProxy.java:startImpl(393)) - omNode-3: start RPC server
2023-03-15 06:54:01,843 [Listener at 127.0.0.1/45523] INFO  server.GrpcService (GrpcService.java:startImpl(262)) - omNode-3: GrpcService started, listening on 46017
2023-03-15 06:54:01,844 [Listener at 127.0.0.1/45523] INFO  om.OzoneManager (OzoneManager.java:start(1580)) - Version File has different layout version (3) than OM DB (null). That is expected if this OM has never been finalized to a newer layout version.
2023-03-15 06:54:01,844 [JvmPauseMonitor14] INFO  util.JvmPauseMonitor (JvmPauseMonitor.java:run(105)) - JvmPauseMonitor-omNode-3: Started
2023-03-15 06:54:01,849 [Listener at 127.0.0.1/45523] INFO  http.BaseHttpServer (BaseHttpServer.java:newHttpServer2BuilderForOzone(224)) - Starting Web-server for ozoneManager at: http://0.0.0.0:43727
2023-03-15 06:54:01,849 [Listener at 127.0.0.1/45523] INFO  http.BaseHttpServer (BaseHttpServer.java:<init>(111)) - Hadoop Security Enabled: false Ozone Security Enabled: false Ozone HTTP Security Enabled: false 
2023-03-15 06:54:01,850 [Listener at 127.0.0.1/45523] WARN  server.AuthenticationFilter (AuthenticationFilter.java:constructSecretProvider(240)) - Unable to initialize FileSignerSecretProvider, falling back to use random secrets. Reason: Could not read signature secret file: /home/runner/hadoop-http-auth-signature-secret
2023-03-15 06:54:01,853 [Listener at 127.0.0.1/45523] WARN  http.HttpRequestLog (HttpRequestLog.java:getRequestLog(103)) - Jetty request log can only be enabled using Log4j
2023-03-15 06:54:01,854 [Listener at 127.0.0.1/45523] INFO  http.HttpServer2 (HttpServer2.java:addGlobalFilter(1031)) - Added global filter 'safety' (class=org.apache.hadoop.hdds.server.http.HttpServer2$QuotingInputFilter)
2023-03-15 06:54:01,854 [Listener at 127.0.0.1/45523] INFO  http.HttpServer2 (HttpServer2.java:addFilter(1007)) - Added filter static_user_filter (class=org.apache.hadoop.http.lib.StaticUserWebFilter$StaticUserFilter) to context ozoneManager
2023-03-15 06:54:01,855 [Listener at 127.0.0.1/45523] INFO  http.HttpServer2 (HttpServer2.java:addFilter(1015)) - Added filter static_user_filter (class=org.apache.hadoop.http.lib.StaticUserWebFilter$StaticUserFilter) to context logs
2023-03-15 06:54:01,855 [Listener at 127.0.0.1/45523] INFO  http.HttpServer2 (HttpServer2.java:addFilter(1015)) - Added filter static_user_filter (class=org.apache.hadoop.http.lib.StaticUserWebFilter$StaticUserFilter) to context static
2023-03-15 06:54:01,855 [Listener at 127.0.0.1/45523] INFO  http.BaseHttpServer (BaseHttpServer.java:<init>(190)) - HTTP server of ozoneManager uses base directory /home/runner/work/ozone/ozone/hadoop-ozone/integration-test/target/test-dir/MiniOzoneClusterImpl-88c1a39f-978e-429a-824f-6eda176bb531/omNode-3/webserver
2023-03-15 06:54:01,855 [Listener at 127.0.0.1/45523] INFO  http.HttpServer2 (HttpServer2.java:bindListener(1250)) - Jetty bound to port 43727
2023-03-15 06:54:01,855 [Listener at 127.0.0.1/45523] INFO  server.Server (Server.java:doStart(375)) - jetty-9.4.49.v20220914; built: 2022-09-14T01:07:36.601Z; git: 4231a3b2e4cb8548a412a789936d640a97b1aa0a; jvm 1.8.0_362-b09
2023-03-15 06:54:01,861 [Listener at 127.0.0.1/45523] INFO  server.session (DefaultSessionIdManager.java:doStart(334)) - DefaultSessionIdManager workerName=node0
2023-03-15 06:54:01,862 [Listener at 127.0.0.1/45523] INFO  server.session (DefaultSessionIdManager.java:doStart(339)) - No SessionScavenger set, using defaults
2023-03-15 06:54:01,862 [Listener at 127.0.0.1/45523] INFO  server.session (HouseKeeper.java:startScavenging(132)) - node0 Scavenging every 660000ms
2023-03-15 06:54:01,862 [Listener at 127.0.0.1/45523] INFO  handler.ContextHandler (ContextHandler.java:doStart(921)) - Started o.e.j.s.ServletContextHandler@3c67a72d{logs,/logs,file:///home/runner/work/ozone/ozone/hadoop-ozone/integration-test/target/log,AVAILABLE}
2023-03-15 06:54:01,863 [Listener at 127.0.0.1/45523] INFO  handler.ContextHandler (ContextHandler.java:doStart(921)) - Started o.e.j.s.ServletContextHandler@607564f9{static,/static,file:///home/runner/work/ozone/ozone/hadoop-ozone/integration-test/target/test-classes/webapps/static,AVAILABLE}
2023-03-15 06:54:01,866 [Listener at 127.0.0.1/45523] INFO  handler.ContextHandler (ContextHandler.java:doStart(921)) - Started o.e.j.w.WebAppContext@42a70abb{ozoneManager,/,file:///home/runner/work/ozone/ozone/hadoop-ozone/integration-test/target/test-classes/webapps/ozoneManager/,AVAILABLE}{file:/home/runner/work/ozone/ozone/hadoop-ozone/integration-test/target/test-classes/webapps/ozoneManager}
2023-03-15 06:54:01,871 [Listener at 127.0.0.1/45523] INFO  server.AbstractConnector (AbstractConnector.java:doStart(333)) - Started ServerConnector@758f7aab{HTTP/1.1, (http/1.1)}{0.0.0.0:43727}
2023-03-15 06:54:01,871 [Listener at 127.0.0.1/45523] INFO  server.Server (Server.java:doStart(415)) - Started @131362ms
2023-03-15 06:54:01,872 [Listener at 127.0.0.1/45523] WARN  impl.MetricsSystemImpl (MetricsSystemImpl.java:register(279)) - Sink prometheus already exists!
2023-03-15 06:54:01,873 [Listener at 127.0.0.1/45523] INFO  http.BaseHttpServer (BaseHttpServer.java:updateConnectorAddress(344)) - HTTP server of ozoneManager listening at http://0.0.0.0:43727
2023-03-15 06:54:01,874 [IPC Server Responder] INFO  ipc.Server (Server.java:run(1512)) - IPC Server Responder: starting
2023-03-15 06:54:01,879 [IPC Server listener on 45523] INFO  ipc.Server (Server.java:run(1352)) - IPC Server listener on 45523: starting
2023-03-15 06:54:01,880 [Listener at 127.0.0.1/45523] INFO  om.OzoneManager (OzoneManager.java:startTrashEmptier(2051)) - Trash Interval set to 0. Files deleted won't move to trash
2023-03-15 06:54:01,881 [Listener at 127.0.0.1/45523] INFO  ozone.MiniOzoneHAClusterImpl (MiniOzoneHAClusterImpl.java:createOMService(527)) - Started OzoneManager omNode-3 RPC server at localhost/127.0.0.1:45523
2023-03-15 06:54:01,881 [org.apache.hadoop.util.JvmPauseMonitor$Monitor@16ba8911] INFO  util.JvmPauseMonitor (JvmPauseMonitor.java:run(188)) - Starting JVM pause monitor
2023-03-15 06:54:01,894 [Listener at 127.0.0.1/45523] WARN  impl.MetricRegistriesImpl (MetricRegistriesImpl.java:addReporterRegistration(111)) - New reporters are added after registries were created. Some metrics will be missing from the reporter. Please add reporter before adding any new registry.
2023-03-15 06:54:01,895 [Listener at 127.0.0.1/45523] WARN  impl.MetricRegistriesImpl (MetricRegistriesImpl.java:addReporterRegistration(111)) - New reporters are added after registries were created. Some metrics will be missing from the reporter. Please add reporter before adding any new registry.
2023-03-15 06:54:01,895 [Listener at 127.0.0.1/45523] INFO  impl.MetricsSystemImpl (MetricsSystemImpl.java:init(158)) - HddsDatanode metrics system started (again)
2023-03-15 06:54:01,912 [Listener at 127.0.0.1/45523] INFO  ozone.HddsDatanodeService (HddsDatanodeService.java:start(229)) - HddsDatanodeService host:fv-az210-452.jgpbknbp5ljuxny3rrcz4t2bbd.bx.internal.cloudapp.net ip:10.1.0.130
2023-03-15 06:54:01,942 [Listener at 127.0.0.1/45523] INFO  upgrade.AbstractLayoutVersionManager (AbstractLayoutVersionManager.java:init(83)) - Initializing Layout version manager with metadata layout = DATANODE_SCHEMA_V3 (version = 4), software layout = DATANODE_SCHEMA_V3 (version = 4)
2023-03-15 06:54:01,992 [Listener at 127.0.0.1/45523] INFO  reflections.Reflections (Reflections.java:scan(232)) - Reflections took 49 ms to scan 7 urls, producing 155 keys and 368 values 
2023-03-15 06:54:01,994 [Listener at 127.0.0.1/45523] INFO  statemachine.DatanodeStateMachine (DatanodeStateMachine.java:getEndPointTaskThreadPoolSize(260)) - Datanode State Machine Task Thread Pool size 2
2023-03-15 06:54:01,995 [Listener at 127.0.0.1/45523] INFO  volume.HddsVolume (HddsVolume.java:<init>(122)) - Creating HddsVolume: /home/runner/work/ozone/ozone/hadoop-ozone/integration-test/target/test-dir/MiniOzoneClusterImpl-88c1a39f-978e-429a-824f-6eda176bb531/datanode-0/data-0/containers/hdds of storage type : DISK capacity : 9223372036854775807
2023-03-15 06:54:01,995 [Listener at 127.0.0.1/45523] INFO  volume.MutableVolumeSet (MutableVolumeSet.java:initializeVolumeSet(174)) - Added Volume : /home/runner/work/ozone/ozone/hadoop-ozone/integration-test/target/test-dir/MiniOzoneClusterImpl-88c1a39f-978e-429a-824f-6eda176bb531/datanode-0/data-0/containers/hdds to VolumeSet
2023-03-15 06:54:01,996 [Listener at 127.0.0.1/45523] INFO  volume.ThrottledAsyncChecker (ThrottledAsyncChecker.java:schedule(141)) - Scheduling a check for /home/runner/work/ozone/ozone/hadoop-ozone/integration-test/target/test-dir/MiniOzoneClusterImpl-88c1a39f-978e-429a-824f-6eda176bb531/datanode-0/data-0/containers/hdds
2023-03-15 06:54:01,996 [Listener at 127.0.0.1/45523] INFO  volume.StorageVolumeChecker (StorageVolumeChecker.java:checkAllVolumes(202)) - Scheduled health check for volume /home/runner/work/ozone/ozone/hadoop-ozone/integration-test/target/test-dir/MiniOzoneClusterImpl-88c1a39f-978e-429a-824f-6eda176bb531/datanode-0/data-0/containers/hdds
2023-03-15 06:54:01,999 [EndpointStateMachine task thread for /0.0.0.0:39779 - 0 ] INFO  ipc.Client (Client.java:handleConnectionFailure(1010)) - Retrying connect to server: 0.0.0.0/0.0.0.0:39779. Already tried 6 time(s); retry policy is RetryUpToMaximumCountWithFixedSleep(maxRetries=15, sleepTime=1000 MILLISECONDS)
2023-03-15 06:54:02,009 [Listener at 127.0.0.1/45523] INFO  volume.MutableVolumeSet (MutableVolumeSet.java:initializeVolumeSet(174)) - Added Volume : /home/runner/work/ozone/ozone/hadoop-ozone/integration-test/target/test-dir/MiniOzoneClusterImpl-88c1a39f-978e-429a-824f-6eda176bb531/datanode-0/data/ratis to VolumeSet
2023-03-15 06:54:02,009 [Listener at 127.0.0.1/45523] INFO  volume.ThrottledAsyncChecker (ThrottledAsyncChecker.java:schedule(141)) - Scheduling a check for /home/runner/work/ozone/ozone/hadoop-ozone/integration-test/target/test-dir/MiniOzoneClusterImpl-88c1a39f-978e-429a-824f-6eda176bb531/datanode-0/data/ratis
2023-03-15 06:54:02,010 [Listener at 127.0.0.1/45523] INFO  volume.StorageVolumeChecker (StorageVolumeChecker.java:checkAllVolumes(202)) - Scheduled health check for volume /home/runner/work/ozone/ozone/hadoop-ozone/integration-test/target/test-dir/MiniOzoneClusterImpl-88c1a39f-978e-429a-824f-6eda176bb531/datanode-0/data/ratis
2023-03-15 06:54:02,021 [Thread-15514] INFO  ozoneimpl.ContainerReader (ContainerReader.java:readVolume(175)) - Finish verifying containers on volume /home/runner/work/ozone/ozone/hadoop-ozone/integration-test/target/test-dir/MiniOzoneClusterImpl-88c1a39f-978e-429a-824f-6eda176bb531/datanode-0/data-0/containers/hdds
2023-03-15 06:54:02,021 [Listener at 127.0.0.1/45523] INFO  ozoneimpl.OzoneContainer (OzoneContainer.java:buildContainerSet(307)) - Build ContainerSet costs 0s
2023-03-15 06:54:02,023 [Listener at 127.0.0.1/45523] INFO  server.RaftServer (ConfUtils.java:logGet(46)) - raft.rpc.type = GRPC (default)
2023-03-15 06:54:02,023 [Listener at 127.0.0.1/45523] INFO  grpc.GrpcConfigKeys (ConfUtils.java:logFallback(53)) - raft.grpc.admin.host = null (fallback to raft.grpc.server.host)
2023-03-15 06:54:02,023 [Listener at 127.0.0.1/45523] INFO  grpc.GrpcConfigKeys (ConfUtils.java:logGet(46)) - raft.grpc.admin.port = 0 (custom)
2023-03-15 06:54:02,023 [Listener at 127.0.0.1/45523] INFO  grpc.GrpcConfigKeys (ConfUtils.java:logFallback(53)) - raft.grpc.client.host = null (fallback to raft.grpc.server.host)
2023-03-15 06:54:02,023 [Listener at 127.0.0.1/45523] INFO  grpc.GrpcConfigKeys (ConfUtils.java:logGet(46)) - raft.grpc.client.port = 0 (custom)
2023-03-15 06:54:02,024 [Listener at 127.0.0.1/45523] INFO  grpc.GrpcConfigKeys (ConfUtils.java:logGet(46)) - raft.grpc.server.host = null (default)
2023-03-15 06:54:02,024 [Listener at 127.0.0.1/45523] INFO  grpc.GrpcConfigKeys (ConfUtils.java:logGet(46)) - raft.grpc.server.port = 0 (default)
2023-03-15 06:54:02,024 [Listener at 127.0.0.1/45523] INFO  server.GrpcService (ConfUtils.java:logGet(46)) - raft.grpc.message.size.max = 32MB (=33554432) (custom)
2023-03-15 06:54:02,024 [Listener at 127.0.0.1/45523] INFO  server.RaftServerConfigKeys (ConfUtils.java:logGet(46)) - raft.server.log.appender.buffer.byte-limit = 33554432 (custom)
2023-03-15 06:54:02,024 [Listener at 127.0.0.1/45523] INFO  server.GrpcService (ConfUtils.java:logGet(46)) - raft.grpc.flow.control.window = 5MB (=5242880) (custom)
2023-03-15 06:54:02,024 [Listener at 127.0.0.1/45523] INFO  server.RaftServerConfigKeys (ConfUtils.java:logGet(46)) - raft.server.rpc.request.timeout = 60s (custom)
2023-03-15 06:54:02,024 [Listener at 127.0.0.1/45523] INFO  grpc.GrpcConfigKeys (ConfUtils.java:logGet(46)) - raft.grpc.server.heartbeat.channel = true (default)
2023-03-15 06:54:02,024 [Listener at 127.0.0.1/45523] INFO  grpc.GrpcConfigKeys (ConfUtils.java:logGet(46)) - raft.grpc.server.async.request.thread.pool.cached = true (default)
2023-03-15 06:54:02,025 [Listener at 127.0.0.1/45523] INFO  grpc.GrpcConfigKeys (ConfUtils.java:logGet(46)) - raft.grpc.server.async.request.thread.pool.size = 32 (default)
2023-03-15 06:54:02,026 [Listener at 127.0.0.1/45523] INFO  impl.DataStreamServerImpl (ConfUtils.java:logGet(46)) - raft.datastream.type = NETTY (custom)
2023-03-15 06:54:02,026 [Listener at 127.0.0.1/45523] INFO  server.RaftServerConfigKeys (ConfUtils.java:logGet(46)) - raft.server.data-stream.async.request.thread.pool.cached = false (default)
2023-03-15 06:54:02,026 [Listener at 127.0.0.1/45523] INFO  server.RaftServerConfigKeys (ConfUtils.java:logGet(46)) - raft.server.data-stream.async.request.thread.pool.size = 20 (custom)
2023-03-15 06:54:02,026 [Listener at 127.0.0.1/45523] INFO  server.RaftServerConfigKeys (ConfUtils.java:logGet(46)) - raft.server.data-stream.async.write.thread.pool.size = 16 (default)
2023-03-15 06:54:02,026 [Listener at 127.0.0.1/45523] INFO  server.RaftServerConfigKeys (ConfUtils.java:logGet(46)) - raft.server.data-stream.client.pool.size = 10 (default)
2023-03-15 06:54:02,026 [Listener at 127.0.0.1/45523] INFO  netty.NettyConfigKeys$DataStream (ConfUtils.java:logGet(46)) - raft.netty.dataStream.server.use-epoll = false (default)
2023-03-15 06:54:02,026 [Listener at 127.0.0.1/45523] INFO  netty.NettyConfigKeys$DataStream (ConfUtils.java:logGet(46)) - raft.netty.dataStream.server.boss-group.size = 0 (default)
2023-03-15 06:54:02,027 [Listener at 127.0.0.1/45523] INFO  netty.NettyConfigKeys$DataStream (ConfUtils.java:logGet(46)) - raft.netty.dataStream.server.worker-group.size = 0 (default)
2023-03-15 06:54:02,027 [Listener at 127.0.0.1/45523] INFO  netty.NettyConfigKeys$DataStream (ConfUtils.java:logGet(46)) - raft.netty.dataStream.server.tls.conf = null (default)
2023-03-15 06:54:02,027 [Listener at 127.0.0.1/45523] INFO  netty.NettyConfigKeys$DataStream (ConfUtils.java:logGet(46)) - raft.netty.dataStream.host = null (default)
2023-03-15 06:54:02,027 [Listener at 127.0.0.1/45523] INFO  netty.NettyConfigKeys$DataStream (ConfUtils.java:logGet(46)) - raft.netty.dataStream.port = 0 (default)
2023-03-15 06:54:02,028 [Listener at 127.0.0.1/45523] INFO  server.RaftServerConfigKeys (ConfUtils.java:logGet(46)) - raft.server.threadpool.proxy.cached = true (default)
2023-03-15 06:54:02,028 [Listener at 127.0.0.1/45523] INFO  server.RaftServerConfigKeys (ConfUtils.java:logGet(46)) - raft.server.threadpool.proxy.size = 0 (default)
2023-03-15 06:54:02,028 [Listener at 127.0.0.1/45523] INFO  server.RaftServerConfigKeys (ConfUtils.java:logGet(46)) - raft.server.rpc.slowness.timeout = 300s (custom)
2023-03-15 06:54:02,028 [Listener at 127.0.0.1/45523] INFO  server.RaftServerConfigKeys (ConfUtils.java:logGet(46)) - raft.server.leaderelection.leader.step-down.wait-time = 10s (default)
2023-03-15 06:54:02,028 [Listener at 127.0.0.1/45523] INFO  server.RaftServerConfigKeys (ConfUtils.java:logGet(46)) - raft.server.storage.dir = [/home/runner/work/ozone/ozone/hadoop-ozone/integration-test/target/test-dir/MiniOzoneClusterImpl-88c1a39f-978e-429a-824f-6eda176bb531/datanode-0/data/ratis] (custom)
2023-03-15 06:54:02,029 [2285727f-3b37-43a1-be03-08405d345bae-NettyServerStreamRpc-bossGroup--thread1] INFO  logging.LoggingHandler (AbstractInternalLogger.java:log(148)) - [id: 0x9990e215] REGISTERED
2023-03-15 06:54:02,029 [2285727f-3b37-43a1-be03-08405d345bae-NettyServerStreamRpc-bossGroup--thread1] INFO  logging.LoggingHandler (AbstractInternalLogger.java:log(148)) - [id: 0x9990e215] BIND: 0.0.0.0/0.0.0.0:0
2023-03-15 06:54:02,029 [2285727f-3b37-43a1-be03-08405d345bae-NettyServerStreamRpc-bossGroup--thread1] INFO  logging.LoggingHandler (AbstractInternalLogger.java:log(148)) - [id: 0x9990e215, L:/0:0:0:0:0:0:0:0:34937] ACTIVE
2023-03-15 06:54:02,030 [Listener at 127.0.0.1/45523] INFO  server.XceiverServerGrpc (XceiverServerGrpc.java:<init>(132)) - GrpcServer channel type EpollServerSocketChannel
2023-03-15 06:54:02,035 [Listener at 127.0.0.1/45523] INFO  http.BaseHttpServer (BaseHttpServer.java:newHttpServer2BuilderForOzone(224)) - Starting Web-server for hddsDatanode at: http://0.0.0.0:0
2023-03-15 06:54:02,035 [Listener at 127.0.0.1/45523] INFO  http.BaseHttpServer (BaseHttpServer.java:<init>(111)) - Hadoop Security Enabled: false Ozone Security Enabled: false Ozone HTTP Security Enabled: false 
2023-03-15 06:54:02,037 [Listener at 127.0.0.1/45523] WARN  server.AuthenticationFilter (AuthenticationFilter.java:constructSecretProvider(240)) - Unable to initialize FileSignerSecretProvider, falling back to use random secrets. Reason: Could not read signature secret file: /home/runner/hadoop-http-auth-signature-secret
2023-03-15 06:54:02,037 [Listener at 127.0.0.1/45523] WARN  http.HttpRequestLog (HttpRequestLog.java:getRequestLog(103)) - Jetty request log can only be enabled using Log4j
2023-03-15 06:54:02,038 [Listener at 127.0.0.1/45523] INFO  http.HttpServer2 (HttpServer2.java:addGlobalFilter(1031)) - Added global filter 'safety' (class=org.apache.hadoop.hdds.server.http.HttpServer2$QuotingInputFilter)
2023-03-15 06:54:02,039 [Listener at 127.0.0.1/45523] INFO  http.HttpServer2 (HttpServer2.java:addFilter(1007)) - Added filter static_user_filter (class=org.apache.hadoop.http.lib.StaticUserWebFilter$StaticUserFilter) to context hddsDatanode
2023-03-15 06:54:02,039 [Listener at 127.0.0.1/45523] INFO  http.HttpServer2 (HttpServer2.java:addFilter(1015)) - Added filter static_user_filter (class=org.apache.hadoop.http.lib.StaticUserWebFilter$StaticUserFilter) to context logs
2023-03-15 06:54:02,039 [Listener at 127.0.0.1/45523] INFO  http.HttpServer2 (HttpServer2.java:addFilter(1015)) - Added filter static_user_filter (class=org.apache.hadoop.http.lib.StaticUserWebFilter$StaticUserFilter) to context static
2023-03-15 06:54:02,039 [Listener at 127.0.0.1/45523] INFO  http.BaseHttpServer (BaseHttpServer.java:<init>(190)) - HTTP server of hddsDatanode uses base directory /home/runner/work/ozone/ozone/hadoop-ozone/integration-test/target/test-dir/MiniOzoneClusterImpl-88c1a39f-978e-429a-824f-6eda176bb531/datanode-0/meta/webserver
2023-03-15 06:54:02,039 [Listener at 127.0.0.1/45523] INFO  http.HttpServer2 (HttpServer2.java:bindListener(1250)) - Jetty bound to port 41561
2023-03-15 06:54:02,040 [Listener at 127.0.0.1/45523] INFO  server.Server (Server.java:doStart(375)) - jetty-9.4.49.v20220914; built: 2022-09-14T01:07:36.601Z; git: 4231a3b2e4cb8548a412a789936d640a97b1aa0a; jvm 1.8.0_362-b09
2023-03-15 06:54:02,041 [Listener at 127.0.0.1/45523] INFO  server.session (DefaultSessionIdManager.java:doStart(334)) - DefaultSessionIdManager workerName=node0
2023-03-15 06:54:02,042 [Listener at 127.0.0.1/45523] INFO  server.session (DefaultSessionIdManager.java:doStart(339)) - No SessionScavenger set, using defaults
2023-03-15 06:54:02,042 [Listener at 127.0.0.1/45523] INFO  server.session (HouseKeeper.java:startScavenging(132)) - node0 Scavenging every 660000ms
2023-03-15 06:54:02,042 [Listener at 127.0.0.1/45523] INFO  handler.ContextHandler (ContextHandler.java:doStart(921)) - Started o.e.j.s.ServletContextHandler@7c6ff21b{logs,/logs,file:///home/runner/work/ozone/ozone/hadoop-ozone/integration-test/target/log,AVAILABLE}
2023-03-15 06:54:02,043 [Listener at 127.0.0.1/45523] INFO  handler.ContextHandler (ContextHandler.java:doStart(921)) - Started o.e.j.s.ServletContextHandler@3a7cffa5{static,/static,jar:file:/home/runner/.m2/repository/org/apache/ozone/hdds-container-service/1.4.0-SNAPSHOT/hdds-container-service-1.4.0-SNAPSHOT.jar!/webapps/static,AVAILABLE}
2023-03-15 06:54:02,051 [grpc-default-executor-0] WARN  server.GrpcLogAppender (LogUtils.java:warn(122)) - omNode-1@group-523986131536->omNode-3-AppendLogResponseHandler: Failed appendEntries: org.apache.ratis.thirdparty.io.grpc.StatusRuntimeException: UNAVAILABLE: io exception
2023-03-15 06:54:02,051 [grpc-default-executor-0] WARN  server.GrpcLogAppender (GrpcLogAppender.java:resetClient(131)) - omNode-1@group-523986131536->omNode-3-GrpcLogAppender: Leader has not got in touch with Follower omNode-1@group-523986131536->omNode-3(c-1,m0,n1, attendVote=true, lastRpcSendTime=0, lastRpcResponseTime=2276) yet, just keep nextIndex unchanged and retry.
2023-03-15 06:54:02,052 [grpc-default-executor-1] WARN  server.GrpcLogAppender (LogUtils.java:warn(122)) - omNode-1@group-523986131536->omNode-3-AppendLogResponseHandler: Failed appendEntries: org.apache.ratis.thirdparty.io.grpc.StatusRuntimeException: UNAVAILABLE: io exception
2023-03-15 06:54:02,052 [grpc-default-executor-1] WARN  server.GrpcLogAppender (GrpcLogAppender.java:resetClient(131)) - omNode-1@group-523986131536->omNode-3-GrpcLogAppender: Leader has not got in touch with Follower omNode-1@group-523986131536->omNode-3(c-1,m0,n1, attendVote=true, lastRpcSendTime=0, lastRpcResponseTime=2276) yet, just keep nextIndex unchanged and retry.
2023-03-15 06:54:02,270 [Listener at 127.0.0.1/45523] INFO  handler.ContextHandler (ContextHandler.java:doStart(921)) - Started o.e.j.w.WebAppContext@78332334{hddsDatanode,/,file:///home/runner/work/ozone/ozone/hadoop-ozone/integration-test/target/test-dir/MiniOzoneClusterImpl-88c1a39f-978e-429a-824f-6eda176bb531/datanode-0/meta/webserver/jetty-0_0_0_0-41561-hdds-container-service-1_4_0-SNAPSHOT_jar-_-any-9141545786354859724/webapp/,AVAILABLE}{jar:file:/home/runner/.m2/repository/org/apache/ozone/hdds-container-service/1.4.0-SNAPSHOT/hdds-container-service-1.4.0-SNAPSHOT.jar!/webapps/hddsDatanode}
2023-03-15 06:54:02,272 [Listener at 127.0.0.1/45523] INFO  server.AbstractConnector (AbstractConnector.java:doStart(333)) - Started ServerConnector@1ef8a18e{HTTP/1.1, (http/1.1)}{0.0.0.0:41561}
2023-03-15 06:54:02,272 [Listener at 127.0.0.1/45523] INFO  server.Server (Server.java:doStart(415)) - Started @131763ms
2023-03-15 06:54:02,272 [Listener at 127.0.0.1/45523] WARN  impl.MetricsSystemImpl (MetricsSystemImpl.java:register(279)) - Sink prometheus already exists!
2023-03-15 06:54:02,273 [Listener at 127.0.0.1/45523] INFO  http.BaseHttpServer (BaseHttpServer.java:updateConnectorAddress(344)) - HTTP server of hddsDatanode listening at http://0.0.0.0:41561
2023-03-15 06:54:02,274 [Listener at 127.0.0.1/45523] WARN  impl.MetricRegistriesImpl (MetricRegistriesImpl.java:addReporterRegistration(111)) - New reporters are added after registries were created. Some metrics will be missing from the reporter. Please add reporter before adding any new registry.
2023-03-15 06:54:02,274 [Listener at 127.0.0.1/45523] WARN  impl.MetricRegistriesImpl (MetricRegistriesImpl.java:addReporterRegistration(111)) - New reporters are added after registries were created. Some metrics will be missing from the reporter. Please add reporter before adding any new registry.
2023-03-15 06:54:02,274 [Listener at 127.0.0.1/45523] INFO  impl.MetricsSystemImpl (MetricsSystemImpl.java:init(158)) - HddsDatanode metrics system started (again)
2023-03-15 06:54:02,281 [Datanode State Machine Daemon Thread] INFO  statemachine.DatanodeStateMachine (DatanodeStateMachine.java:lambda$startDaemon$0(517)) - Ozone container server started.
2023-03-15 06:54:02,288 [Listener at 127.0.0.1/45523] INFO  ozone.HddsDatanodeService (HddsDatanodeService.java:start(229)) - HddsDatanodeService host:fv-az210-452.jgpbknbp5ljuxny3rrcz4t2bbd.bx.internal.cloudapp.net ip:10.1.0.130
2023-03-15 06:54:02,289 [org.apache.hadoop.util.JvmPauseMonitor$Monitor@44cba92c] INFO  util.JvmPauseMonitor (JvmPauseMonitor.java:run(188)) - Starting JVM pause monitor
2023-03-15 06:54:02,291 [Datanode State Machine Task Thread - 0] INFO  datanode.InitDatanodeState (InitDatanodeState.java:persistContainerDatanodeDetails(138)) - DatanodeDetails is persisted to /home/runner/work/ozone/ozone/hadoop-ozone/integration-test/target/test-dir/MiniOzoneClusterImpl-88c1a39f-978e-429a-824f-6eda176bb531/datanode-0/meta/datanode.id
2023-03-15 06:54:02,306 [omNode-3-server-thread1] INFO  server.RaftServer$Division (ServerState.java:setLeader(313)) - omNode-3@group-523986131536: change Leader from null to omNode-1 at term 1 for appendEntries, leader elected after 1073ms
2023-03-15 06:54:02,306 [omNode-3-server-thread1] INFO  server.RaftServer$Division (RaftServerImpl.java:checkInconsistentAppendEntries(1508)) - omNode-3@group-523986131536: Failed appendEntries as previous log entry ((t:1, i:0)) is not found
2023-03-15 06:54:02,306 [omNode-3-server-thread1] INFO  server.RaftServer$Division (RaftServerImpl.java:checkInconsistentAppendEntries(1478)) - omNode-3@group-523986131536: inconsistency entries. Reply:omNode-1<-omNode-3#615939:FAIL-t0,INCONSISTENCY,nextIndex=0,followerCommit=-1,matchIndex=-1
2023-03-15 06:54:02,307 [grpc-default-executor-13] INFO  leader.FollowerInfo (FollowerInfoImpl.java:lambda$new$0(48)) - omNode-1@group-523986131536->omNode-3: nextIndex: updateUnconditionally 1 -> 0
2023-03-15 06:54:02,309 [omNode-3-server-thread1] INFO  server.RaftServer$Division (ServerState.java:setRaftConf(430)) - omNode-3@group-523986131536: set configuration 0: peers:[omNode-3|rpc:localhost:46017|admin:|client:|dataStream:|priority:0|startupRole:FOLLOWER, omNode-1|rpc:localhost:41803|admin:|client:|dataStream:|priority:0|startupRole:FOLLOWER, omNode-2|rpc:localhost:34703|admin:|client:|dataStream:|priority:0|startupRole:FOLLOWER]|listeners:[], old=null
2023-03-15 06:54:02,309 [omNode-3-server-thread1] INFO  segmented.SegmentedRaftLogWorker (SegmentedRaftLogWorker.java:startLogSegment(452)) - omNode-3@group-523986131536-SegmentedRaftLogWorker: Starting segment from index:0
2023-03-15 06:54:02,309 [Listener at 127.0.0.1/45523] INFO  upgrade.AbstractLayoutVersionManager (AbstractLayoutVersionManager.java:init(83)) - Initializing Layout version manager with metadata layout = DATANODE_SCHEMA_V3 (version = 4), software layout = DATANODE_SCHEMA_V3 (version = 4)
2023-03-15 06:54:02,322 [omNode-3@group-523986131536-SegmentedRaftLogWorker] INFO  segmented.SegmentedRaftLogWorker (SegmentedRaftLogWorker.java:execute(656)) - omNode-3@group-523986131536-SegmentedRaftLogWorker: created new log segment /home/runner/work/ozone/ozone/hadoop-ozone/integration-test/target/test-dir/MiniOzoneClusterImpl-88c1a39f-978e-429a-824f-6eda176bb531/omNode-3/ratis/c9bc4cf4-3bc3-3c60-a66b-523986131536/current/log_inprogress_0
2023-03-15 06:54:02,323 [omNode-3@group-523986131536-StateMachineUpdater] INFO  ratis.OzoneManagerStateMachine (OzoneManagerStateMachine.java:notifyConfigurationChanged(192)) - Received Configuration change notification from Ratis. New Peer list:
[id: "omNode-3"
address: "localhost:46017"
startupRole: FOLLOWER
, id: "omNode-1"
address: "localhost:41803"
startupRole: FOLLOWER
, id: "omNode-2"
address: "localhost:34703"
startupRole: FOLLOWER
]
2023-03-15 06:54:02,371 [Listener at 127.0.0.1/45523] INFO  reflections.Reflections (Reflections.java:scan(232)) - Reflections took 61 ms to scan 7 urls, producing 155 keys and 368 values 
2023-03-15 06:54:02,372 [Listener at 127.0.0.1/45523] INFO  statemachine.DatanodeStateMachine (DatanodeStateMachine.java:getEndPointTaskThreadPoolSize(260)) - Datanode State Machine Task Thread Pool size 2
2023-03-15 06:54:02,374 [Listener at 127.0.0.1/45523] INFO  volume.HddsVolume (HddsVolume.java:<init>(122)) - Creating HddsVolume: /home/runner/work/ozone/ozone/hadoop-ozone/integration-test/target/test-dir/MiniOzoneClusterImpl-88c1a39f-978e-429a-824f-6eda176bb531/datanode-1/data-0/containers/hdds of storage type : DISK capacity : 9223372036854775807
2023-03-15 06:54:02,374 [Listener at 127.0.0.1/45523] INFO  volume.MutableVolumeSet (MutableVolumeSet.java:initializeVolumeSet(174)) - Added Volume : /home/runner/work/ozone/ozone/hadoop-ozone/integration-test/target/test-dir/MiniOzoneClusterImpl-88c1a39f-978e-429a-824f-6eda176bb531/datanode-1/data-0/containers/hdds to VolumeSet
2023-03-15 06:54:02,374 [Listener at 127.0.0.1/45523] INFO  volume.ThrottledAsyncChecker (ThrottledAsyncChecker.java:schedule(141)) - Scheduling a check for /home/runner/work/ozone/ozone/hadoop-ozone/integration-test/target/test-dir/MiniOzoneClusterImpl-88c1a39f-978e-429a-824f-6eda176bb531/datanode-1/data-0/containers/hdds
2023-03-15 06:54:02,375 [Listener at 127.0.0.1/45523] INFO  volume.StorageVolumeChecker (StorageVolumeChecker.java:checkAllVolumes(202)) - Scheduled health check for volume /home/runner/work/ozone/ozone/hadoop-ozone/integration-test/target/test-dir/MiniOzoneClusterImpl-88c1a39f-978e-429a-824f-6eda176bb531/datanode-1/data-0/containers/hdds
2023-03-15 06:54:02,388 [Listener at 127.0.0.1/45523] INFO  volume.MutableVolumeSet (MutableVolumeSet.java:initializeVolumeSet(174)) - Added Volume : /home/runner/work/ozone/ozone/hadoop-ozone/integration-test/target/test-dir/MiniOzoneClusterImpl-88c1a39f-978e-429a-824f-6eda176bb531/datanode-1/data/ratis to VolumeSet
2023-03-15 06:54:02,388 [Listener at 127.0.0.1/45523] INFO  volume.ThrottledAsyncChecker (ThrottledAsyncChecker.java:schedule(141)) - Scheduling a check for /home/runner/work/ozone/ozone/hadoop-ozone/integration-test/target/test-dir/MiniOzoneClusterImpl-88c1a39f-978e-429a-824f-6eda176bb531/datanode-1/data/ratis
2023-03-15 06:54:02,389 [Listener at 127.0.0.1/45523] INFO  volume.StorageVolumeChecker (StorageVolumeChecker.java:checkAllVolumes(202)) - Scheduled health check for volume /home/runner/work/ozone/ozone/hadoop-ozone/integration-test/target/test-dir/MiniOzoneClusterImpl-88c1a39f-978e-429a-824f-6eda176bb531/datanode-1/data/ratis
2023-03-15 06:54:02,403 [Thread-15529] INFO  ozoneimpl.ContainerReader (ContainerReader.java:readVolume(175)) - Finish verifying containers on volume /home/runner/work/ozone/ozone/hadoop-ozone/integration-test/target/test-dir/MiniOzoneClusterImpl-88c1a39f-978e-429a-824f-6eda176bb531/datanode-1/data-0/containers/hdds
2023-03-15 06:54:02,403 [Listener at 127.0.0.1/45523] INFO  ozoneimpl.OzoneContainer (OzoneContainer.java:buildContainerSet(307)) - Build ContainerSet costs 0s
2023-03-15 06:54:02,405 [Listener at 127.0.0.1/45523] INFO  server.RaftServer (ConfUtils.java:logGet(46)) - raft.rpc.type = GRPC (default)
2023-03-15 06:54:02,405 [Listener at 127.0.0.1/45523] INFO  grpc.GrpcConfigKeys (ConfUtils.java:logFallback(53)) - raft.grpc.admin.host = null (fallback to raft.grpc.server.host)
2023-03-15 06:54:02,405 [Listener at 127.0.0.1/45523] INFO  grpc.GrpcConfigKeys (ConfUtils.java:logGet(46)) - raft.grpc.admin.port = 0 (custom)
2023-03-15 06:54:02,405 [Listener at 127.0.0.1/45523] INFO  grpc.GrpcConfigKeys (ConfUtils.java:logFallback(53)) - raft.grpc.client.host = null (fallback to raft.grpc.server.host)
2023-03-15 06:54:02,406 [Listener at 127.0.0.1/45523] INFO  grpc.GrpcConfigKeys (ConfUtils.java:logGet(46)) - raft.grpc.client.port = 0 (custom)
2023-03-15 06:54:02,406 [Listener at 127.0.0.1/45523] INFO  grpc.GrpcConfigKeys (ConfUtils.java:logGet(46)) - raft.grpc.server.host = null (default)
2023-03-15 06:54:02,407 [Listener at 127.0.0.1/45523] INFO  grpc.GrpcConfigKeys (ConfUtils.java:logGet(46)) - raft.grpc.server.port = 0 (default)
2023-03-15 06:54:02,407 [Listener at 127.0.0.1/45523] INFO  server.GrpcService (ConfUtils.java:logGet(46)) - raft.grpc.message.size.max = 32MB (=33554432) (custom)
2023-03-15 06:54:02,407 [Listener at 127.0.0.1/45523] INFO  server.RaftServerConfigKeys (ConfUtils.java:logGet(46)) - raft.server.log.appender.buffer.byte-limit = 33554432 (custom)
2023-03-15 06:54:02,407 [Listener at 127.0.0.1/45523] INFO  server.GrpcService (ConfUtils.java:logGet(46)) - raft.grpc.flow.control.window = 5MB (=5242880) (custom)
2023-03-15 06:54:02,407 [Listener at 127.0.0.1/45523] INFO  server.RaftServerConfigKeys (ConfUtils.java:logGet(46)) - raft.server.rpc.request.timeout = 60s (custom)
2023-03-15 06:54:02,407 [Listener at 127.0.0.1/45523] INFO  grpc.GrpcConfigKeys (ConfUtils.java:logGet(46)) - raft.grpc.server.heartbeat.channel = true (default)
2023-03-15 06:54:02,408 [Listener at 127.0.0.1/45523] INFO  grpc.GrpcConfigKeys (ConfUtils.java:logGet(46)) - raft.grpc.server.async.request.thread.pool.cached = true (default)
2023-03-15 06:54:02,408 [Listener at 127.0.0.1/45523] INFO  grpc.GrpcConfigKeys (ConfUtils.java:logGet(46)) - raft.grpc.server.async.request.thread.pool.size = 32 (default)
2023-03-15 06:54:02,409 [Listener at 127.0.0.1/45523] INFO  impl.DataStreamServerImpl (ConfUtils.java:logGet(46)) - raft.datastream.type = NETTY (custom)
2023-03-15 06:54:02,409 [Listener at 127.0.0.1/45523] INFO  server.RaftServerConfigKeys (ConfUtils.java:logGet(46)) - raft.server.data-stream.async.request.thread.pool.cached = false (default)
2023-03-15 06:54:02,409 [Listener at 127.0.0.1/45523] INFO  server.RaftServerConfigKeys (ConfUtils.java:logGet(46)) - raft.server.data-stream.async.request.thread.pool.size = 20 (custom)
2023-03-15 06:54:02,410 [Listener at 127.0.0.1/45523] INFO  server.RaftServerConfigKeys (ConfUtils.java:logGet(46)) - raft.server.data-stream.async.write.thread.pool.size = 16 (default)
2023-03-15 06:54:02,410 [Listener at 127.0.0.1/45523] INFO  server.RaftServerConfigKeys (ConfUtils.java:logGet(46)) - raft.server.data-stream.client.pool.size = 10 (default)
2023-03-15 06:54:02,410 [Listener at 127.0.0.1/45523] INFO  netty.NettyConfigKeys$DataStream (ConfUtils.java:logGet(46)) - raft.netty.dataStream.server.use-epoll = false (default)
2023-03-15 06:54:02,410 [Listener at 127.0.0.1/45523] INFO  netty.NettyConfigKeys$DataStream (ConfUtils.java:logGet(46)) - raft.netty.dataStream.server.boss-group.size = 0 (default)
2023-03-15 06:54:02,411 [Listener at 127.0.0.1/45523] INFO  netty.NettyConfigKeys$DataStream (ConfUtils.java:logGet(46)) - raft.netty.dataStream.server.worker-group.size = 0 (default)
2023-03-15 06:54:02,411 [Listener at 127.0.0.1/45523] INFO  netty.NettyConfigKeys$DataStream (ConfUtils.java:logGet(46)) - raft.netty.dataStream.server.tls.conf = null (default)
2023-03-15 06:54:02,411 [Listener at 127.0.0.1/45523] INFO  netty.NettyConfigKeys$DataStream (ConfUtils.java:logGet(46)) - raft.netty.dataStream.host = null (default)
2023-03-15 06:54:02,411 [Listener at 127.0.0.1/45523] INFO  netty.NettyConfigKeys$DataStream (ConfUtils.java:logGet(46)) - raft.netty.dataStream.port = 0 (default)
2023-03-15 06:54:02,412 [Listener at 127.0.0.1/45523] INFO  server.RaftServerConfigKeys (ConfUtils.java:logGet(46)) - raft.server.threadpool.proxy.cached = true (default)
2023-03-15 06:54:02,412 [Listener at 127.0.0.1/45523] INFO  server.RaftServerConfigKeys (ConfUtils.java:logGet(46)) - raft.server.threadpool.proxy.size = 0 (default)
2023-03-15 06:54:02,412 [Listener at 127.0.0.1/45523] INFO  server.RaftServerConfigKeys (ConfUtils.java:logGet(46)) - raft.server.rpc.slowness.timeout = 300s (custom)
2023-03-15 06:54:02,412 [Listener at 127.0.0.1/45523] INFO  server.RaftServerConfigKeys (ConfUtils.java:logGet(46)) - raft.server.leaderelection.leader.step-down.wait-time = 10s (default)
2023-03-15 06:54:02,412 [Listener at 127.0.0.1/45523] INFO  server.RaftServerConfigKeys (ConfUtils.java:logGet(46)) - raft.server.storage.dir = [/home/runner/work/ozone/ozone/hadoop-ozone/integration-test/target/test-dir/MiniOzoneClusterImpl-88c1a39f-978e-429a-824f-6eda176bb531/datanode-1/data/ratis] (custom)
2023-03-15 06:54:02,412 [1879f368-bd18-45a9-b41b-331daa2ef38f-NettyServerStreamRpc-bossGroup--thread1] INFO  logging.LoggingHandler (AbstractInternalLogger.java:log(148)) - [id: 0xbfa0af28] REGISTERED
2023-03-15 06:54:02,414 [1879f368-bd18-45a9-b41b-331daa2ef38f-NettyServerStreamRpc-bossGroup--thread1] INFO  logging.LoggingHandler (AbstractInternalLogger.java:log(148)) - [id: 0xbfa0af28] BIND: 0.0.0.0/0.0.0.0:0
2023-03-15 06:54:02,415 [1879f368-bd18-45a9-b41b-331daa2ef38f-NettyServerStreamRpc-bossGroup--thread1] INFO  logging.LoggingHandler (AbstractInternalLogger.java:log(148)) - [id: 0xbfa0af28, L:/0:0:0:0:0:0:0:0:41255] ACTIVE
2023-03-15 06:54:02,415 [Listener at 127.0.0.1/45523] INFO  server.XceiverServerGrpc (XceiverServerGrpc.java:<init>(132)) - GrpcServer channel type EpollServerSocketChannel
2023-03-15 06:54:02,419 [Listener at 127.0.0.1/45523] INFO  http.BaseHttpServer (BaseHttpServer.java:newHttpServer2BuilderForOzone(224)) - Starting Web-server for hddsDatanode at: http://0.0.0.0:0
2023-03-15 06:54:02,419 [Listener at 127.0.0.1/45523] INFO  http.BaseHttpServer (BaseHttpServer.java:<init>(111)) - Hadoop Security Enabled: false Ozone Security Enabled: false Ozone HTTP Security Enabled: false 
2023-03-15 06:54:02,423 [Listener at 127.0.0.1/45523] WARN  server.AuthenticationFilter (AuthenticationFilter.java:constructSecretProvider(240)) - Unable to initialize FileSignerSecretProvider, falling back to use random secrets. Reason: Could not read signature secret file: /home/runner/hadoop-http-auth-signature-secret
2023-03-15 06:54:02,423 [Listener at 127.0.0.1/45523] WARN  http.HttpRequestLog (HttpRequestLog.java:getRequestLog(103)) - Jetty request log can only be enabled using Log4j
2023-03-15 06:54:02,424 [Listener at 127.0.0.1/45523] INFO  http.HttpServer2 (HttpServer2.java:addGlobalFilter(1031)) - Added global filter 'safety' (class=org.apache.hadoop.hdds.server.http.HttpServer2$QuotingInputFilter)
2023-03-15 06:54:02,425 [Listener at 127.0.0.1/45523] INFO  http.HttpServer2 (HttpServer2.java:addFilter(1007)) - Added filter static_user_filter (class=org.apache.hadoop.http.lib.StaticUserWebFilter$StaticUserFilter) to context hddsDatanode
2023-03-15 06:54:02,425 [Listener at 127.0.0.1/45523] INFO  http.HttpServer2 (HttpServer2.java:addFilter(1015)) - Added filter static_user_filter (class=org.apache.hadoop.http.lib.StaticUserWebFilter$StaticUserFilter) to context static
2023-03-15 06:54:02,425 [Listener at 127.0.0.1/45523] INFO  http.HttpServer2 (HttpServer2.java:addFilter(1015)) - Added filter static_user_filter (class=org.apache.hadoop.http.lib.StaticUserWebFilter$StaticUserFilter) to context logs
2023-03-15 06:54:02,426 [Listener at 127.0.0.1/45523] INFO  http.BaseHttpServer (BaseHttpServer.java:<init>(190)) - HTTP server of hddsDatanode uses base directory /home/runner/work/ozone/ozone/hadoop-ozone/integration-test/target/test-dir/MiniOzoneClusterImpl-88c1a39f-978e-429a-824f-6eda176bb531/datanode-1/meta/webserver
2023-03-15 06:54:02,426 [Listener at 127.0.0.1/45523] INFO  http.HttpServer2 (HttpServer2.java:bindListener(1250)) - Jetty bound to port 44519
2023-03-15 06:54:02,426 [Listener at 127.0.0.1/45523] INFO  server.Server (Server.java:doStart(375)) - jetty-9.4.49.v20220914; built: 2022-09-14T01:07:36.601Z; git: 4231a3b2e4cb8548a412a789936d640a97b1aa0a; jvm 1.8.0_362-b09
2023-03-15 06:54:02,427 [Listener at 127.0.0.1/45523] INFO  server.session (DefaultSessionIdManager.java:doStart(334)) - DefaultSessionIdManager workerName=node0
2023-03-15 06:54:02,428 [Listener at 127.0.0.1/45523] INFO  server.session (DefaultSessionIdManager.java:doStart(339)) - No SessionScavenger set, using defaults
2023-03-15 06:54:02,432 [Listener at 127.0.0.1/45523] INFO  server.session (HouseKeeper.java:startScavenging(132)) - node0 Scavenging every 660000ms
2023-03-15 06:54:02,434 [Listener at 127.0.0.1/45523] INFO  handler.ContextHandler (ContextHandler.java:doStart(921)) - Started o.e.j.s.ServletContextHandler@6213104f{logs,/logs,file:///home/runner/work/ozone/ozone/hadoop-ozone/integration-test/target/log,AVAILABLE}
2023-03-15 06:54:02,434 [Listener at 127.0.0.1/45523] INFO  handler.ContextHandler (ContextHandler.java:doStart(921)) - Started o.e.j.s.ServletContextHandler@3601da5{static,/static,jar:file:/home/runner/.m2/repository/org/apache/ozone/hdds-container-service/1.4.0-SNAPSHOT/hdds-container-service-1.4.0-SNAPSHOT.jar!/webapps/static,AVAILABLE}
2023-03-15 06:54:02,659 [Listener at 127.0.0.1/45523] INFO  handler.ContextHandler (ContextHandler.java:doStart(921)) - Started o.e.j.w.WebAppContext@5c9c1238{hddsDatanode,/,file:///home/runner/work/ozone/ozone/hadoop-ozone/integration-test/target/test-dir/MiniOzoneClusterImpl-88c1a39f-978e-429a-824f-6eda176bb531/datanode-1/meta/webserver/jetty-0_0_0_0-44519-hdds-container-service-1_4_0-SNAPSHOT_jar-_-any-1468208539281638482/webapp/,AVAILABLE}{jar:file:/home/runner/.m2/repository/org/apache/ozone/hdds-container-service/1.4.0-SNAPSHOT/hdds-container-service-1.4.0-SNAPSHOT.jar!/webapps/hddsDatanode}
2023-03-15 06:54:02,663 [Listener at 127.0.0.1/45523] INFO  server.AbstractConnector (AbstractConnector.java:doStart(333)) - Started ServerConnector@626dcea4{HTTP/1.1, (http/1.1)}{0.0.0.0:44519}
2023-03-15 06:54:02,664 [Listener at 127.0.0.1/45523] INFO  server.Server (Server.java:doStart(415)) - Started @132154ms
2023-03-15 06:54:02,664 [Listener at 127.0.0.1/45523] WARN  impl.MetricsSystemImpl (MetricsSystemImpl.java:register(279)) - Sink prometheus already exists!
2023-03-15 06:54:02,664 [Listener at 127.0.0.1/45523] INFO  http.BaseHttpServer (BaseHttpServer.java:updateConnectorAddress(344)) - HTTP server of hddsDatanode listening at http://0.0.0.0:44519
2023-03-15 06:54:02,670 [Listener at 127.0.0.1/45523] WARN  impl.MetricRegistriesImpl (MetricRegistriesImpl.java:addReporterRegistration(111)) - New reporters are added after registries were created. Some metrics will be missing from the reporter. Please add reporter before adding any new registry.
2023-03-15 06:54:02,670 [Listener at 127.0.0.1/45523] WARN  impl.MetricRegistriesImpl (MetricRegistriesImpl.java:addReporterRegistration(111)) - New reporters are added after registries were created. Some metrics will be missing from the reporter. Please add reporter before adding any new registry.
2023-03-15 06:54:02,671 [Listener at 127.0.0.1/45523] INFO  impl.MetricsSystemImpl (MetricsSystemImpl.java:init(158)) - HddsDatanode metrics system started (again)
2023-03-15 06:54:02,672 [Datanode State Machine Daemon Thread] INFO  statemachine.DatanodeStateMachine (DatanodeStateMachine.java:lambda$startDaemon$0(517)) - Ozone container server started.
2023-03-15 06:54:02,684 [org.apache.hadoop.util.JvmPauseMonitor$Monitor@71751968] INFO  util.JvmPauseMonitor (JvmPauseMonitor.java:run(188)) - Starting JVM pause monitor
2023-03-15 06:54:02,685 [Listener at 127.0.0.1/45523] INFO  ozone.HddsDatanodeService (HddsDatanodeService.java:start(229)) - HddsDatanodeService host:fv-az210-452.jgpbknbp5ljuxny3rrcz4t2bbd.bx.internal.cloudapp.net ip:10.1.0.130
2023-03-15 06:54:02,687 [Datanode State Machine Task Thread - 0] INFO  datanode.InitDatanodeState (InitDatanodeState.java:persistContainerDatanodeDetails(138)) - DatanodeDetails is persisted to /home/runner/work/ozone/ozone/hadoop-ozone/integration-test/target/test-dir/MiniOzoneClusterImpl-88c1a39f-978e-429a-824f-6eda176bb531/datanode-1/meta/datanode.id
2023-03-15 06:54:02,707 [Listener at 127.0.0.1/45523] INFO  upgrade.AbstractLayoutVersionManager (AbstractLayoutVersionManager.java:init(83)) - Initializing Layout version manager with metadata layout = DATANODE_SCHEMA_V3 (version = 4), software layout = DATANODE_SCHEMA_V3 (version = 4)
2023-03-15 06:54:02,759 [Listener at 127.0.0.1/45523] INFO  reflections.Reflections (Reflections.java:scan(232)) - Reflections took 51 ms to scan 7 urls, producing 155 keys and 368 values 
2023-03-15 06:54:02,761 [Listener at 127.0.0.1/45523] INFO  statemachine.DatanodeStateMachine (DatanodeStateMachine.java:getEndPointTaskThreadPoolSize(260)) - Datanode State Machine Task Thread Pool size 2
2023-03-15 06:54:02,762 [Listener at 127.0.0.1/45523] INFO  volume.HddsVolume (HddsVolume.java:<init>(122)) - Creating HddsVolume: /home/runner/work/ozone/ozone/hadoop-ozone/integration-test/target/test-dir/MiniOzoneClusterImpl-88c1a39f-978e-429a-824f-6eda176bb531/datanode-2/data-0/containers/hdds of storage type : DISK capacity : 9223372036854775807
2023-03-15 06:54:02,763 [Listener at 127.0.0.1/45523] INFO  volume.MutableVolumeSet (MutableVolumeSet.java:initializeVolumeSet(174)) - Added Volume : /home/runner/work/ozone/ozone/hadoop-ozone/integration-test/target/test-dir/MiniOzoneClusterImpl-88c1a39f-978e-429a-824f-6eda176bb531/datanode-2/data-0/containers/hdds to VolumeSet
2023-03-15 06:54:02,763 [Listener at 127.0.0.1/45523] INFO  volume.ThrottledAsyncChecker (ThrottledAsyncChecker.java:schedule(141)) - Scheduling a check for /home/runner/work/ozone/ozone/hadoop-ozone/integration-test/target/test-dir/MiniOzoneClusterImpl-88c1a39f-978e-429a-824f-6eda176bb531/datanode-2/data-0/containers/hdds
2023-03-15 06:54:02,763 [Listener at 127.0.0.1/45523] INFO  volume.StorageVolumeChecker (StorageVolumeChecker.java:checkAllVolumes(202)) - Scheduled health check for volume /home/runner/work/ozone/ozone/hadoop-ozone/integration-test/target/test-dir/MiniOzoneClusterImpl-88c1a39f-978e-429a-824f-6eda176bb531/datanode-2/data-0/containers/hdds
2023-03-15 06:54:02,775 [Listener at 127.0.0.1/45523] INFO  volume.MutableVolumeSet (MutableVolumeSet.java:initializeVolumeSet(174)) - Added Volume : /home/runner/work/ozone/ozone/hadoop-ozone/integration-test/target/test-dir/MiniOzoneClusterImpl-88c1a39f-978e-429a-824f-6eda176bb531/datanode-2/data/ratis to VolumeSet
2023-03-15 06:54:02,775 [Listener at 127.0.0.1/45523] INFO  volume.ThrottledAsyncChecker (ThrottledAsyncChecker.java:schedule(141)) - Scheduling a check for /home/runner/work/ozone/ozone/hadoop-ozone/integration-test/target/test-dir/MiniOzoneClusterImpl-88c1a39f-978e-429a-824f-6eda176bb531/datanode-2/data/ratis
2023-03-15 06:54:02,776 [Listener at 127.0.0.1/45523] INFO  volume.StorageVolumeChecker (StorageVolumeChecker.java:checkAllVolumes(202)) - Scheduled health check for volume /home/runner/work/ozone/ozone/hadoop-ozone/integration-test/target/test-dir/MiniOzoneClusterImpl-88c1a39f-978e-429a-824f-6eda176bb531/datanode-2/data/ratis
2023-03-15 06:54:02,788 [Thread-15543] INFO  ozoneimpl.ContainerReader (ContainerReader.java:readVolume(175)) - Finish verifying containers on volume /home/runner/work/ozone/ozone/hadoop-ozone/integration-test/target/test-dir/MiniOzoneClusterImpl-88c1a39f-978e-429a-824f-6eda176bb531/datanode-2/data-0/containers/hdds
2023-03-15 06:54:02,789 [Listener at 127.0.0.1/45523] INFO  ozoneimpl.OzoneContainer (OzoneContainer.java:buildContainerSet(307)) - Build ContainerSet costs 0s
2023-03-15 06:54:02,790 [Listener at 127.0.0.1/45523] INFO  server.RaftServer (ConfUtils.java:logGet(46)) - raft.rpc.type = GRPC (default)
2023-03-15 06:54:02,791 [Listener at 127.0.0.1/45523] INFO  grpc.GrpcConfigKeys (ConfUtils.java:logFallback(53)) - raft.grpc.admin.host = null (fallback to raft.grpc.server.host)
2023-03-15 06:54:02,791 [Listener at 127.0.0.1/45523] INFO  grpc.GrpcConfigKeys (ConfUtils.java:logGet(46)) - raft.grpc.admin.port = 0 (custom)
2023-03-15 06:54:02,791 [Listener at 127.0.0.1/45523] INFO  grpc.GrpcConfigKeys (ConfUtils.java:logFallback(53)) - raft.grpc.client.host = null (fallback to raft.grpc.server.host)
2023-03-15 06:54:02,791 [Listener at 127.0.0.1/45523] INFO  grpc.GrpcConfigKeys (ConfUtils.java:logGet(46)) - raft.grpc.client.port = 0 (custom)
2023-03-15 06:54:02,791 [Listener at 127.0.0.1/45523] INFO  grpc.GrpcConfigKeys (ConfUtils.java:logGet(46)) - raft.grpc.server.host = null (default)
2023-03-15 06:54:02,791 [Listener at 127.0.0.1/45523] INFO  grpc.GrpcConfigKeys (ConfUtils.java:logGet(46)) - raft.grpc.server.port = 0 (default)
2023-03-15 06:54:02,791 [Listener at 127.0.0.1/45523] INFO  server.GrpcService (ConfUtils.java:logGet(46)) - raft.grpc.message.size.max = 32MB (=33554432) (custom)
2023-03-15 06:54:02,791 [Listener at 127.0.0.1/45523] INFO  server.RaftServerConfigKeys (ConfUtils.java:logGet(46)) - raft.server.log.appender.buffer.byte-limit = 33554432 (custom)
2023-03-15 06:54:02,792 [Listener at 127.0.0.1/45523] INFO  server.GrpcService (ConfUtils.java:logGet(46)) - raft.grpc.flow.control.window = 5MB (=5242880) (custom)
2023-03-15 06:54:02,792 [Listener at 127.0.0.1/45523] INFO  server.RaftServerConfigKeys (ConfUtils.java:logGet(46)) - raft.server.rpc.request.timeout = 60s (custom)
2023-03-15 06:54:02,792 [Listener at 127.0.0.1/45523] INFO  grpc.GrpcConfigKeys (ConfUtils.java:logGet(46)) - raft.grpc.server.heartbeat.channel = true (default)
2023-03-15 06:54:02,792 [Listener at 127.0.0.1/45523] INFO  grpc.GrpcConfigKeys (ConfUtils.java:logGet(46)) - raft.grpc.server.async.request.thread.pool.cached = true (default)
2023-03-15 06:54:02,792 [Listener at 127.0.0.1/45523] INFO  grpc.GrpcConfigKeys (ConfUtils.java:logGet(46)) - raft.grpc.server.async.request.thread.pool.size = 32 (default)
2023-03-15 06:54:02,793 [Listener at 127.0.0.1/45523] INFO  impl.DataStreamServerImpl (ConfUtils.java:logGet(46)) - raft.datastream.type = NETTY (custom)
2023-03-15 06:54:02,793 [Listener at 127.0.0.1/45523] INFO  server.RaftServerConfigKeys (ConfUtils.java:logGet(46)) - raft.server.data-stream.async.request.thread.pool.cached = false (default)
2023-03-15 06:54:02,793 [Listener at 127.0.0.1/45523] INFO  server.RaftServerConfigKeys (ConfUtils.java:logGet(46)) - raft.server.data-stream.async.request.thread.pool.size = 20 (custom)
2023-03-15 06:54:02,793 [Listener at 127.0.0.1/45523] INFO  server.RaftServerConfigKeys (ConfUtils.java:logGet(46)) - raft.server.data-stream.async.write.thread.pool.size = 16 (default)
2023-03-15 06:54:02,794 [Listener at 127.0.0.1/45523] INFO  server.RaftServerConfigKeys (ConfUtils.java:logGet(46)) - raft.server.data-stream.client.pool.size = 10 (default)
2023-03-15 06:54:02,794 [Listener at 127.0.0.1/45523] INFO  netty.NettyConfigKeys$DataStream (ConfUtils.java:logGet(46)) - raft.netty.dataStream.server.use-epoll = false (default)
2023-03-15 06:54:02,794 [Listener at 127.0.0.1/45523] INFO  netty.NettyConfigKeys$DataStream (ConfUtils.java:logGet(46)) - raft.netty.dataStream.server.boss-group.size = 0 (default)
2023-03-15 06:54:02,794 [Listener at 127.0.0.1/45523] INFO  netty.NettyConfigKeys$DataStream (ConfUtils.java:logGet(46)) - raft.netty.dataStream.server.worker-group.size = 0 (default)
2023-03-15 06:54:02,794 [Listener at 127.0.0.1/45523] INFO  netty.NettyConfigKeys$DataStream (ConfUtils.java:logGet(46)) - raft.netty.dataStream.server.tls.conf = null (default)
2023-03-15 06:54:02,795 [Listener at 127.0.0.1/45523] INFO  netty.NettyConfigKeys$DataStream (ConfUtils.java:logGet(46)) - raft.netty.dataStream.host = null (default)
2023-03-15 06:54:02,795 [Listener at 127.0.0.1/45523] INFO  netty.NettyConfigKeys$DataStream (ConfUtils.java:logGet(46)) - raft.netty.dataStream.port = 0 (default)
2023-03-15 06:54:02,795 [Listener at 127.0.0.1/45523] INFO  server.RaftServerConfigKeys (ConfUtils.java:logGet(46)) - raft.server.threadpool.proxy.cached = true (default)
2023-03-15 06:54:02,795 [Listener at 127.0.0.1/45523] INFO  server.RaftServerConfigKeys (ConfUtils.java:logGet(46)) - raft.server.threadpool.proxy.size = 0 (default)
2023-03-15 06:54:02,795 [Listener at 127.0.0.1/45523] INFO  server.RaftServerConfigKeys (ConfUtils.java:logGet(46)) - raft.server.rpc.slowness.timeout = 300s (custom)
2023-03-15 06:54:02,795 [af97f91c-1465-457e-8a10-e9683affa9d2-NettyServerStreamRpc-bossGroup--thread1] INFO  logging.LoggingHandler (AbstractInternalLogger.java:log(148)) - [id: 0x18d395a8] REGISTERED
2023-03-15 06:54:02,795 [Listener at 127.0.0.1/45523] INFO  server.RaftServerConfigKeys (ConfUtils.java:logGet(46)) - raft.server.leaderelection.leader.step-down.wait-time = 10s (default)
2023-03-15 06:54:02,796 [af97f91c-1465-457e-8a10-e9683affa9d2-NettyServerStreamRpc-bossGroup--thread1] INFO  logging.LoggingHandler (AbstractInternalLogger.java:log(148)) - [id: 0x18d395a8] BIND: 0.0.0.0/0.0.0.0:0
2023-03-15 06:54:02,796 [Listener at 127.0.0.1/45523] INFO  server.RaftServerConfigKeys (ConfUtils.java:logGet(46)) - raft.server.storage.dir = [/home/runner/work/ozone/ozone/hadoop-ozone/integration-test/target/test-dir/MiniOzoneClusterImpl-88c1a39f-978e-429a-824f-6eda176bb531/datanode-2/data/ratis] (custom)
2023-03-15 06:54:02,796 [af97f91c-1465-457e-8a10-e9683affa9d2-NettyServerStreamRpc-bossGroup--thread1] INFO  logging.LoggingHandler (AbstractInternalLogger.java:log(148)) - [id: 0x18d395a8, L:/0:0:0:0:0:0:0:0:44691] ACTIVE
2023-03-15 06:54:02,797 [Listener at 127.0.0.1/45523] INFO  server.XceiverServerGrpc (XceiverServerGrpc.java:<init>(132)) - GrpcServer channel type EpollServerSocketChannel
2023-03-15 06:54:02,800 [Listener at 127.0.0.1/45523] INFO  http.BaseHttpServer (BaseHttpServer.java:newHttpServer2BuilderForOzone(224)) - Starting Web-server for hddsDatanode at: http://0.0.0.0:0
2023-03-15 06:54:02,800 [Listener at 127.0.0.1/45523] INFO  http.BaseHttpServer (BaseHttpServer.java:<init>(111)) - Hadoop Security Enabled: false Ozone Security Enabled: false Ozone HTTP Security Enabled: false 
2023-03-15 06:54:02,801 [Listener at 127.0.0.1/45523] WARN  server.AuthenticationFilter (AuthenticationFilter.java:constructSecretProvider(240)) - Unable to initialize FileSignerSecretProvider, falling back to use random secrets. Reason: Could not read signature secret file: /home/runner/hadoop-http-auth-signature-secret
2023-03-15 06:54:02,802 [Listener at 127.0.0.1/45523] WARN  http.HttpRequestLog (HttpRequestLog.java:getRequestLog(103)) - Jetty request log can only be enabled using Log4j
2023-03-15 06:54:02,803 [Listener at 127.0.0.1/45523] INFO  http.HttpServer2 (HttpServer2.java:addGlobalFilter(1031)) - Added global filter 'safety' (class=org.apache.hadoop.hdds.server.http.HttpServer2$QuotingInputFilter)
2023-03-15 06:54:02,803 [Listener at 127.0.0.1/45523] INFO  http.HttpServer2 (HttpServer2.java:addFilter(1007)) - Added filter static_user_filter (class=org.apache.hadoop.http.lib.StaticUserWebFilter$StaticUserFilter) to context hddsDatanode
2023-03-15 06:54:02,804 [Listener at 127.0.0.1/45523] INFO  http.HttpServer2 (HttpServer2.java:addFilter(1015)) - Added filter static_user_filter (class=org.apache.hadoop.http.lib.StaticUserWebFilter$StaticUserFilter) to context logs
2023-03-15 06:54:02,804 [Listener at 127.0.0.1/45523] INFO  http.HttpServer2 (HttpServer2.java:addFilter(1015)) - Added filter static_user_filter (class=org.apache.hadoop.http.lib.StaticUserWebFilter$StaticUserFilter) to context static
2023-03-15 06:54:02,804 [Listener at 127.0.0.1/45523] INFO  http.BaseHttpServer (BaseHttpServer.java:<init>(190)) - HTTP server of hddsDatanode uses base directory /home/runner/work/ozone/ozone/hadoop-ozone/integration-test/target/test-dir/MiniOzoneClusterImpl-88c1a39f-978e-429a-824f-6eda176bb531/datanode-2/meta/webserver
2023-03-15 06:54:02,804 [Listener at 127.0.0.1/45523] INFO  http.HttpServer2 (HttpServer2.java:bindListener(1250)) - Jetty bound to port 45085
2023-03-15 06:54:02,804 [Listener at 127.0.0.1/45523] INFO  server.Server (Server.java:doStart(375)) - jetty-9.4.49.v20220914; built: 2022-09-14T01:07:36.601Z; git: 4231a3b2e4cb8548a412a789936d640a97b1aa0a; jvm 1.8.0_362-b09
2023-03-15 06:54:02,806 [Listener at 127.0.0.1/45523] INFO  server.session (DefaultSessionIdManager.java:doStart(334)) - DefaultSessionIdManager workerName=node0
2023-03-15 06:54:02,806 [Listener at 127.0.0.1/45523] INFO  server.session (DefaultSessionIdManager.java:doStart(339)) - No SessionScavenger set, using defaults
2023-03-15 06:54:02,806 [Listener at 127.0.0.1/45523] INFO  server.session (HouseKeeper.java:startScavenging(132)) - node0 Scavenging every 660000ms
2023-03-15 06:54:02,807 [Listener at 127.0.0.1/45523] INFO  handler.ContextHandler (ContextHandler.java:doStart(921)) - Started o.e.j.s.ServletContextHandler@3e9d1a4{logs,/logs,file:///home/runner/work/ozone/ozone/hadoop-ozone/integration-test/target/log,AVAILABLE}
2023-03-15 06:54:02,807 [Listener at 127.0.0.1/45523] INFO  handler.ContextHandler (ContextHandler.java:doStart(921)) - Started o.e.j.s.ServletContextHandler@5e965228{static,/static,jar:file:/home/runner/.m2/repository/org/apache/ozone/hdds-container-service/1.4.0-SNAPSHOT/hdds-container-service-1.4.0-SNAPSHOT.jar!/webapps/static,AVAILABLE}
2023-03-15 06:54:03,000 [EndpointStateMachine task thread for /0.0.0.0:39779 - 0 ] INFO  ipc.Client (Client.java:handleConnectionFailure(1010)) - Retrying connect to server: 0.0.0.0/0.0.0.0:39779. Already tried 7 time(s); retry policy is RetryUpToMaximumCountWithFixedSleep(maxRetries=15, sleepTime=1000 MILLISECONDS)
2023-03-15 06:54:03,027 [Listener at 127.0.0.1/45523] INFO  handler.ContextHandler (ContextHandler.java:doStart(921)) - Started o.e.j.w.WebAppContext@5c4c4a54{hddsDatanode,/,file:///home/runner/work/ozone/ozone/hadoop-ozone/integration-test/target/test-dir/MiniOzoneClusterImpl-88c1a39f-978e-429a-824f-6eda176bb531/datanode-2/meta/webserver/jetty-0_0_0_0-45085-hdds-container-service-1_4_0-SNAPSHOT_jar-_-any-6061034402012575279/webapp/,AVAILABLE}{jar:file:/home/runner/.m2/repository/org/apache/ozone/hdds-container-service/1.4.0-SNAPSHOT/hdds-container-service-1.4.0-SNAPSHOT.jar!/webapps/hddsDatanode}
2023-03-15 06:54:03,029 [Listener at 127.0.0.1/45523] INFO  server.AbstractConnector (AbstractConnector.java:doStart(333)) - Started ServerConnector@5ea3d8ed{HTTP/1.1, (http/1.1)}{0.0.0.0:45085}
2023-03-15 06:54:03,029 [Listener at 127.0.0.1/45523] INFO  server.Server (Server.java:doStart(415)) - Started @132520ms
2023-03-15 06:54:03,029 [Listener at 127.0.0.1/45523] WARN  impl.MetricsSystemImpl (MetricsSystemImpl.java:register(279)) - Sink prometheus already exists!
2023-03-15 06:54:03,030 [Listener at 127.0.0.1/45523] INFO  http.BaseHttpServer (BaseHttpServer.java:updateConnectorAddress(344)) - HTTP server of hddsDatanode listening at http://0.0.0.0:45085
2023-03-15 06:54:03,030 [Datanode State Machine Daemon Thread] INFO  statemachine.DatanodeStateMachine (DatanodeStateMachine.java:lambda$startDaemon$0(517)) - Ozone container server started.
2023-03-15 06:54:03,035 [Listener at 127.0.0.1/45523] INFO  ozone.MiniOzoneClusterImpl (MiniOzoneClusterImpl.java:lambda$waitForClusterToBeReady$0(218)) - Waiting for nodes to be ready. Got 0 of 3 DN Heartbeats.
2023-03-15 06:54:03,040 [Listener at 127.0.0.1/45523] INFO  ozone.MiniOzoneClusterImpl (MiniOzoneClusterImpl.java:lambda$waitForClusterToBeReady$0(221)) - Waiting for cluster to exit safe mode
2023-03-15 06:54:03,041 [Listener at 127.0.0.1/45523] INFO  ozone.MiniOzoneClusterImpl (MiniOzoneClusterImpl.java:lambda$waitForClusterToBeReady$0(223)) - SCM became leader
2023-03-15 06:54:03,040 [org.apache.hadoop.util.JvmPauseMonitor$Monitor@6ca4236c] INFO  util.JvmPauseMonitor (JvmPauseMonitor.java:run(188)) - Starting JVM pause monitor
2023-03-15 06:54:03,041 [Datanode State Machine Task Thread - 0] INFO  datanode.InitDatanodeState (InitDatanodeState.java:persistContainerDatanodeDetails(138)) - DatanodeDetails is persisted to /home/runner/work/ozone/ozone/hadoop-ozone/integration-test/target/test-dir/MiniOzoneClusterImpl-88c1a39f-978e-429a-824f-6eda176bb531/datanode-2/meta/datanode.id
2023-03-15 06:54:04,000 [EndpointStateMachine task thread for /0.0.0.0:39779 - 0 ] INFO  ipc.Client (Client.java:handleConnectionFailure(1010)) - Retrying connect to server: 0.0.0.0/0.0.0.0:39779. Already tried 8 time(s); retry policy is RetryUpToMaximumCountWithFixedSleep(maxRetries=15, sleepTime=1000 MILLISECONDS)
2023-03-15 06:54:04,041 [Listener at 127.0.0.1/45523] INFO  ozone.MiniOzoneClusterImpl (MiniOzoneClusterImpl.java:lambda$waitForClusterToBeReady$0(218)) - Waiting for nodes to be ready. Got 0 of 3 DN Heartbeats.
2023-03-15 06:54:04,041 [Listener at 127.0.0.1/45523] INFO  ozone.MiniOzoneClusterImpl (MiniOzoneClusterImpl.java:lambda$waitForClusterToBeReady$0(221)) - Waiting for cluster to exit safe mode
2023-03-15 06:54:04,041 [Listener at 127.0.0.1/45523] INFO  ozone.MiniOzoneClusterImpl (MiniOzoneClusterImpl.java:lambda$waitForClusterToBeReady$0(223)) - SCM became leader
2023-03-15 06:54:04,330 [EndpointStateMachine task thread for /0.0.0.0:44479 - 0 ] INFO  utils.DatanodeStoreCache (DatanodeStoreCache.java:addDB(58)) - Added db /home/runner/work/ozone/ozone/hadoop-ozone/integration-test/target/test-dir/MiniOzoneClusterImpl-88c1a39f-978e-429a-824f-6eda176bb531/datanode-0/data-0/containers/hdds/88c1a39f-978e-429a-824f-6eda176bb531/DS-00dcc813-82b4-4409-9a6f-6a99eb22dc53/container.db to cache
2023-03-15 06:54:04,331 [EndpointStateMachine task thread for /0.0.0.0:44479 - 0 ] INFO  volume.HddsVolume (HddsVolume.java:createDbStore(331)) - SchemaV3 db is created and loaded at /home/runner/work/ozone/ozone/hadoop-ozone/integration-test/target/test-dir/MiniOzoneClusterImpl-88c1a39f-978e-429a-824f-6eda176bb531/datanode-0/data-0/containers/hdds/88c1a39f-978e-429a-824f-6eda176bb531/DS-00dcc813-82b4-4409-9a6f-6a99eb22dc53/container.db for volume DS-00dcc813-82b4-4409-9a6f-6a99eb22dc53
2023-03-15 06:54:04,331 [EndpointStateMachine task thread for /0.0.0.0:44479 - 0 ] INFO  ozoneimpl.OzoneContainer (OzoneContainer.java:start(401)) - Attempting to start container services.
2023-03-15 06:54:04,331 [EndpointStateMachine task thread for /0.0.0.0:44479 - 0 ] INFO  ozoneimpl.OzoneContainer (OzoneContainer.java:startContainerScrub(318)) - Scheduled background container scanners and the on-demand container scanner have been disabled.
2023-03-15 06:54:04,334 [EndpointStateMachine task thread for /0.0.0.0:44479 - 0 ] INFO  replication.ReplicationServer (ReplicationServer.java:start(109)) - ReplicationServer is started using port 41397
2023-03-15 06:54:04,335 [EndpointStateMachine task thread for /0.0.0.0:44479 - 0 ] INFO  ratis.XceiverServerRatis (XceiverServerRatis.java:start(518)) - Starting XceiverServerRatis 2285727f-3b37-43a1-be03-08405d345bae
2023-03-15 06:54:04,342 [EndpointStateMachine task thread for /0.0.0.0:44479 - 0 ] INFO  server.RaftServer (RaftServerProxy.java:startImpl(393)) - 2285727f-3b37-43a1-be03-08405d345bae: start RPC server
2023-03-15 06:54:04,353 [EndpointStateMachine task thread for /0.0.0.0:44479 - 0 ] INFO  server.GrpcService (GrpcService.java:startImpl(262)) - 2285727f-3b37-43a1-be03-08405d345bae: GrpcService started, listening on 33755
2023-03-15 06:54:04,353 [EndpointStateMachine task thread for /0.0.0.0:44479 - 0 ] INFO  ratis.XceiverServerRatis (XceiverServerRatis.java:getRealPort(544)) - XceiverServerRatis 2285727f-3b37-43a1-be03-08405d345bae is started using port 33755 for RATIS
2023-03-15 06:54:04,353 [EndpointStateMachine task thread for /0.0.0.0:44479 - 0 ] INFO  ratis.XceiverServerRatis (XceiverServerRatis.java:getRealPort(544)) - XceiverServerRatis 2285727f-3b37-43a1-be03-08405d345bae is started using port 33755 for RATIS_ADMIN
2023-03-15 06:54:04,353 [JvmPauseMonitor15] INFO  util.JvmPauseMonitor (JvmPauseMonitor.java:run(105)) - JvmPauseMonitor-2285727f-3b37-43a1-be03-08405d345bae: Started
2023-03-15 06:54:04,353 [EndpointStateMachine task thread for /0.0.0.0:44479 - 0 ] INFO  ratis.XceiverServerRatis (XceiverServerRatis.java:getRealPort(544)) - XceiverServerRatis 2285727f-3b37-43a1-be03-08405d345bae is started using port 33755 for RATIS_SERVER
2023-03-15 06:54:04,353 [EndpointStateMachine task thread for /0.0.0.0:44479 - 0 ] INFO  ratis.XceiverServerRatis (XceiverServerRatis.java:getRealPort(544)) - XceiverServerRatis 2285727f-3b37-43a1-be03-08405d345bae is started using port 34937 for RATIS_DATASTREAM
2023-03-15 06:54:04,364 [EndpointStateMachine task thread for /0.0.0.0:44479 - 0 ] INFO  server.XceiverServerGrpc (XceiverServerGrpc.java:start(180)) - XceiverServerGrpc 2285727f-3b37-43a1-be03-08405d345bae is started using port 42415
2023-03-15 06:54:04,365 [BlockDeletingService#0] INFO  interfaces.ContainerDeletionChoosingPolicyTemplate (ContainerDeletionChoosingPolicyTemplate.java:chooseContainerForBlockDeletion(83)) - Chosen 0/5000 blocks from 0 candidate containers.
2023-03-15 06:54:04,720 [EndpointStateMachine task thread for /0.0.0.0:44479 - 0 ] INFO  utils.DatanodeStoreCache (DatanodeStoreCache.java:addDB(58)) - Added db /home/runner/work/ozone/ozone/hadoop-ozone/integration-test/target/test-dir/MiniOzoneClusterImpl-88c1a39f-978e-429a-824f-6eda176bb531/datanode-1/data-0/containers/hdds/88c1a39f-978e-429a-824f-6eda176bb531/DS-0937dbe0-1fa3-4211-8673-c5acaca0c915/container.db to cache
2023-03-15 06:54:04,720 [EndpointStateMachine task thread for /0.0.0.0:44479 - 0 ] INFO  volume.HddsVolume (HddsVolume.java:createDbStore(331)) - SchemaV3 db is created and loaded at /home/runner/work/ozone/ozone/hadoop-ozone/integration-test/target/test-dir/MiniOzoneClusterImpl-88c1a39f-978e-429a-824f-6eda176bb531/datanode-1/data-0/containers/hdds/88c1a39f-978e-429a-824f-6eda176bb531/DS-0937dbe0-1fa3-4211-8673-c5acaca0c915/container.db for volume DS-0937dbe0-1fa3-4211-8673-c5acaca0c915
2023-03-15 06:54:04,721 [EndpointStateMachine task thread for /0.0.0.0:44479 - 0 ] INFO  ozoneimpl.OzoneContainer (OzoneContainer.java:start(401)) - Attempting to start container services.
2023-03-15 06:54:04,721 [EndpointStateMachine task thread for /0.0.0.0:44479 - 0 ] INFO  ozoneimpl.OzoneContainer (OzoneContainer.java:startContainerScrub(318)) - Scheduled background container scanners and the on-demand container scanner have been disabled.
2023-03-15 06:54:04,727 [EndpointStateMachine task thread for /0.0.0.0:44479 - 0 ] INFO  replication.ReplicationServer (ReplicationServer.java:start(109)) - ReplicationServer is started using port 45515
2023-03-15 06:54:04,728 [EndpointStateMachine task thread for /0.0.0.0:44479 - 0 ] INFO  ratis.XceiverServerRatis (XceiverServerRatis.java:start(518)) - Starting XceiverServerRatis 1879f368-bd18-45a9-b41b-331daa2ef38f
2023-03-15 06:54:04,729 [EndpointStateMachine task thread for /0.0.0.0:44479 - 0 ] INFO  server.RaftServer (RaftServerProxy.java:startImpl(393)) - 1879f368-bd18-45a9-b41b-331daa2ef38f: start RPC server
2023-03-15 06:54:04,731 [EndpointStateMachine task thread for /0.0.0.0:44479 - 0 ] INFO  server.GrpcService (GrpcService.java:startImpl(262)) - 1879f368-bd18-45a9-b41b-331daa2ef38f: GrpcService started, listening on 44513
2023-03-15 06:54:04,731 [EndpointStateMachine task thread for /0.0.0.0:44479 - 0 ] INFO  ratis.XceiverServerRatis (XceiverServerRatis.java:getRealPort(544)) - XceiverServerRatis 1879f368-bd18-45a9-b41b-331daa2ef38f is started using port 44513 for RATIS
2023-03-15 06:54:04,731 [EndpointStateMachine task thread for /0.0.0.0:44479 - 0 ] INFO  ratis.XceiverServerRatis (XceiverServerRatis.java:getRealPort(544)) - XceiverServerRatis 1879f368-bd18-45a9-b41b-331daa2ef38f is started using port 44513 for RATIS_ADMIN
2023-03-15 06:54:04,731 [JvmPauseMonitor16] INFO  util.JvmPauseMonitor (JvmPauseMonitor.java:run(105)) - JvmPauseMonitor-1879f368-bd18-45a9-b41b-331daa2ef38f: Started
2023-03-15 06:54:04,731 [EndpointStateMachine task thread for /0.0.0.0:44479 - 0 ] INFO  ratis.XceiverServerRatis (XceiverServerRatis.java:getRealPort(544)) - XceiverServerRatis 1879f368-bd18-45a9-b41b-331daa2ef38f is started using port 44513 for RATIS_SERVER
2023-03-15 06:54:04,731 [EndpointStateMachine task thread for /0.0.0.0:44479 - 0 ] INFO  ratis.XceiverServerRatis (XceiverServerRatis.java:getRealPort(544)) - XceiverServerRatis 1879f368-bd18-45a9-b41b-331daa2ef38f is started using port 41255 for RATIS_DATASTREAM
2023-03-15 06:54:04,734 [EndpointStateMachine task thread for /0.0.0.0:44479 - 0 ] INFO  server.XceiverServerGrpc (XceiverServerGrpc.java:start(180)) - XceiverServerGrpc 1879f368-bd18-45a9-b41b-331daa2ef38f is started using port 41681
2023-03-15 06:54:04,734 [BlockDeletingService#0] INFO  interfaces.ContainerDeletionChoosingPolicyTemplate (ContainerDeletionChoosingPolicyTemplate.java:chooseContainerForBlockDeletion(83)) - Chosen 0/5000 blocks from 0 candidate containers.
2023-03-15 06:54:05,001 [EndpointStateMachine task thread for /0.0.0.0:39779 - 0 ] INFO  ipc.Client (Client.java:handleConnectionFailure(1010)) - Retrying connect to server: 0.0.0.0/0.0.0.0:39779. Already tried 9 time(s); retry policy is RetryUpToMaximumCountWithFixedSleep(maxRetries=15, sleepTime=1000 MILLISECONDS)
2023-03-15 06:54:05,041 [Listener at 127.0.0.1/45523] INFO  ozone.MiniOzoneClusterImpl (MiniOzoneClusterImpl.java:lambda$waitForClusterToBeReady$0(218)) - Waiting for nodes to be ready. Got 0 of 3 DN Heartbeats.
2023-03-15 06:54:05,042 [Listener at 127.0.0.1/45523] INFO  ozone.MiniOzoneClusterImpl (MiniOzoneClusterImpl.java:lambda$waitForClusterToBeReady$0(221)) - Waiting for cluster to exit safe mode
2023-03-15 06:54:05,042 [Listener at 127.0.0.1/45523] INFO  ozone.MiniOzoneClusterImpl (MiniOzoneClusterImpl.java:lambda$waitForClusterToBeReady$0(223)) - SCM became leader
2023-03-15 06:54:05,076 [EndpointStateMachine task thread for /0.0.0.0:44479 - 0 ] INFO  utils.DatanodeStoreCache (DatanodeStoreCache.java:addDB(58)) - Added db /home/runner/work/ozone/ozone/hadoop-ozone/integration-test/target/test-dir/MiniOzoneClusterImpl-88c1a39f-978e-429a-824f-6eda176bb531/datanode-2/data-0/containers/hdds/88c1a39f-978e-429a-824f-6eda176bb531/DS-e447bf66-39ae-4a6c-91a4-f83a3351af63/container.db to cache
2023-03-15 06:54:05,076 [EndpointStateMachine task thread for /0.0.0.0:44479 - 0 ] INFO  volume.HddsVolume (HddsVolume.java:createDbStore(331)) - SchemaV3 db is created and loaded at /home/runner/work/ozone/ozone/hadoop-ozone/integration-test/target/test-dir/MiniOzoneClusterImpl-88c1a39f-978e-429a-824f-6eda176bb531/datanode-2/data-0/containers/hdds/88c1a39f-978e-429a-824f-6eda176bb531/DS-e447bf66-39ae-4a6c-91a4-f83a3351af63/container.db for volume DS-e447bf66-39ae-4a6c-91a4-f83a3351af63
2023-03-15 06:54:05,077 [EndpointStateMachine task thread for /0.0.0.0:44479 - 0 ] INFO  ozoneimpl.OzoneContainer (OzoneContainer.java:start(401)) - Attempting to start container services.
2023-03-15 06:54:05,077 [EndpointStateMachine task thread for /0.0.0.0:44479 - 0 ] INFO  ozoneimpl.OzoneContainer (OzoneContainer.java:startContainerScrub(318)) - Scheduled background container scanners and the on-demand container scanner have been disabled.
2023-03-15 06:54:05,082 [EndpointStateMachine task thread for /0.0.0.0:44479 - 0 ] INFO  replication.ReplicationServer (ReplicationServer.java:start(109)) - ReplicationServer is started using port 33329
2023-03-15 06:54:05,083 [EndpointStateMachine task thread for /0.0.0.0:44479 - 0 ] INFO  ratis.XceiverServerRatis (XceiverServerRatis.java:start(518)) - Starting XceiverServerRatis af97f91c-1465-457e-8a10-e9683affa9d2
2023-03-15 06:54:05,083 [EndpointStateMachine task thread for /0.0.0.0:44479 - 0 ] INFO  server.RaftServer (RaftServerProxy.java:startImpl(393)) - af97f91c-1465-457e-8a10-e9683affa9d2: start RPC server
2023-03-15 06:54:05,086 [EndpointStateMachine task thread for /0.0.0.0:44479 - 0 ] INFO  server.GrpcService (GrpcService.java:startImpl(262)) - af97f91c-1465-457e-8a10-e9683affa9d2: GrpcService started, listening on 41791
2023-03-15 06:54:05,086 [EndpointStateMachine task thread for /0.0.0.0:44479 - 0 ] INFO  ratis.XceiverServerRatis (XceiverServerRatis.java:getRealPort(544)) - XceiverServerRatis af97f91c-1465-457e-8a10-e9683affa9d2 is started using port 41791 for RATIS
2023-03-15 06:54:05,086 [EndpointStateMachine task thread for /0.0.0.0:44479 - 0 ] INFO  ratis.XceiverServerRatis (XceiverServerRatis.java:getRealPort(544)) - XceiverServerRatis af97f91c-1465-457e-8a10-e9683affa9d2 is started using port 41791 for RATIS_ADMIN
2023-03-15 06:54:05,086 [JvmPauseMonitor17] INFO  util.JvmPauseMonitor (JvmPauseMonitor.java:run(105)) - JvmPauseMonitor-af97f91c-1465-457e-8a10-e9683affa9d2: Started
2023-03-15 06:54:05,086 [EndpointStateMachine task thread for /0.0.0.0:44479 - 0 ] INFO  ratis.XceiverServerRatis (XceiverServerRatis.java:getRealPort(544)) - XceiverServerRatis af97f91c-1465-457e-8a10-e9683affa9d2 is started using port 41791 for RATIS_SERVER
2023-03-15 06:54:05,086 [EndpointStateMachine task thread for /0.0.0.0:44479 - 0 ] INFO  ratis.XceiverServerRatis (XceiverServerRatis.java:getRealPort(544)) - XceiverServerRatis af97f91c-1465-457e-8a10-e9683affa9d2 is started using port 44691 for RATIS_DATASTREAM
2023-03-15 06:54:05,089 [EndpointStateMachine task thread for /0.0.0.0:44479 - 0 ] INFO  server.XceiverServerGrpc (XceiverServerGrpc.java:start(180)) - XceiverServerGrpc af97f91c-1465-457e-8a10-e9683affa9d2 is started using port 42069
2023-03-15 06:54:05,089 [BlockDeletingService#0] INFO  interfaces.ContainerDeletionChoosingPolicyTemplate (ContainerDeletionChoosingPolicyTemplate.java:chooseContainerForBlockDeletion(83)) - Chosen 0/5000 blocks from 0 candidate containers.
2023-03-15 06:54:06,002 [EndpointStateMachine task thread for /0.0.0.0:39779 - 0 ] INFO  ipc.Client (Client.java:handleConnectionFailure(1010)) - Retrying connect to server: 0.0.0.0/0.0.0.0:39779. Already tried 10 time(s); retry policy is RetryUpToMaximumCountWithFixedSleep(maxRetries=15, sleepTime=1000 MILLISECONDS)
2023-03-15 06:54:06,042 [Listener at 127.0.0.1/45523] INFO  ozone.MiniOzoneClusterImpl (MiniOzoneClusterImpl.java:lambda$waitForClusterToBeReady$0(218)) - Waiting for nodes to be ready. Got 0 of 3 DN Heartbeats.
2023-03-15 06:54:06,042 [Listener at 127.0.0.1/45523] INFO  ozone.MiniOzoneClusterImpl (MiniOzoneClusterImpl.java:lambda$waitForClusterToBeReady$0(221)) - Waiting for cluster to exit safe mode
2023-03-15 06:54:06,042 [Listener at 127.0.0.1/45523] INFO  ozone.MiniOzoneClusterImpl (MiniOzoneClusterImpl.java:lambda$waitForClusterToBeReady$0(223)) - SCM became leader
2023-03-15 06:54:06,290 [IPC Server handler 1 on default port 44479] INFO  net.NetworkTopologyImpl (NetworkTopologyImpl.java:add(112)) - Added a new node: /default-rack/2285727f-3b37-43a1-be03-08405d345bae
2023-03-15 06:54:06,290 [IPC Server handler 1 on default port 44479] INFO  node.SCMNodeManager (SCMNodeManager.java:register(404)) - Registered Data node : 2285727f-3b37-43a1-be03-08405d345bae{ip: 10.1.0.130, host: fv-az210-452.jgpbknbp5ljuxny3rrcz4t2bbd.bx.internal.cloudapp.net, ports: [REPLICATION=41397, RATIS=33755, RATIS_ADMIN=33755, RATIS_SERVER=33755, RATIS_DATASTREAM=34937, STANDALONE=42415], networkLocation: /default-rack, certSerialId: null, persistedOpState: null, persistedOpStateExpiryEpochSec: 0}
2023-03-15 06:54:06,294 [EventQueue-NodeRegistrationContainerReportForContainerSafeModeRule] INFO  safemode.SCMSafeModeManager (SCMSafeModeManager.java:validateSafeModeExitRules(200)) - ContainerSafeModeRule rule is successfully validated
2023-03-15 06:54:06,294 [EventQueue-NodeRegistrationContainerReportForDataNodeSafeModeRule] INFO  safemode.SCMSafeModeManager (DataNodeSafeModeRule.java:process(71)) - SCM in safe mode. 1 DataNodes registered, 3 required.
2023-03-15 06:54:06,295 [EventQueue-NewNodeForNewNodeHandler] INFO  pipeline.BackgroundPipelineCreator (BackgroundPipelineCreator.java:notifyEventTriggered(276)) - trigger a one-shot run on RatisPipelineUtilsThread.
2023-03-15 06:54:06,296 [RatisPipelineUtilsThread - 0] INFO  pipeline.RatisPipelineProvider (RatisPipelineProvider.java:lambda$create$0(206)) - Sending CreatePipelineCommand for pipeline:PipelineID=6027103f-f5d3-4f9f-bf24-69be4c3f5696 to datanode:2285727f-3b37-43a1-be03-08405d345bae
2023-03-15 06:54:06,296 [RatisPipelineUtilsThread - 0] INFO  pipeline.PipelineStateManagerImpl (PipelineStateManagerImpl.java:addPipeline(103)) - Created pipeline Pipeline[ Id: 6027103f-f5d3-4f9f-bf24-69be4c3f5696, Nodes: 2285727f-3b37-43a1-be03-08405d345bae(fv-az210-452.jgpbknbp5ljuxny3rrcz4t2bbd.bx.internal.cloudapp.net/10.1.0.130), ReplicationConfig: RATIS/ONE, State:ALLOCATED, leaderId:, CreationTimestamp2023-03-15T06:54:06.296Z[Etc/UTC]].
2023-03-15 06:54:06,304 [EventQueue-PipelineReportForOneReplicaPipelineSafeModeRule] INFO  safemode.SCMSafeModeManager (SCMSafeModeManager.java:validateSafeModeExitRules(200)) - AtleastOneDatanodeReportedRule rule is successfully validated
2023-03-15 06:54:06,685 [IPC Server handler 2 on default port 44479] INFO  net.NetworkTopologyImpl (NetworkTopologyImpl.java:add(112)) - Added a new node: /default-rack/1879f368-bd18-45a9-b41b-331daa2ef38f
2023-03-15 06:54:06,685 [IPC Server handler 2 on default port 44479] INFO  node.SCMNodeManager (SCMNodeManager.java:register(404)) - Registered Data node : 1879f368-bd18-45a9-b41b-331daa2ef38f{ip: 10.1.0.130, host: fv-az210-452.jgpbknbp5ljuxny3rrcz4t2bbd.bx.internal.cloudapp.net, ports: [REPLICATION=45515, RATIS=44513, RATIS_ADMIN=44513, RATIS_SERVER=44513, RATIS_DATASTREAM=41255, STANDALONE=41681], networkLocation: /default-rack, certSerialId: null, persistedOpState: null, persistedOpStateExpiryEpochSec: 0}
2023-03-15 06:54:06,687 [EventQueue-NewNodeForNewNodeHandler] INFO  pipeline.BackgroundPipelineCreator (BackgroundPipelineCreator.java:notifyEventTriggered(276)) - trigger a one-shot run on RatisPipelineUtilsThread.
2023-03-15 06:54:06,689 [EventQueue-NodeRegistrationContainerReportForDataNodeSafeModeRule] INFO  safemode.SCMSafeModeManager (DataNodeSafeModeRule.java:process(71)) - SCM in safe mode. 2 DataNodes registered, 3 required.
2023-03-15 06:54:06,690 [RatisPipelineUtilsThread - 0] INFO  pipeline.RatisPipelineProvider (RatisPipelineProvider.java:lambda$create$0(206)) - Sending CreatePipelineCommand for pipeline:PipelineID=e03534f2-7430-4467-9452-ebbe10c5d3c7 to datanode:1879f368-bd18-45a9-b41b-331daa2ef38f
2023-03-15 06:54:06,691 [RatisPipelineUtilsThread - 0] INFO  pipeline.PipelineStateManagerImpl (PipelineStateManagerImpl.java:addPipeline(103)) - Created pipeline Pipeline[ Id: e03534f2-7430-4467-9452-ebbe10c5d3c7, Nodes: 1879f368-bd18-45a9-b41b-331daa2ef38f(fv-az210-452.jgpbknbp5ljuxny3rrcz4t2bbd.bx.internal.cloudapp.net/10.1.0.130), ReplicationConfig: RATIS/ONE, State:ALLOCATED, leaderId:, CreationTimestamp2023-03-15T06:54:06.690Z[Etc/UTC]].
2023-03-15 06:54:07,003 [EndpointStateMachine task thread for /0.0.0.0:39779 - 0 ] INFO  ipc.Client (Client.java:handleConnectionFailure(1010)) - Retrying connect to server: 0.0.0.0/0.0.0.0:39779. Already tried 11 time(s); retry policy is RetryUpToMaximumCountWithFixedSleep(maxRetries=15, sleepTime=1000 MILLISECONDS)
2023-03-15 06:54:07,042 [Listener at 127.0.0.1/45523] INFO  ozone.MiniOzoneClusterImpl (MiniOzoneClusterImpl.java:lambda$waitForClusterToBeReady$0(218)) - Waiting for nodes to be ready. Got 2 of 3 DN Heartbeats.
2023-03-15 06:54:07,043 [Listener at 127.0.0.1/45523] INFO  ozone.MiniOzoneClusterImpl (MiniOzoneClusterImpl.java:lambda$waitForClusterToBeReady$0(221)) - Waiting for cluster to exit safe mode
2023-03-15 06:54:07,043 [Listener at 127.0.0.1/45523] INFO  ozone.MiniOzoneClusterImpl (MiniOzoneClusterImpl.java:lambda$waitForClusterToBeReady$0(223)) - SCM became leader
2023-03-15 06:54:07,047 [IPC Server handler 1 on default port 44479] INFO  net.NetworkTopologyImpl (NetworkTopologyImpl.java:add(112)) - Added a new node: /default-rack/af97f91c-1465-457e-8a10-e9683affa9d2
2023-03-15 06:54:07,047 [IPC Server handler 1 on default port 44479] INFO  node.SCMNodeManager (SCMNodeManager.java:register(404)) - Registered Data node : af97f91c-1465-457e-8a10-e9683affa9d2{ip: 10.1.0.130, host: fv-az210-452.jgpbknbp5ljuxny3rrcz4t2bbd.bx.internal.cloudapp.net, ports: [REPLICATION=33329, RATIS=41791, RATIS_ADMIN=41791, RATIS_SERVER=41791, RATIS_DATASTREAM=44691, STANDALONE=42069], networkLocation: /default-rack, certSerialId: null, persistedOpState: null, persistedOpStateExpiryEpochSec: 0}
2023-03-15 06:54:07,049 [EventQueue-NodeRegistrationContainerReportForDataNodeSafeModeRule] INFO  safemode.SCMSafeModeManager (DataNodeSafeModeRule.java:process(71)) - SCM in safe mode. 3 DataNodes registered, 3 required.
2023-03-15 06:54:07,049 [EventQueue-NodeRegistrationContainerReportForDataNodeSafeModeRule] INFO  safemode.SCMSafeModeManager (SCMSafeModeManager.java:validateSafeModeExitRules(200)) - DataNodeSafeModeRule rule is successfully validated
2023-03-15 06:54:07,049 [EventQueue-NodeRegistrationContainerReportForDataNodeSafeModeRule] INFO  safemode.SCMSafeModeManager (SCMSafeModeManager.java:completePreCheck(229)) - All SCM safe mode pre check rules have passed
2023-03-15 06:54:07,049 [EventQueue-NodeRegistrationContainerReportForDataNodeSafeModeRule] INFO  ha.SCMContext (SCMContext.java:updateSafeModeStatus(228)) - Update SafeModeStatus from SafeModeStatus{safeModeStatus=true, preCheckPassed=false} to SafeModeStatus{safeModeStatus=true, preCheckPassed=true}.
2023-03-15 06:54:07,049 [EventQueue-NodeRegistrationContainerReportForDataNodeSafeModeRule] INFO  pipeline.BackgroundPipelineCreator (BackgroundPipelineCreator.java:notifyEventTriggered(276)) - trigger a one-shot run on RatisPipelineUtilsThread.
2023-03-15 06:54:07,049 [EventQueue-NewNodeForNewNodeHandler] INFO  pipeline.BackgroundPipelineCreator (BackgroundPipelineCreator.java:notifyEventTriggered(276)) - trigger a one-shot run on RatisPipelineUtilsThread.
2023-03-15 06:54:07,050 [RatisPipelineUtilsThread - 0] INFO  pipeline.RatisPipelineProvider (RatisPipelineProvider.java:lambda$create$0(206)) - Sending CreatePipelineCommand for pipeline:PipelineID=592820c9-d82b-4589-a17f-bf5506491a37 to datanode:af97f91c-1465-457e-8a10-e9683affa9d2
2023-03-15 06:54:07,051 [RatisPipelineUtilsThread - 0] INFO  pipeline.PipelineStateManagerImpl (PipelineStateManagerImpl.java:addPipeline(103)) - Created pipeline Pipeline[ Id: 592820c9-d82b-4589-a17f-bf5506491a37, Nodes: af97f91c-1465-457e-8a10-e9683affa9d2(fv-az210-452.jgpbknbp5ljuxny3rrcz4t2bbd.bx.internal.cloudapp.net/10.1.0.130), ReplicationConfig: RATIS/ONE, State:ALLOCATED, leaderId:, CreationTimestamp2023-03-15T06:54:07.050Z[Etc/UTC]].
2023-03-15 06:54:07,051 [RatisPipelineUtilsThread - 0] INFO  pipeline.RatisPipelineProvider (RatisPipelineProvider.java:lambda$create$0(206)) - Sending CreatePipelineCommand for pipeline:PipelineID=48ca8924-e9aa-44b4-9839-10fa924953b9 to datanode:1879f368-bd18-45a9-b41b-331daa2ef38f
2023-03-15 06:54:07,051 [RatisPipelineUtilsThread - 0] INFO  pipeline.RatisPipelineProvider (RatisPipelineProvider.java:lambda$create$0(206)) - Sending CreatePipelineCommand for pipeline:PipelineID=48ca8924-e9aa-44b4-9839-10fa924953b9 to datanode:2285727f-3b37-43a1-be03-08405d345bae
2023-03-15 06:54:07,051 [RatisPipelineUtilsThread - 0] INFO  pipeline.RatisPipelineProvider (RatisPipelineProvider.java:lambda$create$0(206)) - Sending CreatePipelineCommand for pipeline:PipelineID=48ca8924-e9aa-44b4-9839-10fa924953b9 to datanode:af97f91c-1465-457e-8a10-e9683affa9d2
2023-03-15 06:54:07,052 [RatisPipelineUtilsThread - 0] INFO  pipeline.PipelineStateManagerImpl (PipelineStateManagerImpl.java:addPipeline(103)) - Created pipeline Pipeline[ Id: 48ca8924-e9aa-44b4-9839-10fa924953b9, Nodes: 1879f368-bd18-45a9-b41b-331daa2ef38f(fv-az210-452.jgpbknbp5ljuxny3rrcz4t2bbd.bx.internal.cloudapp.net/10.1.0.130)2285727f-3b37-43a1-be03-08405d345bae(fv-az210-452.jgpbknbp5ljuxny3rrcz4t2bbd.bx.internal.cloudapp.net/10.1.0.130)af97f91c-1465-457e-8a10-e9683affa9d2(fv-az210-452.jgpbknbp5ljuxny3rrcz4t2bbd.bx.internal.cloudapp.net/10.1.0.130), ReplicationConfig: RATIS/THREE, State:ALLOCATED, leaderId:, CreationTimestamp2023-03-15T06:54:07.051Z[Etc/UTC]].
2023-03-15 06:54:07,052 [RatisPipelineUtilsThread - 0] INFO  pipeline.RatisPipelineProvider (RatisPipelineProvider.java:lambda$create$0(206)) - Sending CreatePipelineCommand for pipeline:PipelineID=619f2717-6a1d-4ffc-9a7b-3e4eb95a61f3 to datanode:2285727f-3b37-43a1-be03-08405d345bae
2023-03-15 06:54:07,052 [RatisPipelineUtilsThread - 0] INFO  pipeline.RatisPipelineProvider (RatisPipelineProvider.java:lambda$create$0(206)) - Sending CreatePipelineCommand for pipeline:PipelineID=619f2717-6a1d-4ffc-9a7b-3e4eb95a61f3 to datanode:1879f368-bd18-45a9-b41b-331daa2ef38f
2023-03-15 06:54:07,052 [RatisPipelineUtilsThread - 0] INFO  pipeline.RatisPipelineProvider (RatisPipelineProvider.java:lambda$create$0(206)) - Sending CreatePipelineCommand for pipeline:PipelineID=619f2717-6a1d-4ffc-9a7b-3e4eb95a61f3 to datanode:af97f91c-1465-457e-8a10-e9683affa9d2
2023-03-15 06:54:07,052 [RatisPipelineUtilsThread - 0] INFO  pipeline.PipelineStateManagerImpl (PipelineStateManagerImpl.java:addPipeline(103)) - Created pipeline Pipeline[ Id: 619f2717-6a1d-4ffc-9a7b-3e4eb95a61f3, Nodes: 2285727f-3b37-43a1-be03-08405d345bae(fv-az210-452.jgpbknbp5ljuxny3rrcz4t2bbd.bx.internal.cloudapp.net/10.1.0.130)1879f368-bd18-45a9-b41b-331daa2ef38f(fv-az210-452.jgpbknbp5ljuxny3rrcz4t2bbd.bx.internal.cloudapp.net/10.1.0.130)af97f91c-1465-457e-8a10-e9683affa9d2(fv-az210-452.jgpbknbp5ljuxny3rrcz4t2bbd.bx.internal.cloudapp.net/10.1.0.130), ReplicationConfig: RATIS/THREE, State:ALLOCATED, leaderId:, CreationTimestamp2023-03-15T06:54:07.052Z[Etc/UTC]].
2023-03-15 06:54:07,052 [RatisPipelineUtilsThread - 0] INFO  pipeline.PipelineManagerImpl (PipelineManagerImpl.java:recordMetricsForPipeline(826)) - Pipeline: PipelineID=619f2717-6a1d-4ffc-9a7b-3e4eb95a61f3 contains same datanodes as previous pipelines: PipelineID=48ca8924-e9aa-44b4-9839-10fa924953b9 nodeIds: 2285727f-3b37-43a1-be03-08405d345bae, 1879f368-bd18-45a9-b41b-331daa2ef38f, af97f91c-1465-457e-8a10-e9683affa9d2
2023-03-15 06:54:07,053 [RatisPipelineUtilsThread - 0] WARN  pipeline.PipelinePlacementPolicy (PipelinePlacementPolicy.java:filterViableNodes(158)) - Pipeline creation failed due to no sufficient healthy datanodes. Required 3. Found 0.
2023-03-15 06:54:08,003 [EndpointStateMachine task thread for /0.0.0.0:39779 - 0 ] INFO  ipc.Client (Client.java:handleConnectionFailure(1010)) - Retrying connect to server: 0.0.0.0/0.0.0.0:39779. Already tried 12 time(s); retry policy is RetryUpToMaximumCountWithFixedSleep(maxRetries=15, sleepTime=1000 MILLISECONDS)
2023-03-15 06:54:08,043 [Listener at 127.0.0.1/45523] INFO  ozone.MiniOzoneClusterImpl (MiniOzoneClusterImpl.java:lambda$waitForClusterToBeReady$0(218)) - Nodes are ready. Got 3 of 3 DN Heartbeats.
2023-03-15 06:54:08,043 [Listener at 127.0.0.1/45523] INFO  ozone.MiniOzoneClusterImpl (MiniOzoneClusterImpl.java:lambda$waitForClusterToBeReady$0(221)) - Waiting for cluster to exit safe mode
2023-03-15 06:54:08,043 [Listener at 127.0.0.1/45523] INFO  ozone.MiniOzoneClusterImpl (MiniOzoneClusterImpl.java:lambda$waitForClusterToBeReady$0(223)) - SCM became leader
2023-03-15 06:54:09,004 [EndpointStateMachine task thread for /0.0.0.0:39779 - 0 ] INFO  ipc.Client (Client.java:handleConnectionFailure(1010)) - Retrying connect to server: 0.0.0.0/0.0.0.0:39779. Already tried 13 time(s); retry policy is RetryUpToMaximumCountWithFixedSleep(maxRetries=15, sleepTime=1000 MILLISECONDS)
2023-03-15 06:54:09,044 [Listener at 127.0.0.1/45523] INFO  ozone.MiniOzoneClusterImpl (MiniOzoneClusterImpl.java:lambda$waitForClusterToBeReady$0(218)) - Nodes are ready. Got 3 of 3 DN Heartbeats.
2023-03-15 06:54:09,044 [Listener at 127.0.0.1/45523] INFO  ozone.MiniOzoneClusterImpl (MiniOzoneClusterImpl.java:lambda$waitForClusterToBeReady$0(221)) - Waiting for cluster to exit safe mode
2023-03-15 06:54:09,044 [Listener at 127.0.0.1/45523] INFO  ozone.MiniOzoneClusterImpl (MiniOzoneClusterImpl.java:lambda$waitForClusterToBeReady$0(223)) - SCM became leader
2023-03-15 06:54:09,291 [Command processor thread] INFO  server.RaftServer (RaftServerProxy.java:addNew(96)) - 2285727f-3b37-43a1-be03-08405d345bae: addNew group-69BE4C3F5696:[2285727f-3b37-43a1-be03-08405d345bae|rpc:10.1.0.130:33755|dataStream:10.1.0.130:34937|priority:1|startupRole:FOLLOWER] returns group-69BE4C3F5696:java.util.concurrent.CompletableFuture@6efbfe79[Not completed]
2023-03-15 06:54:09,292 [pool-1497-thread-1] INFO  server.RaftServer$Division (RaftServerImpl.java:<init>(195)) - 2285727f-3b37-43a1-be03-08405d345bae: new RaftServerImpl for group-69BE4C3F5696:[2285727f-3b37-43a1-be03-08405d345bae|rpc:10.1.0.130:33755|dataStream:10.1.0.130:34937|priority:1|startupRole:FOLLOWER] with ContainerStateMachine:uninitialized
2023-03-15 06:54:09,292 [pool-1497-thread-1] INFO  server.RaftServerConfigKeys (ConfUtils.java:logGet(46)) - raft.server.rpc.timeout.min = 5s (custom)
2023-03-15 06:54:09,292 [pool-1497-thread-1] INFO  server.RaftServerConfigKeys (ConfUtils.java:logGet(46)) - raft.server.rpc.timeout.max = 5200ms (custom)
2023-03-15 06:54:09,292 [pool-1497-thread-1] INFO  server.RaftServerConfigKeys (ConfUtils.java:logGet(46)) - raft.server.rpc.sleep.time = 25ms (default)
2023-03-15 06:54:09,292 [pool-1497-thread-1] INFO  server.RaftServerConfigKeys (ConfUtils.java:logGet(46)) - raft.server.rpc.slowness.timeout = 300s (custom)
2023-03-15 06:54:09,292 [pool-1497-thread-1] INFO  server.RaftServerConfigKeys (ConfUtils.java:logGet(46)) - raft.server.leaderelection.leader.step-down.wait-time = 10s (default)
2023-03-15 06:54:09,292 [pool-1497-thread-1] INFO  server.RaftServerConfigKeys (ConfUtils.java:logGet(46)) - raft.server.sleep.deviation.threshold = 300ms (default)
2023-03-15 06:54:09,292 [pool-1497-thread-1] INFO  server.RaftServer$Division (ServerState.java:<init>(118)) - 2285727f-3b37-43a1-be03-08405d345bae@group-69BE4C3F5696: ConfigurationManager, init=-1: peers:[2285727f-3b37-43a1-be03-08405d345bae|rpc:10.1.0.130:33755|dataStream:10.1.0.130:34937|priority:1|startupRole:FOLLOWER]|listeners:[], old=null, confs=<EMPTY_MAP>
2023-03-15 06:54:09,292 [pool-1497-thread-1] INFO  server.RaftServerConfigKeys (ConfUtils.java:logGet(46)) - raft.server.storage.dir = [/home/runner/work/ozone/ozone/hadoop-ozone/integration-test/target/test-dir/MiniOzoneClusterImpl-88c1a39f-978e-429a-824f-6eda176bb531/datanode-0/data/ratis] (custom)
2023-03-15 06:54:09,293 [pool-1497-thread-1] INFO  server.RaftServerConfigKeys (ConfUtils.java:logGet(46)) - raft.server.log.corruption.policy = EXCEPTION (default)
2023-03-15 06:54:09,293 [pool-1497-thread-1] INFO  server.RaftServerConfigKeys (ConfUtils.java:logGet(46)) - raft.server.storage.free-space.min = 0MB (=0) (default)
2023-03-15 06:54:09,293 [pool-1497-thread-1] INFO  server.RaftServerConfigKeys (ConfUtils.java:logGet(46)) - raft.server.notification.no-leader.timeout = 300s (custom)
2023-03-15 06:54:09,293 [pool-1497-thread-1] INFO  server.RaftServerConfigKeys (ConfUtils.java:logGet(46)) - raft.server.retrycache.expirytime = 600000ms (custom)
2023-03-15 06:54:09,293 [pool-1497-thread-1] INFO  server.RaftServerConfigKeys (ConfUtils.java:logGet(46)) - raft.server.retrycache.statistics.expirytime = 100μs (default)
2023-03-15 06:54:09,294 [pool-1497-thread-1] INFO  server.RaftServerConfigKeys (ConfUtils.java:logGet(46)) - raft.server.log.appender.install.snapshot.enabled = false (custom)
2023-03-15 06:54:09,294 [pool-1497-thread-1] INFO  server.RaftServerConfigKeys (ConfUtils.java:logGet(46)) - raft.server.threadpool.server.cached = true (default)
2023-03-15 06:54:09,294 [pool-1497-thread-1] INFO  server.RaftServerConfigKeys (ConfUtils.java:logGet(46)) - raft.server.threadpool.server.size = 0 (default)
2023-03-15 06:54:09,294 [pool-1497-thread-1] INFO  server.RaftServerConfigKeys (ConfUtils.java:logGet(46)) - raft.server.threadpool.client.cached = true (default)
2023-03-15 06:54:09,294 [pool-1497-thread-1] INFO  server.RaftServerConfigKeys (ConfUtils.java:logGet(46)) - raft.server.threadpool.client.size = 0 (default)
2023-03-15 06:54:09,294 [pool-1497-thread-1] INFO  storage.RaftStorageDirectory (RaftStorageDirectoryImpl.java:analyzeStorage(137)) - The storage directory /home/runner/work/ozone/ozone/hadoop-ozone/integration-test/target/test-dir/MiniOzoneClusterImpl-88c1a39f-978e-429a-824f-6eda176bb531/datanode-0/data/ratis/6027103f-f5d3-4f9f-bf24-69be4c3f5696 does not exist. Creating ...
2023-03-15 06:54:09,295 [pool-1497-thread-1] INFO  storage.RaftStorageDirectory (RaftStorageDirectoryImpl.java:tryLock(231)) - Lock on /home/runner/work/ozone/ozone/hadoop-ozone/integration-test/target/test-dir/MiniOzoneClusterImpl-88c1a39f-978e-429a-824f-6eda176bb531/datanode-0/data/ratis/6027103f-f5d3-4f9f-bf24-69be4c3f5696/in_use.lock acquired by nodename 3629@fv-az210-452
2023-03-15 06:54:09,296 [pool-1497-thread-1] INFO  storage.RaftStorage (RaftStorageImpl.java:format(96)) - Storage directory /home/runner/work/ozone/ozone/hadoop-ozone/integration-test/target/test-dir/MiniOzoneClusterImpl-88c1a39f-978e-429a-824f-6eda176bb531/datanode-0/data/ratis/6027103f-f5d3-4f9f-bf24-69be4c3f5696 has been successfully formatted.
2023-03-15 06:54:09,298 [pool-1497-thread-1] INFO  ratis.ContainerStateMachine (ContainerStateMachine.java:loadSnapshot(262)) - group-69BE4C3F5696: The snapshot info is null. Setting the last applied indexto:(t:0, i:~)
2023-03-15 06:54:09,298 [pool-1497-thread-1] INFO  server.RaftServerConfigKeys (ConfUtils.java:logGet(46)) - raft.server.log.use.memory = false (default)
2023-03-15 06:54:09,298 [pool-1497-thread-1] INFO  server.RaftServerConfigKeys (ConfUtils.java:logGet(46)) - raft.server.log.purge.gap = 1000000 (custom)
2023-03-15 06:54:09,298 [pool-1497-thread-1] INFO  server.RaftServerConfigKeys (ConfUtils.java:logGet(46)) - raft.server.log.appender.buffer.byte-limit = 33554432 (custom)
2023-03-15 06:54:09,298 [pool-1497-thread-1] INFO  server.RaftServerConfigKeys (ConfUtils.java:logGet(46)) - raft.server.log.statemachine.data.read.timeout = 1000ms (default)
2023-03-15 06:54:09,299 [pool-1497-thread-1] INFO  server.RaftServerConfigKeys (ConfUtils.java:logGet(46)) - raft.server.log.purge.preservation.log.num = 0 (default)
2023-03-15 06:54:09,299 [EventQueue-PipelineReportForPipelineReportHandler] INFO  pipeline.PipelineManagerImpl (PipelineManagerImpl.java:openPipeline(367)) - Pipeline Pipeline[ Id: 6027103f-f5d3-4f9f-bf24-69be4c3f5696, Nodes: 2285727f-3b37-43a1-be03-08405d345bae(fv-az210-452.jgpbknbp5ljuxny3rrcz4t2bbd.bx.internal.cloudapp.net/10.1.0.130), ReplicationConfig: RATIS/ONE, State:ALLOCATED, leaderId:2285727f-3b37-43a1-be03-08405d345bae, CreationTimestamp2023-03-15T06:54:06.296Z[Etc/UTC]] moved to OPEN state
2023-03-15 06:54:09,299 [pool-1497-thread-1] INFO  server.RaftServerConfigKeys (ConfUtils.java:logGet(46)) - raft.server.log.segment.size.max = 1048576 (custom)
2023-03-15 06:54:09,299 [pool-1497-thread-1] INFO  server.RaftServerConfigKeys (ConfUtils.java:logGet(46)) - raft.server.log.segment.cache.num.max = 2 (custom)
2023-03-15 06:54:09,300 [pool-1497-thread-1] INFO  server.RaftServerConfigKeys (ConfUtils.java:logGet(46)) - raft.server.log.segment.cache.size.max = 200MB (=209715200) (default)
2023-03-15 06:54:09,300 [pool-1497-thread-1] INFO  segmented.SegmentedRaftLogWorker (SegmentedRaftLogWorker.java:<init>(189)) - new 2285727f-3b37-43a1-be03-08405d345bae@group-69BE4C3F5696-SegmentedRaftLogWorker for RaftStorageImpl:Storage Directory /home/runner/work/ozone/ozone/hadoop-ozone/integration-test/target/test-dir/MiniOzoneClusterImpl-88c1a39f-978e-429a-824f-6eda176bb531/datanode-0/data/ratis/6027103f-f5d3-4f9f-bf24-69be4c3f5696
2023-03-15 06:54:09,300 [pool-1497-thread-1] INFO  server.RaftServerConfigKeys (ConfUtils.java:logGet(46)) - raft.server.log.queue.byte-limit = 4294967296 (custom)
2023-03-15 06:54:09,300 [pool-1497-thread-1] INFO  server.RaftServerConfigKeys (ConfUtils.java:logGet(46)) - raft.server.log.queue.element-limit = 1024 (custom)
2023-03-15 06:54:09,300 [pool-1497-thread-1] INFO  server.RaftServerConfigKeys (ConfUtils.java:logGet(46)) - raft.server.log.segment.size.max = 1048576 (custom)
2023-03-15 06:54:09,300 [pool-1497-thread-1] INFO  server.RaftServerConfigKeys (ConfUtils.java:logGet(46)) - raft.server.log.preallocated.size = 16384 (custom)
2023-03-15 06:54:09,301 [pool-1497-thread-1] INFO  server.RaftServerConfigKeys (ConfUtils.java:logGet(46)) - raft.server.log.force.sync.num = 128 (default)
2023-03-15 06:54:09,301 [pool-1497-thread-1] INFO  server.RaftServerConfigKeys (ConfUtils.java:logGet(46)) - raft.server.log.statemachine.data.sync = true (default)
2023-03-15 06:54:09,301 [pool-1497-thread-1] INFO  server.RaftServerConfigKeys (ConfUtils.java:logGet(46)) - raft.server.log.statemachine.data.sync.timeout = 10s (default)
2023-03-15 06:54:09,304 [EventQueue-OpenPipelineForHealthyPipelineSafeModeRule] INFO  safemode.SCMSafeModeManager (HealthyPipelineSafeModeRule.java:process(137)) - SCM in safe mode. Healthy pipelines reported count is 0, required healthy pipeline reported count is 1
2023-03-15 06:54:09,304 [pool-1497-thread-1] INFO  server.RaftServerConfigKeys (ConfUtils.java:logGet(46)) - raft.server.log.statemachine.data.sync.timeout.retry = -1 (default)
2023-03-15 06:54:09,305 [pool-1497-thread-1] INFO  server.RaftServerConfigKeys (ConfUtils.java:logGet(46)) - raft.server.log.write.buffer.size = 1048576 (custom)
2023-03-15 06:54:09,305 [pool-1497-thread-1] INFO  server.RaftServerConfigKeys (ConfUtils.java:logGet(46)) - raft.server.log.appender.buffer.byte-limit = 33554432 (custom)
2023-03-15 06:54:09,311 [pool-1497-thread-1] INFO  server.RaftServerConfigKeys (ConfUtils.java:logGet(46)) - raft.server.log.unsafe-flush.enabled = false (default)
2023-03-15 06:54:09,311 [pool-1497-thread-1] INFO  server.RaftServerConfigKeys (ConfUtils.java:logGet(46)) - raft.server.log.async-flush.enabled = false (default)
2023-03-15 06:54:09,311 [pool-1497-thread-1] INFO  server.RaftServerConfigKeys (ConfUtils.java:logGet(46)) - raft.server.log.statemachine.data.caching.enabled = true (custom)
2023-03-15 06:54:09,311 [pool-1497-thread-1] INFO  segmented.SegmentedRaftLogWorker (SegmentedRaftLogWorker.java:lambda$new$0(135)) - 2285727f-3b37-43a1-be03-08405d345bae@group-69BE4C3F5696-SegmentedRaftLogWorker: flushIndex: setUnconditionally 0 -> -1
2023-03-15 06:54:09,311 [pool-1497-thread-1] INFO  segmented.SegmentedRaftLogWorker (SegmentedRaftLogWorker.java:lambda$new$0(135)) - 2285727f-3b37-43a1-be03-08405d345bae@group-69BE4C3F5696-SegmentedRaftLogWorker: safeCacheEvictIndex: setUnconditionally 0 -> -1
2023-03-15 06:54:09,311 [pool-1497-thread-1] INFO  server.RaftServer$Division (RaftServerImpl.java:start(334)) - 2285727f-3b37-43a1-be03-08405d345bae@group-69BE4C3F5696: start as a follower, conf=-1: peers:[2285727f-3b37-43a1-be03-08405d345bae|rpc:10.1.0.130:33755|dataStream:10.1.0.130:34937|priority:1|startupRole:FOLLOWER]|listeners:[], old=null
2023-03-15 06:54:09,311 [pool-1497-thread-1] INFO  server.RaftServer$Division (RaftServerImpl.java:setRole(321)) - 2285727f-3b37-43a1-be03-08405d345bae@group-69BE4C3F5696: changes role from      null to FOLLOWER at term 0 for startAsFollower
2023-03-15 06:54:09,311 [pool-1497-thread-1] INFO  impl.RoleInfo (RoleInfo.java:updateAndGet(139)) - 2285727f-3b37-43a1-be03-08405d345bae: start 2285727f-3b37-43a1-be03-08405d345bae@group-69BE4C3F5696-FollowerState
2023-03-15 06:54:09,312 [pool-1497-thread-1] INFO  util.JmxRegister (JmxRegister.java:tryRegister(44)) - Successfully registered JMX Bean with object name Ratis:service=RaftServer,group=group-69BE4C3F5696,id=2285727f-3b37-43a1-be03-08405d345bae
2023-03-15 06:54:09,312 [pool-1497-thread-1] INFO  server.RaftServerConfigKeys (ConfUtils.java:logGet(46)) - raft.server.snapshot.auto.trigger.enabled = true (custom)
2023-03-15 06:54:09,312 [pool-1497-thread-1] INFO  server.RaftServerConfigKeys (ConfUtils.java:logGet(46)) - raft.server.snapshot.auto.trigger.threshold = 10000 (custom)
2023-03-15 06:54:09,312 [pool-1497-thread-1] INFO  server.RaftServerConfigKeys (ConfUtils.java:logGet(46)) - raft.server.snapshot.retention.file.num = 5 (custom)
2023-03-15 06:54:09,312 [pool-1497-thread-1] INFO  server.RaftServerConfigKeys (ConfUtils.java:logGet(46)) - raft.server.log.purge.upto.snapshot.index = false (default)
2023-03-15 06:54:09,312 [2285727f-3b37-43a1-be03-08405d345bae@group-69BE4C3F5696-FollowerState] INFO  server.RaftServerConfigKeys (ConfUtils.java:logFallback(53)) - raft.server.rpc.first-election.timeout.min = 5s (fallback to raft.server.rpc.timeout.min)
2023-03-15 06:54:09,312 [2285727f-3b37-43a1-be03-08405d345bae@group-69BE4C3F5696-FollowerState] INFO  server.RaftServerConfigKeys (ConfUtils.java:logFallback(53)) - raft.server.rpc.first-election.timeout.max = 5200ms (fallback to raft.server.rpc.timeout.max)
2023-03-15 06:54:09,314 [Command processor thread] INFO  ratis.XceiverServerRatis (XceiverServerRatis.java:addGroup(807)) - Created group PipelineID=6027103f-f5d3-4f9f-bf24-69be4c3f5696
2023-03-15 06:54:09,314 [Command processor thread] INFO  commandhandler.CreatePipelineCommandHandler (CreatePipelineCommandHandler.java:handle(113)) - Created Pipeline RATIS ONE PipelineID=6027103f-f5d3-4f9f-bf24-69be4c3f5696.
2023-03-15 06:54:09,315 [Command processor thread] INFO  server.RaftServer (RaftServerProxy.java:addNew(96)) - 2285727f-3b37-43a1-be03-08405d345bae: addNew group-10FA924953B9:[1879f368-bd18-45a9-b41b-331daa2ef38f|rpc:10.1.0.130:44513|dataStream:10.1.0.130:41255|priority:0|startupRole:FOLLOWER, 2285727f-3b37-43a1-be03-08405d345bae|rpc:10.1.0.130:33755|dataStream:10.1.0.130:34937|priority:1|startupRole:FOLLOWER, af97f91c-1465-457e-8a10-e9683affa9d2|rpc:10.1.0.130:41791|dataStream:10.1.0.130:44691|priority:0|startupRole:FOLLOWER] returns group-10FA924953B9:java.util.concurrent.CompletableFuture@6ac4677e[Not completed]
2023-03-15 06:54:09,315 [pool-1497-thread-1] INFO  server.RaftServer$Division (RaftServerImpl.java:<init>(195)) - 2285727f-3b37-43a1-be03-08405d345bae: new RaftServerImpl for group-10FA924953B9:[1879f368-bd18-45a9-b41b-331daa2ef38f|rpc:10.1.0.130:44513|dataStream:10.1.0.130:41255|priority:0|startupRole:FOLLOWER, 2285727f-3b37-43a1-be03-08405d345bae|rpc:10.1.0.130:33755|dataStream:10.1.0.130:34937|priority:1|startupRole:FOLLOWER, af97f91c-1465-457e-8a10-e9683affa9d2|rpc:10.1.0.130:41791|dataStream:10.1.0.130:44691|priority:0|startupRole:FOLLOWER] with ContainerStateMachine:uninitialized
2023-03-15 06:54:09,316 [pool-1497-thread-1] INFO  server.RaftServerConfigKeys (ConfUtils.java:logGet(46)) - raft.server.rpc.timeout.min = 5s (custom)
2023-03-15 06:54:09,316 [pool-1497-thread-1] INFO  server.RaftServerConfigKeys (ConfUtils.java:logGet(46)) - raft.server.rpc.timeout.max = 5200ms (custom)
2023-03-15 06:54:09,316 [pool-1497-thread-1] INFO  server.RaftServerConfigKeys (ConfUtils.java:logGet(46)) - raft.server.rpc.sleep.time = 25ms (default)
2023-03-15 06:54:09,316 [pool-1497-thread-1] INFO  server.RaftServerConfigKeys (ConfUtils.java:logGet(46)) - raft.server.rpc.slowness.timeout = 300s (custom)
2023-03-15 06:54:09,316 [pool-1497-thread-1] INFO  server.RaftServerConfigKeys (ConfUtils.java:logGet(46)) - raft.server.leaderelection.leader.step-down.wait-time = 10s (default)
2023-03-15 06:54:09,316 [pool-1497-thread-1] INFO  server.RaftServerConfigKeys (ConfUtils.java:logGet(46)) - raft.server.sleep.deviation.threshold = 300ms (default)
2023-03-15 06:54:09,316 [pool-1497-thread-1] INFO  server.RaftServer$Division (ServerState.java:<init>(118)) - 2285727f-3b37-43a1-be03-08405d345bae@group-10FA924953B9: ConfigurationManager, init=-1: peers:[1879f368-bd18-45a9-b41b-331daa2ef38f|rpc:10.1.0.130:44513|dataStream:10.1.0.130:41255|priority:0|startupRole:FOLLOWER, 2285727f-3b37-43a1-be03-08405d345bae|rpc:10.1.0.130:33755|dataStream:10.1.0.130:34937|priority:1|startupRole:FOLLOWER, af97f91c-1465-457e-8a10-e9683affa9d2|rpc:10.1.0.130:41791|dataStream:10.1.0.130:44691|priority:0|startupRole:FOLLOWER]|listeners:[], old=null, confs=<EMPTY_MAP>
2023-03-15 06:54:09,316 [pool-1497-thread-1] INFO  server.RaftServerConfigKeys (ConfUtils.java:logGet(46)) - raft.server.storage.dir = [/home/runner/work/ozone/ozone/hadoop-ozone/integration-test/target/test-dir/MiniOzoneClusterImpl-88c1a39f-978e-429a-824f-6eda176bb531/datanode-0/data/ratis] (custom)
2023-03-15 06:54:09,316 [pool-1497-thread-1] INFO  server.RaftServerConfigKeys (ConfUtils.java:logGet(46)) - raft.server.log.corruption.policy = EXCEPTION (default)
2023-03-15 06:54:09,316 [pool-1497-thread-1] INFO  server.RaftServerConfigKeys (ConfUtils.java:logGet(46)) - raft.server.storage.free-space.min = 0MB (=0) (default)
2023-03-15 06:54:09,316 [pool-1497-thread-1] INFO  server.RaftServerConfigKeys (ConfUtils.java:logGet(46)) - raft.server.notification.no-leader.timeout = 300s (custom)
2023-03-15 06:54:09,316 [pool-1497-thread-1] INFO  server.RaftServerConfigKeys (ConfUtils.java:logGet(46)) - raft.server.retrycache.expirytime = 600000ms (custom)
2023-03-15 06:54:09,316 [pool-1497-thread-1] INFO  server.RaftServerConfigKeys (ConfUtils.java:logGet(46)) - raft.server.retrycache.statistics.expirytime = 100μs (default)
2023-03-15 06:54:09,317 [pool-1497-thread-1] INFO  server.RaftServerConfigKeys (ConfUtils.java:logGet(46)) - raft.server.log.appender.install.snapshot.enabled = false (custom)
2023-03-15 06:54:09,317 [pool-1497-thread-1] INFO  server.RaftServerConfigKeys (ConfUtils.java:logGet(46)) - raft.server.threadpool.server.cached = true (default)
2023-03-15 06:54:09,317 [pool-1497-thread-1] INFO  server.RaftServerConfigKeys (ConfUtils.java:logGet(46)) - raft.server.threadpool.server.size = 0 (default)
2023-03-15 06:54:09,317 [pool-1497-thread-1] INFO  server.RaftServerConfigKeys (ConfUtils.java:logGet(46)) - raft.server.threadpool.client.cached = true (default)
2023-03-15 06:54:09,317 [pool-1497-thread-1] INFO  server.RaftServerConfigKeys (ConfUtils.java:logGet(46)) - raft.server.threadpool.client.size = 0 (default)
2023-03-15 06:54:09,317 [pool-1497-thread-1] INFO  storage.RaftStorageDirectory (RaftStorageDirectoryImpl.java:analyzeStorage(137)) - The storage directory /home/runner/work/ozone/ozone/hadoop-ozone/integration-test/target/test-dir/MiniOzoneClusterImpl-88c1a39f-978e-429a-824f-6eda176bb531/datanode-0/data/ratis/48ca8924-e9aa-44b4-9839-10fa924953b9 does not exist. Creating ...
2023-03-15 06:54:09,318 [pool-1497-thread-1] INFO  storage.RaftStorageDirectory (RaftStorageDirectoryImpl.java:tryLock(231)) - Lock on /home/runner/work/ozone/ozone/hadoop-ozone/integration-test/target/test-dir/MiniOzoneClusterImpl-88c1a39f-978e-429a-824f-6eda176bb531/datanode-0/data/ratis/48ca8924-e9aa-44b4-9839-10fa924953b9/in_use.lock acquired by nodename 3629@fv-az210-452
2023-03-15 06:54:09,320 [pool-1497-thread-1] INFO  storage.RaftStorage (RaftStorageImpl.java:format(96)) - Storage directory /home/runner/work/ozone/ozone/hadoop-ozone/integration-test/target/test-dir/MiniOzoneClusterImpl-88c1a39f-978e-429a-824f-6eda176bb531/datanode-0/data/ratis/48ca8924-e9aa-44b4-9839-10fa924953b9 has been successfully formatted.
2023-03-15 06:54:09,320 [pool-1497-thread-1] INFO  ratis.ContainerStateMachine (ContainerStateMachine.java:loadSnapshot(262)) - group-10FA924953B9: The snapshot info is null. Setting the last applied indexto:(t:0, i:~)
2023-03-15 06:54:09,320 [pool-1497-thread-1] INFO  server.RaftServerConfigKeys (ConfUtils.java:logGet(46)) - raft.server.log.use.memory = false (default)
2023-03-15 06:54:09,320 [pool-1497-thread-1] INFO  server.RaftServerConfigKeys (ConfUtils.java:logGet(46)) - raft.server.log.purge.gap = 1000000 (custom)
2023-03-15 06:54:09,320 [pool-1497-thread-1] INFO  server.RaftServerConfigKeys (ConfUtils.java:logGet(46)) - raft.server.log.appender.buffer.byte-limit = 33554432 (custom)
2023-03-15 06:54:09,321 [pool-1497-thread-1] INFO  server.RaftServerConfigKeys (ConfUtils.java:logGet(46)) - raft.server.log.statemachine.data.read.timeout = 1000ms (default)
2023-03-15 06:54:09,321 [pool-1497-thread-1] INFO  server.RaftServerConfigKeys (ConfUtils.java:logGet(46)) - raft.server.log.purge.preservation.log.num = 0 (default)
2023-03-15 06:54:09,322 [EventQueue-OpenPipelineForHealthyPipelineSafeModeRule] INFO  safemode.SCMSafeModeManager (HealthyPipelineSafeModeRule.java:process(137)) - SCM in safe mode. Healthy pipelines reported count is 0, required healthy pipeline reported count is 1
2023-03-15 06:54:09,322 [pool-1497-thread-1] INFO  server.RaftServerConfigKeys (ConfUtils.java:logGet(46)) - raft.server.log.segment.size.max = 1048576 (custom)
2023-03-15 06:54:09,323 [pool-1497-thread-1] INFO  server.RaftServerConfigKeys (ConfUtils.java:logGet(46)) - raft.server.log.segment.cache.num.max = 2 (custom)
2023-03-15 06:54:09,323 [pool-1497-thread-1] INFO  server.RaftServerConfigKeys (ConfUtils.java:logGet(46)) - raft.server.log.segment.cache.size.max = 200MB (=209715200) (default)
2023-03-15 06:54:09,323 [pool-1497-thread-1] INFO  segmented.SegmentedRaftLogWorker (SegmentedRaftLogWorker.java:<init>(189)) - new 2285727f-3b37-43a1-be03-08405d345bae@group-10FA924953B9-SegmentedRaftLogWorker for RaftStorageImpl:Storage Directory /home/runner/work/ozone/ozone/hadoop-ozone/integration-test/target/test-dir/MiniOzoneClusterImpl-88c1a39f-978e-429a-824f-6eda176bb531/datanode-0/data/ratis/48ca8924-e9aa-44b4-9839-10fa924953b9
2023-03-15 06:54:09,323 [pool-1497-thread-1] INFO  server.RaftServerConfigKeys (ConfUtils.java:logGet(46)) - raft.server.log.queue.byte-limit = 4294967296 (custom)
2023-03-15 06:54:09,323 [pool-1497-thread-1] INFO  server.RaftServerConfigKeys (ConfUtils.java:logGet(46)) - raft.server.log.queue.element-limit = 1024 (custom)
2023-03-15 06:54:09,323 [pool-1497-thread-1] INFO  server.RaftServerConfigKeys (ConfUtils.java:logGet(46)) - raft.server.log.segment.size.max = 1048576 (custom)
2023-03-15 06:54:09,323 [pool-1497-thread-1] INFO  server.RaftServerConfigKeys (ConfUtils.java:logGet(46)) - raft.server.log.preallocated.size = 16384 (custom)
2023-03-15 06:54:09,323 [pool-1497-thread-1] INFO  server.RaftServerConfigKeys (ConfUtils.java:logGet(46)) - raft.server.log.force.sync.num = 128 (default)
2023-03-15 06:54:09,323 [pool-1497-thread-1] INFO  server.RaftServerConfigKeys (ConfUtils.java:logGet(46)) - raft.server.log.statemachine.data.sync = true (default)
2023-03-15 06:54:09,323 [pool-1497-thread-1] INFO  server.RaftServerConfigKeys (ConfUtils.java:logGet(46)) - raft.server.log.statemachine.data.sync.timeout = 10s (default)
2023-03-15 06:54:09,323 [pool-1497-thread-1] INFO  server.RaftServerConfigKeys (ConfUtils.java:logGet(46)) - raft.server.log.statemachine.data.sync.timeout.retry = -1 (default)
2023-03-15 06:54:09,324 [pool-1497-thread-1] INFO  server.RaftServerConfigKeys (ConfUtils.java:logGet(46)) - raft.server.log.write.buffer.size = 1048576 (custom)
2023-03-15 06:54:09,325 [pool-1497-thread-1] INFO  server.RaftServerConfigKeys (ConfUtils.java:logGet(46)) - raft.server.log.appender.buffer.byte-limit = 33554432 (custom)
2023-03-15 06:54:09,330 [pool-1497-thread-1] INFO  server.RaftServerConfigKeys (ConfUtils.java:logGet(46)) - raft.server.log.unsafe-flush.enabled = false (default)
2023-03-15 06:54:09,330 [pool-1497-thread-1] INFO  server.RaftServerConfigKeys (ConfUtils.java:logGet(46)) - raft.server.log.async-flush.enabled = false (default)
2023-03-15 06:54:09,330 [pool-1497-thread-1] INFO  server.RaftServerConfigKeys (ConfUtils.java:logGet(46)) - raft.server.log.statemachine.data.caching.enabled = true (custom)
2023-03-15 06:54:09,330 [pool-1497-thread-1] INFO  segmented.SegmentedRaftLogWorker (SegmentedRaftLogWorker.java:lambda$new$0(135)) - 2285727f-3b37-43a1-be03-08405d345bae@group-10FA924953B9-SegmentedRaftLogWorker: flushIndex: setUnconditionally 0 -> -1
2023-03-15 06:54:09,330 [pool-1497-thread-1] INFO  segmented.SegmentedRaftLogWorker (SegmentedRaftLogWorker.java:lambda$new$0(135)) - 2285727f-3b37-43a1-be03-08405d345bae@group-10FA924953B9-SegmentedRaftLogWorker: safeCacheEvictIndex: setUnconditionally 0 -> -1
2023-03-15 06:54:09,331 [pool-1497-thread-1] INFO  server.RaftServer$Division (RaftServerImpl.java:start(334)) - 2285727f-3b37-43a1-be03-08405d345bae@group-10FA924953B9: start as a follower, conf=-1: peers:[1879f368-bd18-45a9-b41b-331daa2ef38f|rpc:10.1.0.130:44513|dataStream:10.1.0.130:41255|priority:0|startupRole:FOLLOWER, 2285727f-3b37-43a1-be03-08405d345bae|rpc:10.1.0.130:33755|dataStream:10.1.0.130:34937|priority:1|startupRole:FOLLOWER, af97f91c-1465-457e-8a10-e9683affa9d2|rpc:10.1.0.130:41791|dataStream:10.1.0.130:44691|priority:0|startupRole:FOLLOWER]|listeners:[], old=null
2023-03-15 06:54:09,331 [pool-1497-thread-1] INFO  server.RaftServer$Division (RaftServerImpl.java:setRole(321)) - 2285727f-3b37-43a1-be03-08405d345bae@group-10FA924953B9: changes role from      null to FOLLOWER at term 0 for startAsFollower
2023-03-15 06:54:09,331 [pool-1497-thread-1] INFO  impl.RoleInfo (RoleInfo.java:updateAndGet(139)) - 2285727f-3b37-43a1-be03-08405d345bae: start 2285727f-3b37-43a1-be03-08405d345bae@group-10FA924953B9-FollowerState
2023-03-15 06:54:09,334 [pool-1497-thread-1] INFO  util.JmxRegister (JmxRegister.java:tryRegister(44)) - Successfully registered JMX Bean with object name Ratis:service=RaftServer,group=group-10FA924953B9,id=2285727f-3b37-43a1-be03-08405d345bae
2023-03-15 06:54:09,334 [pool-1497-thread-1] INFO  server.RaftServerConfigKeys (ConfUtils.java:logGet(46)) - raft.server.snapshot.auto.trigger.enabled = true (custom)
2023-03-15 06:54:09,334 [pool-1497-thread-1] INFO  server.RaftServerConfigKeys (ConfUtils.java:logGet(46)) - raft.server.snapshot.auto.trigger.threshold = 10000 (custom)
2023-03-15 06:54:09,335 [pool-1497-thread-1] INFO  server.RaftServerConfigKeys (ConfUtils.java:logGet(46)) - raft.server.snapshot.retention.file.num = 5 (custom)
2023-03-15 06:54:09,335 [pool-1497-thread-1] INFO  server.RaftServerConfigKeys (ConfUtils.java:logGet(46)) - raft.server.log.purge.upto.snapshot.index = false (default)
2023-03-15 06:54:09,335 [2285727f-3b37-43a1-be03-08405d345bae@group-10FA924953B9-FollowerState] INFO  server.RaftServerConfigKeys (ConfUtils.java:logFallback(53)) - raft.server.rpc.first-election.timeout.min = 5s (fallback to raft.server.rpc.timeout.min)
2023-03-15 06:54:09,335 [2285727f-3b37-43a1-be03-08405d345bae@group-10FA924953B9-FollowerState] INFO  server.RaftServerConfigKeys (ConfUtils.java:logFallback(53)) - raft.server.rpc.first-election.timeout.max = 5200ms (fallback to raft.server.rpc.timeout.max)
2023-03-15 06:54:09,336 [Command processor thread] INFO  ratis.XceiverServerRatis (XceiverServerRatis.java:addGroup(807)) - Created group PipelineID=48ca8924-e9aa-44b4-9839-10fa924953b9
2023-03-15 06:54:09,346 [grpc-default-executor-13] INFO  server.RaftServer (RaftServerProxy.java:addNew(96)) - 1879f368-bd18-45a9-b41b-331daa2ef38f: addNew group-10FA924953B9:[1879f368-bd18-45a9-b41b-331daa2ef38f|rpc:10.1.0.130:44513|dataStream:10.1.0.130:41255|priority:0|startupRole:FOLLOWER, 2285727f-3b37-43a1-be03-08405d345bae|rpc:10.1.0.130:33755|dataStream:10.1.0.130:34937|priority:1|startupRole:FOLLOWER, af97f91c-1465-457e-8a10-e9683affa9d2|rpc:10.1.0.130:41791|dataStream:10.1.0.130:44691|priority:0|startupRole:FOLLOWER] returns group-10FA924953B9:java.util.concurrent.CompletableFuture@4b671be3[Not completed]
2023-03-15 06:54:09,349 [pool-1519-thread-1] INFO  server.RaftServer$Division (RaftServerImpl.java:<init>(195)) - 1879f368-bd18-45a9-b41b-331daa2ef38f: new RaftServerImpl for group-10FA924953B9:[1879f368-bd18-45a9-b41b-331daa2ef38f|rpc:10.1.0.130:44513|dataStream:10.1.0.130:41255|priority:0|startupRole:FOLLOWER, 2285727f-3b37-43a1-be03-08405d345bae|rpc:10.1.0.130:33755|dataStream:10.1.0.130:34937|priority:1|startupRole:FOLLOWER, af97f91c-1465-457e-8a10-e9683affa9d2|rpc:10.1.0.130:41791|dataStream:10.1.0.130:44691|priority:0|startupRole:FOLLOWER] with ContainerStateMachine:uninitialized
2023-03-15 06:54:09,350 [pool-1519-thread-1] INFO  server.RaftServerConfigKeys (ConfUtils.java:logGet(46)) - raft.server.rpc.timeout.min = 5s (custom)
2023-03-15 06:54:09,350 [pool-1519-thread-1] INFO  server.RaftServerConfigKeys (ConfUtils.java:logGet(46)) - raft.server.rpc.timeout.max = 5200ms (custom)
2023-03-15 06:54:09,350 [pool-1519-thread-1] INFO  server.RaftServerConfigKeys (ConfUtils.java:logGet(46)) - raft.server.rpc.sleep.time = 25ms (default)
2023-03-15 06:54:09,350 [pool-1519-thread-1] INFO  server.RaftServerConfigKeys (ConfUtils.java:logGet(46)) - raft.server.rpc.slowness.timeout = 300s (custom)
2023-03-15 06:54:09,350 [pool-1519-thread-1] INFO  server.RaftServerConfigKeys (ConfUtils.java:logGet(46)) - raft.server.leaderelection.leader.step-down.wait-time = 10s (default)
2023-03-15 06:54:09,350 [pool-1519-thread-1] INFO  server.RaftServerConfigKeys (ConfUtils.java:logGet(46)) - raft.server.sleep.deviation.threshold = 300ms (default)
2023-03-15 06:54:09,350 [pool-1519-thread-1] INFO  server.RaftServer$Division (ServerState.java:<init>(118)) - 1879f368-bd18-45a9-b41b-331daa2ef38f@group-10FA924953B9: ConfigurationManager, init=-1: peers:[1879f368-bd18-45a9-b41b-331daa2ef38f|rpc:10.1.0.130:44513|dataStream:10.1.0.130:41255|priority:0|startupRole:FOLLOWER, 2285727f-3b37-43a1-be03-08405d345bae|rpc:10.1.0.130:33755|dataStream:10.1.0.130:34937|priority:1|startupRole:FOLLOWER, af97f91c-1465-457e-8a10-e9683affa9d2|rpc:10.1.0.130:41791|dataStream:10.1.0.130:44691|priority:0|startupRole:FOLLOWER]|listeners:[], old=null, confs=<EMPTY_MAP>
2023-03-15 06:54:09,350 [pool-1519-thread-1] INFO  server.RaftServerConfigKeys (ConfUtils.java:logGet(46)) - raft.server.storage.dir = [/home/runner/work/ozone/ozone/hadoop-ozone/integration-test/target/test-dir/MiniOzoneClusterImpl-88c1a39f-978e-429a-824f-6eda176bb531/datanode-1/data/ratis] (custom)
2023-03-15 06:54:09,350 [pool-1519-thread-1] INFO  server.RaftServerConfigKeys (ConfUtils.java:logGet(46)) - raft.server.log.corruption.policy = EXCEPTION (default)
2023-03-15 06:54:09,350 [pool-1519-thread-1] INFO  server.RaftServerConfigKeys (ConfUtils.java:logGet(46)) - raft.server.storage.free-space.min = 0MB (=0) (default)
2023-03-15 06:54:09,350 [pool-1519-thread-1] INFO  server.RaftServerConfigKeys (ConfUtils.java:logGet(46)) - raft.server.notification.no-leader.timeout = 300s (custom)
2023-03-15 06:54:09,350 [pool-1519-thread-1] INFO  server.RaftServerConfigKeys (ConfUtils.java:logGet(46)) - raft.server.retrycache.expirytime = 600000ms (custom)
2023-03-15 06:54:09,350 [pool-1519-thread-1] INFO  server.RaftServerConfigKeys (ConfUtils.java:logGet(46)) - raft.server.retrycache.statistics.expirytime = 100μs (default)
2023-03-15 06:54:09,351 [pool-1519-thread-1] INFO  server.RaftServerConfigKeys (ConfUtils.java:logGet(46)) - raft.server.log.appender.install.snapshot.enabled = false (custom)
2023-03-15 06:54:09,353 [pool-1519-thread-1] INFO  server.RaftServerConfigKeys (ConfUtils.java:logGet(46)) - raft.server.threadpool.server.cached = true (default)
2023-03-15 06:54:09,353 [pool-1519-thread-1] INFO  server.RaftServerConfigKeys (ConfUtils.java:logGet(46)) - raft.server.threadpool.server.size = 0 (default)
2023-03-15 06:54:09,354 [pool-1519-thread-1] INFO  server.RaftServerConfigKeys (ConfUtils.java:logGet(46)) - raft.server.threadpool.client.cached = true (default)
2023-03-15 06:54:09,354 [pool-1519-thread-1] INFO  server.RaftServerConfigKeys (ConfUtils.java:logGet(46)) - raft.server.threadpool.client.size = 0 (default)
2023-03-15 06:54:09,354 [pool-1519-thread-1] INFO  storage.RaftStorageDirectory (RaftStorageDirectoryImpl.java:analyzeStorage(137)) - The storage directory /home/runner/work/ozone/ozone/hadoop-ozone/integration-test/target/test-dir/MiniOzoneClusterImpl-88c1a39f-978e-429a-824f-6eda176bb531/datanode-1/data/ratis/48ca8924-e9aa-44b4-9839-10fa924953b9 does not exist. Creating ...
2023-03-15 06:54:09,355 [pool-1519-thread-1] INFO  storage.RaftStorageDirectory (RaftStorageDirectoryImpl.java:tryLock(231)) - Lock on /home/runner/work/ozone/ozone/hadoop-ozone/integration-test/target/test-dir/MiniOzoneClusterImpl-88c1a39f-978e-429a-824f-6eda176bb531/datanode-1/data/ratis/48ca8924-e9aa-44b4-9839-10fa924953b9/in_use.lock acquired by nodename 3629@fv-az210-452
2023-03-15 06:54:09,357 [pool-1519-thread-1] INFO  storage.RaftStorage (RaftStorageImpl.java:format(96)) - Storage directory /home/runner/work/ozone/ozone/hadoop-ozone/integration-test/target/test-dir/MiniOzoneClusterImpl-88c1a39f-978e-429a-824f-6eda176bb531/datanode-1/data/ratis/48ca8924-e9aa-44b4-9839-10fa924953b9 has been successfully formatted.
2023-03-15 06:54:09,358 [pool-1519-thread-1] INFO  ratis.ContainerStateMachine (ContainerStateMachine.java:loadSnapshot(262)) - group-10FA924953B9: The snapshot info is null. Setting the last applied indexto:(t:0, i:~)
2023-03-15 06:54:09,358 [pool-1519-thread-1] INFO  server.RaftServerConfigKeys (ConfUtils.java:logGet(46)) - raft.server.log.use.memory = false (default)
2023-03-15 06:54:09,360 [pool-1519-thread-1] INFO  server.RaftServerConfigKeys (ConfUtils.java:logGet(46)) - raft.server.log.purge.gap = 1000000 (custom)
2023-03-15 06:54:09,361 [pool-1519-thread-1] INFO  server.RaftServerConfigKeys (ConfUtils.java:logGet(46)) - raft.server.log.appender.buffer.byte-limit = 33554432 (custom)
2023-03-15 06:54:09,361 [pool-1519-thread-1] INFO  server.RaftServerConfigKeys (ConfUtils.java:logGet(46)) - raft.server.log.statemachine.data.read.timeout = 1000ms (default)
2023-03-15 06:54:09,361 [pool-1519-thread-1] INFO  server.RaftServerConfigKeys (ConfUtils.java:logGet(46)) - raft.server.log.purge.preservation.log.num = 0 (default)
2023-03-15 06:54:09,361 [pool-1519-thread-1] INFO  server.RaftServerConfigKeys (ConfUtils.java:logGet(46)) - raft.server.log.segment.size.max = 1048576 (custom)
2023-03-15 06:54:09,361 [pool-1519-thread-1] INFO  server.RaftServerConfigKeys (ConfUtils.java:logGet(46)) - raft.server.log.segment.cache.num.max = 2 (custom)
2023-03-15 06:54:09,361 [pool-1519-thread-1] INFO  server.RaftServerConfigKeys (ConfUtils.java:logGet(46)) - raft.server.log.segment.cache.size.max = 200MB (=209715200) (default)
2023-03-15 06:54:09,361 [pool-1519-thread-1] INFO  segmented.SegmentedRaftLogWorker (SegmentedRaftLogWorker.java:<init>(189)) - new 1879f368-bd18-45a9-b41b-331daa2ef38f@group-10FA924953B9-SegmentedRaftLogWorker for RaftStorageImpl:Storage Directory /home/runner/work/ozone/ozone/hadoop-ozone/integration-test/target/test-dir/MiniOzoneClusterImpl-88c1a39f-978e-429a-824f-6eda176bb531/datanode-1/data/ratis/48ca8924-e9aa-44b4-9839-10fa924953b9
2023-03-15 06:54:09,361 [pool-1519-thread-1] INFO  server.RaftServerConfigKeys (ConfUtils.java:logGet(46)) - raft.server.log.queue.byte-limit = 4294967296 (custom)
2023-03-15 06:54:09,361 [pool-1519-thread-1] INFO  server.RaftServerConfigKeys (ConfUtils.java:logGet(46)) - raft.server.log.queue.element-limit = 1024 (custom)
2023-03-15 06:54:09,361 [pool-1519-thread-1] INFO  server.RaftServerConfigKeys (ConfUtils.java:logGet(46)) - raft.server.log.segment.size.max = 1048576 (custom)
2023-03-15 06:54:09,362 [pool-1519-thread-1] INFO  server.RaftServerConfigKeys (ConfUtils.java:logGet(46)) - raft.server.log.preallocated.size = 16384 (custom)
2023-03-15 06:54:09,362 [pool-1519-thread-1] INFO  server.RaftServerConfigKeys (ConfUtils.java:logGet(46)) - raft.server.log.force.sync.num = 128 (default)
2023-03-15 06:54:09,362 [pool-1519-thread-1] INFO  server.RaftServerConfigKeys (ConfUtils.java:logGet(46)) - raft.server.log.statemachine.data.sync = true (default)
2023-03-15 06:54:09,362 [pool-1519-thread-1] INFO  server.RaftServerConfigKeys (ConfUtils.java:logGet(46)) - raft.server.log.statemachine.data.sync.timeout = 10s (default)
2023-03-15 06:54:09,362 [pool-1519-thread-1] INFO  server.RaftServerConfigKeys (ConfUtils.java:logGet(46)) - raft.server.log.statemachine.data.sync.timeout.retry = -1 (default)
2023-03-15 06:54:09,362 [pool-1519-thread-1] INFO  server.RaftServerConfigKeys (ConfUtils.java:logGet(46)) - raft.server.log.write.buffer.size = 1048576 (custom)
2023-03-15 06:54:09,363 [pool-1519-thread-1] INFO  server.RaftServerConfigKeys (ConfUtils.java:logGet(46)) - raft.server.log.appender.buffer.byte-limit = 33554432 (custom)
2023-03-15 06:54:09,369 [pool-1519-thread-1] INFO  server.RaftServerConfigKeys (ConfUtils.java:logGet(46)) - raft.server.log.unsafe-flush.enabled = false (default)
2023-03-15 06:54:09,369 [pool-1519-thread-1] INFO  server.RaftServerConfigKeys (ConfUtils.java:logGet(46)) - raft.server.log.async-flush.enabled = false (default)
2023-03-15 06:54:09,369 [pool-1519-thread-1] INFO  server.RaftServerConfigKeys (ConfUtils.java:logGet(46)) - raft.server.log.statemachine.data.caching.enabled = true (custom)
2023-03-15 06:54:09,369 [pool-1519-thread-1] INFO  segmented.SegmentedRaftLogWorker (SegmentedRaftLogWorker.java:lambda$new$0(135)) - 1879f368-bd18-45a9-b41b-331daa2ef38f@group-10FA924953B9-SegmentedRaftLogWorker: flushIndex: setUnconditionally 0 -> -1
2023-03-15 06:54:09,369 [pool-1519-thread-1] INFO  segmented.SegmentedRaftLogWorker (SegmentedRaftLogWorker.java:lambda$new$0(135)) - 1879f368-bd18-45a9-b41b-331daa2ef38f@group-10FA924953B9-SegmentedRaftLogWorker: safeCacheEvictIndex: setUnconditionally 0 -> -1
2023-03-15 06:54:09,369 [pool-1519-thread-1] INFO  server.RaftServer$Division (RaftServerImpl.java:start(334)) - 1879f368-bd18-45a9-b41b-331daa2ef38f@group-10FA924953B9: start as a follower, conf=-1: peers:[1879f368-bd18-45a9-b41b-331daa2ef38f|rpc:10.1.0.130:44513|dataStream:10.1.0.130:41255|priority:0|startupRole:FOLLOWER, 2285727f-3b37-43a1-be03-08405d345bae|rpc:10.1.0.130:33755|dataStream:10.1.0.130:34937|priority:1|startupRole:FOLLOWER, af97f91c-1465-457e-8a10-e9683affa9d2|rpc:10.1.0.130:41791|dataStream:10.1.0.130:44691|priority:0|startupRole:FOLLOWER]|listeners:[], old=null
2023-03-15 06:54:09,369 [pool-1519-thread-1] INFO  server.RaftServer$Division (RaftServerImpl.java:setRole(321)) - 1879f368-bd18-45a9-b41b-331daa2ef38f@group-10FA924953B9: changes role from      null to FOLLOWER at term 0 for startAsFollower
2023-03-15 06:54:09,370 [pool-1519-thread-1] INFO  impl.RoleInfo (RoleInfo.java:updateAndGet(139)) - 1879f368-bd18-45a9-b41b-331daa2ef38f: start 1879f368-bd18-45a9-b41b-331daa2ef38f@group-10FA924953B9-FollowerState
2023-03-15 06:54:09,370 [pool-1519-thread-1] INFO  util.JmxRegister (JmxRegister.java:tryRegister(44)) - Successfully registered JMX Bean with object name Ratis:service=RaftServer,group=group-10FA924953B9,id=1879f368-bd18-45a9-b41b-331daa2ef38f
2023-03-15 06:54:09,370 [pool-1519-thread-1] INFO  server.RaftServerConfigKeys (ConfUtils.java:logGet(46)) - raft.server.snapshot.auto.trigger.enabled = true (custom)
2023-03-15 06:54:09,370 [pool-1519-thread-1] INFO  server.RaftServerConfigKeys (ConfUtils.java:logGet(46)) - raft.server.snapshot.auto.trigger.threshold = 10000 (custom)
2023-03-15 06:54:09,370 [pool-1519-thread-1] INFO  server.RaftServerConfigKeys (ConfUtils.java:logGet(46)) - raft.server.snapshot.retention.file.num = 5 (custom)
2023-03-15 06:54:09,370 [pool-1519-thread-1] INFO  server.RaftServerConfigKeys (ConfUtils.java:logGet(46)) - raft.server.log.purge.upto.snapshot.index = false (default)
2023-03-15 06:54:09,371 [1879f368-bd18-45a9-b41b-331daa2ef38f@group-10FA924953B9-FollowerState] INFO  server.RaftServerConfigKeys (ConfUtils.java:logFallback(53)) - raft.server.rpc.first-election.timeout.min = 5s (fallback to raft.server.rpc.timeout.min)
2023-03-15 06:54:09,371 [1879f368-bd18-45a9-b41b-331daa2ef38f@group-10FA924953B9-FollowerState] INFO  server.RaftServerConfigKeys (ConfUtils.java:logFallback(53)) - raft.server.rpc.first-election.timeout.max = 5200ms (fallback to raft.server.rpc.timeout.max)
2023-03-15 06:54:09,394 [grpc-default-executor-13] INFO  server.RaftServer (RaftServerProxy.java:addNew(96)) - af97f91c-1465-457e-8a10-e9683affa9d2: addNew group-10FA924953B9:[1879f368-bd18-45a9-b41b-331daa2ef38f|rpc:10.1.0.130:44513|dataStream:10.1.0.130:41255|priority:0|startupRole:FOLLOWER, 2285727f-3b37-43a1-be03-08405d345bae|rpc:10.1.0.130:33755|dataStream:10.1.0.130:34937|priority:1|startupRole:FOLLOWER, af97f91c-1465-457e-8a10-e9683affa9d2|rpc:10.1.0.130:41791|dataStream:10.1.0.130:44691|priority:0|startupRole:FOLLOWER] returns group-10FA924953B9:java.util.concurrent.CompletableFuture@e135ac8[Not completed]
2023-03-15 06:54:09,395 [pool-1541-thread-1] INFO  server.RaftServer$Division (RaftServerImpl.java:<init>(195)) - af97f91c-1465-457e-8a10-e9683affa9d2: new RaftServerImpl for group-10FA924953B9:[1879f368-bd18-45a9-b41b-331daa2ef38f|rpc:10.1.0.130:44513|dataStream:10.1.0.130:41255|priority:0|startupRole:FOLLOWER, 2285727f-3b37-43a1-be03-08405d345bae|rpc:10.1.0.130:33755|dataStream:10.1.0.130:34937|priority:1|startupRole:FOLLOWER, af97f91c-1465-457e-8a10-e9683affa9d2|rpc:10.1.0.130:41791|dataStream:10.1.0.130:44691|priority:0|startupRole:FOLLOWER] with ContainerStateMachine:uninitialized
2023-03-15 06:54:09,395 [pool-1541-thread-1] INFO  server.RaftServerConfigKeys (ConfUtils.java:logGet(46)) - raft.server.rpc.timeout.min = 5s (custom)
2023-03-15 06:54:09,395 [pool-1541-thread-1] INFO  server.RaftServerConfigKeys (ConfUtils.java:logGet(46)) - raft.server.rpc.timeout.max = 5200ms (custom)
2023-03-15 06:54:09,395 [pool-1541-thread-1] INFO  server.RaftServerConfigKeys (ConfUtils.java:logGet(46)) - raft.server.rpc.sleep.time = 25ms (default)
2023-03-15 06:54:09,396 [pool-1541-thread-1] INFO  server.RaftServerConfigKeys (ConfUtils.java:logGet(46)) - raft.server.rpc.slowness.timeout = 300s (custom)
2023-03-15 06:54:09,396 [pool-1541-thread-1] INFO  server.RaftServerConfigKeys (ConfUtils.java:logGet(46)) - raft.server.leaderelection.leader.step-down.wait-time = 10s (default)
2023-03-15 06:54:09,396 [pool-1541-thread-1] INFO  server.RaftServerConfigKeys (ConfUtils.java:logGet(46)) - raft.server.sleep.deviation.threshold = 300ms (default)
2023-03-15 06:54:09,396 [pool-1541-thread-1] INFO  server.RaftServer$Division (ServerState.java:<init>(118)) - af97f91c-1465-457e-8a10-e9683affa9d2@group-10FA924953B9: ConfigurationManager, init=-1: peers:[1879f368-bd18-45a9-b41b-331daa2ef38f|rpc:10.1.0.130:44513|dataStream:10.1.0.130:41255|priority:0|startupRole:FOLLOWER, 2285727f-3b37-43a1-be03-08405d345bae|rpc:10.1.0.130:33755|dataStream:10.1.0.130:34937|priority:1|startupRole:FOLLOWER, af97f91c-1465-457e-8a10-e9683affa9d2|rpc:10.1.0.130:41791|dataStream:10.1.0.130:44691|priority:0|startupRole:FOLLOWER]|listeners:[], old=null, confs=<EMPTY_MAP>
2023-03-15 06:54:09,396 [pool-1541-thread-1] INFO  server.RaftServerConfigKeys (ConfUtils.java:logGet(46)) - raft.server.storage.dir = [/home/runner/work/ozone/ozone/hadoop-ozone/integration-test/target/test-dir/MiniOzoneClusterImpl-88c1a39f-978e-429a-824f-6eda176bb531/datanode-2/data/ratis] (custom)
2023-03-15 06:54:09,396 [pool-1541-thread-1] INFO  server.RaftServerConfigKeys (ConfUtils.java:logGet(46)) - raft.server.log.corruption.policy = EXCEPTION (default)
2023-03-15 06:54:09,396 [pool-1541-thread-1] INFO  server.RaftServerConfigKeys (ConfUtils.java:logGet(46)) - raft.server.storage.free-space.min = 0MB (=0) (default)
2023-03-15 06:54:09,396 [pool-1541-thread-1] INFO  server.RaftServerConfigKeys (ConfUtils.java:logGet(46)) - raft.server.notification.no-leader.timeout = 300s (custom)
2023-03-15 06:54:09,396 [pool-1541-thread-1] INFO  server.RaftServerConfigKeys (ConfUtils.java:logGet(46)) - raft.server.retrycache.expirytime = 600000ms (custom)
2023-03-15 06:54:09,396 [pool-1541-thread-1] INFO  server.RaftServerConfigKeys (ConfUtils.java:logGet(46)) - raft.server.retrycache.statistics.expirytime = 100μs (default)
2023-03-15 06:54:09,397 [pool-1541-thread-1] INFO  server.RaftServerConfigKeys (ConfUtils.java:logGet(46)) - raft.server.log.appender.install.snapshot.enabled = false (custom)
2023-03-15 06:54:09,397 [pool-1541-thread-1] INFO  server.RaftServerConfigKeys (ConfUtils.java:logGet(46)) - raft.server.threadpool.server.cached = true (default)
2023-03-15 06:54:09,397 [pool-1541-thread-1] INFO  server.RaftServerConfigKeys (ConfUtils.java:logGet(46)) - raft.server.threadpool.server.size = 0 (default)
2023-03-15 06:54:09,397 [pool-1541-thread-1] INFO  server.RaftServerConfigKeys (ConfUtils.java:logGet(46)) - raft.server.threadpool.client.cached = true (default)
2023-03-15 06:54:09,397 [pool-1541-thread-1] INFO  server.RaftServerConfigKeys (ConfUtils.java:logGet(46)) - raft.server.threadpool.client.size = 0 (default)
2023-03-15 06:54:09,398 [pool-1541-thread-1] INFO  storage.RaftStorageDirectory (RaftStorageDirectoryImpl.java:analyzeStorage(137)) - The storage directory /home/runner/work/ozone/ozone/hadoop-ozone/integration-test/target/test-dir/MiniOzoneClusterImpl-88c1a39f-978e-429a-824f-6eda176bb531/datanode-2/data/ratis/48ca8924-e9aa-44b4-9839-10fa924953b9 does not exist. Creating ...
2023-03-15 06:54:09,399 [pool-1541-thread-1] INFO  storage.RaftStorageDirectory (RaftStorageDirectoryImpl.java:tryLock(231)) - Lock on /home/runner/work/ozone/ozone/hadoop-ozone/integration-test/target/test-dir/MiniOzoneClusterImpl-88c1a39f-978e-429a-824f-6eda176bb531/datanode-2/data/ratis/48ca8924-e9aa-44b4-9839-10fa924953b9/in_use.lock acquired by nodename 3629@fv-az210-452
2023-03-15 06:54:09,400 [pool-1541-thread-1] INFO  storage.RaftStorage (RaftStorageImpl.java:format(96)) - Storage directory /home/runner/work/ozone/ozone/hadoop-ozone/integration-test/target/test-dir/MiniOzoneClusterImpl-88c1a39f-978e-429a-824f-6eda176bb531/datanode-2/data/ratis/48ca8924-e9aa-44b4-9839-10fa924953b9 has been successfully formatted.
2023-03-15 06:54:09,401 [pool-1541-thread-1] INFO  ratis.ContainerStateMachine (ContainerStateMachine.java:loadSnapshot(262)) - group-10FA924953B9: The snapshot info is null. Setting the last applied indexto:(t:0, i:~)
2023-03-15 06:54:09,402 [pool-1541-thread-1] INFO  server.RaftServerConfigKeys (ConfUtils.java:logGet(46)) - raft.server.log.use.memory = false (default)
2023-03-15 06:54:09,402 [pool-1541-thread-1] INFO  server.RaftServerConfigKeys (ConfUtils.java:logGet(46)) - raft.server.log.purge.gap = 1000000 (custom)
2023-03-15 06:54:09,402 [pool-1541-thread-1] INFO  server.RaftServerConfigKeys (ConfUtils.java:logGet(46)) - raft.server.log.appender.buffer.byte-limit = 33554432 (custom)
2023-03-15 06:54:09,402 [pool-1541-thread-1] INFO  server.RaftServerConfigKeys (ConfUtils.java:logGet(46)) - raft.server.log.statemachine.data.read.timeout = 1000ms (default)
2023-03-15 06:54:09,402 [pool-1541-thread-1] INFO  server.RaftServerConfigKeys (ConfUtils.java:logGet(46)) - raft.server.log.purge.preservation.log.num = 0 (default)
2023-03-15 06:54:09,402 [pool-1541-thread-1] INFO  server.RaftServerConfigKeys (ConfUtils.java:logGet(46)) - raft.server.log.segment.size.max = 1048576 (custom)
2023-03-15 06:54:09,403 [pool-1541-thread-1] INFO  server.RaftServerConfigKeys (ConfUtils.java:logGet(46)) - raft.server.log.segment.cache.num.max = 2 (custom)
2023-03-15 06:54:09,403 [pool-1541-thread-1] INFO  server.RaftServerConfigKeys (ConfUtils.java:logGet(46)) - raft.server.log.segment.cache.size.max = 200MB (=209715200) (default)
2023-03-15 06:54:09,403 [pool-1541-thread-1] INFO  segmented.SegmentedRaftLogWorker (SegmentedRaftLogWorker.java:<init>(189)) - new af97f91c-1465-457e-8a10-e9683affa9d2@group-10FA924953B9-SegmentedRaftLogWorker for RaftStorageImpl:Storage Directory /home/runner/work/ozone/ozone/hadoop-ozone/integration-test/target/test-dir/MiniOzoneClusterImpl-88c1a39f-978e-429a-824f-6eda176bb531/datanode-2/data/ratis/48ca8924-e9aa-44b4-9839-10fa924953b9
2023-03-15 06:54:09,403 [pool-1541-thread-1] INFO  server.RaftServerConfigKeys (ConfUtils.java:logGet(46)) - raft.server.log.queue.byte-limit = 4294967296 (custom)
2023-03-15 06:54:09,403 [pool-1541-thread-1] INFO  server.RaftServerConfigKeys (ConfUtils.java:logGet(46)) - raft.server.log.queue.element-limit = 1024 (custom)
2023-03-15 06:54:09,403 [pool-1541-thread-1] INFO  server.RaftServerConfigKeys (ConfUtils.java:logGet(46)) - raft.server.log.segment.size.max = 1048576 (custom)
2023-03-15 06:54:09,403 [pool-1541-thread-1] INFO  server.RaftServerConfigKeys (ConfUtils.java:logGet(46)) - raft.server.log.preallocated.size = 16384 (custom)
2023-03-15 06:54:09,403 [pool-1541-thread-1] INFO  server.RaftServerConfigKeys (ConfUtils.java:logGet(46)) - raft.server.log.force.sync.num = 128 (default)
2023-03-15 06:54:09,403 [pool-1541-thread-1] INFO  server.RaftServerConfigKeys (ConfUtils.java:logGet(46)) - raft.server.log.statemachine.data.sync = true (default)
2023-03-15 06:54:09,403 [pool-1541-thread-1] INFO  server.RaftServerConfigKeys (ConfUtils.java:logGet(46)) - raft.server.log.statemachine.data.sync.timeout = 10s (default)
2023-03-15 06:54:09,403 [pool-1541-thread-1] INFO  server.RaftServerConfigKeys (ConfUtils.java:logGet(46)) - raft.server.log.statemachine.data.sync.timeout.retry = -1 (default)
2023-03-15 06:54:09,404 [pool-1541-thread-1] INFO  server.RaftServerConfigKeys (ConfUtils.java:logGet(46)) - raft.server.log.write.buffer.size = 1048576 (custom)
2023-03-15 06:54:09,404 [pool-1541-thread-1] INFO  server.RaftServerConfigKeys (ConfUtils.java:logGet(46)) - raft.server.log.appender.buffer.byte-limit = 33554432 (custom)
2023-03-15 06:54:09,410 [pool-1541-thread-1] INFO  server.RaftServerConfigKeys (ConfUtils.java:logGet(46)) - raft.server.log.unsafe-flush.enabled = false (default)
2023-03-15 06:54:09,410 [pool-1541-thread-1] INFO  server.RaftServerConfigKeys (ConfUtils.java:logGet(46)) - raft.server.log.async-flush.enabled = false (default)
2023-03-15 06:54:09,410 [pool-1541-thread-1] INFO  server.RaftServerConfigKeys (ConfUtils.java:logGet(46)) - raft.server.log.statemachine.data.caching.enabled = true (custom)
2023-03-15 06:54:09,410 [pool-1541-thread-1] INFO  segmented.SegmentedRaftLogWorker (SegmentedRaftLogWorker.java:lambda$new$0(135)) - af97f91c-1465-457e-8a10-e9683affa9d2@group-10FA924953B9-SegmentedRaftLogWorker: flushIndex: setUnconditionally 0 -> -1
2023-03-15 06:54:09,410 [pool-1541-thread-1] INFO  segmented.SegmentedRaftLogWorker (SegmentedRaftLogWorker.java:lambda$new$0(135)) - af97f91c-1465-457e-8a10-e9683affa9d2@group-10FA924953B9-SegmentedRaftLogWorker: safeCacheEvictIndex: setUnconditionally 0 -> -1
2023-03-15 06:54:09,410 [pool-1541-thread-1] INFO  server.RaftServer$Division (RaftServerImpl.java:start(334)) - af97f91c-1465-457e-8a10-e9683affa9d2@group-10FA924953B9: start as a follower, conf=-1: peers:[1879f368-bd18-45a9-b41b-331daa2ef38f|rpc:10.1.0.130:44513|dataStream:10.1.0.130:41255|priority:0|startupRole:FOLLOWER, 2285727f-3b37-43a1-be03-08405d345bae|rpc:10.1.0.130:33755|dataStream:10.1.0.130:34937|priority:1|startupRole:FOLLOWER, af97f91c-1465-457e-8a10-e9683affa9d2|rpc:10.1.0.130:41791|dataStream:10.1.0.130:44691|priority:0|startupRole:FOLLOWER]|listeners:[], old=null
2023-03-15 06:54:09,410 [pool-1541-thread-1] INFO  server.RaftServer$Division (RaftServerImpl.java:setRole(321)) - af97f91c-1465-457e-8a10-e9683affa9d2@group-10FA924953B9: changes role from      null to FOLLOWER at term 0 for startAsFollower
2023-03-15 06:54:09,410 [pool-1541-thread-1] INFO  impl.RoleInfo (RoleInfo.java:updateAndGet(139)) - af97f91c-1465-457e-8a10-e9683affa9d2: start af97f91c-1465-457e-8a10-e9683affa9d2@group-10FA924953B9-FollowerState
2023-03-15 06:54:09,411 [pool-1541-thread-1] INFO  util.JmxRegister (JmxRegister.java:tryRegister(44)) - Successfully registered JMX Bean with object name Ratis:service=RaftServer,group=group-10FA924953B9,id=af97f91c-1465-457e-8a10-e9683affa9d2
2023-03-15 06:54:09,411 [af97f91c-1465-457e-8a10-e9683affa9d2@group-10FA924953B9-FollowerState] INFO  server.RaftServerConfigKeys (ConfUtils.java:logFallback(53)) - raft.server.rpc.first-election.timeout.min = 5s (fallback to raft.server.rpc.timeout.min)
2023-03-15 06:54:09,411 [af97f91c-1465-457e-8a10-e9683affa9d2@group-10FA924953B9-FollowerState] INFO  server.RaftServerConfigKeys (ConfUtils.java:logFallback(53)) - raft.server.rpc.first-election.timeout.max = 5200ms (fallback to raft.server.rpc.timeout.max)
2023-03-15 06:54:09,411 [pool-1541-thread-1] INFO  server.RaftServerConfigKeys (ConfUtils.java:logGet(46)) - raft.server.snapshot.auto.trigger.enabled = true (custom)
2023-03-15 06:54:09,411 [pool-1541-thread-1] INFO  server.RaftServerConfigKeys (ConfUtils.java:logGet(46)) - raft.server.snapshot.auto.trigger.threshold = 10000 (custom)
2023-03-15 06:54:09,411 [pool-1541-thread-1] INFO  server.RaftServerConfigKeys (ConfUtils.java:logGet(46)) - raft.server.snapshot.retention.file.num = 5 (custom)
2023-03-15 06:54:09,411 [pool-1541-thread-1] INFO  server.RaftServerConfigKeys (ConfUtils.java:logGet(46)) - raft.server.log.purge.upto.snapshot.index = false (default)
2023-03-15 06:54:09,415 [Command processor thread] INFO  commandhandler.CreatePipelineCommandHandler (CreatePipelineCommandHandler.java:handle(113)) - Created Pipeline RATIS THREE PipelineID=48ca8924-e9aa-44b4-9839-10fa924953b9.
2023-03-15 06:54:09,415 [Command processor thread] INFO  server.RaftServer (RaftServerProxy.java:addNew(96)) - 2285727f-3b37-43a1-be03-08405d345bae: addNew group-3E4EB95A61F3:[1879f368-bd18-45a9-b41b-331daa2ef38f|rpc:10.1.0.130:44513|dataStream:10.1.0.130:41255|priority:0|startupRole:FOLLOWER, 2285727f-3b37-43a1-be03-08405d345bae|rpc:10.1.0.130:33755|dataStream:10.1.0.130:34937|priority:0|startupRole:FOLLOWER, af97f91c-1465-457e-8a10-e9683affa9d2|rpc:10.1.0.130:41791|dataStream:10.1.0.130:44691|priority:1|startupRole:FOLLOWER] returns group-3E4EB95A61F3:java.util.concurrent.CompletableFuture@3b58b9e[Not completed]
2023-03-15 06:54:09,416 [pool-1497-thread-1] INFO  server.RaftServer$Division (RaftServerImpl.java:<init>(195)) - 2285727f-3b37-43a1-be03-08405d345bae: new RaftServerImpl for group-3E4EB95A61F3:[1879f368-bd18-45a9-b41b-331daa2ef38f|rpc:10.1.0.130:44513|dataStream:10.1.0.130:41255|priority:0|startupRole:FOLLOWER, 2285727f-3b37-43a1-be03-08405d345bae|rpc:10.1.0.130:33755|dataStream:10.1.0.130:34937|priority:0|startupRole:FOLLOWER, af97f91c-1465-457e-8a10-e9683affa9d2|rpc:10.1.0.130:41791|dataStream:10.1.0.130:44691|priority:1|startupRole:FOLLOWER] with ContainerStateMachine:uninitialized
2023-03-15 06:54:09,416 [pool-1497-thread-1] INFO  server.RaftServerConfigKeys (ConfUtils.java:logGet(46)) - raft.server.rpc.timeout.min = 5s (custom)
2023-03-15 06:54:09,416 [pool-1497-thread-1] INFO  server.RaftServerConfigKeys (ConfUtils.java:logGet(46)) - raft.server.rpc.timeout.max = 5200ms (custom)
2023-03-15 06:54:09,416 [pool-1497-thread-1] INFO  server.RaftServerConfigKeys (ConfUtils.java:logGet(46)) - raft.server.rpc.sleep.time = 25ms (default)
2023-03-15 06:54:09,416 [pool-1497-thread-1] INFO  server.RaftServerConfigKeys (ConfUtils.java:logGet(46)) - raft.server.rpc.slowness.timeout = 300s (custom)
2023-03-15 06:54:09,416 [pool-1497-thread-1] INFO  server.RaftServerConfigKeys (ConfUtils.java:logGet(46)) - raft.server.leaderelection.leader.step-down.wait-time = 10s (default)
2023-03-15 06:54:09,416 [pool-1497-thread-1] INFO  server.RaftServerConfigKeys (ConfUtils.java:logGet(46)) - raft.server.sleep.deviation.threshold = 300ms (default)
2023-03-15 06:54:09,416 [pool-1497-thread-1] INFO  server.RaftServer$Division (ServerState.java:<init>(118)) - 2285727f-3b37-43a1-be03-08405d345bae@group-3E4EB95A61F3: ConfigurationManager, init=-1: peers:[1879f368-bd18-45a9-b41b-331daa2ef38f|rpc:10.1.0.130:44513|dataStream:10.1.0.130:41255|priority:0|startupRole:FOLLOWER, 2285727f-3b37-43a1-be03-08405d345bae|rpc:10.1.0.130:33755|dataStream:10.1.0.130:34937|priority:0|startupRole:FOLLOWER, af97f91c-1465-457e-8a10-e9683affa9d2|rpc:10.1.0.130:41791|dataStream:10.1.0.130:44691|priority:1|startupRole:FOLLOWER]|listeners:[], old=null, confs=<EMPTY_MAP>
2023-03-15 06:54:09,416 [pool-1497-thread-1] INFO  server.RaftServerConfigKeys (ConfUtils.java:logGet(46)) - raft.server.storage.dir = [/home/runner/work/ozone/ozone/hadoop-ozone/integration-test/target/test-dir/MiniOzoneClusterImpl-88c1a39f-978e-429a-824f-6eda176bb531/datanode-0/data/ratis] (custom)
2023-03-15 06:54:09,416 [pool-1497-thread-1] INFO  server.RaftServerConfigKeys (ConfUtils.java:logGet(46)) - raft.server.log.corruption.policy = EXCEPTION (default)
2023-03-15 06:54:09,417 [pool-1497-thread-1] INFO  server.RaftServerConfigKeys (ConfUtils.java:logGet(46)) - raft.server.storage.free-space.min = 0MB (=0) (default)
2023-03-15 06:54:09,417 [pool-1497-thread-1] INFO  server.RaftServerConfigKeys (ConfUtils.java:logGet(46)) - raft.server.notification.no-leader.timeout = 300s (custom)
2023-03-15 06:54:09,417 [pool-1497-thread-1] INFO  server.RaftServerConfigKeys (ConfUtils.java:logGet(46)) - raft.server.retrycache.expirytime = 600000ms (custom)
2023-03-15 06:54:09,417 [pool-1497-thread-1] INFO  server.RaftServerConfigKeys (ConfUtils.java:logGet(46)) - raft.server.retrycache.statistics.expirytime = 100μs (default)
2023-03-15 06:54:09,417 [pool-1497-thread-1] INFO  server.RaftServerConfigKeys (ConfUtils.java:logGet(46)) - raft.server.log.appender.install.snapshot.enabled = false (custom)
2023-03-15 06:54:09,417 [pool-1497-thread-1] INFO  server.RaftServerConfigKeys (ConfUtils.java:logGet(46)) - raft.server.threadpool.server.cached = true (default)
2023-03-15 06:54:09,417 [pool-1497-thread-1] INFO  server.RaftServerConfigKeys (ConfUtils.java:logGet(46)) - raft.server.threadpool.server.size = 0 (default)
2023-03-15 06:54:09,417 [pool-1497-thread-1] INFO  server.RaftServerConfigKeys (ConfUtils.java:logGet(46)) - raft.server.threadpool.client.cached = true (default)
2023-03-15 06:54:09,418 [pool-1497-thread-1] INFO  server.RaftServerConfigKeys (ConfUtils.java:logGet(46)) - raft.server.threadpool.client.size = 0 (default)
2023-03-15 06:54:09,418 [pool-1497-thread-1] INFO  storage.RaftStorageDirectory (RaftStorageDirectoryImpl.java:analyzeStorage(137)) - The storage directory /home/runner/work/ozone/ozone/hadoop-ozone/integration-test/target/test-dir/MiniOzoneClusterImpl-88c1a39f-978e-429a-824f-6eda176bb531/datanode-0/data/ratis/619f2717-6a1d-4ffc-9a7b-3e4eb95a61f3 does not exist. Creating ...
2023-03-15 06:54:09,419 [pool-1497-thread-1] INFO  storage.RaftStorageDirectory (RaftStorageDirectoryImpl.java:tryLock(231)) - Lock on /home/runner/work/ozone/ozone/hadoop-ozone/integration-test/target/test-dir/MiniOzoneClusterImpl-88c1a39f-978e-429a-824f-6eda176bb531/datanode-0/data/ratis/619f2717-6a1d-4ffc-9a7b-3e4eb95a61f3/in_use.lock acquired by nodename 3629@fv-az210-452
2023-03-15 06:54:09,420 [pool-1497-thread-1] INFO  storage.RaftStorage (RaftStorageImpl.java:format(96)) - Storage directory /home/runner/work/ozone/ozone/hadoop-ozone/integration-test/target/test-dir/MiniOzoneClusterImpl-88c1a39f-978e-429a-824f-6eda176bb531/datanode-0/data/ratis/619f2717-6a1d-4ffc-9a7b-3e4eb95a61f3 has been successfully formatted.
2023-03-15 06:54:09,420 [pool-1497-thread-1] INFO  ratis.ContainerStateMachine (ContainerStateMachine.java:loadSnapshot(262)) - group-3E4EB95A61F3: The snapshot info is null. Setting the last applied indexto:(t:0, i:~)
2023-03-15 06:54:09,420 [pool-1497-thread-1] INFO  server.RaftServerConfigKeys (ConfUtils.java:logGet(46)) - raft.server.log.use.memory = false (default)
2023-03-15 06:54:09,420 [pool-1497-thread-1] INFO  server.RaftServerConfigKeys (ConfUtils.java:logGet(46)) - raft.server.log.purge.gap = 1000000 (custom)
2023-03-15 06:54:09,420 [pool-1497-thread-1] INFO  server.RaftServerConfigKeys (ConfUtils.java:logGet(46)) - raft.server.log.appender.buffer.byte-limit = 33554432 (custom)
2023-03-15 06:54:09,420 [pool-1497-thread-1] INFO  server.RaftServerConfigKeys (ConfUtils.java:logGet(46)) - raft.server.log.statemachine.data.read.timeout = 1000ms (default)
2023-03-15 06:54:09,420 [pool-1497-thread-1] INFO  server.RaftServerConfigKeys (ConfUtils.java:logGet(46)) - raft.server.log.purge.preservation.log.num = 0 (default)
2023-03-15 06:54:09,421 [pool-1497-thread-1] INFO  server.RaftServerConfigKeys (ConfUtils.java:logGet(46)) - raft.server.log.segment.size.max = 1048576 (custom)
2023-03-15 06:54:09,421 [EventQueue-OpenPipelineForHealthyPipelineSafeModeRule] INFO  safemode.SCMSafeModeManager (HealthyPipelineSafeModeRule.java:process(137)) - SCM in safe mode. Healthy pipelines reported count is 0, required healthy pipeline reported count is 1
2023-03-15 06:54:09,422 [pool-1497-thread-1] INFO  server.RaftServerConfigKeys (ConfUtils.java:logGet(46)) - raft.server.log.segment.cache.num.max = 2 (custom)
2023-03-15 06:54:09,422 [pool-1497-thread-1] INFO  server.RaftServerConfigKeys (ConfUtils.java:logGet(46)) - raft.server.log.segment.cache.size.max = 200MB (=209715200) (default)
2023-03-15 06:54:09,422 [pool-1497-thread-1] INFO  segmented.SegmentedRaftLogWorker (SegmentedRaftLogWorker.java:<init>(189)) - new 2285727f-3b37-43a1-be03-08405d345bae@group-3E4EB95A61F3-SegmentedRaftLogWorker for RaftStorageImpl:Storage Directory /home/runner/work/ozone/ozone/hadoop-ozone/integration-test/target/test-dir/MiniOzoneClusterImpl-88c1a39f-978e-429a-824f-6eda176bb531/datanode-0/data/ratis/619f2717-6a1d-4ffc-9a7b-3e4eb95a61f3
2023-03-15 06:54:09,422 [pool-1497-thread-1] INFO  server.RaftServerConfigKeys (ConfUtils.java:logGet(46)) - raft.server.log.queue.byte-limit = 4294967296 (custom)
2023-03-15 06:54:09,422 [pool-1497-thread-1] INFO  server.RaftServerConfigKeys (ConfUtils.java:logGet(46)) - raft.server.log.queue.element-limit = 1024 (custom)
2023-03-15 06:54:09,422 [pool-1497-thread-1] INFO  server.RaftServerConfigKeys (ConfUtils.java:logGet(46)) - raft.server.log.segment.size.max = 1048576 (custom)
2023-03-15 06:54:09,422 [pool-1497-thread-1] INFO  server.RaftServerConfigKeys (ConfUtils.java:logGet(46)) - raft.server.log.preallocated.size = 16384 (custom)
2023-03-15 06:54:09,422 [pool-1497-thread-1] INFO  server.RaftServerConfigKeys (ConfUtils.java:logGet(46)) - raft.server.log.force.sync.num = 128 (default)
2023-03-15 06:54:09,422 [pool-1497-thread-1] INFO  server.RaftServerConfigKeys (ConfUtils.java:logGet(46)) - raft.server.log.statemachine.data.sync = true (default)
2023-03-15 06:54:09,423 [pool-1497-thread-1] INFO  server.RaftServerConfigKeys (ConfUtils.java:logGet(46)) - raft.server.log.statemachine.data.sync.timeout = 10s (default)
2023-03-15 06:54:09,423 [pool-1497-thread-1] INFO  server.RaftServerConfigKeys (ConfUtils.java:logGet(46)) - raft.server.log.statemachine.data.sync.timeout.retry = -1 (default)
2023-03-15 06:54:09,423 [pool-1497-thread-1] INFO  server.RaftServerConfigKeys (ConfUtils.java:logGet(46)) - raft.server.log.write.buffer.size = 1048576 (custom)
2023-03-15 06:54:09,424 [pool-1497-thread-1] INFO  server.RaftServerConfigKeys (ConfUtils.java:logGet(46)) - raft.server.log.appender.buffer.byte-limit = 33554432 (custom)
2023-03-15 06:54:09,429 [pool-1497-thread-1] INFO  server.RaftServerConfigKeys (ConfUtils.java:logGet(46)) - raft.server.log.unsafe-flush.enabled = false (default)
2023-03-15 06:54:09,429 [pool-1497-thread-1] INFO  server.RaftServerConfigKeys (ConfUtils.java:logGet(46)) - raft.server.log.async-flush.enabled = false (default)
2023-03-15 06:54:09,429 [pool-1497-thread-1] INFO  server.RaftServerConfigKeys (ConfUtils.java:logGet(46)) - raft.server.log.statemachine.data.caching.enabled = true (custom)
2023-03-15 06:54:09,429 [pool-1497-thread-1] INFO  segmented.SegmentedRaftLogWorker (SegmentedRaftLogWorker.java:lambda$new$0(135)) - 2285727f-3b37-43a1-be03-08405d345bae@group-3E4EB95A61F3-SegmentedRaftLogWorker: flushIndex: setUnconditionally 0 -> -1
2023-03-15 06:54:09,429 [pool-1497-thread-1] INFO  segmented.SegmentedRaftLogWorker (SegmentedRaftLogWorker.java:lambda$new$0(135)) - 2285727f-3b37-43a1-be03-08405d345bae@group-3E4EB95A61F3-SegmentedRaftLogWorker: safeCacheEvictIndex: setUnconditionally 0 -> -1
2023-03-15 06:54:09,430 [pool-1497-thread-1] INFO  server.RaftServer$Division (RaftServerImpl.java:start(334)) - 2285727f-3b37-43a1-be03-08405d345bae@group-3E4EB95A61F3: start as a follower, conf=-1: peers:[1879f368-bd18-45a9-b41b-331daa2ef38f|rpc:10.1.0.130:44513|dataStream:10.1.0.130:41255|priority:0|startupRole:FOLLOWER, 2285727f-3b37-43a1-be03-08405d345bae|rpc:10.1.0.130:33755|dataStream:10.1.0.130:34937|priority:0|startupRole:FOLLOWER, af97f91c-1465-457e-8a10-e9683affa9d2|rpc:10.1.0.130:41791|dataStream:10.1.0.130:44691|priority:1|startupRole:FOLLOWER]|listeners:[], old=null
2023-03-15 06:54:09,430 [pool-1497-thread-1] INFO  server.RaftServer$Division (RaftServerImpl.java:setRole(321)) - 2285727f-3b37-43a1-be03-08405d345bae@group-3E4EB95A61F3: changes role from      null to FOLLOWER at term 0 for startAsFollower
2023-03-15 06:54:09,430 [pool-1497-thread-1] INFO  impl.RoleInfo (RoleInfo.java:updateAndGet(139)) - 2285727f-3b37-43a1-be03-08405d345bae: start 2285727f-3b37-43a1-be03-08405d345bae@group-3E4EB95A61F3-FollowerState
2023-03-15 06:54:09,430 [2285727f-3b37-43a1-be03-08405d345bae@group-3E4EB95A61F3-FollowerState] INFO  server.RaftServerConfigKeys (ConfUtils.java:logFallback(53)) - raft.server.rpc.first-election.timeout.min = 5s (fallback to raft.server.rpc.timeout.min)
2023-03-15 06:54:09,430 [pool-1497-thread-1] INFO  util.JmxRegister (JmxRegister.java:tryRegister(44)) - Successfully registered JMX Bean with object name Ratis:service=RaftServer,group=group-3E4EB95A61F3,id=2285727f-3b37-43a1-be03-08405d345bae
2023-03-15 06:54:09,430 [2285727f-3b37-43a1-be03-08405d345bae@group-3E4EB95A61F3-FollowerState] INFO  server.RaftServerConfigKeys (ConfUtils.java:logFallback(53)) - raft.server.rpc.first-election.timeout.max = 5200ms (fallback to raft.server.rpc.timeout.max)
2023-03-15 06:54:09,430 [pool-1497-thread-1] INFO  server.RaftServerConfigKeys (ConfUtils.java:logGet(46)) - raft.server.snapshot.auto.trigger.enabled = true (custom)
2023-03-15 06:54:09,430 [pool-1497-thread-1] INFO  server.RaftServerConfigKeys (ConfUtils.java:logGet(46)) - raft.server.snapshot.auto.trigger.threshold = 10000 (custom)
2023-03-15 06:54:09,430 [pool-1497-thread-1] INFO  server.RaftServerConfigKeys (ConfUtils.java:logGet(46)) - raft.server.snapshot.retention.file.num = 5 (custom)
2023-03-15 06:54:09,430 [pool-1497-thread-1] INFO  server.RaftServerConfigKeys (ConfUtils.java:logGet(46)) - raft.server.log.purge.upto.snapshot.index = false (default)
2023-03-15 06:54:09,431 [Command processor thread] INFO  ratis.XceiverServerRatis (XceiverServerRatis.java:addGroup(807)) - Created group PipelineID=619f2717-6a1d-4ffc-9a7b-3e4eb95a61f3
2023-03-15 06:54:09,441 [pool-1519-thread-1] INFO  server.RaftServer$Division (RaftServerImpl.java:<init>(195)) - 1879f368-bd18-45a9-b41b-331daa2ef38f: new RaftServerImpl for group-3E4EB95A61F3:[1879f368-bd18-45a9-b41b-331daa2ef38f|rpc:10.1.0.130:44513|dataStream:10.1.0.130:41255|priority:0|startupRole:FOLLOWER, 2285727f-3b37-43a1-be03-08405d345bae|rpc:10.1.0.130:33755|dataStream:10.1.0.130:34937|priority:0|startupRole:FOLLOWER, af97f91c-1465-457e-8a10-e9683affa9d2|rpc:10.1.0.130:41791|dataStream:10.1.0.130:44691|priority:1|startupRole:FOLLOWER] with ContainerStateMachine:uninitialized
2023-03-15 06:54:09,441 [pool-1519-thread-1] INFO  server.RaftServerConfigKeys (ConfUtils.java:logGet(46)) - raft.server.rpc.timeout.min = 5s (custom)
2023-03-15 06:54:09,441 [pool-1519-thread-1] INFO  server.RaftServerConfigKeys (ConfUtils.java:logGet(46)) - raft.server.rpc.timeout.max = 5200ms (custom)
2023-03-15 06:54:09,441 [pool-1519-thread-1] INFO  server.RaftServerConfigKeys (ConfUtils.java:logGet(46)) - raft.server.rpc.sleep.time = 25ms (default)
2023-03-15 06:54:09,441 [pool-1519-thread-1] INFO  server.RaftServerConfigKeys (ConfUtils.java:logGet(46)) - raft.server.rpc.slowness.timeout = 300s (custom)
2023-03-15 06:54:09,441 [pool-1519-thread-1] INFO  server.RaftServerConfigKeys (ConfUtils.java:logGet(46)) - raft.server.leaderelection.leader.step-down.wait-time = 10s (default)
2023-03-15 06:54:09,441 [pool-1519-thread-1] INFO  server.RaftServerConfigKeys (ConfUtils.java:logGet(46)) - raft.server.sleep.deviation.threshold = 300ms (default)
2023-03-15 06:54:09,442 [pool-1519-thread-1] INFO  server.RaftServer$Division (ServerState.java:<init>(118)) - 1879f368-bd18-45a9-b41b-331daa2ef38f@group-3E4EB95A61F3: ConfigurationManager, init=-1: peers:[1879f368-bd18-45a9-b41b-331daa2ef38f|rpc:10.1.0.130:44513|dataStream:10.1.0.130:41255|priority:0|startupRole:FOLLOWER, 2285727f-3b37-43a1-be03-08405d345bae|rpc:10.1.0.130:33755|dataStream:10.1.0.130:34937|priority:0|startupRole:FOLLOWER, af97f91c-1465-457e-8a10-e9683affa9d2|rpc:10.1.0.130:41791|dataStream:10.1.0.130:44691|priority:1|startupRole:FOLLOWER]|listeners:[], old=null, confs=<EMPTY_MAP>
2023-03-15 06:54:09,442 [pool-1519-thread-1] INFO  server.RaftServerConfigKeys (ConfUtils.java:logGet(46)) - raft.server.storage.dir = [/home/runner/work/ozone/ozone/hadoop-ozone/integration-test/target/test-dir/MiniOzoneClusterImpl-88c1a39f-978e-429a-824f-6eda176bb531/datanode-1/data/ratis] (custom)
2023-03-15 06:54:09,442 [pool-1519-thread-1] INFO  server.RaftServerConfigKeys (ConfUtils.java:logGet(46)) - raft.server.log.corruption.policy = EXCEPTION (default)
2023-03-15 06:54:09,442 [pool-1519-thread-1] INFO  server.RaftServerConfigKeys (ConfUtils.java:logGet(46)) - raft.server.storage.free-space.min = 0MB (=0) (default)
2023-03-15 06:54:09,442 [pool-1519-thread-1] INFO  server.RaftServerConfigKeys (ConfUtils.java:logGet(46)) - raft.server.notification.no-leader.timeout = 300s (custom)
2023-03-15 06:54:09,442 [pool-1519-thread-1] INFO  server.RaftServerConfigKeys (ConfUtils.java:logGet(46)) - raft.server.retrycache.expirytime = 600000ms (custom)
2023-03-15 06:54:09,442 [pool-1519-thread-1] INFO  server.RaftServerConfigKeys (ConfUtils.java:logGet(46)) - raft.server.retrycache.statistics.expirytime = 100μs (default)
2023-03-15 06:54:09,442 [grpc-default-executor-13] INFO  server.RaftServer (RaftServerProxy.java:addNew(96)) - 1879f368-bd18-45a9-b41b-331daa2ef38f: addNew group-3E4EB95A61F3:[1879f368-bd18-45a9-b41b-331daa2ef38f|rpc:10.1.0.130:44513|dataStream:10.1.0.130:41255|priority:0|startupRole:FOLLOWER, 2285727f-3b37-43a1-be03-08405d345bae|rpc:10.1.0.130:33755|dataStream:10.1.0.130:34937|priority:0|startupRole:FOLLOWER, af97f91c-1465-457e-8a10-e9683affa9d2|rpc:10.1.0.130:41791|dataStream:10.1.0.130:44691|priority:1|startupRole:FOLLOWER] returns group-3E4EB95A61F3:java.util.concurrent.CompletableFuture@79c7cf37[Not completed]
2023-03-15 06:54:09,443 [pool-1519-thread-1] INFO  server.RaftServerConfigKeys (ConfUtils.java:logGet(46)) - raft.server.log.appender.install.snapshot.enabled = false (custom)
2023-03-15 06:54:09,443 [pool-1519-thread-1] INFO  server.RaftServerConfigKeys (ConfUtils.java:logGet(46)) - raft.server.threadpool.server.cached = true (default)
2023-03-15 06:54:09,443 [pool-1519-thread-1] INFO  server.RaftServerConfigKeys (ConfUtils.java:logGet(46)) - raft.server.threadpool.server.size = 0 (default)
2023-03-15 06:54:09,443 [pool-1519-thread-1] INFO  server.RaftServerConfigKeys (ConfUtils.java:logGet(46)) - raft.server.threadpool.client.cached = true (default)
2023-03-15 06:54:09,443 [pool-1519-thread-1] INFO  server.RaftServerConfigKeys (ConfUtils.java:logGet(46)) - raft.server.threadpool.client.size = 0 (default)
2023-03-15 06:54:09,443 [pool-1519-thread-1] INFO  storage.RaftStorageDirectory (RaftStorageDirectoryImpl.java:analyzeStorage(137)) - The storage directory /home/runner/work/ozone/ozone/hadoop-ozone/integration-test/target/test-dir/MiniOzoneClusterImpl-88c1a39f-978e-429a-824f-6eda176bb531/datanode-1/data/ratis/619f2717-6a1d-4ffc-9a7b-3e4eb95a61f3 does not exist. Creating ...
2023-03-15 06:54:09,448 [pool-1519-thread-1] INFO  storage.RaftStorageDirectory (RaftStorageDirectoryImpl.java:tryLock(231)) - Lock on /home/runner/work/ozone/ozone/hadoop-ozone/integration-test/target/test-dir/MiniOzoneClusterImpl-88c1a39f-978e-429a-824f-6eda176bb531/datanode-1/data/ratis/619f2717-6a1d-4ffc-9a7b-3e4eb95a61f3/in_use.lock acquired by nodename 3629@fv-az210-452
2023-03-15 06:54:09,450 [pool-1519-thread-1] INFO  storage.RaftStorage (RaftStorageImpl.java:format(96)) - Storage directory /home/runner/work/ozone/ozone/hadoop-ozone/integration-test/target/test-dir/MiniOzoneClusterImpl-88c1a39f-978e-429a-824f-6eda176bb531/datanode-1/data/ratis/619f2717-6a1d-4ffc-9a7b-3e4eb95a61f3 has been successfully formatted.
2023-03-15 06:54:09,452 [pool-1519-thread-1] INFO  ratis.ContainerStateMachine (ContainerStateMachine.java:loadSnapshot(262)) - group-3E4EB95A61F3: The snapshot info is null. Setting the last applied indexto:(t:0, i:~)
2023-03-15 06:54:09,452 [pool-1519-thread-1] INFO  server.RaftServerConfigKeys (ConfUtils.java:logGet(46)) - raft.server.log.use.memory = false (default)
2023-03-15 06:54:09,452 [pool-1519-thread-1] INFO  server.RaftServerConfigKeys (ConfUtils.java:logGet(46)) - raft.server.log.purge.gap = 1000000 (custom)
2023-03-15 06:54:09,452 [pool-1519-thread-1] INFO  server.RaftServerConfigKeys (ConfUtils.java:logGet(46)) - raft.server.log.appender.buffer.byte-limit = 33554432 (custom)
2023-03-15 06:54:09,452 [pool-1519-thread-1] INFO  server.RaftServerConfigKeys (ConfUtils.java:logGet(46)) - raft.server.log.statemachine.data.read.timeout = 1000ms (default)
2023-03-15 06:54:09,452 [pool-1519-thread-1] INFO  server.RaftServerConfigKeys (ConfUtils.java:logGet(46)) - raft.server.log.purge.preservation.log.num = 0 (default)
2023-03-15 06:54:09,453 [pool-1519-thread-1] INFO  server.RaftServerConfigKeys (ConfUtils.java:logGet(46)) - raft.server.log.segment.size.max = 1048576 (custom)
2023-03-15 06:54:09,454 [pool-1519-thread-1] INFO  server.RaftServerConfigKeys (ConfUtils.java:logGet(46)) - raft.server.log.segment.cache.num.max = 2 (custom)
2023-03-15 06:54:09,454 [pool-1519-thread-1] INFO  server.RaftServerConfigKeys (ConfUtils.java:logGet(46)) - raft.server.log.segment.cache.size.max = 200MB (=209715200) (default)
2023-03-15 06:54:09,454 [pool-1519-thread-1] INFO  segmented.SegmentedRaftLogWorker (SegmentedRaftLogWorker.java:<init>(189)) - new 1879f368-bd18-45a9-b41b-331daa2ef38f@group-3E4EB95A61F3-SegmentedRaftLogWorker for RaftStorageImpl:Storage Directory /home/runner/work/ozone/ozone/hadoop-ozone/integration-test/target/test-dir/MiniOzoneClusterImpl-88c1a39f-978e-429a-824f-6eda176bb531/datanode-1/data/ratis/619f2717-6a1d-4ffc-9a7b-3e4eb95a61f3
2023-03-15 06:54:09,454 [pool-1519-thread-1] INFO  server.RaftServerConfigKeys (ConfUtils.java:logGet(46)) - raft.server.log.queue.byte-limit = 4294967296 (custom)
2023-03-15 06:54:09,454 [pool-1519-thread-1] INFO  server.RaftServerConfigKeys (ConfUtils.java:logGet(46)) - raft.server.log.queue.element-limit = 1024 (custom)
2023-03-15 06:54:09,454 [pool-1519-thread-1] INFO  server.RaftServerConfigKeys (ConfUtils.java:logGet(46)) - raft.server.log.segment.size.max = 1048576 (custom)
2023-03-15 06:54:09,454 [pool-1519-thread-1] INFO  server.RaftServerConfigKeys (ConfUtils.java:logGet(46)) - raft.server.log.preallocated.size = 16384 (custom)
2023-03-15 06:54:09,454 [pool-1519-thread-1] INFO  server.RaftServerConfigKeys (ConfUtils.java:logGet(46)) - raft.server.log.force.sync.num = 128 (default)
2023-03-15 06:54:09,454 [pool-1519-thread-1] INFO  server.RaftServerConfigKeys (ConfUtils.java:logGet(46)) - raft.server.log.statemachine.data.sync = true (default)
2023-03-15 06:54:09,454 [pool-1519-thread-1] INFO  server.RaftServerConfigKeys (ConfUtils.java:logGet(46)) - raft.server.log.statemachine.data.sync.timeout = 10s (default)
2023-03-15 06:54:09,454 [pool-1519-thread-1] INFO  server.RaftServerConfigKeys (ConfUtils.java:logGet(46)) - raft.server.log.statemachine.data.sync.timeout.retry = -1 (default)
2023-03-15 06:54:09,455 [pool-1519-thread-1] INFO  server.RaftServerConfigKeys (ConfUtils.java:logGet(46)) - raft.server.log.write.buffer.size = 1048576 (custom)
2023-03-15 06:54:09,457 [pool-1519-thread-1] INFO  server.RaftServerConfigKeys (ConfUtils.java:logGet(46)) - raft.server.log.appender.buffer.byte-limit = 33554432 (custom)
2023-03-15 06:54:09,463 [pool-1519-thread-1] INFO  server.RaftServerConfigKeys (ConfUtils.java:logGet(46)) - raft.server.log.unsafe-flush.enabled = false (default)
2023-03-15 06:54:09,463 [pool-1519-thread-1] INFO  server.RaftServerConfigKeys (ConfUtils.java:logGet(46)) - raft.server.log.async-flush.enabled = false (default)
2023-03-15 06:54:09,463 [pool-1519-thread-1] INFO  server.RaftServerConfigKeys (ConfUtils.java:logGet(46)) - raft.server.log.statemachine.data.caching.enabled = true (custom)
2023-03-15 06:54:09,463 [pool-1519-thread-1] INFO  segmented.SegmentedRaftLogWorker (SegmentedRaftLogWorker.java:lambda$new$0(135)) - 1879f368-bd18-45a9-b41b-331daa2ef38f@group-3E4EB95A61F3-SegmentedRaftLogWorker: flushIndex: setUnconditionally 0 -> -1
2023-03-15 06:54:09,463 [pool-1519-thread-1] INFO  segmented.SegmentedRaftLogWorker (SegmentedRaftLogWorker.java:lambda$new$0(135)) - 1879f368-bd18-45a9-b41b-331daa2ef38f@group-3E4EB95A61F3-SegmentedRaftLogWorker: safeCacheEvictIndex: setUnconditionally 0 -> -1
2023-03-15 06:54:09,463 [pool-1519-thread-1] INFO  server.RaftServer$Division (RaftServerImpl.java:start(334)) - 1879f368-bd18-45a9-b41b-331daa2ef38f@group-3E4EB95A61F3: start as a follower, conf=-1: peers:[1879f368-bd18-45a9-b41b-331daa2ef38f|rpc:10.1.0.130:44513|dataStream:10.1.0.130:41255|priority:0|startupRole:FOLLOWER, 2285727f-3b37-43a1-be03-08405d345bae|rpc:10.1.0.130:33755|dataStream:10.1.0.130:34937|priority:0|startupRole:FOLLOWER, af97f91c-1465-457e-8a10-e9683affa9d2|rpc:10.1.0.130:41791|dataStream:10.1.0.130:44691|priority:1|startupRole:FOLLOWER]|listeners:[], old=null
2023-03-15 06:54:09,463 [pool-1519-thread-1] INFO  server.RaftServer$Division (RaftServerImpl.java:setRole(321)) - 1879f368-bd18-45a9-b41b-331daa2ef38f@group-3E4EB95A61F3: changes role from      null to FOLLOWER at term 0 for startAsFollower
2023-03-15 06:54:09,463 [pool-1519-thread-1] INFO  impl.RoleInfo (RoleInfo.java:updateAndGet(139)) - 1879f368-bd18-45a9-b41b-331daa2ef38f: start 1879f368-bd18-45a9-b41b-331daa2ef38f@group-3E4EB95A61F3-FollowerState
2023-03-15 06:54:09,464 [pool-1519-thread-1] INFO  util.JmxRegister (JmxRegister.java:tryRegister(44)) - Successfully registered JMX Bean with object name Ratis:service=RaftServer,group=group-3E4EB95A61F3,id=1879f368-bd18-45a9-b41b-331daa2ef38f
2023-03-15 06:54:09,464 [pool-1519-thread-1] INFO  server.RaftServerConfigKeys (ConfUtils.java:logGet(46)) - raft.server.snapshot.auto.trigger.enabled = true (custom)
2023-03-15 06:54:09,464 [pool-1519-thread-1] INFO  server.RaftServerConfigKeys (ConfUtils.java:logGet(46)) - raft.server.snapshot.auto.trigger.threshold = 10000 (custom)
2023-03-15 06:54:09,464 [pool-1519-thread-1] INFO  server.RaftServerConfigKeys (ConfUtils.java:logGet(46)) - raft.server.snapshot.retention.file.num = 5 (custom)
2023-03-15 06:54:09,464 [pool-1519-thread-1] INFO  server.RaftServerConfigKeys (ConfUtils.java:logGet(46)) - raft.server.log.purge.upto.snapshot.index = false (default)
2023-03-15 06:54:09,464 [1879f368-bd18-45a9-b41b-331daa2ef38f@group-3E4EB95A61F3-FollowerState] INFO  server.RaftServerConfigKeys (ConfUtils.java:logFallback(53)) - raft.server.rpc.first-election.timeout.min = 5s (fallback to raft.server.rpc.timeout.min)
2023-03-15 06:54:09,465 [1879f368-bd18-45a9-b41b-331daa2ef38f@group-3E4EB95A61F3-FollowerState] INFO  server.RaftServerConfigKeys (ConfUtils.java:logFallback(53)) - raft.server.rpc.first-election.timeout.max = 5200ms (fallback to raft.server.rpc.timeout.max)
2023-03-15 06:54:09,488 [grpc-default-executor-13] INFO  server.RaftServer (RaftServerProxy.java:addNew(96)) - af97f91c-1465-457e-8a10-e9683affa9d2: addNew group-3E4EB95A61F3:[1879f368-bd18-45a9-b41b-331daa2ef38f|rpc:10.1.0.130:44513|dataStream:10.1.0.130:41255|priority:0|startupRole:FOLLOWER, 2285727f-3b37-43a1-be03-08405d345bae|rpc:10.1.0.130:33755|dataStream:10.1.0.130:34937|priority:0|startupRole:FOLLOWER, af97f91c-1465-457e-8a10-e9683affa9d2|rpc:10.1.0.130:41791|dataStream:10.1.0.130:44691|priority:1|startupRole:FOLLOWER] returns group-3E4EB95A61F3:java.util.concurrent.CompletableFuture@3ef50e73[Not completed]
2023-03-15 06:54:09,489 [pool-1541-thread-1] INFO  server.RaftServer$Division (RaftServerImpl.java:<init>(195)) - af97f91c-1465-457e-8a10-e9683affa9d2: new RaftServerImpl for group-3E4EB95A61F3:[1879f368-bd18-45a9-b41b-331daa2ef38f|rpc:10.1.0.130:44513|dataStream:10.1.0.130:41255|priority:0|startupRole:FOLLOWER, 2285727f-3b37-43a1-be03-08405d345bae|rpc:10.1.0.130:33755|dataStream:10.1.0.130:34937|priority:0|startupRole:FOLLOWER, af97f91c-1465-457e-8a10-e9683affa9d2|rpc:10.1.0.130:41791|dataStream:10.1.0.130:44691|priority:1|startupRole:FOLLOWER] with ContainerStateMachine:uninitialized
2023-03-15 06:54:09,489 [pool-1541-thread-1] INFO  server.RaftServerConfigKeys (ConfUtils.java:logGet(46)) - raft.server.rpc.timeout.min = 5s (custom)
2023-03-15 06:54:09,489 [pool-1541-thread-1] INFO  server.RaftServerConfigKeys (ConfUtils.java:logGet(46)) - raft.server.rpc.timeout.max = 5200ms (custom)
2023-03-15 06:54:09,489 [pool-1541-thread-1] INFO  server.RaftServerConfigKeys (ConfUtils.java:logGet(46)) - raft.server.rpc.sleep.time = 25ms (default)
2023-03-15 06:54:09,489 [pool-1541-thread-1] INFO  server.RaftServerConfigKeys (ConfUtils.java:logGet(46)) - raft.server.rpc.slowness.timeout = 300s (custom)
2023-03-15 06:54:09,489 [pool-1541-thread-1] INFO  server.RaftServerConfigKeys (ConfUtils.java:logGet(46)) - raft.server.leaderelection.leader.step-down.wait-time = 10s (default)
2023-03-15 06:54:09,489 [pool-1541-thread-1] INFO  server.RaftServerConfigKeys (ConfUtils.java:logGet(46)) - raft.server.sleep.deviation.threshold = 300ms (default)
2023-03-15 06:54:09,489 [pool-1541-thread-1] INFO  server.RaftServer$Division (ServerState.java:<init>(118)) - af97f91c-1465-457e-8a10-e9683affa9d2@group-3E4EB95A61F3: ConfigurationManager, init=-1: peers:[1879f368-bd18-45a9-b41b-331daa2ef38f|rpc:10.1.0.130:44513|dataStream:10.1.0.130:41255|priority:0|startupRole:FOLLOWER, 2285727f-3b37-43a1-be03-08405d345bae|rpc:10.1.0.130:33755|dataStream:10.1.0.130:34937|priority:0|startupRole:FOLLOWER, af97f91c-1465-457e-8a10-e9683affa9d2|rpc:10.1.0.130:41791|dataStream:10.1.0.130:44691|priority:1|startupRole:FOLLOWER]|listeners:[], old=null, confs=<EMPTY_MAP>
2023-03-15 06:54:09,489 [pool-1541-thread-1] INFO  server.RaftServerConfigKeys (ConfUtils.java:logGet(46)) - raft.server.storage.dir = [/home/runner/work/ozone/ozone/hadoop-ozone/integration-test/target/test-dir/MiniOzoneClusterImpl-88c1a39f-978e-429a-824f-6eda176bb531/datanode-2/data/ratis] (custom)
2023-03-15 06:54:09,490 [pool-1541-thread-1] INFO  server.RaftServerConfigKeys (ConfUtils.java:logGet(46)) - raft.server.log.corruption.policy = EXCEPTION (default)
2023-03-15 06:54:09,490 [pool-1541-thread-1] INFO  server.RaftServerConfigKeys (ConfUtils.java:logGet(46)) - raft.server.storage.free-space.min = 0MB (=0) (default)
2023-03-15 06:54:09,490 [pool-1541-thread-1] INFO  server.RaftServerConfigKeys (ConfUtils.java:logGet(46)) - raft.server.notification.no-leader.timeout = 300s (custom)
2023-03-15 06:54:09,490 [pool-1541-thread-1] INFO  server.RaftServerConfigKeys (ConfUtils.java:logGet(46)) - raft.server.retrycache.expirytime = 600000ms (custom)
2023-03-15 06:54:09,490 [pool-1541-thread-1] INFO  server.RaftServerConfigKeys (ConfUtils.java:logGet(46)) - raft.server.retrycache.statistics.expirytime = 100μs (default)
2023-03-15 06:54:09,491 [pool-1541-thread-1] INFO  server.RaftServerConfigKeys (ConfUtils.java:logGet(46)) - raft.server.log.appender.install.snapshot.enabled = false (custom)
2023-03-15 06:54:09,491 [pool-1541-thread-1] INFO  server.RaftServerConfigKeys (ConfUtils.java:logGet(46)) - raft.server.threadpool.server.cached = true (default)
2023-03-15 06:54:09,491 [pool-1541-thread-1] INFO  server.RaftServerConfigKeys (ConfUtils.java:logGet(46)) - raft.server.threadpool.server.size = 0 (default)
2023-03-15 06:54:09,491 [pool-1541-thread-1] INFO  server.RaftServerConfigKeys (ConfUtils.java:logGet(46)) - raft.server.threadpool.client.cached = true (default)
2023-03-15 06:54:09,491 [pool-1541-thread-1] INFO  server.RaftServerConfigKeys (ConfUtils.java:logGet(46)) - raft.server.threadpool.client.size = 0 (default)
2023-03-15 06:54:09,491 [pool-1541-thread-1] INFO  storage.RaftStorageDirectory (RaftStorageDirectoryImpl.java:analyzeStorage(137)) - The storage directory /home/runner/work/ozone/ozone/hadoop-ozone/integration-test/target/test-dir/MiniOzoneClusterImpl-88c1a39f-978e-429a-824f-6eda176bb531/datanode-2/data/ratis/619f2717-6a1d-4ffc-9a7b-3e4eb95a61f3 does not exist. Creating ...
2023-03-15 06:54:09,492 [pool-1541-thread-1] INFO  storage.RaftStorageDirectory (RaftStorageDirectoryImpl.java:tryLock(231)) - Lock on /home/runner/work/ozone/ozone/hadoop-ozone/integration-test/target/test-dir/MiniOzoneClusterImpl-88c1a39f-978e-429a-824f-6eda176bb531/datanode-2/data/ratis/619f2717-6a1d-4ffc-9a7b-3e4eb95a61f3/in_use.lock acquired by nodename 3629@fv-az210-452
2023-03-15 06:54:09,494 [pool-1541-thread-1] INFO  storage.RaftStorage (RaftStorageImpl.java:format(96)) - Storage directory /home/runner/work/ozone/ozone/hadoop-ozone/integration-test/target/test-dir/MiniOzoneClusterImpl-88c1a39f-978e-429a-824f-6eda176bb531/datanode-2/data/ratis/619f2717-6a1d-4ffc-9a7b-3e4eb95a61f3 has been successfully formatted.
2023-03-15 06:54:09,494 [pool-1541-thread-1] INFO  ratis.ContainerStateMachine (ContainerStateMachine.java:loadSnapshot(262)) - group-3E4EB95A61F3: The snapshot info is null. Setting the last applied indexto:(t:0, i:~)
2023-03-15 06:54:09,494 [pool-1541-thread-1] INFO  server.RaftServerConfigKeys (ConfUtils.java:logGet(46)) - raft.server.log.use.memory = false (default)
2023-03-15 06:54:09,494 [pool-1541-thread-1] INFO  server.RaftServerConfigKeys (ConfUtils.java:logGet(46)) - raft.server.log.purge.gap = 1000000 (custom)
2023-03-15 06:54:09,494 [pool-1541-thread-1] INFO  server.RaftServerConfigKeys (ConfUtils.java:logGet(46)) - raft.server.log.appender.buffer.byte-limit = 33554432 (custom)
2023-03-15 06:54:09,494 [pool-1541-thread-1] INFO  server.RaftServerConfigKeys (ConfUtils.java:logGet(46)) - raft.server.log.statemachine.data.read.timeout = 1000ms (default)
2023-03-15 06:54:09,494 [pool-1541-thread-1] INFO  server.RaftServerConfigKeys (ConfUtils.java:logGet(46)) - raft.server.log.purge.preservation.log.num = 0 (default)
2023-03-15 06:54:09,494 [pool-1541-thread-1] INFO  server.RaftServerConfigKeys (ConfUtils.java:logGet(46)) - raft.server.log.segment.size.max = 1048576 (custom)
2023-03-15 06:54:09,495 [pool-1541-thread-1] INFO  server.RaftServerConfigKeys (ConfUtils.java:logGet(46)) - raft.server.log.segment.cache.num.max = 2 (custom)
2023-03-15 06:54:09,495 [pool-1541-thread-1] INFO  server.RaftServerConfigKeys (ConfUtils.java:logGet(46)) - raft.server.log.segment.cache.size.max = 200MB (=209715200) (default)
2023-03-15 06:54:09,495 [pool-1541-thread-1] INFO  segmented.SegmentedRaftLogWorker (SegmentedRaftLogWorker.java:<init>(189)) - new af97f91c-1465-457e-8a10-e9683affa9d2@group-3E4EB95A61F3-SegmentedRaftLogWorker for RaftStorageImpl:Storage Directory /home/runner/work/ozone/ozone/hadoop-ozone/integration-test/target/test-dir/MiniOzoneClusterImpl-88c1a39f-978e-429a-824f-6eda176bb531/datanode-2/data/ratis/619f2717-6a1d-4ffc-9a7b-3e4eb95a61f3
2023-03-15 06:54:09,495 [pool-1541-thread-1] INFO  server.RaftServerConfigKeys (ConfUtils.java:logGet(46)) - raft.server.log.queue.byte-limit = 4294967296 (custom)
2023-03-15 06:54:09,495 [pool-1541-thread-1] INFO  server.RaftServerConfigKeys (ConfUtils.java:logGet(46)) - raft.server.log.queue.element-limit = 1024 (custom)
2023-03-15 06:54:09,495 [pool-1541-thread-1] INFO  server.RaftServerConfigKeys (ConfUtils.java:logGet(46)) - raft.server.log.segment.size.max = 1048576 (custom)
2023-03-15 06:54:09,495 [pool-1541-thread-1] INFO  server.RaftServerConfigKeys (ConfUtils.java:logGet(46)) - raft.server.log.preallocated.size = 16384 (custom)
2023-03-15 06:54:09,495 [pool-1541-thread-1] INFO  server.RaftServerConfigKeys (ConfUtils.java:logGet(46)) - raft.server.log.force.sync.num = 128 (default)
2023-03-15 06:54:09,496 [pool-1541-thread-1] INFO  server.RaftServerConfigKeys (ConfUtils.java:logGet(46)) - raft.server.log.statemachine.data.sync = true (default)
2023-03-15 06:54:09,496 [pool-1541-thread-1] INFO  server.RaftServerConfigKeys (ConfUtils.java:logGet(46)) - raft.server.log.statemachine.data.sync.timeout = 10s (default)
2023-03-15 06:54:09,496 [pool-1541-thread-1] INFO  server.RaftServerConfigKeys (ConfUtils.java:logGet(46)) - raft.server.log.statemachine.data.sync.timeout.retry = -1 (default)
2023-03-15 06:54:09,496 [pool-1541-thread-1] INFO  server.RaftServerConfigKeys (ConfUtils.java:logGet(46)) - raft.server.log.write.buffer.size = 1048576 (custom)
2023-03-15 06:54:09,497 [pool-1541-thread-1] INFO  server.RaftServerConfigKeys (ConfUtils.java:logGet(46)) - raft.server.log.appender.buffer.byte-limit = 33554432 (custom)
2023-03-15 06:54:09,503 [pool-1541-thread-1] INFO  server.RaftServerConfigKeys (ConfUtils.java:logGet(46)) - raft.server.log.unsafe-flush.enabled = false (default)
2023-03-15 06:54:09,503 [pool-1541-thread-1] INFO  server.RaftServerConfigKeys (ConfUtils.java:logGet(46)) - raft.server.log.async-flush.enabled = false (default)
2023-03-15 06:54:09,503 [pool-1541-thread-1] INFO  server.RaftServerConfigKeys (ConfUtils.java:logGet(46)) - raft.server.log.statemachine.data.caching.enabled = true (custom)
2023-03-15 06:54:09,503 [pool-1541-thread-1] INFO  segmented.SegmentedRaftLogWorker (SegmentedRaftLogWorker.java:lambda$new$0(135)) - af97f91c-1465-457e-8a10-e9683affa9d2@group-3E4EB95A61F3-SegmentedRaftLogWorker: flushIndex: setUnconditionally 0 -> -1
2023-03-15 06:54:09,503 [pool-1541-thread-1] INFO  segmented.SegmentedRaftLogWorker (SegmentedRaftLogWorker.java:lambda$new$0(135)) - af97f91c-1465-457e-8a10-e9683affa9d2@group-3E4EB95A61F3-SegmentedRaftLogWorker: safeCacheEvictIndex: setUnconditionally 0 -> -1
2023-03-15 06:54:09,503 [pool-1541-thread-1] INFO  server.RaftServer$Division (RaftServerImpl.java:start(334)) - af97f91c-1465-457e-8a10-e9683affa9d2@group-3E4EB95A61F3: start as a follower, conf=-1: peers:[1879f368-bd18-45a9-b41b-331daa2ef38f|rpc:10.1.0.130:44513|dataStream:10.1.0.130:41255|priority:0|startupRole:FOLLOWER, 2285727f-3b37-43a1-be03-08405d345bae|rpc:10.1.0.130:33755|dataStream:10.1.0.130:34937|priority:0|startupRole:FOLLOWER, af97f91c-1465-457e-8a10-e9683affa9d2|rpc:10.1.0.130:41791|dataStream:10.1.0.130:44691|priority:1|startupRole:FOLLOWER]|listeners:[], old=null
2023-03-15 06:54:09,503 [pool-1541-thread-1] INFO  server.RaftServer$Division (RaftServerImpl.java:setRole(321)) - af97f91c-1465-457e-8a10-e9683affa9d2@group-3E4EB95A61F3: changes role from      null to FOLLOWER at term 0 for startAsFollower
2023-03-15 06:54:09,503 [pool-1541-thread-1] INFO  impl.RoleInfo (RoleInfo.java:updateAndGet(139)) - af97f91c-1465-457e-8a10-e9683affa9d2: start af97f91c-1465-457e-8a10-e9683affa9d2@group-3E4EB95A61F3-FollowerState
2023-03-15 06:54:09,506 [pool-1541-thread-1] INFO  util.JmxRegister (JmxRegister.java:tryRegister(44)) - Successfully registered JMX Bean with object name Ratis:service=RaftServer,group=group-3E4EB95A61F3,id=af97f91c-1465-457e-8a10-e9683affa9d2
2023-03-15 06:54:09,506 [pool-1541-thread-1] INFO  server.RaftServerConfigKeys (ConfUtils.java:logGet(46)) - raft.server.snapshot.auto.trigger.enabled = true (custom)
2023-03-15 06:54:09,506 [pool-1541-thread-1] INFO  server.RaftServerConfigKeys (ConfUtils.java:logGet(46)) - raft.server.snapshot.auto.trigger.threshold = 10000 (custom)
2023-03-15 06:54:09,506 [pool-1541-thread-1] INFO  server.RaftServerConfigKeys (ConfUtils.java:logGet(46)) - raft.server.snapshot.retention.file.num = 5 (custom)
2023-03-15 06:54:09,506 [pool-1541-thread-1] INFO  server.RaftServerConfigKeys (ConfUtils.java:logGet(46)) - raft.server.log.purge.upto.snapshot.index = false (default)
2023-03-15 06:54:09,507 [af97f91c-1465-457e-8a10-e9683affa9d2@group-3E4EB95A61F3-FollowerState] INFO  server.RaftServerConfigKeys (ConfUtils.java:logFallback(53)) - raft.server.rpc.first-election.timeout.min = 5s (fallback to raft.server.rpc.timeout.min)
2023-03-15 06:54:09,507 [af97f91c-1465-457e-8a10-e9683affa9d2@group-3E4EB95A61F3-FollowerState] INFO  server.RaftServerConfigKeys (ConfUtils.java:logFallback(53)) - raft.server.rpc.first-election.timeout.max = 5200ms (fallback to raft.server.rpc.timeout.max)
2023-03-15 06:54:09,517 [Command processor thread] INFO  commandhandler.CreatePipelineCommandHandler (CreatePipelineCommandHandler.java:handle(113)) - Created Pipeline RATIS THREE PipelineID=619f2717-6a1d-4ffc-9a7b-3e4eb95a61f3.
2023-03-15 06:54:09,683 [Command processor thread] INFO  server.RaftServer (RaftServerProxy.java:addNew(96)) - 1879f368-bd18-45a9-b41b-331daa2ef38f: addNew group-EBBE10C5D3C7:[1879f368-bd18-45a9-b41b-331daa2ef38f|rpc:10.1.0.130:44513|dataStream:10.1.0.130:41255|priority:1|startupRole:FOLLOWER] returns group-EBBE10C5D3C7:java.util.concurrent.CompletableFuture@2308c505[Not completed]
2023-03-15 06:54:09,684 [pool-1519-thread-1] INFO  server.RaftServer$Division (RaftServerImpl.java:<init>(195)) - 1879f368-bd18-45a9-b41b-331daa2ef38f: new RaftServerImpl for group-EBBE10C5D3C7:[1879f368-bd18-45a9-b41b-331daa2ef38f|rpc:10.1.0.130:44513|dataStream:10.1.0.130:41255|priority:1|startupRole:FOLLOWER] with ContainerStateMachine:uninitialized
2023-03-15 06:54:09,684 [pool-1519-thread-1] INFO  server.RaftServerConfigKeys (ConfUtils.java:logGet(46)) - raft.server.rpc.timeout.min = 5s (custom)
2023-03-15 06:54:09,684 [pool-1519-thread-1] INFO  server.RaftServerConfigKeys (ConfUtils.java:logGet(46)) - raft.server.rpc.timeout.max = 5200ms (custom)
2023-03-15 06:54:09,684 [pool-1519-thread-1] INFO  server.RaftServerConfigKeys (ConfUtils.java:logGet(46)) - raft.server.rpc.sleep.time = 25ms (default)
2023-03-15 06:54:09,685 [pool-1519-thread-1] INFO  server.RaftServerConfigKeys (ConfUtils.java:logGet(46)) - raft.server.rpc.slowness.timeout = 300s (custom)
2023-03-15 06:54:09,685 [pool-1519-thread-1] INFO  server.RaftServerConfigKeys (ConfUtils.java:logGet(46)) - raft.server.leaderelection.leader.step-down.wait-time = 10s (default)
2023-03-15 06:54:09,685 [pool-1519-thread-1] INFO  server.RaftServerConfigKeys (ConfUtils.java:logGet(46)) - raft.server.sleep.deviation.threshold = 300ms (default)
2023-03-15 06:54:09,685 [pool-1519-thread-1] INFO  server.RaftServer$Division (ServerState.java:<init>(118)) - 1879f368-bd18-45a9-b41b-331daa2ef38f@group-EBBE10C5D3C7: ConfigurationManager, init=-1: peers:[1879f368-bd18-45a9-b41b-331daa2ef38f|rpc:10.1.0.130:44513|dataStream:10.1.0.130:41255|priority:1|startupRole:FOLLOWER]|listeners:[], old=null, confs=<EMPTY_MAP>
2023-03-15 06:54:09,685 [pool-1519-thread-1] INFO  server.RaftServerConfigKeys (ConfUtils.java:logGet(46)) - raft.server.storage.dir = [/home/runner/work/ozone/ozone/hadoop-ozone/integration-test/target/test-dir/MiniOzoneClusterImpl-88c1a39f-978e-429a-824f-6eda176bb531/datanode-1/data/ratis] (custom)
2023-03-15 06:54:09,685 [pool-1519-thread-1] INFO  server.RaftServerConfigKeys (ConfUtils.java:logGet(46)) - raft.server.log.corruption.policy = EXCEPTION (default)
2023-03-15 06:54:09,685 [pool-1519-thread-1] INFO  server.RaftServerConfigKeys (ConfUtils.java:logGet(46)) - raft.server.storage.free-space.min = 0MB (=0) (default)
2023-03-15 06:54:09,685 [pool-1519-thread-1] INFO  server.RaftServerConfigKeys (ConfUtils.java:logGet(46)) - raft.server.notification.no-leader.timeout = 300s (custom)
2023-03-15 06:54:09,685 [pool-1519-thread-1] INFO  server.RaftServerConfigKeys (ConfUtils.java:logGet(46)) - raft.server.retrycache.expirytime = 600000ms (custom)
2023-03-15 06:54:09,685 [pool-1519-thread-1] INFO  server.RaftServerConfigKeys (ConfUtils.java:logGet(46)) - raft.server.retrycache.statistics.expirytime = 100μs (default)
2023-03-15 06:54:09,686 [pool-1519-thread-1] INFO  server.RaftServerConfigKeys (ConfUtils.java:logGet(46)) - raft.server.log.appender.install.snapshot.enabled = false (custom)
2023-03-15 06:54:09,686 [pool-1519-thread-1] INFO  server.RaftServerConfigKeys (ConfUtils.java:logGet(46)) - raft.server.threadpool.server.cached = true (default)
2023-03-15 06:54:09,686 [pool-1519-thread-1] INFO  server.RaftServerConfigKeys (ConfUtils.java:logGet(46)) - raft.server.threadpool.server.size = 0 (default)
2023-03-15 06:54:09,686 [pool-1519-thread-1] INFO  server.RaftServerConfigKeys (ConfUtils.java:logGet(46)) - raft.server.threadpool.client.cached = true (default)
2023-03-15 06:54:09,686 [pool-1519-thread-1] INFO  server.RaftServerConfigKeys (ConfUtils.java:logGet(46)) - raft.server.threadpool.client.size = 0 (default)
2023-03-15 06:54:09,686 [pool-1519-thread-1] INFO  storage.RaftStorageDirectory (RaftStorageDirectoryImpl.java:analyzeStorage(137)) - The storage directory /home/runner/work/ozone/ozone/hadoop-ozone/integration-test/target/test-dir/MiniOzoneClusterImpl-88c1a39f-978e-429a-824f-6eda176bb531/datanode-1/data/ratis/e03534f2-7430-4467-9452-ebbe10c5d3c7 does not exist. Creating ...
2023-03-15 06:54:09,688 [pool-1519-thread-1] INFO  storage.RaftStorageDirectory (RaftStorageDirectoryImpl.java:tryLock(231)) - Lock on /home/runner/work/ozone/ozone/hadoop-ozone/integration-test/target/test-dir/MiniOzoneClusterImpl-88c1a39f-978e-429a-824f-6eda176bb531/datanode-1/data/ratis/e03534f2-7430-4467-9452-ebbe10c5d3c7/in_use.lock acquired by nodename 3629@fv-az210-452
2023-03-15 06:54:09,689 [pool-1519-thread-1] INFO  storage.RaftStorage (RaftStorageImpl.java:format(96)) - Storage directory /home/runner/work/ozone/ozone/hadoop-ozone/integration-test/target/test-dir/MiniOzoneClusterImpl-88c1a39f-978e-429a-824f-6eda176bb531/datanode-1/data/ratis/e03534f2-7430-4467-9452-ebbe10c5d3c7 has been successfully formatted.
2023-03-15 06:54:09,689 [pool-1519-thread-1] INFO  ratis.ContainerStateMachine (ContainerStateMachine.java:loadSnapshot(262)) - group-EBBE10C5D3C7: The snapshot info is null. Setting the last applied indexto:(t:0, i:~)
2023-03-15 06:54:09,689 [pool-1519-thread-1] INFO  server.RaftServerConfigKeys (ConfUtils.java:logGet(46)) - raft.server.log.use.memory = false (default)
2023-03-15 06:54:09,690 [pool-1519-thread-1] INFO  server.RaftServerConfigKeys (ConfUtils.java:logGet(46)) - raft.server.log.purge.gap = 1000000 (custom)
2023-03-15 06:54:09,690 [pool-1519-thread-1] INFO  server.RaftServerConfigKeys (ConfUtils.java:logGet(46)) - raft.server.log.appender.buffer.byte-limit = 33554432 (custom)
2023-03-15 06:54:09,690 [pool-1519-thread-1] INFO  server.RaftServerConfigKeys (ConfUtils.java:logGet(46)) - raft.server.log.statemachine.data.read.timeout = 1000ms (default)
2023-03-15 06:54:09,690 [pool-1519-thread-1] INFO  server.RaftServerConfigKeys (ConfUtils.java:logGet(46)) - raft.server.log.purge.preservation.log.num = 0 (default)
2023-03-15 06:54:09,690 [pool-1519-thread-1] INFO  server.RaftServerConfigKeys (ConfUtils.java:logGet(46)) - raft.server.log.segment.size.max = 1048576 (custom)
2023-03-15 06:54:09,690 [EventQueue-PipelineReportForPipelineReportHandler] INFO  pipeline.PipelineManagerImpl (PipelineManagerImpl.java:openPipeline(367)) - Pipeline Pipeline[ Id: e03534f2-7430-4467-9452-ebbe10c5d3c7, Nodes: 1879f368-bd18-45a9-b41b-331daa2ef38f(fv-az210-452.jgpbknbp5ljuxny3rrcz4t2bbd.bx.internal.cloudapp.net/10.1.0.130), ReplicationConfig: RATIS/ONE, State:ALLOCATED, leaderId:1879f368-bd18-45a9-b41b-331daa2ef38f, CreationTimestamp2023-03-15T06:54:06.690Z[Etc/UTC]] moved to OPEN state
2023-03-15 06:54:09,691 [pool-1519-thread-1] INFO  server.RaftServerConfigKeys (ConfUtils.java:logGet(46)) - raft.server.log.segment.cache.num.max = 2 (custom)
2023-03-15 06:54:09,691 [pool-1519-thread-1] INFO  server.RaftServerConfigKeys (ConfUtils.java:logGet(46)) - raft.server.log.segment.cache.size.max = 200MB (=209715200) (default)
2023-03-15 06:54:09,691 [pool-1519-thread-1] INFO  segmented.SegmentedRaftLogWorker (SegmentedRaftLogWorker.java:<init>(189)) - new 1879f368-bd18-45a9-b41b-331daa2ef38f@group-EBBE10C5D3C7-SegmentedRaftLogWorker for RaftStorageImpl:Storage Directory /home/runner/work/ozone/ozone/hadoop-ozone/integration-test/target/test-dir/MiniOzoneClusterImpl-88c1a39f-978e-429a-824f-6eda176bb531/datanode-1/data/ratis/e03534f2-7430-4467-9452-ebbe10c5d3c7
2023-03-15 06:54:09,691 [pool-1519-thread-1] INFO  server.RaftServerConfigKeys (ConfUtils.java:logGet(46)) - raft.server.log.queue.byte-limit = 4294967296 (custom)
2023-03-15 06:54:09,691 [EventQueue-OpenPipelineForHealthyPipelineSafeModeRule] INFO  safemode.SCMSafeModeManager (HealthyPipelineSafeModeRule.java:process(137)) - SCM in safe mode. Healthy pipelines reported count is 0, required healthy pipeline reported count is 1
2023-03-15 06:54:09,691 [pool-1519-thread-1] INFO  server.RaftServerConfigKeys (ConfUtils.java:logGet(46)) - raft.server.log.queue.element-limit = 1024 (custom)
2023-03-15 06:54:09,691 [pool-1519-thread-1] INFO  server.RaftServerConfigKeys (ConfUtils.java:logGet(46)) - raft.server.log.segment.size.max = 1048576 (custom)
2023-03-15 06:54:09,691 [pool-1519-thread-1] INFO  server.RaftServerConfigKeys (ConfUtils.java:logGet(46)) - raft.server.log.preallocated.size = 16384 (custom)
2023-03-15 06:54:09,691 [pool-1519-thread-1] INFO  server.RaftServerConfigKeys (ConfUtils.java:logGet(46)) - raft.server.log.force.sync.num = 128 (default)
2023-03-15 06:54:09,691 [pool-1519-thread-1] INFO  server.RaftServerConfigKeys (ConfUtils.java:logGet(46)) - raft.server.log.statemachine.data.sync = true (default)
2023-03-15 06:54:09,691 [pool-1519-thread-1] INFO  server.RaftServerConfigKeys (ConfUtils.java:logGet(46)) - raft.server.log.statemachine.data.sync.timeout = 10s (default)
2023-03-15 06:54:09,691 [pool-1519-thread-1] INFO  server.RaftServerConfigKeys (ConfUtils.java:logGet(46)) - raft.server.log.statemachine.data.sync.timeout.retry = -1 (default)
2023-03-15 06:54:09,692 [pool-1519-thread-1] INFO  server.RaftServerConfigKeys (ConfUtils.java:logGet(46)) - raft.server.log.write.buffer.size = 1048576 (custom)
2023-03-15 06:54:09,693 [pool-1519-thread-1] INFO  server.RaftServerConfigKeys (ConfUtils.java:logGet(46)) - raft.server.log.appender.buffer.byte-limit = 33554432 (custom)
2023-03-15 06:54:09,703 [pool-1519-thread-1] INFO  server.RaftServerConfigKeys (ConfUtils.java:logGet(46)) - raft.server.log.unsafe-flush.enabled = false (default)
2023-03-15 06:54:09,703 [pool-1519-thread-1] INFO  server.RaftServerConfigKeys (ConfUtils.java:logGet(46)) - raft.server.log.async-flush.enabled = false (default)
2023-03-15 06:54:09,703 [pool-1519-thread-1] INFO  server.RaftServerConfigKeys (ConfUtils.java:logGet(46)) - raft.server.log.statemachine.data.caching.enabled = true (custom)
2023-03-15 06:54:09,703 [pool-1519-thread-1] INFO  segmented.SegmentedRaftLogWorker (SegmentedRaftLogWorker.java:lambda$new$0(135)) - 1879f368-bd18-45a9-b41b-331daa2ef38f@group-EBBE10C5D3C7-SegmentedRaftLogWorker: flushIndex: setUnconditionally 0 -> -1
2023-03-15 06:54:09,703 [pool-1519-thread-1] INFO  segmented.SegmentedRaftLogWorker (SegmentedRaftLogWorker.java:lambda$new$0(135)) - 1879f368-bd18-45a9-b41b-331daa2ef38f@group-EBBE10C5D3C7-SegmentedRaftLogWorker: safeCacheEvictIndex: setUnconditionally 0 -> -1
2023-03-15 06:54:09,704 [pool-1519-thread-1] INFO  server.RaftServer$Division (RaftServerImpl.java:start(334)) - 1879f368-bd18-45a9-b41b-331daa2ef38f@group-EBBE10C5D3C7: start as a follower, conf=-1: peers:[1879f368-bd18-45a9-b41b-331daa2ef38f|rpc:10.1.0.130:44513|dataStream:10.1.0.130:41255|priority:1|startupRole:FOLLOWER]|listeners:[], old=null
2023-03-15 06:54:09,704 [pool-1519-thread-1] INFO  server.RaftServer$Division (RaftServerImpl.java:setRole(321)) - 1879f368-bd18-45a9-b41b-331daa2ef38f@group-EBBE10C5D3C7: changes role from      null to FOLLOWER at term 0 for startAsFollower
2023-03-15 06:54:09,704 [pool-1519-thread-1] INFO  impl.RoleInfo (RoleInfo.java:updateAndGet(139)) - 1879f368-bd18-45a9-b41b-331daa2ef38f: start 1879f368-bd18-45a9-b41b-331daa2ef38f@group-EBBE10C5D3C7-FollowerState
2023-03-15 06:54:09,709 [pool-1519-thread-1] INFO  util.JmxRegister (JmxRegister.java:tryRegister(44)) - Successfully registered JMX Bean with object name Ratis:service=RaftServer,group=group-EBBE10C5D3C7,id=1879f368-bd18-45a9-b41b-331daa2ef38f
2023-03-15 06:54:09,709 [pool-1519-thread-1] INFO  server.RaftServerConfigKeys (ConfUtils.java:logGet(46)) - raft.server.snapshot.auto.trigger.enabled = true (custom)
2023-03-15 06:54:09,709 [pool-1519-thread-1] INFO  server.RaftServerConfigKeys (ConfUtils.java:logGet(46)) - raft.server.snapshot.auto.trigger.threshold = 10000 (custom)
2023-03-15 06:54:09,710 [pool-1519-thread-1] INFO  server.RaftServerConfigKeys (ConfUtils.java:logGet(46)) - raft.server.snapshot.retention.file.num = 5 (custom)
2023-03-15 06:54:09,710 [pool-1519-thread-1] INFO  server.RaftServerConfigKeys (ConfUtils.java:logGet(46)) - raft.server.log.purge.upto.snapshot.index = false (default)
2023-03-15 06:54:09,710 [1879f368-bd18-45a9-b41b-331daa2ef38f@group-EBBE10C5D3C7-FollowerState] INFO  server.RaftServerConfigKeys (ConfUtils.java:logFallback(53)) - raft.server.rpc.first-election.timeout.min = 5s (fallback to raft.server.rpc.timeout.min)
2023-03-15 06:54:09,710 [1879f368-bd18-45a9-b41b-331daa2ef38f@group-EBBE10C5D3C7-FollowerState] INFO  server.RaftServerConfigKeys (ConfUtils.java:logFallback(53)) - raft.server.rpc.first-election.timeout.max = 5200ms (fallback to raft.server.rpc.timeout.max)
2023-03-15 06:54:09,711 [Command processor thread] INFO  ratis.XceiverServerRatis (XceiverServerRatis.java:addGroup(807)) - Created group PipelineID=e03534f2-7430-4467-9452-ebbe10c5d3c7
2023-03-15 06:54:09,712 [Command processor thread] INFO  commandhandler.CreatePipelineCommandHandler (CreatePipelineCommandHandler.java:handle(113)) - Created Pipeline RATIS ONE PipelineID=e03534f2-7430-4467-9452-ebbe10c5d3c7.
2023-03-15 06:54:10,005 [EndpointStateMachine task thread for /0.0.0.0:39779 - 0 ] INFO  ipc.Client (Client.java:handleConnectionFailure(1010)) - Retrying connect to server: 0.0.0.0/0.0.0.0:39779. Already tried 14 time(s); retry policy is RetryUpToMaximumCountWithFixedSleep(maxRetries=15, sleepTime=1000 MILLISECONDS)
2023-03-15 06:54:10,043 [Command processor thread] INFO  server.RaftServer (RaftServerProxy.java:addNew(96)) - af97f91c-1465-457e-8a10-e9683affa9d2: addNew group-BF5506491A37:[af97f91c-1465-457e-8a10-e9683affa9d2|rpc:10.1.0.130:41791|dataStream:10.1.0.130:44691|priority:1|startupRole:FOLLOWER] returns group-BF5506491A37:java.util.concurrent.CompletableFuture@38fbd7f7[Not completed]
2023-03-15 06:54:10,044 [pool-1541-thread-1] INFO  server.RaftServer$Division (RaftServerImpl.java:<init>(195)) - af97f91c-1465-457e-8a10-e9683affa9d2: new RaftServerImpl for group-BF5506491A37:[af97f91c-1465-457e-8a10-e9683affa9d2|rpc:10.1.0.130:41791|dataStream:10.1.0.130:44691|priority:1|startupRole:FOLLOWER] with ContainerStateMachine:uninitialized
2023-03-15 06:54:10,044 [pool-1541-thread-1] INFO  server.RaftServerConfigKeys (ConfUtils.java:logGet(46)) - raft.server.rpc.timeout.min = 5s (custom)
2023-03-15 06:54:10,044 [pool-1541-thread-1] INFO  server.RaftServerConfigKeys (ConfUtils.java:logGet(46)) - raft.server.rpc.timeout.max = 5200ms (custom)
2023-03-15 06:54:10,044 [pool-1541-thread-1] INFO  server.RaftServerConfigKeys (ConfUtils.java:logGet(46)) - raft.server.rpc.sleep.time = 25ms (default)
2023-03-15 06:54:10,044 [pool-1541-thread-1] INFO  server.RaftServerConfigKeys (ConfUtils.java:logGet(46)) - raft.server.rpc.slowness.timeout = 300s (custom)
2023-03-15 06:54:10,044 [pool-1541-thread-1] INFO  server.RaftServerConfigKeys (ConfUtils.java:logGet(46)) - raft.server.leaderelection.leader.step-down.wait-time = 10s (default)
2023-03-15 06:54:10,044 [pool-1541-thread-1] INFO  server.RaftServerConfigKeys (ConfUtils.java:logGet(46)) - raft.server.sleep.deviation.threshold = 300ms (default)
2023-03-15 06:54:10,044 [pool-1541-thread-1] INFO  server.RaftServer$Division (ServerState.java:<init>(118)) - af97f91c-1465-457e-8a10-e9683affa9d2@group-BF5506491A37: ConfigurationManager, init=-1: peers:[af97f91c-1465-457e-8a10-e9683affa9d2|rpc:10.1.0.130:41791|dataStream:10.1.0.130:44691|priority:1|startupRole:FOLLOWER]|listeners:[], old=null, confs=<EMPTY_MAP>
2023-03-15 06:54:10,044 [pool-1541-thread-1] INFO  server.RaftServerConfigKeys (ConfUtils.java:logGet(46)) - raft.server.storage.dir = [/home/runner/work/ozone/ozone/hadoop-ozone/integration-test/target/test-dir/MiniOzoneClusterImpl-88c1a39f-978e-429a-824f-6eda176bb531/datanode-2/data/ratis] (custom)
2023-03-15 06:54:10,044 [Listener at 127.0.0.1/45523] INFO  ozone.MiniOzoneClusterImpl (MiniOzoneClusterImpl.java:lambda$waitForClusterToBeReady$0(218)) - Nodes are ready. Got 3 of 3 DN Heartbeats.
2023-03-15 06:54:10,044 [pool-1541-thread-1] INFO  server.RaftServerConfigKeys (ConfUtils.java:logGet(46)) - raft.server.log.corruption.policy = EXCEPTION (default)
2023-03-15 06:54:10,044 [pool-1541-thread-1] INFO  server.RaftServerConfigKeys (ConfUtils.java:logGet(46)) - raft.server.storage.free-space.min = 0MB (=0) (default)
2023-03-15 06:54:10,044 [Listener at 127.0.0.1/45523] INFO  ozone.MiniOzoneClusterImpl (MiniOzoneClusterImpl.java:lambda$waitForClusterToBeReady$0(221)) - Waiting for cluster to exit safe mode
2023-03-15 06:54:10,044 [Listener at 127.0.0.1/45523] INFO  ozone.MiniOzoneClusterImpl (MiniOzoneClusterImpl.java:lambda$waitForClusterToBeReady$0(223)) - SCM became leader
2023-03-15 06:54:10,044 [pool-1541-thread-1] INFO  server.RaftServerConfigKeys (ConfUtils.java:logGet(46)) - raft.server.notification.no-leader.timeout = 300s (custom)
2023-03-15 06:54:10,045 [pool-1541-thread-1] INFO  server.RaftServerConfigKeys (ConfUtils.java:logGet(46)) - raft.server.retrycache.expirytime = 600000ms (custom)
2023-03-15 06:54:10,045 [pool-1541-thread-1] INFO  server.RaftServerConfigKeys (ConfUtils.java:logGet(46)) - raft.server.retrycache.statistics.expirytime = 100μs (default)
2023-03-15 06:54:10,045 [pool-1541-thread-1] INFO  server.RaftServerConfigKeys (ConfUtils.java:logGet(46)) - raft.server.log.appender.install.snapshot.enabled = false (custom)
2023-03-15 06:54:10,045 [pool-1541-thread-1] INFO  server.RaftServerConfigKeys (ConfUtils.java:logGet(46)) - raft.server.threadpool.server.cached = true (default)
2023-03-15 06:54:10,045 [pool-1541-thread-1] INFO  server.RaftServerConfigKeys (ConfUtils.java:logGet(46)) - raft.server.threadpool.server.size = 0 (default)
2023-03-15 06:54:10,046 [pool-1541-thread-1] INFO  server.RaftServerConfigKeys (ConfUtils.java:logGet(46)) - raft.server.threadpool.client.cached = true (default)
2023-03-15 06:54:10,046 [pool-1541-thread-1] INFO  server.RaftServerConfigKeys (ConfUtils.java:logGet(46)) - raft.server.threadpool.client.size = 0 (default)
2023-03-15 06:54:10,046 [pool-1541-thread-1] INFO  storage.RaftStorageDirectory (RaftStorageDirectoryImpl.java:analyzeStorage(137)) - The storage directory /home/runner/work/ozone/ozone/hadoop-ozone/integration-test/target/test-dir/MiniOzoneClusterImpl-88c1a39f-978e-429a-824f-6eda176bb531/datanode-2/data/ratis/592820c9-d82b-4589-a17f-bf5506491a37 does not exist. Creating ...
2023-03-15 06:54:10,047 [pool-1541-thread-1] INFO  storage.RaftStorageDirectory (RaftStorageDirectoryImpl.java:tryLock(231)) - Lock on /home/runner/work/ozone/ozone/hadoop-ozone/integration-test/target/test-dir/MiniOzoneClusterImpl-88c1a39f-978e-429a-824f-6eda176bb531/datanode-2/data/ratis/592820c9-d82b-4589-a17f-bf5506491a37/in_use.lock acquired by nodename 3629@fv-az210-452
2023-03-15 06:54:10,048 [pool-1541-thread-1] INFO  storage.RaftStorage (RaftStorageImpl.java:format(96)) - Storage directory /home/runner/work/ozone/ozone/hadoop-ozone/integration-test/target/test-dir/MiniOzoneClusterImpl-88c1a39f-978e-429a-824f-6eda176bb531/datanode-2/data/ratis/592820c9-d82b-4589-a17f-bf5506491a37 has been successfully formatted.
2023-03-15 06:54:10,048 [pool-1541-thread-1] INFO  ratis.ContainerStateMachine (ContainerStateMachine.java:loadSnapshot(262)) - group-BF5506491A37: The snapshot info is null. Setting the last applied indexto:(t:0, i:~)
2023-03-15 06:54:10,048 [pool-1541-thread-1] INFO  server.RaftServerConfigKeys (ConfUtils.java:logGet(46)) - raft.server.log.use.memory = false (default)
2023-03-15 06:54:10,048 [pool-1541-thread-1] INFO  server.RaftServerConfigKeys (ConfUtils.java:logGet(46)) - raft.server.log.purge.gap = 1000000 (custom)
2023-03-15 06:54:10,048 [pool-1541-thread-1] INFO  server.RaftServerConfigKeys (ConfUtils.java:logGet(46)) - raft.server.log.appender.buffer.byte-limit = 33554432 (custom)
2023-03-15 06:54:10,049 [pool-1541-thread-1] INFO  server.RaftServerConfigKeys (ConfUtils.java:logGet(46)) - raft.server.log.statemachine.data.read.timeout = 1000ms (default)
2023-03-15 06:54:10,049 [pool-1541-thread-1] INFO  server.RaftServerConfigKeys (ConfUtils.java:logGet(46)) - raft.server.log.purge.preservation.log.num = 0 (default)
2023-03-15 06:54:10,049 [pool-1541-thread-1] INFO  server.RaftServerConfigKeys (ConfUtils.java:logGet(46)) - raft.server.log.segment.size.max = 1048576 (custom)
2023-03-15 06:54:10,049 [pool-1541-thread-1] INFO  server.RaftServerConfigKeys (ConfUtils.java:logGet(46)) - raft.server.log.segment.cache.num.max = 2 (custom)
2023-03-15 06:54:10,050 [pool-1541-thread-1] INFO  server.RaftServerConfigKeys (ConfUtils.java:logGet(46)) - raft.server.log.segment.cache.size.max = 200MB (=209715200) (default)
2023-03-15 06:54:10,050 [pool-1541-thread-1] INFO  segmented.SegmentedRaftLogWorker (SegmentedRaftLogWorker.java:<init>(189)) - new af97f91c-1465-457e-8a10-e9683affa9d2@group-BF5506491A37-SegmentedRaftLogWorker for RaftStorageImpl:Storage Directory /home/runner/work/ozone/ozone/hadoop-ozone/integration-test/target/test-dir/MiniOzoneClusterImpl-88c1a39f-978e-429a-824f-6eda176bb531/datanode-2/data/ratis/592820c9-d82b-4589-a17f-bf5506491a37
2023-03-15 06:54:10,050 [pool-1541-thread-1] INFO  server.RaftServerConfigKeys (ConfUtils.java:logGet(46)) - raft.server.log.queue.byte-limit = 4294967296 (custom)
2023-03-15 06:54:10,051 [pool-1541-thread-1] INFO  server.RaftServerConfigKeys (ConfUtils.java:logGet(46)) - raft.server.log.queue.element-limit = 1024 (custom)
2023-03-15 06:54:10,051 [pool-1541-thread-1] INFO  server.RaftServerConfigKeys (ConfUtils.java:logGet(46)) - raft.server.log.segment.size.max = 1048576 (custom)
2023-03-15 06:54:10,051 [pool-1541-thread-1] INFO  server.RaftServerConfigKeys (ConfUtils.java:logGet(46)) - raft.server.log.preallocated.size = 16384 (custom)
2023-03-15 06:54:10,051 [pool-1541-thread-1] INFO  server.RaftServerConfigKeys (ConfUtils.java:logGet(46)) - raft.server.log.force.sync.num = 128 (default)
2023-03-15 06:54:10,051 [pool-1541-thread-1] INFO  server.RaftServerConfigKeys (ConfUtils.java:logGet(46)) - raft.server.log.statemachine.data.sync = true (default)
2023-03-15 06:54:10,051 [pool-1541-thread-1] INFO  server.RaftServerConfigKeys (ConfUtils.java:logGet(46)) - raft.server.log.statemachine.data.sync.timeout = 10s (default)
2023-03-15 06:54:10,051 [pool-1541-thread-1] INFO  server.RaftServerConfigKeys (ConfUtils.java:logGet(46)) - raft.server.log.statemachine.data.sync.timeout.retry = -1 (default)
2023-03-15 06:54:10,052 [pool-1541-thread-1] INFO  server.RaftServerConfigKeys (ConfUtils.java:logGet(46)) - raft.server.log.write.buffer.size = 1048576 (custom)
2023-03-15 06:54:10,053 [pool-1541-thread-1] INFO  server.RaftServerConfigKeys (ConfUtils.java:logGet(46)) - raft.server.log.appender.buffer.byte-limit = 33554432 (custom)
2023-03-15 06:54:10,056 [EventQueue-PipelineReportForPipelineReportHandler] INFO  pipeline.PipelineManagerImpl (PipelineManagerImpl.java:openPipeline(367)) - Pipeline Pipeline[ Id: 592820c9-d82b-4589-a17f-bf5506491a37, Nodes: af97f91c-1465-457e-8a10-e9683affa9d2(fv-az210-452.jgpbknbp5ljuxny3rrcz4t2bbd.bx.internal.cloudapp.net/10.1.0.130), ReplicationConfig: RATIS/ONE, State:ALLOCATED, leaderId:af97f91c-1465-457e-8a10-e9683affa9d2, CreationTimestamp2023-03-15T06:54:07.050Z[Etc/UTC]] moved to OPEN state
2023-03-15 06:54:10,056 [EventQueue-OpenPipelineForHealthyPipelineSafeModeRule] INFO  safemode.SCMSafeModeManager (HealthyPipelineSafeModeRule.java:process(137)) - SCM in safe mode. Healthy pipelines reported count is 0, required healthy pipeline reported count is 1
2023-03-15 06:54:10,060 [pool-1541-thread-1] INFO  server.RaftServerConfigKeys (ConfUtils.java:logGet(46)) - raft.server.log.unsafe-flush.enabled = false (default)
2023-03-15 06:54:10,060 [pool-1541-thread-1] INFO  server.RaftServerConfigKeys (ConfUtils.java:logGet(46)) - raft.server.log.async-flush.enabled = false (default)
2023-03-15 06:54:10,060 [pool-1541-thread-1] INFO  server.RaftServerConfigKeys (ConfUtils.java:logGet(46)) - raft.server.log.statemachine.data.caching.enabled = true (custom)
2023-03-15 06:54:10,060 [pool-1541-thread-1] INFO  segmented.SegmentedRaftLogWorker (SegmentedRaftLogWorker.java:lambda$new$0(135)) - af97f91c-1465-457e-8a10-e9683affa9d2@group-BF5506491A37-SegmentedRaftLogWorker: flushIndex: setUnconditionally 0 -> -1
2023-03-15 06:54:10,060 [pool-1541-thread-1] INFO  segmented.SegmentedRaftLogWorker (SegmentedRaftLogWorker.java:lambda$new$0(135)) - af97f91c-1465-457e-8a10-e9683affa9d2@group-BF5506491A37-SegmentedRaftLogWorker: safeCacheEvictIndex: setUnconditionally 0 -> -1
2023-03-15 06:54:10,060 [pool-1541-thread-1] INFO  server.RaftServer$Division (RaftServerImpl.java:start(334)) - af97f91c-1465-457e-8a10-e9683affa9d2@group-BF5506491A37: start as a follower, conf=-1: peers:[af97f91c-1465-457e-8a10-e9683affa9d2|rpc:10.1.0.130:41791|dataStream:10.1.0.130:44691|priority:1|startupRole:FOLLOWER]|listeners:[], old=null
2023-03-15 06:54:10,060 [pool-1541-thread-1] INFO  server.RaftServer$Division (RaftServerImpl.java:setRole(321)) - af97f91c-1465-457e-8a10-e9683affa9d2@group-BF5506491A37: changes role from      null to FOLLOWER at term 0 for startAsFollower
2023-03-15 06:54:10,060 [pool-1541-thread-1] INFO  impl.RoleInfo (RoleInfo.java:updateAndGet(139)) - af97f91c-1465-457e-8a10-e9683affa9d2: start af97f91c-1465-457e-8a10-e9683affa9d2@group-BF5506491A37-FollowerState
2023-03-15 06:54:10,061 [pool-1541-thread-1] INFO  util.JmxRegister (JmxRegister.java:tryRegister(44)) - Successfully registered JMX Bean with object name Ratis:service=RaftServer,group=group-BF5506491A37,id=af97f91c-1465-457e-8a10-e9683affa9d2
2023-03-15 06:54:10,061 [af97f91c-1465-457e-8a10-e9683affa9d2@group-BF5506491A37-FollowerState] INFO  server.RaftServerConfigKeys (ConfUtils.java:logFallback(53)) - raft.server.rpc.first-election.timeout.min = 5s (fallback to raft.server.rpc.timeout.min)
2023-03-15 06:54:10,061 [af97f91c-1465-457e-8a10-e9683affa9d2@group-BF5506491A37-FollowerState] INFO  server.RaftServerConfigKeys (ConfUtils.java:logFallback(53)) - raft.server.rpc.first-election.timeout.max = 5200ms (fallback to raft.server.rpc.timeout.max)
2023-03-15 06:54:10,061 [pool-1541-thread-1] INFO  server.RaftServerConfigKeys (ConfUtils.java:logGet(46)) - raft.server.snapshot.auto.trigger.enabled = true (custom)
2023-03-15 06:54:10,061 [pool-1541-thread-1] INFO  server.RaftServerConfigKeys (ConfUtils.java:logGet(46)) - raft.server.snapshot.auto.trigger.threshold = 10000 (custom)
2023-03-15 06:54:10,061 [pool-1541-thread-1] INFO  server.RaftServerConfigKeys (ConfUtils.java:logGet(46)) - raft.server.snapshot.retention.file.num = 5 (custom)
2023-03-15 06:54:10,061 [pool-1541-thread-1] INFO  server.RaftServerConfigKeys (ConfUtils.java:logGet(46)) - raft.server.log.purge.upto.snapshot.index = false (default)
2023-03-15 06:54:10,062 [Command processor thread] INFO  ratis.XceiverServerRatis (XceiverServerRatis.java:addGroup(807)) - Created group PipelineID=592820c9-d82b-4589-a17f-bf5506491a37
2023-03-15 06:54:10,062 [Command processor thread] INFO  commandhandler.CreatePipelineCommandHandler (CreatePipelineCommandHandler.java:handle(113)) - Created Pipeline RATIS ONE PipelineID=592820c9-d82b-4589-a17f-bf5506491a37.
2023-03-15 06:54:11,045 [Listener at 127.0.0.1/45523] INFO  ozone.MiniOzoneClusterImpl (MiniOzoneClusterImpl.java:lambda$waitForClusterToBeReady$0(218)) - Nodes are ready. Got 3 of 3 DN Heartbeats.
2023-03-15 06:54:11,045 [Listener at 127.0.0.1/45523] INFO  ozone.MiniOzoneClusterImpl (MiniOzoneClusterImpl.java:lambda$waitForClusterToBeReady$0(221)) - Waiting for cluster to exit safe mode
2023-03-15 06:54:11,045 [Listener at 127.0.0.1/45523] INFO  ozone.MiniOzoneClusterImpl (MiniOzoneClusterImpl.java:lambda$waitForClusterToBeReady$0(223)) - SCM became leader
2023-03-15 06:54:12,045 [Listener at 127.0.0.1/45523] INFO  ozone.MiniOzoneClusterImpl (MiniOzoneClusterImpl.java:lambda$waitForClusterToBeReady$0(218)) - Nodes are ready. Got 3 of 3 DN Heartbeats.
2023-03-15 06:54:12,046 [Listener at 127.0.0.1/45523] INFO  ozone.MiniOzoneClusterImpl (MiniOzoneClusterImpl.java:lambda$waitForClusterToBeReady$0(221)) - Waiting for cluster to exit safe mode
2023-03-15 06:54:12,046 [Listener at 127.0.0.1/45523] INFO  ozone.MiniOzoneClusterImpl (MiniOzoneClusterImpl.java:lambda$waitForClusterToBeReady$0(223)) - SCM became leader
2023-03-15 06:54:13,046 [Listener at 127.0.0.1/45523] INFO  ozone.MiniOzoneClusterImpl (MiniOzoneClusterImpl.java:lambda$waitForClusterToBeReady$0(218)) - Nodes are ready. Got 3 of 3 DN Heartbeats.
2023-03-15 06:54:13,046 [Listener at 127.0.0.1/45523] INFO  ozone.MiniOzoneClusterImpl (MiniOzoneClusterImpl.java:lambda$waitForClusterToBeReady$0(221)) - Waiting for cluster to exit safe mode
2023-03-15 06:54:13,046 [Listener at 127.0.0.1/45523] INFO  ozone.MiniOzoneClusterImpl (MiniOzoneClusterImpl.java:lambda$waitForClusterToBeReady$0(223)) - SCM became leader
2023-03-15 06:54:14,047 [Listener at 127.0.0.1/45523] INFO  ozone.MiniOzoneClusterImpl (MiniOzoneClusterImpl.java:lambda$waitForClusterToBeReady$0(218)) - Nodes are ready. Got 3 of 3 DN Heartbeats.
2023-03-15 06:54:14,047 [Listener at 127.0.0.1/45523] INFO  ozone.MiniOzoneClusterImpl (MiniOzoneClusterImpl.java:lambda$waitForClusterToBeReady$0(221)) - Waiting for cluster to exit safe mode
2023-03-15 06:54:14,047 [Listener at 127.0.0.1/45523] INFO  ozone.MiniOzoneClusterImpl (MiniOzoneClusterImpl.java:lambda$waitForClusterToBeReady$0(223)) - SCM became leader
2023-03-15 06:54:14,420 [2285727f-3b37-43a1-be03-08405d345bae@group-10FA924953B9-FollowerState] INFO  impl.FollowerState (FollowerState.java:run(143)) - 2285727f-3b37-43a1-be03-08405d345bae@group-10FA924953B9-FollowerState: change to CANDIDATE, lastRpcElapsedTime:5089575384ns, electionTimeout:5085ms
2023-03-15 06:54:14,421 [2285727f-3b37-43a1-be03-08405d345bae@group-10FA924953B9-FollowerState] INFO  impl.RoleInfo (RoleInfo.java:shutdownFollowerState(110)) - 2285727f-3b37-43a1-be03-08405d345bae: shutdown 2285727f-3b37-43a1-be03-08405d345bae@group-10FA924953B9-FollowerState
2023-03-15 06:54:14,421 [2285727f-3b37-43a1-be03-08405d345bae@group-10FA924953B9-FollowerState] INFO  server.RaftServer$Division (RaftServerImpl.java:setRole(321)) - 2285727f-3b37-43a1-be03-08405d345bae@group-10FA924953B9: changes role from  FOLLOWER to CANDIDATE at term 0 for changeToCandidate
2023-03-15 06:54:14,421 [2285727f-3b37-43a1-be03-08405d345bae@group-10FA924953B9-FollowerState] INFO  server.RaftServerConfigKeys (ConfUtils.java:logGet(46)) - raft.server.leaderelection.pre-vote = true (default)
2023-03-15 06:54:14,421 [2285727f-3b37-43a1-be03-08405d345bae@group-10FA924953B9-FollowerState] INFO  impl.RoleInfo (RoleInfo.java:updateAndGet(139)) - 2285727f-3b37-43a1-be03-08405d345bae: start 2285727f-3b37-43a1-be03-08405d345bae@group-10FA924953B9-LeaderElection18
2023-03-15 06:54:14,425 [2285727f-3b37-43a1-be03-08405d345bae@group-10FA924953B9-LeaderElection18] INFO  impl.LeaderElection (LeaderElection.java:askForVotes(312)) - 2285727f-3b37-43a1-be03-08405d345bae@group-10FA924953B9-LeaderElection18 PRE_VOTE round 0: submit vote requests at term 0 for -1: peers:[1879f368-bd18-45a9-b41b-331daa2ef38f|rpc:10.1.0.130:44513|dataStream:10.1.0.130:41255|priority:0|startupRole:FOLLOWER, 2285727f-3b37-43a1-be03-08405d345bae|rpc:10.1.0.130:33755|dataStream:10.1.0.130:34937|priority:1|startupRole:FOLLOWER, af97f91c-1465-457e-8a10-e9683affa9d2|rpc:10.1.0.130:41791|dataStream:10.1.0.130:44691|priority:0|startupRole:FOLLOWER]|listeners:[], old=null
2023-03-15 06:54:14,425 [2285727f-3b37-43a1-be03-08405d345bae@group-10FA924953B9-LeaderElection18-1] INFO  server.GrpcServerProtocolClient (GrpcServerProtocolClient.java:<init>(63)) - Build channel for 1879f368-bd18-45a9-b41b-331daa2ef38f
2023-03-15 06:54:14,428 [2285727f-3b37-43a1-be03-08405d345bae@group-10FA924953B9-LeaderElection18] INFO  server.RaftServerConfigKeys (ConfUtils.java:logFallback(53)) - raft.server.rpc.first-election.timeout.min = 5s (fallback to raft.server.rpc.timeout.min)
2023-03-15 06:54:14,428 [2285727f-3b37-43a1-be03-08405d345bae@group-10FA924953B9-LeaderElection18] INFO  server.RaftServerConfigKeys (ConfUtils.java:logFallback(53)) - raft.server.rpc.first-election.timeout.max = 5200ms (fallback to raft.server.rpc.timeout.max)
2023-03-15 06:54:14,437 [2285727f-3b37-43a1-be03-08405d345bae@group-10FA924953B9-LeaderElection18-2] INFO  server.GrpcServerProtocolClient (GrpcServerProtocolClient.java:<init>(63)) - Build channel for af97f91c-1465-457e-8a10-e9683affa9d2
2023-03-15 06:54:14,437 [1879f368-bd18-45a9-b41b-331daa2ef38f@group-10FA924953B9-FollowerState] INFO  impl.FollowerState (FollowerState.java:run(143)) - 1879f368-bd18-45a9-b41b-331daa2ef38f@group-10FA924953B9-FollowerState: change to CANDIDATE, lastRpcElapsedTime:5067886491ns, electionTimeout:5061ms
2023-03-15 06:54:14,438 [1879f368-bd18-45a9-b41b-331daa2ef38f@group-10FA924953B9-FollowerState] INFO  impl.RoleInfo (RoleInfo.java:shutdownFollowerState(110)) - 1879f368-bd18-45a9-b41b-331daa2ef38f: shutdown 1879f368-bd18-45a9-b41b-331daa2ef38f@group-10FA924953B9-FollowerState
2023-03-15 06:54:14,438 [1879f368-bd18-45a9-b41b-331daa2ef38f@group-10FA924953B9-FollowerState] INFO  server.RaftServer$Division (RaftServerImpl.java:setRole(321)) - 1879f368-bd18-45a9-b41b-331daa2ef38f@group-10FA924953B9: changes role from  FOLLOWER to CANDIDATE at term 0 for changeToCandidate
2023-03-15 06:54:14,438 [1879f368-bd18-45a9-b41b-331daa2ef38f@group-10FA924953B9-FollowerState] INFO  server.RaftServerConfigKeys (ConfUtils.java:logGet(46)) - raft.server.leaderelection.pre-vote = true (default)
2023-03-15 06:54:14,438 [1879f368-bd18-45a9-b41b-331daa2ef38f@group-10FA924953B9-FollowerState] INFO  impl.RoleInfo (RoleInfo.java:updateAndGet(139)) - 1879f368-bd18-45a9-b41b-331daa2ef38f: start 1879f368-bd18-45a9-b41b-331daa2ef38f@group-10FA924953B9-LeaderElection19
2023-03-15 06:54:14,443 [grpc-default-executor-13] INFO  server.RaftServer$Division (RaftServerImpl.java:requestVote(1218)) - 1879f368-bd18-45a9-b41b-331daa2ef38f@group-10FA924953B9: receive requestVote(PRE_VOTE, 2285727f-3b37-43a1-be03-08405d345bae, group-10FA924953B9, 0, (t:0, i:0))
2023-03-15 06:54:14,444 [grpc-default-executor-13] INFO  impl.VoteContext (VoteContext.java:log(49)) - 1879f368-bd18-45a9-b41b-331daa2ef38f@group-10FA924953B9-CANDIDATE: accept PRE_VOTE from 2285727f-3b37-43a1-be03-08405d345bae: our priority 0 <= candidate's priority 1
2023-03-15 06:54:14,444 [grpc-default-executor-13] INFO  server.RaftServer$Division (RaftServerImpl.java:requestVote(1251)) - 1879f368-bd18-45a9-b41b-331daa2ef38f@group-10FA924953B9 replies to PRE_VOTE vote request: 2285727f-3b37-43a1-be03-08405d345bae<-1879f368-bd18-45a9-b41b-331daa2ef38f#0:OK-t0. Peer's state: 1879f368-bd18-45a9-b41b-331daa2ef38f@group-10FA924953B9:t0, leader=null, voted=, raftlog=Memoized:1879f368-bd18-45a9-b41b-331daa2ef38f@group-10FA924953B9-SegmentedRaftLog:OPENED:c-1, conf=-1: peers:[1879f368-bd18-45a9-b41b-331daa2ef38f|rpc:10.1.0.130:44513|dataStream:10.1.0.130:41255|priority:0|startupRole:FOLLOWER, 2285727f-3b37-43a1-be03-08405d345bae|rpc:10.1.0.130:33755|dataStream:10.1.0.130:34937|priority:1|startupRole:FOLLOWER, af97f91c-1465-457e-8a10-e9683affa9d2|rpc:10.1.0.130:41791|dataStream:10.1.0.130:44691|priority:0|startupRole:FOLLOWER]|listeners:[], old=null
2023-03-15 06:54:14,444 [1879f368-bd18-45a9-b41b-331daa2ef38f@group-10FA924953B9-LeaderElection19] INFO  impl.LeaderElection (LeaderElection.java:askForVotes(312)) - 1879f368-bd18-45a9-b41b-331daa2ef38f@group-10FA924953B9-LeaderElection19 PRE_VOTE round 0: submit vote requests at term 0 for -1: peers:[1879f368-bd18-45a9-b41b-331daa2ef38f|rpc:10.1.0.130:44513|dataStream:10.1.0.130:41255|priority:0|startupRole:FOLLOWER, 2285727f-3b37-43a1-be03-08405d345bae|rpc:10.1.0.130:33755|dataStream:10.1.0.130:34937|priority:1|startupRole:FOLLOWER, af97f91c-1465-457e-8a10-e9683affa9d2|rpc:10.1.0.130:41791|dataStream:10.1.0.130:44691|priority:0|startupRole:FOLLOWER]|listeners:[], old=null
2023-03-15 06:54:14,445 [1879f368-bd18-45a9-b41b-331daa2ef38f@group-10FA924953B9-LeaderElection19-1] INFO  server.GrpcServerProtocolClient (GrpcServerProtocolClient.java:<init>(63)) - Build channel for 2285727f-3b37-43a1-be03-08405d345bae
2023-03-15 06:54:14,445 [1879f368-bd18-45a9-b41b-331daa2ef38f@group-10FA924953B9-LeaderElection19] INFO  server.RaftServerConfigKeys (ConfUtils.java:logFallback(53)) - raft.server.rpc.first-election.timeout.min = 5s (fallback to raft.server.rpc.timeout.min)
2023-03-15 06:54:14,445 [1879f368-bd18-45a9-b41b-331daa2ef38f@group-10FA924953B9-LeaderElection19] INFO  server.RaftServerConfigKeys (ConfUtils.java:logFallback(53)) - raft.server.rpc.first-election.timeout.max = 5200ms (fallback to raft.server.rpc.timeout.max)
2023-03-15 06:54:14,445 [1879f368-bd18-45a9-b41b-331daa2ef38f@group-10FA924953B9-LeaderElection19-2] INFO  server.GrpcServerProtocolClient (GrpcServerProtocolClient.java:<init>(63)) - Build channel for af97f91c-1465-457e-8a10-e9683affa9d2
2023-03-15 06:54:14,446 [2285727f-3b37-43a1-be03-08405d345bae@group-10FA924953B9-LeaderElection18] INFO  impl.LeaderElection (LeaderElection.java:logAndReturn(90)) - 2285727f-3b37-43a1-be03-08405d345bae@group-10FA924953B9-LeaderElection18: PRE_VOTE PASSED received 1 response(s) and 0 exception(s):
2023-03-15 06:54:14,446 [2285727f-3b37-43a1-be03-08405d345bae@group-10FA924953B9-LeaderElection18] INFO  impl.LeaderElection (LeaderElection.java:logAndReturn(94)) -   Response 0: 2285727f-3b37-43a1-be03-08405d345bae<-1879f368-bd18-45a9-b41b-331daa2ef38f#0:OK-t0
2023-03-15 06:54:14,446 [2285727f-3b37-43a1-be03-08405d345bae@group-10FA924953B9-LeaderElection18] INFO  impl.LeaderElection (LeaderElection.java:askForVotes(314)) - 2285727f-3b37-43a1-be03-08405d345bae@group-10FA924953B9-LeaderElection18 PRE_VOTE round 0: result PASSED
2023-03-15 06:54:14,447 [2285727f-3b37-43a1-be03-08405d345bae@group-69BE4C3F5696-FollowerState] INFO  impl.FollowerState (FollowerState.java:run(143)) - 2285727f-3b37-43a1-be03-08405d345bae@group-69BE4C3F5696-FollowerState: change to CANDIDATE, lastRpcElapsedTime:5135267410ns, electionTimeout:5134ms
2023-03-15 06:54:14,447 [2285727f-3b37-43a1-be03-08405d345bae@group-69BE4C3F5696-FollowerState] INFO  impl.RoleInfo (RoleInfo.java:shutdownFollowerState(110)) - 2285727f-3b37-43a1-be03-08405d345bae: shutdown 2285727f-3b37-43a1-be03-08405d345bae@group-69BE4C3F5696-FollowerState
2023-03-15 06:54:14,447 [2285727f-3b37-43a1-be03-08405d345bae@group-69BE4C3F5696-FollowerState] INFO  server.RaftServer$Division (RaftServerImpl.java:setRole(321)) - 2285727f-3b37-43a1-be03-08405d345bae@group-69BE4C3F5696: changes role from  FOLLOWER to CANDIDATE at term 0 for changeToCandidate
2023-03-15 06:54:14,447 [2285727f-3b37-43a1-be03-08405d345bae@group-69BE4C3F5696-FollowerState] INFO  server.RaftServerConfigKeys (ConfUtils.java:logGet(46)) - raft.server.leaderelection.pre-vote = true (default)
2023-03-15 06:54:14,447 [2285727f-3b37-43a1-be03-08405d345bae@group-69BE4C3F5696-FollowerState] INFO  impl.RoleInfo (RoleInfo.java:updateAndGet(139)) - 2285727f-3b37-43a1-be03-08405d345bae: start 2285727f-3b37-43a1-be03-08405d345bae@group-69BE4C3F5696-LeaderElection20
2023-03-15 06:54:14,456 [2285727f-3b37-43a1-be03-08405d345bae@group-10FA924953B9-LeaderElection18] INFO  impl.LeaderElection (LeaderElection.java:askForVotes(312)) - 2285727f-3b37-43a1-be03-08405d345bae@group-10FA924953B9-LeaderElection18 ELECTION round 0: submit vote requests at term 1 for -1: peers:[1879f368-bd18-45a9-b41b-331daa2ef38f|rpc:10.1.0.130:44513|dataStream:10.1.0.130:41255|priority:0|startupRole:FOLLOWER, 2285727f-3b37-43a1-be03-08405d345bae|rpc:10.1.0.130:33755|dataStream:10.1.0.130:34937|priority:1|startupRole:FOLLOWER, af97f91c-1465-457e-8a10-e9683affa9d2|rpc:10.1.0.130:41791|dataStream:10.1.0.130:44691|priority:0|startupRole:FOLLOWER]|listeners:[], old=null
2023-03-15 06:54:14,463 [2285727f-3b37-43a1-be03-08405d345bae@group-10FA924953B9-LeaderElection18] INFO  server.RaftServerConfigKeys (ConfUtils.java:logFallback(53)) - raft.server.rpc.first-election.timeout.min = 5s (fallback to raft.server.rpc.timeout.min)
2023-03-15 06:54:14,463 [2285727f-3b37-43a1-be03-08405d345bae@group-10FA924953B9-LeaderElection18] INFO  server.RaftServerConfigKeys (ConfUtils.java:logFallback(53)) - raft.server.rpc.first-election.timeout.max = 5200ms (fallback to raft.server.rpc.timeout.max)
2023-03-15 06:54:14,854 [1879f368-bd18-45a9-b41b-331daa2ef38f@group-EBBE10C5D3C7-FollowerState] INFO  impl.FollowerState (FollowerState.java:run(143)) - 1879f368-bd18-45a9-b41b-331daa2ef38f@group-EBBE10C5D3C7-FollowerState: change to CANDIDATE, lastRpcElapsedTime:5149917684ns, electionTimeout:5135ms
2023-03-15 06:54:14,854 [2285727f-3b37-43a1-be03-08405d345bae@group-69BE4C3F5696-LeaderElection20] INFO  impl.LeaderElection (LeaderElection.java:askForVotes(312)) - 2285727f-3b37-43a1-be03-08405d345bae@group-69BE4C3F5696-LeaderElection20 PRE_VOTE round 0: submit vote requests at term 0 for -1: peers:[2285727f-3b37-43a1-be03-08405d345bae|rpc:10.1.0.130:33755|dataStream:10.1.0.130:34937|priority:1|startupRole:FOLLOWER]|listeners:[], old=null
2023-03-15 06:54:14,854 [1879f368-bd18-45a9-b41b-331daa2ef38f@group-EBBE10C5D3C7-FollowerState] INFO  impl.RoleInfo (RoleInfo.java:shutdownFollowerState(110)) - 1879f368-bd18-45a9-b41b-331daa2ef38f: shutdown 1879f368-bd18-45a9-b41b-331daa2ef38f@group-EBBE10C5D3C7-FollowerState
2023-03-15 06:54:14,855 [grpc-default-executor-0] INFO  server.RaftServer$Division (RaftServerImpl.java:requestVote(1218)) - af97f91c-1465-457e-8a10-e9683affa9d2@group-10FA924953B9: receive requestVote(PRE_VOTE, 2285727f-3b37-43a1-be03-08405d345bae, group-10FA924953B9, 0, (t:0, i:0))
2023-03-15 06:54:14,855 [grpc-default-executor-1] INFO  server.RaftServer$Division (RaftServerImpl.java:requestVote(1218)) - 1879f368-bd18-45a9-b41b-331daa2ef38f@group-10FA924953B9: receive requestVote(ELECTION, 2285727f-3b37-43a1-be03-08405d345bae, group-10FA924953B9, 1, (t:0, i:0))
2023-03-15 06:54:14,855 [1879f368-bd18-45a9-b41b-331daa2ef38f@group-EBBE10C5D3C7-FollowerState] INFO  server.RaftServer$Division (RaftServerImpl.java:setRole(321)) - 1879f368-bd18-45a9-b41b-331daa2ef38f@group-EBBE10C5D3C7: changes role from  FOLLOWER to CANDIDATE at term 0 for changeToCandidate
2023-03-15 06:54:14,855 [grpc-default-executor-1] INFO  impl.VoteContext (VoteContext.java:log(49)) - 1879f368-bd18-45a9-b41b-331daa2ef38f@group-10FA924953B9-CANDIDATE: accept ELECTION from 2285727f-3b37-43a1-be03-08405d345bae: our priority 0 <= candidate's priority 1
2023-03-15 06:54:14,855 [grpc-default-executor-1] INFO  server.RaftServer$Division (RaftServerImpl.java:setRole(321)) - 1879f368-bd18-45a9-b41b-331daa2ef38f@group-10FA924953B9: changes role from CANDIDATE to FOLLOWER at term 1 for candidate:2285727f-3b37-43a1-be03-08405d345bae
2023-03-15 06:54:14,855 [1879f368-bd18-45a9-b41b-331daa2ef38f@group-EBBE10C5D3C7-FollowerState] INFO  server.RaftServerConfigKeys (ConfUtils.java:logGet(46)) - raft.server.leaderelection.pre-vote = true (default)
2023-03-15 06:54:14,855 [grpc-default-executor-1] INFO  impl.RoleInfo (RoleInfo.java:shutdownLeaderElection(130)) - 1879f368-bd18-45a9-b41b-331daa2ef38f: shutdown 1879f368-bd18-45a9-b41b-331daa2ef38f@group-10FA924953B9-LeaderElection19
2023-03-15 06:54:14,855 [grpc-default-executor-1] INFO  impl.RoleInfo (RoleInfo.java:updateAndGet(139)) - 1879f368-bd18-45a9-b41b-331daa2ef38f: start 1879f368-bd18-45a9-b41b-331daa2ef38f@group-10FA924953B9-FollowerState
2023-03-15 06:54:14,855 [grpc-default-executor-12] INFO  server.RaftServer$Division (RaftServerImpl.java:requestVote(1218)) - af97f91c-1465-457e-8a10-e9683affa9d2@group-10FA924953B9: receive requestVote(ELECTION, 2285727f-3b37-43a1-be03-08405d345bae, group-10FA924953B9, 1, (t:0, i:0))
2023-03-15 06:54:14,854 [2285727f-3b37-43a1-be03-08405d345bae@group-69BE4C3F5696-LeaderElection20] INFO  impl.LeaderElection (LeaderElection.java:askForVotes(314)) - 2285727f-3b37-43a1-be03-08405d345bae@group-69BE4C3F5696-LeaderElection20 PRE_VOTE round 0: result PASSED (term=0)
2023-03-15 06:54:14,855 [1879f368-bd18-45a9-b41b-331daa2ef38f@group-EBBE10C5D3C7-FollowerState] INFO  impl.RoleInfo (RoleInfo.java:updateAndGet(139)) - 1879f368-bd18-45a9-b41b-331daa2ef38f: start 1879f368-bd18-45a9-b41b-331daa2ef38f@group-EBBE10C5D3C7-LeaderElection21
2023-03-15 06:54:14,858 [1879f368-bd18-45a9-b41b-331daa2ef38f@group-10FA924953B9-FollowerState] INFO  server.RaftServerConfigKeys (ConfUtils.java:logFallback(53)) - raft.server.rpc.first-election.timeout.min = 5s (fallback to raft.server.rpc.timeout.min)
2023-03-15 06:54:14,858 [1879f368-bd18-45a9-b41b-331daa2ef38f@group-10FA924953B9-FollowerState] INFO  server.RaftServerConfigKeys (ConfUtils.java:logFallback(53)) - raft.server.rpc.first-election.timeout.max = 5200ms (fallback to raft.server.rpc.timeout.max)
2023-03-15 06:54:14,859 [JvmPauseMonitor16] WARN  util.JvmPauseMonitor (JvmPauseMonitor.java:detectPause(126)) - JvmPauseMonitor-1879f368-bd18-45a9-b41b-331daa2ef38f: Detected pause in JVM or host machine (eg GC): pause of approximately 125398304ns.
GC pool 'PS MarkSweep' had collection(s): count=1 time=297ms
GC pool 'PS Scavenge' had collection(s): count=1 time=86ms
2023-03-15 06:54:14,859 [af97f91c-1465-457e-8a10-e9683affa9d2@group-3E4EB95A61F3-FollowerState] INFO  impl.FollowerState (FollowerState.java:run(143)) - af97f91c-1465-457e-8a10-e9683affa9d2@group-3E4EB95A61F3-FollowerState: change to CANDIDATE, lastRpcElapsedTime:5355757662ns, electionTimeout:5114ms
2023-03-15 06:54:14,855 [grpc-default-executor-0] INFO  impl.VoteContext (VoteContext.java:log(49)) - af97f91c-1465-457e-8a10-e9683affa9d2@group-10FA924953B9-FOLLOWER: accept PRE_VOTE from 2285727f-3b37-43a1-be03-08405d345bae: our priority 0 <= candidate's priority 1
2023-03-15 06:54:14,859 [af97f91c-1465-457e-8a10-e9683affa9d2@group-3E4EB95A61F3-FollowerState] INFO  impl.RoleInfo (RoleInfo.java:shutdownFollowerState(110)) - af97f91c-1465-457e-8a10-e9683affa9d2: shutdown af97f91c-1465-457e-8a10-e9683affa9d2@group-3E4EB95A61F3-FollowerState
2023-03-15 06:54:14,859 [JvmPauseMonitor17] WARN  util.JvmPauseMonitor (JvmPauseMonitor.java:detectPause(126)) - JvmPauseMonitor-af97f91c-1465-457e-8a10-e9683affa9d2: Detected pause in JVM or host machine (eg GC): pause of approximately 270816877ns.
GC pool 'PS MarkSweep' had collection(s): count=1 time=297ms
GC pool 'PS Scavenge' had collection(s): count=1 time=86ms
2023-03-15 06:54:14,855 [grpc-default-executor-13] INFO  server.RaftServer$Division (RaftServerImpl.java:requestVote(1218)) - af97f91c-1465-457e-8a10-e9683affa9d2@group-10FA924953B9: receive requestVote(PRE_VOTE, 1879f368-bd18-45a9-b41b-331daa2ef38f, group-10FA924953B9, 0, (t:0, i:0))
2023-03-15 06:54:14,860 [2285727f-3b37-43a1-be03-08405d345bae@group-3E4EB95A61F3-FollowerState] INFO  impl.FollowerState (FollowerState.java:run(143)) - 2285727f-3b37-43a1-be03-08405d345bae@group-3E4EB95A61F3-FollowerState: change to CANDIDATE, lastRpcElapsedTime:5429845681ns, electionTimeout:5136ms
2023-03-15 06:54:14,860 [grpc-default-executor-1] INFO  server.RaftServer$Division (RaftServerImpl.java:requestVote(1251)) - 1879f368-bd18-45a9-b41b-331daa2ef38f@group-10FA924953B9 replies to ELECTION vote request: 2285727f-3b37-43a1-be03-08405d345bae<-1879f368-bd18-45a9-b41b-331daa2ef38f#0:OK-t1. Peer's state: 1879f368-bd18-45a9-b41b-331daa2ef38f@group-10FA924953B9:t1, leader=null, voted=2285727f-3b37-43a1-be03-08405d345bae, raftlog=Memoized:1879f368-bd18-45a9-b41b-331daa2ef38f@group-10FA924953B9-SegmentedRaftLog:OPENED:c-1, conf=-1: peers:[1879f368-bd18-45a9-b41b-331daa2ef38f|rpc:10.1.0.130:44513|dataStream:10.1.0.130:41255|priority:0|startupRole:FOLLOWER, 2285727f-3b37-43a1-be03-08405d345bae|rpc:10.1.0.130:33755|dataStream:10.1.0.130:34937|priority:1|startupRole:FOLLOWER, af97f91c-1465-457e-8a10-e9683affa9d2|rpc:10.1.0.130:41791|dataStream:10.1.0.130:44691|priority:0|startupRole:FOLLOWER]|listeners:[], old=null
2023-03-15 06:54:14,860 [af97f91c-1465-457e-8a10-e9683affa9d2@group-3E4EB95A61F3-FollowerState] INFO  server.RaftServer$Division (RaftServerImpl.java:setRole(321)) - af97f91c-1465-457e-8a10-e9683affa9d2@group-3E4EB95A61F3: changes role from  FOLLOWER to CANDIDATE at term 0 for changeToCandidate
2023-03-15 06:54:14,860 [af97f91c-1465-457e-8a10-e9683affa9d2@group-3E4EB95A61F3-FollowerState] INFO  server.RaftServerConfigKeys (ConfUtils.java:logGet(46)) - raft.server.leaderelection.pre-vote = true (default)
2023-03-15 06:54:14,860 [af97f91c-1465-457e-8a10-e9683affa9d2@group-3E4EB95A61F3-FollowerState] INFO  impl.RoleInfo (RoleInfo.java:updateAndGet(139)) - af97f91c-1465-457e-8a10-e9683affa9d2: start af97f91c-1465-457e-8a10-e9683affa9d2@group-3E4EB95A61F3-LeaderElection22
2023-03-15 06:54:14,860 [2285727f-3b37-43a1-be03-08405d345bae@group-69BE4C3F5696-LeaderElection20] INFO  impl.LeaderElection (LeaderElection.java:askForVotes(312)) - 2285727f-3b37-43a1-be03-08405d345bae@group-69BE4C3F5696-LeaderElection20 ELECTION round 0: submit vote requests at term 1 for -1: peers:[2285727f-3b37-43a1-be03-08405d345bae|rpc:10.1.0.130:33755|dataStream:10.1.0.130:34937|priority:1|startupRole:FOLLOWER]|listeners:[], old=null
2023-03-15 06:54:14,860 [2285727f-3b37-43a1-be03-08405d345bae@group-69BE4C3F5696-LeaderElection20] INFO  impl.LeaderElection (LeaderElection.java:askForVotes(314)) - 2285727f-3b37-43a1-be03-08405d345bae@group-69BE4C3F5696-LeaderElection20 ELECTION round 0: result PASSED (term=1)
2023-03-15 06:54:14,860 [2285727f-3b37-43a1-be03-08405d345bae@group-69BE4C3F5696-LeaderElection20] INFO  impl.RoleInfo (RoleInfo.java:shutdownLeaderElection(130)) - 2285727f-3b37-43a1-be03-08405d345bae: shutdown 2285727f-3b37-43a1-be03-08405d345bae@group-69BE4C3F5696-LeaderElection20
2023-03-15 06:54:14,860 [2285727f-3b37-43a1-be03-08405d345bae@group-69BE4C3F5696-LeaderElection20] INFO  server.RaftServer$Division (RaftServerImpl.java:setRole(321)) - 2285727f-3b37-43a1-be03-08405d345bae@group-69BE4C3F5696: changes role from CANDIDATE to LEADER at term 1 for changeToLeader
2023-03-15 06:54:14,860 [2285727f-3b37-43a1-be03-08405d345bae@group-69BE4C3F5696-LeaderElection20] INFO  ratis.XceiverServerRatis (XceiverServerRatis.java:handleLeaderChangedNotification(905)) - Leader change notification received for group: group-69BE4C3F5696 with new leaderId: 2285727f-3b37-43a1-be03-08405d345bae
2023-03-15 06:54:14,859 [grpc-default-executor-0] INFO  server.RaftServer$Division (RaftServerImpl.java:requestVote(1251)) - af97f91c-1465-457e-8a10-e9683affa9d2@group-10FA924953B9 replies to PRE_VOTE vote request: 2285727f-3b37-43a1-be03-08405d345bae<-af97f91c-1465-457e-8a10-e9683affa9d2#0:OK-t0. Peer's state: af97f91c-1465-457e-8a10-e9683affa9d2@group-10FA924953B9:t0, leader=null, voted=, raftlog=Memoized:af97f91c-1465-457e-8a10-e9683affa9d2@group-10FA924953B9-SegmentedRaftLog:OPENED:c-1, conf=-1: peers:[1879f368-bd18-45a9-b41b-331daa2ef38f|rpc:10.1.0.130:44513|dataStream:10.1.0.130:41255|priority:0|startupRole:FOLLOWER, 2285727f-3b37-43a1-be03-08405d345bae|rpc:10.1.0.130:33755|dataStream:10.1.0.130:34937|priority:1|startupRole:FOLLOWER, af97f91c-1465-457e-8a10-e9683affa9d2|rpc:10.1.0.130:41791|dataStream:10.1.0.130:44691|priority:0|startupRole:FOLLOWER]|listeners:[], old=null
2023-03-15 06:54:14,860 [2285727f-3b37-43a1-be03-08405d345bae@group-3E4EB95A61F3-FollowerState] INFO  impl.RoleInfo (RoleInfo.java:shutdownFollowerState(110)) - 2285727f-3b37-43a1-be03-08405d345bae: shutdown 2285727f-3b37-43a1-be03-08405d345bae@group-3E4EB95A61F3-FollowerState
2023-03-15 06:54:14,862 [2285727f-3b37-43a1-be03-08405d345bae@group-3E4EB95A61F3-FollowerState] INFO  server.RaftServer$Division (RaftServerImpl.java:setRole(321)) - 2285727f-3b37-43a1-be03-08405d345bae@group-3E4EB95A61F3: changes role from  FOLLOWER to CANDIDATE at term 0 for changeToCandidate
2023-03-15 06:54:14,863 [1879f368-bd18-45a9-b41b-331daa2ef38f@group-3E4EB95A61F3-FollowerState] WARN  impl.FollowerState (FollowerState.java:run(130)) - Unexpected long sleep: sleep 5009ms but took extra 389378704ns (> threshold = 300ms)
2023-03-15 06:54:14,863 [1879f368-bd18-45a9-b41b-331daa2ef38f@group-3E4EB95A61F3-FollowerState] INFO  server.RaftServerConfigKeys (ConfUtils.java:logFallback(53)) - raft.server.rpc.first-election.timeout.min = 5s (fallback to raft.server.rpc.timeout.min)
2023-03-15 06:54:14,863 [1879f368-bd18-45a9-b41b-331daa2ef38f@group-3E4EB95A61F3-FollowerState] INFO  server.RaftServerConfigKeys (ConfUtils.java:logFallback(53)) - raft.server.rpc.first-election.timeout.max = 5200ms (fallback to raft.server.rpc.timeout.max)
2023-03-15 06:54:14,863 [2285727f-3b37-43a1-be03-08405d345bae@group-3E4EB95A61F3-FollowerState] INFO  server.RaftServerConfigKeys (ConfUtils.java:logGet(46)) - raft.server.leaderelection.pre-vote = true (default)
2023-03-15 06:54:14,864 [2285727f-3b37-43a1-be03-08405d345bae@group-3E4EB95A61F3-FollowerState] INFO  impl.RoleInfo (RoleInfo.java:updateAndGet(139)) - 2285727f-3b37-43a1-be03-08405d345bae: start 2285727f-3b37-43a1-be03-08405d345bae@group-3E4EB95A61F3-LeaderElection23
2023-03-15 06:54:14,865 [2285727f-3b37-43a1-be03-08405d345bae@group-69BE4C3F5696-LeaderElection20] INFO  server.RaftServer$Division (ServerState.java:setLeader(313)) - 2285727f-3b37-43a1-be03-08405d345bae@group-69BE4C3F5696: change Leader from null to 2285727f-3b37-43a1-be03-08405d345bae at term 1 for becomeLeader, leader elected after 5567ms
2023-03-15 06:54:14,865 [2285727f-3b37-43a1-be03-08405d345bae@group-69BE4C3F5696-LeaderElection20] INFO  server.RaftServerConfigKeys (ConfUtils.java:logGet(46)) - raft.server.staging.catchup.gap = 1000 (default)
2023-03-15 06:54:14,865 [2285727f-3b37-43a1-be03-08405d345bae@group-69BE4C3F5696-LeaderElection20] INFO  server.RaftServerConfigKeys (ConfUtils.java:logGet(46)) - raft.server.write.element-limit = 1024 (custom)
2023-03-15 06:54:14,865 [2285727f-3b37-43a1-be03-08405d345bae@group-69BE4C3F5696-LeaderElection20] INFO  server.RaftServerConfigKeys (ConfUtils.java:logGet(46)) - raft.server.write.byte-limit = 1024 M (=1073741824) (custom)
2023-03-15 06:54:14,865 [2285727f-3b37-43a1-be03-08405d345bae@group-69BE4C3F5696-LeaderElection20] INFO  server.RaftServerConfigKeys (ConfUtils.java:logGet(46)) - raft.server.watch.timeout = 180s (custom)
2023-03-15 06:54:14,865 [2285727f-3b37-43a1-be03-08405d345bae@group-69BE4C3F5696-LeaderElection20] INFO  server.RaftServerConfigKeys (ConfUtils.java:logGet(46)) - raft.server.watch.timeout.denomination = 1s (default)
2023-03-15 06:54:14,865 [2285727f-3b37-43a1-be03-08405d345bae@group-69BE4C3F5696-LeaderElection20] INFO  server.RaftServerConfigKeys (ConfUtils.java:logGet(46)) - raft.server.watch.element-limit = 65536 (default)
2023-03-15 06:54:14,865 [2285727f-3b37-43a1-be03-08405d345bae@group-69BE4C3F5696-LeaderElection20] INFO  server.RaftServerConfigKeys (ConfUtils.java:logGet(46)) - raft.server.write.element-limit = 1024 (custom)
2023-03-15 06:54:14,865 [2285727f-3b37-43a1-be03-08405d345bae@group-69BE4C3F5696-LeaderElection20] INFO  server.RaftServerConfigKeys (ConfUtils.java:logGet(46)) - raft.server.write.follower.gap.ratio.max = -1.0 (default)
2023-03-15 06:54:14,865 [2285727f-3b37-43a1-be03-08405d345bae@group-69BE4C3F5696-LeaderElection20] INFO  impl.RoleInfo (RoleInfo.java:updateAndGet(139)) - 2285727f-3b37-43a1-be03-08405d345bae: start 2285727f-3b37-43a1-be03-08405d345bae@group-69BE4C3F5696-LeaderStateImpl
2023-03-15 06:54:14,866 [2285727f-3b37-43a1-be03-08405d345bae@group-69BE4C3F5696-LeaderElection20] INFO  segmented.SegmentedRaftLogWorker (SegmentedRaftLogWorker.java:startLogSegment(452)) - 2285727f-3b37-43a1-be03-08405d345bae@group-69BE4C3F5696-SegmentedRaftLogWorker: Starting segment from index:0
2023-03-15 06:54:14,866 [2285727f-3b37-43a1-be03-08405d345bae@group-10FA924953B9-LeaderElection18] INFO  impl.LeaderElection (LeaderElection.java:logAndReturn(90)) - 2285727f-3b37-43a1-be03-08405d345bae@group-10FA924953B9-LeaderElection18: ELECTION PASSED received 1 response(s) and 0 exception(s):
2023-03-15 06:54:14,866 [2285727f-3b37-43a1-be03-08405d345bae@group-10FA924953B9-LeaderElection18] INFO  impl.LeaderElection (LeaderElection.java:logAndReturn(94)) -   Response 0: 2285727f-3b37-43a1-be03-08405d345bae<-1879f368-bd18-45a9-b41b-331daa2ef38f#0:OK-t1
2023-03-15 06:54:14,869 [2285727f-3b37-43a1-be03-08405d345bae@group-10FA924953B9-LeaderElection18] INFO  impl.LeaderElection (LeaderElection.java:askForVotes(314)) - 2285727f-3b37-43a1-be03-08405d345bae@group-10FA924953B9-LeaderElection18 ELECTION round 0: result PASSED
2023-03-15 06:54:14,870 [2285727f-3b37-43a1-be03-08405d345bae@group-10FA924953B9-LeaderElection18] INFO  impl.RoleInfo (RoleInfo.java:shutdownLeaderElection(130)) - 2285727f-3b37-43a1-be03-08405d345bae: shutdown 2285727f-3b37-43a1-be03-08405d345bae@group-10FA924953B9-LeaderElection18
2023-03-15 06:54:14,870 [2285727f-3b37-43a1-be03-08405d345bae@group-10FA924953B9-LeaderElection18] INFO  server.RaftServer$Division (RaftServerImpl.java:setRole(321)) - 2285727f-3b37-43a1-be03-08405d345bae@group-10FA924953B9: changes role from CANDIDATE to LEADER at term 1 for changeToLeader
2023-03-15 06:54:14,870 [2285727f-3b37-43a1-be03-08405d345bae@group-10FA924953B9-LeaderElection18] INFO  ratis.XceiverServerRatis (XceiverServerRatis.java:handleLeaderChangedNotification(905)) - Leader change notification received for group: group-10FA924953B9 with new leaderId: 2285727f-3b37-43a1-be03-08405d345bae
2023-03-15 06:54:14,870 [2285727f-3b37-43a1-be03-08405d345bae@group-10FA924953B9-LeaderElection18] INFO  server.RaftServer$Division (ServerState.java:setLeader(313)) - 2285727f-3b37-43a1-be03-08405d345bae@group-10FA924953B9: change Leader from null to 2285727f-3b37-43a1-be03-08405d345bae at term 1 for becomeLeader, leader elected after 5553ms
2023-03-15 06:54:14,870 [2285727f-3b37-43a1-be03-08405d345bae@group-10FA924953B9-LeaderElection18] INFO  server.RaftServerConfigKeys (ConfUtils.java:logGet(46)) - raft.server.staging.catchup.gap = 1000 (default)
2023-03-15 06:54:14,870 [2285727f-3b37-43a1-be03-08405d345bae@group-10FA924953B9-LeaderElection18] INFO  server.RaftServerConfigKeys (ConfUtils.java:logGet(46)) - raft.server.write.element-limit = 1024 (custom)
2023-03-15 06:54:14,870 [2285727f-3b37-43a1-be03-08405d345bae@group-10FA924953B9-LeaderElection18] INFO  server.RaftServerConfigKeys (ConfUtils.java:logGet(46)) - raft.server.write.byte-limit = 1024 M (=1073741824) (custom)
2023-03-15 06:54:14,870 [2285727f-3b37-43a1-be03-08405d345bae@group-10FA924953B9-LeaderElection18] INFO  server.RaftServerConfigKeys (ConfUtils.java:logGet(46)) - raft.server.watch.timeout = 180s (custom)
2023-03-15 06:54:14,870 [2285727f-3b37-43a1-be03-08405d345bae@group-10FA924953B9-LeaderElection18] INFO  server.RaftServerConfigKeys (ConfUtils.java:logGet(46)) - raft.server.watch.timeout.denomination = 1s (default)
2023-03-15 06:54:14,870 [2285727f-3b37-43a1-be03-08405d345bae@group-10FA924953B9-LeaderElection18] INFO  server.RaftServerConfigKeys (ConfUtils.java:logGet(46)) - raft.server.watch.element-limit = 65536 (default)
2023-03-15 06:54:14,870 [grpc-default-executor-12] INFO  impl.VoteContext (VoteContext.java:log(49)) - af97f91c-1465-457e-8a10-e9683affa9d2@group-10FA924953B9-FOLLOWER: accept ELECTION from 2285727f-3b37-43a1-be03-08405d345bae: our priority 0 <= candidate's priority 1
2023-03-15 06:54:14,870 [grpc-default-executor-12] INFO  server.RaftServer$Division (RaftServerImpl.java:setRole(321)) - af97f91c-1465-457e-8a10-e9683affa9d2@group-10FA924953B9: changes role from  FOLLOWER to FOLLOWER at term 1 for candidate:2285727f-3b37-43a1-be03-08405d345bae
2023-03-15 06:54:14,871 [grpc-default-executor-12] INFO  impl.RoleInfo (RoleInfo.java:shutdownFollowerState(110)) - af97f91c-1465-457e-8a10-e9683affa9d2: shutdown af97f91c-1465-457e-8a10-e9683affa9d2@group-10FA924953B9-FollowerState
2023-03-15 06:54:14,871 [grpc-default-executor-12] INFO  impl.RoleInfo (RoleInfo.java:updateAndGet(139)) - af97f91c-1465-457e-8a10-e9683affa9d2: start af97f91c-1465-457e-8a10-e9683affa9d2@group-10FA924953B9-FollowerState
2023-03-15 06:54:14,870 [2285727f-3b37-43a1-be03-08405d345bae@group-10FA924953B9-LeaderElection18] INFO  server.RaftServerConfigKeys (ConfUtils.java:logGet(46)) - raft.server.write.element-limit = 1024 (custom)
2023-03-15 06:54:14,871 [2285727f-3b37-43a1-be03-08405d345bae@group-10FA924953B9-LeaderElection18] INFO  server.RaftServerConfigKeys (ConfUtils.java:logGet(46)) - raft.server.write.follower.gap.ratio.max = -1.0 (default)
2023-03-15 06:54:14,872 [2285727f-3b37-43a1-be03-08405d345bae@group-10FA924953B9-LeaderElection18] INFO  server.RaftServerConfigKeys (ConfUtils.java:logGet(46)) - raft.server.log.appender.snapshot.chunk.size.max = 16MB (=16777216) (default)
2023-03-15 06:54:14,872 [2285727f-3b37-43a1-be03-08405d345bae@group-10FA924953B9-LeaderElection18] INFO  server.RaftServerConfigKeys (ConfUtils.java:logGet(46)) - raft.server.log.appender.buffer.byte-limit = 33554432 (custom)
2023-03-15 06:54:14,872 [2285727f-3b37-43a1-be03-08405d345bae@group-10FA924953B9-LeaderElection18] INFO  server.RaftServerConfigKeys (ConfUtils.java:logGet(46)) - raft.server.log.appender.buffer.element-limit = 1 (custom)
2023-03-15 06:54:14,871 [EventQueue-OpenPipelineForHealthyPipelineSafeModeRule] INFO  safemode.SCMSafeModeManager (HealthyPipelineSafeModeRule.java:process(137)) - SCM in safe mode. Healthy pipelines reported count is 0, required healthy pipeline reported count is 1
2023-03-15 06:54:14,872 [af97f91c-1465-457e-8a10-e9683affa9d2@group-3E4EB95A61F3-LeaderElection22] INFO  impl.LeaderElection (LeaderElection.java:askForVotes(312)) - af97f91c-1465-457e-8a10-e9683affa9d2@group-3E4EB95A61F3-LeaderElection22 PRE_VOTE round 0: submit vote requests at term 0 for -1: peers:[1879f368-bd18-45a9-b41b-331daa2ef38f|rpc:10.1.0.130:44513|dataStream:10.1.0.130:41255|priority:0|startupRole:FOLLOWER, 2285727f-3b37-43a1-be03-08405d345bae|rpc:10.1.0.130:33755|dataStream:10.1.0.130:34937|priority:0|startupRole:FOLLOWER, af97f91c-1465-457e-8a10-e9683affa9d2|rpc:10.1.0.130:41791|dataStream:10.1.0.130:44691|priority:1|startupRole:FOLLOWER]|listeners:[], old=null
2023-03-15 06:54:14,873 [2285727f-3b37-43a1-be03-08405d345bae@group-3E4EB95A61F3-LeaderElection23] INFO  impl.LeaderElection (LeaderElection.java:askForVotes(312)) - 2285727f-3b37-43a1-be03-08405d345bae@group-3E4EB95A61F3-LeaderElection23 PRE_VOTE round 0: submit vote requests at term 0 for -1: peers:[1879f368-bd18-45a9-b41b-331daa2ef38f|rpc:10.1.0.130:44513|dataStream:10.1.0.130:41255|priority:0|startupRole:FOLLOWER, 2285727f-3b37-43a1-be03-08405d345bae|rpc:10.1.0.130:33755|dataStream:10.1.0.130:34937|priority:0|startupRole:FOLLOWER, af97f91c-1465-457e-8a10-e9683affa9d2|rpc:10.1.0.130:41791|dataStream:10.1.0.130:44691|priority:1|startupRole:FOLLOWER]|listeners:[], old=null
2023-03-15 06:54:14,874 [2285727f-3b37-43a1-be03-08405d345bae@group-69BE4C3F5696-LeaderElection20] INFO  server.RaftServer$Division (ServerState.java:setRaftConf(430)) - 2285727f-3b37-43a1-be03-08405d345bae@group-69BE4C3F5696: set configuration 0: peers:[2285727f-3b37-43a1-be03-08405d345bae|rpc:10.1.0.130:33755|dataStream:10.1.0.130:34937|priority:1|startupRole:FOLLOWER]|listeners:[], old=null
2023-03-15 06:54:14,875 [1879f368-bd18-45a9-b41b-331daa2ef38f@group-EBBE10C5D3C7-LeaderElection21] INFO  impl.LeaderElection (LeaderElection.java:askForVotes(312)) - 1879f368-bd18-45a9-b41b-331daa2ef38f@group-EBBE10C5D3C7-LeaderElection21 PRE_VOTE round 0: submit vote requests at term 0 for -1: peers:[1879f368-bd18-45a9-b41b-331daa2ef38f|rpc:10.1.0.130:44513|dataStream:10.1.0.130:41255|priority:1|startupRole:FOLLOWER]|listeners:[], old=null
2023-03-15 06:54:14,875 [1879f368-bd18-45a9-b41b-331daa2ef38f@group-EBBE10C5D3C7-LeaderElection21] INFO  impl.LeaderElection (LeaderElection.java:askForVotes(314)) - 1879f368-bd18-45a9-b41b-331daa2ef38f@group-EBBE10C5D3C7-LeaderElection21 PRE_VOTE round 0: result PASSED (term=0)
2023-03-15 06:54:14,876 [EventQueue-PipelineReportForPipelineReportHandler] INFO  pipeline.PipelineManagerImpl (PipelineManagerImpl.java:openPipeline(367)) - Pipeline Pipeline[ Id: 48ca8924-e9aa-44b4-9839-10fa924953b9, Nodes: 1879f368-bd18-45a9-b41b-331daa2ef38f(fv-az210-452.jgpbknbp5ljuxny3rrcz4t2bbd.bx.internal.cloudapp.net/10.1.0.130)2285727f-3b37-43a1-be03-08405d345bae(fv-az210-452.jgpbknbp5ljuxny3rrcz4t2bbd.bx.internal.cloudapp.net/10.1.0.130)af97f91c-1465-457e-8a10-e9683affa9d2(fv-az210-452.jgpbknbp5ljuxny3rrcz4t2bbd.bx.internal.cloudapp.net/10.1.0.130), ReplicationConfig: RATIS/THREE, State:ALLOCATED, leaderId:2285727f-3b37-43a1-be03-08405d345bae, CreationTimestamp2023-03-15T06:54:07.051Z[Etc/UTC]] moved to OPEN state
2023-03-15 06:54:14,876 [EventQueue-OpenPipelineForHealthyPipelineSafeModeRule] INFO  safemode.SCMSafeModeManager (HealthyPipelineSafeModeRule.java:process(137)) - SCM in safe mode. Healthy pipelines reported count is 1, required healthy pipeline reported count is 1
2023-03-15 06:54:14,876 [EventQueue-OpenPipelineForHealthyPipelineSafeModeRule] INFO  safemode.SCMSafeModeManager (SCMSafeModeManager.java:validateSafeModeExitRules(200)) - HealthyPipelineSafeModeRule rule is successfully validated
2023-03-15 06:54:14,876 [EventQueue-OpenPipelineForHealthyPipelineSafeModeRule] INFO  safemode.SCMSafeModeManager (SCMSafeModeManager.java:validateSafeModeExitRules(215)) - ScmSafeModeManager, all rules are successfully validated
2023-03-15 06:54:14,876 [EventQueue-OpenPipelineForHealthyPipelineSafeModeRule] INFO  safemode.SCMSafeModeManager (SCMSafeModeManager.java:exitSafeMode(244)) - SCM exiting safe mode.
2023-03-15 06:54:14,876 [EventQueue-OpenPipelineForHealthyPipelineSafeModeRule] INFO  ha.SCMContext (SCMContext.java:updateSafeModeStatus(228)) - Update SafeModeStatus from SafeModeStatus{safeModeStatus=true, preCheckPassed=true} to SafeModeStatus{safeModeStatus=false, preCheckPassed=true}.
2023-03-15 06:54:14,876 [EventQueue-OpenPipelineForHealthyPipelineSafeModeRule] INFO  pipeline.BackgroundPipelineCreator (BackgroundPipelineCreator.java:notifyStatusChanged(254)) - Service BackgroundPipelineCreator transitions to RUNNING.
2023-03-15 06:54:14,876 [EventQueue-OpenPipelineForHealthyPipelineSafeModeRule] INFO  BackgroundPipelineScrubber (BackgroundSCMService.java:notifyStatusChanged(82)) - Service BackgroundPipelineScrubber transitions to RUNNING.
2023-03-15 06:54:14,876 [EventQueue-OpenPipelineForHealthyPipelineSafeModeRule] INFO  ExpiredContainerReplicaOpScrubber (BackgroundSCMService.java:notifyStatusChanged(82)) - Service ExpiredContainerReplicaOpScrubber transitions to RUNNING.
2023-03-15 06:54:14,876 [EventQueue-OpenPipelineForHealthyPipelineSafeModeRule] INFO  replication.ReplicationManager (ReplicationManager.java:notifyStatusChanged(1156)) - Service ReplicationManager transitions to RUNNING.
2023-03-15 06:54:14,877 [2285727f-3b37-43a1-be03-08405d345bae@group-69BE4C3F5696-SegmentedRaftLogWorker] INFO  segmented.SegmentedRaftLogWorker (SegmentedRaftLogWorker.java:execute(656)) - 2285727f-3b37-43a1-be03-08405d345bae@group-69BE4C3F5696-SegmentedRaftLogWorker: created new log segment /home/runner/work/ozone/ozone/hadoop-ozone/integration-test/target/test-dir/MiniOzoneClusterImpl-88c1a39f-978e-429a-824f-6eda176bb531/datanode-0/data/ratis/6027103f-f5d3-4f9f-bf24-69be4c3f5696/current/log_inprogress_0
2023-03-15 06:54:14,877 [EventQueue-OpenPipelineForHealthyPipelineSafeModeRule] WARN  balancer.ContainerBalancer (ContainerBalancer.java:shouldRun(131)) - Could not find persisted configuration for ContainerBalancer when checking if ContainerBalancer should run. ContainerBalancer should not run now.
2023-03-15 06:54:14,878 [1879f368-bd18-45a9-b41b-331daa2ef38f@group-EBBE10C5D3C7-LeaderElection21] INFO  impl.LeaderElection (LeaderElection.java:askForVotes(312)) - 1879f368-bd18-45a9-b41b-331daa2ef38f@group-EBBE10C5D3C7-LeaderElection21 ELECTION round 0: submit vote requests at term 1 for -1: peers:[1879f368-bd18-45a9-b41b-331daa2ef38f|rpc:10.1.0.130:44513|dataStream:10.1.0.130:41255|priority:1|startupRole:FOLLOWER]|listeners:[], old=null
2023-03-15 06:54:14,878 [1879f368-bd18-45a9-b41b-331daa2ef38f@group-EBBE10C5D3C7-LeaderElection21] INFO  impl.LeaderElection (LeaderElection.java:askForVotes(314)) - 1879f368-bd18-45a9-b41b-331daa2ef38f@group-EBBE10C5D3C7-LeaderElection21 ELECTION round 0: result PASSED (term=1)
2023-03-15 06:54:14,878 [1879f368-bd18-45a9-b41b-331daa2ef38f@group-EBBE10C5D3C7-LeaderElection21] INFO  impl.RoleInfo (RoleInfo.java:shutdownLeaderElection(130)) - 1879f368-bd18-45a9-b41b-331daa2ef38f: shutdown 1879f368-bd18-45a9-b41b-331daa2ef38f@group-EBBE10C5D3C7-LeaderElection21
2023-03-15 06:54:14,878 [1879f368-bd18-45a9-b41b-331daa2ef38f@group-EBBE10C5D3C7-LeaderElection21] INFO  server.RaftServer$Division (RaftServerImpl.java:setRole(321)) - 1879f368-bd18-45a9-b41b-331daa2ef38f@group-EBBE10C5D3C7: changes role from CANDIDATE to LEADER at term 1 for changeToLeader
2023-03-15 06:54:14,878 [1879f368-bd18-45a9-b41b-331daa2ef38f@group-EBBE10C5D3C7-LeaderElection21] INFO  ratis.XceiverServerRatis (XceiverServerRatis.java:handleLeaderChangedNotification(905)) - Leader change notification received for group: group-EBBE10C5D3C7 with new leaderId: 1879f368-bd18-45a9-b41b-331daa2ef38f
2023-03-15 06:54:14,881 [1879f368-bd18-45a9-b41b-331daa2ef38f@group-EBBE10C5D3C7-LeaderElection21] INFO  server.RaftServer$Division (ServerState.java:setLeader(313)) - 1879f368-bd18-45a9-b41b-331daa2ef38f@group-EBBE10C5D3C7: change Leader from null to 1879f368-bd18-45a9-b41b-331daa2ef38f at term 1 for becomeLeader, leader elected after 5192ms
2023-03-15 06:54:14,881 [1879f368-bd18-45a9-b41b-331daa2ef38f@group-EBBE10C5D3C7-LeaderElection21] INFO  server.RaftServerConfigKeys (ConfUtils.java:logGet(46)) - raft.server.staging.catchup.gap = 1000 (default)
2023-03-15 06:54:14,881 [grpc-default-executor-1] INFO  server.RaftServer$Division (RaftServerImpl.java:requestVote(1218)) - 2285727f-3b37-43a1-be03-08405d345bae@group-10FA924953B9: receive requestVote(PRE_VOTE, 1879f368-bd18-45a9-b41b-331daa2ef38f, group-10FA924953B9, 0, (t:0, i:0))
2023-03-15 06:54:14,886 [2285727f-3b37-43a1-be03-08405d345bae@group-3E4EB95A61F3-LeaderElection23] INFO  server.RaftServerConfigKeys (ConfUtils.java:logFallback(53)) - raft.server.rpc.first-election.timeout.min = 5s (fallback to raft.server.rpc.timeout.min)
2023-03-15 06:54:14,886 [2285727f-3b37-43a1-be03-08405d345bae@group-3E4EB95A61F3-LeaderElection23] INFO  server.RaftServerConfigKeys (ConfUtils.java:logFallback(53)) - raft.server.rpc.first-election.timeout.max = 5200ms (fallback to raft.server.rpc.timeout.max)
2023-03-15 06:54:14,890 [af97f91c-1465-457e-8a10-e9683affa9d2@group-3E4EB95A61F3-LeaderElection22-1] INFO  server.GrpcServerProtocolClient (GrpcServerProtocolClient.java:<init>(63)) - Build channel for 1879f368-bd18-45a9-b41b-331daa2ef38f
2023-03-15 06:54:14,891 [af97f91c-1465-457e-8a10-e9683affa9d2@group-3E4EB95A61F3-LeaderElection22] INFO  server.RaftServerConfigKeys (ConfUtils.java:logFallback(53)) - raft.server.rpc.first-election.timeout.min = 5s (fallback to raft.server.rpc.timeout.min)
2023-03-15 06:54:14,892 [af97f91c-1465-457e-8a10-e9683affa9d2@group-3E4EB95A61F3-LeaderElection22] INFO  server.RaftServerConfigKeys (ConfUtils.java:logFallback(53)) - raft.server.rpc.first-election.timeout.max = 5200ms (fallback to raft.server.rpc.timeout.max)
2023-03-15 06:54:14,892 [2285727f-3b37-43a1-be03-08405d345bae@group-10FA924953B9-LeaderElection18] INFO  grpc.GrpcConfigKeys (ConfUtils.java:logGet(46)) - raft.grpc.server.leader.outstanding.appends.max = 128 (default)
2023-03-15 06:54:14,892 [af97f91c-1465-457e-8a10-e9683affa9d2@group-3E4EB95A61F3-LeaderElection22-2] INFO  server.GrpcServerProtocolClient (GrpcServerProtocolClient.java:<init>(63)) - Build channel for 2285727f-3b37-43a1-be03-08405d345bae
2023-03-15 06:54:14,892 [2285727f-3b37-43a1-be03-08405d345bae@group-10FA924953B9-LeaderElection18] INFO  server.RaftServerConfigKeys (ConfUtils.java:logGet(46)) - raft.server.rpc.request.timeout = 60s (custom)
2023-03-15 06:54:14,892 [2285727f-3b37-43a1-be03-08405d345bae@group-10FA924953B9-LeaderElection18] INFO  server.RaftServerConfigKeys (ConfUtils.java:logGet(46)) - raft.server.log.appender.install.snapshot.enabled = false (custom)
2023-03-15 06:54:14,892 [2285727f-3b37-43a1-be03-08405d345bae@group-10FA924953B9-LeaderElection18] INFO  grpc.GrpcConfigKeys (ConfUtils.java:logGet(46)) - raft.grpc.server.heartbeat.channel = true (default)
2023-03-15 06:54:14,892 [2285727f-3b37-43a1-be03-08405d345bae@group-10FA924953B9-LeaderElection18] INFO  server.RaftServerConfigKeys (ConfUtils.java:logGet(46)) - raft.server.log.appender.wait-time.min = 10ms (default)
2023-03-15 06:54:14,893 [2285727f-3b37-43a1-be03-08405d345bae@group-10FA924953B9-LeaderElection18] INFO  server.RaftServerConfigKeys (ConfUtils.java:logGet(46)) - raft.server.log.appender.snapshot.chunk.size.max = 16MB (=16777216) (default)
2023-03-15 06:54:14,893 [2285727f-3b37-43a1-be03-08405d345bae@group-10FA924953B9-LeaderElection18] INFO  server.RaftServerConfigKeys (ConfUtils.java:logGet(46)) - raft.server.log.appender.buffer.byte-limit = 33554432 (custom)
2023-03-15 06:54:14,893 [2285727f-3b37-43a1-be03-08405d345bae@group-10FA924953B9-LeaderElection18] INFO  server.RaftServerConfigKeys (ConfUtils.java:logGet(46)) - raft.server.log.appender.buffer.element-limit = 1 (custom)
2023-03-15 06:54:14,893 [2285727f-3b37-43a1-be03-08405d345bae@group-10FA924953B9-LeaderElection18] INFO  grpc.GrpcConfigKeys (ConfUtils.java:logGet(46)) - raft.grpc.server.leader.outstanding.appends.max = 128 (default)
2023-03-15 06:54:14,893 [2285727f-3b37-43a1-be03-08405d345bae@group-10FA924953B9-LeaderElection18] INFO  server.RaftServerConfigKeys (ConfUtils.java:logGet(46)) - raft.server.rpc.request.timeout = 60s (custom)
2023-03-15 06:54:14,893 [2285727f-3b37-43a1-be03-08405d345bae@group-10FA924953B9-LeaderElection18] INFO  server.RaftServerConfigKeys (ConfUtils.java:logGet(46)) - raft.server.log.appender.install.snapshot.enabled = false (custom)
2023-03-15 06:54:14,893 [2285727f-3b37-43a1-be03-08405d345bae@group-10FA924953B9-LeaderElection18] INFO  grpc.GrpcConfigKeys (ConfUtils.java:logGet(46)) - raft.grpc.server.heartbeat.channel = true (default)
2023-03-15 06:54:14,893 [2285727f-3b37-43a1-be03-08405d345bae@group-10FA924953B9-LeaderElection18] INFO  server.RaftServerConfigKeys (ConfUtils.java:logGet(46)) - raft.server.log.appender.wait-time.min = 10ms (default)
2023-03-15 06:54:14,893 [2285727f-3b37-43a1-be03-08405d345bae@group-10FA924953B9-LeaderElection18] INFO  impl.RoleInfo (RoleInfo.java:updateAndGet(139)) - 2285727f-3b37-43a1-be03-08405d345bae: start 2285727f-3b37-43a1-be03-08405d345bae@group-10FA924953B9-LeaderStateImpl
2023-03-15 06:54:14,893 [2285727f-3b37-43a1-be03-08405d345bae@group-10FA924953B9-LeaderElection18] INFO  segmented.SegmentedRaftLogWorker (SegmentedRaftLogWorker.java:startLogSegment(452)) - 2285727f-3b37-43a1-be03-08405d345bae@group-10FA924953B9-SegmentedRaftLogWorker: Starting segment from index:0
2023-03-15 06:54:14,895 [2285727f-3b37-43a1-be03-08405d345bae@group-10FA924953B9-SegmentedRaftLogWorker] INFO  segmented.SegmentedRaftLogWorker (SegmentedRaftLogWorker.java:execute(656)) - 2285727f-3b37-43a1-be03-08405d345bae@group-10FA924953B9-SegmentedRaftLogWorker: created new log segment /home/runner/work/ozone/ozone/hadoop-ozone/integration-test/target/test-dir/MiniOzoneClusterImpl-88c1a39f-978e-429a-824f-6eda176bb531/datanode-0/data/ratis/48ca8924-e9aa-44b4-9839-10fa924953b9/current/log_inprogress_0
2023-03-15 06:54:14,904 [1879f368-bd18-45a9-b41b-331daa2ef38f@group-EBBE10C5D3C7-LeaderElection21] INFO  server.RaftServerConfigKeys (ConfUtils.java:logGet(46)) - raft.server.write.element-limit = 1024 (custom)
2023-03-15 06:54:14,904 [1879f368-bd18-45a9-b41b-331daa2ef38f@group-EBBE10C5D3C7-LeaderElection21] INFO  server.RaftServerConfigKeys (ConfUtils.java:logGet(46)) - raft.server.write.byte-limit = 1024 M (=1073741824) (custom)
2023-03-15 06:54:14,904 [1879f368-bd18-45a9-b41b-331daa2ef38f@group-EBBE10C5D3C7-LeaderElection21] INFO  server.RaftServerConfigKeys (ConfUtils.java:logGet(46)) - raft.server.watch.timeout = 180s (custom)
2023-03-15 06:54:14,904 [grpc-default-executor-12] INFO  server.RaftServer$Division (RaftServerImpl.java:requestVote(1251)) - af97f91c-1465-457e-8a10-e9683affa9d2@group-10FA924953B9 replies to ELECTION vote request: 2285727f-3b37-43a1-be03-08405d345bae<-af97f91c-1465-457e-8a10-e9683affa9d2#0:OK-t1. Peer's state: af97f91c-1465-457e-8a10-e9683affa9d2@group-10FA924953B9:t1, leader=null, voted=2285727f-3b37-43a1-be03-08405d345bae, raftlog=Memoized:af97f91c-1465-457e-8a10-e9683affa9d2@group-10FA924953B9-SegmentedRaftLog:OPENED:c-1, conf=-1: peers:[1879f368-bd18-45a9-b41b-331daa2ef38f|rpc:10.1.0.130:44513|dataStream:10.1.0.130:41255|priority:0|startupRole:FOLLOWER, 2285727f-3b37-43a1-be03-08405d345bae|rpc:10.1.0.130:33755|dataStream:10.1.0.130:34937|priority:1|startupRole:FOLLOWER, af97f91c-1465-457e-8a10-e9683affa9d2|rpc:10.1.0.130:41791|dataStream:10.1.0.130:44691|priority:0|startupRole:FOLLOWER]|listeners:[], old=null
2023-03-15 06:54:14,904 [af97f91c-1465-457e-8a10-e9683affa9d2@group-10FA924953B9-FollowerState] INFO  server.RaftServerConfigKeys (ConfUtils.java:logFallback(53)) - raft.server.rpc.first-election.timeout.min = 5s (fallback to raft.server.rpc.timeout.min)
2023-03-15 06:54:14,904 [af97f91c-1465-457e-8a10-e9683affa9d2@group-10FA924953B9-FollowerState] INFO  server.RaftServerConfigKeys (ConfUtils.java:logFallback(53)) - raft.server.rpc.first-election.timeout.max = 5200ms (fallback to raft.server.rpc.timeout.max)
2023-03-15 06:54:14,904 [grpc-default-executor-13] INFO  impl.VoteContext (VoteContext.java:log(49)) - af97f91c-1465-457e-8a10-e9683affa9d2@group-10FA924953B9-FOLLOWER: accept PRE_VOTE from 1879f368-bd18-45a9-b41b-331daa2ef38f: our priority 0 <= candidate's priority 0
2023-03-15 06:54:14,904 [grpc-default-executor-13] INFO  server.RaftServer$Division (RaftServerImpl.java:requestVote(1251)) - af97f91c-1465-457e-8a10-e9683affa9d2@group-10FA924953B9 replies to PRE_VOTE vote request: 1879f368-bd18-45a9-b41b-331daa2ef38f<-af97f91c-1465-457e-8a10-e9683affa9d2#0:OK-t1. Peer's state: af97f91c-1465-457e-8a10-e9683affa9d2@group-10FA924953B9:t1, leader=null, voted=2285727f-3b37-43a1-be03-08405d345bae, raftlog=Memoized:af97f91c-1465-457e-8a10-e9683affa9d2@group-10FA924953B9-SegmentedRaftLog:OPENED:c-1, conf=-1: peers:[1879f368-bd18-45a9-b41b-331daa2ef38f|rpc:10.1.0.130:44513|dataStream:10.1.0.130:41255|priority:0|startupRole:FOLLOWER, 2285727f-3b37-43a1-be03-08405d345bae|rpc:10.1.0.130:33755|dataStream:10.1.0.130:34937|priority:1|startupRole:FOLLOWER, af97f91c-1465-457e-8a10-e9683affa9d2|rpc:10.1.0.130:41791|dataStream:10.1.0.130:44691|priority:0|startupRole:FOLLOWER]|listeners:[], old=null
2023-03-15 06:54:14,905 [grpc-default-executor-7] INFO  server.RaftServer$Division (RaftServerImpl.java:requestVote(1218)) - 1879f368-bd18-45a9-b41b-331daa2ef38f@group-3E4EB95A61F3: receive requestVote(PRE_VOTE, 2285727f-3b37-43a1-be03-08405d345bae, group-3E4EB95A61F3, 0, (t:0, i:0))
2023-03-15 06:54:14,905 [grpc-default-executor-7] INFO  impl.VoteContext (VoteContext.java:log(49)) - 1879f368-bd18-45a9-b41b-331daa2ef38f@group-3E4EB95A61F3-FOLLOWER: accept PRE_VOTE from 2285727f-3b37-43a1-be03-08405d345bae: our priority 0 <= candidate's priority 0
2023-03-15 06:54:14,905 [grpc-default-executor-7] INFO  server.RaftServer$Division (RaftServerImpl.java:requestVote(1251)) - 1879f368-bd18-45a9-b41b-331daa2ef38f@group-3E4EB95A61F3 replies to PRE_VOTE vote request: 2285727f-3b37-43a1-be03-08405d345bae<-1879f368-bd18-45a9-b41b-331daa2ef38f#0:OK-t0. Peer's state: 1879f368-bd18-45a9-b41b-331daa2ef38f@group-3E4EB95A61F3:t0, leader=null, voted=, raftlog=Memoized:1879f368-bd18-45a9-b41b-331daa2ef38f@group-3E4EB95A61F3-SegmentedRaftLog:OPENED:c-1, conf=-1: peers:[1879f368-bd18-45a9-b41b-331daa2ef38f|rpc:10.1.0.130:44513|dataStream:10.1.0.130:41255|priority:0|startupRole:FOLLOWER, 2285727f-3b37-43a1-be03-08405d345bae|rpc:10.1.0.130:33755|dataStream:10.1.0.130:34937|priority:0|startupRole:FOLLOWER, af97f91c-1465-457e-8a10-e9683affa9d2|rpc:10.1.0.130:41791|dataStream:10.1.0.130:44691|priority:1|startupRole:FOLLOWER]|listeners:[], old=null
2023-03-15 06:54:14,905 [grpc-default-executor-0] INFO  server.RaftServer$Division (RaftServerImpl.java:requestVote(1218)) - af97f91c-1465-457e-8a10-e9683affa9d2@group-3E4EB95A61F3: receive requestVote(PRE_VOTE, 2285727f-3b37-43a1-be03-08405d345bae, group-3E4EB95A61F3, 0, (t:0, i:0))
2023-03-15 06:54:14,906 [grpc-default-executor-0] INFO  impl.VoteContext (VoteContext.java:log(49)) - af97f91c-1465-457e-8a10-e9683affa9d2@group-3E4EB95A61F3-CANDIDATE: reject PRE_VOTE from 2285727f-3b37-43a1-be03-08405d345bae: our priority 1 > candidate's priority 0
2023-03-15 06:54:14,906 [grpc-default-executor-0] INFO  server.RaftServer$Division (RaftServerImpl.java:requestVote(1251)) - af97f91c-1465-457e-8a10-e9683affa9d2@group-3E4EB95A61F3 replies to PRE_VOTE vote request: 2285727f-3b37-43a1-be03-08405d345bae<-af97f91c-1465-457e-8a10-e9683affa9d2#0:FAIL-t0. Peer's state: af97f91c-1465-457e-8a10-e9683affa9d2@group-3E4EB95A61F3:t0, leader=null, voted=, raftlog=Memoized:af97f91c-1465-457e-8a10-e9683affa9d2@group-3E4EB95A61F3-SegmentedRaftLog:OPENED:c-1, conf=-1: peers:[1879f368-bd18-45a9-b41b-331daa2ef38f|rpc:10.1.0.130:44513|dataStream:10.1.0.130:41255|priority:0|startupRole:FOLLOWER, 2285727f-3b37-43a1-be03-08405d345bae|rpc:10.1.0.130:33755|dataStream:10.1.0.130:34937|priority:0|startupRole:FOLLOWER, af97f91c-1465-457e-8a10-e9683affa9d2|rpc:10.1.0.130:41791|dataStream:10.1.0.130:44691|priority:1|startupRole:FOLLOWER]|listeners:[], old=null
2023-03-15 06:54:14,907 [2285727f-3b37-43a1-be03-08405d345bae@group-10FA924953B9-LeaderElection18] INFO  server.RaftServer$Division (ServerState.java:setRaftConf(430)) - 2285727f-3b37-43a1-be03-08405d345bae@group-10FA924953B9: set configuration 0: peers:[1879f368-bd18-45a9-b41b-331daa2ef38f|rpc:10.1.0.130:44513|dataStream:10.1.0.130:41255|priority:0|startupRole:FOLLOWER, 2285727f-3b37-43a1-be03-08405d345bae|rpc:10.1.0.130:33755|dataStream:10.1.0.130:34937|priority:1|startupRole:FOLLOWER, af97f91c-1465-457e-8a10-e9683affa9d2|rpc:10.1.0.130:41791|dataStream:10.1.0.130:44691|priority:0|startupRole:FOLLOWER]|listeners:[], old=null
2023-03-15 06:54:14,904 [1879f368-bd18-45a9-b41b-331daa2ef38f@group-EBBE10C5D3C7-LeaderElection21] INFO  server.RaftServerConfigKeys (ConfUtils.java:logGet(46)) - raft.server.watch.timeout.denomination = 1s (default)
2023-03-15 06:54:14,907 [1879f368-bd18-45a9-b41b-331daa2ef38f@group-EBBE10C5D3C7-LeaderElection21] INFO  server.RaftServerConfigKeys (ConfUtils.java:logGet(46)) - raft.server.watch.element-limit = 65536 (default)
2023-03-15 06:54:14,907 [1879f368-bd18-45a9-b41b-331daa2ef38f@group-EBBE10C5D3C7-LeaderElection21] INFO  server.RaftServerConfigKeys (ConfUtils.java:logGet(46)) - raft.server.write.element-limit = 1024 (custom)
2023-03-15 06:54:14,907 [1879f368-bd18-45a9-b41b-331daa2ef38f@group-EBBE10C5D3C7-LeaderElection21] INFO  server.RaftServerConfigKeys (ConfUtils.java:logGet(46)) - raft.server.write.follower.gap.ratio.max = -1.0 (default)
2023-03-15 06:54:14,907 [1879f368-bd18-45a9-b41b-331daa2ef38f@group-EBBE10C5D3C7-LeaderElection21] INFO  impl.RoleInfo (RoleInfo.java:updateAndGet(139)) - 1879f368-bd18-45a9-b41b-331daa2ef38f: start 1879f368-bd18-45a9-b41b-331daa2ef38f@group-EBBE10C5D3C7-LeaderStateImpl
2023-03-15 06:54:14,907 [1879f368-bd18-45a9-b41b-331daa2ef38f@group-EBBE10C5D3C7-LeaderElection21] INFO  segmented.SegmentedRaftLogWorker (SegmentedRaftLogWorker.java:startLogSegment(452)) - 1879f368-bd18-45a9-b41b-331daa2ef38f@group-EBBE10C5D3C7-SegmentedRaftLogWorker: Starting segment from index:0
2023-03-15 06:54:14,909 [1879f368-bd18-45a9-b41b-331daa2ef38f@group-EBBE10C5D3C7-SegmentedRaftLogWorker] INFO  segmented.SegmentedRaftLogWorker (SegmentedRaftLogWorker.java:execute(656)) - 1879f368-bd18-45a9-b41b-331daa2ef38f@group-EBBE10C5D3C7-SegmentedRaftLogWorker: created new log segment /home/runner/work/ozone/ozone/hadoop-ozone/integration-test/target/test-dir/MiniOzoneClusterImpl-88c1a39f-978e-429a-824f-6eda176bb531/datanode-1/data/ratis/e03534f2-7430-4467-9452-ebbe10c5d3c7/current/log_inprogress_0
2023-03-15 06:54:14,914 [1879f368-bd18-45a9-b41b-331daa2ef38f@group-EBBE10C5D3C7-LeaderElection21] INFO  server.RaftServer$Division (ServerState.java:setRaftConf(430)) - 1879f368-bd18-45a9-b41b-331daa2ef38f@group-EBBE10C5D3C7: set configuration 0: peers:[1879f368-bd18-45a9-b41b-331daa2ef38f|rpc:10.1.0.130:44513|dataStream:10.1.0.130:41255|priority:1|startupRole:FOLLOWER]|listeners:[], old=null
2023-03-15 06:54:14,914 [grpc-default-executor-1] INFO  impl.VoteContext (VoteContext.java:log(49)) - 2285727f-3b37-43a1-be03-08405d345bae@group-10FA924953B9-LEADER: reject PRE_VOTE from 1879f368-bd18-45a9-b41b-331daa2ef38f: this server is the leader and still has leadership
2023-03-15 06:54:14,917 [2285727f-3b37-43a1-be03-08405d345bae@group-3E4EB95A61F3-LeaderElection23] INFO  impl.LeaderElection (LeaderElection.java:logAndReturn(90)) - 2285727f-3b37-43a1-be03-08405d345bae@group-3E4EB95A61F3-LeaderElection23: PRE_VOTE REJECTED received 1 response(s) and 0 exception(s):
2023-03-15 06:54:14,918 [grpc-default-executor-1] INFO  server.RaftServer$Division (RaftServerImpl.java:requestVote(1251)) - 2285727f-3b37-43a1-be03-08405d345bae@group-10FA924953B9 replies to PRE_VOTE vote request: 1879f368-bd18-45a9-b41b-331daa2ef38f<-2285727f-3b37-43a1-be03-08405d345bae#0:FAIL-t1. Peer's state: 2285727f-3b37-43a1-be03-08405d345bae@group-10FA924953B9:t1, leader=2285727f-3b37-43a1-be03-08405d345bae, voted=2285727f-3b37-43a1-be03-08405d345bae, raftlog=Memoized:2285727f-3b37-43a1-be03-08405d345bae@group-10FA924953B9-SegmentedRaftLog:OPENED:c0, conf=0: peers:[1879f368-bd18-45a9-b41b-331daa2ef38f|rpc:10.1.0.130:44513|dataStream:10.1.0.130:41255|priority:0|startupRole:FOLLOWER, 2285727f-3b37-43a1-be03-08405d345bae|rpc:10.1.0.130:33755|dataStream:10.1.0.130:34937|priority:1|startupRole:FOLLOWER, af97f91c-1465-457e-8a10-e9683affa9d2|rpc:10.1.0.130:41791|dataStream:10.1.0.130:44691|priority:0|startupRole:FOLLOWER]|listeners:[], old=null
2023-03-15 06:54:14,918 [2285727f-3b37-43a1-be03-08405d345bae@group-3E4EB95A61F3-LeaderElection23] INFO  impl.LeaderElection (LeaderElection.java:logAndReturn(94)) -   Response 0: 2285727f-3b37-43a1-be03-08405d345bae<-af97f91c-1465-457e-8a10-e9683affa9d2#0:FAIL-t0
2023-03-15 06:54:14,918 [2285727f-3b37-43a1-be03-08405d345bae@group-3E4EB95A61F3-LeaderElection23] INFO  impl.LeaderElection (LeaderElection.java:askForVotes(314)) - 2285727f-3b37-43a1-be03-08405d345bae@group-3E4EB95A61F3-LeaderElection23 PRE_VOTE round 0: result REJECTED
2023-03-15 06:54:14,918 [2285727f-3b37-43a1-be03-08405d345bae@group-3E4EB95A61F3-LeaderElection23] INFO  server.RaftServer$Division (RaftServerImpl.java:setRole(321)) - 2285727f-3b37-43a1-be03-08405d345bae@group-3E4EB95A61F3: changes role from CANDIDATE to FOLLOWER at term 0 for REJECTED
2023-03-15 06:54:14,918 [2285727f-3b37-43a1-be03-08405d345bae@group-3E4EB95A61F3-LeaderElection23] INFO  impl.RoleInfo (RoleInfo.java:shutdownLeaderElection(130)) - 2285727f-3b37-43a1-be03-08405d345bae: shutdown 2285727f-3b37-43a1-be03-08405d345bae@group-3E4EB95A61F3-LeaderElection23
2023-03-15 06:54:14,918 [2285727f-3b37-43a1-be03-08405d345bae@group-3E4EB95A61F3-LeaderElection23] INFO  impl.RoleInfo (RoleInfo.java:updateAndGet(139)) - 2285727f-3b37-43a1-be03-08405d345bae: start 2285727f-3b37-43a1-be03-08405d345bae@group-3E4EB95A61F3-FollowerState
2023-03-15 06:54:14,927 [af97f91c-1465-457e-8a10-e9683affa9d2@group-10FA924953B9-FollowerState] INFO  impl.FollowerState (FollowerState.java:shouldRun(117)) - af97f91c-1465-457e-8a10-e9683affa9d2@group-10FA924953B9-FollowerState: Stopping now (isRunning? false, role = FOLLOWER)
2023-03-15 06:54:14,930 [1879f368-bd18-45a9-b41b-331daa2ef38f@group-10FA924953B9-LeaderElection19] INFO  impl.LeaderElection (LeaderElection.java:logAndReturn(90)) - 1879f368-bd18-45a9-b41b-331daa2ef38f@group-10FA924953B9-LeaderElection19: PRE_VOTE DISCOVERED_A_NEW_TERM (term=1) received 1 response(s) and 0 exception(s):
2023-03-15 06:54:14,931 [1879f368-bd18-45a9-b41b-331daa2ef38f@group-10FA924953B9-LeaderElection19] INFO  impl.LeaderElection (LeaderElection.java:logAndReturn(94)) -   Response 0: 1879f368-bd18-45a9-b41b-331daa2ef38f<-af97f91c-1465-457e-8a10-e9683affa9d2#0:OK-t1
2023-03-15 06:54:14,931 [1879f368-bd18-45a9-b41b-331daa2ef38f@group-10FA924953B9-LeaderElection19] INFO  impl.LeaderElection (LeaderElection.java:askForVotes(314)) - 1879f368-bd18-45a9-b41b-331daa2ef38f@group-10FA924953B9-LeaderElection19 PRE_VOTE round 0: result DISCOVERED_A_NEW_TERM (term=1)
2023-03-15 06:54:14,932 [2285727f-3b37-43a1-be03-08405d345bae@group-3E4EB95A61F3-FollowerState] INFO  server.RaftServerConfigKeys (ConfUtils.java:logFallback(53)) - raft.server.rpc.first-election.timeout.min = 5s (fallback to raft.server.rpc.timeout.min)
2023-03-15 06:54:14,932 [2285727f-3b37-43a1-be03-08405d345bae@group-3E4EB95A61F3-FollowerState] INFO  server.RaftServerConfigKeys (ConfUtils.java:logFallback(53)) - raft.server.rpc.first-election.timeout.max = 5200ms (fallback to raft.server.rpc.timeout.max)
2023-03-15 06:54:14,936 [grpc-default-executor-13] INFO  server.RaftServer$Division (RaftServerImpl.java:requestVote(1218)) - 1879f368-bd18-45a9-b41b-331daa2ef38f@group-3E4EB95A61F3: receive requestVote(PRE_VOTE, af97f91c-1465-457e-8a10-e9683affa9d2, group-3E4EB95A61F3, 0, (t:0, i:0))
2023-03-15 06:54:14,937 [1879f368-bd18-45a9-b41b-331daa2ef38f-server-thread1] INFO  ratis.XceiverServerRatis (XceiverServerRatis.java:handleLeaderChangedNotification(905)) - Leader change notification received for group: group-10FA924953B9 with new leaderId: 2285727f-3b37-43a1-be03-08405d345bae
2023-03-15 06:54:14,937 [1879f368-bd18-45a9-b41b-331daa2ef38f-server-thread1] INFO  server.RaftServer$Division (ServerState.java:setLeader(313)) - 1879f368-bd18-45a9-b41b-331daa2ef38f@group-10FA924953B9: change Leader from null to 2285727f-3b37-43a1-be03-08405d345bae at term 1 for appendEntries, leader elected after 5586ms
2023-03-15 06:54:14,940 [grpc-default-executor-13] INFO  impl.VoteContext (VoteContext.java:log(49)) - 1879f368-bd18-45a9-b41b-331daa2ef38f@group-3E4EB95A61F3-FOLLOWER: accept PRE_VOTE from af97f91c-1465-457e-8a10-e9683affa9d2: our priority 0 <= candidate's priority 1
2023-03-15 06:54:14,940 [grpc-default-executor-13] INFO  server.RaftServer$Division (RaftServerImpl.java:requestVote(1251)) - 1879f368-bd18-45a9-b41b-331daa2ef38f@group-3E4EB95A61F3 replies to PRE_VOTE vote request: af97f91c-1465-457e-8a10-e9683affa9d2<-1879f368-bd18-45a9-b41b-331daa2ef38f#0:OK-t0. Peer's state: 1879f368-bd18-45a9-b41b-331daa2ef38f@group-3E4EB95A61F3:t0, leader=null, voted=, raftlog=Memoized:1879f368-bd18-45a9-b41b-331daa2ef38f@group-3E4EB95A61F3-SegmentedRaftLog:OPENED:c-1, conf=-1: peers:[1879f368-bd18-45a9-b41b-331daa2ef38f|rpc:10.1.0.130:44513|dataStream:10.1.0.130:41255|priority:0|startupRole:FOLLOWER, 2285727f-3b37-43a1-be03-08405d345bae|rpc:10.1.0.130:33755|dataStream:10.1.0.130:34937|priority:0|startupRole:FOLLOWER, af97f91c-1465-457e-8a10-e9683affa9d2|rpc:10.1.0.130:41791|dataStream:10.1.0.130:44691|priority:1|startupRole:FOLLOWER]|listeners:[], old=null
2023-03-15 06:54:14,940 [1879f368-bd18-45a9-b41b-331daa2ef38f-server-thread1] INFO  server.RaftServer$Division (ServerState.java:setRaftConf(430)) - 1879f368-bd18-45a9-b41b-331daa2ef38f@group-10FA924953B9: set configuration 0: peers:[1879f368-bd18-45a9-b41b-331daa2ef38f|rpc:10.1.0.130:44513|dataStream:10.1.0.130:41255|priority:0|startupRole:FOLLOWER, 2285727f-3b37-43a1-be03-08405d345bae|rpc:10.1.0.130:33755|dataStream:10.1.0.130:34937|priority:1|startupRole:FOLLOWER, af97f91c-1465-457e-8a10-e9683affa9d2|rpc:10.1.0.130:41791|dataStream:10.1.0.130:44691|priority:0|startupRole:FOLLOWER]|listeners:[], old=null
2023-03-15 06:54:14,940 [1879f368-bd18-45a9-b41b-331daa2ef38f-server-thread1] INFO  segmented.SegmentedRaftLogWorker (SegmentedRaftLogWorker.java:startLogSegment(452)) - 1879f368-bd18-45a9-b41b-331daa2ef38f@group-10FA924953B9-SegmentedRaftLogWorker: Starting segment from index:0
2023-03-15 06:54:14,942 [1879f368-bd18-45a9-b41b-331daa2ef38f@group-10FA924953B9-SegmentedRaftLogWorker] INFO  segmented.SegmentedRaftLogWorker (SegmentedRaftLogWorker.java:execute(656)) - 1879f368-bd18-45a9-b41b-331daa2ef38f@group-10FA924953B9-SegmentedRaftLogWorker: created new log segment /home/runner/work/ozone/ozone/hadoop-ozone/integration-test/target/test-dir/MiniOzoneClusterImpl-88c1a39f-978e-429a-824f-6eda176bb531/datanode-1/data/ratis/48ca8924-e9aa-44b4-9839-10fa924953b9/current/log_inprogress_0
2023-03-15 06:54:14,943 [af97f91c-1465-457e-8a10-e9683affa9d2-server-thread1] INFO  ratis.XceiverServerRatis (XceiverServerRatis.java:handleLeaderChangedNotification(905)) - Leader change notification received for group: group-10FA924953B9 with new leaderId: 2285727f-3b37-43a1-be03-08405d345bae
2023-03-15 06:54:14,943 [af97f91c-1465-457e-8a10-e9683affa9d2-server-thread1] INFO  server.RaftServer$Division (ServerState.java:setLeader(313)) - af97f91c-1465-457e-8a10-e9683affa9d2@group-10FA924953B9: change Leader from null to 2285727f-3b37-43a1-be03-08405d345bae at term 1 for appendEntries, leader elected after 5546ms
2023-03-15 06:54:14,947 [grpc-default-executor-13] INFO  server.RaftServer$Division (RaftServerImpl.java:requestVote(1218)) - 2285727f-3b37-43a1-be03-08405d345bae@group-3E4EB95A61F3: receive requestVote(PRE_VOTE, af97f91c-1465-457e-8a10-e9683affa9d2, group-3E4EB95A61F3, 0, (t:0, i:0))
2023-03-15 06:54:14,947 [grpc-default-executor-13] INFO  impl.VoteContext (VoteContext.java:log(49)) - 2285727f-3b37-43a1-be03-08405d345bae@group-3E4EB95A61F3-FOLLOWER: accept PRE_VOTE from af97f91c-1465-457e-8a10-e9683affa9d2: our priority 0 <= candidate's priority 1
2023-03-15 06:54:14,947 [grpc-default-executor-13] INFO  server.RaftServer$Division (RaftServerImpl.java:requestVote(1251)) - 2285727f-3b37-43a1-be03-08405d345bae@group-3E4EB95A61F3 replies to PRE_VOTE vote request: af97f91c-1465-457e-8a10-e9683affa9d2<-2285727f-3b37-43a1-be03-08405d345bae#0:OK-t0. Peer's state: 2285727f-3b37-43a1-be03-08405d345bae@group-3E4EB95A61F3:t0, leader=null, voted=, raftlog=Memoized:2285727f-3b37-43a1-be03-08405d345bae@group-3E4EB95A61F3-SegmentedRaftLog:OPENED:c-1, conf=-1: peers:[1879f368-bd18-45a9-b41b-331daa2ef38f|rpc:10.1.0.130:44513|dataStream:10.1.0.130:41255|priority:0|startupRole:FOLLOWER, 2285727f-3b37-43a1-be03-08405d345bae|rpc:10.1.0.130:33755|dataStream:10.1.0.130:34937|priority:0|startupRole:FOLLOWER, af97f91c-1465-457e-8a10-e9683affa9d2|rpc:10.1.0.130:41791|dataStream:10.1.0.130:44691|priority:1|startupRole:FOLLOWER]|listeners:[], old=null
2023-03-15 06:54:14,948 [af97f91c-1465-457e-8a10-e9683affa9d2@group-3E4EB95A61F3-LeaderElection22] INFO  impl.LeaderElection (LeaderElection.java:logAndReturn(90)) - af97f91c-1465-457e-8a10-e9683affa9d2@group-3E4EB95A61F3-LeaderElection22: PRE_VOTE PASSED received 1 response(s) and 0 exception(s):
2023-03-15 06:54:14,948 [af97f91c-1465-457e-8a10-e9683affa9d2@group-3E4EB95A61F3-LeaderElection22] INFO  impl.LeaderElection (LeaderElection.java:logAndReturn(94)) -   Response 0: af97f91c-1465-457e-8a10-e9683affa9d2<-1879f368-bd18-45a9-b41b-331daa2ef38f#0:OK-t0
2023-03-15 06:54:14,948 [af97f91c-1465-457e-8a10-e9683affa9d2@group-3E4EB95A61F3-LeaderElection22] INFO  impl.LeaderElection (LeaderElection.java:askForVotes(314)) - af97f91c-1465-457e-8a10-e9683affa9d2@group-3E4EB95A61F3-LeaderElection22 PRE_VOTE round 0: result PASSED
2023-03-15 06:54:14,949 [af97f91c-1465-457e-8a10-e9683affa9d2-server-thread1] INFO  server.RaftServer$Division (ServerState.java:setRaftConf(430)) - af97f91c-1465-457e-8a10-e9683affa9d2@group-10FA924953B9: set configuration 0: peers:[1879f368-bd18-45a9-b41b-331daa2ef38f|rpc:10.1.0.130:44513|dataStream:10.1.0.130:41255|priority:0|startupRole:FOLLOWER, 2285727f-3b37-43a1-be03-08405d345bae|rpc:10.1.0.130:33755|dataStream:10.1.0.130:34937|priority:1|startupRole:FOLLOWER, af97f91c-1465-457e-8a10-e9683affa9d2|rpc:10.1.0.130:41791|dataStream:10.1.0.130:44691|priority:0|startupRole:FOLLOWER]|listeners:[], old=null
2023-03-15 06:54:14,952 [af97f91c-1465-457e-8a10-e9683affa9d2@group-3E4EB95A61F3-LeaderElection22] INFO  impl.LeaderElection (LeaderElection.java:askForVotes(312)) - af97f91c-1465-457e-8a10-e9683affa9d2@group-3E4EB95A61F3-LeaderElection22 ELECTION round 0: submit vote requests at term 1 for -1: peers:[1879f368-bd18-45a9-b41b-331daa2ef38f|rpc:10.1.0.130:44513|dataStream:10.1.0.130:41255|priority:0|startupRole:FOLLOWER, 2285727f-3b37-43a1-be03-08405d345bae|rpc:10.1.0.130:33755|dataStream:10.1.0.130:34937|priority:0|startupRole:FOLLOWER, af97f91c-1465-457e-8a10-e9683affa9d2|rpc:10.1.0.130:41791|dataStream:10.1.0.130:44691|priority:1|startupRole:FOLLOWER]|listeners:[], old=null
2023-03-15 06:54:14,952 [af97f91c-1465-457e-8a10-e9683affa9d2-server-thread1] INFO  segmented.SegmentedRaftLogWorker (SegmentedRaftLogWorker.java:startLogSegment(452)) - af97f91c-1465-457e-8a10-e9683affa9d2@group-10FA924953B9-SegmentedRaftLogWorker: Starting segment from index:0
2023-03-15 06:54:14,953 [af97f91c-1465-457e-8a10-e9683affa9d2@group-3E4EB95A61F3-LeaderElection22] INFO  server.RaftServerConfigKeys (ConfUtils.java:logFallback(53)) - raft.server.rpc.first-election.timeout.min = 5s (fallback to raft.server.rpc.timeout.min)
2023-03-15 06:54:14,953 [af97f91c-1465-457e-8a10-e9683affa9d2@group-3E4EB95A61F3-LeaderElection22] INFO  server.RaftServerConfigKeys (ConfUtils.java:logFallback(53)) - raft.server.rpc.first-election.timeout.max = 5200ms (fallback to raft.server.rpc.timeout.max)
2023-03-15 06:54:14,955 [af97f91c-1465-457e-8a10-e9683affa9d2@group-10FA924953B9-SegmentedRaftLogWorker] INFO  segmented.SegmentedRaftLogWorker (SegmentedRaftLogWorker.java:execute(656)) - af97f91c-1465-457e-8a10-e9683affa9d2@group-10FA924953B9-SegmentedRaftLogWorker: created new log segment /home/runner/work/ozone/ozone/hadoop-ozone/integration-test/target/test-dir/MiniOzoneClusterImpl-88c1a39f-978e-429a-824f-6eda176bb531/datanode-2/data/ratis/48ca8924-e9aa-44b4-9839-10fa924953b9/current/log_inprogress_0
2023-03-15 06:54:14,958 [grpc-default-executor-13] INFO  server.RaftServer$Division (RaftServerImpl.java:requestVote(1218)) - 1879f368-bd18-45a9-b41b-331daa2ef38f@group-3E4EB95A61F3: receive requestVote(ELECTION, af97f91c-1465-457e-8a10-e9683affa9d2, group-3E4EB95A61F3, 1, (t:0, i:0))
2023-03-15 06:54:14,958 [grpc-default-executor-13] INFO  impl.VoteContext (VoteContext.java:log(49)) - 1879f368-bd18-45a9-b41b-331daa2ef38f@group-3E4EB95A61F3-FOLLOWER: accept ELECTION from af97f91c-1465-457e-8a10-e9683affa9d2: our priority 0 <= candidate's priority 1
2023-03-15 06:54:14,958 [grpc-default-executor-13] INFO  server.RaftServer$Division (RaftServerImpl.java:setRole(321)) - 1879f368-bd18-45a9-b41b-331daa2ef38f@group-3E4EB95A61F3: changes role from  FOLLOWER to FOLLOWER at term 1 for candidate:af97f91c-1465-457e-8a10-e9683affa9d2
2023-03-15 06:54:14,958 [grpc-default-executor-13] INFO  impl.RoleInfo (RoleInfo.java:shutdownFollowerState(110)) - 1879f368-bd18-45a9-b41b-331daa2ef38f: shutdown 1879f368-bd18-45a9-b41b-331daa2ef38f@group-3E4EB95A61F3-FollowerState
2023-03-15 06:54:14,958 [grpc-default-executor-13] INFO  impl.RoleInfo (RoleInfo.java:updateAndGet(139)) - 1879f368-bd18-45a9-b41b-331daa2ef38f: start 1879f368-bd18-45a9-b41b-331daa2ef38f@group-3E4EB95A61F3-FollowerState
2023-03-15 06:54:14,958 [1879f368-bd18-45a9-b41b-331daa2ef38f@group-3E4EB95A61F3-FollowerState] INFO  impl.FollowerState (FollowerState.java:run(152)) - 1879f368-bd18-45a9-b41b-331daa2ef38f@group-3E4EB95A61F3-FollowerState was interrupted
2023-03-15 06:54:14,958 [grpc-default-executor-0] INFO  server.RaftServer$Division (RaftServerImpl.java:requestVote(1218)) - 2285727f-3b37-43a1-be03-08405d345bae@group-3E4EB95A61F3: receive requestVote(ELECTION, af97f91c-1465-457e-8a10-e9683affa9d2, group-3E4EB95A61F3, 1, (t:0, i:0))
2023-03-15 06:54:14,958 [grpc-default-executor-0] INFO  impl.VoteContext (VoteContext.java:log(49)) - 2285727f-3b37-43a1-be03-08405d345bae@group-3E4EB95A61F3-FOLLOWER: accept ELECTION from af97f91c-1465-457e-8a10-e9683affa9d2: our priority 0 <= candidate's priority 1
2023-03-15 06:54:14,959 [grpc-default-executor-0] INFO  server.RaftServer$Division (RaftServerImpl.java:setRole(321)) - 2285727f-3b37-43a1-be03-08405d345bae@group-3E4EB95A61F3: changes role from  FOLLOWER to FOLLOWER at term 1 for candidate:af97f91c-1465-457e-8a10-e9683affa9d2
2023-03-15 06:54:14,959 [grpc-default-executor-0] INFO  impl.RoleInfo (RoleInfo.java:shutdownFollowerState(110)) - 2285727f-3b37-43a1-be03-08405d345bae: shutdown 2285727f-3b37-43a1-be03-08405d345bae@group-3E4EB95A61F3-FollowerState
2023-03-15 06:54:14,959 [grpc-default-executor-0] INFO  impl.RoleInfo (RoleInfo.java:updateAndGet(139)) - 2285727f-3b37-43a1-be03-08405d345bae: start 2285727f-3b37-43a1-be03-08405d345bae@group-3E4EB95A61F3-FollowerState
2023-03-15 06:54:14,959 [2285727f-3b37-43a1-be03-08405d345bae@group-3E4EB95A61F3-FollowerState] INFO  impl.FollowerState (FollowerState.java:run(152)) - 2285727f-3b37-43a1-be03-08405d345bae@group-3E4EB95A61F3-FollowerState was interrupted
2023-03-15 06:54:14,959 [1879f368-bd18-45a9-b41b-331daa2ef38f@group-3E4EB95A61F3-FollowerState] INFO  server.RaftServerConfigKeys (ConfUtils.java:logFallback(53)) - raft.server.rpc.first-election.timeout.min = 5s (fallback to raft.server.rpc.timeout.min)
2023-03-15 06:54:14,959 [1879f368-bd18-45a9-b41b-331daa2ef38f@group-3E4EB95A61F3-FollowerState] INFO  server.RaftServerConfigKeys (ConfUtils.java:logFallback(53)) - raft.server.rpc.first-election.timeout.max = 5200ms (fallback to raft.server.rpc.timeout.max)
2023-03-15 06:54:14,961 [grpc-default-executor-13] INFO  server.RaftServer$Division (RaftServerImpl.java:requestVote(1251)) - 1879f368-bd18-45a9-b41b-331daa2ef38f@group-3E4EB95A61F3 replies to ELECTION vote request: af97f91c-1465-457e-8a10-e9683affa9d2<-1879f368-bd18-45a9-b41b-331daa2ef38f#0:OK-t1. Peer's state: 1879f368-bd18-45a9-b41b-331daa2ef38f@group-3E4EB95A61F3:t1, leader=null, voted=af97f91c-1465-457e-8a10-e9683affa9d2, raftlog=Memoized:1879f368-bd18-45a9-b41b-331daa2ef38f@group-3E4EB95A61F3-SegmentedRaftLog:OPENED:c-1, conf=-1: peers:[1879f368-bd18-45a9-b41b-331daa2ef38f|rpc:10.1.0.130:44513|dataStream:10.1.0.130:41255|priority:0|startupRole:FOLLOWER, 2285727f-3b37-43a1-be03-08405d345bae|rpc:10.1.0.130:33755|dataStream:10.1.0.130:34937|priority:0|startupRole:FOLLOWER, af97f91c-1465-457e-8a10-e9683affa9d2|rpc:10.1.0.130:41791|dataStream:10.1.0.130:44691|priority:1|startupRole:FOLLOWER]|listeners:[], old=null
2023-03-15 06:54:14,961 [af97f91c-1465-457e-8a10-e9683affa9d2@group-3E4EB95A61F3-LeaderElection22] INFO  impl.LeaderElection (LeaderElection.java:logAndReturn(90)) - af97f91c-1465-457e-8a10-e9683affa9d2@group-3E4EB95A61F3-LeaderElection22: ELECTION PASSED received 1 response(s) and 0 exception(s):
2023-03-15 06:54:14,961 [af97f91c-1465-457e-8a10-e9683affa9d2@group-3E4EB95A61F3-LeaderElection22] INFO  impl.LeaderElection (LeaderElection.java:logAndReturn(94)) -   Response 0: af97f91c-1465-457e-8a10-e9683affa9d2<-1879f368-bd18-45a9-b41b-331daa2ef38f#0:OK-t1
2023-03-15 06:54:14,961 [af97f91c-1465-457e-8a10-e9683affa9d2@group-3E4EB95A61F3-LeaderElection22] INFO  impl.LeaderElection (LeaderElection.java:askForVotes(314)) - af97f91c-1465-457e-8a10-e9683affa9d2@group-3E4EB95A61F3-LeaderElection22 ELECTION round 0: result PASSED
2023-03-15 06:54:14,962 [af97f91c-1465-457e-8a10-e9683affa9d2@group-3E4EB95A61F3-LeaderElection22] INFO  impl.RoleInfo (RoleInfo.java:shutdownLeaderElection(130)) - af97f91c-1465-457e-8a10-e9683affa9d2: shutdown af97f91c-1465-457e-8a10-e9683affa9d2@group-3E4EB95A61F3-LeaderElection22
2023-03-15 06:54:14,962 [af97f91c-1465-457e-8a10-e9683affa9d2@group-3E4EB95A61F3-LeaderElection22] INFO  server.RaftServer$Division (RaftServerImpl.java:setRole(321)) - af97f91c-1465-457e-8a10-e9683affa9d2@group-3E4EB95A61F3: changes role from CANDIDATE to LEADER at term 1 for changeToLeader
2023-03-15 06:54:14,962 [2285727f-3b37-43a1-be03-08405d345bae@group-3E4EB95A61F3-FollowerState] INFO  server.RaftServerConfigKeys (ConfUtils.java:logFallback(53)) - raft.server.rpc.first-election.timeout.min = 5s (fallback to raft.server.rpc.timeout.min)
2023-03-15 06:54:14,962 [2285727f-3b37-43a1-be03-08405d345bae@group-3E4EB95A61F3-FollowerState] INFO  server.RaftServerConfigKeys (ConfUtils.java:logFallback(53)) - raft.server.rpc.first-election.timeout.max = 5200ms (fallback to raft.server.rpc.timeout.max)
2023-03-15 06:54:14,962 [grpc-default-executor-0] INFO  server.RaftServer$Division (RaftServerImpl.java:requestVote(1251)) - 2285727f-3b37-43a1-be03-08405d345bae@group-3E4EB95A61F3 replies to ELECTION vote request: af97f91c-1465-457e-8a10-e9683affa9d2<-2285727f-3b37-43a1-be03-08405d345bae#0:OK-t1. Peer's state: 2285727f-3b37-43a1-be03-08405d345bae@group-3E4EB95A61F3:t1, leader=null, voted=af97f91c-1465-457e-8a10-e9683affa9d2, raftlog=Memoized:2285727f-3b37-43a1-be03-08405d345bae@group-3E4EB95A61F3-SegmentedRaftLog:OPENED:c-1, conf=-1: peers:[1879f368-bd18-45a9-b41b-331daa2ef38f|rpc:10.1.0.130:44513|dataStream:10.1.0.130:41255|priority:0|startupRole:FOLLOWER, 2285727f-3b37-43a1-be03-08405d345bae|rpc:10.1.0.130:33755|dataStream:10.1.0.130:34937|priority:0|startupRole:FOLLOWER, af97f91c-1465-457e-8a10-e9683affa9d2|rpc:10.1.0.130:41791|dataStream:10.1.0.130:44691|priority:1|startupRole:FOLLOWER]|listeners:[], old=null
2023-03-15 06:54:14,962 [af97f91c-1465-457e-8a10-e9683affa9d2@group-3E4EB95A61F3-LeaderElection22] INFO  ratis.XceiverServerRatis (XceiverServerRatis.java:handleLeaderChangedNotification(905)) - Leader change notification received for group: group-3E4EB95A61F3 with new leaderId: af97f91c-1465-457e-8a10-e9683affa9d2
2023-03-15 06:54:14,962 [af97f91c-1465-457e-8a10-e9683affa9d2@group-3E4EB95A61F3-LeaderElection22] INFO  server.RaftServer$Division (ServerState.java:setLeader(313)) - af97f91c-1465-457e-8a10-e9683affa9d2@group-3E4EB95A61F3: change Leader from null to af97f91c-1465-457e-8a10-e9683affa9d2 at term 1 for becomeLeader, leader elected after 5472ms
2023-03-15 06:54:14,962 [af97f91c-1465-457e-8a10-e9683affa9d2@group-3E4EB95A61F3-LeaderElection22] INFO  server.RaftServerConfigKeys (ConfUtils.java:logGet(46)) - raft.server.staging.catchup.gap = 1000 (default)
2023-03-15 06:54:14,963 [af97f91c-1465-457e-8a10-e9683affa9d2@group-3E4EB95A61F3-LeaderElection22] INFO  server.RaftServerConfigKeys (ConfUtils.java:logGet(46)) - raft.server.write.element-limit = 1024 (custom)
2023-03-15 06:54:14,963 [af97f91c-1465-457e-8a10-e9683affa9d2@group-3E4EB95A61F3-LeaderElection22] INFO  server.RaftServerConfigKeys (ConfUtils.java:logGet(46)) - raft.server.write.byte-limit = 1024 M (=1073741824) (custom)
2023-03-15 06:54:14,963 [af97f91c-1465-457e-8a10-e9683affa9d2@group-3E4EB95A61F3-LeaderElection22] INFO  server.RaftServerConfigKeys (ConfUtils.java:logGet(46)) - raft.server.watch.timeout = 180s (custom)
2023-03-15 06:54:14,963 [af97f91c-1465-457e-8a10-e9683affa9d2@group-3E4EB95A61F3-LeaderElection22] INFO  server.RaftServerConfigKeys (ConfUtils.java:logGet(46)) - raft.server.watch.timeout.denomination = 1s (default)
2023-03-15 06:54:14,963 [af97f91c-1465-457e-8a10-e9683affa9d2@group-3E4EB95A61F3-LeaderElection22] INFO  server.RaftServerConfigKeys (ConfUtils.java:logGet(46)) - raft.server.watch.element-limit = 65536 (default)
2023-03-15 06:54:14,963 [af97f91c-1465-457e-8a10-e9683affa9d2@group-3E4EB95A61F3-LeaderElection22] INFO  server.RaftServerConfigKeys (ConfUtils.java:logGet(46)) - raft.server.write.element-limit = 1024 (custom)
2023-03-15 06:54:14,963 [af97f91c-1465-457e-8a10-e9683affa9d2@group-3E4EB95A61F3-LeaderElection22] INFO  server.RaftServerConfigKeys (ConfUtils.java:logGet(46)) - raft.server.write.follower.gap.ratio.max = -1.0 (default)
2023-03-15 06:54:14,963 [af97f91c-1465-457e-8a10-e9683affa9d2@group-3E4EB95A61F3-LeaderElection22] INFO  server.RaftServerConfigKeys (ConfUtils.java:logGet(46)) - raft.server.log.appender.snapshot.chunk.size.max = 16MB (=16777216) (default)
2023-03-15 06:54:14,963 [af97f91c-1465-457e-8a10-e9683affa9d2@group-3E4EB95A61F3-LeaderElection22] INFO  server.RaftServerConfigKeys (ConfUtils.java:logGet(46)) - raft.server.log.appender.buffer.byte-limit = 33554432 (custom)
2023-03-15 06:54:14,963 [af97f91c-1465-457e-8a10-e9683affa9d2@group-3E4EB95A61F3-LeaderElection22] INFO  server.RaftServerConfigKeys (ConfUtils.java:logGet(46)) - raft.server.log.appender.buffer.element-limit = 1 (custom)
2023-03-15 06:54:14,964 [af97f91c-1465-457e-8a10-e9683affa9d2@group-3E4EB95A61F3-LeaderElection22] INFO  grpc.GrpcConfigKeys (ConfUtils.java:logGet(46)) - raft.grpc.server.leader.outstanding.appends.max = 128 (default)
2023-03-15 06:54:14,964 [af97f91c-1465-457e-8a10-e9683affa9d2@group-3E4EB95A61F3-LeaderElection22] INFO  server.RaftServerConfigKeys (ConfUtils.java:logGet(46)) - raft.server.rpc.request.timeout = 60s (custom)
2023-03-15 06:54:14,964 [af97f91c-1465-457e-8a10-e9683affa9d2@group-3E4EB95A61F3-LeaderElection22] INFO  server.RaftServerConfigKeys (ConfUtils.java:logGet(46)) - raft.server.log.appender.install.snapshot.enabled = false (custom)
2023-03-15 06:54:14,964 [af97f91c-1465-457e-8a10-e9683affa9d2@group-3E4EB95A61F3-LeaderElection22] INFO  grpc.GrpcConfigKeys (ConfUtils.java:logGet(46)) - raft.grpc.server.heartbeat.channel = true (default)
2023-03-15 06:54:14,964 [af97f91c-1465-457e-8a10-e9683affa9d2@group-3E4EB95A61F3-LeaderElection22] INFO  server.RaftServerConfigKeys (ConfUtils.java:logGet(46)) - raft.server.log.appender.wait-time.min = 10ms (default)
2023-03-15 06:54:14,965 [af97f91c-1465-457e-8a10-e9683affa9d2@group-3E4EB95A61F3-LeaderElection22] INFO  server.RaftServerConfigKeys (ConfUtils.java:logGet(46)) - raft.server.log.appender.snapshot.chunk.size.max = 16MB (=16777216) (default)
2023-03-15 06:54:14,965 [EventQueue-PipelineReportForPipelineReportHandler] INFO  pipeline.PipelineManagerImpl (PipelineManagerImpl.java:openPipeline(367)) - Pipeline Pipeline[ Id: 619f2717-6a1d-4ffc-9a7b-3e4eb95a61f3, Nodes: 2285727f-3b37-43a1-be03-08405d345bae(fv-az210-452.jgpbknbp5ljuxny3rrcz4t2bbd.bx.internal.cloudapp.net/10.1.0.130)1879f368-bd18-45a9-b41b-331daa2ef38f(fv-az210-452.jgpbknbp5ljuxny3rrcz4t2bbd.bx.internal.cloudapp.net/10.1.0.130)af97f91c-1465-457e-8a10-e9683affa9d2(fv-az210-452.jgpbknbp5ljuxny3rrcz4t2bbd.bx.internal.cloudapp.net/10.1.0.130), ReplicationConfig: RATIS/THREE, State:ALLOCATED, leaderId:af97f91c-1465-457e-8a10-e9683affa9d2, CreationTimestamp2023-03-15T06:54:07.052Z[Etc/UTC]] moved to OPEN state
2023-03-15 06:54:14,966 [af97f91c-1465-457e-8a10-e9683affa9d2@group-3E4EB95A61F3-LeaderElection22] INFO  server.RaftServerConfigKeys (ConfUtils.java:logGet(46)) - raft.server.log.appender.buffer.byte-limit = 33554432 (custom)
2023-03-15 06:54:14,966 [af97f91c-1465-457e-8a10-e9683affa9d2@group-3E4EB95A61F3-LeaderElection22] INFO  server.RaftServerConfigKeys (ConfUtils.java:logGet(46)) - raft.server.log.appender.buffer.element-limit = 1 (custom)
2023-03-15 06:54:14,966 [af97f91c-1465-457e-8a10-e9683affa9d2@group-3E4EB95A61F3-LeaderElection22] INFO  grpc.GrpcConfigKeys (ConfUtils.java:logGet(46)) - raft.grpc.server.leader.outstanding.appends.max = 128 (default)
2023-03-15 06:54:14,966 [af97f91c-1465-457e-8a10-e9683affa9d2@group-3E4EB95A61F3-LeaderElection22] INFO  server.RaftServerConfigKeys (ConfUtils.java:logGet(46)) - raft.server.rpc.request.timeout = 60s (custom)
2023-03-15 06:54:14,966 [af97f91c-1465-457e-8a10-e9683affa9d2@group-3E4EB95A61F3-LeaderElection22] INFO  server.RaftServerConfigKeys (ConfUtils.java:logGet(46)) - raft.server.log.appender.install.snapshot.enabled = false (custom)
2023-03-15 06:54:14,966 [af97f91c-1465-457e-8a10-e9683affa9d2@group-3E4EB95A61F3-LeaderElection22] INFO  grpc.GrpcConfigKeys (ConfUtils.java:logGet(46)) - raft.grpc.server.heartbeat.channel = true (default)
2023-03-15 06:54:14,966 [af97f91c-1465-457e-8a10-e9683affa9d2@group-3E4EB95A61F3-LeaderElection22] INFO  server.RaftServerConfigKeys (ConfUtils.java:logGet(46)) - raft.server.log.appender.wait-time.min = 10ms (default)
2023-03-15 06:54:14,966 [af97f91c-1465-457e-8a10-e9683affa9d2@group-3E4EB95A61F3-LeaderElection22] INFO  impl.RoleInfo (RoleInfo.java:updateAndGet(139)) - af97f91c-1465-457e-8a10-e9683affa9d2: start af97f91c-1465-457e-8a10-e9683affa9d2@group-3E4EB95A61F3-LeaderStateImpl
2023-03-15 06:54:14,966 [af97f91c-1465-457e-8a10-e9683affa9d2@group-3E4EB95A61F3-LeaderElection22] INFO  segmented.SegmentedRaftLogWorker (SegmentedRaftLogWorker.java:startLogSegment(452)) - af97f91c-1465-457e-8a10-e9683affa9d2@group-3E4EB95A61F3-SegmentedRaftLogWorker: Starting segment from index:0
2023-03-15 06:54:14,968 [af97f91c-1465-457e-8a10-e9683affa9d2@group-3E4EB95A61F3-SegmentedRaftLogWorker] INFO  segmented.SegmentedRaftLogWorker (SegmentedRaftLogWorker.java:execute(656)) - af97f91c-1465-457e-8a10-e9683affa9d2@group-3E4EB95A61F3-SegmentedRaftLogWorker: created new log segment /home/runner/work/ozone/ozone/hadoop-ozone/integration-test/target/test-dir/MiniOzoneClusterImpl-88c1a39f-978e-429a-824f-6eda176bb531/datanode-2/data/ratis/619f2717-6a1d-4ffc-9a7b-3e4eb95a61f3/current/log_inprogress_0
2023-03-15 06:54:14,993 [af97f91c-1465-457e-8a10-e9683affa9d2@group-3E4EB95A61F3-LeaderElection22] INFO  server.RaftServer$Division (ServerState.java:setRaftConf(430)) - af97f91c-1465-457e-8a10-e9683affa9d2@group-3E4EB95A61F3: set configuration 0: peers:[1879f368-bd18-45a9-b41b-331daa2ef38f|rpc:10.1.0.130:44513|dataStream:10.1.0.130:41255|priority:0|startupRole:FOLLOWER, 2285727f-3b37-43a1-be03-08405d345bae|rpc:10.1.0.130:33755|dataStream:10.1.0.130:34937|priority:0|startupRole:FOLLOWER, af97f91c-1465-457e-8a10-e9683affa9d2|rpc:10.1.0.130:41791|dataStream:10.1.0.130:44691|priority:1|startupRole:FOLLOWER]|listeners:[], old=null
2023-03-15 06:54:15,007 [2285727f-3b37-43a1-be03-08405d345bae-server-thread1] INFO  ratis.XceiverServerRatis (XceiverServerRatis.java:handleLeaderChangedNotification(905)) - Leader change notification received for group: group-3E4EB95A61F3 with new leaderId: af97f91c-1465-457e-8a10-e9683affa9d2
2023-03-15 06:54:15,007 [2285727f-3b37-43a1-be03-08405d345bae-server-thread1] INFO  server.RaftServer$Division (ServerState.java:setLeader(313)) - 2285727f-3b37-43a1-be03-08405d345bae@group-3E4EB95A61F3: change Leader from null to af97f91c-1465-457e-8a10-e9683affa9d2 at term 1 for appendEntries, leader elected after 5589ms
2023-03-15 06:54:15,007 [1879f368-bd18-45a9-b41b-331daa2ef38f-server-thread1] INFO  ratis.XceiverServerRatis (XceiverServerRatis.java:handleLeaderChangedNotification(905)) - Leader change notification received for group: group-3E4EB95A61F3 with new leaderId: af97f91c-1465-457e-8a10-e9683affa9d2
2023-03-15 06:54:15,010 [1879f368-bd18-45a9-b41b-331daa2ef38f-server-thread1] INFO  server.RaftServer$Division (ServerState.java:setLeader(313)) - 1879f368-bd18-45a9-b41b-331daa2ef38f@group-3E4EB95A61F3: change Leader from null to af97f91c-1465-457e-8a10-e9683affa9d2 at term 1 for appendEntries, leader elected after 5564ms
2023-03-15 06:54:15,012 [1879f368-bd18-45a9-b41b-331daa2ef38f-server-thread2] INFO  server.RaftServer$Division (ServerState.java:setRaftConf(430)) - 1879f368-bd18-45a9-b41b-331daa2ef38f@group-3E4EB95A61F3: set configuration 0: peers:[1879f368-bd18-45a9-b41b-331daa2ef38f|rpc:10.1.0.130:44513|dataStream:10.1.0.130:41255|priority:0|startupRole:FOLLOWER, 2285727f-3b37-43a1-be03-08405d345bae|rpc:10.1.0.130:33755|dataStream:10.1.0.130:34937|priority:0|startupRole:FOLLOWER, af97f91c-1465-457e-8a10-e9683affa9d2|rpc:10.1.0.130:41791|dataStream:10.1.0.130:44691|priority:1|startupRole:FOLLOWER]|listeners:[], old=null
2023-03-15 06:54:15,012 [1879f368-bd18-45a9-b41b-331daa2ef38f-server-thread2] INFO  segmented.SegmentedRaftLogWorker (SegmentedRaftLogWorker.java:startLogSegment(452)) - 1879f368-bd18-45a9-b41b-331daa2ef38f@group-3E4EB95A61F3-SegmentedRaftLogWorker: Starting segment from index:0
2023-03-15 06:54:15,013 [2285727f-3b37-43a1-be03-08405d345bae-server-thread2] INFO  server.RaftServer$Division (ServerState.java:setRaftConf(430)) - 2285727f-3b37-43a1-be03-08405d345bae@group-3E4EB95A61F3: set configuration 0: peers:[1879f368-bd18-45a9-b41b-331daa2ef38f|rpc:10.1.0.130:44513|dataStream:10.1.0.130:41255|priority:0|startupRole:FOLLOWER, 2285727f-3b37-43a1-be03-08405d345bae|rpc:10.1.0.130:33755|dataStream:10.1.0.130:34937|priority:0|startupRole:FOLLOWER, af97f91c-1465-457e-8a10-e9683affa9d2|rpc:10.1.0.130:41791|dataStream:10.1.0.130:44691|priority:1|startupRole:FOLLOWER]|listeners:[], old=null
2023-03-15 06:54:15,013 [2285727f-3b37-43a1-be03-08405d345bae-server-thread2] INFO  segmented.SegmentedRaftLogWorker (SegmentedRaftLogWorker.java:startLogSegment(452)) - 2285727f-3b37-43a1-be03-08405d345bae@group-3E4EB95A61F3-SegmentedRaftLogWorker: Starting segment from index:0
2023-03-15 06:54:15,015 [2285727f-3b37-43a1-be03-08405d345bae@group-3E4EB95A61F3-SegmentedRaftLogWorker] INFO  segmented.SegmentedRaftLogWorker (SegmentedRaftLogWorker.java:execute(656)) - 2285727f-3b37-43a1-be03-08405d345bae@group-3E4EB95A61F3-SegmentedRaftLogWorker: created new log segment /home/runner/work/ozone/ozone/hadoop-ozone/integration-test/target/test-dir/MiniOzoneClusterImpl-88c1a39f-978e-429a-824f-6eda176bb531/datanode-0/data/ratis/619f2717-6a1d-4ffc-9a7b-3e4eb95a61f3/current/log_inprogress_0
2023-03-15 06:54:15,015 [1879f368-bd18-45a9-b41b-331daa2ef38f@group-3E4EB95A61F3-SegmentedRaftLogWorker] INFO  segmented.SegmentedRaftLogWorker (SegmentedRaftLogWorker.java:execute(656)) - 1879f368-bd18-45a9-b41b-331daa2ef38f@group-3E4EB95A61F3-SegmentedRaftLogWorker: created new log segment /home/runner/work/ozone/ozone/hadoop-ozone/integration-test/target/test-dir/MiniOzoneClusterImpl-88c1a39f-978e-429a-824f-6eda176bb531/datanode-1/data/ratis/619f2717-6a1d-4ffc-9a7b-3e4eb95a61f3/current/log_inprogress_0
2023-03-15 06:54:15,047 [Listener at 127.0.0.1/45523] INFO  ozone.MiniOzoneClusterImpl (MiniOzoneClusterImpl.java:lambda$waitForClusterToBeReady$0(218)) - Nodes are ready. Got 3 of 3 DN Heartbeats.
2023-03-15 06:54:15,048 [Listener at 127.0.0.1/45523] INFO  ozone.MiniOzoneClusterImpl (MiniOzoneClusterImpl.java:lambda$waitForClusterToBeReady$0(221)) - Cluster exits safe mode
2023-03-15 06:54:15,048 [Listener at 127.0.0.1/45523] INFO  ozone.MiniOzoneClusterImpl (MiniOzoneClusterImpl.java:lambda$waitForClusterToBeReady$0(223)) - SCM became leader
2023-03-15 06:54:15,097 [Listener at 127.0.0.1/45523] INFO  rpc.RpcClient (RpcClient.java:createVolume(476)) - Creating Volume: volume07715, with user50116 as owner and space quota set to -1 bytes, counts quota set to -1
2023-03-15 06:54:15,109 [OM StateMachine ApplyTransaction Thread - 0] INFO  volume.OMVolumeCreateRequest (OMVolumeCreateRequest.java:validateAndUpdateCache(195)) - created volume:volume07715 for user:user50116
2023-03-15 06:54:15,118 [OM StateMachine ApplyTransaction Thread - 0] INFO  volume.OMVolumeCreateRequest (OMVolumeCreateRequest.java:validateAndUpdateCache(195)) - created volume:volume07715 for user:user50116
2023-03-15 06:54:15,119 [OM StateMachine ApplyTransaction Thread - 0] INFO  volume.OMVolumeCreateRequest (OMVolumeCreateRequest.java:validateAndUpdateCache(195)) - created volume:volume07715 for user:user50116
2023-03-15 06:54:15,128 [Listener at 127.0.0.1/45523] INFO  rpc.RpcClient (RpcClient.java:createBucket(698)) - Creating Bucket: volume07715/bucket25757, with bucket layout LEGACY, runner as owner, Versioning false, Storage Type set to DISK and Encryption set to false, Replication Type set to server-side default replication type, Namespace Quota set to -1, Space Quota set to -1 
2023-03-15 06:54:15,133 [OM StateMachine ApplyTransaction Thread - 0] INFO  bucket.OMBucketCreateRequest (OMBucketCreateRequest.java:validateAndUpdateCache(263)) - created bucket: bucket25757 of layout LEGACY in volume: volume07715
2023-03-15 06:54:15,136 [OM StateMachine ApplyTransaction Thread - 0] INFO  bucket.OMBucketCreateRequest (OMBucketCreateRequest.java:validateAndUpdateCache(263)) - created bucket: bucket25757 of layout LEGACY in volume: volume07715
2023-03-15 06:54:15,136 [OM StateMachine ApplyTransaction Thread - 0] INFO  bucket.OMBucketCreateRequest (OMBucketCreateRequest.java:validateAndUpdateCache(263)) - created bucket: bucket25757 of layout LEGACY in volume: volume07715
2023-03-15 06:54:15,150 [Listener at 127.0.0.1/45523] INFO  utils.BackgroundService (BackgroundService.java:shutdown(141)) - Shutting down service KeyDeletingService
2023-03-15 06:54:15,151 [Listener at 127.0.0.1/45523] INFO  utils.BackgroundService (BackgroundService.java:shutdown(141)) - Shutting down service DirectoryDeletingService
2023-03-15 06:54:15,151 [Listener at 127.0.0.1/45523] INFO  utils.BackgroundService (BackgroundService.java:shutdown(141)) - Shutting down service OpenKeyCleanupService
2023-03-15 06:54:15,151 [Listener at 127.0.0.1/45523] INFO  utils.BackgroundService (BackgroundService.java:shutdown(141)) - Shutting down service SstFilteringService
2023-03-15 06:54:15,151 [Listener at 127.0.0.1/45523] INFO  utils.BackgroundService (BackgroundService.java:shutdown(141)) - Shutting down service SnapshotDeletingService
2023-03-15 06:54:15,151 [Listener at 127.0.0.1/45523] WARN  server.ServerUtils (ServerUtils.java:getDBPath(225)) - ozone.om.db.dirs is not configured. We recommend adding this setting. Falling back to ozone.metadata.dirs instead.
2023-03-15 06:54:15,152 [Time-limited test] INFO  rpc.RpcClient (RpcClient.java:createVolume(476)) - Creating Volume: vol-47475, with runner as owner and space quota set to -1 bytes, counts quota set to -1
2023-03-15 06:54:15,156 [OM StateMachine ApplyTransaction Thread - 0] INFO  volume.OMVolumeCreateRequest (OMVolumeCreateRequest.java:validateAndUpdateCache(195)) - created volume:vol-47475 for user:runner
2023-03-15 06:54:15,159 [OM StateMachine ApplyTransaction Thread - 0] INFO  volume.OMVolumeCreateRequest (OMVolumeCreateRequest.java:validateAndUpdateCache(195)) - created volume:vol-47475 for user:runner
2023-03-15 06:54:15,160 [OM StateMachine ApplyTransaction Thread - 0] INFO  volume.OMVolumeCreateRequest (OMVolumeCreateRequest.java:validateAndUpdateCache(195)) - created volume:vol-47475 for user:runner
2023-03-15 06:54:15,164 [Time-limited test] INFO  rpc.RpcClient (RpcClient.java:createBucket(698)) - Creating Bucket: vol-47475/buck-53515, with server-side default bucket layout, runner as owner, Versioning false, Storage Type set to DISK and Encryption set to false, Replication Type set to server-side default replication type, Namespace Quota set to -1, Space Quota set to -1 
2023-03-15 06:54:15,166 [OM StateMachine ApplyTransaction Thread - 0] INFO  bucket.OMBucketCreateRequest (OMBucketCreateRequest.java:validateAndUpdateCache(263)) - created bucket: buck-53515 of layout LEGACY in volume: vol-47475
2023-03-15 06:54:15,168 [OM StateMachine ApplyTransaction Thread - 0] INFO  bucket.OMBucketCreateRequest (OMBucketCreateRequest.java:validateAndUpdateCache(263)) - created bucket: buck-53515 of layout LEGACY in volume: vol-47475
2023-03-15 06:54:15,168 [OM StateMachine ApplyTransaction Thread - 0] INFO  bucket.OMBucketCreateRequest (OMBucketCreateRequest.java:validateAndUpdateCache(263)) - created bucket: buck-53515 of layout LEGACY in volume: vol-47475
2023-03-15 06:54:15,169 [af97f91c-1465-457e-8a10-e9683affa9d2@group-BF5506491A37-FollowerState] INFO  impl.FollowerState (FollowerState.java:run(143)) - af97f91c-1465-457e-8a10-e9683affa9d2@group-BF5506491A37-FollowerState: change to CANDIDATE, lastRpcElapsedTime:5108516515ns, electionTimeout:5108ms
2023-03-15 06:54:15,169 [af97f91c-1465-457e-8a10-e9683affa9d2@group-BF5506491A37-FollowerState] INFO  impl.RoleInfo (RoleInfo.java:shutdownFollowerState(110)) - af97f91c-1465-457e-8a10-e9683affa9d2: shutdown af97f91c-1465-457e-8a10-e9683affa9d2@group-BF5506491A37-FollowerState
2023-03-15 06:54:15,169 [af97f91c-1465-457e-8a10-e9683affa9d2@group-BF5506491A37-FollowerState] INFO  server.RaftServer$Division (RaftServerImpl.java:setRole(321)) - af97f91c-1465-457e-8a10-e9683affa9d2@group-BF5506491A37: changes role from  FOLLOWER to CANDIDATE at term 0 for changeToCandidate
2023-03-15 06:54:15,169 [af97f91c-1465-457e-8a10-e9683affa9d2@group-BF5506491A37-FollowerState] INFO  server.RaftServerConfigKeys (ConfUtils.java:logGet(46)) - raft.server.leaderelection.pre-vote = true (default)
2023-03-15 06:54:15,169 [af97f91c-1465-457e-8a10-e9683affa9d2@group-BF5506491A37-FollowerState] INFO  impl.RoleInfo (RoleInfo.java:updateAndGet(139)) - af97f91c-1465-457e-8a10-e9683affa9d2: start af97f91c-1465-457e-8a10-e9683affa9d2@group-BF5506491A37-LeaderElection24
2023-03-15 06:54:15,178 [af97f91c-1465-457e-8a10-e9683affa9d2@group-BF5506491A37-LeaderElection24] INFO  impl.LeaderElection (LeaderElection.java:askForVotes(312)) - af97f91c-1465-457e-8a10-e9683affa9d2@group-BF5506491A37-LeaderElection24 PRE_VOTE round 0: submit vote requests at term 0 for -1: peers:[af97f91c-1465-457e-8a10-e9683affa9d2|rpc:10.1.0.130:41791|dataStream:10.1.0.130:44691|priority:1|startupRole:FOLLOWER]|listeners:[], old=null
2023-03-15 06:54:15,178 [af97f91c-1465-457e-8a10-e9683affa9d2@group-BF5506491A37-LeaderElection24] INFO  impl.LeaderElection (LeaderElection.java:askForVotes(314)) - af97f91c-1465-457e-8a10-e9683affa9d2@group-BF5506491A37-LeaderElection24 PRE_VOTE round 0: result PASSED (term=0)
2023-03-15 06:54:15,180 [af97f91c-1465-457e-8a10-e9683affa9d2@group-BF5506491A37-LeaderElection24] INFO  impl.LeaderElection (LeaderElection.java:askForVotes(312)) - af97f91c-1465-457e-8a10-e9683affa9d2@group-BF5506491A37-LeaderElection24 ELECTION round 0: submit vote requests at term 1 for -1: peers:[af97f91c-1465-457e-8a10-e9683affa9d2|rpc:10.1.0.130:41791|dataStream:10.1.0.130:44691|priority:1|startupRole:FOLLOWER]|listeners:[], old=null
2023-03-15 06:54:15,180 [af97f91c-1465-457e-8a10-e9683affa9d2@group-BF5506491A37-LeaderElection24] INFO  impl.LeaderElection (LeaderElection.java:askForVotes(314)) - af97f91c-1465-457e-8a10-e9683affa9d2@group-BF5506491A37-LeaderElection24 ELECTION round 0: result PASSED (term=1)
2023-03-15 06:54:15,180 [af97f91c-1465-457e-8a10-e9683affa9d2@group-BF5506491A37-LeaderElection24] INFO  impl.RoleInfo (RoleInfo.java:shutdownLeaderElection(130)) - af97f91c-1465-457e-8a10-e9683affa9d2: shutdown af97f91c-1465-457e-8a10-e9683affa9d2@group-BF5506491A37-LeaderElection24
2023-03-15 06:54:15,180 [af97f91c-1465-457e-8a10-e9683affa9d2@group-BF5506491A37-LeaderElection24] INFO  server.RaftServer$Division (RaftServerImpl.java:setRole(321)) - af97f91c-1465-457e-8a10-e9683affa9d2@group-BF5506491A37: changes role from CANDIDATE to LEADER at term 1 for changeToLeader
2023-03-15 06:54:15,180 [af97f91c-1465-457e-8a10-e9683affa9d2@group-BF5506491A37-LeaderElection24] INFO  ratis.XceiverServerRatis (XceiverServerRatis.java:handleLeaderChangedNotification(905)) - Leader change notification received for group: group-BF5506491A37 with new leaderId: af97f91c-1465-457e-8a10-e9683affa9d2
2023-03-15 06:54:15,183 [af97f91c-1465-457e-8a10-e9683affa9d2@group-BF5506491A37-LeaderElection24] INFO  server.RaftServer$Division (ServerState.java:setLeader(313)) - af97f91c-1465-457e-8a10-e9683affa9d2@group-BF5506491A37: change Leader from null to af97f91c-1465-457e-8a10-e9683affa9d2 at term 1 for becomeLeader, leader elected after 5135ms
2023-03-15 06:54:15,183 [af97f91c-1465-457e-8a10-e9683affa9d2@group-BF5506491A37-LeaderElection24] INFO  server.RaftServerConfigKeys (ConfUtils.java:logGet(46)) - raft.server.staging.catchup.gap = 1000 (default)
2023-03-15 06:54:15,183 [af97f91c-1465-457e-8a10-e9683affa9d2@group-BF5506491A37-LeaderElection24] INFO  server.RaftServerConfigKeys (ConfUtils.java:logGet(46)) - raft.server.write.element-limit = 1024 (custom)
2023-03-15 06:54:15,183 [af97f91c-1465-457e-8a10-e9683affa9d2@group-BF5506491A37-LeaderElection24] INFO  server.RaftServerConfigKeys (ConfUtils.java:logGet(46)) - raft.server.write.byte-limit = 1024 M (=1073741824) (custom)
2023-03-15 06:54:15,183 [af97f91c-1465-457e-8a10-e9683affa9d2@group-BF5506491A37-LeaderElection24] INFO  server.RaftServerConfigKeys (ConfUtils.java:logGet(46)) - raft.server.watch.timeout = 180s (custom)
2023-03-15 06:54:15,183 [af97f91c-1465-457e-8a10-e9683affa9d2@group-BF5506491A37-LeaderElection24] INFO  server.RaftServerConfigKeys (ConfUtils.java:logGet(46)) - raft.server.watch.timeout.denomination = 1s (default)
2023-03-15 06:54:15,183 [af97f91c-1465-457e-8a10-e9683affa9d2@group-BF5506491A37-LeaderElection24] INFO  server.RaftServerConfigKeys (ConfUtils.java:logGet(46)) - raft.server.watch.element-limit = 65536 (default)
2023-03-15 06:54:15,183 [af97f91c-1465-457e-8a10-e9683affa9d2@group-BF5506491A37-LeaderElection24] INFO  server.RaftServerConfigKeys (ConfUtils.java:logGet(46)) - raft.server.write.element-limit = 1024 (custom)
2023-03-15 06:54:15,183 [af97f91c-1465-457e-8a10-e9683affa9d2@group-BF5506491A37-LeaderElection24] INFO  server.RaftServerConfigKeys (ConfUtils.java:logGet(46)) - raft.server.write.follower.gap.ratio.max = -1.0 (default)
2023-03-15 06:54:15,183 [af97f91c-1465-457e-8a10-e9683affa9d2@group-BF5506491A37-LeaderElection24] INFO  impl.RoleInfo (RoleInfo.java:updateAndGet(139)) - af97f91c-1465-457e-8a10-e9683affa9d2: start af97f91c-1465-457e-8a10-e9683affa9d2@group-BF5506491A37-LeaderStateImpl
2023-03-15 06:54:15,184 [af97f91c-1465-457e-8a10-e9683affa9d2@group-BF5506491A37-LeaderElection24] INFO  segmented.SegmentedRaftLogWorker (SegmentedRaftLogWorker.java:startLogSegment(452)) - af97f91c-1465-457e-8a10-e9683affa9d2@group-BF5506491A37-SegmentedRaftLogWorker: Starting segment from index:0
2023-03-15 06:54:15,185 [af97f91c-1465-457e-8a10-e9683affa9d2@group-BF5506491A37-SegmentedRaftLogWorker] INFO  segmented.SegmentedRaftLogWorker (SegmentedRaftLogWorker.java:execute(656)) - af97f91c-1465-457e-8a10-e9683affa9d2@group-BF5506491A37-SegmentedRaftLogWorker: created new log segment /home/runner/work/ozone/ozone/hadoop-ozone/integration-test/target/test-dir/MiniOzoneClusterImpl-88c1a39f-978e-429a-824f-6eda176bb531/datanode-2/data/ratis/592820c9-d82b-4589-a17f-bf5506491a37/current/log_inprogress_0
2023-03-15 06:54:15,185 [IPC Server handler 3 on default port 39555] INFO  ha.SequenceIdGenerator (SequenceIdGenerator.java:getNextId(128)) - Allocate a batch for containerId, change lastId from 0 to 1000.
2023-03-15 06:54:15,186 [IPC Server handler 3 on default port 39555] WARN  ha.SequenceIdGenerator (SequenceIdGenerator.java:allocateBatch(237)) - Failed to allocate a batch for localId, expected lastId is 0, actual lastId is 111677748019200000.
2023-03-15 06:54:15,186 [IPC Server handler 3 on default port 39555] INFO  ha.SequenceIdGenerator (SequenceIdGenerator.java:getNextId(128)) - Allocate a batch for localId, change lastId from 111677748019200000 to 111677748019201000.
2023-03-15 06:54:15,208 [af97f91c-1465-457e-8a10-e9683affa9d2@group-BF5506491A37-LeaderElection24] INFO  server.RaftServer$Division (ServerState.java:setRaftConf(430)) - af97f91c-1465-457e-8a10-e9683affa9d2@group-BF5506491A37: set configuration 0: peers:[af97f91c-1465-457e-8a10-e9683affa9d2|rpc:10.1.0.130:41791|dataStream:10.1.0.130:44691|priority:1|startupRole:FOLLOWER]|listeners:[], old=null
2023-03-15 06:54:15,300 [OM StateMachine ApplyTransaction Thread - 0] INFO  snapshot.OMSnapshotCreateRequest (OMSnapshotCreateRequest.java:validateAndUpdateCache(204)) - Created snapshot 'snap47284' under path 'vol-47475/buck-53515'
2023-03-15 06:54:15,300 [OM StateMachine ApplyTransaction Thread - 0] INFO  snapshot.OMSnapshotCreateRequest (OMSnapshotCreateRequest.java:validateAndUpdateCache(204)) - Created snapshot 'snap47284' under path 'vol-47475/buck-53515'
2023-03-15 06:54:15,302 [OM StateMachine ApplyTransaction Thread - 0] INFO  snapshot.OMSnapshotCreateRequest (OMSnapshotCreateRequest.java:validateAndUpdateCache(204)) - Created snapshot 'snap47284' under path 'vol-47475/buck-53515'
2023-03-15 06:54:15,352 [OMDoubleBufferFlushThread] INFO  db.RDBCheckpointManager (RDBCheckpointManager.java:createCheckpoint(96)) - Created checkpoint in rocksDB at /home/runner/work/ozone/ozone/hadoop-ozone/integration-test/target/test-dir/MiniOzoneClusterImpl-88c1a39f-978e-429a-824f-6eda176bb531/omNode-1/db.snapshots/om.db-0412e681-0d7f-4565-9afb-0aeb0687392e in 51 milliseconds
2023-03-15 06:54:15,354 [OMDoubleBufferFlushThread] INFO  db.RDBCheckpointManager (RDBCheckpointManager.java:createCheckpoint(96)) - Created checkpoint in rocksDB at /home/runner/work/ozone/ozone/hadoop-ozone/integration-test/target/test-dir/MiniOzoneClusterImpl-88c1a39f-978e-429a-824f-6eda176bb531/omNode-3/db.snapshots/om.db-0412e681-0d7f-4565-9afb-0aeb0687392e in 51 milliseconds
2023-03-15 06:54:15,355 [OMDoubleBufferFlushThread] INFO  db.RDBCheckpointManager (RDBCheckpointManager.java:waitForCheckpointDirectoryExist(125)) - Waited for 1 milliseconds for checkpoint directory /home/runner/work/ozone/ozone/hadoop-ozone/integration-test/target/test-dir/MiniOzoneClusterImpl-88c1a39f-978e-429a-824f-6eda176bb531/omNode-3/db.snapshots/om.db-0412e681-0d7f-4565-9afb-0aeb0687392e availability.
2023-03-15 06:54:15,355 [OMDoubleBufferFlushThread] INFO  db.RDBCheckpointManager (RDBCheckpointManager.java:waitForCheckpointDirectoryExist(125)) - Waited for 3 milliseconds for checkpoint directory /home/runner/work/ozone/ozone/hadoop-ozone/integration-test/target/test-dir/MiniOzoneClusterImpl-88c1a39f-978e-429a-824f-6eda176bb531/omNode-1/db.snapshots/om.db-0412e681-0d7f-4565-9afb-0aeb0687392e availability.
2023-03-15 06:54:15,356 [OMDoubleBufferFlushThread] INFO  om.OmSnapshotManager (OmSnapshotManager.java:createOmSnapshotCheckpoint(170)) - Created checkpoint : /home/runner/work/ozone/ozone/hadoop-ozone/integration-test/target/test-dir/MiniOzoneClusterImpl-88c1a39f-978e-429a-824f-6eda176bb531/omNode-1/db.snapshots/om.db-0412e681-0d7f-4565-9afb-0aeb0687392e for snapshot snap47284
2023-03-15 06:54:15,355 [OMDoubleBufferFlushThread] INFO  om.OmSnapshotManager (OmSnapshotManager.java:createOmSnapshotCheckpoint(170)) - Created checkpoint : /home/runner/work/ozone/ozone/hadoop-ozone/integration-test/target/test-dir/MiniOzoneClusterImpl-88c1a39f-978e-429a-824f-6eda176bb531/omNode-3/db.snapshots/om.db-0412e681-0d7f-4565-9afb-0aeb0687392e for snapshot snap47284
2023-03-15 06:54:15,359 [OMDoubleBufferFlushThread] INFO  db.RDBCheckpointManager (RDBCheckpointManager.java:createCheckpoint(96)) - Created checkpoint in rocksDB at /home/runner/work/ozone/ozone/hadoop-ozone/integration-test/target/test-dir/MiniOzoneClusterImpl-88c1a39f-978e-429a-824f-6eda176bb531/omNode-2/db.snapshots/om.db-0412e681-0d7f-4565-9afb-0aeb0687392e in 51 milliseconds
2023-03-15 06:54:15,360 [OMDoubleBufferFlushThread] INFO  db.RDBCheckpointManager (RDBCheckpointManager.java:waitForCheckpointDirectoryExist(125)) - Waited for 1 milliseconds for checkpoint directory /home/runner/work/ozone/ozone/hadoop-ozone/integration-test/target/test-dir/MiniOzoneClusterImpl-88c1a39f-978e-429a-824f-6eda176bb531/omNode-2/db.snapshots/om.db-0412e681-0d7f-4565-9afb-0aeb0687392e availability.
2023-03-15 06:54:15,360 [OMDoubleBufferFlushThread] INFO  om.OmSnapshotManager (OmSnapshotManager.java:createOmSnapshotCheckpoint(170)) - Created checkpoint : /home/runner/work/ozone/ozone/hadoop-ozone/integration-test/target/test-dir/MiniOzoneClusterImpl-88c1a39f-978e-429a-824f-6eda176bb531/omNode-2/db.snapshots/om.db-0412e681-0d7f-4565-9afb-0aeb0687392e for snapshot snap47284
]]></system-out>
  </testcase>
  <testcase name="testNonExistentBucket" classname="TestOmSnapshot" time="0.026">
    <system-out><![CDATA[2023-03-15 06:52:18,542 [Time-limited test] INFO  rpc.RpcClient (RpcClient.java:createVolume(476)) - Creating Volume: vol-09779, with runner as owner and space quota set to -1 bytes, counts quota set to -1
2023-03-15 06:52:18,548 [OM StateMachine ApplyTransaction Thread - 0] INFO  volume.OMVolumeCreateRequest (OMVolumeCreateRequest.java:validateAndUpdateCache(195)) - created volume:vol-09779 for user:runner
2023-03-15 06:52:18,551 [OM StateMachine ApplyTransaction Thread - 0] INFO  volume.OMVolumeCreateRequest (OMVolumeCreateRequest.java:validateAndUpdateCache(195)) - created volume:vol-09779 for user:runner
2023-03-15 06:52:18,551 [OM StateMachine ApplyTransaction Thread - 0] INFO  volume.OMVolumeCreateRequest (OMVolumeCreateRequest.java:validateAndUpdateCache(195)) - created volume:vol-09779 for user:runner
]]></system-out>
  </testcase>
  <testcase name="testNonExistentBucket" classname="TestOmSnapshot" time="0.011">
    <system-out><![CDATA[2023-03-15 06:53:17,404 [Time-limited test] INFO  rpc.RpcClient (RpcClient.java:createVolume(476)) - Creating Volume: vol-90361, with runner as owner and space quota set to -1 bytes, counts quota set to -1
2023-03-15 06:53:17,409 [OM StateMachine ApplyTransaction Thread - 0] INFO  volume.OMVolumeCreateRequest (OMVolumeCreateRequest.java:validateAndUpdateCache(195)) - created volume:vol-90361 for user:runner
2023-03-15 06:53:17,411 [OM StateMachine ApplyTransaction Thread - 0] INFO  volume.OMVolumeCreateRequest (OMVolumeCreateRequest.java:validateAndUpdateCache(195)) - created volume:vol-90361 for user:runner
2023-03-15 06:53:17,412 [OM StateMachine ApplyTransaction Thread - 0] INFO  volume.OMVolumeCreateRequest (OMVolumeCreateRequest.java:validateAndUpdateCache(195)) - created volume:vol-90361 for user:runner
]]></system-out>
  </testcase>
  <testcase name="testNonExistentBucket" classname="TestOmSnapshot" time="0.009">
    <system-out><![CDATA[2023-03-15 06:54:16,303 [Time-limited test] INFO  rpc.RpcClient (RpcClient.java:createVolume(476)) - Creating Volume: vol-62801, with runner as owner and space quota set to -1 bytes, counts quota set to -1
2023-03-15 06:54:16,308 [OM StateMachine ApplyTransaction Thread - 0] INFO  volume.OMVolumeCreateRequest (OMVolumeCreateRequest.java:validateAndUpdateCache(195)) - created volume:vol-62801 for user:runner
2023-03-15 06:54:16,309 [OM StateMachine ApplyTransaction Thread - 0] INFO  volume.OMVolumeCreateRequest (OMVolumeCreateRequest.java:validateAndUpdateCache(195)) - created volume:vol-62801 for user:runner
2023-03-15 06:54:16,311 [OM StateMachine ApplyTransaction Thread - 0] INFO  volume.OMVolumeCreateRequest (OMVolumeCreateRequest.java:validateAndUpdateCache(195)) - created volume:vol-62801 for user:runner
]]></system-out>
  </testcase>
  <testcase name="testSnapDiffWithMultipleSSTs" classname="TestOmSnapshot" time="0">
    <skipped/>
  </testcase>
  <testcase name="testSnapDiffWithMultipleSSTs" classname="TestOmSnapshot" time="0">
    <skipped/>
  </testcase>
  <testcase name="testSnapDiffWithMultipleSSTs" classname="TestOmSnapshot" time="0">
    <skipped/>
  </testcase>
  <testcase name="testDeleteSnapshotFailure" classname="TestOmSnapshot" time="1.155">
    <system-out><![CDATA[2023-03-15 06:52:18,571 [Time-limited test] INFO  rpc.RpcClient (RpcClient.java:createVolume(476)) - Creating Volume: vol-91859, with runner as owner and space quota set to -1 bytes, counts quota set to -1
2023-03-15 06:52:18,578 [OM StateMachine ApplyTransaction Thread - 0] INFO  volume.OMVolumeCreateRequest (OMVolumeCreateRequest.java:validateAndUpdateCache(195)) - created volume:vol-91859 for user:runner
2023-03-15 06:52:18,581 [OM StateMachine ApplyTransaction Thread - 0] INFO  volume.OMVolumeCreateRequest (OMVolumeCreateRequest.java:validateAndUpdateCache(195)) - created volume:vol-91859 for user:runner
2023-03-15 06:52:18,583 [OM StateMachine ApplyTransaction Thread - 0] INFO  volume.OMVolumeCreateRequest (OMVolumeCreateRequest.java:validateAndUpdateCache(195)) - created volume:vol-91859 for user:runner
2023-03-15 06:52:18,584 [Time-limited test] INFO  rpc.RpcClient (RpcClient.java:createBucket(698)) - Creating Bucket: vol-91859/buck-78622, with server-side default bucket layout, runner as owner, Versioning false, Storage Type set to DISK and Encryption set to false, Replication Type set to server-side default replication type, Namespace Quota set to -1, Space Quota set to -1 
2023-03-15 06:52:18,589 [OM StateMachine ApplyTransaction Thread - 0] INFO  bucket.OMBucketCreateRequest (OMBucketCreateRequest.java:validateAndUpdateCache(263)) - created bucket: buck-78622 of layout OBJECT_STORE in volume: vol-91859
2023-03-15 06:52:18,592 [OM StateMachine ApplyTransaction Thread - 0] INFO  bucket.OMBucketCreateRequest (OMBucketCreateRequest.java:validateAndUpdateCache(263)) - created bucket: buck-78622 of layout OBJECT_STORE in volume: vol-91859
2023-03-15 06:52:18,594 [OM StateMachine ApplyTransaction Thread - 0] INFO  bucket.OMBucketCreateRequest (OMBucketCreateRequest.java:validateAndUpdateCache(263)) - created bucket: buck-78622 of layout OBJECT_STORE in volume: vol-91859
2023-03-15 06:52:18,681 [OM StateMachine ApplyTransaction Thread - 0] INFO  snapshot.OMSnapshotCreateRequest (OMSnapshotCreateRequest.java:validateAndUpdateCache(204)) - Created snapshot 'snap85185' under path 'vol-91859/buck-78622'
2023-03-15 06:52:18,683 [OM StateMachine ApplyTransaction Thread - 0] INFO  snapshot.OMSnapshotCreateRequest (OMSnapshotCreateRequest.java:validateAndUpdateCache(204)) - Created snapshot 'snap85185' under path 'vol-91859/buck-78622'
2023-03-15 06:52:18,684 [OM StateMachine ApplyTransaction Thread - 0] INFO  snapshot.OMSnapshotCreateRequest (OMSnapshotCreateRequest.java:validateAndUpdateCache(204)) - Created snapshot 'snap85185' under path 'vol-91859/buck-78622'
2023-03-15 06:52:18,725 [OMDoubleBufferFlushThread] INFO  db.RDBCheckpointManager (RDBCheckpointManager.java:createCheckpoint(96)) - Created checkpoint in rocksDB at /home/runner/work/ozone/ozone/hadoop-ozone/integration-test/target/test-dir/MiniOzoneClusterImpl-e79b0a94-dba3-4ba8-a298-d2d15914ceac/omNode-1/db.snapshots/om.db-ddb2fa93-39d2-4783-9112-ea1e06e87de8 in 40 milliseconds
2023-03-15 06:52:18,726 [OMDoubleBufferFlushThread] INFO  db.RDBCheckpointManager (RDBCheckpointManager.java:waitForCheckpointDirectoryExist(125)) - Waited for 1 milliseconds for checkpoint directory /home/runner/work/ozone/ozone/hadoop-ozone/integration-test/target/test-dir/MiniOzoneClusterImpl-e79b0a94-dba3-4ba8-a298-d2d15914ceac/omNode-1/db.snapshots/om.db-ddb2fa93-39d2-4783-9112-ea1e06e87de8 availability.
2023-03-15 06:52:18,726 [OMDoubleBufferFlushThread] INFO  om.OmSnapshotManager (OmSnapshotManager.java:createOmSnapshotCheckpoint(170)) - Created checkpoint : /home/runner/work/ozone/ozone/hadoop-ozone/integration-test/target/test-dir/MiniOzoneClusterImpl-e79b0a94-dba3-4ba8-a298-d2d15914ceac/omNode-1/db.snapshots/om.db-ddb2fa93-39d2-4783-9112-ea1e06e87de8 for snapshot snap85185
2023-03-15 06:52:18,729 [OMDoubleBufferFlushThread] INFO  db.RDBCheckpointManager (RDBCheckpointManager.java:createCheckpoint(96)) - Created checkpoint in rocksDB at /home/runner/work/ozone/ozone/hadoop-ozone/integration-test/target/test-dir/MiniOzoneClusterImpl-e79b0a94-dba3-4ba8-a298-d2d15914ceac/omNode-3/db.snapshots/om.db-ddb2fa93-39d2-4783-9112-ea1e06e87de8 in 43 milliseconds
2023-03-15 06:52:18,730 [OMDoubleBufferFlushThread] INFO  db.RDBCheckpointManager (RDBCheckpointManager.java:waitForCheckpointDirectoryExist(125)) - Waited for 1 milliseconds for checkpoint directory /home/runner/work/ozone/ozone/hadoop-ozone/integration-test/target/test-dir/MiniOzoneClusterImpl-e79b0a94-dba3-4ba8-a298-d2d15914ceac/omNode-3/db.snapshots/om.db-ddb2fa93-39d2-4783-9112-ea1e06e87de8 availability.
2023-03-15 06:52:18,730 [OMDoubleBufferFlushThread] INFO  om.OmSnapshotManager (OmSnapshotManager.java:createOmSnapshotCheckpoint(170)) - Created checkpoint : /home/runner/work/ozone/ozone/hadoop-ozone/integration-test/target/test-dir/MiniOzoneClusterImpl-e79b0a94-dba3-4ba8-a298-d2d15914ceac/omNode-3/db.snapshots/om.db-ddb2fa93-39d2-4783-9112-ea1e06e87de8 for snapshot snap85185
2023-03-15 06:52:18,730 [OMDoubleBufferFlushThread] INFO  db.RDBCheckpointManager (RDBCheckpointManager.java:createCheckpoint(96)) - Created checkpoint in rocksDB at /home/runner/work/ozone/ozone/hadoop-ozone/integration-test/target/test-dir/MiniOzoneClusterImpl-e79b0a94-dba3-4ba8-a298-d2d15914ceac/omNode-2/db.snapshots/om.db-ddb2fa93-39d2-4783-9112-ea1e06e87de8 in 43 milliseconds
2023-03-15 06:52:18,732 [OMDoubleBufferFlushThread] INFO  db.RDBCheckpointManager (RDBCheckpointManager.java:waitForCheckpointDirectoryExist(125)) - Waited for 2 milliseconds for checkpoint directory /home/runner/work/ozone/ozone/hadoop-ozone/integration-test/target/test-dir/MiniOzoneClusterImpl-e79b0a94-dba3-4ba8-a298-d2d15914ceac/omNode-2/db.snapshots/om.db-ddb2fa93-39d2-4783-9112-ea1e06e87de8 availability.
2023-03-15 06:52:18,732 [OMDoubleBufferFlushThread] INFO  om.OmSnapshotManager (OmSnapshotManager.java:createOmSnapshotCheckpoint(170)) - Created checkpoint : /home/runner/work/ozone/ozone/hadoop-ozone/integration-test/target/test-dir/MiniOzoneClusterImpl-e79b0a94-dba3-4ba8-a298-d2d15914ceac/omNode-2/db.snapshots/om.db-ddb2fa93-39d2-4783-9112-ea1e06e87de8 for snapshot snap85185
06:52:19.703 [OM StateMachine ApplyTransaction Thread - 0] ERROR OMAudit - user=runner | ip=127.0.0.1 | op=DELETE_SNAPSHOT {volume=vol-91859, bucket=buck-78622, snapshotName=snapnonexistent} | ret=FAILURE
org.apache.hadoop.ozone.om.exceptions.OMException: Snapshot does not exist
	at org.apache.hadoop.ozone.om.request.snapshot.OMSnapshotDeleteRequest.validateAndUpdateCache(OMSnapshotDeleteRequest.java:153) ~[ozone-manager-1.4.0-SNAPSHOT.jar:?]
	at org.apache.hadoop.ozone.protocolPB.OzoneManagerRequestHandler.handleWriteRequest(OzoneManagerRequestHandler.java:337) ~[ozone-manager-1.4.0-SNAPSHOT.jar:?]
	at org.apache.hadoop.ozone.om.ratis.OzoneManagerStateMachine.runCommand(OzoneManagerStateMachine.java:533) ~[ozone-manager-1.4.0-SNAPSHOT.jar:?]
	at org.apache.hadoop.ozone.om.ratis.OzoneManagerStateMachine.lambda$1(OzoneManagerStateMachine.java:324) ~[ozone-manager-1.4.0-SNAPSHOT.jar:?]
	at java.util.concurrent.CompletableFuture$AsyncSupply.run(CompletableFuture.java:1604) [?:1.8.0_362]
	at java.util.concurrent.ThreadPoolExecutor.runWorker(ThreadPoolExecutor.java:1149) [?:1.8.0_362]
	at java.util.concurrent.ThreadPoolExecutor$Worker.run(ThreadPoolExecutor.java:624) [?:1.8.0_362]
	at java.lang.Thread.run(Thread.java:750) [?:1.8.0_362]
06:52:19.703 [OM StateMachine ApplyTransaction Thread - 0] ERROR OMAudit - user=runner | ip=127.0.0.1 | op=DELETE_SNAPSHOT {volume=vol-91859, bucket=buck-78622, snapshotName=snapnonexistent} | ret=FAILURE
org.apache.hadoop.ozone.om.exceptions.OMException: Snapshot does not exist
	at org.apache.hadoop.ozone.om.request.snapshot.OMSnapshotDeleteRequest.validateAndUpdateCache(OMSnapshotDeleteRequest.java:153) ~[ozone-manager-1.4.0-SNAPSHOT.jar:?]
	at org.apache.hadoop.ozone.protocolPB.OzoneManagerRequestHandler.handleWriteRequest(OzoneManagerRequestHandler.java:337) ~[ozone-manager-1.4.0-SNAPSHOT.jar:?]
	at org.apache.hadoop.ozone.om.ratis.OzoneManagerStateMachine.runCommand(OzoneManagerStateMachine.java:533) ~[ozone-manager-1.4.0-SNAPSHOT.jar:?]
	at org.apache.hadoop.ozone.om.ratis.OzoneManagerStateMachine.lambda$1(OzoneManagerStateMachine.java:324) ~[ozone-manager-1.4.0-SNAPSHOT.jar:?]
	at java.util.concurrent.CompletableFuture$AsyncSupply.run(CompletableFuture.java:1604) [?:1.8.0_362]
	at java.util.concurrent.ThreadPoolExecutor.runWorker(ThreadPoolExecutor.java:1149) [?:1.8.0_362]
	at java.util.concurrent.ThreadPoolExecutor$Worker.run(ThreadPoolExecutor.java:624) [?:1.8.0_362]
	at java.lang.Thread.run(Thread.java:750) [?:1.8.0_362]
06:52:19.705 [OM StateMachine ApplyTransaction Thread - 0] ERROR OMAudit - user=runner | ip=127.0.0.1 | op=DELETE_SNAPSHOT {volume=vol-91859, bucket=buck-78622, snapshotName=snapnonexistent} | ret=FAILURE
org.apache.hadoop.ozone.om.exceptions.OMException: Snapshot does not exist
	at org.apache.hadoop.ozone.om.request.snapshot.OMSnapshotDeleteRequest.validateAndUpdateCache(OMSnapshotDeleteRequest.java:153) ~[ozone-manager-1.4.0-SNAPSHOT.jar:?]
	at org.apache.hadoop.ozone.protocolPB.OzoneManagerRequestHandler.handleWriteRequest(OzoneManagerRequestHandler.java:337) ~[ozone-manager-1.4.0-SNAPSHOT.jar:?]
	at org.apache.hadoop.ozone.om.ratis.OzoneManagerStateMachine.runCommand(OzoneManagerStateMachine.java:533) ~[ozone-manager-1.4.0-SNAPSHOT.jar:?]
	at org.apache.hadoop.ozone.om.ratis.OzoneManagerStateMachine.lambda$1(OzoneManagerStateMachine.java:324) ~[ozone-manager-1.4.0-SNAPSHOT.jar:?]
	at java.util.concurrent.CompletableFuture$AsyncSupply.run(CompletableFuture.java:1604) [?:1.8.0_362]
	at java.util.concurrent.ThreadPoolExecutor.runWorker(ThreadPoolExecutor.java:1149) [?:1.8.0_362]
	at java.util.concurrent.ThreadPoolExecutor$Worker.run(ThreadPoolExecutor.java:624) [?:1.8.0_362]
	at java.lang.Thread.run(Thread.java:750) [?:1.8.0_362]
2023-03-15 06:52:19,719 [OM StateMachine ApplyTransaction Thread - 0] ERROR snapshot.OMSnapshotDeleteRequest (OMSnapshotDeleteRequest.java:validateAndUpdateCache(221)) - Failed to delete snapshot 'snapnonexistent' under path 'vol-91859/buck-78622'
2023-03-15 06:52:19,719 [OM StateMachine ApplyTransaction Thread - 0] ERROR snapshot.OMSnapshotDeleteRequest (OMSnapshotDeleteRequest.java:validateAndUpdateCache(221)) - Failed to delete snapshot 'snapnonexistent' under path 'vol-91859/buck-78622'
2023-03-15 06:52:19,721 [OM StateMachine ApplyTransaction Thread - 0] ERROR snapshot.OMSnapshotDeleteRequest (OMSnapshotDeleteRequest.java:validateAndUpdateCache(221)) - Failed to delete snapshot 'snapnonexistent' under path 'vol-91859/buck-78622'
]]></system-out>
  </testcase>
  <testcase name="testDeleteSnapshotFailure" classname="TestOmSnapshot" time="1.078">
    <system-out><![CDATA[2023-03-15 06:53:17,416 [Time-limited test] INFO  rpc.RpcClient (RpcClient.java:createVolume(476)) - Creating Volume: vol-20521, with runner as owner and space quota set to -1 bytes, counts quota set to -1
2023-03-15 06:53:17,419 [OM StateMachine ApplyTransaction Thread - 0] INFO  volume.OMVolumeCreateRequest (OMVolumeCreateRequest.java:validateAndUpdateCache(195)) - created volume:vol-20521 for user:runner
2023-03-15 06:53:17,420 [OM StateMachine ApplyTransaction Thread - 0] INFO  volume.OMVolumeCreateRequest (OMVolumeCreateRequest.java:validateAndUpdateCache(195)) - created volume:vol-20521 for user:runner
2023-03-15 06:53:17,422 [Time-limited test] INFO  rpc.RpcClient (RpcClient.java:createBucket(698)) - Creating Bucket: vol-20521/buck-95098, with server-side default bucket layout, runner as owner, Versioning false, Storage Type set to DISK and Encryption set to false, Replication Type set to server-side default replication type, Namespace Quota set to -1, Space Quota set to -1 
2023-03-15 06:53:17,422 [OM StateMachine ApplyTransaction Thread - 0] INFO  volume.OMVolumeCreateRequest (OMVolumeCreateRequest.java:validateAndUpdateCache(195)) - created volume:vol-20521 for user:runner
2023-03-15 06:53:17,425 [OM StateMachine ApplyTransaction Thread - 0] INFO  bucket.OMBucketCreateRequest (OMBucketCreateRequest.java:validateAndUpdateCache(263)) - created bucket: buck-95098 of layout FILE_SYSTEM_OPTIMIZED in volume: vol-20521
2023-03-15 06:53:17,427 [OM StateMachine ApplyTransaction Thread - 0] INFO  bucket.OMBucketCreateRequest (OMBucketCreateRequest.java:validateAndUpdateCache(263)) - created bucket: buck-95098 of layout FILE_SYSTEM_OPTIMIZED in volume: vol-20521
2023-03-15 06:53:17,434 [OM StateMachine ApplyTransaction Thread - 0] INFO  bucket.OMBucketCreateRequest (OMBucketCreateRequest.java:validateAndUpdateCache(263)) - created bucket: buck-95098 of layout FILE_SYSTEM_OPTIMIZED in volume: vol-20521
2023-03-15 06:53:17,484 [OM StateMachine ApplyTransaction Thread - 0] INFO  snapshot.OMSnapshotCreateRequest (OMSnapshotCreateRequest.java:validateAndUpdateCache(204)) - Created snapshot 'snap05814' under path 'vol-20521/buck-95098'
2023-03-15 06:53:17,485 [OM StateMachine ApplyTransaction Thread - 0] INFO  snapshot.OMSnapshotCreateRequest (OMSnapshotCreateRequest.java:validateAndUpdateCache(204)) - Created snapshot 'snap05814' under path 'vol-20521/buck-95098'
2023-03-15 06:53:17,485 [OM StateMachine ApplyTransaction Thread - 0] INFO  snapshot.OMSnapshotCreateRequest (OMSnapshotCreateRequest.java:validateAndUpdateCache(204)) - Created snapshot 'snap05814' under path 'vol-20521/buck-95098'
2023-03-15 06:53:17,524 [OMDoubleBufferFlushThread] INFO  db.RDBCheckpointManager (RDBCheckpointManager.java:createCheckpoint(96)) - Created checkpoint in rocksDB at /home/runner/work/ozone/ozone/hadoop-ozone/integration-test/target/test-dir/MiniOzoneClusterImpl-8d40f1f0-3e23-4273-879b-a609159ae6a4/omNode-1/db.snapshots/om.db-d4becefe-73ec-4393-baba-2b7946241e1a in 37 milliseconds
2023-03-15 06:53:17,528 [OMDoubleBufferFlushThread] INFO  db.RDBCheckpointManager (RDBCheckpointManager.java:waitForCheckpointDirectoryExist(125)) - Waited for 4 milliseconds for checkpoint directory /home/runner/work/ozone/ozone/hadoop-ozone/integration-test/target/test-dir/MiniOzoneClusterImpl-8d40f1f0-3e23-4273-879b-a609159ae6a4/omNode-1/db.snapshots/om.db-d4becefe-73ec-4393-baba-2b7946241e1a availability.
2023-03-15 06:53:17,528 [OMDoubleBufferFlushThread] INFO  om.OmSnapshotManager (OmSnapshotManager.java:createOmSnapshotCheckpoint(170)) - Created checkpoint : /home/runner/work/ozone/ozone/hadoop-ozone/integration-test/target/test-dir/MiniOzoneClusterImpl-8d40f1f0-3e23-4273-879b-a609159ae6a4/omNode-1/db.snapshots/om.db-d4becefe-73ec-4393-baba-2b7946241e1a for snapshot snap05814
2023-03-15 06:53:17,537 [OMDoubleBufferFlushThread] INFO  db.RDBCheckpointManager (RDBCheckpointManager.java:createCheckpoint(96)) - Created checkpoint in rocksDB at /home/runner/work/ozone/ozone/hadoop-ozone/integration-test/target/test-dir/MiniOzoneClusterImpl-8d40f1f0-3e23-4273-879b-a609159ae6a4/omNode-2/db.snapshots/om.db-d4becefe-73ec-4393-baba-2b7946241e1a in 50 milliseconds
2023-03-15 06:53:17,537 [OMDoubleBufferFlushThread] INFO  db.RDBCheckpointManager (RDBCheckpointManager.java:createCheckpoint(96)) - Created checkpoint in rocksDB at /home/runner/work/ozone/ozone/hadoop-ozone/integration-test/target/test-dir/MiniOzoneClusterImpl-8d40f1f0-3e23-4273-879b-a609159ae6a4/omNode-3/db.snapshots/om.db-d4becefe-73ec-4393-baba-2b7946241e1a in 49 milliseconds
2023-03-15 06:53:17,542 [OMDoubleBufferFlushThread] INFO  db.RDBCheckpointManager (RDBCheckpointManager.java:waitForCheckpointDirectoryExist(125)) - Waited for 5 milliseconds for checkpoint directory /home/runner/work/ozone/ozone/hadoop-ozone/integration-test/target/test-dir/MiniOzoneClusterImpl-8d40f1f0-3e23-4273-879b-a609159ae6a4/omNode-2/db.snapshots/om.db-d4becefe-73ec-4393-baba-2b7946241e1a availability.
2023-03-15 06:53:17,542 [OMDoubleBufferFlushThread] INFO  om.OmSnapshotManager (OmSnapshotManager.java:createOmSnapshotCheckpoint(170)) - Created checkpoint : /home/runner/work/ozone/ozone/hadoop-ozone/integration-test/target/test-dir/MiniOzoneClusterImpl-8d40f1f0-3e23-4273-879b-a609159ae6a4/omNode-2/db.snapshots/om.db-d4becefe-73ec-4393-baba-2b7946241e1a for snapshot snap05814
2023-03-15 06:53:17,543 [OMDoubleBufferFlushThread] INFO  db.RDBCheckpointManager (RDBCheckpointManager.java:waitForCheckpointDirectoryExist(125)) - Waited for 6 milliseconds for checkpoint directory /home/runner/work/ozone/ozone/hadoop-ozone/integration-test/target/test-dir/MiniOzoneClusterImpl-8d40f1f0-3e23-4273-879b-a609159ae6a4/omNode-3/db.snapshots/om.db-d4becefe-73ec-4393-baba-2b7946241e1a availability.
2023-03-15 06:53:17,543 [OMDoubleBufferFlushThread] INFO  om.OmSnapshotManager (OmSnapshotManager.java:createOmSnapshotCheckpoint(170)) - Created checkpoint : /home/runner/work/ozone/ozone/hadoop-ozone/integration-test/target/test-dir/MiniOzoneClusterImpl-8d40f1f0-3e23-4273-879b-a609159ae6a4/omNode-3/db.snapshots/om.db-d4becefe-73ec-4393-baba-2b7946241e1a for snapshot snap05814
06:53:18.488 [OM StateMachine ApplyTransaction Thread - 0] ERROR OMAudit - user=runner | ip=127.0.0.1 | op=DELETE_SNAPSHOT {volume=vol-20521, bucket=buck-95098, snapshotName=snapnonexistent} | ret=FAILURE
org.apache.hadoop.ozone.om.exceptions.OMException: Snapshot does not exist
	at org.apache.hadoop.ozone.om.request.snapshot.OMSnapshotDeleteRequest.validateAndUpdateCache(OMSnapshotDeleteRequest.java:153) ~[ozone-manager-1.4.0-SNAPSHOT.jar:?]
	at org.apache.hadoop.ozone.protocolPB.OzoneManagerRequestHandler.handleWriteRequest(OzoneManagerRequestHandler.java:337) ~[ozone-manager-1.4.0-SNAPSHOT.jar:?]
	at org.apache.hadoop.ozone.om.ratis.OzoneManagerStateMachine.runCommand(OzoneManagerStateMachine.java:533) ~[ozone-manager-1.4.0-SNAPSHOT.jar:?]
	at org.apache.hadoop.ozone.om.ratis.OzoneManagerStateMachine.lambda$1(OzoneManagerStateMachine.java:324) ~[ozone-manager-1.4.0-SNAPSHOT.jar:?]
	at java.util.concurrent.CompletableFuture$AsyncSupply.run(CompletableFuture.java:1604) [?:1.8.0_362]
	at java.util.concurrent.ThreadPoolExecutor.runWorker(ThreadPoolExecutor.java:1149) [?:1.8.0_362]
	at java.util.concurrent.ThreadPoolExecutor$Worker.run(ThreadPoolExecutor.java:624) [?:1.8.0_362]
	at java.lang.Thread.run(Thread.java:750) [?:1.8.0_362]
2023-03-15 06:53:18,489 [OM StateMachine ApplyTransaction Thread - 0] ERROR snapshot.OMSnapshotDeleteRequest (OMSnapshotDeleteRequest.java:validateAndUpdateCache(221)) - Failed to delete snapshot 'snapnonexistent' under path 'vol-20521/buck-95098'
06:53:18.489 [OM StateMachine ApplyTransaction Thread - 0] ERROR OMAudit - user=runner | ip=127.0.0.1 | op=DELETE_SNAPSHOT {volume=vol-20521, bucket=buck-95098, snapshotName=snapnonexistent} | ret=FAILURE
org.apache.hadoop.ozone.om.exceptions.OMException: Snapshot does not exist
	at org.apache.hadoop.ozone.om.request.snapshot.OMSnapshotDeleteRequest.validateAndUpdateCache(OMSnapshotDeleteRequest.java:153) ~[ozone-manager-1.4.0-SNAPSHOT.jar:?]
	at org.apache.hadoop.ozone.protocolPB.OzoneManagerRequestHandler.handleWriteRequest(OzoneManagerRequestHandler.java:337) ~[ozone-manager-1.4.0-SNAPSHOT.jar:?]
	at org.apache.hadoop.ozone.om.ratis.OzoneManagerStateMachine.runCommand(OzoneManagerStateMachine.java:533) ~[ozone-manager-1.4.0-SNAPSHOT.jar:?]
	at org.apache.hadoop.ozone.om.ratis.OzoneManagerStateMachine.lambda$1(OzoneManagerStateMachine.java:324) ~[ozone-manager-1.4.0-SNAPSHOT.jar:?]
	at java.util.concurrent.CompletableFuture$AsyncSupply.run(CompletableFuture.java:1604) [?:1.8.0_362]
	at java.util.concurrent.ThreadPoolExecutor.runWorker(ThreadPoolExecutor.java:1149) [?:1.8.0_362]
	at java.util.concurrent.ThreadPoolExecutor$Worker.run(ThreadPoolExecutor.java:624) [?:1.8.0_362]
	at java.lang.Thread.run(Thread.java:750) [?:1.8.0_362]
2023-03-15 06:53:18,490 [OM StateMachine ApplyTransaction Thread - 0] ERROR snapshot.OMSnapshotDeleteRequest (OMSnapshotDeleteRequest.java:validateAndUpdateCache(221)) - Failed to delete snapshot 'snapnonexistent' under path 'vol-20521/buck-95098'
06:53:18.491 [OM StateMachine ApplyTransaction Thread - 0] ERROR OMAudit - user=runner | ip=127.0.0.1 | op=DELETE_SNAPSHOT {volume=vol-20521, bucket=buck-95098, snapshotName=snapnonexistent} | ret=FAILURE
org.apache.hadoop.ozone.om.exceptions.OMException: Snapshot does not exist
	at org.apache.hadoop.ozone.om.request.snapshot.OMSnapshotDeleteRequest.validateAndUpdateCache(OMSnapshotDeleteRequest.java:153) ~[ozone-manager-1.4.0-SNAPSHOT.jar:?]
	at org.apache.hadoop.ozone.protocolPB.OzoneManagerRequestHandler.handleWriteRequest(OzoneManagerRequestHandler.java:337) ~[ozone-manager-1.4.0-SNAPSHOT.jar:?]
	at org.apache.hadoop.ozone.om.ratis.OzoneManagerStateMachine.runCommand(OzoneManagerStateMachine.java:533) ~[ozone-manager-1.4.0-SNAPSHOT.jar:?]
	at org.apache.hadoop.ozone.om.ratis.OzoneManagerStateMachine.lambda$1(OzoneManagerStateMachine.java:324) ~[ozone-manager-1.4.0-SNAPSHOT.jar:?]
	at java.util.concurrent.CompletableFuture$AsyncSupply.run(CompletableFuture.java:1604) [?:1.8.0_362]
	at java.util.concurrent.ThreadPoolExecutor.runWorker(ThreadPoolExecutor.java:1149) [?:1.8.0_362]
	at java.util.concurrent.ThreadPoolExecutor$Worker.run(ThreadPoolExecutor.java:624) [?:1.8.0_362]
	at java.lang.Thread.run(Thread.java:750) [?:1.8.0_362]
2023-03-15 06:53:18,491 [OM StateMachine ApplyTransaction Thread - 0] ERROR snapshot.OMSnapshotDeleteRequest (OMSnapshotDeleteRequest.java:validateAndUpdateCache(221)) - Failed to delete snapshot 'snapnonexistent' under path 'vol-20521/buck-95098'
]]></system-out>
  </testcase>
  <testcase name="testDeleteSnapshotFailure" classname="TestOmSnapshot" time="1.116">
    <system-out><![CDATA[2023-03-15 06:54:16,312 [Time-limited test] INFO  rpc.RpcClient (RpcClient.java:createVolume(476)) - Creating Volume: vol-94089, with runner as owner and space quota set to -1 bytes, counts quota set to -1
2023-03-15 06:54:16,314 [OM StateMachine ApplyTransaction Thread - 0] INFO  volume.OMVolumeCreateRequest (OMVolumeCreateRequest.java:validateAndUpdateCache(195)) - created volume:vol-94089 for user:runner
2023-03-15 06:54:16,319 [OM StateMachine ApplyTransaction Thread - 0] INFO  volume.OMVolumeCreateRequest (OMVolumeCreateRequest.java:validateAndUpdateCache(195)) - created volume:vol-94089 for user:runner
2023-03-15 06:54:16,320 [OM StateMachine ApplyTransaction Thread - 0] INFO  volume.OMVolumeCreateRequest (OMVolumeCreateRequest.java:validateAndUpdateCache(195)) - created volume:vol-94089 for user:runner
2023-03-15 06:54:16,327 [Time-limited test] INFO  rpc.RpcClient (RpcClient.java:createBucket(698)) - Creating Bucket: vol-94089/buck-28477, with server-side default bucket layout, runner as owner, Versioning false, Storage Type set to DISK and Encryption set to false, Replication Type set to server-side default replication type, Namespace Quota set to -1, Space Quota set to -1 
2023-03-15 06:54:16,330 [OM StateMachine ApplyTransaction Thread - 0] INFO  bucket.OMBucketCreateRequest (OMBucketCreateRequest.java:validateAndUpdateCache(263)) - created bucket: buck-28477 of layout LEGACY in volume: vol-94089
2023-03-15 06:54:16,332 [OM StateMachine ApplyTransaction Thread - 0] INFO  bucket.OMBucketCreateRequest (OMBucketCreateRequest.java:validateAndUpdateCache(263)) - created bucket: buck-28477 of layout LEGACY in volume: vol-94089
2023-03-15 06:54:16,334 [OM StateMachine ApplyTransaction Thread - 0] INFO  bucket.OMBucketCreateRequest (OMBucketCreateRequest.java:validateAndUpdateCache(263)) - created bucket: buck-28477 of layout LEGACY in volume: vol-94089
2023-03-15 06:54:16,420 [OM StateMachine ApplyTransaction Thread - 0] INFO  snapshot.OMSnapshotCreateRequest (OMSnapshotCreateRequest.java:validateAndUpdateCache(204)) - Created snapshot 'snap63478' under path 'vol-94089/buck-28477'
2023-03-15 06:54:16,420 [OM StateMachine ApplyTransaction Thread - 0] INFO  snapshot.OMSnapshotCreateRequest (OMSnapshotCreateRequest.java:validateAndUpdateCache(204)) - Created snapshot 'snap63478' under path 'vol-94089/buck-28477'
2023-03-15 06:54:16,421 [OM StateMachine ApplyTransaction Thread - 0] INFO  snapshot.OMSnapshotCreateRequest (OMSnapshotCreateRequest.java:validateAndUpdateCache(204)) - Created snapshot 'snap63478' under path 'vol-94089/buck-28477'
2023-03-15 06:54:16,456 [OMDoubleBufferFlushThread] INFO  db.RDBCheckpointManager (RDBCheckpointManager.java:createCheckpoint(96)) - Created checkpoint in rocksDB at /home/runner/work/ozone/ozone/hadoop-ozone/integration-test/target/test-dir/MiniOzoneClusterImpl-88c1a39f-978e-429a-824f-6eda176bb531/omNode-1/db.snapshots/om.db-e6311796-e981-4423-94e1-ab54471d1faa in 34 milliseconds
2023-03-15 06:54:16,459 [OMDoubleBufferFlushThread] INFO  db.RDBCheckpointManager (RDBCheckpointManager.java:waitForCheckpointDirectoryExist(125)) - Waited for 2 milliseconds for checkpoint directory /home/runner/work/ozone/ozone/hadoop-ozone/integration-test/target/test-dir/MiniOzoneClusterImpl-88c1a39f-978e-429a-824f-6eda176bb531/omNode-1/db.snapshots/om.db-e6311796-e981-4423-94e1-ab54471d1faa availability.
2023-03-15 06:54:16,460 [OMDoubleBufferFlushThread] INFO  om.OmSnapshotManager (OmSnapshotManager.java:createOmSnapshotCheckpoint(170)) - Created checkpoint : /home/runner/work/ozone/ozone/hadoop-ozone/integration-test/target/test-dir/MiniOzoneClusterImpl-88c1a39f-978e-429a-824f-6eda176bb531/omNode-1/db.snapshots/om.db-e6311796-e981-4423-94e1-ab54471d1faa for snapshot snap63478
2023-03-15 06:54:16,468 [OMDoubleBufferFlushThread] INFO  db.RDBCheckpointManager (RDBCheckpointManager.java:createCheckpoint(96)) - Created checkpoint in rocksDB at /home/runner/work/ozone/ozone/hadoop-ozone/integration-test/target/test-dir/MiniOzoneClusterImpl-88c1a39f-978e-429a-824f-6eda176bb531/omNode-3/db.snapshots/om.db-e6311796-e981-4423-94e1-ab54471d1faa in 47 milliseconds
2023-03-15 06:54:16,469 [OMDoubleBufferFlushThread] INFO  db.RDBCheckpointManager (RDBCheckpointManager.java:waitForCheckpointDirectoryExist(125)) - Waited for 1 milliseconds for checkpoint directory /home/runner/work/ozone/ozone/hadoop-ozone/integration-test/target/test-dir/MiniOzoneClusterImpl-88c1a39f-978e-429a-824f-6eda176bb531/omNode-3/db.snapshots/om.db-e6311796-e981-4423-94e1-ab54471d1faa availability.
2023-03-15 06:54:16,469 [OMDoubleBufferFlushThread] INFO  om.OmSnapshotManager (OmSnapshotManager.java:createOmSnapshotCheckpoint(170)) - Created checkpoint : /home/runner/work/ozone/ozone/hadoop-ozone/integration-test/target/test-dir/MiniOzoneClusterImpl-88c1a39f-978e-429a-824f-6eda176bb531/omNode-3/db.snapshots/om.db-e6311796-e981-4423-94e1-ab54471d1faa for snapshot snap63478
2023-03-15 06:54:16,469 [OMDoubleBufferFlushThread] INFO  db.RDBCheckpointManager (RDBCheckpointManager.java:createCheckpoint(96)) - Created checkpoint in rocksDB at /home/runner/work/ozone/ozone/hadoop-ozone/integration-test/target/test-dir/MiniOzoneClusterImpl-88c1a39f-978e-429a-824f-6eda176bb531/omNode-2/db.snapshots/om.db-e6311796-e981-4423-94e1-ab54471d1faa in 46 milliseconds
2023-03-15 06:54:16,470 [OMDoubleBufferFlushThread] INFO  db.RDBCheckpointManager (RDBCheckpointManager.java:waitForCheckpointDirectoryExist(125)) - Waited for 0 milliseconds for checkpoint directory /home/runner/work/ozone/ozone/hadoop-ozone/integration-test/target/test-dir/MiniOzoneClusterImpl-88c1a39f-978e-429a-824f-6eda176bb531/omNode-2/db.snapshots/om.db-e6311796-e981-4423-94e1-ab54471d1faa availability.
2023-03-15 06:54:16,471 [OMDoubleBufferFlushThread] INFO  om.OmSnapshotManager (OmSnapshotManager.java:createOmSnapshotCheckpoint(170)) - Created checkpoint : /home/runner/work/ozone/ozone/hadoop-ozone/integration-test/target/test-dir/MiniOzoneClusterImpl-88c1a39f-978e-429a-824f-6eda176bb531/omNode-2/db.snapshots/om.db-e6311796-e981-4423-94e1-ab54471d1faa for snapshot snap63478
06:54:17.425 [OM StateMachine ApplyTransaction Thread - 0] ERROR OMAudit - user=runner | ip=127.0.0.1 | op=DELETE_SNAPSHOT {volume=vol-94089, bucket=buck-28477, snapshotName=snapnonexistent} | ret=FAILURE
org.apache.hadoop.ozone.om.exceptions.OMException: Snapshot does not exist
	at org.apache.hadoop.ozone.om.request.snapshot.OMSnapshotDeleteRequest.validateAndUpdateCache(OMSnapshotDeleteRequest.java:153) ~[ozone-manager-1.4.0-SNAPSHOT.jar:?]
	at org.apache.hadoop.ozone.protocolPB.OzoneManagerRequestHandler.handleWriteRequest(OzoneManagerRequestHandler.java:337) ~[ozone-manager-1.4.0-SNAPSHOT.jar:?]
	at org.apache.hadoop.ozone.om.ratis.OzoneManagerStateMachine.runCommand(OzoneManagerStateMachine.java:533) ~[ozone-manager-1.4.0-SNAPSHOT.jar:?]
	at org.apache.hadoop.ozone.om.ratis.OzoneManagerStateMachine.lambda$1(OzoneManagerStateMachine.java:324) ~[ozone-manager-1.4.0-SNAPSHOT.jar:?]
	at java.util.concurrent.CompletableFuture$AsyncSupply.run(CompletableFuture.java:1604) [?:1.8.0_362]
	at java.util.concurrent.ThreadPoolExecutor.runWorker(ThreadPoolExecutor.java:1149) [?:1.8.0_362]
	at java.util.concurrent.ThreadPoolExecutor$Worker.run(ThreadPoolExecutor.java:624) [?:1.8.0_362]
	at java.lang.Thread.run(Thread.java:750) [?:1.8.0_362]
2023-03-15 06:54:17,426 [OM StateMachine ApplyTransaction Thread - 0] ERROR snapshot.OMSnapshotDeleteRequest (OMSnapshotDeleteRequest.java:validateAndUpdateCache(221)) - Failed to delete snapshot 'snapnonexistent' under path 'vol-94089/buck-28477'
]]></system-out>
  </testcase>
  <testcase name="testSnapDiffMultipleBuckets" classname="TestOmSnapshot" time="2.534">
    <system-out><![CDATA[2023-03-15 06:52:19,731 [Time-limited test] INFO  rpc.RpcClient (RpcClient.java:createVolume(476)) - Creating Volume: vol-18110, with runner as owner and space quota set to -1 bytes, counts quota set to -1
2023-03-15 06:52:19,738 [OM StateMachine ApplyTransaction Thread - 0] INFO  volume.OMVolumeCreateRequest (OMVolumeCreateRequest.java:validateAndUpdateCache(195)) - created volume:vol-18110 for user:runner
2023-03-15 06:52:19,738 [OM StateMachine ApplyTransaction Thread - 0] INFO  volume.OMVolumeCreateRequest (OMVolumeCreateRequest.java:validateAndUpdateCache(195)) - created volume:vol-18110 for user:runner
2023-03-15 06:52:19,739 [OM StateMachine ApplyTransaction Thread - 0] INFO  volume.OMVolumeCreateRequest (OMVolumeCreateRequest.java:validateAndUpdateCache(195)) - created volume:vol-18110 for user:runner
2023-03-15 06:52:19,741 [Time-limited test] INFO  rpc.RpcClient (RpcClient.java:createBucket(698)) - Creating Bucket: vol-18110/buck-13288, with server-side default bucket layout, runner as owner, Versioning false, Storage Type set to DISK and Encryption set to false, Replication Type set to server-side default replication type, Namespace Quota set to -1, Space Quota set to -1 
2023-03-15 06:52:19,746 [OM StateMachine ApplyTransaction Thread - 0] INFO  bucket.OMBucketCreateRequest (OMBucketCreateRequest.java:validateAndUpdateCache(263)) - created bucket: buck-13288 of layout OBJECT_STORE in volume: vol-18110
2023-03-15 06:52:19,748 [OM StateMachine ApplyTransaction Thread - 0] INFO  bucket.OMBucketCreateRequest (OMBucketCreateRequest.java:validateAndUpdateCache(263)) - created bucket: buck-13288 of layout OBJECT_STORE in volume: vol-18110
2023-03-15 06:52:19,748 [Time-limited test] INFO  rpc.RpcClient (RpcClient.java:createBucket(698)) - Creating Bucket: vol-18110/buck-30499, with server-side default bucket layout, runner as owner, Versioning false, Storage Type set to DISK and Encryption set to false, Replication Type set to server-side default replication type, Namespace Quota set to -1, Space Quota set to -1 
2023-03-15 06:52:19,749 [OM StateMachine ApplyTransaction Thread - 0] INFO  bucket.OMBucketCreateRequest (OMBucketCreateRequest.java:validateAndUpdateCache(263)) - created bucket: buck-13288 of layout OBJECT_STORE in volume: vol-18110
2023-03-15 06:52:19,754 [OM StateMachine ApplyTransaction Thread - 0] INFO  bucket.OMBucketCreateRequest (OMBucketCreateRequest.java:validateAndUpdateCache(263)) - created bucket: buck-30499 of layout OBJECT_STORE in volume: vol-18110
2023-03-15 06:52:19,756 [OM StateMachine ApplyTransaction Thread - 0] INFO  bucket.OMBucketCreateRequest (OMBucketCreateRequest.java:validateAndUpdateCache(263)) - created bucket: buck-30499 of layout OBJECT_STORE in volume: vol-18110
2023-03-15 06:52:19,759 [OM StateMachine ApplyTransaction Thread - 0] INFO  bucket.OMBucketCreateRequest (OMBucketCreateRequest.java:validateAndUpdateCache(263)) - created bucket: buck-30499 of layout OBJECT_STORE in volume: vol-18110
2023-03-15 06:52:19,828 [OM StateMachine ApplyTransaction Thread - 0] INFO  snapshot.OMSnapshotCreateRequest (OMSnapshotCreateRequest.java:validateAndUpdateCache(204)) - Created snapshot 'snap72317' under path 'vol-18110/buck-13288'
2023-03-15 06:52:19,830 [OM StateMachine ApplyTransaction Thread - 0] INFO  snapshot.OMSnapshotCreateRequest (OMSnapshotCreateRequest.java:validateAndUpdateCache(204)) - Created snapshot 'snap72317' under path 'vol-18110/buck-13288'
2023-03-15 06:52:19,831 [OM StateMachine ApplyTransaction Thread - 0] INFO  snapshot.OMSnapshotCreateRequest (OMSnapshotCreateRequest.java:validateAndUpdateCache(204)) - Created snapshot 'snap72317' under path 'vol-18110/buck-13288'
2023-03-15 06:52:19,873 [OMDoubleBufferFlushThread] INFO  db.RDBCheckpointManager (RDBCheckpointManager.java:createCheckpoint(96)) - Created checkpoint in rocksDB at /home/runner/work/ozone/ozone/hadoop-ozone/integration-test/target/test-dir/MiniOzoneClusterImpl-e79b0a94-dba3-4ba8-a298-d2d15914ceac/omNode-1/db.snapshots/om.db-62d25ce7-9c1a-4e2e-95e1-4d263353bfbc in 43 milliseconds
2023-03-15 06:52:19,873 [OMDoubleBufferFlushThread] INFO  db.RDBCheckpointManager (RDBCheckpointManager.java:createCheckpoint(96)) - Created checkpoint in rocksDB at /home/runner/work/ozone/ozone/hadoop-ozone/integration-test/target/test-dir/MiniOzoneClusterImpl-e79b0a94-dba3-4ba8-a298-d2d15914ceac/omNode-3/db.snapshots/om.db-62d25ce7-9c1a-4e2e-95e1-4d263353bfbc in 41 milliseconds
2023-03-15 06:52:19,874 [OMDoubleBufferFlushThread] INFO  db.RDBCheckpointManager (RDBCheckpointManager.java:waitForCheckpointDirectoryExist(125)) - Waited for 0 milliseconds for checkpoint directory /home/runner/work/ozone/ozone/hadoop-ozone/integration-test/target/test-dir/MiniOzoneClusterImpl-e79b0a94-dba3-4ba8-a298-d2d15914ceac/omNode-1/db.snapshots/om.db-62d25ce7-9c1a-4e2e-95e1-4d263353bfbc availability.
2023-03-15 06:52:19,874 [OMDoubleBufferFlushThread] INFO  om.OmSnapshotManager (OmSnapshotManager.java:createOmSnapshotCheckpoint(170)) - Created checkpoint : /home/runner/work/ozone/ozone/hadoop-ozone/integration-test/target/test-dir/MiniOzoneClusterImpl-e79b0a94-dba3-4ba8-a298-d2d15914ceac/omNode-1/db.snapshots/om.db-62d25ce7-9c1a-4e2e-95e1-4d263353bfbc for snapshot snap72317
2023-03-15 06:52:19,875 [OMDoubleBufferFlushThread] INFO  db.RDBCheckpointManager (RDBCheckpointManager.java:waitForCheckpointDirectoryExist(125)) - Waited for 1 milliseconds for checkpoint directory /home/runner/work/ozone/ozone/hadoop-ozone/integration-test/target/test-dir/MiniOzoneClusterImpl-e79b0a94-dba3-4ba8-a298-d2d15914ceac/omNode-3/db.snapshots/om.db-62d25ce7-9c1a-4e2e-95e1-4d263353bfbc availability.
2023-03-15 06:52:19,875 [OMDoubleBufferFlushThread] INFO  om.OmSnapshotManager (OmSnapshotManager.java:createOmSnapshotCheckpoint(170)) - Created checkpoint : /home/runner/work/ozone/ozone/hadoop-ozone/integration-test/target/test-dir/MiniOzoneClusterImpl-e79b0a94-dba3-4ba8-a298-d2d15914ceac/omNode-3/db.snapshots/om.db-62d25ce7-9c1a-4e2e-95e1-4d263353bfbc for snapshot snap72317
2023-03-15 06:52:19,878 [OMDoubleBufferFlushThread] INFO  db.RDBCheckpointManager (RDBCheckpointManager.java:createCheckpoint(96)) - Created checkpoint in rocksDB at /home/runner/work/ozone/ozone/hadoop-ozone/integration-test/target/test-dir/MiniOzoneClusterImpl-e79b0a94-dba3-4ba8-a298-d2d15914ceac/omNode-2/db.snapshots/om.db-62d25ce7-9c1a-4e2e-95e1-4d263353bfbc in 45 milliseconds
2023-03-15 06:52:19,879 [OMDoubleBufferFlushThread] INFO  db.RDBCheckpointManager (RDBCheckpointManager.java:waitForCheckpointDirectoryExist(125)) - Waited for 1 milliseconds for checkpoint directory /home/runner/work/ozone/ozone/hadoop-ozone/integration-test/target/test-dir/MiniOzoneClusterImpl-e79b0a94-dba3-4ba8-a298-d2d15914ceac/omNode-2/db.snapshots/om.db-62d25ce7-9c1a-4e2e-95e1-4d263353bfbc availability.
2023-03-15 06:52:19,879 [OMDoubleBufferFlushThread] INFO  om.OmSnapshotManager (OmSnapshotManager.java:createOmSnapshotCheckpoint(170)) - Created checkpoint : /home/runner/work/ozone/ozone/hadoop-ozone/integration-test/target/test-dir/MiniOzoneClusterImpl-e79b0a94-dba3-4ba8-a298-d2d15914ceac/omNode-2/db.snapshots/om.db-62d25ce7-9c1a-4e2e-95e1-4d263353bfbc for snapshot snap72317
2023-03-15 06:52:20,991 [OM StateMachine ApplyTransaction Thread - 0] INFO  snapshot.OMSnapshotCreateRequest (OMSnapshotCreateRequest.java:validateAndUpdateCache(204)) - Created snapshot 'snap01563' under path 'vol-18110/buck-13288'
2023-03-15 06:52:20,992 [OM StateMachine ApplyTransaction Thread - 0] INFO  snapshot.OMSnapshotCreateRequest (OMSnapshotCreateRequest.java:validateAndUpdateCache(204)) - Created snapshot 'snap01563' under path 'vol-18110/buck-13288'
2023-03-15 06:52:20,995 [OM StateMachine ApplyTransaction Thread - 0] INFO  snapshot.OMSnapshotCreateRequest (OMSnapshotCreateRequest.java:validateAndUpdateCache(204)) - Created snapshot 'snap01563' under path 'vol-18110/buck-13288'
2023-03-15 06:52:21,024 [OMDoubleBufferFlushThread] INFO  db.RDBCheckpointManager (RDBCheckpointManager.java:createCheckpoint(96)) - Created checkpoint in rocksDB at /home/runner/work/ozone/ozone/hadoop-ozone/integration-test/target/test-dir/MiniOzoneClusterImpl-e79b0a94-dba3-4ba8-a298-d2d15914ceac/omNode-1/db.snapshots/om.db-46ac3469-e8de-493e-bd1e-da2a6065d7cd in 30 milliseconds
2023-03-15 06:52:21,026 [OMDoubleBufferFlushThread] INFO  db.RDBCheckpointManager (RDBCheckpointManager.java:waitForCheckpointDirectoryExist(125)) - Waited for 1 milliseconds for checkpoint directory /home/runner/work/ozone/ozone/hadoop-ozone/integration-test/target/test-dir/MiniOzoneClusterImpl-e79b0a94-dba3-4ba8-a298-d2d15914ceac/omNode-1/db.snapshots/om.db-46ac3469-e8de-493e-bd1e-da2a6065d7cd availability.
2023-03-15 06:52:21,026 [OMDoubleBufferFlushThread] INFO  om.OmSnapshotManager (OmSnapshotManager.java:createOmSnapshotCheckpoint(170)) - Created checkpoint : /home/runner/work/ozone/ozone/hadoop-ozone/integration-test/target/test-dir/MiniOzoneClusterImpl-e79b0a94-dba3-4ba8-a298-d2d15914ceac/omNode-1/db.snapshots/om.db-46ac3469-e8de-493e-bd1e-da2a6065d7cd for snapshot snap01563
2023-03-15 06:52:21,068 [OMDoubleBufferFlushThread] INFO  db.RDBCheckpointManager (RDBCheckpointManager.java:createCheckpoint(96)) - Created checkpoint in rocksDB at /home/runner/work/ozone/ozone/hadoop-ozone/integration-test/target/test-dir/MiniOzoneClusterImpl-e79b0a94-dba3-4ba8-a298-d2d15914ceac/omNode-3/db.snapshots/om.db-46ac3469-e8de-493e-bd1e-da2a6065d7cd in 74 milliseconds
2023-03-15 06:52:21,069 [OMDoubleBufferFlushThread] INFO  db.RDBCheckpointManager (RDBCheckpointManager.java:waitForCheckpointDirectoryExist(125)) - Waited for 0 milliseconds for checkpoint directory /home/runner/work/ozone/ozone/hadoop-ozone/integration-test/target/test-dir/MiniOzoneClusterImpl-e79b0a94-dba3-4ba8-a298-d2d15914ceac/omNode-3/db.snapshots/om.db-46ac3469-e8de-493e-bd1e-da2a6065d7cd availability.
2023-03-15 06:52:21,069 [OMDoubleBufferFlushThread] INFO  om.OmSnapshotManager (OmSnapshotManager.java:createOmSnapshotCheckpoint(170)) - Created checkpoint : /home/runner/work/ozone/ozone/hadoop-ozone/integration-test/target/test-dir/MiniOzoneClusterImpl-e79b0a94-dba3-4ba8-a298-d2d15914ceac/omNode-3/db.snapshots/om.db-46ac3469-e8de-493e-bd1e-da2a6065d7cd for snapshot snap01563
2023-03-15 06:52:21,071 [OMDoubleBufferFlushThread] INFO  db.RDBCheckpointManager (RDBCheckpointManager.java:createCheckpoint(96)) - Created checkpoint in rocksDB at /home/runner/work/ozone/ozone/hadoop-ozone/integration-test/target/test-dir/MiniOzoneClusterImpl-e79b0a94-dba3-4ba8-a298-d2d15914ceac/omNode-2/db.snapshots/om.db-46ac3469-e8de-493e-bd1e-da2a6065d7cd in 73 milliseconds
2023-03-15 06:52:21,072 [OMDoubleBufferFlushThread] INFO  db.RDBCheckpointManager (RDBCheckpointManager.java:waitForCheckpointDirectoryExist(125)) - Waited for 1 milliseconds for checkpoint directory /home/runner/work/ozone/ozone/hadoop-ozone/integration-test/target/test-dir/MiniOzoneClusterImpl-e79b0a94-dba3-4ba8-a298-d2d15914ceac/omNode-2/db.snapshots/om.db-46ac3469-e8de-493e-bd1e-da2a6065d7cd availability.
2023-03-15 06:52:21,072 [OMDoubleBufferFlushThread] INFO  om.OmSnapshotManager (OmSnapshotManager.java:createOmSnapshotCheckpoint(170)) - Created checkpoint : /home/runner/work/ozone/ozone/hadoop-ozone/integration-test/target/test-dir/MiniOzoneClusterImpl-e79b0a94-dba3-4ba8-a298-d2d15914ceac/omNode-2/db.snapshots/om.db-46ac3469-e8de-493e-bd1e-da2a6065d7cd for snapshot snap01563
2023-03-15 06:52:21,999 [IPC Server handler 17 on default port 41075] WARN  server.ServerUtils (ServerUtils.java:getDBPath(225)) - ozone.om.db.dirs is not configured. We recommend adding this setting. Falling back to ozone.metadata.dirs instead.
2023-03-15 06:52:22,000 [IPC Server handler 17 on default port 41075] INFO  codec.OmKeyInfoCodec (OmKeyInfoCodec.java:<init>(49)) - OmKeyInfoCodec ignorePipeline = true
2023-03-15 06:52:22,000 [IPC Server handler 17 on default port 41075] INFO  codec.RepeatedOmKeyInfoCodec (RepeatedOmKeyInfoCodec.java:<init>(41)) - RepeatedOmKeyInfoCodec ignorePipeline = true
2023-03-15 06:52:22,104 [IPC Server handler 17 on default port 41075] INFO  audit.AuditLogger (AuditLogger.java:refreshDebugCmdSet(126)) - Refresh DebugCmdSet for OMAudit to [].
2023-03-15 06:52:22,107 [IPC Server handler 17 on default port 41075] WARN  server.ServerUtils (ServerUtils.java:getDBPath(225)) - ozone.om.db.dirs is not configured. We recommend adding this setting. Falling back to ozone.metadata.dirs instead.
2023-03-15 06:52:22,107 [IPC Server handler 17 on default port 41075] INFO  codec.OmKeyInfoCodec (OmKeyInfoCodec.java:<init>(49)) - OmKeyInfoCodec ignorePipeline = true
2023-03-15 06:52:22,107 [IPC Server handler 17 on default port 41075] INFO  codec.RepeatedOmKeyInfoCodec (RepeatedOmKeyInfoCodec.java:<init>(41)) - RepeatedOmKeyInfoCodec ignorePipeline = true
]]></system-out>
  </testcase>
  <testcase name="testSnapDiffMultipleBuckets" classname="TestOmSnapshot" time="2.359">
    <system-out><![CDATA[2023-03-15 06:53:18,494 [Time-limited test] INFO  rpc.RpcClient (RpcClient.java:createVolume(476)) - Creating Volume: vol-09236, with runner as owner and space quota set to -1 bytes, counts quota set to -1
2023-03-15 06:53:18,497 [OM StateMachine ApplyTransaction Thread - 0] INFO  volume.OMVolumeCreateRequest (OMVolumeCreateRequest.java:validateAndUpdateCache(195)) - created volume:vol-09236 for user:runner
2023-03-15 06:53:18,498 [OM StateMachine ApplyTransaction Thread - 0] INFO  volume.OMVolumeCreateRequest (OMVolumeCreateRequest.java:validateAndUpdateCache(195)) - created volume:vol-09236 for user:runner
2023-03-15 06:53:18,499 [Time-limited test] INFO  rpc.RpcClient (RpcClient.java:createBucket(698)) - Creating Bucket: vol-09236/buck-18263, with server-side default bucket layout, runner as owner, Versioning false, Storage Type set to DISK and Encryption set to false, Replication Type set to server-side default replication type, Namespace Quota set to -1, Space Quota set to -1 
2023-03-15 06:53:18,500 [OM StateMachine ApplyTransaction Thread - 0] INFO  volume.OMVolumeCreateRequest (OMVolumeCreateRequest.java:validateAndUpdateCache(195)) - created volume:vol-09236 for user:runner
2023-03-15 06:53:18,502 [OM StateMachine ApplyTransaction Thread - 0] INFO  bucket.OMBucketCreateRequest (OMBucketCreateRequest.java:validateAndUpdateCache(263)) - created bucket: buck-18263 of layout FILE_SYSTEM_OPTIMIZED in volume: vol-09236
2023-03-15 06:53:18,502 [Time-limited test] INFO  rpc.RpcClient (RpcClient.java:createBucket(698)) - Creating Bucket: vol-09236/buck-45441, with server-side default bucket layout, runner as owner, Versioning false, Storage Type set to DISK and Encryption set to false, Replication Type set to server-side default replication type, Namespace Quota set to -1, Space Quota set to -1 
2023-03-15 06:53:18,504 [OM StateMachine ApplyTransaction Thread - 0] INFO  bucket.OMBucketCreateRequest (OMBucketCreateRequest.java:validateAndUpdateCache(263)) - created bucket: buck-18263 of layout FILE_SYSTEM_OPTIMIZED in volume: vol-09236
2023-03-15 06:53:18,504 [OM StateMachine ApplyTransaction Thread - 0] INFO  bucket.OMBucketCreateRequest (OMBucketCreateRequest.java:validateAndUpdateCache(263)) - created bucket: buck-18263 of layout FILE_SYSTEM_OPTIMIZED in volume: vol-09236
2023-03-15 06:53:18,506 [OM StateMachine ApplyTransaction Thread - 0] INFO  bucket.OMBucketCreateRequest (OMBucketCreateRequest.java:validateAndUpdateCache(263)) - created bucket: buck-45441 of layout FILE_SYSTEM_OPTIMIZED in volume: vol-09236
2023-03-15 06:53:18,508 [OM StateMachine ApplyTransaction Thread - 0] INFO  bucket.OMBucketCreateRequest (OMBucketCreateRequest.java:validateAndUpdateCache(263)) - created bucket: buck-45441 of layout FILE_SYSTEM_OPTIMIZED in volume: vol-09236
2023-03-15 06:53:18,509 [OM StateMachine ApplyTransaction Thread - 0] INFO  bucket.OMBucketCreateRequest (OMBucketCreateRequest.java:validateAndUpdateCache(263)) - created bucket: buck-45441 of layout FILE_SYSTEM_OPTIMIZED in volume: vol-09236
2023-03-15 06:53:18,547 [OM StateMachine ApplyTransaction Thread - 0] INFO  snapshot.OMSnapshotCreateRequest (OMSnapshotCreateRequest.java:validateAndUpdateCache(204)) - Created snapshot 'snap36834' under path 'vol-09236/buck-18263'
2023-03-15 06:53:18,549 [OM StateMachine ApplyTransaction Thread - 0] INFO  snapshot.OMSnapshotCreateRequest (OMSnapshotCreateRequest.java:validateAndUpdateCache(204)) - Created snapshot 'snap36834' under path 'vol-09236/buck-18263'
2023-03-15 06:53:18,550 [OM StateMachine ApplyTransaction Thread - 0] INFO  snapshot.OMSnapshotCreateRequest (OMSnapshotCreateRequest.java:validateAndUpdateCache(204)) - Created snapshot 'snap36834' under path 'vol-09236/buck-18263'
2023-03-15 06:53:18,600 [OMDoubleBufferFlushThread] INFO  db.RDBCheckpointManager (RDBCheckpointManager.java:createCheckpoint(96)) - Created checkpoint in rocksDB at /home/runner/work/ozone/ozone/hadoop-ozone/integration-test/target/test-dir/MiniOzoneClusterImpl-8d40f1f0-3e23-4273-879b-a609159ae6a4/omNode-1/db.snapshots/om.db-0d48163a-7a48-499d-847e-f28f8cb1bf24 in 43 milliseconds
2023-03-15 06:53:18,601 [OMDoubleBufferFlushThread] INFO  db.RDBCheckpointManager (RDBCheckpointManager.java:waitForCheckpointDirectoryExist(125)) - Waited for 0 milliseconds for checkpoint directory /home/runner/work/ozone/ozone/hadoop-ozone/integration-test/target/test-dir/MiniOzoneClusterImpl-8d40f1f0-3e23-4273-879b-a609159ae6a4/omNode-1/db.snapshots/om.db-0d48163a-7a48-499d-847e-f28f8cb1bf24 availability.
2023-03-15 06:53:18,601 [OMDoubleBufferFlushThread] INFO  om.OmSnapshotManager (OmSnapshotManager.java:createOmSnapshotCheckpoint(170)) - Created checkpoint : /home/runner/work/ozone/ozone/hadoop-ozone/integration-test/target/test-dir/MiniOzoneClusterImpl-8d40f1f0-3e23-4273-879b-a609159ae6a4/omNode-1/db.snapshots/om.db-0d48163a-7a48-499d-847e-f28f8cb1bf24 for snapshot snap36834
2023-03-15 06:53:18,606 [OMDoubleBufferFlushThread] INFO  db.RDBCheckpointManager (RDBCheckpointManager.java:createCheckpoint(96)) - Created checkpoint in rocksDB at /home/runner/work/ozone/ozone/hadoop-ozone/integration-test/target/test-dir/MiniOzoneClusterImpl-8d40f1f0-3e23-4273-879b-a609159ae6a4/omNode-3/db.snapshots/om.db-0d48163a-7a48-499d-847e-f28f8cb1bf24 in 49 milliseconds
2023-03-15 06:53:18,607 [OMDoubleBufferFlushThread] INFO  db.RDBCheckpointManager (RDBCheckpointManager.java:waitForCheckpointDirectoryExist(125)) - Waited for 1 milliseconds for checkpoint directory /home/runner/work/ozone/ozone/hadoop-ozone/integration-test/target/test-dir/MiniOzoneClusterImpl-8d40f1f0-3e23-4273-879b-a609159ae6a4/omNode-3/db.snapshots/om.db-0d48163a-7a48-499d-847e-f28f8cb1bf24 availability.
2023-03-15 06:53:18,607 [OMDoubleBufferFlushThread] INFO  om.OmSnapshotManager (OmSnapshotManager.java:createOmSnapshotCheckpoint(170)) - Created checkpoint : /home/runner/work/ozone/ozone/hadoop-ozone/integration-test/target/test-dir/MiniOzoneClusterImpl-8d40f1f0-3e23-4273-879b-a609159ae6a4/omNode-3/db.snapshots/om.db-0d48163a-7a48-499d-847e-f28f8cb1bf24 for snapshot snap36834
2023-03-15 06:53:18,612 [OMDoubleBufferFlushThread] INFO  db.RDBCheckpointManager (RDBCheckpointManager.java:createCheckpoint(96)) - Created checkpoint in rocksDB at /home/runner/work/ozone/ozone/hadoop-ozone/integration-test/target/test-dir/MiniOzoneClusterImpl-8d40f1f0-3e23-4273-879b-a609159ae6a4/omNode-2/db.snapshots/om.db-0d48163a-7a48-499d-847e-f28f8cb1bf24 in 54 milliseconds
2023-03-15 06:53:18,613 [OMDoubleBufferFlushThread] INFO  db.RDBCheckpointManager (RDBCheckpointManager.java:waitForCheckpointDirectoryExist(125)) - Waited for 1 milliseconds for checkpoint directory /home/runner/work/ozone/ozone/hadoop-ozone/integration-test/target/test-dir/MiniOzoneClusterImpl-8d40f1f0-3e23-4273-879b-a609159ae6a4/omNode-2/db.snapshots/om.db-0d48163a-7a48-499d-847e-f28f8cb1bf24 availability.
2023-03-15 06:53:18,613 [OMDoubleBufferFlushThread] INFO  om.OmSnapshotManager (OmSnapshotManager.java:createOmSnapshotCheckpoint(170)) - Created checkpoint : /home/runner/work/ozone/ozone/hadoop-ozone/integration-test/target/test-dir/MiniOzoneClusterImpl-8d40f1f0-3e23-4273-879b-a609159ae6a4/omNode-2/db.snapshots/om.db-0d48163a-7a48-499d-847e-f28f8cb1bf24 for snapshot snap36834
2023-03-15 06:53:19,685 [OM StateMachine ApplyTransaction Thread - 0] INFO  snapshot.OMSnapshotCreateRequest (OMSnapshotCreateRequest.java:validateAndUpdateCache(204)) - Created snapshot 'snap92372' under path 'vol-09236/buck-18263'
2023-03-15 06:53:19,689 [OM StateMachine ApplyTransaction Thread - 0] INFO  snapshot.OMSnapshotCreateRequest (OMSnapshotCreateRequest.java:validateAndUpdateCache(204)) - Created snapshot 'snap92372' under path 'vol-09236/buck-18263'
2023-03-15 06:53:19,689 [OM StateMachine ApplyTransaction Thread - 0] INFO  snapshot.OMSnapshotCreateRequest (OMSnapshotCreateRequest.java:validateAndUpdateCache(204)) - Created snapshot 'snap92372' under path 'vol-09236/buck-18263'
2023-03-15 06:53:19,739 [OMDoubleBufferFlushThread] INFO  db.RDBCheckpointManager (RDBCheckpointManager.java:createCheckpoint(96)) - Created checkpoint in rocksDB at /home/runner/work/ozone/ozone/hadoop-ozone/integration-test/target/test-dir/MiniOzoneClusterImpl-8d40f1f0-3e23-4273-879b-a609159ae6a4/omNode-1/db.snapshots/om.db-5de491ab-41f9-447d-afbd-efb86004ac8f in 52 milliseconds
2023-03-15 06:53:19,740 [OMDoubleBufferFlushThread] INFO  db.RDBCheckpointManager (RDBCheckpointManager.java:waitForCheckpointDirectoryExist(125)) - Waited for 1 milliseconds for checkpoint directory /home/runner/work/ozone/ozone/hadoop-ozone/integration-test/target/test-dir/MiniOzoneClusterImpl-8d40f1f0-3e23-4273-879b-a609159ae6a4/omNode-1/db.snapshots/om.db-5de491ab-41f9-447d-afbd-efb86004ac8f availability.
2023-03-15 06:53:19,740 [OMDoubleBufferFlushThread] INFO  om.OmSnapshotManager (OmSnapshotManager.java:createOmSnapshotCheckpoint(170)) - Created checkpoint : /home/runner/work/ozone/ozone/hadoop-ozone/integration-test/target/test-dir/MiniOzoneClusterImpl-8d40f1f0-3e23-4273-879b-a609159ae6a4/omNode-1/db.snapshots/om.db-5de491ab-41f9-447d-afbd-efb86004ac8f for snapshot snap92372
2023-03-15 06:53:19,751 [OMDoubleBufferFlushThread] INFO  db.RDBCheckpointManager (RDBCheckpointManager.java:createCheckpoint(96)) - Created checkpoint in rocksDB at /home/runner/work/ozone/ozone/hadoop-ozone/integration-test/target/test-dir/MiniOzoneClusterImpl-8d40f1f0-3e23-4273-879b-a609159ae6a4/omNode-3/db.snapshots/om.db-5de491ab-41f9-447d-afbd-efb86004ac8f in 46 milliseconds
2023-03-15 06:53:19,752 [OMDoubleBufferFlushThread] INFO  db.RDBCheckpointManager (RDBCheckpointManager.java:waitForCheckpointDirectoryExist(125)) - Waited for 1 milliseconds for checkpoint directory /home/runner/work/ozone/ozone/hadoop-ozone/integration-test/target/test-dir/MiniOzoneClusterImpl-8d40f1f0-3e23-4273-879b-a609159ae6a4/omNode-3/db.snapshots/om.db-5de491ab-41f9-447d-afbd-efb86004ac8f availability.
2023-03-15 06:53:19,752 [OMDoubleBufferFlushThread] INFO  om.OmSnapshotManager (OmSnapshotManager.java:createOmSnapshotCheckpoint(170)) - Created checkpoint : /home/runner/work/ozone/ozone/hadoop-ozone/integration-test/target/test-dir/MiniOzoneClusterImpl-8d40f1f0-3e23-4273-879b-a609159ae6a4/omNode-3/db.snapshots/om.db-5de491ab-41f9-447d-afbd-efb86004ac8f for snapshot snap92372
2023-03-15 06:53:19,752 [OMDoubleBufferFlushThread] INFO  db.RDBCheckpointManager (RDBCheckpointManager.java:createCheckpoint(96)) - Created checkpoint in rocksDB at /home/runner/work/ozone/ozone/hadoop-ozone/integration-test/target/test-dir/MiniOzoneClusterImpl-8d40f1f0-3e23-4273-879b-a609159ae6a4/omNode-2/db.snapshots/om.db-5de491ab-41f9-447d-afbd-efb86004ac8f in 47 milliseconds
2023-03-15 06:53:19,753 [OMDoubleBufferFlushThread] INFO  db.RDBCheckpointManager (RDBCheckpointManager.java:waitForCheckpointDirectoryExist(125)) - Waited for 0 milliseconds for checkpoint directory /home/runner/work/ozone/ozone/hadoop-ozone/integration-test/target/test-dir/MiniOzoneClusterImpl-8d40f1f0-3e23-4273-879b-a609159ae6a4/omNode-2/db.snapshots/om.db-5de491ab-41f9-447d-afbd-efb86004ac8f availability.
2023-03-15 06:53:19,753 [OMDoubleBufferFlushThread] INFO  om.OmSnapshotManager (OmSnapshotManager.java:createOmSnapshotCheckpoint(170)) - Created checkpoint : /home/runner/work/ozone/ozone/hadoop-ozone/integration-test/target/test-dir/MiniOzoneClusterImpl-8d40f1f0-3e23-4273-879b-a609159ae6a4/omNode-2/db.snapshots/om.db-5de491ab-41f9-447d-afbd-efb86004ac8f for snapshot snap92372
2023-03-15 06:53:20,687 [IPC Server handler 0 on default port 34801] WARN  server.ServerUtils (ServerUtils.java:getDBPath(225)) - ozone.om.db.dirs is not configured. We recommend adding this setting. Falling back to ozone.metadata.dirs instead.
2023-03-15 06:53:20,688 [IPC Server handler 0 on default port 34801] INFO  codec.OmKeyInfoCodec (OmKeyInfoCodec.java:<init>(49)) - OmKeyInfoCodec ignorePipeline = true
2023-03-15 06:53:20,688 [IPC Server handler 0 on default port 34801] INFO  codec.RepeatedOmKeyInfoCodec (RepeatedOmKeyInfoCodec.java:<init>(41)) - RepeatedOmKeyInfoCodec ignorePipeline = true
2023-03-15 06:53:20,712 [IPC Server handler 0 on default port 34801] WARN  server.ServerUtils (ServerUtils.java:getDBPath(225)) - ozone.om.db.dirs is not configured. We recommend adding this setting. Falling back to ozone.metadata.dirs instead.
2023-03-15 06:53:20,712 [IPC Server handler 0 on default port 34801] INFO  codec.OmKeyInfoCodec (OmKeyInfoCodec.java:<init>(49)) - OmKeyInfoCodec ignorePipeline = true
2023-03-15 06:53:20,713 [IPC Server handler 0 on default port 34801] INFO  codec.RepeatedOmKeyInfoCodec (RepeatedOmKeyInfoCodec.java:<init>(41)) - RepeatedOmKeyInfoCodec ignorePipeline = true
]]></system-out>
  </testcase>
  <testcase name="testSnapDiffMultipleBuckets" classname="TestOmSnapshot" time="2.281">
    <system-out><![CDATA[06:54:17.427 [OM StateMachine ApplyTransaction Thread - 0] ERROR OMAudit - user=runner | ip=127.0.0.1 | op=DELETE_SNAPSHOT {volume=vol-94089, bucket=buck-28477, snapshotName=snapnonexistent} | ret=FAILURE
org.apache.hadoop.ozone.om.exceptions.OMException: Snapshot does not exist
	at org.apache.hadoop.ozone.om.request.snapshot.OMSnapshotDeleteRequest.validateAndUpdateCache(OMSnapshotDeleteRequest.java:153) ~[ozone-manager-1.4.0-SNAPSHOT.jar:?]
	at org.apache.hadoop.ozone.protocolPB.OzoneManagerRequestHandler.handleWriteRequest(OzoneManagerRequestHandler.java:337) ~[ozone-manager-1.4.0-SNAPSHOT.jar:?]
	at org.apache.hadoop.ozone.om.ratis.OzoneManagerStateMachine.runCommand(OzoneManagerStateMachine.java:533) ~[ozone-manager-1.4.0-SNAPSHOT.jar:?]
	at org.apache.hadoop.ozone.om.ratis.OzoneManagerStateMachine.lambda$1(OzoneManagerStateMachine.java:324) ~[ozone-manager-1.4.0-SNAPSHOT.jar:?]
	at java.util.concurrent.CompletableFuture$AsyncSupply.run(CompletableFuture.java:1604) [?:1.8.0_362]
	at java.util.concurrent.ThreadPoolExecutor.runWorker(ThreadPoolExecutor.java:1149) [?:1.8.0_362]
	at java.util.concurrent.ThreadPoolExecutor$Worker.run(ThreadPoolExecutor.java:624) [?:1.8.0_362]
	at java.lang.Thread.run(Thread.java:750) [?:1.8.0_362]
2023-03-15 06:54:17,429 [OM StateMachine ApplyTransaction Thread - 0] ERROR snapshot.OMSnapshotDeleteRequest (OMSnapshotDeleteRequest.java:validateAndUpdateCache(221)) - Failed to delete snapshot 'snapnonexistent' under path 'vol-94089/buck-28477'
06:54:17.429 [OM StateMachine ApplyTransaction Thread - 0] ERROR OMAudit - user=runner | ip=127.0.0.1 | op=DELETE_SNAPSHOT {volume=vol-94089, bucket=buck-28477, snapshotName=snapnonexistent} | ret=FAILURE
org.apache.hadoop.ozone.om.exceptions.OMException: Snapshot does not exist
	at org.apache.hadoop.ozone.om.request.snapshot.OMSnapshotDeleteRequest.validateAndUpdateCache(OMSnapshotDeleteRequest.java:153) ~[ozone-manager-1.4.0-SNAPSHOT.jar:?]
	at org.apache.hadoop.ozone.protocolPB.OzoneManagerRequestHandler.handleWriteRequest(OzoneManagerRequestHandler.java:337) ~[ozone-manager-1.4.0-SNAPSHOT.jar:?]
	at org.apache.hadoop.ozone.om.ratis.OzoneManagerStateMachine.runCommand(OzoneManagerStateMachine.java:533) ~[ozone-manager-1.4.0-SNAPSHOT.jar:?]
	at org.apache.hadoop.ozone.om.ratis.OzoneManagerStateMachine.lambda$1(OzoneManagerStateMachine.java:324) ~[ozone-manager-1.4.0-SNAPSHOT.jar:?]
	at java.util.concurrent.CompletableFuture$AsyncSupply.run(CompletableFuture.java:1604) [?:1.8.0_362]
	at java.util.concurrent.ThreadPoolExecutor.runWorker(ThreadPoolExecutor.java:1149) [?:1.8.0_362]
	at java.util.concurrent.ThreadPoolExecutor$Worker.run(ThreadPoolExecutor.java:624) [?:1.8.0_362]
	at java.lang.Thread.run(Thread.java:750) [?:1.8.0_362]
2023-03-15 06:54:17,429 [OM StateMachine ApplyTransaction Thread - 0] ERROR snapshot.OMSnapshotDeleteRequest (OMSnapshotDeleteRequest.java:validateAndUpdateCache(221)) - Failed to delete snapshot 'snapnonexistent' under path 'vol-94089/buck-28477'
2023-03-15 06:54:17,430 [Time-limited test] INFO  rpc.RpcClient (RpcClient.java:createVolume(476)) - Creating Volume: vol-60535, with runner as owner and space quota set to -1 bytes, counts quota set to -1
2023-03-15 06:54:17,433 [OM StateMachine ApplyTransaction Thread - 0] INFO  volume.OMVolumeCreateRequest (OMVolumeCreateRequest.java:validateAndUpdateCache(195)) - created volume:vol-60535 for user:runner
2023-03-15 06:54:17,434 [OM StateMachine ApplyTransaction Thread - 0] INFO  volume.OMVolumeCreateRequest (OMVolumeCreateRequest.java:validateAndUpdateCache(195)) - created volume:vol-60535 for user:runner
2023-03-15 06:54:17,434 [OM StateMachine ApplyTransaction Thread - 0] INFO  volume.OMVolumeCreateRequest (OMVolumeCreateRequest.java:validateAndUpdateCache(195)) - created volume:vol-60535 for user:runner
2023-03-15 06:54:17,435 [Time-limited test] INFO  rpc.RpcClient (RpcClient.java:createBucket(698)) - Creating Bucket: vol-60535/buck-61864, with server-side default bucket layout, runner as owner, Versioning false, Storage Type set to DISK and Encryption set to false, Replication Type set to server-side default replication type, Namespace Quota set to -1, Space Quota set to -1 
2023-03-15 06:54:17,437 [OM StateMachine ApplyTransaction Thread - 0] INFO  bucket.OMBucketCreateRequest (OMBucketCreateRequest.java:validateAndUpdateCache(263)) - created bucket: buck-61864 of layout LEGACY in volume: vol-60535
2023-03-15 06:54:17,438 [Time-limited test] INFO  rpc.RpcClient (RpcClient.java:createBucket(698)) - Creating Bucket: vol-60535/buck-72903, with server-side default bucket layout, runner as owner, Versioning false, Storage Type set to DISK and Encryption set to false, Replication Type set to server-side default replication type, Namespace Quota set to -1, Space Quota set to -1 
2023-03-15 06:54:17,439 [OM StateMachine ApplyTransaction Thread - 0] INFO  bucket.OMBucketCreateRequest (OMBucketCreateRequest.java:validateAndUpdateCache(263)) - created bucket: buck-61864 of layout LEGACY in volume: vol-60535
2023-03-15 06:54:17,439 [OM StateMachine ApplyTransaction Thread - 0] INFO  bucket.OMBucketCreateRequest (OMBucketCreateRequest.java:validateAndUpdateCache(263)) - created bucket: buck-61864 of layout LEGACY in volume: vol-60535
2023-03-15 06:54:17,441 [OM StateMachine ApplyTransaction Thread - 0] INFO  bucket.OMBucketCreateRequest (OMBucketCreateRequest.java:validateAndUpdateCache(263)) - created bucket: buck-72903 of layout LEGACY in volume: vol-60535
2023-03-15 06:54:17,442 [OM StateMachine ApplyTransaction Thread - 0] INFO  bucket.OMBucketCreateRequest (OMBucketCreateRequest.java:validateAndUpdateCache(263)) - created bucket: buck-72903 of layout LEGACY in volume: vol-60535
2023-03-15 06:54:17,443 [OM StateMachine ApplyTransaction Thread - 0] INFO  bucket.OMBucketCreateRequest (OMBucketCreateRequest.java:validateAndUpdateCache(263)) - created bucket: buck-72903 of layout LEGACY in volume: vol-60535
2023-03-15 06:54:17,491 [OM StateMachine ApplyTransaction Thread - 0] INFO  snapshot.OMSnapshotCreateRequest (OMSnapshotCreateRequest.java:validateAndUpdateCache(204)) - Created snapshot 'snap09263' under path 'vol-60535/buck-61864'
2023-03-15 06:54:17,491 [OM StateMachine ApplyTransaction Thread - 0] INFO  snapshot.OMSnapshotCreateRequest (OMSnapshotCreateRequest.java:validateAndUpdateCache(204)) - Created snapshot 'snap09263' under path 'vol-60535/buck-61864'
2023-03-15 06:54:17,492 [OM StateMachine ApplyTransaction Thread - 0] INFO  snapshot.OMSnapshotCreateRequest (OMSnapshotCreateRequest.java:validateAndUpdateCache(204)) - Created snapshot 'snap09263' under path 'vol-60535/buck-61864'
2023-03-15 06:54:17,529 [OMDoubleBufferFlushThread] INFO  db.RDBCheckpointManager (RDBCheckpointManager.java:createCheckpoint(96)) - Created checkpoint in rocksDB at /home/runner/work/ozone/ozone/hadoop-ozone/integration-test/target/test-dir/MiniOzoneClusterImpl-88c1a39f-978e-429a-824f-6eda176bb531/omNode-3/db.snapshots/om.db-c26c6a19-ea70-47bc-aa0a-4f32b6223f69 in 36 milliseconds
2023-03-15 06:54:17,529 [OMDoubleBufferFlushThread] INFO  db.RDBCheckpointManager (RDBCheckpointManager.java:waitForCheckpointDirectoryExist(125)) - Waited for 0 milliseconds for checkpoint directory /home/runner/work/ozone/ozone/hadoop-ozone/integration-test/target/test-dir/MiniOzoneClusterImpl-88c1a39f-978e-429a-824f-6eda176bb531/omNode-3/db.snapshots/om.db-c26c6a19-ea70-47bc-aa0a-4f32b6223f69 availability.
2023-03-15 06:54:17,530 [OMDoubleBufferFlushThread] INFO  om.OmSnapshotManager (OmSnapshotManager.java:createOmSnapshotCheckpoint(170)) - Created checkpoint : /home/runner/work/ozone/ozone/hadoop-ozone/integration-test/target/test-dir/MiniOzoneClusterImpl-88c1a39f-978e-429a-824f-6eda176bb531/omNode-3/db.snapshots/om.db-c26c6a19-ea70-47bc-aa0a-4f32b6223f69 for snapshot snap09263
2023-03-15 06:54:17,535 [OMDoubleBufferFlushThread] INFO  db.RDBCheckpointManager (RDBCheckpointManager.java:createCheckpoint(96)) - Created checkpoint in rocksDB at /home/runner/work/ozone/ozone/hadoop-ozone/integration-test/target/test-dir/MiniOzoneClusterImpl-88c1a39f-978e-429a-824f-6eda176bb531/omNode-1/db.snapshots/om.db-c26c6a19-ea70-47bc-aa0a-4f32b6223f69 in 43 milliseconds
2023-03-15 06:54:17,535 [OMDoubleBufferFlushThread] INFO  db.RDBCheckpointManager (RDBCheckpointManager.java:waitForCheckpointDirectoryExist(125)) - Waited for 0 milliseconds for checkpoint directory /home/runner/work/ozone/ozone/hadoop-ozone/integration-test/target/test-dir/MiniOzoneClusterImpl-88c1a39f-978e-429a-824f-6eda176bb531/omNode-1/db.snapshots/om.db-c26c6a19-ea70-47bc-aa0a-4f32b6223f69 availability.
2023-03-15 06:54:17,535 [OMDoubleBufferFlushThread] INFO  om.OmSnapshotManager (OmSnapshotManager.java:createOmSnapshotCheckpoint(170)) - Created checkpoint : /home/runner/work/ozone/ozone/hadoop-ozone/integration-test/target/test-dir/MiniOzoneClusterImpl-88c1a39f-978e-429a-824f-6eda176bb531/omNode-1/db.snapshots/om.db-c26c6a19-ea70-47bc-aa0a-4f32b6223f69 for snapshot snap09263
2023-03-15 06:54:17,538 [OMDoubleBufferFlushThread] INFO  db.RDBCheckpointManager (RDBCheckpointManager.java:createCheckpoint(96)) - Created checkpoint in rocksDB at /home/runner/work/ozone/ozone/hadoop-ozone/integration-test/target/test-dir/MiniOzoneClusterImpl-88c1a39f-978e-429a-824f-6eda176bb531/omNode-2/db.snapshots/om.db-c26c6a19-ea70-47bc-aa0a-4f32b6223f69 in 43 milliseconds
2023-03-15 06:54:17,539 [OMDoubleBufferFlushThread] INFO  db.RDBCheckpointManager (RDBCheckpointManager.java:waitForCheckpointDirectoryExist(125)) - Waited for 0 milliseconds for checkpoint directory /home/runner/work/ozone/ozone/hadoop-ozone/integration-test/target/test-dir/MiniOzoneClusterImpl-88c1a39f-978e-429a-824f-6eda176bb531/omNode-2/db.snapshots/om.db-c26c6a19-ea70-47bc-aa0a-4f32b6223f69 availability.
2023-03-15 06:54:17,539 [OMDoubleBufferFlushThread] INFO  om.OmSnapshotManager (OmSnapshotManager.java:createOmSnapshotCheckpoint(170)) - Created checkpoint : /home/runner/work/ozone/ozone/hadoop-ozone/integration-test/target/test-dir/MiniOzoneClusterImpl-88c1a39f-978e-429a-824f-6eda176bb531/omNode-2/db.snapshots/om.db-c26c6a19-ea70-47bc-aa0a-4f32b6223f69 for snapshot snap09263
2023-03-15 06:54:18,577 [OM StateMachine ApplyTransaction Thread - 0] INFO  snapshot.OMSnapshotCreateRequest (OMSnapshotCreateRequest.java:validateAndUpdateCache(204)) - Created snapshot 'snap39260' under path 'vol-60535/buck-61864'
2023-03-15 06:54:18,578 [OM StateMachine ApplyTransaction Thread - 0] INFO  snapshot.OMSnapshotCreateRequest (OMSnapshotCreateRequest.java:validateAndUpdateCache(204)) - Created snapshot 'snap39260' under path 'vol-60535/buck-61864'
2023-03-15 06:54:18,579 [OM StateMachine ApplyTransaction Thread - 0] INFO  snapshot.OMSnapshotCreateRequest (OMSnapshotCreateRequest.java:validateAndUpdateCache(204)) - Created snapshot 'snap39260' under path 'vol-60535/buck-61864'
2023-03-15 06:54:18,607 [OMDoubleBufferFlushThread] INFO  db.RDBCheckpointManager (RDBCheckpointManager.java:createCheckpoint(96)) - Created checkpoint in rocksDB at /home/runner/work/ozone/ozone/hadoop-ozone/integration-test/target/test-dir/MiniOzoneClusterImpl-88c1a39f-978e-429a-824f-6eda176bb531/omNode-3/db.snapshots/om.db-13231a92-6a10-4514-9677-5ceb42169385 in 28 milliseconds
2023-03-15 06:54:18,612 [OMDoubleBufferFlushThread] INFO  db.RDBCheckpointManager (RDBCheckpointManager.java:waitForCheckpointDirectoryExist(125)) - Waited for 5 milliseconds for checkpoint directory /home/runner/work/ozone/ozone/hadoop-ozone/integration-test/target/test-dir/MiniOzoneClusterImpl-88c1a39f-978e-429a-824f-6eda176bb531/omNode-3/db.snapshots/om.db-13231a92-6a10-4514-9677-5ceb42169385 availability.
2023-03-15 06:54:18,612 [OMDoubleBufferFlushThread] INFO  om.OmSnapshotManager (OmSnapshotManager.java:createOmSnapshotCheckpoint(170)) - Created checkpoint : /home/runner/work/ozone/ozone/hadoop-ozone/integration-test/target/test-dir/MiniOzoneClusterImpl-88c1a39f-978e-429a-824f-6eda176bb531/omNode-3/db.snapshots/om.db-13231a92-6a10-4514-9677-5ceb42169385 for snapshot snap39260
2023-03-15 06:54:18,617 [OMDoubleBufferFlushThread] INFO  db.RDBCheckpointManager (RDBCheckpointManager.java:createCheckpoint(96)) - Created checkpoint in rocksDB at /home/runner/work/ozone/ozone/hadoop-ozone/integration-test/target/test-dir/MiniOzoneClusterImpl-88c1a39f-978e-429a-824f-6eda176bb531/omNode-2/db.snapshots/om.db-13231a92-6a10-4514-9677-5ceb42169385 in 38 milliseconds
2023-03-15 06:54:18,619 [OMDoubleBufferFlushThread] INFO  db.RDBCheckpointManager (RDBCheckpointManager.java:waitForCheckpointDirectoryExist(125)) - Waited for 2 milliseconds for checkpoint directory /home/runner/work/ozone/ozone/hadoop-ozone/integration-test/target/test-dir/MiniOzoneClusterImpl-88c1a39f-978e-429a-824f-6eda176bb531/omNode-2/db.snapshots/om.db-13231a92-6a10-4514-9677-5ceb42169385 availability.
2023-03-15 06:54:18,620 [OMDoubleBufferFlushThread] INFO  om.OmSnapshotManager (OmSnapshotManager.java:createOmSnapshotCheckpoint(170)) - Created checkpoint : /home/runner/work/ozone/ozone/hadoop-ozone/integration-test/target/test-dir/MiniOzoneClusterImpl-88c1a39f-978e-429a-824f-6eda176bb531/omNode-2/db.snapshots/om.db-13231a92-6a10-4514-9677-5ceb42169385 for snapshot snap39260
2023-03-15 06:54:18,621 [OMDoubleBufferFlushThread] INFO  db.RDBCheckpointManager (RDBCheckpointManager.java:createCheckpoint(96)) - Created checkpoint in rocksDB at /home/runner/work/ozone/ozone/hadoop-ozone/integration-test/target/test-dir/MiniOzoneClusterImpl-88c1a39f-978e-429a-824f-6eda176bb531/omNode-1/db.snapshots/om.db-13231a92-6a10-4514-9677-5ceb42169385 in 40 milliseconds
2023-03-15 06:54:18,624 [OMDoubleBufferFlushThread] INFO  db.RDBCheckpointManager (RDBCheckpointManager.java:waitForCheckpointDirectoryExist(125)) - Waited for 3 milliseconds for checkpoint directory /home/runner/work/ozone/ozone/hadoop-ozone/integration-test/target/test-dir/MiniOzoneClusterImpl-88c1a39f-978e-429a-824f-6eda176bb531/omNode-1/db.snapshots/om.db-13231a92-6a10-4514-9677-5ceb42169385 availability.
2023-03-15 06:54:18,624 [OMDoubleBufferFlushThread] INFO  om.OmSnapshotManager (OmSnapshotManager.java:createOmSnapshotCheckpoint(170)) - Created checkpoint : /home/runner/work/ozone/ozone/hadoop-ozone/integration-test/target/test-dir/MiniOzoneClusterImpl-88c1a39f-978e-429a-824f-6eda176bb531/omNode-1/db.snapshots/om.db-13231a92-6a10-4514-9677-5ceb42169385 for snapshot snap39260
2023-03-15 06:54:19,582 [IPC Server handler 18 on default port 43319] WARN  server.ServerUtils (ServerUtils.java:getDBPath(225)) - ozone.om.db.dirs is not configured. We recommend adding this setting. Falling back to ozone.metadata.dirs instead.
2023-03-15 06:54:19,582 [IPC Server handler 18 on default port 43319] INFO  codec.OmKeyInfoCodec (OmKeyInfoCodec.java:<init>(49)) - OmKeyInfoCodec ignorePipeline = true
2023-03-15 06:54:19,583 [IPC Server handler 18 on default port 43319] INFO  codec.RepeatedOmKeyInfoCodec (RepeatedOmKeyInfoCodec.java:<init>(41)) - RepeatedOmKeyInfoCodec ignorePipeline = true
2023-03-15 06:54:19,605 [IPC Server handler 18 on default port 43319] WARN  server.ServerUtils (ServerUtils.java:getDBPath(225)) - ozone.om.db.dirs is not configured. We recommend adding this setting. Falling back to ozone.metadata.dirs instead.
2023-03-15 06:54:19,605 [IPC Server handler 18 on default port 43319] INFO  codec.OmKeyInfoCodec (OmKeyInfoCodec.java:<init>(49)) - OmKeyInfoCodec ignorePipeline = true
2023-03-15 06:54:19,605 [IPC Server handler 18 on default port 43319] INFO  codec.RepeatedOmKeyInfoCodec (RepeatedOmKeyInfoCodec.java:<init>(41)) - RepeatedOmKeyInfoCodec ignorePipeline = true
2023-03-15 06:54:19,647 [IPC Server handler 18 on default port 43319] WARN  snapshot.SnapshotDiffManager (SnapshotDiffManager.java:getDeltaFiles(395)) - RocksDBCheckpointDiffer is not available, falling back to slow path
]]></system-out>
  </testcase>
  <testcase name="testDeleteSnapshotTwice" classname="TestOmSnapshot" time="1.173">
    <system-out><![CDATA[2023-03-15 06:52:22,262 [Time-limited test] INFO  rpc.RpcClient (RpcClient.java:createVolume(476)) - Creating Volume: vol-78013, with runner as owner and space quota set to -1 bytes, counts quota set to -1
2023-03-15 06:52:22,281 [OM StateMachine ApplyTransaction Thread - 0] INFO  volume.OMVolumeCreateRequest (OMVolumeCreateRequest.java:validateAndUpdateCache(195)) - created volume:vol-78013 for user:runner
2023-03-15 06:52:22,284 [Time-limited test] INFO  rpc.RpcClient (RpcClient.java:createBucket(698)) - Creating Bucket: vol-78013/buck-38723, with server-side default bucket layout, runner as owner, Versioning false, Storage Type set to DISK and Encryption set to false, Replication Type set to server-side default replication type, Namespace Quota set to -1, Space Quota set to -1 
2023-03-15 06:52:22,285 [OM StateMachine ApplyTransaction Thread - 0] INFO  volume.OMVolumeCreateRequest (OMVolumeCreateRequest.java:validateAndUpdateCache(195)) - created volume:vol-78013 for user:runner
2023-03-15 06:52:22,287 [OM StateMachine ApplyTransaction Thread - 0] INFO  volume.OMVolumeCreateRequest (OMVolumeCreateRequest.java:validateAndUpdateCache(195)) - created volume:vol-78013 for user:runner
2023-03-15 06:52:22,291 [OM StateMachine ApplyTransaction Thread - 0] INFO  bucket.OMBucketCreateRequest (OMBucketCreateRequest.java:validateAndUpdateCache(263)) - created bucket: buck-38723 of layout OBJECT_STORE in volume: vol-78013
2023-03-15 06:52:22,295 [OM StateMachine ApplyTransaction Thread - 0] INFO  bucket.OMBucketCreateRequest (OMBucketCreateRequest.java:validateAndUpdateCache(263)) - created bucket: buck-38723 of layout OBJECT_STORE in volume: vol-78013
2023-03-15 06:52:22,296 [OM StateMachine ApplyTransaction Thread - 0] INFO  bucket.OMBucketCreateRequest (OMBucketCreateRequest.java:validateAndUpdateCache(263)) - created bucket: buck-38723 of layout OBJECT_STORE in volume: vol-78013
2023-03-15 06:52:22,413 [OM StateMachine ApplyTransaction Thread - 0] INFO  snapshot.OMSnapshotCreateRequest (OMSnapshotCreateRequest.java:validateAndUpdateCache(204)) - Created snapshot 'snap46297' under path 'vol-78013/buck-38723'
2023-03-15 06:52:22,417 [OM StateMachine ApplyTransaction Thread - 0] INFO  snapshot.OMSnapshotCreateRequest (OMSnapshotCreateRequest.java:validateAndUpdateCache(204)) - Created snapshot 'snap46297' under path 'vol-78013/buck-38723'
2023-03-15 06:52:22,418 [OM StateMachine ApplyTransaction Thread - 0] INFO  snapshot.OMSnapshotCreateRequest (OMSnapshotCreateRequest.java:validateAndUpdateCache(204)) - Created snapshot 'snap46297' under path 'vol-78013/buck-38723'
2023-03-15 06:52:22,464 [OMDoubleBufferFlushThread] INFO  db.RDBCheckpointManager (RDBCheckpointManager.java:createCheckpoint(96)) - Created checkpoint in rocksDB at /home/runner/work/ozone/ozone/hadoop-ozone/integration-test/target/test-dir/MiniOzoneClusterImpl-e79b0a94-dba3-4ba8-a298-d2d15914ceac/omNode-3/db.snapshots/om.db-fdb512a3-10ec-4951-a948-4bea27996fbf in 44 milliseconds
2023-03-15 06:52:22,465 [OMDoubleBufferFlushThread] INFO  db.RDBCheckpointManager (RDBCheckpointManager.java:createCheckpoint(96)) - Created checkpoint in rocksDB at /home/runner/work/ozone/ozone/hadoop-ozone/integration-test/target/test-dir/MiniOzoneClusterImpl-e79b0a94-dba3-4ba8-a298-d2d15914ceac/omNode-1/db.snapshots/om.db-fdb512a3-10ec-4951-a948-4bea27996fbf in 50 milliseconds
2023-03-15 06:52:22,468 [OMDoubleBufferFlushThread] INFO  db.RDBCheckpointManager (RDBCheckpointManager.java:waitForCheckpointDirectoryExist(125)) - Waited for 3 milliseconds for checkpoint directory /home/runner/work/ozone/ozone/hadoop-ozone/integration-test/target/test-dir/MiniOzoneClusterImpl-e79b0a94-dba3-4ba8-a298-d2d15914ceac/omNode-1/db.snapshots/om.db-fdb512a3-10ec-4951-a948-4bea27996fbf availability.
2023-03-15 06:52:22,468 [OMDoubleBufferFlushThread] INFO  om.OmSnapshotManager (OmSnapshotManager.java:createOmSnapshotCheckpoint(170)) - Created checkpoint : /home/runner/work/ozone/ozone/hadoop-ozone/integration-test/target/test-dir/MiniOzoneClusterImpl-e79b0a94-dba3-4ba8-a298-d2d15914ceac/omNode-1/db.snapshots/om.db-fdb512a3-10ec-4951-a948-4bea27996fbf for snapshot snap46297
2023-03-15 06:52:22,468 [OMDoubleBufferFlushThread] INFO  db.RDBCheckpointManager (RDBCheckpointManager.java:waitForCheckpointDirectoryExist(125)) - Waited for 4 milliseconds for checkpoint directory /home/runner/work/ozone/ozone/hadoop-ozone/integration-test/target/test-dir/MiniOzoneClusterImpl-e79b0a94-dba3-4ba8-a298-d2d15914ceac/omNode-3/db.snapshots/om.db-fdb512a3-10ec-4951-a948-4bea27996fbf availability.
2023-03-15 06:52:22,468 [OMDoubleBufferFlushThread] INFO  om.OmSnapshotManager (OmSnapshotManager.java:createOmSnapshotCheckpoint(170)) - Created checkpoint : /home/runner/work/ozone/ozone/hadoop-ozone/integration-test/target/test-dir/MiniOzoneClusterImpl-e79b0a94-dba3-4ba8-a298-d2d15914ceac/omNode-3/db.snapshots/om.db-fdb512a3-10ec-4951-a948-4bea27996fbf for snapshot snap46297
2023-03-15 06:52:22,472 [OMDoubleBufferFlushThread] INFO  db.RDBCheckpointManager (RDBCheckpointManager.java:createCheckpoint(96)) - Created checkpoint in rocksDB at /home/runner/work/ozone/ozone/hadoop-ozone/integration-test/target/test-dir/MiniOzoneClusterImpl-e79b0a94-dba3-4ba8-a298-d2d15914ceac/omNode-2/db.snapshots/om.db-fdb512a3-10ec-4951-a948-4bea27996fbf in 52 milliseconds
2023-03-15 06:52:22,472 [OMDoubleBufferFlushThread] INFO  db.RDBCheckpointManager (RDBCheckpointManager.java:waitForCheckpointDirectoryExist(125)) - Waited for 0 milliseconds for checkpoint directory /home/runner/work/ozone/ozone/hadoop-ozone/integration-test/target/test-dir/MiniOzoneClusterImpl-e79b0a94-dba3-4ba8-a298-d2d15914ceac/omNode-2/db.snapshots/om.db-fdb512a3-10ec-4951-a948-4bea27996fbf availability.
2023-03-15 06:52:22,473 [OMDoubleBufferFlushThread] INFO  om.OmSnapshotManager (OmSnapshotManager.java:createOmSnapshotCheckpoint(170)) - Created checkpoint : /home/runner/work/ozone/ozone/hadoop-ozone/integration-test/target/test-dir/MiniOzoneClusterImpl-e79b0a94-dba3-4ba8-a298-d2d15914ceac/omNode-2/db.snapshots/om.db-fdb512a3-10ec-4951-a948-4bea27996fbf for snapshot snap46297
2023-03-15 06:52:23,424 [OM StateMachine ApplyTransaction Thread - 0] INFO  snapshot.OMSnapshotDeleteRequest (OMSnapshotDeleteRequest.java:validateAndUpdateCache(217)) - Deleted snapshot 'snap46297' under path 'vol-78013/buck-38723'
2023-03-15 06:52:23,425 [OM StateMachine ApplyTransaction Thread - 0] INFO  snapshot.OMSnapshotDeleteRequest (OMSnapshotDeleteRequest.java:validateAndUpdateCache(217)) - Deleted snapshot 'snap46297' under path 'vol-78013/buck-38723'
2023-03-15 06:52:23,426 [OM StateMachine ApplyTransaction Thread - 0] INFO  snapshot.OMSnapshotDeleteRequest (OMSnapshotDeleteRequest.java:validateAndUpdateCache(217)) - Deleted snapshot 'snap46297' under path 'vol-78013/buck-38723'
06:52:23.432 [OM StateMachine ApplyTransaction Thread - 0] ERROR OMAudit - user=runner | ip=127.0.0.1 | op=DELETE_SNAPSHOT {volume=vol-78013, bucket=buck-38723, snapshotName=snap46297} | ret=FAILURE
org.apache.hadoop.ozone.om.exceptions.OMException: Snapshot is already deleted. Pending reclamation.
	at org.apache.hadoop.ozone.om.request.snapshot.OMSnapshotDeleteRequest.validateAndUpdateCache(OMSnapshotDeleteRequest.java:161) ~[ozone-manager-1.4.0-SNAPSHOT.jar:?]
	at org.apache.hadoop.ozone.protocolPB.OzoneManagerRequestHandler.handleWriteRequest(OzoneManagerRequestHandler.java:337) ~[ozone-manager-1.4.0-SNAPSHOT.jar:?]
	at org.apache.hadoop.ozone.om.ratis.OzoneManagerStateMachine.runCommand(OzoneManagerStateMachine.java:533) ~[ozone-manager-1.4.0-SNAPSHOT.jar:?]
	at org.apache.hadoop.ozone.om.ratis.OzoneManagerStateMachine.lambda$1(OzoneManagerStateMachine.java:324) ~[ozone-manager-1.4.0-SNAPSHOT.jar:?]
	at java.util.concurrent.CompletableFuture$AsyncSupply.run(CompletableFuture.java:1604) [?:1.8.0_362]
	at java.util.concurrent.ThreadPoolExecutor.runWorker(ThreadPoolExecutor.java:1149) [?:1.8.0_362]
	at java.util.concurrent.ThreadPoolExecutor$Worker.run(ThreadPoolExecutor.java:624) [?:1.8.0_362]
	at java.lang.Thread.run(Thread.java:750) [?:1.8.0_362]
2023-03-15 06:52:23,432 [OM StateMachine ApplyTransaction Thread - 0] ERROR snapshot.OMSnapshotDeleteRequest (OMSnapshotDeleteRequest.java:validateAndUpdateCache(221)) - Failed to delete snapshot 'snap46297' under path 'vol-78013/buck-38723'
]]></system-out>
  </testcase>
  <testcase name="testDeleteSnapshotTwice" classname="TestOmSnapshot" time="1.085">
    <system-out><![CDATA[2023-03-15 06:53:20,852 [Time-limited test] INFO  rpc.RpcClient (RpcClient.java:createVolume(476)) - Creating Volume: vol-85167, with runner as owner and space quota set to -1 bytes, counts quota set to -1
2023-03-15 06:53:20,859 [OM StateMachine ApplyTransaction Thread - 0] INFO  volume.OMVolumeCreateRequest (OMVolumeCreateRequest.java:validateAndUpdateCache(195)) - created volume:vol-85167 for user:runner
2023-03-15 06:53:20,861 [OM StateMachine ApplyTransaction Thread - 0] INFO  volume.OMVolumeCreateRequest (OMVolumeCreateRequest.java:validateAndUpdateCache(195)) - created volume:vol-85167 for user:runner
2023-03-15 06:53:20,861 [OM StateMachine ApplyTransaction Thread - 0] INFO  volume.OMVolumeCreateRequest (OMVolumeCreateRequest.java:validateAndUpdateCache(195)) - created volume:vol-85167 for user:runner
2023-03-15 06:53:20,864 [Time-limited test] INFO  rpc.RpcClient (RpcClient.java:createBucket(698)) - Creating Bucket: vol-85167/buck-51387, with server-side default bucket layout, runner as owner, Versioning false, Storage Type set to DISK and Encryption set to false, Replication Type set to server-side default replication type, Namespace Quota set to -1, Space Quota set to -1 
2023-03-15 06:53:20,867 [OM StateMachine ApplyTransaction Thread - 0] INFO  bucket.OMBucketCreateRequest (OMBucketCreateRequest.java:validateAndUpdateCache(263)) - created bucket: buck-51387 of layout FILE_SYSTEM_OPTIMIZED in volume: vol-85167
2023-03-15 06:53:20,869 [OM StateMachine ApplyTransaction Thread - 0] INFO  bucket.OMBucketCreateRequest (OMBucketCreateRequest.java:validateAndUpdateCache(263)) - created bucket: buck-51387 of layout FILE_SYSTEM_OPTIMIZED in volume: vol-85167
2023-03-15 06:53:20,870 [OM StateMachine ApplyTransaction Thread - 0] INFO  bucket.OMBucketCreateRequest (OMBucketCreateRequest.java:validateAndUpdateCache(263)) - created bucket: buck-51387 of layout FILE_SYSTEM_OPTIMIZED in volume: vol-85167
2023-03-15 06:53:20,922 [OM StateMachine ApplyTransaction Thread - 0] INFO  snapshot.OMSnapshotCreateRequest (OMSnapshotCreateRequest.java:validateAndUpdateCache(204)) - Created snapshot 'snap57940' under path 'vol-85167/buck-51387'
2023-03-15 06:53:20,923 [OM StateMachine ApplyTransaction Thread - 0] INFO  snapshot.OMSnapshotCreateRequest (OMSnapshotCreateRequest.java:validateAndUpdateCache(204)) - Created snapshot 'snap57940' under path 'vol-85167/buck-51387'
2023-03-15 06:53:20,924 [OM StateMachine ApplyTransaction Thread - 0] INFO  snapshot.OMSnapshotCreateRequest (OMSnapshotCreateRequest.java:validateAndUpdateCache(204)) - Created snapshot 'snap57940' under path 'vol-85167/buck-51387'
2023-03-15 06:53:20,963 [OMDoubleBufferFlushThread] INFO  db.RDBCheckpointManager (RDBCheckpointManager.java:createCheckpoint(96)) - Created checkpoint in rocksDB at /home/runner/work/ozone/ozone/hadoop-ozone/integration-test/target/test-dir/MiniOzoneClusterImpl-8d40f1f0-3e23-4273-879b-a609159ae6a4/omNode-3/db.snapshots/om.db-a91dcd86-2c74-4ba6-9a74-c20ce21e10d6 in 38 milliseconds
2023-03-15 06:53:20,963 [OMDoubleBufferFlushThread] INFO  db.RDBCheckpointManager (RDBCheckpointManager.java:waitForCheckpointDirectoryExist(125)) - Waited for 0 milliseconds for checkpoint directory /home/runner/work/ozone/ozone/hadoop-ozone/integration-test/target/test-dir/MiniOzoneClusterImpl-8d40f1f0-3e23-4273-879b-a609159ae6a4/omNode-3/db.snapshots/om.db-a91dcd86-2c74-4ba6-9a74-c20ce21e10d6 availability.
2023-03-15 06:53:20,963 [OMDoubleBufferFlushThread] INFO  om.OmSnapshotManager (OmSnapshotManager.java:createOmSnapshotCheckpoint(170)) - Created checkpoint : /home/runner/work/ozone/ozone/hadoop-ozone/integration-test/target/test-dir/MiniOzoneClusterImpl-8d40f1f0-3e23-4273-879b-a609159ae6a4/omNode-3/db.snapshots/om.db-a91dcd86-2c74-4ba6-9a74-c20ce21e10d6 for snapshot snap57940
2023-03-15 06:53:20,969 [OMDoubleBufferFlushThread] INFO  db.RDBCheckpointManager (RDBCheckpointManager.java:createCheckpoint(96)) - Created checkpoint in rocksDB at /home/runner/work/ozone/ozone/hadoop-ozone/integration-test/target/test-dir/MiniOzoneClusterImpl-8d40f1f0-3e23-4273-879b-a609159ae6a4/omNode-2/db.snapshots/om.db-a91dcd86-2c74-4ba6-9a74-c20ce21e10d6 in 44 milliseconds
2023-03-15 06:53:20,970 [OMDoubleBufferFlushThread] INFO  db.RDBCheckpointManager (RDBCheckpointManager.java:waitForCheckpointDirectoryExist(125)) - Waited for 1 milliseconds for checkpoint directory /home/runner/work/ozone/ozone/hadoop-ozone/integration-test/target/test-dir/MiniOzoneClusterImpl-8d40f1f0-3e23-4273-879b-a609159ae6a4/omNode-2/db.snapshots/om.db-a91dcd86-2c74-4ba6-9a74-c20ce21e10d6 availability.
2023-03-15 06:53:20,970 [OMDoubleBufferFlushThread] INFO  om.OmSnapshotManager (OmSnapshotManager.java:createOmSnapshotCheckpoint(170)) - Created checkpoint : /home/runner/work/ozone/ozone/hadoop-ozone/integration-test/target/test-dir/MiniOzoneClusterImpl-8d40f1f0-3e23-4273-879b-a609159ae6a4/omNode-2/db.snapshots/om.db-a91dcd86-2c74-4ba6-9a74-c20ce21e10d6 for snapshot snap57940
2023-03-15 06:53:20,984 [OMDoubleBufferFlushThread] INFO  db.RDBCheckpointManager (RDBCheckpointManager.java:createCheckpoint(96)) - Created checkpoint in rocksDB at /home/runner/work/ozone/ozone/hadoop-ozone/integration-test/target/test-dir/MiniOzoneClusterImpl-8d40f1f0-3e23-4273-879b-a609159ae6a4/omNode-1/db.snapshots/om.db-a91dcd86-2c74-4ba6-9a74-c20ce21e10d6 in 58 milliseconds
2023-03-15 06:53:20,984 [OMDoubleBufferFlushThread] INFO  db.RDBCheckpointManager (RDBCheckpointManager.java:waitForCheckpointDirectoryExist(125)) - Waited for 0 milliseconds for checkpoint directory /home/runner/work/ozone/ozone/hadoop-ozone/integration-test/target/test-dir/MiniOzoneClusterImpl-8d40f1f0-3e23-4273-879b-a609159ae6a4/omNode-1/db.snapshots/om.db-a91dcd86-2c74-4ba6-9a74-c20ce21e10d6 availability.
2023-03-15 06:53:20,984 [OMDoubleBufferFlushThread] INFO  om.OmSnapshotManager (OmSnapshotManager.java:createOmSnapshotCheckpoint(170)) - Created checkpoint : /home/runner/work/ozone/ozone/hadoop-ozone/integration-test/target/test-dir/MiniOzoneClusterImpl-8d40f1f0-3e23-4273-879b-a609159ae6a4/omNode-1/db.snapshots/om.db-a91dcd86-2c74-4ba6-9a74-c20ce21e10d6 for snapshot snap57940
2023-03-15 06:53:21,928 [OM StateMachine ApplyTransaction Thread - 0] INFO  snapshot.OMSnapshotDeleteRequest (OMSnapshotDeleteRequest.java:validateAndUpdateCache(217)) - Deleted snapshot 'snap57940' under path 'vol-85167/buck-51387'
2023-03-15 06:53:21,931 [OM StateMachine ApplyTransaction Thread - 0] INFO  snapshot.OMSnapshotDeleteRequest (OMSnapshotDeleteRequest.java:validateAndUpdateCache(217)) - Deleted snapshot 'snap57940' under path 'vol-85167/buck-51387'
2023-03-15 06:53:21,931 [OM StateMachine ApplyTransaction Thread - 0] INFO  snapshot.OMSnapshotDeleteRequest (OMSnapshotDeleteRequest.java:validateAndUpdateCache(217)) - Deleted snapshot 'snap57940' under path 'vol-85167/buck-51387'
06:53:21.935 [OM StateMachine ApplyTransaction Thread - 0] ERROR OMAudit - user=runner | ip=127.0.0.1 | op=DELETE_SNAPSHOT {volume=vol-85167, bucket=buck-51387, snapshotName=snap57940} | ret=FAILURE
org.apache.hadoop.ozone.om.exceptions.OMException: Snapshot is already deleted. Pending reclamation.
	at org.apache.hadoop.ozone.om.request.snapshot.OMSnapshotDeleteRequest.validateAndUpdateCache(OMSnapshotDeleteRequest.java:161) ~[ozone-manager-1.4.0-SNAPSHOT.jar:?]
	at org.apache.hadoop.ozone.protocolPB.OzoneManagerRequestHandler.handleWriteRequest(OzoneManagerRequestHandler.java:337) ~[ozone-manager-1.4.0-SNAPSHOT.jar:?]
	at org.apache.hadoop.ozone.om.ratis.OzoneManagerStateMachine.runCommand(OzoneManagerStateMachine.java:533) ~[ozone-manager-1.4.0-SNAPSHOT.jar:?]
	at org.apache.hadoop.ozone.om.ratis.OzoneManagerStateMachine.lambda$1(OzoneManagerStateMachine.java:324) ~[ozone-manager-1.4.0-SNAPSHOT.jar:?]
	at java.util.concurrent.CompletableFuture$AsyncSupply.run(CompletableFuture.java:1604) [?:1.8.0_362]
	at java.util.concurrent.ThreadPoolExecutor.runWorker(ThreadPoolExecutor.java:1149) [?:1.8.0_362]
	at java.util.concurrent.ThreadPoolExecutor$Worker.run(ThreadPoolExecutor.java:624) [?:1.8.0_362]
	at java.lang.Thread.run(Thread.java:750) [?:1.8.0_362]
2023-03-15 06:53:21,935 [OM StateMachine ApplyTransaction Thread - 0] ERROR snapshot.OMSnapshotDeleteRequest (OMSnapshotDeleteRequest.java:validateAndUpdateCache(221)) - Failed to delete snapshot 'snap57940' under path 'vol-85167/buck-51387'
]]></system-out>
  </testcase>
  <testcase name="testDeleteSnapshotTwice" classname="TestOmSnapshot" time="3.555">
    <system-out><![CDATA[2023-03-15 06:54:19,710 [Time-limited test] INFO  rpc.RpcClient (RpcClient.java:createVolume(476)) - Creating Volume: vol-27256, with runner as owner and space quota set to -1 bytes, counts quota set to -1
2023-03-15 06:54:19,713 [OM StateMachine ApplyTransaction Thread - 0] INFO  volume.OMVolumeCreateRequest (OMVolumeCreateRequest.java:validateAndUpdateCache(195)) - created volume:vol-27256 for user:runner
2023-03-15 06:54:19,714 [OM StateMachine ApplyTransaction Thread - 0] INFO  volume.OMVolumeCreateRequest (OMVolumeCreateRequest.java:validateAndUpdateCache(195)) - created volume:vol-27256 for user:runner
2023-03-15 06:54:19,719 [OM StateMachine ApplyTransaction Thread - 0] INFO  volume.OMVolumeCreateRequest (OMVolumeCreateRequest.java:validateAndUpdateCache(195)) - created volume:vol-27256 for user:runner
2023-03-15 06:54:19,720 [Time-limited test] INFO  rpc.RpcClient (RpcClient.java:createBucket(698)) - Creating Bucket: vol-27256/buck-24273, with server-side default bucket layout, runner as owner, Versioning false, Storage Type set to DISK and Encryption set to false, Replication Type set to server-side default replication type, Namespace Quota set to -1, Space Quota set to -1 
2023-03-15 06:54:19,723 [OM StateMachine ApplyTransaction Thread - 0] INFO  bucket.OMBucketCreateRequest (OMBucketCreateRequest.java:validateAndUpdateCache(263)) - created bucket: buck-24273 of layout LEGACY in volume: vol-27256
2023-03-15 06:54:19,724 [OM StateMachine ApplyTransaction Thread - 0] INFO  bucket.OMBucketCreateRequest (OMBucketCreateRequest.java:validateAndUpdateCache(263)) - created bucket: buck-24273 of layout LEGACY in volume: vol-27256
2023-03-15 06:54:19,724 [OM StateMachine ApplyTransaction Thread - 0] INFO  bucket.OMBucketCreateRequest (OMBucketCreateRequest.java:validateAndUpdateCache(263)) - created bucket: buck-24273 of layout LEGACY in volume: vol-27256
2023-03-15 06:54:22,254 [OM StateMachine ApplyTransaction Thread - 0] INFO  snapshot.OMSnapshotCreateRequest (OMSnapshotCreateRequest.java:validateAndUpdateCache(204)) - Created snapshot 'snap65866' under path 'vol-27256/buck-24273'
2023-03-15 06:54:22,255 [OM StateMachine ApplyTransaction Thread - 0] INFO  snapshot.OMSnapshotCreateRequest (OMSnapshotCreateRequest.java:validateAndUpdateCache(204)) - Created snapshot 'snap65866' under path 'vol-27256/buck-24273'
2023-03-15 06:54:22,261 [OM StateMachine ApplyTransaction Thread - 0] INFO  snapshot.OMSnapshotCreateRequest (OMSnapshotCreateRequest.java:validateAndUpdateCache(204)) - Created snapshot 'snap65866' under path 'vol-27256/buck-24273'
2023-03-15 06:54:22,294 [OMDoubleBufferFlushThread] INFO  db.RDBCheckpointManager (RDBCheckpointManager.java:createCheckpoint(96)) - Created checkpoint in rocksDB at /home/runner/work/ozone/ozone/hadoop-ozone/integration-test/target/test-dir/MiniOzoneClusterImpl-88c1a39f-978e-429a-824f-6eda176bb531/omNode-1/db.snapshots/om.db-cb2dba11-94ea-4c7d-a453-44f0344bd259 in 37 milliseconds
2023-03-15 06:54:22,294 [OMDoubleBufferFlushThread] INFO  db.RDBCheckpointManager (RDBCheckpointManager.java:waitForCheckpointDirectoryExist(125)) - Waited for 0 milliseconds for checkpoint directory /home/runner/work/ozone/ozone/hadoop-ozone/integration-test/target/test-dir/MiniOzoneClusterImpl-88c1a39f-978e-429a-824f-6eda176bb531/omNode-1/db.snapshots/om.db-cb2dba11-94ea-4c7d-a453-44f0344bd259 availability.
2023-03-15 06:54:22,295 [OMDoubleBufferFlushThread] INFO  om.OmSnapshotManager (OmSnapshotManager.java:createOmSnapshotCheckpoint(170)) - Created checkpoint : /home/runner/work/ozone/ozone/hadoop-ozone/integration-test/target/test-dir/MiniOzoneClusterImpl-88c1a39f-978e-429a-824f-6eda176bb531/omNode-1/db.snapshots/om.db-cb2dba11-94ea-4c7d-a453-44f0344bd259 for snapshot snap65866
2023-03-15 06:54:22,299 [OMDoubleBufferFlushThread] INFO  db.RDBCheckpointManager (RDBCheckpointManager.java:createCheckpoint(96)) - Created checkpoint in rocksDB at /home/runner/work/ozone/ozone/hadoop-ozone/integration-test/target/test-dir/MiniOzoneClusterImpl-88c1a39f-978e-429a-824f-6eda176bb531/omNode-2/db.snapshots/om.db-cb2dba11-94ea-4c7d-a453-44f0344bd259 in 37 milliseconds
2023-03-15 06:54:22,301 [OMDoubleBufferFlushThread] INFO  db.RDBCheckpointManager (RDBCheckpointManager.java:waitForCheckpointDirectoryExist(125)) - Waited for 1 milliseconds for checkpoint directory /home/runner/work/ozone/ozone/hadoop-ozone/integration-test/target/test-dir/MiniOzoneClusterImpl-88c1a39f-978e-429a-824f-6eda176bb531/omNode-2/db.snapshots/om.db-cb2dba11-94ea-4c7d-a453-44f0344bd259 availability.
2023-03-15 06:54:22,301 [OMDoubleBufferFlushThread] INFO  om.OmSnapshotManager (OmSnapshotManager.java:createOmSnapshotCheckpoint(170)) - Created checkpoint : /home/runner/work/ozone/ozone/hadoop-ozone/integration-test/target/test-dir/MiniOzoneClusterImpl-88c1a39f-978e-429a-824f-6eda176bb531/omNode-2/db.snapshots/om.db-cb2dba11-94ea-4c7d-a453-44f0344bd259 for snapshot snap65866
2023-03-15 06:54:22,303 [OMDoubleBufferFlushThread] INFO  db.RDBCheckpointManager (RDBCheckpointManager.java:createCheckpoint(96)) - Created checkpoint in rocksDB at /home/runner/work/ozone/ozone/hadoop-ozone/integration-test/target/test-dir/MiniOzoneClusterImpl-88c1a39f-978e-429a-824f-6eda176bb531/omNode-3/db.snapshots/om.db-cb2dba11-94ea-4c7d-a453-44f0344bd259 in 43 milliseconds
2023-03-15 06:54:22,304 [OMDoubleBufferFlushThread] INFO  db.RDBCheckpointManager (RDBCheckpointManager.java:waitForCheckpointDirectoryExist(125)) - Waited for 1 milliseconds for checkpoint directory /home/runner/work/ozone/ozone/hadoop-ozone/integration-test/target/test-dir/MiniOzoneClusterImpl-88c1a39f-978e-429a-824f-6eda176bb531/omNode-3/db.snapshots/om.db-cb2dba11-94ea-4c7d-a453-44f0344bd259 availability.
2023-03-15 06:54:22,304 [OMDoubleBufferFlushThread] INFO  om.OmSnapshotManager (OmSnapshotManager.java:createOmSnapshotCheckpoint(170)) - Created checkpoint : /home/runner/work/ozone/ozone/hadoop-ozone/integration-test/target/test-dir/MiniOzoneClusterImpl-88c1a39f-978e-429a-824f-6eda176bb531/omNode-3/db.snapshots/om.db-cb2dba11-94ea-4c7d-a453-44f0344bd259 for snapshot snap65866
2023-03-15 06:54:23,259 [OM StateMachine ApplyTransaction Thread - 0] INFO  snapshot.OMSnapshotDeleteRequest (OMSnapshotDeleteRequest.java:validateAndUpdateCache(217)) - Deleted snapshot 'snap65866' under path 'vol-27256/buck-24273'
2023-03-15 06:54:23,259 [OM StateMachine ApplyTransaction Thread - 0] INFO  snapshot.OMSnapshotDeleteRequest (OMSnapshotDeleteRequest.java:validateAndUpdateCache(217)) - Deleted snapshot 'snap65866' under path 'vol-27256/buck-24273'
2023-03-15 06:54:23,261 [OM StateMachine ApplyTransaction Thread - 0] INFO  snapshot.OMSnapshotDeleteRequest (OMSnapshotDeleteRequest.java:validateAndUpdateCache(217)) - Deleted snapshot 'snap65866' under path 'vol-27256/buck-24273'
06:54:23.262 [OM StateMachine ApplyTransaction Thread - 0] ERROR OMAudit - user=runner | ip=127.0.0.1 | op=DELETE_SNAPSHOT {volume=vol-27256, bucket=buck-24273, snapshotName=snap65866} | ret=FAILURE
org.apache.hadoop.ozone.om.exceptions.OMException: Snapshot is already deleted. Pending reclamation.
	at org.apache.hadoop.ozone.om.request.snapshot.OMSnapshotDeleteRequest.validateAndUpdateCache(OMSnapshotDeleteRequest.java:161) ~[ozone-manager-1.4.0-SNAPSHOT.jar:?]
	at org.apache.hadoop.ozone.protocolPB.OzoneManagerRequestHandler.handleWriteRequest(OzoneManagerRequestHandler.java:337) ~[ozone-manager-1.4.0-SNAPSHOT.jar:?]
	at org.apache.hadoop.ozone.om.ratis.OzoneManagerStateMachine.runCommand(OzoneManagerStateMachine.java:533) ~[ozone-manager-1.4.0-SNAPSHOT.jar:?]
	at org.apache.hadoop.ozone.om.ratis.OzoneManagerStateMachine.lambda$1(OzoneManagerStateMachine.java:324) ~[ozone-manager-1.4.0-SNAPSHOT.jar:?]
	at java.util.concurrent.CompletableFuture$AsyncSupply.run(CompletableFuture.java:1604) [?:1.8.0_362]
	at java.util.concurrent.ThreadPoolExecutor.runWorker(ThreadPoolExecutor.java:1149) [?:1.8.0_362]
	at java.util.concurrent.ThreadPoolExecutor$Worker.run(ThreadPoolExecutor.java:624) [?:1.8.0_362]
	at java.lang.Thread.run(Thread.java:750) [?:1.8.0_362]
2023-03-15 06:54:23,263 [OM StateMachine ApplyTransaction Thread - 0] ERROR snapshot.OMSnapshotDeleteRequest (OMSnapshotDeleteRequest.java:validateAndUpdateCache(221)) - Failed to delete snapshot 'snap65866' under path 'vol-27256/buck-24273'
06:54:23.263 [OM StateMachine ApplyTransaction Thread - 0] ERROR OMAudit - user=runner | ip=127.0.0.1 | op=DELETE_SNAPSHOT {volume=vol-27256, bucket=buck-24273, snapshotName=snap65866} | ret=FAILURE
org.apache.hadoop.ozone.om.exceptions.OMException: Snapshot is already deleted. Pending reclamation.
	at org.apache.hadoop.ozone.om.request.snapshot.OMSnapshotDeleteRequest.validateAndUpdateCache(OMSnapshotDeleteRequest.java:161) ~[ozone-manager-1.4.0-SNAPSHOT.jar:?]
	at org.apache.hadoop.ozone.protocolPB.OzoneManagerRequestHandler.handleWriteRequest(OzoneManagerRequestHandler.java:337) ~[ozone-manager-1.4.0-SNAPSHOT.jar:?]
	at org.apache.hadoop.ozone.om.ratis.OzoneManagerStateMachine.runCommand(OzoneManagerStateMachine.java:533) ~[ozone-manager-1.4.0-SNAPSHOT.jar:?]
	at org.apache.hadoop.ozone.om.ratis.OzoneManagerStateMachine.lambda$1(OzoneManagerStateMachine.java:324) ~[ozone-manager-1.4.0-SNAPSHOT.jar:?]
	at java.util.concurrent.CompletableFuture$AsyncSupply.run(CompletableFuture.java:1604) [?:1.8.0_362]
	at java.util.concurrent.ThreadPoolExecutor.runWorker(ThreadPoolExecutor.java:1149) [?:1.8.0_362]
	at java.util.concurrent.ThreadPoolExecutor$Worker.run(ThreadPoolExecutor.java:624) [?:1.8.0_362]
	at java.lang.Thread.run(Thread.java:750) [?:1.8.0_362]
2023-03-15 06:54:23,263 [OM StateMachine ApplyTransaction Thread - 0] ERROR snapshot.OMSnapshotDeleteRequest (OMSnapshotDeleteRequest.java:validateAndUpdateCache(221)) - Failed to delete snapshot 'snap65866' under path 'vol-27256/buck-24273'
]]></system-out>
  </testcase>
  <testcase name="testUniqueSnapshotId" classname="TestOmSnapshot" time="1.099">
    <system-out><![CDATA[06:52:23.435 [OM StateMachine ApplyTransaction Thread - 0] ERROR OMAudit - user=runner | ip=127.0.0.1 | op=DELETE_SNAPSHOT {volume=vol-78013, bucket=buck-38723, snapshotName=snap46297} | ret=FAILURE
org.apache.hadoop.ozone.om.exceptions.OMException: Snapshot is already deleted. Pending reclamation.
	at org.apache.hadoop.ozone.om.request.snapshot.OMSnapshotDeleteRequest.validateAndUpdateCache(OMSnapshotDeleteRequest.java:161) ~[ozone-manager-1.4.0-SNAPSHOT.jar:?]
	at org.apache.hadoop.ozone.protocolPB.OzoneManagerRequestHandler.handleWriteRequest(OzoneManagerRequestHandler.java:337) ~[ozone-manager-1.4.0-SNAPSHOT.jar:?]
	at org.apache.hadoop.ozone.om.ratis.OzoneManagerStateMachine.runCommand(OzoneManagerStateMachine.java:533) ~[ozone-manager-1.4.0-SNAPSHOT.jar:?]
	at org.apache.hadoop.ozone.om.ratis.OzoneManagerStateMachine.lambda$1(OzoneManagerStateMachine.java:324) ~[ozone-manager-1.4.0-SNAPSHOT.jar:?]
	at java.util.concurrent.CompletableFuture$AsyncSupply.run(CompletableFuture.java:1604) [?:1.8.0_362]
	at java.util.concurrent.ThreadPoolExecutor.runWorker(ThreadPoolExecutor.java:1149) [?:1.8.0_362]
	at java.util.concurrent.ThreadPoolExecutor$Worker.run(ThreadPoolExecutor.java:624) [?:1.8.0_362]
	at java.lang.Thread.run(Thread.java:750) [?:1.8.0_362]
2023-03-15 06:52:23,435 [OM StateMachine ApplyTransaction Thread - 0] ERROR snapshot.OMSnapshotDeleteRequest (OMSnapshotDeleteRequest.java:validateAndUpdateCache(221)) - Failed to delete snapshot 'snap46297' under path 'vol-78013/buck-38723'
06:52:23.437 [OM StateMachine ApplyTransaction Thread - 0] ERROR OMAudit - user=runner | ip=127.0.0.1 | op=DELETE_SNAPSHOT {volume=vol-78013, bucket=buck-38723, snapshotName=snap46297} | ret=FAILURE
org.apache.hadoop.ozone.om.exceptions.OMException: Snapshot is already deleted. Pending reclamation.
	at org.apache.hadoop.ozone.om.request.snapshot.OMSnapshotDeleteRequest.validateAndUpdateCache(OMSnapshotDeleteRequest.java:161) ~[ozone-manager-1.4.0-SNAPSHOT.jar:?]
	at org.apache.hadoop.ozone.protocolPB.OzoneManagerRequestHandler.handleWriteRequest(OzoneManagerRequestHandler.java:337) ~[ozone-manager-1.4.0-SNAPSHOT.jar:?]
	at org.apache.hadoop.ozone.om.ratis.OzoneManagerStateMachine.runCommand(OzoneManagerStateMachine.java:533) ~[ozone-manager-1.4.0-SNAPSHOT.jar:?]
	at org.apache.hadoop.ozone.om.ratis.OzoneManagerStateMachine.lambda$1(OzoneManagerStateMachine.java:324) ~[ozone-manager-1.4.0-SNAPSHOT.jar:?]
	at java.util.concurrent.CompletableFuture$AsyncSupply.run(CompletableFuture.java:1604) [?:1.8.0_362]
	at java.util.concurrent.ThreadPoolExecutor.runWorker(ThreadPoolExecutor.java:1149) [?:1.8.0_362]
	at java.util.concurrent.ThreadPoolExecutor$Worker.run(ThreadPoolExecutor.java:624) [?:1.8.0_362]
	at java.lang.Thread.run(Thread.java:750) [?:1.8.0_362]
2023-03-15 06:52:23,437 [OM StateMachine ApplyTransaction Thread - 0] ERROR snapshot.OMSnapshotDeleteRequest (OMSnapshotDeleteRequest.java:validateAndUpdateCache(221)) - Failed to delete snapshot 'snap46297' under path 'vol-78013/buck-38723'
2023-03-15 06:52:23,530 [OM StateMachine ApplyTransaction Thread - 0] INFO  snapshot.OMSnapshotCreateRequest (OMSnapshotCreateRequest.java:validateAndUpdateCache(204)) - Created snapshot 'd8b7fdf0-fe76-43a0-be2c-8dad2bb2e3fb' under path 'volume82485/bucket89368'
2023-03-15 06:52:23,533 [OM StateMachine ApplyTransaction Thread - 0] INFO  snapshot.OMSnapshotCreateRequest (OMSnapshotCreateRequest.java:validateAndUpdateCache(204)) - Created snapshot 'd8b7fdf0-fe76-43a0-be2c-8dad2bb2e3fb' under path 'volume82485/bucket89368'
2023-03-15 06:52:23,534 [OM StateMachine ApplyTransaction Thread - 0] INFO  snapshot.OMSnapshotCreateRequest (OMSnapshotCreateRequest.java:validateAndUpdateCache(204)) - Created snapshot 'd8b7fdf0-fe76-43a0-be2c-8dad2bb2e3fb' under path 'volume82485/bucket89368'
2023-03-15 06:52:23,656 [OMDoubleBufferFlushThread] INFO  db.RDBCheckpointManager (RDBCheckpointManager.java:createCheckpoint(96)) - Created checkpoint in rocksDB at /home/runner/work/ozone/ozone/hadoop-ozone/integration-test/target/test-dir/MiniOzoneClusterImpl-e79b0a94-dba3-4ba8-a298-d2d15914ceac/omNode-1/db.snapshots/om.db-934ed185-6a71-44b7-9aed-f9659a3cf3d8 in 121 milliseconds
2023-03-15 06:52:23,657 [OMDoubleBufferFlushThread] INFO  db.RDBCheckpointManager (RDBCheckpointManager.java:waitForCheckpointDirectoryExist(125)) - Waited for 1 milliseconds for checkpoint directory /home/runner/work/ozone/ozone/hadoop-ozone/integration-test/target/test-dir/MiniOzoneClusterImpl-e79b0a94-dba3-4ba8-a298-d2d15914ceac/omNode-1/db.snapshots/om.db-934ed185-6a71-44b7-9aed-f9659a3cf3d8 availability.
2023-03-15 06:52:23,657 [OMDoubleBufferFlushThread] INFO  om.OmSnapshotManager (OmSnapshotManager.java:createOmSnapshotCheckpoint(170)) - Created checkpoint : /home/runner/work/ozone/ozone/hadoop-ozone/integration-test/target/test-dir/MiniOzoneClusterImpl-e79b0a94-dba3-4ba8-a298-d2d15914ceac/omNode-1/db.snapshots/om.db-934ed185-6a71-44b7-9aed-f9659a3cf3d8 for snapshot d8b7fdf0-fe76-43a0-be2c-8dad2bb2e3fb
2023-03-15 06:52:23,657 [OMDoubleBufferFlushThread] INFO  db.RDBCheckpointManager (RDBCheckpointManager.java:createCheckpoint(96)) - Created checkpoint in rocksDB at /home/runner/work/ozone/ozone/hadoop-ozone/integration-test/target/test-dir/MiniOzoneClusterImpl-e79b0a94-dba3-4ba8-a298-d2d15914ceac/omNode-2/db.snapshots/om.db-934ed185-6a71-44b7-9aed-f9659a3cf3d8 in 120 milliseconds
2023-03-15 06:52:23,658 [OMDoubleBufferFlushThread] INFO  db.RDBCheckpointManager (RDBCheckpointManager.java:createCheckpoint(96)) - Created checkpoint in rocksDB at /home/runner/work/ozone/ozone/hadoop-ozone/integration-test/target/test-dir/MiniOzoneClusterImpl-e79b0a94-dba3-4ba8-a298-d2d15914ceac/omNode-3/db.snapshots/om.db-934ed185-6a71-44b7-9aed-f9659a3cf3d8 in 122 milliseconds
2023-03-15 06:52:23,658 [OMDoubleBufferFlushThread] INFO  db.RDBCheckpointManager (RDBCheckpointManager.java:waitForCheckpointDirectoryExist(125)) - Waited for 0 milliseconds for checkpoint directory /home/runner/work/ozone/ozone/hadoop-ozone/integration-test/target/test-dir/MiniOzoneClusterImpl-e79b0a94-dba3-4ba8-a298-d2d15914ceac/omNode-3/db.snapshots/om.db-934ed185-6a71-44b7-9aed-f9659a3cf3d8 availability.
2023-03-15 06:52:23,658 [OMDoubleBufferFlushThread] INFO  om.OmSnapshotManager (OmSnapshotManager.java:createOmSnapshotCheckpoint(170)) - Created checkpoint : /home/runner/work/ozone/ozone/hadoop-ozone/integration-test/target/test-dir/MiniOzoneClusterImpl-e79b0a94-dba3-4ba8-a298-d2d15914ceac/omNode-3/db.snapshots/om.db-934ed185-6a71-44b7-9aed-f9659a3cf3d8 for snapshot d8b7fdf0-fe76-43a0-be2c-8dad2bb2e3fb
2023-03-15 06:52:23,661 [OMDoubleBufferFlushThread] INFO  db.RDBCheckpointManager (RDBCheckpointManager.java:waitForCheckpointDirectoryExist(125)) - Waited for 3 milliseconds for checkpoint directory /home/runner/work/ozone/ozone/hadoop-ozone/integration-test/target/test-dir/MiniOzoneClusterImpl-e79b0a94-dba3-4ba8-a298-d2d15914ceac/omNode-2/db.snapshots/om.db-934ed185-6a71-44b7-9aed-f9659a3cf3d8 availability.
2023-03-15 06:52:23,661 [OMDoubleBufferFlushThread] INFO  om.OmSnapshotManager (OmSnapshotManager.java:createOmSnapshotCheckpoint(170)) - Created checkpoint : /home/runner/work/ozone/ozone/hadoop-ozone/integration-test/target/test-dir/MiniOzoneClusterImpl-e79b0a94-dba3-4ba8-a298-d2d15914ceac/omNode-2/db.snapshots/om.db-934ed185-6a71-44b7-9aed-f9659a3cf3d8 for snapshot d8b7fdf0-fe76-43a0-be2c-8dad2bb2e3fb
2023-03-15 06:52:24,015 [Under Replicated Processor] INFO  replication.UnhealthyReplicationProcessor (UnhealthyReplicationProcessor.java:processAll(113)) - Processed 0 containers with health state counts {},failed processing 0
2023-03-15 06:52:24,019 [Over Replicated Processor] INFO  replication.UnhealthyReplicationProcessor (UnhealthyReplicationProcessor.java:processAll(113)) - Processed 0 containers with health state counts {},failed processing 0
]]></system-out>
  </testcase>
  <testcase name="testUniqueSnapshotId" classname="TestOmSnapshot" time="1.08">
    <system-out><![CDATA[06:53:21.938 [OM StateMachine ApplyTransaction Thread - 0] ERROR OMAudit - user=runner | ip=127.0.0.1 | op=DELETE_SNAPSHOT {volume=vol-85167, bucket=buck-51387, snapshotName=snap57940} | ret=FAILURE
org.apache.hadoop.ozone.om.exceptions.OMException: Snapshot is already deleted. Pending reclamation.
	at org.apache.hadoop.ozone.om.request.snapshot.OMSnapshotDeleteRequest.validateAndUpdateCache(OMSnapshotDeleteRequest.java:161) ~[ozone-manager-1.4.0-SNAPSHOT.jar:?]
	at org.apache.hadoop.ozone.protocolPB.OzoneManagerRequestHandler.handleWriteRequest(OzoneManagerRequestHandler.java:337) ~[ozone-manager-1.4.0-SNAPSHOT.jar:?]
	at org.apache.hadoop.ozone.om.ratis.OzoneManagerStateMachine.runCommand(OzoneManagerStateMachine.java:533) ~[ozone-manager-1.4.0-SNAPSHOT.jar:?]
	at org.apache.hadoop.ozone.om.ratis.OzoneManagerStateMachine.lambda$1(OzoneManagerStateMachine.java:324) ~[ozone-manager-1.4.0-SNAPSHOT.jar:?]
	at java.util.concurrent.CompletableFuture$AsyncSupply.run(CompletableFuture.java:1604) [?:1.8.0_362]
	at java.util.concurrent.ThreadPoolExecutor.runWorker(ThreadPoolExecutor.java:1149) [?:1.8.0_362]
	at java.util.concurrent.ThreadPoolExecutor$Worker.run(ThreadPoolExecutor.java:624) [?:1.8.0_362]
	at java.lang.Thread.run(Thread.java:750) [?:1.8.0_362]
2023-03-15 06:53:21,939 [OM StateMachine ApplyTransaction Thread - 0] ERROR snapshot.OMSnapshotDeleteRequest (OMSnapshotDeleteRequest.java:validateAndUpdateCache(221)) - Failed to delete snapshot 'snap57940' under path 'vol-85167/buck-51387'
06:53:21.939 [OM StateMachine ApplyTransaction Thread - 0] ERROR OMAudit - user=runner | ip=127.0.0.1 | op=DELETE_SNAPSHOT {volume=vol-85167, bucket=buck-51387, snapshotName=snap57940} | ret=FAILURE
org.apache.hadoop.ozone.om.exceptions.OMException: Snapshot is already deleted. Pending reclamation.
	at org.apache.hadoop.ozone.om.request.snapshot.OMSnapshotDeleteRequest.validateAndUpdateCache(OMSnapshotDeleteRequest.java:161) ~[ozone-manager-1.4.0-SNAPSHOT.jar:?]
	at org.apache.hadoop.ozone.protocolPB.OzoneManagerRequestHandler.handleWriteRequest(OzoneManagerRequestHandler.java:337) ~[ozone-manager-1.4.0-SNAPSHOT.jar:?]
	at org.apache.hadoop.ozone.om.ratis.OzoneManagerStateMachine.runCommand(OzoneManagerStateMachine.java:533) ~[ozone-manager-1.4.0-SNAPSHOT.jar:?]
	at org.apache.hadoop.ozone.om.ratis.OzoneManagerStateMachine.lambda$1(OzoneManagerStateMachine.java:324) ~[ozone-manager-1.4.0-SNAPSHOT.jar:?]
	at java.util.concurrent.CompletableFuture$AsyncSupply.run(CompletableFuture.java:1604) [?:1.8.0_362]
	at java.util.concurrent.ThreadPoolExecutor.runWorker(ThreadPoolExecutor.java:1149) [?:1.8.0_362]
	at java.util.concurrent.ThreadPoolExecutor$Worker.run(ThreadPoolExecutor.java:624) [?:1.8.0_362]
	at java.lang.Thread.run(Thread.java:750) [?:1.8.0_362]
2023-03-15 06:53:21,939 [OM StateMachine ApplyTransaction Thread - 0] ERROR snapshot.OMSnapshotDeleteRequest (OMSnapshotDeleteRequest.java:validateAndUpdateCache(221)) - Failed to delete snapshot 'snap57940' under path 'vol-85167/buck-51387'
2023-03-15 06:53:22,013 [OM StateMachine ApplyTransaction Thread - 0] INFO  snapshot.OMSnapshotCreateRequest (OMSnapshotCreateRequest.java:validateAndUpdateCache(204)) - Created snapshot 'ed6c2367-bd66-4a51-a0f4-6026ac820a14' under path 'volume16901/bucket69736'
2023-03-15 06:53:22,016 [OM StateMachine ApplyTransaction Thread - 0] INFO  snapshot.OMSnapshotCreateRequest (OMSnapshotCreateRequest.java:validateAndUpdateCache(204)) - Created snapshot 'ed6c2367-bd66-4a51-a0f4-6026ac820a14' under path 'volume16901/bucket69736'
2023-03-15 06:53:22,016 [OM StateMachine ApplyTransaction Thread - 0] INFO  snapshot.OMSnapshotCreateRequest (OMSnapshotCreateRequest.java:validateAndUpdateCache(204)) - Created snapshot 'ed6c2367-bd66-4a51-a0f4-6026ac820a14' under path 'volume16901/bucket69736'
2023-03-15 06:53:22,053 [OMDoubleBufferFlushThread] INFO  db.RDBCheckpointManager (RDBCheckpointManager.java:createCheckpoint(96)) - Created checkpoint in rocksDB at /home/runner/work/ozone/ozone/hadoop-ozone/integration-test/target/test-dir/MiniOzoneClusterImpl-8d40f1f0-3e23-4273-879b-a609159ae6a4/omNode-2/db.snapshots/om.db-aca677c7-ed0a-40cc-ab4d-ead85486d396 in 33 milliseconds
2023-03-15 06:53:22,053 [OMDoubleBufferFlushThread] INFO  db.RDBCheckpointManager (RDBCheckpointManager.java:createCheckpoint(96)) - Created checkpoint in rocksDB at /home/runner/work/ozone/ozone/hadoop-ozone/integration-test/target/test-dir/MiniOzoneClusterImpl-8d40f1f0-3e23-4273-879b-a609159ae6a4/omNode-3/db.snapshots/om.db-aca677c7-ed0a-40cc-ab4d-ead85486d396 in 34 milliseconds
2023-03-15 06:53:22,054 [OMDoubleBufferFlushThread] INFO  db.RDBCheckpointManager (RDBCheckpointManager.java:waitForCheckpointDirectoryExist(125)) - Waited for 1 milliseconds for checkpoint directory /home/runner/work/ozone/ozone/hadoop-ozone/integration-test/target/test-dir/MiniOzoneClusterImpl-8d40f1f0-3e23-4273-879b-a609159ae6a4/omNode-2/db.snapshots/om.db-aca677c7-ed0a-40cc-ab4d-ead85486d396 availability.
2023-03-15 06:53:22,054 [OMDoubleBufferFlushThread] INFO  om.OmSnapshotManager (OmSnapshotManager.java:createOmSnapshotCheckpoint(170)) - Created checkpoint : /home/runner/work/ozone/ozone/hadoop-ozone/integration-test/target/test-dir/MiniOzoneClusterImpl-8d40f1f0-3e23-4273-879b-a609159ae6a4/omNode-2/db.snapshots/om.db-aca677c7-ed0a-40cc-ab4d-ead85486d396 for snapshot ed6c2367-bd66-4a51-a0f4-6026ac820a14
2023-03-15 06:53:22,055 [OMDoubleBufferFlushThread] INFO  db.RDBCheckpointManager (RDBCheckpointManager.java:waitForCheckpointDirectoryExist(125)) - Waited for 1 milliseconds for checkpoint directory /home/runner/work/ozone/ozone/hadoop-ozone/integration-test/target/test-dir/MiniOzoneClusterImpl-8d40f1f0-3e23-4273-879b-a609159ae6a4/omNode-3/db.snapshots/om.db-aca677c7-ed0a-40cc-ab4d-ead85486d396 availability.
2023-03-15 06:53:22,055 [OMDoubleBufferFlushThread] INFO  om.OmSnapshotManager (OmSnapshotManager.java:createOmSnapshotCheckpoint(170)) - Created checkpoint : /home/runner/work/ozone/ozone/hadoop-ozone/integration-test/target/test-dir/MiniOzoneClusterImpl-8d40f1f0-3e23-4273-879b-a609159ae6a4/omNode-3/db.snapshots/om.db-aca677c7-ed0a-40cc-ab4d-ead85486d396 for snapshot ed6c2367-bd66-4a51-a0f4-6026ac820a14
2023-03-15 06:53:22,058 [OMDoubleBufferFlushThread] INFO  db.RDBCheckpointManager (RDBCheckpointManager.java:createCheckpoint(96)) - Created checkpoint in rocksDB at /home/runner/work/ozone/ozone/hadoop-ozone/integration-test/target/test-dir/MiniOzoneClusterImpl-8d40f1f0-3e23-4273-879b-a609159ae6a4/omNode-1/db.snapshots/om.db-aca677c7-ed0a-40cc-ab4d-ead85486d396 in 40 milliseconds
2023-03-15 06:53:22,060 [OMDoubleBufferFlushThread] INFO  db.RDBCheckpointManager (RDBCheckpointManager.java:waitForCheckpointDirectoryExist(125)) - Waited for 2 milliseconds for checkpoint directory /home/runner/work/ozone/ozone/hadoop-ozone/integration-test/target/test-dir/MiniOzoneClusterImpl-8d40f1f0-3e23-4273-879b-a609159ae6a4/omNode-1/db.snapshots/om.db-aca677c7-ed0a-40cc-ab4d-ead85486d396 availability.
2023-03-15 06:53:22,060 [OMDoubleBufferFlushThread] INFO  om.OmSnapshotManager (OmSnapshotManager.java:createOmSnapshotCheckpoint(170)) - Created checkpoint : /home/runner/work/ozone/ozone/hadoop-ozone/integration-test/target/test-dir/MiniOzoneClusterImpl-8d40f1f0-3e23-4273-879b-a609159ae6a4/omNode-1/db.snapshots/om.db-aca677c7-ed0a-40cc-ab4d-ead85486d396 for snapshot ed6c2367-bd66-4a51-a0f4-6026ac820a14
]]></system-out>
  </testcase>
  <testcase name="testUniqueSnapshotId" classname="TestOmSnapshot" time="1.08">
    <system-out><![CDATA[06:54:23.265 [OM StateMachine ApplyTransaction Thread - 0] ERROR OMAudit - user=runner | ip=127.0.0.1 | op=DELETE_SNAPSHOT {volume=vol-27256, bucket=buck-24273, snapshotName=snap65866} | ret=FAILURE
org.apache.hadoop.ozone.om.exceptions.OMException: Snapshot is already deleted. Pending reclamation.
	at org.apache.hadoop.ozone.om.request.snapshot.OMSnapshotDeleteRequest.validateAndUpdateCache(OMSnapshotDeleteRequest.java:161) ~[ozone-manager-1.4.0-SNAPSHOT.jar:?]
	at org.apache.hadoop.ozone.protocolPB.OzoneManagerRequestHandler.handleWriteRequest(OzoneManagerRequestHandler.java:337) ~[ozone-manager-1.4.0-SNAPSHOT.jar:?]
	at org.apache.hadoop.ozone.om.ratis.OzoneManagerStateMachine.runCommand(OzoneManagerStateMachine.java:533) ~[ozone-manager-1.4.0-SNAPSHOT.jar:?]
	at org.apache.hadoop.ozone.om.ratis.OzoneManagerStateMachine.lambda$1(OzoneManagerStateMachine.java:324) ~[ozone-manager-1.4.0-SNAPSHOT.jar:?]
	at java.util.concurrent.CompletableFuture$AsyncSupply.run(CompletableFuture.java:1604) [?:1.8.0_362]
	at java.util.concurrent.ThreadPoolExecutor.runWorker(ThreadPoolExecutor.java:1149) [?:1.8.0_362]
	at java.util.concurrent.ThreadPoolExecutor$Worker.run(ThreadPoolExecutor.java:624) [?:1.8.0_362]
	at java.lang.Thread.run(Thread.java:750) [?:1.8.0_362]
2023-03-15 06:54:23,265 [OM StateMachine ApplyTransaction Thread - 0] ERROR snapshot.OMSnapshotDeleteRequest (OMSnapshotDeleteRequest.java:validateAndUpdateCache(221)) - Failed to delete snapshot 'snap65866' under path 'vol-27256/buck-24273'
2023-03-15 06:54:23,342 [OM StateMachine ApplyTransaction Thread - 0] INFO  snapshot.OMSnapshotCreateRequest (OMSnapshotCreateRequest.java:validateAndUpdateCache(204)) - Created snapshot 'e818a568-d9a8-4f1a-b5bd-64ff8f7411a8' under path 'volume07715/bucket25757'
2023-03-15 06:54:23,345 [OM StateMachine ApplyTransaction Thread - 0] INFO  snapshot.OMSnapshotCreateRequest (OMSnapshotCreateRequest.java:validateAndUpdateCache(204)) - Created snapshot 'e818a568-d9a8-4f1a-b5bd-64ff8f7411a8' under path 'volume07715/bucket25757'
2023-03-15 06:54:23,345 [OM StateMachine ApplyTransaction Thread - 0] INFO  snapshot.OMSnapshotCreateRequest (OMSnapshotCreateRequest.java:validateAndUpdateCache(204)) - Created snapshot 'e818a568-d9a8-4f1a-b5bd-64ff8f7411a8' under path 'volume07715/bucket25757'
2023-03-15 06:54:23,377 [OMDoubleBufferFlushThread] INFO  db.RDBCheckpointManager (RDBCheckpointManager.java:createCheckpoint(96)) - Created checkpoint in rocksDB at /home/runner/work/ozone/ozone/hadoop-ozone/integration-test/target/test-dir/MiniOzoneClusterImpl-88c1a39f-978e-429a-824f-6eda176bb531/omNode-1/db.snapshots/om.db-8a64c583-e9f5-4091-b843-c505f3ae7be3 in 33 milliseconds
2023-03-15 06:54:23,378 [OMDoubleBufferFlushThread] INFO  db.RDBCheckpointManager (RDBCheckpointManager.java:createCheckpoint(96)) - Created checkpoint in rocksDB at /home/runner/work/ozone/ozone/hadoop-ozone/integration-test/target/test-dir/MiniOzoneClusterImpl-88c1a39f-978e-429a-824f-6eda176bb531/omNode-3/db.snapshots/om.db-8a64c583-e9f5-4091-b843-c505f3ae7be3 in 32 milliseconds
2023-03-15 06:54:23,379 [OMDoubleBufferFlushThread] INFO  db.RDBCheckpointManager (RDBCheckpointManager.java:waitForCheckpointDirectoryExist(125)) - Waited for 2 milliseconds for checkpoint directory /home/runner/work/ozone/ozone/hadoop-ozone/integration-test/target/test-dir/MiniOzoneClusterImpl-88c1a39f-978e-429a-824f-6eda176bb531/omNode-1/db.snapshots/om.db-8a64c583-e9f5-4091-b843-c505f3ae7be3 availability.
2023-03-15 06:54:23,379 [OMDoubleBufferFlushThread] INFO  om.OmSnapshotManager (OmSnapshotManager.java:createOmSnapshotCheckpoint(170)) - Created checkpoint : /home/runner/work/ozone/ozone/hadoop-ozone/integration-test/target/test-dir/MiniOzoneClusterImpl-88c1a39f-978e-429a-824f-6eda176bb531/omNode-1/db.snapshots/om.db-8a64c583-e9f5-4091-b843-c505f3ae7be3 for snapshot e818a568-d9a8-4f1a-b5bd-64ff8f7411a8
2023-03-15 06:54:23,382 [OMDoubleBufferFlushThread] INFO  db.RDBCheckpointManager (RDBCheckpointManager.java:waitForCheckpointDirectoryExist(125)) - Waited for 4 milliseconds for checkpoint directory /home/runner/work/ozone/ozone/hadoop-ozone/integration-test/target/test-dir/MiniOzoneClusterImpl-88c1a39f-978e-429a-824f-6eda176bb531/omNode-3/db.snapshots/om.db-8a64c583-e9f5-4091-b843-c505f3ae7be3 availability.
2023-03-15 06:54:23,382 [OMDoubleBufferFlushThread] INFO  om.OmSnapshotManager (OmSnapshotManager.java:createOmSnapshotCheckpoint(170)) - Created checkpoint : /home/runner/work/ozone/ozone/hadoop-ozone/integration-test/target/test-dir/MiniOzoneClusterImpl-88c1a39f-978e-429a-824f-6eda176bb531/omNode-3/db.snapshots/om.db-8a64c583-e9f5-4091-b843-c505f3ae7be3 for snapshot e818a568-d9a8-4f1a-b5bd-64ff8f7411a8
2023-03-15 06:54:23,384 [OMDoubleBufferFlushThread] INFO  db.RDBCheckpointManager (RDBCheckpointManager.java:createCheckpoint(96)) - Created checkpoint in rocksDB at /home/runner/work/ozone/ozone/hadoop-ozone/integration-test/target/test-dir/MiniOzoneClusterImpl-88c1a39f-978e-429a-824f-6eda176bb531/omNode-2/db.snapshots/om.db-8a64c583-e9f5-4091-b843-c505f3ae7be3 in 37 milliseconds
2023-03-15 06:54:23,385 [OMDoubleBufferFlushThread] INFO  db.RDBCheckpointManager (RDBCheckpointManager.java:waitForCheckpointDirectoryExist(125)) - Waited for 1 milliseconds for checkpoint directory /home/runner/work/ozone/ozone/hadoop-ozone/integration-test/target/test-dir/MiniOzoneClusterImpl-88c1a39f-978e-429a-824f-6eda176bb531/omNode-2/db.snapshots/om.db-8a64c583-e9f5-4091-b843-c505f3ae7be3 availability.
2023-03-15 06:54:23,385 [OMDoubleBufferFlushThread] INFO  om.OmSnapshotManager (OmSnapshotManager.java:createOmSnapshotCheckpoint(170)) - Created checkpoint : /home/runner/work/ozone/ozone/hadoop-ozone/integration-test/target/test-dir/MiniOzoneClusterImpl-88c1a39f-978e-429a-824f-6eda176bb531/omNode-2/db.snapshots/om.db-8a64c583-e9f5-4091-b843-c505f3ae7be3 for snapshot e818a568-d9a8-4f1a-b5bd-64ff8f7411a8
]]></system-out>
  </testcase>
  <testcase name="testSnapDiffNonExistentUrl" classname="TestOmSnapshot" time="2.113">
    <system-out><![CDATA[2023-03-15 06:52:24,535 [Time-limited test] INFO  rpc.RpcClient (RpcClient.java:createVolume(476)) - Creating Volume: vol-67519, with runner as owner and space quota set to -1 bytes, counts quota set to -1
2023-03-15 06:52:24,544 [OM StateMachine ApplyTransaction Thread - 0] INFO  volume.OMVolumeCreateRequest (OMVolumeCreateRequest.java:validateAndUpdateCache(195)) - created volume:vol-67519 for user:runner
2023-03-15 06:52:24,547 [OM StateMachine ApplyTransaction Thread - 0] INFO  volume.OMVolumeCreateRequest (OMVolumeCreateRequest.java:validateAndUpdateCache(195)) - created volume:vol-67519 for user:runner
2023-03-15 06:52:24,550 [OM StateMachine ApplyTransaction Thread - 0] INFO  volume.OMVolumeCreateRequest (OMVolumeCreateRequest.java:validateAndUpdateCache(195)) - created volume:vol-67519 for user:runner
2023-03-15 06:52:24,552 [Time-limited test] INFO  rpc.RpcClient (RpcClient.java:createBucket(698)) - Creating Bucket: vol-67519/buck-15893, with server-side default bucket layout, runner as owner, Versioning false, Storage Type set to DISK and Encryption set to false, Replication Type set to server-side default replication type, Namespace Quota set to -1, Space Quota set to -1 
2023-03-15 06:52:24,558 [OM StateMachine ApplyTransaction Thread - 0] INFO  bucket.OMBucketCreateRequest (OMBucketCreateRequest.java:validateAndUpdateCache(263)) - created bucket: buck-15893 of layout OBJECT_STORE in volume: vol-67519
2023-03-15 06:52:24,561 [OM StateMachine ApplyTransaction Thread - 0] INFO  bucket.OMBucketCreateRequest (OMBucketCreateRequest.java:validateAndUpdateCache(263)) - created bucket: buck-15893 of layout OBJECT_STORE in volume: vol-67519
2023-03-15 06:52:24,563 [OM StateMachine ApplyTransaction Thread - 0] INFO  bucket.OMBucketCreateRequest (OMBucketCreateRequest.java:validateAndUpdateCache(263)) - created bucket: buck-15893 of layout OBJECT_STORE in volume: vol-67519
2023-03-15 06:52:24,622 [OM StateMachine ApplyTransaction Thread - 0] INFO  snapshot.OMSnapshotCreateRequest (OMSnapshotCreateRequest.java:validateAndUpdateCache(204)) - Created snapshot 'snap60632' under path 'vol-67519/buck-15893'
2023-03-15 06:52:24,623 [OM StateMachine ApplyTransaction Thread - 0] INFO  snapshot.OMSnapshotCreateRequest (OMSnapshotCreateRequest.java:validateAndUpdateCache(204)) - Created snapshot 'snap60632' under path 'vol-67519/buck-15893'
2023-03-15 06:52:24,624 [OM StateMachine ApplyTransaction Thread - 0] INFO  snapshot.OMSnapshotCreateRequest (OMSnapshotCreateRequest.java:validateAndUpdateCache(204)) - Created snapshot 'snap60632' under path 'vol-67519/buck-15893'
2023-03-15 06:52:24,664 [OMDoubleBufferFlushThread] INFO  db.RDBCheckpointManager (RDBCheckpointManager.java:createCheckpoint(96)) - Created checkpoint in rocksDB at /home/runner/work/ozone/ozone/hadoop-ozone/integration-test/target/test-dir/MiniOzoneClusterImpl-e79b0a94-dba3-4ba8-a298-d2d15914ceac/omNode-3/db.snapshots/om.db-3974c207-fd36-4a3d-afd2-500a65c46c10 in 38 milliseconds
2023-03-15 06:52:24,666 [OMDoubleBufferFlushThread] INFO  db.RDBCheckpointManager (RDBCheckpointManager.java:waitForCheckpointDirectoryExist(125)) - Waited for 1 milliseconds for checkpoint directory /home/runner/work/ozone/ozone/hadoop-ozone/integration-test/target/test-dir/MiniOzoneClusterImpl-e79b0a94-dba3-4ba8-a298-d2d15914ceac/omNode-3/db.snapshots/om.db-3974c207-fd36-4a3d-afd2-500a65c46c10 availability.
2023-03-15 06:52:24,666 [OMDoubleBufferFlushThread] INFO  om.OmSnapshotManager (OmSnapshotManager.java:createOmSnapshotCheckpoint(170)) - Created checkpoint : /home/runner/work/ozone/ozone/hadoop-ozone/integration-test/target/test-dir/MiniOzoneClusterImpl-e79b0a94-dba3-4ba8-a298-d2d15914ceac/omNode-3/db.snapshots/om.db-3974c207-fd36-4a3d-afd2-500a65c46c10 for snapshot snap60632
2023-03-15 06:52:24,672 [OMDoubleBufferFlushThread] INFO  db.RDBCheckpointManager (RDBCheckpointManager.java:createCheckpoint(96)) - Created checkpoint in rocksDB at /home/runner/work/ozone/ozone/hadoop-ozone/integration-test/target/test-dir/MiniOzoneClusterImpl-e79b0a94-dba3-4ba8-a298-d2d15914ceac/omNode-2/db.snapshots/om.db-3974c207-fd36-4a3d-afd2-500a65c46c10 in 46 milliseconds
2023-03-15 06:52:24,673 [OMDoubleBufferFlushThread] INFO  db.RDBCheckpointManager (RDBCheckpointManager.java:waitForCheckpointDirectoryExist(125)) - Waited for 1 milliseconds for checkpoint directory /home/runner/work/ozone/ozone/hadoop-ozone/integration-test/target/test-dir/MiniOzoneClusterImpl-e79b0a94-dba3-4ba8-a298-d2d15914ceac/omNode-2/db.snapshots/om.db-3974c207-fd36-4a3d-afd2-500a65c46c10 availability.
2023-03-15 06:52:24,673 [OMDoubleBufferFlushThread] INFO  om.OmSnapshotManager (OmSnapshotManager.java:createOmSnapshotCheckpoint(170)) - Created checkpoint : /home/runner/work/ozone/ozone/hadoop-ozone/integration-test/target/test-dir/MiniOzoneClusterImpl-e79b0a94-dba3-4ba8-a298-d2d15914ceac/omNode-2/db.snapshots/om.db-3974c207-fd36-4a3d-afd2-500a65c46c10 for snapshot snap60632
2023-03-15 06:52:24,680 [OMDoubleBufferFlushThread] INFO  db.RDBCheckpointManager (RDBCheckpointManager.java:createCheckpoint(96)) - Created checkpoint in rocksDB at /home/runner/work/ozone/ozone/hadoop-ozone/integration-test/target/test-dir/MiniOzoneClusterImpl-e79b0a94-dba3-4ba8-a298-d2d15914ceac/omNode-1/db.snapshots/om.db-3974c207-fd36-4a3d-afd2-500a65c46c10 in 55 milliseconds
2023-03-15 06:52:24,680 [OMDoubleBufferFlushThread] INFO  db.RDBCheckpointManager (RDBCheckpointManager.java:waitForCheckpointDirectoryExist(125)) - Waited for 0 milliseconds for checkpoint directory /home/runner/work/ozone/ozone/hadoop-ozone/integration-test/target/test-dir/MiniOzoneClusterImpl-e79b0a94-dba3-4ba8-a298-d2d15914ceac/omNode-1/db.snapshots/om.db-3974c207-fd36-4a3d-afd2-500a65c46c10 availability.
2023-03-15 06:52:24,681 [OMDoubleBufferFlushThread] INFO  om.OmSnapshotManager (OmSnapshotManager.java:createOmSnapshotCheckpoint(170)) - Created checkpoint : /home/runner/work/ozone/ozone/hadoop-ozone/integration-test/target/test-dir/MiniOzoneClusterImpl-e79b0a94-dba3-4ba8-a298-d2d15914ceac/omNode-1/db.snapshots/om.db-3974c207-fd36-4a3d-afd2-500a65c46c10 for snapshot snap60632
2023-03-15 06:52:25,629 [OM StateMachine ApplyTransaction Thread - 0] INFO  snapshot.OMSnapshotCreateRequest (OMSnapshotCreateRequest.java:validateAndUpdateCache(204)) - Created snapshot 'snap97851' under path 'vol-67519/buck-15893'
2023-03-15 06:52:25,633 [OM StateMachine ApplyTransaction Thread - 0] INFO  snapshot.OMSnapshotCreateRequest (OMSnapshotCreateRequest.java:validateAndUpdateCache(204)) - Created snapshot 'snap97851' under path 'vol-67519/buck-15893'
2023-03-15 06:52:25,634 [OM StateMachine ApplyTransaction Thread - 0] INFO  snapshot.OMSnapshotCreateRequest (OMSnapshotCreateRequest.java:validateAndUpdateCache(204)) - Created snapshot 'snap97851' under path 'vol-67519/buck-15893'
2023-03-15 06:52:25,650 [OMDoubleBufferFlushThread] INFO  db.RDBCheckpointManager (RDBCheckpointManager.java:createCheckpoint(96)) - Created checkpoint in rocksDB at /home/runner/work/ozone/ozone/hadoop-ozone/integration-test/target/test-dir/MiniOzoneClusterImpl-e79b0a94-dba3-4ba8-a298-d2d15914ceac/omNode-1/db.snapshots/om.db-0896996e-d9b3-40a5-8fd0-5c528fb7f2bb in 19 milliseconds
2023-03-15 06:52:25,651 [OMDoubleBufferFlushThread] INFO  db.RDBCheckpointManager (RDBCheckpointManager.java:waitForCheckpointDirectoryExist(125)) - Waited for 1 milliseconds for checkpoint directory /home/runner/work/ozone/ozone/hadoop-ozone/integration-test/target/test-dir/MiniOzoneClusterImpl-e79b0a94-dba3-4ba8-a298-d2d15914ceac/omNode-1/db.snapshots/om.db-0896996e-d9b3-40a5-8fd0-5c528fb7f2bb availability.
2023-03-15 06:52:25,651 [OMDoubleBufferFlushThread] INFO  om.OmSnapshotManager (OmSnapshotManager.java:createOmSnapshotCheckpoint(170)) - Created checkpoint : /home/runner/work/ozone/ozone/hadoop-ozone/integration-test/target/test-dir/MiniOzoneClusterImpl-e79b0a94-dba3-4ba8-a298-d2d15914ceac/omNode-1/db.snapshots/om.db-0896996e-d9b3-40a5-8fd0-5c528fb7f2bb for snapshot snap97851
2023-03-15 06:52:25,656 [OMDoubleBufferFlushThread] INFO  db.RDBCheckpointManager (RDBCheckpointManager.java:createCheckpoint(96)) - Created checkpoint in rocksDB at /home/runner/work/ozone/ozone/hadoop-ozone/integration-test/target/test-dir/MiniOzoneClusterImpl-e79b0a94-dba3-4ba8-a298-d2d15914ceac/omNode-3/db.snapshots/om.db-0896996e-d9b3-40a5-8fd0-5c528fb7f2bb in 21 milliseconds
2023-03-15 06:52:25,656 [OMDoubleBufferFlushThread] INFO  db.RDBCheckpointManager (RDBCheckpointManager.java:createCheckpoint(96)) - Created checkpoint in rocksDB at /home/runner/work/ozone/ozone/hadoop-ozone/integration-test/target/test-dir/MiniOzoneClusterImpl-e79b0a94-dba3-4ba8-a298-d2d15914ceac/omNode-2/db.snapshots/om.db-0896996e-d9b3-40a5-8fd0-5c528fb7f2bb in 21 milliseconds
2023-03-15 06:52:25,657 [OMDoubleBufferFlushThread] INFO  db.RDBCheckpointManager (RDBCheckpointManager.java:waitForCheckpointDirectoryExist(125)) - Waited for 1 milliseconds for checkpoint directory /home/runner/work/ozone/ozone/hadoop-ozone/integration-test/target/test-dir/MiniOzoneClusterImpl-e79b0a94-dba3-4ba8-a298-d2d15914ceac/omNode-2/db.snapshots/om.db-0896996e-d9b3-40a5-8fd0-5c528fb7f2bb availability.
2023-03-15 06:52:25,657 [OMDoubleBufferFlushThread] INFO  db.RDBCheckpointManager (RDBCheckpointManager.java:waitForCheckpointDirectoryExist(125)) - Waited for 1 milliseconds for checkpoint directory /home/runner/work/ozone/ozone/hadoop-ozone/integration-test/target/test-dir/MiniOzoneClusterImpl-e79b0a94-dba3-4ba8-a298-d2d15914ceac/omNode-3/db.snapshots/om.db-0896996e-d9b3-40a5-8fd0-5c528fb7f2bb availability.
2023-03-15 06:52:25,657 [OMDoubleBufferFlushThread] INFO  om.OmSnapshotManager (OmSnapshotManager.java:createOmSnapshotCheckpoint(170)) - Created checkpoint : /home/runner/work/ozone/ozone/hadoop-ozone/integration-test/target/test-dir/MiniOzoneClusterImpl-e79b0a94-dba3-4ba8-a298-d2d15914ceac/omNode-3/db.snapshots/om.db-0896996e-d9b3-40a5-8fd0-5c528fb7f2bb for snapshot snap97851
2023-03-15 06:52:25,657 [OMDoubleBufferFlushThread] INFO  om.OmSnapshotManager (OmSnapshotManager.java:createOmSnapshotCheckpoint(170)) - Created checkpoint : /home/runner/work/ozone/ozone/hadoop-ozone/integration-test/target/test-dir/MiniOzoneClusterImpl-e79b0a94-dba3-4ba8-a298-d2d15914ceac/omNode-2/db.snapshots/om.db-0896996e-d9b3-40a5-8fd0-5c528fb7f2bb for snapshot snap97851
]]></system-out>
  </testcase>
  <testcase name="testSnapDiffNonExistentUrl" classname="TestOmSnapshot" time="2.066">
    <system-out><![CDATA[2023-03-15 06:53:23,017 [Time-limited test] INFO  rpc.RpcClient (RpcClient.java:createVolume(476)) - Creating Volume: vol-69379, with runner as owner and space quota set to -1 bytes, counts quota set to -1
2023-03-15 06:53:23,022 [OM StateMachine ApplyTransaction Thread - 0] INFO  volume.OMVolumeCreateRequest (OMVolumeCreateRequest.java:validateAndUpdateCache(195)) - created volume:vol-69379 for user:runner
2023-03-15 06:53:23,028 [OM StateMachine ApplyTransaction Thread - 0] INFO  volume.OMVolumeCreateRequest (OMVolumeCreateRequest.java:validateAndUpdateCache(195)) - created volume:vol-69379 for user:runner
2023-03-15 06:53:23,028 [OM StateMachine ApplyTransaction Thread - 0] INFO  volume.OMVolumeCreateRequest (OMVolumeCreateRequest.java:validateAndUpdateCache(195)) - created volume:vol-69379 for user:runner
2023-03-15 06:53:23,029 [Time-limited test] INFO  rpc.RpcClient (RpcClient.java:createBucket(698)) - Creating Bucket: vol-69379/buck-63430, with server-side default bucket layout, runner as owner, Versioning false, Storage Type set to DISK and Encryption set to false, Replication Type set to server-side default replication type, Namespace Quota set to -1, Space Quota set to -1 
2023-03-15 06:53:23,031 [OM StateMachine ApplyTransaction Thread - 0] INFO  bucket.OMBucketCreateRequest (OMBucketCreateRequest.java:validateAndUpdateCache(263)) - created bucket: buck-63430 of layout FILE_SYSTEM_OPTIMIZED in volume: vol-69379
2023-03-15 06:53:23,033 [OM StateMachine ApplyTransaction Thread - 0] INFO  bucket.OMBucketCreateRequest (OMBucketCreateRequest.java:validateAndUpdateCache(263)) - created bucket: buck-63430 of layout FILE_SYSTEM_OPTIMIZED in volume: vol-69379
2023-03-15 06:53:23,033 [OM StateMachine ApplyTransaction Thread - 0] INFO  bucket.OMBucketCreateRequest (OMBucketCreateRequest.java:validateAndUpdateCache(263)) - created bucket: buck-63430 of layout FILE_SYSTEM_OPTIMIZED in volume: vol-69379
2023-03-15 06:53:23,073 [OM StateMachine ApplyTransaction Thread - 0] INFO  snapshot.OMSnapshotCreateRequest (OMSnapshotCreateRequest.java:validateAndUpdateCache(204)) - Created snapshot 'snap52917' under path 'vol-69379/buck-63430'
2023-03-15 06:53:23,075 [OM StateMachine ApplyTransaction Thread - 0] INFO  snapshot.OMSnapshotCreateRequest (OMSnapshotCreateRequest.java:validateAndUpdateCache(204)) - Created snapshot 'snap52917' under path 'vol-69379/buck-63430'
2023-03-15 06:53:23,075 [OM StateMachine ApplyTransaction Thread - 0] INFO  snapshot.OMSnapshotCreateRequest (OMSnapshotCreateRequest.java:validateAndUpdateCache(204)) - Created snapshot 'snap52917' under path 'vol-69379/buck-63430'
2023-03-15 06:53:23,114 [OMDoubleBufferFlushThread] INFO  db.RDBCheckpointManager (RDBCheckpointManager.java:createCheckpoint(96)) - Created checkpoint in rocksDB at /home/runner/work/ozone/ozone/hadoop-ozone/integration-test/target/test-dir/MiniOzoneClusterImpl-8d40f1f0-3e23-4273-879b-a609159ae6a4/omNode-2/db.snapshots/om.db-7f4724a3-8386-4ff5-ac8d-ea78552f6cc4 in 38 milliseconds
2023-03-15 06:53:23,114 [OMDoubleBufferFlushThread] INFO  db.RDBCheckpointManager (RDBCheckpointManager.java:waitForCheckpointDirectoryExist(125)) - Waited for 0 milliseconds for checkpoint directory /home/runner/work/ozone/ozone/hadoop-ozone/integration-test/target/test-dir/MiniOzoneClusterImpl-8d40f1f0-3e23-4273-879b-a609159ae6a4/omNode-2/db.snapshots/om.db-7f4724a3-8386-4ff5-ac8d-ea78552f6cc4 availability.
2023-03-15 06:53:23,115 [OMDoubleBufferFlushThread] INFO  om.OmSnapshotManager (OmSnapshotManager.java:createOmSnapshotCheckpoint(170)) - Created checkpoint : /home/runner/work/ozone/ozone/hadoop-ozone/integration-test/target/test-dir/MiniOzoneClusterImpl-8d40f1f0-3e23-4273-879b-a609159ae6a4/omNode-2/db.snapshots/om.db-7f4724a3-8386-4ff5-ac8d-ea78552f6cc4 for snapshot snap52917
2023-03-15 06:53:23,120 [OMDoubleBufferFlushThread] INFO  db.RDBCheckpointManager (RDBCheckpointManager.java:createCheckpoint(96)) - Created checkpoint in rocksDB at /home/runner/work/ozone/ozone/hadoop-ozone/integration-test/target/test-dir/MiniOzoneClusterImpl-8d40f1f0-3e23-4273-879b-a609159ae6a4/omNode-1/db.snapshots/om.db-7f4724a3-8386-4ff5-ac8d-ea78552f6cc4 in 45 milliseconds
2023-03-15 06:53:23,120 [OMDoubleBufferFlushThread] INFO  db.RDBCheckpointManager (RDBCheckpointManager.java:waitForCheckpointDirectoryExist(125)) - Waited for 0 milliseconds for checkpoint directory /home/runner/work/ozone/ozone/hadoop-ozone/integration-test/target/test-dir/MiniOzoneClusterImpl-8d40f1f0-3e23-4273-879b-a609159ae6a4/omNode-1/db.snapshots/om.db-7f4724a3-8386-4ff5-ac8d-ea78552f6cc4 availability.
2023-03-15 06:53:23,120 [OMDoubleBufferFlushThread] INFO  om.OmSnapshotManager (OmSnapshotManager.java:createOmSnapshotCheckpoint(170)) - Created checkpoint : /home/runner/work/ozone/ozone/hadoop-ozone/integration-test/target/test-dir/MiniOzoneClusterImpl-8d40f1f0-3e23-4273-879b-a609159ae6a4/omNode-1/db.snapshots/om.db-7f4724a3-8386-4ff5-ac8d-ea78552f6cc4 for snapshot snap52917
2023-03-15 06:53:23,126 [OMDoubleBufferFlushThread] INFO  db.RDBCheckpointManager (RDBCheckpointManager.java:createCheckpoint(96)) - Created checkpoint in rocksDB at /home/runner/work/ozone/ozone/hadoop-ozone/integration-test/target/test-dir/MiniOzoneClusterImpl-8d40f1f0-3e23-4273-879b-a609159ae6a4/omNode-3/db.snapshots/om.db-7f4724a3-8386-4ff5-ac8d-ea78552f6cc4 in 48 milliseconds
2023-03-15 06:53:23,126 [OMDoubleBufferFlushThread] INFO  db.RDBCheckpointManager (RDBCheckpointManager.java:waitForCheckpointDirectoryExist(125)) - Waited for 0 milliseconds for checkpoint directory /home/runner/work/ozone/ozone/hadoop-ozone/integration-test/target/test-dir/MiniOzoneClusterImpl-8d40f1f0-3e23-4273-879b-a609159ae6a4/omNode-3/db.snapshots/om.db-7f4724a3-8386-4ff5-ac8d-ea78552f6cc4 availability.
2023-03-15 06:53:23,126 [OMDoubleBufferFlushThread] INFO  om.OmSnapshotManager (OmSnapshotManager.java:createOmSnapshotCheckpoint(170)) - Created checkpoint : /home/runner/work/ozone/ozone/hadoop-ozone/integration-test/target/test-dir/MiniOzoneClusterImpl-8d40f1f0-3e23-4273-879b-a609159ae6a4/omNode-3/db.snapshots/om.db-7f4724a3-8386-4ff5-ac8d-ea78552f6cc4 for snapshot snap52917
2023-03-15 06:53:24,078 [OM StateMachine ApplyTransaction Thread - 0] INFO  snapshot.OMSnapshotCreateRequest (OMSnapshotCreateRequest.java:validateAndUpdateCache(204)) - Created snapshot 'snap17544' under path 'vol-69379/buck-63430'
2023-03-15 06:53:24,080 [OM StateMachine ApplyTransaction Thread - 0] INFO  snapshot.OMSnapshotCreateRequest (OMSnapshotCreateRequest.java:validateAndUpdateCache(204)) - Created snapshot 'snap17544' under path 'vol-69379/buck-63430'
2023-03-15 06:53:24,081 [OM StateMachine ApplyTransaction Thread - 0] INFO  snapshot.OMSnapshotCreateRequest (OMSnapshotCreateRequest.java:validateAndUpdateCache(204)) - Created snapshot 'snap17544' under path 'vol-69379/buck-63430'
2023-03-15 06:53:24,109 [OMDoubleBufferFlushThread] INFO  db.RDBCheckpointManager (RDBCheckpointManager.java:createCheckpoint(96)) - Created checkpoint in rocksDB at /home/runner/work/ozone/ozone/hadoop-ozone/integration-test/target/test-dir/MiniOzoneClusterImpl-8d40f1f0-3e23-4273-879b-a609159ae6a4/omNode-2/db.snapshots/om.db-1925fc55-9dc0-4880-a8c0-b96c85c4946d in 27 milliseconds
2023-03-15 06:53:24,110 [OMDoubleBufferFlushThread] INFO  db.RDBCheckpointManager (RDBCheckpointManager.java:waitForCheckpointDirectoryExist(125)) - Waited for 1 milliseconds for checkpoint directory /home/runner/work/ozone/ozone/hadoop-ozone/integration-test/target/test-dir/MiniOzoneClusterImpl-8d40f1f0-3e23-4273-879b-a609159ae6a4/omNode-2/db.snapshots/om.db-1925fc55-9dc0-4880-a8c0-b96c85c4946d availability.
2023-03-15 06:53:24,110 [OMDoubleBufferFlushThread] INFO  om.OmSnapshotManager (OmSnapshotManager.java:createOmSnapshotCheckpoint(170)) - Created checkpoint : /home/runner/work/ozone/ozone/hadoop-ozone/integration-test/target/test-dir/MiniOzoneClusterImpl-8d40f1f0-3e23-4273-879b-a609159ae6a4/omNode-2/db.snapshots/om.db-1925fc55-9dc0-4880-a8c0-b96c85c4946d for snapshot snap17544
2023-03-15 06:53:24,111 [OMDoubleBufferFlushThread] INFO  db.RDBCheckpointManager (RDBCheckpointManager.java:createCheckpoint(96)) - Created checkpoint in rocksDB at /home/runner/work/ozone/ozone/hadoop-ozone/integration-test/target/test-dir/MiniOzoneClusterImpl-8d40f1f0-3e23-4273-879b-a609159ae6a4/omNode-1/db.snapshots/om.db-1925fc55-9dc0-4880-a8c0-b96c85c4946d in 32 milliseconds
2023-03-15 06:53:24,113 [OMDoubleBufferFlushThread] INFO  db.RDBCheckpointManager (RDBCheckpointManager.java:createCheckpoint(96)) - Created checkpoint in rocksDB at /home/runner/work/ozone/ozone/hadoop-ozone/integration-test/target/test-dir/MiniOzoneClusterImpl-8d40f1f0-3e23-4273-879b-a609159ae6a4/omNode-3/db.snapshots/om.db-1925fc55-9dc0-4880-a8c0-b96c85c4946d in 31 milliseconds
2023-03-15 06:53:24,113 [OMDoubleBufferFlushThread] INFO  db.RDBCheckpointManager (RDBCheckpointManager.java:waitForCheckpointDirectoryExist(125)) - Waited for 2 milliseconds for checkpoint directory /home/runner/work/ozone/ozone/hadoop-ozone/integration-test/target/test-dir/MiniOzoneClusterImpl-8d40f1f0-3e23-4273-879b-a609159ae6a4/omNode-1/db.snapshots/om.db-1925fc55-9dc0-4880-a8c0-b96c85c4946d availability.
2023-03-15 06:53:24,113 [OMDoubleBufferFlushThread] INFO  om.OmSnapshotManager (OmSnapshotManager.java:createOmSnapshotCheckpoint(170)) - Created checkpoint : /home/runner/work/ozone/ozone/hadoop-ozone/integration-test/target/test-dir/MiniOzoneClusterImpl-8d40f1f0-3e23-4273-879b-a609159ae6a4/omNode-1/db.snapshots/om.db-1925fc55-9dc0-4880-a8c0-b96c85c4946d for snapshot snap17544
2023-03-15 06:53:24,114 [OMDoubleBufferFlushThread] INFO  db.RDBCheckpointManager (RDBCheckpointManager.java:waitForCheckpointDirectoryExist(125)) - Waited for 1 milliseconds for checkpoint directory /home/runner/work/ozone/ozone/hadoop-ozone/integration-test/target/test-dir/MiniOzoneClusterImpl-8d40f1f0-3e23-4273-879b-a609159ae6a4/omNode-3/db.snapshots/om.db-1925fc55-9dc0-4880-a8c0-b96c85c4946d availability.
2023-03-15 06:53:24,114 [OMDoubleBufferFlushThread] INFO  om.OmSnapshotManager (OmSnapshotManager.java:createOmSnapshotCheckpoint(170)) - Created checkpoint : /home/runner/work/ozone/ozone/hadoop-ozone/integration-test/target/test-dir/MiniOzoneClusterImpl-8d40f1f0-3e23-4273-879b-a609159ae6a4/omNode-3/db.snapshots/om.db-1925fc55-9dc0-4880-a8c0-b96c85c4946d for snapshot snap17544
]]></system-out>
  </testcase>
  <testcase name="testSnapDiffNonExistentUrl" classname="TestOmSnapshot" time="2.061">
    <system-out><![CDATA[2023-03-15 06:54:24,345 [Time-limited test] INFO  rpc.RpcClient (RpcClient.java:createVolume(476)) - Creating Volume: vol-83127, with runner as owner and space quota set to -1 bytes, counts quota set to -1
2023-03-15 06:54:24,349 [OM StateMachine ApplyTransaction Thread - 0] INFO  volume.OMVolumeCreateRequest (OMVolumeCreateRequest.java:validateAndUpdateCache(195)) - created volume:vol-83127 for user:runner
2023-03-15 06:54:24,350 [OM StateMachine ApplyTransaction Thread - 0] INFO  volume.OMVolumeCreateRequest (OMVolumeCreateRequest.java:validateAndUpdateCache(195)) - created volume:vol-83127 for user:runner
2023-03-15 06:54:24,350 [OM StateMachine ApplyTransaction Thread - 0] INFO  volume.OMVolumeCreateRequest (OMVolumeCreateRequest.java:validateAndUpdateCache(195)) - created volume:vol-83127 for user:runner
2023-03-15 06:54:24,352 [Time-limited test] INFO  rpc.RpcClient (RpcClient.java:createBucket(698)) - Creating Bucket: vol-83127/buck-80014, with server-side default bucket layout, runner as owner, Versioning false, Storage Type set to DISK and Encryption set to false, Replication Type set to server-side default replication type, Namespace Quota set to -1, Space Quota set to -1 
2023-03-15 06:54:24,354 [OM StateMachine ApplyTransaction Thread - 0] INFO  bucket.OMBucketCreateRequest (OMBucketCreateRequest.java:validateAndUpdateCache(263)) - created bucket: buck-80014 of layout LEGACY in volume: vol-83127
2023-03-15 06:54:24,355 [OM StateMachine ApplyTransaction Thread - 0] INFO  bucket.OMBucketCreateRequest (OMBucketCreateRequest.java:validateAndUpdateCache(263)) - created bucket: buck-80014 of layout LEGACY in volume: vol-83127
2023-03-15 06:54:24,355 [OM StateMachine ApplyTransaction Thread - 0] INFO  bucket.OMBucketCreateRequest (OMBucketCreateRequest.java:validateAndUpdateCache(263)) - created bucket: buck-80014 of layout LEGACY in volume: vol-83127
2023-03-15 06:54:24,387 [OM StateMachine ApplyTransaction Thread - 0] INFO  snapshot.OMSnapshotCreateRequest (OMSnapshotCreateRequest.java:validateAndUpdateCache(204)) - Created snapshot 'snap33766' under path 'vol-83127/buck-80014'
2023-03-15 06:54:24,388 [OM StateMachine ApplyTransaction Thread - 0] INFO  snapshot.OMSnapshotCreateRequest (OMSnapshotCreateRequest.java:validateAndUpdateCache(204)) - Created snapshot 'snap33766' under path 'vol-83127/buck-80014'
2023-03-15 06:54:24,388 [OM StateMachine ApplyTransaction Thread - 0] INFO  snapshot.OMSnapshotCreateRequest (OMSnapshotCreateRequest.java:validateAndUpdateCache(204)) - Created snapshot 'snap33766' under path 'vol-83127/buck-80014'
2023-03-15 06:54:24,428 [OMDoubleBufferFlushThread] INFO  db.RDBCheckpointManager (RDBCheckpointManager.java:createCheckpoint(96)) - Created checkpoint in rocksDB at /home/runner/work/ozone/ozone/hadoop-ozone/integration-test/target/test-dir/MiniOzoneClusterImpl-88c1a39f-978e-429a-824f-6eda176bb531/omNode-2/db.snapshots/om.db-ee5b74a3-7a6e-459d-a2f4-526d1c171677 in 37 milliseconds
2023-03-15 06:54:24,430 [OMDoubleBufferFlushThread] INFO  db.RDBCheckpointManager (RDBCheckpointManager.java:waitForCheckpointDirectoryExist(125)) - Waited for 2 milliseconds for checkpoint directory /home/runner/work/ozone/ozone/hadoop-ozone/integration-test/target/test-dir/MiniOzoneClusterImpl-88c1a39f-978e-429a-824f-6eda176bb531/omNode-2/db.snapshots/om.db-ee5b74a3-7a6e-459d-a2f4-526d1c171677 availability.
2023-03-15 06:54:24,430 [OMDoubleBufferFlushThread] INFO  om.OmSnapshotManager (OmSnapshotManager.java:createOmSnapshotCheckpoint(170)) - Created checkpoint : /home/runner/work/ozone/ozone/hadoop-ozone/integration-test/target/test-dir/MiniOzoneClusterImpl-88c1a39f-978e-429a-824f-6eda176bb531/omNode-2/db.snapshots/om.db-ee5b74a3-7a6e-459d-a2f4-526d1c171677 for snapshot snap33766
2023-03-15 06:54:24,432 [OMDoubleBufferFlushThread] INFO  db.RDBCheckpointManager (RDBCheckpointManager.java:createCheckpoint(96)) - Created checkpoint in rocksDB at /home/runner/work/ozone/ozone/hadoop-ozone/integration-test/target/test-dir/MiniOzoneClusterImpl-88c1a39f-978e-429a-824f-6eda176bb531/omNode-1/db.snapshots/om.db-ee5b74a3-7a6e-459d-a2f4-526d1c171677 in 43 milliseconds
2023-03-15 06:54:24,433 [OMDoubleBufferFlushThread] INFO  db.RDBCheckpointManager (RDBCheckpointManager.java:createCheckpoint(96)) - Created checkpoint in rocksDB at /home/runner/work/ozone/ozone/hadoop-ozone/integration-test/target/test-dir/MiniOzoneClusterImpl-88c1a39f-978e-429a-824f-6eda176bb531/omNode-3/db.snapshots/om.db-ee5b74a3-7a6e-459d-a2f4-526d1c171677 in 42 milliseconds
2023-03-15 06:54:24,433 [OMDoubleBufferFlushThread] INFO  db.RDBCheckpointManager (RDBCheckpointManager.java:waitForCheckpointDirectoryExist(125)) - Waited for 1 milliseconds for checkpoint directory /home/runner/work/ozone/ozone/hadoop-ozone/integration-test/target/test-dir/MiniOzoneClusterImpl-88c1a39f-978e-429a-824f-6eda176bb531/omNode-1/db.snapshots/om.db-ee5b74a3-7a6e-459d-a2f4-526d1c171677 availability.
2023-03-15 06:54:24,433 [OMDoubleBufferFlushThread] INFO  db.RDBCheckpointManager (RDBCheckpointManager.java:waitForCheckpointDirectoryExist(125)) - Waited for 0 milliseconds for checkpoint directory /home/runner/work/ozone/ozone/hadoop-ozone/integration-test/target/test-dir/MiniOzoneClusterImpl-88c1a39f-978e-429a-824f-6eda176bb531/omNode-3/db.snapshots/om.db-ee5b74a3-7a6e-459d-a2f4-526d1c171677 availability.
2023-03-15 06:54:24,433 [OMDoubleBufferFlushThread] INFO  om.OmSnapshotManager (OmSnapshotManager.java:createOmSnapshotCheckpoint(170)) - Created checkpoint : /home/runner/work/ozone/ozone/hadoop-ozone/integration-test/target/test-dir/MiniOzoneClusterImpl-88c1a39f-978e-429a-824f-6eda176bb531/omNode-3/db.snapshots/om.db-ee5b74a3-7a6e-459d-a2f4-526d1c171677 for snapshot snap33766
2023-03-15 06:54:24,433 [OMDoubleBufferFlushThread] INFO  om.OmSnapshotManager (OmSnapshotManager.java:createOmSnapshotCheckpoint(170)) - Created checkpoint : /home/runner/work/ozone/ozone/hadoop-ozone/integration-test/target/test-dir/MiniOzoneClusterImpl-88c1a39f-978e-429a-824f-6eda176bb531/omNode-1/db.snapshots/om.db-ee5b74a3-7a6e-459d-a2f4-526d1c171677 for snapshot snap33766
2023-03-15 06:54:25,399 [OM StateMachine ApplyTransaction Thread - 0] INFO  snapshot.OMSnapshotCreateRequest (OMSnapshotCreateRequest.java:validateAndUpdateCache(204)) - Created snapshot 'snap28927' under path 'vol-83127/buck-80014'
2023-03-15 06:54:25,402 [OM StateMachine ApplyTransaction Thread - 0] INFO  snapshot.OMSnapshotCreateRequest (OMSnapshotCreateRequest.java:validateAndUpdateCache(204)) - Created snapshot 'snap28927' under path 'vol-83127/buck-80014'
2023-03-15 06:54:25,404 [OM StateMachine ApplyTransaction Thread - 0] INFO  snapshot.OMSnapshotCreateRequest (OMSnapshotCreateRequest.java:validateAndUpdateCache(204)) - Created snapshot 'snap28927' under path 'vol-83127/buck-80014'
2023-03-15 06:54:25,416 [OMDoubleBufferFlushThread] INFO  db.RDBCheckpointManager (RDBCheckpointManager.java:createCheckpoint(96)) - Created checkpoint in rocksDB at /home/runner/work/ozone/ozone/hadoop-ozone/integration-test/target/test-dir/MiniOzoneClusterImpl-88c1a39f-978e-429a-824f-6eda176bb531/omNode-3/db.snapshots/om.db-ed55eb10-a360-4894-b0d9-6b2da780d56d in 13 milliseconds
2023-03-15 06:54:25,418 [OMDoubleBufferFlushThread] INFO  db.RDBCheckpointManager (RDBCheckpointManager.java:waitForCheckpointDirectoryExist(125)) - Waited for 2 milliseconds for checkpoint directory /home/runner/work/ozone/ozone/hadoop-ozone/integration-test/target/test-dir/MiniOzoneClusterImpl-88c1a39f-978e-429a-824f-6eda176bb531/omNode-3/db.snapshots/om.db-ed55eb10-a360-4894-b0d9-6b2da780d56d availability.
2023-03-15 06:54:25,418 [OMDoubleBufferFlushThread] INFO  om.OmSnapshotManager (OmSnapshotManager.java:createOmSnapshotCheckpoint(170)) - Created checkpoint : /home/runner/work/ozone/ozone/hadoop-ozone/integration-test/target/test-dir/MiniOzoneClusterImpl-88c1a39f-978e-429a-824f-6eda176bb531/omNode-3/db.snapshots/om.db-ed55eb10-a360-4894-b0d9-6b2da780d56d for snapshot snap28927
2023-03-15 06:54:25,420 [OMDoubleBufferFlushThread] INFO  db.RDBCheckpointManager (RDBCheckpointManager.java:createCheckpoint(96)) - Created checkpoint in rocksDB at /home/runner/work/ozone/ozone/hadoop-ozone/integration-test/target/test-dir/MiniOzoneClusterImpl-88c1a39f-978e-429a-824f-6eda176bb531/omNode-1/db.snapshots/om.db-ed55eb10-a360-4894-b0d9-6b2da780d56d in 17 milliseconds
2023-03-15 06:54:25,421 [OMDoubleBufferFlushThread] INFO  db.RDBCheckpointManager (RDBCheckpointManager.java:waitForCheckpointDirectoryExist(125)) - Waited for 1 milliseconds for checkpoint directory /home/runner/work/ozone/ozone/hadoop-ozone/integration-test/target/test-dir/MiniOzoneClusterImpl-88c1a39f-978e-429a-824f-6eda176bb531/omNode-1/db.snapshots/om.db-ed55eb10-a360-4894-b0d9-6b2da780d56d availability.
2023-03-15 06:54:25,421 [OMDoubleBufferFlushThread] INFO  om.OmSnapshotManager (OmSnapshotManager.java:createOmSnapshotCheckpoint(170)) - Created checkpoint : /home/runner/work/ozone/ozone/hadoop-ozone/integration-test/target/test-dir/MiniOzoneClusterImpl-88c1a39f-978e-429a-824f-6eda176bb531/omNode-1/db.snapshots/om.db-ed55eb10-a360-4894-b0d9-6b2da780d56d for snapshot snap28927
2023-03-15 06:54:25,423 [OMDoubleBufferFlushThread] INFO  db.RDBCheckpointManager (RDBCheckpointManager.java:createCheckpoint(96)) - Created checkpoint in rocksDB at /home/runner/work/ozone/ozone/hadoop-ozone/integration-test/target/test-dir/MiniOzoneClusterImpl-88c1a39f-978e-429a-824f-6eda176bb531/omNode-2/db.snapshots/om.db-ed55eb10-a360-4894-b0d9-6b2da780d56d in 18 milliseconds
2023-03-15 06:54:25,424 [OMDoubleBufferFlushThread] INFO  db.RDBCheckpointManager (RDBCheckpointManager.java:waitForCheckpointDirectoryExist(125)) - Waited for 1 milliseconds for checkpoint directory /home/runner/work/ozone/ozone/hadoop-ozone/integration-test/target/test-dir/MiniOzoneClusterImpl-88c1a39f-978e-429a-824f-6eda176bb531/omNode-2/db.snapshots/om.db-ed55eb10-a360-4894-b0d9-6b2da780d56d availability.
2023-03-15 06:54:25,424 [OMDoubleBufferFlushThread] INFO  om.OmSnapshotManager (OmSnapshotManager.java:createOmSnapshotCheckpoint(170)) - Created checkpoint : /home/runner/work/ozone/ozone/hadoop-ozone/integration-test/target/test-dir/MiniOzoneClusterImpl-88c1a39f-978e-429a-824f-6eda176bb531/omNode-2/db.snapshots/om.db-ed55eb10-a360-4894-b0d9-6b2da780d56d for snapshot snap28927
]]></system-out>
  </testcase>
  <testcase name="testListKey" classname="TestOmSnapshot" time="9.243">
    <system-out><![CDATA[2023-03-15 06:52:26,649 [Time-limited test] INFO  rpc.RpcClient (RpcClient.java:createVolume(476)) - Creating Volume: vol-a-41031, with runner as owner and space quota set to -1 bytes, counts quota set to -1
2023-03-15 06:52:26,655 [OM StateMachine ApplyTransaction Thread - 0] INFO  volume.OMVolumeCreateRequest (OMVolumeCreateRequest.java:validateAndUpdateCache(195)) - created volume:vol-a-41031 for user:runner
2023-03-15 06:52:26,658 [Time-limited test] INFO  rpc.RpcClient (RpcClient.java:createVolume(476)) - Creating Volume: vol-b-00669, with runner as owner and space quota set to -1 bytes, counts quota set to -1
2023-03-15 06:52:26,660 [OM StateMachine ApplyTransaction Thread - 0] INFO  volume.OMVolumeCreateRequest (OMVolumeCreateRequest.java:validateAndUpdateCache(195)) - created volume:vol-a-41031 for user:runner
2023-03-15 06:52:26,663 [OM StateMachine ApplyTransaction Thread - 0] INFO  volume.OMVolumeCreateRequest (OMVolumeCreateRequest.java:validateAndUpdateCache(195)) - created volume:vol-a-41031 for user:runner
2023-03-15 06:52:26,666 [OM StateMachine ApplyTransaction Thread - 0] INFO  volume.OMVolumeCreateRequest (OMVolumeCreateRequest.java:validateAndUpdateCache(195)) - created volume:vol-b-00669 for user:runner
2023-03-15 06:52:26,681 [Time-limited test] INFO  rpc.RpcClient (RpcClient.java:createBucket(698)) - Creating Bucket: vol-a-41031/buc-a-99100, with server-side default bucket layout, runner as owner, Versioning false, Storage Type set to DISK and Encryption set to false, Replication Type set to server-side default replication type, Namespace Quota set to -1, Space Quota set to -1 
2023-03-15 06:52:26,682 [OM StateMachine ApplyTransaction Thread - 0] INFO  volume.OMVolumeCreateRequest (OMVolumeCreateRequest.java:validateAndUpdateCache(195)) - created volume:vol-b-00669 for user:runner
2023-03-15 06:52:26,684 [OM StateMachine ApplyTransaction Thread - 0] INFO  volume.OMVolumeCreateRequest (OMVolumeCreateRequest.java:validateAndUpdateCache(195)) - created volume:vol-b-00669 for user:runner
2023-03-15 06:52:26,687 [OM StateMachine ApplyTransaction Thread - 0] INFO  bucket.OMBucketCreateRequest (OMBucketCreateRequest.java:validateAndUpdateCache(263)) - created bucket: buc-a-99100 of layout OBJECT_STORE in volume: vol-a-41031
2023-03-15 06:52:26,689 [Time-limited test] INFO  rpc.RpcClient (RpcClient.java:createBucket(698)) - Creating Bucket: vol-a-41031/buc-b-17522, with server-side default bucket layout, runner as owner, Versioning false, Storage Type set to DISK and Encryption set to false, Replication Type set to server-side default replication type, Namespace Quota set to -1, Space Quota set to -1 
2023-03-15 06:52:26,689 [OM StateMachine ApplyTransaction Thread - 0] INFO  bucket.OMBucketCreateRequest (OMBucketCreateRequest.java:validateAndUpdateCache(263)) - created bucket: buc-a-99100 of layout OBJECT_STORE in volume: vol-a-41031
2023-03-15 06:52:26,694 [OM StateMachine ApplyTransaction Thread - 0] INFO  bucket.OMBucketCreateRequest (OMBucketCreateRequest.java:validateAndUpdateCache(263)) - created bucket: buc-a-99100 of layout OBJECT_STORE in volume: vol-a-41031
2023-03-15 06:52:26,696 [OM StateMachine ApplyTransaction Thread - 0] INFO  bucket.OMBucketCreateRequest (OMBucketCreateRequest.java:validateAndUpdateCache(263)) - created bucket: buc-b-17522 of layout OBJECT_STORE in volume: vol-a-41031
2023-03-15 06:52:26,697 [Time-limited test] INFO  rpc.RpcClient (RpcClient.java:createBucket(698)) - Creating Bucket: vol-b-00669/buc-a-99100, with server-side default bucket layout, runner as owner, Versioning false, Storage Type set to DISK and Encryption set to false, Replication Type set to server-side default replication type, Namespace Quota set to -1, Space Quota set to -1 
2023-03-15 06:52:26,697 [OM StateMachine ApplyTransaction Thread - 0] INFO  bucket.OMBucketCreateRequest (OMBucketCreateRequest.java:validateAndUpdateCache(263)) - created bucket: buc-b-17522 of layout OBJECT_STORE in volume: vol-a-41031
2023-03-15 06:52:26,701 [OM StateMachine ApplyTransaction Thread - 0] INFO  bucket.OMBucketCreateRequest (OMBucketCreateRequest.java:validateAndUpdateCache(263)) - created bucket: buc-b-17522 of layout OBJECT_STORE in volume: vol-a-41031
2023-03-15 06:52:26,704 [OM StateMachine ApplyTransaction Thread - 0] INFO  bucket.OMBucketCreateRequest (OMBucketCreateRequest.java:validateAndUpdateCache(263)) - created bucket: buc-a-99100 of layout OBJECT_STORE in volume: vol-b-00669
2023-03-15 06:52:26,706 [Time-limited test] INFO  rpc.RpcClient (RpcClient.java:createBucket(698)) - Creating Bucket: vol-b-00669/buc-b-17522, with server-side default bucket layout, runner as owner, Versioning false, Storage Type set to DISK and Encryption set to false, Replication Type set to server-side default replication type, Namespace Quota set to -1, Space Quota set to -1 
2023-03-15 06:52:26,708 [OM StateMachine ApplyTransaction Thread - 0] INFO  bucket.OMBucketCreateRequest (OMBucketCreateRequest.java:validateAndUpdateCache(263)) - created bucket: buc-a-99100 of layout OBJECT_STORE in volume: vol-b-00669
2023-03-15 06:52:26,709 [OM StateMachine ApplyTransaction Thread - 0] INFO  bucket.OMBucketCreateRequest (OMBucketCreateRequest.java:validateAndUpdateCache(263)) - created bucket: buc-a-99100 of layout OBJECT_STORE in volume: vol-b-00669
2023-03-15 06:52:26,712 [OM StateMachine ApplyTransaction Thread - 0] INFO  bucket.OMBucketCreateRequest (OMBucketCreateRequest.java:validateAndUpdateCache(263)) - created bucket: buc-b-17522 of layout OBJECT_STORE in volume: vol-b-00669
2023-03-15 06:52:26,717 [OM StateMachine ApplyTransaction Thread - 0] INFO  bucket.OMBucketCreateRequest (OMBucketCreateRequest.java:validateAndUpdateCache(263)) - created bucket: buc-b-17522 of layout OBJECT_STORE in volume: vol-b-00669
2023-03-15 06:52:26,718 [OM StateMachine ApplyTransaction Thread - 0] INFO  bucket.OMBucketCreateRequest (OMBucketCreateRequest.java:validateAndUpdateCache(263)) - created bucket: buc-b-17522 of layout OBJECT_STORE in volume: vol-b-00669
2023-03-15 06:52:29,889 [OM StateMachine ApplyTransaction Thread - 0] INFO  snapshot.OMSnapshotCreateRequest (OMSnapshotCreateRequest.java:validateAndUpdateCache(204)) - Created snapshot '1e6039c4-28c0-48a0-a039-cfd2c0f98687' under path 'vol-a-41031/buc-a-99100'
2023-03-15 06:52:29,892 [OM StateMachine ApplyTransaction Thread - 0] INFO  snapshot.OMSnapshotCreateRequest (OMSnapshotCreateRequest.java:validateAndUpdateCache(204)) - Created snapshot '1e6039c4-28c0-48a0-a039-cfd2c0f98687' under path 'vol-a-41031/buc-a-99100'
2023-03-15 06:52:29,893 [OM StateMachine ApplyTransaction Thread - 0] INFO  snapshot.OMSnapshotCreateRequest (OMSnapshotCreateRequest.java:validateAndUpdateCache(204)) - Created snapshot '1e6039c4-28c0-48a0-a039-cfd2c0f98687' under path 'vol-a-41031/buc-a-99100'
2023-03-15 06:52:29,937 [OMDoubleBufferFlushThread] INFO  db.RDBCheckpointManager (RDBCheckpointManager.java:createCheckpoint(96)) - Created checkpoint in rocksDB at /home/runner/work/ozone/ozone/hadoop-ozone/integration-test/target/test-dir/MiniOzoneClusterImpl-e79b0a94-dba3-4ba8-a298-d2d15914ceac/omNode-2/db.snapshots/om.db-61961a2b-4e5a-4035-90f9-8ee2cb84a712 in 43 milliseconds
2023-03-15 06:52:29,937 [OMDoubleBufferFlushThread] INFO  db.RDBCheckpointManager (RDBCheckpointManager.java:createCheckpoint(96)) - Created checkpoint in rocksDB at /home/runner/work/ozone/ozone/hadoop-ozone/integration-test/target/test-dir/MiniOzoneClusterImpl-e79b0a94-dba3-4ba8-a298-d2d15914ceac/omNode-1/db.snapshots/om.db-61961a2b-4e5a-4035-90f9-8ee2cb84a712 in 44 milliseconds
2023-03-15 06:52:29,941 [OMDoubleBufferFlushThread] INFO  db.RDBCheckpointManager (RDBCheckpointManager.java:waitForCheckpointDirectoryExist(125)) - Waited for 4 milliseconds for checkpoint directory /home/runner/work/ozone/ozone/hadoop-ozone/integration-test/target/test-dir/MiniOzoneClusterImpl-e79b0a94-dba3-4ba8-a298-d2d15914ceac/omNode-2/db.snapshots/om.db-61961a2b-4e5a-4035-90f9-8ee2cb84a712 availability.
2023-03-15 06:52:29,941 [OMDoubleBufferFlushThread] INFO  om.OmSnapshotManager (OmSnapshotManager.java:createOmSnapshotCheckpoint(170)) - Created checkpoint : /home/runner/work/ozone/ozone/hadoop-ozone/integration-test/target/test-dir/MiniOzoneClusterImpl-e79b0a94-dba3-4ba8-a298-d2d15914ceac/omNode-2/db.snapshots/om.db-61961a2b-4e5a-4035-90f9-8ee2cb84a712 for snapshot 1e6039c4-28c0-48a0-a039-cfd2c0f98687
2023-03-15 06:52:29,942 [OMDoubleBufferFlushThread] INFO  db.RDBCheckpointManager (RDBCheckpointManager.java:waitForCheckpointDirectoryExist(125)) - Waited for 5 milliseconds for checkpoint directory /home/runner/work/ozone/ozone/hadoop-ozone/integration-test/target/test-dir/MiniOzoneClusterImpl-e79b0a94-dba3-4ba8-a298-d2d15914ceac/omNode-1/db.snapshots/om.db-61961a2b-4e5a-4035-90f9-8ee2cb84a712 availability.
2023-03-15 06:52:29,942 [OMDoubleBufferFlushThread] INFO  om.OmSnapshotManager (OmSnapshotManager.java:createOmSnapshotCheckpoint(170)) - Created checkpoint : /home/runner/work/ozone/ozone/hadoop-ozone/integration-test/target/test-dir/MiniOzoneClusterImpl-e79b0a94-dba3-4ba8-a298-d2d15914ceac/omNode-1/db.snapshots/om.db-61961a2b-4e5a-4035-90f9-8ee2cb84a712 for snapshot 1e6039c4-28c0-48a0-a039-cfd2c0f98687
2023-03-15 06:52:29,947 [OMDoubleBufferFlushThread] INFO  db.RDBCheckpointManager (RDBCheckpointManager.java:createCheckpoint(96)) - Created checkpoint in rocksDB at /home/runner/work/ozone/ozone/hadoop-ozone/integration-test/target/test-dir/MiniOzoneClusterImpl-e79b0a94-dba3-4ba8-a298-d2d15914ceac/omNode-3/db.snapshots/om.db-61961a2b-4e5a-4035-90f9-8ee2cb84a712 in 52 milliseconds
2023-03-15 06:52:29,947 [OMDoubleBufferFlushThread] INFO  db.RDBCheckpointManager (RDBCheckpointManager.java:waitForCheckpointDirectoryExist(125)) - Waited for 0 milliseconds for checkpoint directory /home/runner/work/ozone/ozone/hadoop-ozone/integration-test/target/test-dir/MiniOzoneClusterImpl-e79b0a94-dba3-4ba8-a298-d2d15914ceac/omNode-3/db.snapshots/om.db-61961a2b-4e5a-4035-90f9-8ee2cb84a712 availability.
2023-03-15 06:52:29,947 [OMDoubleBufferFlushThread] INFO  om.OmSnapshotManager (OmSnapshotManager.java:createOmSnapshotCheckpoint(170)) - Created checkpoint : /home/runner/work/ozone/ozone/hadoop-ozone/integration-test/target/test-dir/MiniOzoneClusterImpl-e79b0a94-dba3-4ba8-a298-d2d15914ceac/omNode-3/db.snapshots/om.db-61961a2b-4e5a-4035-90f9-8ee2cb84a712 for snapshot 1e6039c4-28c0-48a0-a039-cfd2c0f98687
2023-03-15 06:52:30,900 [IPC Server handler 4 on default port 41075] WARN  server.ServerUtils (ServerUtils.java:getDBPath(225)) - ozone.om.db.dirs is not configured. We recommend adding this setting. Falling back to ozone.metadata.dirs instead.
2023-03-15 06:52:30,900 [IPC Server handler 4 on default port 41075] INFO  codec.OmKeyInfoCodec (OmKeyInfoCodec.java:<init>(49)) - OmKeyInfoCodec ignorePipeline = true
2023-03-15 06:52:30,901 [IPC Server handler 4 on default port 41075] INFO  codec.RepeatedOmKeyInfoCodec (RepeatedOmKeyInfoCodec.java:<init>(41)) - RepeatedOmKeyInfoCodec ignorePipeline = true
2023-03-15 06:52:31,018 [OM StateMachine ApplyTransaction Thread - 0] INFO  snapshot.OMSnapshotCreateRequest (OMSnapshotCreateRequest.java:validateAndUpdateCache(204)) - Created snapshot '82438816-0b2e-4b85-b761-8c3c87ca58cb' under path 'vol-a-41031/buc-b-17522'
2023-03-15 06:52:31,021 [OM StateMachine ApplyTransaction Thread - 0] INFO  snapshot.OMSnapshotCreateRequest (OMSnapshotCreateRequest.java:validateAndUpdateCache(204)) - Created snapshot '82438816-0b2e-4b85-b761-8c3c87ca58cb' under path 'vol-a-41031/buc-b-17522'
2023-03-15 06:52:31,023 [OM StateMachine ApplyTransaction Thread - 0] INFO  snapshot.OMSnapshotCreateRequest (OMSnapshotCreateRequest.java:validateAndUpdateCache(204)) - Created snapshot '82438816-0b2e-4b85-b761-8c3c87ca58cb' under path 'vol-a-41031/buc-b-17522'
2023-03-15 06:52:31,041 [OMDoubleBufferFlushThread] INFO  db.RDBCheckpointManager (RDBCheckpointManager.java:createCheckpoint(96)) - Created checkpoint in rocksDB at /home/runner/work/ozone/ozone/hadoop-ozone/integration-test/target/test-dir/MiniOzoneClusterImpl-e79b0a94-dba3-4ba8-a298-d2d15914ceac/omNode-1/db.snapshots/om.db-94ca85f2-5515-4a0e-beb3-af170632efec in 19 milliseconds
2023-03-15 06:52:31,042 [OMDoubleBufferFlushThread] INFO  db.RDBCheckpointManager (RDBCheckpointManager.java:createCheckpoint(96)) - Created checkpoint in rocksDB at /home/runner/work/ozone/ozone/hadoop-ozone/integration-test/target/test-dir/MiniOzoneClusterImpl-e79b0a94-dba3-4ba8-a298-d2d15914ceac/omNode-2/db.snapshots/om.db-94ca85f2-5515-4a0e-beb3-af170632efec in 20 milliseconds
2023-03-15 06:52:31,045 [OMDoubleBufferFlushThread] INFO  db.RDBCheckpointManager (RDBCheckpointManager.java:waitForCheckpointDirectoryExist(125)) - Waited for 1 milliseconds for checkpoint directory /home/runner/work/ozone/ozone/hadoop-ozone/integration-test/target/test-dir/MiniOzoneClusterImpl-e79b0a94-dba3-4ba8-a298-d2d15914ceac/omNode-2/db.snapshots/om.db-94ca85f2-5515-4a0e-beb3-af170632efec availability.
2023-03-15 06:52:31,045 [OMDoubleBufferFlushThread] INFO  db.RDBCheckpointManager (RDBCheckpointManager.java:waitForCheckpointDirectoryExist(125)) - Waited for 4 milliseconds for checkpoint directory /home/runner/work/ozone/ozone/hadoop-ozone/integration-test/target/test-dir/MiniOzoneClusterImpl-e79b0a94-dba3-4ba8-a298-d2d15914ceac/omNode-1/db.snapshots/om.db-94ca85f2-5515-4a0e-beb3-af170632efec availability.
2023-03-15 06:52:31,045 [OMDoubleBufferFlushThread] INFO  om.OmSnapshotManager (OmSnapshotManager.java:createOmSnapshotCheckpoint(170)) - Created checkpoint : /home/runner/work/ozone/ozone/hadoop-ozone/integration-test/target/test-dir/MiniOzoneClusterImpl-e79b0a94-dba3-4ba8-a298-d2d15914ceac/omNode-1/db.snapshots/om.db-94ca85f2-5515-4a0e-beb3-af170632efec for snapshot 82438816-0b2e-4b85-b761-8c3c87ca58cb
2023-03-15 06:52:31,045 [OMDoubleBufferFlushThread] INFO  om.OmSnapshotManager (OmSnapshotManager.java:createOmSnapshotCheckpoint(170)) - Created checkpoint : /home/runner/work/ozone/ozone/hadoop-ozone/integration-test/target/test-dir/MiniOzoneClusterImpl-e79b0a94-dba3-4ba8-a298-d2d15914ceac/omNode-2/db.snapshots/om.db-94ca85f2-5515-4a0e-beb3-af170632efec for snapshot 82438816-0b2e-4b85-b761-8c3c87ca58cb
2023-03-15 06:52:31,050 [OMDoubleBufferFlushThread] INFO  db.RDBCheckpointManager (RDBCheckpointManager.java:createCheckpoint(96)) - Created checkpoint in rocksDB at /home/runner/work/ozone/ozone/hadoop-ozone/integration-test/target/test-dir/MiniOzoneClusterImpl-e79b0a94-dba3-4ba8-a298-d2d15914ceac/omNode-3/db.snapshots/om.db-94ca85f2-5515-4a0e-beb3-af170632efec in 26 milliseconds
2023-03-15 06:52:31,051 [OMDoubleBufferFlushThread] INFO  db.RDBCheckpointManager (RDBCheckpointManager.java:waitForCheckpointDirectoryExist(125)) - Waited for 1 milliseconds for checkpoint directory /home/runner/work/ozone/ozone/hadoop-ozone/integration-test/target/test-dir/MiniOzoneClusterImpl-e79b0a94-dba3-4ba8-a298-d2d15914ceac/omNode-3/db.snapshots/om.db-94ca85f2-5515-4a0e-beb3-af170632efec availability.
2023-03-15 06:52:31,051 [OMDoubleBufferFlushThread] INFO  om.OmSnapshotManager (OmSnapshotManager.java:createOmSnapshotCheckpoint(170)) - Created checkpoint : /home/runner/work/ozone/ozone/hadoop-ozone/integration-test/target/test-dir/MiniOzoneClusterImpl-e79b0a94-dba3-4ba8-a298-d2d15914ceac/omNode-3/db.snapshots/om.db-94ca85f2-5515-4a0e-beb3-af170632efec for snapshot 82438816-0b2e-4b85-b761-8c3c87ca58cb
2023-03-15 06:52:32,171 [IPC Server handler 14 on default port 41075] WARN  server.ServerUtils (ServerUtils.java:getDBPath(225)) - ozone.om.db.dirs is not configured. We recommend adding this setting. Falling back to ozone.metadata.dirs instead.
2023-03-15 06:52:32,172 [IPC Server handler 14 on default port 41075] INFO  codec.OmKeyInfoCodec (OmKeyInfoCodec.java:<init>(49)) - OmKeyInfoCodec ignorePipeline = true
2023-03-15 06:52:32,172 [IPC Server handler 14 on default port 41075] INFO  codec.RepeatedOmKeyInfoCodec (RepeatedOmKeyInfoCodec.java:<init>(41)) - RepeatedOmKeyInfoCodec ignorePipeline = true
2023-03-15 06:52:32,284 [OM StateMachine ApplyTransaction Thread - 0] INFO  snapshot.OMSnapshotCreateRequest (OMSnapshotCreateRequest.java:validateAndUpdateCache(204)) - Created snapshot '08792897-eddc-4fee-b4ea-45b1d2dfdec2' under path 'vol-b-00669/buc-a-99100'
2023-03-15 06:52:32,287 [OM StateMachine ApplyTransaction Thread - 0] INFO  snapshot.OMSnapshotCreateRequest (OMSnapshotCreateRequest.java:validateAndUpdateCache(204)) - Created snapshot '08792897-eddc-4fee-b4ea-45b1d2dfdec2' under path 'vol-b-00669/buc-a-99100'
2023-03-15 06:52:32,288 [OM StateMachine ApplyTransaction Thread - 0] INFO  snapshot.OMSnapshotCreateRequest (OMSnapshotCreateRequest.java:validateAndUpdateCache(204)) - Created snapshot '08792897-eddc-4fee-b4ea-45b1d2dfdec2' under path 'vol-b-00669/buc-a-99100'
2023-03-15 06:52:32,318 [OMDoubleBufferFlushThread] INFO  db.RDBCheckpointManager (RDBCheckpointManager.java:createCheckpoint(96)) - Created checkpoint in rocksDB at /home/runner/work/ozone/ozone/hadoop-ozone/integration-test/target/test-dir/MiniOzoneClusterImpl-e79b0a94-dba3-4ba8-a298-d2d15914ceac/omNode-1/db.snapshots/om.db-3e440ff8-b97b-43f2-b0d5-9df40f4d4467 in 31 milliseconds
2023-03-15 06:52:32,319 [OMDoubleBufferFlushThread] INFO  db.RDBCheckpointManager (RDBCheckpointManager.java:waitForCheckpointDirectoryExist(125)) - Waited for 0 milliseconds for checkpoint directory /home/runner/work/ozone/ozone/hadoop-ozone/integration-test/target/test-dir/MiniOzoneClusterImpl-e79b0a94-dba3-4ba8-a298-d2d15914ceac/omNode-1/db.snapshots/om.db-3e440ff8-b97b-43f2-b0d5-9df40f4d4467 availability.
2023-03-15 06:52:32,320 [OMDoubleBufferFlushThread] INFO  om.OmSnapshotManager (OmSnapshotManager.java:createOmSnapshotCheckpoint(170)) - Created checkpoint : /home/runner/work/ozone/ozone/hadoop-ozone/integration-test/target/test-dir/MiniOzoneClusterImpl-e79b0a94-dba3-4ba8-a298-d2d15914ceac/omNode-1/db.snapshots/om.db-3e440ff8-b97b-43f2-b0d5-9df40f4d4467 for snapshot 08792897-eddc-4fee-b4ea-45b1d2dfdec2
2023-03-15 06:52:32,324 [OMDoubleBufferFlushThread] INFO  db.RDBCheckpointManager (RDBCheckpointManager.java:createCheckpoint(96)) - Created checkpoint in rocksDB at /home/runner/work/ozone/ozone/hadoop-ozone/integration-test/target/test-dir/MiniOzoneClusterImpl-e79b0a94-dba3-4ba8-a298-d2d15914ceac/omNode-3/db.snapshots/om.db-3e440ff8-b97b-43f2-b0d5-9df40f4d4467 in 34 milliseconds
2023-03-15 06:52:32,325 [OMDoubleBufferFlushThread] INFO  db.RDBCheckpointManager (RDBCheckpointManager.java:waitForCheckpointDirectoryExist(125)) - Waited for 0 milliseconds for checkpoint directory /home/runner/work/ozone/ozone/hadoop-ozone/integration-test/target/test-dir/MiniOzoneClusterImpl-e79b0a94-dba3-4ba8-a298-d2d15914ceac/omNode-3/db.snapshots/om.db-3e440ff8-b97b-43f2-b0d5-9df40f4d4467 availability.
2023-03-15 06:52:32,325 [OMDoubleBufferFlushThread] INFO  om.OmSnapshotManager (OmSnapshotManager.java:createOmSnapshotCheckpoint(170)) - Created checkpoint : /home/runner/work/ozone/ozone/hadoop-ozone/integration-test/target/test-dir/MiniOzoneClusterImpl-e79b0a94-dba3-4ba8-a298-d2d15914ceac/omNode-3/db.snapshots/om.db-3e440ff8-b97b-43f2-b0d5-9df40f4d4467 for snapshot 08792897-eddc-4fee-b4ea-45b1d2dfdec2
2023-03-15 06:52:32,327 [OMDoubleBufferFlushThread] INFO  db.RDBCheckpointManager (RDBCheckpointManager.java:createCheckpoint(96)) - Created checkpoint in rocksDB at /home/runner/work/ozone/ozone/hadoop-ozone/integration-test/target/test-dir/MiniOzoneClusterImpl-e79b0a94-dba3-4ba8-a298-d2d15914ceac/omNode-2/db.snapshots/om.db-3e440ff8-b97b-43f2-b0d5-9df40f4d4467 in 37 milliseconds
2023-03-15 06:52:32,328 [OMDoubleBufferFlushThread] INFO  db.RDBCheckpointManager (RDBCheckpointManager.java:waitForCheckpointDirectoryExist(125)) - Waited for 0 milliseconds for checkpoint directory /home/runner/work/ozone/ozone/hadoop-ozone/integration-test/target/test-dir/MiniOzoneClusterImpl-e79b0a94-dba3-4ba8-a298-d2d15914ceac/omNode-2/db.snapshots/om.db-3e440ff8-b97b-43f2-b0d5-9df40f4d4467 availability.
2023-03-15 06:52:32,328 [OMDoubleBufferFlushThread] INFO  om.OmSnapshotManager (OmSnapshotManager.java:createOmSnapshotCheckpoint(170)) - Created checkpoint : /home/runner/work/ozone/ozone/hadoop-ozone/integration-test/target/test-dir/MiniOzoneClusterImpl-e79b0a94-dba3-4ba8-a298-d2d15914ceac/omNode-2/db.snapshots/om.db-3e440ff8-b97b-43f2-b0d5-9df40f4d4467 for snapshot 08792897-eddc-4fee-b4ea-45b1d2dfdec2
2023-03-15 06:52:33,487 [IPC Server handler 18 on default port 41075] WARN  server.ServerUtils (ServerUtils.java:getDBPath(225)) - ozone.om.db.dirs is not configured. We recommend adding this setting. Falling back to ozone.metadata.dirs instead.
2023-03-15 06:52:33,487 [IPC Server handler 18 on default port 41075] INFO  codec.OmKeyInfoCodec (OmKeyInfoCodec.java:<init>(49)) - OmKeyInfoCodec ignorePipeline = true
2023-03-15 06:52:33,487 [IPC Server handler 18 on default port 41075] INFO  codec.RepeatedOmKeyInfoCodec (RepeatedOmKeyInfoCodec.java:<init>(41)) - RepeatedOmKeyInfoCodec ignorePipeline = true
2023-03-15 06:52:33,544 [OM StateMachine ApplyTransaction Thread - 0] INFO  snapshot.OMSnapshotCreateRequest (OMSnapshotCreateRequest.java:validateAndUpdateCache(204)) - Created snapshot '80c590ea-8e1d-42d2-b3fd-dbfb104e35b6' under path 'vol-b-00669/buc-b-17522'
2023-03-15 06:52:33,546 [OM StateMachine ApplyTransaction Thread - 0] INFO  snapshot.OMSnapshotCreateRequest (OMSnapshotCreateRequest.java:validateAndUpdateCache(204)) - Created snapshot '80c590ea-8e1d-42d2-b3fd-dbfb104e35b6' under path 'vol-b-00669/buc-b-17522'
2023-03-15 06:52:33,547 [OM StateMachine ApplyTransaction Thread - 0] INFO  snapshot.OMSnapshotCreateRequest (OMSnapshotCreateRequest.java:validateAndUpdateCache(204)) - Created snapshot '80c590ea-8e1d-42d2-b3fd-dbfb104e35b6' under path 'vol-b-00669/buc-b-17522'
2023-03-15 06:52:33,577 [OMDoubleBufferFlushThread] INFO  db.RDBCheckpointManager (RDBCheckpointManager.java:createCheckpoint(96)) - Created checkpoint in rocksDB at /home/runner/work/ozone/ozone/hadoop-ozone/integration-test/target/test-dir/MiniOzoneClusterImpl-e79b0a94-dba3-4ba8-a298-d2d15914ceac/omNode-2/db.snapshots/om.db-1eb744ba-dec1-4ef3-8130-15f7382a79ea in 29 milliseconds
2023-03-15 06:52:33,577 [OMDoubleBufferFlushThread] INFO  db.RDBCheckpointManager (RDBCheckpointManager.java:waitForCheckpointDirectoryExist(125)) - Waited for 0 milliseconds for checkpoint directory /home/runner/work/ozone/ozone/hadoop-ozone/integration-test/target/test-dir/MiniOzoneClusterImpl-e79b0a94-dba3-4ba8-a298-d2d15914ceac/omNode-2/db.snapshots/om.db-1eb744ba-dec1-4ef3-8130-15f7382a79ea availability.
2023-03-15 06:52:33,578 [OMDoubleBufferFlushThread] INFO  om.OmSnapshotManager (OmSnapshotManager.java:createOmSnapshotCheckpoint(170)) - Created checkpoint : /home/runner/work/ozone/ozone/hadoop-ozone/integration-test/target/test-dir/MiniOzoneClusterImpl-e79b0a94-dba3-4ba8-a298-d2d15914ceac/omNode-2/db.snapshots/om.db-1eb744ba-dec1-4ef3-8130-15f7382a79ea for snapshot 80c590ea-8e1d-42d2-b3fd-dbfb104e35b6
2023-03-15 06:52:33,583 [OMDoubleBufferFlushThread] INFO  db.RDBCheckpointManager (RDBCheckpointManager.java:createCheckpoint(96)) - Created checkpoint in rocksDB at /home/runner/work/ozone/ozone/hadoop-ozone/integration-test/target/test-dir/MiniOzoneClusterImpl-e79b0a94-dba3-4ba8-a298-d2d15914ceac/omNode-1/db.snapshots/om.db-1eb744ba-dec1-4ef3-8130-15f7382a79ea in 35 milliseconds
2023-03-15 06:52:33,583 [OMDoubleBufferFlushThread] INFO  db.RDBCheckpointManager (RDBCheckpointManager.java:waitForCheckpointDirectoryExist(125)) - Waited for 0 milliseconds for checkpoint directory /home/runner/work/ozone/ozone/hadoop-ozone/integration-test/target/test-dir/MiniOzoneClusterImpl-e79b0a94-dba3-4ba8-a298-d2d15914ceac/omNode-1/db.snapshots/om.db-1eb744ba-dec1-4ef3-8130-15f7382a79ea availability.
2023-03-15 06:52:33,584 [OMDoubleBufferFlushThread] INFO  om.OmSnapshotManager (OmSnapshotManager.java:createOmSnapshotCheckpoint(170)) - Created checkpoint : /home/runner/work/ozone/ozone/hadoop-ozone/integration-test/target/test-dir/MiniOzoneClusterImpl-e79b0a94-dba3-4ba8-a298-d2d15914ceac/omNode-1/db.snapshots/om.db-1eb744ba-dec1-4ef3-8130-15f7382a79ea for snapshot 80c590ea-8e1d-42d2-b3fd-dbfb104e35b6
2023-03-15 06:52:33,587 [OMDoubleBufferFlushThread] INFO  db.RDBCheckpointManager (RDBCheckpointManager.java:createCheckpoint(96)) - Created checkpoint in rocksDB at /home/runner/work/ozone/ozone/hadoop-ozone/integration-test/target/test-dir/MiniOzoneClusterImpl-e79b0a94-dba3-4ba8-a298-d2d15914ceac/omNode-3/db.snapshots/om.db-1eb744ba-dec1-4ef3-8130-15f7382a79ea in 38 milliseconds
2023-03-15 06:52:33,587 [OMDoubleBufferFlushThread] INFO  db.RDBCheckpointManager (RDBCheckpointManager.java:waitForCheckpointDirectoryExist(125)) - Waited for 0 milliseconds for checkpoint directory /home/runner/work/ozone/ozone/hadoop-ozone/integration-test/target/test-dir/MiniOzoneClusterImpl-e79b0a94-dba3-4ba8-a298-d2d15914ceac/omNode-3/db.snapshots/om.db-1eb744ba-dec1-4ef3-8130-15f7382a79ea availability.
2023-03-15 06:52:33,587 [OMDoubleBufferFlushThread] INFO  om.OmSnapshotManager (OmSnapshotManager.java:createOmSnapshotCheckpoint(170)) - Created checkpoint : /home/runner/work/ozone/ozone/hadoop-ozone/integration-test/target/test-dir/MiniOzoneClusterImpl-e79b0a94-dba3-4ba8-a298-d2d15914ceac/omNode-3/db.snapshots/om.db-1eb744ba-dec1-4ef3-8130-15f7382a79ea for snapshot 80c590ea-8e1d-42d2-b3fd-dbfb104e35b6
2023-03-15 06:52:34,665 [IPC Server handler 1 on default port 41075] WARN  server.ServerUtils (ServerUtils.java:getDBPath(225)) - ozone.om.db.dirs is not configured. We recommend adding this setting. Falling back to ozone.metadata.dirs instead.
2023-03-15 06:52:34,666 [IPC Server handler 1 on default port 41075] INFO  codec.OmKeyInfoCodec (OmKeyInfoCodec.java:<init>(49)) - OmKeyInfoCodec ignorePipeline = true
2023-03-15 06:52:34,666 [IPC Server handler 1 on default port 41075] INFO  codec.RepeatedOmKeyInfoCodec (RepeatedOmKeyInfoCodec.java:<init>(41)) - RepeatedOmKeyInfoCodec ignorePipeline = true
2023-03-15 06:52:34,732 [OM StateMachine ApplyTransaction Thread - 0] INFO  snapshot.OMSnapshotCreateRequest (OMSnapshotCreateRequest.java:validateAndUpdateCache(204)) - Created snapshot 'e73a55d4-2aa4-4b9d-b624-359d7557a97a' under path 'vol-a-41031/buc-a-99100'
2023-03-15 06:52:34,734 [OM StateMachine ApplyTransaction Thread - 0] INFO  snapshot.OMSnapshotCreateRequest (OMSnapshotCreateRequest.java:validateAndUpdateCache(204)) - Created snapshot 'e73a55d4-2aa4-4b9d-b624-359d7557a97a' under path 'vol-a-41031/buc-a-99100'
2023-03-15 06:52:34,735 [OM StateMachine ApplyTransaction Thread - 0] INFO  snapshot.OMSnapshotCreateRequest (OMSnapshotCreateRequest.java:validateAndUpdateCache(204)) - Created snapshot 'e73a55d4-2aa4-4b9d-b624-359d7557a97a' under path 'vol-a-41031/buc-a-99100'
2023-03-15 06:52:34,762 [OMDoubleBufferFlushThread] INFO  db.RDBCheckpointManager (RDBCheckpointManager.java:createCheckpoint(96)) - Created checkpoint in rocksDB at /home/runner/work/ozone/ozone/hadoop-ozone/integration-test/target/test-dir/MiniOzoneClusterImpl-e79b0a94-dba3-4ba8-a298-d2d15914ceac/omNode-1/db.snapshots/om.db-3351c9c0-cf13-4fe2-9b5b-d4033ca16ee2 in 28 milliseconds
2023-03-15 06:52:34,767 [OMDoubleBufferFlushThread] INFO  db.RDBCheckpointManager (RDBCheckpointManager.java:waitForCheckpointDirectoryExist(125)) - Waited for 4 milliseconds for checkpoint directory /home/runner/work/ozone/ozone/hadoop-ozone/integration-test/target/test-dir/MiniOzoneClusterImpl-e79b0a94-dba3-4ba8-a298-d2d15914ceac/omNode-1/db.snapshots/om.db-3351c9c0-cf13-4fe2-9b5b-d4033ca16ee2 availability.
2023-03-15 06:52:34,769 [OMDoubleBufferFlushThread] INFO  om.OmSnapshotManager (OmSnapshotManager.java:createOmSnapshotCheckpoint(170)) - Created checkpoint : /home/runner/work/ozone/ozone/hadoop-ozone/integration-test/target/test-dir/MiniOzoneClusterImpl-e79b0a94-dba3-4ba8-a298-d2d15914ceac/omNode-1/db.snapshots/om.db-3351c9c0-cf13-4fe2-9b5b-d4033ca16ee2 for snapshot e73a55d4-2aa4-4b9d-b624-359d7557a97a
2023-03-15 06:52:34,775 [OMDoubleBufferFlushThread] INFO  db.RDBCheckpointManager (RDBCheckpointManager.java:createCheckpoint(96)) - Created checkpoint in rocksDB at /home/runner/work/ozone/ozone/hadoop-ozone/integration-test/target/test-dir/MiniOzoneClusterImpl-e79b0a94-dba3-4ba8-a298-d2d15914ceac/omNode-2/db.snapshots/om.db-3351c9c0-cf13-4fe2-9b5b-d4033ca16ee2 in 39 milliseconds
2023-03-15 06:52:34,775 [OMDoubleBufferFlushThread] INFO  db.RDBCheckpointManager (RDBCheckpointManager.java:createCheckpoint(96)) - Created checkpoint in rocksDB at /home/runner/work/ozone/ozone/hadoop-ozone/integration-test/target/test-dir/MiniOzoneClusterImpl-e79b0a94-dba3-4ba8-a298-d2d15914ceac/omNode-3/db.snapshots/om.db-3351c9c0-cf13-4fe2-9b5b-d4033ca16ee2 in 39 milliseconds
2023-03-15 06:52:34,775 [OMDoubleBufferFlushThread] INFO  db.RDBCheckpointManager (RDBCheckpointManager.java:waitForCheckpointDirectoryExist(125)) - Waited for 0 milliseconds for checkpoint directory /home/runner/work/ozone/ozone/hadoop-ozone/integration-test/target/test-dir/MiniOzoneClusterImpl-e79b0a94-dba3-4ba8-a298-d2d15914ceac/omNode-2/db.snapshots/om.db-3351c9c0-cf13-4fe2-9b5b-d4033ca16ee2 availability.
2023-03-15 06:52:34,775 [OMDoubleBufferFlushThread] INFO  om.OmSnapshotManager (OmSnapshotManager.java:createOmSnapshotCheckpoint(170)) - Created checkpoint : /home/runner/work/ozone/ozone/hadoop-ozone/integration-test/target/test-dir/MiniOzoneClusterImpl-e79b0a94-dba3-4ba8-a298-d2d15914ceac/omNode-2/db.snapshots/om.db-3351c9c0-cf13-4fe2-9b5b-d4033ca16ee2 for snapshot e73a55d4-2aa4-4b9d-b624-359d7557a97a
2023-03-15 06:52:34,776 [OMDoubleBufferFlushThread] INFO  db.RDBCheckpointManager (RDBCheckpointManager.java:waitForCheckpointDirectoryExist(125)) - Waited for 1 milliseconds for checkpoint directory /home/runner/work/ozone/ozone/hadoop-ozone/integration-test/target/test-dir/MiniOzoneClusterImpl-e79b0a94-dba3-4ba8-a298-d2d15914ceac/omNode-3/db.snapshots/om.db-3351c9c0-cf13-4fe2-9b5b-d4033ca16ee2 availability.
2023-03-15 06:52:34,776 [OMDoubleBufferFlushThread] INFO  om.OmSnapshotManager (OmSnapshotManager.java:createOmSnapshotCheckpoint(170)) - Created checkpoint : /home/runner/work/ozone/ozone/hadoop-ozone/integration-test/target/test-dir/MiniOzoneClusterImpl-e79b0a94-dba3-4ba8-a298-d2d15914ceac/omNode-3/db.snapshots/om.db-3351c9c0-cf13-4fe2-9b5b-d4033ca16ee2 for snapshot e73a55d4-2aa4-4b9d-b624-359d7557a97a
2023-03-15 06:52:35,845 [IPC Server handler 4 on default port 41075] WARN  server.ServerUtils (ServerUtils.java:getDBPath(225)) - ozone.om.db.dirs is not configured. We recommend adding this setting. Falling back to ozone.metadata.dirs instead.
2023-03-15 06:52:35,845 [IPC Server handler 4 on default port 41075] INFO  codec.OmKeyInfoCodec (OmKeyInfoCodec.java:<init>(49)) - OmKeyInfoCodec ignorePipeline = true
2023-03-15 06:52:35,846 [IPC Server handler 4 on default port 41075] INFO  codec.RepeatedOmKeyInfoCodec (RepeatedOmKeyInfoCodec.java:<init>(41)) - RepeatedOmKeyInfoCodec ignorePipeline = true
]]></system-out>
  </testcase>
  <testcase name="testListKey" classname="TestOmSnapshot" time="10.442">
    <system-out><![CDATA[2023-03-15 06:53:25,087 [Time-limited test] INFO  rpc.RpcClient (RpcClient.java:createVolume(476)) - Creating Volume: vol-a-95665, with runner as owner and space quota set to -1 bytes, counts quota set to -1
2023-03-15 06:53:25,090 [OM StateMachine ApplyTransaction Thread - 0] INFO  volume.OMVolumeCreateRequest (OMVolumeCreateRequest.java:validateAndUpdateCache(195)) - created volume:vol-a-95665 for user:runner
2023-03-15 06:53:25,091 [OM StateMachine ApplyTransaction Thread - 0] INFO  volume.OMVolumeCreateRequest (OMVolumeCreateRequest.java:validateAndUpdateCache(195)) - created volume:vol-a-95665 for user:runner
2023-03-15 06:53:25,092 [Time-limited test] INFO  rpc.RpcClient (RpcClient.java:createVolume(476)) - Creating Volume: vol-b-98505, with runner as owner and space quota set to -1 bytes, counts quota set to -1
2023-03-15 06:53:25,092 [OM StateMachine ApplyTransaction Thread - 0] INFO  volume.OMVolumeCreateRequest (OMVolumeCreateRequest.java:validateAndUpdateCache(195)) - created volume:vol-a-95665 for user:runner
2023-03-15 06:53:25,095 [OM StateMachine ApplyTransaction Thread - 0] INFO  volume.OMVolumeCreateRequest (OMVolumeCreateRequest.java:validateAndUpdateCache(195)) - created volume:vol-b-98505 for user:runner
2023-03-15 06:53:25,095 [OM StateMachine ApplyTransaction Thread - 0] INFO  volume.OMVolumeCreateRequest (OMVolumeCreateRequest.java:validateAndUpdateCache(195)) - created volume:vol-b-98505 for user:runner
2023-03-15 06:53:25,096 [OM StateMachine ApplyTransaction Thread - 0] INFO  volume.OMVolumeCreateRequest (OMVolumeCreateRequest.java:validateAndUpdateCache(195)) - created volume:vol-b-98505 for user:runner
2023-03-15 06:53:25,099 [Time-limited test] INFO  rpc.RpcClient (RpcClient.java:createBucket(698)) - Creating Bucket: vol-a-95665/buc-a-99156, with server-side default bucket layout, runner as owner, Versioning false, Storage Type set to DISK and Encryption set to false, Replication Type set to server-side default replication type, Namespace Quota set to -1, Space Quota set to -1 
2023-03-15 06:53:25,102 [OM StateMachine ApplyTransaction Thread - 0] INFO  bucket.OMBucketCreateRequest (OMBucketCreateRequest.java:validateAndUpdateCache(263)) - created bucket: buc-a-99156 of layout FILE_SYSTEM_OPTIMIZED in volume: vol-a-95665
2023-03-15 06:53:25,103 [OM StateMachine ApplyTransaction Thread - 0] INFO  bucket.OMBucketCreateRequest (OMBucketCreateRequest.java:validateAndUpdateCache(263)) - created bucket: buc-a-99156 of layout FILE_SYSTEM_OPTIMIZED in volume: vol-a-95665
2023-03-15 06:53:25,103 [OM StateMachine ApplyTransaction Thread - 0] INFO  bucket.OMBucketCreateRequest (OMBucketCreateRequest.java:validateAndUpdateCache(263)) - created bucket: buc-a-99156 of layout FILE_SYSTEM_OPTIMIZED in volume: vol-a-95665
2023-03-15 06:53:25,104 [Time-limited test] INFO  rpc.RpcClient (RpcClient.java:createBucket(698)) - Creating Bucket: vol-a-95665/buc-b-91765, with server-side default bucket layout, runner as owner, Versioning false, Storage Type set to DISK and Encryption set to false, Replication Type set to server-side default replication type, Namespace Quota set to -1, Space Quota set to -1 
2023-03-15 06:53:25,107 [OM StateMachine ApplyTransaction Thread - 0] INFO  bucket.OMBucketCreateRequest (OMBucketCreateRequest.java:validateAndUpdateCache(263)) - created bucket: buc-b-91765 of layout FILE_SYSTEM_OPTIMIZED in volume: vol-a-95665
2023-03-15 06:53:25,108 [Time-limited test] INFO  rpc.RpcClient (RpcClient.java:createBucket(698)) - Creating Bucket: vol-b-98505/buc-a-99156, with server-side default bucket layout, runner as owner, Versioning false, Storage Type set to DISK and Encryption set to false, Replication Type set to server-side default replication type, Namespace Quota set to -1, Space Quota set to -1 
2023-03-15 06:53:25,109 [OM StateMachine ApplyTransaction Thread - 0] INFO  bucket.OMBucketCreateRequest (OMBucketCreateRequest.java:validateAndUpdateCache(263)) - created bucket: buc-b-91765 of layout FILE_SYSTEM_OPTIMIZED in volume: vol-a-95665
2023-03-15 06:53:25,110 [OM StateMachine ApplyTransaction Thread - 0] INFO  bucket.OMBucketCreateRequest (OMBucketCreateRequest.java:validateAndUpdateCache(263)) - created bucket: buc-b-91765 of layout FILE_SYSTEM_OPTIMIZED in volume: vol-a-95665
2023-03-15 06:53:25,112 [OM StateMachine ApplyTransaction Thread - 0] INFO  bucket.OMBucketCreateRequest (OMBucketCreateRequest.java:validateAndUpdateCache(263)) - created bucket: buc-a-99156 of layout FILE_SYSTEM_OPTIMIZED in volume: vol-b-98505
2023-03-15 06:53:25,113 [Time-limited test] INFO  rpc.RpcClient (RpcClient.java:createBucket(698)) - Creating Bucket: vol-b-98505/buc-b-91765, with server-side default bucket layout, runner as owner, Versioning false, Storage Type set to DISK and Encryption set to false, Replication Type set to server-side default replication type, Namespace Quota set to -1, Space Quota set to -1 
2023-03-15 06:53:25,113 [OM StateMachine ApplyTransaction Thread - 0] INFO  bucket.OMBucketCreateRequest (OMBucketCreateRequest.java:validateAndUpdateCache(263)) - created bucket: buc-a-99156 of layout FILE_SYSTEM_OPTIMIZED in volume: vol-b-98505
2023-03-15 06:53:25,114 [OM StateMachine ApplyTransaction Thread - 0] INFO  bucket.OMBucketCreateRequest (OMBucketCreateRequest.java:validateAndUpdateCache(263)) - created bucket: buc-a-99156 of layout FILE_SYSTEM_OPTIMIZED in volume: vol-b-98505
2023-03-15 06:53:25,116 [OM StateMachine ApplyTransaction Thread - 0] INFO  bucket.OMBucketCreateRequest (OMBucketCreateRequest.java:validateAndUpdateCache(263)) - created bucket: buc-b-91765 of layout FILE_SYSTEM_OPTIMIZED in volume: vol-b-98505
2023-03-15 06:53:25,118 [OM StateMachine ApplyTransaction Thread - 0] INFO  bucket.OMBucketCreateRequest (OMBucketCreateRequest.java:validateAndUpdateCache(263)) - created bucket: buc-b-91765 of layout FILE_SYSTEM_OPTIMIZED in volume: vol-b-98505
2023-03-15 06:53:25,119 [OM StateMachine ApplyTransaction Thread - 0] INFO  bucket.OMBucketCreateRequest (OMBucketCreateRequest.java:validateAndUpdateCache(263)) - created bucket: buc-b-91765 of layout FILE_SYSTEM_OPTIMIZED in volume: vol-b-98505
2023-03-15 06:53:29,591 [Under Replicated Processor] INFO  replication.UnhealthyReplicationProcessor (UnhealthyReplicationProcessor.java:processAll(113)) - Processed 0 containers with health state counts {},failed processing 0
2023-03-15 06:53:29,593 [Over Replicated Processor] INFO  replication.UnhealthyReplicationProcessor (UnhealthyReplicationProcessor.java:processAll(113)) - Processed 0 containers with health state counts {},failed processing 0
2023-03-15 06:53:29,799 [OM StateMachine ApplyTransaction Thread - 0] INFO  snapshot.OMSnapshotCreateRequest (OMSnapshotCreateRequest.java:validateAndUpdateCache(204)) - Created snapshot '295236ae-64fb-484b-984d-127220d753b1' under path 'vol-a-95665/buc-a-99156'
2023-03-15 06:53:29,800 [OM StateMachine ApplyTransaction Thread - 0] INFO  snapshot.OMSnapshotCreateRequest (OMSnapshotCreateRequest.java:validateAndUpdateCache(204)) - Created snapshot '295236ae-64fb-484b-984d-127220d753b1' under path 'vol-a-95665/buc-a-99156'
2023-03-15 06:53:29,801 [OM StateMachine ApplyTransaction Thread - 0] INFO  snapshot.OMSnapshotCreateRequest (OMSnapshotCreateRequest.java:validateAndUpdateCache(204)) - Created snapshot '295236ae-64fb-484b-984d-127220d753b1' under path 'vol-a-95665/buc-a-99156'
2023-03-15 06:53:29,848 [OMDoubleBufferFlushThread] INFO  db.RDBCheckpointManager (RDBCheckpointManager.java:createCheckpoint(96)) - Created checkpoint in rocksDB at /home/runner/work/ozone/ozone/hadoop-ozone/integration-test/target/test-dir/MiniOzoneClusterImpl-8d40f1f0-3e23-4273-879b-a609159ae6a4/omNode-3/db.snapshots/om.db-4f84d086-7de3-4735-8898-eb2e1ae3d690 in 45 milliseconds
2023-03-15 06:53:29,850 [OMDoubleBufferFlushThread] INFO  db.RDBCheckpointManager (RDBCheckpointManager.java:waitForCheckpointDirectoryExist(125)) - Waited for 2 milliseconds for checkpoint directory /home/runner/work/ozone/ozone/hadoop-ozone/integration-test/target/test-dir/MiniOzoneClusterImpl-8d40f1f0-3e23-4273-879b-a609159ae6a4/omNode-3/db.snapshots/om.db-4f84d086-7de3-4735-8898-eb2e1ae3d690 availability.
2023-03-15 06:53:29,850 [OMDoubleBufferFlushThread] INFO  om.OmSnapshotManager (OmSnapshotManager.java:createOmSnapshotCheckpoint(170)) - Created checkpoint : /home/runner/work/ozone/ozone/hadoop-ozone/integration-test/target/test-dir/MiniOzoneClusterImpl-8d40f1f0-3e23-4273-879b-a609159ae6a4/omNode-3/db.snapshots/om.db-4f84d086-7de3-4735-8898-eb2e1ae3d690 for snapshot 295236ae-64fb-484b-984d-127220d753b1
2023-03-15 06:53:29,853 [OMDoubleBufferFlushThread] INFO  db.RDBCheckpointManager (RDBCheckpointManager.java:createCheckpoint(96)) - Created checkpoint in rocksDB at /home/runner/work/ozone/ozone/hadoop-ozone/integration-test/target/test-dir/MiniOzoneClusterImpl-8d40f1f0-3e23-4273-879b-a609159ae6a4/omNode-1/db.snapshots/om.db-4f84d086-7de3-4735-8898-eb2e1ae3d690 in 51 milliseconds
2023-03-15 06:53:29,854 [OMDoubleBufferFlushThread] INFO  db.RDBCheckpointManager (RDBCheckpointManager.java:waitForCheckpointDirectoryExist(125)) - Waited for 1 milliseconds for checkpoint directory /home/runner/work/ozone/ozone/hadoop-ozone/integration-test/target/test-dir/MiniOzoneClusterImpl-8d40f1f0-3e23-4273-879b-a609159ae6a4/omNode-1/db.snapshots/om.db-4f84d086-7de3-4735-8898-eb2e1ae3d690 availability.
2023-03-15 06:53:29,854 [OMDoubleBufferFlushThread] INFO  om.OmSnapshotManager (OmSnapshotManager.java:createOmSnapshotCheckpoint(170)) - Created checkpoint : /home/runner/work/ozone/ozone/hadoop-ozone/integration-test/target/test-dir/MiniOzoneClusterImpl-8d40f1f0-3e23-4273-879b-a609159ae6a4/omNode-1/db.snapshots/om.db-4f84d086-7de3-4735-8898-eb2e1ae3d690 for snapshot 295236ae-64fb-484b-984d-127220d753b1
2023-03-15 06:53:29,856 [OMDoubleBufferFlushThread] INFO  db.RDBCheckpointManager (RDBCheckpointManager.java:createCheckpoint(96)) - Created checkpoint in rocksDB at /home/runner/work/ozone/ozone/hadoop-ozone/integration-test/target/test-dir/MiniOzoneClusterImpl-8d40f1f0-3e23-4273-879b-a609159ae6a4/omNode-2/db.snapshots/om.db-4f84d086-7de3-4735-8898-eb2e1ae3d690 in 52 milliseconds
2023-03-15 06:53:29,856 [OMDoubleBufferFlushThread] INFO  db.RDBCheckpointManager (RDBCheckpointManager.java:waitForCheckpointDirectoryExist(125)) - Waited for 0 milliseconds for checkpoint directory /home/runner/work/ozone/ozone/hadoop-ozone/integration-test/target/test-dir/MiniOzoneClusterImpl-8d40f1f0-3e23-4273-879b-a609159ae6a4/omNode-2/db.snapshots/om.db-4f84d086-7de3-4735-8898-eb2e1ae3d690 availability.
2023-03-15 06:53:29,856 [OMDoubleBufferFlushThread] INFO  om.OmSnapshotManager (OmSnapshotManager.java:createOmSnapshotCheckpoint(170)) - Created checkpoint : /home/runner/work/ozone/ozone/hadoop-ozone/integration-test/target/test-dir/MiniOzoneClusterImpl-8d40f1f0-3e23-4273-879b-a609159ae6a4/omNode-2/db.snapshots/om.db-4f84d086-7de3-4735-8898-eb2e1ae3d690 for snapshot 295236ae-64fb-484b-984d-127220d753b1
2023-03-15 06:53:30,806 [IPC Server handler 5 on default port 34801] WARN  server.ServerUtils (ServerUtils.java:getDBPath(225)) - ozone.om.db.dirs is not configured. We recommend adding this setting. Falling back to ozone.metadata.dirs instead.
2023-03-15 06:53:30,806 [IPC Server handler 5 on default port 34801] INFO  codec.OmKeyInfoCodec (OmKeyInfoCodec.java:<init>(49)) - OmKeyInfoCodec ignorePipeline = true
2023-03-15 06:53:30,806 [IPC Server handler 5 on default port 34801] INFO  codec.RepeatedOmKeyInfoCodec (RepeatedOmKeyInfoCodec.java:<init>(41)) - RepeatedOmKeyInfoCodec ignorePipeline = true
06:53:30.873 [IPC Server handler 6 on default port 34801] ERROR OMAudit - user=runner | ip=127.0.0.1 | op=GET_FILE_STATUS {volume=vol-a-95665, bucket=buc-a-99156, key=key-, dataSize=0, replicationConfig=null} | ret=FAILURE
org.apache.hadoop.ozone.om.exceptions.OMException: Unable to get file status: volume: vol-a-95665 bucket: buc-a-99156 key: key-
	at org.apache.hadoop.ozone.om.KeyManagerImpl.getOzoneFileStatusFSO(KeyManagerImpl.java:1320) ~[ozone-manager-1.4.0-SNAPSHOT.jar:?]
	at org.apache.hadoop.ozone.om.KeyManagerImpl.getFileStatus(KeyManagerImpl.java:1112) ~[ozone-manager-1.4.0-SNAPSHOT.jar:?]
	at org.apache.hadoop.ozone.om.OmMetadataReader.getFileStatus(OmMetadataReader.java:288) ~[ozone-manager-1.4.0-SNAPSHOT.jar:?]
	at org.apache.hadoop.ozone.om.OmSnapshot.getFileStatus(OmSnapshot.java:118) ~[ozone-manager-1.4.0-SNAPSHOT.jar:?]
	at org.apache.hadoop.ozone.om.OzoneManager.getFileStatus(OzoneManager.java:3494) ~[ozone-manager-1.4.0-SNAPSHOT.jar:?]
	at org.apache.hadoop.ozone.protocolPB.OzoneManagerRequestHandler.getOzoneFileStatus(OzoneManagerRequestHandler.java:933) ~[ozone-manager-1.4.0-SNAPSHOT.jar:?]
	at org.apache.hadoop.ozone.protocolPB.OzoneManagerRequestHandler.handleReadRequest(OzoneManagerRequestHandler.java:238) ~[ozone-manager-1.4.0-SNAPSHOT.jar:?]
	at org.apache.hadoop.ozone.protocolPB.OzoneManagerProtocolServerSideTranslatorPB.submitReadRequestToOM(OzoneManagerProtocolServerSideTranslatorPB.java:223) ~[ozone-manager-1.4.0-SNAPSHOT.jar:?]
	at org.apache.hadoop.ozone.protocolPB.OzoneManagerProtocolServerSideTranslatorPB.processRequest(OzoneManagerProtocolServerSideTranslatorPB.java:177) ~[ozone-manager-1.4.0-SNAPSHOT.jar:?]
	at org.apache.hadoop.hdds.server.OzoneProtocolMessageDispatcher.processRequest(OzoneProtocolMessageDispatcher.java:87) [hdds-server-framework-1.4.0-SNAPSHOT.jar:?]
	at org.apache.hadoop.ozone.protocolPB.OzoneManagerProtocolServerSideTranslatorPB.submitRequest(OzoneManagerProtocolServerSideTranslatorPB.java:147) [ozone-manager-1.4.0-SNAPSHOT.jar:?]
	at org.apache.hadoop.ozone.protocol.proto.OzoneManagerProtocolProtos$OzoneManagerService$2.callBlockingMethod(OzoneManagerProtocolProtos.java) [ozone-interface-client-1.4.0-SNAPSHOT.jar:?]
	at org.apache.hadoop.ipc.ProtobufRpcEngine$Server.processCall(ProtobufRpcEngine.java:465) [hadoop-common-3.3.4.jar:?]
	at org.apache.hadoop.ipc.ProtobufRpcEngine2$Server$ProtoBufRpcInvoker.call(ProtobufRpcEngine2.java:578) [hadoop-common-3.3.4.jar:?]
	at org.apache.hadoop.ipc.ProtobufRpcEngine2$Server$ProtoBufRpcInvoker.call(ProtobufRpcEngine2.java:556) [hadoop-common-3.3.4.jar:?]
	at org.apache.hadoop.ipc.RPC$Server.call(RPC.java:1093) [hadoop-common-3.3.4.jar:?]
	at org.apache.hadoop.ipc.Server$RpcCall.run(Server.java:1043) [hadoop-common-3.3.4.jar:?]
	at org.apache.hadoop.ipc.Server$RpcCall.run(Server.java:971) [hadoop-common-3.3.4.jar:?]
	at java.security.AccessController.doPrivileged(Native Method) ~[?:1.8.0_362]
	at javax.security.auth.Subject.doAs(Subject.java:422) [?:1.8.0_362]
	at org.apache.hadoop.security.UserGroupInformation.doAs(UserGroupInformation.java:1878) [hadoop-common-3.3.4.jar:?]
	at org.apache.hadoop.ipc.Server$Handler.run(Server.java:2976) [hadoop-common-3.3.4.jar:?]
2023-03-15 06:53:30,879 [OM StateMachine ApplyTransaction Thread - 0] INFO  snapshot.OMSnapshotCreateRequest (OMSnapshotCreateRequest.java:validateAndUpdateCache(204)) - Created snapshot '4617d4fd-6800-4666-bd5f-2585480ea088' under path 'vol-a-95665/buc-b-91765'
2023-03-15 06:53:30,880 [OM StateMachine ApplyTransaction Thread - 0] INFO  snapshot.OMSnapshotCreateRequest (OMSnapshotCreateRequest.java:validateAndUpdateCache(204)) - Created snapshot '4617d4fd-6800-4666-bd5f-2585480ea088' under path 'vol-a-95665/buc-b-91765'
2023-03-15 06:53:30,880 [OM StateMachine ApplyTransaction Thread - 0] INFO  snapshot.OMSnapshotCreateRequest (OMSnapshotCreateRequest.java:validateAndUpdateCache(204)) - Created snapshot '4617d4fd-6800-4666-bd5f-2585480ea088' under path 'vol-a-95665/buc-b-91765'
2023-03-15 06:53:30,896 [OMDoubleBufferFlushThread] INFO  db.RDBCheckpointManager (RDBCheckpointManager.java:createCheckpoint(96)) - Created checkpoint in rocksDB at /home/runner/work/ozone/ozone/hadoop-ozone/integration-test/target/test-dir/MiniOzoneClusterImpl-8d40f1f0-3e23-4273-879b-a609159ae6a4/omNode-1/db.snapshots/om.db-c700a58c-5514-4b4b-ba4b-22486abc882b in 14 milliseconds
2023-03-15 06:53:30,897 [OMDoubleBufferFlushThread] INFO  db.RDBCheckpointManager (RDBCheckpointManager.java:waitForCheckpointDirectoryExist(125)) - Waited for 0 milliseconds for checkpoint directory /home/runner/work/ozone/ozone/hadoop-ozone/integration-test/target/test-dir/MiniOzoneClusterImpl-8d40f1f0-3e23-4273-879b-a609159ae6a4/omNode-1/db.snapshots/om.db-c700a58c-5514-4b4b-ba4b-22486abc882b availability.
2023-03-15 06:53:30,898 [OMDoubleBufferFlushThread] INFO  om.OmSnapshotManager (OmSnapshotManager.java:createOmSnapshotCheckpoint(170)) - Created checkpoint : /home/runner/work/ozone/ozone/hadoop-ozone/integration-test/target/test-dir/MiniOzoneClusterImpl-8d40f1f0-3e23-4273-879b-a609159ae6a4/omNode-1/db.snapshots/om.db-c700a58c-5514-4b4b-ba4b-22486abc882b for snapshot 4617d4fd-6800-4666-bd5f-2585480ea088
2023-03-15 06:53:30,898 [OMDoubleBufferFlushThread] INFO  db.RDBCheckpointManager (RDBCheckpointManager.java:createCheckpoint(96)) - Created checkpoint in rocksDB at /home/runner/work/ozone/ozone/hadoop-ozone/integration-test/target/test-dir/MiniOzoneClusterImpl-8d40f1f0-3e23-4273-879b-a609159ae6a4/omNode-3/db.snapshots/om.db-c700a58c-5514-4b4b-ba4b-22486abc882b in 17 milliseconds
2023-03-15 06:53:30,900 [OMDoubleBufferFlushThread] INFO  db.RDBCheckpointManager (RDBCheckpointManager.java:createCheckpoint(96)) - Created checkpoint in rocksDB at /home/runner/work/ozone/ozone/hadoop-ozone/integration-test/target/test-dir/MiniOzoneClusterImpl-8d40f1f0-3e23-4273-879b-a609159ae6a4/omNode-2/db.snapshots/om.db-c700a58c-5514-4b4b-ba4b-22486abc882b in 19 milliseconds
2023-03-15 06:53:30,902 [OMDoubleBufferFlushThread] INFO  db.RDBCheckpointManager (RDBCheckpointManager.java:waitForCheckpointDirectoryExist(125)) - Waited for 4 milliseconds for checkpoint directory /home/runner/work/ozone/ozone/hadoop-ozone/integration-test/target/test-dir/MiniOzoneClusterImpl-8d40f1f0-3e23-4273-879b-a609159ae6a4/omNode-3/db.snapshots/om.db-c700a58c-5514-4b4b-ba4b-22486abc882b availability.
2023-03-15 06:53:30,902 [OMDoubleBufferFlushThread] INFO  om.OmSnapshotManager (OmSnapshotManager.java:createOmSnapshotCheckpoint(170)) - Created checkpoint : /home/runner/work/ozone/ozone/hadoop-ozone/integration-test/target/test-dir/MiniOzoneClusterImpl-8d40f1f0-3e23-4273-879b-a609159ae6a4/omNode-3/db.snapshots/om.db-c700a58c-5514-4b4b-ba4b-22486abc882b for snapshot 4617d4fd-6800-4666-bd5f-2585480ea088
2023-03-15 06:53:30,902 [OMDoubleBufferFlushThread] INFO  db.RDBCheckpointManager (RDBCheckpointManager.java:waitForCheckpointDirectoryExist(125)) - Waited for 2 milliseconds for checkpoint directory /home/runner/work/ozone/ozone/hadoop-ozone/integration-test/target/test-dir/MiniOzoneClusterImpl-8d40f1f0-3e23-4273-879b-a609159ae6a4/omNode-2/db.snapshots/om.db-c700a58c-5514-4b4b-ba4b-22486abc882b availability.
2023-03-15 06:53:30,902 [OMDoubleBufferFlushThread] INFO  om.OmSnapshotManager (OmSnapshotManager.java:createOmSnapshotCheckpoint(170)) - Created checkpoint : /home/runner/work/ozone/ozone/hadoop-ozone/integration-test/target/test-dir/MiniOzoneClusterImpl-8d40f1f0-3e23-4273-879b-a609159ae6a4/omNode-2/db.snapshots/om.db-c700a58c-5514-4b4b-ba4b-22486abc882b for snapshot 4617d4fd-6800-4666-bd5f-2585480ea088
2023-03-15 06:53:31,996 [IPC Server handler 19 on default port 34801] WARN  server.ServerUtils (ServerUtils.java:getDBPath(225)) - ozone.om.db.dirs is not configured. We recommend adding this setting. Falling back to ozone.metadata.dirs instead.
2023-03-15 06:53:31,997 [IPC Server handler 19 on default port 34801] INFO  codec.OmKeyInfoCodec (OmKeyInfoCodec.java:<init>(49)) - OmKeyInfoCodec ignorePipeline = true
2023-03-15 06:53:31,997 [IPC Server handler 19 on default port 34801] INFO  codec.RepeatedOmKeyInfoCodec (RepeatedOmKeyInfoCodec.java:<init>(41)) - RepeatedOmKeyInfoCodec ignorePipeline = true
06:53:32.044 [IPC Server handler 17 on default port 34801] ERROR OMAudit - user=runner | ip=127.0.0.1 | op=GET_FILE_STATUS {volume=vol-a-95665, bucket=buc-b-91765, key=key-, dataSize=0, replicationConfig=null} | ret=FAILURE
org.apache.hadoop.ozone.om.exceptions.OMException: Unable to get file status: volume: vol-a-95665 bucket: buc-b-91765 key: key-
	at org.apache.hadoop.ozone.om.KeyManagerImpl.getOzoneFileStatusFSO(KeyManagerImpl.java:1320) ~[ozone-manager-1.4.0-SNAPSHOT.jar:?]
	at org.apache.hadoop.ozone.om.KeyManagerImpl.getFileStatus(KeyManagerImpl.java:1112) ~[ozone-manager-1.4.0-SNAPSHOT.jar:?]
	at org.apache.hadoop.ozone.om.OmMetadataReader.getFileStatus(OmMetadataReader.java:288) ~[ozone-manager-1.4.0-SNAPSHOT.jar:?]
	at org.apache.hadoop.ozone.om.OmSnapshot.getFileStatus(OmSnapshot.java:118) ~[ozone-manager-1.4.0-SNAPSHOT.jar:?]
	at org.apache.hadoop.ozone.om.OzoneManager.getFileStatus(OzoneManager.java:3494) ~[ozone-manager-1.4.0-SNAPSHOT.jar:?]
	at org.apache.hadoop.ozone.protocolPB.OzoneManagerRequestHandler.getOzoneFileStatus(OzoneManagerRequestHandler.java:933) ~[ozone-manager-1.4.0-SNAPSHOT.jar:?]
	at org.apache.hadoop.ozone.protocolPB.OzoneManagerRequestHandler.handleReadRequest(OzoneManagerRequestHandler.java:238) ~[ozone-manager-1.4.0-SNAPSHOT.jar:?]
	at org.apache.hadoop.ozone.protocolPB.OzoneManagerProtocolServerSideTranslatorPB.submitReadRequestToOM(OzoneManagerProtocolServerSideTranslatorPB.java:223) ~[ozone-manager-1.4.0-SNAPSHOT.jar:?]
	at org.apache.hadoop.ozone.protocolPB.OzoneManagerProtocolServerSideTranslatorPB.processRequest(OzoneManagerProtocolServerSideTranslatorPB.java:177) ~[ozone-manager-1.4.0-SNAPSHOT.jar:?]
	at org.apache.hadoop.hdds.server.OzoneProtocolMessageDispatcher.processRequest(OzoneProtocolMessageDispatcher.java:87) [hdds-server-framework-1.4.0-SNAPSHOT.jar:?]
	at org.apache.hadoop.ozone.protocolPB.OzoneManagerProtocolServerSideTranslatorPB.submitRequest(OzoneManagerProtocolServerSideTranslatorPB.java:147) [ozone-manager-1.4.0-SNAPSHOT.jar:?]
	at org.apache.hadoop.ozone.protocol.proto.OzoneManagerProtocolProtos$OzoneManagerService$2.callBlockingMethod(OzoneManagerProtocolProtos.java) [ozone-interface-client-1.4.0-SNAPSHOT.jar:?]
	at org.apache.hadoop.ipc.ProtobufRpcEngine$Server.processCall(ProtobufRpcEngine.java:465) [hadoop-common-3.3.4.jar:?]
	at org.apache.hadoop.ipc.ProtobufRpcEngine2$Server$ProtoBufRpcInvoker.call(ProtobufRpcEngine2.java:578) [hadoop-common-3.3.4.jar:?]
	at org.apache.hadoop.ipc.ProtobufRpcEngine2$Server$ProtoBufRpcInvoker.call(ProtobufRpcEngine2.java:556) [hadoop-common-3.3.4.jar:?]
	at org.apache.hadoop.ipc.RPC$Server.call(RPC.java:1093) [hadoop-common-3.3.4.jar:?]
	at org.apache.hadoop.ipc.Server$RpcCall.run(Server.java:1043) [hadoop-common-3.3.4.jar:?]
	at org.apache.hadoop.ipc.Server$RpcCall.run(Server.java:971) [hadoop-common-3.3.4.jar:?]
	at java.security.AccessController.doPrivileged(Native Method) ~[?:1.8.0_362]
	at javax.security.auth.Subject.doAs(Subject.java:422) [?:1.8.0_362]
	at org.apache.hadoop.security.UserGroupInformation.doAs(UserGroupInformation.java:1878) [hadoop-common-3.3.4.jar:?]
	at org.apache.hadoop.ipc.Server$Handler.run(Server.java:2976) [hadoop-common-3.3.4.jar:?]
2023-03-15 06:53:32,049 [OM StateMachine ApplyTransaction Thread - 0] INFO  snapshot.OMSnapshotCreateRequest (OMSnapshotCreateRequest.java:validateAndUpdateCache(204)) - Created snapshot '60224ec4-8de1-4a89-8211-000d0ddd8c8f' under path 'vol-b-98505/buc-a-99156'
2023-03-15 06:53:32,051 [OM StateMachine ApplyTransaction Thread - 0] INFO  snapshot.OMSnapshotCreateRequest (OMSnapshotCreateRequest.java:validateAndUpdateCache(204)) - Created snapshot '60224ec4-8de1-4a89-8211-000d0ddd8c8f' under path 'vol-b-98505/buc-a-99156'
2023-03-15 06:53:32,052 [OM StateMachine ApplyTransaction Thread - 0] INFO  snapshot.OMSnapshotCreateRequest (OMSnapshotCreateRequest.java:validateAndUpdateCache(204)) - Created snapshot '60224ec4-8de1-4a89-8211-000d0ddd8c8f' under path 'vol-b-98505/buc-a-99156'
2023-03-15 06:53:32,082 [OMDoubleBufferFlushThread] INFO  db.RDBCheckpointManager (RDBCheckpointManager.java:createCheckpoint(96)) - Created checkpoint in rocksDB at /home/runner/work/ozone/ozone/hadoop-ozone/integration-test/target/test-dir/MiniOzoneClusterImpl-8d40f1f0-3e23-4273-879b-a609159ae6a4/omNode-3/db.snapshots/om.db-30abe202-de46-4604-8bae-e19ca6d3a3bc in 29 milliseconds
2023-03-15 06:53:32,083 [OMDoubleBufferFlushThread] INFO  db.RDBCheckpointManager (RDBCheckpointManager.java:waitForCheckpointDirectoryExist(125)) - Waited for 1 milliseconds for checkpoint directory /home/runner/work/ozone/ozone/hadoop-ozone/integration-test/target/test-dir/MiniOzoneClusterImpl-8d40f1f0-3e23-4273-879b-a609159ae6a4/omNode-3/db.snapshots/om.db-30abe202-de46-4604-8bae-e19ca6d3a3bc availability.
2023-03-15 06:53:32,083 [OMDoubleBufferFlushThread] INFO  om.OmSnapshotManager (OmSnapshotManager.java:createOmSnapshotCheckpoint(170)) - Created checkpoint : /home/runner/work/ozone/ozone/hadoop-ozone/integration-test/target/test-dir/MiniOzoneClusterImpl-8d40f1f0-3e23-4273-879b-a609159ae6a4/omNode-3/db.snapshots/om.db-30abe202-de46-4604-8bae-e19ca6d3a3bc for snapshot 60224ec4-8de1-4a89-8211-000d0ddd8c8f
2023-03-15 06:53:32,095 [OMDoubleBufferFlushThread] INFO  db.RDBCheckpointManager (RDBCheckpointManager.java:createCheckpoint(96)) - Created checkpoint in rocksDB at /home/runner/work/ozone/ozone/hadoop-ozone/integration-test/target/test-dir/MiniOzoneClusterImpl-8d40f1f0-3e23-4273-879b-a609159ae6a4/omNode-1/db.snapshots/om.db-30abe202-de46-4604-8bae-e19ca6d3a3bc in 43 milliseconds
2023-03-15 06:53:32,096 [OMDoubleBufferFlushThread] INFO  db.RDBCheckpointManager (RDBCheckpointManager.java:waitForCheckpointDirectoryExist(125)) - Waited for 0 milliseconds for checkpoint directory /home/runner/work/ozone/ozone/hadoop-ozone/integration-test/target/test-dir/MiniOzoneClusterImpl-8d40f1f0-3e23-4273-879b-a609159ae6a4/omNode-1/db.snapshots/om.db-30abe202-de46-4604-8bae-e19ca6d3a3bc availability.
2023-03-15 06:53:32,096 [OMDoubleBufferFlushThread] INFO  om.OmSnapshotManager (OmSnapshotManager.java:createOmSnapshotCheckpoint(170)) - Created checkpoint : /home/runner/work/ozone/ozone/hadoop-ozone/integration-test/target/test-dir/MiniOzoneClusterImpl-8d40f1f0-3e23-4273-879b-a609159ae6a4/omNode-1/db.snapshots/om.db-30abe202-de46-4604-8bae-e19ca6d3a3bc for snapshot 60224ec4-8de1-4a89-8211-000d0ddd8c8f
2023-03-15 06:53:32,101 [OMDoubleBufferFlushThread] INFO  db.RDBCheckpointManager (RDBCheckpointManager.java:createCheckpoint(96)) - Created checkpoint in rocksDB at /home/runner/work/ozone/ozone/hadoop-ozone/integration-test/target/test-dir/MiniOzoneClusterImpl-8d40f1f0-3e23-4273-879b-a609159ae6a4/omNode-2/db.snapshots/om.db-30abe202-de46-4604-8bae-e19ca6d3a3bc in 48 milliseconds
2023-03-15 06:53:32,101 [OMDoubleBufferFlushThread] INFO  db.RDBCheckpointManager (RDBCheckpointManager.java:waitForCheckpointDirectoryExist(125)) - Waited for 0 milliseconds for checkpoint directory /home/runner/work/ozone/ozone/hadoop-ozone/integration-test/target/test-dir/MiniOzoneClusterImpl-8d40f1f0-3e23-4273-879b-a609159ae6a4/omNode-2/db.snapshots/om.db-30abe202-de46-4604-8bae-e19ca6d3a3bc availability.
2023-03-15 06:53:32,101 [OMDoubleBufferFlushThread] INFO  om.OmSnapshotManager (OmSnapshotManager.java:createOmSnapshotCheckpoint(170)) - Created checkpoint : /home/runner/work/ozone/ozone/hadoop-ozone/integration-test/target/test-dir/MiniOzoneClusterImpl-8d40f1f0-3e23-4273-879b-a609159ae6a4/omNode-2/db.snapshots/om.db-30abe202-de46-4604-8bae-e19ca6d3a3bc for snapshot 60224ec4-8de1-4a89-8211-000d0ddd8c8f
2023-03-15 06:53:33,158 [IPC Server handler 10 on default port 34801] WARN  server.ServerUtils (ServerUtils.java:getDBPath(225)) - ozone.om.db.dirs is not configured. We recommend adding this setting. Falling back to ozone.metadata.dirs instead.
2023-03-15 06:53:33,159 [IPC Server handler 10 on default port 34801] INFO  codec.OmKeyInfoCodec (OmKeyInfoCodec.java:<init>(49)) - OmKeyInfoCodec ignorePipeline = true
2023-03-15 06:53:33,159 [IPC Server handler 10 on default port 34801] INFO  codec.RepeatedOmKeyInfoCodec (RepeatedOmKeyInfoCodec.java:<init>(41)) - RepeatedOmKeyInfoCodec ignorePipeline = true
06:53:33.225 [IPC Server handler 2 on default port 34801] ERROR OMAudit - user=runner | ip=127.0.0.1 | op=GET_FILE_STATUS {volume=vol-b-98505, bucket=buc-a-99156, key=key-, dataSize=0, replicationConfig=null} | ret=FAILURE
org.apache.hadoop.ozone.om.exceptions.OMException: Unable to get file status: volume: vol-b-98505 bucket: buc-a-99156 key: key-
	at org.apache.hadoop.ozone.om.KeyManagerImpl.getOzoneFileStatusFSO(KeyManagerImpl.java:1320) ~[ozone-manager-1.4.0-SNAPSHOT.jar:?]
	at org.apache.hadoop.ozone.om.KeyManagerImpl.getFileStatus(KeyManagerImpl.java:1112) ~[ozone-manager-1.4.0-SNAPSHOT.jar:?]
	at org.apache.hadoop.ozone.om.OmMetadataReader.getFileStatus(OmMetadataReader.java:288) ~[ozone-manager-1.4.0-SNAPSHOT.jar:?]
	at org.apache.hadoop.ozone.om.OmSnapshot.getFileStatus(OmSnapshot.java:118) ~[ozone-manager-1.4.0-SNAPSHOT.jar:?]
	at org.apache.hadoop.ozone.om.OzoneManager.getFileStatus(OzoneManager.java:3494) ~[ozone-manager-1.4.0-SNAPSHOT.jar:?]
	at org.apache.hadoop.ozone.protocolPB.OzoneManagerRequestHandler.getOzoneFileStatus(OzoneManagerRequestHandler.java:933) ~[ozone-manager-1.4.0-SNAPSHOT.jar:?]
	at org.apache.hadoop.ozone.protocolPB.OzoneManagerRequestHandler.handleReadRequest(OzoneManagerRequestHandler.java:238) ~[ozone-manager-1.4.0-SNAPSHOT.jar:?]
	at org.apache.hadoop.ozone.protocolPB.OzoneManagerProtocolServerSideTranslatorPB.submitReadRequestToOM(OzoneManagerProtocolServerSideTranslatorPB.java:223) ~[ozone-manager-1.4.0-SNAPSHOT.jar:?]
	at org.apache.hadoop.ozone.protocolPB.OzoneManagerProtocolServerSideTranslatorPB.processRequest(OzoneManagerProtocolServerSideTranslatorPB.java:177) ~[ozone-manager-1.4.0-SNAPSHOT.jar:?]
	at org.apache.hadoop.hdds.server.OzoneProtocolMessageDispatcher.processRequest(OzoneProtocolMessageDispatcher.java:87) [hdds-server-framework-1.4.0-SNAPSHOT.jar:?]
	at org.apache.hadoop.ozone.protocolPB.OzoneManagerProtocolServerSideTranslatorPB.submitRequest(OzoneManagerProtocolServerSideTranslatorPB.java:147) [ozone-manager-1.4.0-SNAPSHOT.jar:?]
	at org.apache.hadoop.ozone.protocol.proto.OzoneManagerProtocolProtos$OzoneManagerService$2.callBlockingMethod(OzoneManagerProtocolProtos.java) [ozone-interface-client-1.4.0-SNAPSHOT.jar:?]
	at org.apache.hadoop.ipc.ProtobufRpcEngine$Server.processCall(ProtobufRpcEngine.java:465) [hadoop-common-3.3.4.jar:?]
	at org.apache.hadoop.ipc.ProtobufRpcEngine2$Server$ProtoBufRpcInvoker.call(ProtobufRpcEngine2.java:578) [hadoop-common-3.3.4.jar:?]
	at org.apache.hadoop.ipc.ProtobufRpcEngine2$Server$ProtoBufRpcInvoker.call(ProtobufRpcEngine2.java:556) [hadoop-common-3.3.4.jar:?]
	at org.apache.hadoop.ipc.RPC$Server.call(RPC.java:1093) [hadoop-common-3.3.4.jar:?]
	at org.apache.hadoop.ipc.Server$RpcCall.run(Server.java:1043) [hadoop-common-3.3.4.jar:?]
	at org.apache.hadoop.ipc.Server$RpcCall.run(Server.java:971) [hadoop-common-3.3.4.jar:?]
	at java.security.AccessController.doPrivileged(Native Method) ~[?:1.8.0_362]
	at javax.security.auth.Subject.doAs(Subject.java:422) [?:1.8.0_362]
	at org.apache.hadoop.security.UserGroupInformation.doAs(UserGroupInformation.java:1878) [hadoop-common-3.3.4.jar:?]
	at org.apache.hadoop.ipc.Server$Handler.run(Server.java:2976) [hadoop-common-3.3.4.jar:?]
2023-03-15 06:53:33,231 [OM StateMachine ApplyTransaction Thread - 0] INFO  snapshot.OMSnapshotCreateRequest (OMSnapshotCreateRequest.java:validateAndUpdateCache(204)) - Created snapshot 'ad291cd8-7409-47a9-9363-7d9f69eb4cd1' under path 'vol-b-98505/buc-b-91765'
2023-03-15 06:53:33,232 [OM StateMachine ApplyTransaction Thread - 0] INFO  snapshot.OMSnapshotCreateRequest (OMSnapshotCreateRequest.java:validateAndUpdateCache(204)) - Created snapshot 'ad291cd8-7409-47a9-9363-7d9f69eb4cd1' under path 'vol-b-98505/buc-b-91765'
2023-03-15 06:53:33,232 [OM StateMachine ApplyTransaction Thread - 0] INFO  snapshot.OMSnapshotCreateRequest (OMSnapshotCreateRequest.java:validateAndUpdateCache(204)) - Created snapshot 'ad291cd8-7409-47a9-9363-7d9f69eb4cd1' under path 'vol-b-98505/buc-b-91765'
2023-03-15 06:53:33,273 [OMDoubleBufferFlushThread] INFO  db.RDBCheckpointManager (RDBCheckpointManager.java:createCheckpoint(96)) - Created checkpoint in rocksDB at /home/runner/work/ozone/ozone/hadoop-ozone/integration-test/target/test-dir/MiniOzoneClusterImpl-8d40f1f0-3e23-4273-879b-a609159ae6a4/omNode-1/db.snapshots/om.db-6a51c1e6-9fdf-4604-bd6b-62e78312b2e6 in 40 milliseconds
2023-03-15 06:53:33,278 [OMDoubleBufferFlushThread] INFO  db.RDBCheckpointManager (RDBCheckpointManager.java:waitForCheckpointDirectoryExist(125)) - Waited for 5 milliseconds for checkpoint directory /home/runner/work/ozone/ozone/hadoop-ozone/integration-test/target/test-dir/MiniOzoneClusterImpl-8d40f1f0-3e23-4273-879b-a609159ae6a4/omNode-1/db.snapshots/om.db-6a51c1e6-9fdf-4604-bd6b-62e78312b2e6 availability.
2023-03-15 06:53:33,278 [OMDoubleBufferFlushThread] INFO  om.OmSnapshotManager (OmSnapshotManager.java:createOmSnapshotCheckpoint(170)) - Created checkpoint : /home/runner/work/ozone/ozone/hadoop-ozone/integration-test/target/test-dir/MiniOzoneClusterImpl-8d40f1f0-3e23-4273-879b-a609159ae6a4/omNode-1/db.snapshots/om.db-6a51c1e6-9fdf-4604-bd6b-62e78312b2e6 for snapshot ad291cd8-7409-47a9-9363-7d9f69eb4cd1
2023-03-15 06:53:33,283 [OMDoubleBufferFlushThread] INFO  db.RDBCheckpointManager (RDBCheckpointManager.java:createCheckpoint(96)) - Created checkpoint in rocksDB at /home/runner/work/ozone/ozone/hadoop-ozone/integration-test/target/test-dir/MiniOzoneClusterImpl-8d40f1f0-3e23-4273-879b-a609159ae6a4/omNode-3/db.snapshots/om.db-6a51c1e6-9fdf-4604-bd6b-62e78312b2e6 in 48 milliseconds
2023-03-15 06:53:33,290 [OMDoubleBufferFlushThread] INFO  db.RDBCheckpointManager (RDBCheckpointManager.java:waitForCheckpointDirectoryExist(125)) - Waited for 7 milliseconds for checkpoint directory /home/runner/work/ozone/ozone/hadoop-ozone/integration-test/target/test-dir/MiniOzoneClusterImpl-8d40f1f0-3e23-4273-879b-a609159ae6a4/omNode-3/db.snapshots/om.db-6a51c1e6-9fdf-4604-bd6b-62e78312b2e6 availability.
2023-03-15 06:53:33,290 [OMDoubleBufferFlushThread] INFO  om.OmSnapshotManager (OmSnapshotManager.java:createOmSnapshotCheckpoint(170)) - Created checkpoint : /home/runner/work/ozone/ozone/hadoop-ozone/integration-test/target/test-dir/MiniOzoneClusterImpl-8d40f1f0-3e23-4273-879b-a609159ae6a4/omNode-3/db.snapshots/om.db-6a51c1e6-9fdf-4604-bd6b-62e78312b2e6 for snapshot ad291cd8-7409-47a9-9363-7d9f69eb4cd1
2023-03-15 06:53:33,292 [OMDoubleBufferFlushThread] INFO  db.RDBCheckpointManager (RDBCheckpointManager.java:createCheckpoint(96)) - Created checkpoint in rocksDB at /home/runner/work/ozone/ozone/hadoop-ozone/integration-test/target/test-dir/MiniOzoneClusterImpl-8d40f1f0-3e23-4273-879b-a609159ae6a4/omNode-2/db.snapshots/om.db-6a51c1e6-9fdf-4604-bd6b-62e78312b2e6 in 57 milliseconds
2023-03-15 06:53:33,292 [OMDoubleBufferFlushThread] INFO  db.RDBCheckpointManager (RDBCheckpointManager.java:waitForCheckpointDirectoryExist(125)) - Waited for 0 milliseconds for checkpoint directory /home/runner/work/ozone/ozone/hadoop-ozone/integration-test/target/test-dir/MiniOzoneClusterImpl-8d40f1f0-3e23-4273-879b-a609159ae6a4/omNode-2/db.snapshots/om.db-6a51c1e6-9fdf-4604-bd6b-62e78312b2e6 availability.
2023-03-15 06:53:33,292 [OMDoubleBufferFlushThread] INFO  om.OmSnapshotManager (OmSnapshotManager.java:createOmSnapshotCheckpoint(170)) - Created checkpoint : /home/runner/work/ozone/ozone/hadoop-ozone/integration-test/target/test-dir/MiniOzoneClusterImpl-8d40f1f0-3e23-4273-879b-a609159ae6a4/omNode-2/db.snapshots/om.db-6a51c1e6-9fdf-4604-bd6b-62e78312b2e6 for snapshot ad291cd8-7409-47a9-9363-7d9f69eb4cd1
2023-03-15 06:53:34,314 [IPC Server handler 11 on default port 34801] WARN  server.ServerUtils (ServerUtils.java:getDBPath(225)) - ozone.om.db.dirs is not configured. We recommend adding this setting. Falling back to ozone.metadata.dirs instead.
2023-03-15 06:53:34,315 [IPC Server handler 11 on default port 34801] INFO  codec.OmKeyInfoCodec (OmKeyInfoCodec.java:<init>(49)) - OmKeyInfoCodec ignorePipeline = true
2023-03-15 06:53:34,315 [IPC Server handler 11 on default port 34801] INFO  codec.RepeatedOmKeyInfoCodec (RepeatedOmKeyInfoCodec.java:<init>(41)) - RepeatedOmKeyInfoCodec ignorePipeline = true
06:53:34.363 [IPC Server handler 7 on default port 34801] ERROR OMAudit - user=runner | ip=127.0.0.1 | op=GET_FILE_STATUS {volume=vol-b-98505, bucket=buc-b-91765, key=key-, dataSize=0, replicationConfig=null} | ret=FAILURE
org.apache.hadoop.ozone.om.exceptions.OMException: Unable to get file status: volume: vol-b-98505 bucket: buc-b-91765 key: key-
	at org.apache.hadoop.ozone.om.KeyManagerImpl.getOzoneFileStatusFSO(KeyManagerImpl.java:1320) ~[ozone-manager-1.4.0-SNAPSHOT.jar:?]
	at org.apache.hadoop.ozone.om.KeyManagerImpl.getFileStatus(KeyManagerImpl.java:1112) ~[ozone-manager-1.4.0-SNAPSHOT.jar:?]
	at org.apache.hadoop.ozone.om.OmMetadataReader.getFileStatus(OmMetadataReader.java:288) ~[ozone-manager-1.4.0-SNAPSHOT.jar:?]
	at org.apache.hadoop.ozone.om.OmSnapshot.getFileStatus(OmSnapshot.java:118) ~[ozone-manager-1.4.0-SNAPSHOT.jar:?]
	at org.apache.hadoop.ozone.om.OzoneManager.getFileStatus(OzoneManager.java:3494) ~[ozone-manager-1.4.0-SNAPSHOT.jar:?]
	at org.apache.hadoop.ozone.protocolPB.OzoneManagerRequestHandler.getOzoneFileStatus(OzoneManagerRequestHandler.java:933) ~[ozone-manager-1.4.0-SNAPSHOT.jar:?]
	at org.apache.hadoop.ozone.protocolPB.OzoneManagerRequestHandler.handleReadRequest(OzoneManagerRequestHandler.java:238) ~[ozone-manager-1.4.0-SNAPSHOT.jar:?]
	at org.apache.hadoop.ozone.protocolPB.OzoneManagerProtocolServerSideTranslatorPB.submitReadRequestToOM(OzoneManagerProtocolServerSideTranslatorPB.java:223) ~[ozone-manager-1.4.0-SNAPSHOT.jar:?]
	at org.apache.hadoop.ozone.protocolPB.OzoneManagerProtocolServerSideTranslatorPB.processRequest(OzoneManagerProtocolServerSideTranslatorPB.java:177) ~[ozone-manager-1.4.0-SNAPSHOT.jar:?]
	at org.apache.hadoop.hdds.server.OzoneProtocolMessageDispatcher.processRequest(OzoneProtocolMessageDispatcher.java:87) [hdds-server-framework-1.4.0-SNAPSHOT.jar:?]
	at org.apache.hadoop.ozone.protocolPB.OzoneManagerProtocolServerSideTranslatorPB.submitRequest(OzoneManagerProtocolServerSideTranslatorPB.java:147) [ozone-manager-1.4.0-SNAPSHOT.jar:?]
	at org.apache.hadoop.ozone.protocol.proto.OzoneManagerProtocolProtos$OzoneManagerService$2.callBlockingMethod(OzoneManagerProtocolProtos.java) [ozone-interface-client-1.4.0-SNAPSHOT.jar:?]
	at org.apache.hadoop.ipc.ProtobufRpcEngine$Server.processCall(ProtobufRpcEngine.java:465) [hadoop-common-3.3.4.jar:?]
	at org.apache.hadoop.ipc.ProtobufRpcEngine2$Server$ProtoBufRpcInvoker.call(ProtobufRpcEngine2.java:578) [hadoop-common-3.3.4.jar:?]
	at org.apache.hadoop.ipc.ProtobufRpcEngine2$Server$ProtoBufRpcInvoker.call(ProtobufRpcEngine2.java:556) [hadoop-common-3.3.4.jar:?]
	at org.apache.hadoop.ipc.RPC$Server.call(RPC.java:1093) [hadoop-common-3.3.4.jar:?]
	at org.apache.hadoop.ipc.Server$RpcCall.run(Server.java:1043) [hadoop-common-3.3.4.jar:?]
	at org.apache.hadoop.ipc.Server$RpcCall.run(Server.java:971) [hadoop-common-3.3.4.jar:?]
	at java.security.AccessController.doPrivileged(Native Method) ~[?:1.8.0_362]
	at javax.security.auth.Subject.doAs(Subject.java:422) [?:1.8.0_362]
	at org.apache.hadoop.security.UserGroupInformation.doAs(UserGroupInformation.java:1878) [hadoop-common-3.3.4.jar:?]
	at org.apache.hadoop.ipc.Server$Handler.run(Server.java:2976) [hadoop-common-3.3.4.jar:?]
2023-03-15 06:53:34,368 [OM StateMachine ApplyTransaction Thread - 0] INFO  snapshot.OMSnapshotCreateRequest (OMSnapshotCreateRequest.java:validateAndUpdateCache(204)) - Created snapshot 'c5c96a38-32af-4ed7-aa92-437083179f1d' under path 'vol-a-95665/buc-a-99156'
2023-03-15 06:53:34,369 [OM StateMachine ApplyTransaction Thread - 0] INFO  snapshot.OMSnapshotCreateRequest (OMSnapshotCreateRequest.java:validateAndUpdateCache(204)) - Created snapshot 'c5c96a38-32af-4ed7-aa92-437083179f1d' under path 'vol-a-95665/buc-a-99156'
2023-03-15 06:53:34,370 [OM StateMachine ApplyTransaction Thread - 0] INFO  snapshot.OMSnapshotCreateRequest (OMSnapshotCreateRequest.java:validateAndUpdateCache(204)) - Created snapshot 'c5c96a38-32af-4ed7-aa92-437083179f1d' under path 'vol-a-95665/buc-a-99156'
2023-03-15 06:53:34,400 [OMDoubleBufferFlushThread] INFO  db.RDBCheckpointManager (RDBCheckpointManager.java:createCheckpoint(96)) - Created checkpoint in rocksDB at /home/runner/work/ozone/ozone/hadoop-ozone/integration-test/target/test-dir/MiniOzoneClusterImpl-8d40f1f0-3e23-4273-879b-a609159ae6a4/omNode-1/db.snapshots/om.db-11a43a9a-092a-430f-9722-bc65de4151b5 in 30 milliseconds
2023-03-15 06:53:34,403 [OMDoubleBufferFlushThread] INFO  db.RDBCheckpointManager (RDBCheckpointManager.java:waitForCheckpointDirectoryExist(125)) - Waited for 3 milliseconds for checkpoint directory /home/runner/work/ozone/ozone/hadoop-ozone/integration-test/target/test-dir/MiniOzoneClusterImpl-8d40f1f0-3e23-4273-879b-a609159ae6a4/omNode-1/db.snapshots/om.db-11a43a9a-092a-430f-9722-bc65de4151b5 availability.
2023-03-15 06:53:34,403 [OMDoubleBufferFlushThread] INFO  om.OmSnapshotManager (OmSnapshotManager.java:createOmSnapshotCheckpoint(170)) - Created checkpoint : /home/runner/work/ozone/ozone/hadoop-ozone/integration-test/target/test-dir/MiniOzoneClusterImpl-8d40f1f0-3e23-4273-879b-a609159ae6a4/omNode-1/db.snapshots/om.db-11a43a9a-092a-430f-9722-bc65de4151b5 for snapshot c5c96a38-32af-4ed7-aa92-437083179f1d
2023-03-15 06:53:34,413 [OMDoubleBufferFlushThread] INFO  db.RDBCheckpointManager (RDBCheckpointManager.java:createCheckpoint(96)) - Created checkpoint in rocksDB at /home/runner/work/ozone/ozone/hadoop-ozone/integration-test/target/test-dir/MiniOzoneClusterImpl-8d40f1f0-3e23-4273-879b-a609159ae6a4/omNode-3/db.snapshots/om.db-11a43a9a-092a-430f-9722-bc65de4151b5 in 42 milliseconds
2023-03-15 06:53:34,413 [OMDoubleBufferFlushThread] INFO  db.RDBCheckpointManager (RDBCheckpointManager.java:waitForCheckpointDirectoryExist(125)) - Waited for 0 milliseconds for checkpoint directory /home/runner/work/ozone/ozone/hadoop-ozone/integration-test/target/test-dir/MiniOzoneClusterImpl-8d40f1f0-3e23-4273-879b-a609159ae6a4/omNode-3/db.snapshots/om.db-11a43a9a-092a-430f-9722-bc65de4151b5 availability.
2023-03-15 06:53:34,413 [OMDoubleBufferFlushThread] INFO  om.OmSnapshotManager (OmSnapshotManager.java:createOmSnapshotCheckpoint(170)) - Created checkpoint : /home/runner/work/ozone/ozone/hadoop-ozone/integration-test/target/test-dir/MiniOzoneClusterImpl-8d40f1f0-3e23-4273-879b-a609159ae6a4/omNode-3/db.snapshots/om.db-11a43a9a-092a-430f-9722-bc65de4151b5 for snapshot c5c96a38-32af-4ed7-aa92-437083179f1d
2023-03-15 06:53:34,417 [OMDoubleBufferFlushThread] INFO  db.RDBCheckpointManager (RDBCheckpointManager.java:createCheckpoint(96)) - Created checkpoint in rocksDB at /home/runner/work/ozone/ozone/hadoop-ozone/integration-test/target/test-dir/MiniOzoneClusterImpl-8d40f1f0-3e23-4273-879b-a609159ae6a4/omNode-2/db.snapshots/om.db-11a43a9a-092a-430f-9722-bc65de4151b5 in 45 milliseconds
2023-03-15 06:53:34,417 [OMDoubleBufferFlushThread] INFO  db.RDBCheckpointManager (RDBCheckpointManager.java:waitForCheckpointDirectoryExist(125)) - Waited for 0 milliseconds for checkpoint directory /home/runner/work/ozone/ozone/hadoop-ozone/integration-test/target/test-dir/MiniOzoneClusterImpl-8d40f1f0-3e23-4273-879b-a609159ae6a4/omNode-2/db.snapshots/om.db-11a43a9a-092a-430f-9722-bc65de4151b5 availability.
2023-03-15 06:53:34,417 [OMDoubleBufferFlushThread] INFO  om.OmSnapshotManager (OmSnapshotManager.java:createOmSnapshotCheckpoint(170)) - Created checkpoint : /home/runner/work/ozone/ozone/hadoop-ozone/integration-test/target/test-dir/MiniOzoneClusterImpl-8d40f1f0-3e23-4273-879b-a609159ae6a4/omNode-2/db.snapshots/om.db-11a43a9a-092a-430f-9722-bc65de4151b5 for snapshot c5c96a38-32af-4ed7-aa92-437083179f1d
2023-03-15 06:53:35,455 [IPC Server handler 3 on default port 34801] WARN  server.ServerUtils (ServerUtils.java:getDBPath(225)) - ozone.om.db.dirs is not configured. We recommend adding this setting. Falling back to ozone.metadata.dirs instead.
2023-03-15 06:53:35,455 [IPC Server handler 3 on default port 34801] INFO  codec.OmKeyInfoCodec (OmKeyInfoCodec.java:<init>(49)) - OmKeyInfoCodec ignorePipeline = true
2023-03-15 06:53:35,455 [IPC Server handler 3 on default port 34801] INFO  codec.RepeatedOmKeyInfoCodec (RepeatedOmKeyInfoCodec.java:<init>(41)) - RepeatedOmKeyInfoCodec ignorePipeline = true
06:53:35.515 [IPC Server handler 4 on default port 34801] ERROR OMAudit - user=runner | ip=127.0.0.1 | op=GET_FILE_STATUS {volume=vol-a-95665, bucket=buc-a-99156, key=key-a-, dataSize=0, replicationConfig=null} | ret=FAILURE
org.apache.hadoop.ozone.om.exceptions.OMException: Unable to get file status: volume: vol-a-95665 bucket: buc-a-99156 key: key-a-
	at org.apache.hadoop.ozone.om.KeyManagerImpl.getOzoneFileStatusFSO(KeyManagerImpl.java:1320) ~[ozone-manager-1.4.0-SNAPSHOT.jar:?]
	at org.apache.hadoop.ozone.om.KeyManagerImpl.getFileStatus(KeyManagerImpl.java:1112) ~[ozone-manager-1.4.0-SNAPSHOT.jar:?]
	at org.apache.hadoop.ozone.om.OmMetadataReader.getFileStatus(OmMetadataReader.java:288) ~[ozone-manager-1.4.0-SNAPSHOT.jar:?]
	at org.apache.hadoop.ozone.om.OmSnapshot.getFileStatus(OmSnapshot.java:118) ~[ozone-manager-1.4.0-SNAPSHOT.jar:?]
	at org.apache.hadoop.ozone.om.OzoneManager.getFileStatus(OzoneManager.java:3494) ~[ozone-manager-1.4.0-SNAPSHOT.jar:?]
	at org.apache.hadoop.ozone.protocolPB.OzoneManagerRequestHandler.getOzoneFileStatus(OzoneManagerRequestHandler.java:933) ~[ozone-manager-1.4.0-SNAPSHOT.jar:?]
	at org.apache.hadoop.ozone.protocolPB.OzoneManagerRequestHandler.handleReadRequest(OzoneManagerRequestHandler.java:238) ~[ozone-manager-1.4.0-SNAPSHOT.jar:?]
	at org.apache.hadoop.ozone.protocolPB.OzoneManagerProtocolServerSideTranslatorPB.submitReadRequestToOM(OzoneManagerProtocolServerSideTranslatorPB.java:223) ~[ozone-manager-1.4.0-SNAPSHOT.jar:?]
	at org.apache.hadoop.ozone.protocolPB.OzoneManagerProtocolServerSideTranslatorPB.processRequest(OzoneManagerProtocolServerSideTranslatorPB.java:177) ~[ozone-manager-1.4.0-SNAPSHOT.jar:?]
	at org.apache.hadoop.hdds.server.OzoneProtocolMessageDispatcher.processRequest(OzoneProtocolMessageDispatcher.java:87) [hdds-server-framework-1.4.0-SNAPSHOT.jar:?]
	at org.apache.hadoop.ozone.protocolPB.OzoneManagerProtocolServerSideTranslatorPB.submitRequest(OzoneManagerProtocolServerSideTranslatorPB.java:147) [ozone-manager-1.4.0-SNAPSHOT.jar:?]
	at org.apache.hadoop.ozone.protocol.proto.OzoneManagerProtocolProtos$OzoneManagerService$2.callBlockingMethod(OzoneManagerProtocolProtos.java) [ozone-interface-client-1.4.0-SNAPSHOT.jar:?]
	at org.apache.hadoop.ipc.ProtobufRpcEngine$Server.processCall(ProtobufRpcEngine.java:465) [hadoop-common-3.3.4.jar:?]
	at org.apache.hadoop.ipc.ProtobufRpcEngine2$Server$ProtoBufRpcInvoker.call(ProtobufRpcEngine2.java:578) [hadoop-common-3.3.4.jar:?]
	at org.apache.hadoop.ipc.ProtobufRpcEngine2$Server$ProtoBufRpcInvoker.call(ProtobufRpcEngine2.java:556) [hadoop-common-3.3.4.jar:?]
	at org.apache.hadoop.ipc.RPC$Server.call(RPC.java:1093) [hadoop-common-3.3.4.jar:?]
	at org.apache.hadoop.ipc.Server$RpcCall.run(Server.java:1043) [hadoop-common-3.3.4.jar:?]
	at org.apache.hadoop.ipc.Server$RpcCall.run(Server.java:971) [hadoop-common-3.3.4.jar:?]
	at java.security.AccessController.doPrivileged(Native Method) ~[?:1.8.0_362]
	at javax.security.auth.Subject.doAs(Subject.java:422) [?:1.8.0_362]
	at org.apache.hadoop.security.UserGroupInformation.doAs(UserGroupInformation.java:1878) [hadoop-common-3.3.4.jar:?]
	at org.apache.hadoop.ipc.Server$Handler.run(Server.java:2976) [hadoop-common-3.3.4.jar:?]
06:53:35.523 [IPC Server handler 16 on default port 34801] ERROR OMAudit - user=runner | ip=127.0.0.1 | op=GET_FILE_STATUS {volume=vol-a-95665, bucket=buc-a-99156, key=key-b-, dataSize=0, replicationConfig=null} | ret=FAILURE
org.apache.hadoop.ozone.om.exceptions.OMException: Unable to get file status: volume: vol-a-95665 bucket: buc-a-99156 key: key-b-
	at org.apache.hadoop.ozone.om.KeyManagerImpl.getOzoneFileStatusFSO(KeyManagerImpl.java:1320) ~[ozone-manager-1.4.0-SNAPSHOT.jar:?]
	at org.apache.hadoop.ozone.om.KeyManagerImpl.getFileStatus(KeyManagerImpl.java:1112) ~[ozone-manager-1.4.0-SNAPSHOT.jar:?]
	at org.apache.hadoop.ozone.om.OmMetadataReader.getFileStatus(OmMetadataReader.java:288) ~[ozone-manager-1.4.0-SNAPSHOT.jar:?]
	at org.apache.hadoop.ozone.om.OmSnapshot.getFileStatus(OmSnapshot.java:118) ~[ozone-manager-1.4.0-SNAPSHOT.jar:?]
	at org.apache.hadoop.ozone.om.OzoneManager.getFileStatus(OzoneManager.java:3494) ~[ozone-manager-1.4.0-SNAPSHOT.jar:?]
	at org.apache.hadoop.ozone.protocolPB.OzoneManagerRequestHandler.getOzoneFileStatus(OzoneManagerRequestHandler.java:933) ~[ozone-manager-1.4.0-SNAPSHOT.jar:?]
	at org.apache.hadoop.ozone.protocolPB.OzoneManagerRequestHandler.handleReadRequest(OzoneManagerRequestHandler.java:238) ~[ozone-manager-1.4.0-SNAPSHOT.jar:?]
	at org.apache.hadoop.ozone.protocolPB.OzoneManagerProtocolServerSideTranslatorPB.submitReadRequestToOM(OzoneManagerProtocolServerSideTranslatorPB.java:223) ~[ozone-manager-1.4.0-SNAPSHOT.jar:?]
	at org.apache.hadoop.ozone.protocolPB.OzoneManagerProtocolServerSideTranslatorPB.processRequest(OzoneManagerProtocolServerSideTranslatorPB.java:177) ~[ozone-manager-1.4.0-SNAPSHOT.jar:?]
	at org.apache.hadoop.hdds.server.OzoneProtocolMessageDispatcher.processRequest(OzoneProtocolMessageDispatcher.java:87) [hdds-server-framework-1.4.0-SNAPSHOT.jar:?]
	at org.apache.hadoop.ozone.protocolPB.OzoneManagerProtocolServerSideTranslatorPB.submitRequest(OzoneManagerProtocolServerSideTranslatorPB.java:147) [ozone-manager-1.4.0-SNAPSHOT.jar:?]
	at org.apache.hadoop.ozone.protocol.proto.OzoneManagerProtocolProtos$OzoneManagerService$2.callBlockingMethod(OzoneManagerProtocolProtos.java) [ozone-interface-client-1.4.0-SNAPSHOT.jar:?]
	at org.apache.hadoop.ipc.ProtobufRpcEngine$Server.processCall(ProtobufRpcEngine.java:465) [hadoop-common-3.3.4.jar:?]
	at org.apache.hadoop.ipc.ProtobufRpcEngine2$Server$ProtoBufRpcInvoker.call(ProtobufRpcEngine2.java:578) [hadoop-common-3.3.4.jar:?]
	at org.apache.hadoop.ipc.ProtobufRpcEngine2$Server$ProtoBufRpcInvoker.call(ProtobufRpcEngine2.java:556) [hadoop-common-3.3.4.jar:?]
	at org.apache.hadoop.ipc.RPC$Server.call(RPC.java:1093) [hadoop-common-3.3.4.jar:?]
	at org.apache.hadoop.ipc.Server$RpcCall.run(Server.java:1043) [hadoop-common-3.3.4.jar:?]
	at org.apache.hadoop.ipc.Server$RpcCall.run(Server.java:971) [hadoop-common-3.3.4.jar:?]
	at java.security.AccessController.doPrivileged(Native Method) ~[?:1.8.0_362]
	at javax.security.auth.Subject.doAs(Subject.java:422) [?:1.8.0_362]
	at org.apache.hadoop.security.UserGroupInformation.doAs(UserGroupInformation.java:1878) [hadoop-common-3.3.4.jar:?]
	at org.apache.hadoop.ipc.Server$Handler.run(Server.java:2976) [hadoop-common-3.3.4.jar:?]
]]></system-out>
  </testcase>
  <testcase name="testListKey" classname="TestOmSnapshot" time="9.863">
    <system-out><![CDATA[2023-03-15 06:54:26,408 [Time-limited test] INFO  rpc.RpcClient (RpcClient.java:createVolume(476)) - Creating Volume: vol-a-08906, with runner as owner and space quota set to -1 bytes, counts quota set to -1
2023-03-15 06:54:26,413 [OM StateMachine ApplyTransaction Thread - 0] INFO  volume.OMVolumeCreateRequest (OMVolumeCreateRequest.java:validateAndUpdateCache(195)) - created volume:vol-a-08906 for user:runner
2023-03-15 06:54:26,414 [OM StateMachine ApplyTransaction Thread - 0] INFO  volume.OMVolumeCreateRequest (OMVolumeCreateRequest.java:validateAndUpdateCache(195)) - created volume:vol-a-08906 for user:runner
2023-03-15 06:54:26,414 [Time-limited test] INFO  rpc.RpcClient (RpcClient.java:createVolume(476)) - Creating Volume: vol-b-03737, with runner as owner and space quota set to -1 bytes, counts quota set to -1
2023-03-15 06:54:26,414 [OM StateMachine ApplyTransaction Thread - 0] INFO  volume.OMVolumeCreateRequest (OMVolumeCreateRequest.java:validateAndUpdateCache(195)) - created volume:vol-a-08906 for user:runner
2023-03-15 06:54:26,417 [OM StateMachine ApplyTransaction Thread - 0] INFO  volume.OMVolumeCreateRequest (OMVolumeCreateRequest.java:validateAndUpdateCache(195)) - created volume:vol-b-03737 for user:runner
2023-03-15 06:54:26,419 [OM StateMachine ApplyTransaction Thread - 0] INFO  volume.OMVolumeCreateRequest (OMVolumeCreateRequest.java:validateAndUpdateCache(195)) - created volume:vol-b-03737 for user:runner
2023-03-15 06:54:26,420 [OM StateMachine ApplyTransaction Thread - 0] INFO  volume.OMVolumeCreateRequest (OMVolumeCreateRequest.java:validateAndUpdateCache(195)) - created volume:vol-b-03737 for user:runner
2023-03-15 06:54:26,420 [Time-limited test] INFO  rpc.RpcClient (RpcClient.java:createBucket(698)) - Creating Bucket: vol-a-08906/buc-a-12206, with server-side default bucket layout, runner as owner, Versioning false, Storage Type set to DISK and Encryption set to false, Replication Type set to server-side default replication type, Namespace Quota set to -1, Space Quota set to -1 
2023-03-15 06:54:26,423 [OM StateMachine ApplyTransaction Thread - 0] INFO  bucket.OMBucketCreateRequest (OMBucketCreateRequest.java:validateAndUpdateCache(263)) - created bucket: buc-a-12206 of layout LEGACY in volume: vol-a-08906
2023-03-15 06:54:26,423 [Time-limited test] INFO  rpc.RpcClient (RpcClient.java:createBucket(698)) - Creating Bucket: vol-a-08906/buc-b-46917, with server-side default bucket layout, runner as owner, Versioning false, Storage Type set to DISK and Encryption set to false, Replication Type set to server-side default replication type, Namespace Quota set to -1, Space Quota set to -1 
2023-03-15 06:54:26,423 [OM StateMachine ApplyTransaction Thread - 0] INFO  bucket.OMBucketCreateRequest (OMBucketCreateRequest.java:validateAndUpdateCache(263)) - created bucket: buc-a-12206 of layout LEGACY in volume: vol-a-08906
2023-03-15 06:54:26,425 [OM StateMachine ApplyTransaction Thread - 0] INFO  bucket.OMBucketCreateRequest (OMBucketCreateRequest.java:validateAndUpdateCache(263)) - created bucket: buc-a-12206 of layout LEGACY in volume: vol-a-08906
2023-03-15 06:54:26,427 [OM StateMachine ApplyTransaction Thread - 0] INFO  bucket.OMBucketCreateRequest (OMBucketCreateRequest.java:validateAndUpdateCache(263)) - created bucket: buc-b-46917 of layout LEGACY in volume: vol-a-08906
2023-03-15 06:54:26,427 [OM StateMachine ApplyTransaction Thread - 0] INFO  bucket.OMBucketCreateRequest (OMBucketCreateRequest.java:validateAndUpdateCache(263)) - created bucket: buc-b-46917 of layout LEGACY in volume: vol-a-08906
2023-03-15 06:54:26,427 [Time-limited test] INFO  rpc.RpcClient (RpcClient.java:createBucket(698)) - Creating Bucket: vol-b-03737/buc-a-12206, with server-side default bucket layout, runner as owner, Versioning false, Storage Type set to DISK and Encryption set to false, Replication Type set to server-side default replication type, Namespace Quota set to -1, Space Quota set to -1 
2023-03-15 06:54:26,430 [OM StateMachine ApplyTransaction Thread - 0] INFO  bucket.OMBucketCreateRequest (OMBucketCreateRequest.java:validateAndUpdateCache(263)) - created bucket: buc-a-12206 of layout LEGACY in volume: vol-b-03737
2023-03-15 06:54:26,431 [Time-limited test] INFO  rpc.RpcClient (RpcClient.java:createBucket(698)) - Creating Bucket: vol-b-03737/buc-b-46917, with server-side default bucket layout, runner as owner, Versioning false, Storage Type set to DISK and Encryption set to false, Replication Type set to server-side default replication type, Namespace Quota set to -1, Space Quota set to -1 
2023-03-15 06:54:26,431 [OM StateMachine ApplyTransaction Thread - 0] INFO  bucket.OMBucketCreateRequest (OMBucketCreateRequest.java:validateAndUpdateCache(263)) - created bucket: buc-a-12206 of layout LEGACY in volume: vol-b-03737
2023-03-15 06:54:26,433 [OM StateMachine ApplyTransaction Thread - 0] INFO  bucket.OMBucketCreateRequest (OMBucketCreateRequest.java:validateAndUpdateCache(263)) - created bucket: buc-b-46917 of layout LEGACY in volume: vol-b-03737
2023-03-15 06:54:26,433 [OM StateMachine ApplyTransaction Thread - 0] INFO  bucket.OMBucketCreateRequest (OMBucketCreateRequest.java:validateAndUpdateCache(263)) - created bucket: buc-b-46917 of layout LEGACY in volume: vol-b-03737
2023-03-15 06:54:26,440 [OM StateMachine ApplyTransaction Thread - 0] INFO  bucket.OMBucketCreateRequest (OMBucketCreateRequest.java:validateAndUpdateCache(263)) - created bucket: buc-b-46917 of layout LEGACY in volume: vol-a-08906
2023-03-15 06:54:26,441 [OM StateMachine ApplyTransaction Thread - 0] INFO  bucket.OMBucketCreateRequest (OMBucketCreateRequest.java:validateAndUpdateCache(263)) - created bucket: buc-a-12206 of layout LEGACY in volume: vol-b-03737
2023-03-15 06:54:26,443 [OM StateMachine ApplyTransaction Thread - 0] INFO  bucket.OMBucketCreateRequest (OMBucketCreateRequest.java:validateAndUpdateCache(263)) - created bucket: buc-b-46917 of layout LEGACY in volume: vol-b-03737
2023-03-15 06:54:28,776 [Under Replicated Processor] INFO  replication.UnhealthyReplicationProcessor (UnhealthyReplicationProcessor.java:processAll(113)) - Processed 0 containers with health state counts {},failed processing 0
2023-03-15 06:54:28,779 [Over Replicated Processor] INFO  replication.UnhealthyReplicationProcessor (UnhealthyReplicationProcessor.java:processAll(113)) - Processed 0 containers with health state counts {},failed processing 0
2023-03-15 06:54:30,730 [OM StateMachine ApplyTransaction Thread - 0] INFO  snapshot.OMSnapshotCreateRequest (OMSnapshotCreateRequest.java:validateAndUpdateCache(204)) - Created snapshot '1c1c4125-d32d-460c-9f34-a543b64538fe' under path 'vol-a-08906/buc-a-12206'
2023-03-15 06:54:30,731 [OM StateMachine ApplyTransaction Thread - 0] INFO  snapshot.OMSnapshotCreateRequest (OMSnapshotCreateRequest.java:validateAndUpdateCache(204)) - Created snapshot '1c1c4125-d32d-460c-9f34-a543b64538fe' under path 'vol-a-08906/buc-a-12206'
2023-03-15 06:54:30,732 [OM StateMachine ApplyTransaction Thread - 0] INFO  snapshot.OMSnapshotCreateRequest (OMSnapshotCreateRequest.java:validateAndUpdateCache(204)) - Created snapshot '1c1c4125-d32d-460c-9f34-a543b64538fe' under path 'vol-a-08906/buc-a-12206'
2023-03-15 06:54:30,801 [OMDoubleBufferFlushThread] INFO  db.RDBCheckpointManager (RDBCheckpointManager.java:createCheckpoint(96)) - Created checkpoint in rocksDB at /home/runner/work/ozone/ozone/hadoop-ozone/integration-test/target/test-dir/MiniOzoneClusterImpl-88c1a39f-978e-429a-824f-6eda176bb531/omNode-1/db.snapshots/om.db-5448c0f2-2559-4e8c-af05-dfa62a0d0260 in 68 milliseconds
2023-03-15 06:54:30,802 [OMDoubleBufferFlushThread] INFO  db.RDBCheckpointManager (RDBCheckpointManager.java:waitForCheckpointDirectoryExist(125)) - Waited for 0 milliseconds for checkpoint directory /home/runner/work/ozone/ozone/hadoop-ozone/integration-test/target/test-dir/MiniOzoneClusterImpl-88c1a39f-978e-429a-824f-6eda176bb531/omNode-1/db.snapshots/om.db-5448c0f2-2559-4e8c-af05-dfa62a0d0260 availability.
2023-03-15 06:54:30,802 [OMDoubleBufferFlushThread] INFO  om.OmSnapshotManager (OmSnapshotManager.java:createOmSnapshotCheckpoint(170)) - Created checkpoint : /home/runner/work/ozone/ozone/hadoop-ozone/integration-test/target/test-dir/MiniOzoneClusterImpl-88c1a39f-978e-429a-824f-6eda176bb531/omNode-1/db.snapshots/om.db-5448c0f2-2559-4e8c-af05-dfa62a0d0260 for snapshot 1c1c4125-d32d-460c-9f34-a543b64538fe
2023-03-15 06:54:30,805 [OMDoubleBufferFlushThread] INFO  db.RDBCheckpointManager (RDBCheckpointManager.java:createCheckpoint(96)) - Created checkpoint in rocksDB at /home/runner/work/ozone/ozone/hadoop-ozone/integration-test/target/test-dir/MiniOzoneClusterImpl-88c1a39f-978e-429a-824f-6eda176bb531/omNode-2/db.snapshots/om.db-5448c0f2-2559-4e8c-af05-dfa62a0d0260 in 72 milliseconds
2023-03-15 06:54:30,807 [OMDoubleBufferFlushThread] INFO  db.RDBCheckpointManager (RDBCheckpointManager.java:waitForCheckpointDirectoryExist(125)) - Waited for 2 milliseconds for checkpoint directory /home/runner/work/ozone/ozone/hadoop-ozone/integration-test/target/test-dir/MiniOzoneClusterImpl-88c1a39f-978e-429a-824f-6eda176bb531/omNode-2/db.snapshots/om.db-5448c0f2-2559-4e8c-af05-dfa62a0d0260 availability.
2023-03-15 06:54:30,807 [OMDoubleBufferFlushThread] INFO  om.OmSnapshotManager (OmSnapshotManager.java:createOmSnapshotCheckpoint(170)) - Created checkpoint : /home/runner/work/ozone/ozone/hadoop-ozone/integration-test/target/test-dir/MiniOzoneClusterImpl-88c1a39f-978e-429a-824f-6eda176bb531/omNode-2/db.snapshots/om.db-5448c0f2-2559-4e8c-af05-dfa62a0d0260 for snapshot 1c1c4125-d32d-460c-9f34-a543b64538fe
2023-03-15 06:54:30,809 [OMDoubleBufferFlushThread] INFO  db.RDBCheckpointManager (RDBCheckpointManager.java:createCheckpoint(96)) - Created checkpoint in rocksDB at /home/runner/work/ozone/ozone/hadoop-ozone/integration-test/target/test-dir/MiniOzoneClusterImpl-88c1a39f-978e-429a-824f-6eda176bb531/omNode-3/db.snapshots/om.db-5448c0f2-2559-4e8c-af05-dfa62a0d0260 in 75 milliseconds
2023-03-15 06:54:30,810 [OMDoubleBufferFlushThread] INFO  db.RDBCheckpointManager (RDBCheckpointManager.java:waitForCheckpointDirectoryExist(125)) - Waited for 1 milliseconds for checkpoint directory /home/runner/work/ozone/ozone/hadoop-ozone/integration-test/target/test-dir/MiniOzoneClusterImpl-88c1a39f-978e-429a-824f-6eda176bb531/omNode-3/db.snapshots/om.db-5448c0f2-2559-4e8c-af05-dfa62a0d0260 availability.
2023-03-15 06:54:30,810 [OMDoubleBufferFlushThread] INFO  om.OmSnapshotManager (OmSnapshotManager.java:createOmSnapshotCheckpoint(170)) - Created checkpoint : /home/runner/work/ozone/ozone/hadoop-ozone/integration-test/target/test-dir/MiniOzoneClusterImpl-88c1a39f-978e-429a-824f-6eda176bb531/omNode-3/db.snapshots/om.db-5448c0f2-2559-4e8c-af05-dfa62a0d0260 for snapshot 1c1c4125-d32d-460c-9f34-a543b64538fe
2023-03-15 06:54:31,732 [IPC Server handler 7 on default port 43319] WARN  server.ServerUtils (ServerUtils.java:getDBPath(225)) - ozone.om.db.dirs is not configured. We recommend adding this setting. Falling back to ozone.metadata.dirs instead.
2023-03-15 06:54:31,733 [IPC Server handler 7 on default port 43319] INFO  codec.OmKeyInfoCodec (OmKeyInfoCodec.java:<init>(49)) - OmKeyInfoCodec ignorePipeline = true
2023-03-15 06:54:31,733 [IPC Server handler 7 on default port 43319] INFO  codec.RepeatedOmKeyInfoCodec (RepeatedOmKeyInfoCodec.java:<init>(41)) - RepeatedOmKeyInfoCodec ignorePipeline = true
2023-03-15 06:54:31,766 [OM StateMachine ApplyTransaction Thread - 0] INFO  snapshot.OMSnapshotCreateRequest (OMSnapshotCreateRequest.java:validateAndUpdateCache(204)) - Created snapshot 'cf33e764-2d79-48d4-9e14-141fed87be3a' under path 'vol-a-08906/buc-b-46917'
2023-03-15 06:54:31,768 [OM StateMachine ApplyTransaction Thread - 0] INFO  snapshot.OMSnapshotCreateRequest (OMSnapshotCreateRequest.java:validateAndUpdateCache(204)) - Created snapshot 'cf33e764-2d79-48d4-9e14-141fed87be3a' under path 'vol-a-08906/buc-b-46917'
2023-03-15 06:54:31,768 [OM StateMachine ApplyTransaction Thread - 0] INFO  snapshot.OMSnapshotCreateRequest (OMSnapshotCreateRequest.java:validateAndUpdateCache(204)) - Created snapshot 'cf33e764-2d79-48d4-9e14-141fed87be3a' under path 'vol-a-08906/buc-b-46917'
2023-03-15 06:54:31,781 [OMDoubleBufferFlushThread] INFO  db.RDBCheckpointManager (RDBCheckpointManager.java:createCheckpoint(96)) - Created checkpoint in rocksDB at /home/runner/work/ozone/ozone/hadoop-ozone/integration-test/target/test-dir/MiniOzoneClusterImpl-88c1a39f-978e-429a-824f-6eda176bb531/omNode-1/db.snapshots/om.db-b43e5b70-04fb-4631-9adb-78bb79b50aa8 in 13 milliseconds
2023-03-15 06:54:31,781 [OMDoubleBufferFlushThread] INFO  db.RDBCheckpointManager (RDBCheckpointManager.java:waitForCheckpointDirectoryExist(125)) - Waited for 0 milliseconds for checkpoint directory /home/runner/work/ozone/ozone/hadoop-ozone/integration-test/target/test-dir/MiniOzoneClusterImpl-88c1a39f-978e-429a-824f-6eda176bb531/omNode-1/db.snapshots/om.db-b43e5b70-04fb-4631-9adb-78bb79b50aa8 availability.
2023-03-15 06:54:31,782 [OMDoubleBufferFlushThread] INFO  om.OmSnapshotManager (OmSnapshotManager.java:createOmSnapshotCheckpoint(170)) - Created checkpoint : /home/runner/work/ozone/ozone/hadoop-ozone/integration-test/target/test-dir/MiniOzoneClusterImpl-88c1a39f-978e-429a-824f-6eda176bb531/omNode-1/db.snapshots/om.db-b43e5b70-04fb-4631-9adb-78bb79b50aa8 for snapshot cf33e764-2d79-48d4-9e14-141fed87be3a
2023-03-15 06:54:31,785 [OMDoubleBufferFlushThread] INFO  db.RDBCheckpointManager (RDBCheckpointManager.java:createCheckpoint(96)) - Created checkpoint in rocksDB at /home/runner/work/ozone/ozone/hadoop-ozone/integration-test/target/test-dir/MiniOzoneClusterImpl-88c1a39f-978e-429a-824f-6eda176bb531/omNode-2/db.snapshots/om.db-b43e5b70-04fb-4631-9adb-78bb79b50aa8 in 16 milliseconds
2023-03-15 06:54:31,786 [OMDoubleBufferFlushThread] INFO  db.RDBCheckpointManager (RDBCheckpointManager.java:createCheckpoint(96)) - Created checkpoint in rocksDB at /home/runner/work/ozone/ozone/hadoop-ozone/integration-test/target/test-dir/MiniOzoneClusterImpl-88c1a39f-978e-429a-824f-6eda176bb531/omNode-3/db.snapshots/om.db-b43e5b70-04fb-4631-9adb-78bb79b50aa8 in 16 milliseconds
2023-03-15 06:54:31,786 [OMDoubleBufferFlushThread] INFO  db.RDBCheckpointManager (RDBCheckpointManager.java:waitForCheckpointDirectoryExist(125)) - Waited for 1 milliseconds for checkpoint directory /home/runner/work/ozone/ozone/hadoop-ozone/integration-test/target/test-dir/MiniOzoneClusterImpl-88c1a39f-978e-429a-824f-6eda176bb531/omNode-2/db.snapshots/om.db-b43e5b70-04fb-4631-9adb-78bb79b50aa8 availability.
2023-03-15 06:54:31,786 [OMDoubleBufferFlushThread] INFO  om.OmSnapshotManager (OmSnapshotManager.java:createOmSnapshotCheckpoint(170)) - Created checkpoint : /home/runner/work/ozone/ozone/hadoop-ozone/integration-test/target/test-dir/MiniOzoneClusterImpl-88c1a39f-978e-429a-824f-6eda176bb531/omNode-2/db.snapshots/om.db-b43e5b70-04fb-4631-9adb-78bb79b50aa8 for snapshot cf33e764-2d79-48d4-9e14-141fed87be3a
2023-03-15 06:54:31,786 [OMDoubleBufferFlushThread] INFO  db.RDBCheckpointManager (RDBCheckpointManager.java:waitForCheckpointDirectoryExist(125)) - Waited for 0 milliseconds for checkpoint directory /home/runner/work/ozone/ozone/hadoop-ozone/integration-test/target/test-dir/MiniOzoneClusterImpl-88c1a39f-978e-429a-824f-6eda176bb531/omNode-3/db.snapshots/om.db-b43e5b70-04fb-4631-9adb-78bb79b50aa8 availability.
2023-03-15 06:54:31,786 [OMDoubleBufferFlushThread] INFO  om.OmSnapshotManager (OmSnapshotManager.java:createOmSnapshotCheckpoint(170)) - Created checkpoint : /home/runner/work/ozone/ozone/hadoop-ozone/integration-test/target/test-dir/MiniOzoneClusterImpl-88c1a39f-978e-429a-824f-6eda176bb531/omNode-3/db.snapshots/om.db-b43e5b70-04fb-4631-9adb-78bb79b50aa8 for snapshot cf33e764-2d79-48d4-9e14-141fed87be3a
2023-03-15 06:54:32,838 [IPC Server handler 19 on default port 43319] WARN  server.ServerUtils (ServerUtils.java:getDBPath(225)) - ozone.om.db.dirs is not configured. We recommend adding this setting. Falling back to ozone.metadata.dirs instead.
2023-03-15 06:54:32,838 [IPC Server handler 19 on default port 43319] INFO  codec.OmKeyInfoCodec (OmKeyInfoCodec.java:<init>(49)) - OmKeyInfoCodec ignorePipeline = true
2023-03-15 06:54:32,838 [IPC Server handler 19 on default port 43319] INFO  codec.RepeatedOmKeyInfoCodec (RepeatedOmKeyInfoCodec.java:<init>(41)) - RepeatedOmKeyInfoCodec ignorePipeline = true
2023-03-15 06:54:32,889 [OM StateMachine ApplyTransaction Thread - 0] INFO  snapshot.OMSnapshotCreateRequest (OMSnapshotCreateRequest.java:validateAndUpdateCache(204)) - Created snapshot '966b58a3-cfaa-46e6-af2a-f189157f8f18' under path 'vol-b-03737/buc-a-12206'
2023-03-15 06:54:32,889 [OM StateMachine ApplyTransaction Thread - 0] INFO  snapshot.OMSnapshotCreateRequest (OMSnapshotCreateRequest.java:validateAndUpdateCache(204)) - Created snapshot '966b58a3-cfaa-46e6-af2a-f189157f8f18' under path 'vol-b-03737/buc-a-12206'
2023-03-15 06:54:32,889 [OM StateMachine ApplyTransaction Thread - 0] INFO  snapshot.OMSnapshotCreateRequest (OMSnapshotCreateRequest.java:validateAndUpdateCache(204)) - Created snapshot '966b58a3-cfaa-46e6-af2a-f189157f8f18' under path 'vol-b-03737/buc-a-12206'
2023-03-15 06:54:32,927 [OMDoubleBufferFlushThread] INFO  db.RDBCheckpointManager (RDBCheckpointManager.java:createCheckpoint(96)) - Created checkpoint in rocksDB at /home/runner/work/ozone/ozone/hadoop-ozone/integration-test/target/test-dir/MiniOzoneClusterImpl-88c1a39f-978e-429a-824f-6eda176bb531/omNode-1/db.snapshots/om.db-5648dc9d-0082-4750-9041-15b6505e88fe in 31 milliseconds
2023-03-15 06:54:32,928 [OMDoubleBufferFlushThread] INFO  db.RDBCheckpointManager (RDBCheckpointManager.java:waitForCheckpointDirectoryExist(125)) - Waited for 1 milliseconds for checkpoint directory /home/runner/work/ozone/ozone/hadoop-ozone/integration-test/target/test-dir/MiniOzoneClusterImpl-88c1a39f-978e-429a-824f-6eda176bb531/omNode-1/db.snapshots/om.db-5648dc9d-0082-4750-9041-15b6505e88fe availability.
2023-03-15 06:54:32,928 [OMDoubleBufferFlushThread] INFO  om.OmSnapshotManager (OmSnapshotManager.java:createOmSnapshotCheckpoint(170)) - Created checkpoint : /home/runner/work/ozone/ozone/hadoop-ozone/integration-test/target/test-dir/MiniOzoneClusterImpl-88c1a39f-978e-429a-824f-6eda176bb531/omNode-1/db.snapshots/om.db-5648dc9d-0082-4750-9041-15b6505e88fe for snapshot 966b58a3-cfaa-46e6-af2a-f189157f8f18
2023-03-15 06:54:32,930 [OMDoubleBufferFlushThread] INFO  db.RDBCheckpointManager (RDBCheckpointManager.java:createCheckpoint(96)) - Created checkpoint in rocksDB at /home/runner/work/ozone/ozone/hadoop-ozone/integration-test/target/test-dir/MiniOzoneClusterImpl-88c1a39f-978e-429a-824f-6eda176bb531/omNode-2/db.snapshots/om.db-5648dc9d-0082-4750-9041-15b6505e88fe in 34 milliseconds
2023-03-15 06:54:32,931 [OMDoubleBufferFlushThread] INFO  db.RDBCheckpointManager (RDBCheckpointManager.java:waitForCheckpointDirectoryExist(125)) - Waited for 1 milliseconds for checkpoint directory /home/runner/work/ozone/ozone/hadoop-ozone/integration-test/target/test-dir/MiniOzoneClusterImpl-88c1a39f-978e-429a-824f-6eda176bb531/omNode-2/db.snapshots/om.db-5648dc9d-0082-4750-9041-15b6505e88fe availability.
2023-03-15 06:54:32,931 [OMDoubleBufferFlushThread] INFO  om.OmSnapshotManager (OmSnapshotManager.java:createOmSnapshotCheckpoint(170)) - Created checkpoint : /home/runner/work/ozone/ozone/hadoop-ozone/integration-test/target/test-dir/MiniOzoneClusterImpl-88c1a39f-978e-429a-824f-6eda176bb531/omNode-2/db.snapshots/om.db-5648dc9d-0082-4750-9041-15b6505e88fe for snapshot 966b58a3-cfaa-46e6-af2a-f189157f8f18
2023-03-15 06:54:32,934 [OMDoubleBufferFlushThread] INFO  db.RDBCheckpointManager (RDBCheckpointManager.java:createCheckpoint(96)) - Created checkpoint in rocksDB at /home/runner/work/ozone/ozone/hadoop-ozone/integration-test/target/test-dir/MiniOzoneClusterImpl-88c1a39f-978e-429a-824f-6eda176bb531/omNode-3/db.snapshots/om.db-5648dc9d-0082-4750-9041-15b6505e88fe in 38 milliseconds
2023-03-15 06:54:32,935 [OMDoubleBufferFlushThread] INFO  db.RDBCheckpointManager (RDBCheckpointManager.java:waitForCheckpointDirectoryExist(125)) - Waited for 1 milliseconds for checkpoint directory /home/runner/work/ozone/ozone/hadoop-ozone/integration-test/target/test-dir/MiniOzoneClusterImpl-88c1a39f-978e-429a-824f-6eda176bb531/omNode-3/db.snapshots/om.db-5648dc9d-0082-4750-9041-15b6505e88fe availability.
2023-03-15 06:54:32,935 [OMDoubleBufferFlushThread] INFO  om.OmSnapshotManager (OmSnapshotManager.java:createOmSnapshotCheckpoint(170)) - Created checkpoint : /home/runner/work/ozone/ozone/hadoop-ozone/integration-test/target/test-dir/MiniOzoneClusterImpl-88c1a39f-978e-429a-824f-6eda176bb531/omNode-3/db.snapshots/om.db-5648dc9d-0082-4750-9041-15b6505e88fe for snapshot 966b58a3-cfaa-46e6-af2a-f189157f8f18
2023-03-15 06:54:33,953 [IPC Server handler 9 on default port 43319] WARN  server.ServerUtils (ServerUtils.java:getDBPath(225)) - ozone.om.db.dirs is not configured. We recommend adding this setting. Falling back to ozone.metadata.dirs instead.
2023-03-15 06:54:33,953 [IPC Server handler 9 on default port 43319] INFO  codec.OmKeyInfoCodec (OmKeyInfoCodec.java:<init>(49)) - OmKeyInfoCodec ignorePipeline = true
2023-03-15 06:54:33,953 [IPC Server handler 9 on default port 43319] INFO  codec.RepeatedOmKeyInfoCodec (RepeatedOmKeyInfoCodec.java:<init>(41)) - RepeatedOmKeyInfoCodec ignorePipeline = true
2023-03-15 06:54:34,002 [OM StateMachine ApplyTransaction Thread - 0] INFO  snapshot.OMSnapshotCreateRequest (OMSnapshotCreateRequest.java:validateAndUpdateCache(204)) - Created snapshot 'fbf45517-6351-48cf-a322-f38387410e97' under path 'vol-b-03737/buc-b-46917'
2023-03-15 06:54:34,004 [OM StateMachine ApplyTransaction Thread - 0] INFO  snapshot.OMSnapshotCreateRequest (OMSnapshotCreateRequest.java:validateAndUpdateCache(204)) - Created snapshot 'fbf45517-6351-48cf-a322-f38387410e97' under path 'vol-b-03737/buc-b-46917'
2023-03-15 06:54:34,005 [OM StateMachine ApplyTransaction Thread - 0] INFO  snapshot.OMSnapshotCreateRequest (OMSnapshotCreateRequest.java:validateAndUpdateCache(204)) - Created snapshot 'fbf45517-6351-48cf-a322-f38387410e97' under path 'vol-b-03737/buc-b-46917'
2023-03-15 06:54:34,040 [OMDoubleBufferFlushThread] INFO  db.RDBCheckpointManager (RDBCheckpointManager.java:createCheckpoint(96)) - Created checkpoint in rocksDB at /home/runner/work/ozone/ozone/hadoop-ozone/integration-test/target/test-dir/MiniOzoneClusterImpl-88c1a39f-978e-429a-824f-6eda176bb531/omNode-3/db.snapshots/om.db-5e6b5b84-e989-4a7c-8b7a-80eb383d9f17 in 34 milliseconds
2023-03-15 06:54:34,045 [OMDoubleBufferFlushThread] INFO  db.RDBCheckpointManager (RDBCheckpointManager.java:waitForCheckpointDirectoryExist(125)) - Waited for 5 milliseconds for checkpoint directory /home/runner/work/ozone/ozone/hadoop-ozone/integration-test/target/test-dir/MiniOzoneClusterImpl-88c1a39f-978e-429a-824f-6eda176bb531/omNode-3/db.snapshots/om.db-5e6b5b84-e989-4a7c-8b7a-80eb383d9f17 availability.
2023-03-15 06:54:34,045 [OMDoubleBufferFlushThread] INFO  om.OmSnapshotManager (OmSnapshotManager.java:createOmSnapshotCheckpoint(170)) - Created checkpoint : /home/runner/work/ozone/ozone/hadoop-ozone/integration-test/target/test-dir/MiniOzoneClusterImpl-88c1a39f-978e-429a-824f-6eda176bb531/omNode-3/db.snapshots/om.db-5e6b5b84-e989-4a7c-8b7a-80eb383d9f17 for snapshot fbf45517-6351-48cf-a322-f38387410e97
2023-03-15 06:54:34,051 [OMDoubleBufferFlushThread] INFO  db.RDBCheckpointManager (RDBCheckpointManager.java:createCheckpoint(96)) - Created checkpoint in rocksDB at /home/runner/work/ozone/ozone/hadoop-ozone/integration-test/target/test-dir/MiniOzoneClusterImpl-88c1a39f-978e-429a-824f-6eda176bb531/omNode-1/db.snapshots/om.db-5e6b5b84-e989-4a7c-8b7a-80eb383d9f17 in 47 milliseconds
2023-03-15 06:54:34,052 [OMDoubleBufferFlushThread] INFO  db.RDBCheckpointManager (RDBCheckpointManager.java:waitForCheckpointDirectoryExist(125)) - Waited for 1 milliseconds for checkpoint directory /home/runner/work/ozone/ozone/hadoop-ozone/integration-test/target/test-dir/MiniOzoneClusterImpl-88c1a39f-978e-429a-824f-6eda176bb531/omNode-1/db.snapshots/om.db-5e6b5b84-e989-4a7c-8b7a-80eb383d9f17 availability.
2023-03-15 06:54:34,052 [OMDoubleBufferFlushThread] INFO  om.OmSnapshotManager (OmSnapshotManager.java:createOmSnapshotCheckpoint(170)) - Created checkpoint : /home/runner/work/ozone/ozone/hadoop-ozone/integration-test/target/test-dir/MiniOzoneClusterImpl-88c1a39f-978e-429a-824f-6eda176bb531/omNode-1/db.snapshots/om.db-5e6b5b84-e989-4a7c-8b7a-80eb383d9f17 for snapshot fbf45517-6351-48cf-a322-f38387410e97
2023-03-15 06:54:34,056 [OMDoubleBufferFlushThread] INFO  db.RDBCheckpointManager (RDBCheckpointManager.java:createCheckpoint(96)) - Created checkpoint in rocksDB at /home/runner/work/ozone/ozone/hadoop-ozone/integration-test/target/test-dir/MiniOzoneClusterImpl-88c1a39f-978e-429a-824f-6eda176bb531/omNode-2/db.snapshots/om.db-5e6b5b84-e989-4a7c-8b7a-80eb383d9f17 in 49 milliseconds
2023-03-15 06:54:34,058 [OMDoubleBufferFlushThread] INFO  db.RDBCheckpointManager (RDBCheckpointManager.java:waitForCheckpointDirectoryExist(125)) - Waited for 2 milliseconds for checkpoint directory /home/runner/work/ozone/ozone/hadoop-ozone/integration-test/target/test-dir/MiniOzoneClusterImpl-88c1a39f-978e-429a-824f-6eda176bb531/omNode-2/db.snapshots/om.db-5e6b5b84-e989-4a7c-8b7a-80eb383d9f17 availability.
2023-03-15 06:54:34,058 [OMDoubleBufferFlushThread] INFO  om.OmSnapshotManager (OmSnapshotManager.java:createOmSnapshotCheckpoint(170)) - Created checkpoint : /home/runner/work/ozone/ozone/hadoop-ozone/integration-test/target/test-dir/MiniOzoneClusterImpl-88c1a39f-978e-429a-824f-6eda176bb531/omNode-2/db.snapshots/om.db-5e6b5b84-e989-4a7c-8b7a-80eb383d9f17 for snapshot fbf45517-6351-48cf-a322-f38387410e97
2023-03-15 06:54:35,081 [IPC Server handler 6 on default port 43319] WARN  server.ServerUtils (ServerUtils.java:getDBPath(225)) - ozone.om.db.dirs is not configured. We recommend adding this setting. Falling back to ozone.metadata.dirs instead.
2023-03-15 06:54:35,081 [IPC Server handler 6 on default port 43319] INFO  codec.OmKeyInfoCodec (OmKeyInfoCodec.java:<init>(49)) - OmKeyInfoCodec ignorePipeline = true
2023-03-15 06:54:35,081 [IPC Server handler 6 on default port 43319] INFO  codec.RepeatedOmKeyInfoCodec (RepeatedOmKeyInfoCodec.java:<init>(41)) - RepeatedOmKeyInfoCodec ignorePipeline = true
2023-03-15 06:54:35,146 [OM StateMachine ApplyTransaction Thread - 0] INFO  snapshot.OMSnapshotCreateRequest (OMSnapshotCreateRequest.java:validateAndUpdateCache(204)) - Created snapshot '19de100a-6be8-4977-9dd3-1bd61566fb1f' under path 'vol-a-08906/buc-a-12206'
2023-03-15 06:54:35,148 [OM StateMachine ApplyTransaction Thread - 0] INFO  snapshot.OMSnapshotCreateRequest (OMSnapshotCreateRequest.java:validateAndUpdateCache(204)) - Created snapshot '19de100a-6be8-4977-9dd3-1bd61566fb1f' under path 'vol-a-08906/buc-a-12206'
2023-03-15 06:54:35,148 [OM StateMachine ApplyTransaction Thread - 0] INFO  snapshot.OMSnapshotCreateRequest (OMSnapshotCreateRequest.java:validateAndUpdateCache(204)) - Created snapshot '19de100a-6be8-4977-9dd3-1bd61566fb1f' under path 'vol-a-08906/buc-a-12206'
2023-03-15 06:54:35,180 [OMDoubleBufferFlushThread] INFO  db.RDBCheckpointManager (RDBCheckpointManager.java:createCheckpoint(96)) - Created checkpoint in rocksDB at /home/runner/work/ozone/ozone/hadoop-ozone/integration-test/target/test-dir/MiniOzoneClusterImpl-88c1a39f-978e-429a-824f-6eda176bb531/omNode-1/db.snapshots/om.db-bf38bd53-d0e9-450e-a544-c7451b652379 in 32 milliseconds
2023-03-15 06:54:35,185 [OMDoubleBufferFlushThread] INFO  db.RDBCheckpointManager (RDBCheckpointManager.java:waitForCheckpointDirectoryExist(125)) - Waited for 4 milliseconds for checkpoint directory /home/runner/work/ozone/ozone/hadoop-ozone/integration-test/target/test-dir/MiniOzoneClusterImpl-88c1a39f-978e-429a-824f-6eda176bb531/omNode-1/db.snapshots/om.db-bf38bd53-d0e9-450e-a544-c7451b652379 availability.
2023-03-15 06:54:35,185 [OMDoubleBufferFlushThread] INFO  om.OmSnapshotManager (OmSnapshotManager.java:createOmSnapshotCheckpoint(170)) - Created checkpoint : /home/runner/work/ozone/ozone/hadoop-ozone/integration-test/target/test-dir/MiniOzoneClusterImpl-88c1a39f-978e-429a-824f-6eda176bb531/omNode-1/db.snapshots/om.db-bf38bd53-d0e9-450e-a544-c7451b652379 for snapshot 19de100a-6be8-4977-9dd3-1bd61566fb1f
2023-03-15 06:54:35,188 [OMDoubleBufferFlushThread] INFO  db.RDBCheckpointManager (RDBCheckpointManager.java:createCheckpoint(96)) - Created checkpoint in rocksDB at /home/runner/work/ozone/ozone/hadoop-ozone/integration-test/target/test-dir/MiniOzoneClusterImpl-88c1a39f-978e-429a-824f-6eda176bb531/omNode-3/db.snapshots/om.db-bf38bd53-d0e9-450e-a544-c7451b652379 in 39 milliseconds
2023-03-15 06:54:35,192 [OMDoubleBufferFlushThread] INFO  db.RDBCheckpointManager (RDBCheckpointManager.java:waitForCheckpointDirectoryExist(125)) - Waited for 4 milliseconds for checkpoint directory /home/runner/work/ozone/ozone/hadoop-ozone/integration-test/target/test-dir/MiniOzoneClusterImpl-88c1a39f-978e-429a-824f-6eda176bb531/omNode-3/db.snapshots/om.db-bf38bd53-d0e9-450e-a544-c7451b652379 availability.
2023-03-15 06:54:35,192 [OMDoubleBufferFlushThread] INFO  om.OmSnapshotManager (OmSnapshotManager.java:createOmSnapshotCheckpoint(170)) - Created checkpoint : /home/runner/work/ozone/ozone/hadoop-ozone/integration-test/target/test-dir/MiniOzoneClusterImpl-88c1a39f-978e-429a-824f-6eda176bb531/omNode-3/db.snapshots/om.db-bf38bd53-d0e9-450e-a544-c7451b652379 for snapshot 19de100a-6be8-4977-9dd3-1bd61566fb1f
2023-03-15 06:54:35,194 [OMDoubleBufferFlushThread] INFO  db.RDBCheckpointManager (RDBCheckpointManager.java:createCheckpoint(96)) - Created checkpoint in rocksDB at /home/runner/work/ozone/ozone/hadoop-ozone/integration-test/target/test-dir/MiniOzoneClusterImpl-88c1a39f-978e-429a-824f-6eda176bb531/omNode-2/db.snapshots/om.db-bf38bd53-d0e9-450e-a544-c7451b652379 in 44 milliseconds
2023-03-15 06:54:35,200 [OMDoubleBufferFlushThread] INFO  db.RDBCheckpointManager (RDBCheckpointManager.java:waitForCheckpointDirectoryExist(125)) - Waited for 6 milliseconds for checkpoint directory /home/runner/work/ozone/ozone/hadoop-ozone/integration-test/target/test-dir/MiniOzoneClusterImpl-88c1a39f-978e-429a-824f-6eda176bb531/omNode-2/db.snapshots/om.db-bf38bd53-d0e9-450e-a544-c7451b652379 availability.
2023-03-15 06:54:35,200 [OMDoubleBufferFlushThread] INFO  om.OmSnapshotManager (OmSnapshotManager.java:createOmSnapshotCheckpoint(170)) - Created checkpoint : /home/runner/work/ozone/ozone/hadoop-ozone/integration-test/target/test-dir/MiniOzoneClusterImpl-88c1a39f-978e-429a-824f-6eda176bb531/omNode-2/db.snapshots/om.db-bf38bd53-d0e9-450e-a544-c7451b652379 for snapshot 19de100a-6be8-4977-9dd3-1bd61566fb1f
2023-03-15 06:54:36,215 [IPC Server handler 7 on default port 43319] WARN  server.ServerUtils (ServerUtils.java:getDBPath(225)) - ozone.om.db.dirs is not configured. We recommend adding this setting. Falling back to ozone.metadata.dirs instead.
2023-03-15 06:54:36,215 [IPC Server handler 7 on default port 43319] INFO  codec.OmKeyInfoCodec (OmKeyInfoCodec.java:<init>(49)) - OmKeyInfoCodec ignorePipeline = true
2023-03-15 06:54:36,215 [IPC Server handler 7 on default port 43319] INFO  codec.RepeatedOmKeyInfoCodec (RepeatedOmKeyInfoCodec.java:<init>(41)) - RepeatedOmKeyInfoCodec ignorePipeline = true
]]></system-out>
  </testcase>
  <testcase name="testBucketDeleteIfSnapshotExists" classname="TestOmSnapshot" time="1.118">
    <system-out><![CDATA[2023-03-15 06:52:35,891 [Time-limited test] INFO  rpc.RpcClient (RpcClient.java:createVolume(476)) - Creating Volume: vol-88200, with runner as owner and space quota set to -1 bytes, counts quota set to -1
2023-03-15 06:52:35,895 [OM StateMachine ApplyTransaction Thread - 0] INFO  volume.OMVolumeCreateRequest (OMVolumeCreateRequest.java:validateAndUpdateCache(195)) - created volume:vol-88200 for user:runner
2023-03-15 06:52:35,897 [OM StateMachine ApplyTransaction Thread - 0] INFO  volume.OMVolumeCreateRequest (OMVolumeCreateRequest.java:validateAndUpdateCache(195)) - created volume:vol-88200 for user:runner
2023-03-15 06:52:35,899 [OM StateMachine ApplyTransaction Thread - 0] INFO  volume.OMVolumeCreateRequest (OMVolumeCreateRequest.java:validateAndUpdateCache(195)) - created volume:vol-88200 for user:runner
2023-03-15 06:52:35,899 [Time-limited test] INFO  rpc.RpcClient (RpcClient.java:createBucket(698)) - Creating Bucket: vol-88200/buc-98801, with server-side default bucket layout, runner as owner, Versioning false, Storage Type set to DISK and Encryption set to false, Replication Type set to server-side default replication type, Namespace Quota set to -1, Space Quota set to -1 
2023-03-15 06:52:35,902 [OM StateMachine ApplyTransaction Thread - 0] INFO  bucket.OMBucketCreateRequest (OMBucketCreateRequest.java:validateAndUpdateCache(263)) - created bucket: buc-98801 of layout OBJECT_STORE in volume: vol-88200
2023-03-15 06:52:35,903 [Time-limited test] INFO  rpc.RpcClient (RpcClient.java:createBucket(698)) - Creating Bucket: vol-88200/buc-86253, with server-side default bucket layout, runner as owner, Versioning false, Storage Type set to DISK and Encryption set to false, Replication Type set to server-side default replication type, Namespace Quota set to -1, Space Quota set to -1 
2023-03-15 06:52:35,904 [OM StateMachine ApplyTransaction Thread - 0] INFO  bucket.OMBucketCreateRequest (OMBucketCreateRequest.java:validateAndUpdateCache(263)) - created bucket: buc-98801 of layout OBJECT_STORE in volume: vol-88200
2023-03-15 06:52:35,906 [OM StateMachine ApplyTransaction Thread - 0] INFO  bucket.OMBucketCreateRequest (OMBucketCreateRequest.java:validateAndUpdateCache(263)) - created bucket: buc-98801 of layout OBJECT_STORE in volume: vol-88200
2023-03-15 06:52:35,907 [OM StateMachine ApplyTransaction Thread - 0] INFO  bucket.OMBucketCreateRequest (OMBucketCreateRequest.java:validateAndUpdateCache(263)) - created bucket: buc-86253 of layout OBJECT_STORE in volume: vol-88200
2023-03-15 06:52:35,909 [OM StateMachine ApplyTransaction Thread - 0] INFO  bucket.OMBucketCreateRequest (OMBucketCreateRequest.java:validateAndUpdateCache(263)) - created bucket: buc-86253 of layout OBJECT_STORE in volume: vol-88200
2023-03-15 06:52:35,909 [OM StateMachine ApplyTransaction Thread - 0] INFO  bucket.OMBucketCreateRequest (OMBucketCreateRequest.java:validateAndUpdateCache(263)) - created bucket: buc-86253 of layout OBJECT_STORE in volume: vol-88200
2023-03-15 06:52:35,961 [OM StateMachine ApplyTransaction Thread - 0] INFO  snapshot.OMSnapshotCreateRequest (OMSnapshotCreateRequest.java:validateAndUpdateCache(204)) - Created snapshot 'bb53c0ad-c5d1-4371-b120-bfebbeb4166a' under path 'vol-88200/buc-98801'
2023-03-15 06:52:35,963 [OM StateMachine ApplyTransaction Thread - 0] INFO  snapshot.OMSnapshotCreateRequest (OMSnapshotCreateRequest.java:validateAndUpdateCache(204)) - Created snapshot 'bb53c0ad-c5d1-4371-b120-bfebbeb4166a' under path 'vol-88200/buc-98801'
2023-03-15 06:52:35,964 [OM StateMachine ApplyTransaction Thread - 0] INFO  snapshot.OMSnapshotCreateRequest (OMSnapshotCreateRequest.java:validateAndUpdateCache(204)) - Created snapshot 'bb53c0ad-c5d1-4371-b120-bfebbeb4166a' under path 'vol-88200/buc-98801'
2023-03-15 06:52:36,011 [OMDoubleBufferFlushThread] INFO  db.RDBCheckpointManager (RDBCheckpointManager.java:createCheckpoint(96)) - Created checkpoint in rocksDB at /home/runner/work/ozone/ozone/hadoop-ozone/integration-test/target/test-dir/MiniOzoneClusterImpl-e79b0a94-dba3-4ba8-a298-d2d15914ceac/omNode-1/db.snapshots/om.db-afa2aa1e-7605-4f9d-889c-d3e60694a7cf in 48 milliseconds
2023-03-15 06:52:36,012 [OMDoubleBufferFlushThread] INFO  db.RDBCheckpointManager (RDBCheckpointManager.java:waitForCheckpointDirectoryExist(125)) - Waited for 1 milliseconds for checkpoint directory /home/runner/work/ozone/ozone/hadoop-ozone/integration-test/target/test-dir/MiniOzoneClusterImpl-e79b0a94-dba3-4ba8-a298-d2d15914ceac/omNode-1/db.snapshots/om.db-afa2aa1e-7605-4f9d-889c-d3e60694a7cf availability.
2023-03-15 06:52:36,012 [OMDoubleBufferFlushThread] INFO  om.OmSnapshotManager (OmSnapshotManager.java:createOmSnapshotCheckpoint(170)) - Created checkpoint : /home/runner/work/ozone/ozone/hadoop-ozone/integration-test/target/test-dir/MiniOzoneClusterImpl-e79b0a94-dba3-4ba8-a298-d2d15914ceac/omNode-1/db.snapshots/om.db-afa2aa1e-7605-4f9d-889c-d3e60694a7cf for snapshot bb53c0ad-c5d1-4371-b120-bfebbeb4166a
2023-03-15 06:52:36,014 [OMDoubleBufferFlushThread] INFO  db.RDBCheckpointManager (RDBCheckpointManager.java:createCheckpoint(96)) - Created checkpoint in rocksDB at /home/runner/work/ozone/ozone/hadoop-ozone/integration-test/target/test-dir/MiniOzoneClusterImpl-e79b0a94-dba3-4ba8-a298-d2d15914ceac/omNode-2/db.snapshots/om.db-afa2aa1e-7605-4f9d-889c-d3e60694a7cf in 49 milliseconds
2023-03-15 06:52:36,015 [OMDoubleBufferFlushThread] INFO  db.RDBCheckpointManager (RDBCheckpointManager.java:waitForCheckpointDirectoryExist(125)) - Waited for 1 milliseconds for checkpoint directory /home/runner/work/ozone/ozone/hadoop-ozone/integration-test/target/test-dir/MiniOzoneClusterImpl-e79b0a94-dba3-4ba8-a298-d2d15914ceac/omNode-2/db.snapshots/om.db-afa2aa1e-7605-4f9d-889c-d3e60694a7cf availability.
2023-03-15 06:52:36,015 [OMDoubleBufferFlushThread] INFO  om.OmSnapshotManager (OmSnapshotManager.java:createOmSnapshotCheckpoint(170)) - Created checkpoint : /home/runner/work/ozone/ozone/hadoop-ozone/integration-test/target/test-dir/MiniOzoneClusterImpl-e79b0a94-dba3-4ba8-a298-d2d15914ceac/omNode-2/db.snapshots/om.db-afa2aa1e-7605-4f9d-889c-d3e60694a7cf for snapshot bb53c0ad-c5d1-4371-b120-bfebbeb4166a
2023-03-15 06:52:36,031 [OMDoubleBufferFlushThread] INFO  db.RDBCheckpointManager (RDBCheckpointManager.java:createCheckpoint(96)) - Created checkpoint in rocksDB at /home/runner/work/ozone/ozone/hadoop-ozone/integration-test/target/test-dir/MiniOzoneClusterImpl-e79b0a94-dba3-4ba8-a298-d2d15914ceac/omNode-3/db.snapshots/om.db-afa2aa1e-7605-4f9d-889c-d3e60694a7cf in 65 milliseconds
2023-03-15 06:52:36,031 [OMDoubleBufferFlushThread] INFO  db.RDBCheckpointManager (RDBCheckpointManager.java:waitForCheckpointDirectoryExist(125)) - Waited for 0 milliseconds for checkpoint directory /home/runner/work/ozone/ozone/hadoop-ozone/integration-test/target/test-dir/MiniOzoneClusterImpl-e79b0a94-dba3-4ba8-a298-d2d15914ceac/omNode-3/db.snapshots/om.db-afa2aa1e-7605-4f9d-889c-d3e60694a7cf availability.
2023-03-15 06:52:36,032 [OMDoubleBufferFlushThread] INFO  om.OmSnapshotManager (OmSnapshotManager.java:createOmSnapshotCheckpoint(170)) - Created checkpoint : /home/runner/work/ozone/ozone/hadoop-ozone/integration-test/target/test-dir/MiniOzoneClusterImpl-e79b0a94-dba3-4ba8-a298-d2d15914ceac/omNode-3/db.snapshots/om.db-afa2aa1e-7605-4f9d-889c-d3e60694a7cf for snapshot bb53c0ad-c5d1-4371-b120-bfebbeb4166a
06:52:36.993 [OM StateMachine ApplyTransaction Thread - 0] ERROR OMAudit - user=runner | ip=127.0.0.1 | op=DELETE_BUCKET {volume=vol-88200, bucket=buc-98801} | ret=FAILURE
org.apache.hadoop.ozone.om.exceptions.OMException: Bucket buc-98801 can't be deleted when it has snapshots
	at org.apache.hadoop.ozone.om.request.bucket.OMBucketDeleteRequest.validateAndUpdateCache(OMBucketDeleteRequest.java:151) ~[ozone-manager-1.4.0-SNAPSHOT.jar:?]
	at org.apache.hadoop.ozone.protocolPB.OzoneManagerRequestHandler.handleWriteRequest(OzoneManagerRequestHandler.java:337) ~[ozone-manager-1.4.0-SNAPSHOT.jar:?]
	at org.apache.hadoop.ozone.om.ratis.OzoneManagerStateMachine.runCommand(OzoneManagerStateMachine.java:533) ~[ozone-manager-1.4.0-SNAPSHOT.jar:?]
	at org.apache.hadoop.ozone.om.ratis.OzoneManagerStateMachine.lambda$1(OzoneManagerStateMachine.java:324) ~[ozone-manager-1.4.0-SNAPSHOT.jar:?]
	at java.util.concurrent.CompletableFuture$AsyncSupply.run(CompletableFuture.java:1604) [?:1.8.0_362]
	at java.util.concurrent.ThreadPoolExecutor.runWorker(ThreadPoolExecutor.java:1149) [?:1.8.0_362]
	at java.util.concurrent.ThreadPoolExecutor$Worker.run(ThreadPoolExecutor.java:624) [?:1.8.0_362]
	at java.lang.Thread.run(Thread.java:750) [?:1.8.0_362]
06:52:36.995 [OM StateMachine ApplyTransaction Thread - 0] ERROR OMAudit - user=runner | ip=127.0.0.1 | op=DELETE_BUCKET {volume=vol-88200, bucket=buc-98801} | ret=FAILURE
org.apache.hadoop.ozone.om.exceptions.OMException: Bucket buc-98801 can't be deleted when it has snapshots
	at org.apache.hadoop.ozone.om.request.bucket.OMBucketDeleteRequest.validateAndUpdateCache(OMBucketDeleteRequest.java:151) ~[ozone-manager-1.4.0-SNAPSHOT.jar:?]
	at org.apache.hadoop.ozone.protocolPB.OzoneManagerRequestHandler.handleWriteRequest(OzoneManagerRequestHandler.java:337) ~[ozone-manager-1.4.0-SNAPSHOT.jar:?]
	at org.apache.hadoop.ozone.om.ratis.OzoneManagerStateMachine.runCommand(OzoneManagerStateMachine.java:533) ~[ozone-manager-1.4.0-SNAPSHOT.jar:?]
	at org.apache.hadoop.ozone.om.ratis.OzoneManagerStateMachine.lambda$1(OzoneManagerStateMachine.java:324) ~[ozone-manager-1.4.0-SNAPSHOT.jar:?]
	at java.util.concurrent.CompletableFuture$AsyncSupply.run(CompletableFuture.java:1604) [?:1.8.0_362]
	at java.util.concurrent.ThreadPoolExecutor.runWorker(ThreadPoolExecutor.java:1149) [?:1.8.0_362]
	at java.util.concurrent.ThreadPoolExecutor$Worker.run(ThreadPoolExecutor.java:624) [?:1.8.0_362]
	at java.lang.Thread.run(Thread.java:750) [?:1.8.0_362]
2023-03-15 06:52:36,993 [OM StateMachine ApplyTransaction Thread - 0] ERROR bucket.OMBucketDeleteRequest (OMBucketDeleteRequest.java:validateAndUpdateCache(213)) - Delete bucket failed for bucket:buc-98801 in volume:vol-88200
CONTAINS_SNAPSHOT org.apache.hadoop.ozone.om.exceptions.OMException: Bucket buc-98801 can't be deleted when it has snapshots
	at org.apache.hadoop.ozone.om.request.bucket.OMBucketDeleteRequest.validateAndUpdateCache(OMBucketDeleteRequest.java:151)
	at org.apache.hadoop.ozone.protocolPB.OzoneManagerRequestHandler.handleWriteRequest(OzoneManagerRequestHandler.java:337)
	at org.apache.hadoop.ozone.om.ratis.OzoneManagerStateMachine.runCommand(OzoneManagerStateMachine.java:533)
	at org.apache.hadoop.ozone.om.ratis.OzoneManagerStateMachine.lambda$1(OzoneManagerStateMachine.java:324)
	at java.util.concurrent.CompletableFuture$AsyncSupply.run(CompletableFuture.java:1604)
	at java.util.concurrent.ThreadPoolExecutor.runWorker(ThreadPoolExecutor.java:1149)
	at java.util.concurrent.ThreadPoolExecutor$Worker.run(ThreadPoolExecutor.java:624)
	at java.lang.Thread.run(Thread.java:750)
06:52:36.995 [OM StateMachine ApplyTransaction Thread - 0] ERROR OMAudit - user=runner | ip=127.0.0.1 | op=DELETE_BUCKET {volume=vol-88200, bucket=buc-98801} | ret=FAILURE
org.apache.hadoop.ozone.om.exceptions.OMException: Bucket buc-98801 can't be deleted when it has snapshots
	at org.apache.hadoop.ozone.om.request.bucket.OMBucketDeleteRequest.validateAndUpdateCache(OMBucketDeleteRequest.java:151) ~[ozone-manager-1.4.0-SNAPSHOT.jar:?]
	at org.apache.hadoop.ozone.protocolPB.OzoneManagerRequestHandler.handleWriteRequest(OzoneManagerRequestHandler.java:337) ~[ozone-manager-1.4.0-SNAPSHOT.jar:?]
	at org.apache.hadoop.ozone.om.ratis.OzoneManagerStateMachine.runCommand(OzoneManagerStateMachine.java:533) ~[ozone-manager-1.4.0-SNAPSHOT.jar:?]
	at org.apache.hadoop.ozone.om.ratis.OzoneManagerStateMachine.lambda$1(OzoneManagerStateMachine.java:324) ~[ozone-manager-1.4.0-SNAPSHOT.jar:?]
	at java.util.concurrent.CompletableFuture$AsyncSupply.run(CompletableFuture.java:1604) [?:1.8.0_362]
	at java.util.concurrent.ThreadPoolExecutor.runWorker(ThreadPoolExecutor.java:1149) [?:1.8.0_362]
	at java.util.concurrent.ThreadPoolExecutor$Worker.run(ThreadPoolExecutor.java:624) [?:1.8.0_362]
	at java.lang.Thread.run(Thread.java:750) [?:1.8.0_362]
2023-03-15 06:52:36,995 [OM StateMachine ApplyTransaction Thread - 0] ERROR bucket.OMBucketDeleteRequest (OMBucketDeleteRequest.java:validateAndUpdateCache(213)) - Delete bucket failed for bucket:buc-98801 in volume:vol-88200
CONTAINS_SNAPSHOT org.apache.hadoop.ozone.om.exceptions.OMException: Bucket buc-98801 can't be deleted when it has snapshots
	at org.apache.hadoop.ozone.om.request.bucket.OMBucketDeleteRequest.validateAndUpdateCache(OMBucketDeleteRequest.java:151)
	at org.apache.hadoop.ozone.protocolPB.OzoneManagerRequestHandler.handleWriteRequest(OzoneManagerRequestHandler.java:337)
	at org.apache.hadoop.ozone.om.ratis.OzoneManagerStateMachine.runCommand(OzoneManagerStateMachine.java:533)
	at org.apache.hadoop.ozone.om.ratis.OzoneManagerStateMachine.lambda$1(OzoneManagerStateMachine.java:324)
	at java.util.concurrent.CompletableFuture$AsyncSupply.run(CompletableFuture.java:1604)
	at java.util.concurrent.ThreadPoolExecutor.runWorker(ThreadPoolExecutor.java:1149)
	at java.util.concurrent.ThreadPoolExecutor$Worker.run(ThreadPoolExecutor.java:624)
	at java.lang.Thread.run(Thread.java:750)
2023-03-15 06:52:36,997 [OM StateMachine ApplyTransaction Thread - 0] ERROR bucket.OMBucketDeleteRequest (OMBucketDeleteRequest.java:validateAndUpdateCache(213)) - Delete bucket failed for bucket:buc-98801 in volume:vol-88200
CONTAINS_SNAPSHOT org.apache.hadoop.ozone.om.exceptions.OMException: Bucket buc-98801 can't be deleted when it has snapshots
	at org.apache.hadoop.ozone.om.request.bucket.OMBucketDeleteRequest.validateAndUpdateCache(OMBucketDeleteRequest.java:151)
	at org.apache.hadoop.ozone.protocolPB.OzoneManagerRequestHandler.handleWriteRequest(OzoneManagerRequestHandler.java:337)
	at org.apache.hadoop.ozone.om.ratis.OzoneManagerStateMachine.runCommand(OzoneManagerStateMachine.java:533)
	at org.apache.hadoop.ozone.om.ratis.OzoneManagerStateMachine.lambda$1(OzoneManagerStateMachine.java:324)
	at java.util.concurrent.CompletableFuture$AsyncSupply.run(CompletableFuture.java:1604)
	at java.util.concurrent.ThreadPoolExecutor.runWorker(ThreadPoolExecutor.java:1149)
	at java.util.concurrent.ThreadPoolExecutor$Worker.run(ThreadPoolExecutor.java:624)
	at java.lang.Thread.run(Thread.java:750)
]]></system-out>
  </testcase>
  <testcase name="testBucketDeleteIfSnapshotExists" classname="TestOmSnapshot" time="1.098">
    <system-out><![CDATA[2023-03-15 06:53:35,528 [Time-limited test] INFO  rpc.RpcClient (RpcClient.java:createVolume(476)) - Creating Volume: vol-83099, with runner as owner and space quota set to -1 bytes, counts quota set to -1
2023-03-15 06:53:35,533 [OM StateMachine ApplyTransaction Thread - 0] INFO  volume.OMVolumeCreateRequest (OMVolumeCreateRequest.java:validateAndUpdateCache(195)) - created volume:vol-83099 for user:runner
2023-03-15 06:53:35,534 [OM StateMachine ApplyTransaction Thread - 0] INFO  volume.OMVolumeCreateRequest (OMVolumeCreateRequest.java:validateAndUpdateCache(195)) - created volume:vol-83099 for user:runner
2023-03-15 06:53:35,534 [OM StateMachine ApplyTransaction Thread - 0] INFO  volume.OMVolumeCreateRequest (OMVolumeCreateRequest.java:validateAndUpdateCache(195)) - created volume:vol-83099 for user:runner
2023-03-15 06:53:35,535 [Time-limited test] INFO  rpc.RpcClient (RpcClient.java:createBucket(698)) - Creating Bucket: vol-83099/buc-11863, with server-side default bucket layout, runner as owner, Versioning false, Storage Type set to DISK and Encryption set to false, Replication Type set to server-side default replication type, Namespace Quota set to -1, Space Quota set to -1 
2023-03-15 06:53:35,537 [OM StateMachine ApplyTransaction Thread - 0] INFO  bucket.OMBucketCreateRequest (OMBucketCreateRequest.java:validateAndUpdateCache(263)) - created bucket: buc-11863 of layout FILE_SYSTEM_OPTIMIZED in volume: vol-83099
2023-03-15 06:53:35,539 [Time-limited test] INFO  rpc.RpcClient (RpcClient.java:createBucket(698)) - Creating Bucket: vol-83099/buc-34368, with server-side default bucket layout, runner as owner, Versioning false, Storage Type set to DISK and Encryption set to false, Replication Type set to server-side default replication type, Namespace Quota set to -1, Space Quota set to -1 
2023-03-15 06:53:35,539 [OM StateMachine ApplyTransaction Thread - 0] INFO  bucket.OMBucketCreateRequest (OMBucketCreateRequest.java:validateAndUpdateCache(263)) - created bucket: buc-11863 of layout FILE_SYSTEM_OPTIMIZED in volume: vol-83099
2023-03-15 06:53:35,539 [OM StateMachine ApplyTransaction Thread - 0] INFO  bucket.OMBucketCreateRequest (OMBucketCreateRequest.java:validateAndUpdateCache(263)) - created bucket: buc-11863 of layout FILE_SYSTEM_OPTIMIZED in volume: vol-83099
2023-03-15 06:53:35,541 [OM StateMachine ApplyTransaction Thread - 0] INFO  bucket.OMBucketCreateRequest (OMBucketCreateRequest.java:validateAndUpdateCache(263)) - created bucket: buc-34368 of layout FILE_SYSTEM_OPTIMIZED in volume: vol-83099
2023-03-15 06:53:35,543 [OM StateMachine ApplyTransaction Thread - 0] INFO  bucket.OMBucketCreateRequest (OMBucketCreateRequest.java:validateAndUpdateCache(263)) - created bucket: buc-34368 of layout FILE_SYSTEM_OPTIMIZED in volume: vol-83099
2023-03-15 06:53:35,544 [OM StateMachine ApplyTransaction Thread - 0] INFO  bucket.OMBucketCreateRequest (OMBucketCreateRequest.java:validateAndUpdateCache(263)) - created bucket: buc-34368 of layout FILE_SYSTEM_OPTIMIZED in volume: vol-83099
2023-03-15 06:53:35,590 [OM StateMachine ApplyTransaction Thread - 0] INFO  snapshot.OMSnapshotCreateRequest (OMSnapshotCreateRequest.java:validateAndUpdateCache(204)) - Created snapshot '98a0aad6-ec31-423f-99df-3108cdd6ce61' under path 'vol-83099/buc-11863'
2023-03-15 06:53:35,591 [OM StateMachine ApplyTransaction Thread - 0] INFO  snapshot.OMSnapshotCreateRequest (OMSnapshotCreateRequest.java:validateAndUpdateCache(204)) - Created snapshot '98a0aad6-ec31-423f-99df-3108cdd6ce61' under path 'vol-83099/buc-11863'
2023-03-15 06:53:35,593 [OM StateMachine ApplyTransaction Thread - 0] INFO  snapshot.OMSnapshotCreateRequest (OMSnapshotCreateRequest.java:validateAndUpdateCache(204)) - Created snapshot '98a0aad6-ec31-423f-99df-3108cdd6ce61' under path 'vol-83099/buc-11863'
2023-03-15 06:53:35,641 [OMDoubleBufferFlushThread] INFO  db.RDBCheckpointManager (RDBCheckpointManager.java:createCheckpoint(96)) - Created checkpoint in rocksDB at /home/runner/work/ozone/ozone/hadoop-ozone/integration-test/target/test-dir/MiniOzoneClusterImpl-8d40f1f0-3e23-4273-879b-a609159ae6a4/omNode-3/db.snapshots/om.db-dfdc859d-1861-4000-bd21-e7670493f9f0 in 47 milliseconds
2023-03-15 06:53:35,643 [OMDoubleBufferFlushThread] INFO  db.RDBCheckpointManager (RDBCheckpointManager.java:waitForCheckpointDirectoryExist(125)) - Waited for 2 milliseconds for checkpoint directory /home/runner/work/ozone/ozone/hadoop-ozone/integration-test/target/test-dir/MiniOzoneClusterImpl-8d40f1f0-3e23-4273-879b-a609159ae6a4/omNode-3/db.snapshots/om.db-dfdc859d-1861-4000-bd21-e7670493f9f0 availability.
2023-03-15 06:53:35,643 [OMDoubleBufferFlushThread] INFO  om.OmSnapshotManager (OmSnapshotManager.java:createOmSnapshotCheckpoint(170)) - Created checkpoint : /home/runner/work/ozone/ozone/hadoop-ozone/integration-test/target/test-dir/MiniOzoneClusterImpl-8d40f1f0-3e23-4273-879b-a609159ae6a4/omNode-3/db.snapshots/om.db-dfdc859d-1861-4000-bd21-e7670493f9f0 for snapshot 98a0aad6-ec31-423f-99df-3108cdd6ce61
2023-03-15 06:53:35,646 [OMDoubleBufferFlushThread] INFO  db.RDBCheckpointManager (RDBCheckpointManager.java:createCheckpoint(96)) - Created checkpoint in rocksDB at /home/runner/work/ozone/ozone/hadoop-ozone/integration-test/target/test-dir/MiniOzoneClusterImpl-8d40f1f0-3e23-4273-879b-a609159ae6a4/omNode-2/db.snapshots/om.db-dfdc859d-1861-4000-bd21-e7670493f9f0 in 52 milliseconds
2023-03-15 06:53:35,649 [OMDoubleBufferFlushThread] INFO  db.RDBCheckpointManager (RDBCheckpointManager.java:createCheckpoint(96)) - Created checkpoint in rocksDB at /home/runner/work/ozone/ozone/hadoop-ozone/integration-test/target/test-dir/MiniOzoneClusterImpl-8d40f1f0-3e23-4273-879b-a609159ae6a4/omNode-1/db.snapshots/om.db-dfdc859d-1861-4000-bd21-e7670493f9f0 in 56 milliseconds
2023-03-15 06:53:35,651 [OMDoubleBufferFlushThread] INFO  db.RDBCheckpointManager (RDBCheckpointManager.java:waitForCheckpointDirectoryExist(125)) - Waited for 5 milliseconds for checkpoint directory /home/runner/work/ozone/ozone/hadoop-ozone/integration-test/target/test-dir/MiniOzoneClusterImpl-8d40f1f0-3e23-4273-879b-a609159ae6a4/omNode-2/db.snapshots/om.db-dfdc859d-1861-4000-bd21-e7670493f9f0 availability.
2023-03-15 06:53:35,651 [OMDoubleBufferFlushThread] INFO  db.RDBCheckpointManager (RDBCheckpointManager.java:waitForCheckpointDirectoryExist(125)) - Waited for 2 milliseconds for checkpoint directory /home/runner/work/ozone/ozone/hadoop-ozone/integration-test/target/test-dir/MiniOzoneClusterImpl-8d40f1f0-3e23-4273-879b-a609159ae6a4/omNode-1/db.snapshots/om.db-dfdc859d-1861-4000-bd21-e7670493f9f0 availability.
2023-03-15 06:53:35,651 [OMDoubleBufferFlushThread] INFO  om.OmSnapshotManager (OmSnapshotManager.java:createOmSnapshotCheckpoint(170)) - Created checkpoint : /home/runner/work/ozone/ozone/hadoop-ozone/integration-test/target/test-dir/MiniOzoneClusterImpl-8d40f1f0-3e23-4273-879b-a609159ae6a4/omNode-1/db.snapshots/om.db-dfdc859d-1861-4000-bd21-e7670493f9f0 for snapshot 98a0aad6-ec31-423f-99df-3108cdd6ce61
2023-03-15 06:53:35,651 [OMDoubleBufferFlushThread] INFO  om.OmSnapshotManager (OmSnapshotManager.java:createOmSnapshotCheckpoint(170)) - Created checkpoint : /home/runner/work/ozone/ozone/hadoop-ozone/integration-test/target/test-dir/MiniOzoneClusterImpl-8d40f1f0-3e23-4273-879b-a609159ae6a4/omNode-2/db.snapshots/om.db-dfdc859d-1861-4000-bd21-e7670493f9f0 for snapshot 98a0aad6-ec31-423f-99df-3108cdd6ce61
06:53:36.615 [OM StateMachine ApplyTransaction Thread - 0] ERROR OMAudit - user=runner | ip=127.0.0.1 | op=DELETE_BUCKET {volume=vol-83099, bucket=buc-11863} | ret=FAILURE
org.apache.hadoop.ozone.om.exceptions.OMException: Bucket buc-11863 can't be deleted when it has snapshots
	at org.apache.hadoop.ozone.om.request.bucket.OMBucketDeleteRequest.validateAndUpdateCache(OMBucketDeleteRequest.java:151) ~[ozone-manager-1.4.0-SNAPSHOT.jar:?]
	at org.apache.hadoop.ozone.protocolPB.OzoneManagerRequestHandler.handleWriteRequest(OzoneManagerRequestHandler.java:337) ~[ozone-manager-1.4.0-SNAPSHOT.jar:?]
	at org.apache.hadoop.ozone.om.ratis.OzoneManagerStateMachine.runCommand(OzoneManagerStateMachine.java:533) ~[ozone-manager-1.4.0-SNAPSHOT.jar:?]
	at org.apache.hadoop.ozone.om.ratis.OzoneManagerStateMachine.lambda$1(OzoneManagerStateMachine.java:324) ~[ozone-manager-1.4.0-SNAPSHOT.jar:?]
	at java.util.concurrent.CompletableFuture$AsyncSupply.run(CompletableFuture.java:1604) [?:1.8.0_362]
	at java.util.concurrent.ThreadPoolExecutor.runWorker(ThreadPoolExecutor.java:1149) [?:1.8.0_362]
	at java.util.concurrent.ThreadPoolExecutor$Worker.run(ThreadPoolExecutor.java:624) [?:1.8.0_362]
	at java.lang.Thread.run(Thread.java:750) [?:1.8.0_362]
2023-03-15 06:53:36,615 [OM StateMachine ApplyTransaction Thread - 0] ERROR bucket.OMBucketDeleteRequest (OMBucketDeleteRequest.java:validateAndUpdateCache(213)) - Delete bucket failed for bucket:buc-11863 in volume:vol-83099
CONTAINS_SNAPSHOT org.apache.hadoop.ozone.om.exceptions.OMException: Bucket buc-11863 can't be deleted when it has snapshots
	at org.apache.hadoop.ozone.om.request.bucket.OMBucketDeleteRequest.validateAndUpdateCache(OMBucketDeleteRequest.java:151)
	at org.apache.hadoop.ozone.protocolPB.OzoneManagerRequestHandler.handleWriteRequest(OzoneManagerRequestHandler.java:337)
	at org.apache.hadoop.ozone.om.ratis.OzoneManagerStateMachine.runCommand(OzoneManagerStateMachine.java:533)
	at org.apache.hadoop.ozone.om.ratis.OzoneManagerStateMachine.lambda$1(OzoneManagerStateMachine.java:324)
	at java.util.concurrent.CompletableFuture$AsyncSupply.run(CompletableFuture.java:1604)
	at java.util.concurrent.ThreadPoolExecutor.runWorker(ThreadPoolExecutor.java:1149)
	at java.util.concurrent.ThreadPoolExecutor$Worker.run(ThreadPoolExecutor.java:624)
	at java.lang.Thread.run(Thread.java:750)
06:53:36.618 [OM StateMachine ApplyTransaction Thread - 0] ERROR OMAudit - user=runner | ip=127.0.0.1 | op=DELETE_BUCKET {volume=vol-83099, bucket=buc-11863} | ret=FAILURE
org.apache.hadoop.ozone.om.exceptions.OMException: Bucket buc-11863 can't be deleted when it has snapshots
	at org.apache.hadoop.ozone.om.request.bucket.OMBucketDeleteRequest.validateAndUpdateCache(OMBucketDeleteRequest.java:151) ~[ozone-manager-1.4.0-SNAPSHOT.jar:?]
	at org.apache.hadoop.ozone.protocolPB.OzoneManagerRequestHandler.handleWriteRequest(OzoneManagerRequestHandler.java:337) ~[ozone-manager-1.4.0-SNAPSHOT.jar:?]
	at org.apache.hadoop.ozone.om.ratis.OzoneManagerStateMachine.runCommand(OzoneManagerStateMachine.java:533) ~[ozone-manager-1.4.0-SNAPSHOT.jar:?]
	at org.apache.hadoop.ozone.om.ratis.OzoneManagerStateMachine.lambda$1(OzoneManagerStateMachine.java:324) ~[ozone-manager-1.4.0-SNAPSHOT.jar:?]
	at java.util.concurrent.CompletableFuture$AsyncSupply.run(CompletableFuture.java:1604) [?:1.8.0_362]
	at java.util.concurrent.ThreadPoolExecutor.runWorker(ThreadPoolExecutor.java:1149) [?:1.8.0_362]
	at java.util.concurrent.ThreadPoolExecutor$Worker.run(ThreadPoolExecutor.java:624) [?:1.8.0_362]
	at java.lang.Thread.run(Thread.java:750) [?:1.8.0_362]
2023-03-15 06:53:36,619 [OM StateMachine ApplyTransaction Thread - 0] ERROR bucket.OMBucketDeleteRequest (OMBucketDeleteRequest.java:validateAndUpdateCache(213)) - Delete bucket failed for bucket:buc-11863 in volume:vol-83099
CONTAINS_SNAPSHOT org.apache.hadoop.ozone.om.exceptions.OMException: Bucket buc-11863 can't be deleted when it has snapshots
	at org.apache.hadoop.ozone.om.request.bucket.OMBucketDeleteRequest.validateAndUpdateCache(OMBucketDeleteRequest.java:151)
	at org.apache.hadoop.ozone.protocolPB.OzoneManagerRequestHandler.handleWriteRequest(OzoneManagerRequestHandler.java:337)
	at org.apache.hadoop.ozone.om.ratis.OzoneManagerStateMachine.runCommand(OzoneManagerStateMachine.java:533)
	at org.apache.hadoop.ozone.om.ratis.OzoneManagerStateMachine.lambda$1(OzoneManagerStateMachine.java:324)
	at java.util.concurrent.CompletableFuture$AsyncSupply.run(CompletableFuture.java:1604)
	at java.util.concurrent.ThreadPoolExecutor.runWorker(ThreadPoolExecutor.java:1149)
	at java.util.concurrent.ThreadPoolExecutor$Worker.run(ThreadPoolExecutor.java:624)
	at java.lang.Thread.run(Thread.java:750)
06:53:36.620 [OM StateMachine ApplyTransaction Thread - 0] ERROR OMAudit - user=runner | ip=127.0.0.1 | op=DELETE_BUCKET {volume=vol-83099, bucket=buc-11863} | ret=FAILURE
org.apache.hadoop.ozone.om.exceptions.OMException: Bucket buc-11863 can't be deleted when it has snapshots
	at org.apache.hadoop.ozone.om.request.bucket.OMBucketDeleteRequest.validateAndUpdateCache(OMBucketDeleteRequest.java:151) ~[ozone-manager-1.4.0-SNAPSHOT.jar:?]
	at org.apache.hadoop.ozone.protocolPB.OzoneManagerRequestHandler.handleWriteRequest(OzoneManagerRequestHandler.java:337) ~[ozone-manager-1.4.0-SNAPSHOT.jar:?]
	at org.apache.hadoop.ozone.om.ratis.OzoneManagerStateMachine.runCommand(OzoneManagerStateMachine.java:533) ~[ozone-manager-1.4.0-SNAPSHOT.jar:?]
	at org.apache.hadoop.ozone.om.ratis.OzoneManagerStateMachine.lambda$1(OzoneManagerStateMachine.java:324) ~[ozone-manager-1.4.0-SNAPSHOT.jar:?]
	at java.util.concurrent.CompletableFuture$AsyncSupply.run(CompletableFuture.java:1604) [?:1.8.0_362]
	at java.util.concurrent.ThreadPoolExecutor.runWorker(ThreadPoolExecutor.java:1149) [?:1.8.0_362]
	at java.util.concurrent.ThreadPoolExecutor$Worker.run(ThreadPoolExecutor.java:624) [?:1.8.0_362]
	at java.lang.Thread.run(Thread.java:750) [?:1.8.0_362]
2023-03-15 06:53:36,620 [OM StateMachine ApplyTransaction Thread - 0] ERROR bucket.OMBucketDeleteRequest (OMBucketDeleteRequest.java:validateAndUpdateCache(213)) - Delete bucket failed for bucket:buc-11863 in volume:vol-83099
CONTAINS_SNAPSHOT org.apache.hadoop.ozone.om.exceptions.OMException: Bucket buc-11863 can't be deleted when it has snapshots
	at org.apache.hadoop.ozone.om.request.bucket.OMBucketDeleteRequest.validateAndUpdateCache(OMBucketDeleteRequest.java:151)
	at org.apache.hadoop.ozone.protocolPB.OzoneManagerRequestHandler.handleWriteRequest(OzoneManagerRequestHandler.java:337)
	at org.apache.hadoop.ozone.om.ratis.OzoneManagerStateMachine.runCommand(OzoneManagerStateMachine.java:533)
	at org.apache.hadoop.ozone.om.ratis.OzoneManagerStateMachine.lambda$1(OzoneManagerStateMachine.java:324)
	at java.util.concurrent.CompletableFuture$AsyncSupply.run(CompletableFuture.java:1604)
	at java.util.concurrent.ThreadPoolExecutor.runWorker(ThreadPoolExecutor.java:1149)
	at java.util.concurrent.ThreadPoolExecutor$Worker.run(ThreadPoolExecutor.java:624)
	at java.lang.Thread.run(Thread.java:750)
]]></system-out>
  </testcase>
  <testcase name="testBucketDeleteIfSnapshotExists" classname="TestOmSnapshot" time="1.183">
    <system-out><![CDATA[2023-03-15 06:54:36,274 [Time-limited test] INFO  rpc.RpcClient (RpcClient.java:createVolume(476)) - Creating Volume: vol-28300, with runner as owner and space quota set to -1 bytes, counts quota set to -1
2023-03-15 06:54:36,277 [OM StateMachine ApplyTransaction Thread - 0] INFO  volume.OMVolumeCreateRequest (OMVolumeCreateRequest.java:validateAndUpdateCache(195)) - created volume:vol-28300 for user:runner
2023-03-15 06:54:36,278 [OM StateMachine ApplyTransaction Thread - 0] INFO  volume.OMVolumeCreateRequest (OMVolumeCreateRequest.java:validateAndUpdateCache(195)) - created volume:vol-28300 for user:runner
2023-03-15 06:54:36,279 [OM StateMachine ApplyTransaction Thread - 0] INFO  volume.OMVolumeCreateRequest (OMVolumeCreateRequest.java:validateAndUpdateCache(195)) - created volume:vol-28300 for user:runner
2023-03-15 06:54:36,281 [Time-limited test] INFO  rpc.RpcClient (RpcClient.java:createBucket(698)) - Creating Bucket: vol-28300/buc-93149, with server-side default bucket layout, runner as owner, Versioning false, Storage Type set to DISK and Encryption set to false, Replication Type set to server-side default replication type, Namespace Quota set to -1, Space Quota set to -1 
2023-03-15 06:54:36,286 [OM StateMachine ApplyTransaction Thread - 0] INFO  bucket.OMBucketCreateRequest (OMBucketCreateRequest.java:validateAndUpdateCache(263)) - created bucket: buc-93149 of layout LEGACY in volume: vol-28300
2023-03-15 06:54:36,286 [Time-limited test] INFO  rpc.RpcClient (RpcClient.java:createBucket(698)) - Creating Bucket: vol-28300/buc-66269, with server-side default bucket layout, runner as owner, Versioning false, Storage Type set to DISK and Encryption set to false, Replication Type set to server-side default replication type, Namespace Quota set to -1, Space Quota set to -1 
2023-03-15 06:54:36,287 [OM StateMachine ApplyTransaction Thread - 0] INFO  bucket.OMBucketCreateRequest (OMBucketCreateRequest.java:validateAndUpdateCache(263)) - created bucket: buc-93149 of layout LEGACY in volume: vol-28300
2023-03-15 06:54:36,287 [OM StateMachine ApplyTransaction Thread - 0] INFO  bucket.OMBucketCreateRequest (OMBucketCreateRequest.java:validateAndUpdateCache(263)) - created bucket: buc-93149 of layout LEGACY in volume: vol-28300
2023-03-15 06:54:36,290 [OM StateMachine ApplyTransaction Thread - 0] INFO  bucket.OMBucketCreateRequest (OMBucketCreateRequest.java:validateAndUpdateCache(263)) - created bucket: buc-66269 of layout LEGACY in volume: vol-28300
2023-03-15 06:54:36,290 [OM StateMachine ApplyTransaction Thread - 0] INFO  bucket.OMBucketCreateRequest (OMBucketCreateRequest.java:validateAndUpdateCache(263)) - created bucket: buc-66269 of layout LEGACY in volume: vol-28300
2023-03-15 06:54:36,290 [OM StateMachine ApplyTransaction Thread - 0] INFO  bucket.OMBucketCreateRequest (OMBucketCreateRequest.java:validateAndUpdateCache(263)) - created bucket: buc-66269 of layout LEGACY in volume: vol-28300
2023-03-15 06:54:36,428 [OM StateMachine ApplyTransaction Thread - 0] INFO  snapshot.OMSnapshotCreateRequest (OMSnapshotCreateRequest.java:validateAndUpdateCache(204)) - Created snapshot '03d60650-96a8-4a50-ae85-32cff41e042a' under path 'vol-28300/buc-93149'
2023-03-15 06:54:36,428 [OM StateMachine ApplyTransaction Thread - 0] INFO  snapshot.OMSnapshotCreateRequest (OMSnapshotCreateRequest.java:validateAndUpdateCache(204)) - Created snapshot '03d60650-96a8-4a50-ae85-32cff41e042a' under path 'vol-28300/buc-93149'
2023-03-15 06:54:36,429 [OM StateMachine ApplyTransaction Thread - 0] INFO  snapshot.OMSnapshotCreateRequest (OMSnapshotCreateRequest.java:validateAndUpdateCache(204)) - Created snapshot '03d60650-96a8-4a50-ae85-32cff41e042a' under path 'vol-28300/buc-93149'
2023-03-15 06:54:36,479 [OMDoubleBufferFlushThread] INFO  db.RDBCheckpointManager (RDBCheckpointManager.java:createCheckpoint(96)) - Created checkpoint in rocksDB at /home/runner/work/ozone/ozone/hadoop-ozone/integration-test/target/test-dir/MiniOzoneClusterImpl-88c1a39f-978e-429a-824f-6eda176bb531/omNode-3/db.snapshots/om.db-2fa04256-dcb4-4696-b4ad-78c1c323089a in 50 milliseconds
2023-03-15 06:54:36,479 [OMDoubleBufferFlushThread] INFO  db.RDBCheckpointManager (RDBCheckpointManager.java:waitForCheckpointDirectoryExist(125)) - Waited for 0 milliseconds for checkpoint directory /home/runner/work/ozone/ozone/hadoop-ozone/integration-test/target/test-dir/MiniOzoneClusterImpl-88c1a39f-978e-429a-824f-6eda176bb531/omNode-3/db.snapshots/om.db-2fa04256-dcb4-4696-b4ad-78c1c323089a availability.
2023-03-15 06:54:36,479 [OMDoubleBufferFlushThread] INFO  om.OmSnapshotManager (OmSnapshotManager.java:createOmSnapshotCheckpoint(170)) - Created checkpoint : /home/runner/work/ozone/ozone/hadoop-ozone/integration-test/target/test-dir/MiniOzoneClusterImpl-88c1a39f-978e-429a-824f-6eda176bb531/omNode-3/db.snapshots/om.db-2fa04256-dcb4-4696-b4ad-78c1c323089a for snapshot 03d60650-96a8-4a50-ae85-32cff41e042a
2023-03-15 06:54:36,488 [OMDoubleBufferFlushThread] INFO  db.RDBCheckpointManager (RDBCheckpointManager.java:createCheckpoint(96)) - Created checkpoint in rocksDB at /home/runner/work/ozone/ozone/hadoop-ozone/integration-test/target/test-dir/MiniOzoneClusterImpl-88c1a39f-978e-429a-824f-6eda176bb531/omNode-1/db.snapshots/om.db-2fa04256-dcb4-4696-b4ad-78c1c323089a in 59 milliseconds
2023-03-15 06:54:36,489 [OMDoubleBufferFlushThread] INFO  db.RDBCheckpointManager (RDBCheckpointManager.java:waitForCheckpointDirectoryExist(125)) - Waited for 1 milliseconds for checkpoint directory /home/runner/work/ozone/ozone/hadoop-ozone/integration-test/target/test-dir/MiniOzoneClusterImpl-88c1a39f-978e-429a-824f-6eda176bb531/omNode-1/db.snapshots/om.db-2fa04256-dcb4-4696-b4ad-78c1c323089a availability.
2023-03-15 06:54:36,489 [OMDoubleBufferFlushThread] INFO  om.OmSnapshotManager (OmSnapshotManager.java:createOmSnapshotCheckpoint(170)) - Created checkpoint : /home/runner/work/ozone/ozone/hadoop-ozone/integration-test/target/test-dir/MiniOzoneClusterImpl-88c1a39f-978e-429a-824f-6eda176bb531/omNode-1/db.snapshots/om.db-2fa04256-dcb4-4696-b4ad-78c1c323089a for snapshot 03d60650-96a8-4a50-ae85-32cff41e042a
2023-03-15 06:54:36,489 [OMDoubleBufferFlushThread] INFO  db.RDBCheckpointManager (RDBCheckpointManager.java:createCheckpoint(96)) - Created checkpoint in rocksDB at /home/runner/work/ozone/ozone/hadoop-ozone/integration-test/target/test-dir/MiniOzoneClusterImpl-88c1a39f-978e-429a-824f-6eda176bb531/omNode-2/db.snapshots/om.db-2fa04256-dcb4-4696-b4ad-78c1c323089a in 58 milliseconds
2023-03-15 06:54:36,490 [OMDoubleBufferFlushThread] INFO  db.RDBCheckpointManager (RDBCheckpointManager.java:waitForCheckpointDirectoryExist(125)) - Waited for 1 milliseconds for checkpoint directory /home/runner/work/ozone/ozone/hadoop-ozone/integration-test/target/test-dir/MiniOzoneClusterImpl-88c1a39f-978e-429a-824f-6eda176bb531/omNode-2/db.snapshots/om.db-2fa04256-dcb4-4696-b4ad-78c1c323089a availability.
2023-03-15 06:54:36,490 [OMDoubleBufferFlushThread] INFO  om.OmSnapshotManager (OmSnapshotManager.java:createOmSnapshotCheckpoint(170)) - Created checkpoint : /home/runner/work/ozone/ozone/hadoop-ozone/integration-test/target/test-dir/MiniOzoneClusterImpl-88c1a39f-978e-429a-824f-6eda176bb531/omNode-2/db.snapshots/om.db-2fa04256-dcb4-4696-b4ad-78c1c323089a for snapshot 03d60650-96a8-4a50-ae85-32cff41e042a
06:54:37.446 [OM StateMachine ApplyTransaction Thread - 0] ERROR OMAudit - user=runner | ip=127.0.0.1 | op=DELETE_BUCKET {volume=vol-28300, bucket=buc-93149} | ret=FAILURE
org.apache.hadoop.ozone.om.exceptions.OMException: Bucket buc-93149 can't be deleted when it has snapshots
	at org.apache.hadoop.ozone.om.request.bucket.OMBucketDeleteRequest.validateAndUpdateCache(OMBucketDeleteRequest.java:151) ~[ozone-manager-1.4.0-SNAPSHOT.jar:?]
	at org.apache.hadoop.ozone.protocolPB.OzoneManagerRequestHandler.handleWriteRequest(OzoneManagerRequestHandler.java:337) ~[ozone-manager-1.4.0-SNAPSHOT.jar:?]
	at org.apache.hadoop.ozone.om.ratis.OzoneManagerStateMachine.runCommand(OzoneManagerStateMachine.java:533) ~[ozone-manager-1.4.0-SNAPSHOT.jar:?]
	at org.apache.hadoop.ozone.om.ratis.OzoneManagerStateMachine.lambda$1(OzoneManagerStateMachine.java:324) ~[ozone-manager-1.4.0-SNAPSHOT.jar:?]
	at java.util.concurrent.CompletableFuture$AsyncSupply.run(CompletableFuture.java:1604) [?:1.8.0_362]
	at java.util.concurrent.ThreadPoolExecutor.runWorker(ThreadPoolExecutor.java:1149) [?:1.8.0_362]
	at java.util.concurrent.ThreadPoolExecutor$Worker.run(ThreadPoolExecutor.java:624) [?:1.8.0_362]
	at java.lang.Thread.run(Thread.java:750) [?:1.8.0_362]
2023-03-15 06:54:37,446 [OM StateMachine ApplyTransaction Thread - 0] ERROR bucket.OMBucketDeleteRequest (OMBucketDeleteRequest.java:validateAndUpdateCache(213)) - Delete bucket failed for bucket:buc-93149 in volume:vol-28300
CONTAINS_SNAPSHOT org.apache.hadoop.ozone.om.exceptions.OMException: Bucket buc-93149 can't be deleted when it has snapshots
	at org.apache.hadoop.ozone.om.request.bucket.OMBucketDeleteRequest.validateAndUpdateCache(OMBucketDeleteRequest.java:151)
	at org.apache.hadoop.ozone.protocolPB.OzoneManagerRequestHandler.handleWriteRequest(OzoneManagerRequestHandler.java:337)
	at org.apache.hadoop.ozone.om.ratis.OzoneManagerStateMachine.runCommand(OzoneManagerStateMachine.java:533)
	at org.apache.hadoop.ozone.om.ratis.OzoneManagerStateMachine.lambda$1(OzoneManagerStateMachine.java:324)
	at java.util.concurrent.CompletableFuture$AsyncSupply.run(CompletableFuture.java:1604)
	at java.util.concurrent.ThreadPoolExecutor.runWorker(ThreadPoolExecutor.java:1149)
	at java.util.concurrent.ThreadPoolExecutor$Worker.run(ThreadPoolExecutor.java:624)
	at java.lang.Thread.run(Thread.java:750)
06:54:37.449 [OM StateMachine ApplyTransaction Thread - 0] ERROR OMAudit - user=runner | ip=127.0.0.1 | op=DELETE_BUCKET {volume=vol-28300, bucket=buc-93149} | ret=FAILURE
org.apache.hadoop.ozone.om.exceptions.OMException: Bucket buc-93149 can't be deleted when it has snapshots
	at org.apache.hadoop.ozone.om.request.bucket.OMBucketDeleteRequest.validateAndUpdateCache(OMBucketDeleteRequest.java:151) ~[ozone-manager-1.4.0-SNAPSHOT.jar:?]
	at org.apache.hadoop.ozone.protocolPB.OzoneManagerRequestHandler.handleWriteRequest(OzoneManagerRequestHandler.java:337) ~[ozone-manager-1.4.0-SNAPSHOT.jar:?]
	at org.apache.hadoop.ozone.om.ratis.OzoneManagerStateMachine.runCommand(OzoneManagerStateMachine.java:533) ~[ozone-manager-1.4.0-SNAPSHOT.jar:?]
	at org.apache.hadoop.ozone.om.ratis.OzoneManagerStateMachine.lambda$1(OzoneManagerStateMachine.java:324) ~[ozone-manager-1.4.0-SNAPSHOT.jar:?]
	at java.util.concurrent.CompletableFuture$AsyncSupply.run(CompletableFuture.java:1604) [?:1.8.0_362]
	at java.util.concurrent.ThreadPoolExecutor.runWorker(ThreadPoolExecutor.java:1149) [?:1.8.0_362]
	at java.util.concurrent.ThreadPoolExecutor$Worker.run(ThreadPoolExecutor.java:624) [?:1.8.0_362]
	at java.lang.Thread.run(Thread.java:750) [?:1.8.0_362]
2023-03-15 06:54:37,449 [OM StateMachine ApplyTransaction Thread - 0] ERROR bucket.OMBucketDeleteRequest (OMBucketDeleteRequest.java:validateAndUpdateCache(213)) - Delete bucket failed for bucket:buc-93149 in volume:vol-28300
CONTAINS_SNAPSHOT org.apache.hadoop.ozone.om.exceptions.OMException: Bucket buc-93149 can't be deleted when it has snapshots
	at org.apache.hadoop.ozone.om.request.bucket.OMBucketDeleteRequest.validateAndUpdateCache(OMBucketDeleteRequest.java:151)
	at org.apache.hadoop.ozone.protocolPB.OzoneManagerRequestHandler.handleWriteRequest(OzoneManagerRequestHandler.java:337)
	at org.apache.hadoop.ozone.om.ratis.OzoneManagerStateMachine.runCommand(OzoneManagerStateMachine.java:533)
	at org.apache.hadoop.ozone.om.ratis.OzoneManagerStateMachine.lambda$1(OzoneManagerStateMachine.java:324)
	at java.util.concurrent.CompletableFuture$AsyncSupply.run(CompletableFuture.java:1604)
	at java.util.concurrent.ThreadPoolExecutor.runWorker(ThreadPoolExecutor.java:1149)
	at java.util.concurrent.ThreadPoolExecutor$Worker.run(ThreadPoolExecutor.java:624)
	at java.lang.Thread.run(Thread.java:750)
06:54:37.450 [OM StateMachine ApplyTransaction Thread - 0] ERROR OMAudit - user=runner | ip=127.0.0.1 | op=DELETE_BUCKET {volume=vol-28300, bucket=buc-93149} | ret=FAILURE
org.apache.hadoop.ozone.om.exceptions.OMException: Bucket buc-93149 can't be deleted when it has snapshots
	at org.apache.hadoop.ozone.om.request.bucket.OMBucketDeleteRequest.validateAndUpdateCache(OMBucketDeleteRequest.java:151) ~[ozone-manager-1.4.0-SNAPSHOT.jar:?]
	at org.apache.hadoop.ozone.protocolPB.OzoneManagerRequestHandler.handleWriteRequest(OzoneManagerRequestHandler.java:337) ~[ozone-manager-1.4.0-SNAPSHOT.jar:?]
	at org.apache.hadoop.ozone.om.ratis.OzoneManagerStateMachine.runCommand(OzoneManagerStateMachine.java:533) ~[ozone-manager-1.4.0-SNAPSHOT.jar:?]
	at org.apache.hadoop.ozone.om.ratis.OzoneManagerStateMachine.lambda$1(OzoneManagerStateMachine.java:324) ~[ozone-manager-1.4.0-SNAPSHOT.jar:?]
	at java.util.concurrent.CompletableFuture$AsyncSupply.run(CompletableFuture.java:1604) [?:1.8.0_362]
	at java.util.concurrent.ThreadPoolExecutor.runWorker(ThreadPoolExecutor.java:1149) [?:1.8.0_362]
	at java.util.concurrent.ThreadPoolExecutor$Worker.run(ThreadPoolExecutor.java:624) [?:1.8.0_362]
	at java.lang.Thread.run(Thread.java:750) [?:1.8.0_362]
2023-03-15 06:54:37,450 [OM StateMachine ApplyTransaction Thread - 0] ERROR bucket.OMBucketDeleteRequest (OMBucketDeleteRequest.java:validateAndUpdateCache(213)) - Delete bucket failed for bucket:buc-93149 in volume:vol-28300
CONTAINS_SNAPSHOT org.apache.hadoop.ozone.om.exceptions.OMException: Bucket buc-93149 can't be deleted when it has snapshots
	at org.apache.hadoop.ozone.om.request.bucket.OMBucketDeleteRequest.validateAndUpdateCache(OMBucketDeleteRequest.java:151)
	at org.apache.hadoop.ozone.protocolPB.OzoneManagerRequestHandler.handleWriteRequest(OzoneManagerRequestHandler.java:337)
	at org.apache.hadoop.ozone.om.ratis.OzoneManagerStateMachine.runCommand(OzoneManagerStateMachine.java:533)
	at org.apache.hadoop.ozone.om.ratis.OzoneManagerStateMachine.lambda$1(OzoneManagerStateMachine.java:324)
	at java.util.concurrent.CompletableFuture$AsyncSupply.run(CompletableFuture.java:1604)
	at java.util.concurrent.ThreadPoolExecutor.runWorker(ThreadPoolExecutor.java:1149)
	at java.util.concurrent.ThreadPoolExecutor$Worker.run(ThreadPoolExecutor.java:624)
	at java.lang.Thread.run(Thread.java:750)
]]></system-out>
  </testcase>
  <testcase name="testListDeleteKey" classname="TestOmSnapshot" time="2.16">
    <system-out><![CDATA[2023-03-15 06:52:37,009 [Time-limited test] INFO  rpc.RpcClient (RpcClient.java:createVolume(476)) - Creating Volume: vol-73945, with runner as owner and space quota set to -1 bytes, counts quota set to -1
2023-03-15 06:52:37,013 [OM StateMachine ApplyTransaction Thread - 0] INFO  volume.OMVolumeCreateRequest (OMVolumeCreateRequest.java:validateAndUpdateCache(195)) - created volume:vol-73945 for user:runner
2023-03-15 06:52:37,014 [OM StateMachine ApplyTransaction Thread - 0] INFO  volume.OMVolumeCreateRequest (OMVolumeCreateRequest.java:validateAndUpdateCache(195)) - created volume:vol-73945 for user:runner
2023-03-15 06:52:37,014 [OM StateMachine ApplyTransaction Thread - 0] INFO  volume.OMVolumeCreateRequest (OMVolumeCreateRequest.java:validateAndUpdateCache(195)) - created volume:vol-73945 for user:runner
2023-03-15 06:52:37,016 [Time-limited test] INFO  rpc.RpcClient (RpcClient.java:createBucket(698)) - Creating Bucket: vol-73945/buc-99656, with server-side default bucket layout, runner as owner, Versioning false, Storage Type set to DISK and Encryption set to false, Replication Type set to server-side default replication type, Namespace Quota set to -1, Space Quota set to -1 
2023-03-15 06:52:37,019 [OM StateMachine ApplyTransaction Thread - 0] INFO  bucket.OMBucketCreateRequest (OMBucketCreateRequest.java:validateAndUpdateCache(263)) - created bucket: buc-99656 of layout OBJECT_STORE in volume: vol-73945
2023-03-15 06:52:37,020 [OM StateMachine ApplyTransaction Thread - 0] INFO  bucket.OMBucketCreateRequest (OMBucketCreateRequest.java:validateAndUpdateCache(263)) - created bucket: buc-99656 of layout OBJECT_STORE in volume: vol-73945
2023-03-15 06:52:37,020 [OM StateMachine ApplyTransaction Thread - 0] INFO  bucket.OMBucketCreateRequest (OMBucketCreateRequest.java:validateAndUpdateCache(263)) - created bucket: buc-99656 of layout OBJECT_STORE in volume: vol-73945
2023-03-15 06:52:37,063 [OM StateMachine ApplyTransaction Thread - 0] INFO  snapshot.OMSnapshotCreateRequest (OMSnapshotCreateRequest.java:validateAndUpdateCache(204)) - Created snapshot 'efaa2914-b0e8-466d-865b-7411c79a95db' under path 'vol-73945/buc-99656'
2023-03-15 06:52:37,063 [OM StateMachine ApplyTransaction Thread - 0] INFO  snapshot.OMSnapshotCreateRequest (OMSnapshotCreateRequest.java:validateAndUpdateCache(204)) - Created snapshot 'efaa2914-b0e8-466d-865b-7411c79a95db' under path 'vol-73945/buc-99656'
2023-03-15 06:52:37,063 [OM StateMachine ApplyTransaction Thread - 0] INFO  snapshot.OMSnapshotCreateRequest (OMSnapshotCreateRequest.java:validateAndUpdateCache(204)) - Created snapshot 'efaa2914-b0e8-466d-865b-7411c79a95db' under path 'vol-73945/buc-99656'
2023-03-15 06:52:37,113 [OMDoubleBufferFlushThread] INFO  db.RDBCheckpointManager (RDBCheckpointManager.java:createCheckpoint(96)) - Created checkpoint in rocksDB at /home/runner/work/ozone/ozone/hadoop-ozone/integration-test/target/test-dir/MiniOzoneClusterImpl-e79b0a94-dba3-4ba8-a298-d2d15914ceac/omNode-1/db.snapshots/om.db-f42ecc4f-d725-45d1-b64d-fe2ae5219b1e in 48 milliseconds
2023-03-15 06:52:37,115 [OMDoubleBufferFlushThread] INFO  db.RDBCheckpointManager (RDBCheckpointManager.java:waitForCheckpointDirectoryExist(125)) - Waited for 2 milliseconds for checkpoint directory /home/runner/work/ozone/ozone/hadoop-ozone/integration-test/target/test-dir/MiniOzoneClusterImpl-e79b0a94-dba3-4ba8-a298-d2d15914ceac/omNode-1/db.snapshots/om.db-f42ecc4f-d725-45d1-b64d-fe2ae5219b1e availability.
2023-03-15 06:52:37,115 [OMDoubleBufferFlushThread] INFO  om.OmSnapshotManager (OmSnapshotManager.java:createOmSnapshotCheckpoint(170)) - Created checkpoint : /home/runner/work/ozone/ozone/hadoop-ozone/integration-test/target/test-dir/MiniOzoneClusterImpl-e79b0a94-dba3-4ba8-a298-d2d15914ceac/omNode-1/db.snapshots/om.db-f42ecc4f-d725-45d1-b64d-fe2ae5219b1e for snapshot efaa2914-b0e8-466d-865b-7411c79a95db
2023-03-15 06:52:37,121 [OMDoubleBufferFlushThread] INFO  db.RDBCheckpointManager (RDBCheckpointManager.java:createCheckpoint(96)) - Created checkpoint in rocksDB at /home/runner/work/ozone/ozone/hadoop-ozone/integration-test/target/test-dir/MiniOzoneClusterImpl-e79b0a94-dba3-4ba8-a298-d2d15914ceac/omNode-2/db.snapshots/om.db-f42ecc4f-d725-45d1-b64d-fe2ae5219b1e in 55 milliseconds
2023-03-15 06:52:37,121 [OMDoubleBufferFlushThread] INFO  db.RDBCheckpointManager (RDBCheckpointManager.java:createCheckpoint(96)) - Created checkpoint in rocksDB at /home/runner/work/ozone/ozone/hadoop-ozone/integration-test/target/test-dir/MiniOzoneClusterImpl-e79b0a94-dba3-4ba8-a298-d2d15914ceac/omNode-3/db.snapshots/om.db-f42ecc4f-d725-45d1-b64d-fe2ae5219b1e in 56 milliseconds
2023-03-15 06:52:37,122 [OMDoubleBufferFlushThread] INFO  db.RDBCheckpointManager (RDBCheckpointManager.java:waitForCheckpointDirectoryExist(125)) - Waited for 1 milliseconds for checkpoint directory /home/runner/work/ozone/ozone/hadoop-ozone/integration-test/target/test-dir/MiniOzoneClusterImpl-e79b0a94-dba3-4ba8-a298-d2d15914ceac/omNode-2/db.snapshots/om.db-f42ecc4f-d725-45d1-b64d-fe2ae5219b1e availability.
2023-03-15 06:52:37,122 [OMDoubleBufferFlushThread] INFO  om.OmSnapshotManager (OmSnapshotManager.java:createOmSnapshotCheckpoint(170)) - Created checkpoint : /home/runner/work/ozone/ozone/hadoop-ozone/integration-test/target/test-dir/MiniOzoneClusterImpl-e79b0a94-dba3-4ba8-a298-d2d15914ceac/omNode-2/db.snapshots/om.db-f42ecc4f-d725-45d1-b64d-fe2ae5219b1e for snapshot efaa2914-b0e8-466d-865b-7411c79a95db
2023-03-15 06:52:37,124 [OMDoubleBufferFlushThread] INFO  db.RDBCheckpointManager (RDBCheckpointManager.java:waitForCheckpointDirectoryExist(125)) - Waited for 3 milliseconds for checkpoint directory /home/runner/work/ozone/ozone/hadoop-ozone/integration-test/target/test-dir/MiniOzoneClusterImpl-e79b0a94-dba3-4ba8-a298-d2d15914ceac/omNode-3/db.snapshots/om.db-f42ecc4f-d725-45d1-b64d-fe2ae5219b1e availability.
2023-03-15 06:52:37,124 [OMDoubleBufferFlushThread] INFO  om.OmSnapshotManager (OmSnapshotManager.java:createOmSnapshotCheckpoint(170)) - Created checkpoint : /home/runner/work/ozone/ozone/hadoop-ozone/integration-test/target/test-dir/MiniOzoneClusterImpl-e79b0a94-dba3-4ba8-a298-d2d15914ceac/omNode-3/db.snapshots/om.db-f42ecc4f-d725-45d1-b64d-fe2ae5219b1e for snapshot efaa2914-b0e8-466d-865b-7411c79a95db
2023-03-15 06:52:38,077 [IPC Server handler 3 on default port 41075] WARN  server.ServerUtils (ServerUtils.java:getDBPath(225)) - ozone.om.db.dirs is not configured. We recommend adding this setting. Falling back to ozone.metadata.dirs instead.
2023-03-15 06:52:38,078 [IPC Server handler 3 on default port 41075] INFO  codec.OmKeyInfoCodec (OmKeyInfoCodec.java:<init>(49)) - OmKeyInfoCodec ignorePipeline = true
2023-03-15 06:52:38,078 [IPC Server handler 3 on default port 41075] INFO  codec.RepeatedOmKeyInfoCodec (RepeatedOmKeyInfoCodec.java:<init>(41)) - RepeatedOmKeyInfoCodec ignorePipeline = true
2023-03-15 06:52:38,128 [OM StateMachine ApplyTransaction Thread - 0] INFO  snapshot.OMSnapshotCreateRequest (OMSnapshotCreateRequest.java:validateAndUpdateCache(204)) - Created snapshot 'eff56d69-9809-417c-a319-d623590ae829' under path 'vol-73945/buc-99656'
2023-03-15 06:52:38,129 [OM StateMachine ApplyTransaction Thread - 0] INFO  snapshot.OMSnapshotCreateRequest (OMSnapshotCreateRequest.java:validateAndUpdateCache(204)) - Created snapshot 'eff56d69-9809-417c-a319-d623590ae829' under path 'vol-73945/buc-99656'
2023-03-15 06:52:38,130 [OM StateMachine ApplyTransaction Thread - 0] INFO  snapshot.OMSnapshotCreateRequest (OMSnapshotCreateRequest.java:validateAndUpdateCache(204)) - Created snapshot 'eff56d69-9809-417c-a319-d623590ae829' under path 'vol-73945/buc-99656'
2023-03-15 06:52:38,161 [OMDoubleBufferFlushThread] INFO  db.RDBCheckpointManager (RDBCheckpointManager.java:createCheckpoint(96)) - Created checkpoint in rocksDB at /home/runner/work/ozone/ozone/hadoop-ozone/integration-test/target/test-dir/MiniOzoneClusterImpl-e79b0a94-dba3-4ba8-a298-d2d15914ceac/omNode-1/db.snapshots/om.db-4874b6a2-bb1a-4fe2-86aa-05ba6f75919d in 31 milliseconds
2023-03-15 06:52:38,165 [OMDoubleBufferFlushThread] INFO  db.RDBCheckpointManager (RDBCheckpointManager.java:waitForCheckpointDirectoryExist(125)) - Waited for 4 milliseconds for checkpoint directory /home/runner/work/ozone/ozone/hadoop-ozone/integration-test/target/test-dir/MiniOzoneClusterImpl-e79b0a94-dba3-4ba8-a298-d2d15914ceac/omNode-1/db.snapshots/om.db-4874b6a2-bb1a-4fe2-86aa-05ba6f75919d availability.
2023-03-15 06:52:38,165 [OMDoubleBufferFlushThread] INFO  om.OmSnapshotManager (OmSnapshotManager.java:createOmSnapshotCheckpoint(170)) - Created checkpoint : /home/runner/work/ozone/ozone/hadoop-ozone/integration-test/target/test-dir/MiniOzoneClusterImpl-e79b0a94-dba3-4ba8-a298-d2d15914ceac/omNode-1/db.snapshots/om.db-4874b6a2-bb1a-4fe2-86aa-05ba6f75919d for snapshot eff56d69-9809-417c-a319-d623590ae829
2023-03-15 06:52:38,167 [OMDoubleBufferFlushThread] INFO  db.RDBCheckpointManager (RDBCheckpointManager.java:createCheckpoint(96)) - Created checkpoint in rocksDB at /home/runner/work/ozone/ozone/hadoop-ozone/integration-test/target/test-dir/MiniOzoneClusterImpl-e79b0a94-dba3-4ba8-a298-d2d15914ceac/omNode-3/db.snapshots/om.db-4874b6a2-bb1a-4fe2-86aa-05ba6f75919d in 35 milliseconds
2023-03-15 06:52:38,167 [OMDoubleBufferFlushThread] INFO  db.RDBCheckpointManager (RDBCheckpointManager.java:waitForCheckpointDirectoryExist(125)) - Waited for 0 milliseconds for checkpoint directory /home/runner/work/ozone/ozone/hadoop-ozone/integration-test/target/test-dir/MiniOzoneClusterImpl-e79b0a94-dba3-4ba8-a298-d2d15914ceac/omNode-3/db.snapshots/om.db-4874b6a2-bb1a-4fe2-86aa-05ba6f75919d availability.
2023-03-15 06:52:38,168 [OMDoubleBufferFlushThread] INFO  om.OmSnapshotManager (OmSnapshotManager.java:createOmSnapshotCheckpoint(170)) - Created checkpoint : /home/runner/work/ozone/ozone/hadoop-ozone/integration-test/target/test-dir/MiniOzoneClusterImpl-e79b0a94-dba3-4ba8-a298-d2d15914ceac/omNode-3/db.snapshots/om.db-4874b6a2-bb1a-4fe2-86aa-05ba6f75919d for snapshot eff56d69-9809-417c-a319-d623590ae829
2023-03-15 06:52:38,170 [OMDoubleBufferFlushThread] INFO  db.RDBCheckpointManager (RDBCheckpointManager.java:createCheckpoint(96)) - Created checkpoint in rocksDB at /home/runner/work/ozone/ozone/hadoop-ozone/integration-test/target/test-dir/MiniOzoneClusterImpl-e79b0a94-dba3-4ba8-a298-d2d15914ceac/omNode-2/db.snapshots/om.db-4874b6a2-bb1a-4fe2-86aa-05ba6f75919d in 39 milliseconds
2023-03-15 06:52:38,170 [OMDoubleBufferFlushThread] INFO  db.RDBCheckpointManager (RDBCheckpointManager.java:waitForCheckpointDirectoryExist(125)) - Waited for 0 milliseconds for checkpoint directory /home/runner/work/ozone/ozone/hadoop-ozone/integration-test/target/test-dir/MiniOzoneClusterImpl-e79b0a94-dba3-4ba8-a298-d2d15914ceac/omNode-2/db.snapshots/om.db-4874b6a2-bb1a-4fe2-86aa-05ba6f75919d availability.
2023-03-15 06:52:38,170 [OMDoubleBufferFlushThread] INFO  om.OmSnapshotManager (OmSnapshotManager.java:createOmSnapshotCheckpoint(170)) - Created checkpoint : /home/runner/work/ozone/ozone/hadoop-ozone/integration-test/target/test-dir/MiniOzoneClusterImpl-e79b0a94-dba3-4ba8-a298-d2d15914ceac/omNode-2/db.snapshots/om.db-4874b6a2-bb1a-4fe2-86aa-05ba6f75919d for snapshot eff56d69-9809-417c-a319-d623590ae829
2023-03-15 06:52:39,131 [IPC Server handler 0 on default port 41075] WARN  server.ServerUtils (ServerUtils.java:getDBPath(225)) - ozone.om.db.dirs is not configured. We recommend adding this setting. Falling back to ozone.metadata.dirs instead.
2023-03-15 06:52:39,131 [IPC Server handler 0 on default port 41075] INFO  codec.OmKeyInfoCodec (OmKeyInfoCodec.java:<init>(49)) - OmKeyInfoCodec ignorePipeline = true
2023-03-15 06:52:39,131 [IPC Server handler 0 on default port 41075] INFO  codec.RepeatedOmKeyInfoCodec (RepeatedOmKeyInfoCodec.java:<init>(41)) - RepeatedOmKeyInfoCodec ignorePipeline = true
]]></system-out>
  </testcase>
  <testcase name="testListDeleteKey" classname="TestOmSnapshot" time="2.134">
    <system-out><![CDATA[2023-03-15 06:53:36,628 [Time-limited test] INFO  rpc.RpcClient (RpcClient.java:createVolume(476)) - Creating Volume: vol-22158, with runner as owner and space quota set to -1 bytes, counts quota set to -1
2023-03-15 06:53:36,631 [OM StateMachine ApplyTransaction Thread - 0] INFO  volume.OMVolumeCreateRequest (OMVolumeCreateRequest.java:validateAndUpdateCache(195)) - created volume:vol-22158 for user:runner
2023-03-15 06:53:36,632 [OM StateMachine ApplyTransaction Thread - 0] INFO  volume.OMVolumeCreateRequest (OMVolumeCreateRequest.java:validateAndUpdateCache(195)) - created volume:vol-22158 for user:runner
2023-03-15 06:53:36,633 [Time-limited test] INFO  rpc.RpcClient (RpcClient.java:createBucket(698)) - Creating Bucket: vol-22158/buc-69484, with server-side default bucket layout, runner as owner, Versioning false, Storage Type set to DISK and Encryption set to false, Replication Type set to server-side default replication type, Namespace Quota set to -1, Space Quota set to -1 
2023-03-15 06:53:36,633 [OM StateMachine ApplyTransaction Thread - 0] INFO  volume.OMVolumeCreateRequest (OMVolumeCreateRequest.java:validateAndUpdateCache(195)) - created volume:vol-22158 for user:runner
2023-03-15 06:53:36,635 [OM StateMachine ApplyTransaction Thread - 0] INFO  bucket.OMBucketCreateRequest (OMBucketCreateRequest.java:validateAndUpdateCache(263)) - created bucket: buc-69484 of layout FILE_SYSTEM_OPTIMIZED in volume: vol-22158
2023-03-15 06:53:36,636 [OM StateMachine ApplyTransaction Thread - 0] INFO  bucket.OMBucketCreateRequest (OMBucketCreateRequest.java:validateAndUpdateCache(263)) - created bucket: buc-69484 of layout FILE_SYSTEM_OPTIMIZED in volume: vol-22158
2023-03-15 06:53:36,637 [OM StateMachine ApplyTransaction Thread - 0] INFO  bucket.OMBucketCreateRequest (OMBucketCreateRequest.java:validateAndUpdateCache(263)) - created bucket: buc-69484 of layout FILE_SYSTEM_OPTIMIZED in volume: vol-22158
2023-03-15 06:53:36,667 [OM StateMachine ApplyTransaction Thread - 0] INFO  snapshot.OMSnapshotCreateRequest (OMSnapshotCreateRequest.java:validateAndUpdateCache(204)) - Created snapshot '2252c0a4-a41c-43ea-8ce6-674f872c1fa4' under path 'vol-22158/buc-69484'
2023-03-15 06:53:36,668 [OM StateMachine ApplyTransaction Thread - 0] INFO  snapshot.OMSnapshotCreateRequest (OMSnapshotCreateRequest.java:validateAndUpdateCache(204)) - Created snapshot '2252c0a4-a41c-43ea-8ce6-674f872c1fa4' under path 'vol-22158/buc-69484'
2023-03-15 06:53:36,668 [OM StateMachine ApplyTransaction Thread - 0] INFO  snapshot.OMSnapshotCreateRequest (OMSnapshotCreateRequest.java:validateAndUpdateCache(204)) - Created snapshot '2252c0a4-a41c-43ea-8ce6-674f872c1fa4' under path 'vol-22158/buc-69484'
2023-03-15 06:53:36,721 [OMDoubleBufferFlushThread] INFO  db.RDBCheckpointManager (RDBCheckpointManager.java:createCheckpoint(96)) - Created checkpoint in rocksDB at /home/runner/work/ozone/ozone/hadoop-ozone/integration-test/target/test-dir/MiniOzoneClusterImpl-8d40f1f0-3e23-4273-879b-a609159ae6a4/omNode-3/db.snapshots/om.db-80a5ef58-d460-4009-8540-f58e42979616 in 49 milliseconds
2023-03-15 06:53:36,723 [OMDoubleBufferFlushThread] INFO  db.RDBCheckpointManager (RDBCheckpointManager.java:createCheckpoint(96)) - Created checkpoint in rocksDB at /home/runner/work/ozone/ozone/hadoop-ozone/integration-test/target/test-dir/MiniOzoneClusterImpl-8d40f1f0-3e23-4273-879b-a609159ae6a4/omNode-1/db.snapshots/om.db-80a5ef58-d460-4009-8540-f58e42979616 in 53 milliseconds
2023-03-15 06:53:36,727 [OMDoubleBufferFlushThread] INFO  db.RDBCheckpointManager (RDBCheckpointManager.java:waitForCheckpointDirectoryExist(125)) - Waited for 6 milliseconds for checkpoint directory /home/runner/work/ozone/ozone/hadoop-ozone/integration-test/target/test-dir/MiniOzoneClusterImpl-8d40f1f0-3e23-4273-879b-a609159ae6a4/omNode-3/db.snapshots/om.db-80a5ef58-d460-4009-8540-f58e42979616 availability.
2023-03-15 06:53:36,727 [OMDoubleBufferFlushThread] INFO  om.OmSnapshotManager (OmSnapshotManager.java:createOmSnapshotCheckpoint(170)) - Created checkpoint : /home/runner/work/ozone/ozone/hadoop-ozone/integration-test/target/test-dir/MiniOzoneClusterImpl-8d40f1f0-3e23-4273-879b-a609159ae6a4/omNode-3/db.snapshots/om.db-80a5ef58-d460-4009-8540-f58e42979616 for snapshot 2252c0a4-a41c-43ea-8ce6-674f872c1fa4
2023-03-15 06:53:36,728 [OMDoubleBufferFlushThread] INFO  db.RDBCheckpointManager (RDBCheckpointManager.java:waitForCheckpointDirectoryExist(125)) - Waited for 5 milliseconds for checkpoint directory /home/runner/work/ozone/ozone/hadoop-ozone/integration-test/target/test-dir/MiniOzoneClusterImpl-8d40f1f0-3e23-4273-879b-a609159ae6a4/omNode-1/db.snapshots/om.db-80a5ef58-d460-4009-8540-f58e42979616 availability.
2023-03-15 06:53:36,728 [OMDoubleBufferFlushThread] INFO  om.OmSnapshotManager (OmSnapshotManager.java:createOmSnapshotCheckpoint(170)) - Created checkpoint : /home/runner/work/ozone/ozone/hadoop-ozone/integration-test/target/test-dir/MiniOzoneClusterImpl-8d40f1f0-3e23-4273-879b-a609159ae6a4/omNode-1/db.snapshots/om.db-80a5ef58-d460-4009-8540-f58e42979616 for snapshot 2252c0a4-a41c-43ea-8ce6-674f872c1fa4
2023-03-15 06:53:36,746 [OMDoubleBufferFlushThread] INFO  db.RDBCheckpointManager (RDBCheckpointManager.java:createCheckpoint(96)) - Created checkpoint in rocksDB at /home/runner/work/ozone/ozone/hadoop-ozone/integration-test/target/test-dir/MiniOzoneClusterImpl-8d40f1f0-3e23-4273-879b-a609159ae6a4/omNode-2/db.snapshots/om.db-80a5ef58-d460-4009-8540-f58e42979616 in 75 milliseconds
2023-03-15 06:53:36,746 [OMDoubleBufferFlushThread] INFO  db.RDBCheckpointManager (RDBCheckpointManager.java:waitForCheckpointDirectoryExist(125)) - Waited for 0 milliseconds for checkpoint directory /home/runner/work/ozone/ozone/hadoop-ozone/integration-test/target/test-dir/MiniOzoneClusterImpl-8d40f1f0-3e23-4273-879b-a609159ae6a4/omNode-2/db.snapshots/om.db-80a5ef58-d460-4009-8540-f58e42979616 availability.
2023-03-15 06:53:36,746 [OMDoubleBufferFlushThread] INFO  om.OmSnapshotManager (OmSnapshotManager.java:createOmSnapshotCheckpoint(170)) - Created checkpoint : /home/runner/work/ozone/ozone/hadoop-ozone/integration-test/target/test-dir/MiniOzoneClusterImpl-8d40f1f0-3e23-4273-879b-a609159ae6a4/omNode-2/db.snapshots/om.db-80a5ef58-d460-4009-8540-f58e42979616 for snapshot 2252c0a4-a41c-43ea-8ce6-674f872c1fa4
2023-03-15 06:53:37,677 [IPC Server handler 7 on default port 34801] WARN  server.ServerUtils (ServerUtils.java:getDBPath(225)) - ozone.om.db.dirs is not configured. We recommend adding this setting. Falling back to ozone.metadata.dirs instead.
2023-03-15 06:53:37,678 [IPC Server handler 7 on default port 34801] INFO  codec.OmKeyInfoCodec (OmKeyInfoCodec.java:<init>(49)) - OmKeyInfoCodec ignorePipeline = true
2023-03-15 06:53:37,678 [IPC Server handler 7 on default port 34801] INFO  codec.RepeatedOmKeyInfoCodec (RepeatedOmKeyInfoCodec.java:<init>(41)) - RepeatedOmKeyInfoCodec ignorePipeline = true
06:53:37.717 [IPC Server handler 5 on default port 34801] ERROR OMAudit - user=runner | ip=127.0.0.1 | op=GET_FILE_STATUS {volume=vol-22158, bucket=buc-69484, key=key-, dataSize=0, replicationConfig=null} | ret=FAILURE
org.apache.hadoop.ozone.om.exceptions.OMException: Unable to get file status: volume: vol-22158 bucket: buc-69484 key: key-
	at org.apache.hadoop.ozone.om.KeyManagerImpl.getOzoneFileStatusFSO(KeyManagerImpl.java:1320) ~[ozone-manager-1.4.0-SNAPSHOT.jar:?]
	at org.apache.hadoop.ozone.om.KeyManagerImpl.getFileStatus(KeyManagerImpl.java:1112) ~[ozone-manager-1.4.0-SNAPSHOT.jar:?]
	at org.apache.hadoop.ozone.om.OmMetadataReader.getFileStatus(OmMetadataReader.java:288) ~[ozone-manager-1.4.0-SNAPSHOT.jar:?]
	at org.apache.hadoop.ozone.om.OmSnapshot.getFileStatus(OmSnapshot.java:118) ~[ozone-manager-1.4.0-SNAPSHOT.jar:?]
	at org.apache.hadoop.ozone.om.OzoneManager.getFileStatus(OzoneManager.java:3494) ~[ozone-manager-1.4.0-SNAPSHOT.jar:?]
	at org.apache.hadoop.ozone.protocolPB.OzoneManagerRequestHandler.getOzoneFileStatus(OzoneManagerRequestHandler.java:933) ~[ozone-manager-1.4.0-SNAPSHOT.jar:?]
	at org.apache.hadoop.ozone.protocolPB.OzoneManagerRequestHandler.handleReadRequest(OzoneManagerRequestHandler.java:238) ~[ozone-manager-1.4.0-SNAPSHOT.jar:?]
	at org.apache.hadoop.ozone.protocolPB.OzoneManagerProtocolServerSideTranslatorPB.submitReadRequestToOM(OzoneManagerProtocolServerSideTranslatorPB.java:223) ~[ozone-manager-1.4.0-SNAPSHOT.jar:?]
	at org.apache.hadoop.ozone.protocolPB.OzoneManagerProtocolServerSideTranslatorPB.processRequest(OzoneManagerProtocolServerSideTranslatorPB.java:177) ~[ozone-manager-1.4.0-SNAPSHOT.jar:?]
	at org.apache.hadoop.hdds.server.OzoneProtocolMessageDispatcher.processRequest(OzoneProtocolMessageDispatcher.java:87) [hdds-server-framework-1.4.0-SNAPSHOT.jar:?]
	at org.apache.hadoop.ozone.protocolPB.OzoneManagerProtocolServerSideTranslatorPB.submitRequest(OzoneManagerProtocolServerSideTranslatorPB.java:147) [ozone-manager-1.4.0-SNAPSHOT.jar:?]
	at org.apache.hadoop.ozone.protocol.proto.OzoneManagerProtocolProtos$OzoneManagerService$2.callBlockingMethod(OzoneManagerProtocolProtos.java) [ozone-interface-client-1.4.0-SNAPSHOT.jar:?]
	at org.apache.hadoop.ipc.ProtobufRpcEngine$Server.processCall(ProtobufRpcEngine.java:465) [hadoop-common-3.3.4.jar:?]
	at org.apache.hadoop.ipc.ProtobufRpcEngine2$Server$ProtoBufRpcInvoker.call(ProtobufRpcEngine2.java:578) [hadoop-common-3.3.4.jar:?]
	at org.apache.hadoop.ipc.ProtobufRpcEngine2$Server$ProtoBufRpcInvoker.call(ProtobufRpcEngine2.java:556) [hadoop-common-3.3.4.jar:?]
	at org.apache.hadoop.ipc.RPC$Server.call(RPC.java:1093) [hadoop-common-3.3.4.jar:?]
	at org.apache.hadoop.ipc.Server$RpcCall.run(Server.java:1043) [hadoop-common-3.3.4.jar:?]
	at org.apache.hadoop.ipc.Server$RpcCall.run(Server.java:971) [hadoop-common-3.3.4.jar:?]
	at java.security.AccessController.doPrivileged(Native Method) ~[?:1.8.0_362]
	at javax.security.auth.Subject.doAs(Subject.java:422) [?:1.8.0_362]
	at org.apache.hadoop.security.UserGroupInformation.doAs(UserGroupInformation.java:1878) [hadoop-common-3.3.4.jar:?]
	at org.apache.hadoop.ipc.Server$Handler.run(Server.java:2976) [hadoop-common-3.3.4.jar:?]
2023-03-15 06:53:37,723 [OM StateMachine ApplyTransaction Thread - 0] INFO  snapshot.OMSnapshotCreateRequest (OMSnapshotCreateRequest.java:validateAndUpdateCache(204)) - Created snapshot '13b35fed-1706-4494-8302-cb3a249640ed' under path 'vol-22158/buc-69484'
2023-03-15 06:53:37,725 [OM StateMachine ApplyTransaction Thread - 0] INFO  snapshot.OMSnapshotCreateRequest (OMSnapshotCreateRequest.java:validateAndUpdateCache(204)) - Created snapshot '13b35fed-1706-4494-8302-cb3a249640ed' under path 'vol-22158/buc-69484'
2023-03-15 06:53:37,726 [OM StateMachine ApplyTransaction Thread - 0] INFO  snapshot.OMSnapshotCreateRequest (OMSnapshotCreateRequest.java:validateAndUpdateCache(204)) - Created snapshot '13b35fed-1706-4494-8302-cb3a249640ed' under path 'vol-22158/buc-69484'
2023-03-15 06:53:37,771 [OMDoubleBufferFlushThread] INFO  db.RDBCheckpointManager (RDBCheckpointManager.java:createCheckpoint(96)) - Created checkpoint in rocksDB at /home/runner/work/ozone/ozone/hadoop-ozone/integration-test/target/test-dir/MiniOzoneClusterImpl-8d40f1f0-3e23-4273-879b-a609159ae6a4/omNode-1/db.snapshots/om.db-e2e4ec2b-c109-4354-98c1-a362210d090c in 46 milliseconds
2023-03-15 06:53:37,772 [OMDoubleBufferFlushThread] INFO  db.RDBCheckpointManager (RDBCheckpointManager.java:createCheckpoint(96)) - Created checkpoint in rocksDB at /home/runner/work/ozone/ozone/hadoop-ozone/integration-test/target/test-dir/MiniOzoneClusterImpl-8d40f1f0-3e23-4273-879b-a609159ae6a4/omNode-2/db.snapshots/om.db-e2e4ec2b-c109-4354-98c1-a362210d090c in 45 milliseconds
2023-03-15 06:53:37,773 [OMDoubleBufferFlushThread] INFO  db.RDBCheckpointManager (RDBCheckpointManager.java:waitForCheckpointDirectoryExist(125)) - Waited for 1 milliseconds for checkpoint directory /home/runner/work/ozone/ozone/hadoop-ozone/integration-test/target/test-dir/MiniOzoneClusterImpl-8d40f1f0-3e23-4273-879b-a609159ae6a4/omNode-2/db.snapshots/om.db-e2e4ec2b-c109-4354-98c1-a362210d090c availability.
2023-03-15 06:53:37,773 [OMDoubleBufferFlushThread] INFO  om.OmSnapshotManager (OmSnapshotManager.java:createOmSnapshotCheckpoint(170)) - Created checkpoint : /home/runner/work/ozone/ozone/hadoop-ozone/integration-test/target/test-dir/MiniOzoneClusterImpl-8d40f1f0-3e23-4273-879b-a609159ae6a4/omNode-2/db.snapshots/om.db-e2e4ec2b-c109-4354-98c1-a362210d090c for snapshot 13b35fed-1706-4494-8302-cb3a249640ed
2023-03-15 06:53:37,773 [OMDoubleBufferFlushThread] INFO  db.RDBCheckpointManager (RDBCheckpointManager.java:createCheckpoint(96)) - Created checkpoint in rocksDB at /home/runner/work/ozone/ozone/hadoop-ozone/integration-test/target/test-dir/MiniOzoneClusterImpl-8d40f1f0-3e23-4273-879b-a609159ae6a4/omNode-3/db.snapshots/om.db-e2e4ec2b-c109-4354-98c1-a362210d090c in 45 milliseconds
2023-03-15 06:53:37,774 [OMDoubleBufferFlushThread] INFO  db.RDBCheckpointManager (RDBCheckpointManager.java:waitForCheckpointDirectoryExist(125)) - Waited for 0 milliseconds for checkpoint directory /home/runner/work/ozone/ozone/hadoop-ozone/integration-test/target/test-dir/MiniOzoneClusterImpl-8d40f1f0-3e23-4273-879b-a609159ae6a4/omNode-3/db.snapshots/om.db-e2e4ec2b-c109-4354-98c1-a362210d090c availability.
2023-03-15 06:53:37,774 [OMDoubleBufferFlushThread] INFO  om.OmSnapshotManager (OmSnapshotManager.java:createOmSnapshotCheckpoint(170)) - Created checkpoint : /home/runner/work/ozone/ozone/hadoop-ozone/integration-test/target/test-dir/MiniOzoneClusterImpl-8d40f1f0-3e23-4273-879b-a609159ae6a4/omNode-3/db.snapshots/om.db-e2e4ec2b-c109-4354-98c1-a362210d090c for snapshot 13b35fed-1706-4494-8302-cb3a249640ed
2023-03-15 06:53:37,778 [OMDoubleBufferFlushThread] INFO  db.RDBCheckpointManager (RDBCheckpointManager.java:waitForCheckpointDirectoryExist(125)) - Waited for 6 milliseconds for checkpoint directory /home/runner/work/ozone/ozone/hadoop-ozone/integration-test/target/test-dir/MiniOzoneClusterImpl-8d40f1f0-3e23-4273-879b-a609159ae6a4/omNode-1/db.snapshots/om.db-e2e4ec2b-c109-4354-98c1-a362210d090c availability.
2023-03-15 06:53:37,779 [OMDoubleBufferFlushThread] INFO  om.OmSnapshotManager (OmSnapshotManager.java:createOmSnapshotCheckpoint(170)) - Created checkpoint : /home/runner/work/ozone/ozone/hadoop-ozone/integration-test/target/test-dir/MiniOzoneClusterImpl-8d40f1f0-3e23-4273-879b-a609159ae6a4/omNode-1/db.snapshots/om.db-e2e4ec2b-c109-4354-98c1-a362210d090c for snapshot 13b35fed-1706-4494-8302-cb3a249640ed
2023-03-15 06:53:38,725 [IPC Server handler 0 on default port 34801] WARN  server.ServerUtils (ServerUtils.java:getDBPath(225)) - ozone.om.db.dirs is not configured. We recommend adding this setting. Falling back to ozone.metadata.dirs instead.
2023-03-15 06:53:38,726 [IPC Server handler 0 on default port 34801] INFO  codec.OmKeyInfoCodec (OmKeyInfoCodec.java:<init>(49)) - OmKeyInfoCodec ignorePipeline = true
2023-03-15 06:53:38,726 [IPC Server handler 0 on default port 34801] INFO  codec.RepeatedOmKeyInfoCodec (RepeatedOmKeyInfoCodec.java:<init>(41)) - RepeatedOmKeyInfoCodec ignorePipeline = true
]]></system-out>
  </testcase>
  <testcase name="testListDeleteKey" classname="TestOmSnapshot" time="2.18">
    <system-out><![CDATA[2023-03-15 06:54:37,462 [Time-limited test] INFO  rpc.RpcClient (RpcClient.java:createVolume(476)) - Creating Volume: vol-10012, with runner as owner and space quota set to -1 bytes, counts quota set to -1
2023-03-15 06:54:37,464 [OM StateMachine ApplyTransaction Thread - 0] INFO  volume.OMVolumeCreateRequest (OMVolumeCreateRequest.java:validateAndUpdateCache(195)) - created volume:vol-10012 for user:runner
2023-03-15 06:54:37,465 [OM StateMachine ApplyTransaction Thread - 0] INFO  volume.OMVolumeCreateRequest (OMVolumeCreateRequest.java:validateAndUpdateCache(195)) - created volume:vol-10012 for user:runner
2023-03-15 06:54:37,466 [OM StateMachine ApplyTransaction Thread - 0] INFO  volume.OMVolumeCreateRequest (OMVolumeCreateRequest.java:validateAndUpdateCache(195)) - created volume:vol-10012 for user:runner
2023-03-15 06:54:37,472 [Time-limited test] INFO  rpc.RpcClient (RpcClient.java:createBucket(698)) - Creating Bucket: vol-10012/buc-46164, with server-side default bucket layout, runner as owner, Versioning false, Storage Type set to DISK and Encryption set to false, Replication Type set to server-side default replication type, Namespace Quota set to -1, Space Quota set to -1 
2023-03-15 06:54:37,474 [OM StateMachine ApplyTransaction Thread - 0] INFO  bucket.OMBucketCreateRequest (OMBucketCreateRequest.java:validateAndUpdateCache(263)) - created bucket: buc-46164 of layout LEGACY in volume: vol-10012
2023-03-15 06:54:37,475 [OM StateMachine ApplyTransaction Thread - 0] INFO  bucket.OMBucketCreateRequest (OMBucketCreateRequest.java:validateAndUpdateCache(263)) - created bucket: buc-46164 of layout LEGACY in volume: vol-10012
2023-03-15 06:54:37,477 [OM StateMachine ApplyTransaction Thread - 0] INFO  bucket.OMBucketCreateRequest (OMBucketCreateRequest.java:validateAndUpdateCache(263)) - created bucket: buc-46164 of layout LEGACY in volume: vol-10012
2023-03-15 06:54:37,501 [OM StateMachine ApplyTransaction Thread - 0] INFO  snapshot.OMSnapshotCreateRequest (OMSnapshotCreateRequest.java:validateAndUpdateCache(204)) - Created snapshot '9a54e5fa-edd5-463a-b003-e9dd5a765715' under path 'vol-10012/buc-46164'
2023-03-15 06:54:37,502 [OM StateMachine ApplyTransaction Thread - 0] INFO  snapshot.OMSnapshotCreateRequest (OMSnapshotCreateRequest.java:validateAndUpdateCache(204)) - Created snapshot '9a54e5fa-edd5-463a-b003-e9dd5a765715' under path 'vol-10012/buc-46164'
2023-03-15 06:54:37,502 [OM StateMachine ApplyTransaction Thread - 0] INFO  snapshot.OMSnapshotCreateRequest (OMSnapshotCreateRequest.java:validateAndUpdateCache(204)) - Created snapshot '9a54e5fa-edd5-463a-b003-e9dd5a765715' under path 'vol-10012/buc-46164'
2023-03-15 06:54:37,552 [OMDoubleBufferFlushThread] INFO  db.RDBCheckpointManager (RDBCheckpointManager.java:createCheckpoint(96)) - Created checkpoint in rocksDB at /home/runner/work/ozone/ozone/hadoop-ozone/integration-test/target/test-dir/MiniOzoneClusterImpl-88c1a39f-978e-429a-824f-6eda176bb531/omNode-1/db.snapshots/om.db-603d35b6-9539-4396-a48b-3ab4e2f5e6d2 in 48 milliseconds
2023-03-15 06:54:37,555 [OMDoubleBufferFlushThread] INFO  db.RDBCheckpointManager (RDBCheckpointManager.java:waitForCheckpointDirectoryExist(125)) - Waited for 2 milliseconds for checkpoint directory /home/runner/work/ozone/ozone/hadoop-ozone/integration-test/target/test-dir/MiniOzoneClusterImpl-88c1a39f-978e-429a-824f-6eda176bb531/omNode-1/db.snapshots/om.db-603d35b6-9539-4396-a48b-3ab4e2f5e6d2 availability.
2023-03-15 06:54:37,555 [OMDoubleBufferFlushThread] INFO  om.OmSnapshotManager (OmSnapshotManager.java:createOmSnapshotCheckpoint(170)) - Created checkpoint : /home/runner/work/ozone/ozone/hadoop-ozone/integration-test/target/test-dir/MiniOzoneClusterImpl-88c1a39f-978e-429a-824f-6eda176bb531/omNode-1/db.snapshots/om.db-603d35b6-9539-4396-a48b-3ab4e2f5e6d2 for snapshot 9a54e5fa-edd5-463a-b003-e9dd5a765715
2023-03-15 06:54:37,561 [OMDoubleBufferFlushThread] INFO  db.RDBCheckpointManager (RDBCheckpointManager.java:createCheckpoint(96)) - Created checkpoint in rocksDB at /home/runner/work/ozone/ozone/hadoop-ozone/integration-test/target/test-dir/MiniOzoneClusterImpl-88c1a39f-978e-429a-824f-6eda176bb531/omNode-3/db.snapshots/om.db-603d35b6-9539-4396-a48b-3ab4e2f5e6d2 in 56 milliseconds
2023-03-15 06:54:37,562 [OMDoubleBufferFlushThread] INFO  db.RDBCheckpointManager (RDBCheckpointManager.java:waitForCheckpointDirectoryExist(125)) - Waited for 0 milliseconds for checkpoint directory /home/runner/work/ozone/ozone/hadoop-ozone/integration-test/target/test-dir/MiniOzoneClusterImpl-88c1a39f-978e-429a-824f-6eda176bb531/omNode-3/db.snapshots/om.db-603d35b6-9539-4396-a48b-3ab4e2f5e6d2 availability.
2023-03-15 06:54:37,562 [OMDoubleBufferFlushThread] INFO  om.OmSnapshotManager (OmSnapshotManager.java:createOmSnapshotCheckpoint(170)) - Created checkpoint : /home/runner/work/ozone/ozone/hadoop-ozone/integration-test/target/test-dir/MiniOzoneClusterImpl-88c1a39f-978e-429a-824f-6eda176bb531/omNode-3/db.snapshots/om.db-603d35b6-9539-4396-a48b-3ab4e2f5e6d2 for snapshot 9a54e5fa-edd5-463a-b003-e9dd5a765715
2023-03-15 06:54:37,567 [OMDoubleBufferFlushThread] INFO  db.RDBCheckpointManager (RDBCheckpointManager.java:createCheckpoint(96)) - Created checkpoint in rocksDB at /home/runner/work/ozone/ozone/hadoop-ozone/integration-test/target/test-dir/MiniOzoneClusterImpl-88c1a39f-978e-429a-824f-6eda176bb531/omNode-2/db.snapshots/om.db-603d35b6-9539-4396-a48b-3ab4e2f5e6d2 in 62 milliseconds
2023-03-15 06:54:37,567 [OMDoubleBufferFlushThread] INFO  db.RDBCheckpointManager (RDBCheckpointManager.java:waitForCheckpointDirectoryExist(125)) - Waited for 0 milliseconds for checkpoint directory /home/runner/work/ozone/ozone/hadoop-ozone/integration-test/target/test-dir/MiniOzoneClusterImpl-88c1a39f-978e-429a-824f-6eda176bb531/omNode-2/db.snapshots/om.db-603d35b6-9539-4396-a48b-3ab4e2f5e6d2 availability.
2023-03-15 06:54:37,567 [OMDoubleBufferFlushThread] INFO  om.OmSnapshotManager (OmSnapshotManager.java:createOmSnapshotCheckpoint(170)) - Created checkpoint : /home/runner/work/ozone/ozone/hadoop-ozone/integration-test/target/test-dir/MiniOzoneClusterImpl-88c1a39f-978e-429a-824f-6eda176bb531/omNode-2/db.snapshots/om.db-603d35b6-9539-4396-a48b-3ab4e2f5e6d2 for snapshot 9a54e5fa-edd5-463a-b003-e9dd5a765715
2023-03-15 06:54:38,511 [IPC Server handler 0 on default port 43319] WARN  server.ServerUtils (ServerUtils.java:getDBPath(225)) - ozone.om.db.dirs is not configured. We recommend adding this setting. Falling back to ozone.metadata.dirs instead.
2023-03-15 06:54:38,512 [IPC Server handler 0 on default port 43319] INFO  codec.OmKeyInfoCodec (OmKeyInfoCodec.java:<init>(49)) - OmKeyInfoCodec ignorePipeline = true
2023-03-15 06:54:38,512 [IPC Server handler 0 on default port 43319] INFO  codec.RepeatedOmKeyInfoCodec (RepeatedOmKeyInfoCodec.java:<init>(41)) - RepeatedOmKeyInfoCodec ignorePipeline = true
2023-03-15 06:54:38,593 [OM StateMachine ApplyTransaction Thread - 0] INFO  snapshot.OMSnapshotCreateRequest (OMSnapshotCreateRequest.java:validateAndUpdateCache(204)) - Created snapshot 'ed4c898c-1b34-4120-a7e4-649426a0ecf9' under path 'vol-10012/buc-46164'
2023-03-15 06:54:38,594 [OM StateMachine ApplyTransaction Thread - 0] INFO  snapshot.OMSnapshotCreateRequest (OMSnapshotCreateRequest.java:validateAndUpdateCache(204)) - Created snapshot 'ed4c898c-1b34-4120-a7e4-649426a0ecf9' under path 'vol-10012/buc-46164'
2023-03-15 06:54:38,595 [OM StateMachine ApplyTransaction Thread - 0] INFO  snapshot.OMSnapshotCreateRequest (OMSnapshotCreateRequest.java:validateAndUpdateCache(204)) - Created snapshot 'ed4c898c-1b34-4120-a7e4-649426a0ecf9' under path 'vol-10012/buc-46164'
2023-03-15 06:54:38,623 [OMDoubleBufferFlushThread] INFO  db.RDBCheckpointManager (RDBCheckpointManager.java:createCheckpoint(96)) - Created checkpoint in rocksDB at /home/runner/work/ozone/ozone/hadoop-ozone/integration-test/target/test-dir/MiniOzoneClusterImpl-88c1a39f-978e-429a-824f-6eda176bb531/omNode-3/db.snapshots/om.db-226c7039-4200-4c45-a2df-5155fe18a937 in 28 milliseconds
2023-03-15 06:54:38,628 [OMDoubleBufferFlushThread] INFO  db.RDBCheckpointManager (RDBCheckpointManager.java:waitForCheckpointDirectoryExist(125)) - Waited for 5 milliseconds for checkpoint directory /home/runner/work/ozone/ozone/hadoop-ozone/integration-test/target/test-dir/MiniOzoneClusterImpl-88c1a39f-978e-429a-824f-6eda176bb531/omNode-3/db.snapshots/om.db-226c7039-4200-4c45-a2df-5155fe18a937 availability.
2023-03-15 06:54:38,628 [OMDoubleBufferFlushThread] INFO  om.OmSnapshotManager (OmSnapshotManager.java:createOmSnapshotCheckpoint(170)) - Created checkpoint : /home/runner/work/ozone/ozone/hadoop-ozone/integration-test/target/test-dir/MiniOzoneClusterImpl-88c1a39f-978e-429a-824f-6eda176bb531/omNode-3/db.snapshots/om.db-226c7039-4200-4c45-a2df-5155fe18a937 for snapshot ed4c898c-1b34-4120-a7e4-649426a0ecf9
2023-03-15 06:54:38,630 [OMDoubleBufferFlushThread] INFO  db.RDBCheckpointManager (RDBCheckpointManager.java:createCheckpoint(96)) - Created checkpoint in rocksDB at /home/runner/work/ozone/ozone/hadoop-ozone/integration-test/target/test-dir/MiniOzoneClusterImpl-88c1a39f-978e-429a-824f-6eda176bb531/omNode-1/db.snapshots/om.db-226c7039-4200-4c45-a2df-5155fe18a937 in 35 milliseconds
2023-03-15 06:54:38,640 [OMDoubleBufferFlushThread] INFO  db.RDBCheckpointManager (RDBCheckpointManager.java:waitForCheckpointDirectoryExist(125)) - Waited for 10 milliseconds for checkpoint directory /home/runner/work/ozone/ozone/hadoop-ozone/integration-test/target/test-dir/MiniOzoneClusterImpl-88c1a39f-978e-429a-824f-6eda176bb531/omNode-1/db.snapshots/om.db-226c7039-4200-4c45-a2df-5155fe18a937 availability.
2023-03-15 06:54:38,640 [OMDoubleBufferFlushThread] INFO  om.OmSnapshotManager (OmSnapshotManager.java:createOmSnapshotCheckpoint(170)) - Created checkpoint : /home/runner/work/ozone/ozone/hadoop-ozone/integration-test/target/test-dir/MiniOzoneClusterImpl-88c1a39f-978e-429a-824f-6eda176bb531/omNode-1/db.snapshots/om.db-226c7039-4200-4c45-a2df-5155fe18a937 for snapshot ed4c898c-1b34-4120-a7e4-649426a0ecf9
2023-03-15 06:54:38,642 [OMDoubleBufferFlushThread] INFO  db.RDBCheckpointManager (RDBCheckpointManager.java:createCheckpoint(96)) - Created checkpoint in rocksDB at /home/runner/work/ozone/ozone/hadoop-ozone/integration-test/target/test-dir/MiniOzoneClusterImpl-88c1a39f-978e-429a-824f-6eda176bb531/omNode-2/db.snapshots/om.db-226c7039-4200-4c45-a2df-5155fe18a937 in 45 milliseconds
2023-03-15 06:54:38,653 [OMDoubleBufferFlushThread] INFO  db.RDBCheckpointManager (RDBCheckpointManager.java:waitForCheckpointDirectoryExist(125)) - Waited for 11 milliseconds for checkpoint directory /home/runner/work/ozone/ozone/hadoop-ozone/integration-test/target/test-dir/MiniOzoneClusterImpl-88c1a39f-978e-429a-824f-6eda176bb531/omNode-2/db.snapshots/om.db-226c7039-4200-4c45-a2df-5155fe18a937 availability.
2023-03-15 06:54:38,653 [OMDoubleBufferFlushThread] INFO  om.OmSnapshotManager (OmSnapshotManager.java:createOmSnapshotCheckpoint(170)) - Created checkpoint : /home/runner/work/ozone/ozone/hadoop-ozone/integration-test/target/test-dir/MiniOzoneClusterImpl-88c1a39f-978e-429a-824f-6eda176bb531/omNode-2/db.snapshots/om.db-226c7039-4200-4c45-a2df-5155fe18a937 for snapshot ed4c898c-1b34-4120-a7e4-649426a0ecf9
2023-03-15 06:54:39,599 [IPC Server handler 12 on default port 43319] WARN  server.ServerUtils (ServerUtils.java:getDBPath(225)) - ozone.om.db.dirs is not configured. We recommend adding this setting. Falling back to ozone.metadata.dirs instead.
2023-03-15 06:54:39,599 [IPC Server handler 12 on default port 43319] INFO  codec.OmKeyInfoCodec (OmKeyInfoCodec.java:<init>(49)) - OmKeyInfoCodec ignorePipeline = true
2023-03-15 06:54:39,599 [IPC Server handler 12 on default port 43319] INFO  codec.RepeatedOmKeyInfoCodec (RepeatedOmKeyInfoCodec.java:<init>(41)) - RepeatedOmKeyInfoCodec ignorePipeline = true
]]></system-out>
  </testcase>
  <testcase name="testListAddNewKey" classname="TestOmSnapshot" time="2.227">
    <system-out><![CDATA[2023-03-15 06:52:39,168 [Time-limited test] INFO  rpc.RpcClient (RpcClient.java:createVolume(476)) - Creating Volume: vol-57998, with runner as owner and space quota set to -1 bytes, counts quota set to -1
2023-03-15 06:52:39,174 [OM StateMachine ApplyTransaction Thread - 0] INFO  volume.OMVolumeCreateRequest (OMVolumeCreateRequest.java:validateAndUpdateCache(195)) - created volume:vol-57998 for user:runner
2023-03-15 06:52:39,176 [OM StateMachine ApplyTransaction Thread - 0] INFO  volume.OMVolumeCreateRequest (OMVolumeCreateRequest.java:validateAndUpdateCache(195)) - created volume:vol-57998 for user:runner
2023-03-15 06:52:39,176 [OM StateMachine ApplyTransaction Thread - 0] INFO  volume.OMVolumeCreateRequest (OMVolumeCreateRequest.java:validateAndUpdateCache(195)) - created volume:vol-57998 for user:runner
2023-03-15 06:52:39,180 [Time-limited test] INFO  rpc.RpcClient (RpcClient.java:createBucket(698)) - Creating Bucket: vol-57998/buc-81138, with server-side default bucket layout, runner as owner, Versioning false, Storage Type set to DISK and Encryption set to false, Replication Type set to server-side default replication type, Namespace Quota set to -1, Space Quota set to -1 
2023-03-15 06:52:39,183 [OM StateMachine ApplyTransaction Thread - 0] INFO  bucket.OMBucketCreateRequest (OMBucketCreateRequest.java:validateAndUpdateCache(263)) - created bucket: buc-81138 of layout OBJECT_STORE in volume: vol-57998
2023-03-15 06:52:39,184 [OM StateMachine ApplyTransaction Thread - 0] INFO  bucket.OMBucketCreateRequest (OMBucketCreateRequest.java:validateAndUpdateCache(263)) - created bucket: buc-81138 of layout OBJECT_STORE in volume: vol-57998
2023-03-15 06:52:39,185 [OM StateMachine ApplyTransaction Thread - 0] INFO  bucket.OMBucketCreateRequest (OMBucketCreateRequest.java:validateAndUpdateCache(263)) - created bucket: buc-81138 of layout OBJECT_STORE in volume: vol-57998
2023-03-15 06:52:39,225 [OM StateMachine ApplyTransaction Thread - 0] INFO  snapshot.OMSnapshotCreateRequest (OMSnapshotCreateRequest.java:validateAndUpdateCache(204)) - Created snapshot '7dd35599-6ea3-4b8b-a4a4-53a1644af562' under path 'vol-57998/buc-81138'
2023-03-15 06:52:39,229 [OM StateMachine ApplyTransaction Thread - 0] INFO  snapshot.OMSnapshotCreateRequest (OMSnapshotCreateRequest.java:validateAndUpdateCache(204)) - Created snapshot '7dd35599-6ea3-4b8b-a4a4-53a1644af562' under path 'vol-57998/buc-81138'
2023-03-15 06:52:39,229 [OM StateMachine ApplyTransaction Thread - 0] INFO  snapshot.OMSnapshotCreateRequest (OMSnapshotCreateRequest.java:validateAndUpdateCache(204)) - Created snapshot '7dd35599-6ea3-4b8b-a4a4-53a1644af562' under path 'vol-57998/buc-81138'
2023-03-15 06:52:39,270 [OMDoubleBufferFlushThread] INFO  db.RDBCheckpointManager (RDBCheckpointManager.java:createCheckpoint(96)) - Created checkpoint in rocksDB at /home/runner/work/ozone/ozone/hadoop-ozone/integration-test/target/test-dir/MiniOzoneClusterImpl-e79b0a94-dba3-4ba8-a298-d2d15914ceac/omNode-1/db.snapshots/om.db-b7eaa554-f848-4916-a9a2-b73ff6c35c7a in 41 milliseconds
2023-03-15 06:52:39,272 [OMDoubleBufferFlushThread] INFO  db.RDBCheckpointManager (RDBCheckpointManager.java:createCheckpoint(96)) - Created checkpoint in rocksDB at /home/runner/work/ozone/ozone/hadoop-ozone/integration-test/target/test-dir/MiniOzoneClusterImpl-e79b0a94-dba3-4ba8-a298-d2d15914ceac/omNode-2/db.snapshots/om.db-b7eaa554-f848-4916-a9a2-b73ff6c35c7a in 42 milliseconds
2023-03-15 06:52:39,278 [OMDoubleBufferFlushThread] INFO  db.RDBCheckpointManager (RDBCheckpointManager.java:waitForCheckpointDirectoryExist(125)) - Waited for 7 milliseconds for checkpoint directory /home/runner/work/ozone/ozone/hadoop-ozone/integration-test/target/test-dir/MiniOzoneClusterImpl-e79b0a94-dba3-4ba8-a298-d2d15914ceac/omNode-1/db.snapshots/om.db-b7eaa554-f848-4916-a9a2-b73ff6c35c7a availability.
2023-03-15 06:52:39,278 [OMDoubleBufferFlushThread] INFO  om.OmSnapshotManager (OmSnapshotManager.java:createOmSnapshotCheckpoint(170)) - Created checkpoint : /home/runner/work/ozone/ozone/hadoop-ozone/integration-test/target/test-dir/MiniOzoneClusterImpl-e79b0a94-dba3-4ba8-a298-d2d15914ceac/omNode-1/db.snapshots/om.db-b7eaa554-f848-4916-a9a2-b73ff6c35c7a for snapshot 7dd35599-6ea3-4b8b-a4a4-53a1644af562
2023-03-15 06:52:39,280 [OMDoubleBufferFlushThread] INFO  db.RDBCheckpointManager (RDBCheckpointManager.java:waitForCheckpointDirectoryExist(125)) - Waited for 7 milliseconds for checkpoint directory /home/runner/work/ozone/ozone/hadoop-ozone/integration-test/target/test-dir/MiniOzoneClusterImpl-e79b0a94-dba3-4ba8-a298-d2d15914ceac/omNode-2/db.snapshots/om.db-b7eaa554-f848-4916-a9a2-b73ff6c35c7a availability.
2023-03-15 06:52:39,280 [OMDoubleBufferFlushThread] INFO  om.OmSnapshotManager (OmSnapshotManager.java:createOmSnapshotCheckpoint(170)) - Created checkpoint : /home/runner/work/ozone/ozone/hadoop-ozone/integration-test/target/test-dir/MiniOzoneClusterImpl-e79b0a94-dba3-4ba8-a298-d2d15914ceac/omNode-2/db.snapshots/om.db-b7eaa554-f848-4916-a9a2-b73ff6c35c7a for snapshot 7dd35599-6ea3-4b8b-a4a4-53a1644af562
2023-03-15 06:52:39,288 [OMDoubleBufferFlushThread] INFO  db.RDBCheckpointManager (RDBCheckpointManager.java:createCheckpoint(96)) - Created checkpoint in rocksDB at /home/runner/work/ozone/ozone/hadoop-ozone/integration-test/target/test-dir/MiniOzoneClusterImpl-e79b0a94-dba3-4ba8-a298-d2d15914ceac/omNode-3/db.snapshots/om.db-b7eaa554-f848-4916-a9a2-b73ff6c35c7a in 57 milliseconds
2023-03-15 06:52:39,294 [OMDoubleBufferFlushThread] INFO  db.RDBCheckpointManager (RDBCheckpointManager.java:waitForCheckpointDirectoryExist(125)) - Waited for 6 milliseconds for checkpoint directory /home/runner/work/ozone/ozone/hadoop-ozone/integration-test/target/test-dir/MiniOzoneClusterImpl-e79b0a94-dba3-4ba8-a298-d2d15914ceac/omNode-3/db.snapshots/om.db-b7eaa554-f848-4916-a9a2-b73ff6c35c7a availability.
2023-03-15 06:52:39,294 [OMDoubleBufferFlushThread] INFO  om.OmSnapshotManager (OmSnapshotManager.java:createOmSnapshotCheckpoint(170)) - Created checkpoint : /home/runner/work/ozone/ozone/hadoop-ozone/integration-test/target/test-dir/MiniOzoneClusterImpl-e79b0a94-dba3-4ba8-a298-d2d15914ceac/omNode-3/db.snapshots/om.db-b7eaa554-f848-4916-a9a2-b73ff6c35c7a for snapshot 7dd35599-6ea3-4b8b-a4a4-53a1644af562
2023-03-15 06:52:40,270 [OM StateMachine ApplyTransaction Thread - 0] INFO  snapshot.OMSnapshotCreateRequest (OMSnapshotCreateRequest.java:validateAndUpdateCache(204)) - Created snapshot '23bec756-4b76-41a0-8266-c35e9f15d412' under path 'vol-57998/buc-81138'
2023-03-15 06:52:40,272 [OM StateMachine ApplyTransaction Thread - 0] INFO  snapshot.OMSnapshotCreateRequest (OMSnapshotCreateRequest.java:validateAndUpdateCache(204)) - Created snapshot '23bec756-4b76-41a0-8266-c35e9f15d412' under path 'vol-57998/buc-81138'
2023-03-15 06:52:40,273 [OM StateMachine ApplyTransaction Thread - 0] INFO  snapshot.OMSnapshotCreateRequest (OMSnapshotCreateRequest.java:validateAndUpdateCache(204)) - Created snapshot '23bec756-4b76-41a0-8266-c35e9f15d412' under path 'vol-57998/buc-81138'
2023-03-15 06:52:40,302 [OMDoubleBufferFlushThread] INFO  db.RDBCheckpointManager (RDBCheckpointManager.java:createCheckpoint(96)) - Created checkpoint in rocksDB at /home/runner/work/ozone/ozone/hadoop-ozone/integration-test/target/test-dir/MiniOzoneClusterImpl-e79b0a94-dba3-4ba8-a298-d2d15914ceac/omNode-1/db.snapshots/om.db-c79bbeef-8100-4d35-b011-8f8aa87d8420 in 32 milliseconds
2023-03-15 06:52:40,303 [OMDoubleBufferFlushThread] INFO  db.RDBCheckpointManager (RDBCheckpointManager.java:waitForCheckpointDirectoryExist(125)) - Waited for 1 milliseconds for checkpoint directory /home/runner/work/ozone/ozone/hadoop-ozone/integration-test/target/test-dir/MiniOzoneClusterImpl-e79b0a94-dba3-4ba8-a298-d2d15914ceac/omNode-1/db.snapshots/om.db-c79bbeef-8100-4d35-b011-8f8aa87d8420 availability.
2023-03-15 06:52:40,303 [OMDoubleBufferFlushThread] INFO  om.OmSnapshotManager (OmSnapshotManager.java:createOmSnapshotCheckpoint(170)) - Created checkpoint : /home/runner/work/ozone/ozone/hadoop-ozone/integration-test/target/test-dir/MiniOzoneClusterImpl-e79b0a94-dba3-4ba8-a298-d2d15914ceac/omNode-1/db.snapshots/om.db-c79bbeef-8100-4d35-b011-8f8aa87d8420 for snapshot 23bec756-4b76-41a0-8266-c35e9f15d412
2023-03-15 06:52:40,306 [OMDoubleBufferFlushThread] INFO  db.RDBCheckpointManager (RDBCheckpointManager.java:createCheckpoint(96)) - Created checkpoint in rocksDB at /home/runner/work/ozone/ozone/hadoop-ozone/integration-test/target/test-dir/MiniOzoneClusterImpl-e79b0a94-dba3-4ba8-a298-d2d15914ceac/omNode-2/db.snapshots/om.db-c79bbeef-8100-4d35-b011-8f8aa87d8420 in 33 milliseconds
2023-03-15 06:52:40,307 [OMDoubleBufferFlushThread] INFO  db.RDBCheckpointManager (RDBCheckpointManager.java:waitForCheckpointDirectoryExist(125)) - Waited for 1 milliseconds for checkpoint directory /home/runner/work/ozone/ozone/hadoop-ozone/integration-test/target/test-dir/MiniOzoneClusterImpl-e79b0a94-dba3-4ba8-a298-d2d15914ceac/omNode-2/db.snapshots/om.db-c79bbeef-8100-4d35-b011-8f8aa87d8420 availability.
2023-03-15 06:52:40,307 [OMDoubleBufferFlushThread] INFO  om.OmSnapshotManager (OmSnapshotManager.java:createOmSnapshotCheckpoint(170)) - Created checkpoint : /home/runner/work/ozone/ozone/hadoop-ozone/integration-test/target/test-dir/MiniOzoneClusterImpl-e79b0a94-dba3-4ba8-a298-d2d15914ceac/omNode-2/db.snapshots/om.db-c79bbeef-8100-4d35-b011-8f8aa87d8420 for snapshot 23bec756-4b76-41a0-8266-c35e9f15d412
2023-03-15 06:52:40,310 [OMDoubleBufferFlushThread] INFO  db.RDBCheckpointManager (RDBCheckpointManager.java:createCheckpoint(96)) - Created checkpoint in rocksDB at /home/runner/work/ozone/ozone/hadoop-ozone/integration-test/target/test-dir/MiniOzoneClusterImpl-e79b0a94-dba3-4ba8-a298-d2d15914ceac/omNode-3/db.snapshots/om.db-c79bbeef-8100-4d35-b011-8f8aa87d8420 in 36 milliseconds
2023-03-15 06:52:40,311 [OMDoubleBufferFlushThread] INFO  db.RDBCheckpointManager (RDBCheckpointManager.java:waitForCheckpointDirectoryExist(125)) - Waited for 1 milliseconds for checkpoint directory /home/runner/work/ozone/ozone/hadoop-ozone/integration-test/target/test-dir/MiniOzoneClusterImpl-e79b0a94-dba3-4ba8-a298-d2d15914ceac/omNode-3/db.snapshots/om.db-c79bbeef-8100-4d35-b011-8f8aa87d8420 availability.
2023-03-15 06:52:40,311 [OMDoubleBufferFlushThread] INFO  om.OmSnapshotManager (OmSnapshotManager.java:createOmSnapshotCheckpoint(170)) - Created checkpoint : /home/runner/work/ozone/ozone/hadoop-ozone/integration-test/target/test-dir/MiniOzoneClusterImpl-e79b0a94-dba3-4ba8-a298-d2d15914ceac/omNode-3/db.snapshots/om.db-c79bbeef-8100-4d35-b011-8f8aa87d8420 for snapshot 23bec756-4b76-41a0-8266-c35e9f15d412
2023-03-15 06:52:41,272 [IPC Server handler 5 on default port 41075] WARN  server.ServerUtils (ServerUtils.java:getDBPath(225)) - ozone.om.db.dirs is not configured. We recommend adding this setting. Falling back to ozone.metadata.dirs instead.
2023-03-15 06:52:41,272 [IPC Server handler 5 on default port 41075] INFO  codec.OmKeyInfoCodec (OmKeyInfoCodec.java:<init>(49)) - OmKeyInfoCodec ignorePipeline = true
2023-03-15 06:52:41,273 [IPC Server handler 5 on default port 41075] INFO  codec.RepeatedOmKeyInfoCodec (RepeatedOmKeyInfoCodec.java:<init>(41)) - RepeatedOmKeyInfoCodec ignorePipeline = true
2023-03-15 06:52:41,313 [IPC Server handler 6 on default port 41075] WARN  server.ServerUtils (ServerUtils.java:getDBPath(225)) - ozone.om.db.dirs is not configured. We recommend adding this setting. Falling back to ozone.metadata.dirs instead.
2023-03-15 06:52:41,313 [IPC Server handler 6 on default port 41075] INFO  codec.OmKeyInfoCodec (OmKeyInfoCodec.java:<init>(49)) - OmKeyInfoCodec ignorePipeline = true
2023-03-15 06:52:41,314 [IPC Server handler 6 on default port 41075] INFO  codec.RepeatedOmKeyInfoCodec (RepeatedOmKeyInfoCodec.java:<init>(41)) - RepeatedOmKeyInfoCodec ignorePipeline = true
]]></system-out>
  </testcase>
  <testcase name="testListAddNewKey" classname="TestOmSnapshot" time="2.283">
    <system-out><![CDATA[2023-03-15 06:53:38,758 [Time-limited test] INFO  rpc.RpcClient (RpcClient.java:createVolume(476)) - Creating Volume: vol-61975, with runner as owner and space quota set to -1 bytes, counts quota set to -1
2023-03-15 06:53:38,763 [OM StateMachine ApplyTransaction Thread - 0] INFO  volume.OMVolumeCreateRequest (OMVolumeCreateRequest.java:validateAndUpdateCache(195)) - created volume:vol-61975 for user:runner
2023-03-15 06:53:38,763 [OM StateMachine ApplyTransaction Thread - 0] INFO  volume.OMVolumeCreateRequest (OMVolumeCreateRequest.java:validateAndUpdateCache(195)) - created volume:vol-61975 for user:runner
2023-03-15 06:53:38,764 [OM StateMachine ApplyTransaction Thread - 0] INFO  volume.OMVolumeCreateRequest (OMVolumeCreateRequest.java:validateAndUpdateCache(195)) - created volume:vol-61975 for user:runner
2023-03-15 06:53:38,769 [Time-limited test] INFO  rpc.RpcClient (RpcClient.java:createBucket(698)) - Creating Bucket: vol-61975/buc-52261, with server-side default bucket layout, runner as owner, Versioning false, Storage Type set to DISK and Encryption set to false, Replication Type set to server-side default replication type, Namespace Quota set to -1, Space Quota set to -1 
2023-03-15 06:53:38,772 [OM StateMachine ApplyTransaction Thread - 0] INFO  bucket.OMBucketCreateRequest (OMBucketCreateRequest.java:validateAndUpdateCache(263)) - created bucket: buc-52261 of layout FILE_SYSTEM_OPTIMIZED in volume: vol-61975
2023-03-15 06:53:38,774 [OM StateMachine ApplyTransaction Thread - 0] INFO  bucket.OMBucketCreateRequest (OMBucketCreateRequest.java:validateAndUpdateCache(263)) - created bucket: buc-52261 of layout FILE_SYSTEM_OPTIMIZED in volume: vol-61975
2023-03-15 06:53:38,775 [OM StateMachine ApplyTransaction Thread - 0] INFO  bucket.OMBucketCreateRequest (OMBucketCreateRequest.java:validateAndUpdateCache(263)) - created bucket: buc-52261 of layout FILE_SYSTEM_OPTIMIZED in volume: vol-61975
2023-03-15 06:53:38,810 [OM StateMachine ApplyTransaction Thread - 0] INFO  snapshot.OMSnapshotCreateRequest (OMSnapshotCreateRequest.java:validateAndUpdateCache(204)) - Created snapshot 'e82d3454-167c-4648-ae60-7e6f01c1cb24' under path 'vol-61975/buc-52261'
2023-03-15 06:53:38,811 [OM StateMachine ApplyTransaction Thread - 0] INFO  snapshot.OMSnapshotCreateRequest (OMSnapshotCreateRequest.java:validateAndUpdateCache(204)) - Created snapshot 'e82d3454-167c-4648-ae60-7e6f01c1cb24' under path 'vol-61975/buc-52261'
2023-03-15 06:53:38,812 [OM StateMachine ApplyTransaction Thread - 0] INFO  snapshot.OMSnapshotCreateRequest (OMSnapshotCreateRequest.java:validateAndUpdateCache(204)) - Created snapshot 'e82d3454-167c-4648-ae60-7e6f01c1cb24' under path 'vol-61975/buc-52261'
2023-03-15 06:53:38,853 [OMDoubleBufferFlushThread] INFO  db.RDBCheckpointManager (RDBCheckpointManager.java:createCheckpoint(96)) - Created checkpoint in rocksDB at /home/runner/work/ozone/ozone/hadoop-ozone/integration-test/target/test-dir/MiniOzoneClusterImpl-8d40f1f0-3e23-4273-879b-a609159ae6a4/omNode-1/db.snapshots/om.db-9823f31b-c4a3-44b1-9cde-72769d94569a in 41 milliseconds
2023-03-15 06:53:38,854 [OMDoubleBufferFlushThread] INFO  db.RDBCheckpointManager (RDBCheckpointManager.java:waitForCheckpointDirectoryExist(125)) - Waited for 1 milliseconds for checkpoint directory /home/runner/work/ozone/ozone/hadoop-ozone/integration-test/target/test-dir/MiniOzoneClusterImpl-8d40f1f0-3e23-4273-879b-a609159ae6a4/omNode-1/db.snapshots/om.db-9823f31b-c4a3-44b1-9cde-72769d94569a availability.
2023-03-15 06:53:38,854 [OMDoubleBufferFlushThread] INFO  om.OmSnapshotManager (OmSnapshotManager.java:createOmSnapshotCheckpoint(170)) - Created checkpoint : /home/runner/work/ozone/ozone/hadoop-ozone/integration-test/target/test-dir/MiniOzoneClusterImpl-8d40f1f0-3e23-4273-879b-a609159ae6a4/omNode-1/db.snapshots/om.db-9823f31b-c4a3-44b1-9cde-72769d94569a for snapshot e82d3454-167c-4648-ae60-7e6f01c1cb24
2023-03-15 06:53:38,855 [OMDoubleBufferFlushThread] INFO  db.RDBCheckpointManager (RDBCheckpointManager.java:createCheckpoint(96)) - Created checkpoint in rocksDB at /home/runner/work/ozone/ozone/hadoop-ozone/integration-test/target/test-dir/MiniOzoneClusterImpl-8d40f1f0-3e23-4273-879b-a609159ae6a4/omNode-2/db.snapshots/om.db-9823f31b-c4a3-44b1-9cde-72769d94569a in 41 milliseconds
2023-03-15 06:53:38,859 [OMDoubleBufferFlushThread] INFO  db.RDBCheckpointManager (RDBCheckpointManager.java:createCheckpoint(96)) - Created checkpoint in rocksDB at /home/runner/work/ozone/ozone/hadoop-ozone/integration-test/target/test-dir/MiniOzoneClusterImpl-8d40f1f0-3e23-4273-879b-a609159ae6a4/omNode-3/db.snapshots/om.db-9823f31b-c4a3-44b1-9cde-72769d94569a in 45 milliseconds
2023-03-15 06:53:38,861 [OMDoubleBufferFlushThread] INFO  db.RDBCheckpointManager (RDBCheckpointManager.java:waitForCheckpointDirectoryExist(125)) - Waited for 6 milliseconds for checkpoint directory /home/runner/work/ozone/ozone/hadoop-ozone/integration-test/target/test-dir/MiniOzoneClusterImpl-8d40f1f0-3e23-4273-879b-a609159ae6a4/omNode-2/db.snapshots/om.db-9823f31b-c4a3-44b1-9cde-72769d94569a availability.
2023-03-15 06:53:38,861 [OMDoubleBufferFlushThread] INFO  db.RDBCheckpointManager (RDBCheckpointManager.java:waitForCheckpointDirectoryExist(125)) - Waited for 2 milliseconds for checkpoint directory /home/runner/work/ozone/ozone/hadoop-ozone/integration-test/target/test-dir/MiniOzoneClusterImpl-8d40f1f0-3e23-4273-879b-a609159ae6a4/omNode-3/db.snapshots/om.db-9823f31b-c4a3-44b1-9cde-72769d94569a availability.
2023-03-15 06:53:38,861 [OMDoubleBufferFlushThread] INFO  om.OmSnapshotManager (OmSnapshotManager.java:createOmSnapshotCheckpoint(170)) - Created checkpoint : /home/runner/work/ozone/ozone/hadoop-ozone/integration-test/target/test-dir/MiniOzoneClusterImpl-8d40f1f0-3e23-4273-879b-a609159ae6a4/omNode-3/db.snapshots/om.db-9823f31b-c4a3-44b1-9cde-72769d94569a for snapshot e82d3454-167c-4648-ae60-7e6f01c1cb24
2023-03-15 06:53:38,861 [OMDoubleBufferFlushThread] INFO  om.OmSnapshotManager (OmSnapshotManager.java:createOmSnapshotCheckpoint(170)) - Created checkpoint : /home/runner/work/ozone/ozone/hadoop-ozone/integration-test/target/test-dir/MiniOzoneClusterImpl-8d40f1f0-3e23-4273-879b-a609159ae6a4/omNode-2/db.snapshots/om.db-9823f31b-c4a3-44b1-9cde-72769d94569a for snapshot e82d3454-167c-4648-ae60-7e6f01c1cb24
2023-03-15 06:53:39,876 [OM StateMachine ApplyTransaction Thread - 0] INFO  snapshot.OMSnapshotCreateRequest (OMSnapshotCreateRequest.java:validateAndUpdateCache(204)) - Created snapshot '72d14a62-e8da-4d76-845c-e5a669d5b4c8' under path 'vol-61975/buc-52261'
2023-03-15 06:53:39,878 [OM StateMachine ApplyTransaction Thread - 0] INFO  snapshot.OMSnapshotCreateRequest (OMSnapshotCreateRequest.java:validateAndUpdateCache(204)) - Created snapshot '72d14a62-e8da-4d76-845c-e5a669d5b4c8' under path 'vol-61975/buc-52261'
2023-03-15 06:53:39,879 [OM StateMachine ApplyTransaction Thread - 0] INFO  snapshot.OMSnapshotCreateRequest (OMSnapshotCreateRequest.java:validateAndUpdateCache(204)) - Created snapshot '72d14a62-e8da-4d76-845c-e5a669d5b4c8' under path 'vol-61975/buc-52261'
2023-03-15 06:53:39,913 [OMDoubleBufferFlushThread] INFO  db.RDBCheckpointManager (RDBCheckpointManager.java:createCheckpoint(96)) - Created checkpoint in rocksDB at /home/runner/work/ozone/ozone/hadoop-ozone/integration-test/target/test-dir/MiniOzoneClusterImpl-8d40f1f0-3e23-4273-879b-a609159ae6a4/omNode-3/db.snapshots/om.db-edf6271c-db2f-4379-9fb0-035772b9bba5 in 30 milliseconds
2023-03-15 06:53:39,915 [OMDoubleBufferFlushThread] INFO  db.RDBCheckpointManager (RDBCheckpointManager.java:waitForCheckpointDirectoryExist(125)) - Waited for 2 milliseconds for checkpoint directory /home/runner/work/ozone/ozone/hadoop-ozone/integration-test/target/test-dir/MiniOzoneClusterImpl-8d40f1f0-3e23-4273-879b-a609159ae6a4/omNode-3/db.snapshots/om.db-edf6271c-db2f-4379-9fb0-035772b9bba5 availability.
2023-03-15 06:53:39,915 [OMDoubleBufferFlushThread] INFO  om.OmSnapshotManager (OmSnapshotManager.java:createOmSnapshotCheckpoint(170)) - Created checkpoint : /home/runner/work/ozone/ozone/hadoop-ozone/integration-test/target/test-dir/MiniOzoneClusterImpl-8d40f1f0-3e23-4273-879b-a609159ae6a4/omNode-3/db.snapshots/om.db-edf6271c-db2f-4379-9fb0-035772b9bba5 for snapshot 72d14a62-e8da-4d76-845c-e5a669d5b4c8
2023-03-15 06:53:39,916 [OMDoubleBufferFlushThread] INFO  db.RDBCheckpointManager (RDBCheckpointManager.java:createCheckpoint(96)) - Created checkpoint in rocksDB at /home/runner/work/ozone/ozone/hadoop-ozone/integration-test/target/test-dir/MiniOzoneClusterImpl-8d40f1f0-3e23-4273-879b-a609159ae6a4/omNode-1/db.snapshots/om.db-edf6271c-db2f-4379-9fb0-035772b9bba5 in 37 milliseconds
2023-03-15 06:53:39,919 [OMDoubleBufferFlushThread] INFO  db.RDBCheckpointManager (RDBCheckpointManager.java:waitForCheckpointDirectoryExist(125)) - Waited for 2 milliseconds for checkpoint directory /home/runner/work/ozone/ozone/hadoop-ozone/integration-test/target/test-dir/MiniOzoneClusterImpl-8d40f1f0-3e23-4273-879b-a609159ae6a4/omNode-1/db.snapshots/om.db-edf6271c-db2f-4379-9fb0-035772b9bba5 availability.
2023-03-15 06:53:39,919 [OMDoubleBufferFlushThread] INFO  om.OmSnapshotManager (OmSnapshotManager.java:createOmSnapshotCheckpoint(170)) - Created checkpoint : /home/runner/work/ozone/ozone/hadoop-ozone/integration-test/target/test-dir/MiniOzoneClusterImpl-8d40f1f0-3e23-4273-879b-a609159ae6a4/omNode-1/db.snapshots/om.db-edf6271c-db2f-4379-9fb0-035772b9bba5 for snapshot 72d14a62-e8da-4d76-845c-e5a669d5b4c8
2023-03-15 06:53:39,927 [OMDoubleBufferFlushThread] INFO  db.RDBCheckpointManager (RDBCheckpointManager.java:createCheckpoint(96)) - Created checkpoint in rocksDB at /home/runner/work/ozone/ozone/hadoop-ozone/integration-test/target/test-dir/MiniOzoneClusterImpl-8d40f1f0-3e23-4273-879b-a609159ae6a4/omNode-2/db.snapshots/om.db-edf6271c-db2f-4379-9fb0-035772b9bba5 in 44 milliseconds
2023-03-15 06:53:39,928 [OMDoubleBufferFlushThread] INFO  db.RDBCheckpointManager (RDBCheckpointManager.java:waitForCheckpointDirectoryExist(125)) - Waited for 1 milliseconds for checkpoint directory /home/runner/work/ozone/ozone/hadoop-ozone/integration-test/target/test-dir/MiniOzoneClusterImpl-8d40f1f0-3e23-4273-879b-a609159ae6a4/omNode-2/db.snapshots/om.db-edf6271c-db2f-4379-9fb0-035772b9bba5 availability.
2023-03-15 06:53:39,928 [OMDoubleBufferFlushThread] INFO  om.OmSnapshotManager (OmSnapshotManager.java:createOmSnapshotCheckpoint(170)) - Created checkpoint : /home/runner/work/ozone/ozone/hadoop-ozone/integration-test/target/test-dir/MiniOzoneClusterImpl-8d40f1f0-3e23-4273-879b-a609159ae6a4/omNode-2/db.snapshots/om.db-edf6271c-db2f-4379-9fb0-035772b9bba5 for snapshot 72d14a62-e8da-4d76-845c-e5a669d5b4c8
2023-03-15 06:53:40,878 [IPC Server handler 8 on default port 34801] WARN  server.ServerUtils (ServerUtils.java:getDBPath(225)) - ozone.om.db.dirs is not configured. We recommend adding this setting. Falling back to ozone.metadata.dirs instead.
2023-03-15 06:53:40,879 [IPC Server handler 8 on default port 34801] INFO  codec.OmKeyInfoCodec (OmKeyInfoCodec.java:<init>(49)) - OmKeyInfoCodec ignorePipeline = true
2023-03-15 06:53:40,879 [IPC Server handler 8 on default port 34801] INFO  codec.RepeatedOmKeyInfoCodec (RepeatedOmKeyInfoCodec.java:<init>(41)) - RepeatedOmKeyInfoCodec ignorePipeline = true
06:53:40.914 [IPC Server handler 18 on default port 34801] ERROR OMAudit - user=runner | ip=127.0.0.1 | op=GET_FILE_STATUS {volume=vol-61975, bucket=buc-52261, key=key-, dataSize=0, replicationConfig=null} | ret=FAILURE
org.apache.hadoop.ozone.om.exceptions.OMException: Unable to get file status: volume: vol-61975 bucket: buc-52261 key: key-
	at org.apache.hadoop.ozone.om.KeyManagerImpl.getOzoneFileStatusFSO(KeyManagerImpl.java:1320) ~[ozone-manager-1.4.0-SNAPSHOT.jar:?]
	at org.apache.hadoop.ozone.om.KeyManagerImpl.getFileStatus(KeyManagerImpl.java:1112) ~[ozone-manager-1.4.0-SNAPSHOT.jar:?]
	at org.apache.hadoop.ozone.om.OmMetadataReader.getFileStatus(OmMetadataReader.java:288) ~[ozone-manager-1.4.0-SNAPSHOT.jar:?]
	at org.apache.hadoop.ozone.om.OmSnapshot.getFileStatus(OmSnapshot.java:118) ~[ozone-manager-1.4.0-SNAPSHOT.jar:?]
	at org.apache.hadoop.ozone.om.OzoneManager.getFileStatus(OzoneManager.java:3494) ~[ozone-manager-1.4.0-SNAPSHOT.jar:?]
	at org.apache.hadoop.ozone.protocolPB.OzoneManagerRequestHandler.getOzoneFileStatus(OzoneManagerRequestHandler.java:933) ~[ozone-manager-1.4.0-SNAPSHOT.jar:?]
	at org.apache.hadoop.ozone.protocolPB.OzoneManagerRequestHandler.handleReadRequest(OzoneManagerRequestHandler.java:238) ~[ozone-manager-1.4.0-SNAPSHOT.jar:?]
	at org.apache.hadoop.ozone.protocolPB.OzoneManagerProtocolServerSideTranslatorPB.submitReadRequestToOM(OzoneManagerProtocolServerSideTranslatorPB.java:223) ~[ozone-manager-1.4.0-SNAPSHOT.jar:?]
	at org.apache.hadoop.ozone.protocolPB.OzoneManagerProtocolServerSideTranslatorPB.processRequest(OzoneManagerProtocolServerSideTranslatorPB.java:177) ~[ozone-manager-1.4.0-SNAPSHOT.jar:?]
	at org.apache.hadoop.hdds.server.OzoneProtocolMessageDispatcher.processRequest(OzoneProtocolMessageDispatcher.java:87) [hdds-server-framework-1.4.0-SNAPSHOT.jar:?]
	at org.apache.hadoop.ozone.protocolPB.OzoneManagerProtocolServerSideTranslatorPB.submitRequest(OzoneManagerProtocolServerSideTranslatorPB.java:147) [ozone-manager-1.4.0-SNAPSHOT.jar:?]
	at org.apache.hadoop.ozone.protocol.proto.OzoneManagerProtocolProtos$OzoneManagerService$2.callBlockingMethod(OzoneManagerProtocolProtos.java) [ozone-interface-client-1.4.0-SNAPSHOT.jar:?]
	at org.apache.hadoop.ipc.ProtobufRpcEngine$Server.processCall(ProtobufRpcEngine.java:465) [hadoop-common-3.3.4.jar:?]
	at org.apache.hadoop.ipc.ProtobufRpcEngine2$Server$ProtoBufRpcInvoker.call(ProtobufRpcEngine2.java:578) [hadoop-common-3.3.4.jar:?]
	at org.apache.hadoop.ipc.ProtobufRpcEngine2$Server$ProtoBufRpcInvoker.call(ProtobufRpcEngine2.java:556) [hadoop-common-3.3.4.jar:?]
	at org.apache.hadoop.ipc.RPC$Server.call(RPC.java:1093) [hadoop-common-3.3.4.jar:?]
	at org.apache.hadoop.ipc.Server$RpcCall.run(Server.java:1043) [hadoop-common-3.3.4.jar:?]
	at org.apache.hadoop.ipc.Server$RpcCall.run(Server.java:971) [hadoop-common-3.3.4.jar:?]
	at java.security.AccessController.doPrivileged(Native Method) ~[?:1.8.0_362]
	at javax.security.auth.Subject.doAs(Subject.java:422) [?:1.8.0_362]
	at org.apache.hadoop.security.UserGroupInformation.doAs(UserGroupInformation.java:1878) [hadoop-common-3.3.4.jar:?]
	at org.apache.hadoop.ipc.Server$Handler.run(Server.java:2976) [hadoop-common-3.3.4.jar:?]
2023-03-15 06:53:40,917 [IPC Server handler 12 on default port 34801] WARN  server.ServerUtils (ServerUtils.java:getDBPath(225)) - ozone.om.db.dirs is not configured. We recommend adding this setting. Falling back to ozone.metadata.dirs instead.
2023-03-15 06:53:40,918 [IPC Server handler 12 on default port 34801] INFO  codec.OmKeyInfoCodec (OmKeyInfoCodec.java:<init>(49)) - OmKeyInfoCodec ignorePipeline = true
2023-03-15 06:53:40,918 [IPC Server handler 12 on default port 34801] INFO  codec.RepeatedOmKeyInfoCodec (RepeatedOmKeyInfoCodec.java:<init>(41)) - RepeatedOmKeyInfoCodec ignorePipeline = true
2023-03-15 06:53:40,963 [Finalizer] WARN  managed.ManagedRocksObjectUtils (ManagedRocksObjectUtils.java:assertClosed(54)) - RocksIterator is not closed properly
2023-03-15 06:53:40,963 [Finalizer] WARN  managed.ManagedRocksObjectUtils (ManagedRocksObjectUtils.java:assertClosed(54)) - RocksIterator is not closed properly
2023-03-15 06:53:40,963 [Finalizer] WARN  managed.ManagedRocksObjectUtils (ManagedRocksObjectUtils.java:assertClosed(54)) - RocksIterator is not closed properly
2023-03-15 06:53:40,963 [Finalizer] WARN  managed.ManagedRocksObjectUtils (ManagedRocksObjectUtils.java:assertClosed(54)) - RocksIterator is not closed properly
2023-03-15 06:53:40,963 [Finalizer] WARN  managed.ManagedRocksObjectUtils (ManagedRocksObjectUtils.java:assertClosed(54)) - RocksIterator is not closed properly
2023-03-15 06:53:40,963 [Finalizer] WARN  managed.ManagedRocksObjectUtils (ManagedRocksObjectUtils.java:assertClosed(54)) - RocksIterator is not closed properly
2023-03-15 06:53:40,963 [Finalizer] WARN  managed.ManagedRocksObjectUtils (ManagedRocksObjectUtils.java:assertClosed(54)) - RocksIterator is not closed properly
2023-03-15 06:53:40,963 [Finalizer] WARN  managed.ManagedRocksObjectUtils (ManagedRocksObjectUtils.java:assertClosed(54)) - RocksIterator is not closed properly
2023-03-15 06:53:40,964 [Finalizer] WARN  managed.ManagedRocksObjectUtils (ManagedRocksObjectUtils.java:assertClosed(54)) - RocksIterator is not closed properly
2023-03-15 06:53:40,964 [Finalizer] WARN  managed.ManagedRocksObjectUtils (ManagedRocksObjectUtils.java:assertClosed(54)) - RocksIterator is not closed properly
2023-03-15 06:53:40,964 [Finalizer] WARN  managed.ManagedRocksObjectUtils (ManagedRocksObjectUtils.java:assertClosed(54)) - RocksIterator is not closed properly
2023-03-15 06:53:40,964 [Finalizer] WARN  managed.ManagedRocksObjectUtils (ManagedRocksObjectUtils.java:assertClosed(54)) - RocksIterator is not closed properly
2023-03-15 06:53:40,964 [Finalizer] WARN  managed.ManagedRocksObjectUtils (ManagedRocksObjectUtils.java:assertClosed(54)) - RocksIterator is not closed properly
2023-03-15 06:53:40,964 [Finalizer] WARN  managed.ManagedRocksObjectUtils (ManagedRocksObjectUtils.java:assertClosed(54)) - RocksIterator is not closed properly
2023-03-15 06:53:40,964 [Finalizer] WARN  managed.ManagedRocksObjectUtils (ManagedRocksObjectUtils.java:assertClosed(54)) - RocksIterator is not closed properly
2023-03-15 06:53:40,964 [Finalizer] WARN  managed.ManagedRocksObjectUtils (ManagedRocksObjectUtils.java:assertClosed(54)) - RocksIterator is not closed properly
2023-03-15 06:53:40,964 [Finalizer] WARN  managed.ManagedRocksObjectUtils (ManagedRocksObjectUtils.java:assertClosed(54)) - RocksIterator is not closed properly
2023-03-15 06:53:40,964 [Finalizer] WARN  managed.ManagedRocksObjectUtils (ManagedRocksObjectUtils.java:assertClosed(54)) - RocksIterator is not closed properly
2023-03-15 06:53:40,964 [Finalizer] WARN  managed.ManagedRocksObjectUtils (ManagedRocksObjectUtils.java:assertClosed(54)) - RocksIterator is not closed properly
2023-03-15 06:53:40,964 [Finalizer] WARN  managed.ManagedRocksObjectUtils (ManagedRocksObjectUtils.java:assertClosed(54)) - RocksIterator is not closed properly
2023-03-15 06:53:40,964 [Finalizer] WARN  managed.ManagedRocksObjectUtils (ManagedRocksObjectUtils.java:assertClosed(54)) - RocksIterator is not closed properly
2023-03-15 06:53:40,964 [Finalizer] WARN  managed.ManagedRocksObjectUtils (ManagedRocksObjectUtils.java:assertClosed(54)) - RocksIterator is not closed properly
2023-03-15 06:53:40,964 [Finalizer] WARN  managed.ManagedRocksObjectUtils (ManagedRocksObjectUtils.java:assertClosed(54)) - RocksIterator is not closed properly
2023-03-15 06:53:40,964 [Finalizer] WARN  managed.ManagedRocksObjectUtils (ManagedRocksObjectUtils.java:assertClosed(54)) - RocksIterator is not closed properly
2023-03-15 06:53:40,964 [Finalizer] WARN  managed.ManagedRocksObjectUtils (ManagedRocksObjectUtils.java:assertClosed(54)) - RocksIterator is not closed properly
2023-03-15 06:53:40,964 [Finalizer] WARN  managed.ManagedRocksObjectUtils (ManagedRocksObjectUtils.java:assertClosed(54)) - RocksIterator is not closed properly
2023-03-15 06:53:40,964 [Finalizer] WARN  managed.ManagedRocksObjectUtils (ManagedRocksObjectUtils.java:assertClosed(54)) - RocksIterator is not closed properly
2023-03-15 06:53:40,964 [Finalizer] WARN  managed.ManagedRocksObjectUtils (ManagedRocksObjectUtils.java:assertClosed(54)) - RocksIterator is not closed properly
2023-03-15 06:53:40,964 [Finalizer] WARN  managed.ManagedRocksObjectUtils (ManagedRocksObjectUtils.java:assertClosed(54)) - RocksIterator is not closed properly
2023-03-15 06:53:40,964 [Finalizer] WARN  managed.ManagedRocksObjectUtils (ManagedRocksObjectUtils.java:assertClosed(54)) - RocksIterator is not closed properly
2023-03-15 06:53:40,964 [Finalizer] WARN  managed.ManagedRocksObjectUtils (ManagedRocksObjectUtils.java:assertClosed(54)) - RocksIterator is not closed properly
2023-03-15 06:53:40,964 [Finalizer] WARN  managed.ManagedRocksObjectUtils (ManagedRocksObjectUtils.java:assertClosed(54)) - RocksIterator is not closed properly
2023-03-15 06:53:40,965 [Finalizer] WARN  managed.ManagedRocksObjectUtils (ManagedRocksObjectUtils.java:assertClosed(54)) - RocksIterator is not closed properly
2023-03-15 06:53:40,965 [Finalizer] WARN  managed.ManagedRocksObjectUtils (ManagedRocksObjectUtils.java:assertClosed(54)) - RocksIterator is not closed properly
2023-03-15 06:53:40,965 [Finalizer] WARN  managed.ManagedRocksObjectUtils (ManagedRocksObjectUtils.java:assertClosed(54)) - RocksIterator is not closed properly
2023-03-15 06:53:40,965 [Finalizer] WARN  managed.ManagedRocksObjectUtils (ManagedRocksObjectUtils.java:assertClosed(54)) - RocksIterator is not closed properly
2023-03-15 06:53:40,965 [Finalizer] WARN  managed.ManagedRocksObjectUtils (ManagedRocksObjectUtils.java:assertClosed(54)) - RocksIterator is not closed properly
2023-03-15 06:53:40,965 [Finalizer] WARN  managed.ManagedRocksObjectUtils (ManagedRocksObjectUtils.java:assertClosed(54)) - ManagedColumnFamilyOptions is not closed properly
2023-03-15 06:53:40,965 [Finalizer] WARN  managed.ManagedRocksObjectUtils (ManagedRocksObjectUtils.java:assertClosed(54)) - ManagedColumnFamilyOptions is not closed properly
2023-03-15 06:53:40,965 [Finalizer] WARN  managed.ManagedRocksObjectUtils (ManagedRocksObjectUtils.java:assertClosed(54)) - ManagedColumnFamilyOptions is not closed properly
2023-03-15 06:53:40,965 [Finalizer] WARN  managed.ManagedRocksObjectUtils (ManagedRocksObjectUtils.java:assertClosed(54)) - ManagedColumnFamilyOptions is not closed properly
2023-03-15 06:53:40,965 [Finalizer] WARN  managed.ManagedRocksObjectUtils (ManagedRocksObjectUtils.java:assertClosed(54)) - ManagedColumnFamilyOptions is not closed properly
2023-03-15 06:53:40,965 [Finalizer] WARN  managed.ManagedRocksObjectUtils (ManagedRocksObjectUtils.java:assertClosed(54)) - ManagedColumnFamilyOptions is not closed properly
2023-03-15 06:53:40,965 [Finalizer] WARN  managed.ManagedRocksObjectUtils (ManagedRocksObjectUtils.java:assertClosed(54)) - ManagedColumnFamilyOptions is not closed properly
2023-03-15 06:53:40,965 [Finalizer] WARN  managed.ManagedRocksObjectUtils (ManagedRocksObjectUtils.java:assertClosed(54)) - ManagedColumnFamilyOptions is not closed properly
2023-03-15 06:53:40,965 [Finalizer] WARN  managed.ManagedRocksObjectUtils (ManagedRocksObjectUtils.java:assertClosed(54)) - RocksIterator is not closed properly
2023-03-15 06:53:40,965 [Finalizer] WARN  managed.ManagedRocksObjectUtils (ManagedRocksObjectUtils.java:assertClosed(54)) - RocksIterator is not closed properly
2023-03-15 06:53:40,965 [Finalizer] WARN  managed.ManagedRocksObjectUtils (ManagedRocksObjectUtils.java:assertClosed(54)) - RocksIterator is not closed properly
2023-03-15 06:53:40,965 [Finalizer] WARN  managed.ManagedRocksObjectUtils (ManagedRocksObjectUtils.java:assertClosed(54)) - RocksIterator is not closed properly
2023-03-15 06:53:40,965 [Finalizer] WARN  managed.ManagedRocksObjectUtils (ManagedRocksObjectUtils.java:assertClosed(54)) - RocksIterator is not closed properly
2023-03-15 06:53:40,965 [Finalizer] WARN  managed.ManagedRocksObjectUtils (ManagedRocksObjectUtils.java:assertClosed(54)) - RocksIterator is not closed properly
2023-03-15 06:53:40,965 [Finalizer] WARN  managed.ManagedRocksObjectUtils (ManagedRocksObjectUtils.java:assertClosed(54)) - RocksIterator is not closed properly
2023-03-15 06:53:40,965 [Finalizer] WARN  managed.ManagedRocksObjectUtils (ManagedRocksObjectUtils.java:assertClosed(54)) - RocksIterator is not closed properly
2023-03-15 06:53:40,965 [Finalizer] WARN  managed.ManagedRocksObjectUtils (ManagedRocksObjectUtils.java:assertClosed(54)) - RocksIterator is not closed properly
2023-03-15 06:53:40,965 [Finalizer] WARN  managed.ManagedRocksObjectUtils (ManagedRocksObjectUtils.java:assertClosed(54)) - RocksIterator is not closed properly
2023-03-15 06:53:40,965 [Finalizer] WARN  managed.ManagedRocksObjectUtils (ManagedRocksObjectUtils.java:assertClosed(54)) - RocksIterator is not closed properly
2023-03-15 06:53:40,965 [Finalizer] WARN  managed.ManagedRocksObjectUtils (ManagedRocksObjectUtils.java:assertClosed(54)) - RocksIterator is not closed properly
2023-03-15 06:53:40,965 [Finalizer] WARN  managed.ManagedRocksObjectUtils (ManagedRocksObjectUtils.java:assertClosed(54)) - RocksIterator is not closed properly
2023-03-15 06:53:40,965 [Finalizer] WARN  managed.ManagedRocksObjectUtils (ManagedRocksObjectUtils.java:assertClosed(54)) - RocksIterator is not closed properly
2023-03-15 06:53:40,965 [Finalizer] WARN  managed.ManagedRocksObjectUtils (ManagedRocksObjectUtils.java:assertClosed(54)) - RocksIterator is not closed properly
2023-03-15 06:53:40,965 [Finalizer] WARN  managed.ManagedRocksObjectUtils (ManagedRocksObjectUtils.java:assertClosed(54)) - RocksIterator is not closed properly
2023-03-15 06:53:40,965 [Finalizer] WARN  managed.ManagedRocksObjectUtils (ManagedRocksObjectUtils.java:assertClosed(54)) - RocksIterator is not closed properly
2023-03-15 06:53:40,965 [Finalizer] WARN  managed.ManagedRocksObjectUtils (ManagedRocksObjectUtils.java:assertClosed(54)) - RocksIterator is not closed properly
2023-03-15 06:53:40,966 [Finalizer] WARN  managed.ManagedRocksObjectUtils (ManagedRocksObjectUtils.java:assertClosed(54)) - RocksIterator is not closed properly
2023-03-15 06:53:40,966 [Finalizer] WARN  managed.ManagedRocksObjectUtils (ManagedRocksObjectUtils.java:assertClosed(54)) - RocksIterator is not closed properly
2023-03-15 06:53:40,966 [Finalizer] WARN  managed.ManagedRocksObjectUtils (ManagedRocksObjectUtils.java:assertClosed(54)) - RocksIterator is not closed properly
2023-03-15 06:53:40,966 [Finalizer] WARN  managed.ManagedRocksObjectUtils (ManagedRocksObjectUtils.java:assertClosed(54)) - RocksIterator is not closed properly
2023-03-15 06:53:40,966 [Finalizer] WARN  managed.ManagedRocksObjectUtils (ManagedRocksObjectUtils.java:assertClosed(54)) - RocksIterator is not closed properly
06:53:41.026 [IPC Server handler 11 on default port 34801] ERROR OMAudit - user=runner | ip=127.0.0.1 | op=GET_FILE_STATUS {volume=vol-61975, bucket=buc-52261, key=key-, dataSize=0, replicationConfig=null} | ret=FAILURE
org.apache.hadoop.ozone.om.exceptions.OMException: Unable to get file status: volume: vol-61975 bucket: buc-52261 key: key-
	at org.apache.hadoop.ozone.om.KeyManagerImpl.getOzoneFileStatusFSO(KeyManagerImpl.java:1320) ~[ozone-manager-1.4.0-SNAPSHOT.jar:?]
	at org.apache.hadoop.ozone.om.KeyManagerImpl.getFileStatus(KeyManagerImpl.java:1112) ~[ozone-manager-1.4.0-SNAPSHOT.jar:?]
	at org.apache.hadoop.ozone.om.OmMetadataReader.getFileStatus(OmMetadataReader.java:288) ~[ozone-manager-1.4.0-SNAPSHOT.jar:?]
	at org.apache.hadoop.ozone.om.OmSnapshot.getFileStatus(OmSnapshot.java:118) ~[ozone-manager-1.4.0-SNAPSHOT.jar:?]
	at org.apache.hadoop.ozone.om.OzoneManager.getFileStatus(OzoneManager.java:3494) ~[ozone-manager-1.4.0-SNAPSHOT.jar:?]
	at org.apache.hadoop.ozone.protocolPB.OzoneManagerRequestHandler.getOzoneFileStatus(OzoneManagerRequestHandler.java:933) ~[ozone-manager-1.4.0-SNAPSHOT.jar:?]
	at org.apache.hadoop.ozone.protocolPB.OzoneManagerRequestHandler.handleReadRequest(OzoneManagerRequestHandler.java:238) ~[ozone-manager-1.4.0-SNAPSHOT.jar:?]
	at org.apache.hadoop.ozone.protocolPB.OzoneManagerProtocolServerSideTranslatorPB.submitReadRequestToOM(OzoneManagerProtocolServerSideTranslatorPB.java:223) ~[ozone-manager-1.4.0-SNAPSHOT.jar:?]
	at org.apache.hadoop.ozone.protocolPB.OzoneManagerProtocolServerSideTranslatorPB.processRequest(OzoneManagerProtocolServerSideTranslatorPB.java:177) ~[ozone-manager-1.4.0-SNAPSHOT.jar:?]
	at org.apache.hadoop.hdds.server.OzoneProtocolMessageDispatcher.processRequest(OzoneProtocolMessageDispatcher.java:87) [hdds-server-framework-1.4.0-SNAPSHOT.jar:?]
	at org.apache.hadoop.ozone.protocolPB.OzoneManagerProtocolServerSideTranslatorPB.submitRequest(OzoneManagerProtocolServerSideTranslatorPB.java:147) [ozone-manager-1.4.0-SNAPSHOT.jar:?]
	at org.apache.hadoop.ozone.protocol.proto.OzoneManagerProtocolProtos$OzoneManagerService$2.callBlockingMethod(OzoneManagerProtocolProtos.java) [ozone-interface-client-1.4.0-SNAPSHOT.jar:?]
	at org.apache.hadoop.ipc.ProtobufRpcEngine$Server.processCall(ProtobufRpcEngine.java:465) [hadoop-common-3.3.4.jar:?]
	at org.apache.hadoop.ipc.ProtobufRpcEngine2$Server$ProtoBufRpcInvoker.call(ProtobufRpcEngine2.java:578) [hadoop-common-3.3.4.jar:?]
	at org.apache.hadoop.ipc.ProtobufRpcEngine2$Server$ProtoBufRpcInvoker.call(ProtobufRpcEngine2.java:556) [hadoop-common-3.3.4.jar:?]
	at org.apache.hadoop.ipc.RPC$Server.call(RPC.java:1093) [hadoop-common-3.3.4.jar:?]
	at org.apache.hadoop.ipc.Server$RpcCall.run(Server.java:1043) [hadoop-common-3.3.4.jar:?]
	at org.apache.hadoop.ipc.Server$RpcCall.run(Server.java:971) [hadoop-common-3.3.4.jar:?]
	at java.security.AccessController.doPrivileged(Native Method) ~[?:1.8.0_362]
	at javax.security.auth.Subject.doAs(Subject.java:422) [?:1.8.0_362]
	at org.apache.hadoop.security.UserGroupInformation.doAs(UserGroupInformation.java:1878) [hadoop-common-3.3.4.jar:?]
	at org.apache.hadoop.ipc.Server$Handler.run(Server.java:2976) [hadoop-common-3.3.4.jar:?]
]]></system-out>
  </testcase>
  <testcase name="testListAddNewKey" classname="TestOmSnapshot" time="2.216">
    <system-out><![CDATA[2023-03-15 06:54:39,638 [Time-limited test] INFO  rpc.RpcClient (RpcClient.java:createVolume(476)) - Creating Volume: vol-86031, with runner as owner and space quota set to -1 bytes, counts quota set to -1
2023-03-15 06:54:39,642 [OM StateMachine ApplyTransaction Thread - 0] INFO  volume.OMVolumeCreateRequest (OMVolumeCreateRequest.java:validateAndUpdateCache(195)) - created volume:vol-86031 for user:runner
2023-03-15 06:54:39,643 [OM StateMachine ApplyTransaction Thread - 0] INFO  volume.OMVolumeCreateRequest (OMVolumeCreateRequest.java:validateAndUpdateCache(195)) - created volume:vol-86031 for user:runner
2023-03-15 06:54:39,644 [OM StateMachine ApplyTransaction Thread - 0] INFO  volume.OMVolumeCreateRequest (OMVolumeCreateRequest.java:validateAndUpdateCache(195)) - created volume:vol-86031 for user:runner
2023-03-15 06:54:39,646 [Time-limited test] INFO  rpc.RpcClient (RpcClient.java:createBucket(698)) - Creating Bucket: vol-86031/buc-20903, with server-side default bucket layout, runner as owner, Versioning false, Storage Type set to DISK and Encryption set to false, Replication Type set to server-side default replication type, Namespace Quota set to -1, Space Quota set to -1 
2023-03-15 06:54:39,649 [OM StateMachine ApplyTransaction Thread - 0] INFO  bucket.OMBucketCreateRequest (OMBucketCreateRequest.java:validateAndUpdateCache(263)) - created bucket: buc-20903 of layout LEGACY in volume: vol-86031
2023-03-15 06:54:39,650 [OM StateMachine ApplyTransaction Thread - 0] INFO  bucket.OMBucketCreateRequest (OMBucketCreateRequest.java:validateAndUpdateCache(263)) - created bucket: buc-20903 of layout LEGACY in volume: vol-86031
2023-03-15 06:54:39,650 [OM StateMachine ApplyTransaction Thread - 0] INFO  bucket.OMBucketCreateRequest (OMBucketCreateRequest.java:validateAndUpdateCache(263)) - created bucket: buc-20903 of layout LEGACY in volume: vol-86031
2023-03-15 06:54:39,681 [OM StateMachine ApplyTransaction Thread - 0] INFO  snapshot.OMSnapshotCreateRequest (OMSnapshotCreateRequest.java:validateAndUpdateCache(204)) - Created snapshot '70128b1e-b242-45d2-a097-71db35549487' under path 'vol-86031/buc-20903'
2023-03-15 06:54:39,682 [OM StateMachine ApplyTransaction Thread - 0] INFO  snapshot.OMSnapshotCreateRequest (OMSnapshotCreateRequest.java:validateAndUpdateCache(204)) - Created snapshot '70128b1e-b242-45d2-a097-71db35549487' under path 'vol-86031/buc-20903'
2023-03-15 06:54:39,683 [OM StateMachine ApplyTransaction Thread - 0] INFO  snapshot.OMSnapshotCreateRequest (OMSnapshotCreateRequest.java:validateAndUpdateCache(204)) - Created snapshot '70128b1e-b242-45d2-a097-71db35549487' under path 'vol-86031/buc-20903'
2023-03-15 06:54:39,721 [OMDoubleBufferFlushThread] INFO  db.RDBCheckpointManager (RDBCheckpointManager.java:createCheckpoint(96)) - Created checkpoint in rocksDB at /home/runner/work/ozone/ozone/hadoop-ozone/integration-test/target/test-dir/MiniOzoneClusterImpl-88c1a39f-978e-429a-824f-6eda176bb531/omNode-3/db.snapshots/om.db-f9910bbf-1316-4a47-9029-16879421ba42 in 39 milliseconds
2023-03-15 06:54:39,722 [OMDoubleBufferFlushThread] INFO  db.RDBCheckpointManager (RDBCheckpointManager.java:waitForCheckpointDirectoryExist(125)) - Waited for 1 milliseconds for checkpoint directory /home/runner/work/ozone/ozone/hadoop-ozone/integration-test/target/test-dir/MiniOzoneClusterImpl-88c1a39f-978e-429a-824f-6eda176bb531/omNode-3/db.snapshots/om.db-f9910bbf-1316-4a47-9029-16879421ba42 availability.
2023-03-15 06:54:39,722 [OMDoubleBufferFlushThread] INFO  om.OmSnapshotManager (OmSnapshotManager.java:createOmSnapshotCheckpoint(170)) - Created checkpoint : /home/runner/work/ozone/ozone/hadoop-ozone/integration-test/target/test-dir/MiniOzoneClusterImpl-88c1a39f-978e-429a-824f-6eda176bb531/omNode-3/db.snapshots/om.db-f9910bbf-1316-4a47-9029-16879421ba42 for snapshot 70128b1e-b242-45d2-a097-71db35549487
2023-03-15 06:54:39,730 [OMDoubleBufferFlushThread] INFO  db.RDBCheckpointManager (RDBCheckpointManager.java:createCheckpoint(96)) - Created checkpoint in rocksDB at /home/runner/work/ozone/ozone/hadoop-ozone/integration-test/target/test-dir/MiniOzoneClusterImpl-88c1a39f-978e-429a-824f-6eda176bb531/omNode-2/db.snapshots/om.db-f9910bbf-1316-4a47-9029-16879421ba42 in 46 milliseconds
2023-03-15 06:54:39,730 [OMDoubleBufferFlushThread] INFO  db.RDBCheckpointManager (RDBCheckpointManager.java:createCheckpoint(96)) - Created checkpoint in rocksDB at /home/runner/work/ozone/ozone/hadoop-ozone/integration-test/target/test-dir/MiniOzoneClusterImpl-88c1a39f-978e-429a-824f-6eda176bb531/omNode-1/db.snapshots/om.db-f9910bbf-1316-4a47-9029-16879421ba42 in 46 milliseconds
2023-03-15 06:54:39,730 [OMDoubleBufferFlushThread] INFO  db.RDBCheckpointManager (RDBCheckpointManager.java:waitForCheckpointDirectoryExist(125)) - Waited for 0 milliseconds for checkpoint directory /home/runner/work/ozone/ozone/hadoop-ozone/integration-test/target/test-dir/MiniOzoneClusterImpl-88c1a39f-978e-429a-824f-6eda176bb531/omNode-1/db.snapshots/om.db-f9910bbf-1316-4a47-9029-16879421ba42 availability.
2023-03-15 06:54:39,730 [OMDoubleBufferFlushThread] INFO  om.OmSnapshotManager (OmSnapshotManager.java:createOmSnapshotCheckpoint(170)) - Created checkpoint : /home/runner/work/ozone/ozone/hadoop-ozone/integration-test/target/test-dir/MiniOzoneClusterImpl-88c1a39f-978e-429a-824f-6eda176bb531/omNode-1/db.snapshots/om.db-f9910bbf-1316-4a47-9029-16879421ba42 for snapshot 70128b1e-b242-45d2-a097-71db35549487
2023-03-15 06:54:39,731 [OMDoubleBufferFlushThread] INFO  db.RDBCheckpointManager (RDBCheckpointManager.java:waitForCheckpointDirectoryExist(125)) - Waited for 1 milliseconds for checkpoint directory /home/runner/work/ozone/ozone/hadoop-ozone/integration-test/target/test-dir/MiniOzoneClusterImpl-88c1a39f-978e-429a-824f-6eda176bb531/omNode-2/db.snapshots/om.db-f9910bbf-1316-4a47-9029-16879421ba42 availability.
2023-03-15 06:54:39,731 [OMDoubleBufferFlushThread] INFO  om.OmSnapshotManager (OmSnapshotManager.java:createOmSnapshotCheckpoint(170)) - Created checkpoint : /home/runner/work/ozone/ozone/hadoop-ozone/integration-test/target/test-dir/MiniOzoneClusterImpl-88c1a39f-978e-429a-824f-6eda176bb531/omNode-2/db.snapshots/om.db-f9910bbf-1316-4a47-9029-16879421ba42 for snapshot 70128b1e-b242-45d2-a097-71db35549487
2023-03-15 06:54:40,724 [OM StateMachine ApplyTransaction Thread - 0] INFO  snapshot.OMSnapshotCreateRequest (OMSnapshotCreateRequest.java:validateAndUpdateCache(204)) - Created snapshot '0b33dcfe-dfec-4595-9ec7-ce00e9baaedf' under path 'vol-86031/buc-20903'
2023-03-15 06:54:40,726 [OM StateMachine ApplyTransaction Thread - 0] INFO  snapshot.OMSnapshotCreateRequest (OMSnapshotCreateRequest.java:validateAndUpdateCache(204)) - Created snapshot '0b33dcfe-dfec-4595-9ec7-ce00e9baaedf' under path 'vol-86031/buc-20903'
2023-03-15 06:54:40,727 [OM StateMachine ApplyTransaction Thread - 0] INFO  snapshot.OMSnapshotCreateRequest (OMSnapshotCreateRequest.java:validateAndUpdateCache(204)) - Created snapshot '0b33dcfe-dfec-4595-9ec7-ce00e9baaedf' under path 'vol-86031/buc-20903'
2023-03-15 06:54:40,760 [OMDoubleBufferFlushThread] INFO  db.RDBCheckpointManager (RDBCheckpointManager.java:createCheckpoint(96)) - Created checkpoint in rocksDB at /home/runner/work/ozone/ozone/hadoop-ozone/integration-test/target/test-dir/MiniOzoneClusterImpl-88c1a39f-978e-429a-824f-6eda176bb531/omNode-3/db.snapshots/om.db-9ba81eb6-7b20-4d2f-84dc-7fb6b7ef2396 in 32 milliseconds
2023-03-15 06:54:40,761 [OMDoubleBufferFlushThread] INFO  db.RDBCheckpointManager (RDBCheckpointManager.java:waitForCheckpointDirectoryExist(125)) - Waited for 1 milliseconds for checkpoint directory /home/runner/work/ozone/ozone/hadoop-ozone/integration-test/target/test-dir/MiniOzoneClusterImpl-88c1a39f-978e-429a-824f-6eda176bb531/omNode-3/db.snapshots/om.db-9ba81eb6-7b20-4d2f-84dc-7fb6b7ef2396 availability.
2023-03-15 06:54:40,761 [OMDoubleBufferFlushThread] INFO  om.OmSnapshotManager (OmSnapshotManager.java:createOmSnapshotCheckpoint(170)) - Created checkpoint : /home/runner/work/ozone/ozone/hadoop-ozone/integration-test/target/test-dir/MiniOzoneClusterImpl-88c1a39f-978e-429a-824f-6eda176bb531/omNode-3/db.snapshots/om.db-9ba81eb6-7b20-4d2f-84dc-7fb6b7ef2396 for snapshot 0b33dcfe-dfec-4595-9ec7-ce00e9baaedf
2023-03-15 06:54:40,762 [OMDoubleBufferFlushThread] INFO  db.RDBCheckpointManager (RDBCheckpointManager.java:createCheckpoint(96)) - Created checkpoint in rocksDB at /home/runner/work/ozone/ozone/hadoop-ozone/integration-test/target/test-dir/MiniOzoneClusterImpl-88c1a39f-978e-429a-824f-6eda176bb531/omNode-2/db.snapshots/om.db-9ba81eb6-7b20-4d2f-84dc-7fb6b7ef2396 in 33 milliseconds
2023-03-15 06:54:40,763 [OMDoubleBufferFlushThread] INFO  db.RDBCheckpointManager (RDBCheckpointManager.java:waitForCheckpointDirectoryExist(125)) - Waited for 1 milliseconds for checkpoint directory /home/runner/work/ozone/ozone/hadoop-ozone/integration-test/target/test-dir/MiniOzoneClusterImpl-88c1a39f-978e-429a-824f-6eda176bb531/omNode-2/db.snapshots/om.db-9ba81eb6-7b20-4d2f-84dc-7fb6b7ef2396 availability.
2023-03-15 06:54:40,763 [OMDoubleBufferFlushThread] INFO  om.OmSnapshotManager (OmSnapshotManager.java:createOmSnapshotCheckpoint(170)) - Created checkpoint : /home/runner/work/ozone/ozone/hadoop-ozone/integration-test/target/test-dir/MiniOzoneClusterImpl-88c1a39f-978e-429a-824f-6eda176bb531/omNode-2/db.snapshots/om.db-9ba81eb6-7b20-4d2f-84dc-7fb6b7ef2396 for snapshot 0b33dcfe-dfec-4595-9ec7-ce00e9baaedf
2023-03-15 06:54:40,765 [OMDoubleBufferFlushThread] INFO  db.RDBCheckpointManager (RDBCheckpointManager.java:createCheckpoint(96)) - Created checkpoint in rocksDB at /home/runner/work/ozone/ozone/hadoop-ozone/integration-test/target/test-dir/MiniOzoneClusterImpl-88c1a39f-978e-429a-824f-6eda176bb531/omNode-1/db.snapshots/om.db-9ba81eb6-7b20-4d2f-84dc-7fb6b7ef2396 in 39 milliseconds
2023-03-15 06:54:40,766 [OMDoubleBufferFlushThread] INFO  db.RDBCheckpointManager (RDBCheckpointManager.java:waitForCheckpointDirectoryExist(125)) - Waited for 1 milliseconds for checkpoint directory /home/runner/work/ozone/ozone/hadoop-ozone/integration-test/target/test-dir/MiniOzoneClusterImpl-88c1a39f-978e-429a-824f-6eda176bb531/omNode-1/db.snapshots/om.db-9ba81eb6-7b20-4d2f-84dc-7fb6b7ef2396 availability.
2023-03-15 06:54:40,766 [OMDoubleBufferFlushThread] INFO  om.OmSnapshotManager (OmSnapshotManager.java:createOmSnapshotCheckpoint(170)) - Created checkpoint : /home/runner/work/ozone/ozone/hadoop-ozone/integration-test/target/test-dir/MiniOzoneClusterImpl-88c1a39f-978e-429a-824f-6eda176bb531/omNode-1/db.snapshots/om.db-9ba81eb6-7b20-4d2f-84dc-7fb6b7ef2396 for snapshot 0b33dcfe-dfec-4595-9ec7-ce00e9baaedf
2023-03-15 06:54:41,726 [IPC Server handler 3 on default port 43319] WARN  server.ServerUtils (ServerUtils.java:getDBPath(225)) - ozone.om.db.dirs is not configured. We recommend adding this setting. Falling back to ozone.metadata.dirs instead.
2023-03-15 06:54:41,727 [IPC Server handler 3 on default port 43319] INFO  codec.OmKeyInfoCodec (OmKeyInfoCodec.java:<init>(49)) - OmKeyInfoCodec ignorePipeline = true
2023-03-15 06:54:41,727 [IPC Server handler 3 on default port 43319] INFO  codec.RepeatedOmKeyInfoCodec (RepeatedOmKeyInfoCodec.java:<init>(41)) - RepeatedOmKeyInfoCodec ignorePipeline = true
2023-03-15 06:54:41,771 [IPC Server handler 8 on default port 43319] WARN  server.ServerUtils (ServerUtils.java:getDBPath(225)) - ozone.om.db.dirs is not configured. We recommend adding this setting. Falling back to ozone.metadata.dirs instead.
2023-03-15 06:54:41,772 [IPC Server handler 8 on default port 43319] INFO  codec.OmKeyInfoCodec (OmKeyInfoCodec.java:<init>(49)) - OmKeyInfoCodec ignorePipeline = true
2023-03-15 06:54:41,772 [IPC Server handler 8 on default port 43319] INFO  codec.RepeatedOmKeyInfoCodec (RepeatedOmKeyInfoCodec.java:<init>(41)) - RepeatedOmKeyInfoCodec ignorePipeline = true
]]></system-out>
  </testcase>
  <testcase name="testSnapDiff" classname="TestOmSnapshot" time="5.822">
    <system-out><![CDATA[2023-03-15 06:52:41,400 [Time-limited test] INFO  rpc.RpcClient (RpcClient.java:createVolume(476)) - Creating Volume: vol-64262, with runner as owner and space quota set to -1 bytes, counts quota set to -1
2023-03-15 06:52:41,404 [OM StateMachine ApplyTransaction Thread - 0] INFO  volume.OMVolumeCreateRequest (OMVolumeCreateRequest.java:validateAndUpdateCache(195)) - created volume:vol-64262 for user:runner
2023-03-15 06:52:41,406 [OM StateMachine ApplyTransaction Thread - 0] INFO  volume.OMVolumeCreateRequest (OMVolumeCreateRequest.java:validateAndUpdateCache(195)) - created volume:vol-64262 for user:runner
2023-03-15 06:52:41,407 [OM StateMachine ApplyTransaction Thread - 0] INFO  volume.OMVolumeCreateRequest (OMVolumeCreateRequest.java:validateAndUpdateCache(195)) - created volume:vol-64262 for user:runner
2023-03-15 06:52:41,408 [Time-limited test] INFO  rpc.RpcClient (RpcClient.java:createBucket(698)) - Creating Bucket: vol-64262/buck-91652, with server-side default bucket layout, runner as owner, Versioning false, Storage Type set to DISK and Encryption set to false, Replication Type set to server-side default replication type, Namespace Quota set to -1, Space Quota set to -1 
2023-03-15 06:52:41,412 [OM StateMachine ApplyTransaction Thread - 0] INFO  bucket.OMBucketCreateRequest (OMBucketCreateRequest.java:validateAndUpdateCache(263)) - created bucket: buck-91652 of layout OBJECT_STORE in volume: vol-64262
2023-03-15 06:52:41,414 [OM StateMachine ApplyTransaction Thread - 0] INFO  bucket.OMBucketCreateRequest (OMBucketCreateRequest.java:validateAndUpdateCache(263)) - created bucket: buck-91652 of layout OBJECT_STORE in volume: vol-64262
2023-03-15 06:52:41,415 [OM StateMachine ApplyTransaction Thread - 0] INFO  bucket.OMBucketCreateRequest (OMBucketCreateRequest.java:validateAndUpdateCache(263)) - created bucket: buck-91652 of layout OBJECT_STORE in volume: vol-64262
2023-03-15 06:52:41,463 [OM StateMachine ApplyTransaction Thread - 0] INFO  snapshot.OMSnapshotCreateRequest (OMSnapshotCreateRequest.java:validateAndUpdateCache(204)) - Created snapshot 'snap88289' under path 'vol-64262/buck-91652'
2023-03-15 06:52:41,467 [OM StateMachine ApplyTransaction Thread - 0] INFO  snapshot.OMSnapshotCreateRequest (OMSnapshotCreateRequest.java:validateAndUpdateCache(204)) - Created snapshot 'snap88289' under path 'vol-64262/buck-91652'
2023-03-15 06:52:41,467 [OM StateMachine ApplyTransaction Thread - 0] INFO  snapshot.OMSnapshotCreateRequest (OMSnapshotCreateRequest.java:validateAndUpdateCache(204)) - Created snapshot 'snap88289' under path 'vol-64262/buck-91652'
2023-03-15 06:52:41,508 [OMDoubleBufferFlushThread] INFO  db.RDBCheckpointManager (RDBCheckpointManager.java:createCheckpoint(96)) - Created checkpoint in rocksDB at /home/runner/work/ozone/ozone/hadoop-ozone/integration-test/target/test-dir/MiniOzoneClusterImpl-e79b0a94-dba3-4ba8-a298-d2d15914ceac/omNode-1/db.snapshots/om.db-f10e8769-b982-42a7-b441-821dbac9cdfd in 43 milliseconds
2023-03-15 06:52:41,509 [OMDoubleBufferFlushThread] INFO  db.RDBCheckpointManager (RDBCheckpointManager.java:waitForCheckpointDirectoryExist(125)) - Waited for 0 milliseconds for checkpoint directory /home/runner/work/ozone/ozone/hadoop-ozone/integration-test/target/test-dir/MiniOzoneClusterImpl-e79b0a94-dba3-4ba8-a298-d2d15914ceac/omNode-1/db.snapshots/om.db-f10e8769-b982-42a7-b441-821dbac9cdfd availability.
2023-03-15 06:52:41,509 [OMDoubleBufferFlushThread] INFO  om.OmSnapshotManager (OmSnapshotManager.java:createOmSnapshotCheckpoint(170)) - Created checkpoint : /home/runner/work/ozone/ozone/hadoop-ozone/integration-test/target/test-dir/MiniOzoneClusterImpl-e79b0a94-dba3-4ba8-a298-d2d15914ceac/omNode-1/db.snapshots/om.db-f10e8769-b982-42a7-b441-821dbac9cdfd for snapshot snap88289
2023-03-15 06:52:41,516 [OMDoubleBufferFlushThread] INFO  db.RDBCheckpointManager (RDBCheckpointManager.java:createCheckpoint(96)) - Created checkpoint in rocksDB at /home/runner/work/ozone/ozone/hadoop-ozone/integration-test/target/test-dir/MiniOzoneClusterImpl-e79b0a94-dba3-4ba8-a298-d2d15914ceac/omNode-3/db.snapshots/om.db-f10e8769-b982-42a7-b441-821dbac9cdfd in 47 milliseconds
2023-03-15 06:52:41,517 [OMDoubleBufferFlushThread] INFO  db.RDBCheckpointManager (RDBCheckpointManager.java:waitForCheckpointDirectoryExist(125)) - Waited for 1 milliseconds for checkpoint directory /home/runner/work/ozone/ozone/hadoop-ozone/integration-test/target/test-dir/MiniOzoneClusterImpl-e79b0a94-dba3-4ba8-a298-d2d15914ceac/omNode-3/db.snapshots/om.db-f10e8769-b982-42a7-b441-821dbac9cdfd availability.
2023-03-15 06:52:41,517 [OMDoubleBufferFlushThread] INFO  om.OmSnapshotManager (OmSnapshotManager.java:createOmSnapshotCheckpoint(170)) - Created checkpoint : /home/runner/work/ozone/ozone/hadoop-ozone/integration-test/target/test-dir/MiniOzoneClusterImpl-e79b0a94-dba3-4ba8-a298-d2d15914ceac/omNode-3/db.snapshots/om.db-f10e8769-b982-42a7-b441-821dbac9cdfd for snapshot snap88289
2023-03-15 06:52:41,522 [OMDoubleBufferFlushThread] INFO  db.RDBCheckpointManager (RDBCheckpointManager.java:createCheckpoint(96)) - Created checkpoint in rocksDB at /home/runner/work/ozone/ozone/hadoop-ozone/integration-test/target/test-dir/MiniOzoneClusterImpl-e79b0a94-dba3-4ba8-a298-d2d15914ceac/omNode-2/db.snapshots/om.db-f10e8769-b982-42a7-b441-821dbac9cdfd in 53 milliseconds
2023-03-15 06:52:41,523 [OMDoubleBufferFlushThread] INFO  db.RDBCheckpointManager (RDBCheckpointManager.java:waitForCheckpointDirectoryExist(125)) - Waited for 1 milliseconds for checkpoint directory /home/runner/work/ozone/ozone/hadoop-ozone/integration-test/target/test-dir/MiniOzoneClusterImpl-e79b0a94-dba3-4ba8-a298-d2d15914ceac/omNode-2/db.snapshots/om.db-f10e8769-b982-42a7-b441-821dbac9cdfd availability.
2023-03-15 06:52:41,523 [OMDoubleBufferFlushThread] INFO  om.OmSnapshotManager (OmSnapshotManager.java:createOmSnapshotCheckpoint(170)) - Created checkpoint : /home/runner/work/ozone/ozone/hadoop-ozone/integration-test/target/test-dir/MiniOzoneClusterImpl-e79b0a94-dba3-4ba8-a298-d2d15914ceac/omNode-2/db.snapshots/om.db-f10e8769-b982-42a7-b441-821dbac9cdfd for snapshot snap88289
2023-03-15 06:52:42,469 [OM StateMachine ApplyTransaction Thread - 0] INFO  snapshot.OMSnapshotCreateRequest (OMSnapshotCreateRequest.java:validateAndUpdateCache(204)) - Created snapshot 'snap02156' under path 'vol-64262/buck-91652'
2023-03-15 06:52:42,470 [OM StateMachine ApplyTransaction Thread - 0] INFO  snapshot.OMSnapshotCreateRequest (OMSnapshotCreateRequest.java:validateAndUpdateCache(204)) - Created snapshot 'snap02156' under path 'vol-64262/buck-91652'
2023-03-15 06:52:42,472 [OM StateMachine ApplyTransaction Thread - 0] INFO  snapshot.OMSnapshotCreateRequest (OMSnapshotCreateRequest.java:validateAndUpdateCache(204)) - Created snapshot 'snap02156' under path 'vol-64262/buck-91652'
2023-03-15 06:52:42,766 [Finalizer] WARN  managed.ManagedRocksObjectUtils (ManagedRocksObjectUtils.java:assertClosed(54)) - RocksIterator is not closed properly
2023-03-15 06:52:42,766 [Finalizer] WARN  managed.ManagedRocksObjectUtils (ManagedRocksObjectUtils.java:assertClosed(54)) - RocksIterator is not closed properly
2023-03-15 06:52:42,767 [Finalizer] WARN  managed.ManagedRocksObjectUtils (ManagedRocksObjectUtils.java:assertClosed(54)) - RocksIterator is not closed properly
2023-03-15 06:52:42,767 [Finalizer] WARN  managed.ManagedRocksObjectUtils (ManagedRocksObjectUtils.java:assertClosed(54)) - RocksIterator is not closed properly
2023-03-15 06:52:42,767 [Finalizer] WARN  managed.ManagedRocksObjectUtils (ManagedRocksObjectUtils.java:assertClosed(54)) - RocksIterator is not closed properly
2023-03-15 06:52:42,767 [Finalizer] WARN  managed.ManagedRocksObjectUtils (ManagedRocksObjectUtils.java:assertClosed(54)) - RocksIterator is not closed properly
2023-03-15 06:52:42,767 [Finalizer] WARN  managed.ManagedRocksObjectUtils (ManagedRocksObjectUtils.java:assertClosed(54)) - RocksIterator is not closed properly
2023-03-15 06:52:42,767 [Finalizer] WARN  managed.ManagedRocksObjectUtils (ManagedRocksObjectUtils.java:assertClosed(54)) - RocksIterator is not closed properly
2023-03-15 06:52:42,767 [Finalizer] WARN  managed.ManagedRocksObjectUtils (ManagedRocksObjectUtils.java:assertClosed(54)) - RocksIterator is not closed properly
2023-03-15 06:52:42,767 [Finalizer] WARN  managed.ManagedRocksObjectUtils (ManagedRocksObjectUtils.java:assertClosed(54)) - RocksIterator is not closed properly
2023-03-15 06:52:42,767 [Finalizer] WARN  managed.ManagedRocksObjectUtils (ManagedRocksObjectUtils.java:assertClosed(54)) - RocksIterator is not closed properly
2023-03-15 06:52:42,767 [Finalizer] WARN  managed.ManagedRocksObjectUtils (ManagedRocksObjectUtils.java:assertClosed(54)) - RocksIterator is not closed properly
2023-03-15 06:52:42,767 [Finalizer] WARN  managed.ManagedRocksObjectUtils (ManagedRocksObjectUtils.java:assertClosed(54)) - RocksIterator is not closed properly
2023-03-15 06:52:42,768 [Finalizer] WARN  managed.ManagedRocksObjectUtils (ManagedRocksObjectUtils.java:assertClosed(54)) - RocksIterator is not closed properly
2023-03-15 06:52:42,768 [Finalizer] WARN  managed.ManagedRocksObjectUtils (ManagedRocksObjectUtils.java:assertClosed(54)) - RocksIterator is not closed properly
2023-03-15 06:52:42,768 [Finalizer] WARN  managed.ManagedRocksObjectUtils (ManagedRocksObjectUtils.java:assertClosed(54)) - RocksIterator is not closed properly
2023-03-15 06:52:42,768 [Finalizer] WARN  managed.ManagedRocksObjectUtils (ManagedRocksObjectUtils.java:assertClosed(54)) - RocksIterator is not closed properly
2023-03-15 06:52:42,768 [Finalizer] WARN  managed.ManagedRocksObjectUtils (ManagedRocksObjectUtils.java:assertClosed(54)) - RocksIterator is not closed properly
2023-03-15 06:52:42,768 [Finalizer] WARN  managed.ManagedRocksObjectUtils (ManagedRocksObjectUtils.java:assertClosed(54)) - RocksIterator is not closed properly
2023-03-15 06:52:42,768 [Finalizer] WARN  managed.ManagedRocksObjectUtils (ManagedRocksObjectUtils.java:assertClosed(54)) - RocksIterator is not closed properly
2023-03-15 06:52:42,768 [Finalizer] WARN  managed.ManagedRocksObjectUtils (ManagedRocksObjectUtils.java:assertClosed(54)) - RocksIterator is not closed properly
2023-03-15 06:52:42,768 [Finalizer] WARN  managed.ManagedRocksObjectUtils (ManagedRocksObjectUtils.java:assertClosed(54)) - RocksIterator is not closed properly
2023-03-15 06:52:42,768 [Finalizer] WARN  managed.ManagedRocksObjectUtils (ManagedRocksObjectUtils.java:assertClosed(54)) - RocksIterator is not closed properly
2023-03-15 06:52:42,768 [Finalizer] WARN  managed.ManagedRocksObjectUtils (ManagedRocksObjectUtils.java:assertClosed(54)) - RocksIterator is not closed properly
2023-03-15 06:52:42,768 [Finalizer] WARN  managed.ManagedRocksObjectUtils (ManagedRocksObjectUtils.java:assertClosed(54)) - RocksIterator is not closed properly
2023-03-15 06:52:42,768 [Finalizer] WARN  managed.ManagedRocksObjectUtils (ManagedRocksObjectUtils.java:assertClosed(54)) - RocksIterator is not closed properly
2023-03-15 06:52:42,768 [Finalizer] WARN  managed.ManagedRocksObjectUtils (ManagedRocksObjectUtils.java:assertClosed(54)) - RocksIterator is not closed properly
2023-03-15 06:52:42,768 [Finalizer] WARN  managed.ManagedRocksObjectUtils (ManagedRocksObjectUtils.java:assertClosed(54)) - RocksIterator is not closed properly
2023-03-15 06:52:42,768 [Finalizer] WARN  managed.ManagedRocksObjectUtils (ManagedRocksObjectUtils.java:assertClosed(54)) - RocksIterator is not closed properly
2023-03-15 06:52:42,768 [Finalizer] WARN  managed.ManagedRocksObjectUtils (ManagedRocksObjectUtils.java:assertClosed(54)) - RocksIterator is not closed properly
2023-03-15 06:52:42,768 [Finalizer] WARN  managed.ManagedRocksObjectUtils (ManagedRocksObjectUtils.java:assertClosed(54)) - RocksIterator is not closed properly
2023-03-15 06:52:42,768 [Finalizer] WARN  managed.ManagedRocksObjectUtils (ManagedRocksObjectUtils.java:assertClosed(54)) - RocksIterator is not closed properly
2023-03-15 06:52:42,768 [Finalizer] WARN  managed.ManagedRocksObjectUtils (ManagedRocksObjectUtils.java:assertClosed(54)) - RocksIterator is not closed properly
2023-03-15 06:52:42,769 [Finalizer] WARN  managed.ManagedRocksObjectUtils (ManagedRocksObjectUtils.java:assertClosed(54)) - RocksIterator is not closed properly
2023-03-15 06:52:42,769 [Finalizer] WARN  managed.ManagedRocksObjectUtils (ManagedRocksObjectUtils.java:assertClosed(54)) - RocksIterator is not closed properly
2023-03-15 06:52:42,769 [Finalizer] WARN  managed.ManagedRocksObjectUtils (ManagedRocksObjectUtils.java:assertClosed(54)) - RocksIterator is not closed properly
2023-03-15 06:52:42,769 [Finalizer] WARN  managed.ManagedRocksObjectUtils (ManagedRocksObjectUtils.java:assertClosed(54)) - RocksIterator is not closed properly
2023-03-15 06:52:42,769 [Finalizer] WARN  managed.ManagedRocksObjectUtils (ManagedRocksObjectUtils.java:assertClosed(54)) - RocksIterator is not closed properly
2023-03-15 06:52:42,769 [Finalizer] WARN  managed.ManagedRocksObjectUtils (ManagedRocksObjectUtils.java:assertClosed(54)) - RocksIterator is not closed properly
2023-03-15 06:52:42,769 [Finalizer] WARN  managed.ManagedRocksObjectUtils (ManagedRocksObjectUtils.java:assertClosed(54)) - RocksIterator is not closed properly
2023-03-15 06:52:42,769 [Finalizer] WARN  managed.ManagedRocksObjectUtils (ManagedRocksObjectUtils.java:assertClosed(54)) - RocksIterator is not closed properly
2023-03-15 06:52:42,769 [Finalizer] WARN  managed.ManagedRocksObjectUtils (ManagedRocksObjectUtils.java:assertClosed(54)) - RocksIterator is not closed properly
2023-03-15 06:52:42,770 [Finalizer] WARN  managed.ManagedRocksObjectUtils (ManagedRocksObjectUtils.java:assertClosed(54)) - RocksIterator is not closed properly
2023-03-15 06:52:42,770 [Finalizer] WARN  managed.ManagedRocksObjectUtils (ManagedRocksObjectUtils.java:assertClosed(54)) - RocksIterator is not closed properly
2023-03-15 06:52:42,770 [Finalizer] WARN  managed.ManagedRocksObjectUtils (ManagedRocksObjectUtils.java:assertClosed(54)) - RocksIterator is not closed properly
2023-03-15 06:52:42,770 [Finalizer] WARN  managed.ManagedRocksObjectUtils (ManagedRocksObjectUtils.java:assertClosed(54)) - RocksIterator is not closed properly
2023-03-15 06:52:42,770 [Finalizer] WARN  managed.ManagedRocksObjectUtils (ManagedRocksObjectUtils.java:assertClosed(54)) - RocksIterator is not closed properly
2023-03-15 06:52:42,770 [Finalizer] WARN  managed.ManagedRocksObjectUtils (ManagedRocksObjectUtils.java:assertClosed(54)) - RocksIterator is not closed properly
2023-03-15 06:52:42,770 [Finalizer] WARN  managed.ManagedRocksObjectUtils (ManagedRocksObjectUtils.java:assertClosed(54)) - RocksIterator is not closed properly
2023-03-15 06:52:42,770 [Finalizer] WARN  managed.ManagedRocksObjectUtils (ManagedRocksObjectUtils.java:assertClosed(54)) - RocksIterator is not closed properly
2023-03-15 06:52:42,770 [Finalizer] WARN  managed.ManagedRocksObjectUtils (ManagedRocksObjectUtils.java:assertClosed(54)) - RocksIterator is not closed properly
2023-03-15 06:52:42,770 [Finalizer] WARN  managed.ManagedRocksObjectUtils (ManagedRocksObjectUtils.java:assertClosed(54)) - ManagedColumnFamilyOptions is not closed properly
2023-03-15 06:52:42,770 [Finalizer] WARN  managed.ManagedRocksObjectUtils (ManagedRocksObjectUtils.java:assertClosed(54)) - ManagedColumnFamilyOptions is not closed properly
2023-03-15 06:52:42,770 [Finalizer] WARN  managed.ManagedRocksObjectUtils (ManagedRocksObjectUtils.java:assertClosed(54)) - ManagedColumnFamilyOptions is not closed properly
2023-03-15 06:52:42,770 [Finalizer] WARN  managed.ManagedRocksObjectUtils (ManagedRocksObjectUtils.java:assertClosed(54)) - ManagedColumnFamilyOptions is not closed properly
2023-03-15 06:52:42,770 [Finalizer] WARN  managed.ManagedRocksObjectUtils (ManagedRocksObjectUtils.java:assertClosed(54)) - ManagedColumnFamilyOptions is not closed properly
2023-03-15 06:52:42,770 [Finalizer] WARN  managed.ManagedRocksObjectUtils (ManagedRocksObjectUtils.java:assertClosed(54)) - ManagedColumnFamilyOptions is not closed properly
2023-03-15 06:52:42,770 [Finalizer] WARN  managed.ManagedRocksObjectUtils (ManagedRocksObjectUtils.java:assertClosed(54)) - ManagedColumnFamilyOptions is not closed properly
2023-03-15 06:52:42,770 [JvmPauseMonitor5] WARN  util.JvmPauseMonitor (JvmPauseMonitor.java:detectPause(126)) - JvmPauseMonitor-934a7696-9971-43bd-bb95-0c074ad287bd: Detected pause in JVM or host machine (eg GC): pause of approximately 236234544ns.
GC pool 'PS MarkSweep' had collection(s): count=1 time=193ms
GC pool 'PS Scavenge' had collection(s): count=1 time=93ms
2023-03-15 06:52:42,770 [JvmPauseMonitor1] WARN  util.JvmPauseMonitor (JvmPauseMonitor.java:detectPause(126)) - JvmPauseMonitor-omNode-2: Detected pause in JVM or host machine (eg GC): pause of approximately 237373812ns.
GC pool 'PS MarkSweep' had collection(s): count=1 time=193ms
GC pool 'PS Scavenge' had collection(s): count=1 time=93ms
2023-03-15 06:52:42,770 [JvmPauseMonitor0] WARN  util.JvmPauseMonitor (JvmPauseMonitor.java:detectPause(126)) - JvmPauseMonitor-omNode-1: Detected pause in JVM or host machine (eg GC): pause of approximately 237256505ns.
GC pool 'PS MarkSweep' had collection(s): count=1 time=193ms
GC pool 'PS Scavenge' had collection(s): count=1 time=93ms
2023-03-15 06:52:42,770 [JvmPauseMonitor2] WARN  util.JvmPauseMonitor (JvmPauseMonitor.java:detectPause(126)) - JvmPauseMonitor-omNode-3: Detected pause in JVM or host machine (eg GC): pause of approximately 237006490ns.
GC pool 'PS MarkSweep' had collection(s): count=1 time=193ms
GC pool 'PS Scavenge' had collection(s): count=1 time=93ms
2023-03-15 06:52:42,770 [Finalizer] WARN  managed.ManagedRocksObjectUtils (ManagedRocksObjectUtils.java:assertClosed(54)) - ManagedColumnFamilyOptions is not closed properly
2023-03-15 06:52:42,772 [Finalizer] WARN  managed.ManagedRocksObjectUtils (ManagedRocksObjectUtils.java:assertClosed(54)) - RocksIterator is not closed properly
2023-03-15 06:52:42,772 [Finalizer] WARN  managed.ManagedRocksObjectUtils (ManagedRocksObjectUtils.java:assertClosed(54)) - RocksIterator is not closed properly
2023-03-15 06:52:42,772 [Finalizer] WARN  managed.ManagedRocksObjectUtils (ManagedRocksObjectUtils.java:assertClosed(54)) - RocksIterator is not closed properly
2023-03-15 06:52:42,772 [Finalizer] WARN  managed.ManagedRocksObjectUtils (ManagedRocksObjectUtils.java:assertClosed(54)) - RocksIterator is not closed properly
2023-03-15 06:52:42,772 [JvmPauseMonitor3] WARN  util.JvmPauseMonitor (JvmPauseMonitor.java:detectPause(126)) - JvmPauseMonitor-69770226-cf53-4475-8132-826a0d48d398: Detected pause in JVM or host machine (eg GC): pause of approximately 239101515ns.
GC pool 'PS MarkSweep' had collection(s): count=1 time=193ms
GC pool 'PS Scavenge' had collection(s): count=1 time=93ms
2023-03-15 06:52:42,772 [Finalizer] WARN  managed.ManagedRocksObjectUtils (ManagedRocksObjectUtils.java:assertClosed(54)) - RocksIterator is not closed properly
2023-03-15 06:52:42,772 [Finalizer] WARN  managed.ManagedRocksObjectUtils (ManagedRocksObjectUtils.java:assertClosed(54)) - RocksIterator is not closed properly
2023-03-15 06:52:42,772 [Finalizer] WARN  managed.ManagedRocksObjectUtils (ManagedRocksObjectUtils.java:assertClosed(54)) - RocksIterator is not closed properly
2023-03-15 06:52:42,773 [Finalizer] WARN  managed.ManagedRocksObjectUtils (ManagedRocksObjectUtils.java:assertClosed(54)) - RocksIterator is not closed properly
2023-03-15 06:52:42,773 [JvmPauseMonitor4] WARN  util.JvmPauseMonitor (JvmPauseMonitor.java:detectPause(126)) - JvmPauseMonitor-f927f8e9-81c0-47cb-a281-73162d36a20e: Detected pause in JVM or host machine (eg GC): pause of approximately 239664749ns.
GC pool 'PS MarkSweep' had collection(s): count=1 time=193ms
GC pool 'PS Scavenge' had collection(s): count=1 time=93ms
2023-03-15 06:52:42,781 [OMDoubleBufferFlushThread] INFO  db.RDBCheckpointManager (RDBCheckpointManager.java:createCheckpoint(96)) - Created checkpoint in rocksDB at /home/runner/work/ozone/ozone/hadoop-ozone/integration-test/target/test-dir/MiniOzoneClusterImpl-e79b0a94-dba3-4ba8-a298-d2d15914ceac/omNode-1/db.snapshots/om.db-8d12d3e3-d1f4-47c8-8921-efa1e72edee7 in 310 milliseconds
2023-03-15 06:52:42,781 [Finalizer] WARN  managed.ManagedRocksObjectUtils (ManagedRocksObjectUtils.java:assertClosed(54)) - RocksIterator is not closed properly
2023-03-15 06:52:42,781 [Finalizer] WARN  managed.ManagedRocksObjectUtils (ManagedRocksObjectUtils.java:assertClosed(54)) - RocksIterator is not closed properly
2023-03-15 06:52:42,781 [Finalizer] WARN  managed.ManagedRocksObjectUtils (ManagedRocksObjectUtils.java:assertClosed(54)) - RocksIterator is not closed properly
2023-03-15 06:52:42,781 [Finalizer] WARN  managed.ManagedRocksObjectUtils (ManagedRocksObjectUtils.java:assertClosed(54)) - RocksIterator is not closed properly
2023-03-15 06:52:42,788 [OMDoubleBufferFlushThread] INFO  db.RDBCheckpointManager (RDBCheckpointManager.java:waitForCheckpointDirectoryExist(125)) - Waited for 7 milliseconds for checkpoint directory /home/runner/work/ozone/ozone/hadoop-ozone/integration-test/target/test-dir/MiniOzoneClusterImpl-e79b0a94-dba3-4ba8-a298-d2d15914ceac/omNode-1/db.snapshots/om.db-8d12d3e3-d1f4-47c8-8921-efa1e72edee7 availability.
2023-03-15 06:52:42,788 [OMDoubleBufferFlushThread] INFO  om.OmSnapshotManager (OmSnapshotManager.java:createOmSnapshotCheckpoint(170)) - Created checkpoint : /home/runner/work/ozone/ozone/hadoop-ozone/integration-test/target/test-dir/MiniOzoneClusterImpl-e79b0a94-dba3-4ba8-a298-d2d15914ceac/omNode-1/db.snapshots/om.db-8d12d3e3-d1f4-47c8-8921-efa1e72edee7 for snapshot snap02156
2023-03-15 06:52:42,800 [OMDoubleBufferFlushThread] INFO  db.RDBCheckpointManager (RDBCheckpointManager.java:createCheckpoint(96)) - Created checkpoint in rocksDB at /home/runner/work/ozone/ozone/hadoop-ozone/integration-test/target/test-dir/MiniOzoneClusterImpl-e79b0a94-dba3-4ba8-a298-d2d15914ceac/omNode-2/db.snapshots/om.db-8d12d3e3-d1f4-47c8-8921-efa1e72edee7 in 328 milliseconds
2023-03-15 06:52:42,800 [OMDoubleBufferFlushThread] INFO  db.RDBCheckpointManager (RDBCheckpointManager.java:createCheckpoint(96)) - Created checkpoint in rocksDB at /home/runner/work/ozone/ozone/hadoop-ozone/integration-test/target/test-dir/MiniOzoneClusterImpl-e79b0a94-dba3-4ba8-a298-d2d15914ceac/omNode-3/db.snapshots/om.db-8d12d3e3-d1f4-47c8-8921-efa1e72edee7 in 326 milliseconds
2023-03-15 06:52:42,801 [OMDoubleBufferFlushThread] INFO  db.RDBCheckpointManager (RDBCheckpointManager.java:waitForCheckpointDirectoryExist(125)) - Waited for 1 milliseconds for checkpoint directory /home/runner/work/ozone/ozone/hadoop-ozone/integration-test/target/test-dir/MiniOzoneClusterImpl-e79b0a94-dba3-4ba8-a298-d2d15914ceac/omNode-2/db.snapshots/om.db-8d12d3e3-d1f4-47c8-8921-efa1e72edee7 availability.
2023-03-15 06:52:42,801 [OMDoubleBufferFlushThread] INFO  om.OmSnapshotManager (OmSnapshotManager.java:createOmSnapshotCheckpoint(170)) - Created checkpoint : /home/runner/work/ozone/ozone/hadoop-ozone/integration-test/target/test-dir/MiniOzoneClusterImpl-e79b0a94-dba3-4ba8-a298-d2d15914ceac/omNode-2/db.snapshots/om.db-8d12d3e3-d1f4-47c8-8921-efa1e72edee7 for snapshot snap02156
2023-03-15 06:52:42,802 [OMDoubleBufferFlushThread] INFO  db.RDBCheckpointManager (RDBCheckpointManager.java:waitForCheckpointDirectoryExist(125)) - Waited for 2 milliseconds for checkpoint directory /home/runner/work/ozone/ozone/hadoop-ozone/integration-test/target/test-dir/MiniOzoneClusterImpl-e79b0a94-dba3-4ba8-a298-d2d15914ceac/omNode-3/db.snapshots/om.db-8d12d3e3-d1f4-47c8-8921-efa1e72edee7 availability.
2023-03-15 06:52:42,802 [OMDoubleBufferFlushThread] INFO  om.OmSnapshotManager (OmSnapshotManager.java:createOmSnapshotCheckpoint(170)) - Created checkpoint : /home/runner/work/ozone/ozone/hadoop-ozone/integration-test/target/test-dir/MiniOzoneClusterImpl-e79b0a94-dba3-4ba8-a298-d2d15914ceac/omNode-3/db.snapshots/om.db-8d12d3e3-d1f4-47c8-8921-efa1e72edee7 for snapshot snap02156
2023-03-15 06:52:43,475 [IPC Server handler 11 on default port 41075] WARN  server.ServerUtils (ServerUtils.java:getDBPath(225)) - ozone.om.db.dirs is not configured. We recommend adding this setting. Falling back to ozone.metadata.dirs instead.
2023-03-15 06:52:43,476 [IPC Server handler 11 on default port 41075] INFO  codec.OmKeyInfoCodec (OmKeyInfoCodec.java:<init>(49)) - OmKeyInfoCodec ignorePipeline = true
2023-03-15 06:52:43,476 [IPC Server handler 11 on default port 41075] INFO  codec.RepeatedOmKeyInfoCodec (RepeatedOmKeyInfoCodec.java:<init>(41)) - RepeatedOmKeyInfoCodec ignorePipeline = true
2023-03-15 06:52:43,507 [IPC Server handler 11 on default port 41075] WARN  server.ServerUtils (ServerUtils.java:getDBPath(225)) - ozone.om.db.dirs is not configured. We recommend adding this setting. Falling back to ozone.metadata.dirs instead.
2023-03-15 06:52:43,507 [IPC Server handler 11 on default port 41075] INFO  codec.OmKeyInfoCodec (OmKeyInfoCodec.java:<init>(49)) - OmKeyInfoCodec ignorePipeline = true
2023-03-15 06:52:43,508 [IPC Server handler 11 on default port 41075] INFO  codec.RepeatedOmKeyInfoCodec (RepeatedOmKeyInfoCodec.java:<init>(41)) - RepeatedOmKeyInfoCodec ignorePipeline = true
2023-03-15 06:52:43,592 [IPC Server handler 11 on default port 41075] WARN  snapshot.SnapshotDiffManager (SnapshotDiffManager.java:getDeltaFiles(395)) - RocksDBCheckpointDiffer is not available, falling back to slow path
2023-03-15 06:52:43,719 [OM StateMachine ApplyTransaction Thread - 0] INFO  snapshot.OMSnapshotCreateRequest (OMSnapshotCreateRequest.java:validateAndUpdateCache(204)) - Created snapshot 'snap18648' under path 'vol-64262/buck-91652'
2023-03-15 06:52:43,722 [OM StateMachine ApplyTransaction Thread - 0] INFO  snapshot.OMSnapshotCreateRequest (OMSnapshotCreateRequest.java:validateAndUpdateCache(204)) - Created snapshot 'snap18648' under path 'vol-64262/buck-91652'
2023-03-15 06:52:43,723 [OM StateMachine ApplyTransaction Thread - 0] INFO  snapshot.OMSnapshotCreateRequest (OMSnapshotCreateRequest.java:validateAndUpdateCache(204)) - Created snapshot 'snap18648' under path 'vol-64262/buck-91652'
2023-03-15 06:52:43,757 [OMDoubleBufferFlushThread] INFO  db.RDBCheckpointManager (RDBCheckpointManager.java:createCheckpoint(96)) - Created checkpoint in rocksDB at /home/runner/work/ozone/ozone/hadoop-ozone/integration-test/target/test-dir/MiniOzoneClusterImpl-e79b0a94-dba3-4ba8-a298-d2d15914ceac/omNode-1/db.snapshots/om.db-23456311-422c-478f-8a7f-849033a0c80f in 36 milliseconds
2023-03-15 06:52:43,757 [OMDoubleBufferFlushThread] INFO  db.RDBCheckpointManager (RDBCheckpointManager.java:waitForCheckpointDirectoryExist(125)) - Waited for 0 milliseconds for checkpoint directory /home/runner/work/ozone/ozone/hadoop-ozone/integration-test/target/test-dir/MiniOzoneClusterImpl-e79b0a94-dba3-4ba8-a298-d2d15914ceac/omNode-1/db.snapshots/om.db-23456311-422c-478f-8a7f-849033a0c80f availability.
2023-03-15 06:52:43,757 [OMDoubleBufferFlushThread] INFO  om.OmSnapshotManager (OmSnapshotManager.java:createOmSnapshotCheckpoint(170)) - Created checkpoint : /home/runner/work/ozone/ozone/hadoop-ozone/integration-test/target/test-dir/MiniOzoneClusterImpl-e79b0a94-dba3-4ba8-a298-d2d15914ceac/omNode-1/db.snapshots/om.db-23456311-422c-478f-8a7f-849033a0c80f for snapshot snap18648
2023-03-15 06:52:43,772 [OMDoubleBufferFlushThread] INFO  db.RDBCheckpointManager (RDBCheckpointManager.java:createCheckpoint(96)) - Created checkpoint in rocksDB at /home/runner/work/ozone/ozone/hadoop-ozone/integration-test/target/test-dir/MiniOzoneClusterImpl-e79b0a94-dba3-4ba8-a298-d2d15914ceac/omNode-3/db.snapshots/om.db-23456311-422c-478f-8a7f-849033a0c80f in 49 milliseconds
2023-03-15 06:52:43,774 [OMDoubleBufferFlushThread] INFO  db.RDBCheckpointManager (RDBCheckpointManager.java:createCheckpoint(96)) - Created checkpoint in rocksDB at /home/runner/work/ozone/ozone/hadoop-ozone/integration-test/target/test-dir/MiniOzoneClusterImpl-e79b0a94-dba3-4ba8-a298-d2d15914ceac/omNode-2/db.snapshots/om.db-23456311-422c-478f-8a7f-849033a0c80f in 50 milliseconds
2023-03-15 06:52:43,784 [OMDoubleBufferFlushThread] INFO  db.RDBCheckpointManager (RDBCheckpointManager.java:waitForCheckpointDirectoryExist(125)) - Waited for 12 milliseconds for checkpoint directory /home/runner/work/ozone/ozone/hadoop-ozone/integration-test/target/test-dir/MiniOzoneClusterImpl-e79b0a94-dba3-4ba8-a298-d2d15914ceac/omNode-3/db.snapshots/om.db-23456311-422c-478f-8a7f-849033a0c80f availability.
2023-03-15 06:52:43,784 [OMDoubleBufferFlushThread] INFO  om.OmSnapshotManager (OmSnapshotManager.java:createOmSnapshotCheckpoint(170)) - Created checkpoint : /home/runner/work/ozone/ozone/hadoop-ozone/integration-test/target/test-dir/MiniOzoneClusterImpl-e79b0a94-dba3-4ba8-a298-d2d15914ceac/omNode-3/db.snapshots/om.db-23456311-422c-478f-8a7f-849033a0c80f for snapshot snap18648
2023-03-15 06:52:43,788 [OMDoubleBufferFlushThread] INFO  db.RDBCheckpointManager (RDBCheckpointManager.java:waitForCheckpointDirectoryExist(125)) - Waited for 14 milliseconds for checkpoint directory /home/runner/work/ozone/ozone/hadoop-ozone/integration-test/target/test-dir/MiniOzoneClusterImpl-e79b0a94-dba3-4ba8-a298-d2d15914ceac/omNode-2/db.snapshots/om.db-23456311-422c-478f-8a7f-849033a0c80f availability.
2023-03-15 06:52:43,788 [OMDoubleBufferFlushThread] INFO  om.OmSnapshotManager (OmSnapshotManager.java:createOmSnapshotCheckpoint(170)) - Created checkpoint : /home/runner/work/ozone/ozone/hadoop-ozone/integration-test/target/test-dir/MiniOzoneClusterImpl-e79b0a94-dba3-4ba8-a298-d2d15914ceac/omNode-2/db.snapshots/om.db-23456311-422c-478f-8a7f-849033a0c80f for snapshot snap18648
2023-03-15 06:52:44,722 [IPC Server handler 16 on default port 41075] WARN  server.ServerUtils (ServerUtils.java:getDBPath(225)) - ozone.om.db.dirs is not configured. We recommend adding this setting. Falling back to ozone.metadata.dirs instead.
2023-03-15 06:52:44,722 [IPC Server handler 16 on default port 41075] INFO  codec.OmKeyInfoCodec (OmKeyInfoCodec.java:<init>(49)) - OmKeyInfoCodec ignorePipeline = true
2023-03-15 06:52:44,722 [IPC Server handler 16 on default port 41075] INFO  codec.RepeatedOmKeyInfoCodec (RepeatedOmKeyInfoCodec.java:<init>(41)) - RepeatedOmKeyInfoCodec ignorePipeline = true
2023-03-15 06:52:44,911 [OM StateMachine ApplyTransaction Thread - 0] INFO  snapshot.OMSnapshotCreateRequest (OMSnapshotCreateRequest.java:validateAndUpdateCache(204)) - Created snapshot 'snap99302' under path 'vol-64262/buck-91652'
2023-03-15 06:52:44,914 [OM StateMachine ApplyTransaction Thread - 0] INFO  snapshot.OMSnapshotCreateRequest (OMSnapshotCreateRequest.java:validateAndUpdateCache(204)) - Created snapshot 'snap99302' under path 'vol-64262/buck-91652'
2023-03-15 06:52:44,915 [OM StateMachine ApplyTransaction Thread - 0] INFO  snapshot.OMSnapshotCreateRequest (OMSnapshotCreateRequest.java:validateAndUpdateCache(204)) - Created snapshot 'snap99302' under path 'vol-64262/buck-91652'
2023-03-15 06:52:44,946 [OMDoubleBufferFlushThread] INFO  db.RDBCheckpointManager (RDBCheckpointManager.java:createCheckpoint(96)) - Created checkpoint in rocksDB at /home/runner/work/ozone/ozone/hadoop-ozone/integration-test/target/test-dir/MiniOzoneClusterImpl-e79b0a94-dba3-4ba8-a298-d2d15914ceac/omNode-3/db.snapshots/om.db-e41f5a40-b667-463e-b819-46197eee57fb in 29 milliseconds
2023-03-15 06:52:44,950 [OMDoubleBufferFlushThread] INFO  db.RDBCheckpointManager (RDBCheckpointManager.java:createCheckpoint(96)) - Created checkpoint in rocksDB at /home/runner/work/ozone/ozone/hadoop-ozone/integration-test/target/test-dir/MiniOzoneClusterImpl-e79b0a94-dba3-4ba8-a298-d2d15914ceac/omNode-2/db.snapshots/om.db-e41f5a40-b667-463e-b819-46197eee57fb in 33 milliseconds
2023-03-15 06:52:44,952 [OMDoubleBufferFlushThread] INFO  db.RDBCheckpointManager (RDBCheckpointManager.java:waitForCheckpointDirectoryExist(125)) - Waited for 6 milliseconds for checkpoint directory /home/runner/work/ozone/ozone/hadoop-ozone/integration-test/target/test-dir/MiniOzoneClusterImpl-e79b0a94-dba3-4ba8-a298-d2d15914ceac/omNode-3/db.snapshots/om.db-e41f5a40-b667-463e-b819-46197eee57fb availability.
2023-03-15 06:52:44,953 [OMDoubleBufferFlushThread] INFO  om.OmSnapshotManager (OmSnapshotManager.java:createOmSnapshotCheckpoint(170)) - Created checkpoint : /home/runner/work/ozone/ozone/hadoop-ozone/integration-test/target/test-dir/MiniOzoneClusterImpl-e79b0a94-dba3-4ba8-a298-d2d15914ceac/omNode-3/db.snapshots/om.db-e41f5a40-b667-463e-b819-46197eee57fb for snapshot snap99302
2023-03-15 06:52:44,954 [OMDoubleBufferFlushThread] INFO  db.RDBCheckpointManager (RDBCheckpointManager.java:createCheckpoint(96)) - Created checkpoint in rocksDB at /home/runner/work/ozone/ozone/hadoop-ozone/integration-test/target/test-dir/MiniOzoneClusterImpl-e79b0a94-dba3-4ba8-a298-d2d15914ceac/omNode-1/db.snapshots/om.db-e41f5a40-b667-463e-b819-46197eee57fb in 36 milliseconds
2023-03-15 06:52:44,955 [OMDoubleBufferFlushThread] INFO  db.RDBCheckpointManager (RDBCheckpointManager.java:waitForCheckpointDirectoryExist(125)) - Waited for 5 milliseconds for checkpoint directory /home/runner/work/ozone/ozone/hadoop-ozone/integration-test/target/test-dir/MiniOzoneClusterImpl-e79b0a94-dba3-4ba8-a298-d2d15914ceac/omNode-2/db.snapshots/om.db-e41f5a40-b667-463e-b819-46197eee57fb availability.
2023-03-15 06:52:44,955 [OMDoubleBufferFlushThread] INFO  om.OmSnapshotManager (OmSnapshotManager.java:createOmSnapshotCheckpoint(170)) - Created checkpoint : /home/runner/work/ozone/ozone/hadoop-ozone/integration-test/target/test-dir/MiniOzoneClusterImpl-e79b0a94-dba3-4ba8-a298-d2d15914ceac/omNode-2/db.snapshots/om.db-e41f5a40-b667-463e-b819-46197eee57fb for snapshot snap99302
2023-03-15 06:52:44,956 [OMDoubleBufferFlushThread] INFO  db.RDBCheckpointManager (RDBCheckpointManager.java:waitForCheckpointDirectoryExist(125)) - Waited for 2 milliseconds for checkpoint directory /home/runner/work/ozone/ozone/hadoop-ozone/integration-test/target/test-dir/MiniOzoneClusterImpl-e79b0a94-dba3-4ba8-a298-d2d15914ceac/omNode-1/db.snapshots/om.db-e41f5a40-b667-463e-b819-46197eee57fb availability.
2023-03-15 06:52:44,956 [OMDoubleBufferFlushThread] INFO  om.OmSnapshotManager (OmSnapshotManager.java:createOmSnapshotCheckpoint(170)) - Created checkpoint : /home/runner/work/ozone/ozone/hadoop-ozone/integration-test/target/test-dir/MiniOzoneClusterImpl-e79b0a94-dba3-4ba8-a298-d2d15914ceac/omNode-1/db.snapshots/om.db-e41f5a40-b667-463e-b819-46197eee57fb for snapshot snap99302
2023-03-15 06:52:45,914 [IPC Server handler 8 on default port 41075] WARN  server.ServerUtils (ServerUtils.java:getDBPath(225)) - ozone.om.db.dirs is not configured. We recommend adding this setting. Falling back to ozone.metadata.dirs instead.
2023-03-15 06:52:45,915 [IPC Server handler 8 on default port 41075] INFO  codec.OmKeyInfoCodec (OmKeyInfoCodec.java:<init>(49)) - OmKeyInfoCodec ignorePipeline = true
2023-03-15 06:52:45,915 [IPC Server handler 8 on default port 41075] INFO  codec.RepeatedOmKeyInfoCodec (RepeatedOmKeyInfoCodec.java:<init>(41)) - RepeatedOmKeyInfoCodec ignorePipeline = true
2023-03-15 06:52:46,075 [OM StateMachine ApplyTransaction Thread - 0] INFO  snapshot.OMSnapshotCreateRequest (OMSnapshotCreateRequest.java:validateAndUpdateCache(204)) - Created snapshot 'snap81645' under path 'vol-64262/buck-91652'
2023-03-15 06:52:46,077 [OM StateMachine ApplyTransaction Thread - 0] INFO  snapshot.OMSnapshotCreateRequest (OMSnapshotCreateRequest.java:validateAndUpdateCache(204)) - Created snapshot 'snap81645' under path 'vol-64262/buck-91652'
2023-03-15 06:52:46,077 [OM StateMachine ApplyTransaction Thread - 0] INFO  snapshot.OMSnapshotCreateRequest (OMSnapshotCreateRequest.java:validateAndUpdateCache(204)) - Created snapshot 'snap81645' under path 'vol-64262/buck-91652'
2023-03-15 06:52:46,114 [OMDoubleBufferFlushThread] INFO  db.RDBCheckpointManager (RDBCheckpointManager.java:createCheckpoint(96)) - Created checkpoint in rocksDB at /home/runner/work/ozone/ozone/hadoop-ozone/integration-test/target/test-dir/MiniOzoneClusterImpl-e79b0a94-dba3-4ba8-a298-d2d15914ceac/omNode-2/db.snapshots/om.db-28be95e6-4aab-4f16-a335-c29c8e86c76c in 36 milliseconds
2023-03-15 06:52:46,114 [OMDoubleBufferFlushThread] INFO  db.RDBCheckpointManager (RDBCheckpointManager.java:createCheckpoint(96)) - Created checkpoint in rocksDB at /home/runner/work/ozone/ozone/hadoop-ozone/integration-test/target/test-dir/MiniOzoneClusterImpl-e79b0a94-dba3-4ba8-a298-d2d15914ceac/omNode-3/db.snapshots/om.db-28be95e6-4aab-4f16-a335-c29c8e86c76c in 36 milliseconds
2023-03-15 06:52:46,114 [OMDoubleBufferFlushThread] INFO  db.RDBCheckpointManager (RDBCheckpointManager.java:createCheckpoint(96)) - Created checkpoint in rocksDB at /home/runner/work/ozone/ozone/hadoop-ozone/integration-test/target/test-dir/MiniOzoneClusterImpl-e79b0a94-dba3-4ba8-a298-d2d15914ceac/omNode-1/db.snapshots/om.db-28be95e6-4aab-4f16-a335-c29c8e86c76c in 36 milliseconds
2023-03-15 06:52:46,115 [OMDoubleBufferFlushThread] INFO  db.RDBCheckpointManager (RDBCheckpointManager.java:waitForCheckpointDirectoryExist(125)) - Waited for 0 milliseconds for checkpoint directory /home/runner/work/ozone/ozone/hadoop-ozone/integration-test/target/test-dir/MiniOzoneClusterImpl-e79b0a94-dba3-4ba8-a298-d2d15914ceac/omNode-3/db.snapshots/om.db-28be95e6-4aab-4f16-a335-c29c8e86c76c availability.
2023-03-15 06:52:46,115 [OMDoubleBufferFlushThread] INFO  om.OmSnapshotManager (OmSnapshotManager.java:createOmSnapshotCheckpoint(170)) - Created checkpoint : /home/runner/work/ozone/ozone/hadoop-ozone/integration-test/target/test-dir/MiniOzoneClusterImpl-e79b0a94-dba3-4ba8-a298-d2d15914ceac/omNode-3/db.snapshots/om.db-28be95e6-4aab-4f16-a335-c29c8e86c76c for snapshot snap81645
2023-03-15 06:52:46,115 [OMDoubleBufferFlushThread] INFO  db.RDBCheckpointManager (RDBCheckpointManager.java:waitForCheckpointDirectoryExist(125)) - Waited for 0 milliseconds for checkpoint directory /home/runner/work/ozone/ozone/hadoop-ozone/integration-test/target/test-dir/MiniOzoneClusterImpl-e79b0a94-dba3-4ba8-a298-d2d15914ceac/omNode-1/db.snapshots/om.db-28be95e6-4aab-4f16-a335-c29c8e86c76c availability.
2023-03-15 06:52:46,116 [OMDoubleBufferFlushThread] INFO  om.OmSnapshotManager (OmSnapshotManager.java:createOmSnapshotCheckpoint(170)) - Created checkpoint : /home/runner/work/ozone/ozone/hadoop-ozone/integration-test/target/test-dir/MiniOzoneClusterImpl-e79b0a94-dba3-4ba8-a298-d2d15914ceac/omNode-1/db.snapshots/om.db-28be95e6-4aab-4f16-a335-c29c8e86c76c for snapshot snap81645
2023-03-15 06:52:46,117 [OMDoubleBufferFlushThread] INFO  db.RDBCheckpointManager (RDBCheckpointManager.java:waitForCheckpointDirectoryExist(125)) - Waited for 3 milliseconds for checkpoint directory /home/runner/work/ozone/ozone/hadoop-ozone/integration-test/target/test-dir/MiniOzoneClusterImpl-e79b0a94-dba3-4ba8-a298-d2d15914ceac/omNode-2/db.snapshots/om.db-28be95e6-4aab-4f16-a335-c29c8e86c76c availability.
2023-03-15 06:52:46,117 [OMDoubleBufferFlushThread] INFO  om.OmSnapshotManager (OmSnapshotManager.java:createOmSnapshotCheckpoint(170)) - Created checkpoint : /home/runner/work/ozone/ozone/hadoop-ozone/integration-test/target/test-dir/MiniOzoneClusterImpl-e79b0a94-dba3-4ba8-a298-d2d15914ceac/omNode-2/db.snapshots/om.db-28be95e6-4aab-4f16-a335-c29c8e86c76c for snapshot snap81645
2023-03-15 06:52:47,078 [IPC Server handler 13 on default port 41075] WARN  server.ServerUtils (ServerUtils.java:getDBPath(225)) - ozone.om.db.dirs is not configured. We recommend adding this setting. Falling back to ozone.metadata.dirs instead.
2023-03-15 06:52:47,078 [IPC Server handler 13 on default port 41075] INFO  codec.OmKeyInfoCodec (OmKeyInfoCodec.java:<init>(49)) - OmKeyInfoCodec ignorePipeline = true
2023-03-15 06:52:47,078 [IPC Server handler 13 on default port 41075] INFO  codec.RepeatedOmKeyInfoCodec (RepeatedOmKeyInfoCodec.java:<init>(41)) - RepeatedOmKeyInfoCodec ignorePipeline = true
]]></system-out>
  </testcase>
  <testcase name="testSnapDiff" classname="TestOmSnapshot" time="5.869">
    <system-out><![CDATA[2023-03-15 06:53:41,044 [Time-limited test] INFO  rpc.RpcClient (RpcClient.java:createVolume(476)) - Creating Volume: vol-03966, with runner as owner and space quota set to -1 bytes, counts quota set to -1
2023-03-15 06:53:41,047 [OM StateMachine ApplyTransaction Thread - 0] INFO  volume.OMVolumeCreateRequest (OMVolumeCreateRequest.java:validateAndUpdateCache(195)) - created volume:vol-03966 for user:runner
2023-03-15 06:53:41,049 [OM StateMachine ApplyTransaction Thread - 0] INFO  volume.OMVolumeCreateRequest (OMVolumeCreateRequest.java:validateAndUpdateCache(195)) - created volume:vol-03966 for user:runner
2023-03-15 06:53:41,049 [OM StateMachine ApplyTransaction Thread - 0] INFO  volume.OMVolumeCreateRequest (OMVolumeCreateRequest.java:validateAndUpdateCache(195)) - created volume:vol-03966 for user:runner
2023-03-15 06:53:41,050 [Time-limited test] INFO  rpc.RpcClient (RpcClient.java:createBucket(698)) - Creating Bucket: vol-03966/buck-48104, with server-side default bucket layout, runner as owner, Versioning false, Storage Type set to DISK and Encryption set to false, Replication Type set to server-side default replication type, Namespace Quota set to -1, Space Quota set to -1 
2023-03-15 06:53:41,052 [OM StateMachine ApplyTransaction Thread - 0] INFO  bucket.OMBucketCreateRequest (OMBucketCreateRequest.java:validateAndUpdateCache(263)) - created bucket: buck-48104 of layout FILE_SYSTEM_OPTIMIZED in volume: vol-03966
2023-03-15 06:53:41,054 [OM StateMachine ApplyTransaction Thread - 0] INFO  bucket.OMBucketCreateRequest (OMBucketCreateRequest.java:validateAndUpdateCache(263)) - created bucket: buck-48104 of layout FILE_SYSTEM_OPTIMIZED in volume: vol-03966
2023-03-15 06:53:41,054 [OM StateMachine ApplyTransaction Thread - 0] INFO  bucket.OMBucketCreateRequest (OMBucketCreateRequest.java:validateAndUpdateCache(263)) - created bucket: buck-48104 of layout FILE_SYSTEM_OPTIMIZED in volume: vol-03966
2023-03-15 06:53:41,080 [OM StateMachine ApplyTransaction Thread - 0] INFO  snapshot.OMSnapshotCreateRequest (OMSnapshotCreateRequest.java:validateAndUpdateCache(204)) - Created snapshot 'snap83197' under path 'vol-03966/buck-48104'
2023-03-15 06:53:41,081 [OM StateMachine ApplyTransaction Thread - 0] INFO  snapshot.OMSnapshotCreateRequest (OMSnapshotCreateRequest.java:validateAndUpdateCache(204)) - Created snapshot 'snap83197' under path 'vol-03966/buck-48104'
2023-03-15 06:53:41,082 [OM StateMachine ApplyTransaction Thread - 0] INFO  snapshot.OMSnapshotCreateRequest (OMSnapshotCreateRequest.java:validateAndUpdateCache(204)) - Created snapshot 'snap83197' under path 'vol-03966/buck-48104'
2023-03-15 06:53:41,141 [OMDoubleBufferFlushThread] INFO  db.RDBCheckpointManager (RDBCheckpointManager.java:createCheckpoint(96)) - Created checkpoint in rocksDB at /home/runner/work/ozone/ozone/hadoop-ozone/integration-test/target/test-dir/MiniOzoneClusterImpl-8d40f1f0-3e23-4273-879b-a609159ae6a4/omNode-2/db.snapshots/om.db-2d3024ba-7eb4-462f-ae69-a0709ce785b1 in 57 milliseconds
2023-03-15 06:53:41,142 [OMDoubleBufferFlushThread] INFO  db.RDBCheckpointManager (RDBCheckpointManager.java:createCheckpoint(96)) - Created checkpoint in rocksDB at /home/runner/work/ozone/ozone/hadoop-ozone/integration-test/target/test-dir/MiniOzoneClusterImpl-8d40f1f0-3e23-4273-879b-a609159ae6a4/omNode-1/db.snapshots/om.db-2d3024ba-7eb4-462f-ae69-a0709ce785b1 in 60 milliseconds
2023-03-15 06:53:41,146 [OMDoubleBufferFlushThread] INFO  db.RDBCheckpointManager (RDBCheckpointManager.java:waitForCheckpointDirectoryExist(125)) - Waited for 4 milliseconds for checkpoint directory /home/runner/work/ozone/ozone/hadoop-ozone/integration-test/target/test-dir/MiniOzoneClusterImpl-8d40f1f0-3e23-4273-879b-a609159ae6a4/omNode-2/db.snapshots/om.db-2d3024ba-7eb4-462f-ae69-a0709ce785b1 availability.
2023-03-15 06:53:41,146 [OMDoubleBufferFlushThread] INFO  om.OmSnapshotManager (OmSnapshotManager.java:createOmSnapshotCheckpoint(170)) - Created checkpoint : /home/runner/work/ozone/ozone/hadoop-ozone/integration-test/target/test-dir/MiniOzoneClusterImpl-8d40f1f0-3e23-4273-879b-a609159ae6a4/omNode-2/db.snapshots/om.db-2d3024ba-7eb4-462f-ae69-a0709ce785b1 for snapshot snap83197
2023-03-15 06:53:41,146 [OMDoubleBufferFlushThread] INFO  db.RDBCheckpointManager (RDBCheckpointManager.java:waitForCheckpointDirectoryExist(125)) - Waited for 4 milliseconds for checkpoint directory /home/runner/work/ozone/ozone/hadoop-ozone/integration-test/target/test-dir/MiniOzoneClusterImpl-8d40f1f0-3e23-4273-879b-a609159ae6a4/omNode-1/db.snapshots/om.db-2d3024ba-7eb4-462f-ae69-a0709ce785b1 availability.
2023-03-15 06:53:41,146 [OMDoubleBufferFlushThread] INFO  om.OmSnapshotManager (OmSnapshotManager.java:createOmSnapshotCheckpoint(170)) - Created checkpoint : /home/runner/work/ozone/ozone/hadoop-ozone/integration-test/target/test-dir/MiniOzoneClusterImpl-8d40f1f0-3e23-4273-879b-a609159ae6a4/omNode-1/db.snapshots/om.db-2d3024ba-7eb4-462f-ae69-a0709ce785b1 for snapshot snap83197
2023-03-15 06:53:41,153 [OMDoubleBufferFlushThread] INFO  db.RDBCheckpointManager (RDBCheckpointManager.java:createCheckpoint(96)) - Created checkpoint in rocksDB at /home/runner/work/ozone/ozone/hadoop-ozone/integration-test/target/test-dir/MiniOzoneClusterImpl-8d40f1f0-3e23-4273-879b-a609159ae6a4/omNode-3/db.snapshots/om.db-2d3024ba-7eb4-462f-ae69-a0709ce785b1 in 69 milliseconds
2023-03-15 06:53:41,153 [OMDoubleBufferFlushThread] INFO  db.RDBCheckpointManager (RDBCheckpointManager.java:waitForCheckpointDirectoryExist(125)) - Waited for 0 milliseconds for checkpoint directory /home/runner/work/ozone/ozone/hadoop-ozone/integration-test/target/test-dir/MiniOzoneClusterImpl-8d40f1f0-3e23-4273-879b-a609159ae6a4/omNode-3/db.snapshots/om.db-2d3024ba-7eb4-462f-ae69-a0709ce785b1 availability.
2023-03-15 06:53:41,154 [OMDoubleBufferFlushThread] INFO  om.OmSnapshotManager (OmSnapshotManager.java:createOmSnapshotCheckpoint(170)) - Created checkpoint : /home/runner/work/ozone/ozone/hadoop-ozone/integration-test/target/test-dir/MiniOzoneClusterImpl-8d40f1f0-3e23-4273-879b-a609159ae6a4/omNode-3/db.snapshots/om.db-2d3024ba-7eb4-462f-ae69-a0709ce785b1 for snapshot snap83197
2023-03-15 06:53:42,084 [OM StateMachine ApplyTransaction Thread - 0] INFO  snapshot.OMSnapshotCreateRequest (OMSnapshotCreateRequest.java:validateAndUpdateCache(204)) - Created snapshot 'snap19441' under path 'vol-03966/buck-48104'
2023-03-15 06:53:42,085 [OM StateMachine ApplyTransaction Thread - 0] INFO  snapshot.OMSnapshotCreateRequest (OMSnapshotCreateRequest.java:validateAndUpdateCache(204)) - Created snapshot 'snap19441' under path 'vol-03966/buck-48104'
2023-03-15 06:53:42,086 [OM StateMachine ApplyTransaction Thread - 0] INFO  snapshot.OMSnapshotCreateRequest (OMSnapshotCreateRequest.java:validateAndUpdateCache(204)) - Created snapshot 'snap19441' under path 'vol-03966/buck-48104'
2023-03-15 06:53:42,106 [OMDoubleBufferFlushThread] INFO  db.RDBCheckpointManager (RDBCheckpointManager.java:createCheckpoint(96)) - Created checkpoint in rocksDB at /home/runner/work/ozone/ozone/hadoop-ozone/integration-test/target/test-dir/MiniOzoneClusterImpl-8d40f1f0-3e23-4273-879b-a609159ae6a4/omNode-2/db.snapshots/om.db-efeefbc0-45d8-45c0-b8fd-3b6cf0574aee in 19 milliseconds
2023-03-15 06:53:42,107 [OMDoubleBufferFlushThread] INFO  db.RDBCheckpointManager (RDBCheckpointManager.java:waitForCheckpointDirectoryExist(125)) - Waited for 1 milliseconds for checkpoint directory /home/runner/work/ozone/ozone/hadoop-ozone/integration-test/target/test-dir/MiniOzoneClusterImpl-8d40f1f0-3e23-4273-879b-a609159ae6a4/omNode-2/db.snapshots/om.db-efeefbc0-45d8-45c0-b8fd-3b6cf0574aee availability.
2023-03-15 06:53:42,107 [OMDoubleBufferFlushThread] INFO  om.OmSnapshotManager (OmSnapshotManager.java:createOmSnapshotCheckpoint(170)) - Created checkpoint : /home/runner/work/ozone/ozone/hadoop-ozone/integration-test/target/test-dir/MiniOzoneClusterImpl-8d40f1f0-3e23-4273-879b-a609159ae6a4/omNode-2/db.snapshots/om.db-efeefbc0-45d8-45c0-b8fd-3b6cf0574aee for snapshot snap19441
2023-03-15 06:53:42,109 [OMDoubleBufferFlushThread] INFO  db.RDBCheckpointManager (RDBCheckpointManager.java:createCheckpoint(96)) - Created checkpoint in rocksDB at /home/runner/work/ozone/ozone/hadoop-ozone/integration-test/target/test-dir/MiniOzoneClusterImpl-8d40f1f0-3e23-4273-879b-a609159ae6a4/omNode-3/db.snapshots/om.db-efeefbc0-45d8-45c0-b8fd-3b6cf0574aee in 21 milliseconds
2023-03-15 06:53:42,110 [OMDoubleBufferFlushThread] INFO  db.RDBCheckpointManager (RDBCheckpointManager.java:createCheckpoint(96)) - Created checkpoint in rocksDB at /home/runner/work/ozone/ozone/hadoop-ozone/integration-test/target/test-dir/MiniOzoneClusterImpl-8d40f1f0-3e23-4273-879b-a609159ae6a4/omNode-1/db.snapshots/om.db-efeefbc0-45d8-45c0-b8fd-3b6cf0574aee in 21 milliseconds
2023-03-15 06:53:42,110 [OMDoubleBufferFlushThread] INFO  db.RDBCheckpointManager (RDBCheckpointManager.java:waitForCheckpointDirectoryExist(125)) - Waited for 0 milliseconds for checkpoint directory /home/runner/work/ozone/ozone/hadoop-ozone/integration-test/target/test-dir/MiniOzoneClusterImpl-8d40f1f0-3e23-4273-879b-a609159ae6a4/omNode-3/db.snapshots/om.db-efeefbc0-45d8-45c0-b8fd-3b6cf0574aee availability.
2023-03-15 06:53:42,110 [OMDoubleBufferFlushThread] INFO  om.OmSnapshotManager (OmSnapshotManager.java:createOmSnapshotCheckpoint(170)) - Created checkpoint : /home/runner/work/ozone/ozone/hadoop-ozone/integration-test/target/test-dir/MiniOzoneClusterImpl-8d40f1f0-3e23-4273-879b-a609159ae6a4/omNode-3/db.snapshots/om.db-efeefbc0-45d8-45c0-b8fd-3b6cf0574aee for snapshot snap19441
2023-03-15 06:53:42,111 [OMDoubleBufferFlushThread] INFO  db.RDBCheckpointManager (RDBCheckpointManager.java:waitForCheckpointDirectoryExist(125)) - Waited for 1 milliseconds for checkpoint directory /home/runner/work/ozone/ozone/hadoop-ozone/integration-test/target/test-dir/MiniOzoneClusterImpl-8d40f1f0-3e23-4273-879b-a609159ae6a4/omNode-1/db.snapshots/om.db-efeefbc0-45d8-45c0-b8fd-3b6cf0574aee availability.
2023-03-15 06:53:42,111 [OMDoubleBufferFlushThread] INFO  om.OmSnapshotManager (OmSnapshotManager.java:createOmSnapshotCheckpoint(170)) - Created checkpoint : /home/runner/work/ozone/ozone/hadoop-ozone/integration-test/target/test-dir/MiniOzoneClusterImpl-8d40f1f0-3e23-4273-879b-a609159ae6a4/omNode-1/db.snapshots/om.db-efeefbc0-45d8-45c0-b8fd-3b6cf0574aee for snapshot snap19441
2023-03-15 06:53:43,086 [IPC Server handler 10 on default port 34801] WARN  server.ServerUtils (ServerUtils.java:getDBPath(225)) - ozone.om.db.dirs is not configured. We recommend adding this setting. Falling back to ozone.metadata.dirs instead.
2023-03-15 06:53:43,087 [IPC Server handler 10 on default port 34801] INFO  codec.OmKeyInfoCodec (OmKeyInfoCodec.java:<init>(49)) - OmKeyInfoCodec ignorePipeline = true
2023-03-15 06:53:43,087 [IPC Server handler 10 on default port 34801] INFO  codec.RepeatedOmKeyInfoCodec (RepeatedOmKeyInfoCodec.java:<init>(41)) - RepeatedOmKeyInfoCodec ignorePipeline = true
2023-03-15 06:53:43,119 [IPC Server handler 10 on default port 34801] WARN  server.ServerUtils (ServerUtils.java:getDBPath(225)) - ozone.om.db.dirs is not configured. We recommend adding this setting. Falling back to ozone.metadata.dirs instead.
2023-03-15 06:53:43,119 [IPC Server handler 10 on default port 34801] INFO  codec.OmKeyInfoCodec (OmKeyInfoCodec.java:<init>(49)) - OmKeyInfoCodec ignorePipeline = true
2023-03-15 06:53:43,119 [IPC Server handler 10 on default port 34801] INFO  codec.RepeatedOmKeyInfoCodec (RepeatedOmKeyInfoCodec.java:<init>(41)) - RepeatedOmKeyInfoCodec ignorePipeline = true
2023-03-15 06:53:43,198 [IPC Server handler 10 on default port 34801] WARN  snapshot.SnapshotDiffManager (SnapshotDiffManager.java:getDeltaFiles(395)) - RocksDBCheckpointDiffer is not available, falling back to slow path
2023-03-15 06:53:43,215 [IPC Server handler 10 on default port 34801] WARN  snapshot.SnapshotDiffManager (SnapshotDiffManager.java:getDeltaFiles(395)) - RocksDBCheckpointDiffer is not available, falling back to slow path
2023-03-15 06:53:43,338 [OM StateMachine ApplyTransaction Thread - 0] INFO  snapshot.OMSnapshotCreateRequest (OMSnapshotCreateRequest.java:validateAndUpdateCache(204)) - Created snapshot 'snap64144' under path 'vol-03966/buck-48104'
2023-03-15 06:53:43,340 [OM StateMachine ApplyTransaction Thread - 0] INFO  snapshot.OMSnapshotCreateRequest (OMSnapshotCreateRequest.java:validateAndUpdateCache(204)) - Created snapshot 'snap64144' under path 'vol-03966/buck-48104'
2023-03-15 06:53:43,340 [OM StateMachine ApplyTransaction Thread - 0] INFO  snapshot.OMSnapshotCreateRequest (OMSnapshotCreateRequest.java:validateAndUpdateCache(204)) - Created snapshot 'snap64144' under path 'vol-03966/buck-48104'
2023-03-15 06:53:43,380 [OMDoubleBufferFlushThread] INFO  db.RDBCheckpointManager (RDBCheckpointManager.java:createCheckpoint(96)) - Created checkpoint in rocksDB at /home/runner/work/ozone/ozone/hadoop-ozone/integration-test/target/test-dir/MiniOzoneClusterImpl-8d40f1f0-3e23-4273-879b-a609159ae6a4/omNode-1/db.snapshots/om.db-8cee0a68-3f64-4d41-baec-5834c486e2d2 in 41 milliseconds
2023-03-15 06:53:43,383 [OMDoubleBufferFlushThread] INFO  db.RDBCheckpointManager (RDBCheckpointManager.java:waitForCheckpointDirectoryExist(125)) - Waited for 3 milliseconds for checkpoint directory /home/runner/work/ozone/ozone/hadoop-ozone/integration-test/target/test-dir/MiniOzoneClusterImpl-8d40f1f0-3e23-4273-879b-a609159ae6a4/omNode-1/db.snapshots/om.db-8cee0a68-3f64-4d41-baec-5834c486e2d2 availability.
2023-03-15 06:53:43,384 [OMDoubleBufferFlushThread] INFO  om.OmSnapshotManager (OmSnapshotManager.java:createOmSnapshotCheckpoint(170)) - Created checkpoint : /home/runner/work/ozone/ozone/hadoop-ozone/integration-test/target/test-dir/MiniOzoneClusterImpl-8d40f1f0-3e23-4273-879b-a609159ae6a4/omNode-1/db.snapshots/om.db-8cee0a68-3f64-4d41-baec-5834c486e2d2 for snapshot snap64144
2023-03-15 06:53:43,391 [OMDoubleBufferFlushThread] INFO  db.RDBCheckpointManager (RDBCheckpointManager.java:createCheckpoint(96)) - Created checkpoint in rocksDB at /home/runner/work/ozone/ozone/hadoop-ozone/integration-test/target/test-dir/MiniOzoneClusterImpl-8d40f1f0-3e23-4273-879b-a609159ae6a4/omNode-2/db.snapshots/om.db-8cee0a68-3f64-4d41-baec-5834c486e2d2 in 50 milliseconds
2023-03-15 06:53:43,392 [OMDoubleBufferFlushThread] INFO  db.RDBCheckpointManager (RDBCheckpointManager.java:waitForCheckpointDirectoryExist(125)) - Waited for 1 milliseconds for checkpoint directory /home/runner/work/ozone/ozone/hadoop-ozone/integration-test/target/test-dir/MiniOzoneClusterImpl-8d40f1f0-3e23-4273-879b-a609159ae6a4/omNode-2/db.snapshots/om.db-8cee0a68-3f64-4d41-baec-5834c486e2d2 availability.
2023-03-15 06:53:43,393 [OMDoubleBufferFlushThread] INFO  om.OmSnapshotManager (OmSnapshotManager.java:createOmSnapshotCheckpoint(170)) - Created checkpoint : /home/runner/work/ozone/ozone/hadoop-ozone/integration-test/target/test-dir/MiniOzoneClusterImpl-8d40f1f0-3e23-4273-879b-a609159ae6a4/omNode-2/db.snapshots/om.db-8cee0a68-3f64-4d41-baec-5834c486e2d2 for snapshot snap64144
2023-03-15 06:53:43,396 [OMDoubleBufferFlushThread] INFO  db.RDBCheckpointManager (RDBCheckpointManager.java:createCheckpoint(96)) - Created checkpoint in rocksDB at /home/runner/work/ozone/ozone/hadoop-ozone/integration-test/target/test-dir/MiniOzoneClusterImpl-8d40f1f0-3e23-4273-879b-a609159ae6a4/omNode-3/db.snapshots/om.db-8cee0a68-3f64-4d41-baec-5834c486e2d2 in 54 milliseconds
2023-03-15 06:53:43,396 [OMDoubleBufferFlushThread] INFO  db.RDBCheckpointManager (RDBCheckpointManager.java:waitForCheckpointDirectoryExist(125)) - Waited for 0 milliseconds for checkpoint directory /home/runner/work/ozone/ozone/hadoop-ozone/integration-test/target/test-dir/MiniOzoneClusterImpl-8d40f1f0-3e23-4273-879b-a609159ae6a4/omNode-3/db.snapshots/om.db-8cee0a68-3f64-4d41-baec-5834c486e2d2 availability.
2023-03-15 06:53:43,396 [OMDoubleBufferFlushThread] INFO  om.OmSnapshotManager (OmSnapshotManager.java:createOmSnapshotCheckpoint(170)) - Created checkpoint : /home/runner/work/ozone/ozone/hadoop-ozone/integration-test/target/test-dir/MiniOzoneClusterImpl-8d40f1f0-3e23-4273-879b-a609159ae6a4/omNode-3/db.snapshots/om.db-8cee0a68-3f64-4d41-baec-5834c486e2d2 for snapshot snap64144
2023-03-15 06:53:44,340 [IPC Server handler 12 on default port 34801] WARN  server.ServerUtils (ServerUtils.java:getDBPath(225)) - ozone.om.db.dirs is not configured. We recommend adding this setting. Falling back to ozone.metadata.dirs instead.
2023-03-15 06:53:44,340 [IPC Server handler 12 on default port 34801] INFO  codec.OmKeyInfoCodec (OmKeyInfoCodec.java:<init>(49)) - OmKeyInfoCodec ignorePipeline = true
2023-03-15 06:53:44,340 [IPC Server handler 12 on default port 34801] INFO  codec.RepeatedOmKeyInfoCodec (RepeatedOmKeyInfoCodec.java:<init>(41)) - RepeatedOmKeyInfoCodec ignorePipeline = true
2023-03-15 06:53:44,561 [OM StateMachine ApplyTransaction Thread - 0] INFO  snapshot.OMSnapshotCreateRequest (OMSnapshotCreateRequest.java:validateAndUpdateCache(204)) - Created snapshot 'snap88055' under path 'vol-03966/buck-48104'
2023-03-15 06:53:44,562 [OM StateMachine ApplyTransaction Thread - 0] INFO  snapshot.OMSnapshotCreateRequest (OMSnapshotCreateRequest.java:validateAndUpdateCache(204)) - Created snapshot 'snap88055' under path 'vol-03966/buck-48104'
2023-03-15 06:53:44,563 [OM StateMachine ApplyTransaction Thread - 0] INFO  snapshot.OMSnapshotCreateRequest (OMSnapshotCreateRequest.java:validateAndUpdateCache(204)) - Created snapshot 'snap88055' under path 'vol-03966/buck-48104'
2023-03-15 06:53:44,596 [OMDoubleBufferFlushThread] INFO  db.RDBCheckpointManager (RDBCheckpointManager.java:createCheckpoint(96)) - Created checkpoint in rocksDB at /home/runner/work/ozone/ozone/hadoop-ozone/integration-test/target/test-dir/MiniOzoneClusterImpl-8d40f1f0-3e23-4273-879b-a609159ae6a4/omNode-1/db.snapshots/om.db-3fdb1390-8331-41a8-b62c-5bccc93ff13b in 31 milliseconds
2023-03-15 06:53:44,596 [OMDoubleBufferFlushThread] INFO  db.RDBCheckpointManager (RDBCheckpointManager.java:waitForCheckpointDirectoryExist(125)) - Waited for 0 milliseconds for checkpoint directory /home/runner/work/ozone/ozone/hadoop-ozone/integration-test/target/test-dir/MiniOzoneClusterImpl-8d40f1f0-3e23-4273-879b-a609159ae6a4/omNode-1/db.snapshots/om.db-3fdb1390-8331-41a8-b62c-5bccc93ff13b availability.
2023-03-15 06:53:44,597 [OMDoubleBufferFlushThread] INFO  om.OmSnapshotManager (OmSnapshotManager.java:createOmSnapshotCheckpoint(170)) - Created checkpoint : /home/runner/work/ozone/ozone/hadoop-ozone/integration-test/target/test-dir/MiniOzoneClusterImpl-8d40f1f0-3e23-4273-879b-a609159ae6a4/omNode-1/db.snapshots/om.db-3fdb1390-8331-41a8-b62c-5bccc93ff13b for snapshot snap88055
2023-03-15 06:53:44,605 [OMDoubleBufferFlushThread] INFO  db.RDBCheckpointManager (RDBCheckpointManager.java:createCheckpoint(96)) - Created checkpoint in rocksDB at /home/runner/work/ozone/ozone/hadoop-ozone/integration-test/target/test-dir/MiniOzoneClusterImpl-8d40f1f0-3e23-4273-879b-a609159ae6a4/omNode-2/db.snapshots/om.db-3fdb1390-8331-41a8-b62c-5bccc93ff13b in 42 milliseconds
2023-03-15 06:53:44,606 [OMDoubleBufferFlushThread] INFO  db.RDBCheckpointManager (RDBCheckpointManager.java:createCheckpoint(96)) - Created checkpoint in rocksDB at /home/runner/work/ozone/ozone/hadoop-ozone/integration-test/target/test-dir/MiniOzoneClusterImpl-8d40f1f0-3e23-4273-879b-a609159ae6a4/omNode-3/db.snapshots/om.db-3fdb1390-8331-41a8-b62c-5bccc93ff13b in 43 milliseconds
2023-03-15 06:53:44,606 [OMDoubleBufferFlushThread] INFO  db.RDBCheckpointManager (RDBCheckpointManager.java:waitForCheckpointDirectoryExist(125)) - Waited for 1 milliseconds for checkpoint directory /home/runner/work/ozone/ozone/hadoop-ozone/integration-test/target/test-dir/MiniOzoneClusterImpl-8d40f1f0-3e23-4273-879b-a609159ae6a4/omNode-2/db.snapshots/om.db-3fdb1390-8331-41a8-b62c-5bccc93ff13b availability.
2023-03-15 06:53:44,606 [OMDoubleBufferFlushThread] INFO  om.OmSnapshotManager (OmSnapshotManager.java:createOmSnapshotCheckpoint(170)) - Created checkpoint : /home/runner/work/ozone/ozone/hadoop-ozone/integration-test/target/test-dir/MiniOzoneClusterImpl-8d40f1f0-3e23-4273-879b-a609159ae6a4/omNode-2/db.snapshots/om.db-3fdb1390-8331-41a8-b62c-5bccc93ff13b for snapshot snap88055
2023-03-15 06:53:44,607 [OMDoubleBufferFlushThread] INFO  db.RDBCheckpointManager (RDBCheckpointManager.java:waitForCheckpointDirectoryExist(125)) - Waited for 1 milliseconds for checkpoint directory /home/runner/work/ozone/ozone/hadoop-ozone/integration-test/target/test-dir/MiniOzoneClusterImpl-8d40f1f0-3e23-4273-879b-a609159ae6a4/omNode-3/db.snapshots/om.db-3fdb1390-8331-41a8-b62c-5bccc93ff13b availability.
2023-03-15 06:53:44,607 [OMDoubleBufferFlushThread] INFO  om.OmSnapshotManager (OmSnapshotManager.java:createOmSnapshotCheckpoint(170)) - Created checkpoint : /home/runner/work/ozone/ozone/hadoop-ozone/integration-test/target/test-dir/MiniOzoneClusterImpl-8d40f1f0-3e23-4273-879b-a609159ae6a4/omNode-3/db.snapshots/om.db-3fdb1390-8331-41a8-b62c-5bccc93ff13b for snapshot snap88055
2023-03-15 06:53:45,569 [IPC Server handler 5 on default port 34801] WARN  server.ServerUtils (ServerUtils.java:getDBPath(225)) - ozone.om.db.dirs is not configured. We recommend adding this setting. Falling back to ozone.metadata.dirs instead.
2023-03-15 06:53:45,569 [IPC Server handler 5 on default port 34801] INFO  codec.OmKeyInfoCodec (OmKeyInfoCodec.java:<init>(49)) - OmKeyInfoCodec ignorePipeline = true
2023-03-15 06:53:45,570 [IPC Server handler 5 on default port 34801] INFO  codec.RepeatedOmKeyInfoCodec (RepeatedOmKeyInfoCodec.java:<init>(41)) - RepeatedOmKeyInfoCodec ignorePipeline = true
2023-03-15 06:53:45,730 [OM StateMachine ApplyTransaction Thread - 0] INFO  snapshot.OMSnapshotCreateRequest (OMSnapshotCreateRequest.java:validateAndUpdateCache(204)) - Created snapshot 'snap30281' under path 'vol-03966/buck-48104'
2023-03-15 06:53:45,730 [OM StateMachine ApplyTransaction Thread - 0] INFO  snapshot.OMSnapshotCreateRequest (OMSnapshotCreateRequest.java:validateAndUpdateCache(204)) - Created snapshot 'snap30281' under path 'vol-03966/buck-48104'
2023-03-15 06:53:45,734 [OM StateMachine ApplyTransaction Thread - 0] INFO  snapshot.OMSnapshotCreateRequest (OMSnapshotCreateRequest.java:validateAndUpdateCache(204)) - Created snapshot 'snap30281' under path 'vol-03966/buck-48104'
2023-03-15 06:53:45,767 [OMDoubleBufferFlushThread] INFO  db.RDBCheckpointManager (RDBCheckpointManager.java:createCheckpoint(96)) - Created checkpoint in rocksDB at /home/runner/work/ozone/ozone/hadoop-ozone/integration-test/target/test-dir/MiniOzoneClusterImpl-8d40f1f0-3e23-4273-879b-a609159ae6a4/omNode-2/db.snapshots/om.db-aaa79e1f-7057-4899-ac8c-e3729c1d530f in 32 milliseconds
2023-03-15 06:53:45,771 [OMDoubleBufferFlushThread] INFO  db.RDBCheckpointManager (RDBCheckpointManager.java:waitForCheckpointDirectoryExist(125)) - Waited for 4 milliseconds for checkpoint directory /home/runner/work/ozone/ozone/hadoop-ozone/integration-test/target/test-dir/MiniOzoneClusterImpl-8d40f1f0-3e23-4273-879b-a609159ae6a4/omNode-2/db.snapshots/om.db-aaa79e1f-7057-4899-ac8c-e3729c1d530f availability.
2023-03-15 06:53:45,771 [OMDoubleBufferFlushThread] INFO  om.OmSnapshotManager (OmSnapshotManager.java:createOmSnapshotCheckpoint(170)) - Created checkpoint : /home/runner/work/ozone/ozone/hadoop-ozone/integration-test/target/test-dir/MiniOzoneClusterImpl-8d40f1f0-3e23-4273-879b-a609159ae6a4/omNode-2/db.snapshots/om.db-aaa79e1f-7057-4899-ac8c-e3729c1d530f for snapshot snap30281
2023-03-15 06:53:45,772 [OMDoubleBufferFlushThread] INFO  db.RDBCheckpointManager (RDBCheckpointManager.java:createCheckpoint(96)) - Created checkpoint in rocksDB at /home/runner/work/ozone/ozone/hadoop-ozone/integration-test/target/test-dir/MiniOzoneClusterImpl-8d40f1f0-3e23-4273-879b-a609159ae6a4/omNode-1/db.snapshots/om.db-aaa79e1f-7057-4899-ac8c-e3729c1d530f in 36 milliseconds
2023-03-15 06:53:45,780 [OMDoubleBufferFlushThread] INFO  db.RDBCheckpointManager (RDBCheckpointManager.java:waitForCheckpointDirectoryExist(125)) - Waited for 8 milliseconds for checkpoint directory /home/runner/work/ozone/ozone/hadoop-ozone/integration-test/target/test-dir/MiniOzoneClusterImpl-8d40f1f0-3e23-4273-879b-a609159ae6a4/omNode-1/db.snapshots/om.db-aaa79e1f-7057-4899-ac8c-e3729c1d530f availability.
2023-03-15 06:53:45,780 [OMDoubleBufferFlushThread] INFO  om.OmSnapshotManager (OmSnapshotManager.java:createOmSnapshotCheckpoint(170)) - Created checkpoint : /home/runner/work/ozone/ozone/hadoop-ozone/integration-test/target/test-dir/MiniOzoneClusterImpl-8d40f1f0-3e23-4273-879b-a609159ae6a4/omNode-1/db.snapshots/om.db-aaa79e1f-7057-4899-ac8c-e3729c1d530f for snapshot snap30281
2023-03-15 06:53:45,783 [OMDoubleBufferFlushThread] INFO  db.RDBCheckpointManager (RDBCheckpointManager.java:createCheckpoint(96)) - Created checkpoint in rocksDB at /home/runner/work/ozone/ozone/hadoop-ozone/integration-test/target/test-dir/MiniOzoneClusterImpl-8d40f1f0-3e23-4273-879b-a609159ae6a4/omNode-3/db.snapshots/om.db-aaa79e1f-7057-4899-ac8c-e3729c1d530f in 47 milliseconds
2023-03-15 06:53:45,786 [OMDoubleBufferFlushThread] INFO  db.RDBCheckpointManager (RDBCheckpointManager.java:waitForCheckpointDirectoryExist(125)) - Waited for 3 milliseconds for checkpoint directory /home/runner/work/ozone/ozone/hadoop-ozone/integration-test/target/test-dir/MiniOzoneClusterImpl-8d40f1f0-3e23-4273-879b-a609159ae6a4/omNode-3/db.snapshots/om.db-aaa79e1f-7057-4899-ac8c-e3729c1d530f availability.
2023-03-15 06:53:45,786 [OMDoubleBufferFlushThread] INFO  om.OmSnapshotManager (OmSnapshotManager.java:createOmSnapshotCheckpoint(170)) - Created checkpoint : /home/runner/work/ozone/ozone/hadoop-ozone/integration-test/target/test-dir/MiniOzoneClusterImpl-8d40f1f0-3e23-4273-879b-a609159ae6a4/omNode-3/db.snapshots/om.db-aaa79e1f-7057-4899-ac8c-e3729c1d530f for snapshot snap30281
2023-03-15 06:53:46,732 [IPC Server handler 0 on default port 34801] WARN  server.ServerUtils (ServerUtils.java:getDBPath(225)) - ozone.om.db.dirs is not configured. We recommend adding this setting. Falling back to ozone.metadata.dirs instead.
2023-03-15 06:53:46,732 [IPC Server handler 0 on default port 34801] INFO  codec.OmKeyInfoCodec (OmKeyInfoCodec.java:<init>(49)) - OmKeyInfoCodec ignorePipeline = true
2023-03-15 06:53:46,732 [IPC Server handler 0 on default port 34801] INFO  codec.RepeatedOmKeyInfoCodec (RepeatedOmKeyInfoCodec.java:<init>(41)) - RepeatedOmKeyInfoCodec ignorePipeline = true
]]></system-out>
  </testcase>
  <testcase name="testSnapDiff" classname="TestOmSnapshot" time="5.722">
    <system-out><![CDATA[2023-03-15 06:54:41,851 [Time-limited test] INFO  rpc.RpcClient (RpcClient.java:createVolume(476)) - Creating Volume: vol-95882, with runner as owner and space quota set to -1 bytes, counts quota set to -1
2023-03-15 06:54:41,853 [OM StateMachine ApplyTransaction Thread - 0] INFO  volume.OMVolumeCreateRequest (OMVolumeCreateRequest.java:validateAndUpdateCache(195)) - created volume:vol-95882 for user:runner
2023-03-15 06:54:41,855 [Time-limited test] INFO  rpc.RpcClient (RpcClient.java:createBucket(698)) - Creating Bucket: vol-95882/buck-16385, with server-side default bucket layout, runner as owner, Versioning false, Storage Type set to DISK and Encryption set to false, Replication Type set to server-side default replication type, Namespace Quota set to -1, Space Quota set to -1 
2023-03-15 06:54:41,856 [OM StateMachine ApplyTransaction Thread - 0] INFO  volume.OMVolumeCreateRequest (OMVolumeCreateRequest.java:validateAndUpdateCache(195)) - created volume:vol-95882 for user:runner
2023-03-15 06:54:41,856 [OM StateMachine ApplyTransaction Thread - 0] INFO  volume.OMVolumeCreateRequest (OMVolumeCreateRequest.java:validateAndUpdateCache(195)) - created volume:vol-95882 for user:runner
2023-03-15 06:54:41,858 [OM StateMachine ApplyTransaction Thread - 0] INFO  bucket.OMBucketCreateRequest (OMBucketCreateRequest.java:validateAndUpdateCache(263)) - created bucket: buck-16385 of layout LEGACY in volume: vol-95882
2023-03-15 06:54:41,859 [OM StateMachine ApplyTransaction Thread - 0] INFO  bucket.OMBucketCreateRequest (OMBucketCreateRequest.java:validateAndUpdateCache(263)) - created bucket: buck-16385 of layout LEGACY in volume: vol-95882
2023-03-15 06:54:41,860 [OM StateMachine ApplyTransaction Thread - 0] INFO  bucket.OMBucketCreateRequest (OMBucketCreateRequest.java:validateAndUpdateCache(263)) - created bucket: buck-16385 of layout LEGACY in volume: vol-95882
2023-03-15 06:54:41,883 [OM StateMachine ApplyTransaction Thread - 0] INFO  snapshot.OMSnapshotCreateRequest (OMSnapshotCreateRequest.java:validateAndUpdateCache(204)) - Created snapshot 'snap52958' under path 'vol-95882/buck-16385'
2023-03-15 06:54:41,883 [OM StateMachine ApplyTransaction Thread - 0] INFO  snapshot.OMSnapshotCreateRequest (OMSnapshotCreateRequest.java:validateAndUpdateCache(204)) - Created snapshot 'snap52958' under path 'vol-95882/buck-16385'
2023-03-15 06:54:41,885 [OM StateMachine ApplyTransaction Thread - 0] INFO  snapshot.OMSnapshotCreateRequest (OMSnapshotCreateRequest.java:validateAndUpdateCache(204)) - Created snapshot 'snap52958' under path 'vol-95882/buck-16385'
2023-03-15 06:54:41,930 [OMDoubleBufferFlushThread] INFO  db.RDBCheckpointManager (RDBCheckpointManager.java:createCheckpoint(96)) - Created checkpoint in rocksDB at /home/runner/work/ozone/ozone/hadoop-ozone/integration-test/target/test-dir/MiniOzoneClusterImpl-88c1a39f-978e-429a-824f-6eda176bb531/omNode-3/db.snapshots/om.db-c5fa5d01-f357-448a-8471-9cfc5ddc1f7d in 45 milliseconds
2023-03-15 06:54:41,931 [OMDoubleBufferFlushThread] INFO  db.RDBCheckpointManager (RDBCheckpointManager.java:createCheckpoint(96)) - Created checkpoint in rocksDB at /home/runner/work/ozone/ozone/hadoop-ozone/integration-test/target/test-dir/MiniOzoneClusterImpl-88c1a39f-978e-429a-824f-6eda176bb531/omNode-2/db.snapshots/om.db-c5fa5d01-f357-448a-8471-9cfc5ddc1f7d in 45 milliseconds
2023-03-15 06:54:41,931 [OMDoubleBufferFlushThread] INFO  db.RDBCheckpointManager (RDBCheckpointManager.java:waitForCheckpointDirectoryExist(125)) - Waited for 0 milliseconds for checkpoint directory /home/runner/work/ozone/ozone/hadoop-ozone/integration-test/target/test-dir/MiniOzoneClusterImpl-88c1a39f-978e-429a-824f-6eda176bb531/omNode-2/db.snapshots/om.db-c5fa5d01-f357-448a-8471-9cfc5ddc1f7d availability.
2023-03-15 06:54:41,931 [OMDoubleBufferFlushThread] INFO  om.OmSnapshotManager (OmSnapshotManager.java:createOmSnapshotCheckpoint(170)) - Created checkpoint : /home/runner/work/ozone/ozone/hadoop-ozone/integration-test/target/test-dir/MiniOzoneClusterImpl-88c1a39f-978e-429a-824f-6eda176bb531/omNode-2/db.snapshots/om.db-c5fa5d01-f357-448a-8471-9cfc5ddc1f7d for snapshot snap52958
2023-03-15 06:54:41,932 [OMDoubleBufferFlushThread] INFO  db.RDBCheckpointManager (RDBCheckpointManager.java:createCheckpoint(96)) - Created checkpoint in rocksDB at /home/runner/work/ozone/ozone/hadoop-ozone/integration-test/target/test-dir/MiniOzoneClusterImpl-88c1a39f-978e-429a-824f-6eda176bb531/omNode-1/db.snapshots/om.db-c5fa5d01-f357-448a-8471-9cfc5ddc1f7d in 47 milliseconds
2023-03-15 06:54:41,932 [OMDoubleBufferFlushThread] INFO  db.RDBCheckpointManager (RDBCheckpointManager.java:waitForCheckpointDirectoryExist(125)) - Waited for 2 milliseconds for checkpoint directory /home/runner/work/ozone/ozone/hadoop-ozone/integration-test/target/test-dir/MiniOzoneClusterImpl-88c1a39f-978e-429a-824f-6eda176bb531/omNode-3/db.snapshots/om.db-c5fa5d01-f357-448a-8471-9cfc5ddc1f7d availability.
2023-03-15 06:54:41,932 [OMDoubleBufferFlushThread] INFO  db.RDBCheckpointManager (RDBCheckpointManager.java:waitForCheckpointDirectoryExist(125)) - Waited for 0 milliseconds for checkpoint directory /home/runner/work/ozone/ozone/hadoop-ozone/integration-test/target/test-dir/MiniOzoneClusterImpl-88c1a39f-978e-429a-824f-6eda176bb531/omNode-1/db.snapshots/om.db-c5fa5d01-f357-448a-8471-9cfc5ddc1f7d availability.
2023-03-15 06:54:41,932 [OMDoubleBufferFlushThread] INFO  om.OmSnapshotManager (OmSnapshotManager.java:createOmSnapshotCheckpoint(170)) - Created checkpoint : /home/runner/work/ozone/ozone/hadoop-ozone/integration-test/target/test-dir/MiniOzoneClusterImpl-88c1a39f-978e-429a-824f-6eda176bb531/omNode-1/db.snapshots/om.db-c5fa5d01-f357-448a-8471-9cfc5ddc1f7d for snapshot snap52958
2023-03-15 06:54:41,932 [OMDoubleBufferFlushThread] INFO  om.OmSnapshotManager (OmSnapshotManager.java:createOmSnapshotCheckpoint(170)) - Created checkpoint : /home/runner/work/ozone/ozone/hadoop-ozone/integration-test/target/test-dir/MiniOzoneClusterImpl-88c1a39f-978e-429a-824f-6eda176bb531/omNode-3/db.snapshots/om.db-c5fa5d01-f357-448a-8471-9cfc5ddc1f7d for snapshot snap52958
2023-03-15 06:54:42,888 [OM StateMachine ApplyTransaction Thread - 0] INFO  snapshot.OMSnapshotCreateRequest (OMSnapshotCreateRequest.java:validateAndUpdateCache(204)) - Created snapshot 'snap80350' under path 'vol-95882/buck-16385'
2023-03-15 06:54:42,889 [OM StateMachine ApplyTransaction Thread - 0] INFO  snapshot.OMSnapshotCreateRequest (OMSnapshotCreateRequest.java:validateAndUpdateCache(204)) - Created snapshot 'snap80350' under path 'vol-95882/buck-16385'
2023-03-15 06:54:42,890 [OM StateMachine ApplyTransaction Thread - 0] INFO  snapshot.OMSnapshotCreateRequest (OMSnapshotCreateRequest.java:validateAndUpdateCache(204)) - Created snapshot 'snap80350' under path 'vol-95882/buck-16385'
2023-03-15 06:54:42,915 [Finalizer] WARN  managed.ManagedRocksObjectUtils (ManagedRocksObjectUtils.java:assertClosed(54)) - RocksIterator is not closed properly
2023-03-15 06:54:42,915 [Finalizer] WARN  managed.ManagedRocksObjectUtils (ManagedRocksObjectUtils.java:assertClosed(54)) - RocksIterator is not closed properly
2023-03-15 06:54:42,915 [Finalizer] WARN  managed.ManagedRocksObjectUtils (ManagedRocksObjectUtils.java:assertClosed(54)) - RocksIterator is not closed properly
2023-03-15 06:54:42,915 [Finalizer] WARN  managed.ManagedRocksObjectUtils (ManagedRocksObjectUtils.java:assertClosed(54)) - RocksIterator is not closed properly
2023-03-15 06:54:42,915 [Finalizer] WARN  managed.ManagedRocksObjectUtils (ManagedRocksObjectUtils.java:assertClosed(54)) - RocksIterator is not closed properly
2023-03-15 06:54:42,915 [Finalizer] WARN  managed.ManagedRocksObjectUtils (ManagedRocksObjectUtils.java:assertClosed(54)) - RocksIterator is not closed properly
2023-03-15 06:54:42,915 [Finalizer] WARN  managed.ManagedRocksObjectUtils (ManagedRocksObjectUtils.java:assertClosed(54)) - RocksIterator is not closed properly
2023-03-15 06:54:42,915 [Finalizer] WARN  managed.ManagedRocksObjectUtils (ManagedRocksObjectUtils.java:assertClosed(54)) - RocksIterator is not closed properly
2023-03-15 06:54:42,916 [Finalizer] WARN  managed.ManagedRocksObjectUtils (ManagedRocksObjectUtils.java:assertClosed(54)) - RocksIterator is not closed properly
2023-03-15 06:54:42,916 [Finalizer] WARN  managed.ManagedRocksObjectUtils (ManagedRocksObjectUtils.java:assertClosed(54)) - RocksIterator is not closed properly
2023-03-15 06:54:42,916 [Finalizer] WARN  managed.ManagedRocksObjectUtils (ManagedRocksObjectUtils.java:assertClosed(54)) - RocksIterator is not closed properly
2023-03-15 06:54:42,916 [Finalizer] WARN  managed.ManagedRocksObjectUtils (ManagedRocksObjectUtils.java:assertClosed(54)) - RocksIterator is not closed properly
2023-03-15 06:54:42,916 [Finalizer] WARN  managed.ManagedRocksObjectUtils (ManagedRocksObjectUtils.java:assertClosed(54)) - RocksIterator is not closed properly
2023-03-15 06:54:42,916 [Finalizer] WARN  managed.ManagedRocksObjectUtils (ManagedRocksObjectUtils.java:assertClosed(54)) - RocksIterator is not closed properly
2023-03-15 06:54:42,916 [Finalizer] WARN  managed.ManagedRocksObjectUtils (ManagedRocksObjectUtils.java:assertClosed(54)) - RocksIterator is not closed properly
2023-03-15 06:54:42,916 [Finalizer] WARN  managed.ManagedRocksObjectUtils (ManagedRocksObjectUtils.java:assertClosed(54)) - RocksIterator is not closed properly
2023-03-15 06:54:42,916 [Finalizer] WARN  managed.ManagedRocksObjectUtils (ManagedRocksObjectUtils.java:assertClosed(54)) - RocksIterator is not closed properly
2023-03-15 06:54:42,916 [Finalizer] WARN  managed.ManagedRocksObjectUtils (ManagedRocksObjectUtils.java:assertClosed(54)) - RocksIterator is not closed properly
2023-03-15 06:54:42,917 [Finalizer] WARN  managed.ManagedRocksObjectUtils (ManagedRocksObjectUtils.java:assertClosed(54)) - RocksIterator is not closed properly
2023-03-15 06:54:42,918 [Finalizer] WARN  managed.ManagedRocksObjectUtils (ManagedRocksObjectUtils.java:assertClosed(54)) - RocksIterator is not closed properly
2023-03-15 06:54:42,918 [Finalizer] WARN  managed.ManagedRocksObjectUtils (ManagedRocksObjectUtils.java:assertClosed(54)) - RocksIterator is not closed properly
2023-03-15 06:54:42,918 [Finalizer] WARN  managed.ManagedRocksObjectUtils (ManagedRocksObjectUtils.java:assertClosed(54)) - RocksIterator is not closed properly
2023-03-15 06:54:42,918 [Finalizer] WARN  managed.ManagedRocksObjectUtils (ManagedRocksObjectUtils.java:assertClosed(54)) - RocksIterator is not closed properly
2023-03-15 06:54:42,918 [Finalizer] WARN  managed.ManagedRocksObjectUtils (ManagedRocksObjectUtils.java:assertClosed(54)) - RocksIterator is not closed properly
2023-03-15 06:54:42,918 [Finalizer] WARN  managed.ManagedRocksObjectUtils (ManagedRocksObjectUtils.java:assertClosed(54)) - RocksIterator is not closed properly
2023-03-15 06:54:42,918 [Finalizer] WARN  managed.ManagedRocksObjectUtils (ManagedRocksObjectUtils.java:assertClosed(54)) - RocksIterator is not closed properly
2023-03-15 06:54:42,918 [Finalizer] WARN  managed.ManagedRocksObjectUtils (ManagedRocksObjectUtils.java:assertClosed(54)) - RocksIterator is not closed properly
2023-03-15 06:54:42,919 [Finalizer] WARN  managed.ManagedRocksObjectUtils (ManagedRocksObjectUtils.java:assertClosed(54)) - RocksIterator is not closed properly
2023-03-15 06:54:42,919 [Finalizer] WARN  managed.ManagedRocksObjectUtils (ManagedRocksObjectUtils.java:assertClosed(54)) - RocksIterator is not closed properly
2023-03-15 06:54:42,919 [Finalizer] WARN  managed.ManagedRocksObjectUtils (ManagedRocksObjectUtils.java:assertClosed(54)) - RocksIterator is not closed properly
2023-03-15 06:54:42,919 [Finalizer] WARN  managed.ManagedRocksObjectUtils (ManagedRocksObjectUtils.java:assertClosed(54)) - RocksIterator is not closed properly
2023-03-15 06:54:42,919 [Finalizer] WARN  managed.ManagedRocksObjectUtils (ManagedRocksObjectUtils.java:assertClosed(54)) - RocksIterator is not closed properly
2023-03-15 06:54:42,919 [Finalizer] WARN  managed.ManagedRocksObjectUtils (ManagedRocksObjectUtils.java:assertClosed(54)) - RocksIterator is not closed properly
2023-03-15 06:54:42,919 [Finalizer] WARN  managed.ManagedRocksObjectUtils (ManagedRocksObjectUtils.java:assertClosed(54)) - RocksIterator is not closed properly
2023-03-15 06:54:42,919 [Finalizer] WARN  managed.ManagedRocksObjectUtils (ManagedRocksObjectUtils.java:assertClosed(54)) - RocksIterator is not closed properly
2023-03-15 06:54:42,919 [Finalizer] WARN  managed.ManagedRocksObjectUtils (ManagedRocksObjectUtils.java:assertClosed(54)) - RocksIterator is not closed properly
2023-03-15 06:54:42,919 [Finalizer] WARN  managed.ManagedRocksObjectUtils (ManagedRocksObjectUtils.java:assertClosed(54)) - RocksIterator is not closed properly
2023-03-15 06:54:42,919 [Finalizer] WARN  managed.ManagedRocksObjectUtils (ManagedRocksObjectUtils.java:assertClosed(54)) - RocksIterator is not closed properly
2023-03-15 06:54:42,921 [Finalizer] WARN  managed.ManagedRocksObjectUtils (ManagedRocksObjectUtils.java:assertClosed(54)) - RocksIterator is not closed properly
2023-03-15 06:54:42,921 [Finalizer] WARN  managed.ManagedRocksObjectUtils (ManagedRocksObjectUtils.java:assertClosed(54)) - ManagedColumnFamilyOptions is not closed properly
2023-03-15 06:54:42,921 [Finalizer] WARN  managed.ManagedRocksObjectUtils (ManagedRocksObjectUtils.java:assertClosed(54)) - ManagedColumnFamilyOptions is not closed properly
2023-03-15 06:54:42,922 [Finalizer] WARN  managed.ManagedRocksObjectUtils (ManagedRocksObjectUtils.java:assertClosed(54)) - ManagedColumnFamilyOptions is not closed properly
2023-03-15 06:54:42,922 [Finalizer] WARN  managed.ManagedRocksObjectUtils (ManagedRocksObjectUtils.java:assertClosed(54)) - ManagedColumnFamilyOptions is not closed properly
2023-03-15 06:54:42,922 [Finalizer] WARN  managed.ManagedRocksObjectUtils (ManagedRocksObjectUtils.java:assertClosed(54)) - ManagedColumnFamilyOptions is not closed properly
2023-03-15 06:54:42,922 [Finalizer] WARN  managed.ManagedRocksObjectUtils (ManagedRocksObjectUtils.java:assertClosed(54)) - ManagedColumnFamilyOptions is not closed properly
2023-03-15 06:54:42,922 [Finalizer] WARN  managed.ManagedRocksObjectUtils (ManagedRocksObjectUtils.java:assertClosed(54)) - ManagedColumnFamilyOptions is not closed properly
2023-03-15 06:54:42,922 [Finalizer] WARN  managed.ManagedRocksObjectUtils (ManagedRocksObjectUtils.java:assertClosed(54)) - ManagedColumnFamilyOptions is not closed properly
2023-03-15 06:54:42,922 [Finalizer] WARN  managed.ManagedRocksObjectUtils (ManagedRocksObjectUtils.java:assertClosed(54)) - RocksIterator is not closed properly
2023-03-15 06:54:42,922 [Finalizer] WARN  managed.ManagedRocksObjectUtils (ManagedRocksObjectUtils.java:assertClosed(54)) - RocksIterator is not closed properly
2023-03-15 06:54:42,922 [Finalizer] WARN  managed.ManagedRocksObjectUtils (ManagedRocksObjectUtils.java:assertClosed(54)) - RocksIterator is not closed properly
2023-03-15 06:54:42,922 [Finalizer] WARN  managed.ManagedRocksObjectUtils (ManagedRocksObjectUtils.java:assertClosed(54)) - RocksIterator is not closed properly
2023-03-15 06:54:42,922 [Finalizer] WARN  managed.ManagedRocksObjectUtils (ManagedRocksObjectUtils.java:assertClosed(54)) - RocksIterator is not closed properly
2023-03-15 06:54:42,922 [Finalizer] WARN  managed.ManagedRocksObjectUtils (ManagedRocksObjectUtils.java:assertClosed(54)) - RocksIterator is not closed properly
2023-03-15 06:54:42,922 [Finalizer] WARN  managed.ManagedRocksObjectUtils (ManagedRocksObjectUtils.java:assertClosed(54)) - RocksIterator is not closed properly
2023-03-15 06:54:42,922 [Finalizer] WARN  managed.ManagedRocksObjectUtils (ManagedRocksObjectUtils.java:assertClosed(54)) - RocksIterator is not closed properly
2023-03-15 06:54:42,922 [Finalizer] WARN  managed.ManagedRocksObjectUtils (ManagedRocksObjectUtils.java:assertClosed(54)) - RocksIterator is not closed properly
2023-03-15 06:54:42,923 [Finalizer] WARN  managed.ManagedRocksObjectUtils (ManagedRocksObjectUtils.java:assertClosed(54)) - RocksIterator is not closed properly
2023-03-15 06:54:42,923 [Finalizer] WARN  managed.ManagedRocksObjectUtils (ManagedRocksObjectUtils.java:assertClosed(54)) - RocksIterator is not closed properly
2023-03-15 06:54:42,923 [Finalizer] WARN  managed.ManagedRocksObjectUtils (ManagedRocksObjectUtils.java:assertClosed(54)) - RocksIterator is not closed properly
2023-03-15 06:54:42,923 [Finalizer] WARN  managed.ManagedRocksObjectUtils (ManagedRocksObjectUtils.java:assertClosed(54)) - RocksIterator is not closed properly
2023-03-15 06:54:42,923 [Finalizer] WARN  managed.ManagedRocksObjectUtils (ManagedRocksObjectUtils.java:assertClosed(54)) - RocksIterator is not closed properly
2023-03-15 06:54:42,923 [Finalizer] WARN  managed.ManagedRocksObjectUtils (ManagedRocksObjectUtils.java:assertClosed(54)) - RocksIterator is not closed properly
2023-03-15 06:54:42,923 [Finalizer] WARN  managed.ManagedRocksObjectUtils (ManagedRocksObjectUtils.java:assertClosed(54)) - RocksIterator is not closed properly
2023-03-15 06:54:42,923 [Finalizer] WARN  managed.ManagedRocksObjectUtils (ManagedRocksObjectUtils.java:assertClosed(54)) - RocksIterator is not closed properly
2023-03-15 06:54:42,923 [Finalizer] WARN  managed.ManagedRocksObjectUtils (ManagedRocksObjectUtils.java:assertClosed(54)) - RocksIterator is not closed properly
2023-03-15 06:54:42,923 [Finalizer] WARN  managed.ManagedRocksObjectUtils (ManagedRocksObjectUtils.java:assertClosed(54)) - RocksIterator is not closed properly
2023-03-15 06:54:42,923 [Finalizer] WARN  managed.ManagedRocksObjectUtils (ManagedRocksObjectUtils.java:assertClosed(54)) - RocksIterator is not closed properly
2023-03-15 06:54:42,923 [Finalizer] WARN  managed.ManagedRocksObjectUtils (ManagedRocksObjectUtils.java:assertClosed(54)) - RocksIterator is not closed properly
2023-03-15 06:54:42,923 [Finalizer] WARN  managed.ManagedRocksObjectUtils (ManagedRocksObjectUtils.java:assertClosed(54)) - RocksIterator is not closed properly
2023-03-15 06:54:42,923 [Finalizer] WARN  managed.ManagedRocksObjectUtils (ManagedRocksObjectUtils.java:assertClosed(54)) - RocksIterator is not closed properly
2023-03-15 06:54:42,923 [Finalizer] WARN  managed.ManagedRocksObjectUtils (ManagedRocksObjectUtils.java:assertClosed(54)) - RocksIterator is not closed properly
2023-03-15 06:54:42,934 [OMDoubleBufferFlushThread] INFO  db.RDBCheckpointManager (RDBCheckpointManager.java:createCheckpoint(96)) - Created checkpoint in rocksDB at /home/runner/work/ozone/ozone/hadoop-ozone/integration-test/target/test-dir/MiniOzoneClusterImpl-88c1a39f-978e-429a-824f-6eda176bb531/omNode-3/db.snapshots/om.db-eb0675b6-c936-4a96-a770-6c1e76333831 in 20 milliseconds
2023-03-15 06:54:42,935 [OMDoubleBufferFlushThread] INFO  db.RDBCheckpointManager (RDBCheckpointManager.java:createCheckpoint(96)) - Created checkpoint in rocksDB at /home/runner/work/ozone/ozone/hadoop-ozone/integration-test/target/test-dir/MiniOzoneClusterImpl-88c1a39f-978e-429a-824f-6eda176bb531/omNode-2/db.snapshots/om.db-eb0675b6-c936-4a96-a770-6c1e76333831 in 21 milliseconds
2023-03-15 06:54:42,939 [OMDoubleBufferFlushThread] INFO  db.RDBCheckpointManager (RDBCheckpointManager.java:createCheckpoint(96)) - Created checkpoint in rocksDB at /home/runner/work/ozone/ozone/hadoop-ozone/integration-test/target/test-dir/MiniOzoneClusterImpl-88c1a39f-978e-429a-824f-6eda176bb531/omNode-1/db.snapshots/om.db-eb0675b6-c936-4a96-a770-6c1e76333831 in 48 milliseconds
2023-03-15 06:54:42,943 [OMDoubleBufferFlushThread] INFO  db.RDBCheckpointManager (RDBCheckpointManager.java:waitForCheckpointDirectoryExist(125)) - Waited for 8 milliseconds for checkpoint directory /home/runner/work/ozone/ozone/hadoop-ozone/integration-test/target/test-dir/MiniOzoneClusterImpl-88c1a39f-978e-429a-824f-6eda176bb531/omNode-3/db.snapshots/om.db-eb0675b6-c936-4a96-a770-6c1e76333831 availability.
2023-03-15 06:54:42,943 [OMDoubleBufferFlushThread] INFO  om.OmSnapshotManager (OmSnapshotManager.java:createOmSnapshotCheckpoint(170)) - Created checkpoint : /home/runner/work/ozone/ozone/hadoop-ozone/integration-test/target/test-dir/MiniOzoneClusterImpl-88c1a39f-978e-429a-824f-6eda176bb531/omNode-3/db.snapshots/om.db-eb0675b6-c936-4a96-a770-6c1e76333831 for snapshot snap80350
2023-03-15 06:54:42,944 [OMDoubleBufferFlushThread] INFO  db.RDBCheckpointManager (RDBCheckpointManager.java:waitForCheckpointDirectoryExist(125)) - Waited for 5 milliseconds for checkpoint directory /home/runner/work/ozone/ozone/hadoop-ozone/integration-test/target/test-dir/MiniOzoneClusterImpl-88c1a39f-978e-429a-824f-6eda176bb531/omNode-1/db.snapshots/om.db-eb0675b6-c936-4a96-a770-6c1e76333831 availability.
2023-03-15 06:54:42,944 [OMDoubleBufferFlushThread] INFO  om.OmSnapshotManager (OmSnapshotManager.java:createOmSnapshotCheckpoint(170)) - Created checkpoint : /home/runner/work/ozone/ozone/hadoop-ozone/integration-test/target/test-dir/MiniOzoneClusterImpl-88c1a39f-978e-429a-824f-6eda176bb531/omNode-1/db.snapshots/om.db-eb0675b6-c936-4a96-a770-6c1e76333831 for snapshot snap80350
2023-03-15 06:54:42,945 [OMDoubleBufferFlushThread] INFO  db.RDBCheckpointManager (RDBCheckpointManager.java:waitForCheckpointDirectoryExist(125)) - Waited for 10 milliseconds for checkpoint directory /home/runner/work/ozone/ozone/hadoop-ozone/integration-test/target/test-dir/MiniOzoneClusterImpl-88c1a39f-978e-429a-824f-6eda176bb531/omNode-2/db.snapshots/om.db-eb0675b6-c936-4a96-a770-6c1e76333831 availability.
2023-03-15 06:54:42,945 [OMDoubleBufferFlushThread] INFO  om.OmSnapshotManager (OmSnapshotManager.java:createOmSnapshotCheckpoint(170)) - Created checkpoint : /home/runner/work/ozone/ozone/hadoop-ozone/integration-test/target/test-dir/MiniOzoneClusterImpl-88c1a39f-978e-429a-824f-6eda176bb531/omNode-2/db.snapshots/om.db-eb0675b6-c936-4a96-a770-6c1e76333831 for snapshot snap80350
2023-03-15 06:54:43,890 [IPC Server handler 17 on default port 43319] WARN  server.ServerUtils (ServerUtils.java:getDBPath(225)) - ozone.om.db.dirs is not configured. We recommend adding this setting. Falling back to ozone.metadata.dirs instead.
2023-03-15 06:54:43,891 [IPC Server handler 17 on default port 43319] INFO  codec.OmKeyInfoCodec (OmKeyInfoCodec.java:<init>(49)) - OmKeyInfoCodec ignorePipeline = true
2023-03-15 06:54:43,891 [IPC Server handler 17 on default port 43319] INFO  codec.RepeatedOmKeyInfoCodec (RepeatedOmKeyInfoCodec.java:<init>(41)) - RepeatedOmKeyInfoCodec ignorePipeline = true
2023-03-15 06:54:43,932 [IPC Server handler 17 on default port 43319] WARN  server.ServerUtils (ServerUtils.java:getDBPath(225)) - ozone.om.db.dirs is not configured. We recommend adding this setting. Falling back to ozone.metadata.dirs instead.
2023-03-15 06:54:43,932 [IPC Server handler 17 on default port 43319] INFO  codec.OmKeyInfoCodec (OmKeyInfoCodec.java:<init>(49)) - OmKeyInfoCodec ignorePipeline = true
2023-03-15 06:54:43,932 [IPC Server handler 17 on default port 43319] INFO  codec.RepeatedOmKeyInfoCodec (RepeatedOmKeyInfoCodec.java:<init>(41)) - RepeatedOmKeyInfoCodec ignorePipeline = true
2023-03-15 06:54:43,987 [IPC Server handler 17 on default port 43319] WARN  snapshot.SnapshotDiffManager (SnapshotDiffManager.java:getDeltaFiles(395)) - RocksDBCheckpointDiffer is not available, falling back to slow path
2023-03-15 06:54:44,111 [OM StateMachine ApplyTransaction Thread - 0] INFO  snapshot.OMSnapshotCreateRequest (OMSnapshotCreateRequest.java:validateAndUpdateCache(204)) - Created snapshot 'snap42613' under path 'vol-95882/buck-16385'
2023-03-15 06:54:44,112 [OM StateMachine ApplyTransaction Thread - 0] INFO  snapshot.OMSnapshotCreateRequest (OMSnapshotCreateRequest.java:validateAndUpdateCache(204)) - Created snapshot 'snap42613' under path 'vol-95882/buck-16385'
2023-03-15 06:54:44,113 [OM StateMachine ApplyTransaction Thread - 0] INFO  snapshot.OMSnapshotCreateRequest (OMSnapshotCreateRequest.java:validateAndUpdateCache(204)) - Created snapshot 'snap42613' under path 'vol-95882/buck-16385'
2023-03-15 06:54:44,161 [OMDoubleBufferFlushThread] INFO  db.RDBCheckpointManager (RDBCheckpointManager.java:createCheckpoint(96)) - Created checkpoint in rocksDB at /home/runner/work/ozone/ozone/hadoop-ozone/integration-test/target/test-dir/MiniOzoneClusterImpl-88c1a39f-978e-429a-824f-6eda176bb531/omNode-3/db.snapshots/om.db-3c5cecc9-44da-49a2-9454-ecc34f3f06e8 in 48 milliseconds
2023-03-15 06:54:44,162 [OMDoubleBufferFlushThread] INFO  db.RDBCheckpointManager (RDBCheckpointManager.java:waitForCheckpointDirectoryExist(125)) - Waited for 1 milliseconds for checkpoint directory /home/runner/work/ozone/ozone/hadoop-ozone/integration-test/target/test-dir/MiniOzoneClusterImpl-88c1a39f-978e-429a-824f-6eda176bb531/omNode-3/db.snapshots/om.db-3c5cecc9-44da-49a2-9454-ecc34f3f06e8 availability.
2023-03-15 06:54:44,162 [OMDoubleBufferFlushThread] INFO  om.OmSnapshotManager (OmSnapshotManager.java:createOmSnapshotCheckpoint(170)) - Created checkpoint : /home/runner/work/ozone/ozone/hadoop-ozone/integration-test/target/test-dir/MiniOzoneClusterImpl-88c1a39f-978e-429a-824f-6eda176bb531/omNode-3/db.snapshots/om.db-3c5cecc9-44da-49a2-9454-ecc34f3f06e8 for snapshot snap42613
2023-03-15 06:54:44,165 [OMDoubleBufferFlushThread] INFO  db.RDBCheckpointManager (RDBCheckpointManager.java:createCheckpoint(96)) - Created checkpoint in rocksDB at /home/runner/work/ozone/ozone/hadoop-ozone/integration-test/target/test-dir/MiniOzoneClusterImpl-88c1a39f-978e-429a-824f-6eda176bb531/omNode-2/db.snapshots/om.db-3c5cecc9-44da-49a2-9454-ecc34f3f06e8 in 51 milliseconds
2023-03-15 06:54:44,166 [OMDoubleBufferFlushThread] INFO  db.RDBCheckpointManager (RDBCheckpointManager.java:createCheckpoint(96)) - Created checkpoint in rocksDB at /home/runner/work/ozone/ozone/hadoop-ozone/integration-test/target/test-dir/MiniOzoneClusterImpl-88c1a39f-978e-429a-824f-6eda176bb531/omNode-1/db.snapshots/om.db-3c5cecc9-44da-49a2-9454-ecc34f3f06e8 in 53 milliseconds
2023-03-15 06:54:44,166 [OMDoubleBufferFlushThread] INFO  db.RDBCheckpointManager (RDBCheckpointManager.java:waitForCheckpointDirectoryExist(125)) - Waited for 1 milliseconds for checkpoint directory /home/runner/work/ozone/ozone/hadoop-ozone/integration-test/target/test-dir/MiniOzoneClusterImpl-88c1a39f-978e-429a-824f-6eda176bb531/omNode-2/db.snapshots/om.db-3c5cecc9-44da-49a2-9454-ecc34f3f06e8 availability.
2023-03-15 06:54:44,166 [OMDoubleBufferFlushThread] INFO  db.RDBCheckpointManager (RDBCheckpointManager.java:waitForCheckpointDirectoryExist(125)) - Waited for 0 milliseconds for checkpoint directory /home/runner/work/ozone/ozone/hadoop-ozone/integration-test/target/test-dir/MiniOzoneClusterImpl-88c1a39f-978e-429a-824f-6eda176bb531/omNode-1/db.snapshots/om.db-3c5cecc9-44da-49a2-9454-ecc34f3f06e8 availability.
2023-03-15 06:54:44,166 [OMDoubleBufferFlushThread] INFO  om.OmSnapshotManager (OmSnapshotManager.java:createOmSnapshotCheckpoint(170)) - Created checkpoint : /home/runner/work/ozone/ozone/hadoop-ozone/integration-test/target/test-dir/MiniOzoneClusterImpl-88c1a39f-978e-429a-824f-6eda176bb531/omNode-1/db.snapshots/om.db-3c5cecc9-44da-49a2-9454-ecc34f3f06e8 for snapshot snap42613
2023-03-15 06:54:44,166 [OMDoubleBufferFlushThread] INFO  om.OmSnapshotManager (OmSnapshotManager.java:createOmSnapshotCheckpoint(170)) - Created checkpoint : /home/runner/work/ozone/ozone/hadoop-ozone/integration-test/target/test-dir/MiniOzoneClusterImpl-88c1a39f-978e-429a-824f-6eda176bb531/omNode-2/db.snapshots/om.db-3c5cecc9-44da-49a2-9454-ecc34f3f06e8 for snapshot snap42613
2023-03-15 06:54:45,115 [IPC Server handler 5 on default port 43319] WARN  server.ServerUtils (ServerUtils.java:getDBPath(225)) - ozone.om.db.dirs is not configured. We recommend adding this setting. Falling back to ozone.metadata.dirs instead.
2023-03-15 06:54:45,115 [IPC Server handler 5 on default port 43319] INFO  codec.OmKeyInfoCodec (OmKeyInfoCodec.java:<init>(49)) - OmKeyInfoCodec ignorePipeline = true
2023-03-15 06:54:45,115 [IPC Server handler 5 on default port 43319] INFO  codec.RepeatedOmKeyInfoCodec (RepeatedOmKeyInfoCodec.java:<init>(41)) - RepeatedOmKeyInfoCodec ignorePipeline = true
2023-03-15 06:54:45,175 [IPC Server handler 5 on default port 43319] WARN  snapshot.SnapshotDiffManager (SnapshotDiffManager.java:getDeltaFiles(395)) - RocksDBCheckpointDiffer is not available, falling back to slow path
2023-03-15 06:54:45,264 [OM StateMachine ApplyTransaction Thread - 0] INFO  snapshot.OMSnapshotCreateRequest (OMSnapshotCreateRequest.java:validateAndUpdateCache(204)) - Created snapshot 'snap71233' under path 'vol-95882/buck-16385'
2023-03-15 06:54:45,265 [OM StateMachine ApplyTransaction Thread - 0] INFO  snapshot.OMSnapshotCreateRequest (OMSnapshotCreateRequest.java:validateAndUpdateCache(204)) - Created snapshot 'snap71233' under path 'vol-95882/buck-16385'
2023-03-15 06:54:45,265 [OM StateMachine ApplyTransaction Thread - 0] INFO  snapshot.OMSnapshotCreateRequest (OMSnapshotCreateRequest.java:validateAndUpdateCache(204)) - Created snapshot 'snap71233' under path 'vol-95882/buck-16385'
2023-03-15 06:54:45,308 [OMDoubleBufferFlushThread] INFO  db.RDBCheckpointManager (RDBCheckpointManager.java:createCheckpoint(96)) - Created checkpoint in rocksDB at /home/runner/work/ozone/ozone/hadoop-ozone/integration-test/target/test-dir/MiniOzoneClusterImpl-88c1a39f-978e-429a-824f-6eda176bb531/omNode-1/db.snapshots/om.db-2a04c252-14b2-432a-9ad9-3301a97f2138 in 43 milliseconds
2023-03-15 06:54:45,309 [OMDoubleBufferFlushThread] INFO  db.RDBCheckpointManager (RDBCheckpointManager.java:waitForCheckpointDirectoryExist(125)) - Waited for 1 milliseconds for checkpoint directory /home/runner/work/ozone/ozone/hadoop-ozone/integration-test/target/test-dir/MiniOzoneClusterImpl-88c1a39f-978e-429a-824f-6eda176bb531/omNode-1/db.snapshots/om.db-2a04c252-14b2-432a-9ad9-3301a97f2138 availability.
2023-03-15 06:54:45,310 [OMDoubleBufferFlushThread] INFO  om.OmSnapshotManager (OmSnapshotManager.java:createOmSnapshotCheckpoint(170)) - Created checkpoint : /home/runner/work/ozone/ozone/hadoop-ozone/integration-test/target/test-dir/MiniOzoneClusterImpl-88c1a39f-978e-429a-824f-6eda176bb531/omNode-1/db.snapshots/om.db-2a04c252-14b2-432a-9ad9-3301a97f2138 for snapshot snap71233
2023-03-15 06:54:45,310 [OMDoubleBufferFlushThread] INFO  db.RDBCheckpointManager (RDBCheckpointManager.java:createCheckpoint(96)) - Created checkpoint in rocksDB at /home/runner/work/ozone/ozone/hadoop-ozone/integration-test/target/test-dir/MiniOzoneClusterImpl-88c1a39f-978e-429a-824f-6eda176bb531/omNode-3/db.snapshots/om.db-2a04c252-14b2-432a-9ad9-3301a97f2138 in 43 milliseconds
2023-03-15 06:54:45,310 [OMDoubleBufferFlushThread] INFO  db.RDBCheckpointManager (RDBCheckpointManager.java:waitForCheckpointDirectoryExist(125)) - Waited for 0 milliseconds for checkpoint directory /home/runner/work/ozone/ozone/hadoop-ozone/integration-test/target/test-dir/MiniOzoneClusterImpl-88c1a39f-978e-429a-824f-6eda176bb531/omNode-3/db.snapshots/om.db-2a04c252-14b2-432a-9ad9-3301a97f2138 availability.
2023-03-15 06:54:45,310 [OMDoubleBufferFlushThread] INFO  om.OmSnapshotManager (OmSnapshotManager.java:createOmSnapshotCheckpoint(170)) - Created checkpoint : /home/runner/work/ozone/ozone/hadoop-ozone/integration-test/target/test-dir/MiniOzoneClusterImpl-88c1a39f-978e-429a-824f-6eda176bb531/omNode-3/db.snapshots/om.db-2a04c252-14b2-432a-9ad9-3301a97f2138 for snapshot snap71233
2023-03-15 06:54:45,312 [OMDoubleBufferFlushThread] INFO  db.RDBCheckpointManager (RDBCheckpointManager.java:createCheckpoint(96)) - Created checkpoint in rocksDB at /home/runner/work/ozone/ozone/hadoop-ozone/integration-test/target/test-dir/MiniOzoneClusterImpl-88c1a39f-978e-429a-824f-6eda176bb531/omNode-2/db.snapshots/om.db-2a04c252-14b2-432a-9ad9-3301a97f2138 in 47 milliseconds
2023-03-15 06:54:45,312 [OMDoubleBufferFlushThread] INFO  db.RDBCheckpointManager (RDBCheckpointManager.java:waitForCheckpointDirectoryExist(125)) - Waited for 0 milliseconds for checkpoint directory /home/runner/work/ozone/ozone/hadoop-ozone/integration-test/target/test-dir/MiniOzoneClusterImpl-88c1a39f-978e-429a-824f-6eda176bb531/omNode-2/db.snapshots/om.db-2a04c252-14b2-432a-9ad9-3301a97f2138 availability.
2023-03-15 06:54:45,312 [OMDoubleBufferFlushThread] INFO  om.OmSnapshotManager (OmSnapshotManager.java:createOmSnapshotCheckpoint(170)) - Created checkpoint : /home/runner/work/ozone/ozone/hadoop-ozone/integration-test/target/test-dir/MiniOzoneClusterImpl-88c1a39f-978e-429a-824f-6eda176bb531/omNode-2/db.snapshots/om.db-2a04c252-14b2-432a-9ad9-3301a97f2138 for snapshot snap71233
2023-03-15 06:54:46,269 [IPC Server handler 10 on default port 43319] WARN  server.ServerUtils (ServerUtils.java:getDBPath(225)) - ozone.om.db.dirs is not configured. We recommend adding this setting. Falling back to ozone.metadata.dirs instead.
2023-03-15 06:54:46,269 [IPC Server handler 10 on default port 43319] INFO  codec.OmKeyInfoCodec (OmKeyInfoCodec.java:<init>(49)) - OmKeyInfoCodec ignorePipeline = true
2023-03-15 06:54:46,269 [IPC Server handler 10 on default port 43319] INFO  codec.RepeatedOmKeyInfoCodec (RepeatedOmKeyInfoCodec.java:<init>(41)) - RepeatedOmKeyInfoCodec ignorePipeline = true
2023-03-15 06:54:46,333 [IPC Server handler 10 on default port 43319] WARN  snapshot.SnapshotDiffManager (SnapshotDiffManager.java:getDeltaFiles(395)) - RocksDBCheckpointDiffer is not available, falling back to slow path
2023-03-15 06:54:46,424 [OM StateMachine ApplyTransaction Thread - 0] INFO  snapshot.OMSnapshotCreateRequest (OMSnapshotCreateRequest.java:validateAndUpdateCache(204)) - Created snapshot 'snap88827' under path 'vol-95882/buck-16385'
2023-03-15 06:54:46,425 [OM StateMachine ApplyTransaction Thread - 0] INFO  snapshot.OMSnapshotCreateRequest (OMSnapshotCreateRequest.java:validateAndUpdateCache(204)) - Created snapshot 'snap88827' under path 'vol-95882/buck-16385'
2023-03-15 06:54:46,426 [OM StateMachine ApplyTransaction Thread - 0] INFO  snapshot.OMSnapshotCreateRequest (OMSnapshotCreateRequest.java:validateAndUpdateCache(204)) - Created snapshot 'snap88827' under path 'vol-95882/buck-16385'
2023-03-15 06:54:46,466 [OMDoubleBufferFlushThread] INFO  db.RDBCheckpointManager (RDBCheckpointManager.java:createCheckpoint(96)) - Created checkpoint in rocksDB at /home/runner/work/ozone/ozone/hadoop-ozone/integration-test/target/test-dir/MiniOzoneClusterImpl-88c1a39f-978e-429a-824f-6eda176bb531/omNode-1/db.snapshots/om.db-d932b4f9-6dec-4d53-bcdb-53e0f6b5127d in 39 milliseconds
2023-03-15 06:54:46,468 [OMDoubleBufferFlushThread] INFO  db.RDBCheckpointManager (RDBCheckpointManager.java:waitForCheckpointDirectoryExist(125)) - Waited for 1 milliseconds for checkpoint directory /home/runner/work/ozone/ozone/hadoop-ozone/integration-test/target/test-dir/MiniOzoneClusterImpl-88c1a39f-978e-429a-824f-6eda176bb531/omNode-1/db.snapshots/om.db-d932b4f9-6dec-4d53-bcdb-53e0f6b5127d availability.
2023-03-15 06:54:46,468 [OMDoubleBufferFlushThread] INFO  om.OmSnapshotManager (OmSnapshotManager.java:createOmSnapshotCheckpoint(170)) - Created checkpoint : /home/runner/work/ozone/ozone/hadoop-ozone/integration-test/target/test-dir/MiniOzoneClusterImpl-88c1a39f-978e-429a-824f-6eda176bb531/omNode-1/db.snapshots/om.db-d932b4f9-6dec-4d53-bcdb-53e0f6b5127d for snapshot snap88827
2023-03-15 06:54:46,475 [OMDoubleBufferFlushThread] INFO  db.RDBCheckpointManager (RDBCheckpointManager.java:createCheckpoint(96)) - Created checkpoint in rocksDB at /home/runner/work/ozone/ozone/hadoop-ozone/integration-test/target/test-dir/MiniOzoneClusterImpl-88c1a39f-978e-429a-824f-6eda176bb531/omNode-3/db.snapshots/om.db-d932b4f9-6dec-4d53-bcdb-53e0f6b5127d in 40 milliseconds
2023-03-15 06:54:46,475 [OMDoubleBufferFlushThread] INFO  db.RDBCheckpointManager (RDBCheckpointManager.java:createCheckpoint(96)) - Created checkpoint in rocksDB at /home/runner/work/ozone/ozone/hadoop-ozone/integration-test/target/test-dir/MiniOzoneClusterImpl-88c1a39f-978e-429a-824f-6eda176bb531/omNode-2/db.snapshots/om.db-d932b4f9-6dec-4d53-bcdb-53e0f6b5127d in 41 milliseconds
2023-03-15 06:54:46,476 [OMDoubleBufferFlushThread] INFO  db.RDBCheckpointManager (RDBCheckpointManager.java:waitForCheckpointDirectoryExist(125)) - Waited for 1 milliseconds for checkpoint directory /home/runner/work/ozone/ozone/hadoop-ozone/integration-test/target/test-dir/MiniOzoneClusterImpl-88c1a39f-978e-429a-824f-6eda176bb531/omNode-3/db.snapshots/om.db-d932b4f9-6dec-4d53-bcdb-53e0f6b5127d availability.
2023-03-15 06:54:46,476 [OMDoubleBufferFlushThread] INFO  om.OmSnapshotManager (OmSnapshotManager.java:createOmSnapshotCheckpoint(170)) - Created checkpoint : /home/runner/work/ozone/ozone/hadoop-ozone/integration-test/target/test-dir/MiniOzoneClusterImpl-88c1a39f-978e-429a-824f-6eda176bb531/omNode-3/db.snapshots/om.db-d932b4f9-6dec-4d53-bcdb-53e0f6b5127d for snapshot snap88827
2023-03-15 06:54:46,477 [OMDoubleBufferFlushThread] INFO  db.RDBCheckpointManager (RDBCheckpointManager.java:waitForCheckpointDirectoryExist(125)) - Waited for 2 milliseconds for checkpoint directory /home/runner/work/ozone/ozone/hadoop-ozone/integration-test/target/test-dir/MiniOzoneClusterImpl-88c1a39f-978e-429a-824f-6eda176bb531/omNode-2/db.snapshots/om.db-d932b4f9-6dec-4d53-bcdb-53e0f6b5127d availability.
2023-03-15 06:54:46,477 [OMDoubleBufferFlushThread] INFO  om.OmSnapshotManager (OmSnapshotManager.java:createOmSnapshotCheckpoint(170)) - Created checkpoint : /home/runner/work/ozone/ozone/hadoop-ozone/integration-test/target/test-dir/MiniOzoneClusterImpl-88c1a39f-978e-429a-824f-6eda176bb531/omNode-2/db.snapshots/om.db-d932b4f9-6dec-4d53-bcdb-53e0f6b5127d for snapshot snap88827
2023-03-15 06:54:47,426 [IPC Server handler 2 on default port 43319] WARN  server.ServerUtils (ServerUtils.java:getDBPath(225)) - ozone.om.db.dirs is not configured. We recommend adding this setting. Falling back to ozone.metadata.dirs instead.
2023-03-15 06:54:47,426 [IPC Server handler 2 on default port 43319] INFO  codec.OmKeyInfoCodec (OmKeyInfoCodec.java:<init>(49)) - OmKeyInfoCodec ignorePipeline = true
2023-03-15 06:54:47,427 [IPC Server handler 2 on default port 43319] INFO  codec.RepeatedOmKeyInfoCodec (RepeatedOmKeyInfoCodec.java:<init>(41)) - RepeatedOmKeyInfoCodec ignorePipeline = true
2023-03-15 06:54:47,493 [IPC Server handler 2 on default port 43319] WARN  snapshot.SnapshotDiffManager (SnapshotDiffManager.java:getDeltaFiles(395)) - RocksDBCheckpointDiffer is not available, falling back to slow path
]]></system-out>
  </testcase>
  <testcase name="testListKeyOnEmptyBucket" classname="TestOmSnapshot" time="1.077">
    <system-out><![CDATA[2023-03-15 06:52:47,219 [Time-limited test] INFO  rpc.RpcClient (RpcClient.java:createVolume(476)) - Creating Volume: vol-14668, with runner as owner and space quota set to -1 bytes, counts quota set to -1
2023-03-15 06:52:47,226 [OM StateMachine ApplyTransaction Thread - 0] INFO  volume.OMVolumeCreateRequest (OMVolumeCreateRequest.java:validateAndUpdateCache(195)) - created volume:vol-14668 for user:runner
2023-03-15 06:52:47,227 [OM StateMachine ApplyTransaction Thread - 0] INFO  volume.OMVolumeCreateRequest (OMVolumeCreateRequest.java:validateAndUpdateCache(195)) - created volume:vol-14668 for user:runner
2023-03-15 06:52:47,229 [OM StateMachine ApplyTransaction Thread - 0] INFO  volume.OMVolumeCreateRequest (OMVolumeCreateRequest.java:validateAndUpdateCache(195)) - created volume:vol-14668 for user:runner
2023-03-15 06:52:47,237 [Time-limited test] INFO  rpc.RpcClient (RpcClient.java:createBucket(698)) - Creating Bucket: vol-14668/buc-42214, with server-side default bucket layout, runner as owner, Versioning false, Storage Type set to DISK and Encryption set to false, Replication Type set to server-side default replication type, Namespace Quota set to -1, Space Quota set to -1 
2023-03-15 06:52:47,240 [OM StateMachine ApplyTransaction Thread - 0] INFO  bucket.OMBucketCreateRequest (OMBucketCreateRequest.java:validateAndUpdateCache(263)) - created bucket: buc-42214 of layout OBJECT_STORE in volume: vol-14668
2023-03-15 06:52:47,241 [OM StateMachine ApplyTransaction Thread - 0] INFO  bucket.OMBucketCreateRequest (OMBucketCreateRequest.java:validateAndUpdateCache(263)) - created bucket: buc-42214 of layout OBJECT_STORE in volume: vol-14668
2023-03-15 06:52:47,242 [OM StateMachine ApplyTransaction Thread - 0] INFO  bucket.OMBucketCreateRequest (OMBucketCreateRequest.java:validateAndUpdateCache(263)) - created bucket: buc-42214 of layout OBJECT_STORE in volume: vol-14668
2023-03-15 06:52:47,244 [OM StateMachine ApplyTransaction Thread - 0] INFO  snapshot.OMSnapshotCreateRequest (OMSnapshotCreateRequest.java:validateAndUpdateCache(204)) - Created snapshot 'f221c1ee-74dd-4976-96f0-d1a31bcfd1d1' under path 'vol-14668/buc-42214'
2023-03-15 06:52:47,246 [OM StateMachine ApplyTransaction Thread - 0] INFO  snapshot.OMSnapshotCreateRequest (OMSnapshotCreateRequest.java:validateAndUpdateCache(204)) - Created snapshot 'f221c1ee-74dd-4976-96f0-d1a31bcfd1d1' under path 'vol-14668/buc-42214'
2023-03-15 06:52:47,246 [OM StateMachine ApplyTransaction Thread - 0] INFO  snapshot.OMSnapshotCreateRequest (OMSnapshotCreateRequest.java:validateAndUpdateCache(204)) - Created snapshot 'f221c1ee-74dd-4976-96f0-d1a31bcfd1d1' under path 'vol-14668/buc-42214'
2023-03-15 06:52:47,274 [OMDoubleBufferFlushThread] INFO  db.RDBCheckpointManager (RDBCheckpointManager.java:createCheckpoint(96)) - Created checkpoint in rocksDB at /home/runner/work/ozone/ozone/hadoop-ozone/integration-test/target/test-dir/MiniOzoneClusterImpl-e79b0a94-dba3-4ba8-a298-d2d15914ceac/omNode-1/db.snapshots/om.db-88525e6c-1045-4b8f-a781-393f71d5a1ac in 28 milliseconds
2023-03-15 06:52:47,277 [OMDoubleBufferFlushThread] INFO  db.RDBCheckpointManager (RDBCheckpointManager.java:waitForCheckpointDirectoryExist(125)) - Waited for 3 milliseconds for checkpoint directory /home/runner/work/ozone/ozone/hadoop-ozone/integration-test/target/test-dir/MiniOzoneClusterImpl-e79b0a94-dba3-4ba8-a298-d2d15914ceac/omNode-1/db.snapshots/om.db-88525e6c-1045-4b8f-a781-393f71d5a1ac availability.
2023-03-15 06:52:47,277 [OMDoubleBufferFlushThread] INFO  om.OmSnapshotManager (OmSnapshotManager.java:createOmSnapshotCheckpoint(170)) - Created checkpoint : /home/runner/work/ozone/ozone/hadoop-ozone/integration-test/target/test-dir/MiniOzoneClusterImpl-e79b0a94-dba3-4ba8-a298-d2d15914ceac/omNode-1/db.snapshots/om.db-88525e6c-1045-4b8f-a781-393f71d5a1ac for snapshot f221c1ee-74dd-4976-96f0-d1a31bcfd1d1
2023-03-15 06:52:47,280 [OMDoubleBufferFlushThread] INFO  db.RDBCheckpointManager (RDBCheckpointManager.java:createCheckpoint(96)) - Created checkpoint in rocksDB at /home/runner/work/ozone/ozone/hadoop-ozone/integration-test/target/test-dir/MiniOzoneClusterImpl-e79b0a94-dba3-4ba8-a298-d2d15914ceac/omNode-3/db.snapshots/om.db-88525e6c-1045-4b8f-a781-393f71d5a1ac in 33 milliseconds
2023-03-15 06:52:47,282 [OMDoubleBufferFlushThread] INFO  db.RDBCheckpointManager (RDBCheckpointManager.java:waitForCheckpointDirectoryExist(125)) - Waited for 2 milliseconds for checkpoint directory /home/runner/work/ozone/ozone/hadoop-ozone/integration-test/target/test-dir/MiniOzoneClusterImpl-e79b0a94-dba3-4ba8-a298-d2d15914ceac/omNode-3/db.snapshots/om.db-88525e6c-1045-4b8f-a781-393f71d5a1ac availability.
2023-03-15 06:52:47,283 [OMDoubleBufferFlushThread] INFO  om.OmSnapshotManager (OmSnapshotManager.java:createOmSnapshotCheckpoint(170)) - Created checkpoint : /home/runner/work/ozone/ozone/hadoop-ozone/integration-test/target/test-dir/MiniOzoneClusterImpl-e79b0a94-dba3-4ba8-a298-d2d15914ceac/omNode-3/db.snapshots/om.db-88525e6c-1045-4b8f-a781-393f71d5a1ac for snapshot f221c1ee-74dd-4976-96f0-d1a31bcfd1d1
2023-03-15 06:52:47,289 [OMDoubleBufferFlushThread] INFO  db.RDBCheckpointManager (RDBCheckpointManager.java:createCheckpoint(96)) - Created checkpoint in rocksDB at /home/runner/work/ozone/ozone/hadoop-ozone/integration-test/target/test-dir/MiniOzoneClusterImpl-e79b0a94-dba3-4ba8-a298-d2d15914ceac/omNode-2/db.snapshots/om.db-88525e6c-1045-4b8f-a781-393f71d5a1ac in 41 milliseconds
2023-03-15 06:52:47,290 [OMDoubleBufferFlushThread] INFO  db.RDBCheckpointManager (RDBCheckpointManager.java:waitForCheckpointDirectoryExist(125)) - Waited for 0 milliseconds for checkpoint directory /home/runner/work/ozone/ozone/hadoop-ozone/integration-test/target/test-dir/MiniOzoneClusterImpl-e79b0a94-dba3-4ba8-a298-d2d15914ceac/omNode-2/db.snapshots/om.db-88525e6c-1045-4b8f-a781-393f71d5a1ac availability.
2023-03-15 06:52:47,290 [OMDoubleBufferFlushThread] INFO  om.OmSnapshotManager (OmSnapshotManager.java:createOmSnapshotCheckpoint(170)) - Created checkpoint : /home/runner/work/ozone/ozone/hadoop-ozone/integration-test/target/test-dir/MiniOzoneClusterImpl-e79b0a94-dba3-4ba8-a298-d2d15914ceac/omNode-2/db.snapshots/om.db-88525e6c-1045-4b8f-a781-393f71d5a1ac for snapshot f221c1ee-74dd-4976-96f0-d1a31bcfd1d1
2023-03-15 06:52:48,253 [IPC Server handler 7 on default port 41075] WARN  server.ServerUtils (ServerUtils.java:getDBPath(225)) - ozone.om.db.dirs is not configured. We recommend adding this setting. Falling back to ozone.metadata.dirs instead.
2023-03-15 06:52:48,253 [IPC Server handler 7 on default port 41075] INFO  codec.OmKeyInfoCodec (OmKeyInfoCodec.java:<init>(49)) - OmKeyInfoCodec ignorePipeline = true
2023-03-15 06:52:48,253 [IPC Server handler 7 on default port 41075] INFO  codec.RepeatedOmKeyInfoCodec (RepeatedOmKeyInfoCodec.java:<init>(41)) - RepeatedOmKeyInfoCodec ignorePipeline = true
]]></system-out>
  </testcase>
  <testcase name="testListKeyOnEmptyBucket" classname="TestOmSnapshot" time="1.064">
    <system-out><![CDATA[2023-03-15 06:53:46,913 [Time-limited test] INFO  rpc.RpcClient (RpcClient.java:createVolume(476)) - Creating Volume: vol-63768, with runner as owner and space quota set to -1 bytes, counts quota set to -1
2023-03-15 06:53:46,916 [OM StateMachine ApplyTransaction Thread - 0] INFO  volume.OMVolumeCreateRequest (OMVolumeCreateRequest.java:validateAndUpdateCache(195)) - created volume:vol-63768 for user:runner
2023-03-15 06:53:46,918 [OM StateMachine ApplyTransaction Thread - 0] INFO  volume.OMVolumeCreateRequest (OMVolumeCreateRequest.java:validateAndUpdateCache(195)) - created volume:vol-63768 for user:runner
2023-03-15 06:53:46,919 [OM StateMachine ApplyTransaction Thread - 0] INFO  volume.OMVolumeCreateRequest (OMVolumeCreateRequest.java:validateAndUpdateCache(195)) - created volume:vol-63768 for user:runner
2023-03-15 06:53:46,921 [Time-limited test] INFO  rpc.RpcClient (RpcClient.java:createBucket(698)) - Creating Bucket: vol-63768/buc-60987, with server-side default bucket layout, runner as owner, Versioning false, Storage Type set to DISK and Encryption set to false, Replication Type set to server-side default replication type, Namespace Quota set to -1, Space Quota set to -1 
2023-03-15 06:53:46,923 [OM StateMachine ApplyTransaction Thread - 0] INFO  bucket.OMBucketCreateRequest (OMBucketCreateRequest.java:validateAndUpdateCache(263)) - created bucket: buc-60987 of layout FILE_SYSTEM_OPTIMIZED in volume: vol-63768
2023-03-15 06:53:46,925 [OM StateMachine ApplyTransaction Thread - 0] INFO  bucket.OMBucketCreateRequest (OMBucketCreateRequest.java:validateAndUpdateCache(263)) - created bucket: buc-60987 of layout FILE_SYSTEM_OPTIMIZED in volume: vol-63768
2023-03-15 06:53:46,926 [OM StateMachine ApplyTransaction Thread - 0] INFO  bucket.OMBucketCreateRequest (OMBucketCreateRequest.java:validateAndUpdateCache(263)) - created bucket: buc-60987 of layout FILE_SYSTEM_OPTIMIZED in volume: vol-63768
2023-03-15 06:53:46,928 [OM StateMachine ApplyTransaction Thread - 0] INFO  snapshot.OMSnapshotCreateRequest (OMSnapshotCreateRequest.java:validateAndUpdateCache(204)) - Created snapshot 'e02d9fb0-8411-4ea3-967a-338f1f118226' under path 'vol-63768/buc-60987'
2023-03-15 06:53:46,930 [OM StateMachine ApplyTransaction Thread - 0] INFO  snapshot.OMSnapshotCreateRequest (OMSnapshotCreateRequest.java:validateAndUpdateCache(204)) - Created snapshot 'e02d9fb0-8411-4ea3-967a-338f1f118226' under path 'vol-63768/buc-60987'
2023-03-15 06:53:46,930 [OM StateMachine ApplyTransaction Thread - 0] INFO  snapshot.OMSnapshotCreateRequest (OMSnapshotCreateRequest.java:validateAndUpdateCache(204)) - Created snapshot 'e02d9fb0-8411-4ea3-967a-338f1f118226' under path 'vol-63768/buc-60987'
2023-03-15 06:53:46,963 [OMDoubleBufferFlushThread] INFO  db.RDBCheckpointManager (RDBCheckpointManager.java:createCheckpoint(96)) - Created checkpoint in rocksDB at /home/runner/work/ozone/ozone/hadoop-ozone/integration-test/target/test-dir/MiniOzoneClusterImpl-8d40f1f0-3e23-4273-879b-a609159ae6a4/omNode-1/db.snapshots/om.db-6dae6109-5747-4d4f-b561-9e9e80065903 in 34 milliseconds
2023-03-15 06:53:46,964 [OMDoubleBufferFlushThread] INFO  db.RDBCheckpointManager (RDBCheckpointManager.java:waitForCheckpointDirectoryExist(125)) - Waited for 1 milliseconds for checkpoint directory /home/runner/work/ozone/ozone/hadoop-ozone/integration-test/target/test-dir/MiniOzoneClusterImpl-8d40f1f0-3e23-4273-879b-a609159ae6a4/omNode-1/db.snapshots/om.db-6dae6109-5747-4d4f-b561-9e9e80065903 availability.
2023-03-15 06:53:46,964 [OMDoubleBufferFlushThread] INFO  om.OmSnapshotManager (OmSnapshotManager.java:createOmSnapshotCheckpoint(170)) - Created checkpoint : /home/runner/work/ozone/ozone/hadoop-ozone/integration-test/target/test-dir/MiniOzoneClusterImpl-8d40f1f0-3e23-4273-879b-a609159ae6a4/omNode-1/db.snapshots/om.db-6dae6109-5747-4d4f-b561-9e9e80065903 for snapshot e02d9fb0-8411-4ea3-967a-338f1f118226
2023-03-15 06:53:46,965 [OMDoubleBufferFlushThread] INFO  db.RDBCheckpointManager (RDBCheckpointManager.java:createCheckpoint(96)) - Created checkpoint in rocksDB at /home/runner/work/ozone/ozone/hadoop-ozone/integration-test/target/test-dir/MiniOzoneClusterImpl-8d40f1f0-3e23-4273-879b-a609159ae6a4/omNode-3/db.snapshots/om.db-6dae6109-5747-4d4f-b561-9e9e80065903 in 34 milliseconds
2023-03-15 06:53:46,967 [OMDoubleBufferFlushThread] INFO  db.RDBCheckpointManager (RDBCheckpointManager.java:waitForCheckpointDirectoryExist(125)) - Waited for 1 milliseconds for checkpoint directory /home/runner/work/ozone/ozone/hadoop-ozone/integration-test/target/test-dir/MiniOzoneClusterImpl-8d40f1f0-3e23-4273-879b-a609159ae6a4/omNode-3/db.snapshots/om.db-6dae6109-5747-4d4f-b561-9e9e80065903 availability.
2023-03-15 06:53:46,967 [OMDoubleBufferFlushThread] INFO  om.OmSnapshotManager (OmSnapshotManager.java:createOmSnapshotCheckpoint(170)) - Created checkpoint : /home/runner/work/ozone/ozone/hadoop-ozone/integration-test/target/test-dir/MiniOzoneClusterImpl-8d40f1f0-3e23-4273-879b-a609159ae6a4/omNode-3/db.snapshots/om.db-6dae6109-5747-4d4f-b561-9e9e80065903 for snapshot e02d9fb0-8411-4ea3-967a-338f1f118226
2023-03-15 06:53:46,971 [OMDoubleBufferFlushThread] INFO  db.RDBCheckpointManager (RDBCheckpointManager.java:createCheckpoint(96)) - Created checkpoint in rocksDB at /home/runner/work/ozone/ozone/hadoop-ozone/integration-test/target/test-dir/MiniOzoneClusterImpl-8d40f1f0-3e23-4273-879b-a609159ae6a4/omNode-2/db.snapshots/om.db-6dae6109-5747-4d4f-b561-9e9e80065903 in 39 milliseconds
2023-03-15 06:53:46,972 [OMDoubleBufferFlushThread] INFO  db.RDBCheckpointManager (RDBCheckpointManager.java:waitForCheckpointDirectoryExist(125)) - Waited for 1 milliseconds for checkpoint directory /home/runner/work/ozone/ozone/hadoop-ozone/integration-test/target/test-dir/MiniOzoneClusterImpl-8d40f1f0-3e23-4273-879b-a609159ae6a4/omNode-2/db.snapshots/om.db-6dae6109-5747-4d4f-b561-9e9e80065903 availability.
2023-03-15 06:53:46,972 [OMDoubleBufferFlushThread] INFO  om.OmSnapshotManager (OmSnapshotManager.java:createOmSnapshotCheckpoint(170)) - Created checkpoint : /home/runner/work/ozone/ozone/hadoop-ozone/integration-test/target/test-dir/MiniOzoneClusterImpl-8d40f1f0-3e23-4273-879b-a609159ae6a4/omNode-2/db.snapshots/om.db-6dae6109-5747-4d4f-b561-9e9e80065903 for snapshot e02d9fb0-8411-4ea3-967a-338f1f118226
2023-03-15 06:53:47,936 [IPC Server handler 9 on default port 34801] WARN  server.ServerUtils (ServerUtils.java:getDBPath(225)) - ozone.om.db.dirs is not configured. We recommend adding this setting. Falling back to ozone.metadata.dirs instead.
2023-03-15 06:53:47,936 [IPC Server handler 9 on default port 34801] INFO  codec.OmKeyInfoCodec (OmKeyInfoCodec.java:<init>(49)) - OmKeyInfoCodec ignorePipeline = true
2023-03-15 06:53:47,936 [IPC Server handler 9 on default port 34801] INFO  codec.RepeatedOmKeyInfoCodec (RepeatedOmKeyInfoCodec.java:<init>(41)) - RepeatedOmKeyInfoCodec ignorePipeline = true
]]></system-out>
  </testcase>
  <testcase name="testListKeyOnEmptyBucket" classname="TestOmSnapshot" time="1.088">
    <system-out><![CDATA[2023-03-15 06:54:47,574 [Time-limited test] INFO  rpc.RpcClient (RpcClient.java:createVolume(476)) - Creating Volume: vol-06724, with runner as owner and space quota set to -1 bytes, counts quota set to -1
2023-03-15 06:54:47,577 [OM StateMachine ApplyTransaction Thread - 0] INFO  volume.OMVolumeCreateRequest (OMVolumeCreateRequest.java:validateAndUpdateCache(195)) - created volume:vol-06724 for user:runner
2023-03-15 06:54:47,578 [OM StateMachine ApplyTransaction Thread - 0] INFO  volume.OMVolumeCreateRequest (OMVolumeCreateRequest.java:validateAndUpdateCache(195)) - created volume:vol-06724 for user:runner
2023-03-15 06:54:47,580 [Time-limited test] INFO  rpc.RpcClient (RpcClient.java:createBucket(698)) - Creating Bucket: vol-06724/buc-81373, with server-side default bucket layout, runner as owner, Versioning false, Storage Type set to DISK and Encryption set to false, Replication Type set to server-side default replication type, Namespace Quota set to -1, Space Quota set to -1 
2023-03-15 06:54:47,582 [OM StateMachine ApplyTransaction Thread - 0] INFO  volume.OMVolumeCreateRequest (OMVolumeCreateRequest.java:validateAndUpdateCache(195)) - created volume:vol-06724 for user:runner
2023-03-15 06:54:47,582 [OM StateMachine ApplyTransaction Thread - 0] INFO  bucket.OMBucketCreateRequest (OMBucketCreateRequest.java:validateAndUpdateCache(263)) - created bucket: buc-81373 of layout LEGACY in volume: vol-06724
2023-03-15 06:54:47,583 [OM StateMachine ApplyTransaction Thread - 0] INFO  bucket.OMBucketCreateRequest (OMBucketCreateRequest.java:validateAndUpdateCache(263)) - created bucket: buc-81373 of layout LEGACY in volume: vol-06724
2023-03-15 06:54:47,584 [OM StateMachine ApplyTransaction Thread - 0] INFO  bucket.OMBucketCreateRequest (OMBucketCreateRequest.java:validateAndUpdateCache(263)) - created bucket: buc-81373 of layout LEGACY in volume: vol-06724
2023-03-15 06:54:47,586 [OM StateMachine ApplyTransaction Thread - 0] INFO  snapshot.OMSnapshotCreateRequest (OMSnapshotCreateRequest.java:validateAndUpdateCache(204)) - Created snapshot 'e81f7574-18a1-4747-b7f9-efa07afef3e6' under path 'vol-06724/buc-81373'
2023-03-15 06:54:47,587 [OM StateMachine ApplyTransaction Thread - 0] INFO  snapshot.OMSnapshotCreateRequest (OMSnapshotCreateRequest.java:validateAndUpdateCache(204)) - Created snapshot 'e81f7574-18a1-4747-b7f9-efa07afef3e6' under path 'vol-06724/buc-81373'
2023-03-15 06:54:47,587 [OM StateMachine ApplyTransaction Thread - 0] INFO  snapshot.OMSnapshotCreateRequest (OMSnapshotCreateRequest.java:validateAndUpdateCache(204)) - Created snapshot 'e81f7574-18a1-4747-b7f9-efa07afef3e6' under path 'vol-06724/buc-81373'
2023-03-15 06:54:47,637 [OMDoubleBufferFlushThread] INFO  db.RDBCheckpointManager (RDBCheckpointManager.java:createCheckpoint(96)) - Created checkpoint in rocksDB at /home/runner/work/ozone/ozone/hadoop-ozone/integration-test/target/test-dir/MiniOzoneClusterImpl-88c1a39f-978e-429a-824f-6eda176bb531/omNode-1/db.snapshots/om.db-2a8e222f-a218-4d87-8f8a-001f22ec88b1 in 49 milliseconds
2023-03-15 06:54:47,638 [OMDoubleBufferFlushThread] INFO  db.RDBCheckpointManager (RDBCheckpointManager.java:waitForCheckpointDirectoryExist(125)) - Waited for 1 milliseconds for checkpoint directory /home/runner/work/ozone/ozone/hadoop-ozone/integration-test/target/test-dir/MiniOzoneClusterImpl-88c1a39f-978e-429a-824f-6eda176bb531/omNode-1/db.snapshots/om.db-2a8e222f-a218-4d87-8f8a-001f22ec88b1 availability.
2023-03-15 06:54:47,638 [OMDoubleBufferFlushThread] INFO  om.OmSnapshotManager (OmSnapshotManager.java:createOmSnapshotCheckpoint(170)) - Created checkpoint : /home/runner/work/ozone/ozone/hadoop-ozone/integration-test/target/test-dir/MiniOzoneClusterImpl-88c1a39f-978e-429a-824f-6eda176bb531/omNode-1/db.snapshots/om.db-2a8e222f-a218-4d87-8f8a-001f22ec88b1 for snapshot e81f7574-18a1-4747-b7f9-efa07afef3e6
2023-03-15 06:54:47,638 [OMDoubleBufferFlushThread] INFO  db.RDBCheckpointManager (RDBCheckpointManager.java:createCheckpoint(96)) - Created checkpoint in rocksDB at /home/runner/work/ozone/ozone/hadoop-ozone/integration-test/target/test-dir/MiniOzoneClusterImpl-88c1a39f-978e-429a-824f-6eda176bb531/omNode-2/db.snapshots/om.db-2a8e222f-a218-4d87-8f8a-001f22ec88b1 in 50 milliseconds
2023-03-15 06:54:47,638 [OMDoubleBufferFlushThread] INFO  db.RDBCheckpointManager (RDBCheckpointManager.java:createCheckpoint(96)) - Created checkpoint in rocksDB at /home/runner/work/ozone/ozone/hadoop-ozone/integration-test/target/test-dir/MiniOzoneClusterImpl-88c1a39f-978e-429a-824f-6eda176bb531/omNode-3/db.snapshots/om.db-2a8e222f-a218-4d87-8f8a-001f22ec88b1 in 45 milliseconds
2023-03-15 06:54:47,639 [OMDoubleBufferFlushThread] INFO  db.RDBCheckpointManager (RDBCheckpointManager.java:waitForCheckpointDirectoryExist(125)) - Waited for 1 milliseconds for checkpoint directory /home/runner/work/ozone/ozone/hadoop-ozone/integration-test/target/test-dir/MiniOzoneClusterImpl-88c1a39f-978e-429a-824f-6eda176bb531/omNode-2/db.snapshots/om.db-2a8e222f-a218-4d87-8f8a-001f22ec88b1 availability.
2023-03-15 06:54:47,639 [OMDoubleBufferFlushThread] INFO  om.OmSnapshotManager (OmSnapshotManager.java:createOmSnapshotCheckpoint(170)) - Created checkpoint : /home/runner/work/ozone/ozone/hadoop-ozone/integration-test/target/test-dir/MiniOzoneClusterImpl-88c1a39f-978e-429a-824f-6eda176bb531/omNode-2/db.snapshots/om.db-2a8e222f-a218-4d87-8f8a-001f22ec88b1 for snapshot e81f7574-18a1-4747-b7f9-efa07afef3e6
2023-03-15 06:54:47,639 [OMDoubleBufferFlushThread] INFO  db.RDBCheckpointManager (RDBCheckpointManager.java:waitForCheckpointDirectoryExist(125)) - Waited for 1 milliseconds for checkpoint directory /home/runner/work/ozone/ozone/hadoop-ozone/integration-test/target/test-dir/MiniOzoneClusterImpl-88c1a39f-978e-429a-824f-6eda176bb531/omNode-3/db.snapshots/om.db-2a8e222f-a218-4d87-8f8a-001f22ec88b1 availability.
2023-03-15 06:54:47,639 [OMDoubleBufferFlushThread] INFO  om.OmSnapshotManager (OmSnapshotManager.java:createOmSnapshotCheckpoint(170)) - Created checkpoint : /home/runner/work/ozone/ozone/hadoop-ozone/integration-test/target/test-dir/MiniOzoneClusterImpl-88c1a39f-978e-429a-824f-6eda176bb531/omNode-3/db.snapshots/om.db-2a8e222f-a218-4d87-8f8a-001f22ec88b1 for snapshot e81f7574-18a1-4747-b7f9-efa07afef3e6
2023-03-15 06:54:48,590 [IPC Server handler 7 on default port 43319] WARN  server.ServerUtils (ServerUtils.java:getDBPath(225)) - ozone.om.db.dirs is not configured. We recommend adding this setting. Falling back to ozone.metadata.dirs instead.
2023-03-15 06:54:48,590 [IPC Server handler 7 on default port 43319] INFO  codec.OmKeyInfoCodec (OmKeyInfoCodec.java:<init>(49)) - OmKeyInfoCodec ignorePipeline = true
2023-03-15 06:54:48,590 [IPC Server handler 7 on default port 43319] INFO  codec.RepeatedOmKeyInfoCodec (RepeatedOmKeyInfoCodec.java:<init>(41)) - RepeatedOmKeyInfoCodec ignorePipeline = true
]]></system-out>
  </testcase>
  <testcase name="checkKey" classname="TestOmSnapshot" time="1.36">
    <system-out><![CDATA[2023-03-15 06:52:48,376 [OM StateMachine ApplyTransaction Thread - 0] INFO  snapshot.OMSnapshotCreateRequest (OMSnapshotCreateRequest.java:validateAndUpdateCache(204)) - Created snapshot 'cfb483a5-5205-4e13-ac3d-38b6a0dc947c' under path 'volume82485/bucket89368'
2023-03-15 06:52:48,379 [OM StateMachine ApplyTransaction Thread - 0] INFO  snapshot.OMSnapshotCreateRequest (OMSnapshotCreateRequest.java:validateAndUpdateCache(204)) - Created snapshot 'cfb483a5-5205-4e13-ac3d-38b6a0dc947c' under path 'volume82485/bucket89368'
2023-03-15 06:52:48,379 [OM StateMachine ApplyTransaction Thread - 0] INFO  snapshot.OMSnapshotCreateRequest (OMSnapshotCreateRequest.java:validateAndUpdateCache(204)) - Created snapshot 'cfb483a5-5205-4e13-ac3d-38b6a0dc947c' under path 'volume82485/bucket89368'
2023-03-15 06:52:48,413 [OMDoubleBufferFlushThread] INFO  db.RDBCheckpointManager (RDBCheckpointManager.java:createCheckpoint(96)) - Created checkpoint in rocksDB at /home/runner/work/ozone/ozone/hadoop-ozone/integration-test/target/test-dir/MiniOzoneClusterImpl-e79b0a94-dba3-4ba8-a298-d2d15914ceac/omNode-2/db.snapshots/om.db-2f087a9c-1864-4c66-b0b7-fa7e1fd04e77 in 31 milliseconds
2023-03-15 06:52:48,414 [OMDoubleBufferFlushThread] INFO  db.RDBCheckpointManager (RDBCheckpointManager.java:waitForCheckpointDirectoryExist(125)) - Waited for 1 milliseconds for checkpoint directory /home/runner/work/ozone/ozone/hadoop-ozone/integration-test/target/test-dir/MiniOzoneClusterImpl-e79b0a94-dba3-4ba8-a298-d2d15914ceac/omNode-2/db.snapshots/om.db-2f087a9c-1864-4c66-b0b7-fa7e1fd04e77 availability.
2023-03-15 06:52:48,414 [OMDoubleBufferFlushThread] INFO  om.OmSnapshotManager (OmSnapshotManager.java:createOmSnapshotCheckpoint(170)) - Created checkpoint : /home/runner/work/ozone/ozone/hadoop-ozone/integration-test/target/test-dir/MiniOzoneClusterImpl-e79b0a94-dba3-4ba8-a298-d2d15914ceac/omNode-2/db.snapshots/om.db-2f087a9c-1864-4c66-b0b7-fa7e1fd04e77 for snapshot cfb483a5-5205-4e13-ac3d-38b6a0dc947c
2023-03-15 06:52:48,418 [OMDoubleBufferFlushThread] INFO  db.RDBCheckpointManager (RDBCheckpointManager.java:createCheckpoint(96)) - Created checkpoint in rocksDB at /home/runner/work/ozone/ozone/hadoop-ozone/integration-test/target/test-dir/MiniOzoneClusterImpl-e79b0a94-dba3-4ba8-a298-d2d15914ceac/omNode-1/db.snapshots/om.db-2f087a9c-1864-4c66-b0b7-fa7e1fd04e77 in 40 milliseconds
2023-03-15 06:52:48,418 [OMDoubleBufferFlushThread] INFO  db.RDBCheckpointManager (RDBCheckpointManager.java:waitForCheckpointDirectoryExist(125)) - Waited for 0 milliseconds for checkpoint directory /home/runner/work/ozone/ozone/hadoop-ozone/integration-test/target/test-dir/MiniOzoneClusterImpl-e79b0a94-dba3-4ba8-a298-d2d15914ceac/omNode-1/db.snapshots/om.db-2f087a9c-1864-4c66-b0b7-fa7e1fd04e77 availability.
2023-03-15 06:52:48,418 [OMDoubleBufferFlushThread] INFO  om.OmSnapshotManager (OmSnapshotManager.java:createOmSnapshotCheckpoint(170)) - Created checkpoint : /home/runner/work/ozone/ozone/hadoop-ozone/integration-test/target/test-dir/MiniOzoneClusterImpl-e79b0a94-dba3-4ba8-a298-d2d15914ceac/omNode-1/db.snapshots/om.db-2f087a9c-1864-4c66-b0b7-fa7e1fd04e77 for snapshot cfb483a5-5205-4e13-ac3d-38b6a0dc947c
2023-03-15 06:52:48,422 [OMDoubleBufferFlushThread] INFO  db.RDBCheckpointManager (RDBCheckpointManager.java:createCheckpoint(96)) - Created checkpoint in rocksDB at /home/runner/work/ozone/ozone/hadoop-ozone/integration-test/target/test-dir/MiniOzoneClusterImpl-e79b0a94-dba3-4ba8-a298-d2d15914ceac/omNode-3/db.snapshots/om.db-2f087a9c-1864-4c66-b0b7-fa7e1fd04e77 in 40 milliseconds
2023-03-15 06:52:48,422 [OMDoubleBufferFlushThread] INFO  db.RDBCheckpointManager (RDBCheckpointManager.java:waitForCheckpointDirectoryExist(125)) - Waited for 0 milliseconds for checkpoint directory /home/runner/work/ozone/ozone/hadoop-ozone/integration-test/target/test-dir/MiniOzoneClusterImpl-e79b0a94-dba3-4ba8-a298-d2d15914ceac/omNode-3/db.snapshots/om.db-2f087a9c-1864-4c66-b0b7-fa7e1fd04e77 availability.
2023-03-15 06:52:48,422 [OMDoubleBufferFlushThread] INFO  om.OmSnapshotManager (OmSnapshotManager.java:createOmSnapshotCheckpoint(170)) - Created checkpoint : /home/runner/work/ozone/ozone/hadoop-ozone/integration-test/target/test-dir/MiniOzoneClusterImpl-e79b0a94-dba3-4ba8-a298-d2d15914ceac/omNode-3/db.snapshots/om.db-2f087a9c-1864-4c66-b0b7-fa7e1fd04e77 for snapshot cfb483a5-5205-4e13-ac3d-38b6a0dc947c
06:52:49.389 [OM StateMachine ApplyTransaction Thread - 0] ERROR OMAudit - user=runner | ip=127.0.0.1 | op=DELETE_KEY {volume=volume82485, bucket=bucket89368, key=dir1, dataSize=0, replicationType=NONE, replicationFactor=ZERO} | ret=FAILURE
org.apache.hadoop.ozone.om.exceptions.OMException: Key not found
	at org.apache.hadoop.ozone.om.request.key.OMKeyDeleteRequest.validateAndUpdateCache(OMKeyDeleteRequest.java:152) ~[ozone-manager-1.4.0-SNAPSHOT.jar:?]
	at org.apache.hadoop.ozone.om.request.key.OMKeyDeleteRequest.validateAndUpdateCache(OMKeyDeleteRequest.java:98) ~[ozone-manager-1.4.0-SNAPSHOT.jar:?]
	at org.apache.hadoop.ozone.protocolPB.OzoneManagerRequestHandler.handleWriteRequest(OzoneManagerRequestHandler.java:337) ~[ozone-manager-1.4.0-SNAPSHOT.jar:?]
	at org.apache.hadoop.ozone.om.ratis.OzoneManagerStateMachine.runCommand(OzoneManagerStateMachine.java:533) ~[ozone-manager-1.4.0-SNAPSHOT.jar:?]
	at org.apache.hadoop.ozone.om.ratis.OzoneManagerStateMachine.lambda$1(OzoneManagerStateMachine.java:324) ~[ozone-manager-1.4.0-SNAPSHOT.jar:?]
	at java.util.concurrent.CompletableFuture$AsyncSupply.run(CompletableFuture.java:1604) [?:1.8.0_362]
	at java.util.concurrent.ThreadPoolExecutor.runWorker(ThreadPoolExecutor.java:1149) [?:1.8.0_362]
	at java.util.concurrent.ThreadPoolExecutor$Worker.run(ThreadPoolExecutor.java:624) [?:1.8.0_362]
	at java.lang.Thread.run(Thread.java:750) [?:1.8.0_362]
2023-03-15 06:52:49,390 [OM StateMachine ApplyTransaction Thread - 0] ERROR key.OMKeyDeleteRequest (OMKeyDeleteRequest.java:validateAndUpdateCache(208)) - Key delete failed. Volume:volume82485, Bucket:bucket89368, Key:dir1.
KEY_NOT_FOUND org.apache.hadoop.ozone.om.exceptions.OMException: Key not found
	at org.apache.hadoop.ozone.om.request.key.OMKeyDeleteRequest.validateAndUpdateCache(OMKeyDeleteRequest.java:152)
	at org.apache.hadoop.ozone.om.request.key.OMKeyDeleteRequest.validateAndUpdateCache(OMKeyDeleteRequest.java:98)
	at org.apache.hadoop.ozone.protocolPB.OzoneManagerRequestHandler.handleWriteRequest(OzoneManagerRequestHandler.java:337)
	at org.apache.hadoop.ozone.om.ratis.OzoneManagerStateMachine.runCommand(OzoneManagerStateMachine.java:533)
	at org.apache.hadoop.ozone.om.ratis.OzoneManagerStateMachine.lambda$1(OzoneManagerStateMachine.java:324)
	at java.util.concurrent.CompletableFuture$AsyncSupply.run(CompletableFuture.java:1604)
	at java.util.concurrent.ThreadPoolExecutor.runWorker(ThreadPoolExecutor.java:1149)
	at java.util.concurrent.ThreadPoolExecutor$Worker.run(ThreadPoolExecutor.java:624)
	at java.lang.Thread.run(Thread.java:750)
2023-03-15 06:52:49,399 [IPC Server handler 14 on default port 41075] WARN  server.ServerUtils (ServerUtils.java:getDBPath(225)) - ozone.om.db.dirs is not configured. We recommend adding this setting. Falling back to ozone.metadata.dirs instead.
2023-03-15 06:52:49,400 [IPC Server handler 14 on default port 41075] INFO  codec.OmKeyInfoCodec (OmKeyInfoCodec.java:<init>(49)) - OmKeyInfoCodec ignorePipeline = true
2023-03-15 06:52:49,400 [IPC Server handler 14 on default port 41075] INFO  codec.RepeatedOmKeyInfoCodec (RepeatedOmKeyInfoCodec.java:<init>(41)) - RepeatedOmKeyInfoCodec ignorePipeline = true
06:52:49.411 [OM StateMachine ApplyTransaction Thread - 0] ERROR OMAudit - user=runner | ip=127.0.0.1 | op=DELETE_KEY {volume=volume82485, bucket=bucket89368, key=dir1, dataSize=0, replicationType=NONE, replicationFactor=ZERO} | ret=FAILURE
org.apache.hadoop.ozone.om.exceptions.OMException: Key not found
	at org.apache.hadoop.ozone.om.request.key.OMKeyDeleteRequest.validateAndUpdateCache(OMKeyDeleteRequest.java:152) ~[ozone-manager-1.4.0-SNAPSHOT.jar:?]
	at org.apache.hadoop.ozone.om.request.key.OMKeyDeleteRequest.validateAndUpdateCache(OMKeyDeleteRequest.java:98) ~[ozone-manager-1.4.0-SNAPSHOT.jar:?]
	at org.apache.hadoop.ozone.protocolPB.OzoneManagerRequestHandler.handleWriteRequest(OzoneManagerRequestHandler.java:337) ~[ozone-manager-1.4.0-SNAPSHOT.jar:?]
	at org.apache.hadoop.ozone.om.ratis.OzoneManagerStateMachine.runCommand(OzoneManagerStateMachine.java:533) ~[ozone-manager-1.4.0-SNAPSHOT.jar:?]
	at org.apache.hadoop.ozone.om.ratis.OzoneManagerStateMachine.lambda$1(OzoneManagerStateMachine.java:324) ~[ozone-manager-1.4.0-SNAPSHOT.jar:?]
	at java.util.concurrent.CompletableFuture$AsyncSupply.run(CompletableFuture.java:1604) [?:1.8.0_362]
	at java.util.concurrent.ThreadPoolExecutor.runWorker(ThreadPoolExecutor.java:1149) [?:1.8.0_362]
	at java.util.concurrent.ThreadPoolExecutor$Worker.run(ThreadPoolExecutor.java:624) [?:1.8.0_362]
	at java.lang.Thread.run(Thread.java:750) [?:1.8.0_362]
2023-03-15 06:52:49,411 [OM StateMachine ApplyTransaction Thread - 0] ERROR key.OMKeyDeleteRequest (OMKeyDeleteRequest.java:validateAndUpdateCache(208)) - Key delete failed. Volume:volume82485, Bucket:bucket89368, Key:dir1.
KEY_NOT_FOUND org.apache.hadoop.ozone.om.exceptions.OMException: Key not found
	at org.apache.hadoop.ozone.om.request.key.OMKeyDeleteRequest.validateAndUpdateCache(OMKeyDeleteRequest.java:152)
	at org.apache.hadoop.ozone.om.request.key.OMKeyDeleteRequest.validateAndUpdateCache(OMKeyDeleteRequest.java:98)
	at org.apache.hadoop.ozone.protocolPB.OzoneManagerRequestHandler.handleWriteRequest(OzoneManagerRequestHandler.java:337)
	at org.apache.hadoop.ozone.om.ratis.OzoneManagerStateMachine.runCommand(OzoneManagerStateMachine.java:533)
	at org.apache.hadoop.ozone.om.ratis.OzoneManagerStateMachine.lambda$1(OzoneManagerStateMachine.java:324)
	at java.util.concurrent.CompletableFuture$AsyncSupply.run(CompletableFuture.java:1604)
	at java.util.concurrent.ThreadPoolExecutor.runWorker(ThreadPoolExecutor.java:1149)
	at java.util.concurrent.ThreadPoolExecutor$Worker.run(ThreadPoolExecutor.java:624)
	at java.lang.Thread.run(Thread.java:750)
06:52:49.391 [OM StateMachine ApplyTransaction Thread - 0] ERROR OMAudit - user=runner | ip=127.0.0.1 | op=DELETE_KEY {volume=volume82485, bucket=bucket89368, key=dir1, dataSize=0, replicationType=NONE, replicationFactor=ZERO} | ret=FAILURE
org.apache.hadoop.ozone.om.exceptions.OMException: Key not found
	at org.apache.hadoop.ozone.om.request.key.OMKeyDeleteRequest.validateAndUpdateCache(OMKeyDeleteRequest.java:152) ~[ozone-manager-1.4.0-SNAPSHOT.jar:?]
	at org.apache.hadoop.ozone.om.request.key.OMKeyDeleteRequest.validateAndUpdateCache(OMKeyDeleteRequest.java:98) ~[ozone-manager-1.4.0-SNAPSHOT.jar:?]
	at org.apache.hadoop.ozone.protocolPB.OzoneManagerRequestHandler.handleWriteRequest(OzoneManagerRequestHandler.java:337) ~[ozone-manager-1.4.0-SNAPSHOT.jar:?]
	at org.apache.hadoop.ozone.om.ratis.OzoneManagerStateMachine.runCommand(OzoneManagerStateMachine.java:533) ~[ozone-manager-1.4.0-SNAPSHOT.jar:?]
	at org.apache.hadoop.ozone.om.ratis.OzoneManagerStateMachine.lambda$1(OzoneManagerStateMachine.java:324) ~[ozone-manager-1.4.0-SNAPSHOT.jar:?]
	at java.util.concurrent.CompletableFuture$AsyncSupply.run(CompletableFuture.java:1604) [?:1.8.0_362]
	at java.util.concurrent.ThreadPoolExecutor.runWorker(ThreadPoolExecutor.java:1149) [?:1.8.0_362]
	at java.util.concurrent.ThreadPoolExecutor$Worker.run(ThreadPoolExecutor.java:624) [?:1.8.0_362]
	at java.lang.Thread.run(Thread.java:750) [?:1.8.0_362]
2023-03-15 06:52:49,412 [OM StateMachine ApplyTransaction Thread - 0] ERROR key.OMKeyDeleteRequest (OMKeyDeleteRequest.java:validateAndUpdateCache(208)) - Key delete failed. Volume:volume82485, Bucket:bucket89368, Key:dir1.
KEY_NOT_FOUND org.apache.hadoop.ozone.om.exceptions.OMException: Key not found
	at org.apache.hadoop.ozone.om.request.key.OMKeyDeleteRequest.validateAndUpdateCache(OMKeyDeleteRequest.java:152)
	at org.apache.hadoop.ozone.om.request.key.OMKeyDeleteRequest.validateAndUpdateCache(OMKeyDeleteRequest.java:98)
	at org.apache.hadoop.ozone.protocolPB.OzoneManagerRequestHandler.handleWriteRequest(OzoneManagerRequestHandler.java:337)
	at org.apache.hadoop.ozone.om.ratis.OzoneManagerStateMachine.runCommand(OzoneManagerStateMachine.java:533)
	at org.apache.hadoop.ozone.om.ratis.OzoneManagerStateMachine.lambda$1(OzoneManagerStateMachine.java:324)
	at java.util.concurrent.CompletableFuture$AsyncSupply.run(CompletableFuture.java:1604)
	at java.util.concurrent.ThreadPoolExecutor.runWorker(ThreadPoolExecutor.java:1149)
	at java.util.concurrent.ThreadPoolExecutor$Worker.run(ThreadPoolExecutor.java:624)
	at java.lang.Thread.run(Thread.java:750)
]]></system-out>
  </testcase>
  <testcase name="checkKey" classname="TestOmSnapshot" time="1.089">
    <failure type="java.lang.AssertionError"><![CDATA[java.lang.AssertionError: got exception on cleanup: Directory is not empty. Key:dir1
	at org.junit.Assert.fail(Assert.java:89)
	at org.apache.hadoop.ozone.om.TestOmSnapshot.checkKey(TestOmSnapshot.java:334)
	at sun.reflect.NativeMethodAccessorImpl.invoke0(Native Method)
	at sun.reflect.NativeMethodAccessorImpl.invoke(NativeMethodAccessorImpl.java:62)
	at sun.reflect.DelegatingMethodAccessorImpl.invoke(DelegatingMethodAccessorImpl.java:43)
	at java.lang.reflect.Method.invoke(Method.java:498)
	at org.junit.runners.model.FrameworkMethod$1.runReflectiveCall(FrameworkMethod.java:59)
	at org.junit.internal.runners.model.ReflectiveCallable.run(ReflectiveCallable.java:12)
	at org.junit.runners.model.FrameworkMethod.invokeExplosively(FrameworkMethod.java:56)
	at org.junit.internal.runners.statements.InvokeMethod.evaluate(InvokeMethod.java:17)
	at org.junit.internal.runners.statements.FailOnTimeout$CallableStatement.call(FailOnTimeout.java:288)
	at org.junit.internal.runners.statements.FailOnTimeout$CallableStatement.call(FailOnTimeout.java:282)
	at java.util.concurrent.FutureTask.run(FutureTask.java:266)
	at java.lang.Thread.run(Thread.java:750)
]]></failure>
    <system-out><![CDATA[2023-03-15 06:53:48,038 [OM StateMachine ApplyTransaction Thread - 0] INFO  snapshot.OMSnapshotCreateRequest (OMSnapshotCreateRequest.java:validateAndUpdateCache(204)) - Created snapshot '5747b358-6fa5-4662-a88f-a970220e270f' under path 'volume16901/bucket69736'
2023-03-15 06:53:48,038 [OM StateMachine ApplyTransaction Thread - 0] INFO  snapshot.OMSnapshotCreateRequest (OMSnapshotCreateRequest.java:validateAndUpdateCache(204)) - Created snapshot '5747b358-6fa5-4662-a88f-a970220e270f' under path 'volume16901/bucket69736'
2023-03-15 06:53:48,039 [OM StateMachine ApplyTransaction Thread - 0] INFO  snapshot.OMSnapshotCreateRequest (OMSnapshotCreateRequest.java:validateAndUpdateCache(204)) - Created snapshot '5747b358-6fa5-4662-a88f-a970220e270f' under path 'volume16901/bucket69736'
2023-03-15 06:53:48,073 [OMDoubleBufferFlushThread] INFO  db.RDBCheckpointManager (RDBCheckpointManager.java:createCheckpoint(96)) - Created checkpoint in rocksDB at /home/runner/work/ozone/ozone/hadoop-ozone/integration-test/target/test-dir/MiniOzoneClusterImpl-8d40f1f0-3e23-4273-879b-a609159ae6a4/omNode-2/db.snapshots/om.db-b273fd98-091e-45b0-aeb8-02aedc9ee5f0 in 33 milliseconds
2023-03-15 06:53:48,074 [OMDoubleBufferFlushThread] INFO  db.RDBCheckpointManager (RDBCheckpointManager.java:waitForCheckpointDirectoryExist(125)) - Waited for 1 milliseconds for checkpoint directory /home/runner/work/ozone/ozone/hadoop-ozone/integration-test/target/test-dir/MiniOzoneClusterImpl-8d40f1f0-3e23-4273-879b-a609159ae6a4/omNode-2/db.snapshots/om.db-b273fd98-091e-45b0-aeb8-02aedc9ee5f0 availability.
2023-03-15 06:53:48,074 [OMDoubleBufferFlushThread] INFO  om.OmSnapshotManager (OmSnapshotManager.java:createOmSnapshotCheckpoint(170)) - Created checkpoint : /home/runner/work/ozone/ozone/hadoop-ozone/integration-test/target/test-dir/MiniOzoneClusterImpl-8d40f1f0-3e23-4273-879b-a609159ae6a4/omNode-2/db.snapshots/om.db-b273fd98-091e-45b0-aeb8-02aedc9ee5f0 for snapshot 5747b358-6fa5-4662-a88f-a970220e270f
2023-03-15 06:53:48,087 [OMDoubleBufferFlushThread] INFO  db.RDBCheckpointManager (RDBCheckpointManager.java:createCheckpoint(96)) - Created checkpoint in rocksDB at /home/runner/work/ozone/ozone/hadoop-ozone/integration-test/target/test-dir/MiniOzoneClusterImpl-8d40f1f0-3e23-4273-879b-a609159ae6a4/omNode-1/db.snapshots/om.db-b273fd98-091e-45b0-aeb8-02aedc9ee5f0 in 47 milliseconds
2023-03-15 06:53:48,088 [OMDoubleBufferFlushThread] INFO  db.RDBCheckpointManager (RDBCheckpointManager.java:waitForCheckpointDirectoryExist(125)) - Waited for 1 milliseconds for checkpoint directory /home/runner/work/ozone/ozone/hadoop-ozone/integration-test/target/test-dir/MiniOzoneClusterImpl-8d40f1f0-3e23-4273-879b-a609159ae6a4/omNode-1/db.snapshots/om.db-b273fd98-091e-45b0-aeb8-02aedc9ee5f0 availability.
2023-03-15 06:53:48,088 [OMDoubleBufferFlushThread] INFO  om.OmSnapshotManager (OmSnapshotManager.java:createOmSnapshotCheckpoint(170)) - Created checkpoint : /home/runner/work/ozone/ozone/hadoop-ozone/integration-test/target/test-dir/MiniOzoneClusterImpl-8d40f1f0-3e23-4273-879b-a609159ae6a4/omNode-1/db.snapshots/om.db-b273fd98-091e-45b0-aeb8-02aedc9ee5f0 for snapshot 5747b358-6fa5-4662-a88f-a970220e270f
2023-03-15 06:53:48,090 [OMDoubleBufferFlushThread] INFO  db.RDBCheckpointManager (RDBCheckpointManager.java:createCheckpoint(96)) - Created checkpoint in rocksDB at /home/runner/work/ozone/ozone/hadoop-ozone/integration-test/target/test-dir/MiniOzoneClusterImpl-8d40f1f0-3e23-4273-879b-a609159ae6a4/omNode-3/db.snapshots/om.db-b273fd98-091e-45b0-aeb8-02aedc9ee5f0 in 50 milliseconds
2023-03-15 06:53:48,090 [OMDoubleBufferFlushThread] INFO  db.RDBCheckpointManager (RDBCheckpointManager.java:waitForCheckpointDirectoryExist(125)) - Waited for 0 milliseconds for checkpoint directory /home/runner/work/ozone/ozone/hadoop-ozone/integration-test/target/test-dir/MiniOzoneClusterImpl-8d40f1f0-3e23-4273-879b-a609159ae6a4/omNode-3/db.snapshots/om.db-b273fd98-091e-45b0-aeb8-02aedc9ee5f0 availability.
2023-03-15 06:53:48,090 [OMDoubleBufferFlushThread] INFO  om.OmSnapshotManager (OmSnapshotManager.java:createOmSnapshotCheckpoint(170)) - Created checkpoint : /home/runner/work/ozone/ozone/hadoop-ozone/integration-test/target/test-dir/MiniOzoneClusterImpl-8d40f1f0-3e23-4273-879b-a609159ae6a4/omNode-3/db.snapshots/om.db-b273fd98-091e-45b0-aeb8-02aedc9ee5f0 for snapshot 5747b358-6fa5-4662-a88f-a970220e270f
06:53:49.059 [OM StateMachine ApplyTransaction Thread - 0] ERROR OMAudit - user=runner | ip=127.0.0.1 | op=DELETE_KEY {volume=volume16901, bucket=bucket69736, key=dir1, dataSize=0, replicationType=NONE, replicationFactor=ZERO} | ret=FAILURE
org.apache.hadoop.ozone.om.exceptions.OMException: Directory is not empty. Key:dir1
	at org.apache.hadoop.ozone.om.request.key.OMKeyDeleteRequestWithFSO.validateAndUpdateCache(OMKeyDeleteRequestWithFSO.java:141) ~[ozone-manager-1.4.0-SNAPSHOT.jar:?]
	at org.apache.hadoop.ozone.protocolPB.OzoneManagerRequestHandler.handleWriteRequest(OzoneManagerRequestHandler.java:337) ~[ozone-manager-1.4.0-SNAPSHOT.jar:?]
	at org.apache.hadoop.ozone.om.ratis.OzoneManagerStateMachine.runCommand(OzoneManagerStateMachine.java:533) ~[ozone-manager-1.4.0-SNAPSHOT.jar:?]
	at org.apache.hadoop.ozone.om.ratis.OzoneManagerStateMachine.lambda$1(OzoneManagerStateMachine.java:324) ~[ozone-manager-1.4.0-SNAPSHOT.jar:?]
	at java.util.concurrent.CompletableFuture$AsyncSupply.run(CompletableFuture.java:1604) [?:1.8.0_362]
	at java.util.concurrent.ThreadPoolExecutor.runWorker(ThreadPoolExecutor.java:1149) [?:1.8.0_362]
	at java.util.concurrent.ThreadPoolExecutor$Worker.run(ThreadPoolExecutor.java:624) [?:1.8.0_362]
	at java.lang.Thread.run(Thread.java:750) [?:1.8.0_362]
2023-03-15 06:53:49,060 [OM StateMachine ApplyTransaction Thread - 0] ERROR key.OMKeyDeleteRequestWithFSO (OMKeyDeleteRequestWithFSO.java:validateAndUpdateCache(201)) - Key delete failed. Volume:volume16901, Bucket:bucket69736, Key:dir1.
DIRECTORY_NOT_EMPTY org.apache.hadoop.ozone.om.exceptions.OMException: Directory is not empty. Key:dir1
	at org.apache.hadoop.ozone.om.request.key.OMKeyDeleteRequestWithFSO.validateAndUpdateCache(OMKeyDeleteRequestWithFSO.java:141)
	at org.apache.hadoop.ozone.protocolPB.OzoneManagerRequestHandler.handleWriteRequest(OzoneManagerRequestHandler.java:337)
	at org.apache.hadoop.ozone.om.ratis.OzoneManagerStateMachine.runCommand(OzoneManagerStateMachine.java:533)
	at org.apache.hadoop.ozone.om.ratis.OzoneManagerStateMachine.lambda$1(OzoneManagerStateMachine.java:324)
	at java.util.concurrent.CompletableFuture$AsyncSupply.run(CompletableFuture.java:1604)
	at java.util.concurrent.ThreadPoolExecutor.runWorker(ThreadPoolExecutor.java:1149)
	at java.util.concurrent.ThreadPoolExecutor$Worker.run(ThreadPoolExecutor.java:624)
	at java.lang.Thread.run(Thread.java:750)
]]></system-out>
  </testcase>
  <testcase name="checkKey" classname="TestOmSnapshot" time="1.139">
    <system-out><![CDATA[2023-03-15 06:54:48,716 [OM StateMachine ApplyTransaction Thread - 0] INFO  snapshot.OMSnapshotCreateRequest (OMSnapshotCreateRequest.java:validateAndUpdateCache(204)) - Created snapshot 'cc81f16d-8d83-46b0-bcab-f27fbe2c3d8e' under path 'volume07715/bucket25757'
2023-03-15 06:54:48,717 [OM StateMachine ApplyTransaction Thread - 0] INFO  snapshot.OMSnapshotCreateRequest (OMSnapshotCreateRequest.java:validateAndUpdateCache(204)) - Created snapshot 'cc81f16d-8d83-46b0-bcab-f27fbe2c3d8e' under path 'volume07715/bucket25757'
2023-03-15 06:54:48,717 [OM StateMachine ApplyTransaction Thread - 0] INFO  snapshot.OMSnapshotCreateRequest (OMSnapshotCreateRequest.java:validateAndUpdateCache(204)) - Created snapshot 'cc81f16d-8d83-46b0-bcab-f27fbe2c3d8e' under path 'volume07715/bucket25757'
2023-03-15 06:54:48,755 [OMDoubleBufferFlushThread] INFO  db.RDBCheckpointManager (RDBCheckpointManager.java:createCheckpoint(96)) - Created checkpoint in rocksDB at /home/runner/work/ozone/ozone/hadoop-ozone/integration-test/target/test-dir/MiniOzoneClusterImpl-88c1a39f-978e-429a-824f-6eda176bb531/omNode-1/db.snapshots/om.db-ba4883fb-c073-4ac7-a87e-84d9c0629e3a in 37 milliseconds
2023-03-15 06:54:48,757 [OMDoubleBufferFlushThread] INFO  db.RDBCheckpointManager (RDBCheckpointManager.java:waitForCheckpointDirectoryExist(125)) - Waited for 2 milliseconds for checkpoint directory /home/runner/work/ozone/ozone/hadoop-ozone/integration-test/target/test-dir/MiniOzoneClusterImpl-88c1a39f-978e-429a-824f-6eda176bb531/omNode-1/db.snapshots/om.db-ba4883fb-c073-4ac7-a87e-84d9c0629e3a availability.
2023-03-15 06:54:48,757 [OMDoubleBufferFlushThread] INFO  om.OmSnapshotManager (OmSnapshotManager.java:createOmSnapshotCheckpoint(170)) - Created checkpoint : /home/runner/work/ozone/ozone/hadoop-ozone/integration-test/target/test-dir/MiniOzoneClusterImpl-88c1a39f-978e-429a-824f-6eda176bb531/omNode-1/db.snapshots/om.db-ba4883fb-c073-4ac7-a87e-84d9c0629e3a for snapshot cc81f16d-8d83-46b0-bcab-f27fbe2c3d8e
2023-03-15 06:54:48,761 [OMDoubleBufferFlushThread] INFO  db.RDBCheckpointManager (RDBCheckpointManager.java:createCheckpoint(96)) - Created checkpoint in rocksDB at /home/runner/work/ozone/ozone/hadoop-ozone/integration-test/target/test-dir/MiniOzoneClusterImpl-88c1a39f-978e-429a-824f-6eda176bb531/omNode-3/db.snapshots/om.db-ba4883fb-c073-4ac7-a87e-84d9c0629e3a in 42 milliseconds
2023-03-15 06:54:48,764 [OMDoubleBufferFlushThread] INFO  db.RDBCheckpointManager (RDBCheckpointManager.java:createCheckpoint(96)) - Created checkpoint in rocksDB at /home/runner/work/ozone/ozone/hadoop-ozone/integration-test/target/test-dir/MiniOzoneClusterImpl-88c1a39f-978e-429a-824f-6eda176bb531/omNode-2/db.snapshots/om.db-ba4883fb-c073-4ac7-a87e-84d9c0629e3a in 46 milliseconds
2023-03-15 06:54:48,766 [OMDoubleBufferFlushThread] INFO  db.RDBCheckpointManager (RDBCheckpointManager.java:waitForCheckpointDirectoryExist(125)) - Waited for 4 milliseconds for checkpoint directory /home/runner/work/ozone/ozone/hadoop-ozone/integration-test/target/test-dir/MiniOzoneClusterImpl-88c1a39f-978e-429a-824f-6eda176bb531/omNode-3/db.snapshots/om.db-ba4883fb-c073-4ac7-a87e-84d9c0629e3a availability.
2023-03-15 06:54:48,766 [OMDoubleBufferFlushThread] INFO  om.OmSnapshotManager (OmSnapshotManager.java:createOmSnapshotCheckpoint(170)) - Created checkpoint : /home/runner/work/ozone/ozone/hadoop-ozone/integration-test/target/test-dir/MiniOzoneClusterImpl-88c1a39f-978e-429a-824f-6eda176bb531/omNode-3/db.snapshots/om.db-ba4883fb-c073-4ac7-a87e-84d9c0629e3a for snapshot cc81f16d-8d83-46b0-bcab-f27fbe2c3d8e
2023-03-15 06:54:48,768 [OMDoubleBufferFlushThread] INFO  db.RDBCheckpointManager (RDBCheckpointManager.java:waitForCheckpointDirectoryExist(125)) - Waited for 4 milliseconds for checkpoint directory /home/runner/work/ozone/ozone/hadoop-ozone/integration-test/target/test-dir/MiniOzoneClusterImpl-88c1a39f-978e-429a-824f-6eda176bb531/omNode-2/db.snapshots/om.db-ba4883fb-c073-4ac7-a87e-84d9c0629e3a availability.
2023-03-15 06:54:48,768 [OMDoubleBufferFlushThread] INFO  om.OmSnapshotManager (OmSnapshotManager.java:createOmSnapshotCheckpoint(170)) - Created checkpoint : /home/runner/work/ozone/ozone/hadoop-ozone/integration-test/target/test-dir/MiniOzoneClusterImpl-88c1a39f-978e-429a-824f-6eda176bb531/omNode-2/db.snapshots/om.db-ba4883fb-c073-4ac7-a87e-84d9c0629e3a for snapshot cc81f16d-8d83-46b0-bcab-f27fbe2c3d8e
06:54:49.724 [OM StateMachine ApplyTransaction Thread - 0] ERROR OMAudit - user=runner | ip=127.0.0.1 | op=DELETE_KEY {volume=volume07715, bucket=bucket25757, key=dir1, dataSize=0, replicationType=NONE, replicationFactor=ZERO} | ret=FAILURE
org.apache.hadoop.ozone.om.exceptions.OMException: Key not found
	at org.apache.hadoop.ozone.om.request.key.OMKeyDeleteRequest.validateAndUpdateCache(OMKeyDeleteRequest.java:152) ~[ozone-manager-1.4.0-SNAPSHOT.jar:?]
	at org.apache.hadoop.ozone.om.request.key.OMKeyDeleteRequest.validateAndUpdateCache(OMKeyDeleteRequest.java:98) ~[ozone-manager-1.4.0-SNAPSHOT.jar:?]
	at org.apache.hadoop.ozone.protocolPB.OzoneManagerRequestHandler.handleWriteRequest(OzoneManagerRequestHandler.java:337) ~[ozone-manager-1.4.0-SNAPSHOT.jar:?]
	at org.apache.hadoop.ozone.om.ratis.OzoneManagerStateMachine.runCommand(OzoneManagerStateMachine.java:533) ~[ozone-manager-1.4.0-SNAPSHOT.jar:?]
	at org.apache.hadoop.ozone.om.ratis.OzoneManagerStateMachine.lambda$1(OzoneManagerStateMachine.java:324) ~[ozone-manager-1.4.0-SNAPSHOT.jar:?]
	at java.util.concurrent.CompletableFuture$AsyncSupply.run(CompletableFuture.java:1604) [?:1.8.0_362]
	at java.util.concurrent.ThreadPoolExecutor.runWorker(ThreadPoolExecutor.java:1149) [?:1.8.0_362]
	at java.util.concurrent.ThreadPoolExecutor$Worker.run(ThreadPoolExecutor.java:624) [?:1.8.0_362]
	at java.lang.Thread.run(Thread.java:750) [?:1.8.0_362]
2023-03-15 06:54:49,724 [OM StateMachine ApplyTransaction Thread - 0] ERROR key.OMKeyDeleteRequest (OMKeyDeleteRequest.java:validateAndUpdateCache(208)) - Key delete failed. Volume:volume07715, Bucket:bucket25757, Key:dir1.
KEY_NOT_FOUND org.apache.hadoop.ozone.om.exceptions.OMException: Key not found
	at org.apache.hadoop.ozone.om.request.key.OMKeyDeleteRequest.validateAndUpdateCache(OMKeyDeleteRequest.java:152)
	at org.apache.hadoop.ozone.om.request.key.OMKeyDeleteRequest.validateAndUpdateCache(OMKeyDeleteRequest.java:98)
	at org.apache.hadoop.ozone.protocolPB.OzoneManagerRequestHandler.handleWriteRequest(OzoneManagerRequestHandler.java:337)
	at org.apache.hadoop.ozone.om.ratis.OzoneManagerStateMachine.runCommand(OzoneManagerStateMachine.java:533)
	at org.apache.hadoop.ozone.om.ratis.OzoneManagerStateMachine.lambda$1(OzoneManagerStateMachine.java:324)
	at java.util.concurrent.CompletableFuture$AsyncSupply.run(CompletableFuture.java:1604)
	at java.util.concurrent.ThreadPoolExecutor.runWorker(ThreadPoolExecutor.java:1149)
	at java.util.concurrent.ThreadPoolExecutor$Worker.run(ThreadPoolExecutor.java:624)
	at java.lang.Thread.run(Thread.java:750)
06:54:49.724 [OM StateMachine ApplyTransaction Thread - 0] ERROR OMAudit - user=runner | ip=127.0.0.1 | op=DELETE_KEY {volume=volume07715, bucket=bucket25757, key=dir1, dataSize=0, replicationType=NONE, replicationFactor=ZERO} | ret=FAILURE
org.apache.hadoop.ozone.om.exceptions.OMException: Key not found
	at org.apache.hadoop.ozone.om.request.key.OMKeyDeleteRequest.validateAndUpdateCache(OMKeyDeleteRequest.java:152) ~[ozone-manager-1.4.0-SNAPSHOT.jar:?]
	at org.apache.hadoop.ozone.om.request.key.OMKeyDeleteRequest.validateAndUpdateCache(OMKeyDeleteRequest.java:98) ~[ozone-manager-1.4.0-SNAPSHOT.jar:?]
	at org.apache.hadoop.ozone.protocolPB.OzoneManagerRequestHandler.handleWriteRequest(OzoneManagerRequestHandler.java:337) ~[ozone-manager-1.4.0-SNAPSHOT.jar:?]
	at org.apache.hadoop.ozone.om.ratis.OzoneManagerStateMachine.runCommand(OzoneManagerStateMachine.java:533) ~[ozone-manager-1.4.0-SNAPSHOT.jar:?]
	at org.apache.hadoop.ozone.om.ratis.OzoneManagerStateMachine.lambda$1(OzoneManagerStateMachine.java:324) ~[ozone-manager-1.4.0-SNAPSHOT.jar:?]
	at java.util.concurrent.CompletableFuture$AsyncSupply.run(CompletableFuture.java:1604) [?:1.8.0_362]
	at java.util.concurrent.ThreadPoolExecutor.runWorker(ThreadPoolExecutor.java:1149) [?:1.8.0_362]
	at java.util.concurrent.ThreadPoolExecutor$Worker.run(ThreadPoolExecutor.java:624) [?:1.8.0_362]
	at java.lang.Thread.run(Thread.java:750) [?:1.8.0_362]
2023-03-15 06:54:49,725 [OM StateMachine ApplyTransaction Thread - 0] ERROR key.OMKeyDeleteRequest (OMKeyDeleteRequest.java:validateAndUpdateCache(208)) - Key delete failed. Volume:volume07715, Bucket:bucket25757, Key:dir1.
KEY_NOT_FOUND org.apache.hadoop.ozone.om.exceptions.OMException: Key not found
	at org.apache.hadoop.ozone.om.request.key.OMKeyDeleteRequest.validateAndUpdateCache(OMKeyDeleteRequest.java:152)
	at org.apache.hadoop.ozone.om.request.key.OMKeyDeleteRequest.validateAndUpdateCache(OMKeyDeleteRequest.java:98)
	at org.apache.hadoop.ozone.protocolPB.OzoneManagerRequestHandler.handleWriteRequest(OzoneManagerRequestHandler.java:337)
	at org.apache.hadoop.ozone.om.ratis.OzoneManagerStateMachine.runCommand(OzoneManagerStateMachine.java:533)
	at org.apache.hadoop.ozone.om.ratis.OzoneManagerStateMachine.lambda$1(OzoneManagerStateMachine.java:324)
	at java.util.concurrent.CompletableFuture$AsyncSupply.run(CompletableFuture.java:1604)
	at java.util.concurrent.ThreadPoolExecutor.runWorker(ThreadPoolExecutor.java:1149)
	at java.util.concurrent.ThreadPoolExecutor$Worker.run(ThreadPoolExecutor.java:624)
	at java.lang.Thread.run(Thread.java:750)
2023-03-15 06:54:49,726 [IPC Server handler 1 on default port 43319] WARN  server.ServerUtils (ServerUtils.java:getDBPath(225)) - ozone.om.db.dirs is not configured. We recommend adding this setting. Falling back to ozone.metadata.dirs instead.
2023-03-15 06:54:49,727 [IPC Server handler 1 on default port 43319] INFO  codec.OmKeyInfoCodec (OmKeyInfoCodec.java:<init>(49)) - OmKeyInfoCodec ignorePipeline = true
2023-03-15 06:54:49,727 [IPC Server handler 1 on default port 43319] INFO  codec.RepeatedOmKeyInfoCodec (RepeatedOmKeyInfoCodec.java:<init>(41)) - RepeatedOmKeyInfoCodec ignorePipeline = true
06:54:49.727 [OM StateMachine ApplyTransaction Thread - 0] ERROR OMAudit - user=runner | ip=127.0.0.1 | op=DELETE_KEY {volume=volume07715, bucket=bucket25757, key=dir1, dataSize=0, replicationType=NONE, replicationFactor=ZERO} | ret=FAILURE
org.apache.hadoop.ozone.om.exceptions.OMException: Key not found
	at org.apache.hadoop.ozone.om.request.key.OMKeyDeleteRequest.validateAndUpdateCache(OMKeyDeleteRequest.java:152) ~[ozone-manager-1.4.0-SNAPSHOT.jar:?]
	at org.apache.hadoop.ozone.om.request.key.OMKeyDeleteRequest.validateAndUpdateCache(OMKeyDeleteRequest.java:98) ~[ozone-manager-1.4.0-SNAPSHOT.jar:?]
	at org.apache.hadoop.ozone.protocolPB.OzoneManagerRequestHandler.handleWriteRequest(OzoneManagerRequestHandler.java:337) ~[ozone-manager-1.4.0-SNAPSHOT.jar:?]
	at org.apache.hadoop.ozone.om.ratis.OzoneManagerStateMachine.runCommand(OzoneManagerStateMachine.java:533) ~[ozone-manager-1.4.0-SNAPSHOT.jar:?]
	at org.apache.hadoop.ozone.om.ratis.OzoneManagerStateMachine.lambda$1(OzoneManagerStateMachine.java:324) ~[ozone-manager-1.4.0-SNAPSHOT.jar:?]
	at java.util.concurrent.CompletableFuture$AsyncSupply.run(CompletableFuture.java:1604) [?:1.8.0_362]
	at java.util.concurrent.ThreadPoolExecutor.runWorker(ThreadPoolExecutor.java:1149) [?:1.8.0_362]
	at java.util.concurrent.ThreadPoolExecutor$Worker.run(ThreadPoolExecutor.java:624) [?:1.8.0_362]
	at java.lang.Thread.run(Thread.java:750) [?:1.8.0_362]
2023-03-15 06:54:49,727 [OM StateMachine ApplyTransaction Thread - 0] ERROR key.OMKeyDeleteRequest (OMKeyDeleteRequest.java:validateAndUpdateCache(208)) - Key delete failed. Volume:volume07715, Bucket:bucket25757, Key:dir1.
KEY_NOT_FOUND org.apache.hadoop.ozone.om.exceptions.OMException: Key not found
	at org.apache.hadoop.ozone.om.request.key.OMKeyDeleteRequest.validateAndUpdateCache(OMKeyDeleteRequest.java:152)
	at org.apache.hadoop.ozone.om.request.key.OMKeyDeleteRequest.validateAndUpdateCache(OMKeyDeleteRequest.java:98)
	at org.apache.hadoop.ozone.protocolPB.OzoneManagerRequestHandler.handleWriteRequest(OzoneManagerRequestHandler.java:337)
	at org.apache.hadoop.ozone.om.ratis.OzoneManagerStateMachine.runCommand(OzoneManagerStateMachine.java:533)
	at org.apache.hadoop.ozone.om.ratis.OzoneManagerStateMachine.lambda$1(OzoneManagerStateMachine.java:324)
	at java.util.concurrent.CompletableFuture$AsyncSupply.run(CompletableFuture.java:1604)
	at java.util.concurrent.ThreadPoolExecutor.runWorker(ThreadPoolExecutor.java:1149)
	at java.util.concurrent.ThreadPoolExecutor$Worker.run(ThreadPoolExecutor.java:624)
	at java.lang.Thread.run(Thread.java:750)
]]></system-out>
  </testcase>
  <testcase name="testSnapDiffNoSnapshot" classname="TestOmSnapshot" time="1.066">
    <system-out><![CDATA[2023-03-15 06:52:49,657 [Time-limited test] INFO  rpc.RpcClient (RpcClient.java:createVolume(476)) - Creating Volume: vol-54372, with runner as owner and space quota set to -1 bytes, counts quota set to -1
2023-03-15 06:52:49,661 [OM StateMachine ApplyTransaction Thread - 0] INFO  volume.OMVolumeCreateRequest (OMVolumeCreateRequest.java:validateAndUpdateCache(195)) - created volume:vol-54372 for user:runner
2023-03-15 06:52:49,663 [OM StateMachine ApplyTransaction Thread - 0] INFO  volume.OMVolumeCreateRequest (OMVolumeCreateRequest.java:validateAndUpdateCache(195)) - created volume:vol-54372 for user:runner
2023-03-15 06:52:49,664 [OM StateMachine ApplyTransaction Thread - 0] INFO  volume.OMVolumeCreateRequest (OMVolumeCreateRequest.java:validateAndUpdateCache(195)) - created volume:vol-54372 for user:runner
2023-03-15 06:52:49,672 [Time-limited test] INFO  rpc.RpcClient (RpcClient.java:createBucket(698)) - Creating Bucket: vol-54372/buck-97187, with server-side default bucket layout, runner as owner, Versioning false, Storage Type set to DISK and Encryption set to false, Replication Type set to server-side default replication type, Namespace Quota set to -1, Space Quota set to -1 
2023-03-15 06:52:49,675 [OM StateMachine ApplyTransaction Thread - 0] INFO  bucket.OMBucketCreateRequest (OMBucketCreateRequest.java:validateAndUpdateCache(263)) - created bucket: buck-97187 of layout OBJECT_STORE in volume: vol-54372
2023-03-15 06:52:49,677 [OM StateMachine ApplyTransaction Thread - 0] INFO  bucket.OMBucketCreateRequest (OMBucketCreateRequest.java:validateAndUpdateCache(263)) - created bucket: buck-97187 of layout OBJECT_STORE in volume: vol-54372
2023-03-15 06:52:49,678 [OM StateMachine ApplyTransaction Thread - 0] INFO  bucket.OMBucketCreateRequest (OMBucketCreateRequest.java:validateAndUpdateCache(263)) - created bucket: buck-97187 of layout OBJECT_STORE in volume: vol-54372
2023-03-15 06:52:49,717 [OM StateMachine ApplyTransaction Thread - 0] INFO  snapshot.OMSnapshotCreateRequest (OMSnapshotCreateRequest.java:validateAndUpdateCache(204)) - Created snapshot 'snap95763' under path 'vol-54372/buck-97187'
2023-03-15 06:52:49,719 [OM StateMachine ApplyTransaction Thread - 0] INFO  snapshot.OMSnapshotCreateRequest (OMSnapshotCreateRequest.java:validateAndUpdateCache(204)) - Created snapshot 'snap95763' under path 'vol-54372/buck-97187'
2023-03-15 06:52:49,720 [OM StateMachine ApplyTransaction Thread - 0] INFO  snapshot.OMSnapshotCreateRequest (OMSnapshotCreateRequest.java:validateAndUpdateCache(204)) - Created snapshot 'snap95763' under path 'vol-54372/buck-97187'
2023-03-15 06:52:49,778 [OMDoubleBufferFlushThread] INFO  db.RDBCheckpointManager (RDBCheckpointManager.java:createCheckpoint(96)) - Created checkpoint in rocksDB at /home/runner/work/ozone/ozone/hadoop-ozone/integration-test/target/test-dir/MiniOzoneClusterImpl-e79b0a94-dba3-4ba8-a298-d2d15914ceac/omNode-1/db.snapshots/om.db-04786c9c-0ee4-4337-8b9d-3a5de7baacaf in 58 milliseconds
2023-03-15 06:52:49,780 [OMDoubleBufferFlushThread] INFO  db.RDBCheckpointManager (RDBCheckpointManager.java:createCheckpoint(96)) - Created checkpoint in rocksDB at /home/runner/work/ozone/ozone/hadoop-ozone/integration-test/target/test-dir/MiniOzoneClusterImpl-e79b0a94-dba3-4ba8-a298-d2d15914ceac/omNode-3/db.snapshots/om.db-04786c9c-0ee4-4337-8b9d-3a5de7baacaf in 59 milliseconds
2023-03-15 06:52:49,786 [OMDoubleBufferFlushThread] INFO  db.RDBCheckpointManager (RDBCheckpointManager.java:waitForCheckpointDirectoryExist(125)) - Waited for 8 milliseconds for checkpoint directory /home/runner/work/ozone/ozone/hadoop-ozone/integration-test/target/test-dir/MiniOzoneClusterImpl-e79b0a94-dba3-4ba8-a298-d2d15914ceac/omNode-1/db.snapshots/om.db-04786c9c-0ee4-4337-8b9d-3a5de7baacaf availability.
2023-03-15 06:52:49,786 [OMDoubleBufferFlushThread] INFO  om.OmSnapshotManager (OmSnapshotManager.java:createOmSnapshotCheckpoint(170)) - Created checkpoint : /home/runner/work/ozone/ozone/hadoop-ozone/integration-test/target/test-dir/MiniOzoneClusterImpl-e79b0a94-dba3-4ba8-a298-d2d15914ceac/omNode-1/db.snapshots/om.db-04786c9c-0ee4-4337-8b9d-3a5de7baacaf for snapshot snap95763
2023-03-15 06:52:49,788 [OMDoubleBufferFlushThread] INFO  db.RDBCheckpointManager (RDBCheckpointManager.java:waitForCheckpointDirectoryExist(125)) - Waited for 8 milliseconds for checkpoint directory /home/runner/work/ozone/ozone/hadoop-ozone/integration-test/target/test-dir/MiniOzoneClusterImpl-e79b0a94-dba3-4ba8-a298-d2d15914ceac/omNode-3/db.snapshots/om.db-04786c9c-0ee4-4337-8b9d-3a5de7baacaf availability.
2023-03-15 06:52:49,788 [OMDoubleBufferFlushThread] INFO  om.OmSnapshotManager (OmSnapshotManager.java:createOmSnapshotCheckpoint(170)) - Created checkpoint : /home/runner/work/ozone/ozone/hadoop-ozone/integration-test/target/test-dir/MiniOzoneClusterImpl-e79b0a94-dba3-4ba8-a298-d2d15914ceac/omNode-3/db.snapshots/om.db-04786c9c-0ee4-4337-8b9d-3a5de7baacaf for snapshot snap95763
2023-03-15 06:52:49,796 [OMDoubleBufferFlushThread] INFO  db.RDBCheckpointManager (RDBCheckpointManager.java:createCheckpoint(96)) - Created checkpoint in rocksDB at /home/runner/work/ozone/ozone/hadoop-ozone/integration-test/target/test-dir/MiniOzoneClusterImpl-e79b0a94-dba3-4ba8-a298-d2d15914ceac/omNode-2/db.snapshots/om.db-04786c9c-0ee4-4337-8b9d-3a5de7baacaf in 76 milliseconds
2023-03-15 06:52:49,802 [OMDoubleBufferFlushThread] INFO  db.RDBCheckpointManager (RDBCheckpointManager.java:waitForCheckpointDirectoryExist(125)) - Waited for 6 milliseconds for checkpoint directory /home/runner/work/ozone/ozone/hadoop-ozone/integration-test/target/test-dir/MiniOzoneClusterImpl-e79b0a94-dba3-4ba8-a298-d2d15914ceac/omNode-2/db.snapshots/om.db-04786c9c-0ee4-4337-8b9d-3a5de7baacaf availability.
2023-03-15 06:52:49,802 [OMDoubleBufferFlushThread] INFO  om.OmSnapshotManager (OmSnapshotManager.java:createOmSnapshotCheckpoint(170)) - Created checkpoint : /home/runner/work/ozone/ozone/hadoop-ozone/integration-test/target/test-dir/MiniOzoneClusterImpl-e79b0a94-dba3-4ba8-a298-d2d15914ceac/omNode-2/db.snapshots/om.db-04786c9c-0ee4-4337-8b9d-3a5de7baacaf for snapshot snap95763
]]></system-out>
  </testcase>
  <testcase name="testSnapDiffNoSnapshot" classname="TestOmSnapshot" time="1.077">
    <system-out><![CDATA[2023-03-15 06:53:49,078 [Time-limited test] INFO  rpc.RpcClient (RpcClient.java:createVolume(476)) - Creating Volume: vol-12252, with runner as owner and space quota set to -1 bytes, counts quota set to -1
2023-03-15 06:53:49,080 [OM StateMachine ApplyTransaction Thread - 0] INFO  volume.OMVolumeCreateRequest (OMVolumeCreateRequest.java:validateAndUpdateCache(195)) - created volume:vol-12252 for user:runner
2023-03-15 06:53:49,081 [OM StateMachine ApplyTransaction Thread - 0] INFO  volume.OMVolumeCreateRequest (OMVolumeCreateRequest.java:validateAndUpdateCache(195)) - created volume:vol-12252 for user:runner
2023-03-15 06:53:49,082 [OM StateMachine ApplyTransaction Thread - 0] INFO  volume.OMVolumeCreateRequest (OMVolumeCreateRequest.java:validateAndUpdateCache(195)) - created volume:vol-12252 for user:runner
2023-03-15 06:53:49,083 [Time-limited test] INFO  rpc.RpcClient (RpcClient.java:createBucket(698)) - Creating Bucket: vol-12252/buck-20053, with server-side default bucket layout, runner as owner, Versioning false, Storage Type set to DISK and Encryption set to false, Replication Type set to server-side default replication type, Namespace Quota set to -1, Space Quota set to -1 
2023-03-15 06:53:49,087 [OM StateMachine ApplyTransaction Thread - 0] INFO  bucket.OMBucketCreateRequest (OMBucketCreateRequest.java:validateAndUpdateCache(263)) - created bucket: buck-20053 of layout FILE_SYSTEM_OPTIMIZED in volume: vol-12252
2023-03-15 06:53:49,088 [OM StateMachine ApplyTransaction Thread - 0] INFO  bucket.OMBucketCreateRequest (OMBucketCreateRequest.java:validateAndUpdateCache(263)) - created bucket: buck-20053 of layout FILE_SYSTEM_OPTIMIZED in volume: vol-12252
2023-03-15 06:53:49,089 [OM StateMachine ApplyTransaction Thread - 0] INFO  bucket.OMBucketCreateRequest (OMBucketCreateRequest.java:validateAndUpdateCache(263)) - created bucket: buck-20053 of layout FILE_SYSTEM_OPTIMIZED in volume: vol-12252
2023-03-15 06:53:49,145 [OM StateMachine ApplyTransaction Thread - 0] INFO  snapshot.OMSnapshotCreateRequest (OMSnapshotCreateRequest.java:validateAndUpdateCache(204)) - Created snapshot 'snap77417' under path 'vol-12252/buck-20053'
2023-03-15 06:53:49,148 [OM StateMachine ApplyTransaction Thread - 0] INFO  snapshot.OMSnapshotCreateRequest (OMSnapshotCreateRequest.java:validateAndUpdateCache(204)) - Created snapshot 'snap77417' under path 'vol-12252/buck-20053'
2023-03-15 06:53:49,148 [OM StateMachine ApplyTransaction Thread - 0] INFO  snapshot.OMSnapshotCreateRequest (OMSnapshotCreateRequest.java:validateAndUpdateCache(204)) - Created snapshot 'snap77417' under path 'vol-12252/buck-20053'
2023-03-15 06:53:49,203 [OMDoubleBufferFlushThread] INFO  db.RDBCheckpointManager (RDBCheckpointManager.java:createCheckpoint(96)) - Created checkpoint in rocksDB at /home/runner/work/ozone/ozone/hadoop-ozone/integration-test/target/test-dir/MiniOzoneClusterImpl-8d40f1f0-3e23-4273-879b-a609159ae6a4/omNode-1/db.snapshots/om.db-788aed37-ccf3-45e3-9a9c-d7fc34e5a6bc in 55 milliseconds
2023-03-15 06:53:49,208 [OMDoubleBufferFlushThread] INFO  db.RDBCheckpointManager (RDBCheckpointManager.java:waitForCheckpointDirectoryExist(125)) - Waited for 4 milliseconds for checkpoint directory /home/runner/work/ozone/ozone/hadoop-ozone/integration-test/target/test-dir/MiniOzoneClusterImpl-8d40f1f0-3e23-4273-879b-a609159ae6a4/omNode-1/db.snapshots/om.db-788aed37-ccf3-45e3-9a9c-d7fc34e5a6bc availability.
2023-03-15 06:53:49,208 [OMDoubleBufferFlushThread] INFO  om.OmSnapshotManager (OmSnapshotManager.java:createOmSnapshotCheckpoint(170)) - Created checkpoint : /home/runner/work/ozone/ozone/hadoop-ozone/integration-test/target/test-dir/MiniOzoneClusterImpl-8d40f1f0-3e23-4273-879b-a609159ae6a4/omNode-1/db.snapshots/om.db-788aed37-ccf3-45e3-9a9c-d7fc34e5a6bc for snapshot snap77417
2023-03-15 06:53:49,216 [OMDoubleBufferFlushThread] INFO  db.RDBCheckpointManager (RDBCheckpointManager.java:createCheckpoint(96)) - Created checkpoint in rocksDB at /home/runner/work/ozone/ozone/hadoop-ozone/integration-test/target/test-dir/MiniOzoneClusterImpl-8d40f1f0-3e23-4273-879b-a609159ae6a4/omNode-3/db.snapshots/om.db-788aed37-ccf3-45e3-9a9c-d7fc34e5a6bc in 67 milliseconds
2023-03-15 06:53:49,219 [OMDoubleBufferFlushThread] INFO  db.RDBCheckpointManager (RDBCheckpointManager.java:waitForCheckpointDirectoryExist(125)) - Waited for 3 milliseconds for checkpoint directory /home/runner/work/ozone/ozone/hadoop-ozone/integration-test/target/test-dir/MiniOzoneClusterImpl-8d40f1f0-3e23-4273-879b-a609159ae6a4/omNode-3/db.snapshots/om.db-788aed37-ccf3-45e3-9a9c-d7fc34e5a6bc availability.
2023-03-15 06:53:49,219 [OMDoubleBufferFlushThread] INFO  om.OmSnapshotManager (OmSnapshotManager.java:createOmSnapshotCheckpoint(170)) - Created checkpoint : /home/runner/work/ozone/ozone/hadoop-ozone/integration-test/target/test-dir/MiniOzoneClusterImpl-8d40f1f0-3e23-4273-879b-a609159ae6a4/omNode-3/db.snapshots/om.db-788aed37-ccf3-45e3-9a9c-d7fc34e5a6bc for snapshot snap77417
2023-03-15 06:53:49,228 [OMDoubleBufferFlushThread] INFO  db.RDBCheckpointManager (RDBCheckpointManager.java:createCheckpoint(96)) - Created checkpoint in rocksDB at /home/runner/work/ozone/ozone/hadoop-ozone/integration-test/target/test-dir/MiniOzoneClusterImpl-8d40f1f0-3e23-4273-879b-a609159ae6a4/omNode-2/db.snapshots/om.db-788aed37-ccf3-45e3-9a9c-d7fc34e5a6bc in 78 milliseconds
2023-03-15 06:53:49,236 [OMDoubleBufferFlushThread] INFO  db.RDBCheckpointManager (RDBCheckpointManager.java:waitForCheckpointDirectoryExist(125)) - Waited for 8 milliseconds for checkpoint directory /home/runner/work/ozone/ozone/hadoop-ozone/integration-test/target/test-dir/MiniOzoneClusterImpl-8d40f1f0-3e23-4273-879b-a609159ae6a4/omNode-2/db.snapshots/om.db-788aed37-ccf3-45e3-9a9c-d7fc34e5a6bc availability.
2023-03-15 06:53:49,236 [OMDoubleBufferFlushThread] INFO  om.OmSnapshotManager (OmSnapshotManager.java:createOmSnapshotCheckpoint(170)) - Created checkpoint : /home/runner/work/ozone/ozone/hadoop-ozone/integration-test/target/test-dir/MiniOzoneClusterImpl-8d40f1f0-3e23-4273-879b-a609159ae6a4/omNode-2/db.snapshots/om.db-788aed37-ccf3-45e3-9a9c-d7fc34e5a6bc for snapshot snap77417
]]></system-out>
  </testcase>
  <testcase name="testSnapDiffNoSnapshot" classname="TestOmSnapshot" time="1.04">
    <system-out><![CDATA[2023-03-15 06:54:49,805 [Time-limited test] INFO  rpc.RpcClient (RpcClient.java:createVolume(476)) - Creating Volume: vol-54756, with runner as owner and space quota set to -1 bytes, counts quota set to -1
2023-03-15 06:54:49,808 [OM StateMachine ApplyTransaction Thread - 0] INFO  volume.OMVolumeCreateRequest (OMVolumeCreateRequest.java:validateAndUpdateCache(195)) - created volume:vol-54756 for user:runner
2023-03-15 06:54:49,809 [OM StateMachine ApplyTransaction Thread - 0] INFO  volume.OMVolumeCreateRequest (OMVolumeCreateRequest.java:validateAndUpdateCache(195)) - created volume:vol-54756 for user:runner
2023-03-15 06:54:49,809 [OM StateMachine ApplyTransaction Thread - 0] INFO  volume.OMVolumeCreateRequest (OMVolumeCreateRequest.java:validateAndUpdateCache(195)) - created volume:vol-54756 for user:runner
2023-03-15 06:54:49,810 [Time-limited test] INFO  rpc.RpcClient (RpcClient.java:createBucket(698)) - Creating Bucket: vol-54756/buck-00948, with server-side default bucket layout, runner as owner, Versioning false, Storage Type set to DISK and Encryption set to false, Replication Type set to server-side default replication type, Namespace Quota set to -1, Space Quota set to -1 
2023-03-15 06:54:49,812 [OM StateMachine ApplyTransaction Thread - 0] INFO  bucket.OMBucketCreateRequest (OMBucketCreateRequest.java:validateAndUpdateCache(263)) - created bucket: buck-00948 of layout LEGACY in volume: vol-54756
2023-03-15 06:54:49,812 [OM StateMachine ApplyTransaction Thread - 0] INFO  bucket.OMBucketCreateRequest (OMBucketCreateRequest.java:validateAndUpdateCache(263)) - created bucket: buck-00948 of layout LEGACY in volume: vol-54756
2023-03-15 06:54:49,813 [OM StateMachine ApplyTransaction Thread - 0] INFO  bucket.OMBucketCreateRequest (OMBucketCreateRequest.java:validateAndUpdateCache(263)) - created bucket: buck-00948 of layout LEGACY in volume: vol-54756
2023-03-15 06:54:49,838 [OM StateMachine ApplyTransaction Thread - 0] INFO  snapshot.OMSnapshotCreateRequest (OMSnapshotCreateRequest.java:validateAndUpdateCache(204)) - Created snapshot 'snap63321' under path 'vol-54756/buck-00948'
2023-03-15 06:54:49,840 [OM StateMachine ApplyTransaction Thread - 0] INFO  snapshot.OMSnapshotCreateRequest (OMSnapshotCreateRequest.java:validateAndUpdateCache(204)) - Created snapshot 'snap63321' under path 'vol-54756/buck-00948'
2023-03-15 06:54:49,840 [OM StateMachine ApplyTransaction Thread - 0] INFO  snapshot.OMSnapshotCreateRequest (OMSnapshotCreateRequest.java:validateAndUpdateCache(204)) - Created snapshot 'snap63321' under path 'vol-54756/buck-00948'
2023-03-15 06:54:49,886 [OMDoubleBufferFlushThread] INFO  db.RDBCheckpointManager (RDBCheckpointManager.java:createCheckpoint(96)) - Created checkpoint in rocksDB at /home/runner/work/ozone/ozone/hadoop-ozone/integration-test/target/test-dir/MiniOzoneClusterImpl-88c1a39f-978e-429a-824f-6eda176bb531/omNode-3/db.snapshots/om.db-5c4bb4da-c1e2-4351-a555-3413dd2866ca in 45 milliseconds
2023-03-15 06:54:49,891 [OMDoubleBufferFlushThread] INFO  db.RDBCheckpointManager (RDBCheckpointManager.java:waitForCheckpointDirectoryExist(125)) - Waited for 5 milliseconds for checkpoint directory /home/runner/work/ozone/ozone/hadoop-ozone/integration-test/target/test-dir/MiniOzoneClusterImpl-88c1a39f-978e-429a-824f-6eda176bb531/omNode-3/db.snapshots/om.db-5c4bb4da-c1e2-4351-a555-3413dd2866ca availability.
2023-03-15 06:54:49,891 [OMDoubleBufferFlushThread] INFO  om.OmSnapshotManager (OmSnapshotManager.java:createOmSnapshotCheckpoint(170)) - Created checkpoint : /home/runner/work/ozone/ozone/hadoop-ozone/integration-test/target/test-dir/MiniOzoneClusterImpl-88c1a39f-978e-429a-824f-6eda176bb531/omNode-3/db.snapshots/om.db-5c4bb4da-c1e2-4351-a555-3413dd2866ca for snapshot snap63321
2023-03-15 06:54:49,902 [OMDoubleBufferFlushThread] INFO  db.RDBCheckpointManager (RDBCheckpointManager.java:createCheckpoint(96)) - Created checkpoint in rocksDB at /home/runner/work/ozone/ozone/hadoop-ozone/integration-test/target/test-dir/MiniOzoneClusterImpl-88c1a39f-978e-429a-824f-6eda176bb531/omNode-1/db.snapshots/om.db-5c4bb4da-c1e2-4351-a555-3413dd2866ca in 62 milliseconds
2023-03-15 06:54:49,910 [OMDoubleBufferFlushThread] INFO  db.RDBCheckpointManager (RDBCheckpointManager.java:waitForCheckpointDirectoryExist(125)) - Waited for 8 milliseconds for checkpoint directory /home/runner/work/ozone/ozone/hadoop-ozone/integration-test/target/test-dir/MiniOzoneClusterImpl-88c1a39f-978e-429a-824f-6eda176bb531/omNode-1/db.snapshots/om.db-5c4bb4da-c1e2-4351-a555-3413dd2866ca availability.
2023-03-15 06:54:49,910 [OMDoubleBufferFlushThread] INFO  om.OmSnapshotManager (OmSnapshotManager.java:createOmSnapshotCheckpoint(170)) - Created checkpoint : /home/runner/work/ozone/ozone/hadoop-ozone/integration-test/target/test-dir/MiniOzoneClusterImpl-88c1a39f-978e-429a-824f-6eda176bb531/omNode-1/db.snapshots/om.db-5c4bb4da-c1e2-4351-a555-3413dd2866ca for snapshot snap63321
2023-03-15 06:54:49,913 [OMDoubleBufferFlushThread] INFO  db.RDBCheckpointManager (RDBCheckpointManager.java:createCheckpoint(96)) - Created checkpoint in rocksDB at /home/runner/work/ozone/ozone/hadoop-ozone/integration-test/target/test-dir/MiniOzoneClusterImpl-88c1a39f-978e-429a-824f-6eda176bb531/omNode-2/db.snapshots/om.db-5c4bb4da-c1e2-4351-a555-3413dd2866ca in 71 milliseconds
2023-03-15 06:54:49,919 [OMDoubleBufferFlushThread] INFO  db.RDBCheckpointManager (RDBCheckpointManager.java:waitForCheckpointDirectoryExist(125)) - Waited for 6 milliseconds for checkpoint directory /home/runner/work/ozone/ozone/hadoop-ozone/integration-test/target/test-dir/MiniOzoneClusterImpl-88c1a39f-978e-429a-824f-6eda176bb531/omNode-2/db.snapshots/om.db-5c4bb4da-c1e2-4351-a555-3413dd2866ca availability.
2023-03-15 06:54:49,919 [OMDoubleBufferFlushThread] INFO  om.OmSnapshotManager (OmSnapshotManager.java:createOmSnapshotCheckpoint(170)) - Created checkpoint : /home/runner/work/ozone/ozone/hadoop-ozone/integration-test/target/test-dir/MiniOzoneClusterImpl-88c1a39f-978e-429a-824f-6eda176bb531/omNode-2/db.snapshots/om.db-5c4bb4da-c1e2-4351-a555-3413dd2866ca for snapshot snap63321
]]></system-out>
  </testcase>
  <testcase name="testDeleteSnapshotMissingMandatoryParams" classname="TestOmSnapshot" time="1.059">
    <system-out><![CDATA[2023-03-15 06:52:50,730 [Time-limited test] INFO  rpc.RpcClient (RpcClient.java:createVolume(476)) - Creating Volume: vol-39675, with runner as owner and space quota set to -1 bytes, counts quota set to -1
2023-03-15 06:52:50,734 [OM StateMachine ApplyTransaction Thread - 0] INFO  volume.OMVolumeCreateRequest (OMVolumeCreateRequest.java:validateAndUpdateCache(195)) - created volume:vol-39675 for user:runner
2023-03-15 06:52:50,736 [OM StateMachine ApplyTransaction Thread - 0] INFO  volume.OMVolumeCreateRequest (OMVolumeCreateRequest.java:validateAndUpdateCache(195)) - created volume:vol-39675 for user:runner
2023-03-15 06:52:50,736 [OM StateMachine ApplyTransaction Thread - 0] INFO  volume.OMVolumeCreateRequest (OMVolumeCreateRequest.java:validateAndUpdateCache(195)) - created volume:vol-39675 for user:runner
2023-03-15 06:52:50,737 [Time-limited test] INFO  rpc.RpcClient (RpcClient.java:createBucket(698)) - Creating Bucket: vol-39675/buck-13932, with server-side default bucket layout, runner as owner, Versioning false, Storage Type set to DISK and Encryption set to false, Replication Type set to server-side default replication type, Namespace Quota set to -1, Space Quota set to -1 
2023-03-15 06:52:50,740 [OM StateMachine ApplyTransaction Thread - 0] INFO  bucket.OMBucketCreateRequest (OMBucketCreateRequest.java:validateAndUpdateCache(263)) - created bucket: buck-13932 of layout OBJECT_STORE in volume: vol-39675
2023-03-15 06:52:50,743 [OM StateMachine ApplyTransaction Thread - 0] INFO  bucket.OMBucketCreateRequest (OMBucketCreateRequest.java:validateAndUpdateCache(263)) - created bucket: buck-13932 of layout OBJECT_STORE in volume: vol-39675
2023-03-15 06:52:50,743 [OM StateMachine ApplyTransaction Thread - 0] INFO  bucket.OMBucketCreateRequest (OMBucketCreateRequest.java:validateAndUpdateCache(263)) - created bucket: buck-13932 of layout OBJECT_STORE in volume: vol-39675
2023-03-15 06:52:50,779 [OM StateMachine ApplyTransaction Thread - 0] INFO  snapshot.OMSnapshotCreateRequest (OMSnapshotCreateRequest.java:validateAndUpdateCache(204)) - Created snapshot 'snap61069' under path 'vol-39675/buck-13932'
2023-03-15 06:52:50,780 [OM StateMachine ApplyTransaction Thread - 0] INFO  snapshot.OMSnapshotCreateRequest (OMSnapshotCreateRequest.java:validateAndUpdateCache(204)) - Created snapshot 'snap61069' under path 'vol-39675/buck-13932'
2023-03-15 06:52:50,781 [OM StateMachine ApplyTransaction Thread - 0] INFO  snapshot.OMSnapshotCreateRequest (OMSnapshotCreateRequest.java:validateAndUpdateCache(204)) - Created snapshot 'snap61069' under path 'vol-39675/buck-13932'
2023-03-15 06:52:50,836 [OMDoubleBufferFlushThread] INFO  db.RDBCheckpointManager (RDBCheckpointManager.java:createCheckpoint(96)) - Created checkpoint in rocksDB at /home/runner/work/ozone/ozone/hadoop-ozone/integration-test/target/test-dir/MiniOzoneClusterImpl-e79b0a94-dba3-4ba8-a298-d2d15914ceac/omNode-1/db.snapshots/om.db-fc4602dd-7d05-48c2-b631-42da03b55c91 in 54 milliseconds
2023-03-15 06:52:50,839 [OMDoubleBufferFlushThread] INFO  db.RDBCheckpointManager (RDBCheckpointManager.java:waitForCheckpointDirectoryExist(125)) - Waited for 3 milliseconds for checkpoint directory /home/runner/work/ozone/ozone/hadoop-ozone/integration-test/target/test-dir/MiniOzoneClusterImpl-e79b0a94-dba3-4ba8-a298-d2d15914ceac/omNode-1/db.snapshots/om.db-fc4602dd-7d05-48c2-b631-42da03b55c91 availability.
2023-03-15 06:52:50,839 [OMDoubleBufferFlushThread] INFO  om.OmSnapshotManager (OmSnapshotManager.java:createOmSnapshotCheckpoint(170)) - Created checkpoint : /home/runner/work/ozone/ozone/hadoop-ozone/integration-test/target/test-dir/MiniOzoneClusterImpl-e79b0a94-dba3-4ba8-a298-d2d15914ceac/omNode-1/db.snapshots/om.db-fc4602dd-7d05-48c2-b631-42da03b55c91 for snapshot snap61069
2023-03-15 06:52:50,842 [OMDoubleBufferFlushThread] INFO  db.RDBCheckpointManager (RDBCheckpointManager.java:createCheckpoint(96)) - Created checkpoint in rocksDB at /home/runner/work/ozone/ozone/hadoop-ozone/integration-test/target/test-dir/MiniOzoneClusterImpl-e79b0a94-dba3-4ba8-a298-d2d15914ceac/omNode-3/db.snapshots/om.db-fc4602dd-7d05-48c2-b631-42da03b55c91 in 55 milliseconds
2023-03-15 06:52:50,842 [OMDoubleBufferFlushThread] INFO  db.RDBCheckpointManager (RDBCheckpointManager.java:waitForCheckpointDirectoryExist(125)) - Waited for 0 milliseconds for checkpoint directory /home/runner/work/ozone/ozone/hadoop-ozone/integration-test/target/test-dir/MiniOzoneClusterImpl-e79b0a94-dba3-4ba8-a298-d2d15914ceac/omNode-3/db.snapshots/om.db-fc4602dd-7d05-48c2-b631-42da03b55c91 availability.
2023-03-15 06:52:50,843 [OMDoubleBufferFlushThread] INFO  om.OmSnapshotManager (OmSnapshotManager.java:createOmSnapshotCheckpoint(170)) - Created checkpoint : /home/runner/work/ozone/ozone/hadoop-ozone/integration-test/target/test-dir/MiniOzoneClusterImpl-e79b0a94-dba3-4ba8-a298-d2d15914ceac/omNode-3/db.snapshots/om.db-fc4602dd-7d05-48c2-b631-42da03b55c91 for snapshot snap61069
2023-03-15 06:52:50,850 [OMDoubleBufferFlushThread] INFO  db.RDBCheckpointManager (RDBCheckpointManager.java:createCheckpoint(96)) - Created checkpoint in rocksDB at /home/runner/work/ozone/ozone/hadoop-ozone/integration-test/target/test-dir/MiniOzoneClusterImpl-e79b0a94-dba3-4ba8-a298-d2d15914ceac/omNode-2/db.snapshots/om.db-fc4602dd-7d05-48c2-b631-42da03b55c91 in 60 milliseconds
2023-03-15 06:52:50,851 [OMDoubleBufferFlushThread] INFO  db.RDBCheckpointManager (RDBCheckpointManager.java:waitForCheckpointDirectoryExist(125)) - Waited for 1 milliseconds for checkpoint directory /home/runner/work/ozone/ozone/hadoop-ozone/integration-test/target/test-dir/MiniOzoneClusterImpl-e79b0a94-dba3-4ba8-a298-d2d15914ceac/omNode-2/db.snapshots/om.db-fc4602dd-7d05-48c2-b631-42da03b55c91 availability.
2023-03-15 06:52:50,851 [OMDoubleBufferFlushThread] INFO  om.OmSnapshotManager (OmSnapshotManager.java:createOmSnapshotCheckpoint(170)) - Created checkpoint : /home/runner/work/ozone/ozone/hadoop-ozone/integration-test/target/test-dir/MiniOzoneClusterImpl-e79b0a94-dba3-4ba8-a298-d2d15914ceac/omNode-2/db.snapshots/om.db-fc4602dd-7d05-48c2-b631-42da03b55c91 for snapshot snap61069
]]></system-out>
  </testcase>
  <testcase name="testDeleteSnapshotMissingMandatoryParams" classname="TestOmSnapshot" time="1.056">
    <system-out><![CDATA[2023-03-15 06:53:50,152 [Time-limited test] INFO  rpc.RpcClient (RpcClient.java:createVolume(476)) - Creating Volume: vol-49116, with runner as owner and space quota set to -1 bytes, counts quota set to -1
2023-03-15 06:53:50,154 [OM StateMachine ApplyTransaction Thread - 0] INFO  volume.OMVolumeCreateRequest (OMVolumeCreateRequest.java:validateAndUpdateCache(195)) - created volume:vol-49116 for user:runner
2023-03-15 06:53:50,159 [OM StateMachine ApplyTransaction Thread - 0] INFO  volume.OMVolumeCreateRequest (OMVolumeCreateRequest.java:validateAndUpdateCache(195)) - created volume:vol-49116 for user:runner
2023-03-15 06:53:50,160 [OM StateMachine ApplyTransaction Thread - 0] INFO  volume.OMVolumeCreateRequest (OMVolumeCreateRequest.java:validateAndUpdateCache(195)) - created volume:vol-49116 for user:runner
2023-03-15 06:53:50,160 [Time-limited test] INFO  rpc.RpcClient (RpcClient.java:createBucket(698)) - Creating Bucket: vol-49116/buck-16436, with server-side default bucket layout, runner as owner, Versioning false, Storage Type set to DISK and Encryption set to false, Replication Type set to server-side default replication type, Namespace Quota set to -1, Space Quota set to -1 
2023-03-15 06:53:50,162 [OM StateMachine ApplyTransaction Thread - 0] INFO  bucket.OMBucketCreateRequest (OMBucketCreateRequest.java:validateAndUpdateCache(263)) - created bucket: buck-16436 of layout FILE_SYSTEM_OPTIMIZED in volume: vol-49116
2023-03-15 06:53:50,163 [OM StateMachine ApplyTransaction Thread - 0] INFO  bucket.OMBucketCreateRequest (OMBucketCreateRequest.java:validateAndUpdateCache(263)) - created bucket: buck-16436 of layout FILE_SYSTEM_OPTIMIZED in volume: vol-49116
2023-03-15 06:53:50,164 [OM StateMachine ApplyTransaction Thread - 0] INFO  bucket.OMBucketCreateRequest (OMBucketCreateRequest.java:validateAndUpdateCache(263)) - created bucket: buck-16436 of layout FILE_SYSTEM_OPTIMIZED in volume: vol-49116
2023-03-15 06:53:50,203 [OM StateMachine ApplyTransaction Thread - 0] INFO  snapshot.OMSnapshotCreateRequest (OMSnapshotCreateRequest.java:validateAndUpdateCache(204)) - Created snapshot 'snap50445' under path 'vol-49116/buck-16436'
2023-03-15 06:53:50,204 [OM StateMachine ApplyTransaction Thread - 0] INFO  snapshot.OMSnapshotCreateRequest (OMSnapshotCreateRequest.java:validateAndUpdateCache(204)) - Created snapshot 'snap50445' under path 'vol-49116/buck-16436'
2023-03-15 06:53:50,205 [OM StateMachine ApplyTransaction Thread - 0] INFO  snapshot.OMSnapshotCreateRequest (OMSnapshotCreateRequest.java:validateAndUpdateCache(204)) - Created snapshot 'snap50445' under path 'vol-49116/buck-16436'
2023-03-15 06:53:50,262 [OMDoubleBufferFlushThread] INFO  db.RDBCheckpointManager (RDBCheckpointManager.java:createCheckpoint(96)) - Created checkpoint in rocksDB at /home/runner/work/ozone/ozone/hadoop-ozone/integration-test/target/test-dir/MiniOzoneClusterImpl-8d40f1f0-3e23-4273-879b-a609159ae6a4/omNode-3/db.snapshots/om.db-5486d649-97d3-499b-aba8-f5dbd2d95145 in 56 milliseconds
2023-03-15 06:53:50,263 [OMDoubleBufferFlushThread] INFO  db.RDBCheckpointManager (RDBCheckpointManager.java:waitForCheckpointDirectoryExist(125)) - Waited for 1 milliseconds for checkpoint directory /home/runner/work/ozone/ozone/hadoop-ozone/integration-test/target/test-dir/MiniOzoneClusterImpl-8d40f1f0-3e23-4273-879b-a609159ae6a4/omNode-3/db.snapshots/om.db-5486d649-97d3-499b-aba8-f5dbd2d95145 availability.
2023-03-15 06:53:50,263 [OMDoubleBufferFlushThread] INFO  om.OmSnapshotManager (OmSnapshotManager.java:createOmSnapshotCheckpoint(170)) - Created checkpoint : /home/runner/work/ozone/ozone/hadoop-ozone/integration-test/target/test-dir/MiniOzoneClusterImpl-8d40f1f0-3e23-4273-879b-a609159ae6a4/omNode-3/db.snapshots/om.db-5486d649-97d3-499b-aba8-f5dbd2d95145 for snapshot snap50445
2023-03-15 06:53:50,273 [OMDoubleBufferFlushThread] INFO  db.RDBCheckpointManager (RDBCheckpointManager.java:createCheckpoint(96)) - Created checkpoint in rocksDB at /home/runner/work/ozone/ozone/hadoop-ozone/integration-test/target/test-dir/MiniOzoneClusterImpl-8d40f1f0-3e23-4273-879b-a609159ae6a4/omNode-1/db.snapshots/om.db-5486d649-97d3-499b-aba8-f5dbd2d95145 in 66 milliseconds
2023-03-15 06:53:50,273 [OMDoubleBufferFlushThread] INFO  db.RDBCheckpointManager (RDBCheckpointManager.java:waitForCheckpointDirectoryExist(125)) - Waited for 0 milliseconds for checkpoint directory /home/runner/work/ozone/ozone/hadoop-ozone/integration-test/target/test-dir/MiniOzoneClusterImpl-8d40f1f0-3e23-4273-879b-a609159ae6a4/omNode-1/db.snapshots/om.db-5486d649-97d3-499b-aba8-f5dbd2d95145 availability.
2023-03-15 06:53:50,273 [OMDoubleBufferFlushThread] INFO  om.OmSnapshotManager (OmSnapshotManager.java:createOmSnapshotCheckpoint(170)) - Created checkpoint : /home/runner/work/ozone/ozone/hadoop-ozone/integration-test/target/test-dir/MiniOzoneClusterImpl-8d40f1f0-3e23-4273-879b-a609159ae6a4/omNode-1/db.snapshots/om.db-5486d649-97d3-499b-aba8-f5dbd2d95145 for snapshot snap50445
2023-03-15 06:53:50,275 [OMDoubleBufferFlushThread] INFO  db.RDBCheckpointManager (RDBCheckpointManager.java:createCheckpoint(96)) - Created checkpoint in rocksDB at /home/runner/work/ozone/ozone/hadoop-ozone/integration-test/target/test-dir/MiniOzoneClusterImpl-8d40f1f0-3e23-4273-879b-a609159ae6a4/omNode-2/db.snapshots/om.db-5486d649-97d3-499b-aba8-f5dbd2d95145 in 69 milliseconds
2023-03-15 06:53:50,276 [OMDoubleBufferFlushThread] INFO  db.RDBCheckpointManager (RDBCheckpointManager.java:waitForCheckpointDirectoryExist(125)) - Waited for 1 milliseconds for checkpoint directory /home/runner/work/ozone/ozone/hadoop-ozone/integration-test/target/test-dir/MiniOzoneClusterImpl-8d40f1f0-3e23-4273-879b-a609159ae6a4/omNode-2/db.snapshots/om.db-5486d649-97d3-499b-aba8-f5dbd2d95145 availability.
2023-03-15 06:53:50,276 [OMDoubleBufferFlushThread] INFO  om.OmSnapshotManager (OmSnapshotManager.java:createOmSnapshotCheckpoint(170)) - Created checkpoint : /home/runner/work/ozone/ozone/hadoop-ozone/integration-test/target/test-dir/MiniOzoneClusterImpl-8d40f1f0-3e23-4273-879b-a609159ae6a4/omNode-2/db.snapshots/om.db-5486d649-97d3-499b-aba8-f5dbd2d95145 for snapshot snap50445
]]></system-out>
  </testcase>
  <testcase name="testDeleteSnapshotMissingMandatoryParams" classname="TestOmSnapshot" time="1.044">
    <system-out><![CDATA[2023-03-15 06:54:50,845 [Time-limited test] INFO  rpc.RpcClient (RpcClient.java:createVolume(476)) - Creating Volume: vol-87417, with runner as owner and space quota set to -1 bytes, counts quota set to -1
2023-03-15 06:54:50,852 [OM StateMachine ApplyTransaction Thread - 0] INFO  volume.OMVolumeCreateRequest (OMVolumeCreateRequest.java:validateAndUpdateCache(195)) - created volume:vol-87417 for user:runner
2023-03-15 06:54:50,854 [OM StateMachine ApplyTransaction Thread - 0] INFO  volume.OMVolumeCreateRequest (OMVolumeCreateRequest.java:validateAndUpdateCache(195)) - created volume:vol-87417 for user:runner
2023-03-15 06:54:50,855 [OM StateMachine ApplyTransaction Thread - 0] INFO  volume.OMVolumeCreateRequest (OMVolumeCreateRequest.java:validateAndUpdateCache(195)) - created volume:vol-87417 for user:runner
2023-03-15 06:54:50,856 [Time-limited test] INFO  rpc.RpcClient (RpcClient.java:createBucket(698)) - Creating Bucket: vol-87417/buck-08730, with server-side default bucket layout, runner as owner, Versioning false, Storage Type set to DISK and Encryption set to false, Replication Type set to server-side default replication type, Namespace Quota set to -1, Space Quota set to -1 
2023-03-15 06:54:50,858 [OM StateMachine ApplyTransaction Thread - 0] INFO  bucket.OMBucketCreateRequest (OMBucketCreateRequest.java:validateAndUpdateCache(263)) - created bucket: buck-08730 of layout LEGACY in volume: vol-87417
2023-03-15 06:54:50,860 [OM StateMachine ApplyTransaction Thread - 0] INFO  bucket.OMBucketCreateRequest (OMBucketCreateRequest.java:validateAndUpdateCache(263)) - created bucket: buck-08730 of layout LEGACY in volume: vol-87417
2023-03-15 06:54:50,861 [OM StateMachine ApplyTransaction Thread - 0] INFO  bucket.OMBucketCreateRequest (OMBucketCreateRequest.java:validateAndUpdateCache(263)) - created bucket: buck-08730 of layout LEGACY in volume: vol-87417
2023-03-15 06:54:50,884 [OM StateMachine ApplyTransaction Thread - 0] INFO  snapshot.OMSnapshotCreateRequest (OMSnapshotCreateRequest.java:validateAndUpdateCache(204)) - Created snapshot 'snap60388' under path 'vol-87417/buck-08730'
2023-03-15 06:54:50,885 [OM StateMachine ApplyTransaction Thread - 0] INFO  snapshot.OMSnapshotCreateRequest (OMSnapshotCreateRequest.java:validateAndUpdateCache(204)) - Created snapshot 'snap60388' under path 'vol-87417/buck-08730'
2023-03-15 06:54:50,886 [OM StateMachine ApplyTransaction Thread - 0] INFO  snapshot.OMSnapshotCreateRequest (OMSnapshotCreateRequest.java:validateAndUpdateCache(204)) - Created snapshot 'snap60388' under path 'vol-87417/buck-08730'
2023-03-15 06:54:50,935 [OMDoubleBufferFlushThread] INFO  db.RDBCheckpointManager (RDBCheckpointManager.java:createCheckpoint(96)) - Created checkpoint in rocksDB at /home/runner/work/ozone/ozone/hadoop-ozone/integration-test/target/test-dir/MiniOzoneClusterImpl-88c1a39f-978e-429a-824f-6eda176bb531/omNode-2/db.snapshots/om.db-b2d16909-ae69-40a9-a233-f0fadc8d9551 in 49 milliseconds
2023-03-15 06:54:50,936 [OMDoubleBufferFlushThread] INFO  db.RDBCheckpointManager (RDBCheckpointManager.java:createCheckpoint(96)) - Created checkpoint in rocksDB at /home/runner/work/ozone/ozone/hadoop-ozone/integration-test/target/test-dir/MiniOzoneClusterImpl-88c1a39f-978e-429a-824f-6eda176bb531/omNode-1/db.snapshots/om.db-b2d16909-ae69-40a9-a233-f0fadc8d9551 in 50 milliseconds
2023-03-15 06:54:50,936 [OMDoubleBufferFlushThread] INFO  db.RDBCheckpointManager (RDBCheckpointManager.java:waitForCheckpointDirectoryExist(125)) - Waited for 1 milliseconds for checkpoint directory /home/runner/work/ozone/ozone/hadoop-ozone/integration-test/target/test-dir/MiniOzoneClusterImpl-88c1a39f-978e-429a-824f-6eda176bb531/omNode-2/db.snapshots/om.db-b2d16909-ae69-40a9-a233-f0fadc8d9551 availability.
2023-03-15 06:54:50,937 [OMDoubleBufferFlushThread] INFO  om.OmSnapshotManager (OmSnapshotManager.java:createOmSnapshotCheckpoint(170)) - Created checkpoint : /home/runner/work/ozone/ozone/hadoop-ozone/integration-test/target/test-dir/MiniOzoneClusterImpl-88c1a39f-978e-429a-824f-6eda176bb531/omNode-2/db.snapshots/om.db-b2d16909-ae69-40a9-a233-f0fadc8d9551 for snapshot snap60388
2023-03-15 06:54:50,938 [OMDoubleBufferFlushThread] INFO  db.RDBCheckpointManager (RDBCheckpointManager.java:waitForCheckpointDirectoryExist(125)) - Waited for 2 milliseconds for checkpoint directory /home/runner/work/ozone/ozone/hadoop-ozone/integration-test/target/test-dir/MiniOzoneClusterImpl-88c1a39f-978e-429a-824f-6eda176bb531/omNode-1/db.snapshots/om.db-b2d16909-ae69-40a9-a233-f0fadc8d9551 availability.
2023-03-15 06:54:50,938 [OMDoubleBufferFlushThread] INFO  om.OmSnapshotManager (OmSnapshotManager.java:createOmSnapshotCheckpoint(170)) - Created checkpoint : /home/runner/work/ozone/ozone/hadoop-ozone/integration-test/target/test-dir/MiniOzoneClusterImpl-88c1a39f-978e-429a-824f-6eda176bb531/omNode-1/db.snapshots/om.db-b2d16909-ae69-40a9-a233-f0fadc8d9551 for snapshot snap60388
2023-03-15 06:54:50,943 [OMDoubleBufferFlushThread] INFO  db.RDBCheckpointManager (RDBCheckpointManager.java:createCheckpoint(96)) - Created checkpoint in rocksDB at /home/runner/work/ozone/ozone/hadoop-ozone/integration-test/target/test-dir/MiniOzoneClusterImpl-88c1a39f-978e-429a-824f-6eda176bb531/omNode-3/db.snapshots/om.db-b2d16909-ae69-40a9-a233-f0fadc8d9551 in 56 milliseconds
2023-03-15 06:54:50,944 [OMDoubleBufferFlushThread] INFO  db.RDBCheckpointManager (RDBCheckpointManager.java:waitForCheckpointDirectoryExist(125)) - Waited for 1 milliseconds for checkpoint directory /home/runner/work/ozone/ozone/hadoop-ozone/integration-test/target/test-dir/MiniOzoneClusterImpl-88c1a39f-978e-429a-824f-6eda176bb531/omNode-3/db.snapshots/om.db-b2d16909-ae69-40a9-a233-f0fadc8d9551 availability.
2023-03-15 06:54:50,944 [OMDoubleBufferFlushThread] INFO  om.OmSnapshotManager (OmSnapshotManager.java:createOmSnapshotCheckpoint(170)) - Created checkpoint : /home/runner/work/ozone/ozone/hadoop-ozone/integration-test/target/test-dir/MiniOzoneClusterImpl-88c1a39f-978e-429a-824f-6eda176bb531/omNode-3/db.snapshots/om.db-b2d16909-ae69-40a9-a233-f0fadc8d9551 for snapshot snap60388
]]></system-out>
  </testcase>
  <testcase name="testSnapDiffMissingMandatoryParams" classname="TestOmSnapshot" time="2.068">
    <system-out><![CDATA[2023-03-15 06:52:51,782 [Time-limited test] INFO  rpc.RpcClient (RpcClient.java:createVolume(476)) - Creating Volume: vol-22159, with runner as owner and space quota set to -1 bytes, counts quota set to -1
2023-03-15 06:52:51,791 [OM StateMachine ApplyTransaction Thread - 0] INFO  volume.OMVolumeCreateRequest (OMVolumeCreateRequest.java:validateAndUpdateCache(195)) - created volume:vol-22159 for user:runner
2023-03-15 06:52:51,792 [OM StateMachine ApplyTransaction Thread - 0] INFO  volume.OMVolumeCreateRequest (OMVolumeCreateRequest.java:validateAndUpdateCache(195)) - created volume:vol-22159 for user:runner
2023-03-15 06:52:51,792 [OM StateMachine ApplyTransaction Thread - 0] INFO  volume.OMVolumeCreateRequest (OMVolumeCreateRequest.java:validateAndUpdateCache(195)) - created volume:vol-22159 for user:runner
2023-03-15 06:52:51,796 [Time-limited test] INFO  rpc.RpcClient (RpcClient.java:createBucket(698)) - Creating Bucket: vol-22159/buck-67185, with server-side default bucket layout, runner as owner, Versioning false, Storage Type set to DISK and Encryption set to false, Replication Type set to server-side default replication type, Namespace Quota set to -1, Space Quota set to -1 
2023-03-15 06:52:51,799 [OM StateMachine ApplyTransaction Thread - 0] INFO  bucket.OMBucketCreateRequest (OMBucketCreateRequest.java:validateAndUpdateCache(263)) - created bucket: buck-67185 of layout OBJECT_STORE in volume: vol-22159
2023-03-15 06:52:51,800 [OM StateMachine ApplyTransaction Thread - 0] INFO  bucket.OMBucketCreateRequest (OMBucketCreateRequest.java:validateAndUpdateCache(263)) - created bucket: buck-67185 of layout OBJECT_STORE in volume: vol-22159
2023-03-15 06:52:51,801 [OM StateMachine ApplyTransaction Thread - 0] INFO  bucket.OMBucketCreateRequest (OMBucketCreateRequest.java:validateAndUpdateCache(263)) - created bucket: buck-67185 of layout OBJECT_STORE in volume: vol-22159
2023-03-15 06:52:51,836 [OM StateMachine ApplyTransaction Thread - 0] INFO  snapshot.OMSnapshotCreateRequest (OMSnapshotCreateRequest.java:validateAndUpdateCache(204)) - Created snapshot 'snap14897' under path 'vol-22159/buck-67185'
2023-03-15 06:52:51,836 [OM StateMachine ApplyTransaction Thread - 0] INFO  snapshot.OMSnapshotCreateRequest (OMSnapshotCreateRequest.java:validateAndUpdateCache(204)) - Created snapshot 'snap14897' under path 'vol-22159/buck-67185'
2023-03-15 06:52:51,837 [OM StateMachine ApplyTransaction Thread - 0] INFO  snapshot.OMSnapshotCreateRequest (OMSnapshotCreateRequest.java:validateAndUpdateCache(204)) - Created snapshot 'snap14897' under path 'vol-22159/buck-67185'
2023-03-15 06:52:51,886 [OMDoubleBufferFlushThread] INFO  db.RDBCheckpointManager (RDBCheckpointManager.java:createCheckpoint(96)) - Created checkpoint in rocksDB at /home/runner/work/ozone/ozone/hadoop-ozone/integration-test/target/test-dir/MiniOzoneClusterImpl-e79b0a94-dba3-4ba8-a298-d2d15914ceac/omNode-3/db.snapshots/om.db-934b20f0-5a8a-4ba7-a855-0b73ce794cc4 in 48 milliseconds
2023-03-15 06:52:51,886 [OMDoubleBufferFlushThread] INFO  db.RDBCheckpointManager (RDBCheckpointManager.java:createCheckpoint(96)) - Created checkpoint in rocksDB at /home/runner/work/ozone/ozone/hadoop-ozone/integration-test/target/test-dir/MiniOzoneClusterImpl-e79b0a94-dba3-4ba8-a298-d2d15914ceac/omNode-1/db.snapshots/om.db-934b20f0-5a8a-4ba7-a855-0b73ce794cc4 in 48 milliseconds
2023-03-15 06:52:51,887 [OMDoubleBufferFlushThread] INFO  db.RDBCheckpointManager (RDBCheckpointManager.java:waitForCheckpointDirectoryExist(125)) - Waited for 1 milliseconds for checkpoint directory /home/runner/work/ozone/ozone/hadoop-ozone/integration-test/target/test-dir/MiniOzoneClusterImpl-e79b0a94-dba3-4ba8-a298-d2d15914ceac/omNode-3/db.snapshots/om.db-934b20f0-5a8a-4ba7-a855-0b73ce794cc4 availability.
2023-03-15 06:52:51,887 [OMDoubleBufferFlushThread] INFO  om.OmSnapshotManager (OmSnapshotManager.java:createOmSnapshotCheckpoint(170)) - Created checkpoint : /home/runner/work/ozone/ozone/hadoop-ozone/integration-test/target/test-dir/MiniOzoneClusterImpl-e79b0a94-dba3-4ba8-a298-d2d15914ceac/omNode-3/db.snapshots/om.db-934b20f0-5a8a-4ba7-a855-0b73ce794cc4 for snapshot snap14897
2023-03-15 06:52:51,888 [OMDoubleBufferFlushThread] INFO  db.RDBCheckpointManager (RDBCheckpointManager.java:waitForCheckpointDirectoryExist(125)) - Waited for 2 milliseconds for checkpoint directory /home/runner/work/ozone/ozone/hadoop-ozone/integration-test/target/test-dir/MiniOzoneClusterImpl-e79b0a94-dba3-4ba8-a298-d2d15914ceac/omNode-1/db.snapshots/om.db-934b20f0-5a8a-4ba7-a855-0b73ce794cc4 availability.
2023-03-15 06:52:51,888 [OMDoubleBufferFlushThread] INFO  om.OmSnapshotManager (OmSnapshotManager.java:createOmSnapshotCheckpoint(170)) - Created checkpoint : /home/runner/work/ozone/ozone/hadoop-ozone/integration-test/target/test-dir/MiniOzoneClusterImpl-e79b0a94-dba3-4ba8-a298-d2d15914ceac/omNode-1/db.snapshots/om.db-934b20f0-5a8a-4ba7-a855-0b73ce794cc4 for snapshot snap14897
2023-03-15 06:52:51,901 [OMDoubleBufferFlushThread] INFO  db.RDBCheckpointManager (RDBCheckpointManager.java:createCheckpoint(96)) - Created checkpoint in rocksDB at /home/runner/work/ozone/ozone/hadoop-ozone/integration-test/target/test-dir/MiniOzoneClusterImpl-e79b0a94-dba3-4ba8-a298-d2d15914ceac/omNode-2/db.snapshots/om.db-934b20f0-5a8a-4ba7-a855-0b73ce794cc4 in 59 milliseconds
2023-03-15 06:52:51,901 [OMDoubleBufferFlushThread] INFO  db.RDBCheckpointManager (RDBCheckpointManager.java:waitForCheckpointDirectoryExist(125)) - Waited for 0 milliseconds for checkpoint directory /home/runner/work/ozone/ozone/hadoop-ozone/integration-test/target/test-dir/MiniOzoneClusterImpl-e79b0a94-dba3-4ba8-a298-d2d15914ceac/omNode-2/db.snapshots/om.db-934b20f0-5a8a-4ba7-a855-0b73ce794cc4 availability.
2023-03-15 06:52:51,901 [OMDoubleBufferFlushThread] INFO  om.OmSnapshotManager (OmSnapshotManager.java:createOmSnapshotCheckpoint(170)) - Created checkpoint : /home/runner/work/ozone/ozone/hadoop-ozone/integration-test/target/test-dir/MiniOzoneClusterImpl-e79b0a94-dba3-4ba8-a298-d2d15914ceac/omNode-2/db.snapshots/om.db-934b20f0-5a8a-4ba7-a855-0b73ce794cc4 for snapshot snap14897
2023-03-15 06:52:52,843 [OM StateMachine ApplyTransaction Thread - 0] INFO  snapshot.OMSnapshotCreateRequest (OMSnapshotCreateRequest.java:validateAndUpdateCache(204)) - Created snapshot 'snap07879' under path 'vol-22159/buck-67185'
2023-03-15 06:52:52,844 [OM StateMachine ApplyTransaction Thread - 0] INFO  snapshot.OMSnapshotCreateRequest (OMSnapshotCreateRequest.java:validateAndUpdateCache(204)) - Created snapshot 'snap07879' under path 'vol-22159/buck-67185'
2023-03-15 06:52:52,845 [OM StateMachine ApplyTransaction Thread - 0] INFO  snapshot.OMSnapshotCreateRequest (OMSnapshotCreateRequest.java:validateAndUpdateCache(204)) - Created snapshot 'snap07879' under path 'vol-22159/buck-67185'
2023-03-15 06:52:52,861 [OMDoubleBufferFlushThread] INFO  db.RDBCheckpointManager (RDBCheckpointManager.java:createCheckpoint(96)) - Created checkpoint in rocksDB at /home/runner/work/ozone/ozone/hadoop-ozone/integration-test/target/test-dir/MiniOzoneClusterImpl-e79b0a94-dba3-4ba8-a298-d2d15914ceac/omNode-1/db.snapshots/om.db-2e5dbb6b-2067-44f7-acdb-6b1148ffcac8 in 16 milliseconds
2023-03-15 06:52:52,862 [OMDoubleBufferFlushThread] INFO  db.RDBCheckpointManager (RDBCheckpointManager.java:waitForCheckpointDirectoryExist(125)) - Waited for 1 milliseconds for checkpoint directory /home/runner/work/ozone/ozone/hadoop-ozone/integration-test/target/test-dir/MiniOzoneClusterImpl-e79b0a94-dba3-4ba8-a298-d2d15914ceac/omNode-1/db.snapshots/om.db-2e5dbb6b-2067-44f7-acdb-6b1148ffcac8 availability.
2023-03-15 06:52:52,862 [OMDoubleBufferFlushThread] INFO  om.OmSnapshotManager (OmSnapshotManager.java:createOmSnapshotCheckpoint(170)) - Created checkpoint : /home/runner/work/ozone/ozone/hadoop-ozone/integration-test/target/test-dir/MiniOzoneClusterImpl-e79b0a94-dba3-4ba8-a298-d2d15914ceac/omNode-1/db.snapshots/om.db-2e5dbb6b-2067-44f7-acdb-6b1148ffcac8 for snapshot snap07879
2023-03-15 06:52:52,872 [OMDoubleBufferFlushThread] INFO  db.RDBCheckpointManager (RDBCheckpointManager.java:createCheckpoint(96)) - Created checkpoint in rocksDB at /home/runner/work/ozone/ozone/hadoop-ozone/integration-test/target/test-dir/MiniOzoneClusterImpl-e79b0a94-dba3-4ba8-a298-d2d15914ceac/omNode-2/db.snapshots/om.db-2e5dbb6b-2067-44f7-acdb-6b1148ffcac8 in 27 milliseconds
2023-03-15 06:52:52,873 [OMDoubleBufferFlushThread] INFO  db.RDBCheckpointManager (RDBCheckpointManager.java:waitForCheckpointDirectoryExist(125)) - Waited for 0 milliseconds for checkpoint directory /home/runner/work/ozone/ozone/hadoop-ozone/integration-test/target/test-dir/MiniOzoneClusterImpl-e79b0a94-dba3-4ba8-a298-d2d15914ceac/omNode-2/db.snapshots/om.db-2e5dbb6b-2067-44f7-acdb-6b1148ffcac8 availability.
2023-03-15 06:52:52,873 [OMDoubleBufferFlushThread] INFO  om.OmSnapshotManager (OmSnapshotManager.java:createOmSnapshotCheckpoint(170)) - Created checkpoint : /home/runner/work/ozone/ozone/hadoop-ozone/integration-test/target/test-dir/MiniOzoneClusterImpl-e79b0a94-dba3-4ba8-a298-d2d15914ceac/omNode-2/db.snapshots/om.db-2e5dbb6b-2067-44f7-acdb-6b1148ffcac8 for snapshot snap07879
2023-03-15 06:52:52,884 [OMDoubleBufferFlushThread] INFO  db.RDBCheckpointManager (RDBCheckpointManager.java:createCheckpoint(96)) - Created checkpoint in rocksDB at /home/runner/work/ozone/ozone/hadoop-ozone/integration-test/target/test-dir/MiniOzoneClusterImpl-e79b0a94-dba3-4ba8-a298-d2d15914ceac/omNode-3/db.snapshots/om.db-2e5dbb6b-2067-44f7-acdb-6b1148ffcac8 in 36 milliseconds
2023-03-15 06:52:52,885 [OMDoubleBufferFlushThread] INFO  db.RDBCheckpointManager (RDBCheckpointManager.java:waitForCheckpointDirectoryExist(125)) - Waited for 0 milliseconds for checkpoint directory /home/runner/work/ozone/ozone/hadoop-ozone/integration-test/target/test-dir/MiniOzoneClusterImpl-e79b0a94-dba3-4ba8-a298-d2d15914ceac/omNode-3/db.snapshots/om.db-2e5dbb6b-2067-44f7-acdb-6b1148ffcac8 availability.
2023-03-15 06:52:52,885 [OMDoubleBufferFlushThread] INFO  om.OmSnapshotManager (OmSnapshotManager.java:createOmSnapshotCheckpoint(170)) - Created checkpoint : /home/runner/work/ozone/ozone/hadoop-ozone/integration-test/target/test-dir/MiniOzoneClusterImpl-e79b0a94-dba3-4ba8-a298-d2d15914ceac/omNode-3/db.snapshots/om.db-2e5dbb6b-2067-44f7-acdb-6b1148ffcac8 for snapshot snap07879
]]></system-out>
  </testcase>
  <testcase name="testSnapDiffMissingMandatoryParams" classname="TestOmSnapshot" time="2.046">
    <system-out><![CDATA[2023-03-15 06:53:51,206 [Time-limited test] INFO  rpc.RpcClient (RpcClient.java:createVolume(476)) - Creating Volume: vol-53698, with runner as owner and space quota set to -1 bytes, counts quota set to -1
2023-03-15 06:53:51,209 [OM StateMachine ApplyTransaction Thread - 0] INFO  volume.OMVolumeCreateRequest (OMVolumeCreateRequest.java:validateAndUpdateCache(195)) - created volume:vol-53698 for user:runner
2023-03-15 06:53:51,211 [OM StateMachine ApplyTransaction Thread - 0] INFO  volume.OMVolumeCreateRequest (OMVolumeCreateRequest.java:validateAndUpdateCache(195)) - created volume:vol-53698 for user:runner
2023-03-15 06:53:51,212 [OM StateMachine ApplyTransaction Thread - 0] INFO  volume.OMVolumeCreateRequest (OMVolumeCreateRequest.java:validateAndUpdateCache(195)) - created volume:vol-53698 for user:runner
2023-03-15 06:53:51,213 [Time-limited test] INFO  rpc.RpcClient (RpcClient.java:createBucket(698)) - Creating Bucket: vol-53698/buck-21653, with server-side default bucket layout, runner as owner, Versioning false, Storage Type set to DISK and Encryption set to false, Replication Type set to server-side default replication type, Namespace Quota set to -1, Space Quota set to -1 
2023-03-15 06:53:51,215 [OM StateMachine ApplyTransaction Thread - 0] INFO  bucket.OMBucketCreateRequest (OMBucketCreateRequest.java:validateAndUpdateCache(263)) - created bucket: buck-21653 of layout FILE_SYSTEM_OPTIMIZED in volume: vol-53698
2023-03-15 06:53:51,216 [OM StateMachine ApplyTransaction Thread - 0] INFO  bucket.OMBucketCreateRequest (OMBucketCreateRequest.java:validateAndUpdateCache(263)) - created bucket: buck-21653 of layout FILE_SYSTEM_OPTIMIZED in volume: vol-53698
2023-03-15 06:53:51,216 [OM StateMachine ApplyTransaction Thread - 0] INFO  bucket.OMBucketCreateRequest (OMBucketCreateRequest.java:validateAndUpdateCache(263)) - created bucket: buck-21653 of layout FILE_SYSTEM_OPTIMIZED in volume: vol-53698
2023-03-15 06:53:51,243 [OM StateMachine ApplyTransaction Thread - 0] INFO  snapshot.OMSnapshotCreateRequest (OMSnapshotCreateRequest.java:validateAndUpdateCache(204)) - Created snapshot 'snap43918' under path 'vol-53698/buck-21653'
2023-03-15 06:53:51,245 [OM StateMachine ApplyTransaction Thread - 0] INFO  snapshot.OMSnapshotCreateRequest (OMSnapshotCreateRequest.java:validateAndUpdateCache(204)) - Created snapshot 'snap43918' under path 'vol-53698/buck-21653'
2023-03-15 06:53:51,245 [OM StateMachine ApplyTransaction Thread - 0] INFO  snapshot.OMSnapshotCreateRequest (OMSnapshotCreateRequest.java:validateAndUpdateCache(204)) - Created snapshot 'snap43918' under path 'vol-53698/buck-21653'
2023-03-15 06:53:51,317 [OMDoubleBufferFlushThread] INFO  db.RDBCheckpointManager (RDBCheckpointManager.java:createCheckpoint(96)) - Created checkpoint in rocksDB at /home/runner/work/ozone/ozone/hadoop-ozone/integration-test/target/test-dir/MiniOzoneClusterImpl-8d40f1f0-3e23-4273-879b-a609159ae6a4/omNode-3/db.snapshots/om.db-832690bc-bccc-41f8-9e71-a2065c1d31e8 in 71 milliseconds
2023-03-15 06:53:51,317 [OMDoubleBufferFlushThread] INFO  db.RDBCheckpointManager (RDBCheckpointManager.java:createCheckpoint(96)) - Created checkpoint in rocksDB at /home/runner/work/ozone/ozone/hadoop-ozone/integration-test/target/test-dir/MiniOzoneClusterImpl-8d40f1f0-3e23-4273-879b-a609159ae6a4/omNode-1/db.snapshots/om.db-832690bc-bccc-41f8-9e71-a2065c1d31e8 in 71 milliseconds
2023-03-15 06:53:51,318 [OMDoubleBufferFlushThread] INFO  db.RDBCheckpointManager (RDBCheckpointManager.java:waitForCheckpointDirectoryExist(125)) - Waited for 1 milliseconds for checkpoint directory /home/runner/work/ozone/ozone/hadoop-ozone/integration-test/target/test-dir/MiniOzoneClusterImpl-8d40f1f0-3e23-4273-879b-a609159ae6a4/omNode-3/db.snapshots/om.db-832690bc-bccc-41f8-9e71-a2065c1d31e8 availability.
2023-03-15 06:53:51,318 [OMDoubleBufferFlushThread] INFO  om.OmSnapshotManager (OmSnapshotManager.java:createOmSnapshotCheckpoint(170)) - Created checkpoint : /home/runner/work/ozone/ozone/hadoop-ozone/integration-test/target/test-dir/MiniOzoneClusterImpl-8d40f1f0-3e23-4273-879b-a609159ae6a4/omNode-3/db.snapshots/om.db-832690bc-bccc-41f8-9e71-a2065c1d31e8 for snapshot snap43918
2023-03-15 06:53:51,319 [OMDoubleBufferFlushThread] INFO  db.RDBCheckpointManager (RDBCheckpointManager.java:waitForCheckpointDirectoryExist(125)) - Waited for 1 milliseconds for checkpoint directory /home/runner/work/ozone/ozone/hadoop-ozone/integration-test/target/test-dir/MiniOzoneClusterImpl-8d40f1f0-3e23-4273-879b-a609159ae6a4/omNode-1/db.snapshots/om.db-832690bc-bccc-41f8-9e71-a2065c1d31e8 availability.
2023-03-15 06:53:51,319 [OMDoubleBufferFlushThread] INFO  om.OmSnapshotManager (OmSnapshotManager.java:createOmSnapshotCheckpoint(170)) - Created checkpoint : /home/runner/work/ozone/ozone/hadoop-ozone/integration-test/target/test-dir/MiniOzoneClusterImpl-8d40f1f0-3e23-4273-879b-a609159ae6a4/omNode-1/db.snapshots/om.db-832690bc-bccc-41f8-9e71-a2065c1d31e8 for snapshot snap43918
2023-03-15 06:53:51,326 [OMDoubleBufferFlushThread] INFO  db.RDBCheckpointManager (RDBCheckpointManager.java:createCheckpoint(96)) - Created checkpoint in rocksDB at /home/runner/work/ozone/ozone/hadoop-ozone/integration-test/target/test-dir/MiniOzoneClusterImpl-8d40f1f0-3e23-4273-879b-a609159ae6a4/omNode-2/db.snapshots/om.db-832690bc-bccc-41f8-9e71-a2065c1d31e8 in 79 milliseconds
2023-03-15 06:53:51,327 [OMDoubleBufferFlushThread] INFO  db.RDBCheckpointManager (RDBCheckpointManager.java:waitForCheckpointDirectoryExist(125)) - Waited for 1 milliseconds for checkpoint directory /home/runner/work/ozone/ozone/hadoop-ozone/integration-test/target/test-dir/MiniOzoneClusterImpl-8d40f1f0-3e23-4273-879b-a609159ae6a4/omNode-2/db.snapshots/om.db-832690bc-bccc-41f8-9e71-a2065c1d31e8 availability.
2023-03-15 06:53:51,327 [OMDoubleBufferFlushThread] INFO  om.OmSnapshotManager (OmSnapshotManager.java:createOmSnapshotCheckpoint(170)) - Created checkpoint : /home/runner/work/ozone/ozone/hadoop-ozone/integration-test/target/test-dir/MiniOzoneClusterImpl-8d40f1f0-3e23-4273-879b-a609159ae6a4/omNode-2/db.snapshots/om.db-832690bc-bccc-41f8-9e71-a2065c1d31e8 for snapshot snap43918
2023-03-15 06:53:52,248 [OM StateMachine ApplyTransaction Thread - 0] INFO  snapshot.OMSnapshotCreateRequest (OMSnapshotCreateRequest.java:validateAndUpdateCache(204)) - Created snapshot 'snap40958' under path 'vol-53698/buck-21653'
2023-03-15 06:53:52,249 [OM StateMachine ApplyTransaction Thread - 0] INFO  snapshot.OMSnapshotCreateRequest (OMSnapshotCreateRequest.java:validateAndUpdateCache(204)) - Created snapshot 'snap40958' under path 'vol-53698/buck-21653'
2023-03-15 06:53:52,251 [OM StateMachine ApplyTransaction Thread - 0] INFO  snapshot.OMSnapshotCreateRequest (OMSnapshotCreateRequest.java:validateAndUpdateCache(204)) - Created snapshot 'snap40958' under path 'vol-53698/buck-21653'
2023-03-15 06:53:52,273 [OMDoubleBufferFlushThread] INFO  db.RDBCheckpointManager (RDBCheckpointManager.java:createCheckpoint(96)) - Created checkpoint in rocksDB at /home/runner/work/ozone/ozone/hadoop-ozone/integration-test/target/test-dir/MiniOzoneClusterImpl-8d40f1f0-3e23-4273-879b-a609159ae6a4/omNode-1/db.snapshots/om.db-e011d89c-5d24-4933-aa57-41d774f06bc7 in 23 milliseconds
2023-03-15 06:53:52,274 [OMDoubleBufferFlushThread] INFO  db.RDBCheckpointManager (RDBCheckpointManager.java:waitForCheckpointDirectoryExist(125)) - Waited for 1 milliseconds for checkpoint directory /home/runner/work/ozone/ozone/hadoop-ozone/integration-test/target/test-dir/MiniOzoneClusterImpl-8d40f1f0-3e23-4273-879b-a609159ae6a4/omNode-1/db.snapshots/om.db-e011d89c-5d24-4933-aa57-41d774f06bc7 availability.
2023-03-15 06:53:52,275 [OMDoubleBufferFlushThread] INFO  om.OmSnapshotManager (OmSnapshotManager.java:createOmSnapshotCheckpoint(170)) - Created checkpoint : /home/runner/work/ozone/ozone/hadoop-ozone/integration-test/target/test-dir/MiniOzoneClusterImpl-8d40f1f0-3e23-4273-879b-a609159ae6a4/omNode-1/db.snapshots/om.db-e011d89c-5d24-4933-aa57-41d774f06bc7 for snapshot snap40958
2023-03-15 06:53:52,274 [OMDoubleBufferFlushThread] INFO  db.RDBCheckpointManager (RDBCheckpointManager.java:createCheckpoint(96)) - Created checkpoint in rocksDB at /home/runner/work/ozone/ozone/hadoop-ozone/integration-test/target/test-dir/MiniOzoneClusterImpl-8d40f1f0-3e23-4273-879b-a609159ae6a4/omNode-3/db.snapshots/om.db-e011d89c-5d24-4933-aa57-41d774f06bc7 in 25 milliseconds
2023-03-15 06:53:52,276 [OMDoubleBufferFlushThread] INFO  db.RDBCheckpointManager (RDBCheckpointManager.java:waitForCheckpointDirectoryExist(125)) - Waited for 1 milliseconds for checkpoint directory /home/runner/work/ozone/ozone/hadoop-ozone/integration-test/target/test-dir/MiniOzoneClusterImpl-8d40f1f0-3e23-4273-879b-a609159ae6a4/omNode-3/db.snapshots/om.db-e011d89c-5d24-4933-aa57-41d774f06bc7 availability.
2023-03-15 06:53:52,276 [OMDoubleBufferFlushThread] INFO  om.OmSnapshotManager (OmSnapshotManager.java:createOmSnapshotCheckpoint(170)) - Created checkpoint : /home/runner/work/ozone/ozone/hadoop-ozone/integration-test/target/test-dir/MiniOzoneClusterImpl-8d40f1f0-3e23-4273-879b-a609159ae6a4/omNode-3/db.snapshots/om.db-e011d89c-5d24-4933-aa57-41d774f06bc7 for snapshot snap40958
2023-03-15 06:53:52,282 [OMDoubleBufferFlushThread] INFO  db.RDBCheckpointManager (RDBCheckpointManager.java:createCheckpoint(96)) - Created checkpoint in rocksDB at /home/runner/work/ozone/ozone/hadoop-ozone/integration-test/target/test-dir/MiniOzoneClusterImpl-8d40f1f0-3e23-4273-879b-a609159ae6a4/omNode-2/db.snapshots/om.db-e011d89c-5d24-4933-aa57-41d774f06bc7 in 30 milliseconds
2023-03-15 06:53:52,283 [OMDoubleBufferFlushThread] INFO  db.RDBCheckpointManager (RDBCheckpointManager.java:waitForCheckpointDirectoryExist(125)) - Waited for 1 milliseconds for checkpoint directory /home/runner/work/ozone/ozone/hadoop-ozone/integration-test/target/test-dir/MiniOzoneClusterImpl-8d40f1f0-3e23-4273-879b-a609159ae6a4/omNode-2/db.snapshots/om.db-e011d89c-5d24-4933-aa57-41d774f06bc7 availability.
2023-03-15 06:53:52,283 [OMDoubleBufferFlushThread] INFO  om.OmSnapshotManager (OmSnapshotManager.java:createOmSnapshotCheckpoint(170)) - Created checkpoint : /home/runner/work/ozone/ozone/hadoop-ozone/integration-test/target/test-dir/MiniOzoneClusterImpl-8d40f1f0-3e23-4273-879b-a609159ae6a4/omNode-2/db.snapshots/om.db-e011d89c-5d24-4933-aa57-41d774f06bc7 for snapshot snap40958
]]></system-out>
  </testcase>
  <testcase name="testSnapDiffMissingMandatoryParams" classname="TestOmSnapshot" time="2.047">
    <system-out><![CDATA[2023-03-15 06:54:51,887 [Time-limited test] INFO  rpc.RpcClient (RpcClient.java:createVolume(476)) - Creating Volume: vol-10083, with runner as owner and space quota set to -1 bytes, counts quota set to -1
2023-03-15 06:54:51,890 [OM StateMachine ApplyTransaction Thread - 0] INFO  volume.OMVolumeCreateRequest (OMVolumeCreateRequest.java:validateAndUpdateCache(195)) - created volume:vol-10083 for user:runner
2023-03-15 06:54:51,891 [OM StateMachine ApplyTransaction Thread - 0] INFO  volume.OMVolumeCreateRequest (OMVolumeCreateRequest.java:validateAndUpdateCache(195)) - created volume:vol-10083 for user:runner
2023-03-15 06:54:51,893 [OM StateMachine ApplyTransaction Thread - 0] INFO  volume.OMVolumeCreateRequest (OMVolumeCreateRequest.java:validateAndUpdateCache(195)) - created volume:vol-10083 for user:runner
2023-03-15 06:54:51,899 [Time-limited test] INFO  rpc.RpcClient (RpcClient.java:createBucket(698)) - Creating Bucket: vol-10083/buck-70864, with server-side default bucket layout, runner as owner, Versioning false, Storage Type set to DISK and Encryption set to false, Replication Type set to server-side default replication type, Namespace Quota set to -1, Space Quota set to -1 
2023-03-15 06:54:51,901 [OM StateMachine ApplyTransaction Thread - 0] INFO  bucket.OMBucketCreateRequest (OMBucketCreateRequest.java:validateAndUpdateCache(263)) - created bucket: buck-70864 of layout LEGACY in volume: vol-10083
2023-03-15 06:54:51,904 [OM StateMachine ApplyTransaction Thread - 0] INFO  bucket.OMBucketCreateRequest (OMBucketCreateRequest.java:validateAndUpdateCache(263)) - created bucket: buck-70864 of layout LEGACY in volume: vol-10083
2023-03-15 06:54:51,905 [OM StateMachine ApplyTransaction Thread - 0] INFO  bucket.OMBucketCreateRequest (OMBucketCreateRequest.java:validateAndUpdateCache(263)) - created bucket: buck-70864 of layout LEGACY in volume: vol-10083
2023-03-15 06:54:51,927 [OM StateMachine ApplyTransaction Thread - 0] INFO  snapshot.OMSnapshotCreateRequest (OMSnapshotCreateRequest.java:validateAndUpdateCache(204)) - Created snapshot 'snap16335' under path 'vol-10083/buck-70864'
2023-03-15 06:54:51,928 [OM StateMachine ApplyTransaction Thread - 0] INFO  snapshot.OMSnapshotCreateRequest (OMSnapshotCreateRequest.java:validateAndUpdateCache(204)) - Created snapshot 'snap16335' under path 'vol-10083/buck-70864'
2023-03-15 06:54:51,929 [OM StateMachine ApplyTransaction Thread - 0] INFO  snapshot.OMSnapshotCreateRequest (OMSnapshotCreateRequest.java:validateAndUpdateCache(204)) - Created snapshot 'snap16335' under path 'vol-10083/buck-70864'
2023-03-15 06:54:51,973 [OMDoubleBufferFlushThread] INFO  db.RDBCheckpointManager (RDBCheckpointManager.java:createCheckpoint(96)) - Created checkpoint in rocksDB at /home/runner/work/ozone/ozone/hadoop-ozone/integration-test/target/test-dir/MiniOzoneClusterImpl-88c1a39f-978e-429a-824f-6eda176bb531/omNode-1/db.snapshots/om.db-468a26c0-a61e-4113-adba-bc59fa9ea291 in 44 milliseconds
2023-03-15 06:54:51,978 [OMDoubleBufferFlushThread] INFO  db.RDBCheckpointManager (RDBCheckpointManager.java:waitForCheckpointDirectoryExist(125)) - Waited for 5 milliseconds for checkpoint directory /home/runner/work/ozone/ozone/hadoop-ozone/integration-test/target/test-dir/MiniOzoneClusterImpl-88c1a39f-978e-429a-824f-6eda176bb531/omNode-1/db.snapshots/om.db-468a26c0-a61e-4113-adba-bc59fa9ea291 availability.
2023-03-15 06:54:51,978 [OMDoubleBufferFlushThread] INFO  om.OmSnapshotManager (OmSnapshotManager.java:createOmSnapshotCheckpoint(170)) - Created checkpoint : /home/runner/work/ozone/ozone/hadoop-ozone/integration-test/target/test-dir/MiniOzoneClusterImpl-88c1a39f-978e-429a-824f-6eda176bb531/omNode-1/db.snapshots/om.db-468a26c0-a61e-4113-adba-bc59fa9ea291 for snapshot snap16335
2023-03-15 06:54:51,980 [OMDoubleBufferFlushThread] INFO  db.RDBCheckpointManager (RDBCheckpointManager.java:createCheckpoint(96)) - Created checkpoint in rocksDB at /home/runner/work/ozone/ozone/hadoop-ozone/integration-test/target/test-dir/MiniOzoneClusterImpl-88c1a39f-978e-429a-824f-6eda176bb531/omNode-3/db.snapshots/om.db-468a26c0-a61e-4113-adba-bc59fa9ea291 in 49 milliseconds
2023-03-15 06:54:51,981 [OMDoubleBufferFlushThread] INFO  db.RDBCheckpointManager (RDBCheckpointManager.java:waitForCheckpointDirectoryExist(125)) - Waited for 1 milliseconds for checkpoint directory /home/runner/work/ozone/ozone/hadoop-ozone/integration-test/target/test-dir/MiniOzoneClusterImpl-88c1a39f-978e-429a-824f-6eda176bb531/omNode-3/db.snapshots/om.db-468a26c0-a61e-4113-adba-bc59fa9ea291 availability.
2023-03-15 06:54:51,981 [OMDoubleBufferFlushThread] INFO  om.OmSnapshotManager (OmSnapshotManager.java:createOmSnapshotCheckpoint(170)) - Created checkpoint : /home/runner/work/ozone/ozone/hadoop-ozone/integration-test/target/test-dir/MiniOzoneClusterImpl-88c1a39f-978e-429a-824f-6eda176bb531/omNode-3/db.snapshots/om.db-468a26c0-a61e-4113-adba-bc59fa9ea291 for snapshot snap16335
2023-03-15 06:54:51,987 [OMDoubleBufferFlushThread] INFO  db.RDBCheckpointManager (RDBCheckpointManager.java:createCheckpoint(96)) - Created checkpoint in rocksDB at /home/runner/work/ozone/ozone/hadoop-ozone/integration-test/target/test-dir/MiniOzoneClusterImpl-88c1a39f-978e-429a-824f-6eda176bb531/omNode-2/db.snapshots/om.db-468a26c0-a61e-4113-adba-bc59fa9ea291 in 57 milliseconds
2023-03-15 06:54:51,988 [OMDoubleBufferFlushThread] INFO  db.RDBCheckpointManager (RDBCheckpointManager.java:waitForCheckpointDirectoryExist(125)) - Waited for 0 milliseconds for checkpoint directory /home/runner/work/ozone/ozone/hadoop-ozone/integration-test/target/test-dir/MiniOzoneClusterImpl-88c1a39f-978e-429a-824f-6eda176bb531/omNode-2/db.snapshots/om.db-468a26c0-a61e-4113-adba-bc59fa9ea291 availability.
2023-03-15 06:54:51,988 [OMDoubleBufferFlushThread] INFO  om.OmSnapshotManager (OmSnapshotManager.java:createOmSnapshotCheckpoint(170)) - Created checkpoint : /home/runner/work/ozone/ozone/hadoop-ozone/integration-test/target/test-dir/MiniOzoneClusterImpl-88c1a39f-978e-429a-824f-6eda176bb531/omNode-2/db.snapshots/om.db-468a26c0-a61e-4113-adba-bc59fa9ea291 for snapshot snap16335
2023-03-15 06:54:52,930 [OM StateMachine ApplyTransaction Thread - 0] INFO  snapshot.OMSnapshotCreateRequest (OMSnapshotCreateRequest.java:validateAndUpdateCache(204)) - Created snapshot 'snap60448' under path 'vol-10083/buck-70864'
2023-03-15 06:54:52,931 [OM StateMachine ApplyTransaction Thread - 0] INFO  snapshot.OMSnapshotCreateRequest (OMSnapshotCreateRequest.java:validateAndUpdateCache(204)) - Created snapshot 'snap60448' under path 'vol-10083/buck-70864'
2023-03-15 06:54:52,932 [OM StateMachine ApplyTransaction Thread - 0] INFO  snapshot.OMSnapshotCreateRequest (OMSnapshotCreateRequest.java:validateAndUpdateCache(204)) - Created snapshot 'snap60448' under path 'vol-10083/buck-70864'
2023-03-15 06:54:52,956 [OMDoubleBufferFlushThread] INFO  db.RDBCheckpointManager (RDBCheckpointManager.java:createCheckpoint(96)) - Created checkpoint in rocksDB at /home/runner/work/ozone/ozone/hadoop-ozone/integration-test/target/test-dir/MiniOzoneClusterImpl-88c1a39f-978e-429a-824f-6eda176bb531/omNode-1/db.snapshots/om.db-e0996ce4-1c99-4fa1-8ce9-91febd3dbbee in 24 milliseconds
2023-03-15 06:54:52,956 [OMDoubleBufferFlushThread] INFO  db.RDBCheckpointManager (RDBCheckpointManager.java:createCheckpoint(96)) - Created checkpoint in rocksDB at /home/runner/work/ozone/ozone/hadoop-ozone/integration-test/target/test-dir/MiniOzoneClusterImpl-88c1a39f-978e-429a-824f-6eda176bb531/omNode-2/db.snapshots/om.db-e0996ce4-1c99-4fa1-8ce9-91febd3dbbee in 21 milliseconds
2023-03-15 06:54:52,956 [OMDoubleBufferFlushThread] INFO  db.RDBCheckpointManager (RDBCheckpointManager.java:waitForCheckpointDirectoryExist(125)) - Waited for 0 milliseconds for checkpoint directory /home/runner/work/ozone/ozone/hadoop-ozone/integration-test/target/test-dir/MiniOzoneClusterImpl-88c1a39f-978e-429a-824f-6eda176bb531/omNode-1/db.snapshots/om.db-e0996ce4-1c99-4fa1-8ce9-91febd3dbbee availability.
2023-03-15 06:54:52,957 [OMDoubleBufferFlushThread] INFO  om.OmSnapshotManager (OmSnapshotManager.java:createOmSnapshotCheckpoint(170)) - Created checkpoint : /home/runner/work/ozone/ozone/hadoop-ozone/integration-test/target/test-dir/MiniOzoneClusterImpl-88c1a39f-978e-429a-824f-6eda176bb531/omNode-1/db.snapshots/om.db-e0996ce4-1c99-4fa1-8ce9-91febd3dbbee for snapshot snap60448
2023-03-15 06:54:52,957 [OMDoubleBufferFlushThread] INFO  db.RDBCheckpointManager (RDBCheckpointManager.java:createCheckpoint(96)) - Created checkpoint in rocksDB at /home/runner/work/ozone/ozone/hadoop-ozone/integration-test/target/test-dir/MiniOzoneClusterImpl-88c1a39f-978e-429a-824f-6eda176bb531/omNode-3/db.snapshots/om.db-e0996ce4-1c99-4fa1-8ce9-91febd3dbbee in 25 milliseconds
2023-03-15 06:54:52,957 [OMDoubleBufferFlushThread] INFO  db.RDBCheckpointManager (RDBCheckpointManager.java:waitForCheckpointDirectoryExist(125)) - Waited for 1 milliseconds for checkpoint directory /home/runner/work/ozone/ozone/hadoop-ozone/integration-test/target/test-dir/MiniOzoneClusterImpl-88c1a39f-978e-429a-824f-6eda176bb531/omNode-2/db.snapshots/om.db-e0996ce4-1c99-4fa1-8ce9-91febd3dbbee availability.
2023-03-15 06:54:52,957 [OMDoubleBufferFlushThread] INFO  om.OmSnapshotManager (OmSnapshotManager.java:createOmSnapshotCheckpoint(170)) - Created checkpoint : /home/runner/work/ozone/ozone/hadoop-ozone/integration-test/target/test-dir/MiniOzoneClusterImpl-88c1a39f-978e-429a-824f-6eda176bb531/omNode-2/db.snapshots/om.db-e0996ce4-1c99-4fa1-8ce9-91febd3dbbee for snapshot snap60448
2023-03-15 06:54:52,958 [OMDoubleBufferFlushThread] INFO  db.RDBCheckpointManager (RDBCheckpointManager.java:waitForCheckpointDirectoryExist(125)) - Waited for 1 milliseconds for checkpoint directory /home/runner/work/ozone/ozone/hadoop-ozone/integration-test/target/test-dir/MiniOzoneClusterImpl-88c1a39f-978e-429a-824f-6eda176bb531/omNode-3/db.snapshots/om.db-e0996ce4-1c99-4fa1-8ce9-91febd3dbbee availability.
2023-03-15 06:54:52,958 [OMDoubleBufferFlushThread] INFO  om.OmSnapshotManager (OmSnapshotManager.java:createOmSnapshotCheckpoint(170)) - Created checkpoint : /home/runner/work/ozone/ozone/hadoop-ozone/integration-test/target/test-dir/MiniOzoneClusterImpl-88c1a39f-978e-429a-824f-6eda176bb531/omNode-3/db.snapshots/om.db-e0996ce4-1c99-4fa1-8ce9-91febd3dbbee for snapshot snap60448
]]></system-out>
  </testcase>
</testsuite>