<?xml version="1.0" encoding="UTF-8"?>
<testsuite xmlns:xsi="http://www.w3.org/2001/XMLSchema-instance" xsi:noNamespaceSchemaLocation="https://maven.apache.org/surefire/maven-surefire-plugin/xsd/surefire-test-report-3.0.xsd" version="3.0" name="org.apache.hadoop.hdds.scm.TestRatisPipelineLeader" time="50.529" tests="2" errors="0" skipped="0" failures="2">
  <properties>
    <property name="awt.toolkit" value="sun.awt.X11.XToolkit"/>
    <property name="file.encoding.pkg" value="sun.io"/>
    <property name="java.specification.version" value="1.8"/>
    <property name="sun.cpu.isalist" value=""/>
    <property name="sun.jnu.encoding" value="UTF-8"/>
    <property name="java.class.path" value="/home/runner/work/ozone/ozone/hadoop-ozone/integration-test/target/test-classes:/home/runner/work/ozone/ozone/hadoop-ozone/integration-test/target/classes:/home/runner/.m2/repository/org/apache/ozone/ozone-common/1.3.0-SNAPSHOT/ozone-common-1.3.0-SNAPSHOT.jar:/home/runner/.m2/repository/io/grpc/grpc-netty/1.44.0/grpc-netty-1.44.0.jar:/home/runner/.m2/repository/io/grpc/grpc-core/1.44.0/grpc-core-1.44.0.jar:/home/runner/.m2/repository/com/google/android/annotations/4.1.1.4/annotations-4.1.1.4.jar:/home/runner/.m2/repository/org/codehaus/mojo/animal-sniffer-annotations/1.19/animal-sniffer-annotations-1.19.jar:/home/runner/.m2/repository/com/google/errorprone/error_prone_annotations/2.2.0/error_prone_annotations-2.2.0.jar:/home/runner/.m2/repository/io/perfmark/perfmark-api/0.23.0/perfmark-api-0.23.0.jar:/home/runner/.m2/repository/io/netty/netty-codec-http2/4.1.79.Final/netty-codec-http2-4.1.79.Final.jar:/home/runner/.m2/repository/io/netty/netty-common/4.1.79.Final/netty-common-4.1.79.Final.jar:/home/runner/.m2/repository/io/netty/netty-buffer/4.1.79.Final/netty-buffer-4.1.79.Final.jar:/home/runner/.m2/repository/io/netty/netty-codec-http/4.1.79.Final/netty-codec-http-4.1.79.Final.jar:/home/runner/.m2/repository/io/netty/netty-handler-proxy/4.1.79.Final/netty-handler-proxy-4.1.79.Final.jar:/home/runner/.m2/repository/io/netty/netty-codec-socks/4.1.79.Final/netty-codec-socks-4.1.79.Final.jar:/home/runner/.m2/repository/io/netty/netty-tcnative-boringssl-static/2.0.53.Final/netty-tcnative-boringssl-static-2.0.53.Final.jar:/home/runner/.m2/repository/io/netty/netty-tcnative-classes/2.0.53.Final/netty-tcnative-classes-2.0.53.Final.jar:/home/runner/.m2/repository/io/netty/netty-tcnative-boringssl-static/2.0.53.Final/netty-tcnative-boringssl-static-2.0.53.Final-linux-x86_64.jar:/home/runner/.m2/repository/io/netty/netty-tcnative-boringssl-static/2.0.53.Final/netty-tcnative-boringssl-static-2.0.53.Final-linux-aarch_64.jar:/home/runner/.m2/repository/io/netty/netty-tcnative-boringssl-static/2.0.53.Final/netty-tcnative-boringssl-static-2.0.53.Final-osx-x86_64.jar:/home/runner/.m2/repository/io/netty/netty-tcnative-boringssl-static/2.0.53.Final/netty-tcnative-boringssl-static-2.0.53.Final-osx-aarch_64.jar:/home/runner/.m2/repository/io/netty/netty-tcnative-boringssl-static/2.0.53.Final/netty-tcnative-boringssl-static-2.0.53.Final-windows-x86_64.jar:/home/runner/.m2/repository/org/apache/commons/commons-compress/1.21/commons-compress-1.21.jar:/home/runner/.m2/repository/org/apache/ozone/hdds-common/1.3.0-SNAPSHOT/hdds-common-1.3.0-SNAPSHOT.jar:/home/runner/.m2/repository/org/apache/ozone/hdds-client/1.3.0-SNAPSHOT/hdds-client-1.3.0-SNAPSHOT.jar:/home/runner/.m2/repository/org/apache/ozone/ozone-interface-client/1.3.0-SNAPSHOT/ozone-interface-client-1.3.0-SNAPSHOT.jar:/home/runner/.m2/repository/org/apache/ozone/hdds-test-utils/1.3.0-SNAPSHOT/hdds-test-utils-1.3.0-SNAPSHOT.jar:/home/runner/.m2/repository/com/google/guava/guava/31.1-jre/guava-31.1-jre.jar:/home/runner/.m2/repository/com/google/guava/failureaccess/1.0.1/failureaccess-1.0.1.jar:/home/runner/.m2/repository/com/google/guava/listenablefuture/9999.0-empty-to-avoid-conflict-with-guava/listenablefuture-9999.0-empty-to-avoid-conflict-with-guava.jar:/home/runner/.m2/repository/com/google/code/findbugs/jsr305/3.0.0/jsr305-3.0.0.jar:/home/runner/.m2/repository/org/checkerframework/checker-qual/3.12.0/checker-qual-3.12.0.jar:/home/runner/.m2/repository/com/google/j2objc/j2objc-annotations/1.3/j2objc-annotations-1.3.jar:/home/runner/.m2/repository/commons-io/commons-io/2.11.0/commons-io-2.11.0.jar:/home/runner/.m2/repository/commons-logging/commons-logging/1.2/commons-logging-1.2.jar:/home/runner/.m2/repository/log4j/log4j/1.2.17/log4j-1.2.17.jar:/home/runner/.m2/repository/org/slf4j/slf4j-api/1.7.30/slf4j-api-1.7.30.jar:/home/runner/.m2/repository/org/apache/ozone/hdds-server-scm/1.3.0-SNAPSHOT/hdds-server-scm-1.3.0-SNAPSHOT.jar:/home/runner/.m2/repository/org/apache/ozone/hdds-container-service/1.3.0-SNAPSHOT/hdds-container-service-1.3.0-SNAPSHOT.jar:/home/runner/.m2/repository/org/apache/ozone/hdds-hadoop-dependency-server/1.3.0-SNAPSHOT/hdds-hadoop-dependency-server-1.3.0-SNAPSHOT.jar:/home/runner/.m2/repository/org/apache/hadoop/hadoop-hdfs/3.3.1/hadoop-hdfs-3.3.1.jar:/home/runner/.m2/repository/org/apache/ozone/hdds-server-framework/1.3.0-SNAPSHOT/hdds-server-framework-1.3.0-SNAPSHOT.jar:/home/runner/.m2/repository/org/apache/ozone/hdds-interface-server/1.3.0-SNAPSHOT/hdds-interface-server-1.3.0-SNAPSHOT.jar:/home/runner/.m2/repository/org/apache/logging/log4j/log4j-core/2.17.1/log4j-core-2.17.1.jar:/home/runner/.m2/repository/com/lmax/disruptor/3.4.2/disruptor-3.4.2.jar:/home/runner/.m2/repository/org/eclipse/jetty/jetty-servlet/9.4.43.v20210629/jetty-servlet-9.4.43.v20210629.jar:/home/runner/.m2/repository/org/eclipse/jetty/jetty-security/9.4.43.v20210629/jetty-security-9.4.43.v20210629.jar:/home/runner/.m2/repository/org/rocksdb/rocksdbjni/6.29.5/rocksdbjni-6.29.5.jar:/home/runner/.m2/repository/io/prometheus/simpleclient_dropwizard/0.7.0/simpleclient_dropwizard-0.7.0.jar:/home/runner/.m2/repository/io/prometheus/simpleclient/0.7.0/simpleclient-0.7.0.jar:/home/runner/.m2/repository/io/prometheus/simpleclient_common/0.7.0/simpleclient_common-0.7.0.jar:/home/runner/.m2/repository/io/dropwizard/metrics/metrics-core/3.2.4/metrics-core-3.2.4.jar:/home/runner/.m2/repository/org/apache/hadoop/hadoop-hdfs-client/3.3.1/hadoop-hdfs-client-3.3.1.jar:/home/runner/.m2/repository/org/bouncycastle/bcprov-jdk15on/1.67/bcprov-jdk15on-1.67.jar:/home/runner/.m2/repository/com/google/protobuf/protobuf-java/2.5.0/protobuf-java-2.5.0.jar:/home/runner/.m2/repository/org/apache/ozone/ozone-manager/1.3.0-SNAPSHOT/ozone-manager-1.3.0-SNAPSHOT.jar:/home/runner/.m2/repository/org/aspectj/aspectjrt/1.9.7/aspectjrt-1.9.7.jar:/home/runner/.m2/repository/org/aspectj/aspectjweaver/1.9.7/aspectjweaver-1.9.7.jar:/home/runner/.m2/repository/org/apache/ozone/hdds-interface-client/1.3.0-SNAPSHOT/hdds-interface-client-1.3.0-SNAPSHOT.jar:/home/runner/.m2/repository/org/apache/hadoop/thirdparty/hadoop-shaded-protobuf_3_7/1.1.1/hadoop-shaded-protobuf_3_7-1.1.1.jar:/home/runner/.m2/repository/org/apache/ozone/ozone-interface-storage/1.3.0-SNAPSHOT/ozone-interface-storage-1.3.0-SNAPSHOT.jar:/home/runner/.m2/repository/org/reflections/reflections/0.9.11/reflections-0.9.11.jar:/home/runner/.m2/repository/com/sun/jersey/jersey-client/1.19/jersey-client-1.19.jar:/home/runner/.m2/repository/org/apache/ranger/ranger-intg/2.3.0/ranger-intg-2.3.0.jar:/home/runner/.m2/repository/org/apache/ranger/ranger-plugins-common/2.3.0/ranger-plugins-common-2.3.0.jar:/home/runner/.m2/repository/commons-lang/commons-lang/2.6/commons-lang-2.6.jar:/home/runner/.m2/repository/org/codehaus/jackson/jackson-jaxrs/1.9.13/jackson-jaxrs-1.9.13.jar:/home/runner/.m2/repository/org/apache/ranger/ranger-plugins-cred/2.3.0/ranger-plugins-cred-2.3.0.jar:/home/runner/.m2/repository/org/apache/ranger/ranger-plugins-audit/2.3.0/ranger-plugins-audit-2.3.0.jar:/home/runner/.m2/repository/org/apache/kafka/kafka-clients/2.8.1/kafka-clients-2.8.1.jar:/home/runner/.m2/repository/com/github/luben/zstd-jni/1.4.9-1/zstd-jni-1.4.9-1.jar:/home/runner/.m2/repository/org/apache/solr/solr-solrj/8.6.3/solr-solrj-8.6.3.jar:/home/runner/.m2/repository/org/slf4j/jcl-over-slf4j/1.7.24/jcl-over-slf4j-1.7.24.jar:/home/runner/.m2/repository/org/eclipse/jetty/jetty-client/9.4.31.v20200723/jetty-client-9.4.31.v20200723.jar:/home/runner/.m2/repository/org/apache/httpcomponents/httpmime/4.5.6/httpmime-4.5.6.jar:/home/runner/.m2/repository/org/apache/httpcomponents/httpcore-nio/4.4.6/httpcore-nio-4.4.6.jar:/home/runner/.m2/repository/org/apache/httpcomponents/httpasyncclient/4.1.3/httpasyncclient-4.1.3.jar:/home/runner/.m2/repository/com/carrotsearch/hppc/0.8.0/hppc-0.8.0.jar:/home/runner/.m2/repository/org/apache/hive/hive-storage-api/2.7.2/hive-storage-api-2.7.2.jar:/home/runner/.m2/repository/org/apache/orc/orc-core/1.5.8/orc-core-1.5.8.jar:/home/runner/.m2/repository/com/amazonaws/aws-java-sdk-bundle/1.12.125/aws-java-sdk-bundle-1.12.125.jar:/home/runner/.m2/repository/net/java/dev/jna/jna/5.2.0/jna-5.2.0.jar:/home/runner/.m2/repository/net/java/dev/jna/jna-platform/5.2.0/jna-platform-5.2.0.jar:/home/runner/.m2/repository/com/kstruct/gethostname4j/0.0.2/gethostname4j-0.0.2.jar:/home/runner/.m2/repository/org/apache/ranger/ranger-plugin-classloader/2.3.0/ranger-plugin-classloader-2.3.0.jar:/home/runner/.m2/repository/org/apache/hadoop/hadoop-minikdc/3.3.1/hadoop-minikdc-3.3.1.jar:/home/runner/.m2/repository/org/apache/kerby/kerb-simplekdc/1.0.1/kerb-simplekdc-1.0.1.jar:/home/runner/.m2/repository/org/apache/kerby/kerb-client/1.0.1/kerb-client-1.0.1.jar:/home/runner/.m2/repository/org/apache/kerby/kerby-config/1.0.1/kerby-config-1.0.1.jar:/home/runner/.m2/repository/org/apache/kerby/kerb-common/1.0.1/kerb-common-1.0.1.jar:/home/runner/.m2/repository/org/apache/kerby/kerb-crypto/1.0.1/kerb-crypto-1.0.1.jar:/home/runner/.m2/repository/org/apache/kerby/kerb-util/1.0.1/kerb-util-1.0.1.jar:/home/runner/.m2/repository/org/apache/kerby/token-provider/1.0.1/token-provider-1.0.1.jar:/home/runner/.m2/repository/org/apache/kerby/kerb-admin/1.0.1/kerb-admin-1.0.1.jar:/home/runner/.m2/repository/org/apache/kerby/kerb-server/1.0.1/kerb-server-1.0.1.jar:/home/runner/.m2/repository/org/apache/kerby/kerb-identity/1.0.1/kerb-identity-1.0.1.jar:/home/runner/.m2/repository/org/apache/kerby/kerby-xdr/1.0.1/kerby-xdr-1.0.1.jar:/home/runner/.m2/repository/org/slf4j/slf4j-log4j12/1.7.30/slf4j-log4j12-1.7.30.jar:/home/runner/.m2/repository/org/apache/ozone/ozone-s3gateway/1.3.0-SNAPSHOT/ozone-s3gateway-1.3.0-SNAPSHOT.jar:/home/runner/.m2/repository/org/javassist/javassist/3.21.0-GA/javassist-3.21.0-GA.jar:/home/runner/.m2/repository/org/jboss/weld/servlet/weld-servlet/2.4.7.Final/weld-servlet-2.4.7.Final.jar:/home/runner/.m2/repository/org/glassfish/jersey/containers/jersey-container-servlet-core/2.33/jersey-container-servlet-core-2.33.jar:/home/runner/.m2/repository/org/glassfish/hk2/external/jakarta.inject/2.6.1/jakarta.inject-2.6.1.jar:/home/runner/.m2/repository/org/glassfish/jersey/core/jersey-common/2.33/jersey-common-2.33.jar:/home/runner/.m2/repository/jakarta/ws/rs/jakarta.ws.rs-api/2.1.6/jakarta.ws.rs-api-2.1.6.jar:/home/runner/.m2/repository/org/glassfish/jersey/ext/cdi/jersey-cdi1x/2.33/jersey-cdi1x-2.33.jar:/home/runner/.m2/repository/org/glassfish/jersey/inject/jersey-hk2/2.33/jersey-hk2-2.33.jar:/home/runner/.m2/repository/org/glassfish/hk2/hk2-locator/2.6.1/hk2-locator-2.6.1.jar:/home/runner/.m2/repository/org/glassfish/jersey/media/jersey-media-jaxb/2.33/jersey-media-jaxb-2.33.jar:/home/runner/.m2/repository/org/glassfish/hk2/osgi-resource-locator/1.0.3/osgi-resource-locator-1.0.3.jar:/home/runner/.m2/repository/org/glassfish/hk2/hk2-api/2.5.0/hk2-api-2.5.0.jar:/home/runner/.m2/repository/org/glassfish/hk2/hk2-utils/2.5.0/hk2-utils-2.5.0.jar:/home/runner/.m2/repository/org/glassfish/hk2/external/aopalliance-repackaged/2.5.0/aopalliance-repackaged-2.5.0.jar:/home/runner/.m2/repository/com/fasterxml/jackson/dataformat/jackson-dataformat-xml/2.13.2/jackson-dataformat-xml-2.13.2.jar:/home/runner/.m2/repository/com/fasterxml/jackson/core/jackson-core/2.13.2/jackson-core-2.13.2.jar:/home/runner/.m2/repository/org/codehaus/woodstox/stax2-api/3.1.4/stax2-api-3.1.4.jar:/home/runner/.m2/repository/com/fasterxml/woodstox/woodstox-core/5.0.3/woodstox-core-5.0.3.jar:/home/runner/.m2/repository/com/fasterxml/jackson/module/jackson-module-jaxb-annotations/2.13.2/jackson-module-jaxb-annotations-2.13.2.jar:/home/runner/.m2/repository/jakarta/xml/bind/jakarta.xml.bind-api/2.3.3/jakarta.xml.bind-api-2.3.3.jar:/home/runner/.m2/repository/jakarta/activation/jakarta.activation-api/1.2.1/jakarta.activation-api-1.2.1.jar:/home/runner/.m2/repository/javax/enterprise/cdi-api/1.2/cdi-api-1.2.jar:/home/runner/.m2/repository/javax/el/javax.el-api/3.0.0/javax.el-api-3.0.0.jar:/home/runner/.m2/repository/javax/interceptor/javax.interceptor-api/1.2/javax.interceptor-api-1.2.jar:/home/runner/.m2/repository/javax/inject/javax.inject/1/javax.inject-1.jar:/home/runner/.m2/repository/javax/xml/bind/jaxb-api/2.3.0/jaxb-api-2.3.0.jar:/home/runner/.m2/repository/org/glassfish/jaxb/jaxb-runtime/2.3.0.1/jaxb-runtime-2.3.0.1.jar:/home/runner/.m2/repository/org/glassfish/jaxb/jaxb-core/2.3.0.1/jaxb-core-2.3.0.1.jar:/home/runner/.m2/repository/org/glassfish/jaxb/txw2/2.3.0.1/txw2-2.3.0.1.jar:/home/runner/.m2/repository/com/sun/istack/istack-commons-runtime/3.0.5/istack-commons-runtime-3.0.5.jar:/home/runner/.m2/repository/org/jvnet/staxex/stax-ex/1.7.8/stax-ex-1.7.8.jar:/home/runner/.m2/repository/com/sun/xml/fastinfoset/FastInfoset/1.2.13/FastInfoset-1.2.13.jar:/home/runner/.m2/repository/javax/activation/activation/1.1.1/activation-1.1.1.jar:/home/runner/.m2/repository/io/grpc/grpc-protobuf/1.44.0/grpc-protobuf-1.44.0.jar:/home/runner/.m2/repository/io/grpc/grpc-api/1.44.0/grpc-api-1.44.0.jar:/home/runner/.m2/repository/io/grpc/grpc-context/1.44.0/grpc-context-1.44.0.jar:/home/runner/.m2/repository/com/google/api/grpc/proto-google-common-protos/2.0.1/proto-google-common-protos-2.0.1.jar:/home/runner/.m2/repository/io/grpc/grpc-protobuf-lite/1.44.0/grpc-protobuf-lite-1.44.0.jar:/home/runner/.m2/repository/io/grpc/grpc-stub/1.44.0/grpc-stub-1.44.0.jar:/home/runner/.m2/repository/io/netty/netty-transport/4.1.79.Final/netty-transport-4.1.79.Final.jar:/home/runner/.m2/repository/io/netty/netty-resolver/4.1.79.Final/netty-resolver-4.1.79.Final.jar:/home/runner/.m2/repository/org/apache/ozone/ozone-csi/1.3.0-SNAPSHOT/ozone-csi-1.3.0-SNAPSHOT.jar:/home/runner/.m2/repository/com/google/protobuf/protobuf-java-util/3.19.2/protobuf-java-util-3.19.2.jar:/home/runner/.m2/repository/com/google/code/gson/gson/2.9.0/gson-2.9.0.jar:/home/runner/.m2/repository/org/apache/ozone/hdds-config/1.3.0-SNAPSHOT/hdds-config-1.3.0-SNAPSHOT.jar:/home/runner/.m2/repository/io/netty/netty-transport-native-epoll/4.1.79.Final/netty-transport-native-epoll-4.1.79.Final-linux-x86_64.jar:/home/runner/.m2/repository/io/netty/netty-transport-classes-epoll/4.1.79.Final/netty-transport-classes-epoll-4.1.79.Final.jar:/home/runner/.m2/repository/io/netty/netty-transport-native-unix-common/4.1.79.Final/netty-transport-native-unix-common-4.1.79.Final.jar:/home/runner/.m2/repository/org/apache/ozone/ozone-recon/1.3.0-SNAPSHOT/ozone-recon-1.3.0-SNAPSHOT.jar:/home/runner/.m2/repository/org/apache/ozone/ozone-reconcodegen/1.3.0-SNAPSHOT/ozone-reconcodegen-1.3.0-SNAPSHOT.jar:/home/runner/.m2/repository/com/google/inject/extensions/guice-multibindings/4.0/guice-multibindings-4.0.jar:/home/runner/.m2/repository/com/google/inject/guice/4.0/guice-4.0.jar:/home/runner/.m2/repository/aopalliance/aopalliance/1.0/aopalliance-1.0.jar:/home/runner/.m2/repository/com/google/inject/extensions/guice-assistedinject/4.0/guice-assistedinject-4.0.jar:/home/runner/.m2/repository/com/google/inject/extensions/guice-servlet/4.0/guice-servlet-4.0.jar:/home/runner/.m2/repository/org/glassfish/jersey/containers/jersey-container-servlet/2.33/jersey-container-servlet-2.33.jar:/home/runner/.m2/repository/org/glassfish/hk2/guice-bridge/2.5.0/guice-bridge-2.5.0.jar:/home/runner/.m2/repository/org/glassfish/jersey/core/jersey-server/2.33/jersey-server-2.33.jar:/home/runner/.m2/repository/org/glassfish/jersey/core/jersey-client/2.33/jersey-client-2.33.jar:/home/runner/.m2/repository/jakarta/annotation/jakarta.annotation-api/1.3.5/jakarta.annotation-api-1.3.5.jar:/home/runner/.m2/repository/jakarta/validation/jakarta.validation-api/2.0.2/jakarta.validation-api-2.0.2.jar:/home/runner/.m2/repository/org/glassfish/jersey/media/jersey-media-json-jackson/2.33/jersey-media-json-jackson-2.33.jar:/home/runner/.m2/repository/org/glassfish/jersey/ext/jersey-entity-filtering/2.33/jersey-entity-filtering-2.33.jar:/home/runner/.m2/repository/org/jooq/jooq/3.11.10/jooq-3.11.10.jar:/home/runner/.m2/repository/org/jooq/jooq-meta/3.11.10/jooq-meta-3.11.10.jar:/home/runner/.m2/repository/org/jooq/jooq-codegen/3.11.10/jooq-codegen-3.11.10.jar:/home/runner/.m2/repository/com/jolbox/bonecp/0.8.0.RELEASE/bonecp-0.8.0.RELEASE.jar:/home/runner/.m2/repository/org/apache/derby/derby/10.14.2.0/derby-10.14.2.0.jar:/home/runner/.m2/repository/org/xerial/sqlite-jdbc/3.25.2/sqlite-jdbc-3.25.2.jar:/home/runner/.m2/repository/org/springframework/spring-jdbc/5.2.20.RELEASE/spring-jdbc-5.2.20.RELEASE.jar:/home/runner/.m2/repository/org/springframework/spring-beans/5.2.20.RELEASE/spring-beans-5.2.20.RELEASE.jar:/home/runner/.m2/repository/org/springframework/spring-core/5.2.20.RELEASE/spring-core-5.2.20.RELEASE.jar:/home/runner/.m2/repository/org/springframework/spring-jcl/5.2.20.RELEASE/spring-jcl-5.2.20.RELEASE.jar:/home/runner/.m2/repository/org/springframework/spring-tx/5.2.20.RELEASE/spring-tx-5.2.20.RELEASE.jar:/home/runner/.m2/repository/org/apache/ozone/ozone-client/1.3.0-SNAPSHOT/ozone-client-1.3.0-SNAPSHOT.jar:/home/runner/.m2/repository/org/apache/ozone/hdds-erasurecode/1.3.0-SNAPSHOT/hdds-erasurecode-1.3.0-SNAPSHOT.jar:/home/runner/.m2/repository/com/github/spotbugs/spotbugs-annotations/3.1.12/spotbugs-annotations-3.1.12.jar:/home/runner/.m2/repository/org/apache/ozone/ozone-filesystem/1.3.0-SNAPSHOT/ozone-filesystem-1.3.0-SNAPSHOT.jar:/home/runner/.m2/repository/org/apache/ozone/ozone-filesystem-common/1.3.0-SNAPSHOT/ozone-filesystem-common-1.3.0-SNAPSHOT.jar:/home/runner/.m2/repository/org/apache/ozone/ozone-tools/1.3.0-SNAPSHOT/ozone-tools-1.3.0-SNAPSHOT.jar:/home/runner/.m2/repository/org/apache/ratis/ratis-tools/2.3.0/ratis-tools-2.3.0.jar:/home/runner/.m2/repository/com/amazonaws/aws-java-sdk-core/1.12.261/aws-java-sdk-core-1.12.261.jar:/home/runner/.m2/repository/org/apache/httpcomponents/httpclient/4.5.13/httpclient-4.5.13.jar:/home/runner/.m2/repository/org/apache/httpcomponents/httpcore/4.4.13/httpcore-4.4.13.jar:/home/runner/.m2/repository/software/amazon/ion/ion-java/1.0.2/ion-java-1.0.2.jar:/home/runner/.m2/repository/com/fasterxml/jackson/dataformat/jackson-dataformat-cbor/2.13.2/jackson-dataformat-cbor-2.13.2.jar:/home/runner/.m2/repository/joda-time/joda-time/2.8.1/joda-time-2.8.1.jar:/home/runner/.m2/repository/com/amazonaws/aws-java-sdk-s3/1.12.261/aws-java-sdk-s3-1.12.261.jar:/home/runner/.m2/repository/com/amazonaws/aws-java-sdk-kms/1.12.261/aws-java-sdk-kms-1.12.261.jar:/home/runner/.m2/repository/com/amazonaws/jmespath-java/1.12.261/jmespath-java-1.12.261.jar:/home/runner/.m2/repository/org/kohsuke/metainf-services/metainf-services/1.8/metainf-services-1.8.jar:/home/runner/.m2/repository/org/apache/ozone/hdds-tools/1.3.0-SNAPSHOT/hdds-tools-1.3.0-SNAPSHOT.jar:/home/runner/.m2/repository/commons-cli/commons-cli/1.2/commons-cli-1.2.jar:/home/runner/.m2/repository/org/apache/commons/commons-lang3/3.7/commons-lang3-3.7.jar:/home/runner/.m2/repository/org/apache/ozone/ozone-manager/1.3.0-SNAPSHOT/ozone-manager-1.3.0-SNAPSHOT-tests.jar:/home/runner/.m2/repository/org/apache/ozone/hdds-common/1.3.0-SNAPSHOT/hdds-common-1.3.0-SNAPSHOT-tests.jar:/home/runner/.m2/repository/org/apache/ozone/hdds-hadoop-dependency-client/1.3.0-SNAPSHOT/hdds-hadoop-dependency-client-1.3.0-SNAPSHOT.jar:/home/runner/.m2/repository/info/picocli/picocli/4.6.1/picocli-4.6.1.jar:/home/runner/.m2/repository/com/fasterxml/jackson/core/jackson-annotations/2.13.2/jackson-annotations-2.13.2.jar:/home/runner/.m2/repository/com/fasterxml/jackson/datatype/jackson-datatype-jsr310/2.13.2/jackson-datatype-jsr310-2.13.2.jar:/home/runner/.m2/repository/javax/annotation/javax.annotation-api/1.2/javax.annotation-api-1.2.jar:/home/runner/.m2/repository/org/apache/ratis/ratis-server/2.3.0/ratis-server-2.3.0.jar:/home/runner/.m2/repository/org/apache/ratis/ratis-client/2.3.0/ratis-client-2.3.0.jar:/home/runner/.m2/repository/org/apache/ratis/ratis-server-api/2.3.0/ratis-server-api-2.3.0.jar:/home/runner/.m2/repository/org/apache/ratis/ratis-metrics/2.3.0/ratis-metrics-2.3.0.jar:/home/runner/.m2/repository/org/apache/ratis/ratis-netty/2.3.0/ratis-netty-2.3.0.jar:/home/runner/.m2/repository/org/apache/ratis/ratis-grpc/2.3.0/ratis-grpc-2.3.0.jar:/home/runner/.m2/repository/org/apache/logging/log4j/log4j-api/2.17.1/log4j-api-2.17.1.jar:/home/runner/.m2/repository/org/apache/commons/commons-pool2/2.6.0/commons-pool2-2.6.0.jar:/home/runner/.m2/repository/org/bouncycastle/bcpkix-jdk15on/1.67/bcpkix-jdk15on-1.67.jar:/home/runner/.m2/repository/commons-validator/commons-validator/1.6/commons-validator-1.6.jar:/home/runner/.m2/repository/commons-beanutils/commons-beanutils/1.9.4/commons-beanutils-1.9.4.jar:/home/runner/.m2/repository/commons-digester/commons-digester/1.8.1/commons-digester-1.8.1.jar:/home/runner/.m2/repository/commons-collections/commons-collections/3.2.2/commons-collections-3.2.2.jar:/home/runner/.m2/repository/io/jaegertracing/jaeger-client/1.6.0/jaeger-client-1.6.0.jar:/home/runner/.m2/repository/io/jaegertracing/jaeger-thrift/1.6.0/jaeger-thrift-1.6.0.jar:/home/runner/.m2/repository/org/apache/thrift/libthrift/0.14.1/libthrift-0.14.1.jar:/home/runner/.m2/repository/com/squareup/okhttp3/okhttp/4.9.0/okhttp-4.9.0.jar:/home/runner/.m2/repository/com/squareup/okio/okio/2.8.0/okio-2.8.0.jar:/home/runner/.m2/repository/io/jaegertracing/jaeger-core/1.6.0/jaeger-core-1.6.0.jar:/home/runner/.m2/repository/io/jaegertracing/jaeger-tracerresolver/1.6.0/jaeger-tracerresolver-1.6.0.jar:/home/runner/.m2/repository/io/opentracing/contrib/opentracing-tracerresolver/0.1.8/opentracing-tracerresolver-0.1.8.jar:/home/runner/.m2/repository/org/jetbrains/kotlin/kotlin-stdlib/1.6.21/kotlin-stdlib-1.6.21.jar:/home/runner/.m2/repository/org/jetbrains/kotlin/kotlin-stdlib-common/1.6.21/kotlin-stdlib-common-1.6.21.jar:/home/runner/.m2/repository/org/jetbrains/annotations/13.0/annotations-13.0.jar:/home/runner/.m2/repository/io/opentracing/opentracing-util/0.33.0/opentracing-util-0.33.0.jar:/home/runner/.m2/repository/io/opentracing/opentracing-api/0.33.0/opentracing-api-0.33.0.jar:/home/runner/.m2/repository/io/opentracing/opentracing-noop/0.33.0/opentracing-noop-0.33.0.jar:/home/runner/.m2/repository/org/yaml/snakeyaml/1.26/snakeyaml-1.26.jar:/home/runner/.m2/repository/org/apache/ozone/hdds-interface-admin/1.3.0-SNAPSHOT/hdds-interface-admin-1.3.0-SNAPSHOT.jar:/home/runner/.m2/repository/junit/junit/4.13.1/junit-4.13.1.jar:/home/runner/.m2/repository/org/hamcrest/hamcrest-core/1.3/hamcrest-core-1.3.jar:/home/runner/.m2/repository/org/junit/jupiter/junit-jupiter-api/5.8.2/junit-jupiter-api-5.8.2.jar:/home/runner/.m2/repository/org/opentest4j/opentest4j/1.2.0/opentest4j-1.2.0.jar:/home/runner/.m2/repository/org/junit/platform/junit-platform-commons/1.8.2/junit-platform-commons-1.8.2.jar:/home/runner/.m2/repository/org/apiguardian/apiguardian-api/1.1.2/apiguardian-api-1.1.2.jar:/home/runner/.m2/repository/org/junit/jupiter/junit-jupiter-params/5.8.2/junit-jupiter-params-5.8.2.jar:/home/runner/.m2/repository/org/junit/jupiter/junit-jupiter-migrationsupport/5.8.2/junit-jupiter-migrationsupport-5.8.2.jar:/home/runner/.m2/repository/org/junit/jupiter/junit-jupiter-engine/5.8.2/junit-jupiter-engine-5.8.2.jar:/home/runner/.m2/repository/org/junit/platform/junit-platform-engine/1.8.2/junit-platform-engine-1.8.2.jar:/home/runner/.m2/repository/org/junit/vintage/junit-vintage-engine/5.8.2/junit-vintage-engine-5.8.2.jar:/home/runner/.m2/repository/org/junit/platform/junit-platform-launcher/1.8.2/junit-platform-launcher-1.8.2.jar:/home/runner/.m2/repository/org/mockito/mockito-core/2.28.2/mockito-core-2.28.2.jar:/home/runner/.m2/repository/net/bytebuddy/byte-buddy/1.9.10/byte-buddy-1.9.10.jar:/home/runner/.m2/repository/net/bytebuddy/byte-buddy-agent/1.9.10/byte-buddy-agent-1.9.10.jar:/home/runner/.m2/repository/org/objenesis/objenesis/1.0/objenesis-1.0.jar:/home/runner/.m2/repository/org/apache/hadoop/hadoop-kms/3.3.1/hadoop-kms-3.3.1.jar:/home/runner/.m2/repository/org/apache/hadoop/hadoop-auth/3.3.1/hadoop-auth-3.3.1.jar:/home/runner/.m2/repository/com/nimbusds/nimbus-jose-jwt/7.9/nimbus-jose-jwt-7.9.jar:/home/runner/.m2/repository/com/github/stephenc/jcip/jcip-annotations/1.0-1/jcip-annotations-1.0-1.jar:/home/runner/.m2/repository/net/minidev/json-smart/2.4.7/json-smart-2.4.7.jar:/home/runner/.m2/repository/net/minidev/accessors-smart/2.4.7/accessors-smart-2.4.7.jar:/home/runner/.m2/repository/org/ow2/asm/asm/5.0.4/asm-5.0.4.jar:/home/runner/.m2/repository/org/apache/zookeeper/zookeeper/3.5.6/zookeeper-3.5.6.jar:/home/runner/.m2/repository/org/apache/zookeeper/zookeeper-jute/3.5.6/zookeeper-jute-3.5.6.jar:/home/runner/.m2/repository/org/apache/yetus/audience-annotations/0.5.0/audience-annotations-0.5.0.jar:/home/runner/.m2/repository/org/apache/curator/curator-framework/4.2.0/curator-framework-4.2.0.jar:/home/runner/.m2/repository/org/apache/hadoop/thirdparty/hadoop-shaded-guava/1.1.1/hadoop-shaded-guava-1.1.1.jar:/home/runner/.m2/repository/com/sun/jersey/jersey-core/1.19/jersey-core-1.19.jar:/home/runner/.m2/repository/javax/ws/rs/jsr311-api/1.1.1/jsr311-api-1.1.1.jar:/home/runner/.m2/repository/com/sun/jersey/jersey-server/1.19/jersey-server-1.19.jar:/home/runner/.m2/repository/javax/servlet/javax.servlet-api/3.1.0/javax.servlet-api-3.1.0.jar:/home/runner/.m2/repository/org/eclipse/jetty/jetty-server/9.4.43.v20210629/jetty-server-9.4.43.v20210629.jar:/home/runner/.m2/repository/org/eclipse/jetty/jetty-http/9.4.43.v20210629/jetty-http-9.4.43.v20210629.jar:/home/runner/.m2/repository/org/eclipse/jetty/jetty-io/9.4.43.v20210629/jetty-io-9.4.43.v20210629.jar:/home/runner/.m2/repository/org/eclipse/jetty/jetty-webapp/9.4.43.v20210629/jetty-webapp-9.4.43.v20210629.jar:/home/runner/.m2/repository/org/eclipse/jetty/jetty-xml/9.4.43.v20210629/jetty-xml-9.4.43.v20210629.jar:/home/runner/.m2/repository/org/apache/hadoop/hadoop-common/3.3.1/hadoop-common-3.3.1.jar:/home/runner/.m2/repository/org/apache/commons/commons-math3/3.1.1/commons-math3-3.1.1.jar:/home/runner/.m2/repository/commons-net/commons-net/3.6/commons-net-3.6.jar:/home/runner/.m2/repository/com/sun/jersey/jersey-servlet/1.19/jersey-servlet-1.19.jar:/home/runner/.m2/repository/com/sun/jersey/jersey-json/1.19/jersey-json-1.19.jar:/home/runner/.m2/repository/org/codehaus/jettison/jettison/1.1/jettison-1.1.jar:/home/runner/.m2/repository/com/sun/xml/bind/jaxb-impl/2.2.3-1/jaxb-impl-2.2.3-1.jar:/home/runner/.m2/repository/org/codehaus/jackson/jackson-xc/1.9.2/jackson-xc-1.9.2.jar:/home/runner/.m2/repository/org/apache/commons/commons-configuration2/2.1.1/commons-configuration2-2.1.1.jar:/home/runner/.m2/repository/org/apache/commons/commons-text/1.4/commons-text-1.4.jar:/home/runner/.m2/repository/com/google/re2j/re2j/1.1/re2j-1.1.jar:/home/runner/.m2/repository/com/jcraft/jsch/0.1.54/jsch-0.1.54.jar:/home/runner/.m2/repository/org/apache/curator/curator-client/4.2.0/curator-client-4.2.0.jar:/home/runner/.m2/repository/org/apache/curator/curator-recipes/4.2.0/curator-recipes-4.2.0.jar:/home/runner/.m2/repository/org/apache/kerby/kerb-core/1.0.1/kerb-core-1.0.1.jar:/home/runner/.m2/repository/org/apache/kerby/kerby-pkix/1.0.1/kerby-pkix-1.0.1.jar:/home/runner/.m2/repository/org/apache/kerby/kerby-asn1/1.0.1/kerby-asn1-1.0.1.jar:/home/runner/.m2/repository/org/apache/kerby/kerby-util/1.0.1/kerby-util-1.0.1.jar:/home/runner/.m2/repository/dnsjava/dnsjava/2.1.7/dnsjava-2.1.7.jar:/home/runner/.m2/repository/org/xerial/snappy/snappy-java/1.1.8.2/snappy-java-1.1.8.2.jar:/home/runner/.m2/repository/org/slf4j/jul-to-slf4j/1.7.30/jul-to-slf4j-1.7.30.jar:/home/runner/.m2/repository/org/eclipse/jetty/jetty-util/9.4.43.v20210629/jetty-util-9.4.43.v20210629.jar:/home/runner/.m2/repository/com/fasterxml/jackson/core/jackson-databind/2.13.2.2/jackson-databind-2.13.2.2.jar:/home/runner/.m2/repository/org/apache/hadoop/hadoop-kms/3.3.1/hadoop-kms-3.3.1-tests.jar:/home/runner/.m2/repository/org/apache/ozone/hdds-server-scm/1.3.0-SNAPSHOT/hdds-server-scm-1.3.0-SNAPSHOT-tests.jar:/home/runner/.m2/repository/org/apache/ozone/hdds-container-service/1.3.0-SNAPSHOT/hdds-container-service-1.3.0-SNAPSHOT-tests.jar:/home/runner/.m2/repository/commons-codec/commons-codec/1.11/commons-codec-1.11.jar:/home/runner/.m2/repository/io/netty/netty-codec/4.1.79.Final/netty-codec-4.1.79.Final.jar:/home/runner/.m2/repository/io/netty/netty-handler/4.1.79.Final/netty-handler-4.1.79.Final.jar:/home/runner/.m2/repository/org/apache/ozone/hdds-hadoop-dependency-test/1.3.0-SNAPSHOT/hdds-hadoop-dependency-test-1.3.0-SNAPSHOT.jar:/home/runner/.m2/repository/org/apache/hadoop/hadoop-common/3.3.1/hadoop-common-3.3.1-tests.jar:/home/runner/.m2/repository/org/assertj/assertj-core/3.12.2/assertj-core-3.12.2.jar:/home/runner/.m2/repository/org/apache/hadoop/hadoop-hdfs/3.3.1/hadoop-hdfs-3.3.1-tests.jar:/home/runner/.m2/repository/org/eclipse/jetty/jetty-util-ajax/9.4.43.v20210629/jetty-util-ajax-9.4.43.v20210629.jar:/home/runner/.m2/repository/commons-daemon/commons-daemon/1.0.13/commons-daemon-1.0.13.jar:/home/runner/.m2/repository/io/netty/netty/3.10.6.Final/netty-3.10.6.Final.jar:/home/runner/.m2/repository/io/netty/netty-all/4.1.79.Final/netty-all-4.1.79.Final.jar:/home/runner/.m2/repository/io/netty/netty-codec-dns/4.1.79.Final/netty-codec-dns-4.1.79.Final.jar:/home/runner/.m2/repository/io/netty/netty-codec-haproxy/4.1.79.Final/netty-codec-haproxy-4.1.79.Final.jar:/home/runner/.m2/repository/io/netty/netty-codec-memcache/4.1.79.Final/netty-codec-memcache-4.1.79.Final.jar:/home/runner/.m2/repository/io/netty/netty-codec-mqtt/4.1.79.Final/netty-codec-mqtt-4.1.79.Final.jar:/home/runner/.m2/repository/io/netty/netty-codec-redis/4.1.79.Final/netty-codec-redis-4.1.79.Final.jar:/home/runner/.m2/repository/io/netty/netty-codec-smtp/4.1.79.Final/netty-codec-smtp-4.1.79.Final.jar:/home/runner/.m2/repository/io/netty/netty-codec-stomp/4.1.79.Final/netty-codec-stomp-4.1.79.Final.jar:/home/runner/.m2/repository/io/netty/netty-codec-xml/4.1.79.Final/netty-codec-xml-4.1.79.Final.jar:/home/runner/.m2/repository/io/netty/netty-resolver-dns/4.1.79.Final/netty-resolver-dns-4.1.79.Final.jar:/home/runner/.m2/repository/io/netty/netty-transport-rxtx/4.1.79.Final/netty-transport-rxtx-4.1.79.Final.jar:/home/runner/.m2/repository/io/netty/netty-transport-sctp/4.1.79.Final/netty-transport-sctp-4.1.79.Final.jar:/home/runner/.m2/repository/io/netty/netty-transport-udt/4.1.79.Final/netty-transport-udt-4.1.79.Final.jar:/home/runner/.m2/repository/io/netty/netty-transport-classes-kqueue/4.1.79.Final/netty-transport-classes-kqueue-4.1.79.Final.jar:/home/runner/.m2/repository/io/netty/netty-resolver-dns-classes-macos/4.1.79.Final/netty-resolver-dns-classes-macos-4.1.79.Final.jar:/home/runner/.m2/repository/io/netty/netty-transport-native-epoll/4.1.79.Final/netty-transport-native-epoll-4.1.79.Final-linux-aarch_64.jar:/home/runner/.m2/repository/io/netty/netty-transport-native-kqueue/4.1.79.Final/netty-transport-native-kqueue-4.1.79.Final-osx-x86_64.jar:/home/runner/.m2/repository/io/netty/netty-transport-native-kqueue/4.1.79.Final/netty-transport-native-kqueue-4.1.79.Final-osx-aarch_64.jar:/home/runner/.m2/repository/io/netty/netty-resolver-dns-native-macos/4.1.79.Final/netty-resolver-dns-native-macos-4.1.79.Final-osx-x86_64.jar:/home/runner/.m2/repository/io/netty/netty-resolver-dns-native-macos/4.1.79.Final/netty-resolver-dns-native-macos-4.1.79.Final-osx-aarch_64.jar:/home/runner/.m2/repository/org/apache/htrace/htrace-core4/4.1.0-incubating/htrace-core4-4.1.0-incubating.jar:/home/runner/.m2/repository/org/fusesource/leveldbjni/leveldbjni-all/1.8/leveldbjni-all-1.8.jar:/home/runner/.m2/repository/org/apache/hadoop/hadoop-distcp/3.3.1/hadoop-distcp-3.3.1.jar:/home/runner/.m2/repository/org/apache/hadoop/hadoop-mapreduce-client-jobclient/3.3.1/hadoop-mapreduce-client-jobclient-3.3.1.jar:/home/runner/.m2/repository/org/apache/hadoop/hadoop-mapreduce-client-common/3.3.1/hadoop-mapreduce-client-common-3.3.1.jar:/home/runner/.m2/repository/org/apache/hadoop/hadoop-yarn-common/3.3.1/hadoop-yarn-common-3.3.1.jar:/home/runner/.m2/repository/org/apache/hadoop/hadoop-yarn-api/3.3.1/hadoop-yarn-api-3.3.1.jar:/home/runner/.m2/repository/com/sun/jersey/contribs/jersey-guice/1.19/jersey-guice-1.19.jar:/home/runner/.m2/repository/com/fasterxml/jackson/jaxrs/jackson-jaxrs-json-provider/2.13.2/jackson-jaxrs-json-provider-2.13.2.jar:/home/runner/.m2/repository/com/fasterxml/jackson/jaxrs/jackson-jaxrs-base/2.13.2/jackson-jaxrs-base-2.13.2.jar:/home/runner/.m2/repository/org/apache/hadoop/hadoop-yarn-client/3.3.1/hadoop-yarn-client-3.3.1.jar:/home/runner/.m2/repository/org/eclipse/jetty/websocket/websocket-client/9.4.40.v20210413/websocket-client-9.4.40.v20210413.jar:/home/runner/.m2/repository/org/eclipse/jetty/websocket/websocket-common/9.4.40.v20210413/websocket-common-9.4.40.v20210413.jar:/home/runner/.m2/repository/org/eclipse/jetty/websocket/websocket-api/9.4.40.v20210413/websocket-api-9.4.40.v20210413.jar:/home/runner/.m2/repository/org/jline/jline/3.9.0/jline-3.9.0.jar:/home/runner/.m2/repository/org/apache/hadoop/hadoop-mapreduce-client-core/3.3.1/hadoop-mapreduce-client-core-3.3.1.jar:/home/runner/.m2/repository/org/apache/avro/avro/1.7.7/avro-1.7.7.jar:/home/runner/.m2/repository/org/codehaus/jackson/jackson-core-asl/1.9.13/jackson-core-asl-1.9.13.jar:/home/runner/.m2/repository/org/codehaus/jackson/jackson-mapper-asl/1.9.13/jackson-mapper-asl-1.9.13.jar:/home/runner/.m2/repository/com/thoughtworks/paranamer/paranamer/2.3/paranamer-2.3.jar:/home/runner/.m2/repository/org/apache/hadoop/hadoop-annotations/3.3.1/hadoop-annotations-3.3.1.jar:/usr/lib/jvm/temurin-8-jdk-amd64/jre/../lib/tools.jar:/home/runner/.m2/repository/org/apache/hadoop/hadoop-distcp/3.3.1/hadoop-distcp-3.3.1-tests.jar:/home/runner/.m2/repository/org/apache/ratis/ratis-common/2.3.0/ratis-common-2.3.0.jar:/home/runner/.m2/repository/org/apache/ratis/ratis-thirdparty-misc/1.0.0/ratis-thirdparty-misc-1.0.0.jar:/home/runner/.m2/repository/org/apache/ratis/ratis-proto/2.3.0/ratis-proto-2.3.0.jar:/home/runner/.m2/repository/org/apache/ozone/ozone-annotation-processing/1.3.0-SNAPSHOT/ozone-annotation-processing-1.3.0-SNAPSHOT.jar:"/>
    <property name="java.vm.vendor" value="Temurin"/>
    <property name="sun.arch.data.model" value="64"/>
    <property name="test.build.dir" value="/home/runner/work/ozone/ozone/hadoop-ozone/integration-test/target/test-dir"/>
    <property name="test.cache.data" value=""/>
    <property name="java.vendor.url" value="https://adoptium.net/"/>
    <property name="user.timezone" value="Etc/UTC"/>
    <property name="java.vm.specification.version" value="1.8"/>
    <property name="os.name" value="Linux"/>
    <property name="test.build.data" value="/home/runner/work/ozone/ozone/hadoop-ozone/integration-test/target/test-dir"/>
    <property name="sun.java.launcher" value="SUN_STANDARD"/>
    <property name="sun.boot.library.path" value="/usr/lib/jvm/temurin-8-jdk-amd64/jre/lib/amd64"/>
    <property name="sun.java.command" value="/home/runner/work/ozone/ozone/hadoop-ozone/integration-test/target/surefire/surefirebooter3080802019907163951.jar /home/runner/work/ozone/ozone/hadoop-ozone/integration-test/target/surefire 2022-08-04T22-40-16_668-jvmRun1 surefire6840582512792513946tmp surefire_214593994417309623217tmp"/>
    <property name="surefire.test.class.path" value="/home/runner/work/ozone/ozone/hadoop-ozone/integration-test/target/test-classes:/home/runner/work/ozone/ozone/hadoop-ozone/integration-test/target/classes:/home/runner/.m2/repository/org/apache/ozone/ozone-common/1.3.0-SNAPSHOT/ozone-common-1.3.0-SNAPSHOT.jar:/home/runner/.m2/repository/io/grpc/grpc-netty/1.44.0/grpc-netty-1.44.0.jar:/home/runner/.m2/repository/io/grpc/grpc-core/1.44.0/grpc-core-1.44.0.jar:/home/runner/.m2/repository/com/google/android/annotations/4.1.1.4/annotations-4.1.1.4.jar:/home/runner/.m2/repository/org/codehaus/mojo/animal-sniffer-annotations/1.19/animal-sniffer-annotations-1.19.jar:/home/runner/.m2/repository/com/google/errorprone/error_prone_annotations/2.2.0/error_prone_annotations-2.2.0.jar:/home/runner/.m2/repository/io/perfmark/perfmark-api/0.23.0/perfmark-api-0.23.0.jar:/home/runner/.m2/repository/io/netty/netty-codec-http2/4.1.79.Final/netty-codec-http2-4.1.79.Final.jar:/home/runner/.m2/repository/io/netty/netty-common/4.1.79.Final/netty-common-4.1.79.Final.jar:/home/runner/.m2/repository/io/netty/netty-buffer/4.1.79.Final/netty-buffer-4.1.79.Final.jar:/home/runner/.m2/repository/io/netty/netty-codec-http/4.1.79.Final/netty-codec-http-4.1.79.Final.jar:/home/runner/.m2/repository/io/netty/netty-handler-proxy/4.1.79.Final/netty-handler-proxy-4.1.79.Final.jar:/home/runner/.m2/repository/io/netty/netty-codec-socks/4.1.79.Final/netty-codec-socks-4.1.79.Final.jar:/home/runner/.m2/repository/io/netty/netty-tcnative-boringssl-static/2.0.53.Final/netty-tcnative-boringssl-static-2.0.53.Final.jar:/home/runner/.m2/repository/io/netty/netty-tcnative-classes/2.0.53.Final/netty-tcnative-classes-2.0.53.Final.jar:/home/runner/.m2/repository/io/netty/netty-tcnative-boringssl-static/2.0.53.Final/netty-tcnative-boringssl-static-2.0.53.Final-linux-x86_64.jar:/home/runner/.m2/repository/io/netty/netty-tcnative-boringssl-static/2.0.53.Final/netty-tcnative-boringssl-static-2.0.53.Final-linux-aarch_64.jar:/home/runner/.m2/repository/io/netty/netty-tcnative-boringssl-static/2.0.53.Final/netty-tcnative-boringssl-static-2.0.53.Final-osx-x86_64.jar:/home/runner/.m2/repository/io/netty/netty-tcnative-boringssl-static/2.0.53.Final/netty-tcnative-boringssl-static-2.0.53.Final-osx-aarch_64.jar:/home/runner/.m2/repository/io/netty/netty-tcnative-boringssl-static/2.0.53.Final/netty-tcnative-boringssl-static-2.0.53.Final-windows-x86_64.jar:/home/runner/.m2/repository/org/apache/commons/commons-compress/1.21/commons-compress-1.21.jar:/home/runner/.m2/repository/org/apache/ozone/hdds-common/1.3.0-SNAPSHOT/hdds-common-1.3.0-SNAPSHOT.jar:/home/runner/.m2/repository/org/apache/ozone/hdds-client/1.3.0-SNAPSHOT/hdds-client-1.3.0-SNAPSHOT.jar:/home/runner/.m2/repository/org/apache/ozone/ozone-interface-client/1.3.0-SNAPSHOT/ozone-interface-client-1.3.0-SNAPSHOT.jar:/home/runner/.m2/repository/org/apache/ozone/hdds-test-utils/1.3.0-SNAPSHOT/hdds-test-utils-1.3.0-SNAPSHOT.jar:/home/runner/.m2/repository/com/google/guava/guava/31.1-jre/guava-31.1-jre.jar:/home/runner/.m2/repository/com/google/guava/failureaccess/1.0.1/failureaccess-1.0.1.jar:/home/runner/.m2/repository/com/google/guava/listenablefuture/9999.0-empty-to-avoid-conflict-with-guava/listenablefuture-9999.0-empty-to-avoid-conflict-with-guava.jar:/home/runner/.m2/repository/com/google/code/findbugs/jsr305/3.0.0/jsr305-3.0.0.jar:/home/runner/.m2/repository/org/checkerframework/checker-qual/3.12.0/checker-qual-3.12.0.jar:/home/runner/.m2/repository/com/google/j2objc/j2objc-annotations/1.3/j2objc-annotations-1.3.jar:/home/runner/.m2/repository/commons-io/commons-io/2.11.0/commons-io-2.11.0.jar:/home/runner/.m2/repository/commons-logging/commons-logging/1.2/commons-logging-1.2.jar:/home/runner/.m2/repository/log4j/log4j/1.2.17/log4j-1.2.17.jar:/home/runner/.m2/repository/org/slf4j/slf4j-api/1.7.30/slf4j-api-1.7.30.jar:/home/runner/.m2/repository/org/apache/ozone/hdds-server-scm/1.3.0-SNAPSHOT/hdds-server-scm-1.3.0-SNAPSHOT.jar:/home/runner/.m2/repository/org/apache/ozone/hdds-container-service/1.3.0-SNAPSHOT/hdds-container-service-1.3.0-SNAPSHOT.jar:/home/runner/.m2/repository/org/apache/ozone/hdds-hadoop-dependency-server/1.3.0-SNAPSHOT/hdds-hadoop-dependency-server-1.3.0-SNAPSHOT.jar:/home/runner/.m2/repository/org/apache/hadoop/hadoop-hdfs/3.3.1/hadoop-hdfs-3.3.1.jar:/home/runner/.m2/repository/org/apache/ozone/hdds-server-framework/1.3.0-SNAPSHOT/hdds-server-framework-1.3.0-SNAPSHOT.jar:/home/runner/.m2/repository/org/apache/ozone/hdds-interface-server/1.3.0-SNAPSHOT/hdds-interface-server-1.3.0-SNAPSHOT.jar:/home/runner/.m2/repository/org/apache/logging/log4j/log4j-core/2.17.1/log4j-core-2.17.1.jar:/home/runner/.m2/repository/com/lmax/disruptor/3.4.2/disruptor-3.4.2.jar:/home/runner/.m2/repository/org/eclipse/jetty/jetty-servlet/9.4.43.v20210629/jetty-servlet-9.4.43.v20210629.jar:/home/runner/.m2/repository/org/eclipse/jetty/jetty-security/9.4.43.v20210629/jetty-security-9.4.43.v20210629.jar:/home/runner/.m2/repository/org/rocksdb/rocksdbjni/6.29.5/rocksdbjni-6.29.5.jar:/home/runner/.m2/repository/io/prometheus/simpleclient_dropwizard/0.7.0/simpleclient_dropwizard-0.7.0.jar:/home/runner/.m2/repository/io/prometheus/simpleclient/0.7.0/simpleclient-0.7.0.jar:/home/runner/.m2/repository/io/prometheus/simpleclient_common/0.7.0/simpleclient_common-0.7.0.jar:/home/runner/.m2/repository/io/dropwizard/metrics/metrics-core/3.2.4/metrics-core-3.2.4.jar:/home/runner/.m2/repository/org/apache/hadoop/hadoop-hdfs-client/3.3.1/hadoop-hdfs-client-3.3.1.jar:/home/runner/.m2/repository/org/bouncycastle/bcprov-jdk15on/1.67/bcprov-jdk15on-1.67.jar:/home/runner/.m2/repository/com/google/protobuf/protobuf-java/2.5.0/protobuf-java-2.5.0.jar:/home/runner/.m2/repository/org/apache/ozone/ozone-manager/1.3.0-SNAPSHOT/ozone-manager-1.3.0-SNAPSHOT.jar:/home/runner/.m2/repository/org/aspectj/aspectjrt/1.9.7/aspectjrt-1.9.7.jar:/home/runner/.m2/repository/org/aspectj/aspectjweaver/1.9.7/aspectjweaver-1.9.7.jar:/home/runner/.m2/repository/org/apache/ozone/hdds-interface-client/1.3.0-SNAPSHOT/hdds-interface-client-1.3.0-SNAPSHOT.jar:/home/runner/.m2/repository/org/apache/hadoop/thirdparty/hadoop-shaded-protobuf_3_7/1.1.1/hadoop-shaded-protobuf_3_7-1.1.1.jar:/home/runner/.m2/repository/org/apache/ozone/ozone-interface-storage/1.3.0-SNAPSHOT/ozone-interface-storage-1.3.0-SNAPSHOT.jar:/home/runner/.m2/repository/org/reflections/reflections/0.9.11/reflections-0.9.11.jar:/home/runner/.m2/repository/com/sun/jersey/jersey-client/1.19/jersey-client-1.19.jar:/home/runner/.m2/repository/org/apache/ranger/ranger-intg/2.3.0/ranger-intg-2.3.0.jar:/home/runner/.m2/repository/org/apache/ranger/ranger-plugins-common/2.3.0/ranger-plugins-common-2.3.0.jar:/home/runner/.m2/repository/commons-lang/commons-lang/2.6/commons-lang-2.6.jar:/home/runner/.m2/repository/org/codehaus/jackson/jackson-jaxrs/1.9.13/jackson-jaxrs-1.9.13.jar:/home/runner/.m2/repository/org/apache/ranger/ranger-plugins-cred/2.3.0/ranger-plugins-cred-2.3.0.jar:/home/runner/.m2/repository/org/apache/ranger/ranger-plugins-audit/2.3.0/ranger-plugins-audit-2.3.0.jar:/home/runner/.m2/repository/org/apache/kafka/kafka-clients/2.8.1/kafka-clients-2.8.1.jar:/home/runner/.m2/repository/com/github/luben/zstd-jni/1.4.9-1/zstd-jni-1.4.9-1.jar:/home/runner/.m2/repository/org/apache/solr/solr-solrj/8.6.3/solr-solrj-8.6.3.jar:/home/runner/.m2/repository/org/slf4j/jcl-over-slf4j/1.7.24/jcl-over-slf4j-1.7.24.jar:/home/runner/.m2/repository/org/eclipse/jetty/jetty-client/9.4.31.v20200723/jetty-client-9.4.31.v20200723.jar:/home/runner/.m2/repository/org/apache/httpcomponents/httpmime/4.5.6/httpmime-4.5.6.jar:/home/runner/.m2/repository/org/apache/httpcomponents/httpcore-nio/4.4.6/httpcore-nio-4.4.6.jar:/home/runner/.m2/repository/org/apache/httpcomponents/httpasyncclient/4.1.3/httpasyncclient-4.1.3.jar:/home/runner/.m2/repository/com/carrotsearch/hppc/0.8.0/hppc-0.8.0.jar:/home/runner/.m2/repository/org/apache/hive/hive-storage-api/2.7.2/hive-storage-api-2.7.2.jar:/home/runner/.m2/repository/org/apache/orc/orc-core/1.5.8/orc-core-1.5.8.jar:/home/runner/.m2/repository/com/amazonaws/aws-java-sdk-bundle/1.12.125/aws-java-sdk-bundle-1.12.125.jar:/home/runner/.m2/repository/net/java/dev/jna/jna/5.2.0/jna-5.2.0.jar:/home/runner/.m2/repository/net/java/dev/jna/jna-platform/5.2.0/jna-platform-5.2.0.jar:/home/runner/.m2/repository/com/kstruct/gethostname4j/0.0.2/gethostname4j-0.0.2.jar:/home/runner/.m2/repository/org/apache/ranger/ranger-plugin-classloader/2.3.0/ranger-plugin-classloader-2.3.0.jar:/home/runner/.m2/repository/org/apache/hadoop/hadoop-minikdc/3.3.1/hadoop-minikdc-3.3.1.jar:/home/runner/.m2/repository/org/apache/kerby/kerb-simplekdc/1.0.1/kerb-simplekdc-1.0.1.jar:/home/runner/.m2/repository/org/apache/kerby/kerb-client/1.0.1/kerb-client-1.0.1.jar:/home/runner/.m2/repository/org/apache/kerby/kerby-config/1.0.1/kerby-config-1.0.1.jar:/home/runner/.m2/repository/org/apache/kerby/kerb-common/1.0.1/kerb-common-1.0.1.jar:/home/runner/.m2/repository/org/apache/kerby/kerb-crypto/1.0.1/kerb-crypto-1.0.1.jar:/home/runner/.m2/repository/org/apache/kerby/kerb-util/1.0.1/kerb-util-1.0.1.jar:/home/runner/.m2/repository/org/apache/kerby/token-provider/1.0.1/token-provider-1.0.1.jar:/home/runner/.m2/repository/org/apache/kerby/kerb-admin/1.0.1/kerb-admin-1.0.1.jar:/home/runner/.m2/repository/org/apache/kerby/kerb-server/1.0.1/kerb-server-1.0.1.jar:/home/runner/.m2/repository/org/apache/kerby/kerb-identity/1.0.1/kerb-identity-1.0.1.jar:/home/runner/.m2/repository/org/apache/kerby/kerby-xdr/1.0.1/kerby-xdr-1.0.1.jar:/home/runner/.m2/repository/org/slf4j/slf4j-log4j12/1.7.30/slf4j-log4j12-1.7.30.jar:/home/runner/.m2/repository/org/apache/ozone/ozone-s3gateway/1.3.0-SNAPSHOT/ozone-s3gateway-1.3.0-SNAPSHOT.jar:/home/runner/.m2/repository/org/javassist/javassist/3.21.0-GA/javassist-3.21.0-GA.jar:/home/runner/.m2/repository/org/jboss/weld/servlet/weld-servlet/2.4.7.Final/weld-servlet-2.4.7.Final.jar:/home/runner/.m2/repository/org/glassfish/jersey/containers/jersey-container-servlet-core/2.33/jersey-container-servlet-core-2.33.jar:/home/runner/.m2/repository/org/glassfish/hk2/external/jakarta.inject/2.6.1/jakarta.inject-2.6.1.jar:/home/runner/.m2/repository/org/glassfish/jersey/core/jersey-common/2.33/jersey-common-2.33.jar:/home/runner/.m2/repository/jakarta/ws/rs/jakarta.ws.rs-api/2.1.6/jakarta.ws.rs-api-2.1.6.jar:/home/runner/.m2/repository/org/glassfish/jersey/ext/cdi/jersey-cdi1x/2.33/jersey-cdi1x-2.33.jar:/home/runner/.m2/repository/org/glassfish/jersey/inject/jersey-hk2/2.33/jersey-hk2-2.33.jar:/home/runner/.m2/repository/org/glassfish/hk2/hk2-locator/2.6.1/hk2-locator-2.6.1.jar:/home/runner/.m2/repository/org/glassfish/jersey/media/jersey-media-jaxb/2.33/jersey-media-jaxb-2.33.jar:/home/runner/.m2/repository/org/glassfish/hk2/osgi-resource-locator/1.0.3/osgi-resource-locator-1.0.3.jar:/home/runner/.m2/repository/org/glassfish/hk2/hk2-api/2.5.0/hk2-api-2.5.0.jar:/home/runner/.m2/repository/org/glassfish/hk2/hk2-utils/2.5.0/hk2-utils-2.5.0.jar:/home/runner/.m2/repository/org/glassfish/hk2/external/aopalliance-repackaged/2.5.0/aopalliance-repackaged-2.5.0.jar:/home/runner/.m2/repository/com/fasterxml/jackson/dataformat/jackson-dataformat-xml/2.13.2/jackson-dataformat-xml-2.13.2.jar:/home/runner/.m2/repository/com/fasterxml/jackson/core/jackson-core/2.13.2/jackson-core-2.13.2.jar:/home/runner/.m2/repository/org/codehaus/woodstox/stax2-api/3.1.4/stax2-api-3.1.4.jar:/home/runner/.m2/repository/com/fasterxml/woodstox/woodstox-core/5.0.3/woodstox-core-5.0.3.jar:/home/runner/.m2/repository/com/fasterxml/jackson/module/jackson-module-jaxb-annotations/2.13.2/jackson-module-jaxb-annotations-2.13.2.jar:/home/runner/.m2/repository/jakarta/xml/bind/jakarta.xml.bind-api/2.3.3/jakarta.xml.bind-api-2.3.3.jar:/home/runner/.m2/repository/jakarta/activation/jakarta.activation-api/1.2.1/jakarta.activation-api-1.2.1.jar:/home/runner/.m2/repository/javax/enterprise/cdi-api/1.2/cdi-api-1.2.jar:/home/runner/.m2/repository/javax/el/javax.el-api/3.0.0/javax.el-api-3.0.0.jar:/home/runner/.m2/repository/javax/interceptor/javax.interceptor-api/1.2/javax.interceptor-api-1.2.jar:/home/runner/.m2/repository/javax/inject/javax.inject/1/javax.inject-1.jar:/home/runner/.m2/repository/javax/xml/bind/jaxb-api/2.3.0/jaxb-api-2.3.0.jar:/home/runner/.m2/repository/org/glassfish/jaxb/jaxb-runtime/2.3.0.1/jaxb-runtime-2.3.0.1.jar:/home/runner/.m2/repository/org/glassfish/jaxb/jaxb-core/2.3.0.1/jaxb-core-2.3.0.1.jar:/home/runner/.m2/repository/org/glassfish/jaxb/txw2/2.3.0.1/txw2-2.3.0.1.jar:/home/runner/.m2/repository/com/sun/istack/istack-commons-runtime/3.0.5/istack-commons-runtime-3.0.5.jar:/home/runner/.m2/repository/org/jvnet/staxex/stax-ex/1.7.8/stax-ex-1.7.8.jar:/home/runner/.m2/repository/com/sun/xml/fastinfoset/FastInfoset/1.2.13/FastInfoset-1.2.13.jar:/home/runner/.m2/repository/javax/activation/activation/1.1.1/activation-1.1.1.jar:/home/runner/.m2/repository/io/grpc/grpc-protobuf/1.44.0/grpc-protobuf-1.44.0.jar:/home/runner/.m2/repository/io/grpc/grpc-api/1.44.0/grpc-api-1.44.0.jar:/home/runner/.m2/repository/io/grpc/grpc-context/1.44.0/grpc-context-1.44.0.jar:/home/runner/.m2/repository/com/google/api/grpc/proto-google-common-protos/2.0.1/proto-google-common-protos-2.0.1.jar:/home/runner/.m2/repository/io/grpc/grpc-protobuf-lite/1.44.0/grpc-protobuf-lite-1.44.0.jar:/home/runner/.m2/repository/io/grpc/grpc-stub/1.44.0/grpc-stub-1.44.0.jar:/home/runner/.m2/repository/io/netty/netty-transport/4.1.79.Final/netty-transport-4.1.79.Final.jar:/home/runner/.m2/repository/io/netty/netty-resolver/4.1.79.Final/netty-resolver-4.1.79.Final.jar:/home/runner/.m2/repository/org/apache/ozone/ozone-csi/1.3.0-SNAPSHOT/ozone-csi-1.3.0-SNAPSHOT.jar:/home/runner/.m2/repository/com/google/protobuf/protobuf-java-util/3.19.2/protobuf-java-util-3.19.2.jar:/home/runner/.m2/repository/com/google/code/gson/gson/2.9.0/gson-2.9.0.jar:/home/runner/.m2/repository/org/apache/ozone/hdds-config/1.3.0-SNAPSHOT/hdds-config-1.3.0-SNAPSHOT.jar:/home/runner/.m2/repository/io/netty/netty-transport-native-epoll/4.1.79.Final/netty-transport-native-epoll-4.1.79.Final-linux-x86_64.jar:/home/runner/.m2/repository/io/netty/netty-transport-classes-epoll/4.1.79.Final/netty-transport-classes-epoll-4.1.79.Final.jar:/home/runner/.m2/repository/io/netty/netty-transport-native-unix-common/4.1.79.Final/netty-transport-native-unix-common-4.1.79.Final.jar:/home/runner/.m2/repository/org/apache/ozone/ozone-recon/1.3.0-SNAPSHOT/ozone-recon-1.3.0-SNAPSHOT.jar:/home/runner/.m2/repository/org/apache/ozone/ozone-reconcodegen/1.3.0-SNAPSHOT/ozone-reconcodegen-1.3.0-SNAPSHOT.jar:/home/runner/.m2/repository/com/google/inject/extensions/guice-multibindings/4.0/guice-multibindings-4.0.jar:/home/runner/.m2/repository/com/google/inject/guice/4.0/guice-4.0.jar:/home/runner/.m2/repository/aopalliance/aopalliance/1.0/aopalliance-1.0.jar:/home/runner/.m2/repository/com/google/inject/extensions/guice-assistedinject/4.0/guice-assistedinject-4.0.jar:/home/runner/.m2/repository/com/google/inject/extensions/guice-servlet/4.0/guice-servlet-4.0.jar:/home/runner/.m2/repository/org/glassfish/jersey/containers/jersey-container-servlet/2.33/jersey-container-servlet-2.33.jar:/home/runner/.m2/repository/org/glassfish/hk2/guice-bridge/2.5.0/guice-bridge-2.5.0.jar:/home/runner/.m2/repository/org/glassfish/jersey/core/jersey-server/2.33/jersey-server-2.33.jar:/home/runner/.m2/repository/org/glassfish/jersey/core/jersey-client/2.33/jersey-client-2.33.jar:/home/runner/.m2/repository/jakarta/annotation/jakarta.annotation-api/1.3.5/jakarta.annotation-api-1.3.5.jar:/home/runner/.m2/repository/jakarta/validation/jakarta.validation-api/2.0.2/jakarta.validation-api-2.0.2.jar:/home/runner/.m2/repository/org/glassfish/jersey/media/jersey-media-json-jackson/2.33/jersey-media-json-jackson-2.33.jar:/home/runner/.m2/repository/org/glassfish/jersey/ext/jersey-entity-filtering/2.33/jersey-entity-filtering-2.33.jar:/home/runner/.m2/repository/org/jooq/jooq/3.11.10/jooq-3.11.10.jar:/home/runner/.m2/repository/org/jooq/jooq-meta/3.11.10/jooq-meta-3.11.10.jar:/home/runner/.m2/repository/org/jooq/jooq-codegen/3.11.10/jooq-codegen-3.11.10.jar:/home/runner/.m2/repository/com/jolbox/bonecp/0.8.0.RELEASE/bonecp-0.8.0.RELEASE.jar:/home/runner/.m2/repository/org/apache/derby/derby/10.14.2.0/derby-10.14.2.0.jar:/home/runner/.m2/repository/org/xerial/sqlite-jdbc/3.25.2/sqlite-jdbc-3.25.2.jar:/home/runner/.m2/repository/org/springframework/spring-jdbc/5.2.20.RELEASE/spring-jdbc-5.2.20.RELEASE.jar:/home/runner/.m2/repository/org/springframework/spring-beans/5.2.20.RELEASE/spring-beans-5.2.20.RELEASE.jar:/home/runner/.m2/repository/org/springframework/spring-core/5.2.20.RELEASE/spring-core-5.2.20.RELEASE.jar:/home/runner/.m2/repository/org/springframework/spring-jcl/5.2.20.RELEASE/spring-jcl-5.2.20.RELEASE.jar:/home/runner/.m2/repository/org/springframework/spring-tx/5.2.20.RELEASE/spring-tx-5.2.20.RELEASE.jar:/home/runner/.m2/repository/org/apache/ozone/ozone-client/1.3.0-SNAPSHOT/ozone-client-1.3.0-SNAPSHOT.jar:/home/runner/.m2/repository/org/apache/ozone/hdds-erasurecode/1.3.0-SNAPSHOT/hdds-erasurecode-1.3.0-SNAPSHOT.jar:/home/runner/.m2/repository/com/github/spotbugs/spotbugs-annotations/3.1.12/spotbugs-annotations-3.1.12.jar:/home/runner/.m2/repository/org/apache/ozone/ozone-filesystem/1.3.0-SNAPSHOT/ozone-filesystem-1.3.0-SNAPSHOT.jar:/home/runner/.m2/repository/org/apache/ozone/ozone-filesystem-common/1.3.0-SNAPSHOT/ozone-filesystem-common-1.3.0-SNAPSHOT.jar:/home/runner/.m2/repository/org/apache/ozone/ozone-tools/1.3.0-SNAPSHOT/ozone-tools-1.3.0-SNAPSHOT.jar:/home/runner/.m2/repository/org/apache/ratis/ratis-tools/2.3.0/ratis-tools-2.3.0.jar:/home/runner/.m2/repository/com/amazonaws/aws-java-sdk-core/1.12.261/aws-java-sdk-core-1.12.261.jar:/home/runner/.m2/repository/org/apache/httpcomponents/httpclient/4.5.13/httpclient-4.5.13.jar:/home/runner/.m2/repository/org/apache/httpcomponents/httpcore/4.4.13/httpcore-4.4.13.jar:/home/runner/.m2/repository/software/amazon/ion/ion-java/1.0.2/ion-java-1.0.2.jar:/home/runner/.m2/repository/com/fasterxml/jackson/dataformat/jackson-dataformat-cbor/2.13.2/jackson-dataformat-cbor-2.13.2.jar:/home/runner/.m2/repository/joda-time/joda-time/2.8.1/joda-time-2.8.1.jar:/home/runner/.m2/repository/com/amazonaws/aws-java-sdk-s3/1.12.261/aws-java-sdk-s3-1.12.261.jar:/home/runner/.m2/repository/com/amazonaws/aws-java-sdk-kms/1.12.261/aws-java-sdk-kms-1.12.261.jar:/home/runner/.m2/repository/com/amazonaws/jmespath-java/1.12.261/jmespath-java-1.12.261.jar:/home/runner/.m2/repository/org/kohsuke/metainf-services/metainf-services/1.8/metainf-services-1.8.jar:/home/runner/.m2/repository/org/apache/ozone/hdds-tools/1.3.0-SNAPSHOT/hdds-tools-1.3.0-SNAPSHOT.jar:/home/runner/.m2/repository/commons-cli/commons-cli/1.2/commons-cli-1.2.jar:/home/runner/.m2/repository/org/apache/commons/commons-lang3/3.7/commons-lang3-3.7.jar:/home/runner/.m2/repository/org/apache/ozone/ozone-manager/1.3.0-SNAPSHOT/ozone-manager-1.3.0-SNAPSHOT-tests.jar:/home/runner/.m2/repository/org/apache/ozone/hdds-common/1.3.0-SNAPSHOT/hdds-common-1.3.0-SNAPSHOT-tests.jar:/home/runner/.m2/repository/org/apache/ozone/hdds-hadoop-dependency-client/1.3.0-SNAPSHOT/hdds-hadoop-dependency-client-1.3.0-SNAPSHOT.jar:/home/runner/.m2/repository/info/picocli/picocli/4.6.1/picocli-4.6.1.jar:/home/runner/.m2/repository/com/fasterxml/jackson/core/jackson-annotations/2.13.2/jackson-annotations-2.13.2.jar:/home/runner/.m2/repository/com/fasterxml/jackson/datatype/jackson-datatype-jsr310/2.13.2/jackson-datatype-jsr310-2.13.2.jar:/home/runner/.m2/repository/javax/annotation/javax.annotation-api/1.2/javax.annotation-api-1.2.jar:/home/runner/.m2/repository/org/apache/ratis/ratis-server/2.3.0/ratis-server-2.3.0.jar:/home/runner/.m2/repository/org/apache/ratis/ratis-client/2.3.0/ratis-client-2.3.0.jar:/home/runner/.m2/repository/org/apache/ratis/ratis-server-api/2.3.0/ratis-server-api-2.3.0.jar:/home/runner/.m2/repository/org/apache/ratis/ratis-metrics/2.3.0/ratis-metrics-2.3.0.jar:/home/runner/.m2/repository/org/apache/ratis/ratis-netty/2.3.0/ratis-netty-2.3.0.jar:/home/runner/.m2/repository/org/apache/ratis/ratis-grpc/2.3.0/ratis-grpc-2.3.0.jar:/home/runner/.m2/repository/org/apache/logging/log4j/log4j-api/2.17.1/log4j-api-2.17.1.jar:/home/runner/.m2/repository/org/apache/commons/commons-pool2/2.6.0/commons-pool2-2.6.0.jar:/home/runner/.m2/repository/org/bouncycastle/bcpkix-jdk15on/1.67/bcpkix-jdk15on-1.67.jar:/home/runner/.m2/repository/commons-validator/commons-validator/1.6/commons-validator-1.6.jar:/home/runner/.m2/repository/commons-beanutils/commons-beanutils/1.9.4/commons-beanutils-1.9.4.jar:/home/runner/.m2/repository/commons-digester/commons-digester/1.8.1/commons-digester-1.8.1.jar:/home/runner/.m2/repository/commons-collections/commons-collections/3.2.2/commons-collections-3.2.2.jar:/home/runner/.m2/repository/io/jaegertracing/jaeger-client/1.6.0/jaeger-client-1.6.0.jar:/home/runner/.m2/repository/io/jaegertracing/jaeger-thrift/1.6.0/jaeger-thrift-1.6.0.jar:/home/runner/.m2/repository/org/apache/thrift/libthrift/0.14.1/libthrift-0.14.1.jar:/home/runner/.m2/repository/com/squareup/okhttp3/okhttp/4.9.0/okhttp-4.9.0.jar:/home/runner/.m2/repository/com/squareup/okio/okio/2.8.0/okio-2.8.0.jar:/home/runner/.m2/repository/io/jaegertracing/jaeger-core/1.6.0/jaeger-core-1.6.0.jar:/home/runner/.m2/repository/io/jaegertracing/jaeger-tracerresolver/1.6.0/jaeger-tracerresolver-1.6.0.jar:/home/runner/.m2/repository/io/opentracing/contrib/opentracing-tracerresolver/0.1.8/opentracing-tracerresolver-0.1.8.jar:/home/runner/.m2/repository/org/jetbrains/kotlin/kotlin-stdlib/1.6.21/kotlin-stdlib-1.6.21.jar:/home/runner/.m2/repository/org/jetbrains/kotlin/kotlin-stdlib-common/1.6.21/kotlin-stdlib-common-1.6.21.jar:/home/runner/.m2/repository/org/jetbrains/annotations/13.0/annotations-13.0.jar:/home/runner/.m2/repository/io/opentracing/opentracing-util/0.33.0/opentracing-util-0.33.0.jar:/home/runner/.m2/repository/io/opentracing/opentracing-api/0.33.0/opentracing-api-0.33.0.jar:/home/runner/.m2/repository/io/opentracing/opentracing-noop/0.33.0/opentracing-noop-0.33.0.jar:/home/runner/.m2/repository/org/yaml/snakeyaml/1.26/snakeyaml-1.26.jar:/home/runner/.m2/repository/org/apache/ozone/hdds-interface-admin/1.3.0-SNAPSHOT/hdds-interface-admin-1.3.0-SNAPSHOT.jar:/home/runner/.m2/repository/junit/junit/4.13.1/junit-4.13.1.jar:/home/runner/.m2/repository/org/hamcrest/hamcrest-core/1.3/hamcrest-core-1.3.jar:/home/runner/.m2/repository/org/junit/jupiter/junit-jupiter-api/5.8.2/junit-jupiter-api-5.8.2.jar:/home/runner/.m2/repository/org/opentest4j/opentest4j/1.2.0/opentest4j-1.2.0.jar:/home/runner/.m2/repository/org/junit/platform/junit-platform-commons/1.8.2/junit-platform-commons-1.8.2.jar:/home/runner/.m2/repository/org/apiguardian/apiguardian-api/1.1.2/apiguardian-api-1.1.2.jar:/home/runner/.m2/repository/org/junit/jupiter/junit-jupiter-params/5.8.2/junit-jupiter-params-5.8.2.jar:/home/runner/.m2/repository/org/junit/jupiter/junit-jupiter-migrationsupport/5.8.2/junit-jupiter-migrationsupport-5.8.2.jar:/home/runner/.m2/repository/org/junit/jupiter/junit-jupiter-engine/5.8.2/junit-jupiter-engine-5.8.2.jar:/home/runner/.m2/repository/org/junit/platform/junit-platform-engine/1.8.2/junit-platform-engine-1.8.2.jar:/home/runner/.m2/repository/org/junit/vintage/junit-vintage-engine/5.8.2/junit-vintage-engine-5.8.2.jar:/home/runner/.m2/repository/org/junit/platform/junit-platform-launcher/1.8.2/junit-platform-launcher-1.8.2.jar:/home/runner/.m2/repository/org/mockito/mockito-core/2.28.2/mockito-core-2.28.2.jar:/home/runner/.m2/repository/net/bytebuddy/byte-buddy/1.9.10/byte-buddy-1.9.10.jar:/home/runner/.m2/repository/net/bytebuddy/byte-buddy-agent/1.9.10/byte-buddy-agent-1.9.10.jar:/home/runner/.m2/repository/org/objenesis/objenesis/1.0/objenesis-1.0.jar:/home/runner/.m2/repository/org/apache/hadoop/hadoop-kms/3.3.1/hadoop-kms-3.3.1.jar:/home/runner/.m2/repository/org/apache/hadoop/hadoop-auth/3.3.1/hadoop-auth-3.3.1.jar:/home/runner/.m2/repository/com/nimbusds/nimbus-jose-jwt/7.9/nimbus-jose-jwt-7.9.jar:/home/runner/.m2/repository/com/github/stephenc/jcip/jcip-annotations/1.0-1/jcip-annotations-1.0-1.jar:/home/runner/.m2/repository/net/minidev/json-smart/2.4.7/json-smart-2.4.7.jar:/home/runner/.m2/repository/net/minidev/accessors-smart/2.4.7/accessors-smart-2.4.7.jar:/home/runner/.m2/repository/org/ow2/asm/asm/5.0.4/asm-5.0.4.jar:/home/runner/.m2/repository/org/apache/zookeeper/zookeeper/3.5.6/zookeeper-3.5.6.jar:/home/runner/.m2/repository/org/apache/zookeeper/zookeeper-jute/3.5.6/zookeeper-jute-3.5.6.jar:/home/runner/.m2/repository/org/apache/yetus/audience-annotations/0.5.0/audience-annotations-0.5.0.jar:/home/runner/.m2/repository/org/apache/curator/curator-framework/4.2.0/curator-framework-4.2.0.jar:/home/runner/.m2/repository/org/apache/hadoop/thirdparty/hadoop-shaded-guava/1.1.1/hadoop-shaded-guava-1.1.1.jar:/home/runner/.m2/repository/com/sun/jersey/jersey-core/1.19/jersey-core-1.19.jar:/home/runner/.m2/repository/javax/ws/rs/jsr311-api/1.1.1/jsr311-api-1.1.1.jar:/home/runner/.m2/repository/com/sun/jersey/jersey-server/1.19/jersey-server-1.19.jar:/home/runner/.m2/repository/javax/servlet/javax.servlet-api/3.1.0/javax.servlet-api-3.1.0.jar:/home/runner/.m2/repository/org/eclipse/jetty/jetty-server/9.4.43.v20210629/jetty-server-9.4.43.v20210629.jar:/home/runner/.m2/repository/org/eclipse/jetty/jetty-http/9.4.43.v20210629/jetty-http-9.4.43.v20210629.jar:/home/runner/.m2/repository/org/eclipse/jetty/jetty-io/9.4.43.v20210629/jetty-io-9.4.43.v20210629.jar:/home/runner/.m2/repository/org/eclipse/jetty/jetty-webapp/9.4.43.v20210629/jetty-webapp-9.4.43.v20210629.jar:/home/runner/.m2/repository/org/eclipse/jetty/jetty-xml/9.4.43.v20210629/jetty-xml-9.4.43.v20210629.jar:/home/runner/.m2/repository/org/apache/hadoop/hadoop-common/3.3.1/hadoop-common-3.3.1.jar:/home/runner/.m2/repository/org/apache/commons/commons-math3/3.1.1/commons-math3-3.1.1.jar:/home/runner/.m2/repository/commons-net/commons-net/3.6/commons-net-3.6.jar:/home/runner/.m2/repository/com/sun/jersey/jersey-servlet/1.19/jersey-servlet-1.19.jar:/home/runner/.m2/repository/com/sun/jersey/jersey-json/1.19/jersey-json-1.19.jar:/home/runner/.m2/repository/org/codehaus/jettison/jettison/1.1/jettison-1.1.jar:/home/runner/.m2/repository/com/sun/xml/bind/jaxb-impl/2.2.3-1/jaxb-impl-2.2.3-1.jar:/home/runner/.m2/repository/org/codehaus/jackson/jackson-xc/1.9.2/jackson-xc-1.9.2.jar:/home/runner/.m2/repository/org/apache/commons/commons-configuration2/2.1.1/commons-configuration2-2.1.1.jar:/home/runner/.m2/repository/org/apache/commons/commons-text/1.4/commons-text-1.4.jar:/home/runner/.m2/repository/com/google/re2j/re2j/1.1/re2j-1.1.jar:/home/runner/.m2/repository/com/jcraft/jsch/0.1.54/jsch-0.1.54.jar:/home/runner/.m2/repository/org/apache/curator/curator-client/4.2.0/curator-client-4.2.0.jar:/home/runner/.m2/repository/org/apache/curator/curator-recipes/4.2.0/curator-recipes-4.2.0.jar:/home/runner/.m2/repository/org/apache/kerby/kerb-core/1.0.1/kerb-core-1.0.1.jar:/home/runner/.m2/repository/org/apache/kerby/kerby-pkix/1.0.1/kerby-pkix-1.0.1.jar:/home/runner/.m2/repository/org/apache/kerby/kerby-asn1/1.0.1/kerby-asn1-1.0.1.jar:/home/runner/.m2/repository/org/apache/kerby/kerby-util/1.0.1/kerby-util-1.0.1.jar:/home/runner/.m2/repository/dnsjava/dnsjava/2.1.7/dnsjava-2.1.7.jar:/home/runner/.m2/repository/org/xerial/snappy/snappy-java/1.1.8.2/snappy-java-1.1.8.2.jar:/home/runner/.m2/repository/org/slf4j/jul-to-slf4j/1.7.30/jul-to-slf4j-1.7.30.jar:/home/runner/.m2/repository/org/eclipse/jetty/jetty-util/9.4.43.v20210629/jetty-util-9.4.43.v20210629.jar:/home/runner/.m2/repository/com/fasterxml/jackson/core/jackson-databind/2.13.2.2/jackson-databind-2.13.2.2.jar:/home/runner/.m2/repository/org/apache/hadoop/hadoop-kms/3.3.1/hadoop-kms-3.3.1-tests.jar:/home/runner/.m2/repository/org/apache/ozone/hdds-server-scm/1.3.0-SNAPSHOT/hdds-server-scm-1.3.0-SNAPSHOT-tests.jar:/home/runner/.m2/repository/org/apache/ozone/hdds-container-service/1.3.0-SNAPSHOT/hdds-container-service-1.3.0-SNAPSHOT-tests.jar:/home/runner/.m2/repository/commons-codec/commons-codec/1.11/commons-codec-1.11.jar:/home/runner/.m2/repository/io/netty/netty-codec/4.1.79.Final/netty-codec-4.1.79.Final.jar:/home/runner/.m2/repository/io/netty/netty-handler/4.1.79.Final/netty-handler-4.1.79.Final.jar:/home/runner/.m2/repository/org/apache/ozone/hdds-hadoop-dependency-test/1.3.0-SNAPSHOT/hdds-hadoop-dependency-test-1.3.0-SNAPSHOT.jar:/home/runner/.m2/repository/org/apache/hadoop/hadoop-common/3.3.1/hadoop-common-3.3.1-tests.jar:/home/runner/.m2/repository/org/assertj/assertj-core/3.12.2/assertj-core-3.12.2.jar:/home/runner/.m2/repository/org/apache/hadoop/hadoop-hdfs/3.3.1/hadoop-hdfs-3.3.1-tests.jar:/home/runner/.m2/repository/org/eclipse/jetty/jetty-util-ajax/9.4.43.v20210629/jetty-util-ajax-9.4.43.v20210629.jar:/home/runner/.m2/repository/commons-daemon/commons-daemon/1.0.13/commons-daemon-1.0.13.jar:/home/runner/.m2/repository/io/netty/netty/3.10.6.Final/netty-3.10.6.Final.jar:/home/runner/.m2/repository/io/netty/netty-all/4.1.79.Final/netty-all-4.1.79.Final.jar:/home/runner/.m2/repository/io/netty/netty-codec-dns/4.1.79.Final/netty-codec-dns-4.1.79.Final.jar:/home/runner/.m2/repository/io/netty/netty-codec-haproxy/4.1.79.Final/netty-codec-haproxy-4.1.79.Final.jar:/home/runner/.m2/repository/io/netty/netty-codec-memcache/4.1.79.Final/netty-codec-memcache-4.1.79.Final.jar:/home/runner/.m2/repository/io/netty/netty-codec-mqtt/4.1.79.Final/netty-codec-mqtt-4.1.79.Final.jar:/home/runner/.m2/repository/io/netty/netty-codec-redis/4.1.79.Final/netty-codec-redis-4.1.79.Final.jar:/home/runner/.m2/repository/io/netty/netty-codec-smtp/4.1.79.Final/netty-codec-smtp-4.1.79.Final.jar:/home/runner/.m2/repository/io/netty/netty-codec-stomp/4.1.79.Final/netty-codec-stomp-4.1.79.Final.jar:/home/runner/.m2/repository/io/netty/netty-codec-xml/4.1.79.Final/netty-codec-xml-4.1.79.Final.jar:/home/runner/.m2/repository/io/netty/netty-resolver-dns/4.1.79.Final/netty-resolver-dns-4.1.79.Final.jar:/home/runner/.m2/repository/io/netty/netty-transport-rxtx/4.1.79.Final/netty-transport-rxtx-4.1.79.Final.jar:/home/runner/.m2/repository/io/netty/netty-transport-sctp/4.1.79.Final/netty-transport-sctp-4.1.79.Final.jar:/home/runner/.m2/repository/io/netty/netty-transport-udt/4.1.79.Final/netty-transport-udt-4.1.79.Final.jar:/home/runner/.m2/repository/io/netty/netty-transport-classes-kqueue/4.1.79.Final/netty-transport-classes-kqueue-4.1.79.Final.jar:/home/runner/.m2/repository/io/netty/netty-resolver-dns-classes-macos/4.1.79.Final/netty-resolver-dns-classes-macos-4.1.79.Final.jar:/home/runner/.m2/repository/io/netty/netty-transport-native-epoll/4.1.79.Final/netty-transport-native-epoll-4.1.79.Final-linux-aarch_64.jar:/home/runner/.m2/repository/io/netty/netty-transport-native-kqueue/4.1.79.Final/netty-transport-native-kqueue-4.1.79.Final-osx-x86_64.jar:/home/runner/.m2/repository/io/netty/netty-transport-native-kqueue/4.1.79.Final/netty-transport-native-kqueue-4.1.79.Final-osx-aarch_64.jar:/home/runner/.m2/repository/io/netty/netty-resolver-dns-native-macos/4.1.79.Final/netty-resolver-dns-native-macos-4.1.79.Final-osx-x86_64.jar:/home/runner/.m2/repository/io/netty/netty-resolver-dns-native-macos/4.1.79.Final/netty-resolver-dns-native-macos-4.1.79.Final-osx-aarch_64.jar:/home/runner/.m2/repository/org/apache/htrace/htrace-core4/4.1.0-incubating/htrace-core4-4.1.0-incubating.jar:/home/runner/.m2/repository/org/fusesource/leveldbjni/leveldbjni-all/1.8/leveldbjni-all-1.8.jar:/home/runner/.m2/repository/org/apache/hadoop/hadoop-distcp/3.3.1/hadoop-distcp-3.3.1.jar:/home/runner/.m2/repository/org/apache/hadoop/hadoop-mapreduce-client-jobclient/3.3.1/hadoop-mapreduce-client-jobclient-3.3.1.jar:/home/runner/.m2/repository/org/apache/hadoop/hadoop-mapreduce-client-common/3.3.1/hadoop-mapreduce-client-common-3.3.1.jar:/home/runner/.m2/repository/org/apache/hadoop/hadoop-yarn-common/3.3.1/hadoop-yarn-common-3.3.1.jar:/home/runner/.m2/repository/org/apache/hadoop/hadoop-yarn-api/3.3.1/hadoop-yarn-api-3.3.1.jar:/home/runner/.m2/repository/com/sun/jersey/contribs/jersey-guice/1.19/jersey-guice-1.19.jar:/home/runner/.m2/repository/com/fasterxml/jackson/jaxrs/jackson-jaxrs-json-provider/2.13.2/jackson-jaxrs-json-provider-2.13.2.jar:/home/runner/.m2/repository/com/fasterxml/jackson/jaxrs/jackson-jaxrs-base/2.13.2/jackson-jaxrs-base-2.13.2.jar:/home/runner/.m2/repository/org/apache/hadoop/hadoop-yarn-client/3.3.1/hadoop-yarn-client-3.3.1.jar:/home/runner/.m2/repository/org/eclipse/jetty/websocket/websocket-client/9.4.40.v20210413/websocket-client-9.4.40.v20210413.jar:/home/runner/.m2/repository/org/eclipse/jetty/websocket/websocket-common/9.4.40.v20210413/websocket-common-9.4.40.v20210413.jar:/home/runner/.m2/repository/org/eclipse/jetty/websocket/websocket-api/9.4.40.v20210413/websocket-api-9.4.40.v20210413.jar:/home/runner/.m2/repository/org/jline/jline/3.9.0/jline-3.9.0.jar:/home/runner/.m2/repository/org/apache/hadoop/hadoop-mapreduce-client-core/3.3.1/hadoop-mapreduce-client-core-3.3.1.jar:/home/runner/.m2/repository/org/apache/avro/avro/1.7.7/avro-1.7.7.jar:/home/runner/.m2/repository/org/codehaus/jackson/jackson-core-asl/1.9.13/jackson-core-asl-1.9.13.jar:/home/runner/.m2/repository/org/codehaus/jackson/jackson-mapper-asl/1.9.13/jackson-mapper-asl-1.9.13.jar:/home/runner/.m2/repository/com/thoughtworks/paranamer/paranamer/2.3/paranamer-2.3.jar:/home/runner/.m2/repository/org/apache/hadoop/hadoop-annotations/3.3.1/hadoop-annotations-3.3.1.jar:/usr/lib/jvm/temurin-8-jdk-amd64/jre/../lib/tools.jar:/home/runner/.m2/repository/org/apache/hadoop/hadoop-distcp/3.3.1/hadoop-distcp-3.3.1-tests.jar:/home/runner/.m2/repository/org/apache/ratis/ratis-common/2.3.0/ratis-common-2.3.0.jar:/home/runner/.m2/repository/org/apache/ratis/ratis-thirdparty-misc/1.0.0/ratis-thirdparty-misc-1.0.0.jar:/home/runner/.m2/repository/org/apache/ratis/ratis-proto/2.3.0/ratis-proto-2.3.0.jar:/home/runner/.m2/repository/org/apache/ozone/ozone-annotation-processing/1.3.0-SNAPSHOT/ozone-annotation-processing-1.3.0-SNAPSHOT.jar:"/>
    <property name="sun.cpu.endian" value="little"/>
    <property name="user.home" value="/home/runner"/>
    <property name="user.language" value="en"/>
    <property name="java.specification.vendor" value="Oracle Corporation"/>
    <property name="java.home" value="/usr/lib/jvm/temurin-8-jdk-amd64/jre"/>
    <property name="java.security.krb5.conf" value="/home/runner/work/ozone/ozone/hadoop-ozone/integration-test/target/test-classes/krb5.conf"/>
    <property name="basedir" value="/home/runner/work/ozone/ozone/hadoop-ozone/integration-test"/>
    <property name="file.separator" value="/"/>
    <property name="line.separator" value="&#10;"/>
    <property name="java.vm.specification.vendor" value="Oracle Corporation"/>
    <property name="java.specification.name" value="Java Platform API Specification"/>
    <property name="java.awt.graphicsenv" value="sun.awt.X11GraphicsEnvironment"/>
    <property name="skip.installnpx" value="true"/>
    <property name="surefire.fork.timeout" value="3600"/>
    <property name="surefire.real.class.path" value="/home/runner/work/ozone/ozone/hadoop-ozone/integration-test/target/surefire/surefirebooter3080802019907163951.jar:/home/runner/.m2/repository/org/jacoco/org.jacoco.agent/0.8.5/org.jacoco.agent-0.8.5-runtime.jar"/>
    <property name="hadoop.log.dir" value="/home/runner/work/ozone/ozone/hadoop-ozone/integration-test/target/log"/>
    <property name="sun.boot.class.path" value="/usr/lib/jvm/temurin-8-jdk-amd64/jre/lib/resources.jar:/usr/lib/jvm/temurin-8-jdk-amd64/jre/lib/rt.jar:/usr/lib/jvm/temurin-8-jdk-amd64/jre/lib/sunrsasign.jar:/usr/lib/jvm/temurin-8-jdk-amd64/jre/lib/jsse.jar:/usr/lib/jvm/temurin-8-jdk-amd64/jre/lib/jce.jar:/usr/lib/jvm/temurin-8-jdk-amd64/jre/lib/charsets.jar:/usr/lib/jvm/temurin-8-jdk-amd64/jre/lib/jfr.jar:/usr/lib/jvm/temurin-8-jdk-amd64/jre/classes"/>
    <property name="sun.management.compiler" value="HotSpot 64-Bit Tiered Compilers"/>
    <property name="skip.npx" value="true"/>
    <property name="java.runtime.version" value="1.8.0_332-b09"/>
    <property name="java.net.preferIPv4Stack" value="true"/>
    <property name="user.name" value="runner"/>
    <property name="path.separator" value=":"/>
    <property name="java.security.egd" value="file:///dev/urandom"/>
    <property name="os.version" value="5.4.0-1086-azure"/>
    <property name="java.endorsed.dirs" value="/usr/lib/jvm/temurin-8-jdk-amd64/jre/lib/endorsed"/>
    <property name="java.runtime.name" value="OpenJDK Runtime Environment"/>
    <property name="file.encoding" value="UTF-8"/>
    <property name="java.vm.name" value="OpenJDK 64-Bit Server VM"/>
    <property name="test.build.webapps" value=""/>
    <property name="localRepository" value="/home/runner/.m2/repository"/>
    <property name="jetty.git.hash" value="526006ecfa3af7f1a27ef3a288e2bef7ea9dd7e8"/>
    <property name="java.vendor.url.bug" value="https://github.com/adoptium/adoptium-support/issues"/>
    <property name="java.io.tmpdir" value="/tmp"/>
    <property name="require.test.libhadoop" value=""/>
    <property name="surefire.rerunFailingTestsCount" value="5"/>
    <property name="java.version" value="1.8.0_332"/>
    <property name="user.dir" value="/home/runner/work/ozone/ozone/hadoop-ozone/integration-test"/>
    <property name="os.arch" value="amd64"/>
    <property name="java.vm.specification.name" value="Java Virtual Machine Specification"/>
    <property name="test.build.classes" value="/home/runner/work/ozone/ozone/hadoop-ozone/integration-test/target/test-classes"/>
    <property name="java.awt.printerjob" value="sun.print.PSPrinterJob"/>
    <property name="sun.os.patch.level" value="unknown"/>
    <property name="hadoop.tmp.dir" value="/home/runner/work/ozone/ozone/hadoop-ozone/integration-test/target/tmp"/>
    <property name="java.library.path" value="/usr/java/packages/lib/amd64:/usr/lib64:/lib64:/lib:/usr/lib"/>
    <property name="java.vm.info" value="mixed mode"/>
    <property name="java.vendor" value="Temurin"/>
    <property name="java.vm.version" value="25.332-b09"/>
    <property name="java.ext.dirs" value="/usr/lib/jvm/temurin-8-jdk-amd64/jre/lib/ext:/usr/java/packages/lib/ext"/>
    <property name="sun.io.unicode.encoding" value="UnicodeLittle"/>
    <property name="java.class.version" value="52.0"/>
  </properties>
  <testcase name="testLeaderIdAfterLeaderChange" classname="org.apache.hadoop.hdds.scm.TestRatisPipelineLeader" time="0.021">
    <failure type="java.lang.AssertionError"><![CDATA[java.lang.AssertionError
	at org.junit.Assert.fail(Assert.java:87)
	at org.junit.Assert.assertTrue(Assert.java:42)
	at org.junit.Assert.assertTrue(Assert.java:53)
	at org.apache.hadoop.hdds.scm.TestRatisPipelineLeader.testLeaderIdAfterLeaderChange(TestRatisPipelineLeader.java:119)
	at sun.reflect.NativeMethodAccessorImpl.invoke0(Native Method)
	at sun.reflect.NativeMethodAccessorImpl.invoke(NativeMethodAccessorImpl.java:62)
	at sun.reflect.DelegatingMethodAccessorImpl.invoke(DelegatingMethodAccessorImpl.java:43)
	at java.lang.reflect.Method.invoke(Method.java:498)
	at org.junit.platform.commons.util.ReflectionUtils.invokeMethod(ReflectionUtils.java:725)
	at org.junit.jupiter.engine.execution.MethodInvocation.proceed(MethodInvocation.java:60)
	at org.junit.jupiter.engine.execution.InvocationInterceptorChain$ValidatingInvocation.proceed(InvocationInterceptorChain.java:131)
	at org.junit.jupiter.engine.extension.TimeoutInvocation.proceed(TimeoutInvocation.java:46)
	at org.junit.jupiter.engine.extension.TimeoutExtension.intercept(TimeoutExtension.java:149)
	at org.junit.jupiter.engine.extension.TimeoutExtension.interceptTestableMethod(TimeoutExtension.java:140)
	at org.junit.jupiter.engine.extension.TimeoutExtension.interceptTestMethod(TimeoutExtension.java:84)
	at org.junit.jupiter.engine.execution.ExecutableInvoker$ReflectiveInterceptorCall.lambda$ofVoidMethod$0(ExecutableInvoker.java:115)
	at org.junit.jupiter.engine.execution.ExecutableInvoker.lambda$invoke$0(ExecutableInvoker.java:105)
	at org.junit.jupiter.engine.execution.InvocationInterceptorChain$InterceptedInvocation.proceed(InvocationInterceptorChain.java:106)
	at org.junit.jupiter.engine.execution.InvocationInterceptorChain.proceed(InvocationInterceptorChain.java:64)
	at org.junit.jupiter.engine.execution.InvocationInterceptorChain.chainAndInvoke(InvocationInterceptorChain.java:45)
	at org.junit.jupiter.engine.execution.InvocationInterceptorChain.invoke(InvocationInterceptorChain.java:37)
	at org.junit.jupiter.engine.execution.ExecutableInvoker.invoke(ExecutableInvoker.java:104)
	at org.junit.jupiter.engine.execution.ExecutableInvoker.invoke(ExecutableInvoker.java:98)
	at org.junit.jupiter.engine.descriptor.TestMethodTestDescriptor.lambda$invokeTestMethod$7(TestMethodTestDescriptor.java:214)
	at org.junit.platform.engine.support.hierarchical.ThrowableCollector.execute(ThrowableCollector.java:73)
	at org.junit.jupiter.engine.descriptor.TestMethodTestDescriptor.invokeTestMethod(TestMethodTestDescriptor.java:210)
	at org.junit.jupiter.engine.descriptor.TestMethodTestDescriptor.execute(TestMethodTestDescriptor.java:135)
	at org.junit.jupiter.engine.descriptor.TestMethodTestDescriptor.execute(TestMethodTestDescriptor.java:66)
	at org.junit.platform.engine.support.hierarchical.NodeTestTask.lambda$executeRecursively$6(NodeTestTask.java:151)
	at org.junit.platform.engine.support.hierarchical.ThrowableCollector.execute(ThrowableCollector.java:73)
	at org.junit.platform.engine.support.hierarchical.NodeTestTask.lambda$executeRecursively$8(NodeTestTask.java:141)
	at org.junit.platform.engine.support.hierarchical.Node.around(Node.java:137)
	at org.junit.platform.engine.support.hierarchical.NodeTestTask.lambda$executeRecursively$9(NodeTestTask.java:139)
	at org.junit.platform.engine.support.hierarchical.ThrowableCollector.execute(ThrowableCollector.java:73)
	at org.junit.platform.engine.support.hierarchical.NodeTestTask.executeRecursively(NodeTestTask.java:138)
	at org.junit.platform.engine.support.hierarchical.NodeTestTask.execute(NodeTestTask.java:95)
	at java.util.ArrayList.forEach(ArrayList.java:1259)
	at org.junit.platform.engine.support.hierarchical.SameThreadHierarchicalTestExecutorService.invokeAll(SameThreadHierarchicalTestExecutorService.java:41)
	at org.junit.platform.engine.support.hierarchical.NodeTestTask.lambda$executeRecursively$6(NodeTestTask.java:155)
	at org.junit.platform.engine.support.hierarchical.ThrowableCollector.execute(ThrowableCollector.java:73)
	at org.junit.platform.engine.support.hierarchical.NodeTestTask.lambda$executeRecursively$8(NodeTestTask.java:141)
	at org.junit.platform.engine.support.hierarchical.Node.around(Node.java:137)
	at org.junit.platform.engine.support.hierarchical.NodeTestTask.lambda$executeRecursively$9(NodeTestTask.java:139)
	at org.junit.platform.engine.support.hierarchical.ThrowableCollector.execute(ThrowableCollector.java:73)
	at org.junit.platform.engine.support.hierarchical.NodeTestTask.executeRecursively(NodeTestTask.java:138)
	at org.junit.platform.engine.support.hierarchical.NodeTestTask.execute(NodeTestTask.java:95)
	at java.util.ArrayList.forEach(ArrayList.java:1259)
	at org.junit.platform.engine.support.hierarchical.SameThreadHierarchicalTestExecutorService.invokeAll(SameThreadHierarchicalTestExecutorService.java:41)
	at org.junit.platform.engine.support.hierarchical.NodeTestTask.lambda$executeRecursively$6(NodeTestTask.java:155)
	at org.junit.platform.engine.support.hierarchical.ThrowableCollector.execute(ThrowableCollector.java:73)
	at org.junit.platform.engine.support.hierarchical.NodeTestTask.lambda$executeRecursively$8(NodeTestTask.java:141)
	at org.junit.platform.engine.support.hierarchical.Node.around(Node.java:137)
	at org.junit.platform.engine.support.hierarchical.NodeTestTask.lambda$executeRecursively$9(NodeTestTask.java:139)
	at org.junit.platform.engine.support.hierarchical.ThrowableCollector.execute(ThrowableCollector.java:73)
	at org.junit.platform.engine.support.hierarchical.NodeTestTask.executeRecursively(NodeTestTask.java:138)
	at org.junit.platform.engine.support.hierarchical.NodeTestTask.execute(NodeTestTask.java:95)
	at org.junit.platform.engine.support.hierarchical.SameThreadHierarchicalTestExecutorService.submit(SameThreadHierarchicalTestExecutorService.java:35)
	at org.junit.platform.engine.support.hierarchical.HierarchicalTestExecutor.execute(HierarchicalTestExecutor.java:57)
	at org.junit.platform.engine.support.hierarchical.HierarchicalTestEngine.execute(HierarchicalTestEngine.java:54)
	at org.junit.platform.launcher.core.EngineExecutionOrchestrator.execute(EngineExecutionOrchestrator.java:107)
	at org.junit.platform.launcher.core.EngineExecutionOrchestrator.execute(EngineExecutionOrchestrator.java:88)
	at org.junit.platform.launcher.core.EngineExecutionOrchestrator.lambda$execute$0(EngineExecutionOrchestrator.java:54)
	at org.junit.platform.launcher.core.EngineExecutionOrchestrator.withInterceptedStreams(EngineExecutionOrchestrator.java:67)
	at org.junit.platform.launcher.core.EngineExecutionOrchestrator.execute(EngineExecutionOrchestrator.java:52)
	at org.junit.platform.launcher.core.DefaultLauncher.execute(DefaultLauncher.java:114)
	at org.junit.platform.launcher.core.DefaultLauncher.execute(DefaultLauncher.java:86)
	at org.junit.platform.launcher.core.DefaultLauncherSession$DelegatingLauncher.execute(DefaultLauncherSession.java:86)
	at org.junit.platform.launcher.core.SessionPerRequestLauncher.execute(SessionPerRequestLauncher.java:53)
	at org.apache.maven.surefire.junitplatform.JUnitPlatformProvider.execute(JUnitPlatformProvider.java:188)
	at org.apache.maven.surefire.junitplatform.JUnitPlatformProvider.invokeAllTests(JUnitPlatformProvider.java:154)
	at org.apache.maven.surefire.junitplatform.JUnitPlatformProvider.invoke(JUnitPlatformProvider.java:124)
	at org.apache.maven.surefire.booter.ForkedBooter.runSuitesInProcess(ForkedBooter.java:428)
	at org.apache.maven.surefire.booter.ForkedBooter.execute(ForkedBooter.java:162)
	at org.apache.maven.surefire.booter.ForkedBooter.run(ForkedBooter.java:562)
	at org.apache.maven.surefire.booter.ForkedBooter.main(ForkedBooter.java:548)
]]></failure>
    <system-out><![CDATA[2022-08-04 23:29:36,340 [main] WARN  server.ServerUtils (ServerUtils.java:getScmDbDir(148)) - ozone.scm.db.dirs is not configured. We recommend adding this setting. Falling back to ozone.metadata.dirs instead.
2022-08-04 23:29:36,429 [main] WARN  server.ServerUtils (ServerUtils.java:getScmDbDir(148)) - ozone.scm.db.dirs is not configured. We recommend adding this setting. Falling back to ozone.metadata.dirs instead.
2022-08-04 23:29:36,441 [main] INFO  ha.SCMHANodeDetails (SCMHANodeDetails.java:loadSCMHAConfig(209)) - ServiceID for StorageContainerManager is null
2022-08-04 23:29:36,452 [main] WARN  ha.SCMHANodeDetails (SCMHANodeDetails.java:validateSCMHAConfig(182)) - Invalid config ozone.scm.ratis.enable. The config was not specified, but the default value true conflicts with the expected config value false. Falling back to the expected value. Current State of SCM: SCM is running in Non-HA without Ratis Ratis SCM -> Non Ratis SCM or Non HA SCM -> HA SCM is not supported
2022-08-04 23:29:36,452 [main] INFO  ha.SCMHANodeDetails (SCMHANodeDetails.java:loadSCMHAConfig(214)) - ozone.scm.default.service.id is not defined, falling back to ozone.scm.service.ids to find serviceID for StorageContainerManager if it is HA enabled cluster
2022-08-04 23:29:36,901 [main] WARN  utils.HAUtils (HAUtils.java:getMetaDir(342)) - ozone.scm.db.dirs is not configured. We recommend adding this setting. Falling back to ozone.metadata.dirs instead.
2022-08-04 23:29:37,045 [main] WARN  db.DBStoreBuilder (DBStoreBuilder.java:applyDBDefinition(145)) - ozone.scm.db.dirs is not configured. We recommend adding this setting. Falling back to ozone.metadata.dirs instead.
2022-08-04 23:29:37,281 [main] INFO  net.NodeSchemaLoader (NodeSchemaLoader.java:loadSchemaFromFile(129)) - Loading schema from [jar:file:/home/runner/.m2/repository/org/apache/ozone/hdds-common/1.3.0-SNAPSHOT/hdds-common-1.3.0-SNAPSHOT.jar!/network-topology-default.xml]
2022-08-04 23:29:37,283 [main] INFO  net.NodeSchemaLoader (NodeSchemaLoader.java:loadSchema(176)) - Loading network topology layer schema file
2022-08-04 23:29:37,326 [main] INFO  metrics.MetricRegistries (MetricRegistriesLoader.java:load(64)) - Loaded MetricRegistries class org.apache.ratis.metrics.impl.MetricRegistriesImpl
2022-08-04 23:29:37,332 [main] INFO  upgrade.AbstractLayoutVersionManager (AbstractLayoutVersionManager.java:init(83)) - Initializing Layout version manager with metadata layout = DATANODE_SCHEMA_V3 (version = 4), software layout = DATANODE_SCHEMA_V3 (version = 4)
2022-08-04 23:29:37,557 [main] INFO  reflections.Reflections (Reflections.java:scan(232)) - Reflections took 144 ms to scan 7 urls, producing 132 keys and 321 values 
2022-08-04 23:29:37,662 [main] INFO  ha.SequenceIdGenerator (SequenceIdGenerator.java:upgradeToSequenceId(349)) - upgrade localId to 109611004723200000
2022-08-04 23:29:37,663 [main] INFO  ha.SequenceIdGenerator (SequenceIdGenerator.java:upgradeToSequenceId(359)) - upgrade delTxnId to 0
2022-08-04 23:29:37,666 [main] INFO  ha.SequenceIdGenerator (SequenceIdGenerator.java:upgradeToSequenceId(376)) - upgrade containerId to 0
2022-08-04 23:29:37,667 [main] INFO  ha.SequenceIdGenerator (SequenceIdGenerator.java:<init>(220)) - Init the HA SequenceIdGenerator.
2022-08-04 23:29:37,705 [main] WARN  server.ServerUtils (ServerUtils.java:sanitizeUserArgs(73)) - ozone.scm.stale.node.interval value = 300000 is larger than max = 100000 based on the key value of ozone.scm.heartbeat.thread.interval, reset to the max value 100000.
2022-08-04 23:29:37,705 [main] WARN  server.ServerUtils (ServerUtils.java:sanitizeUserArgs(73)) - ozone.scm.stale.node.interval value = 300000 is larger than max = 100000 based on the key value of ozone.scm.heartbeat.thread.interval, reset to the max value 100000.
2022-08-04 23:29:37,710 [main] INFO  node.SCMNodeManager (SCMNodeManager.java:<init>(149)) - Entering startup safe mode.
2022-08-04 23:29:37,773 [main] INFO  algorithms.ContainerPlacementPolicyFactory (ContainerPlacementPolicyFactory.java:getPolicyInternal(86)) - Create container placement policy of type org.apache.hadoop.hdds.scm.container.placement.algorithms.SCMContainerPlacementRandom
2022-08-04 23:29:37,783 [main] INFO  algorithms.ContainerPlacementPolicyFactory (ContainerPlacementPolicyFactory.java:getPolicyInternal(86)) - Create container placement policy of type org.apache.hadoop.hdds.scm.container.placement.algorithms.SCMContainerPlacementRackScatter
2022-08-04 23:29:37,792 [main] INFO  pipeline.PipelineStateManagerImpl (PipelineStateManagerImpl.java:initialize(78)) - No pipeline exists in current db
2022-08-04 23:29:37,829 [main] INFO  algorithms.LeaderChoosePolicyFactory (LeaderChoosePolicyFactory.java:getPolicy(57)) - Create leader choose policy of type org.apache.hadoop.hdds.scm.pipeline.leader.choose.algorithms.MinLeaderCountChoosePolicy
2022-08-04 23:29:37,829 [main] INFO  algorithms.ContainerPlacementPolicyFactory (ContainerPlacementPolicyFactory.java:getPolicyInternal(86)) - Create container placement policy of type org.apache.hadoop.hdds.scm.container.placement.algorithms.SCMContainerPlacementRackScatter
2022-08-04 23:29:37,835 [main] INFO  ha.SCMServiceManager (SCMServiceManager.java:register(42)) - Registering service BackgroundPipelineCreator.
2022-08-04 23:29:37,835 [main] INFO  pipeline.BackgroundPipelineCreator (BackgroundPipelineCreator.java:start(124)) - Starting RatisPipelineUtilsThread.
2022-08-04 23:29:37,839 [main] INFO  BackgroundPipelineScrubber (BackgroundSCMService.java:start(68)) - Starting BackgroundPipelineScrubber Service.
2022-08-04 23:29:37,840 [main] INFO  ha.SCMServiceManager (SCMServiceManager.java:register(42)) - Registering service BackgroundPipelineScrubber.
2022-08-04 23:29:37,847 [main] INFO  ExpiredContainerReplicaOpScrubber (BackgroundSCMService.java:start(68)) - Starting ExpiredContainerReplicaOpScrubber Service.
2022-08-04 23:29:37,847 [main] INFO  ha.SCMServiceManager (SCMServiceManager.java:register(42)) - Registering service ExpiredContainerReplicaOpScrubber.
2022-08-04 23:29:37,878 [main] INFO  algorithms.PipelineChoosePolicyFactory (PipelineChoosePolicyFactory.java:createPipelineChoosePolicyFromClass(73)) - Create pipeline choose policy of type org.apache.hadoop.hdds.scm.pipeline.choose.algorithms.RandomPipelineChoosePolicy
2022-08-04 23:29:37,899 [main] INFO  ha.SCMServiceManager (SCMServiceManager.java:register(42)) - Registering service SCMBlockDeletingService.
2022-08-04 23:29:37,937 [main] INFO  replication.ReplicationManager (ReplicationManager.java:start(200)) - Starting Replication Monitor Thread.
2022-08-04 23:29:37,950 [main] INFO  UnderReplicatedQueueThread (BackgroundSCMService.java:start(68)) - Starting UnderReplicatedQueueThread Service.
2022-08-04 23:29:37,951 [ReplicationMonitor] INFO  replication.ReplicationManager (ReplicationManager.java:processAll(249)) - Replication Manager is not ready to run until 3000ms after safemode exit
2022-08-04 23:29:37,951 [main] INFO  ha.SCMServiceManager (SCMServiceManager.java:register(42)) - Registering service UnderReplicatedQueueThread.
2022-08-04 23:29:37,952 [main] INFO  OverReplicatedQueueThread (BackgroundSCMService.java:start(68)) - Starting OverReplicatedQueueThread Service.
2022-08-04 23:29:37,953 [main] INFO  ha.SCMServiceManager (SCMServiceManager.java:register(42)) - Registering service OverReplicatedQueueThread.
2022-08-04 23:29:37,953 [main] INFO  ha.SCMServiceManager (SCMServiceManager.java:register(42)) - Registering service ReplicationManager.
2022-08-04 23:29:37,965 [main] INFO  safemode.ContainerSafeModeRule (ContainerSafeModeRule.java:<init>(89)) - containers with one replica threshold count 0
2022-08-04 23:29:37,970 [main] INFO  safemode.HealthyPipelineSafeModeRule (HealthyPipelineSafeModeRule.java:initializeRule(169)) - Total pipeline count is 0, healthy pipeline threshold count is 1
2022-08-04 23:29:37,972 [main] INFO  safemode.OneReplicaPipelineSafeModeRule (OneReplicaPipelineSafeModeRule.java:initializeRule(180)) - Total pipeline count is 0, pipeline's with at least one datanode reported threshold count is 0
2022-08-04 23:29:38,265 [main] INFO  audit.AuditLogger (AuditLogger.java:refreshDebugCmdSet(126)) - Refresh DebugCmdSet for SCMAudit to [].
2022-08-04 23:29:38,294 [main] INFO  ipc.CallQueueManager (CallQueueManager.java:<init>(90)) - Using callQueue: class java.util.concurrent.LinkedBlockingQueue, queueCapacity: 2000, scheduler: class org.apache.hadoop.ipc.DefaultRpcScheduler, ipcBackoff: false.
2022-08-04 23:29:38,331 [Socket Reader #1 for port 0] INFO  ipc.Server (Server.java:run(1265)) - Starting Socket Reader #1 for port 0
2022-08-04 23:29:38,387 [Listener at 0.0.0.0/41655] INFO  audit.AuditLogger (AuditLogger.java:refreshDebugCmdSet(126)) - Refresh DebugCmdSet for SCMAudit to [].
2022-08-04 23:29:38,393 [Listener at 0.0.0.0/41655] INFO  ipc.CallQueueManager (CallQueueManager.java:<init>(90)) - Using callQueue: class java.util.concurrent.LinkedBlockingQueue, queueCapacity: 2000, scheduler: class org.apache.hadoop.ipc.DefaultRpcScheduler, ipcBackoff: false.
2022-08-04 23:29:38,394 [Socket Reader #1 for port 0] INFO  ipc.Server (Server.java:run(1265)) - Starting Socket Reader #1 for port 0
2022-08-04 23:29:38,420 [Listener at 0.0.0.0/41747] INFO  audit.AuditLogger (AuditLogger.java:refreshDebugCmdSet(126)) - Refresh DebugCmdSet for SCMAudit to [].
2022-08-04 23:29:38,431 [Listener at 0.0.0.0/41747] INFO  ipc.CallQueueManager (CallQueueManager.java:<init>(90)) - Using callQueue: class java.util.concurrent.LinkedBlockingQueue, queueCapacity: 2000, scheduler: class org.apache.hadoop.ipc.DefaultRpcScheduler, ipcBackoff: false.
2022-08-04 23:29:38,432 [Socket Reader #1 for port 0] INFO  ipc.Server (Server.java:run(1265)) - Starting Socket Reader #1 for port 0
2022-08-04 23:29:38,484 [Listener at 0.0.0.0/34307] INFO  ha.SCMServiceManager (SCMServiceManager.java:register(42)) - Registering service ContainerBalancer.
2022-08-04 23:29:38,485 [Listener at 0.0.0.0/34307] INFO  server.StorageContainerManager (StorageContainerManager.java:<init>(406)) - 
Container Balancer status:
Key                            Value
Running                        false
Container Balancer Configuration values:
Key                                                Value
Threshold                                          10
Max Datanodes to Involve per Iteration(percent)    20
Max Size to Move per Iteration                     500GB
Max Size Entering Target per Iteration             26GB
Max Size Leaving Source per Iteration              26GB

2022-08-04 23:29:38,485 [Listener at 0.0.0.0/34307] WARN  events.EventQueue (EventQueue.java:fireEvent(216)) - No event handler registered for event TypedEvent{payloadType=SafeModeStatus, name='Safe mode status'}
2022-08-04 23:29:38,485 [Listener at 0.0.0.0/34307] INFO  ha.SCMContext (SCMContext.java:updateSafeModeStatus(228)) - Update SafeModeStatus from SafeModeStatus{safeModeStatus=true, preCheckPassed=false} to SafeModeStatus{safeModeStatus=true, preCheckPassed=false}.
2022-08-04 23:29:38,488 [Listener at 0.0.0.0/34307] INFO  server.StorageContainerManager (StorageContainerManager.java:start(1460)) - StorageContainerLocationProtocol RPC server is listening at /0.0.0.0:34307
2022-08-04 23:29:38,557 [Listener at 0.0.0.0/34307] WARN  impl.MetricsConfig (MetricsConfig.java:loadFirst(136)) - Cannot locate configuration: tried hadoop-metrics2-storagecontainermanager.properties,hadoop-metrics2.properties
2022-08-04 23:29:38,568 [Listener at 0.0.0.0/34307] INFO  impl.MetricsSystemImpl (MetricsSystemImpl.java:startTimer(378)) - Scheduled Metric snapshot period at 10 second(s).
2022-08-04 23:29:38,568 [Listener at 0.0.0.0/34307] INFO  impl.MetricsSystemImpl (MetricsSystemImpl.java:start(191)) - StorageContainerManager metrics system started
2022-08-04 23:29:38,873 [Listener at 0.0.0.0/34307] INFO  server.SCMClientProtocolServer (SCMClientProtocolServer.java:start(170)) - RPC server for Client  is listening at /0.0.0.0:34307
2022-08-04 23:29:38,875 [IPC Server Responder] INFO  ipc.Server (Server.java:run(1507)) - IPC Server Responder: starting
2022-08-04 23:29:38,880 [IPC Server listener on 0] INFO  ipc.Server (Server.java:run(1344)) - IPC Server listener on 0: starting
2022-08-04 23:29:38,887 [Listener at 0.0.0.0/34307] INFO  server.StorageContainerManager (StorageContainerManager.java:start(1475)) - ScmBlockLocationProtocol RPC server is listening at /0.0.0.0:41747
2022-08-04 23:29:38,887 [Listener at 0.0.0.0/34307] INFO  server.SCMBlockProtocolServer (SCMBlockProtocolServer.java:start(152)) - RPC server for Block Protocol is listening at /0.0.0.0:41747
2022-08-04 23:29:38,887 [IPC Server Responder] INFO  ipc.Server (Server.java:run(1507)) - IPC Server Responder: starting
2022-08-04 23:29:38,888 [IPC Server listener on 0] INFO  ipc.Server (Server.java:run(1344)) - IPC Server listener on 0: starting
2022-08-04 23:29:38,889 [Listener at 0.0.0.0/34307] INFO  server.SCMDatanodeProtocolServer (SCMDatanodeProtocolServer.java:start(186)) - ScmDatanodeProtocol RPC server for DataNodes is listening at /0.0.0.0:41655
2022-08-04 23:29:38,890 [IPC Server Responder] INFO  ipc.Server (Server.java:run(1507)) - IPC Server Responder: starting
2022-08-04 23:29:38,890 [IPC Server listener on 0] INFO  ipc.Server (Server.java:run(1344)) - IPC Server listener on 0: starting
2022-08-04 23:29:38,912 [org.apache.hadoop.util.JvmPauseMonitor$Monitor@655f92a1] INFO  util.JvmPauseMonitor (JvmPauseMonitor.java:run(188)) - Starting JVM pause monitor
2022-08-04 23:29:38,922 [Listener at 0.0.0.0/34307] INFO  http.BaseHttpServer (BaseHttpServer.java:newHttpServer2BuilderForOzone(209)) - Starting Web-server for scm at: http://0.0.0.0:0
2022-08-04 23:29:38,922 [Listener at 0.0.0.0/34307] INFO  http.BaseHttpServer (BaseHttpServer.java:<init>(107)) - Hadoop Security Enabled: false Ozone Security Enabled: false Ozone HTTP Security Enabled: false 
2022-08-04 23:29:38,947 [Listener at 0.0.0.0/34307] INFO  util.log (Log.java:initialized(170)) - Logging initialized @3941ms to org.eclipse.jetty.util.log.Slf4jLog
2022-08-04 23:29:39,043 [Listener at 0.0.0.0/34307] INFO  server.AuthenticationFilter (AuthenticationFilter.java:constructSecretProvider(240)) - Unable to initialize FileSignerSecretProvider, falling back to use random secrets.
2022-08-04 23:29:39,051 [Listener at 0.0.0.0/34307] WARN  http.HttpRequestLog (HttpRequestLog.java:getRequestLog(103)) - Jetty request log can only be enabled using Log4j
2022-08-04 23:29:39,057 [Listener at 0.0.0.0/34307] INFO  http.HttpServer2 (HttpServer2.java:addGlobalFilter(1029)) - Added global filter 'safety' (class=org.apache.hadoop.hdds.server.http.HttpServer2$QuotingInputFilter)
2022-08-04 23:29:39,059 [Listener at 0.0.0.0/34307] INFO  http.HttpServer2 (HttpServer2.java:addFilter(1005)) - Added filter static_user_filter (class=org.apache.hadoop.http.lib.StaticUserWebFilter$StaticUserFilter) to context scm
2022-08-04 23:29:39,059 [Listener at 0.0.0.0/34307] INFO  http.HttpServer2 (HttpServer2.java:addFilter(1013)) - Added filter static_user_filter (class=org.apache.hadoop.http.lib.StaticUserWebFilter$StaticUserFilter) to context logs
2022-08-04 23:29:39,060 [Listener at 0.0.0.0/34307] INFO  http.HttpServer2 (HttpServer2.java:addFilter(1013)) - Added filter static_user_filter (class=org.apache.hadoop.http.lib.StaticUserWebFilter$StaticUserFilter) to context static
2022-08-04 23:29:39,098 [Listener at 0.0.0.0/34307] INFO  http.HttpServer2 (HttpServer2.java:bindListener(1248)) - Jetty bound to port 44449
2022-08-04 23:29:39,099 [Listener at 0.0.0.0/34307] INFO  server.Server (Server.java:doStart(375)) - jetty-9.4.43.v20210629; built: 2021-06-30T11:07:22.254Z; git: 526006ecfa3af7f1a27ef3a288e2bef7ea9dd7e8; jvm 1.8.0_332-b09
2022-08-04 23:29:39,132 [Listener at 0.0.0.0/34307] INFO  server.session (DefaultSessionIdManager.java:doStart(334)) - DefaultSessionIdManager workerName=node0
2022-08-04 23:29:39,132 [Listener at 0.0.0.0/34307] INFO  server.session (DefaultSessionIdManager.java:doStart(339)) - No SessionScavenger set, using defaults
2022-08-04 23:29:39,134 [Listener at 0.0.0.0/34307] INFO  server.session (HouseKeeper.java:startScavenging(132)) - node0 Scavenging every 600000ms
2022-08-04 23:29:39,146 [Listener at 0.0.0.0/34307] INFO  handler.ContextHandler (ContextHandler.java:doStart(915)) - Started o.e.j.s.ServletContextHandler@a74c940{logs,/logs,file:///home/runner/work/ozone/ozone/hadoop-ozone/integration-test/target/log,AVAILABLE}
2022-08-04 23:29:39,147 [Listener at 0.0.0.0/34307] INFO  handler.ContextHandler (ContextHandler.java:doStart(915)) - Started o.e.j.s.ServletContextHandler@3c65f2e1{static,/static,file:///home/runner/work/ozone/ozone/hadoop-ozone/integration-test/target/test-classes/webapps/static,AVAILABLE}
2022-08-04 23:29:39,201 [Listener at 0.0.0.0/34307] INFO  handler.ContextHandler (ContextHandler.java:doStart(915)) - Started o.e.j.w.WebAppContext@761f1a28{scm,/,file:///home/runner/work/ozone/ozone/hadoop-ozone/integration-test/target/test-classes/webapps/scm/,AVAILABLE}{file:/home/runner/work/ozone/ozone/hadoop-ozone/integration-test/target/test-classes/webapps/scm}
2022-08-04 23:29:39,214 [Listener at 0.0.0.0/34307] INFO  server.AbstractConnector (AbstractConnector.java:doStart(331)) - Started ServerConnector@21f94fe3{HTTP/1.1, (http/1.1)}{0.0.0.0:44449}
2022-08-04 23:29:39,215 [Listener at 0.0.0.0/34307] INFO  server.Server (Server.java:doStart(415)) - Started @4208ms
2022-08-04 23:29:39,217 [Listener at 0.0.0.0/34307] INFO  impl.MetricsSinkAdapter (MetricsSinkAdapter.java:start(204)) - Sink prometheus started
2022-08-04 23:29:39,217 [Listener at 0.0.0.0/34307] INFO  impl.MetricsSystemImpl (MetricsSystemImpl.java:registerSink(305)) - Registered sink prometheus
2022-08-04 23:29:39,219 [Listener at 0.0.0.0/34307] INFO  http.BaseHttpServer (BaseHttpServer.java:updateConnectorAddress(329)) - HTTP server of scm listening at http://0.0.0.0:44449
2022-08-04 23:29:39,220 [Listener at 0.0.0.0/34307] WARN  server.ServerUtils (ServerUtils.java:getDBPath(225)) - ozone.om.db.dirs is not configured. We recommend adding this setting. Falling back to ozone.metadata.dirs instead.
2022-08-04 23:29:39,278 [Listener at 0.0.0.0/34307] INFO  audit.AuditLogger (AuditLogger.java:refreshDebugCmdSet(126)) - Refresh DebugCmdSet for OMAudit to [].
2022-08-04 23:29:39,357 [Listener at 0.0.0.0/34307] INFO  ha.OMHANodeDetails (OMHANodeDetails.java:loadOMHAConfig(115)) - ozone.om.internal.service.id is not defined, falling back to ozone.om.service.ids to find serviceID for OzoneManager if it is HA enabled cluster
2022-08-04 23:29:39,360 [Listener at 0.0.0.0/34307] INFO  ha.OMHANodeDetails (OMHANodeDetails.java:loadOMHAConfig(226)) - Configuration does not have ozone.om.address set. Falling back to the default OM address /127.0.0.1:0
2022-08-04 23:29:39,360 [Listener at 0.0.0.0/34307] INFO  ha.OMHANodeDetails (OMHANodeDetails.java:getOMNodeDetailsForNonHA(254)) - OM Service ID is not set. Setting it to the default ID: omServiceIdDefault
2022-08-04 23:29:39,360 [Listener at 0.0.0.0/34307] INFO  ha.OMHANodeDetails (OMHANodeDetails.java:getOMNodeDetailsForNonHA(261)) - OM Node ID is not set. Setting it to the default ID: om1
2022-08-04 23:29:39,364 [Listener at 0.0.0.0/34307] WARN  server.ServerUtils (ServerUtils.java:getDBPath(225)) - ozone.om.db.dirs is not configured. We recommend adding this setting. Falling back to ozone.metadata.dirs instead.
2022-08-04 23:29:39,366 [Listener at 0.0.0.0/34307] INFO  upgrade.AbstractLayoutVersionManager (AbstractLayoutVersionManager.java:init(83)) - Initializing Layout version manager with metadata layout = MULTITENANCY_SCHEMA (version = 3), software layout = MULTITENANCY_SCHEMA (version = 3)
2022-08-04 23:29:39,452 [Listener at 0.0.0.0/34307] INFO  reflections.Reflections (Reflections.java:scan(232)) - Reflections took 81 ms to scan 2 urls, producing 153 keys and 425 values [using 2 cores]
2022-08-04 23:29:39,456 [Listener at 0.0.0.0/34307] INFO  upgrade.OMLayoutVersionManager (OMLayoutVersionManager.java:lambda$0(115)) - Skipping Upgrade Action MockOmUpgradeAction since it has been finalized.
2022-08-04 23:29:39,457 [Listener at 0.0.0.0/34307] WARN  server.ServerUtils (ServerUtils.java:getDBPath(225)) - ozone.om.db.dirs is not configured. We recommend adding this setting. Falling back to ozone.metadata.dirs instead.
2022-08-04 23:29:39,605 [Listener at 0.0.0.0/34307] INFO  proxy.SCMBlockLocationFailoverProxyProvider (SCMBlockLocationFailoverProxyProvider.java:<init>(114)) - Created block location fail-over proxy with 1 nodes: [nodeId=scmNodeId,nodeAddress=/0.0.0.0:41747]
2022-08-04 23:29:39,631 [Listener at 0.0.0.0/34307] INFO  proxy.SCMBlockLocationFailoverProxyProvider (SCMBlockLocationFailoverProxyProvider.java:<init>(114)) - Created block location fail-over proxy with 1 nodes: [nodeId=scmNodeId,nodeAddress=/0.0.0.0:41747]
2022-08-04 23:29:39,832 [Listener at 0.0.0.0/34307] WARN  server.ServerUtils (ServerUtils.java:getDBPath(225)) - ozone.om.db.dirs is not configured. We recommend adding this setting. Falling back to ozone.metadata.dirs instead.
2022-08-04 23:29:39,839 [Listener at 0.0.0.0/34307] INFO  codec.OmKeyInfoCodec (OmKeyInfoCodec.java:<init>(49)) - OmKeyInfoCodec ignorePipeline = true
2022-08-04 23:29:39,840 [Listener at 0.0.0.0/34307] INFO  codec.RepeatedOmKeyInfoCodec (RepeatedOmKeyInfoCodec.java:<init>(41)) - RepeatedOmKeyInfoCodec ignorePipeline = true
2022-08-04 23:29:40,000 [Listener at 0.0.0.0/34307] INFO  om.OzoneManager (OzoneManager.java:instantiateServices(696)) - S3 Multi-Tenancy is disabled
2022-08-04 23:29:40,071 [Listener at 0.0.0.0/34307] INFO  om.OzoneManager (OzoneManager.java:addS3GVolumeToDB(4307)) - Created Volume s3v With Owner runner required for S3Gateway operations.
2022-08-04 23:29:40,136 [Listener at 0.0.0.0/34307] WARN  server.ServerUtils (ServerUtils.java:getDefaultRatisDirectory(237)) - Storage directory for Ratis is not configured. It is a good idea to map this to an SSD disk. Falling back to ozone.metadata.dirs
2022-08-04 23:29:40,136 [Listener at 0.0.0.0/34307] WARN  utils.OzoneManagerRatisUtils (OzoneManagerRatisUtils.java:getOMRatisSnapshotDirectory(431)) - ozone.om.ratis.snapshot.dir is not configured. Falling back to ozone.metadata.dirs config
2022-08-04 23:29:40,157 [Listener at 0.0.0.0/34307] WARN  server.ServerUtils (ServerUtils.java:getDefaultRatisDirectory(237)) - Storage directory for Ratis is not configured. It is a good idea to map this to an SSD disk. Falling back to ozone.metadata.dirs
2022-08-04 23:29:40,182 [Listener at 0.0.0.0/34307] INFO  ratis.OzoneManagerRatisServer (OzoneManagerRatisServer.java:<init>(159)) - Instantiating OM Ratis server with groupID: omServiceIdDefault and peers: localhost:9872
2022-08-04 23:29:40,190 [Listener at 0.0.0.0/34307] INFO  ratis.OzoneManagerStateMachine (OzoneManagerStateMachine.java:loadSnapshotInfoFromDB(632)) - LastAppliedIndex is set from TransactionInfo from OM DB as (t:0, i:~)
2022-08-04 23:29:40,233 [Listener at 0.0.0.0/34307] INFO  server.RaftServer (ConfUtils.java:logGet(46)) - raft.rpc.type = GRPC (default)
2022-08-04 23:29:40,310 [Listener at 0.0.0.0/34307] INFO  grpc.GrpcFactory (GrpcFactory.java:checkPooledByteBufAllocatorUseCacheForAllThreads(48)) - PERFORMANCE WARNING: useCacheForAllThreads is true that may cause Netty to create a lot garbage objects and, as a result, trigger GC.
	It is recommended to disable useCacheForAllThreads by setting -Dorg.apache.ratis.thirdparty.io.netty.allocator.useCacheForAllThreads=false in command line.
2022-08-04 23:29:40,314 [Listener at 0.0.0.0/34307] INFO  grpc.GrpcConfigKeys (ConfUtils.java:logGet(46)) - raft.grpc.admin.port = -1 (default)
2022-08-04 23:29:40,315 [Listener at 0.0.0.0/34307] INFO  grpc.GrpcConfigKeys (ConfUtils.java:logGet(46)) - raft.grpc.server.port = 9872 (custom)
2022-08-04 23:29:40,315 [Listener at 0.0.0.0/34307] INFO  grpc.GrpcConfigKeys (ConfUtils.java:logGet(46)) - raft.grpc.client.port = -1 (default)
2022-08-04 23:29:40,316 [Listener at 0.0.0.0/34307] INFO  grpc.GrpcConfigKeys (ConfUtils.java:logGet(46)) - raft.grpc.server.port = 9872 (custom)
2022-08-04 23:29:40,316 [Listener at 0.0.0.0/34307] INFO  grpc.GrpcConfigKeys (ConfUtils.java:logGet(46)) - raft.grpc.server.port = 9872 (custom)
2022-08-04 23:29:40,316 [Listener at 0.0.0.0/34307] INFO  server.GrpcService (ConfUtils.java:logGet(46)) - raft.grpc.message.size.max = 33554432 (custom)
2022-08-04 23:29:40,317 [Listener at 0.0.0.0/34307] INFO  server.RaftServerConfigKeys (ConfUtils.java:logGet(46)) - raft.server.log.appender.buffer.byte-limit = 33554432 (custom)
2022-08-04 23:29:40,318 [Listener at 0.0.0.0/34307] INFO  server.GrpcService (ConfUtils.java:logGet(46)) - raft.grpc.flow.control.window = 1MB (=1048576) (default)
2022-08-04 23:29:40,319 [Listener at 0.0.0.0/34307] INFO  server.RaftServerConfigKeys (ConfUtils.java:logGet(46)) - raft.server.rpc.request.timeout = 3000ms (default)
2022-08-04 23:29:40,335 [Listener at 0.0.0.0/34307] INFO  grpc.GrpcConfigKeys (ConfUtils.java:logGet(46)) - raft.grpc.server.async.request.thread.pool.cached = true (default)
2022-08-04 23:29:40,336 [Listener at 0.0.0.0/34307] INFO  grpc.GrpcConfigKeys (ConfUtils.java:logGet(46)) - raft.grpc.server.async.request.thread.pool.size = 32 (default)
2022-08-04 23:29:40,620 [Listener at 0.0.0.0/34307] INFO  impl.DataStreamServerImpl (ConfUtils.java:logGet(46)) - raft.datastream.type = DISABLED (default)
2022-08-04 23:29:40,623 [Listener at 0.0.0.0/34307] INFO  server.RaftServerConfigKeys (ConfUtils.java:logGet(46)) - raft.server.threadpool.proxy.cached = true (default)
2022-08-04 23:29:40,623 [Listener at 0.0.0.0/34307] INFO  server.RaftServerConfigKeys (ConfUtils.java:logGet(46)) - raft.server.threadpool.proxy.size = 0 (default)
2022-08-04 23:29:40,624 [Listener at 0.0.0.0/34307] INFO  server.RaftServerConfigKeys (ConfUtils.java:logGet(46)) - raft.server.rpc.slowness.timeout = 120s (custom)
2022-08-04 23:29:40,624 [Listener at 0.0.0.0/34307] INFO  server.RaftServerConfigKeys (ConfUtils.java:logGet(46)) - raft.server.leaderelection.leader.step-down.wait-time = 10s (default)
2022-08-04 23:29:40,627 [Listener at 0.0.0.0/34307] INFO  server.RaftServerConfigKeys (ConfUtils.java:logGet(46)) - raft.server.storage.dir = [/home/runner/work/ozone/ozone/hadoop-ozone/integration-test/target/test-dir/MiniOzoneClusterImpl-9f329032-b852-4d71-b4c8-c146519b003b/ozone-meta/ratis] (custom)
2022-08-04 23:29:40,635 [Listener at 0.0.0.0/34307] INFO  server.RaftServer (RaftServerProxy.java:addNew(96)) - om1: addNew group-C5BA1605619E:[om1|rpc:localhost:9872|priority:0] returns group-C5BA1605619E:java.util.concurrent.CompletableFuture@5fab1ec6[Not completed]
2022-08-04 23:29:40,636 [Listener at 0.0.0.0/34307] INFO  om.OzoneManager (OzoneManager.java:initializeRatisServer(1962)) - OzoneManager Ratis server initialized at port 9872
2022-08-04 23:29:40,649 [Listener at 0.0.0.0/34307] INFO  om.OzoneManager (OzoneManager.java:getRpcServer(1085)) - Creating RPC Server
2022-08-04 23:29:40,680 [pool-55-thread-1] INFO  server.RaftServer$Division (RaftServerImpl.java:<init>(190)) - om1: new RaftServerImpl for group-C5BA1605619E:[om1|rpc:localhost:9872|priority:0] with OzoneManagerStateMachine:uninitialized
2022-08-04 23:29:40,692 [pool-55-thread-1] INFO  server.RaftServerConfigKeys (ConfUtils.java:logGet(46)) - raft.server.rpc.timeout.min = 1s (custom)
2022-08-04 23:29:40,693 [pool-55-thread-1] INFO  server.RaftServerConfigKeys (ConfUtils.java:logGet(46)) - raft.server.rpc.timeout.max = 1200ms (custom)
2022-08-04 23:29:40,693 [pool-55-thread-1] INFO  server.RaftServerConfigKeys (ConfUtils.java:logGet(46)) - raft.server.rpc.sleep.time = 25ms (default)
2022-08-04 23:29:40,693 [pool-55-thread-1] INFO  server.RaftServerConfigKeys (ConfUtils.java:logGet(46)) - raft.server.rpc.slowness.timeout = 120s (custom)
2022-08-04 23:29:40,693 [pool-55-thread-1] INFO  server.RaftServerConfigKeys (ConfUtils.java:logGet(46)) - raft.server.leaderelection.leader.step-down.wait-time = 10s (default)
2022-08-04 23:29:40,693 [pool-55-thread-1] INFO  server.RaftServerConfigKeys (ConfUtils.java:logGet(46)) - raft.server.sleep.deviation.threshold = 300ms (default)
2022-08-04 23:29:40,700 [pool-55-thread-1] INFO  server.RaftServer$Division (ServerState.java:<init>(107)) - om1@group-C5BA1605619E: ConfigurationManager, init=-1: [om1|rpc:localhost:9872|priority:0], old=null, confs=<EMPTY_MAP>
2022-08-04 23:29:40,701 [pool-55-thread-1] INFO  server.RaftServerConfigKeys (ConfUtils.java:logGet(46)) - raft.server.storage.dir = [/home/runner/work/ozone/ozone/hadoop-ozone/integration-test/target/test-dir/MiniOzoneClusterImpl-9f329032-b852-4d71-b4c8-c146519b003b/ozone-meta/ratis] (custom)
2022-08-04 23:29:40,705 [pool-55-thread-1] INFO  server.RaftServerConfigKeys (ConfUtils.java:logGet(46)) - raft.server.log.corruption.policy = EXCEPTION (default)
2022-08-04 23:29:40,706 [pool-55-thread-1] INFO  server.RaftServerConfigKeys (ConfUtils.java:logGet(46)) - raft.server.storage.free-space.min = 0MB (=0) (default)
2022-08-04 23:29:40,708 [pool-55-thread-1] INFO  storage.RaftStorageDirectory (RaftStorageDirectoryImpl.java:analyzeStorage(135)) - The storage directory /home/runner/work/ozone/ozone/hadoop-ozone/integration-test/target/test-dir/MiniOzoneClusterImpl-9f329032-b852-4d71-b4c8-c146519b003b/ozone-meta/ratis/bf265839-605b-3f16-9796-c5ba1605619e does not exist. Creating ...
2022-08-04 23:29:40,715 [pool-55-thread-1] INFO  storage.RaftStorageDirectory (RaftStorageDirectoryImpl.java:tryLock(230)) - Lock on /home/runner/work/ozone/ozone/hadoop-ozone/integration-test/target/test-dir/MiniOzoneClusterImpl-9f329032-b852-4d71-b4c8-c146519b003b/ozone-meta/ratis/bf265839-605b-3f16-9796-c5ba1605619e/in_use.lock acquired by nodename 5725@fv-az241-597
2022-08-04 23:29:40,722 [pool-55-thread-1] INFO  storage.RaftStorage (RaftStorageImpl.java:format(89)) - Storage directory /home/runner/work/ozone/ozone/hadoop-ozone/integration-test/target/test-dir/MiniOzoneClusterImpl-9f329032-b852-4d71-b4c8-c146519b003b/ozone-meta/ratis/bf265839-605b-3f16-9796-c5ba1605619e has been successfully formatted.
2022-08-04 23:29:40,725 [pool-55-thread-1] INFO  server.RaftServerConfigKeys (ConfUtils.java:logGet(46)) - raft.server.notification.no-leader.timeout = 120s (custom)
2022-08-04 23:29:40,727 [pool-55-thread-1] INFO  server.RaftServerConfigKeys (ConfUtils.java:logGet(46)) - raft.server.log.use.memory = false (default)
2022-08-04 23:29:40,736 [pool-55-thread-1] INFO  server.RaftServerConfigKeys (ConfUtils.java:logGet(46)) - raft.server.log.purge.gap = 1000000 (custom)
2022-08-04 23:29:40,737 [pool-55-thread-1] INFO  server.RaftServerConfigKeys (ConfUtils.java:logGet(46)) - raft.server.log.appender.buffer.byte-limit = 33554432 (custom)
2022-08-04 23:29:40,739 [pool-55-thread-1] INFO  server.RaftServerConfigKeys (ConfUtils.java:logGet(46)) - raft.server.log.statemachine.data.read.timeout = 1000ms (default)
2022-08-04 23:29:40,752 [pool-55-thread-1] INFO  server.RaftServerConfigKeys (ConfUtils.java:logGet(46)) - raft.server.log.segment.size.max = 4194304 (custom)
2022-08-04 23:29:40,777 [pool-55-thread-1] INFO  server.RaftServerConfigKeys (ConfUtils.java:logGet(46)) - raft.server.log.segment.cache.num.max = 2 (custom)
2022-08-04 23:29:40,777 [pool-55-thread-1] INFO  server.RaftServerConfigKeys (ConfUtils.java:logGet(46)) - raft.server.log.segment.cache.size.max = 200MB (=209715200) (default)
2022-08-04 23:29:40,812 [pool-55-thread-1] INFO  segmented.SegmentedRaftLogWorker (SegmentedRaftLogWorker.java:<init>(187)) - new om1@group-C5BA1605619E-SegmentedRaftLogWorker for RaftStorageImpl:Storage Directory /home/runner/work/ozone/ozone/hadoop-ozone/integration-test/target/test-dir/MiniOzoneClusterImpl-9f329032-b852-4d71-b4c8-c146519b003b/ozone-meta/ratis/bf265839-605b-3f16-9796-c5ba1605619e
2022-08-04 23:29:40,812 [pool-55-thread-1] INFO  server.RaftServerConfigKeys (ConfUtils.java:logGet(46)) - raft.server.log.queue.byte-limit = 64MB (=67108864) (default)
2022-08-04 23:29:40,813 [pool-55-thread-1] INFO  server.RaftServerConfigKeys (ConfUtils.java:logGet(46)) - raft.server.log.queue.element-limit = 4096 (default)
2022-08-04 23:29:40,814 [pool-55-thread-1] INFO  server.RaftServerConfigKeys (ConfUtils.java:logGet(46)) - raft.server.log.segment.size.max = 4194304 (custom)
2022-08-04 23:29:40,814 [pool-55-thread-1] INFO  server.RaftServerConfigKeys (ConfUtils.java:logGet(46)) - raft.server.log.preallocated.size = 4194304 (custom)
2022-08-04 23:29:40,814 [pool-55-thread-1] INFO  server.RaftServerConfigKeys (ConfUtils.java:logGet(46)) - raft.server.log.force.sync.num = 128 (default)
2022-08-04 23:29:40,828 [pool-55-thread-1] INFO  server.RaftServerConfigKeys (ConfUtils.java:logGet(46)) - raft.server.log.statemachine.data.sync = true (default)
2022-08-04 23:29:40,828 [pool-55-thread-1] INFO  server.RaftServerConfigKeys (ConfUtils.java:logGet(46)) - raft.server.log.statemachine.data.sync.timeout = 10s (default)
2022-08-04 23:29:40,828 [pool-55-thread-1] INFO  server.RaftServerConfigKeys (ConfUtils.java:logGet(46)) - raft.server.log.statemachine.data.sync.timeout.retry = -1 (default)
2022-08-04 23:29:40,846 [pool-55-thread-1] INFO  server.RaftServerConfigKeys (ConfUtils.java:logGet(46)) - raft.server.log.write.buffer.size = 64KB (=65536) (default)
2022-08-04 23:29:40,847 [pool-55-thread-1] INFO  server.RaftServerConfigKeys (ConfUtils.java:logGet(46)) - raft.server.log.unsafe-flush.enabled = false (default)
2022-08-04 23:29:40,847 [pool-55-thread-1] INFO  server.RaftServerConfigKeys (ConfUtils.java:logGet(46)) - raft.server.log.statemachine.data.caching.enabled = false (default)
2022-08-04 23:29:40,860 [pool-55-thread-1] INFO  segmented.SegmentedRaftLogWorker (SegmentedRaftLogWorker.java:lambda$new$0(135)) - om1@group-C5BA1605619E-SegmentedRaftLogWorker: flushIndex: setUnconditionally 0 -> -1
2022-08-04 23:29:40,860 [pool-55-thread-1] INFO  segmented.SegmentedRaftLogWorker (SegmentedRaftLogWorker.java:lambda$new$0(135)) - om1@group-C5BA1605619E-SegmentedRaftLogWorker: safeCacheEvictIndex: setUnconditionally 0 -> -1
2022-08-04 23:29:40,864 [pool-55-thread-1] INFO  server.RaftServerConfigKeys (ConfUtils.java:logGet(46)) - raft.server.snapshot.auto.trigger.enabled = true (custom)
2022-08-04 23:29:40,864 [pool-55-thread-1] INFO  server.RaftServerConfigKeys (ConfUtils.java:logGet(46)) - raft.server.snapshot.auto.trigger.threshold = 400000 (default)
2022-08-04 23:29:40,871 [pool-55-thread-1] INFO  server.RaftServerConfigKeys (ConfUtils.java:logGet(46)) - raft.server.snapshot.retention.file.num = -1 (default)
2022-08-04 23:29:40,872 [pool-55-thread-1] INFO  server.RaftServerConfigKeys (ConfUtils.java:logGet(46)) - raft.server.log.purge.upto.snapshot.index = true (custom)
2022-08-04 23:29:40,874 [pool-55-thread-1] INFO  server.RaftServerConfigKeys (ConfUtils.java:logGet(46)) - raft.server.retrycache.expirytime = 300s (custom)
2022-08-04 23:29:40,874 [pool-55-thread-1] INFO  server.RaftServerConfigKeys (ConfUtils.java:logGet(46)) - raft.server.retrycache.statistics.expirytime = 100μs (default)
2022-08-04 23:29:40,986 [pool-55-thread-1] INFO  server.RaftServerConfigKeys (ConfUtils.java:logGet(46)) - raft.server.log.appender.install.snapshot.enabled = false (custom)
2022-08-04 23:29:40,987 [pool-55-thread-1] INFO  server.RaftServerConfigKeys (ConfUtils.java:logGet(46)) - raft.server.threadpool.server.cached = true (default)
2022-08-04 23:29:40,987 [pool-55-thread-1] INFO  server.RaftServerConfigKeys (ConfUtils.java:logGet(46)) - raft.server.threadpool.server.size = 0 (default)
2022-08-04 23:29:40,987 [pool-55-thread-1] INFO  server.RaftServerConfigKeys (ConfUtils.java:logGet(46)) - raft.server.threadpool.client.cached = true (default)
2022-08-04 23:29:40,988 [pool-55-thread-1] INFO  server.RaftServerConfigKeys (ConfUtils.java:logGet(46)) - raft.server.threadpool.client.size = 0 (default)
2022-08-04 23:29:41,306 [Listener at 0.0.0.0/34307] INFO  reflections.Reflections (Reflections.java:scan(232)) - Reflections took 584 ms to scan 19 urls, producing 67 keys and 4141 values [using 2 cores]
2022-08-04 23:29:41,459 [Listener at 0.0.0.0/34307] INFO  ipc.CallQueueManager (CallQueueManager.java:<init>(90)) - Using callQueue: class java.util.concurrent.LinkedBlockingQueue, queueCapacity: 2000, scheduler: class org.apache.hadoop.ipc.DefaultRpcScheduler, ipcBackoff: false.
2022-08-04 23:29:41,460 [Socket Reader #1 for port 0] INFO  ipc.Server (Server.java:run(1265)) - Starting Socket Reader #1 for port 0
2022-08-04 23:29:41,500 [Listener at 127.0.0.1/41765] INFO  impl.MetricsSystemImpl (MetricsSystemImpl.java:init(158)) - OzoneManager metrics system started (again)
2022-08-04 23:29:41,514 [Listener at 127.0.0.1/41765] INFO  om.OzoneManager (OzoneManager.java:start(1469)) - OzoneManager RPC server is listening at localhost/127.0.0.1:41765
2022-08-04 23:29:41,514 [Listener at 127.0.0.1/41765] INFO  ratis.OzoneManagerRatisServer (OzoneManagerRatisServer.java:start(554)) - Starting OzoneManagerRatisServer om1 at port 9872
2022-08-04 23:29:41,517 [om1-impl-thread1] INFO  server.RaftServer$Division (RaftServerImpl.java:start(310)) - om1@group-C5BA1605619E: start as a follower, conf=-1: [om1|rpc:localhost:9872|priority:0], old=null
2022-08-04 23:29:41,517 [om1-impl-thread1] INFO  server.RaftServer$Division (RaftServerImpl.java:setRole(299)) - om1@group-C5BA1605619E: changes role from      null to FOLLOWER at term 0 for startAsFollower
2022-08-04 23:29:41,518 [om1-impl-thread1] INFO  impl.RoleInfo (RoleInfo.java:updateAndGet(139)) - om1: start om1@group-C5BA1605619E-FollowerState
2022-08-04 23:29:41,520 [om1-impl-thread1] INFO  util.JmxRegister (JmxRegister.java:tryRegister(44)) - Successfully registered JMX Bean with object name Ratis:service=RaftServer,group=group-C5BA1605619E,id=om1
2022-08-04 23:29:41,524 [Listener at 127.0.0.1/41765] INFO  server.RaftServer (RaftServerProxy.java:lambda$start$6(382)) - om1: start RPC server
2022-08-04 23:29:41,716 [Listener at 127.0.0.1/41765] INFO  server.GrpcService (GrpcService.java:startImpl(260)) - om1: GrpcService started, listening on 9872
2022-08-04 23:29:41,718 [Listener at 127.0.0.1/41765] INFO  om.OzoneManager (OzoneManager.java:start(1485)) - Version File has different layout version (3) than OM DB (null). That is expected if this OM has never been finalized to a newer layout version.
2022-08-04 23:29:41,721 [org.apache.ratis.util.JvmPauseMonitor$$Lambda$682/1302746218@10060f31] INFO  util.JvmPauseMonitor (JvmPauseMonitor.java:run(103)) - JvmPauseMonitor-om1: Started
2022-08-04 23:29:41,733 [Listener at 127.0.0.1/41765] INFO  http.BaseHttpServer (BaseHttpServer.java:newHttpServer2BuilderForOzone(209)) - Starting Web-server for ozoneManager at: http://0.0.0.0:0
2022-08-04 23:29:41,733 [Listener at 127.0.0.1/41765] INFO  http.BaseHttpServer (BaseHttpServer.java:<init>(107)) - Hadoop Security Enabled: false Ozone Security Enabled: false Ozone HTTP Security Enabled: false 
2022-08-04 23:29:41,734 [Listener at 127.0.0.1/41765] INFO  server.AuthenticationFilter (AuthenticationFilter.java:constructSecretProvider(240)) - Unable to initialize FileSignerSecretProvider, falling back to use random secrets.
2022-08-04 23:29:41,735 [Listener at 127.0.0.1/41765] WARN  http.HttpRequestLog (HttpRequestLog.java:getRequestLog(103)) - Jetty request log can only be enabled using Log4j
2022-08-04 23:29:41,736 [Listener at 127.0.0.1/41765] INFO  http.HttpServer2 (HttpServer2.java:addGlobalFilter(1029)) - Added global filter 'safety' (class=org.apache.hadoop.hdds.server.http.HttpServer2$QuotingInputFilter)
2022-08-04 23:29:41,743 [Listener at 127.0.0.1/41765] INFO  http.HttpServer2 (HttpServer2.java:addFilter(1005)) - Added filter static_user_filter (class=org.apache.hadoop.http.lib.StaticUserWebFilter$StaticUserFilter) to context ozoneManager
2022-08-04 23:29:41,743 [Listener at 127.0.0.1/41765] INFO  http.HttpServer2 (HttpServer2.java:addFilter(1013)) - Added filter static_user_filter (class=org.apache.hadoop.http.lib.StaticUserWebFilter$StaticUserFilter) to context static
2022-08-04 23:29:41,743 [Listener at 127.0.0.1/41765] INFO  http.HttpServer2 (HttpServer2.java:addFilter(1013)) - Added filter static_user_filter (class=org.apache.hadoop.http.lib.StaticUserWebFilter$StaticUserFilter) to context logs
2022-08-04 23:29:41,747 [Listener at 127.0.0.1/41765] INFO  http.HttpServer2 (HttpServer2.java:bindListener(1248)) - Jetty bound to port 39983
2022-08-04 23:29:41,747 [Listener at 127.0.0.1/41765] INFO  server.Server (Server.java:doStart(375)) - jetty-9.4.43.v20210629; built: 2021-06-30T11:07:22.254Z; git: 526006ecfa3af7f1a27ef3a288e2bef7ea9dd7e8; jvm 1.8.0_332-b09
2022-08-04 23:29:41,750 [Listener at 127.0.0.1/41765] INFO  server.session (DefaultSessionIdManager.java:doStart(334)) - DefaultSessionIdManager workerName=node0
2022-08-04 23:29:41,750 [Listener at 127.0.0.1/41765] INFO  server.session (DefaultSessionIdManager.java:doStart(339)) - No SessionScavenger set, using defaults
2022-08-04 23:29:41,750 [Listener at 127.0.0.1/41765] INFO  server.session (HouseKeeper.java:startScavenging(132)) - node0 Scavenging every 660000ms
2022-08-04 23:29:41,751 [Listener at 127.0.0.1/41765] INFO  handler.ContextHandler (ContextHandler.java:doStart(915)) - Started o.e.j.s.ServletContextHandler@1f7f2e76{logs,/logs,file:///home/runner/work/ozone/ozone/hadoop-ozone/integration-test/target/log,AVAILABLE}
2022-08-04 23:29:41,751 [Listener at 127.0.0.1/41765] INFO  handler.ContextHandler (ContextHandler.java:doStart(915)) - Started o.e.j.s.ServletContextHandler@67138427{static,/static,file:///home/runner/work/ozone/ozone/hadoop-ozone/integration-test/target/test-classes/webapps/static,AVAILABLE}
2022-08-04 23:29:41,754 [Listener at 127.0.0.1/41765] INFO  handler.ContextHandler (ContextHandler.java:doStart(915)) - Started o.e.j.w.WebAppContext@11dcc499{ozoneManager,/,file:///home/runner/work/ozone/ozone/hadoop-ozone/integration-test/target/test-classes/webapps/ozoneManager/,AVAILABLE}{file:/home/runner/work/ozone/ozone/hadoop-ozone/integration-test/target/test-classes/webapps/ozoneManager}
2022-08-04 23:29:41,757 [Listener at 127.0.0.1/41765] INFO  server.AbstractConnector (AbstractConnector.java:doStart(331)) - Started ServerConnector@4dbad471{HTTP/1.1, (http/1.1)}{0.0.0.0:39983}
2022-08-04 23:29:41,757 [Listener at 127.0.0.1/41765] INFO  server.Server (Server.java:doStart(415)) - Started @6750ms
2022-08-04 23:29:41,757 [Listener at 127.0.0.1/41765] WARN  impl.MetricsSystemImpl (MetricsSystemImpl.java:register(279)) - Sink prometheus already exists!
2022-08-04 23:29:41,758 [Listener at 127.0.0.1/41765] INFO  http.BaseHttpServer (BaseHttpServer.java:updateConnectorAddress(329)) - HTTP server of ozoneManager listening at http://0.0.0.0:39983
2022-08-04 23:29:41,759 [IPC Server Responder] INFO  ipc.Server (Server.java:run(1507)) - IPC Server Responder: starting
2022-08-04 23:29:41,763 [IPC Server listener on 0] INFO  ipc.Server (Server.java:run(1344)) - IPC Server listener on 0: starting
2022-08-04 23:29:41,768 [Listener at 127.0.0.1/41765] INFO  om.OzoneManager (OzoneManager.java:startTrashEmptier(1906)) - Trash Interval set to 0. Files deleted won't move to trash
2022-08-04 23:29:41,782 [org.apache.hadoop.util.JvmPauseMonitor$Monitor@78c04131] INFO  util.JvmPauseMonitor (JvmPauseMonitor.java:run(188)) - Starting JVM pause monitor
2022-08-04 23:29:41,929 [Listener at 127.0.0.1/41765] WARN  impl.MetricRegistriesImpl (MetricRegistriesImpl.java:addReporterRegistration(111)) - New reporters are added after registries were created. Some metrics will be missing from the reporter. Please add reporter before adding any new registry.
2022-08-04 23:29:41,930 [Listener at 127.0.0.1/41765] WARN  impl.MetricRegistriesImpl (MetricRegistriesImpl.java:addReporterRegistration(111)) - New reporters are added after registries were created. Some metrics will be missing from the reporter. Please add reporter before adding any new registry.
2022-08-04 23:29:41,930 [Listener at 127.0.0.1/41765] INFO  impl.MetricsSystemImpl (MetricsSystemImpl.java:init(158)) - HddsDatanode metrics system started (again)
2022-08-04 23:29:41,946 [Listener at 127.0.0.1/41765] INFO  ozone.HddsDatanodeService (HddsDatanodeService.java:start(236)) - HddsDatanodeService host:fv-az241-597.bb25ywkzvhnelkltyshw0e441e.jx.internal.cloudapp.net ip:10.1.0.37
2022-08-04 23:29:41,975 [Listener at 127.0.0.1/41765] INFO  upgrade.AbstractLayoutVersionManager (AbstractLayoutVersionManager.java:init(83)) - Initializing Layout version manager with metadata layout = DATANODE_SCHEMA_V3 (version = 4), software layout = DATANODE_SCHEMA_V3 (version = 4)
2022-08-04 23:29:42,028 [Listener at 127.0.0.1/41765] INFO  reflections.Reflections (Reflections.java:scan(232)) - Reflections took 46 ms to scan 7 urls, producing 132 keys and 321 values 
2022-08-04 23:29:42,034 [Listener at 127.0.0.1/41765] INFO  statemachine.DatanodeStateMachine (DatanodeStateMachine.java:getEndPointTaskThreadPoolSize(237)) - Datanode State Machine Task Thread Pool size 2
2022-08-04 23:29:42,096 [Listener at 127.0.0.1/41765] INFO  volume.HddsVolume (HddsVolume.java:<init>(116)) - Creating HddsVolume: /home/runner/work/ozone/ozone/hadoop-ozone/integration-test/target/test-dir/MiniOzoneClusterImpl-9f329032-b852-4d71-b4c8-c146519b003b/datanode-0/data-0/containers/hdds of storage type : DISK capacity : 9223372036854775807
2022-08-04 23:29:42,101 [Listener at 127.0.0.1/41765] INFO  volume.MutableVolumeSet (MutableVolumeSet.java:initializeVolumeSet(174)) - Added Volume : /home/runner/work/ozone/ozone/hadoop-ozone/integration-test/target/test-dir/MiniOzoneClusterImpl-9f329032-b852-4d71-b4c8-c146519b003b/datanode-0/data-0/containers/hdds to VolumeSet
2022-08-04 23:29:42,101 [Listener at 127.0.0.1/41765] INFO  volume.ThrottledAsyncChecker (ThrottledAsyncChecker.java:schedule(141)) - Scheduling a check for /home/runner/work/ozone/ozone/hadoop-ozone/integration-test/target/test-dir/MiniOzoneClusterImpl-9f329032-b852-4d71-b4c8-c146519b003b/datanode-0/data-0/containers/hdds
2022-08-04 23:29:42,117 [Listener at 127.0.0.1/41765] INFO  volume.StorageVolumeChecker (StorageVolumeChecker.java:checkAllVolumes(202)) - Scheduled health check for volume /home/runner/work/ozone/ozone/hadoop-ozone/integration-test/target/test-dir/MiniOzoneClusterImpl-9f329032-b852-4d71-b4c8-c146519b003b/datanode-0/data-0/containers/hdds
2022-08-04 23:29:42,133 [Listener at 127.0.0.1/41765] INFO  volume.MutableVolumeSet (MutableVolumeSet.java:initializeVolumeSet(174)) - Added Volume : /home/runner/work/ozone/ozone/hadoop-ozone/integration-test/target/test-dir/MiniOzoneClusterImpl-9f329032-b852-4d71-b4c8-c146519b003b/datanode-0/data/ratis to VolumeSet
2022-08-04 23:29:42,133 [Listener at 127.0.0.1/41765] INFO  volume.ThrottledAsyncChecker (ThrottledAsyncChecker.java:schedule(141)) - Scheduling a check for /home/runner/work/ozone/ozone/hadoop-ozone/integration-test/target/test-dir/MiniOzoneClusterImpl-9f329032-b852-4d71-b4c8-c146519b003b/datanode-0/data/ratis
2022-08-04 23:29:42,133 [Listener at 127.0.0.1/41765] INFO  volume.StorageVolumeChecker (StorageVolumeChecker.java:checkAllVolumes(202)) - Scheduled health check for volume /home/runner/work/ozone/ozone/hadoop-ozone/integration-test/target/test-dir/MiniOzoneClusterImpl-9f329032-b852-4d71-b4c8-c146519b003b/datanode-0/data/ratis
2022-08-04 23:29:42,155 [Thread-136] INFO  ozoneimpl.ContainerReader (ContainerReader.java:readVolume(175)) - Finish verifying containers on volume /home/runner/work/ozone/ozone/hadoop-ozone/integration-test/target/test-dir/MiniOzoneClusterImpl-9f329032-b852-4d71-b4c8-c146519b003b/datanode-0/data-0/containers/hdds
2022-08-04 23:29:42,155 [Listener at 127.0.0.1/41765] INFO  ozoneimpl.OzoneContainer (OzoneContainer.java:buildContainerSet(299)) - Build ContainerSet costs 0s
2022-08-04 23:29:42,199 [Listener at 127.0.0.1/41765] INFO  audit.AuditLogger (AuditLogger.java:refreshDebugCmdSet(126)) - Refresh DebugCmdSet for DNAudit to [].
2022-08-04 23:29:42,226 [Listener at 127.0.0.1/41765] INFO  server.RaftServer (ConfUtils.java:logGet(46)) - raft.rpc.type = GRPC (default)
2022-08-04 23:29:42,226 [Listener at 127.0.0.1/41765] INFO  grpc.GrpcFactory (GrpcFactory.java:checkPooledByteBufAllocatorUseCacheForAllThreads(48)) - PERFORMANCE WARNING: useCacheForAllThreads is true that may cause Netty to create a lot garbage objects and, as a result, trigger GC.
	It is recommended to disable useCacheForAllThreads by setting -Dorg.apache.ratis.thirdparty.io.netty.allocator.useCacheForAllThreads=false in command line.
2022-08-04 23:29:42,226 [Listener at 127.0.0.1/41765] INFO  grpc.GrpcConfigKeys (ConfUtils.java:logGet(46)) - raft.grpc.admin.port = 0 (custom)
2022-08-04 23:29:42,226 [Listener at 127.0.0.1/41765] INFO  grpc.GrpcConfigKeys (ConfUtils.java:logGet(46)) - raft.grpc.client.port = 0 (custom)
2022-08-04 23:29:42,227 [Listener at 127.0.0.1/41765] INFO  grpc.GrpcConfigKeys (ConfUtils.java:logGet(46)) - raft.grpc.server.port = 0 (default)
2022-08-04 23:29:42,230 [Listener at 127.0.0.1/41765] INFO  server.GrpcService (ConfUtils.java:logGet(46)) - raft.grpc.message.size.max = 32MB (=33554432) (custom)
2022-08-04 23:29:42,230 [Listener at 127.0.0.1/41765] INFO  server.RaftServerConfigKeys (ConfUtils.java:logGet(46)) - raft.server.log.appender.buffer.byte-limit = 33554432 (custom)
2022-08-04 23:29:42,230 [Listener at 127.0.0.1/41765] INFO  server.GrpcService (ConfUtils.java:logGet(46)) - raft.grpc.flow.control.window = 5MB (=5242880) (custom)
2022-08-04 23:29:42,232 [Listener at 127.0.0.1/41765] INFO  server.RaftServerConfigKeys (ConfUtils.java:logGet(46)) - raft.server.rpc.request.timeout = 60s (custom)
2022-08-04 23:29:42,233 [Listener at 127.0.0.1/41765] INFO  grpc.GrpcConfigKeys (ConfUtils.java:logGet(46)) - raft.grpc.server.async.request.thread.pool.cached = true (default)
2022-08-04 23:29:42,233 [Listener at 127.0.0.1/41765] INFO  grpc.GrpcConfigKeys (ConfUtils.java:logGet(46)) - raft.grpc.server.async.request.thread.pool.size = 32 (default)
2022-08-04 23:29:42,235 [Listener at 127.0.0.1/41765] INFO  impl.DataStreamServerImpl (ConfUtils.java:logGet(46)) - raft.datastream.type = DISABLED (default)
2022-08-04 23:29:42,236 [Listener at 127.0.0.1/41765] INFO  server.RaftServerConfigKeys (ConfUtils.java:logGet(46)) - raft.server.threadpool.proxy.cached = true (default)
2022-08-04 23:29:42,237 [Listener at 127.0.0.1/41765] INFO  server.RaftServerConfigKeys (ConfUtils.java:logGet(46)) - raft.server.threadpool.proxy.size = 0 (default)
2022-08-04 23:29:42,238 [Listener at 127.0.0.1/41765] INFO  server.RaftServerConfigKeys (ConfUtils.java:logGet(46)) - raft.server.rpc.slowness.timeout = 300s (custom)
2022-08-04 23:29:42,238 [Listener at 127.0.0.1/41765] INFO  server.RaftServerConfigKeys (ConfUtils.java:logGet(46)) - raft.server.leaderelection.leader.step-down.wait-time = 10s (default)
2022-08-04 23:29:42,240 [Listener at 127.0.0.1/41765] INFO  server.RaftServerConfigKeys (ConfUtils.java:logGet(46)) - raft.server.storage.dir = [/home/runner/work/ozone/ozone/hadoop-ozone/integration-test/target/test-dir/MiniOzoneClusterImpl-9f329032-b852-4d71-b4c8-c146519b003b/datanode-0/data/ratis] (custom)
2022-08-04 23:29:42,260 [Listener at 127.0.0.1/41765] INFO  server.XceiverServerGrpc (XceiverServerGrpc.java:<init>(132)) - GrpcServer channel type EpollServerSocketChannel
2022-08-04 23:29:42,318 [Listener at 127.0.0.1/41765] INFO  http.BaseHttpServer (BaseHttpServer.java:newHttpServer2BuilderForOzone(209)) - Starting Web-server for hddsDatanode at: http://0.0.0.0:0
2022-08-04 23:29:42,318 [Listener at 127.0.0.1/41765] INFO  http.BaseHttpServer (BaseHttpServer.java:<init>(107)) - Hadoop Security Enabled: false Ozone Security Enabled: false Ozone HTTP Security Enabled: false 
2022-08-04 23:29:42,320 [Listener at 127.0.0.1/41765] INFO  server.AuthenticationFilter (AuthenticationFilter.java:constructSecretProvider(240)) - Unable to initialize FileSignerSecretProvider, falling back to use random secrets.
2022-08-04 23:29:42,320 [Listener at 127.0.0.1/41765] WARN  http.HttpRequestLog (HttpRequestLog.java:getRequestLog(103)) - Jetty request log can only be enabled using Log4j
2022-08-04 23:29:42,321 [Listener at 127.0.0.1/41765] INFO  http.HttpServer2 (HttpServer2.java:addGlobalFilter(1029)) - Added global filter 'safety' (class=org.apache.hadoop.hdds.server.http.HttpServer2$QuotingInputFilter)
2022-08-04 23:29:42,322 [Listener at 127.0.0.1/41765] INFO  http.HttpServer2 (HttpServer2.java:addFilter(1005)) - Added filter static_user_filter (class=org.apache.hadoop.http.lib.StaticUserWebFilter$StaticUserFilter) to context hddsDatanode
2022-08-04 23:29:42,322 [Listener at 127.0.0.1/41765] INFO  http.HttpServer2 (HttpServer2.java:addFilter(1013)) - Added filter static_user_filter (class=org.apache.hadoop.http.lib.StaticUserWebFilter$StaticUserFilter) to context static
2022-08-04 23:29:42,323 [Listener at 127.0.0.1/41765] INFO  http.HttpServer2 (HttpServer2.java:addFilter(1013)) - Added filter static_user_filter (class=org.apache.hadoop.http.lib.StaticUserWebFilter$StaticUserFilter) to context logs
2022-08-04 23:29:42,323 [Listener at 127.0.0.1/41765] INFO  http.HttpServer2 (HttpServer2.java:bindListener(1248)) - Jetty bound to port 35997
2022-08-04 23:29:42,323 [Listener at 127.0.0.1/41765] INFO  server.Server (Server.java:doStart(375)) - jetty-9.4.43.v20210629; built: 2021-06-30T11:07:22.254Z; git: 526006ecfa3af7f1a27ef3a288e2bef7ea9dd7e8; jvm 1.8.0_332-b09
2022-08-04 23:29:42,327 [Listener at 127.0.0.1/41765] INFO  server.session (DefaultSessionIdManager.java:doStart(334)) - DefaultSessionIdManager workerName=node0
2022-08-04 23:29:42,327 [Listener at 127.0.0.1/41765] INFO  server.session (DefaultSessionIdManager.java:doStart(339)) - No SessionScavenger set, using defaults
2022-08-04 23:29:42,327 [Listener at 127.0.0.1/41765] INFO  server.session (HouseKeeper.java:startScavenging(132)) - node0 Scavenging every 600000ms
2022-08-04 23:29:42,328 [Listener at 127.0.0.1/41765] INFO  handler.ContextHandler (ContextHandler.java:doStart(915)) - Started o.e.j.s.ServletContextHandler@4c1b3e17{logs,/logs,file:///home/runner/work/ozone/ozone/hadoop-ozone/integration-test/target/log,AVAILABLE}
2022-08-04 23:29:42,328 [Listener at 127.0.0.1/41765] INFO  handler.ContextHandler (ContextHandler.java:doStart(915)) - Started o.e.j.s.ServletContextHandler@26d49375{static,/static,jar:file:/home/runner/.m2/repository/org/apache/ozone/hdds-container-service/1.3.0-SNAPSHOT/hdds-container-service-1.3.0-SNAPSHOT.jar!/webapps/static,AVAILABLE}
2022-08-04 23:29:42,500 [Listener at 127.0.0.1/41765] INFO  handler.ContextHandler (ContextHandler.java:doStart(915)) - Started o.e.j.w.WebAppContext@3ed6d23e{hddsDatanode,/,file:///tmp/jetty-0_0_0_0-35997-hdds-container-service-1_3_0-SNAPSHOT_jar-_-any-7038989441570588982/webapp/,AVAILABLE}{jar:file:/home/runner/.m2/repository/org/apache/ozone/hdds-container-service/1.3.0-SNAPSHOT/hdds-container-service-1.3.0-SNAPSHOT.jar!/webapps/hddsDatanode}
2022-08-04 23:29:42,502 [Listener at 127.0.0.1/41765] INFO  server.AbstractConnector (AbstractConnector.java:doStart(331)) - Started ServerConnector@20ba139b{HTTP/1.1, (http/1.1)}{0.0.0.0:35997}
2022-08-04 23:29:42,502 [Listener at 127.0.0.1/41765] INFO  server.Server (Server.java:doStart(415)) - Started @7496ms
2022-08-04 23:29:42,503 [Listener at 127.0.0.1/41765] WARN  impl.MetricsSystemImpl (MetricsSystemImpl.java:register(279)) - Sink prometheus already exists!
2022-08-04 23:29:42,503 [Listener at 127.0.0.1/41765] INFO  http.BaseHttpServer (BaseHttpServer.java:updateConnectorAddress(329)) - HTTP server of hddsDatanode listening at http://0.0.0.0:35997
2022-08-04 23:29:42,513 [Listener at 127.0.0.1/41765] WARN  impl.MetricRegistriesImpl (MetricRegistriesImpl.java:addReporterRegistration(111)) - New reporters are added after registries were created. Some metrics will be missing from the reporter. Please add reporter before adding any new registry.
2022-08-04 23:29:42,514 [Listener at 127.0.0.1/41765] WARN  impl.MetricRegistriesImpl (MetricRegistriesImpl.java:addReporterRegistration(111)) - New reporters are added after registries were created. Some metrics will be missing from the reporter. Please add reporter before adding any new registry.
2022-08-04 23:29:42,514 [Listener at 127.0.0.1/41765] INFO  impl.MetricsSystemImpl (MetricsSystemImpl.java:init(158)) - HddsDatanode metrics system started (again)
2022-08-04 23:29:42,519 [Datanode State Machine Daemon Thread] INFO  statemachine.DatanodeStateMachine (DatanodeStateMachine.java:lambda$startDaemon$0(492)) - Ozone container server started.
2022-08-04 23:29:42,535 [org.apache.hadoop.util.JvmPauseMonitor$Monitor@5d42b2c3] INFO  util.JvmPauseMonitor (JvmPauseMonitor.java:run(188)) - Starting JVM pause monitor
2022-08-04 23:29:42,541 [Listener at 127.0.0.1/41765] INFO  ozone.HddsDatanodeService (HddsDatanodeService.java:start(236)) - HddsDatanodeService host:fv-az241-597.bb25ywkzvhnelkltyshw0e441e.jx.internal.cloudapp.net ip:10.1.0.37
2022-08-04 23:29:42,601 [Listener at 127.0.0.1/41765] INFO  upgrade.AbstractLayoutVersionManager (AbstractLayoutVersionManager.java:init(83)) - Initializing Layout version manager with metadata layout = DATANODE_SCHEMA_V3 (version = 4), software layout = DATANODE_SCHEMA_V3 (version = 4)
2022-08-04 23:29:42,624 [Datanode State Machine Task Thread - 0] INFO  datanode.InitDatanodeState (InitDatanodeState.java:persistContainerDatanodeDetails(138)) - DatanodeDetails is persisted to /home/runner/work/ozone/ozone/hadoop-ozone/integration-test/target/test-dir/MiniOzoneClusterImpl-9f329032-b852-4d71-b4c8-c146519b003b/datanode-0/meta/datanode.id
2022-08-04 23:29:42,668 [Listener at 127.0.0.1/41765] INFO  reflections.Reflections (Reflections.java:scan(232)) - Reflections took 56 ms to scan 7 urls, producing 132 keys and 321 values 
2022-08-04 23:29:42,674 [Listener at 127.0.0.1/41765] INFO  statemachine.DatanodeStateMachine (DatanodeStateMachine.java:getEndPointTaskThreadPoolSize(237)) - Datanode State Machine Task Thread Pool size 2
2022-08-04 23:29:42,680 [Listener at 127.0.0.1/41765] INFO  volume.HddsVolume (HddsVolume.java:<init>(116)) - Creating HddsVolume: /home/runner/work/ozone/ozone/hadoop-ozone/integration-test/target/test-dir/MiniOzoneClusterImpl-9f329032-b852-4d71-b4c8-c146519b003b/datanode-1/data-0/containers/hdds of storage type : DISK capacity : 9223372036854775807
2022-08-04 23:29:42,680 [Listener at 127.0.0.1/41765] INFO  volume.MutableVolumeSet (MutableVolumeSet.java:initializeVolumeSet(174)) - Added Volume : /home/runner/work/ozone/ozone/hadoop-ozone/integration-test/target/test-dir/MiniOzoneClusterImpl-9f329032-b852-4d71-b4c8-c146519b003b/datanode-1/data-0/containers/hdds to VolumeSet
2022-08-04 23:29:42,680 [Listener at 127.0.0.1/41765] INFO  volume.ThrottledAsyncChecker (ThrottledAsyncChecker.java:schedule(141)) - Scheduling a check for /home/runner/work/ozone/ozone/hadoop-ozone/integration-test/target/test-dir/MiniOzoneClusterImpl-9f329032-b852-4d71-b4c8-c146519b003b/datanode-1/data-0/containers/hdds
2022-08-04 23:29:42,682 [Listener at 127.0.0.1/41765] INFO  volume.StorageVolumeChecker (StorageVolumeChecker.java:checkAllVolumes(202)) - Scheduled health check for volume /home/runner/work/ozone/ozone/hadoop-ozone/integration-test/target/test-dir/MiniOzoneClusterImpl-9f329032-b852-4d71-b4c8-c146519b003b/datanode-1/data-0/containers/hdds
2022-08-04 23:29:42,694 [Listener at 127.0.0.1/41765] INFO  volume.MutableVolumeSet (MutableVolumeSet.java:initializeVolumeSet(174)) - Added Volume : /home/runner/work/ozone/ozone/hadoop-ozone/integration-test/target/test-dir/MiniOzoneClusterImpl-9f329032-b852-4d71-b4c8-c146519b003b/datanode-1/data/ratis to VolumeSet
2022-08-04 23:29:42,694 [Listener at 127.0.0.1/41765] INFO  volume.ThrottledAsyncChecker (ThrottledAsyncChecker.java:schedule(141)) - Scheduling a check for /home/runner/work/ozone/ozone/hadoop-ozone/integration-test/target/test-dir/MiniOzoneClusterImpl-9f329032-b852-4d71-b4c8-c146519b003b/datanode-1/data/ratis
2022-08-04 23:29:42,695 [Listener at 127.0.0.1/41765] INFO  volume.StorageVolumeChecker (StorageVolumeChecker.java:checkAllVolumes(202)) - Scheduled health check for volume /home/runner/work/ozone/ozone/hadoop-ozone/integration-test/target/test-dir/MiniOzoneClusterImpl-9f329032-b852-4d71-b4c8-c146519b003b/datanode-1/data/ratis
2022-08-04 23:29:42,727 [om1@group-C5BA1605619E-FollowerState] INFO  impl.FollowerState (FollowerState.java:run(143)) - om1@group-C5BA1605619E-FollowerState: change to CANDIDATE, lastRpcElapsedTime:1208944832ns, electionTimeout:1179ms
2022-08-04 23:29:42,728 [om1@group-C5BA1605619E-FollowerState] INFO  impl.RoleInfo (RoleInfo.java:shutdownFollowerState(110)) - om1: shutdown om1@group-C5BA1605619E-FollowerState
2022-08-04 23:29:42,729 [om1@group-C5BA1605619E-FollowerState] INFO  server.RaftServer$Division (RaftServerImpl.java:setRole(299)) - om1@group-C5BA1605619E: changes role from  FOLLOWER to CANDIDATE at term 0 for changeToCandidate
2022-08-04 23:29:42,732 [om1@group-C5BA1605619E-FollowerState] INFO  server.RaftServerConfigKeys (ConfUtils.java:logGet(46)) - raft.server.leaderelection.pre-vote = false (custom)
2022-08-04 23:29:42,732 [om1@group-C5BA1605619E-FollowerState] INFO  impl.RoleInfo (RoleInfo.java:updateAndGet(139)) - om1: start om1@group-C5BA1605619E-LeaderElection1
2022-08-04 23:29:42,740 [Thread-149] INFO  ozoneimpl.ContainerReader (ContainerReader.java:readVolume(175)) - Finish verifying containers on volume /home/runner/work/ozone/ozone/hadoop-ozone/integration-test/target/test-dir/MiniOzoneClusterImpl-9f329032-b852-4d71-b4c8-c146519b003b/datanode-1/data-0/containers/hdds
2022-08-04 23:29:42,741 [Listener at 127.0.0.1/41765] INFO  ozoneimpl.OzoneContainer (OzoneContainer.java:buildContainerSet(299)) - Build ContainerSet costs 0s
2022-08-04 23:29:42,742 [om1@group-C5BA1605619E-LeaderElection1] INFO  impl.LeaderElection (LeaderElection.java:askForVotes(310)) - om1@group-C5BA1605619E-LeaderElection1 ELECTION round 0: submit vote requests at term 1 for -1: [om1|rpc:localhost:9872|priority:0], old=null
2022-08-04 23:29:42,743 [om1@group-C5BA1605619E-LeaderElection1] INFO  impl.LeaderElection (LeaderElection.java:askForVotes(312)) - om1@group-C5BA1605619E-LeaderElection1 ELECTION round 0: result PASSED (term=1)
2022-08-04 23:29:42,744 [om1@group-C5BA1605619E-LeaderElection1] INFO  impl.RoleInfo (RoleInfo.java:shutdownLeaderElection(130)) - om1: shutdown om1@group-C5BA1605619E-LeaderElection1
2022-08-04 23:29:42,744 [om1@group-C5BA1605619E-LeaderElection1] INFO  server.RaftServer$Division (RaftServerImpl.java:setRole(299)) - om1@group-C5BA1605619E: changes role from CANDIDATE to LEADER at term 1 for changeToLeader
2022-08-04 23:29:42,745 [Listener at 127.0.0.1/41765] INFO  server.RaftServer (ConfUtils.java:logGet(46)) - raft.rpc.type = GRPC (default)
2022-08-04 23:29:42,745 [om1@group-C5BA1605619E-LeaderElection1] INFO  server.RaftServer$Division (ServerState.java:setLeader(287)) - om1@group-C5BA1605619E: change Leader from null to om1 at term 1 for becomeLeader, leader elected after 2020ms
2022-08-04 23:29:42,746 [Listener at 127.0.0.1/41765] INFO  grpc.GrpcFactory (GrpcFactory.java:checkPooledByteBufAllocatorUseCacheForAllThreads(48)) - PERFORMANCE WARNING: useCacheForAllThreads is true that may cause Netty to create a lot garbage objects and, as a result, trigger GC.
	It is recommended to disable useCacheForAllThreads by setting -Dorg.apache.ratis.thirdparty.io.netty.allocator.useCacheForAllThreads=false in command line.
2022-08-04 23:29:42,746 [Listener at 127.0.0.1/41765] INFO  grpc.GrpcConfigKeys (ConfUtils.java:logGet(46)) - raft.grpc.admin.port = 0 (custom)
2022-08-04 23:29:42,746 [Listener at 127.0.0.1/41765] INFO  grpc.GrpcConfigKeys (ConfUtils.java:logGet(46)) - raft.grpc.client.port = 0 (custom)
2022-08-04 23:29:42,746 [Listener at 127.0.0.1/41765] INFO  grpc.GrpcConfigKeys (ConfUtils.java:logGet(46)) - raft.grpc.server.port = 0 (default)
2022-08-04 23:29:42,746 [Listener at 127.0.0.1/41765] INFO  server.GrpcService (ConfUtils.java:logGet(46)) - raft.grpc.message.size.max = 32MB (=33554432) (custom)
2022-08-04 23:29:42,746 [Listener at 127.0.0.1/41765] INFO  server.RaftServerConfigKeys (ConfUtils.java:logGet(46)) - raft.server.log.appender.buffer.byte-limit = 33554432 (custom)
2022-08-04 23:29:42,747 [Listener at 127.0.0.1/41765] INFO  server.GrpcService (ConfUtils.java:logGet(46)) - raft.grpc.flow.control.window = 5MB (=5242880) (custom)
2022-08-04 23:29:42,747 [Listener at 127.0.0.1/41765] INFO  server.RaftServerConfigKeys (ConfUtils.java:logGet(46)) - raft.server.rpc.request.timeout = 60s (custom)
2022-08-04 23:29:42,747 [Listener at 127.0.0.1/41765] INFO  grpc.GrpcConfigKeys (ConfUtils.java:logGet(46)) - raft.grpc.server.async.request.thread.pool.cached = true (default)
2022-08-04 23:29:42,747 [Listener at 127.0.0.1/41765] INFO  grpc.GrpcConfigKeys (ConfUtils.java:logGet(46)) - raft.grpc.server.async.request.thread.pool.size = 32 (default)
2022-08-04 23:29:42,748 [Listener at 127.0.0.1/41765] INFO  impl.DataStreamServerImpl (ConfUtils.java:logGet(46)) - raft.datastream.type = DISABLED (default)
2022-08-04 23:29:42,748 [Listener at 127.0.0.1/41765] INFO  server.RaftServerConfigKeys (ConfUtils.java:logGet(46)) - raft.server.threadpool.proxy.cached = true (default)
2022-08-04 23:29:42,749 [Listener at 127.0.0.1/41765] INFO  server.RaftServerConfigKeys (ConfUtils.java:logGet(46)) - raft.server.threadpool.proxy.size = 0 (default)
2022-08-04 23:29:42,749 [Listener at 127.0.0.1/41765] INFO  server.RaftServerConfigKeys (ConfUtils.java:logGet(46)) - raft.server.rpc.slowness.timeout = 300s (custom)
2022-08-04 23:29:42,749 [Listener at 127.0.0.1/41765] INFO  server.RaftServerConfigKeys (ConfUtils.java:logGet(46)) - raft.server.leaderelection.leader.step-down.wait-time = 10s (default)
2022-08-04 23:29:42,749 [Listener at 127.0.0.1/41765] INFO  server.RaftServerConfigKeys (ConfUtils.java:logGet(46)) - raft.server.storage.dir = [/home/runner/work/ozone/ozone/hadoop-ozone/integration-test/target/test-dir/MiniOzoneClusterImpl-9f329032-b852-4d71-b4c8-c146519b003b/datanode-1/data/ratis] (custom)
2022-08-04 23:29:42,752 [om1@group-C5BA1605619E-LeaderElection1] INFO  server.RaftServerConfigKeys (ConfUtils.java:logGet(46)) - raft.server.staging.catchup.gap = 1000 (default)
2022-08-04 23:29:42,756 [om1@group-C5BA1605619E-LeaderElection1] INFO  server.RaftServerConfigKeys (ConfUtils.java:logGet(46)) - raft.server.write.element-limit = 4096 (default)
2022-08-04 23:29:42,757 [om1@group-C5BA1605619E-LeaderElection1] INFO  server.RaftServerConfigKeys (ConfUtils.java:logGet(46)) - raft.server.write.byte-limit = 64MB (=67108864) (default)
2022-08-04 23:29:42,763 [om1@group-C5BA1605619E-LeaderElection1] INFO  server.RaftServerConfigKeys (ConfUtils.java:logGet(46)) - raft.server.watch.timeout = 10s (default)
2022-08-04 23:29:42,763 [om1@group-C5BA1605619E-LeaderElection1] INFO  server.RaftServerConfigKeys (ConfUtils.java:logGet(46)) - raft.server.watch.timeout.denomination = 1s (default)
2022-08-04 23:29:42,764 [om1@group-C5BA1605619E-LeaderElection1] INFO  server.RaftServerConfigKeys (ConfUtils.java:logGet(46)) - raft.server.watch.element-limit = 65536 (default)
2022-08-04 23:29:42,766 [Listener at 127.0.0.1/41765] INFO  server.XceiverServerGrpc (XceiverServerGrpc.java:<init>(132)) - GrpcServer channel type EpollServerSocketChannel
2022-08-04 23:29:42,771 [om1@group-C5BA1605619E-LeaderElection1] INFO  server.RaftServerConfigKeys (ConfUtils.java:logGet(46)) - raft.server.write.element-limit = 4096 (default)
2022-08-04 23:29:42,773 [Listener at 127.0.0.1/41765] INFO  http.BaseHttpServer (BaseHttpServer.java:newHttpServer2BuilderForOzone(209)) - Starting Web-server for hddsDatanode at: http://0.0.0.0:0
2022-08-04 23:29:42,773 [Listener at 127.0.0.1/41765] INFO  http.BaseHttpServer (BaseHttpServer.java:<init>(107)) - Hadoop Security Enabled: false Ozone Security Enabled: false Ozone HTTP Security Enabled: false 
2022-08-04 23:29:42,773 [om1@group-C5BA1605619E-LeaderElection1] INFO  server.RaftServerConfigKeys (ConfUtils.java:logGet(46)) - raft.server.write.follower.gap.ratio.max = -1.0 (default)
2022-08-04 23:29:42,774 [Listener at 127.0.0.1/41765] INFO  server.AuthenticationFilter (AuthenticationFilter.java:constructSecretProvider(240)) - Unable to initialize FileSignerSecretProvider, falling back to use random secrets.
2022-08-04 23:29:42,776 [Listener at 127.0.0.1/41765] WARN  http.HttpRequestLog (HttpRequestLog.java:getRequestLog(103)) - Jetty request log can only be enabled using Log4j
2022-08-04 23:29:42,777 [Listener at 127.0.0.1/41765] INFO  http.HttpServer2 (HttpServer2.java:addGlobalFilter(1029)) - Added global filter 'safety' (class=org.apache.hadoop.hdds.server.http.HttpServer2$QuotingInputFilter)
2022-08-04 23:29:42,778 [Listener at 127.0.0.1/41765] INFO  http.HttpServer2 (HttpServer2.java:addFilter(1005)) - Added filter static_user_filter (class=org.apache.hadoop.http.lib.StaticUserWebFilter$StaticUserFilter) to context hddsDatanode
2022-08-04 23:29:42,778 [Listener at 127.0.0.1/41765] INFO  http.HttpServer2 (HttpServer2.java:addFilter(1013)) - Added filter static_user_filter (class=org.apache.hadoop.http.lib.StaticUserWebFilter$StaticUserFilter) to context logs
2022-08-04 23:29:42,778 [Listener at 127.0.0.1/41765] INFO  http.HttpServer2 (HttpServer2.java:addFilter(1013)) - Added filter static_user_filter (class=org.apache.hadoop.http.lib.StaticUserWebFilter$StaticUserFilter) to context static
2022-08-04 23:29:42,779 [Listener at 127.0.0.1/41765] INFO  http.HttpServer2 (HttpServer2.java:bindListener(1248)) - Jetty bound to port 37171
2022-08-04 23:29:42,779 [Listener at 127.0.0.1/41765] INFO  server.Server (Server.java:doStart(375)) - jetty-9.4.43.v20210629; built: 2021-06-30T11:07:22.254Z; git: 526006ecfa3af7f1a27ef3a288e2bef7ea9dd7e8; jvm 1.8.0_332-b09
2022-08-04 23:29:42,782 [om1@group-C5BA1605619E-LeaderElection1] INFO  impl.RoleInfo (RoleInfo.java:updateAndGet(139)) - om1: start om1@group-C5BA1605619E-LeaderStateImpl
2022-08-04 23:29:42,788 [Listener at 127.0.0.1/41765] INFO  server.session (DefaultSessionIdManager.java:doStart(334)) - DefaultSessionIdManager workerName=node0
2022-08-04 23:29:42,789 [Listener at 127.0.0.1/41765] INFO  server.session (DefaultSessionIdManager.java:doStart(339)) - No SessionScavenger set, using defaults
2022-08-04 23:29:42,789 [Listener at 127.0.0.1/41765] INFO  server.session (HouseKeeper.java:startScavenging(132)) - node0 Scavenging every 600000ms
2022-08-04 23:29:42,790 [Listener at 127.0.0.1/41765] INFO  handler.ContextHandler (ContextHandler.java:doStart(915)) - Started o.e.j.s.ServletContextHandler@48a28383{logs,/logs,file:///home/runner/work/ozone/ozone/hadoop-ozone/integration-test/target/log,AVAILABLE}
2022-08-04 23:29:42,790 [Listener at 127.0.0.1/41765] INFO  handler.ContextHandler (ContextHandler.java:doStart(915)) - Started o.e.j.s.ServletContextHandler@40eeb885{static,/static,jar:file:/home/runner/.m2/repository/org/apache/ozone/hdds-container-service/1.3.0-SNAPSHOT/hdds-container-service-1.3.0-SNAPSHOT.jar!/webapps/static,AVAILABLE}
2022-08-04 23:29:42,821 [om1@group-C5BA1605619E-LeaderElection1] INFO  segmented.SegmentedRaftLogWorker (SegmentedRaftLogWorker.java:startLogSegment(425)) - om1@group-C5BA1605619E-SegmentedRaftLogWorker: Starting segment from index:0
2022-08-04 23:29:42,882 [om1@group-C5BA1605619E-LeaderElection1] INFO  server.RaftServer$Division (ServerState.java:setRaftConf(393)) - om1@group-C5BA1605619E: set configuration 0: [om1|rpc:localhost:9872|admin:|client:|dataStream:|priority:0], old=null
2022-08-04 23:29:42,955 [om1@group-C5BA1605619E-SegmentedRaftLogWorker] INFO  segmented.SegmentedRaftLogWorker (SegmentedRaftLogWorker.java:execute(629)) - om1@group-C5BA1605619E-SegmentedRaftLogWorker: created new log segment /home/runner/work/ozone/ozone/hadoop-ozone/integration-test/target/test-dir/MiniOzoneClusterImpl-9f329032-b852-4d71-b4c8-c146519b003b/ozone-meta/ratis/bf265839-605b-3f16-9796-c5ba1605619e/current/log_inprogress_0
2022-08-04 23:29:43,044 [Listener at 127.0.0.1/41765] INFO  handler.ContextHandler (ContextHandler.java:doStart(915)) - Started o.e.j.w.WebAppContext@43ec0f22{hddsDatanode,/,file:///tmp/jetty-0_0_0_0-37171-hdds-container-service-1_3_0-SNAPSHOT_jar-_-any-4636376827460071151/webapp/,AVAILABLE}{jar:file:/home/runner/.m2/repository/org/apache/ozone/hdds-container-service/1.3.0-SNAPSHOT/hdds-container-service-1.3.0-SNAPSHOT.jar!/webapps/hddsDatanode}
2022-08-04 23:29:43,046 [Listener at 127.0.0.1/41765] INFO  server.AbstractConnector (AbstractConnector.java:doStart(331)) - Started ServerConnector@3a2cf8b1{HTTP/1.1, (http/1.1)}{0.0.0.0:37171}
2022-08-04 23:29:43,046 [Listener at 127.0.0.1/41765] INFO  server.Server (Server.java:doStart(415)) - Started @8039ms
2022-08-04 23:29:43,046 [Listener at 127.0.0.1/41765] WARN  impl.MetricsSystemImpl (MetricsSystemImpl.java:register(279)) - Sink prometheus already exists!
2022-08-04 23:29:43,047 [Listener at 127.0.0.1/41765] INFO  http.BaseHttpServer (BaseHttpServer.java:updateConnectorAddress(329)) - HTTP server of hddsDatanode listening at http://0.0.0.0:37171
2022-08-04 23:29:43,047 [Listener at 127.0.0.1/41765] WARN  impl.MetricRegistriesImpl (MetricRegistriesImpl.java:addReporterRegistration(111)) - New reporters are added after registries were created. Some metrics will be missing from the reporter. Please add reporter before adding any new registry.
2022-08-04 23:29:43,048 [Listener at 127.0.0.1/41765] WARN  impl.MetricRegistriesImpl (MetricRegistriesImpl.java:addReporterRegistration(111)) - New reporters are added after registries were created. Some metrics will be missing from the reporter. Please add reporter before adding any new registry.
2022-08-04 23:29:43,048 [Listener at 127.0.0.1/41765] INFO  impl.MetricsSystemImpl (MetricsSystemImpl.java:init(158)) - HddsDatanode metrics system started (again)
2022-08-04 23:29:43,059 [Listener at 127.0.0.1/41765] INFO  ozone.HddsDatanodeService (HddsDatanodeService.java:start(236)) - HddsDatanodeService host:fv-az241-597.bb25ywkzvhnelkltyshw0e441e.jx.internal.cloudapp.net ip:10.1.0.37
2022-08-04 23:29:43,061 [Datanode State Machine Daemon Thread] INFO  statemachine.DatanodeStateMachine (DatanodeStateMachine.java:lambda$startDaemon$0(492)) - Ozone container server started.
2022-08-04 23:29:43,057 [om1@group-C5BA1605619E-StateMachineUpdater] INFO  ratis.OzoneManagerStateMachine (OzoneManagerStateMachine.java:notifyConfigurationChanged(192)) - Received Configuration change notification from Ratis. New Peer list:
[id: "om1"
address: "localhost:9872"
]
2022-08-04 23:29:43,079 [org.apache.hadoop.util.JvmPauseMonitor$Monitor@42e06d82] INFO  util.JvmPauseMonitor (JvmPauseMonitor.java:run(188)) - Starting JVM pause monitor
2022-08-04 23:29:43,090 [Datanode State Machine Task Thread - 0] INFO  datanode.InitDatanodeState (InitDatanodeState.java:persistContainerDatanodeDetails(138)) - DatanodeDetails is persisted to /home/runner/work/ozone/ozone/hadoop-ozone/integration-test/target/test-dir/MiniOzoneClusterImpl-9f329032-b852-4d71-b4c8-c146519b003b/datanode-1/meta/datanode.id
2022-08-04 23:29:43,094 [Listener at 127.0.0.1/41765] INFO  upgrade.AbstractLayoutVersionManager (AbstractLayoutVersionManager.java:init(83)) - Initializing Layout version manager with metadata layout = DATANODE_SCHEMA_V3 (version = 4), software layout = DATANODE_SCHEMA_V3 (version = 4)
2022-08-04 23:29:43,136 [Listener at 127.0.0.1/41765] INFO  reflections.Reflections (Reflections.java:scan(232)) - Reflections took 41 ms to scan 7 urls, producing 132 keys and 321 values 
2022-08-04 23:29:43,139 [Listener at 127.0.0.1/41765] INFO  statemachine.DatanodeStateMachine (DatanodeStateMachine.java:getEndPointTaskThreadPoolSize(237)) - Datanode State Machine Task Thread Pool size 2
2022-08-04 23:29:43,145 [Listener at 127.0.0.1/41765] INFO  volume.HddsVolume (HddsVolume.java:<init>(116)) - Creating HddsVolume: /home/runner/work/ozone/ozone/hadoop-ozone/integration-test/target/test-dir/MiniOzoneClusterImpl-9f329032-b852-4d71-b4c8-c146519b003b/datanode-2/data-0/containers/hdds of storage type : DISK capacity : 9223372036854775807
2022-08-04 23:29:43,145 [Listener at 127.0.0.1/41765] INFO  volume.MutableVolumeSet (MutableVolumeSet.java:initializeVolumeSet(174)) - Added Volume : /home/runner/work/ozone/ozone/hadoop-ozone/integration-test/target/test-dir/MiniOzoneClusterImpl-9f329032-b852-4d71-b4c8-c146519b003b/datanode-2/data-0/containers/hdds to VolumeSet
2022-08-04 23:29:43,145 [Listener at 127.0.0.1/41765] INFO  volume.ThrottledAsyncChecker (ThrottledAsyncChecker.java:schedule(141)) - Scheduling a check for /home/runner/work/ozone/ozone/hadoop-ozone/integration-test/target/test-dir/MiniOzoneClusterImpl-9f329032-b852-4d71-b4c8-c146519b003b/datanode-2/data-0/containers/hdds
2022-08-04 23:29:43,151 [Listener at 127.0.0.1/41765] INFO  volume.StorageVolumeChecker (StorageVolumeChecker.java:checkAllVolumes(202)) - Scheduled health check for volume /home/runner/work/ozone/ozone/hadoop-ozone/integration-test/target/test-dir/MiniOzoneClusterImpl-9f329032-b852-4d71-b4c8-c146519b003b/datanode-2/data-0/containers/hdds
2022-08-04 23:29:43,166 [Listener at 127.0.0.1/41765] INFO  volume.MutableVolumeSet (MutableVolumeSet.java:initializeVolumeSet(174)) - Added Volume : /home/runner/work/ozone/ozone/hadoop-ozone/integration-test/target/test-dir/MiniOzoneClusterImpl-9f329032-b852-4d71-b4c8-c146519b003b/datanode-2/data/ratis to VolumeSet
2022-08-04 23:29:43,166 [Listener at 127.0.0.1/41765] INFO  volume.ThrottledAsyncChecker (ThrottledAsyncChecker.java:schedule(141)) - Scheduling a check for /home/runner/work/ozone/ozone/hadoop-ozone/integration-test/target/test-dir/MiniOzoneClusterImpl-9f329032-b852-4d71-b4c8-c146519b003b/datanode-2/data/ratis
2022-08-04 23:29:43,166 [Listener at 127.0.0.1/41765] INFO  volume.StorageVolumeChecker (StorageVolumeChecker.java:checkAllVolumes(202)) - Scheduled health check for volume /home/runner/work/ozone/ozone/hadoop-ozone/integration-test/target/test-dir/MiniOzoneClusterImpl-9f329032-b852-4d71-b4c8-c146519b003b/datanode-2/data/ratis
2022-08-04 23:29:43,177 [Thread-164] INFO  ozoneimpl.ContainerReader (ContainerReader.java:readVolume(175)) - Finish verifying containers on volume /home/runner/work/ozone/ozone/hadoop-ozone/integration-test/target/test-dir/MiniOzoneClusterImpl-9f329032-b852-4d71-b4c8-c146519b003b/datanode-2/data-0/containers/hdds
2022-08-04 23:29:43,177 [Listener at 127.0.0.1/41765] INFO  ozoneimpl.OzoneContainer (OzoneContainer.java:buildContainerSet(299)) - Build ContainerSet costs 0s
2022-08-04 23:29:43,179 [Listener at 127.0.0.1/41765] INFO  server.RaftServer (ConfUtils.java:logGet(46)) - raft.rpc.type = GRPC (default)
2022-08-04 23:29:43,180 [Listener at 127.0.0.1/41765] INFO  grpc.GrpcFactory (GrpcFactory.java:checkPooledByteBufAllocatorUseCacheForAllThreads(48)) - PERFORMANCE WARNING: useCacheForAllThreads is true that may cause Netty to create a lot garbage objects and, as a result, trigger GC.
	It is recommended to disable useCacheForAllThreads by setting -Dorg.apache.ratis.thirdparty.io.netty.allocator.useCacheForAllThreads=false in command line.
2022-08-04 23:29:43,180 [Listener at 127.0.0.1/41765] INFO  grpc.GrpcConfigKeys (ConfUtils.java:logGet(46)) - raft.grpc.admin.port = 0 (custom)
2022-08-04 23:29:43,180 [Listener at 127.0.0.1/41765] INFO  grpc.GrpcConfigKeys (ConfUtils.java:logGet(46)) - raft.grpc.client.port = 0 (custom)
2022-08-04 23:29:43,180 [Listener at 127.0.0.1/41765] INFO  grpc.GrpcConfigKeys (ConfUtils.java:logGet(46)) - raft.grpc.server.port = 0 (default)
2022-08-04 23:29:43,180 [Listener at 127.0.0.1/41765] INFO  server.GrpcService (ConfUtils.java:logGet(46)) - raft.grpc.message.size.max = 32MB (=33554432) (custom)
2022-08-04 23:29:43,180 [Listener at 127.0.0.1/41765] INFO  server.RaftServerConfigKeys (ConfUtils.java:logGet(46)) - raft.server.log.appender.buffer.byte-limit = 33554432 (custom)
2022-08-04 23:29:43,180 [Listener at 127.0.0.1/41765] INFO  server.GrpcService (ConfUtils.java:logGet(46)) - raft.grpc.flow.control.window = 5MB (=5242880) (custom)
2022-08-04 23:29:43,181 [Listener at 127.0.0.1/41765] INFO  server.RaftServerConfigKeys (ConfUtils.java:logGet(46)) - raft.server.rpc.request.timeout = 60s (custom)
2022-08-04 23:29:43,181 [Listener at 127.0.0.1/41765] INFO  grpc.GrpcConfigKeys (ConfUtils.java:logGet(46)) - raft.grpc.server.async.request.thread.pool.cached = true (default)
2022-08-04 23:29:43,181 [Listener at 127.0.0.1/41765] INFO  grpc.GrpcConfigKeys (ConfUtils.java:logGet(46)) - raft.grpc.server.async.request.thread.pool.size = 32 (default)
2022-08-04 23:29:43,182 [Listener at 127.0.0.1/41765] INFO  impl.DataStreamServerImpl (ConfUtils.java:logGet(46)) - raft.datastream.type = DISABLED (default)
2022-08-04 23:29:43,182 [Listener at 127.0.0.1/41765] INFO  server.RaftServerConfigKeys (ConfUtils.java:logGet(46)) - raft.server.threadpool.proxy.cached = true (default)
2022-08-04 23:29:43,182 [Listener at 127.0.0.1/41765] INFO  server.RaftServerConfigKeys (ConfUtils.java:logGet(46)) - raft.server.threadpool.proxy.size = 0 (default)
2022-08-04 23:29:43,182 [Listener at 127.0.0.1/41765] INFO  server.RaftServerConfigKeys (ConfUtils.java:logGet(46)) - raft.server.rpc.slowness.timeout = 300s (custom)
2022-08-04 23:29:43,182 [Listener at 127.0.0.1/41765] INFO  server.RaftServerConfigKeys (ConfUtils.java:logGet(46)) - raft.server.leaderelection.leader.step-down.wait-time = 10s (default)
2022-08-04 23:29:43,183 [Listener at 127.0.0.1/41765] INFO  server.RaftServerConfigKeys (ConfUtils.java:logGet(46)) - raft.server.storage.dir = [/home/runner/work/ozone/ozone/hadoop-ozone/integration-test/target/test-dir/MiniOzoneClusterImpl-9f329032-b852-4d71-b4c8-c146519b003b/datanode-2/data/ratis] (custom)
2022-08-04 23:29:43,187 [Listener at 127.0.0.1/41765] INFO  server.XceiverServerGrpc (XceiverServerGrpc.java:<init>(132)) - GrpcServer channel type EpollServerSocketChannel
2022-08-04 23:29:43,193 [Listener at 127.0.0.1/41765] INFO  http.BaseHttpServer (BaseHttpServer.java:newHttpServer2BuilderForOzone(209)) - Starting Web-server for hddsDatanode at: http://0.0.0.0:0
2022-08-04 23:29:43,193 [Listener at 127.0.0.1/41765] INFO  http.BaseHttpServer (BaseHttpServer.java:<init>(107)) - Hadoop Security Enabled: false Ozone Security Enabled: false Ozone HTTP Security Enabled: false 
2022-08-04 23:29:43,194 [Listener at 127.0.0.1/41765] INFO  server.AuthenticationFilter (AuthenticationFilter.java:constructSecretProvider(240)) - Unable to initialize FileSignerSecretProvider, falling back to use random secrets.
2022-08-04 23:29:43,194 [Listener at 127.0.0.1/41765] WARN  http.HttpRequestLog (HttpRequestLog.java:getRequestLog(103)) - Jetty request log can only be enabled using Log4j
2022-08-04 23:29:43,196 [Listener at 127.0.0.1/41765] INFO  http.HttpServer2 (HttpServer2.java:addGlobalFilter(1029)) - Added global filter 'safety' (class=org.apache.hadoop.hdds.server.http.HttpServer2$QuotingInputFilter)
2022-08-04 23:29:43,197 [Listener at 127.0.0.1/41765] INFO  http.HttpServer2 (HttpServer2.java:addFilter(1005)) - Added filter static_user_filter (class=org.apache.hadoop.http.lib.StaticUserWebFilter$StaticUserFilter) to context hddsDatanode
2022-08-04 23:29:43,197 [Listener at 127.0.0.1/41765] INFO  http.HttpServer2 (HttpServer2.java:addFilter(1013)) - Added filter static_user_filter (class=org.apache.hadoop.http.lib.StaticUserWebFilter$StaticUserFilter) to context static
2022-08-04 23:29:43,197 [Listener at 127.0.0.1/41765] INFO  http.HttpServer2 (HttpServer2.java:addFilter(1013)) - Added filter static_user_filter (class=org.apache.hadoop.http.lib.StaticUserWebFilter$StaticUserFilter) to context logs
2022-08-04 23:29:43,198 [Listener at 127.0.0.1/41765] INFO  http.HttpServer2 (HttpServer2.java:bindListener(1248)) - Jetty bound to port 45665
2022-08-04 23:29:43,198 [Listener at 127.0.0.1/41765] INFO  server.Server (Server.java:doStart(375)) - jetty-9.4.43.v20210629; built: 2021-06-30T11:07:22.254Z; git: 526006ecfa3af7f1a27ef3a288e2bef7ea9dd7e8; jvm 1.8.0_332-b09
2022-08-04 23:29:43,207 [Listener at 127.0.0.1/41765] INFO  server.session (DefaultSessionIdManager.java:doStart(334)) - DefaultSessionIdManager workerName=node0
2022-08-04 23:29:43,207 [Listener at 127.0.0.1/41765] INFO  server.session (DefaultSessionIdManager.java:doStart(339)) - No SessionScavenger set, using defaults
2022-08-04 23:29:43,207 [Listener at 127.0.0.1/41765] INFO  server.session (HouseKeeper.java:startScavenging(132)) - node0 Scavenging every 600000ms
2022-08-04 23:29:43,208 [Listener at 127.0.0.1/41765] INFO  handler.ContextHandler (ContextHandler.java:doStart(915)) - Started o.e.j.s.ServletContextHandler@57eab3f5{logs,/logs,file:///home/runner/work/ozone/ozone/hadoop-ozone/integration-test/target/log,AVAILABLE}
2022-08-04 23:29:43,209 [Listener at 127.0.0.1/41765] INFO  handler.ContextHandler (ContextHandler.java:doStart(915)) - Started o.e.j.s.ServletContextHandler@34abbd8d{static,/static,jar:file:/home/runner/.m2/repository/org/apache/ozone/hdds-container-service/1.3.0-SNAPSHOT/hdds-container-service-1.3.0-SNAPSHOT.jar!/webapps/static,AVAILABLE}
2022-08-04 23:29:43,375 [Listener at 127.0.0.1/41765] INFO  handler.ContextHandler (ContextHandler.java:doStart(915)) - Started o.e.j.w.WebAppContext@7f4fbfb9{hddsDatanode,/,file:///tmp/jetty-0_0_0_0-45665-hdds-container-service-1_3_0-SNAPSHOT_jar-_-any-7449221354781617540/webapp/,AVAILABLE}{jar:file:/home/runner/.m2/repository/org/apache/ozone/hdds-container-service/1.3.0-SNAPSHOT/hdds-container-service-1.3.0-SNAPSHOT.jar!/webapps/hddsDatanode}
2022-08-04 23:29:43,376 [Listener at 127.0.0.1/41765] INFO  server.AbstractConnector (AbstractConnector.java:doStart(331)) - Started ServerConnector@6cef2367{HTTP/1.1, (http/1.1)}{0.0.0.0:45665}
2022-08-04 23:29:43,376 [Listener at 127.0.0.1/41765] INFO  server.Server (Server.java:doStart(415)) - Started @8370ms
2022-08-04 23:29:43,376 [Listener at 127.0.0.1/41765] WARN  impl.MetricsSystemImpl (MetricsSystemImpl.java:register(279)) - Sink prometheus already exists!
2022-08-04 23:29:43,377 [Listener at 127.0.0.1/41765] INFO  http.BaseHttpServer (BaseHttpServer.java:updateConnectorAddress(329)) - HTTP server of hddsDatanode listening at http://0.0.0.0:45665
2022-08-04 23:29:43,377 [Datanode State Machine Daemon Thread] INFO  statemachine.DatanodeStateMachine (DatanodeStateMachine.java:lambda$startDaemon$0(492)) - Ozone container server started.
2022-08-04 23:29:43,379 [Listener at 127.0.0.1/41765] INFO  ozone.MiniOzoneClusterImpl (MiniOzoneClusterImpl.java:lambda$waitForClusterToBeReady$0(216)) - Waiting for nodes to be ready. Got 0 of 3 DN Heartbeats.
2022-08-04 23:29:43,380 [Listener at 127.0.0.1/41765] INFO  ozone.MiniOzoneClusterImpl (MiniOzoneClusterImpl.java:lambda$waitForClusterToBeReady$0(219)) - Waiting for cluster to exit safe mode
2022-08-04 23:29:43,380 [Listener at 127.0.0.1/41765] INFO  ozone.MiniOzoneClusterImpl (MiniOzoneClusterImpl.java:lambda$waitForClusterToBeReady$0(221)) - SCM became leader
2022-08-04 23:29:43,391 [org.apache.hadoop.util.JvmPauseMonitor$Monitor@4b74621d] INFO  util.JvmPauseMonitor (JvmPauseMonitor.java:run(188)) - Starting JVM pause monitor
2022-08-04 23:29:43,393 [Datanode State Machine Task Thread - 0] INFO  datanode.InitDatanodeState (InitDatanodeState.java:persistContainerDatanodeDetails(138)) - DatanodeDetails is persisted to /home/runner/work/ozone/ozone/hadoop-ozone/integration-test/target/test-dir/MiniOzoneClusterImpl-9f329032-b852-4d71-b4c8-c146519b003b/datanode-2/meta/datanode.id
2022-08-04 23:29:44,380 [Listener at 127.0.0.1/41765] INFO  ozone.MiniOzoneClusterImpl (MiniOzoneClusterImpl.java:lambda$waitForClusterToBeReady$0(216)) - Waiting for nodes to be ready. Got 0 of 3 DN Heartbeats.
2022-08-04 23:29:44,381 [Listener at 127.0.0.1/41765] INFO  ozone.MiniOzoneClusterImpl (MiniOzoneClusterImpl.java:lambda$waitForClusterToBeReady$0(219)) - Waiting for cluster to exit safe mode
2022-08-04 23:29:44,381 [Listener at 127.0.0.1/41765] INFO  ozone.MiniOzoneClusterImpl (MiniOzoneClusterImpl.java:lambda$waitForClusterToBeReady$0(221)) - SCM became leader
2022-08-04 23:29:44,634 [EndpointStateMachine task thread for /0.0.0.0:41655 - 0 ] INFO  volume.HddsVolume (HddsVolume.java:createDbStore(309)) - SchemaV3 db is created and loaded at /home/runner/work/ozone/ozone/hadoop-ozone/integration-test/target/test-dir/MiniOzoneClusterImpl-9f329032-b852-4d71-b4c8-c146519b003b/datanode-0/data-0/containers/hdds/9f329032-b852-4d71-b4c8-c146519b003b/DS-98e28782-9826-4ef3-a9e9-3ea264022414/container.db for volume DS-98e28782-9826-4ef3-a9e9-3ea264022414
2022-08-04 23:29:44,637 [EndpointStateMachine task thread for /0.0.0.0:41655 - 0 ] INFO  volume.HddsVolume (HddsVolume.java:closeDbStore(340)) - SchemaV3 db is stopped at /home/runner/work/ozone/ozone/hadoop-ozone/integration-test/target/test-dir/MiniOzoneClusterImpl-9f329032-b852-4d71-b4c8-c146519b003b/datanode-0/data-0/containers/hdds/9f329032-b852-4d71-b4c8-c146519b003b/DS-98e28782-9826-4ef3-a9e9-3ea264022414/container.db for volume DS-98e28782-9826-4ef3-a9e9-3ea264022414
2022-08-04 23:29:44,638 [EndpointStateMachine task thread for /0.0.0.0:41655 - 0 ] INFO  ozoneimpl.OzoneContainer (OzoneContainer.java:start(377)) - Attempting to start container services.
2022-08-04 23:29:44,639 [EndpointStateMachine task thread for /0.0.0.0:41655 - 0 ] INFO  ozoneimpl.OzoneContainer (OzoneContainer.java:startContainerScrub(312)) - Background container scanner has been disabled.
2022-08-04 23:29:44,641 [EndpointStateMachine task thread for /0.0.0.0:41655 - 0 ] INFO  replication.ReplicationServer (ReplicationServer.java:start(111)) - ReplicationServer is started using port 37865
2022-08-04 23:29:44,643 [EndpointStateMachine task thread for /0.0.0.0:41655 - 0 ] INFO  ratis.XceiverServerRatis (XceiverServerRatis.java:start(481)) - Starting XceiverServerRatis 1ae70e63-9738-4f7b-b13f-a5d5db090f9c
2022-08-04 23:29:44,648 [EndpointStateMachine task thread for /0.0.0.0:41655 - 0 ] INFO  server.RaftServer (RaftServerProxy.java:lambda$start$6(382)) - 1ae70e63-9738-4f7b-b13f-a5d5db090f9c: start RPC server
2022-08-04 23:29:44,652 [EndpointStateMachine task thread for /0.0.0.0:41655 - 0 ] INFO  server.GrpcService (GrpcService.java:startImpl(260)) - 1ae70e63-9738-4f7b-b13f-a5d5db090f9c: GrpcService started, listening on 36723
2022-08-04 23:29:44,653 [EndpointStateMachine task thread for /0.0.0.0:41655 - 0 ] INFO  ratis.XceiverServerRatis (XceiverServerRatis.java:getRealPort(502)) - XceiverServerRatis 1ae70e63-9738-4f7b-b13f-a5d5db090f9c is started using port 36723 for RATIS
2022-08-04 23:29:44,653 [EndpointStateMachine task thread for /0.0.0.0:41655 - 0 ] INFO  ratis.XceiverServerRatis (XceiverServerRatis.java:getRealPort(502)) - XceiverServerRatis 1ae70e63-9738-4f7b-b13f-a5d5db090f9c is started using port 36723 for RATIS_ADMIN
2022-08-04 23:29:44,653 [EndpointStateMachine task thread for /0.0.0.0:41655 - 0 ] INFO  ratis.XceiverServerRatis (XceiverServerRatis.java:getRealPort(502)) - XceiverServerRatis 1ae70e63-9738-4f7b-b13f-a5d5db090f9c is started using port 36723 for RATIS_SERVER
2022-08-04 23:29:44,653 [org.apache.ratis.util.JvmPauseMonitor$$Lambda$682/1302746218@6e53afb1] INFO  util.JvmPauseMonitor (JvmPauseMonitor.java:run(103)) - JvmPauseMonitor-1ae70e63-9738-4f7b-b13f-a5d5db090f9c: Started
2022-08-04 23:29:44,658 [EndpointStateMachine task thread for /0.0.0.0:41655 - 0 ] INFO  server.XceiverServerGrpc (XceiverServerGrpc.java:start(180)) - XceiverServerGrpc 1ae70e63-9738-4f7b-b13f-a5d5db090f9c is started using port 44345
2022-08-04 23:29:45,107 [EndpointStateMachine task thread for /0.0.0.0:41655 - 0 ] INFO  volume.HddsVolume (HddsVolume.java:createDbStore(309)) - SchemaV3 db is created and loaded at /home/runner/work/ozone/ozone/hadoop-ozone/integration-test/target/test-dir/MiniOzoneClusterImpl-9f329032-b852-4d71-b4c8-c146519b003b/datanode-1/data-0/containers/hdds/9f329032-b852-4d71-b4c8-c146519b003b/DS-5b46d981-4926-481e-ad6f-44e9d204786e/container.db for volume DS-5b46d981-4926-481e-ad6f-44e9d204786e
2022-08-04 23:29:45,108 [EndpointStateMachine task thread for /0.0.0.0:41655 - 0 ] INFO  volume.HddsVolume (HddsVolume.java:closeDbStore(340)) - SchemaV3 db is stopped at /home/runner/work/ozone/ozone/hadoop-ozone/integration-test/target/test-dir/MiniOzoneClusterImpl-9f329032-b852-4d71-b4c8-c146519b003b/datanode-1/data-0/containers/hdds/9f329032-b852-4d71-b4c8-c146519b003b/DS-5b46d981-4926-481e-ad6f-44e9d204786e/container.db for volume DS-5b46d981-4926-481e-ad6f-44e9d204786e
2022-08-04 23:29:45,108 [EndpointStateMachine task thread for /0.0.0.0:41655 - 0 ] INFO  ozoneimpl.OzoneContainer (OzoneContainer.java:start(377)) - Attempting to start container services.
2022-08-04 23:29:45,108 [EndpointStateMachine task thread for /0.0.0.0:41655 - 0 ] INFO  ozoneimpl.OzoneContainer (OzoneContainer.java:startContainerScrub(312)) - Background container scanner has been disabled.
2022-08-04 23:29:45,111 [EndpointStateMachine task thread for /0.0.0.0:41655 - 0 ] INFO  replication.ReplicationServer (ReplicationServer.java:start(111)) - ReplicationServer is started using port 37213
2022-08-04 23:29:45,111 [EndpointStateMachine task thread for /0.0.0.0:41655 - 0 ] INFO  ratis.XceiverServerRatis (XceiverServerRatis.java:start(481)) - Starting XceiverServerRatis c9503bac-ef38-43e8-a353-bcf9ec6894fb
2022-08-04 23:29:45,112 [EndpointStateMachine task thread for /0.0.0.0:41655 - 0 ] INFO  server.RaftServer (RaftServerProxy.java:lambda$start$6(382)) - c9503bac-ef38-43e8-a353-bcf9ec6894fb: start RPC server
2022-08-04 23:29:45,113 [EndpointStateMachine task thread for /0.0.0.0:41655 - 0 ] INFO  server.GrpcService (GrpcService.java:startImpl(260)) - c9503bac-ef38-43e8-a353-bcf9ec6894fb: GrpcService started, listening on 40601
2022-08-04 23:29:45,114 [EndpointStateMachine task thread for /0.0.0.0:41655 - 0 ] INFO  ratis.XceiverServerRatis (XceiverServerRatis.java:getRealPort(502)) - XceiverServerRatis c9503bac-ef38-43e8-a353-bcf9ec6894fb is started using port 40601 for RATIS
2022-08-04 23:29:45,114 [org.apache.ratis.util.JvmPauseMonitor$$Lambda$682/1302746218@6c28e06d] INFO  util.JvmPauseMonitor (JvmPauseMonitor.java:run(103)) - JvmPauseMonitor-c9503bac-ef38-43e8-a353-bcf9ec6894fb: Started
2022-08-04 23:29:45,114 [EndpointStateMachine task thread for /0.0.0.0:41655 - 0 ] INFO  ratis.XceiverServerRatis (XceiverServerRatis.java:getRealPort(502)) - XceiverServerRatis c9503bac-ef38-43e8-a353-bcf9ec6894fb is started using port 40601 for RATIS_ADMIN
2022-08-04 23:29:45,114 [EndpointStateMachine task thread for /0.0.0.0:41655 - 0 ] INFO  ratis.XceiverServerRatis (XceiverServerRatis.java:getRealPort(502)) - XceiverServerRatis c9503bac-ef38-43e8-a353-bcf9ec6894fb is started using port 40601 for RATIS_SERVER
2022-08-04 23:29:45,115 [EndpointStateMachine task thread for /0.0.0.0:41655 - 0 ] INFO  server.XceiverServerGrpc (XceiverServerGrpc.java:start(180)) - XceiverServerGrpc c9503bac-ef38-43e8-a353-bcf9ec6894fb is started using port 34285
2022-08-04 23:29:45,381 [Listener at 127.0.0.1/41765] INFO  ozone.MiniOzoneClusterImpl (MiniOzoneClusterImpl.java:lambda$waitForClusterToBeReady$0(216)) - Waiting for nodes to be ready. Got 0 of 3 DN Heartbeats.
2022-08-04 23:29:45,382 [Listener at 127.0.0.1/41765] INFO  ozone.MiniOzoneClusterImpl (MiniOzoneClusterImpl.java:lambda$waitForClusterToBeReady$0(219)) - Waiting for cluster to exit safe mode
2022-08-04 23:29:45,382 [Listener at 127.0.0.1/41765] INFO  ozone.MiniOzoneClusterImpl (MiniOzoneClusterImpl.java:lambda$waitForClusterToBeReady$0(221)) - SCM became leader
2022-08-04 23:29:45,418 [EndpointStateMachine task thread for /0.0.0.0:41655 - 0 ] INFO  volume.HddsVolume (HddsVolume.java:createDbStore(309)) - SchemaV3 db is created and loaded at /home/runner/work/ozone/ozone/hadoop-ozone/integration-test/target/test-dir/MiniOzoneClusterImpl-9f329032-b852-4d71-b4c8-c146519b003b/datanode-2/data-0/containers/hdds/9f329032-b852-4d71-b4c8-c146519b003b/DS-444b5b7c-598a-45a1-a538-ac6975fbe026/container.db for volume DS-444b5b7c-598a-45a1-a538-ac6975fbe026
2022-08-04 23:29:45,419 [EndpointStateMachine task thread for /0.0.0.0:41655 - 0 ] INFO  volume.HddsVolume (HddsVolume.java:closeDbStore(340)) - SchemaV3 db is stopped at /home/runner/work/ozone/ozone/hadoop-ozone/integration-test/target/test-dir/MiniOzoneClusterImpl-9f329032-b852-4d71-b4c8-c146519b003b/datanode-2/data-0/containers/hdds/9f329032-b852-4d71-b4c8-c146519b003b/DS-444b5b7c-598a-45a1-a538-ac6975fbe026/container.db for volume DS-444b5b7c-598a-45a1-a538-ac6975fbe026
2022-08-04 23:29:45,419 [EndpointStateMachine task thread for /0.0.0.0:41655 - 0 ] INFO  ozoneimpl.OzoneContainer (OzoneContainer.java:start(377)) - Attempting to start container services.
2022-08-04 23:29:45,419 [EndpointStateMachine task thread for /0.0.0.0:41655 - 0 ] INFO  ozoneimpl.OzoneContainer (OzoneContainer.java:startContainerScrub(312)) - Background container scanner has been disabled.
2022-08-04 23:29:45,420 [EndpointStateMachine task thread for /0.0.0.0:41655 - 0 ] INFO  replication.ReplicationServer (ReplicationServer.java:start(111)) - ReplicationServer is started using port 42777
2022-08-04 23:29:45,421 [EndpointStateMachine task thread for /0.0.0.0:41655 - 0 ] INFO  ratis.XceiverServerRatis (XceiverServerRatis.java:start(481)) - Starting XceiverServerRatis 23c1664a-1022-4025-96e5-5155d23dedff
2022-08-04 23:29:45,422 [EndpointStateMachine task thread for /0.0.0.0:41655 - 0 ] INFO  server.RaftServer (RaftServerProxy.java:lambda$start$6(382)) - 23c1664a-1022-4025-96e5-5155d23dedff: start RPC server
2022-08-04 23:29:45,423 [EndpointStateMachine task thread for /0.0.0.0:41655 - 0 ] INFO  server.GrpcService (GrpcService.java:startImpl(260)) - 23c1664a-1022-4025-96e5-5155d23dedff: GrpcService started, listening on 41659
2022-08-04 23:29:45,423 [EndpointStateMachine task thread for /0.0.0.0:41655 - 0 ] INFO  ratis.XceiverServerRatis (XceiverServerRatis.java:getRealPort(502)) - XceiverServerRatis 23c1664a-1022-4025-96e5-5155d23dedff is started using port 41659 for RATIS
2022-08-04 23:29:45,424 [EndpointStateMachine task thread for /0.0.0.0:41655 - 0 ] INFO  ratis.XceiverServerRatis (XceiverServerRatis.java:getRealPort(502)) - XceiverServerRatis 23c1664a-1022-4025-96e5-5155d23dedff is started using port 41659 for RATIS_ADMIN
2022-08-04 23:29:45,424 [EndpointStateMachine task thread for /0.0.0.0:41655 - 0 ] INFO  ratis.XceiverServerRatis (XceiverServerRatis.java:getRealPort(502)) - XceiverServerRatis 23c1664a-1022-4025-96e5-5155d23dedff is started using port 41659 for RATIS_SERVER
2022-08-04 23:29:45,424 [org.apache.ratis.util.JvmPauseMonitor$$Lambda$682/1302746218@48c7657a] INFO  util.JvmPauseMonitor (JvmPauseMonitor.java:run(103)) - JvmPauseMonitor-23c1664a-1022-4025-96e5-5155d23dedff: Started
2022-08-04 23:29:45,426 [EndpointStateMachine task thread for /0.0.0.0:41655 - 0 ] INFO  server.XceiverServerGrpc (XceiverServerGrpc.java:start(180)) - XceiverServerGrpc 23c1664a-1022-4025-96e5-5155d23dedff is started using port 39855
2022-08-04 23:29:46,383 [Listener at 127.0.0.1/41765] INFO  ozone.MiniOzoneClusterImpl (MiniOzoneClusterImpl.java:lambda$waitForClusterToBeReady$0(216)) - Waiting for nodes to be ready. Got 0 of 3 DN Heartbeats.
2022-08-04 23:29:46,383 [Listener at 127.0.0.1/41765] INFO  ozone.MiniOzoneClusterImpl (MiniOzoneClusterImpl.java:lambda$waitForClusterToBeReady$0(219)) - Waiting for cluster to exit safe mode
2022-08-04 23:29:46,383 [Listener at 127.0.0.1/41765] INFO  ozone.MiniOzoneClusterImpl (MiniOzoneClusterImpl.java:lambda$waitForClusterToBeReady$0(221)) - SCM became leader
2022-08-04 23:29:46,564 [IPC Server handler 18 on default port 41655] INFO  net.NetworkTopologyImpl (NetworkTopologyImpl.java:add(112)) - Added a new node: /default-rack/1ae70e63-9738-4f7b-b13f-a5d5db090f9c
2022-08-04 23:29:46,566 [IPC Server handler 18 on default port 41655] INFO  node.SCMNodeManager (SCMNodeManager.java:register(397)) - Registered Data node : 1ae70e63-9738-4f7b-b13f-a5d5db090f9c{ip: 10.1.0.37, host: fv-az241-597.bb25ywkzvhnelkltyshw0e441e.jx.internal.cloudapp.net, ports: [REPLICATION=37865, RATIS=36723, RATIS_ADMIN=36723, RATIS_SERVER=36723, STANDALONE=44345], networkLocation: /default-rack, certSerialId: null, persistedOpState: null, persistedOpStateExpiryEpochSec: 0}
2022-08-04 23:29:46,568 [EventQueue-NewNodeForNewNodeHandler] INFO  pipeline.BackgroundPipelineCreator (BackgroundPipelineCreator.java:notifyEventTriggered(276)) - trigger a one-shot run on RatisPipelineUtilsThread.
2022-08-04 23:29:46,577 [RatisPipelineUtilsThread - 0] INFO  pipeline.RatisPipelineProvider (RatisPipelineProvider.java:lambda$create$0(195)) - Sending CreatePipelineCommand for pipeline:PipelineID=fd2621a1-1ba2-46fc-815b-cfe997357b6f to datanode:1ae70e63-9738-4f7b-b13f-a5d5db090f9c
2022-08-04 23:29:46,578 [EventQueue-NodeRegistrationContainerReportForDataNodeSafeModeRule] INFO  safemode.SCMSafeModeManager (DataNodeSafeModeRule.java:process(71)) - SCM in safe mode. 1 DataNodes registered, 3 required.
2022-08-04 23:29:46,579 [EventQueue-NodeRegistrationContainerReportForContainerSafeModeRule] INFO  safemode.SCMSafeModeManager (SCMSafeModeManager.java:validateSafeModeExitRules(204)) - ContainerSafeModeRule rule is successfully validated
2022-08-04 23:29:46,583 [EventQueue-PipelineReportForOneReplicaPipelineSafeModeRule] INFO  safemode.SCMSafeModeManager (SCMSafeModeManager.java:validateSafeModeExitRules(204)) - AtleastOneDatanodeReportedRule rule is successfully validated
2022-08-04 23:29:46,592 [RatisPipelineUtilsThread - 0] INFO  pipeline.PipelineStateManagerImpl (PipelineStateManagerImpl.java:addPipeline(103)) - Created pipeline Pipeline[ Id: fd2621a1-1ba2-46fc-815b-cfe997357b6f, Nodes: 1ae70e63-9738-4f7b-b13f-a5d5db090f9c{ip: 10.1.0.37, host: fv-az241-597.bb25ywkzvhnelkltyshw0e441e.jx.internal.cloudapp.net, ports: [REPLICATION=37865, RATIS=36723, RATIS_ADMIN=36723, RATIS_SERVER=36723, STANDALONE=44345], networkLocation: /default-rack, certSerialId: null, persistedOpState: IN_SERVICE, persistedOpStateExpiryEpochSec: 0}, ReplicationConfig: RATIS/ONE, State:ALLOCATED, leaderId:, CreationTimestamp2022-08-04T23:29:46.574Z[Etc/UTC]].
2022-08-04 23:29:47,080 [IPC Server handler 0 on default port 41655] INFO  net.NetworkTopologyImpl (NetworkTopologyImpl.java:add(112)) - Added a new node: /default-rack/c9503bac-ef38-43e8-a353-bcf9ec6894fb
2022-08-04 23:29:47,081 [IPC Server handler 0 on default port 41655] INFO  node.SCMNodeManager (SCMNodeManager.java:register(397)) - Registered Data node : c9503bac-ef38-43e8-a353-bcf9ec6894fb{ip: 10.1.0.37, host: fv-az241-597.bb25ywkzvhnelkltyshw0e441e.jx.internal.cloudapp.net, ports: [REPLICATION=37213, RATIS=40601, RATIS_ADMIN=40601, RATIS_SERVER=40601, STANDALONE=34285], networkLocation: /default-rack, certSerialId: null, persistedOpState: null, persistedOpStateExpiryEpochSec: 0}
2022-08-04 23:29:47,081 [EventQueue-NodeRegistrationContainerReportForDataNodeSafeModeRule] INFO  safemode.SCMSafeModeManager (DataNodeSafeModeRule.java:process(71)) - SCM in safe mode. 2 DataNodes registered, 3 required.
2022-08-04 23:29:47,081 [EventQueue-NewNodeForNewNodeHandler] INFO  pipeline.BackgroundPipelineCreator (BackgroundPipelineCreator.java:notifyEventTriggered(276)) - trigger a one-shot run on RatisPipelineUtilsThread.
2022-08-04 23:29:47,083 [RatisPipelineUtilsThread - 0] INFO  pipeline.RatisPipelineProvider (RatisPipelineProvider.java:lambda$create$0(195)) - Sending CreatePipelineCommand for pipeline:PipelineID=8daf9b6f-62ab-4159-af38-ba04475c25ea to datanode:c9503bac-ef38-43e8-a353-bcf9ec6894fb
2022-08-04 23:29:47,084 [RatisPipelineUtilsThread - 0] INFO  pipeline.PipelineStateManagerImpl (PipelineStateManagerImpl.java:addPipeline(103)) - Created pipeline Pipeline[ Id: 8daf9b6f-62ab-4159-af38-ba04475c25ea, Nodes: c9503bac-ef38-43e8-a353-bcf9ec6894fb{ip: 10.1.0.37, host: fv-az241-597.bb25ywkzvhnelkltyshw0e441e.jx.internal.cloudapp.net, ports: [REPLICATION=37213, RATIS=40601, RATIS_ADMIN=40601, RATIS_SERVER=40601, STANDALONE=34285], networkLocation: /default-rack, certSerialId: null, persistedOpState: IN_SERVICE, persistedOpStateExpiryEpochSec: 0}, ReplicationConfig: RATIS/ONE, State:ALLOCATED, leaderId:, CreationTimestamp2022-08-04T23:29:47.083Z[Etc/UTC]].
2022-08-04 23:29:47,384 [Listener at 127.0.0.1/41765] INFO  ozone.MiniOzoneClusterImpl (MiniOzoneClusterImpl.java:lambda$waitForClusterToBeReady$0(216)) - Waiting for nodes to be ready. Got 2 of 3 DN Heartbeats.
2022-08-04 23:29:47,384 [Listener at 127.0.0.1/41765] INFO  ozone.MiniOzoneClusterImpl (MiniOzoneClusterImpl.java:lambda$waitForClusterToBeReady$0(219)) - Waiting for cluster to exit safe mode
2022-08-04 23:29:47,385 [Listener at 127.0.0.1/41765] INFO  ozone.MiniOzoneClusterImpl (MiniOzoneClusterImpl.java:lambda$waitForClusterToBeReady$0(221)) - SCM became leader
2022-08-04 23:29:47,394 [IPC Server handler 19 on default port 41655] INFO  net.NetworkTopologyImpl (NetworkTopologyImpl.java:add(112)) - Added a new node: /default-rack/23c1664a-1022-4025-96e5-5155d23dedff
2022-08-04 23:29:47,395 [IPC Server handler 19 on default port 41655] INFO  node.SCMNodeManager (SCMNodeManager.java:register(397)) - Registered Data node : 23c1664a-1022-4025-96e5-5155d23dedff{ip: 10.1.0.37, host: fv-az241-597.bb25ywkzvhnelkltyshw0e441e.jx.internal.cloudapp.net, ports: [REPLICATION=42777, RATIS=41659, RATIS_ADMIN=41659, RATIS_SERVER=41659, STANDALONE=39855], networkLocation: /default-rack, certSerialId: null, persistedOpState: null, persistedOpStateExpiryEpochSec: 0}
2022-08-04 23:29:47,395 [EventQueue-NewNodeForNewNodeHandler] INFO  pipeline.BackgroundPipelineCreator (BackgroundPipelineCreator.java:notifyEventTriggered(276)) - trigger a one-shot run on RatisPipelineUtilsThread.
2022-08-04 23:29:47,395 [EventQueue-NodeRegistrationContainerReportForDataNodeSafeModeRule] INFO  safemode.SCMSafeModeManager (DataNodeSafeModeRule.java:process(71)) - SCM in safe mode. 3 DataNodes registered, 3 required.
2022-08-04 23:29:47,395 [EventQueue-NodeRegistrationContainerReportForDataNodeSafeModeRule] INFO  safemode.SCMSafeModeManager (SCMSafeModeManager.java:validateSafeModeExitRules(204)) - DataNodeSafeModeRule rule is successfully validated
2022-08-04 23:29:47,395 [EventQueue-NodeRegistrationContainerReportForDataNodeSafeModeRule] INFO  safemode.SCMSafeModeManager (SCMSafeModeManager.java:completePreCheck(233)) - All SCM safe mode pre check rules have passed
2022-08-04 23:29:47,396 [EventQueue-NodeRegistrationContainerReportForDataNodeSafeModeRule] WARN  events.EventQueue (EventQueue.java:fireEvent(216)) - No event handler registered for event TypedEvent{payloadType=SafeModeStatus, name='Safe mode status'}
2022-08-04 23:29:47,396 [EventQueue-NodeRegistrationContainerReportForDataNodeSafeModeRule] INFO  ha.SCMContext (SCMContext.java:updateSafeModeStatus(228)) - Update SafeModeStatus from SafeModeStatus{safeModeStatus=true, preCheckPassed=false} to SafeModeStatus{safeModeStatus=true, preCheckPassed=true}.
2022-08-04 23:29:47,396 [EventQueue-NodeRegistrationContainerReportForDataNodeSafeModeRule] INFO  pipeline.BackgroundPipelineCreator (BackgroundPipelineCreator.java:notifyEventTriggered(276)) - trigger a one-shot run on RatisPipelineUtilsThread.
2022-08-04 23:29:47,396 [RatisPipelineUtilsThread - 0] INFO  pipeline.RatisPipelineProvider (RatisPipelineProvider.java:lambda$create$0(195)) - Sending CreatePipelineCommand for pipeline:PipelineID=92f6e737-6964-4bbc-98dd-7cfa6dd125b3 to datanode:23c1664a-1022-4025-96e5-5155d23dedff
2022-08-04 23:29:47,397 [RatisPipelineUtilsThread - 0] INFO  pipeline.PipelineStateManagerImpl (PipelineStateManagerImpl.java:addPipeline(103)) - Created pipeline Pipeline[ Id: 92f6e737-6964-4bbc-98dd-7cfa6dd125b3, Nodes: 23c1664a-1022-4025-96e5-5155d23dedff{ip: 10.1.0.37, host: fv-az241-597.bb25ywkzvhnelkltyshw0e441e.jx.internal.cloudapp.net, ports: [REPLICATION=42777, RATIS=41659, RATIS_ADMIN=41659, RATIS_SERVER=41659, STANDALONE=39855], networkLocation: /default-rack, certSerialId: null, persistedOpState: IN_SERVICE, persistedOpStateExpiryEpochSec: 0}, ReplicationConfig: RATIS/ONE, State:ALLOCATED, leaderId:, CreationTimestamp2022-08-04T23:29:47.396Z[Etc/UTC]].
2022-08-04 23:29:47,402 [RatisPipelineUtilsThread - 0] INFO  pipeline.RatisPipelineProvider (RatisPipelineProvider.java:lambda$create$0(195)) - Sending CreatePipelineCommand for pipeline:PipelineID=9f32630a-7e38-43d4-b249-03a2bb9454bf to datanode:23c1664a-1022-4025-96e5-5155d23dedff
2022-08-04 23:29:47,403 [RatisPipelineUtilsThread - 0] INFO  pipeline.RatisPipelineProvider (RatisPipelineProvider.java:lambda$create$0(195)) - Sending CreatePipelineCommand for pipeline:PipelineID=9f32630a-7e38-43d4-b249-03a2bb9454bf to datanode:c9503bac-ef38-43e8-a353-bcf9ec6894fb
2022-08-04 23:29:47,403 [RatisPipelineUtilsThread - 0] INFO  pipeline.RatisPipelineProvider (RatisPipelineProvider.java:lambda$create$0(195)) - Sending CreatePipelineCommand for pipeline:PipelineID=9f32630a-7e38-43d4-b249-03a2bb9454bf to datanode:1ae70e63-9738-4f7b-b13f-a5d5db090f9c
2022-08-04 23:29:47,403 [RatisPipelineUtilsThread - 0] INFO  pipeline.PipelineStateManagerImpl (PipelineStateManagerImpl.java:addPipeline(103)) - Created pipeline Pipeline[ Id: 9f32630a-7e38-43d4-b249-03a2bb9454bf, Nodes: 23c1664a-1022-4025-96e5-5155d23dedff{ip: 10.1.0.37, host: fv-az241-597.bb25ywkzvhnelkltyshw0e441e.jx.internal.cloudapp.net, ports: [REPLICATION=42777, RATIS=41659, RATIS_ADMIN=41659, RATIS_SERVER=41659, STANDALONE=39855], networkLocation: /default-rack, certSerialId: null, persistedOpState: IN_SERVICE, persistedOpStateExpiryEpochSec: 0}c9503bac-ef38-43e8-a353-bcf9ec6894fb{ip: 10.1.0.37, host: fv-az241-597.bb25ywkzvhnelkltyshw0e441e.jx.internal.cloudapp.net, ports: [REPLICATION=37213, RATIS=40601, RATIS_ADMIN=40601, RATIS_SERVER=40601, STANDALONE=34285], networkLocation: /default-rack, certSerialId: null, persistedOpState: IN_SERVICE, persistedOpStateExpiryEpochSec: 0}1ae70e63-9738-4f7b-b13f-a5d5db090f9c{ip: 10.1.0.37, host: fv-az241-597.bb25ywkzvhnelkltyshw0e441e.jx.internal.cloudapp.net, ports: [REPLICATION=37865, RATIS=36723, RATIS_ADMIN=36723, RATIS_SERVER=36723, STANDALONE=44345], networkLocation: /default-rack, certSerialId: null, persistedOpState: IN_SERVICE, persistedOpStateExpiryEpochSec: 0}, ReplicationConfig: RATIS/THREE, State:ALLOCATED, leaderId:, CreationTimestamp2022-08-04T23:29:47.402Z[Etc/UTC]].
2022-08-04 23:29:47,404 [RatisPipelineUtilsThread - 0] INFO  pipeline.RatisPipelineProvider (RatisPipelineProvider.java:lambda$create$0(195)) - Sending CreatePipelineCommand for pipeline:PipelineID=d75d2d2e-4cd5-4cbc-9b06-8943febbbab0 to datanode:23c1664a-1022-4025-96e5-5155d23dedff
2022-08-04 23:29:47,405 [RatisPipelineUtilsThread - 0] INFO  pipeline.RatisPipelineProvider (RatisPipelineProvider.java:lambda$create$0(195)) - Sending CreatePipelineCommand for pipeline:PipelineID=d75d2d2e-4cd5-4cbc-9b06-8943febbbab0 to datanode:1ae70e63-9738-4f7b-b13f-a5d5db090f9c
2022-08-04 23:29:47,405 [RatisPipelineUtilsThread - 0] INFO  pipeline.RatisPipelineProvider (RatisPipelineProvider.java:lambda$create$0(195)) - Sending CreatePipelineCommand for pipeline:PipelineID=d75d2d2e-4cd5-4cbc-9b06-8943febbbab0 to datanode:c9503bac-ef38-43e8-a353-bcf9ec6894fb
2022-08-04 23:29:47,405 [RatisPipelineUtilsThread - 0] INFO  pipeline.PipelineStateManagerImpl (PipelineStateManagerImpl.java:addPipeline(103)) - Created pipeline Pipeline[ Id: d75d2d2e-4cd5-4cbc-9b06-8943febbbab0, Nodes: 23c1664a-1022-4025-96e5-5155d23dedff{ip: 10.1.0.37, host: fv-az241-597.bb25ywkzvhnelkltyshw0e441e.jx.internal.cloudapp.net, ports: [REPLICATION=42777, RATIS=41659, RATIS_ADMIN=41659, RATIS_SERVER=41659, STANDALONE=39855], networkLocation: /default-rack, certSerialId: null, persistedOpState: IN_SERVICE, persistedOpStateExpiryEpochSec: 0}1ae70e63-9738-4f7b-b13f-a5d5db090f9c{ip: 10.1.0.37, host: fv-az241-597.bb25ywkzvhnelkltyshw0e441e.jx.internal.cloudapp.net, ports: [REPLICATION=37865, RATIS=36723, RATIS_ADMIN=36723, RATIS_SERVER=36723, STANDALONE=44345], networkLocation: /default-rack, certSerialId: null, persistedOpState: IN_SERVICE, persistedOpStateExpiryEpochSec: 0}c9503bac-ef38-43e8-a353-bcf9ec6894fb{ip: 10.1.0.37, host: fv-az241-597.bb25ywkzvhnelkltyshw0e441e.jx.internal.cloudapp.net, ports: [REPLICATION=37213, RATIS=40601, RATIS_ADMIN=40601, RATIS_SERVER=40601, STANDALONE=34285], networkLocation: /default-rack, certSerialId: null, persistedOpState: IN_SERVICE, persistedOpStateExpiryEpochSec: 0}, ReplicationConfig: RATIS/THREE, State:ALLOCATED, leaderId:, CreationTimestamp2022-08-04T23:29:47.404Z[Etc/UTC]].
2022-08-04 23:29:47,406 [RatisPipelineUtilsThread - 0] INFO  pipeline.PipelineManagerImpl (PipelineManagerImpl.java:recordMetricsForPipeline(796)) - Pipeline: PipelineID=d75d2d2e-4cd5-4cbc-9b06-8943febbbab0 contains same datanodes as previous pipelines: PipelineID=9f32630a-7e38-43d4-b249-03a2bb9454bf nodeIds: 23c1664a-1022-4025-96e5-5155d23dedff, 1ae70e63-9738-4f7b-b13f-a5d5db090f9c, c9503bac-ef38-43e8-a353-bcf9ec6894fb
2022-08-04 23:29:48,385 [Listener at 127.0.0.1/41765] INFO  ozone.MiniOzoneClusterImpl (MiniOzoneClusterImpl.java:lambda$waitForClusterToBeReady$0(216)) - Nodes are ready. Got 3 of 3 DN Heartbeats.
2022-08-04 23:29:48,386 [Listener at 127.0.0.1/41765] INFO  ozone.MiniOzoneClusterImpl (MiniOzoneClusterImpl.java:lambda$waitForClusterToBeReady$0(219)) - Waiting for cluster to exit safe mode
2022-08-04 23:29:48,386 [Listener at 127.0.0.1/41765] INFO  ozone.MiniOzoneClusterImpl (MiniOzoneClusterImpl.java:lambda$waitForClusterToBeReady$0(221)) - SCM became leader
2022-08-04 23:29:49,387 [Listener at 127.0.0.1/41765] INFO  ozone.MiniOzoneClusterImpl (MiniOzoneClusterImpl.java:lambda$waitForClusterToBeReady$0(216)) - Nodes are ready. Got 3 of 3 DN Heartbeats.
2022-08-04 23:29:49,387 [Listener at 127.0.0.1/41765] INFO  ozone.MiniOzoneClusterImpl (MiniOzoneClusterImpl.java:lambda$waitForClusterToBeReady$0(219)) - Waiting for cluster to exit safe mode
2022-08-04 23:29:49,388 [Listener at 127.0.0.1/41765] INFO  ozone.MiniOzoneClusterImpl (MiniOzoneClusterImpl.java:lambda$waitForClusterToBeReady$0(221)) - SCM became leader
2022-08-04 23:29:49,566 [Command processor thread] INFO  server.RaftServer (RaftServerProxy.java:addNew(96)) - 1ae70e63-9738-4f7b-b13f-a5d5db090f9c: addNew group-CFE997357B6F:[1ae70e63-9738-4f7b-b13f-a5d5db090f9c|rpc:10.1.0.37:36723|priority:1] returns group-CFE997357B6F:java.util.concurrent.CompletableFuture@75ddab77[Not completed]
2022-08-04 23:29:49,575 [pool-72-thread-1] INFO  server.RaftServer$Division (RaftServerImpl.java:<init>(190)) - 1ae70e63-9738-4f7b-b13f-a5d5db090f9c: new RaftServerImpl for group-CFE997357B6F:[1ae70e63-9738-4f7b-b13f-a5d5db090f9c|rpc:10.1.0.37:36723|priority:1] with ContainerStateMachine:uninitialized
2022-08-04 23:29:49,576 [pool-72-thread-1] INFO  server.RaftServerConfigKeys (ConfUtils.java:logGet(46)) - raft.server.rpc.timeout.min = 5s (custom)
2022-08-04 23:29:49,576 [pool-72-thread-1] INFO  server.RaftServerConfigKeys (ConfUtils.java:logGet(46)) - raft.server.rpc.timeout.max = 5200ms (custom)
2022-08-04 23:29:49,576 [pool-72-thread-1] INFO  server.RaftServerConfigKeys (ConfUtils.java:logGet(46)) - raft.server.rpc.sleep.time = 25ms (default)
2022-08-04 23:29:49,576 [pool-72-thread-1] INFO  server.RaftServerConfigKeys (ConfUtils.java:logGet(46)) - raft.server.rpc.slowness.timeout = 300s (custom)
2022-08-04 23:29:49,576 [pool-72-thread-1] INFO  server.RaftServerConfigKeys (ConfUtils.java:logGet(46)) - raft.server.leaderelection.leader.step-down.wait-time = 10s (default)
2022-08-04 23:29:49,576 [pool-72-thread-1] INFO  server.RaftServerConfigKeys (ConfUtils.java:logGet(46)) - raft.server.sleep.deviation.threshold = 300ms (default)
2022-08-04 23:29:49,576 [pool-72-thread-1] INFO  server.RaftServer$Division (ServerState.java:<init>(107)) - 1ae70e63-9738-4f7b-b13f-a5d5db090f9c@group-CFE997357B6F: ConfigurationManager, init=-1: [1ae70e63-9738-4f7b-b13f-a5d5db090f9c|rpc:10.1.0.37:36723|priority:1], old=null, confs=<EMPTY_MAP>
2022-08-04 23:29:49,576 [pool-72-thread-1] INFO  server.RaftServerConfigKeys (ConfUtils.java:logGet(46)) - raft.server.storage.dir = [/home/runner/work/ozone/ozone/hadoop-ozone/integration-test/target/test-dir/MiniOzoneClusterImpl-9f329032-b852-4d71-b4c8-c146519b003b/datanode-0/data/ratis] (custom)
2022-08-04 23:29:49,576 [pool-72-thread-1] INFO  server.RaftServerConfigKeys (ConfUtils.java:logGet(46)) - raft.server.log.corruption.policy = EXCEPTION (default)
2022-08-04 23:29:49,576 [pool-72-thread-1] INFO  server.RaftServerConfigKeys (ConfUtils.java:logGet(46)) - raft.server.storage.free-space.min = 0MB (=0) (default)
2022-08-04 23:29:49,576 [pool-72-thread-1] INFO  storage.RaftStorageDirectory (RaftStorageDirectoryImpl.java:analyzeStorage(135)) - The storage directory /home/runner/work/ozone/ozone/hadoop-ozone/integration-test/target/test-dir/MiniOzoneClusterImpl-9f329032-b852-4d71-b4c8-c146519b003b/datanode-0/data/ratis/fd2621a1-1ba2-46fc-815b-cfe997357b6f does not exist. Creating ...
2022-08-04 23:29:49,578 [pool-72-thread-1] INFO  storage.RaftStorageDirectory (RaftStorageDirectoryImpl.java:tryLock(230)) - Lock on /home/runner/work/ozone/ozone/hadoop-ozone/integration-test/target/test-dir/MiniOzoneClusterImpl-9f329032-b852-4d71-b4c8-c146519b003b/datanode-0/data/ratis/fd2621a1-1ba2-46fc-815b-cfe997357b6f/in_use.lock acquired by nodename 5725@fv-az241-597
2022-08-04 23:29:49,579 [pool-72-thread-1] INFO  storage.RaftStorage (RaftStorageImpl.java:format(89)) - Storage directory /home/runner/work/ozone/ozone/hadoop-ozone/integration-test/target/test-dir/MiniOzoneClusterImpl-9f329032-b852-4d71-b4c8-c146519b003b/datanode-0/data/ratis/fd2621a1-1ba2-46fc-815b-cfe997357b6f has been successfully formatted.
2022-08-04 23:29:49,583 [pool-72-thread-1] INFO  ratis.ContainerStateMachine (ContainerStateMachine.java:loadSnapshot(236)) - group-CFE997357B6F: The snapshot info is null. Setting the last applied indexto:(t:0, i:~)
2022-08-04 23:29:49,583 [pool-72-thread-1] INFO  server.RaftServerConfigKeys (ConfUtils.java:logGet(46)) - raft.server.notification.no-leader.timeout = 300s (custom)
2022-08-04 23:29:49,583 [pool-72-thread-1] INFO  server.RaftServerConfigKeys (ConfUtils.java:logGet(46)) - raft.server.log.use.memory = false (default)
2022-08-04 23:29:49,583 [pool-72-thread-1] INFO  server.RaftServerConfigKeys (ConfUtils.java:logGet(46)) - raft.server.log.purge.gap = 1000000 (custom)
2022-08-04 23:29:49,583 [pool-72-thread-1] INFO  server.RaftServerConfigKeys (ConfUtils.java:logGet(46)) - raft.server.log.appender.buffer.byte-limit = 33554432 (custom)
2022-08-04 23:29:49,583 [pool-72-thread-1] INFO  server.RaftServerConfigKeys (ConfUtils.java:logGet(46)) - raft.server.log.statemachine.data.read.timeout = 1000ms (default)
2022-08-04 23:29:49,584 [pool-72-thread-1] INFO  server.RaftServerConfigKeys (ConfUtils.java:logGet(46)) - raft.server.log.segment.size.max = 1048576 (custom)
2022-08-04 23:29:49,584 [pool-72-thread-1] INFO  server.RaftServerConfigKeys (ConfUtils.java:logGet(46)) - raft.server.log.segment.cache.num.max = 2 (custom)
2022-08-04 23:29:49,584 [pool-72-thread-1] INFO  server.RaftServerConfigKeys (ConfUtils.java:logGet(46)) - raft.server.log.segment.cache.size.max = 200MB (=209715200) (default)
2022-08-04 23:29:49,584 [pool-72-thread-1] INFO  segmented.SegmentedRaftLogWorker (SegmentedRaftLogWorker.java:<init>(187)) - new 1ae70e63-9738-4f7b-b13f-a5d5db090f9c@group-CFE997357B6F-SegmentedRaftLogWorker for RaftStorageImpl:Storage Directory /home/runner/work/ozone/ozone/hadoop-ozone/integration-test/target/test-dir/MiniOzoneClusterImpl-9f329032-b852-4d71-b4c8-c146519b003b/datanode-0/data/ratis/fd2621a1-1ba2-46fc-815b-cfe997357b6f
2022-08-04 23:29:49,584 [pool-72-thread-1] INFO  server.RaftServerConfigKeys (ConfUtils.java:logGet(46)) - raft.server.log.queue.byte-limit = 4294967296 (custom)
2022-08-04 23:29:49,584 [pool-72-thread-1] INFO  server.RaftServerConfigKeys (ConfUtils.java:logGet(46)) - raft.server.log.queue.element-limit = 1024 (custom)
2022-08-04 23:29:49,584 [pool-72-thread-1] INFO  server.RaftServerConfigKeys (ConfUtils.java:logGet(46)) - raft.server.log.segment.size.max = 1048576 (custom)
2022-08-04 23:29:49,584 [pool-72-thread-1] INFO  server.RaftServerConfigKeys (ConfUtils.java:logGet(46)) - raft.server.log.preallocated.size = 16384 (custom)
2022-08-04 23:29:49,584 [pool-72-thread-1] INFO  server.RaftServerConfigKeys (ConfUtils.java:logGet(46)) - raft.server.log.force.sync.num = 128 (default)
2022-08-04 23:29:49,584 [pool-72-thread-1] INFO  server.RaftServerConfigKeys (ConfUtils.java:logGet(46)) - raft.server.log.statemachine.data.sync = true (default)
2022-08-04 23:29:49,585 [pool-72-thread-1] INFO  server.RaftServerConfigKeys (ConfUtils.java:logGet(46)) - raft.server.log.statemachine.data.sync.timeout = 10s (default)
2022-08-04 23:29:49,585 [pool-72-thread-1] INFO  server.RaftServerConfigKeys (ConfUtils.java:logGet(46)) - raft.server.log.statemachine.data.sync.timeout.retry = -1 (default)
2022-08-04 23:29:49,586 [pool-72-thread-1] INFO  server.RaftServerConfigKeys (ConfUtils.java:logGet(46)) - raft.server.log.write.buffer.size = 1048576 (custom)
2022-08-04 23:29:49,586 [pool-72-thread-1] INFO  server.RaftServerConfigKeys (ConfUtils.java:logGet(46)) - raft.server.log.unsafe-flush.enabled = false (default)
2022-08-04 23:29:49,587 [pool-72-thread-1] INFO  server.RaftServerConfigKeys (ConfUtils.java:logGet(46)) - raft.server.log.statemachine.data.caching.enabled = true (custom)
2022-08-04 23:29:49,587 [pool-72-thread-1] INFO  segmented.SegmentedRaftLogWorker (SegmentedRaftLogWorker.java:lambda$new$0(135)) - 1ae70e63-9738-4f7b-b13f-a5d5db090f9c@group-CFE997357B6F-SegmentedRaftLogWorker: flushIndex: setUnconditionally 0 -> -1
2022-08-04 23:29:49,587 [pool-72-thread-1] INFO  segmented.SegmentedRaftLogWorker (SegmentedRaftLogWorker.java:lambda$new$0(135)) - 1ae70e63-9738-4f7b-b13f-a5d5db090f9c@group-CFE997357B6F-SegmentedRaftLogWorker: safeCacheEvictIndex: setUnconditionally 0 -> -1
2022-08-04 23:29:49,594 [EventQueue-PipelineReportForPipelineReportHandler] INFO  pipeline.PipelineManagerImpl (PipelineManagerImpl.java:openPipeline(367)) - Pipeline Pipeline[ Id: fd2621a1-1ba2-46fc-815b-cfe997357b6f, Nodes: 1ae70e63-9738-4f7b-b13f-a5d5db090f9c{ip: 10.1.0.37, host: fv-az241-597.bb25ywkzvhnelkltyshw0e441e.jx.internal.cloudapp.net, ports: [REPLICATION=37865, RATIS=36723, RATIS_ADMIN=36723, RATIS_SERVER=36723, STANDALONE=44345], networkLocation: /default-rack, certSerialId: null, persistedOpState: IN_SERVICE, persistedOpStateExpiryEpochSec: 0}, ReplicationConfig: RATIS/ONE, State:ALLOCATED, leaderId:1ae70e63-9738-4f7b-b13f-a5d5db090f9c, CreationTimestamp2022-08-04T23:29:46.574Z[Etc/UTC]] moved to OPEN state
2022-08-04 23:29:49,594 [pool-72-thread-1] INFO  server.RaftServerConfigKeys (ConfUtils.java:logGet(46)) - raft.server.snapshot.auto.trigger.enabled = true (custom)
2022-08-04 23:29:49,595 [pool-72-thread-1] INFO  server.RaftServerConfigKeys (ConfUtils.java:logGet(46)) - raft.server.snapshot.auto.trigger.threshold = 10000 (custom)
2022-08-04 23:29:49,595 [pool-72-thread-1] INFO  server.RaftServerConfigKeys (ConfUtils.java:logGet(46)) - raft.server.snapshot.retention.file.num = 5 (custom)
2022-08-04 23:29:49,595 [pool-72-thread-1] INFO  server.RaftServerConfigKeys (ConfUtils.java:logGet(46)) - raft.server.log.purge.upto.snapshot.index = false (default)
2022-08-04 23:29:49,595 [pool-72-thread-1] INFO  server.RaftServerConfigKeys (ConfUtils.java:logGet(46)) - raft.server.retrycache.expirytime = 600000ms (custom)
2022-08-04 23:29:49,595 [pool-72-thread-1] INFO  server.RaftServerConfigKeys (ConfUtils.java:logGet(46)) - raft.server.retrycache.statistics.expirytime = 100μs (default)
2022-08-04 23:29:49,599 [pool-72-thread-1] INFO  server.RaftServerConfigKeys (ConfUtils.java:logGet(46)) - raft.server.log.appender.install.snapshot.enabled = false (custom)
2022-08-04 23:29:49,599 [pool-72-thread-1] INFO  server.RaftServerConfigKeys (ConfUtils.java:logGet(46)) - raft.server.threadpool.server.cached = true (default)
2022-08-04 23:29:49,599 [pool-72-thread-1] INFO  server.RaftServerConfigKeys (ConfUtils.java:logGet(46)) - raft.server.threadpool.server.size = 0 (default)
2022-08-04 23:29:49,599 [pool-72-thread-1] INFO  server.RaftServerConfigKeys (ConfUtils.java:logGet(46)) - raft.server.threadpool.client.cached = true (default)
2022-08-04 23:29:49,599 [pool-72-thread-1] INFO  server.RaftServerConfigKeys (ConfUtils.java:logGet(46)) - raft.server.threadpool.client.size = 0 (default)
2022-08-04 23:29:49,599 [pool-72-thread-1] INFO  server.RaftServer$Division (RaftServerImpl.java:start(310)) - 1ae70e63-9738-4f7b-b13f-a5d5db090f9c@group-CFE997357B6F: start as a follower, conf=-1: [1ae70e63-9738-4f7b-b13f-a5d5db090f9c|rpc:10.1.0.37:36723|priority:1], old=null
2022-08-04 23:29:49,599 [pool-72-thread-1] INFO  server.RaftServer$Division (RaftServerImpl.java:setRole(299)) - 1ae70e63-9738-4f7b-b13f-a5d5db090f9c@group-CFE997357B6F: changes role from      null to FOLLOWER at term 0 for startAsFollower
2022-08-04 23:29:49,599 [pool-72-thread-1] INFO  impl.RoleInfo (RoleInfo.java:updateAndGet(139)) - 1ae70e63-9738-4f7b-b13f-a5d5db090f9c: start 1ae70e63-9738-4f7b-b13f-a5d5db090f9c@group-CFE997357B6F-FollowerState
2022-08-04 23:29:49,599 [EventQueue-OpenPipelineForHealthyPipelineSafeModeRule] INFO  safemode.SCMSafeModeManager (HealthyPipelineSafeModeRule.java:process(137)) - SCM in safe mode. Healthy pipelines reported count is 0, required healthy pipeline reported count is 1
2022-08-04 23:29:49,604 [pool-72-thread-1] INFO  util.JmxRegister (JmxRegister.java:tryRegister(44)) - Successfully registered JMX Bean with object name Ratis:service=RaftServer,group=group-CFE997357B6F,id=1ae70e63-9738-4f7b-b13f-a5d5db090f9c
2022-08-04 23:29:49,615 [Command processor thread] INFO  ratis.XceiverServerRatis (XceiverServerRatis.java:addGroup(765)) - Created group PipelineID=fd2621a1-1ba2-46fc-815b-cfe997357b6f
2022-08-04 23:29:49,616 [Command processor thread] INFO  commandhandler.CreatePipelineCommandHandler (CreatePipelineCommandHandler.java:handle(113)) - Created Pipeline RATIS ONE PipelineID=fd2621a1-1ba2-46fc-815b-cfe997357b6f.
2022-08-04 23:29:49,616 [Command processor thread] INFO  server.RaftServer (RaftServerProxy.java:addNew(96)) - 1ae70e63-9738-4f7b-b13f-a5d5db090f9c: addNew group-03A2BB9454BF:[23c1664a-1022-4025-96e5-5155d23dedff|rpc:10.1.0.37:41659|priority:0, 1ae70e63-9738-4f7b-b13f-a5d5db090f9c|rpc:10.1.0.37:36723|priority:0, c9503bac-ef38-43e8-a353-bcf9ec6894fb|rpc:10.1.0.37:40601|priority:1] returns group-03A2BB9454BF:java.util.concurrent.CompletableFuture@70e114c1[Not completed]
2022-08-04 23:29:49,619 [pool-72-thread-1] INFO  server.RaftServer$Division (RaftServerImpl.java:<init>(190)) - 1ae70e63-9738-4f7b-b13f-a5d5db090f9c: new RaftServerImpl for group-03A2BB9454BF:[23c1664a-1022-4025-96e5-5155d23dedff|rpc:10.1.0.37:41659|priority:0, 1ae70e63-9738-4f7b-b13f-a5d5db090f9c|rpc:10.1.0.37:36723|priority:0, c9503bac-ef38-43e8-a353-bcf9ec6894fb|rpc:10.1.0.37:40601|priority:1] with ContainerStateMachine:uninitialized
2022-08-04 23:29:49,619 [pool-72-thread-1] INFO  server.RaftServerConfigKeys (ConfUtils.java:logGet(46)) - raft.server.rpc.timeout.min = 5s (custom)
2022-08-04 23:29:49,619 [pool-72-thread-1] INFO  server.RaftServerConfigKeys (ConfUtils.java:logGet(46)) - raft.server.rpc.timeout.max = 5200ms (custom)
2022-08-04 23:29:49,619 [pool-72-thread-1] INFO  server.RaftServerConfigKeys (ConfUtils.java:logGet(46)) - raft.server.rpc.sleep.time = 25ms (default)
2022-08-04 23:29:49,619 [pool-72-thread-1] INFO  server.RaftServerConfigKeys (ConfUtils.java:logGet(46)) - raft.server.rpc.slowness.timeout = 300s (custom)
2022-08-04 23:29:49,619 [pool-72-thread-1] INFO  server.RaftServerConfigKeys (ConfUtils.java:logGet(46)) - raft.server.leaderelection.leader.step-down.wait-time = 10s (default)
2022-08-04 23:29:49,619 [pool-72-thread-1] INFO  server.RaftServerConfigKeys (ConfUtils.java:logGet(46)) - raft.server.sleep.deviation.threshold = 300ms (default)
2022-08-04 23:29:49,619 [pool-72-thread-1] INFO  server.RaftServer$Division (ServerState.java:<init>(107)) - 1ae70e63-9738-4f7b-b13f-a5d5db090f9c@group-03A2BB9454BF: ConfigurationManager, init=-1: [23c1664a-1022-4025-96e5-5155d23dedff|rpc:10.1.0.37:41659|priority:0, 1ae70e63-9738-4f7b-b13f-a5d5db090f9c|rpc:10.1.0.37:36723|priority:0, c9503bac-ef38-43e8-a353-bcf9ec6894fb|rpc:10.1.0.37:40601|priority:1], old=null, confs=<EMPTY_MAP>
2022-08-04 23:29:49,619 [pool-72-thread-1] INFO  server.RaftServerConfigKeys (ConfUtils.java:logGet(46)) - raft.server.storage.dir = [/home/runner/work/ozone/ozone/hadoop-ozone/integration-test/target/test-dir/MiniOzoneClusterImpl-9f329032-b852-4d71-b4c8-c146519b003b/datanode-0/data/ratis] (custom)
2022-08-04 23:29:49,619 [pool-72-thread-1] INFO  server.RaftServerConfigKeys (ConfUtils.java:logGet(46)) - raft.server.log.corruption.policy = EXCEPTION (default)
2022-08-04 23:29:49,619 [pool-72-thread-1] INFO  server.RaftServerConfigKeys (ConfUtils.java:logGet(46)) - raft.server.storage.free-space.min = 0MB (=0) (default)
2022-08-04 23:29:49,619 [pool-72-thread-1] INFO  storage.RaftStorageDirectory (RaftStorageDirectoryImpl.java:analyzeStorage(135)) - The storage directory /home/runner/work/ozone/ozone/hadoop-ozone/integration-test/target/test-dir/MiniOzoneClusterImpl-9f329032-b852-4d71-b4c8-c146519b003b/datanode-0/data/ratis/9f32630a-7e38-43d4-b249-03a2bb9454bf does not exist. Creating ...
2022-08-04 23:29:49,621 [pool-72-thread-1] INFO  storage.RaftStorageDirectory (RaftStorageDirectoryImpl.java:tryLock(230)) - Lock on /home/runner/work/ozone/ozone/hadoop-ozone/integration-test/target/test-dir/MiniOzoneClusterImpl-9f329032-b852-4d71-b4c8-c146519b003b/datanode-0/data/ratis/9f32630a-7e38-43d4-b249-03a2bb9454bf/in_use.lock acquired by nodename 5725@fv-az241-597
2022-08-04 23:29:49,622 [pool-72-thread-1] INFO  storage.RaftStorage (RaftStorageImpl.java:format(89)) - Storage directory /home/runner/work/ozone/ozone/hadoop-ozone/integration-test/target/test-dir/MiniOzoneClusterImpl-9f329032-b852-4d71-b4c8-c146519b003b/datanode-0/data/ratis/9f32630a-7e38-43d4-b249-03a2bb9454bf has been successfully formatted.
2022-08-04 23:29:49,622 [pool-72-thread-1] INFO  ratis.ContainerStateMachine (ContainerStateMachine.java:loadSnapshot(236)) - group-03A2BB9454BF: The snapshot info is null. Setting the last applied indexto:(t:0, i:~)
2022-08-04 23:29:49,622 [pool-72-thread-1] INFO  server.RaftServerConfigKeys (ConfUtils.java:logGet(46)) - raft.server.notification.no-leader.timeout = 300s (custom)
2022-08-04 23:29:49,623 [pool-72-thread-1] INFO  server.RaftServerConfigKeys (ConfUtils.java:logGet(46)) - raft.server.log.use.memory = false (default)
2022-08-04 23:29:49,623 [pool-72-thread-1] INFO  server.RaftServerConfigKeys (ConfUtils.java:logGet(46)) - raft.server.log.purge.gap = 1000000 (custom)
2022-08-04 23:29:49,623 [pool-72-thread-1] INFO  server.RaftServerConfigKeys (ConfUtils.java:logGet(46)) - raft.server.log.appender.buffer.byte-limit = 33554432 (custom)
2022-08-04 23:29:49,623 [pool-72-thread-1] INFO  server.RaftServerConfigKeys (ConfUtils.java:logGet(46)) - raft.server.log.statemachine.data.read.timeout = 1000ms (default)
2022-08-04 23:29:49,623 [pool-72-thread-1] INFO  server.RaftServerConfigKeys (ConfUtils.java:logGet(46)) - raft.server.log.segment.size.max = 1048576 (custom)
2022-08-04 23:29:49,624 [EventQueue-OpenPipelineForHealthyPipelineSafeModeRule] INFO  safemode.SCMSafeModeManager (HealthyPipelineSafeModeRule.java:process(137)) - SCM in safe mode. Healthy pipelines reported count is 0, required healthy pipeline reported count is 1
2022-08-04 23:29:49,625 [pool-72-thread-1] INFO  server.RaftServerConfigKeys (ConfUtils.java:logGet(46)) - raft.server.log.segment.cache.num.max = 2 (custom)
2022-08-04 23:29:49,625 [pool-72-thread-1] INFO  server.RaftServerConfigKeys (ConfUtils.java:logGet(46)) - raft.server.log.segment.cache.size.max = 200MB (=209715200) (default)
2022-08-04 23:29:49,625 [pool-72-thread-1] INFO  segmented.SegmentedRaftLogWorker (SegmentedRaftLogWorker.java:<init>(187)) - new 1ae70e63-9738-4f7b-b13f-a5d5db090f9c@group-03A2BB9454BF-SegmentedRaftLogWorker for RaftStorageImpl:Storage Directory /home/runner/work/ozone/ozone/hadoop-ozone/integration-test/target/test-dir/MiniOzoneClusterImpl-9f329032-b852-4d71-b4c8-c146519b003b/datanode-0/data/ratis/9f32630a-7e38-43d4-b249-03a2bb9454bf
2022-08-04 23:29:49,625 [pool-72-thread-1] INFO  server.RaftServerConfigKeys (ConfUtils.java:logGet(46)) - raft.server.log.queue.byte-limit = 4294967296 (custom)
2022-08-04 23:29:49,625 [pool-72-thread-1] INFO  server.RaftServerConfigKeys (ConfUtils.java:logGet(46)) - raft.server.log.queue.element-limit = 1024 (custom)
2022-08-04 23:29:49,625 [pool-72-thread-1] INFO  server.RaftServerConfigKeys (ConfUtils.java:logGet(46)) - raft.server.log.segment.size.max = 1048576 (custom)
2022-08-04 23:29:49,625 [pool-72-thread-1] INFO  server.RaftServerConfigKeys (ConfUtils.java:logGet(46)) - raft.server.log.preallocated.size = 16384 (custom)
2022-08-04 23:29:49,625 [pool-72-thread-1] INFO  server.RaftServerConfigKeys (ConfUtils.java:logGet(46)) - raft.server.log.force.sync.num = 128 (default)
2022-08-04 23:29:49,625 [pool-72-thread-1] INFO  server.RaftServerConfigKeys (ConfUtils.java:logGet(46)) - raft.server.log.statemachine.data.sync = true (default)
2022-08-04 23:29:49,625 [pool-72-thread-1] INFO  server.RaftServerConfigKeys (ConfUtils.java:logGet(46)) - raft.server.log.statemachine.data.sync.timeout = 10s (default)
2022-08-04 23:29:49,625 [pool-72-thread-1] INFO  server.RaftServerConfigKeys (ConfUtils.java:logGet(46)) - raft.server.log.statemachine.data.sync.timeout.retry = -1 (default)
2022-08-04 23:29:49,626 [pool-72-thread-1] INFO  server.RaftServerConfigKeys (ConfUtils.java:logGet(46)) - raft.server.log.write.buffer.size = 1048576 (custom)
2022-08-04 23:29:49,627 [pool-72-thread-1] INFO  server.RaftServerConfigKeys (ConfUtils.java:logGet(46)) - raft.server.log.unsafe-flush.enabled = false (default)
2022-08-04 23:29:49,627 [pool-72-thread-1] INFO  server.RaftServerConfigKeys (ConfUtils.java:logGet(46)) - raft.server.log.statemachine.data.caching.enabled = true (custom)
2022-08-04 23:29:49,627 [pool-72-thread-1] INFO  segmented.SegmentedRaftLogWorker (SegmentedRaftLogWorker.java:lambda$new$0(135)) - 1ae70e63-9738-4f7b-b13f-a5d5db090f9c@group-03A2BB9454BF-SegmentedRaftLogWorker: flushIndex: setUnconditionally 0 -> -1
2022-08-04 23:29:49,627 [pool-72-thread-1] INFO  segmented.SegmentedRaftLogWorker (SegmentedRaftLogWorker.java:lambda$new$0(135)) - 1ae70e63-9738-4f7b-b13f-a5d5db090f9c@group-03A2BB9454BF-SegmentedRaftLogWorker: safeCacheEvictIndex: setUnconditionally 0 -> -1
2022-08-04 23:29:49,631 [pool-72-thread-1] INFO  server.RaftServerConfigKeys (ConfUtils.java:logGet(46)) - raft.server.snapshot.auto.trigger.enabled = true (custom)
2022-08-04 23:29:49,631 [pool-72-thread-1] INFO  server.RaftServerConfigKeys (ConfUtils.java:logGet(46)) - raft.server.snapshot.auto.trigger.threshold = 10000 (custom)
2022-08-04 23:29:49,631 [pool-72-thread-1] INFO  server.RaftServerConfigKeys (ConfUtils.java:logGet(46)) - raft.server.snapshot.retention.file.num = 5 (custom)
2022-08-04 23:29:49,631 [pool-72-thread-1] INFO  server.RaftServerConfigKeys (ConfUtils.java:logGet(46)) - raft.server.log.purge.upto.snapshot.index = false (default)
2022-08-04 23:29:49,631 [pool-72-thread-1] INFO  server.RaftServerConfigKeys (ConfUtils.java:logGet(46)) - raft.server.retrycache.expirytime = 600000ms (custom)
2022-08-04 23:29:49,631 [pool-72-thread-1] INFO  server.RaftServerConfigKeys (ConfUtils.java:logGet(46)) - raft.server.retrycache.statistics.expirytime = 100μs (default)
2022-08-04 23:29:49,633 [pool-72-thread-1] INFO  server.RaftServerConfigKeys (ConfUtils.java:logGet(46)) - raft.server.log.appender.install.snapshot.enabled = false (custom)
2022-08-04 23:29:49,633 [pool-72-thread-1] INFO  server.RaftServerConfigKeys (ConfUtils.java:logGet(46)) - raft.server.threadpool.server.cached = true (default)
2022-08-04 23:29:49,633 [pool-72-thread-1] INFO  server.RaftServerConfigKeys (ConfUtils.java:logGet(46)) - raft.server.threadpool.server.size = 0 (default)
2022-08-04 23:29:49,633 [pool-72-thread-1] INFO  server.RaftServerConfigKeys (ConfUtils.java:logGet(46)) - raft.server.threadpool.client.cached = true (default)
2022-08-04 23:29:49,633 [pool-72-thread-1] INFO  server.RaftServerConfigKeys (ConfUtils.java:logGet(46)) - raft.server.threadpool.client.size = 0 (default)
2022-08-04 23:29:49,633 [pool-72-thread-1] INFO  server.RaftServer$Division (RaftServerImpl.java:start(310)) - 1ae70e63-9738-4f7b-b13f-a5d5db090f9c@group-03A2BB9454BF: start as a follower, conf=-1: [23c1664a-1022-4025-96e5-5155d23dedff|rpc:10.1.0.37:41659|priority:0, 1ae70e63-9738-4f7b-b13f-a5d5db090f9c|rpc:10.1.0.37:36723|priority:0, c9503bac-ef38-43e8-a353-bcf9ec6894fb|rpc:10.1.0.37:40601|priority:1], old=null
2022-08-04 23:29:49,633 [pool-72-thread-1] INFO  server.RaftServer$Division (RaftServerImpl.java:setRole(299)) - 1ae70e63-9738-4f7b-b13f-a5d5db090f9c@group-03A2BB9454BF: changes role from      null to FOLLOWER at term 0 for startAsFollower
2022-08-04 23:29:49,633 [pool-72-thread-1] INFO  impl.RoleInfo (RoleInfo.java:updateAndGet(139)) - 1ae70e63-9738-4f7b-b13f-a5d5db090f9c: start 1ae70e63-9738-4f7b-b13f-a5d5db090f9c@group-03A2BB9454BF-FollowerState
2022-08-04 23:29:49,636 [pool-72-thread-1] INFO  util.JmxRegister (JmxRegister.java:tryRegister(44)) - Successfully registered JMX Bean with object name Ratis:service=RaftServer,group=group-03A2BB9454BF,id=1ae70e63-9738-4f7b-b13f-a5d5db090f9c
2022-08-04 23:29:49,640 [Command processor thread] INFO  ratis.XceiverServerRatis (XceiverServerRatis.java:addGroup(765)) - Created group PipelineID=9f32630a-7e38-43d4-b249-03a2bb9454bf
2022-08-04 23:29:50,080 [Command processor thread] INFO  server.RaftServer (RaftServerProxy.java:addNew(96)) - c9503bac-ef38-43e8-a353-bcf9ec6894fb: addNew group-BA04475C25EA:[c9503bac-ef38-43e8-a353-bcf9ec6894fb|rpc:10.1.0.37:40601|priority:1] returns group-BA04475C25EA:java.util.concurrent.CompletableFuture@688a5ef5[Not completed]
2022-08-04 23:29:50,087 [pool-95-thread-1] INFO  server.RaftServer$Division (RaftServerImpl.java:<init>(190)) - c9503bac-ef38-43e8-a353-bcf9ec6894fb: new RaftServerImpl for group-BA04475C25EA:[c9503bac-ef38-43e8-a353-bcf9ec6894fb|rpc:10.1.0.37:40601|priority:1] with ContainerStateMachine:uninitialized
2022-08-04 23:29:50,088 [pool-95-thread-1] INFO  server.RaftServerConfigKeys (ConfUtils.java:logGet(46)) - raft.server.rpc.timeout.min = 5s (custom)
2022-08-04 23:29:50,088 [pool-95-thread-1] INFO  server.RaftServerConfigKeys (ConfUtils.java:logGet(46)) - raft.server.rpc.timeout.max = 5200ms (custom)
2022-08-04 23:29:50,088 [pool-95-thread-1] INFO  server.RaftServerConfigKeys (ConfUtils.java:logGet(46)) - raft.server.rpc.sleep.time = 25ms (default)
2022-08-04 23:29:50,088 [pool-95-thread-1] INFO  server.RaftServerConfigKeys (ConfUtils.java:logGet(46)) - raft.server.rpc.slowness.timeout = 300s (custom)
2022-08-04 23:29:50,088 [pool-95-thread-1] INFO  server.RaftServerConfigKeys (ConfUtils.java:logGet(46)) - raft.server.leaderelection.leader.step-down.wait-time = 10s (default)
2022-08-04 23:29:50,088 [pool-95-thread-1] INFO  server.RaftServerConfigKeys (ConfUtils.java:logGet(46)) - raft.server.sleep.deviation.threshold = 300ms (default)
2022-08-04 23:29:50,088 [pool-95-thread-1] INFO  server.RaftServer$Division (ServerState.java:<init>(107)) - c9503bac-ef38-43e8-a353-bcf9ec6894fb@group-BA04475C25EA: ConfigurationManager, init=-1: [c9503bac-ef38-43e8-a353-bcf9ec6894fb|rpc:10.1.0.37:40601|priority:1], old=null, confs=<EMPTY_MAP>
2022-08-04 23:29:50,088 [pool-95-thread-1] INFO  server.RaftServerConfigKeys (ConfUtils.java:logGet(46)) - raft.server.storage.dir = [/home/runner/work/ozone/ozone/hadoop-ozone/integration-test/target/test-dir/MiniOzoneClusterImpl-9f329032-b852-4d71-b4c8-c146519b003b/datanode-1/data/ratis] (custom)
2022-08-04 23:29:50,088 [pool-95-thread-1] INFO  server.RaftServerConfigKeys (ConfUtils.java:logGet(46)) - raft.server.log.corruption.policy = EXCEPTION (default)
2022-08-04 23:29:50,088 [pool-95-thread-1] INFO  server.RaftServerConfigKeys (ConfUtils.java:logGet(46)) - raft.server.storage.free-space.min = 0MB (=0) (default)
2022-08-04 23:29:50,088 [pool-95-thread-1] INFO  storage.RaftStorageDirectory (RaftStorageDirectoryImpl.java:analyzeStorage(135)) - The storage directory /home/runner/work/ozone/ozone/hadoop-ozone/integration-test/target/test-dir/MiniOzoneClusterImpl-9f329032-b852-4d71-b4c8-c146519b003b/datanode-1/data/ratis/8daf9b6f-62ab-4159-af38-ba04475c25ea does not exist. Creating ...
2022-08-04 23:29:50,090 [pool-95-thread-1] INFO  storage.RaftStorageDirectory (RaftStorageDirectoryImpl.java:tryLock(230)) - Lock on /home/runner/work/ozone/ozone/hadoop-ozone/integration-test/target/test-dir/MiniOzoneClusterImpl-9f329032-b852-4d71-b4c8-c146519b003b/datanode-1/data/ratis/8daf9b6f-62ab-4159-af38-ba04475c25ea/in_use.lock acquired by nodename 5725@fv-az241-597
2022-08-04 23:29:50,091 [pool-95-thread-1] INFO  storage.RaftStorage (RaftStorageImpl.java:format(89)) - Storage directory /home/runner/work/ozone/ozone/hadoop-ozone/integration-test/target/test-dir/MiniOzoneClusterImpl-9f329032-b852-4d71-b4c8-c146519b003b/datanode-1/data/ratis/8daf9b6f-62ab-4159-af38-ba04475c25ea has been successfully formatted.
2022-08-04 23:29:50,097 [pool-95-thread-1] INFO  ratis.ContainerStateMachine (ContainerStateMachine.java:loadSnapshot(236)) - group-BA04475C25EA: The snapshot info is null. Setting the last applied indexto:(t:0, i:~)
2022-08-04 23:29:50,099 [pool-95-thread-1] INFO  server.RaftServerConfigKeys (ConfUtils.java:logGet(46)) - raft.server.notification.no-leader.timeout = 300s (custom)
2022-08-04 23:29:50,099 [pool-95-thread-1] INFO  server.RaftServerConfigKeys (ConfUtils.java:logGet(46)) - raft.server.log.use.memory = false (default)
2022-08-04 23:29:50,099 [pool-95-thread-1] INFO  server.RaftServerConfigKeys (ConfUtils.java:logGet(46)) - raft.server.log.purge.gap = 1000000 (custom)
2022-08-04 23:29:50,099 [pool-95-thread-1] INFO  server.RaftServerConfigKeys (ConfUtils.java:logGet(46)) - raft.server.log.appender.buffer.byte-limit = 33554432 (custom)
2022-08-04 23:29:50,099 [pool-95-thread-1] INFO  server.RaftServerConfigKeys (ConfUtils.java:logGet(46)) - raft.server.log.statemachine.data.read.timeout = 1000ms (default)
2022-08-04 23:29:50,099 [pool-95-thread-1] INFO  server.RaftServerConfigKeys (ConfUtils.java:logGet(46)) - raft.server.log.segment.size.max = 1048576 (custom)
2022-08-04 23:29:50,100 [pool-95-thread-1] INFO  server.RaftServerConfigKeys (ConfUtils.java:logGet(46)) - raft.server.log.segment.cache.num.max = 2 (custom)
2022-08-04 23:29:50,100 [pool-95-thread-1] INFO  server.RaftServerConfigKeys (ConfUtils.java:logGet(46)) - raft.server.log.segment.cache.size.max = 200MB (=209715200) (default)
2022-08-04 23:29:50,100 [pool-95-thread-1] INFO  segmented.SegmentedRaftLogWorker (SegmentedRaftLogWorker.java:<init>(187)) - new c9503bac-ef38-43e8-a353-bcf9ec6894fb@group-BA04475C25EA-SegmentedRaftLogWorker for RaftStorageImpl:Storage Directory /home/runner/work/ozone/ozone/hadoop-ozone/integration-test/target/test-dir/MiniOzoneClusterImpl-9f329032-b852-4d71-b4c8-c146519b003b/datanode-1/data/ratis/8daf9b6f-62ab-4159-af38-ba04475c25ea
2022-08-04 23:29:50,100 [pool-95-thread-1] INFO  server.RaftServerConfigKeys (ConfUtils.java:logGet(46)) - raft.server.log.queue.byte-limit = 4294967296 (custom)
2022-08-04 23:29:50,100 [pool-95-thread-1] INFO  server.RaftServerConfigKeys (ConfUtils.java:logGet(46)) - raft.server.log.queue.element-limit = 1024 (custom)
2022-08-04 23:29:50,100 [pool-95-thread-1] INFO  server.RaftServerConfigKeys (ConfUtils.java:logGet(46)) - raft.server.log.segment.size.max = 1048576 (custom)
2022-08-04 23:29:50,100 [pool-95-thread-1] INFO  server.RaftServerConfigKeys (ConfUtils.java:logGet(46)) - raft.server.log.preallocated.size = 16384 (custom)
2022-08-04 23:29:50,100 [pool-95-thread-1] INFO  server.RaftServerConfigKeys (ConfUtils.java:logGet(46)) - raft.server.log.force.sync.num = 128 (default)
2022-08-04 23:29:50,100 [pool-95-thread-1] INFO  server.RaftServerConfigKeys (ConfUtils.java:logGet(46)) - raft.server.log.statemachine.data.sync = true (default)
2022-08-04 23:29:50,100 [pool-95-thread-1] INFO  server.RaftServerConfigKeys (ConfUtils.java:logGet(46)) - raft.server.log.statemachine.data.sync.timeout = 10s (default)
2022-08-04 23:29:50,100 [pool-95-thread-1] INFO  server.RaftServerConfigKeys (ConfUtils.java:logGet(46)) - raft.server.log.statemachine.data.sync.timeout.retry = -1 (default)
2022-08-04 23:29:50,101 [pool-95-thread-1] INFO  server.RaftServerConfigKeys (ConfUtils.java:logGet(46)) - raft.server.log.write.buffer.size = 1048576 (custom)
2022-08-04 23:29:50,102 [pool-95-thread-1] INFO  server.RaftServerConfigKeys (ConfUtils.java:logGet(46)) - raft.server.log.unsafe-flush.enabled = false (default)
2022-08-04 23:29:50,102 [pool-95-thread-1] INFO  server.RaftServerConfigKeys (ConfUtils.java:logGet(46)) - raft.server.log.statemachine.data.caching.enabled = true (custom)
2022-08-04 23:29:50,102 [pool-95-thread-1] INFO  segmented.SegmentedRaftLogWorker (SegmentedRaftLogWorker.java:lambda$new$0(135)) - c9503bac-ef38-43e8-a353-bcf9ec6894fb@group-BA04475C25EA-SegmentedRaftLogWorker: flushIndex: setUnconditionally 0 -> -1
2022-08-04 23:29:50,102 [pool-95-thread-1] INFO  segmented.SegmentedRaftLogWorker (SegmentedRaftLogWorker.java:lambda$new$0(135)) - c9503bac-ef38-43e8-a353-bcf9ec6894fb@group-BA04475C25EA-SegmentedRaftLogWorker: safeCacheEvictIndex: setUnconditionally 0 -> -1
2022-08-04 23:29:50,104 [pool-95-thread-1] INFO  server.RaftServerConfigKeys (ConfUtils.java:logGet(46)) - raft.server.snapshot.auto.trigger.enabled = true (custom)
2022-08-04 23:29:50,104 [pool-95-thread-1] INFO  server.RaftServerConfigKeys (ConfUtils.java:logGet(46)) - raft.server.snapshot.auto.trigger.threshold = 10000 (custom)
2022-08-04 23:29:50,104 [pool-95-thread-1] INFO  server.RaftServerConfigKeys (ConfUtils.java:logGet(46)) - raft.server.snapshot.retention.file.num = 5 (custom)
2022-08-04 23:29:50,104 [pool-95-thread-1] INFO  server.RaftServerConfigKeys (ConfUtils.java:logGet(46)) - raft.server.log.purge.upto.snapshot.index = false (default)
2022-08-04 23:29:50,104 [pool-95-thread-1] INFO  server.RaftServerConfigKeys (ConfUtils.java:logGet(46)) - raft.server.retrycache.expirytime = 600000ms (custom)
2022-08-04 23:29:50,104 [pool-95-thread-1] INFO  server.RaftServerConfigKeys (ConfUtils.java:logGet(46)) - raft.server.retrycache.statistics.expirytime = 100μs (default)
2022-08-04 23:29:50,104 [EventQueue-PipelineReportForPipelineReportHandler] INFO  pipeline.PipelineManagerImpl (PipelineManagerImpl.java:openPipeline(367)) - Pipeline Pipeline[ Id: 8daf9b6f-62ab-4159-af38-ba04475c25ea, Nodes: c9503bac-ef38-43e8-a353-bcf9ec6894fb{ip: 10.1.0.37, host: fv-az241-597.bb25ywkzvhnelkltyshw0e441e.jx.internal.cloudapp.net, ports: [REPLICATION=37213, RATIS=40601, RATIS_ADMIN=40601, RATIS_SERVER=40601, STANDALONE=34285], networkLocation: /default-rack, certSerialId: null, persistedOpState: IN_SERVICE, persistedOpStateExpiryEpochSec: 0}, ReplicationConfig: RATIS/ONE, State:ALLOCATED, leaderId:c9503bac-ef38-43e8-a353-bcf9ec6894fb, CreationTimestamp2022-08-04T23:29:47.083Z[Etc/UTC]] moved to OPEN state
2022-08-04 23:29:50,105 [EventQueue-OpenPipelineForHealthyPipelineSafeModeRule] INFO  safemode.SCMSafeModeManager (HealthyPipelineSafeModeRule.java:process(137)) - SCM in safe mode. Healthy pipelines reported count is 0, required healthy pipeline reported count is 1
2022-08-04 23:29:50,113 [pool-95-thread-1] INFO  server.RaftServerConfigKeys (ConfUtils.java:logGet(46)) - raft.server.log.appender.install.snapshot.enabled = false (custom)
2022-08-04 23:29:50,115 [pool-95-thread-1] INFO  server.RaftServerConfigKeys (ConfUtils.java:logGet(46)) - raft.server.threadpool.server.cached = true (default)
2022-08-04 23:29:50,115 [pool-95-thread-1] INFO  server.RaftServerConfigKeys (ConfUtils.java:logGet(46)) - raft.server.threadpool.server.size = 0 (default)
2022-08-04 23:29:50,115 [pool-95-thread-1] INFO  server.RaftServerConfigKeys (ConfUtils.java:logGet(46)) - raft.server.threadpool.client.cached = true (default)
2022-08-04 23:29:50,115 [pool-95-thread-1] INFO  server.RaftServerConfigKeys (ConfUtils.java:logGet(46)) - raft.server.threadpool.client.size = 0 (default)
2022-08-04 23:29:50,115 [pool-95-thread-1] INFO  server.RaftServer$Division (RaftServerImpl.java:start(310)) - c9503bac-ef38-43e8-a353-bcf9ec6894fb@group-BA04475C25EA: start as a follower, conf=-1: [c9503bac-ef38-43e8-a353-bcf9ec6894fb|rpc:10.1.0.37:40601|priority:1], old=null
2022-08-04 23:29:50,116 [pool-95-thread-1] INFO  server.RaftServer$Division (RaftServerImpl.java:setRole(299)) - c9503bac-ef38-43e8-a353-bcf9ec6894fb@group-BA04475C25EA: changes role from      null to FOLLOWER at term 0 for startAsFollower
2022-08-04 23:29:50,116 [pool-95-thread-1] INFO  impl.RoleInfo (RoleInfo.java:updateAndGet(139)) - c9503bac-ef38-43e8-a353-bcf9ec6894fb: start c9503bac-ef38-43e8-a353-bcf9ec6894fb@group-BA04475C25EA-FollowerState
2022-08-04 23:29:50,123 [pool-95-thread-1] INFO  util.JmxRegister (JmxRegister.java:tryRegister(44)) - Successfully registered JMX Bean with object name Ratis:service=RaftServer,group=group-BA04475C25EA,id=c9503bac-ef38-43e8-a353-bcf9ec6894fb
2022-08-04 23:29:50,135 [Command processor thread] INFO  ratis.XceiverServerRatis (XceiverServerRatis.java:addGroup(765)) - Created group PipelineID=8daf9b6f-62ab-4159-af38-ba04475c25ea
2022-08-04 23:29:50,136 [Command processor thread] INFO  commandhandler.CreatePipelineCommandHandler (CreatePipelineCommandHandler.java:handle(113)) - Created Pipeline RATIS ONE PipelineID=8daf9b6f-62ab-4159-af38-ba04475c25ea.
2022-08-04 23:29:50,136 [Command processor thread] INFO  server.RaftServer (RaftServerProxy.java:addNew(96)) - c9503bac-ef38-43e8-a353-bcf9ec6894fb: addNew group-03A2BB9454BF:[23c1664a-1022-4025-96e5-5155d23dedff|rpc:10.1.0.37:41659|priority:0, 1ae70e63-9738-4f7b-b13f-a5d5db090f9c|rpc:10.1.0.37:36723|priority:0, c9503bac-ef38-43e8-a353-bcf9ec6894fb|rpc:10.1.0.37:40601|priority:1] returns group-03A2BB9454BF:java.util.concurrent.CompletableFuture@6cb5c73c[Not completed]
2022-08-04 23:29:50,137 [pool-95-thread-1] INFO  server.RaftServer$Division (RaftServerImpl.java:<init>(190)) - c9503bac-ef38-43e8-a353-bcf9ec6894fb: new RaftServerImpl for group-03A2BB9454BF:[23c1664a-1022-4025-96e5-5155d23dedff|rpc:10.1.0.37:41659|priority:0, 1ae70e63-9738-4f7b-b13f-a5d5db090f9c|rpc:10.1.0.37:36723|priority:0, c9503bac-ef38-43e8-a353-bcf9ec6894fb|rpc:10.1.0.37:40601|priority:1] with ContainerStateMachine:uninitialized
2022-08-04 23:29:50,137 [pool-95-thread-1] INFO  server.RaftServerConfigKeys (ConfUtils.java:logGet(46)) - raft.server.rpc.timeout.min = 5s (custom)
2022-08-04 23:29:50,137 [pool-95-thread-1] INFO  server.RaftServerConfigKeys (ConfUtils.java:logGet(46)) - raft.server.rpc.timeout.max = 5200ms (custom)
2022-08-04 23:29:50,137 [pool-95-thread-1] INFO  server.RaftServerConfigKeys (ConfUtils.java:logGet(46)) - raft.server.rpc.sleep.time = 25ms (default)
2022-08-04 23:29:50,137 [pool-95-thread-1] INFO  server.RaftServerConfigKeys (ConfUtils.java:logGet(46)) - raft.server.rpc.slowness.timeout = 300s (custom)
2022-08-04 23:29:50,137 [pool-95-thread-1] INFO  server.RaftServerConfigKeys (ConfUtils.java:logGet(46)) - raft.server.leaderelection.leader.step-down.wait-time = 10s (default)
2022-08-04 23:29:50,137 [pool-95-thread-1] INFO  server.RaftServerConfigKeys (ConfUtils.java:logGet(46)) - raft.server.sleep.deviation.threshold = 300ms (default)
2022-08-04 23:29:50,137 [pool-95-thread-1] INFO  server.RaftServer$Division (ServerState.java:<init>(107)) - c9503bac-ef38-43e8-a353-bcf9ec6894fb@group-03A2BB9454BF: ConfigurationManager, init=-1: [23c1664a-1022-4025-96e5-5155d23dedff|rpc:10.1.0.37:41659|priority:0, 1ae70e63-9738-4f7b-b13f-a5d5db090f9c|rpc:10.1.0.37:36723|priority:0, c9503bac-ef38-43e8-a353-bcf9ec6894fb|rpc:10.1.0.37:40601|priority:1], old=null, confs=<EMPTY_MAP>
2022-08-04 23:29:50,137 [pool-95-thread-1] INFO  server.RaftServerConfigKeys (ConfUtils.java:logGet(46)) - raft.server.storage.dir = [/home/runner/work/ozone/ozone/hadoop-ozone/integration-test/target/test-dir/MiniOzoneClusterImpl-9f329032-b852-4d71-b4c8-c146519b003b/datanode-1/data/ratis] (custom)
2022-08-04 23:29:50,138 [pool-95-thread-1] INFO  server.RaftServerConfigKeys (ConfUtils.java:logGet(46)) - raft.server.log.corruption.policy = EXCEPTION (default)
2022-08-04 23:29:50,138 [pool-95-thread-1] INFO  server.RaftServerConfigKeys (ConfUtils.java:logGet(46)) - raft.server.storage.free-space.min = 0MB (=0) (default)
2022-08-04 23:29:50,138 [pool-95-thread-1] INFO  storage.RaftStorageDirectory (RaftStorageDirectoryImpl.java:analyzeStorage(135)) - The storage directory /home/runner/work/ozone/ozone/hadoop-ozone/integration-test/target/test-dir/MiniOzoneClusterImpl-9f329032-b852-4d71-b4c8-c146519b003b/datanode-1/data/ratis/9f32630a-7e38-43d4-b249-03a2bb9454bf does not exist. Creating ...
2022-08-04 23:29:50,140 [pool-95-thread-1] INFO  storage.RaftStorageDirectory (RaftStorageDirectoryImpl.java:tryLock(230)) - Lock on /home/runner/work/ozone/ozone/hadoop-ozone/integration-test/target/test-dir/MiniOzoneClusterImpl-9f329032-b852-4d71-b4c8-c146519b003b/datanode-1/data/ratis/9f32630a-7e38-43d4-b249-03a2bb9454bf/in_use.lock acquired by nodename 5725@fv-az241-597
2022-08-04 23:29:50,142 [pool-95-thread-1] INFO  storage.RaftStorage (RaftStorageImpl.java:format(89)) - Storage directory /home/runner/work/ozone/ozone/hadoop-ozone/integration-test/target/test-dir/MiniOzoneClusterImpl-9f329032-b852-4d71-b4c8-c146519b003b/datanode-1/data/ratis/9f32630a-7e38-43d4-b249-03a2bb9454bf has been successfully formatted.
2022-08-04 23:29:50,142 [pool-95-thread-1] INFO  ratis.ContainerStateMachine (ContainerStateMachine.java:loadSnapshot(236)) - group-03A2BB9454BF: The snapshot info is null. Setting the last applied indexto:(t:0, i:~)
2022-08-04 23:29:50,143 [pool-95-thread-1] INFO  server.RaftServerConfigKeys (ConfUtils.java:logGet(46)) - raft.server.notification.no-leader.timeout = 300s (custom)
2022-08-04 23:29:50,144 [pool-118-thread-1] INFO  server.RaftServer$Division (RaftServerImpl.java:<init>(190)) - 23c1664a-1022-4025-96e5-5155d23dedff: new RaftServerImpl for group-03A2BB9454BF:[23c1664a-1022-4025-96e5-5155d23dedff|rpc:10.1.0.37:41659|dataStream:|priority:0, 1ae70e63-9738-4f7b-b13f-a5d5db090f9c|rpc:10.1.0.37:36723|dataStream:|priority:0, c9503bac-ef38-43e8-a353-bcf9ec6894fb|rpc:10.1.0.37:40601|dataStream:|priority:1] with ContainerStateMachine:uninitialized
2022-08-04 23:29:50,143 [grpc-default-executor-0] INFO  server.RaftServer (RaftServerProxy.java:addNew(96)) - 23c1664a-1022-4025-96e5-5155d23dedff: addNew group-03A2BB9454BF:[23c1664a-1022-4025-96e5-5155d23dedff|rpc:10.1.0.37:41659|dataStream:|priority:0, 1ae70e63-9738-4f7b-b13f-a5d5db090f9c|rpc:10.1.0.37:36723|dataStream:|priority:0, c9503bac-ef38-43e8-a353-bcf9ec6894fb|rpc:10.1.0.37:40601|dataStream:|priority:1] returns group-03A2BB9454BF:java.util.concurrent.CompletableFuture@64da4c8e[Not completed]
2022-08-04 23:29:50,146 [pool-118-thread-1] INFO  server.RaftServerConfigKeys (ConfUtils.java:logGet(46)) - raft.server.rpc.timeout.min = 5s (custom)
2022-08-04 23:29:50,146 [pool-118-thread-1] INFO  server.RaftServerConfigKeys (ConfUtils.java:logGet(46)) - raft.server.rpc.timeout.max = 5200ms (custom)
2022-08-04 23:29:50,146 [pool-118-thread-1] INFO  server.RaftServerConfigKeys (ConfUtils.java:logGet(46)) - raft.server.rpc.sleep.time = 25ms (default)
2022-08-04 23:29:50,146 [pool-118-thread-1] INFO  server.RaftServerConfigKeys (ConfUtils.java:logGet(46)) - raft.server.rpc.slowness.timeout = 300s (custom)
2022-08-04 23:29:50,146 [pool-118-thread-1] INFO  server.RaftServerConfigKeys (ConfUtils.java:logGet(46)) - raft.server.leaderelection.leader.step-down.wait-time = 10s (default)
2022-08-04 23:29:50,146 [pool-118-thread-1] INFO  server.RaftServerConfigKeys (ConfUtils.java:logGet(46)) - raft.server.sleep.deviation.threshold = 300ms (default)
2022-08-04 23:29:50,146 [pool-118-thread-1] INFO  server.RaftServer$Division (ServerState.java:<init>(107)) - 23c1664a-1022-4025-96e5-5155d23dedff@group-03A2BB9454BF: ConfigurationManager, init=-1: [23c1664a-1022-4025-96e5-5155d23dedff|rpc:10.1.0.37:41659|dataStream:|priority:0, 1ae70e63-9738-4f7b-b13f-a5d5db090f9c|rpc:10.1.0.37:36723|dataStream:|priority:0, c9503bac-ef38-43e8-a353-bcf9ec6894fb|rpc:10.1.0.37:40601|dataStream:|priority:1], old=null, confs=<EMPTY_MAP>
2022-08-04 23:29:50,146 [pool-118-thread-1] INFO  server.RaftServerConfigKeys (ConfUtils.java:logGet(46)) - raft.server.storage.dir = [/home/runner/work/ozone/ozone/hadoop-ozone/integration-test/target/test-dir/MiniOzoneClusterImpl-9f329032-b852-4d71-b4c8-c146519b003b/datanode-2/data/ratis] (custom)
2022-08-04 23:29:50,146 [pool-118-thread-1] INFO  server.RaftServerConfigKeys (ConfUtils.java:logGet(46)) - raft.server.log.corruption.policy = EXCEPTION (default)
2022-08-04 23:29:50,146 [pool-118-thread-1] INFO  server.RaftServerConfigKeys (ConfUtils.java:logGet(46)) - raft.server.storage.free-space.min = 0MB (=0) (default)
2022-08-04 23:29:50,146 [pool-118-thread-1] INFO  storage.RaftStorageDirectory (RaftStorageDirectoryImpl.java:analyzeStorage(135)) - The storage directory /home/runner/work/ozone/ozone/hadoop-ozone/integration-test/target/test-dir/MiniOzoneClusterImpl-9f329032-b852-4d71-b4c8-c146519b003b/datanode-2/data/ratis/9f32630a-7e38-43d4-b249-03a2bb9454bf does not exist. Creating ...
2022-08-04 23:29:50,145 [pool-95-thread-1] INFO  server.RaftServerConfigKeys (ConfUtils.java:logGet(46)) - raft.server.log.use.memory = false (default)
2022-08-04 23:29:50,146 [EventQueue-OpenPipelineForHealthyPipelineSafeModeRule] INFO  safemode.SCMSafeModeManager (HealthyPipelineSafeModeRule.java:process(137)) - SCM in safe mode. Healthy pipelines reported count is 0, required healthy pipeline reported count is 1
2022-08-04 23:29:50,147 [pool-95-thread-1] INFO  server.RaftServerConfigKeys (ConfUtils.java:logGet(46)) - raft.server.log.purge.gap = 1000000 (custom)
2022-08-04 23:29:50,147 [pool-95-thread-1] INFO  server.RaftServerConfigKeys (ConfUtils.java:logGet(46)) - raft.server.log.appender.buffer.byte-limit = 33554432 (custom)
2022-08-04 23:29:50,147 [pool-95-thread-1] INFO  server.RaftServerConfigKeys (ConfUtils.java:logGet(46)) - raft.server.log.statemachine.data.read.timeout = 1000ms (default)
2022-08-04 23:29:50,147 [pool-95-thread-1] INFO  server.RaftServerConfigKeys (ConfUtils.java:logGet(46)) - raft.server.log.segment.size.max = 1048576 (custom)
2022-08-04 23:29:50,147 [pool-118-thread-1] INFO  storage.RaftStorageDirectory (RaftStorageDirectoryImpl.java:tryLock(230)) - Lock on /home/runner/work/ozone/ozone/hadoop-ozone/integration-test/target/test-dir/MiniOzoneClusterImpl-9f329032-b852-4d71-b4c8-c146519b003b/datanode-2/data/ratis/9f32630a-7e38-43d4-b249-03a2bb9454bf/in_use.lock acquired by nodename 5725@fv-az241-597
2022-08-04 23:29:50,148 [pool-95-thread-1] INFO  server.RaftServerConfigKeys (ConfUtils.java:logGet(46)) - raft.server.log.segment.cache.num.max = 2 (custom)
2022-08-04 23:29:50,148 [pool-95-thread-1] INFO  server.RaftServerConfigKeys (ConfUtils.java:logGet(46)) - raft.server.log.segment.cache.size.max = 200MB (=209715200) (default)
2022-08-04 23:29:50,148 [pool-95-thread-1] INFO  segmented.SegmentedRaftLogWorker (SegmentedRaftLogWorker.java:<init>(187)) - new c9503bac-ef38-43e8-a353-bcf9ec6894fb@group-03A2BB9454BF-SegmentedRaftLogWorker for RaftStorageImpl:Storage Directory /home/runner/work/ozone/ozone/hadoop-ozone/integration-test/target/test-dir/MiniOzoneClusterImpl-9f329032-b852-4d71-b4c8-c146519b003b/datanode-1/data/ratis/9f32630a-7e38-43d4-b249-03a2bb9454bf
2022-08-04 23:29:50,148 [pool-95-thread-1] INFO  server.RaftServerConfigKeys (ConfUtils.java:logGet(46)) - raft.server.log.queue.byte-limit = 4294967296 (custom)
2022-08-04 23:29:50,148 [pool-118-thread-1] INFO  storage.RaftStorage (RaftStorageImpl.java:format(89)) - Storage directory /home/runner/work/ozone/ozone/hadoop-ozone/integration-test/target/test-dir/MiniOzoneClusterImpl-9f329032-b852-4d71-b4c8-c146519b003b/datanode-2/data/ratis/9f32630a-7e38-43d4-b249-03a2bb9454bf has been successfully formatted.
2022-08-04 23:29:50,148 [pool-95-thread-1] INFO  server.RaftServerConfigKeys (ConfUtils.java:logGet(46)) - raft.server.log.queue.element-limit = 1024 (custom)
2022-08-04 23:29:50,148 [pool-95-thread-1] INFO  server.RaftServerConfigKeys (ConfUtils.java:logGet(46)) - raft.server.log.segment.size.max = 1048576 (custom)
2022-08-04 23:29:50,148 [pool-95-thread-1] INFO  server.RaftServerConfigKeys (ConfUtils.java:logGet(46)) - raft.server.log.preallocated.size = 16384 (custom)
2022-08-04 23:29:50,148 [pool-95-thread-1] INFO  server.RaftServerConfigKeys (ConfUtils.java:logGet(46)) - raft.server.log.force.sync.num = 128 (default)
2022-08-04 23:29:50,148 [pool-95-thread-1] INFO  server.RaftServerConfigKeys (ConfUtils.java:logGet(46)) - raft.server.log.statemachine.data.sync = true (default)
2022-08-04 23:29:50,148 [pool-95-thread-1] INFO  server.RaftServerConfigKeys (ConfUtils.java:logGet(46)) - raft.server.log.statemachine.data.sync.timeout = 10s (default)
2022-08-04 23:29:50,148 [pool-95-thread-1] INFO  server.RaftServerConfigKeys (ConfUtils.java:logGet(46)) - raft.server.log.statemachine.data.sync.timeout.retry = -1 (default)
2022-08-04 23:29:50,149 [pool-95-thread-1] INFO  server.RaftServerConfigKeys (ConfUtils.java:logGet(46)) - raft.server.log.write.buffer.size = 1048576 (custom)
2022-08-04 23:29:50,150 [pool-95-thread-1] INFO  server.RaftServerConfigKeys (ConfUtils.java:logGet(46)) - raft.server.log.unsafe-flush.enabled = false (default)
2022-08-04 23:29:50,150 [pool-95-thread-1] INFO  server.RaftServerConfigKeys (ConfUtils.java:logGet(46)) - raft.server.log.statemachine.data.caching.enabled = true (custom)
2022-08-04 23:29:50,150 [pool-95-thread-1] INFO  segmented.SegmentedRaftLogWorker (SegmentedRaftLogWorker.java:lambda$new$0(135)) - c9503bac-ef38-43e8-a353-bcf9ec6894fb@group-03A2BB9454BF-SegmentedRaftLogWorker: flushIndex: setUnconditionally 0 -> -1
2022-08-04 23:29:50,150 [pool-95-thread-1] INFO  segmented.SegmentedRaftLogWorker (SegmentedRaftLogWorker.java:lambda$new$0(135)) - c9503bac-ef38-43e8-a353-bcf9ec6894fb@group-03A2BB9454BF-SegmentedRaftLogWorker: safeCacheEvictIndex: setUnconditionally 0 -> -1
2022-08-04 23:29:50,158 [pool-95-thread-1] INFO  server.RaftServerConfigKeys (ConfUtils.java:logGet(46)) - raft.server.snapshot.auto.trigger.enabled = true (custom)
2022-08-04 23:29:50,158 [pool-95-thread-1] INFO  server.RaftServerConfigKeys (ConfUtils.java:logGet(46)) - raft.server.snapshot.auto.trigger.threshold = 10000 (custom)
2022-08-04 23:29:50,158 [pool-95-thread-1] INFO  server.RaftServerConfigKeys (ConfUtils.java:logGet(46)) - raft.server.snapshot.retention.file.num = 5 (custom)
2022-08-04 23:29:50,158 [pool-95-thread-1] INFO  server.RaftServerConfigKeys (ConfUtils.java:logGet(46)) - raft.server.log.purge.upto.snapshot.index = false (default)
2022-08-04 23:29:50,158 [pool-95-thread-1] INFO  server.RaftServerConfigKeys (ConfUtils.java:logGet(46)) - raft.server.retrycache.expirytime = 600000ms (custom)
2022-08-04 23:29:50,158 [pool-95-thread-1] INFO  server.RaftServerConfigKeys (ConfUtils.java:logGet(46)) - raft.server.retrycache.statistics.expirytime = 100μs (default)
2022-08-04 23:29:50,160 [pool-95-thread-1] INFO  server.RaftServerConfigKeys (ConfUtils.java:logGet(46)) - raft.server.log.appender.install.snapshot.enabled = false (custom)
2022-08-04 23:29:50,160 [pool-95-thread-1] INFO  server.RaftServerConfigKeys (ConfUtils.java:logGet(46)) - raft.server.threadpool.server.cached = true (default)
2022-08-04 23:29:50,160 [pool-95-thread-1] INFO  server.RaftServerConfigKeys (ConfUtils.java:logGet(46)) - raft.server.threadpool.server.size = 0 (default)
2022-08-04 23:29:50,162 [pool-95-thread-1] INFO  server.RaftServerConfigKeys (ConfUtils.java:logGet(46)) - raft.server.threadpool.client.cached = true (default)
2022-08-04 23:29:50,162 [pool-95-thread-1] INFO  server.RaftServerConfigKeys (ConfUtils.java:logGet(46)) - raft.server.threadpool.client.size = 0 (default)
2022-08-04 23:29:50,163 [pool-95-thread-1] INFO  server.RaftServer$Division (RaftServerImpl.java:start(310)) - c9503bac-ef38-43e8-a353-bcf9ec6894fb@group-03A2BB9454BF: start as a follower, conf=-1: [23c1664a-1022-4025-96e5-5155d23dedff|rpc:10.1.0.37:41659|priority:0, 1ae70e63-9738-4f7b-b13f-a5d5db090f9c|rpc:10.1.0.37:36723|priority:0, c9503bac-ef38-43e8-a353-bcf9ec6894fb|rpc:10.1.0.37:40601|priority:1], old=null
2022-08-04 23:29:50,163 [pool-95-thread-1] INFO  server.RaftServer$Division (RaftServerImpl.java:setRole(299)) - c9503bac-ef38-43e8-a353-bcf9ec6894fb@group-03A2BB9454BF: changes role from      null to FOLLOWER at term 0 for startAsFollower
2022-08-04 23:29:50,163 [pool-95-thread-1] INFO  impl.RoleInfo (RoleInfo.java:updateAndGet(139)) - c9503bac-ef38-43e8-a353-bcf9ec6894fb: start c9503bac-ef38-43e8-a353-bcf9ec6894fb@group-03A2BB9454BF-FollowerState
2022-08-04 23:29:50,163 [pool-95-thread-1] INFO  util.JmxRegister (JmxRegister.java:tryRegister(44)) - Successfully registered JMX Bean with object name Ratis:service=RaftServer,group=group-03A2BB9454BF,id=c9503bac-ef38-43e8-a353-bcf9ec6894fb
2022-08-04 23:29:50,167 [Command processor thread] INFO  ratis.XceiverServerRatis (XceiverServerRatis.java:addGroup(765)) - Created group PipelineID=9f32630a-7e38-43d4-b249-03a2bb9454bf
2022-08-04 23:29:50,162 [pool-118-thread-1] INFO  ratis.ContainerStateMachine (ContainerStateMachine.java:loadSnapshot(236)) - group-03A2BB9454BF: The snapshot info is null. Setting the last applied indexto:(t:0, i:~)
2022-08-04 23:29:50,168 [pool-118-thread-1] INFO  server.RaftServerConfigKeys (ConfUtils.java:logGet(46)) - raft.server.notification.no-leader.timeout = 300s (custom)
2022-08-04 23:29:50,168 [pool-118-thread-1] INFO  server.RaftServerConfigKeys (ConfUtils.java:logGet(46)) - raft.server.log.use.memory = false (default)
2022-08-04 23:29:50,168 [pool-118-thread-1] INFO  server.RaftServerConfigKeys (ConfUtils.java:logGet(46)) - raft.server.log.purge.gap = 1000000 (custom)
2022-08-04 23:29:50,168 [pool-118-thread-1] INFO  server.RaftServerConfigKeys (ConfUtils.java:logGet(46)) - raft.server.log.appender.buffer.byte-limit = 33554432 (custom)
2022-08-04 23:29:50,168 [pool-118-thread-1] INFO  server.RaftServerConfigKeys (ConfUtils.java:logGet(46)) - raft.server.log.statemachine.data.read.timeout = 1000ms (default)
2022-08-04 23:29:50,168 [pool-118-thread-1] INFO  server.RaftServerConfigKeys (ConfUtils.java:logGet(46)) - raft.server.log.segment.size.max = 1048576 (custom)
2022-08-04 23:29:50,168 [pool-118-thread-1] INFO  server.RaftServerConfigKeys (ConfUtils.java:logGet(46)) - raft.server.log.segment.cache.num.max = 2 (custom)
2022-08-04 23:29:50,168 [pool-118-thread-1] INFO  server.RaftServerConfigKeys (ConfUtils.java:logGet(46)) - raft.server.log.segment.cache.size.max = 200MB (=209715200) (default)
2022-08-04 23:29:50,168 [pool-118-thread-1] INFO  segmented.SegmentedRaftLogWorker (SegmentedRaftLogWorker.java:<init>(187)) - new 23c1664a-1022-4025-96e5-5155d23dedff@group-03A2BB9454BF-SegmentedRaftLogWorker for RaftStorageImpl:Storage Directory /home/runner/work/ozone/ozone/hadoop-ozone/integration-test/target/test-dir/MiniOzoneClusterImpl-9f329032-b852-4d71-b4c8-c146519b003b/datanode-2/data/ratis/9f32630a-7e38-43d4-b249-03a2bb9454bf
2022-08-04 23:29:50,169 [pool-118-thread-1] INFO  server.RaftServerConfigKeys (ConfUtils.java:logGet(46)) - raft.server.log.queue.byte-limit = 4294967296 (custom)
2022-08-04 23:29:50,169 [pool-118-thread-1] INFO  server.RaftServerConfigKeys (ConfUtils.java:logGet(46)) - raft.server.log.queue.element-limit = 1024 (custom)
2022-08-04 23:29:50,169 [pool-118-thread-1] INFO  server.RaftServerConfigKeys (ConfUtils.java:logGet(46)) - raft.server.log.segment.size.max = 1048576 (custom)
2022-08-04 23:29:50,169 [pool-118-thread-1] INFO  server.RaftServerConfigKeys (ConfUtils.java:logGet(46)) - raft.server.log.preallocated.size = 16384 (custom)
2022-08-04 23:29:50,169 [pool-118-thread-1] INFO  server.RaftServerConfigKeys (ConfUtils.java:logGet(46)) - raft.server.log.force.sync.num = 128 (default)
2022-08-04 23:29:50,169 [pool-118-thread-1] INFO  server.RaftServerConfigKeys (ConfUtils.java:logGet(46)) - raft.server.log.statemachine.data.sync = true (default)
2022-08-04 23:29:50,169 [pool-118-thread-1] INFO  server.RaftServerConfigKeys (ConfUtils.java:logGet(46)) - raft.server.log.statemachine.data.sync.timeout = 10s (default)
2022-08-04 23:29:50,169 [pool-118-thread-1] INFO  server.RaftServerConfigKeys (ConfUtils.java:logGet(46)) - raft.server.log.statemachine.data.sync.timeout.retry = -1 (default)
2022-08-04 23:29:50,170 [pool-118-thread-1] INFO  server.RaftServerConfigKeys (ConfUtils.java:logGet(46)) - raft.server.log.write.buffer.size = 1048576 (custom)
2022-08-04 23:29:50,170 [pool-118-thread-1] INFO  server.RaftServerConfigKeys (ConfUtils.java:logGet(46)) - raft.server.log.unsafe-flush.enabled = false (default)
2022-08-04 23:29:50,170 [pool-118-thread-1] INFO  server.RaftServerConfigKeys (ConfUtils.java:logGet(46)) - raft.server.log.statemachine.data.caching.enabled = true (custom)
2022-08-04 23:29:50,171 [pool-118-thread-1] INFO  segmented.SegmentedRaftLogWorker (SegmentedRaftLogWorker.java:lambda$new$0(135)) - 23c1664a-1022-4025-96e5-5155d23dedff@group-03A2BB9454BF-SegmentedRaftLogWorker: flushIndex: setUnconditionally 0 -> -1
2022-08-04 23:29:50,171 [pool-118-thread-1] INFO  segmented.SegmentedRaftLogWorker (SegmentedRaftLogWorker.java:lambda$new$0(135)) - 23c1664a-1022-4025-96e5-5155d23dedff@group-03A2BB9454BF-SegmentedRaftLogWorker: safeCacheEvictIndex: setUnconditionally 0 -> -1
2022-08-04 23:29:50,171 [pool-118-thread-1] INFO  server.RaftServerConfigKeys (ConfUtils.java:logGet(46)) - raft.server.snapshot.auto.trigger.enabled = true (custom)
2022-08-04 23:29:50,171 [pool-118-thread-1] INFO  server.RaftServerConfigKeys (ConfUtils.java:logGet(46)) - raft.server.snapshot.auto.trigger.threshold = 10000 (custom)
2022-08-04 23:29:50,171 [pool-118-thread-1] INFO  server.RaftServerConfigKeys (ConfUtils.java:logGet(46)) - raft.server.snapshot.retention.file.num = 5 (custom)
2022-08-04 23:29:50,171 [pool-118-thread-1] INFO  server.RaftServerConfigKeys (ConfUtils.java:logGet(46)) - raft.server.log.purge.upto.snapshot.index = false (default)
2022-08-04 23:29:50,171 [pool-118-thread-1] INFO  server.RaftServerConfigKeys (ConfUtils.java:logGet(46)) - raft.server.retrycache.expirytime = 600000ms (custom)
2022-08-04 23:29:50,171 [pool-118-thread-1] INFO  server.RaftServerConfigKeys (ConfUtils.java:logGet(46)) - raft.server.retrycache.statistics.expirytime = 100μs (default)
2022-08-04 23:29:50,172 [pool-118-thread-1] INFO  server.RaftServerConfigKeys (ConfUtils.java:logGet(46)) - raft.server.log.appender.install.snapshot.enabled = false (custom)
2022-08-04 23:29:50,172 [pool-118-thread-1] INFO  server.RaftServerConfigKeys (ConfUtils.java:logGet(46)) - raft.server.threadpool.server.cached = true (default)
2022-08-04 23:29:50,172 [pool-118-thread-1] INFO  server.RaftServerConfigKeys (ConfUtils.java:logGet(46)) - raft.server.threadpool.server.size = 0 (default)
2022-08-04 23:29:50,172 [pool-118-thread-1] INFO  server.RaftServerConfigKeys (ConfUtils.java:logGet(46)) - raft.server.threadpool.client.cached = true (default)
2022-08-04 23:29:50,172 [pool-118-thread-1] INFO  server.RaftServerConfigKeys (ConfUtils.java:logGet(46)) - raft.server.threadpool.client.size = 0 (default)
2022-08-04 23:29:50,172 [pool-118-thread-1] INFO  server.RaftServer$Division (RaftServerImpl.java:start(310)) - 23c1664a-1022-4025-96e5-5155d23dedff@group-03A2BB9454BF: start as a follower, conf=-1: [23c1664a-1022-4025-96e5-5155d23dedff|rpc:10.1.0.37:41659|dataStream:|priority:0, 1ae70e63-9738-4f7b-b13f-a5d5db090f9c|rpc:10.1.0.37:36723|dataStream:|priority:0, c9503bac-ef38-43e8-a353-bcf9ec6894fb|rpc:10.1.0.37:40601|dataStream:|priority:1], old=null
2022-08-04 23:29:50,173 [pool-118-thread-1] INFO  server.RaftServer$Division (RaftServerImpl.java:setRole(299)) - 23c1664a-1022-4025-96e5-5155d23dedff@group-03A2BB9454BF: changes role from      null to FOLLOWER at term 0 for startAsFollower
2022-08-04 23:29:50,173 [pool-118-thread-1] INFO  impl.RoleInfo (RoleInfo.java:updateAndGet(139)) - 23c1664a-1022-4025-96e5-5155d23dedff: start 23c1664a-1022-4025-96e5-5155d23dedff@group-03A2BB9454BF-FollowerState
2022-08-04 23:29:50,173 [pool-118-thread-1] INFO  util.JmxRegister (JmxRegister.java:tryRegister(44)) - Successfully registered JMX Bean with object name Ratis:service=RaftServer,group=group-03A2BB9454BF,id=23c1664a-1022-4025-96e5-5155d23dedff
2022-08-04 23:29:50,293 [Command processor thread] INFO  commandhandler.CreatePipelineCommandHandler (CreatePipelineCommandHandler.java:handle(113)) - Created Pipeline RATIS THREE PipelineID=9f32630a-7e38-43d4-b249-03a2bb9454bf.
2022-08-04 23:29:50,293 [Command processor thread] INFO  server.RaftServer (RaftServerProxy.java:addNew(96)) - c9503bac-ef38-43e8-a353-bcf9ec6894fb: addNew group-8943FEBBBAB0:[23c1664a-1022-4025-96e5-5155d23dedff|rpc:10.1.0.37:41659|priority:0, 1ae70e63-9738-4f7b-b13f-a5d5db090f9c|rpc:10.1.0.37:36723|priority:1, c9503bac-ef38-43e8-a353-bcf9ec6894fb|rpc:10.1.0.37:40601|priority:0] returns group-8943FEBBBAB0:java.util.concurrent.CompletableFuture@44f62c[Not completed]
2022-08-04 23:29:50,294 [pool-95-thread-1] INFO  server.RaftServer$Division (RaftServerImpl.java:<init>(190)) - c9503bac-ef38-43e8-a353-bcf9ec6894fb: new RaftServerImpl for group-8943FEBBBAB0:[23c1664a-1022-4025-96e5-5155d23dedff|rpc:10.1.0.37:41659|priority:0, 1ae70e63-9738-4f7b-b13f-a5d5db090f9c|rpc:10.1.0.37:36723|priority:1, c9503bac-ef38-43e8-a353-bcf9ec6894fb|rpc:10.1.0.37:40601|priority:0] with ContainerStateMachine:uninitialized
2022-08-04 23:29:50,294 [pool-95-thread-1] INFO  server.RaftServerConfigKeys (ConfUtils.java:logGet(46)) - raft.server.rpc.timeout.min = 5s (custom)
2022-08-04 23:29:50,294 [pool-95-thread-1] INFO  server.RaftServerConfigKeys (ConfUtils.java:logGet(46)) - raft.server.rpc.timeout.max = 5200ms (custom)
2022-08-04 23:29:50,295 [pool-95-thread-1] INFO  server.RaftServerConfigKeys (ConfUtils.java:logGet(46)) - raft.server.rpc.sleep.time = 25ms (default)
2022-08-04 23:29:50,295 [pool-95-thread-1] INFO  server.RaftServerConfigKeys (ConfUtils.java:logGet(46)) - raft.server.rpc.slowness.timeout = 300s (custom)
2022-08-04 23:29:50,295 [pool-95-thread-1] INFO  server.RaftServerConfigKeys (ConfUtils.java:logGet(46)) - raft.server.leaderelection.leader.step-down.wait-time = 10s (default)
2022-08-04 23:29:50,295 [pool-95-thread-1] INFO  server.RaftServerConfigKeys (ConfUtils.java:logGet(46)) - raft.server.sleep.deviation.threshold = 300ms (default)
2022-08-04 23:29:50,295 [pool-95-thread-1] INFO  server.RaftServer$Division (ServerState.java:<init>(107)) - c9503bac-ef38-43e8-a353-bcf9ec6894fb@group-8943FEBBBAB0: ConfigurationManager, init=-1: [23c1664a-1022-4025-96e5-5155d23dedff|rpc:10.1.0.37:41659|priority:0, 1ae70e63-9738-4f7b-b13f-a5d5db090f9c|rpc:10.1.0.37:36723|priority:1, c9503bac-ef38-43e8-a353-bcf9ec6894fb|rpc:10.1.0.37:40601|priority:0], old=null, confs=<EMPTY_MAP>
2022-08-04 23:29:50,295 [pool-95-thread-1] INFO  server.RaftServerConfigKeys (ConfUtils.java:logGet(46)) - raft.server.storage.dir = [/home/runner/work/ozone/ozone/hadoop-ozone/integration-test/target/test-dir/MiniOzoneClusterImpl-9f329032-b852-4d71-b4c8-c146519b003b/datanode-1/data/ratis] (custom)
2022-08-04 23:29:50,295 [pool-95-thread-1] INFO  server.RaftServerConfigKeys (ConfUtils.java:logGet(46)) - raft.server.log.corruption.policy = EXCEPTION (default)
2022-08-04 23:29:50,295 [pool-95-thread-1] INFO  server.RaftServerConfigKeys (ConfUtils.java:logGet(46)) - raft.server.storage.free-space.min = 0MB (=0) (default)
2022-08-04 23:29:50,295 [pool-95-thread-1] INFO  storage.RaftStorageDirectory (RaftStorageDirectoryImpl.java:analyzeStorage(135)) - The storage directory /home/runner/work/ozone/ozone/hadoop-ozone/integration-test/target/test-dir/MiniOzoneClusterImpl-9f329032-b852-4d71-b4c8-c146519b003b/datanode-1/data/ratis/d75d2d2e-4cd5-4cbc-9b06-8943febbbab0 does not exist. Creating ...
2022-08-04 23:29:50,296 [pool-95-thread-1] INFO  storage.RaftStorageDirectory (RaftStorageDirectoryImpl.java:tryLock(230)) - Lock on /home/runner/work/ozone/ozone/hadoop-ozone/integration-test/target/test-dir/MiniOzoneClusterImpl-9f329032-b852-4d71-b4c8-c146519b003b/datanode-1/data/ratis/d75d2d2e-4cd5-4cbc-9b06-8943febbbab0/in_use.lock acquired by nodename 5725@fv-az241-597
2022-08-04 23:29:50,298 [pool-95-thread-1] INFO  storage.RaftStorage (RaftStorageImpl.java:format(89)) - Storage directory /home/runner/work/ozone/ozone/hadoop-ozone/integration-test/target/test-dir/MiniOzoneClusterImpl-9f329032-b852-4d71-b4c8-c146519b003b/datanode-1/data/ratis/d75d2d2e-4cd5-4cbc-9b06-8943febbbab0 has been successfully formatted.
2022-08-04 23:29:50,298 [pool-95-thread-1] INFO  ratis.ContainerStateMachine (ContainerStateMachine.java:loadSnapshot(236)) - group-8943FEBBBAB0: The snapshot info is null. Setting the last applied indexto:(t:0, i:~)
2022-08-04 23:29:50,298 [pool-95-thread-1] INFO  server.RaftServerConfigKeys (ConfUtils.java:logGet(46)) - raft.server.notification.no-leader.timeout = 300s (custom)
2022-08-04 23:29:50,299 [pool-95-thread-1] INFO  server.RaftServerConfigKeys (ConfUtils.java:logGet(46)) - raft.server.log.use.memory = false (default)
2022-08-04 23:29:50,299 [pool-95-thread-1] INFO  server.RaftServerConfigKeys (ConfUtils.java:logGet(46)) - raft.server.log.purge.gap = 1000000 (custom)
2022-08-04 23:29:50,299 [pool-95-thread-1] INFO  server.RaftServerConfigKeys (ConfUtils.java:logGet(46)) - raft.server.log.appender.buffer.byte-limit = 33554432 (custom)
2022-08-04 23:29:50,299 [pool-95-thread-1] INFO  server.RaftServerConfigKeys (ConfUtils.java:logGet(46)) - raft.server.log.statemachine.data.read.timeout = 1000ms (default)
2022-08-04 23:29:50,299 [pool-95-thread-1] INFO  server.RaftServerConfigKeys (ConfUtils.java:logGet(46)) - raft.server.log.segment.size.max = 1048576 (custom)
2022-08-04 23:29:50,300 [EventQueue-OpenPipelineForHealthyPipelineSafeModeRule] INFO  safemode.SCMSafeModeManager (HealthyPipelineSafeModeRule.java:process(137)) - SCM in safe mode. Healthy pipelines reported count is 0, required healthy pipeline reported count is 1
2022-08-04 23:29:50,301 [pool-95-thread-1] INFO  server.RaftServerConfigKeys (ConfUtils.java:logGet(46)) - raft.server.log.segment.cache.num.max = 2 (custom)
2022-08-04 23:29:50,301 [pool-95-thread-1] INFO  server.RaftServerConfigKeys (ConfUtils.java:logGet(46)) - raft.server.log.segment.cache.size.max = 200MB (=209715200) (default)
2022-08-04 23:29:50,301 [pool-95-thread-1] INFO  segmented.SegmentedRaftLogWorker (SegmentedRaftLogWorker.java:<init>(187)) - new c9503bac-ef38-43e8-a353-bcf9ec6894fb@group-8943FEBBBAB0-SegmentedRaftLogWorker for RaftStorageImpl:Storage Directory /home/runner/work/ozone/ozone/hadoop-ozone/integration-test/target/test-dir/MiniOzoneClusterImpl-9f329032-b852-4d71-b4c8-c146519b003b/datanode-1/data/ratis/d75d2d2e-4cd5-4cbc-9b06-8943febbbab0
2022-08-04 23:29:50,301 [Command processor thread] INFO  commandhandler.CreatePipelineCommandHandler (CreatePipelineCommandHandler.java:handle(113)) - Created Pipeline RATIS THREE PipelineID=9f32630a-7e38-43d4-b249-03a2bb9454bf.
2022-08-04 23:29:50,302 [Command processor thread] INFO  server.RaftServer (RaftServerProxy.java:addNew(96)) - 1ae70e63-9738-4f7b-b13f-a5d5db090f9c: addNew group-8943FEBBBAB0:[23c1664a-1022-4025-96e5-5155d23dedff|rpc:10.1.0.37:41659|priority:0, 1ae70e63-9738-4f7b-b13f-a5d5db090f9c|rpc:10.1.0.37:36723|priority:1, c9503bac-ef38-43e8-a353-bcf9ec6894fb|rpc:10.1.0.37:40601|priority:0] returns group-8943FEBBBAB0:java.util.concurrent.CompletableFuture@628e9b67[Not completed]
2022-08-04 23:29:50,303 [pool-72-thread-1] INFO  server.RaftServer$Division (RaftServerImpl.java:<init>(190)) - 1ae70e63-9738-4f7b-b13f-a5d5db090f9c: new RaftServerImpl for group-8943FEBBBAB0:[23c1664a-1022-4025-96e5-5155d23dedff|rpc:10.1.0.37:41659|priority:0, 1ae70e63-9738-4f7b-b13f-a5d5db090f9c|rpc:10.1.0.37:36723|priority:1, c9503bac-ef38-43e8-a353-bcf9ec6894fb|rpc:10.1.0.37:40601|priority:0] with ContainerStateMachine:uninitialized
2022-08-04 23:29:50,303 [pool-72-thread-1] INFO  server.RaftServerConfigKeys (ConfUtils.java:logGet(46)) - raft.server.rpc.timeout.min = 5s (custom)
2022-08-04 23:29:50,303 [pool-72-thread-1] INFO  server.RaftServerConfigKeys (ConfUtils.java:logGet(46)) - raft.server.rpc.timeout.max = 5200ms (custom)
2022-08-04 23:29:50,303 [pool-72-thread-1] INFO  server.RaftServerConfigKeys (ConfUtils.java:logGet(46)) - raft.server.rpc.sleep.time = 25ms (default)
2022-08-04 23:29:50,303 [pool-72-thread-1] INFO  server.RaftServerConfigKeys (ConfUtils.java:logGet(46)) - raft.server.rpc.slowness.timeout = 300s (custom)
2022-08-04 23:29:50,304 [pool-72-thread-1] INFO  server.RaftServerConfigKeys (ConfUtils.java:logGet(46)) - raft.server.leaderelection.leader.step-down.wait-time = 10s (default)
2022-08-04 23:29:50,304 [pool-72-thread-1] INFO  server.RaftServerConfigKeys (ConfUtils.java:logGet(46)) - raft.server.sleep.deviation.threshold = 300ms (default)
2022-08-04 23:29:50,304 [pool-72-thread-1] INFO  server.RaftServer$Division (ServerState.java:<init>(107)) - 1ae70e63-9738-4f7b-b13f-a5d5db090f9c@group-8943FEBBBAB0: ConfigurationManager, init=-1: [23c1664a-1022-4025-96e5-5155d23dedff|rpc:10.1.0.37:41659|priority:0, 1ae70e63-9738-4f7b-b13f-a5d5db090f9c|rpc:10.1.0.37:36723|priority:1, c9503bac-ef38-43e8-a353-bcf9ec6894fb|rpc:10.1.0.37:40601|priority:0], old=null, confs=<EMPTY_MAP>
2022-08-04 23:29:50,304 [pool-72-thread-1] INFO  server.RaftServerConfigKeys (ConfUtils.java:logGet(46)) - raft.server.storage.dir = [/home/runner/work/ozone/ozone/hadoop-ozone/integration-test/target/test-dir/MiniOzoneClusterImpl-9f329032-b852-4d71-b4c8-c146519b003b/datanode-0/data/ratis] (custom)
2022-08-04 23:29:50,304 [pool-72-thread-1] INFO  server.RaftServerConfigKeys (ConfUtils.java:logGet(46)) - raft.server.log.corruption.policy = EXCEPTION (default)
2022-08-04 23:29:50,304 [pool-72-thread-1] INFO  server.RaftServerConfigKeys (ConfUtils.java:logGet(46)) - raft.server.storage.free-space.min = 0MB (=0) (default)
2022-08-04 23:29:50,304 [pool-72-thread-1] INFO  storage.RaftStorageDirectory (RaftStorageDirectoryImpl.java:analyzeStorage(135)) - The storage directory /home/runner/work/ozone/ozone/hadoop-ozone/integration-test/target/test-dir/MiniOzoneClusterImpl-9f329032-b852-4d71-b4c8-c146519b003b/datanode-0/data/ratis/d75d2d2e-4cd5-4cbc-9b06-8943febbbab0 does not exist. Creating ...
2022-08-04 23:29:50,304 [pool-95-thread-1] INFO  server.RaftServerConfigKeys (ConfUtils.java:logGet(46)) - raft.server.log.queue.byte-limit = 4294967296 (custom)
2022-08-04 23:29:50,305 [pool-95-thread-1] INFO  server.RaftServerConfigKeys (ConfUtils.java:logGet(46)) - raft.server.log.queue.element-limit = 1024 (custom)
2022-08-04 23:29:50,305 [pool-95-thread-1] INFO  server.RaftServerConfigKeys (ConfUtils.java:logGet(46)) - raft.server.log.segment.size.max = 1048576 (custom)
2022-08-04 23:29:50,305 [pool-95-thread-1] INFO  server.RaftServerConfigKeys (ConfUtils.java:logGet(46)) - raft.server.log.preallocated.size = 16384 (custom)
2022-08-04 23:29:50,305 [pool-95-thread-1] INFO  server.RaftServerConfigKeys (ConfUtils.java:logGet(46)) - raft.server.log.force.sync.num = 128 (default)
2022-08-04 23:29:50,305 [pool-95-thread-1] INFO  server.RaftServerConfigKeys (ConfUtils.java:logGet(46)) - raft.server.log.statemachine.data.sync = true (default)
2022-08-04 23:29:50,305 [pool-95-thread-1] INFO  server.RaftServerConfigKeys (ConfUtils.java:logGet(46)) - raft.server.log.statemachine.data.sync.timeout = 10s (default)
2022-08-04 23:29:50,305 [pool-95-thread-1] INFO  server.RaftServerConfigKeys (ConfUtils.java:logGet(46)) - raft.server.log.statemachine.data.sync.timeout.retry = -1 (default)
2022-08-04 23:29:50,306 [pool-95-thread-1] INFO  server.RaftServerConfigKeys (ConfUtils.java:logGet(46)) - raft.server.log.write.buffer.size = 1048576 (custom)
2022-08-04 23:29:50,306 [pool-95-thread-1] INFO  server.RaftServerConfigKeys (ConfUtils.java:logGet(46)) - raft.server.log.unsafe-flush.enabled = false (default)
2022-08-04 23:29:50,306 [pool-95-thread-1] INFO  server.RaftServerConfigKeys (ConfUtils.java:logGet(46)) - raft.server.log.statemachine.data.caching.enabled = true (custom)
2022-08-04 23:29:50,306 [pool-95-thread-1] INFO  segmented.SegmentedRaftLogWorker (SegmentedRaftLogWorker.java:lambda$new$0(135)) - c9503bac-ef38-43e8-a353-bcf9ec6894fb@group-8943FEBBBAB0-SegmentedRaftLogWorker: flushIndex: setUnconditionally 0 -> -1
2022-08-04 23:29:50,307 [pool-95-thread-1] INFO  segmented.SegmentedRaftLogWorker (SegmentedRaftLogWorker.java:lambda$new$0(135)) - c9503bac-ef38-43e8-a353-bcf9ec6894fb@group-8943FEBBBAB0-SegmentedRaftLogWorker: safeCacheEvictIndex: setUnconditionally 0 -> -1
2022-08-04 23:29:50,307 [pool-72-thread-1] INFO  storage.RaftStorageDirectory (RaftStorageDirectoryImpl.java:tryLock(230)) - Lock on /home/runner/work/ozone/ozone/hadoop-ozone/integration-test/target/test-dir/MiniOzoneClusterImpl-9f329032-b852-4d71-b4c8-c146519b003b/datanode-0/data/ratis/d75d2d2e-4cd5-4cbc-9b06-8943febbbab0/in_use.lock acquired by nodename 5725@fv-az241-597
2022-08-04 23:29:50,307 [pool-95-thread-1] INFO  server.RaftServerConfigKeys (ConfUtils.java:logGet(46)) - raft.server.snapshot.auto.trigger.enabled = true (custom)
2022-08-04 23:29:50,307 [pool-95-thread-1] INFO  server.RaftServerConfigKeys (ConfUtils.java:logGet(46)) - raft.server.snapshot.auto.trigger.threshold = 10000 (custom)
2022-08-04 23:29:50,307 [pool-95-thread-1] INFO  server.RaftServerConfigKeys (ConfUtils.java:logGet(46)) - raft.server.snapshot.retention.file.num = 5 (custom)
2022-08-04 23:29:50,307 [pool-95-thread-1] INFO  server.RaftServerConfigKeys (ConfUtils.java:logGet(46)) - raft.server.log.purge.upto.snapshot.index = false (default)
2022-08-04 23:29:50,307 [pool-95-thread-1] INFO  server.RaftServerConfigKeys (ConfUtils.java:logGet(46)) - raft.server.retrycache.expirytime = 600000ms (custom)
2022-08-04 23:29:50,307 [pool-95-thread-1] INFO  server.RaftServerConfigKeys (ConfUtils.java:logGet(46)) - raft.server.retrycache.statistics.expirytime = 100μs (default)
2022-08-04 23:29:50,308 [pool-72-thread-1] INFO  storage.RaftStorage (RaftStorageImpl.java:format(89)) - Storage directory /home/runner/work/ozone/ozone/hadoop-ozone/integration-test/target/test-dir/MiniOzoneClusterImpl-9f329032-b852-4d71-b4c8-c146519b003b/datanode-0/data/ratis/d75d2d2e-4cd5-4cbc-9b06-8943febbbab0 has been successfully formatted.
2022-08-04 23:29:50,309 [pool-72-thread-1] INFO  ratis.ContainerStateMachine (ContainerStateMachine.java:loadSnapshot(236)) - group-8943FEBBBAB0: The snapshot info is null. Setting the last applied indexto:(t:0, i:~)
2022-08-04 23:29:50,309 [pool-72-thread-1] INFO  server.RaftServerConfigKeys (ConfUtils.java:logGet(46)) - raft.server.notification.no-leader.timeout = 300s (custom)
2022-08-04 23:29:50,309 [pool-72-thread-1] INFO  server.RaftServerConfigKeys (ConfUtils.java:logGet(46)) - raft.server.log.use.memory = false (default)
2022-08-04 23:29:50,309 [pool-72-thread-1] INFO  server.RaftServerConfigKeys (ConfUtils.java:logGet(46)) - raft.server.log.purge.gap = 1000000 (custom)
2022-08-04 23:29:50,309 [pool-72-thread-1] INFO  server.RaftServerConfigKeys (ConfUtils.java:logGet(46)) - raft.server.log.appender.buffer.byte-limit = 33554432 (custom)
2022-08-04 23:29:50,309 [pool-72-thread-1] INFO  server.RaftServerConfigKeys (ConfUtils.java:logGet(46)) - raft.server.log.statemachine.data.read.timeout = 1000ms (default)
2022-08-04 23:29:50,309 [pool-72-thread-1] INFO  server.RaftServerConfigKeys (ConfUtils.java:logGet(46)) - raft.server.log.segment.size.max = 1048576 (custom)
2022-08-04 23:29:50,309 [pool-72-thread-1] INFO  server.RaftServerConfigKeys (ConfUtils.java:logGet(46)) - raft.server.log.segment.cache.num.max = 2 (custom)
2022-08-04 23:29:50,309 [pool-72-thread-1] INFO  server.RaftServerConfigKeys (ConfUtils.java:logGet(46)) - raft.server.log.segment.cache.size.max = 200MB (=209715200) (default)
2022-08-04 23:29:50,309 [pool-72-thread-1] INFO  segmented.SegmentedRaftLogWorker (SegmentedRaftLogWorker.java:<init>(187)) - new 1ae70e63-9738-4f7b-b13f-a5d5db090f9c@group-8943FEBBBAB0-SegmentedRaftLogWorker for RaftStorageImpl:Storage Directory /home/runner/work/ozone/ozone/hadoop-ozone/integration-test/target/test-dir/MiniOzoneClusterImpl-9f329032-b852-4d71-b4c8-c146519b003b/datanode-0/data/ratis/d75d2d2e-4cd5-4cbc-9b06-8943febbbab0
2022-08-04 23:29:50,309 [pool-72-thread-1] INFO  server.RaftServerConfigKeys (ConfUtils.java:logGet(46)) - raft.server.log.queue.byte-limit = 4294967296 (custom)
2022-08-04 23:29:50,309 [pool-72-thread-1] INFO  server.RaftServerConfigKeys (ConfUtils.java:logGet(46)) - raft.server.log.queue.element-limit = 1024 (custom)
2022-08-04 23:29:50,310 [pool-72-thread-1] INFO  server.RaftServerConfigKeys (ConfUtils.java:logGet(46)) - raft.server.log.segment.size.max = 1048576 (custom)
2022-08-04 23:29:50,310 [pool-72-thread-1] INFO  server.RaftServerConfigKeys (ConfUtils.java:logGet(46)) - raft.server.log.preallocated.size = 16384 (custom)
2022-08-04 23:29:50,310 [pool-72-thread-1] INFO  server.RaftServerConfigKeys (ConfUtils.java:logGet(46)) - raft.server.log.force.sync.num = 128 (default)
2022-08-04 23:29:50,310 [pool-72-thread-1] INFO  server.RaftServerConfigKeys (ConfUtils.java:logGet(46)) - raft.server.log.statemachine.data.sync = true (default)
2022-08-04 23:29:50,310 [pool-72-thread-1] INFO  server.RaftServerConfigKeys (ConfUtils.java:logGet(46)) - raft.server.log.statemachine.data.sync.timeout = 10s (default)
2022-08-04 23:29:50,310 [pool-72-thread-1] INFO  server.RaftServerConfigKeys (ConfUtils.java:logGet(46)) - raft.server.log.statemachine.data.sync.timeout.retry = -1 (default)
2022-08-04 23:29:50,313 [pool-95-thread-1] INFO  server.RaftServerConfigKeys (ConfUtils.java:logGet(46)) - raft.server.log.appender.install.snapshot.enabled = false (custom)
2022-08-04 23:29:50,313 [pool-95-thread-1] INFO  server.RaftServerConfigKeys (ConfUtils.java:logGet(46)) - raft.server.threadpool.server.cached = true (default)
2022-08-04 23:29:50,313 [pool-95-thread-1] INFO  server.RaftServerConfigKeys (ConfUtils.java:logGet(46)) - raft.server.threadpool.server.size = 0 (default)
2022-08-04 23:29:50,313 [pool-95-thread-1] INFO  server.RaftServerConfigKeys (ConfUtils.java:logGet(46)) - raft.server.threadpool.client.cached = true (default)
2022-08-04 23:29:50,313 [pool-95-thread-1] INFO  server.RaftServerConfigKeys (ConfUtils.java:logGet(46)) - raft.server.threadpool.client.size = 0 (default)
2022-08-04 23:29:50,313 [pool-95-thread-1] INFO  server.RaftServer$Division (RaftServerImpl.java:start(310)) - c9503bac-ef38-43e8-a353-bcf9ec6894fb@group-8943FEBBBAB0: start as a follower, conf=-1: [23c1664a-1022-4025-96e5-5155d23dedff|rpc:10.1.0.37:41659|priority:0, 1ae70e63-9738-4f7b-b13f-a5d5db090f9c|rpc:10.1.0.37:36723|priority:1, c9503bac-ef38-43e8-a353-bcf9ec6894fb|rpc:10.1.0.37:40601|priority:0], old=null
2022-08-04 23:29:50,313 [pool-95-thread-1] INFO  server.RaftServer$Division (RaftServerImpl.java:setRole(299)) - c9503bac-ef38-43e8-a353-bcf9ec6894fb@group-8943FEBBBAB0: changes role from      null to FOLLOWER at term 0 for startAsFollower
2022-08-04 23:29:50,313 [pool-95-thread-1] INFO  impl.RoleInfo (RoleInfo.java:updateAndGet(139)) - c9503bac-ef38-43e8-a353-bcf9ec6894fb: start c9503bac-ef38-43e8-a353-bcf9ec6894fb@group-8943FEBBBAB0-FollowerState
2022-08-04 23:29:50,313 [pool-95-thread-1] INFO  util.JmxRegister (JmxRegister.java:tryRegister(44)) - Successfully registered JMX Bean with object name Ratis:service=RaftServer,group=group-8943FEBBBAB0,id=c9503bac-ef38-43e8-a353-bcf9ec6894fb
2022-08-04 23:29:50,314 [Command processor thread] INFO  ratis.XceiverServerRatis (XceiverServerRatis.java:addGroup(765)) - Created group PipelineID=d75d2d2e-4cd5-4cbc-9b06-8943febbbab0
2022-08-04 23:29:50,326 [EventQueue-OpenPipelineForHealthyPipelineSafeModeRule] INFO  safemode.SCMSafeModeManager (HealthyPipelineSafeModeRule.java:process(137)) - SCM in safe mode. Healthy pipelines reported count is 0, required healthy pipeline reported count is 1
2022-08-04 23:29:50,326 [pool-72-thread-1] INFO  server.RaftServerConfigKeys (ConfUtils.java:logGet(46)) - raft.server.log.write.buffer.size = 1048576 (custom)
2022-08-04 23:29:50,327 [pool-72-thread-1] INFO  server.RaftServerConfigKeys (ConfUtils.java:logGet(46)) - raft.server.log.unsafe-flush.enabled = false (default)
2022-08-04 23:29:50,327 [pool-72-thread-1] INFO  server.RaftServerConfigKeys (ConfUtils.java:logGet(46)) - raft.server.log.statemachine.data.caching.enabled = true (custom)
2022-08-04 23:29:50,327 [pool-72-thread-1] INFO  segmented.SegmentedRaftLogWorker (SegmentedRaftLogWorker.java:lambda$new$0(135)) - 1ae70e63-9738-4f7b-b13f-a5d5db090f9c@group-8943FEBBBAB0-SegmentedRaftLogWorker: flushIndex: setUnconditionally 0 -> -1
2022-08-04 23:29:50,327 [pool-72-thread-1] INFO  segmented.SegmentedRaftLogWorker (SegmentedRaftLogWorker.java:lambda$new$0(135)) - 1ae70e63-9738-4f7b-b13f-a5d5db090f9c@group-8943FEBBBAB0-SegmentedRaftLogWorker: safeCacheEvictIndex: setUnconditionally 0 -> -1
2022-08-04 23:29:50,327 [pool-72-thread-1] INFO  server.RaftServerConfigKeys (ConfUtils.java:logGet(46)) - raft.server.snapshot.auto.trigger.enabled = true (custom)
2022-08-04 23:29:50,327 [pool-72-thread-1] INFO  server.RaftServerConfigKeys (ConfUtils.java:logGet(46)) - raft.server.snapshot.auto.trigger.threshold = 10000 (custom)
2022-08-04 23:29:50,327 [pool-72-thread-1] INFO  server.RaftServerConfigKeys (ConfUtils.java:logGet(46)) - raft.server.snapshot.retention.file.num = 5 (custom)
2022-08-04 23:29:50,327 [pool-72-thread-1] INFO  server.RaftServerConfigKeys (ConfUtils.java:logGet(46)) - raft.server.log.purge.upto.snapshot.index = false (default)
2022-08-04 23:29:50,327 [pool-72-thread-1] INFO  server.RaftServerConfigKeys (ConfUtils.java:logGet(46)) - raft.server.retrycache.expirytime = 600000ms (custom)
2022-08-04 23:29:50,327 [pool-72-thread-1] INFO  server.RaftServerConfigKeys (ConfUtils.java:logGet(46)) - raft.server.retrycache.statistics.expirytime = 100μs (default)
2022-08-04 23:29:50,328 [pool-72-thread-1] INFO  server.RaftServerConfigKeys (ConfUtils.java:logGet(46)) - raft.server.log.appender.install.snapshot.enabled = false (custom)
2022-08-04 23:29:50,328 [pool-72-thread-1] INFO  server.RaftServerConfigKeys (ConfUtils.java:logGet(46)) - raft.server.threadpool.server.cached = true (default)
2022-08-04 23:29:50,328 [pool-72-thread-1] INFO  server.RaftServerConfigKeys (ConfUtils.java:logGet(46)) - raft.server.threadpool.server.size = 0 (default)
2022-08-04 23:29:50,328 [pool-72-thread-1] INFO  server.RaftServerConfigKeys (ConfUtils.java:logGet(46)) - raft.server.threadpool.client.cached = true (default)
2022-08-04 23:29:50,328 [pool-72-thread-1] INFO  server.RaftServerConfigKeys (ConfUtils.java:logGet(46)) - raft.server.threadpool.client.size = 0 (default)
2022-08-04 23:29:50,328 [pool-72-thread-1] INFO  server.RaftServer$Division (RaftServerImpl.java:start(310)) - 1ae70e63-9738-4f7b-b13f-a5d5db090f9c@group-8943FEBBBAB0: start as a follower, conf=-1: [23c1664a-1022-4025-96e5-5155d23dedff|rpc:10.1.0.37:41659|priority:0, 1ae70e63-9738-4f7b-b13f-a5d5db090f9c|rpc:10.1.0.37:36723|priority:1, c9503bac-ef38-43e8-a353-bcf9ec6894fb|rpc:10.1.0.37:40601|priority:0], old=null
2022-08-04 23:29:50,328 [pool-72-thread-1] INFO  server.RaftServer$Division (RaftServerImpl.java:setRole(299)) - 1ae70e63-9738-4f7b-b13f-a5d5db090f9c@group-8943FEBBBAB0: changes role from      null to FOLLOWER at term 0 for startAsFollower
2022-08-04 23:29:50,329 [pool-72-thread-1] INFO  impl.RoleInfo (RoleInfo.java:updateAndGet(139)) - 1ae70e63-9738-4f7b-b13f-a5d5db090f9c: start 1ae70e63-9738-4f7b-b13f-a5d5db090f9c@group-8943FEBBBAB0-FollowerState
2022-08-04 23:29:50,331 [pool-72-thread-1] INFO  util.JmxRegister (JmxRegister.java:tryRegister(44)) - Successfully registered JMX Bean with object name Ratis:service=RaftServer,group=group-8943FEBBBAB0,id=1ae70e63-9738-4f7b-b13f-a5d5db090f9c
2022-08-04 23:29:50,335 [Command processor thread] INFO  ratis.XceiverServerRatis (XceiverServerRatis.java:addGroup(765)) - Created group PipelineID=d75d2d2e-4cd5-4cbc-9b06-8943febbbab0
2022-08-04 23:29:50,343 [grpc-default-executor-1] INFO  server.RaftServer (RaftServerProxy.java:addNew(96)) - 23c1664a-1022-4025-96e5-5155d23dedff: addNew group-8943FEBBBAB0:[23c1664a-1022-4025-96e5-5155d23dedff|rpc:10.1.0.37:41659|dataStream:|priority:0, 1ae70e63-9738-4f7b-b13f-a5d5db090f9c|rpc:10.1.0.37:36723|dataStream:|priority:1, c9503bac-ef38-43e8-a353-bcf9ec6894fb|rpc:10.1.0.37:40601|dataStream:|priority:0] returns group-8943FEBBBAB0:java.util.concurrent.CompletableFuture@55690fb9[Not completed]
2022-08-04 23:29:50,344 [pool-118-thread-1] INFO  server.RaftServer$Division (RaftServerImpl.java:<init>(190)) - 23c1664a-1022-4025-96e5-5155d23dedff: new RaftServerImpl for group-8943FEBBBAB0:[23c1664a-1022-4025-96e5-5155d23dedff|rpc:10.1.0.37:41659|dataStream:|priority:0, 1ae70e63-9738-4f7b-b13f-a5d5db090f9c|rpc:10.1.0.37:36723|dataStream:|priority:1, c9503bac-ef38-43e8-a353-bcf9ec6894fb|rpc:10.1.0.37:40601|dataStream:|priority:0] with ContainerStateMachine:uninitialized
2022-08-04 23:29:50,345 [pool-118-thread-1] INFO  server.RaftServerConfigKeys (ConfUtils.java:logGet(46)) - raft.server.rpc.timeout.min = 5s (custom)
2022-08-04 23:29:50,345 [pool-118-thread-1] INFO  server.RaftServerConfigKeys (ConfUtils.java:logGet(46)) - raft.server.rpc.timeout.max = 5200ms (custom)
2022-08-04 23:29:50,345 [pool-118-thread-1] INFO  server.RaftServerConfigKeys (ConfUtils.java:logGet(46)) - raft.server.rpc.sleep.time = 25ms (default)
2022-08-04 23:29:50,345 [pool-118-thread-1] INFO  server.RaftServerConfigKeys (ConfUtils.java:logGet(46)) - raft.server.rpc.slowness.timeout = 300s (custom)
2022-08-04 23:29:50,345 [pool-118-thread-1] INFO  server.RaftServerConfigKeys (ConfUtils.java:logGet(46)) - raft.server.leaderelection.leader.step-down.wait-time = 10s (default)
2022-08-04 23:29:50,345 [pool-118-thread-1] INFO  server.RaftServerConfigKeys (ConfUtils.java:logGet(46)) - raft.server.sleep.deviation.threshold = 300ms (default)
2022-08-04 23:29:50,345 [pool-118-thread-1] INFO  server.RaftServer$Division (ServerState.java:<init>(107)) - 23c1664a-1022-4025-96e5-5155d23dedff@group-8943FEBBBAB0: ConfigurationManager, init=-1: [23c1664a-1022-4025-96e5-5155d23dedff|rpc:10.1.0.37:41659|dataStream:|priority:0, 1ae70e63-9738-4f7b-b13f-a5d5db090f9c|rpc:10.1.0.37:36723|dataStream:|priority:1, c9503bac-ef38-43e8-a353-bcf9ec6894fb|rpc:10.1.0.37:40601|dataStream:|priority:0], old=null, confs=<EMPTY_MAP>
2022-08-04 23:29:50,345 [pool-118-thread-1] INFO  server.RaftServerConfigKeys (ConfUtils.java:logGet(46)) - raft.server.storage.dir = [/home/runner/work/ozone/ozone/hadoop-ozone/integration-test/target/test-dir/MiniOzoneClusterImpl-9f329032-b852-4d71-b4c8-c146519b003b/datanode-2/data/ratis] (custom)
2022-08-04 23:29:50,345 [pool-118-thread-1] INFO  server.RaftServerConfigKeys (ConfUtils.java:logGet(46)) - raft.server.log.corruption.policy = EXCEPTION (default)
2022-08-04 23:29:50,345 [pool-118-thread-1] INFO  server.RaftServerConfigKeys (ConfUtils.java:logGet(46)) - raft.server.storage.free-space.min = 0MB (=0) (default)
2022-08-04 23:29:50,345 [pool-118-thread-1] INFO  storage.RaftStorageDirectory (RaftStorageDirectoryImpl.java:analyzeStorage(135)) - The storage directory /home/runner/work/ozone/ozone/hadoop-ozone/integration-test/target/test-dir/MiniOzoneClusterImpl-9f329032-b852-4d71-b4c8-c146519b003b/datanode-2/data/ratis/d75d2d2e-4cd5-4cbc-9b06-8943febbbab0 does not exist. Creating ...
2022-08-04 23:29:50,346 [pool-118-thread-1] INFO  storage.RaftStorageDirectory (RaftStorageDirectoryImpl.java:tryLock(230)) - Lock on /home/runner/work/ozone/ozone/hadoop-ozone/integration-test/target/test-dir/MiniOzoneClusterImpl-9f329032-b852-4d71-b4c8-c146519b003b/datanode-2/data/ratis/d75d2d2e-4cd5-4cbc-9b06-8943febbbab0/in_use.lock acquired by nodename 5725@fv-az241-597
2022-08-04 23:29:50,352 [pool-118-thread-1] INFO  storage.RaftStorage (RaftStorageImpl.java:format(89)) - Storage directory /home/runner/work/ozone/ozone/hadoop-ozone/integration-test/target/test-dir/MiniOzoneClusterImpl-9f329032-b852-4d71-b4c8-c146519b003b/datanode-2/data/ratis/d75d2d2e-4cd5-4cbc-9b06-8943febbbab0 has been successfully formatted.
2022-08-04 23:29:50,352 [pool-118-thread-1] INFO  ratis.ContainerStateMachine (ContainerStateMachine.java:loadSnapshot(236)) - group-8943FEBBBAB0: The snapshot info is null. Setting the last applied indexto:(t:0, i:~)
2022-08-04 23:29:50,352 [pool-118-thread-1] INFO  server.RaftServerConfigKeys (ConfUtils.java:logGet(46)) - raft.server.notification.no-leader.timeout = 300s (custom)
2022-08-04 23:29:50,352 [pool-118-thread-1] INFO  server.RaftServerConfigKeys (ConfUtils.java:logGet(46)) - raft.server.log.use.memory = false (default)
2022-08-04 23:29:50,353 [pool-118-thread-1] INFO  server.RaftServerConfigKeys (ConfUtils.java:logGet(46)) - raft.server.log.purge.gap = 1000000 (custom)
2022-08-04 23:29:50,353 [pool-118-thread-1] INFO  server.RaftServerConfigKeys (ConfUtils.java:logGet(46)) - raft.server.log.appender.buffer.byte-limit = 33554432 (custom)
2022-08-04 23:29:50,353 [pool-118-thread-1] INFO  server.RaftServerConfigKeys (ConfUtils.java:logGet(46)) - raft.server.log.statemachine.data.read.timeout = 1000ms (default)
2022-08-04 23:29:50,353 [pool-118-thread-1] INFO  server.RaftServerConfigKeys (ConfUtils.java:logGet(46)) - raft.server.log.segment.size.max = 1048576 (custom)
2022-08-04 23:29:50,353 [pool-118-thread-1] INFO  server.RaftServerConfigKeys (ConfUtils.java:logGet(46)) - raft.server.log.segment.cache.num.max = 2 (custom)
2022-08-04 23:29:50,353 [pool-118-thread-1] INFO  server.RaftServerConfigKeys (ConfUtils.java:logGet(46)) - raft.server.log.segment.cache.size.max = 200MB (=209715200) (default)
2022-08-04 23:29:50,356 [pool-118-thread-1] INFO  segmented.SegmentedRaftLogWorker (SegmentedRaftLogWorker.java:<init>(187)) - new 23c1664a-1022-4025-96e5-5155d23dedff@group-8943FEBBBAB0-SegmentedRaftLogWorker for RaftStorageImpl:Storage Directory /home/runner/work/ozone/ozone/hadoop-ozone/integration-test/target/test-dir/MiniOzoneClusterImpl-9f329032-b852-4d71-b4c8-c146519b003b/datanode-2/data/ratis/d75d2d2e-4cd5-4cbc-9b06-8943febbbab0
2022-08-04 23:29:50,356 [pool-118-thread-1] INFO  server.RaftServerConfigKeys (ConfUtils.java:logGet(46)) - raft.server.log.queue.byte-limit = 4294967296 (custom)
2022-08-04 23:29:50,356 [pool-118-thread-1] INFO  server.RaftServerConfigKeys (ConfUtils.java:logGet(46)) - raft.server.log.queue.element-limit = 1024 (custom)
2022-08-04 23:29:50,356 [pool-118-thread-1] INFO  server.RaftServerConfigKeys (ConfUtils.java:logGet(46)) - raft.server.log.segment.size.max = 1048576 (custom)
2022-08-04 23:29:50,356 [pool-118-thread-1] INFO  server.RaftServerConfigKeys (ConfUtils.java:logGet(46)) - raft.server.log.preallocated.size = 16384 (custom)
2022-08-04 23:29:50,356 [pool-118-thread-1] INFO  server.RaftServerConfigKeys (ConfUtils.java:logGet(46)) - raft.server.log.force.sync.num = 128 (default)
2022-08-04 23:29:50,356 [pool-118-thread-1] INFO  server.RaftServerConfigKeys (ConfUtils.java:logGet(46)) - raft.server.log.statemachine.data.sync = true (default)
2022-08-04 23:29:50,356 [pool-118-thread-1] INFO  server.RaftServerConfigKeys (ConfUtils.java:logGet(46)) - raft.server.log.statemachine.data.sync.timeout = 10s (default)
2022-08-04 23:29:50,357 [pool-118-thread-1] INFO  server.RaftServerConfigKeys (ConfUtils.java:logGet(46)) - raft.server.log.statemachine.data.sync.timeout.retry = -1 (default)
2022-08-04 23:29:50,357 [pool-118-thread-1] INFO  server.RaftServerConfigKeys (ConfUtils.java:logGet(46)) - raft.server.log.write.buffer.size = 1048576 (custom)
2022-08-04 23:29:50,358 [pool-118-thread-1] INFO  server.RaftServerConfigKeys (ConfUtils.java:logGet(46)) - raft.server.log.unsafe-flush.enabled = false (default)
2022-08-04 23:29:50,358 [pool-118-thread-1] INFO  server.RaftServerConfigKeys (ConfUtils.java:logGet(46)) - raft.server.log.statemachine.data.caching.enabled = true (custom)
2022-08-04 23:29:50,358 [pool-118-thread-1] INFO  segmented.SegmentedRaftLogWorker (SegmentedRaftLogWorker.java:lambda$new$0(135)) - 23c1664a-1022-4025-96e5-5155d23dedff@group-8943FEBBBAB0-SegmentedRaftLogWorker: flushIndex: setUnconditionally 0 -> -1
2022-08-04 23:29:50,364 [pool-118-thread-1] INFO  segmented.SegmentedRaftLogWorker (SegmentedRaftLogWorker.java:lambda$new$0(135)) - 23c1664a-1022-4025-96e5-5155d23dedff@group-8943FEBBBAB0-SegmentedRaftLogWorker: safeCacheEvictIndex: setUnconditionally 0 -> -1
2022-08-04 23:29:50,375 [pool-118-thread-1] INFO  server.RaftServerConfigKeys (ConfUtils.java:logGet(46)) - raft.server.snapshot.auto.trigger.enabled = true (custom)
2022-08-04 23:29:50,375 [pool-118-thread-1] INFO  server.RaftServerConfigKeys (ConfUtils.java:logGet(46)) - raft.server.snapshot.auto.trigger.threshold = 10000 (custom)
2022-08-04 23:29:50,375 [pool-118-thread-1] INFO  server.RaftServerConfigKeys (ConfUtils.java:logGet(46)) - raft.server.snapshot.retention.file.num = 5 (custom)
2022-08-04 23:29:50,375 [pool-118-thread-1] INFO  server.RaftServerConfigKeys (ConfUtils.java:logGet(46)) - raft.server.log.purge.upto.snapshot.index = false (default)
2022-08-04 23:29:50,376 [pool-118-thread-1] INFO  server.RaftServerConfigKeys (ConfUtils.java:logGet(46)) - raft.server.retrycache.expirytime = 600000ms (custom)
2022-08-04 23:29:50,377 [pool-118-thread-1] INFO  server.RaftServerConfigKeys (ConfUtils.java:logGet(46)) - raft.server.retrycache.statistics.expirytime = 100μs (default)
2022-08-04 23:29:50,377 [pool-118-thread-1] INFO  server.RaftServerConfigKeys (ConfUtils.java:logGet(46)) - raft.server.log.appender.install.snapshot.enabled = false (custom)
2022-08-04 23:29:50,377 [pool-118-thread-1] INFO  server.RaftServerConfigKeys (ConfUtils.java:logGet(46)) - raft.server.threadpool.server.cached = true (default)
2022-08-04 23:29:50,377 [pool-118-thread-1] INFO  server.RaftServerConfigKeys (ConfUtils.java:logGet(46)) - raft.server.threadpool.server.size = 0 (default)
2022-08-04 23:29:50,377 [pool-118-thread-1] INFO  server.RaftServerConfigKeys (ConfUtils.java:logGet(46)) - raft.server.threadpool.client.cached = true (default)
2022-08-04 23:29:50,377 [pool-118-thread-1] INFO  server.RaftServerConfigKeys (ConfUtils.java:logGet(46)) - raft.server.threadpool.client.size = 0 (default)
2022-08-04 23:29:50,377 [pool-118-thread-1] INFO  server.RaftServer$Division (RaftServerImpl.java:start(310)) - 23c1664a-1022-4025-96e5-5155d23dedff@group-8943FEBBBAB0: start as a follower, conf=-1: [23c1664a-1022-4025-96e5-5155d23dedff|rpc:10.1.0.37:41659|dataStream:|priority:0, 1ae70e63-9738-4f7b-b13f-a5d5db090f9c|rpc:10.1.0.37:36723|dataStream:|priority:1, c9503bac-ef38-43e8-a353-bcf9ec6894fb|rpc:10.1.0.37:40601|dataStream:|priority:0], old=null
2022-08-04 23:29:50,377 [pool-118-thread-1] INFO  server.RaftServer$Division (RaftServerImpl.java:setRole(299)) - 23c1664a-1022-4025-96e5-5155d23dedff@group-8943FEBBBAB0: changes role from      null to FOLLOWER at term 0 for startAsFollower
2022-08-04 23:29:50,378 [pool-118-thread-1] INFO  impl.RoleInfo (RoleInfo.java:updateAndGet(139)) - 23c1664a-1022-4025-96e5-5155d23dedff: start 23c1664a-1022-4025-96e5-5155d23dedff@group-8943FEBBBAB0-FollowerState
2022-08-04 23:29:50,379 [pool-118-thread-1] INFO  util.JmxRegister (JmxRegister.java:tryRegister(44)) - Successfully registered JMX Bean with object name Ratis:service=RaftServer,group=group-8943FEBBBAB0,id=23c1664a-1022-4025-96e5-5155d23dedff
2022-08-04 23:29:50,388 [Listener at 127.0.0.1/41765] INFO  ozone.MiniOzoneClusterImpl (MiniOzoneClusterImpl.java:lambda$waitForClusterToBeReady$0(216)) - Nodes are ready. Got 3 of 3 DN Heartbeats.
2022-08-04 23:29:50,388 [Listener at 127.0.0.1/41765] INFO  ozone.MiniOzoneClusterImpl (MiniOzoneClusterImpl.java:lambda$waitForClusterToBeReady$0(219)) - Waiting for cluster to exit safe mode
2022-08-04 23:29:50,388 [Listener at 127.0.0.1/41765] INFO  ozone.MiniOzoneClusterImpl (MiniOzoneClusterImpl.java:lambda$waitForClusterToBeReady$0(221)) - SCM became leader
2022-08-04 23:29:50,392 [Command processor thread] INFO  server.RaftServer (RaftServerProxy.java:addNew(96)) - 23c1664a-1022-4025-96e5-5155d23dedff: addNew group-7CFA6DD125B3:[23c1664a-1022-4025-96e5-5155d23dedff|rpc:10.1.0.37:41659|priority:1] returns group-7CFA6DD125B3:java.util.concurrent.CompletableFuture@689c9eb4[Not completed]
2022-08-04 23:29:50,393 [pool-118-thread-1] INFO  server.RaftServer$Division (RaftServerImpl.java:<init>(190)) - 23c1664a-1022-4025-96e5-5155d23dedff: new RaftServerImpl for group-7CFA6DD125B3:[23c1664a-1022-4025-96e5-5155d23dedff|rpc:10.1.0.37:41659|priority:1] with ContainerStateMachine:uninitialized
2022-08-04 23:29:50,393 [pool-118-thread-1] INFO  server.RaftServerConfigKeys (ConfUtils.java:logGet(46)) - raft.server.rpc.timeout.min = 5s (custom)
2022-08-04 23:29:50,393 [pool-118-thread-1] INFO  server.RaftServerConfigKeys (ConfUtils.java:logGet(46)) - raft.server.rpc.timeout.max = 5200ms (custom)
2022-08-04 23:29:50,393 [pool-118-thread-1] INFO  server.RaftServerConfigKeys (ConfUtils.java:logGet(46)) - raft.server.rpc.sleep.time = 25ms (default)
2022-08-04 23:29:50,393 [pool-118-thread-1] INFO  server.RaftServerConfigKeys (ConfUtils.java:logGet(46)) - raft.server.rpc.slowness.timeout = 300s (custom)
2022-08-04 23:29:50,393 [pool-118-thread-1] INFO  server.RaftServerConfigKeys (ConfUtils.java:logGet(46)) - raft.server.leaderelection.leader.step-down.wait-time = 10s (default)
2022-08-04 23:29:50,393 [pool-118-thread-1] INFO  server.RaftServerConfigKeys (ConfUtils.java:logGet(46)) - raft.server.sleep.deviation.threshold = 300ms (default)
2022-08-04 23:29:50,393 [pool-118-thread-1] INFO  server.RaftServer$Division (ServerState.java:<init>(107)) - 23c1664a-1022-4025-96e5-5155d23dedff@group-7CFA6DD125B3: ConfigurationManager, init=-1: [23c1664a-1022-4025-96e5-5155d23dedff|rpc:10.1.0.37:41659|priority:1], old=null, confs=<EMPTY_MAP>
2022-08-04 23:29:50,393 [pool-118-thread-1] INFO  server.RaftServerConfigKeys (ConfUtils.java:logGet(46)) - raft.server.storage.dir = [/home/runner/work/ozone/ozone/hadoop-ozone/integration-test/target/test-dir/MiniOzoneClusterImpl-9f329032-b852-4d71-b4c8-c146519b003b/datanode-2/data/ratis] (custom)
2022-08-04 23:29:50,394 [pool-118-thread-1] INFO  server.RaftServerConfigKeys (ConfUtils.java:logGet(46)) - raft.server.log.corruption.policy = EXCEPTION (default)
2022-08-04 23:29:50,394 [pool-118-thread-1] INFO  server.RaftServerConfigKeys (ConfUtils.java:logGet(46)) - raft.server.storage.free-space.min = 0MB (=0) (default)
2022-08-04 23:29:50,394 [pool-118-thread-1] INFO  storage.RaftStorageDirectory (RaftStorageDirectoryImpl.java:analyzeStorage(135)) - The storage directory /home/runner/work/ozone/ozone/hadoop-ozone/integration-test/target/test-dir/MiniOzoneClusterImpl-9f329032-b852-4d71-b4c8-c146519b003b/datanode-2/data/ratis/92f6e737-6964-4bbc-98dd-7cfa6dd125b3 does not exist. Creating ...
2022-08-04 23:29:50,402 [pool-118-thread-1] INFO  storage.RaftStorageDirectory (RaftStorageDirectoryImpl.java:tryLock(230)) - Lock on /home/runner/work/ozone/ozone/hadoop-ozone/integration-test/target/test-dir/MiniOzoneClusterImpl-9f329032-b852-4d71-b4c8-c146519b003b/datanode-2/data/ratis/92f6e737-6964-4bbc-98dd-7cfa6dd125b3/in_use.lock acquired by nodename 5725@fv-az241-597
2022-08-04 23:29:50,403 [pool-118-thread-1] INFO  storage.RaftStorage (RaftStorageImpl.java:format(89)) - Storage directory /home/runner/work/ozone/ozone/hadoop-ozone/integration-test/target/test-dir/MiniOzoneClusterImpl-9f329032-b852-4d71-b4c8-c146519b003b/datanode-2/data/ratis/92f6e737-6964-4bbc-98dd-7cfa6dd125b3 has been successfully formatted.
2022-08-04 23:29:50,404 [pool-118-thread-1] INFO  ratis.ContainerStateMachine (ContainerStateMachine.java:loadSnapshot(236)) - group-7CFA6DD125B3: The snapshot info is null. Setting the last applied indexto:(t:0, i:~)
2022-08-04 23:29:50,404 [pool-118-thread-1] INFO  server.RaftServerConfigKeys (ConfUtils.java:logGet(46)) - raft.server.notification.no-leader.timeout = 300s (custom)
2022-08-04 23:29:50,404 [pool-118-thread-1] INFO  server.RaftServerConfigKeys (ConfUtils.java:logGet(46)) - raft.server.log.use.memory = false (default)
2022-08-04 23:29:50,404 [pool-118-thread-1] INFO  server.RaftServerConfigKeys (ConfUtils.java:logGet(46)) - raft.server.log.purge.gap = 1000000 (custom)
2022-08-04 23:29:50,404 [pool-118-thread-1] INFO  server.RaftServerConfigKeys (ConfUtils.java:logGet(46)) - raft.server.log.appender.buffer.byte-limit = 33554432 (custom)
2022-08-04 23:29:50,404 [pool-118-thread-1] INFO  server.RaftServerConfigKeys (ConfUtils.java:logGet(46)) - raft.server.log.statemachine.data.read.timeout = 1000ms (default)
2022-08-04 23:29:50,404 [pool-118-thread-1] INFO  server.RaftServerConfigKeys (ConfUtils.java:logGet(46)) - raft.server.log.segment.size.max = 1048576 (custom)
2022-08-04 23:29:50,404 [pool-118-thread-1] INFO  server.RaftServerConfigKeys (ConfUtils.java:logGet(46)) - raft.server.log.segment.cache.num.max = 2 (custom)
2022-08-04 23:29:50,404 [pool-118-thread-1] INFO  server.RaftServerConfigKeys (ConfUtils.java:logGet(46)) - raft.server.log.segment.cache.size.max = 200MB (=209715200) (default)
2022-08-04 23:29:50,404 [pool-118-thread-1] INFO  segmented.SegmentedRaftLogWorker (SegmentedRaftLogWorker.java:<init>(187)) - new 23c1664a-1022-4025-96e5-5155d23dedff@group-7CFA6DD125B3-SegmentedRaftLogWorker for RaftStorageImpl:Storage Directory /home/runner/work/ozone/ozone/hadoop-ozone/integration-test/target/test-dir/MiniOzoneClusterImpl-9f329032-b852-4d71-b4c8-c146519b003b/datanode-2/data/ratis/92f6e737-6964-4bbc-98dd-7cfa6dd125b3
2022-08-04 23:29:50,404 [pool-118-thread-1] INFO  server.RaftServerConfigKeys (ConfUtils.java:logGet(46)) - raft.server.log.queue.byte-limit = 4294967296 (custom)
2022-08-04 23:29:50,404 [pool-118-thread-1] INFO  server.RaftServerConfigKeys (ConfUtils.java:logGet(46)) - raft.server.log.queue.element-limit = 1024 (custom)
2022-08-04 23:29:50,404 [pool-118-thread-1] INFO  server.RaftServerConfigKeys (ConfUtils.java:logGet(46)) - raft.server.log.segment.size.max = 1048576 (custom)
2022-08-04 23:29:50,404 [pool-118-thread-1] INFO  server.RaftServerConfigKeys (ConfUtils.java:logGet(46)) - raft.server.log.preallocated.size = 16384 (custom)
2022-08-04 23:29:50,405 [pool-118-thread-1] INFO  server.RaftServerConfigKeys (ConfUtils.java:logGet(46)) - raft.server.log.force.sync.num = 128 (default)
2022-08-04 23:29:50,405 [pool-118-thread-1] INFO  server.RaftServerConfigKeys (ConfUtils.java:logGet(46)) - raft.server.log.statemachine.data.sync = true (default)
2022-08-04 23:29:50,405 [pool-118-thread-1] INFO  server.RaftServerConfigKeys (ConfUtils.java:logGet(46)) - raft.server.log.statemachine.data.sync.timeout = 10s (default)
2022-08-04 23:29:50,405 [pool-118-thread-1] INFO  server.RaftServerConfigKeys (ConfUtils.java:logGet(46)) - raft.server.log.statemachine.data.sync.timeout.retry = -1 (default)
2022-08-04 23:29:50,405 [pool-118-thread-1] INFO  server.RaftServerConfigKeys (ConfUtils.java:logGet(46)) - raft.server.log.write.buffer.size = 1048576 (custom)
2022-08-04 23:29:50,407 [pool-118-thread-1] INFO  server.RaftServerConfigKeys (ConfUtils.java:logGet(46)) - raft.server.log.unsafe-flush.enabled = false (default)
2022-08-04 23:29:50,407 [pool-118-thread-1] INFO  server.RaftServerConfigKeys (ConfUtils.java:logGet(46)) - raft.server.log.statemachine.data.caching.enabled = true (custom)
2022-08-04 23:29:50,407 [pool-118-thread-1] INFO  segmented.SegmentedRaftLogWorker (SegmentedRaftLogWorker.java:lambda$new$0(135)) - 23c1664a-1022-4025-96e5-5155d23dedff@group-7CFA6DD125B3-SegmentedRaftLogWorker: flushIndex: setUnconditionally 0 -> -1
2022-08-04 23:29:50,407 [pool-118-thread-1] INFO  segmented.SegmentedRaftLogWorker (SegmentedRaftLogWorker.java:lambda$new$0(135)) - 23c1664a-1022-4025-96e5-5155d23dedff@group-7CFA6DD125B3-SegmentedRaftLogWorker: safeCacheEvictIndex: setUnconditionally 0 -> -1
2022-08-04 23:29:50,407 [pool-118-thread-1] INFO  server.RaftServerConfigKeys (ConfUtils.java:logGet(46)) - raft.server.snapshot.auto.trigger.enabled = true (custom)
2022-08-04 23:29:50,407 [pool-118-thread-1] INFO  server.RaftServerConfigKeys (ConfUtils.java:logGet(46)) - raft.server.snapshot.auto.trigger.threshold = 10000 (custom)
2022-08-04 23:29:50,407 [pool-118-thread-1] INFO  server.RaftServerConfigKeys (ConfUtils.java:logGet(46)) - raft.server.snapshot.retention.file.num = 5 (custom)
2022-08-04 23:29:50,407 [pool-118-thread-1] INFO  server.RaftServerConfigKeys (ConfUtils.java:logGet(46)) - raft.server.log.purge.upto.snapshot.index = false (default)
2022-08-04 23:29:50,407 [pool-118-thread-1] INFO  server.RaftServerConfigKeys (ConfUtils.java:logGet(46)) - raft.server.retrycache.expirytime = 600000ms (custom)
2022-08-04 23:29:50,407 [pool-118-thread-1] INFO  server.RaftServerConfigKeys (ConfUtils.java:logGet(46)) - raft.server.retrycache.statistics.expirytime = 100μs (default)
2022-08-04 23:29:50,408 [pool-118-thread-1] INFO  server.RaftServerConfigKeys (ConfUtils.java:logGet(46)) - raft.server.log.appender.install.snapshot.enabled = false (custom)
2022-08-04 23:29:50,408 [pool-118-thread-1] INFO  server.RaftServerConfigKeys (ConfUtils.java:logGet(46)) - raft.server.threadpool.server.cached = true (default)
2022-08-04 23:29:50,408 [pool-118-thread-1] INFO  server.RaftServerConfigKeys (ConfUtils.java:logGet(46)) - raft.server.threadpool.server.size = 0 (default)
2022-08-04 23:29:50,408 [pool-118-thread-1] INFO  server.RaftServerConfigKeys (ConfUtils.java:logGet(46)) - raft.server.threadpool.client.cached = true (default)
2022-08-04 23:29:50,408 [pool-118-thread-1] INFO  server.RaftServerConfigKeys (ConfUtils.java:logGet(46)) - raft.server.threadpool.client.size = 0 (default)
2022-08-04 23:29:50,408 [pool-118-thread-1] INFO  server.RaftServer$Division (RaftServerImpl.java:start(310)) - 23c1664a-1022-4025-96e5-5155d23dedff@group-7CFA6DD125B3: start as a follower, conf=-1: [23c1664a-1022-4025-96e5-5155d23dedff|rpc:10.1.0.37:41659|priority:1], old=null
2022-08-04 23:29:50,408 [pool-118-thread-1] INFO  server.RaftServer$Division (RaftServerImpl.java:setRole(299)) - 23c1664a-1022-4025-96e5-5155d23dedff@group-7CFA6DD125B3: changes role from      null to FOLLOWER at term 0 for startAsFollower
2022-08-04 23:29:50,408 [pool-118-thread-1] INFO  impl.RoleInfo (RoleInfo.java:updateAndGet(139)) - 23c1664a-1022-4025-96e5-5155d23dedff: start 23c1664a-1022-4025-96e5-5155d23dedff@group-7CFA6DD125B3-FollowerState
2022-08-04 23:29:50,409 [pool-118-thread-1] INFO  util.JmxRegister (JmxRegister.java:tryRegister(44)) - Successfully registered JMX Bean with object name Ratis:service=RaftServer,group=group-7CFA6DD125B3,id=23c1664a-1022-4025-96e5-5155d23dedff
2022-08-04 23:29:50,412 [Command processor thread] INFO  ratis.XceiverServerRatis (XceiverServerRatis.java:addGroup(765)) - Created group PipelineID=92f6e737-6964-4bbc-98dd-7cfa6dd125b3
2022-08-04 23:29:50,412 [Command processor thread] INFO  commandhandler.CreatePipelineCommandHandler (CreatePipelineCommandHandler.java:handle(113)) - Created Pipeline RATIS ONE PipelineID=92f6e737-6964-4bbc-98dd-7cfa6dd125b3.
2022-08-04 23:29:50,414 [EventQueue-PipelineReportForPipelineReportHandler] INFO  pipeline.PipelineManagerImpl (PipelineManagerImpl.java:openPipeline(367)) - Pipeline Pipeline[ Id: 92f6e737-6964-4bbc-98dd-7cfa6dd125b3, Nodes: 23c1664a-1022-4025-96e5-5155d23dedff{ip: 10.1.0.37, host: fv-az241-597.bb25ywkzvhnelkltyshw0e441e.jx.internal.cloudapp.net, ports: [REPLICATION=42777, RATIS=41659, RATIS_ADMIN=41659, RATIS_SERVER=41659, STANDALONE=39855], networkLocation: /default-rack, certSerialId: null, persistedOpState: IN_SERVICE, persistedOpStateExpiryEpochSec: 0}, ReplicationConfig: RATIS/ONE, State:ALLOCATED, leaderId:23c1664a-1022-4025-96e5-5155d23dedff, CreationTimestamp2022-08-04T23:29:47.396Z[Etc/UTC]] moved to OPEN state
2022-08-04 23:29:50,415 [EventQueue-OpenPipelineForHealthyPipelineSafeModeRule] INFO  safemode.SCMSafeModeManager (HealthyPipelineSafeModeRule.java:process(137)) - SCM in safe mode. Healthy pipelines reported count is 0, required healthy pipeline reported count is 1
2022-08-04 23:29:50,418 [Command processor thread] INFO  commandhandler.CreatePipelineCommandHandler (CreatePipelineCommandHandler.java:handle(113)) - Created Pipeline RATIS THREE PipelineID=d75d2d2e-4cd5-4cbc-9b06-8943febbbab0.
2022-08-04 23:29:50,430 [Command processor thread] INFO  commandhandler.CreatePipelineCommandHandler (CreatePipelineCommandHandler.java:handle(113)) - Created Pipeline RATIS THREE PipelineID=d75d2d2e-4cd5-4cbc-9b06-8943febbbab0.
2022-08-04 23:29:51,388 [Listener at 127.0.0.1/41765] INFO  ozone.MiniOzoneClusterImpl (MiniOzoneClusterImpl.java:lambda$waitForClusterToBeReady$0(216)) - Nodes are ready. Got 3 of 3 DN Heartbeats.
2022-08-04 23:29:51,389 [Listener at 127.0.0.1/41765] INFO  ozone.MiniOzoneClusterImpl (MiniOzoneClusterImpl.java:lambda$waitForClusterToBeReady$0(219)) - Waiting for cluster to exit safe mode
2022-08-04 23:29:51,389 [Listener at 127.0.0.1/41765] INFO  ozone.MiniOzoneClusterImpl (MiniOzoneClusterImpl.java:lambda$waitForClusterToBeReady$0(221)) - SCM became leader
2022-08-04 23:29:52,389 [Listener at 127.0.0.1/41765] INFO  ozone.MiniOzoneClusterImpl (MiniOzoneClusterImpl.java:lambda$waitForClusterToBeReady$0(216)) - Nodes are ready. Got 3 of 3 DN Heartbeats.
2022-08-04 23:29:52,390 [Listener at 127.0.0.1/41765] INFO  ozone.MiniOzoneClusterImpl (MiniOzoneClusterImpl.java:lambda$waitForClusterToBeReady$0(219)) - Waiting for cluster to exit safe mode
2022-08-04 23:29:52,390 [Listener at 127.0.0.1/41765] INFO  ozone.MiniOzoneClusterImpl (MiniOzoneClusterImpl.java:lambda$waitForClusterToBeReady$0(221)) - SCM became leader
2022-08-04 23:29:53,390 [Listener at 127.0.0.1/41765] INFO  ozone.MiniOzoneClusterImpl (MiniOzoneClusterImpl.java:lambda$waitForClusterToBeReady$0(216)) - Nodes are ready. Got 3 of 3 DN Heartbeats.
2022-08-04 23:29:53,391 [Listener at 127.0.0.1/41765] INFO  ozone.MiniOzoneClusterImpl (MiniOzoneClusterImpl.java:lambda$waitForClusterToBeReady$0(219)) - Waiting for cluster to exit safe mode
2022-08-04 23:29:53,391 [Listener at 127.0.0.1/41765] INFO  ozone.MiniOzoneClusterImpl (MiniOzoneClusterImpl.java:lambda$waitForClusterToBeReady$0(221)) - SCM became leader
2022-08-04 23:29:54,391 [Listener at 127.0.0.1/41765] INFO  ozone.MiniOzoneClusterImpl (MiniOzoneClusterImpl.java:lambda$waitForClusterToBeReady$0(216)) - Nodes are ready. Got 3 of 3 DN Heartbeats.
2022-08-04 23:29:54,392 [Listener at 127.0.0.1/41765] INFO  ozone.MiniOzoneClusterImpl (MiniOzoneClusterImpl.java:lambda$waitForClusterToBeReady$0(219)) - Waiting for cluster to exit safe mode
2022-08-04 23:29:54,392 [Listener at 127.0.0.1/41765] INFO  ozone.MiniOzoneClusterImpl (MiniOzoneClusterImpl.java:lambda$waitForClusterToBeReady$0(221)) - SCM became leader
2022-08-04 23:29:54,756 [1ae70e63-9738-4f7b-b13f-a5d5db090f9c@group-CFE997357B6F-FollowerState] INFO  impl.FollowerState (FollowerState.java:run(143)) - 1ae70e63-9738-4f7b-b13f-a5d5db090f9c@group-CFE997357B6F-FollowerState: change to CANDIDATE, lastRpcElapsedTime:5157174370ns, electionTimeout:5152ms
2022-08-04 23:29:54,757 [1ae70e63-9738-4f7b-b13f-a5d5db090f9c@group-CFE997357B6F-FollowerState] INFO  impl.RoleInfo (RoleInfo.java:shutdownFollowerState(110)) - 1ae70e63-9738-4f7b-b13f-a5d5db090f9c: shutdown 1ae70e63-9738-4f7b-b13f-a5d5db090f9c@group-CFE997357B6F-FollowerState
2022-08-04 23:29:54,757 [1ae70e63-9738-4f7b-b13f-a5d5db090f9c@group-CFE997357B6F-FollowerState] INFO  server.RaftServer$Division (RaftServerImpl.java:setRole(299)) - 1ae70e63-9738-4f7b-b13f-a5d5db090f9c@group-CFE997357B6F: changes role from  FOLLOWER to CANDIDATE at term 0 for changeToCandidate
2022-08-04 23:29:54,757 [1ae70e63-9738-4f7b-b13f-a5d5db090f9c@group-CFE997357B6F-FollowerState] INFO  server.RaftServerConfigKeys (ConfUtils.java:logGet(46)) - raft.server.leaderelection.pre-vote = false (custom)
2022-08-04 23:29:54,757 [1ae70e63-9738-4f7b-b13f-a5d5db090f9c@group-CFE997357B6F-FollowerState] INFO  impl.RoleInfo (RoleInfo.java:updateAndGet(139)) - 1ae70e63-9738-4f7b-b13f-a5d5db090f9c: start 1ae70e63-9738-4f7b-b13f-a5d5db090f9c@group-CFE997357B6F-LeaderElection2
2022-08-04 23:29:54,759 [1ae70e63-9738-4f7b-b13f-a5d5db090f9c@group-03A2BB9454BF-FollowerState] INFO  impl.FollowerState (FollowerState.java:run(143)) - 1ae70e63-9738-4f7b-b13f-a5d5db090f9c@group-03A2BB9454BF-FollowerState: change to CANDIDATE, lastRpcElapsedTime:5125827051ns, electionTimeout:5123ms
2022-08-04 23:29:54,760 [1ae70e63-9738-4f7b-b13f-a5d5db090f9c@group-03A2BB9454BF-FollowerState] INFO  impl.RoleInfo (RoleInfo.java:shutdownFollowerState(110)) - 1ae70e63-9738-4f7b-b13f-a5d5db090f9c: shutdown 1ae70e63-9738-4f7b-b13f-a5d5db090f9c@group-03A2BB9454BF-FollowerState
2022-08-04 23:29:54,760 [1ae70e63-9738-4f7b-b13f-a5d5db090f9c@group-03A2BB9454BF-FollowerState] INFO  server.RaftServer$Division (RaftServerImpl.java:setRole(299)) - 1ae70e63-9738-4f7b-b13f-a5d5db090f9c@group-03A2BB9454BF: changes role from  FOLLOWER to CANDIDATE at term 0 for changeToCandidate
2022-08-04 23:29:54,760 [1ae70e63-9738-4f7b-b13f-a5d5db090f9c@group-03A2BB9454BF-FollowerState] INFO  server.RaftServerConfigKeys (ConfUtils.java:logGet(46)) - raft.server.leaderelection.pre-vote = false (custom)
2022-08-04 23:29:54,760 [1ae70e63-9738-4f7b-b13f-a5d5db090f9c@group-03A2BB9454BF-FollowerState] INFO  impl.RoleInfo (RoleInfo.java:updateAndGet(139)) - 1ae70e63-9738-4f7b-b13f-a5d5db090f9c: start 1ae70e63-9738-4f7b-b13f-a5d5db090f9c@group-03A2BB9454BF-LeaderElection3
2022-08-04 23:29:54,766 [1ae70e63-9738-4f7b-b13f-a5d5db090f9c@group-CFE997357B6F-LeaderElection2] INFO  impl.LeaderElection (LeaderElection.java:askForVotes(310)) - 1ae70e63-9738-4f7b-b13f-a5d5db090f9c@group-CFE997357B6F-LeaderElection2 ELECTION round 0: submit vote requests at term 1 for -1: [1ae70e63-9738-4f7b-b13f-a5d5db090f9c|rpc:10.1.0.37:36723|priority:1], old=null
2022-08-04 23:29:54,766 [1ae70e63-9738-4f7b-b13f-a5d5db090f9c@group-CFE997357B6F-LeaderElection2] INFO  impl.LeaderElection (LeaderElection.java:askForVotes(312)) - 1ae70e63-9738-4f7b-b13f-a5d5db090f9c@group-CFE997357B6F-LeaderElection2 ELECTION round 0: result PASSED (term=1)
2022-08-04 23:29:54,766 [1ae70e63-9738-4f7b-b13f-a5d5db090f9c@group-CFE997357B6F-LeaderElection2] INFO  impl.RoleInfo (RoleInfo.java:shutdownLeaderElection(130)) - 1ae70e63-9738-4f7b-b13f-a5d5db090f9c: shutdown 1ae70e63-9738-4f7b-b13f-a5d5db090f9c@group-CFE997357B6F-LeaderElection2
2022-08-04 23:29:54,766 [1ae70e63-9738-4f7b-b13f-a5d5db090f9c@group-CFE997357B6F-LeaderElection2] INFO  server.RaftServer$Division (RaftServerImpl.java:setRole(299)) - 1ae70e63-9738-4f7b-b13f-a5d5db090f9c@group-CFE997357B6F: changes role from CANDIDATE to LEADER at term 1 for changeToLeader
2022-08-04 23:29:54,766 [1ae70e63-9738-4f7b-b13f-a5d5db090f9c@group-CFE997357B6F-LeaderElection2] INFO  ratis.XceiverServerRatis (XceiverServerRatis.java:handleLeaderChangedNotification(863)) - Leader change notification received for group: group-CFE997357B6F with new leaderId: 1ae70e63-9738-4f7b-b13f-a5d5db090f9c
2022-08-04 23:29:54,766 [1ae70e63-9738-4f7b-b13f-a5d5db090f9c@group-CFE997357B6F-LeaderElection2] INFO  server.RaftServer$Division (ServerState.java:setLeader(287)) - 1ae70e63-9738-4f7b-b13f-a5d5db090f9c@group-CFE997357B6F: change Leader from null to 1ae70e63-9738-4f7b-b13f-a5d5db090f9c at term 1 for becomeLeader, leader elected after 5182ms
2022-08-04 23:29:54,766 [1ae70e63-9738-4f7b-b13f-a5d5db090f9c@group-CFE997357B6F-LeaderElection2] INFO  server.RaftServerConfigKeys (ConfUtils.java:logGet(46)) - raft.server.staging.catchup.gap = 1000 (default)
2022-08-04 23:29:54,767 [1ae70e63-9738-4f7b-b13f-a5d5db090f9c@group-CFE997357B6F-LeaderElection2] INFO  server.RaftServerConfigKeys (ConfUtils.java:logGet(46)) - raft.server.write.element-limit = 1024 (custom)
2022-08-04 23:29:54,767 [1ae70e63-9738-4f7b-b13f-a5d5db090f9c@group-CFE997357B6F-LeaderElection2] INFO  server.RaftServerConfigKeys (ConfUtils.java:logGet(46)) - raft.server.write.byte-limit = 1024 M (=1073741824) (custom)
2022-08-04 23:29:54,767 [1ae70e63-9738-4f7b-b13f-a5d5db090f9c@group-CFE997357B6F-LeaderElection2] INFO  server.RaftServerConfigKeys (ConfUtils.java:logGet(46)) - raft.server.watch.timeout = 180s (custom)
2022-08-04 23:29:54,767 [1ae70e63-9738-4f7b-b13f-a5d5db090f9c@group-CFE997357B6F-LeaderElection2] INFO  server.RaftServerConfigKeys (ConfUtils.java:logGet(46)) - raft.server.watch.timeout.denomination = 1s (default)
2022-08-04 23:29:54,767 [1ae70e63-9738-4f7b-b13f-a5d5db090f9c@group-CFE997357B6F-LeaderElection2] INFO  server.RaftServerConfigKeys (ConfUtils.java:logGet(46)) - raft.server.watch.element-limit = 65536 (default)
2022-08-04 23:29:54,768 [1ae70e63-9738-4f7b-b13f-a5d5db090f9c@group-CFE997357B6F-LeaderElection2] INFO  server.RaftServerConfigKeys (ConfUtils.java:logGet(46)) - raft.server.write.element-limit = 1024 (custom)
2022-08-04 23:29:54,768 [1ae70e63-9738-4f7b-b13f-a5d5db090f9c@group-CFE997357B6F-LeaderElection2] INFO  server.RaftServerConfigKeys (ConfUtils.java:logGet(46)) - raft.server.write.follower.gap.ratio.max = -1.0 (default)
2022-08-04 23:29:54,768 [1ae70e63-9738-4f7b-b13f-a5d5db090f9c@group-CFE997357B6F-LeaderElection2] INFO  impl.RoleInfo (RoleInfo.java:updateAndGet(139)) - 1ae70e63-9738-4f7b-b13f-a5d5db090f9c: start 1ae70e63-9738-4f7b-b13f-a5d5db090f9c@group-CFE997357B6F-LeaderStateImpl
2022-08-04 23:29:54,768 [1ae70e63-9738-4f7b-b13f-a5d5db090f9c@group-CFE997357B6F-LeaderElection2] INFO  segmented.SegmentedRaftLogWorker (SegmentedRaftLogWorker.java:startLogSegment(425)) - 1ae70e63-9738-4f7b-b13f-a5d5db090f9c@group-CFE997357B6F-SegmentedRaftLogWorker: Starting segment from index:0
2022-08-04 23:29:54,770 [1ae70e63-9738-4f7b-b13f-a5d5db090f9c@group-CFE997357B6F-SegmentedRaftLogWorker] INFO  segmented.SegmentedRaftLogWorker (SegmentedRaftLogWorker.java:execute(629)) - 1ae70e63-9738-4f7b-b13f-a5d5db090f9c@group-CFE997357B6F-SegmentedRaftLogWorker: created new log segment /home/runner/work/ozone/ozone/hadoop-ozone/integration-test/target/test-dir/MiniOzoneClusterImpl-9f329032-b852-4d71-b4c8-c146519b003b/datanode-0/data/ratis/fd2621a1-1ba2-46fc-815b-cfe997357b6f/current/log_inprogress_0
2022-08-04 23:29:54,774 [1ae70e63-9738-4f7b-b13f-a5d5db090f9c@group-CFE997357B6F-LeaderElection2] INFO  server.RaftServer$Division (ServerState.java:setRaftConf(393)) - 1ae70e63-9738-4f7b-b13f-a5d5db090f9c@group-CFE997357B6F: set configuration 0: [1ae70e63-9738-4f7b-b13f-a5d5db090f9c|rpc:10.1.0.37:36723|dataStream:|priority:1], old=null
2022-08-04 23:29:54,776 [EventQueue-OpenPipelineForHealthyPipelineSafeModeRule] INFO  safemode.SCMSafeModeManager (HealthyPipelineSafeModeRule.java:process(137)) - SCM in safe mode. Healthy pipelines reported count is 0, required healthy pipeline reported count is 1
2022-08-04 23:29:54,778 [1ae70e63-9738-4f7b-b13f-a5d5db090f9c@group-03A2BB9454BF-LeaderElection3] INFO  impl.LeaderElection (LeaderElection.java:askForVotes(310)) - 1ae70e63-9738-4f7b-b13f-a5d5db090f9c@group-03A2BB9454BF-LeaderElection3 ELECTION round 0: submit vote requests at term 1 for -1: [23c1664a-1022-4025-96e5-5155d23dedff|rpc:10.1.0.37:41659|priority:0, 1ae70e63-9738-4f7b-b13f-a5d5db090f9c|rpc:10.1.0.37:36723|priority:0, c9503bac-ef38-43e8-a353-bcf9ec6894fb|rpc:10.1.0.37:40601|priority:1], old=null
2022-08-04 23:29:54,802 [grpc-default-executor-0] INFO  server.RaftServer$Division (RaftServerImpl.java:requestVote(1152)) - c9503bac-ef38-43e8-a353-bcf9ec6894fb@group-03A2BB9454BF: receive requestVote(ELECTION, 1ae70e63-9738-4f7b-b13f-a5d5db090f9c, group-03A2BB9454BF, 1, (t:0, i:0))
2022-08-04 23:29:54,804 [grpc-default-executor-0] INFO  impl.VoteContext (VoteContext.java:log(48)) - c9503bac-ef38-43e8-a353-bcf9ec6894fb@group-03A2BB9454BF-FOLLOWER: reject ELECTION from 1ae70e63-9738-4f7b-b13f-a5d5db090f9c: our priority 1 > candidate's priority 0
2022-08-04 23:29:54,805 [grpc-default-executor-0] INFO  server.RaftServer$Division (RaftServerImpl.java:setRole(299)) - c9503bac-ef38-43e8-a353-bcf9ec6894fb@group-03A2BB9454BF: changes role from  FOLLOWER to FOLLOWER at term 1 for candidate:1ae70e63-9738-4f7b-b13f-a5d5db090f9c
2022-08-04 23:29:54,805 [grpc-default-executor-0] INFO  impl.RoleInfo (RoleInfo.java:shutdownFollowerState(110)) - c9503bac-ef38-43e8-a353-bcf9ec6894fb: shutdown c9503bac-ef38-43e8-a353-bcf9ec6894fb@group-03A2BB9454BF-FollowerState
2022-08-04 23:29:54,805 [grpc-default-executor-0] INFO  impl.RoleInfo (RoleInfo.java:updateAndGet(139)) - c9503bac-ef38-43e8-a353-bcf9ec6894fb: start c9503bac-ef38-43e8-a353-bcf9ec6894fb@group-03A2BB9454BF-FollowerState
2022-08-04 23:29:54,805 [c9503bac-ef38-43e8-a353-bcf9ec6894fb@group-03A2BB9454BF-FollowerState] INFO  impl.FollowerState (FollowerState.java:run(152)) - c9503bac-ef38-43e8-a353-bcf9ec6894fb@group-03A2BB9454BF-FollowerState was interrupted
2022-08-04 23:29:54,808 [grpc-default-executor-0] INFO  server.RaftServer$Division (RaftServerImpl.java:requestVote(1184)) - c9503bac-ef38-43e8-a353-bcf9ec6894fb@group-03A2BB9454BF replies to ELECTION vote request: 1ae70e63-9738-4f7b-b13f-a5d5db090f9c<-c9503bac-ef38-43e8-a353-bcf9ec6894fb#0:FAIL-t1. Peer's state: c9503bac-ef38-43e8-a353-bcf9ec6894fb@group-03A2BB9454BF:t1, leader=null, voted=null, raftlog=c9503bac-ef38-43e8-a353-bcf9ec6894fb@group-03A2BB9454BF-SegmentedRaftLog:OPENED:c-1, conf=-1: [23c1664a-1022-4025-96e5-5155d23dedff|rpc:10.1.0.37:41659|priority:0, 1ae70e63-9738-4f7b-b13f-a5d5db090f9c|rpc:10.1.0.37:36723|priority:0, c9503bac-ef38-43e8-a353-bcf9ec6894fb|rpc:10.1.0.37:40601|priority:1], old=null
2022-08-04 23:29:54,812 [grpc-default-executor-1] INFO  server.RaftServer$Division (RaftServerImpl.java:requestVote(1152)) - 23c1664a-1022-4025-96e5-5155d23dedff@group-03A2BB9454BF: receive requestVote(ELECTION, 1ae70e63-9738-4f7b-b13f-a5d5db090f9c, group-03A2BB9454BF, 1, (t:0, i:0))
2022-08-04 23:29:54,812 [grpc-default-executor-1] INFO  impl.VoteContext (VoteContext.java:log(48)) - 23c1664a-1022-4025-96e5-5155d23dedff@group-03A2BB9454BF-FOLLOWER: accept ELECTION from 1ae70e63-9738-4f7b-b13f-a5d5db090f9c: our priority 0 <= candidate's priority 0
2022-08-04 23:29:54,812 [grpc-default-executor-1] INFO  server.RaftServer$Division (RaftServerImpl.java:setRole(299)) - 23c1664a-1022-4025-96e5-5155d23dedff@group-03A2BB9454BF: changes role from  FOLLOWER to FOLLOWER at term 1 for candidate:1ae70e63-9738-4f7b-b13f-a5d5db090f9c
2022-08-04 23:29:54,813 [grpc-default-executor-1] INFO  impl.RoleInfo (RoleInfo.java:shutdownFollowerState(110)) - 23c1664a-1022-4025-96e5-5155d23dedff: shutdown 23c1664a-1022-4025-96e5-5155d23dedff@group-03A2BB9454BF-FollowerState
2022-08-04 23:29:54,813 [grpc-default-executor-1] INFO  impl.RoleInfo (RoleInfo.java:updateAndGet(139)) - 23c1664a-1022-4025-96e5-5155d23dedff: start 23c1664a-1022-4025-96e5-5155d23dedff@group-03A2BB9454BF-FollowerState
2022-08-04 23:29:54,813 [23c1664a-1022-4025-96e5-5155d23dedff@group-03A2BB9454BF-FollowerState] INFO  impl.FollowerState (FollowerState.java:run(152)) - 23c1664a-1022-4025-96e5-5155d23dedff@group-03A2BB9454BF-FollowerState was interrupted
2022-08-04 23:29:54,816 [1ae70e63-9738-4f7b-b13f-a5d5db090f9c@group-03A2BB9454BF-LeaderElection3] INFO  impl.LeaderElection (LeaderElection.java:logAndReturn(90)) - 1ae70e63-9738-4f7b-b13f-a5d5db090f9c@group-03A2BB9454BF-LeaderElection3: ELECTION REJECTED received 1 response(s) and 0 exception(s):
2022-08-04 23:29:54,817 [1ae70e63-9738-4f7b-b13f-a5d5db090f9c@group-03A2BB9454BF-LeaderElection3] INFO  impl.LeaderElection (LeaderElection.java:logAndReturn(94)) -   Response 0: 1ae70e63-9738-4f7b-b13f-a5d5db090f9c<-c9503bac-ef38-43e8-a353-bcf9ec6894fb#0:FAIL-t1
2022-08-04 23:29:54,817 [1ae70e63-9738-4f7b-b13f-a5d5db090f9c@group-03A2BB9454BF-LeaderElection3] INFO  impl.LeaderElection (LeaderElection.java:askForVotes(312)) - 1ae70e63-9738-4f7b-b13f-a5d5db090f9c@group-03A2BB9454BF-LeaderElection3 ELECTION round 0: result REJECTED
2022-08-04 23:29:54,817 [1ae70e63-9738-4f7b-b13f-a5d5db090f9c@group-03A2BB9454BF-LeaderElection3] INFO  server.RaftServer$Division (RaftServerImpl.java:setRole(299)) - 1ae70e63-9738-4f7b-b13f-a5d5db090f9c@group-03A2BB9454BF: changes role from CANDIDATE to FOLLOWER at term 1 for REJECTED
2022-08-04 23:29:54,817 [1ae70e63-9738-4f7b-b13f-a5d5db090f9c@group-03A2BB9454BF-LeaderElection3] INFO  impl.RoleInfo (RoleInfo.java:shutdownLeaderElection(130)) - 1ae70e63-9738-4f7b-b13f-a5d5db090f9c: shutdown 1ae70e63-9738-4f7b-b13f-a5d5db090f9c@group-03A2BB9454BF-LeaderElection3
2022-08-04 23:29:54,817 [1ae70e63-9738-4f7b-b13f-a5d5db090f9c@group-03A2BB9454BF-LeaderElection3] INFO  impl.RoleInfo (RoleInfo.java:updateAndGet(139)) - 1ae70e63-9738-4f7b-b13f-a5d5db090f9c: start 1ae70e63-9738-4f7b-b13f-a5d5db090f9c@group-03A2BB9454BF-FollowerState
2022-08-04 23:29:54,820 [grpc-default-executor-1] INFO  server.RaftServer$Division (RaftServerImpl.java:requestVote(1184)) - 23c1664a-1022-4025-96e5-5155d23dedff@group-03A2BB9454BF replies to ELECTION vote request: 1ae70e63-9738-4f7b-b13f-a5d5db090f9c<-23c1664a-1022-4025-96e5-5155d23dedff#0:OK-t1. Peer's state: 23c1664a-1022-4025-96e5-5155d23dedff@group-03A2BB9454BF:t1, leader=null, voted=1ae70e63-9738-4f7b-b13f-a5d5db090f9c, raftlog=23c1664a-1022-4025-96e5-5155d23dedff@group-03A2BB9454BF-SegmentedRaftLog:OPENED:c-1, conf=-1: [23c1664a-1022-4025-96e5-5155d23dedff|rpc:10.1.0.37:41659|dataStream:|priority:0, 1ae70e63-9738-4f7b-b13f-a5d5db090f9c|rpc:10.1.0.37:36723|dataStream:|priority:0, c9503bac-ef38-43e8-a353-bcf9ec6894fb|rpc:10.1.0.37:40601|dataStream:|priority:1], old=null
2022-08-04 23:29:55,231 [c9503bac-ef38-43e8-a353-bcf9ec6894fb@group-BA04475C25EA-FollowerState] INFO  impl.FollowerState (FollowerState.java:run(143)) - c9503bac-ef38-43e8-a353-bcf9ec6894fb@group-BA04475C25EA-FollowerState: change to CANDIDATE, lastRpcElapsedTime:5115572679ns, electionTimeout:5107ms
2022-08-04 23:29:55,231 [c9503bac-ef38-43e8-a353-bcf9ec6894fb@group-BA04475C25EA-FollowerState] INFO  impl.RoleInfo (RoleInfo.java:shutdownFollowerState(110)) - c9503bac-ef38-43e8-a353-bcf9ec6894fb: shutdown c9503bac-ef38-43e8-a353-bcf9ec6894fb@group-BA04475C25EA-FollowerState
2022-08-04 23:29:55,232 [c9503bac-ef38-43e8-a353-bcf9ec6894fb@group-BA04475C25EA-FollowerState] INFO  server.RaftServer$Division (RaftServerImpl.java:setRole(299)) - c9503bac-ef38-43e8-a353-bcf9ec6894fb@group-BA04475C25EA: changes role from  FOLLOWER to CANDIDATE at term 0 for changeToCandidate
2022-08-04 23:29:55,232 [c9503bac-ef38-43e8-a353-bcf9ec6894fb@group-BA04475C25EA-FollowerState] INFO  server.RaftServerConfigKeys (ConfUtils.java:logGet(46)) - raft.server.leaderelection.pre-vote = false (custom)
2022-08-04 23:29:55,232 [c9503bac-ef38-43e8-a353-bcf9ec6894fb@group-BA04475C25EA-FollowerState] INFO  impl.RoleInfo (RoleInfo.java:updateAndGet(139)) - c9503bac-ef38-43e8-a353-bcf9ec6894fb: start c9503bac-ef38-43e8-a353-bcf9ec6894fb@group-BA04475C25EA-LeaderElection4
2022-08-04 23:29:55,235 [c9503bac-ef38-43e8-a353-bcf9ec6894fb@group-BA04475C25EA-LeaderElection4] INFO  impl.LeaderElection (LeaderElection.java:askForVotes(310)) - c9503bac-ef38-43e8-a353-bcf9ec6894fb@group-BA04475C25EA-LeaderElection4 ELECTION round 0: submit vote requests at term 1 for -1: [c9503bac-ef38-43e8-a353-bcf9ec6894fb|rpc:10.1.0.37:40601|priority:1], old=null
2022-08-04 23:29:55,236 [c9503bac-ef38-43e8-a353-bcf9ec6894fb@group-BA04475C25EA-LeaderElection4] INFO  impl.LeaderElection (LeaderElection.java:askForVotes(312)) - c9503bac-ef38-43e8-a353-bcf9ec6894fb@group-BA04475C25EA-LeaderElection4 ELECTION round 0: result PASSED (term=1)
2022-08-04 23:29:55,236 [c9503bac-ef38-43e8-a353-bcf9ec6894fb@group-BA04475C25EA-LeaderElection4] INFO  impl.RoleInfo (RoleInfo.java:shutdownLeaderElection(130)) - c9503bac-ef38-43e8-a353-bcf9ec6894fb: shutdown c9503bac-ef38-43e8-a353-bcf9ec6894fb@group-BA04475C25EA-LeaderElection4
2022-08-04 23:29:55,236 [c9503bac-ef38-43e8-a353-bcf9ec6894fb@group-BA04475C25EA-LeaderElection4] INFO  server.RaftServer$Division (RaftServerImpl.java:setRole(299)) - c9503bac-ef38-43e8-a353-bcf9ec6894fb@group-BA04475C25EA: changes role from CANDIDATE to LEADER at term 1 for changeToLeader
2022-08-04 23:29:55,236 [c9503bac-ef38-43e8-a353-bcf9ec6894fb@group-BA04475C25EA-LeaderElection4] INFO  ratis.XceiverServerRatis (XceiverServerRatis.java:handleLeaderChangedNotification(863)) - Leader change notification received for group: group-BA04475C25EA with new leaderId: c9503bac-ef38-43e8-a353-bcf9ec6894fb
2022-08-04 23:29:55,236 [c9503bac-ef38-43e8-a353-bcf9ec6894fb@group-BA04475C25EA-LeaderElection4] INFO  server.RaftServer$Division (ServerState.java:setLeader(287)) - c9503bac-ef38-43e8-a353-bcf9ec6894fb@group-BA04475C25EA: change Leader from null to c9503bac-ef38-43e8-a353-bcf9ec6894fb at term 1 for becomeLeader, leader elected after 5137ms
2022-08-04 23:29:55,236 [c9503bac-ef38-43e8-a353-bcf9ec6894fb@group-BA04475C25EA-LeaderElection4] INFO  server.RaftServerConfigKeys (ConfUtils.java:logGet(46)) - raft.server.staging.catchup.gap = 1000 (default)
2022-08-04 23:29:55,236 [c9503bac-ef38-43e8-a353-bcf9ec6894fb@group-BA04475C25EA-LeaderElection4] INFO  server.RaftServerConfigKeys (ConfUtils.java:logGet(46)) - raft.server.write.element-limit = 1024 (custom)
2022-08-04 23:29:55,236 [c9503bac-ef38-43e8-a353-bcf9ec6894fb@group-BA04475C25EA-LeaderElection4] INFO  server.RaftServerConfigKeys (ConfUtils.java:logGet(46)) - raft.server.write.byte-limit = 1024 M (=1073741824) (custom)
2022-08-04 23:29:55,237 [c9503bac-ef38-43e8-a353-bcf9ec6894fb@group-BA04475C25EA-LeaderElection4] INFO  server.RaftServerConfigKeys (ConfUtils.java:logGet(46)) - raft.server.watch.timeout = 180s (custom)
2022-08-04 23:29:55,238 [c9503bac-ef38-43e8-a353-bcf9ec6894fb@group-BA04475C25EA-LeaderElection4] INFO  server.RaftServerConfigKeys (ConfUtils.java:logGet(46)) - raft.server.watch.timeout.denomination = 1s (default)
2022-08-04 23:29:55,238 [c9503bac-ef38-43e8-a353-bcf9ec6894fb@group-BA04475C25EA-LeaderElection4] INFO  server.RaftServerConfigKeys (ConfUtils.java:logGet(46)) - raft.server.watch.element-limit = 65536 (default)
2022-08-04 23:29:55,238 [c9503bac-ef38-43e8-a353-bcf9ec6894fb@group-BA04475C25EA-LeaderElection4] INFO  server.RaftServerConfigKeys (ConfUtils.java:logGet(46)) - raft.server.write.element-limit = 1024 (custom)
2022-08-04 23:29:55,239 [c9503bac-ef38-43e8-a353-bcf9ec6894fb@group-BA04475C25EA-LeaderElection4] INFO  server.RaftServerConfigKeys (ConfUtils.java:logGet(46)) - raft.server.write.follower.gap.ratio.max = -1.0 (default)
2022-08-04 23:29:55,239 [c9503bac-ef38-43e8-a353-bcf9ec6894fb@group-BA04475C25EA-LeaderElection4] INFO  impl.RoleInfo (RoleInfo.java:updateAndGet(139)) - c9503bac-ef38-43e8-a353-bcf9ec6894fb: start c9503bac-ef38-43e8-a353-bcf9ec6894fb@group-BA04475C25EA-LeaderStateImpl
2022-08-04 23:29:55,239 [c9503bac-ef38-43e8-a353-bcf9ec6894fb@group-BA04475C25EA-LeaderElection4] INFO  segmented.SegmentedRaftLogWorker (SegmentedRaftLogWorker.java:startLogSegment(425)) - c9503bac-ef38-43e8-a353-bcf9ec6894fb@group-BA04475C25EA-SegmentedRaftLogWorker: Starting segment from index:0
2022-08-04 23:29:55,239 [EventQueue-OpenPipelineForHealthyPipelineSafeModeRule] INFO  safemode.SCMSafeModeManager (HealthyPipelineSafeModeRule.java:process(137)) - SCM in safe mode. Healthy pipelines reported count is 0, required healthy pipeline reported count is 1
2022-08-04 23:29:55,240 [c9503bac-ef38-43e8-a353-bcf9ec6894fb@group-BA04475C25EA-SegmentedRaftLogWorker] INFO  segmented.SegmentedRaftLogWorker (SegmentedRaftLogWorker.java:execute(629)) - c9503bac-ef38-43e8-a353-bcf9ec6894fb@group-BA04475C25EA-SegmentedRaftLogWorker: created new log segment /home/runner/work/ozone/ozone/hadoop-ozone/integration-test/target/test-dir/MiniOzoneClusterImpl-9f329032-b852-4d71-b4c8-c146519b003b/datanode-1/data/ratis/8daf9b6f-62ab-4159-af38-ba04475c25ea/current/log_inprogress_0
2022-08-04 23:29:55,243 [c9503bac-ef38-43e8-a353-bcf9ec6894fb@group-BA04475C25EA-LeaderElection4] INFO  server.RaftServer$Division (ServerState.java:setRaftConf(393)) - c9503bac-ef38-43e8-a353-bcf9ec6894fb@group-BA04475C25EA: set configuration 0: [c9503bac-ef38-43e8-a353-bcf9ec6894fb|rpc:10.1.0.37:40601|dataStream:|priority:1], old=null
2022-08-04 23:29:55,392 [Listener at 127.0.0.1/41765] INFO  ozone.MiniOzoneClusterImpl (MiniOzoneClusterImpl.java:lambda$waitForClusterToBeReady$0(216)) - Nodes are ready. Got 3 of 3 DN Heartbeats.
2022-08-04 23:29:55,392 [Listener at 127.0.0.1/41765] INFO  ozone.MiniOzoneClusterImpl (MiniOzoneClusterImpl.java:lambda$waitForClusterToBeReady$0(219)) - Waiting for cluster to exit safe mode
2022-08-04 23:29:55,392 [Listener at 127.0.0.1/41765] INFO  ozone.MiniOzoneClusterImpl (MiniOzoneClusterImpl.java:lambda$waitForClusterToBeReady$0(221)) - SCM became leader
2022-08-04 23:29:55,404 [1ae70e63-9738-4f7b-b13f-a5d5db090f9c@group-8943FEBBBAB0-FollowerState] INFO  impl.FollowerState (FollowerState.java:run(143)) - 1ae70e63-9738-4f7b-b13f-a5d5db090f9c@group-8943FEBBBAB0-FollowerState: change to CANDIDATE, lastRpcElapsedTime:5075277799ns, electionTimeout:5072ms
2022-08-04 23:29:55,404 [1ae70e63-9738-4f7b-b13f-a5d5db090f9c@group-8943FEBBBAB0-FollowerState] INFO  impl.RoleInfo (RoleInfo.java:shutdownFollowerState(110)) - 1ae70e63-9738-4f7b-b13f-a5d5db090f9c: shutdown 1ae70e63-9738-4f7b-b13f-a5d5db090f9c@group-8943FEBBBAB0-FollowerState
2022-08-04 23:29:55,404 [1ae70e63-9738-4f7b-b13f-a5d5db090f9c@group-8943FEBBBAB0-FollowerState] INFO  server.RaftServer$Division (RaftServerImpl.java:setRole(299)) - 1ae70e63-9738-4f7b-b13f-a5d5db090f9c@group-8943FEBBBAB0: changes role from  FOLLOWER to CANDIDATE at term 0 for changeToCandidate
2022-08-04 23:29:55,405 [1ae70e63-9738-4f7b-b13f-a5d5db090f9c@group-8943FEBBBAB0-FollowerState] INFO  server.RaftServerConfigKeys (ConfUtils.java:logGet(46)) - raft.server.leaderelection.pre-vote = false (custom)
2022-08-04 23:29:55,405 [1ae70e63-9738-4f7b-b13f-a5d5db090f9c@group-8943FEBBBAB0-FollowerState] INFO  impl.RoleInfo (RoleInfo.java:updateAndGet(139)) - 1ae70e63-9738-4f7b-b13f-a5d5db090f9c: start 1ae70e63-9738-4f7b-b13f-a5d5db090f9c@group-8943FEBBBAB0-LeaderElection5
2022-08-04 23:29:55,410 [1ae70e63-9738-4f7b-b13f-a5d5db090f9c@group-8943FEBBBAB0-LeaderElection5] INFO  impl.LeaderElection (LeaderElection.java:askForVotes(310)) - 1ae70e63-9738-4f7b-b13f-a5d5db090f9c@group-8943FEBBBAB0-LeaderElection5 ELECTION round 0: submit vote requests at term 1 for -1: [23c1664a-1022-4025-96e5-5155d23dedff|rpc:10.1.0.37:41659|priority:0, 1ae70e63-9738-4f7b-b13f-a5d5db090f9c|rpc:10.1.0.37:36723|priority:1, c9503bac-ef38-43e8-a353-bcf9ec6894fb|rpc:10.1.0.37:40601|priority:0], old=null
2022-08-04 23:29:55,422 [grpc-default-executor-1] INFO  server.RaftServer$Division (RaftServerImpl.java:requestVote(1152)) - c9503bac-ef38-43e8-a353-bcf9ec6894fb@group-8943FEBBBAB0: receive requestVote(ELECTION, 1ae70e63-9738-4f7b-b13f-a5d5db090f9c, group-8943FEBBBAB0, 1, (t:0, i:0))
2022-08-04 23:29:55,422 [grpc-default-executor-1] INFO  impl.VoteContext (VoteContext.java:log(48)) - c9503bac-ef38-43e8-a353-bcf9ec6894fb@group-8943FEBBBAB0-FOLLOWER: accept ELECTION from 1ae70e63-9738-4f7b-b13f-a5d5db090f9c: our priority 0 <= candidate's priority 1
2022-08-04 23:29:55,422 [grpc-default-executor-1] INFO  server.RaftServer$Division (RaftServerImpl.java:setRole(299)) - c9503bac-ef38-43e8-a353-bcf9ec6894fb@group-8943FEBBBAB0: changes role from  FOLLOWER to FOLLOWER at term 1 for candidate:1ae70e63-9738-4f7b-b13f-a5d5db090f9c
2022-08-04 23:29:55,422 [grpc-default-executor-1] INFO  impl.RoleInfo (RoleInfo.java:shutdownFollowerState(110)) - c9503bac-ef38-43e8-a353-bcf9ec6894fb: shutdown c9503bac-ef38-43e8-a353-bcf9ec6894fb@group-8943FEBBBAB0-FollowerState
2022-08-04 23:29:55,422 [grpc-default-executor-1] INFO  impl.RoleInfo (RoleInfo.java:updateAndGet(139)) - c9503bac-ef38-43e8-a353-bcf9ec6894fb: start c9503bac-ef38-43e8-a353-bcf9ec6894fb@group-8943FEBBBAB0-FollowerState
2022-08-04 23:29:55,422 [c9503bac-ef38-43e8-a353-bcf9ec6894fb@group-8943FEBBBAB0-FollowerState] INFO  impl.FollowerState (FollowerState.java:run(152)) - c9503bac-ef38-43e8-a353-bcf9ec6894fb@group-8943FEBBBAB0-FollowerState was interrupted
2022-08-04 23:29:55,429 [grpc-default-executor-1] INFO  server.RaftServer$Division (RaftServerImpl.java:requestVote(1184)) - c9503bac-ef38-43e8-a353-bcf9ec6894fb@group-8943FEBBBAB0 replies to ELECTION vote request: 1ae70e63-9738-4f7b-b13f-a5d5db090f9c<-c9503bac-ef38-43e8-a353-bcf9ec6894fb#0:OK-t1. Peer's state: c9503bac-ef38-43e8-a353-bcf9ec6894fb@group-8943FEBBBAB0:t1, leader=null, voted=1ae70e63-9738-4f7b-b13f-a5d5db090f9c, raftlog=c9503bac-ef38-43e8-a353-bcf9ec6894fb@group-8943FEBBBAB0-SegmentedRaftLog:OPENED:c-1, conf=-1: [23c1664a-1022-4025-96e5-5155d23dedff|rpc:10.1.0.37:41659|priority:0, 1ae70e63-9738-4f7b-b13f-a5d5db090f9c|rpc:10.1.0.37:36723|priority:1, c9503bac-ef38-43e8-a353-bcf9ec6894fb|rpc:10.1.0.37:40601|priority:0], old=null
2022-08-04 23:29:55,434 [1ae70e63-9738-4f7b-b13f-a5d5db090f9c@group-8943FEBBBAB0-LeaderElection5] INFO  impl.LeaderElection (LeaderElection.java:logAndReturn(90)) - 1ae70e63-9738-4f7b-b13f-a5d5db090f9c@group-8943FEBBBAB0-LeaderElection5: ELECTION PASSED received 1 response(s) and 0 exception(s):
2022-08-04 23:29:55,434 [1ae70e63-9738-4f7b-b13f-a5d5db090f9c@group-8943FEBBBAB0-LeaderElection5] INFO  impl.LeaderElection (LeaderElection.java:logAndReturn(94)) -   Response 0: 1ae70e63-9738-4f7b-b13f-a5d5db090f9c<-c9503bac-ef38-43e8-a353-bcf9ec6894fb#0:OK-t1
2022-08-04 23:29:55,434 [1ae70e63-9738-4f7b-b13f-a5d5db090f9c@group-8943FEBBBAB0-LeaderElection5] INFO  impl.LeaderElection (LeaderElection.java:askForVotes(312)) - 1ae70e63-9738-4f7b-b13f-a5d5db090f9c@group-8943FEBBBAB0-LeaderElection5 ELECTION round 0: result PASSED
2022-08-04 23:29:55,434 [1ae70e63-9738-4f7b-b13f-a5d5db090f9c@group-8943FEBBBAB0-LeaderElection5] INFO  impl.RoleInfo (RoleInfo.java:shutdownLeaderElection(130)) - 1ae70e63-9738-4f7b-b13f-a5d5db090f9c: shutdown 1ae70e63-9738-4f7b-b13f-a5d5db090f9c@group-8943FEBBBAB0-LeaderElection5
2022-08-04 23:29:55,434 [1ae70e63-9738-4f7b-b13f-a5d5db090f9c@group-8943FEBBBAB0-LeaderElection5] INFO  server.RaftServer$Division (RaftServerImpl.java:setRole(299)) - 1ae70e63-9738-4f7b-b13f-a5d5db090f9c@group-8943FEBBBAB0: changes role from CANDIDATE to LEADER at term 1 for changeToLeader
2022-08-04 23:29:55,434 [1ae70e63-9738-4f7b-b13f-a5d5db090f9c@group-8943FEBBBAB0-LeaderElection5] INFO  ratis.XceiverServerRatis (XceiverServerRatis.java:handleLeaderChangedNotification(863)) - Leader change notification received for group: group-8943FEBBBAB0 with new leaderId: 1ae70e63-9738-4f7b-b13f-a5d5db090f9c
2022-08-04 23:29:55,434 [1ae70e63-9738-4f7b-b13f-a5d5db090f9c@group-8943FEBBBAB0-LeaderElection5] INFO  server.RaftServer$Division (ServerState.java:setLeader(287)) - 1ae70e63-9738-4f7b-b13f-a5d5db090f9c@group-8943FEBBBAB0: change Leader from null to 1ae70e63-9738-4f7b-b13f-a5d5db090f9c at term 1 for becomeLeader, leader elected after 5125ms
2022-08-04 23:29:55,434 [1ae70e63-9738-4f7b-b13f-a5d5db090f9c@group-8943FEBBBAB0-LeaderElection5] INFO  server.RaftServerConfigKeys (ConfUtils.java:logGet(46)) - raft.server.staging.catchup.gap = 1000 (default)
2022-08-04 23:29:55,434 [1ae70e63-9738-4f7b-b13f-a5d5db090f9c@group-8943FEBBBAB0-LeaderElection5] INFO  server.RaftServerConfigKeys (ConfUtils.java:logGet(46)) - raft.server.write.element-limit = 1024 (custom)
2022-08-04 23:29:55,434 [1ae70e63-9738-4f7b-b13f-a5d5db090f9c@group-8943FEBBBAB0-LeaderElection5] INFO  server.RaftServerConfigKeys (ConfUtils.java:logGet(46)) - raft.server.write.byte-limit = 1024 M (=1073741824) (custom)
2022-08-04 23:29:55,435 [1ae70e63-9738-4f7b-b13f-a5d5db090f9c@group-8943FEBBBAB0-LeaderElection5] INFO  server.RaftServerConfigKeys (ConfUtils.java:logGet(46)) - raft.server.watch.timeout = 180s (custom)
2022-08-04 23:29:55,435 [1ae70e63-9738-4f7b-b13f-a5d5db090f9c@group-8943FEBBBAB0-LeaderElection5] INFO  server.RaftServerConfigKeys (ConfUtils.java:logGet(46)) - raft.server.watch.timeout.denomination = 1s (default)
2022-08-04 23:29:55,435 [1ae70e63-9738-4f7b-b13f-a5d5db090f9c@group-8943FEBBBAB0-LeaderElection5] INFO  server.RaftServerConfigKeys (ConfUtils.java:logGet(46)) - raft.server.watch.element-limit = 65536 (default)
2022-08-04 23:29:55,435 [1ae70e63-9738-4f7b-b13f-a5d5db090f9c@group-8943FEBBBAB0-LeaderElection5] INFO  server.RaftServerConfigKeys (ConfUtils.java:logGet(46)) - raft.server.write.element-limit = 1024 (custom)
2022-08-04 23:29:55,435 [1ae70e63-9738-4f7b-b13f-a5d5db090f9c@group-8943FEBBBAB0-LeaderElection5] INFO  server.RaftServerConfigKeys (ConfUtils.java:logGet(46)) - raft.server.write.follower.gap.ratio.max = -1.0 (default)
2022-08-04 23:29:55,436 [grpc-default-executor-0] INFO  server.RaftServer$Division (RaftServerImpl.java:requestVote(1152)) - 23c1664a-1022-4025-96e5-5155d23dedff@group-8943FEBBBAB0: receive requestVote(ELECTION, 1ae70e63-9738-4f7b-b13f-a5d5db090f9c, group-8943FEBBBAB0, 1, (t:0, i:0))
2022-08-04 23:29:55,437 [grpc-default-executor-0] INFO  impl.VoteContext (VoteContext.java:log(48)) - 23c1664a-1022-4025-96e5-5155d23dedff@group-8943FEBBBAB0-FOLLOWER: accept ELECTION from 1ae70e63-9738-4f7b-b13f-a5d5db090f9c: our priority 0 <= candidate's priority 1
2022-08-04 23:29:55,437 [grpc-default-executor-0] INFO  server.RaftServer$Division (RaftServerImpl.java:setRole(299)) - 23c1664a-1022-4025-96e5-5155d23dedff@group-8943FEBBBAB0: changes role from  FOLLOWER to FOLLOWER at term 1 for candidate:1ae70e63-9738-4f7b-b13f-a5d5db090f9c
2022-08-04 23:29:55,437 [grpc-default-executor-0] INFO  impl.RoleInfo (RoleInfo.java:shutdownFollowerState(110)) - 23c1664a-1022-4025-96e5-5155d23dedff: shutdown 23c1664a-1022-4025-96e5-5155d23dedff@group-8943FEBBBAB0-FollowerState
2022-08-04 23:29:55,437 [grpc-default-executor-0] INFO  impl.RoleInfo (RoleInfo.java:updateAndGet(139)) - 23c1664a-1022-4025-96e5-5155d23dedff: start 23c1664a-1022-4025-96e5-5155d23dedff@group-8943FEBBBAB0-FollowerState
2022-08-04 23:29:55,438 [23c1664a-1022-4025-96e5-5155d23dedff@group-8943FEBBBAB0-FollowerState] INFO  impl.FollowerState (FollowerState.java:run(152)) - 23c1664a-1022-4025-96e5-5155d23dedff@group-8943FEBBBAB0-FollowerState was interrupted
2022-08-04 23:29:55,439 [grpc-default-executor-0] INFO  server.RaftServer$Division (RaftServerImpl.java:requestVote(1184)) - 23c1664a-1022-4025-96e5-5155d23dedff@group-8943FEBBBAB0 replies to ELECTION vote request: 1ae70e63-9738-4f7b-b13f-a5d5db090f9c<-23c1664a-1022-4025-96e5-5155d23dedff#0:OK-t1. Peer's state: 23c1664a-1022-4025-96e5-5155d23dedff@group-8943FEBBBAB0:t1, leader=null, voted=1ae70e63-9738-4f7b-b13f-a5d5db090f9c, raftlog=23c1664a-1022-4025-96e5-5155d23dedff@group-8943FEBBBAB0-SegmentedRaftLog:OPENED:c-1, conf=-1: [23c1664a-1022-4025-96e5-5155d23dedff|rpc:10.1.0.37:41659|dataStream:|priority:0, 1ae70e63-9738-4f7b-b13f-a5d5db090f9c|rpc:10.1.0.37:36723|dataStream:|priority:1, c9503bac-ef38-43e8-a353-bcf9ec6894fb|rpc:10.1.0.37:40601|dataStream:|priority:0], old=null
2022-08-04 23:29:55,442 [EventQueue-PipelineReportForPipelineReportHandler] INFO  pipeline.PipelineManagerImpl (PipelineManagerImpl.java:openPipeline(367)) - Pipeline Pipeline[ Id: d75d2d2e-4cd5-4cbc-9b06-8943febbbab0, Nodes: 23c1664a-1022-4025-96e5-5155d23dedff{ip: 10.1.0.37, host: fv-az241-597.bb25ywkzvhnelkltyshw0e441e.jx.internal.cloudapp.net, ports: [REPLICATION=42777, RATIS=41659, RATIS_ADMIN=41659, RATIS_SERVER=41659, STANDALONE=39855], networkLocation: /default-rack, certSerialId: null, persistedOpState: IN_SERVICE, persistedOpStateExpiryEpochSec: 0}1ae70e63-9738-4f7b-b13f-a5d5db090f9c{ip: 10.1.0.37, host: fv-az241-597.bb25ywkzvhnelkltyshw0e441e.jx.internal.cloudapp.net, ports: [REPLICATION=37865, RATIS=36723, RATIS_ADMIN=36723, RATIS_SERVER=36723, STANDALONE=44345], networkLocation: /default-rack, certSerialId: null, persistedOpState: IN_SERVICE, persistedOpStateExpiryEpochSec: 0}c9503bac-ef38-43e8-a353-bcf9ec6894fb{ip: 10.1.0.37, host: fv-az241-597.bb25ywkzvhnelkltyshw0e441e.jx.internal.cloudapp.net, ports: [REPLICATION=37213, RATIS=40601, RATIS_ADMIN=40601, RATIS_SERVER=40601, STANDALONE=34285], networkLocation: /default-rack, certSerialId: null, persistedOpState: IN_SERVICE, persistedOpStateExpiryEpochSec: 0}, ReplicationConfig: RATIS/THREE, State:ALLOCATED, leaderId:1ae70e63-9738-4f7b-b13f-a5d5db090f9c, CreationTimestamp2022-08-04T23:29:47.404Z[Etc/UTC]] moved to OPEN state
2022-08-04 23:29:55,443 [EventQueue-OpenPipelineForHealthyPipelineSafeModeRule] INFO  safemode.SCMSafeModeManager (HealthyPipelineSafeModeRule.java:process(137)) - SCM in safe mode. Healthy pipelines reported count is 0, required healthy pipeline reported count is 1
2022-08-04 23:29:55,443 [EventQueue-OpenPipelineForHealthyPipelineSafeModeRule] INFO  safemode.SCMSafeModeManager (HealthyPipelineSafeModeRule.java:process(137)) - SCM in safe mode. Healthy pipelines reported count is 1, required healthy pipeline reported count is 1
2022-08-04 23:29:55,443 [EventQueue-OpenPipelineForHealthyPipelineSafeModeRule] INFO  safemode.SCMSafeModeManager (SCMSafeModeManager.java:validateSafeModeExitRules(204)) - HealthyPipelineSafeModeRule rule is successfully validated
2022-08-04 23:29:55,443 [EventQueue-OpenPipelineForHealthyPipelineSafeModeRule] INFO  safemode.SCMSafeModeManager (SCMSafeModeManager.java:validateSafeModeExitRules(219)) - ScmSafeModeManager, all rules are successfully validated
2022-08-04 23:29:55,443 [EventQueue-OpenPipelineForHealthyPipelineSafeModeRule] INFO  safemode.SCMSafeModeManager (SCMSafeModeManager.java:exitSafeMode(248)) - SCM exiting safe mode.
2022-08-04 23:29:55,443 [EventQueue-OpenPipelineForHealthyPipelineSafeModeRule] WARN  events.EventQueue (EventQueue.java:fireEvent(216)) - No event handler registered for event TypedEvent{payloadType=SafeModeStatus, name='Safe mode status'}
2022-08-04 23:29:55,443 [EventQueue-OpenPipelineForHealthyPipelineSafeModeRule] INFO  ha.SCMContext (SCMContext.java:updateSafeModeStatus(228)) - Update SafeModeStatus from SafeModeStatus{safeModeStatus=true, preCheckPassed=true} to SafeModeStatus{safeModeStatus=false, preCheckPassed=true}.
2022-08-04 23:29:55,443 [EventQueue-OpenPipelineForHealthyPipelineSafeModeRule] INFO  pipeline.BackgroundPipelineCreator (BackgroundPipelineCreator.java:notifyStatusChanged(254)) - Service BackgroundPipelineCreator transitions to RUNNING.
2022-08-04 23:29:55,444 [EventQueue-OpenPipelineForHealthyPipelineSafeModeRule] INFO  BackgroundPipelineScrubber (BackgroundSCMService.java:notifyStatusChanged(82)) - Service BackgroundPipelineScrubber transitions to RUNNING.
2022-08-04 23:29:55,444 [EventQueue-OpenPipelineForHealthyPipelineSafeModeRule] INFO  ExpiredContainerReplicaOpScrubber (BackgroundSCMService.java:notifyStatusChanged(82)) - Service ExpiredContainerReplicaOpScrubber transitions to RUNNING.
2022-08-04 23:29:55,444 [EventQueue-OpenPipelineForHealthyPipelineSafeModeRule] INFO  UnderReplicatedQueueThread (BackgroundSCMService.java:notifyStatusChanged(82)) - Service UnderReplicatedQueueThread transitions to RUNNING.
2022-08-04 23:29:55,444 [EventQueue-OpenPipelineForHealthyPipelineSafeModeRule] INFO  OverReplicatedQueueThread (BackgroundSCMService.java:notifyStatusChanged(82)) - Service OverReplicatedQueueThread transitions to RUNNING.
2022-08-04 23:29:55,444 [EventQueue-OpenPipelineForHealthyPipelineSafeModeRule] INFO  replication.ReplicationManager (ReplicationManager.java:notifyStatusChanged(642)) - Service ReplicationManager transitions to RUNNING.
2022-08-04 23:29:55,444 [EventQueue-OpenPipelineForHealthyPipelineSafeModeRule] WARN  balancer.ContainerBalancer (ContainerBalancer.java:shouldRun(904)) - Could not find persisted configuration for ContainerBalancer when checking if ContainerBalancer should run. ContainerBalancer should not run now.
2022-08-04 23:29:55,452 [1ae70e63-9738-4f7b-b13f-a5d5db090f9c@group-8943FEBBBAB0-LeaderElection5] INFO  server.RaftServerConfigKeys (ConfUtils.java:logGet(46)) - raft.server.log.appender.snapshot.chunk.size.max = 16MB (=16777216) (default)
2022-08-04 23:29:55,453 [1ae70e63-9738-4f7b-b13f-a5d5db090f9c@group-8943FEBBBAB0-LeaderElection5] INFO  server.RaftServerConfigKeys (ConfUtils.java:logGet(46)) - raft.server.log.appender.buffer.byte-limit = 33554432 (custom)
2022-08-04 23:29:55,453 [1ae70e63-9738-4f7b-b13f-a5d5db090f9c@group-8943FEBBBAB0-LeaderElection5] INFO  server.RaftServerConfigKeys (ConfUtils.java:logGet(46)) - raft.server.log.appender.buffer.element-limit = 1 (custom)
2022-08-04 23:29:55,455 [1ae70e63-9738-4f7b-b13f-a5d5db090f9c@group-8943FEBBBAB0-LeaderElection5] INFO  grpc.GrpcConfigKeys (ConfUtils.java:logGet(46)) - raft.grpc.server.leader.outstanding.appends.max = 128 (default)
2022-08-04 23:29:55,455 [1ae70e63-9738-4f7b-b13f-a5d5db090f9c@group-8943FEBBBAB0-LeaderElection5] INFO  server.RaftServerConfigKeys (ConfUtils.java:logGet(46)) - raft.server.rpc.request.timeout = 60s (custom)
2022-08-04 23:29:55,455 [1ae70e63-9738-4f7b-b13f-a5d5db090f9c@group-8943FEBBBAB0-LeaderElection5] INFO  server.RaftServerConfigKeys (ConfUtils.java:logGet(46)) - raft.server.log.appender.install.snapshot.enabled = false (custom)
2022-08-04 23:29:55,457 [1ae70e63-9738-4f7b-b13f-a5d5db090f9c@group-8943FEBBBAB0-LeaderElection5] INFO  server.RaftServerConfigKeys (ConfUtils.java:logGet(46)) - raft.server.log.appender.snapshot.chunk.size.max = 16MB (=16777216) (default)
2022-08-04 23:29:55,457 [1ae70e63-9738-4f7b-b13f-a5d5db090f9c@group-8943FEBBBAB0-LeaderElection5] INFO  server.RaftServerConfigKeys (ConfUtils.java:logGet(46)) - raft.server.log.appender.buffer.byte-limit = 33554432 (custom)
2022-08-04 23:29:55,457 [1ae70e63-9738-4f7b-b13f-a5d5db090f9c@group-8943FEBBBAB0-LeaderElection5] INFO  server.RaftServerConfigKeys (ConfUtils.java:logGet(46)) - raft.server.log.appender.buffer.element-limit = 1 (custom)
2022-08-04 23:29:55,457 [1ae70e63-9738-4f7b-b13f-a5d5db090f9c@group-8943FEBBBAB0-LeaderElection5] INFO  grpc.GrpcConfigKeys (ConfUtils.java:logGet(46)) - raft.grpc.server.leader.outstanding.appends.max = 128 (default)
2022-08-04 23:29:55,457 [1ae70e63-9738-4f7b-b13f-a5d5db090f9c@group-8943FEBBBAB0-LeaderElection5] INFO  server.RaftServerConfigKeys (ConfUtils.java:logGet(46)) - raft.server.rpc.request.timeout = 60s (custom)
2022-08-04 23:29:55,457 [1ae70e63-9738-4f7b-b13f-a5d5db090f9c@group-8943FEBBBAB0-LeaderElection5] INFO  server.RaftServerConfigKeys (ConfUtils.java:logGet(46)) - raft.server.log.appender.install.snapshot.enabled = false (custom)
2022-08-04 23:29:55,458 [1ae70e63-9738-4f7b-b13f-a5d5db090f9c@group-8943FEBBBAB0-LeaderElection5] INFO  impl.RoleInfo (RoleInfo.java:updateAndGet(139)) - 1ae70e63-9738-4f7b-b13f-a5d5db090f9c: start 1ae70e63-9738-4f7b-b13f-a5d5db090f9c@group-8943FEBBBAB0-LeaderStateImpl
2022-08-04 23:29:55,458 [1ae70e63-9738-4f7b-b13f-a5d5db090f9c@group-8943FEBBBAB0-LeaderElection5] INFO  segmented.SegmentedRaftLogWorker (SegmentedRaftLogWorker.java:startLogSegment(425)) - 1ae70e63-9738-4f7b-b13f-a5d5db090f9c@group-8943FEBBBAB0-SegmentedRaftLogWorker: Starting segment from index:0
2022-08-04 23:29:55,461 [1ae70e63-9738-4f7b-b13f-a5d5db090f9c@group-8943FEBBBAB0-SegmentedRaftLogWorker] INFO  segmented.SegmentedRaftLogWorker (SegmentedRaftLogWorker.java:execute(629)) - 1ae70e63-9738-4f7b-b13f-a5d5db090f9c@group-8943FEBBBAB0-SegmentedRaftLogWorker: created new log segment /home/runner/work/ozone/ozone/hadoop-ozone/integration-test/target/test-dir/MiniOzoneClusterImpl-9f329032-b852-4d71-b4c8-c146519b003b/datanode-0/data/ratis/d75d2d2e-4cd5-4cbc-9b06-8943febbbab0/current/log_inprogress_0
2022-08-04 23:29:55,469 [1ae70e63-9738-4f7b-b13f-a5d5db090f9c@group-8943FEBBBAB0-LeaderElection5] INFO  server.RaftServer$Division (ServerState.java:setRaftConf(393)) - 1ae70e63-9738-4f7b-b13f-a5d5db090f9c@group-8943FEBBBAB0: set configuration 0: [23c1664a-1022-4025-96e5-5155d23dedff|rpc:10.1.0.37:41659|dataStream:|priority:0, 1ae70e63-9738-4f7b-b13f-a5d5db090f9c|rpc:10.1.0.37:36723|dataStream:|priority:1, c9503bac-ef38-43e8-a353-bcf9ec6894fb|rpc:10.1.0.37:40601|dataStream:|priority:0], old=null
2022-08-04 23:29:55,479 [23c1664a-1022-4025-96e5-5155d23dedff@group-7CFA6DD125B3-FollowerState] INFO  impl.FollowerState (FollowerState.java:run(143)) - 23c1664a-1022-4025-96e5-5155d23dedff@group-7CFA6DD125B3-FollowerState: change to CANDIDATE, lastRpcElapsedTime:5070919967ns, electionTimeout:5070ms
2022-08-04 23:29:55,480 [23c1664a-1022-4025-96e5-5155d23dedff@group-7CFA6DD125B3-FollowerState] INFO  impl.RoleInfo (RoleInfo.java:shutdownFollowerState(110)) - 23c1664a-1022-4025-96e5-5155d23dedff: shutdown 23c1664a-1022-4025-96e5-5155d23dedff@group-7CFA6DD125B3-FollowerState
2022-08-04 23:29:55,480 [23c1664a-1022-4025-96e5-5155d23dedff@group-7CFA6DD125B3-FollowerState] INFO  server.RaftServer$Division (RaftServerImpl.java:setRole(299)) - 23c1664a-1022-4025-96e5-5155d23dedff@group-7CFA6DD125B3: changes role from  FOLLOWER to CANDIDATE at term 0 for changeToCandidate
2022-08-04 23:29:55,480 [23c1664a-1022-4025-96e5-5155d23dedff@group-7CFA6DD125B3-FollowerState] INFO  server.RaftServerConfigKeys (ConfUtils.java:logGet(46)) - raft.server.leaderelection.pre-vote = false (custom)
2022-08-04 23:29:55,480 [23c1664a-1022-4025-96e5-5155d23dedff@group-7CFA6DD125B3-FollowerState] INFO  impl.RoleInfo (RoleInfo.java:updateAndGet(139)) - 23c1664a-1022-4025-96e5-5155d23dedff: start 23c1664a-1022-4025-96e5-5155d23dedff@group-7CFA6DD125B3-LeaderElection6
2022-08-04 23:29:55,486 [23c1664a-1022-4025-96e5-5155d23dedff@group-7CFA6DD125B3-LeaderElection6] INFO  impl.LeaderElection (LeaderElection.java:askForVotes(310)) - 23c1664a-1022-4025-96e5-5155d23dedff@group-7CFA6DD125B3-LeaderElection6 ELECTION round 0: submit vote requests at term 1 for -1: [23c1664a-1022-4025-96e5-5155d23dedff|rpc:10.1.0.37:41659|priority:1], old=null
2022-08-04 23:29:55,489 [23c1664a-1022-4025-96e5-5155d23dedff@group-7CFA6DD125B3-LeaderElection6] INFO  impl.LeaderElection (LeaderElection.java:askForVotes(312)) - 23c1664a-1022-4025-96e5-5155d23dedff@group-7CFA6DD125B3-LeaderElection6 ELECTION round 0: result PASSED (term=1)
2022-08-04 23:29:55,490 [23c1664a-1022-4025-96e5-5155d23dedff@group-7CFA6DD125B3-LeaderElection6] INFO  impl.RoleInfo (RoleInfo.java:shutdownLeaderElection(130)) - 23c1664a-1022-4025-96e5-5155d23dedff: shutdown 23c1664a-1022-4025-96e5-5155d23dedff@group-7CFA6DD125B3-LeaderElection6
2022-08-04 23:29:55,490 [23c1664a-1022-4025-96e5-5155d23dedff@group-7CFA6DD125B3-LeaderElection6] INFO  server.RaftServer$Division (RaftServerImpl.java:setRole(299)) - 23c1664a-1022-4025-96e5-5155d23dedff@group-7CFA6DD125B3: changes role from CANDIDATE to LEADER at term 1 for changeToLeader
2022-08-04 23:29:55,490 [23c1664a-1022-4025-96e5-5155d23dedff@group-7CFA6DD125B3-LeaderElection6] INFO  ratis.XceiverServerRatis (XceiverServerRatis.java:handleLeaderChangedNotification(863)) - Leader change notification received for group: group-7CFA6DD125B3 with new leaderId: 23c1664a-1022-4025-96e5-5155d23dedff
2022-08-04 23:29:55,492 [23c1664a-1022-4025-96e5-5155d23dedff@group-7CFA6DD125B3-LeaderElection6] INFO  server.RaftServer$Division (ServerState.java:setLeader(287)) - 23c1664a-1022-4025-96e5-5155d23dedff@group-7CFA6DD125B3: change Leader from null to 23c1664a-1022-4025-96e5-5155d23dedff at term 1 for becomeLeader, leader elected after 5086ms
2022-08-04 23:29:55,492 [23c1664a-1022-4025-96e5-5155d23dedff@group-7CFA6DD125B3-LeaderElection6] INFO  server.RaftServerConfigKeys (ConfUtils.java:logGet(46)) - raft.server.staging.catchup.gap = 1000 (default)
2022-08-04 23:29:55,492 [23c1664a-1022-4025-96e5-5155d23dedff@group-7CFA6DD125B3-LeaderElection6] INFO  server.RaftServerConfigKeys (ConfUtils.java:logGet(46)) - raft.server.write.element-limit = 1024 (custom)
2022-08-04 23:29:55,492 [23c1664a-1022-4025-96e5-5155d23dedff@group-7CFA6DD125B3-LeaderElection6] INFO  server.RaftServerConfigKeys (ConfUtils.java:logGet(46)) - raft.server.write.byte-limit = 1024 M (=1073741824) (custom)
2022-08-04 23:29:55,492 [23c1664a-1022-4025-96e5-5155d23dedff@group-7CFA6DD125B3-LeaderElection6] INFO  server.RaftServerConfigKeys (ConfUtils.java:logGet(46)) - raft.server.watch.timeout = 180s (custom)
2022-08-04 23:29:55,492 [23c1664a-1022-4025-96e5-5155d23dedff@group-7CFA6DD125B3-LeaderElection6] INFO  server.RaftServerConfigKeys (ConfUtils.java:logGet(46)) - raft.server.watch.timeout.denomination = 1s (default)
2022-08-04 23:29:55,492 [23c1664a-1022-4025-96e5-5155d23dedff@group-7CFA6DD125B3-LeaderElection6] INFO  server.RaftServerConfigKeys (ConfUtils.java:logGet(46)) - raft.server.watch.element-limit = 65536 (default)
2022-08-04 23:29:55,492 [23c1664a-1022-4025-96e5-5155d23dedff@group-7CFA6DD125B3-LeaderElection6] INFO  server.RaftServerConfigKeys (ConfUtils.java:logGet(46)) - raft.server.write.element-limit = 1024 (custom)
2022-08-04 23:29:55,492 [23c1664a-1022-4025-96e5-5155d23dedff@group-7CFA6DD125B3-LeaderElection6] INFO  server.RaftServerConfigKeys (ConfUtils.java:logGet(46)) - raft.server.write.follower.gap.ratio.max = -1.0 (default)
2022-08-04 23:29:55,493 [23c1664a-1022-4025-96e5-5155d23dedff@group-7CFA6DD125B3-LeaderElection6] INFO  impl.RoleInfo (RoleInfo.java:updateAndGet(139)) - 23c1664a-1022-4025-96e5-5155d23dedff: start 23c1664a-1022-4025-96e5-5155d23dedff@group-7CFA6DD125B3-LeaderStateImpl
2022-08-04 23:29:55,494 [23c1664a-1022-4025-96e5-5155d23dedff@group-7CFA6DD125B3-LeaderElection6] INFO  segmented.SegmentedRaftLogWorker (SegmentedRaftLogWorker.java:startLogSegment(425)) - 23c1664a-1022-4025-96e5-5155d23dedff@group-7CFA6DD125B3-SegmentedRaftLogWorker: Starting segment from index:0
2022-08-04 23:29:55,497 [23c1664a-1022-4025-96e5-5155d23dedff@group-7CFA6DD125B3-SegmentedRaftLogWorker] INFO  segmented.SegmentedRaftLogWorker (SegmentedRaftLogWorker.java:execute(629)) - 23c1664a-1022-4025-96e5-5155d23dedff@group-7CFA6DD125B3-SegmentedRaftLogWorker: created new log segment /home/runner/work/ozone/ozone/hadoop-ozone/integration-test/target/test-dir/MiniOzoneClusterImpl-9f329032-b852-4d71-b4c8-c146519b003b/datanode-2/data/ratis/92f6e737-6964-4bbc-98dd-7cfa6dd125b3/current/log_inprogress_0
2022-08-04 23:29:55,505 [23c1664a-1022-4025-96e5-5155d23dedff-server-thread1] INFO  ratis.XceiverServerRatis (XceiverServerRatis.java:handleLeaderChangedNotification(863)) - Leader change notification received for group: group-8943FEBBBAB0 with new leaderId: 1ae70e63-9738-4f7b-b13f-a5d5db090f9c
2022-08-04 23:29:55,505 [23c1664a-1022-4025-96e5-5155d23dedff-server-thread1] INFO  server.RaftServer$Division (ServerState.java:setLeader(287)) - 23c1664a-1022-4025-96e5-5155d23dedff@group-8943FEBBBAB0: change Leader from null to 1ae70e63-9738-4f7b-b13f-a5d5db090f9c at term 1 for appendEntries, leader elected after 5152ms
2022-08-04 23:29:55,506 [23c1664a-1022-4025-96e5-5155d23dedff@group-7CFA6DD125B3-LeaderElection6] INFO  server.RaftServer$Division (ServerState.java:setRaftConf(393)) - 23c1664a-1022-4025-96e5-5155d23dedff@group-7CFA6DD125B3: set configuration 0: [23c1664a-1022-4025-96e5-5155d23dedff|rpc:10.1.0.37:41659|dataStream:|priority:1], old=null
2022-08-04 23:29:55,511 [23c1664a-1022-4025-96e5-5155d23dedff-server-thread1] INFO  server.RaftServer$Division (ServerState.java:setRaftConf(393)) - 23c1664a-1022-4025-96e5-5155d23dedff@group-8943FEBBBAB0: set configuration 0: [23c1664a-1022-4025-96e5-5155d23dedff|rpc:10.1.0.37:41659|dataStream:|priority:0, 1ae70e63-9738-4f7b-b13f-a5d5db090f9c|rpc:10.1.0.37:36723|dataStream:|priority:1, c9503bac-ef38-43e8-a353-bcf9ec6894fb|rpc:10.1.0.37:40601|dataStream:|priority:0], old=null
2022-08-04 23:29:55,511 [23c1664a-1022-4025-96e5-5155d23dedff-server-thread1] INFO  segmented.SegmentedRaftLogWorker (SegmentedRaftLogWorker.java:startLogSegment(425)) - 23c1664a-1022-4025-96e5-5155d23dedff@group-8943FEBBBAB0-SegmentedRaftLogWorker: Starting segment from index:0
2022-08-04 23:29:55,513 [23c1664a-1022-4025-96e5-5155d23dedff@group-8943FEBBBAB0-SegmentedRaftLogWorker] INFO  segmented.SegmentedRaftLogWorker (SegmentedRaftLogWorker.java:execute(629)) - 23c1664a-1022-4025-96e5-5155d23dedff@group-8943FEBBBAB0-SegmentedRaftLogWorker: created new log segment /home/runner/work/ozone/ozone/hadoop-ozone/integration-test/target/test-dir/MiniOzoneClusterImpl-9f329032-b852-4d71-b4c8-c146519b003b/datanode-2/data/ratis/d75d2d2e-4cd5-4cbc-9b06-8943febbbab0/current/log_inprogress_0
2022-08-04 23:29:55,526 [c9503bac-ef38-43e8-a353-bcf9ec6894fb-server-thread1] INFO  ratis.XceiverServerRatis (XceiverServerRatis.java:handleLeaderChangedNotification(863)) - Leader change notification received for group: group-8943FEBBBAB0 with new leaderId: 1ae70e63-9738-4f7b-b13f-a5d5db090f9c
2022-08-04 23:29:55,526 [c9503bac-ef38-43e8-a353-bcf9ec6894fb-server-thread1] INFO  server.RaftServer$Division (ServerState.java:setLeader(287)) - c9503bac-ef38-43e8-a353-bcf9ec6894fb@group-8943FEBBBAB0: change Leader from null to 1ae70e63-9738-4f7b-b13f-a5d5db090f9c at term 1 for appendEntries, leader elected after 5223ms
2022-08-04 23:29:55,529 [c9503bac-ef38-43e8-a353-bcf9ec6894fb-server-thread2] INFO  server.RaftServer$Division (ServerState.java:setRaftConf(393)) - c9503bac-ef38-43e8-a353-bcf9ec6894fb@group-8943FEBBBAB0: set configuration 0: [23c1664a-1022-4025-96e5-5155d23dedff|rpc:10.1.0.37:41659|dataStream:|priority:0, 1ae70e63-9738-4f7b-b13f-a5d5db090f9c|rpc:10.1.0.37:36723|dataStream:|priority:1, c9503bac-ef38-43e8-a353-bcf9ec6894fb|rpc:10.1.0.37:40601|dataStream:|priority:0], old=null
2022-08-04 23:29:55,529 [c9503bac-ef38-43e8-a353-bcf9ec6894fb-server-thread2] INFO  segmented.SegmentedRaftLogWorker (SegmentedRaftLogWorker.java:startLogSegment(425)) - c9503bac-ef38-43e8-a353-bcf9ec6894fb@group-8943FEBBBAB0-SegmentedRaftLogWorker: Starting segment from index:0
2022-08-04 23:29:55,530 [c9503bac-ef38-43e8-a353-bcf9ec6894fb@group-8943FEBBBAB0-SegmentedRaftLogWorker] INFO  segmented.SegmentedRaftLogWorker (SegmentedRaftLogWorker.java:execute(629)) - c9503bac-ef38-43e8-a353-bcf9ec6894fb@group-8943FEBBBAB0-SegmentedRaftLogWorker: created new log segment /home/runner/work/ozone/ozone/hadoop-ozone/integration-test/target/test-dir/MiniOzoneClusterImpl-9f329032-b852-4d71-b4c8-c146519b003b/datanode-1/data/ratis/d75d2d2e-4cd5-4cbc-9b06-8943febbbab0/current/log_inprogress_0
2022-08-04 23:29:56,393 [Listener at 127.0.0.1/41765] INFO  ozone.MiniOzoneClusterImpl (MiniOzoneClusterImpl.java:lambda$waitForClusterToBeReady$0(216)) - Nodes are ready. Got 3 of 3 DN Heartbeats.
2022-08-04 23:29:56,393 [Listener at 127.0.0.1/41765] INFO  ozone.MiniOzoneClusterImpl (MiniOzoneClusterImpl.java:lambda$waitForClusterToBeReady$0(219)) - Cluster exits safe mode
2022-08-04 23:29:56,393 [Listener at 127.0.0.1/41765] INFO  ozone.MiniOzoneClusterImpl (MiniOzoneClusterImpl.java:lambda$waitForClusterToBeReady$0(221)) - SCM became leader
]]></system-out>
    <rerunFailure type="java.lang.AssertionError">
      <stackTrace><![CDATA[java.lang.AssertionError
	at org.junit.Assert.fail(Assert.java:87)
	at org.junit.Assert.assertTrue(Assert.java:42)
	at org.junit.Assert.assertTrue(Assert.java:53)
	at org.apache.hadoop.hdds.scm.TestRatisPipelineLeader.testLeaderIdAfterLeaderChange(TestRatisPipelineLeader.java:119)
	at sun.reflect.NativeMethodAccessorImpl.invoke0(Native Method)
	at sun.reflect.NativeMethodAccessorImpl.invoke(NativeMethodAccessorImpl.java:62)
	at sun.reflect.DelegatingMethodAccessorImpl.invoke(DelegatingMethodAccessorImpl.java:43)
	at java.lang.reflect.Method.invoke(Method.java:498)
	at org.junit.platform.commons.util.ReflectionUtils.invokeMethod(ReflectionUtils.java:725)
	at org.junit.jupiter.engine.execution.MethodInvocation.proceed(MethodInvocation.java:60)
	at org.junit.jupiter.engine.execution.InvocationInterceptorChain$ValidatingInvocation.proceed(InvocationInterceptorChain.java:131)
	at org.junit.jupiter.engine.extension.TimeoutInvocation.proceed(TimeoutInvocation.java:46)
	at org.junit.jupiter.engine.extension.TimeoutExtension.intercept(TimeoutExtension.java:149)
	at org.junit.jupiter.engine.extension.TimeoutExtension.interceptTestableMethod(TimeoutExtension.java:140)
	at org.junit.jupiter.engine.extension.TimeoutExtension.interceptTestMethod(TimeoutExtension.java:84)
	at org.junit.jupiter.engine.execution.ExecutableInvoker$ReflectiveInterceptorCall.lambda$ofVoidMethod$0(ExecutableInvoker.java:115)
	at org.junit.jupiter.engine.execution.ExecutableInvoker.lambda$invoke$0(ExecutableInvoker.java:105)
	at org.junit.jupiter.engine.execution.InvocationInterceptorChain$InterceptedInvocation.proceed(InvocationInterceptorChain.java:106)
	at org.junit.jupiter.engine.execution.InvocationInterceptorChain.proceed(InvocationInterceptorChain.java:64)
	at org.junit.jupiter.engine.execution.InvocationInterceptorChain.chainAndInvoke(InvocationInterceptorChain.java:45)
	at org.junit.jupiter.engine.execution.InvocationInterceptorChain.invoke(InvocationInterceptorChain.java:37)
	at org.junit.jupiter.engine.execution.ExecutableInvoker.invoke(ExecutableInvoker.java:104)
	at org.junit.jupiter.engine.execution.ExecutableInvoker.invoke(ExecutableInvoker.java:98)
	at org.junit.jupiter.engine.descriptor.TestMethodTestDescriptor.lambda$invokeTestMethod$7(TestMethodTestDescriptor.java:214)
	at org.junit.platform.engine.support.hierarchical.ThrowableCollector.execute(ThrowableCollector.java:73)
	at org.junit.jupiter.engine.descriptor.TestMethodTestDescriptor.invokeTestMethod(TestMethodTestDescriptor.java:210)
	at org.junit.jupiter.engine.descriptor.TestMethodTestDescriptor.execute(TestMethodTestDescriptor.java:135)
	at org.junit.jupiter.engine.descriptor.TestMethodTestDescriptor.execute(TestMethodTestDescriptor.java:66)
	at org.junit.platform.engine.support.hierarchical.NodeTestTask.lambda$executeRecursively$6(NodeTestTask.java:151)
	at org.junit.platform.engine.support.hierarchical.ThrowableCollector.execute(ThrowableCollector.java:73)
	at org.junit.platform.engine.support.hierarchical.NodeTestTask.lambda$executeRecursively$8(NodeTestTask.java:141)
	at org.junit.platform.engine.support.hierarchical.Node.around(Node.java:137)
	at org.junit.platform.engine.support.hierarchical.NodeTestTask.lambda$executeRecursively$9(NodeTestTask.java:139)
	at org.junit.platform.engine.support.hierarchical.ThrowableCollector.execute(ThrowableCollector.java:73)
	at org.junit.platform.engine.support.hierarchical.NodeTestTask.executeRecursively(NodeTestTask.java:138)
	at org.junit.platform.engine.support.hierarchical.NodeTestTask.execute(NodeTestTask.java:95)
	at java.util.ArrayList.forEach(ArrayList.java:1259)
	at org.junit.platform.engine.support.hierarchical.SameThreadHierarchicalTestExecutorService.invokeAll(SameThreadHierarchicalTestExecutorService.java:41)
	at org.junit.platform.engine.support.hierarchical.NodeTestTask.lambda$executeRecursively$6(NodeTestTask.java:155)
	at org.junit.platform.engine.support.hierarchical.ThrowableCollector.execute(ThrowableCollector.java:73)
	at org.junit.platform.engine.support.hierarchical.NodeTestTask.lambda$executeRecursively$8(NodeTestTask.java:141)
	at org.junit.platform.engine.support.hierarchical.Node.around(Node.java:137)
	at org.junit.platform.engine.support.hierarchical.NodeTestTask.lambda$executeRecursively$9(NodeTestTask.java:139)
	at org.junit.platform.engine.support.hierarchical.ThrowableCollector.execute(ThrowableCollector.java:73)
	at org.junit.platform.engine.support.hierarchical.NodeTestTask.executeRecursively(NodeTestTask.java:138)
	at org.junit.platform.engine.support.hierarchical.NodeTestTask.execute(NodeTestTask.java:95)
	at java.util.ArrayList.forEach(ArrayList.java:1259)
	at org.junit.platform.engine.support.hierarchical.SameThreadHierarchicalTestExecutorService.invokeAll(SameThreadHierarchicalTestExecutorService.java:41)
	at org.junit.platform.engine.support.hierarchical.NodeTestTask.lambda$executeRecursively$6(NodeTestTask.java:155)
	at org.junit.platform.engine.support.hierarchical.ThrowableCollector.execute(ThrowableCollector.java:73)
	at org.junit.platform.engine.support.hierarchical.NodeTestTask.lambda$executeRecursively$8(NodeTestTask.java:141)
	at org.junit.platform.engine.support.hierarchical.Node.around(Node.java:137)
	at org.junit.platform.engine.support.hierarchical.NodeTestTask.lambda$executeRecursively$9(NodeTestTask.java:139)
	at org.junit.platform.engine.support.hierarchical.ThrowableCollector.execute(ThrowableCollector.java:73)
	at org.junit.platform.engine.support.hierarchical.NodeTestTask.executeRecursively(NodeTestTask.java:138)
	at org.junit.platform.engine.support.hierarchical.NodeTestTask.execute(NodeTestTask.java:95)
	at org.junit.platform.engine.support.hierarchical.SameThreadHierarchicalTestExecutorService.submit(SameThreadHierarchicalTestExecutorService.java:35)
	at org.junit.platform.engine.support.hierarchical.HierarchicalTestExecutor.execute(HierarchicalTestExecutor.java:57)
	at org.junit.platform.engine.support.hierarchical.HierarchicalTestEngine.execute(HierarchicalTestEngine.java:54)
	at org.junit.platform.launcher.core.EngineExecutionOrchestrator.execute(EngineExecutionOrchestrator.java:107)
	at org.junit.platform.launcher.core.EngineExecutionOrchestrator.execute(EngineExecutionOrchestrator.java:88)
	at org.junit.platform.launcher.core.EngineExecutionOrchestrator.lambda$execute$0(EngineExecutionOrchestrator.java:54)
	at org.junit.platform.launcher.core.EngineExecutionOrchestrator.withInterceptedStreams(EngineExecutionOrchestrator.java:67)
	at org.junit.platform.launcher.core.EngineExecutionOrchestrator.execute(EngineExecutionOrchestrator.java:52)
	at org.junit.platform.launcher.core.DefaultLauncher.execute(DefaultLauncher.java:114)
	at org.junit.platform.launcher.core.DefaultLauncher.execute(DefaultLauncher.java:86)
	at org.junit.platform.launcher.core.DefaultLauncherSession$DelegatingLauncher.execute(DefaultLauncherSession.java:86)
	at org.junit.platform.launcher.core.SessionPerRequestLauncher.execute(SessionPerRequestLauncher.java:53)
	at org.apache.maven.surefire.junitplatform.JUnitPlatformProvider.invokeAllTests(JUnitPlatformProvider.java:165)
	at org.apache.maven.surefire.junitplatform.JUnitPlatformProvider.invoke(JUnitPlatformProvider.java:124)
	at org.apache.maven.surefire.booter.ForkedBooter.runSuitesInProcess(ForkedBooter.java:428)
	at org.apache.maven.surefire.booter.ForkedBooter.execute(ForkedBooter.java:162)
	at org.apache.maven.surefire.booter.ForkedBooter.run(ForkedBooter.java:562)
	at org.apache.maven.surefire.booter.ForkedBooter.main(ForkedBooter.java:548)
]]></stackTrace>
      <system-out><![CDATA[2022-08-04 23:30:16,956 [Listener at 127.0.0.1/41765] WARN  server.ServerUtils (ServerUtils.java:getScmDbDir(148)) - ozone.scm.db.dirs is not configured. We recommend adding this setting. Falling back to ozone.metadata.dirs instead.
2022-08-04 23:30:16,960 [Listener at 127.0.0.1/41765] WARN  server.ServerUtils (ServerUtils.java:getScmDbDir(148)) - ozone.scm.db.dirs is not configured. We recommend adding this setting. Falling back to ozone.metadata.dirs instead.
2022-08-04 23:30:16,961 [Listener at 127.0.0.1/41765] INFO  ha.SCMHANodeDetails (SCMHANodeDetails.java:loadSCMHAConfig(209)) - ServiceID for StorageContainerManager is null
2022-08-04 23:30:16,961 [Listener at 127.0.0.1/41765] INFO  ha.SCMHANodeDetails (SCMHANodeDetails.java:loadSCMHAConfig(214)) - ozone.scm.default.service.id is not defined, falling back to ozone.scm.service.ids to find serviceID for StorageContainerManager if it is HA enabled cluster
2022-08-04 23:30:16,963 [Listener at 127.0.0.1/41765] WARN  utils.HAUtils (HAUtils.java:getMetaDir(342)) - ozone.scm.db.dirs is not configured. We recommend adding this setting. Falling back to ozone.metadata.dirs instead.
2022-08-04 23:30:16,965 [Listener at 127.0.0.1/41765] WARN  db.DBStoreBuilder (DBStoreBuilder.java:applyDBDefinition(145)) - ozone.scm.db.dirs is not configured. We recommend adding this setting. Falling back to ozone.metadata.dirs instead.
2022-08-04 23:30:17,141 [Listener at 127.0.0.1/41765] INFO  net.NodeSchemaLoader (NodeSchemaLoader.java:loadSchemaFromFile(129)) - Loading schema from [jar:file:/home/runner/.m2/repository/org/apache/ozone/hdds-common/1.3.0-SNAPSHOT/hdds-common-1.3.0-SNAPSHOT.jar!/network-topology-default.xml]
2022-08-04 23:30:17,141 [Listener at 127.0.0.1/41765] INFO  net.NodeSchemaLoader (NodeSchemaLoader.java:loadSchema(176)) - Loading network topology layer schema file
2022-08-04 23:30:17,144 [Listener at 127.0.0.1/41765] INFO  upgrade.AbstractLayoutVersionManager (AbstractLayoutVersionManager.java:init(83)) - Initializing Layout version manager with metadata layout = DATANODE_SCHEMA_V3 (version = 4), software layout = DATANODE_SCHEMA_V3 (version = 4)
2022-08-04 23:30:17,276 [Listener at 127.0.0.1/41765] INFO  reflections.Reflections (Reflections.java:scan(232)) - Reflections took 130 ms to scan 7 urls, producing 132 keys and 321 values 
2022-08-04 23:30:17,277 [Listener at 127.0.0.1/41765] INFO  ha.SequenceIdGenerator (SequenceIdGenerator.java:upgradeToSequenceId(349)) - upgrade localId to 109611004723200000
2022-08-04 23:30:17,277 [Listener at 127.0.0.1/41765] INFO  ha.SequenceIdGenerator (SequenceIdGenerator.java:upgradeToSequenceId(359)) - upgrade delTxnId to 0
2022-08-04 23:30:17,278 [Listener at 127.0.0.1/41765] INFO  ha.SequenceIdGenerator (SequenceIdGenerator.java:upgradeToSequenceId(376)) - upgrade containerId to 0
2022-08-04 23:30:17,278 [Listener at 127.0.0.1/41765] INFO  ha.SequenceIdGenerator (SequenceIdGenerator.java:<init>(220)) - Init the HA SequenceIdGenerator.
2022-08-04 23:30:17,278 [Listener at 127.0.0.1/41765] WARN  server.ServerUtils (ServerUtils.java:sanitizeUserArgs(73)) - ozone.scm.stale.node.interval value = 300000 is larger than max = 100000 based on the key value of ozone.scm.heartbeat.thread.interval, reset to the max value 100000.
2022-08-04 23:30:17,278 [Listener at 127.0.0.1/41765] WARN  server.ServerUtils (ServerUtils.java:sanitizeUserArgs(73)) - ozone.scm.stale.node.interval value = 300000 is larger than max = 100000 based on the key value of ozone.scm.heartbeat.thread.interval, reset to the max value 100000.
2022-08-04 23:30:17,298 [Listener at 127.0.0.1/41765] INFO  node.SCMNodeManager (SCMNodeManager.java:<init>(149)) - Entering startup safe mode.
2022-08-04 23:30:17,298 [Listener at 127.0.0.1/41765] INFO  algorithms.ContainerPlacementPolicyFactory (ContainerPlacementPolicyFactory.java:getPolicyInternal(86)) - Create container placement policy of type org.apache.hadoop.hdds.scm.container.placement.algorithms.SCMContainerPlacementRandom
2022-08-04 23:30:17,299 [Listener at 127.0.0.1/41765] INFO  algorithms.ContainerPlacementPolicyFactory (ContainerPlacementPolicyFactory.java:getPolicyInternal(86)) - Create container placement policy of type org.apache.hadoop.hdds.scm.container.placement.algorithms.SCMContainerPlacementRackScatter
2022-08-04 23:30:17,299 [Listener at 127.0.0.1/41765] INFO  pipeline.PipelineStateManagerImpl (PipelineStateManagerImpl.java:initialize(78)) - No pipeline exists in current db
2022-08-04 23:30:17,299 [Listener at 127.0.0.1/41765] INFO  algorithms.LeaderChoosePolicyFactory (LeaderChoosePolicyFactory.java:getPolicy(57)) - Create leader choose policy of type org.apache.hadoop.hdds.scm.pipeline.leader.choose.algorithms.MinLeaderCountChoosePolicy
2022-08-04 23:30:17,299 [Listener at 127.0.0.1/41765] INFO  algorithms.ContainerPlacementPolicyFactory (ContainerPlacementPolicyFactory.java:getPolicyInternal(86)) - Create container placement policy of type org.apache.hadoop.hdds.scm.container.placement.algorithms.SCMContainerPlacementRackScatter
2022-08-04 23:30:17,300 [Listener at 127.0.0.1/41765] INFO  ha.SCMServiceManager (SCMServiceManager.java:register(42)) - Registering service BackgroundPipelineCreator.
2022-08-04 23:30:17,300 [Listener at 127.0.0.1/41765] INFO  pipeline.BackgroundPipelineCreator (BackgroundPipelineCreator.java:start(124)) - Starting RatisPipelineUtilsThread.
2022-08-04 23:30:17,300 [Listener at 127.0.0.1/41765] INFO  BackgroundPipelineScrubber (BackgroundSCMService.java:start(68)) - Starting BackgroundPipelineScrubber Service.
2022-08-04 23:30:17,311 [Listener at 127.0.0.1/41765] INFO  ha.SCMServiceManager (SCMServiceManager.java:register(42)) - Registering service BackgroundPipelineScrubber.
2022-08-04 23:30:17,311 [Listener at 127.0.0.1/41765] INFO  ExpiredContainerReplicaOpScrubber (BackgroundSCMService.java:start(68)) - Starting ExpiredContainerReplicaOpScrubber Service.
2022-08-04 23:30:17,319 [Listener at 127.0.0.1/41765] INFO  ha.SCMServiceManager (SCMServiceManager.java:register(42)) - Registering service ExpiredContainerReplicaOpScrubber.
2022-08-04 23:30:17,320 [Listener at 127.0.0.1/41765] INFO  algorithms.PipelineChoosePolicyFactory (PipelineChoosePolicyFactory.java:createPipelineChoosePolicyFromClass(73)) - Create pipeline choose policy of type org.apache.hadoop.hdds.scm.pipeline.choose.algorithms.RandomPipelineChoosePolicy
2022-08-04 23:30:17,320 [Listener at 127.0.0.1/41765] INFO  ha.SCMServiceManager (SCMServiceManager.java:register(42)) - Registering service SCMBlockDeletingService.
2022-08-04 23:30:17,321 [Listener at 127.0.0.1/41765] INFO  replication.ReplicationManager (ReplicationManager.java:start(200)) - Starting Replication Monitor Thread.
2022-08-04 23:30:17,335 [Listener at 127.0.0.1/41765] INFO  UnderReplicatedQueueThread (BackgroundSCMService.java:start(68)) - Starting UnderReplicatedQueueThread Service.
2022-08-04 23:30:17,351 [Listener at 127.0.0.1/41765] INFO  ha.SCMServiceManager (SCMServiceManager.java:register(42)) - Registering service UnderReplicatedQueueThread.
2022-08-04 23:30:17,351 [Listener at 127.0.0.1/41765] INFO  OverReplicatedQueueThread (BackgroundSCMService.java:start(68)) - Starting OverReplicatedQueueThread Service.
2022-08-04 23:30:17,357 [Listener at 127.0.0.1/41765] INFO  ha.SCMServiceManager (SCMServiceManager.java:register(42)) - Registering service OverReplicatedQueueThread.
2022-08-04 23:30:17,357 [Listener at 127.0.0.1/41765] INFO  ha.SCMServiceManager (SCMServiceManager.java:register(42)) - Registering service ReplicationManager.
2022-08-04 23:30:17,357 [Listener at 127.0.0.1/41765] INFO  safemode.ContainerSafeModeRule (ContainerSafeModeRule.java:<init>(89)) - containers with one replica threshold count 0
2022-08-04 23:30:17,357 [Listener at 127.0.0.1/41765] INFO  safemode.HealthyPipelineSafeModeRule (HealthyPipelineSafeModeRule.java:initializeRule(169)) - Total pipeline count is 0, healthy pipeline threshold count is 1
2022-08-04 23:30:17,358 [Listener at 127.0.0.1/41765] INFO  safemode.OneReplicaPipelineSafeModeRule (OneReplicaPipelineSafeModeRule.java:initializeRule(180)) - Total pipeline count is 0, pipeline's with at least one datanode reported threshold count is 0
2022-08-04 23:30:17,360 [ReplicationMonitor] INFO  replication.ReplicationManager (ReplicationManager.java:processAll(249)) - Replication Manager is not ready to run until 3000ms after safemode exit
2022-08-04 23:30:17,367 [Listener at 127.0.0.1/41765] INFO  ipc.CallQueueManager (CallQueueManager.java:<init>(90)) - Using callQueue: class java.util.concurrent.LinkedBlockingQueue, queueCapacity: 2000, scheduler: class org.apache.hadoop.ipc.DefaultRpcScheduler, ipcBackoff: false.
2022-08-04 23:30:17,375 [Socket Reader #1 for port 0] INFO  ipc.Server (Server.java:run(1265)) - Starting Socket Reader #1 for port 0
2022-08-04 23:30:17,386 [Listener at 0.0.0.0/43149] INFO  ipc.CallQueueManager (CallQueueManager.java:<init>(90)) - Using callQueue: class java.util.concurrent.LinkedBlockingQueue, queueCapacity: 2000, scheduler: class org.apache.hadoop.ipc.DefaultRpcScheduler, ipcBackoff: false.
2022-08-04 23:30:17,395 [Socket Reader #1 for port 0] INFO  ipc.Server (Server.java:run(1265)) - Starting Socket Reader #1 for port 0
2022-08-04 23:30:17,404 [Listener at 0.0.0.0/45791] INFO  ipc.CallQueueManager (CallQueueManager.java:<init>(90)) - Using callQueue: class java.util.concurrent.LinkedBlockingQueue, queueCapacity: 2000, scheduler: class org.apache.hadoop.ipc.DefaultRpcScheduler, ipcBackoff: false.
2022-08-04 23:30:17,405 [Socket Reader #1 for port 0] INFO  ipc.Server (Server.java:run(1265)) - Starting Socket Reader #1 for port 0
2022-08-04 23:30:17,481 [Listener at 0.0.0.0/42355] INFO  ha.SCMServiceManager (SCMServiceManager.java:register(42)) - Registering service ContainerBalancer.
2022-08-04 23:30:17,481 [Listener at 0.0.0.0/42355] INFO  server.StorageContainerManager (StorageContainerManager.java:<init>(406)) - 
Container Balancer status:
Key                            Value
Running                        false
Container Balancer Configuration values:
Key                                                Value
Threshold                                          10
Max Datanodes to Involve per Iteration(percent)    20
Max Size to Move per Iteration                     500GB
Max Size Entering Target per Iteration             26GB
Max Size Leaving Source per Iteration              26GB

2022-08-04 23:30:17,481 [Listener at 0.0.0.0/42355] WARN  events.EventQueue (EventQueue.java:fireEvent(216)) - No event handler registered for event TypedEvent{payloadType=SafeModeStatus, name='Safe mode status'}
2022-08-04 23:30:17,481 [Listener at 0.0.0.0/42355] INFO  ha.SCMContext (SCMContext.java:updateSafeModeStatus(228)) - Update SafeModeStatus from SafeModeStatus{safeModeStatus=true, preCheckPassed=false} to SafeModeStatus{safeModeStatus=true, preCheckPassed=false}.
2022-08-04 23:30:17,481 [Listener at 0.0.0.0/42355] INFO  server.StorageContainerManager (StorageContainerManager.java:start(1460)) - StorageContainerLocationProtocol RPC server is listening at /0.0.0.0:42355
2022-08-04 23:30:17,484 [Listener at 0.0.0.0/42355] WARN  impl.MetricsConfig (MetricsConfig.java:loadFirst(136)) - Cannot locate configuration: tried hadoop-metrics2-storagecontainermanager.properties,hadoop-metrics2.properties
2022-08-04 23:30:17,495 [Listener at 0.0.0.0/42355] INFO  impl.MetricsSystemImpl (MetricsSystemImpl.java:startTimer(378)) - Scheduled Metric snapshot period at 10 second(s).
2022-08-04 23:30:17,495 [Listener at 0.0.0.0/42355] INFO  impl.MetricsSystemImpl (MetricsSystemImpl.java:start(191)) - StorageContainerManager metrics system started
2022-08-04 23:30:17,535 [Listener at 0.0.0.0/42355] INFO  impl.MetricsSinkAdapter (MetricsSinkAdapter.java:start(204)) - Sink prometheus started
2022-08-04 23:30:17,535 [Listener at 0.0.0.0/42355] INFO  impl.MetricsSystemImpl (MetricsSystemImpl.java:registerSink(305)) - Registered sink prometheus
2022-08-04 23:30:17,579 [Listener at 0.0.0.0/42355] INFO  server.SCMClientProtocolServer (SCMClientProtocolServer.java:start(170)) - RPC server for Client  is listening at /0.0.0.0:42355
2022-08-04 23:30:17,581 [IPC Server Responder] INFO  ipc.Server (Server.java:run(1507)) - IPC Server Responder: starting
2022-08-04 23:30:17,582 [IPC Server listener on 0] INFO  ipc.Server (Server.java:run(1344)) - IPC Server listener on 0: starting
2022-08-04 23:30:17,609 [Listener at 0.0.0.0/42355] INFO  server.StorageContainerManager (StorageContainerManager.java:start(1475)) - ScmBlockLocationProtocol RPC server is listening at /0.0.0.0:45791
2022-08-04 23:30:17,609 [Listener at 0.0.0.0/42355] INFO  server.SCMBlockProtocolServer (SCMBlockProtocolServer.java:start(152)) - RPC server for Block Protocol is listening at /0.0.0.0:45791
2022-08-04 23:30:17,609 [IPC Server Responder] INFO  ipc.Server (Server.java:run(1507)) - IPC Server Responder: starting
2022-08-04 23:30:17,609 [IPC Server listener on 0] INFO  ipc.Server (Server.java:run(1344)) - IPC Server listener on 0: starting
2022-08-04 23:30:17,620 [Listener at 0.0.0.0/42355] INFO  server.SCMDatanodeProtocolServer (SCMDatanodeProtocolServer.java:start(186)) - ScmDatanodeProtocol RPC server for DataNodes is listening at /0.0.0.0:43149
2022-08-04 23:30:17,620 [IPC Server Responder] INFO  ipc.Server (Server.java:run(1507)) - IPC Server Responder: starting
2022-08-04 23:30:17,620 [IPC Server listener on 0] INFO  ipc.Server (Server.java:run(1344)) - IPC Server listener on 0: starting
2022-08-04 23:30:17,624 [Listener at 0.0.0.0/42355] INFO  http.BaseHttpServer (BaseHttpServer.java:newHttpServer2BuilderForOzone(209)) - Starting Web-server for scm at: http://0.0.0.0:0
2022-08-04 23:30:17,625 [Listener at 0.0.0.0/42355] INFO  http.BaseHttpServer (BaseHttpServer.java:<init>(107)) - Hadoop Security Enabled: false Ozone Security Enabled: false Ozone HTTP Security Enabled: false 
2022-08-04 23:30:17,626 [Listener at 0.0.0.0/42355] INFO  server.AuthenticationFilter (AuthenticationFilter.java:constructSecretProvider(240)) - Unable to initialize FileSignerSecretProvider, falling back to use random secrets.
2022-08-04 23:30:17,627 [org.apache.hadoop.util.JvmPauseMonitor$Monitor@23d34ed] INFO  util.JvmPauseMonitor (JvmPauseMonitor.java:run(188)) - Starting JVM pause monitor
2022-08-04 23:30:17,627 [Listener at 0.0.0.0/42355] WARN  http.HttpRequestLog (HttpRequestLog.java:getRequestLog(103)) - Jetty request log can only be enabled using Log4j
2022-08-04 23:30:17,628 [Listener at 0.0.0.0/42355] INFO  http.HttpServer2 (HttpServer2.java:addGlobalFilter(1029)) - Added global filter 'safety' (class=org.apache.hadoop.hdds.server.http.HttpServer2$QuotingInputFilter)
2022-08-04 23:30:17,629 [Listener at 0.0.0.0/42355] INFO  http.HttpServer2 (HttpServer2.java:addFilter(1005)) - Added filter static_user_filter (class=org.apache.hadoop.http.lib.StaticUserWebFilter$StaticUserFilter) to context scm
2022-08-04 23:30:17,629 [Listener at 0.0.0.0/42355] INFO  http.HttpServer2 (HttpServer2.java:addFilter(1013)) - Added filter static_user_filter (class=org.apache.hadoop.http.lib.StaticUserWebFilter$StaticUserFilter) to context static
2022-08-04 23:30:17,629 [Listener at 0.0.0.0/42355] INFO  http.HttpServer2 (HttpServer2.java:addFilter(1013)) - Added filter static_user_filter (class=org.apache.hadoop.http.lib.StaticUserWebFilter$StaticUserFilter) to context logs
2022-08-04 23:30:17,630 [Listener at 0.0.0.0/42355] INFO  http.HttpServer2 (HttpServer2.java:bindListener(1248)) - Jetty bound to port 44297
2022-08-04 23:30:17,630 [Listener at 0.0.0.0/42355] INFO  server.Server (Server.java:doStart(375)) - jetty-9.4.43.v20210629; built: 2021-06-30T11:07:22.254Z; git: 526006ecfa3af7f1a27ef3a288e2bef7ea9dd7e8; jvm 1.8.0_332-b09
2022-08-04 23:30:17,632 [Listener at 0.0.0.0/42355] INFO  server.session (DefaultSessionIdManager.java:doStart(334)) - DefaultSessionIdManager workerName=node0
2022-08-04 23:30:17,632 [Listener at 0.0.0.0/42355] INFO  server.session (DefaultSessionIdManager.java:doStart(339)) - No SessionScavenger set, using defaults
2022-08-04 23:30:17,632 [Listener at 0.0.0.0/42355] INFO  server.session (HouseKeeper.java:startScavenging(132)) - node0 Scavenging every 660000ms
2022-08-04 23:30:17,634 [Listener at 0.0.0.0/42355] INFO  handler.ContextHandler (ContextHandler.java:doStart(915)) - Started o.e.j.s.ServletContextHandler@37b0cfae{logs,/logs,file:///home/runner/work/ozone/ozone/hadoop-ozone/integration-test/target/log,AVAILABLE}
2022-08-04 23:30:17,634 [Listener at 0.0.0.0/42355] INFO  handler.ContextHandler (ContextHandler.java:doStart(915)) - Started o.e.j.s.ServletContextHandler@5a22e843{static,/static,file:///home/runner/work/ozone/ozone/hadoop-ozone/integration-test/target/test-classes/webapps/static,AVAILABLE}
2022-08-04 23:30:17,653 [Listener at 0.0.0.0/42355] INFO  handler.ContextHandler (ContextHandler.java:doStart(915)) - Started o.e.j.w.WebAppContext@1c3e4055{scm,/,file:///home/runner/work/ozone/ozone/hadoop-ozone/integration-test/target/test-classes/webapps/scm/,AVAILABLE}{file:/home/runner/work/ozone/ozone/hadoop-ozone/integration-test/target/test-classes/webapps/scm}
2022-08-04 23:30:17,676 [Listener at 0.0.0.0/42355] INFO  server.AbstractConnector (AbstractConnector.java:doStart(331)) - Started ServerConnector@13f124a{HTTP/1.1, (http/1.1)}{0.0.0.0:44297}
2022-08-04 23:30:17,676 [Listener at 0.0.0.0/42355] INFO  server.Server (Server.java:doStart(415)) - Started @42669ms
2022-08-04 23:30:17,707 [Listener at 0.0.0.0/42355] WARN  impl.MetricsSystemImpl (MetricsSystemImpl.java:register(279)) - Sink prometheus already exists!
2022-08-04 23:30:17,708 [Listener at 0.0.0.0/42355] INFO  http.BaseHttpServer (BaseHttpServer.java:updateConnectorAddress(329)) - HTTP server of scm listening at http://0.0.0.0:44297
2022-08-04 23:30:17,708 [Listener at 0.0.0.0/42355] WARN  server.ServerUtils (ServerUtils.java:getDBPath(225)) - ozone.om.db.dirs is not configured. We recommend adding this setting. Falling back to ozone.metadata.dirs instead.
2022-08-04 23:30:17,710 [Listener at 0.0.0.0/42355] INFO  ha.OMHANodeDetails (OMHANodeDetails.java:loadOMHAConfig(115)) - ozone.om.internal.service.id is not defined, falling back to ozone.om.service.ids to find serviceID for OzoneManager if it is HA enabled cluster
2022-08-04 23:30:17,710 [Listener at 0.0.0.0/42355] INFO  ha.OMHANodeDetails (OMHANodeDetails.java:loadOMHAConfig(226)) - Configuration does not have ozone.om.address set. Falling back to the default OM address /127.0.0.1:0
2022-08-04 23:30:17,710 [Listener at 0.0.0.0/42355] INFO  ha.OMHANodeDetails (OMHANodeDetails.java:getOMNodeDetailsForNonHA(254)) - OM Service ID is not set. Setting it to the default ID: omServiceIdDefault
2022-08-04 23:30:17,710 [Listener at 0.0.0.0/42355] INFO  ha.OMHANodeDetails (OMHANodeDetails.java:getOMNodeDetailsForNonHA(261)) - OM Node ID is not set. Setting it to the default ID: om1
2022-08-04 23:30:17,711 [Listener at 0.0.0.0/42355] WARN  server.ServerUtils (ServerUtils.java:getDBPath(225)) - ozone.om.db.dirs is not configured. We recommend adding this setting. Falling back to ozone.metadata.dirs instead.
2022-08-04 23:30:17,711 [Listener at 0.0.0.0/42355] INFO  upgrade.AbstractLayoutVersionManager (AbstractLayoutVersionManager.java:init(83)) - Initializing Layout version manager with metadata layout = MULTITENANCY_SCHEMA (version = 3), software layout = MULTITENANCY_SCHEMA (version = 3)
2022-08-04 23:30:17,860 [Listener at 0.0.0.0/42355] INFO  reflections.Reflections (Reflections.java:scan(232)) - Reflections took 148 ms to scan 2 urls, producing 153 keys and 425 values [using 2 cores]
2022-08-04 23:30:17,861 [Listener at 0.0.0.0/42355] INFO  upgrade.OMLayoutVersionManager (OMLayoutVersionManager.java:lambda$0(115)) - Skipping Upgrade Action MockOmUpgradeAction since it has been finalized.
2022-08-04 23:30:17,861 [Listener at 0.0.0.0/42355] WARN  server.ServerUtils (ServerUtils.java:getDBPath(225)) - ozone.om.db.dirs is not configured. We recommend adding this setting. Falling back to ozone.metadata.dirs instead.
2022-08-04 23:30:17,862 [Listener at 0.0.0.0/42355] INFO  proxy.SCMBlockLocationFailoverProxyProvider (SCMBlockLocationFailoverProxyProvider.java:<init>(114)) - Created block location fail-over proxy with 1 nodes: [nodeId=scmNodeId,nodeAddress=/0.0.0.0:45791]
2022-08-04 23:30:17,863 [Listener at 0.0.0.0/42355] INFO  proxy.SCMBlockLocationFailoverProxyProvider (SCMBlockLocationFailoverProxyProvider.java:<init>(114)) - Created block location fail-over proxy with 1 nodes: [nodeId=scmNodeId,nodeAddress=/0.0.0.0:45791]
2022-08-04 23:30:17,909 [Listener at 0.0.0.0/42355] WARN  server.ServerUtils (ServerUtils.java:getDBPath(225)) - ozone.om.db.dirs is not configured. We recommend adding this setting. Falling back to ozone.metadata.dirs instead.
2022-08-04 23:30:17,909 [Listener at 0.0.0.0/42355] INFO  codec.OmKeyInfoCodec (OmKeyInfoCodec.java:<init>(49)) - OmKeyInfoCodec ignorePipeline = true
2022-08-04 23:30:17,909 [Listener at 0.0.0.0/42355] INFO  codec.RepeatedOmKeyInfoCodec (RepeatedOmKeyInfoCodec.java:<init>(41)) - RepeatedOmKeyInfoCodec ignorePipeline = true
2022-08-04 23:30:18,180 [Listener at 0.0.0.0/42355] INFO  om.OzoneManager (OzoneManager.java:instantiateServices(696)) - S3 Multi-Tenancy is disabled
2022-08-04 23:30:18,181 [Listener at 0.0.0.0/42355] INFO  om.OzoneManager (OzoneManager.java:addS3GVolumeToDB(4307)) - Created Volume s3v With Owner runner required for S3Gateway operations.
2022-08-04 23:30:18,181 [Listener at 0.0.0.0/42355] WARN  server.ServerUtils (ServerUtils.java:getDefaultRatisDirectory(237)) - Storage directory for Ratis is not configured. It is a good idea to map this to an SSD disk. Falling back to ozone.metadata.dirs
2022-08-04 23:30:18,181 [Listener at 0.0.0.0/42355] WARN  utils.OzoneManagerRatisUtils (OzoneManagerRatisUtils.java:getOMRatisSnapshotDirectory(431)) - ozone.om.ratis.snapshot.dir is not configured. Falling back to ozone.metadata.dirs config
2022-08-04 23:30:18,182 [Listener at 0.0.0.0/42355] WARN  server.ServerUtils (ServerUtils.java:getDefaultRatisDirectory(237)) - Storage directory for Ratis is not configured. It is a good idea to map this to an SSD disk. Falling back to ozone.metadata.dirs
2022-08-04 23:30:18,183 [Listener at 0.0.0.0/42355] INFO  ratis.OzoneManagerRatisServer (OzoneManagerRatisServer.java:<init>(159)) - Instantiating OM Ratis server with groupID: omServiceIdDefault and peers: localhost:9872
2022-08-04 23:30:18,183 [Listener at 0.0.0.0/42355] INFO  ratis.OzoneManagerStateMachine (OzoneManagerStateMachine.java:loadSnapshotInfoFromDB(632)) - LastAppliedIndex is set from TransactionInfo from OM DB as (t:0, i:~)
2022-08-04 23:30:18,207 [Listener at 0.0.0.0/42355] INFO  server.RaftServer (ConfUtils.java:logGet(46)) - raft.rpc.type = GRPC (default)
2022-08-04 23:30:18,207 [Listener at 0.0.0.0/42355] INFO  grpc.GrpcFactory (GrpcFactory.java:checkPooledByteBufAllocatorUseCacheForAllThreads(48)) - PERFORMANCE WARNING: useCacheForAllThreads is true that may cause Netty to create a lot garbage objects and, as a result, trigger GC.
	It is recommended to disable useCacheForAllThreads by setting -Dorg.apache.ratis.thirdparty.io.netty.allocator.useCacheForAllThreads=false in command line.
2022-08-04 23:30:18,208 [Listener at 0.0.0.0/42355] INFO  grpc.GrpcConfigKeys (ConfUtils.java:logGet(46)) - raft.grpc.admin.port = -1 (default)
2022-08-04 23:30:18,208 [Listener at 0.0.0.0/42355] INFO  grpc.GrpcConfigKeys (ConfUtils.java:logGet(46)) - raft.grpc.server.port = 9872 (custom)
2022-08-04 23:30:18,208 [Listener at 0.0.0.0/42355] INFO  grpc.GrpcConfigKeys (ConfUtils.java:logGet(46)) - raft.grpc.client.port = -1 (default)
2022-08-04 23:30:18,208 [Listener at 0.0.0.0/42355] INFO  grpc.GrpcConfigKeys (ConfUtils.java:logGet(46)) - raft.grpc.server.port = 9872 (custom)
2022-08-04 23:30:18,209 [Listener at 0.0.0.0/42355] INFO  grpc.GrpcConfigKeys (ConfUtils.java:logGet(46)) - raft.grpc.server.port = 9872 (custom)
2022-08-04 23:30:18,209 [Listener at 0.0.0.0/42355] INFO  server.GrpcService (ConfUtils.java:logGet(46)) - raft.grpc.message.size.max = 33554432 (custom)
2022-08-04 23:30:18,209 [Listener at 0.0.0.0/42355] INFO  server.RaftServerConfigKeys (ConfUtils.java:logGet(46)) - raft.server.log.appender.buffer.byte-limit = 33554432 (custom)
2022-08-04 23:30:18,215 [Listener at 0.0.0.0/42355] INFO  server.GrpcService (ConfUtils.java:logGet(46)) - raft.grpc.flow.control.window = 1MB (=1048576) (default)
2022-08-04 23:30:18,215 [Listener at 0.0.0.0/42355] INFO  server.RaftServerConfigKeys (ConfUtils.java:logGet(46)) - raft.server.rpc.request.timeout = 3000ms (default)
2022-08-04 23:30:18,215 [Listener at 0.0.0.0/42355] INFO  grpc.GrpcConfigKeys (ConfUtils.java:logGet(46)) - raft.grpc.server.async.request.thread.pool.cached = true (default)
2022-08-04 23:30:18,216 [Listener at 0.0.0.0/42355] INFO  grpc.GrpcConfigKeys (ConfUtils.java:logGet(46)) - raft.grpc.server.async.request.thread.pool.size = 32 (default)
2022-08-04 23:30:18,217 [Listener at 0.0.0.0/42355] INFO  impl.DataStreamServerImpl (ConfUtils.java:logGet(46)) - raft.datastream.type = DISABLED (default)
2022-08-04 23:30:18,217 [Listener at 0.0.0.0/42355] INFO  server.RaftServerConfigKeys (ConfUtils.java:logGet(46)) - raft.server.threadpool.proxy.cached = true (default)
2022-08-04 23:30:18,217 [Listener at 0.0.0.0/42355] INFO  server.RaftServerConfigKeys (ConfUtils.java:logGet(46)) - raft.server.threadpool.proxy.size = 0 (default)
2022-08-04 23:30:18,218 [Listener at 0.0.0.0/42355] INFO  server.RaftServerConfigKeys (ConfUtils.java:logGet(46)) - raft.server.rpc.slowness.timeout = 120s (custom)
2022-08-04 23:30:18,218 [Listener at 0.0.0.0/42355] INFO  server.RaftServerConfigKeys (ConfUtils.java:logGet(46)) - raft.server.leaderelection.leader.step-down.wait-time = 10s (default)
2022-08-04 23:30:18,218 [Listener at 0.0.0.0/42355] INFO  server.RaftServerConfigKeys (ConfUtils.java:logGet(46)) - raft.server.storage.dir = [/home/runner/work/ozone/ozone/hadoop-ozone/integration-test/target/test-dir/MiniOzoneClusterImpl-b130bf38-a386-42c3-bae6-e1ff26418ee2/ozone-meta/ratis] (custom)
2022-08-04 23:30:18,235 [Listener at 0.0.0.0/42355] INFO  server.RaftServer (RaftServerProxy.java:addNew(96)) - om1: addNew group-C5BA1605619E:[om1|rpc:localhost:9872|priority:0] returns group-C5BA1605619E:java.util.concurrent.CompletableFuture@1693b8dc[Not completed]
2022-08-04 23:30:18,235 [Listener at 0.0.0.0/42355] INFO  om.OzoneManager (OzoneManager.java:initializeRatisServer(1962)) - OzoneManager Ratis server initialized at port 9872
2022-08-04 23:30:18,236 [Listener at 0.0.0.0/42355] INFO  om.OzoneManager (OzoneManager.java:getRpcServer(1085)) - Creating RPC Server
2022-08-04 23:30:18,235 [pool-203-thread-1] INFO  server.RaftServer$Division (RaftServerImpl.java:<init>(190)) - om1: new RaftServerImpl for group-C5BA1605619E:[om1|rpc:localhost:9872|priority:0] with OzoneManagerStateMachine:uninitialized
2022-08-04 23:30:18,238 [pool-203-thread-1] INFO  server.RaftServerConfigKeys (ConfUtils.java:logGet(46)) - raft.server.rpc.timeout.min = 1s (custom)
2022-08-04 23:30:18,238 [pool-203-thread-1] INFO  server.RaftServerConfigKeys (ConfUtils.java:logGet(46)) - raft.server.rpc.timeout.max = 1200ms (custom)
2022-08-04 23:30:18,238 [pool-203-thread-1] INFO  server.RaftServerConfigKeys (ConfUtils.java:logGet(46)) - raft.server.rpc.sleep.time = 25ms (default)
2022-08-04 23:30:18,238 [pool-203-thread-1] INFO  server.RaftServerConfigKeys (ConfUtils.java:logGet(46)) - raft.server.rpc.slowness.timeout = 120s (custom)
2022-08-04 23:30:18,238 [pool-203-thread-1] INFO  server.RaftServerConfigKeys (ConfUtils.java:logGet(46)) - raft.server.leaderelection.leader.step-down.wait-time = 10s (default)
2022-08-04 23:30:18,238 [pool-203-thread-1] INFO  server.RaftServerConfigKeys (ConfUtils.java:logGet(46)) - raft.server.sleep.deviation.threshold = 300ms (default)
2022-08-04 23:30:18,239 [pool-203-thread-1] INFO  server.RaftServer$Division (ServerState.java:<init>(107)) - om1@group-C5BA1605619E: ConfigurationManager, init=-1: [om1|rpc:localhost:9872|priority:0], old=null, confs=<EMPTY_MAP>
2022-08-04 23:30:18,239 [pool-203-thread-1] INFO  server.RaftServerConfigKeys (ConfUtils.java:logGet(46)) - raft.server.storage.dir = [/home/runner/work/ozone/ozone/hadoop-ozone/integration-test/target/test-dir/MiniOzoneClusterImpl-b130bf38-a386-42c3-bae6-e1ff26418ee2/ozone-meta/ratis] (custom)
2022-08-04 23:30:18,239 [pool-203-thread-1] INFO  server.RaftServerConfigKeys (ConfUtils.java:logGet(46)) - raft.server.log.corruption.policy = EXCEPTION (default)
2022-08-04 23:30:18,239 [pool-203-thread-1] INFO  server.RaftServerConfigKeys (ConfUtils.java:logGet(46)) - raft.server.storage.free-space.min = 0MB (=0) (default)
2022-08-04 23:30:18,239 [pool-203-thread-1] INFO  storage.RaftStorageDirectory (RaftStorageDirectoryImpl.java:analyzeStorage(135)) - The storage directory /home/runner/work/ozone/ozone/hadoop-ozone/integration-test/target/test-dir/MiniOzoneClusterImpl-b130bf38-a386-42c3-bae6-e1ff26418ee2/ozone-meta/ratis/bf265839-605b-3f16-9796-c5ba1605619e does not exist. Creating ...
2022-08-04 23:30:18,244 [pool-203-thread-1] INFO  storage.RaftStorageDirectory (RaftStorageDirectoryImpl.java:tryLock(230)) - Lock on /home/runner/work/ozone/ozone/hadoop-ozone/integration-test/target/test-dir/MiniOzoneClusterImpl-b130bf38-a386-42c3-bae6-e1ff26418ee2/ozone-meta/ratis/bf265839-605b-3f16-9796-c5ba1605619e/in_use.lock acquired by nodename 5725@fv-az241-597
2022-08-04 23:30:18,246 [pool-203-thread-1] INFO  storage.RaftStorage (RaftStorageImpl.java:format(89)) - Storage directory /home/runner/work/ozone/ozone/hadoop-ozone/integration-test/target/test-dir/MiniOzoneClusterImpl-b130bf38-a386-42c3-bae6-e1ff26418ee2/ozone-meta/ratis/bf265839-605b-3f16-9796-c5ba1605619e has been successfully formatted.
2022-08-04 23:30:18,246 [pool-203-thread-1] INFO  server.RaftServerConfigKeys (ConfUtils.java:logGet(46)) - raft.server.notification.no-leader.timeout = 120s (custom)
2022-08-04 23:30:18,246 [pool-203-thread-1] INFO  server.RaftServerConfigKeys (ConfUtils.java:logGet(46)) - raft.server.log.use.memory = false (default)
2022-08-04 23:30:18,246 [pool-203-thread-1] INFO  server.RaftServerConfigKeys (ConfUtils.java:logGet(46)) - raft.server.log.purge.gap = 1000000 (custom)
2022-08-04 23:30:18,246 [pool-203-thread-1] INFO  server.RaftServerConfigKeys (ConfUtils.java:logGet(46)) - raft.server.log.appender.buffer.byte-limit = 33554432 (custom)
2022-08-04 23:30:18,246 [pool-203-thread-1] INFO  server.RaftServerConfigKeys (ConfUtils.java:logGet(46)) - raft.server.log.statemachine.data.read.timeout = 1000ms (default)
2022-08-04 23:30:18,247 [pool-203-thread-1] INFO  server.RaftServerConfigKeys (ConfUtils.java:logGet(46)) - raft.server.log.segment.size.max = 4194304 (custom)
2022-08-04 23:30:18,247 [pool-203-thread-1] INFO  server.RaftServerConfigKeys (ConfUtils.java:logGet(46)) - raft.server.log.segment.cache.num.max = 2 (custom)
2022-08-04 23:30:18,247 [pool-203-thread-1] INFO  server.RaftServerConfigKeys (ConfUtils.java:logGet(46)) - raft.server.log.segment.cache.size.max = 200MB (=209715200) (default)
2022-08-04 23:30:18,247 [pool-203-thread-1] INFO  segmented.SegmentedRaftLogWorker (SegmentedRaftLogWorker.java:<init>(187)) - new om1@group-C5BA1605619E-SegmentedRaftLogWorker for RaftStorageImpl:Storage Directory /home/runner/work/ozone/ozone/hadoop-ozone/integration-test/target/test-dir/MiniOzoneClusterImpl-b130bf38-a386-42c3-bae6-e1ff26418ee2/ozone-meta/ratis/bf265839-605b-3f16-9796-c5ba1605619e
2022-08-04 23:30:18,247 [pool-203-thread-1] INFO  server.RaftServerConfigKeys (ConfUtils.java:logGet(46)) - raft.server.log.queue.byte-limit = 64MB (=67108864) (default)
2022-08-04 23:30:18,247 [pool-203-thread-1] INFO  server.RaftServerConfigKeys (ConfUtils.java:logGet(46)) - raft.server.log.queue.element-limit = 4096 (default)
2022-08-04 23:30:18,247 [pool-203-thread-1] INFO  server.RaftServerConfigKeys (ConfUtils.java:logGet(46)) - raft.server.log.segment.size.max = 4194304 (custom)
2022-08-04 23:30:18,247 [pool-203-thread-1] INFO  server.RaftServerConfigKeys (ConfUtils.java:logGet(46)) - raft.server.log.preallocated.size = 4194304 (custom)
2022-08-04 23:30:18,247 [pool-203-thread-1] INFO  server.RaftServerConfigKeys (ConfUtils.java:logGet(46)) - raft.server.log.force.sync.num = 128 (default)
2022-08-04 23:30:18,247 [pool-203-thread-1] INFO  server.RaftServerConfigKeys (ConfUtils.java:logGet(46)) - raft.server.log.statemachine.data.sync = true (default)
2022-08-04 23:30:18,247 [pool-203-thread-1] INFO  server.RaftServerConfigKeys (ConfUtils.java:logGet(46)) - raft.server.log.statemachine.data.sync.timeout = 10s (default)
2022-08-04 23:30:18,247 [pool-203-thread-1] INFO  server.RaftServerConfigKeys (ConfUtils.java:logGet(46)) - raft.server.log.statemachine.data.sync.timeout.retry = -1 (default)
2022-08-04 23:30:18,256 [pool-203-thread-1] INFO  server.RaftServerConfigKeys (ConfUtils.java:logGet(46)) - raft.server.log.write.buffer.size = 64KB (=65536) (default)
2022-08-04 23:30:18,256 [pool-203-thread-1] INFO  server.RaftServerConfigKeys (ConfUtils.java:logGet(46)) - raft.server.log.unsafe-flush.enabled = false (default)
2022-08-04 23:30:18,256 [pool-203-thread-1] INFO  server.RaftServerConfigKeys (ConfUtils.java:logGet(46)) - raft.server.log.statemachine.data.caching.enabled = false (default)
2022-08-04 23:30:18,256 [pool-203-thread-1] INFO  segmented.SegmentedRaftLogWorker (SegmentedRaftLogWorker.java:lambda$new$0(135)) - om1@group-C5BA1605619E-SegmentedRaftLogWorker: flushIndex: setUnconditionally 0 -> -1
2022-08-04 23:30:18,256 [pool-203-thread-1] INFO  segmented.SegmentedRaftLogWorker (SegmentedRaftLogWorker.java:lambda$new$0(135)) - om1@group-C5BA1605619E-SegmentedRaftLogWorker: safeCacheEvictIndex: setUnconditionally 0 -> -1
2022-08-04 23:30:18,261 [pool-203-thread-1] INFO  server.RaftServerConfigKeys (ConfUtils.java:logGet(46)) - raft.server.snapshot.auto.trigger.enabled = true (custom)
2022-08-04 23:30:18,261 [pool-203-thread-1] INFO  server.RaftServerConfigKeys (ConfUtils.java:logGet(46)) - raft.server.snapshot.auto.trigger.threshold = 400000 (default)
2022-08-04 23:30:18,261 [pool-203-thread-1] INFO  server.RaftServerConfigKeys (ConfUtils.java:logGet(46)) - raft.server.snapshot.retention.file.num = -1 (default)
2022-08-04 23:30:18,261 [pool-203-thread-1] INFO  server.RaftServerConfigKeys (ConfUtils.java:logGet(46)) - raft.server.log.purge.upto.snapshot.index = true (custom)
2022-08-04 23:30:18,261 [pool-203-thread-1] INFO  server.RaftServerConfigKeys (ConfUtils.java:logGet(46)) - raft.server.retrycache.expirytime = 300s (custom)
2022-08-04 23:30:18,261 [pool-203-thread-1] INFO  server.RaftServerConfigKeys (ConfUtils.java:logGet(46)) - raft.server.retrycache.statistics.expirytime = 100μs (default)
2022-08-04 23:30:18,262 [pool-203-thread-1] INFO  server.RaftServerConfigKeys (ConfUtils.java:logGet(46)) - raft.server.log.appender.install.snapshot.enabled = false (custom)
2022-08-04 23:30:18,262 [pool-203-thread-1] INFO  server.RaftServerConfigKeys (ConfUtils.java:logGet(46)) - raft.server.threadpool.server.cached = true (default)
2022-08-04 23:30:18,262 [pool-203-thread-1] INFO  server.RaftServerConfigKeys (ConfUtils.java:logGet(46)) - raft.server.threadpool.server.size = 0 (default)
2022-08-04 23:30:18,262 [pool-203-thread-1] INFO  server.RaftServerConfigKeys (ConfUtils.java:logGet(46)) - raft.server.threadpool.client.cached = true (default)
2022-08-04 23:30:18,262 [pool-203-thread-1] INFO  server.RaftServerConfigKeys (ConfUtils.java:logGet(46)) - raft.server.threadpool.client.size = 0 (default)
2022-08-04 23:30:19,027 [Listener at 0.0.0.0/42355] INFO  reflections.Reflections (Reflections.java:scan(232)) - Reflections took 790 ms to scan 19 urls, producing 67 keys and 4141 values [using 2 cores]
2022-08-04 23:30:19,028 [Listener at 0.0.0.0/42355] INFO  ipc.CallQueueManager (CallQueueManager.java:<init>(90)) - Using callQueue: class java.util.concurrent.LinkedBlockingQueue, queueCapacity: 2000, scheduler: class org.apache.hadoop.ipc.DefaultRpcScheduler, ipcBackoff: false.
2022-08-04 23:30:19,039 [Socket Reader #1 for port 0] INFO  ipc.Server (Server.java:run(1265)) - Starting Socket Reader #1 for port 0
2022-08-04 23:30:19,084 [Listener at 127.0.0.1/46779] INFO  impl.MetricsSystemImpl (MetricsSystemImpl.java:init(158)) - OzoneManager metrics system started (again)
2022-08-04 23:30:19,099 [Listener at 127.0.0.1/46779] INFO  om.OzoneManager (OzoneManager.java:start(1469)) - OzoneManager RPC server is listening at localhost/127.0.0.1:46779
2022-08-04 23:30:19,099 [Listener at 127.0.0.1/46779] INFO  ratis.OzoneManagerRatisServer (OzoneManagerRatisServer.java:start(554)) - Starting OzoneManagerRatisServer om1 at port 9872
2022-08-04 23:30:19,099 [om1-impl-thread1] INFO  server.RaftServer$Division (RaftServerImpl.java:start(310)) - om1@group-C5BA1605619E: start as a follower, conf=-1: [om1|rpc:localhost:9872|priority:0], old=null
2022-08-04 23:30:19,099 [om1-impl-thread1] INFO  server.RaftServer$Division (RaftServerImpl.java:setRole(299)) - om1@group-C5BA1605619E: changes role from      null to FOLLOWER at term 0 for startAsFollower
2022-08-04 23:30:19,099 [om1-impl-thread1] INFO  impl.RoleInfo (RoleInfo.java:updateAndGet(139)) - om1: start om1@group-C5BA1605619E-FollowerState
2022-08-04 23:30:19,099 [om1-impl-thread1] INFO  util.JmxRegister (JmxRegister.java:tryRegister(44)) - Successfully registered JMX Bean with object name Ratis:service=RaftServer,group=group-C5BA1605619E,id=om1
2022-08-04 23:30:19,102 [Listener at 127.0.0.1/46779] INFO  server.RaftServer (RaftServerProxy.java:lambda$start$6(382)) - om1: start RPC server
2022-08-04 23:30:19,131 [Listener at 127.0.0.1/46779] INFO  server.GrpcService (GrpcService.java:startImpl(260)) - om1: GrpcService started, listening on 9872
2022-08-04 23:30:19,131 [Listener at 127.0.0.1/46779] INFO  om.OzoneManager (OzoneManager.java:start(1485)) - Version File has different layout version (3) than OM DB (null). That is expected if this OM has never been finalized to a newer layout version.
2022-08-04 23:30:19,132 [org.apache.ratis.util.JvmPauseMonitor$$Lambda$682/1302746218@1623474d] INFO  util.JvmPauseMonitor (JvmPauseMonitor.java:run(103)) - JvmPauseMonitor-om1: Started
2022-08-04 23:30:19,135 [Listener at 127.0.0.1/46779] INFO  http.BaseHttpServer (BaseHttpServer.java:newHttpServer2BuilderForOzone(209)) - Starting Web-server for ozoneManager at: http://0.0.0.0:0
2022-08-04 23:30:19,135 [Listener at 127.0.0.1/46779] INFO  http.BaseHttpServer (BaseHttpServer.java:<init>(107)) - Hadoop Security Enabled: false Ozone Security Enabled: false Ozone HTTP Security Enabled: false 
2022-08-04 23:30:19,137 [Listener at 127.0.0.1/46779] INFO  server.AuthenticationFilter (AuthenticationFilter.java:constructSecretProvider(240)) - Unable to initialize FileSignerSecretProvider, falling back to use random secrets.
2022-08-04 23:30:19,143 [Listener at 127.0.0.1/46779] WARN  http.HttpRequestLog (HttpRequestLog.java:getRequestLog(103)) - Jetty request log can only be enabled using Log4j
2022-08-04 23:30:19,145 [Listener at 127.0.0.1/46779] INFO  http.HttpServer2 (HttpServer2.java:addGlobalFilter(1029)) - Added global filter 'safety' (class=org.apache.hadoop.hdds.server.http.HttpServer2$QuotingInputFilter)
2022-08-04 23:30:19,145 [Listener at 127.0.0.1/46779] INFO  http.HttpServer2 (HttpServer2.java:addFilter(1005)) - Added filter static_user_filter (class=org.apache.hadoop.http.lib.StaticUserWebFilter$StaticUserFilter) to context ozoneManager
2022-08-04 23:30:19,145 [Listener at 127.0.0.1/46779] INFO  http.HttpServer2 (HttpServer2.java:addFilter(1013)) - Added filter static_user_filter (class=org.apache.hadoop.http.lib.StaticUserWebFilter$StaticUserFilter) to context logs
2022-08-04 23:30:19,146 [Listener at 127.0.0.1/46779] INFO  http.HttpServer2 (HttpServer2.java:addFilter(1013)) - Added filter static_user_filter (class=org.apache.hadoop.http.lib.StaticUserWebFilter$StaticUserFilter) to context static
2022-08-04 23:30:19,146 [Listener at 127.0.0.1/46779] INFO  http.HttpServer2 (HttpServer2.java:bindListener(1248)) - Jetty bound to port 37171
2022-08-04 23:30:19,146 [Listener at 127.0.0.1/46779] INFO  server.Server (Server.java:doStart(375)) - jetty-9.4.43.v20210629; built: 2021-06-30T11:07:22.254Z; git: 526006ecfa3af7f1a27ef3a288e2bef7ea9dd7e8; jvm 1.8.0_332-b09
2022-08-04 23:30:19,183 [Listener at 127.0.0.1/46779] INFO  server.session (DefaultSessionIdManager.java:doStart(334)) - DefaultSessionIdManager workerName=node0
2022-08-04 23:30:19,184 [Listener at 127.0.0.1/46779] INFO  server.session (DefaultSessionIdManager.java:doStart(339)) - No SessionScavenger set, using defaults
2022-08-04 23:30:19,184 [Listener at 127.0.0.1/46779] INFO  server.session (HouseKeeper.java:startScavenging(132)) - node0 Scavenging every 660000ms
2022-08-04 23:30:19,191 [Listener at 127.0.0.1/46779] INFO  handler.ContextHandler (ContextHandler.java:doStart(915)) - Started o.e.j.s.ServletContextHandler@76b4b57f{logs,/logs,file:///home/runner/work/ozone/ozone/hadoop-ozone/integration-test/target/log,AVAILABLE}
2022-08-04 23:30:19,192 [Listener at 127.0.0.1/46779] INFO  handler.ContextHandler (ContextHandler.java:doStart(915)) - Started o.e.j.s.ServletContextHandler@210d8f51{static,/static,file:///home/runner/work/ozone/ozone/hadoop-ozone/integration-test/target/test-classes/webapps/static,AVAILABLE}
2022-08-04 23:30:19,195 [Listener at 127.0.0.1/46779] INFO  handler.ContextHandler (ContextHandler.java:doStart(915)) - Started o.e.j.w.WebAppContext@6e958f2c{ozoneManager,/,file:///home/runner/work/ozone/ozone/hadoop-ozone/integration-test/target/test-classes/webapps/ozoneManager/,AVAILABLE}{file:/home/runner/work/ozone/ozone/hadoop-ozone/integration-test/target/test-classes/webapps/ozoneManager}
2022-08-04 23:30:19,197 [Listener at 127.0.0.1/46779] INFO  server.AbstractConnector (AbstractConnector.java:doStart(331)) - Started ServerConnector@741f1e49{HTTP/1.1, (http/1.1)}{0.0.0.0:37171}
2022-08-04 23:30:19,197 [Listener at 127.0.0.1/46779] INFO  server.Server (Server.java:doStart(415)) - Started @44191ms
2022-08-04 23:30:19,197 [Listener at 127.0.0.1/46779] WARN  impl.MetricsSystemImpl (MetricsSystemImpl.java:register(279)) - Sink prometheus already exists!
2022-08-04 23:30:19,198 [Listener at 127.0.0.1/46779] INFO  http.BaseHttpServer (BaseHttpServer.java:updateConnectorAddress(329)) - HTTP server of ozoneManager listening at http://0.0.0.0:37171
2022-08-04 23:30:19,198 [IPC Server Responder] INFO  ipc.Server (Server.java:run(1507)) - IPC Server Responder: starting
2022-08-04 23:30:19,198 [IPC Server listener on 0] INFO  ipc.Server (Server.java:run(1344)) - IPC Server listener on 0: starting
2022-08-04 23:30:19,295 [Listener at 127.0.0.1/46779] INFO  om.OzoneManager (OzoneManager.java:startTrashEmptier(1906)) - Trash Interval set to 0. Files deleted won't move to trash
2022-08-04 23:30:19,304 [org.apache.hadoop.util.JvmPauseMonitor$Monitor@7c4dd006] INFO  util.JvmPauseMonitor (JvmPauseMonitor.java:run(188)) - Starting JVM pause monitor
2022-08-04 23:30:19,310 [Listener at 127.0.0.1/46779] WARN  impl.MetricRegistriesImpl (MetricRegistriesImpl.java:addReporterRegistration(111)) - New reporters are added after registries were created. Some metrics will be missing from the reporter. Please add reporter before adding any new registry.
2022-08-04 23:30:19,310 [Listener at 127.0.0.1/46779] WARN  impl.MetricRegistriesImpl (MetricRegistriesImpl.java:addReporterRegistration(111)) - New reporters are added after registries were created. Some metrics will be missing from the reporter. Please add reporter before adding any new registry.
2022-08-04 23:30:19,310 [Listener at 127.0.0.1/46779] INFO  impl.MetricsSystemImpl (MetricsSystemImpl.java:init(158)) - HddsDatanode metrics system started (again)
2022-08-04 23:30:19,329 [Listener at 127.0.0.1/46779] INFO  ozone.HddsDatanodeService (HddsDatanodeService.java:start(236)) - HddsDatanodeService host:fv-az241-597.bb25ywkzvhnelkltyshw0e441e.jx.internal.cloudapp.net ip:10.1.0.37
2022-08-04 23:30:19,370 [Listener at 127.0.0.1/46779] INFO  upgrade.AbstractLayoutVersionManager (AbstractLayoutVersionManager.java:init(83)) - Initializing Layout version manager with metadata layout = DATANODE_SCHEMA_V3 (version = 4), software layout = DATANODE_SCHEMA_V3 (version = 4)
2022-08-04 23:30:19,478 [Listener at 127.0.0.1/46779] INFO  reflections.Reflections (Reflections.java:scan(232)) - Reflections took 106 ms to scan 7 urls, producing 132 keys and 321 values 
2022-08-04 23:30:19,480 [Listener at 127.0.0.1/46779] INFO  statemachine.DatanodeStateMachine (DatanodeStateMachine.java:getEndPointTaskThreadPoolSize(237)) - Datanode State Machine Task Thread Pool size 2
2022-08-04 23:30:19,493 [Listener at 127.0.0.1/46779] INFO  volume.HddsVolume (HddsVolume.java:<init>(116)) - Creating HddsVolume: /home/runner/work/ozone/ozone/hadoop-ozone/integration-test/target/test-dir/MiniOzoneClusterImpl-b130bf38-a386-42c3-bae6-e1ff26418ee2/datanode-0/data-0/containers/hdds of storage type : DISK capacity : 9223372036854775807
2022-08-04 23:30:19,493 [Listener at 127.0.0.1/46779] INFO  volume.MutableVolumeSet (MutableVolumeSet.java:initializeVolumeSet(174)) - Added Volume : /home/runner/work/ozone/ozone/hadoop-ozone/integration-test/target/test-dir/MiniOzoneClusterImpl-b130bf38-a386-42c3-bae6-e1ff26418ee2/datanode-0/data-0/containers/hdds to VolumeSet
2022-08-04 23:30:19,493 [Listener at 127.0.0.1/46779] INFO  volume.ThrottledAsyncChecker (ThrottledAsyncChecker.java:schedule(141)) - Scheduling a check for /home/runner/work/ozone/ozone/hadoop-ozone/integration-test/target/test-dir/MiniOzoneClusterImpl-b130bf38-a386-42c3-bae6-e1ff26418ee2/datanode-0/data-0/containers/hdds
2022-08-04 23:30:19,503 [Listener at 127.0.0.1/46779] INFO  volume.StorageVolumeChecker (StorageVolumeChecker.java:checkAllVolumes(202)) - Scheduled health check for volume /home/runner/work/ozone/ozone/hadoop-ozone/integration-test/target/test-dir/MiniOzoneClusterImpl-b130bf38-a386-42c3-bae6-e1ff26418ee2/datanode-0/data-0/containers/hdds
2022-08-04 23:30:19,517 [Listener at 127.0.0.1/46779] INFO  volume.MutableVolumeSet (MutableVolumeSet.java:initializeVolumeSet(174)) - Added Volume : /home/runner/work/ozone/ozone/hadoop-ozone/integration-test/target/test-dir/MiniOzoneClusterImpl-b130bf38-a386-42c3-bae6-e1ff26418ee2/datanode-0/data/ratis to VolumeSet
2022-08-04 23:30:19,518 [Listener at 127.0.0.1/46779] INFO  volume.ThrottledAsyncChecker (ThrottledAsyncChecker.java:schedule(141)) - Scheduling a check for /home/runner/work/ozone/ozone/hadoop-ozone/integration-test/target/test-dir/MiniOzoneClusterImpl-b130bf38-a386-42c3-bae6-e1ff26418ee2/datanode-0/data/ratis
2022-08-04 23:30:19,518 [Listener at 127.0.0.1/46779] INFO  volume.StorageVolumeChecker (StorageVolumeChecker.java:checkAllVolumes(202)) - Scheduled health check for volume /home/runner/work/ozone/ozone/hadoop-ozone/integration-test/target/test-dir/MiniOzoneClusterImpl-b130bf38-a386-42c3-bae6-e1ff26418ee2/datanode-0/data/ratis
2022-08-04 23:30:19,554 [Thread-407] INFO  ozoneimpl.ContainerReader (ContainerReader.java:readVolume(175)) - Finish verifying containers on volume /home/runner/work/ozone/ozone/hadoop-ozone/integration-test/target/test-dir/MiniOzoneClusterImpl-b130bf38-a386-42c3-bae6-e1ff26418ee2/datanode-0/data-0/containers/hdds
2022-08-04 23:30:19,554 [Listener at 127.0.0.1/46779] INFO  ozoneimpl.OzoneContainer (OzoneContainer.java:buildContainerSet(299)) - Build ContainerSet costs 0s
2022-08-04 23:30:19,556 [Listener at 127.0.0.1/46779] INFO  server.RaftServer (ConfUtils.java:logGet(46)) - raft.rpc.type = GRPC (default)
2022-08-04 23:30:19,556 [Listener at 127.0.0.1/46779] INFO  grpc.GrpcFactory (GrpcFactory.java:checkPooledByteBufAllocatorUseCacheForAllThreads(48)) - PERFORMANCE WARNING: useCacheForAllThreads is true that may cause Netty to create a lot garbage objects and, as a result, trigger GC.
	It is recommended to disable useCacheForAllThreads by setting -Dorg.apache.ratis.thirdparty.io.netty.allocator.useCacheForAllThreads=false in command line.
2022-08-04 23:30:19,556 [Listener at 127.0.0.1/46779] INFO  grpc.GrpcConfigKeys (ConfUtils.java:logGet(46)) - raft.grpc.admin.port = 0 (custom)
2022-08-04 23:30:19,557 [Listener at 127.0.0.1/46779] INFO  grpc.GrpcConfigKeys (ConfUtils.java:logGet(46)) - raft.grpc.client.port = 0 (custom)
2022-08-04 23:30:19,557 [Listener at 127.0.0.1/46779] INFO  grpc.GrpcConfigKeys (ConfUtils.java:logGet(46)) - raft.grpc.server.port = 0 (default)
2022-08-04 23:30:19,557 [Listener at 127.0.0.1/46779] INFO  server.GrpcService (ConfUtils.java:logGet(46)) - raft.grpc.message.size.max = 32MB (=33554432) (custom)
2022-08-04 23:30:19,557 [Listener at 127.0.0.1/46779] INFO  server.RaftServerConfigKeys (ConfUtils.java:logGet(46)) - raft.server.log.appender.buffer.byte-limit = 33554432 (custom)
2022-08-04 23:30:19,557 [Listener at 127.0.0.1/46779] INFO  server.GrpcService (ConfUtils.java:logGet(46)) - raft.grpc.flow.control.window = 5MB (=5242880) (custom)
2022-08-04 23:30:19,557 [Listener at 127.0.0.1/46779] INFO  server.RaftServerConfigKeys (ConfUtils.java:logGet(46)) - raft.server.rpc.request.timeout = 60s (custom)
2022-08-04 23:30:19,557 [Listener at 127.0.0.1/46779] INFO  grpc.GrpcConfigKeys (ConfUtils.java:logGet(46)) - raft.grpc.server.async.request.thread.pool.cached = true (default)
2022-08-04 23:30:19,557 [Listener at 127.0.0.1/46779] INFO  grpc.GrpcConfigKeys (ConfUtils.java:logGet(46)) - raft.grpc.server.async.request.thread.pool.size = 32 (default)
2022-08-04 23:30:19,558 [Listener at 127.0.0.1/46779] INFO  impl.DataStreamServerImpl (ConfUtils.java:logGet(46)) - raft.datastream.type = DISABLED (default)
2022-08-04 23:30:19,559 [Listener at 127.0.0.1/46779] INFO  server.RaftServerConfigKeys (ConfUtils.java:logGet(46)) - raft.server.threadpool.proxy.cached = true (default)
2022-08-04 23:30:19,559 [Listener at 127.0.0.1/46779] INFO  server.RaftServerConfigKeys (ConfUtils.java:logGet(46)) - raft.server.threadpool.proxy.size = 0 (default)
2022-08-04 23:30:19,559 [Listener at 127.0.0.1/46779] INFO  server.RaftServerConfigKeys (ConfUtils.java:logGet(46)) - raft.server.rpc.slowness.timeout = 300s (custom)
2022-08-04 23:30:19,559 [Listener at 127.0.0.1/46779] INFO  server.RaftServerConfigKeys (ConfUtils.java:logGet(46)) - raft.server.leaderelection.leader.step-down.wait-time = 10s (default)
2022-08-04 23:30:19,559 [Listener at 127.0.0.1/46779] INFO  server.RaftServerConfigKeys (ConfUtils.java:logGet(46)) - raft.server.storage.dir = [/home/runner/work/ozone/ozone/hadoop-ozone/integration-test/target/test-dir/MiniOzoneClusterImpl-b130bf38-a386-42c3-bae6-e1ff26418ee2/datanode-0/data/ratis] (custom)
2022-08-04 23:30:19,572 [Listener at 127.0.0.1/46779] INFO  server.XceiverServerGrpc (XceiverServerGrpc.java:<init>(132)) - GrpcServer channel type EpollServerSocketChannel
2022-08-04 23:30:19,575 [Listener at 127.0.0.1/46779] INFO  http.BaseHttpServer (BaseHttpServer.java:newHttpServer2BuilderForOzone(209)) - Starting Web-server for hddsDatanode at: http://0.0.0.0:0
2022-08-04 23:30:19,575 [Listener at 127.0.0.1/46779] INFO  http.BaseHttpServer (BaseHttpServer.java:<init>(107)) - Hadoop Security Enabled: false Ozone Security Enabled: false Ozone HTTP Security Enabled: false 
2022-08-04 23:30:19,576 [Listener at 127.0.0.1/46779] INFO  server.AuthenticationFilter (AuthenticationFilter.java:constructSecretProvider(240)) - Unable to initialize FileSignerSecretProvider, falling back to use random secrets.
2022-08-04 23:30:19,576 [Listener at 127.0.0.1/46779] WARN  http.HttpRequestLog (HttpRequestLog.java:getRequestLog(103)) - Jetty request log can only be enabled using Log4j
2022-08-04 23:30:19,578 [Listener at 127.0.0.1/46779] INFO  http.HttpServer2 (HttpServer2.java:addGlobalFilter(1029)) - Added global filter 'safety' (class=org.apache.hadoop.hdds.server.http.HttpServer2$QuotingInputFilter)
2022-08-04 23:30:19,578 [Listener at 127.0.0.1/46779] INFO  http.HttpServer2 (HttpServer2.java:addFilter(1005)) - Added filter static_user_filter (class=org.apache.hadoop.http.lib.StaticUserWebFilter$StaticUserFilter) to context hddsDatanode
2022-08-04 23:30:19,579 [Listener at 127.0.0.1/46779] INFO  http.HttpServer2 (HttpServer2.java:addFilter(1013)) - Added filter static_user_filter (class=org.apache.hadoop.http.lib.StaticUserWebFilter$StaticUserFilter) to context logs
2022-08-04 23:30:19,579 [Listener at 127.0.0.1/46779] INFO  http.HttpServer2 (HttpServer2.java:addFilter(1013)) - Added filter static_user_filter (class=org.apache.hadoop.http.lib.StaticUserWebFilter$StaticUserFilter) to context static
2022-08-04 23:30:19,579 [Listener at 127.0.0.1/46779] INFO  http.HttpServer2 (HttpServer2.java:bindListener(1248)) - Jetty bound to port 45193
2022-08-04 23:30:19,579 [Listener at 127.0.0.1/46779] INFO  server.Server (Server.java:doStart(375)) - jetty-9.4.43.v20210629; built: 2021-06-30T11:07:22.254Z; git: 526006ecfa3af7f1a27ef3a288e2bef7ea9dd7e8; jvm 1.8.0_332-b09
2022-08-04 23:30:19,616 [Listener at 127.0.0.1/46779] INFO  server.session (DefaultSessionIdManager.java:doStart(334)) - DefaultSessionIdManager workerName=node0
2022-08-04 23:30:19,616 [Listener at 127.0.0.1/46779] INFO  server.session (DefaultSessionIdManager.java:doStart(339)) - No SessionScavenger set, using defaults
2022-08-04 23:30:19,616 [Listener at 127.0.0.1/46779] INFO  server.session (HouseKeeper.java:startScavenging(132)) - node0 Scavenging every 660000ms
2022-08-04 23:30:19,621 [Listener at 127.0.0.1/46779] INFO  handler.ContextHandler (ContextHandler.java:doStart(915)) - Started o.e.j.s.ServletContextHandler@1516a77b{logs,/logs,file:///home/runner/work/ozone/ozone/hadoop-ozone/integration-test/target/log,AVAILABLE}
2022-08-04 23:30:19,621 [Listener at 127.0.0.1/46779] INFO  handler.ContextHandler (ContextHandler.java:doStart(915)) - Started o.e.j.s.ServletContextHandler@6c0f23e1{static,/static,jar:file:/home/runner/.m2/repository/org/apache/ozone/hdds-container-service/1.3.0-SNAPSHOT/hdds-container-service-1.3.0-SNAPSHOT.jar!/webapps/static,AVAILABLE}
2022-08-04 23:30:19,907 [Listener at 127.0.0.1/46779] INFO  handler.ContextHandler (ContextHandler.java:doStart(915)) - Started o.e.j.w.WebAppContext@202b279a{hddsDatanode,/,file:///tmp/jetty-0_0_0_0-45193-hdds-container-service-1_3_0-SNAPSHOT_jar-_-any-4307761614403720771/webapp/,AVAILABLE}{jar:file:/home/runner/.m2/repository/org/apache/ozone/hdds-container-service/1.3.0-SNAPSHOT/hdds-container-service-1.3.0-SNAPSHOT.jar!/webapps/hddsDatanode}
2022-08-04 23:30:19,910 [Listener at 127.0.0.1/46779] INFO  server.AbstractConnector (AbstractConnector.java:doStart(331)) - Started ServerConnector@56c5a6be{HTTP/1.1, (http/1.1)}{0.0.0.0:45193}
2022-08-04 23:30:19,910 [Listener at 127.0.0.1/46779] INFO  server.Server (Server.java:doStart(415)) - Started @44904ms
2022-08-04 23:30:19,910 [Listener at 127.0.0.1/46779] WARN  impl.MetricsSystemImpl (MetricsSystemImpl.java:register(279)) - Sink prometheus already exists!
2022-08-04 23:30:19,923 [Listener at 127.0.0.1/46779] INFO  http.BaseHttpServer (BaseHttpServer.java:updateConnectorAddress(329)) - HTTP server of hddsDatanode listening at http://0.0.0.0:45193
2022-08-04 23:30:19,927 [Listener at 127.0.0.1/46779] WARN  impl.MetricRegistriesImpl (MetricRegistriesImpl.java:addReporterRegistration(111)) - New reporters are added after registries were created. Some metrics will be missing from the reporter. Please add reporter before adding any new registry.
2022-08-04 23:30:19,927 [Listener at 127.0.0.1/46779] WARN  impl.MetricRegistriesImpl (MetricRegistriesImpl.java:addReporterRegistration(111)) - New reporters are added after registries were created. Some metrics will be missing from the reporter. Please add reporter before adding any new registry.
2022-08-04 23:30:19,928 [Listener at 127.0.0.1/46779] INFO  impl.MetricsSystemImpl (MetricsSystemImpl.java:init(158)) - HddsDatanode metrics system started (again)
2022-08-04 23:30:19,935 [Datanode State Machine Daemon Thread] INFO  statemachine.DatanodeStateMachine (DatanodeStateMachine.java:lambda$startDaemon$0(492)) - Ozone container server started.
2022-08-04 23:30:19,951 [org.apache.hadoop.util.JvmPauseMonitor$Monitor@dad1cb3] INFO  util.JvmPauseMonitor (JvmPauseMonitor.java:run(188)) - Starting JVM pause monitor
2022-08-04 23:30:19,954 [Listener at 127.0.0.1/46779] INFO  ozone.HddsDatanodeService (HddsDatanodeService.java:start(236)) - HddsDatanodeService host:fv-az241-597.bb25ywkzvhnelkltyshw0e441e.jx.internal.cloudapp.net ip:10.1.0.37
2022-08-04 23:30:19,974 [Datanode State Machine Task Thread - 0] INFO  datanode.InitDatanodeState (InitDatanodeState.java:persistContainerDatanodeDetails(138)) - DatanodeDetails is persisted to /home/runner/work/ozone/ozone/hadoop-ozone/integration-test/target/test-dir/MiniOzoneClusterImpl-b130bf38-a386-42c3-bae6-e1ff26418ee2/datanode-0/meta/datanode.id
2022-08-04 23:30:20,002 [Listener at 127.0.0.1/46779] INFO  upgrade.AbstractLayoutVersionManager (AbstractLayoutVersionManager.java:init(83)) - Initializing Layout version manager with metadata layout = DATANODE_SCHEMA_V3 (version = 4), software layout = DATANODE_SCHEMA_V3 (version = 4)
2022-08-04 23:30:20,049 [Listener at 127.0.0.1/46779] INFO  reflections.Reflections (Reflections.java:scan(232)) - Reflections took 46 ms to scan 7 urls, producing 132 keys and 321 values 
2022-08-04 23:30:20,055 [Listener at 127.0.0.1/46779] INFO  statemachine.DatanodeStateMachine (DatanodeStateMachine.java:getEndPointTaskThreadPoolSize(237)) - Datanode State Machine Task Thread Pool size 2
2022-08-04 23:30:20,057 [Listener at 127.0.0.1/46779] INFO  volume.HddsVolume (HddsVolume.java:<init>(116)) - Creating HddsVolume: /home/runner/work/ozone/ozone/hadoop-ozone/integration-test/target/test-dir/MiniOzoneClusterImpl-b130bf38-a386-42c3-bae6-e1ff26418ee2/datanode-1/data-0/containers/hdds of storage type : DISK capacity : 9223372036854775807
2022-08-04 23:30:20,057 [Listener at 127.0.0.1/46779] INFO  volume.MutableVolumeSet (MutableVolumeSet.java:initializeVolumeSet(174)) - Added Volume : /home/runner/work/ozone/ozone/hadoop-ozone/integration-test/target/test-dir/MiniOzoneClusterImpl-b130bf38-a386-42c3-bae6-e1ff26418ee2/datanode-1/data-0/containers/hdds to VolumeSet
2022-08-04 23:30:20,057 [Listener at 127.0.0.1/46779] INFO  volume.ThrottledAsyncChecker (ThrottledAsyncChecker.java:schedule(141)) - Scheduling a check for /home/runner/work/ozone/ozone/hadoop-ozone/integration-test/target/test-dir/MiniOzoneClusterImpl-b130bf38-a386-42c3-bae6-e1ff26418ee2/datanode-1/data-0/containers/hdds
2022-08-04 23:30:20,067 [Listener at 127.0.0.1/46779] INFO  volume.StorageVolumeChecker (StorageVolumeChecker.java:checkAllVolumes(202)) - Scheduled health check for volume /home/runner/work/ozone/ozone/hadoop-ozone/integration-test/target/test-dir/MiniOzoneClusterImpl-b130bf38-a386-42c3-bae6-e1ff26418ee2/datanode-1/data-0/containers/hdds
2022-08-04 23:30:20,087 [Listener at 127.0.0.1/46779] INFO  volume.MutableVolumeSet (MutableVolumeSet.java:initializeVolumeSet(174)) - Added Volume : /home/runner/work/ozone/ozone/hadoop-ozone/integration-test/target/test-dir/MiniOzoneClusterImpl-b130bf38-a386-42c3-bae6-e1ff26418ee2/datanode-1/data/ratis to VolumeSet
2022-08-04 23:30:20,088 [Listener at 127.0.0.1/46779] INFO  volume.ThrottledAsyncChecker (ThrottledAsyncChecker.java:schedule(141)) - Scheduling a check for /home/runner/work/ozone/ozone/hadoop-ozone/integration-test/target/test-dir/MiniOzoneClusterImpl-b130bf38-a386-42c3-bae6-e1ff26418ee2/datanode-1/data/ratis
2022-08-04 23:30:20,088 [Listener at 127.0.0.1/46779] INFO  volume.StorageVolumeChecker (StorageVolumeChecker.java:checkAllVolumes(202)) - Scheduled health check for volume /home/runner/work/ozone/ozone/hadoop-ozone/integration-test/target/test-dir/MiniOzoneClusterImpl-b130bf38-a386-42c3-bae6-e1ff26418ee2/datanode-1/data/ratis
2022-08-04 23:30:20,127 [Thread-420] INFO  ozoneimpl.ContainerReader (ContainerReader.java:readVolume(175)) - Finish verifying containers on volume /home/runner/work/ozone/ozone/hadoop-ozone/integration-test/target/test-dir/MiniOzoneClusterImpl-b130bf38-a386-42c3-bae6-e1ff26418ee2/datanode-1/data-0/containers/hdds
2022-08-04 23:30:20,127 [Listener at 127.0.0.1/46779] INFO  ozoneimpl.OzoneContainer (OzoneContainer.java:buildContainerSet(299)) - Build ContainerSet costs 0s
2022-08-04 23:30:20,129 [Listener at 127.0.0.1/46779] INFO  server.RaftServer (ConfUtils.java:logGet(46)) - raft.rpc.type = GRPC (default)
2022-08-04 23:30:20,130 [Listener at 127.0.0.1/46779] INFO  grpc.GrpcFactory (GrpcFactory.java:checkPooledByteBufAllocatorUseCacheForAllThreads(48)) - PERFORMANCE WARNING: useCacheForAllThreads is true that may cause Netty to create a lot garbage objects and, as a result, trigger GC.
	It is recommended to disable useCacheForAllThreads by setting -Dorg.apache.ratis.thirdparty.io.netty.allocator.useCacheForAllThreads=false in command line.
2022-08-04 23:30:20,130 [Listener at 127.0.0.1/46779] INFO  grpc.GrpcConfigKeys (ConfUtils.java:logGet(46)) - raft.grpc.admin.port = 0 (custom)
2022-08-04 23:30:20,130 [Listener at 127.0.0.1/46779] INFO  grpc.GrpcConfigKeys (ConfUtils.java:logGet(46)) - raft.grpc.client.port = 0 (custom)
2022-08-04 23:30:20,130 [Listener at 127.0.0.1/46779] INFO  grpc.GrpcConfigKeys (ConfUtils.java:logGet(46)) - raft.grpc.server.port = 0 (default)
2022-08-04 23:30:20,130 [Listener at 127.0.0.1/46779] INFO  server.GrpcService (ConfUtils.java:logGet(46)) - raft.grpc.message.size.max = 32MB (=33554432) (custom)
2022-08-04 23:30:20,130 [Listener at 127.0.0.1/46779] INFO  server.RaftServerConfigKeys (ConfUtils.java:logGet(46)) - raft.server.log.appender.buffer.byte-limit = 33554432 (custom)
2022-08-04 23:30:20,130 [Listener at 127.0.0.1/46779] INFO  server.GrpcService (ConfUtils.java:logGet(46)) - raft.grpc.flow.control.window = 5MB (=5242880) (custom)
2022-08-04 23:30:20,131 [Listener at 127.0.0.1/46779] INFO  server.RaftServerConfigKeys (ConfUtils.java:logGet(46)) - raft.server.rpc.request.timeout = 60s (custom)
2022-08-04 23:30:20,131 [Listener at 127.0.0.1/46779] INFO  grpc.GrpcConfigKeys (ConfUtils.java:logGet(46)) - raft.grpc.server.async.request.thread.pool.cached = true (default)
2022-08-04 23:30:20,131 [Listener at 127.0.0.1/46779] INFO  grpc.GrpcConfigKeys (ConfUtils.java:logGet(46)) - raft.grpc.server.async.request.thread.pool.size = 32 (default)
2022-08-04 23:30:20,132 [Listener at 127.0.0.1/46779] INFO  impl.DataStreamServerImpl (ConfUtils.java:logGet(46)) - raft.datastream.type = DISABLED (default)
2022-08-04 23:30:20,132 [Listener at 127.0.0.1/46779] INFO  server.RaftServerConfigKeys (ConfUtils.java:logGet(46)) - raft.server.threadpool.proxy.cached = true (default)
2022-08-04 23:30:20,132 [Listener at 127.0.0.1/46779] INFO  server.RaftServerConfigKeys (ConfUtils.java:logGet(46)) - raft.server.threadpool.proxy.size = 0 (default)
2022-08-04 23:30:20,132 [Listener at 127.0.0.1/46779] INFO  server.RaftServerConfigKeys (ConfUtils.java:logGet(46)) - raft.server.rpc.slowness.timeout = 300s (custom)
2022-08-04 23:30:20,133 [Listener at 127.0.0.1/46779] INFO  server.RaftServerConfigKeys (ConfUtils.java:logGet(46)) - raft.server.leaderelection.leader.step-down.wait-time = 10s (default)
2022-08-04 23:30:20,133 [Listener at 127.0.0.1/46779] INFO  server.RaftServerConfigKeys (ConfUtils.java:logGet(46)) - raft.server.storage.dir = [/home/runner/work/ozone/ozone/hadoop-ozone/integration-test/target/test-dir/MiniOzoneClusterImpl-b130bf38-a386-42c3-bae6-e1ff26418ee2/datanode-1/data/ratis] (custom)
2022-08-04 23:30:20,134 [Listener at 127.0.0.1/46779] INFO  server.XceiverServerGrpc (XceiverServerGrpc.java:<init>(132)) - GrpcServer channel type EpollServerSocketChannel
2022-08-04 23:30:20,137 [Listener at 127.0.0.1/46779] INFO  http.BaseHttpServer (BaseHttpServer.java:newHttpServer2BuilderForOzone(209)) - Starting Web-server for hddsDatanode at: http://0.0.0.0:0
2022-08-04 23:30:20,137 [Listener at 127.0.0.1/46779] INFO  http.BaseHttpServer (BaseHttpServer.java:<init>(107)) - Hadoop Security Enabled: false Ozone Security Enabled: false Ozone HTTP Security Enabled: false 
2022-08-04 23:30:20,138 [Listener at 127.0.0.1/46779] INFO  server.AuthenticationFilter (AuthenticationFilter.java:constructSecretProvider(240)) - Unable to initialize FileSignerSecretProvider, falling back to use random secrets.
2022-08-04 23:30:20,143 [Listener at 127.0.0.1/46779] WARN  http.HttpRequestLog (HttpRequestLog.java:getRequestLog(103)) - Jetty request log can only be enabled using Log4j
2022-08-04 23:30:20,144 [Listener at 127.0.0.1/46779] INFO  http.HttpServer2 (HttpServer2.java:addGlobalFilter(1029)) - Added global filter 'safety' (class=org.apache.hadoop.hdds.server.http.HttpServer2$QuotingInputFilter)
2022-08-04 23:30:20,152 [Listener at 127.0.0.1/46779] INFO  http.HttpServer2 (HttpServer2.java:addFilter(1005)) - Added filter static_user_filter (class=org.apache.hadoop.http.lib.StaticUserWebFilter$StaticUserFilter) to context hddsDatanode
2022-08-04 23:30:20,152 [Listener at 127.0.0.1/46779] INFO  http.HttpServer2 (HttpServer2.java:addFilter(1013)) - Added filter static_user_filter (class=org.apache.hadoop.http.lib.StaticUserWebFilter$StaticUserFilter) to context logs
2022-08-04 23:30:20,152 [Listener at 127.0.0.1/46779] INFO  http.HttpServer2 (HttpServer2.java:addFilter(1013)) - Added filter static_user_filter (class=org.apache.hadoop.http.lib.StaticUserWebFilter$StaticUserFilter) to context static
2022-08-04 23:30:20,152 [Listener at 127.0.0.1/46779] INFO  http.HttpServer2 (HttpServer2.java:bindListener(1248)) - Jetty bound to port 41957
2022-08-04 23:30:20,153 [Listener at 127.0.0.1/46779] INFO  server.Server (Server.java:doStart(375)) - jetty-9.4.43.v20210629; built: 2021-06-30T11:07:22.254Z; git: 526006ecfa3af7f1a27ef3a288e2bef7ea9dd7e8; jvm 1.8.0_332-b09
2022-08-04 23:30:20,203 [Listener at 127.0.0.1/46779] INFO  server.session (DefaultSessionIdManager.java:doStart(334)) - DefaultSessionIdManager workerName=node0
2022-08-04 23:30:20,203 [Listener at 127.0.0.1/46779] INFO  server.session (DefaultSessionIdManager.java:doStart(339)) - No SessionScavenger set, using defaults
2022-08-04 23:30:20,203 [Listener at 127.0.0.1/46779] INFO  server.session (HouseKeeper.java:startScavenging(132)) - node0 Scavenging every 600000ms
2022-08-04 23:30:20,211 [Listener at 127.0.0.1/46779] INFO  handler.ContextHandler (ContextHandler.java:doStart(915)) - Started o.e.j.s.ServletContextHandler@7b591f4{logs,/logs,file:///home/runner/work/ozone/ozone/hadoop-ozone/integration-test/target/log,AVAILABLE}
2022-08-04 23:30:20,211 [Listener at 127.0.0.1/46779] INFO  handler.ContextHandler (ContextHandler.java:doStart(915)) - Started o.e.j.s.ServletContextHandler@6a59c0fd{static,/static,jar:file:/home/runner/.m2/repository/org/apache/ozone/hdds-container-service/1.3.0-SNAPSHOT/hdds-container-service-1.3.0-SNAPSHOT.jar!/webapps/static,AVAILABLE}
2022-08-04 23:30:20,275 [om1@group-C5BA1605619E-FollowerState] INFO  impl.FollowerState (FollowerState.java:run(143)) - om1@group-C5BA1605619E-FollowerState: change to CANDIDATE, lastRpcElapsedTime:1175826301ns, electionTimeout:1163ms
2022-08-04 23:30:20,275 [om1@group-C5BA1605619E-FollowerState] INFO  impl.RoleInfo (RoleInfo.java:shutdownFollowerState(110)) - om1: shutdown om1@group-C5BA1605619E-FollowerState
2022-08-04 23:30:20,275 [om1@group-C5BA1605619E-FollowerState] INFO  server.RaftServer$Division (RaftServerImpl.java:setRole(299)) - om1@group-C5BA1605619E: changes role from  FOLLOWER to CANDIDATE at term 0 for changeToCandidate
2022-08-04 23:30:20,275 [om1@group-C5BA1605619E-FollowerState] INFO  server.RaftServerConfigKeys (ConfUtils.java:logGet(46)) - raft.server.leaderelection.pre-vote = false (custom)
2022-08-04 23:30:20,275 [om1@group-C5BA1605619E-FollowerState] INFO  impl.RoleInfo (RoleInfo.java:updateAndGet(139)) - om1: start om1@group-C5BA1605619E-LeaderElection11
2022-08-04 23:30:20,300 [om1@group-C5BA1605619E-LeaderElection11] INFO  impl.LeaderElection (LeaderElection.java:askForVotes(310)) - om1@group-C5BA1605619E-LeaderElection11 ELECTION round 0: submit vote requests at term 1 for -1: [om1|rpc:localhost:9872|priority:0], old=null
2022-08-04 23:30:20,300 [om1@group-C5BA1605619E-LeaderElection11] INFO  impl.LeaderElection (LeaderElection.java:askForVotes(312)) - om1@group-C5BA1605619E-LeaderElection11 ELECTION round 0: result PASSED (term=1)
2022-08-04 23:30:20,300 [om1@group-C5BA1605619E-LeaderElection11] INFO  impl.RoleInfo (RoleInfo.java:shutdownLeaderElection(130)) - om1: shutdown om1@group-C5BA1605619E-LeaderElection11
2022-08-04 23:30:20,300 [om1@group-C5BA1605619E-LeaderElection11] INFO  server.RaftServer$Division (RaftServerImpl.java:setRole(299)) - om1@group-C5BA1605619E: changes role from CANDIDATE to LEADER at term 1 for changeToLeader
2022-08-04 23:30:20,300 [om1@group-C5BA1605619E-LeaderElection11] INFO  server.RaftServer$Division (ServerState.java:setLeader(287)) - om1@group-C5BA1605619E: change Leader from null to om1 at term 1 for becomeLeader, leader elected after 2053ms
2022-08-04 23:30:20,300 [om1@group-C5BA1605619E-LeaderElection11] INFO  server.RaftServerConfigKeys (ConfUtils.java:logGet(46)) - raft.server.staging.catchup.gap = 1000 (default)
2022-08-04 23:30:20,300 [om1@group-C5BA1605619E-LeaderElection11] INFO  server.RaftServerConfigKeys (ConfUtils.java:logGet(46)) - raft.server.write.element-limit = 4096 (default)
2022-08-04 23:30:20,300 [om1@group-C5BA1605619E-LeaderElection11] INFO  server.RaftServerConfigKeys (ConfUtils.java:logGet(46)) - raft.server.write.byte-limit = 64MB (=67108864) (default)
2022-08-04 23:30:20,301 [om1@group-C5BA1605619E-LeaderElection11] INFO  server.RaftServerConfigKeys (ConfUtils.java:logGet(46)) - raft.server.watch.timeout = 10s (default)
2022-08-04 23:30:20,301 [om1@group-C5BA1605619E-LeaderElection11] INFO  server.RaftServerConfigKeys (ConfUtils.java:logGet(46)) - raft.server.watch.timeout.denomination = 1s (default)
2022-08-04 23:30:20,303 [om1@group-C5BA1605619E-LeaderElection11] INFO  server.RaftServerConfigKeys (ConfUtils.java:logGet(46)) - raft.server.watch.element-limit = 65536 (default)
2022-08-04 23:30:20,303 [om1@group-C5BA1605619E-LeaderElection11] INFO  server.RaftServerConfigKeys (ConfUtils.java:logGet(46)) - raft.server.write.element-limit = 4096 (default)
2022-08-04 23:30:20,303 [om1@group-C5BA1605619E-LeaderElection11] INFO  server.RaftServerConfigKeys (ConfUtils.java:logGet(46)) - raft.server.write.follower.gap.ratio.max = -1.0 (default)
2022-08-04 23:30:20,303 [om1@group-C5BA1605619E-LeaderElection11] INFO  impl.RoleInfo (RoleInfo.java:updateAndGet(139)) - om1: start om1@group-C5BA1605619E-LeaderStateImpl
2022-08-04 23:30:20,304 [om1@group-C5BA1605619E-LeaderElection11] INFO  segmented.SegmentedRaftLogWorker (SegmentedRaftLogWorker.java:startLogSegment(425)) - om1@group-C5BA1605619E-SegmentedRaftLogWorker: Starting segment from index:0
2022-08-04 23:30:20,316 [om1@group-C5BA1605619E-LeaderElection11] INFO  server.RaftServer$Division (ServerState.java:setRaftConf(393)) - om1@group-C5BA1605619E: set configuration 0: [om1|rpc:localhost:9872|admin:|client:|dataStream:|priority:0], old=null
2022-08-04 23:30:20,319 [om1@group-C5BA1605619E-SegmentedRaftLogWorker] INFO  segmented.SegmentedRaftLogWorker (SegmentedRaftLogWorker.java:execute(629)) - om1@group-C5BA1605619E-SegmentedRaftLogWorker: created new log segment /home/runner/work/ozone/ozone/hadoop-ozone/integration-test/target/test-dir/MiniOzoneClusterImpl-b130bf38-a386-42c3-bae6-e1ff26418ee2/ozone-meta/ratis/bf265839-605b-3f16-9796-c5ba1605619e/current/log_inprogress_0
2022-08-04 23:30:20,322 [om1@group-C5BA1605619E-StateMachineUpdater] INFO  ratis.OzoneManagerStateMachine (OzoneManagerStateMachine.java:notifyConfigurationChanged(192)) - Received Configuration change notification from Ratis. New Peer list:
[id: "om1"
address: "localhost:9872"
]
2022-08-04 23:30:20,503 [Listener at 127.0.0.1/46779] INFO  handler.ContextHandler (ContextHandler.java:doStart(915)) - Started o.e.j.w.WebAppContext@6716eb44{hddsDatanode,/,file:///tmp/jetty-0_0_0_0-41957-hdds-container-service-1_3_0-SNAPSHOT_jar-_-any-8310512225040198956/webapp/,AVAILABLE}{jar:file:/home/runner/.m2/repository/org/apache/ozone/hdds-container-service/1.3.0-SNAPSHOT/hdds-container-service-1.3.0-SNAPSHOT.jar!/webapps/hddsDatanode}
2022-08-04 23:30:20,511 [Listener at 127.0.0.1/46779] INFO  server.AbstractConnector (AbstractConnector.java:doStart(331)) - Started ServerConnector@aac61f0{HTTP/1.1, (http/1.1)}{0.0.0.0:41957}
2022-08-04 23:30:20,511 [Listener at 127.0.0.1/46779] INFO  server.Server (Server.java:doStart(415)) - Started @45505ms
2022-08-04 23:30:20,511 [Listener at 127.0.0.1/46779] WARN  impl.MetricsSystemImpl (MetricsSystemImpl.java:register(279)) - Sink prometheus already exists!
2022-08-04 23:30:20,512 [Listener at 127.0.0.1/46779] INFO  http.BaseHttpServer (BaseHttpServer.java:updateConnectorAddress(329)) - HTTP server of hddsDatanode listening at http://0.0.0.0:41957
2022-08-04 23:30:20,522 [Listener at 127.0.0.1/46779] WARN  impl.MetricRegistriesImpl (MetricRegistriesImpl.java:addReporterRegistration(111)) - New reporters are added after registries were created. Some metrics will be missing from the reporter. Please add reporter before adding any new registry.
2022-08-04 23:30:20,522 [Listener at 127.0.0.1/46779] WARN  impl.MetricRegistriesImpl (MetricRegistriesImpl.java:addReporterRegistration(111)) - New reporters are added after registries were created. Some metrics will be missing from the reporter. Please add reporter before adding any new registry.
2022-08-04 23:30:20,522 [Listener at 127.0.0.1/46779] INFO  impl.MetricsSystemImpl (MetricsSystemImpl.java:init(158)) - HddsDatanode metrics system started (again)
2022-08-04 23:30:20,531 [Datanode State Machine Daemon Thread] INFO  statemachine.DatanodeStateMachine (DatanodeStateMachine.java:lambda$startDaemon$0(492)) - Ozone container server started.
2022-08-04 23:30:20,550 [Listener at 127.0.0.1/46779] INFO  ozone.HddsDatanodeService (HddsDatanodeService.java:start(236)) - HddsDatanodeService host:fv-az241-597.bb25ywkzvhnelkltyshw0e441e.jx.internal.cloudapp.net ip:10.1.0.37
2022-08-04 23:30:20,589 [Listener at 127.0.0.1/46779] INFO  upgrade.AbstractLayoutVersionManager (AbstractLayoutVersionManager.java:init(83)) - Initializing Layout version manager with metadata layout = DATANODE_SCHEMA_V3 (version = 4), software layout = DATANODE_SCHEMA_V3 (version = 4)
2022-08-04 23:30:20,591 [org.apache.hadoop.util.JvmPauseMonitor$Monitor@220c7dc6] INFO  util.JvmPauseMonitor (JvmPauseMonitor.java:run(188)) - Starting JVM pause monitor
2022-08-04 23:30:20,596 [Datanode State Machine Task Thread - 0] INFO  datanode.InitDatanodeState (InitDatanodeState.java:persistContainerDatanodeDetails(138)) - DatanodeDetails is persisted to /home/runner/work/ozone/ozone/hadoop-ozone/integration-test/target/test-dir/MiniOzoneClusterImpl-b130bf38-a386-42c3-bae6-e1ff26418ee2/datanode-1/meta/datanode.id
2022-08-04 23:30:20,686 [Listener at 127.0.0.1/46779] INFO  reflections.Reflections (Reflections.java:scan(232)) - Reflections took 96 ms to scan 7 urls, producing 132 keys and 321 values 
2022-08-04 23:30:20,688 [Listener at 127.0.0.1/46779] INFO  statemachine.DatanodeStateMachine (DatanodeStateMachine.java:getEndPointTaskThreadPoolSize(237)) - Datanode State Machine Task Thread Pool size 2
2022-08-04 23:30:20,694 [Listener at 127.0.0.1/46779] INFO  volume.HddsVolume (HddsVolume.java:<init>(116)) - Creating HddsVolume: /home/runner/work/ozone/ozone/hadoop-ozone/integration-test/target/test-dir/MiniOzoneClusterImpl-b130bf38-a386-42c3-bae6-e1ff26418ee2/datanode-2/data-0/containers/hdds of storage type : DISK capacity : 9223372036854775807
2022-08-04 23:30:20,695 [Listener at 127.0.0.1/46779] INFO  volume.MutableVolumeSet (MutableVolumeSet.java:initializeVolumeSet(174)) - Added Volume : /home/runner/work/ozone/ozone/hadoop-ozone/integration-test/target/test-dir/MiniOzoneClusterImpl-b130bf38-a386-42c3-bae6-e1ff26418ee2/datanode-2/data-0/containers/hdds to VolumeSet
2022-08-04 23:30:20,695 [Listener at 127.0.0.1/46779] INFO  volume.ThrottledAsyncChecker (ThrottledAsyncChecker.java:schedule(141)) - Scheduling a check for /home/runner/work/ozone/ozone/hadoop-ozone/integration-test/target/test-dir/MiniOzoneClusterImpl-b130bf38-a386-42c3-bae6-e1ff26418ee2/datanode-2/data-0/containers/hdds
2022-08-04 23:30:20,711 [Listener at 127.0.0.1/46779] INFO  volume.StorageVolumeChecker (StorageVolumeChecker.java:checkAllVolumes(202)) - Scheduled health check for volume /home/runner/work/ozone/ozone/hadoop-ozone/integration-test/target/test-dir/MiniOzoneClusterImpl-b130bf38-a386-42c3-bae6-e1ff26418ee2/datanode-2/data-0/containers/hdds
2022-08-04 23:30:20,741 [Listener at 127.0.0.1/46779] INFO  volume.MutableVolumeSet (MutableVolumeSet.java:initializeVolumeSet(174)) - Added Volume : /home/runner/work/ozone/ozone/hadoop-ozone/integration-test/target/test-dir/MiniOzoneClusterImpl-b130bf38-a386-42c3-bae6-e1ff26418ee2/datanode-2/data/ratis to VolumeSet
2022-08-04 23:30:20,741 [Listener at 127.0.0.1/46779] INFO  volume.ThrottledAsyncChecker (ThrottledAsyncChecker.java:schedule(141)) - Scheduling a check for /home/runner/work/ozone/ozone/hadoop-ozone/integration-test/target/test-dir/MiniOzoneClusterImpl-b130bf38-a386-42c3-bae6-e1ff26418ee2/datanode-2/data/ratis
2022-08-04 23:30:20,741 [Listener at 127.0.0.1/46779] INFO  volume.StorageVolumeChecker (StorageVolumeChecker.java:checkAllVolumes(202)) - Scheduled health check for volume /home/runner/work/ozone/ozone/hadoop-ozone/integration-test/target/test-dir/MiniOzoneClusterImpl-b130bf38-a386-42c3-bae6-e1ff26418ee2/datanode-2/data/ratis
2022-08-04 23:30:20,765 [Thread-435] INFO  ozoneimpl.ContainerReader (ContainerReader.java:readVolume(175)) - Finish verifying containers on volume /home/runner/work/ozone/ozone/hadoop-ozone/integration-test/target/test-dir/MiniOzoneClusterImpl-b130bf38-a386-42c3-bae6-e1ff26418ee2/datanode-2/data-0/containers/hdds
2022-08-04 23:30:20,766 [Listener at 127.0.0.1/46779] INFO  ozoneimpl.OzoneContainer (OzoneContainer.java:buildContainerSet(299)) - Build ContainerSet costs 0s
2022-08-04 23:30:20,768 [Listener at 127.0.0.1/46779] INFO  server.RaftServer (ConfUtils.java:logGet(46)) - raft.rpc.type = GRPC (default)
2022-08-04 23:30:20,768 [Listener at 127.0.0.1/46779] INFO  grpc.GrpcFactory (GrpcFactory.java:checkPooledByteBufAllocatorUseCacheForAllThreads(48)) - PERFORMANCE WARNING: useCacheForAllThreads is true that may cause Netty to create a lot garbage objects and, as a result, trigger GC.
	It is recommended to disable useCacheForAllThreads by setting -Dorg.apache.ratis.thirdparty.io.netty.allocator.useCacheForAllThreads=false in command line.
2022-08-04 23:30:20,769 [Listener at 127.0.0.1/46779] INFO  grpc.GrpcConfigKeys (ConfUtils.java:logGet(46)) - raft.grpc.admin.port = 0 (custom)
2022-08-04 23:30:20,769 [Listener at 127.0.0.1/46779] INFO  grpc.GrpcConfigKeys (ConfUtils.java:logGet(46)) - raft.grpc.client.port = 0 (custom)
2022-08-04 23:30:20,769 [Listener at 127.0.0.1/46779] INFO  grpc.GrpcConfigKeys (ConfUtils.java:logGet(46)) - raft.grpc.server.port = 0 (default)
2022-08-04 23:30:20,769 [Listener at 127.0.0.1/46779] INFO  server.GrpcService (ConfUtils.java:logGet(46)) - raft.grpc.message.size.max = 32MB (=33554432) (custom)
2022-08-04 23:30:20,769 [Listener at 127.0.0.1/46779] INFO  server.RaftServerConfigKeys (ConfUtils.java:logGet(46)) - raft.server.log.appender.buffer.byte-limit = 33554432 (custom)
2022-08-04 23:30:20,769 [Listener at 127.0.0.1/46779] INFO  server.GrpcService (ConfUtils.java:logGet(46)) - raft.grpc.flow.control.window = 5MB (=5242880) (custom)
2022-08-04 23:30:20,769 [Listener at 127.0.0.1/46779] INFO  server.RaftServerConfigKeys (ConfUtils.java:logGet(46)) - raft.server.rpc.request.timeout = 60s (custom)
2022-08-04 23:30:20,769 [Listener at 127.0.0.1/46779] INFO  grpc.GrpcConfigKeys (ConfUtils.java:logGet(46)) - raft.grpc.server.async.request.thread.pool.cached = true (default)
2022-08-04 23:30:20,769 [Listener at 127.0.0.1/46779] INFO  grpc.GrpcConfigKeys (ConfUtils.java:logGet(46)) - raft.grpc.server.async.request.thread.pool.size = 32 (default)
2022-08-04 23:30:20,770 [Listener at 127.0.0.1/46779] INFO  impl.DataStreamServerImpl (ConfUtils.java:logGet(46)) - raft.datastream.type = DISABLED (default)
2022-08-04 23:30:20,771 [Listener at 127.0.0.1/46779] INFO  server.RaftServerConfigKeys (ConfUtils.java:logGet(46)) - raft.server.threadpool.proxy.cached = true (default)
2022-08-04 23:30:20,771 [Listener at 127.0.0.1/46779] INFO  server.RaftServerConfigKeys (ConfUtils.java:logGet(46)) - raft.server.threadpool.proxy.size = 0 (default)
2022-08-04 23:30:20,771 [Listener at 127.0.0.1/46779] INFO  server.RaftServerConfigKeys (ConfUtils.java:logGet(46)) - raft.server.rpc.slowness.timeout = 300s (custom)
2022-08-04 23:30:20,771 [Listener at 127.0.0.1/46779] INFO  server.RaftServerConfigKeys (ConfUtils.java:logGet(46)) - raft.server.leaderelection.leader.step-down.wait-time = 10s (default)
2022-08-04 23:30:20,771 [Listener at 127.0.0.1/46779] INFO  server.RaftServerConfigKeys (ConfUtils.java:logGet(46)) - raft.server.storage.dir = [/home/runner/work/ozone/ozone/hadoop-ozone/integration-test/target/test-dir/MiniOzoneClusterImpl-b130bf38-a386-42c3-bae6-e1ff26418ee2/datanode-2/data/ratis] (custom)
2022-08-04 23:30:20,784 [Listener at 127.0.0.1/46779] INFO  server.XceiverServerGrpc (XceiverServerGrpc.java:<init>(132)) - GrpcServer channel type EpollServerSocketChannel
2022-08-04 23:30:20,799 [Listener at 127.0.0.1/46779] INFO  http.BaseHttpServer (BaseHttpServer.java:newHttpServer2BuilderForOzone(209)) - Starting Web-server for hddsDatanode at: http://0.0.0.0:0
2022-08-04 23:30:20,800 [Listener at 127.0.0.1/46779] INFO  http.BaseHttpServer (BaseHttpServer.java:<init>(107)) - Hadoop Security Enabled: false Ozone Security Enabled: false Ozone HTTP Security Enabled: false 
2022-08-04 23:30:20,800 [Listener at 127.0.0.1/46779] INFO  server.AuthenticationFilter (AuthenticationFilter.java:constructSecretProvider(240)) - Unable to initialize FileSignerSecretProvider, falling back to use random secrets.
2022-08-04 23:30:20,801 [Listener at 127.0.0.1/46779] WARN  http.HttpRequestLog (HttpRequestLog.java:getRequestLog(103)) - Jetty request log can only be enabled using Log4j
2022-08-04 23:30:20,802 [Listener at 127.0.0.1/46779] INFO  http.HttpServer2 (HttpServer2.java:addGlobalFilter(1029)) - Added global filter 'safety' (class=org.apache.hadoop.hdds.server.http.HttpServer2$QuotingInputFilter)
2022-08-04 23:30:20,803 [Listener at 127.0.0.1/46779] INFO  http.HttpServer2 (HttpServer2.java:addFilter(1005)) - Added filter static_user_filter (class=org.apache.hadoop.http.lib.StaticUserWebFilter$StaticUserFilter) to context hddsDatanode
2022-08-04 23:30:20,803 [Listener at 127.0.0.1/46779] INFO  http.HttpServer2 (HttpServer2.java:addFilter(1013)) - Added filter static_user_filter (class=org.apache.hadoop.http.lib.StaticUserWebFilter$StaticUserFilter) to context static
2022-08-04 23:30:20,803 [Listener at 127.0.0.1/46779] INFO  http.HttpServer2 (HttpServer2.java:addFilter(1013)) - Added filter static_user_filter (class=org.apache.hadoop.http.lib.StaticUserWebFilter$StaticUserFilter) to context logs
2022-08-04 23:30:20,803 [Listener at 127.0.0.1/46779] INFO  http.HttpServer2 (HttpServer2.java:bindListener(1248)) - Jetty bound to port 35845
2022-08-04 23:30:20,803 [Listener at 127.0.0.1/46779] INFO  server.Server (Server.java:doStart(375)) - jetty-9.4.43.v20210629; built: 2021-06-30T11:07:22.254Z; git: 526006ecfa3af7f1a27ef3a288e2bef7ea9dd7e8; jvm 1.8.0_332-b09
2022-08-04 23:30:20,824 [Listener at 127.0.0.1/46779] INFO  server.session (DefaultSessionIdManager.java:doStart(334)) - DefaultSessionIdManager workerName=node0
2022-08-04 23:30:20,824 [Listener at 127.0.0.1/46779] INFO  server.session (DefaultSessionIdManager.java:doStart(339)) - No SessionScavenger set, using defaults
2022-08-04 23:30:20,824 [Listener at 127.0.0.1/46779] INFO  server.session (HouseKeeper.java:startScavenging(132)) - node0 Scavenging every 660000ms
2022-08-04 23:30:20,825 [Listener at 127.0.0.1/46779] INFO  handler.ContextHandler (ContextHandler.java:doStart(915)) - Started o.e.j.s.ServletContextHandler@18105d14{logs,/logs,file:///home/runner/work/ozone/ozone/hadoop-ozone/integration-test/target/log,AVAILABLE}
2022-08-04 23:30:20,825 [Listener at 127.0.0.1/46779] INFO  handler.ContextHandler (ContextHandler.java:doStart(915)) - Started o.e.j.s.ServletContextHandler@1e98ee48{static,/static,jar:file:/home/runner/.m2/repository/org/apache/ozone/hdds-container-service/1.3.0-SNAPSHOT/hdds-container-service-1.3.0-SNAPSHOT.jar!/webapps/static,AVAILABLE}
2022-08-04 23:30:21,165 [Listener at 127.0.0.1/46779] INFO  handler.ContextHandler (ContextHandler.java:doStart(915)) - Started o.e.j.w.WebAppContext@4ce6e84f{hddsDatanode,/,file:///tmp/jetty-0_0_0_0-35845-hdds-container-service-1_3_0-SNAPSHOT_jar-_-any-4426633218625516808/webapp/,AVAILABLE}{jar:file:/home/runner/.m2/repository/org/apache/ozone/hdds-container-service/1.3.0-SNAPSHOT/hdds-container-service-1.3.0-SNAPSHOT.jar!/webapps/hddsDatanode}
2022-08-04 23:30:21,167 [Listener at 127.0.0.1/46779] INFO  server.AbstractConnector (AbstractConnector.java:doStart(331)) - Started ServerConnector@3c556542{HTTP/1.1, (http/1.1)}{0.0.0.0:35845}
2022-08-04 23:30:21,175 [Listener at 127.0.0.1/46779] INFO  server.Server (Server.java:doStart(415)) - Started @46169ms
2022-08-04 23:30:21,175 [Listener at 127.0.0.1/46779] WARN  impl.MetricsSystemImpl (MetricsSystemImpl.java:register(279)) - Sink prometheus already exists!
2022-08-04 23:30:21,176 [Listener at 127.0.0.1/46779] INFO  http.BaseHttpServer (BaseHttpServer.java:updateConnectorAddress(329)) - HTTP server of hddsDatanode listening at http://0.0.0.0:35845
2022-08-04 23:30:21,183 [Datanode State Machine Daemon Thread] INFO  statemachine.DatanodeStateMachine (DatanodeStateMachine.java:lambda$startDaemon$0(492)) - Ozone container server started.
2022-08-04 23:30:21,192 [Listener at 127.0.0.1/46779] INFO  ozone.MiniOzoneClusterImpl (MiniOzoneClusterImpl.java:lambda$waitForClusterToBeReady$0(216)) - Waiting for nodes to be ready. Got 0 of 3 DN Heartbeats.
2022-08-04 23:30:21,192 [Listener at 127.0.0.1/46779] INFO  ozone.MiniOzoneClusterImpl (MiniOzoneClusterImpl.java:lambda$waitForClusterToBeReady$0(219)) - Waiting for cluster to exit safe mode
2022-08-04 23:30:21,192 [Listener at 127.0.0.1/46779] INFO  ozone.MiniOzoneClusterImpl (MiniOzoneClusterImpl.java:lambda$waitForClusterToBeReady$0(221)) - SCM became leader
2022-08-04 23:30:21,227 [org.apache.hadoop.util.JvmPauseMonitor$Monitor@12c863f5] INFO  util.JvmPauseMonitor (JvmPauseMonitor.java:run(188)) - Starting JVM pause monitor
2022-08-04 23:30:21,238 [Datanode State Machine Task Thread - 0] INFO  datanode.InitDatanodeState (InitDatanodeState.java:persistContainerDatanodeDetails(138)) - DatanodeDetails is persisted to /home/runner/work/ozone/ozone/hadoop-ozone/integration-test/target/test-dir/MiniOzoneClusterImpl-b130bf38-a386-42c3-bae6-e1ff26418ee2/datanode-2/meta/datanode.id
2022-08-04 23:30:22,030 [EndpointStateMachine task thread for /0.0.0.0:43149 - 0 ] INFO  volume.HddsVolume (HddsVolume.java:createDbStore(309)) - SchemaV3 db is created and loaded at /home/runner/work/ozone/ozone/hadoop-ozone/integration-test/target/test-dir/MiniOzoneClusterImpl-b130bf38-a386-42c3-bae6-e1ff26418ee2/datanode-0/data-0/containers/hdds/b130bf38-a386-42c3-bae6-e1ff26418ee2/DS-3a83817e-5f78-4d0f-b6a8-eb722627fdd8/container.db for volume DS-3a83817e-5f78-4d0f-b6a8-eb722627fdd8
2022-08-04 23:30:22,043 [EndpointStateMachine task thread for /0.0.0.0:43149 - 0 ] INFO  volume.HddsVolume (HddsVolume.java:closeDbStore(340)) - SchemaV3 db is stopped at /home/runner/work/ozone/ozone/hadoop-ozone/integration-test/target/test-dir/MiniOzoneClusterImpl-b130bf38-a386-42c3-bae6-e1ff26418ee2/datanode-0/data-0/containers/hdds/b130bf38-a386-42c3-bae6-e1ff26418ee2/DS-3a83817e-5f78-4d0f-b6a8-eb722627fdd8/container.db for volume DS-3a83817e-5f78-4d0f-b6a8-eb722627fdd8
2022-08-04 23:30:22,044 [EndpointStateMachine task thread for /0.0.0.0:43149 - 0 ] INFO  ozoneimpl.OzoneContainer (OzoneContainer.java:start(377)) - Attempting to start container services.
2022-08-04 23:30:22,044 [EndpointStateMachine task thread for /0.0.0.0:43149 - 0 ] INFO  ozoneimpl.OzoneContainer (OzoneContainer.java:startContainerScrub(312)) - Background container scanner has been disabled.
2022-08-04 23:30:22,047 [EndpointStateMachine task thread for /0.0.0.0:43149 - 0 ] INFO  replication.ReplicationServer (ReplicationServer.java:start(111)) - ReplicationServer is started using port 36445
2022-08-04 23:30:22,048 [EndpointStateMachine task thread for /0.0.0.0:43149 - 0 ] INFO  ratis.XceiverServerRatis (XceiverServerRatis.java:start(481)) - Starting XceiverServerRatis a35da7ae-a755-466c-a337-1fa4c3c079dc
2022-08-04 23:30:22,048 [EndpointStateMachine task thread for /0.0.0.0:43149 - 0 ] INFO  server.RaftServer (RaftServerProxy.java:lambda$start$6(382)) - a35da7ae-a755-466c-a337-1fa4c3c079dc: start RPC server
2022-08-04 23:30:22,052 [EndpointStateMachine task thread for /0.0.0.0:43149 - 0 ] INFO  server.GrpcService (GrpcService.java:startImpl(260)) - a35da7ae-a755-466c-a337-1fa4c3c079dc: GrpcService started, listening on 37029
2022-08-04 23:30:22,052 [EndpointStateMachine task thread for /0.0.0.0:43149 - 0 ] INFO  ratis.XceiverServerRatis (XceiverServerRatis.java:getRealPort(502)) - XceiverServerRatis a35da7ae-a755-466c-a337-1fa4c3c079dc is started using port 37029 for RATIS
2022-08-04 23:30:22,052 [org.apache.ratis.util.JvmPauseMonitor$$Lambda$682/1302746218@4adbeb8d] INFO  util.JvmPauseMonitor (JvmPauseMonitor.java:run(103)) - JvmPauseMonitor-a35da7ae-a755-466c-a337-1fa4c3c079dc: Started
2022-08-04 23:30:22,053 [EndpointStateMachine task thread for /0.0.0.0:43149 - 0 ] INFO  ratis.XceiverServerRatis (XceiverServerRatis.java:getRealPort(502)) - XceiverServerRatis a35da7ae-a755-466c-a337-1fa4c3c079dc is started using port 37029 for RATIS_ADMIN
2022-08-04 23:30:22,053 [EndpointStateMachine task thread for /0.0.0.0:43149 - 0 ] INFO  ratis.XceiverServerRatis (XceiverServerRatis.java:getRealPort(502)) - XceiverServerRatis a35da7ae-a755-466c-a337-1fa4c3c079dc is started using port 37029 for RATIS_SERVER
2022-08-04 23:30:22,084 [EndpointStateMachine task thread for /0.0.0.0:43149 - 0 ] INFO  server.XceiverServerGrpc (XceiverServerGrpc.java:start(180)) - XceiverServerGrpc a35da7ae-a755-466c-a337-1fa4c3c079dc is started using port 37665
2022-08-04 23:30:22,192 [Listener at 127.0.0.1/46779] INFO  ozone.MiniOzoneClusterImpl (MiniOzoneClusterImpl.java:lambda$waitForClusterToBeReady$0(216)) - Waiting for nodes to be ready. Got 0 of 3 DN Heartbeats.
2022-08-04 23:30:22,192 [Listener at 127.0.0.1/46779] INFO  ozone.MiniOzoneClusterImpl (MiniOzoneClusterImpl.java:lambda$waitForClusterToBeReady$0(219)) - Waiting for cluster to exit safe mode
2022-08-04 23:30:22,192 [Listener at 127.0.0.1/46779] INFO  ozone.MiniOzoneClusterImpl (MiniOzoneClusterImpl.java:lambda$waitForClusterToBeReady$0(221)) - SCM became leader
2022-08-04 23:30:22,665 [EndpointStateMachine task thread for /0.0.0.0:43149 - 0 ] INFO  volume.HddsVolume (HddsVolume.java:createDbStore(309)) - SchemaV3 db is created and loaded at /home/runner/work/ozone/ozone/hadoop-ozone/integration-test/target/test-dir/MiniOzoneClusterImpl-b130bf38-a386-42c3-bae6-e1ff26418ee2/datanode-1/data-0/containers/hdds/b130bf38-a386-42c3-bae6-e1ff26418ee2/DS-bb64327f-9e4e-4fce-9090-6c8271c50ee4/container.db for volume DS-bb64327f-9e4e-4fce-9090-6c8271c50ee4
2022-08-04 23:30:22,666 [EndpointStateMachine task thread for /0.0.0.0:43149 - 0 ] INFO  volume.HddsVolume (HddsVolume.java:closeDbStore(340)) - SchemaV3 db is stopped at /home/runner/work/ozone/ozone/hadoop-ozone/integration-test/target/test-dir/MiniOzoneClusterImpl-b130bf38-a386-42c3-bae6-e1ff26418ee2/datanode-1/data-0/containers/hdds/b130bf38-a386-42c3-bae6-e1ff26418ee2/DS-bb64327f-9e4e-4fce-9090-6c8271c50ee4/container.db for volume DS-bb64327f-9e4e-4fce-9090-6c8271c50ee4
2022-08-04 23:30:22,666 [EndpointStateMachine task thread for /0.0.0.0:43149 - 0 ] INFO  ozoneimpl.OzoneContainer (OzoneContainer.java:start(377)) - Attempting to start container services.
2022-08-04 23:30:22,666 [EndpointStateMachine task thread for /0.0.0.0:43149 - 0 ] INFO  ozoneimpl.OzoneContainer (OzoneContainer.java:startContainerScrub(312)) - Background container scanner has been disabled.
2022-08-04 23:30:22,679 [EndpointStateMachine task thread for /0.0.0.0:43149 - 0 ] INFO  replication.ReplicationServer (ReplicationServer.java:start(111)) - ReplicationServer is started using port 45121
2022-08-04 23:30:22,680 [EndpointStateMachine task thread for /0.0.0.0:43149 - 0 ] INFO  ratis.XceiverServerRatis (XceiverServerRatis.java:start(481)) - Starting XceiverServerRatis d751fb25-d78a-4d89-afb8-16dc86d81c92
2022-08-04 23:30:22,687 [EndpointStateMachine task thread for /0.0.0.0:43149 - 0 ] INFO  server.RaftServer (RaftServerProxy.java:lambda$start$6(382)) - d751fb25-d78a-4d89-afb8-16dc86d81c92: start RPC server
2022-08-04 23:30:22,693 [EndpointStateMachine task thread for /0.0.0.0:43149 - 0 ] INFO  server.GrpcService (GrpcService.java:startImpl(260)) - d751fb25-d78a-4d89-afb8-16dc86d81c92: GrpcService started, listening on 45225
2022-08-04 23:30:22,693 [EndpointStateMachine task thread for /0.0.0.0:43149 - 0 ] INFO  ratis.XceiverServerRatis (XceiverServerRatis.java:getRealPort(502)) - XceiverServerRatis d751fb25-d78a-4d89-afb8-16dc86d81c92 is started using port 45225 for RATIS
2022-08-04 23:30:22,693 [EndpointStateMachine task thread for /0.0.0.0:43149 - 0 ] INFO  ratis.XceiverServerRatis (XceiverServerRatis.java:getRealPort(502)) - XceiverServerRatis d751fb25-d78a-4d89-afb8-16dc86d81c92 is started using port 45225 for RATIS_ADMIN
2022-08-04 23:30:22,693 [org.apache.ratis.util.JvmPauseMonitor$$Lambda$682/1302746218@1e06d44d] INFO  util.JvmPauseMonitor (JvmPauseMonitor.java:run(103)) - JvmPauseMonitor-d751fb25-d78a-4d89-afb8-16dc86d81c92: Started
2022-08-04 23:30:22,693 [EndpointStateMachine task thread for /0.0.0.0:43149 - 0 ] INFO  ratis.XceiverServerRatis (XceiverServerRatis.java:getRealPort(502)) - XceiverServerRatis d751fb25-d78a-4d89-afb8-16dc86d81c92 is started using port 45225 for RATIS_SERVER
2022-08-04 23:30:22,708 [EndpointStateMachine task thread for /0.0.0.0:43149 - 0 ] INFO  server.XceiverServerGrpc (XceiverServerGrpc.java:start(180)) - XceiverServerGrpc d751fb25-d78a-4d89-afb8-16dc86d81c92 is started using port 36785
2022-08-04 23:30:23,193 [Listener at 127.0.0.1/46779] INFO  ozone.MiniOzoneClusterImpl (MiniOzoneClusterImpl.java:lambda$waitForClusterToBeReady$0(216)) - Waiting for nodes to be ready. Got 0 of 3 DN Heartbeats.
2022-08-04 23:30:23,193 [Listener at 127.0.0.1/46779] INFO  ozone.MiniOzoneClusterImpl (MiniOzoneClusterImpl.java:lambda$waitForClusterToBeReady$0(219)) - Waiting for cluster to exit safe mode
2022-08-04 23:30:23,193 [Listener at 127.0.0.1/46779] INFO  ozone.MiniOzoneClusterImpl (MiniOzoneClusterImpl.java:lambda$waitForClusterToBeReady$0(221)) - SCM became leader
2022-08-04 23:30:23,290 [EndpointStateMachine task thread for /0.0.0.0:43149 - 0 ] INFO  volume.HddsVolume (HddsVolume.java:createDbStore(309)) - SchemaV3 db is created and loaded at /home/runner/work/ozone/ozone/hadoop-ozone/integration-test/target/test-dir/MiniOzoneClusterImpl-b130bf38-a386-42c3-bae6-e1ff26418ee2/datanode-2/data-0/containers/hdds/b130bf38-a386-42c3-bae6-e1ff26418ee2/DS-c1a865d8-0d09-4da8-a35a-3ab2475ee206/container.db for volume DS-c1a865d8-0d09-4da8-a35a-3ab2475ee206
2022-08-04 23:30:23,290 [EndpointStateMachine task thread for /0.0.0.0:43149 - 0 ] INFO  volume.HddsVolume (HddsVolume.java:closeDbStore(340)) - SchemaV3 db is stopped at /home/runner/work/ozone/ozone/hadoop-ozone/integration-test/target/test-dir/MiniOzoneClusterImpl-b130bf38-a386-42c3-bae6-e1ff26418ee2/datanode-2/data-0/containers/hdds/b130bf38-a386-42c3-bae6-e1ff26418ee2/DS-c1a865d8-0d09-4da8-a35a-3ab2475ee206/container.db for volume DS-c1a865d8-0d09-4da8-a35a-3ab2475ee206
2022-08-04 23:30:23,290 [EndpointStateMachine task thread for /0.0.0.0:43149 - 0 ] INFO  ozoneimpl.OzoneContainer (OzoneContainer.java:start(377)) - Attempting to start container services.
2022-08-04 23:30:23,290 [EndpointStateMachine task thread for /0.0.0.0:43149 - 0 ] INFO  ozoneimpl.OzoneContainer (OzoneContainer.java:startContainerScrub(312)) - Background container scanner has been disabled.
2022-08-04 23:30:23,302 [EndpointStateMachine task thread for /0.0.0.0:43149 - 0 ] INFO  replication.ReplicationServer (ReplicationServer.java:start(111)) - ReplicationServer is started using port 32951
2022-08-04 23:30:23,302 [EndpointStateMachine task thread for /0.0.0.0:43149 - 0 ] INFO  ratis.XceiverServerRatis (XceiverServerRatis.java:start(481)) - Starting XceiverServerRatis 9a161a44-42b3-490d-9369-d15f6f1ff70c
2022-08-04 23:30:23,303 [EndpointStateMachine task thread for /0.0.0.0:43149 - 0 ] INFO  server.RaftServer (RaftServerProxy.java:lambda$start$6(382)) - 9a161a44-42b3-490d-9369-d15f6f1ff70c: start RPC server
2022-08-04 23:30:23,308 [EndpointStateMachine task thread for /0.0.0.0:43149 - 0 ] INFO  server.GrpcService (GrpcService.java:startImpl(260)) - 9a161a44-42b3-490d-9369-d15f6f1ff70c: GrpcService started, listening on 32963
2022-08-04 23:30:23,308 [EndpointStateMachine task thread for /0.0.0.0:43149 - 0 ] INFO  ratis.XceiverServerRatis (XceiverServerRatis.java:getRealPort(502)) - XceiverServerRatis 9a161a44-42b3-490d-9369-d15f6f1ff70c is started using port 32963 for RATIS
2022-08-04 23:30:23,309 [EndpointStateMachine task thread for /0.0.0.0:43149 - 0 ] INFO  ratis.XceiverServerRatis (XceiverServerRatis.java:getRealPort(502)) - XceiverServerRatis 9a161a44-42b3-490d-9369-d15f6f1ff70c is started using port 32963 for RATIS_ADMIN
2022-08-04 23:30:23,309 [EndpointStateMachine task thread for /0.0.0.0:43149 - 0 ] INFO  ratis.XceiverServerRatis (XceiverServerRatis.java:getRealPort(502)) - XceiverServerRatis 9a161a44-42b3-490d-9369-d15f6f1ff70c is started using port 32963 for RATIS_SERVER
2022-08-04 23:30:23,310 [org.apache.ratis.util.JvmPauseMonitor$$Lambda$682/1302746218@56265e25] INFO  util.JvmPauseMonitor (JvmPauseMonitor.java:run(103)) - JvmPauseMonitor-9a161a44-42b3-490d-9369-d15f6f1ff70c: Started
2022-08-04 23:30:23,326 [EndpointStateMachine task thread for /0.0.0.0:43149 - 0 ] INFO  server.XceiverServerGrpc (XceiverServerGrpc.java:start(180)) - XceiverServerGrpc 9a161a44-42b3-490d-9369-d15f6f1ff70c is started using port 42885
2022-08-04 23:30:23,954 [IPC Server handler 5 on default port 43149] INFO  net.NetworkTopologyImpl (NetworkTopologyImpl.java:add(112)) - Added a new node: /default-rack/a35da7ae-a755-466c-a337-1fa4c3c079dc
2022-08-04 23:30:23,954 [IPC Server handler 5 on default port 43149] INFO  node.SCMNodeManager (SCMNodeManager.java:register(397)) - Registered Data node : a35da7ae-a755-466c-a337-1fa4c3c079dc{ip: 10.1.0.37, host: fv-az241-597.bb25ywkzvhnelkltyshw0e441e.jx.internal.cloudapp.net, ports: [REPLICATION=36445, RATIS=37029, RATIS_ADMIN=37029, RATIS_SERVER=37029, STANDALONE=37665], networkLocation: /default-rack, certSerialId: null, persistedOpState: null, persistedOpStateExpiryEpochSec: 0}
2022-08-04 23:30:23,956 [EventQueue-NodeRegistrationContainerReportForContainerSafeModeRule] INFO  safemode.SCMSafeModeManager (SCMSafeModeManager.java:validateSafeModeExitRules(204)) - ContainerSafeModeRule rule is successfully validated
2022-08-04 23:30:23,960 [EventQueue-NewNodeForNewNodeHandler] INFO  pipeline.BackgroundPipelineCreator (BackgroundPipelineCreator.java:notifyEventTriggered(276)) - trigger a one-shot run on RatisPipelineUtilsThread.
2022-08-04 23:30:23,960 [RatisPipelineUtilsThread - 0] INFO  pipeline.RatisPipelineProvider (RatisPipelineProvider.java:lambda$create$0(195)) - Sending CreatePipelineCommand for pipeline:PipelineID=53049dd6-2b86-4f18-a6bc-fb045b59043d to datanode:a35da7ae-a755-466c-a337-1fa4c3c079dc
2022-08-04 23:30:23,964 [EventQueue-NodeRegistrationContainerReportForDataNodeSafeModeRule] INFO  safemode.SCMSafeModeManager (DataNodeSafeModeRule.java:process(71)) - SCM in safe mode. 1 DataNodes registered, 3 required.
2022-08-04 23:30:23,964 [RatisPipelineUtilsThread - 0] INFO  pipeline.PipelineStateManagerImpl (PipelineStateManagerImpl.java:addPipeline(103)) - Created pipeline Pipeline[ Id: 53049dd6-2b86-4f18-a6bc-fb045b59043d, Nodes: a35da7ae-a755-466c-a337-1fa4c3c079dc{ip: 10.1.0.37, host: fv-az241-597.bb25ywkzvhnelkltyshw0e441e.jx.internal.cloudapp.net, ports: [REPLICATION=36445, RATIS=37029, RATIS_ADMIN=37029, RATIS_SERVER=37029, STANDALONE=37665], networkLocation: /default-rack, certSerialId: null, persistedOpState: IN_SERVICE, persistedOpStateExpiryEpochSec: 0}, ReplicationConfig: RATIS/ONE, State:ALLOCATED, leaderId:, CreationTimestamp2022-08-04T23:30:23.960Z[Etc/UTC]].
2022-08-04 23:30:23,969 [EventQueue-PipelineReportForOneReplicaPipelineSafeModeRule] INFO  safemode.SCMSafeModeManager (SCMSafeModeManager.java:validateSafeModeExitRules(204)) - AtleastOneDatanodeReportedRule rule is successfully validated
2022-08-04 23:30:24,193 [Listener at 127.0.0.1/46779] INFO  ozone.MiniOzoneClusterImpl (MiniOzoneClusterImpl.java:lambda$waitForClusterToBeReady$0(216)) - Waiting for nodes to be ready. Got 1 of 3 DN Heartbeats.
2022-08-04 23:30:24,194 [Listener at 127.0.0.1/46779] INFO  ozone.MiniOzoneClusterImpl (MiniOzoneClusterImpl.java:lambda$waitForClusterToBeReady$0(219)) - Waiting for cluster to exit safe mode
2022-08-04 23:30:24,194 [Listener at 127.0.0.1/46779] INFO  ozone.MiniOzoneClusterImpl (MiniOzoneClusterImpl.java:lambda$waitForClusterToBeReady$0(221)) - SCM became leader
2022-08-04 23:30:24,594 [IPC Server handler 2 on default port 43149] INFO  net.NetworkTopologyImpl (NetworkTopologyImpl.java:add(112)) - Added a new node: /default-rack/d751fb25-d78a-4d89-afb8-16dc86d81c92
2022-08-04 23:30:24,594 [IPC Server handler 2 on default port 43149] INFO  node.SCMNodeManager (SCMNodeManager.java:register(397)) - Registered Data node : d751fb25-d78a-4d89-afb8-16dc86d81c92{ip: 10.1.0.37, host: fv-az241-597.bb25ywkzvhnelkltyshw0e441e.jx.internal.cloudapp.net, ports: [REPLICATION=45121, RATIS=45225, RATIS_ADMIN=45225, RATIS_SERVER=45225, STANDALONE=36785], networkLocation: /default-rack, certSerialId: null, persistedOpState: null, persistedOpStateExpiryEpochSec: 0}
2022-08-04 23:30:24,595 [EventQueue-NewNodeForNewNodeHandler] INFO  pipeline.BackgroundPipelineCreator (BackgroundPipelineCreator.java:notifyEventTriggered(276)) - trigger a one-shot run on RatisPipelineUtilsThread.
2022-08-04 23:30:24,602 [EventQueue-NodeRegistrationContainerReportForDataNodeSafeModeRule] INFO  safemode.SCMSafeModeManager (DataNodeSafeModeRule.java:process(71)) - SCM in safe mode. 2 DataNodes registered, 3 required.
2022-08-04 23:30:24,602 [RatisPipelineUtilsThread - 0] INFO  pipeline.RatisPipelineProvider (RatisPipelineProvider.java:lambda$create$0(195)) - Sending CreatePipelineCommand for pipeline:PipelineID=be7b2f1e-5457-423b-9b88-4a2a72b6bce2 to datanode:d751fb25-d78a-4d89-afb8-16dc86d81c92
2022-08-04 23:30:24,603 [RatisPipelineUtilsThread - 0] INFO  pipeline.PipelineStateManagerImpl (PipelineStateManagerImpl.java:addPipeline(103)) - Created pipeline Pipeline[ Id: be7b2f1e-5457-423b-9b88-4a2a72b6bce2, Nodes: d751fb25-d78a-4d89-afb8-16dc86d81c92{ip: 10.1.0.37, host: fv-az241-597.bb25ywkzvhnelkltyshw0e441e.jx.internal.cloudapp.net, ports: [REPLICATION=45121, RATIS=45225, RATIS_ADMIN=45225, RATIS_SERVER=45225, STANDALONE=36785], networkLocation: /default-rack, certSerialId: null, persistedOpState: IN_SERVICE, persistedOpStateExpiryEpochSec: 0}, ReplicationConfig: RATIS/ONE, State:ALLOCATED, leaderId:, CreationTimestamp2022-08-04T23:30:24.602Z[Etc/UTC]].
2022-08-04 23:30:25,195 [Listener at 127.0.0.1/46779] INFO  ozone.MiniOzoneClusterImpl (MiniOzoneClusterImpl.java:lambda$waitForClusterToBeReady$0(216)) - Waiting for nodes to be ready. Got 2 of 3 DN Heartbeats.
2022-08-04 23:30:25,195 [Listener at 127.0.0.1/46779] INFO  ozone.MiniOzoneClusterImpl (MiniOzoneClusterImpl.java:lambda$waitForClusterToBeReady$0(219)) - Waiting for cluster to exit safe mode
2022-08-04 23:30:25,195 [Listener at 127.0.0.1/46779] INFO  ozone.MiniOzoneClusterImpl (MiniOzoneClusterImpl.java:lambda$waitForClusterToBeReady$0(221)) - SCM became leader
2022-08-04 23:30:25,229 [IPC Server handler 0 on default port 43149] INFO  net.NetworkTopologyImpl (NetworkTopologyImpl.java:add(112)) - Added a new node: /default-rack/9a161a44-42b3-490d-9369-d15f6f1ff70c
2022-08-04 23:30:25,230 [IPC Server handler 0 on default port 43149] INFO  node.SCMNodeManager (SCMNodeManager.java:register(397)) - Registered Data node : 9a161a44-42b3-490d-9369-d15f6f1ff70c{ip: 10.1.0.37, host: fv-az241-597.bb25ywkzvhnelkltyshw0e441e.jx.internal.cloudapp.net, ports: [REPLICATION=32951, RATIS=32963, RATIS_ADMIN=32963, RATIS_SERVER=32963, STANDALONE=42885], networkLocation: /default-rack, certSerialId: null, persistedOpState: null, persistedOpStateExpiryEpochSec: 0}
2022-08-04 23:30:25,230 [EventQueue-NewNodeForNewNodeHandler] INFO  pipeline.BackgroundPipelineCreator (BackgroundPipelineCreator.java:notifyEventTriggered(276)) - trigger a one-shot run on RatisPipelineUtilsThread.
2022-08-04 23:30:25,231 [EventQueue-NodeRegistrationContainerReportForDataNodeSafeModeRule] INFO  safemode.SCMSafeModeManager (DataNodeSafeModeRule.java:process(71)) - SCM in safe mode. 3 DataNodes registered, 3 required.
2022-08-04 23:30:25,231 [EventQueue-NodeRegistrationContainerReportForDataNodeSafeModeRule] INFO  safemode.SCMSafeModeManager (SCMSafeModeManager.java:validateSafeModeExitRules(204)) - DataNodeSafeModeRule rule is successfully validated
2022-08-04 23:30:25,231 [EventQueue-NodeRegistrationContainerReportForDataNodeSafeModeRule] INFO  safemode.SCMSafeModeManager (SCMSafeModeManager.java:completePreCheck(233)) - All SCM safe mode pre check rules have passed
2022-08-04 23:30:25,231 [EventQueue-NodeRegistrationContainerReportForDataNodeSafeModeRule] WARN  events.EventQueue (EventQueue.java:fireEvent(216)) - No event handler registered for event TypedEvent{payloadType=SafeModeStatus, name='Safe mode status'}
2022-08-04 23:30:25,231 [EventQueue-NodeRegistrationContainerReportForDataNodeSafeModeRule] INFO  ha.SCMContext (SCMContext.java:updateSafeModeStatus(228)) - Update SafeModeStatus from SafeModeStatus{safeModeStatus=true, preCheckPassed=false} to SafeModeStatus{safeModeStatus=true, preCheckPassed=true}.
2022-08-04 23:30:25,231 [EventQueue-NodeRegistrationContainerReportForDataNodeSafeModeRule] INFO  pipeline.BackgroundPipelineCreator (BackgroundPipelineCreator.java:notifyEventTriggered(276)) - trigger a one-shot run on RatisPipelineUtilsThread.
2022-08-04 23:30:25,232 [RatisPipelineUtilsThread - 0] INFO  pipeline.RatisPipelineProvider (RatisPipelineProvider.java:lambda$create$0(195)) - Sending CreatePipelineCommand for pipeline:PipelineID=c1aaddb2-efde-489a-9648-e1cb165ac2f8 to datanode:9a161a44-42b3-490d-9369-d15f6f1ff70c
2022-08-04 23:30:25,233 [RatisPipelineUtilsThread - 0] INFO  pipeline.PipelineStateManagerImpl (PipelineStateManagerImpl.java:addPipeline(103)) - Created pipeline Pipeline[ Id: c1aaddb2-efde-489a-9648-e1cb165ac2f8, Nodes: 9a161a44-42b3-490d-9369-d15f6f1ff70c{ip: 10.1.0.37, host: fv-az241-597.bb25ywkzvhnelkltyshw0e441e.jx.internal.cloudapp.net, ports: [REPLICATION=32951, RATIS=32963, RATIS_ADMIN=32963, RATIS_SERVER=32963, STANDALONE=42885], networkLocation: /default-rack, certSerialId: null, persistedOpState: IN_SERVICE, persistedOpStateExpiryEpochSec: 0}, ReplicationConfig: RATIS/ONE, State:ALLOCATED, leaderId:, CreationTimestamp2022-08-04T23:30:25.232Z[Etc/UTC]].
2022-08-04 23:30:25,234 [RatisPipelineUtilsThread - 0] INFO  pipeline.RatisPipelineProvider (RatisPipelineProvider.java:lambda$create$0(195)) - Sending CreatePipelineCommand for pipeline:PipelineID=43dfb6c8-5b45-4cbc-ae3b-975535844b71 to datanode:d751fb25-d78a-4d89-afb8-16dc86d81c92
2022-08-04 23:30:25,235 [RatisPipelineUtilsThread - 0] INFO  pipeline.RatisPipelineProvider (RatisPipelineProvider.java:lambda$create$0(195)) - Sending CreatePipelineCommand for pipeline:PipelineID=43dfb6c8-5b45-4cbc-ae3b-975535844b71 to datanode:a35da7ae-a755-466c-a337-1fa4c3c079dc
2022-08-04 23:30:25,235 [RatisPipelineUtilsThread - 0] INFO  pipeline.RatisPipelineProvider (RatisPipelineProvider.java:lambda$create$0(195)) - Sending CreatePipelineCommand for pipeline:PipelineID=43dfb6c8-5b45-4cbc-ae3b-975535844b71 to datanode:9a161a44-42b3-490d-9369-d15f6f1ff70c
2022-08-04 23:30:25,235 [RatisPipelineUtilsThread - 0] INFO  pipeline.PipelineStateManagerImpl (PipelineStateManagerImpl.java:addPipeline(103)) - Created pipeline Pipeline[ Id: 43dfb6c8-5b45-4cbc-ae3b-975535844b71, Nodes: d751fb25-d78a-4d89-afb8-16dc86d81c92{ip: 10.1.0.37, host: fv-az241-597.bb25ywkzvhnelkltyshw0e441e.jx.internal.cloudapp.net, ports: [REPLICATION=45121, RATIS=45225, RATIS_ADMIN=45225, RATIS_SERVER=45225, STANDALONE=36785], networkLocation: /default-rack, certSerialId: null, persistedOpState: IN_SERVICE, persistedOpStateExpiryEpochSec: 0}a35da7ae-a755-466c-a337-1fa4c3c079dc{ip: 10.1.0.37, host: fv-az241-597.bb25ywkzvhnelkltyshw0e441e.jx.internal.cloudapp.net, ports: [REPLICATION=36445, RATIS=37029, RATIS_ADMIN=37029, RATIS_SERVER=37029, STANDALONE=37665], networkLocation: /default-rack, certSerialId: null, persistedOpState: IN_SERVICE, persistedOpStateExpiryEpochSec: 0}9a161a44-42b3-490d-9369-d15f6f1ff70c{ip: 10.1.0.37, host: fv-az241-597.bb25ywkzvhnelkltyshw0e441e.jx.internal.cloudapp.net, ports: [REPLICATION=32951, RATIS=32963, RATIS_ADMIN=32963, RATIS_SERVER=32963, STANDALONE=42885], networkLocation: /default-rack, certSerialId: null, persistedOpState: IN_SERVICE, persistedOpStateExpiryEpochSec: 0}, ReplicationConfig: RATIS/THREE, State:ALLOCATED, leaderId:, CreationTimestamp2022-08-04T23:30:25.234Z[Etc/UTC]].
2022-08-04 23:30:25,236 [RatisPipelineUtilsThread - 0] INFO  pipeline.RatisPipelineProvider (RatisPipelineProvider.java:lambda$create$0(195)) - Sending CreatePipelineCommand for pipeline:PipelineID=a9e728ac-cb28-458e-9d94-6bbc89f5f822 to datanode:9a161a44-42b3-490d-9369-d15f6f1ff70c
2022-08-04 23:30:25,236 [RatisPipelineUtilsThread - 0] INFO  pipeline.RatisPipelineProvider (RatisPipelineProvider.java:lambda$create$0(195)) - Sending CreatePipelineCommand for pipeline:PipelineID=a9e728ac-cb28-458e-9d94-6bbc89f5f822 to datanode:a35da7ae-a755-466c-a337-1fa4c3c079dc
2022-08-04 23:30:25,236 [RatisPipelineUtilsThread - 0] INFO  pipeline.RatisPipelineProvider (RatisPipelineProvider.java:lambda$create$0(195)) - Sending CreatePipelineCommand for pipeline:PipelineID=a9e728ac-cb28-458e-9d94-6bbc89f5f822 to datanode:d751fb25-d78a-4d89-afb8-16dc86d81c92
2022-08-04 23:30:25,236 [RatisPipelineUtilsThread - 0] INFO  pipeline.PipelineStateManagerImpl (PipelineStateManagerImpl.java:addPipeline(103)) - Created pipeline Pipeline[ Id: a9e728ac-cb28-458e-9d94-6bbc89f5f822, Nodes: 9a161a44-42b3-490d-9369-d15f6f1ff70c{ip: 10.1.0.37, host: fv-az241-597.bb25ywkzvhnelkltyshw0e441e.jx.internal.cloudapp.net, ports: [REPLICATION=32951, RATIS=32963, RATIS_ADMIN=32963, RATIS_SERVER=32963, STANDALONE=42885], networkLocation: /default-rack, certSerialId: null, persistedOpState: IN_SERVICE, persistedOpStateExpiryEpochSec: 0}a35da7ae-a755-466c-a337-1fa4c3c079dc{ip: 10.1.0.37, host: fv-az241-597.bb25ywkzvhnelkltyshw0e441e.jx.internal.cloudapp.net, ports: [REPLICATION=36445, RATIS=37029, RATIS_ADMIN=37029, RATIS_SERVER=37029, STANDALONE=37665], networkLocation: /default-rack, certSerialId: null, persistedOpState: IN_SERVICE, persistedOpStateExpiryEpochSec: 0}d751fb25-d78a-4d89-afb8-16dc86d81c92{ip: 10.1.0.37, host: fv-az241-597.bb25ywkzvhnelkltyshw0e441e.jx.internal.cloudapp.net, ports: [REPLICATION=45121, RATIS=45225, RATIS_ADMIN=45225, RATIS_SERVER=45225, STANDALONE=36785], networkLocation: /default-rack, certSerialId: null, persistedOpState: IN_SERVICE, persistedOpStateExpiryEpochSec: 0}, ReplicationConfig: RATIS/THREE, State:ALLOCATED, leaderId:, CreationTimestamp2022-08-04T23:30:25.236Z[Etc/UTC]].
2022-08-04 23:30:25,237 [RatisPipelineUtilsThread - 0] INFO  pipeline.PipelineManagerImpl (PipelineManagerImpl.java:recordMetricsForPipeline(796)) - Pipeline: PipelineID=a9e728ac-cb28-458e-9d94-6bbc89f5f822 contains same datanodes as previous pipelines: PipelineID=43dfb6c8-5b45-4cbc-ae3b-975535844b71 nodeIds: 9a161a44-42b3-490d-9369-d15f6f1ff70c, a35da7ae-a755-466c-a337-1fa4c3c079dc, d751fb25-d78a-4d89-afb8-16dc86d81c92
2022-08-04 23:30:26,195 [Listener at 127.0.0.1/46779] INFO  ozone.MiniOzoneClusterImpl (MiniOzoneClusterImpl.java:lambda$waitForClusterToBeReady$0(216)) - Nodes are ready. Got 3 of 3 DN Heartbeats.
2022-08-04 23:30:26,197 [Listener at 127.0.0.1/46779] INFO  ozone.MiniOzoneClusterImpl (MiniOzoneClusterImpl.java:lambda$waitForClusterToBeReady$0(219)) - Waiting for cluster to exit safe mode
2022-08-04 23:30:26,197 [Listener at 127.0.0.1/46779] INFO  ozone.MiniOzoneClusterImpl (MiniOzoneClusterImpl.java:lambda$waitForClusterToBeReady$0(221)) - SCM became leader
2022-08-04 23:30:26,952 [Command processor thread] INFO  server.RaftServer (RaftServerProxy.java:addNew(96)) - a35da7ae-a755-466c-a337-1fa4c3c079dc: addNew group-FB045B59043D:[a35da7ae-a755-466c-a337-1fa4c3c079dc|rpc:10.1.0.37:37029|priority:1] returns group-FB045B59043D:java.util.concurrent.CompletableFuture@3d191ddd[Not completed]
2022-08-04 23:30:26,969 [pool-218-thread-1] INFO  server.RaftServer$Division (RaftServerImpl.java:<init>(190)) - a35da7ae-a755-466c-a337-1fa4c3c079dc: new RaftServerImpl for group-FB045B59043D:[a35da7ae-a755-466c-a337-1fa4c3c079dc|rpc:10.1.0.37:37029|priority:1] with ContainerStateMachine:uninitialized
2022-08-04 23:30:26,970 [pool-218-thread-1] INFO  server.RaftServerConfigKeys (ConfUtils.java:logGet(46)) - raft.server.rpc.timeout.min = 5s (custom)
2022-08-04 23:30:26,970 [pool-218-thread-1] INFO  server.RaftServerConfigKeys (ConfUtils.java:logGet(46)) - raft.server.rpc.timeout.max = 5200ms (custom)
2022-08-04 23:30:26,970 [pool-218-thread-1] INFO  server.RaftServerConfigKeys (ConfUtils.java:logGet(46)) - raft.server.rpc.sleep.time = 25ms (default)
2022-08-04 23:30:26,970 [pool-218-thread-1] INFO  server.RaftServerConfigKeys (ConfUtils.java:logGet(46)) - raft.server.rpc.slowness.timeout = 300s (custom)
2022-08-04 23:30:26,970 [pool-218-thread-1] INFO  server.RaftServerConfigKeys (ConfUtils.java:logGet(46)) - raft.server.leaderelection.leader.step-down.wait-time = 10s (default)
2022-08-04 23:30:26,970 [pool-218-thread-1] INFO  server.RaftServerConfigKeys (ConfUtils.java:logGet(46)) - raft.server.sleep.deviation.threshold = 300ms (default)
2022-08-04 23:30:26,970 [pool-218-thread-1] INFO  server.RaftServer$Division (ServerState.java:<init>(107)) - a35da7ae-a755-466c-a337-1fa4c3c079dc@group-FB045B59043D: ConfigurationManager, init=-1: [a35da7ae-a755-466c-a337-1fa4c3c079dc|rpc:10.1.0.37:37029|priority:1], old=null, confs=<EMPTY_MAP>
2022-08-04 23:30:26,970 [pool-218-thread-1] INFO  server.RaftServerConfigKeys (ConfUtils.java:logGet(46)) - raft.server.storage.dir = [/home/runner/work/ozone/ozone/hadoop-ozone/integration-test/target/test-dir/MiniOzoneClusterImpl-b130bf38-a386-42c3-bae6-e1ff26418ee2/datanode-0/data/ratis] (custom)
2022-08-04 23:30:26,970 [pool-218-thread-1] INFO  server.RaftServerConfigKeys (ConfUtils.java:logGet(46)) - raft.server.log.corruption.policy = EXCEPTION (default)
2022-08-04 23:30:26,970 [pool-218-thread-1] INFO  server.RaftServerConfigKeys (ConfUtils.java:logGet(46)) - raft.server.storage.free-space.min = 0MB (=0) (default)
2022-08-04 23:30:26,970 [pool-218-thread-1] INFO  storage.RaftStorageDirectory (RaftStorageDirectoryImpl.java:analyzeStorage(135)) - The storage directory /home/runner/work/ozone/ozone/hadoop-ozone/integration-test/target/test-dir/MiniOzoneClusterImpl-b130bf38-a386-42c3-bae6-e1ff26418ee2/datanode-0/data/ratis/53049dd6-2b86-4f18-a6bc-fb045b59043d does not exist. Creating ...
2022-08-04 23:30:26,971 [pool-218-thread-1] INFO  storage.RaftStorageDirectory (RaftStorageDirectoryImpl.java:tryLock(230)) - Lock on /home/runner/work/ozone/ozone/hadoop-ozone/integration-test/target/test-dir/MiniOzoneClusterImpl-b130bf38-a386-42c3-bae6-e1ff26418ee2/datanode-0/data/ratis/53049dd6-2b86-4f18-a6bc-fb045b59043d/in_use.lock acquired by nodename 5725@fv-az241-597
2022-08-04 23:30:26,972 [pool-218-thread-1] INFO  storage.RaftStorage (RaftStorageImpl.java:format(89)) - Storage directory /home/runner/work/ozone/ozone/hadoop-ozone/integration-test/target/test-dir/MiniOzoneClusterImpl-b130bf38-a386-42c3-bae6-e1ff26418ee2/datanode-0/data/ratis/53049dd6-2b86-4f18-a6bc-fb045b59043d has been successfully formatted.
2022-08-04 23:30:26,983 [pool-218-thread-1] INFO  ratis.ContainerStateMachine (ContainerStateMachine.java:loadSnapshot(236)) - group-FB045B59043D: The snapshot info is null. Setting the last applied indexto:(t:0, i:~)
2022-08-04 23:30:26,983 [pool-218-thread-1] INFO  server.RaftServerConfigKeys (ConfUtils.java:logGet(46)) - raft.server.notification.no-leader.timeout = 300s (custom)
2022-08-04 23:30:26,983 [pool-218-thread-1] INFO  server.RaftServerConfigKeys (ConfUtils.java:logGet(46)) - raft.server.log.use.memory = false (default)
2022-08-04 23:30:26,983 [pool-218-thread-1] INFO  server.RaftServerConfigKeys (ConfUtils.java:logGet(46)) - raft.server.log.purge.gap = 1000000 (custom)
2022-08-04 23:30:26,984 [pool-218-thread-1] INFO  server.RaftServerConfigKeys (ConfUtils.java:logGet(46)) - raft.server.log.appender.buffer.byte-limit = 33554432 (custom)
2022-08-04 23:30:26,984 [pool-218-thread-1] INFO  server.RaftServerConfigKeys (ConfUtils.java:logGet(46)) - raft.server.log.statemachine.data.read.timeout = 1000ms (default)
2022-08-04 23:30:26,984 [pool-218-thread-1] INFO  server.RaftServerConfigKeys (ConfUtils.java:logGet(46)) - raft.server.log.segment.size.max = 1048576 (custom)
2022-08-04 23:30:26,984 [pool-218-thread-1] INFO  server.RaftServerConfigKeys (ConfUtils.java:logGet(46)) - raft.server.log.segment.cache.num.max = 2 (custom)
2022-08-04 23:30:26,984 [pool-218-thread-1] INFO  server.RaftServerConfigKeys (ConfUtils.java:logGet(46)) - raft.server.log.segment.cache.size.max = 200MB (=209715200) (default)
2022-08-04 23:30:26,984 [pool-218-thread-1] INFO  segmented.SegmentedRaftLogWorker (SegmentedRaftLogWorker.java:<init>(187)) - new a35da7ae-a755-466c-a337-1fa4c3c079dc@group-FB045B59043D-SegmentedRaftLogWorker for RaftStorageImpl:Storage Directory /home/runner/work/ozone/ozone/hadoop-ozone/integration-test/target/test-dir/MiniOzoneClusterImpl-b130bf38-a386-42c3-bae6-e1ff26418ee2/datanode-0/data/ratis/53049dd6-2b86-4f18-a6bc-fb045b59043d
2022-08-04 23:30:26,984 [pool-218-thread-1] INFO  server.RaftServerConfigKeys (ConfUtils.java:logGet(46)) - raft.server.log.queue.byte-limit = 4294967296 (custom)
2022-08-04 23:30:26,984 [pool-218-thread-1] INFO  server.RaftServerConfigKeys (ConfUtils.java:logGet(46)) - raft.server.log.queue.element-limit = 1024 (custom)
2022-08-04 23:30:26,984 [pool-218-thread-1] INFO  server.RaftServerConfigKeys (ConfUtils.java:logGet(46)) - raft.server.log.segment.size.max = 1048576 (custom)
2022-08-04 23:30:26,984 [pool-218-thread-1] INFO  server.RaftServerConfigKeys (ConfUtils.java:logGet(46)) - raft.server.log.preallocated.size = 16384 (custom)
2022-08-04 23:30:26,984 [pool-218-thread-1] INFO  server.RaftServerConfigKeys (ConfUtils.java:logGet(46)) - raft.server.log.force.sync.num = 128 (default)
2022-08-04 23:30:26,985 [pool-218-thread-1] INFO  server.RaftServerConfigKeys (ConfUtils.java:logGet(46)) - raft.server.log.statemachine.data.sync = true (default)
2022-08-04 23:30:26,985 [pool-218-thread-1] INFO  server.RaftServerConfigKeys (ConfUtils.java:logGet(46)) - raft.server.log.statemachine.data.sync.timeout = 10s (default)
2022-08-04 23:30:26,985 [pool-218-thread-1] INFO  server.RaftServerConfigKeys (ConfUtils.java:logGet(46)) - raft.server.log.statemachine.data.sync.timeout.retry = -1 (default)
2022-08-04 23:30:26,986 [EventQueue-PipelineReportForPipelineReportHandler] INFO  pipeline.PipelineManagerImpl (PipelineManagerImpl.java:openPipeline(367)) - Pipeline Pipeline[ Id: 53049dd6-2b86-4f18-a6bc-fb045b59043d, Nodes: a35da7ae-a755-466c-a337-1fa4c3c079dc{ip: 10.1.0.37, host: fv-az241-597.bb25ywkzvhnelkltyshw0e441e.jx.internal.cloudapp.net, ports: [REPLICATION=36445, RATIS=37029, RATIS_ADMIN=37029, RATIS_SERVER=37029, STANDALONE=37665], networkLocation: /default-rack, certSerialId: null, persistedOpState: IN_SERVICE, persistedOpStateExpiryEpochSec: 0}, ReplicationConfig: RATIS/ONE, State:ALLOCATED, leaderId:a35da7ae-a755-466c-a337-1fa4c3c079dc, CreationTimestamp2022-08-04T23:30:23.960Z[Etc/UTC]] moved to OPEN state
2022-08-04 23:30:26,996 [pool-218-thread-1] INFO  server.RaftServerConfigKeys (ConfUtils.java:logGet(46)) - raft.server.log.write.buffer.size = 1048576 (custom)
2022-08-04 23:30:26,996 [pool-218-thread-1] INFO  server.RaftServerConfigKeys (ConfUtils.java:logGet(46)) - raft.server.log.unsafe-flush.enabled = false (default)
2022-08-04 23:30:26,996 [pool-218-thread-1] INFO  server.RaftServerConfigKeys (ConfUtils.java:logGet(46)) - raft.server.log.statemachine.data.caching.enabled = true (custom)
2022-08-04 23:30:26,997 [pool-218-thread-1] INFO  segmented.SegmentedRaftLogWorker (SegmentedRaftLogWorker.java:lambda$new$0(135)) - a35da7ae-a755-466c-a337-1fa4c3c079dc@group-FB045B59043D-SegmentedRaftLogWorker: flushIndex: setUnconditionally 0 -> -1
2022-08-04 23:30:26,997 [pool-218-thread-1] INFO  segmented.SegmentedRaftLogWorker (SegmentedRaftLogWorker.java:lambda$new$0(135)) - a35da7ae-a755-466c-a337-1fa4c3c079dc@group-FB045B59043D-SegmentedRaftLogWorker: safeCacheEvictIndex: setUnconditionally 0 -> -1
2022-08-04 23:30:26,997 [pool-218-thread-1] INFO  server.RaftServerConfigKeys (ConfUtils.java:logGet(46)) - raft.server.snapshot.auto.trigger.enabled = true (custom)
2022-08-04 23:30:26,997 [pool-218-thread-1] INFO  server.RaftServerConfigKeys (ConfUtils.java:logGet(46)) - raft.server.snapshot.auto.trigger.threshold = 10000 (custom)
2022-08-04 23:30:26,997 [pool-218-thread-1] INFO  server.RaftServerConfigKeys (ConfUtils.java:logGet(46)) - raft.server.snapshot.retention.file.num = 5 (custom)
2022-08-04 23:30:26,997 [pool-218-thread-1] INFO  server.RaftServerConfigKeys (ConfUtils.java:logGet(46)) - raft.server.log.purge.upto.snapshot.index = false (default)
2022-08-04 23:30:26,997 [pool-218-thread-1] INFO  server.RaftServerConfigKeys (ConfUtils.java:logGet(46)) - raft.server.retrycache.expirytime = 600000ms (custom)
2022-08-04 23:30:26,997 [pool-218-thread-1] INFO  server.RaftServerConfigKeys (ConfUtils.java:logGet(46)) - raft.server.retrycache.statistics.expirytime = 100μs (default)
2022-08-04 23:30:26,998 [pool-218-thread-1] INFO  server.RaftServerConfigKeys (ConfUtils.java:logGet(46)) - raft.server.log.appender.install.snapshot.enabled = false (custom)
2022-08-04 23:30:26,998 [pool-218-thread-1] INFO  server.RaftServerConfigKeys (ConfUtils.java:logGet(46)) - raft.server.threadpool.server.cached = true (default)
2022-08-04 23:30:27,004 [EventQueue-OpenPipelineForHealthyPipelineSafeModeRule] INFO  safemode.SCMSafeModeManager (HealthyPipelineSafeModeRule.java:process(137)) - SCM in safe mode. Healthy pipelines reported count is 0, required healthy pipeline reported count is 1
2022-08-04 23:30:27,004 [pool-218-thread-1] INFO  server.RaftServerConfigKeys (ConfUtils.java:logGet(46)) - raft.server.threadpool.server.size = 0 (default)
2022-08-04 23:30:27,011 [pool-218-thread-1] INFO  server.RaftServerConfigKeys (ConfUtils.java:logGet(46)) - raft.server.threadpool.client.cached = true (default)
2022-08-04 23:30:27,012 [pool-218-thread-1] INFO  server.RaftServerConfigKeys (ConfUtils.java:logGet(46)) - raft.server.threadpool.client.size = 0 (default)
2022-08-04 23:30:27,012 [pool-218-thread-1] INFO  server.RaftServer$Division (RaftServerImpl.java:start(310)) - a35da7ae-a755-466c-a337-1fa4c3c079dc@group-FB045B59043D: start as a follower, conf=-1: [a35da7ae-a755-466c-a337-1fa4c3c079dc|rpc:10.1.0.37:37029|priority:1], old=null
2022-08-04 23:30:27,012 [pool-218-thread-1] INFO  server.RaftServer$Division (RaftServerImpl.java:setRole(299)) - a35da7ae-a755-466c-a337-1fa4c3c079dc@group-FB045B59043D: changes role from      null to FOLLOWER at term 0 for startAsFollower
2022-08-04 23:30:27,012 [pool-218-thread-1] INFO  impl.RoleInfo (RoleInfo.java:updateAndGet(139)) - a35da7ae-a755-466c-a337-1fa4c3c079dc: start a35da7ae-a755-466c-a337-1fa4c3c079dc@group-FB045B59043D-FollowerState
2022-08-04 23:30:27,019 [pool-218-thread-1] INFO  util.JmxRegister (JmxRegister.java:tryRegister(44)) - Successfully registered JMX Bean with object name Ratis:service=RaftServer,group=group-FB045B59043D,id=a35da7ae-a755-466c-a337-1fa4c3c079dc
2022-08-04 23:30:27,027 [Command processor thread] INFO  ratis.XceiverServerRatis (XceiverServerRatis.java:addGroup(765)) - Created group PipelineID=53049dd6-2b86-4f18-a6bc-fb045b59043d
2022-08-04 23:30:27,027 [Command processor thread] INFO  commandhandler.CreatePipelineCommandHandler (CreatePipelineCommandHandler.java:handle(113)) - Created Pipeline RATIS ONE PipelineID=53049dd6-2b86-4f18-a6bc-fb045b59043d.
2022-08-04 23:30:27,028 [Command processor thread] INFO  server.RaftServer (RaftServerProxy.java:addNew(96)) - a35da7ae-a755-466c-a337-1fa4c3c079dc: addNew group-975535844B71:[d751fb25-d78a-4d89-afb8-16dc86d81c92|rpc:10.1.0.37:45225|priority:0, 9a161a44-42b3-490d-9369-d15f6f1ff70c|rpc:10.1.0.37:32963|priority:0, a35da7ae-a755-466c-a337-1fa4c3c079dc|rpc:10.1.0.37:37029|priority:1] returns group-975535844B71:java.util.concurrent.CompletableFuture@39269ea6[Not completed]
2022-08-04 23:30:27,029 [pool-218-thread-1] INFO  server.RaftServer$Division (RaftServerImpl.java:<init>(190)) - a35da7ae-a755-466c-a337-1fa4c3c079dc: new RaftServerImpl for group-975535844B71:[d751fb25-d78a-4d89-afb8-16dc86d81c92|rpc:10.1.0.37:45225|priority:0, 9a161a44-42b3-490d-9369-d15f6f1ff70c|rpc:10.1.0.37:32963|priority:0, a35da7ae-a755-466c-a337-1fa4c3c079dc|rpc:10.1.0.37:37029|priority:1] with ContainerStateMachine:uninitialized
2022-08-04 23:30:27,029 [pool-218-thread-1] INFO  server.RaftServerConfigKeys (ConfUtils.java:logGet(46)) - raft.server.rpc.timeout.min = 5s (custom)
2022-08-04 23:30:27,029 [pool-218-thread-1] INFO  server.RaftServerConfigKeys (ConfUtils.java:logGet(46)) - raft.server.rpc.timeout.max = 5200ms (custom)
2022-08-04 23:30:27,029 [pool-218-thread-1] INFO  server.RaftServerConfigKeys (ConfUtils.java:logGet(46)) - raft.server.rpc.sleep.time = 25ms (default)
2022-08-04 23:30:27,029 [pool-218-thread-1] INFO  server.RaftServerConfigKeys (ConfUtils.java:logGet(46)) - raft.server.rpc.slowness.timeout = 300s (custom)
2022-08-04 23:30:27,029 [pool-218-thread-1] INFO  server.RaftServerConfigKeys (ConfUtils.java:logGet(46)) - raft.server.leaderelection.leader.step-down.wait-time = 10s (default)
2022-08-04 23:30:27,029 [pool-218-thread-1] INFO  server.RaftServerConfigKeys (ConfUtils.java:logGet(46)) - raft.server.sleep.deviation.threshold = 300ms (default)
2022-08-04 23:30:27,029 [pool-218-thread-1] INFO  server.RaftServer$Division (ServerState.java:<init>(107)) - a35da7ae-a755-466c-a337-1fa4c3c079dc@group-975535844B71: ConfigurationManager, init=-1: [d751fb25-d78a-4d89-afb8-16dc86d81c92|rpc:10.1.0.37:45225|priority:0, 9a161a44-42b3-490d-9369-d15f6f1ff70c|rpc:10.1.0.37:32963|priority:0, a35da7ae-a755-466c-a337-1fa4c3c079dc|rpc:10.1.0.37:37029|priority:1], old=null, confs=<EMPTY_MAP>
2022-08-04 23:30:27,029 [pool-218-thread-1] INFO  server.RaftServerConfigKeys (ConfUtils.java:logGet(46)) - raft.server.storage.dir = [/home/runner/work/ozone/ozone/hadoop-ozone/integration-test/target/test-dir/MiniOzoneClusterImpl-b130bf38-a386-42c3-bae6-e1ff26418ee2/datanode-0/data/ratis] (custom)
2022-08-04 23:30:27,029 [pool-218-thread-1] INFO  server.RaftServerConfigKeys (ConfUtils.java:logGet(46)) - raft.server.log.corruption.policy = EXCEPTION (default)
2022-08-04 23:30:27,030 [pool-218-thread-1] INFO  server.RaftServerConfigKeys (ConfUtils.java:logGet(46)) - raft.server.storage.free-space.min = 0MB (=0) (default)
2022-08-04 23:30:27,030 [pool-218-thread-1] INFO  storage.RaftStorageDirectory (RaftStorageDirectoryImpl.java:analyzeStorage(135)) - The storage directory /home/runner/work/ozone/ozone/hadoop-ozone/integration-test/target/test-dir/MiniOzoneClusterImpl-b130bf38-a386-42c3-bae6-e1ff26418ee2/datanode-0/data/ratis/43dfb6c8-5b45-4cbc-ae3b-975535844b71 does not exist. Creating ...
2022-08-04 23:30:27,032 [pool-218-thread-1] INFO  storage.RaftStorageDirectory (RaftStorageDirectoryImpl.java:tryLock(230)) - Lock on /home/runner/work/ozone/ozone/hadoop-ozone/integration-test/target/test-dir/MiniOzoneClusterImpl-b130bf38-a386-42c3-bae6-e1ff26418ee2/datanode-0/data/ratis/43dfb6c8-5b45-4cbc-ae3b-975535844b71/in_use.lock acquired by nodename 5725@fv-az241-597
2022-08-04 23:30:27,040 [pool-218-thread-1] INFO  storage.RaftStorage (RaftStorageImpl.java:format(89)) - Storage directory /home/runner/work/ozone/ozone/hadoop-ozone/integration-test/target/test-dir/MiniOzoneClusterImpl-b130bf38-a386-42c3-bae6-e1ff26418ee2/datanode-0/data/ratis/43dfb6c8-5b45-4cbc-ae3b-975535844b71 has been successfully formatted.
2022-08-04 23:30:27,040 [pool-218-thread-1] INFO  ratis.ContainerStateMachine (ContainerStateMachine.java:loadSnapshot(236)) - group-975535844B71: The snapshot info is null. Setting the last applied indexto:(t:0, i:~)
2022-08-04 23:30:27,040 [pool-218-thread-1] INFO  server.RaftServerConfigKeys (ConfUtils.java:logGet(46)) - raft.server.notification.no-leader.timeout = 300s (custom)
2022-08-04 23:30:27,040 [pool-218-thread-1] INFO  server.RaftServerConfigKeys (ConfUtils.java:logGet(46)) - raft.server.log.use.memory = false (default)
2022-08-04 23:30:27,040 [pool-218-thread-1] INFO  server.RaftServerConfigKeys (ConfUtils.java:logGet(46)) - raft.server.log.purge.gap = 1000000 (custom)
2022-08-04 23:30:27,040 [pool-218-thread-1] INFO  server.RaftServerConfigKeys (ConfUtils.java:logGet(46)) - raft.server.log.appender.buffer.byte-limit = 33554432 (custom)
2022-08-04 23:30:27,040 [pool-218-thread-1] INFO  server.RaftServerConfigKeys (ConfUtils.java:logGet(46)) - raft.server.log.statemachine.data.read.timeout = 1000ms (default)
2022-08-04 23:30:27,040 [pool-218-thread-1] INFO  server.RaftServerConfigKeys (ConfUtils.java:logGet(46)) - raft.server.log.segment.size.max = 1048576 (custom)
2022-08-04 23:30:27,041 [pool-218-thread-1] INFO  server.RaftServerConfigKeys (ConfUtils.java:logGet(46)) - raft.server.log.segment.cache.num.max = 2 (custom)
2022-08-04 23:30:27,041 [pool-218-thread-1] INFO  server.RaftServerConfigKeys (ConfUtils.java:logGet(46)) - raft.server.log.segment.cache.size.max = 200MB (=209715200) (default)
2022-08-04 23:30:27,041 [pool-218-thread-1] INFO  segmented.SegmentedRaftLogWorker (SegmentedRaftLogWorker.java:<init>(187)) - new a35da7ae-a755-466c-a337-1fa4c3c079dc@group-975535844B71-SegmentedRaftLogWorker for RaftStorageImpl:Storage Directory /home/runner/work/ozone/ozone/hadoop-ozone/integration-test/target/test-dir/MiniOzoneClusterImpl-b130bf38-a386-42c3-bae6-e1ff26418ee2/datanode-0/data/ratis/43dfb6c8-5b45-4cbc-ae3b-975535844b71
2022-08-04 23:30:27,041 [pool-218-thread-1] INFO  server.RaftServerConfigKeys (ConfUtils.java:logGet(46)) - raft.server.log.queue.byte-limit = 4294967296 (custom)
2022-08-04 23:30:27,041 [pool-218-thread-1] INFO  server.RaftServerConfigKeys (ConfUtils.java:logGet(46)) - raft.server.log.queue.element-limit = 1024 (custom)
2022-08-04 23:30:27,041 [pool-218-thread-1] INFO  server.RaftServerConfigKeys (ConfUtils.java:logGet(46)) - raft.server.log.segment.size.max = 1048576 (custom)
2022-08-04 23:30:27,041 [pool-218-thread-1] INFO  server.RaftServerConfigKeys (ConfUtils.java:logGet(46)) - raft.server.log.preallocated.size = 16384 (custom)
2022-08-04 23:30:27,041 [pool-218-thread-1] INFO  server.RaftServerConfigKeys (ConfUtils.java:logGet(46)) - raft.server.log.force.sync.num = 128 (default)
2022-08-04 23:30:27,041 [pool-218-thread-1] INFO  server.RaftServerConfigKeys (ConfUtils.java:logGet(46)) - raft.server.log.statemachine.data.sync = true (default)
2022-08-04 23:30:27,041 [pool-218-thread-1] INFO  server.RaftServerConfigKeys (ConfUtils.java:logGet(46)) - raft.server.log.statemachine.data.sync.timeout = 10s (default)
2022-08-04 23:30:27,041 [pool-218-thread-1] INFO  server.RaftServerConfigKeys (ConfUtils.java:logGet(46)) - raft.server.log.statemachine.data.sync.timeout.retry = -1 (default)
2022-08-04 23:30:27,042 [pool-218-thread-1] INFO  server.RaftServerConfigKeys (ConfUtils.java:logGet(46)) - raft.server.log.write.buffer.size = 1048576 (custom)
2022-08-04 23:30:27,042 [pool-218-thread-1] INFO  server.RaftServerConfigKeys (ConfUtils.java:logGet(46)) - raft.server.log.unsafe-flush.enabled = false (default)
2022-08-04 23:30:27,042 [pool-218-thread-1] INFO  server.RaftServerConfigKeys (ConfUtils.java:logGet(46)) - raft.server.log.statemachine.data.caching.enabled = true (custom)
2022-08-04 23:30:27,043 [pool-218-thread-1] INFO  segmented.SegmentedRaftLogWorker (SegmentedRaftLogWorker.java:lambda$new$0(135)) - a35da7ae-a755-466c-a337-1fa4c3c079dc@group-975535844B71-SegmentedRaftLogWorker: flushIndex: setUnconditionally 0 -> -1
2022-08-04 23:30:27,043 [pool-218-thread-1] INFO  segmented.SegmentedRaftLogWorker (SegmentedRaftLogWorker.java:lambda$new$0(135)) - a35da7ae-a755-466c-a337-1fa4c3c079dc@group-975535844B71-SegmentedRaftLogWorker: safeCacheEvictIndex: setUnconditionally 0 -> -1
2022-08-04 23:30:27,050 [pool-218-thread-1] INFO  server.RaftServerConfigKeys (ConfUtils.java:logGet(46)) - raft.server.snapshot.auto.trigger.enabled = true (custom)
2022-08-04 23:30:27,050 [pool-218-thread-1] INFO  server.RaftServerConfigKeys (ConfUtils.java:logGet(46)) - raft.server.snapshot.auto.trigger.threshold = 10000 (custom)
2022-08-04 23:30:27,050 [pool-218-thread-1] INFO  server.RaftServerConfigKeys (ConfUtils.java:logGet(46)) - raft.server.snapshot.retention.file.num = 5 (custom)
2022-08-04 23:30:27,050 [pool-218-thread-1] INFO  server.RaftServerConfigKeys (ConfUtils.java:logGet(46)) - raft.server.log.purge.upto.snapshot.index = false (default)
2022-08-04 23:30:27,050 [pool-218-thread-1] INFO  server.RaftServerConfigKeys (ConfUtils.java:logGet(46)) - raft.server.retrycache.expirytime = 600000ms (custom)
2022-08-04 23:30:27,050 [pool-218-thread-1] INFO  server.RaftServerConfigKeys (ConfUtils.java:logGet(46)) - raft.server.retrycache.statistics.expirytime = 100μs (default)
2022-08-04 23:30:27,051 [EventQueue-OpenPipelineForHealthyPipelineSafeModeRule] INFO  safemode.SCMSafeModeManager (HealthyPipelineSafeModeRule.java:process(137)) - SCM in safe mode. Healthy pipelines reported count is 0, required healthy pipeline reported count is 1
2022-08-04 23:30:27,055 [pool-218-thread-1] INFO  server.RaftServerConfigKeys (ConfUtils.java:logGet(46)) - raft.server.log.appender.install.snapshot.enabled = false (custom)
2022-08-04 23:30:27,055 [pool-218-thread-1] INFO  server.RaftServerConfigKeys (ConfUtils.java:logGet(46)) - raft.server.threadpool.server.cached = true (default)
2022-08-04 23:30:27,055 [pool-218-thread-1] INFO  server.RaftServerConfigKeys (ConfUtils.java:logGet(46)) - raft.server.threadpool.server.size = 0 (default)
2022-08-04 23:30:27,055 [pool-218-thread-1] INFO  server.RaftServerConfigKeys (ConfUtils.java:logGet(46)) - raft.server.threadpool.client.cached = true (default)
2022-08-04 23:30:27,055 [pool-218-thread-1] INFO  server.RaftServerConfigKeys (ConfUtils.java:logGet(46)) - raft.server.threadpool.client.size = 0 (default)
2022-08-04 23:30:27,055 [pool-218-thread-1] INFO  server.RaftServer$Division (RaftServerImpl.java:start(310)) - a35da7ae-a755-466c-a337-1fa4c3c079dc@group-975535844B71: start as a follower, conf=-1: [d751fb25-d78a-4d89-afb8-16dc86d81c92|rpc:10.1.0.37:45225|priority:0, 9a161a44-42b3-490d-9369-d15f6f1ff70c|rpc:10.1.0.37:32963|priority:0, a35da7ae-a755-466c-a337-1fa4c3c079dc|rpc:10.1.0.37:37029|priority:1], old=null
2022-08-04 23:30:27,055 [pool-218-thread-1] INFO  server.RaftServer$Division (RaftServerImpl.java:setRole(299)) - a35da7ae-a755-466c-a337-1fa4c3c079dc@group-975535844B71: changes role from      null to FOLLOWER at term 0 for startAsFollower
2022-08-04 23:30:27,055 [pool-218-thread-1] INFO  impl.RoleInfo (RoleInfo.java:updateAndGet(139)) - a35da7ae-a755-466c-a337-1fa4c3c079dc: start a35da7ae-a755-466c-a337-1fa4c3c079dc@group-975535844B71-FollowerState
2022-08-04 23:30:27,059 [pool-218-thread-1] INFO  util.JmxRegister (JmxRegister.java:tryRegister(44)) - Successfully registered JMX Bean with object name Ratis:service=RaftServer,group=group-975535844B71,id=a35da7ae-a755-466c-a337-1fa4c3c079dc
2022-08-04 23:30:27,069 [Command processor thread] INFO  ratis.XceiverServerRatis (XceiverServerRatis.java:addGroup(765)) - Created group PipelineID=43dfb6c8-5b45-4cbc-ae3b-975535844b71
2022-08-04 23:30:27,136 [grpc-default-executor-0] INFO  server.RaftServer (RaftServerProxy.java:addNew(96)) - d751fb25-d78a-4d89-afb8-16dc86d81c92: addNew group-975535844B71:[d751fb25-d78a-4d89-afb8-16dc86d81c92|rpc:10.1.0.37:45225|dataStream:|priority:0, 9a161a44-42b3-490d-9369-d15f6f1ff70c|rpc:10.1.0.37:32963|dataStream:|priority:0, a35da7ae-a755-466c-a337-1fa4c3c079dc|rpc:10.1.0.37:37029|dataStream:|priority:1] returns group-975535844B71:java.util.concurrent.CompletableFuture@16ad25b4[Not completed]
2022-08-04 23:30:27,137 [pool-241-thread-1] INFO  server.RaftServer$Division (RaftServerImpl.java:<init>(190)) - d751fb25-d78a-4d89-afb8-16dc86d81c92: new RaftServerImpl for group-975535844B71:[d751fb25-d78a-4d89-afb8-16dc86d81c92|rpc:10.1.0.37:45225|dataStream:|priority:0, 9a161a44-42b3-490d-9369-d15f6f1ff70c|rpc:10.1.0.37:32963|dataStream:|priority:0, a35da7ae-a755-466c-a337-1fa4c3c079dc|rpc:10.1.0.37:37029|dataStream:|priority:1] with ContainerStateMachine:uninitialized
2022-08-04 23:30:27,137 [pool-241-thread-1] INFO  server.RaftServerConfigKeys (ConfUtils.java:logGet(46)) - raft.server.rpc.timeout.min = 5s (custom)
2022-08-04 23:30:27,137 [pool-241-thread-1] INFO  server.RaftServerConfigKeys (ConfUtils.java:logGet(46)) - raft.server.rpc.timeout.max = 5200ms (custom)
2022-08-04 23:30:27,137 [pool-241-thread-1] INFO  server.RaftServerConfigKeys (ConfUtils.java:logGet(46)) - raft.server.rpc.sleep.time = 25ms (default)
2022-08-04 23:30:27,137 [pool-241-thread-1] INFO  server.RaftServerConfigKeys (ConfUtils.java:logGet(46)) - raft.server.rpc.slowness.timeout = 300s (custom)
2022-08-04 23:30:27,137 [pool-241-thread-1] INFO  server.RaftServerConfigKeys (ConfUtils.java:logGet(46)) - raft.server.leaderelection.leader.step-down.wait-time = 10s (default)
2022-08-04 23:30:27,137 [pool-241-thread-1] INFO  server.RaftServerConfigKeys (ConfUtils.java:logGet(46)) - raft.server.sleep.deviation.threshold = 300ms (default)
2022-08-04 23:30:27,137 [pool-241-thread-1] INFO  server.RaftServer$Division (ServerState.java:<init>(107)) - d751fb25-d78a-4d89-afb8-16dc86d81c92@group-975535844B71: ConfigurationManager, init=-1: [d751fb25-d78a-4d89-afb8-16dc86d81c92|rpc:10.1.0.37:45225|dataStream:|priority:0, 9a161a44-42b3-490d-9369-d15f6f1ff70c|rpc:10.1.0.37:32963|dataStream:|priority:0, a35da7ae-a755-466c-a337-1fa4c3c079dc|rpc:10.1.0.37:37029|dataStream:|priority:1], old=null, confs=<EMPTY_MAP>
2022-08-04 23:30:27,137 [pool-241-thread-1] INFO  server.RaftServerConfigKeys (ConfUtils.java:logGet(46)) - raft.server.storage.dir = [/home/runner/work/ozone/ozone/hadoop-ozone/integration-test/target/test-dir/MiniOzoneClusterImpl-b130bf38-a386-42c3-bae6-e1ff26418ee2/datanode-1/data/ratis] (custom)
2022-08-04 23:30:27,137 [pool-241-thread-1] INFO  server.RaftServerConfigKeys (ConfUtils.java:logGet(46)) - raft.server.log.corruption.policy = EXCEPTION (default)
2022-08-04 23:30:27,137 [pool-241-thread-1] INFO  server.RaftServerConfigKeys (ConfUtils.java:logGet(46)) - raft.server.storage.free-space.min = 0MB (=0) (default)
2022-08-04 23:30:27,137 [pool-241-thread-1] INFO  storage.RaftStorageDirectory (RaftStorageDirectoryImpl.java:analyzeStorage(135)) - The storage directory /home/runner/work/ozone/ozone/hadoop-ozone/integration-test/target/test-dir/MiniOzoneClusterImpl-b130bf38-a386-42c3-bae6-e1ff26418ee2/datanode-1/data/ratis/43dfb6c8-5b45-4cbc-ae3b-975535844b71 does not exist. Creating ...
2022-08-04 23:30:27,138 [pool-241-thread-1] INFO  storage.RaftStorageDirectory (RaftStorageDirectoryImpl.java:tryLock(230)) - Lock on /home/runner/work/ozone/ozone/hadoop-ozone/integration-test/target/test-dir/MiniOzoneClusterImpl-b130bf38-a386-42c3-bae6-e1ff26418ee2/datanode-1/data/ratis/43dfb6c8-5b45-4cbc-ae3b-975535844b71/in_use.lock acquired by nodename 5725@fv-az241-597
2022-08-04 23:30:27,157 [pool-241-thread-1] INFO  storage.RaftStorage (RaftStorageImpl.java:format(89)) - Storage directory /home/runner/work/ozone/ozone/hadoop-ozone/integration-test/target/test-dir/MiniOzoneClusterImpl-b130bf38-a386-42c3-bae6-e1ff26418ee2/datanode-1/data/ratis/43dfb6c8-5b45-4cbc-ae3b-975535844b71 has been successfully formatted.
2022-08-04 23:30:27,170 [pool-241-thread-1] INFO  ratis.ContainerStateMachine (ContainerStateMachine.java:loadSnapshot(236)) - group-975535844B71: The snapshot info is null. Setting the last applied indexto:(t:0, i:~)
2022-08-04 23:30:27,170 [pool-241-thread-1] INFO  server.RaftServerConfigKeys (ConfUtils.java:logGet(46)) - raft.server.notification.no-leader.timeout = 300s (custom)
2022-08-04 23:30:27,170 [pool-241-thread-1] INFO  server.RaftServerConfigKeys (ConfUtils.java:logGet(46)) - raft.server.log.use.memory = false (default)
2022-08-04 23:30:27,170 [pool-241-thread-1] INFO  server.RaftServerConfigKeys (ConfUtils.java:logGet(46)) - raft.server.log.purge.gap = 1000000 (custom)
2022-08-04 23:30:27,170 [pool-241-thread-1] INFO  server.RaftServerConfigKeys (ConfUtils.java:logGet(46)) - raft.server.log.appender.buffer.byte-limit = 33554432 (custom)
2022-08-04 23:30:27,170 [pool-241-thread-1] INFO  server.RaftServerConfigKeys (ConfUtils.java:logGet(46)) - raft.server.log.statemachine.data.read.timeout = 1000ms (default)
2022-08-04 23:30:27,170 [pool-241-thread-1] INFO  server.RaftServerConfigKeys (ConfUtils.java:logGet(46)) - raft.server.log.segment.size.max = 1048576 (custom)
2022-08-04 23:30:27,170 [pool-241-thread-1] INFO  server.RaftServerConfigKeys (ConfUtils.java:logGet(46)) - raft.server.log.segment.cache.num.max = 2 (custom)
2022-08-04 23:30:27,171 [pool-241-thread-1] INFO  server.RaftServerConfigKeys (ConfUtils.java:logGet(46)) - raft.server.log.segment.cache.size.max = 200MB (=209715200) (default)
2022-08-04 23:30:27,171 [pool-241-thread-1] INFO  segmented.SegmentedRaftLogWorker (SegmentedRaftLogWorker.java:<init>(187)) - new d751fb25-d78a-4d89-afb8-16dc86d81c92@group-975535844B71-SegmentedRaftLogWorker for RaftStorageImpl:Storage Directory /home/runner/work/ozone/ozone/hadoop-ozone/integration-test/target/test-dir/MiniOzoneClusterImpl-b130bf38-a386-42c3-bae6-e1ff26418ee2/datanode-1/data/ratis/43dfb6c8-5b45-4cbc-ae3b-975535844b71
2022-08-04 23:30:27,171 [pool-241-thread-1] INFO  server.RaftServerConfigKeys (ConfUtils.java:logGet(46)) - raft.server.log.queue.byte-limit = 4294967296 (custom)
2022-08-04 23:30:27,171 [pool-241-thread-1] INFO  server.RaftServerConfigKeys (ConfUtils.java:logGet(46)) - raft.server.log.queue.element-limit = 1024 (custom)
2022-08-04 23:30:27,171 [pool-241-thread-1] INFO  server.RaftServerConfigKeys (ConfUtils.java:logGet(46)) - raft.server.log.segment.size.max = 1048576 (custom)
2022-08-04 23:30:27,171 [pool-241-thread-1] INFO  server.RaftServerConfigKeys (ConfUtils.java:logGet(46)) - raft.server.log.preallocated.size = 16384 (custom)
2022-08-04 23:30:27,171 [pool-241-thread-1] INFO  server.RaftServerConfigKeys (ConfUtils.java:logGet(46)) - raft.server.log.force.sync.num = 128 (default)
2022-08-04 23:30:27,171 [pool-241-thread-1] INFO  server.RaftServerConfigKeys (ConfUtils.java:logGet(46)) - raft.server.log.statemachine.data.sync = true (default)
2022-08-04 23:30:27,171 [pool-241-thread-1] INFO  server.RaftServerConfigKeys (ConfUtils.java:logGet(46)) - raft.server.log.statemachine.data.sync.timeout = 10s (default)
2022-08-04 23:30:27,171 [pool-241-thread-1] INFO  server.RaftServerConfigKeys (ConfUtils.java:logGet(46)) - raft.server.log.statemachine.data.sync.timeout.retry = -1 (default)
2022-08-04 23:30:27,172 [pool-241-thread-1] INFO  server.RaftServerConfigKeys (ConfUtils.java:logGet(46)) - raft.server.log.write.buffer.size = 1048576 (custom)
2022-08-04 23:30:27,172 [pool-241-thread-1] INFO  server.RaftServerConfigKeys (ConfUtils.java:logGet(46)) - raft.server.log.unsafe-flush.enabled = false (default)
2022-08-04 23:30:27,172 [pool-241-thread-1] INFO  server.RaftServerConfigKeys (ConfUtils.java:logGet(46)) - raft.server.log.statemachine.data.caching.enabled = true (custom)
2022-08-04 23:30:27,172 [pool-241-thread-1] INFO  segmented.SegmentedRaftLogWorker (SegmentedRaftLogWorker.java:lambda$new$0(135)) - d751fb25-d78a-4d89-afb8-16dc86d81c92@group-975535844B71-SegmentedRaftLogWorker: flushIndex: setUnconditionally 0 -> -1
2022-08-04 23:30:27,172 [pool-241-thread-1] INFO  segmented.SegmentedRaftLogWorker (SegmentedRaftLogWorker.java:lambda$new$0(135)) - d751fb25-d78a-4d89-afb8-16dc86d81c92@group-975535844B71-SegmentedRaftLogWorker: safeCacheEvictIndex: setUnconditionally 0 -> -1
2022-08-04 23:30:27,174 [pool-241-thread-1] INFO  server.RaftServerConfigKeys (ConfUtils.java:logGet(46)) - raft.server.snapshot.auto.trigger.enabled = true (custom)
2022-08-04 23:30:27,174 [pool-241-thread-1] INFO  server.RaftServerConfigKeys (ConfUtils.java:logGet(46)) - raft.server.snapshot.auto.trigger.threshold = 10000 (custom)
2022-08-04 23:30:27,174 [pool-241-thread-1] INFO  server.RaftServerConfigKeys (ConfUtils.java:logGet(46)) - raft.server.snapshot.retention.file.num = 5 (custom)
2022-08-04 23:30:27,174 [pool-241-thread-1] INFO  server.RaftServerConfigKeys (ConfUtils.java:logGet(46)) - raft.server.log.purge.upto.snapshot.index = false (default)
2022-08-04 23:30:27,176 [pool-241-thread-1] INFO  server.RaftServerConfigKeys (ConfUtils.java:logGet(46)) - raft.server.retrycache.expirytime = 600000ms (custom)
2022-08-04 23:30:27,176 [pool-241-thread-1] INFO  server.RaftServerConfigKeys (ConfUtils.java:logGet(46)) - raft.server.retrycache.statistics.expirytime = 100μs (default)
2022-08-04 23:30:27,177 [pool-241-thread-1] INFO  server.RaftServerConfigKeys (ConfUtils.java:logGet(46)) - raft.server.log.appender.install.snapshot.enabled = false (custom)
2022-08-04 23:30:27,177 [pool-241-thread-1] INFO  server.RaftServerConfigKeys (ConfUtils.java:logGet(46)) - raft.server.threadpool.server.cached = true (default)
2022-08-04 23:30:27,177 [pool-241-thread-1] INFO  server.RaftServerConfigKeys (ConfUtils.java:logGet(46)) - raft.server.threadpool.server.size = 0 (default)
2022-08-04 23:30:27,177 [pool-241-thread-1] INFO  server.RaftServerConfigKeys (ConfUtils.java:logGet(46)) - raft.server.threadpool.client.cached = true (default)
2022-08-04 23:30:27,177 [pool-241-thread-1] INFO  server.RaftServerConfigKeys (ConfUtils.java:logGet(46)) - raft.server.threadpool.client.size = 0 (default)
2022-08-04 23:30:27,177 [pool-241-thread-1] INFO  server.RaftServer$Division (RaftServerImpl.java:start(310)) - d751fb25-d78a-4d89-afb8-16dc86d81c92@group-975535844B71: start as a follower, conf=-1: [d751fb25-d78a-4d89-afb8-16dc86d81c92|rpc:10.1.0.37:45225|dataStream:|priority:0, 9a161a44-42b3-490d-9369-d15f6f1ff70c|rpc:10.1.0.37:32963|dataStream:|priority:0, a35da7ae-a755-466c-a337-1fa4c3c079dc|rpc:10.1.0.37:37029|dataStream:|priority:1], old=null
2022-08-04 23:30:27,177 [pool-241-thread-1] INFO  server.RaftServer$Division (RaftServerImpl.java:setRole(299)) - d751fb25-d78a-4d89-afb8-16dc86d81c92@group-975535844B71: changes role from      null to FOLLOWER at term 0 for startAsFollower
2022-08-04 23:30:27,177 [pool-241-thread-1] INFO  impl.RoleInfo (RoleInfo.java:updateAndGet(139)) - d751fb25-d78a-4d89-afb8-16dc86d81c92: start d751fb25-d78a-4d89-afb8-16dc86d81c92@group-975535844B71-FollowerState
2022-08-04 23:30:27,183 [pool-241-thread-1] INFO  util.JmxRegister (JmxRegister.java:tryRegister(44)) - Successfully registered JMX Bean with object name Ratis:service=RaftServer,group=group-975535844B71,id=d751fb25-d78a-4d89-afb8-16dc86d81c92
2022-08-04 23:30:27,197 [Listener at 127.0.0.1/46779] INFO  ozone.MiniOzoneClusterImpl (MiniOzoneClusterImpl.java:lambda$waitForClusterToBeReady$0(216)) - Nodes are ready. Got 3 of 3 DN Heartbeats.
2022-08-04 23:30:27,198 [Listener at 127.0.0.1/46779] INFO  ozone.MiniOzoneClusterImpl (MiniOzoneClusterImpl.java:lambda$waitForClusterToBeReady$0(219)) - Waiting for cluster to exit safe mode
2022-08-04 23:30:27,198 [Listener at 127.0.0.1/46779] INFO  ozone.MiniOzoneClusterImpl (MiniOzoneClusterImpl.java:lambda$waitForClusterToBeReady$0(221)) - SCM became leader
2022-08-04 23:30:27,268 [grpc-default-executor-0] INFO  server.RaftServer (RaftServerProxy.java:addNew(96)) - 9a161a44-42b3-490d-9369-d15f6f1ff70c: addNew group-975535844B71:[d751fb25-d78a-4d89-afb8-16dc86d81c92|rpc:10.1.0.37:45225|dataStream:|priority:0, 9a161a44-42b3-490d-9369-d15f6f1ff70c|rpc:10.1.0.37:32963|dataStream:|priority:0, a35da7ae-a755-466c-a337-1fa4c3c079dc|rpc:10.1.0.37:37029|dataStream:|priority:1] returns group-975535844B71:java.util.concurrent.CompletableFuture@795efb7f[Not completed]
2022-08-04 23:30:27,283 [pool-264-thread-1] INFO  server.RaftServer$Division (RaftServerImpl.java:<init>(190)) - 9a161a44-42b3-490d-9369-d15f6f1ff70c: new RaftServerImpl for group-975535844B71:[d751fb25-d78a-4d89-afb8-16dc86d81c92|rpc:10.1.0.37:45225|dataStream:|priority:0, 9a161a44-42b3-490d-9369-d15f6f1ff70c|rpc:10.1.0.37:32963|dataStream:|priority:0, a35da7ae-a755-466c-a337-1fa4c3c079dc|rpc:10.1.0.37:37029|dataStream:|priority:1] with ContainerStateMachine:uninitialized
2022-08-04 23:30:27,283 [pool-264-thread-1] INFO  server.RaftServerConfigKeys (ConfUtils.java:logGet(46)) - raft.server.rpc.timeout.min = 5s (custom)
2022-08-04 23:30:27,283 [pool-264-thread-1] INFO  server.RaftServerConfigKeys (ConfUtils.java:logGet(46)) - raft.server.rpc.timeout.max = 5200ms (custom)
2022-08-04 23:30:27,283 [pool-264-thread-1] INFO  server.RaftServerConfigKeys (ConfUtils.java:logGet(46)) - raft.server.rpc.sleep.time = 25ms (default)
2022-08-04 23:30:27,283 [pool-264-thread-1] INFO  server.RaftServerConfigKeys (ConfUtils.java:logGet(46)) - raft.server.rpc.slowness.timeout = 300s (custom)
2022-08-04 23:30:27,283 [pool-264-thread-1] INFO  server.RaftServerConfigKeys (ConfUtils.java:logGet(46)) - raft.server.leaderelection.leader.step-down.wait-time = 10s (default)
2022-08-04 23:30:27,283 [pool-264-thread-1] INFO  server.RaftServerConfigKeys (ConfUtils.java:logGet(46)) - raft.server.sleep.deviation.threshold = 300ms (default)
2022-08-04 23:30:27,284 [pool-264-thread-1] INFO  server.RaftServer$Division (ServerState.java:<init>(107)) - 9a161a44-42b3-490d-9369-d15f6f1ff70c@group-975535844B71: ConfigurationManager, init=-1: [d751fb25-d78a-4d89-afb8-16dc86d81c92|rpc:10.1.0.37:45225|dataStream:|priority:0, 9a161a44-42b3-490d-9369-d15f6f1ff70c|rpc:10.1.0.37:32963|dataStream:|priority:0, a35da7ae-a755-466c-a337-1fa4c3c079dc|rpc:10.1.0.37:37029|dataStream:|priority:1], old=null, confs=<EMPTY_MAP>
2022-08-04 23:30:27,284 [pool-264-thread-1] INFO  server.RaftServerConfigKeys (ConfUtils.java:logGet(46)) - raft.server.storage.dir = [/home/runner/work/ozone/ozone/hadoop-ozone/integration-test/target/test-dir/MiniOzoneClusterImpl-b130bf38-a386-42c3-bae6-e1ff26418ee2/datanode-2/data/ratis] (custom)
2022-08-04 23:30:27,284 [pool-264-thread-1] INFO  server.RaftServerConfigKeys (ConfUtils.java:logGet(46)) - raft.server.log.corruption.policy = EXCEPTION (default)
2022-08-04 23:30:27,284 [pool-264-thread-1] INFO  server.RaftServerConfigKeys (ConfUtils.java:logGet(46)) - raft.server.storage.free-space.min = 0MB (=0) (default)
2022-08-04 23:30:27,284 [pool-264-thread-1] INFO  storage.RaftStorageDirectory (RaftStorageDirectoryImpl.java:analyzeStorage(135)) - The storage directory /home/runner/work/ozone/ozone/hadoop-ozone/integration-test/target/test-dir/MiniOzoneClusterImpl-b130bf38-a386-42c3-bae6-e1ff26418ee2/datanode-2/data/ratis/43dfb6c8-5b45-4cbc-ae3b-975535844b71 does not exist. Creating ...
2022-08-04 23:30:27,285 [pool-264-thread-1] INFO  storage.RaftStorageDirectory (RaftStorageDirectoryImpl.java:tryLock(230)) - Lock on /home/runner/work/ozone/ozone/hadoop-ozone/integration-test/target/test-dir/MiniOzoneClusterImpl-b130bf38-a386-42c3-bae6-e1ff26418ee2/datanode-2/data/ratis/43dfb6c8-5b45-4cbc-ae3b-975535844b71/in_use.lock acquired by nodename 5725@fv-az241-597
2022-08-04 23:30:27,302 [pool-264-thread-1] INFO  storage.RaftStorage (RaftStorageImpl.java:format(89)) - Storage directory /home/runner/work/ozone/ozone/hadoop-ozone/integration-test/target/test-dir/MiniOzoneClusterImpl-b130bf38-a386-42c3-bae6-e1ff26418ee2/datanode-2/data/ratis/43dfb6c8-5b45-4cbc-ae3b-975535844b71 has been successfully formatted.
2022-08-04 23:30:27,302 [pool-264-thread-1] INFO  ratis.ContainerStateMachine (ContainerStateMachine.java:loadSnapshot(236)) - group-975535844B71: The snapshot info is null. Setting the last applied indexto:(t:0, i:~)
2022-08-04 23:30:27,303 [pool-264-thread-1] INFO  server.RaftServerConfigKeys (ConfUtils.java:logGet(46)) - raft.server.notification.no-leader.timeout = 300s (custom)
2022-08-04 23:30:27,303 [pool-264-thread-1] INFO  server.RaftServerConfigKeys (ConfUtils.java:logGet(46)) - raft.server.log.use.memory = false (default)
2022-08-04 23:30:27,303 [pool-264-thread-1] INFO  server.RaftServerConfigKeys (ConfUtils.java:logGet(46)) - raft.server.log.purge.gap = 1000000 (custom)
2022-08-04 23:30:27,303 [pool-264-thread-1] INFO  server.RaftServerConfigKeys (ConfUtils.java:logGet(46)) - raft.server.log.appender.buffer.byte-limit = 33554432 (custom)
2022-08-04 23:30:27,303 [pool-264-thread-1] INFO  server.RaftServerConfigKeys (ConfUtils.java:logGet(46)) - raft.server.log.statemachine.data.read.timeout = 1000ms (default)
2022-08-04 23:30:27,303 [pool-264-thread-1] INFO  server.RaftServerConfigKeys (ConfUtils.java:logGet(46)) - raft.server.log.segment.size.max = 1048576 (custom)
2022-08-04 23:30:27,303 [pool-264-thread-1] INFO  server.RaftServerConfigKeys (ConfUtils.java:logGet(46)) - raft.server.log.segment.cache.num.max = 2 (custom)
2022-08-04 23:30:27,303 [pool-264-thread-1] INFO  server.RaftServerConfigKeys (ConfUtils.java:logGet(46)) - raft.server.log.segment.cache.size.max = 200MB (=209715200) (default)
2022-08-04 23:30:27,303 [pool-264-thread-1] INFO  segmented.SegmentedRaftLogWorker (SegmentedRaftLogWorker.java:<init>(187)) - new 9a161a44-42b3-490d-9369-d15f6f1ff70c@group-975535844B71-SegmentedRaftLogWorker for RaftStorageImpl:Storage Directory /home/runner/work/ozone/ozone/hadoop-ozone/integration-test/target/test-dir/MiniOzoneClusterImpl-b130bf38-a386-42c3-bae6-e1ff26418ee2/datanode-2/data/ratis/43dfb6c8-5b45-4cbc-ae3b-975535844b71
2022-08-04 23:30:27,303 [pool-264-thread-1] INFO  server.RaftServerConfigKeys (ConfUtils.java:logGet(46)) - raft.server.log.queue.byte-limit = 4294967296 (custom)
2022-08-04 23:30:27,303 [pool-264-thread-1] INFO  server.RaftServerConfigKeys (ConfUtils.java:logGet(46)) - raft.server.log.queue.element-limit = 1024 (custom)
2022-08-04 23:30:27,304 [pool-264-thread-1] INFO  server.RaftServerConfigKeys (ConfUtils.java:logGet(46)) - raft.server.log.segment.size.max = 1048576 (custom)
2022-08-04 23:30:27,304 [pool-264-thread-1] INFO  server.RaftServerConfigKeys (ConfUtils.java:logGet(46)) - raft.server.log.preallocated.size = 16384 (custom)
2022-08-04 23:30:27,304 [pool-264-thread-1] INFO  server.RaftServerConfigKeys (ConfUtils.java:logGet(46)) - raft.server.log.force.sync.num = 128 (default)
2022-08-04 23:30:27,304 [pool-264-thread-1] INFO  server.RaftServerConfigKeys (ConfUtils.java:logGet(46)) - raft.server.log.statemachine.data.sync = true (default)
2022-08-04 23:30:27,304 [pool-264-thread-1] INFO  server.RaftServerConfigKeys (ConfUtils.java:logGet(46)) - raft.server.log.statemachine.data.sync.timeout = 10s (default)
2022-08-04 23:30:27,304 [pool-264-thread-1] INFO  server.RaftServerConfigKeys (ConfUtils.java:logGet(46)) - raft.server.log.statemachine.data.sync.timeout.retry = -1 (default)
2022-08-04 23:30:27,304 [pool-264-thread-1] INFO  server.RaftServerConfigKeys (ConfUtils.java:logGet(46)) - raft.server.log.write.buffer.size = 1048576 (custom)
2022-08-04 23:30:27,305 [pool-264-thread-1] INFO  server.RaftServerConfigKeys (ConfUtils.java:logGet(46)) - raft.server.log.unsafe-flush.enabled = false (default)
2022-08-04 23:30:27,305 [pool-264-thread-1] INFO  server.RaftServerConfigKeys (ConfUtils.java:logGet(46)) - raft.server.log.statemachine.data.caching.enabled = true (custom)
2022-08-04 23:30:27,305 [pool-264-thread-1] INFO  segmented.SegmentedRaftLogWorker (SegmentedRaftLogWorker.java:lambda$new$0(135)) - 9a161a44-42b3-490d-9369-d15f6f1ff70c@group-975535844B71-SegmentedRaftLogWorker: flushIndex: setUnconditionally 0 -> -1
2022-08-04 23:30:27,305 [pool-264-thread-1] INFO  segmented.SegmentedRaftLogWorker (SegmentedRaftLogWorker.java:lambda$new$0(135)) - 9a161a44-42b3-490d-9369-d15f6f1ff70c@group-975535844B71-SegmentedRaftLogWorker: safeCacheEvictIndex: setUnconditionally 0 -> -1
2022-08-04 23:30:27,307 [pool-264-thread-1] INFO  server.RaftServerConfigKeys (ConfUtils.java:logGet(46)) - raft.server.snapshot.auto.trigger.enabled = true (custom)
2022-08-04 23:30:27,308 [pool-264-thread-1] INFO  server.RaftServerConfigKeys (ConfUtils.java:logGet(46)) - raft.server.snapshot.auto.trigger.threshold = 10000 (custom)
2022-08-04 23:30:27,308 [pool-264-thread-1] INFO  server.RaftServerConfigKeys (ConfUtils.java:logGet(46)) - raft.server.snapshot.retention.file.num = 5 (custom)
2022-08-04 23:30:27,308 [pool-264-thread-1] INFO  server.RaftServerConfigKeys (ConfUtils.java:logGet(46)) - raft.server.log.purge.upto.snapshot.index = false (default)
2022-08-04 23:30:27,308 [pool-264-thread-1] INFO  server.RaftServerConfigKeys (ConfUtils.java:logGet(46)) - raft.server.retrycache.expirytime = 600000ms (custom)
2022-08-04 23:30:27,308 [pool-264-thread-1] INFO  server.RaftServerConfigKeys (ConfUtils.java:logGet(46)) - raft.server.retrycache.statistics.expirytime = 100μs (default)
2022-08-04 23:30:27,309 [pool-264-thread-1] INFO  server.RaftServerConfigKeys (ConfUtils.java:logGet(46)) - raft.server.log.appender.install.snapshot.enabled = false (custom)
2022-08-04 23:30:27,309 [pool-264-thread-1] INFO  server.RaftServerConfigKeys (ConfUtils.java:logGet(46)) - raft.server.threadpool.server.cached = true (default)
2022-08-04 23:30:27,309 [pool-264-thread-1] INFO  server.RaftServerConfigKeys (ConfUtils.java:logGet(46)) - raft.server.threadpool.server.size = 0 (default)
2022-08-04 23:30:27,309 [pool-264-thread-1] INFO  server.RaftServerConfigKeys (ConfUtils.java:logGet(46)) - raft.server.threadpool.client.cached = true (default)
2022-08-04 23:30:27,309 [pool-264-thread-1] INFO  server.RaftServerConfigKeys (ConfUtils.java:logGet(46)) - raft.server.threadpool.client.size = 0 (default)
2022-08-04 23:30:27,309 [pool-264-thread-1] INFO  server.RaftServer$Division (RaftServerImpl.java:start(310)) - 9a161a44-42b3-490d-9369-d15f6f1ff70c@group-975535844B71: start as a follower, conf=-1: [d751fb25-d78a-4d89-afb8-16dc86d81c92|rpc:10.1.0.37:45225|dataStream:|priority:0, 9a161a44-42b3-490d-9369-d15f6f1ff70c|rpc:10.1.0.37:32963|dataStream:|priority:0, a35da7ae-a755-466c-a337-1fa4c3c079dc|rpc:10.1.0.37:37029|dataStream:|priority:1], old=null
2022-08-04 23:30:27,309 [pool-264-thread-1] INFO  server.RaftServer$Division (RaftServerImpl.java:setRole(299)) - 9a161a44-42b3-490d-9369-d15f6f1ff70c@group-975535844B71: changes role from      null to FOLLOWER at term 0 for startAsFollower
2022-08-04 23:30:27,309 [pool-264-thread-1] INFO  impl.RoleInfo (RoleInfo.java:updateAndGet(139)) - 9a161a44-42b3-490d-9369-d15f6f1ff70c: start 9a161a44-42b3-490d-9369-d15f6f1ff70c@group-975535844B71-FollowerState
2022-08-04 23:30:27,319 [pool-264-thread-1] INFO  util.JmxRegister (JmxRegister.java:tryRegister(44)) - Successfully registered JMX Bean with object name Ratis:service=RaftServer,group=group-975535844B71,id=9a161a44-42b3-490d-9369-d15f6f1ff70c
2022-08-04 23:30:27,345 [Command processor thread] INFO  commandhandler.CreatePipelineCommandHandler (CreatePipelineCommandHandler.java:handle(113)) - Created Pipeline RATIS THREE PipelineID=43dfb6c8-5b45-4cbc-ae3b-975535844b71.
2022-08-04 23:30:27,347 [Command processor thread] INFO  server.RaftServer (RaftServerProxy.java:addNew(96)) - a35da7ae-a755-466c-a337-1fa4c3c079dc: addNew group-6BBC89F5F822:[d751fb25-d78a-4d89-afb8-16dc86d81c92|rpc:10.1.0.37:45225|priority:0, 9a161a44-42b3-490d-9369-d15f6f1ff70c|rpc:10.1.0.37:32963|priority:1, a35da7ae-a755-466c-a337-1fa4c3c079dc|rpc:10.1.0.37:37029|priority:0] returns group-6BBC89F5F822:java.util.concurrent.CompletableFuture@60fa5580[Not completed]
2022-08-04 23:30:27,349 [pool-218-thread-1] INFO  server.RaftServer$Division (RaftServerImpl.java:<init>(190)) - a35da7ae-a755-466c-a337-1fa4c3c079dc: new RaftServerImpl for group-6BBC89F5F822:[d751fb25-d78a-4d89-afb8-16dc86d81c92|rpc:10.1.0.37:45225|priority:0, 9a161a44-42b3-490d-9369-d15f6f1ff70c|rpc:10.1.0.37:32963|priority:1, a35da7ae-a755-466c-a337-1fa4c3c079dc|rpc:10.1.0.37:37029|priority:0] with ContainerStateMachine:uninitialized
2022-08-04 23:30:27,349 [pool-218-thread-1] INFO  server.RaftServerConfigKeys (ConfUtils.java:logGet(46)) - raft.server.rpc.timeout.min = 5s (custom)
2022-08-04 23:30:27,349 [pool-218-thread-1] INFO  server.RaftServerConfigKeys (ConfUtils.java:logGet(46)) - raft.server.rpc.timeout.max = 5200ms (custom)
2022-08-04 23:30:27,349 [pool-218-thread-1] INFO  server.RaftServerConfigKeys (ConfUtils.java:logGet(46)) - raft.server.rpc.sleep.time = 25ms (default)
2022-08-04 23:30:27,349 [pool-218-thread-1] INFO  server.RaftServerConfigKeys (ConfUtils.java:logGet(46)) - raft.server.rpc.slowness.timeout = 300s (custom)
2022-08-04 23:30:27,349 [pool-218-thread-1] INFO  server.RaftServerConfigKeys (ConfUtils.java:logGet(46)) - raft.server.leaderelection.leader.step-down.wait-time = 10s (default)
2022-08-04 23:30:27,349 [pool-218-thread-1] INFO  server.RaftServerConfigKeys (ConfUtils.java:logGet(46)) - raft.server.sleep.deviation.threshold = 300ms (default)
2022-08-04 23:30:27,349 [pool-218-thread-1] INFO  server.RaftServer$Division (ServerState.java:<init>(107)) - a35da7ae-a755-466c-a337-1fa4c3c079dc@group-6BBC89F5F822: ConfigurationManager, init=-1: [d751fb25-d78a-4d89-afb8-16dc86d81c92|rpc:10.1.0.37:45225|priority:0, 9a161a44-42b3-490d-9369-d15f6f1ff70c|rpc:10.1.0.37:32963|priority:1, a35da7ae-a755-466c-a337-1fa4c3c079dc|rpc:10.1.0.37:37029|priority:0], old=null, confs=<EMPTY_MAP>
2022-08-04 23:30:27,349 [pool-218-thread-1] INFO  server.RaftServerConfigKeys (ConfUtils.java:logGet(46)) - raft.server.storage.dir = [/home/runner/work/ozone/ozone/hadoop-ozone/integration-test/target/test-dir/MiniOzoneClusterImpl-b130bf38-a386-42c3-bae6-e1ff26418ee2/datanode-0/data/ratis] (custom)
2022-08-04 23:30:27,349 [pool-218-thread-1] INFO  server.RaftServerConfigKeys (ConfUtils.java:logGet(46)) - raft.server.log.corruption.policy = EXCEPTION (default)
2022-08-04 23:30:27,349 [pool-218-thread-1] INFO  server.RaftServerConfigKeys (ConfUtils.java:logGet(46)) - raft.server.storage.free-space.min = 0MB (=0) (default)
2022-08-04 23:30:27,349 [pool-218-thread-1] INFO  storage.RaftStorageDirectory (RaftStorageDirectoryImpl.java:analyzeStorage(135)) - The storage directory /home/runner/work/ozone/ozone/hadoop-ozone/integration-test/target/test-dir/MiniOzoneClusterImpl-b130bf38-a386-42c3-bae6-e1ff26418ee2/datanode-0/data/ratis/a9e728ac-cb28-458e-9d94-6bbc89f5f822 does not exist. Creating ...
2022-08-04 23:30:27,350 [pool-218-thread-1] INFO  storage.RaftStorageDirectory (RaftStorageDirectoryImpl.java:tryLock(230)) - Lock on /home/runner/work/ozone/ozone/hadoop-ozone/integration-test/target/test-dir/MiniOzoneClusterImpl-b130bf38-a386-42c3-bae6-e1ff26418ee2/datanode-0/data/ratis/a9e728ac-cb28-458e-9d94-6bbc89f5f822/in_use.lock acquired by nodename 5725@fv-az241-597
2022-08-04 23:30:27,351 [pool-218-thread-1] INFO  storage.RaftStorage (RaftStorageImpl.java:format(89)) - Storage directory /home/runner/work/ozone/ozone/hadoop-ozone/integration-test/target/test-dir/MiniOzoneClusterImpl-b130bf38-a386-42c3-bae6-e1ff26418ee2/datanode-0/data/ratis/a9e728ac-cb28-458e-9d94-6bbc89f5f822 has been successfully formatted.
2022-08-04 23:30:27,354 [pool-218-thread-1] INFO  ratis.ContainerStateMachine (ContainerStateMachine.java:loadSnapshot(236)) - group-6BBC89F5F822: The snapshot info is null. Setting the last applied indexto:(t:0, i:~)
2022-08-04 23:30:27,354 [pool-218-thread-1] INFO  server.RaftServerConfigKeys (ConfUtils.java:logGet(46)) - raft.server.notification.no-leader.timeout = 300s (custom)
2022-08-04 23:30:27,354 [pool-218-thread-1] INFO  server.RaftServerConfigKeys (ConfUtils.java:logGet(46)) - raft.server.log.use.memory = false (default)
2022-08-04 23:30:27,354 [pool-218-thread-1] INFO  server.RaftServerConfigKeys (ConfUtils.java:logGet(46)) - raft.server.log.purge.gap = 1000000 (custom)
2022-08-04 23:30:27,354 [pool-218-thread-1] INFO  server.RaftServerConfigKeys (ConfUtils.java:logGet(46)) - raft.server.log.appender.buffer.byte-limit = 33554432 (custom)
2022-08-04 23:30:27,354 [pool-218-thread-1] INFO  server.RaftServerConfigKeys (ConfUtils.java:logGet(46)) - raft.server.log.statemachine.data.read.timeout = 1000ms (default)
2022-08-04 23:30:27,354 [pool-218-thread-1] INFO  server.RaftServerConfigKeys (ConfUtils.java:logGet(46)) - raft.server.log.segment.size.max = 1048576 (custom)
2022-08-04 23:30:27,355 [EventQueue-OpenPipelineForHealthyPipelineSafeModeRule] INFO  safemode.SCMSafeModeManager (HealthyPipelineSafeModeRule.java:process(137)) - SCM in safe mode. Healthy pipelines reported count is 0, required healthy pipeline reported count is 1
2022-08-04 23:30:27,355 [pool-218-thread-1] INFO  server.RaftServerConfigKeys (ConfUtils.java:logGet(46)) - raft.server.log.segment.cache.num.max = 2 (custom)
2022-08-04 23:30:27,355 [pool-218-thread-1] INFO  server.RaftServerConfigKeys (ConfUtils.java:logGet(46)) - raft.server.log.segment.cache.size.max = 200MB (=209715200) (default)
2022-08-04 23:30:27,355 [pool-218-thread-1] INFO  segmented.SegmentedRaftLogWorker (SegmentedRaftLogWorker.java:<init>(187)) - new a35da7ae-a755-466c-a337-1fa4c3c079dc@group-6BBC89F5F822-SegmentedRaftLogWorker for RaftStorageImpl:Storage Directory /home/runner/work/ozone/ozone/hadoop-ozone/integration-test/target/test-dir/MiniOzoneClusterImpl-b130bf38-a386-42c3-bae6-e1ff26418ee2/datanode-0/data/ratis/a9e728ac-cb28-458e-9d94-6bbc89f5f822
2022-08-04 23:30:27,355 [pool-218-thread-1] INFO  server.RaftServerConfigKeys (ConfUtils.java:logGet(46)) - raft.server.log.queue.byte-limit = 4294967296 (custom)
2022-08-04 23:30:27,355 [pool-218-thread-1] INFO  server.RaftServerConfigKeys (ConfUtils.java:logGet(46)) - raft.server.log.queue.element-limit = 1024 (custom)
2022-08-04 23:30:27,355 [pool-218-thread-1] INFO  server.RaftServerConfigKeys (ConfUtils.java:logGet(46)) - raft.server.log.segment.size.max = 1048576 (custom)
2022-08-04 23:30:27,355 [pool-218-thread-1] INFO  server.RaftServerConfigKeys (ConfUtils.java:logGet(46)) - raft.server.log.preallocated.size = 16384 (custom)
2022-08-04 23:30:27,355 [pool-218-thread-1] INFO  server.RaftServerConfigKeys (ConfUtils.java:logGet(46)) - raft.server.log.force.sync.num = 128 (default)
2022-08-04 23:30:27,355 [pool-218-thread-1] INFO  server.RaftServerConfigKeys (ConfUtils.java:logGet(46)) - raft.server.log.statemachine.data.sync = true (default)
2022-08-04 23:30:27,355 [pool-218-thread-1] INFO  server.RaftServerConfigKeys (ConfUtils.java:logGet(46)) - raft.server.log.statemachine.data.sync.timeout = 10s (default)
2022-08-04 23:30:27,355 [pool-218-thread-1] INFO  server.RaftServerConfigKeys (ConfUtils.java:logGet(46)) - raft.server.log.statemachine.data.sync.timeout.retry = -1 (default)
2022-08-04 23:30:27,356 [pool-218-thread-1] INFO  server.RaftServerConfigKeys (ConfUtils.java:logGet(46)) - raft.server.log.write.buffer.size = 1048576 (custom)
2022-08-04 23:30:27,357 [pool-218-thread-1] INFO  server.RaftServerConfigKeys (ConfUtils.java:logGet(46)) - raft.server.log.unsafe-flush.enabled = false (default)
2022-08-04 23:30:27,357 [pool-218-thread-1] INFO  server.RaftServerConfigKeys (ConfUtils.java:logGet(46)) - raft.server.log.statemachine.data.caching.enabled = true (custom)
2022-08-04 23:30:27,357 [pool-218-thread-1] INFO  segmented.SegmentedRaftLogWorker (SegmentedRaftLogWorker.java:lambda$new$0(135)) - a35da7ae-a755-466c-a337-1fa4c3c079dc@group-6BBC89F5F822-SegmentedRaftLogWorker: flushIndex: setUnconditionally 0 -> -1
2022-08-04 23:30:27,357 [pool-218-thread-1] INFO  segmented.SegmentedRaftLogWorker (SegmentedRaftLogWorker.java:lambda$new$0(135)) - a35da7ae-a755-466c-a337-1fa4c3c079dc@group-6BBC89F5F822-SegmentedRaftLogWorker: safeCacheEvictIndex: setUnconditionally 0 -> -1
2022-08-04 23:30:27,370 [pool-218-thread-1] INFO  server.RaftServerConfigKeys (ConfUtils.java:logGet(46)) - raft.server.snapshot.auto.trigger.enabled = true (custom)
2022-08-04 23:30:27,370 [pool-218-thread-1] INFO  server.RaftServerConfigKeys (ConfUtils.java:logGet(46)) - raft.server.snapshot.auto.trigger.threshold = 10000 (custom)
2022-08-04 23:30:27,370 [pool-218-thread-1] INFO  server.RaftServerConfigKeys (ConfUtils.java:logGet(46)) - raft.server.snapshot.retention.file.num = 5 (custom)
2022-08-04 23:30:27,370 [pool-218-thread-1] INFO  server.RaftServerConfigKeys (ConfUtils.java:logGet(46)) - raft.server.log.purge.upto.snapshot.index = false (default)
2022-08-04 23:30:27,370 [pool-218-thread-1] INFO  server.RaftServerConfigKeys (ConfUtils.java:logGet(46)) - raft.server.retrycache.expirytime = 600000ms (custom)
2022-08-04 23:30:27,370 [pool-218-thread-1] INFO  server.RaftServerConfigKeys (ConfUtils.java:logGet(46)) - raft.server.retrycache.statistics.expirytime = 100μs (default)
2022-08-04 23:30:27,371 [pool-218-thread-1] INFO  server.RaftServerConfigKeys (ConfUtils.java:logGet(46)) - raft.server.log.appender.install.snapshot.enabled = false (custom)
2022-08-04 23:30:27,371 [pool-218-thread-1] INFO  server.RaftServerConfigKeys (ConfUtils.java:logGet(46)) - raft.server.threadpool.server.cached = true (default)
2022-08-04 23:30:27,371 [pool-218-thread-1] INFO  server.RaftServerConfigKeys (ConfUtils.java:logGet(46)) - raft.server.threadpool.server.size = 0 (default)
2022-08-04 23:30:27,371 [pool-218-thread-1] INFO  server.RaftServerConfigKeys (ConfUtils.java:logGet(46)) - raft.server.threadpool.client.cached = true (default)
2022-08-04 23:30:27,371 [pool-218-thread-1] INFO  server.RaftServerConfigKeys (ConfUtils.java:logGet(46)) - raft.server.threadpool.client.size = 0 (default)
2022-08-04 23:30:27,371 [pool-218-thread-1] INFO  server.RaftServer$Division (RaftServerImpl.java:start(310)) - a35da7ae-a755-466c-a337-1fa4c3c079dc@group-6BBC89F5F822: start as a follower, conf=-1: [d751fb25-d78a-4d89-afb8-16dc86d81c92|rpc:10.1.0.37:45225|priority:0, 9a161a44-42b3-490d-9369-d15f6f1ff70c|rpc:10.1.0.37:32963|priority:1, a35da7ae-a755-466c-a337-1fa4c3c079dc|rpc:10.1.0.37:37029|priority:0], old=null
2022-08-04 23:30:27,371 [pool-218-thread-1] INFO  server.RaftServer$Division (RaftServerImpl.java:setRole(299)) - a35da7ae-a755-466c-a337-1fa4c3c079dc@group-6BBC89F5F822: changes role from      null to FOLLOWER at term 0 for startAsFollower
2022-08-04 23:30:27,371 [pool-218-thread-1] INFO  impl.RoleInfo (RoleInfo.java:updateAndGet(139)) - a35da7ae-a755-466c-a337-1fa4c3c079dc: start a35da7ae-a755-466c-a337-1fa4c3c079dc@group-6BBC89F5F822-FollowerState
2022-08-04 23:30:27,374 [pool-218-thread-1] INFO  util.JmxRegister (JmxRegister.java:tryRegister(44)) - Successfully registered JMX Bean with object name Ratis:service=RaftServer,group=group-6BBC89F5F822,id=a35da7ae-a755-466c-a337-1fa4c3c079dc
2022-08-04 23:30:27,384 [Command processor thread] INFO  ratis.XceiverServerRatis (XceiverServerRatis.java:addGroup(765)) - Created group PipelineID=a9e728ac-cb28-458e-9d94-6bbc89f5f822
2022-08-04 23:30:27,400 [grpc-default-executor-0] INFO  server.RaftServer (RaftServerProxy.java:addNew(96)) - 9a161a44-42b3-490d-9369-d15f6f1ff70c: addNew group-6BBC89F5F822:[d751fb25-d78a-4d89-afb8-16dc86d81c92|rpc:10.1.0.37:45225|dataStream:|priority:0, 9a161a44-42b3-490d-9369-d15f6f1ff70c|rpc:10.1.0.37:32963|dataStream:|priority:1, a35da7ae-a755-466c-a337-1fa4c3c079dc|rpc:10.1.0.37:37029|dataStream:|priority:0] returns group-6BBC89F5F822:java.util.concurrent.CompletableFuture@1691facc[Not completed]
2022-08-04 23:30:27,400 [pool-264-thread-1] INFO  server.RaftServer$Division (RaftServerImpl.java:<init>(190)) - 9a161a44-42b3-490d-9369-d15f6f1ff70c: new RaftServerImpl for group-6BBC89F5F822:[d751fb25-d78a-4d89-afb8-16dc86d81c92|rpc:10.1.0.37:45225|dataStream:|priority:0, 9a161a44-42b3-490d-9369-d15f6f1ff70c|rpc:10.1.0.37:32963|dataStream:|priority:1, a35da7ae-a755-466c-a337-1fa4c3c079dc|rpc:10.1.0.37:37029|dataStream:|priority:0] with ContainerStateMachine:uninitialized
2022-08-04 23:30:27,400 [pool-264-thread-1] INFO  server.RaftServerConfigKeys (ConfUtils.java:logGet(46)) - raft.server.rpc.timeout.min = 5s (custom)
2022-08-04 23:30:27,401 [pool-264-thread-1] INFO  server.RaftServerConfigKeys (ConfUtils.java:logGet(46)) - raft.server.rpc.timeout.max = 5200ms (custom)
2022-08-04 23:30:27,401 [pool-264-thread-1] INFO  server.RaftServerConfigKeys (ConfUtils.java:logGet(46)) - raft.server.rpc.sleep.time = 25ms (default)
2022-08-04 23:30:27,401 [pool-264-thread-1] INFO  server.RaftServerConfigKeys (ConfUtils.java:logGet(46)) - raft.server.rpc.slowness.timeout = 300s (custom)
2022-08-04 23:30:27,401 [pool-264-thread-1] INFO  server.RaftServerConfigKeys (ConfUtils.java:logGet(46)) - raft.server.leaderelection.leader.step-down.wait-time = 10s (default)
2022-08-04 23:30:27,401 [pool-264-thread-1] INFO  server.RaftServerConfigKeys (ConfUtils.java:logGet(46)) - raft.server.sleep.deviation.threshold = 300ms (default)
2022-08-04 23:30:27,401 [pool-264-thread-1] INFO  server.RaftServer$Division (ServerState.java:<init>(107)) - 9a161a44-42b3-490d-9369-d15f6f1ff70c@group-6BBC89F5F822: ConfigurationManager, init=-1: [d751fb25-d78a-4d89-afb8-16dc86d81c92|rpc:10.1.0.37:45225|dataStream:|priority:0, 9a161a44-42b3-490d-9369-d15f6f1ff70c|rpc:10.1.0.37:32963|dataStream:|priority:1, a35da7ae-a755-466c-a337-1fa4c3c079dc|rpc:10.1.0.37:37029|dataStream:|priority:0], old=null, confs=<EMPTY_MAP>
2022-08-04 23:30:27,401 [pool-264-thread-1] INFO  server.RaftServerConfigKeys (ConfUtils.java:logGet(46)) - raft.server.storage.dir = [/home/runner/work/ozone/ozone/hadoop-ozone/integration-test/target/test-dir/MiniOzoneClusterImpl-b130bf38-a386-42c3-bae6-e1ff26418ee2/datanode-2/data/ratis] (custom)
2022-08-04 23:30:27,401 [pool-264-thread-1] INFO  server.RaftServerConfigKeys (ConfUtils.java:logGet(46)) - raft.server.log.corruption.policy = EXCEPTION (default)
2022-08-04 23:30:27,401 [pool-264-thread-1] INFO  server.RaftServerConfigKeys (ConfUtils.java:logGet(46)) - raft.server.storage.free-space.min = 0MB (=0) (default)
2022-08-04 23:30:27,401 [pool-264-thread-1] INFO  storage.RaftStorageDirectory (RaftStorageDirectoryImpl.java:analyzeStorage(135)) - The storage directory /home/runner/work/ozone/ozone/hadoop-ozone/integration-test/target/test-dir/MiniOzoneClusterImpl-b130bf38-a386-42c3-bae6-e1ff26418ee2/datanode-2/data/ratis/a9e728ac-cb28-458e-9d94-6bbc89f5f822 does not exist. Creating ...
2022-08-04 23:30:27,407 [pool-264-thread-1] INFO  storage.RaftStorageDirectory (RaftStorageDirectoryImpl.java:tryLock(230)) - Lock on /home/runner/work/ozone/ozone/hadoop-ozone/integration-test/target/test-dir/MiniOzoneClusterImpl-b130bf38-a386-42c3-bae6-e1ff26418ee2/datanode-2/data/ratis/a9e728ac-cb28-458e-9d94-6bbc89f5f822/in_use.lock acquired by nodename 5725@fv-az241-597
2022-08-04 23:30:27,409 [pool-264-thread-1] INFO  storage.RaftStorage (RaftStorageImpl.java:format(89)) - Storage directory /home/runner/work/ozone/ozone/hadoop-ozone/integration-test/target/test-dir/MiniOzoneClusterImpl-b130bf38-a386-42c3-bae6-e1ff26418ee2/datanode-2/data/ratis/a9e728ac-cb28-458e-9d94-6bbc89f5f822 has been successfully formatted.
2022-08-04 23:30:27,409 [pool-264-thread-1] INFO  ratis.ContainerStateMachine (ContainerStateMachine.java:loadSnapshot(236)) - group-6BBC89F5F822: The snapshot info is null. Setting the last applied indexto:(t:0, i:~)
2022-08-04 23:30:27,409 [pool-264-thread-1] INFO  server.RaftServerConfigKeys (ConfUtils.java:logGet(46)) - raft.server.notification.no-leader.timeout = 300s (custom)
2022-08-04 23:30:27,409 [pool-264-thread-1] INFO  server.RaftServerConfigKeys (ConfUtils.java:logGet(46)) - raft.server.log.use.memory = false (default)
2022-08-04 23:30:27,409 [pool-264-thread-1] INFO  server.RaftServerConfigKeys (ConfUtils.java:logGet(46)) - raft.server.log.purge.gap = 1000000 (custom)
2022-08-04 23:30:27,409 [pool-264-thread-1] INFO  server.RaftServerConfigKeys (ConfUtils.java:logGet(46)) - raft.server.log.appender.buffer.byte-limit = 33554432 (custom)
2022-08-04 23:30:27,409 [pool-264-thread-1] INFO  server.RaftServerConfigKeys (ConfUtils.java:logGet(46)) - raft.server.log.statemachine.data.read.timeout = 1000ms (default)
2022-08-04 23:30:27,410 [pool-264-thread-1] INFO  server.RaftServerConfigKeys (ConfUtils.java:logGet(46)) - raft.server.log.segment.size.max = 1048576 (custom)
2022-08-04 23:30:27,410 [pool-264-thread-1] INFO  server.RaftServerConfigKeys (ConfUtils.java:logGet(46)) - raft.server.log.segment.cache.num.max = 2 (custom)
2022-08-04 23:30:27,410 [pool-264-thread-1] INFO  server.RaftServerConfigKeys (ConfUtils.java:logGet(46)) - raft.server.log.segment.cache.size.max = 200MB (=209715200) (default)
2022-08-04 23:30:27,410 [pool-264-thread-1] INFO  segmented.SegmentedRaftLogWorker (SegmentedRaftLogWorker.java:<init>(187)) - new 9a161a44-42b3-490d-9369-d15f6f1ff70c@group-6BBC89F5F822-SegmentedRaftLogWorker for RaftStorageImpl:Storage Directory /home/runner/work/ozone/ozone/hadoop-ozone/integration-test/target/test-dir/MiniOzoneClusterImpl-b130bf38-a386-42c3-bae6-e1ff26418ee2/datanode-2/data/ratis/a9e728ac-cb28-458e-9d94-6bbc89f5f822
2022-08-04 23:30:27,410 [pool-264-thread-1] INFO  server.RaftServerConfigKeys (ConfUtils.java:logGet(46)) - raft.server.log.queue.byte-limit = 4294967296 (custom)
2022-08-04 23:30:27,410 [pool-264-thread-1] INFO  server.RaftServerConfigKeys (ConfUtils.java:logGet(46)) - raft.server.log.queue.element-limit = 1024 (custom)
2022-08-04 23:30:27,410 [pool-264-thread-1] INFO  server.RaftServerConfigKeys (ConfUtils.java:logGet(46)) - raft.server.log.segment.size.max = 1048576 (custom)
2022-08-04 23:30:27,410 [pool-264-thread-1] INFO  server.RaftServerConfigKeys (ConfUtils.java:logGet(46)) - raft.server.log.preallocated.size = 16384 (custom)
2022-08-04 23:30:27,410 [pool-264-thread-1] INFO  server.RaftServerConfigKeys (ConfUtils.java:logGet(46)) - raft.server.log.force.sync.num = 128 (default)
2022-08-04 23:30:27,410 [pool-264-thread-1] INFO  server.RaftServerConfigKeys (ConfUtils.java:logGet(46)) - raft.server.log.statemachine.data.sync = true (default)
2022-08-04 23:30:27,410 [pool-264-thread-1] INFO  server.RaftServerConfigKeys (ConfUtils.java:logGet(46)) - raft.server.log.statemachine.data.sync.timeout = 10s (default)
2022-08-04 23:30:27,410 [pool-264-thread-1] INFO  server.RaftServerConfigKeys (ConfUtils.java:logGet(46)) - raft.server.log.statemachine.data.sync.timeout.retry = -1 (default)
2022-08-04 23:30:27,411 [pool-264-thread-1] INFO  server.RaftServerConfigKeys (ConfUtils.java:logGet(46)) - raft.server.log.write.buffer.size = 1048576 (custom)
2022-08-04 23:30:27,412 [pool-264-thread-1] INFO  server.RaftServerConfigKeys (ConfUtils.java:logGet(46)) - raft.server.log.unsafe-flush.enabled = false (default)
2022-08-04 23:30:27,412 [pool-264-thread-1] INFO  server.RaftServerConfigKeys (ConfUtils.java:logGet(46)) - raft.server.log.statemachine.data.caching.enabled = true (custom)
2022-08-04 23:30:27,412 [pool-264-thread-1] INFO  segmented.SegmentedRaftLogWorker (SegmentedRaftLogWorker.java:lambda$new$0(135)) - 9a161a44-42b3-490d-9369-d15f6f1ff70c@group-6BBC89F5F822-SegmentedRaftLogWorker: flushIndex: setUnconditionally 0 -> -1
2022-08-04 23:30:27,412 [pool-264-thread-1] INFO  segmented.SegmentedRaftLogWorker (SegmentedRaftLogWorker.java:lambda$new$0(135)) - 9a161a44-42b3-490d-9369-d15f6f1ff70c@group-6BBC89F5F822-SegmentedRaftLogWorker: safeCacheEvictIndex: setUnconditionally 0 -> -1
2022-08-04 23:30:27,412 [pool-264-thread-1] INFO  server.RaftServerConfigKeys (ConfUtils.java:logGet(46)) - raft.server.snapshot.auto.trigger.enabled = true (custom)
2022-08-04 23:30:27,412 [pool-264-thread-1] INFO  server.RaftServerConfigKeys (ConfUtils.java:logGet(46)) - raft.server.snapshot.auto.trigger.threshold = 10000 (custom)
2022-08-04 23:30:27,412 [pool-264-thread-1] INFO  server.RaftServerConfigKeys (ConfUtils.java:logGet(46)) - raft.server.snapshot.retention.file.num = 5 (custom)
2022-08-04 23:30:27,412 [pool-264-thread-1] INFO  server.RaftServerConfigKeys (ConfUtils.java:logGet(46)) - raft.server.log.purge.upto.snapshot.index = false (default)
2022-08-04 23:30:27,412 [pool-264-thread-1] INFO  server.RaftServerConfigKeys (ConfUtils.java:logGet(46)) - raft.server.retrycache.expirytime = 600000ms (custom)
2022-08-04 23:30:27,412 [pool-264-thread-1] INFO  server.RaftServerConfigKeys (ConfUtils.java:logGet(46)) - raft.server.retrycache.statistics.expirytime = 100μs (default)
2022-08-04 23:30:27,413 [pool-264-thread-1] INFO  server.RaftServerConfigKeys (ConfUtils.java:logGet(46)) - raft.server.log.appender.install.snapshot.enabled = false (custom)
2022-08-04 23:30:27,413 [pool-264-thread-1] INFO  server.RaftServerConfigKeys (ConfUtils.java:logGet(46)) - raft.server.threadpool.server.cached = true (default)
2022-08-04 23:30:27,413 [pool-264-thread-1] INFO  server.RaftServerConfigKeys (ConfUtils.java:logGet(46)) - raft.server.threadpool.server.size = 0 (default)
2022-08-04 23:30:27,413 [pool-264-thread-1] INFO  server.RaftServerConfigKeys (ConfUtils.java:logGet(46)) - raft.server.threadpool.client.cached = true (default)
2022-08-04 23:30:27,413 [pool-264-thread-1] INFO  server.RaftServerConfigKeys (ConfUtils.java:logGet(46)) - raft.server.threadpool.client.size = 0 (default)
2022-08-04 23:30:27,414 [pool-264-thread-1] INFO  server.RaftServer$Division (RaftServerImpl.java:start(310)) - 9a161a44-42b3-490d-9369-d15f6f1ff70c@group-6BBC89F5F822: start as a follower, conf=-1: [d751fb25-d78a-4d89-afb8-16dc86d81c92|rpc:10.1.0.37:45225|dataStream:|priority:0, 9a161a44-42b3-490d-9369-d15f6f1ff70c|rpc:10.1.0.37:32963|dataStream:|priority:1, a35da7ae-a755-466c-a337-1fa4c3c079dc|rpc:10.1.0.37:37029|dataStream:|priority:0], old=null
2022-08-04 23:30:27,414 [pool-264-thread-1] INFO  server.RaftServer$Division (RaftServerImpl.java:setRole(299)) - 9a161a44-42b3-490d-9369-d15f6f1ff70c@group-6BBC89F5F822: changes role from      null to FOLLOWER at term 0 for startAsFollower
2022-08-04 23:30:27,414 [pool-264-thread-1] INFO  impl.RoleInfo (RoleInfo.java:updateAndGet(139)) - 9a161a44-42b3-490d-9369-d15f6f1ff70c: start 9a161a44-42b3-490d-9369-d15f6f1ff70c@group-6BBC89F5F822-FollowerState
2022-08-04 23:30:27,414 [pool-264-thread-1] INFO  util.JmxRegister (JmxRegister.java:tryRegister(44)) - Successfully registered JMX Bean with object name Ratis:service=RaftServer,group=group-6BBC89F5F822,id=9a161a44-42b3-490d-9369-d15f6f1ff70c
2022-08-04 23:30:27,470 [grpc-default-executor-0] INFO  server.RaftServer (RaftServerProxy.java:addNew(96)) - d751fb25-d78a-4d89-afb8-16dc86d81c92: addNew group-6BBC89F5F822:[d751fb25-d78a-4d89-afb8-16dc86d81c92|rpc:10.1.0.37:45225|dataStream:|priority:0, 9a161a44-42b3-490d-9369-d15f6f1ff70c|rpc:10.1.0.37:32963|dataStream:|priority:1, a35da7ae-a755-466c-a337-1fa4c3c079dc|rpc:10.1.0.37:37029|dataStream:|priority:0] returns group-6BBC89F5F822:java.util.concurrent.CompletableFuture@43bfe459[Not completed]
2022-08-04 23:30:27,471 [pool-241-thread-1] INFO  server.RaftServer$Division (RaftServerImpl.java:<init>(190)) - d751fb25-d78a-4d89-afb8-16dc86d81c92: new RaftServerImpl for group-6BBC89F5F822:[d751fb25-d78a-4d89-afb8-16dc86d81c92|rpc:10.1.0.37:45225|dataStream:|priority:0, 9a161a44-42b3-490d-9369-d15f6f1ff70c|rpc:10.1.0.37:32963|dataStream:|priority:1, a35da7ae-a755-466c-a337-1fa4c3c079dc|rpc:10.1.0.37:37029|dataStream:|priority:0] with ContainerStateMachine:uninitialized
2022-08-04 23:30:27,472 [pool-241-thread-1] INFO  server.RaftServerConfigKeys (ConfUtils.java:logGet(46)) - raft.server.rpc.timeout.min = 5s (custom)
2022-08-04 23:30:27,472 [pool-241-thread-1] INFO  server.RaftServerConfigKeys (ConfUtils.java:logGet(46)) - raft.server.rpc.timeout.max = 5200ms (custom)
2022-08-04 23:30:27,472 [pool-241-thread-1] INFO  server.RaftServerConfigKeys (ConfUtils.java:logGet(46)) - raft.server.rpc.sleep.time = 25ms (default)
2022-08-04 23:30:27,472 [pool-241-thread-1] INFO  server.RaftServerConfigKeys (ConfUtils.java:logGet(46)) - raft.server.rpc.slowness.timeout = 300s (custom)
2022-08-04 23:30:27,472 [pool-241-thread-1] INFO  server.RaftServerConfigKeys (ConfUtils.java:logGet(46)) - raft.server.leaderelection.leader.step-down.wait-time = 10s (default)
2022-08-04 23:30:27,472 [pool-241-thread-1] INFO  server.RaftServerConfigKeys (ConfUtils.java:logGet(46)) - raft.server.sleep.deviation.threshold = 300ms (default)
2022-08-04 23:30:27,472 [pool-241-thread-1] INFO  server.RaftServer$Division (ServerState.java:<init>(107)) - d751fb25-d78a-4d89-afb8-16dc86d81c92@group-6BBC89F5F822: ConfigurationManager, init=-1: [d751fb25-d78a-4d89-afb8-16dc86d81c92|rpc:10.1.0.37:45225|dataStream:|priority:0, 9a161a44-42b3-490d-9369-d15f6f1ff70c|rpc:10.1.0.37:32963|dataStream:|priority:1, a35da7ae-a755-466c-a337-1fa4c3c079dc|rpc:10.1.0.37:37029|dataStream:|priority:0], old=null, confs=<EMPTY_MAP>
2022-08-04 23:30:27,472 [pool-241-thread-1] INFO  server.RaftServerConfigKeys (ConfUtils.java:logGet(46)) - raft.server.storage.dir = [/home/runner/work/ozone/ozone/hadoop-ozone/integration-test/target/test-dir/MiniOzoneClusterImpl-b130bf38-a386-42c3-bae6-e1ff26418ee2/datanode-1/data/ratis] (custom)
2022-08-04 23:30:27,472 [pool-241-thread-1] INFO  server.RaftServerConfigKeys (ConfUtils.java:logGet(46)) - raft.server.log.corruption.policy = EXCEPTION (default)
2022-08-04 23:30:27,472 [pool-241-thread-1] INFO  server.RaftServerConfigKeys (ConfUtils.java:logGet(46)) - raft.server.storage.free-space.min = 0MB (=0) (default)
2022-08-04 23:30:27,472 [pool-241-thread-1] INFO  storage.RaftStorageDirectory (RaftStorageDirectoryImpl.java:analyzeStorage(135)) - The storage directory /home/runner/work/ozone/ozone/hadoop-ozone/integration-test/target/test-dir/MiniOzoneClusterImpl-b130bf38-a386-42c3-bae6-e1ff26418ee2/datanode-1/data/ratis/a9e728ac-cb28-458e-9d94-6bbc89f5f822 does not exist. Creating ...
2022-08-04 23:30:27,473 [pool-241-thread-1] INFO  storage.RaftStorageDirectory (RaftStorageDirectoryImpl.java:tryLock(230)) - Lock on /home/runner/work/ozone/ozone/hadoop-ozone/integration-test/target/test-dir/MiniOzoneClusterImpl-b130bf38-a386-42c3-bae6-e1ff26418ee2/datanode-1/data/ratis/a9e728ac-cb28-458e-9d94-6bbc89f5f822/in_use.lock acquired by nodename 5725@fv-az241-597
2022-08-04 23:30:27,474 [pool-241-thread-1] INFO  storage.RaftStorage (RaftStorageImpl.java:format(89)) - Storage directory /home/runner/work/ozone/ozone/hadoop-ozone/integration-test/target/test-dir/MiniOzoneClusterImpl-b130bf38-a386-42c3-bae6-e1ff26418ee2/datanode-1/data/ratis/a9e728ac-cb28-458e-9d94-6bbc89f5f822 has been successfully formatted.
2022-08-04 23:30:27,475 [pool-241-thread-1] INFO  ratis.ContainerStateMachine (ContainerStateMachine.java:loadSnapshot(236)) - group-6BBC89F5F822: The snapshot info is null. Setting the last applied indexto:(t:0, i:~)
2022-08-04 23:30:27,475 [pool-241-thread-1] INFO  server.RaftServerConfigKeys (ConfUtils.java:logGet(46)) - raft.server.notification.no-leader.timeout = 300s (custom)
2022-08-04 23:30:27,475 [pool-241-thread-1] INFO  server.RaftServerConfigKeys (ConfUtils.java:logGet(46)) - raft.server.log.use.memory = false (default)
2022-08-04 23:30:27,475 [pool-241-thread-1] INFO  server.RaftServerConfigKeys (ConfUtils.java:logGet(46)) - raft.server.log.purge.gap = 1000000 (custom)
2022-08-04 23:30:27,475 [pool-241-thread-1] INFO  server.RaftServerConfigKeys (ConfUtils.java:logGet(46)) - raft.server.log.appender.buffer.byte-limit = 33554432 (custom)
2022-08-04 23:30:27,475 [pool-241-thread-1] INFO  server.RaftServerConfigKeys (ConfUtils.java:logGet(46)) - raft.server.log.statemachine.data.read.timeout = 1000ms (default)
2022-08-04 23:30:27,475 [pool-241-thread-1] INFO  server.RaftServerConfigKeys (ConfUtils.java:logGet(46)) - raft.server.log.segment.size.max = 1048576 (custom)
2022-08-04 23:30:27,475 [pool-241-thread-1] INFO  server.RaftServerConfigKeys (ConfUtils.java:logGet(46)) - raft.server.log.segment.cache.num.max = 2 (custom)
2022-08-04 23:30:27,475 [pool-241-thread-1] INFO  server.RaftServerConfigKeys (ConfUtils.java:logGet(46)) - raft.server.log.segment.cache.size.max = 200MB (=209715200) (default)
2022-08-04 23:30:27,476 [pool-241-thread-1] INFO  segmented.SegmentedRaftLogWorker (SegmentedRaftLogWorker.java:<init>(187)) - new d751fb25-d78a-4d89-afb8-16dc86d81c92@group-6BBC89F5F822-SegmentedRaftLogWorker for RaftStorageImpl:Storage Directory /home/runner/work/ozone/ozone/hadoop-ozone/integration-test/target/test-dir/MiniOzoneClusterImpl-b130bf38-a386-42c3-bae6-e1ff26418ee2/datanode-1/data/ratis/a9e728ac-cb28-458e-9d94-6bbc89f5f822
2022-08-04 23:30:27,476 [pool-241-thread-1] INFO  server.RaftServerConfigKeys (ConfUtils.java:logGet(46)) - raft.server.log.queue.byte-limit = 4294967296 (custom)
2022-08-04 23:30:27,476 [pool-241-thread-1] INFO  server.RaftServerConfigKeys (ConfUtils.java:logGet(46)) - raft.server.log.queue.element-limit = 1024 (custom)
2022-08-04 23:30:27,476 [pool-241-thread-1] INFO  server.RaftServerConfigKeys (ConfUtils.java:logGet(46)) - raft.server.log.segment.size.max = 1048576 (custom)
2022-08-04 23:30:27,476 [pool-241-thread-1] INFO  server.RaftServerConfigKeys (ConfUtils.java:logGet(46)) - raft.server.log.preallocated.size = 16384 (custom)
2022-08-04 23:30:27,476 [pool-241-thread-1] INFO  server.RaftServerConfigKeys (ConfUtils.java:logGet(46)) - raft.server.log.force.sync.num = 128 (default)
2022-08-04 23:30:27,476 [pool-241-thread-1] INFO  server.RaftServerConfigKeys (ConfUtils.java:logGet(46)) - raft.server.log.statemachine.data.sync = true (default)
2022-08-04 23:30:27,476 [pool-241-thread-1] INFO  server.RaftServerConfigKeys (ConfUtils.java:logGet(46)) - raft.server.log.statemachine.data.sync.timeout = 10s (default)
2022-08-04 23:30:27,476 [pool-241-thread-1] INFO  server.RaftServerConfigKeys (ConfUtils.java:logGet(46)) - raft.server.log.statemachine.data.sync.timeout.retry = -1 (default)
2022-08-04 23:30:27,476 [pool-241-thread-1] INFO  server.RaftServerConfigKeys (ConfUtils.java:logGet(46)) - raft.server.log.write.buffer.size = 1048576 (custom)
2022-08-04 23:30:27,477 [pool-241-thread-1] INFO  server.RaftServerConfigKeys (ConfUtils.java:logGet(46)) - raft.server.log.unsafe-flush.enabled = false (default)
2022-08-04 23:30:27,477 [pool-241-thread-1] INFO  server.RaftServerConfigKeys (ConfUtils.java:logGet(46)) - raft.server.log.statemachine.data.caching.enabled = true (custom)
2022-08-04 23:30:27,477 [pool-241-thread-1] INFO  segmented.SegmentedRaftLogWorker (SegmentedRaftLogWorker.java:lambda$new$0(135)) - d751fb25-d78a-4d89-afb8-16dc86d81c92@group-6BBC89F5F822-SegmentedRaftLogWorker: flushIndex: setUnconditionally 0 -> -1
2022-08-04 23:30:27,477 [pool-241-thread-1] INFO  segmented.SegmentedRaftLogWorker (SegmentedRaftLogWorker.java:lambda$new$0(135)) - d751fb25-d78a-4d89-afb8-16dc86d81c92@group-6BBC89F5F822-SegmentedRaftLogWorker: safeCacheEvictIndex: setUnconditionally 0 -> -1
2022-08-04 23:30:27,484 [pool-241-thread-1] INFO  server.RaftServerConfigKeys (ConfUtils.java:logGet(46)) - raft.server.snapshot.auto.trigger.enabled = true (custom)
2022-08-04 23:30:27,484 [pool-241-thread-1] INFO  server.RaftServerConfigKeys (ConfUtils.java:logGet(46)) - raft.server.snapshot.auto.trigger.threshold = 10000 (custom)
2022-08-04 23:30:27,485 [pool-241-thread-1] INFO  server.RaftServerConfigKeys (ConfUtils.java:logGet(46)) - raft.server.snapshot.retention.file.num = 5 (custom)
2022-08-04 23:30:27,485 [pool-241-thread-1] INFO  server.RaftServerConfigKeys (ConfUtils.java:logGet(46)) - raft.server.log.purge.upto.snapshot.index = false (default)
2022-08-04 23:30:27,485 [pool-241-thread-1] INFO  server.RaftServerConfigKeys (ConfUtils.java:logGet(46)) - raft.server.retrycache.expirytime = 600000ms (custom)
2022-08-04 23:30:27,485 [pool-241-thread-1] INFO  server.RaftServerConfigKeys (ConfUtils.java:logGet(46)) - raft.server.retrycache.statistics.expirytime = 100μs (default)
2022-08-04 23:30:27,485 [pool-241-thread-1] INFO  server.RaftServerConfigKeys (ConfUtils.java:logGet(46)) - raft.server.log.appender.install.snapshot.enabled = false (custom)
2022-08-04 23:30:27,486 [pool-241-thread-1] INFO  server.RaftServerConfigKeys (ConfUtils.java:logGet(46)) - raft.server.threadpool.server.cached = true (default)
2022-08-04 23:30:27,486 [pool-241-thread-1] INFO  server.RaftServerConfigKeys (ConfUtils.java:logGet(46)) - raft.server.threadpool.server.size = 0 (default)
2022-08-04 23:30:27,486 [pool-241-thread-1] INFO  server.RaftServerConfigKeys (ConfUtils.java:logGet(46)) - raft.server.threadpool.client.cached = true (default)
2022-08-04 23:30:27,486 [pool-241-thread-1] INFO  server.RaftServerConfigKeys (ConfUtils.java:logGet(46)) - raft.server.threadpool.client.size = 0 (default)
2022-08-04 23:30:27,486 [pool-241-thread-1] INFO  server.RaftServer$Division (RaftServerImpl.java:start(310)) - d751fb25-d78a-4d89-afb8-16dc86d81c92@group-6BBC89F5F822: start as a follower, conf=-1: [d751fb25-d78a-4d89-afb8-16dc86d81c92|rpc:10.1.0.37:45225|dataStream:|priority:0, 9a161a44-42b3-490d-9369-d15f6f1ff70c|rpc:10.1.0.37:32963|dataStream:|priority:1, a35da7ae-a755-466c-a337-1fa4c3c079dc|rpc:10.1.0.37:37029|dataStream:|priority:0], old=null
2022-08-04 23:30:27,486 [pool-241-thread-1] INFO  server.RaftServer$Division (RaftServerImpl.java:setRole(299)) - d751fb25-d78a-4d89-afb8-16dc86d81c92@group-6BBC89F5F822: changes role from      null to FOLLOWER at term 0 for startAsFollower
2022-08-04 23:30:27,486 [pool-241-thread-1] INFO  impl.RoleInfo (RoleInfo.java:updateAndGet(139)) - d751fb25-d78a-4d89-afb8-16dc86d81c92: start d751fb25-d78a-4d89-afb8-16dc86d81c92@group-6BBC89F5F822-FollowerState
2022-08-04 23:30:27,506 [pool-241-thread-1] INFO  util.JmxRegister (JmxRegister.java:tryRegister(44)) - Successfully registered JMX Bean with object name Ratis:service=RaftServer,group=group-6BBC89F5F822,id=d751fb25-d78a-4d89-afb8-16dc86d81c92
2022-08-04 23:30:27,537 [Command processor thread] INFO  commandhandler.CreatePipelineCommandHandler (CreatePipelineCommandHandler.java:handle(113)) - Created Pipeline RATIS THREE PipelineID=a9e728ac-cb28-458e-9d94-6bbc89f5f822.
2022-08-04 23:30:27,592 [Command processor thread] INFO  server.RaftServer (RaftServerProxy.java:addNew(96)) - d751fb25-d78a-4d89-afb8-16dc86d81c92: addNew group-4A2A72B6BCE2:[d751fb25-d78a-4d89-afb8-16dc86d81c92|rpc:10.1.0.37:45225|priority:1] returns group-4A2A72B6BCE2:java.util.concurrent.CompletableFuture@4b1bc15c[Not completed]
2022-08-04 23:30:27,593 [pool-241-thread-1] INFO  server.RaftServer$Division (RaftServerImpl.java:<init>(190)) - d751fb25-d78a-4d89-afb8-16dc86d81c92: new RaftServerImpl for group-4A2A72B6BCE2:[d751fb25-d78a-4d89-afb8-16dc86d81c92|rpc:10.1.0.37:45225|priority:1] with ContainerStateMachine:uninitialized
2022-08-04 23:30:27,593 [pool-241-thread-1] INFO  server.RaftServerConfigKeys (ConfUtils.java:logGet(46)) - raft.server.rpc.timeout.min = 5s (custom)
2022-08-04 23:30:27,593 [pool-241-thread-1] INFO  server.RaftServerConfigKeys (ConfUtils.java:logGet(46)) - raft.server.rpc.timeout.max = 5200ms (custom)
2022-08-04 23:30:27,593 [pool-241-thread-1] INFO  server.RaftServerConfigKeys (ConfUtils.java:logGet(46)) - raft.server.rpc.sleep.time = 25ms (default)
2022-08-04 23:30:27,594 [pool-241-thread-1] INFO  server.RaftServerConfigKeys (ConfUtils.java:logGet(46)) - raft.server.rpc.slowness.timeout = 300s (custom)
2022-08-04 23:30:27,594 [pool-241-thread-1] INFO  server.RaftServerConfigKeys (ConfUtils.java:logGet(46)) - raft.server.leaderelection.leader.step-down.wait-time = 10s (default)
2022-08-04 23:30:27,594 [pool-241-thread-1] INFO  server.RaftServerConfigKeys (ConfUtils.java:logGet(46)) - raft.server.sleep.deviation.threshold = 300ms (default)
2022-08-04 23:30:27,594 [pool-241-thread-1] INFO  server.RaftServer$Division (ServerState.java:<init>(107)) - d751fb25-d78a-4d89-afb8-16dc86d81c92@group-4A2A72B6BCE2: ConfigurationManager, init=-1: [d751fb25-d78a-4d89-afb8-16dc86d81c92|rpc:10.1.0.37:45225|priority:1], old=null, confs=<EMPTY_MAP>
2022-08-04 23:30:27,594 [pool-241-thread-1] INFO  server.RaftServerConfigKeys (ConfUtils.java:logGet(46)) - raft.server.storage.dir = [/home/runner/work/ozone/ozone/hadoop-ozone/integration-test/target/test-dir/MiniOzoneClusterImpl-b130bf38-a386-42c3-bae6-e1ff26418ee2/datanode-1/data/ratis] (custom)
2022-08-04 23:30:27,594 [pool-241-thread-1] INFO  server.RaftServerConfigKeys (ConfUtils.java:logGet(46)) - raft.server.log.corruption.policy = EXCEPTION (default)
2022-08-04 23:30:27,594 [pool-241-thread-1] INFO  server.RaftServerConfigKeys (ConfUtils.java:logGet(46)) - raft.server.storage.free-space.min = 0MB (=0) (default)
2022-08-04 23:30:27,594 [pool-241-thread-1] INFO  storage.RaftStorageDirectory (RaftStorageDirectoryImpl.java:analyzeStorage(135)) - The storage directory /home/runner/work/ozone/ozone/hadoop-ozone/integration-test/target/test-dir/MiniOzoneClusterImpl-b130bf38-a386-42c3-bae6-e1ff26418ee2/datanode-1/data/ratis/be7b2f1e-5457-423b-9b88-4a2a72b6bce2 does not exist. Creating ...
2022-08-04 23:30:27,602 [pool-241-thread-1] INFO  storage.RaftStorageDirectory (RaftStorageDirectoryImpl.java:tryLock(230)) - Lock on /home/runner/work/ozone/ozone/hadoop-ozone/integration-test/target/test-dir/MiniOzoneClusterImpl-b130bf38-a386-42c3-bae6-e1ff26418ee2/datanode-1/data/ratis/be7b2f1e-5457-423b-9b88-4a2a72b6bce2/in_use.lock acquired by nodename 5725@fv-az241-597
2022-08-04 23:30:27,606 [pool-241-thread-1] INFO  storage.RaftStorage (RaftStorageImpl.java:format(89)) - Storage directory /home/runner/work/ozone/ozone/hadoop-ozone/integration-test/target/test-dir/MiniOzoneClusterImpl-b130bf38-a386-42c3-bae6-e1ff26418ee2/datanode-1/data/ratis/be7b2f1e-5457-423b-9b88-4a2a72b6bce2 has been successfully formatted.
2022-08-04 23:30:27,606 [pool-241-thread-1] INFO  ratis.ContainerStateMachine (ContainerStateMachine.java:loadSnapshot(236)) - group-4A2A72B6BCE2: The snapshot info is null. Setting the last applied indexto:(t:0, i:~)
2022-08-04 23:30:27,606 [pool-241-thread-1] INFO  server.RaftServerConfigKeys (ConfUtils.java:logGet(46)) - raft.server.notification.no-leader.timeout = 300s (custom)
2022-08-04 23:30:27,606 [pool-241-thread-1] INFO  server.RaftServerConfigKeys (ConfUtils.java:logGet(46)) - raft.server.log.use.memory = false (default)
2022-08-04 23:30:27,606 [pool-241-thread-1] INFO  server.RaftServerConfigKeys (ConfUtils.java:logGet(46)) - raft.server.log.purge.gap = 1000000 (custom)
2022-08-04 23:30:27,606 [pool-241-thread-1] INFO  server.RaftServerConfigKeys (ConfUtils.java:logGet(46)) - raft.server.log.appender.buffer.byte-limit = 33554432 (custom)
2022-08-04 23:30:27,606 [pool-241-thread-1] INFO  server.RaftServerConfigKeys (ConfUtils.java:logGet(46)) - raft.server.log.statemachine.data.read.timeout = 1000ms (default)
2022-08-04 23:30:27,606 [pool-241-thread-1] INFO  server.RaftServerConfigKeys (ConfUtils.java:logGet(46)) - raft.server.log.segment.size.max = 1048576 (custom)
2022-08-04 23:30:27,607 [pool-241-thread-1] INFO  server.RaftServerConfigKeys (ConfUtils.java:logGet(46)) - raft.server.log.segment.cache.num.max = 2 (custom)
2022-08-04 23:30:27,607 [pool-241-thread-1] INFO  server.RaftServerConfigKeys (ConfUtils.java:logGet(46)) - raft.server.log.segment.cache.size.max = 200MB (=209715200) (default)
2022-08-04 23:30:27,607 [pool-241-thread-1] INFO  segmented.SegmentedRaftLogWorker (SegmentedRaftLogWorker.java:<init>(187)) - new d751fb25-d78a-4d89-afb8-16dc86d81c92@group-4A2A72B6BCE2-SegmentedRaftLogWorker for RaftStorageImpl:Storage Directory /home/runner/work/ozone/ozone/hadoop-ozone/integration-test/target/test-dir/MiniOzoneClusterImpl-b130bf38-a386-42c3-bae6-e1ff26418ee2/datanode-1/data/ratis/be7b2f1e-5457-423b-9b88-4a2a72b6bce2
2022-08-04 23:30:27,607 [pool-241-thread-1] INFO  server.RaftServerConfigKeys (ConfUtils.java:logGet(46)) - raft.server.log.queue.byte-limit = 4294967296 (custom)
2022-08-04 23:30:27,607 [pool-241-thread-1] INFO  server.RaftServerConfigKeys (ConfUtils.java:logGet(46)) - raft.server.log.queue.element-limit = 1024 (custom)
2022-08-04 23:30:27,607 [pool-241-thread-1] INFO  server.RaftServerConfigKeys (ConfUtils.java:logGet(46)) - raft.server.log.segment.size.max = 1048576 (custom)
2022-08-04 23:30:27,607 [pool-241-thread-1] INFO  server.RaftServerConfigKeys (ConfUtils.java:logGet(46)) - raft.server.log.preallocated.size = 16384 (custom)
2022-08-04 23:30:27,607 [pool-241-thread-1] INFO  server.RaftServerConfigKeys (ConfUtils.java:logGet(46)) - raft.server.log.force.sync.num = 128 (default)
2022-08-04 23:30:27,607 [pool-241-thread-1] INFO  server.RaftServerConfigKeys (ConfUtils.java:logGet(46)) - raft.server.log.statemachine.data.sync = true (default)
2022-08-04 23:30:27,607 [pool-241-thread-1] INFO  server.RaftServerConfigKeys (ConfUtils.java:logGet(46)) - raft.server.log.statemachine.data.sync.timeout = 10s (default)
2022-08-04 23:30:27,607 [pool-241-thread-1] INFO  server.RaftServerConfigKeys (ConfUtils.java:logGet(46)) - raft.server.log.statemachine.data.sync.timeout.retry = -1 (default)
2022-08-04 23:30:27,607 [EventQueue-PipelineReportForPipelineReportHandler] INFO  pipeline.PipelineManagerImpl (PipelineManagerImpl.java:openPipeline(367)) - Pipeline Pipeline[ Id: be7b2f1e-5457-423b-9b88-4a2a72b6bce2, Nodes: d751fb25-d78a-4d89-afb8-16dc86d81c92{ip: 10.1.0.37, host: fv-az241-597.bb25ywkzvhnelkltyshw0e441e.jx.internal.cloudapp.net, ports: [REPLICATION=45121, RATIS=45225, RATIS_ADMIN=45225, RATIS_SERVER=45225, STANDALONE=36785], networkLocation: /default-rack, certSerialId: null, persistedOpState: IN_SERVICE, persistedOpStateExpiryEpochSec: 0}, ReplicationConfig: RATIS/ONE, State:ALLOCATED, leaderId:d751fb25-d78a-4d89-afb8-16dc86d81c92, CreationTimestamp2022-08-04T23:30:24.602Z[Etc/UTC]] moved to OPEN state
2022-08-04 23:30:27,608 [pool-241-thread-1] INFO  server.RaftServerConfigKeys (ConfUtils.java:logGet(46)) - raft.server.log.write.buffer.size = 1048576 (custom)
2022-08-04 23:30:27,608 [EventQueue-OpenPipelineForHealthyPipelineSafeModeRule] INFO  safemode.SCMSafeModeManager (HealthyPipelineSafeModeRule.java:process(137)) - SCM in safe mode. Healthy pipelines reported count is 0, required healthy pipeline reported count is 1
2022-08-04 23:30:27,608 [pool-241-thread-1] INFO  server.RaftServerConfigKeys (ConfUtils.java:logGet(46)) - raft.server.log.unsafe-flush.enabled = false (default)
2022-08-04 23:30:27,622 [pool-241-thread-1] INFO  server.RaftServerConfigKeys (ConfUtils.java:logGet(46)) - raft.server.log.statemachine.data.caching.enabled = true (custom)
2022-08-04 23:30:27,622 [pool-241-thread-1] INFO  segmented.SegmentedRaftLogWorker (SegmentedRaftLogWorker.java:lambda$new$0(135)) - d751fb25-d78a-4d89-afb8-16dc86d81c92@group-4A2A72B6BCE2-SegmentedRaftLogWorker: flushIndex: setUnconditionally 0 -> -1
2022-08-04 23:30:27,623 [pool-241-thread-1] INFO  segmented.SegmentedRaftLogWorker (SegmentedRaftLogWorker.java:lambda$new$0(135)) - d751fb25-d78a-4d89-afb8-16dc86d81c92@group-4A2A72B6BCE2-SegmentedRaftLogWorker: safeCacheEvictIndex: setUnconditionally 0 -> -1
2022-08-04 23:30:27,623 [pool-241-thread-1] INFO  server.RaftServerConfigKeys (ConfUtils.java:logGet(46)) - raft.server.snapshot.auto.trigger.enabled = true (custom)
2022-08-04 23:30:27,623 [pool-241-thread-1] INFO  server.RaftServerConfigKeys (ConfUtils.java:logGet(46)) - raft.server.snapshot.auto.trigger.threshold = 10000 (custom)
2022-08-04 23:30:27,623 [pool-241-thread-1] INFO  server.RaftServerConfigKeys (ConfUtils.java:logGet(46)) - raft.server.snapshot.retention.file.num = 5 (custom)
2022-08-04 23:30:27,623 [pool-241-thread-1] INFO  server.RaftServerConfigKeys (ConfUtils.java:logGet(46)) - raft.server.log.purge.upto.snapshot.index = false (default)
2022-08-04 23:30:27,623 [pool-241-thread-1] INFO  server.RaftServerConfigKeys (ConfUtils.java:logGet(46)) - raft.server.retrycache.expirytime = 600000ms (custom)
2022-08-04 23:30:27,623 [pool-241-thread-1] INFO  server.RaftServerConfigKeys (ConfUtils.java:logGet(46)) - raft.server.retrycache.statistics.expirytime = 100μs (default)
2022-08-04 23:30:27,624 [pool-241-thread-1] INFO  server.RaftServerConfigKeys (ConfUtils.java:logGet(46)) - raft.server.log.appender.install.snapshot.enabled = false (custom)
2022-08-04 23:30:27,624 [pool-241-thread-1] INFO  server.RaftServerConfigKeys (ConfUtils.java:logGet(46)) - raft.server.threadpool.server.cached = true (default)
2022-08-04 23:30:27,624 [pool-241-thread-1] INFO  server.RaftServerConfigKeys (ConfUtils.java:logGet(46)) - raft.server.threadpool.server.size = 0 (default)
2022-08-04 23:30:27,624 [pool-241-thread-1] INFO  server.RaftServerConfigKeys (ConfUtils.java:logGet(46)) - raft.server.threadpool.client.cached = true (default)
2022-08-04 23:30:27,624 [pool-241-thread-1] INFO  server.RaftServerConfigKeys (ConfUtils.java:logGet(46)) - raft.server.threadpool.client.size = 0 (default)
2022-08-04 23:30:27,624 [pool-241-thread-1] INFO  server.RaftServer$Division (RaftServerImpl.java:start(310)) - d751fb25-d78a-4d89-afb8-16dc86d81c92@group-4A2A72B6BCE2: start as a follower, conf=-1: [d751fb25-d78a-4d89-afb8-16dc86d81c92|rpc:10.1.0.37:45225|priority:1], old=null
2022-08-04 23:30:27,624 [pool-241-thread-1] INFO  server.RaftServer$Division (RaftServerImpl.java:setRole(299)) - d751fb25-d78a-4d89-afb8-16dc86d81c92@group-4A2A72B6BCE2: changes role from      null to FOLLOWER at term 0 for startAsFollower
2022-08-04 23:30:27,624 [pool-241-thread-1] INFO  impl.RoleInfo (RoleInfo.java:updateAndGet(139)) - d751fb25-d78a-4d89-afb8-16dc86d81c92: start d751fb25-d78a-4d89-afb8-16dc86d81c92@group-4A2A72B6BCE2-FollowerState
2022-08-04 23:30:27,635 [pool-241-thread-1] INFO  util.JmxRegister (JmxRegister.java:tryRegister(44)) - Successfully registered JMX Bean with object name Ratis:service=RaftServer,group=group-4A2A72B6BCE2,id=d751fb25-d78a-4d89-afb8-16dc86d81c92
2022-08-04 23:30:27,635 [Command processor thread] INFO  ratis.XceiverServerRatis (XceiverServerRatis.java:addGroup(765)) - Created group PipelineID=be7b2f1e-5457-423b-9b88-4a2a72b6bce2
2022-08-04 23:30:27,635 [Command processor thread] INFO  commandhandler.CreatePipelineCommandHandler (CreatePipelineCommandHandler.java:handle(113)) - Created Pipeline RATIS ONE PipelineID=be7b2f1e-5457-423b-9b88-4a2a72b6bce2.
2022-08-04 23:30:28,198 [Listener at 127.0.0.1/46779] INFO  ozone.MiniOzoneClusterImpl (MiniOzoneClusterImpl.java:lambda$waitForClusterToBeReady$0(216)) - Nodes are ready. Got 3 of 3 DN Heartbeats.
2022-08-04 23:30:28,198 [Listener at 127.0.0.1/46779] INFO  ozone.MiniOzoneClusterImpl (MiniOzoneClusterImpl.java:lambda$waitForClusterToBeReady$0(219)) - Waiting for cluster to exit safe mode
2022-08-04 23:30:28,198 [Listener at 127.0.0.1/46779] INFO  ozone.MiniOzoneClusterImpl (MiniOzoneClusterImpl.java:lambda$waitForClusterToBeReady$0(221)) - SCM became leader
2022-08-04 23:30:28,228 [Command processor thread] INFO  server.RaftServer (RaftServerProxy.java:addNew(96)) - 9a161a44-42b3-490d-9369-d15f6f1ff70c: addNew group-E1CB165AC2F8:[9a161a44-42b3-490d-9369-d15f6f1ff70c|rpc:10.1.0.37:32963|priority:1] returns group-E1CB165AC2F8:java.util.concurrent.CompletableFuture@6f9aa241[Not completed]
2022-08-04 23:30:28,229 [pool-264-thread-1] INFO  server.RaftServer$Division (RaftServerImpl.java:<init>(190)) - 9a161a44-42b3-490d-9369-d15f6f1ff70c: new RaftServerImpl for group-E1CB165AC2F8:[9a161a44-42b3-490d-9369-d15f6f1ff70c|rpc:10.1.0.37:32963|priority:1] with ContainerStateMachine:uninitialized
2022-08-04 23:30:28,229 [pool-264-thread-1] INFO  server.RaftServerConfigKeys (ConfUtils.java:logGet(46)) - raft.server.rpc.timeout.min = 5s (custom)
2022-08-04 23:30:28,229 [pool-264-thread-1] INFO  server.RaftServerConfigKeys (ConfUtils.java:logGet(46)) - raft.server.rpc.timeout.max = 5200ms (custom)
2022-08-04 23:30:28,229 [pool-264-thread-1] INFO  server.RaftServerConfigKeys (ConfUtils.java:logGet(46)) - raft.server.rpc.sleep.time = 25ms (default)
2022-08-04 23:30:28,229 [pool-264-thread-1] INFO  server.RaftServerConfigKeys (ConfUtils.java:logGet(46)) - raft.server.rpc.slowness.timeout = 300s (custom)
2022-08-04 23:30:28,229 [pool-264-thread-1] INFO  server.RaftServerConfigKeys (ConfUtils.java:logGet(46)) - raft.server.leaderelection.leader.step-down.wait-time = 10s (default)
2022-08-04 23:30:28,229 [pool-264-thread-1] INFO  server.RaftServerConfigKeys (ConfUtils.java:logGet(46)) - raft.server.sleep.deviation.threshold = 300ms (default)
2022-08-04 23:30:28,229 [pool-264-thread-1] INFO  server.RaftServer$Division (ServerState.java:<init>(107)) - 9a161a44-42b3-490d-9369-d15f6f1ff70c@group-E1CB165AC2F8: ConfigurationManager, init=-1: [9a161a44-42b3-490d-9369-d15f6f1ff70c|rpc:10.1.0.37:32963|priority:1], old=null, confs=<EMPTY_MAP>
2022-08-04 23:30:28,229 [pool-264-thread-1] INFO  server.RaftServerConfigKeys (ConfUtils.java:logGet(46)) - raft.server.storage.dir = [/home/runner/work/ozone/ozone/hadoop-ozone/integration-test/target/test-dir/MiniOzoneClusterImpl-b130bf38-a386-42c3-bae6-e1ff26418ee2/datanode-2/data/ratis] (custom)
2022-08-04 23:30:28,229 [pool-264-thread-1] INFO  server.RaftServerConfigKeys (ConfUtils.java:logGet(46)) - raft.server.log.corruption.policy = EXCEPTION (default)
2022-08-04 23:30:28,229 [pool-264-thread-1] INFO  server.RaftServerConfigKeys (ConfUtils.java:logGet(46)) - raft.server.storage.free-space.min = 0MB (=0) (default)
2022-08-04 23:30:28,230 [pool-264-thread-1] INFO  storage.RaftStorageDirectory (RaftStorageDirectoryImpl.java:analyzeStorage(135)) - The storage directory /home/runner/work/ozone/ozone/hadoop-ozone/integration-test/target/test-dir/MiniOzoneClusterImpl-b130bf38-a386-42c3-bae6-e1ff26418ee2/datanode-2/data/ratis/c1aaddb2-efde-489a-9648-e1cb165ac2f8 does not exist. Creating ...
2022-08-04 23:30:28,233 [pool-264-thread-1] INFO  storage.RaftStorageDirectory (RaftStorageDirectoryImpl.java:tryLock(230)) - Lock on /home/runner/work/ozone/ozone/hadoop-ozone/integration-test/target/test-dir/MiniOzoneClusterImpl-b130bf38-a386-42c3-bae6-e1ff26418ee2/datanode-2/data/ratis/c1aaddb2-efde-489a-9648-e1cb165ac2f8/in_use.lock acquired by nodename 5725@fv-az241-597
2022-08-04 23:30:28,234 [pool-264-thread-1] INFO  storage.RaftStorage (RaftStorageImpl.java:format(89)) - Storage directory /home/runner/work/ozone/ozone/hadoop-ozone/integration-test/target/test-dir/MiniOzoneClusterImpl-b130bf38-a386-42c3-bae6-e1ff26418ee2/datanode-2/data/ratis/c1aaddb2-efde-489a-9648-e1cb165ac2f8 has been successfully formatted.
2022-08-04 23:30:28,234 [pool-264-thread-1] INFO  ratis.ContainerStateMachine (ContainerStateMachine.java:loadSnapshot(236)) - group-E1CB165AC2F8: The snapshot info is null. Setting the last applied indexto:(t:0, i:~)
2022-08-04 23:30:28,234 [pool-264-thread-1] INFO  server.RaftServerConfigKeys (ConfUtils.java:logGet(46)) - raft.server.notification.no-leader.timeout = 300s (custom)
2022-08-04 23:30:28,234 [pool-264-thread-1] INFO  server.RaftServerConfigKeys (ConfUtils.java:logGet(46)) - raft.server.log.use.memory = false (default)
2022-08-04 23:30:28,234 [pool-264-thread-1] INFO  server.RaftServerConfigKeys (ConfUtils.java:logGet(46)) - raft.server.log.purge.gap = 1000000 (custom)
2022-08-04 23:30:28,234 [pool-264-thread-1] INFO  server.RaftServerConfigKeys (ConfUtils.java:logGet(46)) - raft.server.log.appender.buffer.byte-limit = 33554432 (custom)
2022-08-04 23:30:28,234 [pool-264-thread-1] INFO  server.RaftServerConfigKeys (ConfUtils.java:logGet(46)) - raft.server.log.statemachine.data.read.timeout = 1000ms (default)
2022-08-04 23:30:28,235 [pool-264-thread-1] INFO  server.RaftServerConfigKeys (ConfUtils.java:logGet(46)) - raft.server.log.segment.size.max = 1048576 (custom)
2022-08-04 23:30:28,237 [pool-264-thread-1] INFO  server.RaftServerConfigKeys (ConfUtils.java:logGet(46)) - raft.server.log.segment.cache.num.max = 2 (custom)
2022-08-04 23:30:28,237 [pool-264-thread-1] INFO  server.RaftServerConfigKeys (ConfUtils.java:logGet(46)) - raft.server.log.segment.cache.size.max = 200MB (=209715200) (default)
2022-08-04 23:30:28,237 [pool-264-thread-1] INFO  segmented.SegmentedRaftLogWorker (SegmentedRaftLogWorker.java:<init>(187)) - new 9a161a44-42b3-490d-9369-d15f6f1ff70c@group-E1CB165AC2F8-SegmentedRaftLogWorker for RaftStorageImpl:Storage Directory /home/runner/work/ozone/ozone/hadoop-ozone/integration-test/target/test-dir/MiniOzoneClusterImpl-b130bf38-a386-42c3-bae6-e1ff26418ee2/datanode-2/data/ratis/c1aaddb2-efde-489a-9648-e1cb165ac2f8
2022-08-04 23:30:28,237 [pool-264-thread-1] INFO  server.RaftServerConfigKeys (ConfUtils.java:logGet(46)) - raft.server.log.queue.byte-limit = 4294967296 (custom)
2022-08-04 23:30:28,237 [pool-264-thread-1] INFO  server.RaftServerConfigKeys (ConfUtils.java:logGet(46)) - raft.server.log.queue.element-limit = 1024 (custom)
2022-08-04 23:30:28,237 [pool-264-thread-1] INFO  server.RaftServerConfigKeys (ConfUtils.java:logGet(46)) - raft.server.log.segment.size.max = 1048576 (custom)
2022-08-04 23:30:28,237 [pool-264-thread-1] INFO  server.RaftServerConfigKeys (ConfUtils.java:logGet(46)) - raft.server.log.preallocated.size = 16384 (custom)
2022-08-04 23:30:28,237 [pool-264-thread-1] INFO  server.RaftServerConfigKeys (ConfUtils.java:logGet(46)) - raft.server.log.force.sync.num = 128 (default)
2022-08-04 23:30:28,237 [pool-264-thread-1] INFO  server.RaftServerConfigKeys (ConfUtils.java:logGet(46)) - raft.server.log.statemachine.data.sync = true (default)
2022-08-04 23:30:28,237 [pool-264-thread-1] INFO  server.RaftServerConfigKeys (ConfUtils.java:logGet(46)) - raft.server.log.statemachine.data.sync.timeout = 10s (default)
2022-08-04 23:30:28,237 [pool-264-thread-1] INFO  server.RaftServerConfigKeys (ConfUtils.java:logGet(46)) - raft.server.log.statemachine.data.sync.timeout.retry = -1 (default)
2022-08-04 23:30:28,238 [pool-264-thread-1] INFO  server.RaftServerConfigKeys (ConfUtils.java:logGet(46)) - raft.server.log.write.buffer.size = 1048576 (custom)
2022-08-04 23:30:28,239 [pool-264-thread-1] INFO  server.RaftServerConfigKeys (ConfUtils.java:logGet(46)) - raft.server.log.unsafe-flush.enabled = false (default)
2022-08-04 23:30:28,239 [pool-264-thread-1] INFO  server.RaftServerConfigKeys (ConfUtils.java:logGet(46)) - raft.server.log.statemachine.data.caching.enabled = true (custom)
2022-08-04 23:30:28,241 [EventQueue-PipelineReportForPipelineReportHandler] INFO  pipeline.PipelineManagerImpl (PipelineManagerImpl.java:openPipeline(367)) - Pipeline Pipeline[ Id: c1aaddb2-efde-489a-9648-e1cb165ac2f8, Nodes: 9a161a44-42b3-490d-9369-d15f6f1ff70c{ip: 10.1.0.37, host: fv-az241-597.bb25ywkzvhnelkltyshw0e441e.jx.internal.cloudapp.net, ports: [REPLICATION=32951, RATIS=32963, RATIS_ADMIN=32963, RATIS_SERVER=32963, STANDALONE=42885], networkLocation: /default-rack, certSerialId: null, persistedOpState: IN_SERVICE, persistedOpStateExpiryEpochSec: 0}, ReplicationConfig: RATIS/ONE, State:ALLOCATED, leaderId:9a161a44-42b3-490d-9369-d15f6f1ff70c, CreationTimestamp2022-08-04T23:30:25.232Z[Etc/UTC]] moved to OPEN state
2022-08-04 23:30:28,244 [EventQueue-OpenPipelineForHealthyPipelineSafeModeRule] INFO  safemode.SCMSafeModeManager (HealthyPipelineSafeModeRule.java:process(137)) - SCM in safe mode. Healthy pipelines reported count is 0, required healthy pipeline reported count is 1
2022-08-04 23:30:28,244 [pool-264-thread-1] INFO  segmented.SegmentedRaftLogWorker (SegmentedRaftLogWorker.java:lambda$new$0(135)) - 9a161a44-42b3-490d-9369-d15f6f1ff70c@group-E1CB165AC2F8-SegmentedRaftLogWorker: flushIndex: setUnconditionally 0 -> -1
2022-08-04 23:30:28,245 [pool-264-thread-1] INFO  segmented.SegmentedRaftLogWorker (SegmentedRaftLogWorker.java:lambda$new$0(135)) - 9a161a44-42b3-490d-9369-d15f6f1ff70c@group-E1CB165AC2F8-SegmentedRaftLogWorker: safeCacheEvictIndex: setUnconditionally 0 -> -1
2022-08-04 23:30:28,247 [pool-264-thread-1] INFO  server.RaftServerConfigKeys (ConfUtils.java:logGet(46)) - raft.server.snapshot.auto.trigger.enabled = true (custom)
2022-08-04 23:30:28,247 [pool-264-thread-1] INFO  server.RaftServerConfigKeys (ConfUtils.java:logGet(46)) - raft.server.snapshot.auto.trigger.threshold = 10000 (custom)
2022-08-04 23:30:28,247 [pool-264-thread-1] INFO  server.RaftServerConfigKeys (ConfUtils.java:logGet(46)) - raft.server.snapshot.retention.file.num = 5 (custom)
2022-08-04 23:30:28,247 [pool-264-thread-1] INFO  server.RaftServerConfigKeys (ConfUtils.java:logGet(46)) - raft.server.log.purge.upto.snapshot.index = false (default)
2022-08-04 23:30:28,247 [pool-264-thread-1] INFO  server.RaftServerConfigKeys (ConfUtils.java:logGet(46)) - raft.server.retrycache.expirytime = 600000ms (custom)
2022-08-04 23:30:28,247 [pool-264-thread-1] INFO  server.RaftServerConfigKeys (ConfUtils.java:logGet(46)) - raft.server.retrycache.statistics.expirytime = 100μs (default)
2022-08-04 23:30:28,248 [pool-264-thread-1] INFO  server.RaftServerConfigKeys (ConfUtils.java:logGet(46)) - raft.server.log.appender.install.snapshot.enabled = false (custom)
2022-08-04 23:30:28,248 [pool-264-thread-1] INFO  server.RaftServerConfigKeys (ConfUtils.java:logGet(46)) - raft.server.threadpool.server.cached = true (default)
2022-08-04 23:30:28,248 [pool-264-thread-1] INFO  server.RaftServerConfigKeys (ConfUtils.java:logGet(46)) - raft.server.threadpool.server.size = 0 (default)
2022-08-04 23:30:28,248 [pool-264-thread-1] INFO  server.RaftServerConfigKeys (ConfUtils.java:logGet(46)) - raft.server.threadpool.client.cached = true (default)
2022-08-04 23:30:28,248 [pool-264-thread-1] INFO  server.RaftServerConfigKeys (ConfUtils.java:logGet(46)) - raft.server.threadpool.client.size = 0 (default)
2022-08-04 23:30:28,248 [pool-264-thread-1] INFO  server.RaftServer$Division (RaftServerImpl.java:start(310)) - 9a161a44-42b3-490d-9369-d15f6f1ff70c@group-E1CB165AC2F8: start as a follower, conf=-1: [9a161a44-42b3-490d-9369-d15f6f1ff70c|rpc:10.1.0.37:32963|priority:1], old=null
2022-08-04 23:30:28,249 [pool-264-thread-1] INFO  server.RaftServer$Division (RaftServerImpl.java:setRole(299)) - 9a161a44-42b3-490d-9369-d15f6f1ff70c@group-E1CB165AC2F8: changes role from      null to FOLLOWER at term 0 for startAsFollower
2022-08-04 23:30:28,249 [pool-264-thread-1] INFO  impl.RoleInfo (RoleInfo.java:updateAndGet(139)) - 9a161a44-42b3-490d-9369-d15f6f1ff70c: start 9a161a44-42b3-490d-9369-d15f6f1ff70c@group-E1CB165AC2F8-FollowerState
2022-08-04 23:30:28,252 [pool-264-thread-1] INFO  util.JmxRegister (JmxRegister.java:tryRegister(44)) - Successfully registered JMX Bean with object name Ratis:service=RaftServer,group=group-E1CB165AC2F8,id=9a161a44-42b3-490d-9369-d15f6f1ff70c
2022-08-04 23:30:28,253 [Command processor thread] INFO  ratis.XceiverServerRatis (XceiverServerRatis.java:addGroup(765)) - Created group PipelineID=c1aaddb2-efde-489a-9648-e1cb165ac2f8
2022-08-04 23:30:28,253 [Command processor thread] INFO  commandhandler.CreatePipelineCommandHandler (CreatePipelineCommandHandler.java:handle(113)) - Created Pipeline RATIS ONE PipelineID=c1aaddb2-efde-489a-9648-e1cb165ac2f8.
2022-08-04 23:30:29,199 [Listener at 127.0.0.1/46779] INFO  ozone.MiniOzoneClusterImpl (MiniOzoneClusterImpl.java:lambda$waitForClusterToBeReady$0(216)) - Nodes are ready. Got 3 of 3 DN Heartbeats.
2022-08-04 23:30:29,199 [Listener at 127.0.0.1/46779] INFO  ozone.MiniOzoneClusterImpl (MiniOzoneClusterImpl.java:lambda$waitForClusterToBeReady$0(219)) - Waiting for cluster to exit safe mode
2022-08-04 23:30:29,199 [Listener at 127.0.0.1/46779] INFO  ozone.MiniOzoneClusterImpl (MiniOzoneClusterImpl.java:lambda$waitForClusterToBeReady$0(221)) - SCM became leader
2022-08-04 23:30:30,199 [Listener at 127.0.0.1/46779] INFO  ozone.MiniOzoneClusterImpl (MiniOzoneClusterImpl.java:lambda$waitForClusterToBeReady$0(216)) - Nodes are ready. Got 3 of 3 DN Heartbeats.
2022-08-04 23:30:30,199 [Listener at 127.0.0.1/46779] INFO  ozone.MiniOzoneClusterImpl (MiniOzoneClusterImpl.java:lambda$waitForClusterToBeReady$0(219)) - Waiting for cluster to exit safe mode
2022-08-04 23:30:30,200 [Listener at 127.0.0.1/46779] INFO  ozone.MiniOzoneClusterImpl (MiniOzoneClusterImpl.java:lambda$waitForClusterToBeReady$0(221)) - SCM became leader
2022-08-04 23:30:31,200 [Listener at 127.0.0.1/46779] INFO  ozone.MiniOzoneClusterImpl (MiniOzoneClusterImpl.java:lambda$waitForClusterToBeReady$0(216)) - Nodes are ready. Got 3 of 3 DN Heartbeats.
2022-08-04 23:30:31,200 [Listener at 127.0.0.1/46779] INFO  ozone.MiniOzoneClusterImpl (MiniOzoneClusterImpl.java:lambda$waitForClusterToBeReady$0(219)) - Waiting for cluster to exit safe mode
2022-08-04 23:30:31,200 [Listener at 127.0.0.1/46779] INFO  ozone.MiniOzoneClusterImpl (MiniOzoneClusterImpl.java:lambda$waitForClusterToBeReady$0(221)) - SCM became leader
2022-08-04 23:30:32,200 [Listener at 127.0.0.1/46779] INFO  ozone.MiniOzoneClusterImpl (MiniOzoneClusterImpl.java:lambda$waitForClusterToBeReady$0(216)) - Nodes are ready. Got 3 of 3 DN Heartbeats.
2022-08-04 23:30:32,201 [Listener at 127.0.0.1/46779] INFO  ozone.MiniOzoneClusterImpl (MiniOzoneClusterImpl.java:lambda$waitForClusterToBeReady$0(219)) - Waiting for cluster to exit safe mode
2022-08-04 23:30:32,201 [Listener at 127.0.0.1/46779] INFO  ozone.MiniOzoneClusterImpl (MiniOzoneClusterImpl.java:lambda$waitForClusterToBeReady$0(221)) - SCM became leader
2022-08-04 23:30:32,203 [a35da7ae-a755-466c-a337-1fa4c3c079dc@group-FB045B59043D-FollowerState] INFO  impl.FollowerState (FollowerState.java:run(143)) - a35da7ae-a755-466c-a337-1fa4c3c079dc@group-FB045B59043D-FollowerState: change to CANDIDATE, lastRpcElapsedTime:5191709811ns, electionTimeout:5183ms
2022-08-04 23:30:32,204 [a35da7ae-a755-466c-a337-1fa4c3c079dc@group-FB045B59043D-FollowerState] INFO  impl.RoleInfo (RoleInfo.java:shutdownFollowerState(110)) - a35da7ae-a755-466c-a337-1fa4c3c079dc: shutdown a35da7ae-a755-466c-a337-1fa4c3c079dc@group-FB045B59043D-FollowerState
2022-08-04 23:30:32,204 [a35da7ae-a755-466c-a337-1fa4c3c079dc@group-FB045B59043D-FollowerState] INFO  server.RaftServer$Division (RaftServerImpl.java:setRole(299)) - a35da7ae-a755-466c-a337-1fa4c3c079dc@group-FB045B59043D: changes role from  FOLLOWER to CANDIDATE at term 0 for changeToCandidate
2022-08-04 23:30:32,204 [a35da7ae-a755-466c-a337-1fa4c3c079dc@group-FB045B59043D-FollowerState] INFO  server.RaftServerConfigKeys (ConfUtils.java:logGet(46)) - raft.server.leaderelection.pre-vote = false (custom)
2022-08-04 23:30:32,204 [a35da7ae-a755-466c-a337-1fa4c3c079dc@group-FB045B59043D-FollowerState] INFO  impl.RoleInfo (RoleInfo.java:updateAndGet(139)) - a35da7ae-a755-466c-a337-1fa4c3c079dc: start a35da7ae-a755-466c-a337-1fa4c3c079dc@group-FB045B59043D-LeaderElection12
2022-08-04 23:30:32,219 [d751fb25-d78a-4d89-afb8-16dc86d81c92@group-975535844B71-FollowerState] INFO  impl.FollowerState (FollowerState.java:run(143)) - d751fb25-d78a-4d89-afb8-16dc86d81c92@group-975535844B71-FollowerState: change to CANDIDATE, lastRpcElapsedTime:5041751164ns, electionTimeout:5021ms
2022-08-04 23:30:32,219 [d751fb25-d78a-4d89-afb8-16dc86d81c92@group-975535844B71-FollowerState] INFO  impl.RoleInfo (RoleInfo.java:shutdownFollowerState(110)) - d751fb25-d78a-4d89-afb8-16dc86d81c92: shutdown d751fb25-d78a-4d89-afb8-16dc86d81c92@group-975535844B71-FollowerState
2022-08-04 23:30:32,223 [d751fb25-d78a-4d89-afb8-16dc86d81c92@group-975535844B71-FollowerState] INFO  server.RaftServer$Division (RaftServerImpl.java:setRole(299)) - d751fb25-d78a-4d89-afb8-16dc86d81c92@group-975535844B71: changes role from  FOLLOWER to CANDIDATE at term 0 for changeToCandidate
2022-08-04 23:30:32,223 [d751fb25-d78a-4d89-afb8-16dc86d81c92@group-975535844B71-FollowerState] INFO  server.RaftServerConfigKeys (ConfUtils.java:logGet(46)) - raft.server.leaderelection.pre-vote = false (custom)
2022-08-04 23:30:32,223 [d751fb25-d78a-4d89-afb8-16dc86d81c92@group-975535844B71-FollowerState] INFO  impl.RoleInfo (RoleInfo.java:updateAndGet(139)) - d751fb25-d78a-4d89-afb8-16dc86d81c92: start d751fb25-d78a-4d89-afb8-16dc86d81c92@group-975535844B71-LeaderElection13
2022-08-04 23:30:32,226 [a35da7ae-a755-466c-a337-1fa4c3c079dc@group-FB045B59043D-LeaderElection12] INFO  impl.LeaderElection (LeaderElection.java:askForVotes(310)) - a35da7ae-a755-466c-a337-1fa4c3c079dc@group-FB045B59043D-LeaderElection12 ELECTION round 0: submit vote requests at term 1 for -1: [a35da7ae-a755-466c-a337-1fa4c3c079dc|rpc:10.1.0.37:37029|priority:1], old=null
2022-08-04 23:30:32,226 [a35da7ae-a755-466c-a337-1fa4c3c079dc@group-FB045B59043D-LeaderElection12] INFO  impl.LeaderElection (LeaderElection.java:askForVotes(312)) - a35da7ae-a755-466c-a337-1fa4c3c079dc@group-FB045B59043D-LeaderElection12 ELECTION round 0: result PASSED (term=1)
2022-08-04 23:30:32,226 [a35da7ae-a755-466c-a337-1fa4c3c079dc@group-FB045B59043D-LeaderElection12] INFO  impl.RoleInfo (RoleInfo.java:shutdownLeaderElection(130)) - a35da7ae-a755-466c-a337-1fa4c3c079dc: shutdown a35da7ae-a755-466c-a337-1fa4c3c079dc@group-FB045B59043D-LeaderElection12
2022-08-04 23:30:32,226 [a35da7ae-a755-466c-a337-1fa4c3c079dc@group-FB045B59043D-LeaderElection12] INFO  server.RaftServer$Division (RaftServerImpl.java:setRole(299)) - a35da7ae-a755-466c-a337-1fa4c3c079dc@group-FB045B59043D: changes role from CANDIDATE to LEADER at term 1 for changeToLeader
2022-08-04 23:30:32,226 [a35da7ae-a755-466c-a337-1fa4c3c079dc@group-FB045B59043D-LeaderElection12] INFO  ratis.XceiverServerRatis (XceiverServerRatis.java:handleLeaderChangedNotification(863)) - Leader change notification received for group: group-FB045B59043D with new leaderId: a35da7ae-a755-466c-a337-1fa4c3c079dc
2022-08-04 23:30:32,227 [a35da7ae-a755-466c-a337-1fa4c3c079dc@group-FB045B59043D-LeaderElection12] INFO  server.RaftServer$Division (ServerState.java:setLeader(287)) - a35da7ae-a755-466c-a337-1fa4c3c079dc@group-FB045B59043D: change Leader from null to a35da7ae-a755-466c-a337-1fa4c3c079dc at term 1 for becomeLeader, leader elected after 5243ms
2022-08-04 23:30:32,227 [a35da7ae-a755-466c-a337-1fa4c3c079dc@group-FB045B59043D-LeaderElection12] INFO  server.RaftServerConfigKeys (ConfUtils.java:logGet(46)) - raft.server.staging.catchup.gap = 1000 (default)
2022-08-04 23:30:32,231 [a35da7ae-a755-466c-a337-1fa4c3c079dc@group-FB045B59043D-LeaderElection12] INFO  server.RaftServerConfigKeys (ConfUtils.java:logGet(46)) - raft.server.write.element-limit = 1024 (custom)
2022-08-04 23:30:32,231 [a35da7ae-a755-466c-a337-1fa4c3c079dc@group-FB045B59043D-LeaderElection12] INFO  server.RaftServerConfigKeys (ConfUtils.java:logGet(46)) - raft.server.write.byte-limit = 1024 M (=1073741824) (custom)
2022-08-04 23:30:32,231 [a35da7ae-a755-466c-a337-1fa4c3c079dc@group-FB045B59043D-LeaderElection12] INFO  server.RaftServerConfigKeys (ConfUtils.java:logGet(46)) - raft.server.watch.timeout = 180s (custom)
2022-08-04 23:30:32,231 [a35da7ae-a755-466c-a337-1fa4c3c079dc@group-FB045B59043D-LeaderElection12] INFO  server.RaftServerConfigKeys (ConfUtils.java:logGet(46)) - raft.server.watch.timeout.denomination = 1s (default)
2022-08-04 23:30:32,231 [a35da7ae-a755-466c-a337-1fa4c3c079dc@group-FB045B59043D-LeaderElection12] INFO  server.RaftServerConfigKeys (ConfUtils.java:logGet(46)) - raft.server.watch.element-limit = 65536 (default)
2022-08-04 23:30:32,231 [a35da7ae-a755-466c-a337-1fa4c3c079dc@group-FB045B59043D-LeaderElection12] INFO  server.RaftServerConfigKeys (ConfUtils.java:logGet(46)) - raft.server.write.element-limit = 1024 (custom)
2022-08-04 23:30:32,231 [a35da7ae-a755-466c-a337-1fa4c3c079dc@group-FB045B59043D-LeaderElection12] INFO  server.RaftServerConfigKeys (ConfUtils.java:logGet(46)) - raft.server.write.follower.gap.ratio.max = -1.0 (default)
2022-08-04 23:30:32,231 [a35da7ae-a755-466c-a337-1fa4c3c079dc@group-FB045B59043D-LeaderElection12] INFO  impl.RoleInfo (RoleInfo.java:updateAndGet(139)) - a35da7ae-a755-466c-a337-1fa4c3c079dc: start a35da7ae-a755-466c-a337-1fa4c3c079dc@group-FB045B59043D-LeaderStateImpl
2022-08-04 23:30:32,232 [a35da7ae-a755-466c-a337-1fa4c3c079dc@group-FB045B59043D-LeaderElection12] INFO  segmented.SegmentedRaftLogWorker (SegmentedRaftLogWorker.java:startLogSegment(425)) - a35da7ae-a755-466c-a337-1fa4c3c079dc@group-FB045B59043D-SegmentedRaftLogWorker: Starting segment from index:0
2022-08-04 23:30:32,233 [a35da7ae-a755-466c-a337-1fa4c3c079dc@group-FB045B59043D-LeaderElection12] INFO  server.RaftServer$Division (ServerState.java:setRaftConf(393)) - a35da7ae-a755-466c-a337-1fa4c3c079dc@group-FB045B59043D: set configuration 0: [a35da7ae-a755-466c-a337-1fa4c3c079dc|rpc:10.1.0.37:37029|dataStream:|priority:1], old=null
2022-08-04 23:30:32,235 [d751fb25-d78a-4d89-afb8-16dc86d81c92@group-975535844B71-LeaderElection13] INFO  impl.LeaderElection (LeaderElection.java:askForVotes(310)) - d751fb25-d78a-4d89-afb8-16dc86d81c92@group-975535844B71-LeaderElection13 ELECTION round 0: submit vote requests at term 1 for -1: [d751fb25-d78a-4d89-afb8-16dc86d81c92|rpc:10.1.0.37:45225|dataStream:|priority:0, 9a161a44-42b3-490d-9369-d15f6f1ff70c|rpc:10.1.0.37:32963|dataStream:|priority:0, a35da7ae-a755-466c-a337-1fa4c3c079dc|rpc:10.1.0.37:37029|dataStream:|priority:1], old=null
2022-08-04 23:30:32,236 [a35da7ae-a755-466c-a337-1fa4c3c079dc@group-FB045B59043D-SegmentedRaftLogWorker] INFO  segmented.SegmentedRaftLogWorker (SegmentedRaftLogWorker.java:execute(629)) - a35da7ae-a755-466c-a337-1fa4c3c079dc@group-FB045B59043D-SegmentedRaftLogWorker: created new log segment /home/runner/work/ozone/ozone/hadoop-ozone/integration-test/target/test-dir/MiniOzoneClusterImpl-b130bf38-a386-42c3-bae6-e1ff26418ee2/datanode-0/data/ratis/53049dd6-2b86-4f18-a6bc-fb045b59043d/current/log_inprogress_0
2022-08-04 23:30:32,240 [EventQueue-OpenPipelineForHealthyPipelineSafeModeRule] INFO  safemode.SCMSafeModeManager (HealthyPipelineSafeModeRule.java:process(137)) - SCM in safe mode. Healthy pipelines reported count is 0, required healthy pipeline reported count is 1
2022-08-04 23:30:32,249 [a35da7ae-a755-466c-a337-1fa4c3c079dc@group-975535844B71-FollowerState] INFO  impl.FollowerState (FollowerState.java:run(143)) - a35da7ae-a755-466c-a337-1fa4c3c079dc@group-975535844B71-FollowerState: change to CANDIDATE, lastRpcElapsedTime:5193567023ns, electionTimeout:5189ms
2022-08-04 23:30:32,249 [a35da7ae-a755-466c-a337-1fa4c3c079dc@group-975535844B71-FollowerState] INFO  impl.RoleInfo (RoleInfo.java:shutdownFollowerState(110)) - a35da7ae-a755-466c-a337-1fa4c3c079dc: shutdown a35da7ae-a755-466c-a337-1fa4c3c079dc@group-975535844B71-FollowerState
2022-08-04 23:30:32,249 [a35da7ae-a755-466c-a337-1fa4c3c079dc@group-975535844B71-FollowerState] INFO  server.RaftServer$Division (RaftServerImpl.java:setRole(299)) - a35da7ae-a755-466c-a337-1fa4c3c079dc@group-975535844B71: changes role from  FOLLOWER to CANDIDATE at term 0 for changeToCandidate
2022-08-04 23:30:32,249 [a35da7ae-a755-466c-a337-1fa4c3c079dc@group-975535844B71-FollowerState] INFO  server.RaftServerConfigKeys (ConfUtils.java:logGet(46)) - raft.server.leaderelection.pre-vote = false (custom)
2022-08-04 23:30:32,249 [a35da7ae-a755-466c-a337-1fa4c3c079dc@group-975535844B71-FollowerState] INFO  impl.RoleInfo (RoleInfo.java:updateAndGet(139)) - a35da7ae-a755-466c-a337-1fa4c3c079dc: start a35da7ae-a755-466c-a337-1fa4c3c079dc@group-975535844B71-LeaderElection14
2022-08-04 23:30:32,291 [a35da7ae-a755-466c-a337-1fa4c3c079dc@group-975535844B71-LeaderElection14] INFO  impl.LeaderElection (LeaderElection.java:askForVotes(310)) - a35da7ae-a755-466c-a337-1fa4c3c079dc@group-975535844B71-LeaderElection14 ELECTION round 0: submit vote requests at term 1 for -1: [d751fb25-d78a-4d89-afb8-16dc86d81c92|rpc:10.1.0.37:45225|priority:0, 9a161a44-42b3-490d-9369-d15f6f1ff70c|rpc:10.1.0.37:32963|priority:0, a35da7ae-a755-466c-a337-1fa4c3c079dc|rpc:10.1.0.37:37029|priority:1], old=null
2022-08-04 23:30:32,303 [grpc-default-executor-0] INFO  server.RaftServer$Division (RaftServerImpl.java:requestVote(1152)) - 9a161a44-42b3-490d-9369-d15f6f1ff70c@group-975535844B71: receive requestVote(ELECTION, d751fb25-d78a-4d89-afb8-16dc86d81c92, group-975535844B71, 1, (t:0, i:0))
2022-08-04 23:30:32,304 [grpc-default-executor-0] INFO  impl.VoteContext (VoteContext.java:log(48)) - 9a161a44-42b3-490d-9369-d15f6f1ff70c@group-975535844B71-FOLLOWER: accept ELECTION from d751fb25-d78a-4d89-afb8-16dc86d81c92: our priority 0 <= candidate's priority 0
2022-08-04 23:30:32,304 [grpc-default-executor-0] INFO  server.RaftServer$Division (RaftServerImpl.java:setRole(299)) - 9a161a44-42b3-490d-9369-d15f6f1ff70c@group-975535844B71: changes role from  FOLLOWER to FOLLOWER at term 1 for candidate:d751fb25-d78a-4d89-afb8-16dc86d81c92
2022-08-04 23:30:32,304 [grpc-default-executor-0] INFO  impl.RoleInfo (RoleInfo.java:shutdownFollowerState(110)) - 9a161a44-42b3-490d-9369-d15f6f1ff70c: shutdown 9a161a44-42b3-490d-9369-d15f6f1ff70c@group-975535844B71-FollowerState
2022-08-04 23:30:32,304 [grpc-default-executor-0] INFO  impl.RoleInfo (RoleInfo.java:updateAndGet(139)) - 9a161a44-42b3-490d-9369-d15f6f1ff70c: start 9a161a44-42b3-490d-9369-d15f6f1ff70c@group-975535844B71-FollowerState
2022-08-04 23:30:32,304 [9a161a44-42b3-490d-9369-d15f6f1ff70c@group-975535844B71-FollowerState] INFO  impl.FollowerState (FollowerState.java:run(152)) - 9a161a44-42b3-490d-9369-d15f6f1ff70c@group-975535844B71-FollowerState was interrupted
2022-08-04 23:30:32,304 [grpc-default-executor-1] INFO  server.RaftServer$Division (RaftServerImpl.java:requestVote(1152)) - a35da7ae-a755-466c-a337-1fa4c3c079dc@group-975535844B71: receive requestVote(ELECTION, d751fb25-d78a-4d89-afb8-16dc86d81c92, group-975535844B71, 1, (t:0, i:0))
2022-08-04 23:30:32,304 [grpc-default-executor-1] INFO  impl.VoteContext (VoteContext.java:log(48)) - a35da7ae-a755-466c-a337-1fa4c3c079dc@group-975535844B71-CANDIDATE: reject ELECTION from d751fb25-d78a-4d89-afb8-16dc86d81c92: already has voted for a35da7ae-a755-466c-a337-1fa4c3c079dc at current term 1
2022-08-04 23:30:32,304 [grpc-default-executor-1] INFO  server.RaftServer$Division (RaftServerImpl.java:requestVote(1184)) - a35da7ae-a755-466c-a337-1fa4c3c079dc@group-975535844B71 replies to ELECTION vote request: d751fb25-d78a-4d89-afb8-16dc86d81c92<-a35da7ae-a755-466c-a337-1fa4c3c079dc#0:FAIL-t1. Peer's state: a35da7ae-a755-466c-a337-1fa4c3c079dc@group-975535844B71:t1, leader=null, voted=a35da7ae-a755-466c-a337-1fa4c3c079dc, raftlog=a35da7ae-a755-466c-a337-1fa4c3c079dc@group-975535844B71-SegmentedRaftLog:OPENED:c-1, conf=-1: [d751fb25-d78a-4d89-afb8-16dc86d81c92|rpc:10.1.0.37:45225|priority:0, 9a161a44-42b3-490d-9369-d15f6f1ff70c|rpc:10.1.0.37:32963|priority:0, a35da7ae-a755-466c-a337-1fa4c3c079dc|rpc:10.1.0.37:37029|priority:1], old=null
2022-08-04 23:30:32,306 [grpc-default-executor-0] INFO  server.RaftServer$Division (RaftServerImpl.java:requestVote(1184)) - 9a161a44-42b3-490d-9369-d15f6f1ff70c@group-975535844B71 replies to ELECTION vote request: d751fb25-d78a-4d89-afb8-16dc86d81c92<-9a161a44-42b3-490d-9369-d15f6f1ff70c#0:OK-t1. Peer's state: 9a161a44-42b3-490d-9369-d15f6f1ff70c@group-975535844B71:t1, leader=null, voted=d751fb25-d78a-4d89-afb8-16dc86d81c92, raftlog=9a161a44-42b3-490d-9369-d15f6f1ff70c@group-975535844B71-SegmentedRaftLog:OPENED:c-1, conf=-1: [d751fb25-d78a-4d89-afb8-16dc86d81c92|rpc:10.1.0.37:45225|dataStream:|priority:0, 9a161a44-42b3-490d-9369-d15f6f1ff70c|rpc:10.1.0.37:32963|dataStream:|priority:0, a35da7ae-a755-466c-a337-1fa4c3c079dc|rpc:10.1.0.37:37029|dataStream:|priority:1], old=null
2022-08-04 23:30:32,327 [d751fb25-d78a-4d89-afb8-16dc86d81c92@group-975535844B71-LeaderElection13] INFO  impl.LeaderElection (LeaderElection.java:logAndReturn(90)) - d751fb25-d78a-4d89-afb8-16dc86d81c92@group-975535844B71-LeaderElection13: ELECTION REJECTED received 2 response(s) and 0 exception(s):
2022-08-04 23:30:32,334 [d751fb25-d78a-4d89-afb8-16dc86d81c92@group-975535844B71-LeaderElection13] INFO  impl.LeaderElection (LeaderElection.java:logAndReturn(94)) -   Response 0: d751fb25-d78a-4d89-afb8-16dc86d81c92<-9a161a44-42b3-490d-9369-d15f6f1ff70c#0:OK-t1
2022-08-04 23:30:32,334 [d751fb25-d78a-4d89-afb8-16dc86d81c92@group-975535844B71-LeaderElection13] INFO  impl.LeaderElection (LeaderElection.java:logAndReturn(94)) -   Response 1: d751fb25-d78a-4d89-afb8-16dc86d81c92<-a35da7ae-a755-466c-a337-1fa4c3c079dc#0:FAIL-t1
2022-08-04 23:30:32,334 [d751fb25-d78a-4d89-afb8-16dc86d81c92@group-975535844B71-LeaderElection13] INFO  impl.LeaderElection (LeaderElection.java:askForVotes(312)) - d751fb25-d78a-4d89-afb8-16dc86d81c92@group-975535844B71-LeaderElection13 ELECTION round 0: result REJECTED
2022-08-04 23:30:32,334 [d751fb25-d78a-4d89-afb8-16dc86d81c92@group-975535844B71-LeaderElection13] INFO  server.RaftServer$Division (RaftServerImpl.java:setRole(299)) - d751fb25-d78a-4d89-afb8-16dc86d81c92@group-975535844B71: changes role from CANDIDATE to FOLLOWER at term 1 for REJECTED
2022-08-04 23:30:32,334 [d751fb25-d78a-4d89-afb8-16dc86d81c92@group-975535844B71-LeaderElection13] INFO  impl.RoleInfo (RoleInfo.java:shutdownLeaderElection(130)) - d751fb25-d78a-4d89-afb8-16dc86d81c92: shutdown d751fb25-d78a-4d89-afb8-16dc86d81c92@group-975535844B71-LeaderElection13
2022-08-04 23:30:32,334 [d751fb25-d78a-4d89-afb8-16dc86d81c92@group-975535844B71-LeaderElection13] INFO  impl.RoleInfo (RoleInfo.java:updateAndGet(139)) - d751fb25-d78a-4d89-afb8-16dc86d81c92: start d751fb25-d78a-4d89-afb8-16dc86d81c92@group-975535844B71-FollowerState
2022-08-04 23:30:32,338 [grpc-default-executor-2] INFO  server.RaftServer$Division (RaftServerImpl.java:requestVote(1152)) - d751fb25-d78a-4d89-afb8-16dc86d81c92@group-975535844B71: receive requestVote(ELECTION, a35da7ae-a755-466c-a337-1fa4c3c079dc, group-975535844B71, 1, (t:0, i:0))
2022-08-04 23:30:32,344 [grpc-default-executor-2] INFO  impl.VoteContext (VoteContext.java:log(48)) - d751fb25-d78a-4d89-afb8-16dc86d81c92@group-975535844B71-FOLLOWER: reject ELECTION from a35da7ae-a755-466c-a337-1fa4c3c079dc: already has voted for d751fb25-d78a-4d89-afb8-16dc86d81c92 at current term 1
2022-08-04 23:30:32,344 [grpc-default-executor-2] INFO  server.RaftServer$Division (RaftServerImpl.java:requestVote(1184)) - d751fb25-d78a-4d89-afb8-16dc86d81c92@group-975535844B71 replies to ELECTION vote request: a35da7ae-a755-466c-a337-1fa4c3c079dc<-d751fb25-d78a-4d89-afb8-16dc86d81c92#0:FAIL-t1. Peer's state: d751fb25-d78a-4d89-afb8-16dc86d81c92@group-975535844B71:t1, leader=null, voted=d751fb25-d78a-4d89-afb8-16dc86d81c92, raftlog=d751fb25-d78a-4d89-afb8-16dc86d81c92@group-975535844B71-SegmentedRaftLog:OPENED:c-1, conf=-1: [d751fb25-d78a-4d89-afb8-16dc86d81c92|rpc:10.1.0.37:45225|dataStream:|priority:0, 9a161a44-42b3-490d-9369-d15f6f1ff70c|rpc:10.1.0.37:32963|dataStream:|priority:0, a35da7ae-a755-466c-a337-1fa4c3c079dc|rpc:10.1.0.37:37029|dataStream:|priority:1], old=null
2022-08-04 23:30:32,344 [grpc-default-executor-3] INFO  server.RaftServer$Division (RaftServerImpl.java:requestVote(1152)) - 9a161a44-42b3-490d-9369-d15f6f1ff70c@group-975535844B71: receive requestVote(ELECTION, a35da7ae-a755-466c-a337-1fa4c3c079dc, group-975535844B71, 1, (t:0, i:0))
2022-08-04 23:30:32,349 [grpc-default-executor-3] INFO  impl.VoteContext (VoteContext.java:log(48)) - 9a161a44-42b3-490d-9369-d15f6f1ff70c@group-975535844B71-FOLLOWER: reject ELECTION from a35da7ae-a755-466c-a337-1fa4c3c079dc: already has voted for d751fb25-d78a-4d89-afb8-16dc86d81c92 at current term 1
2022-08-04 23:30:32,349 [grpc-default-executor-3] INFO  server.RaftServer$Division (RaftServerImpl.java:requestVote(1184)) - 9a161a44-42b3-490d-9369-d15f6f1ff70c@group-975535844B71 replies to ELECTION vote request: a35da7ae-a755-466c-a337-1fa4c3c079dc<-9a161a44-42b3-490d-9369-d15f6f1ff70c#0:FAIL-t1. Peer's state: 9a161a44-42b3-490d-9369-d15f6f1ff70c@group-975535844B71:t1, leader=null, voted=d751fb25-d78a-4d89-afb8-16dc86d81c92, raftlog=9a161a44-42b3-490d-9369-d15f6f1ff70c@group-975535844B71-SegmentedRaftLog:OPENED:c-1, conf=-1: [d751fb25-d78a-4d89-afb8-16dc86d81c92|rpc:10.1.0.37:45225|dataStream:|priority:0, 9a161a44-42b3-490d-9369-d15f6f1ff70c|rpc:10.1.0.37:32963|dataStream:|priority:0, a35da7ae-a755-466c-a337-1fa4c3c079dc|rpc:10.1.0.37:37029|dataStream:|priority:1], old=null
2022-08-04 23:30:32,351 [a35da7ae-a755-466c-a337-1fa4c3c079dc@group-975535844B71-LeaderElection14] INFO  impl.LeaderElection (LeaderElection.java:logAndReturn(90)) - a35da7ae-a755-466c-a337-1fa4c3c079dc@group-975535844B71-LeaderElection14: ELECTION REJECTED received 2 response(s) and 0 exception(s):
2022-08-04 23:30:32,355 [a35da7ae-a755-466c-a337-1fa4c3c079dc@group-975535844B71-LeaderElection14] INFO  impl.LeaderElection (LeaderElection.java:logAndReturn(94)) -   Response 0: a35da7ae-a755-466c-a337-1fa4c3c079dc<-d751fb25-d78a-4d89-afb8-16dc86d81c92#0:FAIL-t1
2022-08-04 23:30:32,355 [a35da7ae-a755-466c-a337-1fa4c3c079dc@group-975535844B71-LeaderElection14] INFO  impl.LeaderElection (LeaderElection.java:logAndReturn(94)) -   Response 1: a35da7ae-a755-466c-a337-1fa4c3c079dc<-9a161a44-42b3-490d-9369-d15f6f1ff70c#0:FAIL-t1
2022-08-04 23:30:32,355 [a35da7ae-a755-466c-a337-1fa4c3c079dc@group-975535844B71-LeaderElection14] INFO  impl.LeaderElection (LeaderElection.java:askForVotes(312)) - a35da7ae-a755-466c-a337-1fa4c3c079dc@group-975535844B71-LeaderElection14 ELECTION round 0: result REJECTED
2022-08-04 23:30:32,355 [a35da7ae-a755-466c-a337-1fa4c3c079dc@group-975535844B71-LeaderElection14] INFO  server.RaftServer$Division (RaftServerImpl.java:setRole(299)) - a35da7ae-a755-466c-a337-1fa4c3c079dc@group-975535844B71: changes role from CANDIDATE to FOLLOWER at term 1 for REJECTED
2022-08-04 23:30:32,355 [a35da7ae-a755-466c-a337-1fa4c3c079dc@group-975535844B71-LeaderElection14] INFO  impl.RoleInfo (RoleInfo.java:shutdownLeaderElection(130)) - a35da7ae-a755-466c-a337-1fa4c3c079dc: shutdown a35da7ae-a755-466c-a337-1fa4c3c079dc@group-975535844B71-LeaderElection14
2022-08-04 23:30:32,355 [a35da7ae-a755-466c-a337-1fa4c3c079dc@group-975535844B71-LeaderElection14] INFO  impl.RoleInfo (RoleInfo.java:updateAndGet(139)) - a35da7ae-a755-466c-a337-1fa4c3c079dc: start a35da7ae-a755-466c-a337-1fa4c3c079dc@group-975535844B71-FollowerState
2022-08-04 23:30:32,523 [a35da7ae-a755-466c-a337-1fa4c3c079dc@group-6BBC89F5F822-FollowerState] INFO  impl.FollowerState (FollowerState.java:run(143)) - a35da7ae-a755-466c-a337-1fa4c3c079dc@group-6BBC89F5F822-FollowerState: change to CANDIDATE, lastRpcElapsedTime:5151246728ns, electionTimeout:5147ms
2022-08-04 23:30:32,524 [a35da7ae-a755-466c-a337-1fa4c3c079dc@group-6BBC89F5F822-FollowerState] INFO  impl.RoleInfo (RoleInfo.java:shutdownFollowerState(110)) - a35da7ae-a755-466c-a337-1fa4c3c079dc: shutdown a35da7ae-a755-466c-a337-1fa4c3c079dc@group-6BBC89F5F822-FollowerState
2022-08-04 23:30:32,524 [a35da7ae-a755-466c-a337-1fa4c3c079dc@group-6BBC89F5F822-FollowerState] INFO  server.RaftServer$Division (RaftServerImpl.java:setRole(299)) - a35da7ae-a755-466c-a337-1fa4c3c079dc@group-6BBC89F5F822: changes role from  FOLLOWER to CANDIDATE at term 0 for changeToCandidate
2022-08-04 23:30:32,524 [a35da7ae-a755-466c-a337-1fa4c3c079dc@group-6BBC89F5F822-FollowerState] INFO  server.RaftServerConfigKeys (ConfUtils.java:logGet(46)) - raft.server.leaderelection.pre-vote = false (custom)
2022-08-04 23:30:32,524 [a35da7ae-a755-466c-a337-1fa4c3c079dc@group-6BBC89F5F822-FollowerState] INFO  impl.RoleInfo (RoleInfo.java:updateAndGet(139)) - a35da7ae-a755-466c-a337-1fa4c3c079dc: start a35da7ae-a755-466c-a337-1fa4c3c079dc@group-6BBC89F5F822-LeaderElection15
2022-08-04 23:30:32,534 [9a161a44-42b3-490d-9369-d15f6f1ff70c@group-6BBC89F5F822-FollowerState] INFO  impl.FollowerState (FollowerState.java:run(143)) - 9a161a44-42b3-490d-9369-d15f6f1ff70c@group-6BBC89F5F822-FollowerState: change to CANDIDATE, lastRpcElapsedTime:5119983810ns, electionTimeout:5119ms
2022-08-04 23:30:32,534 [9a161a44-42b3-490d-9369-d15f6f1ff70c@group-6BBC89F5F822-FollowerState] INFO  impl.RoleInfo (RoleInfo.java:shutdownFollowerState(110)) - 9a161a44-42b3-490d-9369-d15f6f1ff70c: shutdown 9a161a44-42b3-490d-9369-d15f6f1ff70c@group-6BBC89F5F822-FollowerState
2022-08-04 23:30:32,536 [9a161a44-42b3-490d-9369-d15f6f1ff70c@group-6BBC89F5F822-FollowerState] INFO  server.RaftServer$Division (RaftServerImpl.java:setRole(299)) - 9a161a44-42b3-490d-9369-d15f6f1ff70c@group-6BBC89F5F822: changes role from  FOLLOWER to CANDIDATE at term 0 for changeToCandidate
2022-08-04 23:30:32,536 [9a161a44-42b3-490d-9369-d15f6f1ff70c@group-6BBC89F5F822-FollowerState] INFO  server.RaftServerConfigKeys (ConfUtils.java:logGet(46)) - raft.server.leaderelection.pre-vote = false (custom)
2022-08-04 23:30:32,536 [9a161a44-42b3-490d-9369-d15f6f1ff70c@group-6BBC89F5F822-FollowerState] INFO  impl.RoleInfo (RoleInfo.java:updateAndGet(139)) - 9a161a44-42b3-490d-9369-d15f6f1ff70c: start 9a161a44-42b3-490d-9369-d15f6f1ff70c@group-6BBC89F5F822-LeaderElection16
2022-08-04 23:30:32,535 [a35da7ae-a755-466c-a337-1fa4c3c079dc@group-6BBC89F5F822-LeaderElection15] INFO  impl.LeaderElection (LeaderElection.java:askForVotes(310)) - a35da7ae-a755-466c-a337-1fa4c3c079dc@group-6BBC89F5F822-LeaderElection15 ELECTION round 0: submit vote requests at term 1 for -1: [d751fb25-d78a-4d89-afb8-16dc86d81c92|rpc:10.1.0.37:45225|priority:0, 9a161a44-42b3-490d-9369-d15f6f1ff70c|rpc:10.1.0.37:32963|priority:1, a35da7ae-a755-466c-a337-1fa4c3c079dc|rpc:10.1.0.37:37029|priority:0], old=null
2022-08-04 23:30:32,548 [9a161a44-42b3-490d-9369-d15f6f1ff70c@group-6BBC89F5F822-LeaderElection16] INFO  impl.LeaderElection (LeaderElection.java:askForVotes(310)) - 9a161a44-42b3-490d-9369-d15f6f1ff70c@group-6BBC89F5F822-LeaderElection16 ELECTION round 0: submit vote requests at term 1 for -1: [d751fb25-d78a-4d89-afb8-16dc86d81c92|rpc:10.1.0.37:45225|dataStream:|priority:0, 9a161a44-42b3-490d-9369-d15f6f1ff70c|rpc:10.1.0.37:32963|dataStream:|priority:1, a35da7ae-a755-466c-a337-1fa4c3c079dc|rpc:10.1.0.37:37029|dataStream:|priority:0], old=null
2022-08-04 23:30:32,581 [grpc-default-executor-3] INFO  server.RaftServer$Division (RaftServerImpl.java:requestVote(1152)) - 9a161a44-42b3-490d-9369-d15f6f1ff70c@group-6BBC89F5F822: receive requestVote(ELECTION, a35da7ae-a755-466c-a337-1fa4c3c079dc, group-6BBC89F5F822, 1, (t:0, i:0))
2022-08-04 23:30:32,581 [grpc-default-executor-3] INFO  impl.VoteContext (VoteContext.java:log(48)) - 9a161a44-42b3-490d-9369-d15f6f1ff70c@group-6BBC89F5F822-CANDIDATE: reject ELECTION from a35da7ae-a755-466c-a337-1fa4c3c079dc: already has voted for 9a161a44-42b3-490d-9369-d15f6f1ff70c at current term 1
2022-08-04 23:30:32,581 [grpc-default-executor-3] INFO  server.RaftServer$Division (RaftServerImpl.java:requestVote(1184)) - 9a161a44-42b3-490d-9369-d15f6f1ff70c@group-6BBC89F5F822 replies to ELECTION vote request: a35da7ae-a755-466c-a337-1fa4c3c079dc<-9a161a44-42b3-490d-9369-d15f6f1ff70c#0:FAIL-t1. Peer's state: 9a161a44-42b3-490d-9369-d15f6f1ff70c@group-6BBC89F5F822:t1, leader=null, voted=9a161a44-42b3-490d-9369-d15f6f1ff70c, raftlog=9a161a44-42b3-490d-9369-d15f6f1ff70c@group-6BBC89F5F822-SegmentedRaftLog:OPENED:c-1, conf=-1: [d751fb25-d78a-4d89-afb8-16dc86d81c92|rpc:10.1.0.37:45225|dataStream:|priority:0, 9a161a44-42b3-490d-9369-d15f6f1ff70c|rpc:10.1.0.37:32963|dataStream:|priority:1, a35da7ae-a755-466c-a337-1fa4c3c079dc|rpc:10.1.0.37:37029|dataStream:|priority:0], old=null
2022-08-04 23:30:32,586 [a35da7ae-a755-466c-a337-1fa4c3c079dc@group-6BBC89F5F822-LeaderElection15] INFO  impl.LeaderElection (LeaderElection.java:logAndReturn(90)) - a35da7ae-a755-466c-a337-1fa4c3c079dc@group-6BBC89F5F822-LeaderElection15: ELECTION REJECTED received 1 response(s) and 0 exception(s):
2022-08-04 23:30:32,587 [a35da7ae-a755-466c-a337-1fa4c3c079dc@group-6BBC89F5F822-LeaderElection15] INFO  impl.LeaderElection (LeaderElection.java:logAndReturn(94)) -   Response 0: a35da7ae-a755-466c-a337-1fa4c3c079dc<-9a161a44-42b3-490d-9369-d15f6f1ff70c#0:FAIL-t1
2022-08-04 23:30:32,587 [a35da7ae-a755-466c-a337-1fa4c3c079dc@group-6BBC89F5F822-LeaderElection15] INFO  impl.LeaderElection (LeaderElection.java:askForVotes(312)) - a35da7ae-a755-466c-a337-1fa4c3c079dc@group-6BBC89F5F822-LeaderElection15 ELECTION round 0: result REJECTED
2022-08-04 23:30:32,587 [a35da7ae-a755-466c-a337-1fa4c3c079dc@group-6BBC89F5F822-LeaderElection15] INFO  server.RaftServer$Division (RaftServerImpl.java:setRole(299)) - a35da7ae-a755-466c-a337-1fa4c3c079dc@group-6BBC89F5F822: changes role from CANDIDATE to FOLLOWER at term 1 for REJECTED
2022-08-04 23:30:32,587 [a35da7ae-a755-466c-a337-1fa4c3c079dc@group-6BBC89F5F822-LeaderElection15] INFO  impl.RoleInfo (RoleInfo.java:shutdownLeaderElection(130)) - a35da7ae-a755-466c-a337-1fa4c3c079dc: shutdown a35da7ae-a755-466c-a337-1fa4c3c079dc@group-6BBC89F5F822-LeaderElection15
2022-08-04 23:30:32,587 [a35da7ae-a755-466c-a337-1fa4c3c079dc@group-6BBC89F5F822-LeaderElection15] INFO  impl.RoleInfo (RoleInfo.java:updateAndGet(139)) - a35da7ae-a755-466c-a337-1fa4c3c079dc: start a35da7ae-a755-466c-a337-1fa4c3c079dc@group-6BBC89F5F822-FollowerState
2022-08-04 23:30:32,592 [grpc-default-executor-3] INFO  server.RaftServer$Division (RaftServerImpl.java:requestVote(1152)) - d751fb25-d78a-4d89-afb8-16dc86d81c92@group-6BBC89F5F822: receive requestVote(ELECTION, a35da7ae-a755-466c-a337-1fa4c3c079dc, group-6BBC89F5F822, 1, (t:0, i:0))
2022-08-04 23:30:32,593 [grpc-default-executor-3] INFO  impl.VoteContext (VoteContext.java:log(48)) - d751fb25-d78a-4d89-afb8-16dc86d81c92@group-6BBC89F5F822-FOLLOWER: accept ELECTION from a35da7ae-a755-466c-a337-1fa4c3c079dc: our priority 0 <= candidate's priority 0
2022-08-04 23:30:32,593 [grpc-default-executor-3] INFO  server.RaftServer$Division (RaftServerImpl.java:setRole(299)) - d751fb25-d78a-4d89-afb8-16dc86d81c92@group-6BBC89F5F822: changes role from  FOLLOWER to FOLLOWER at term 1 for candidate:a35da7ae-a755-466c-a337-1fa4c3c079dc
2022-08-04 23:30:32,593 [grpc-default-executor-3] INFO  impl.RoleInfo (RoleInfo.java:shutdownFollowerState(110)) - d751fb25-d78a-4d89-afb8-16dc86d81c92: shutdown d751fb25-d78a-4d89-afb8-16dc86d81c92@group-6BBC89F5F822-FollowerState
2022-08-04 23:30:32,593 [grpc-default-executor-3] INFO  impl.RoleInfo (RoleInfo.java:updateAndGet(139)) - d751fb25-d78a-4d89-afb8-16dc86d81c92: start d751fb25-d78a-4d89-afb8-16dc86d81c92@group-6BBC89F5F822-FollowerState
2022-08-04 23:30:32,594 [d751fb25-d78a-4d89-afb8-16dc86d81c92@group-6BBC89F5F822-FollowerState] INFO  impl.FollowerState (FollowerState.java:run(152)) - d751fb25-d78a-4d89-afb8-16dc86d81c92@group-6BBC89F5F822-FollowerState was interrupted
2022-08-04 23:30:32,596 [grpc-default-executor-3] INFO  server.RaftServer$Division (RaftServerImpl.java:requestVote(1184)) - d751fb25-d78a-4d89-afb8-16dc86d81c92@group-6BBC89F5F822 replies to ELECTION vote request: a35da7ae-a755-466c-a337-1fa4c3c079dc<-d751fb25-d78a-4d89-afb8-16dc86d81c92#0:OK-t1. Peer's state: d751fb25-d78a-4d89-afb8-16dc86d81c92@group-6BBC89F5F822:t1, leader=null, voted=a35da7ae-a755-466c-a337-1fa4c3c079dc, raftlog=d751fb25-d78a-4d89-afb8-16dc86d81c92@group-6BBC89F5F822-SegmentedRaftLog:OPENED:c-1, conf=-1: [d751fb25-d78a-4d89-afb8-16dc86d81c92|rpc:10.1.0.37:45225|dataStream:|priority:0, 9a161a44-42b3-490d-9369-d15f6f1ff70c|rpc:10.1.0.37:32963|dataStream:|priority:1, a35da7ae-a755-466c-a337-1fa4c3c079dc|rpc:10.1.0.37:37029|dataStream:|priority:0], old=null
2022-08-04 23:30:32,621 [grpc-default-executor-2] INFO  server.RaftServer$Division (RaftServerImpl.java:requestVote(1152)) - d751fb25-d78a-4d89-afb8-16dc86d81c92@group-6BBC89F5F822: receive requestVote(ELECTION, 9a161a44-42b3-490d-9369-d15f6f1ff70c, group-6BBC89F5F822, 1, (t:0, i:0))
2022-08-04 23:30:32,626 [grpc-default-executor-3] INFO  server.RaftServer$Division (RaftServerImpl.java:requestVote(1152)) - a35da7ae-a755-466c-a337-1fa4c3c079dc@group-6BBC89F5F822: receive requestVote(ELECTION, 9a161a44-42b3-490d-9369-d15f6f1ff70c, group-6BBC89F5F822, 1, (t:0, i:0))
2022-08-04 23:30:32,628 [grpc-default-executor-3] INFO  impl.VoteContext (VoteContext.java:log(48)) - a35da7ae-a755-466c-a337-1fa4c3c079dc@group-6BBC89F5F822-FOLLOWER: reject ELECTION from 9a161a44-42b3-490d-9369-d15f6f1ff70c: already has voted for a35da7ae-a755-466c-a337-1fa4c3c079dc at current term 1
2022-08-04 23:30:32,628 [grpc-default-executor-3] INFO  server.RaftServer$Division (RaftServerImpl.java:requestVote(1184)) - a35da7ae-a755-466c-a337-1fa4c3c079dc@group-6BBC89F5F822 replies to ELECTION vote request: 9a161a44-42b3-490d-9369-d15f6f1ff70c<-a35da7ae-a755-466c-a337-1fa4c3c079dc#0:FAIL-t1. Peer's state: a35da7ae-a755-466c-a337-1fa4c3c079dc@group-6BBC89F5F822:t1, leader=null, voted=a35da7ae-a755-466c-a337-1fa4c3c079dc, raftlog=a35da7ae-a755-466c-a337-1fa4c3c079dc@group-6BBC89F5F822-SegmentedRaftLog:OPENED:c-1, conf=-1: [d751fb25-d78a-4d89-afb8-16dc86d81c92|rpc:10.1.0.37:45225|priority:0, 9a161a44-42b3-490d-9369-d15f6f1ff70c|rpc:10.1.0.37:32963|priority:1, a35da7ae-a755-466c-a337-1fa4c3c079dc|rpc:10.1.0.37:37029|priority:0], old=null
2022-08-04 23:30:32,626 [grpc-default-executor-2] INFO  impl.VoteContext (VoteContext.java:log(48)) - d751fb25-d78a-4d89-afb8-16dc86d81c92@group-6BBC89F5F822-FOLLOWER: reject ELECTION from 9a161a44-42b3-490d-9369-d15f6f1ff70c: already has voted for a35da7ae-a755-466c-a337-1fa4c3c079dc at current term 1
2022-08-04 23:30:32,628 [grpc-default-executor-2] INFO  server.RaftServer$Division (RaftServerImpl.java:requestVote(1184)) - d751fb25-d78a-4d89-afb8-16dc86d81c92@group-6BBC89F5F822 replies to ELECTION vote request: 9a161a44-42b3-490d-9369-d15f6f1ff70c<-d751fb25-d78a-4d89-afb8-16dc86d81c92#0:FAIL-t1. Peer's state: d751fb25-d78a-4d89-afb8-16dc86d81c92@group-6BBC89F5F822:t1, leader=null, voted=a35da7ae-a755-466c-a337-1fa4c3c079dc, raftlog=d751fb25-d78a-4d89-afb8-16dc86d81c92@group-6BBC89F5F822-SegmentedRaftLog:OPENED:c-1, conf=-1: [d751fb25-d78a-4d89-afb8-16dc86d81c92|rpc:10.1.0.37:45225|dataStream:|priority:0, 9a161a44-42b3-490d-9369-d15f6f1ff70c|rpc:10.1.0.37:32963|dataStream:|priority:1, a35da7ae-a755-466c-a337-1fa4c3c079dc|rpc:10.1.0.37:37029|dataStream:|priority:0], old=null
2022-08-04 23:30:32,637 [9a161a44-42b3-490d-9369-d15f6f1ff70c@group-6BBC89F5F822-LeaderElection16] INFO  impl.LeaderElection (LeaderElection.java:logAndReturn(90)) - 9a161a44-42b3-490d-9369-d15f6f1ff70c@group-6BBC89F5F822-LeaderElection16: ELECTION REJECTED received 2 response(s) and 0 exception(s):
2022-08-04 23:30:32,638 [9a161a44-42b3-490d-9369-d15f6f1ff70c@group-6BBC89F5F822-LeaderElection16] INFO  impl.LeaderElection (LeaderElection.java:logAndReturn(94)) -   Response 0: 9a161a44-42b3-490d-9369-d15f6f1ff70c<-d751fb25-d78a-4d89-afb8-16dc86d81c92#0:FAIL-t1
2022-08-04 23:30:32,638 [9a161a44-42b3-490d-9369-d15f6f1ff70c@group-6BBC89F5F822-LeaderElection16] INFO  impl.LeaderElection (LeaderElection.java:logAndReturn(94)) -   Response 1: 9a161a44-42b3-490d-9369-d15f6f1ff70c<-a35da7ae-a755-466c-a337-1fa4c3c079dc#0:FAIL-t1
2022-08-04 23:30:32,638 [9a161a44-42b3-490d-9369-d15f6f1ff70c@group-6BBC89F5F822-LeaderElection16] INFO  impl.LeaderElection (LeaderElection.java:askForVotes(312)) - 9a161a44-42b3-490d-9369-d15f6f1ff70c@group-6BBC89F5F822-LeaderElection16 ELECTION round 0: result REJECTED
2022-08-04 23:30:32,638 [9a161a44-42b3-490d-9369-d15f6f1ff70c@group-6BBC89F5F822-LeaderElection16] INFO  server.RaftServer$Division (RaftServerImpl.java:setRole(299)) - 9a161a44-42b3-490d-9369-d15f6f1ff70c@group-6BBC89F5F822: changes role from CANDIDATE to FOLLOWER at term 1 for REJECTED
2022-08-04 23:30:32,638 [9a161a44-42b3-490d-9369-d15f6f1ff70c@group-6BBC89F5F822-LeaderElection16] INFO  impl.RoleInfo (RoleInfo.java:shutdownLeaderElection(130)) - 9a161a44-42b3-490d-9369-d15f6f1ff70c: shutdown 9a161a44-42b3-490d-9369-d15f6f1ff70c@group-6BBC89F5F822-LeaderElection16
2022-08-04 23:30:32,639 [9a161a44-42b3-490d-9369-d15f6f1ff70c@group-6BBC89F5F822-LeaderElection16] INFO  impl.RoleInfo (RoleInfo.java:updateAndGet(139)) - 9a161a44-42b3-490d-9369-d15f6f1ff70c: start 9a161a44-42b3-490d-9369-d15f6f1ff70c@group-6BBC89F5F822-FollowerState
2022-08-04 23:30:32,743 [d751fb25-d78a-4d89-afb8-16dc86d81c92@group-4A2A72B6BCE2-FollowerState] INFO  impl.FollowerState (FollowerState.java:run(143)) - d751fb25-d78a-4d89-afb8-16dc86d81c92@group-4A2A72B6BCE2-FollowerState: change to CANDIDATE, lastRpcElapsedTime:5119048704ns, electionTimeout:5108ms
2022-08-04 23:30:32,744 [d751fb25-d78a-4d89-afb8-16dc86d81c92@group-4A2A72B6BCE2-FollowerState] INFO  impl.RoleInfo (RoleInfo.java:shutdownFollowerState(110)) - d751fb25-d78a-4d89-afb8-16dc86d81c92: shutdown d751fb25-d78a-4d89-afb8-16dc86d81c92@group-4A2A72B6BCE2-FollowerState
2022-08-04 23:30:32,744 [d751fb25-d78a-4d89-afb8-16dc86d81c92@group-4A2A72B6BCE2-FollowerState] INFO  server.RaftServer$Division (RaftServerImpl.java:setRole(299)) - d751fb25-d78a-4d89-afb8-16dc86d81c92@group-4A2A72B6BCE2: changes role from  FOLLOWER to CANDIDATE at term 0 for changeToCandidate
2022-08-04 23:30:32,744 [d751fb25-d78a-4d89-afb8-16dc86d81c92@group-4A2A72B6BCE2-FollowerState] INFO  server.RaftServerConfigKeys (ConfUtils.java:logGet(46)) - raft.server.leaderelection.pre-vote = false (custom)
2022-08-04 23:30:32,744 [d751fb25-d78a-4d89-afb8-16dc86d81c92@group-4A2A72B6BCE2-FollowerState] INFO  impl.RoleInfo (RoleInfo.java:updateAndGet(139)) - d751fb25-d78a-4d89-afb8-16dc86d81c92: start d751fb25-d78a-4d89-afb8-16dc86d81c92@group-4A2A72B6BCE2-LeaderElection17
2022-08-04 23:30:32,762 [d751fb25-d78a-4d89-afb8-16dc86d81c92@group-4A2A72B6BCE2-LeaderElection17] INFO  impl.LeaderElection (LeaderElection.java:askForVotes(310)) - d751fb25-d78a-4d89-afb8-16dc86d81c92@group-4A2A72B6BCE2-LeaderElection17 ELECTION round 0: submit vote requests at term 1 for -1: [d751fb25-d78a-4d89-afb8-16dc86d81c92|rpc:10.1.0.37:45225|priority:1], old=null
2022-08-04 23:30:32,762 [d751fb25-d78a-4d89-afb8-16dc86d81c92@group-4A2A72B6BCE2-LeaderElection17] INFO  impl.LeaderElection (LeaderElection.java:askForVotes(312)) - d751fb25-d78a-4d89-afb8-16dc86d81c92@group-4A2A72B6BCE2-LeaderElection17 ELECTION round 0: result PASSED (term=1)
2022-08-04 23:30:32,762 [d751fb25-d78a-4d89-afb8-16dc86d81c92@group-4A2A72B6BCE2-LeaderElection17] INFO  impl.RoleInfo (RoleInfo.java:shutdownLeaderElection(130)) - d751fb25-d78a-4d89-afb8-16dc86d81c92: shutdown d751fb25-d78a-4d89-afb8-16dc86d81c92@group-4A2A72B6BCE2-LeaderElection17
2022-08-04 23:30:32,762 [d751fb25-d78a-4d89-afb8-16dc86d81c92@group-4A2A72B6BCE2-LeaderElection17] INFO  server.RaftServer$Division (RaftServerImpl.java:setRole(299)) - d751fb25-d78a-4d89-afb8-16dc86d81c92@group-4A2A72B6BCE2: changes role from CANDIDATE to LEADER at term 1 for changeToLeader
2022-08-04 23:30:32,762 [d751fb25-d78a-4d89-afb8-16dc86d81c92@group-4A2A72B6BCE2-LeaderElection17] INFO  ratis.XceiverServerRatis (XceiverServerRatis.java:handleLeaderChangedNotification(863)) - Leader change notification received for group: group-4A2A72B6BCE2 with new leaderId: d751fb25-d78a-4d89-afb8-16dc86d81c92
2022-08-04 23:30:32,762 [d751fb25-d78a-4d89-afb8-16dc86d81c92@group-4A2A72B6BCE2-LeaderElection17] INFO  server.RaftServer$Division (ServerState.java:setLeader(287)) - d751fb25-d78a-4d89-afb8-16dc86d81c92@group-4A2A72B6BCE2: change Leader from null to d751fb25-d78a-4d89-afb8-16dc86d81c92 at term 1 for becomeLeader, leader elected after 5156ms
2022-08-04 23:30:32,762 [d751fb25-d78a-4d89-afb8-16dc86d81c92@group-4A2A72B6BCE2-LeaderElection17] INFO  server.RaftServerConfigKeys (ConfUtils.java:logGet(46)) - raft.server.staging.catchup.gap = 1000 (default)
2022-08-04 23:30:32,763 [d751fb25-d78a-4d89-afb8-16dc86d81c92@group-4A2A72B6BCE2-LeaderElection17] INFO  server.RaftServerConfigKeys (ConfUtils.java:logGet(46)) - raft.server.write.element-limit = 1024 (custom)
2022-08-04 23:30:32,763 [d751fb25-d78a-4d89-afb8-16dc86d81c92@group-4A2A72B6BCE2-LeaderElection17] INFO  server.RaftServerConfigKeys (ConfUtils.java:logGet(46)) - raft.server.write.byte-limit = 1024 M (=1073741824) (custom)
2022-08-04 23:30:32,765 [EventQueue-OpenPipelineForHealthyPipelineSafeModeRule] INFO  safemode.SCMSafeModeManager (HealthyPipelineSafeModeRule.java:process(137)) - SCM in safe mode. Healthy pipelines reported count is 0, required healthy pipeline reported count is 1
2022-08-04 23:30:32,767 [d751fb25-d78a-4d89-afb8-16dc86d81c92@group-4A2A72B6BCE2-LeaderElection17] INFO  server.RaftServerConfigKeys (ConfUtils.java:logGet(46)) - raft.server.watch.timeout = 180s (custom)
2022-08-04 23:30:32,767 [d751fb25-d78a-4d89-afb8-16dc86d81c92@group-4A2A72B6BCE2-LeaderElection17] INFO  server.RaftServerConfigKeys (ConfUtils.java:logGet(46)) - raft.server.watch.timeout.denomination = 1s (default)
2022-08-04 23:30:32,767 [d751fb25-d78a-4d89-afb8-16dc86d81c92@group-4A2A72B6BCE2-LeaderElection17] INFO  server.RaftServerConfigKeys (ConfUtils.java:logGet(46)) - raft.server.watch.element-limit = 65536 (default)
2022-08-04 23:30:32,767 [d751fb25-d78a-4d89-afb8-16dc86d81c92@group-4A2A72B6BCE2-LeaderElection17] INFO  server.RaftServerConfigKeys (ConfUtils.java:logGet(46)) - raft.server.write.element-limit = 1024 (custom)
2022-08-04 23:30:32,767 [d751fb25-d78a-4d89-afb8-16dc86d81c92@group-4A2A72B6BCE2-LeaderElection17] INFO  server.RaftServerConfigKeys (ConfUtils.java:logGet(46)) - raft.server.write.follower.gap.ratio.max = -1.0 (default)
2022-08-04 23:30:32,767 [d751fb25-d78a-4d89-afb8-16dc86d81c92@group-4A2A72B6BCE2-LeaderElection17] INFO  impl.RoleInfo (RoleInfo.java:updateAndGet(139)) - d751fb25-d78a-4d89-afb8-16dc86d81c92: start d751fb25-d78a-4d89-afb8-16dc86d81c92@group-4A2A72B6BCE2-LeaderStateImpl
2022-08-04 23:30:32,767 [d751fb25-d78a-4d89-afb8-16dc86d81c92@group-4A2A72B6BCE2-LeaderElection17] INFO  segmented.SegmentedRaftLogWorker (SegmentedRaftLogWorker.java:startLogSegment(425)) - d751fb25-d78a-4d89-afb8-16dc86d81c92@group-4A2A72B6BCE2-SegmentedRaftLogWorker: Starting segment from index:0
2022-08-04 23:30:32,769 [d751fb25-d78a-4d89-afb8-16dc86d81c92@group-4A2A72B6BCE2-SegmentedRaftLogWorker] INFO  segmented.SegmentedRaftLogWorker (SegmentedRaftLogWorker.java:execute(629)) - d751fb25-d78a-4d89-afb8-16dc86d81c92@group-4A2A72B6BCE2-SegmentedRaftLogWorker: created new log segment /home/runner/work/ozone/ozone/hadoop-ozone/integration-test/target/test-dir/MiniOzoneClusterImpl-b130bf38-a386-42c3-bae6-e1ff26418ee2/datanode-1/data/ratis/be7b2f1e-5457-423b-9b88-4a2a72b6bce2/current/log_inprogress_0
2022-08-04 23:30:32,781 [d751fb25-d78a-4d89-afb8-16dc86d81c92@group-4A2A72B6BCE2-LeaderElection17] INFO  server.RaftServer$Division (ServerState.java:setRaftConf(393)) - d751fb25-d78a-4d89-afb8-16dc86d81c92@group-4A2A72B6BCE2: set configuration 0: [d751fb25-d78a-4d89-afb8-16dc86d81c92|rpc:10.1.0.37:45225|dataStream:|priority:1], old=null
2022-08-04 23:30:33,201 [Listener at 127.0.0.1/46779] INFO  ozone.MiniOzoneClusterImpl (MiniOzoneClusterImpl.java:lambda$waitForClusterToBeReady$0(216)) - Nodes are ready. Got 3 of 3 DN Heartbeats.
2022-08-04 23:30:33,201 [Listener at 127.0.0.1/46779] INFO  ozone.MiniOzoneClusterImpl (MiniOzoneClusterImpl.java:lambda$waitForClusterToBeReady$0(219)) - Waiting for cluster to exit safe mode
2022-08-04 23:30:33,201 [Listener at 127.0.0.1/46779] INFO  ozone.MiniOzoneClusterImpl (MiniOzoneClusterImpl.java:lambda$waitForClusterToBeReady$0(221)) - SCM became leader
2022-08-04 23:30:33,395 [9a161a44-42b3-490d-9369-d15f6f1ff70c@group-E1CB165AC2F8-FollowerState] INFO  impl.FollowerState (FollowerState.java:run(143)) - 9a161a44-42b3-490d-9369-d15f6f1ff70c@group-E1CB165AC2F8-FollowerState: change to CANDIDATE, lastRpcElapsedTime:5146458495ns, electionTimeout:5135ms
2022-08-04 23:30:33,395 [9a161a44-42b3-490d-9369-d15f6f1ff70c@group-E1CB165AC2F8-FollowerState] INFO  impl.RoleInfo (RoleInfo.java:shutdownFollowerState(110)) - 9a161a44-42b3-490d-9369-d15f6f1ff70c: shutdown 9a161a44-42b3-490d-9369-d15f6f1ff70c@group-E1CB165AC2F8-FollowerState
2022-08-04 23:30:33,395 [9a161a44-42b3-490d-9369-d15f6f1ff70c@group-E1CB165AC2F8-FollowerState] INFO  server.RaftServer$Division (RaftServerImpl.java:setRole(299)) - 9a161a44-42b3-490d-9369-d15f6f1ff70c@group-E1CB165AC2F8: changes role from  FOLLOWER to CANDIDATE at term 0 for changeToCandidate
2022-08-04 23:30:33,396 [9a161a44-42b3-490d-9369-d15f6f1ff70c@group-E1CB165AC2F8-FollowerState] INFO  server.RaftServerConfigKeys (ConfUtils.java:logGet(46)) - raft.server.leaderelection.pre-vote = false (custom)
2022-08-04 23:30:33,396 [9a161a44-42b3-490d-9369-d15f6f1ff70c@group-E1CB165AC2F8-FollowerState] INFO  impl.RoleInfo (RoleInfo.java:updateAndGet(139)) - 9a161a44-42b3-490d-9369-d15f6f1ff70c: start 9a161a44-42b3-490d-9369-d15f6f1ff70c@group-E1CB165AC2F8-LeaderElection18
2022-08-04 23:30:33,410 [9a161a44-42b3-490d-9369-d15f6f1ff70c@group-E1CB165AC2F8-LeaderElection18] INFO  impl.LeaderElection (LeaderElection.java:askForVotes(310)) - 9a161a44-42b3-490d-9369-d15f6f1ff70c@group-E1CB165AC2F8-LeaderElection18 ELECTION round 0: submit vote requests at term 1 for -1: [9a161a44-42b3-490d-9369-d15f6f1ff70c|rpc:10.1.0.37:32963|priority:1], old=null
2022-08-04 23:30:33,410 [9a161a44-42b3-490d-9369-d15f6f1ff70c@group-E1CB165AC2F8-LeaderElection18] INFO  impl.LeaderElection (LeaderElection.java:askForVotes(312)) - 9a161a44-42b3-490d-9369-d15f6f1ff70c@group-E1CB165AC2F8-LeaderElection18 ELECTION round 0: result PASSED (term=1)
2022-08-04 23:30:33,410 [9a161a44-42b3-490d-9369-d15f6f1ff70c@group-E1CB165AC2F8-LeaderElection18] INFO  impl.RoleInfo (RoleInfo.java:shutdownLeaderElection(130)) - 9a161a44-42b3-490d-9369-d15f6f1ff70c: shutdown 9a161a44-42b3-490d-9369-d15f6f1ff70c@group-E1CB165AC2F8-LeaderElection18
2022-08-04 23:30:33,410 [9a161a44-42b3-490d-9369-d15f6f1ff70c@group-E1CB165AC2F8-LeaderElection18] INFO  server.RaftServer$Division (RaftServerImpl.java:setRole(299)) - 9a161a44-42b3-490d-9369-d15f6f1ff70c@group-E1CB165AC2F8: changes role from CANDIDATE to LEADER at term 1 for changeToLeader
2022-08-04 23:30:33,410 [9a161a44-42b3-490d-9369-d15f6f1ff70c@group-E1CB165AC2F8-LeaderElection18] INFO  ratis.XceiverServerRatis (XceiverServerRatis.java:handleLeaderChangedNotification(863)) - Leader change notification received for group: group-E1CB165AC2F8 with new leaderId: 9a161a44-42b3-490d-9369-d15f6f1ff70c
2022-08-04 23:30:33,410 [9a161a44-42b3-490d-9369-d15f6f1ff70c@group-E1CB165AC2F8-LeaderElection18] INFO  server.RaftServer$Division (ServerState.java:setLeader(287)) - 9a161a44-42b3-490d-9369-d15f6f1ff70c@group-E1CB165AC2F8: change Leader from null to 9a161a44-42b3-490d-9369-d15f6f1ff70c at term 1 for becomeLeader, leader elected after 5176ms
2022-08-04 23:30:33,412 [9a161a44-42b3-490d-9369-d15f6f1ff70c@group-E1CB165AC2F8-LeaderElection18] INFO  server.RaftServerConfigKeys (ConfUtils.java:logGet(46)) - raft.server.staging.catchup.gap = 1000 (default)
2022-08-04 23:30:33,413 [9a161a44-42b3-490d-9369-d15f6f1ff70c@group-E1CB165AC2F8-LeaderElection18] INFO  server.RaftServerConfigKeys (ConfUtils.java:logGet(46)) - raft.server.write.element-limit = 1024 (custom)
2022-08-04 23:30:33,413 [EventQueue-OpenPipelineForHealthyPipelineSafeModeRule] INFO  safemode.SCMSafeModeManager (HealthyPipelineSafeModeRule.java:process(137)) - SCM in safe mode. Healthy pipelines reported count is 0, required healthy pipeline reported count is 1
2022-08-04 23:30:33,422 [9a161a44-42b3-490d-9369-d15f6f1ff70c@group-E1CB165AC2F8-LeaderElection18] INFO  server.RaftServerConfigKeys (ConfUtils.java:logGet(46)) - raft.server.write.byte-limit = 1024 M (=1073741824) (custom)
2022-08-04 23:30:33,423 [9a161a44-42b3-490d-9369-d15f6f1ff70c@group-E1CB165AC2F8-LeaderElection18] INFO  server.RaftServerConfigKeys (ConfUtils.java:logGet(46)) - raft.server.watch.timeout = 180s (custom)
2022-08-04 23:30:33,423 [9a161a44-42b3-490d-9369-d15f6f1ff70c@group-E1CB165AC2F8-LeaderElection18] INFO  server.RaftServerConfigKeys (ConfUtils.java:logGet(46)) - raft.server.watch.timeout.denomination = 1s (default)
2022-08-04 23:30:33,423 [9a161a44-42b3-490d-9369-d15f6f1ff70c@group-E1CB165AC2F8-LeaderElection18] INFO  server.RaftServerConfigKeys (ConfUtils.java:logGet(46)) - raft.server.watch.element-limit = 65536 (default)
2022-08-04 23:30:33,423 [9a161a44-42b3-490d-9369-d15f6f1ff70c@group-E1CB165AC2F8-LeaderElection18] INFO  server.RaftServerConfigKeys (ConfUtils.java:logGet(46)) - raft.server.write.element-limit = 1024 (custom)
2022-08-04 23:30:33,423 [9a161a44-42b3-490d-9369-d15f6f1ff70c@group-E1CB165AC2F8-LeaderElection18] INFO  server.RaftServerConfigKeys (ConfUtils.java:logGet(46)) - raft.server.write.follower.gap.ratio.max = -1.0 (default)
2022-08-04 23:30:33,423 [9a161a44-42b3-490d-9369-d15f6f1ff70c@group-E1CB165AC2F8-LeaderElection18] INFO  impl.RoleInfo (RoleInfo.java:updateAndGet(139)) - 9a161a44-42b3-490d-9369-d15f6f1ff70c: start 9a161a44-42b3-490d-9369-d15f6f1ff70c@group-E1CB165AC2F8-LeaderStateImpl
2022-08-04 23:30:33,423 [9a161a44-42b3-490d-9369-d15f6f1ff70c@group-E1CB165AC2F8-LeaderElection18] INFO  segmented.SegmentedRaftLogWorker (SegmentedRaftLogWorker.java:startLogSegment(425)) - 9a161a44-42b3-490d-9369-d15f6f1ff70c@group-E1CB165AC2F8-SegmentedRaftLogWorker: Starting segment from index:0
2022-08-04 23:30:33,428 [9a161a44-42b3-490d-9369-d15f6f1ff70c@group-E1CB165AC2F8-LeaderElection18] INFO  server.RaftServer$Division (ServerState.java:setRaftConf(393)) - 9a161a44-42b3-490d-9369-d15f6f1ff70c@group-E1CB165AC2F8: set configuration 0: [9a161a44-42b3-490d-9369-d15f6f1ff70c|rpc:10.1.0.37:32963|dataStream:|priority:1], old=null
2022-08-04 23:30:33,428 [9a161a44-42b3-490d-9369-d15f6f1ff70c@group-E1CB165AC2F8-SegmentedRaftLogWorker] INFO  segmented.SegmentedRaftLogWorker (SegmentedRaftLogWorker.java:execute(629)) - 9a161a44-42b3-490d-9369-d15f6f1ff70c@group-E1CB165AC2F8-SegmentedRaftLogWorker: created new log segment /home/runner/work/ozone/ozone/hadoop-ozone/integration-test/target/test-dir/MiniOzoneClusterImpl-b130bf38-a386-42c3-bae6-e1ff26418ee2/datanode-2/data/ratis/c1aaddb2-efde-489a-9648-e1cb165ac2f8/current/log_inprogress_0
2022-08-04 23:30:34,202 [Listener at 127.0.0.1/46779] INFO  ozone.MiniOzoneClusterImpl (MiniOzoneClusterImpl.java:lambda$waitForClusterToBeReady$0(216)) - Nodes are ready. Got 3 of 3 DN Heartbeats.
2022-08-04 23:30:34,202 [Listener at 127.0.0.1/46779] INFO  ozone.MiniOzoneClusterImpl (MiniOzoneClusterImpl.java:lambda$waitForClusterToBeReady$0(219)) - Waiting for cluster to exit safe mode
2022-08-04 23:30:34,202 [Listener at 127.0.0.1/46779] INFO  ozone.MiniOzoneClusterImpl (MiniOzoneClusterImpl.java:lambda$waitForClusterToBeReady$0(221)) - SCM became leader
2022-08-04 23:30:35,202 [Listener at 127.0.0.1/46779] INFO  ozone.MiniOzoneClusterImpl (MiniOzoneClusterImpl.java:lambda$waitForClusterToBeReady$0(216)) - Nodes are ready. Got 3 of 3 DN Heartbeats.
2022-08-04 23:30:35,202 [Listener at 127.0.0.1/46779] INFO  ozone.MiniOzoneClusterImpl (MiniOzoneClusterImpl.java:lambda$waitForClusterToBeReady$0(219)) - Waiting for cluster to exit safe mode
2022-08-04 23:30:35,202 [Listener at 127.0.0.1/46779] INFO  ozone.MiniOzoneClusterImpl (MiniOzoneClusterImpl.java:lambda$waitForClusterToBeReady$0(221)) - SCM became leader
2022-08-04 23:30:36,203 [Listener at 127.0.0.1/46779] INFO  ozone.MiniOzoneClusterImpl (MiniOzoneClusterImpl.java:lambda$waitForClusterToBeReady$0(216)) - Nodes are ready. Got 3 of 3 DN Heartbeats.
2022-08-04 23:30:36,203 [Listener at 127.0.0.1/46779] INFO  ozone.MiniOzoneClusterImpl (MiniOzoneClusterImpl.java:lambda$waitForClusterToBeReady$0(219)) - Waiting for cluster to exit safe mode
2022-08-04 23:30:36,203 [Listener at 127.0.0.1/46779] INFO  ozone.MiniOzoneClusterImpl (MiniOzoneClusterImpl.java:lambda$waitForClusterToBeReady$0(221)) - SCM became leader
2022-08-04 23:30:37,203 [Listener at 127.0.0.1/46779] INFO  ozone.MiniOzoneClusterImpl (MiniOzoneClusterImpl.java:lambda$waitForClusterToBeReady$0(216)) - Nodes are ready. Got 3 of 3 DN Heartbeats.
2022-08-04 23:30:37,204 [Listener at 127.0.0.1/46779] INFO  ozone.MiniOzoneClusterImpl (MiniOzoneClusterImpl.java:lambda$waitForClusterToBeReady$0(219)) - Waiting for cluster to exit safe mode
2022-08-04 23:30:37,204 [Listener at 127.0.0.1/46779] INFO  ozone.MiniOzoneClusterImpl (MiniOzoneClusterImpl.java:lambda$waitForClusterToBeReady$0(221)) - SCM became leader
2022-08-04 23:30:37,379 [a35da7ae-a755-466c-a337-1fa4c3c079dc@group-975535844B71-FollowerState] INFO  impl.FollowerState (FollowerState.java:run(143)) - a35da7ae-a755-466c-a337-1fa4c3c079dc@group-975535844B71-FollowerState: change to CANDIDATE, lastRpcElapsedTime:5024579545ns, electionTimeout:5016ms
2022-08-04 23:30:37,380 [a35da7ae-a755-466c-a337-1fa4c3c079dc@group-975535844B71-FollowerState] INFO  impl.RoleInfo (RoleInfo.java:shutdownFollowerState(110)) - a35da7ae-a755-466c-a337-1fa4c3c079dc: shutdown a35da7ae-a755-466c-a337-1fa4c3c079dc@group-975535844B71-FollowerState
2022-08-04 23:30:37,380 [a35da7ae-a755-466c-a337-1fa4c3c079dc@group-975535844B71-FollowerState] INFO  server.RaftServer$Division (RaftServerImpl.java:setRole(299)) - a35da7ae-a755-466c-a337-1fa4c3c079dc@group-975535844B71: changes role from  FOLLOWER to CANDIDATE at term 1 for changeToCandidate
2022-08-04 23:30:37,380 [a35da7ae-a755-466c-a337-1fa4c3c079dc@group-975535844B71-FollowerState] INFO  server.RaftServerConfigKeys (ConfUtils.java:logGet(46)) - raft.server.leaderelection.pre-vote = false (custom)
2022-08-04 23:30:37,380 [a35da7ae-a755-466c-a337-1fa4c3c079dc@group-975535844B71-FollowerState] INFO  impl.RoleInfo (RoleInfo.java:updateAndGet(139)) - a35da7ae-a755-466c-a337-1fa4c3c079dc: start a35da7ae-a755-466c-a337-1fa4c3c079dc@group-975535844B71-LeaderElection19
2022-08-04 23:30:37,392 [a35da7ae-a755-466c-a337-1fa4c3c079dc@group-975535844B71-LeaderElection19] INFO  impl.LeaderElection (LeaderElection.java:askForVotes(310)) - a35da7ae-a755-466c-a337-1fa4c3c079dc@group-975535844B71-LeaderElection19 ELECTION round 0: submit vote requests at term 2 for -1: [d751fb25-d78a-4d89-afb8-16dc86d81c92|rpc:10.1.0.37:45225|priority:0, 9a161a44-42b3-490d-9369-d15f6f1ff70c|rpc:10.1.0.37:32963|priority:0, a35da7ae-a755-466c-a337-1fa4c3c079dc|rpc:10.1.0.37:37029|priority:1], old=null
2022-08-04 23:30:37,392 [d751fb25-d78a-4d89-afb8-16dc86d81c92@group-975535844B71-FollowerState] INFO  impl.FollowerState (FollowerState.java:run(143)) - d751fb25-d78a-4d89-afb8-16dc86d81c92@group-975535844B71-FollowerState: change to CANDIDATE, lastRpcElapsedTime:5058076178ns, electionTimeout:5053ms
2022-08-04 23:30:37,392 [d751fb25-d78a-4d89-afb8-16dc86d81c92@group-975535844B71-FollowerState] INFO  impl.RoleInfo (RoleInfo.java:shutdownFollowerState(110)) - d751fb25-d78a-4d89-afb8-16dc86d81c92: shutdown d751fb25-d78a-4d89-afb8-16dc86d81c92@group-975535844B71-FollowerState
2022-08-04 23:30:37,392 [d751fb25-d78a-4d89-afb8-16dc86d81c92@group-975535844B71-FollowerState] INFO  server.RaftServer$Division (RaftServerImpl.java:setRole(299)) - d751fb25-d78a-4d89-afb8-16dc86d81c92@group-975535844B71: changes role from  FOLLOWER to CANDIDATE at term 1 for changeToCandidate
2022-08-04 23:30:37,395 [d751fb25-d78a-4d89-afb8-16dc86d81c92@group-975535844B71-FollowerState] INFO  server.RaftServerConfigKeys (ConfUtils.java:logGet(46)) - raft.server.leaderelection.pre-vote = false (custom)
2022-08-04 23:30:37,395 [d751fb25-d78a-4d89-afb8-16dc86d81c92@group-975535844B71-FollowerState] INFO  impl.RoleInfo (RoleInfo.java:updateAndGet(139)) - d751fb25-d78a-4d89-afb8-16dc86d81c92: start d751fb25-d78a-4d89-afb8-16dc86d81c92@group-975535844B71-LeaderElection20
2022-08-04 23:30:37,409 [grpc-default-executor-2] INFO  server.RaftServer$Division (RaftServerImpl.java:requestVote(1152)) - d751fb25-d78a-4d89-afb8-16dc86d81c92@group-975535844B71: receive requestVote(ELECTION, a35da7ae-a755-466c-a337-1fa4c3c079dc, group-975535844B71, 2, (t:0, i:0))
2022-08-04 23:30:37,420 [grpc-default-executor-2] INFO  impl.VoteContext (VoteContext.java:log(48)) - d751fb25-d78a-4d89-afb8-16dc86d81c92@group-975535844B71-CANDIDATE: accept ELECTION from a35da7ae-a755-466c-a337-1fa4c3c079dc: our priority 0 <= candidate's priority 1
2022-08-04 23:30:37,420 [grpc-default-executor-2] INFO  server.RaftServer$Division (RaftServerImpl.java:setRole(299)) - d751fb25-d78a-4d89-afb8-16dc86d81c92@group-975535844B71: changes role from CANDIDATE to FOLLOWER at term 2 for candidate:a35da7ae-a755-466c-a337-1fa4c3c079dc
2022-08-04 23:30:37,420 [grpc-default-executor-2] INFO  impl.RoleInfo (RoleInfo.java:shutdownLeaderElection(130)) - d751fb25-d78a-4d89-afb8-16dc86d81c92: shutdown d751fb25-d78a-4d89-afb8-16dc86d81c92@group-975535844B71-LeaderElection20
2022-08-04 23:30:37,420 [grpc-default-executor-2] INFO  impl.RoleInfo (RoleInfo.java:updateAndGet(139)) - d751fb25-d78a-4d89-afb8-16dc86d81c92: start d751fb25-d78a-4d89-afb8-16dc86d81c92@group-975535844B71-FollowerState
2022-08-04 23:30:37,427 [grpc-default-executor-2] INFO  server.RaftServer$Division (RaftServerImpl.java:requestVote(1184)) - d751fb25-d78a-4d89-afb8-16dc86d81c92@group-975535844B71 replies to ELECTION vote request: a35da7ae-a755-466c-a337-1fa4c3c079dc<-d751fb25-d78a-4d89-afb8-16dc86d81c92#0:OK-t2. Peer's state: d751fb25-d78a-4d89-afb8-16dc86d81c92@group-975535844B71:t2, leader=null, voted=a35da7ae-a755-466c-a337-1fa4c3c079dc, raftlog=d751fb25-d78a-4d89-afb8-16dc86d81c92@group-975535844B71-SegmentedRaftLog:OPENED:c-1, conf=-1: [d751fb25-d78a-4d89-afb8-16dc86d81c92|rpc:10.1.0.37:45225|dataStream:|priority:0, 9a161a44-42b3-490d-9369-d15f6f1ff70c|rpc:10.1.0.37:32963|dataStream:|priority:0, a35da7ae-a755-466c-a337-1fa4c3c079dc|rpc:10.1.0.37:37029|dataStream:|priority:1], old=null
2022-08-04 23:30:37,428 [a35da7ae-a755-466c-a337-1fa4c3c079dc@group-975535844B71-LeaderElection19] INFO  impl.LeaderElection (LeaderElection.java:logAndReturn(90)) - a35da7ae-a755-466c-a337-1fa4c3c079dc@group-975535844B71-LeaderElection19: ELECTION PASSED received 1 response(s) and 0 exception(s):
2022-08-04 23:30:37,428 [a35da7ae-a755-466c-a337-1fa4c3c079dc@group-975535844B71-LeaderElection19] INFO  impl.LeaderElection (LeaderElection.java:logAndReturn(94)) -   Response 0: a35da7ae-a755-466c-a337-1fa4c3c079dc<-d751fb25-d78a-4d89-afb8-16dc86d81c92#0:OK-t2
2022-08-04 23:30:37,429 [a35da7ae-a755-466c-a337-1fa4c3c079dc@group-975535844B71-LeaderElection19] INFO  impl.LeaderElection (LeaderElection.java:askForVotes(312)) - a35da7ae-a755-466c-a337-1fa4c3c079dc@group-975535844B71-LeaderElection19 ELECTION round 0: result PASSED
2022-08-04 23:30:37,429 [a35da7ae-a755-466c-a337-1fa4c3c079dc@group-975535844B71-LeaderElection19] INFO  impl.RoleInfo (RoleInfo.java:shutdownLeaderElection(130)) - a35da7ae-a755-466c-a337-1fa4c3c079dc: shutdown a35da7ae-a755-466c-a337-1fa4c3c079dc@group-975535844B71-LeaderElection19
2022-08-04 23:30:37,429 [a35da7ae-a755-466c-a337-1fa4c3c079dc@group-975535844B71-LeaderElection19] INFO  server.RaftServer$Division (RaftServerImpl.java:setRole(299)) - a35da7ae-a755-466c-a337-1fa4c3c079dc@group-975535844B71: changes role from CANDIDATE to LEADER at term 2 for changeToLeader
2022-08-04 23:30:37,429 [a35da7ae-a755-466c-a337-1fa4c3c079dc@group-975535844B71-LeaderElection19] INFO  ratis.XceiverServerRatis (XceiverServerRatis.java:handleLeaderChangedNotification(863)) - Leader change notification received for group: group-975535844B71 with new leaderId: a35da7ae-a755-466c-a337-1fa4c3c079dc
2022-08-04 23:30:37,429 [a35da7ae-a755-466c-a337-1fa4c3c079dc@group-975535844B71-LeaderElection19] INFO  server.RaftServer$Division (ServerState.java:setLeader(287)) - a35da7ae-a755-466c-a337-1fa4c3c079dc@group-975535844B71: change Leader from null to a35da7ae-a755-466c-a337-1fa4c3c079dc at term 2 for becomeLeader, leader elected after 10388ms
2022-08-04 23:30:37,429 [a35da7ae-a755-466c-a337-1fa4c3c079dc@group-975535844B71-LeaderElection19] INFO  server.RaftServerConfigKeys (ConfUtils.java:logGet(46)) - raft.server.staging.catchup.gap = 1000 (default)
2022-08-04 23:30:37,429 [a35da7ae-a755-466c-a337-1fa4c3c079dc@group-975535844B71-LeaderElection19] INFO  server.RaftServerConfigKeys (ConfUtils.java:logGet(46)) - raft.server.write.element-limit = 1024 (custom)
2022-08-04 23:30:37,429 [a35da7ae-a755-466c-a337-1fa4c3c079dc@group-975535844B71-LeaderElection19] INFO  server.RaftServerConfigKeys (ConfUtils.java:logGet(46)) - raft.server.write.byte-limit = 1024 M (=1073741824) (custom)
2022-08-04 23:30:37,429 [a35da7ae-a755-466c-a337-1fa4c3c079dc@group-975535844B71-LeaderElection19] INFO  server.RaftServerConfigKeys (ConfUtils.java:logGet(46)) - raft.server.watch.timeout = 180s (custom)
2022-08-04 23:30:37,429 [a35da7ae-a755-466c-a337-1fa4c3c079dc@group-975535844B71-LeaderElection19] INFO  server.RaftServerConfigKeys (ConfUtils.java:logGet(46)) - raft.server.watch.timeout.denomination = 1s (default)
2022-08-04 23:30:37,429 [a35da7ae-a755-466c-a337-1fa4c3c079dc@group-975535844B71-LeaderElection19] INFO  server.RaftServerConfigKeys (ConfUtils.java:logGet(46)) - raft.server.watch.element-limit = 65536 (default)
2022-08-04 23:30:37,432 [grpc-default-executor-3] INFO  server.RaftServer$Division (RaftServerImpl.java:requestVote(1152)) - 9a161a44-42b3-490d-9369-d15f6f1ff70c@group-975535844B71: receive requestVote(ELECTION, a35da7ae-a755-466c-a337-1fa4c3c079dc, group-975535844B71, 2, (t:0, i:0))
2022-08-04 23:30:37,432 [grpc-default-executor-3] INFO  impl.VoteContext (VoteContext.java:log(48)) - 9a161a44-42b3-490d-9369-d15f6f1ff70c@group-975535844B71-FOLLOWER: accept ELECTION from a35da7ae-a755-466c-a337-1fa4c3c079dc: our priority 0 <= candidate's priority 1
2022-08-04 23:30:37,432 [grpc-default-executor-3] INFO  server.RaftServer$Division (RaftServerImpl.java:setRole(299)) - 9a161a44-42b3-490d-9369-d15f6f1ff70c@group-975535844B71: changes role from  FOLLOWER to FOLLOWER at term 2 for candidate:a35da7ae-a755-466c-a337-1fa4c3c079dc
2022-08-04 23:30:37,432 [grpc-default-executor-3] INFO  impl.RoleInfo (RoleInfo.java:shutdownFollowerState(110)) - 9a161a44-42b3-490d-9369-d15f6f1ff70c: shutdown 9a161a44-42b3-490d-9369-d15f6f1ff70c@group-975535844B71-FollowerState
2022-08-04 23:30:37,432 [grpc-default-executor-3] INFO  impl.RoleInfo (RoleInfo.java:updateAndGet(139)) - 9a161a44-42b3-490d-9369-d15f6f1ff70c: start 9a161a44-42b3-490d-9369-d15f6f1ff70c@group-975535844B71-FollowerState
2022-08-04 23:30:37,432 [9a161a44-42b3-490d-9369-d15f6f1ff70c@group-975535844B71-FollowerState] INFO  impl.FollowerState (FollowerState.java:run(152)) - 9a161a44-42b3-490d-9369-d15f6f1ff70c@group-975535844B71-FollowerState was interrupted
2022-08-04 23:30:37,434 [grpc-default-executor-3] INFO  server.RaftServer$Division (RaftServerImpl.java:requestVote(1184)) - 9a161a44-42b3-490d-9369-d15f6f1ff70c@group-975535844B71 replies to ELECTION vote request: a35da7ae-a755-466c-a337-1fa4c3c079dc<-9a161a44-42b3-490d-9369-d15f6f1ff70c#0:OK-t2. Peer's state: 9a161a44-42b3-490d-9369-d15f6f1ff70c@group-975535844B71:t2, leader=null, voted=a35da7ae-a755-466c-a337-1fa4c3c079dc, raftlog=9a161a44-42b3-490d-9369-d15f6f1ff70c@group-975535844B71-SegmentedRaftLog:OPENED:c-1, conf=-1: [d751fb25-d78a-4d89-afb8-16dc86d81c92|rpc:10.1.0.37:45225|dataStream:|priority:0, 9a161a44-42b3-490d-9369-d15f6f1ff70c|rpc:10.1.0.37:32963|dataStream:|priority:0, a35da7ae-a755-466c-a337-1fa4c3c079dc|rpc:10.1.0.37:37029|dataStream:|priority:1], old=null
2022-08-04 23:30:37,434 [a35da7ae-a755-466c-a337-1fa4c3c079dc@group-975535844B71-LeaderElection19] INFO  server.RaftServerConfigKeys (ConfUtils.java:logGet(46)) - raft.server.write.element-limit = 1024 (custom)
2022-08-04 23:30:37,434 [a35da7ae-a755-466c-a337-1fa4c3c079dc@group-975535844B71-LeaderElection19] INFO  server.RaftServerConfigKeys (ConfUtils.java:logGet(46)) - raft.server.write.follower.gap.ratio.max = -1.0 (default)
2022-08-04 23:30:37,435 [a35da7ae-a755-466c-a337-1fa4c3c079dc@group-975535844B71-LeaderElection19] INFO  server.RaftServerConfigKeys (ConfUtils.java:logGet(46)) - raft.server.log.appender.snapshot.chunk.size.max = 16MB (=16777216) (default)
2022-08-04 23:30:37,435 [a35da7ae-a755-466c-a337-1fa4c3c079dc@group-975535844B71-LeaderElection19] INFO  server.RaftServerConfigKeys (ConfUtils.java:logGet(46)) - raft.server.log.appender.buffer.byte-limit = 33554432 (custom)
2022-08-04 23:30:37,435 [a35da7ae-a755-466c-a337-1fa4c3c079dc@group-975535844B71-LeaderElection19] INFO  server.RaftServerConfigKeys (ConfUtils.java:logGet(46)) - raft.server.log.appender.buffer.element-limit = 1 (custom)
2022-08-04 23:30:37,435 [a35da7ae-a755-466c-a337-1fa4c3c079dc@group-975535844B71-LeaderElection19] INFO  grpc.GrpcConfigKeys (ConfUtils.java:logGet(46)) - raft.grpc.server.leader.outstanding.appends.max = 128 (default)
2022-08-04 23:30:37,435 [a35da7ae-a755-466c-a337-1fa4c3c079dc@group-975535844B71-LeaderElection19] INFO  server.RaftServerConfigKeys (ConfUtils.java:logGet(46)) - raft.server.rpc.request.timeout = 60s (custom)
2022-08-04 23:30:37,435 [a35da7ae-a755-466c-a337-1fa4c3c079dc@group-975535844B71-LeaderElection19] INFO  server.RaftServerConfigKeys (ConfUtils.java:logGet(46)) - raft.server.log.appender.install.snapshot.enabled = false (custom)
2022-08-04 23:30:37,436 [a35da7ae-a755-466c-a337-1fa4c3c079dc@group-975535844B71-LeaderElection19] INFO  server.RaftServerConfigKeys (ConfUtils.java:logGet(46)) - raft.server.log.appender.snapshot.chunk.size.max = 16MB (=16777216) (default)
2022-08-04 23:30:37,436 [a35da7ae-a755-466c-a337-1fa4c3c079dc@group-975535844B71-LeaderElection19] INFO  server.RaftServerConfigKeys (ConfUtils.java:logGet(46)) - raft.server.log.appender.buffer.byte-limit = 33554432 (custom)
2022-08-04 23:30:37,436 [a35da7ae-a755-466c-a337-1fa4c3c079dc@group-975535844B71-LeaderElection19] INFO  server.RaftServerConfigKeys (ConfUtils.java:logGet(46)) - raft.server.log.appender.buffer.element-limit = 1 (custom)
2022-08-04 23:30:37,436 [a35da7ae-a755-466c-a337-1fa4c3c079dc@group-975535844B71-LeaderElection19] INFO  grpc.GrpcConfigKeys (ConfUtils.java:logGet(46)) - raft.grpc.server.leader.outstanding.appends.max = 128 (default)
2022-08-04 23:30:37,436 [a35da7ae-a755-466c-a337-1fa4c3c079dc@group-975535844B71-LeaderElection19] INFO  server.RaftServerConfigKeys (ConfUtils.java:logGet(46)) - raft.server.rpc.request.timeout = 60s (custom)
2022-08-04 23:30:37,436 [a35da7ae-a755-466c-a337-1fa4c3c079dc@group-975535844B71-LeaderElection19] INFO  server.RaftServerConfigKeys (ConfUtils.java:logGet(46)) - raft.server.log.appender.install.snapshot.enabled = false (custom)
2022-08-04 23:30:37,436 [a35da7ae-a755-466c-a337-1fa4c3c079dc@group-975535844B71-LeaderElection19] INFO  impl.RoleInfo (RoleInfo.java:updateAndGet(139)) - a35da7ae-a755-466c-a337-1fa4c3c079dc: start a35da7ae-a755-466c-a337-1fa4c3c079dc@group-975535844B71-LeaderStateImpl
2022-08-04 23:30:37,436 [a35da7ae-a755-466c-a337-1fa4c3c079dc@group-975535844B71-LeaderElection19] INFO  segmented.SegmentedRaftLogWorker (SegmentedRaftLogWorker.java:startLogSegment(425)) - a35da7ae-a755-466c-a337-1fa4c3c079dc@group-975535844B71-SegmentedRaftLogWorker: Starting segment from index:0
2022-08-04 23:30:37,438 [EventQueue-PipelineReportForPipelineReportHandler] INFO  pipeline.PipelineManagerImpl (PipelineManagerImpl.java:openPipeline(367)) - Pipeline Pipeline[ Id: 43dfb6c8-5b45-4cbc-ae3b-975535844b71, Nodes: d751fb25-d78a-4d89-afb8-16dc86d81c92{ip: 10.1.0.37, host: fv-az241-597.bb25ywkzvhnelkltyshw0e441e.jx.internal.cloudapp.net, ports: [REPLICATION=45121, RATIS=45225, RATIS_ADMIN=45225, RATIS_SERVER=45225, STANDALONE=36785], networkLocation: /default-rack, certSerialId: null, persistedOpState: IN_SERVICE, persistedOpStateExpiryEpochSec: 0}a35da7ae-a755-466c-a337-1fa4c3c079dc{ip: 10.1.0.37, host: fv-az241-597.bb25ywkzvhnelkltyshw0e441e.jx.internal.cloudapp.net, ports: [REPLICATION=36445, RATIS=37029, RATIS_ADMIN=37029, RATIS_SERVER=37029, STANDALONE=37665], networkLocation: /default-rack, certSerialId: null, persistedOpState: IN_SERVICE, persistedOpStateExpiryEpochSec: 0}9a161a44-42b3-490d-9369-d15f6f1ff70c{ip: 10.1.0.37, host: fv-az241-597.bb25ywkzvhnelkltyshw0e441e.jx.internal.cloudapp.net, ports: [REPLICATION=32951, RATIS=32963, RATIS_ADMIN=32963, RATIS_SERVER=32963, STANDALONE=42885], networkLocation: /default-rack, certSerialId: null, persistedOpState: IN_SERVICE, persistedOpStateExpiryEpochSec: 0}, ReplicationConfig: RATIS/THREE, State:ALLOCATED, leaderId:a35da7ae-a755-466c-a337-1fa4c3c079dc, CreationTimestamp2022-08-04T23:30:25.234Z[Etc/UTC]] moved to OPEN state
2022-08-04 23:30:37,438 [EventQueue-OpenPipelineForHealthyPipelineSafeModeRule] INFO  safemode.SCMSafeModeManager (HealthyPipelineSafeModeRule.java:process(137)) - SCM in safe mode. Healthy pipelines reported count is 0, required healthy pipeline reported count is 1
2022-08-04 23:30:37,440 [EventQueue-OpenPipelineForHealthyPipelineSafeModeRule] INFO  safemode.SCMSafeModeManager (HealthyPipelineSafeModeRule.java:process(137)) - SCM in safe mode. Healthy pipelines reported count is 1, required healthy pipeline reported count is 1
2022-08-04 23:30:37,440 [EventQueue-OpenPipelineForHealthyPipelineSafeModeRule] INFO  safemode.SCMSafeModeManager (SCMSafeModeManager.java:validateSafeModeExitRules(204)) - HealthyPipelineSafeModeRule rule is successfully validated
2022-08-04 23:30:37,440 [EventQueue-OpenPipelineForHealthyPipelineSafeModeRule] INFO  safemode.SCMSafeModeManager (SCMSafeModeManager.java:validateSafeModeExitRules(219)) - ScmSafeModeManager, all rules are successfully validated
2022-08-04 23:30:37,440 [EventQueue-OpenPipelineForHealthyPipelineSafeModeRule] INFO  safemode.SCMSafeModeManager (SCMSafeModeManager.java:exitSafeMode(248)) - SCM exiting safe mode.
2022-08-04 23:30:37,440 [EventQueue-OpenPipelineForHealthyPipelineSafeModeRule] WARN  events.EventQueue (EventQueue.java:fireEvent(216)) - No event handler registered for event TypedEvent{payloadType=SafeModeStatus, name='Safe mode status'}
2022-08-04 23:30:37,440 [EventQueue-OpenPipelineForHealthyPipelineSafeModeRule] INFO  ha.SCMContext (SCMContext.java:updateSafeModeStatus(228)) - Update SafeModeStatus from SafeModeStatus{safeModeStatus=true, preCheckPassed=true} to SafeModeStatus{safeModeStatus=false, preCheckPassed=true}.
2022-08-04 23:30:37,440 [EventQueue-OpenPipelineForHealthyPipelineSafeModeRule] INFO  pipeline.BackgroundPipelineCreator (BackgroundPipelineCreator.java:notifyStatusChanged(254)) - Service BackgroundPipelineCreator transitions to RUNNING.
2022-08-04 23:30:37,440 [EventQueue-OpenPipelineForHealthyPipelineSafeModeRule] INFO  BackgroundPipelineScrubber (BackgroundSCMService.java:notifyStatusChanged(82)) - Service BackgroundPipelineScrubber transitions to RUNNING.
2022-08-04 23:30:37,440 [EventQueue-OpenPipelineForHealthyPipelineSafeModeRule] INFO  ExpiredContainerReplicaOpScrubber (BackgroundSCMService.java:notifyStatusChanged(82)) - Service ExpiredContainerReplicaOpScrubber transitions to RUNNING.
2022-08-04 23:30:37,440 [EventQueue-OpenPipelineForHealthyPipelineSafeModeRule] INFO  UnderReplicatedQueueThread (BackgroundSCMService.java:notifyStatusChanged(82)) - Service UnderReplicatedQueueThread transitions to RUNNING.
2022-08-04 23:30:37,440 [EventQueue-OpenPipelineForHealthyPipelineSafeModeRule] INFO  OverReplicatedQueueThread (BackgroundSCMService.java:notifyStatusChanged(82)) - Service OverReplicatedQueueThread transitions to RUNNING.
2022-08-04 23:30:37,440 [EventQueue-OpenPipelineForHealthyPipelineSafeModeRule] INFO  replication.ReplicationManager (ReplicationManager.java:notifyStatusChanged(642)) - Service ReplicationManager transitions to RUNNING.
2022-08-04 23:30:37,440 [EventQueue-OpenPipelineForHealthyPipelineSafeModeRule] WARN  balancer.ContainerBalancer (ContainerBalancer.java:shouldRun(904)) - Could not find persisted configuration for ContainerBalancer when checking if ContainerBalancer should run. ContainerBalancer should not run now.
2022-08-04 23:30:37,450 [a35da7ae-a755-466c-a337-1fa4c3c079dc@group-975535844B71-SegmentedRaftLogWorker] INFO  segmented.SegmentedRaftLogWorker (SegmentedRaftLogWorker.java:execute(629)) - a35da7ae-a755-466c-a337-1fa4c3c079dc@group-975535844B71-SegmentedRaftLogWorker: created new log segment /home/runner/work/ozone/ozone/hadoop-ozone/integration-test/target/test-dir/MiniOzoneClusterImpl-b130bf38-a386-42c3-bae6-e1ff26418ee2/datanode-0/data/ratis/43dfb6c8-5b45-4cbc-ae3b-975535844b71/current/log_inprogress_0
2022-08-04 23:30:37,473 [a35da7ae-a755-466c-a337-1fa4c3c079dc@group-975535844B71-LeaderElection19] INFO  server.RaftServer$Division (ServerState.java:setRaftConf(393)) - a35da7ae-a755-466c-a337-1fa4c3c079dc@group-975535844B71: set configuration 0: [d751fb25-d78a-4d89-afb8-16dc86d81c92|rpc:10.1.0.37:45225|dataStream:|priority:0, 9a161a44-42b3-490d-9369-d15f6f1ff70c|rpc:10.1.0.37:32963|dataStream:|priority:0, a35da7ae-a755-466c-a337-1fa4c3c079dc|rpc:10.1.0.37:37029|dataStream:|priority:1], old=null
2022-08-04 23:30:37,503 [9a161a44-42b3-490d-9369-d15f6f1ff70c-server-thread1] INFO  ratis.XceiverServerRatis (XceiverServerRatis.java:handleLeaderChangedNotification(863)) - Leader change notification received for group: group-975535844B71 with new leaderId: a35da7ae-a755-466c-a337-1fa4c3c079dc
2022-08-04 23:30:37,503 [9a161a44-42b3-490d-9369-d15f6f1ff70c-server-thread1] INFO  server.RaftServer$Division (ServerState.java:setLeader(287)) - 9a161a44-42b3-490d-9369-d15f6f1ff70c@group-975535844B71: change Leader from null to a35da7ae-a755-466c-a337-1fa4c3c079dc at term 2 for appendEntries, leader elected after 10200ms
2022-08-04 23:30:37,515 [9a161a44-42b3-490d-9369-d15f6f1ff70c-server-thread1] INFO  server.RaftServer$Division (ServerState.java:setRaftConf(393)) - 9a161a44-42b3-490d-9369-d15f6f1ff70c@group-975535844B71: set configuration 0: [d751fb25-d78a-4d89-afb8-16dc86d81c92|rpc:10.1.0.37:45225|dataStream:|priority:0, 9a161a44-42b3-490d-9369-d15f6f1ff70c|rpc:10.1.0.37:32963|dataStream:|priority:0, a35da7ae-a755-466c-a337-1fa4c3c079dc|rpc:10.1.0.37:37029|dataStream:|priority:1], old=null
2022-08-04 23:30:37,515 [9a161a44-42b3-490d-9369-d15f6f1ff70c-server-thread1] INFO  segmented.SegmentedRaftLogWorker (SegmentedRaftLogWorker.java:startLogSegment(425)) - 9a161a44-42b3-490d-9369-d15f6f1ff70c@group-975535844B71-SegmentedRaftLogWorker: Starting segment from index:0
2022-08-04 23:30:37,516 [d751fb25-d78a-4d89-afb8-16dc86d81c92-server-thread1] INFO  ratis.XceiverServerRatis (XceiverServerRatis.java:handleLeaderChangedNotification(863)) - Leader change notification received for group: group-975535844B71 with new leaderId: a35da7ae-a755-466c-a337-1fa4c3c079dc
2022-08-04 23:30:37,516 [d751fb25-d78a-4d89-afb8-16dc86d81c92-server-thread1] INFO  server.RaftServer$Division (ServerState.java:setLeader(287)) - d751fb25-d78a-4d89-afb8-16dc86d81c92@group-975535844B71: change Leader from null to a35da7ae-a755-466c-a337-1fa4c3c079dc at term 2 for appendEntries, leader elected after 10346ms
2022-08-04 23:30:37,523 [9a161a44-42b3-490d-9369-d15f6f1ff70c@group-975535844B71-SegmentedRaftLogWorker] INFO  segmented.SegmentedRaftLogWorker (SegmentedRaftLogWorker.java:execute(629)) - 9a161a44-42b3-490d-9369-d15f6f1ff70c@group-975535844B71-SegmentedRaftLogWorker: created new log segment /home/runner/work/ozone/ozone/hadoop-ozone/integration-test/target/test-dir/MiniOzoneClusterImpl-b130bf38-a386-42c3-bae6-e1ff26418ee2/datanode-2/data/ratis/43dfb6c8-5b45-4cbc-ae3b-975535844b71/current/log_inprogress_0
2022-08-04 23:30:37,540 [d751fb25-d78a-4d89-afb8-16dc86d81c92-server-thread1] INFO  server.RaftServer$Division (ServerState.java:setRaftConf(393)) - d751fb25-d78a-4d89-afb8-16dc86d81c92@group-975535844B71: set configuration 0: [d751fb25-d78a-4d89-afb8-16dc86d81c92|rpc:10.1.0.37:45225|dataStream:|priority:0, 9a161a44-42b3-490d-9369-d15f6f1ff70c|rpc:10.1.0.37:32963|dataStream:|priority:0, a35da7ae-a755-466c-a337-1fa4c3c079dc|rpc:10.1.0.37:37029|dataStream:|priority:1], old=null
2022-08-04 23:30:37,540 [d751fb25-d78a-4d89-afb8-16dc86d81c92-server-thread1] INFO  segmented.SegmentedRaftLogWorker (SegmentedRaftLogWorker.java:startLogSegment(425)) - d751fb25-d78a-4d89-afb8-16dc86d81c92@group-975535844B71-SegmentedRaftLogWorker: Starting segment from index:0
2022-08-04 23:30:37,544 [d751fb25-d78a-4d89-afb8-16dc86d81c92@group-975535844B71-SegmentedRaftLogWorker] INFO  segmented.SegmentedRaftLogWorker (SegmentedRaftLogWorker.java:execute(629)) - d751fb25-d78a-4d89-afb8-16dc86d81c92@group-975535844B71-SegmentedRaftLogWorker: created new log segment /home/runner/work/ozone/ozone/hadoop-ozone/integration-test/target/test-dir/MiniOzoneClusterImpl-b130bf38-a386-42c3-bae6-e1ff26418ee2/datanode-1/data/ratis/43dfb6c8-5b45-4cbc-ae3b-975535844b71/current/log_inprogress_0
2022-08-04 23:30:37,757 [a35da7ae-a755-466c-a337-1fa4c3c079dc@group-6BBC89F5F822-FollowerState] INFO  impl.FollowerState (FollowerState.java:run(143)) - a35da7ae-a755-466c-a337-1fa4c3c079dc@group-6BBC89F5F822-FollowerState: change to CANDIDATE, lastRpcElapsedTime:5169997858ns, electionTimeout:5166ms
2022-08-04 23:30:37,757 [a35da7ae-a755-466c-a337-1fa4c3c079dc@group-6BBC89F5F822-FollowerState] INFO  impl.RoleInfo (RoleInfo.java:shutdownFollowerState(110)) - a35da7ae-a755-466c-a337-1fa4c3c079dc: shutdown a35da7ae-a755-466c-a337-1fa4c3c079dc@group-6BBC89F5F822-FollowerState
2022-08-04 23:30:37,757 [a35da7ae-a755-466c-a337-1fa4c3c079dc@group-6BBC89F5F822-FollowerState] INFO  server.RaftServer$Division (RaftServerImpl.java:setRole(299)) - a35da7ae-a755-466c-a337-1fa4c3c079dc@group-6BBC89F5F822: changes role from  FOLLOWER to CANDIDATE at term 1 for changeToCandidate
2022-08-04 23:30:37,757 [a35da7ae-a755-466c-a337-1fa4c3c079dc@group-6BBC89F5F822-FollowerState] INFO  server.RaftServerConfigKeys (ConfUtils.java:logGet(46)) - raft.server.leaderelection.pre-vote = false (custom)
2022-08-04 23:30:37,757 [a35da7ae-a755-466c-a337-1fa4c3c079dc@group-6BBC89F5F822-FollowerState] INFO  impl.RoleInfo (RoleInfo.java:updateAndGet(139)) - a35da7ae-a755-466c-a337-1fa4c3c079dc: start a35da7ae-a755-466c-a337-1fa4c3c079dc@group-6BBC89F5F822-LeaderElection21
2022-08-04 23:30:37,776 [a35da7ae-a755-466c-a337-1fa4c3c079dc@group-6BBC89F5F822-LeaderElection21] INFO  impl.LeaderElection (LeaderElection.java:askForVotes(310)) - a35da7ae-a755-466c-a337-1fa4c3c079dc@group-6BBC89F5F822-LeaderElection21 ELECTION round 0: submit vote requests at term 2 for -1: [d751fb25-d78a-4d89-afb8-16dc86d81c92|rpc:10.1.0.37:45225|priority:0, 9a161a44-42b3-490d-9369-d15f6f1ff70c|rpc:10.1.0.37:32963|priority:1, a35da7ae-a755-466c-a337-1fa4c3c079dc|rpc:10.1.0.37:37029|priority:0], old=null
2022-08-04 23:30:37,794 [grpc-default-executor-3] INFO  server.RaftServer$Division (RaftServerImpl.java:requestVote(1152)) - d751fb25-d78a-4d89-afb8-16dc86d81c92@group-6BBC89F5F822: receive requestVote(ELECTION, a35da7ae-a755-466c-a337-1fa4c3c079dc, group-6BBC89F5F822, 2, (t:0, i:0))
2022-08-04 23:30:37,794 [grpc-default-executor-3] INFO  impl.VoteContext (VoteContext.java:log(48)) - d751fb25-d78a-4d89-afb8-16dc86d81c92@group-6BBC89F5F822-FOLLOWER: accept ELECTION from a35da7ae-a755-466c-a337-1fa4c3c079dc: our priority 0 <= candidate's priority 0
2022-08-04 23:30:37,794 [grpc-default-executor-3] INFO  server.RaftServer$Division (RaftServerImpl.java:setRole(299)) - d751fb25-d78a-4d89-afb8-16dc86d81c92@group-6BBC89F5F822: changes role from  FOLLOWER to FOLLOWER at term 2 for candidate:a35da7ae-a755-466c-a337-1fa4c3c079dc
2022-08-04 23:30:37,794 [grpc-default-executor-3] INFO  impl.RoleInfo (RoleInfo.java:shutdownFollowerState(110)) - d751fb25-d78a-4d89-afb8-16dc86d81c92: shutdown d751fb25-d78a-4d89-afb8-16dc86d81c92@group-6BBC89F5F822-FollowerState
2022-08-04 23:30:37,794 [grpc-default-executor-3] INFO  impl.RoleInfo (RoleInfo.java:updateAndGet(139)) - d751fb25-d78a-4d89-afb8-16dc86d81c92: start d751fb25-d78a-4d89-afb8-16dc86d81c92@group-6BBC89F5F822-FollowerState
2022-08-04 23:30:37,794 [d751fb25-d78a-4d89-afb8-16dc86d81c92@group-6BBC89F5F822-FollowerState] INFO  impl.FollowerState (FollowerState.java:run(152)) - d751fb25-d78a-4d89-afb8-16dc86d81c92@group-6BBC89F5F822-FollowerState was interrupted
2022-08-04 23:30:37,804 [grpc-default-executor-2] INFO  server.RaftServer$Division (RaftServerImpl.java:requestVote(1152)) - 9a161a44-42b3-490d-9369-d15f6f1ff70c@group-6BBC89F5F822: receive requestVote(ELECTION, a35da7ae-a755-466c-a337-1fa4c3c079dc, group-6BBC89F5F822, 2, (t:0, i:0))
2022-08-04 23:30:37,804 [grpc-default-executor-2] INFO  impl.VoteContext (VoteContext.java:log(48)) - 9a161a44-42b3-490d-9369-d15f6f1ff70c@group-6BBC89F5F822-FOLLOWER: reject ELECTION from a35da7ae-a755-466c-a337-1fa4c3c079dc: our priority 1 > candidate's priority 0
2022-08-04 23:30:37,804 [grpc-default-executor-2] INFO  server.RaftServer$Division (RaftServerImpl.java:setRole(299)) - 9a161a44-42b3-490d-9369-d15f6f1ff70c@group-6BBC89F5F822: changes role from  FOLLOWER to FOLLOWER at term 2 for candidate:a35da7ae-a755-466c-a337-1fa4c3c079dc
2022-08-04 23:30:37,804 [grpc-default-executor-2] INFO  impl.RoleInfo (RoleInfo.java:shutdownFollowerState(110)) - 9a161a44-42b3-490d-9369-d15f6f1ff70c: shutdown 9a161a44-42b3-490d-9369-d15f6f1ff70c@group-6BBC89F5F822-FollowerState
2022-08-04 23:30:37,804 [grpc-default-executor-2] INFO  impl.RoleInfo (RoleInfo.java:updateAndGet(139)) - 9a161a44-42b3-490d-9369-d15f6f1ff70c: start 9a161a44-42b3-490d-9369-d15f6f1ff70c@group-6BBC89F5F822-FollowerState
2022-08-04 23:30:37,805 [grpc-default-executor-3] INFO  server.RaftServer$Division (RaftServerImpl.java:requestVote(1184)) - d751fb25-d78a-4d89-afb8-16dc86d81c92@group-6BBC89F5F822 replies to ELECTION vote request: a35da7ae-a755-466c-a337-1fa4c3c079dc<-d751fb25-d78a-4d89-afb8-16dc86d81c92#0:OK-t2. Peer's state: d751fb25-d78a-4d89-afb8-16dc86d81c92@group-6BBC89F5F822:t2, leader=null, voted=a35da7ae-a755-466c-a337-1fa4c3c079dc, raftlog=d751fb25-d78a-4d89-afb8-16dc86d81c92@group-6BBC89F5F822-SegmentedRaftLog:OPENED:c-1, conf=-1: [d751fb25-d78a-4d89-afb8-16dc86d81c92|rpc:10.1.0.37:45225|dataStream:|priority:0, 9a161a44-42b3-490d-9369-d15f6f1ff70c|rpc:10.1.0.37:32963|dataStream:|priority:1, a35da7ae-a755-466c-a337-1fa4c3c079dc|rpc:10.1.0.37:37029|dataStream:|priority:0], old=null
2022-08-04 23:30:37,806 [9a161a44-42b3-490d-9369-d15f6f1ff70c@group-6BBC89F5F822-FollowerState] INFO  impl.FollowerState (FollowerState.java:run(152)) - 9a161a44-42b3-490d-9369-d15f6f1ff70c@group-6BBC89F5F822-FollowerState was interrupted
2022-08-04 23:30:37,810 [grpc-default-executor-2] INFO  server.RaftServer$Division (RaftServerImpl.java:requestVote(1184)) - 9a161a44-42b3-490d-9369-d15f6f1ff70c@group-6BBC89F5F822 replies to ELECTION vote request: a35da7ae-a755-466c-a337-1fa4c3c079dc<-9a161a44-42b3-490d-9369-d15f6f1ff70c#0:FAIL-t2. Peer's state: 9a161a44-42b3-490d-9369-d15f6f1ff70c@group-6BBC89F5F822:t2, leader=null, voted=null, raftlog=9a161a44-42b3-490d-9369-d15f6f1ff70c@group-6BBC89F5F822-SegmentedRaftLog:OPENED:c-1, conf=-1: [d751fb25-d78a-4d89-afb8-16dc86d81c92|rpc:10.1.0.37:45225|dataStream:|priority:0, 9a161a44-42b3-490d-9369-d15f6f1ff70c|rpc:10.1.0.37:32963|dataStream:|priority:1, a35da7ae-a755-466c-a337-1fa4c3c079dc|rpc:10.1.0.37:37029|dataStream:|priority:0], old=null
2022-08-04 23:30:37,813 [a35da7ae-a755-466c-a337-1fa4c3c079dc@group-6BBC89F5F822-LeaderElection21] INFO  impl.LeaderElection (LeaderElection.java:logAndReturn(90)) - a35da7ae-a755-466c-a337-1fa4c3c079dc@group-6BBC89F5F822-LeaderElection21: ELECTION REJECTED received 2 response(s) and 0 exception(s):
2022-08-04 23:30:37,813 [a35da7ae-a755-466c-a337-1fa4c3c079dc@group-6BBC89F5F822-LeaderElection21] INFO  impl.LeaderElection (LeaderElection.java:logAndReturn(94)) -   Response 0: a35da7ae-a755-466c-a337-1fa4c3c079dc<-d751fb25-d78a-4d89-afb8-16dc86d81c92#0:OK-t2
2022-08-04 23:30:37,813 [a35da7ae-a755-466c-a337-1fa4c3c079dc@group-6BBC89F5F822-LeaderElection21] INFO  impl.LeaderElection (LeaderElection.java:logAndReturn(94)) -   Response 1: a35da7ae-a755-466c-a337-1fa4c3c079dc<-9a161a44-42b3-490d-9369-d15f6f1ff70c#0:FAIL-t2
2022-08-04 23:30:37,814 [a35da7ae-a755-466c-a337-1fa4c3c079dc@group-6BBC89F5F822-LeaderElection21] INFO  impl.LeaderElection (LeaderElection.java:askForVotes(312)) - a35da7ae-a755-466c-a337-1fa4c3c079dc@group-6BBC89F5F822-LeaderElection21 ELECTION round 0: result REJECTED
2022-08-04 23:30:37,824 [a35da7ae-a755-466c-a337-1fa4c3c079dc@group-6BBC89F5F822-LeaderElection21] INFO  server.RaftServer$Division (RaftServerImpl.java:setRole(299)) - a35da7ae-a755-466c-a337-1fa4c3c079dc@group-6BBC89F5F822: changes role from CANDIDATE to FOLLOWER at term 2 for REJECTED
2022-08-04 23:30:37,824 [a35da7ae-a755-466c-a337-1fa4c3c079dc@group-6BBC89F5F822-LeaderElection21] INFO  impl.RoleInfo (RoleInfo.java:shutdownLeaderElection(130)) - a35da7ae-a755-466c-a337-1fa4c3c079dc: shutdown a35da7ae-a755-466c-a337-1fa4c3c079dc@group-6BBC89F5F822-LeaderElection21
2022-08-04 23:30:37,824 [a35da7ae-a755-466c-a337-1fa4c3c079dc@group-6BBC89F5F822-LeaderElection21] INFO  impl.RoleInfo (RoleInfo.java:updateAndGet(139)) - a35da7ae-a755-466c-a337-1fa4c3c079dc: start a35da7ae-a755-466c-a337-1fa4c3c079dc@group-6BBC89F5F822-FollowerState
2022-08-04 23:30:37,953 [UnderReplicatedQueueThreadThread] INFO  replication.UnderReplicatedProcessor (UnderReplicatedProcessor.java:processAll(85)) - Processed 0 under replicated containers, failed processing 0
2022-08-04 23:30:37,968 [OverReplicatedQueueThreadThread] INFO  replication.OverReplicatedProcessor (OverReplicatedProcessor.java:processAll(83)) - Processed 0 over replicated containers, failed processing 0
2022-08-04 23:30:38,204 [Listener at 127.0.0.1/46779] INFO  ozone.MiniOzoneClusterImpl (MiniOzoneClusterImpl.java:lambda$waitForClusterToBeReady$0(216)) - Nodes are ready. Got 3 of 3 DN Heartbeats.
2022-08-04 23:30:38,204 [Listener at 127.0.0.1/46779] INFO  ozone.MiniOzoneClusterImpl (MiniOzoneClusterImpl.java:lambda$waitForClusterToBeReady$0(219)) - Cluster exits safe mode
2022-08-04 23:30:38,204 [Listener at 127.0.0.1/46779] INFO  ozone.MiniOzoneClusterImpl (MiniOzoneClusterImpl.java:lambda$waitForClusterToBeReady$0(221)) - SCM became leader
]]></system-out>
    </rerunFailure>
    <rerunFailure type="java.lang.AssertionError">
      <stackTrace><![CDATA[java.lang.AssertionError
	at org.junit.Assert.fail(Assert.java:87)
	at org.junit.Assert.assertTrue(Assert.java:42)
	at org.junit.Assert.assertTrue(Assert.java:53)
	at org.apache.hadoop.hdds.scm.TestRatisPipelineLeader.testLeaderIdAfterLeaderChange(TestRatisPipelineLeader.java:119)
	at sun.reflect.NativeMethodAccessorImpl.invoke0(Native Method)
	at sun.reflect.NativeMethodAccessorImpl.invoke(NativeMethodAccessorImpl.java:62)
	at sun.reflect.DelegatingMethodAccessorImpl.invoke(DelegatingMethodAccessorImpl.java:43)
	at java.lang.reflect.Method.invoke(Method.java:498)
	at org.junit.platform.commons.util.ReflectionUtils.invokeMethod(ReflectionUtils.java:725)
	at org.junit.jupiter.engine.execution.MethodInvocation.proceed(MethodInvocation.java:60)
	at org.junit.jupiter.engine.execution.InvocationInterceptorChain$ValidatingInvocation.proceed(InvocationInterceptorChain.java:131)
	at org.junit.jupiter.engine.extension.TimeoutInvocation.proceed(TimeoutInvocation.java:46)
	at org.junit.jupiter.engine.extension.TimeoutExtension.intercept(TimeoutExtension.java:149)
	at org.junit.jupiter.engine.extension.TimeoutExtension.interceptTestableMethod(TimeoutExtension.java:140)
	at org.junit.jupiter.engine.extension.TimeoutExtension.interceptTestMethod(TimeoutExtension.java:84)
	at org.junit.jupiter.engine.execution.ExecutableInvoker$ReflectiveInterceptorCall.lambda$ofVoidMethod$0(ExecutableInvoker.java:115)
	at org.junit.jupiter.engine.execution.ExecutableInvoker.lambda$invoke$0(ExecutableInvoker.java:105)
	at org.junit.jupiter.engine.execution.InvocationInterceptorChain$InterceptedInvocation.proceed(InvocationInterceptorChain.java:106)
	at org.junit.jupiter.engine.execution.InvocationInterceptorChain.proceed(InvocationInterceptorChain.java:64)
	at org.junit.jupiter.engine.execution.InvocationInterceptorChain.chainAndInvoke(InvocationInterceptorChain.java:45)
	at org.junit.jupiter.engine.execution.InvocationInterceptorChain.invoke(InvocationInterceptorChain.java:37)
	at org.junit.jupiter.engine.execution.ExecutableInvoker.invoke(ExecutableInvoker.java:104)
	at org.junit.jupiter.engine.execution.ExecutableInvoker.invoke(ExecutableInvoker.java:98)
	at org.junit.jupiter.engine.descriptor.TestMethodTestDescriptor.lambda$invokeTestMethod$7(TestMethodTestDescriptor.java:214)
	at org.junit.platform.engine.support.hierarchical.ThrowableCollector.execute(ThrowableCollector.java:73)
	at org.junit.jupiter.engine.descriptor.TestMethodTestDescriptor.invokeTestMethod(TestMethodTestDescriptor.java:210)
	at org.junit.jupiter.engine.descriptor.TestMethodTestDescriptor.execute(TestMethodTestDescriptor.java:135)
	at org.junit.jupiter.engine.descriptor.TestMethodTestDescriptor.execute(TestMethodTestDescriptor.java:66)
	at org.junit.platform.engine.support.hierarchical.NodeTestTask.lambda$executeRecursively$6(NodeTestTask.java:151)
	at org.junit.platform.engine.support.hierarchical.ThrowableCollector.execute(ThrowableCollector.java:73)
	at org.junit.platform.engine.support.hierarchical.NodeTestTask.lambda$executeRecursively$8(NodeTestTask.java:141)
	at org.junit.platform.engine.support.hierarchical.Node.around(Node.java:137)
	at org.junit.platform.engine.support.hierarchical.NodeTestTask.lambda$executeRecursively$9(NodeTestTask.java:139)
	at org.junit.platform.engine.support.hierarchical.ThrowableCollector.execute(ThrowableCollector.java:73)
	at org.junit.platform.engine.support.hierarchical.NodeTestTask.executeRecursively(NodeTestTask.java:138)
	at org.junit.platform.engine.support.hierarchical.NodeTestTask.execute(NodeTestTask.java:95)
	at java.util.ArrayList.forEach(ArrayList.java:1259)
	at org.junit.platform.engine.support.hierarchical.SameThreadHierarchicalTestExecutorService.invokeAll(SameThreadHierarchicalTestExecutorService.java:41)
	at org.junit.platform.engine.support.hierarchical.NodeTestTask.lambda$executeRecursively$6(NodeTestTask.java:155)
	at org.junit.platform.engine.support.hierarchical.ThrowableCollector.execute(ThrowableCollector.java:73)
	at org.junit.platform.engine.support.hierarchical.NodeTestTask.lambda$executeRecursively$8(NodeTestTask.java:141)
	at org.junit.platform.engine.support.hierarchical.Node.around(Node.java:137)
	at org.junit.platform.engine.support.hierarchical.NodeTestTask.lambda$executeRecursively$9(NodeTestTask.java:139)
	at org.junit.platform.engine.support.hierarchical.ThrowableCollector.execute(ThrowableCollector.java:73)
	at org.junit.platform.engine.support.hierarchical.NodeTestTask.executeRecursively(NodeTestTask.java:138)
	at org.junit.platform.engine.support.hierarchical.NodeTestTask.execute(NodeTestTask.java:95)
	at java.util.ArrayList.forEach(ArrayList.java:1259)
	at org.junit.platform.engine.support.hierarchical.SameThreadHierarchicalTestExecutorService.invokeAll(SameThreadHierarchicalTestExecutorService.java:41)
	at org.junit.platform.engine.support.hierarchical.NodeTestTask.lambda$executeRecursively$6(NodeTestTask.java:155)
	at org.junit.platform.engine.support.hierarchical.ThrowableCollector.execute(ThrowableCollector.java:73)
	at org.junit.platform.engine.support.hierarchical.NodeTestTask.lambda$executeRecursively$8(NodeTestTask.java:141)
	at org.junit.platform.engine.support.hierarchical.Node.around(Node.java:137)
	at org.junit.platform.engine.support.hierarchical.NodeTestTask.lambda$executeRecursively$9(NodeTestTask.java:139)
	at org.junit.platform.engine.support.hierarchical.ThrowableCollector.execute(ThrowableCollector.java:73)
	at org.junit.platform.engine.support.hierarchical.NodeTestTask.executeRecursively(NodeTestTask.java:138)
	at org.junit.platform.engine.support.hierarchical.NodeTestTask.execute(NodeTestTask.java:95)
	at org.junit.platform.engine.support.hierarchical.SameThreadHierarchicalTestExecutorService.submit(SameThreadHierarchicalTestExecutorService.java:35)
	at org.junit.platform.engine.support.hierarchical.HierarchicalTestExecutor.execute(HierarchicalTestExecutor.java:57)
	at org.junit.platform.engine.support.hierarchical.HierarchicalTestEngine.execute(HierarchicalTestEngine.java:54)
	at org.junit.platform.launcher.core.EngineExecutionOrchestrator.execute(EngineExecutionOrchestrator.java:107)
	at org.junit.platform.launcher.core.EngineExecutionOrchestrator.execute(EngineExecutionOrchestrator.java:88)
	at org.junit.platform.launcher.core.EngineExecutionOrchestrator.lambda$execute$0(EngineExecutionOrchestrator.java:54)
	at org.junit.platform.launcher.core.EngineExecutionOrchestrator.withInterceptedStreams(EngineExecutionOrchestrator.java:67)
	at org.junit.platform.launcher.core.EngineExecutionOrchestrator.execute(EngineExecutionOrchestrator.java:52)
	at org.junit.platform.launcher.core.DefaultLauncher.execute(DefaultLauncher.java:114)
	at org.junit.platform.launcher.core.DefaultLauncher.execute(DefaultLauncher.java:86)
	at org.junit.platform.launcher.core.DefaultLauncherSession$DelegatingLauncher.execute(DefaultLauncherSession.java:86)
	at org.junit.platform.launcher.core.SessionPerRequestLauncher.execute(SessionPerRequestLauncher.java:53)
	at org.apache.maven.surefire.junitplatform.JUnitPlatformProvider.invokeAllTests(JUnitPlatformProvider.java:165)
	at org.apache.maven.surefire.junitplatform.JUnitPlatformProvider.invoke(JUnitPlatformProvider.java:124)
	at org.apache.maven.surefire.booter.ForkedBooter.runSuitesInProcess(ForkedBooter.java:428)
	at org.apache.maven.surefire.booter.ForkedBooter.execute(ForkedBooter.java:162)
	at org.apache.maven.surefire.booter.ForkedBooter.run(ForkedBooter.java:562)
	at org.apache.maven.surefire.booter.ForkedBooter.main(ForkedBooter.java:548)
]]></stackTrace>
      <system-out><![CDATA[2022-08-04 23:30:58,976 [Listener at 127.0.0.1/46779] WARN  server.ServerUtils (ServerUtils.java:getScmDbDir(148)) - ozone.scm.db.dirs is not configured. We recommend adding this setting. Falling back to ozone.metadata.dirs instead.
2022-08-04 23:30:58,992 [Listener at 127.0.0.1/46779] WARN  server.ServerUtils (ServerUtils.java:getScmDbDir(148)) - ozone.scm.db.dirs is not configured. We recommend adding this setting. Falling back to ozone.metadata.dirs instead.
2022-08-04 23:30:58,992 [Listener at 127.0.0.1/46779] INFO  ha.SCMHANodeDetails (SCMHANodeDetails.java:loadSCMHAConfig(209)) - ServiceID for StorageContainerManager is null
2022-08-04 23:30:58,992 [Listener at 127.0.0.1/46779] INFO  ha.SCMHANodeDetails (SCMHANodeDetails.java:loadSCMHAConfig(214)) - ozone.scm.default.service.id is not defined, falling back to ozone.scm.service.ids to find serviceID for StorageContainerManager if it is HA enabled cluster
2022-08-04 23:30:58,993 [Listener at 127.0.0.1/46779] WARN  utils.HAUtils (HAUtils.java:getMetaDir(342)) - ozone.scm.db.dirs is not configured. We recommend adding this setting. Falling back to ozone.metadata.dirs instead.
2022-08-04 23:30:58,993 [Listener at 127.0.0.1/46779] WARN  db.DBStoreBuilder (DBStoreBuilder.java:applyDBDefinition(145)) - ozone.scm.db.dirs is not configured. We recommend adding this setting. Falling back to ozone.metadata.dirs instead.
2022-08-04 23:30:59,326 [Listener at 127.0.0.1/46779] INFO  net.NodeSchemaLoader (NodeSchemaLoader.java:loadSchemaFromFile(129)) - Loading schema from [jar:file:/home/runner/.m2/repository/org/apache/ozone/hdds-common/1.3.0-SNAPSHOT/hdds-common-1.3.0-SNAPSHOT.jar!/network-topology-default.xml]
2022-08-04 23:30:59,326 [Listener at 127.0.0.1/46779] INFO  net.NodeSchemaLoader (NodeSchemaLoader.java:loadSchema(176)) - Loading network topology layer schema file
2022-08-04 23:30:59,336 [Listener at 127.0.0.1/46779] INFO  upgrade.AbstractLayoutVersionManager (AbstractLayoutVersionManager.java:init(83)) - Initializing Layout version manager with metadata layout = DATANODE_SCHEMA_V3 (version = 4), software layout = DATANODE_SCHEMA_V3 (version = 4)
2022-08-04 23:30:59,405 [Listener at 127.0.0.1/46779] INFO  reflections.Reflections (Reflections.java:scan(232)) - Reflections took 67 ms to scan 7 urls, producing 132 keys and 321 values 
2022-08-04 23:30:59,406 [Listener at 127.0.0.1/46779] INFO  ha.SequenceIdGenerator (SequenceIdGenerator.java:upgradeToSequenceId(349)) - upgrade localId to 109611004723200000
2022-08-04 23:30:59,407 [Listener at 127.0.0.1/46779] INFO  ha.SequenceIdGenerator (SequenceIdGenerator.java:upgradeToSequenceId(359)) - upgrade delTxnId to 0
2022-08-04 23:30:59,407 [Listener at 127.0.0.1/46779] INFO  ha.SequenceIdGenerator (SequenceIdGenerator.java:upgradeToSequenceId(376)) - upgrade containerId to 0
2022-08-04 23:30:59,407 [Listener at 127.0.0.1/46779] INFO  ha.SequenceIdGenerator (SequenceIdGenerator.java:<init>(220)) - Init the HA SequenceIdGenerator.
2022-08-04 23:30:59,407 [Listener at 127.0.0.1/46779] WARN  server.ServerUtils (ServerUtils.java:sanitizeUserArgs(73)) - ozone.scm.stale.node.interval value = 300000 is larger than max = 100000 based on the key value of ozone.scm.heartbeat.thread.interval, reset to the max value 100000.
2022-08-04 23:30:59,407 [Listener at 127.0.0.1/46779] WARN  server.ServerUtils (ServerUtils.java:sanitizeUserArgs(73)) - ozone.scm.stale.node.interval value = 300000 is larger than max = 100000 based on the key value of ozone.scm.heartbeat.thread.interval, reset to the max value 100000.
2022-08-04 23:30:59,408 [Listener at 127.0.0.1/46779] INFO  node.SCMNodeManager (SCMNodeManager.java:<init>(149)) - Entering startup safe mode.
2022-08-04 23:30:59,408 [Listener at 127.0.0.1/46779] INFO  algorithms.ContainerPlacementPolicyFactory (ContainerPlacementPolicyFactory.java:getPolicyInternal(86)) - Create container placement policy of type org.apache.hadoop.hdds.scm.container.placement.algorithms.SCMContainerPlacementRandom
2022-08-04 23:30:59,408 [Listener at 127.0.0.1/46779] INFO  algorithms.ContainerPlacementPolicyFactory (ContainerPlacementPolicyFactory.java:getPolicyInternal(86)) - Create container placement policy of type org.apache.hadoop.hdds.scm.container.placement.algorithms.SCMContainerPlacementRackScatter
2022-08-04 23:30:59,408 [Listener at 127.0.0.1/46779] INFO  pipeline.PipelineStateManagerImpl (PipelineStateManagerImpl.java:initialize(78)) - No pipeline exists in current db
2022-08-04 23:30:59,409 [Listener at 127.0.0.1/46779] INFO  algorithms.LeaderChoosePolicyFactory (LeaderChoosePolicyFactory.java:getPolicy(57)) - Create leader choose policy of type org.apache.hadoop.hdds.scm.pipeline.leader.choose.algorithms.MinLeaderCountChoosePolicy
2022-08-04 23:30:59,409 [Listener at 127.0.0.1/46779] INFO  algorithms.ContainerPlacementPolicyFactory (ContainerPlacementPolicyFactory.java:getPolicyInternal(86)) - Create container placement policy of type org.apache.hadoop.hdds.scm.container.placement.algorithms.SCMContainerPlacementRackScatter
2022-08-04 23:30:59,409 [Listener at 127.0.0.1/46779] INFO  ha.SCMServiceManager (SCMServiceManager.java:register(42)) - Registering service BackgroundPipelineCreator.
2022-08-04 23:30:59,409 [Listener at 127.0.0.1/46779] INFO  pipeline.BackgroundPipelineCreator (BackgroundPipelineCreator.java:start(124)) - Starting RatisPipelineUtilsThread.
2022-08-04 23:30:59,410 [Listener at 127.0.0.1/46779] INFO  BackgroundPipelineScrubber (BackgroundSCMService.java:start(68)) - Starting BackgroundPipelineScrubber Service.
2022-08-04 23:30:59,410 [Listener at 127.0.0.1/46779] INFO  ha.SCMServiceManager (SCMServiceManager.java:register(42)) - Registering service BackgroundPipelineScrubber.
2022-08-04 23:30:59,410 [Listener at 127.0.0.1/46779] INFO  ExpiredContainerReplicaOpScrubber (BackgroundSCMService.java:start(68)) - Starting ExpiredContainerReplicaOpScrubber Service.
2022-08-04 23:30:59,410 [Listener at 127.0.0.1/46779] INFO  ha.SCMServiceManager (SCMServiceManager.java:register(42)) - Registering service ExpiredContainerReplicaOpScrubber.
2022-08-04 23:30:59,411 [Listener at 127.0.0.1/46779] INFO  algorithms.PipelineChoosePolicyFactory (PipelineChoosePolicyFactory.java:createPipelineChoosePolicyFromClass(73)) - Create pipeline choose policy of type org.apache.hadoop.hdds.scm.pipeline.choose.algorithms.RandomPipelineChoosePolicy
2022-08-04 23:30:59,411 [Listener at 127.0.0.1/46779] INFO  ha.SCMServiceManager (SCMServiceManager.java:register(42)) - Registering service SCMBlockDeletingService.
2022-08-04 23:30:59,412 [Listener at 127.0.0.1/46779] INFO  replication.ReplicationManager (ReplicationManager.java:start(200)) - Starting Replication Monitor Thread.
2022-08-04 23:30:59,412 [Listener at 127.0.0.1/46779] INFO  UnderReplicatedQueueThread (BackgroundSCMService.java:start(68)) - Starting UnderReplicatedQueueThread Service.
2022-08-04 23:30:59,413 [ReplicationMonitor] INFO  replication.ReplicationManager (ReplicationManager.java:processAll(249)) - Replication Manager is not ready to run until 3000ms after safemode exit
2022-08-04 23:30:59,428 [Listener at 127.0.0.1/46779] INFO  ha.SCMServiceManager (SCMServiceManager.java:register(42)) - Registering service UnderReplicatedQueueThread.
2022-08-04 23:30:59,428 [Listener at 127.0.0.1/46779] INFO  OverReplicatedQueueThread (BackgroundSCMService.java:start(68)) - Starting OverReplicatedQueueThread Service.
2022-08-04 23:30:59,447 [Listener at 127.0.0.1/46779] INFO  ha.SCMServiceManager (SCMServiceManager.java:register(42)) - Registering service OverReplicatedQueueThread.
2022-08-04 23:30:59,447 [Listener at 127.0.0.1/46779] INFO  ha.SCMServiceManager (SCMServiceManager.java:register(42)) - Registering service ReplicationManager.
2022-08-04 23:30:59,448 [Listener at 127.0.0.1/46779] INFO  safemode.ContainerSafeModeRule (ContainerSafeModeRule.java:<init>(89)) - containers with one replica threshold count 0
2022-08-04 23:30:59,448 [Listener at 127.0.0.1/46779] INFO  safemode.HealthyPipelineSafeModeRule (HealthyPipelineSafeModeRule.java:initializeRule(169)) - Total pipeline count is 0, healthy pipeline threshold count is 1
2022-08-04 23:30:59,448 [Listener at 127.0.0.1/46779] INFO  safemode.OneReplicaPipelineSafeModeRule (OneReplicaPipelineSafeModeRule.java:initializeRule(180)) - Total pipeline count is 0, pipeline's with at least one datanode reported threshold count is 0
2022-08-04 23:30:59,451 [Listener at 127.0.0.1/46779] INFO  ipc.CallQueueManager (CallQueueManager.java:<init>(90)) - Using callQueue: class java.util.concurrent.LinkedBlockingQueue, queueCapacity: 2000, scheduler: class org.apache.hadoop.ipc.DefaultRpcScheduler, ipcBackoff: false.
2022-08-04 23:30:59,452 [Socket Reader #1 for port 0] INFO  ipc.Server (Server.java:run(1265)) - Starting Socket Reader #1 for port 0
2022-08-04 23:30:59,472 [Listener at 0.0.0.0/42635] INFO  ipc.CallQueueManager (CallQueueManager.java:<init>(90)) - Using callQueue: class java.util.concurrent.LinkedBlockingQueue, queueCapacity: 2000, scheduler: class org.apache.hadoop.ipc.DefaultRpcScheduler, ipcBackoff: false.
2022-08-04 23:30:59,479 [Socket Reader #1 for port 0] INFO  ipc.Server (Server.java:run(1265)) - Starting Socket Reader #1 for port 0
2022-08-04 23:30:59,480 [Listener at 0.0.0.0/45479] INFO  ipc.CallQueueManager (CallQueueManager.java:<init>(90)) - Using callQueue: class java.util.concurrent.LinkedBlockingQueue, queueCapacity: 2000, scheduler: class org.apache.hadoop.ipc.DefaultRpcScheduler, ipcBackoff: false.
2022-08-04 23:30:59,487 [Socket Reader #1 for port 0] INFO  ipc.Server (Server.java:run(1265)) - Starting Socket Reader #1 for port 0
2022-08-04 23:30:59,538 [Listener at 0.0.0.0/46703] INFO  ha.SCMServiceManager (SCMServiceManager.java:register(42)) - Registering service ContainerBalancer.
2022-08-04 23:30:59,538 [Listener at 0.0.0.0/46703] INFO  server.StorageContainerManager (StorageContainerManager.java:<init>(406)) - 
Container Balancer status:
Key                            Value
Running                        false
Container Balancer Configuration values:
Key                                                Value
Threshold                                          10
Max Datanodes to Involve per Iteration(percent)    20
Max Size to Move per Iteration                     500GB
Max Size Entering Target per Iteration             26GB
Max Size Leaving Source per Iteration              26GB

2022-08-04 23:30:59,538 [Listener at 0.0.0.0/46703] WARN  events.EventQueue (EventQueue.java:fireEvent(216)) - No event handler registered for event TypedEvent{payloadType=SafeModeStatus, name='Safe mode status'}
2022-08-04 23:30:59,538 [Listener at 0.0.0.0/46703] INFO  ha.SCMContext (SCMContext.java:updateSafeModeStatus(228)) - Update SafeModeStatus from SafeModeStatus{safeModeStatus=true, preCheckPassed=false} to SafeModeStatus{safeModeStatus=true, preCheckPassed=false}.
2022-08-04 23:30:59,538 [Listener at 0.0.0.0/46703] INFO  server.StorageContainerManager (StorageContainerManager.java:start(1460)) - StorageContainerLocationProtocol RPC server is listening at /0.0.0.0:46703
2022-08-04 23:30:59,540 [Listener at 0.0.0.0/46703] WARN  impl.MetricsConfig (MetricsConfig.java:loadFirst(136)) - Cannot locate configuration: tried hadoop-metrics2-storagecontainermanager.properties,hadoop-metrics2.properties
2022-08-04 23:30:59,542 [Listener at 0.0.0.0/46703] INFO  impl.MetricsSystemImpl (MetricsSystemImpl.java:startTimer(378)) - Scheduled Metric snapshot period at 10 second(s).
2022-08-04 23:30:59,543 [Listener at 0.0.0.0/46703] INFO  impl.MetricsSystemImpl (MetricsSystemImpl.java:start(191)) - StorageContainerManager metrics system started
2022-08-04 23:30:59,609 [Listener at 0.0.0.0/46703] INFO  impl.MetricsSinkAdapter (MetricsSinkAdapter.java:start(204)) - Sink prometheus started
2022-08-04 23:30:59,609 [Listener at 0.0.0.0/46703] INFO  impl.MetricsSystemImpl (MetricsSystemImpl.java:registerSink(305)) - Registered sink prometheus
2022-08-04 23:30:59,640 [Listener at 0.0.0.0/46703] INFO  server.SCMClientProtocolServer (SCMClientProtocolServer.java:start(170)) - RPC server for Client  is listening at /0.0.0.0:46703
2022-08-04 23:30:59,661 [IPC Server listener on 0] INFO  ipc.Server (Server.java:run(1344)) - IPC Server listener on 0: starting
2022-08-04 23:30:59,675 [IPC Server Responder] INFO  ipc.Server (Server.java:run(1507)) - IPC Server Responder: starting
2022-08-04 23:30:59,705 [Listener at 0.0.0.0/46703] INFO  server.StorageContainerManager (StorageContainerManager.java:start(1475)) - ScmBlockLocationProtocol RPC server is listening at /0.0.0.0:45479
2022-08-04 23:30:59,706 [Listener at 0.0.0.0/46703] INFO  server.SCMBlockProtocolServer (SCMBlockProtocolServer.java:start(152)) - RPC server for Block Protocol is listening at /0.0.0.0:45479
2022-08-04 23:30:59,706 [IPC Server Responder] INFO  ipc.Server (Server.java:run(1507)) - IPC Server Responder: starting
2022-08-04 23:30:59,706 [IPC Server listener on 0] INFO  ipc.Server (Server.java:run(1344)) - IPC Server listener on 0: starting
2022-08-04 23:30:59,811 [Listener at 0.0.0.0/46703] INFO  server.SCMDatanodeProtocolServer (SCMDatanodeProtocolServer.java:start(186)) - ScmDatanodeProtocol RPC server for DataNodes is listening at /0.0.0.0:42635
2022-08-04 23:30:59,819 [IPC Server Responder] INFO  ipc.Server (Server.java:run(1507)) - IPC Server Responder: starting
2022-08-04 23:30:59,831 [IPC Server listener on 0] INFO  ipc.Server (Server.java:run(1344)) - IPC Server listener on 0: starting
2022-08-04 23:30:59,858 [org.apache.hadoop.util.JvmPauseMonitor$Monitor@73ce275a] INFO  util.JvmPauseMonitor (JvmPauseMonitor.java:run(188)) - Starting JVM pause monitor
2022-08-04 23:30:59,859 [Listener at 0.0.0.0/46703] INFO  http.BaseHttpServer (BaseHttpServer.java:newHttpServer2BuilderForOzone(209)) - Starting Web-server for scm at: http://0.0.0.0:0
2022-08-04 23:30:59,859 [Listener at 0.0.0.0/46703] INFO  http.BaseHttpServer (BaseHttpServer.java:<init>(107)) - Hadoop Security Enabled: false Ozone Security Enabled: false Ozone HTTP Security Enabled: false 
2022-08-04 23:30:59,860 [Listener at 0.0.0.0/46703] INFO  server.AuthenticationFilter (AuthenticationFilter.java:constructSecretProvider(240)) - Unable to initialize FileSignerSecretProvider, falling back to use random secrets.
2022-08-04 23:30:59,890 [Listener at 0.0.0.0/46703] WARN  http.HttpRequestLog (HttpRequestLog.java:getRequestLog(103)) - Jetty request log can only be enabled using Log4j
2022-08-04 23:30:59,892 [Listener at 0.0.0.0/46703] INFO  http.HttpServer2 (HttpServer2.java:addGlobalFilter(1029)) - Added global filter 'safety' (class=org.apache.hadoop.hdds.server.http.HttpServer2$QuotingInputFilter)
2022-08-04 23:30:59,893 [Listener at 0.0.0.0/46703] INFO  http.HttpServer2 (HttpServer2.java:addFilter(1005)) - Added filter static_user_filter (class=org.apache.hadoop.http.lib.StaticUserWebFilter$StaticUserFilter) to context scm
2022-08-04 23:30:59,893 [Listener at 0.0.0.0/46703] INFO  http.HttpServer2 (HttpServer2.java:addFilter(1013)) - Added filter static_user_filter (class=org.apache.hadoop.http.lib.StaticUserWebFilter$StaticUserFilter) to context static
2022-08-04 23:30:59,893 [Listener at 0.0.0.0/46703] INFO  http.HttpServer2 (HttpServer2.java:addFilter(1013)) - Added filter static_user_filter (class=org.apache.hadoop.http.lib.StaticUserWebFilter$StaticUserFilter) to context logs
2022-08-04 23:30:59,894 [Listener at 0.0.0.0/46703] INFO  http.HttpServer2 (HttpServer2.java:bindListener(1248)) - Jetty bound to port 34655
2022-08-04 23:30:59,894 [Listener at 0.0.0.0/46703] INFO  server.Server (Server.java:doStart(375)) - jetty-9.4.43.v20210629; built: 2021-06-30T11:07:22.254Z; git: 526006ecfa3af7f1a27ef3a288e2bef7ea9dd7e8; jvm 1.8.0_332-b09
2022-08-04 23:30:59,895 [Listener at 0.0.0.0/46703] INFO  server.session (DefaultSessionIdManager.java:doStart(334)) - DefaultSessionIdManager workerName=node0
2022-08-04 23:30:59,895 [Listener at 0.0.0.0/46703] INFO  server.session (DefaultSessionIdManager.java:doStart(339)) - No SessionScavenger set, using defaults
2022-08-04 23:30:59,895 [Listener at 0.0.0.0/46703] INFO  server.session (HouseKeeper.java:startScavenging(132)) - node0 Scavenging every 600000ms
2022-08-04 23:30:59,896 [Listener at 0.0.0.0/46703] INFO  handler.ContextHandler (ContextHandler.java:doStart(915)) - Started o.e.j.s.ServletContextHandler@13f065ac{logs,/logs,file:///home/runner/work/ozone/ozone/hadoop-ozone/integration-test/target/log,AVAILABLE}
2022-08-04 23:30:59,896 [Listener at 0.0.0.0/46703] INFO  handler.ContextHandler (ContextHandler.java:doStart(915)) - Started o.e.j.s.ServletContextHandler@6395aed6{static,/static,file:///home/runner/work/ozone/ozone/hadoop-ozone/integration-test/target/test-classes/webapps/static,AVAILABLE}
2022-08-04 23:30:59,904 [Listener at 0.0.0.0/46703] INFO  handler.ContextHandler (ContextHandler.java:doStart(915)) - Started o.e.j.w.WebAppContext@34f63d8c{scm,/,file:///home/runner/work/ozone/ozone/hadoop-ozone/integration-test/target/test-classes/webapps/scm/,AVAILABLE}{file:/home/runner/work/ozone/ozone/hadoop-ozone/integration-test/target/test-classes/webapps/scm}
2022-08-04 23:30:59,907 [Listener at 0.0.0.0/46703] INFO  server.AbstractConnector (AbstractConnector.java:doStart(331)) - Started ServerConnector@2d6a3255{HTTP/1.1, (http/1.1)}{0.0.0.0:34655}
2022-08-04 23:30:59,907 [Listener at 0.0.0.0/46703] INFO  server.Server (Server.java:doStart(415)) - Started @84901ms
2022-08-04 23:30:59,908 [Listener at 0.0.0.0/46703] WARN  impl.MetricsSystemImpl (MetricsSystemImpl.java:register(279)) - Sink prometheus already exists!
2022-08-04 23:30:59,908 [Listener at 0.0.0.0/46703] INFO  http.BaseHttpServer (BaseHttpServer.java:updateConnectorAddress(329)) - HTTP server of scm listening at http://0.0.0.0:34655
2022-08-04 23:30:59,908 [Listener at 0.0.0.0/46703] WARN  server.ServerUtils (ServerUtils.java:getDBPath(225)) - ozone.om.db.dirs is not configured. We recommend adding this setting. Falling back to ozone.metadata.dirs instead.
2022-08-04 23:30:59,912 [Listener at 0.0.0.0/46703] INFO  ha.OMHANodeDetails (OMHANodeDetails.java:loadOMHAConfig(115)) - ozone.om.internal.service.id is not defined, falling back to ozone.om.service.ids to find serviceID for OzoneManager if it is HA enabled cluster
2022-08-04 23:30:59,912 [Listener at 0.0.0.0/46703] INFO  ha.OMHANodeDetails (OMHANodeDetails.java:loadOMHAConfig(226)) - Configuration does not have ozone.om.address set. Falling back to the default OM address /127.0.0.1:0
2022-08-04 23:30:59,912 [Listener at 0.0.0.0/46703] INFO  ha.OMHANodeDetails (OMHANodeDetails.java:getOMNodeDetailsForNonHA(254)) - OM Service ID is not set. Setting it to the default ID: omServiceIdDefault
2022-08-04 23:30:59,912 [Listener at 0.0.0.0/46703] INFO  ha.OMHANodeDetails (OMHANodeDetails.java:getOMNodeDetailsForNonHA(261)) - OM Node ID is not set. Setting it to the default ID: om1
2022-08-04 23:30:59,912 [Listener at 0.0.0.0/46703] WARN  server.ServerUtils (ServerUtils.java:getDBPath(225)) - ozone.om.db.dirs is not configured. We recommend adding this setting. Falling back to ozone.metadata.dirs instead.
2022-08-04 23:30:59,913 [Listener at 0.0.0.0/46703] INFO  upgrade.AbstractLayoutVersionManager (AbstractLayoutVersionManager.java:init(83)) - Initializing Layout version manager with metadata layout = MULTITENANCY_SCHEMA (version = 3), software layout = MULTITENANCY_SCHEMA (version = 3)
2022-08-04 23:31:00,112 [Listener at 0.0.0.0/46703] INFO  reflections.Reflections (Reflections.java:scan(232)) - Reflections took 198 ms to scan 2 urls, producing 153 keys and 425 values [using 2 cores]
2022-08-04 23:31:00,112 [Listener at 0.0.0.0/46703] INFO  upgrade.OMLayoutVersionManager (OMLayoutVersionManager.java:lambda$0(115)) - Skipping Upgrade Action MockOmUpgradeAction since it has been finalized.
2022-08-04 23:31:00,112 [Listener at 0.0.0.0/46703] WARN  server.ServerUtils (ServerUtils.java:getDBPath(225)) - ozone.om.db.dirs is not configured. We recommend adding this setting. Falling back to ozone.metadata.dirs instead.
2022-08-04 23:31:00,114 [Listener at 0.0.0.0/46703] INFO  proxy.SCMBlockLocationFailoverProxyProvider (SCMBlockLocationFailoverProxyProvider.java:<init>(114)) - Created block location fail-over proxy with 1 nodes: [nodeId=scmNodeId,nodeAddress=/0.0.0.0:45479]
2022-08-04 23:31:00,115 [Listener at 0.0.0.0/46703] INFO  proxy.SCMBlockLocationFailoverProxyProvider (SCMBlockLocationFailoverProxyProvider.java:<init>(114)) - Created block location fail-over proxy with 1 nodes: [nodeId=scmNodeId,nodeAddress=/0.0.0.0:45479]
2022-08-04 23:31:00,141 [Listener at 0.0.0.0/46703] WARN  server.ServerUtils (ServerUtils.java:getDBPath(225)) - ozone.om.db.dirs is not configured. We recommend adding this setting. Falling back to ozone.metadata.dirs instead.
2022-08-04 23:31:00,141 [Listener at 0.0.0.0/46703] INFO  codec.OmKeyInfoCodec (OmKeyInfoCodec.java:<init>(49)) - OmKeyInfoCodec ignorePipeline = true
2022-08-04 23:31:00,141 [Listener at 0.0.0.0/46703] INFO  codec.RepeatedOmKeyInfoCodec (RepeatedOmKeyInfoCodec.java:<init>(41)) - RepeatedOmKeyInfoCodec ignorePipeline = true
2022-08-04 23:31:00,476 [Listener at 0.0.0.0/46703] INFO  om.OzoneManager (OzoneManager.java:instantiateServices(696)) - S3 Multi-Tenancy is disabled
2022-08-04 23:31:00,477 [Listener at 0.0.0.0/46703] INFO  om.OzoneManager (OzoneManager.java:addS3GVolumeToDB(4307)) - Created Volume s3v With Owner runner required for S3Gateway operations.
2022-08-04 23:31:00,477 [Listener at 0.0.0.0/46703] WARN  server.ServerUtils (ServerUtils.java:getDefaultRatisDirectory(237)) - Storage directory for Ratis is not configured. It is a good idea to map this to an SSD disk. Falling back to ozone.metadata.dirs
2022-08-04 23:31:00,477 [Listener at 0.0.0.0/46703] WARN  utils.OzoneManagerRatisUtils (OzoneManagerRatisUtils.java:getOMRatisSnapshotDirectory(431)) - ozone.om.ratis.snapshot.dir is not configured. Falling back to ozone.metadata.dirs config
2022-08-04 23:31:00,477 [Listener at 0.0.0.0/46703] WARN  server.ServerUtils (ServerUtils.java:getDefaultRatisDirectory(237)) - Storage directory for Ratis is not configured. It is a good idea to map this to an SSD disk. Falling back to ozone.metadata.dirs
2022-08-04 23:31:00,479 [Listener at 0.0.0.0/46703] INFO  ratis.OzoneManagerRatisServer (OzoneManagerRatisServer.java:<init>(159)) - Instantiating OM Ratis server with groupID: omServiceIdDefault and peers: localhost:9872
2022-08-04 23:31:00,479 [Listener at 0.0.0.0/46703] INFO  ratis.OzoneManagerStateMachine (OzoneManagerStateMachine.java:loadSnapshotInfoFromDB(632)) - LastAppliedIndex is set from TransactionInfo from OM DB as (t:0, i:~)
2022-08-04 23:31:00,483 [Listener at 0.0.0.0/46703] INFO  server.RaftServer (ConfUtils.java:logGet(46)) - raft.rpc.type = GRPC (default)
2022-08-04 23:31:00,483 [Listener at 0.0.0.0/46703] INFO  grpc.GrpcFactory (GrpcFactory.java:checkPooledByteBufAllocatorUseCacheForAllThreads(48)) - PERFORMANCE WARNING: useCacheForAllThreads is true that may cause Netty to create a lot garbage objects and, as a result, trigger GC.
	It is recommended to disable useCacheForAllThreads by setting -Dorg.apache.ratis.thirdparty.io.netty.allocator.useCacheForAllThreads=false in command line.
2022-08-04 23:31:00,484 [Listener at 0.0.0.0/46703] INFO  grpc.GrpcConfigKeys (ConfUtils.java:logGet(46)) - raft.grpc.admin.port = -1 (default)
2022-08-04 23:31:00,484 [Listener at 0.0.0.0/46703] INFO  grpc.GrpcConfigKeys (ConfUtils.java:logGet(46)) - raft.grpc.server.port = 9872 (custom)
2022-08-04 23:31:00,484 [Listener at 0.0.0.0/46703] INFO  grpc.GrpcConfigKeys (ConfUtils.java:logGet(46)) - raft.grpc.client.port = -1 (default)
2022-08-04 23:31:00,484 [Listener at 0.0.0.0/46703] INFO  grpc.GrpcConfigKeys (ConfUtils.java:logGet(46)) - raft.grpc.server.port = 9872 (custom)
2022-08-04 23:31:00,484 [Listener at 0.0.0.0/46703] INFO  grpc.GrpcConfigKeys (ConfUtils.java:logGet(46)) - raft.grpc.server.port = 9872 (custom)
2022-08-04 23:31:00,484 [Listener at 0.0.0.0/46703] INFO  server.GrpcService (ConfUtils.java:logGet(46)) - raft.grpc.message.size.max = 33554432 (custom)
2022-08-04 23:31:00,484 [Listener at 0.0.0.0/46703] INFO  server.RaftServerConfigKeys (ConfUtils.java:logGet(46)) - raft.server.log.appender.buffer.byte-limit = 33554432 (custom)
2022-08-04 23:31:00,484 [Listener at 0.0.0.0/46703] INFO  server.GrpcService (ConfUtils.java:logGet(46)) - raft.grpc.flow.control.window = 1MB (=1048576) (default)
2022-08-04 23:31:00,485 [Listener at 0.0.0.0/46703] INFO  server.RaftServerConfigKeys (ConfUtils.java:logGet(46)) - raft.server.rpc.request.timeout = 3000ms (default)
2022-08-04 23:31:00,485 [Listener at 0.0.0.0/46703] INFO  grpc.GrpcConfigKeys (ConfUtils.java:logGet(46)) - raft.grpc.server.async.request.thread.pool.cached = true (default)
2022-08-04 23:31:00,485 [Listener at 0.0.0.0/46703] INFO  grpc.GrpcConfigKeys (ConfUtils.java:logGet(46)) - raft.grpc.server.async.request.thread.pool.size = 32 (default)
2022-08-04 23:31:00,486 [Listener at 0.0.0.0/46703] INFO  impl.DataStreamServerImpl (ConfUtils.java:logGet(46)) - raft.datastream.type = DISABLED (default)
2022-08-04 23:31:00,486 [Listener at 0.0.0.0/46703] INFO  server.RaftServerConfigKeys (ConfUtils.java:logGet(46)) - raft.server.threadpool.proxy.cached = true (default)
2022-08-04 23:31:00,487 [Listener at 0.0.0.0/46703] INFO  server.RaftServerConfigKeys (ConfUtils.java:logGet(46)) - raft.server.threadpool.proxy.size = 0 (default)
2022-08-04 23:31:00,487 [Listener at 0.0.0.0/46703] INFO  server.RaftServerConfigKeys (ConfUtils.java:logGet(46)) - raft.server.rpc.slowness.timeout = 120s (custom)
2022-08-04 23:31:00,487 [Listener at 0.0.0.0/46703] INFO  server.RaftServerConfigKeys (ConfUtils.java:logGet(46)) - raft.server.leaderelection.leader.step-down.wait-time = 10s (default)
2022-08-04 23:31:00,487 [Listener at 0.0.0.0/46703] INFO  server.RaftServerConfigKeys (ConfUtils.java:logGet(46)) - raft.server.storage.dir = [/home/runner/work/ozone/ozone/hadoop-ozone/integration-test/target/test-dir/MiniOzoneClusterImpl-ee856cd1-984e-43cb-9579-cb3e6fd39ea6/ozone-meta/ratis] (custom)
2022-08-04 23:31:00,499 [Listener at 0.0.0.0/46703] INFO  server.RaftServer (RaftServerProxy.java:addNew(96)) - om1: addNew group-C5BA1605619E:[om1|rpc:localhost:9872|priority:0] returns group-C5BA1605619E:java.util.concurrent.CompletableFuture@18c35c73[Not completed]
2022-08-04 23:31:00,499 [Listener at 0.0.0.0/46703] INFO  om.OzoneManager (OzoneManager.java:initializeRatisServer(1962)) - OzoneManager Ratis server initialized at port 9872
2022-08-04 23:31:00,500 [Listener at 0.0.0.0/46703] INFO  om.OzoneManager (OzoneManager.java:getRpcServer(1085)) - Creating RPC Server
2022-08-04 23:31:00,504 [pool-349-thread-1] INFO  server.RaftServer$Division (RaftServerImpl.java:<init>(190)) - om1: new RaftServerImpl for group-C5BA1605619E:[om1|rpc:localhost:9872|priority:0] with OzoneManagerStateMachine:uninitialized
2022-08-04 23:31:00,504 [pool-349-thread-1] INFO  server.RaftServerConfigKeys (ConfUtils.java:logGet(46)) - raft.server.rpc.timeout.min = 1s (custom)
2022-08-04 23:31:00,504 [pool-349-thread-1] INFO  server.RaftServerConfigKeys (ConfUtils.java:logGet(46)) - raft.server.rpc.timeout.max = 1200ms (custom)
2022-08-04 23:31:00,504 [pool-349-thread-1] INFO  server.RaftServerConfigKeys (ConfUtils.java:logGet(46)) - raft.server.rpc.sleep.time = 25ms (default)
2022-08-04 23:31:00,504 [pool-349-thread-1] INFO  server.RaftServerConfigKeys (ConfUtils.java:logGet(46)) - raft.server.rpc.slowness.timeout = 120s (custom)
2022-08-04 23:31:00,504 [pool-349-thread-1] INFO  server.RaftServerConfigKeys (ConfUtils.java:logGet(46)) - raft.server.leaderelection.leader.step-down.wait-time = 10s (default)
2022-08-04 23:31:00,504 [pool-349-thread-1] INFO  server.RaftServerConfigKeys (ConfUtils.java:logGet(46)) - raft.server.sleep.deviation.threshold = 300ms (default)
2022-08-04 23:31:00,504 [pool-349-thread-1] INFO  server.RaftServer$Division (ServerState.java:<init>(107)) - om1@group-C5BA1605619E: ConfigurationManager, init=-1: [om1|rpc:localhost:9872|priority:0], old=null, confs=<EMPTY_MAP>
2022-08-04 23:31:00,504 [pool-349-thread-1] INFO  server.RaftServerConfigKeys (ConfUtils.java:logGet(46)) - raft.server.storage.dir = [/home/runner/work/ozone/ozone/hadoop-ozone/integration-test/target/test-dir/MiniOzoneClusterImpl-ee856cd1-984e-43cb-9579-cb3e6fd39ea6/ozone-meta/ratis] (custom)
2022-08-04 23:31:00,504 [pool-349-thread-1] INFO  server.RaftServerConfigKeys (ConfUtils.java:logGet(46)) - raft.server.log.corruption.policy = EXCEPTION (default)
2022-08-04 23:31:00,505 [pool-349-thread-1] INFO  server.RaftServerConfigKeys (ConfUtils.java:logGet(46)) - raft.server.storage.free-space.min = 0MB (=0) (default)
2022-08-04 23:31:00,505 [pool-349-thread-1] INFO  storage.RaftStorageDirectory (RaftStorageDirectoryImpl.java:analyzeStorage(135)) - The storage directory /home/runner/work/ozone/ozone/hadoop-ozone/integration-test/target/test-dir/MiniOzoneClusterImpl-ee856cd1-984e-43cb-9579-cb3e6fd39ea6/ozone-meta/ratis/bf265839-605b-3f16-9796-c5ba1605619e does not exist. Creating ...
2022-08-04 23:31:00,508 [pool-349-thread-1] INFO  storage.RaftStorageDirectory (RaftStorageDirectoryImpl.java:tryLock(230)) - Lock on /home/runner/work/ozone/ozone/hadoop-ozone/integration-test/target/test-dir/MiniOzoneClusterImpl-ee856cd1-984e-43cb-9579-cb3e6fd39ea6/ozone-meta/ratis/bf265839-605b-3f16-9796-c5ba1605619e/in_use.lock acquired by nodename 5725@fv-az241-597
2022-08-04 23:31:00,514 [pool-349-thread-1] INFO  storage.RaftStorage (RaftStorageImpl.java:format(89)) - Storage directory /home/runner/work/ozone/ozone/hadoop-ozone/integration-test/target/test-dir/MiniOzoneClusterImpl-ee856cd1-984e-43cb-9579-cb3e6fd39ea6/ozone-meta/ratis/bf265839-605b-3f16-9796-c5ba1605619e has been successfully formatted.
2022-08-04 23:31:00,514 [pool-349-thread-1] INFO  server.RaftServerConfigKeys (ConfUtils.java:logGet(46)) - raft.server.notification.no-leader.timeout = 120s (custom)
2022-08-04 23:31:00,514 [pool-349-thread-1] INFO  server.RaftServerConfigKeys (ConfUtils.java:logGet(46)) - raft.server.log.use.memory = false (default)
2022-08-04 23:31:00,514 [pool-349-thread-1] INFO  server.RaftServerConfigKeys (ConfUtils.java:logGet(46)) - raft.server.log.purge.gap = 1000000 (custom)
2022-08-04 23:31:00,514 [pool-349-thread-1] INFO  server.RaftServerConfigKeys (ConfUtils.java:logGet(46)) - raft.server.log.appender.buffer.byte-limit = 33554432 (custom)
2022-08-04 23:31:00,514 [pool-349-thread-1] INFO  server.RaftServerConfigKeys (ConfUtils.java:logGet(46)) - raft.server.log.statemachine.data.read.timeout = 1000ms (default)
2022-08-04 23:31:00,514 [pool-349-thread-1] INFO  server.RaftServerConfigKeys (ConfUtils.java:logGet(46)) - raft.server.log.segment.size.max = 4194304 (custom)
2022-08-04 23:31:00,515 [pool-349-thread-1] INFO  server.RaftServerConfigKeys (ConfUtils.java:logGet(46)) - raft.server.log.segment.cache.num.max = 2 (custom)
2022-08-04 23:31:00,515 [pool-349-thread-1] INFO  server.RaftServerConfigKeys (ConfUtils.java:logGet(46)) - raft.server.log.segment.cache.size.max = 200MB (=209715200) (default)
2022-08-04 23:31:00,515 [pool-349-thread-1] INFO  segmented.SegmentedRaftLogWorker (SegmentedRaftLogWorker.java:<init>(187)) - new om1@group-C5BA1605619E-SegmentedRaftLogWorker for RaftStorageImpl:Storage Directory /home/runner/work/ozone/ozone/hadoop-ozone/integration-test/target/test-dir/MiniOzoneClusterImpl-ee856cd1-984e-43cb-9579-cb3e6fd39ea6/ozone-meta/ratis/bf265839-605b-3f16-9796-c5ba1605619e
2022-08-04 23:31:00,515 [pool-349-thread-1] INFO  server.RaftServerConfigKeys (ConfUtils.java:logGet(46)) - raft.server.log.queue.byte-limit = 64MB (=67108864) (default)
2022-08-04 23:31:00,515 [pool-349-thread-1] INFO  server.RaftServerConfigKeys (ConfUtils.java:logGet(46)) - raft.server.log.queue.element-limit = 4096 (default)
2022-08-04 23:31:00,515 [pool-349-thread-1] INFO  server.RaftServerConfigKeys (ConfUtils.java:logGet(46)) - raft.server.log.segment.size.max = 4194304 (custom)
2022-08-04 23:31:00,515 [pool-349-thread-1] INFO  server.RaftServerConfigKeys (ConfUtils.java:logGet(46)) - raft.server.log.preallocated.size = 4194304 (custom)
2022-08-04 23:31:00,515 [pool-349-thread-1] INFO  server.RaftServerConfigKeys (ConfUtils.java:logGet(46)) - raft.server.log.force.sync.num = 128 (default)
2022-08-04 23:31:00,515 [pool-349-thread-1] INFO  server.RaftServerConfigKeys (ConfUtils.java:logGet(46)) - raft.server.log.statemachine.data.sync = true (default)
2022-08-04 23:31:00,515 [pool-349-thread-1] INFO  server.RaftServerConfigKeys (ConfUtils.java:logGet(46)) - raft.server.log.statemachine.data.sync.timeout = 10s (default)
2022-08-04 23:31:00,515 [pool-349-thread-1] INFO  server.RaftServerConfigKeys (ConfUtils.java:logGet(46)) - raft.server.log.statemachine.data.sync.timeout.retry = -1 (default)
2022-08-04 23:31:00,516 [pool-349-thread-1] INFO  server.RaftServerConfigKeys (ConfUtils.java:logGet(46)) - raft.server.log.write.buffer.size = 64KB (=65536) (default)
2022-08-04 23:31:00,516 [pool-349-thread-1] INFO  server.RaftServerConfigKeys (ConfUtils.java:logGet(46)) - raft.server.log.unsafe-flush.enabled = false (default)
2022-08-04 23:31:00,516 [pool-349-thread-1] INFO  server.RaftServerConfigKeys (ConfUtils.java:logGet(46)) - raft.server.log.statemachine.data.caching.enabled = false (default)
2022-08-04 23:31:00,516 [pool-349-thread-1] INFO  segmented.SegmentedRaftLogWorker (SegmentedRaftLogWorker.java:lambda$new$0(135)) - om1@group-C5BA1605619E-SegmentedRaftLogWorker: flushIndex: setUnconditionally 0 -> -1
2022-08-04 23:31:00,516 [pool-349-thread-1] INFO  segmented.SegmentedRaftLogWorker (SegmentedRaftLogWorker.java:lambda$new$0(135)) - om1@group-C5BA1605619E-SegmentedRaftLogWorker: safeCacheEvictIndex: setUnconditionally 0 -> -1
2022-08-04 23:31:00,535 [pool-349-thread-1] INFO  server.RaftServerConfigKeys (ConfUtils.java:logGet(46)) - raft.server.snapshot.auto.trigger.enabled = true (custom)
2022-08-04 23:31:00,535 [pool-349-thread-1] INFO  server.RaftServerConfigKeys (ConfUtils.java:logGet(46)) - raft.server.snapshot.auto.trigger.threshold = 400000 (default)
2022-08-04 23:31:00,535 [pool-349-thread-1] INFO  server.RaftServerConfigKeys (ConfUtils.java:logGet(46)) - raft.server.snapshot.retention.file.num = -1 (default)
2022-08-04 23:31:00,535 [pool-349-thread-1] INFO  server.RaftServerConfigKeys (ConfUtils.java:logGet(46)) - raft.server.log.purge.upto.snapshot.index = true (custom)
2022-08-04 23:31:00,535 [pool-349-thread-1] INFO  server.RaftServerConfigKeys (ConfUtils.java:logGet(46)) - raft.server.retrycache.expirytime = 300s (custom)
2022-08-04 23:31:00,535 [pool-349-thread-1] INFO  server.RaftServerConfigKeys (ConfUtils.java:logGet(46)) - raft.server.retrycache.statistics.expirytime = 100μs (default)
2022-08-04 23:31:00,536 [pool-349-thread-1] INFO  server.RaftServerConfigKeys (ConfUtils.java:logGet(46)) - raft.server.log.appender.install.snapshot.enabled = false (custom)
2022-08-04 23:31:00,536 [pool-349-thread-1] INFO  server.RaftServerConfigKeys (ConfUtils.java:logGet(46)) - raft.server.threadpool.server.cached = true (default)
2022-08-04 23:31:00,536 [pool-349-thread-1] INFO  server.RaftServerConfigKeys (ConfUtils.java:logGet(46)) - raft.server.threadpool.server.size = 0 (default)
2022-08-04 23:31:00,536 [pool-349-thread-1] INFO  server.RaftServerConfigKeys (ConfUtils.java:logGet(46)) - raft.server.threadpool.client.cached = true (default)
2022-08-04 23:31:00,536 [pool-349-thread-1] INFO  server.RaftServerConfigKeys (ConfUtils.java:logGet(46)) - raft.server.threadpool.client.size = 0 (default)
2022-08-04 23:31:01,299 [Listener at 0.0.0.0/46703] INFO  reflections.Reflections (Reflections.java:scan(232)) - Reflections took 798 ms to scan 19 urls, producing 67 keys and 4141 values [using 2 cores]
2022-08-04 23:31:01,301 [Listener at 0.0.0.0/46703] INFO  ipc.CallQueueManager (CallQueueManager.java:<init>(90)) - Using callQueue: class java.util.concurrent.LinkedBlockingQueue, queueCapacity: 2000, scheduler: class org.apache.hadoop.ipc.DefaultRpcScheduler, ipcBackoff: false.
2022-08-04 23:31:01,303 [Socket Reader #1 for port 0] INFO  ipc.Server (Server.java:run(1265)) - Starting Socket Reader #1 for port 0
2022-08-04 23:31:01,362 [Listener at 127.0.0.1/45741] INFO  impl.MetricsSystemImpl (MetricsSystemImpl.java:init(158)) - OzoneManager metrics system started (again)
2022-08-04 23:31:01,391 [Listener at 127.0.0.1/45741] INFO  om.OzoneManager (OzoneManager.java:start(1469)) - OzoneManager RPC server is listening at localhost/127.0.0.1:45741
2022-08-04 23:31:01,391 [Listener at 127.0.0.1/45741] INFO  ratis.OzoneManagerRatisServer (OzoneManagerRatisServer.java:start(554)) - Starting OzoneManagerRatisServer om1 at port 9872
2022-08-04 23:31:01,395 [om1-impl-thread1] INFO  server.RaftServer$Division (RaftServerImpl.java:start(310)) - om1@group-C5BA1605619E: start as a follower, conf=-1: [om1|rpc:localhost:9872|priority:0], old=null
2022-08-04 23:31:01,395 [om1-impl-thread1] INFO  server.RaftServer$Division (RaftServerImpl.java:setRole(299)) - om1@group-C5BA1605619E: changes role from      null to FOLLOWER at term 0 for startAsFollower
2022-08-04 23:31:01,395 [om1-impl-thread1] INFO  impl.RoleInfo (RoleInfo.java:updateAndGet(139)) - om1: start om1@group-C5BA1605619E-FollowerState
2022-08-04 23:31:01,407 [om1-impl-thread1] INFO  util.JmxRegister (JmxRegister.java:tryRegister(44)) - Successfully registered JMX Bean with object name Ratis:service=RaftServer,group=group-C5BA1605619E,id=om1
2022-08-04 23:31:01,412 [Listener at 127.0.0.1/45741] INFO  server.RaftServer (RaftServerProxy.java:lambda$start$6(382)) - om1: start RPC server
2022-08-04 23:31:01,457 [Listener at 127.0.0.1/45741] INFO  server.GrpcService (GrpcService.java:startImpl(260)) - om1: GrpcService started, listening on 9872
2022-08-04 23:31:01,458 [Listener at 127.0.0.1/45741] INFO  om.OzoneManager (OzoneManager.java:start(1485)) - Version File has different layout version (3) than OM DB (null). That is expected if this OM has never been finalized to a newer layout version.
2022-08-04 23:31:01,458 [org.apache.ratis.util.JvmPauseMonitor$$Lambda$682/1302746218@44d58d15] INFO  util.JvmPauseMonitor (JvmPauseMonitor.java:run(103)) - JvmPauseMonitor-om1: Started
2022-08-04 23:31:01,471 [Listener at 127.0.0.1/45741] INFO  http.BaseHttpServer (BaseHttpServer.java:newHttpServer2BuilderForOzone(209)) - Starting Web-server for ozoneManager at: http://0.0.0.0:0
2022-08-04 23:31:01,471 [Listener at 127.0.0.1/45741] INFO  http.BaseHttpServer (BaseHttpServer.java:<init>(107)) - Hadoop Security Enabled: false Ozone Security Enabled: false Ozone HTTP Security Enabled: false 
2022-08-04 23:31:01,472 [Listener at 127.0.0.1/45741] INFO  server.AuthenticationFilter (AuthenticationFilter.java:constructSecretProvider(240)) - Unable to initialize FileSignerSecretProvider, falling back to use random secrets.
2022-08-04 23:31:01,503 [Listener at 127.0.0.1/45741] WARN  http.HttpRequestLog (HttpRequestLog.java:getRequestLog(103)) - Jetty request log can only be enabled using Log4j
2022-08-04 23:31:01,504 [Listener at 127.0.0.1/45741] INFO  http.HttpServer2 (HttpServer2.java:addGlobalFilter(1029)) - Added global filter 'safety' (class=org.apache.hadoop.hdds.server.http.HttpServer2$QuotingInputFilter)
2022-08-04 23:31:01,505 [Listener at 127.0.0.1/45741] INFO  http.HttpServer2 (HttpServer2.java:addFilter(1005)) - Added filter static_user_filter (class=org.apache.hadoop.http.lib.StaticUserWebFilter$StaticUserFilter) to context ozoneManager
2022-08-04 23:31:01,505 [Listener at 127.0.0.1/45741] INFO  http.HttpServer2 (HttpServer2.java:addFilter(1013)) - Added filter static_user_filter (class=org.apache.hadoop.http.lib.StaticUserWebFilter$StaticUserFilter) to context static
2022-08-04 23:31:01,505 [Listener at 127.0.0.1/45741] INFO  http.HttpServer2 (HttpServer2.java:addFilter(1013)) - Added filter static_user_filter (class=org.apache.hadoop.http.lib.StaticUserWebFilter$StaticUserFilter) to context logs
2022-08-04 23:31:01,506 [Listener at 127.0.0.1/45741] INFO  http.HttpServer2 (HttpServer2.java:bindListener(1248)) - Jetty bound to port 40187
2022-08-04 23:31:01,506 [Listener at 127.0.0.1/45741] INFO  server.Server (Server.java:doStart(375)) - jetty-9.4.43.v20210629; built: 2021-06-30T11:07:22.254Z; git: 526006ecfa3af7f1a27ef3a288e2bef7ea9dd7e8; jvm 1.8.0_332-b09
2022-08-04 23:31:01,556 [Listener at 127.0.0.1/45741] INFO  server.session (DefaultSessionIdManager.java:doStart(334)) - DefaultSessionIdManager workerName=node0
2022-08-04 23:31:01,556 [Listener at 127.0.0.1/45741] INFO  server.session (DefaultSessionIdManager.java:doStart(339)) - No SessionScavenger set, using defaults
2022-08-04 23:31:01,556 [Listener at 127.0.0.1/45741] INFO  server.session (HouseKeeper.java:startScavenging(132)) - node0 Scavenging every 660000ms
2022-08-04 23:31:01,567 [Listener at 127.0.0.1/45741] INFO  handler.ContextHandler (ContextHandler.java:doStart(915)) - Started o.e.j.s.ServletContextHandler@555c0290{logs,/logs,file:///home/runner/work/ozone/ozone/hadoop-ozone/integration-test/target/log,AVAILABLE}
2022-08-04 23:31:01,568 [Listener at 127.0.0.1/45741] INFO  handler.ContextHandler (ContextHandler.java:doStart(915)) - Started o.e.j.s.ServletContextHandler@35b82c4e{static,/static,file:///home/runner/work/ozone/ozone/hadoop-ozone/integration-test/target/test-classes/webapps/static,AVAILABLE}
2022-08-04 23:31:01,571 [Listener at 127.0.0.1/45741] INFO  handler.ContextHandler (ContextHandler.java:doStart(915)) - Started o.e.j.w.WebAppContext@e95b49{ozoneManager,/,file:///home/runner/work/ozone/ozone/hadoop-ozone/integration-test/target/test-classes/webapps/ozoneManager/,AVAILABLE}{file:/home/runner/work/ozone/ozone/hadoop-ozone/integration-test/target/test-classes/webapps/ozoneManager}
2022-08-04 23:31:01,587 [Listener at 127.0.0.1/45741] INFO  server.AbstractConnector (AbstractConnector.java:doStart(331)) - Started ServerConnector@5a0585d3{HTTP/1.1, (http/1.1)}{0.0.0.0:40187}
2022-08-04 23:31:01,587 [Listener at 127.0.0.1/45741] INFO  server.Server (Server.java:doStart(415)) - Started @86581ms
2022-08-04 23:31:01,587 [Listener at 127.0.0.1/45741] WARN  impl.MetricsSystemImpl (MetricsSystemImpl.java:register(279)) - Sink prometheus already exists!
2022-08-04 23:31:01,588 [Listener at 127.0.0.1/45741] INFO  http.BaseHttpServer (BaseHttpServer.java:updateConnectorAddress(329)) - HTTP server of ozoneManager listening at http://0.0.0.0:40187
2022-08-04 23:31:01,599 [IPC Server Responder] INFO  ipc.Server (Server.java:run(1507)) - IPC Server Responder: starting
2022-08-04 23:31:01,600 [IPC Server listener on 0] INFO  ipc.Server (Server.java:run(1344)) - IPC Server listener on 0: starting
2022-08-04 23:31:01,667 [Listener at 127.0.0.1/45741] INFO  om.OzoneManager (OzoneManager.java:startTrashEmptier(1906)) - Trash Interval set to 0. Files deleted won't move to trash
2022-08-04 23:31:01,700 [org.apache.hadoop.util.JvmPauseMonitor$Monitor@6f2f7397] INFO  util.JvmPauseMonitor (JvmPauseMonitor.java:run(188)) - Starting JVM pause monitor
2022-08-04 23:31:01,719 [Listener at 127.0.0.1/45741] WARN  impl.MetricRegistriesImpl (MetricRegistriesImpl.java:addReporterRegistration(111)) - New reporters are added after registries were created. Some metrics will be missing from the reporter. Please add reporter before adding any new registry.
2022-08-04 23:31:01,719 [Listener at 127.0.0.1/45741] WARN  impl.MetricRegistriesImpl (MetricRegistriesImpl.java:addReporterRegistration(111)) - New reporters are added after registries were created. Some metrics will be missing from the reporter. Please add reporter before adding any new registry.
2022-08-04 23:31:01,719 [Listener at 127.0.0.1/45741] INFO  impl.MetricsSystemImpl (MetricsSystemImpl.java:init(158)) - HddsDatanode metrics system started (again)
2022-08-04 23:31:01,741 [Listener at 127.0.0.1/45741] INFO  ozone.HddsDatanodeService (HddsDatanodeService.java:start(236)) - HddsDatanodeService host:fv-az241-597.bb25ywkzvhnelkltyshw0e441e.jx.internal.cloudapp.net ip:10.1.0.37
2022-08-04 23:31:01,784 [Listener at 127.0.0.1/45741] INFO  upgrade.AbstractLayoutVersionManager (AbstractLayoutVersionManager.java:init(83)) - Initializing Layout version manager with metadata layout = DATANODE_SCHEMA_V3 (version = 4), software layout = DATANODE_SCHEMA_V3 (version = 4)
2022-08-04 23:31:01,911 [Listener at 127.0.0.1/45741] INFO  reflections.Reflections (Reflections.java:scan(232)) - Reflections took 126 ms to scan 7 urls, producing 132 keys and 321 values 
2022-08-04 23:31:01,912 [Listener at 127.0.0.1/45741] INFO  statemachine.DatanodeStateMachine (DatanodeStateMachine.java:getEndPointTaskThreadPoolSize(237)) - Datanode State Machine Task Thread Pool size 2
2022-08-04 23:31:01,917 [Listener at 127.0.0.1/45741] INFO  volume.HddsVolume (HddsVolume.java:<init>(116)) - Creating HddsVolume: /home/runner/work/ozone/ozone/hadoop-ozone/integration-test/target/test-dir/MiniOzoneClusterImpl-ee856cd1-984e-43cb-9579-cb3e6fd39ea6/datanode-0/data-0/containers/hdds of storage type : DISK capacity : 9223372036854775807
2022-08-04 23:31:01,917 [Listener at 127.0.0.1/45741] INFO  volume.MutableVolumeSet (MutableVolumeSet.java:initializeVolumeSet(174)) - Added Volume : /home/runner/work/ozone/ozone/hadoop-ozone/integration-test/target/test-dir/MiniOzoneClusterImpl-ee856cd1-984e-43cb-9579-cb3e6fd39ea6/datanode-0/data-0/containers/hdds to VolumeSet
2022-08-04 23:31:01,917 [Listener at 127.0.0.1/45741] INFO  volume.ThrottledAsyncChecker (ThrottledAsyncChecker.java:schedule(141)) - Scheduling a check for /home/runner/work/ozone/ozone/hadoop-ozone/integration-test/target/test-dir/MiniOzoneClusterImpl-ee856cd1-984e-43cb-9579-cb3e6fd39ea6/datanode-0/data-0/containers/hdds
2022-08-04 23:31:01,918 [Listener at 127.0.0.1/45741] INFO  volume.StorageVolumeChecker (StorageVolumeChecker.java:checkAllVolumes(202)) - Scheduled health check for volume /home/runner/work/ozone/ozone/hadoop-ozone/integration-test/target/test-dir/MiniOzoneClusterImpl-ee856cd1-984e-43cb-9579-cb3e6fd39ea6/datanode-0/data-0/containers/hdds
2022-08-04 23:31:01,928 [Listener at 127.0.0.1/45741] INFO  volume.MutableVolumeSet (MutableVolumeSet.java:initializeVolumeSet(174)) - Added Volume : /home/runner/work/ozone/ozone/hadoop-ozone/integration-test/target/test-dir/MiniOzoneClusterImpl-ee856cd1-984e-43cb-9579-cb3e6fd39ea6/datanode-0/data/ratis to VolumeSet
2022-08-04 23:31:01,928 [Listener at 127.0.0.1/45741] INFO  volume.ThrottledAsyncChecker (ThrottledAsyncChecker.java:schedule(141)) - Scheduling a check for /home/runner/work/ozone/ozone/hadoop-ozone/integration-test/target/test-dir/MiniOzoneClusterImpl-ee856cd1-984e-43cb-9579-cb3e6fd39ea6/datanode-0/data/ratis
2022-08-04 23:31:01,928 [Listener at 127.0.0.1/45741] INFO  volume.StorageVolumeChecker (StorageVolumeChecker.java:checkAllVolumes(202)) - Scheduled health check for volume /home/runner/work/ozone/ozone/hadoop-ozone/integration-test/target/test-dir/MiniOzoneClusterImpl-ee856cd1-984e-43cb-9579-cb3e6fd39ea6/datanode-0/data/ratis
2022-08-04 23:31:01,958 [Thread-693] INFO  ozoneimpl.ContainerReader (ContainerReader.java:readVolume(175)) - Finish verifying containers on volume /home/runner/work/ozone/ozone/hadoop-ozone/integration-test/target/test-dir/MiniOzoneClusterImpl-ee856cd1-984e-43cb-9579-cb3e6fd39ea6/datanode-0/data-0/containers/hdds
2022-08-04 23:31:01,958 [Listener at 127.0.0.1/45741] INFO  ozoneimpl.OzoneContainer (OzoneContainer.java:buildContainerSet(299)) - Build ContainerSet costs 0s
2022-08-04 23:31:01,965 [Listener at 127.0.0.1/45741] INFO  server.RaftServer (ConfUtils.java:logGet(46)) - raft.rpc.type = GRPC (default)
2022-08-04 23:31:01,965 [Listener at 127.0.0.1/45741] INFO  grpc.GrpcFactory (GrpcFactory.java:checkPooledByteBufAllocatorUseCacheForAllThreads(48)) - PERFORMANCE WARNING: useCacheForAllThreads is true that may cause Netty to create a lot garbage objects and, as a result, trigger GC.
	It is recommended to disable useCacheForAllThreads by setting -Dorg.apache.ratis.thirdparty.io.netty.allocator.useCacheForAllThreads=false in command line.
2022-08-04 23:31:01,965 [Listener at 127.0.0.1/45741] INFO  grpc.GrpcConfigKeys (ConfUtils.java:logGet(46)) - raft.grpc.admin.port = 0 (custom)
2022-08-04 23:31:01,965 [Listener at 127.0.0.1/45741] INFO  grpc.GrpcConfigKeys (ConfUtils.java:logGet(46)) - raft.grpc.client.port = 0 (custom)
2022-08-04 23:31:01,965 [Listener at 127.0.0.1/45741] INFO  grpc.GrpcConfigKeys (ConfUtils.java:logGet(46)) - raft.grpc.server.port = 0 (default)
2022-08-04 23:31:01,965 [Listener at 127.0.0.1/45741] INFO  server.GrpcService (ConfUtils.java:logGet(46)) - raft.grpc.message.size.max = 32MB (=33554432) (custom)
2022-08-04 23:31:01,965 [Listener at 127.0.0.1/45741] INFO  server.RaftServerConfigKeys (ConfUtils.java:logGet(46)) - raft.server.log.appender.buffer.byte-limit = 33554432 (custom)
2022-08-04 23:31:01,965 [Listener at 127.0.0.1/45741] INFO  server.GrpcService (ConfUtils.java:logGet(46)) - raft.grpc.flow.control.window = 5MB (=5242880) (custom)
2022-08-04 23:31:01,966 [Listener at 127.0.0.1/45741] INFO  server.RaftServerConfigKeys (ConfUtils.java:logGet(46)) - raft.server.rpc.request.timeout = 60s (custom)
2022-08-04 23:31:01,966 [Listener at 127.0.0.1/45741] INFO  grpc.GrpcConfigKeys (ConfUtils.java:logGet(46)) - raft.grpc.server.async.request.thread.pool.cached = true (default)
2022-08-04 23:31:01,966 [Listener at 127.0.0.1/45741] INFO  grpc.GrpcConfigKeys (ConfUtils.java:logGet(46)) - raft.grpc.server.async.request.thread.pool.size = 32 (default)
2022-08-04 23:31:01,967 [Listener at 127.0.0.1/45741] INFO  impl.DataStreamServerImpl (ConfUtils.java:logGet(46)) - raft.datastream.type = DISABLED (default)
2022-08-04 23:31:01,967 [Listener at 127.0.0.1/45741] INFO  server.RaftServerConfigKeys (ConfUtils.java:logGet(46)) - raft.server.threadpool.proxy.cached = true (default)
2022-08-04 23:31:01,971 [Listener at 127.0.0.1/45741] INFO  server.RaftServerConfigKeys (ConfUtils.java:logGet(46)) - raft.server.threadpool.proxy.size = 0 (default)
2022-08-04 23:31:01,971 [Listener at 127.0.0.1/45741] INFO  server.RaftServerConfigKeys (ConfUtils.java:logGet(46)) - raft.server.rpc.slowness.timeout = 300s (custom)
2022-08-04 23:31:01,972 [Listener at 127.0.0.1/45741] INFO  server.RaftServerConfigKeys (ConfUtils.java:logGet(46)) - raft.server.leaderelection.leader.step-down.wait-time = 10s (default)
2022-08-04 23:31:01,972 [Listener at 127.0.0.1/45741] INFO  server.RaftServerConfigKeys (ConfUtils.java:logGet(46)) - raft.server.storage.dir = [/home/runner/work/ozone/ozone/hadoop-ozone/integration-test/target/test-dir/MiniOzoneClusterImpl-ee856cd1-984e-43cb-9579-cb3e6fd39ea6/datanode-0/data/ratis] (custom)
2022-08-04 23:31:01,984 [Listener at 127.0.0.1/45741] INFO  server.XceiverServerGrpc (XceiverServerGrpc.java:<init>(132)) - GrpcServer channel type EpollServerSocketChannel
2022-08-04 23:31:02,000 [Listener at 127.0.0.1/45741] INFO  http.BaseHttpServer (BaseHttpServer.java:newHttpServer2BuilderForOzone(209)) - Starting Web-server for hddsDatanode at: http://0.0.0.0:0
2022-08-04 23:31:02,000 [Listener at 127.0.0.1/45741] INFO  http.BaseHttpServer (BaseHttpServer.java:<init>(107)) - Hadoop Security Enabled: false Ozone Security Enabled: false Ozone HTTP Security Enabled: false 
2022-08-04 23:31:02,001 [Listener at 127.0.0.1/45741] INFO  server.AuthenticationFilter (AuthenticationFilter.java:constructSecretProvider(240)) - Unable to initialize FileSignerSecretProvider, falling back to use random secrets.
2022-08-04 23:31:02,007 [Listener at 127.0.0.1/45741] WARN  http.HttpRequestLog (HttpRequestLog.java:getRequestLog(103)) - Jetty request log can only be enabled using Log4j
2022-08-04 23:31:02,008 [Listener at 127.0.0.1/45741] INFO  http.HttpServer2 (HttpServer2.java:addGlobalFilter(1029)) - Added global filter 'safety' (class=org.apache.hadoop.hdds.server.http.HttpServer2$QuotingInputFilter)
2022-08-04 23:31:02,009 [Listener at 127.0.0.1/45741] INFO  http.HttpServer2 (HttpServer2.java:addFilter(1005)) - Added filter static_user_filter (class=org.apache.hadoop.http.lib.StaticUserWebFilter$StaticUserFilter) to context hddsDatanode
2022-08-04 23:31:02,009 [Listener at 127.0.0.1/45741] INFO  http.HttpServer2 (HttpServer2.java:addFilter(1013)) - Added filter static_user_filter (class=org.apache.hadoop.http.lib.StaticUserWebFilter$StaticUserFilter) to context logs
2022-08-04 23:31:02,009 [Listener at 127.0.0.1/45741] INFO  http.HttpServer2 (HttpServer2.java:addFilter(1013)) - Added filter static_user_filter (class=org.apache.hadoop.http.lib.StaticUserWebFilter$StaticUserFilter) to context static
2022-08-04 23:31:02,010 [Listener at 127.0.0.1/45741] INFO  http.HttpServer2 (HttpServer2.java:bindListener(1248)) - Jetty bound to port 36885
2022-08-04 23:31:02,010 [Listener at 127.0.0.1/45741] INFO  server.Server (Server.java:doStart(375)) - jetty-9.4.43.v20210629; built: 2021-06-30T11:07:22.254Z; git: 526006ecfa3af7f1a27ef3a288e2bef7ea9dd7e8; jvm 1.8.0_332-b09
2022-08-04 23:31:02,023 [Listener at 127.0.0.1/45741] INFO  server.session (DefaultSessionIdManager.java:doStart(334)) - DefaultSessionIdManager workerName=node0
2022-08-04 23:31:02,023 [Listener at 127.0.0.1/45741] INFO  server.session (DefaultSessionIdManager.java:doStart(339)) - No SessionScavenger set, using defaults
2022-08-04 23:31:02,023 [Listener at 127.0.0.1/45741] INFO  server.session (HouseKeeper.java:startScavenging(132)) - node0 Scavenging every 600000ms
2022-08-04 23:31:02,024 [Listener at 127.0.0.1/45741] INFO  handler.ContextHandler (ContextHandler.java:doStart(915)) - Started o.e.j.s.ServletContextHandler@16a5b2ce{logs,/logs,file:///home/runner/work/ozone/ozone/hadoop-ozone/integration-test/target/log,AVAILABLE}
2022-08-04 23:31:02,025 [Listener at 127.0.0.1/45741] INFO  handler.ContextHandler (ContextHandler.java:doStart(915)) - Started o.e.j.s.ServletContextHandler@1f2f3133{static,/static,jar:file:/home/runner/.m2/repository/org/apache/ozone/hdds-container-service/1.3.0-SNAPSHOT/hdds-container-service-1.3.0-SNAPSHOT.jar!/webapps/static,AVAILABLE}
2022-08-04 23:31:02,437 [om1@group-C5BA1605619E-FollowerState] INFO  impl.FollowerState (FollowerState.java:run(143)) - om1@group-C5BA1605619E-FollowerState: change to CANDIDATE, lastRpcElapsedTime:1041319563ns, electionTimeout:1029ms
2022-08-04 23:31:02,459 [om1@group-C5BA1605619E-FollowerState] INFO  impl.RoleInfo (RoleInfo.java:shutdownFollowerState(110)) - om1: shutdown om1@group-C5BA1605619E-FollowerState
2022-08-04 23:31:02,459 [om1@group-C5BA1605619E-FollowerState] INFO  server.RaftServer$Division (RaftServerImpl.java:setRole(299)) - om1@group-C5BA1605619E: changes role from  FOLLOWER to CANDIDATE at term 0 for changeToCandidate
2022-08-04 23:31:02,460 [om1@group-C5BA1605619E-FollowerState] INFO  server.RaftServerConfigKeys (ConfUtils.java:logGet(46)) - raft.server.leaderelection.pre-vote = false (custom)
2022-08-04 23:31:02,460 [om1@group-C5BA1605619E-FollowerState] INFO  impl.RoleInfo (RoleInfo.java:updateAndGet(139)) - om1: start om1@group-C5BA1605619E-LeaderElection24
2022-08-04 23:31:02,478 [om1@group-C5BA1605619E-LeaderElection24] INFO  impl.LeaderElection (LeaderElection.java:askForVotes(310)) - om1@group-C5BA1605619E-LeaderElection24 ELECTION round 0: submit vote requests at term 1 for -1: [om1|rpc:localhost:9872|priority:0], old=null
2022-08-04 23:31:02,478 [om1@group-C5BA1605619E-LeaderElection24] INFO  impl.LeaderElection (LeaderElection.java:askForVotes(312)) - om1@group-C5BA1605619E-LeaderElection24 ELECTION round 0: result PASSED (term=1)
2022-08-04 23:31:02,478 [om1@group-C5BA1605619E-LeaderElection24] INFO  impl.RoleInfo (RoleInfo.java:shutdownLeaderElection(130)) - om1: shutdown om1@group-C5BA1605619E-LeaderElection24
2022-08-04 23:31:02,478 [om1@group-C5BA1605619E-LeaderElection24] INFO  server.RaftServer$Division (RaftServerImpl.java:setRole(299)) - om1@group-C5BA1605619E: changes role from CANDIDATE to LEADER at term 1 for changeToLeader
2022-08-04 23:31:02,478 [om1@group-C5BA1605619E-LeaderElection24] INFO  server.RaftServer$Division (ServerState.java:setLeader(287)) - om1@group-C5BA1605619E: change Leader from null to om1 at term 1 for becomeLeader, leader elected after 1964ms
2022-08-04 23:31:02,479 [om1@group-C5BA1605619E-LeaderElection24] INFO  server.RaftServerConfigKeys (ConfUtils.java:logGet(46)) - raft.server.staging.catchup.gap = 1000 (default)
2022-08-04 23:31:02,479 [om1@group-C5BA1605619E-LeaderElection24] INFO  server.RaftServerConfigKeys (ConfUtils.java:logGet(46)) - raft.server.write.element-limit = 4096 (default)
2022-08-04 23:31:02,479 [om1@group-C5BA1605619E-LeaderElection24] INFO  server.RaftServerConfigKeys (ConfUtils.java:logGet(46)) - raft.server.write.byte-limit = 64MB (=67108864) (default)
2022-08-04 23:31:02,479 [om1@group-C5BA1605619E-LeaderElection24] INFO  server.RaftServerConfigKeys (ConfUtils.java:logGet(46)) - raft.server.watch.timeout = 10s (default)
2022-08-04 23:31:02,479 [om1@group-C5BA1605619E-LeaderElection24] INFO  server.RaftServerConfigKeys (ConfUtils.java:logGet(46)) - raft.server.watch.timeout.denomination = 1s (default)
2022-08-04 23:31:02,479 [om1@group-C5BA1605619E-LeaderElection24] INFO  server.RaftServerConfigKeys (ConfUtils.java:logGet(46)) - raft.server.watch.element-limit = 65536 (default)
2022-08-04 23:31:02,479 [om1@group-C5BA1605619E-LeaderElection24] INFO  server.RaftServerConfigKeys (ConfUtils.java:logGet(46)) - raft.server.write.element-limit = 4096 (default)
2022-08-04 23:31:02,479 [om1@group-C5BA1605619E-LeaderElection24] INFO  server.RaftServerConfigKeys (ConfUtils.java:logGet(46)) - raft.server.write.follower.gap.ratio.max = -1.0 (default)
2022-08-04 23:31:02,480 [om1@group-C5BA1605619E-LeaderElection24] INFO  impl.RoleInfo (RoleInfo.java:updateAndGet(139)) - om1: start om1@group-C5BA1605619E-LeaderStateImpl
2022-08-04 23:31:02,480 [om1@group-C5BA1605619E-LeaderElection24] INFO  segmented.SegmentedRaftLogWorker (SegmentedRaftLogWorker.java:startLogSegment(425)) - om1@group-C5BA1605619E-SegmentedRaftLogWorker: Starting segment from index:0
2022-08-04 23:31:02,492 [om1@group-C5BA1605619E-SegmentedRaftLogWorker] INFO  segmented.SegmentedRaftLogWorker (SegmentedRaftLogWorker.java:execute(629)) - om1@group-C5BA1605619E-SegmentedRaftLogWorker: created new log segment /home/runner/work/ozone/ozone/hadoop-ozone/integration-test/target/test-dir/MiniOzoneClusterImpl-ee856cd1-984e-43cb-9579-cb3e6fd39ea6/ozone-meta/ratis/bf265839-605b-3f16-9796-c5ba1605619e/current/log_inprogress_0
2022-08-04 23:31:02,515 [om1@group-C5BA1605619E-LeaderElection24] INFO  server.RaftServer$Division (ServerState.java:setRaftConf(393)) - om1@group-C5BA1605619E: set configuration 0: [om1|rpc:localhost:9872|admin:|client:|dataStream:|priority:0], old=null
2022-08-04 23:31:02,531 [om1@group-C5BA1605619E-StateMachineUpdater] INFO  ratis.OzoneManagerStateMachine (OzoneManagerStateMachine.java:notifyConfigurationChanged(192)) - Received Configuration change notification from Ratis. New Peer list:
[id: "om1"
address: "localhost:9872"
]
2022-08-04 23:31:02,597 [Listener at 127.0.0.1/45741] INFO  handler.ContextHandler (ContextHandler.java:doStart(915)) - Started o.e.j.w.WebAppContext@51623da1{hddsDatanode,/,file:///tmp/jetty-0_0_0_0-36885-hdds-container-service-1_3_0-SNAPSHOT_jar-_-any-8818021066753134927/webapp/,AVAILABLE}{jar:file:/home/runner/.m2/repository/org/apache/ozone/hdds-container-service/1.3.0-SNAPSHOT/hdds-container-service-1.3.0-SNAPSHOT.jar!/webapps/hddsDatanode}
2022-08-04 23:31:02,611 [Listener at 127.0.0.1/45741] INFO  server.AbstractConnector (AbstractConnector.java:doStart(331)) - Started ServerConnector@3833da6f{HTTP/1.1, (http/1.1)}{0.0.0.0:36885}
2022-08-04 23:31:02,612 [Listener at 127.0.0.1/45741] INFO  server.Server (Server.java:doStart(415)) - Started @87605ms
2022-08-04 23:31:02,612 [Listener at 127.0.0.1/45741] WARN  impl.MetricsSystemImpl (MetricsSystemImpl.java:register(279)) - Sink prometheus already exists!
2022-08-04 23:31:02,612 [Listener at 127.0.0.1/45741] INFO  http.BaseHttpServer (BaseHttpServer.java:updateConnectorAddress(329)) - HTTP server of hddsDatanode listening at http://0.0.0.0:36885
2022-08-04 23:31:02,616 [Listener at 127.0.0.1/45741] WARN  impl.MetricRegistriesImpl (MetricRegistriesImpl.java:addReporterRegistration(111)) - New reporters are added after registries were created. Some metrics will be missing from the reporter. Please add reporter before adding any new registry.
2022-08-04 23:31:02,616 [Listener at 127.0.0.1/45741] WARN  impl.MetricRegistriesImpl (MetricRegistriesImpl.java:addReporterRegistration(111)) - New reporters are added after registries were created. Some metrics will be missing from the reporter. Please add reporter before adding any new registry.
2022-08-04 23:31:02,616 [Listener at 127.0.0.1/45741] INFO  impl.MetricsSystemImpl (MetricsSystemImpl.java:init(158)) - HddsDatanode metrics system started (again)
2022-08-04 23:31:02,624 [Datanode State Machine Daemon Thread] INFO  statemachine.DatanodeStateMachine (DatanodeStateMachine.java:lambda$startDaemon$0(492)) - Ozone container server started.
2022-08-04 23:31:02,628 [Listener at 127.0.0.1/45741] INFO  ozone.HddsDatanodeService (HddsDatanodeService.java:start(236)) - HddsDatanodeService host:fv-az241-597.bb25ywkzvhnelkltyshw0e441e.jx.internal.cloudapp.net ip:10.1.0.37
2022-08-04 23:31:02,639 [org.apache.hadoop.util.JvmPauseMonitor$Monitor@4e65e6f7] INFO  util.JvmPauseMonitor (JvmPauseMonitor.java:run(188)) - Starting JVM pause monitor
2022-08-04 23:31:02,659 [Datanode State Machine Task Thread - 0] INFO  datanode.InitDatanodeState (InitDatanodeState.java:persistContainerDatanodeDetails(138)) - DatanodeDetails is persisted to /home/runner/work/ozone/ozone/hadoop-ozone/integration-test/target/test-dir/MiniOzoneClusterImpl-ee856cd1-984e-43cb-9579-cb3e6fd39ea6/datanode-0/meta/datanode.id
2022-08-04 23:31:02,696 [Listener at 127.0.0.1/45741] INFO  upgrade.AbstractLayoutVersionManager (AbstractLayoutVersionManager.java:init(83)) - Initializing Layout version manager with metadata layout = DATANODE_SCHEMA_V3 (version = 4), software layout = DATANODE_SCHEMA_V3 (version = 4)
2022-08-04 23:31:02,854 [Listener at 127.0.0.1/45741] INFO  reflections.Reflections (Reflections.java:scan(232)) - Reflections took 157 ms to scan 7 urls, producing 132 keys and 321 values 
2022-08-04 23:31:02,855 [Listener at 127.0.0.1/45741] INFO  statemachine.DatanodeStateMachine (DatanodeStateMachine.java:getEndPointTaskThreadPoolSize(237)) - Datanode State Machine Task Thread Pool size 2
2022-08-04 23:31:02,868 [Listener at 127.0.0.1/45741] INFO  volume.HddsVolume (HddsVolume.java:<init>(116)) - Creating HddsVolume: /home/runner/work/ozone/ozone/hadoop-ozone/integration-test/target/test-dir/MiniOzoneClusterImpl-ee856cd1-984e-43cb-9579-cb3e6fd39ea6/datanode-1/data-0/containers/hdds of storage type : DISK capacity : 9223372036854775807
2022-08-04 23:31:02,868 [Listener at 127.0.0.1/45741] INFO  volume.MutableVolumeSet (MutableVolumeSet.java:initializeVolumeSet(174)) - Added Volume : /home/runner/work/ozone/ozone/hadoop-ozone/integration-test/target/test-dir/MiniOzoneClusterImpl-ee856cd1-984e-43cb-9579-cb3e6fd39ea6/datanode-1/data-0/containers/hdds to VolumeSet
2022-08-04 23:31:02,868 [Listener at 127.0.0.1/45741] INFO  volume.ThrottledAsyncChecker (ThrottledAsyncChecker.java:schedule(141)) - Scheduling a check for /home/runner/work/ozone/ozone/hadoop-ozone/integration-test/target/test-dir/MiniOzoneClusterImpl-ee856cd1-984e-43cb-9579-cb3e6fd39ea6/datanode-1/data-0/containers/hdds
2022-08-04 23:31:02,887 [Listener at 127.0.0.1/45741] INFO  volume.StorageVolumeChecker (StorageVolumeChecker.java:checkAllVolumes(202)) - Scheduled health check for volume /home/runner/work/ozone/ozone/hadoop-ozone/integration-test/target/test-dir/MiniOzoneClusterImpl-ee856cd1-984e-43cb-9579-cb3e6fd39ea6/datanode-1/data-0/containers/hdds
2022-08-04 23:31:02,902 [Listener at 127.0.0.1/45741] INFO  volume.MutableVolumeSet (MutableVolumeSet.java:initializeVolumeSet(174)) - Added Volume : /home/runner/work/ozone/ozone/hadoop-ozone/integration-test/target/test-dir/MiniOzoneClusterImpl-ee856cd1-984e-43cb-9579-cb3e6fd39ea6/datanode-1/data/ratis to VolumeSet
2022-08-04 23:31:02,902 [Listener at 127.0.0.1/45741] INFO  volume.ThrottledAsyncChecker (ThrottledAsyncChecker.java:schedule(141)) - Scheduling a check for /home/runner/work/ozone/ozone/hadoop-ozone/integration-test/target/test-dir/MiniOzoneClusterImpl-ee856cd1-984e-43cb-9579-cb3e6fd39ea6/datanode-1/data/ratis
2022-08-04 23:31:02,907 [Listener at 127.0.0.1/45741] INFO  volume.StorageVolumeChecker (StorageVolumeChecker.java:checkAllVolumes(202)) - Scheduled health check for volume /home/runner/work/ozone/ozone/hadoop-ozone/integration-test/target/test-dir/MiniOzoneClusterImpl-ee856cd1-984e-43cb-9579-cb3e6fd39ea6/datanode-1/data/ratis
2022-08-04 23:31:02,917 [Thread-708] INFO  ozoneimpl.ContainerReader (ContainerReader.java:readVolume(175)) - Finish verifying containers on volume /home/runner/work/ozone/ozone/hadoop-ozone/integration-test/target/test-dir/MiniOzoneClusterImpl-ee856cd1-984e-43cb-9579-cb3e6fd39ea6/datanode-1/data-0/containers/hdds
2022-08-04 23:31:02,917 [Listener at 127.0.0.1/45741] INFO  ozoneimpl.OzoneContainer (OzoneContainer.java:buildContainerSet(299)) - Build ContainerSet costs 0s
2022-08-04 23:31:02,919 [Listener at 127.0.0.1/45741] INFO  server.RaftServer (ConfUtils.java:logGet(46)) - raft.rpc.type = GRPC (default)
2022-08-04 23:31:02,919 [Listener at 127.0.0.1/45741] INFO  grpc.GrpcFactory (GrpcFactory.java:checkPooledByteBufAllocatorUseCacheForAllThreads(48)) - PERFORMANCE WARNING: useCacheForAllThreads is true that may cause Netty to create a lot garbage objects and, as a result, trigger GC.
	It is recommended to disable useCacheForAllThreads by setting -Dorg.apache.ratis.thirdparty.io.netty.allocator.useCacheForAllThreads=false in command line.
2022-08-04 23:31:02,919 [Listener at 127.0.0.1/45741] INFO  grpc.GrpcConfigKeys (ConfUtils.java:logGet(46)) - raft.grpc.admin.port = 0 (custom)
2022-08-04 23:31:02,919 [Listener at 127.0.0.1/45741] INFO  grpc.GrpcConfigKeys (ConfUtils.java:logGet(46)) - raft.grpc.client.port = 0 (custom)
2022-08-04 23:31:02,920 [Listener at 127.0.0.1/45741] INFO  grpc.GrpcConfigKeys (ConfUtils.java:logGet(46)) - raft.grpc.server.port = 0 (default)
2022-08-04 23:31:02,920 [Listener at 127.0.0.1/45741] INFO  server.GrpcService (ConfUtils.java:logGet(46)) - raft.grpc.message.size.max = 32MB (=33554432) (custom)
2022-08-04 23:31:02,920 [Listener at 127.0.0.1/45741] INFO  server.RaftServerConfigKeys (ConfUtils.java:logGet(46)) - raft.server.log.appender.buffer.byte-limit = 33554432 (custom)
2022-08-04 23:31:02,920 [Listener at 127.0.0.1/45741] INFO  server.GrpcService (ConfUtils.java:logGet(46)) - raft.grpc.flow.control.window = 5MB (=5242880) (custom)
2022-08-04 23:31:02,920 [Listener at 127.0.0.1/45741] INFO  server.RaftServerConfigKeys (ConfUtils.java:logGet(46)) - raft.server.rpc.request.timeout = 60s (custom)
2022-08-04 23:31:02,920 [Listener at 127.0.0.1/45741] INFO  grpc.GrpcConfigKeys (ConfUtils.java:logGet(46)) - raft.grpc.server.async.request.thread.pool.cached = true (default)
2022-08-04 23:31:02,920 [Listener at 127.0.0.1/45741] INFO  grpc.GrpcConfigKeys (ConfUtils.java:logGet(46)) - raft.grpc.server.async.request.thread.pool.size = 32 (default)
2022-08-04 23:31:02,921 [Listener at 127.0.0.1/45741] INFO  impl.DataStreamServerImpl (ConfUtils.java:logGet(46)) - raft.datastream.type = DISABLED (default)
2022-08-04 23:31:02,922 [Listener at 127.0.0.1/45741] INFO  server.RaftServerConfigKeys (ConfUtils.java:logGet(46)) - raft.server.threadpool.proxy.cached = true (default)
2022-08-04 23:31:02,922 [Listener at 127.0.0.1/45741] INFO  server.RaftServerConfigKeys (ConfUtils.java:logGet(46)) - raft.server.threadpool.proxy.size = 0 (default)
2022-08-04 23:31:02,922 [Listener at 127.0.0.1/45741] INFO  server.RaftServerConfigKeys (ConfUtils.java:logGet(46)) - raft.server.rpc.slowness.timeout = 300s (custom)
2022-08-04 23:31:02,922 [Listener at 127.0.0.1/45741] INFO  server.RaftServerConfigKeys (ConfUtils.java:logGet(46)) - raft.server.leaderelection.leader.step-down.wait-time = 10s (default)
2022-08-04 23:31:02,922 [Listener at 127.0.0.1/45741] INFO  server.RaftServerConfigKeys (ConfUtils.java:logGet(46)) - raft.server.storage.dir = [/home/runner/work/ozone/ozone/hadoop-ozone/integration-test/target/test-dir/MiniOzoneClusterImpl-ee856cd1-984e-43cb-9579-cb3e6fd39ea6/datanode-1/data/ratis] (custom)
2022-08-04 23:31:02,923 [Listener at 127.0.0.1/45741] INFO  server.XceiverServerGrpc (XceiverServerGrpc.java:<init>(132)) - GrpcServer channel type EpollServerSocketChannel
2022-08-04 23:31:02,939 [Listener at 127.0.0.1/45741] INFO  http.BaseHttpServer (BaseHttpServer.java:newHttpServer2BuilderForOzone(209)) - Starting Web-server for hddsDatanode at: http://0.0.0.0:0
2022-08-04 23:31:02,939 [Listener at 127.0.0.1/45741] INFO  http.BaseHttpServer (BaseHttpServer.java:<init>(107)) - Hadoop Security Enabled: false Ozone Security Enabled: false Ozone HTTP Security Enabled: false 
2022-08-04 23:31:02,940 [Listener at 127.0.0.1/45741] INFO  server.AuthenticationFilter (AuthenticationFilter.java:constructSecretProvider(240)) - Unable to initialize FileSignerSecretProvider, falling back to use random secrets.
2022-08-04 23:31:02,941 [Listener at 127.0.0.1/45741] WARN  http.HttpRequestLog (HttpRequestLog.java:getRequestLog(103)) - Jetty request log can only be enabled using Log4j
2022-08-04 23:31:02,942 [Listener at 127.0.0.1/45741] INFO  http.HttpServer2 (HttpServer2.java:addGlobalFilter(1029)) - Added global filter 'safety' (class=org.apache.hadoop.hdds.server.http.HttpServer2$QuotingInputFilter)
2022-08-04 23:31:02,942 [Listener at 127.0.0.1/45741] INFO  http.HttpServer2 (HttpServer2.java:addFilter(1005)) - Added filter static_user_filter (class=org.apache.hadoop.http.lib.StaticUserWebFilter$StaticUserFilter) to context hddsDatanode
2022-08-04 23:31:02,943 [Listener at 127.0.0.1/45741] INFO  http.HttpServer2 (HttpServer2.java:addFilter(1013)) - Added filter static_user_filter (class=org.apache.hadoop.http.lib.StaticUserWebFilter$StaticUserFilter) to context logs
2022-08-04 23:31:02,943 [Listener at 127.0.0.1/45741] INFO  http.HttpServer2 (HttpServer2.java:addFilter(1013)) - Added filter static_user_filter (class=org.apache.hadoop.http.lib.StaticUserWebFilter$StaticUserFilter) to context static
2022-08-04 23:31:02,943 [Listener at 127.0.0.1/45741] INFO  http.HttpServer2 (HttpServer2.java:bindListener(1248)) - Jetty bound to port 44913
2022-08-04 23:31:02,943 [Listener at 127.0.0.1/45741] INFO  server.Server (Server.java:doStart(375)) - jetty-9.4.43.v20210629; built: 2021-06-30T11:07:22.254Z; git: 526006ecfa3af7f1a27ef3a288e2bef7ea9dd7e8; jvm 1.8.0_332-b09
2022-08-04 23:31:02,945 [Listener at 127.0.0.1/45741] INFO  server.session (DefaultSessionIdManager.java:doStart(334)) - DefaultSessionIdManager workerName=node0
2022-08-04 23:31:02,945 [Listener at 127.0.0.1/45741] INFO  server.session (DefaultSessionIdManager.java:doStart(339)) - No SessionScavenger set, using defaults
2022-08-04 23:31:02,945 [Listener at 127.0.0.1/45741] INFO  server.session (HouseKeeper.java:startScavenging(132)) - node0 Scavenging every 600000ms
2022-08-04 23:31:02,946 [Listener at 127.0.0.1/45741] INFO  handler.ContextHandler (ContextHandler.java:doStart(915)) - Started o.e.j.s.ServletContextHandler@6d8b397a{logs,/logs,file:///home/runner/work/ozone/ozone/hadoop-ozone/integration-test/target/log,AVAILABLE}
2022-08-04 23:31:02,946 [Listener at 127.0.0.1/45741] INFO  handler.ContextHandler (ContextHandler.java:doStart(915)) - Started o.e.j.s.ServletContextHandler@5758066b{static,/static,jar:file:/home/runner/.m2/repository/org/apache/ozone/hdds-container-service/1.3.0-SNAPSHOT/hdds-container-service-1.3.0-SNAPSHOT.jar!/webapps/static,AVAILABLE}
2022-08-04 23:31:03,313 [Listener at 127.0.0.1/45741] INFO  handler.ContextHandler (ContextHandler.java:doStart(915)) - Started o.e.j.w.WebAppContext@7d793aa0{hddsDatanode,/,file:///tmp/jetty-0_0_0_0-44913-hdds-container-service-1_3_0-SNAPSHOT_jar-_-any-1699224808149712689/webapp/,AVAILABLE}{jar:file:/home/runner/.m2/repository/org/apache/ozone/hdds-container-service/1.3.0-SNAPSHOT/hdds-container-service-1.3.0-SNAPSHOT.jar!/webapps/hddsDatanode}
2022-08-04 23:31:03,316 [Listener at 127.0.0.1/45741] INFO  server.AbstractConnector (AbstractConnector.java:doStart(331)) - Started ServerConnector@4a8e78c0{HTTP/1.1, (http/1.1)}{0.0.0.0:44913}
2022-08-04 23:31:03,316 [Listener at 127.0.0.1/45741] INFO  server.Server (Server.java:doStart(415)) - Started @88310ms
2022-08-04 23:31:03,316 [Listener at 127.0.0.1/45741] WARN  impl.MetricsSystemImpl (MetricsSystemImpl.java:register(279)) - Sink prometheus already exists!
2022-08-04 23:31:03,317 [Listener at 127.0.0.1/45741] INFO  http.BaseHttpServer (BaseHttpServer.java:updateConnectorAddress(329)) - HTTP server of hddsDatanode listening at http://0.0.0.0:44913
2022-08-04 23:31:03,331 [Listener at 127.0.0.1/45741] WARN  impl.MetricRegistriesImpl (MetricRegistriesImpl.java:addReporterRegistration(111)) - New reporters are added after registries were created. Some metrics will be missing from the reporter. Please add reporter before adding any new registry.
2022-08-04 23:31:03,332 [Listener at 127.0.0.1/45741] WARN  impl.MetricRegistriesImpl (MetricRegistriesImpl.java:addReporterRegistration(111)) - New reporters are added after registries were created. Some metrics will be missing from the reporter. Please add reporter before adding any new registry.
2022-08-04 23:31:03,332 [Listener at 127.0.0.1/45741] INFO  impl.MetricsSystemImpl (MetricsSystemImpl.java:init(158)) - HddsDatanode metrics system started (again)
2022-08-04 23:31:03,350 [Datanode State Machine Daemon Thread] INFO  statemachine.DatanodeStateMachine (DatanodeStateMachine.java:lambda$startDaemon$0(492)) - Ozone container server started.
2022-08-04 23:31:03,414 [Listener at 127.0.0.1/45741] INFO  ozone.HddsDatanodeService (HddsDatanodeService.java:start(236)) - HddsDatanodeService host:fv-az241-597.bb25ywkzvhnelkltyshw0e441e.jx.internal.cloudapp.net ip:10.1.0.37
2022-08-04 23:31:03,415 [org.apache.hadoop.util.JvmPauseMonitor$Monitor@638eba67] INFO  util.JvmPauseMonitor (JvmPauseMonitor.java:run(188)) - Starting JVM pause monitor
2022-08-04 23:31:03,442 [Datanode State Machine Task Thread - 0] INFO  datanode.InitDatanodeState (InitDatanodeState.java:persistContainerDatanodeDetails(138)) - DatanodeDetails is persisted to /home/runner/work/ozone/ozone/hadoop-ozone/integration-test/target/test-dir/MiniOzoneClusterImpl-ee856cd1-984e-43cb-9579-cb3e6fd39ea6/datanode-1/meta/datanode.id
2022-08-04 23:31:03,501 [Listener at 127.0.0.1/45741] INFO  upgrade.AbstractLayoutVersionManager (AbstractLayoutVersionManager.java:init(83)) - Initializing Layout version manager with metadata layout = DATANODE_SCHEMA_V3 (version = 4), software layout = DATANODE_SCHEMA_V3 (version = 4)
2022-08-04 23:31:03,610 [Listener at 127.0.0.1/45741] INFO  reflections.Reflections (Reflections.java:scan(232)) - Reflections took 108 ms to scan 7 urls, producing 132 keys and 321 values 
2022-08-04 23:31:03,614 [Listener at 127.0.0.1/45741] INFO  statemachine.DatanodeStateMachine (DatanodeStateMachine.java:getEndPointTaskThreadPoolSize(237)) - Datanode State Machine Task Thread Pool size 2
2022-08-04 23:31:03,615 [Listener at 127.0.0.1/45741] INFO  volume.HddsVolume (HddsVolume.java:<init>(116)) - Creating HddsVolume: /home/runner/work/ozone/ozone/hadoop-ozone/integration-test/target/test-dir/MiniOzoneClusterImpl-ee856cd1-984e-43cb-9579-cb3e6fd39ea6/datanode-2/data-0/containers/hdds of storage type : DISK capacity : 9223372036854775807
2022-08-04 23:31:03,616 [Listener at 127.0.0.1/45741] INFO  volume.MutableVolumeSet (MutableVolumeSet.java:initializeVolumeSet(174)) - Added Volume : /home/runner/work/ozone/ozone/hadoop-ozone/integration-test/target/test-dir/MiniOzoneClusterImpl-ee856cd1-984e-43cb-9579-cb3e6fd39ea6/datanode-2/data-0/containers/hdds to VolumeSet
2022-08-04 23:31:03,616 [Listener at 127.0.0.1/45741] INFO  volume.ThrottledAsyncChecker (ThrottledAsyncChecker.java:schedule(141)) - Scheduling a check for /home/runner/work/ozone/ozone/hadoop-ozone/integration-test/target/test-dir/MiniOzoneClusterImpl-ee856cd1-984e-43cb-9579-cb3e6fd39ea6/datanode-2/data-0/containers/hdds
2022-08-04 23:31:03,623 [Listener at 127.0.0.1/45741] INFO  volume.StorageVolumeChecker (StorageVolumeChecker.java:checkAllVolumes(202)) - Scheduled health check for volume /home/runner/work/ozone/ozone/hadoop-ozone/integration-test/target/test-dir/MiniOzoneClusterImpl-ee856cd1-984e-43cb-9579-cb3e6fd39ea6/datanode-2/data-0/containers/hdds
2022-08-04 23:31:03,650 [Listener at 127.0.0.1/45741] INFO  volume.MutableVolumeSet (MutableVolumeSet.java:initializeVolumeSet(174)) - Added Volume : /home/runner/work/ozone/ozone/hadoop-ozone/integration-test/target/test-dir/MiniOzoneClusterImpl-ee856cd1-984e-43cb-9579-cb3e6fd39ea6/datanode-2/data/ratis to VolumeSet
2022-08-04 23:31:03,650 [Listener at 127.0.0.1/45741] INFO  volume.ThrottledAsyncChecker (ThrottledAsyncChecker.java:schedule(141)) - Scheduling a check for /home/runner/work/ozone/ozone/hadoop-ozone/integration-test/target/test-dir/MiniOzoneClusterImpl-ee856cd1-984e-43cb-9579-cb3e6fd39ea6/datanode-2/data/ratis
2022-08-04 23:31:03,662 [Listener at 127.0.0.1/45741] INFO  volume.StorageVolumeChecker (StorageVolumeChecker.java:checkAllVolumes(202)) - Scheduled health check for volume /home/runner/work/ozone/ozone/hadoop-ozone/integration-test/target/test-dir/MiniOzoneClusterImpl-ee856cd1-984e-43cb-9579-cb3e6fd39ea6/datanode-2/data/ratis
2022-08-04 23:31:03,698 [Thread-721] INFO  ozoneimpl.ContainerReader (ContainerReader.java:readVolume(175)) - Finish verifying containers on volume /home/runner/work/ozone/ozone/hadoop-ozone/integration-test/target/test-dir/MiniOzoneClusterImpl-ee856cd1-984e-43cb-9579-cb3e6fd39ea6/datanode-2/data-0/containers/hdds
2022-08-04 23:31:03,698 [Listener at 127.0.0.1/45741] INFO  ozoneimpl.OzoneContainer (OzoneContainer.java:buildContainerSet(299)) - Build ContainerSet costs 0s
2022-08-04 23:31:03,708 [Listener at 127.0.0.1/45741] INFO  server.RaftServer (ConfUtils.java:logGet(46)) - raft.rpc.type = GRPC (default)
2022-08-04 23:31:03,708 [Listener at 127.0.0.1/45741] INFO  grpc.GrpcFactory (GrpcFactory.java:checkPooledByteBufAllocatorUseCacheForAllThreads(48)) - PERFORMANCE WARNING: useCacheForAllThreads is true that may cause Netty to create a lot garbage objects and, as a result, trigger GC.
	It is recommended to disable useCacheForAllThreads by setting -Dorg.apache.ratis.thirdparty.io.netty.allocator.useCacheForAllThreads=false in command line.
2022-08-04 23:31:03,708 [Listener at 127.0.0.1/45741] INFO  grpc.GrpcConfigKeys (ConfUtils.java:logGet(46)) - raft.grpc.admin.port = 0 (custom)
2022-08-04 23:31:03,708 [Listener at 127.0.0.1/45741] INFO  grpc.GrpcConfigKeys (ConfUtils.java:logGet(46)) - raft.grpc.client.port = 0 (custom)
2022-08-04 23:31:03,708 [Listener at 127.0.0.1/45741] INFO  grpc.GrpcConfigKeys (ConfUtils.java:logGet(46)) - raft.grpc.server.port = 0 (default)
2022-08-04 23:31:03,708 [Listener at 127.0.0.1/45741] INFO  server.GrpcService (ConfUtils.java:logGet(46)) - raft.grpc.message.size.max = 32MB (=33554432) (custom)
2022-08-04 23:31:03,708 [Listener at 127.0.0.1/45741] INFO  server.RaftServerConfigKeys (ConfUtils.java:logGet(46)) - raft.server.log.appender.buffer.byte-limit = 33554432 (custom)
2022-08-04 23:31:03,709 [Listener at 127.0.0.1/45741] INFO  server.GrpcService (ConfUtils.java:logGet(46)) - raft.grpc.flow.control.window = 5MB (=5242880) (custom)
2022-08-04 23:31:03,709 [Listener at 127.0.0.1/45741] INFO  server.RaftServerConfigKeys (ConfUtils.java:logGet(46)) - raft.server.rpc.request.timeout = 60s (custom)
2022-08-04 23:31:03,709 [Listener at 127.0.0.1/45741] INFO  grpc.GrpcConfigKeys (ConfUtils.java:logGet(46)) - raft.grpc.server.async.request.thread.pool.cached = true (default)
2022-08-04 23:31:03,709 [Listener at 127.0.0.1/45741] INFO  grpc.GrpcConfigKeys (ConfUtils.java:logGet(46)) - raft.grpc.server.async.request.thread.pool.size = 32 (default)
2022-08-04 23:31:03,716 [Listener at 127.0.0.1/45741] INFO  impl.DataStreamServerImpl (ConfUtils.java:logGet(46)) - raft.datastream.type = DISABLED (default)
2022-08-04 23:31:03,716 [Listener at 127.0.0.1/45741] INFO  server.RaftServerConfigKeys (ConfUtils.java:logGet(46)) - raft.server.threadpool.proxy.cached = true (default)
2022-08-04 23:31:03,716 [Listener at 127.0.0.1/45741] INFO  server.RaftServerConfigKeys (ConfUtils.java:logGet(46)) - raft.server.threadpool.proxy.size = 0 (default)
2022-08-04 23:31:03,717 [Listener at 127.0.0.1/45741] INFO  server.RaftServerConfigKeys (ConfUtils.java:logGet(46)) - raft.server.rpc.slowness.timeout = 300s (custom)
2022-08-04 23:31:03,717 [Listener at 127.0.0.1/45741] INFO  server.RaftServerConfigKeys (ConfUtils.java:logGet(46)) - raft.server.leaderelection.leader.step-down.wait-time = 10s (default)
2022-08-04 23:31:03,717 [Listener at 127.0.0.1/45741] INFO  server.RaftServerConfigKeys (ConfUtils.java:logGet(46)) - raft.server.storage.dir = [/home/runner/work/ozone/ozone/hadoop-ozone/integration-test/target/test-dir/MiniOzoneClusterImpl-ee856cd1-984e-43cb-9579-cb3e6fd39ea6/datanode-2/data/ratis] (custom)
2022-08-04 23:31:03,721 [Listener at 127.0.0.1/45741] INFO  server.XceiverServerGrpc (XceiverServerGrpc.java:<init>(132)) - GrpcServer channel type EpollServerSocketChannel
2022-08-04 23:31:03,732 [Listener at 127.0.0.1/45741] INFO  http.BaseHttpServer (BaseHttpServer.java:newHttpServer2BuilderForOzone(209)) - Starting Web-server for hddsDatanode at: http://0.0.0.0:0
2022-08-04 23:31:03,732 [Listener at 127.0.0.1/45741] INFO  http.BaseHttpServer (BaseHttpServer.java:<init>(107)) - Hadoop Security Enabled: false Ozone Security Enabled: false Ozone HTTP Security Enabled: false 
2022-08-04 23:31:03,748 [Listener at 127.0.0.1/45741] INFO  server.AuthenticationFilter (AuthenticationFilter.java:constructSecretProvider(240)) - Unable to initialize FileSignerSecretProvider, falling back to use random secrets.
2022-08-04 23:31:03,750 [Listener at 127.0.0.1/45741] WARN  http.HttpRequestLog (HttpRequestLog.java:getRequestLog(103)) - Jetty request log can only be enabled using Log4j
2022-08-04 23:31:03,751 [Listener at 127.0.0.1/45741] INFO  http.HttpServer2 (HttpServer2.java:addGlobalFilter(1029)) - Added global filter 'safety' (class=org.apache.hadoop.hdds.server.http.HttpServer2$QuotingInputFilter)
2022-08-04 23:31:03,752 [Listener at 127.0.0.1/45741] INFO  http.HttpServer2 (HttpServer2.java:addFilter(1005)) - Added filter static_user_filter (class=org.apache.hadoop.http.lib.StaticUserWebFilter$StaticUserFilter) to context hddsDatanode
2022-08-04 23:31:03,752 [Listener at 127.0.0.1/45741] INFO  http.HttpServer2 (HttpServer2.java:addFilter(1013)) - Added filter static_user_filter (class=org.apache.hadoop.http.lib.StaticUserWebFilter$StaticUserFilter) to context static
2022-08-04 23:31:03,752 [Listener at 127.0.0.1/45741] INFO  http.HttpServer2 (HttpServer2.java:addFilter(1013)) - Added filter static_user_filter (class=org.apache.hadoop.http.lib.StaticUserWebFilter$StaticUserFilter) to context logs
2022-08-04 23:31:03,753 [Listener at 127.0.0.1/45741] INFO  http.HttpServer2 (HttpServer2.java:bindListener(1248)) - Jetty bound to port 44991
2022-08-04 23:31:03,753 [Listener at 127.0.0.1/45741] INFO  server.Server (Server.java:doStart(375)) - jetty-9.4.43.v20210629; built: 2021-06-30T11:07:22.254Z; git: 526006ecfa3af7f1a27ef3a288e2bef7ea9dd7e8; jvm 1.8.0_332-b09
2022-08-04 23:31:03,795 [Listener at 127.0.0.1/45741] INFO  server.session (DefaultSessionIdManager.java:doStart(334)) - DefaultSessionIdManager workerName=node0
2022-08-04 23:31:03,796 [Listener at 127.0.0.1/45741] INFO  server.session (DefaultSessionIdManager.java:doStart(339)) - No SessionScavenger set, using defaults
2022-08-04 23:31:03,796 [Listener at 127.0.0.1/45741] INFO  server.session (HouseKeeper.java:startScavenging(132)) - node0 Scavenging every 660000ms
2022-08-04 23:31:03,799 [Listener at 127.0.0.1/45741] INFO  handler.ContextHandler (ContextHandler.java:doStart(915)) - Started o.e.j.s.ServletContextHandler@30c23fcb{logs,/logs,file:///home/runner/work/ozone/ozone/hadoop-ozone/integration-test/target/log,AVAILABLE}
2022-08-04 23:31:03,800 [Listener at 127.0.0.1/45741] INFO  handler.ContextHandler (ContextHandler.java:doStart(915)) - Started o.e.j.s.ServletContextHandler@95d1b2c{static,/static,jar:file:/home/runner/.m2/repository/org/apache/ozone/hdds-container-service/1.3.0-SNAPSHOT/hdds-container-service-1.3.0-SNAPSHOT.jar!/webapps/static,AVAILABLE}
2022-08-04 23:31:03,843 [9a161a44-42b3-490d-9369-d15f6f1ff70c@group-6BBC89F5F822-FollowerState] INFO  impl.FollowerState (FollowerState.java:run(143)) - 9a161a44-42b3-490d-9369-d15f6f1ff70c@group-6BBC89F5F822-FollowerState: change to CANDIDATE, lastRpcElapsedTime:10341448528ns, electionTimeout:5168ms
2022-08-04 23:31:03,843 [9a161a44-42b3-490d-9369-d15f6f1ff70c@group-6BBC89F5F822-FollowerState] INFO  impl.RoleInfo (RoleInfo.java:shutdownFollowerState(110)) - 9a161a44-42b3-490d-9369-d15f6f1ff70c: shutdown 9a161a44-42b3-490d-9369-d15f6f1ff70c@group-6BBC89F5F822-FollowerState
2022-08-04 23:31:03,843 [9a161a44-42b3-490d-9369-d15f6f1ff70c@group-6BBC89F5F822-FollowerState] INFO  server.RaftServer$Division (RaftServerImpl.java:setRole(299)) - 9a161a44-42b3-490d-9369-d15f6f1ff70c@group-6BBC89F5F822: changes role from  FOLLOWER to CANDIDATE at term 3 for changeToCandidate
2022-08-04 23:31:03,843 [9a161a44-42b3-490d-9369-d15f6f1ff70c@group-6BBC89F5F822-FollowerState] INFO  server.RaftServerConfigKeys (ConfUtils.java:logGet(46)) - raft.server.leaderelection.pre-vote = false (custom)
2022-08-04 23:31:03,843 [9a161a44-42b3-490d-9369-d15f6f1ff70c@group-6BBC89F5F822-FollowerState] INFO  impl.RoleInfo (RoleInfo.java:updateAndGet(139)) - 9a161a44-42b3-490d-9369-d15f6f1ff70c: start 9a161a44-42b3-490d-9369-d15f6f1ff70c@group-6BBC89F5F822-LeaderElection25
2022-08-04 23:31:04,294 [Listener at 127.0.0.1/45741] INFO  handler.ContextHandler (ContextHandler.java:doStart(915)) - Started o.e.j.w.WebAppContext@72f7e734{hddsDatanode,/,file:///tmp/jetty-0_0_0_0-44991-hdds-container-service-1_3_0-SNAPSHOT_jar-_-any-883718536517811763/webapp/,AVAILABLE}{jar:file:/home/runner/.m2/repository/org/apache/ozone/hdds-container-service/1.3.0-SNAPSHOT/hdds-container-service-1.3.0-SNAPSHOT.jar!/webapps/hddsDatanode}
2022-08-04 23:31:04,311 [Listener at 127.0.0.1/45741] INFO  server.AbstractConnector (AbstractConnector.java:doStart(331)) - Started ServerConnector@7f2717b3{HTTP/1.1, (http/1.1)}{0.0.0.0:44991}
2022-08-04 23:31:04,312 [Listener at 127.0.0.1/45741] INFO  server.Server (Server.java:doStart(415)) - Started @89305ms
2022-08-04 23:31:04,312 [Listener at 127.0.0.1/45741] WARN  impl.MetricsSystemImpl (MetricsSystemImpl.java:register(279)) - Sink prometheus already exists!
2022-08-04 23:31:04,319 [Listener at 127.0.0.1/45741] INFO  http.BaseHttpServer (BaseHttpServer.java:updateConnectorAddress(329)) - HTTP server of hddsDatanode listening at http://0.0.0.0:44991
2022-08-04 23:31:04,323 [Listener at 127.0.0.1/45741] INFO  ozone.MiniOzoneClusterImpl (MiniOzoneClusterImpl.java:lambda$waitForClusterToBeReady$0(216)) - Waiting for nodes to be ready. Got 0 of 3 DN Heartbeats.
2022-08-04 23:31:04,323 [Listener at 127.0.0.1/45741] INFO  ozone.MiniOzoneClusterImpl (MiniOzoneClusterImpl.java:lambda$waitForClusterToBeReady$0(219)) - Waiting for cluster to exit safe mode
2022-08-04 23:31:04,324 [Listener at 127.0.0.1/45741] INFO  ozone.MiniOzoneClusterImpl (MiniOzoneClusterImpl.java:lambda$waitForClusterToBeReady$0(221)) - SCM became leader
2022-08-04 23:31:04,331 [Datanode State Machine Daemon Thread] INFO  statemachine.DatanodeStateMachine (DatanodeStateMachine.java:lambda$startDaemon$0(492)) - Ozone container server started.
2022-08-04 23:31:04,367 [org.apache.hadoop.util.JvmPauseMonitor$Monitor@78eef785] INFO  util.JvmPauseMonitor (JvmPauseMonitor.java:run(188)) - Starting JVM pause monitor
2022-08-04 23:31:04,382 [Datanode State Machine Task Thread - 0] INFO  datanode.InitDatanodeState (InitDatanodeState.java:persistContainerDatanodeDetails(138)) - DatanodeDetails is persisted to /home/runner/work/ozone/ozone/hadoop-ozone/integration-test/target/test-dir/MiniOzoneClusterImpl-ee856cd1-984e-43cb-9579-cb3e6fd39ea6/datanode-2/meta/datanode.id
2022-08-04 23:31:04,752 [EndpointStateMachine task thread for /0.0.0.0:42635 - 0 ] INFO  volume.HddsVolume (HddsVolume.java:createDbStore(309)) - SchemaV3 db is created and loaded at /home/runner/work/ozone/ozone/hadoop-ozone/integration-test/target/test-dir/MiniOzoneClusterImpl-ee856cd1-984e-43cb-9579-cb3e6fd39ea6/datanode-0/data-0/containers/hdds/ee856cd1-984e-43cb-9579-cb3e6fd39ea6/DS-dfb2f08e-30ed-4e57-9915-72d2a52dda1a/container.db for volume DS-dfb2f08e-30ed-4e57-9915-72d2a52dda1a
2022-08-04 23:31:04,772 [EndpointStateMachine task thread for /0.0.0.0:42635 - 0 ] INFO  volume.HddsVolume (HddsVolume.java:closeDbStore(340)) - SchemaV3 db is stopped at /home/runner/work/ozone/ozone/hadoop-ozone/integration-test/target/test-dir/MiniOzoneClusterImpl-ee856cd1-984e-43cb-9579-cb3e6fd39ea6/datanode-0/data-0/containers/hdds/ee856cd1-984e-43cb-9579-cb3e6fd39ea6/DS-dfb2f08e-30ed-4e57-9915-72d2a52dda1a/container.db for volume DS-dfb2f08e-30ed-4e57-9915-72d2a52dda1a
2022-08-04 23:31:04,772 [EndpointStateMachine task thread for /0.0.0.0:42635 - 0 ] INFO  ozoneimpl.OzoneContainer (OzoneContainer.java:start(377)) - Attempting to start container services.
2022-08-04 23:31:04,772 [EndpointStateMachine task thread for /0.0.0.0:42635 - 0 ] INFO  ozoneimpl.OzoneContainer (OzoneContainer.java:startContainerScrub(312)) - Background container scanner has been disabled.
2022-08-04 23:31:04,788 [EndpointStateMachine task thread for /0.0.0.0:42635 - 0 ] INFO  replication.ReplicationServer (ReplicationServer.java:start(111)) - ReplicationServer is started using port 46501
2022-08-04 23:31:04,788 [EndpointStateMachine task thread for /0.0.0.0:42635 - 0 ] INFO  ratis.XceiverServerRatis (XceiverServerRatis.java:start(481)) - Starting XceiverServerRatis 835f1f02-615d-4531-8f70-bc26023eea88
2022-08-04 23:31:04,789 [EndpointStateMachine task thread for /0.0.0.0:42635 - 0 ] INFO  server.RaftServer (RaftServerProxy.java:lambda$start$6(382)) - 835f1f02-615d-4531-8f70-bc26023eea88: start RPC server
2022-08-04 23:31:04,792 [EndpointStateMachine task thread for /0.0.0.0:42635 - 0 ] INFO  server.GrpcService (GrpcService.java:startImpl(260)) - 835f1f02-615d-4531-8f70-bc26023eea88: GrpcService started, listening on 40083
2022-08-04 23:31:04,792 [EndpointStateMachine task thread for /0.0.0.0:42635 - 0 ] INFO  ratis.XceiverServerRatis (XceiverServerRatis.java:getRealPort(502)) - XceiverServerRatis 835f1f02-615d-4531-8f70-bc26023eea88 is started using port 40083 for RATIS
2022-08-04 23:31:04,792 [EndpointStateMachine task thread for /0.0.0.0:42635 - 0 ] INFO  ratis.XceiverServerRatis (XceiverServerRatis.java:getRealPort(502)) - XceiverServerRatis 835f1f02-615d-4531-8f70-bc26023eea88 is started using port 40083 for RATIS_ADMIN
2022-08-04 23:31:04,792 [EndpointStateMachine task thread for /0.0.0.0:42635 - 0 ] INFO  ratis.XceiverServerRatis (XceiverServerRatis.java:getRealPort(502)) - XceiverServerRatis 835f1f02-615d-4531-8f70-bc26023eea88 is started using port 40083 for RATIS_SERVER
2022-08-04 23:31:04,820 [org.apache.ratis.util.JvmPauseMonitor$$Lambda$682/1302746218@3bca9479] INFO  util.JvmPauseMonitor (JvmPauseMonitor.java:run(103)) - JvmPauseMonitor-835f1f02-615d-4531-8f70-bc26023eea88: Started
2022-08-04 23:31:04,820 [EndpointStateMachine task thread for /0.0.0.0:42635 - 0 ] INFO  server.XceiverServerGrpc (XceiverServerGrpc.java:start(180)) - XceiverServerGrpc 835f1f02-615d-4531-8f70-bc26023eea88 is started using port 44113
2022-08-04 23:31:05,324 [Listener at 127.0.0.1/45741] INFO  ozone.MiniOzoneClusterImpl (MiniOzoneClusterImpl.java:lambda$waitForClusterToBeReady$0(216)) - Waiting for nodes to be ready. Got 0 of 3 DN Heartbeats.
2022-08-04 23:31:05,324 [Listener at 127.0.0.1/45741] INFO  ozone.MiniOzoneClusterImpl (MiniOzoneClusterImpl.java:lambda$waitForClusterToBeReady$0(219)) - Waiting for cluster to exit safe mode
2022-08-04 23:31:05,324 [Listener at 127.0.0.1/45741] INFO  ozone.MiniOzoneClusterImpl (MiniOzoneClusterImpl.java:lambda$waitForClusterToBeReady$0(221)) - SCM became leader
2022-08-04 23:31:05,503 [EndpointStateMachine task thread for /0.0.0.0:42635 - 0 ] INFO  volume.HddsVolume (HddsVolume.java:createDbStore(309)) - SchemaV3 db is created and loaded at /home/runner/work/ozone/ozone/hadoop-ozone/integration-test/target/test-dir/MiniOzoneClusterImpl-ee856cd1-984e-43cb-9579-cb3e6fd39ea6/datanode-1/data-0/containers/hdds/ee856cd1-984e-43cb-9579-cb3e6fd39ea6/DS-309df902-5556-4497-81fb-7b58cc5d3e3c/container.db for volume DS-309df902-5556-4497-81fb-7b58cc5d3e3c
2022-08-04 23:31:05,504 [EndpointStateMachine task thread for /0.0.0.0:42635 - 0 ] INFO  volume.HddsVolume (HddsVolume.java:closeDbStore(340)) - SchemaV3 db is stopped at /home/runner/work/ozone/ozone/hadoop-ozone/integration-test/target/test-dir/MiniOzoneClusterImpl-ee856cd1-984e-43cb-9579-cb3e6fd39ea6/datanode-1/data-0/containers/hdds/ee856cd1-984e-43cb-9579-cb3e6fd39ea6/DS-309df902-5556-4497-81fb-7b58cc5d3e3c/container.db for volume DS-309df902-5556-4497-81fb-7b58cc5d3e3c
2022-08-04 23:31:05,504 [EndpointStateMachine task thread for /0.0.0.0:42635 - 0 ] INFO  ozoneimpl.OzoneContainer (OzoneContainer.java:start(377)) - Attempting to start container services.
2022-08-04 23:31:05,504 [EndpointStateMachine task thread for /0.0.0.0:42635 - 0 ] INFO  ozoneimpl.OzoneContainer (OzoneContainer.java:startContainerScrub(312)) - Background container scanner has been disabled.
2022-08-04 23:31:05,535 [EndpointStateMachine task thread for /0.0.0.0:42635 - 0 ] INFO  replication.ReplicationServer (ReplicationServer.java:start(111)) - ReplicationServer is started using port 41237
2022-08-04 23:31:05,536 [EndpointStateMachine task thread for /0.0.0.0:42635 - 0 ] INFO  ratis.XceiverServerRatis (XceiverServerRatis.java:start(481)) - Starting XceiverServerRatis 5e80796c-08e2-49d7-ac91-a54e72c24940
2022-08-04 23:31:05,536 [EndpointStateMachine task thread for /0.0.0.0:42635 - 0 ] INFO  server.RaftServer (RaftServerProxy.java:lambda$start$6(382)) - 5e80796c-08e2-49d7-ac91-a54e72c24940: start RPC server
2022-08-04 23:31:05,540 [EndpointStateMachine task thread for /0.0.0.0:42635 - 0 ] INFO  server.GrpcService (GrpcService.java:startImpl(260)) - 5e80796c-08e2-49d7-ac91-a54e72c24940: GrpcService started, listening on 40655
2022-08-04 23:31:05,540 [EndpointStateMachine task thread for /0.0.0.0:42635 - 0 ] INFO  ratis.XceiverServerRatis (XceiverServerRatis.java:getRealPort(502)) - XceiverServerRatis 5e80796c-08e2-49d7-ac91-a54e72c24940 is started using port 40655 for RATIS
2022-08-04 23:31:05,540 [EndpointStateMachine task thread for /0.0.0.0:42635 - 0 ] INFO  ratis.XceiverServerRatis (XceiverServerRatis.java:getRealPort(502)) - XceiverServerRatis 5e80796c-08e2-49d7-ac91-a54e72c24940 is started using port 40655 for RATIS_ADMIN
2022-08-04 23:31:05,540 [EndpointStateMachine task thread for /0.0.0.0:42635 - 0 ] INFO  ratis.XceiverServerRatis (XceiverServerRatis.java:getRealPort(502)) - XceiverServerRatis 5e80796c-08e2-49d7-ac91-a54e72c24940 is started using port 40655 for RATIS_SERVER
2022-08-04 23:31:05,541 [org.apache.ratis.util.JvmPauseMonitor$$Lambda$682/1302746218@7f15dd99] INFO  util.JvmPauseMonitor (JvmPauseMonitor.java:run(103)) - JvmPauseMonitor-5e80796c-08e2-49d7-ac91-a54e72c24940: Started
2022-08-04 23:31:05,574 [EndpointStateMachine task thread for /0.0.0.0:42635 - 0 ] INFO  server.XceiverServerGrpc (XceiverServerGrpc.java:start(180)) - XceiverServerGrpc 5e80796c-08e2-49d7-ac91-a54e72c24940 is started using port 33977
2022-08-04 23:31:06,327 [Listener at 127.0.0.1/45741] INFO  ozone.MiniOzoneClusterImpl (MiniOzoneClusterImpl.java:lambda$waitForClusterToBeReady$0(216)) - Waiting for nodes to be ready. Got 0 of 3 DN Heartbeats.
2022-08-04 23:31:06,327 [Listener at 127.0.0.1/45741] INFO  ozone.MiniOzoneClusterImpl (MiniOzoneClusterImpl.java:lambda$waitForClusterToBeReady$0(219)) - Waiting for cluster to exit safe mode
2022-08-04 23:31:06,327 [Listener at 127.0.0.1/45741] INFO  ozone.MiniOzoneClusterImpl (MiniOzoneClusterImpl.java:lambda$waitForClusterToBeReady$0(221)) - SCM became leader
2022-08-04 23:31:06,440 [EndpointStateMachine task thread for /0.0.0.0:42635 - 0 ] INFO  volume.HddsVolume (HddsVolume.java:createDbStore(309)) - SchemaV3 db is created and loaded at /home/runner/work/ozone/ozone/hadoop-ozone/integration-test/target/test-dir/MiniOzoneClusterImpl-ee856cd1-984e-43cb-9579-cb3e6fd39ea6/datanode-2/data-0/containers/hdds/ee856cd1-984e-43cb-9579-cb3e6fd39ea6/DS-3540777c-7847-460c-8802-0b76fef059c5/container.db for volume DS-3540777c-7847-460c-8802-0b76fef059c5
2022-08-04 23:31:06,440 [EndpointStateMachine task thread for /0.0.0.0:42635 - 0 ] INFO  volume.HddsVolume (HddsVolume.java:closeDbStore(340)) - SchemaV3 db is stopped at /home/runner/work/ozone/ozone/hadoop-ozone/integration-test/target/test-dir/MiniOzoneClusterImpl-ee856cd1-984e-43cb-9579-cb3e6fd39ea6/datanode-2/data-0/containers/hdds/ee856cd1-984e-43cb-9579-cb3e6fd39ea6/DS-3540777c-7847-460c-8802-0b76fef059c5/container.db for volume DS-3540777c-7847-460c-8802-0b76fef059c5
2022-08-04 23:31:06,440 [EndpointStateMachine task thread for /0.0.0.0:42635 - 0 ] INFO  ozoneimpl.OzoneContainer (OzoneContainer.java:start(377)) - Attempting to start container services.
2022-08-04 23:31:06,440 [EndpointStateMachine task thread for /0.0.0.0:42635 - 0 ] INFO  ozoneimpl.OzoneContainer (OzoneContainer.java:startContainerScrub(312)) - Background container scanner has been disabled.
2022-08-04 23:31:06,469 [EndpointStateMachine task thread for /0.0.0.0:42635 - 0 ] INFO  replication.ReplicationServer (ReplicationServer.java:start(111)) - ReplicationServer is started using port 45451
2022-08-04 23:31:06,470 [EndpointStateMachine task thread for /0.0.0.0:42635 - 0 ] INFO  ratis.XceiverServerRatis (XceiverServerRatis.java:start(481)) - Starting XceiverServerRatis 8a384bf1-39eb-472e-85d6-2b3bc7de0419
2022-08-04 23:31:06,470 [EndpointStateMachine task thread for /0.0.0.0:42635 - 0 ] INFO  server.RaftServer (RaftServerProxy.java:lambda$start$6(382)) - 8a384bf1-39eb-472e-85d6-2b3bc7de0419: start RPC server
2022-08-04 23:31:06,480 [EndpointStateMachine task thread for /0.0.0.0:42635 - 0 ] INFO  server.GrpcService (GrpcService.java:startImpl(260)) - 8a384bf1-39eb-472e-85d6-2b3bc7de0419: GrpcService started, listening on 42895
2022-08-04 23:31:06,480 [EndpointStateMachine task thread for /0.0.0.0:42635 - 0 ] INFO  ratis.XceiverServerRatis (XceiverServerRatis.java:getRealPort(502)) - XceiverServerRatis 8a384bf1-39eb-472e-85d6-2b3bc7de0419 is started using port 42895 for RATIS
2022-08-04 23:31:06,481 [EndpointStateMachine task thread for /0.0.0.0:42635 - 0 ] INFO  ratis.XceiverServerRatis (XceiverServerRatis.java:getRealPort(502)) - XceiverServerRatis 8a384bf1-39eb-472e-85d6-2b3bc7de0419 is started using port 42895 for RATIS_ADMIN
2022-08-04 23:31:06,481 [EndpointStateMachine task thread for /0.0.0.0:42635 - 0 ] INFO  ratis.XceiverServerRatis (XceiverServerRatis.java:getRealPort(502)) - XceiverServerRatis 8a384bf1-39eb-472e-85d6-2b3bc7de0419 is started using port 42895 for RATIS_SERVER
2022-08-04 23:31:06,481 [org.apache.ratis.util.JvmPauseMonitor$$Lambda$682/1302746218@116170ee] INFO  util.JvmPauseMonitor (JvmPauseMonitor.java:run(103)) - JvmPauseMonitor-8a384bf1-39eb-472e-85d6-2b3bc7de0419: Started
2022-08-04 23:31:06,505 [EndpointStateMachine task thread for /0.0.0.0:42635 - 0 ] INFO  server.XceiverServerGrpc (XceiverServerGrpc.java:start(180)) - XceiverServerGrpc 8a384bf1-39eb-472e-85d6-2b3bc7de0419 is started using port 43745
2022-08-04 23:31:06,642 [IPC Server handler 11 on default port 42635] INFO  net.NetworkTopologyImpl (NetworkTopologyImpl.java:add(112)) - Added a new node: /default-rack/835f1f02-615d-4531-8f70-bc26023eea88
2022-08-04 23:31:06,642 [IPC Server handler 11 on default port 42635] INFO  node.SCMNodeManager (SCMNodeManager.java:register(397)) - Registered Data node : 835f1f02-615d-4531-8f70-bc26023eea88{ip: 10.1.0.37, host: fv-az241-597.bb25ywkzvhnelkltyshw0e441e.jx.internal.cloudapp.net, ports: [REPLICATION=46501, RATIS=40083, RATIS_ADMIN=40083, RATIS_SERVER=40083, STANDALONE=44113], networkLocation: /default-rack, certSerialId: null, persistedOpState: null, persistedOpStateExpiryEpochSec: 0}
2022-08-04 23:31:06,645 [EventQueue-NodeRegistrationContainerReportForDataNodeSafeModeRule] INFO  safemode.SCMSafeModeManager (DataNodeSafeModeRule.java:process(71)) - SCM in safe mode. 1 DataNodes registered, 3 required.
2022-08-04 23:31:06,646 [EventQueue-NodeRegistrationContainerReportForContainerSafeModeRule] INFO  safemode.SCMSafeModeManager (SCMSafeModeManager.java:validateSafeModeExitRules(204)) - ContainerSafeModeRule rule is successfully validated
2022-08-04 23:31:06,656 [EventQueue-NewNodeForNewNodeHandler] INFO  pipeline.BackgroundPipelineCreator (BackgroundPipelineCreator.java:notifyEventTriggered(276)) - trigger a one-shot run on RatisPipelineUtilsThread.
2022-08-04 23:31:06,656 [RatisPipelineUtilsThread - 0] INFO  pipeline.RatisPipelineProvider (RatisPipelineProvider.java:lambda$create$0(195)) - Sending CreatePipelineCommand for pipeline:PipelineID=4e0258c4-eaa6-4b4a-b40b-c816ef70cd63 to datanode:835f1f02-615d-4531-8f70-bc26023eea88
2022-08-04 23:31:06,657 [RatisPipelineUtilsThread - 0] INFO  pipeline.PipelineStateManagerImpl (PipelineStateManagerImpl.java:addPipeline(103)) - Created pipeline Pipeline[ Id: 4e0258c4-eaa6-4b4a-b40b-c816ef70cd63, Nodes: 835f1f02-615d-4531-8f70-bc26023eea88{ip: 10.1.0.37, host: fv-az241-597.bb25ywkzvhnelkltyshw0e441e.jx.internal.cloudapp.net, ports: [REPLICATION=46501, RATIS=40083, RATIS_ADMIN=40083, RATIS_SERVER=40083, STANDALONE=44113], networkLocation: /default-rack, certSerialId: null, persistedOpState: IN_SERVICE, persistedOpStateExpiryEpochSec: 0}, ReplicationConfig: RATIS/ONE, State:ALLOCATED, leaderId:, CreationTimestamp2022-08-04T23:31:06.656Z[Etc/UTC]].
2022-08-04 23:31:06,679 [EventQueue-PipelineReportForOneReplicaPipelineSafeModeRule] INFO  safemode.SCMSafeModeManager (SCMSafeModeManager.java:validateSafeModeExitRules(204)) - AtleastOneDatanodeReportedRule rule is successfully validated
2022-08-04 23:31:07,327 [Listener at 127.0.0.1/45741] INFO  ozone.MiniOzoneClusterImpl (MiniOzoneClusterImpl.java:lambda$waitForClusterToBeReady$0(216)) - Waiting for nodes to be ready. Got 1 of 3 DN Heartbeats.
2022-08-04 23:31:07,328 [Listener at 127.0.0.1/45741] INFO  ozone.MiniOzoneClusterImpl (MiniOzoneClusterImpl.java:lambda$waitForClusterToBeReady$0(219)) - Waiting for cluster to exit safe mode
2022-08-04 23:31:07,328 [Listener at 127.0.0.1/45741] INFO  ozone.MiniOzoneClusterImpl (MiniOzoneClusterImpl.java:lambda$waitForClusterToBeReady$0(221)) - SCM became leader
2022-08-04 23:31:07,418 [IPC Server handler 11 on default port 42635] INFO  net.NetworkTopologyImpl (NetworkTopologyImpl.java:add(112)) - Added a new node: /default-rack/5e80796c-08e2-49d7-ac91-a54e72c24940
2022-08-04 23:31:07,419 [IPC Server handler 11 on default port 42635] INFO  node.SCMNodeManager (SCMNodeManager.java:register(397)) - Registered Data node : 5e80796c-08e2-49d7-ac91-a54e72c24940{ip: 10.1.0.37, host: fv-az241-597.bb25ywkzvhnelkltyshw0e441e.jx.internal.cloudapp.net, ports: [REPLICATION=41237, RATIS=40655, RATIS_ADMIN=40655, RATIS_SERVER=40655, STANDALONE=33977], networkLocation: /default-rack, certSerialId: null, persistedOpState: null, persistedOpStateExpiryEpochSec: 0}
2022-08-04 23:31:07,419 [EventQueue-NewNodeForNewNodeHandler] INFO  pipeline.BackgroundPipelineCreator (BackgroundPipelineCreator.java:notifyEventTriggered(276)) - trigger a one-shot run on RatisPipelineUtilsThread.
2022-08-04 23:31:07,428 [EventQueue-NodeRegistrationContainerReportForDataNodeSafeModeRule] INFO  safemode.SCMSafeModeManager (DataNodeSafeModeRule.java:process(71)) - SCM in safe mode. 2 DataNodes registered, 3 required.
2022-08-04 23:31:07,431 [RatisPipelineUtilsThread - 0] INFO  pipeline.RatisPipelineProvider (RatisPipelineProvider.java:lambda$create$0(195)) - Sending CreatePipelineCommand for pipeline:PipelineID=03edb99d-0d50-443f-92f6-c9eddf73366c to datanode:5e80796c-08e2-49d7-ac91-a54e72c24940
2022-08-04 23:31:07,432 [RatisPipelineUtilsThread - 0] INFO  pipeline.PipelineStateManagerImpl (PipelineStateManagerImpl.java:addPipeline(103)) - Created pipeline Pipeline[ Id: 03edb99d-0d50-443f-92f6-c9eddf73366c, Nodes: 5e80796c-08e2-49d7-ac91-a54e72c24940{ip: 10.1.0.37, host: fv-az241-597.bb25ywkzvhnelkltyshw0e441e.jx.internal.cloudapp.net, ports: [REPLICATION=41237, RATIS=40655, RATIS_ADMIN=40655, RATIS_SERVER=40655, STANDALONE=33977], networkLocation: /default-rack, certSerialId: null, persistedOpState: IN_SERVICE, persistedOpStateExpiryEpochSec: 0}, ReplicationConfig: RATIS/ONE, State:ALLOCATED, leaderId:, CreationTimestamp2022-08-04T23:31:07.431Z[Etc/UTC]].
2022-08-04 23:31:07,954 [UnderReplicatedQueueThreadThread] INFO  replication.UnderReplicatedProcessor (UnderReplicatedProcessor.java:processAll(85)) - Processed 0 under replicated containers, failed processing 0
2022-08-04 23:31:07,968 [OverReplicatedQueueThreadThread] INFO  replication.OverReplicatedProcessor (OverReplicatedProcessor.java:processAll(83)) - Processed 0 over replicated containers, failed processing 0
2022-08-04 23:31:08,328 [Listener at 127.0.0.1/45741] INFO  ozone.MiniOzoneClusterImpl (MiniOzoneClusterImpl.java:lambda$waitForClusterToBeReady$0(216)) - Waiting for nodes to be ready. Got 2 of 3 DN Heartbeats.
2022-08-04 23:31:08,328 [Listener at 127.0.0.1/45741] INFO  ozone.MiniOzoneClusterImpl (MiniOzoneClusterImpl.java:lambda$waitForClusterToBeReady$0(219)) - Waiting for cluster to exit safe mode
2022-08-04 23:31:08,328 [Listener at 127.0.0.1/45741] INFO  ozone.MiniOzoneClusterImpl (MiniOzoneClusterImpl.java:lambda$waitForClusterToBeReady$0(221)) - SCM became leader
2022-08-04 23:31:08,369 [IPC Server handler 1 on default port 42635] INFO  net.NetworkTopologyImpl (NetworkTopologyImpl.java:add(112)) - Added a new node: /default-rack/8a384bf1-39eb-472e-85d6-2b3bc7de0419
2022-08-04 23:31:08,370 [IPC Server handler 1 on default port 42635] INFO  node.SCMNodeManager (SCMNodeManager.java:register(397)) - Registered Data node : 8a384bf1-39eb-472e-85d6-2b3bc7de0419{ip: 10.1.0.37, host: fv-az241-597.bb25ywkzvhnelkltyshw0e441e.jx.internal.cloudapp.net, ports: [REPLICATION=45451, RATIS=42895, RATIS_ADMIN=42895, RATIS_SERVER=42895, STANDALONE=43745], networkLocation: /default-rack, certSerialId: null, persistedOpState: null, persistedOpStateExpiryEpochSec: 0}
2022-08-04 23:31:08,371 [EventQueue-NewNodeForNewNodeHandler] INFO  pipeline.BackgroundPipelineCreator (BackgroundPipelineCreator.java:notifyEventTriggered(276)) - trigger a one-shot run on RatisPipelineUtilsThread.
2022-08-04 23:31:08,371 [EventQueue-NodeRegistrationContainerReportForDataNodeSafeModeRule] INFO  safemode.SCMSafeModeManager (DataNodeSafeModeRule.java:process(71)) - SCM in safe mode. 3 DataNodes registered, 3 required.
2022-08-04 23:31:08,371 [EventQueue-NodeRegistrationContainerReportForDataNodeSafeModeRule] INFO  safemode.SCMSafeModeManager (SCMSafeModeManager.java:validateSafeModeExitRules(204)) - DataNodeSafeModeRule rule is successfully validated
2022-08-04 23:31:08,371 [EventQueue-NodeRegistrationContainerReportForDataNodeSafeModeRule] INFO  safemode.SCMSafeModeManager (SCMSafeModeManager.java:completePreCheck(233)) - All SCM safe mode pre check rules have passed
2022-08-04 23:31:08,372 [EventQueue-NodeRegistrationContainerReportForDataNodeSafeModeRule] WARN  events.EventQueue (EventQueue.java:fireEvent(216)) - No event handler registered for event TypedEvent{payloadType=SafeModeStatus, name='Safe mode status'}
2022-08-04 23:31:08,372 [EventQueue-NodeRegistrationContainerReportForDataNodeSafeModeRule] INFO  ha.SCMContext (SCMContext.java:updateSafeModeStatus(228)) - Update SafeModeStatus from SafeModeStatus{safeModeStatus=true, preCheckPassed=false} to SafeModeStatus{safeModeStatus=true, preCheckPassed=true}.
2022-08-04 23:31:08,372 [EventQueue-NodeRegistrationContainerReportForDataNodeSafeModeRule] INFO  pipeline.BackgroundPipelineCreator (BackgroundPipelineCreator.java:notifyEventTriggered(276)) - trigger a one-shot run on RatisPipelineUtilsThread.
2022-08-04 23:31:08,372 [RatisPipelineUtilsThread - 0] INFO  pipeline.RatisPipelineProvider (RatisPipelineProvider.java:lambda$create$0(195)) - Sending CreatePipelineCommand for pipeline:PipelineID=a764cac3-e029-415f-b832-5d3cb8b222b3 to datanode:8a384bf1-39eb-472e-85d6-2b3bc7de0419
2022-08-04 23:31:08,372 [RatisPipelineUtilsThread - 0] INFO  pipeline.PipelineStateManagerImpl (PipelineStateManagerImpl.java:addPipeline(103)) - Created pipeline Pipeline[ Id: a764cac3-e029-415f-b832-5d3cb8b222b3, Nodes: 8a384bf1-39eb-472e-85d6-2b3bc7de0419{ip: 10.1.0.37, host: fv-az241-597.bb25ywkzvhnelkltyshw0e441e.jx.internal.cloudapp.net, ports: [REPLICATION=45451, RATIS=42895, RATIS_ADMIN=42895, RATIS_SERVER=42895, STANDALONE=43745], networkLocation: /default-rack, certSerialId: null, persistedOpState: IN_SERVICE, persistedOpStateExpiryEpochSec: 0}, ReplicationConfig: RATIS/ONE, State:ALLOCATED, leaderId:, CreationTimestamp2022-08-04T23:31:08.372Z[Etc/UTC]].
2022-08-04 23:31:08,373 [RatisPipelineUtilsThread - 0] INFO  pipeline.RatisPipelineProvider (RatisPipelineProvider.java:lambda$create$0(195)) - Sending CreatePipelineCommand for pipeline:PipelineID=d37a547a-e99c-4b85-b3a0-e99df7e95da6 to datanode:5e80796c-08e2-49d7-ac91-a54e72c24940
2022-08-04 23:31:08,373 [RatisPipelineUtilsThread - 0] INFO  pipeline.RatisPipelineProvider (RatisPipelineProvider.java:lambda$create$0(195)) - Sending CreatePipelineCommand for pipeline:PipelineID=d37a547a-e99c-4b85-b3a0-e99df7e95da6 to datanode:835f1f02-615d-4531-8f70-bc26023eea88
2022-08-04 23:31:08,373 [RatisPipelineUtilsThread - 0] INFO  pipeline.RatisPipelineProvider (RatisPipelineProvider.java:lambda$create$0(195)) - Sending CreatePipelineCommand for pipeline:PipelineID=d37a547a-e99c-4b85-b3a0-e99df7e95da6 to datanode:8a384bf1-39eb-472e-85d6-2b3bc7de0419
2022-08-04 23:31:08,373 [RatisPipelineUtilsThread - 0] INFO  pipeline.PipelineStateManagerImpl (PipelineStateManagerImpl.java:addPipeline(103)) - Created pipeline Pipeline[ Id: d37a547a-e99c-4b85-b3a0-e99df7e95da6, Nodes: 5e80796c-08e2-49d7-ac91-a54e72c24940{ip: 10.1.0.37, host: fv-az241-597.bb25ywkzvhnelkltyshw0e441e.jx.internal.cloudapp.net, ports: [REPLICATION=41237, RATIS=40655, RATIS_ADMIN=40655, RATIS_SERVER=40655, STANDALONE=33977], networkLocation: /default-rack, certSerialId: null, persistedOpState: IN_SERVICE, persistedOpStateExpiryEpochSec: 0}835f1f02-615d-4531-8f70-bc26023eea88{ip: 10.1.0.37, host: fv-az241-597.bb25ywkzvhnelkltyshw0e441e.jx.internal.cloudapp.net, ports: [REPLICATION=46501, RATIS=40083, RATIS_ADMIN=40083, RATIS_SERVER=40083, STANDALONE=44113], networkLocation: /default-rack, certSerialId: null, persistedOpState: IN_SERVICE, persistedOpStateExpiryEpochSec: 0}8a384bf1-39eb-472e-85d6-2b3bc7de0419{ip: 10.1.0.37, host: fv-az241-597.bb25ywkzvhnelkltyshw0e441e.jx.internal.cloudapp.net, ports: [REPLICATION=45451, RATIS=42895, RATIS_ADMIN=42895, RATIS_SERVER=42895, STANDALONE=43745], networkLocation: /default-rack, certSerialId: null, persistedOpState: IN_SERVICE, persistedOpStateExpiryEpochSec: 0}, ReplicationConfig: RATIS/THREE, State:ALLOCATED, leaderId:, CreationTimestamp2022-08-04T23:31:08.373Z[Etc/UTC]].
2022-08-04 23:31:08,374 [RatisPipelineUtilsThread - 0] INFO  pipeline.RatisPipelineProvider (RatisPipelineProvider.java:lambda$create$0(195)) - Sending CreatePipelineCommand for pipeline:PipelineID=b9e218c2-fe6d-4cc4-8343-22954514a2df to datanode:8a384bf1-39eb-472e-85d6-2b3bc7de0419
2022-08-04 23:31:08,374 [RatisPipelineUtilsThread - 0] INFO  pipeline.RatisPipelineProvider (RatisPipelineProvider.java:lambda$create$0(195)) - Sending CreatePipelineCommand for pipeline:PipelineID=b9e218c2-fe6d-4cc4-8343-22954514a2df to datanode:835f1f02-615d-4531-8f70-bc26023eea88
2022-08-04 23:31:08,374 [RatisPipelineUtilsThread - 0] INFO  pipeline.RatisPipelineProvider (RatisPipelineProvider.java:lambda$create$0(195)) - Sending CreatePipelineCommand for pipeline:PipelineID=b9e218c2-fe6d-4cc4-8343-22954514a2df to datanode:5e80796c-08e2-49d7-ac91-a54e72c24940
2022-08-04 23:31:08,374 [RatisPipelineUtilsThread - 0] INFO  pipeline.PipelineStateManagerImpl (PipelineStateManagerImpl.java:addPipeline(103)) - Created pipeline Pipeline[ Id: b9e218c2-fe6d-4cc4-8343-22954514a2df, Nodes: 8a384bf1-39eb-472e-85d6-2b3bc7de0419{ip: 10.1.0.37, host: fv-az241-597.bb25ywkzvhnelkltyshw0e441e.jx.internal.cloudapp.net, ports: [REPLICATION=45451, RATIS=42895, RATIS_ADMIN=42895, RATIS_SERVER=42895, STANDALONE=43745], networkLocation: /default-rack, certSerialId: null, persistedOpState: IN_SERVICE, persistedOpStateExpiryEpochSec: 0}835f1f02-615d-4531-8f70-bc26023eea88{ip: 10.1.0.37, host: fv-az241-597.bb25ywkzvhnelkltyshw0e441e.jx.internal.cloudapp.net, ports: [REPLICATION=46501, RATIS=40083, RATIS_ADMIN=40083, RATIS_SERVER=40083, STANDALONE=44113], networkLocation: /default-rack, certSerialId: null, persistedOpState: IN_SERVICE, persistedOpStateExpiryEpochSec: 0}5e80796c-08e2-49d7-ac91-a54e72c24940{ip: 10.1.0.37, host: fv-az241-597.bb25ywkzvhnelkltyshw0e441e.jx.internal.cloudapp.net, ports: [REPLICATION=41237, RATIS=40655, RATIS_ADMIN=40655, RATIS_SERVER=40655, STANDALONE=33977], networkLocation: /default-rack, certSerialId: null, persistedOpState: IN_SERVICE, persistedOpStateExpiryEpochSec: 0}, ReplicationConfig: RATIS/THREE, State:ALLOCATED, leaderId:, CreationTimestamp2022-08-04T23:31:08.374Z[Etc/UTC]].
2022-08-04 23:31:08,375 [RatisPipelineUtilsThread - 0] INFO  pipeline.PipelineManagerImpl (PipelineManagerImpl.java:recordMetricsForPipeline(796)) - Pipeline: PipelineID=b9e218c2-fe6d-4cc4-8343-22954514a2df contains same datanodes as previous pipelines: PipelineID=d37a547a-e99c-4b85-b3a0-e99df7e95da6 nodeIds: 8a384bf1-39eb-472e-85d6-2b3bc7de0419, 835f1f02-615d-4531-8f70-bc26023eea88, 5e80796c-08e2-49d7-ac91-a54e72c24940
2022-08-04 23:31:09,329 [Listener at 127.0.0.1/45741] INFO  ozone.MiniOzoneClusterImpl (MiniOzoneClusterImpl.java:lambda$waitForClusterToBeReady$0(216)) - Nodes are ready. Got 3 of 3 DN Heartbeats.
2022-08-04 23:31:09,329 [Listener at 127.0.0.1/45741] INFO  ozone.MiniOzoneClusterImpl (MiniOzoneClusterImpl.java:lambda$waitForClusterToBeReady$0(219)) - Waiting for cluster to exit safe mode
2022-08-04 23:31:09,329 [Listener at 127.0.0.1/45741] INFO  ozone.MiniOzoneClusterImpl (MiniOzoneClusterImpl.java:lambda$waitForClusterToBeReady$0(221)) - SCM became leader
2022-08-04 23:31:09,692 [Command processor thread] INFO  server.RaftServer (RaftServerProxy.java:addNew(96)) - 835f1f02-615d-4531-8f70-bc26023eea88: addNew group-C816EF70CD63:[835f1f02-615d-4531-8f70-bc26023eea88|rpc:10.1.0.37:40083|priority:1] returns group-C816EF70CD63:java.util.concurrent.CompletableFuture@5c8b61c7[Not completed]
2022-08-04 23:31:09,693 [pool-364-thread-1] INFO  server.RaftServer$Division (RaftServerImpl.java:<init>(190)) - 835f1f02-615d-4531-8f70-bc26023eea88: new RaftServerImpl for group-C816EF70CD63:[835f1f02-615d-4531-8f70-bc26023eea88|rpc:10.1.0.37:40083|priority:1] with ContainerStateMachine:uninitialized
2022-08-04 23:31:09,693 [pool-364-thread-1] INFO  server.RaftServerConfigKeys (ConfUtils.java:logGet(46)) - raft.server.rpc.timeout.min = 5s (custom)
2022-08-04 23:31:09,693 [pool-364-thread-1] INFO  server.RaftServerConfigKeys (ConfUtils.java:logGet(46)) - raft.server.rpc.timeout.max = 5200ms (custom)
2022-08-04 23:31:09,693 [pool-364-thread-1] INFO  server.RaftServerConfigKeys (ConfUtils.java:logGet(46)) - raft.server.rpc.sleep.time = 25ms (default)
2022-08-04 23:31:09,693 [pool-364-thread-1] INFO  server.RaftServerConfigKeys (ConfUtils.java:logGet(46)) - raft.server.rpc.slowness.timeout = 300s (custom)
2022-08-04 23:31:09,693 [pool-364-thread-1] INFO  server.RaftServerConfigKeys (ConfUtils.java:logGet(46)) - raft.server.leaderelection.leader.step-down.wait-time = 10s (default)
2022-08-04 23:31:09,693 [pool-364-thread-1] INFO  server.RaftServerConfigKeys (ConfUtils.java:logGet(46)) - raft.server.sleep.deviation.threshold = 300ms (default)
2022-08-04 23:31:09,693 [pool-364-thread-1] INFO  server.RaftServer$Division (ServerState.java:<init>(107)) - 835f1f02-615d-4531-8f70-bc26023eea88@group-C816EF70CD63: ConfigurationManager, init=-1: [835f1f02-615d-4531-8f70-bc26023eea88|rpc:10.1.0.37:40083|priority:1], old=null, confs=<EMPTY_MAP>
2022-08-04 23:31:09,693 [pool-364-thread-1] INFO  server.RaftServerConfigKeys (ConfUtils.java:logGet(46)) - raft.server.storage.dir = [/home/runner/work/ozone/ozone/hadoop-ozone/integration-test/target/test-dir/MiniOzoneClusterImpl-ee856cd1-984e-43cb-9579-cb3e6fd39ea6/datanode-0/data/ratis] (custom)
2022-08-04 23:31:09,693 [pool-364-thread-1] INFO  server.RaftServerConfigKeys (ConfUtils.java:logGet(46)) - raft.server.log.corruption.policy = EXCEPTION (default)
2022-08-04 23:31:09,693 [pool-364-thread-1] INFO  server.RaftServerConfigKeys (ConfUtils.java:logGet(46)) - raft.server.storage.free-space.min = 0MB (=0) (default)
2022-08-04 23:31:09,694 [pool-364-thread-1] INFO  storage.RaftStorageDirectory (RaftStorageDirectoryImpl.java:analyzeStorage(135)) - The storage directory /home/runner/work/ozone/ozone/hadoop-ozone/integration-test/target/test-dir/MiniOzoneClusterImpl-ee856cd1-984e-43cb-9579-cb3e6fd39ea6/datanode-0/data/ratis/4e0258c4-eaa6-4b4a-b40b-c816ef70cd63 does not exist. Creating ...
2022-08-04 23:31:09,704 [pool-364-thread-1] INFO  storage.RaftStorageDirectory (RaftStorageDirectoryImpl.java:tryLock(230)) - Lock on /home/runner/work/ozone/ozone/hadoop-ozone/integration-test/target/test-dir/MiniOzoneClusterImpl-ee856cd1-984e-43cb-9579-cb3e6fd39ea6/datanode-0/data/ratis/4e0258c4-eaa6-4b4a-b40b-c816ef70cd63/in_use.lock acquired by nodename 5725@fv-az241-597
2022-08-04 23:31:09,707 [pool-364-thread-1] INFO  storage.RaftStorage (RaftStorageImpl.java:format(89)) - Storage directory /home/runner/work/ozone/ozone/hadoop-ozone/integration-test/target/test-dir/MiniOzoneClusterImpl-ee856cd1-984e-43cb-9579-cb3e6fd39ea6/datanode-0/data/ratis/4e0258c4-eaa6-4b4a-b40b-c816ef70cd63 has been successfully formatted.
2022-08-04 23:31:09,712 [pool-364-thread-1] INFO  ratis.ContainerStateMachine (ContainerStateMachine.java:loadSnapshot(236)) - group-C816EF70CD63: The snapshot info is null. Setting the last applied indexto:(t:0, i:~)
2022-08-04 23:31:09,712 [pool-364-thread-1] INFO  server.RaftServerConfigKeys (ConfUtils.java:logGet(46)) - raft.server.notification.no-leader.timeout = 300s (custom)
2022-08-04 23:31:09,712 [pool-364-thread-1] INFO  server.RaftServerConfigKeys (ConfUtils.java:logGet(46)) - raft.server.log.use.memory = false (default)
2022-08-04 23:31:09,712 [pool-364-thread-1] INFO  server.RaftServerConfigKeys (ConfUtils.java:logGet(46)) - raft.server.log.purge.gap = 1000000 (custom)
2022-08-04 23:31:09,712 [pool-364-thread-1] INFO  server.RaftServerConfigKeys (ConfUtils.java:logGet(46)) - raft.server.log.appender.buffer.byte-limit = 33554432 (custom)
2022-08-04 23:31:09,712 [pool-364-thread-1] INFO  server.RaftServerConfigKeys (ConfUtils.java:logGet(46)) - raft.server.log.statemachine.data.read.timeout = 1000ms (default)
2022-08-04 23:31:09,712 [pool-364-thread-1] INFO  server.RaftServerConfigKeys (ConfUtils.java:logGet(46)) - raft.server.log.segment.size.max = 1048576 (custom)
2022-08-04 23:31:09,713 [pool-364-thread-1] INFO  server.RaftServerConfigKeys (ConfUtils.java:logGet(46)) - raft.server.log.segment.cache.num.max = 2 (custom)
2022-08-04 23:31:09,713 [pool-364-thread-1] INFO  server.RaftServerConfigKeys (ConfUtils.java:logGet(46)) - raft.server.log.segment.cache.size.max = 200MB (=209715200) (default)
2022-08-04 23:31:09,713 [pool-364-thread-1] INFO  segmented.SegmentedRaftLogWorker (SegmentedRaftLogWorker.java:<init>(187)) - new 835f1f02-615d-4531-8f70-bc26023eea88@group-C816EF70CD63-SegmentedRaftLogWorker for RaftStorageImpl:Storage Directory /home/runner/work/ozone/ozone/hadoop-ozone/integration-test/target/test-dir/MiniOzoneClusterImpl-ee856cd1-984e-43cb-9579-cb3e6fd39ea6/datanode-0/data/ratis/4e0258c4-eaa6-4b4a-b40b-c816ef70cd63
2022-08-04 23:31:09,713 [pool-364-thread-1] INFO  server.RaftServerConfigKeys (ConfUtils.java:logGet(46)) - raft.server.log.queue.byte-limit = 4294967296 (custom)
2022-08-04 23:31:09,713 [pool-364-thread-1] INFO  server.RaftServerConfigKeys (ConfUtils.java:logGet(46)) - raft.server.log.queue.element-limit = 1024 (custom)
2022-08-04 23:31:09,713 [pool-364-thread-1] INFO  server.RaftServerConfigKeys (ConfUtils.java:logGet(46)) - raft.server.log.segment.size.max = 1048576 (custom)
2022-08-04 23:31:09,713 [pool-364-thread-1] INFO  server.RaftServerConfigKeys (ConfUtils.java:logGet(46)) - raft.server.log.preallocated.size = 16384 (custom)
2022-08-04 23:31:09,713 [pool-364-thread-1] INFO  server.RaftServerConfigKeys (ConfUtils.java:logGet(46)) - raft.server.log.force.sync.num = 128 (default)
2022-08-04 23:31:09,713 [pool-364-thread-1] INFO  server.RaftServerConfigKeys (ConfUtils.java:logGet(46)) - raft.server.log.statemachine.data.sync = true (default)
2022-08-04 23:31:09,713 [pool-364-thread-1] INFO  server.RaftServerConfigKeys (ConfUtils.java:logGet(46)) - raft.server.log.statemachine.data.sync.timeout = 10s (default)
2022-08-04 23:31:09,713 [pool-364-thread-1] INFO  server.RaftServerConfigKeys (ConfUtils.java:logGet(46)) - raft.server.log.statemachine.data.sync.timeout.retry = -1 (default)
2022-08-04 23:31:09,714 [pool-364-thread-1] INFO  server.RaftServerConfigKeys (ConfUtils.java:logGet(46)) - raft.server.log.write.buffer.size = 1048576 (custom)
2022-08-04 23:31:09,714 [pool-364-thread-1] INFO  server.RaftServerConfigKeys (ConfUtils.java:logGet(46)) - raft.server.log.unsafe-flush.enabled = false (default)
2022-08-04 23:31:09,714 [pool-364-thread-1] INFO  server.RaftServerConfigKeys (ConfUtils.java:logGet(46)) - raft.server.log.statemachine.data.caching.enabled = true (custom)
2022-08-04 23:31:09,715 [pool-364-thread-1] INFO  segmented.SegmentedRaftLogWorker (SegmentedRaftLogWorker.java:lambda$new$0(135)) - 835f1f02-615d-4531-8f70-bc26023eea88@group-C816EF70CD63-SegmentedRaftLogWorker: flushIndex: setUnconditionally 0 -> -1
2022-08-04 23:31:09,715 [pool-364-thread-1] INFO  segmented.SegmentedRaftLogWorker (SegmentedRaftLogWorker.java:lambda$new$0(135)) - 835f1f02-615d-4531-8f70-bc26023eea88@group-C816EF70CD63-SegmentedRaftLogWorker: safeCacheEvictIndex: setUnconditionally 0 -> -1
2022-08-04 23:31:09,718 [pool-364-thread-1] INFO  server.RaftServerConfigKeys (ConfUtils.java:logGet(46)) - raft.server.snapshot.auto.trigger.enabled = true (custom)
2022-08-04 23:31:09,718 [pool-364-thread-1] INFO  server.RaftServerConfigKeys (ConfUtils.java:logGet(46)) - raft.server.snapshot.auto.trigger.threshold = 10000 (custom)
2022-08-04 23:31:09,718 [pool-364-thread-1] INFO  server.RaftServerConfigKeys (ConfUtils.java:logGet(46)) - raft.server.snapshot.retention.file.num = 5 (custom)
2022-08-04 23:31:09,718 [pool-364-thread-1] INFO  server.RaftServerConfigKeys (ConfUtils.java:logGet(46)) - raft.server.log.purge.upto.snapshot.index = false (default)
2022-08-04 23:31:09,718 [pool-364-thread-1] INFO  server.RaftServerConfigKeys (ConfUtils.java:logGet(46)) - raft.server.retrycache.expirytime = 600000ms (custom)
2022-08-04 23:31:09,718 [pool-364-thread-1] INFO  server.RaftServerConfigKeys (ConfUtils.java:logGet(46)) - raft.server.retrycache.statistics.expirytime = 100μs (default)
2022-08-04 23:31:09,719 [pool-364-thread-1] INFO  server.RaftServerConfigKeys (ConfUtils.java:logGet(46)) - raft.server.log.appender.install.snapshot.enabled = false (custom)
2022-08-04 23:31:09,719 [pool-364-thread-1] INFO  server.RaftServerConfigKeys (ConfUtils.java:logGet(46)) - raft.server.threadpool.server.cached = true (default)
2022-08-04 23:31:09,719 [pool-364-thread-1] INFO  server.RaftServerConfigKeys (ConfUtils.java:logGet(46)) - raft.server.threadpool.server.size = 0 (default)
2022-08-04 23:31:09,719 [pool-364-thread-1] INFO  server.RaftServerConfigKeys (ConfUtils.java:logGet(46)) - raft.server.threadpool.client.cached = true (default)
2022-08-04 23:31:09,719 [pool-364-thread-1] INFO  server.RaftServerConfigKeys (ConfUtils.java:logGet(46)) - raft.server.threadpool.client.size = 0 (default)
2022-08-04 23:31:09,719 [pool-364-thread-1] INFO  server.RaftServer$Division (RaftServerImpl.java:start(310)) - 835f1f02-615d-4531-8f70-bc26023eea88@group-C816EF70CD63: start as a follower, conf=-1: [835f1f02-615d-4531-8f70-bc26023eea88|rpc:10.1.0.37:40083|priority:1], old=null
2022-08-04 23:31:09,720 [pool-364-thread-1] INFO  server.RaftServer$Division (RaftServerImpl.java:setRole(299)) - 835f1f02-615d-4531-8f70-bc26023eea88@group-C816EF70CD63: changes role from      null to FOLLOWER at term 0 for startAsFollower
2022-08-04 23:31:09,720 [pool-364-thread-1] INFO  impl.RoleInfo (RoleInfo.java:updateAndGet(139)) - 835f1f02-615d-4531-8f70-bc26023eea88: start 835f1f02-615d-4531-8f70-bc26023eea88@group-C816EF70CD63-FollowerState
2022-08-04 23:31:09,727 [pool-364-thread-1] INFO  util.JmxRegister (JmxRegister.java:tryRegister(44)) - Successfully registered JMX Bean with object name Ratis:service=RaftServer,group=group-C816EF70CD63,id=835f1f02-615d-4531-8f70-bc26023eea88
2022-08-04 23:31:09,735 [Command processor thread] INFO  ratis.XceiverServerRatis (XceiverServerRatis.java:addGroup(765)) - Created group PipelineID=4e0258c4-eaa6-4b4a-b40b-c816ef70cd63
2022-08-04 23:31:09,735 [Command processor thread] INFO  commandhandler.CreatePipelineCommandHandler (CreatePipelineCommandHandler.java:handle(113)) - Created Pipeline RATIS ONE PipelineID=4e0258c4-eaa6-4b4a-b40b-c816ef70cd63.
2022-08-04 23:31:09,736 [Command processor thread] INFO  server.RaftServer (RaftServerProxy.java:addNew(96)) - 835f1f02-615d-4531-8f70-bc26023eea88: addNew group-E99DF7E95DA6:[8a384bf1-39eb-472e-85d6-2b3bc7de0419|rpc:10.1.0.37:42895|priority:0, 835f1f02-615d-4531-8f70-bc26023eea88|rpc:10.1.0.37:40083|priority:1, 5e80796c-08e2-49d7-ac91-a54e72c24940|rpc:10.1.0.37:40655|priority:0] returns group-E99DF7E95DA6:java.util.concurrent.CompletableFuture@58b4ee8e[Not completed]
2022-08-04 23:31:09,736 [pool-364-thread-1] INFO  server.RaftServer$Division (RaftServerImpl.java:<init>(190)) - 835f1f02-615d-4531-8f70-bc26023eea88: new RaftServerImpl for group-E99DF7E95DA6:[8a384bf1-39eb-472e-85d6-2b3bc7de0419|rpc:10.1.0.37:42895|priority:0, 835f1f02-615d-4531-8f70-bc26023eea88|rpc:10.1.0.37:40083|priority:1, 5e80796c-08e2-49d7-ac91-a54e72c24940|rpc:10.1.0.37:40655|priority:0] with ContainerStateMachine:uninitialized
2022-08-04 23:31:09,736 [pool-364-thread-1] INFO  server.RaftServerConfigKeys (ConfUtils.java:logGet(46)) - raft.server.rpc.timeout.min = 5s (custom)
2022-08-04 23:31:09,737 [pool-364-thread-1] INFO  server.RaftServerConfigKeys (ConfUtils.java:logGet(46)) - raft.server.rpc.timeout.max = 5200ms (custom)
2022-08-04 23:31:09,737 [pool-364-thread-1] INFO  server.RaftServerConfigKeys (ConfUtils.java:logGet(46)) - raft.server.rpc.sleep.time = 25ms (default)
2022-08-04 23:31:09,737 [pool-364-thread-1] INFO  server.RaftServerConfigKeys (ConfUtils.java:logGet(46)) - raft.server.rpc.slowness.timeout = 300s (custom)
2022-08-04 23:31:09,737 [pool-364-thread-1] INFO  server.RaftServerConfigKeys (ConfUtils.java:logGet(46)) - raft.server.leaderelection.leader.step-down.wait-time = 10s (default)
2022-08-04 23:31:09,737 [pool-364-thread-1] INFO  server.RaftServerConfigKeys (ConfUtils.java:logGet(46)) - raft.server.sleep.deviation.threshold = 300ms (default)
2022-08-04 23:31:09,737 [pool-364-thread-1] INFO  server.RaftServer$Division (ServerState.java:<init>(107)) - 835f1f02-615d-4531-8f70-bc26023eea88@group-E99DF7E95DA6: ConfigurationManager, init=-1: [8a384bf1-39eb-472e-85d6-2b3bc7de0419|rpc:10.1.0.37:42895|priority:0, 835f1f02-615d-4531-8f70-bc26023eea88|rpc:10.1.0.37:40083|priority:1, 5e80796c-08e2-49d7-ac91-a54e72c24940|rpc:10.1.0.37:40655|priority:0], old=null, confs=<EMPTY_MAP>
2022-08-04 23:31:09,737 [pool-364-thread-1] INFO  server.RaftServerConfigKeys (ConfUtils.java:logGet(46)) - raft.server.storage.dir = [/home/runner/work/ozone/ozone/hadoop-ozone/integration-test/target/test-dir/MiniOzoneClusterImpl-ee856cd1-984e-43cb-9579-cb3e6fd39ea6/datanode-0/data/ratis] (custom)
2022-08-04 23:31:09,737 [pool-364-thread-1] INFO  server.RaftServerConfigKeys (ConfUtils.java:logGet(46)) - raft.server.log.corruption.policy = EXCEPTION (default)
2022-08-04 23:31:09,737 [pool-364-thread-1] INFO  server.RaftServerConfigKeys (ConfUtils.java:logGet(46)) - raft.server.storage.free-space.min = 0MB (=0) (default)
2022-08-04 23:31:09,737 [pool-364-thread-1] INFO  storage.RaftStorageDirectory (RaftStorageDirectoryImpl.java:analyzeStorage(135)) - The storage directory /home/runner/work/ozone/ozone/hadoop-ozone/integration-test/target/test-dir/MiniOzoneClusterImpl-ee856cd1-984e-43cb-9579-cb3e6fd39ea6/datanode-0/data/ratis/d37a547a-e99c-4b85-b3a0-e99df7e95da6 does not exist. Creating ...
2022-08-04 23:31:09,741 [pool-364-thread-1] INFO  storage.RaftStorageDirectory (RaftStorageDirectoryImpl.java:tryLock(230)) - Lock on /home/runner/work/ozone/ozone/hadoop-ozone/integration-test/target/test-dir/MiniOzoneClusterImpl-ee856cd1-984e-43cb-9579-cb3e6fd39ea6/datanode-0/data/ratis/d37a547a-e99c-4b85-b3a0-e99df7e95da6/in_use.lock acquired by nodename 5725@fv-az241-597
2022-08-04 23:31:09,742 [pool-364-thread-1] INFO  storage.RaftStorage (RaftStorageImpl.java:format(89)) - Storage directory /home/runner/work/ozone/ozone/hadoop-ozone/integration-test/target/test-dir/MiniOzoneClusterImpl-ee856cd1-984e-43cb-9579-cb3e6fd39ea6/datanode-0/data/ratis/d37a547a-e99c-4b85-b3a0-e99df7e95da6 has been successfully formatted.
2022-08-04 23:31:09,742 [pool-364-thread-1] INFO  ratis.ContainerStateMachine (ContainerStateMachine.java:loadSnapshot(236)) - group-E99DF7E95DA6: The snapshot info is null. Setting the last applied indexto:(t:0, i:~)
2022-08-04 23:31:09,742 [pool-364-thread-1] INFO  server.RaftServerConfigKeys (ConfUtils.java:logGet(46)) - raft.server.notification.no-leader.timeout = 300s (custom)
2022-08-04 23:31:09,743 [pool-364-thread-1] INFO  server.RaftServerConfigKeys (ConfUtils.java:logGet(46)) - raft.server.log.use.memory = false (default)
2022-08-04 23:31:09,743 [pool-364-thread-1] INFO  server.RaftServerConfigKeys (ConfUtils.java:logGet(46)) - raft.server.log.purge.gap = 1000000 (custom)
2022-08-04 23:31:09,743 [pool-364-thread-1] INFO  server.RaftServerConfigKeys (ConfUtils.java:logGet(46)) - raft.server.log.appender.buffer.byte-limit = 33554432 (custom)
2022-08-04 23:31:09,743 [pool-364-thread-1] INFO  server.RaftServerConfigKeys (ConfUtils.java:logGet(46)) - raft.server.log.statemachine.data.read.timeout = 1000ms (default)
2022-08-04 23:31:09,743 [pool-364-thread-1] INFO  server.RaftServerConfigKeys (ConfUtils.java:logGet(46)) - raft.server.log.segment.size.max = 1048576 (custom)
2022-08-04 23:31:09,743 [pool-364-thread-1] INFO  server.RaftServerConfigKeys (ConfUtils.java:logGet(46)) - raft.server.log.segment.cache.num.max = 2 (custom)
2022-08-04 23:31:09,743 [pool-364-thread-1] INFO  server.RaftServerConfigKeys (ConfUtils.java:logGet(46)) - raft.server.log.segment.cache.size.max = 200MB (=209715200) (default)
2022-08-04 23:31:09,743 [pool-364-thread-1] INFO  segmented.SegmentedRaftLogWorker (SegmentedRaftLogWorker.java:<init>(187)) - new 835f1f02-615d-4531-8f70-bc26023eea88@group-E99DF7E95DA6-SegmentedRaftLogWorker for RaftStorageImpl:Storage Directory /home/runner/work/ozone/ozone/hadoop-ozone/integration-test/target/test-dir/MiniOzoneClusterImpl-ee856cd1-984e-43cb-9579-cb3e6fd39ea6/datanode-0/data/ratis/d37a547a-e99c-4b85-b3a0-e99df7e95da6
2022-08-04 23:31:09,743 [pool-364-thread-1] INFO  server.RaftServerConfigKeys (ConfUtils.java:logGet(46)) - raft.server.log.queue.byte-limit = 4294967296 (custom)
2022-08-04 23:31:09,743 [pool-364-thread-1] INFO  server.RaftServerConfigKeys (ConfUtils.java:logGet(46)) - raft.server.log.queue.element-limit = 1024 (custom)
2022-08-04 23:31:09,743 [pool-364-thread-1] INFO  server.RaftServerConfigKeys (ConfUtils.java:logGet(46)) - raft.server.log.segment.size.max = 1048576 (custom)
2022-08-04 23:31:09,743 [pool-364-thread-1] INFO  server.RaftServerConfigKeys (ConfUtils.java:logGet(46)) - raft.server.log.preallocated.size = 16384 (custom)
2022-08-04 23:31:09,743 [pool-364-thread-1] INFO  server.RaftServerConfigKeys (ConfUtils.java:logGet(46)) - raft.server.log.force.sync.num = 128 (default)
2022-08-04 23:31:09,743 [pool-364-thread-1] INFO  server.RaftServerConfigKeys (ConfUtils.java:logGet(46)) - raft.server.log.statemachine.data.sync = true (default)
2022-08-04 23:31:09,743 [pool-364-thread-1] INFO  server.RaftServerConfigKeys (ConfUtils.java:logGet(46)) - raft.server.log.statemachine.data.sync.timeout = 10s (default)
2022-08-04 23:31:09,744 [pool-364-thread-1] INFO  server.RaftServerConfigKeys (ConfUtils.java:logGet(46)) - raft.server.log.statemachine.data.sync.timeout.retry = -1 (default)
2022-08-04 23:31:09,744 [pool-364-thread-1] INFO  server.RaftServerConfigKeys (ConfUtils.java:logGet(46)) - raft.server.log.write.buffer.size = 1048576 (custom)
2022-08-04 23:31:09,745 [pool-364-thread-1] INFO  server.RaftServerConfigKeys (ConfUtils.java:logGet(46)) - raft.server.log.unsafe-flush.enabled = false (default)
2022-08-04 23:31:09,745 [pool-364-thread-1] INFO  server.RaftServerConfigKeys (ConfUtils.java:logGet(46)) - raft.server.log.statemachine.data.caching.enabled = true (custom)
2022-08-04 23:31:09,745 [pool-364-thread-1] INFO  segmented.SegmentedRaftLogWorker (SegmentedRaftLogWorker.java:lambda$new$0(135)) - 835f1f02-615d-4531-8f70-bc26023eea88@group-E99DF7E95DA6-SegmentedRaftLogWorker: flushIndex: setUnconditionally 0 -> -1
2022-08-04 23:31:09,745 [pool-364-thread-1] INFO  segmented.SegmentedRaftLogWorker (SegmentedRaftLogWorker.java:lambda$new$0(135)) - 835f1f02-615d-4531-8f70-bc26023eea88@group-E99DF7E95DA6-SegmentedRaftLogWorker: safeCacheEvictIndex: setUnconditionally 0 -> -1
2022-08-04 23:31:09,773 [pool-364-thread-1] INFO  server.RaftServerConfigKeys (ConfUtils.java:logGet(46)) - raft.server.snapshot.auto.trigger.enabled = true (custom)
2022-08-04 23:31:09,773 [pool-364-thread-1] INFO  server.RaftServerConfigKeys (ConfUtils.java:logGet(46)) - raft.server.snapshot.auto.trigger.threshold = 10000 (custom)
2022-08-04 23:31:09,773 [pool-364-thread-1] INFO  server.RaftServerConfigKeys (ConfUtils.java:logGet(46)) - raft.server.snapshot.retention.file.num = 5 (custom)
2022-08-04 23:31:09,773 [pool-364-thread-1] INFO  server.RaftServerConfigKeys (ConfUtils.java:logGet(46)) - raft.server.log.purge.upto.snapshot.index = false (default)
2022-08-04 23:31:09,773 [pool-364-thread-1] INFO  server.RaftServerConfigKeys (ConfUtils.java:logGet(46)) - raft.server.retrycache.expirytime = 600000ms (custom)
2022-08-04 23:31:09,773 [pool-364-thread-1] INFO  server.RaftServerConfigKeys (ConfUtils.java:logGet(46)) - raft.server.retrycache.statistics.expirytime = 100μs (default)
2022-08-04 23:31:09,774 [pool-364-thread-1] INFO  server.RaftServerConfigKeys (ConfUtils.java:logGet(46)) - raft.server.log.appender.install.snapshot.enabled = false (custom)
2022-08-04 23:31:09,774 [pool-364-thread-1] INFO  server.RaftServerConfigKeys (ConfUtils.java:logGet(46)) - raft.server.threadpool.server.cached = true (default)
2022-08-04 23:31:09,774 [pool-364-thread-1] INFO  server.RaftServerConfigKeys (ConfUtils.java:logGet(46)) - raft.server.threadpool.server.size = 0 (default)
2022-08-04 23:31:09,774 [pool-364-thread-1] INFO  server.RaftServerConfigKeys (ConfUtils.java:logGet(46)) - raft.server.threadpool.client.cached = true (default)
2022-08-04 23:31:09,774 [pool-364-thread-1] INFO  server.RaftServerConfigKeys (ConfUtils.java:logGet(46)) - raft.server.threadpool.client.size = 0 (default)
2022-08-04 23:31:09,774 [pool-364-thread-1] INFO  server.RaftServer$Division (RaftServerImpl.java:start(310)) - 835f1f02-615d-4531-8f70-bc26023eea88@group-E99DF7E95DA6: start as a follower, conf=-1: [8a384bf1-39eb-472e-85d6-2b3bc7de0419|rpc:10.1.0.37:42895|priority:0, 835f1f02-615d-4531-8f70-bc26023eea88|rpc:10.1.0.37:40083|priority:1, 5e80796c-08e2-49d7-ac91-a54e72c24940|rpc:10.1.0.37:40655|priority:0], old=null
2022-08-04 23:31:09,774 [pool-364-thread-1] INFO  server.RaftServer$Division (RaftServerImpl.java:setRole(299)) - 835f1f02-615d-4531-8f70-bc26023eea88@group-E99DF7E95DA6: changes role from      null to FOLLOWER at term 0 for startAsFollower
2022-08-04 23:31:09,774 [pool-364-thread-1] INFO  impl.RoleInfo (RoleInfo.java:updateAndGet(139)) - 835f1f02-615d-4531-8f70-bc26023eea88: start 835f1f02-615d-4531-8f70-bc26023eea88@group-E99DF7E95DA6-FollowerState
2022-08-04 23:31:09,777 [pool-364-thread-1] INFO  util.JmxRegister (JmxRegister.java:tryRegister(44)) - Successfully registered JMX Bean with object name Ratis:service=RaftServer,group=group-E99DF7E95DA6,id=835f1f02-615d-4531-8f70-bc26023eea88
2022-08-04 23:31:09,778 [EventQueue-PipelineReportForPipelineReportHandler] INFO  pipeline.PipelineManagerImpl (PipelineManagerImpl.java:openPipeline(367)) - Pipeline Pipeline[ Id: 4e0258c4-eaa6-4b4a-b40b-c816ef70cd63, Nodes: 835f1f02-615d-4531-8f70-bc26023eea88{ip: 10.1.0.37, host: fv-az241-597.bb25ywkzvhnelkltyshw0e441e.jx.internal.cloudapp.net, ports: [REPLICATION=46501, RATIS=40083, RATIS_ADMIN=40083, RATIS_SERVER=40083, STANDALONE=44113], networkLocation: /default-rack, certSerialId: null, persistedOpState: IN_SERVICE, persistedOpStateExpiryEpochSec: 0}, ReplicationConfig: RATIS/ONE, State:ALLOCATED, leaderId:835f1f02-615d-4531-8f70-bc26023eea88, CreationTimestamp2022-08-04T23:31:06.656Z[Etc/UTC]] moved to OPEN state
2022-08-04 23:31:09,795 [Command processor thread] INFO  ratis.XceiverServerRatis (XceiverServerRatis.java:addGroup(765)) - Created group PipelineID=d37a547a-e99c-4b85-b3a0-e99df7e95da6
2022-08-04 23:31:09,807 [EventQueue-OpenPipelineForHealthyPipelineSafeModeRule] INFO  safemode.SCMSafeModeManager (HealthyPipelineSafeModeRule.java:process(137)) - SCM in safe mode. Healthy pipelines reported count is 0, required healthy pipeline reported count is 1
2022-08-04 23:31:09,836 [grpc-default-executor-0] INFO  server.RaftServer (RaftServerProxy.java:addNew(96)) - 5e80796c-08e2-49d7-ac91-a54e72c24940: addNew group-E99DF7E95DA6:[8a384bf1-39eb-472e-85d6-2b3bc7de0419|rpc:10.1.0.37:42895|dataStream:|priority:0, 835f1f02-615d-4531-8f70-bc26023eea88|rpc:10.1.0.37:40083|dataStream:|priority:1, 5e80796c-08e2-49d7-ac91-a54e72c24940|rpc:10.1.0.37:40655|dataStream:|priority:0] returns group-E99DF7E95DA6:java.util.concurrent.CompletableFuture@3a5d86a[Not completed]
2022-08-04 23:31:09,837 [pool-387-thread-1] INFO  server.RaftServer$Division (RaftServerImpl.java:<init>(190)) - 5e80796c-08e2-49d7-ac91-a54e72c24940: new RaftServerImpl for group-E99DF7E95DA6:[8a384bf1-39eb-472e-85d6-2b3bc7de0419|rpc:10.1.0.37:42895|dataStream:|priority:0, 835f1f02-615d-4531-8f70-bc26023eea88|rpc:10.1.0.37:40083|dataStream:|priority:1, 5e80796c-08e2-49d7-ac91-a54e72c24940|rpc:10.1.0.37:40655|dataStream:|priority:0] with ContainerStateMachine:uninitialized
2022-08-04 23:31:09,837 [pool-387-thread-1] INFO  server.RaftServerConfigKeys (ConfUtils.java:logGet(46)) - raft.server.rpc.timeout.min = 5s (custom)
2022-08-04 23:31:09,837 [pool-387-thread-1] INFO  server.RaftServerConfigKeys (ConfUtils.java:logGet(46)) - raft.server.rpc.timeout.max = 5200ms (custom)
2022-08-04 23:31:09,837 [pool-387-thread-1] INFO  server.RaftServerConfigKeys (ConfUtils.java:logGet(46)) - raft.server.rpc.sleep.time = 25ms (default)
2022-08-04 23:31:09,837 [pool-387-thread-1] INFO  server.RaftServerConfigKeys (ConfUtils.java:logGet(46)) - raft.server.rpc.slowness.timeout = 300s (custom)
2022-08-04 23:31:09,837 [pool-387-thread-1] INFO  server.RaftServerConfigKeys (ConfUtils.java:logGet(46)) - raft.server.leaderelection.leader.step-down.wait-time = 10s (default)
2022-08-04 23:31:09,837 [pool-387-thread-1] INFO  server.RaftServerConfigKeys (ConfUtils.java:logGet(46)) - raft.server.sleep.deviation.threshold = 300ms (default)
2022-08-04 23:31:09,837 [pool-387-thread-1] INFO  server.RaftServer$Division (ServerState.java:<init>(107)) - 5e80796c-08e2-49d7-ac91-a54e72c24940@group-E99DF7E95DA6: ConfigurationManager, init=-1: [8a384bf1-39eb-472e-85d6-2b3bc7de0419|rpc:10.1.0.37:42895|dataStream:|priority:0, 835f1f02-615d-4531-8f70-bc26023eea88|rpc:10.1.0.37:40083|dataStream:|priority:1, 5e80796c-08e2-49d7-ac91-a54e72c24940|rpc:10.1.0.37:40655|dataStream:|priority:0], old=null, confs=<EMPTY_MAP>
2022-08-04 23:31:09,838 [pool-387-thread-1] INFO  server.RaftServerConfigKeys (ConfUtils.java:logGet(46)) - raft.server.storage.dir = [/home/runner/work/ozone/ozone/hadoop-ozone/integration-test/target/test-dir/MiniOzoneClusterImpl-ee856cd1-984e-43cb-9579-cb3e6fd39ea6/datanode-1/data/ratis] (custom)
2022-08-04 23:31:09,838 [pool-387-thread-1] INFO  server.RaftServerConfigKeys (ConfUtils.java:logGet(46)) - raft.server.log.corruption.policy = EXCEPTION (default)
2022-08-04 23:31:09,838 [pool-387-thread-1] INFO  server.RaftServerConfigKeys (ConfUtils.java:logGet(46)) - raft.server.storage.free-space.min = 0MB (=0) (default)
2022-08-04 23:31:09,838 [pool-387-thread-1] INFO  storage.RaftStorageDirectory (RaftStorageDirectoryImpl.java:analyzeStorage(135)) - The storage directory /home/runner/work/ozone/ozone/hadoop-ozone/integration-test/target/test-dir/MiniOzoneClusterImpl-ee856cd1-984e-43cb-9579-cb3e6fd39ea6/datanode-1/data/ratis/d37a547a-e99c-4b85-b3a0-e99df7e95da6 does not exist. Creating ...
2022-08-04 23:31:09,855 [pool-387-thread-1] INFO  storage.RaftStorageDirectory (RaftStorageDirectoryImpl.java:tryLock(230)) - Lock on /home/runner/work/ozone/ozone/hadoop-ozone/integration-test/target/test-dir/MiniOzoneClusterImpl-ee856cd1-984e-43cb-9579-cb3e6fd39ea6/datanode-1/data/ratis/d37a547a-e99c-4b85-b3a0-e99df7e95da6/in_use.lock acquired by nodename 5725@fv-az241-597
2022-08-04 23:31:09,858 [pool-387-thread-1] INFO  storage.RaftStorage (RaftStorageImpl.java:format(89)) - Storage directory /home/runner/work/ozone/ozone/hadoop-ozone/integration-test/target/test-dir/MiniOzoneClusterImpl-ee856cd1-984e-43cb-9579-cb3e6fd39ea6/datanode-1/data/ratis/d37a547a-e99c-4b85-b3a0-e99df7e95da6 has been successfully formatted.
2022-08-04 23:31:09,859 [pool-387-thread-1] INFO  ratis.ContainerStateMachine (ContainerStateMachine.java:loadSnapshot(236)) - group-E99DF7E95DA6: The snapshot info is null. Setting the last applied indexto:(t:0, i:~)
2022-08-04 23:31:09,859 [pool-387-thread-1] INFO  server.RaftServerConfigKeys (ConfUtils.java:logGet(46)) - raft.server.notification.no-leader.timeout = 300s (custom)
2022-08-04 23:31:09,859 [pool-387-thread-1] INFO  server.RaftServerConfigKeys (ConfUtils.java:logGet(46)) - raft.server.log.use.memory = false (default)
2022-08-04 23:31:09,859 [pool-387-thread-1] INFO  server.RaftServerConfigKeys (ConfUtils.java:logGet(46)) - raft.server.log.purge.gap = 1000000 (custom)
2022-08-04 23:31:09,861 [pool-387-thread-1] INFO  server.RaftServerConfigKeys (ConfUtils.java:logGet(46)) - raft.server.log.appender.buffer.byte-limit = 33554432 (custom)
2022-08-04 23:31:09,861 [pool-387-thread-1] INFO  server.RaftServerConfigKeys (ConfUtils.java:logGet(46)) - raft.server.log.statemachine.data.read.timeout = 1000ms (default)
2022-08-04 23:31:09,861 [pool-387-thread-1] INFO  server.RaftServerConfigKeys (ConfUtils.java:logGet(46)) - raft.server.log.segment.size.max = 1048576 (custom)
2022-08-04 23:31:09,862 [pool-387-thread-1] INFO  server.RaftServerConfigKeys (ConfUtils.java:logGet(46)) - raft.server.log.segment.cache.num.max = 2 (custom)
2022-08-04 23:31:09,862 [pool-387-thread-1] INFO  server.RaftServerConfigKeys (ConfUtils.java:logGet(46)) - raft.server.log.segment.cache.size.max = 200MB (=209715200) (default)
2022-08-04 23:31:09,862 [pool-387-thread-1] INFO  segmented.SegmentedRaftLogWorker (SegmentedRaftLogWorker.java:<init>(187)) - new 5e80796c-08e2-49d7-ac91-a54e72c24940@group-E99DF7E95DA6-SegmentedRaftLogWorker for RaftStorageImpl:Storage Directory /home/runner/work/ozone/ozone/hadoop-ozone/integration-test/target/test-dir/MiniOzoneClusterImpl-ee856cd1-984e-43cb-9579-cb3e6fd39ea6/datanode-1/data/ratis/d37a547a-e99c-4b85-b3a0-e99df7e95da6
2022-08-04 23:31:09,862 [pool-387-thread-1] INFO  server.RaftServerConfigKeys (ConfUtils.java:logGet(46)) - raft.server.log.queue.byte-limit = 4294967296 (custom)
2022-08-04 23:31:09,862 [pool-387-thread-1] INFO  server.RaftServerConfigKeys (ConfUtils.java:logGet(46)) - raft.server.log.queue.element-limit = 1024 (custom)
2022-08-04 23:31:09,862 [pool-387-thread-1] INFO  server.RaftServerConfigKeys (ConfUtils.java:logGet(46)) - raft.server.log.segment.size.max = 1048576 (custom)
2022-08-04 23:31:09,862 [pool-387-thread-1] INFO  server.RaftServerConfigKeys (ConfUtils.java:logGet(46)) - raft.server.log.preallocated.size = 16384 (custom)
2022-08-04 23:31:09,862 [pool-387-thread-1] INFO  server.RaftServerConfigKeys (ConfUtils.java:logGet(46)) - raft.server.log.force.sync.num = 128 (default)
2022-08-04 23:31:09,862 [pool-387-thread-1] INFO  server.RaftServerConfigKeys (ConfUtils.java:logGet(46)) - raft.server.log.statemachine.data.sync = true (default)
2022-08-04 23:31:09,862 [pool-387-thread-1] INFO  server.RaftServerConfigKeys (ConfUtils.java:logGet(46)) - raft.server.log.statemachine.data.sync.timeout = 10s (default)
2022-08-04 23:31:09,862 [pool-387-thread-1] INFO  server.RaftServerConfigKeys (ConfUtils.java:logGet(46)) - raft.server.log.statemachine.data.sync.timeout.retry = -1 (default)
2022-08-04 23:31:09,863 [pool-387-thread-1] INFO  server.RaftServerConfigKeys (ConfUtils.java:logGet(46)) - raft.server.log.write.buffer.size = 1048576 (custom)
2022-08-04 23:31:09,863 [pool-387-thread-1] INFO  server.RaftServerConfigKeys (ConfUtils.java:logGet(46)) - raft.server.log.unsafe-flush.enabled = false (default)
2022-08-04 23:31:09,863 [pool-387-thread-1] INFO  server.RaftServerConfigKeys (ConfUtils.java:logGet(46)) - raft.server.log.statemachine.data.caching.enabled = true (custom)
2022-08-04 23:31:09,864 [pool-387-thread-1] INFO  segmented.SegmentedRaftLogWorker (SegmentedRaftLogWorker.java:lambda$new$0(135)) - 5e80796c-08e2-49d7-ac91-a54e72c24940@group-E99DF7E95DA6-SegmentedRaftLogWorker: flushIndex: setUnconditionally 0 -> -1
2022-08-04 23:31:09,864 [pool-387-thread-1] INFO  segmented.SegmentedRaftLogWorker (SegmentedRaftLogWorker.java:lambda$new$0(135)) - 5e80796c-08e2-49d7-ac91-a54e72c24940@group-E99DF7E95DA6-SegmentedRaftLogWorker: safeCacheEvictIndex: setUnconditionally 0 -> -1
2022-08-04 23:31:09,870 [pool-387-thread-1] INFO  server.RaftServerConfigKeys (ConfUtils.java:logGet(46)) - raft.server.snapshot.auto.trigger.enabled = true (custom)
2022-08-04 23:31:09,870 [pool-387-thread-1] INFO  server.RaftServerConfigKeys (ConfUtils.java:logGet(46)) - raft.server.snapshot.auto.trigger.threshold = 10000 (custom)
2022-08-04 23:31:09,870 [pool-387-thread-1] INFO  server.RaftServerConfigKeys (ConfUtils.java:logGet(46)) - raft.server.snapshot.retention.file.num = 5 (custom)
2022-08-04 23:31:09,870 [pool-387-thread-1] INFO  server.RaftServerConfigKeys (ConfUtils.java:logGet(46)) - raft.server.log.purge.upto.snapshot.index = false (default)
2022-08-04 23:31:09,870 [pool-387-thread-1] INFO  server.RaftServerConfigKeys (ConfUtils.java:logGet(46)) - raft.server.retrycache.expirytime = 600000ms (custom)
2022-08-04 23:31:09,870 [pool-387-thread-1] INFO  server.RaftServerConfigKeys (ConfUtils.java:logGet(46)) - raft.server.retrycache.statistics.expirytime = 100μs (default)
2022-08-04 23:31:09,871 [pool-387-thread-1] INFO  server.RaftServerConfigKeys (ConfUtils.java:logGet(46)) - raft.server.log.appender.install.snapshot.enabled = false (custom)
2022-08-04 23:31:09,871 [pool-387-thread-1] INFO  server.RaftServerConfigKeys (ConfUtils.java:logGet(46)) - raft.server.threadpool.server.cached = true (default)
2022-08-04 23:31:09,871 [pool-387-thread-1] INFO  server.RaftServerConfigKeys (ConfUtils.java:logGet(46)) - raft.server.threadpool.server.size = 0 (default)
2022-08-04 23:31:09,871 [pool-387-thread-1] INFO  server.RaftServerConfigKeys (ConfUtils.java:logGet(46)) - raft.server.threadpool.client.cached = true (default)
2022-08-04 23:31:09,871 [pool-387-thread-1] INFO  server.RaftServerConfigKeys (ConfUtils.java:logGet(46)) - raft.server.threadpool.client.size = 0 (default)
2022-08-04 23:31:09,871 [pool-387-thread-1] INFO  server.RaftServer$Division (RaftServerImpl.java:start(310)) - 5e80796c-08e2-49d7-ac91-a54e72c24940@group-E99DF7E95DA6: start as a follower, conf=-1: [8a384bf1-39eb-472e-85d6-2b3bc7de0419|rpc:10.1.0.37:42895|dataStream:|priority:0, 835f1f02-615d-4531-8f70-bc26023eea88|rpc:10.1.0.37:40083|dataStream:|priority:1, 5e80796c-08e2-49d7-ac91-a54e72c24940|rpc:10.1.0.37:40655|dataStream:|priority:0], old=null
2022-08-04 23:31:09,871 [pool-387-thread-1] INFO  server.RaftServer$Division (RaftServerImpl.java:setRole(299)) - 5e80796c-08e2-49d7-ac91-a54e72c24940@group-E99DF7E95DA6: changes role from      null to FOLLOWER at term 0 for startAsFollower
2022-08-04 23:31:09,871 [pool-387-thread-1] INFO  impl.RoleInfo (RoleInfo.java:updateAndGet(139)) - 5e80796c-08e2-49d7-ac91-a54e72c24940: start 5e80796c-08e2-49d7-ac91-a54e72c24940@group-E99DF7E95DA6-FollowerState
2022-08-04 23:31:09,875 [pool-387-thread-1] INFO  util.JmxRegister (JmxRegister.java:tryRegister(44)) - Successfully registered JMX Bean with object name Ratis:service=RaftServer,group=group-E99DF7E95DA6,id=5e80796c-08e2-49d7-ac91-a54e72c24940
2022-08-04 23:31:09,958 [grpc-default-executor-1] INFO  server.RaftServer (RaftServerProxy.java:addNew(96)) - 8a384bf1-39eb-472e-85d6-2b3bc7de0419: addNew group-E99DF7E95DA6:[8a384bf1-39eb-472e-85d6-2b3bc7de0419|rpc:10.1.0.37:42895|dataStream:|priority:0, 835f1f02-615d-4531-8f70-bc26023eea88|rpc:10.1.0.37:40083|dataStream:|priority:1, 5e80796c-08e2-49d7-ac91-a54e72c24940|rpc:10.1.0.37:40655|dataStream:|priority:0] returns group-E99DF7E95DA6:java.util.concurrent.CompletableFuture@24fbb8a8[Not completed]
2022-08-04 23:31:09,978 [pool-410-thread-1] INFO  server.RaftServer$Division (RaftServerImpl.java:<init>(190)) - 8a384bf1-39eb-472e-85d6-2b3bc7de0419: new RaftServerImpl for group-E99DF7E95DA6:[8a384bf1-39eb-472e-85d6-2b3bc7de0419|rpc:10.1.0.37:42895|dataStream:|priority:0, 835f1f02-615d-4531-8f70-bc26023eea88|rpc:10.1.0.37:40083|dataStream:|priority:1, 5e80796c-08e2-49d7-ac91-a54e72c24940|rpc:10.1.0.37:40655|dataStream:|priority:0] with ContainerStateMachine:uninitialized
2022-08-04 23:31:09,978 [pool-410-thread-1] INFO  server.RaftServerConfigKeys (ConfUtils.java:logGet(46)) - raft.server.rpc.timeout.min = 5s (custom)
2022-08-04 23:31:09,978 [pool-410-thread-1] INFO  server.RaftServerConfigKeys (ConfUtils.java:logGet(46)) - raft.server.rpc.timeout.max = 5200ms (custom)
2022-08-04 23:31:09,978 [pool-410-thread-1] INFO  server.RaftServerConfigKeys (ConfUtils.java:logGet(46)) - raft.server.rpc.sleep.time = 25ms (default)
2022-08-04 23:31:09,978 [pool-410-thread-1] INFO  server.RaftServerConfigKeys (ConfUtils.java:logGet(46)) - raft.server.rpc.slowness.timeout = 300s (custom)
2022-08-04 23:31:09,978 [pool-410-thread-1] INFO  server.RaftServerConfigKeys (ConfUtils.java:logGet(46)) - raft.server.leaderelection.leader.step-down.wait-time = 10s (default)
2022-08-04 23:31:09,978 [pool-410-thread-1] INFO  server.RaftServerConfigKeys (ConfUtils.java:logGet(46)) - raft.server.sleep.deviation.threshold = 300ms (default)
2022-08-04 23:31:09,978 [pool-410-thread-1] INFO  server.RaftServer$Division (ServerState.java:<init>(107)) - 8a384bf1-39eb-472e-85d6-2b3bc7de0419@group-E99DF7E95DA6: ConfigurationManager, init=-1: [8a384bf1-39eb-472e-85d6-2b3bc7de0419|rpc:10.1.0.37:42895|dataStream:|priority:0, 835f1f02-615d-4531-8f70-bc26023eea88|rpc:10.1.0.37:40083|dataStream:|priority:1, 5e80796c-08e2-49d7-ac91-a54e72c24940|rpc:10.1.0.37:40655|dataStream:|priority:0], old=null, confs=<EMPTY_MAP>
2022-08-04 23:31:09,978 [pool-410-thread-1] INFO  server.RaftServerConfigKeys (ConfUtils.java:logGet(46)) - raft.server.storage.dir = [/home/runner/work/ozone/ozone/hadoop-ozone/integration-test/target/test-dir/MiniOzoneClusterImpl-ee856cd1-984e-43cb-9579-cb3e6fd39ea6/datanode-2/data/ratis] (custom)
2022-08-04 23:31:09,978 [pool-410-thread-1] INFO  server.RaftServerConfigKeys (ConfUtils.java:logGet(46)) - raft.server.log.corruption.policy = EXCEPTION (default)
2022-08-04 23:31:09,978 [pool-410-thread-1] INFO  server.RaftServerConfigKeys (ConfUtils.java:logGet(46)) - raft.server.storage.free-space.min = 0MB (=0) (default)
2022-08-04 23:31:09,978 [pool-410-thread-1] INFO  storage.RaftStorageDirectory (RaftStorageDirectoryImpl.java:analyzeStorage(135)) - The storage directory /home/runner/work/ozone/ozone/hadoop-ozone/integration-test/target/test-dir/MiniOzoneClusterImpl-ee856cd1-984e-43cb-9579-cb3e6fd39ea6/datanode-2/data/ratis/d37a547a-e99c-4b85-b3a0-e99df7e95da6 does not exist. Creating ...
2022-08-04 23:31:09,980 [pool-410-thread-1] INFO  storage.RaftStorageDirectory (RaftStorageDirectoryImpl.java:tryLock(230)) - Lock on /home/runner/work/ozone/ozone/hadoop-ozone/integration-test/target/test-dir/MiniOzoneClusterImpl-ee856cd1-984e-43cb-9579-cb3e6fd39ea6/datanode-2/data/ratis/d37a547a-e99c-4b85-b3a0-e99df7e95da6/in_use.lock acquired by nodename 5725@fv-az241-597
2022-08-04 23:31:09,984 [pool-410-thread-1] INFO  storage.RaftStorage (RaftStorageImpl.java:format(89)) - Storage directory /home/runner/work/ozone/ozone/hadoop-ozone/integration-test/target/test-dir/MiniOzoneClusterImpl-ee856cd1-984e-43cb-9579-cb3e6fd39ea6/datanode-2/data/ratis/d37a547a-e99c-4b85-b3a0-e99df7e95da6 has been successfully formatted.
2022-08-04 23:31:09,985 [pool-410-thread-1] INFO  ratis.ContainerStateMachine (ContainerStateMachine.java:loadSnapshot(236)) - group-E99DF7E95DA6: The snapshot info is null. Setting the last applied indexto:(t:0, i:~)
2022-08-04 23:31:09,995 [pool-410-thread-1] INFO  server.RaftServerConfigKeys (ConfUtils.java:logGet(46)) - raft.server.notification.no-leader.timeout = 300s (custom)
2022-08-04 23:31:09,995 [pool-410-thread-1] INFO  server.RaftServerConfigKeys (ConfUtils.java:logGet(46)) - raft.server.log.use.memory = false (default)
2022-08-04 23:31:09,995 [pool-410-thread-1] INFO  server.RaftServerConfigKeys (ConfUtils.java:logGet(46)) - raft.server.log.purge.gap = 1000000 (custom)
2022-08-04 23:31:09,995 [pool-410-thread-1] INFO  server.RaftServerConfigKeys (ConfUtils.java:logGet(46)) - raft.server.log.appender.buffer.byte-limit = 33554432 (custom)
2022-08-04 23:31:09,995 [pool-410-thread-1] INFO  server.RaftServerConfigKeys (ConfUtils.java:logGet(46)) - raft.server.log.statemachine.data.read.timeout = 1000ms (default)
2022-08-04 23:31:09,996 [pool-410-thread-1] INFO  server.RaftServerConfigKeys (ConfUtils.java:logGet(46)) - raft.server.log.segment.size.max = 1048576 (custom)
2022-08-04 23:31:09,996 [pool-410-thread-1] INFO  server.RaftServerConfigKeys (ConfUtils.java:logGet(46)) - raft.server.log.segment.cache.num.max = 2 (custom)
2022-08-04 23:31:09,996 [pool-410-thread-1] INFO  server.RaftServerConfigKeys (ConfUtils.java:logGet(46)) - raft.server.log.segment.cache.size.max = 200MB (=209715200) (default)
2022-08-04 23:31:09,996 [pool-410-thread-1] INFO  segmented.SegmentedRaftLogWorker (SegmentedRaftLogWorker.java:<init>(187)) - new 8a384bf1-39eb-472e-85d6-2b3bc7de0419@group-E99DF7E95DA6-SegmentedRaftLogWorker for RaftStorageImpl:Storage Directory /home/runner/work/ozone/ozone/hadoop-ozone/integration-test/target/test-dir/MiniOzoneClusterImpl-ee856cd1-984e-43cb-9579-cb3e6fd39ea6/datanode-2/data/ratis/d37a547a-e99c-4b85-b3a0-e99df7e95da6
2022-08-04 23:31:09,996 [pool-410-thread-1] INFO  server.RaftServerConfigKeys (ConfUtils.java:logGet(46)) - raft.server.log.queue.byte-limit = 4294967296 (custom)
2022-08-04 23:31:09,996 [pool-410-thread-1] INFO  server.RaftServerConfigKeys (ConfUtils.java:logGet(46)) - raft.server.log.queue.element-limit = 1024 (custom)
2022-08-04 23:31:09,996 [pool-410-thread-1] INFO  server.RaftServerConfigKeys (ConfUtils.java:logGet(46)) - raft.server.log.segment.size.max = 1048576 (custom)
2022-08-04 23:31:09,996 [pool-410-thread-1] INFO  server.RaftServerConfigKeys (ConfUtils.java:logGet(46)) - raft.server.log.preallocated.size = 16384 (custom)
2022-08-04 23:31:09,996 [pool-410-thread-1] INFO  server.RaftServerConfigKeys (ConfUtils.java:logGet(46)) - raft.server.log.force.sync.num = 128 (default)
2022-08-04 23:31:09,996 [pool-410-thread-1] INFO  server.RaftServerConfigKeys (ConfUtils.java:logGet(46)) - raft.server.log.statemachine.data.sync = true (default)
2022-08-04 23:31:09,996 [pool-410-thread-1] INFO  server.RaftServerConfigKeys (ConfUtils.java:logGet(46)) - raft.server.log.statemachine.data.sync.timeout = 10s (default)
2022-08-04 23:31:09,996 [pool-410-thread-1] INFO  server.RaftServerConfigKeys (ConfUtils.java:logGet(46)) - raft.server.log.statemachine.data.sync.timeout.retry = -1 (default)
2022-08-04 23:31:09,997 [pool-410-thread-1] INFO  server.RaftServerConfigKeys (ConfUtils.java:logGet(46)) - raft.server.log.write.buffer.size = 1048576 (custom)
2022-08-04 23:31:09,997 [pool-410-thread-1] INFO  server.RaftServerConfigKeys (ConfUtils.java:logGet(46)) - raft.server.log.unsafe-flush.enabled = false (default)
2022-08-04 23:31:09,997 [pool-410-thread-1] INFO  server.RaftServerConfigKeys (ConfUtils.java:logGet(46)) - raft.server.log.statemachine.data.caching.enabled = true (custom)
2022-08-04 23:31:09,997 [pool-410-thread-1] INFO  segmented.SegmentedRaftLogWorker (SegmentedRaftLogWorker.java:lambda$new$0(135)) - 8a384bf1-39eb-472e-85d6-2b3bc7de0419@group-E99DF7E95DA6-SegmentedRaftLogWorker: flushIndex: setUnconditionally 0 -> -1
2022-08-04 23:31:09,997 [pool-410-thread-1] INFO  segmented.SegmentedRaftLogWorker (SegmentedRaftLogWorker.java:lambda$new$0(135)) - 8a384bf1-39eb-472e-85d6-2b3bc7de0419@group-E99DF7E95DA6-SegmentedRaftLogWorker: safeCacheEvictIndex: setUnconditionally 0 -> -1
2022-08-04 23:31:10,003 [pool-410-thread-1] INFO  server.RaftServerConfigKeys (ConfUtils.java:logGet(46)) - raft.server.snapshot.auto.trigger.enabled = true (custom)
2022-08-04 23:31:10,003 [pool-410-thread-1] INFO  server.RaftServerConfigKeys (ConfUtils.java:logGet(46)) - raft.server.snapshot.auto.trigger.threshold = 10000 (custom)
2022-08-04 23:31:10,003 [pool-410-thread-1] INFO  server.RaftServerConfigKeys (ConfUtils.java:logGet(46)) - raft.server.snapshot.retention.file.num = 5 (custom)
2022-08-04 23:31:10,003 [pool-410-thread-1] INFO  server.RaftServerConfigKeys (ConfUtils.java:logGet(46)) - raft.server.log.purge.upto.snapshot.index = false (default)
2022-08-04 23:31:10,003 [pool-410-thread-1] INFO  server.RaftServerConfigKeys (ConfUtils.java:logGet(46)) - raft.server.retrycache.expirytime = 600000ms (custom)
2022-08-04 23:31:10,003 [pool-410-thread-1] INFO  server.RaftServerConfigKeys (ConfUtils.java:logGet(46)) - raft.server.retrycache.statistics.expirytime = 100μs (default)
2022-08-04 23:31:10,004 [pool-410-thread-1] INFO  server.RaftServerConfigKeys (ConfUtils.java:logGet(46)) - raft.server.log.appender.install.snapshot.enabled = false (custom)
2022-08-04 23:31:10,004 [pool-410-thread-1] INFO  server.RaftServerConfigKeys (ConfUtils.java:logGet(46)) - raft.server.threadpool.server.cached = true (default)
2022-08-04 23:31:10,004 [pool-410-thread-1] INFO  server.RaftServerConfigKeys (ConfUtils.java:logGet(46)) - raft.server.threadpool.server.size = 0 (default)
2022-08-04 23:31:10,004 [pool-410-thread-1] INFO  server.RaftServerConfigKeys (ConfUtils.java:logGet(46)) - raft.server.threadpool.client.cached = true (default)
2022-08-04 23:31:10,004 [pool-410-thread-1] INFO  server.RaftServerConfigKeys (ConfUtils.java:logGet(46)) - raft.server.threadpool.client.size = 0 (default)
2022-08-04 23:31:10,005 [pool-410-thread-1] INFO  server.RaftServer$Division (RaftServerImpl.java:start(310)) - 8a384bf1-39eb-472e-85d6-2b3bc7de0419@group-E99DF7E95DA6: start as a follower, conf=-1: [8a384bf1-39eb-472e-85d6-2b3bc7de0419|rpc:10.1.0.37:42895|dataStream:|priority:0, 835f1f02-615d-4531-8f70-bc26023eea88|rpc:10.1.0.37:40083|dataStream:|priority:1, 5e80796c-08e2-49d7-ac91-a54e72c24940|rpc:10.1.0.37:40655|dataStream:|priority:0], old=null
2022-08-04 23:31:10,005 [pool-410-thread-1] INFO  server.RaftServer$Division (RaftServerImpl.java:setRole(299)) - 8a384bf1-39eb-472e-85d6-2b3bc7de0419@group-E99DF7E95DA6: changes role from      null to FOLLOWER at term 0 for startAsFollower
2022-08-04 23:31:10,005 [pool-410-thread-1] INFO  impl.RoleInfo (RoleInfo.java:updateAndGet(139)) - 8a384bf1-39eb-472e-85d6-2b3bc7de0419: start 8a384bf1-39eb-472e-85d6-2b3bc7de0419@group-E99DF7E95DA6-FollowerState
2022-08-04 23:31:10,011 [pool-410-thread-1] INFO  util.JmxRegister (JmxRegister.java:tryRegister(44)) - Successfully registered JMX Bean with object name Ratis:service=RaftServer,group=group-E99DF7E95DA6,id=8a384bf1-39eb-472e-85d6-2b3bc7de0419
2022-08-04 23:31:10,049 [Command processor thread] INFO  commandhandler.CreatePipelineCommandHandler (CreatePipelineCommandHandler.java:handle(113)) - Created Pipeline RATIS THREE PipelineID=d37a547a-e99c-4b85-b3a0-e99df7e95da6.
2022-08-04 23:31:10,050 [Command processor thread] INFO  server.RaftServer (RaftServerProxy.java:addNew(96)) - 835f1f02-615d-4531-8f70-bc26023eea88: addNew group-22954514A2DF:[8a384bf1-39eb-472e-85d6-2b3bc7de0419|rpc:10.1.0.37:42895|priority:0, 835f1f02-615d-4531-8f70-bc26023eea88|rpc:10.1.0.37:40083|priority:0, 5e80796c-08e2-49d7-ac91-a54e72c24940|rpc:10.1.0.37:40655|priority:1] returns group-22954514A2DF:java.util.concurrent.CompletableFuture@49733e42[Not completed]
2022-08-04 23:31:10,067 [pool-364-thread-1] INFO  server.RaftServer$Division (RaftServerImpl.java:<init>(190)) - 835f1f02-615d-4531-8f70-bc26023eea88: new RaftServerImpl for group-22954514A2DF:[8a384bf1-39eb-472e-85d6-2b3bc7de0419|rpc:10.1.0.37:42895|priority:0, 835f1f02-615d-4531-8f70-bc26023eea88|rpc:10.1.0.37:40083|priority:0, 5e80796c-08e2-49d7-ac91-a54e72c24940|rpc:10.1.0.37:40655|priority:1] with ContainerStateMachine:uninitialized
2022-08-04 23:31:10,067 [pool-364-thread-1] INFO  server.RaftServerConfigKeys (ConfUtils.java:logGet(46)) - raft.server.rpc.timeout.min = 5s (custom)
2022-08-04 23:31:10,068 [pool-364-thread-1] INFO  server.RaftServerConfigKeys (ConfUtils.java:logGet(46)) - raft.server.rpc.timeout.max = 5200ms (custom)
2022-08-04 23:31:10,068 [pool-364-thread-1] INFO  server.RaftServerConfigKeys (ConfUtils.java:logGet(46)) - raft.server.rpc.sleep.time = 25ms (default)
2022-08-04 23:31:10,068 [pool-364-thread-1] INFO  server.RaftServerConfigKeys (ConfUtils.java:logGet(46)) - raft.server.rpc.slowness.timeout = 300s (custom)
2022-08-04 23:31:10,068 [pool-364-thread-1] INFO  server.RaftServerConfigKeys (ConfUtils.java:logGet(46)) - raft.server.leaderelection.leader.step-down.wait-time = 10s (default)
2022-08-04 23:31:10,068 [pool-364-thread-1] INFO  server.RaftServerConfigKeys (ConfUtils.java:logGet(46)) - raft.server.sleep.deviation.threshold = 300ms (default)
2022-08-04 23:31:10,068 [pool-364-thread-1] INFO  server.RaftServer$Division (ServerState.java:<init>(107)) - 835f1f02-615d-4531-8f70-bc26023eea88@group-22954514A2DF: ConfigurationManager, init=-1: [8a384bf1-39eb-472e-85d6-2b3bc7de0419|rpc:10.1.0.37:42895|priority:0, 835f1f02-615d-4531-8f70-bc26023eea88|rpc:10.1.0.37:40083|priority:0, 5e80796c-08e2-49d7-ac91-a54e72c24940|rpc:10.1.0.37:40655|priority:1], old=null, confs=<EMPTY_MAP>
2022-08-04 23:31:10,068 [pool-364-thread-1] INFO  server.RaftServerConfigKeys (ConfUtils.java:logGet(46)) - raft.server.storage.dir = [/home/runner/work/ozone/ozone/hadoop-ozone/integration-test/target/test-dir/MiniOzoneClusterImpl-ee856cd1-984e-43cb-9579-cb3e6fd39ea6/datanode-0/data/ratis] (custom)
2022-08-04 23:31:10,068 [pool-364-thread-1] INFO  server.RaftServerConfigKeys (ConfUtils.java:logGet(46)) - raft.server.log.corruption.policy = EXCEPTION (default)
2022-08-04 23:31:10,068 [pool-364-thread-1] INFO  server.RaftServerConfigKeys (ConfUtils.java:logGet(46)) - raft.server.storage.free-space.min = 0MB (=0) (default)
2022-08-04 23:31:10,068 [pool-364-thread-1] INFO  storage.RaftStorageDirectory (RaftStorageDirectoryImpl.java:analyzeStorage(135)) - The storage directory /home/runner/work/ozone/ozone/hadoop-ozone/integration-test/target/test-dir/MiniOzoneClusterImpl-ee856cd1-984e-43cb-9579-cb3e6fd39ea6/datanode-0/data/ratis/b9e218c2-fe6d-4cc4-8343-22954514a2df does not exist. Creating ...
2022-08-04 23:31:10,071 [pool-364-thread-1] INFO  storage.RaftStorageDirectory (RaftStorageDirectoryImpl.java:tryLock(230)) - Lock on /home/runner/work/ozone/ozone/hadoop-ozone/integration-test/target/test-dir/MiniOzoneClusterImpl-ee856cd1-984e-43cb-9579-cb3e6fd39ea6/datanode-0/data/ratis/b9e218c2-fe6d-4cc4-8343-22954514a2df/in_use.lock acquired by nodename 5725@fv-az241-597
2022-08-04 23:31:10,073 [pool-364-thread-1] INFO  storage.RaftStorage (RaftStorageImpl.java:format(89)) - Storage directory /home/runner/work/ozone/ozone/hadoop-ozone/integration-test/target/test-dir/MiniOzoneClusterImpl-ee856cd1-984e-43cb-9579-cb3e6fd39ea6/datanode-0/data/ratis/b9e218c2-fe6d-4cc4-8343-22954514a2df has been successfully formatted.
2022-08-04 23:31:10,073 [pool-364-thread-1] INFO  ratis.ContainerStateMachine (ContainerStateMachine.java:loadSnapshot(236)) - group-22954514A2DF: The snapshot info is null. Setting the last applied indexto:(t:0, i:~)
2022-08-04 23:31:10,073 [pool-364-thread-1] INFO  server.RaftServerConfigKeys (ConfUtils.java:logGet(46)) - raft.server.notification.no-leader.timeout = 300s (custom)
2022-08-04 23:31:10,073 [pool-364-thread-1] INFO  server.RaftServerConfigKeys (ConfUtils.java:logGet(46)) - raft.server.log.use.memory = false (default)
2022-08-04 23:31:10,073 [pool-364-thread-1] INFO  server.RaftServerConfigKeys (ConfUtils.java:logGet(46)) - raft.server.log.purge.gap = 1000000 (custom)
2022-08-04 23:31:10,073 [pool-364-thread-1] INFO  server.RaftServerConfigKeys (ConfUtils.java:logGet(46)) - raft.server.log.appender.buffer.byte-limit = 33554432 (custom)
2022-08-04 23:31:10,074 [pool-364-thread-1] INFO  server.RaftServerConfigKeys (ConfUtils.java:logGet(46)) - raft.server.log.statemachine.data.read.timeout = 1000ms (default)
2022-08-04 23:31:10,074 [pool-364-thread-1] INFO  server.RaftServerConfigKeys (ConfUtils.java:logGet(46)) - raft.server.log.segment.size.max = 1048576 (custom)
2022-08-04 23:31:10,074 [pool-364-thread-1] INFO  server.RaftServerConfigKeys (ConfUtils.java:logGet(46)) - raft.server.log.segment.cache.num.max = 2 (custom)
2022-08-04 23:31:10,074 [pool-364-thread-1] INFO  server.RaftServerConfigKeys (ConfUtils.java:logGet(46)) - raft.server.log.segment.cache.size.max = 200MB (=209715200) (default)
2022-08-04 23:31:10,074 [pool-364-thread-1] INFO  segmented.SegmentedRaftLogWorker (SegmentedRaftLogWorker.java:<init>(187)) - new 835f1f02-615d-4531-8f70-bc26023eea88@group-22954514A2DF-SegmentedRaftLogWorker for RaftStorageImpl:Storage Directory /home/runner/work/ozone/ozone/hadoop-ozone/integration-test/target/test-dir/MiniOzoneClusterImpl-ee856cd1-984e-43cb-9579-cb3e6fd39ea6/datanode-0/data/ratis/b9e218c2-fe6d-4cc4-8343-22954514a2df
2022-08-04 23:31:10,074 [pool-364-thread-1] INFO  server.RaftServerConfigKeys (ConfUtils.java:logGet(46)) - raft.server.log.queue.byte-limit = 4294967296 (custom)
2022-08-04 23:31:10,074 [pool-364-thread-1] INFO  server.RaftServerConfigKeys (ConfUtils.java:logGet(46)) - raft.server.log.queue.element-limit = 1024 (custom)
2022-08-04 23:31:10,074 [pool-364-thread-1] INFO  server.RaftServerConfigKeys (ConfUtils.java:logGet(46)) - raft.server.log.segment.size.max = 1048576 (custom)
2022-08-04 23:31:10,074 [pool-364-thread-1] INFO  server.RaftServerConfigKeys (ConfUtils.java:logGet(46)) - raft.server.log.preallocated.size = 16384 (custom)
2022-08-04 23:31:10,074 [pool-364-thread-1] INFO  server.RaftServerConfigKeys (ConfUtils.java:logGet(46)) - raft.server.log.force.sync.num = 128 (default)
2022-08-04 23:31:10,074 [pool-364-thread-1] INFO  server.RaftServerConfigKeys (ConfUtils.java:logGet(46)) - raft.server.log.statemachine.data.sync = true (default)
2022-08-04 23:31:10,074 [pool-364-thread-1] INFO  server.RaftServerConfigKeys (ConfUtils.java:logGet(46)) - raft.server.log.statemachine.data.sync.timeout = 10s (default)
2022-08-04 23:31:10,074 [pool-364-thread-1] INFO  server.RaftServerConfigKeys (ConfUtils.java:logGet(46)) - raft.server.log.statemachine.data.sync.timeout.retry = -1 (default)
2022-08-04 23:31:10,075 [pool-364-thread-1] INFO  server.RaftServerConfigKeys (ConfUtils.java:logGet(46)) - raft.server.log.write.buffer.size = 1048576 (custom)
2022-08-04 23:31:10,076 [pool-364-thread-1] INFO  server.RaftServerConfigKeys (ConfUtils.java:logGet(46)) - raft.server.log.unsafe-flush.enabled = false (default)
2022-08-04 23:31:10,076 [pool-364-thread-1] INFO  server.RaftServerConfigKeys (ConfUtils.java:logGet(46)) - raft.server.log.statemachine.data.caching.enabled = true (custom)
2022-08-04 23:31:10,076 [pool-364-thread-1] INFO  segmented.SegmentedRaftLogWorker (SegmentedRaftLogWorker.java:lambda$new$0(135)) - 835f1f02-615d-4531-8f70-bc26023eea88@group-22954514A2DF-SegmentedRaftLogWorker: flushIndex: setUnconditionally 0 -> -1
2022-08-04 23:31:10,076 [pool-364-thread-1] INFO  segmented.SegmentedRaftLogWorker (SegmentedRaftLogWorker.java:lambda$new$0(135)) - 835f1f02-615d-4531-8f70-bc26023eea88@group-22954514A2DF-SegmentedRaftLogWorker: safeCacheEvictIndex: setUnconditionally 0 -> -1
2022-08-04 23:31:10,091 [pool-364-thread-1] INFO  server.RaftServerConfigKeys (ConfUtils.java:logGet(46)) - raft.server.snapshot.auto.trigger.enabled = true (custom)
2022-08-04 23:31:10,091 [pool-364-thread-1] INFO  server.RaftServerConfigKeys (ConfUtils.java:logGet(46)) - raft.server.snapshot.auto.trigger.threshold = 10000 (custom)
2022-08-04 23:31:10,091 [pool-364-thread-1] INFO  server.RaftServerConfigKeys (ConfUtils.java:logGet(46)) - raft.server.snapshot.retention.file.num = 5 (custom)
2022-08-04 23:31:10,091 [pool-364-thread-1] INFO  server.RaftServerConfigKeys (ConfUtils.java:logGet(46)) - raft.server.log.purge.upto.snapshot.index = false (default)
2022-08-04 23:31:10,091 [pool-364-thread-1] INFO  server.RaftServerConfigKeys (ConfUtils.java:logGet(46)) - raft.server.retrycache.expirytime = 600000ms (custom)
2022-08-04 23:31:10,091 [pool-364-thread-1] INFO  server.RaftServerConfigKeys (ConfUtils.java:logGet(46)) - raft.server.retrycache.statistics.expirytime = 100μs (default)
2022-08-04 23:31:10,092 [pool-364-thread-1] INFO  server.RaftServerConfigKeys (ConfUtils.java:logGet(46)) - raft.server.log.appender.install.snapshot.enabled = false (custom)
2022-08-04 23:31:10,092 [pool-364-thread-1] INFO  server.RaftServerConfigKeys (ConfUtils.java:logGet(46)) - raft.server.threadpool.server.cached = true (default)
2022-08-04 23:31:10,092 [pool-364-thread-1] INFO  server.RaftServerConfigKeys (ConfUtils.java:logGet(46)) - raft.server.threadpool.server.size = 0 (default)
2022-08-04 23:31:10,092 [pool-364-thread-1] INFO  server.RaftServerConfigKeys (ConfUtils.java:logGet(46)) - raft.server.threadpool.client.cached = true (default)
2022-08-04 23:31:10,092 [pool-364-thread-1] INFO  server.RaftServerConfigKeys (ConfUtils.java:logGet(46)) - raft.server.threadpool.client.size = 0 (default)
2022-08-04 23:31:10,093 [pool-364-thread-1] INFO  server.RaftServer$Division (RaftServerImpl.java:start(310)) - 835f1f02-615d-4531-8f70-bc26023eea88@group-22954514A2DF: start as a follower, conf=-1: [8a384bf1-39eb-472e-85d6-2b3bc7de0419|rpc:10.1.0.37:42895|priority:0, 835f1f02-615d-4531-8f70-bc26023eea88|rpc:10.1.0.37:40083|priority:0, 5e80796c-08e2-49d7-ac91-a54e72c24940|rpc:10.1.0.37:40655|priority:1], old=null
2022-08-04 23:31:10,093 [pool-364-thread-1] INFO  server.RaftServer$Division (RaftServerImpl.java:setRole(299)) - 835f1f02-615d-4531-8f70-bc26023eea88@group-22954514A2DF: changes role from      null to FOLLOWER at term 0 for startAsFollower
2022-08-04 23:31:10,093 [pool-364-thread-1] INFO  impl.RoleInfo (RoleInfo.java:updateAndGet(139)) - 835f1f02-615d-4531-8f70-bc26023eea88: start 835f1f02-615d-4531-8f70-bc26023eea88@group-22954514A2DF-FollowerState
2022-08-04 23:31:10,106 [pool-364-thread-1] INFO  util.JmxRegister (JmxRegister.java:tryRegister(44)) - Successfully registered JMX Bean with object name Ratis:service=RaftServer,group=group-22954514A2DF,id=835f1f02-615d-4531-8f70-bc26023eea88
2022-08-04 23:31:10,110 [Command processor thread] INFO  ratis.XceiverServerRatis (XceiverServerRatis.java:addGroup(765)) - Created group PipelineID=b9e218c2-fe6d-4cc4-8343-22954514a2df
2022-08-04 23:31:10,113 [EventQueue-OpenPipelineForHealthyPipelineSafeModeRule] INFO  safemode.SCMSafeModeManager (HealthyPipelineSafeModeRule.java:process(137)) - SCM in safe mode. Healthy pipelines reported count is 0, required healthy pipeline reported count is 1
2022-08-04 23:31:10,147 [grpc-default-executor-1] INFO  server.RaftServer (RaftServerProxy.java:addNew(96)) - 8a384bf1-39eb-472e-85d6-2b3bc7de0419: addNew group-22954514A2DF:[8a384bf1-39eb-472e-85d6-2b3bc7de0419|rpc:10.1.0.37:42895|dataStream:|priority:0, 835f1f02-615d-4531-8f70-bc26023eea88|rpc:10.1.0.37:40083|dataStream:|priority:0, 5e80796c-08e2-49d7-ac91-a54e72c24940|rpc:10.1.0.37:40655|dataStream:|priority:1] returns group-22954514A2DF:java.util.concurrent.CompletableFuture@d3e1bf0[Not completed]
2022-08-04 23:31:10,148 [pool-410-thread-1] INFO  server.RaftServer$Division (RaftServerImpl.java:<init>(190)) - 8a384bf1-39eb-472e-85d6-2b3bc7de0419: new RaftServerImpl for group-22954514A2DF:[8a384bf1-39eb-472e-85d6-2b3bc7de0419|rpc:10.1.0.37:42895|dataStream:|priority:0, 835f1f02-615d-4531-8f70-bc26023eea88|rpc:10.1.0.37:40083|dataStream:|priority:0, 5e80796c-08e2-49d7-ac91-a54e72c24940|rpc:10.1.0.37:40655|dataStream:|priority:1] with ContainerStateMachine:uninitialized
2022-08-04 23:31:10,148 [pool-410-thread-1] INFO  server.RaftServerConfigKeys (ConfUtils.java:logGet(46)) - raft.server.rpc.timeout.min = 5s (custom)
2022-08-04 23:31:10,148 [pool-410-thread-1] INFO  server.RaftServerConfigKeys (ConfUtils.java:logGet(46)) - raft.server.rpc.timeout.max = 5200ms (custom)
2022-08-04 23:31:10,148 [pool-410-thread-1] INFO  server.RaftServerConfigKeys (ConfUtils.java:logGet(46)) - raft.server.rpc.sleep.time = 25ms (default)
2022-08-04 23:31:10,148 [pool-410-thread-1] INFO  server.RaftServerConfigKeys (ConfUtils.java:logGet(46)) - raft.server.rpc.slowness.timeout = 300s (custom)
2022-08-04 23:31:10,148 [pool-410-thread-1] INFO  server.RaftServerConfigKeys (ConfUtils.java:logGet(46)) - raft.server.leaderelection.leader.step-down.wait-time = 10s (default)
2022-08-04 23:31:10,148 [pool-410-thread-1] INFO  server.RaftServerConfigKeys (ConfUtils.java:logGet(46)) - raft.server.sleep.deviation.threshold = 300ms (default)
2022-08-04 23:31:10,149 [pool-410-thread-1] INFO  server.RaftServer$Division (ServerState.java:<init>(107)) - 8a384bf1-39eb-472e-85d6-2b3bc7de0419@group-22954514A2DF: ConfigurationManager, init=-1: [8a384bf1-39eb-472e-85d6-2b3bc7de0419|rpc:10.1.0.37:42895|dataStream:|priority:0, 835f1f02-615d-4531-8f70-bc26023eea88|rpc:10.1.0.37:40083|dataStream:|priority:0, 5e80796c-08e2-49d7-ac91-a54e72c24940|rpc:10.1.0.37:40655|dataStream:|priority:1], old=null, confs=<EMPTY_MAP>
2022-08-04 23:31:10,149 [pool-410-thread-1] INFO  server.RaftServerConfigKeys (ConfUtils.java:logGet(46)) - raft.server.storage.dir = [/home/runner/work/ozone/ozone/hadoop-ozone/integration-test/target/test-dir/MiniOzoneClusterImpl-ee856cd1-984e-43cb-9579-cb3e6fd39ea6/datanode-2/data/ratis] (custom)
2022-08-04 23:31:10,149 [pool-410-thread-1] INFO  server.RaftServerConfigKeys (ConfUtils.java:logGet(46)) - raft.server.log.corruption.policy = EXCEPTION (default)
2022-08-04 23:31:10,149 [pool-410-thread-1] INFO  server.RaftServerConfigKeys (ConfUtils.java:logGet(46)) - raft.server.storage.free-space.min = 0MB (=0) (default)
2022-08-04 23:31:10,149 [pool-410-thread-1] INFO  storage.RaftStorageDirectory (RaftStorageDirectoryImpl.java:analyzeStorage(135)) - The storage directory /home/runner/work/ozone/ozone/hadoop-ozone/integration-test/target/test-dir/MiniOzoneClusterImpl-ee856cd1-984e-43cb-9579-cb3e6fd39ea6/datanode-2/data/ratis/b9e218c2-fe6d-4cc4-8343-22954514a2df does not exist. Creating ...
2022-08-04 23:31:10,152 [pool-410-thread-1] INFO  storage.RaftStorageDirectory (RaftStorageDirectoryImpl.java:tryLock(230)) - Lock on /home/runner/work/ozone/ozone/hadoop-ozone/integration-test/target/test-dir/MiniOzoneClusterImpl-ee856cd1-984e-43cb-9579-cb3e6fd39ea6/datanode-2/data/ratis/b9e218c2-fe6d-4cc4-8343-22954514a2df/in_use.lock acquired by nodename 5725@fv-az241-597
2022-08-04 23:31:10,154 [pool-410-thread-1] INFO  storage.RaftStorage (RaftStorageImpl.java:format(89)) - Storage directory /home/runner/work/ozone/ozone/hadoop-ozone/integration-test/target/test-dir/MiniOzoneClusterImpl-ee856cd1-984e-43cb-9579-cb3e6fd39ea6/datanode-2/data/ratis/b9e218c2-fe6d-4cc4-8343-22954514a2df has been successfully formatted.
2022-08-04 23:31:10,154 [pool-410-thread-1] INFO  ratis.ContainerStateMachine (ContainerStateMachine.java:loadSnapshot(236)) - group-22954514A2DF: The snapshot info is null. Setting the last applied indexto:(t:0, i:~)
2022-08-04 23:31:10,154 [pool-410-thread-1] INFO  server.RaftServerConfigKeys (ConfUtils.java:logGet(46)) - raft.server.notification.no-leader.timeout = 300s (custom)
2022-08-04 23:31:10,154 [pool-410-thread-1] INFO  server.RaftServerConfigKeys (ConfUtils.java:logGet(46)) - raft.server.log.use.memory = false (default)
2022-08-04 23:31:10,154 [pool-410-thread-1] INFO  server.RaftServerConfigKeys (ConfUtils.java:logGet(46)) - raft.server.log.purge.gap = 1000000 (custom)
2022-08-04 23:31:10,154 [pool-410-thread-1] INFO  server.RaftServerConfigKeys (ConfUtils.java:logGet(46)) - raft.server.log.appender.buffer.byte-limit = 33554432 (custom)
2022-08-04 23:31:10,156 [pool-410-thread-1] INFO  server.RaftServerConfigKeys (ConfUtils.java:logGet(46)) - raft.server.log.statemachine.data.read.timeout = 1000ms (default)
2022-08-04 23:31:10,157 [pool-410-thread-1] INFO  server.RaftServerConfigKeys (ConfUtils.java:logGet(46)) - raft.server.log.segment.size.max = 1048576 (custom)
2022-08-04 23:31:10,158 [pool-410-thread-1] INFO  server.RaftServerConfigKeys (ConfUtils.java:logGet(46)) - raft.server.log.segment.cache.num.max = 2 (custom)
2022-08-04 23:31:10,158 [pool-410-thread-1] INFO  server.RaftServerConfigKeys (ConfUtils.java:logGet(46)) - raft.server.log.segment.cache.size.max = 200MB (=209715200) (default)
2022-08-04 23:31:10,158 [pool-410-thread-1] INFO  segmented.SegmentedRaftLogWorker (SegmentedRaftLogWorker.java:<init>(187)) - new 8a384bf1-39eb-472e-85d6-2b3bc7de0419@group-22954514A2DF-SegmentedRaftLogWorker for RaftStorageImpl:Storage Directory /home/runner/work/ozone/ozone/hadoop-ozone/integration-test/target/test-dir/MiniOzoneClusterImpl-ee856cd1-984e-43cb-9579-cb3e6fd39ea6/datanode-2/data/ratis/b9e218c2-fe6d-4cc4-8343-22954514a2df
2022-08-04 23:31:10,158 [pool-410-thread-1] INFO  server.RaftServerConfigKeys (ConfUtils.java:logGet(46)) - raft.server.log.queue.byte-limit = 4294967296 (custom)
2022-08-04 23:31:10,158 [pool-410-thread-1] INFO  server.RaftServerConfigKeys (ConfUtils.java:logGet(46)) - raft.server.log.queue.element-limit = 1024 (custom)
2022-08-04 23:31:10,158 [pool-410-thread-1] INFO  server.RaftServerConfigKeys (ConfUtils.java:logGet(46)) - raft.server.log.segment.size.max = 1048576 (custom)
2022-08-04 23:31:10,158 [pool-410-thread-1] INFO  server.RaftServerConfigKeys (ConfUtils.java:logGet(46)) - raft.server.log.preallocated.size = 16384 (custom)
2022-08-04 23:31:10,158 [pool-410-thread-1] INFO  server.RaftServerConfigKeys (ConfUtils.java:logGet(46)) - raft.server.log.force.sync.num = 128 (default)
2022-08-04 23:31:10,158 [pool-410-thread-1] INFO  server.RaftServerConfigKeys (ConfUtils.java:logGet(46)) - raft.server.log.statemachine.data.sync = true (default)
2022-08-04 23:31:10,158 [pool-410-thread-1] INFO  server.RaftServerConfigKeys (ConfUtils.java:logGet(46)) - raft.server.log.statemachine.data.sync.timeout = 10s (default)
2022-08-04 23:31:10,158 [pool-410-thread-1] INFO  server.RaftServerConfigKeys (ConfUtils.java:logGet(46)) - raft.server.log.statemachine.data.sync.timeout.retry = -1 (default)
2022-08-04 23:31:10,159 [pool-410-thread-1] INFO  server.RaftServerConfigKeys (ConfUtils.java:logGet(46)) - raft.server.log.write.buffer.size = 1048576 (custom)
2022-08-04 23:31:10,159 [pool-410-thread-1] INFO  server.RaftServerConfigKeys (ConfUtils.java:logGet(46)) - raft.server.log.unsafe-flush.enabled = false (default)
2022-08-04 23:31:10,159 [pool-410-thread-1] INFO  server.RaftServerConfigKeys (ConfUtils.java:logGet(46)) - raft.server.log.statemachine.data.caching.enabled = true (custom)
2022-08-04 23:31:10,159 [pool-410-thread-1] INFO  segmented.SegmentedRaftLogWorker (SegmentedRaftLogWorker.java:lambda$new$0(135)) - 8a384bf1-39eb-472e-85d6-2b3bc7de0419@group-22954514A2DF-SegmentedRaftLogWorker: flushIndex: setUnconditionally 0 -> -1
2022-08-04 23:31:10,159 [pool-410-thread-1] INFO  segmented.SegmentedRaftLogWorker (SegmentedRaftLogWorker.java:lambda$new$0(135)) - 8a384bf1-39eb-472e-85d6-2b3bc7de0419@group-22954514A2DF-SegmentedRaftLogWorker: safeCacheEvictIndex: setUnconditionally 0 -> -1
2022-08-04 23:31:10,167 [pool-410-thread-1] INFO  server.RaftServerConfigKeys (ConfUtils.java:logGet(46)) - raft.server.snapshot.auto.trigger.enabled = true (custom)
2022-08-04 23:31:10,167 [pool-410-thread-1] INFO  server.RaftServerConfigKeys (ConfUtils.java:logGet(46)) - raft.server.snapshot.auto.trigger.threshold = 10000 (custom)
2022-08-04 23:31:10,167 [pool-410-thread-1] INFO  server.RaftServerConfigKeys (ConfUtils.java:logGet(46)) - raft.server.snapshot.retention.file.num = 5 (custom)
2022-08-04 23:31:10,167 [pool-410-thread-1] INFO  server.RaftServerConfigKeys (ConfUtils.java:logGet(46)) - raft.server.log.purge.upto.snapshot.index = false (default)
2022-08-04 23:31:10,167 [pool-410-thread-1] INFO  server.RaftServerConfigKeys (ConfUtils.java:logGet(46)) - raft.server.retrycache.expirytime = 600000ms (custom)
2022-08-04 23:31:10,167 [pool-410-thread-1] INFO  server.RaftServerConfigKeys (ConfUtils.java:logGet(46)) - raft.server.retrycache.statistics.expirytime = 100μs (default)
2022-08-04 23:31:10,168 [pool-410-thread-1] INFO  server.RaftServerConfigKeys (ConfUtils.java:logGet(46)) - raft.server.log.appender.install.snapshot.enabled = false (custom)
2022-08-04 23:31:10,168 [pool-410-thread-1] INFO  server.RaftServerConfigKeys (ConfUtils.java:logGet(46)) - raft.server.threadpool.server.cached = true (default)
2022-08-04 23:31:10,168 [pool-410-thread-1] INFO  server.RaftServerConfigKeys (ConfUtils.java:logGet(46)) - raft.server.threadpool.server.size = 0 (default)
2022-08-04 23:31:10,168 [pool-410-thread-1] INFO  server.RaftServerConfigKeys (ConfUtils.java:logGet(46)) - raft.server.threadpool.client.cached = true (default)
2022-08-04 23:31:10,168 [pool-410-thread-1] INFO  server.RaftServerConfigKeys (ConfUtils.java:logGet(46)) - raft.server.threadpool.client.size = 0 (default)
2022-08-04 23:31:10,169 [pool-410-thread-1] INFO  server.RaftServer$Division (RaftServerImpl.java:start(310)) - 8a384bf1-39eb-472e-85d6-2b3bc7de0419@group-22954514A2DF: start as a follower, conf=-1: [8a384bf1-39eb-472e-85d6-2b3bc7de0419|rpc:10.1.0.37:42895|dataStream:|priority:0, 835f1f02-615d-4531-8f70-bc26023eea88|rpc:10.1.0.37:40083|dataStream:|priority:0, 5e80796c-08e2-49d7-ac91-a54e72c24940|rpc:10.1.0.37:40655|dataStream:|priority:1], old=null
2022-08-04 23:31:10,169 [pool-410-thread-1] INFO  server.RaftServer$Division (RaftServerImpl.java:setRole(299)) - 8a384bf1-39eb-472e-85d6-2b3bc7de0419@group-22954514A2DF: changes role from      null to FOLLOWER at term 0 for startAsFollower
2022-08-04 23:31:10,169 [pool-410-thread-1] INFO  impl.RoleInfo (RoleInfo.java:updateAndGet(139)) - 8a384bf1-39eb-472e-85d6-2b3bc7de0419: start 8a384bf1-39eb-472e-85d6-2b3bc7de0419@group-22954514A2DF-FollowerState
2022-08-04 23:31:10,173 [pool-410-thread-1] INFO  util.JmxRegister (JmxRegister.java:tryRegister(44)) - Successfully registered JMX Bean with object name Ratis:service=RaftServer,group=group-22954514A2DF,id=8a384bf1-39eb-472e-85d6-2b3bc7de0419
2022-08-04 23:31:10,239 [grpc-default-executor-1] INFO  server.RaftServer (RaftServerProxy.java:addNew(96)) - 5e80796c-08e2-49d7-ac91-a54e72c24940: addNew group-22954514A2DF:[8a384bf1-39eb-472e-85d6-2b3bc7de0419|rpc:10.1.0.37:42895|dataStream:|priority:0, 835f1f02-615d-4531-8f70-bc26023eea88|rpc:10.1.0.37:40083|dataStream:|priority:0, 5e80796c-08e2-49d7-ac91-a54e72c24940|rpc:10.1.0.37:40655|dataStream:|priority:1] returns group-22954514A2DF:java.util.concurrent.CompletableFuture@73ee20dc[Not completed]
2022-08-04 23:31:10,240 [pool-387-thread-1] INFO  server.RaftServer$Division (RaftServerImpl.java:<init>(190)) - 5e80796c-08e2-49d7-ac91-a54e72c24940: new RaftServerImpl for group-22954514A2DF:[8a384bf1-39eb-472e-85d6-2b3bc7de0419|rpc:10.1.0.37:42895|dataStream:|priority:0, 835f1f02-615d-4531-8f70-bc26023eea88|rpc:10.1.0.37:40083|dataStream:|priority:0, 5e80796c-08e2-49d7-ac91-a54e72c24940|rpc:10.1.0.37:40655|dataStream:|priority:1] with ContainerStateMachine:uninitialized
2022-08-04 23:31:10,240 [pool-387-thread-1] INFO  server.RaftServerConfigKeys (ConfUtils.java:logGet(46)) - raft.server.rpc.timeout.min = 5s (custom)
2022-08-04 23:31:10,240 [pool-387-thread-1] INFO  server.RaftServerConfigKeys (ConfUtils.java:logGet(46)) - raft.server.rpc.timeout.max = 5200ms (custom)
2022-08-04 23:31:10,240 [pool-387-thread-1] INFO  server.RaftServerConfigKeys (ConfUtils.java:logGet(46)) - raft.server.rpc.sleep.time = 25ms (default)
2022-08-04 23:31:10,240 [pool-387-thread-1] INFO  server.RaftServerConfigKeys (ConfUtils.java:logGet(46)) - raft.server.rpc.slowness.timeout = 300s (custom)
2022-08-04 23:31:10,240 [pool-387-thread-1] INFO  server.RaftServerConfigKeys (ConfUtils.java:logGet(46)) - raft.server.leaderelection.leader.step-down.wait-time = 10s (default)
2022-08-04 23:31:10,240 [pool-387-thread-1] INFO  server.RaftServerConfigKeys (ConfUtils.java:logGet(46)) - raft.server.sleep.deviation.threshold = 300ms (default)
2022-08-04 23:31:10,240 [pool-387-thread-1] INFO  server.RaftServer$Division (ServerState.java:<init>(107)) - 5e80796c-08e2-49d7-ac91-a54e72c24940@group-22954514A2DF: ConfigurationManager, init=-1: [8a384bf1-39eb-472e-85d6-2b3bc7de0419|rpc:10.1.0.37:42895|dataStream:|priority:0, 835f1f02-615d-4531-8f70-bc26023eea88|rpc:10.1.0.37:40083|dataStream:|priority:0, 5e80796c-08e2-49d7-ac91-a54e72c24940|rpc:10.1.0.37:40655|dataStream:|priority:1], old=null, confs=<EMPTY_MAP>
2022-08-04 23:31:10,241 [pool-387-thread-1] INFO  server.RaftServerConfigKeys (ConfUtils.java:logGet(46)) - raft.server.storage.dir = [/home/runner/work/ozone/ozone/hadoop-ozone/integration-test/target/test-dir/MiniOzoneClusterImpl-ee856cd1-984e-43cb-9579-cb3e6fd39ea6/datanode-1/data/ratis] (custom)
2022-08-04 23:31:10,241 [pool-387-thread-1] INFO  server.RaftServerConfigKeys (ConfUtils.java:logGet(46)) - raft.server.log.corruption.policy = EXCEPTION (default)
2022-08-04 23:31:10,241 [pool-387-thread-1] INFO  server.RaftServerConfigKeys (ConfUtils.java:logGet(46)) - raft.server.storage.free-space.min = 0MB (=0) (default)
2022-08-04 23:31:10,241 [pool-387-thread-1] INFO  storage.RaftStorageDirectory (RaftStorageDirectoryImpl.java:analyzeStorage(135)) - The storage directory /home/runner/work/ozone/ozone/hadoop-ozone/integration-test/target/test-dir/MiniOzoneClusterImpl-ee856cd1-984e-43cb-9579-cb3e6fd39ea6/datanode-1/data/ratis/b9e218c2-fe6d-4cc4-8343-22954514a2df does not exist. Creating ...
2022-08-04 23:31:10,248 [pool-387-thread-1] INFO  storage.RaftStorageDirectory (RaftStorageDirectoryImpl.java:tryLock(230)) - Lock on /home/runner/work/ozone/ozone/hadoop-ozone/integration-test/target/test-dir/MiniOzoneClusterImpl-ee856cd1-984e-43cb-9579-cb3e6fd39ea6/datanode-1/data/ratis/b9e218c2-fe6d-4cc4-8343-22954514a2df/in_use.lock acquired by nodename 5725@fv-az241-597
2022-08-04 23:31:10,252 [pool-387-thread-1] INFO  storage.RaftStorage (RaftStorageImpl.java:format(89)) - Storage directory /home/runner/work/ozone/ozone/hadoop-ozone/integration-test/target/test-dir/MiniOzoneClusterImpl-ee856cd1-984e-43cb-9579-cb3e6fd39ea6/datanode-1/data/ratis/b9e218c2-fe6d-4cc4-8343-22954514a2df has been successfully formatted.
2022-08-04 23:31:10,253 [pool-387-thread-1] INFO  ratis.ContainerStateMachine (ContainerStateMachine.java:loadSnapshot(236)) - group-22954514A2DF: The snapshot info is null. Setting the last applied indexto:(t:0, i:~)
2022-08-04 23:31:10,253 [pool-387-thread-1] INFO  server.RaftServerConfigKeys (ConfUtils.java:logGet(46)) - raft.server.notification.no-leader.timeout = 300s (custom)
2022-08-04 23:31:10,253 [pool-387-thread-1] INFO  server.RaftServerConfigKeys (ConfUtils.java:logGet(46)) - raft.server.log.use.memory = false (default)
2022-08-04 23:31:10,254 [pool-387-thread-1] INFO  server.RaftServerConfigKeys (ConfUtils.java:logGet(46)) - raft.server.log.purge.gap = 1000000 (custom)
2022-08-04 23:31:10,254 [pool-387-thread-1] INFO  server.RaftServerConfigKeys (ConfUtils.java:logGet(46)) - raft.server.log.appender.buffer.byte-limit = 33554432 (custom)
2022-08-04 23:31:10,254 [pool-387-thread-1] INFO  server.RaftServerConfigKeys (ConfUtils.java:logGet(46)) - raft.server.log.statemachine.data.read.timeout = 1000ms (default)
2022-08-04 23:31:10,255 [pool-387-thread-1] INFO  server.RaftServerConfigKeys (ConfUtils.java:logGet(46)) - raft.server.log.segment.size.max = 1048576 (custom)
2022-08-04 23:31:10,255 [pool-387-thread-1] INFO  server.RaftServerConfigKeys (ConfUtils.java:logGet(46)) - raft.server.log.segment.cache.num.max = 2 (custom)
2022-08-04 23:31:10,255 [pool-387-thread-1] INFO  server.RaftServerConfigKeys (ConfUtils.java:logGet(46)) - raft.server.log.segment.cache.size.max = 200MB (=209715200) (default)
2022-08-04 23:31:10,255 [pool-387-thread-1] INFO  segmented.SegmentedRaftLogWorker (SegmentedRaftLogWorker.java:<init>(187)) - new 5e80796c-08e2-49d7-ac91-a54e72c24940@group-22954514A2DF-SegmentedRaftLogWorker for RaftStorageImpl:Storage Directory /home/runner/work/ozone/ozone/hadoop-ozone/integration-test/target/test-dir/MiniOzoneClusterImpl-ee856cd1-984e-43cb-9579-cb3e6fd39ea6/datanode-1/data/ratis/b9e218c2-fe6d-4cc4-8343-22954514a2df
2022-08-04 23:31:10,255 [pool-387-thread-1] INFO  server.RaftServerConfigKeys (ConfUtils.java:logGet(46)) - raft.server.log.queue.byte-limit = 4294967296 (custom)
2022-08-04 23:31:10,255 [pool-387-thread-1] INFO  server.RaftServerConfigKeys (ConfUtils.java:logGet(46)) - raft.server.log.queue.element-limit = 1024 (custom)
2022-08-04 23:31:10,255 [pool-387-thread-1] INFO  server.RaftServerConfigKeys (ConfUtils.java:logGet(46)) - raft.server.log.segment.size.max = 1048576 (custom)
2022-08-04 23:31:10,255 [pool-387-thread-1] INFO  server.RaftServerConfigKeys (ConfUtils.java:logGet(46)) - raft.server.log.preallocated.size = 16384 (custom)
2022-08-04 23:31:10,255 [pool-387-thread-1] INFO  server.RaftServerConfigKeys (ConfUtils.java:logGet(46)) - raft.server.log.force.sync.num = 128 (default)
2022-08-04 23:31:10,255 [pool-387-thread-1] INFO  server.RaftServerConfigKeys (ConfUtils.java:logGet(46)) - raft.server.log.statemachine.data.sync = true (default)
2022-08-04 23:31:10,255 [pool-387-thread-1] INFO  server.RaftServerConfigKeys (ConfUtils.java:logGet(46)) - raft.server.log.statemachine.data.sync.timeout = 10s (default)
2022-08-04 23:31:10,255 [pool-387-thread-1] INFO  server.RaftServerConfigKeys (ConfUtils.java:logGet(46)) - raft.server.log.statemachine.data.sync.timeout.retry = -1 (default)
2022-08-04 23:31:10,256 [pool-387-thread-1] INFO  server.RaftServerConfigKeys (ConfUtils.java:logGet(46)) - raft.server.log.write.buffer.size = 1048576 (custom)
2022-08-04 23:31:10,257 [pool-387-thread-1] INFO  server.RaftServerConfigKeys (ConfUtils.java:logGet(46)) - raft.server.log.unsafe-flush.enabled = false (default)
2022-08-04 23:31:10,257 [pool-387-thread-1] INFO  server.RaftServerConfigKeys (ConfUtils.java:logGet(46)) - raft.server.log.statemachine.data.caching.enabled = true (custom)
2022-08-04 23:31:10,257 [pool-387-thread-1] INFO  segmented.SegmentedRaftLogWorker (SegmentedRaftLogWorker.java:lambda$new$0(135)) - 5e80796c-08e2-49d7-ac91-a54e72c24940@group-22954514A2DF-SegmentedRaftLogWorker: flushIndex: setUnconditionally 0 -> -1
2022-08-04 23:31:10,257 [pool-387-thread-1] INFO  segmented.SegmentedRaftLogWorker (SegmentedRaftLogWorker.java:lambda$new$0(135)) - 5e80796c-08e2-49d7-ac91-a54e72c24940@group-22954514A2DF-SegmentedRaftLogWorker: safeCacheEvictIndex: setUnconditionally 0 -> -1
2022-08-04 23:31:10,267 [pool-387-thread-1] INFO  server.RaftServerConfigKeys (ConfUtils.java:logGet(46)) - raft.server.snapshot.auto.trigger.enabled = true (custom)
2022-08-04 23:31:10,267 [pool-387-thread-1] INFO  server.RaftServerConfigKeys (ConfUtils.java:logGet(46)) - raft.server.snapshot.auto.trigger.threshold = 10000 (custom)
2022-08-04 23:31:10,267 [pool-387-thread-1] INFO  server.RaftServerConfigKeys (ConfUtils.java:logGet(46)) - raft.server.snapshot.retention.file.num = 5 (custom)
2022-08-04 23:31:10,267 [pool-387-thread-1] INFO  server.RaftServerConfigKeys (ConfUtils.java:logGet(46)) - raft.server.log.purge.upto.snapshot.index = false (default)
2022-08-04 23:31:10,267 [pool-387-thread-1] INFO  server.RaftServerConfigKeys (ConfUtils.java:logGet(46)) - raft.server.retrycache.expirytime = 600000ms (custom)
2022-08-04 23:31:10,267 [pool-387-thread-1] INFO  server.RaftServerConfigKeys (ConfUtils.java:logGet(46)) - raft.server.retrycache.statistics.expirytime = 100μs (default)
2022-08-04 23:31:10,269 [pool-387-thread-1] INFO  server.RaftServerConfigKeys (ConfUtils.java:logGet(46)) - raft.server.log.appender.install.snapshot.enabled = false (custom)
2022-08-04 23:31:10,269 [pool-387-thread-1] INFO  server.RaftServerConfigKeys (ConfUtils.java:logGet(46)) - raft.server.threadpool.server.cached = true (default)
2022-08-04 23:31:10,269 [pool-387-thread-1] INFO  server.RaftServerConfigKeys (ConfUtils.java:logGet(46)) - raft.server.threadpool.server.size = 0 (default)
2022-08-04 23:31:10,269 [pool-387-thread-1] INFO  server.RaftServerConfigKeys (ConfUtils.java:logGet(46)) - raft.server.threadpool.client.cached = true (default)
2022-08-04 23:31:10,269 [pool-387-thread-1] INFO  server.RaftServerConfigKeys (ConfUtils.java:logGet(46)) - raft.server.threadpool.client.size = 0 (default)
2022-08-04 23:31:10,269 [pool-387-thread-1] INFO  server.RaftServer$Division (RaftServerImpl.java:start(310)) - 5e80796c-08e2-49d7-ac91-a54e72c24940@group-22954514A2DF: start as a follower, conf=-1: [8a384bf1-39eb-472e-85d6-2b3bc7de0419|rpc:10.1.0.37:42895|dataStream:|priority:0, 835f1f02-615d-4531-8f70-bc26023eea88|rpc:10.1.0.37:40083|dataStream:|priority:0, 5e80796c-08e2-49d7-ac91-a54e72c24940|rpc:10.1.0.37:40655|dataStream:|priority:1], old=null
2022-08-04 23:31:10,269 [pool-387-thread-1] INFO  server.RaftServer$Division (RaftServerImpl.java:setRole(299)) - 5e80796c-08e2-49d7-ac91-a54e72c24940@group-22954514A2DF: changes role from      null to FOLLOWER at term 0 for startAsFollower
2022-08-04 23:31:10,269 [pool-387-thread-1] INFO  impl.RoleInfo (RoleInfo.java:updateAndGet(139)) - 5e80796c-08e2-49d7-ac91-a54e72c24940: start 5e80796c-08e2-49d7-ac91-a54e72c24940@group-22954514A2DF-FollowerState
2022-08-04 23:31:10,271 [pool-387-thread-1] INFO  util.JmxRegister (JmxRegister.java:tryRegister(44)) - Successfully registered JMX Bean with object name Ratis:service=RaftServer,group=group-22954514A2DF,id=5e80796c-08e2-49d7-ac91-a54e72c24940
2022-08-04 23:31:10,314 [Command processor thread] INFO  commandhandler.CreatePipelineCommandHandler (CreatePipelineCommandHandler.java:handle(113)) - Created Pipeline RATIS THREE PipelineID=b9e218c2-fe6d-4cc4-8343-22954514a2df.
2022-08-04 23:31:10,329 [Listener at 127.0.0.1/45741] INFO  ozone.MiniOzoneClusterImpl (MiniOzoneClusterImpl.java:lambda$waitForClusterToBeReady$0(216)) - Nodes are ready. Got 3 of 3 DN Heartbeats.
2022-08-04 23:31:10,329 [Listener at 127.0.0.1/45741] INFO  ozone.MiniOzoneClusterImpl (MiniOzoneClusterImpl.java:lambda$waitForClusterToBeReady$0(219)) - Waiting for cluster to exit safe mode
2022-08-04 23:31:10,329 [Listener at 127.0.0.1/45741] INFO  ozone.MiniOzoneClusterImpl (MiniOzoneClusterImpl.java:lambda$waitForClusterToBeReady$0(221)) - SCM became leader
2022-08-04 23:31:10,415 [Command processor thread] INFO  server.RaftServer (RaftServerProxy.java:addNew(96)) - 5e80796c-08e2-49d7-ac91-a54e72c24940: addNew group-C9EDDF73366C:[5e80796c-08e2-49d7-ac91-a54e72c24940|rpc:10.1.0.37:40655|priority:1] returns group-C9EDDF73366C:java.util.concurrent.CompletableFuture@7ee49501[Not completed]
2022-08-04 23:31:10,416 [pool-387-thread-1] INFO  server.RaftServer$Division (RaftServerImpl.java:<init>(190)) - 5e80796c-08e2-49d7-ac91-a54e72c24940: new RaftServerImpl for group-C9EDDF73366C:[5e80796c-08e2-49d7-ac91-a54e72c24940|rpc:10.1.0.37:40655|priority:1] with ContainerStateMachine:uninitialized
2022-08-04 23:31:10,416 [pool-387-thread-1] INFO  server.RaftServerConfigKeys (ConfUtils.java:logGet(46)) - raft.server.rpc.timeout.min = 5s (custom)
2022-08-04 23:31:10,416 [pool-387-thread-1] INFO  server.RaftServerConfigKeys (ConfUtils.java:logGet(46)) - raft.server.rpc.timeout.max = 5200ms (custom)
2022-08-04 23:31:10,416 [pool-387-thread-1] INFO  server.RaftServerConfigKeys (ConfUtils.java:logGet(46)) - raft.server.rpc.sleep.time = 25ms (default)
2022-08-04 23:31:10,416 [pool-387-thread-1] INFO  server.RaftServerConfigKeys (ConfUtils.java:logGet(46)) - raft.server.rpc.slowness.timeout = 300s (custom)
2022-08-04 23:31:10,416 [pool-387-thread-1] INFO  server.RaftServerConfigKeys (ConfUtils.java:logGet(46)) - raft.server.leaderelection.leader.step-down.wait-time = 10s (default)
2022-08-04 23:31:10,416 [pool-387-thread-1] INFO  server.RaftServerConfigKeys (ConfUtils.java:logGet(46)) - raft.server.sleep.deviation.threshold = 300ms (default)
2022-08-04 23:31:10,416 [pool-387-thread-1] INFO  server.RaftServer$Division (ServerState.java:<init>(107)) - 5e80796c-08e2-49d7-ac91-a54e72c24940@group-C9EDDF73366C: ConfigurationManager, init=-1: [5e80796c-08e2-49d7-ac91-a54e72c24940|rpc:10.1.0.37:40655|priority:1], old=null, confs=<EMPTY_MAP>
2022-08-04 23:31:10,416 [pool-387-thread-1] INFO  server.RaftServerConfigKeys (ConfUtils.java:logGet(46)) - raft.server.storage.dir = [/home/runner/work/ozone/ozone/hadoop-ozone/integration-test/target/test-dir/MiniOzoneClusterImpl-ee856cd1-984e-43cb-9579-cb3e6fd39ea6/datanode-1/data/ratis] (custom)
2022-08-04 23:31:10,417 [pool-387-thread-1] INFO  server.RaftServerConfigKeys (ConfUtils.java:logGet(46)) - raft.server.log.corruption.policy = EXCEPTION (default)
2022-08-04 23:31:10,417 [pool-387-thread-1] INFO  server.RaftServerConfigKeys (ConfUtils.java:logGet(46)) - raft.server.storage.free-space.min = 0MB (=0) (default)
2022-08-04 23:31:10,417 [pool-387-thread-1] INFO  storage.RaftStorageDirectory (RaftStorageDirectoryImpl.java:analyzeStorage(135)) - The storage directory /home/runner/work/ozone/ozone/hadoop-ozone/integration-test/target/test-dir/MiniOzoneClusterImpl-ee856cd1-984e-43cb-9579-cb3e6fd39ea6/datanode-1/data/ratis/03edb99d-0d50-443f-92f6-c9eddf73366c does not exist. Creating ...
2022-08-04 23:31:10,418 [pool-387-thread-1] INFO  storage.RaftStorageDirectory (RaftStorageDirectoryImpl.java:tryLock(230)) - Lock on /home/runner/work/ozone/ozone/hadoop-ozone/integration-test/target/test-dir/MiniOzoneClusterImpl-ee856cd1-984e-43cb-9579-cb3e6fd39ea6/datanode-1/data/ratis/03edb99d-0d50-443f-92f6-c9eddf73366c/in_use.lock acquired by nodename 5725@fv-az241-597
2022-08-04 23:31:10,422 [pool-387-thread-1] INFO  storage.RaftStorage (RaftStorageImpl.java:format(89)) - Storage directory /home/runner/work/ozone/ozone/hadoop-ozone/integration-test/target/test-dir/MiniOzoneClusterImpl-ee856cd1-984e-43cb-9579-cb3e6fd39ea6/datanode-1/data/ratis/03edb99d-0d50-443f-92f6-c9eddf73366c has been successfully formatted.
2022-08-04 23:31:10,424 [pool-387-thread-1] INFO  ratis.ContainerStateMachine (ContainerStateMachine.java:loadSnapshot(236)) - group-C9EDDF73366C: The snapshot info is null. Setting the last applied indexto:(t:0, i:~)
2022-08-04 23:31:10,424 [pool-387-thread-1] INFO  server.RaftServerConfigKeys (ConfUtils.java:logGet(46)) - raft.server.notification.no-leader.timeout = 300s (custom)
2022-08-04 23:31:10,424 [pool-387-thread-1] INFO  server.RaftServerConfigKeys (ConfUtils.java:logGet(46)) - raft.server.log.use.memory = false (default)
2022-08-04 23:31:10,424 [pool-387-thread-1] INFO  server.RaftServerConfigKeys (ConfUtils.java:logGet(46)) - raft.server.log.purge.gap = 1000000 (custom)
2022-08-04 23:31:10,424 [pool-387-thread-1] INFO  server.RaftServerConfigKeys (ConfUtils.java:logGet(46)) - raft.server.log.appender.buffer.byte-limit = 33554432 (custom)
2022-08-04 23:31:10,424 [pool-387-thread-1] INFO  server.RaftServerConfigKeys (ConfUtils.java:logGet(46)) - raft.server.log.statemachine.data.read.timeout = 1000ms (default)
2022-08-04 23:31:10,424 [pool-387-thread-1] INFO  server.RaftServerConfigKeys (ConfUtils.java:logGet(46)) - raft.server.log.segment.size.max = 1048576 (custom)
2022-08-04 23:31:10,424 [pool-387-thread-1] INFO  server.RaftServerConfigKeys (ConfUtils.java:logGet(46)) - raft.server.log.segment.cache.num.max = 2 (custom)
2022-08-04 23:31:10,424 [pool-387-thread-1] INFO  server.RaftServerConfigKeys (ConfUtils.java:logGet(46)) - raft.server.log.segment.cache.size.max = 200MB (=209715200) (default)
2022-08-04 23:31:10,425 [pool-387-thread-1] INFO  segmented.SegmentedRaftLogWorker (SegmentedRaftLogWorker.java:<init>(187)) - new 5e80796c-08e2-49d7-ac91-a54e72c24940@group-C9EDDF73366C-SegmentedRaftLogWorker for RaftStorageImpl:Storage Directory /home/runner/work/ozone/ozone/hadoop-ozone/integration-test/target/test-dir/MiniOzoneClusterImpl-ee856cd1-984e-43cb-9579-cb3e6fd39ea6/datanode-1/data/ratis/03edb99d-0d50-443f-92f6-c9eddf73366c
2022-08-04 23:31:10,425 [pool-387-thread-1] INFO  server.RaftServerConfigKeys (ConfUtils.java:logGet(46)) - raft.server.log.queue.byte-limit = 4294967296 (custom)
2022-08-04 23:31:10,425 [EventQueue-PipelineReportForPipelineReportHandler] INFO  pipeline.PipelineManagerImpl (PipelineManagerImpl.java:openPipeline(367)) - Pipeline Pipeline[ Id: 03edb99d-0d50-443f-92f6-c9eddf73366c, Nodes: 5e80796c-08e2-49d7-ac91-a54e72c24940{ip: 10.1.0.37, host: fv-az241-597.bb25ywkzvhnelkltyshw0e441e.jx.internal.cloudapp.net, ports: [REPLICATION=41237, RATIS=40655, RATIS_ADMIN=40655, RATIS_SERVER=40655, STANDALONE=33977], networkLocation: /default-rack, certSerialId: null, persistedOpState: IN_SERVICE, persistedOpStateExpiryEpochSec: 0}, ReplicationConfig: RATIS/ONE, State:ALLOCATED, leaderId:5e80796c-08e2-49d7-ac91-a54e72c24940, CreationTimestamp2022-08-04T23:31:07.431Z[Etc/UTC]] moved to OPEN state
2022-08-04 23:31:10,426 [EventQueue-OpenPipelineForHealthyPipelineSafeModeRule] INFO  safemode.SCMSafeModeManager (HealthyPipelineSafeModeRule.java:process(137)) - SCM in safe mode. Healthy pipelines reported count is 0, required healthy pipeline reported count is 1
2022-08-04 23:31:10,427 [pool-387-thread-1] INFO  server.RaftServerConfigKeys (ConfUtils.java:logGet(46)) - raft.server.log.queue.element-limit = 1024 (custom)
2022-08-04 23:31:10,427 [pool-387-thread-1] INFO  server.RaftServerConfigKeys (ConfUtils.java:logGet(46)) - raft.server.log.segment.size.max = 1048576 (custom)
2022-08-04 23:31:10,427 [pool-387-thread-1] INFO  server.RaftServerConfigKeys (ConfUtils.java:logGet(46)) - raft.server.log.preallocated.size = 16384 (custom)
2022-08-04 23:31:10,427 [pool-387-thread-1] INFO  server.RaftServerConfigKeys (ConfUtils.java:logGet(46)) - raft.server.log.force.sync.num = 128 (default)
2022-08-04 23:31:10,428 [pool-387-thread-1] INFO  server.RaftServerConfigKeys (ConfUtils.java:logGet(46)) - raft.server.log.statemachine.data.sync = true (default)
2022-08-04 23:31:10,428 [pool-387-thread-1] INFO  server.RaftServerConfigKeys (ConfUtils.java:logGet(46)) - raft.server.log.statemachine.data.sync.timeout = 10s (default)
2022-08-04 23:31:10,428 [pool-387-thread-1] INFO  server.RaftServerConfigKeys (ConfUtils.java:logGet(46)) - raft.server.log.statemachine.data.sync.timeout.retry = -1 (default)
2022-08-04 23:31:10,428 [pool-387-thread-1] INFO  server.RaftServerConfigKeys (ConfUtils.java:logGet(46)) - raft.server.log.write.buffer.size = 1048576 (custom)
2022-08-04 23:31:10,429 [pool-387-thread-1] INFO  server.RaftServerConfigKeys (ConfUtils.java:logGet(46)) - raft.server.log.unsafe-flush.enabled = false (default)
2022-08-04 23:31:10,429 [pool-387-thread-1] INFO  server.RaftServerConfigKeys (ConfUtils.java:logGet(46)) - raft.server.log.statemachine.data.caching.enabled = true (custom)
2022-08-04 23:31:10,429 [pool-387-thread-1] INFO  segmented.SegmentedRaftLogWorker (SegmentedRaftLogWorker.java:lambda$new$0(135)) - 5e80796c-08e2-49d7-ac91-a54e72c24940@group-C9EDDF73366C-SegmentedRaftLogWorker: flushIndex: setUnconditionally 0 -> -1
2022-08-04 23:31:10,429 [pool-387-thread-1] INFO  segmented.SegmentedRaftLogWorker (SegmentedRaftLogWorker.java:lambda$new$0(135)) - 5e80796c-08e2-49d7-ac91-a54e72c24940@group-C9EDDF73366C-SegmentedRaftLogWorker: safeCacheEvictIndex: setUnconditionally 0 -> -1
2022-08-04 23:31:10,436 [pool-387-thread-1] INFO  server.RaftServerConfigKeys (ConfUtils.java:logGet(46)) - raft.server.snapshot.auto.trigger.enabled = true (custom)
2022-08-04 23:31:10,436 [pool-387-thread-1] INFO  server.RaftServerConfigKeys (ConfUtils.java:logGet(46)) - raft.server.snapshot.auto.trigger.threshold = 10000 (custom)
2022-08-04 23:31:10,436 [pool-387-thread-1] INFO  server.RaftServerConfigKeys (ConfUtils.java:logGet(46)) - raft.server.snapshot.retention.file.num = 5 (custom)
2022-08-04 23:31:10,436 [pool-387-thread-1] INFO  server.RaftServerConfigKeys (ConfUtils.java:logGet(46)) - raft.server.log.purge.upto.snapshot.index = false (default)
2022-08-04 23:31:10,436 [pool-387-thread-1] INFO  server.RaftServerConfigKeys (ConfUtils.java:logGet(46)) - raft.server.retrycache.expirytime = 600000ms (custom)
2022-08-04 23:31:10,436 [pool-387-thread-1] INFO  server.RaftServerConfigKeys (ConfUtils.java:logGet(46)) - raft.server.retrycache.statistics.expirytime = 100μs (default)
2022-08-04 23:31:10,437 [pool-387-thread-1] INFO  server.RaftServerConfigKeys (ConfUtils.java:logGet(46)) - raft.server.log.appender.install.snapshot.enabled = false (custom)
2022-08-04 23:31:10,437 [pool-387-thread-1] INFO  server.RaftServerConfigKeys (ConfUtils.java:logGet(46)) - raft.server.threadpool.server.cached = true (default)
2022-08-04 23:31:10,437 [pool-387-thread-1] INFO  server.RaftServerConfigKeys (ConfUtils.java:logGet(46)) - raft.server.threadpool.server.size = 0 (default)
2022-08-04 23:31:10,437 [pool-387-thread-1] INFO  server.RaftServerConfigKeys (ConfUtils.java:logGet(46)) - raft.server.threadpool.client.cached = true (default)
2022-08-04 23:31:10,437 [pool-387-thread-1] INFO  server.RaftServerConfigKeys (ConfUtils.java:logGet(46)) - raft.server.threadpool.client.size = 0 (default)
2022-08-04 23:31:10,437 [pool-387-thread-1] INFO  server.RaftServer$Division (RaftServerImpl.java:start(310)) - 5e80796c-08e2-49d7-ac91-a54e72c24940@group-C9EDDF73366C: start as a follower, conf=-1: [5e80796c-08e2-49d7-ac91-a54e72c24940|rpc:10.1.0.37:40655|priority:1], old=null
2022-08-04 23:31:10,437 [pool-387-thread-1] INFO  server.RaftServer$Division (RaftServerImpl.java:setRole(299)) - 5e80796c-08e2-49d7-ac91-a54e72c24940@group-C9EDDF73366C: changes role from      null to FOLLOWER at term 0 for startAsFollower
2022-08-04 23:31:10,437 [pool-387-thread-1] INFO  impl.RoleInfo (RoleInfo.java:updateAndGet(139)) - 5e80796c-08e2-49d7-ac91-a54e72c24940: start 5e80796c-08e2-49d7-ac91-a54e72c24940@group-C9EDDF73366C-FollowerState
2022-08-04 23:31:10,455 [pool-387-thread-1] INFO  util.JmxRegister (JmxRegister.java:tryRegister(44)) - Successfully registered JMX Bean with object name Ratis:service=RaftServer,group=group-C9EDDF73366C,id=5e80796c-08e2-49d7-ac91-a54e72c24940
2022-08-04 23:31:10,461 [Command processor thread] INFO  ratis.XceiverServerRatis (XceiverServerRatis.java:addGroup(765)) - Created group PipelineID=03edb99d-0d50-443f-92f6-c9eddf73366c
2022-08-04 23:31:10,461 [Command processor thread] INFO  commandhandler.CreatePipelineCommandHandler (CreatePipelineCommandHandler.java:handle(113)) - Created Pipeline RATIS ONE PipelineID=03edb99d-0d50-443f-92f6-c9eddf73366c.
2022-08-04 23:31:11,330 [Listener at 127.0.0.1/45741] INFO  ozone.MiniOzoneClusterImpl (MiniOzoneClusterImpl.java:lambda$waitForClusterToBeReady$0(216)) - Nodes are ready. Got 3 of 3 DN Heartbeats.
2022-08-04 23:31:11,330 [Listener at 127.0.0.1/45741] INFO  ozone.MiniOzoneClusterImpl (MiniOzoneClusterImpl.java:lambda$waitForClusterToBeReady$0(219)) - Waiting for cluster to exit safe mode
2022-08-04 23:31:11,330 [Listener at 127.0.0.1/45741] INFO  ozone.MiniOzoneClusterImpl (MiniOzoneClusterImpl.java:lambda$waitForClusterToBeReady$0(221)) - SCM became leader
2022-08-04 23:31:11,367 [Command processor thread] INFO  server.RaftServer (RaftServerProxy.java:addNew(96)) - 8a384bf1-39eb-472e-85d6-2b3bc7de0419: addNew group-5D3CB8B222B3:[8a384bf1-39eb-472e-85d6-2b3bc7de0419|rpc:10.1.0.37:42895|priority:1] returns group-5D3CB8B222B3:java.util.concurrent.CompletableFuture@5a495012[Not completed]
2022-08-04 23:31:11,367 [pool-410-thread-1] INFO  server.RaftServer$Division (RaftServerImpl.java:<init>(190)) - 8a384bf1-39eb-472e-85d6-2b3bc7de0419: new RaftServerImpl for group-5D3CB8B222B3:[8a384bf1-39eb-472e-85d6-2b3bc7de0419|rpc:10.1.0.37:42895|priority:1] with ContainerStateMachine:uninitialized
2022-08-04 23:31:11,368 [pool-410-thread-1] INFO  server.RaftServerConfigKeys (ConfUtils.java:logGet(46)) - raft.server.rpc.timeout.min = 5s (custom)
2022-08-04 23:31:11,368 [pool-410-thread-1] INFO  server.RaftServerConfigKeys (ConfUtils.java:logGet(46)) - raft.server.rpc.timeout.max = 5200ms (custom)
2022-08-04 23:31:11,368 [pool-410-thread-1] INFO  server.RaftServerConfigKeys (ConfUtils.java:logGet(46)) - raft.server.rpc.sleep.time = 25ms (default)
2022-08-04 23:31:11,368 [pool-410-thread-1] INFO  server.RaftServerConfigKeys (ConfUtils.java:logGet(46)) - raft.server.rpc.slowness.timeout = 300s (custom)
2022-08-04 23:31:11,368 [pool-410-thread-1] INFO  server.RaftServerConfigKeys (ConfUtils.java:logGet(46)) - raft.server.leaderelection.leader.step-down.wait-time = 10s (default)
2022-08-04 23:31:11,368 [pool-410-thread-1] INFO  server.RaftServerConfigKeys (ConfUtils.java:logGet(46)) - raft.server.sleep.deviation.threshold = 300ms (default)
2022-08-04 23:31:11,368 [pool-410-thread-1] INFO  server.RaftServer$Division (ServerState.java:<init>(107)) - 8a384bf1-39eb-472e-85d6-2b3bc7de0419@group-5D3CB8B222B3: ConfigurationManager, init=-1: [8a384bf1-39eb-472e-85d6-2b3bc7de0419|rpc:10.1.0.37:42895|priority:1], old=null, confs=<EMPTY_MAP>
2022-08-04 23:31:11,368 [pool-410-thread-1] INFO  server.RaftServerConfigKeys (ConfUtils.java:logGet(46)) - raft.server.storage.dir = [/home/runner/work/ozone/ozone/hadoop-ozone/integration-test/target/test-dir/MiniOzoneClusterImpl-ee856cd1-984e-43cb-9579-cb3e6fd39ea6/datanode-2/data/ratis] (custom)
2022-08-04 23:31:11,368 [pool-410-thread-1] INFO  server.RaftServerConfigKeys (ConfUtils.java:logGet(46)) - raft.server.log.corruption.policy = EXCEPTION (default)
2022-08-04 23:31:11,368 [pool-410-thread-1] INFO  server.RaftServerConfigKeys (ConfUtils.java:logGet(46)) - raft.server.storage.free-space.min = 0MB (=0) (default)
2022-08-04 23:31:11,368 [pool-410-thread-1] INFO  storage.RaftStorageDirectory (RaftStorageDirectoryImpl.java:analyzeStorage(135)) - The storage directory /home/runner/work/ozone/ozone/hadoop-ozone/integration-test/target/test-dir/MiniOzoneClusterImpl-ee856cd1-984e-43cb-9579-cb3e6fd39ea6/datanode-2/data/ratis/a764cac3-e029-415f-b832-5d3cb8b222b3 does not exist. Creating ...
2022-08-04 23:31:11,373 [pool-410-thread-1] INFO  storage.RaftStorageDirectory (RaftStorageDirectoryImpl.java:tryLock(230)) - Lock on /home/runner/work/ozone/ozone/hadoop-ozone/integration-test/target/test-dir/MiniOzoneClusterImpl-ee856cd1-984e-43cb-9579-cb3e6fd39ea6/datanode-2/data/ratis/a764cac3-e029-415f-b832-5d3cb8b222b3/in_use.lock acquired by nodename 5725@fv-az241-597
2022-08-04 23:31:11,374 [pool-410-thread-1] INFO  storage.RaftStorage (RaftStorageImpl.java:format(89)) - Storage directory /home/runner/work/ozone/ozone/hadoop-ozone/integration-test/target/test-dir/MiniOzoneClusterImpl-ee856cd1-984e-43cb-9579-cb3e6fd39ea6/datanode-2/data/ratis/a764cac3-e029-415f-b832-5d3cb8b222b3 has been successfully formatted.
2022-08-04 23:31:11,375 [pool-410-thread-1] INFO  ratis.ContainerStateMachine (ContainerStateMachine.java:loadSnapshot(236)) - group-5D3CB8B222B3: The snapshot info is null. Setting the last applied indexto:(t:0, i:~)
2022-08-04 23:31:11,375 [pool-410-thread-1] INFO  server.RaftServerConfigKeys (ConfUtils.java:logGet(46)) - raft.server.notification.no-leader.timeout = 300s (custom)
2022-08-04 23:31:11,375 [pool-410-thread-1] INFO  server.RaftServerConfigKeys (ConfUtils.java:logGet(46)) - raft.server.log.use.memory = false (default)
2022-08-04 23:31:11,375 [pool-410-thread-1] INFO  server.RaftServerConfigKeys (ConfUtils.java:logGet(46)) - raft.server.log.purge.gap = 1000000 (custom)
2022-08-04 23:31:11,375 [pool-410-thread-1] INFO  server.RaftServerConfigKeys (ConfUtils.java:logGet(46)) - raft.server.log.appender.buffer.byte-limit = 33554432 (custom)
2022-08-04 23:31:11,375 [pool-410-thread-1] INFO  server.RaftServerConfigKeys (ConfUtils.java:logGet(46)) - raft.server.log.statemachine.data.read.timeout = 1000ms (default)
2022-08-04 23:31:11,375 [pool-410-thread-1] INFO  server.RaftServerConfigKeys (ConfUtils.java:logGet(46)) - raft.server.log.segment.size.max = 1048576 (custom)
2022-08-04 23:31:11,375 [pool-410-thread-1] INFO  server.RaftServerConfigKeys (ConfUtils.java:logGet(46)) - raft.server.log.segment.cache.num.max = 2 (custom)
2022-08-04 23:31:11,376 [pool-410-thread-1] INFO  server.RaftServerConfigKeys (ConfUtils.java:logGet(46)) - raft.server.log.segment.cache.size.max = 200MB (=209715200) (default)
2022-08-04 23:31:11,376 [pool-410-thread-1] INFO  segmented.SegmentedRaftLogWorker (SegmentedRaftLogWorker.java:<init>(187)) - new 8a384bf1-39eb-472e-85d6-2b3bc7de0419@group-5D3CB8B222B3-SegmentedRaftLogWorker for RaftStorageImpl:Storage Directory /home/runner/work/ozone/ozone/hadoop-ozone/integration-test/target/test-dir/MiniOzoneClusterImpl-ee856cd1-984e-43cb-9579-cb3e6fd39ea6/datanode-2/data/ratis/a764cac3-e029-415f-b832-5d3cb8b222b3
2022-08-04 23:31:11,376 [pool-410-thread-1] INFO  server.RaftServerConfigKeys (ConfUtils.java:logGet(46)) - raft.server.log.queue.byte-limit = 4294967296 (custom)
2022-08-04 23:31:11,376 [pool-410-thread-1] INFO  server.RaftServerConfigKeys (ConfUtils.java:logGet(46)) - raft.server.log.queue.element-limit = 1024 (custom)
2022-08-04 23:31:11,376 [pool-410-thread-1] INFO  server.RaftServerConfigKeys (ConfUtils.java:logGet(46)) - raft.server.log.segment.size.max = 1048576 (custom)
2022-08-04 23:31:11,376 [pool-410-thread-1] INFO  server.RaftServerConfigKeys (ConfUtils.java:logGet(46)) - raft.server.log.preallocated.size = 16384 (custom)
2022-08-04 23:31:11,376 [pool-410-thread-1] INFO  server.RaftServerConfigKeys (ConfUtils.java:logGet(46)) - raft.server.log.force.sync.num = 128 (default)
2022-08-04 23:31:11,376 [pool-410-thread-1] INFO  server.RaftServerConfigKeys (ConfUtils.java:logGet(46)) - raft.server.log.statemachine.data.sync = true (default)
2022-08-04 23:31:11,376 [pool-410-thread-1] INFO  server.RaftServerConfigKeys (ConfUtils.java:logGet(46)) - raft.server.log.statemachine.data.sync.timeout = 10s (default)
2022-08-04 23:31:11,376 [pool-410-thread-1] INFO  server.RaftServerConfigKeys (ConfUtils.java:logGet(46)) - raft.server.log.statemachine.data.sync.timeout.retry = -1 (default)
2022-08-04 23:31:11,376 [pool-410-thread-1] INFO  server.RaftServerConfigKeys (ConfUtils.java:logGet(46)) - raft.server.log.write.buffer.size = 1048576 (custom)
2022-08-04 23:31:11,377 [pool-410-thread-1] INFO  server.RaftServerConfigKeys (ConfUtils.java:logGet(46)) - raft.server.log.unsafe-flush.enabled = false (default)
2022-08-04 23:31:11,377 [pool-410-thread-1] INFO  server.RaftServerConfigKeys (ConfUtils.java:logGet(46)) - raft.server.log.statemachine.data.caching.enabled = true (custom)
2022-08-04 23:31:11,377 [pool-410-thread-1] INFO  segmented.SegmentedRaftLogWorker (SegmentedRaftLogWorker.java:lambda$new$0(135)) - 8a384bf1-39eb-472e-85d6-2b3bc7de0419@group-5D3CB8B222B3-SegmentedRaftLogWorker: flushIndex: setUnconditionally 0 -> -1
2022-08-04 23:31:11,377 [pool-410-thread-1] INFO  segmented.SegmentedRaftLogWorker (SegmentedRaftLogWorker.java:lambda$new$0(135)) - 8a384bf1-39eb-472e-85d6-2b3bc7de0419@group-5D3CB8B222B3-SegmentedRaftLogWorker: safeCacheEvictIndex: setUnconditionally 0 -> -1
2022-08-04 23:31:11,379 [pool-410-thread-1] INFO  server.RaftServerConfigKeys (ConfUtils.java:logGet(46)) - raft.server.snapshot.auto.trigger.enabled = true (custom)
2022-08-04 23:31:11,379 [pool-410-thread-1] INFO  server.RaftServerConfigKeys (ConfUtils.java:logGet(46)) - raft.server.snapshot.auto.trigger.threshold = 10000 (custom)
2022-08-04 23:31:11,380 [pool-410-thread-1] INFO  server.RaftServerConfigKeys (ConfUtils.java:logGet(46)) - raft.server.snapshot.retention.file.num = 5 (custom)
2022-08-04 23:31:11,380 [EventQueue-PipelineReportForPipelineReportHandler] INFO  pipeline.PipelineManagerImpl (PipelineManagerImpl.java:openPipeline(367)) - Pipeline Pipeline[ Id: a764cac3-e029-415f-b832-5d3cb8b222b3, Nodes: 8a384bf1-39eb-472e-85d6-2b3bc7de0419{ip: 10.1.0.37, host: fv-az241-597.bb25ywkzvhnelkltyshw0e441e.jx.internal.cloudapp.net, ports: [REPLICATION=45451, RATIS=42895, RATIS_ADMIN=42895, RATIS_SERVER=42895, STANDALONE=43745], networkLocation: /default-rack, certSerialId: null, persistedOpState: IN_SERVICE, persistedOpStateExpiryEpochSec: 0}, ReplicationConfig: RATIS/ONE, State:ALLOCATED, leaderId:8a384bf1-39eb-472e-85d6-2b3bc7de0419, CreationTimestamp2022-08-04T23:31:08.372Z[Etc/UTC]] moved to OPEN state
2022-08-04 23:31:11,380 [EventQueue-OpenPipelineForHealthyPipelineSafeModeRule] INFO  safemode.SCMSafeModeManager (HealthyPipelineSafeModeRule.java:process(137)) - SCM in safe mode. Healthy pipelines reported count is 0, required healthy pipeline reported count is 1
2022-08-04 23:31:11,380 [pool-410-thread-1] INFO  server.RaftServerConfigKeys (ConfUtils.java:logGet(46)) - raft.server.log.purge.upto.snapshot.index = false (default)
2022-08-04 23:31:11,380 [pool-410-thread-1] INFO  server.RaftServerConfigKeys (ConfUtils.java:logGet(46)) - raft.server.retrycache.expirytime = 600000ms (custom)
2022-08-04 23:31:11,381 [pool-410-thread-1] INFO  server.RaftServerConfigKeys (ConfUtils.java:logGet(46)) - raft.server.retrycache.statistics.expirytime = 100μs (default)
2022-08-04 23:31:11,381 [pool-410-thread-1] INFO  server.RaftServerConfigKeys (ConfUtils.java:logGet(46)) - raft.server.log.appender.install.snapshot.enabled = false (custom)
2022-08-04 23:31:11,381 [pool-410-thread-1] INFO  server.RaftServerConfigKeys (ConfUtils.java:logGet(46)) - raft.server.threadpool.server.cached = true (default)
2022-08-04 23:31:11,381 [pool-410-thread-1] INFO  server.RaftServerConfigKeys (ConfUtils.java:logGet(46)) - raft.server.threadpool.server.size = 0 (default)
2022-08-04 23:31:11,381 [pool-410-thread-1] INFO  server.RaftServerConfigKeys (ConfUtils.java:logGet(46)) - raft.server.threadpool.client.cached = true (default)
2022-08-04 23:31:11,382 [pool-410-thread-1] INFO  server.RaftServerConfigKeys (ConfUtils.java:logGet(46)) - raft.server.threadpool.client.size = 0 (default)
2022-08-04 23:31:11,382 [pool-410-thread-1] INFO  server.RaftServer$Division (RaftServerImpl.java:start(310)) - 8a384bf1-39eb-472e-85d6-2b3bc7de0419@group-5D3CB8B222B3: start as a follower, conf=-1: [8a384bf1-39eb-472e-85d6-2b3bc7de0419|rpc:10.1.0.37:42895|priority:1], old=null
2022-08-04 23:31:11,382 [pool-410-thread-1] INFO  server.RaftServer$Division (RaftServerImpl.java:setRole(299)) - 8a384bf1-39eb-472e-85d6-2b3bc7de0419@group-5D3CB8B222B3: changes role from      null to FOLLOWER at term 0 for startAsFollower
2022-08-04 23:31:11,382 [pool-410-thread-1] INFO  impl.RoleInfo (RoleInfo.java:updateAndGet(139)) - 8a384bf1-39eb-472e-85d6-2b3bc7de0419: start 8a384bf1-39eb-472e-85d6-2b3bc7de0419@group-5D3CB8B222B3-FollowerState
2022-08-04 23:31:11,388 [pool-410-thread-1] INFO  util.JmxRegister (JmxRegister.java:tryRegister(44)) - Successfully registered JMX Bean with object name Ratis:service=RaftServer,group=group-5D3CB8B222B3,id=8a384bf1-39eb-472e-85d6-2b3bc7de0419
2022-08-04 23:31:11,391 [Command processor thread] INFO  ratis.XceiverServerRatis (XceiverServerRatis.java:addGroup(765)) - Created group PipelineID=a764cac3-e029-415f-b832-5d3cb8b222b3
2022-08-04 23:31:11,391 [Command processor thread] INFO  commandhandler.CreatePipelineCommandHandler (CreatePipelineCommandHandler.java:handle(113)) - Created Pipeline RATIS ONE PipelineID=a764cac3-e029-415f-b832-5d3cb8b222b3.
2022-08-04 23:31:12,330 [Listener at 127.0.0.1/45741] INFO  ozone.MiniOzoneClusterImpl (MiniOzoneClusterImpl.java:lambda$waitForClusterToBeReady$0(216)) - Nodes are ready. Got 3 of 3 DN Heartbeats.
2022-08-04 23:31:12,330 [Listener at 127.0.0.1/45741] INFO  ozone.MiniOzoneClusterImpl (MiniOzoneClusterImpl.java:lambda$waitForClusterToBeReady$0(219)) - Waiting for cluster to exit safe mode
2022-08-04 23:31:12,331 [Listener at 127.0.0.1/45741] INFO  ozone.MiniOzoneClusterImpl (MiniOzoneClusterImpl.java:lambda$waitForClusterToBeReady$0(221)) - SCM became leader
2022-08-04 23:31:13,331 [Listener at 127.0.0.1/45741] INFO  ozone.MiniOzoneClusterImpl (MiniOzoneClusterImpl.java:lambda$waitForClusterToBeReady$0(216)) - Nodes are ready. Got 3 of 3 DN Heartbeats.
2022-08-04 23:31:13,331 [Listener at 127.0.0.1/45741] INFO  ozone.MiniOzoneClusterImpl (MiniOzoneClusterImpl.java:lambda$waitForClusterToBeReady$0(219)) - Waiting for cluster to exit safe mode
2022-08-04 23:31:13,331 [Listener at 127.0.0.1/45741] INFO  ozone.MiniOzoneClusterImpl (MiniOzoneClusterImpl.java:lambda$waitForClusterToBeReady$0(221)) - SCM became leader
2022-08-04 23:31:14,331 [Listener at 127.0.0.1/45741] INFO  ozone.MiniOzoneClusterImpl (MiniOzoneClusterImpl.java:lambda$waitForClusterToBeReady$0(216)) - Nodes are ready. Got 3 of 3 DN Heartbeats.
2022-08-04 23:31:14,332 [Listener at 127.0.0.1/45741] INFO  ozone.MiniOzoneClusterImpl (MiniOzoneClusterImpl.java:lambda$waitForClusterToBeReady$0(219)) - Waiting for cluster to exit safe mode
2022-08-04 23:31:14,332 [Listener at 127.0.0.1/45741] INFO  ozone.MiniOzoneClusterImpl (MiniOzoneClusterImpl.java:lambda$waitForClusterToBeReady$0(221)) - SCM became leader
2022-08-04 23:31:14,806 [835f1f02-615d-4531-8f70-bc26023eea88@group-E99DF7E95DA6-FollowerState] INFO  impl.FollowerState (FollowerState.java:run(143)) - 835f1f02-615d-4531-8f70-bc26023eea88@group-E99DF7E95DA6-FollowerState: change to CANDIDATE, lastRpcElapsedTime:5031858995ns, electionTimeout:5028ms
2022-08-04 23:31:14,807 [835f1f02-615d-4531-8f70-bc26023eea88@group-E99DF7E95DA6-FollowerState] INFO  impl.RoleInfo (RoleInfo.java:shutdownFollowerState(110)) - 835f1f02-615d-4531-8f70-bc26023eea88: shutdown 835f1f02-615d-4531-8f70-bc26023eea88@group-E99DF7E95DA6-FollowerState
2022-08-04 23:31:14,807 [835f1f02-615d-4531-8f70-bc26023eea88@group-E99DF7E95DA6-FollowerState] INFO  server.RaftServer$Division (RaftServerImpl.java:setRole(299)) - 835f1f02-615d-4531-8f70-bc26023eea88@group-E99DF7E95DA6: changes role from  FOLLOWER to CANDIDATE at term 0 for changeToCandidate
2022-08-04 23:31:14,807 [835f1f02-615d-4531-8f70-bc26023eea88@group-E99DF7E95DA6-FollowerState] INFO  server.RaftServerConfigKeys (ConfUtils.java:logGet(46)) - raft.server.leaderelection.pre-vote = false (custom)
2022-08-04 23:31:14,807 [835f1f02-615d-4531-8f70-bc26023eea88@group-E99DF7E95DA6-FollowerState] INFO  impl.RoleInfo (RoleInfo.java:updateAndGet(139)) - 835f1f02-615d-4531-8f70-bc26023eea88: start 835f1f02-615d-4531-8f70-bc26023eea88@group-E99DF7E95DA6-LeaderElection26
2022-08-04 23:31:14,840 [835f1f02-615d-4531-8f70-bc26023eea88@group-C816EF70CD63-FollowerState] INFO  impl.FollowerState (FollowerState.java:run(143)) - 835f1f02-615d-4531-8f70-bc26023eea88@group-C816EF70CD63-FollowerState: change to CANDIDATE, lastRpcElapsedTime:5120646415ns, electionTimeout:5105ms
2022-08-04 23:31:14,840 [835f1f02-615d-4531-8f70-bc26023eea88@group-C816EF70CD63-FollowerState] INFO  impl.RoleInfo (RoleInfo.java:shutdownFollowerState(110)) - 835f1f02-615d-4531-8f70-bc26023eea88: shutdown 835f1f02-615d-4531-8f70-bc26023eea88@group-C816EF70CD63-FollowerState
2022-08-04 23:31:14,841 [835f1f02-615d-4531-8f70-bc26023eea88@group-C816EF70CD63-FollowerState] INFO  server.RaftServer$Division (RaftServerImpl.java:setRole(299)) - 835f1f02-615d-4531-8f70-bc26023eea88@group-C816EF70CD63: changes role from  FOLLOWER to CANDIDATE at term 0 for changeToCandidate
2022-08-04 23:31:14,841 [835f1f02-615d-4531-8f70-bc26023eea88@group-C816EF70CD63-FollowerState] INFO  server.RaftServerConfigKeys (ConfUtils.java:logGet(46)) - raft.server.leaderelection.pre-vote = false (custom)
2022-08-04 23:31:14,841 [835f1f02-615d-4531-8f70-bc26023eea88@group-C816EF70CD63-FollowerState] INFO  impl.RoleInfo (RoleInfo.java:updateAndGet(139)) - 835f1f02-615d-4531-8f70-bc26023eea88: start 835f1f02-615d-4531-8f70-bc26023eea88@group-C816EF70CD63-LeaderElection27
2022-08-04 23:31:14,861 [835f1f02-615d-4531-8f70-bc26023eea88@group-E99DF7E95DA6-LeaderElection26] INFO  impl.LeaderElection (LeaderElection.java:askForVotes(310)) - 835f1f02-615d-4531-8f70-bc26023eea88@group-E99DF7E95DA6-LeaderElection26 ELECTION round 0: submit vote requests at term 1 for -1: [8a384bf1-39eb-472e-85d6-2b3bc7de0419|rpc:10.1.0.37:42895|priority:0, 835f1f02-615d-4531-8f70-bc26023eea88|rpc:10.1.0.37:40083|priority:1, 5e80796c-08e2-49d7-ac91-a54e72c24940|rpc:10.1.0.37:40655|priority:0], old=null
2022-08-04 23:31:14,912 [grpc-default-executor-1] INFO  server.RaftServer$Division (RaftServerImpl.java:requestVote(1152)) - 8a384bf1-39eb-472e-85d6-2b3bc7de0419@group-E99DF7E95DA6: receive requestVote(ELECTION, 835f1f02-615d-4531-8f70-bc26023eea88, group-E99DF7E95DA6, 1, (t:0, i:0))
2022-08-04 23:31:14,912 [grpc-default-executor-1] INFO  impl.VoteContext (VoteContext.java:log(48)) - 8a384bf1-39eb-472e-85d6-2b3bc7de0419@group-E99DF7E95DA6-FOLLOWER: accept ELECTION from 835f1f02-615d-4531-8f70-bc26023eea88: our priority 0 <= candidate's priority 1
2022-08-04 23:31:14,912 [grpc-default-executor-1] INFO  server.RaftServer$Division (RaftServerImpl.java:setRole(299)) - 8a384bf1-39eb-472e-85d6-2b3bc7de0419@group-E99DF7E95DA6: changes role from  FOLLOWER to FOLLOWER at term 1 for candidate:835f1f02-615d-4531-8f70-bc26023eea88
2022-08-04 23:31:14,912 [grpc-default-executor-1] INFO  impl.RoleInfo (RoleInfo.java:shutdownFollowerState(110)) - 8a384bf1-39eb-472e-85d6-2b3bc7de0419: shutdown 8a384bf1-39eb-472e-85d6-2b3bc7de0419@group-E99DF7E95DA6-FollowerState
2022-08-04 23:31:14,912 [grpc-default-executor-1] INFO  impl.RoleInfo (RoleInfo.java:updateAndGet(139)) - 8a384bf1-39eb-472e-85d6-2b3bc7de0419: start 8a384bf1-39eb-472e-85d6-2b3bc7de0419@group-E99DF7E95DA6-FollowerState
2022-08-04 23:31:14,912 [8a384bf1-39eb-472e-85d6-2b3bc7de0419@group-E99DF7E95DA6-FollowerState] INFO  impl.FollowerState (FollowerState.java:run(152)) - 8a384bf1-39eb-472e-85d6-2b3bc7de0419@group-E99DF7E95DA6-FollowerState was interrupted
2022-08-04 23:31:14,932 [835f1f02-615d-4531-8f70-bc26023eea88@group-C816EF70CD63-LeaderElection27] INFO  impl.LeaderElection (LeaderElection.java:askForVotes(310)) - 835f1f02-615d-4531-8f70-bc26023eea88@group-C816EF70CD63-LeaderElection27 ELECTION round 0: submit vote requests at term 1 for -1: [835f1f02-615d-4531-8f70-bc26023eea88|rpc:10.1.0.37:40083|priority:1], old=null
2022-08-04 23:31:14,932 [835f1f02-615d-4531-8f70-bc26023eea88@group-C816EF70CD63-LeaderElection27] INFO  impl.LeaderElection (LeaderElection.java:askForVotes(312)) - 835f1f02-615d-4531-8f70-bc26023eea88@group-C816EF70CD63-LeaderElection27 ELECTION round 0: result PASSED (term=1)
2022-08-04 23:31:14,932 [835f1f02-615d-4531-8f70-bc26023eea88@group-C816EF70CD63-LeaderElection27] INFO  impl.RoleInfo (RoleInfo.java:shutdownLeaderElection(130)) - 835f1f02-615d-4531-8f70-bc26023eea88: shutdown 835f1f02-615d-4531-8f70-bc26023eea88@group-C816EF70CD63-LeaderElection27
2022-08-04 23:31:14,932 [835f1f02-615d-4531-8f70-bc26023eea88@group-C816EF70CD63-LeaderElection27] INFO  server.RaftServer$Division (RaftServerImpl.java:setRole(299)) - 835f1f02-615d-4531-8f70-bc26023eea88@group-C816EF70CD63: changes role from CANDIDATE to LEADER at term 1 for changeToLeader
2022-08-04 23:31:14,932 [835f1f02-615d-4531-8f70-bc26023eea88@group-C816EF70CD63-LeaderElection27] INFO  ratis.XceiverServerRatis (XceiverServerRatis.java:handleLeaderChangedNotification(863)) - Leader change notification received for group: group-C816EF70CD63 with new leaderId: 835f1f02-615d-4531-8f70-bc26023eea88
2022-08-04 23:31:14,933 [835f1f02-615d-4531-8f70-bc26023eea88@group-C816EF70CD63-LeaderElection27] INFO  server.RaftServer$Division (ServerState.java:setLeader(287)) - 835f1f02-615d-4531-8f70-bc26023eea88@group-C816EF70CD63: change Leader from null to 835f1f02-615d-4531-8f70-bc26023eea88 at term 1 for becomeLeader, leader elected after 5220ms
2022-08-04 23:31:14,933 [835f1f02-615d-4531-8f70-bc26023eea88@group-C816EF70CD63-LeaderElection27] INFO  server.RaftServerConfigKeys (ConfUtils.java:logGet(46)) - raft.server.staging.catchup.gap = 1000 (default)
2022-08-04 23:31:14,933 [835f1f02-615d-4531-8f70-bc26023eea88@group-C816EF70CD63-LeaderElection27] INFO  server.RaftServerConfigKeys (ConfUtils.java:logGet(46)) - raft.server.write.element-limit = 1024 (custom)
2022-08-04 23:31:14,933 [835f1f02-615d-4531-8f70-bc26023eea88@group-C816EF70CD63-LeaderElection27] INFO  server.RaftServerConfigKeys (ConfUtils.java:logGet(46)) - raft.server.write.byte-limit = 1024 M (=1073741824) (custom)
2022-08-04 23:31:14,933 [835f1f02-615d-4531-8f70-bc26023eea88@group-C816EF70CD63-LeaderElection27] INFO  server.RaftServerConfigKeys (ConfUtils.java:logGet(46)) - raft.server.watch.timeout = 180s (custom)
2022-08-04 23:31:14,933 [835f1f02-615d-4531-8f70-bc26023eea88@group-C816EF70CD63-LeaderElection27] INFO  server.RaftServerConfigKeys (ConfUtils.java:logGet(46)) - raft.server.watch.timeout.denomination = 1s (default)
2022-08-04 23:31:14,933 [835f1f02-615d-4531-8f70-bc26023eea88@group-C816EF70CD63-LeaderElection27] INFO  server.RaftServerConfigKeys (ConfUtils.java:logGet(46)) - raft.server.watch.element-limit = 65536 (default)
2022-08-04 23:31:14,933 [835f1f02-615d-4531-8f70-bc26023eea88@group-C816EF70CD63-LeaderElection27] INFO  server.RaftServerConfigKeys (ConfUtils.java:logGet(46)) - raft.server.write.element-limit = 1024 (custom)
2022-08-04 23:31:14,933 [835f1f02-615d-4531-8f70-bc26023eea88@group-C816EF70CD63-LeaderElection27] INFO  server.RaftServerConfigKeys (ConfUtils.java:logGet(46)) - raft.server.write.follower.gap.ratio.max = -1.0 (default)
2022-08-04 23:31:14,933 [835f1f02-615d-4531-8f70-bc26023eea88@group-C816EF70CD63-LeaderElection27] INFO  impl.RoleInfo (RoleInfo.java:updateAndGet(139)) - 835f1f02-615d-4531-8f70-bc26023eea88: start 835f1f02-615d-4531-8f70-bc26023eea88@group-C816EF70CD63-LeaderStateImpl
2022-08-04 23:31:14,934 [835f1f02-615d-4531-8f70-bc26023eea88@group-C816EF70CD63-LeaderElection27] INFO  segmented.SegmentedRaftLogWorker (SegmentedRaftLogWorker.java:startLogSegment(425)) - 835f1f02-615d-4531-8f70-bc26023eea88@group-C816EF70CD63-SegmentedRaftLogWorker: Starting segment from index:0
2022-08-04 23:31:14,936 [EventQueue-OpenPipelineForHealthyPipelineSafeModeRule] INFO  safemode.SCMSafeModeManager (HealthyPipelineSafeModeRule.java:process(137)) - SCM in safe mode. Healthy pipelines reported count is 0, required healthy pipeline reported count is 1
2022-08-04 23:31:14,936 [grpc-default-executor-1] INFO  server.RaftServer$Division (RaftServerImpl.java:requestVote(1184)) - 8a384bf1-39eb-472e-85d6-2b3bc7de0419@group-E99DF7E95DA6 replies to ELECTION vote request: 835f1f02-615d-4531-8f70-bc26023eea88<-8a384bf1-39eb-472e-85d6-2b3bc7de0419#0:OK-t1. Peer's state: 8a384bf1-39eb-472e-85d6-2b3bc7de0419@group-E99DF7E95DA6:t1, leader=null, voted=835f1f02-615d-4531-8f70-bc26023eea88, raftlog=8a384bf1-39eb-472e-85d6-2b3bc7de0419@group-E99DF7E95DA6-SegmentedRaftLog:OPENED:c-1, conf=-1: [8a384bf1-39eb-472e-85d6-2b3bc7de0419|rpc:10.1.0.37:42895|dataStream:|priority:0, 835f1f02-615d-4531-8f70-bc26023eea88|rpc:10.1.0.37:40083|dataStream:|priority:1, 5e80796c-08e2-49d7-ac91-a54e72c24940|rpc:10.1.0.37:40655|dataStream:|priority:0], old=null
2022-08-04 23:31:14,937 [835f1f02-615d-4531-8f70-bc26023eea88@group-C816EF70CD63-SegmentedRaftLogWorker] INFO  segmented.SegmentedRaftLogWorker (SegmentedRaftLogWorker.java:execute(629)) - 835f1f02-615d-4531-8f70-bc26023eea88@group-C816EF70CD63-SegmentedRaftLogWorker: created new log segment /home/runner/work/ozone/ozone/hadoop-ozone/integration-test/target/test-dir/MiniOzoneClusterImpl-ee856cd1-984e-43cb-9579-cb3e6fd39ea6/datanode-0/data/ratis/4e0258c4-eaa6-4b4a-b40b-c816ef70cd63/current/log_inprogress_0
2022-08-04 23:31:14,944 [835f1f02-615d-4531-8f70-bc26023eea88@group-C816EF70CD63-LeaderElection27] INFO  server.RaftServer$Division (ServerState.java:setRaftConf(393)) - 835f1f02-615d-4531-8f70-bc26023eea88@group-C816EF70CD63: set configuration 0: [835f1f02-615d-4531-8f70-bc26023eea88|rpc:10.1.0.37:40083|dataStream:|priority:1], old=null
2022-08-04 23:31:14,963 [835f1f02-615d-4531-8f70-bc26023eea88@group-E99DF7E95DA6-LeaderElection26] INFO  impl.LeaderElection (LeaderElection.java:logAndReturn(90)) - 835f1f02-615d-4531-8f70-bc26023eea88@group-E99DF7E95DA6-LeaderElection26: ELECTION PASSED received 1 response(s) and 0 exception(s):
2022-08-04 23:31:14,963 [835f1f02-615d-4531-8f70-bc26023eea88@group-E99DF7E95DA6-LeaderElection26] INFO  impl.LeaderElection (LeaderElection.java:logAndReturn(94)) -   Response 0: 835f1f02-615d-4531-8f70-bc26023eea88<-8a384bf1-39eb-472e-85d6-2b3bc7de0419#0:OK-t1
2022-08-04 23:31:14,963 [835f1f02-615d-4531-8f70-bc26023eea88@group-E99DF7E95DA6-LeaderElection26] INFO  impl.LeaderElection (LeaderElection.java:askForVotes(312)) - 835f1f02-615d-4531-8f70-bc26023eea88@group-E99DF7E95DA6-LeaderElection26 ELECTION round 0: result PASSED
2022-08-04 23:31:14,963 [835f1f02-615d-4531-8f70-bc26023eea88@group-E99DF7E95DA6-LeaderElection26] INFO  impl.RoleInfo (RoleInfo.java:shutdownLeaderElection(130)) - 835f1f02-615d-4531-8f70-bc26023eea88: shutdown 835f1f02-615d-4531-8f70-bc26023eea88@group-E99DF7E95DA6-LeaderElection26
2022-08-04 23:31:14,963 [835f1f02-615d-4531-8f70-bc26023eea88@group-E99DF7E95DA6-LeaderElection26] INFO  server.RaftServer$Division (RaftServerImpl.java:setRole(299)) - 835f1f02-615d-4531-8f70-bc26023eea88@group-E99DF7E95DA6: changes role from CANDIDATE to LEADER at term 1 for changeToLeader
2022-08-04 23:31:14,963 [835f1f02-615d-4531-8f70-bc26023eea88@group-E99DF7E95DA6-LeaderElection26] INFO  ratis.XceiverServerRatis (XceiverServerRatis.java:handleLeaderChangedNotification(863)) - Leader change notification received for group: group-E99DF7E95DA6 with new leaderId: 835f1f02-615d-4531-8f70-bc26023eea88
2022-08-04 23:31:14,963 [835f1f02-615d-4531-8f70-bc26023eea88@group-E99DF7E95DA6-LeaderElection26] INFO  server.RaftServer$Division (ServerState.java:setLeader(287)) - 835f1f02-615d-4531-8f70-bc26023eea88@group-E99DF7E95DA6: change Leader from null to 835f1f02-615d-4531-8f70-bc26023eea88 at term 1 for becomeLeader, leader elected after 5220ms
2022-08-04 23:31:14,963 [835f1f02-615d-4531-8f70-bc26023eea88@group-E99DF7E95DA6-LeaderElection26] INFO  server.RaftServerConfigKeys (ConfUtils.java:logGet(46)) - raft.server.staging.catchup.gap = 1000 (default)
2022-08-04 23:31:14,964 [EventQueue-PipelineReportForPipelineReportHandler] INFO  pipeline.PipelineManagerImpl (PipelineManagerImpl.java:openPipeline(367)) - Pipeline Pipeline[ Id: d37a547a-e99c-4b85-b3a0-e99df7e95da6, Nodes: 5e80796c-08e2-49d7-ac91-a54e72c24940{ip: 10.1.0.37, host: fv-az241-597.bb25ywkzvhnelkltyshw0e441e.jx.internal.cloudapp.net, ports: [REPLICATION=41237, RATIS=40655, RATIS_ADMIN=40655, RATIS_SERVER=40655, STANDALONE=33977], networkLocation: /default-rack, certSerialId: null, persistedOpState: IN_SERVICE, persistedOpStateExpiryEpochSec: 0}835f1f02-615d-4531-8f70-bc26023eea88{ip: 10.1.0.37, host: fv-az241-597.bb25ywkzvhnelkltyshw0e441e.jx.internal.cloudapp.net, ports: [REPLICATION=46501, RATIS=40083, RATIS_ADMIN=40083, RATIS_SERVER=40083, STANDALONE=44113], networkLocation: /default-rack, certSerialId: null, persistedOpState: IN_SERVICE, persistedOpStateExpiryEpochSec: 0}8a384bf1-39eb-472e-85d6-2b3bc7de0419{ip: 10.1.0.37, host: fv-az241-597.bb25ywkzvhnelkltyshw0e441e.jx.internal.cloudapp.net, ports: [REPLICATION=45451, RATIS=42895, RATIS_ADMIN=42895, RATIS_SERVER=42895, STANDALONE=43745], networkLocation: /default-rack, certSerialId: null, persistedOpState: IN_SERVICE, persistedOpStateExpiryEpochSec: 0}, ReplicationConfig: RATIS/THREE, State:ALLOCATED, leaderId:835f1f02-615d-4531-8f70-bc26023eea88, CreationTimestamp2022-08-04T23:31:08.373Z[Etc/UTC]] moved to OPEN state
2022-08-04 23:31:14,965 [EventQueue-OpenPipelineForHealthyPipelineSafeModeRule] INFO  safemode.SCMSafeModeManager (HealthyPipelineSafeModeRule.java:process(137)) - SCM in safe mode. Healthy pipelines reported count is 0, required healthy pipeline reported count is 1
2022-08-04 23:31:14,965 [EventQueue-OpenPipelineForHealthyPipelineSafeModeRule] INFO  safemode.SCMSafeModeManager (HealthyPipelineSafeModeRule.java:process(137)) - SCM in safe mode. Healthy pipelines reported count is 1, required healthy pipeline reported count is 1
2022-08-04 23:31:14,965 [EventQueue-OpenPipelineForHealthyPipelineSafeModeRule] INFO  safemode.SCMSafeModeManager (SCMSafeModeManager.java:validateSafeModeExitRules(204)) - HealthyPipelineSafeModeRule rule is successfully validated
2022-08-04 23:31:14,965 [EventQueue-OpenPipelineForHealthyPipelineSafeModeRule] INFO  safemode.SCMSafeModeManager (SCMSafeModeManager.java:validateSafeModeExitRules(219)) - ScmSafeModeManager, all rules are successfully validated
2022-08-04 23:31:14,965 [EventQueue-OpenPipelineForHealthyPipelineSafeModeRule] INFO  safemode.SCMSafeModeManager (SCMSafeModeManager.java:exitSafeMode(248)) - SCM exiting safe mode.
2022-08-04 23:31:14,965 [EventQueue-OpenPipelineForHealthyPipelineSafeModeRule] WARN  events.EventQueue (EventQueue.java:fireEvent(216)) - No event handler registered for event TypedEvent{payloadType=SafeModeStatus, name='Safe mode status'}
2022-08-04 23:31:14,965 [EventQueue-OpenPipelineForHealthyPipelineSafeModeRule] INFO  ha.SCMContext (SCMContext.java:updateSafeModeStatus(228)) - Update SafeModeStatus from SafeModeStatus{safeModeStatus=true, preCheckPassed=true} to SafeModeStatus{safeModeStatus=false, preCheckPassed=true}.
2022-08-04 23:31:14,965 [EventQueue-OpenPipelineForHealthyPipelineSafeModeRule] INFO  pipeline.BackgroundPipelineCreator (BackgroundPipelineCreator.java:notifyStatusChanged(254)) - Service BackgroundPipelineCreator transitions to RUNNING.
2022-08-04 23:31:14,965 [EventQueue-OpenPipelineForHealthyPipelineSafeModeRule] INFO  BackgroundPipelineScrubber (BackgroundSCMService.java:notifyStatusChanged(82)) - Service BackgroundPipelineScrubber transitions to RUNNING.
2022-08-04 23:31:14,965 [EventQueue-OpenPipelineForHealthyPipelineSafeModeRule] INFO  ExpiredContainerReplicaOpScrubber (BackgroundSCMService.java:notifyStatusChanged(82)) - Service ExpiredContainerReplicaOpScrubber transitions to RUNNING.
2022-08-04 23:31:14,965 [EventQueue-OpenPipelineForHealthyPipelineSafeModeRule] INFO  UnderReplicatedQueueThread (BackgroundSCMService.java:notifyStatusChanged(82)) - Service UnderReplicatedQueueThread transitions to RUNNING.
2022-08-04 23:31:14,965 [EventQueue-OpenPipelineForHealthyPipelineSafeModeRule] INFO  OverReplicatedQueueThread (BackgroundSCMService.java:notifyStatusChanged(82)) - Service OverReplicatedQueueThread transitions to RUNNING.
2022-08-04 23:31:14,965 [EventQueue-OpenPipelineForHealthyPipelineSafeModeRule] INFO  replication.ReplicationManager (ReplicationManager.java:notifyStatusChanged(642)) - Service ReplicationManager transitions to RUNNING.
2022-08-04 23:31:14,965 [EventQueue-OpenPipelineForHealthyPipelineSafeModeRule] WARN  balancer.ContainerBalancer (ContainerBalancer.java:shouldRun(904)) - Could not find persisted configuration for ContainerBalancer when checking if ContainerBalancer should run. ContainerBalancer should not run now.
2022-08-04 23:31:14,966 [835f1f02-615d-4531-8f70-bc26023eea88@group-E99DF7E95DA6-LeaderElection26] INFO  server.RaftServerConfigKeys (ConfUtils.java:logGet(46)) - raft.server.write.element-limit = 1024 (custom)
2022-08-04 23:31:14,966 [835f1f02-615d-4531-8f70-bc26023eea88@group-E99DF7E95DA6-LeaderElection26] INFO  server.RaftServerConfigKeys (ConfUtils.java:logGet(46)) - raft.server.write.byte-limit = 1024 M (=1073741824) (custom)
2022-08-04 23:31:14,966 [835f1f02-615d-4531-8f70-bc26023eea88@group-E99DF7E95DA6-LeaderElection26] INFO  server.RaftServerConfigKeys (ConfUtils.java:logGet(46)) - raft.server.watch.timeout = 180s (custom)
2022-08-04 23:31:14,966 [835f1f02-615d-4531-8f70-bc26023eea88@group-E99DF7E95DA6-LeaderElection26] INFO  server.RaftServerConfigKeys (ConfUtils.java:logGet(46)) - raft.server.watch.timeout.denomination = 1s (default)
2022-08-04 23:31:14,966 [835f1f02-615d-4531-8f70-bc26023eea88@group-E99DF7E95DA6-LeaderElection26] INFO  server.RaftServerConfigKeys (ConfUtils.java:logGet(46)) - raft.server.watch.element-limit = 65536 (default)
2022-08-04 23:31:14,966 [835f1f02-615d-4531-8f70-bc26023eea88@group-E99DF7E95DA6-LeaderElection26] INFO  server.RaftServerConfigKeys (ConfUtils.java:logGet(46)) - raft.server.write.element-limit = 1024 (custom)
2022-08-04 23:31:14,966 [835f1f02-615d-4531-8f70-bc26023eea88@group-E99DF7E95DA6-LeaderElection26] INFO  server.RaftServerConfigKeys (ConfUtils.java:logGet(46)) - raft.server.write.follower.gap.ratio.max = -1.0 (default)
2022-08-04 23:31:14,967 [835f1f02-615d-4531-8f70-bc26023eea88@group-E99DF7E95DA6-LeaderElection26] INFO  server.RaftServerConfigKeys (ConfUtils.java:logGet(46)) - raft.server.log.appender.snapshot.chunk.size.max = 16MB (=16777216) (default)
2022-08-04 23:31:14,967 [835f1f02-615d-4531-8f70-bc26023eea88@group-E99DF7E95DA6-LeaderElection26] INFO  server.RaftServerConfigKeys (ConfUtils.java:logGet(46)) - raft.server.log.appender.buffer.byte-limit = 33554432 (custom)
2022-08-04 23:31:14,967 [835f1f02-615d-4531-8f70-bc26023eea88@group-E99DF7E95DA6-LeaderElection26] INFO  server.RaftServerConfigKeys (ConfUtils.java:logGet(46)) - raft.server.log.appender.buffer.element-limit = 1 (custom)
2022-08-04 23:31:14,967 [835f1f02-615d-4531-8f70-bc26023eea88@group-E99DF7E95DA6-LeaderElection26] INFO  grpc.GrpcConfigKeys (ConfUtils.java:logGet(46)) - raft.grpc.server.leader.outstanding.appends.max = 128 (default)
2022-08-04 23:31:14,967 [835f1f02-615d-4531-8f70-bc26023eea88@group-E99DF7E95DA6-LeaderElection26] INFO  server.RaftServerConfigKeys (ConfUtils.java:logGet(46)) - raft.server.rpc.request.timeout = 60s (custom)
2022-08-04 23:31:14,967 [835f1f02-615d-4531-8f70-bc26023eea88@group-E99DF7E95DA6-LeaderElection26] INFO  server.RaftServerConfigKeys (ConfUtils.java:logGet(46)) - raft.server.log.appender.install.snapshot.enabled = false (custom)
2022-08-04 23:31:14,968 [835f1f02-615d-4531-8f70-bc26023eea88@group-E99DF7E95DA6-LeaderElection26] INFO  server.RaftServerConfigKeys (ConfUtils.java:logGet(46)) - raft.server.log.appender.snapshot.chunk.size.max = 16MB (=16777216) (default)
2022-08-04 23:31:14,968 [835f1f02-615d-4531-8f70-bc26023eea88@group-E99DF7E95DA6-LeaderElection26] INFO  server.RaftServerConfigKeys (ConfUtils.java:logGet(46)) - raft.server.log.appender.buffer.byte-limit = 33554432 (custom)
2022-08-04 23:31:14,968 [835f1f02-615d-4531-8f70-bc26023eea88@group-E99DF7E95DA6-LeaderElection26] INFO  server.RaftServerConfigKeys (ConfUtils.java:logGet(46)) - raft.server.log.appender.buffer.element-limit = 1 (custom)
2022-08-04 23:31:14,968 [835f1f02-615d-4531-8f70-bc26023eea88@group-E99DF7E95DA6-LeaderElection26] INFO  grpc.GrpcConfigKeys (ConfUtils.java:logGet(46)) - raft.grpc.server.leader.outstanding.appends.max = 128 (default)
2022-08-04 23:31:14,968 [835f1f02-615d-4531-8f70-bc26023eea88@group-E99DF7E95DA6-LeaderElection26] INFO  server.RaftServerConfigKeys (ConfUtils.java:logGet(46)) - raft.server.rpc.request.timeout = 60s (custom)
2022-08-04 23:31:14,968 [835f1f02-615d-4531-8f70-bc26023eea88@group-E99DF7E95DA6-LeaderElection26] INFO  server.RaftServerConfigKeys (ConfUtils.java:logGet(46)) - raft.server.log.appender.install.snapshot.enabled = false (custom)
2022-08-04 23:31:14,968 [835f1f02-615d-4531-8f70-bc26023eea88@group-E99DF7E95DA6-LeaderElection26] INFO  impl.RoleInfo (RoleInfo.java:updateAndGet(139)) - 835f1f02-615d-4531-8f70-bc26023eea88: start 835f1f02-615d-4531-8f70-bc26023eea88@group-E99DF7E95DA6-LeaderStateImpl
2022-08-04 23:31:14,968 [835f1f02-615d-4531-8f70-bc26023eea88@group-E99DF7E95DA6-LeaderElection26] INFO  segmented.SegmentedRaftLogWorker (SegmentedRaftLogWorker.java:startLogSegment(425)) - 835f1f02-615d-4531-8f70-bc26023eea88@group-E99DF7E95DA6-SegmentedRaftLogWorker: Starting segment from index:0
2022-08-04 23:31:14,976 [835f1f02-615d-4531-8f70-bc26023eea88@group-E99DF7E95DA6-SegmentedRaftLogWorker] INFO  segmented.SegmentedRaftLogWorker (SegmentedRaftLogWorker.java:execute(629)) - 835f1f02-615d-4531-8f70-bc26023eea88@group-E99DF7E95DA6-SegmentedRaftLogWorker: created new log segment /home/runner/work/ozone/ozone/hadoop-ozone/integration-test/target/test-dir/MiniOzoneClusterImpl-ee856cd1-984e-43cb-9579-cb3e6fd39ea6/datanode-0/data/ratis/d37a547a-e99c-4b85-b3a0-e99df7e95da6/current/log_inprogress_0
2022-08-04 23:31:15,010 [grpc-default-executor-1] INFO  server.RaftServer$Division (RaftServerImpl.java:requestVote(1152)) - 5e80796c-08e2-49d7-ac91-a54e72c24940@group-E99DF7E95DA6: receive requestVote(ELECTION, 835f1f02-615d-4531-8f70-bc26023eea88, group-E99DF7E95DA6, 1, (t:0, i:0))
2022-08-04 23:31:15,010 [grpc-default-executor-1] INFO  impl.VoteContext (VoteContext.java:log(48)) - 5e80796c-08e2-49d7-ac91-a54e72c24940@group-E99DF7E95DA6-FOLLOWER: accept ELECTION from 835f1f02-615d-4531-8f70-bc26023eea88: our priority 0 <= candidate's priority 1
2022-08-04 23:31:15,010 [grpc-default-executor-1] INFO  server.RaftServer$Division (RaftServerImpl.java:setRole(299)) - 5e80796c-08e2-49d7-ac91-a54e72c24940@group-E99DF7E95DA6: changes role from  FOLLOWER to FOLLOWER at term 1 for candidate:835f1f02-615d-4531-8f70-bc26023eea88
2022-08-04 23:31:15,010 [grpc-default-executor-1] INFO  impl.RoleInfo (RoleInfo.java:shutdownFollowerState(110)) - 5e80796c-08e2-49d7-ac91-a54e72c24940: shutdown 5e80796c-08e2-49d7-ac91-a54e72c24940@group-E99DF7E95DA6-FollowerState
2022-08-04 23:31:15,010 [grpc-default-executor-1] INFO  impl.RoleInfo (RoleInfo.java:updateAndGet(139)) - 5e80796c-08e2-49d7-ac91-a54e72c24940: start 5e80796c-08e2-49d7-ac91-a54e72c24940@group-E99DF7E95DA6-FollowerState
2022-08-04 23:31:15,010 [5e80796c-08e2-49d7-ac91-a54e72c24940@group-E99DF7E95DA6-FollowerState] INFO  impl.FollowerState (FollowerState.java:run(152)) - 5e80796c-08e2-49d7-ac91-a54e72c24940@group-E99DF7E95DA6-FollowerState was interrupted
2022-08-04 23:31:15,012 [grpc-default-executor-1] INFO  server.RaftServer$Division (RaftServerImpl.java:requestVote(1184)) - 5e80796c-08e2-49d7-ac91-a54e72c24940@group-E99DF7E95DA6 replies to ELECTION vote request: 835f1f02-615d-4531-8f70-bc26023eea88<-5e80796c-08e2-49d7-ac91-a54e72c24940#0:OK-t1. Peer's state: 5e80796c-08e2-49d7-ac91-a54e72c24940@group-E99DF7E95DA6:t1, leader=null, voted=835f1f02-615d-4531-8f70-bc26023eea88, raftlog=5e80796c-08e2-49d7-ac91-a54e72c24940@group-E99DF7E95DA6-SegmentedRaftLog:OPENED:c-1, conf=-1: [8a384bf1-39eb-472e-85d6-2b3bc7de0419|rpc:10.1.0.37:42895|dataStream:|priority:0, 835f1f02-615d-4531-8f70-bc26023eea88|rpc:10.1.0.37:40083|dataStream:|priority:1, 5e80796c-08e2-49d7-ac91-a54e72c24940|rpc:10.1.0.37:40655|dataStream:|priority:0], old=null
2022-08-04 23:31:15,012 [835f1f02-615d-4531-8f70-bc26023eea88@group-E99DF7E95DA6-LeaderElection26] INFO  server.RaftServer$Division (ServerState.java:setRaftConf(393)) - 835f1f02-615d-4531-8f70-bc26023eea88@group-E99DF7E95DA6: set configuration 0: [8a384bf1-39eb-472e-85d6-2b3bc7de0419|rpc:10.1.0.37:42895|dataStream:|priority:0, 835f1f02-615d-4531-8f70-bc26023eea88|rpc:10.1.0.37:40083|dataStream:|priority:1, 5e80796c-08e2-49d7-ac91-a54e72c24940|rpc:10.1.0.37:40655|dataStream:|priority:0], old=null
2022-08-04 23:31:15,059 [8a384bf1-39eb-472e-85d6-2b3bc7de0419-server-thread1] INFO  ratis.XceiverServerRatis (XceiverServerRatis.java:handleLeaderChangedNotification(863)) - Leader change notification received for group: group-E99DF7E95DA6 with new leaderId: 835f1f02-615d-4531-8f70-bc26023eea88
2022-08-04 23:31:15,059 [8a384bf1-39eb-472e-85d6-2b3bc7de0419-server-thread1] INFO  server.RaftServer$Division (ServerState.java:setLeader(287)) - 8a384bf1-39eb-472e-85d6-2b3bc7de0419@group-E99DF7E95DA6: change Leader from null to 835f1f02-615d-4531-8f70-bc26023eea88 at term 1 for appendEntries, leader elected after 5063ms
2022-08-04 23:31:15,060 [8a384bf1-39eb-472e-85d6-2b3bc7de0419-server-thread1] INFO  server.RaftServer$Division (ServerState.java:setRaftConf(393)) - 8a384bf1-39eb-472e-85d6-2b3bc7de0419@group-E99DF7E95DA6: set configuration 0: [8a384bf1-39eb-472e-85d6-2b3bc7de0419|rpc:10.1.0.37:42895|dataStream:|priority:0, 835f1f02-615d-4531-8f70-bc26023eea88|rpc:10.1.0.37:40083|dataStream:|priority:1, 5e80796c-08e2-49d7-ac91-a54e72c24940|rpc:10.1.0.37:40655|dataStream:|priority:0], old=null
2022-08-04 23:31:15,061 [8a384bf1-39eb-472e-85d6-2b3bc7de0419-server-thread1] INFO  segmented.SegmentedRaftLogWorker (SegmentedRaftLogWorker.java:startLogSegment(425)) - 8a384bf1-39eb-472e-85d6-2b3bc7de0419@group-E99DF7E95DA6-SegmentedRaftLogWorker: Starting segment from index:0
2022-08-04 23:31:15,064 [8a384bf1-39eb-472e-85d6-2b3bc7de0419@group-E99DF7E95DA6-SegmentedRaftLogWorker] INFO  segmented.SegmentedRaftLogWorker (SegmentedRaftLogWorker.java:execute(629)) - 8a384bf1-39eb-472e-85d6-2b3bc7de0419@group-E99DF7E95DA6-SegmentedRaftLogWorker: created new log segment /home/runner/work/ozone/ozone/hadoop-ozone/integration-test/target/test-dir/MiniOzoneClusterImpl-ee856cd1-984e-43cb-9579-cb3e6fd39ea6/datanode-2/data/ratis/d37a547a-e99c-4b85-b3a0-e99df7e95da6/current/log_inprogress_0
2022-08-04 23:31:15,127 [5e80796c-08e2-49d7-ac91-a54e72c24940-server-thread1] INFO  ratis.XceiverServerRatis (XceiverServerRatis.java:handleLeaderChangedNotification(863)) - Leader change notification received for group: group-E99DF7E95DA6 with new leaderId: 835f1f02-615d-4531-8f70-bc26023eea88
2022-08-04 23:31:15,127 [5e80796c-08e2-49d7-ac91-a54e72c24940-server-thread1] INFO  server.RaftServer$Division (ServerState.java:setLeader(287)) - 5e80796c-08e2-49d7-ac91-a54e72c24940@group-E99DF7E95DA6: change Leader from null to 835f1f02-615d-4531-8f70-bc26023eea88 at term 1 for appendEntries, leader elected after 5268ms
2022-08-04 23:31:15,131 [5e80796c-08e2-49d7-ac91-a54e72c24940-server-thread1] INFO  server.RaftServer$Division (ServerState.java:setRaftConf(393)) - 5e80796c-08e2-49d7-ac91-a54e72c24940@group-E99DF7E95DA6: set configuration 0: [8a384bf1-39eb-472e-85d6-2b3bc7de0419|rpc:10.1.0.37:42895|dataStream:|priority:0, 835f1f02-615d-4531-8f70-bc26023eea88|rpc:10.1.0.37:40083|dataStream:|priority:1, 5e80796c-08e2-49d7-ac91-a54e72c24940|rpc:10.1.0.37:40655|dataStream:|priority:0], old=null
2022-08-04 23:31:15,131 [5e80796c-08e2-49d7-ac91-a54e72c24940-server-thread1] INFO  segmented.SegmentedRaftLogWorker (SegmentedRaftLogWorker.java:startLogSegment(425)) - 5e80796c-08e2-49d7-ac91-a54e72c24940@group-E99DF7E95DA6-SegmentedRaftLogWorker: Starting segment from index:0
2022-08-04 23:31:15,132 [5e80796c-08e2-49d7-ac91-a54e72c24940@group-E99DF7E95DA6-SegmentedRaftLogWorker] INFO  segmented.SegmentedRaftLogWorker (SegmentedRaftLogWorker.java:execute(629)) - 5e80796c-08e2-49d7-ac91-a54e72c24940@group-E99DF7E95DA6-SegmentedRaftLogWorker: created new log segment /home/runner/work/ozone/ozone/hadoop-ozone/integration-test/target/test-dir/MiniOzoneClusterImpl-ee856cd1-984e-43cb-9579-cb3e6fd39ea6/datanode-1/data/ratis/d37a547a-e99c-4b85-b3a0-e99df7e95da6/current/log_inprogress_0
2022-08-04 23:31:15,199 [8a384bf1-39eb-472e-85d6-2b3bc7de0419@group-22954514A2DF-FollowerState] INFO  impl.FollowerState (FollowerState.java:run(143)) - 8a384bf1-39eb-472e-85d6-2b3bc7de0419@group-22954514A2DF-FollowerState: change to CANDIDATE, lastRpcElapsedTime:5030177383ns, electionTimeout:5025ms
2022-08-04 23:31:15,199 [8a384bf1-39eb-472e-85d6-2b3bc7de0419@group-22954514A2DF-FollowerState] INFO  impl.RoleInfo (RoleInfo.java:shutdownFollowerState(110)) - 8a384bf1-39eb-472e-85d6-2b3bc7de0419: shutdown 8a384bf1-39eb-472e-85d6-2b3bc7de0419@group-22954514A2DF-FollowerState
2022-08-04 23:31:15,199 [8a384bf1-39eb-472e-85d6-2b3bc7de0419@group-22954514A2DF-FollowerState] INFO  server.RaftServer$Division (RaftServerImpl.java:setRole(299)) - 8a384bf1-39eb-472e-85d6-2b3bc7de0419@group-22954514A2DF: changes role from  FOLLOWER to CANDIDATE at term 0 for changeToCandidate
2022-08-04 23:31:15,199 [8a384bf1-39eb-472e-85d6-2b3bc7de0419@group-22954514A2DF-FollowerState] INFO  server.RaftServerConfigKeys (ConfUtils.java:logGet(46)) - raft.server.leaderelection.pre-vote = false (custom)
2022-08-04 23:31:15,199 [8a384bf1-39eb-472e-85d6-2b3bc7de0419@group-22954514A2DF-FollowerState] INFO  impl.RoleInfo (RoleInfo.java:updateAndGet(139)) - 8a384bf1-39eb-472e-85d6-2b3bc7de0419: start 8a384bf1-39eb-472e-85d6-2b3bc7de0419@group-22954514A2DF-LeaderElection28
2022-08-04 23:31:15,214 [8a384bf1-39eb-472e-85d6-2b3bc7de0419@group-22954514A2DF-LeaderElection28] INFO  impl.LeaderElection (LeaderElection.java:askForVotes(310)) - 8a384bf1-39eb-472e-85d6-2b3bc7de0419@group-22954514A2DF-LeaderElection28 ELECTION round 0: submit vote requests at term 1 for -1: [8a384bf1-39eb-472e-85d6-2b3bc7de0419|rpc:10.1.0.37:42895|dataStream:|priority:0, 835f1f02-615d-4531-8f70-bc26023eea88|rpc:10.1.0.37:40083|dataStream:|priority:0, 5e80796c-08e2-49d7-ac91-a54e72c24940|rpc:10.1.0.37:40655|dataStream:|priority:1], old=null
2022-08-04 23:31:15,240 [grpc-default-executor-0] INFO  server.RaftServer$Division (RaftServerImpl.java:requestVote(1152)) - 835f1f02-615d-4531-8f70-bc26023eea88@group-22954514A2DF: receive requestVote(ELECTION, 8a384bf1-39eb-472e-85d6-2b3bc7de0419, group-22954514A2DF, 1, (t:0, i:0))
2022-08-04 23:31:15,240 [grpc-default-executor-0] INFO  impl.VoteContext (VoteContext.java:log(48)) - 835f1f02-615d-4531-8f70-bc26023eea88@group-22954514A2DF-FOLLOWER: accept ELECTION from 8a384bf1-39eb-472e-85d6-2b3bc7de0419: our priority 0 <= candidate's priority 0
2022-08-04 23:31:15,240 [grpc-default-executor-0] INFO  server.RaftServer$Division (RaftServerImpl.java:setRole(299)) - 835f1f02-615d-4531-8f70-bc26023eea88@group-22954514A2DF: changes role from  FOLLOWER to FOLLOWER at term 1 for candidate:8a384bf1-39eb-472e-85d6-2b3bc7de0419
2022-08-04 23:31:15,240 [grpc-default-executor-0] INFO  impl.RoleInfo (RoleInfo.java:shutdownFollowerState(110)) - 835f1f02-615d-4531-8f70-bc26023eea88: shutdown 835f1f02-615d-4531-8f70-bc26023eea88@group-22954514A2DF-FollowerState
2022-08-04 23:31:15,240 [835f1f02-615d-4531-8f70-bc26023eea88@group-22954514A2DF-FollowerState] INFO  impl.FollowerState (FollowerState.java:run(152)) - 835f1f02-615d-4531-8f70-bc26023eea88@group-22954514A2DF-FollowerState was interrupted
2022-08-04 23:31:15,240 [grpc-default-executor-0] INFO  impl.RoleInfo (RoleInfo.java:updateAndGet(139)) - 835f1f02-615d-4531-8f70-bc26023eea88: start 835f1f02-615d-4531-8f70-bc26023eea88@group-22954514A2DF-FollowerState
2022-08-04 23:31:15,252 [grpc-default-executor-0] INFO  server.RaftServer$Division (RaftServerImpl.java:requestVote(1184)) - 835f1f02-615d-4531-8f70-bc26023eea88@group-22954514A2DF replies to ELECTION vote request: 8a384bf1-39eb-472e-85d6-2b3bc7de0419<-835f1f02-615d-4531-8f70-bc26023eea88#0:OK-t1. Peer's state: 835f1f02-615d-4531-8f70-bc26023eea88@group-22954514A2DF:t1, leader=null, voted=8a384bf1-39eb-472e-85d6-2b3bc7de0419, raftlog=835f1f02-615d-4531-8f70-bc26023eea88@group-22954514A2DF-SegmentedRaftLog:OPENED:c-1, conf=-1: [8a384bf1-39eb-472e-85d6-2b3bc7de0419|rpc:10.1.0.37:42895|priority:0, 835f1f02-615d-4531-8f70-bc26023eea88|rpc:10.1.0.37:40083|priority:0, 5e80796c-08e2-49d7-ac91-a54e72c24940|rpc:10.1.0.37:40655|priority:1], old=null
2022-08-04 23:31:15,288 [grpc-default-executor-0] INFO  server.RaftServer$Division (RaftServerImpl.java:requestVote(1152)) - 5e80796c-08e2-49d7-ac91-a54e72c24940@group-22954514A2DF: receive requestVote(ELECTION, 8a384bf1-39eb-472e-85d6-2b3bc7de0419, group-22954514A2DF, 1, (t:0, i:0))
2022-08-04 23:31:15,288 [grpc-default-executor-0] INFO  impl.VoteContext (VoteContext.java:log(48)) - 5e80796c-08e2-49d7-ac91-a54e72c24940@group-22954514A2DF-FOLLOWER: reject ELECTION from 8a384bf1-39eb-472e-85d6-2b3bc7de0419: our priority 1 > candidate's priority 0
2022-08-04 23:31:15,288 [grpc-default-executor-0] INFO  server.RaftServer$Division (RaftServerImpl.java:setRole(299)) - 5e80796c-08e2-49d7-ac91-a54e72c24940@group-22954514A2DF: changes role from  FOLLOWER to FOLLOWER at term 1 for candidate:8a384bf1-39eb-472e-85d6-2b3bc7de0419
2022-08-04 23:31:15,288 [grpc-default-executor-0] INFO  impl.RoleInfo (RoleInfo.java:shutdownFollowerState(110)) - 5e80796c-08e2-49d7-ac91-a54e72c24940: shutdown 5e80796c-08e2-49d7-ac91-a54e72c24940@group-22954514A2DF-FollowerState
2022-08-04 23:31:15,288 [grpc-default-executor-0] INFO  impl.RoleInfo (RoleInfo.java:updateAndGet(139)) - 5e80796c-08e2-49d7-ac91-a54e72c24940: start 5e80796c-08e2-49d7-ac91-a54e72c24940@group-22954514A2DF-FollowerState
2022-08-04 23:31:15,288 [5e80796c-08e2-49d7-ac91-a54e72c24940@group-22954514A2DF-FollowerState] INFO  impl.FollowerState (FollowerState.java:run(152)) - 5e80796c-08e2-49d7-ac91-a54e72c24940@group-22954514A2DF-FollowerState was interrupted
2022-08-04 23:31:15,300 [grpc-default-executor-0] INFO  server.RaftServer$Division (RaftServerImpl.java:requestVote(1184)) - 5e80796c-08e2-49d7-ac91-a54e72c24940@group-22954514A2DF replies to ELECTION vote request: 8a384bf1-39eb-472e-85d6-2b3bc7de0419<-5e80796c-08e2-49d7-ac91-a54e72c24940#0:FAIL-t1. Peer's state: 5e80796c-08e2-49d7-ac91-a54e72c24940@group-22954514A2DF:t1, leader=null, voted=null, raftlog=5e80796c-08e2-49d7-ac91-a54e72c24940@group-22954514A2DF-SegmentedRaftLog:OPENED:c-1, conf=-1: [8a384bf1-39eb-472e-85d6-2b3bc7de0419|rpc:10.1.0.37:42895|dataStream:|priority:0, 835f1f02-615d-4531-8f70-bc26023eea88|rpc:10.1.0.37:40083|dataStream:|priority:0, 5e80796c-08e2-49d7-ac91-a54e72c24940|rpc:10.1.0.37:40655|dataStream:|priority:1], old=null
2022-08-04 23:31:15,302 [8a384bf1-39eb-472e-85d6-2b3bc7de0419@group-22954514A2DF-LeaderElection28] INFO  impl.LeaderElection (LeaderElection.java:logAndReturn(90)) - 8a384bf1-39eb-472e-85d6-2b3bc7de0419@group-22954514A2DF-LeaderElection28: ELECTION REJECTED received 2 response(s) and 0 exception(s):
2022-08-04 23:31:15,302 [8a384bf1-39eb-472e-85d6-2b3bc7de0419@group-22954514A2DF-LeaderElection28] INFO  impl.LeaderElection (LeaderElection.java:logAndReturn(94)) -   Response 0: 8a384bf1-39eb-472e-85d6-2b3bc7de0419<-835f1f02-615d-4531-8f70-bc26023eea88#0:OK-t1
2022-08-04 23:31:15,302 [8a384bf1-39eb-472e-85d6-2b3bc7de0419@group-22954514A2DF-LeaderElection28] INFO  impl.LeaderElection (LeaderElection.java:logAndReturn(94)) -   Response 1: 8a384bf1-39eb-472e-85d6-2b3bc7de0419<-5e80796c-08e2-49d7-ac91-a54e72c24940#0:FAIL-t1
2022-08-04 23:31:15,302 [8a384bf1-39eb-472e-85d6-2b3bc7de0419@group-22954514A2DF-LeaderElection28] INFO  impl.LeaderElection (LeaderElection.java:askForVotes(312)) - 8a384bf1-39eb-472e-85d6-2b3bc7de0419@group-22954514A2DF-LeaderElection28 ELECTION round 0: result REJECTED
2022-08-04 23:31:15,302 [8a384bf1-39eb-472e-85d6-2b3bc7de0419@group-22954514A2DF-LeaderElection28] INFO  server.RaftServer$Division (RaftServerImpl.java:setRole(299)) - 8a384bf1-39eb-472e-85d6-2b3bc7de0419@group-22954514A2DF: changes role from CANDIDATE to FOLLOWER at term 1 for REJECTED
2022-08-04 23:31:15,302 [8a384bf1-39eb-472e-85d6-2b3bc7de0419@group-22954514A2DF-LeaderElection28] INFO  impl.RoleInfo (RoleInfo.java:shutdownLeaderElection(130)) - 8a384bf1-39eb-472e-85d6-2b3bc7de0419: shutdown 8a384bf1-39eb-472e-85d6-2b3bc7de0419@group-22954514A2DF-LeaderElection28
2022-08-04 23:31:15,302 [8a384bf1-39eb-472e-85d6-2b3bc7de0419@group-22954514A2DF-LeaderElection28] INFO  impl.RoleInfo (RoleInfo.java:updateAndGet(139)) - 8a384bf1-39eb-472e-85d6-2b3bc7de0419: start 8a384bf1-39eb-472e-85d6-2b3bc7de0419@group-22954514A2DF-FollowerState
2022-08-04 23:31:15,332 [Listener at 127.0.0.1/45741] INFO  ozone.MiniOzoneClusterImpl (MiniOzoneClusterImpl.java:lambda$waitForClusterToBeReady$0(216)) - Nodes are ready. Got 3 of 3 DN Heartbeats.
2022-08-04 23:31:15,332 [Listener at 127.0.0.1/45741] INFO  ozone.MiniOzoneClusterImpl (MiniOzoneClusterImpl.java:lambda$waitForClusterToBeReady$0(219)) - Cluster exits safe mode
2022-08-04 23:31:15,332 [Listener at 127.0.0.1/45741] INFO  ozone.MiniOzoneClusterImpl (MiniOzoneClusterImpl.java:lambda$waitForClusterToBeReady$0(221)) - SCM became leader
]]></system-out>
    </rerunFailure>
    <rerunFailure type="java.lang.AssertionError">
      <stackTrace><![CDATA[java.lang.AssertionError
	at org.junit.Assert.fail(Assert.java:87)
	at org.junit.Assert.assertTrue(Assert.java:42)
	at org.junit.Assert.assertTrue(Assert.java:53)
	at org.apache.hadoop.hdds.scm.TestRatisPipelineLeader.testLeaderIdAfterLeaderChange(TestRatisPipelineLeader.java:119)
	at sun.reflect.NativeMethodAccessorImpl.invoke0(Native Method)
	at sun.reflect.NativeMethodAccessorImpl.invoke(NativeMethodAccessorImpl.java:62)
	at sun.reflect.DelegatingMethodAccessorImpl.invoke(DelegatingMethodAccessorImpl.java:43)
	at java.lang.reflect.Method.invoke(Method.java:498)
	at org.junit.platform.commons.util.ReflectionUtils.invokeMethod(ReflectionUtils.java:725)
	at org.junit.jupiter.engine.execution.MethodInvocation.proceed(MethodInvocation.java:60)
	at org.junit.jupiter.engine.execution.InvocationInterceptorChain$ValidatingInvocation.proceed(InvocationInterceptorChain.java:131)
	at org.junit.jupiter.engine.extension.TimeoutInvocation.proceed(TimeoutInvocation.java:46)
	at org.junit.jupiter.engine.extension.TimeoutExtension.intercept(TimeoutExtension.java:149)
	at org.junit.jupiter.engine.extension.TimeoutExtension.interceptTestableMethod(TimeoutExtension.java:140)
	at org.junit.jupiter.engine.extension.TimeoutExtension.interceptTestMethod(TimeoutExtension.java:84)
	at org.junit.jupiter.engine.execution.ExecutableInvoker$ReflectiveInterceptorCall.lambda$ofVoidMethod$0(ExecutableInvoker.java:115)
	at org.junit.jupiter.engine.execution.ExecutableInvoker.lambda$invoke$0(ExecutableInvoker.java:105)
	at org.junit.jupiter.engine.execution.InvocationInterceptorChain$InterceptedInvocation.proceed(InvocationInterceptorChain.java:106)
	at org.junit.jupiter.engine.execution.InvocationInterceptorChain.proceed(InvocationInterceptorChain.java:64)
	at org.junit.jupiter.engine.execution.InvocationInterceptorChain.chainAndInvoke(InvocationInterceptorChain.java:45)
	at org.junit.jupiter.engine.execution.InvocationInterceptorChain.invoke(InvocationInterceptorChain.java:37)
	at org.junit.jupiter.engine.execution.ExecutableInvoker.invoke(ExecutableInvoker.java:104)
	at org.junit.jupiter.engine.execution.ExecutableInvoker.invoke(ExecutableInvoker.java:98)
	at org.junit.jupiter.engine.descriptor.TestMethodTestDescriptor.lambda$invokeTestMethod$7(TestMethodTestDescriptor.java:214)
	at org.junit.platform.engine.support.hierarchical.ThrowableCollector.execute(ThrowableCollector.java:73)
	at org.junit.jupiter.engine.descriptor.TestMethodTestDescriptor.invokeTestMethod(TestMethodTestDescriptor.java:210)
	at org.junit.jupiter.engine.descriptor.TestMethodTestDescriptor.execute(TestMethodTestDescriptor.java:135)
	at org.junit.jupiter.engine.descriptor.TestMethodTestDescriptor.execute(TestMethodTestDescriptor.java:66)
	at org.junit.platform.engine.support.hierarchical.NodeTestTask.lambda$executeRecursively$6(NodeTestTask.java:151)
	at org.junit.platform.engine.support.hierarchical.ThrowableCollector.execute(ThrowableCollector.java:73)
	at org.junit.platform.engine.support.hierarchical.NodeTestTask.lambda$executeRecursively$8(NodeTestTask.java:141)
	at org.junit.platform.engine.support.hierarchical.Node.around(Node.java:137)
	at org.junit.platform.engine.support.hierarchical.NodeTestTask.lambda$executeRecursively$9(NodeTestTask.java:139)
	at org.junit.platform.engine.support.hierarchical.ThrowableCollector.execute(ThrowableCollector.java:73)
	at org.junit.platform.engine.support.hierarchical.NodeTestTask.executeRecursively(NodeTestTask.java:138)
	at org.junit.platform.engine.support.hierarchical.NodeTestTask.execute(NodeTestTask.java:95)
	at java.util.ArrayList.forEach(ArrayList.java:1259)
	at org.junit.platform.engine.support.hierarchical.SameThreadHierarchicalTestExecutorService.invokeAll(SameThreadHierarchicalTestExecutorService.java:41)
	at org.junit.platform.engine.support.hierarchical.NodeTestTask.lambda$executeRecursively$6(NodeTestTask.java:155)
	at org.junit.platform.engine.support.hierarchical.ThrowableCollector.execute(ThrowableCollector.java:73)
	at org.junit.platform.engine.support.hierarchical.NodeTestTask.lambda$executeRecursively$8(NodeTestTask.java:141)
	at org.junit.platform.engine.support.hierarchical.Node.around(Node.java:137)
	at org.junit.platform.engine.support.hierarchical.NodeTestTask.lambda$executeRecursively$9(NodeTestTask.java:139)
	at org.junit.platform.engine.support.hierarchical.ThrowableCollector.execute(ThrowableCollector.java:73)
	at org.junit.platform.engine.support.hierarchical.NodeTestTask.executeRecursively(NodeTestTask.java:138)
	at org.junit.platform.engine.support.hierarchical.NodeTestTask.execute(NodeTestTask.java:95)
	at java.util.ArrayList.forEach(ArrayList.java:1259)
	at org.junit.platform.engine.support.hierarchical.SameThreadHierarchicalTestExecutorService.invokeAll(SameThreadHierarchicalTestExecutorService.java:41)
	at org.junit.platform.engine.support.hierarchical.NodeTestTask.lambda$executeRecursively$6(NodeTestTask.java:155)
	at org.junit.platform.engine.support.hierarchical.ThrowableCollector.execute(ThrowableCollector.java:73)
	at org.junit.platform.engine.support.hierarchical.NodeTestTask.lambda$executeRecursively$8(NodeTestTask.java:141)
	at org.junit.platform.engine.support.hierarchical.Node.around(Node.java:137)
	at org.junit.platform.engine.support.hierarchical.NodeTestTask.lambda$executeRecursively$9(NodeTestTask.java:139)
	at org.junit.platform.engine.support.hierarchical.ThrowableCollector.execute(ThrowableCollector.java:73)
	at org.junit.platform.engine.support.hierarchical.NodeTestTask.executeRecursively(NodeTestTask.java:138)
	at org.junit.platform.engine.support.hierarchical.NodeTestTask.execute(NodeTestTask.java:95)
	at org.junit.platform.engine.support.hierarchical.SameThreadHierarchicalTestExecutorService.submit(SameThreadHierarchicalTestExecutorService.java:35)
	at org.junit.platform.engine.support.hierarchical.HierarchicalTestExecutor.execute(HierarchicalTestExecutor.java:57)
	at org.junit.platform.engine.support.hierarchical.HierarchicalTestEngine.execute(HierarchicalTestEngine.java:54)
	at org.junit.platform.launcher.core.EngineExecutionOrchestrator.execute(EngineExecutionOrchestrator.java:107)
	at org.junit.platform.launcher.core.EngineExecutionOrchestrator.execute(EngineExecutionOrchestrator.java:88)
	at org.junit.platform.launcher.core.EngineExecutionOrchestrator.lambda$execute$0(EngineExecutionOrchestrator.java:54)
	at org.junit.platform.launcher.core.EngineExecutionOrchestrator.withInterceptedStreams(EngineExecutionOrchestrator.java:67)
	at org.junit.platform.launcher.core.EngineExecutionOrchestrator.execute(EngineExecutionOrchestrator.java:52)
	at org.junit.platform.launcher.core.DefaultLauncher.execute(DefaultLauncher.java:114)
	at org.junit.platform.launcher.core.DefaultLauncher.execute(DefaultLauncher.java:86)
	at org.junit.platform.launcher.core.DefaultLauncherSession$DelegatingLauncher.execute(DefaultLauncherSession.java:86)
	at org.junit.platform.launcher.core.SessionPerRequestLauncher.execute(SessionPerRequestLauncher.java:53)
	at org.apache.maven.surefire.junitplatform.JUnitPlatformProvider.invokeAllTests(JUnitPlatformProvider.java:165)
	at org.apache.maven.surefire.junitplatform.JUnitPlatformProvider.invoke(JUnitPlatformProvider.java:124)
	at org.apache.maven.surefire.booter.ForkedBooter.runSuitesInProcess(ForkedBooter.java:428)
	at org.apache.maven.surefire.booter.ForkedBooter.execute(ForkedBooter.java:162)
	at org.apache.maven.surefire.booter.ForkedBooter.run(ForkedBooter.java:562)
	at org.apache.maven.surefire.booter.ForkedBooter.main(ForkedBooter.java:548)
]]></stackTrace>
      <system-out><![CDATA[2022-08-04 23:31:36,221 [Listener at 127.0.0.1/45741] WARN  server.ServerUtils (ServerUtils.java:getScmDbDir(148)) - ozone.scm.db.dirs is not configured. We recommend adding this setting. Falling back to ozone.metadata.dirs instead.
2022-08-04 23:31:36,229 [Listener at 127.0.0.1/45741] WARN  server.ServerUtils (ServerUtils.java:getScmDbDir(148)) - ozone.scm.db.dirs is not configured. We recommend adding this setting. Falling back to ozone.metadata.dirs instead.
2022-08-04 23:31:36,230 [Listener at 127.0.0.1/45741] INFO  ha.SCMHANodeDetails (SCMHANodeDetails.java:loadSCMHAConfig(209)) - ServiceID for StorageContainerManager is null
2022-08-04 23:31:36,230 [Listener at 127.0.0.1/45741] INFO  ha.SCMHANodeDetails (SCMHANodeDetails.java:loadSCMHAConfig(214)) - ozone.scm.default.service.id is not defined, falling back to ozone.scm.service.ids to find serviceID for StorageContainerManager if it is HA enabled cluster
2022-08-04 23:31:36,231 [Listener at 127.0.0.1/45741] WARN  utils.HAUtils (HAUtils.java:getMetaDir(342)) - ozone.scm.db.dirs is not configured. We recommend adding this setting. Falling back to ozone.metadata.dirs instead.
2022-08-04 23:31:36,238 [Listener at 127.0.0.1/45741] WARN  db.DBStoreBuilder (DBStoreBuilder.java:applyDBDefinition(145)) - ozone.scm.db.dirs is not configured. We recommend adding this setting. Falling back to ozone.metadata.dirs instead.
2022-08-04 23:31:36,529 [Listener at 127.0.0.1/45741] INFO  net.NodeSchemaLoader (NodeSchemaLoader.java:loadSchemaFromFile(129)) - Loading schema from [jar:file:/home/runner/.m2/repository/org/apache/ozone/hdds-common/1.3.0-SNAPSHOT/hdds-common-1.3.0-SNAPSHOT.jar!/network-topology-default.xml]
2022-08-04 23:31:36,529 [Listener at 127.0.0.1/45741] INFO  net.NodeSchemaLoader (NodeSchemaLoader.java:loadSchema(176)) - Loading network topology layer schema file
2022-08-04 23:31:36,536 [Listener at 127.0.0.1/45741] INFO  upgrade.AbstractLayoutVersionManager (AbstractLayoutVersionManager.java:init(83)) - Initializing Layout version manager with metadata layout = DATANODE_SCHEMA_V3 (version = 4), software layout = DATANODE_SCHEMA_V3 (version = 4)
2022-08-04 23:31:36,718 [Listener at 127.0.0.1/45741] INFO  reflections.Reflections (Reflections.java:scan(232)) - Reflections took 181 ms to scan 7 urls, producing 132 keys and 321 values 
2022-08-04 23:31:36,728 [Listener at 127.0.0.1/45741] INFO  ha.SequenceIdGenerator (SequenceIdGenerator.java:upgradeToSequenceId(349)) - upgrade localId to 109611004723200000
2022-08-04 23:31:36,728 [Listener at 127.0.0.1/45741] INFO  ha.SequenceIdGenerator (SequenceIdGenerator.java:upgradeToSequenceId(359)) - upgrade delTxnId to 0
2022-08-04 23:31:36,728 [Listener at 127.0.0.1/45741] INFO  ha.SequenceIdGenerator (SequenceIdGenerator.java:upgradeToSequenceId(376)) - upgrade containerId to 0
2022-08-04 23:31:36,728 [Listener at 127.0.0.1/45741] INFO  ha.SequenceIdGenerator (SequenceIdGenerator.java:<init>(220)) - Init the HA SequenceIdGenerator.
2022-08-04 23:31:36,728 [Listener at 127.0.0.1/45741] WARN  server.ServerUtils (ServerUtils.java:sanitizeUserArgs(73)) - ozone.scm.stale.node.interval value = 300000 is larger than max = 100000 based on the key value of ozone.scm.heartbeat.thread.interval, reset to the max value 100000.
2022-08-04 23:31:36,729 [Listener at 127.0.0.1/45741] WARN  server.ServerUtils (ServerUtils.java:sanitizeUserArgs(73)) - ozone.scm.stale.node.interval value = 300000 is larger than max = 100000 based on the key value of ozone.scm.heartbeat.thread.interval, reset to the max value 100000.
2022-08-04 23:31:36,735 [Listener at 127.0.0.1/45741] INFO  node.SCMNodeManager (SCMNodeManager.java:<init>(149)) - Entering startup safe mode.
2022-08-04 23:31:36,736 [Listener at 127.0.0.1/45741] INFO  algorithms.ContainerPlacementPolicyFactory (ContainerPlacementPolicyFactory.java:getPolicyInternal(86)) - Create container placement policy of type org.apache.hadoop.hdds.scm.container.placement.algorithms.SCMContainerPlacementRandom
2022-08-04 23:31:36,736 [Listener at 127.0.0.1/45741] INFO  algorithms.ContainerPlacementPolicyFactory (ContainerPlacementPolicyFactory.java:getPolicyInternal(86)) - Create container placement policy of type org.apache.hadoop.hdds.scm.container.placement.algorithms.SCMContainerPlacementRackScatter
2022-08-04 23:31:36,736 [Listener at 127.0.0.1/45741] INFO  pipeline.PipelineStateManagerImpl (PipelineStateManagerImpl.java:initialize(78)) - No pipeline exists in current db
2022-08-04 23:31:36,736 [Listener at 127.0.0.1/45741] INFO  algorithms.LeaderChoosePolicyFactory (LeaderChoosePolicyFactory.java:getPolicy(57)) - Create leader choose policy of type org.apache.hadoop.hdds.scm.pipeline.leader.choose.algorithms.MinLeaderCountChoosePolicy
2022-08-04 23:31:36,736 [Listener at 127.0.0.1/45741] INFO  algorithms.ContainerPlacementPolicyFactory (ContainerPlacementPolicyFactory.java:getPolicyInternal(86)) - Create container placement policy of type org.apache.hadoop.hdds.scm.container.placement.algorithms.SCMContainerPlacementRackScatter
2022-08-04 23:31:36,736 [Listener at 127.0.0.1/45741] INFO  ha.SCMServiceManager (SCMServiceManager.java:register(42)) - Registering service BackgroundPipelineCreator.
2022-08-04 23:31:36,737 [Listener at 127.0.0.1/45741] INFO  pipeline.BackgroundPipelineCreator (BackgroundPipelineCreator.java:start(124)) - Starting RatisPipelineUtilsThread.
2022-08-04 23:31:36,756 [Listener at 127.0.0.1/45741] INFO  BackgroundPipelineScrubber (BackgroundSCMService.java:start(68)) - Starting BackgroundPipelineScrubber Service.
2022-08-04 23:31:36,763 [Listener at 127.0.0.1/45741] INFO  ha.SCMServiceManager (SCMServiceManager.java:register(42)) - Registering service BackgroundPipelineScrubber.
2022-08-04 23:31:36,763 [Listener at 127.0.0.1/45741] INFO  ExpiredContainerReplicaOpScrubber (BackgroundSCMService.java:start(68)) - Starting ExpiredContainerReplicaOpScrubber Service.
2022-08-04 23:31:36,764 [Listener at 127.0.0.1/45741] INFO  ha.SCMServiceManager (SCMServiceManager.java:register(42)) - Registering service ExpiredContainerReplicaOpScrubber.
2022-08-04 23:31:36,764 [Listener at 127.0.0.1/45741] INFO  algorithms.PipelineChoosePolicyFactory (PipelineChoosePolicyFactory.java:createPipelineChoosePolicyFromClass(73)) - Create pipeline choose policy of type org.apache.hadoop.hdds.scm.pipeline.choose.algorithms.RandomPipelineChoosePolicy
2022-08-04 23:31:36,765 [Listener at 127.0.0.1/45741] INFO  ha.SCMServiceManager (SCMServiceManager.java:register(42)) - Registering service SCMBlockDeletingService.
2022-08-04 23:31:36,765 [Listener at 127.0.0.1/45741] INFO  replication.ReplicationManager (ReplicationManager.java:start(200)) - Starting Replication Monitor Thread.
2022-08-04 23:31:36,766 [Listener at 127.0.0.1/45741] INFO  UnderReplicatedQueueThread (BackgroundSCMService.java:start(68)) - Starting UnderReplicatedQueueThread Service.
2022-08-04 23:31:36,787 [Listener at 127.0.0.1/45741] INFO  ha.SCMServiceManager (SCMServiceManager.java:register(42)) - Registering service UnderReplicatedQueueThread.
2022-08-04 23:31:36,787 [Listener at 127.0.0.1/45741] INFO  OverReplicatedQueueThread (BackgroundSCMService.java:start(68)) - Starting OverReplicatedQueueThread Service.
2022-08-04 23:31:36,794 [Listener at 127.0.0.1/45741] INFO  ha.SCMServiceManager (SCMServiceManager.java:register(42)) - Registering service OverReplicatedQueueThread.
2022-08-04 23:31:36,800 [Listener at 127.0.0.1/45741] INFO  ha.SCMServiceManager (SCMServiceManager.java:register(42)) - Registering service ReplicationManager.
2022-08-04 23:31:36,800 [Listener at 127.0.0.1/45741] INFO  safemode.ContainerSafeModeRule (ContainerSafeModeRule.java:<init>(89)) - containers with one replica threshold count 0
2022-08-04 23:31:36,801 [Listener at 127.0.0.1/45741] INFO  safemode.HealthyPipelineSafeModeRule (HealthyPipelineSafeModeRule.java:initializeRule(169)) - Total pipeline count is 0, healthy pipeline threshold count is 1
2022-08-04 23:31:36,801 [Listener at 127.0.0.1/45741] INFO  safemode.OneReplicaPipelineSafeModeRule (OneReplicaPipelineSafeModeRule.java:initializeRule(180)) - Total pipeline count is 0, pipeline's with at least one datanode reported threshold count is 0
2022-08-04 23:31:36,794 [ReplicationMonitor] INFO  replication.ReplicationManager (ReplicationManager.java:processAll(249)) - Replication Manager is not ready to run until 3000ms after safemode exit
2022-08-04 23:31:36,808 [Listener at 127.0.0.1/45741] INFO  ipc.CallQueueManager (CallQueueManager.java:<init>(90)) - Using callQueue: class java.util.concurrent.LinkedBlockingQueue, queueCapacity: 2000, scheduler: class org.apache.hadoop.ipc.DefaultRpcScheduler, ipcBackoff: false.
2022-08-04 23:31:36,808 [Socket Reader #1 for port 0] INFO  ipc.Server (Server.java:run(1265)) - Starting Socket Reader #1 for port 0
2022-08-04 23:31:36,809 [Listener at 0.0.0.0/35635] INFO  ipc.CallQueueManager (CallQueueManager.java:<init>(90)) - Using callQueue: class java.util.concurrent.LinkedBlockingQueue, queueCapacity: 2000, scheduler: class org.apache.hadoop.ipc.DefaultRpcScheduler, ipcBackoff: false.
2022-08-04 23:31:36,810 [Socket Reader #1 for port 0] INFO  ipc.Server (Server.java:run(1265)) - Starting Socket Reader #1 for port 0
2022-08-04 23:31:36,810 [Listener at 0.0.0.0/37741] INFO  ipc.CallQueueManager (CallQueueManager.java:<init>(90)) - Using callQueue: class java.util.concurrent.LinkedBlockingQueue, queueCapacity: 2000, scheduler: class org.apache.hadoop.ipc.DefaultRpcScheduler, ipcBackoff: false.
2022-08-04 23:31:36,811 [Socket Reader #1 for port 0] INFO  ipc.Server (Server.java:run(1265)) - Starting Socket Reader #1 for port 0
2022-08-04 23:31:36,895 [Listener at 0.0.0.0/33189] INFO  ha.SCMServiceManager (SCMServiceManager.java:register(42)) - Registering service ContainerBalancer.
2022-08-04 23:31:36,895 [Listener at 0.0.0.0/33189] INFO  server.StorageContainerManager (StorageContainerManager.java:<init>(406)) - 
Container Balancer status:
Key                            Value
Running                        false
Container Balancer Configuration values:
Key                                                Value
Threshold                                          10
Max Datanodes to Involve per Iteration(percent)    20
Max Size to Move per Iteration                     500GB
Max Size Entering Target per Iteration             26GB
Max Size Leaving Source per Iteration              26GB

2022-08-04 23:31:36,895 [Listener at 0.0.0.0/33189] WARN  events.EventQueue (EventQueue.java:fireEvent(216)) - No event handler registered for event TypedEvent{payloadType=SafeModeStatus, name='Safe mode status'}
2022-08-04 23:31:36,895 [Listener at 0.0.0.0/33189] INFO  ha.SCMContext (SCMContext.java:updateSafeModeStatus(228)) - Update SafeModeStatus from SafeModeStatus{safeModeStatus=true, preCheckPassed=false} to SafeModeStatus{safeModeStatus=true, preCheckPassed=false}.
2022-08-04 23:31:36,901 [Listener at 0.0.0.0/33189] INFO  server.StorageContainerManager (StorageContainerManager.java:start(1460)) - StorageContainerLocationProtocol RPC server is listening at /0.0.0.0:33189
2022-08-04 23:31:36,904 [Listener at 0.0.0.0/33189] WARN  impl.MetricsConfig (MetricsConfig.java:loadFirst(136)) - Cannot locate configuration: tried hadoop-metrics2-storagecontainermanager.properties,hadoop-metrics2.properties
2022-08-04 23:31:36,912 [Listener at 0.0.0.0/33189] INFO  impl.MetricsSystemImpl (MetricsSystemImpl.java:startTimer(378)) - Scheduled Metric snapshot period at 10 second(s).
2022-08-04 23:31:36,912 [Listener at 0.0.0.0/33189] INFO  impl.MetricsSystemImpl (MetricsSystemImpl.java:start(191)) - StorageContainerManager metrics system started
2022-08-04 23:31:36,963 [Listener at 0.0.0.0/33189] INFO  impl.MetricsSinkAdapter (MetricsSinkAdapter.java:start(204)) - Sink prometheus started
2022-08-04 23:31:36,963 [Listener at 0.0.0.0/33189] INFO  impl.MetricsSystemImpl (MetricsSystemImpl.java:registerSink(305)) - Registered sink prometheus
2022-08-04 23:31:36,986 [Listener at 0.0.0.0/33189] INFO  server.SCMClientProtocolServer (SCMClientProtocolServer.java:start(170)) - RPC server for Client  is listening at /0.0.0.0:33189
2022-08-04 23:31:37,005 [IPC Server listener on 0] INFO  ipc.Server (Server.java:run(1344)) - IPC Server listener on 0: starting
2022-08-04 23:31:37,011 [IPC Server Responder] INFO  ipc.Server (Server.java:run(1507)) - IPC Server Responder: starting
2022-08-04 23:31:37,074 [Listener at 0.0.0.0/33189] INFO  server.StorageContainerManager (StorageContainerManager.java:start(1475)) - ScmBlockLocationProtocol RPC server is listening at /0.0.0.0:37741
2022-08-04 23:31:37,074 [Listener at 0.0.0.0/33189] INFO  server.SCMBlockProtocolServer (SCMBlockProtocolServer.java:start(152)) - RPC server for Block Protocol is listening at /0.0.0.0:37741
2022-08-04 23:31:37,075 [IPC Server Responder] INFO  ipc.Server (Server.java:run(1507)) - IPC Server Responder: starting
2022-08-04 23:31:37,075 [IPC Server listener on 0] INFO  ipc.Server (Server.java:run(1344)) - IPC Server listener on 0: starting
2022-08-04 23:31:37,076 [Listener at 0.0.0.0/33189] INFO  server.SCMDatanodeProtocolServer (SCMDatanodeProtocolServer.java:start(186)) - ScmDatanodeProtocol RPC server for DataNodes is listening at /0.0.0.0:35635
2022-08-04 23:31:37,077 [IPC Server Responder] INFO  ipc.Server (Server.java:run(1507)) - IPC Server Responder: starting
2022-08-04 23:31:37,077 [IPC Server listener on 0] INFO  ipc.Server (Server.java:run(1344)) - IPC Server listener on 0: starting
2022-08-04 23:31:37,080 [Listener at 0.0.0.0/33189] INFO  http.BaseHttpServer (BaseHttpServer.java:newHttpServer2BuilderForOzone(209)) - Starting Web-server for scm at: http://0.0.0.0:0
2022-08-04 23:31:37,080 [Listener at 0.0.0.0/33189] INFO  http.BaseHttpServer (BaseHttpServer.java:<init>(107)) - Hadoop Security Enabled: false Ozone Security Enabled: false Ozone HTTP Security Enabled: false 
2022-08-04 23:31:37,094 [Listener at 0.0.0.0/33189] INFO  server.AuthenticationFilter (AuthenticationFilter.java:constructSecretProvider(240)) - Unable to initialize FileSignerSecretProvider, falling back to use random secrets.
2022-08-04 23:31:37,099 [Listener at 0.0.0.0/33189] WARN  http.HttpRequestLog (HttpRequestLog.java:getRequestLog(103)) - Jetty request log can only be enabled using Log4j
2022-08-04 23:31:37,100 [Listener at 0.0.0.0/33189] INFO  http.HttpServer2 (HttpServer2.java:addGlobalFilter(1029)) - Added global filter 'safety' (class=org.apache.hadoop.hdds.server.http.HttpServer2$QuotingInputFilter)
2022-08-04 23:31:37,101 [Listener at 0.0.0.0/33189] INFO  http.HttpServer2 (HttpServer2.java:addFilter(1005)) - Added filter static_user_filter (class=org.apache.hadoop.http.lib.StaticUserWebFilter$StaticUserFilter) to context scm
2022-08-04 23:31:37,102 [Listener at 0.0.0.0/33189] INFO  http.HttpServer2 (HttpServer2.java:addFilter(1013)) - Added filter static_user_filter (class=org.apache.hadoop.http.lib.StaticUserWebFilter$StaticUserFilter) to context static
2022-08-04 23:31:37,102 [Listener at 0.0.0.0/33189] INFO  http.HttpServer2 (HttpServer2.java:addFilter(1013)) - Added filter static_user_filter (class=org.apache.hadoop.http.lib.StaticUserWebFilter$StaticUserFilter) to context logs
2022-08-04 23:31:37,102 [Listener at 0.0.0.0/33189] INFO  http.HttpServer2 (HttpServer2.java:bindListener(1248)) - Jetty bound to port 41957
2022-08-04 23:31:37,111 [Listener at 0.0.0.0/33189] INFO  server.Server (Server.java:doStart(375)) - jetty-9.4.43.v20210629; built: 2021-06-30T11:07:22.254Z; git: 526006ecfa3af7f1a27ef3a288e2bef7ea9dd7e8; jvm 1.8.0_332-b09
2022-08-04 23:31:37,119 [org.apache.hadoop.util.JvmPauseMonitor$Monitor@465f2c84] INFO  util.JvmPauseMonitor (JvmPauseMonitor.java:run(188)) - Starting JVM pause monitor
2022-08-04 23:31:37,155 [Listener at 0.0.0.0/33189] INFO  server.session (DefaultSessionIdManager.java:doStart(334)) - DefaultSessionIdManager workerName=node0
2022-08-04 23:31:37,155 [Listener at 0.0.0.0/33189] INFO  server.session (DefaultSessionIdManager.java:doStart(339)) - No SessionScavenger set, using defaults
2022-08-04 23:31:37,155 [Listener at 0.0.0.0/33189] INFO  server.session (HouseKeeper.java:startScavenging(132)) - node0 Scavenging every 600000ms
2022-08-04 23:31:37,169 [Listener at 0.0.0.0/33189] INFO  handler.ContextHandler (ContextHandler.java:doStart(915)) - Started o.e.j.s.ServletContextHandler@47546cdf{logs,/logs,file:///home/runner/work/ozone/ozone/hadoop-ozone/integration-test/target/log,AVAILABLE}
2022-08-04 23:31:37,169 [Listener at 0.0.0.0/33189] INFO  handler.ContextHandler (ContextHandler.java:doStart(915)) - Started o.e.j.s.ServletContextHandler@5928fb8b{static,/static,file:///home/runner/work/ozone/ozone/hadoop-ozone/integration-test/target/test-classes/webapps/static,AVAILABLE}
2022-08-04 23:31:37,172 [Listener at 0.0.0.0/33189] INFO  handler.ContextHandler (ContextHandler.java:doStart(915)) - Started o.e.j.w.WebAppContext@52d55407{scm,/,file:///home/runner/work/ozone/ozone/hadoop-ozone/integration-test/target/test-classes/webapps/scm/,AVAILABLE}{file:/home/runner/work/ozone/ozone/hadoop-ozone/integration-test/target/test-classes/webapps/scm}
2022-08-04 23:31:37,193 [Listener at 0.0.0.0/33189] INFO  server.AbstractConnector (AbstractConnector.java:doStart(331)) - Started ServerConnector@2c02c021{HTTP/1.1, (http/1.1)}{0.0.0.0:41957}
2022-08-04 23:31:37,193 [Listener at 0.0.0.0/33189] INFO  server.Server (Server.java:doStart(415)) - Started @122187ms
2022-08-04 23:31:37,193 [Listener at 0.0.0.0/33189] WARN  impl.MetricsSystemImpl (MetricsSystemImpl.java:register(279)) - Sink prometheus already exists!
2022-08-04 23:31:37,194 [Listener at 0.0.0.0/33189] INFO  http.BaseHttpServer (BaseHttpServer.java:updateConnectorAddress(329)) - HTTP server of scm listening at http://0.0.0.0:41957
2022-08-04 23:31:37,194 [Listener at 0.0.0.0/33189] WARN  server.ServerUtils (ServerUtils.java:getDBPath(225)) - ozone.om.db.dirs is not configured. We recommend adding this setting. Falling back to ozone.metadata.dirs instead.
2022-08-04 23:31:37,199 [Listener at 0.0.0.0/33189] INFO  ha.OMHANodeDetails (OMHANodeDetails.java:loadOMHAConfig(115)) - ozone.om.internal.service.id is not defined, falling back to ozone.om.service.ids to find serviceID for OzoneManager if it is HA enabled cluster
2022-08-04 23:31:37,199 [Listener at 0.0.0.0/33189] INFO  ha.OMHANodeDetails (OMHANodeDetails.java:loadOMHAConfig(226)) - Configuration does not have ozone.om.address set. Falling back to the default OM address /127.0.0.1:0
2022-08-04 23:31:37,199 [Listener at 0.0.0.0/33189] INFO  ha.OMHANodeDetails (OMHANodeDetails.java:getOMNodeDetailsForNonHA(254)) - OM Service ID is not set. Setting it to the default ID: omServiceIdDefault
2022-08-04 23:31:37,200 [Listener at 0.0.0.0/33189] INFO  ha.OMHANodeDetails (OMHANodeDetails.java:getOMNodeDetailsForNonHA(261)) - OM Node ID is not set. Setting it to the default ID: om1
2022-08-04 23:31:37,200 [Listener at 0.0.0.0/33189] WARN  server.ServerUtils (ServerUtils.java:getDBPath(225)) - ozone.om.db.dirs is not configured. We recommend adding this setting. Falling back to ozone.metadata.dirs instead.
2022-08-04 23:31:37,200 [Listener at 0.0.0.0/33189] INFO  upgrade.AbstractLayoutVersionManager (AbstractLayoutVersionManager.java:init(83)) - Initializing Layout version manager with metadata layout = MULTITENANCY_SCHEMA (version = 3), software layout = MULTITENANCY_SCHEMA (version = 3)
2022-08-04 23:31:37,372 [Listener at 0.0.0.0/33189] INFO  reflections.Reflections (Reflections.java:scan(232)) - Reflections took 171 ms to scan 2 urls, producing 153 keys and 425 values [using 2 cores]
2022-08-04 23:31:37,373 [Listener at 0.0.0.0/33189] INFO  upgrade.OMLayoutVersionManager (OMLayoutVersionManager.java:lambda$0(115)) - Skipping Upgrade Action MockOmUpgradeAction since it has been finalized.
2022-08-04 23:31:37,373 [Listener at 0.0.0.0/33189] WARN  server.ServerUtils (ServerUtils.java:getDBPath(225)) - ozone.om.db.dirs is not configured. We recommend adding this setting. Falling back to ozone.metadata.dirs instead.
2022-08-04 23:31:37,373 [Listener at 0.0.0.0/33189] INFO  proxy.SCMBlockLocationFailoverProxyProvider (SCMBlockLocationFailoverProxyProvider.java:<init>(114)) - Created block location fail-over proxy with 1 nodes: [nodeId=scmNodeId,nodeAddress=/0.0.0.0:37741]
2022-08-04 23:31:37,374 [Listener at 0.0.0.0/33189] INFO  proxy.SCMBlockLocationFailoverProxyProvider (SCMBlockLocationFailoverProxyProvider.java:<init>(114)) - Created block location fail-over proxy with 1 nodes: [nodeId=scmNodeId,nodeAddress=/0.0.0.0:37741]
2022-08-04 23:31:37,426 [Listener at 0.0.0.0/33189] WARN  server.ServerUtils (ServerUtils.java:getDBPath(225)) - ozone.om.db.dirs is not configured. We recommend adding this setting. Falling back to ozone.metadata.dirs instead.
2022-08-04 23:31:37,427 [Listener at 0.0.0.0/33189] INFO  codec.OmKeyInfoCodec (OmKeyInfoCodec.java:<init>(49)) - OmKeyInfoCodec ignorePipeline = true
2022-08-04 23:31:37,427 [Listener at 0.0.0.0/33189] INFO  codec.RepeatedOmKeyInfoCodec (RepeatedOmKeyInfoCodec.java:<init>(41)) - RepeatedOmKeyInfoCodec ignorePipeline = true
2022-08-04 23:31:37,892 [Listener at 0.0.0.0/33189] INFO  om.OzoneManager (OzoneManager.java:instantiateServices(696)) - S3 Multi-Tenancy is disabled
2022-08-04 23:31:37,892 [Listener at 0.0.0.0/33189] INFO  om.OzoneManager (OzoneManager.java:addS3GVolumeToDB(4307)) - Created Volume s3v With Owner runner required for S3Gateway operations.
2022-08-04 23:31:37,893 [Listener at 0.0.0.0/33189] WARN  server.ServerUtils (ServerUtils.java:getDefaultRatisDirectory(237)) - Storage directory for Ratis is not configured. It is a good idea to map this to an SSD disk. Falling back to ozone.metadata.dirs
2022-08-04 23:31:37,893 [Listener at 0.0.0.0/33189] WARN  utils.OzoneManagerRatisUtils (OzoneManagerRatisUtils.java:getOMRatisSnapshotDirectory(431)) - ozone.om.ratis.snapshot.dir is not configured. Falling back to ozone.metadata.dirs config
2022-08-04 23:31:37,893 [Listener at 0.0.0.0/33189] WARN  server.ServerUtils (ServerUtils.java:getDefaultRatisDirectory(237)) - Storage directory for Ratis is not configured. It is a good idea to map this to an SSD disk. Falling back to ozone.metadata.dirs
2022-08-04 23:31:37,894 [Listener at 0.0.0.0/33189] INFO  ratis.OzoneManagerRatisServer (OzoneManagerRatisServer.java:<init>(159)) - Instantiating OM Ratis server with groupID: omServiceIdDefault and peers: localhost:9872
2022-08-04 23:31:37,894 [Listener at 0.0.0.0/33189] INFO  ratis.OzoneManagerStateMachine (OzoneManagerStateMachine.java:loadSnapshotInfoFromDB(632)) - LastAppliedIndex is set from TransactionInfo from OM DB as (t:0, i:~)
2022-08-04 23:31:37,894 [Listener at 0.0.0.0/33189] INFO  server.RaftServer (ConfUtils.java:logGet(46)) - raft.rpc.type = GRPC (default)
2022-08-04 23:31:37,895 [Listener at 0.0.0.0/33189] INFO  grpc.GrpcFactory (GrpcFactory.java:checkPooledByteBufAllocatorUseCacheForAllThreads(48)) - PERFORMANCE WARNING: useCacheForAllThreads is true that may cause Netty to create a lot garbage objects and, as a result, trigger GC.
	It is recommended to disable useCacheForAllThreads by setting -Dorg.apache.ratis.thirdparty.io.netty.allocator.useCacheForAllThreads=false in command line.
2022-08-04 23:31:37,895 [Listener at 0.0.0.0/33189] INFO  grpc.GrpcConfigKeys (ConfUtils.java:logGet(46)) - raft.grpc.admin.port = -1 (default)
2022-08-04 23:31:37,895 [Listener at 0.0.0.0/33189] INFO  grpc.GrpcConfigKeys (ConfUtils.java:logGet(46)) - raft.grpc.server.port = 9872 (custom)
2022-08-04 23:31:37,895 [Listener at 0.0.0.0/33189] INFO  grpc.GrpcConfigKeys (ConfUtils.java:logGet(46)) - raft.grpc.client.port = -1 (default)
2022-08-04 23:31:37,895 [Listener at 0.0.0.0/33189] INFO  grpc.GrpcConfigKeys (ConfUtils.java:logGet(46)) - raft.grpc.server.port = 9872 (custom)
2022-08-04 23:31:37,895 [Listener at 0.0.0.0/33189] INFO  grpc.GrpcConfigKeys (ConfUtils.java:logGet(46)) - raft.grpc.server.port = 9872 (custom)
2022-08-04 23:31:37,895 [Listener at 0.0.0.0/33189] INFO  server.GrpcService (ConfUtils.java:logGet(46)) - raft.grpc.message.size.max = 33554432 (custom)
2022-08-04 23:31:37,895 [Listener at 0.0.0.0/33189] INFO  server.RaftServerConfigKeys (ConfUtils.java:logGet(46)) - raft.server.log.appender.buffer.byte-limit = 33554432 (custom)
2022-08-04 23:31:37,896 [Listener at 0.0.0.0/33189] INFO  server.GrpcService (ConfUtils.java:logGet(46)) - raft.grpc.flow.control.window = 1MB (=1048576) (default)
2022-08-04 23:31:37,896 [Listener at 0.0.0.0/33189] INFO  server.RaftServerConfigKeys (ConfUtils.java:logGet(46)) - raft.server.rpc.request.timeout = 3000ms (default)
2022-08-04 23:31:37,896 [Listener at 0.0.0.0/33189] INFO  grpc.GrpcConfigKeys (ConfUtils.java:logGet(46)) - raft.grpc.server.async.request.thread.pool.cached = true (default)
2022-08-04 23:31:37,896 [Listener at 0.0.0.0/33189] INFO  grpc.GrpcConfigKeys (ConfUtils.java:logGet(46)) - raft.grpc.server.async.request.thread.pool.size = 32 (default)
2022-08-04 23:31:37,897 [Listener at 0.0.0.0/33189] INFO  impl.DataStreamServerImpl (ConfUtils.java:logGet(46)) - raft.datastream.type = DISABLED (default)
2022-08-04 23:31:37,897 [Listener at 0.0.0.0/33189] INFO  server.RaftServerConfigKeys (ConfUtils.java:logGet(46)) - raft.server.threadpool.proxy.cached = true (default)
2022-08-04 23:31:37,898 [Listener at 0.0.0.0/33189] INFO  server.RaftServerConfigKeys (ConfUtils.java:logGet(46)) - raft.server.threadpool.proxy.size = 0 (default)
2022-08-04 23:31:37,898 [Listener at 0.0.0.0/33189] INFO  server.RaftServerConfigKeys (ConfUtils.java:logGet(46)) - raft.server.rpc.slowness.timeout = 120s (custom)
2022-08-04 23:31:37,898 [Listener at 0.0.0.0/33189] INFO  server.RaftServerConfigKeys (ConfUtils.java:logGet(46)) - raft.server.leaderelection.leader.step-down.wait-time = 10s (default)
2022-08-04 23:31:37,898 [Listener at 0.0.0.0/33189] INFO  server.RaftServerConfigKeys (ConfUtils.java:logGet(46)) - raft.server.storage.dir = [/home/runner/work/ozone/ozone/hadoop-ozone/integration-test/target/test-dir/MiniOzoneClusterImpl-bb5f6a8d-8f39-43b4-baa3-4f9c3a5e14cf/ozone-meta/ratis] (custom)
2022-08-04 23:31:37,899 [Listener at 0.0.0.0/33189] INFO  server.RaftServer (RaftServerProxy.java:addNew(96)) - om1: addNew group-C5BA1605619E:[om1|rpc:localhost:9872|priority:0] returns group-C5BA1605619E:java.util.concurrent.CompletableFuture@4bd8491e[Not completed]
2022-08-04 23:31:37,899 [Listener at 0.0.0.0/33189] INFO  om.OzoneManager (OzoneManager.java:initializeRatisServer(1962)) - OzoneManager Ratis server initialized at port 9872
2022-08-04 23:31:37,899 [Listener at 0.0.0.0/33189] INFO  om.OzoneManager (OzoneManager.java:getRpcServer(1085)) - Creating RPC Server
2022-08-04 23:31:37,900 [pool-495-thread-1] INFO  server.RaftServer$Division (RaftServerImpl.java:<init>(190)) - om1: new RaftServerImpl for group-C5BA1605619E:[om1|rpc:localhost:9872|priority:0] with OzoneManagerStateMachine:uninitialized
2022-08-04 23:31:37,901 [pool-495-thread-1] INFO  server.RaftServerConfigKeys (ConfUtils.java:logGet(46)) - raft.server.rpc.timeout.min = 1s (custom)
2022-08-04 23:31:37,901 [pool-495-thread-1] INFO  server.RaftServerConfigKeys (ConfUtils.java:logGet(46)) - raft.server.rpc.timeout.max = 1200ms (custom)
2022-08-04 23:31:37,901 [pool-495-thread-1] INFO  server.RaftServerConfigKeys (ConfUtils.java:logGet(46)) - raft.server.rpc.sleep.time = 25ms (default)
2022-08-04 23:31:37,901 [pool-495-thread-1] INFO  server.RaftServerConfigKeys (ConfUtils.java:logGet(46)) - raft.server.rpc.slowness.timeout = 120s (custom)
2022-08-04 23:31:37,901 [pool-495-thread-1] INFO  server.RaftServerConfigKeys (ConfUtils.java:logGet(46)) - raft.server.leaderelection.leader.step-down.wait-time = 10s (default)
2022-08-04 23:31:37,901 [pool-495-thread-1] INFO  server.RaftServerConfigKeys (ConfUtils.java:logGet(46)) - raft.server.sleep.deviation.threshold = 300ms (default)
2022-08-04 23:31:37,901 [pool-495-thread-1] INFO  server.RaftServer$Division (ServerState.java:<init>(107)) - om1@group-C5BA1605619E: ConfigurationManager, init=-1: [om1|rpc:localhost:9872|priority:0], old=null, confs=<EMPTY_MAP>
2022-08-04 23:31:37,901 [pool-495-thread-1] INFO  server.RaftServerConfigKeys (ConfUtils.java:logGet(46)) - raft.server.storage.dir = [/home/runner/work/ozone/ozone/hadoop-ozone/integration-test/target/test-dir/MiniOzoneClusterImpl-bb5f6a8d-8f39-43b4-baa3-4f9c3a5e14cf/ozone-meta/ratis] (custom)
2022-08-04 23:31:37,901 [pool-495-thread-1] INFO  server.RaftServerConfigKeys (ConfUtils.java:logGet(46)) - raft.server.log.corruption.policy = EXCEPTION (default)
2022-08-04 23:31:37,901 [pool-495-thread-1] INFO  server.RaftServerConfigKeys (ConfUtils.java:logGet(46)) - raft.server.storage.free-space.min = 0MB (=0) (default)
2022-08-04 23:31:37,901 [pool-495-thread-1] INFO  storage.RaftStorageDirectory (RaftStorageDirectoryImpl.java:analyzeStorage(135)) - The storage directory /home/runner/work/ozone/ozone/hadoop-ozone/integration-test/target/test-dir/MiniOzoneClusterImpl-bb5f6a8d-8f39-43b4-baa3-4f9c3a5e14cf/ozone-meta/ratis/bf265839-605b-3f16-9796-c5ba1605619e does not exist. Creating ...
2022-08-04 23:31:37,902 [pool-495-thread-1] INFO  storage.RaftStorageDirectory (RaftStorageDirectoryImpl.java:tryLock(230)) - Lock on /home/runner/work/ozone/ozone/hadoop-ozone/integration-test/target/test-dir/MiniOzoneClusterImpl-bb5f6a8d-8f39-43b4-baa3-4f9c3a5e14cf/ozone-meta/ratis/bf265839-605b-3f16-9796-c5ba1605619e/in_use.lock acquired by nodename 5725@fv-az241-597
2022-08-04 23:31:37,903 [pool-495-thread-1] INFO  storage.RaftStorage (RaftStorageImpl.java:format(89)) - Storage directory /home/runner/work/ozone/ozone/hadoop-ozone/integration-test/target/test-dir/MiniOzoneClusterImpl-bb5f6a8d-8f39-43b4-baa3-4f9c3a5e14cf/ozone-meta/ratis/bf265839-605b-3f16-9796-c5ba1605619e has been successfully formatted.
2022-08-04 23:31:37,906 [pool-495-thread-1] INFO  server.RaftServerConfigKeys (ConfUtils.java:logGet(46)) - raft.server.notification.no-leader.timeout = 120s (custom)
2022-08-04 23:31:37,907 [pool-495-thread-1] INFO  server.RaftServerConfigKeys (ConfUtils.java:logGet(46)) - raft.server.log.use.memory = false (default)
2022-08-04 23:31:37,907 [pool-495-thread-1] INFO  server.RaftServerConfigKeys (ConfUtils.java:logGet(46)) - raft.server.log.purge.gap = 1000000 (custom)
2022-08-04 23:31:37,907 [pool-495-thread-1] INFO  server.RaftServerConfigKeys (ConfUtils.java:logGet(46)) - raft.server.log.appender.buffer.byte-limit = 33554432 (custom)
2022-08-04 23:31:37,907 [pool-495-thread-1] INFO  server.RaftServerConfigKeys (ConfUtils.java:logGet(46)) - raft.server.log.statemachine.data.read.timeout = 1000ms (default)
2022-08-04 23:31:37,907 [pool-495-thread-1] INFO  server.RaftServerConfigKeys (ConfUtils.java:logGet(46)) - raft.server.log.segment.size.max = 4194304 (custom)
2022-08-04 23:31:37,911 [pool-495-thread-1] INFO  server.RaftServerConfigKeys (ConfUtils.java:logGet(46)) - raft.server.log.segment.cache.num.max = 2 (custom)
2022-08-04 23:31:37,911 [pool-495-thread-1] INFO  server.RaftServerConfigKeys (ConfUtils.java:logGet(46)) - raft.server.log.segment.cache.size.max = 200MB (=209715200) (default)
2022-08-04 23:31:37,911 [pool-495-thread-1] INFO  segmented.SegmentedRaftLogWorker (SegmentedRaftLogWorker.java:<init>(187)) - new om1@group-C5BA1605619E-SegmentedRaftLogWorker for RaftStorageImpl:Storage Directory /home/runner/work/ozone/ozone/hadoop-ozone/integration-test/target/test-dir/MiniOzoneClusterImpl-bb5f6a8d-8f39-43b4-baa3-4f9c3a5e14cf/ozone-meta/ratis/bf265839-605b-3f16-9796-c5ba1605619e
2022-08-04 23:31:37,911 [pool-495-thread-1] INFO  server.RaftServerConfigKeys (ConfUtils.java:logGet(46)) - raft.server.log.queue.byte-limit = 64MB (=67108864) (default)
2022-08-04 23:31:37,911 [pool-495-thread-1] INFO  server.RaftServerConfigKeys (ConfUtils.java:logGet(46)) - raft.server.log.queue.element-limit = 4096 (default)
2022-08-04 23:31:37,911 [pool-495-thread-1] INFO  server.RaftServerConfigKeys (ConfUtils.java:logGet(46)) - raft.server.log.segment.size.max = 4194304 (custom)
2022-08-04 23:31:37,911 [pool-495-thread-1] INFO  server.RaftServerConfigKeys (ConfUtils.java:logGet(46)) - raft.server.log.preallocated.size = 4194304 (custom)
2022-08-04 23:31:37,911 [pool-495-thread-1] INFO  server.RaftServerConfigKeys (ConfUtils.java:logGet(46)) - raft.server.log.force.sync.num = 128 (default)
2022-08-04 23:31:37,911 [pool-495-thread-1] INFO  server.RaftServerConfigKeys (ConfUtils.java:logGet(46)) - raft.server.log.statemachine.data.sync = true (default)
2022-08-04 23:31:37,912 [pool-495-thread-1] INFO  server.RaftServerConfigKeys (ConfUtils.java:logGet(46)) - raft.server.log.statemachine.data.sync.timeout = 10s (default)
2022-08-04 23:31:37,912 [pool-495-thread-1] INFO  server.RaftServerConfigKeys (ConfUtils.java:logGet(46)) - raft.server.log.statemachine.data.sync.timeout.retry = -1 (default)
2022-08-04 23:31:37,912 [pool-495-thread-1] INFO  server.RaftServerConfigKeys (ConfUtils.java:logGet(46)) - raft.server.log.write.buffer.size = 64KB (=65536) (default)
2022-08-04 23:31:37,912 [pool-495-thread-1] INFO  server.RaftServerConfigKeys (ConfUtils.java:logGet(46)) - raft.server.log.unsafe-flush.enabled = false (default)
2022-08-04 23:31:37,912 [pool-495-thread-1] INFO  server.RaftServerConfigKeys (ConfUtils.java:logGet(46)) - raft.server.log.statemachine.data.caching.enabled = false (default)
2022-08-04 23:31:37,912 [pool-495-thread-1] INFO  segmented.SegmentedRaftLogWorker (SegmentedRaftLogWorker.java:lambda$new$0(135)) - om1@group-C5BA1605619E-SegmentedRaftLogWorker: flushIndex: setUnconditionally 0 -> -1
2022-08-04 23:31:37,912 [pool-495-thread-1] INFO  segmented.SegmentedRaftLogWorker (SegmentedRaftLogWorker.java:lambda$new$0(135)) - om1@group-C5BA1605619E-SegmentedRaftLogWorker: safeCacheEvictIndex: setUnconditionally 0 -> -1
2022-08-04 23:31:37,922 [pool-495-thread-1] INFO  server.RaftServerConfigKeys (ConfUtils.java:logGet(46)) - raft.server.snapshot.auto.trigger.enabled = true (custom)
2022-08-04 23:31:37,922 [pool-495-thread-1] INFO  server.RaftServerConfigKeys (ConfUtils.java:logGet(46)) - raft.server.snapshot.auto.trigger.threshold = 400000 (default)
2022-08-04 23:31:37,922 [pool-495-thread-1] INFO  server.RaftServerConfigKeys (ConfUtils.java:logGet(46)) - raft.server.snapshot.retention.file.num = -1 (default)
2022-08-04 23:31:37,922 [pool-495-thread-1] INFO  server.RaftServerConfigKeys (ConfUtils.java:logGet(46)) - raft.server.log.purge.upto.snapshot.index = true (custom)
2022-08-04 23:31:37,922 [pool-495-thread-1] INFO  server.RaftServerConfigKeys (ConfUtils.java:logGet(46)) - raft.server.retrycache.expirytime = 300s (custom)
2022-08-04 23:31:37,922 [pool-495-thread-1] INFO  server.RaftServerConfigKeys (ConfUtils.java:logGet(46)) - raft.server.retrycache.statistics.expirytime = 100μs (default)
2022-08-04 23:31:37,923 [pool-495-thread-1] INFO  server.RaftServerConfigKeys (ConfUtils.java:logGet(46)) - raft.server.log.appender.install.snapshot.enabled = false (custom)
2022-08-04 23:31:37,923 [pool-495-thread-1] INFO  server.RaftServerConfigKeys (ConfUtils.java:logGet(46)) - raft.server.threadpool.server.cached = true (default)
2022-08-04 23:31:37,923 [pool-495-thread-1] INFO  server.RaftServerConfigKeys (ConfUtils.java:logGet(46)) - raft.server.threadpool.server.size = 0 (default)
2022-08-04 23:31:37,923 [pool-495-thread-1] INFO  server.RaftServerConfigKeys (ConfUtils.java:logGet(46)) - raft.server.threadpool.client.cached = true (default)
2022-08-04 23:31:37,923 [pool-495-thread-1] INFO  server.RaftServerConfigKeys (ConfUtils.java:logGet(46)) - raft.server.threadpool.client.size = 0 (default)
2022-08-04 23:31:37,954 [UnderReplicatedQueueThreadThread] INFO  replication.UnderReplicatedProcessor (UnderReplicatedProcessor.java:processAll(85)) - Processed 0 under replicated containers, failed processing 0
2022-08-04 23:31:37,968 [OverReplicatedQueueThreadThread] INFO  replication.OverReplicatedProcessor (OverReplicatedProcessor.java:processAll(83)) - Processed 0 over replicated containers, failed processing 0
2022-08-04 23:31:39,082 [Listener at 0.0.0.0/33189] INFO  reflections.Reflections (Reflections.java:scan(232)) - Reflections took 1182 ms to scan 19 urls, producing 67 keys and 4141 values [using 2 cores]
2022-08-04 23:31:39,084 [Listener at 0.0.0.0/33189] INFO  ipc.CallQueueManager (CallQueueManager.java:<init>(90)) - Using callQueue: class java.util.concurrent.LinkedBlockingQueue, queueCapacity: 2000, scheduler: class org.apache.hadoop.ipc.DefaultRpcScheduler, ipcBackoff: false.
2022-08-04 23:31:39,115 [Socket Reader #1 for port 0] INFO  ipc.Server (Server.java:run(1265)) - Starting Socket Reader #1 for port 0
2022-08-04 23:31:39,184 [Listener at 127.0.0.1/46503] INFO  impl.MetricsSystemImpl (MetricsSystemImpl.java:init(158)) - OzoneManager metrics system started (again)
2022-08-04 23:31:39,207 [Listener at 127.0.0.1/46503] INFO  om.OzoneManager (OzoneManager.java:start(1469)) - OzoneManager RPC server is listening at localhost/127.0.0.1:46503
2022-08-04 23:31:39,207 [Listener at 127.0.0.1/46503] INFO  ratis.OzoneManagerRatisServer (OzoneManagerRatisServer.java:start(554)) - Starting OzoneManagerRatisServer om1 at port 9872
2022-08-04 23:31:39,231 [om1-impl-thread1] INFO  server.RaftServer$Division (RaftServerImpl.java:start(310)) - om1@group-C5BA1605619E: start as a follower, conf=-1: [om1|rpc:localhost:9872|priority:0], old=null
2022-08-04 23:31:39,231 [om1-impl-thread1] INFO  server.RaftServer$Division (RaftServerImpl.java:setRole(299)) - om1@group-C5BA1605619E: changes role from      null to FOLLOWER at term 0 for startAsFollower
2022-08-04 23:31:39,231 [om1-impl-thread1] INFO  impl.RoleInfo (RoleInfo.java:updateAndGet(139)) - om1: start om1@group-C5BA1605619E-FollowerState
2022-08-04 23:31:39,247 [om1-impl-thread1] INFO  util.JmxRegister (JmxRegister.java:tryRegister(44)) - Successfully registered JMX Bean with object name Ratis:service=RaftServer,group=group-C5BA1605619E,id=om1
2022-08-04 23:31:39,255 [Listener at 127.0.0.1/46503] INFO  server.RaftServer (RaftServerProxy.java:lambda$start$6(382)) - om1: start RPC server
2022-08-04 23:31:39,265 [Listener at 127.0.0.1/46503] INFO  server.GrpcService (GrpcService.java:startImpl(260)) - om1: GrpcService started, listening on 9872
2022-08-04 23:31:39,275 [Listener at 127.0.0.1/46503] INFO  om.OzoneManager (OzoneManager.java:start(1485)) - Version File has different layout version (3) than OM DB (null). That is expected if this OM has never been finalized to a newer layout version.
2022-08-04 23:31:39,276 [org.apache.ratis.util.JvmPauseMonitor$$Lambda$682/1302746218@6c748330] INFO  util.JvmPauseMonitor (JvmPauseMonitor.java:run(103)) - JvmPauseMonitor-om1: Started
2022-08-04 23:31:39,311 [Listener at 127.0.0.1/46503] INFO  http.BaseHttpServer (BaseHttpServer.java:newHttpServer2BuilderForOzone(209)) - Starting Web-server for ozoneManager at: http://0.0.0.0:0
2022-08-04 23:31:39,311 [Listener at 127.0.0.1/46503] INFO  http.BaseHttpServer (BaseHttpServer.java:<init>(107)) - Hadoop Security Enabled: false Ozone Security Enabled: false Ozone HTTP Security Enabled: false 
2022-08-04 23:31:39,312 [Listener at 127.0.0.1/46503] INFO  server.AuthenticationFilter (AuthenticationFilter.java:constructSecretProvider(240)) - Unable to initialize FileSignerSecretProvider, falling back to use random secrets.
2022-08-04 23:31:39,313 [Listener at 127.0.0.1/46503] WARN  http.HttpRequestLog (HttpRequestLog.java:getRequestLog(103)) - Jetty request log can only be enabled using Log4j
2022-08-04 23:31:39,314 [Listener at 127.0.0.1/46503] INFO  http.HttpServer2 (HttpServer2.java:addGlobalFilter(1029)) - Added global filter 'safety' (class=org.apache.hadoop.hdds.server.http.HttpServer2$QuotingInputFilter)
2022-08-04 23:31:39,315 [Listener at 127.0.0.1/46503] INFO  http.HttpServer2 (HttpServer2.java:addFilter(1005)) - Added filter static_user_filter (class=org.apache.hadoop.http.lib.StaticUserWebFilter$StaticUserFilter) to context ozoneManager
2022-08-04 23:31:39,315 [Listener at 127.0.0.1/46503] INFO  http.HttpServer2 (HttpServer2.java:addFilter(1013)) - Added filter static_user_filter (class=org.apache.hadoop.http.lib.StaticUserWebFilter$StaticUserFilter) to context logs
2022-08-04 23:31:39,315 [Listener at 127.0.0.1/46503] INFO  http.HttpServer2 (HttpServer2.java:addFilter(1013)) - Added filter static_user_filter (class=org.apache.hadoop.http.lib.StaticUserWebFilter$StaticUserFilter) to context static
2022-08-04 23:31:39,317 [Listener at 127.0.0.1/46503] INFO  http.HttpServer2 (HttpServer2.java:bindListener(1248)) - Jetty bound to port 42875
2022-08-04 23:31:39,317 [Listener at 127.0.0.1/46503] INFO  server.Server (Server.java:doStart(375)) - jetty-9.4.43.v20210629; built: 2021-06-30T11:07:22.254Z; git: 526006ecfa3af7f1a27ef3a288e2bef7ea9dd7e8; jvm 1.8.0_332-b09
2022-08-04 23:31:39,318 [Listener at 127.0.0.1/46503] INFO  server.session (DefaultSessionIdManager.java:doStart(334)) - DefaultSessionIdManager workerName=node0
2022-08-04 23:31:39,319 [Listener at 127.0.0.1/46503] INFO  server.session (DefaultSessionIdManager.java:doStart(339)) - No SessionScavenger set, using defaults
2022-08-04 23:31:39,319 [Listener at 127.0.0.1/46503] INFO  server.session (HouseKeeper.java:startScavenging(132)) - node0 Scavenging every 600000ms
2022-08-04 23:31:39,335 [Listener at 127.0.0.1/46503] INFO  handler.ContextHandler (ContextHandler.java:doStart(915)) - Started o.e.j.s.ServletContextHandler@37c34207{logs,/logs,file:///home/runner/work/ozone/ozone/hadoop-ozone/integration-test/target/log,AVAILABLE}
2022-08-04 23:31:39,336 [Listener at 127.0.0.1/46503] INFO  handler.ContextHandler (ContextHandler.java:doStart(915)) - Started o.e.j.s.ServletContextHandler@749c9289{static,/static,file:///home/runner/work/ozone/ozone/hadoop-ozone/integration-test/target/test-classes/webapps/static,AVAILABLE}
2022-08-04 23:31:39,338 [Listener at 127.0.0.1/46503] INFO  handler.ContextHandler (ContextHandler.java:doStart(915)) - Started o.e.j.w.WebAppContext@76fa054d{ozoneManager,/,file:///home/runner/work/ozone/ozone/hadoop-ozone/integration-test/target/test-classes/webapps/ozoneManager/,AVAILABLE}{file:/home/runner/work/ozone/ozone/hadoop-ozone/integration-test/target/test-classes/webapps/ozoneManager}
2022-08-04 23:31:39,356 [Listener at 127.0.0.1/46503] INFO  server.AbstractConnector (AbstractConnector.java:doStart(331)) - Started ServerConnector@57e7a218{HTTP/1.1, (http/1.1)}{0.0.0.0:42875}
2022-08-04 23:31:39,356 [Listener at 127.0.0.1/46503] INFO  server.Server (Server.java:doStart(415)) - Started @124350ms
2022-08-04 23:31:39,356 [Listener at 127.0.0.1/46503] WARN  impl.MetricsSystemImpl (MetricsSystemImpl.java:register(279)) - Sink prometheus already exists!
2022-08-04 23:31:39,357 [Listener at 127.0.0.1/46503] INFO  http.BaseHttpServer (BaseHttpServer.java:updateConnectorAddress(329)) - HTTP server of ozoneManager listening at http://0.0.0.0:42875
2022-08-04 23:31:39,383 [IPC Server Responder] INFO  ipc.Server (Server.java:run(1507)) - IPC Server Responder: starting
2022-08-04 23:31:39,392 [IPC Server listener on 0] INFO  ipc.Server (Server.java:run(1344)) - IPC Server listener on 0: starting
2022-08-04 23:31:39,400 [Listener at 127.0.0.1/46503] INFO  om.OzoneManager (OzoneManager.java:startTrashEmptier(1906)) - Trash Interval set to 0. Files deleted won't move to trash
2022-08-04 23:31:39,406 [Listener at 127.0.0.1/46503] WARN  impl.MetricRegistriesImpl (MetricRegistriesImpl.java:addReporterRegistration(111)) - New reporters are added after registries were created. Some metrics will be missing from the reporter. Please add reporter before adding any new registry.
2022-08-04 23:31:39,407 [Listener at 127.0.0.1/46503] WARN  impl.MetricRegistriesImpl (MetricRegistriesImpl.java:addReporterRegistration(111)) - New reporters are added after registries were created. Some metrics will be missing from the reporter. Please add reporter before adding any new registry.
2022-08-04 23:31:39,407 [Listener at 127.0.0.1/46503] INFO  impl.MetricsSystemImpl (MetricsSystemImpl.java:init(158)) - HddsDatanode metrics system started (again)
2022-08-04 23:31:39,435 [org.apache.hadoop.util.JvmPauseMonitor$Monitor@69e2bbe0] INFO  util.JvmPauseMonitor (JvmPauseMonitor.java:run(188)) - Starting JVM pause monitor
2022-08-04 23:31:39,480 [Listener at 127.0.0.1/46503] INFO  ozone.HddsDatanodeService (HddsDatanodeService.java:start(236)) - HddsDatanodeService host:fv-az241-597.bb25ywkzvhnelkltyshw0e441e.jx.internal.cloudapp.net ip:10.1.0.37
2022-08-04 23:31:39,546 [Listener at 127.0.0.1/46503] INFO  upgrade.AbstractLayoutVersionManager (AbstractLayoutVersionManager.java:init(83)) - Initializing Layout version manager with metadata layout = DATANODE_SCHEMA_V3 (version = 4), software layout = DATANODE_SCHEMA_V3 (version = 4)
2022-08-04 23:31:39,672 [Listener at 127.0.0.1/46503] INFO  reflections.Reflections (Reflections.java:scan(232)) - Reflections took 125 ms to scan 7 urls, producing 132 keys and 321 values 
2022-08-04 23:31:39,692 [Listener at 127.0.0.1/46503] INFO  statemachine.DatanodeStateMachine (DatanodeStateMachine.java:getEndPointTaskThreadPoolSize(237)) - Datanode State Machine Task Thread Pool size 2
2022-08-04 23:31:39,694 [Listener at 127.0.0.1/46503] INFO  volume.HddsVolume (HddsVolume.java:<init>(116)) - Creating HddsVolume: /home/runner/work/ozone/ozone/hadoop-ozone/integration-test/target/test-dir/MiniOzoneClusterImpl-bb5f6a8d-8f39-43b4-baa3-4f9c3a5e14cf/datanode-0/data-0/containers/hdds of storage type : DISK capacity : 9223372036854775807
2022-08-04 23:31:39,694 [Listener at 127.0.0.1/46503] INFO  volume.MutableVolumeSet (MutableVolumeSet.java:initializeVolumeSet(174)) - Added Volume : /home/runner/work/ozone/ozone/hadoop-ozone/integration-test/target/test-dir/MiniOzoneClusterImpl-bb5f6a8d-8f39-43b4-baa3-4f9c3a5e14cf/datanode-0/data-0/containers/hdds to VolumeSet
2022-08-04 23:31:39,694 [Listener at 127.0.0.1/46503] INFO  volume.ThrottledAsyncChecker (ThrottledAsyncChecker.java:schedule(141)) - Scheduling a check for /home/runner/work/ozone/ozone/hadoop-ozone/integration-test/target/test-dir/MiniOzoneClusterImpl-bb5f6a8d-8f39-43b4-baa3-4f9c3a5e14cf/datanode-0/data-0/containers/hdds
2022-08-04 23:31:39,710 [Listener at 127.0.0.1/46503] INFO  volume.StorageVolumeChecker (StorageVolumeChecker.java:checkAllVolumes(202)) - Scheduled health check for volume /home/runner/work/ozone/ozone/hadoop-ozone/integration-test/target/test-dir/MiniOzoneClusterImpl-bb5f6a8d-8f39-43b4-baa3-4f9c3a5e14cf/datanode-0/data-0/containers/hdds
2022-08-04 23:31:39,759 [Listener at 127.0.0.1/46503] INFO  volume.MutableVolumeSet (MutableVolumeSet.java:initializeVolumeSet(174)) - Added Volume : /home/runner/work/ozone/ozone/hadoop-ozone/integration-test/target/test-dir/MiniOzoneClusterImpl-bb5f6a8d-8f39-43b4-baa3-4f9c3a5e14cf/datanode-0/data/ratis to VolumeSet
2022-08-04 23:31:39,759 [Listener at 127.0.0.1/46503] INFO  volume.ThrottledAsyncChecker (ThrottledAsyncChecker.java:schedule(141)) - Scheduling a check for /home/runner/work/ozone/ozone/hadoop-ozone/integration-test/target/test-dir/MiniOzoneClusterImpl-bb5f6a8d-8f39-43b4-baa3-4f9c3a5e14cf/datanode-0/data/ratis
2022-08-04 23:31:39,762 [Listener at 127.0.0.1/46503] INFO  volume.StorageVolumeChecker (StorageVolumeChecker.java:checkAllVolumes(202)) - Scheduled health check for volume /home/runner/work/ozone/ozone/hadoop-ozone/integration-test/target/test-dir/MiniOzoneClusterImpl-bb5f6a8d-8f39-43b4-baa3-4f9c3a5e14cf/datanode-0/data/ratis
2022-08-04 23:31:39,771 [Thread-963] INFO  ozoneimpl.ContainerReader (ContainerReader.java:readVolume(175)) - Finish verifying containers on volume /home/runner/work/ozone/ozone/hadoop-ozone/integration-test/target/test-dir/MiniOzoneClusterImpl-bb5f6a8d-8f39-43b4-baa3-4f9c3a5e14cf/datanode-0/data-0/containers/hdds
2022-08-04 23:31:39,771 [Listener at 127.0.0.1/46503] INFO  ozoneimpl.OzoneContainer (OzoneContainer.java:buildContainerSet(299)) - Build ContainerSet costs 0s
2022-08-04 23:31:39,773 [Listener at 127.0.0.1/46503] INFO  server.RaftServer (ConfUtils.java:logGet(46)) - raft.rpc.type = GRPC (default)
2022-08-04 23:31:39,773 [Listener at 127.0.0.1/46503] INFO  grpc.GrpcFactory (GrpcFactory.java:checkPooledByteBufAllocatorUseCacheForAllThreads(48)) - PERFORMANCE WARNING: useCacheForAllThreads is true that may cause Netty to create a lot garbage objects and, as a result, trigger GC.
	It is recommended to disable useCacheForAllThreads by setting -Dorg.apache.ratis.thirdparty.io.netty.allocator.useCacheForAllThreads=false in command line.
2022-08-04 23:31:39,773 [Listener at 127.0.0.1/46503] INFO  grpc.GrpcConfigKeys (ConfUtils.java:logGet(46)) - raft.grpc.admin.port = 0 (custom)
2022-08-04 23:31:39,774 [Listener at 127.0.0.1/46503] INFO  grpc.GrpcConfigKeys (ConfUtils.java:logGet(46)) - raft.grpc.client.port = 0 (custom)
2022-08-04 23:31:39,774 [Listener at 127.0.0.1/46503] INFO  grpc.GrpcConfigKeys (ConfUtils.java:logGet(46)) - raft.grpc.server.port = 0 (default)
2022-08-04 23:31:39,774 [Listener at 127.0.0.1/46503] INFO  server.GrpcService (ConfUtils.java:logGet(46)) - raft.grpc.message.size.max = 32MB (=33554432) (custom)
2022-08-04 23:31:39,774 [Listener at 127.0.0.1/46503] INFO  server.RaftServerConfigKeys (ConfUtils.java:logGet(46)) - raft.server.log.appender.buffer.byte-limit = 33554432 (custom)
2022-08-04 23:31:39,774 [Listener at 127.0.0.1/46503] INFO  server.GrpcService (ConfUtils.java:logGet(46)) - raft.grpc.flow.control.window = 5MB (=5242880) (custom)
2022-08-04 23:31:39,774 [Listener at 127.0.0.1/46503] INFO  server.RaftServerConfigKeys (ConfUtils.java:logGet(46)) - raft.server.rpc.request.timeout = 60s (custom)
2022-08-04 23:31:39,774 [Listener at 127.0.0.1/46503] INFO  grpc.GrpcConfigKeys (ConfUtils.java:logGet(46)) - raft.grpc.server.async.request.thread.pool.cached = true (default)
2022-08-04 23:31:39,774 [Listener at 127.0.0.1/46503] INFO  grpc.GrpcConfigKeys (ConfUtils.java:logGet(46)) - raft.grpc.server.async.request.thread.pool.size = 32 (default)
2022-08-04 23:31:39,775 [Listener at 127.0.0.1/46503] INFO  impl.DataStreamServerImpl (ConfUtils.java:logGet(46)) - raft.datastream.type = DISABLED (default)
2022-08-04 23:31:39,776 [Listener at 127.0.0.1/46503] INFO  server.RaftServerConfigKeys (ConfUtils.java:logGet(46)) - raft.server.threadpool.proxy.cached = true (default)
2022-08-04 23:31:39,776 [Listener at 127.0.0.1/46503] INFO  server.RaftServerConfigKeys (ConfUtils.java:logGet(46)) - raft.server.threadpool.proxy.size = 0 (default)
2022-08-04 23:31:39,776 [Listener at 127.0.0.1/46503] INFO  server.RaftServerConfigKeys (ConfUtils.java:logGet(46)) - raft.server.rpc.slowness.timeout = 300s (custom)
2022-08-04 23:31:39,776 [Listener at 127.0.0.1/46503] INFO  server.RaftServerConfigKeys (ConfUtils.java:logGet(46)) - raft.server.leaderelection.leader.step-down.wait-time = 10s (default)
2022-08-04 23:31:39,776 [Listener at 127.0.0.1/46503] INFO  server.RaftServerConfigKeys (ConfUtils.java:logGet(46)) - raft.server.storage.dir = [/home/runner/work/ozone/ozone/hadoop-ozone/integration-test/target/test-dir/MiniOzoneClusterImpl-bb5f6a8d-8f39-43b4-baa3-4f9c3a5e14cf/datanode-0/data/ratis] (custom)
2022-08-04 23:31:39,777 [Listener at 127.0.0.1/46503] INFO  server.XceiverServerGrpc (XceiverServerGrpc.java:<init>(132)) - GrpcServer channel type EpollServerSocketChannel
2022-08-04 23:31:39,786 [Listener at 127.0.0.1/46503] INFO  http.BaseHttpServer (BaseHttpServer.java:newHttpServer2BuilderForOzone(209)) - Starting Web-server for hddsDatanode at: http://0.0.0.0:0
2022-08-04 23:31:39,786 [Listener at 127.0.0.1/46503] INFO  http.BaseHttpServer (BaseHttpServer.java:<init>(107)) - Hadoop Security Enabled: false Ozone Security Enabled: false Ozone HTTP Security Enabled: false 
2022-08-04 23:31:39,787 [Listener at 127.0.0.1/46503] INFO  server.AuthenticationFilter (AuthenticationFilter.java:constructSecretProvider(240)) - Unable to initialize FileSignerSecretProvider, falling back to use random secrets.
2022-08-04 23:31:39,795 [Listener at 127.0.0.1/46503] WARN  http.HttpRequestLog (HttpRequestLog.java:getRequestLog(103)) - Jetty request log can only be enabled using Log4j
2022-08-04 23:31:39,796 [Listener at 127.0.0.1/46503] INFO  http.HttpServer2 (HttpServer2.java:addGlobalFilter(1029)) - Added global filter 'safety' (class=org.apache.hadoop.hdds.server.http.HttpServer2$QuotingInputFilter)
2022-08-04 23:31:39,797 [Listener at 127.0.0.1/46503] INFO  http.HttpServer2 (HttpServer2.java:addFilter(1005)) - Added filter static_user_filter (class=org.apache.hadoop.http.lib.StaticUserWebFilter$StaticUserFilter) to context hddsDatanode
2022-08-04 23:31:39,797 [Listener at 127.0.0.1/46503] INFO  http.HttpServer2 (HttpServer2.java:addFilter(1013)) - Added filter static_user_filter (class=org.apache.hadoop.http.lib.StaticUserWebFilter$StaticUserFilter) to context static
2022-08-04 23:31:39,797 [Listener at 127.0.0.1/46503] INFO  http.HttpServer2 (HttpServer2.java:addFilter(1013)) - Added filter static_user_filter (class=org.apache.hadoop.http.lib.StaticUserWebFilter$StaticUserFilter) to context logs
2022-08-04 23:31:39,797 [Listener at 127.0.0.1/46503] INFO  http.HttpServer2 (HttpServer2.java:bindListener(1248)) - Jetty bound to port 41939
2022-08-04 23:31:39,798 [Listener at 127.0.0.1/46503] INFO  server.Server (Server.java:doStart(375)) - jetty-9.4.43.v20210629; built: 2021-06-30T11:07:22.254Z; git: 526006ecfa3af7f1a27ef3a288e2bef7ea9dd7e8; jvm 1.8.0_332-b09
2022-08-04 23:31:39,847 [Listener at 127.0.0.1/46503] INFO  server.session (DefaultSessionIdManager.java:doStart(334)) - DefaultSessionIdManager workerName=node0
2022-08-04 23:31:39,847 [Listener at 127.0.0.1/46503] INFO  server.session (DefaultSessionIdManager.java:doStart(339)) - No SessionScavenger set, using defaults
2022-08-04 23:31:39,848 [Listener at 127.0.0.1/46503] INFO  server.session (HouseKeeper.java:startScavenging(132)) - node0 Scavenging every 660000ms
2022-08-04 23:31:39,848 [Listener at 127.0.0.1/46503] INFO  handler.ContextHandler (ContextHandler.java:doStart(915)) - Started o.e.j.s.ServletContextHandler@8814c5d{logs,/logs,file:///home/runner/work/ozone/ozone/hadoop-ozone/integration-test/target/log,AVAILABLE}
2022-08-04 23:31:39,849 [Listener at 127.0.0.1/46503] INFO  handler.ContextHandler (ContextHandler.java:doStart(915)) - Started o.e.j.s.ServletContextHandler@5ada7af1{static,/static,jar:file:/home/runner/.m2/repository/org/apache/ozone/hdds-container-service/1.3.0-SNAPSHOT/hdds-container-service-1.3.0-SNAPSHOT.jar!/webapps/static,AVAILABLE}
2022-08-04 23:31:40,405 [Listener at 127.0.0.1/46503] INFO  handler.ContextHandler (ContextHandler.java:doStart(915)) - Started o.e.j.w.WebAppContext@240c9b52{hddsDatanode,/,file:///tmp/jetty-0_0_0_0-41939-hdds-container-service-1_3_0-SNAPSHOT_jar-_-any-8756083246354059743/webapp/,AVAILABLE}{jar:file:/home/runner/.m2/repository/org/apache/ozone/hdds-container-service/1.3.0-SNAPSHOT/hdds-container-service-1.3.0-SNAPSHOT.jar!/webapps/hddsDatanode}
2022-08-04 23:31:40,409 [Listener at 127.0.0.1/46503] INFO  server.AbstractConnector (AbstractConnector.java:doStart(331)) - Started ServerConnector@1d855f{HTTP/1.1, (http/1.1)}{0.0.0.0:41939}
2022-08-04 23:31:40,409 [Listener at 127.0.0.1/46503] INFO  server.Server (Server.java:doStart(415)) - Started @125403ms
2022-08-04 23:31:40,409 [Listener at 127.0.0.1/46503] WARN  impl.MetricsSystemImpl (MetricsSystemImpl.java:register(279)) - Sink prometheus already exists!
2022-08-04 23:31:40,410 [Listener at 127.0.0.1/46503] INFO  http.BaseHttpServer (BaseHttpServer.java:updateConnectorAddress(329)) - HTTP server of hddsDatanode listening at http://0.0.0.0:41939
2022-08-04 23:31:40,416 [Listener at 127.0.0.1/46503] WARN  impl.MetricRegistriesImpl (MetricRegistriesImpl.java:addReporterRegistration(111)) - New reporters are added after registries were created. Some metrics will be missing from the reporter. Please add reporter before adding any new registry.
2022-08-04 23:31:40,416 [Listener at 127.0.0.1/46503] WARN  impl.MetricRegistriesImpl (MetricRegistriesImpl.java:addReporterRegistration(111)) - New reporters are added after registries were created. Some metrics will be missing from the reporter. Please add reporter before adding any new registry.
2022-08-04 23:31:40,416 [Listener at 127.0.0.1/46503] INFO  impl.MetricsSystemImpl (MetricsSystemImpl.java:init(158)) - HddsDatanode metrics system started (again)
2022-08-04 23:31:40,419 [Datanode State Machine Daemon Thread] INFO  statemachine.DatanodeStateMachine (DatanodeStateMachine.java:lambda$startDaemon$0(492)) - Ozone container server started.
2022-08-04 23:31:40,430 [om1@group-C5BA1605619E-FollowerState] INFO  impl.FollowerState (FollowerState.java:run(143)) - om1@group-C5BA1605619E-FollowerState: change to CANDIDATE, lastRpcElapsedTime:1198583960ns, electionTimeout:1182ms
2022-08-04 23:31:40,430 [om1@group-C5BA1605619E-FollowerState] INFO  impl.RoleInfo (RoleInfo.java:shutdownFollowerState(110)) - om1: shutdown om1@group-C5BA1605619E-FollowerState
2022-08-04 23:31:40,430 [om1@group-C5BA1605619E-FollowerState] INFO  server.RaftServer$Division (RaftServerImpl.java:setRole(299)) - om1@group-C5BA1605619E: changes role from  FOLLOWER to CANDIDATE at term 0 for changeToCandidate
2022-08-04 23:31:40,463 [Listener at 127.0.0.1/46503] INFO  ozone.HddsDatanodeService (HddsDatanodeService.java:start(236)) - HddsDatanodeService host:fv-az241-597.bb25ywkzvhnelkltyshw0e441e.jx.internal.cloudapp.net ip:10.1.0.37
2022-08-04 23:31:40,463 [om1@group-C5BA1605619E-FollowerState] INFO  server.RaftServerConfigKeys (ConfUtils.java:logGet(46)) - raft.server.leaderelection.pre-vote = false (custom)
2022-08-04 23:31:40,463 [om1@group-C5BA1605619E-FollowerState] INFO  impl.RoleInfo (RoleInfo.java:updateAndGet(139)) - om1: start om1@group-C5BA1605619E-LeaderElection34
2022-08-04 23:31:40,469 [Datanode State Machine Task Thread - 0] INFO  datanode.InitDatanodeState (InitDatanodeState.java:persistContainerDatanodeDetails(138)) - DatanodeDetails is persisted to /home/runner/work/ozone/ozone/hadoop-ozone/integration-test/target/test-dir/MiniOzoneClusterImpl-bb5f6a8d-8f39-43b4-baa3-4f9c3a5e14cf/datanode-0/meta/datanode.id
2022-08-04 23:31:40,475 [org.apache.hadoop.util.JvmPauseMonitor$Monitor@7b6c1340] INFO  util.JvmPauseMonitor (JvmPauseMonitor.java:run(188)) - Starting JVM pause monitor
2022-08-04 23:31:40,527 [om1@group-C5BA1605619E-LeaderElection34] INFO  impl.LeaderElection (LeaderElection.java:askForVotes(310)) - om1@group-C5BA1605619E-LeaderElection34 ELECTION round 0: submit vote requests at term 1 for -1: [om1|rpc:localhost:9872|priority:0], old=null
2022-08-04 23:31:40,527 [om1@group-C5BA1605619E-LeaderElection34] INFO  impl.LeaderElection (LeaderElection.java:askForVotes(312)) - om1@group-C5BA1605619E-LeaderElection34 ELECTION round 0: result PASSED (term=1)
2022-08-04 23:31:40,527 [om1@group-C5BA1605619E-LeaderElection34] INFO  impl.RoleInfo (RoleInfo.java:shutdownLeaderElection(130)) - om1: shutdown om1@group-C5BA1605619E-LeaderElection34
2022-08-04 23:31:40,527 [om1@group-C5BA1605619E-LeaderElection34] INFO  server.RaftServer$Division (RaftServerImpl.java:setRole(299)) - om1@group-C5BA1605619E: changes role from CANDIDATE to LEADER at term 1 for changeToLeader
2022-08-04 23:31:40,527 [om1@group-C5BA1605619E-LeaderElection34] INFO  server.RaftServer$Division (ServerState.java:setLeader(287)) - om1@group-C5BA1605619E: change Leader from null to om1 at term 1 for becomeLeader, leader elected after 2620ms
2022-08-04 23:31:40,527 [om1@group-C5BA1605619E-LeaderElection34] INFO  server.RaftServerConfigKeys (ConfUtils.java:logGet(46)) - raft.server.staging.catchup.gap = 1000 (default)
2022-08-04 23:31:40,527 [om1@group-C5BA1605619E-LeaderElection34] INFO  server.RaftServerConfigKeys (ConfUtils.java:logGet(46)) - raft.server.write.element-limit = 4096 (default)
2022-08-04 23:31:40,527 [om1@group-C5BA1605619E-LeaderElection34] INFO  server.RaftServerConfigKeys (ConfUtils.java:logGet(46)) - raft.server.write.byte-limit = 64MB (=67108864) (default)
2022-08-04 23:31:40,527 [om1@group-C5BA1605619E-LeaderElection34] INFO  server.RaftServerConfigKeys (ConfUtils.java:logGet(46)) - raft.server.watch.timeout = 10s (default)
2022-08-04 23:31:40,527 [om1@group-C5BA1605619E-LeaderElection34] INFO  server.RaftServerConfigKeys (ConfUtils.java:logGet(46)) - raft.server.watch.timeout.denomination = 1s (default)
2022-08-04 23:31:40,527 [om1@group-C5BA1605619E-LeaderElection34] INFO  server.RaftServerConfigKeys (ConfUtils.java:logGet(46)) - raft.server.watch.element-limit = 65536 (default)
2022-08-04 23:31:40,527 [om1@group-C5BA1605619E-LeaderElection34] INFO  server.RaftServerConfigKeys (ConfUtils.java:logGet(46)) - raft.server.write.element-limit = 4096 (default)
2022-08-04 23:31:40,527 [om1@group-C5BA1605619E-LeaderElection34] INFO  server.RaftServerConfigKeys (ConfUtils.java:logGet(46)) - raft.server.write.follower.gap.ratio.max = -1.0 (default)
2022-08-04 23:31:40,527 [om1@group-C5BA1605619E-LeaderElection34] INFO  impl.RoleInfo (RoleInfo.java:updateAndGet(139)) - om1: start om1@group-C5BA1605619E-LeaderStateImpl
2022-08-04 23:31:40,528 [om1@group-C5BA1605619E-LeaderElection34] INFO  segmented.SegmentedRaftLogWorker (SegmentedRaftLogWorker.java:startLogSegment(425)) - om1@group-C5BA1605619E-SegmentedRaftLogWorker: Starting segment from index:0
2022-08-04 23:31:40,540 [om1@group-C5BA1605619E-LeaderElection34] INFO  server.RaftServer$Division (ServerState.java:setRaftConf(393)) - om1@group-C5BA1605619E: set configuration 0: [om1|rpc:localhost:9872|admin:|client:|dataStream:|priority:0], old=null
2022-08-04 23:31:40,543 [om1@group-C5BA1605619E-SegmentedRaftLogWorker] INFO  segmented.SegmentedRaftLogWorker (SegmentedRaftLogWorker.java:execute(629)) - om1@group-C5BA1605619E-SegmentedRaftLogWorker: created new log segment /home/runner/work/ozone/ozone/hadoop-ozone/integration-test/target/test-dir/MiniOzoneClusterImpl-bb5f6a8d-8f39-43b4-baa3-4f9c3a5e14cf/ozone-meta/ratis/bf265839-605b-3f16-9796-c5ba1605619e/current/log_inprogress_0
2022-08-04 23:31:40,552 [om1@group-C5BA1605619E-StateMachineUpdater] INFO  ratis.OzoneManagerStateMachine (OzoneManagerStateMachine.java:notifyConfigurationChanged(192)) - Received Configuration change notification from Ratis. New Peer list:
[id: "om1"
address: "localhost:9872"
]
2022-08-04 23:31:40,564 [Listener at 127.0.0.1/46503] INFO  upgrade.AbstractLayoutVersionManager (AbstractLayoutVersionManager.java:init(83)) - Initializing Layout version manager with metadata layout = DATANODE_SCHEMA_V3 (version = 4), software layout = DATANODE_SCHEMA_V3 (version = 4)
2022-08-04 23:31:40,735 [Listener at 127.0.0.1/46503] INFO  reflections.Reflections (Reflections.java:scan(232)) - Reflections took 170 ms to scan 7 urls, producing 132 keys and 321 values 
2022-08-04 23:31:40,736 [Listener at 127.0.0.1/46503] INFO  statemachine.DatanodeStateMachine (DatanodeStateMachine.java:getEndPointTaskThreadPoolSize(237)) - Datanode State Machine Task Thread Pool size 2
2022-08-04 23:31:40,788 [Listener at 127.0.0.1/46503] INFO  volume.HddsVolume (HddsVolume.java:<init>(116)) - Creating HddsVolume: /home/runner/work/ozone/ozone/hadoop-ozone/integration-test/target/test-dir/MiniOzoneClusterImpl-bb5f6a8d-8f39-43b4-baa3-4f9c3a5e14cf/datanode-1/data-0/containers/hdds of storage type : DISK capacity : 9223372036854775807
2022-08-04 23:31:40,788 [Listener at 127.0.0.1/46503] INFO  volume.MutableVolumeSet (MutableVolumeSet.java:initializeVolumeSet(174)) - Added Volume : /home/runner/work/ozone/ozone/hadoop-ozone/integration-test/target/test-dir/MiniOzoneClusterImpl-bb5f6a8d-8f39-43b4-baa3-4f9c3a5e14cf/datanode-1/data-0/containers/hdds to VolumeSet
2022-08-04 23:31:40,788 [Listener at 127.0.0.1/46503] INFO  volume.ThrottledAsyncChecker (ThrottledAsyncChecker.java:schedule(141)) - Scheduling a check for /home/runner/work/ozone/ozone/hadoop-ozone/integration-test/target/test-dir/MiniOzoneClusterImpl-bb5f6a8d-8f39-43b4-baa3-4f9c3a5e14cf/datanode-1/data-0/containers/hdds
2022-08-04 23:31:40,803 [Listener at 127.0.0.1/46503] INFO  volume.StorageVolumeChecker (StorageVolumeChecker.java:checkAllVolumes(202)) - Scheduled health check for volume /home/runner/work/ozone/ozone/hadoop-ozone/integration-test/target/test-dir/MiniOzoneClusterImpl-bb5f6a8d-8f39-43b4-baa3-4f9c3a5e14cf/datanode-1/data-0/containers/hdds
2022-08-04 23:31:40,832 [Listener at 127.0.0.1/46503] INFO  volume.MutableVolumeSet (MutableVolumeSet.java:initializeVolumeSet(174)) - Added Volume : /home/runner/work/ozone/ozone/hadoop-ozone/integration-test/target/test-dir/MiniOzoneClusterImpl-bb5f6a8d-8f39-43b4-baa3-4f9c3a5e14cf/datanode-1/data/ratis to VolumeSet
2022-08-04 23:31:40,833 [Listener at 127.0.0.1/46503] INFO  volume.ThrottledAsyncChecker (ThrottledAsyncChecker.java:schedule(141)) - Scheduling a check for /home/runner/work/ozone/ozone/hadoop-ozone/integration-test/target/test-dir/MiniOzoneClusterImpl-bb5f6a8d-8f39-43b4-baa3-4f9c3a5e14cf/datanode-1/data/ratis
2022-08-04 23:31:40,847 [Listener at 127.0.0.1/46503] INFO  volume.StorageVolumeChecker (StorageVolumeChecker.java:checkAllVolumes(202)) - Scheduled health check for volume /home/runner/work/ozone/ozone/hadoop-ozone/integration-test/target/test-dir/MiniOzoneClusterImpl-bb5f6a8d-8f39-43b4-baa3-4f9c3a5e14cf/datanode-1/data/ratis
2022-08-04 23:31:40,883 [Thread-978] INFO  ozoneimpl.ContainerReader (ContainerReader.java:readVolume(175)) - Finish verifying containers on volume /home/runner/work/ozone/ozone/hadoop-ozone/integration-test/target/test-dir/MiniOzoneClusterImpl-bb5f6a8d-8f39-43b4-baa3-4f9c3a5e14cf/datanode-1/data-0/containers/hdds
2022-08-04 23:31:40,883 [Listener at 127.0.0.1/46503] INFO  ozoneimpl.OzoneContainer (OzoneContainer.java:buildContainerSet(299)) - Build ContainerSet costs 0s
2022-08-04 23:31:40,885 [Listener at 127.0.0.1/46503] INFO  server.RaftServer (ConfUtils.java:logGet(46)) - raft.rpc.type = GRPC (default)
2022-08-04 23:31:40,885 [Listener at 127.0.0.1/46503] INFO  grpc.GrpcFactory (GrpcFactory.java:checkPooledByteBufAllocatorUseCacheForAllThreads(48)) - PERFORMANCE WARNING: useCacheForAllThreads is true that may cause Netty to create a lot garbage objects and, as a result, trigger GC.
	It is recommended to disable useCacheForAllThreads by setting -Dorg.apache.ratis.thirdparty.io.netty.allocator.useCacheForAllThreads=false in command line.
2022-08-04 23:31:40,885 [Listener at 127.0.0.1/46503] INFO  grpc.GrpcConfigKeys (ConfUtils.java:logGet(46)) - raft.grpc.admin.port = 0 (custom)
2022-08-04 23:31:40,886 [Listener at 127.0.0.1/46503] INFO  grpc.GrpcConfigKeys (ConfUtils.java:logGet(46)) - raft.grpc.client.port = 0 (custom)
2022-08-04 23:31:40,886 [Listener at 127.0.0.1/46503] INFO  grpc.GrpcConfigKeys (ConfUtils.java:logGet(46)) - raft.grpc.server.port = 0 (default)
2022-08-04 23:31:40,886 [Listener at 127.0.0.1/46503] INFO  server.GrpcService (ConfUtils.java:logGet(46)) - raft.grpc.message.size.max = 32MB (=33554432) (custom)
2022-08-04 23:31:40,886 [Listener at 127.0.0.1/46503] INFO  server.RaftServerConfigKeys (ConfUtils.java:logGet(46)) - raft.server.log.appender.buffer.byte-limit = 33554432 (custom)
2022-08-04 23:31:40,886 [Listener at 127.0.0.1/46503] INFO  server.GrpcService (ConfUtils.java:logGet(46)) - raft.grpc.flow.control.window = 5MB (=5242880) (custom)
2022-08-04 23:31:40,886 [Listener at 127.0.0.1/46503] INFO  server.RaftServerConfigKeys (ConfUtils.java:logGet(46)) - raft.server.rpc.request.timeout = 60s (custom)
2022-08-04 23:31:40,886 [Listener at 127.0.0.1/46503] INFO  grpc.GrpcConfigKeys (ConfUtils.java:logGet(46)) - raft.grpc.server.async.request.thread.pool.cached = true (default)
2022-08-04 23:31:40,886 [Listener at 127.0.0.1/46503] INFO  grpc.GrpcConfigKeys (ConfUtils.java:logGet(46)) - raft.grpc.server.async.request.thread.pool.size = 32 (default)
2022-08-04 23:31:40,890 [Listener at 127.0.0.1/46503] INFO  impl.DataStreamServerImpl (ConfUtils.java:logGet(46)) - raft.datastream.type = DISABLED (default)
2022-08-04 23:31:40,890 [Listener at 127.0.0.1/46503] INFO  server.RaftServerConfigKeys (ConfUtils.java:logGet(46)) - raft.server.threadpool.proxy.cached = true (default)
2022-08-04 23:31:40,890 [Listener at 127.0.0.1/46503] INFO  server.RaftServerConfigKeys (ConfUtils.java:logGet(46)) - raft.server.threadpool.proxy.size = 0 (default)
2022-08-04 23:31:40,890 [Listener at 127.0.0.1/46503] INFO  server.RaftServerConfigKeys (ConfUtils.java:logGet(46)) - raft.server.rpc.slowness.timeout = 300s (custom)
2022-08-04 23:31:40,890 [Listener at 127.0.0.1/46503] INFO  server.RaftServerConfigKeys (ConfUtils.java:logGet(46)) - raft.server.leaderelection.leader.step-down.wait-time = 10s (default)
2022-08-04 23:31:40,890 [Listener at 127.0.0.1/46503] INFO  server.RaftServerConfigKeys (ConfUtils.java:logGet(46)) - raft.server.storage.dir = [/home/runner/work/ozone/ozone/hadoop-ozone/integration-test/target/test-dir/MiniOzoneClusterImpl-bb5f6a8d-8f39-43b4-baa3-4f9c3a5e14cf/datanode-1/data/ratis] (custom)
2022-08-04 23:31:40,926 [Listener at 127.0.0.1/46503] INFO  server.XceiverServerGrpc (XceiverServerGrpc.java:<init>(132)) - GrpcServer channel type EpollServerSocketChannel
2022-08-04 23:31:40,948 [Listener at 127.0.0.1/46503] INFO  http.BaseHttpServer (BaseHttpServer.java:newHttpServer2BuilderForOzone(209)) - Starting Web-server for hddsDatanode at: http://0.0.0.0:0
2022-08-04 23:31:40,948 [Listener at 127.0.0.1/46503] INFO  http.BaseHttpServer (BaseHttpServer.java:<init>(107)) - Hadoop Security Enabled: false Ozone Security Enabled: false Ozone HTTP Security Enabled: false 
2022-08-04 23:31:40,950 [Listener at 127.0.0.1/46503] INFO  server.AuthenticationFilter (AuthenticationFilter.java:constructSecretProvider(240)) - Unable to initialize FileSignerSecretProvider, falling back to use random secrets.
2022-08-04 23:31:40,959 [Listener at 127.0.0.1/46503] WARN  http.HttpRequestLog (HttpRequestLog.java:getRequestLog(103)) - Jetty request log can only be enabled using Log4j
2022-08-04 23:31:40,960 [Listener at 127.0.0.1/46503] INFO  http.HttpServer2 (HttpServer2.java:addGlobalFilter(1029)) - Added global filter 'safety' (class=org.apache.hadoop.hdds.server.http.HttpServer2$QuotingInputFilter)
2022-08-04 23:31:40,961 [Listener at 127.0.0.1/46503] INFO  http.HttpServer2 (HttpServer2.java:addFilter(1005)) - Added filter static_user_filter (class=org.apache.hadoop.http.lib.StaticUserWebFilter$StaticUserFilter) to context hddsDatanode
2022-08-04 23:31:40,961 [Listener at 127.0.0.1/46503] INFO  http.HttpServer2 (HttpServer2.java:addFilter(1013)) - Added filter static_user_filter (class=org.apache.hadoop.http.lib.StaticUserWebFilter$StaticUserFilter) to context static
2022-08-04 23:31:40,961 [Listener at 127.0.0.1/46503] INFO  http.HttpServer2 (HttpServer2.java:addFilter(1013)) - Added filter static_user_filter (class=org.apache.hadoop.http.lib.StaticUserWebFilter$StaticUserFilter) to context logs
2022-08-04 23:31:40,962 [Listener at 127.0.0.1/46503] INFO  http.HttpServer2 (HttpServer2.java:bindListener(1248)) - Jetty bound to port 38399
2022-08-04 23:31:40,962 [Listener at 127.0.0.1/46503] INFO  server.Server (Server.java:doStart(375)) - jetty-9.4.43.v20210629; built: 2021-06-30T11:07:22.254Z; git: 526006ecfa3af7f1a27ef3a288e2bef7ea9dd7e8; jvm 1.8.0_332-b09
2022-08-04 23:31:41,004 [Listener at 127.0.0.1/46503] INFO  server.session (DefaultSessionIdManager.java:doStart(334)) - DefaultSessionIdManager workerName=node0
2022-08-04 23:31:41,004 [Listener at 127.0.0.1/46503] INFO  server.session (DefaultSessionIdManager.java:doStart(339)) - No SessionScavenger set, using defaults
2022-08-04 23:31:41,004 [Listener at 127.0.0.1/46503] INFO  server.session (HouseKeeper.java:startScavenging(132)) - node0 Scavenging every 660000ms
2022-08-04 23:31:41,005 [Listener at 127.0.0.1/46503] INFO  handler.ContextHandler (ContextHandler.java:doStart(915)) - Started o.e.j.s.ServletContextHandler@4f91f4f6{logs,/logs,file:///home/runner/work/ozone/ozone/hadoop-ozone/integration-test/target/log,AVAILABLE}
2022-08-04 23:31:41,005 [Listener at 127.0.0.1/46503] INFO  handler.ContextHandler (ContextHandler.java:doStart(915)) - Started o.e.j.s.ServletContextHandler@7eaedcbf{static,/static,jar:file:/home/runner/.m2/repository/org/apache/ozone/hdds-container-service/1.3.0-SNAPSHOT/hdds-container-service-1.3.0-SNAPSHOT.jar!/webapps/static,AVAILABLE}
2022-08-04 23:31:41,615 [Listener at 127.0.0.1/46503] INFO  handler.ContextHandler (ContextHandler.java:doStart(915)) - Started o.e.j.w.WebAppContext@2ca2159a{hddsDatanode,/,file:///tmp/jetty-0_0_0_0-38399-hdds-container-service-1_3_0-SNAPSHOT_jar-_-any-4371315852193047506/webapp/,AVAILABLE}{jar:file:/home/runner/.m2/repository/org/apache/ozone/hdds-container-service/1.3.0-SNAPSHOT/hdds-container-service-1.3.0-SNAPSHOT.jar!/webapps/hddsDatanode}
2022-08-04 23:31:41,635 [Listener at 127.0.0.1/46503] INFO  server.AbstractConnector (AbstractConnector.java:doStart(331)) - Started ServerConnector@24ae81d3{HTTP/1.1, (http/1.1)}{0.0.0.0:38399}
2022-08-04 23:31:41,635 [Listener at 127.0.0.1/46503] INFO  server.Server (Server.java:doStart(415)) - Started @126629ms
2022-08-04 23:31:41,636 [Listener at 127.0.0.1/46503] WARN  impl.MetricsSystemImpl (MetricsSystemImpl.java:register(279)) - Sink prometheus already exists!
2022-08-04 23:31:41,639 [Listener at 127.0.0.1/46503] INFO  http.BaseHttpServer (BaseHttpServer.java:updateConnectorAddress(329)) - HTTP server of hddsDatanode listening at http://0.0.0.0:38399
2022-08-04 23:31:41,647 [Listener at 127.0.0.1/46503] WARN  impl.MetricRegistriesImpl (MetricRegistriesImpl.java:addReporterRegistration(111)) - New reporters are added after registries were created. Some metrics will be missing from the reporter. Please add reporter before adding any new registry.
2022-08-04 23:31:41,647 [Listener at 127.0.0.1/46503] WARN  impl.MetricRegistriesImpl (MetricRegistriesImpl.java:addReporterRegistration(111)) - New reporters are added after registries were created. Some metrics will be missing from the reporter. Please add reporter before adding any new registry.
2022-08-04 23:31:41,648 [Listener at 127.0.0.1/46503] INFO  impl.MetricsSystemImpl (MetricsSystemImpl.java:init(158)) - HddsDatanode metrics system started (again)
2022-08-04 23:31:41,653 [Datanode State Machine Daemon Thread] INFO  statemachine.DatanodeStateMachine (DatanodeStateMachine.java:lambda$startDaemon$0(492)) - Ozone container server started.
2022-08-04 23:31:41,682 [Listener at 127.0.0.1/46503] INFO  ozone.HddsDatanodeService (HddsDatanodeService.java:start(236)) - HddsDatanodeService host:fv-az241-597.bb25ywkzvhnelkltyshw0e441e.jx.internal.cloudapp.net ip:10.1.0.37
2022-08-04 23:31:41,716 [org.apache.hadoop.util.JvmPauseMonitor$Monitor@372fc6f7] INFO  util.JvmPauseMonitor (JvmPauseMonitor.java:run(188)) - Starting JVM pause monitor
2022-08-04 23:31:41,733 [Datanode State Machine Task Thread - 0] INFO  datanode.InitDatanodeState (InitDatanodeState.java:persistContainerDatanodeDetails(138)) - DatanodeDetails is persisted to /home/runner/work/ozone/ozone/hadoop-ozone/integration-test/target/test-dir/MiniOzoneClusterImpl-bb5f6a8d-8f39-43b4-baa3-4f9c3a5e14cf/datanode-1/meta/datanode.id
2022-08-04 23:31:41,752 [Listener at 127.0.0.1/46503] INFO  upgrade.AbstractLayoutVersionManager (AbstractLayoutVersionManager.java:init(83)) - Initializing Layout version manager with metadata layout = DATANODE_SCHEMA_V3 (version = 4), software layout = DATANODE_SCHEMA_V3 (version = 4)
2022-08-04 23:31:41,903 [Listener at 127.0.0.1/46503] INFO  reflections.Reflections (Reflections.java:scan(232)) - Reflections took 150 ms to scan 7 urls, producing 132 keys and 321 values 
2022-08-04 23:31:41,905 [Listener at 127.0.0.1/46503] INFO  statemachine.DatanodeStateMachine (DatanodeStateMachine.java:getEndPointTaskThreadPoolSize(237)) - Datanode State Machine Task Thread Pool size 2
2022-08-04 23:31:41,932 [Listener at 127.0.0.1/46503] INFO  volume.HddsVolume (HddsVolume.java:<init>(116)) - Creating HddsVolume: /home/runner/work/ozone/ozone/hadoop-ozone/integration-test/target/test-dir/MiniOzoneClusterImpl-bb5f6a8d-8f39-43b4-baa3-4f9c3a5e14cf/datanode-2/data-0/containers/hdds of storage type : DISK capacity : 9223372036854775807
2022-08-04 23:31:41,932 [Listener at 127.0.0.1/46503] INFO  volume.MutableVolumeSet (MutableVolumeSet.java:initializeVolumeSet(174)) - Added Volume : /home/runner/work/ozone/ozone/hadoop-ozone/integration-test/target/test-dir/MiniOzoneClusterImpl-bb5f6a8d-8f39-43b4-baa3-4f9c3a5e14cf/datanode-2/data-0/containers/hdds to VolumeSet
2022-08-04 23:31:41,932 [Listener at 127.0.0.1/46503] INFO  volume.ThrottledAsyncChecker (ThrottledAsyncChecker.java:schedule(141)) - Scheduling a check for /home/runner/work/ozone/ozone/hadoop-ozone/integration-test/target/test-dir/MiniOzoneClusterImpl-bb5f6a8d-8f39-43b4-baa3-4f9c3a5e14cf/datanode-2/data-0/containers/hdds
2022-08-04 23:31:41,950 [Listener at 127.0.0.1/46503] INFO  volume.StorageVolumeChecker (StorageVolumeChecker.java:checkAllVolumes(202)) - Scheduled health check for volume /home/runner/work/ozone/ozone/hadoop-ozone/integration-test/target/test-dir/MiniOzoneClusterImpl-bb5f6a8d-8f39-43b4-baa3-4f9c3a5e14cf/datanode-2/data-0/containers/hdds
2022-08-04 23:31:41,960 [Listener at 127.0.0.1/46503] INFO  volume.MutableVolumeSet (MutableVolumeSet.java:initializeVolumeSet(174)) - Added Volume : /home/runner/work/ozone/ozone/hadoop-ozone/integration-test/target/test-dir/MiniOzoneClusterImpl-bb5f6a8d-8f39-43b4-baa3-4f9c3a5e14cf/datanode-2/data/ratis to VolumeSet
2022-08-04 23:31:41,960 [Listener at 127.0.0.1/46503] INFO  volume.ThrottledAsyncChecker (ThrottledAsyncChecker.java:schedule(141)) - Scheduling a check for /home/runner/work/ozone/ozone/hadoop-ozone/integration-test/target/test-dir/MiniOzoneClusterImpl-bb5f6a8d-8f39-43b4-baa3-4f9c3a5e14cf/datanode-2/data/ratis
2022-08-04 23:31:41,961 [Listener at 127.0.0.1/46503] INFO  volume.StorageVolumeChecker (StorageVolumeChecker.java:checkAllVolumes(202)) - Scheduled health check for volume /home/runner/work/ozone/ozone/hadoop-ozone/integration-test/target/test-dir/MiniOzoneClusterImpl-bb5f6a8d-8f39-43b4-baa3-4f9c3a5e14cf/datanode-2/data/ratis
2022-08-04 23:31:41,979 [Thread-991] INFO  ozoneimpl.ContainerReader (ContainerReader.java:readVolume(175)) - Finish verifying containers on volume /home/runner/work/ozone/ozone/hadoop-ozone/integration-test/target/test-dir/MiniOzoneClusterImpl-bb5f6a8d-8f39-43b4-baa3-4f9c3a5e14cf/datanode-2/data-0/containers/hdds
2022-08-04 23:31:41,979 [Listener at 127.0.0.1/46503] INFO  ozoneimpl.OzoneContainer (OzoneContainer.java:buildContainerSet(299)) - Build ContainerSet costs 0s
2022-08-04 23:31:41,981 [Listener at 127.0.0.1/46503] INFO  server.RaftServer (ConfUtils.java:logGet(46)) - raft.rpc.type = GRPC (default)
2022-08-04 23:31:41,981 [Listener at 127.0.0.1/46503] INFO  grpc.GrpcFactory (GrpcFactory.java:checkPooledByteBufAllocatorUseCacheForAllThreads(48)) - PERFORMANCE WARNING: useCacheForAllThreads is true that may cause Netty to create a lot garbage objects and, as a result, trigger GC.
	It is recommended to disable useCacheForAllThreads by setting -Dorg.apache.ratis.thirdparty.io.netty.allocator.useCacheForAllThreads=false in command line.
2022-08-04 23:31:41,981 [Listener at 127.0.0.1/46503] INFO  grpc.GrpcConfigKeys (ConfUtils.java:logGet(46)) - raft.grpc.admin.port = 0 (custom)
2022-08-04 23:31:41,982 [Listener at 127.0.0.1/46503] INFO  grpc.GrpcConfigKeys (ConfUtils.java:logGet(46)) - raft.grpc.client.port = 0 (custom)
2022-08-04 23:31:41,982 [Listener at 127.0.0.1/46503] INFO  grpc.GrpcConfigKeys (ConfUtils.java:logGet(46)) - raft.grpc.server.port = 0 (default)
2022-08-04 23:31:41,982 [Listener at 127.0.0.1/46503] INFO  server.GrpcService (ConfUtils.java:logGet(46)) - raft.grpc.message.size.max = 32MB (=33554432) (custom)
2022-08-04 23:31:41,982 [Listener at 127.0.0.1/46503] INFO  server.RaftServerConfigKeys (ConfUtils.java:logGet(46)) - raft.server.log.appender.buffer.byte-limit = 33554432 (custom)
2022-08-04 23:31:41,982 [Listener at 127.0.0.1/46503] INFO  server.GrpcService (ConfUtils.java:logGet(46)) - raft.grpc.flow.control.window = 5MB (=5242880) (custom)
2022-08-04 23:31:41,982 [Listener at 127.0.0.1/46503] INFO  server.RaftServerConfigKeys (ConfUtils.java:logGet(46)) - raft.server.rpc.request.timeout = 60s (custom)
2022-08-04 23:31:41,982 [Listener at 127.0.0.1/46503] INFO  grpc.GrpcConfigKeys (ConfUtils.java:logGet(46)) - raft.grpc.server.async.request.thread.pool.cached = true (default)
2022-08-04 23:31:41,982 [Listener at 127.0.0.1/46503] INFO  grpc.GrpcConfigKeys (ConfUtils.java:logGet(46)) - raft.grpc.server.async.request.thread.pool.size = 32 (default)
2022-08-04 23:31:41,983 [Listener at 127.0.0.1/46503] INFO  impl.DataStreamServerImpl (ConfUtils.java:logGet(46)) - raft.datastream.type = DISABLED (default)
2022-08-04 23:31:41,984 [Listener at 127.0.0.1/46503] INFO  server.RaftServerConfigKeys (ConfUtils.java:logGet(46)) - raft.server.threadpool.proxy.cached = true (default)
2022-08-04 23:31:41,984 [Listener at 127.0.0.1/46503] INFO  server.RaftServerConfigKeys (ConfUtils.java:logGet(46)) - raft.server.threadpool.proxy.size = 0 (default)
2022-08-04 23:31:41,984 [Listener at 127.0.0.1/46503] INFO  server.RaftServerConfigKeys (ConfUtils.java:logGet(46)) - raft.server.rpc.slowness.timeout = 300s (custom)
2022-08-04 23:31:41,984 [Listener at 127.0.0.1/46503] INFO  server.RaftServerConfigKeys (ConfUtils.java:logGet(46)) - raft.server.leaderelection.leader.step-down.wait-time = 10s (default)
2022-08-04 23:31:41,986 [Listener at 127.0.0.1/46503] INFO  server.RaftServerConfigKeys (ConfUtils.java:logGet(46)) - raft.server.storage.dir = [/home/runner/work/ozone/ozone/hadoop-ozone/integration-test/target/test-dir/MiniOzoneClusterImpl-bb5f6a8d-8f39-43b4-baa3-4f9c3a5e14cf/datanode-2/data/ratis] (custom)
2022-08-04 23:31:41,987 [Listener at 127.0.0.1/46503] INFO  server.XceiverServerGrpc (XceiverServerGrpc.java:<init>(132)) - GrpcServer channel type EpollServerSocketChannel
2022-08-04 23:31:41,990 [Listener at 127.0.0.1/46503] INFO  http.BaseHttpServer (BaseHttpServer.java:newHttpServer2BuilderForOzone(209)) - Starting Web-server for hddsDatanode at: http://0.0.0.0:0
2022-08-04 23:31:41,990 [Listener at 127.0.0.1/46503] INFO  http.BaseHttpServer (BaseHttpServer.java:<init>(107)) - Hadoop Security Enabled: false Ozone Security Enabled: false Ozone HTTP Security Enabled: false 
2022-08-04 23:31:41,991 [Listener at 127.0.0.1/46503] INFO  server.AuthenticationFilter (AuthenticationFilter.java:constructSecretProvider(240)) - Unable to initialize FileSignerSecretProvider, falling back to use random secrets.
2022-08-04 23:31:42,002 [Listener at 127.0.0.1/46503] WARN  http.HttpRequestLog (HttpRequestLog.java:getRequestLog(103)) - Jetty request log can only be enabled using Log4j
2022-08-04 23:31:42,003 [Listener at 127.0.0.1/46503] INFO  http.HttpServer2 (HttpServer2.java:addGlobalFilter(1029)) - Added global filter 'safety' (class=org.apache.hadoop.hdds.server.http.HttpServer2$QuotingInputFilter)
2022-08-04 23:31:42,004 [Listener at 127.0.0.1/46503] INFO  http.HttpServer2 (HttpServer2.java:addFilter(1005)) - Added filter static_user_filter (class=org.apache.hadoop.http.lib.StaticUserWebFilter$StaticUserFilter) to context hddsDatanode
2022-08-04 23:31:42,004 [Listener at 127.0.0.1/46503] INFO  http.HttpServer2 (HttpServer2.java:addFilter(1013)) - Added filter static_user_filter (class=org.apache.hadoop.http.lib.StaticUserWebFilter$StaticUserFilter) to context logs
2022-08-04 23:31:42,004 [Listener at 127.0.0.1/46503] INFO  http.HttpServer2 (HttpServer2.java:addFilter(1013)) - Added filter static_user_filter (class=org.apache.hadoop.http.lib.StaticUserWebFilter$StaticUserFilter) to context static
2022-08-04 23:31:42,005 [Listener at 127.0.0.1/46503] INFO  http.HttpServer2 (HttpServer2.java:bindListener(1248)) - Jetty bound to port 36263
2022-08-04 23:31:42,005 [Listener at 127.0.0.1/46503] INFO  server.Server (Server.java:doStart(375)) - jetty-9.4.43.v20210629; built: 2021-06-30T11:07:22.254Z; git: 526006ecfa3af7f1a27ef3a288e2bef7ea9dd7e8; jvm 1.8.0_332-b09
2022-08-04 23:31:42,052 [Listener at 127.0.0.1/46503] INFO  server.session (DefaultSessionIdManager.java:doStart(334)) - DefaultSessionIdManager workerName=node0
2022-08-04 23:31:42,052 [Listener at 127.0.0.1/46503] INFO  server.session (DefaultSessionIdManager.java:doStart(339)) - No SessionScavenger set, using defaults
2022-08-04 23:31:42,052 [Listener at 127.0.0.1/46503] INFO  server.session (HouseKeeper.java:startScavenging(132)) - node0 Scavenging every 660000ms
2022-08-04 23:31:42,053 [Listener at 127.0.0.1/46503] INFO  handler.ContextHandler (ContextHandler.java:doStart(915)) - Started o.e.j.s.ServletContextHandler@4cdb2c8d{logs,/logs,file:///home/runner/work/ozone/ozone/hadoop-ozone/integration-test/target/log,AVAILABLE}
2022-08-04 23:31:42,053 [Listener at 127.0.0.1/46503] INFO  handler.ContextHandler (ContextHandler.java:doStart(915)) - Started o.e.j.s.ServletContextHandler@1021a5dc{static,/static,jar:file:/home/runner/.m2/repository/org/apache/ozone/hdds-container-service/1.3.0-SNAPSHOT/hdds-container-service-1.3.0-SNAPSHOT.jar!/webapps/static,AVAILABLE}
2022-08-04 23:31:42,627 [EndpointStateMachine task thread for /0.0.0.0:35635 - 0 ] INFO  volume.HddsVolume (HddsVolume.java:createDbStore(309)) - SchemaV3 db is created and loaded at /home/runner/work/ozone/ozone/hadoop-ozone/integration-test/target/test-dir/MiniOzoneClusterImpl-bb5f6a8d-8f39-43b4-baa3-4f9c3a5e14cf/datanode-0/data-0/containers/hdds/bb5f6a8d-8f39-43b4-baa3-4f9c3a5e14cf/DS-02d7107f-063c-4d73-a266-909e31e11d03/container.db for volume DS-02d7107f-063c-4d73-a266-909e31e11d03
2022-08-04 23:31:42,651 [EndpointStateMachine task thread for /0.0.0.0:35635 - 0 ] INFO  volume.HddsVolume (HddsVolume.java:closeDbStore(340)) - SchemaV3 db is stopped at /home/runner/work/ozone/ozone/hadoop-ozone/integration-test/target/test-dir/MiniOzoneClusterImpl-bb5f6a8d-8f39-43b4-baa3-4f9c3a5e14cf/datanode-0/data-0/containers/hdds/bb5f6a8d-8f39-43b4-baa3-4f9c3a5e14cf/DS-02d7107f-063c-4d73-a266-909e31e11d03/container.db for volume DS-02d7107f-063c-4d73-a266-909e31e11d03
2022-08-04 23:31:42,652 [EndpointStateMachine task thread for /0.0.0.0:35635 - 0 ] INFO  ozoneimpl.OzoneContainer (OzoneContainer.java:start(377)) - Attempting to start container services.
2022-08-04 23:31:42,652 [EndpointStateMachine task thread for /0.0.0.0:35635 - 0 ] INFO  ozoneimpl.OzoneContainer (OzoneContainer.java:startContainerScrub(312)) - Background container scanner has been disabled.
2022-08-04 23:31:42,668 [EndpointStateMachine task thread for /0.0.0.0:35635 - 0 ] INFO  replication.ReplicationServer (ReplicationServer.java:start(111)) - ReplicationServer is started using port 35567
2022-08-04 23:31:42,671 [EndpointStateMachine task thread for /0.0.0.0:35635 - 0 ] INFO  ratis.XceiverServerRatis (XceiverServerRatis.java:start(481)) - Starting XceiverServerRatis e0f75b45-16fa-4273-b6f0-de8d2ea0717c
2022-08-04 23:31:42,681 [EndpointStateMachine task thread for /0.0.0.0:35635 - 0 ] INFO  server.RaftServer (RaftServerProxy.java:lambda$start$6(382)) - e0f75b45-16fa-4273-b6f0-de8d2ea0717c: start RPC server
2022-08-04 23:31:42,689 [EndpointStateMachine task thread for /0.0.0.0:35635 - 0 ] INFO  server.GrpcService (GrpcService.java:startImpl(260)) - e0f75b45-16fa-4273-b6f0-de8d2ea0717c: GrpcService started, listening on 43771
2022-08-04 23:31:42,690 [EndpointStateMachine task thread for /0.0.0.0:35635 - 0 ] INFO  ratis.XceiverServerRatis (XceiverServerRatis.java:getRealPort(502)) - XceiverServerRatis e0f75b45-16fa-4273-b6f0-de8d2ea0717c is started using port 43771 for RATIS
2022-08-04 23:31:42,690 [EndpointStateMachine task thread for /0.0.0.0:35635 - 0 ] INFO  ratis.XceiverServerRatis (XceiverServerRatis.java:getRealPort(502)) - XceiverServerRatis e0f75b45-16fa-4273-b6f0-de8d2ea0717c is started using port 43771 for RATIS_ADMIN
2022-08-04 23:31:42,690 [EndpointStateMachine task thread for /0.0.0.0:35635 - 0 ] INFO  ratis.XceiverServerRatis (XceiverServerRatis.java:getRealPort(502)) - XceiverServerRatis e0f75b45-16fa-4273-b6f0-de8d2ea0717c is started using port 43771 for RATIS_SERVER
2022-08-04 23:31:42,690 [org.apache.ratis.util.JvmPauseMonitor$$Lambda$682/1302746218@4280cd67] INFO  util.JvmPauseMonitor (JvmPauseMonitor.java:run(103)) - JvmPauseMonitor-e0f75b45-16fa-4273-b6f0-de8d2ea0717c: Started
2022-08-04 23:31:42,712 [EndpointStateMachine task thread for /0.0.0.0:35635 - 0 ] INFO  server.XceiverServerGrpc (XceiverServerGrpc.java:start(180)) - XceiverServerGrpc e0f75b45-16fa-4273-b6f0-de8d2ea0717c is started using port 37099
2022-08-04 23:31:42,773 [Listener at 127.0.0.1/46503] INFO  handler.ContextHandler (ContextHandler.java:doStart(915)) - Started o.e.j.w.WebAppContext@75b4d46d{hddsDatanode,/,file:///tmp/jetty-0_0_0_0-36263-hdds-container-service-1_3_0-SNAPSHOT_jar-_-any-2729950475267870488/webapp/,AVAILABLE}{jar:file:/home/runner/.m2/repository/org/apache/ozone/hdds-container-service/1.3.0-SNAPSHOT/hdds-container-service-1.3.0-SNAPSHOT.jar!/webapps/hddsDatanode}
2022-08-04 23:31:42,808 [Listener at 127.0.0.1/46503] INFO  server.AbstractConnector (AbstractConnector.java:doStart(331)) - Started ServerConnector@2c291483{HTTP/1.1, (http/1.1)}{0.0.0.0:36263}
2022-08-04 23:31:42,808 [Listener at 127.0.0.1/46503] INFO  server.Server (Server.java:doStart(415)) - Started @127802ms
2022-08-04 23:31:42,808 [Listener at 127.0.0.1/46503] WARN  impl.MetricsSystemImpl (MetricsSystemImpl.java:register(279)) - Sink prometheus already exists!
2022-08-04 23:31:42,809 [Listener at 127.0.0.1/46503] INFO  http.BaseHttpServer (BaseHttpServer.java:updateConnectorAddress(329)) - HTTP server of hddsDatanode listening at http://0.0.0.0:36263
2022-08-04 23:31:42,823 [Datanode State Machine Daemon Thread] INFO  statemachine.DatanodeStateMachine (DatanodeStateMachine.java:lambda$startDaemon$0(492)) - Ozone container server started.
2022-08-04 23:31:42,834 [Listener at 127.0.0.1/46503] INFO  ozone.MiniOzoneClusterImpl (MiniOzoneClusterImpl.java:lambda$waitForClusterToBeReady$0(216)) - Waiting for nodes to be ready. Got 0 of 3 DN Heartbeats.
2022-08-04 23:31:42,859 [Listener at 127.0.0.1/46503] INFO  ozone.MiniOzoneClusterImpl (MiniOzoneClusterImpl.java:lambda$waitForClusterToBeReady$0(219)) - Waiting for cluster to exit safe mode
2022-08-04 23:31:42,859 [Listener at 127.0.0.1/46503] INFO  ozone.MiniOzoneClusterImpl (MiniOzoneClusterImpl.java:lambda$waitForClusterToBeReady$0(221)) - SCM became leader
2022-08-04 23:31:42,851 [org.apache.hadoop.util.JvmPauseMonitor$Monitor@409bc7a] INFO  util.JvmPauseMonitor (JvmPauseMonitor.java:run(188)) - Starting JVM pause monitor
2022-08-04 23:31:42,885 [Datanode State Machine Task Thread - 0] INFO  datanode.InitDatanodeState (InitDatanodeState.java:persistContainerDatanodeDetails(138)) - DatanodeDetails is persisted to /home/runner/work/ozone/ozone/hadoop-ozone/integration-test/target/test-dir/MiniOzoneClusterImpl-bb5f6a8d-8f39-43b4-baa3-4f9c3a5e14cf/datanode-2/meta/datanode.id
2022-08-04 23:31:43,788 [EndpointStateMachine task thread for /0.0.0.0:35635 - 0 ] INFO  volume.HddsVolume (HddsVolume.java:createDbStore(309)) - SchemaV3 db is created and loaded at /home/runner/work/ozone/ozone/hadoop-ozone/integration-test/target/test-dir/MiniOzoneClusterImpl-bb5f6a8d-8f39-43b4-baa3-4f9c3a5e14cf/datanode-1/data-0/containers/hdds/bb5f6a8d-8f39-43b4-baa3-4f9c3a5e14cf/DS-735d384a-0dc6-4510-a091-70319e635abf/container.db for volume DS-735d384a-0dc6-4510-a091-70319e635abf
2022-08-04 23:31:43,801 [EndpointStateMachine task thread for /0.0.0.0:35635 - 0 ] INFO  volume.HddsVolume (HddsVolume.java:closeDbStore(340)) - SchemaV3 db is stopped at /home/runner/work/ozone/ozone/hadoop-ozone/integration-test/target/test-dir/MiniOzoneClusterImpl-bb5f6a8d-8f39-43b4-baa3-4f9c3a5e14cf/datanode-1/data-0/containers/hdds/bb5f6a8d-8f39-43b4-baa3-4f9c3a5e14cf/DS-735d384a-0dc6-4510-a091-70319e635abf/container.db for volume DS-735d384a-0dc6-4510-a091-70319e635abf
2022-08-04 23:31:43,801 [EndpointStateMachine task thread for /0.0.0.0:35635 - 0 ] INFO  ozoneimpl.OzoneContainer (OzoneContainer.java:start(377)) - Attempting to start container services.
2022-08-04 23:31:43,806 [EndpointStateMachine task thread for /0.0.0.0:35635 - 0 ] INFO  ozoneimpl.OzoneContainer (OzoneContainer.java:startContainerScrub(312)) - Background container scanner has been disabled.
2022-08-04 23:31:43,831 [EndpointStateMachine task thread for /0.0.0.0:35635 - 0 ] INFO  replication.ReplicationServer (ReplicationServer.java:start(111)) - ReplicationServer is started using port 39557
2022-08-04 23:31:43,832 [EndpointStateMachine task thread for /0.0.0.0:35635 - 0 ] INFO  ratis.XceiverServerRatis (XceiverServerRatis.java:start(481)) - Starting XceiverServerRatis fda7fb63-b703-4732-a633-14a9c7469eea
2022-08-04 23:31:43,836 [EndpointStateMachine task thread for /0.0.0.0:35635 - 0 ] INFO  server.RaftServer (RaftServerProxy.java:lambda$start$6(382)) - fda7fb63-b703-4732-a633-14a9c7469eea: start RPC server
2022-08-04 23:31:43,860 [Listener at 127.0.0.1/46503] INFO  ozone.MiniOzoneClusterImpl (MiniOzoneClusterImpl.java:lambda$waitForClusterToBeReady$0(216)) - Waiting for nodes to be ready. Got 0 of 3 DN Heartbeats.
2022-08-04 23:31:43,860 [Listener at 127.0.0.1/46503] INFO  ozone.MiniOzoneClusterImpl (MiniOzoneClusterImpl.java:lambda$waitForClusterToBeReady$0(219)) - Waiting for cluster to exit safe mode
2022-08-04 23:31:43,860 [Listener at 127.0.0.1/46503] INFO  ozone.MiniOzoneClusterImpl (MiniOzoneClusterImpl.java:lambda$waitForClusterToBeReady$0(221)) - SCM became leader
2022-08-04 23:31:43,860 [EndpointStateMachine task thread for /0.0.0.0:35635 - 0 ] INFO  server.GrpcService (GrpcService.java:startImpl(260)) - fda7fb63-b703-4732-a633-14a9c7469eea: GrpcService started, listening on 40943
2022-08-04 23:31:43,863 [EndpointStateMachine task thread for /0.0.0.0:35635 - 0 ] INFO  ratis.XceiverServerRatis (XceiverServerRatis.java:getRealPort(502)) - XceiverServerRatis fda7fb63-b703-4732-a633-14a9c7469eea is started using port 40943 for RATIS
2022-08-04 23:31:43,863 [EndpointStateMachine task thread for /0.0.0.0:35635 - 0 ] INFO  ratis.XceiverServerRatis (XceiverServerRatis.java:getRealPort(502)) - XceiverServerRatis fda7fb63-b703-4732-a633-14a9c7469eea is started using port 40943 for RATIS_ADMIN
2022-08-04 23:31:43,863 [EndpointStateMachine task thread for /0.0.0.0:35635 - 0 ] INFO  ratis.XceiverServerRatis (XceiverServerRatis.java:getRealPort(502)) - XceiverServerRatis fda7fb63-b703-4732-a633-14a9c7469eea is started using port 40943 for RATIS_SERVER
2022-08-04 23:31:43,863 [org.apache.ratis.util.JvmPauseMonitor$$Lambda$682/1302746218@5b57ce94] INFO  util.JvmPauseMonitor (JvmPauseMonitor.java:run(103)) - JvmPauseMonitor-fda7fb63-b703-4732-a633-14a9c7469eea: Started
2022-08-04 23:31:43,905 [EndpointStateMachine task thread for /0.0.0.0:35635 - 0 ] INFO  server.XceiverServerGrpc (XceiverServerGrpc.java:start(180)) - XceiverServerGrpc fda7fb63-b703-4732-a633-14a9c7469eea is started using port 33729
2022-08-04 23:31:44,438 [IPC Server handler 1 on default port 35635] INFO  net.NetworkTopologyImpl (NetworkTopologyImpl.java:add(112)) - Added a new node: /default-rack/e0f75b45-16fa-4273-b6f0-de8d2ea0717c
2022-08-04 23:31:44,438 [IPC Server handler 1 on default port 35635] INFO  node.SCMNodeManager (SCMNodeManager.java:register(397)) - Registered Data node : e0f75b45-16fa-4273-b6f0-de8d2ea0717c{ip: 10.1.0.37, host: fv-az241-597.bb25ywkzvhnelkltyshw0e441e.jx.internal.cloudapp.net, ports: [REPLICATION=35567, RATIS=43771, RATIS_ADMIN=43771, RATIS_SERVER=43771, STANDALONE=37099], networkLocation: /default-rack, certSerialId: null, persistedOpState: null, persistedOpStateExpiryEpochSec: 0}
2022-08-04 23:31:44,463 [EventQueue-NodeRegistrationContainerReportForDataNodeSafeModeRule] INFO  safemode.SCMSafeModeManager (DataNodeSafeModeRule.java:process(71)) - SCM in safe mode. 1 DataNodes registered, 3 required.
2022-08-04 23:31:44,464 [EventQueue-NodeRegistrationContainerReportForContainerSafeModeRule] INFO  safemode.SCMSafeModeManager (SCMSafeModeManager.java:validateSafeModeExitRules(204)) - ContainerSafeModeRule rule is successfully validated
2022-08-04 23:31:44,488 [EventQueue-NewNodeForNewNodeHandler] INFO  pipeline.BackgroundPipelineCreator (BackgroundPipelineCreator.java:notifyEventTriggered(276)) - trigger a one-shot run on RatisPipelineUtilsThread.
2022-08-04 23:31:44,489 [RatisPipelineUtilsThread - 0] INFO  pipeline.RatisPipelineProvider (RatisPipelineProvider.java:lambda$create$0(195)) - Sending CreatePipelineCommand for pipeline:PipelineID=31da318b-c780-4fb4-8962-79390b875f20 to datanode:e0f75b45-16fa-4273-b6f0-de8d2ea0717c
2022-08-04 23:31:44,490 [RatisPipelineUtilsThread - 0] INFO  pipeline.PipelineStateManagerImpl (PipelineStateManagerImpl.java:addPipeline(103)) - Created pipeline Pipeline[ Id: 31da318b-c780-4fb4-8962-79390b875f20, Nodes: e0f75b45-16fa-4273-b6f0-de8d2ea0717c{ip: 10.1.0.37, host: fv-az241-597.bb25ywkzvhnelkltyshw0e441e.jx.internal.cloudapp.net, ports: [REPLICATION=35567, RATIS=43771, RATIS_ADMIN=43771, RATIS_SERVER=43771, STANDALONE=37099], networkLocation: /default-rack, certSerialId: null, persistedOpState: IN_SERVICE, persistedOpStateExpiryEpochSec: 0}, ReplicationConfig: RATIS/ONE, State:ALLOCATED, leaderId:, CreationTimestamp2022-08-04T23:31:44.488Z[Etc/UTC]].
2022-08-04 23:31:44,508 [EventQueue-PipelineReportForOneReplicaPipelineSafeModeRule] INFO  safemode.SCMSafeModeManager (SCMSafeModeManager.java:validateSafeModeExitRules(204)) - AtleastOneDatanodeReportedRule rule is successfully validated
2022-08-04 23:31:44,860 [Listener at 127.0.0.1/46503] INFO  ozone.MiniOzoneClusterImpl (MiniOzoneClusterImpl.java:lambda$waitForClusterToBeReady$0(216)) - Waiting for nodes to be ready. Got 1 of 3 DN Heartbeats.
2022-08-04 23:31:44,860 [Listener at 127.0.0.1/46503] INFO  ozone.MiniOzoneClusterImpl (MiniOzoneClusterImpl.java:lambda$waitForClusterToBeReady$0(219)) - Waiting for cluster to exit safe mode
2022-08-04 23:31:44,860 [Listener at 127.0.0.1/46503] INFO  ozone.MiniOzoneClusterImpl (MiniOzoneClusterImpl.java:lambda$waitForClusterToBeReady$0(221)) - SCM became leader
2022-08-04 23:31:44,964 [EndpointStateMachine task thread for /0.0.0.0:35635 - 0 ] INFO  volume.HddsVolume (HddsVolume.java:createDbStore(309)) - SchemaV3 db is created and loaded at /home/runner/work/ozone/ozone/hadoop-ozone/integration-test/target/test-dir/MiniOzoneClusterImpl-bb5f6a8d-8f39-43b4-baa3-4f9c3a5e14cf/datanode-2/data-0/containers/hdds/bb5f6a8d-8f39-43b4-baa3-4f9c3a5e14cf/DS-15641ef1-0ac8-4eba-a6f4-3564d86a856e/container.db for volume DS-15641ef1-0ac8-4eba-a6f4-3564d86a856e
2022-08-04 23:31:44,971 [EndpointStateMachine task thread for /0.0.0.0:35635 - 0 ] INFO  volume.HddsVolume (HddsVolume.java:closeDbStore(340)) - SchemaV3 db is stopped at /home/runner/work/ozone/ozone/hadoop-ozone/integration-test/target/test-dir/MiniOzoneClusterImpl-bb5f6a8d-8f39-43b4-baa3-4f9c3a5e14cf/datanode-2/data-0/containers/hdds/bb5f6a8d-8f39-43b4-baa3-4f9c3a5e14cf/DS-15641ef1-0ac8-4eba-a6f4-3564d86a856e/container.db for volume DS-15641ef1-0ac8-4eba-a6f4-3564d86a856e
2022-08-04 23:31:44,972 [EndpointStateMachine task thread for /0.0.0.0:35635 - 0 ] INFO  ozoneimpl.OzoneContainer (OzoneContainer.java:start(377)) - Attempting to start container services.
2022-08-04 23:31:44,972 [EndpointStateMachine task thread for /0.0.0.0:35635 - 0 ] INFO  ozoneimpl.OzoneContainer (OzoneContainer.java:startContainerScrub(312)) - Background container scanner has been disabled.
2022-08-04 23:31:45,003 [EndpointStateMachine task thread for /0.0.0.0:35635 - 0 ] INFO  replication.ReplicationServer (ReplicationServer.java:start(111)) - ReplicationServer is started using port 46771
2022-08-04 23:31:45,004 [EndpointStateMachine task thread for /0.0.0.0:35635 - 0 ] INFO  ratis.XceiverServerRatis (XceiverServerRatis.java:start(481)) - Starting XceiverServerRatis 6f44e897-2412-4a44-a30b-6ce2110987da
2022-08-04 23:31:45,043 [EndpointStateMachine task thread for /0.0.0.0:35635 - 0 ] INFO  server.RaftServer (RaftServerProxy.java:lambda$start$6(382)) - 6f44e897-2412-4a44-a30b-6ce2110987da: start RPC server
2022-08-04 23:31:45,053 [EndpointStateMachine task thread for /0.0.0.0:35635 - 0 ] INFO  server.GrpcService (GrpcService.java:startImpl(260)) - 6f44e897-2412-4a44-a30b-6ce2110987da: GrpcService started, listening on 45047
2022-08-04 23:31:45,053 [EndpointStateMachine task thread for /0.0.0.0:35635 - 0 ] INFO  ratis.XceiverServerRatis (XceiverServerRatis.java:getRealPort(502)) - XceiverServerRatis 6f44e897-2412-4a44-a30b-6ce2110987da is started using port 45047 for RATIS
2022-08-04 23:31:45,053 [EndpointStateMachine task thread for /0.0.0.0:35635 - 0 ] INFO  ratis.XceiverServerRatis (XceiverServerRatis.java:getRealPort(502)) - XceiverServerRatis 6f44e897-2412-4a44-a30b-6ce2110987da is started using port 45047 for RATIS_ADMIN
2022-08-04 23:31:45,053 [EndpointStateMachine task thread for /0.0.0.0:35635 - 0 ] INFO  ratis.XceiverServerRatis (XceiverServerRatis.java:getRealPort(502)) - XceiverServerRatis 6f44e897-2412-4a44-a30b-6ce2110987da is started using port 45047 for RATIS_SERVER
2022-08-04 23:31:45,054 [org.apache.ratis.util.JvmPauseMonitor$$Lambda$682/1302746218@7666c39a] INFO  util.JvmPauseMonitor (JvmPauseMonitor.java:run(103)) - JvmPauseMonitor-6f44e897-2412-4a44-a30b-6ce2110987da: Started
2022-08-04 23:31:45,102 [EndpointStateMachine task thread for /0.0.0.0:35635 - 0 ] INFO  server.XceiverServerGrpc (XceiverServerGrpc.java:start(180)) - XceiverServerGrpc 6f44e897-2412-4a44-a30b-6ce2110987da is started using port 36311
2022-08-04 23:31:45,718 [IPC Server handler 0 on default port 35635] INFO  net.NetworkTopologyImpl (NetworkTopologyImpl.java:add(112)) - Added a new node: /default-rack/fda7fb63-b703-4732-a633-14a9c7469eea
2022-08-04 23:31:45,718 [IPC Server handler 0 on default port 35635] INFO  node.SCMNodeManager (SCMNodeManager.java:register(397)) - Registered Data node : fda7fb63-b703-4732-a633-14a9c7469eea{ip: 10.1.0.37, host: fv-az241-597.bb25ywkzvhnelkltyshw0e441e.jx.internal.cloudapp.net, ports: [REPLICATION=39557, RATIS=40943, RATIS_ADMIN=40943, RATIS_SERVER=40943, STANDALONE=33729], networkLocation: /default-rack, certSerialId: null, persistedOpState: null, persistedOpStateExpiryEpochSec: 0}
2022-08-04 23:31:45,718 [EventQueue-NewNodeForNewNodeHandler] INFO  pipeline.BackgroundPipelineCreator (BackgroundPipelineCreator.java:notifyEventTriggered(276)) - trigger a one-shot run on RatisPipelineUtilsThread.
2022-08-04 23:31:45,719 [EventQueue-NodeRegistrationContainerReportForDataNodeSafeModeRule] INFO  safemode.SCMSafeModeManager (DataNodeSafeModeRule.java:process(71)) - SCM in safe mode. 2 DataNodes registered, 3 required.
2022-08-04 23:31:45,721 [RatisPipelineUtilsThread - 0] INFO  pipeline.RatisPipelineProvider (RatisPipelineProvider.java:lambda$create$0(195)) - Sending CreatePipelineCommand for pipeline:PipelineID=a57ed692-5871-47a4-be8d-902c15a056b9 to datanode:fda7fb63-b703-4732-a633-14a9c7469eea
2022-08-04 23:31:45,722 [RatisPipelineUtilsThread - 0] INFO  pipeline.PipelineStateManagerImpl (PipelineStateManagerImpl.java:addPipeline(103)) - Created pipeline Pipeline[ Id: a57ed692-5871-47a4-be8d-902c15a056b9, Nodes: fda7fb63-b703-4732-a633-14a9c7469eea{ip: 10.1.0.37, host: fv-az241-597.bb25ywkzvhnelkltyshw0e441e.jx.internal.cloudapp.net, ports: [REPLICATION=39557, RATIS=40943, RATIS_ADMIN=40943, RATIS_SERVER=40943, STANDALONE=33729], networkLocation: /default-rack, certSerialId: null, persistedOpState: IN_SERVICE, persistedOpStateExpiryEpochSec: 0}, ReplicationConfig: RATIS/ONE, State:ALLOCATED, leaderId:, CreationTimestamp2022-08-04T23:31:45.721Z[Etc/UTC]].
2022-08-04 23:31:45,860 [Listener at 127.0.0.1/46503] INFO  ozone.MiniOzoneClusterImpl (MiniOzoneClusterImpl.java:lambda$waitForClusterToBeReady$0(216)) - Waiting for nodes to be ready. Got 2 of 3 DN Heartbeats.
2022-08-04 23:31:45,861 [Listener at 127.0.0.1/46503] INFO  ozone.MiniOzoneClusterImpl (MiniOzoneClusterImpl.java:lambda$waitForClusterToBeReady$0(219)) - Waiting for cluster to exit safe mode
2022-08-04 23:31:45,861 [Listener at 127.0.0.1/46503] INFO  ozone.MiniOzoneClusterImpl (MiniOzoneClusterImpl.java:lambda$waitForClusterToBeReady$0(221)) - SCM became leader
2022-08-04 23:31:46,854 [IPC Server handler 2 on default port 35635] INFO  net.NetworkTopologyImpl (NetworkTopologyImpl.java:add(112)) - Added a new node: /default-rack/6f44e897-2412-4a44-a30b-6ce2110987da
2022-08-04 23:31:46,854 [IPC Server handler 2 on default port 35635] INFO  node.SCMNodeManager (SCMNodeManager.java:register(397)) - Registered Data node : 6f44e897-2412-4a44-a30b-6ce2110987da{ip: 10.1.0.37, host: fv-az241-597.bb25ywkzvhnelkltyshw0e441e.jx.internal.cloudapp.net, ports: [REPLICATION=46771, RATIS=45047, RATIS_ADMIN=45047, RATIS_SERVER=45047, STANDALONE=36311], networkLocation: /default-rack, certSerialId: null, persistedOpState: null, persistedOpStateExpiryEpochSec: 0}
2022-08-04 23:31:46,854 [EventQueue-NewNodeForNewNodeHandler] INFO  pipeline.BackgroundPipelineCreator (BackgroundPipelineCreator.java:notifyEventTriggered(276)) - trigger a one-shot run on RatisPipelineUtilsThread.
2022-08-04 23:31:46,861 [Listener at 127.0.0.1/46503] INFO  ozone.MiniOzoneClusterImpl (MiniOzoneClusterImpl.java:lambda$waitForClusterToBeReady$0(216)) - Nodes are ready. Got 3 of 3 DN Heartbeats.
2022-08-04 23:31:46,861 [Listener at 127.0.0.1/46503] INFO  ozone.MiniOzoneClusterImpl (MiniOzoneClusterImpl.java:lambda$waitForClusterToBeReady$0(219)) - Waiting for cluster to exit safe mode
2022-08-04 23:31:46,861 [Listener at 127.0.0.1/46503] INFO  ozone.MiniOzoneClusterImpl (MiniOzoneClusterImpl.java:lambda$waitForClusterToBeReady$0(221)) - SCM became leader
2022-08-04 23:31:46,879 [RatisPipelineUtilsThread - 0] INFO  pipeline.RatisPipelineProvider (RatisPipelineProvider.java:lambda$create$0(195)) - Sending CreatePipelineCommand for pipeline:PipelineID=2857590a-f508-4f40-9d44-7caeb9e28e39 to datanode:6f44e897-2412-4a44-a30b-6ce2110987da
2022-08-04 23:31:46,879 [RatisPipelineUtilsThread - 0] INFO  pipeline.PipelineStateManagerImpl (PipelineStateManagerImpl.java:addPipeline(103)) - Created pipeline Pipeline[ Id: 2857590a-f508-4f40-9d44-7caeb9e28e39, Nodes: 6f44e897-2412-4a44-a30b-6ce2110987da{ip: 10.1.0.37, host: fv-az241-597.bb25ywkzvhnelkltyshw0e441e.jx.internal.cloudapp.net, ports: [REPLICATION=46771, RATIS=45047, RATIS_ADMIN=45047, RATIS_SERVER=45047, STANDALONE=36311], networkLocation: /default-rack, certSerialId: null, persistedOpState: IN_SERVICE, persistedOpStateExpiryEpochSec: 0}, ReplicationConfig: RATIS/ONE, State:ALLOCATED, leaderId:, CreationTimestamp2022-08-04T23:31:46.879Z[Etc/UTC]].
2022-08-04 23:31:46,904 [EventQueue-NodeRegistrationContainerReportForDataNodeSafeModeRule] INFO  safemode.SCMSafeModeManager (DataNodeSafeModeRule.java:process(71)) - SCM in safe mode. 3 DataNodes registered, 3 required.
2022-08-04 23:31:46,904 [EventQueue-NodeRegistrationContainerReportForDataNodeSafeModeRule] INFO  safemode.SCMSafeModeManager (SCMSafeModeManager.java:validateSafeModeExitRules(204)) - DataNodeSafeModeRule rule is successfully validated
2022-08-04 23:31:46,904 [EventQueue-NodeRegistrationContainerReportForDataNodeSafeModeRule] INFO  safemode.SCMSafeModeManager (SCMSafeModeManager.java:completePreCheck(233)) - All SCM safe mode pre check rules have passed
2022-08-04 23:31:46,904 [EventQueue-NodeRegistrationContainerReportForDataNodeSafeModeRule] WARN  events.EventQueue (EventQueue.java:fireEvent(216)) - No event handler registered for event TypedEvent{payloadType=SafeModeStatus, name='Safe mode status'}
2022-08-04 23:31:46,904 [EventQueue-NodeRegistrationContainerReportForDataNodeSafeModeRule] INFO  ha.SCMContext (SCMContext.java:updateSafeModeStatus(228)) - Update SafeModeStatus from SafeModeStatus{safeModeStatus=true, preCheckPassed=false} to SafeModeStatus{safeModeStatus=true, preCheckPassed=true}.
2022-08-04 23:31:46,904 [EventQueue-NodeRegistrationContainerReportForDataNodeSafeModeRule] INFO  pipeline.BackgroundPipelineCreator (BackgroundPipelineCreator.java:notifyEventTriggered(276)) - trigger a one-shot run on RatisPipelineUtilsThread.
2022-08-04 23:31:46,905 [RatisPipelineUtilsThread - 0] INFO  pipeline.RatisPipelineProvider (RatisPipelineProvider.java:lambda$create$0(195)) - Sending CreatePipelineCommand for pipeline:PipelineID=8eb89330-5c12-4996-82ca-b6602fdad2ce to datanode:6f44e897-2412-4a44-a30b-6ce2110987da
2022-08-04 23:31:46,905 [RatisPipelineUtilsThread - 0] INFO  pipeline.RatisPipelineProvider (RatisPipelineProvider.java:lambda$create$0(195)) - Sending CreatePipelineCommand for pipeline:PipelineID=8eb89330-5c12-4996-82ca-b6602fdad2ce to datanode:fda7fb63-b703-4732-a633-14a9c7469eea
2022-08-04 23:31:46,905 [RatisPipelineUtilsThread - 0] INFO  pipeline.RatisPipelineProvider (RatisPipelineProvider.java:lambda$create$0(195)) - Sending CreatePipelineCommand for pipeline:PipelineID=8eb89330-5c12-4996-82ca-b6602fdad2ce to datanode:e0f75b45-16fa-4273-b6f0-de8d2ea0717c
2022-08-04 23:31:46,905 [RatisPipelineUtilsThread - 0] INFO  pipeline.PipelineStateManagerImpl (PipelineStateManagerImpl.java:addPipeline(103)) - Created pipeline Pipeline[ Id: 8eb89330-5c12-4996-82ca-b6602fdad2ce, Nodes: 6f44e897-2412-4a44-a30b-6ce2110987da{ip: 10.1.0.37, host: fv-az241-597.bb25ywkzvhnelkltyshw0e441e.jx.internal.cloudapp.net, ports: [REPLICATION=46771, RATIS=45047, RATIS_ADMIN=45047, RATIS_SERVER=45047, STANDALONE=36311], networkLocation: /default-rack, certSerialId: null, persistedOpState: IN_SERVICE, persistedOpStateExpiryEpochSec: 0}fda7fb63-b703-4732-a633-14a9c7469eea{ip: 10.1.0.37, host: fv-az241-597.bb25ywkzvhnelkltyshw0e441e.jx.internal.cloudapp.net, ports: [REPLICATION=39557, RATIS=40943, RATIS_ADMIN=40943, RATIS_SERVER=40943, STANDALONE=33729], networkLocation: /default-rack, certSerialId: null, persistedOpState: IN_SERVICE, persistedOpStateExpiryEpochSec: 0}e0f75b45-16fa-4273-b6f0-de8d2ea0717c{ip: 10.1.0.37, host: fv-az241-597.bb25ywkzvhnelkltyshw0e441e.jx.internal.cloudapp.net, ports: [REPLICATION=35567, RATIS=43771, RATIS_ADMIN=43771, RATIS_SERVER=43771, STANDALONE=37099], networkLocation: /default-rack, certSerialId: null, persistedOpState: IN_SERVICE, persistedOpStateExpiryEpochSec: 0}, ReplicationConfig: RATIS/THREE, State:ALLOCATED, leaderId:, CreationTimestamp2022-08-04T23:31:46.905Z[Etc/UTC]].
2022-08-04 23:31:46,906 [RatisPipelineUtilsThread - 0] INFO  pipeline.RatisPipelineProvider (RatisPipelineProvider.java:lambda$create$0(195)) - Sending CreatePipelineCommand for pipeline:PipelineID=3b2e611b-4661-47d7-bb78-9d641dbd7ba7 to datanode:6f44e897-2412-4a44-a30b-6ce2110987da
2022-08-04 23:31:46,906 [RatisPipelineUtilsThread - 0] INFO  pipeline.RatisPipelineProvider (RatisPipelineProvider.java:lambda$create$0(195)) - Sending CreatePipelineCommand for pipeline:PipelineID=3b2e611b-4661-47d7-bb78-9d641dbd7ba7 to datanode:fda7fb63-b703-4732-a633-14a9c7469eea
2022-08-04 23:31:46,906 [RatisPipelineUtilsThread - 0] INFO  pipeline.RatisPipelineProvider (RatisPipelineProvider.java:lambda$create$0(195)) - Sending CreatePipelineCommand for pipeline:PipelineID=3b2e611b-4661-47d7-bb78-9d641dbd7ba7 to datanode:e0f75b45-16fa-4273-b6f0-de8d2ea0717c
2022-08-04 23:31:46,906 [RatisPipelineUtilsThread - 0] INFO  pipeline.PipelineStateManagerImpl (PipelineStateManagerImpl.java:addPipeline(103)) - Created pipeline Pipeline[ Id: 3b2e611b-4661-47d7-bb78-9d641dbd7ba7, Nodes: 6f44e897-2412-4a44-a30b-6ce2110987da{ip: 10.1.0.37, host: fv-az241-597.bb25ywkzvhnelkltyshw0e441e.jx.internal.cloudapp.net, ports: [REPLICATION=46771, RATIS=45047, RATIS_ADMIN=45047, RATIS_SERVER=45047, STANDALONE=36311], networkLocation: /default-rack, certSerialId: null, persistedOpState: IN_SERVICE, persistedOpStateExpiryEpochSec: 0}fda7fb63-b703-4732-a633-14a9c7469eea{ip: 10.1.0.37, host: fv-az241-597.bb25ywkzvhnelkltyshw0e441e.jx.internal.cloudapp.net, ports: [REPLICATION=39557, RATIS=40943, RATIS_ADMIN=40943, RATIS_SERVER=40943, STANDALONE=33729], networkLocation: /default-rack, certSerialId: null, persistedOpState: IN_SERVICE, persistedOpStateExpiryEpochSec: 0}e0f75b45-16fa-4273-b6f0-de8d2ea0717c{ip: 10.1.0.37, host: fv-az241-597.bb25ywkzvhnelkltyshw0e441e.jx.internal.cloudapp.net, ports: [REPLICATION=35567, RATIS=43771, RATIS_ADMIN=43771, RATIS_SERVER=43771, STANDALONE=37099], networkLocation: /default-rack, certSerialId: null, persistedOpState: IN_SERVICE, persistedOpStateExpiryEpochSec: 0}, ReplicationConfig: RATIS/THREE, State:ALLOCATED, leaderId:, CreationTimestamp2022-08-04T23:31:46.906Z[Etc/UTC]].
2022-08-04 23:31:46,906 [RatisPipelineUtilsThread - 0] INFO  pipeline.PipelineManagerImpl (PipelineManagerImpl.java:recordMetricsForPipeline(796)) - Pipeline: PipelineID=3b2e611b-4661-47d7-bb78-9d641dbd7ba7 contains same datanodes as previous pipelines: PipelineID=8eb89330-5c12-4996-82ca-b6602fdad2ce nodeIds: 6f44e897-2412-4a44-a30b-6ce2110987da, fda7fb63-b703-4732-a633-14a9c7469eea, e0f75b45-16fa-4273-b6f0-de8d2ea0717c
2022-08-04 23:31:47,352 [UnderReplicatedQueueThreadThread] INFO  replication.UnderReplicatedProcessor (UnderReplicatedProcessor.java:processAll(85)) - Processed 0 under replicated containers, failed processing 0
2022-08-04 23:31:47,360 [OverReplicatedQueueThreadThread] INFO  replication.OverReplicatedProcessor (OverReplicatedProcessor.java:processAll(83)) - Processed 0 over replicated containers, failed processing 0
2022-08-04 23:31:47,447 [Command processor thread] INFO  server.RaftServer (RaftServerProxy.java:addNew(96)) - e0f75b45-16fa-4273-b6f0-de8d2ea0717c: addNew group-79390B875F20:[e0f75b45-16fa-4273-b6f0-de8d2ea0717c|rpc:10.1.0.37:43771|priority:1] returns group-79390B875F20:java.util.concurrent.CompletableFuture@7b8087b2[Not completed]
2022-08-04 23:31:47,448 [pool-510-thread-1] INFO  server.RaftServer$Division (RaftServerImpl.java:<init>(190)) - e0f75b45-16fa-4273-b6f0-de8d2ea0717c: new RaftServerImpl for group-79390B875F20:[e0f75b45-16fa-4273-b6f0-de8d2ea0717c|rpc:10.1.0.37:43771|priority:1] with ContainerStateMachine:uninitialized
2022-08-04 23:31:47,448 [pool-510-thread-1] INFO  server.RaftServerConfigKeys (ConfUtils.java:logGet(46)) - raft.server.rpc.timeout.min = 5s (custom)
2022-08-04 23:31:47,448 [pool-510-thread-1] INFO  server.RaftServerConfigKeys (ConfUtils.java:logGet(46)) - raft.server.rpc.timeout.max = 5200ms (custom)
2022-08-04 23:31:47,448 [pool-510-thread-1] INFO  server.RaftServerConfigKeys (ConfUtils.java:logGet(46)) - raft.server.rpc.sleep.time = 25ms (default)
2022-08-04 23:31:47,448 [pool-510-thread-1] INFO  server.RaftServerConfigKeys (ConfUtils.java:logGet(46)) - raft.server.rpc.slowness.timeout = 300s (custom)
2022-08-04 23:31:47,448 [pool-510-thread-1] INFO  server.RaftServerConfigKeys (ConfUtils.java:logGet(46)) - raft.server.leaderelection.leader.step-down.wait-time = 10s (default)
2022-08-04 23:31:47,448 [pool-510-thread-1] INFO  server.RaftServerConfigKeys (ConfUtils.java:logGet(46)) - raft.server.sleep.deviation.threshold = 300ms (default)
2022-08-04 23:31:47,448 [pool-510-thread-1] INFO  server.RaftServer$Division (ServerState.java:<init>(107)) - e0f75b45-16fa-4273-b6f0-de8d2ea0717c@group-79390B875F20: ConfigurationManager, init=-1: [e0f75b45-16fa-4273-b6f0-de8d2ea0717c|rpc:10.1.0.37:43771|priority:1], old=null, confs=<EMPTY_MAP>
2022-08-04 23:31:47,449 [pool-510-thread-1] INFO  server.RaftServerConfigKeys (ConfUtils.java:logGet(46)) - raft.server.storage.dir = [/home/runner/work/ozone/ozone/hadoop-ozone/integration-test/target/test-dir/MiniOzoneClusterImpl-bb5f6a8d-8f39-43b4-baa3-4f9c3a5e14cf/datanode-0/data/ratis] (custom)
2022-08-04 23:31:47,449 [pool-510-thread-1] INFO  server.RaftServerConfigKeys (ConfUtils.java:logGet(46)) - raft.server.log.corruption.policy = EXCEPTION (default)
2022-08-04 23:31:47,449 [pool-510-thread-1] INFO  server.RaftServerConfigKeys (ConfUtils.java:logGet(46)) - raft.server.storage.free-space.min = 0MB (=0) (default)
2022-08-04 23:31:47,449 [pool-510-thread-1] INFO  storage.RaftStorageDirectory (RaftStorageDirectoryImpl.java:analyzeStorage(135)) - The storage directory /home/runner/work/ozone/ozone/hadoop-ozone/integration-test/target/test-dir/MiniOzoneClusterImpl-bb5f6a8d-8f39-43b4-baa3-4f9c3a5e14cf/datanode-0/data/ratis/31da318b-c780-4fb4-8962-79390b875f20 does not exist. Creating ...
2022-08-04 23:31:47,485 [pool-510-thread-1] INFO  storage.RaftStorageDirectory (RaftStorageDirectoryImpl.java:tryLock(230)) - Lock on /home/runner/work/ozone/ozone/hadoop-ozone/integration-test/target/test-dir/MiniOzoneClusterImpl-bb5f6a8d-8f39-43b4-baa3-4f9c3a5e14cf/datanode-0/data/ratis/31da318b-c780-4fb4-8962-79390b875f20/in_use.lock acquired by nodename 5725@fv-az241-597
2022-08-04 23:31:47,489 [pool-510-thread-1] INFO  storage.RaftStorage (RaftStorageImpl.java:format(89)) - Storage directory /home/runner/work/ozone/ozone/hadoop-ozone/integration-test/target/test-dir/MiniOzoneClusterImpl-bb5f6a8d-8f39-43b4-baa3-4f9c3a5e14cf/datanode-0/data/ratis/31da318b-c780-4fb4-8962-79390b875f20 has been successfully formatted.
2022-08-04 23:31:47,490 [pool-510-thread-1] INFO  ratis.ContainerStateMachine (ContainerStateMachine.java:loadSnapshot(236)) - group-79390B875F20: The snapshot info is null. Setting the last applied indexto:(t:0, i:~)
2022-08-04 23:31:47,490 [pool-510-thread-1] INFO  server.RaftServerConfigKeys (ConfUtils.java:logGet(46)) - raft.server.notification.no-leader.timeout = 300s (custom)
2022-08-04 23:31:47,490 [pool-510-thread-1] INFO  server.RaftServerConfigKeys (ConfUtils.java:logGet(46)) - raft.server.log.use.memory = false (default)
2022-08-04 23:31:47,491 [pool-510-thread-1] INFO  server.RaftServerConfigKeys (ConfUtils.java:logGet(46)) - raft.server.log.purge.gap = 1000000 (custom)
2022-08-04 23:31:47,491 [pool-510-thread-1] INFO  server.RaftServerConfigKeys (ConfUtils.java:logGet(46)) - raft.server.log.appender.buffer.byte-limit = 33554432 (custom)
2022-08-04 23:31:47,491 [pool-510-thread-1] INFO  server.RaftServerConfigKeys (ConfUtils.java:logGet(46)) - raft.server.log.statemachine.data.read.timeout = 1000ms (default)
2022-08-04 23:31:47,491 [pool-510-thread-1] INFO  server.RaftServerConfigKeys (ConfUtils.java:logGet(46)) - raft.server.log.segment.size.max = 1048576 (custom)
2022-08-04 23:31:47,492 [EventQueue-PipelineReportForPipelineReportHandler] INFO  pipeline.PipelineManagerImpl (PipelineManagerImpl.java:openPipeline(367)) - Pipeline Pipeline[ Id: 31da318b-c780-4fb4-8962-79390b875f20, Nodes: e0f75b45-16fa-4273-b6f0-de8d2ea0717c{ip: 10.1.0.37, host: fv-az241-597.bb25ywkzvhnelkltyshw0e441e.jx.internal.cloudapp.net, ports: [REPLICATION=35567, RATIS=43771, RATIS_ADMIN=43771, RATIS_SERVER=43771, STANDALONE=37099], networkLocation: /default-rack, certSerialId: null, persistedOpState: IN_SERVICE, persistedOpStateExpiryEpochSec: 0}, ReplicationConfig: RATIS/ONE, State:ALLOCATED, leaderId:e0f75b45-16fa-4273-b6f0-de8d2ea0717c, CreationTimestamp2022-08-04T23:31:44.488Z[Etc/UTC]] moved to OPEN state
2022-08-04 23:31:47,492 [pool-510-thread-1] INFO  server.RaftServerConfigKeys (ConfUtils.java:logGet(46)) - raft.server.log.segment.cache.num.max = 2 (custom)
2022-08-04 23:31:47,492 [pool-510-thread-1] INFO  server.RaftServerConfigKeys (ConfUtils.java:logGet(46)) - raft.server.log.segment.cache.size.max = 200MB (=209715200) (default)
2022-08-04 23:31:47,492 [pool-510-thread-1] INFO  segmented.SegmentedRaftLogWorker (SegmentedRaftLogWorker.java:<init>(187)) - new e0f75b45-16fa-4273-b6f0-de8d2ea0717c@group-79390B875F20-SegmentedRaftLogWorker for RaftStorageImpl:Storage Directory /home/runner/work/ozone/ozone/hadoop-ozone/integration-test/target/test-dir/MiniOzoneClusterImpl-bb5f6a8d-8f39-43b4-baa3-4f9c3a5e14cf/datanode-0/data/ratis/31da318b-c780-4fb4-8962-79390b875f20
2022-08-04 23:31:47,521 [pool-510-thread-1] INFO  server.RaftServerConfigKeys (ConfUtils.java:logGet(46)) - raft.server.log.queue.byte-limit = 4294967296 (custom)
2022-08-04 23:31:47,521 [pool-510-thread-1] INFO  server.RaftServerConfigKeys (ConfUtils.java:logGet(46)) - raft.server.log.queue.element-limit = 1024 (custom)
2022-08-04 23:31:47,521 [pool-510-thread-1] INFO  server.RaftServerConfigKeys (ConfUtils.java:logGet(46)) - raft.server.log.segment.size.max = 1048576 (custom)
2022-08-04 23:31:47,521 [pool-510-thread-1] INFO  server.RaftServerConfigKeys (ConfUtils.java:logGet(46)) - raft.server.log.preallocated.size = 16384 (custom)
2022-08-04 23:31:47,521 [pool-510-thread-1] INFO  server.RaftServerConfigKeys (ConfUtils.java:logGet(46)) - raft.server.log.force.sync.num = 128 (default)
2022-08-04 23:31:47,521 [pool-510-thread-1] INFO  server.RaftServerConfigKeys (ConfUtils.java:logGet(46)) - raft.server.log.statemachine.data.sync = true (default)
2022-08-04 23:31:47,521 [pool-510-thread-1] INFO  server.RaftServerConfigKeys (ConfUtils.java:logGet(46)) - raft.server.log.statemachine.data.sync.timeout = 10s (default)
2022-08-04 23:31:47,522 [pool-510-thread-1] INFO  server.RaftServerConfigKeys (ConfUtils.java:logGet(46)) - raft.server.log.statemachine.data.sync.timeout.retry = -1 (default)
2022-08-04 23:31:47,522 [pool-510-thread-1] INFO  server.RaftServerConfigKeys (ConfUtils.java:logGet(46)) - raft.server.log.write.buffer.size = 1048576 (custom)
2022-08-04 23:31:47,523 [pool-510-thread-1] INFO  server.RaftServerConfigKeys (ConfUtils.java:logGet(46)) - raft.server.log.unsafe-flush.enabled = false (default)
2022-08-04 23:31:47,523 [pool-510-thread-1] INFO  server.RaftServerConfigKeys (ConfUtils.java:logGet(46)) - raft.server.log.statemachine.data.caching.enabled = true (custom)
2022-08-04 23:31:47,523 [pool-510-thread-1] INFO  segmented.SegmentedRaftLogWorker (SegmentedRaftLogWorker.java:lambda$new$0(135)) - e0f75b45-16fa-4273-b6f0-de8d2ea0717c@group-79390B875F20-SegmentedRaftLogWorker: flushIndex: setUnconditionally 0 -> -1
2022-08-04 23:31:47,523 [EventQueue-OpenPipelineForHealthyPipelineSafeModeRule] INFO  safemode.SCMSafeModeManager (HealthyPipelineSafeModeRule.java:process(137)) - SCM in safe mode. Healthy pipelines reported count is 0, required healthy pipeline reported count is 1
2022-08-04 23:31:47,526 [pool-510-thread-1] INFO  segmented.SegmentedRaftLogWorker (SegmentedRaftLogWorker.java:lambda$new$0(135)) - e0f75b45-16fa-4273-b6f0-de8d2ea0717c@group-79390B875F20-SegmentedRaftLogWorker: safeCacheEvictIndex: setUnconditionally 0 -> -1
2022-08-04 23:31:47,535 [pool-510-thread-1] INFO  server.RaftServerConfigKeys (ConfUtils.java:logGet(46)) - raft.server.snapshot.auto.trigger.enabled = true (custom)
2022-08-04 23:31:47,535 [pool-510-thread-1] INFO  server.RaftServerConfigKeys (ConfUtils.java:logGet(46)) - raft.server.snapshot.auto.trigger.threshold = 10000 (custom)
2022-08-04 23:31:47,535 [pool-510-thread-1] INFO  server.RaftServerConfigKeys (ConfUtils.java:logGet(46)) - raft.server.snapshot.retention.file.num = 5 (custom)
2022-08-04 23:31:47,535 [pool-510-thread-1] INFO  server.RaftServerConfigKeys (ConfUtils.java:logGet(46)) - raft.server.log.purge.upto.snapshot.index = false (default)
2022-08-04 23:31:47,535 [pool-510-thread-1] INFO  server.RaftServerConfigKeys (ConfUtils.java:logGet(46)) - raft.server.retrycache.expirytime = 600000ms (custom)
2022-08-04 23:31:47,535 [pool-510-thread-1] INFO  server.RaftServerConfigKeys (ConfUtils.java:logGet(46)) - raft.server.retrycache.statistics.expirytime = 100μs (default)
2022-08-04 23:31:47,536 [pool-510-thread-1] INFO  server.RaftServerConfigKeys (ConfUtils.java:logGet(46)) - raft.server.log.appender.install.snapshot.enabled = false (custom)
2022-08-04 23:31:47,536 [pool-510-thread-1] INFO  server.RaftServerConfigKeys (ConfUtils.java:logGet(46)) - raft.server.threadpool.server.cached = true (default)
2022-08-04 23:31:47,537 [pool-510-thread-1] INFO  server.RaftServerConfigKeys (ConfUtils.java:logGet(46)) - raft.server.threadpool.server.size = 0 (default)
2022-08-04 23:31:47,537 [pool-510-thread-1] INFO  server.RaftServerConfigKeys (ConfUtils.java:logGet(46)) - raft.server.threadpool.client.cached = true (default)
2022-08-04 23:31:47,537 [pool-510-thread-1] INFO  server.RaftServerConfigKeys (ConfUtils.java:logGet(46)) - raft.server.threadpool.client.size = 0 (default)
2022-08-04 23:31:47,537 [pool-510-thread-1] INFO  server.RaftServer$Division (RaftServerImpl.java:start(310)) - e0f75b45-16fa-4273-b6f0-de8d2ea0717c@group-79390B875F20: start as a follower, conf=-1: [e0f75b45-16fa-4273-b6f0-de8d2ea0717c|rpc:10.1.0.37:43771|priority:1], old=null
2022-08-04 23:31:47,537 [pool-510-thread-1] INFO  server.RaftServer$Division (RaftServerImpl.java:setRole(299)) - e0f75b45-16fa-4273-b6f0-de8d2ea0717c@group-79390B875F20: changes role from      null to FOLLOWER at term 0 for startAsFollower
2022-08-04 23:31:47,537 [pool-510-thread-1] INFO  impl.RoleInfo (RoleInfo.java:updateAndGet(139)) - e0f75b45-16fa-4273-b6f0-de8d2ea0717c: start e0f75b45-16fa-4273-b6f0-de8d2ea0717c@group-79390B875F20-FollowerState
2022-08-04 23:31:47,543 [pool-510-thread-1] INFO  util.JmxRegister (JmxRegister.java:tryRegister(44)) - Successfully registered JMX Bean with object name Ratis:service=RaftServer,group=group-79390B875F20,id=e0f75b45-16fa-4273-b6f0-de8d2ea0717c
2022-08-04 23:31:47,551 [Command processor thread] INFO  ratis.XceiverServerRatis (XceiverServerRatis.java:addGroup(765)) - Created group PipelineID=31da318b-c780-4fb4-8962-79390b875f20
2022-08-04 23:31:47,551 [Command processor thread] INFO  commandhandler.CreatePipelineCommandHandler (CreatePipelineCommandHandler.java:handle(113)) - Created Pipeline RATIS ONE PipelineID=31da318b-c780-4fb4-8962-79390b875f20.
2022-08-04 23:31:47,551 [Command processor thread] INFO  server.RaftServer (RaftServerProxy.java:addNew(96)) - e0f75b45-16fa-4273-b6f0-de8d2ea0717c: addNew group-B6602FDAD2CE:[6f44e897-2412-4a44-a30b-6ce2110987da|rpc:10.1.0.37:45047|priority:0, fda7fb63-b703-4732-a633-14a9c7469eea|rpc:10.1.0.37:40943|priority:1, e0f75b45-16fa-4273-b6f0-de8d2ea0717c|rpc:10.1.0.37:43771|priority:0] returns group-B6602FDAD2CE:java.util.concurrent.CompletableFuture@7fbf1c1a[Not completed]
2022-08-04 23:31:47,552 [pool-510-thread-1] INFO  server.RaftServer$Division (RaftServerImpl.java:<init>(190)) - e0f75b45-16fa-4273-b6f0-de8d2ea0717c: new RaftServerImpl for group-B6602FDAD2CE:[6f44e897-2412-4a44-a30b-6ce2110987da|rpc:10.1.0.37:45047|priority:0, fda7fb63-b703-4732-a633-14a9c7469eea|rpc:10.1.0.37:40943|priority:1, e0f75b45-16fa-4273-b6f0-de8d2ea0717c|rpc:10.1.0.37:43771|priority:0] with ContainerStateMachine:uninitialized
2022-08-04 23:31:47,552 [pool-510-thread-1] INFO  server.RaftServerConfigKeys (ConfUtils.java:logGet(46)) - raft.server.rpc.timeout.min = 5s (custom)
2022-08-04 23:31:47,552 [pool-510-thread-1] INFO  server.RaftServerConfigKeys (ConfUtils.java:logGet(46)) - raft.server.rpc.timeout.max = 5200ms (custom)
2022-08-04 23:31:47,552 [pool-510-thread-1] INFO  server.RaftServerConfigKeys (ConfUtils.java:logGet(46)) - raft.server.rpc.sleep.time = 25ms (default)
2022-08-04 23:31:47,552 [pool-510-thread-1] INFO  server.RaftServerConfigKeys (ConfUtils.java:logGet(46)) - raft.server.rpc.slowness.timeout = 300s (custom)
2022-08-04 23:31:47,552 [pool-510-thread-1] INFO  server.RaftServerConfigKeys (ConfUtils.java:logGet(46)) - raft.server.leaderelection.leader.step-down.wait-time = 10s (default)
2022-08-04 23:31:47,552 [pool-510-thread-1] INFO  server.RaftServerConfigKeys (ConfUtils.java:logGet(46)) - raft.server.sleep.deviation.threshold = 300ms (default)
2022-08-04 23:31:47,552 [pool-510-thread-1] INFO  server.RaftServer$Division (ServerState.java:<init>(107)) - e0f75b45-16fa-4273-b6f0-de8d2ea0717c@group-B6602FDAD2CE: ConfigurationManager, init=-1: [6f44e897-2412-4a44-a30b-6ce2110987da|rpc:10.1.0.37:45047|priority:0, fda7fb63-b703-4732-a633-14a9c7469eea|rpc:10.1.0.37:40943|priority:1, e0f75b45-16fa-4273-b6f0-de8d2ea0717c|rpc:10.1.0.37:43771|priority:0], old=null, confs=<EMPTY_MAP>
2022-08-04 23:31:47,552 [pool-510-thread-1] INFO  server.RaftServerConfigKeys (ConfUtils.java:logGet(46)) - raft.server.storage.dir = [/home/runner/work/ozone/ozone/hadoop-ozone/integration-test/target/test-dir/MiniOzoneClusterImpl-bb5f6a8d-8f39-43b4-baa3-4f9c3a5e14cf/datanode-0/data/ratis] (custom)
2022-08-04 23:31:47,552 [pool-510-thread-1] INFO  server.RaftServerConfigKeys (ConfUtils.java:logGet(46)) - raft.server.log.corruption.policy = EXCEPTION (default)
2022-08-04 23:31:47,552 [pool-510-thread-1] INFO  server.RaftServerConfigKeys (ConfUtils.java:logGet(46)) - raft.server.storage.free-space.min = 0MB (=0) (default)
2022-08-04 23:31:47,553 [pool-510-thread-1] INFO  storage.RaftStorageDirectory (RaftStorageDirectoryImpl.java:analyzeStorage(135)) - The storage directory /home/runner/work/ozone/ozone/hadoop-ozone/integration-test/target/test-dir/MiniOzoneClusterImpl-bb5f6a8d-8f39-43b4-baa3-4f9c3a5e14cf/datanode-0/data/ratis/8eb89330-5c12-4996-82ca-b6602fdad2ce does not exist. Creating ...
2022-08-04 23:31:47,555 [pool-510-thread-1] INFO  storage.RaftStorageDirectory (RaftStorageDirectoryImpl.java:tryLock(230)) - Lock on /home/runner/work/ozone/ozone/hadoop-ozone/integration-test/target/test-dir/MiniOzoneClusterImpl-bb5f6a8d-8f39-43b4-baa3-4f9c3a5e14cf/datanode-0/data/ratis/8eb89330-5c12-4996-82ca-b6602fdad2ce/in_use.lock acquired by nodename 5725@fv-az241-597
2022-08-04 23:31:47,559 [pool-510-thread-1] INFO  storage.RaftStorage (RaftStorageImpl.java:format(89)) - Storage directory /home/runner/work/ozone/ozone/hadoop-ozone/integration-test/target/test-dir/MiniOzoneClusterImpl-bb5f6a8d-8f39-43b4-baa3-4f9c3a5e14cf/datanode-0/data/ratis/8eb89330-5c12-4996-82ca-b6602fdad2ce has been successfully formatted.
2022-08-04 23:31:47,560 [pool-510-thread-1] INFO  ratis.ContainerStateMachine (ContainerStateMachine.java:loadSnapshot(236)) - group-B6602FDAD2CE: The snapshot info is null. Setting the last applied indexto:(t:0, i:~)
2022-08-04 23:31:47,560 [pool-510-thread-1] INFO  server.RaftServerConfigKeys (ConfUtils.java:logGet(46)) - raft.server.notification.no-leader.timeout = 300s (custom)
2022-08-04 23:31:47,560 [pool-510-thread-1] INFO  server.RaftServerConfigKeys (ConfUtils.java:logGet(46)) - raft.server.log.use.memory = false (default)
2022-08-04 23:31:47,560 [pool-510-thread-1] INFO  server.RaftServerConfigKeys (ConfUtils.java:logGet(46)) - raft.server.log.purge.gap = 1000000 (custom)
2022-08-04 23:31:47,560 [pool-510-thread-1] INFO  server.RaftServerConfigKeys (ConfUtils.java:logGet(46)) - raft.server.log.appender.buffer.byte-limit = 33554432 (custom)
2022-08-04 23:31:47,560 [pool-510-thread-1] INFO  server.RaftServerConfigKeys (ConfUtils.java:logGet(46)) - raft.server.log.statemachine.data.read.timeout = 1000ms (default)
2022-08-04 23:31:47,561 [pool-510-thread-1] INFO  server.RaftServerConfigKeys (ConfUtils.java:logGet(46)) - raft.server.log.segment.size.max = 1048576 (custom)
2022-08-04 23:31:47,561 [EventQueue-OpenPipelineForHealthyPipelineSafeModeRule] INFO  safemode.SCMSafeModeManager (HealthyPipelineSafeModeRule.java:process(137)) - SCM in safe mode. Healthy pipelines reported count is 0, required healthy pipeline reported count is 1
2022-08-04 23:31:47,567 [pool-510-thread-1] INFO  server.RaftServerConfigKeys (ConfUtils.java:logGet(46)) - raft.server.log.segment.cache.num.max = 2 (custom)
2022-08-04 23:31:47,567 [pool-510-thread-1] INFO  server.RaftServerConfigKeys (ConfUtils.java:logGet(46)) - raft.server.log.segment.cache.size.max = 200MB (=209715200) (default)
2022-08-04 23:31:47,567 [pool-510-thread-1] INFO  segmented.SegmentedRaftLogWorker (SegmentedRaftLogWorker.java:<init>(187)) - new e0f75b45-16fa-4273-b6f0-de8d2ea0717c@group-B6602FDAD2CE-SegmentedRaftLogWorker for RaftStorageImpl:Storage Directory /home/runner/work/ozone/ozone/hadoop-ozone/integration-test/target/test-dir/MiniOzoneClusterImpl-bb5f6a8d-8f39-43b4-baa3-4f9c3a5e14cf/datanode-0/data/ratis/8eb89330-5c12-4996-82ca-b6602fdad2ce
2022-08-04 23:31:47,567 [pool-510-thread-1] INFO  server.RaftServerConfigKeys (ConfUtils.java:logGet(46)) - raft.server.log.queue.byte-limit = 4294967296 (custom)
2022-08-04 23:31:47,567 [pool-510-thread-1] INFO  server.RaftServerConfigKeys (ConfUtils.java:logGet(46)) - raft.server.log.queue.element-limit = 1024 (custom)
2022-08-04 23:31:47,567 [pool-510-thread-1] INFO  server.RaftServerConfigKeys (ConfUtils.java:logGet(46)) - raft.server.log.segment.size.max = 1048576 (custom)
2022-08-04 23:31:47,567 [pool-510-thread-1] INFO  server.RaftServerConfigKeys (ConfUtils.java:logGet(46)) - raft.server.log.preallocated.size = 16384 (custom)
2022-08-04 23:31:47,567 [pool-510-thread-1] INFO  server.RaftServerConfigKeys (ConfUtils.java:logGet(46)) - raft.server.log.force.sync.num = 128 (default)
2022-08-04 23:31:47,567 [pool-510-thread-1] INFO  server.RaftServerConfigKeys (ConfUtils.java:logGet(46)) - raft.server.log.statemachine.data.sync = true (default)
2022-08-04 23:31:47,567 [pool-510-thread-1] INFO  server.RaftServerConfigKeys (ConfUtils.java:logGet(46)) - raft.server.log.statemachine.data.sync.timeout = 10s (default)
2022-08-04 23:31:47,567 [pool-510-thread-1] INFO  server.RaftServerConfigKeys (ConfUtils.java:logGet(46)) - raft.server.log.statemachine.data.sync.timeout.retry = -1 (default)
2022-08-04 23:31:47,568 [pool-510-thread-1] INFO  server.RaftServerConfigKeys (ConfUtils.java:logGet(46)) - raft.server.log.write.buffer.size = 1048576 (custom)
2022-08-04 23:31:47,569 [pool-510-thread-1] INFO  server.RaftServerConfigKeys (ConfUtils.java:logGet(46)) - raft.server.log.unsafe-flush.enabled = false (default)
2022-08-04 23:31:47,569 [pool-510-thread-1] INFO  server.RaftServerConfigKeys (ConfUtils.java:logGet(46)) - raft.server.log.statemachine.data.caching.enabled = true (custom)
2022-08-04 23:31:47,569 [pool-510-thread-1] INFO  segmented.SegmentedRaftLogWorker (SegmentedRaftLogWorker.java:lambda$new$0(135)) - e0f75b45-16fa-4273-b6f0-de8d2ea0717c@group-B6602FDAD2CE-SegmentedRaftLogWorker: flushIndex: setUnconditionally 0 -> -1
2022-08-04 23:31:47,569 [pool-510-thread-1] INFO  segmented.SegmentedRaftLogWorker (SegmentedRaftLogWorker.java:lambda$new$0(135)) - e0f75b45-16fa-4273-b6f0-de8d2ea0717c@group-B6602FDAD2CE-SegmentedRaftLogWorker: safeCacheEvictIndex: setUnconditionally 0 -> -1
2022-08-04 23:31:47,587 [pool-510-thread-1] INFO  server.RaftServerConfigKeys (ConfUtils.java:logGet(46)) - raft.server.snapshot.auto.trigger.enabled = true (custom)
2022-08-04 23:31:47,587 [pool-510-thread-1] INFO  server.RaftServerConfigKeys (ConfUtils.java:logGet(46)) - raft.server.snapshot.auto.trigger.threshold = 10000 (custom)
2022-08-04 23:31:47,587 [pool-510-thread-1] INFO  server.RaftServerConfigKeys (ConfUtils.java:logGet(46)) - raft.server.snapshot.retention.file.num = 5 (custom)
2022-08-04 23:31:47,587 [pool-510-thread-1] INFO  server.RaftServerConfigKeys (ConfUtils.java:logGet(46)) - raft.server.log.purge.upto.snapshot.index = false (default)
2022-08-04 23:31:47,587 [pool-510-thread-1] INFO  server.RaftServerConfigKeys (ConfUtils.java:logGet(46)) - raft.server.retrycache.expirytime = 600000ms (custom)
2022-08-04 23:31:47,587 [pool-510-thread-1] INFO  server.RaftServerConfigKeys (ConfUtils.java:logGet(46)) - raft.server.retrycache.statistics.expirytime = 100μs (default)
2022-08-04 23:31:47,588 [pool-510-thread-1] INFO  server.RaftServerConfigKeys (ConfUtils.java:logGet(46)) - raft.server.log.appender.install.snapshot.enabled = false (custom)
2022-08-04 23:31:47,588 [pool-510-thread-1] INFO  server.RaftServerConfigKeys (ConfUtils.java:logGet(46)) - raft.server.threadpool.server.cached = true (default)
2022-08-04 23:31:47,588 [pool-510-thread-1] INFO  server.RaftServerConfigKeys (ConfUtils.java:logGet(46)) - raft.server.threadpool.server.size = 0 (default)
2022-08-04 23:31:47,588 [pool-510-thread-1] INFO  server.RaftServerConfigKeys (ConfUtils.java:logGet(46)) - raft.server.threadpool.client.cached = true (default)
2022-08-04 23:31:47,588 [pool-510-thread-1] INFO  server.RaftServerConfigKeys (ConfUtils.java:logGet(46)) - raft.server.threadpool.client.size = 0 (default)
2022-08-04 23:31:47,589 [pool-510-thread-1] INFO  server.RaftServer$Division (RaftServerImpl.java:start(310)) - e0f75b45-16fa-4273-b6f0-de8d2ea0717c@group-B6602FDAD2CE: start as a follower, conf=-1: [6f44e897-2412-4a44-a30b-6ce2110987da|rpc:10.1.0.37:45047|priority:0, fda7fb63-b703-4732-a633-14a9c7469eea|rpc:10.1.0.37:40943|priority:1, e0f75b45-16fa-4273-b6f0-de8d2ea0717c|rpc:10.1.0.37:43771|priority:0], old=null
2022-08-04 23:31:47,589 [pool-510-thread-1] INFO  server.RaftServer$Division (RaftServerImpl.java:setRole(299)) - e0f75b45-16fa-4273-b6f0-de8d2ea0717c@group-B6602FDAD2CE: changes role from      null to FOLLOWER at term 0 for startAsFollower
2022-08-04 23:31:47,589 [pool-510-thread-1] INFO  impl.RoleInfo (RoleInfo.java:updateAndGet(139)) - e0f75b45-16fa-4273-b6f0-de8d2ea0717c: start e0f75b45-16fa-4273-b6f0-de8d2ea0717c@group-B6602FDAD2CE-FollowerState
2022-08-04 23:31:47,603 [pool-510-thread-1] INFO  util.JmxRegister (JmxRegister.java:tryRegister(44)) - Successfully registered JMX Bean with object name Ratis:service=RaftServer,group=group-B6602FDAD2CE,id=e0f75b45-16fa-4273-b6f0-de8d2ea0717c
2022-08-04 23:31:47,615 [Command processor thread] INFO  ratis.XceiverServerRatis (XceiverServerRatis.java:addGroup(765)) - Created group PipelineID=8eb89330-5c12-4996-82ca-b6602fdad2ce
2022-08-04 23:31:47,709 [grpc-default-executor-0] INFO  server.RaftServer (RaftServerProxy.java:addNew(96)) - 6f44e897-2412-4a44-a30b-6ce2110987da: addNew group-B6602FDAD2CE:[6f44e897-2412-4a44-a30b-6ce2110987da|rpc:10.1.0.37:45047|dataStream:|priority:0, fda7fb63-b703-4732-a633-14a9c7469eea|rpc:10.1.0.37:40943|dataStream:|priority:1, e0f75b45-16fa-4273-b6f0-de8d2ea0717c|rpc:10.1.0.37:43771|dataStream:|priority:0] returns group-B6602FDAD2CE:java.util.concurrent.CompletableFuture@7cd49190[Not completed]
2022-08-04 23:31:47,715 [pool-556-thread-1] INFO  server.RaftServer$Division (RaftServerImpl.java:<init>(190)) - 6f44e897-2412-4a44-a30b-6ce2110987da: new RaftServerImpl for group-B6602FDAD2CE:[6f44e897-2412-4a44-a30b-6ce2110987da|rpc:10.1.0.37:45047|dataStream:|priority:0, fda7fb63-b703-4732-a633-14a9c7469eea|rpc:10.1.0.37:40943|dataStream:|priority:1, e0f75b45-16fa-4273-b6f0-de8d2ea0717c|rpc:10.1.0.37:43771|dataStream:|priority:0] with ContainerStateMachine:uninitialized
2022-08-04 23:31:47,715 [pool-556-thread-1] INFO  server.RaftServerConfigKeys (ConfUtils.java:logGet(46)) - raft.server.rpc.timeout.min = 5s (custom)
2022-08-04 23:31:47,715 [pool-556-thread-1] INFO  server.RaftServerConfigKeys (ConfUtils.java:logGet(46)) - raft.server.rpc.timeout.max = 5200ms (custom)
2022-08-04 23:31:47,715 [pool-556-thread-1] INFO  server.RaftServerConfigKeys (ConfUtils.java:logGet(46)) - raft.server.rpc.sleep.time = 25ms (default)
2022-08-04 23:31:47,715 [pool-556-thread-1] INFO  server.RaftServerConfigKeys (ConfUtils.java:logGet(46)) - raft.server.rpc.slowness.timeout = 300s (custom)
2022-08-04 23:31:47,715 [pool-556-thread-1] INFO  server.RaftServerConfigKeys (ConfUtils.java:logGet(46)) - raft.server.leaderelection.leader.step-down.wait-time = 10s (default)
2022-08-04 23:31:47,715 [pool-556-thread-1] INFO  server.RaftServerConfigKeys (ConfUtils.java:logGet(46)) - raft.server.sleep.deviation.threshold = 300ms (default)
2022-08-04 23:31:47,715 [pool-556-thread-1] INFO  server.RaftServer$Division (ServerState.java:<init>(107)) - 6f44e897-2412-4a44-a30b-6ce2110987da@group-B6602FDAD2CE: ConfigurationManager, init=-1: [6f44e897-2412-4a44-a30b-6ce2110987da|rpc:10.1.0.37:45047|dataStream:|priority:0, fda7fb63-b703-4732-a633-14a9c7469eea|rpc:10.1.0.37:40943|dataStream:|priority:1, e0f75b45-16fa-4273-b6f0-de8d2ea0717c|rpc:10.1.0.37:43771|dataStream:|priority:0], old=null, confs=<EMPTY_MAP>
2022-08-04 23:31:47,715 [pool-556-thread-1] INFO  server.RaftServerConfigKeys (ConfUtils.java:logGet(46)) - raft.server.storage.dir = [/home/runner/work/ozone/ozone/hadoop-ozone/integration-test/target/test-dir/MiniOzoneClusterImpl-bb5f6a8d-8f39-43b4-baa3-4f9c3a5e14cf/datanode-2/data/ratis] (custom)
2022-08-04 23:31:47,715 [pool-556-thread-1] INFO  server.RaftServerConfigKeys (ConfUtils.java:logGet(46)) - raft.server.log.corruption.policy = EXCEPTION (default)
2022-08-04 23:31:47,715 [pool-556-thread-1] INFO  server.RaftServerConfigKeys (ConfUtils.java:logGet(46)) - raft.server.storage.free-space.min = 0MB (=0) (default)
2022-08-04 23:31:47,715 [pool-556-thread-1] INFO  storage.RaftStorageDirectory (RaftStorageDirectoryImpl.java:analyzeStorage(135)) - The storage directory /home/runner/work/ozone/ozone/hadoop-ozone/integration-test/target/test-dir/MiniOzoneClusterImpl-bb5f6a8d-8f39-43b4-baa3-4f9c3a5e14cf/datanode-2/data/ratis/8eb89330-5c12-4996-82ca-b6602fdad2ce does not exist. Creating ...
2022-08-04 23:31:47,716 [pool-556-thread-1] INFO  storage.RaftStorageDirectory (RaftStorageDirectoryImpl.java:tryLock(230)) - Lock on /home/runner/work/ozone/ozone/hadoop-ozone/integration-test/target/test-dir/MiniOzoneClusterImpl-bb5f6a8d-8f39-43b4-baa3-4f9c3a5e14cf/datanode-2/data/ratis/8eb89330-5c12-4996-82ca-b6602fdad2ce/in_use.lock acquired by nodename 5725@fv-az241-597
2022-08-04 23:31:47,723 [pool-556-thread-1] INFO  storage.RaftStorage (RaftStorageImpl.java:format(89)) - Storage directory /home/runner/work/ozone/ozone/hadoop-ozone/integration-test/target/test-dir/MiniOzoneClusterImpl-bb5f6a8d-8f39-43b4-baa3-4f9c3a5e14cf/datanode-2/data/ratis/8eb89330-5c12-4996-82ca-b6602fdad2ce has been successfully formatted.
2022-08-04 23:31:47,723 [pool-556-thread-1] INFO  ratis.ContainerStateMachine (ContainerStateMachine.java:loadSnapshot(236)) - group-B6602FDAD2CE: The snapshot info is null. Setting the last applied indexto:(t:0, i:~)
2022-08-04 23:31:47,747 [pool-556-thread-1] INFO  server.RaftServerConfigKeys (ConfUtils.java:logGet(46)) - raft.server.notification.no-leader.timeout = 300s (custom)
2022-08-04 23:31:47,747 [pool-556-thread-1] INFO  server.RaftServerConfigKeys (ConfUtils.java:logGet(46)) - raft.server.log.use.memory = false (default)
2022-08-04 23:31:47,747 [pool-556-thread-1] INFO  server.RaftServerConfigKeys (ConfUtils.java:logGet(46)) - raft.server.log.purge.gap = 1000000 (custom)
2022-08-04 23:31:47,747 [pool-556-thread-1] INFO  server.RaftServerConfigKeys (ConfUtils.java:logGet(46)) - raft.server.log.appender.buffer.byte-limit = 33554432 (custom)
2022-08-04 23:31:47,747 [pool-556-thread-1] INFO  server.RaftServerConfigKeys (ConfUtils.java:logGet(46)) - raft.server.log.statemachine.data.read.timeout = 1000ms (default)
2022-08-04 23:31:47,748 [pool-556-thread-1] INFO  server.RaftServerConfigKeys (ConfUtils.java:logGet(46)) - raft.server.log.segment.size.max = 1048576 (custom)
2022-08-04 23:31:47,748 [pool-556-thread-1] INFO  server.RaftServerConfigKeys (ConfUtils.java:logGet(46)) - raft.server.log.segment.cache.num.max = 2 (custom)
2022-08-04 23:31:47,748 [pool-556-thread-1] INFO  server.RaftServerConfigKeys (ConfUtils.java:logGet(46)) - raft.server.log.segment.cache.size.max = 200MB (=209715200) (default)
2022-08-04 23:31:47,748 [pool-556-thread-1] INFO  segmented.SegmentedRaftLogWorker (SegmentedRaftLogWorker.java:<init>(187)) - new 6f44e897-2412-4a44-a30b-6ce2110987da@group-B6602FDAD2CE-SegmentedRaftLogWorker for RaftStorageImpl:Storage Directory /home/runner/work/ozone/ozone/hadoop-ozone/integration-test/target/test-dir/MiniOzoneClusterImpl-bb5f6a8d-8f39-43b4-baa3-4f9c3a5e14cf/datanode-2/data/ratis/8eb89330-5c12-4996-82ca-b6602fdad2ce
2022-08-04 23:31:47,748 [pool-556-thread-1] INFO  server.RaftServerConfigKeys (ConfUtils.java:logGet(46)) - raft.server.log.queue.byte-limit = 4294967296 (custom)
2022-08-04 23:31:47,748 [pool-556-thread-1] INFO  server.RaftServerConfigKeys (ConfUtils.java:logGet(46)) - raft.server.log.queue.element-limit = 1024 (custom)
2022-08-04 23:31:47,748 [pool-556-thread-1] INFO  server.RaftServerConfigKeys (ConfUtils.java:logGet(46)) - raft.server.log.segment.size.max = 1048576 (custom)
2022-08-04 23:31:47,748 [pool-556-thread-1] INFO  server.RaftServerConfigKeys (ConfUtils.java:logGet(46)) - raft.server.log.preallocated.size = 16384 (custom)
2022-08-04 23:31:47,748 [pool-556-thread-1] INFO  server.RaftServerConfigKeys (ConfUtils.java:logGet(46)) - raft.server.log.force.sync.num = 128 (default)
2022-08-04 23:31:47,748 [pool-556-thread-1] INFO  server.RaftServerConfigKeys (ConfUtils.java:logGet(46)) - raft.server.log.statemachine.data.sync = true (default)
2022-08-04 23:31:47,748 [pool-556-thread-1] INFO  server.RaftServerConfigKeys (ConfUtils.java:logGet(46)) - raft.server.log.statemachine.data.sync.timeout = 10s (default)
2022-08-04 23:31:47,748 [pool-556-thread-1] INFO  server.RaftServerConfigKeys (ConfUtils.java:logGet(46)) - raft.server.log.statemachine.data.sync.timeout.retry = -1 (default)
2022-08-04 23:31:47,749 [pool-556-thread-1] INFO  server.RaftServerConfigKeys (ConfUtils.java:logGet(46)) - raft.server.log.write.buffer.size = 1048576 (custom)
2022-08-04 23:31:47,750 [pool-556-thread-1] INFO  server.RaftServerConfigKeys (ConfUtils.java:logGet(46)) - raft.server.log.unsafe-flush.enabled = false (default)
2022-08-04 23:31:47,750 [pool-556-thread-1] INFO  server.RaftServerConfigKeys (ConfUtils.java:logGet(46)) - raft.server.log.statemachine.data.caching.enabled = true (custom)
2022-08-04 23:31:47,750 [pool-556-thread-1] INFO  segmented.SegmentedRaftLogWorker (SegmentedRaftLogWorker.java:lambda$new$0(135)) - 6f44e897-2412-4a44-a30b-6ce2110987da@group-B6602FDAD2CE-SegmentedRaftLogWorker: flushIndex: setUnconditionally 0 -> -1
2022-08-04 23:31:47,750 [pool-556-thread-1] INFO  segmented.SegmentedRaftLogWorker (SegmentedRaftLogWorker.java:lambda$new$0(135)) - 6f44e897-2412-4a44-a30b-6ce2110987da@group-B6602FDAD2CE-SegmentedRaftLogWorker: safeCacheEvictIndex: setUnconditionally 0 -> -1
2022-08-04 23:31:47,755 [pool-556-thread-1] INFO  server.RaftServerConfigKeys (ConfUtils.java:logGet(46)) - raft.server.snapshot.auto.trigger.enabled = true (custom)
2022-08-04 23:31:47,755 [pool-556-thread-1] INFO  server.RaftServerConfigKeys (ConfUtils.java:logGet(46)) - raft.server.snapshot.auto.trigger.threshold = 10000 (custom)
2022-08-04 23:31:47,755 [pool-556-thread-1] INFO  server.RaftServerConfigKeys (ConfUtils.java:logGet(46)) - raft.server.snapshot.retention.file.num = 5 (custom)
2022-08-04 23:31:47,755 [pool-556-thread-1] INFO  server.RaftServerConfigKeys (ConfUtils.java:logGet(46)) - raft.server.log.purge.upto.snapshot.index = false (default)
2022-08-04 23:31:47,755 [pool-556-thread-1] INFO  server.RaftServerConfigKeys (ConfUtils.java:logGet(46)) - raft.server.retrycache.expirytime = 600000ms (custom)
2022-08-04 23:31:47,755 [pool-556-thread-1] INFO  server.RaftServerConfigKeys (ConfUtils.java:logGet(46)) - raft.server.retrycache.statistics.expirytime = 100μs (default)
2022-08-04 23:31:47,764 [pool-556-thread-1] INFO  server.RaftServerConfigKeys (ConfUtils.java:logGet(46)) - raft.server.log.appender.install.snapshot.enabled = false (custom)
2022-08-04 23:31:47,764 [pool-556-thread-1] INFO  server.RaftServerConfigKeys (ConfUtils.java:logGet(46)) - raft.server.threadpool.server.cached = true (default)
2022-08-04 23:31:47,764 [pool-556-thread-1] INFO  server.RaftServerConfigKeys (ConfUtils.java:logGet(46)) - raft.server.threadpool.server.size = 0 (default)
2022-08-04 23:31:47,764 [pool-556-thread-1] INFO  server.RaftServerConfigKeys (ConfUtils.java:logGet(46)) - raft.server.threadpool.client.cached = true (default)
2022-08-04 23:31:47,764 [pool-556-thread-1] INFO  server.RaftServerConfigKeys (ConfUtils.java:logGet(46)) - raft.server.threadpool.client.size = 0 (default)
2022-08-04 23:31:47,764 [pool-556-thread-1] INFO  server.RaftServer$Division (RaftServerImpl.java:start(310)) - 6f44e897-2412-4a44-a30b-6ce2110987da@group-B6602FDAD2CE: start as a follower, conf=-1: [6f44e897-2412-4a44-a30b-6ce2110987da|rpc:10.1.0.37:45047|dataStream:|priority:0, fda7fb63-b703-4732-a633-14a9c7469eea|rpc:10.1.0.37:40943|dataStream:|priority:1, e0f75b45-16fa-4273-b6f0-de8d2ea0717c|rpc:10.1.0.37:43771|dataStream:|priority:0], old=null
2022-08-04 23:31:47,764 [pool-556-thread-1] INFO  server.RaftServer$Division (RaftServerImpl.java:setRole(299)) - 6f44e897-2412-4a44-a30b-6ce2110987da@group-B6602FDAD2CE: changes role from      null to FOLLOWER at term 0 for startAsFollower
2022-08-04 23:31:47,764 [pool-556-thread-1] INFO  impl.RoleInfo (RoleInfo.java:updateAndGet(139)) - 6f44e897-2412-4a44-a30b-6ce2110987da: start 6f44e897-2412-4a44-a30b-6ce2110987da@group-B6602FDAD2CE-FollowerState
2022-08-04 23:31:47,796 [pool-556-thread-1] INFO  util.JmxRegister (JmxRegister.java:tryRegister(44)) - Successfully registered JMX Bean with object name Ratis:service=RaftServer,group=group-B6602FDAD2CE,id=6f44e897-2412-4a44-a30b-6ce2110987da
2022-08-04 23:31:47,851 [Command processor thread] INFO  server.RaftServer (RaftServerProxy.java:addNew(96)) - 6f44e897-2412-4a44-a30b-6ce2110987da: addNew group-7CAEB9E28E39:[6f44e897-2412-4a44-a30b-6ce2110987da|rpc:10.1.0.37:45047|priority:1] returns group-7CAEB9E28E39:java.util.concurrent.CompletableFuture@31aa4da[Not completed]
2022-08-04 23:31:47,852 [pool-556-thread-1] INFO  server.RaftServer$Division (RaftServerImpl.java:<init>(190)) - 6f44e897-2412-4a44-a30b-6ce2110987da: new RaftServerImpl for group-7CAEB9E28E39:[6f44e897-2412-4a44-a30b-6ce2110987da|rpc:10.1.0.37:45047|priority:1] with ContainerStateMachine:uninitialized
2022-08-04 23:31:47,852 [pool-556-thread-1] INFO  server.RaftServerConfigKeys (ConfUtils.java:logGet(46)) - raft.server.rpc.timeout.min = 5s (custom)
2022-08-04 23:31:47,852 [pool-556-thread-1] INFO  server.RaftServerConfigKeys (ConfUtils.java:logGet(46)) - raft.server.rpc.timeout.max = 5200ms (custom)
2022-08-04 23:31:47,852 [pool-556-thread-1] INFO  server.RaftServerConfigKeys (ConfUtils.java:logGet(46)) - raft.server.rpc.sleep.time = 25ms (default)
2022-08-04 23:31:47,852 [pool-556-thread-1] INFO  server.RaftServerConfigKeys (ConfUtils.java:logGet(46)) - raft.server.rpc.slowness.timeout = 300s (custom)
2022-08-04 23:31:47,852 [pool-556-thread-1] INFO  server.RaftServerConfigKeys (ConfUtils.java:logGet(46)) - raft.server.leaderelection.leader.step-down.wait-time = 10s (default)
2022-08-04 23:31:47,852 [pool-556-thread-1] INFO  server.RaftServerConfigKeys (ConfUtils.java:logGet(46)) - raft.server.sleep.deviation.threshold = 300ms (default)
2022-08-04 23:31:47,852 [pool-556-thread-1] INFO  server.RaftServer$Division (ServerState.java:<init>(107)) - 6f44e897-2412-4a44-a30b-6ce2110987da@group-7CAEB9E28E39: ConfigurationManager, init=-1: [6f44e897-2412-4a44-a30b-6ce2110987da|rpc:10.1.0.37:45047|priority:1], old=null, confs=<EMPTY_MAP>
2022-08-04 23:31:47,852 [pool-556-thread-1] INFO  server.RaftServerConfigKeys (ConfUtils.java:logGet(46)) - raft.server.storage.dir = [/home/runner/work/ozone/ozone/hadoop-ozone/integration-test/target/test-dir/MiniOzoneClusterImpl-bb5f6a8d-8f39-43b4-baa3-4f9c3a5e14cf/datanode-2/data/ratis] (custom)
2022-08-04 23:31:47,853 [pool-556-thread-1] INFO  server.RaftServerConfigKeys (ConfUtils.java:logGet(46)) - raft.server.log.corruption.policy = EXCEPTION (default)
2022-08-04 23:31:47,853 [pool-556-thread-1] INFO  server.RaftServerConfigKeys (ConfUtils.java:logGet(46)) - raft.server.storage.free-space.min = 0MB (=0) (default)
2022-08-04 23:31:47,853 [pool-556-thread-1] INFO  storage.RaftStorageDirectory (RaftStorageDirectoryImpl.java:analyzeStorage(135)) - The storage directory /home/runner/work/ozone/ozone/hadoop-ozone/integration-test/target/test-dir/MiniOzoneClusterImpl-bb5f6a8d-8f39-43b4-baa3-4f9c3a5e14cf/datanode-2/data/ratis/2857590a-f508-4f40-9d44-7caeb9e28e39 does not exist. Creating ...
2022-08-04 23:31:47,854 [pool-556-thread-1] INFO  storage.RaftStorageDirectory (RaftStorageDirectoryImpl.java:tryLock(230)) - Lock on /home/runner/work/ozone/ozone/hadoop-ozone/integration-test/target/test-dir/MiniOzoneClusterImpl-bb5f6a8d-8f39-43b4-baa3-4f9c3a5e14cf/datanode-2/data/ratis/2857590a-f508-4f40-9d44-7caeb9e28e39/in_use.lock acquired by nodename 5725@fv-az241-597
2022-08-04 23:31:47,855 [pool-556-thread-1] INFO  storage.RaftStorage (RaftStorageImpl.java:format(89)) - Storage directory /home/runner/work/ozone/ozone/hadoop-ozone/integration-test/target/test-dir/MiniOzoneClusterImpl-bb5f6a8d-8f39-43b4-baa3-4f9c3a5e14cf/datanode-2/data/ratis/2857590a-f508-4f40-9d44-7caeb9e28e39 has been successfully formatted.
2022-08-04 23:31:47,856 [pool-556-thread-1] INFO  ratis.ContainerStateMachine (ContainerStateMachine.java:loadSnapshot(236)) - group-7CAEB9E28E39: The snapshot info is null. Setting the last applied indexto:(t:0, i:~)
2022-08-04 23:31:47,857 [pool-556-thread-1] INFO  server.RaftServerConfigKeys (ConfUtils.java:logGet(46)) - raft.server.notification.no-leader.timeout = 300s (custom)
2022-08-04 23:31:47,857 [pool-556-thread-1] INFO  server.RaftServerConfigKeys (ConfUtils.java:logGet(46)) - raft.server.log.use.memory = false (default)
2022-08-04 23:31:47,857 [pool-556-thread-1] INFO  server.RaftServerConfigKeys (ConfUtils.java:logGet(46)) - raft.server.log.purge.gap = 1000000 (custom)
2022-08-04 23:31:47,857 [pool-556-thread-1] INFO  server.RaftServerConfigKeys (ConfUtils.java:logGet(46)) - raft.server.log.appender.buffer.byte-limit = 33554432 (custom)
2022-08-04 23:31:47,857 [pool-556-thread-1] INFO  server.RaftServerConfigKeys (ConfUtils.java:logGet(46)) - raft.server.log.statemachine.data.read.timeout = 1000ms (default)
2022-08-04 23:31:47,858 [pool-556-thread-1] INFO  server.RaftServerConfigKeys (ConfUtils.java:logGet(46)) - raft.server.log.segment.size.max = 1048576 (custom)
2022-08-04 23:31:47,858 [pool-556-thread-1] INFO  server.RaftServerConfigKeys (ConfUtils.java:logGet(46)) - raft.server.log.segment.cache.num.max = 2 (custom)
2022-08-04 23:31:47,858 [pool-556-thread-1] INFO  server.RaftServerConfigKeys (ConfUtils.java:logGet(46)) - raft.server.log.segment.cache.size.max = 200MB (=209715200) (default)
2022-08-04 23:31:47,858 [pool-556-thread-1] INFO  segmented.SegmentedRaftLogWorker (SegmentedRaftLogWorker.java:<init>(187)) - new 6f44e897-2412-4a44-a30b-6ce2110987da@group-7CAEB9E28E39-SegmentedRaftLogWorker for RaftStorageImpl:Storage Directory /home/runner/work/ozone/ozone/hadoop-ozone/integration-test/target/test-dir/MiniOzoneClusterImpl-bb5f6a8d-8f39-43b4-baa3-4f9c3a5e14cf/datanode-2/data/ratis/2857590a-f508-4f40-9d44-7caeb9e28e39
2022-08-04 23:31:47,858 [pool-556-thread-1] INFO  server.RaftServerConfigKeys (ConfUtils.java:logGet(46)) - raft.server.log.queue.byte-limit = 4294967296 (custom)
2022-08-04 23:31:47,858 [pool-556-thread-1] INFO  server.RaftServerConfigKeys (ConfUtils.java:logGet(46)) - raft.server.log.queue.element-limit = 1024 (custom)
2022-08-04 23:31:47,858 [pool-556-thread-1] INFO  server.RaftServerConfigKeys (ConfUtils.java:logGet(46)) - raft.server.log.segment.size.max = 1048576 (custom)
2022-08-04 23:31:47,858 [pool-556-thread-1] INFO  server.RaftServerConfigKeys (ConfUtils.java:logGet(46)) - raft.server.log.preallocated.size = 16384 (custom)
2022-08-04 23:31:47,858 [pool-556-thread-1] INFO  server.RaftServerConfigKeys (ConfUtils.java:logGet(46)) - raft.server.log.force.sync.num = 128 (default)
2022-08-04 23:31:47,858 [pool-556-thread-1] INFO  server.RaftServerConfigKeys (ConfUtils.java:logGet(46)) - raft.server.log.statemachine.data.sync = true (default)
2022-08-04 23:31:47,858 [pool-556-thread-1] INFO  server.RaftServerConfigKeys (ConfUtils.java:logGet(46)) - raft.server.log.statemachine.data.sync.timeout = 10s (default)
2022-08-04 23:31:47,858 [pool-556-thread-1] INFO  server.RaftServerConfigKeys (ConfUtils.java:logGet(46)) - raft.server.log.statemachine.data.sync.timeout.retry = -1 (default)
2022-08-04 23:31:47,859 [pool-556-thread-1] INFO  server.RaftServerConfigKeys (ConfUtils.java:logGet(46)) - raft.server.log.write.buffer.size = 1048576 (custom)
2022-08-04 23:31:47,861 [Listener at 127.0.0.1/46503] INFO  ozone.MiniOzoneClusterImpl (MiniOzoneClusterImpl.java:lambda$waitForClusterToBeReady$0(216)) - Nodes are ready. Got 3 of 3 DN Heartbeats.
2022-08-04 23:31:47,862 [Listener at 127.0.0.1/46503] INFO  ozone.MiniOzoneClusterImpl (MiniOzoneClusterImpl.java:lambda$waitForClusterToBeReady$0(219)) - Waiting for cluster to exit safe mode
2022-08-04 23:31:47,862 [Listener at 127.0.0.1/46503] INFO  ozone.MiniOzoneClusterImpl (MiniOzoneClusterImpl.java:lambda$waitForClusterToBeReady$0(221)) - SCM became leader
2022-08-04 23:31:47,887 [pool-556-thread-1] INFO  server.RaftServerConfigKeys (ConfUtils.java:logGet(46)) - raft.server.log.unsafe-flush.enabled = false (default)
2022-08-04 23:31:47,887 [pool-556-thread-1] INFO  server.RaftServerConfigKeys (ConfUtils.java:logGet(46)) - raft.server.log.statemachine.data.caching.enabled = true (custom)
2022-08-04 23:31:47,887 [pool-556-thread-1] INFO  segmented.SegmentedRaftLogWorker (SegmentedRaftLogWorker.java:lambda$new$0(135)) - 6f44e897-2412-4a44-a30b-6ce2110987da@group-7CAEB9E28E39-SegmentedRaftLogWorker: flushIndex: setUnconditionally 0 -> -1
2022-08-04 23:31:47,887 [pool-556-thread-1] INFO  segmented.SegmentedRaftLogWorker (SegmentedRaftLogWorker.java:lambda$new$0(135)) - 6f44e897-2412-4a44-a30b-6ce2110987da@group-7CAEB9E28E39-SegmentedRaftLogWorker: safeCacheEvictIndex: setUnconditionally 0 -> -1
2022-08-04 23:31:47,891 [EventQueue-PipelineReportForPipelineReportHandler] INFO  pipeline.PipelineManagerImpl (PipelineManagerImpl.java:openPipeline(367)) - Pipeline Pipeline[ Id: 2857590a-f508-4f40-9d44-7caeb9e28e39, Nodes: 6f44e897-2412-4a44-a30b-6ce2110987da{ip: 10.1.0.37, host: fv-az241-597.bb25ywkzvhnelkltyshw0e441e.jx.internal.cloudapp.net, ports: [REPLICATION=46771, RATIS=45047, RATIS_ADMIN=45047, RATIS_SERVER=45047, STANDALONE=36311], networkLocation: /default-rack, certSerialId: null, persistedOpState: IN_SERVICE, persistedOpStateExpiryEpochSec: 0}, ReplicationConfig: RATIS/ONE, State:ALLOCATED, leaderId:6f44e897-2412-4a44-a30b-6ce2110987da, CreationTimestamp2022-08-04T23:31:46.879Z[Etc/UTC]] moved to OPEN state
2022-08-04 23:31:47,895 [EventQueue-OpenPipelineForHealthyPipelineSafeModeRule] INFO  safemode.SCMSafeModeManager (HealthyPipelineSafeModeRule.java:process(137)) - SCM in safe mode. Healthy pipelines reported count is 0, required healthy pipeline reported count is 1
2022-08-04 23:31:47,904 [pool-556-thread-1] INFO  server.RaftServerConfigKeys (ConfUtils.java:logGet(46)) - raft.server.snapshot.auto.trigger.enabled = true (custom)
2022-08-04 23:31:47,904 [pool-556-thread-1] INFO  server.RaftServerConfigKeys (ConfUtils.java:logGet(46)) - raft.server.snapshot.auto.trigger.threshold = 10000 (custom)
2022-08-04 23:31:47,904 [pool-556-thread-1] INFO  server.RaftServerConfigKeys (ConfUtils.java:logGet(46)) - raft.server.snapshot.retention.file.num = 5 (custom)
2022-08-04 23:31:47,904 [pool-556-thread-1] INFO  server.RaftServerConfigKeys (ConfUtils.java:logGet(46)) - raft.server.log.purge.upto.snapshot.index = false (default)
2022-08-04 23:31:47,904 [pool-556-thread-1] INFO  server.RaftServerConfigKeys (ConfUtils.java:logGet(46)) - raft.server.retrycache.expirytime = 600000ms (custom)
2022-08-04 23:31:47,904 [pool-556-thread-1] INFO  server.RaftServerConfigKeys (ConfUtils.java:logGet(46)) - raft.server.retrycache.statistics.expirytime = 100μs (default)
2022-08-04 23:31:47,905 [pool-556-thread-1] INFO  server.RaftServerConfigKeys (ConfUtils.java:logGet(46)) - raft.server.log.appender.install.snapshot.enabled = false (custom)
2022-08-04 23:31:47,905 [pool-556-thread-1] INFO  server.RaftServerConfigKeys (ConfUtils.java:logGet(46)) - raft.server.threadpool.server.cached = true (default)
2022-08-04 23:31:47,905 [pool-556-thread-1] INFO  server.RaftServerConfigKeys (ConfUtils.java:logGet(46)) - raft.server.threadpool.server.size = 0 (default)
2022-08-04 23:31:47,905 [pool-556-thread-1] INFO  server.RaftServerConfigKeys (ConfUtils.java:logGet(46)) - raft.server.threadpool.client.cached = true (default)
2022-08-04 23:31:47,905 [pool-556-thread-1] INFO  server.RaftServerConfigKeys (ConfUtils.java:logGet(46)) - raft.server.threadpool.client.size = 0 (default)
2022-08-04 23:31:47,905 [pool-556-thread-1] INFO  server.RaftServer$Division (RaftServerImpl.java:start(310)) - 6f44e897-2412-4a44-a30b-6ce2110987da@group-7CAEB9E28E39: start as a follower, conf=-1: [6f44e897-2412-4a44-a30b-6ce2110987da|rpc:10.1.0.37:45047|priority:1], old=null
2022-08-04 23:31:47,905 [pool-556-thread-1] INFO  server.RaftServer$Division (RaftServerImpl.java:setRole(299)) - 6f44e897-2412-4a44-a30b-6ce2110987da@group-7CAEB9E28E39: changes role from      null to FOLLOWER at term 0 for startAsFollower
2022-08-04 23:31:47,905 [pool-556-thread-1] INFO  impl.RoleInfo (RoleInfo.java:updateAndGet(139)) - 6f44e897-2412-4a44-a30b-6ce2110987da: start 6f44e897-2412-4a44-a30b-6ce2110987da@group-7CAEB9E28E39-FollowerState
2022-08-04 23:31:47,907 [pool-556-thread-1] INFO  util.JmxRegister (JmxRegister.java:tryRegister(44)) - Successfully registered JMX Bean with object name Ratis:service=RaftServer,group=group-7CAEB9E28E39,id=6f44e897-2412-4a44-a30b-6ce2110987da
2022-08-04 23:31:47,919 [Command processor thread] INFO  ratis.XceiverServerRatis (XceiverServerRatis.java:addGroup(765)) - Created group PipelineID=2857590a-f508-4f40-9d44-7caeb9e28e39
2022-08-04 23:31:47,919 [Command processor thread] INFO  commandhandler.CreatePipelineCommandHandler (CreatePipelineCommandHandler.java:handle(113)) - Created Pipeline RATIS ONE PipelineID=2857590a-f508-4f40-9d44-7caeb9e28e39.
2022-08-04 23:31:47,920 [Command processor thread] INFO  server.RaftServer (RaftServerProxy.java:addNew(96)) - 6f44e897-2412-4a44-a30b-6ce2110987da: addNew group-9D641DBD7BA7:[6f44e897-2412-4a44-a30b-6ce2110987da|rpc:10.1.0.37:45047|priority:0, fda7fb63-b703-4732-a633-14a9c7469eea|rpc:10.1.0.37:40943|priority:0, e0f75b45-16fa-4273-b6f0-de8d2ea0717c|rpc:10.1.0.37:43771|priority:1] returns group-9D641DBD7BA7:java.util.concurrent.CompletableFuture@ddd5ac9[Not completed]
2022-08-04 23:31:47,940 [pool-556-thread-1] INFO  server.RaftServer$Division (RaftServerImpl.java:<init>(190)) - 6f44e897-2412-4a44-a30b-6ce2110987da: new RaftServerImpl for group-9D641DBD7BA7:[6f44e897-2412-4a44-a30b-6ce2110987da|rpc:10.1.0.37:45047|priority:0, fda7fb63-b703-4732-a633-14a9c7469eea|rpc:10.1.0.37:40943|priority:0, e0f75b45-16fa-4273-b6f0-de8d2ea0717c|rpc:10.1.0.37:43771|priority:1] with ContainerStateMachine:uninitialized
2022-08-04 23:31:47,940 [pool-556-thread-1] INFO  server.RaftServerConfigKeys (ConfUtils.java:logGet(46)) - raft.server.rpc.timeout.min = 5s (custom)
2022-08-04 23:31:47,940 [pool-556-thread-1] INFO  server.RaftServerConfigKeys (ConfUtils.java:logGet(46)) - raft.server.rpc.timeout.max = 5200ms (custom)
2022-08-04 23:31:47,940 [pool-556-thread-1] INFO  server.RaftServerConfigKeys (ConfUtils.java:logGet(46)) - raft.server.rpc.sleep.time = 25ms (default)
2022-08-04 23:31:47,940 [pool-556-thread-1] INFO  server.RaftServerConfigKeys (ConfUtils.java:logGet(46)) - raft.server.rpc.slowness.timeout = 300s (custom)
2022-08-04 23:31:47,940 [pool-556-thread-1] INFO  server.RaftServerConfigKeys (ConfUtils.java:logGet(46)) - raft.server.leaderelection.leader.step-down.wait-time = 10s (default)
2022-08-04 23:31:47,940 [pool-556-thread-1] INFO  server.RaftServerConfigKeys (ConfUtils.java:logGet(46)) - raft.server.sleep.deviation.threshold = 300ms (default)
2022-08-04 23:31:47,940 [pool-556-thread-1] INFO  server.RaftServer$Division (ServerState.java:<init>(107)) - 6f44e897-2412-4a44-a30b-6ce2110987da@group-9D641DBD7BA7: ConfigurationManager, init=-1: [6f44e897-2412-4a44-a30b-6ce2110987da|rpc:10.1.0.37:45047|priority:0, fda7fb63-b703-4732-a633-14a9c7469eea|rpc:10.1.0.37:40943|priority:0, e0f75b45-16fa-4273-b6f0-de8d2ea0717c|rpc:10.1.0.37:43771|priority:1], old=null, confs=<EMPTY_MAP>
2022-08-04 23:31:47,940 [pool-556-thread-1] INFO  server.RaftServerConfigKeys (ConfUtils.java:logGet(46)) - raft.server.storage.dir = [/home/runner/work/ozone/ozone/hadoop-ozone/integration-test/target/test-dir/MiniOzoneClusterImpl-bb5f6a8d-8f39-43b4-baa3-4f9c3a5e14cf/datanode-2/data/ratis] (custom)
2022-08-04 23:31:47,940 [pool-556-thread-1] INFO  server.RaftServerConfigKeys (ConfUtils.java:logGet(46)) - raft.server.log.corruption.policy = EXCEPTION (default)
2022-08-04 23:31:47,940 [pool-556-thread-1] INFO  server.RaftServerConfigKeys (ConfUtils.java:logGet(46)) - raft.server.storage.free-space.min = 0MB (=0) (default)
2022-08-04 23:31:47,940 [pool-556-thread-1] INFO  storage.RaftStorageDirectory (RaftStorageDirectoryImpl.java:analyzeStorage(135)) - The storage directory /home/runner/work/ozone/ozone/hadoop-ozone/integration-test/target/test-dir/MiniOzoneClusterImpl-bb5f6a8d-8f39-43b4-baa3-4f9c3a5e14cf/datanode-2/data/ratis/3b2e611b-4661-47d7-bb78-9d641dbd7ba7 does not exist. Creating ...
2022-08-04 23:31:47,945 [pool-556-thread-1] INFO  storage.RaftStorageDirectory (RaftStorageDirectoryImpl.java:tryLock(230)) - Lock on /home/runner/work/ozone/ozone/hadoop-ozone/integration-test/target/test-dir/MiniOzoneClusterImpl-bb5f6a8d-8f39-43b4-baa3-4f9c3a5e14cf/datanode-2/data/ratis/3b2e611b-4661-47d7-bb78-9d641dbd7ba7/in_use.lock acquired by nodename 5725@fv-az241-597
2022-08-04 23:31:47,947 [grpc-default-executor-0] INFO  server.RaftServer (RaftServerProxy.java:addNew(96)) - fda7fb63-b703-4732-a633-14a9c7469eea: addNew group-B6602FDAD2CE:[6f44e897-2412-4a44-a30b-6ce2110987da|rpc:10.1.0.37:45047|dataStream:|priority:0, fda7fb63-b703-4732-a633-14a9c7469eea|rpc:10.1.0.37:40943|dataStream:|priority:1, e0f75b45-16fa-4273-b6f0-de8d2ea0717c|rpc:10.1.0.37:43771|dataStream:|priority:0] returns group-B6602FDAD2CE:java.util.concurrent.CompletableFuture@100f8172[Not completed]
2022-08-04 23:31:47,952 [pool-533-thread-1] INFO  server.RaftServer$Division (RaftServerImpl.java:<init>(190)) - fda7fb63-b703-4732-a633-14a9c7469eea: new RaftServerImpl for group-B6602FDAD2CE:[6f44e897-2412-4a44-a30b-6ce2110987da|rpc:10.1.0.37:45047|dataStream:|priority:0, fda7fb63-b703-4732-a633-14a9c7469eea|rpc:10.1.0.37:40943|dataStream:|priority:1, e0f75b45-16fa-4273-b6f0-de8d2ea0717c|rpc:10.1.0.37:43771|dataStream:|priority:0] with ContainerStateMachine:uninitialized
2022-08-04 23:31:47,952 [pool-533-thread-1] INFO  server.RaftServerConfigKeys (ConfUtils.java:logGet(46)) - raft.server.rpc.timeout.min = 5s (custom)
2022-08-04 23:31:47,952 [pool-533-thread-1] INFO  server.RaftServerConfigKeys (ConfUtils.java:logGet(46)) - raft.server.rpc.timeout.max = 5200ms (custom)
2022-08-04 23:31:47,952 [pool-533-thread-1] INFO  server.RaftServerConfigKeys (ConfUtils.java:logGet(46)) - raft.server.rpc.sleep.time = 25ms (default)
2022-08-04 23:31:47,952 [pool-533-thread-1] INFO  server.RaftServerConfigKeys (ConfUtils.java:logGet(46)) - raft.server.rpc.slowness.timeout = 300s (custom)
2022-08-04 23:31:47,952 [pool-533-thread-1] INFO  server.RaftServerConfigKeys (ConfUtils.java:logGet(46)) - raft.server.leaderelection.leader.step-down.wait-time = 10s (default)
2022-08-04 23:31:47,952 [pool-533-thread-1] INFO  server.RaftServerConfigKeys (ConfUtils.java:logGet(46)) - raft.server.sleep.deviation.threshold = 300ms (default)
2022-08-04 23:31:47,952 [pool-533-thread-1] INFO  server.RaftServer$Division (ServerState.java:<init>(107)) - fda7fb63-b703-4732-a633-14a9c7469eea@group-B6602FDAD2CE: ConfigurationManager, init=-1: [6f44e897-2412-4a44-a30b-6ce2110987da|rpc:10.1.0.37:45047|dataStream:|priority:0, fda7fb63-b703-4732-a633-14a9c7469eea|rpc:10.1.0.37:40943|dataStream:|priority:1, e0f75b45-16fa-4273-b6f0-de8d2ea0717c|rpc:10.1.0.37:43771|dataStream:|priority:0], old=null, confs=<EMPTY_MAP>
2022-08-04 23:31:47,952 [pool-533-thread-1] INFO  server.RaftServerConfigKeys (ConfUtils.java:logGet(46)) - raft.server.storage.dir = [/home/runner/work/ozone/ozone/hadoop-ozone/integration-test/target/test-dir/MiniOzoneClusterImpl-bb5f6a8d-8f39-43b4-baa3-4f9c3a5e14cf/datanode-1/data/ratis] (custom)
2022-08-04 23:31:47,952 [pool-533-thread-1] INFO  server.RaftServerConfigKeys (ConfUtils.java:logGet(46)) - raft.server.log.corruption.policy = EXCEPTION (default)
2022-08-04 23:31:47,952 [pool-533-thread-1] INFO  server.RaftServerConfigKeys (ConfUtils.java:logGet(46)) - raft.server.storage.free-space.min = 0MB (=0) (default)
2022-08-04 23:31:47,952 [pool-533-thread-1] INFO  storage.RaftStorageDirectory (RaftStorageDirectoryImpl.java:analyzeStorage(135)) - The storage directory /home/runner/work/ozone/ozone/hadoop-ozone/integration-test/target/test-dir/MiniOzoneClusterImpl-bb5f6a8d-8f39-43b4-baa3-4f9c3a5e14cf/datanode-1/data/ratis/8eb89330-5c12-4996-82ca-b6602fdad2ce does not exist. Creating ...
2022-08-04 23:31:47,956 [pool-533-thread-1] INFO  storage.RaftStorageDirectory (RaftStorageDirectoryImpl.java:tryLock(230)) - Lock on /home/runner/work/ozone/ozone/hadoop-ozone/integration-test/target/test-dir/MiniOzoneClusterImpl-bb5f6a8d-8f39-43b4-baa3-4f9c3a5e14cf/datanode-1/data/ratis/8eb89330-5c12-4996-82ca-b6602fdad2ce/in_use.lock acquired by nodename 5725@fv-az241-597
2022-08-04 23:31:47,959 [pool-533-thread-1] INFO  storage.RaftStorage (RaftStorageImpl.java:format(89)) - Storage directory /home/runner/work/ozone/ozone/hadoop-ozone/integration-test/target/test-dir/MiniOzoneClusterImpl-bb5f6a8d-8f39-43b4-baa3-4f9c3a5e14cf/datanode-1/data/ratis/8eb89330-5c12-4996-82ca-b6602fdad2ce has been successfully formatted.
2022-08-04 23:31:47,966 [pool-556-thread-1] INFO  storage.RaftStorage (RaftStorageImpl.java:format(89)) - Storage directory /home/runner/work/ozone/ozone/hadoop-ozone/integration-test/target/test-dir/MiniOzoneClusterImpl-bb5f6a8d-8f39-43b4-baa3-4f9c3a5e14cf/datanode-2/data/ratis/3b2e611b-4661-47d7-bb78-9d641dbd7ba7 has been successfully formatted.
2022-08-04 23:31:47,966 [pool-556-thread-1] INFO  ratis.ContainerStateMachine (ContainerStateMachine.java:loadSnapshot(236)) - group-9D641DBD7BA7: The snapshot info is null. Setting the last applied indexto:(t:0, i:~)
2022-08-04 23:31:47,966 [pool-556-thread-1] INFO  server.RaftServerConfigKeys (ConfUtils.java:logGet(46)) - raft.server.notification.no-leader.timeout = 300s (custom)
2022-08-04 23:31:47,966 [pool-556-thread-1] INFO  server.RaftServerConfigKeys (ConfUtils.java:logGet(46)) - raft.server.log.use.memory = false (default)
2022-08-04 23:31:47,966 [pool-556-thread-1] INFO  server.RaftServerConfigKeys (ConfUtils.java:logGet(46)) - raft.server.log.purge.gap = 1000000 (custom)
2022-08-04 23:31:47,966 [pool-556-thread-1] INFO  server.RaftServerConfigKeys (ConfUtils.java:logGet(46)) - raft.server.log.appender.buffer.byte-limit = 33554432 (custom)
2022-08-04 23:31:47,966 [pool-556-thread-1] INFO  server.RaftServerConfigKeys (ConfUtils.java:logGet(46)) - raft.server.log.statemachine.data.read.timeout = 1000ms (default)
2022-08-04 23:31:47,967 [pool-556-thread-1] INFO  server.RaftServerConfigKeys (ConfUtils.java:logGet(46)) - raft.server.log.segment.size.max = 1048576 (custom)
2022-08-04 23:31:47,967 [pool-556-thread-1] INFO  server.RaftServerConfigKeys (ConfUtils.java:logGet(46)) - raft.server.log.segment.cache.num.max = 2 (custom)
2022-08-04 23:31:47,967 [pool-556-thread-1] INFO  server.RaftServerConfigKeys (ConfUtils.java:logGet(46)) - raft.server.log.segment.cache.size.max = 200MB (=209715200) (default)
2022-08-04 23:31:47,967 [pool-556-thread-1] INFO  segmented.SegmentedRaftLogWorker (SegmentedRaftLogWorker.java:<init>(187)) - new 6f44e897-2412-4a44-a30b-6ce2110987da@group-9D641DBD7BA7-SegmentedRaftLogWorker for RaftStorageImpl:Storage Directory /home/runner/work/ozone/ozone/hadoop-ozone/integration-test/target/test-dir/MiniOzoneClusterImpl-bb5f6a8d-8f39-43b4-baa3-4f9c3a5e14cf/datanode-2/data/ratis/3b2e611b-4661-47d7-bb78-9d641dbd7ba7
2022-08-04 23:31:47,967 [pool-556-thread-1] INFO  server.RaftServerConfigKeys (ConfUtils.java:logGet(46)) - raft.server.log.queue.byte-limit = 4294967296 (custom)
2022-08-04 23:31:47,967 [pool-556-thread-1] INFO  server.RaftServerConfigKeys (ConfUtils.java:logGet(46)) - raft.server.log.queue.element-limit = 1024 (custom)
2022-08-04 23:31:47,967 [pool-556-thread-1] INFO  server.RaftServerConfigKeys (ConfUtils.java:logGet(46)) - raft.server.log.segment.size.max = 1048576 (custom)
2022-08-04 23:31:47,968 [pool-556-thread-1] INFO  server.RaftServerConfigKeys (ConfUtils.java:logGet(46)) - raft.server.log.preallocated.size = 16384 (custom)
2022-08-04 23:31:47,968 [pool-556-thread-1] INFO  server.RaftServerConfigKeys (ConfUtils.java:logGet(46)) - raft.server.log.force.sync.num = 128 (default)
2022-08-04 23:31:47,968 [pool-556-thread-1] INFO  server.RaftServerConfigKeys (ConfUtils.java:logGet(46)) - raft.server.log.statemachine.data.sync = true (default)
2022-08-04 23:31:47,968 [pool-556-thread-1] INFO  server.RaftServerConfigKeys (ConfUtils.java:logGet(46)) - raft.server.log.statemachine.data.sync.timeout = 10s (default)
2022-08-04 23:31:47,968 [pool-556-thread-1] INFO  server.RaftServerConfigKeys (ConfUtils.java:logGet(46)) - raft.server.log.statemachine.data.sync.timeout.retry = -1 (default)
2022-08-04 23:31:47,968 [EventQueue-OpenPipelineForHealthyPipelineSafeModeRule] INFO  safemode.SCMSafeModeManager (HealthyPipelineSafeModeRule.java:process(137)) - SCM in safe mode. Healthy pipelines reported count is 0, required healthy pipeline reported count is 1
2022-08-04 23:31:47,969 [pool-556-thread-1] INFO  server.RaftServerConfigKeys (ConfUtils.java:logGet(46)) - raft.server.log.write.buffer.size = 1048576 (custom)
2022-08-04 23:31:47,969 [pool-556-thread-1] INFO  server.RaftServerConfigKeys (ConfUtils.java:logGet(46)) - raft.server.log.unsafe-flush.enabled = false (default)
2022-08-04 23:31:47,969 [pool-556-thread-1] INFO  server.RaftServerConfigKeys (ConfUtils.java:logGet(46)) - raft.server.log.statemachine.data.caching.enabled = true (custom)
2022-08-04 23:31:47,970 [pool-556-thread-1] INFO  segmented.SegmentedRaftLogWorker (SegmentedRaftLogWorker.java:lambda$new$0(135)) - 6f44e897-2412-4a44-a30b-6ce2110987da@group-9D641DBD7BA7-SegmentedRaftLogWorker: flushIndex: setUnconditionally 0 -> -1
2022-08-04 23:31:47,970 [pool-556-thread-1] INFO  segmented.SegmentedRaftLogWorker (SegmentedRaftLogWorker.java:lambda$new$0(135)) - 6f44e897-2412-4a44-a30b-6ce2110987da@group-9D641DBD7BA7-SegmentedRaftLogWorker: safeCacheEvictIndex: setUnconditionally 0 -> -1
2022-08-04 23:31:47,979 [pool-556-thread-1] INFO  server.RaftServerConfigKeys (ConfUtils.java:logGet(46)) - raft.server.snapshot.auto.trigger.enabled = true (custom)
2022-08-04 23:31:47,979 [pool-556-thread-1] INFO  server.RaftServerConfigKeys (ConfUtils.java:logGet(46)) - raft.server.snapshot.auto.trigger.threshold = 10000 (custom)
2022-08-04 23:31:47,979 [pool-556-thread-1] INFO  server.RaftServerConfigKeys (ConfUtils.java:logGet(46)) - raft.server.snapshot.retention.file.num = 5 (custom)
2022-08-04 23:31:47,979 [pool-556-thread-1] INFO  server.RaftServerConfigKeys (ConfUtils.java:logGet(46)) - raft.server.log.purge.upto.snapshot.index = false (default)
2022-08-04 23:31:47,979 [pool-556-thread-1] INFO  server.RaftServerConfigKeys (ConfUtils.java:logGet(46)) - raft.server.retrycache.expirytime = 600000ms (custom)
2022-08-04 23:31:47,979 [pool-556-thread-1] INFO  server.RaftServerConfigKeys (ConfUtils.java:logGet(46)) - raft.server.retrycache.statistics.expirytime = 100μs (default)
2022-08-04 23:31:47,980 [pool-556-thread-1] INFO  server.RaftServerConfigKeys (ConfUtils.java:logGet(46)) - raft.server.log.appender.install.snapshot.enabled = false (custom)
2022-08-04 23:31:47,980 [pool-556-thread-1] INFO  server.RaftServerConfigKeys (ConfUtils.java:logGet(46)) - raft.server.threadpool.server.cached = true (default)
2022-08-04 23:31:47,980 [pool-556-thread-1] INFO  server.RaftServerConfigKeys (ConfUtils.java:logGet(46)) - raft.server.threadpool.server.size = 0 (default)
2022-08-04 23:31:47,980 [pool-556-thread-1] INFO  server.RaftServerConfigKeys (ConfUtils.java:logGet(46)) - raft.server.threadpool.client.cached = true (default)
2022-08-04 23:31:47,980 [pool-556-thread-1] INFO  server.RaftServerConfigKeys (ConfUtils.java:logGet(46)) - raft.server.threadpool.client.size = 0 (default)
2022-08-04 23:31:47,980 [pool-556-thread-1] INFO  server.RaftServer$Division (RaftServerImpl.java:start(310)) - 6f44e897-2412-4a44-a30b-6ce2110987da@group-9D641DBD7BA7: start as a follower, conf=-1: [6f44e897-2412-4a44-a30b-6ce2110987da|rpc:10.1.0.37:45047|priority:0, fda7fb63-b703-4732-a633-14a9c7469eea|rpc:10.1.0.37:40943|priority:0, e0f75b45-16fa-4273-b6f0-de8d2ea0717c|rpc:10.1.0.37:43771|priority:1], old=null
2022-08-04 23:31:47,980 [pool-556-thread-1] INFO  server.RaftServer$Division (RaftServerImpl.java:setRole(299)) - 6f44e897-2412-4a44-a30b-6ce2110987da@group-9D641DBD7BA7: changes role from      null to FOLLOWER at term 0 for startAsFollower
2022-08-04 23:31:47,980 [pool-556-thread-1] INFO  impl.RoleInfo (RoleInfo.java:updateAndGet(139)) - 6f44e897-2412-4a44-a30b-6ce2110987da: start 6f44e897-2412-4a44-a30b-6ce2110987da@group-9D641DBD7BA7-FollowerState
2022-08-04 23:31:47,995 [pool-556-thread-1] INFO  util.JmxRegister (JmxRegister.java:tryRegister(44)) - Successfully registered JMX Bean with object name Ratis:service=RaftServer,group=group-9D641DBD7BA7,id=6f44e897-2412-4a44-a30b-6ce2110987da
2022-08-04 23:31:48,010 [Command processor thread] INFO  ratis.XceiverServerRatis (XceiverServerRatis.java:addGroup(765)) - Created group PipelineID=3b2e611b-4661-47d7-bb78-9d641dbd7ba7
2022-08-04 23:31:48,051 [pool-533-thread-1] INFO  ratis.ContainerStateMachine (ContainerStateMachine.java:loadSnapshot(236)) - group-B6602FDAD2CE: The snapshot info is null. Setting the last applied indexto:(t:0, i:~)
2022-08-04 23:31:48,051 [pool-533-thread-1] INFO  server.RaftServerConfigKeys (ConfUtils.java:logGet(46)) - raft.server.notification.no-leader.timeout = 300s (custom)
2022-08-04 23:31:48,051 [pool-533-thread-1] INFO  server.RaftServerConfigKeys (ConfUtils.java:logGet(46)) - raft.server.log.use.memory = false (default)
2022-08-04 23:31:48,051 [pool-533-thread-1] INFO  server.RaftServerConfigKeys (ConfUtils.java:logGet(46)) - raft.server.log.purge.gap = 1000000 (custom)
2022-08-04 23:31:48,051 [pool-533-thread-1] INFO  server.RaftServerConfigKeys (ConfUtils.java:logGet(46)) - raft.server.log.appender.buffer.byte-limit = 33554432 (custom)
2022-08-04 23:31:48,051 [pool-533-thread-1] INFO  server.RaftServerConfigKeys (ConfUtils.java:logGet(46)) - raft.server.log.statemachine.data.read.timeout = 1000ms (default)
2022-08-04 23:31:48,051 [pool-533-thread-1] INFO  server.RaftServerConfigKeys (ConfUtils.java:logGet(46)) - raft.server.log.segment.size.max = 1048576 (custom)
2022-08-04 23:31:48,055 [pool-533-thread-1] INFO  server.RaftServerConfigKeys (ConfUtils.java:logGet(46)) - raft.server.log.segment.cache.num.max = 2 (custom)
2022-08-04 23:31:48,055 [pool-533-thread-1] INFO  server.RaftServerConfigKeys (ConfUtils.java:logGet(46)) - raft.server.log.segment.cache.size.max = 200MB (=209715200) (default)
2022-08-04 23:31:48,055 [pool-533-thread-1] INFO  segmented.SegmentedRaftLogWorker (SegmentedRaftLogWorker.java:<init>(187)) - new fda7fb63-b703-4732-a633-14a9c7469eea@group-B6602FDAD2CE-SegmentedRaftLogWorker for RaftStorageImpl:Storage Directory /home/runner/work/ozone/ozone/hadoop-ozone/integration-test/target/test-dir/MiniOzoneClusterImpl-bb5f6a8d-8f39-43b4-baa3-4f9c3a5e14cf/datanode-1/data/ratis/8eb89330-5c12-4996-82ca-b6602fdad2ce
2022-08-04 23:31:48,055 [pool-533-thread-1] INFO  server.RaftServerConfigKeys (ConfUtils.java:logGet(46)) - raft.server.log.queue.byte-limit = 4294967296 (custom)
2022-08-04 23:31:48,055 [pool-533-thread-1] INFO  server.RaftServerConfigKeys (ConfUtils.java:logGet(46)) - raft.server.log.queue.element-limit = 1024 (custom)
2022-08-04 23:31:48,056 [pool-533-thread-1] INFO  server.RaftServerConfigKeys (ConfUtils.java:logGet(46)) - raft.server.log.segment.size.max = 1048576 (custom)
2022-08-04 23:31:48,056 [pool-533-thread-1] INFO  server.RaftServerConfigKeys (ConfUtils.java:logGet(46)) - raft.server.log.preallocated.size = 16384 (custom)
2022-08-04 23:31:48,056 [pool-533-thread-1] INFO  server.RaftServerConfigKeys (ConfUtils.java:logGet(46)) - raft.server.log.force.sync.num = 128 (default)
2022-08-04 23:31:48,056 [pool-533-thread-1] INFO  server.RaftServerConfigKeys (ConfUtils.java:logGet(46)) - raft.server.log.statemachine.data.sync = true (default)
2022-08-04 23:31:48,056 [pool-533-thread-1] INFO  server.RaftServerConfigKeys (ConfUtils.java:logGet(46)) - raft.server.log.statemachine.data.sync.timeout = 10s (default)
2022-08-04 23:31:48,056 [pool-533-thread-1] INFO  server.RaftServerConfigKeys (ConfUtils.java:logGet(46)) - raft.server.log.statemachine.data.sync.timeout.retry = -1 (default)
2022-08-04 23:31:48,056 [pool-533-thread-1] INFO  server.RaftServerConfigKeys (ConfUtils.java:logGet(46)) - raft.server.log.write.buffer.size = 1048576 (custom)
2022-08-04 23:31:48,057 [pool-533-thread-1] INFO  server.RaftServerConfigKeys (ConfUtils.java:logGet(46)) - raft.server.log.unsafe-flush.enabled = false (default)
2022-08-04 23:31:48,057 [pool-533-thread-1] INFO  server.RaftServerConfigKeys (ConfUtils.java:logGet(46)) - raft.server.log.statemachine.data.caching.enabled = true (custom)
2022-08-04 23:31:48,067 [pool-533-thread-1] INFO  segmented.SegmentedRaftLogWorker (SegmentedRaftLogWorker.java:lambda$new$0(135)) - fda7fb63-b703-4732-a633-14a9c7469eea@group-B6602FDAD2CE-SegmentedRaftLogWorker: flushIndex: setUnconditionally 0 -> -1
2022-08-04 23:31:48,067 [pool-533-thread-1] INFO  segmented.SegmentedRaftLogWorker (SegmentedRaftLogWorker.java:lambda$new$0(135)) - fda7fb63-b703-4732-a633-14a9c7469eea@group-B6602FDAD2CE-SegmentedRaftLogWorker: safeCacheEvictIndex: setUnconditionally 0 -> -1
2022-08-04 23:31:48,071 [grpc-default-executor-0] INFO  server.RaftServer (RaftServerProxy.java:addNew(96)) - fda7fb63-b703-4732-a633-14a9c7469eea: addNew group-9D641DBD7BA7:[6f44e897-2412-4a44-a30b-6ce2110987da|rpc:10.1.0.37:45047|dataStream:|priority:0, fda7fb63-b703-4732-a633-14a9c7469eea|rpc:10.1.0.37:40943|dataStream:|priority:0, e0f75b45-16fa-4273-b6f0-de8d2ea0717c|rpc:10.1.0.37:43771|dataStream:|priority:1] returns group-9D641DBD7BA7:java.util.concurrent.CompletableFuture@6f327830[Not completed]
2022-08-04 23:31:48,071 [pool-533-thread-1] INFO  server.RaftServerConfigKeys (ConfUtils.java:logGet(46)) - raft.server.snapshot.auto.trigger.enabled = true (custom)
2022-08-04 23:31:48,071 [pool-533-thread-1] INFO  server.RaftServerConfigKeys (ConfUtils.java:logGet(46)) - raft.server.snapshot.auto.trigger.threshold = 10000 (custom)
2022-08-04 23:31:48,071 [pool-533-thread-1] INFO  server.RaftServerConfigKeys (ConfUtils.java:logGet(46)) - raft.server.snapshot.retention.file.num = 5 (custom)
2022-08-04 23:31:48,071 [pool-533-thread-1] INFO  server.RaftServerConfigKeys (ConfUtils.java:logGet(46)) - raft.server.log.purge.upto.snapshot.index = false (default)
2022-08-04 23:31:48,071 [pool-533-thread-1] INFO  server.RaftServerConfigKeys (ConfUtils.java:logGet(46)) - raft.server.retrycache.expirytime = 600000ms (custom)
2022-08-04 23:31:48,071 [pool-533-thread-1] INFO  server.RaftServerConfigKeys (ConfUtils.java:logGet(46)) - raft.server.retrycache.statistics.expirytime = 100μs (default)
2022-08-04 23:31:48,072 [pool-533-thread-1] INFO  server.RaftServerConfigKeys (ConfUtils.java:logGet(46)) - raft.server.log.appender.install.snapshot.enabled = false (custom)
2022-08-04 23:31:48,072 [pool-533-thread-1] INFO  server.RaftServerConfigKeys (ConfUtils.java:logGet(46)) - raft.server.threadpool.server.cached = true (default)
2022-08-04 23:31:48,072 [pool-533-thread-1] INFO  server.RaftServerConfigKeys (ConfUtils.java:logGet(46)) - raft.server.threadpool.server.size = 0 (default)
2022-08-04 23:31:48,072 [pool-533-thread-1] INFO  server.RaftServerConfigKeys (ConfUtils.java:logGet(46)) - raft.server.threadpool.client.cached = true (default)
2022-08-04 23:31:48,072 [pool-533-thread-1] INFO  server.RaftServerConfigKeys (ConfUtils.java:logGet(46)) - raft.server.threadpool.client.size = 0 (default)
2022-08-04 23:31:48,073 [pool-533-thread-1] INFO  server.RaftServer$Division (RaftServerImpl.java:<init>(190)) - fda7fb63-b703-4732-a633-14a9c7469eea: new RaftServerImpl for group-9D641DBD7BA7:[6f44e897-2412-4a44-a30b-6ce2110987da|rpc:10.1.0.37:45047|dataStream:|priority:0, fda7fb63-b703-4732-a633-14a9c7469eea|rpc:10.1.0.37:40943|dataStream:|priority:0, e0f75b45-16fa-4273-b6f0-de8d2ea0717c|rpc:10.1.0.37:43771|dataStream:|priority:1] with ContainerStateMachine:uninitialized
2022-08-04 23:31:48,073 [pool-533-thread-1] INFO  server.RaftServerConfigKeys (ConfUtils.java:logGet(46)) - raft.server.rpc.timeout.min = 5s (custom)
2022-08-04 23:31:48,073 [pool-533-thread-1] INFO  server.RaftServerConfigKeys (ConfUtils.java:logGet(46)) - raft.server.rpc.timeout.max = 5200ms (custom)
2022-08-04 23:31:48,073 [pool-533-thread-1] INFO  server.RaftServerConfigKeys (ConfUtils.java:logGet(46)) - raft.server.rpc.sleep.time = 25ms (default)
2022-08-04 23:31:48,073 [pool-533-thread-1] INFO  server.RaftServerConfigKeys (ConfUtils.java:logGet(46)) - raft.server.rpc.slowness.timeout = 300s (custom)
2022-08-04 23:31:48,073 [pool-533-thread-1] INFO  server.RaftServerConfigKeys (ConfUtils.java:logGet(46)) - raft.server.leaderelection.leader.step-down.wait-time = 10s (default)
2022-08-04 23:31:48,073 [pool-533-thread-1] INFO  server.RaftServerConfigKeys (ConfUtils.java:logGet(46)) - raft.server.sleep.deviation.threshold = 300ms (default)
2022-08-04 23:31:48,073 [pool-533-thread-1] INFO  server.RaftServer$Division (ServerState.java:<init>(107)) - fda7fb63-b703-4732-a633-14a9c7469eea@group-9D641DBD7BA7: ConfigurationManager, init=-1: [6f44e897-2412-4a44-a30b-6ce2110987da|rpc:10.1.0.37:45047|dataStream:|priority:0, fda7fb63-b703-4732-a633-14a9c7469eea|rpc:10.1.0.37:40943|dataStream:|priority:0, e0f75b45-16fa-4273-b6f0-de8d2ea0717c|rpc:10.1.0.37:43771|dataStream:|priority:1], old=null, confs=<EMPTY_MAP>
2022-08-04 23:31:48,073 [pool-533-thread-1] INFO  server.RaftServerConfigKeys (ConfUtils.java:logGet(46)) - raft.server.storage.dir = [/home/runner/work/ozone/ozone/hadoop-ozone/integration-test/target/test-dir/MiniOzoneClusterImpl-bb5f6a8d-8f39-43b4-baa3-4f9c3a5e14cf/datanode-1/data/ratis] (custom)
2022-08-04 23:31:48,073 [pool-533-thread-1] INFO  server.RaftServerConfigKeys (ConfUtils.java:logGet(46)) - raft.server.log.corruption.policy = EXCEPTION (default)
2022-08-04 23:31:48,073 [pool-533-thread-1] INFO  server.RaftServerConfigKeys (ConfUtils.java:logGet(46)) - raft.server.storage.free-space.min = 0MB (=0) (default)
2022-08-04 23:31:48,073 [pool-533-thread-1] INFO  storage.RaftStorageDirectory (RaftStorageDirectoryImpl.java:analyzeStorage(135)) - The storage directory /home/runner/work/ozone/ozone/hadoop-ozone/integration-test/target/test-dir/MiniOzoneClusterImpl-bb5f6a8d-8f39-43b4-baa3-4f9c3a5e14cf/datanode-1/data/ratis/3b2e611b-4661-47d7-bb78-9d641dbd7ba7 does not exist. Creating ...
2022-08-04 23:31:48,074 [pool-533-thread-1] INFO  storage.RaftStorageDirectory (RaftStorageDirectoryImpl.java:tryLock(230)) - Lock on /home/runner/work/ozone/ozone/hadoop-ozone/integration-test/target/test-dir/MiniOzoneClusterImpl-bb5f6a8d-8f39-43b4-baa3-4f9c3a5e14cf/datanode-1/data/ratis/3b2e611b-4661-47d7-bb78-9d641dbd7ba7/in_use.lock acquired by nodename 5725@fv-az241-597
2022-08-04 23:31:48,076 [pool-533-thread-1] INFO  storage.RaftStorage (RaftStorageImpl.java:format(89)) - Storage directory /home/runner/work/ozone/ozone/hadoop-ozone/integration-test/target/test-dir/MiniOzoneClusterImpl-bb5f6a8d-8f39-43b4-baa3-4f9c3a5e14cf/datanode-1/data/ratis/3b2e611b-4661-47d7-bb78-9d641dbd7ba7 has been successfully formatted.
2022-08-04 23:31:48,077 [pool-533-thread-1] INFO  ratis.ContainerStateMachine (ContainerStateMachine.java:loadSnapshot(236)) - group-9D641DBD7BA7: The snapshot info is null. Setting the last applied indexto:(t:0, i:~)
2022-08-04 23:31:48,077 [pool-533-thread-1] INFO  server.RaftServerConfigKeys (ConfUtils.java:logGet(46)) - raft.server.notification.no-leader.timeout = 300s (custom)
2022-08-04 23:31:48,077 [pool-533-thread-1] INFO  server.RaftServerConfigKeys (ConfUtils.java:logGet(46)) - raft.server.log.use.memory = false (default)
2022-08-04 23:31:48,077 [pool-533-thread-1] INFO  server.RaftServerConfigKeys (ConfUtils.java:logGet(46)) - raft.server.log.purge.gap = 1000000 (custom)
2022-08-04 23:31:48,077 [pool-533-thread-1] INFO  server.RaftServerConfigKeys (ConfUtils.java:logGet(46)) - raft.server.log.appender.buffer.byte-limit = 33554432 (custom)
2022-08-04 23:31:48,077 [pool-533-thread-1] INFO  server.RaftServerConfigKeys (ConfUtils.java:logGet(46)) - raft.server.log.statemachine.data.read.timeout = 1000ms (default)
2022-08-04 23:31:48,077 [pool-533-thread-1] INFO  server.RaftServerConfigKeys (ConfUtils.java:logGet(46)) - raft.server.log.segment.size.max = 1048576 (custom)
2022-08-04 23:31:48,077 [pool-533-thread-1] INFO  server.RaftServerConfigKeys (ConfUtils.java:logGet(46)) - raft.server.log.segment.cache.num.max = 2 (custom)
2022-08-04 23:31:48,077 [pool-533-thread-1] INFO  server.RaftServerConfigKeys (ConfUtils.java:logGet(46)) - raft.server.log.segment.cache.size.max = 200MB (=209715200) (default)
2022-08-04 23:31:48,078 [pool-533-thread-1] INFO  segmented.SegmentedRaftLogWorker (SegmentedRaftLogWorker.java:<init>(187)) - new fda7fb63-b703-4732-a633-14a9c7469eea@group-9D641DBD7BA7-SegmentedRaftLogWorker for RaftStorageImpl:Storage Directory /home/runner/work/ozone/ozone/hadoop-ozone/integration-test/target/test-dir/MiniOzoneClusterImpl-bb5f6a8d-8f39-43b4-baa3-4f9c3a5e14cf/datanode-1/data/ratis/3b2e611b-4661-47d7-bb78-9d641dbd7ba7
2022-08-04 23:31:48,078 [pool-533-thread-1] INFO  server.RaftServerConfigKeys (ConfUtils.java:logGet(46)) - raft.server.log.queue.byte-limit = 4294967296 (custom)
2022-08-04 23:31:48,078 [pool-533-thread-1] INFO  server.RaftServerConfigKeys (ConfUtils.java:logGet(46)) - raft.server.log.queue.element-limit = 1024 (custom)
2022-08-04 23:31:48,078 [pool-533-thread-1] INFO  server.RaftServerConfigKeys (ConfUtils.java:logGet(46)) - raft.server.log.segment.size.max = 1048576 (custom)
2022-08-04 23:31:48,078 [pool-533-thread-1] INFO  server.RaftServerConfigKeys (ConfUtils.java:logGet(46)) - raft.server.log.preallocated.size = 16384 (custom)
2022-08-04 23:31:48,078 [pool-533-thread-1] INFO  server.RaftServerConfigKeys (ConfUtils.java:logGet(46)) - raft.server.log.force.sync.num = 128 (default)
2022-08-04 23:31:48,078 [pool-533-thread-1] INFO  server.RaftServerConfigKeys (ConfUtils.java:logGet(46)) - raft.server.log.statemachine.data.sync = true (default)
2022-08-04 23:31:48,078 [pool-533-thread-1] INFO  server.RaftServerConfigKeys (ConfUtils.java:logGet(46)) - raft.server.log.statemachine.data.sync.timeout = 10s (default)
2022-08-04 23:31:48,078 [pool-533-thread-1] INFO  server.RaftServerConfigKeys (ConfUtils.java:logGet(46)) - raft.server.log.statemachine.data.sync.timeout.retry = -1 (default)
2022-08-04 23:31:48,096 [pool-533-thread-1] INFO  server.RaftServerConfigKeys (ConfUtils.java:logGet(46)) - raft.server.log.write.buffer.size = 1048576 (custom)
2022-08-04 23:31:48,096 [pool-533-thread-1] INFO  server.RaftServerConfigKeys (ConfUtils.java:logGet(46)) - raft.server.log.unsafe-flush.enabled = false (default)
2022-08-04 23:31:48,096 [pool-533-thread-1] INFO  server.RaftServerConfigKeys (ConfUtils.java:logGet(46)) - raft.server.log.statemachine.data.caching.enabled = true (custom)
2022-08-04 23:31:48,097 [pool-533-thread-1] INFO  segmented.SegmentedRaftLogWorker (SegmentedRaftLogWorker.java:lambda$new$0(135)) - fda7fb63-b703-4732-a633-14a9c7469eea@group-9D641DBD7BA7-SegmentedRaftLogWorker: flushIndex: setUnconditionally 0 -> -1
2022-08-04 23:31:48,097 [pool-533-thread-1] INFO  segmented.SegmentedRaftLogWorker (SegmentedRaftLogWorker.java:lambda$new$0(135)) - fda7fb63-b703-4732-a633-14a9c7469eea@group-9D641DBD7BA7-SegmentedRaftLogWorker: safeCacheEvictIndex: setUnconditionally 0 -> -1
2022-08-04 23:31:48,107 [pool-533-thread-1] INFO  server.RaftServerConfigKeys (ConfUtils.java:logGet(46)) - raft.server.snapshot.auto.trigger.enabled = true (custom)
2022-08-04 23:31:48,107 [pool-533-thread-1] INFO  server.RaftServerConfigKeys (ConfUtils.java:logGet(46)) - raft.server.snapshot.auto.trigger.threshold = 10000 (custom)
2022-08-04 23:31:48,107 [pool-533-thread-1] INFO  server.RaftServerConfigKeys (ConfUtils.java:logGet(46)) - raft.server.snapshot.retention.file.num = 5 (custom)
2022-08-04 23:31:48,107 [pool-533-thread-1] INFO  server.RaftServerConfigKeys (ConfUtils.java:logGet(46)) - raft.server.log.purge.upto.snapshot.index = false (default)
2022-08-04 23:31:48,107 [pool-533-thread-1] INFO  server.RaftServerConfigKeys (ConfUtils.java:logGet(46)) - raft.server.retrycache.expirytime = 600000ms (custom)
2022-08-04 23:31:48,107 [pool-533-thread-1] INFO  server.RaftServerConfigKeys (ConfUtils.java:logGet(46)) - raft.server.retrycache.statistics.expirytime = 100μs (default)
2022-08-04 23:31:48,108 [pool-533-thread-1] INFO  server.RaftServerConfigKeys (ConfUtils.java:logGet(46)) - raft.server.log.appender.install.snapshot.enabled = false (custom)
2022-08-04 23:31:48,108 [pool-533-thread-1] INFO  server.RaftServerConfigKeys (ConfUtils.java:logGet(46)) - raft.server.threadpool.server.cached = true (default)
2022-08-04 23:31:48,108 [pool-533-thread-1] INFO  server.RaftServerConfigKeys (ConfUtils.java:logGet(46)) - raft.server.threadpool.server.size = 0 (default)
2022-08-04 23:31:48,108 [pool-533-thread-1] INFO  server.RaftServerConfigKeys (ConfUtils.java:logGet(46)) - raft.server.threadpool.client.cached = true (default)
2022-08-04 23:31:48,108 [pool-533-thread-1] INFO  server.RaftServerConfigKeys (ConfUtils.java:logGet(46)) - raft.server.threadpool.client.size = 0 (default)
2022-08-04 23:31:48,109 [pool-533-thread-1] INFO  server.RaftServer$Division (RaftServerImpl.java:start(310)) - fda7fb63-b703-4732-a633-14a9c7469eea@group-B6602FDAD2CE: start as a follower, conf=-1: [6f44e897-2412-4a44-a30b-6ce2110987da|rpc:10.1.0.37:45047|dataStream:|priority:0, fda7fb63-b703-4732-a633-14a9c7469eea|rpc:10.1.0.37:40943|dataStream:|priority:1, e0f75b45-16fa-4273-b6f0-de8d2ea0717c|rpc:10.1.0.37:43771|dataStream:|priority:0], old=null
2022-08-04 23:31:48,109 [pool-533-thread-1] INFO  server.RaftServer$Division (RaftServerImpl.java:setRole(299)) - fda7fb63-b703-4732-a633-14a9c7469eea@group-B6602FDAD2CE: changes role from      null to FOLLOWER at term 0 for startAsFollower
2022-08-04 23:31:48,109 [pool-533-thread-1] INFO  impl.RoleInfo (RoleInfo.java:updateAndGet(139)) - fda7fb63-b703-4732-a633-14a9c7469eea: start fda7fb63-b703-4732-a633-14a9c7469eea@group-B6602FDAD2CE-FollowerState
2022-08-04 23:31:48,109 [pool-533-thread-1] INFO  util.JmxRegister (JmxRegister.java:tryRegister(44)) - Successfully registered JMX Bean with object name Ratis:service=RaftServer,group=group-B6602FDAD2CE,id=fda7fb63-b703-4732-a633-14a9c7469eea
2022-08-04 23:31:48,117 [pool-533-thread-1] INFO  server.RaftServer$Division (RaftServerImpl.java:start(310)) - fda7fb63-b703-4732-a633-14a9c7469eea@group-9D641DBD7BA7: start as a follower, conf=-1: [6f44e897-2412-4a44-a30b-6ce2110987da|rpc:10.1.0.37:45047|dataStream:|priority:0, fda7fb63-b703-4732-a633-14a9c7469eea|rpc:10.1.0.37:40943|dataStream:|priority:0, e0f75b45-16fa-4273-b6f0-de8d2ea0717c|rpc:10.1.0.37:43771|dataStream:|priority:1], old=null
2022-08-04 23:31:48,117 [pool-533-thread-1] INFO  server.RaftServer$Division (RaftServerImpl.java:setRole(299)) - fda7fb63-b703-4732-a633-14a9c7469eea@group-9D641DBD7BA7: changes role from      null to FOLLOWER at term 0 for startAsFollower
2022-08-04 23:31:48,117 [pool-533-thread-1] INFO  impl.RoleInfo (RoleInfo.java:updateAndGet(139)) - fda7fb63-b703-4732-a633-14a9c7469eea: start fda7fb63-b703-4732-a633-14a9c7469eea@group-9D641DBD7BA7-FollowerState
2022-08-04 23:31:48,118 [pool-533-thread-1] INFO  util.JmxRegister (JmxRegister.java:tryRegister(44)) - Successfully registered JMX Bean with object name Ratis:service=RaftServer,group=group-9D641DBD7BA7,id=fda7fb63-b703-4732-a633-14a9c7469eea
2022-08-04 23:31:48,136 [Command processor thread] INFO  commandhandler.CreatePipelineCommandHandler (CreatePipelineCommandHandler.java:handle(113)) - Created Pipeline RATIS THREE PipelineID=8eb89330-5c12-4996-82ca-b6602fdad2ce.
2022-08-04 23:31:48,136 [Command processor thread] INFO  server.RaftServer (RaftServerProxy.java:addNew(96)) - e0f75b45-16fa-4273-b6f0-de8d2ea0717c: addNew group-9D641DBD7BA7:[6f44e897-2412-4a44-a30b-6ce2110987da|rpc:10.1.0.37:45047|priority:0, fda7fb63-b703-4732-a633-14a9c7469eea|rpc:10.1.0.37:40943|priority:0, e0f75b45-16fa-4273-b6f0-de8d2ea0717c|rpc:10.1.0.37:43771|priority:1] returns group-9D641DBD7BA7:java.util.concurrent.CompletableFuture@2e4f34a8[Not completed]
2022-08-04 23:31:48,159 [pool-510-thread-1] INFO  server.RaftServer$Division (RaftServerImpl.java:<init>(190)) - e0f75b45-16fa-4273-b6f0-de8d2ea0717c: new RaftServerImpl for group-9D641DBD7BA7:[6f44e897-2412-4a44-a30b-6ce2110987da|rpc:10.1.0.37:45047|priority:0, fda7fb63-b703-4732-a633-14a9c7469eea|rpc:10.1.0.37:40943|priority:0, e0f75b45-16fa-4273-b6f0-de8d2ea0717c|rpc:10.1.0.37:43771|priority:1] with ContainerStateMachine:uninitialized
2022-08-04 23:31:48,159 [pool-510-thread-1] INFO  server.RaftServerConfigKeys (ConfUtils.java:logGet(46)) - raft.server.rpc.timeout.min = 5s (custom)
2022-08-04 23:31:48,159 [pool-510-thread-1] INFO  server.RaftServerConfigKeys (ConfUtils.java:logGet(46)) - raft.server.rpc.timeout.max = 5200ms (custom)
2022-08-04 23:31:48,159 [pool-510-thread-1] INFO  server.RaftServerConfigKeys (ConfUtils.java:logGet(46)) - raft.server.rpc.sleep.time = 25ms (default)
2022-08-04 23:31:48,159 [pool-510-thread-1] INFO  server.RaftServerConfigKeys (ConfUtils.java:logGet(46)) - raft.server.rpc.slowness.timeout = 300s (custom)
2022-08-04 23:31:48,159 [pool-510-thread-1] INFO  server.RaftServerConfigKeys (ConfUtils.java:logGet(46)) - raft.server.leaderelection.leader.step-down.wait-time = 10s (default)
2022-08-04 23:31:48,159 [pool-510-thread-1] INFO  server.RaftServerConfigKeys (ConfUtils.java:logGet(46)) - raft.server.sleep.deviation.threshold = 300ms (default)
2022-08-04 23:31:48,159 [pool-510-thread-1] INFO  server.RaftServer$Division (ServerState.java:<init>(107)) - e0f75b45-16fa-4273-b6f0-de8d2ea0717c@group-9D641DBD7BA7: ConfigurationManager, init=-1: [6f44e897-2412-4a44-a30b-6ce2110987da|rpc:10.1.0.37:45047|priority:0, fda7fb63-b703-4732-a633-14a9c7469eea|rpc:10.1.0.37:40943|priority:0, e0f75b45-16fa-4273-b6f0-de8d2ea0717c|rpc:10.1.0.37:43771|priority:1], old=null, confs=<EMPTY_MAP>
2022-08-04 23:31:48,160 [pool-510-thread-1] INFO  server.RaftServerConfigKeys (ConfUtils.java:logGet(46)) - raft.server.storage.dir = [/home/runner/work/ozone/ozone/hadoop-ozone/integration-test/target/test-dir/MiniOzoneClusterImpl-bb5f6a8d-8f39-43b4-baa3-4f9c3a5e14cf/datanode-0/data/ratis] (custom)
2022-08-04 23:31:48,160 [pool-510-thread-1] INFO  server.RaftServerConfigKeys (ConfUtils.java:logGet(46)) - raft.server.log.corruption.policy = EXCEPTION (default)
2022-08-04 23:31:48,160 [pool-510-thread-1] INFO  server.RaftServerConfigKeys (ConfUtils.java:logGet(46)) - raft.server.storage.free-space.min = 0MB (=0) (default)
2022-08-04 23:31:48,160 [pool-510-thread-1] INFO  storage.RaftStorageDirectory (RaftStorageDirectoryImpl.java:analyzeStorage(135)) - The storage directory /home/runner/work/ozone/ozone/hadoop-ozone/integration-test/target/test-dir/MiniOzoneClusterImpl-bb5f6a8d-8f39-43b4-baa3-4f9c3a5e14cf/datanode-0/data/ratis/3b2e611b-4661-47d7-bb78-9d641dbd7ba7 does not exist. Creating ...
2022-08-04 23:31:48,162 [pool-510-thread-1] INFO  storage.RaftStorageDirectory (RaftStorageDirectoryImpl.java:tryLock(230)) - Lock on /home/runner/work/ozone/ozone/hadoop-ozone/integration-test/target/test-dir/MiniOzoneClusterImpl-bb5f6a8d-8f39-43b4-baa3-4f9c3a5e14cf/datanode-0/data/ratis/3b2e611b-4661-47d7-bb78-9d641dbd7ba7/in_use.lock acquired by nodename 5725@fv-az241-597
2022-08-04 23:31:48,163 [pool-510-thread-1] INFO  storage.RaftStorage (RaftStorageImpl.java:format(89)) - Storage directory /home/runner/work/ozone/ozone/hadoop-ozone/integration-test/target/test-dir/MiniOzoneClusterImpl-bb5f6a8d-8f39-43b4-baa3-4f9c3a5e14cf/datanode-0/data/ratis/3b2e611b-4661-47d7-bb78-9d641dbd7ba7 has been successfully formatted.
2022-08-04 23:31:48,164 [pool-510-thread-1] INFO  ratis.ContainerStateMachine (ContainerStateMachine.java:loadSnapshot(236)) - group-9D641DBD7BA7: The snapshot info is null. Setting the last applied indexto:(t:0, i:~)
2022-08-04 23:31:48,164 [pool-510-thread-1] INFO  server.RaftServerConfigKeys (ConfUtils.java:logGet(46)) - raft.server.notification.no-leader.timeout = 300s (custom)
2022-08-04 23:31:48,164 [pool-510-thread-1] INFO  server.RaftServerConfigKeys (ConfUtils.java:logGet(46)) - raft.server.log.use.memory = false (default)
2022-08-04 23:31:48,164 [pool-510-thread-1] INFO  server.RaftServerConfigKeys (ConfUtils.java:logGet(46)) - raft.server.log.purge.gap = 1000000 (custom)
2022-08-04 23:31:48,164 [pool-510-thread-1] INFO  server.RaftServerConfigKeys (ConfUtils.java:logGet(46)) - raft.server.log.appender.buffer.byte-limit = 33554432 (custom)
2022-08-04 23:31:48,164 [pool-510-thread-1] INFO  server.RaftServerConfigKeys (ConfUtils.java:logGet(46)) - raft.server.log.statemachine.data.read.timeout = 1000ms (default)
2022-08-04 23:31:48,164 [pool-510-thread-1] INFO  server.RaftServerConfigKeys (ConfUtils.java:logGet(46)) - raft.server.log.segment.size.max = 1048576 (custom)
2022-08-04 23:31:48,164 [pool-510-thread-1] INFO  server.RaftServerConfigKeys (ConfUtils.java:logGet(46)) - raft.server.log.segment.cache.num.max = 2 (custom)
2022-08-04 23:31:48,164 [pool-510-thread-1] INFO  server.RaftServerConfigKeys (ConfUtils.java:logGet(46)) - raft.server.log.segment.cache.size.max = 200MB (=209715200) (default)
2022-08-04 23:31:48,164 [pool-510-thread-1] INFO  segmented.SegmentedRaftLogWorker (SegmentedRaftLogWorker.java:<init>(187)) - new e0f75b45-16fa-4273-b6f0-de8d2ea0717c@group-9D641DBD7BA7-SegmentedRaftLogWorker for RaftStorageImpl:Storage Directory /home/runner/work/ozone/ozone/hadoop-ozone/integration-test/target/test-dir/MiniOzoneClusterImpl-bb5f6a8d-8f39-43b4-baa3-4f9c3a5e14cf/datanode-0/data/ratis/3b2e611b-4661-47d7-bb78-9d641dbd7ba7
2022-08-04 23:31:48,164 [pool-510-thread-1] INFO  server.RaftServerConfigKeys (ConfUtils.java:logGet(46)) - raft.server.log.queue.byte-limit = 4294967296 (custom)
2022-08-04 23:31:48,164 [pool-510-thread-1] INFO  server.RaftServerConfigKeys (ConfUtils.java:logGet(46)) - raft.server.log.queue.element-limit = 1024 (custom)
2022-08-04 23:31:48,164 [pool-510-thread-1] INFO  server.RaftServerConfigKeys (ConfUtils.java:logGet(46)) - raft.server.log.segment.size.max = 1048576 (custom)
2022-08-04 23:31:48,164 [pool-510-thread-1] INFO  server.RaftServerConfigKeys (ConfUtils.java:logGet(46)) - raft.server.log.preallocated.size = 16384 (custom)
2022-08-04 23:31:48,164 [pool-510-thread-1] INFO  server.RaftServerConfigKeys (ConfUtils.java:logGet(46)) - raft.server.log.force.sync.num = 128 (default)
2022-08-04 23:31:48,165 [pool-510-thread-1] INFO  server.RaftServerConfigKeys (ConfUtils.java:logGet(46)) - raft.server.log.statemachine.data.sync = true (default)
2022-08-04 23:31:48,165 [pool-510-thread-1] INFO  server.RaftServerConfigKeys (ConfUtils.java:logGet(46)) - raft.server.log.statemachine.data.sync.timeout = 10s (default)
2022-08-04 23:31:48,165 [pool-510-thread-1] INFO  server.RaftServerConfigKeys (ConfUtils.java:logGet(46)) - raft.server.log.statemachine.data.sync.timeout.retry = -1 (default)
2022-08-04 23:31:48,167 [EventQueue-OpenPipelineForHealthyPipelineSafeModeRule] INFO  safemode.SCMSafeModeManager (HealthyPipelineSafeModeRule.java:process(137)) - SCM in safe mode. Healthy pipelines reported count is 0, required healthy pipeline reported count is 1
2022-08-04 23:31:48,167 [pool-510-thread-1] INFO  server.RaftServerConfigKeys (ConfUtils.java:logGet(46)) - raft.server.log.write.buffer.size = 1048576 (custom)
2022-08-04 23:31:48,168 [pool-510-thread-1] INFO  server.RaftServerConfigKeys (ConfUtils.java:logGet(46)) - raft.server.log.unsafe-flush.enabled = false (default)
2022-08-04 23:31:48,168 [pool-510-thread-1] INFO  server.RaftServerConfigKeys (ConfUtils.java:logGet(46)) - raft.server.log.statemachine.data.caching.enabled = true (custom)
2022-08-04 23:31:48,168 [pool-510-thread-1] INFO  segmented.SegmentedRaftLogWorker (SegmentedRaftLogWorker.java:lambda$new$0(135)) - e0f75b45-16fa-4273-b6f0-de8d2ea0717c@group-9D641DBD7BA7-SegmentedRaftLogWorker: flushIndex: setUnconditionally 0 -> -1
2022-08-04 23:31:48,168 [pool-510-thread-1] INFO  segmented.SegmentedRaftLogWorker (SegmentedRaftLogWorker.java:lambda$new$0(135)) - e0f75b45-16fa-4273-b6f0-de8d2ea0717c@group-9D641DBD7BA7-SegmentedRaftLogWorker: safeCacheEvictIndex: setUnconditionally 0 -> -1
2022-08-04 23:31:48,179 [pool-510-thread-1] INFO  server.RaftServerConfigKeys (ConfUtils.java:logGet(46)) - raft.server.snapshot.auto.trigger.enabled = true (custom)
2022-08-04 23:31:48,179 [pool-510-thread-1] INFO  server.RaftServerConfigKeys (ConfUtils.java:logGet(46)) - raft.server.snapshot.auto.trigger.threshold = 10000 (custom)
2022-08-04 23:31:48,189 [pool-510-thread-1] INFO  server.RaftServerConfigKeys (ConfUtils.java:logGet(46)) - raft.server.snapshot.retention.file.num = 5 (custom)
2022-08-04 23:31:48,189 [pool-510-thread-1] INFO  server.RaftServerConfigKeys (ConfUtils.java:logGet(46)) - raft.server.log.purge.upto.snapshot.index = false (default)
2022-08-04 23:31:48,189 [pool-510-thread-1] INFO  server.RaftServerConfigKeys (ConfUtils.java:logGet(46)) - raft.server.retrycache.expirytime = 600000ms (custom)
2022-08-04 23:31:48,189 [pool-510-thread-1] INFO  server.RaftServerConfigKeys (ConfUtils.java:logGet(46)) - raft.server.retrycache.statistics.expirytime = 100μs (default)
2022-08-04 23:31:48,190 [pool-510-thread-1] INFO  server.RaftServerConfigKeys (ConfUtils.java:logGet(46)) - raft.server.log.appender.install.snapshot.enabled = false (custom)
2022-08-04 23:31:48,190 [pool-510-thread-1] INFO  server.RaftServerConfigKeys (ConfUtils.java:logGet(46)) - raft.server.threadpool.server.cached = true (default)
2022-08-04 23:31:48,190 [pool-510-thread-1] INFO  server.RaftServerConfigKeys (ConfUtils.java:logGet(46)) - raft.server.threadpool.server.size = 0 (default)
2022-08-04 23:31:48,190 [pool-510-thread-1] INFO  server.RaftServerConfigKeys (ConfUtils.java:logGet(46)) - raft.server.threadpool.client.cached = true (default)
2022-08-04 23:31:48,190 [pool-510-thread-1] INFO  server.RaftServerConfigKeys (ConfUtils.java:logGet(46)) - raft.server.threadpool.client.size = 0 (default)
2022-08-04 23:31:48,190 [pool-510-thread-1] INFO  server.RaftServer$Division (RaftServerImpl.java:start(310)) - e0f75b45-16fa-4273-b6f0-de8d2ea0717c@group-9D641DBD7BA7: start as a follower, conf=-1: [6f44e897-2412-4a44-a30b-6ce2110987da|rpc:10.1.0.37:45047|priority:0, fda7fb63-b703-4732-a633-14a9c7469eea|rpc:10.1.0.37:40943|priority:0, e0f75b45-16fa-4273-b6f0-de8d2ea0717c|rpc:10.1.0.37:43771|priority:1], old=null
2022-08-04 23:31:48,190 [pool-510-thread-1] INFO  server.RaftServer$Division (RaftServerImpl.java:setRole(299)) - e0f75b45-16fa-4273-b6f0-de8d2ea0717c@group-9D641DBD7BA7: changes role from      null to FOLLOWER at term 0 for startAsFollower
2022-08-04 23:31:48,190 [pool-510-thread-1] INFO  impl.RoleInfo (RoleInfo.java:updateAndGet(139)) - e0f75b45-16fa-4273-b6f0-de8d2ea0717c: start e0f75b45-16fa-4273-b6f0-de8d2ea0717c@group-9D641DBD7BA7-FollowerState
2022-08-04 23:31:48,209 [pool-510-thread-1] INFO  util.JmxRegister (JmxRegister.java:tryRegister(44)) - Successfully registered JMX Bean with object name Ratis:service=RaftServer,group=group-9D641DBD7BA7,id=e0f75b45-16fa-4273-b6f0-de8d2ea0717c
2022-08-04 23:31:48,234 [Command processor thread] INFO  ratis.XceiverServerRatis (XceiverServerRatis.java:addGroup(765)) - Created group PipelineID=3b2e611b-4661-47d7-bb78-9d641dbd7ba7
2022-08-04 23:31:48,280 [Command processor thread] INFO  commandhandler.CreatePipelineCommandHandler (CreatePipelineCommandHandler.java:handle(113)) - Created Pipeline RATIS THREE PipelineID=3b2e611b-4661-47d7-bb78-9d641dbd7ba7.
2022-08-04 23:31:48,426 [Command processor thread] INFO  commandhandler.CreatePipelineCommandHandler (CreatePipelineCommandHandler.java:handle(113)) - Created Pipeline RATIS THREE PipelineID=3b2e611b-4661-47d7-bb78-9d641dbd7ba7.
2022-08-04 23:31:48,716 [Command processor thread] INFO  server.RaftServer (RaftServerProxy.java:addNew(96)) - fda7fb63-b703-4732-a633-14a9c7469eea: addNew group-902C15A056B9:[fda7fb63-b703-4732-a633-14a9c7469eea|rpc:10.1.0.37:40943|priority:1] returns group-902C15A056B9:java.util.concurrent.CompletableFuture@2671fcfc[Not completed]
2022-08-04 23:31:48,717 [pool-533-thread-1] INFO  server.RaftServer$Division (RaftServerImpl.java:<init>(190)) - fda7fb63-b703-4732-a633-14a9c7469eea: new RaftServerImpl for group-902C15A056B9:[fda7fb63-b703-4732-a633-14a9c7469eea|rpc:10.1.0.37:40943|priority:1] with ContainerStateMachine:uninitialized
2022-08-04 23:31:48,717 [pool-533-thread-1] INFO  server.RaftServerConfigKeys (ConfUtils.java:logGet(46)) - raft.server.rpc.timeout.min = 5s (custom)
2022-08-04 23:31:48,717 [pool-533-thread-1] INFO  server.RaftServerConfigKeys (ConfUtils.java:logGet(46)) - raft.server.rpc.timeout.max = 5200ms (custom)
2022-08-04 23:31:48,717 [pool-533-thread-1] INFO  server.RaftServerConfigKeys (ConfUtils.java:logGet(46)) - raft.server.rpc.sleep.time = 25ms (default)
2022-08-04 23:31:48,717 [pool-533-thread-1] INFO  server.RaftServerConfigKeys (ConfUtils.java:logGet(46)) - raft.server.rpc.slowness.timeout = 300s (custom)
2022-08-04 23:31:48,717 [pool-533-thread-1] INFO  server.RaftServerConfigKeys (ConfUtils.java:logGet(46)) - raft.server.leaderelection.leader.step-down.wait-time = 10s (default)
2022-08-04 23:31:48,717 [pool-533-thread-1] INFO  server.RaftServerConfigKeys (ConfUtils.java:logGet(46)) - raft.server.sleep.deviation.threshold = 300ms (default)
2022-08-04 23:31:48,717 [pool-533-thread-1] INFO  server.RaftServer$Division (ServerState.java:<init>(107)) - fda7fb63-b703-4732-a633-14a9c7469eea@group-902C15A056B9: ConfigurationManager, init=-1: [fda7fb63-b703-4732-a633-14a9c7469eea|rpc:10.1.0.37:40943|priority:1], old=null, confs=<EMPTY_MAP>
2022-08-04 23:31:48,717 [pool-533-thread-1] INFO  server.RaftServerConfigKeys (ConfUtils.java:logGet(46)) - raft.server.storage.dir = [/home/runner/work/ozone/ozone/hadoop-ozone/integration-test/target/test-dir/MiniOzoneClusterImpl-bb5f6a8d-8f39-43b4-baa3-4f9c3a5e14cf/datanode-1/data/ratis] (custom)
2022-08-04 23:31:48,717 [pool-533-thread-1] INFO  server.RaftServerConfigKeys (ConfUtils.java:logGet(46)) - raft.server.log.corruption.policy = EXCEPTION (default)
2022-08-04 23:31:48,717 [pool-533-thread-1] INFO  server.RaftServerConfigKeys (ConfUtils.java:logGet(46)) - raft.server.storage.free-space.min = 0MB (=0) (default)
2022-08-04 23:31:48,718 [pool-533-thread-1] INFO  storage.RaftStorageDirectory (RaftStorageDirectoryImpl.java:analyzeStorage(135)) - The storage directory /home/runner/work/ozone/ozone/hadoop-ozone/integration-test/target/test-dir/MiniOzoneClusterImpl-bb5f6a8d-8f39-43b4-baa3-4f9c3a5e14cf/datanode-1/data/ratis/a57ed692-5871-47a4-be8d-902c15a056b9 does not exist. Creating ...
2022-08-04 23:31:48,719 [pool-533-thread-1] INFO  storage.RaftStorageDirectory (RaftStorageDirectoryImpl.java:tryLock(230)) - Lock on /home/runner/work/ozone/ozone/hadoop-ozone/integration-test/target/test-dir/MiniOzoneClusterImpl-bb5f6a8d-8f39-43b4-baa3-4f9c3a5e14cf/datanode-1/data/ratis/a57ed692-5871-47a4-be8d-902c15a056b9/in_use.lock acquired by nodename 5725@fv-az241-597
2022-08-04 23:31:48,720 [pool-533-thread-1] INFO  storage.RaftStorage (RaftStorageImpl.java:format(89)) - Storage directory /home/runner/work/ozone/ozone/hadoop-ozone/integration-test/target/test-dir/MiniOzoneClusterImpl-bb5f6a8d-8f39-43b4-baa3-4f9c3a5e14cf/datanode-1/data/ratis/a57ed692-5871-47a4-be8d-902c15a056b9 has been successfully formatted.
2022-08-04 23:31:48,720 [pool-533-thread-1] INFO  ratis.ContainerStateMachine (ContainerStateMachine.java:loadSnapshot(236)) - group-902C15A056B9: The snapshot info is null. Setting the last applied indexto:(t:0, i:~)
2022-08-04 23:31:48,720 [pool-533-thread-1] INFO  server.RaftServerConfigKeys (ConfUtils.java:logGet(46)) - raft.server.notification.no-leader.timeout = 300s (custom)
2022-08-04 23:31:48,720 [pool-533-thread-1] INFO  server.RaftServerConfigKeys (ConfUtils.java:logGet(46)) - raft.server.log.use.memory = false (default)
2022-08-04 23:31:48,720 [pool-533-thread-1] INFO  server.RaftServerConfigKeys (ConfUtils.java:logGet(46)) - raft.server.log.purge.gap = 1000000 (custom)
2022-08-04 23:31:48,720 [pool-533-thread-1] INFO  server.RaftServerConfigKeys (ConfUtils.java:logGet(46)) - raft.server.log.appender.buffer.byte-limit = 33554432 (custom)
2022-08-04 23:31:48,720 [pool-533-thread-1] INFO  server.RaftServerConfigKeys (ConfUtils.java:logGet(46)) - raft.server.log.statemachine.data.read.timeout = 1000ms (default)
2022-08-04 23:31:48,720 [pool-533-thread-1] INFO  server.RaftServerConfigKeys (ConfUtils.java:logGet(46)) - raft.server.log.segment.size.max = 1048576 (custom)
2022-08-04 23:31:48,721 [pool-533-thread-1] INFO  server.RaftServerConfigKeys (ConfUtils.java:logGet(46)) - raft.server.log.segment.cache.num.max = 2 (custom)
2022-08-04 23:31:48,721 [pool-533-thread-1] INFO  server.RaftServerConfigKeys (ConfUtils.java:logGet(46)) - raft.server.log.segment.cache.size.max = 200MB (=209715200) (default)
2022-08-04 23:31:48,721 [pool-533-thread-1] INFO  segmented.SegmentedRaftLogWorker (SegmentedRaftLogWorker.java:<init>(187)) - new fda7fb63-b703-4732-a633-14a9c7469eea@group-902C15A056B9-SegmentedRaftLogWorker for RaftStorageImpl:Storage Directory /home/runner/work/ozone/ozone/hadoop-ozone/integration-test/target/test-dir/MiniOzoneClusterImpl-bb5f6a8d-8f39-43b4-baa3-4f9c3a5e14cf/datanode-1/data/ratis/a57ed692-5871-47a4-be8d-902c15a056b9
2022-08-04 23:31:48,721 [pool-533-thread-1] INFO  server.RaftServerConfigKeys (ConfUtils.java:logGet(46)) - raft.server.log.queue.byte-limit = 4294967296 (custom)
2022-08-04 23:31:48,721 [pool-533-thread-1] INFO  server.RaftServerConfigKeys (ConfUtils.java:logGet(46)) - raft.server.log.queue.element-limit = 1024 (custom)
2022-08-04 23:31:48,721 [pool-533-thread-1] INFO  server.RaftServerConfigKeys (ConfUtils.java:logGet(46)) - raft.server.log.segment.size.max = 1048576 (custom)
2022-08-04 23:31:48,721 [pool-533-thread-1] INFO  server.RaftServerConfigKeys (ConfUtils.java:logGet(46)) - raft.server.log.preallocated.size = 16384 (custom)
2022-08-04 23:31:48,721 [pool-533-thread-1] INFO  server.RaftServerConfigKeys (ConfUtils.java:logGet(46)) - raft.server.log.force.sync.num = 128 (default)
2022-08-04 23:31:48,721 [pool-533-thread-1] INFO  server.RaftServerConfigKeys (ConfUtils.java:logGet(46)) - raft.server.log.statemachine.data.sync = true (default)
2022-08-04 23:31:48,721 [pool-533-thread-1] INFO  server.RaftServerConfigKeys (ConfUtils.java:logGet(46)) - raft.server.log.statemachine.data.sync.timeout = 10s (default)
2022-08-04 23:31:48,721 [pool-533-thread-1] INFO  server.RaftServerConfigKeys (ConfUtils.java:logGet(46)) - raft.server.log.statemachine.data.sync.timeout.retry = -1 (default)
2022-08-04 23:31:48,722 [pool-533-thread-1] INFO  server.RaftServerConfigKeys (ConfUtils.java:logGet(46)) - raft.server.log.write.buffer.size = 1048576 (custom)
2022-08-04 23:31:48,722 [pool-533-thread-1] INFO  server.RaftServerConfigKeys (ConfUtils.java:logGet(46)) - raft.server.log.unsafe-flush.enabled = false (default)
2022-08-04 23:31:48,722 [pool-533-thread-1] INFO  server.RaftServerConfigKeys (ConfUtils.java:logGet(46)) - raft.server.log.statemachine.data.caching.enabled = true (custom)
2022-08-04 23:31:48,723 [pool-533-thread-1] INFO  segmented.SegmentedRaftLogWorker (SegmentedRaftLogWorker.java:lambda$new$0(135)) - fda7fb63-b703-4732-a633-14a9c7469eea@group-902C15A056B9-SegmentedRaftLogWorker: flushIndex: setUnconditionally 0 -> -1
2022-08-04 23:31:48,723 [pool-533-thread-1] INFO  segmented.SegmentedRaftLogWorker (SegmentedRaftLogWorker.java:lambda$new$0(135)) - fda7fb63-b703-4732-a633-14a9c7469eea@group-902C15A056B9-SegmentedRaftLogWorker: safeCacheEvictIndex: setUnconditionally 0 -> -1
2022-08-04 23:31:48,727 [EventQueue-PipelineReportForPipelineReportHandler] INFO  pipeline.PipelineManagerImpl (PipelineManagerImpl.java:openPipeline(367)) - Pipeline Pipeline[ Id: a57ed692-5871-47a4-be8d-902c15a056b9, Nodes: fda7fb63-b703-4732-a633-14a9c7469eea{ip: 10.1.0.37, host: fv-az241-597.bb25ywkzvhnelkltyshw0e441e.jx.internal.cloudapp.net, ports: [REPLICATION=39557, RATIS=40943, RATIS_ADMIN=40943, RATIS_SERVER=40943, STANDALONE=33729], networkLocation: /default-rack, certSerialId: null, persistedOpState: IN_SERVICE, persistedOpStateExpiryEpochSec: 0}, ReplicationConfig: RATIS/ONE, State:ALLOCATED, leaderId:fda7fb63-b703-4732-a633-14a9c7469eea, CreationTimestamp2022-08-04T23:31:45.721Z[Etc/UTC]] moved to OPEN state
2022-08-04 23:31:48,728 [EventQueue-OpenPipelineForHealthyPipelineSafeModeRule] INFO  safemode.SCMSafeModeManager (HealthyPipelineSafeModeRule.java:process(137)) - SCM in safe mode. Healthy pipelines reported count is 0, required healthy pipeline reported count is 1
2022-08-04 23:31:48,743 [pool-533-thread-1] INFO  server.RaftServerConfigKeys (ConfUtils.java:logGet(46)) - raft.server.snapshot.auto.trigger.enabled = true (custom)
2022-08-04 23:31:48,743 [pool-533-thread-1] INFO  server.RaftServerConfigKeys (ConfUtils.java:logGet(46)) - raft.server.snapshot.auto.trigger.threshold = 10000 (custom)
2022-08-04 23:31:48,743 [pool-533-thread-1] INFO  server.RaftServerConfigKeys (ConfUtils.java:logGet(46)) - raft.server.snapshot.retention.file.num = 5 (custom)
2022-08-04 23:31:48,743 [pool-533-thread-1] INFO  server.RaftServerConfigKeys (ConfUtils.java:logGet(46)) - raft.server.log.purge.upto.snapshot.index = false (default)
2022-08-04 23:31:48,743 [pool-533-thread-1] INFO  server.RaftServerConfigKeys (ConfUtils.java:logGet(46)) - raft.server.retrycache.expirytime = 600000ms (custom)
2022-08-04 23:31:48,743 [pool-533-thread-1] INFO  server.RaftServerConfigKeys (ConfUtils.java:logGet(46)) - raft.server.retrycache.statistics.expirytime = 100μs (default)
2022-08-04 23:31:48,744 [pool-533-thread-1] INFO  server.RaftServerConfigKeys (ConfUtils.java:logGet(46)) - raft.server.log.appender.install.snapshot.enabled = false (custom)
2022-08-04 23:31:48,744 [pool-533-thread-1] INFO  server.RaftServerConfigKeys (ConfUtils.java:logGet(46)) - raft.server.threadpool.server.cached = true (default)
2022-08-04 23:31:48,744 [pool-533-thread-1] INFO  server.RaftServerConfigKeys (ConfUtils.java:logGet(46)) - raft.server.threadpool.server.size = 0 (default)
2022-08-04 23:31:48,744 [pool-533-thread-1] INFO  server.RaftServerConfigKeys (ConfUtils.java:logGet(46)) - raft.server.threadpool.client.cached = true (default)
2022-08-04 23:31:48,745 [pool-533-thread-1] INFO  server.RaftServerConfigKeys (ConfUtils.java:logGet(46)) - raft.server.threadpool.client.size = 0 (default)
2022-08-04 23:31:48,745 [pool-533-thread-1] INFO  server.RaftServer$Division (RaftServerImpl.java:start(310)) - fda7fb63-b703-4732-a633-14a9c7469eea@group-902C15A056B9: start as a follower, conf=-1: [fda7fb63-b703-4732-a633-14a9c7469eea|rpc:10.1.0.37:40943|priority:1], old=null
2022-08-04 23:31:48,745 [pool-533-thread-1] INFO  server.RaftServer$Division (RaftServerImpl.java:setRole(299)) - fda7fb63-b703-4732-a633-14a9c7469eea@group-902C15A056B9: changes role from      null to FOLLOWER at term 0 for startAsFollower
2022-08-04 23:31:48,745 [pool-533-thread-1] INFO  impl.RoleInfo (RoleInfo.java:updateAndGet(139)) - fda7fb63-b703-4732-a633-14a9c7469eea: start fda7fb63-b703-4732-a633-14a9c7469eea@group-902C15A056B9-FollowerState
2022-08-04 23:31:48,757 [pool-533-thread-1] INFO  util.JmxRegister (JmxRegister.java:tryRegister(44)) - Successfully registered JMX Bean with object name Ratis:service=RaftServer,group=group-902C15A056B9,id=fda7fb63-b703-4732-a633-14a9c7469eea
2022-08-04 23:31:48,758 [Command processor thread] INFO  ratis.XceiverServerRatis (XceiverServerRatis.java:addGroup(765)) - Created group PipelineID=a57ed692-5871-47a4-be8d-902c15a056b9
2022-08-04 23:31:48,758 [Command processor thread] INFO  commandhandler.CreatePipelineCommandHandler (CreatePipelineCommandHandler.java:handle(113)) - Created Pipeline RATIS ONE PipelineID=a57ed692-5871-47a4-be8d-902c15a056b9.
2022-08-04 23:31:48,862 [Listener at 127.0.0.1/46503] INFO  ozone.MiniOzoneClusterImpl (MiniOzoneClusterImpl.java:lambda$waitForClusterToBeReady$0(216)) - Nodes are ready. Got 3 of 3 DN Heartbeats.
2022-08-04 23:31:48,862 [Listener at 127.0.0.1/46503] INFO  ozone.MiniOzoneClusterImpl (MiniOzoneClusterImpl.java:lambda$waitForClusterToBeReady$0(219)) - Waiting for cluster to exit safe mode
2022-08-04 23:31:48,862 [Listener at 127.0.0.1/46503] INFO  ozone.MiniOzoneClusterImpl (MiniOzoneClusterImpl.java:lambda$waitForClusterToBeReady$0(221)) - SCM became leader
2022-08-04 23:31:49,862 [Listener at 127.0.0.1/46503] INFO  ozone.MiniOzoneClusterImpl (MiniOzoneClusterImpl.java:lambda$waitForClusterToBeReady$0(216)) - Nodes are ready. Got 3 of 3 DN Heartbeats.
2022-08-04 23:31:49,863 [Listener at 127.0.0.1/46503] INFO  ozone.MiniOzoneClusterImpl (MiniOzoneClusterImpl.java:lambda$waitForClusterToBeReady$0(219)) - Waiting for cluster to exit safe mode
2022-08-04 23:31:49,863 [Listener at 127.0.0.1/46503] INFO  ozone.MiniOzoneClusterImpl (MiniOzoneClusterImpl.java:lambda$waitForClusterToBeReady$0(221)) - SCM became leader
2022-08-04 23:31:50,863 [Listener at 127.0.0.1/46503] INFO  ozone.MiniOzoneClusterImpl (MiniOzoneClusterImpl.java:lambda$waitForClusterToBeReady$0(216)) - Nodes are ready. Got 3 of 3 DN Heartbeats.
2022-08-04 23:31:50,863 [Listener at 127.0.0.1/46503] INFO  ozone.MiniOzoneClusterImpl (MiniOzoneClusterImpl.java:lambda$waitForClusterToBeReady$0(219)) - Waiting for cluster to exit safe mode
2022-08-04 23:31:50,863 [Listener at 127.0.0.1/46503] INFO  ozone.MiniOzoneClusterImpl (MiniOzoneClusterImpl.java:lambda$waitForClusterToBeReady$0(221)) - SCM became leader
2022-08-04 23:31:51,863 [Listener at 127.0.0.1/46503] INFO  ozone.MiniOzoneClusterImpl (MiniOzoneClusterImpl.java:lambda$waitForClusterToBeReady$0(216)) - Nodes are ready. Got 3 of 3 DN Heartbeats.
2022-08-04 23:31:51,864 [Listener at 127.0.0.1/46503] INFO  ozone.MiniOzoneClusterImpl (MiniOzoneClusterImpl.java:lambda$waitForClusterToBeReady$0(219)) - Waiting for cluster to exit safe mode
2022-08-04 23:31:51,864 [Listener at 127.0.0.1/46503] INFO  ozone.MiniOzoneClusterImpl (MiniOzoneClusterImpl.java:lambda$waitForClusterToBeReady$0(221)) - SCM became leader
2022-08-04 23:31:52,632 [e0f75b45-16fa-4273-b6f0-de8d2ea0717c@group-B6602FDAD2CE-FollowerState] INFO  impl.FollowerState (FollowerState.java:run(143)) - e0f75b45-16fa-4273-b6f0-de8d2ea0717c@group-B6602FDAD2CE-FollowerState: change to CANDIDATE, lastRpcElapsedTime:5043380876ns, electionTimeout:5028ms
2022-08-04 23:31:52,632 [e0f75b45-16fa-4273-b6f0-de8d2ea0717c@group-B6602FDAD2CE-FollowerState] INFO  impl.RoleInfo (RoleInfo.java:shutdownFollowerState(110)) - e0f75b45-16fa-4273-b6f0-de8d2ea0717c: shutdown e0f75b45-16fa-4273-b6f0-de8d2ea0717c@group-B6602FDAD2CE-FollowerState
2022-08-04 23:31:52,632 [e0f75b45-16fa-4273-b6f0-de8d2ea0717c@group-B6602FDAD2CE-FollowerState] INFO  server.RaftServer$Division (RaftServerImpl.java:setRole(299)) - e0f75b45-16fa-4273-b6f0-de8d2ea0717c@group-B6602FDAD2CE: changes role from  FOLLOWER to CANDIDATE at term 0 for changeToCandidate
2022-08-04 23:31:52,632 [e0f75b45-16fa-4273-b6f0-de8d2ea0717c@group-B6602FDAD2CE-FollowerState] INFO  server.RaftServerConfigKeys (ConfUtils.java:logGet(46)) - raft.server.leaderelection.pre-vote = false (custom)
2022-08-04 23:31:52,633 [e0f75b45-16fa-4273-b6f0-de8d2ea0717c@group-B6602FDAD2CE-FollowerState] INFO  impl.RoleInfo (RoleInfo.java:updateAndGet(139)) - e0f75b45-16fa-4273-b6f0-de8d2ea0717c: start e0f75b45-16fa-4273-b6f0-de8d2ea0717c@group-B6602FDAD2CE-LeaderElection35
2022-08-04 23:31:52,662 [e0f75b45-16fa-4273-b6f0-de8d2ea0717c@group-79390B875F20-FollowerState] INFO  impl.FollowerState (FollowerState.java:run(143)) - e0f75b45-16fa-4273-b6f0-de8d2ea0717c@group-79390B875F20-FollowerState: change to CANDIDATE, lastRpcElapsedTime:5125051645ns, electionTimeout:5111ms
2022-08-04 23:31:52,662 [e0f75b45-16fa-4273-b6f0-de8d2ea0717c@group-79390B875F20-FollowerState] INFO  impl.RoleInfo (RoleInfo.java:shutdownFollowerState(110)) - e0f75b45-16fa-4273-b6f0-de8d2ea0717c: shutdown e0f75b45-16fa-4273-b6f0-de8d2ea0717c@group-79390B875F20-FollowerState
2022-08-04 23:31:52,662 [e0f75b45-16fa-4273-b6f0-de8d2ea0717c@group-79390B875F20-FollowerState] INFO  server.RaftServer$Division (RaftServerImpl.java:setRole(299)) - e0f75b45-16fa-4273-b6f0-de8d2ea0717c@group-79390B875F20: changes role from  FOLLOWER to CANDIDATE at term 0 for changeToCandidate
2022-08-04 23:31:52,662 [e0f75b45-16fa-4273-b6f0-de8d2ea0717c@group-79390B875F20-FollowerState] INFO  server.RaftServerConfigKeys (ConfUtils.java:logGet(46)) - raft.server.leaderelection.pre-vote = false (custom)
2022-08-04 23:31:52,662 [e0f75b45-16fa-4273-b6f0-de8d2ea0717c@group-79390B875F20-FollowerState] INFO  impl.RoleInfo (RoleInfo.java:updateAndGet(139)) - e0f75b45-16fa-4273-b6f0-de8d2ea0717c: start e0f75b45-16fa-4273-b6f0-de8d2ea0717c@group-79390B875F20-LeaderElection36
2022-08-04 23:31:52,686 [e0f75b45-16fa-4273-b6f0-de8d2ea0717c@group-B6602FDAD2CE-LeaderElection35] INFO  impl.LeaderElection (LeaderElection.java:askForVotes(310)) - e0f75b45-16fa-4273-b6f0-de8d2ea0717c@group-B6602FDAD2CE-LeaderElection35 ELECTION round 0: submit vote requests at term 1 for -1: [6f44e897-2412-4a44-a30b-6ce2110987da|rpc:10.1.0.37:45047|priority:0, fda7fb63-b703-4732-a633-14a9c7469eea|rpc:10.1.0.37:40943|priority:1, e0f75b45-16fa-4273-b6f0-de8d2ea0717c|rpc:10.1.0.37:43771|priority:0], old=null
2022-08-04 23:31:52,690 [e0f75b45-16fa-4273-b6f0-de8d2ea0717c@group-79390B875F20-LeaderElection36] INFO  impl.LeaderElection (LeaderElection.java:askForVotes(310)) - e0f75b45-16fa-4273-b6f0-de8d2ea0717c@group-79390B875F20-LeaderElection36 ELECTION round 0: submit vote requests at term 1 for -1: [e0f75b45-16fa-4273-b6f0-de8d2ea0717c|rpc:10.1.0.37:43771|priority:1], old=null
2022-08-04 23:31:52,690 [e0f75b45-16fa-4273-b6f0-de8d2ea0717c@group-79390B875F20-LeaderElection36] INFO  impl.LeaderElection (LeaderElection.java:askForVotes(312)) - e0f75b45-16fa-4273-b6f0-de8d2ea0717c@group-79390B875F20-LeaderElection36 ELECTION round 0: result PASSED (term=1)
2022-08-04 23:31:52,690 [e0f75b45-16fa-4273-b6f0-de8d2ea0717c@group-79390B875F20-LeaderElection36] INFO  impl.RoleInfo (RoleInfo.java:shutdownLeaderElection(130)) - e0f75b45-16fa-4273-b6f0-de8d2ea0717c: shutdown e0f75b45-16fa-4273-b6f0-de8d2ea0717c@group-79390B875F20-LeaderElection36
2022-08-04 23:31:52,690 [e0f75b45-16fa-4273-b6f0-de8d2ea0717c@group-79390B875F20-LeaderElection36] INFO  server.RaftServer$Division (RaftServerImpl.java:setRole(299)) - e0f75b45-16fa-4273-b6f0-de8d2ea0717c@group-79390B875F20: changes role from CANDIDATE to LEADER at term 1 for changeToLeader
2022-08-04 23:31:52,690 [e0f75b45-16fa-4273-b6f0-de8d2ea0717c@group-79390B875F20-LeaderElection36] INFO  ratis.XceiverServerRatis (XceiverServerRatis.java:handleLeaderChangedNotification(863)) - Leader change notification received for group: group-79390B875F20 with new leaderId: e0f75b45-16fa-4273-b6f0-de8d2ea0717c
2022-08-04 23:31:52,691 [e0f75b45-16fa-4273-b6f0-de8d2ea0717c@group-79390B875F20-LeaderElection36] INFO  server.RaftServer$Division (ServerState.java:setLeader(287)) - e0f75b45-16fa-4273-b6f0-de8d2ea0717c@group-79390B875F20: change Leader from null to e0f75b45-16fa-4273-b6f0-de8d2ea0717c at term 1 for becomeLeader, leader elected after 5200ms
2022-08-04 23:31:52,691 [e0f75b45-16fa-4273-b6f0-de8d2ea0717c@group-79390B875F20-LeaderElection36] INFO  server.RaftServerConfigKeys (ConfUtils.java:logGet(46)) - raft.server.staging.catchup.gap = 1000 (default)
2022-08-04 23:31:52,691 [e0f75b45-16fa-4273-b6f0-de8d2ea0717c@group-79390B875F20-LeaderElection36] INFO  server.RaftServerConfigKeys (ConfUtils.java:logGet(46)) - raft.server.write.element-limit = 1024 (custom)
2022-08-04 23:31:52,691 [e0f75b45-16fa-4273-b6f0-de8d2ea0717c@group-79390B875F20-LeaderElection36] INFO  server.RaftServerConfigKeys (ConfUtils.java:logGet(46)) - raft.server.write.byte-limit = 1024 M (=1073741824) (custom)
2022-08-04 23:31:52,691 [e0f75b45-16fa-4273-b6f0-de8d2ea0717c@group-79390B875F20-LeaderElection36] INFO  server.RaftServerConfigKeys (ConfUtils.java:logGet(46)) - raft.server.watch.timeout = 180s (custom)
2022-08-04 23:31:52,691 [e0f75b45-16fa-4273-b6f0-de8d2ea0717c@group-79390B875F20-LeaderElection36] INFO  server.RaftServerConfigKeys (ConfUtils.java:logGet(46)) - raft.server.watch.timeout.denomination = 1s (default)
2022-08-04 23:31:52,691 [e0f75b45-16fa-4273-b6f0-de8d2ea0717c@group-79390B875F20-LeaderElection36] INFO  server.RaftServerConfigKeys (ConfUtils.java:logGet(46)) - raft.server.watch.element-limit = 65536 (default)
2022-08-04 23:31:52,691 [e0f75b45-16fa-4273-b6f0-de8d2ea0717c@group-79390B875F20-LeaderElection36] INFO  server.RaftServerConfigKeys (ConfUtils.java:logGet(46)) - raft.server.write.element-limit = 1024 (custom)
2022-08-04 23:31:52,691 [e0f75b45-16fa-4273-b6f0-de8d2ea0717c@group-79390B875F20-LeaderElection36] INFO  server.RaftServerConfigKeys (ConfUtils.java:logGet(46)) - raft.server.write.follower.gap.ratio.max = -1.0 (default)
2022-08-04 23:31:52,692 [e0f75b45-16fa-4273-b6f0-de8d2ea0717c@group-79390B875F20-LeaderElection36] INFO  impl.RoleInfo (RoleInfo.java:updateAndGet(139)) - e0f75b45-16fa-4273-b6f0-de8d2ea0717c: start e0f75b45-16fa-4273-b6f0-de8d2ea0717c@group-79390B875F20-LeaderStateImpl
2022-08-04 23:31:52,692 [e0f75b45-16fa-4273-b6f0-de8d2ea0717c@group-79390B875F20-LeaderElection36] INFO  segmented.SegmentedRaftLogWorker (SegmentedRaftLogWorker.java:startLogSegment(425)) - e0f75b45-16fa-4273-b6f0-de8d2ea0717c@group-79390B875F20-SegmentedRaftLogWorker: Starting segment from index:0
2022-08-04 23:31:52,696 [e0f75b45-16fa-4273-b6f0-de8d2ea0717c@group-79390B875F20-SegmentedRaftLogWorker] INFO  segmented.SegmentedRaftLogWorker (SegmentedRaftLogWorker.java:execute(629)) - e0f75b45-16fa-4273-b6f0-de8d2ea0717c@group-79390B875F20-SegmentedRaftLogWorker: created new log segment /home/runner/work/ozone/ozone/hadoop-ozone/integration-test/target/test-dir/MiniOzoneClusterImpl-bb5f6a8d-8f39-43b4-baa3-4f9c3a5e14cf/datanode-0/data/ratis/31da318b-c780-4fb4-8962-79390b875f20/current/log_inprogress_0
2022-08-04 23:31:52,696 [e0f75b45-16fa-4273-b6f0-de8d2ea0717c@group-79390B875F20-LeaderElection36] INFO  server.RaftServer$Division (ServerState.java:setRaftConf(393)) - e0f75b45-16fa-4273-b6f0-de8d2ea0717c@group-79390B875F20: set configuration 0: [e0f75b45-16fa-4273-b6f0-de8d2ea0717c|rpc:10.1.0.37:43771|dataStream:|priority:1], old=null
2022-08-04 23:31:52,711 [EventQueue-OpenPipelineForHealthyPipelineSafeModeRule] INFO  safemode.SCMSafeModeManager (HealthyPipelineSafeModeRule.java:process(137)) - SCM in safe mode. Healthy pipelines reported count is 0, required healthy pipeline reported count is 1
2022-08-04 23:31:52,739 [grpc-default-executor-0] INFO  server.RaftServer$Division (RaftServerImpl.java:requestVote(1152)) - fda7fb63-b703-4732-a633-14a9c7469eea@group-B6602FDAD2CE: receive requestVote(ELECTION, e0f75b45-16fa-4273-b6f0-de8d2ea0717c, group-B6602FDAD2CE, 1, (t:0, i:0))
2022-08-04 23:31:52,739 [grpc-default-executor-0] INFO  impl.VoteContext (VoteContext.java:log(48)) - fda7fb63-b703-4732-a633-14a9c7469eea@group-B6602FDAD2CE-FOLLOWER: reject ELECTION from e0f75b45-16fa-4273-b6f0-de8d2ea0717c: our priority 1 > candidate's priority 0
2022-08-04 23:31:52,739 [grpc-default-executor-0] INFO  server.RaftServer$Division (RaftServerImpl.java:setRole(299)) - fda7fb63-b703-4732-a633-14a9c7469eea@group-B6602FDAD2CE: changes role from  FOLLOWER to FOLLOWER at term 1 for candidate:e0f75b45-16fa-4273-b6f0-de8d2ea0717c
2022-08-04 23:31:52,740 [grpc-default-executor-0] INFO  impl.RoleInfo (RoleInfo.java:shutdownFollowerState(110)) - fda7fb63-b703-4732-a633-14a9c7469eea: shutdown fda7fb63-b703-4732-a633-14a9c7469eea@group-B6602FDAD2CE-FollowerState
2022-08-04 23:31:52,740 [grpc-default-executor-0] INFO  impl.RoleInfo (RoleInfo.java:updateAndGet(139)) - fda7fb63-b703-4732-a633-14a9c7469eea: start fda7fb63-b703-4732-a633-14a9c7469eea@group-B6602FDAD2CE-FollowerState
2022-08-04 23:31:52,740 [fda7fb63-b703-4732-a633-14a9c7469eea@group-B6602FDAD2CE-FollowerState] INFO  impl.FollowerState (FollowerState.java:run(152)) - fda7fb63-b703-4732-a633-14a9c7469eea@group-B6602FDAD2CE-FollowerState was interrupted
2022-08-04 23:31:52,773 [grpc-default-executor-0] INFO  server.RaftServer$Division (RaftServerImpl.java:requestVote(1184)) - fda7fb63-b703-4732-a633-14a9c7469eea@group-B6602FDAD2CE replies to ELECTION vote request: e0f75b45-16fa-4273-b6f0-de8d2ea0717c<-fda7fb63-b703-4732-a633-14a9c7469eea#0:FAIL-t1. Peer's state: fda7fb63-b703-4732-a633-14a9c7469eea@group-B6602FDAD2CE:t1, leader=null, voted=null, raftlog=fda7fb63-b703-4732-a633-14a9c7469eea@group-B6602FDAD2CE-SegmentedRaftLog:OPENED:c-1, conf=-1: [6f44e897-2412-4a44-a30b-6ce2110987da|rpc:10.1.0.37:45047|dataStream:|priority:0, fda7fb63-b703-4732-a633-14a9c7469eea|rpc:10.1.0.37:40943|dataStream:|priority:1, e0f75b45-16fa-4273-b6f0-de8d2ea0717c|rpc:10.1.0.37:43771|dataStream:|priority:0], old=null
2022-08-04 23:31:52,779 [e0f75b45-16fa-4273-b6f0-de8d2ea0717c@group-B6602FDAD2CE-LeaderElection35] INFO  impl.LeaderElection (LeaderElection.java:logAndReturn(90)) - e0f75b45-16fa-4273-b6f0-de8d2ea0717c@group-B6602FDAD2CE-LeaderElection35: ELECTION REJECTED received 1 response(s) and 0 exception(s):
2022-08-04 23:31:52,779 [e0f75b45-16fa-4273-b6f0-de8d2ea0717c@group-B6602FDAD2CE-LeaderElection35] INFO  impl.LeaderElection (LeaderElection.java:logAndReturn(94)) -   Response 0: e0f75b45-16fa-4273-b6f0-de8d2ea0717c<-fda7fb63-b703-4732-a633-14a9c7469eea#0:FAIL-t1
2022-08-04 23:31:52,779 [e0f75b45-16fa-4273-b6f0-de8d2ea0717c@group-B6602FDAD2CE-LeaderElection35] INFO  impl.LeaderElection (LeaderElection.java:askForVotes(312)) - e0f75b45-16fa-4273-b6f0-de8d2ea0717c@group-B6602FDAD2CE-LeaderElection35 ELECTION round 0: result REJECTED
2022-08-04 23:31:52,779 [e0f75b45-16fa-4273-b6f0-de8d2ea0717c@group-B6602FDAD2CE-LeaderElection35] INFO  server.RaftServer$Division (RaftServerImpl.java:setRole(299)) - e0f75b45-16fa-4273-b6f0-de8d2ea0717c@group-B6602FDAD2CE: changes role from CANDIDATE to FOLLOWER at term 1 for REJECTED
2022-08-04 23:31:52,779 [e0f75b45-16fa-4273-b6f0-de8d2ea0717c@group-B6602FDAD2CE-LeaderElection35] INFO  impl.RoleInfo (RoleInfo.java:shutdownLeaderElection(130)) - e0f75b45-16fa-4273-b6f0-de8d2ea0717c: shutdown e0f75b45-16fa-4273-b6f0-de8d2ea0717c@group-B6602FDAD2CE-LeaderElection35
2022-08-04 23:31:52,779 [e0f75b45-16fa-4273-b6f0-de8d2ea0717c@group-B6602FDAD2CE-LeaderElection35] INFO  impl.RoleInfo (RoleInfo.java:updateAndGet(139)) - e0f75b45-16fa-4273-b6f0-de8d2ea0717c: start e0f75b45-16fa-4273-b6f0-de8d2ea0717c@group-B6602FDAD2CE-FollowerState
2022-08-04 23:31:52,796 [6f44e897-2412-4a44-a30b-6ce2110987da@group-B6602FDAD2CE-FollowerState] INFO  impl.FollowerState (FollowerState.java:run(143)) - 6f44e897-2412-4a44-a30b-6ce2110987da@group-B6602FDAD2CE-FollowerState: change to CANDIDATE, lastRpcElapsedTime:5031795195ns, electionTimeout:5000ms
2022-08-04 23:31:52,796 [6f44e897-2412-4a44-a30b-6ce2110987da@group-B6602FDAD2CE-FollowerState] INFO  impl.RoleInfo (RoleInfo.java:shutdownFollowerState(110)) - 6f44e897-2412-4a44-a30b-6ce2110987da: shutdown 6f44e897-2412-4a44-a30b-6ce2110987da@group-B6602FDAD2CE-FollowerState
2022-08-04 23:31:52,796 [6f44e897-2412-4a44-a30b-6ce2110987da@group-B6602FDAD2CE-FollowerState] INFO  server.RaftServer$Division (RaftServerImpl.java:setRole(299)) - 6f44e897-2412-4a44-a30b-6ce2110987da@group-B6602FDAD2CE: changes role from  FOLLOWER to CANDIDATE at term 0 for changeToCandidate
2022-08-04 23:31:52,796 [6f44e897-2412-4a44-a30b-6ce2110987da@group-B6602FDAD2CE-FollowerState] INFO  server.RaftServerConfigKeys (ConfUtils.java:logGet(46)) - raft.server.leaderelection.pre-vote = false (custom)
2022-08-04 23:31:52,796 [6f44e897-2412-4a44-a30b-6ce2110987da@group-B6602FDAD2CE-FollowerState] INFO  impl.RoleInfo (RoleInfo.java:updateAndGet(139)) - 6f44e897-2412-4a44-a30b-6ce2110987da: start 6f44e897-2412-4a44-a30b-6ce2110987da@group-B6602FDAD2CE-LeaderElection37
2022-08-04 23:31:52,835 [grpc-default-executor-1] INFO  server.RaftServer$Division (RaftServerImpl.java:requestVote(1152)) - 6f44e897-2412-4a44-a30b-6ce2110987da@group-B6602FDAD2CE: receive requestVote(ELECTION, e0f75b45-16fa-4273-b6f0-de8d2ea0717c, group-B6602FDAD2CE, 1, (t:0, i:0))
2022-08-04 23:31:52,851 [grpc-default-executor-1] INFO  impl.VoteContext (VoteContext.java:log(48)) - 6f44e897-2412-4a44-a30b-6ce2110987da@group-B6602FDAD2CE-CANDIDATE: accept ELECTION from e0f75b45-16fa-4273-b6f0-de8d2ea0717c: our priority 0 <= candidate's priority 0
2022-08-04 23:31:52,851 [grpc-default-executor-1] INFO  server.RaftServer$Division (RaftServerImpl.java:setRole(299)) - 6f44e897-2412-4a44-a30b-6ce2110987da@group-B6602FDAD2CE: changes role from CANDIDATE to FOLLOWER at term 1 for candidate:e0f75b45-16fa-4273-b6f0-de8d2ea0717c
2022-08-04 23:31:52,851 [grpc-default-executor-1] INFO  impl.RoleInfo (RoleInfo.java:shutdownLeaderElection(130)) - 6f44e897-2412-4a44-a30b-6ce2110987da: shutdown 6f44e897-2412-4a44-a30b-6ce2110987da@group-B6602FDAD2CE-LeaderElection37
2022-08-04 23:31:52,851 [grpc-default-executor-1] INFO  impl.RoleInfo (RoleInfo.java:updateAndGet(139)) - 6f44e897-2412-4a44-a30b-6ce2110987da: start 6f44e897-2412-4a44-a30b-6ce2110987da@group-B6602FDAD2CE-FollowerState
2022-08-04 23:31:52,861 [grpc-default-executor-1] INFO  server.RaftServer$Division (RaftServerImpl.java:requestVote(1184)) - 6f44e897-2412-4a44-a30b-6ce2110987da@group-B6602FDAD2CE replies to ELECTION vote request: e0f75b45-16fa-4273-b6f0-de8d2ea0717c<-6f44e897-2412-4a44-a30b-6ce2110987da#0:OK-t1. Peer's state: 6f44e897-2412-4a44-a30b-6ce2110987da@group-B6602FDAD2CE:t1, leader=null, voted=e0f75b45-16fa-4273-b6f0-de8d2ea0717c, raftlog=6f44e897-2412-4a44-a30b-6ce2110987da@group-B6602FDAD2CE-SegmentedRaftLog:OPENED:c-1, conf=-1: [6f44e897-2412-4a44-a30b-6ce2110987da|rpc:10.1.0.37:45047|dataStream:|priority:0, fda7fb63-b703-4732-a633-14a9c7469eea|rpc:10.1.0.37:40943|dataStream:|priority:1, e0f75b45-16fa-4273-b6f0-de8d2ea0717c|rpc:10.1.0.37:43771|dataStream:|priority:0], old=null
2022-08-04 23:31:52,864 [Listener at 127.0.0.1/46503] INFO  ozone.MiniOzoneClusterImpl (MiniOzoneClusterImpl.java:lambda$waitForClusterToBeReady$0(216)) - Nodes are ready. Got 3 of 3 DN Heartbeats.
2022-08-04 23:31:52,864 [Listener at 127.0.0.1/46503] INFO  ozone.MiniOzoneClusterImpl (MiniOzoneClusterImpl.java:lambda$waitForClusterToBeReady$0(219)) - Waiting for cluster to exit safe mode
2022-08-04 23:31:52,864 [Listener at 127.0.0.1/46503] INFO  ozone.MiniOzoneClusterImpl (MiniOzoneClusterImpl.java:lambda$waitForClusterToBeReady$0(221)) - SCM became leader
2022-08-04 23:31:53,100 [6f44e897-2412-4a44-a30b-6ce2110987da@group-7CAEB9E28E39-FollowerState] INFO  impl.FollowerState (FollowerState.java:run(143)) - 6f44e897-2412-4a44-a30b-6ce2110987da@group-7CAEB9E28E39-FollowerState: change to CANDIDATE, lastRpcElapsedTime:5194591830ns, electionTimeout:5192ms
2022-08-04 23:31:53,100 [6f44e897-2412-4a44-a30b-6ce2110987da@group-7CAEB9E28E39-FollowerState] INFO  impl.RoleInfo (RoleInfo.java:shutdownFollowerState(110)) - 6f44e897-2412-4a44-a30b-6ce2110987da: shutdown 6f44e897-2412-4a44-a30b-6ce2110987da@group-7CAEB9E28E39-FollowerState
2022-08-04 23:31:53,100 [6f44e897-2412-4a44-a30b-6ce2110987da@group-7CAEB9E28E39-FollowerState] INFO  server.RaftServer$Division (RaftServerImpl.java:setRole(299)) - 6f44e897-2412-4a44-a30b-6ce2110987da@group-7CAEB9E28E39: changes role from  FOLLOWER to CANDIDATE at term 0 for changeToCandidate
2022-08-04 23:31:53,100 [6f44e897-2412-4a44-a30b-6ce2110987da@group-7CAEB9E28E39-FollowerState] INFO  server.RaftServerConfigKeys (ConfUtils.java:logGet(46)) - raft.server.leaderelection.pre-vote = false (custom)
2022-08-04 23:31:53,100 [6f44e897-2412-4a44-a30b-6ce2110987da@group-7CAEB9E28E39-FollowerState] INFO  impl.RoleInfo (RoleInfo.java:updateAndGet(139)) - 6f44e897-2412-4a44-a30b-6ce2110987da: start 6f44e897-2412-4a44-a30b-6ce2110987da@group-7CAEB9E28E39-LeaderElection38
2022-08-04 23:31:53,119 [6f44e897-2412-4a44-a30b-6ce2110987da@group-9D641DBD7BA7-FollowerState] INFO  impl.FollowerState (FollowerState.java:run(143)) - 6f44e897-2412-4a44-a30b-6ce2110987da@group-9D641DBD7BA7-FollowerState: change to CANDIDATE, lastRpcElapsedTime:5138894242ns, electionTimeout:5110ms
2022-08-04 23:31:53,119 [6f44e897-2412-4a44-a30b-6ce2110987da@group-9D641DBD7BA7-FollowerState] INFO  impl.RoleInfo (RoleInfo.java:shutdownFollowerState(110)) - 6f44e897-2412-4a44-a30b-6ce2110987da: shutdown 6f44e897-2412-4a44-a30b-6ce2110987da@group-9D641DBD7BA7-FollowerState
2022-08-04 23:31:53,119 [6f44e897-2412-4a44-a30b-6ce2110987da@group-9D641DBD7BA7-FollowerState] INFO  server.RaftServer$Division (RaftServerImpl.java:setRole(299)) - 6f44e897-2412-4a44-a30b-6ce2110987da@group-9D641DBD7BA7: changes role from  FOLLOWER to CANDIDATE at term 0 for changeToCandidate
2022-08-04 23:31:53,119 [6f44e897-2412-4a44-a30b-6ce2110987da@group-9D641DBD7BA7-FollowerState] INFO  server.RaftServerConfigKeys (ConfUtils.java:logGet(46)) - raft.server.leaderelection.pre-vote = false (custom)
2022-08-04 23:31:53,119 [6f44e897-2412-4a44-a30b-6ce2110987da@group-9D641DBD7BA7-FollowerState] INFO  impl.RoleInfo (RoleInfo.java:updateAndGet(139)) - 6f44e897-2412-4a44-a30b-6ce2110987da: start 6f44e897-2412-4a44-a30b-6ce2110987da@group-9D641DBD7BA7-LeaderElection39
2022-08-04 23:31:53,127 [6f44e897-2412-4a44-a30b-6ce2110987da@group-7CAEB9E28E39-LeaderElection38] INFO  impl.LeaderElection (LeaderElection.java:askForVotes(310)) - 6f44e897-2412-4a44-a30b-6ce2110987da@group-7CAEB9E28E39-LeaderElection38 ELECTION round 0: submit vote requests at term 1 for -1: [6f44e897-2412-4a44-a30b-6ce2110987da|rpc:10.1.0.37:45047|priority:1], old=null
2022-08-04 23:31:53,127 [6f44e897-2412-4a44-a30b-6ce2110987da@group-7CAEB9E28E39-LeaderElection38] INFO  impl.LeaderElection (LeaderElection.java:askForVotes(312)) - 6f44e897-2412-4a44-a30b-6ce2110987da@group-7CAEB9E28E39-LeaderElection38 ELECTION round 0: result PASSED (term=1)
2022-08-04 23:31:53,127 [6f44e897-2412-4a44-a30b-6ce2110987da@group-7CAEB9E28E39-LeaderElection38] INFO  impl.RoleInfo (RoleInfo.java:shutdownLeaderElection(130)) - 6f44e897-2412-4a44-a30b-6ce2110987da: shutdown 6f44e897-2412-4a44-a30b-6ce2110987da@group-7CAEB9E28E39-LeaderElection38
2022-08-04 23:31:53,127 [6f44e897-2412-4a44-a30b-6ce2110987da@group-7CAEB9E28E39-LeaderElection38] INFO  server.RaftServer$Division (RaftServerImpl.java:setRole(299)) - 6f44e897-2412-4a44-a30b-6ce2110987da@group-7CAEB9E28E39: changes role from CANDIDATE to LEADER at term 1 for changeToLeader
2022-08-04 23:31:53,127 [6f44e897-2412-4a44-a30b-6ce2110987da@group-7CAEB9E28E39-LeaderElection38] INFO  ratis.XceiverServerRatis (XceiverServerRatis.java:handleLeaderChangedNotification(863)) - Leader change notification received for group: group-7CAEB9E28E39 with new leaderId: 6f44e897-2412-4a44-a30b-6ce2110987da
2022-08-04 23:31:53,128 [6f44e897-2412-4a44-a30b-6ce2110987da@group-7CAEB9E28E39-LeaderElection38] INFO  server.RaftServer$Division (ServerState.java:setLeader(287)) - 6f44e897-2412-4a44-a30b-6ce2110987da@group-7CAEB9E28E39: change Leader from null to 6f44e897-2412-4a44-a30b-6ce2110987da at term 1 for becomeLeader, leader elected after 5270ms
2022-08-04 23:31:53,128 [6f44e897-2412-4a44-a30b-6ce2110987da@group-7CAEB9E28E39-LeaderElection38] INFO  server.RaftServerConfigKeys (ConfUtils.java:logGet(46)) - raft.server.staging.catchup.gap = 1000 (default)
2022-08-04 23:31:53,128 [6f44e897-2412-4a44-a30b-6ce2110987da@group-7CAEB9E28E39-LeaderElection38] INFO  server.RaftServerConfigKeys (ConfUtils.java:logGet(46)) - raft.server.write.element-limit = 1024 (custom)
2022-08-04 23:31:53,128 [6f44e897-2412-4a44-a30b-6ce2110987da@group-7CAEB9E28E39-LeaderElection38] INFO  server.RaftServerConfigKeys (ConfUtils.java:logGet(46)) - raft.server.write.byte-limit = 1024 M (=1073741824) (custom)
2022-08-04 23:31:53,128 [6f44e897-2412-4a44-a30b-6ce2110987da@group-7CAEB9E28E39-LeaderElection38] INFO  server.RaftServerConfigKeys (ConfUtils.java:logGet(46)) - raft.server.watch.timeout = 180s (custom)
2022-08-04 23:31:53,128 [6f44e897-2412-4a44-a30b-6ce2110987da@group-7CAEB9E28E39-LeaderElection38] INFO  server.RaftServerConfigKeys (ConfUtils.java:logGet(46)) - raft.server.watch.timeout.denomination = 1s (default)
2022-08-04 23:31:53,128 [6f44e897-2412-4a44-a30b-6ce2110987da@group-7CAEB9E28E39-LeaderElection38] INFO  server.RaftServerConfigKeys (ConfUtils.java:logGet(46)) - raft.server.watch.element-limit = 65536 (default)
2022-08-04 23:31:53,128 [6f44e897-2412-4a44-a30b-6ce2110987da@group-7CAEB9E28E39-LeaderElection38] INFO  server.RaftServerConfigKeys (ConfUtils.java:logGet(46)) - raft.server.write.element-limit = 1024 (custom)
2022-08-04 23:31:53,128 [6f44e897-2412-4a44-a30b-6ce2110987da@group-7CAEB9E28E39-LeaderElection38] INFO  server.RaftServerConfigKeys (ConfUtils.java:logGet(46)) - raft.server.write.follower.gap.ratio.max = -1.0 (default)
2022-08-04 23:31:53,128 [6f44e897-2412-4a44-a30b-6ce2110987da@group-7CAEB9E28E39-LeaderElection38] INFO  impl.RoleInfo (RoleInfo.java:updateAndGet(139)) - 6f44e897-2412-4a44-a30b-6ce2110987da: start 6f44e897-2412-4a44-a30b-6ce2110987da@group-7CAEB9E28E39-LeaderStateImpl
2022-08-04 23:31:53,129 [6f44e897-2412-4a44-a30b-6ce2110987da@group-7CAEB9E28E39-LeaderElection38] INFO  segmented.SegmentedRaftLogWorker (SegmentedRaftLogWorker.java:startLogSegment(425)) - 6f44e897-2412-4a44-a30b-6ce2110987da@group-7CAEB9E28E39-SegmentedRaftLogWorker: Starting segment from index:0
2022-08-04 23:31:53,130 [EventQueue-OpenPipelineForHealthyPipelineSafeModeRule] INFO  safemode.SCMSafeModeManager (HealthyPipelineSafeModeRule.java:process(137)) - SCM in safe mode. Healthy pipelines reported count is 0, required healthy pipeline reported count is 1
2022-08-04 23:31:53,130 [fda7fb63-b703-4732-a633-14a9c7469eea@group-9D641DBD7BA7-FollowerState] INFO  impl.FollowerState (FollowerState.java:run(143)) - fda7fb63-b703-4732-a633-14a9c7469eea@group-9D641DBD7BA7-FollowerState: change to CANDIDATE, lastRpcElapsedTime:5013284566ns, electionTimeout:5010ms
2022-08-04 23:31:53,131 [fda7fb63-b703-4732-a633-14a9c7469eea@group-9D641DBD7BA7-FollowerState] INFO  impl.RoleInfo (RoleInfo.java:shutdownFollowerState(110)) - fda7fb63-b703-4732-a633-14a9c7469eea: shutdown fda7fb63-b703-4732-a633-14a9c7469eea@group-9D641DBD7BA7-FollowerState
2022-08-04 23:31:53,131 [fda7fb63-b703-4732-a633-14a9c7469eea@group-9D641DBD7BA7-FollowerState] INFO  server.RaftServer$Division (RaftServerImpl.java:setRole(299)) - fda7fb63-b703-4732-a633-14a9c7469eea@group-9D641DBD7BA7: changes role from  FOLLOWER to CANDIDATE at term 0 for changeToCandidate
2022-08-04 23:31:53,131 [fda7fb63-b703-4732-a633-14a9c7469eea@group-9D641DBD7BA7-FollowerState] INFO  server.RaftServerConfigKeys (ConfUtils.java:logGet(46)) - raft.server.leaderelection.pre-vote = false (custom)
2022-08-04 23:31:53,131 [fda7fb63-b703-4732-a633-14a9c7469eea@group-9D641DBD7BA7-FollowerState] INFO  impl.RoleInfo (RoleInfo.java:updateAndGet(139)) - fda7fb63-b703-4732-a633-14a9c7469eea: start fda7fb63-b703-4732-a633-14a9c7469eea@group-9D641DBD7BA7-LeaderElection40
2022-08-04 23:31:53,160 [6f44e897-2412-4a44-a30b-6ce2110987da@group-7CAEB9E28E39-LeaderElection38] INFO  server.RaftServer$Division (ServerState.java:setRaftConf(393)) - 6f44e897-2412-4a44-a30b-6ce2110987da@group-7CAEB9E28E39: set configuration 0: [6f44e897-2412-4a44-a30b-6ce2110987da|rpc:10.1.0.37:45047|dataStream:|priority:1], old=null
2022-08-04 23:31:53,161 [6f44e897-2412-4a44-a30b-6ce2110987da@group-7CAEB9E28E39-SegmentedRaftLogWorker] INFO  segmented.SegmentedRaftLogWorker (SegmentedRaftLogWorker.java:execute(629)) - 6f44e897-2412-4a44-a30b-6ce2110987da@group-7CAEB9E28E39-SegmentedRaftLogWorker: created new log segment /home/runner/work/ozone/ozone/hadoop-ozone/integration-test/target/test-dir/MiniOzoneClusterImpl-bb5f6a8d-8f39-43b4-baa3-4f9c3a5e14cf/datanode-2/data/ratis/2857590a-f508-4f40-9d44-7caeb9e28e39/current/log_inprogress_0
2022-08-04 23:31:53,163 [6f44e897-2412-4a44-a30b-6ce2110987da@group-9D641DBD7BA7-LeaderElection39] INFO  impl.LeaderElection (LeaderElection.java:askForVotes(310)) - 6f44e897-2412-4a44-a30b-6ce2110987da@group-9D641DBD7BA7-LeaderElection39 ELECTION round 0: submit vote requests at term 1 for -1: [6f44e897-2412-4a44-a30b-6ce2110987da|rpc:10.1.0.37:45047|priority:0, fda7fb63-b703-4732-a633-14a9c7469eea|rpc:10.1.0.37:40943|priority:0, e0f75b45-16fa-4273-b6f0-de8d2ea0717c|rpc:10.1.0.37:43771|priority:1], old=null
2022-08-04 23:31:53,164 [fda7fb63-b703-4732-a633-14a9c7469eea@group-9D641DBD7BA7-LeaderElection40] INFO  impl.LeaderElection (LeaderElection.java:askForVotes(310)) - fda7fb63-b703-4732-a633-14a9c7469eea@group-9D641DBD7BA7-LeaderElection40 ELECTION round 0: submit vote requests at term 1 for -1: [6f44e897-2412-4a44-a30b-6ce2110987da|rpc:10.1.0.37:45047|dataStream:|priority:0, fda7fb63-b703-4732-a633-14a9c7469eea|rpc:10.1.0.37:40943|dataStream:|priority:0, e0f75b45-16fa-4273-b6f0-de8d2ea0717c|rpc:10.1.0.37:43771|dataStream:|priority:1], old=null
2022-08-04 23:31:53,187 [grpc-default-executor-1] INFO  server.RaftServer$Division (RaftServerImpl.java:requestVote(1152)) - fda7fb63-b703-4732-a633-14a9c7469eea@group-9D641DBD7BA7: receive requestVote(ELECTION, 6f44e897-2412-4a44-a30b-6ce2110987da, group-9D641DBD7BA7, 1, (t:0, i:0))
2022-08-04 23:31:53,187 [grpc-default-executor-1] INFO  impl.VoteContext (VoteContext.java:log(48)) - fda7fb63-b703-4732-a633-14a9c7469eea@group-9D641DBD7BA7-CANDIDATE: reject ELECTION from 6f44e897-2412-4a44-a30b-6ce2110987da: already has voted for fda7fb63-b703-4732-a633-14a9c7469eea at current term 1
2022-08-04 23:31:53,188 [grpc-default-executor-1] INFO  server.RaftServer$Division (RaftServerImpl.java:requestVote(1184)) - fda7fb63-b703-4732-a633-14a9c7469eea@group-9D641DBD7BA7 replies to ELECTION vote request: 6f44e897-2412-4a44-a30b-6ce2110987da<-fda7fb63-b703-4732-a633-14a9c7469eea#0:FAIL-t1. Peer's state: fda7fb63-b703-4732-a633-14a9c7469eea@group-9D641DBD7BA7:t1, leader=null, voted=fda7fb63-b703-4732-a633-14a9c7469eea, raftlog=fda7fb63-b703-4732-a633-14a9c7469eea@group-9D641DBD7BA7-SegmentedRaftLog:OPENED:c-1, conf=-1: [6f44e897-2412-4a44-a30b-6ce2110987da|rpc:10.1.0.37:45047|dataStream:|priority:0, fda7fb63-b703-4732-a633-14a9c7469eea|rpc:10.1.0.37:40943|dataStream:|priority:0, e0f75b45-16fa-4273-b6f0-de8d2ea0717c|rpc:10.1.0.37:43771|dataStream:|priority:1], old=null
2022-08-04 23:31:53,247 [grpc-default-executor-1] INFO  server.RaftServer$Division (RaftServerImpl.java:requestVote(1152)) - e0f75b45-16fa-4273-b6f0-de8d2ea0717c@group-9D641DBD7BA7: receive requestVote(ELECTION, 6f44e897-2412-4a44-a30b-6ce2110987da, group-9D641DBD7BA7, 1, (t:0, i:0))
2022-08-04 23:31:53,247 [grpc-default-executor-1] INFO  impl.VoteContext (VoteContext.java:log(48)) - e0f75b45-16fa-4273-b6f0-de8d2ea0717c@group-9D641DBD7BA7-FOLLOWER: reject ELECTION from 6f44e897-2412-4a44-a30b-6ce2110987da: our priority 1 > candidate's priority 0
2022-08-04 23:31:53,248 [grpc-default-executor-1] INFO  server.RaftServer$Division (RaftServerImpl.java:setRole(299)) - e0f75b45-16fa-4273-b6f0-de8d2ea0717c@group-9D641DBD7BA7: changes role from  FOLLOWER to FOLLOWER at term 1 for candidate:6f44e897-2412-4a44-a30b-6ce2110987da
2022-08-04 23:31:53,248 [grpc-default-executor-1] INFO  impl.RoleInfo (RoleInfo.java:shutdownFollowerState(110)) - e0f75b45-16fa-4273-b6f0-de8d2ea0717c: shutdown e0f75b45-16fa-4273-b6f0-de8d2ea0717c@group-9D641DBD7BA7-FollowerState
2022-08-04 23:31:53,248 [grpc-default-executor-1] INFO  impl.RoleInfo (RoleInfo.java:updateAndGet(139)) - e0f75b45-16fa-4273-b6f0-de8d2ea0717c: start e0f75b45-16fa-4273-b6f0-de8d2ea0717c@group-9D641DBD7BA7-FollowerState
2022-08-04 23:31:53,248 [e0f75b45-16fa-4273-b6f0-de8d2ea0717c@group-9D641DBD7BA7-FollowerState] INFO  impl.FollowerState (FollowerState.java:run(152)) - e0f75b45-16fa-4273-b6f0-de8d2ea0717c@group-9D641DBD7BA7-FollowerState was interrupted
2022-08-04 23:31:53,263 [grpc-default-executor-0] INFO  server.RaftServer$Division (RaftServerImpl.java:requestVote(1152)) - 6f44e897-2412-4a44-a30b-6ce2110987da@group-9D641DBD7BA7: receive requestVote(ELECTION, fda7fb63-b703-4732-a633-14a9c7469eea, group-9D641DBD7BA7, 1, (t:0, i:0))
2022-08-04 23:31:53,263 [grpc-default-executor-0] INFO  impl.VoteContext (VoteContext.java:log(48)) - 6f44e897-2412-4a44-a30b-6ce2110987da@group-9D641DBD7BA7-CANDIDATE: reject ELECTION from fda7fb63-b703-4732-a633-14a9c7469eea: already has voted for 6f44e897-2412-4a44-a30b-6ce2110987da at current term 1
2022-08-04 23:31:53,263 [grpc-default-executor-0] INFO  server.RaftServer$Division (RaftServerImpl.java:requestVote(1184)) - 6f44e897-2412-4a44-a30b-6ce2110987da@group-9D641DBD7BA7 replies to ELECTION vote request: fda7fb63-b703-4732-a633-14a9c7469eea<-6f44e897-2412-4a44-a30b-6ce2110987da#0:FAIL-t1. Peer's state: 6f44e897-2412-4a44-a30b-6ce2110987da@group-9D641DBD7BA7:t1, leader=null, voted=6f44e897-2412-4a44-a30b-6ce2110987da, raftlog=6f44e897-2412-4a44-a30b-6ce2110987da@group-9D641DBD7BA7-SegmentedRaftLog:OPENED:c-1, conf=-1: [6f44e897-2412-4a44-a30b-6ce2110987da|rpc:10.1.0.37:45047|priority:0, fda7fb63-b703-4732-a633-14a9c7469eea|rpc:10.1.0.37:40943|priority:0, e0f75b45-16fa-4273-b6f0-de8d2ea0717c|rpc:10.1.0.37:43771|priority:1], old=null
2022-08-04 23:31:53,280 [grpc-default-executor-1] INFO  server.RaftServer$Division (RaftServerImpl.java:requestVote(1184)) - e0f75b45-16fa-4273-b6f0-de8d2ea0717c@group-9D641DBD7BA7 replies to ELECTION vote request: 6f44e897-2412-4a44-a30b-6ce2110987da<-e0f75b45-16fa-4273-b6f0-de8d2ea0717c#0:FAIL-t1. Peer's state: e0f75b45-16fa-4273-b6f0-de8d2ea0717c@group-9D641DBD7BA7:t1, leader=null, voted=null, raftlog=e0f75b45-16fa-4273-b6f0-de8d2ea0717c@group-9D641DBD7BA7-SegmentedRaftLog:OPENED:c-1, conf=-1: [6f44e897-2412-4a44-a30b-6ce2110987da|rpc:10.1.0.37:45047|priority:0, fda7fb63-b703-4732-a633-14a9c7469eea|rpc:10.1.0.37:40943|priority:0, e0f75b45-16fa-4273-b6f0-de8d2ea0717c|rpc:10.1.0.37:43771|priority:1], old=null
2022-08-04 23:31:53,281 [6f44e897-2412-4a44-a30b-6ce2110987da@group-9D641DBD7BA7-LeaderElection39] INFO  impl.LeaderElection (LeaderElection.java:logAndReturn(90)) - 6f44e897-2412-4a44-a30b-6ce2110987da@group-9D641DBD7BA7-LeaderElection39: ELECTION REJECTED received 2 response(s) and 0 exception(s):
2022-08-04 23:31:53,281 [6f44e897-2412-4a44-a30b-6ce2110987da@group-9D641DBD7BA7-LeaderElection39] INFO  impl.LeaderElection (LeaderElection.java:logAndReturn(94)) -   Response 0: 6f44e897-2412-4a44-a30b-6ce2110987da<-fda7fb63-b703-4732-a633-14a9c7469eea#0:FAIL-t1
2022-08-04 23:31:53,281 [6f44e897-2412-4a44-a30b-6ce2110987da@group-9D641DBD7BA7-LeaderElection39] INFO  impl.LeaderElection (LeaderElection.java:logAndReturn(94)) -   Response 1: 6f44e897-2412-4a44-a30b-6ce2110987da<-e0f75b45-16fa-4273-b6f0-de8d2ea0717c#0:FAIL-t1
2022-08-04 23:31:53,281 [6f44e897-2412-4a44-a30b-6ce2110987da@group-9D641DBD7BA7-LeaderElection39] INFO  impl.LeaderElection (LeaderElection.java:askForVotes(312)) - 6f44e897-2412-4a44-a30b-6ce2110987da@group-9D641DBD7BA7-LeaderElection39 ELECTION round 0: result REJECTED
2022-08-04 23:31:53,281 [6f44e897-2412-4a44-a30b-6ce2110987da@group-9D641DBD7BA7-LeaderElection39] INFO  server.RaftServer$Division (RaftServerImpl.java:setRole(299)) - 6f44e897-2412-4a44-a30b-6ce2110987da@group-9D641DBD7BA7: changes role from CANDIDATE to FOLLOWER at term 1 for REJECTED
2022-08-04 23:31:53,281 [6f44e897-2412-4a44-a30b-6ce2110987da@group-9D641DBD7BA7-LeaderElection39] INFO  impl.RoleInfo (RoleInfo.java:shutdownLeaderElection(130)) - 6f44e897-2412-4a44-a30b-6ce2110987da: shutdown 6f44e897-2412-4a44-a30b-6ce2110987da@group-9D641DBD7BA7-LeaderElection39
2022-08-04 23:31:53,281 [6f44e897-2412-4a44-a30b-6ce2110987da@group-9D641DBD7BA7-LeaderElection39] INFO  impl.RoleInfo (RoleInfo.java:updateAndGet(139)) - 6f44e897-2412-4a44-a30b-6ce2110987da: start 6f44e897-2412-4a44-a30b-6ce2110987da@group-9D641DBD7BA7-FollowerState
2022-08-04 23:31:53,296 [grpc-default-executor-2] INFO  server.RaftServer$Division (RaftServerImpl.java:requestVote(1152)) - e0f75b45-16fa-4273-b6f0-de8d2ea0717c@group-9D641DBD7BA7: receive requestVote(ELECTION, fda7fb63-b703-4732-a633-14a9c7469eea, group-9D641DBD7BA7, 1, (t:0, i:0))
2022-08-04 23:31:53,303 [grpc-default-executor-2] INFO  impl.VoteContext (VoteContext.java:log(48)) - e0f75b45-16fa-4273-b6f0-de8d2ea0717c@group-9D641DBD7BA7-FOLLOWER: reject ELECTION from fda7fb63-b703-4732-a633-14a9c7469eea: our priority 1 > candidate's priority 0
2022-08-04 23:31:53,303 [grpc-default-executor-2] INFO  server.RaftServer$Division (RaftServerImpl.java:setRole(299)) - e0f75b45-16fa-4273-b6f0-de8d2ea0717c@group-9D641DBD7BA7: changes role from  FOLLOWER to FOLLOWER at term 1 for candidate:fda7fb63-b703-4732-a633-14a9c7469eea
2022-08-04 23:31:53,303 [grpc-default-executor-2] INFO  impl.RoleInfo (RoleInfo.java:shutdownFollowerState(110)) - e0f75b45-16fa-4273-b6f0-de8d2ea0717c: shutdown e0f75b45-16fa-4273-b6f0-de8d2ea0717c@group-9D641DBD7BA7-FollowerState
2022-08-04 23:31:53,303 [grpc-default-executor-2] INFO  impl.RoleInfo (RoleInfo.java:updateAndGet(139)) - e0f75b45-16fa-4273-b6f0-de8d2ea0717c: start e0f75b45-16fa-4273-b6f0-de8d2ea0717c@group-9D641DBD7BA7-FollowerState
2022-08-04 23:31:53,303 [e0f75b45-16fa-4273-b6f0-de8d2ea0717c@group-9D641DBD7BA7-FollowerState] INFO  impl.FollowerState (FollowerState.java:run(152)) - e0f75b45-16fa-4273-b6f0-de8d2ea0717c@group-9D641DBD7BA7-FollowerState was interrupted
2022-08-04 23:31:53,303 [grpc-default-executor-2] INFO  server.RaftServer$Division (RaftServerImpl.java:requestVote(1184)) - e0f75b45-16fa-4273-b6f0-de8d2ea0717c@group-9D641DBD7BA7 replies to ELECTION vote request: fda7fb63-b703-4732-a633-14a9c7469eea<-e0f75b45-16fa-4273-b6f0-de8d2ea0717c#0:FAIL-t1. Peer's state: e0f75b45-16fa-4273-b6f0-de8d2ea0717c@group-9D641DBD7BA7:t1, leader=null, voted=null, raftlog=e0f75b45-16fa-4273-b6f0-de8d2ea0717c@group-9D641DBD7BA7-SegmentedRaftLog:OPENED:c-1, conf=-1: [6f44e897-2412-4a44-a30b-6ce2110987da|rpc:10.1.0.37:45047|priority:0, fda7fb63-b703-4732-a633-14a9c7469eea|rpc:10.1.0.37:40943|priority:0, e0f75b45-16fa-4273-b6f0-de8d2ea0717c|rpc:10.1.0.37:43771|priority:1], old=null
2022-08-04 23:31:53,324 [fda7fb63-b703-4732-a633-14a9c7469eea@group-9D641DBD7BA7-LeaderElection40] INFO  impl.LeaderElection (LeaderElection.java:logAndReturn(90)) - fda7fb63-b703-4732-a633-14a9c7469eea@group-9D641DBD7BA7-LeaderElection40: ELECTION REJECTED received 2 response(s) and 0 exception(s):
2022-08-04 23:31:53,324 [fda7fb63-b703-4732-a633-14a9c7469eea@group-9D641DBD7BA7-LeaderElection40] INFO  impl.LeaderElection (LeaderElection.java:logAndReturn(94)) -   Response 0: fda7fb63-b703-4732-a633-14a9c7469eea<-6f44e897-2412-4a44-a30b-6ce2110987da#0:FAIL-t1
2022-08-04 23:31:53,324 [fda7fb63-b703-4732-a633-14a9c7469eea@group-9D641DBD7BA7-LeaderElection40] INFO  impl.LeaderElection (LeaderElection.java:logAndReturn(94)) -   Response 1: fda7fb63-b703-4732-a633-14a9c7469eea<-e0f75b45-16fa-4273-b6f0-de8d2ea0717c#0:FAIL-t1
2022-08-04 23:31:53,325 [fda7fb63-b703-4732-a633-14a9c7469eea@group-9D641DBD7BA7-LeaderElection40] INFO  impl.LeaderElection (LeaderElection.java:askForVotes(312)) - fda7fb63-b703-4732-a633-14a9c7469eea@group-9D641DBD7BA7-LeaderElection40 ELECTION round 0: result REJECTED
2022-08-04 23:31:53,325 [fda7fb63-b703-4732-a633-14a9c7469eea@group-9D641DBD7BA7-LeaderElection40] INFO  server.RaftServer$Division (RaftServerImpl.java:setRole(299)) - fda7fb63-b703-4732-a633-14a9c7469eea@group-9D641DBD7BA7: changes role from CANDIDATE to FOLLOWER at term 1 for REJECTED
2022-08-04 23:31:53,325 [fda7fb63-b703-4732-a633-14a9c7469eea@group-9D641DBD7BA7-LeaderElection40] INFO  impl.RoleInfo (RoleInfo.java:shutdownLeaderElection(130)) - fda7fb63-b703-4732-a633-14a9c7469eea: shutdown fda7fb63-b703-4732-a633-14a9c7469eea@group-9D641DBD7BA7-LeaderElection40
2022-08-04 23:31:53,325 [fda7fb63-b703-4732-a633-14a9c7469eea@group-9D641DBD7BA7-LeaderElection40] INFO  impl.RoleInfo (RoleInfo.java:updateAndGet(139)) - fda7fb63-b703-4732-a633-14a9c7469eea: start fda7fb63-b703-4732-a633-14a9c7469eea@group-9D641DBD7BA7-FollowerState
2022-08-04 23:31:53,877 [fda7fb63-b703-4732-a633-14a9c7469eea@group-902C15A056B9-FollowerState] INFO  impl.FollowerState (FollowerState.java:run(143)) - fda7fb63-b703-4732-a633-14a9c7469eea@group-902C15A056B9-FollowerState: change to CANDIDATE, lastRpcElapsedTime:5131635191ns, electionTimeout:5093ms
2022-08-04 23:31:53,877 [fda7fb63-b703-4732-a633-14a9c7469eea@group-902C15A056B9-FollowerState] INFO  impl.RoleInfo (RoleInfo.java:shutdownFollowerState(110)) - fda7fb63-b703-4732-a633-14a9c7469eea: shutdown fda7fb63-b703-4732-a633-14a9c7469eea@group-902C15A056B9-FollowerState
2022-08-04 23:31:53,877 [fda7fb63-b703-4732-a633-14a9c7469eea@group-902C15A056B9-FollowerState] INFO  server.RaftServer$Division (RaftServerImpl.java:setRole(299)) - fda7fb63-b703-4732-a633-14a9c7469eea@group-902C15A056B9: changes role from  FOLLOWER to CANDIDATE at term 0 for changeToCandidate
2022-08-04 23:31:53,877 [fda7fb63-b703-4732-a633-14a9c7469eea@group-902C15A056B9-FollowerState] INFO  server.RaftServerConfigKeys (ConfUtils.java:logGet(46)) - raft.server.leaderelection.pre-vote = false (custom)
2022-08-04 23:31:53,877 [fda7fb63-b703-4732-a633-14a9c7469eea@group-902C15A056B9-FollowerState] INFO  impl.RoleInfo (RoleInfo.java:updateAndGet(139)) - fda7fb63-b703-4732-a633-14a9c7469eea: start fda7fb63-b703-4732-a633-14a9c7469eea@group-902C15A056B9-LeaderElection41
2022-08-04 23:31:53,877 [Listener at 127.0.0.1/46503] INFO  ozone.MiniOzoneClusterImpl (MiniOzoneClusterImpl.java:lambda$waitForClusterToBeReady$0(216)) - Nodes are ready. Got 3 of 3 DN Heartbeats.
2022-08-04 23:31:53,877 [Listener at 127.0.0.1/46503] INFO  ozone.MiniOzoneClusterImpl (MiniOzoneClusterImpl.java:lambda$waitForClusterToBeReady$0(219)) - Waiting for cluster to exit safe mode
2022-08-04 23:31:53,877 [Listener at 127.0.0.1/46503] INFO  ozone.MiniOzoneClusterImpl (MiniOzoneClusterImpl.java:lambda$waitForClusterToBeReady$0(221)) - SCM became leader
2022-08-04 23:31:53,937 [fda7fb63-b703-4732-a633-14a9c7469eea@group-902C15A056B9-LeaderElection41] INFO  impl.LeaderElection (LeaderElection.java:askForVotes(310)) - fda7fb63-b703-4732-a633-14a9c7469eea@group-902C15A056B9-LeaderElection41 ELECTION round 0: submit vote requests at term 1 for -1: [fda7fb63-b703-4732-a633-14a9c7469eea|rpc:10.1.0.37:40943|priority:1], old=null
2022-08-04 23:31:53,937 [fda7fb63-b703-4732-a633-14a9c7469eea@group-902C15A056B9-LeaderElection41] INFO  impl.LeaderElection (LeaderElection.java:askForVotes(312)) - fda7fb63-b703-4732-a633-14a9c7469eea@group-902C15A056B9-LeaderElection41 ELECTION round 0: result PASSED (term=1)
2022-08-04 23:31:53,937 [fda7fb63-b703-4732-a633-14a9c7469eea@group-902C15A056B9-LeaderElection41] INFO  impl.RoleInfo (RoleInfo.java:shutdownLeaderElection(130)) - fda7fb63-b703-4732-a633-14a9c7469eea: shutdown fda7fb63-b703-4732-a633-14a9c7469eea@group-902C15A056B9-LeaderElection41
2022-08-04 23:31:53,937 [fda7fb63-b703-4732-a633-14a9c7469eea@group-902C15A056B9-LeaderElection41] INFO  server.RaftServer$Division (RaftServerImpl.java:setRole(299)) - fda7fb63-b703-4732-a633-14a9c7469eea@group-902C15A056B9: changes role from CANDIDATE to LEADER at term 1 for changeToLeader
2022-08-04 23:31:53,937 [fda7fb63-b703-4732-a633-14a9c7469eea@group-902C15A056B9-LeaderElection41] INFO  ratis.XceiverServerRatis (XceiverServerRatis.java:handleLeaderChangedNotification(863)) - Leader change notification received for group: group-902C15A056B9 with new leaderId: fda7fb63-b703-4732-a633-14a9c7469eea
2022-08-04 23:31:53,937 [fda7fb63-b703-4732-a633-14a9c7469eea@group-902C15A056B9-LeaderElection41] INFO  server.RaftServer$Division (ServerState.java:setLeader(287)) - fda7fb63-b703-4732-a633-14a9c7469eea@group-902C15A056B9: change Leader from null to fda7fb63-b703-4732-a633-14a9c7469eea at term 1 for becomeLeader, leader elected after 5217ms
2022-08-04 23:31:53,937 [fda7fb63-b703-4732-a633-14a9c7469eea@group-902C15A056B9-LeaderElection41] INFO  server.RaftServerConfigKeys (ConfUtils.java:logGet(46)) - raft.server.staging.catchup.gap = 1000 (default)
2022-08-04 23:31:53,937 [fda7fb63-b703-4732-a633-14a9c7469eea@group-902C15A056B9-LeaderElection41] INFO  server.RaftServerConfigKeys (ConfUtils.java:logGet(46)) - raft.server.write.element-limit = 1024 (custom)
2022-08-04 23:31:53,937 [fda7fb63-b703-4732-a633-14a9c7469eea@group-902C15A056B9-LeaderElection41] INFO  server.RaftServerConfigKeys (ConfUtils.java:logGet(46)) - raft.server.write.byte-limit = 1024 M (=1073741824) (custom)
2022-08-04 23:31:53,938 [fda7fb63-b703-4732-a633-14a9c7469eea@group-902C15A056B9-LeaderElection41] INFO  server.RaftServerConfigKeys (ConfUtils.java:logGet(46)) - raft.server.watch.timeout = 180s (custom)
2022-08-04 23:31:53,938 [fda7fb63-b703-4732-a633-14a9c7469eea@group-902C15A056B9-LeaderElection41] INFO  server.RaftServerConfigKeys (ConfUtils.java:logGet(46)) - raft.server.watch.timeout.denomination = 1s (default)
2022-08-04 23:31:53,938 [fda7fb63-b703-4732-a633-14a9c7469eea@group-902C15A056B9-LeaderElection41] INFO  server.RaftServerConfigKeys (ConfUtils.java:logGet(46)) - raft.server.watch.element-limit = 65536 (default)
2022-08-04 23:31:53,938 [fda7fb63-b703-4732-a633-14a9c7469eea@group-902C15A056B9-LeaderElection41] INFO  server.RaftServerConfigKeys (ConfUtils.java:logGet(46)) - raft.server.write.element-limit = 1024 (custom)
2022-08-04 23:31:53,938 [fda7fb63-b703-4732-a633-14a9c7469eea@group-902C15A056B9-LeaderElection41] INFO  server.RaftServerConfigKeys (ConfUtils.java:logGet(46)) - raft.server.write.follower.gap.ratio.max = -1.0 (default)
2022-08-04 23:31:53,938 [fda7fb63-b703-4732-a633-14a9c7469eea@group-902C15A056B9-LeaderElection41] INFO  impl.RoleInfo (RoleInfo.java:updateAndGet(139)) - fda7fb63-b703-4732-a633-14a9c7469eea: start fda7fb63-b703-4732-a633-14a9c7469eea@group-902C15A056B9-LeaderStateImpl
2022-08-04 23:31:53,938 [fda7fb63-b703-4732-a633-14a9c7469eea@group-902C15A056B9-LeaderElection41] INFO  segmented.SegmentedRaftLogWorker (SegmentedRaftLogWorker.java:startLogSegment(425)) - fda7fb63-b703-4732-a633-14a9c7469eea@group-902C15A056B9-SegmentedRaftLogWorker: Starting segment from index:0
2022-08-04 23:31:53,940 [EventQueue-OpenPipelineForHealthyPipelineSafeModeRule] INFO  safemode.SCMSafeModeManager (HealthyPipelineSafeModeRule.java:process(137)) - SCM in safe mode. Healthy pipelines reported count is 0, required healthy pipeline reported count is 1
2022-08-04 23:31:53,943 [fda7fb63-b703-4732-a633-14a9c7469eea@group-902C15A056B9-SegmentedRaftLogWorker] INFO  segmented.SegmentedRaftLogWorker (SegmentedRaftLogWorker.java:execute(629)) - fda7fb63-b703-4732-a633-14a9c7469eea@group-902C15A056B9-SegmentedRaftLogWorker: created new log segment /home/runner/work/ozone/ozone/hadoop-ozone/integration-test/target/test-dir/MiniOzoneClusterImpl-bb5f6a8d-8f39-43b4-baa3-4f9c3a5e14cf/datanode-1/data/ratis/a57ed692-5871-47a4-be8d-902c15a056b9/current/log_inprogress_0
2022-08-04 23:31:53,960 [fda7fb63-b703-4732-a633-14a9c7469eea@group-902C15A056B9-LeaderElection41] INFO  server.RaftServer$Division (ServerState.java:setRaftConf(393)) - fda7fb63-b703-4732-a633-14a9c7469eea@group-902C15A056B9: set configuration 0: [fda7fb63-b703-4732-a633-14a9c7469eea|rpc:10.1.0.37:40943|dataStream:|priority:1], old=null
2022-08-04 23:31:54,878 [Listener at 127.0.0.1/46503] INFO  ozone.MiniOzoneClusterImpl (MiniOzoneClusterImpl.java:lambda$waitForClusterToBeReady$0(216)) - Nodes are ready. Got 3 of 3 DN Heartbeats.
2022-08-04 23:31:54,878 [Listener at 127.0.0.1/46503] INFO  ozone.MiniOzoneClusterImpl (MiniOzoneClusterImpl.java:lambda$waitForClusterToBeReady$0(219)) - Waiting for cluster to exit safe mode
2022-08-04 23:31:54,878 [Listener at 127.0.0.1/46503] INFO  ozone.MiniOzoneClusterImpl (MiniOzoneClusterImpl.java:lambda$waitForClusterToBeReady$0(221)) - SCM became leader
2022-08-04 23:31:55,878 [Listener at 127.0.0.1/46503] INFO  ozone.MiniOzoneClusterImpl (MiniOzoneClusterImpl.java:lambda$waitForClusterToBeReady$0(216)) - Nodes are ready. Got 3 of 3 DN Heartbeats.
2022-08-04 23:31:55,878 [Listener at 127.0.0.1/46503] INFO  ozone.MiniOzoneClusterImpl (MiniOzoneClusterImpl.java:lambda$waitForClusterToBeReady$0(219)) - Waiting for cluster to exit safe mode
2022-08-04 23:31:55,879 [Listener at 127.0.0.1/46503] INFO  ozone.MiniOzoneClusterImpl (MiniOzoneClusterImpl.java:lambda$waitForClusterToBeReady$0(221)) - SCM became leader
2022-08-04 23:31:56,879 [Listener at 127.0.0.1/46503] INFO  ozone.MiniOzoneClusterImpl (MiniOzoneClusterImpl.java:lambda$waitForClusterToBeReady$0(216)) - Nodes are ready. Got 3 of 3 DN Heartbeats.
2022-08-04 23:31:56,879 [Listener at 127.0.0.1/46503] INFO  ozone.MiniOzoneClusterImpl (MiniOzoneClusterImpl.java:lambda$waitForClusterToBeReady$0(219)) - Waiting for cluster to exit safe mode
2022-08-04 23:31:56,879 [Listener at 127.0.0.1/46503] INFO  ozone.MiniOzoneClusterImpl (MiniOzoneClusterImpl.java:lambda$waitForClusterToBeReady$0(221)) - SCM became leader
2022-08-04 23:31:57,823 [e0f75b45-16fa-4273-b6f0-de8d2ea0717c@group-B6602FDAD2CE-FollowerState] INFO  impl.FollowerState (FollowerState.java:run(143)) - e0f75b45-16fa-4273-b6f0-de8d2ea0717c@group-B6602FDAD2CE-FollowerState: change to CANDIDATE, lastRpcElapsedTime:5043235475ns, electionTimeout:5011ms
2022-08-04 23:31:57,823 [e0f75b45-16fa-4273-b6f0-de8d2ea0717c@group-B6602FDAD2CE-FollowerState] INFO  impl.RoleInfo (RoleInfo.java:shutdownFollowerState(110)) - e0f75b45-16fa-4273-b6f0-de8d2ea0717c: shutdown e0f75b45-16fa-4273-b6f0-de8d2ea0717c@group-B6602FDAD2CE-FollowerState
2022-08-04 23:31:57,823 [e0f75b45-16fa-4273-b6f0-de8d2ea0717c@group-B6602FDAD2CE-FollowerState] INFO  server.RaftServer$Division (RaftServerImpl.java:setRole(299)) - e0f75b45-16fa-4273-b6f0-de8d2ea0717c@group-B6602FDAD2CE: changes role from  FOLLOWER to CANDIDATE at term 1 for changeToCandidate
2022-08-04 23:31:57,823 [e0f75b45-16fa-4273-b6f0-de8d2ea0717c@group-B6602FDAD2CE-FollowerState] INFO  server.RaftServerConfigKeys (ConfUtils.java:logGet(46)) - raft.server.leaderelection.pre-vote = false (custom)
2022-08-04 23:31:57,823 [e0f75b45-16fa-4273-b6f0-de8d2ea0717c@group-B6602FDAD2CE-FollowerState] INFO  impl.RoleInfo (RoleInfo.java:updateAndGet(139)) - e0f75b45-16fa-4273-b6f0-de8d2ea0717c: start e0f75b45-16fa-4273-b6f0-de8d2ea0717c@group-B6602FDAD2CE-LeaderElection42
2022-08-04 23:31:57,869 [e0f75b45-16fa-4273-b6f0-de8d2ea0717c@group-B6602FDAD2CE-LeaderElection42] INFO  impl.LeaderElection (LeaderElection.java:askForVotes(310)) - e0f75b45-16fa-4273-b6f0-de8d2ea0717c@group-B6602FDAD2CE-LeaderElection42 ELECTION round 0: submit vote requests at term 2 for -1: [6f44e897-2412-4a44-a30b-6ce2110987da|rpc:10.1.0.37:45047|priority:0, fda7fb63-b703-4732-a633-14a9c7469eea|rpc:10.1.0.37:40943|priority:1, e0f75b45-16fa-4273-b6f0-de8d2ea0717c|rpc:10.1.0.37:43771|priority:0], old=null
2022-08-04 23:31:57,879 [grpc-default-executor-2] INFO  server.RaftServer$Division (RaftServerImpl.java:requestVote(1152)) - fda7fb63-b703-4732-a633-14a9c7469eea@group-B6602FDAD2CE: receive requestVote(ELECTION, e0f75b45-16fa-4273-b6f0-de8d2ea0717c, group-B6602FDAD2CE, 2, (t:0, i:0))
2022-08-04 23:31:57,879 [grpc-default-executor-2] INFO  impl.VoteContext (VoteContext.java:log(48)) - fda7fb63-b703-4732-a633-14a9c7469eea@group-B6602FDAD2CE-FOLLOWER: reject ELECTION from e0f75b45-16fa-4273-b6f0-de8d2ea0717c: our priority 1 > candidate's priority 0
2022-08-04 23:31:57,880 [grpc-default-executor-2] INFO  server.RaftServer$Division (RaftServerImpl.java:setRole(299)) - fda7fb63-b703-4732-a633-14a9c7469eea@group-B6602FDAD2CE: changes role from  FOLLOWER to FOLLOWER at term 2 for candidate:e0f75b45-16fa-4273-b6f0-de8d2ea0717c
2022-08-04 23:31:57,880 [grpc-default-executor-2] INFO  impl.RoleInfo (RoleInfo.java:shutdownFollowerState(110)) - fda7fb63-b703-4732-a633-14a9c7469eea: shutdown fda7fb63-b703-4732-a633-14a9c7469eea@group-B6602FDAD2CE-FollowerState
2022-08-04 23:31:57,880 [grpc-default-executor-2] INFO  impl.RoleInfo (RoleInfo.java:updateAndGet(139)) - fda7fb63-b703-4732-a633-14a9c7469eea: start fda7fb63-b703-4732-a633-14a9c7469eea@group-B6602FDAD2CE-FollowerState
2022-08-04 23:31:57,880 [fda7fb63-b703-4732-a633-14a9c7469eea@group-B6602FDAD2CE-FollowerState] INFO  impl.FollowerState (FollowerState.java:run(152)) - fda7fb63-b703-4732-a633-14a9c7469eea@group-B6602FDAD2CE-FollowerState was interrupted
2022-08-04 23:31:57,901 [grpc-default-executor-2] INFO  server.RaftServer$Division (RaftServerImpl.java:requestVote(1184)) - fda7fb63-b703-4732-a633-14a9c7469eea@group-B6602FDAD2CE replies to ELECTION vote request: e0f75b45-16fa-4273-b6f0-de8d2ea0717c<-fda7fb63-b703-4732-a633-14a9c7469eea#0:FAIL-t2. Peer's state: fda7fb63-b703-4732-a633-14a9c7469eea@group-B6602FDAD2CE:t2, leader=null, voted=null, raftlog=fda7fb63-b703-4732-a633-14a9c7469eea@group-B6602FDAD2CE-SegmentedRaftLog:OPENED:c-1, conf=-1: [6f44e897-2412-4a44-a30b-6ce2110987da|rpc:10.1.0.37:45047|dataStream:|priority:0, fda7fb63-b703-4732-a633-14a9c7469eea|rpc:10.1.0.37:40943|dataStream:|priority:1, e0f75b45-16fa-4273-b6f0-de8d2ea0717c|rpc:10.1.0.37:43771|dataStream:|priority:0], old=null
2022-08-04 23:31:57,907 [Listener at 127.0.0.1/46503] INFO  ozone.MiniOzoneClusterImpl (MiniOzoneClusterImpl.java:lambda$waitForClusterToBeReady$0(216)) - Nodes are ready. Got 3 of 3 DN Heartbeats.
2022-08-04 23:31:57,907 [Listener at 127.0.0.1/46503] INFO  ozone.MiniOzoneClusterImpl (MiniOzoneClusterImpl.java:lambda$waitForClusterToBeReady$0(219)) - Waiting for cluster to exit safe mode
2022-08-04 23:31:57,907 [Listener at 127.0.0.1/46503] INFO  ozone.MiniOzoneClusterImpl (MiniOzoneClusterImpl.java:lambda$waitForClusterToBeReady$0(221)) - SCM became leader
2022-08-04 23:31:57,917 [grpc-default-executor-1] INFO  server.RaftServer$Division (RaftServerImpl.java:requestVote(1152)) - 6f44e897-2412-4a44-a30b-6ce2110987da@group-B6602FDAD2CE: receive requestVote(ELECTION, e0f75b45-16fa-4273-b6f0-de8d2ea0717c, group-B6602FDAD2CE, 2, (t:0, i:0))
2022-08-04 23:31:57,917 [grpc-default-executor-1] INFO  impl.VoteContext (VoteContext.java:log(48)) - 6f44e897-2412-4a44-a30b-6ce2110987da@group-B6602FDAD2CE-FOLLOWER: accept ELECTION from e0f75b45-16fa-4273-b6f0-de8d2ea0717c: our priority 0 <= candidate's priority 0
2022-08-04 23:31:57,918 [grpc-default-executor-1] INFO  server.RaftServer$Division (RaftServerImpl.java:setRole(299)) - 6f44e897-2412-4a44-a30b-6ce2110987da@group-B6602FDAD2CE: changes role from  FOLLOWER to FOLLOWER at term 2 for candidate:e0f75b45-16fa-4273-b6f0-de8d2ea0717c
2022-08-04 23:31:57,918 [grpc-default-executor-1] INFO  impl.RoleInfo (RoleInfo.java:shutdownFollowerState(110)) - 6f44e897-2412-4a44-a30b-6ce2110987da: shutdown 6f44e897-2412-4a44-a30b-6ce2110987da@group-B6602FDAD2CE-FollowerState
2022-08-04 23:31:57,918 [grpc-default-executor-1] INFO  impl.RoleInfo (RoleInfo.java:updateAndGet(139)) - 6f44e897-2412-4a44-a30b-6ce2110987da: start 6f44e897-2412-4a44-a30b-6ce2110987da@group-B6602FDAD2CE-FollowerState
2022-08-04 23:31:57,918 [6f44e897-2412-4a44-a30b-6ce2110987da@group-B6602FDAD2CE-FollowerState] INFO  impl.FollowerState (FollowerState.java:run(152)) - 6f44e897-2412-4a44-a30b-6ce2110987da@group-B6602FDAD2CE-FollowerState was interrupted
2022-08-04 23:31:57,927 [e0f75b45-16fa-4273-b6f0-de8d2ea0717c@group-B6602FDAD2CE-LeaderElection42] INFO  impl.LeaderElection (LeaderElection.java:logAndReturn(90)) - e0f75b45-16fa-4273-b6f0-de8d2ea0717c@group-B6602FDAD2CE-LeaderElection42: ELECTION REJECTED received 1 response(s) and 0 exception(s):
2022-08-04 23:31:57,927 [e0f75b45-16fa-4273-b6f0-de8d2ea0717c@group-B6602FDAD2CE-LeaderElection42] INFO  impl.LeaderElection (LeaderElection.java:logAndReturn(94)) -   Response 0: e0f75b45-16fa-4273-b6f0-de8d2ea0717c<-fda7fb63-b703-4732-a633-14a9c7469eea#0:FAIL-t2
2022-08-04 23:31:57,927 [e0f75b45-16fa-4273-b6f0-de8d2ea0717c@group-B6602FDAD2CE-LeaderElection42] INFO  impl.LeaderElection (LeaderElection.java:askForVotes(312)) - e0f75b45-16fa-4273-b6f0-de8d2ea0717c@group-B6602FDAD2CE-LeaderElection42 ELECTION round 0: result REJECTED
2022-08-04 23:31:57,927 [grpc-default-executor-1] INFO  server.RaftServer$Division (RaftServerImpl.java:requestVote(1184)) - 6f44e897-2412-4a44-a30b-6ce2110987da@group-B6602FDAD2CE replies to ELECTION vote request: e0f75b45-16fa-4273-b6f0-de8d2ea0717c<-6f44e897-2412-4a44-a30b-6ce2110987da#0:OK-t2. Peer's state: 6f44e897-2412-4a44-a30b-6ce2110987da@group-B6602FDAD2CE:t2, leader=null, voted=e0f75b45-16fa-4273-b6f0-de8d2ea0717c, raftlog=6f44e897-2412-4a44-a30b-6ce2110987da@group-B6602FDAD2CE-SegmentedRaftLog:OPENED:c-1, conf=-1: [6f44e897-2412-4a44-a30b-6ce2110987da|rpc:10.1.0.37:45047|dataStream:|priority:0, fda7fb63-b703-4732-a633-14a9c7469eea|rpc:10.1.0.37:40943|dataStream:|priority:1, e0f75b45-16fa-4273-b6f0-de8d2ea0717c|rpc:10.1.0.37:43771|dataStream:|priority:0], old=null
2022-08-04 23:31:57,927 [e0f75b45-16fa-4273-b6f0-de8d2ea0717c@group-B6602FDAD2CE-LeaderElection42] INFO  server.RaftServer$Division (RaftServerImpl.java:setRole(299)) - e0f75b45-16fa-4273-b6f0-de8d2ea0717c@group-B6602FDAD2CE: changes role from CANDIDATE to FOLLOWER at term 2 for REJECTED
2022-08-04 23:31:57,927 [e0f75b45-16fa-4273-b6f0-de8d2ea0717c@group-B6602FDAD2CE-LeaderElection42] INFO  impl.RoleInfo (RoleInfo.java:shutdownLeaderElection(130)) - e0f75b45-16fa-4273-b6f0-de8d2ea0717c: shutdown e0f75b45-16fa-4273-b6f0-de8d2ea0717c@group-B6602FDAD2CE-LeaderElection42
2022-08-04 23:31:57,949 [e0f75b45-16fa-4273-b6f0-de8d2ea0717c@group-B6602FDAD2CE-LeaderElection42] INFO  impl.RoleInfo (RoleInfo.java:updateAndGet(139)) - e0f75b45-16fa-4273-b6f0-de8d2ea0717c: start e0f75b45-16fa-4273-b6f0-de8d2ea0717c@group-B6602FDAD2CE-FollowerState
2022-08-04 23:31:58,359 [e0f75b45-16fa-4273-b6f0-de8d2ea0717c@group-9D641DBD7BA7-FollowerState] INFO  impl.FollowerState (FollowerState.java:run(143)) - e0f75b45-16fa-4273-b6f0-de8d2ea0717c@group-9D641DBD7BA7-FollowerState: change to CANDIDATE, lastRpcElapsedTime:5055483360ns, electionTimeout:5037ms
2022-08-04 23:31:58,359 [e0f75b45-16fa-4273-b6f0-de8d2ea0717c@group-9D641DBD7BA7-FollowerState] INFO  impl.RoleInfo (RoleInfo.java:shutdownFollowerState(110)) - e0f75b45-16fa-4273-b6f0-de8d2ea0717c: shutdown e0f75b45-16fa-4273-b6f0-de8d2ea0717c@group-9D641DBD7BA7-FollowerState
2022-08-04 23:31:58,359 [e0f75b45-16fa-4273-b6f0-de8d2ea0717c@group-9D641DBD7BA7-FollowerState] INFO  server.RaftServer$Division (RaftServerImpl.java:setRole(299)) - e0f75b45-16fa-4273-b6f0-de8d2ea0717c@group-9D641DBD7BA7: changes role from  FOLLOWER to CANDIDATE at term 1 for changeToCandidate
2022-08-04 23:31:58,359 [e0f75b45-16fa-4273-b6f0-de8d2ea0717c@group-9D641DBD7BA7-FollowerState] INFO  server.RaftServerConfigKeys (ConfUtils.java:logGet(46)) - raft.server.leaderelection.pre-vote = false (custom)
2022-08-04 23:31:58,359 [e0f75b45-16fa-4273-b6f0-de8d2ea0717c@group-9D641DBD7BA7-FollowerState] INFO  impl.RoleInfo (RoleInfo.java:updateAndGet(139)) - e0f75b45-16fa-4273-b6f0-de8d2ea0717c: start e0f75b45-16fa-4273-b6f0-de8d2ea0717c@group-9D641DBD7BA7-LeaderElection43
2022-08-04 23:31:58,398 [fda7fb63-b703-4732-a633-14a9c7469eea@group-9D641DBD7BA7-FollowerState] INFO  impl.FollowerState (FollowerState.java:run(143)) - fda7fb63-b703-4732-a633-14a9c7469eea@group-9D641DBD7BA7-FollowerState: change to CANDIDATE, lastRpcElapsedTime:5073044582ns, electionTimeout:5047ms
2022-08-04 23:31:58,398 [fda7fb63-b703-4732-a633-14a9c7469eea@group-9D641DBD7BA7-FollowerState] INFO  impl.RoleInfo (RoleInfo.java:shutdownFollowerState(110)) - fda7fb63-b703-4732-a633-14a9c7469eea: shutdown fda7fb63-b703-4732-a633-14a9c7469eea@group-9D641DBD7BA7-FollowerState
2022-08-04 23:31:58,398 [fda7fb63-b703-4732-a633-14a9c7469eea@group-9D641DBD7BA7-FollowerState] INFO  server.RaftServer$Division (RaftServerImpl.java:setRole(299)) - fda7fb63-b703-4732-a633-14a9c7469eea@group-9D641DBD7BA7: changes role from  FOLLOWER to CANDIDATE at term 1 for changeToCandidate
2022-08-04 23:31:58,398 [fda7fb63-b703-4732-a633-14a9c7469eea@group-9D641DBD7BA7-FollowerState] INFO  server.RaftServerConfigKeys (ConfUtils.java:logGet(46)) - raft.server.leaderelection.pre-vote = false (custom)
2022-08-04 23:31:58,398 [fda7fb63-b703-4732-a633-14a9c7469eea@group-9D641DBD7BA7-FollowerState] INFO  impl.RoleInfo (RoleInfo.java:updateAndGet(139)) - fda7fb63-b703-4732-a633-14a9c7469eea: start fda7fb63-b703-4732-a633-14a9c7469eea@group-9D641DBD7BA7-LeaderElection44
2022-08-04 23:31:58,401 [e0f75b45-16fa-4273-b6f0-de8d2ea0717c@group-9D641DBD7BA7-LeaderElection43] INFO  impl.LeaderElection (LeaderElection.java:askForVotes(310)) - e0f75b45-16fa-4273-b6f0-de8d2ea0717c@group-9D641DBD7BA7-LeaderElection43 ELECTION round 0: submit vote requests at term 2 for -1: [6f44e897-2412-4a44-a30b-6ce2110987da|rpc:10.1.0.37:45047|priority:0, fda7fb63-b703-4732-a633-14a9c7469eea|rpc:10.1.0.37:40943|priority:0, e0f75b45-16fa-4273-b6f0-de8d2ea0717c|rpc:10.1.0.37:43771|priority:1], old=null
2022-08-04 23:31:58,413 [grpc-default-executor-1] INFO  server.RaftServer$Division (RaftServerImpl.java:requestVote(1152)) - 6f44e897-2412-4a44-a30b-6ce2110987da@group-9D641DBD7BA7: receive requestVote(ELECTION, e0f75b45-16fa-4273-b6f0-de8d2ea0717c, group-9D641DBD7BA7, 2, (t:0, i:0))
2022-08-04 23:31:58,414 [grpc-default-executor-1] INFO  impl.VoteContext (VoteContext.java:log(48)) - 6f44e897-2412-4a44-a30b-6ce2110987da@group-9D641DBD7BA7-FOLLOWER: accept ELECTION from e0f75b45-16fa-4273-b6f0-de8d2ea0717c: our priority 0 <= candidate's priority 1
2022-08-04 23:31:58,414 [grpc-default-executor-1] INFO  server.RaftServer$Division (RaftServerImpl.java:setRole(299)) - 6f44e897-2412-4a44-a30b-6ce2110987da@group-9D641DBD7BA7: changes role from  FOLLOWER to FOLLOWER at term 2 for candidate:e0f75b45-16fa-4273-b6f0-de8d2ea0717c
2022-08-04 23:31:58,414 [grpc-default-executor-1] INFO  impl.RoleInfo (RoleInfo.java:shutdownFollowerState(110)) - 6f44e897-2412-4a44-a30b-6ce2110987da: shutdown 6f44e897-2412-4a44-a30b-6ce2110987da@group-9D641DBD7BA7-FollowerState
2022-08-04 23:31:58,414 [grpc-default-executor-1] INFO  impl.RoleInfo (RoleInfo.java:updateAndGet(139)) - 6f44e897-2412-4a44-a30b-6ce2110987da: start 6f44e897-2412-4a44-a30b-6ce2110987da@group-9D641DBD7BA7-FollowerState
2022-08-04 23:31:58,414 [fda7fb63-b703-4732-a633-14a9c7469eea@group-9D641DBD7BA7-LeaderElection44] INFO  impl.LeaderElection (LeaderElection.java:askForVotes(310)) - fda7fb63-b703-4732-a633-14a9c7469eea@group-9D641DBD7BA7-LeaderElection44 ELECTION round 0: submit vote requests at term 2 for -1: [6f44e897-2412-4a44-a30b-6ce2110987da|rpc:10.1.0.37:45047|dataStream:|priority:0, fda7fb63-b703-4732-a633-14a9c7469eea|rpc:10.1.0.37:40943|dataStream:|priority:0, e0f75b45-16fa-4273-b6f0-de8d2ea0717c|rpc:10.1.0.37:43771|dataStream:|priority:1], old=null
2022-08-04 23:31:58,416 [6f44e897-2412-4a44-a30b-6ce2110987da@group-9D641DBD7BA7-FollowerState] INFO  impl.FollowerState (FollowerState.java:run(152)) - 6f44e897-2412-4a44-a30b-6ce2110987da@group-9D641DBD7BA7-FollowerState was interrupted
2022-08-04 23:31:58,447 [grpc-default-executor-1] INFO  server.RaftServer$Division (RaftServerImpl.java:requestVote(1184)) - 6f44e897-2412-4a44-a30b-6ce2110987da@group-9D641DBD7BA7 replies to ELECTION vote request: e0f75b45-16fa-4273-b6f0-de8d2ea0717c<-6f44e897-2412-4a44-a30b-6ce2110987da#0:OK-t2. Peer's state: 6f44e897-2412-4a44-a30b-6ce2110987da@group-9D641DBD7BA7:t2, leader=null, voted=e0f75b45-16fa-4273-b6f0-de8d2ea0717c, raftlog=6f44e897-2412-4a44-a30b-6ce2110987da@group-9D641DBD7BA7-SegmentedRaftLog:OPENED:c-1, conf=-1: [6f44e897-2412-4a44-a30b-6ce2110987da|rpc:10.1.0.37:45047|priority:0, fda7fb63-b703-4732-a633-14a9c7469eea|rpc:10.1.0.37:40943|priority:0, e0f75b45-16fa-4273-b6f0-de8d2ea0717c|rpc:10.1.0.37:43771|priority:1], old=null
2022-08-04 23:31:58,456 [e0f75b45-16fa-4273-b6f0-de8d2ea0717c@group-9D641DBD7BA7-LeaderElection43] INFO  impl.LeaderElection (LeaderElection.java:logAndReturn(90)) - e0f75b45-16fa-4273-b6f0-de8d2ea0717c@group-9D641DBD7BA7-LeaderElection43: ELECTION PASSED received 1 response(s) and 0 exception(s):
2022-08-04 23:31:58,456 [e0f75b45-16fa-4273-b6f0-de8d2ea0717c@group-9D641DBD7BA7-LeaderElection43] INFO  impl.LeaderElection (LeaderElection.java:logAndReturn(94)) -   Response 0: e0f75b45-16fa-4273-b6f0-de8d2ea0717c<-6f44e897-2412-4a44-a30b-6ce2110987da#0:OK-t2
2022-08-04 23:31:58,457 [e0f75b45-16fa-4273-b6f0-de8d2ea0717c@group-9D641DBD7BA7-LeaderElection43] INFO  impl.LeaderElection (LeaderElection.java:askForVotes(312)) - e0f75b45-16fa-4273-b6f0-de8d2ea0717c@group-9D641DBD7BA7-LeaderElection43 ELECTION round 0: result PASSED
2022-08-04 23:31:58,457 [e0f75b45-16fa-4273-b6f0-de8d2ea0717c@group-9D641DBD7BA7-LeaderElection43] INFO  impl.RoleInfo (RoleInfo.java:shutdownLeaderElection(130)) - e0f75b45-16fa-4273-b6f0-de8d2ea0717c: shutdown e0f75b45-16fa-4273-b6f0-de8d2ea0717c@group-9D641DBD7BA7-LeaderElection43
2022-08-04 23:31:58,457 [e0f75b45-16fa-4273-b6f0-de8d2ea0717c@group-9D641DBD7BA7-LeaderElection43] INFO  server.RaftServer$Division (RaftServerImpl.java:setRole(299)) - e0f75b45-16fa-4273-b6f0-de8d2ea0717c@group-9D641DBD7BA7: changes role from CANDIDATE to LEADER at term 2 for changeToLeader
2022-08-04 23:31:58,457 [e0f75b45-16fa-4273-b6f0-de8d2ea0717c@group-9D641DBD7BA7-LeaderElection43] INFO  ratis.XceiverServerRatis (XceiverServerRatis.java:handleLeaderChangedNotification(863)) - Leader change notification received for group: group-9D641DBD7BA7 with new leaderId: e0f75b45-16fa-4273-b6f0-de8d2ea0717c
2022-08-04 23:31:58,457 [e0f75b45-16fa-4273-b6f0-de8d2ea0717c@group-9D641DBD7BA7-LeaderElection43] INFO  server.RaftServer$Division (ServerState.java:setLeader(287)) - e0f75b45-16fa-4273-b6f0-de8d2ea0717c@group-9D641DBD7BA7: change Leader from null to e0f75b45-16fa-4273-b6f0-de8d2ea0717c at term 2 for becomeLeader, leader elected after 10292ms
2022-08-04 23:31:58,457 [e0f75b45-16fa-4273-b6f0-de8d2ea0717c@group-9D641DBD7BA7-LeaderElection43] INFO  server.RaftServerConfigKeys (ConfUtils.java:logGet(46)) - raft.server.staging.catchup.gap = 1000 (default)
2022-08-04 23:31:58,457 [e0f75b45-16fa-4273-b6f0-de8d2ea0717c@group-9D641DBD7BA7-LeaderElection43] INFO  server.RaftServerConfigKeys (ConfUtils.java:logGet(46)) - raft.server.write.element-limit = 1024 (custom)
2022-08-04 23:31:58,457 [e0f75b45-16fa-4273-b6f0-de8d2ea0717c@group-9D641DBD7BA7-LeaderElection43] INFO  server.RaftServerConfigKeys (ConfUtils.java:logGet(46)) - raft.server.write.byte-limit = 1024 M (=1073741824) (custom)
2022-08-04 23:31:58,457 [e0f75b45-16fa-4273-b6f0-de8d2ea0717c@group-9D641DBD7BA7-LeaderElection43] INFO  server.RaftServerConfigKeys (ConfUtils.java:logGet(46)) - raft.server.watch.timeout = 180s (custom)
2022-08-04 23:31:58,457 [e0f75b45-16fa-4273-b6f0-de8d2ea0717c@group-9D641DBD7BA7-LeaderElection43] INFO  server.RaftServerConfigKeys (ConfUtils.java:logGet(46)) - raft.server.watch.timeout.denomination = 1s (default)
2022-08-04 23:31:58,457 [e0f75b45-16fa-4273-b6f0-de8d2ea0717c@group-9D641DBD7BA7-LeaderElection43] INFO  server.RaftServerConfigKeys (ConfUtils.java:logGet(46)) - raft.server.watch.element-limit = 65536 (default)
2022-08-04 23:31:58,457 [e0f75b45-16fa-4273-b6f0-de8d2ea0717c@group-9D641DBD7BA7-LeaderElection43] INFO  server.RaftServerConfigKeys (ConfUtils.java:logGet(46)) - raft.server.write.element-limit = 1024 (custom)
2022-08-04 23:31:58,458 [e0f75b45-16fa-4273-b6f0-de8d2ea0717c@group-9D641DBD7BA7-LeaderElection43] INFO  server.RaftServerConfigKeys (ConfUtils.java:logGet(46)) - raft.server.write.follower.gap.ratio.max = -1.0 (default)
2022-08-04 23:31:58,458 [e0f75b45-16fa-4273-b6f0-de8d2ea0717c@group-9D641DBD7BA7-LeaderElection43] INFO  server.RaftServerConfigKeys (ConfUtils.java:logGet(46)) - raft.server.log.appender.snapshot.chunk.size.max = 16MB (=16777216) (default)
2022-08-04 23:31:58,458 [e0f75b45-16fa-4273-b6f0-de8d2ea0717c@group-9D641DBD7BA7-LeaderElection43] INFO  server.RaftServerConfigKeys (ConfUtils.java:logGet(46)) - raft.server.log.appender.buffer.byte-limit = 33554432 (custom)
2022-08-04 23:31:58,458 [e0f75b45-16fa-4273-b6f0-de8d2ea0717c@group-9D641DBD7BA7-LeaderElection43] INFO  server.RaftServerConfigKeys (ConfUtils.java:logGet(46)) - raft.server.log.appender.buffer.element-limit = 1 (custom)
2022-08-04 23:31:58,458 [e0f75b45-16fa-4273-b6f0-de8d2ea0717c@group-9D641DBD7BA7-LeaderElection43] INFO  grpc.GrpcConfigKeys (ConfUtils.java:logGet(46)) - raft.grpc.server.leader.outstanding.appends.max = 128 (default)
2022-08-04 23:31:58,458 [e0f75b45-16fa-4273-b6f0-de8d2ea0717c@group-9D641DBD7BA7-LeaderElection43] INFO  server.RaftServerConfigKeys (ConfUtils.java:logGet(46)) - raft.server.rpc.request.timeout = 60s (custom)
2022-08-04 23:31:58,458 [e0f75b45-16fa-4273-b6f0-de8d2ea0717c@group-9D641DBD7BA7-LeaderElection43] INFO  server.RaftServerConfigKeys (ConfUtils.java:logGet(46)) - raft.server.log.appender.install.snapshot.enabled = false (custom)
2022-08-04 23:31:58,461 [e0f75b45-16fa-4273-b6f0-de8d2ea0717c@group-9D641DBD7BA7-LeaderElection43] INFO  server.RaftServerConfigKeys (ConfUtils.java:logGet(46)) - raft.server.log.appender.snapshot.chunk.size.max = 16MB (=16777216) (default)
2022-08-04 23:31:58,461 [e0f75b45-16fa-4273-b6f0-de8d2ea0717c@group-9D641DBD7BA7-LeaderElection43] INFO  server.RaftServerConfigKeys (ConfUtils.java:logGet(46)) - raft.server.log.appender.buffer.byte-limit = 33554432 (custom)
2022-08-04 23:31:58,461 [e0f75b45-16fa-4273-b6f0-de8d2ea0717c@group-9D641DBD7BA7-LeaderElection43] INFO  server.RaftServerConfigKeys (ConfUtils.java:logGet(46)) - raft.server.log.appender.buffer.element-limit = 1 (custom)
2022-08-04 23:31:58,461 [e0f75b45-16fa-4273-b6f0-de8d2ea0717c@group-9D641DBD7BA7-LeaderElection43] INFO  grpc.GrpcConfigKeys (ConfUtils.java:logGet(46)) - raft.grpc.server.leader.outstanding.appends.max = 128 (default)
2022-08-04 23:31:58,461 [e0f75b45-16fa-4273-b6f0-de8d2ea0717c@group-9D641DBD7BA7-LeaderElection43] INFO  server.RaftServerConfigKeys (ConfUtils.java:logGet(46)) - raft.server.rpc.request.timeout = 60s (custom)
2022-08-04 23:31:58,461 [e0f75b45-16fa-4273-b6f0-de8d2ea0717c@group-9D641DBD7BA7-LeaderElection43] INFO  server.RaftServerConfigKeys (ConfUtils.java:logGet(46)) - raft.server.log.appender.install.snapshot.enabled = false (custom)
2022-08-04 23:31:58,462 [e0f75b45-16fa-4273-b6f0-de8d2ea0717c@group-9D641DBD7BA7-LeaderElection43] INFO  impl.RoleInfo (RoleInfo.java:updateAndGet(139)) - e0f75b45-16fa-4273-b6f0-de8d2ea0717c: start e0f75b45-16fa-4273-b6f0-de8d2ea0717c@group-9D641DBD7BA7-LeaderStateImpl
2022-08-04 23:31:58,462 [e0f75b45-16fa-4273-b6f0-de8d2ea0717c@group-9D641DBD7BA7-LeaderElection43] INFO  segmented.SegmentedRaftLogWorker (SegmentedRaftLogWorker.java:startLogSegment(425)) - e0f75b45-16fa-4273-b6f0-de8d2ea0717c@group-9D641DBD7BA7-SegmentedRaftLogWorker: Starting segment from index:0
2022-08-04 23:31:58,512 [e0f75b45-16fa-4273-b6f0-de8d2ea0717c@group-9D641DBD7BA7-LeaderElection43] INFO  server.RaftServer$Division (ServerState.java:setRaftConf(393)) - e0f75b45-16fa-4273-b6f0-de8d2ea0717c@group-9D641DBD7BA7: set configuration 0: [6f44e897-2412-4a44-a30b-6ce2110987da|rpc:10.1.0.37:45047|dataStream:|priority:0, fda7fb63-b703-4732-a633-14a9c7469eea|rpc:10.1.0.37:40943|dataStream:|priority:0, e0f75b45-16fa-4273-b6f0-de8d2ea0717c|rpc:10.1.0.37:43771|dataStream:|priority:1], old=null
2022-08-04 23:31:58,513 [grpc-default-executor-2] INFO  server.RaftServer$Division (RaftServerImpl.java:requestVote(1152)) - 6f44e897-2412-4a44-a30b-6ce2110987da@group-9D641DBD7BA7: receive requestVote(ELECTION, fda7fb63-b703-4732-a633-14a9c7469eea, group-9D641DBD7BA7, 2, (t:0, i:0))
2022-08-04 23:31:58,513 [grpc-default-executor-2] INFO  impl.VoteContext (VoteContext.java:log(48)) - 6f44e897-2412-4a44-a30b-6ce2110987da@group-9D641DBD7BA7-FOLLOWER: reject ELECTION from fda7fb63-b703-4732-a633-14a9c7469eea: already has voted for e0f75b45-16fa-4273-b6f0-de8d2ea0717c at current term 2
2022-08-04 23:31:58,513 [grpc-default-executor-2] INFO  server.RaftServer$Division (RaftServerImpl.java:requestVote(1184)) - 6f44e897-2412-4a44-a30b-6ce2110987da@group-9D641DBD7BA7 replies to ELECTION vote request: fda7fb63-b703-4732-a633-14a9c7469eea<-6f44e897-2412-4a44-a30b-6ce2110987da#0:FAIL-t2. Peer's state: 6f44e897-2412-4a44-a30b-6ce2110987da@group-9D641DBD7BA7:t2, leader=null, voted=e0f75b45-16fa-4273-b6f0-de8d2ea0717c, raftlog=6f44e897-2412-4a44-a30b-6ce2110987da@group-9D641DBD7BA7-SegmentedRaftLog:OPENED:c-1, conf=-1: [6f44e897-2412-4a44-a30b-6ce2110987da|rpc:10.1.0.37:45047|priority:0, fda7fb63-b703-4732-a633-14a9c7469eea|rpc:10.1.0.37:40943|priority:0, e0f75b45-16fa-4273-b6f0-de8d2ea0717c|rpc:10.1.0.37:43771|priority:1], old=null
2022-08-04 23:31:58,514 [grpc-default-executor-1] INFO  server.RaftServer$Division (RaftServerImpl.java:requestVote(1152)) - fda7fb63-b703-4732-a633-14a9c7469eea@group-9D641DBD7BA7: receive requestVote(ELECTION, e0f75b45-16fa-4273-b6f0-de8d2ea0717c, group-9D641DBD7BA7, 2, (t:0, i:0))
2022-08-04 23:31:58,514 [grpc-default-executor-1] INFO  impl.VoteContext (VoteContext.java:log(48)) - fda7fb63-b703-4732-a633-14a9c7469eea@group-9D641DBD7BA7-CANDIDATE: reject ELECTION from e0f75b45-16fa-4273-b6f0-de8d2ea0717c: already has voted for fda7fb63-b703-4732-a633-14a9c7469eea at current term 2
2022-08-04 23:31:58,515 [grpc-default-executor-1] INFO  server.RaftServer$Division (RaftServerImpl.java:requestVote(1184)) - fda7fb63-b703-4732-a633-14a9c7469eea@group-9D641DBD7BA7 replies to ELECTION vote request: e0f75b45-16fa-4273-b6f0-de8d2ea0717c<-fda7fb63-b703-4732-a633-14a9c7469eea#0:FAIL-t2. Peer's state: fda7fb63-b703-4732-a633-14a9c7469eea@group-9D641DBD7BA7:t2, leader=null, voted=fda7fb63-b703-4732-a633-14a9c7469eea, raftlog=fda7fb63-b703-4732-a633-14a9c7469eea@group-9D641DBD7BA7-SegmentedRaftLog:OPENED:c-1, conf=-1: [6f44e897-2412-4a44-a30b-6ce2110987da|rpc:10.1.0.37:45047|dataStream:|priority:0, fda7fb63-b703-4732-a633-14a9c7469eea|rpc:10.1.0.37:40943|dataStream:|priority:0, e0f75b45-16fa-4273-b6f0-de8d2ea0717c|rpc:10.1.0.37:43771|dataStream:|priority:1], old=null
2022-08-04 23:31:58,516 [e0f75b45-16fa-4273-b6f0-de8d2ea0717c@group-9D641DBD7BA7-SegmentedRaftLogWorker] INFO  segmented.SegmentedRaftLogWorker (SegmentedRaftLogWorker.java:execute(629)) - e0f75b45-16fa-4273-b6f0-de8d2ea0717c@group-9D641DBD7BA7-SegmentedRaftLogWorker: created new log segment /home/runner/work/ozone/ozone/hadoop-ozone/integration-test/target/test-dir/MiniOzoneClusterImpl-bb5f6a8d-8f39-43b4-baa3-4f9c3a5e14cf/datanode-0/data/ratis/3b2e611b-4661-47d7-bb78-9d641dbd7ba7/current/log_inprogress_0
2022-08-04 23:31:58,517 [EventQueue-PipelineReportForPipelineReportHandler] INFO  pipeline.PipelineManagerImpl (PipelineManagerImpl.java:openPipeline(367)) - Pipeline Pipeline[ Id: 3b2e611b-4661-47d7-bb78-9d641dbd7ba7, Nodes: 6f44e897-2412-4a44-a30b-6ce2110987da{ip: 10.1.0.37, host: fv-az241-597.bb25ywkzvhnelkltyshw0e441e.jx.internal.cloudapp.net, ports: [REPLICATION=46771, RATIS=45047, RATIS_ADMIN=45047, RATIS_SERVER=45047, STANDALONE=36311], networkLocation: /default-rack, certSerialId: null, persistedOpState: IN_SERVICE, persistedOpStateExpiryEpochSec: 0}fda7fb63-b703-4732-a633-14a9c7469eea{ip: 10.1.0.37, host: fv-az241-597.bb25ywkzvhnelkltyshw0e441e.jx.internal.cloudapp.net, ports: [REPLICATION=39557, RATIS=40943, RATIS_ADMIN=40943, RATIS_SERVER=40943, STANDALONE=33729], networkLocation: /default-rack, certSerialId: null, persistedOpState: IN_SERVICE, persistedOpStateExpiryEpochSec: 0}e0f75b45-16fa-4273-b6f0-de8d2ea0717c{ip: 10.1.0.37, host: fv-az241-597.bb25ywkzvhnelkltyshw0e441e.jx.internal.cloudapp.net, ports: [REPLICATION=35567, RATIS=43771, RATIS_ADMIN=43771, RATIS_SERVER=43771, STANDALONE=37099], networkLocation: /default-rack, certSerialId: null, persistedOpState: IN_SERVICE, persistedOpStateExpiryEpochSec: 0}, ReplicationConfig: RATIS/THREE, State:ALLOCATED, leaderId:e0f75b45-16fa-4273-b6f0-de8d2ea0717c, CreationTimestamp2022-08-04T23:31:46.906Z[Etc/UTC]] moved to OPEN state
2022-08-04 23:31:58,517 [EventQueue-OpenPipelineForHealthyPipelineSafeModeRule] INFO  safemode.SCMSafeModeManager (HealthyPipelineSafeModeRule.java:process(137)) - SCM in safe mode. Healthy pipelines reported count is 1, required healthy pipeline reported count is 1
2022-08-04 23:31:58,517 [EventQueue-OpenPipelineForHealthyPipelineSafeModeRule] INFO  safemode.SCMSafeModeManager (SCMSafeModeManager.java:validateSafeModeExitRules(204)) - HealthyPipelineSafeModeRule rule is successfully validated
2022-08-04 23:31:58,517 [EventQueue-OpenPipelineForHealthyPipelineSafeModeRule] INFO  safemode.SCMSafeModeManager (SCMSafeModeManager.java:validateSafeModeExitRules(219)) - ScmSafeModeManager, all rules are successfully validated
2022-08-04 23:31:58,517 [EventQueue-OpenPipelineForHealthyPipelineSafeModeRule] INFO  safemode.SCMSafeModeManager (SCMSafeModeManager.java:exitSafeMode(248)) - SCM exiting safe mode.
2022-08-04 23:31:58,517 [EventQueue-OpenPipelineForHealthyPipelineSafeModeRule] WARN  events.EventQueue (EventQueue.java:fireEvent(216)) - No event handler registered for event TypedEvent{payloadType=SafeModeStatus, name='Safe mode status'}
2022-08-04 23:31:58,518 [EventQueue-OpenPipelineForHealthyPipelineSafeModeRule] INFO  ha.SCMContext (SCMContext.java:updateSafeModeStatus(228)) - Update SafeModeStatus from SafeModeStatus{safeModeStatus=true, preCheckPassed=true} to SafeModeStatus{safeModeStatus=false, preCheckPassed=true}.
2022-08-04 23:31:58,518 [EventQueue-OpenPipelineForHealthyPipelineSafeModeRule] INFO  pipeline.BackgroundPipelineCreator (BackgroundPipelineCreator.java:notifyStatusChanged(254)) - Service BackgroundPipelineCreator transitions to RUNNING.
2022-08-04 23:31:58,518 [EventQueue-OpenPipelineForHealthyPipelineSafeModeRule] INFO  BackgroundPipelineScrubber (BackgroundSCMService.java:notifyStatusChanged(82)) - Service BackgroundPipelineScrubber transitions to RUNNING.
2022-08-04 23:31:58,518 [EventQueue-OpenPipelineForHealthyPipelineSafeModeRule] INFO  ExpiredContainerReplicaOpScrubber (BackgroundSCMService.java:notifyStatusChanged(82)) - Service ExpiredContainerReplicaOpScrubber transitions to RUNNING.
2022-08-04 23:31:58,518 [EventQueue-OpenPipelineForHealthyPipelineSafeModeRule] INFO  UnderReplicatedQueueThread (BackgroundSCMService.java:notifyStatusChanged(82)) - Service UnderReplicatedQueueThread transitions to RUNNING.
2022-08-04 23:31:58,518 [EventQueue-OpenPipelineForHealthyPipelineSafeModeRule] INFO  OverReplicatedQueueThread (BackgroundSCMService.java:notifyStatusChanged(82)) - Service OverReplicatedQueueThread transitions to RUNNING.
2022-08-04 23:31:58,518 [EventQueue-OpenPipelineForHealthyPipelineSafeModeRule] INFO  replication.ReplicationManager (ReplicationManager.java:notifyStatusChanged(642)) - Service ReplicationManager transitions to RUNNING.
2022-08-04 23:31:58,518 [EventQueue-OpenPipelineForHealthyPipelineSafeModeRule] WARN  balancer.ContainerBalancer (ContainerBalancer.java:shouldRun(904)) - Could not find persisted configuration for ContainerBalancer when checking if ContainerBalancer should run. ContainerBalancer should not run now.
2022-08-04 23:31:58,536 [6f44e897-2412-4a44-a30b-6ce2110987da-server-thread1] INFO  ratis.XceiverServerRatis (XceiverServerRatis.java:handleLeaderChangedNotification(863)) - Leader change notification received for group: group-9D641DBD7BA7 with new leaderId: e0f75b45-16fa-4273-b6f0-de8d2ea0717c
2022-08-04 23:31:58,536 [6f44e897-2412-4a44-a30b-6ce2110987da-server-thread1] INFO  server.RaftServer$Division (ServerState.java:setLeader(287)) - 6f44e897-2412-4a44-a30b-6ce2110987da@group-9D641DBD7BA7: change Leader from null to e0f75b45-16fa-4273-b6f0-de8d2ea0717c at term 2 for appendEntries, leader elected after 10569ms
2022-08-04 23:31:58,544 [grpc-default-executor-0] INFO  server.RaftServer$Division (RaftServerImpl.java:requestVote(1152)) - e0f75b45-16fa-4273-b6f0-de8d2ea0717c@group-9D641DBD7BA7: receive requestVote(ELECTION, fda7fb63-b703-4732-a633-14a9c7469eea, group-9D641DBD7BA7, 2, (t:0, i:0))
2022-08-04 23:31:58,544 [grpc-default-executor-0] INFO  impl.VoteContext (VoteContext.java:log(48)) - e0f75b45-16fa-4273-b6f0-de8d2ea0717c@group-9D641DBD7BA7-LEADER: reject ELECTION from fda7fb63-b703-4732-a633-14a9c7469eea: already has voted for e0f75b45-16fa-4273-b6f0-de8d2ea0717c at current term 2
2022-08-04 23:31:58,544 [grpc-default-executor-0] INFO  server.RaftServer$Division (RaftServerImpl.java:requestVote(1184)) - e0f75b45-16fa-4273-b6f0-de8d2ea0717c@group-9D641DBD7BA7 replies to ELECTION vote request: fda7fb63-b703-4732-a633-14a9c7469eea<-e0f75b45-16fa-4273-b6f0-de8d2ea0717c#0:FAIL-t2. Peer's state: e0f75b45-16fa-4273-b6f0-de8d2ea0717c@group-9D641DBD7BA7:t2, leader=e0f75b45-16fa-4273-b6f0-de8d2ea0717c, voted=e0f75b45-16fa-4273-b6f0-de8d2ea0717c, raftlog=e0f75b45-16fa-4273-b6f0-de8d2ea0717c@group-9D641DBD7BA7-SegmentedRaftLog:OPENED:c0, conf=0: [6f44e897-2412-4a44-a30b-6ce2110987da|rpc:10.1.0.37:45047|dataStream:|priority:0, fda7fb63-b703-4732-a633-14a9c7469eea|rpc:10.1.0.37:40943|dataStream:|priority:0, e0f75b45-16fa-4273-b6f0-de8d2ea0717c|rpc:10.1.0.37:43771|dataStream:|priority:1], old=null
2022-08-04 23:31:58,555 [6f44e897-2412-4a44-a30b-6ce2110987da-server-thread1] INFO  server.RaftServer$Division (ServerState.java:setRaftConf(393)) - 6f44e897-2412-4a44-a30b-6ce2110987da@group-9D641DBD7BA7: set configuration 0: [6f44e897-2412-4a44-a30b-6ce2110987da|rpc:10.1.0.37:45047|dataStream:|priority:0, fda7fb63-b703-4732-a633-14a9c7469eea|rpc:10.1.0.37:40943|dataStream:|priority:0, e0f75b45-16fa-4273-b6f0-de8d2ea0717c|rpc:10.1.0.37:43771|dataStream:|priority:1], old=null
2022-08-04 23:31:58,555 [6f44e897-2412-4a44-a30b-6ce2110987da-server-thread1] INFO  segmented.SegmentedRaftLogWorker (SegmentedRaftLogWorker.java:startLogSegment(425)) - 6f44e897-2412-4a44-a30b-6ce2110987da@group-9D641DBD7BA7-SegmentedRaftLogWorker: Starting segment from index:0
2022-08-04 23:31:58,564 [fda7fb63-b703-4732-a633-14a9c7469eea-server-thread1] INFO  server.RaftServer$Division (RaftServerImpl.java:setRole(299)) - fda7fb63-b703-4732-a633-14a9c7469eea@group-9D641DBD7BA7: changes role from CANDIDATE to FOLLOWER at term 2 for appendEntries
2022-08-04 23:31:58,564 [fda7fb63-b703-4732-a633-14a9c7469eea-server-thread1] INFO  impl.RoleInfo (RoleInfo.java:shutdownLeaderElection(130)) - fda7fb63-b703-4732-a633-14a9c7469eea: shutdown fda7fb63-b703-4732-a633-14a9c7469eea@group-9D641DBD7BA7-LeaderElection44
2022-08-04 23:31:58,564 [fda7fb63-b703-4732-a633-14a9c7469eea-server-thread1] INFO  impl.RoleInfo (RoleInfo.java:updateAndGet(139)) - fda7fb63-b703-4732-a633-14a9c7469eea: start fda7fb63-b703-4732-a633-14a9c7469eea@group-9D641DBD7BA7-FollowerState
2022-08-04 23:31:58,576 [fda7fb63-b703-4732-a633-14a9c7469eea@group-9D641DBD7BA7-LeaderElection44] INFO  impl.LeaderElection (LeaderElection.java:logAndReturn(90)) - fda7fb63-b703-4732-a633-14a9c7469eea@group-9D641DBD7BA7-LeaderElection44: ELECTION REJECTED received 2 response(s) and 0 exception(s):
2022-08-04 23:31:58,576 [fda7fb63-b703-4732-a633-14a9c7469eea@group-9D641DBD7BA7-LeaderElection44] INFO  impl.LeaderElection (LeaderElection.java:logAndReturn(94)) -   Response 0: fda7fb63-b703-4732-a633-14a9c7469eea<-6f44e897-2412-4a44-a30b-6ce2110987da#0:FAIL-t2
2022-08-04 23:31:58,576 [fda7fb63-b703-4732-a633-14a9c7469eea@group-9D641DBD7BA7-LeaderElection44] INFO  impl.LeaderElection (LeaderElection.java:logAndReturn(94)) -   Response 1: fda7fb63-b703-4732-a633-14a9c7469eea<-e0f75b45-16fa-4273-b6f0-de8d2ea0717c#0:FAIL-t2
2022-08-04 23:31:58,576 [fda7fb63-b703-4732-a633-14a9c7469eea@group-9D641DBD7BA7-LeaderElection44] INFO  impl.LeaderElection (LeaderElection.java:askForVotes(312)) - fda7fb63-b703-4732-a633-14a9c7469eea@group-9D641DBD7BA7-LeaderElection44 ELECTION round 0: result REJECTED
2022-08-04 23:31:58,576 [fda7fb63-b703-4732-a633-14a9c7469eea-server-thread1] INFO  ratis.XceiverServerRatis (XceiverServerRatis.java:handleLeaderChangedNotification(863)) - Leader change notification received for group: group-9D641DBD7BA7 with new leaderId: e0f75b45-16fa-4273-b6f0-de8d2ea0717c
2022-08-04 23:31:58,576 [fda7fb63-b703-4732-a633-14a9c7469eea-server-thread1] INFO  server.RaftServer$Division (ServerState.java:setLeader(287)) - fda7fb63-b703-4732-a633-14a9c7469eea@group-9D641DBD7BA7: change Leader from null to e0f75b45-16fa-4273-b6f0-de8d2ea0717c at term 2 for appendEntries, leader elected after 10492ms
2022-08-04 23:31:58,579 [6f44e897-2412-4a44-a30b-6ce2110987da@group-9D641DBD7BA7-SegmentedRaftLogWorker] INFO  segmented.SegmentedRaftLogWorker (SegmentedRaftLogWorker.java:execute(629)) - 6f44e897-2412-4a44-a30b-6ce2110987da@group-9D641DBD7BA7-SegmentedRaftLogWorker: created new log segment /home/runner/work/ozone/ozone/hadoop-ozone/integration-test/target/test-dir/MiniOzoneClusterImpl-bb5f6a8d-8f39-43b4-baa3-4f9c3a5e14cf/datanode-2/data/ratis/3b2e611b-4661-47d7-bb78-9d641dbd7ba7/current/log_inprogress_0
2022-08-04 23:31:58,623 [fda7fb63-b703-4732-a633-14a9c7469eea-server-thread2] INFO  server.RaftServer$Division (ServerState.java:setRaftConf(393)) - fda7fb63-b703-4732-a633-14a9c7469eea@group-9D641DBD7BA7: set configuration 0: [6f44e897-2412-4a44-a30b-6ce2110987da|rpc:10.1.0.37:45047|dataStream:|priority:0, fda7fb63-b703-4732-a633-14a9c7469eea|rpc:10.1.0.37:40943|dataStream:|priority:0, e0f75b45-16fa-4273-b6f0-de8d2ea0717c|rpc:10.1.0.37:43771|dataStream:|priority:1], old=null
2022-08-04 23:31:58,623 [fda7fb63-b703-4732-a633-14a9c7469eea-server-thread2] INFO  segmented.SegmentedRaftLogWorker (SegmentedRaftLogWorker.java:startLogSegment(425)) - fda7fb63-b703-4732-a633-14a9c7469eea@group-9D641DBD7BA7-SegmentedRaftLogWorker: Starting segment from index:0
2022-08-04 23:31:58,625 [fda7fb63-b703-4732-a633-14a9c7469eea@group-9D641DBD7BA7-SegmentedRaftLogWorker] INFO  segmented.SegmentedRaftLogWorker (SegmentedRaftLogWorker.java:execute(629)) - fda7fb63-b703-4732-a633-14a9c7469eea@group-9D641DBD7BA7-SegmentedRaftLogWorker: created new log segment /home/runner/work/ozone/ozone/hadoop-ozone/integration-test/target/test-dir/MiniOzoneClusterImpl-bb5f6a8d-8f39-43b4-baa3-4f9c3a5e14cf/datanode-1/data/ratis/3b2e611b-4661-47d7-bb78-9d641dbd7ba7/current/log_inprogress_0
2022-08-04 23:31:58,907 [Listener at 127.0.0.1/46503] INFO  ozone.MiniOzoneClusterImpl (MiniOzoneClusterImpl.java:lambda$waitForClusterToBeReady$0(216)) - Nodes are ready. Got 3 of 3 DN Heartbeats.
2022-08-04 23:31:58,907 [Listener at 127.0.0.1/46503] INFO  ozone.MiniOzoneClusterImpl (MiniOzoneClusterImpl.java:lambda$waitForClusterToBeReady$0(219)) - Cluster exits safe mode
2022-08-04 23:31:58,907 [Listener at 127.0.0.1/46503] INFO  ozone.MiniOzoneClusterImpl (MiniOzoneClusterImpl.java:lambda$waitForClusterToBeReady$0(221)) - SCM became leader
]]></system-out>
    </rerunFailure>
    <rerunFailure type="java.lang.AssertionError">
      <stackTrace><![CDATA[java.lang.AssertionError
	at org.junit.Assert.fail(Assert.java:87)
	at org.junit.Assert.assertTrue(Assert.java:42)
	at org.junit.Assert.assertTrue(Assert.java:53)
	at org.apache.hadoop.hdds.scm.TestRatisPipelineLeader.testLeaderIdAfterLeaderChange(TestRatisPipelineLeader.java:119)
	at sun.reflect.NativeMethodAccessorImpl.invoke0(Native Method)
	at sun.reflect.NativeMethodAccessorImpl.invoke(NativeMethodAccessorImpl.java:62)
	at sun.reflect.DelegatingMethodAccessorImpl.invoke(DelegatingMethodAccessorImpl.java:43)
	at java.lang.reflect.Method.invoke(Method.java:498)
	at org.junit.platform.commons.util.ReflectionUtils.invokeMethod(ReflectionUtils.java:725)
	at org.junit.jupiter.engine.execution.MethodInvocation.proceed(MethodInvocation.java:60)
	at org.junit.jupiter.engine.execution.InvocationInterceptorChain$ValidatingInvocation.proceed(InvocationInterceptorChain.java:131)
	at org.junit.jupiter.engine.extension.TimeoutInvocation.proceed(TimeoutInvocation.java:46)
	at org.junit.jupiter.engine.extension.TimeoutExtension.intercept(TimeoutExtension.java:149)
	at org.junit.jupiter.engine.extension.TimeoutExtension.interceptTestableMethod(TimeoutExtension.java:140)
	at org.junit.jupiter.engine.extension.TimeoutExtension.interceptTestMethod(TimeoutExtension.java:84)
	at org.junit.jupiter.engine.execution.ExecutableInvoker$ReflectiveInterceptorCall.lambda$ofVoidMethod$0(ExecutableInvoker.java:115)
	at org.junit.jupiter.engine.execution.ExecutableInvoker.lambda$invoke$0(ExecutableInvoker.java:105)
	at org.junit.jupiter.engine.execution.InvocationInterceptorChain$InterceptedInvocation.proceed(InvocationInterceptorChain.java:106)
	at org.junit.jupiter.engine.execution.InvocationInterceptorChain.proceed(InvocationInterceptorChain.java:64)
	at org.junit.jupiter.engine.execution.InvocationInterceptorChain.chainAndInvoke(InvocationInterceptorChain.java:45)
	at org.junit.jupiter.engine.execution.InvocationInterceptorChain.invoke(InvocationInterceptorChain.java:37)
	at org.junit.jupiter.engine.execution.ExecutableInvoker.invoke(ExecutableInvoker.java:104)
	at org.junit.jupiter.engine.execution.ExecutableInvoker.invoke(ExecutableInvoker.java:98)
	at org.junit.jupiter.engine.descriptor.TestMethodTestDescriptor.lambda$invokeTestMethod$7(TestMethodTestDescriptor.java:214)
	at org.junit.platform.engine.support.hierarchical.ThrowableCollector.execute(ThrowableCollector.java:73)
	at org.junit.jupiter.engine.descriptor.TestMethodTestDescriptor.invokeTestMethod(TestMethodTestDescriptor.java:210)
	at org.junit.jupiter.engine.descriptor.TestMethodTestDescriptor.execute(TestMethodTestDescriptor.java:135)
	at org.junit.jupiter.engine.descriptor.TestMethodTestDescriptor.execute(TestMethodTestDescriptor.java:66)
	at org.junit.platform.engine.support.hierarchical.NodeTestTask.lambda$executeRecursively$6(NodeTestTask.java:151)
	at org.junit.platform.engine.support.hierarchical.ThrowableCollector.execute(ThrowableCollector.java:73)
	at org.junit.platform.engine.support.hierarchical.NodeTestTask.lambda$executeRecursively$8(NodeTestTask.java:141)
	at org.junit.platform.engine.support.hierarchical.Node.around(Node.java:137)
	at org.junit.platform.engine.support.hierarchical.NodeTestTask.lambda$executeRecursively$9(NodeTestTask.java:139)
	at org.junit.platform.engine.support.hierarchical.ThrowableCollector.execute(ThrowableCollector.java:73)
	at org.junit.platform.engine.support.hierarchical.NodeTestTask.executeRecursively(NodeTestTask.java:138)
	at org.junit.platform.engine.support.hierarchical.NodeTestTask.execute(NodeTestTask.java:95)
	at java.util.ArrayList.forEach(ArrayList.java:1259)
	at org.junit.platform.engine.support.hierarchical.SameThreadHierarchicalTestExecutorService.invokeAll(SameThreadHierarchicalTestExecutorService.java:41)
	at org.junit.platform.engine.support.hierarchical.NodeTestTask.lambda$executeRecursively$6(NodeTestTask.java:155)
	at org.junit.platform.engine.support.hierarchical.ThrowableCollector.execute(ThrowableCollector.java:73)
	at org.junit.platform.engine.support.hierarchical.NodeTestTask.lambda$executeRecursively$8(NodeTestTask.java:141)
	at org.junit.platform.engine.support.hierarchical.Node.around(Node.java:137)
	at org.junit.platform.engine.support.hierarchical.NodeTestTask.lambda$executeRecursively$9(NodeTestTask.java:139)
	at org.junit.platform.engine.support.hierarchical.ThrowableCollector.execute(ThrowableCollector.java:73)
	at org.junit.platform.engine.support.hierarchical.NodeTestTask.executeRecursively(NodeTestTask.java:138)
	at org.junit.platform.engine.support.hierarchical.NodeTestTask.execute(NodeTestTask.java:95)
	at java.util.ArrayList.forEach(ArrayList.java:1259)
	at org.junit.platform.engine.support.hierarchical.SameThreadHierarchicalTestExecutorService.invokeAll(SameThreadHierarchicalTestExecutorService.java:41)
	at org.junit.platform.engine.support.hierarchical.NodeTestTask.lambda$executeRecursively$6(NodeTestTask.java:155)
	at org.junit.platform.engine.support.hierarchical.ThrowableCollector.execute(ThrowableCollector.java:73)
	at org.junit.platform.engine.support.hierarchical.NodeTestTask.lambda$executeRecursively$8(NodeTestTask.java:141)
	at org.junit.platform.engine.support.hierarchical.Node.around(Node.java:137)
	at org.junit.platform.engine.support.hierarchical.NodeTestTask.lambda$executeRecursively$9(NodeTestTask.java:139)
	at org.junit.platform.engine.support.hierarchical.ThrowableCollector.execute(ThrowableCollector.java:73)
	at org.junit.platform.engine.support.hierarchical.NodeTestTask.executeRecursively(NodeTestTask.java:138)
	at org.junit.platform.engine.support.hierarchical.NodeTestTask.execute(NodeTestTask.java:95)
	at org.junit.platform.engine.support.hierarchical.SameThreadHierarchicalTestExecutorService.submit(SameThreadHierarchicalTestExecutorService.java:35)
	at org.junit.platform.engine.support.hierarchical.HierarchicalTestExecutor.execute(HierarchicalTestExecutor.java:57)
	at org.junit.platform.engine.support.hierarchical.HierarchicalTestEngine.execute(HierarchicalTestEngine.java:54)
	at org.junit.platform.launcher.core.EngineExecutionOrchestrator.execute(EngineExecutionOrchestrator.java:107)
	at org.junit.platform.launcher.core.EngineExecutionOrchestrator.execute(EngineExecutionOrchestrator.java:88)
	at org.junit.platform.launcher.core.EngineExecutionOrchestrator.lambda$execute$0(EngineExecutionOrchestrator.java:54)
	at org.junit.platform.launcher.core.EngineExecutionOrchestrator.withInterceptedStreams(EngineExecutionOrchestrator.java:67)
	at org.junit.platform.launcher.core.EngineExecutionOrchestrator.execute(EngineExecutionOrchestrator.java:52)
	at org.junit.platform.launcher.core.DefaultLauncher.execute(DefaultLauncher.java:114)
	at org.junit.platform.launcher.core.DefaultLauncher.execute(DefaultLauncher.java:86)
	at org.junit.platform.launcher.core.DefaultLauncherSession$DelegatingLauncher.execute(DefaultLauncherSession.java:86)
	at org.junit.platform.launcher.core.SessionPerRequestLauncher.execute(SessionPerRequestLauncher.java:53)
	at org.apache.maven.surefire.junitplatform.JUnitPlatformProvider.invokeAllTests(JUnitPlatformProvider.java:165)
	at org.apache.maven.surefire.junitplatform.JUnitPlatformProvider.invoke(JUnitPlatformProvider.java:124)
	at org.apache.maven.surefire.booter.ForkedBooter.runSuitesInProcess(ForkedBooter.java:428)
	at org.apache.maven.surefire.booter.ForkedBooter.execute(ForkedBooter.java:162)
	at org.apache.maven.surefire.booter.ForkedBooter.run(ForkedBooter.java:562)
	at org.apache.maven.surefire.booter.ForkedBooter.main(ForkedBooter.java:548)
]]></stackTrace>
      <system-out><![CDATA[2022-08-04 23:32:19,952 [Listener at 127.0.0.1/46503] WARN  server.ServerUtils (ServerUtils.java:getScmDbDir(148)) - ozone.scm.db.dirs is not configured. We recommend adding this setting. Falling back to ozone.metadata.dirs instead.
2022-08-04 23:32:19,966 [Listener at 127.0.0.1/46503] WARN  server.ServerUtils (ServerUtils.java:getScmDbDir(148)) - ozone.scm.db.dirs is not configured. We recommend adding this setting. Falling back to ozone.metadata.dirs instead.
2022-08-04 23:32:19,967 [Listener at 127.0.0.1/46503] INFO  ha.SCMHANodeDetails (SCMHANodeDetails.java:loadSCMHAConfig(209)) - ServiceID for StorageContainerManager is null
2022-08-04 23:32:19,967 [Listener at 127.0.0.1/46503] INFO  ha.SCMHANodeDetails (SCMHANodeDetails.java:loadSCMHAConfig(214)) - ozone.scm.default.service.id is not defined, falling back to ozone.scm.service.ids to find serviceID for StorageContainerManager if it is HA enabled cluster
2022-08-04 23:32:19,971 [Listener at 127.0.0.1/46503] WARN  utils.HAUtils (HAUtils.java:getMetaDir(342)) - ozone.scm.db.dirs is not configured. We recommend adding this setting. Falling back to ozone.metadata.dirs instead.
2022-08-04 23:32:19,975 [Listener at 127.0.0.1/46503] WARN  db.DBStoreBuilder (DBStoreBuilder.java:applyDBDefinition(145)) - ozone.scm.db.dirs is not configured. We recommend adding this setting. Falling back to ozone.metadata.dirs instead.
2022-08-04 23:32:20,337 [Listener at 127.0.0.1/46503] INFO  net.NodeSchemaLoader (NodeSchemaLoader.java:loadSchemaFromFile(129)) - Loading schema from [jar:file:/home/runner/.m2/repository/org/apache/ozone/hdds-common/1.3.0-SNAPSHOT/hdds-common-1.3.0-SNAPSHOT.jar!/network-topology-default.xml]
2022-08-04 23:32:20,338 [Listener at 127.0.0.1/46503] INFO  net.NodeSchemaLoader (NodeSchemaLoader.java:loadSchema(176)) - Loading network topology layer schema file
2022-08-04 23:32:20,348 [Listener at 127.0.0.1/46503] INFO  upgrade.AbstractLayoutVersionManager (AbstractLayoutVersionManager.java:init(83)) - Initializing Layout version manager with metadata layout = DATANODE_SCHEMA_V3 (version = 4), software layout = DATANODE_SCHEMA_V3 (version = 4)
2022-08-04 23:32:20,439 [Listener at 127.0.0.1/46503] INFO  reflections.Reflections (Reflections.java:scan(232)) - Reflections took 90 ms to scan 7 urls, producing 132 keys and 321 values 
2022-08-04 23:32:20,477 [Listener at 127.0.0.1/46503] INFO  ha.SequenceIdGenerator (SequenceIdGenerator.java:upgradeToSequenceId(349)) - upgrade localId to 109611004723200000
2022-08-04 23:32:20,477 [Listener at 127.0.0.1/46503] INFO  ha.SequenceIdGenerator (SequenceIdGenerator.java:upgradeToSequenceId(359)) - upgrade delTxnId to 0
2022-08-04 23:32:20,477 [Listener at 127.0.0.1/46503] INFO  ha.SequenceIdGenerator (SequenceIdGenerator.java:upgradeToSequenceId(376)) - upgrade containerId to 0
2022-08-04 23:32:20,477 [Listener at 127.0.0.1/46503] INFO  ha.SequenceIdGenerator (SequenceIdGenerator.java:<init>(220)) - Init the HA SequenceIdGenerator.
2022-08-04 23:32:20,478 [Listener at 127.0.0.1/46503] WARN  server.ServerUtils (ServerUtils.java:sanitizeUserArgs(73)) - ozone.scm.stale.node.interval value = 300000 is larger than max = 100000 based on the key value of ozone.scm.heartbeat.thread.interval, reset to the max value 100000.
2022-08-04 23:32:20,478 [Listener at 127.0.0.1/46503] WARN  server.ServerUtils (ServerUtils.java:sanitizeUserArgs(73)) - ozone.scm.stale.node.interval value = 300000 is larger than max = 100000 based on the key value of ozone.scm.heartbeat.thread.interval, reset to the max value 100000.
2022-08-04 23:32:20,489 [Listener at 127.0.0.1/46503] INFO  node.SCMNodeManager (SCMNodeManager.java:<init>(149)) - Entering startup safe mode.
2022-08-04 23:32:20,490 [Listener at 127.0.0.1/46503] INFO  algorithms.ContainerPlacementPolicyFactory (ContainerPlacementPolicyFactory.java:getPolicyInternal(86)) - Create container placement policy of type org.apache.hadoop.hdds.scm.container.placement.algorithms.SCMContainerPlacementRandom
2022-08-04 23:32:20,490 [Listener at 127.0.0.1/46503] INFO  algorithms.ContainerPlacementPolicyFactory (ContainerPlacementPolicyFactory.java:getPolicyInternal(86)) - Create container placement policy of type org.apache.hadoop.hdds.scm.container.placement.algorithms.SCMContainerPlacementRackScatter
2022-08-04 23:32:20,490 [Listener at 127.0.0.1/46503] INFO  pipeline.PipelineStateManagerImpl (PipelineStateManagerImpl.java:initialize(78)) - No pipeline exists in current db
2022-08-04 23:32:20,491 [Listener at 127.0.0.1/46503] INFO  algorithms.LeaderChoosePolicyFactory (LeaderChoosePolicyFactory.java:getPolicy(57)) - Create leader choose policy of type org.apache.hadoop.hdds.scm.pipeline.leader.choose.algorithms.MinLeaderCountChoosePolicy
2022-08-04 23:32:20,491 [Listener at 127.0.0.1/46503] INFO  algorithms.ContainerPlacementPolicyFactory (ContainerPlacementPolicyFactory.java:getPolicyInternal(86)) - Create container placement policy of type org.apache.hadoop.hdds.scm.container.placement.algorithms.SCMContainerPlacementRackScatter
2022-08-04 23:32:20,491 [Listener at 127.0.0.1/46503] INFO  ha.SCMServiceManager (SCMServiceManager.java:register(42)) - Registering service BackgroundPipelineCreator.
2022-08-04 23:32:20,492 [Listener at 127.0.0.1/46503] INFO  pipeline.BackgroundPipelineCreator (BackgroundPipelineCreator.java:start(124)) - Starting RatisPipelineUtilsThread.
2022-08-04 23:32:20,492 [Listener at 127.0.0.1/46503] INFO  BackgroundPipelineScrubber (BackgroundSCMService.java:start(68)) - Starting BackgroundPipelineScrubber Service.
2022-08-04 23:32:20,492 [Listener at 127.0.0.1/46503] INFO  ha.SCMServiceManager (SCMServiceManager.java:register(42)) - Registering service BackgroundPipelineScrubber.
2022-08-04 23:32:20,492 [Listener at 127.0.0.1/46503] INFO  ExpiredContainerReplicaOpScrubber (BackgroundSCMService.java:start(68)) - Starting ExpiredContainerReplicaOpScrubber Service.
2022-08-04 23:32:20,493 [Listener at 127.0.0.1/46503] INFO  ha.SCMServiceManager (SCMServiceManager.java:register(42)) - Registering service ExpiredContainerReplicaOpScrubber.
2022-08-04 23:32:20,493 [Listener at 127.0.0.1/46503] INFO  algorithms.PipelineChoosePolicyFactory (PipelineChoosePolicyFactory.java:createPipelineChoosePolicyFromClass(73)) - Create pipeline choose policy of type org.apache.hadoop.hdds.scm.pipeline.choose.algorithms.RandomPipelineChoosePolicy
2022-08-04 23:32:20,493 [Listener at 127.0.0.1/46503] INFO  ha.SCMServiceManager (SCMServiceManager.java:register(42)) - Registering service SCMBlockDeletingService.
2022-08-04 23:32:20,494 [Listener at 127.0.0.1/46503] INFO  replication.ReplicationManager (ReplicationManager.java:start(200)) - Starting Replication Monitor Thread.
2022-08-04 23:32:20,494 [Listener at 127.0.0.1/46503] INFO  UnderReplicatedQueueThread (BackgroundSCMService.java:start(68)) - Starting UnderReplicatedQueueThread Service.
2022-08-04 23:32:20,494 [Listener at 127.0.0.1/46503] INFO  ha.SCMServiceManager (SCMServiceManager.java:register(42)) - Registering service UnderReplicatedQueueThread.
2022-08-04 23:32:20,495 [Listener at 127.0.0.1/46503] INFO  OverReplicatedQueueThread (BackgroundSCMService.java:start(68)) - Starting OverReplicatedQueueThread Service.
2022-08-04 23:32:20,495 [Listener at 127.0.0.1/46503] INFO  ha.SCMServiceManager (SCMServiceManager.java:register(42)) - Registering service OverReplicatedQueueThread.
2022-08-04 23:32:20,495 [Listener at 127.0.0.1/46503] INFO  ha.SCMServiceManager (SCMServiceManager.java:register(42)) - Registering service ReplicationManager.
2022-08-04 23:32:20,495 [Listener at 127.0.0.1/46503] INFO  safemode.ContainerSafeModeRule (ContainerSafeModeRule.java:<init>(89)) - containers with one replica threshold count 0
2022-08-04 23:32:20,495 [Listener at 127.0.0.1/46503] INFO  safemode.HealthyPipelineSafeModeRule (HealthyPipelineSafeModeRule.java:initializeRule(169)) - Total pipeline count is 0, healthy pipeline threshold count is 1
2022-08-04 23:32:20,495 [Listener at 127.0.0.1/46503] INFO  safemode.OneReplicaPipelineSafeModeRule (OneReplicaPipelineSafeModeRule.java:initializeRule(180)) - Total pipeline count is 0, pipeline's with at least one datanode reported threshold count is 0
2022-08-04 23:32:20,496 [Listener at 127.0.0.1/46503] INFO  ipc.CallQueueManager (CallQueueManager.java:<init>(90)) - Using callQueue: class java.util.concurrent.LinkedBlockingQueue, queueCapacity: 2000, scheduler: class org.apache.hadoop.ipc.DefaultRpcScheduler, ipcBackoff: false.
2022-08-04 23:32:20,497 [Socket Reader #1 for port 0] INFO  ipc.Server (Server.java:run(1265)) - Starting Socket Reader #1 for port 0
2022-08-04 23:32:20,514 [Listener at 0.0.0.0/41081] INFO  ipc.CallQueueManager (CallQueueManager.java:<init>(90)) - Using callQueue: class java.util.concurrent.LinkedBlockingQueue, queueCapacity: 2000, scheduler: class org.apache.hadoop.ipc.DefaultRpcScheduler, ipcBackoff: false.
2022-08-04 23:32:20,514 [Socket Reader #1 for port 0] INFO  ipc.Server (Server.java:run(1265)) - Starting Socket Reader #1 for port 0
2022-08-04 23:32:20,515 [Listener at 0.0.0.0/43231] INFO  ipc.CallQueueManager (CallQueueManager.java:<init>(90)) - Using callQueue: class java.util.concurrent.LinkedBlockingQueue, queueCapacity: 2000, scheduler: class org.apache.hadoop.ipc.DefaultRpcScheduler, ipcBackoff: false.
2022-08-04 23:32:20,515 [Socket Reader #1 for port 0] INFO  ipc.Server (Server.java:run(1265)) - Starting Socket Reader #1 for port 0
2022-08-04 23:32:20,516 [ReplicationMonitor] INFO  replication.ReplicationManager (ReplicationManager.java:processAll(249)) - Replication Manager is not ready to run until 3000ms after safemode exit
2022-08-04 23:32:20,598 [Listener at 0.0.0.0/37757] INFO  ha.SCMServiceManager (SCMServiceManager.java:register(42)) - Registering service ContainerBalancer.
2022-08-04 23:32:20,598 [Listener at 0.0.0.0/37757] INFO  server.StorageContainerManager (StorageContainerManager.java:<init>(406)) - 
Container Balancer status:
Key                            Value
Running                        false
Container Balancer Configuration values:
Key                                                Value
Threshold                                          10
Max Datanodes to Involve per Iteration(percent)    20
Max Size to Move per Iteration                     500GB
Max Size Entering Target per Iteration             26GB
Max Size Leaving Source per Iteration              26GB

2022-08-04 23:32:20,598 [Listener at 0.0.0.0/37757] WARN  events.EventQueue (EventQueue.java:fireEvent(216)) - No event handler registered for event TypedEvent{payloadType=SafeModeStatus, name='Safe mode status'}
2022-08-04 23:32:20,598 [Listener at 0.0.0.0/37757] INFO  ha.SCMContext (SCMContext.java:updateSafeModeStatus(228)) - Update SafeModeStatus from SafeModeStatus{safeModeStatus=true, preCheckPassed=false} to SafeModeStatus{safeModeStatus=true, preCheckPassed=false}.
2022-08-04 23:32:20,598 [Listener at 0.0.0.0/37757] INFO  server.StorageContainerManager (StorageContainerManager.java:start(1460)) - StorageContainerLocationProtocol RPC server is listening at /0.0.0.0:37757
2022-08-04 23:32:20,615 [Listener at 0.0.0.0/37757] WARN  impl.MetricsConfig (MetricsConfig.java:loadFirst(136)) - Cannot locate configuration: tried hadoop-metrics2-storagecontainermanager.properties,hadoop-metrics2.properties
2022-08-04 23:32:20,625 [Listener at 0.0.0.0/37757] INFO  impl.MetricsSystemImpl (MetricsSystemImpl.java:startTimer(378)) - Scheduled Metric snapshot period at 10 second(s).
2022-08-04 23:32:20,626 [Listener at 0.0.0.0/37757] INFO  impl.MetricsSystemImpl (MetricsSystemImpl.java:start(191)) - StorageContainerManager metrics system started
2022-08-04 23:32:20,683 [Listener at 0.0.0.0/37757] INFO  impl.MetricsSinkAdapter (MetricsSinkAdapter.java:start(204)) - Sink prometheus started
2022-08-04 23:32:20,683 [Listener at 0.0.0.0/37757] INFO  impl.MetricsSystemImpl (MetricsSystemImpl.java:registerSink(305)) - Registered sink prometheus
2022-08-04 23:32:20,739 [Listener at 0.0.0.0/37757] INFO  server.SCMClientProtocolServer (SCMClientProtocolServer.java:start(170)) - RPC server for Client  is listening at /0.0.0.0:37757
2022-08-04 23:32:20,740 [IPC Server Responder] INFO  ipc.Server (Server.java:run(1507)) - IPC Server Responder: starting
2022-08-04 23:32:20,775 [IPC Server listener on 0] INFO  ipc.Server (Server.java:run(1344)) - IPC Server listener on 0: starting
2022-08-04 23:32:20,792 [Listener at 0.0.0.0/37757] INFO  server.StorageContainerManager (StorageContainerManager.java:start(1475)) - ScmBlockLocationProtocol RPC server is listening at /0.0.0.0:43231
2022-08-04 23:32:20,792 [Listener at 0.0.0.0/37757] INFO  server.SCMBlockProtocolServer (SCMBlockProtocolServer.java:start(152)) - RPC server for Block Protocol is listening at /0.0.0.0:43231
2022-08-04 23:32:20,792 [IPC Server Responder] INFO  ipc.Server (Server.java:run(1507)) - IPC Server Responder: starting
2022-08-04 23:32:20,793 [IPC Server listener on 0] INFO  ipc.Server (Server.java:run(1344)) - IPC Server listener on 0: starting
2022-08-04 23:32:20,794 [Listener at 0.0.0.0/37757] INFO  server.SCMDatanodeProtocolServer (SCMDatanodeProtocolServer.java:start(186)) - ScmDatanodeProtocol RPC server for DataNodes is listening at /0.0.0.0:41081
2022-08-04 23:32:20,795 [IPC Server Responder] INFO  ipc.Server (Server.java:run(1507)) - IPC Server Responder: starting
2022-08-04 23:32:20,795 [IPC Server listener on 0] INFO  ipc.Server (Server.java:run(1344)) - IPC Server listener on 0: starting
2022-08-04 23:32:20,807 [Listener at 0.0.0.0/37757] INFO  http.BaseHttpServer (BaseHttpServer.java:newHttpServer2BuilderForOzone(209)) - Starting Web-server for scm at: http://0.0.0.0:0
2022-08-04 23:32:20,808 [Listener at 0.0.0.0/37757] INFO  http.BaseHttpServer (BaseHttpServer.java:<init>(107)) - Hadoop Security Enabled: false Ozone Security Enabled: false Ozone HTTP Security Enabled: false 
2022-08-04 23:32:20,840 [Listener at 0.0.0.0/37757] INFO  server.AuthenticationFilter (AuthenticationFilter.java:constructSecretProvider(240)) - Unable to initialize FileSignerSecretProvider, falling back to use random secrets.
2022-08-04 23:32:20,853 [Listener at 0.0.0.0/37757] WARN  http.HttpRequestLog (HttpRequestLog.java:getRequestLog(103)) - Jetty request log can only be enabled using Log4j
2022-08-04 23:32:20,855 [Listener at 0.0.0.0/37757] INFO  http.HttpServer2 (HttpServer2.java:addGlobalFilter(1029)) - Added global filter 'safety' (class=org.apache.hadoop.hdds.server.http.HttpServer2$QuotingInputFilter)
2022-08-04 23:32:20,855 [Listener at 0.0.0.0/37757] INFO  http.HttpServer2 (HttpServer2.java:addFilter(1005)) - Added filter static_user_filter (class=org.apache.hadoop.http.lib.StaticUserWebFilter$StaticUserFilter) to context scm
2022-08-04 23:32:20,855 [Listener at 0.0.0.0/37757] INFO  http.HttpServer2 (HttpServer2.java:addFilter(1013)) - Added filter static_user_filter (class=org.apache.hadoop.http.lib.StaticUserWebFilter$StaticUserFilter) to context logs
2022-08-04 23:32:20,856 [Listener at 0.0.0.0/37757] INFO  http.HttpServer2 (HttpServer2.java:addFilter(1013)) - Added filter static_user_filter (class=org.apache.hadoop.http.lib.StaticUserWebFilter$StaticUserFilter) to context static
2022-08-04 23:32:20,856 [Listener at 0.0.0.0/37757] INFO  http.HttpServer2 (HttpServer2.java:bindListener(1248)) - Jetty bound to port 41227
2022-08-04 23:32:20,856 [Listener at 0.0.0.0/37757] INFO  server.Server (Server.java:doStart(375)) - jetty-9.4.43.v20210629; built: 2021-06-30T11:07:22.254Z; git: 526006ecfa3af7f1a27ef3a288e2bef7ea9dd7e8; jvm 1.8.0_332-b09
2022-08-04 23:32:20,873 [Listener at 0.0.0.0/37757] INFO  server.session (DefaultSessionIdManager.java:doStart(334)) - DefaultSessionIdManager workerName=node0
2022-08-04 23:32:20,874 [Listener at 0.0.0.0/37757] INFO  server.session (DefaultSessionIdManager.java:doStart(339)) - No SessionScavenger set, using defaults
2022-08-04 23:32:20,891 [org.apache.hadoop.util.JvmPauseMonitor$Monitor@35422a67] INFO  util.JvmPauseMonitor (JvmPauseMonitor.java:run(188)) - Starting JVM pause monitor
2022-08-04 23:32:20,900 [Listener at 0.0.0.0/37757] INFO  server.session (HouseKeeper.java:startScavenging(132)) - node0 Scavenging every 660000ms
2022-08-04 23:32:20,904 [Listener at 0.0.0.0/37757] INFO  handler.ContextHandler (ContextHandler.java:doStart(915)) - Started o.e.j.s.ServletContextHandler@59da7780{logs,/logs,file:///home/runner/work/ozone/ozone/hadoop-ozone/integration-test/target/log,AVAILABLE}
2022-08-04 23:32:20,904 [Listener at 0.0.0.0/37757] INFO  handler.ContextHandler (ContextHandler.java:doStart(915)) - Started o.e.j.s.ServletContextHandler@785c5211{static,/static,file:///home/runner/work/ozone/ozone/hadoop-ozone/integration-test/target/test-classes/webapps/static,AVAILABLE}
2022-08-04 23:32:20,907 [Listener at 0.0.0.0/37757] INFO  handler.ContextHandler (ContextHandler.java:doStart(915)) - Started o.e.j.w.WebAppContext@522c4079{scm,/,file:///home/runner/work/ozone/ozone/hadoop-ozone/integration-test/target/test-classes/webapps/scm/,AVAILABLE}{file:/home/runner/work/ozone/ozone/hadoop-ozone/integration-test/target/test-classes/webapps/scm}
2022-08-04 23:32:20,920 [Listener at 0.0.0.0/37757] INFO  server.AbstractConnector (AbstractConnector.java:doStart(331)) - Started ServerConnector@3d07f310{HTTP/1.1, (http/1.1)}{0.0.0.0:41227}
2022-08-04 23:32:20,920 [Listener at 0.0.0.0/37757] INFO  server.Server (Server.java:doStart(415)) - Started @165914ms
2022-08-04 23:32:20,920 [Listener at 0.0.0.0/37757] WARN  impl.MetricsSystemImpl (MetricsSystemImpl.java:register(279)) - Sink prometheus already exists!
2022-08-04 23:32:20,922 [Listener at 0.0.0.0/37757] INFO  http.BaseHttpServer (BaseHttpServer.java:updateConnectorAddress(329)) - HTTP server of scm listening at http://0.0.0.0:41227
2022-08-04 23:32:20,922 [Listener at 0.0.0.0/37757] WARN  server.ServerUtils (ServerUtils.java:getDBPath(225)) - ozone.om.db.dirs is not configured. We recommend adding this setting. Falling back to ozone.metadata.dirs instead.
2022-08-04 23:32:20,933 [Listener at 0.0.0.0/37757] INFO  ha.OMHANodeDetails (OMHANodeDetails.java:loadOMHAConfig(115)) - ozone.om.internal.service.id is not defined, falling back to ozone.om.service.ids to find serviceID for OzoneManager if it is HA enabled cluster
2022-08-04 23:32:20,933 [Listener at 0.0.0.0/37757] INFO  ha.OMHANodeDetails (OMHANodeDetails.java:loadOMHAConfig(226)) - Configuration does not have ozone.om.address set. Falling back to the default OM address /127.0.0.1:0
2022-08-04 23:32:20,933 [Listener at 0.0.0.0/37757] INFO  ha.OMHANodeDetails (OMHANodeDetails.java:getOMNodeDetailsForNonHA(254)) - OM Service ID is not set. Setting it to the default ID: omServiceIdDefault
2022-08-04 23:32:20,933 [Listener at 0.0.0.0/37757] INFO  ha.OMHANodeDetails (OMHANodeDetails.java:getOMNodeDetailsForNonHA(261)) - OM Node ID is not set. Setting it to the default ID: om1
2022-08-04 23:32:20,933 [Listener at 0.0.0.0/37757] WARN  server.ServerUtils (ServerUtils.java:getDBPath(225)) - ozone.om.db.dirs is not configured. We recommend adding this setting. Falling back to ozone.metadata.dirs instead.
2022-08-04 23:32:20,934 [Listener at 0.0.0.0/37757] INFO  upgrade.AbstractLayoutVersionManager (AbstractLayoutVersionManager.java:init(83)) - Initializing Layout version manager with metadata layout = MULTITENANCY_SCHEMA (version = 3), software layout = MULTITENANCY_SCHEMA (version = 3)
2022-08-04 23:32:21,137 [Listener at 0.0.0.0/37757] INFO  reflections.Reflections (Reflections.java:scan(232)) - Reflections took 203 ms to scan 2 urls, producing 153 keys and 425 values [using 2 cores]
2022-08-04 23:32:21,137 [Listener at 0.0.0.0/37757] INFO  upgrade.OMLayoutVersionManager (OMLayoutVersionManager.java:lambda$0(115)) - Skipping Upgrade Action MockOmUpgradeAction since it has been finalized.
2022-08-04 23:32:21,138 [Listener at 0.0.0.0/37757] WARN  server.ServerUtils (ServerUtils.java:getDBPath(225)) - ozone.om.db.dirs is not configured. We recommend adding this setting. Falling back to ozone.metadata.dirs instead.
2022-08-04 23:32:21,138 [Listener at 0.0.0.0/37757] INFO  proxy.SCMBlockLocationFailoverProxyProvider (SCMBlockLocationFailoverProxyProvider.java:<init>(114)) - Created block location fail-over proxy with 1 nodes: [nodeId=scmNodeId,nodeAddress=/0.0.0.0:43231]
2022-08-04 23:32:21,155 [Listener at 0.0.0.0/37757] INFO  proxy.SCMBlockLocationFailoverProxyProvider (SCMBlockLocationFailoverProxyProvider.java:<init>(114)) - Created block location fail-over proxy with 1 nodes: [nodeId=scmNodeId,nodeAddress=/0.0.0.0:43231]
2022-08-04 23:32:21,189 [Listener at 0.0.0.0/37757] WARN  server.ServerUtils (ServerUtils.java:getDBPath(225)) - ozone.om.db.dirs is not configured. We recommend adding this setting. Falling back to ozone.metadata.dirs instead.
2022-08-04 23:32:21,190 [Listener at 0.0.0.0/37757] INFO  codec.OmKeyInfoCodec (OmKeyInfoCodec.java:<init>(49)) - OmKeyInfoCodec ignorePipeline = true
2022-08-04 23:32:21,190 [Listener at 0.0.0.0/37757] INFO  codec.RepeatedOmKeyInfoCodec (RepeatedOmKeyInfoCodec.java:<init>(41)) - RepeatedOmKeyInfoCodec ignorePipeline = true
2022-08-04 23:32:21,766 [Listener at 0.0.0.0/37757] INFO  om.OzoneManager (OzoneManager.java:instantiateServices(696)) - S3 Multi-Tenancy is disabled
2022-08-04 23:32:21,767 [Listener at 0.0.0.0/37757] INFO  om.OzoneManager (OzoneManager.java:addS3GVolumeToDB(4307)) - Created Volume s3v With Owner runner required for S3Gateway operations.
2022-08-04 23:32:21,767 [Listener at 0.0.0.0/37757] WARN  server.ServerUtils (ServerUtils.java:getDefaultRatisDirectory(237)) - Storage directory for Ratis is not configured. It is a good idea to map this to an SSD disk. Falling back to ozone.metadata.dirs
2022-08-04 23:32:21,767 [Listener at 0.0.0.0/37757] WARN  utils.OzoneManagerRatisUtils (OzoneManagerRatisUtils.java:getOMRatisSnapshotDirectory(431)) - ozone.om.ratis.snapshot.dir is not configured. Falling back to ozone.metadata.dirs config
2022-08-04 23:32:21,767 [Listener at 0.0.0.0/37757] WARN  server.ServerUtils (ServerUtils.java:getDefaultRatisDirectory(237)) - Storage directory for Ratis is not configured. It is a good idea to map this to an SSD disk. Falling back to ozone.metadata.dirs
2022-08-04 23:32:21,768 [Listener at 0.0.0.0/37757] INFO  ratis.OzoneManagerRatisServer (OzoneManagerRatisServer.java:<init>(159)) - Instantiating OM Ratis server with groupID: omServiceIdDefault and peers: localhost:9872
2022-08-04 23:32:21,768 [Listener at 0.0.0.0/37757] INFO  ratis.OzoneManagerStateMachine (OzoneManagerStateMachine.java:loadSnapshotInfoFromDB(632)) - LastAppliedIndex is set from TransactionInfo from OM DB as (t:0, i:~)
2022-08-04 23:32:21,769 [Listener at 0.0.0.0/37757] INFO  server.RaftServer (ConfUtils.java:logGet(46)) - raft.rpc.type = GRPC (default)
2022-08-04 23:32:21,769 [Listener at 0.0.0.0/37757] INFO  grpc.GrpcFactory (GrpcFactory.java:checkPooledByteBufAllocatorUseCacheForAllThreads(48)) - PERFORMANCE WARNING: useCacheForAllThreads is true that may cause Netty to create a lot garbage objects and, as a result, trigger GC.
	It is recommended to disable useCacheForAllThreads by setting -Dorg.apache.ratis.thirdparty.io.netty.allocator.useCacheForAllThreads=false in command line.
2022-08-04 23:32:21,769 [Listener at 0.0.0.0/37757] INFO  grpc.GrpcConfigKeys (ConfUtils.java:logGet(46)) - raft.grpc.admin.port = -1 (default)
2022-08-04 23:32:21,769 [Listener at 0.0.0.0/37757] INFO  grpc.GrpcConfigKeys (ConfUtils.java:logGet(46)) - raft.grpc.server.port = 9872 (custom)
2022-08-04 23:32:21,769 [Listener at 0.0.0.0/37757] INFO  grpc.GrpcConfigKeys (ConfUtils.java:logGet(46)) - raft.grpc.client.port = -1 (default)
2022-08-04 23:32:21,769 [Listener at 0.0.0.0/37757] INFO  grpc.GrpcConfigKeys (ConfUtils.java:logGet(46)) - raft.grpc.server.port = 9872 (custom)
2022-08-04 23:32:21,769 [Listener at 0.0.0.0/37757] INFO  grpc.GrpcConfigKeys (ConfUtils.java:logGet(46)) - raft.grpc.server.port = 9872 (custom)
2022-08-04 23:32:21,769 [Listener at 0.0.0.0/37757] INFO  server.GrpcService (ConfUtils.java:logGet(46)) - raft.grpc.message.size.max = 33554432 (custom)
2022-08-04 23:32:21,770 [Listener at 0.0.0.0/37757] INFO  server.RaftServerConfigKeys (ConfUtils.java:logGet(46)) - raft.server.log.appender.buffer.byte-limit = 33554432 (custom)
2022-08-04 23:32:21,770 [Listener at 0.0.0.0/37757] INFO  server.GrpcService (ConfUtils.java:logGet(46)) - raft.grpc.flow.control.window = 1MB (=1048576) (default)
2022-08-04 23:32:21,771 [Listener at 0.0.0.0/37757] INFO  server.RaftServerConfigKeys (ConfUtils.java:logGet(46)) - raft.server.rpc.request.timeout = 3000ms (default)
2022-08-04 23:32:21,771 [Listener at 0.0.0.0/37757] INFO  grpc.GrpcConfigKeys (ConfUtils.java:logGet(46)) - raft.grpc.server.async.request.thread.pool.cached = true (default)
2022-08-04 23:32:21,771 [Listener at 0.0.0.0/37757] INFO  grpc.GrpcConfigKeys (ConfUtils.java:logGet(46)) - raft.grpc.server.async.request.thread.pool.size = 32 (default)
2022-08-04 23:32:21,773 [Listener at 0.0.0.0/37757] INFO  impl.DataStreamServerImpl (ConfUtils.java:logGet(46)) - raft.datastream.type = DISABLED (default)
2022-08-04 23:32:21,774 [Listener at 0.0.0.0/37757] INFO  server.RaftServerConfigKeys (ConfUtils.java:logGet(46)) - raft.server.threadpool.proxy.cached = true (default)
2022-08-04 23:32:21,774 [Listener at 0.0.0.0/37757] INFO  server.RaftServerConfigKeys (ConfUtils.java:logGet(46)) - raft.server.threadpool.proxy.size = 0 (default)
2022-08-04 23:32:21,774 [Listener at 0.0.0.0/37757] INFO  server.RaftServerConfigKeys (ConfUtils.java:logGet(46)) - raft.server.rpc.slowness.timeout = 120s (custom)
2022-08-04 23:32:21,774 [Listener at 0.0.0.0/37757] INFO  server.RaftServerConfigKeys (ConfUtils.java:logGet(46)) - raft.server.leaderelection.leader.step-down.wait-time = 10s (default)
2022-08-04 23:32:21,774 [Listener at 0.0.0.0/37757] INFO  server.RaftServerConfigKeys (ConfUtils.java:logGet(46)) - raft.server.storage.dir = [/home/runner/work/ozone/ozone/hadoop-ozone/integration-test/target/test-dir/MiniOzoneClusterImpl-89b1f4b7-9002-4f1f-8c39-841100745e8e/ozone-meta/ratis] (custom)
2022-08-04 23:32:21,786 [Listener at 0.0.0.0/37757] INFO  server.RaftServer (RaftServerProxy.java:addNew(96)) - om1: addNew group-C5BA1605619E:[om1|rpc:localhost:9872|priority:0] returns group-C5BA1605619E:java.util.concurrent.CompletableFuture@27eff770[Not completed]
2022-08-04 23:32:21,786 [Listener at 0.0.0.0/37757] INFO  om.OzoneManager (OzoneManager.java:initializeRatisServer(1962)) - OzoneManager Ratis server initialized at port 9872
2022-08-04 23:32:21,787 [Listener at 0.0.0.0/37757] INFO  om.OzoneManager (OzoneManager.java:getRpcServer(1085)) - Creating RPC Server
2022-08-04 23:32:21,814 [pool-641-thread-1] INFO  server.RaftServer$Division (RaftServerImpl.java:<init>(190)) - om1: new RaftServerImpl for group-C5BA1605619E:[om1|rpc:localhost:9872|priority:0] with OzoneManagerStateMachine:uninitialized
2022-08-04 23:32:21,814 [pool-641-thread-1] INFO  server.RaftServerConfigKeys (ConfUtils.java:logGet(46)) - raft.server.rpc.timeout.min = 1s (custom)
2022-08-04 23:32:21,814 [pool-641-thread-1] INFO  server.RaftServerConfigKeys (ConfUtils.java:logGet(46)) - raft.server.rpc.timeout.max = 1200ms (custom)
2022-08-04 23:32:21,814 [pool-641-thread-1] INFO  server.RaftServerConfigKeys (ConfUtils.java:logGet(46)) - raft.server.rpc.sleep.time = 25ms (default)
2022-08-04 23:32:21,814 [pool-641-thread-1] INFO  server.RaftServerConfigKeys (ConfUtils.java:logGet(46)) - raft.server.rpc.slowness.timeout = 120s (custom)
2022-08-04 23:32:21,814 [pool-641-thread-1] INFO  server.RaftServerConfigKeys (ConfUtils.java:logGet(46)) - raft.server.leaderelection.leader.step-down.wait-time = 10s (default)
2022-08-04 23:32:21,814 [pool-641-thread-1] INFO  server.RaftServerConfigKeys (ConfUtils.java:logGet(46)) - raft.server.sleep.deviation.threshold = 300ms (default)
2022-08-04 23:32:21,814 [pool-641-thread-1] INFO  server.RaftServer$Division (ServerState.java:<init>(107)) - om1@group-C5BA1605619E: ConfigurationManager, init=-1: [om1|rpc:localhost:9872|priority:0], old=null, confs=<EMPTY_MAP>
2022-08-04 23:32:21,814 [pool-641-thread-1] INFO  server.RaftServerConfigKeys (ConfUtils.java:logGet(46)) - raft.server.storage.dir = [/home/runner/work/ozone/ozone/hadoop-ozone/integration-test/target/test-dir/MiniOzoneClusterImpl-89b1f4b7-9002-4f1f-8c39-841100745e8e/ozone-meta/ratis] (custom)
2022-08-04 23:32:21,814 [pool-641-thread-1] INFO  server.RaftServerConfigKeys (ConfUtils.java:logGet(46)) - raft.server.log.corruption.policy = EXCEPTION (default)
2022-08-04 23:32:21,814 [pool-641-thread-1] INFO  server.RaftServerConfigKeys (ConfUtils.java:logGet(46)) - raft.server.storage.free-space.min = 0MB (=0) (default)
2022-08-04 23:32:21,814 [pool-641-thread-1] INFO  storage.RaftStorageDirectory (RaftStorageDirectoryImpl.java:analyzeStorage(135)) - The storage directory /home/runner/work/ozone/ozone/hadoop-ozone/integration-test/target/test-dir/MiniOzoneClusterImpl-89b1f4b7-9002-4f1f-8c39-841100745e8e/ozone-meta/ratis/bf265839-605b-3f16-9796-c5ba1605619e does not exist. Creating ...
2022-08-04 23:32:21,815 [pool-641-thread-1] INFO  storage.RaftStorageDirectory (RaftStorageDirectoryImpl.java:tryLock(230)) - Lock on /home/runner/work/ozone/ozone/hadoop-ozone/integration-test/target/test-dir/MiniOzoneClusterImpl-89b1f4b7-9002-4f1f-8c39-841100745e8e/ozone-meta/ratis/bf265839-605b-3f16-9796-c5ba1605619e/in_use.lock acquired by nodename 5725@fv-az241-597
2022-08-04 23:32:21,816 [pool-641-thread-1] INFO  storage.RaftStorage (RaftStorageImpl.java:format(89)) - Storage directory /home/runner/work/ozone/ozone/hadoop-ozone/integration-test/target/test-dir/MiniOzoneClusterImpl-89b1f4b7-9002-4f1f-8c39-841100745e8e/ozone-meta/ratis/bf265839-605b-3f16-9796-c5ba1605619e has been successfully formatted.
2022-08-04 23:32:21,816 [pool-641-thread-1] INFO  server.RaftServerConfigKeys (ConfUtils.java:logGet(46)) - raft.server.notification.no-leader.timeout = 120s (custom)
2022-08-04 23:32:21,816 [pool-641-thread-1] INFO  server.RaftServerConfigKeys (ConfUtils.java:logGet(46)) - raft.server.log.use.memory = false (default)
2022-08-04 23:32:21,816 [pool-641-thread-1] INFO  server.RaftServerConfigKeys (ConfUtils.java:logGet(46)) - raft.server.log.purge.gap = 1000000 (custom)
2022-08-04 23:32:21,816 [pool-641-thread-1] INFO  server.RaftServerConfigKeys (ConfUtils.java:logGet(46)) - raft.server.log.appender.buffer.byte-limit = 33554432 (custom)
2022-08-04 23:32:21,816 [pool-641-thread-1] INFO  server.RaftServerConfigKeys (ConfUtils.java:logGet(46)) - raft.server.log.statemachine.data.read.timeout = 1000ms (default)
2022-08-04 23:32:21,816 [pool-641-thread-1] INFO  server.RaftServerConfigKeys (ConfUtils.java:logGet(46)) - raft.server.log.segment.size.max = 4194304 (custom)
2022-08-04 23:32:21,817 [pool-641-thread-1] INFO  server.RaftServerConfigKeys (ConfUtils.java:logGet(46)) - raft.server.log.segment.cache.num.max = 2 (custom)
2022-08-04 23:32:21,817 [pool-641-thread-1] INFO  server.RaftServerConfigKeys (ConfUtils.java:logGet(46)) - raft.server.log.segment.cache.size.max = 200MB (=209715200) (default)
2022-08-04 23:32:21,817 [pool-641-thread-1] INFO  segmented.SegmentedRaftLogWorker (SegmentedRaftLogWorker.java:<init>(187)) - new om1@group-C5BA1605619E-SegmentedRaftLogWorker for RaftStorageImpl:Storage Directory /home/runner/work/ozone/ozone/hadoop-ozone/integration-test/target/test-dir/MiniOzoneClusterImpl-89b1f4b7-9002-4f1f-8c39-841100745e8e/ozone-meta/ratis/bf265839-605b-3f16-9796-c5ba1605619e
2022-08-04 23:32:21,817 [pool-641-thread-1] INFO  server.RaftServerConfigKeys (ConfUtils.java:logGet(46)) - raft.server.log.queue.byte-limit = 64MB (=67108864) (default)
2022-08-04 23:32:21,817 [pool-641-thread-1] INFO  server.RaftServerConfigKeys (ConfUtils.java:logGet(46)) - raft.server.log.queue.element-limit = 4096 (default)
2022-08-04 23:32:21,817 [pool-641-thread-1] INFO  server.RaftServerConfigKeys (ConfUtils.java:logGet(46)) - raft.server.log.segment.size.max = 4194304 (custom)
2022-08-04 23:32:21,817 [pool-641-thread-1] INFO  server.RaftServerConfigKeys (ConfUtils.java:logGet(46)) - raft.server.log.preallocated.size = 4194304 (custom)
2022-08-04 23:32:21,817 [pool-641-thread-1] INFO  server.RaftServerConfigKeys (ConfUtils.java:logGet(46)) - raft.server.log.force.sync.num = 128 (default)
2022-08-04 23:32:21,817 [pool-641-thread-1] INFO  server.RaftServerConfigKeys (ConfUtils.java:logGet(46)) - raft.server.log.statemachine.data.sync = true (default)
2022-08-04 23:32:21,817 [pool-641-thread-1] INFO  server.RaftServerConfigKeys (ConfUtils.java:logGet(46)) - raft.server.log.statemachine.data.sync.timeout = 10s (default)
2022-08-04 23:32:21,817 [pool-641-thread-1] INFO  server.RaftServerConfigKeys (ConfUtils.java:logGet(46)) - raft.server.log.statemachine.data.sync.timeout.retry = -1 (default)
2022-08-04 23:32:21,836 [pool-641-thread-1] INFO  server.RaftServerConfigKeys (ConfUtils.java:logGet(46)) - raft.server.log.write.buffer.size = 64KB (=65536) (default)
2022-08-04 23:32:21,836 [pool-641-thread-1] INFO  server.RaftServerConfigKeys (ConfUtils.java:logGet(46)) - raft.server.log.unsafe-flush.enabled = false (default)
2022-08-04 23:32:21,836 [pool-641-thread-1] INFO  server.RaftServerConfigKeys (ConfUtils.java:logGet(46)) - raft.server.log.statemachine.data.caching.enabled = false (default)
2022-08-04 23:32:21,836 [pool-641-thread-1] INFO  segmented.SegmentedRaftLogWorker (SegmentedRaftLogWorker.java:lambda$new$0(135)) - om1@group-C5BA1605619E-SegmentedRaftLogWorker: flushIndex: setUnconditionally 0 -> -1
2022-08-04 23:32:21,836 [pool-641-thread-1] INFO  segmented.SegmentedRaftLogWorker (SegmentedRaftLogWorker.java:lambda$new$0(135)) - om1@group-C5BA1605619E-SegmentedRaftLogWorker: safeCacheEvictIndex: setUnconditionally 0 -> -1
2022-08-04 23:32:21,865 [pool-641-thread-1] INFO  server.RaftServerConfigKeys (ConfUtils.java:logGet(46)) - raft.server.snapshot.auto.trigger.enabled = true (custom)
2022-08-04 23:32:21,865 [pool-641-thread-1] INFO  server.RaftServerConfigKeys (ConfUtils.java:logGet(46)) - raft.server.snapshot.auto.trigger.threshold = 400000 (default)
2022-08-04 23:32:21,865 [pool-641-thread-1] INFO  server.RaftServerConfigKeys (ConfUtils.java:logGet(46)) - raft.server.snapshot.retention.file.num = -1 (default)
2022-08-04 23:32:21,866 [pool-641-thread-1] INFO  server.RaftServerConfigKeys (ConfUtils.java:logGet(46)) - raft.server.log.purge.upto.snapshot.index = true (custom)
2022-08-04 23:32:21,866 [pool-641-thread-1] INFO  server.RaftServerConfigKeys (ConfUtils.java:logGet(46)) - raft.server.retrycache.expirytime = 300s (custom)
2022-08-04 23:32:21,866 [pool-641-thread-1] INFO  server.RaftServerConfigKeys (ConfUtils.java:logGet(46)) - raft.server.retrycache.statistics.expirytime = 100μs (default)
2022-08-04 23:32:21,867 [pool-641-thread-1] INFO  server.RaftServerConfigKeys (ConfUtils.java:logGet(46)) - raft.server.log.appender.install.snapshot.enabled = false (custom)
2022-08-04 23:32:21,867 [pool-641-thread-1] INFO  server.RaftServerConfigKeys (ConfUtils.java:logGet(46)) - raft.server.threadpool.server.cached = true (default)
2022-08-04 23:32:21,867 [pool-641-thread-1] INFO  server.RaftServerConfigKeys (ConfUtils.java:logGet(46)) - raft.server.threadpool.server.size = 0 (default)
2022-08-04 23:32:21,867 [pool-641-thread-1] INFO  server.RaftServerConfigKeys (ConfUtils.java:logGet(46)) - raft.server.threadpool.client.cached = true (default)
2022-08-04 23:32:21,867 [pool-641-thread-1] INFO  server.RaftServerConfigKeys (ConfUtils.java:logGet(46)) - raft.server.threadpool.client.size = 0 (default)
2022-08-04 23:32:23,134 [Listener at 0.0.0.0/37757] INFO  reflections.Reflections (Reflections.java:scan(232)) - Reflections took 1347 ms to scan 19 urls, producing 67 keys and 4141 values [using 2 cores]
2022-08-04 23:32:23,135 [Listener at 0.0.0.0/37757] INFO  ipc.CallQueueManager (CallQueueManager.java:<init>(90)) - Using callQueue: class java.util.concurrent.LinkedBlockingQueue, queueCapacity: 2000, scheduler: class org.apache.hadoop.ipc.DefaultRpcScheduler, ipcBackoff: false.
2022-08-04 23:32:23,137 [Socket Reader #1 for port 0] INFO  ipc.Server (Server.java:run(1265)) - Starting Socket Reader #1 for port 0
2022-08-04 23:32:23,171 [Listener at 127.0.0.1/33557] INFO  impl.MetricsSystemImpl (MetricsSystemImpl.java:init(158)) - OzoneManager metrics system started (again)
2022-08-04 23:32:23,184 [Listener at 127.0.0.1/33557] INFO  om.OzoneManager (OzoneManager.java:start(1469)) - OzoneManager RPC server is listening at localhost/127.0.0.1:33557
2022-08-04 23:32:23,185 [Listener at 127.0.0.1/33557] INFO  ratis.OzoneManagerRatisServer (OzoneManagerRatisServer.java:start(554)) - Starting OzoneManagerRatisServer om1 at port 9872
2022-08-04 23:32:23,185 [om1-impl-thread1] INFO  server.RaftServer$Division (RaftServerImpl.java:start(310)) - om1@group-C5BA1605619E: start as a follower, conf=-1: [om1|rpc:localhost:9872|priority:0], old=null
2022-08-04 23:32:23,185 [om1-impl-thread1] INFO  server.RaftServer$Division (RaftServerImpl.java:setRole(299)) - om1@group-C5BA1605619E: changes role from      null to FOLLOWER at term 0 for startAsFollower
2022-08-04 23:32:23,185 [om1-impl-thread1] INFO  impl.RoleInfo (RoleInfo.java:updateAndGet(139)) - om1: start om1@group-C5BA1605619E-FollowerState
2022-08-04 23:32:23,185 [om1-impl-thread1] INFO  util.JmxRegister (JmxRegister.java:tryRegister(44)) - Successfully registered JMX Bean with object name Ratis:service=RaftServer,group=group-C5BA1605619E,id=om1
2022-08-04 23:32:23,202 [Listener at 127.0.0.1/33557] INFO  server.RaftServer (RaftServerProxy.java:lambda$start$6(382)) - om1: start RPC server
2022-08-04 23:32:23,255 [Listener at 127.0.0.1/33557] INFO  server.GrpcService (GrpcService.java:startImpl(260)) - om1: GrpcService started, listening on 9872
2022-08-04 23:32:23,256 [Listener at 127.0.0.1/33557] INFO  om.OzoneManager (OzoneManager.java:start(1485)) - Version File has different layout version (3) than OM DB (null). That is expected if this OM has never been finalized to a newer layout version.
2022-08-04 23:32:23,311 [Listener at 127.0.0.1/33557] INFO  http.BaseHttpServer (BaseHttpServer.java:newHttpServer2BuilderForOzone(209)) - Starting Web-server for ozoneManager at: http://0.0.0.0:0
2022-08-04 23:32:23,311 [Listener at 127.0.0.1/33557] INFO  http.BaseHttpServer (BaseHttpServer.java:<init>(107)) - Hadoop Security Enabled: false Ozone Security Enabled: false Ozone HTTP Security Enabled: false 
2022-08-04 23:32:23,312 [Listener at 127.0.0.1/33557] INFO  server.AuthenticationFilter (AuthenticationFilter.java:constructSecretProvider(240)) - Unable to initialize FileSignerSecretProvider, falling back to use random secrets.
2022-08-04 23:32:23,323 [Listener at 127.0.0.1/33557] WARN  http.HttpRequestLog (HttpRequestLog.java:getRequestLog(103)) - Jetty request log can only be enabled using Log4j
2022-08-04 23:32:23,324 [Listener at 127.0.0.1/33557] INFO  http.HttpServer2 (HttpServer2.java:addGlobalFilter(1029)) - Added global filter 'safety' (class=org.apache.hadoop.hdds.server.http.HttpServer2$QuotingInputFilter)
2022-08-04 23:32:23,325 [Listener at 127.0.0.1/33557] INFO  http.HttpServer2 (HttpServer2.java:addFilter(1005)) - Added filter static_user_filter (class=org.apache.hadoop.http.lib.StaticUserWebFilter$StaticUserFilter) to context ozoneManager
2022-08-04 23:32:23,325 [Listener at 127.0.0.1/33557] INFO  http.HttpServer2 (HttpServer2.java:addFilter(1013)) - Added filter static_user_filter (class=org.apache.hadoop.http.lib.StaticUserWebFilter$StaticUserFilter) to context logs
2022-08-04 23:32:23,325 [Listener at 127.0.0.1/33557] INFO  http.HttpServer2 (HttpServer2.java:addFilter(1013)) - Added filter static_user_filter (class=org.apache.hadoop.http.lib.StaticUserWebFilter$StaticUserFilter) to context static
2022-08-04 23:32:23,325 [Listener at 127.0.0.1/33557] INFO  http.HttpServer2 (HttpServer2.java:bindListener(1248)) - Jetty bound to port 41753
2022-08-04 23:32:23,326 [Listener at 127.0.0.1/33557] INFO  server.Server (Server.java:doStart(375)) - jetty-9.4.43.v20210629; built: 2021-06-30T11:07:22.254Z; git: 526006ecfa3af7f1a27ef3a288e2bef7ea9dd7e8; jvm 1.8.0_332-b09
2022-08-04 23:32:23,344 [org.apache.ratis.util.JvmPauseMonitor$$Lambda$682/1302746218@39a8357f] INFO  util.JvmPauseMonitor (JvmPauseMonitor.java:run(103)) - JvmPauseMonitor-om1: Started
2022-08-04 23:32:23,447 [Listener at 127.0.0.1/33557] INFO  server.session (DefaultSessionIdManager.java:doStart(334)) - DefaultSessionIdManager workerName=node0
2022-08-04 23:32:23,448 [Listener at 127.0.0.1/33557] INFO  server.session (DefaultSessionIdManager.java:doStart(339)) - No SessionScavenger set, using defaults
2022-08-04 23:32:23,448 [Listener at 127.0.0.1/33557] INFO  server.session (HouseKeeper.java:startScavenging(132)) - node0 Scavenging every 660000ms
2022-08-04 23:32:23,451 [Listener at 127.0.0.1/33557] INFO  handler.ContextHandler (ContextHandler.java:doStart(915)) - Started o.e.j.s.ServletContextHandler@5b2027f8{logs,/logs,file:///home/runner/work/ozone/ozone/hadoop-ozone/integration-test/target/log,AVAILABLE}
2022-08-04 23:32:23,451 [Listener at 127.0.0.1/33557] INFO  handler.ContextHandler (ContextHandler.java:doStart(915)) - Started o.e.j.s.ServletContextHandler@185b9c70{static,/static,file:///home/runner/work/ozone/ozone/hadoop-ozone/integration-test/target/test-classes/webapps/static,AVAILABLE}
2022-08-04 23:32:23,454 [Listener at 127.0.0.1/33557] INFO  handler.ContextHandler (ContextHandler.java:doStart(915)) - Started o.e.j.w.WebAppContext@6b3f6903{ozoneManager,/,file:///home/runner/work/ozone/ozone/hadoop-ozone/integration-test/target/test-classes/webapps/ozoneManager/,AVAILABLE}{file:/home/runner/work/ozone/ozone/hadoop-ozone/integration-test/target/test-classes/webapps/ozoneManager}
2022-08-04 23:32:23,491 [Listener at 127.0.0.1/33557] INFO  server.AbstractConnector (AbstractConnector.java:doStart(331)) - Started ServerConnector@32a1279d{HTTP/1.1, (http/1.1)}{0.0.0.0:41753}
2022-08-04 23:32:23,491 [Listener at 127.0.0.1/33557] INFO  server.Server (Server.java:doStart(415)) - Started @168485ms
2022-08-04 23:32:23,491 [Listener at 127.0.0.1/33557] WARN  impl.MetricsSystemImpl (MetricsSystemImpl.java:register(279)) - Sink prometheus already exists!
2022-08-04 23:32:23,492 [Listener at 127.0.0.1/33557] INFO  http.BaseHttpServer (BaseHttpServer.java:updateConnectorAddress(329)) - HTTP server of ozoneManager listening at http://0.0.0.0:41753
2022-08-04 23:32:23,505 [IPC Server Responder] INFO  ipc.Server (Server.java:run(1507)) - IPC Server Responder: starting
2022-08-04 23:32:23,508 [IPC Server listener on 0] INFO  ipc.Server (Server.java:run(1344)) - IPC Server listener on 0: starting
2022-08-04 23:32:23,518 [Listener at 127.0.0.1/33557] INFO  om.OzoneManager (OzoneManager.java:startTrashEmptier(1906)) - Trash Interval set to 0. Files deleted won't move to trash
2022-08-04 23:32:23,551 [Listener at 127.0.0.1/33557] WARN  impl.MetricRegistriesImpl (MetricRegistriesImpl.java:addReporterRegistration(111)) - New reporters are added after registries were created. Some metrics will be missing from the reporter. Please add reporter before adding any new registry.
2022-08-04 23:32:23,551 [Listener at 127.0.0.1/33557] WARN  impl.MetricRegistriesImpl (MetricRegistriesImpl.java:addReporterRegistration(111)) - New reporters are added after registries were created. Some metrics will be missing from the reporter. Please add reporter before adding any new registry.
2022-08-04 23:32:23,552 [org.apache.hadoop.util.JvmPauseMonitor$Monitor@10211d9e] INFO  util.JvmPauseMonitor (JvmPauseMonitor.java:run(188)) - Starting JVM pause monitor
2022-08-04 23:32:23,559 [Listener at 127.0.0.1/33557] INFO  impl.MetricsSystemImpl (MetricsSystemImpl.java:init(158)) - HddsDatanode metrics system started (again)
2022-08-04 23:32:23,620 [Listener at 127.0.0.1/33557] INFO  ozone.HddsDatanodeService (HddsDatanodeService.java:start(236)) - HddsDatanodeService host:fv-az241-597.bb25ywkzvhnelkltyshw0e441e.jx.internal.cloudapp.net ip:10.1.0.37
2022-08-04 23:32:23,684 [Listener at 127.0.0.1/33557] INFO  upgrade.AbstractLayoutVersionManager (AbstractLayoutVersionManager.java:init(83)) - Initializing Layout version manager with metadata layout = DATANODE_SCHEMA_V3 (version = 4), software layout = DATANODE_SCHEMA_V3 (version = 4)
2022-08-04 23:32:23,831 [Listener at 127.0.0.1/33557] INFO  reflections.Reflections (Reflections.java:scan(232)) - Reflections took 145 ms to scan 7 urls, producing 132 keys and 321 values 
2022-08-04 23:32:23,844 [Listener at 127.0.0.1/33557] INFO  statemachine.DatanodeStateMachine (DatanodeStateMachine.java:getEndPointTaskThreadPoolSize(237)) - Datanode State Machine Task Thread Pool size 2
2022-08-04 23:32:23,845 [Listener at 127.0.0.1/33557] INFO  volume.HddsVolume (HddsVolume.java:<init>(116)) - Creating HddsVolume: /home/runner/work/ozone/ozone/hadoop-ozone/integration-test/target/test-dir/MiniOzoneClusterImpl-89b1f4b7-9002-4f1f-8c39-841100745e8e/datanode-0/data-0/containers/hdds of storage type : DISK capacity : 9223372036854775807
2022-08-04 23:32:23,846 [Listener at 127.0.0.1/33557] INFO  volume.MutableVolumeSet (MutableVolumeSet.java:initializeVolumeSet(174)) - Added Volume : /home/runner/work/ozone/ozone/hadoop-ozone/integration-test/target/test-dir/MiniOzoneClusterImpl-89b1f4b7-9002-4f1f-8c39-841100745e8e/datanode-0/data-0/containers/hdds to VolumeSet
2022-08-04 23:32:23,846 [Listener at 127.0.0.1/33557] INFO  volume.ThrottledAsyncChecker (ThrottledAsyncChecker.java:schedule(141)) - Scheduling a check for /home/runner/work/ozone/ozone/hadoop-ozone/integration-test/target/test-dir/MiniOzoneClusterImpl-89b1f4b7-9002-4f1f-8c39-841100745e8e/datanode-0/data-0/containers/hdds
2022-08-04 23:32:23,846 [Listener at 127.0.0.1/33557] INFO  volume.StorageVolumeChecker (StorageVolumeChecker.java:checkAllVolumes(202)) - Scheduled health check for volume /home/runner/work/ozone/ozone/hadoop-ozone/integration-test/target/test-dir/MiniOzoneClusterImpl-89b1f4b7-9002-4f1f-8c39-841100745e8e/datanode-0/data-0/containers/hdds
2022-08-04 23:32:23,889 [Listener at 127.0.0.1/33557] INFO  volume.MutableVolumeSet (MutableVolumeSet.java:initializeVolumeSet(174)) - Added Volume : /home/runner/work/ozone/ozone/hadoop-ozone/integration-test/target/test-dir/MiniOzoneClusterImpl-89b1f4b7-9002-4f1f-8c39-841100745e8e/datanode-0/data/ratis to VolumeSet
2022-08-04 23:32:23,889 [Listener at 127.0.0.1/33557] INFO  volume.ThrottledAsyncChecker (ThrottledAsyncChecker.java:schedule(141)) - Scheduling a check for /home/runner/work/ozone/ozone/hadoop-ozone/integration-test/target/test-dir/MiniOzoneClusterImpl-89b1f4b7-9002-4f1f-8c39-841100745e8e/datanode-0/data/ratis
2022-08-04 23:32:23,889 [Listener at 127.0.0.1/33557] INFO  volume.StorageVolumeChecker (StorageVolumeChecker.java:checkAllVolumes(202)) - Scheduled health check for volume /home/runner/work/ozone/ozone/hadoop-ozone/integration-test/target/test-dir/MiniOzoneClusterImpl-89b1f4b7-9002-4f1f-8c39-841100745e8e/datanode-0/data/ratis
2022-08-04 23:32:23,918 [Thread-1258] INFO  ozoneimpl.ContainerReader (ContainerReader.java:readVolume(175)) - Finish verifying containers on volume /home/runner/work/ozone/ozone/hadoop-ozone/integration-test/target/test-dir/MiniOzoneClusterImpl-89b1f4b7-9002-4f1f-8c39-841100745e8e/datanode-0/data-0/containers/hdds
2022-08-04 23:32:23,918 [Listener at 127.0.0.1/33557] INFO  ozoneimpl.OzoneContainer (OzoneContainer.java:buildContainerSet(299)) - Build ContainerSet costs 0s
2022-08-04 23:32:23,920 [Listener at 127.0.0.1/33557] INFO  server.RaftServer (ConfUtils.java:logGet(46)) - raft.rpc.type = GRPC (default)
2022-08-04 23:32:23,920 [Listener at 127.0.0.1/33557] INFO  grpc.GrpcFactory (GrpcFactory.java:checkPooledByteBufAllocatorUseCacheForAllThreads(48)) - PERFORMANCE WARNING: useCacheForAllThreads is true that may cause Netty to create a lot garbage objects and, as a result, trigger GC.
	It is recommended to disable useCacheForAllThreads by setting -Dorg.apache.ratis.thirdparty.io.netty.allocator.useCacheForAllThreads=false in command line.
2022-08-04 23:32:23,920 [Listener at 127.0.0.1/33557] INFO  grpc.GrpcConfigKeys (ConfUtils.java:logGet(46)) - raft.grpc.admin.port = 0 (custom)
2022-08-04 23:32:23,920 [Listener at 127.0.0.1/33557] INFO  grpc.GrpcConfigKeys (ConfUtils.java:logGet(46)) - raft.grpc.client.port = 0 (custom)
2022-08-04 23:32:23,921 [Listener at 127.0.0.1/33557] INFO  grpc.GrpcConfigKeys (ConfUtils.java:logGet(46)) - raft.grpc.server.port = 0 (default)
2022-08-04 23:32:23,921 [Listener at 127.0.0.1/33557] INFO  server.GrpcService (ConfUtils.java:logGet(46)) - raft.grpc.message.size.max = 32MB (=33554432) (custom)
2022-08-04 23:32:23,921 [Listener at 127.0.0.1/33557] INFO  server.RaftServerConfigKeys (ConfUtils.java:logGet(46)) - raft.server.log.appender.buffer.byte-limit = 33554432 (custom)
2022-08-04 23:32:23,921 [Listener at 127.0.0.1/33557] INFO  server.GrpcService (ConfUtils.java:logGet(46)) - raft.grpc.flow.control.window = 5MB (=5242880) (custom)
2022-08-04 23:32:23,921 [Listener at 127.0.0.1/33557] INFO  server.RaftServerConfigKeys (ConfUtils.java:logGet(46)) - raft.server.rpc.request.timeout = 60s (custom)
2022-08-04 23:32:23,921 [Listener at 127.0.0.1/33557] INFO  grpc.GrpcConfigKeys (ConfUtils.java:logGet(46)) - raft.grpc.server.async.request.thread.pool.cached = true (default)
2022-08-04 23:32:23,921 [Listener at 127.0.0.1/33557] INFO  grpc.GrpcConfigKeys (ConfUtils.java:logGet(46)) - raft.grpc.server.async.request.thread.pool.size = 32 (default)
2022-08-04 23:32:23,922 [Listener at 127.0.0.1/33557] INFO  impl.DataStreamServerImpl (ConfUtils.java:logGet(46)) - raft.datastream.type = DISABLED (default)
2022-08-04 23:32:23,922 [Listener at 127.0.0.1/33557] INFO  server.RaftServerConfigKeys (ConfUtils.java:logGet(46)) - raft.server.threadpool.proxy.cached = true (default)
2022-08-04 23:32:23,922 [Listener at 127.0.0.1/33557] INFO  server.RaftServerConfigKeys (ConfUtils.java:logGet(46)) - raft.server.threadpool.proxy.size = 0 (default)
2022-08-04 23:32:23,923 [Listener at 127.0.0.1/33557] INFO  server.RaftServerConfigKeys (ConfUtils.java:logGet(46)) - raft.server.rpc.slowness.timeout = 300s (custom)
2022-08-04 23:32:23,923 [Listener at 127.0.0.1/33557] INFO  server.RaftServerConfigKeys (ConfUtils.java:logGet(46)) - raft.server.leaderelection.leader.step-down.wait-time = 10s (default)
2022-08-04 23:32:23,923 [Listener at 127.0.0.1/33557] INFO  server.RaftServerConfigKeys (ConfUtils.java:logGet(46)) - raft.server.storage.dir = [/home/runner/work/ozone/ozone/hadoop-ozone/integration-test/target/test-dir/MiniOzoneClusterImpl-89b1f4b7-9002-4f1f-8c39-841100745e8e/datanode-0/data/ratis] (custom)
2022-08-04 23:32:23,926 [Listener at 127.0.0.1/33557] INFO  server.XceiverServerGrpc (XceiverServerGrpc.java:<init>(132)) - GrpcServer channel type EpollServerSocketChannel
2022-08-04 23:32:23,930 [Listener at 127.0.0.1/33557] INFO  http.BaseHttpServer (BaseHttpServer.java:newHttpServer2BuilderForOzone(209)) - Starting Web-server for hddsDatanode at: http://0.0.0.0:0
2022-08-04 23:32:23,930 [Listener at 127.0.0.1/33557] INFO  http.BaseHttpServer (BaseHttpServer.java:<init>(107)) - Hadoop Security Enabled: false Ozone Security Enabled: false Ozone HTTP Security Enabled: false 
2022-08-04 23:32:23,931 [Listener at 127.0.0.1/33557] INFO  server.AuthenticationFilter (AuthenticationFilter.java:constructSecretProvider(240)) - Unable to initialize FileSignerSecretProvider, falling back to use random secrets.
2022-08-04 23:32:23,931 [Listener at 127.0.0.1/33557] WARN  http.HttpRequestLog (HttpRequestLog.java:getRequestLog(103)) - Jetty request log can only be enabled using Log4j
2022-08-04 23:32:23,932 [Listener at 127.0.0.1/33557] INFO  http.HttpServer2 (HttpServer2.java:addGlobalFilter(1029)) - Added global filter 'safety' (class=org.apache.hadoop.hdds.server.http.HttpServer2$QuotingInputFilter)
2022-08-04 23:32:23,932 [Listener at 127.0.0.1/33557] INFO  http.HttpServer2 (HttpServer2.java:addFilter(1005)) - Added filter static_user_filter (class=org.apache.hadoop.http.lib.StaticUserWebFilter$StaticUserFilter) to context hddsDatanode
2022-08-04 23:32:23,933 [Listener at 127.0.0.1/33557] INFO  http.HttpServer2 (HttpServer2.java:addFilter(1013)) - Added filter static_user_filter (class=org.apache.hadoop.http.lib.StaticUserWebFilter$StaticUserFilter) to context static
2022-08-04 23:32:23,933 [Listener at 127.0.0.1/33557] INFO  http.HttpServer2 (HttpServer2.java:addFilter(1013)) - Added filter static_user_filter (class=org.apache.hadoop.http.lib.StaticUserWebFilter$StaticUserFilter) to context logs
2022-08-04 23:32:23,933 [Listener at 127.0.0.1/33557] INFO  http.HttpServer2 (HttpServer2.java:bindListener(1248)) - Jetty bound to port 40851
2022-08-04 23:32:23,933 [Listener at 127.0.0.1/33557] INFO  server.Server (Server.java:doStart(375)) - jetty-9.4.43.v20210629; built: 2021-06-30T11:07:22.254Z; git: 526006ecfa3af7f1a27ef3a288e2bef7ea9dd7e8; jvm 1.8.0_332-b09
2022-08-04 23:32:24,012 [Listener at 127.0.0.1/33557] INFO  server.session (DefaultSessionIdManager.java:doStart(334)) - DefaultSessionIdManager workerName=node0
2022-08-04 23:32:24,012 [Listener at 127.0.0.1/33557] INFO  server.session (DefaultSessionIdManager.java:doStart(339)) - No SessionScavenger set, using defaults
2022-08-04 23:32:24,012 [Listener at 127.0.0.1/33557] INFO  server.session (HouseKeeper.java:startScavenging(132)) - node0 Scavenging every 660000ms
2022-08-04 23:32:24,021 [Listener at 127.0.0.1/33557] INFO  handler.ContextHandler (ContextHandler.java:doStart(915)) - Started o.e.j.s.ServletContextHandler@3e03283e{logs,/logs,file:///home/runner/work/ozone/ozone/hadoop-ozone/integration-test/target/log,AVAILABLE}
2022-08-04 23:32:24,022 [Listener at 127.0.0.1/33557] INFO  handler.ContextHandler (ContextHandler.java:doStart(915)) - Started o.e.j.s.ServletContextHandler@384c3b05{static,/static,jar:file:/home/runner/.m2/repository/org/apache/ozone/hdds-container-service/1.3.0-SNAPSHOT/hdds-container-service-1.3.0-SNAPSHOT.jar!/webapps/static,AVAILABLE}
2022-08-04 23:32:24,365 [om1@group-C5BA1605619E-FollowerState] INFO  impl.FollowerState (FollowerState.java:run(143)) - om1@group-C5BA1605619E-FollowerState: change to CANDIDATE, lastRpcElapsedTime:1180118831ns, electionTimeout:1166ms
2022-08-04 23:32:24,365 [om1@group-C5BA1605619E-FollowerState] INFO  impl.RoleInfo (RoleInfo.java:shutdownFollowerState(110)) - om1: shutdown om1@group-C5BA1605619E-FollowerState
2022-08-04 23:32:24,365 [om1@group-C5BA1605619E-FollowerState] INFO  server.RaftServer$Division (RaftServerImpl.java:setRole(299)) - om1@group-C5BA1605619E: changes role from  FOLLOWER to CANDIDATE at term 0 for changeToCandidate
2022-08-04 23:32:24,365 [om1@group-C5BA1605619E-FollowerState] INFO  server.RaftServerConfigKeys (ConfUtils.java:logGet(46)) - raft.server.leaderelection.pre-vote = false (custom)
2022-08-04 23:32:24,365 [om1@group-C5BA1605619E-FollowerState] INFO  impl.RoleInfo (RoleInfo.java:updateAndGet(139)) - om1: start om1@group-C5BA1605619E-LeaderElection48
2022-08-04 23:32:24,455 [om1@group-C5BA1605619E-LeaderElection48] INFO  impl.LeaderElection (LeaderElection.java:askForVotes(310)) - om1@group-C5BA1605619E-LeaderElection48 ELECTION round 0: submit vote requests at term 1 for -1: [om1|rpc:localhost:9872|priority:0], old=null
2022-08-04 23:32:24,455 [om1@group-C5BA1605619E-LeaderElection48] INFO  impl.LeaderElection (LeaderElection.java:askForVotes(312)) - om1@group-C5BA1605619E-LeaderElection48 ELECTION round 0: result PASSED (term=1)
2022-08-04 23:32:24,455 [om1@group-C5BA1605619E-LeaderElection48] INFO  impl.RoleInfo (RoleInfo.java:shutdownLeaderElection(130)) - om1: shutdown om1@group-C5BA1605619E-LeaderElection48
2022-08-04 23:32:24,455 [om1@group-C5BA1605619E-LeaderElection48] INFO  server.RaftServer$Division (RaftServerImpl.java:setRole(299)) - om1@group-C5BA1605619E: changes role from CANDIDATE to LEADER at term 1 for changeToLeader
2022-08-04 23:32:24,455 [om1@group-C5BA1605619E-LeaderElection48] INFO  server.RaftServer$Division (ServerState.java:setLeader(287)) - om1@group-C5BA1605619E: change Leader from null to om1 at term 1 for becomeLeader, leader elected after 2639ms
2022-08-04 23:32:24,455 [om1@group-C5BA1605619E-LeaderElection48] INFO  server.RaftServerConfigKeys (ConfUtils.java:logGet(46)) - raft.server.staging.catchup.gap = 1000 (default)
2022-08-04 23:32:24,456 [om1@group-C5BA1605619E-LeaderElection48] INFO  server.RaftServerConfigKeys (ConfUtils.java:logGet(46)) - raft.server.write.element-limit = 4096 (default)
2022-08-04 23:32:24,456 [om1@group-C5BA1605619E-LeaderElection48] INFO  server.RaftServerConfigKeys (ConfUtils.java:logGet(46)) - raft.server.write.byte-limit = 64MB (=67108864) (default)
2022-08-04 23:32:24,456 [om1@group-C5BA1605619E-LeaderElection48] INFO  server.RaftServerConfigKeys (ConfUtils.java:logGet(46)) - raft.server.watch.timeout = 10s (default)
2022-08-04 23:32:24,456 [om1@group-C5BA1605619E-LeaderElection48] INFO  server.RaftServerConfigKeys (ConfUtils.java:logGet(46)) - raft.server.watch.timeout.denomination = 1s (default)
2022-08-04 23:32:24,456 [om1@group-C5BA1605619E-LeaderElection48] INFO  server.RaftServerConfigKeys (ConfUtils.java:logGet(46)) - raft.server.watch.element-limit = 65536 (default)
2022-08-04 23:32:24,456 [om1@group-C5BA1605619E-LeaderElection48] INFO  server.RaftServerConfigKeys (ConfUtils.java:logGet(46)) - raft.server.write.element-limit = 4096 (default)
2022-08-04 23:32:24,456 [om1@group-C5BA1605619E-LeaderElection48] INFO  server.RaftServerConfigKeys (ConfUtils.java:logGet(46)) - raft.server.write.follower.gap.ratio.max = -1.0 (default)
2022-08-04 23:32:24,456 [om1@group-C5BA1605619E-LeaderElection48] INFO  impl.RoleInfo (RoleInfo.java:updateAndGet(139)) - om1: start om1@group-C5BA1605619E-LeaderStateImpl
2022-08-04 23:32:24,456 [om1@group-C5BA1605619E-LeaderElection48] INFO  segmented.SegmentedRaftLogWorker (SegmentedRaftLogWorker.java:startLogSegment(425)) - om1@group-C5BA1605619E-SegmentedRaftLogWorker: Starting segment from index:0
2022-08-04 23:32:24,468 [om1@group-C5BA1605619E-SegmentedRaftLogWorker] INFO  segmented.SegmentedRaftLogWorker (SegmentedRaftLogWorker.java:execute(629)) - om1@group-C5BA1605619E-SegmentedRaftLogWorker: created new log segment /home/runner/work/ozone/ozone/hadoop-ozone/integration-test/target/test-dir/MiniOzoneClusterImpl-89b1f4b7-9002-4f1f-8c39-841100745e8e/ozone-meta/ratis/bf265839-605b-3f16-9796-c5ba1605619e/current/log_inprogress_0
2022-08-04 23:32:24,472 [om1@group-C5BA1605619E-LeaderElection48] INFO  server.RaftServer$Division (ServerState.java:setRaftConf(393)) - om1@group-C5BA1605619E: set configuration 0: [om1|rpc:localhost:9872|admin:|client:|dataStream:|priority:0], old=null
2022-08-04 23:32:24,497 [om1@group-C5BA1605619E-StateMachineUpdater] INFO  ratis.OzoneManagerStateMachine (OzoneManagerStateMachine.java:notifyConfigurationChanged(192)) - Received Configuration change notification from Ratis. New Peer list:
[id: "om1"
address: "localhost:9872"
]
2022-08-04 23:32:24,568 [Listener at 127.0.0.1/33557] INFO  handler.ContextHandler (ContextHandler.java:doStart(915)) - Started o.e.j.w.WebAppContext@41bb3cfa{hddsDatanode,/,file:///tmp/jetty-0_0_0_0-40851-hdds-container-service-1_3_0-SNAPSHOT_jar-_-any-3520239116149434325/webapp/,AVAILABLE}{jar:file:/home/runner/.m2/repository/org/apache/ozone/hdds-container-service/1.3.0-SNAPSHOT/hdds-container-service-1.3.0-SNAPSHOT.jar!/webapps/hddsDatanode}
2022-08-04 23:32:24,570 [Listener at 127.0.0.1/33557] INFO  server.AbstractConnector (AbstractConnector.java:doStart(331)) - Started ServerConnector@2d2fd789{HTTP/1.1, (http/1.1)}{0.0.0.0:40851}
2022-08-04 23:32:24,570 [Listener at 127.0.0.1/33557] INFO  server.Server (Server.java:doStart(415)) - Started @169564ms
2022-08-04 23:32:24,571 [Listener at 127.0.0.1/33557] WARN  impl.MetricsSystemImpl (MetricsSystemImpl.java:register(279)) - Sink prometheus already exists!
2022-08-04 23:32:24,571 [Listener at 127.0.0.1/33557] INFO  http.BaseHttpServer (BaseHttpServer.java:updateConnectorAddress(329)) - HTTP server of hddsDatanode listening at http://0.0.0.0:40851
2022-08-04 23:32:24,591 [Datanode State Machine Daemon Thread] INFO  statemachine.DatanodeStateMachine (DatanodeStateMachine.java:lambda$startDaemon$0(492)) - Ozone container server started.
2022-08-04 23:32:24,591 [Listener at 127.0.0.1/33557] WARN  impl.MetricRegistriesImpl (MetricRegistriesImpl.java:addReporterRegistration(111)) - New reporters are added after registries were created. Some metrics will be missing from the reporter. Please add reporter before adding any new registry.
2022-08-04 23:32:24,611 [Listener at 127.0.0.1/33557] WARN  impl.MetricRegistriesImpl (MetricRegistriesImpl.java:addReporterRegistration(111)) - New reporters are added after registries were created. Some metrics will be missing from the reporter. Please add reporter before adding any new registry.
2022-08-04 23:32:24,611 [Listener at 127.0.0.1/33557] INFO  impl.MetricsSystemImpl (MetricsSystemImpl.java:init(158)) - HddsDatanode metrics system started (again)
2022-08-04 23:32:24,622 [Listener at 127.0.0.1/33557] INFO  ozone.HddsDatanodeService (HddsDatanodeService.java:start(236)) - HddsDatanodeService host:fv-az241-597.bb25ywkzvhnelkltyshw0e441e.jx.internal.cloudapp.net ip:10.1.0.37
2022-08-04 23:32:24,639 [org.apache.hadoop.util.JvmPauseMonitor$Monitor@1de0e279] INFO  util.JvmPauseMonitor (JvmPauseMonitor.java:run(188)) - Starting JVM pause monitor
2022-08-04 23:32:24,676 [Datanode State Machine Task Thread - 0] INFO  datanode.InitDatanodeState (InitDatanodeState.java:persistContainerDatanodeDetails(138)) - DatanodeDetails is persisted to /home/runner/work/ozone/ozone/hadoop-ozone/integration-test/target/test-dir/MiniOzoneClusterImpl-89b1f4b7-9002-4f1f-8c39-841100745e8e/datanode-0/meta/datanode.id
2022-08-04 23:32:24,697 [Listener at 127.0.0.1/33557] INFO  upgrade.AbstractLayoutVersionManager (AbstractLayoutVersionManager.java:init(83)) - Initializing Layout version manager with metadata layout = DATANODE_SCHEMA_V3 (version = 4), software layout = DATANODE_SCHEMA_V3 (version = 4)
2022-08-04 23:32:24,802 [Listener at 127.0.0.1/33557] INFO  reflections.Reflections (Reflections.java:scan(232)) - Reflections took 104 ms to scan 7 urls, producing 132 keys and 321 values 
2022-08-04 23:32:24,803 [Listener at 127.0.0.1/33557] INFO  statemachine.DatanodeStateMachine (DatanodeStateMachine.java:getEndPointTaskThreadPoolSize(237)) - Datanode State Machine Task Thread Pool size 2
2022-08-04 23:32:24,819 [Listener at 127.0.0.1/33557] INFO  volume.HddsVolume (HddsVolume.java:<init>(116)) - Creating HddsVolume: /home/runner/work/ozone/ozone/hadoop-ozone/integration-test/target/test-dir/MiniOzoneClusterImpl-89b1f4b7-9002-4f1f-8c39-841100745e8e/datanode-1/data-0/containers/hdds of storage type : DISK capacity : 9223372036854775807
2022-08-04 23:32:24,819 [Listener at 127.0.0.1/33557] INFO  volume.MutableVolumeSet (MutableVolumeSet.java:initializeVolumeSet(174)) - Added Volume : /home/runner/work/ozone/ozone/hadoop-ozone/integration-test/target/test-dir/MiniOzoneClusterImpl-89b1f4b7-9002-4f1f-8c39-841100745e8e/datanode-1/data-0/containers/hdds to VolumeSet
2022-08-04 23:32:24,819 [Listener at 127.0.0.1/33557] INFO  volume.ThrottledAsyncChecker (ThrottledAsyncChecker.java:schedule(141)) - Scheduling a check for /home/runner/work/ozone/ozone/hadoop-ozone/integration-test/target/test-dir/MiniOzoneClusterImpl-89b1f4b7-9002-4f1f-8c39-841100745e8e/datanode-1/data-0/containers/hdds
2022-08-04 23:32:24,820 [Listener at 127.0.0.1/33557] INFO  volume.StorageVolumeChecker (StorageVolumeChecker.java:checkAllVolumes(202)) - Scheduled health check for volume /home/runner/work/ozone/ozone/hadoop-ozone/integration-test/target/test-dir/MiniOzoneClusterImpl-89b1f4b7-9002-4f1f-8c39-841100745e8e/datanode-1/data-0/containers/hdds
2022-08-04 23:32:24,842 [Listener at 127.0.0.1/33557] INFO  volume.MutableVolumeSet (MutableVolumeSet.java:initializeVolumeSet(174)) - Added Volume : /home/runner/work/ozone/ozone/hadoop-ozone/integration-test/target/test-dir/MiniOzoneClusterImpl-89b1f4b7-9002-4f1f-8c39-841100745e8e/datanode-1/data/ratis to VolumeSet
2022-08-04 23:32:24,842 [Listener at 127.0.0.1/33557] INFO  volume.ThrottledAsyncChecker (ThrottledAsyncChecker.java:schedule(141)) - Scheduling a check for /home/runner/work/ozone/ozone/hadoop-ozone/integration-test/target/test-dir/MiniOzoneClusterImpl-89b1f4b7-9002-4f1f-8c39-841100745e8e/datanode-1/data/ratis
2022-08-04 23:32:24,842 [Listener at 127.0.0.1/33557] INFO  volume.StorageVolumeChecker (StorageVolumeChecker.java:checkAllVolumes(202)) - Scheduled health check for volume /home/runner/work/ozone/ozone/hadoop-ozone/integration-test/target/test-dir/MiniOzoneClusterImpl-89b1f4b7-9002-4f1f-8c39-841100745e8e/datanode-1/data/ratis
2022-08-04 23:32:24,900 [Thread-1273] INFO  ozoneimpl.ContainerReader (ContainerReader.java:readVolume(175)) - Finish verifying containers on volume /home/runner/work/ozone/ozone/hadoop-ozone/integration-test/target/test-dir/MiniOzoneClusterImpl-89b1f4b7-9002-4f1f-8c39-841100745e8e/datanode-1/data-0/containers/hdds
2022-08-04 23:32:24,900 [Listener at 127.0.0.1/33557] INFO  ozoneimpl.OzoneContainer (OzoneContainer.java:buildContainerSet(299)) - Build ContainerSet costs 0s
2022-08-04 23:32:24,901 [Listener at 127.0.0.1/33557] INFO  server.RaftServer (ConfUtils.java:logGet(46)) - raft.rpc.type = GRPC (default)
2022-08-04 23:32:24,902 [Listener at 127.0.0.1/33557] INFO  grpc.GrpcFactory (GrpcFactory.java:checkPooledByteBufAllocatorUseCacheForAllThreads(48)) - PERFORMANCE WARNING: useCacheForAllThreads is true that may cause Netty to create a lot garbage objects and, as a result, trigger GC.
	It is recommended to disable useCacheForAllThreads by setting -Dorg.apache.ratis.thirdparty.io.netty.allocator.useCacheForAllThreads=false in command line.
2022-08-04 23:32:24,902 [Listener at 127.0.0.1/33557] INFO  grpc.GrpcConfigKeys (ConfUtils.java:logGet(46)) - raft.grpc.admin.port = 0 (custom)
2022-08-04 23:32:24,902 [Listener at 127.0.0.1/33557] INFO  grpc.GrpcConfigKeys (ConfUtils.java:logGet(46)) - raft.grpc.client.port = 0 (custom)
2022-08-04 23:32:24,902 [Listener at 127.0.0.1/33557] INFO  grpc.GrpcConfigKeys (ConfUtils.java:logGet(46)) - raft.grpc.server.port = 0 (default)
2022-08-04 23:32:24,902 [Listener at 127.0.0.1/33557] INFO  server.GrpcService (ConfUtils.java:logGet(46)) - raft.grpc.message.size.max = 32MB (=33554432) (custom)
2022-08-04 23:32:24,902 [Listener at 127.0.0.1/33557] INFO  server.RaftServerConfigKeys (ConfUtils.java:logGet(46)) - raft.server.log.appender.buffer.byte-limit = 33554432 (custom)
2022-08-04 23:32:24,902 [Listener at 127.0.0.1/33557] INFO  server.GrpcService (ConfUtils.java:logGet(46)) - raft.grpc.flow.control.window = 5MB (=5242880) (custom)
2022-08-04 23:32:24,902 [Listener at 127.0.0.1/33557] INFO  server.RaftServerConfigKeys (ConfUtils.java:logGet(46)) - raft.server.rpc.request.timeout = 60s (custom)
2022-08-04 23:32:24,902 [Listener at 127.0.0.1/33557] INFO  grpc.GrpcConfigKeys (ConfUtils.java:logGet(46)) - raft.grpc.server.async.request.thread.pool.cached = true (default)
2022-08-04 23:32:24,903 [Listener at 127.0.0.1/33557] INFO  grpc.GrpcConfigKeys (ConfUtils.java:logGet(46)) - raft.grpc.server.async.request.thread.pool.size = 32 (default)
2022-08-04 23:32:24,904 [Listener at 127.0.0.1/33557] INFO  impl.DataStreamServerImpl (ConfUtils.java:logGet(46)) - raft.datastream.type = DISABLED (default)
2022-08-04 23:32:24,904 [Listener at 127.0.0.1/33557] INFO  server.RaftServerConfigKeys (ConfUtils.java:logGet(46)) - raft.server.threadpool.proxy.cached = true (default)
2022-08-04 23:32:24,904 [Listener at 127.0.0.1/33557] INFO  server.RaftServerConfigKeys (ConfUtils.java:logGet(46)) - raft.server.threadpool.proxy.size = 0 (default)
2022-08-04 23:32:24,904 [Listener at 127.0.0.1/33557] INFO  server.RaftServerConfigKeys (ConfUtils.java:logGet(46)) - raft.server.rpc.slowness.timeout = 300s (custom)
2022-08-04 23:32:24,904 [Listener at 127.0.0.1/33557] INFO  server.RaftServerConfigKeys (ConfUtils.java:logGet(46)) - raft.server.leaderelection.leader.step-down.wait-time = 10s (default)
2022-08-04 23:32:24,904 [Listener at 127.0.0.1/33557] INFO  server.RaftServerConfigKeys (ConfUtils.java:logGet(46)) - raft.server.storage.dir = [/home/runner/work/ozone/ozone/hadoop-ozone/integration-test/target/test-dir/MiniOzoneClusterImpl-89b1f4b7-9002-4f1f-8c39-841100745e8e/datanode-1/data/ratis] (custom)
2022-08-04 23:32:24,916 [Listener at 127.0.0.1/33557] INFO  server.XceiverServerGrpc (XceiverServerGrpc.java:<init>(132)) - GrpcServer channel type EpollServerSocketChannel
2022-08-04 23:32:24,935 [Listener at 127.0.0.1/33557] INFO  http.BaseHttpServer (BaseHttpServer.java:newHttpServer2BuilderForOzone(209)) - Starting Web-server for hddsDatanode at: http://0.0.0.0:0
2022-08-04 23:32:24,935 [Listener at 127.0.0.1/33557] INFO  http.BaseHttpServer (BaseHttpServer.java:<init>(107)) - Hadoop Security Enabled: false Ozone Security Enabled: false Ozone HTTP Security Enabled: false 
2022-08-04 23:32:24,936 [Listener at 127.0.0.1/33557] INFO  server.AuthenticationFilter (AuthenticationFilter.java:constructSecretProvider(240)) - Unable to initialize FileSignerSecretProvider, falling back to use random secrets.
2022-08-04 23:32:24,939 [Listener at 127.0.0.1/33557] WARN  http.HttpRequestLog (HttpRequestLog.java:getRequestLog(103)) - Jetty request log can only be enabled using Log4j
2022-08-04 23:32:24,940 [Listener at 127.0.0.1/33557] INFO  http.HttpServer2 (HttpServer2.java:addGlobalFilter(1029)) - Added global filter 'safety' (class=org.apache.hadoop.hdds.server.http.HttpServer2$QuotingInputFilter)
2022-08-04 23:32:24,941 [Listener at 127.0.0.1/33557] INFO  http.HttpServer2 (HttpServer2.java:addFilter(1005)) - Added filter static_user_filter (class=org.apache.hadoop.http.lib.StaticUserWebFilter$StaticUserFilter) to context hddsDatanode
2022-08-04 23:32:24,941 [Listener at 127.0.0.1/33557] INFO  http.HttpServer2 (HttpServer2.java:addFilter(1013)) - Added filter static_user_filter (class=org.apache.hadoop.http.lib.StaticUserWebFilter$StaticUserFilter) to context logs
2022-08-04 23:32:24,941 [Listener at 127.0.0.1/33557] INFO  http.HttpServer2 (HttpServer2.java:addFilter(1013)) - Added filter static_user_filter (class=org.apache.hadoop.http.lib.StaticUserWebFilter$StaticUserFilter) to context static
2022-08-04 23:32:24,941 [Listener at 127.0.0.1/33557] INFO  http.HttpServer2 (HttpServer2.java:bindListener(1248)) - Jetty bound to port 37297
2022-08-04 23:32:24,941 [Listener at 127.0.0.1/33557] INFO  server.Server (Server.java:doStart(375)) - jetty-9.4.43.v20210629; built: 2021-06-30T11:07:22.254Z; git: 526006ecfa3af7f1a27ef3a288e2bef7ea9dd7e8; jvm 1.8.0_332-b09
2022-08-04 23:32:24,973 [Listener at 127.0.0.1/33557] INFO  server.session (DefaultSessionIdManager.java:doStart(334)) - DefaultSessionIdManager workerName=node0
2022-08-04 23:32:24,973 [Listener at 127.0.0.1/33557] INFO  server.session (DefaultSessionIdManager.java:doStart(339)) - No SessionScavenger set, using defaults
2022-08-04 23:32:24,973 [Listener at 127.0.0.1/33557] INFO  server.session (HouseKeeper.java:startScavenging(132)) - node0 Scavenging every 600000ms
2022-08-04 23:32:24,975 [Listener at 127.0.0.1/33557] INFO  handler.ContextHandler (ContextHandler.java:doStart(915)) - Started o.e.j.s.ServletContextHandler@5ab2d78{logs,/logs,file:///home/runner/work/ozone/ozone/hadoop-ozone/integration-test/target/log,AVAILABLE}
2022-08-04 23:32:24,975 [Listener at 127.0.0.1/33557] INFO  handler.ContextHandler (ContextHandler.java:doStart(915)) - Started o.e.j.s.ServletContextHandler@2164cb5f{static,/static,jar:file:/home/runner/.m2/repository/org/apache/ozone/hdds-container-service/1.3.0-SNAPSHOT/hdds-container-service-1.3.0-SNAPSHOT.jar!/webapps/static,AVAILABLE}
2022-08-04 23:32:25,538 [Listener at 127.0.0.1/33557] INFO  handler.ContextHandler (ContextHandler.java:doStart(915)) - Started o.e.j.w.WebAppContext@2d52d18e{hddsDatanode,/,file:///tmp/jetty-0_0_0_0-37297-hdds-container-service-1_3_0-SNAPSHOT_jar-_-any-1586610523323230068/webapp/,AVAILABLE}{jar:file:/home/runner/.m2/repository/org/apache/ozone/hdds-container-service/1.3.0-SNAPSHOT/hdds-container-service-1.3.0-SNAPSHOT.jar!/webapps/hddsDatanode}
2022-08-04 23:32:25,546 [Listener at 127.0.0.1/33557] INFO  server.AbstractConnector (AbstractConnector.java:doStart(331)) - Started ServerConnector@4513b167{HTTP/1.1, (http/1.1)}{0.0.0.0:37297}
2022-08-04 23:32:25,546 [Listener at 127.0.0.1/33557] INFO  server.Server (Server.java:doStart(415)) - Started @170540ms
2022-08-04 23:32:25,546 [Listener at 127.0.0.1/33557] WARN  impl.MetricsSystemImpl (MetricsSystemImpl.java:register(279)) - Sink prometheus already exists!
2022-08-04 23:32:25,547 [Listener at 127.0.0.1/33557] INFO  http.BaseHttpServer (BaseHttpServer.java:updateConnectorAddress(329)) - HTTP server of hddsDatanode listening at http://0.0.0.0:37297
2022-08-04 23:32:25,551 [Listener at 127.0.0.1/33557] WARN  impl.MetricRegistriesImpl (MetricRegistriesImpl.java:addReporterRegistration(111)) - New reporters are added after registries were created. Some metrics will be missing from the reporter. Please add reporter before adding any new registry.
2022-08-04 23:32:25,551 [Listener at 127.0.0.1/33557] WARN  impl.MetricRegistriesImpl (MetricRegistriesImpl.java:addReporterRegistration(111)) - New reporters are added after registries were created. Some metrics will be missing from the reporter. Please add reporter before adding any new registry.
2022-08-04 23:32:25,552 [Listener at 127.0.0.1/33557] INFO  impl.MetricsSystemImpl (MetricsSystemImpl.java:init(158)) - HddsDatanode metrics system started (again)
2022-08-04 23:32:25,566 [Datanode State Machine Daemon Thread] INFO  statemachine.DatanodeStateMachine (DatanodeStateMachine.java:lambda$startDaemon$0(492)) - Ozone container server started.
2022-08-04 23:32:25,594 [Listener at 127.0.0.1/33557] INFO  ozone.HddsDatanodeService (HddsDatanodeService.java:start(236)) - HddsDatanodeService host:fv-az241-597.bb25ywkzvhnelkltyshw0e441e.jx.internal.cloudapp.net ip:10.1.0.37
2022-08-04 23:32:25,683 [org.apache.hadoop.util.JvmPauseMonitor$Monitor@4e17a113] INFO  util.JvmPauseMonitor (JvmPauseMonitor.java:run(188)) - Starting JVM pause monitor
2022-08-04 23:32:25,712 [Datanode State Machine Task Thread - 0] INFO  datanode.InitDatanodeState (InitDatanodeState.java:persistContainerDatanodeDetails(138)) - DatanodeDetails is persisted to /home/runner/work/ozone/ozone/hadoop-ozone/integration-test/target/test-dir/MiniOzoneClusterImpl-89b1f4b7-9002-4f1f-8c39-841100745e8e/datanode-1/meta/datanode.id
2022-08-04 23:32:25,714 [Listener at 127.0.0.1/33557] INFO  upgrade.AbstractLayoutVersionManager (AbstractLayoutVersionManager.java:init(83)) - Initializing Layout version manager with metadata layout = DATANODE_SCHEMA_V3 (version = 4), software layout = DATANODE_SCHEMA_V3 (version = 4)
2022-08-04 23:32:25,893 [Listener at 127.0.0.1/33557] INFO  reflections.Reflections (Reflections.java:scan(232)) - Reflections took 178 ms to scan 7 urls, producing 132 keys and 321 values 
2022-08-04 23:32:25,907 [Listener at 127.0.0.1/33557] INFO  statemachine.DatanodeStateMachine (DatanodeStateMachine.java:getEndPointTaskThreadPoolSize(237)) - Datanode State Machine Task Thread Pool size 2
2022-08-04 23:32:25,909 [Listener at 127.0.0.1/33557] INFO  volume.HddsVolume (HddsVolume.java:<init>(116)) - Creating HddsVolume: /home/runner/work/ozone/ozone/hadoop-ozone/integration-test/target/test-dir/MiniOzoneClusterImpl-89b1f4b7-9002-4f1f-8c39-841100745e8e/datanode-2/data-0/containers/hdds of storage type : DISK capacity : 9223372036854775807
2022-08-04 23:32:25,909 [Listener at 127.0.0.1/33557] INFO  volume.MutableVolumeSet (MutableVolumeSet.java:initializeVolumeSet(174)) - Added Volume : /home/runner/work/ozone/ozone/hadoop-ozone/integration-test/target/test-dir/MiniOzoneClusterImpl-89b1f4b7-9002-4f1f-8c39-841100745e8e/datanode-2/data-0/containers/hdds to VolumeSet
2022-08-04 23:32:25,909 [Listener at 127.0.0.1/33557] INFO  volume.ThrottledAsyncChecker (ThrottledAsyncChecker.java:schedule(141)) - Scheduling a check for /home/runner/work/ozone/ozone/hadoop-ozone/integration-test/target/test-dir/MiniOzoneClusterImpl-89b1f4b7-9002-4f1f-8c39-841100745e8e/datanode-2/data-0/containers/hdds
2022-08-04 23:32:25,910 [Listener at 127.0.0.1/33557] INFO  volume.StorageVolumeChecker (StorageVolumeChecker.java:checkAllVolumes(202)) - Scheduled health check for volume /home/runner/work/ozone/ozone/hadoop-ozone/integration-test/target/test-dir/MiniOzoneClusterImpl-89b1f4b7-9002-4f1f-8c39-841100745e8e/datanode-2/data-0/containers/hdds
2022-08-04 23:32:25,953 [Listener at 127.0.0.1/33557] INFO  volume.MutableVolumeSet (MutableVolumeSet.java:initializeVolumeSet(174)) - Added Volume : /home/runner/work/ozone/ozone/hadoop-ozone/integration-test/target/test-dir/MiniOzoneClusterImpl-89b1f4b7-9002-4f1f-8c39-841100745e8e/datanode-2/data/ratis to VolumeSet
2022-08-04 23:32:25,953 [Listener at 127.0.0.1/33557] INFO  volume.ThrottledAsyncChecker (ThrottledAsyncChecker.java:schedule(141)) - Scheduling a check for /home/runner/work/ozone/ozone/hadoop-ozone/integration-test/target/test-dir/MiniOzoneClusterImpl-89b1f4b7-9002-4f1f-8c39-841100745e8e/datanode-2/data/ratis
2022-08-04 23:32:25,954 [Listener at 127.0.0.1/33557] INFO  volume.StorageVolumeChecker (StorageVolumeChecker.java:checkAllVolumes(202)) - Scheduled health check for volume /home/runner/work/ozone/ozone/hadoop-ozone/integration-test/target/test-dir/MiniOzoneClusterImpl-89b1f4b7-9002-4f1f-8c39-841100745e8e/datanode-2/data/ratis
2022-08-04 23:32:25,974 [Thread-1286] INFO  ozoneimpl.ContainerReader (ContainerReader.java:readVolume(175)) - Finish verifying containers on volume /home/runner/work/ozone/ozone/hadoop-ozone/integration-test/target/test-dir/MiniOzoneClusterImpl-89b1f4b7-9002-4f1f-8c39-841100745e8e/datanode-2/data-0/containers/hdds
2022-08-04 23:32:25,974 [Listener at 127.0.0.1/33557] INFO  ozoneimpl.OzoneContainer (OzoneContainer.java:buildContainerSet(299)) - Build ContainerSet costs 0s
2022-08-04 23:32:25,976 [Listener at 127.0.0.1/33557] INFO  server.RaftServer (ConfUtils.java:logGet(46)) - raft.rpc.type = GRPC (default)
2022-08-04 23:32:25,976 [Listener at 127.0.0.1/33557] INFO  grpc.GrpcFactory (GrpcFactory.java:checkPooledByteBufAllocatorUseCacheForAllThreads(48)) - PERFORMANCE WARNING: useCacheForAllThreads is true that may cause Netty to create a lot garbage objects and, as a result, trigger GC.
	It is recommended to disable useCacheForAllThreads by setting -Dorg.apache.ratis.thirdparty.io.netty.allocator.useCacheForAllThreads=false in command line.
2022-08-04 23:32:25,976 [Listener at 127.0.0.1/33557] INFO  grpc.GrpcConfigKeys (ConfUtils.java:logGet(46)) - raft.grpc.admin.port = 0 (custom)
2022-08-04 23:32:25,976 [Listener at 127.0.0.1/33557] INFO  grpc.GrpcConfigKeys (ConfUtils.java:logGet(46)) - raft.grpc.client.port = 0 (custom)
2022-08-04 23:32:25,977 [Listener at 127.0.0.1/33557] INFO  grpc.GrpcConfigKeys (ConfUtils.java:logGet(46)) - raft.grpc.server.port = 0 (default)
2022-08-04 23:32:25,977 [Listener at 127.0.0.1/33557] INFO  server.GrpcService (ConfUtils.java:logGet(46)) - raft.grpc.message.size.max = 32MB (=33554432) (custom)
2022-08-04 23:32:25,977 [Listener at 127.0.0.1/33557] INFO  server.RaftServerConfigKeys (ConfUtils.java:logGet(46)) - raft.server.log.appender.buffer.byte-limit = 33554432 (custom)
2022-08-04 23:32:25,977 [Listener at 127.0.0.1/33557] INFO  server.GrpcService (ConfUtils.java:logGet(46)) - raft.grpc.flow.control.window = 5MB (=5242880) (custom)
2022-08-04 23:32:25,977 [Listener at 127.0.0.1/33557] INFO  server.RaftServerConfigKeys (ConfUtils.java:logGet(46)) - raft.server.rpc.request.timeout = 60s (custom)
2022-08-04 23:32:25,977 [Listener at 127.0.0.1/33557] INFO  grpc.GrpcConfigKeys (ConfUtils.java:logGet(46)) - raft.grpc.server.async.request.thread.pool.cached = true (default)
2022-08-04 23:32:25,977 [Listener at 127.0.0.1/33557] INFO  grpc.GrpcConfigKeys (ConfUtils.java:logGet(46)) - raft.grpc.server.async.request.thread.pool.size = 32 (default)
2022-08-04 23:32:25,978 [Listener at 127.0.0.1/33557] INFO  impl.DataStreamServerImpl (ConfUtils.java:logGet(46)) - raft.datastream.type = DISABLED (default)
2022-08-04 23:32:25,978 [Listener at 127.0.0.1/33557] INFO  server.RaftServerConfigKeys (ConfUtils.java:logGet(46)) - raft.server.threadpool.proxy.cached = true (default)
2022-08-04 23:32:25,978 [Listener at 127.0.0.1/33557] INFO  server.RaftServerConfigKeys (ConfUtils.java:logGet(46)) - raft.server.threadpool.proxy.size = 0 (default)
2022-08-04 23:32:25,979 [Listener at 127.0.0.1/33557] INFO  server.RaftServerConfigKeys (ConfUtils.java:logGet(46)) - raft.server.rpc.slowness.timeout = 300s (custom)
2022-08-04 23:32:25,979 [Listener at 127.0.0.1/33557] INFO  server.RaftServerConfigKeys (ConfUtils.java:logGet(46)) - raft.server.leaderelection.leader.step-down.wait-time = 10s (default)
2022-08-04 23:32:25,979 [Listener at 127.0.0.1/33557] INFO  server.RaftServerConfigKeys (ConfUtils.java:logGet(46)) - raft.server.storage.dir = [/home/runner/work/ozone/ozone/hadoop-ozone/integration-test/target/test-dir/MiniOzoneClusterImpl-89b1f4b7-9002-4f1f-8c39-841100745e8e/datanode-2/data/ratis] (custom)
2022-08-04 23:32:26,036 [Listener at 127.0.0.1/33557] INFO  server.XceiverServerGrpc (XceiverServerGrpc.java:<init>(132)) - GrpcServer channel type EpollServerSocketChannel
2022-08-04 23:32:26,055 [Listener at 127.0.0.1/33557] INFO  http.BaseHttpServer (BaseHttpServer.java:newHttpServer2BuilderForOzone(209)) - Starting Web-server for hddsDatanode at: http://0.0.0.0:0
2022-08-04 23:32:26,055 [Listener at 127.0.0.1/33557] INFO  http.BaseHttpServer (BaseHttpServer.java:<init>(107)) - Hadoop Security Enabled: false Ozone Security Enabled: false Ozone HTTP Security Enabled: false 
2022-08-04 23:32:26,056 [Listener at 127.0.0.1/33557] INFO  server.AuthenticationFilter (AuthenticationFilter.java:constructSecretProvider(240)) - Unable to initialize FileSignerSecretProvider, falling back to use random secrets.
2022-08-04 23:32:26,074 [Listener at 127.0.0.1/33557] WARN  http.HttpRequestLog (HttpRequestLog.java:getRequestLog(103)) - Jetty request log can only be enabled using Log4j
2022-08-04 23:32:26,088 [Listener at 127.0.0.1/33557] INFO  http.HttpServer2 (HttpServer2.java:addGlobalFilter(1029)) - Added global filter 'safety' (class=org.apache.hadoop.hdds.server.http.HttpServer2$QuotingInputFilter)
2022-08-04 23:32:26,089 [Listener at 127.0.0.1/33557] INFO  http.HttpServer2 (HttpServer2.java:addFilter(1005)) - Added filter static_user_filter (class=org.apache.hadoop.http.lib.StaticUserWebFilter$StaticUserFilter) to context hddsDatanode
2022-08-04 23:32:26,089 [Listener at 127.0.0.1/33557] INFO  http.HttpServer2 (HttpServer2.java:addFilter(1013)) - Added filter static_user_filter (class=org.apache.hadoop.http.lib.StaticUserWebFilter$StaticUserFilter) to context logs
2022-08-04 23:32:26,089 [Listener at 127.0.0.1/33557] INFO  http.HttpServer2 (HttpServer2.java:addFilter(1013)) - Added filter static_user_filter (class=org.apache.hadoop.http.lib.StaticUserWebFilter$StaticUserFilter) to context static
2022-08-04 23:32:26,089 [Listener at 127.0.0.1/33557] INFO  http.HttpServer2 (HttpServer2.java:bindListener(1248)) - Jetty bound to port 42595
2022-08-04 23:32:26,089 [Listener at 127.0.0.1/33557] INFO  server.Server (Server.java:doStart(375)) - jetty-9.4.43.v20210629; built: 2021-06-30T11:07:22.254Z; git: 526006ecfa3af7f1a27ef3a288e2bef7ea9dd7e8; jvm 1.8.0_332-b09
2022-08-04 23:32:26,093 [Listener at 127.0.0.1/33557] INFO  server.session (DefaultSessionIdManager.java:doStart(334)) - DefaultSessionIdManager workerName=node0
2022-08-04 23:32:26,093 [Listener at 127.0.0.1/33557] INFO  server.session (DefaultSessionIdManager.java:doStart(339)) - No SessionScavenger set, using defaults
2022-08-04 23:32:26,093 [Listener at 127.0.0.1/33557] INFO  server.session (HouseKeeper.java:startScavenging(132)) - node0 Scavenging every 600000ms
2022-08-04 23:32:26,094 [Listener at 127.0.0.1/33557] INFO  handler.ContextHandler (ContextHandler.java:doStart(915)) - Started o.e.j.s.ServletContextHandler@1ec664bc{logs,/logs,file:///home/runner/work/ozone/ozone/hadoop-ozone/integration-test/target/log,AVAILABLE}
2022-08-04 23:32:26,094 [Listener at 127.0.0.1/33557] INFO  handler.ContextHandler (ContextHandler.java:doStart(915)) - Started o.e.j.s.ServletContextHandler@2a13034e{static,/static,jar:file:/home/runner/.m2/repository/org/apache/ozone/hdds-container-service/1.3.0-SNAPSHOT/hdds-container-service-1.3.0-SNAPSHOT.jar!/webapps/static,AVAILABLE}
2022-08-04 23:32:26,604 [Listener at 127.0.0.1/33557] INFO  handler.ContextHandler (ContextHandler.java:doStart(915)) - Started o.e.j.w.WebAppContext@4069f369{hddsDatanode,/,file:///tmp/jetty-0_0_0_0-42595-hdds-container-service-1_3_0-SNAPSHOT_jar-_-any-307382360059682885/webapp/,AVAILABLE}{jar:file:/home/runner/.m2/repository/org/apache/ozone/hdds-container-service/1.3.0-SNAPSHOT/hdds-container-service-1.3.0-SNAPSHOT.jar!/webapps/hddsDatanode}
2022-08-04 23:32:26,611 [Listener at 127.0.0.1/33557] INFO  server.AbstractConnector (AbstractConnector.java:doStart(331)) - Started ServerConnector@3799e7a8{HTTP/1.1, (http/1.1)}{0.0.0.0:42595}
2022-08-04 23:32:26,611 [Listener at 127.0.0.1/33557] INFO  server.Server (Server.java:doStart(415)) - Started @171605ms
2022-08-04 23:32:26,612 [Listener at 127.0.0.1/33557] WARN  impl.MetricsSystemImpl (MetricsSystemImpl.java:register(279)) - Sink prometheus already exists!
2022-08-04 23:32:26,613 [Listener at 127.0.0.1/33557] INFO  http.BaseHttpServer (BaseHttpServer.java:updateConnectorAddress(329)) - HTTP server of hddsDatanode listening at http://0.0.0.0:42595
2022-08-04 23:32:26,619 [Listener at 127.0.0.1/33557] INFO  ozone.MiniOzoneClusterImpl (MiniOzoneClusterImpl.java:lambda$waitForClusterToBeReady$0(216)) - Waiting for nodes to be ready. Got 0 of 3 DN Heartbeats.
2022-08-04 23:32:26,619 [Listener at 127.0.0.1/33557] INFO  ozone.MiniOzoneClusterImpl (MiniOzoneClusterImpl.java:lambda$waitForClusterToBeReady$0(219)) - Waiting for cluster to exit safe mode
2022-08-04 23:32:26,620 [Listener at 127.0.0.1/33557] INFO  ozone.MiniOzoneClusterImpl (MiniOzoneClusterImpl.java:lambda$waitForClusterToBeReady$0(221)) - SCM became leader
2022-08-04 23:32:26,621 [Datanode State Machine Daemon Thread] INFO  statemachine.DatanodeStateMachine (DatanodeStateMachine.java:lambda$startDaemon$0(492)) - Ozone container server started.
2022-08-04 23:32:26,668 [Datanode State Machine Task Thread - 0] INFO  datanode.InitDatanodeState (InitDatanodeState.java:persistContainerDatanodeDetails(138)) - DatanodeDetails is persisted to /home/runner/work/ozone/ozone/hadoop-ozone/integration-test/target/test-dir/MiniOzoneClusterImpl-89b1f4b7-9002-4f1f-8c39-841100745e8e/datanode-2/meta/datanode.id
2022-08-04 23:32:26,669 [org.apache.hadoop.util.JvmPauseMonitor$Monitor@7fd4a565] INFO  util.JvmPauseMonitor (JvmPauseMonitor.java:run(188)) - Starting JVM pause monitor
2022-08-04 23:32:26,788 [EndpointStateMachine task thread for /0.0.0.0:41081 - 0 ] INFO  volume.HddsVolume (HddsVolume.java:createDbStore(309)) - SchemaV3 db is created and loaded at /home/runner/work/ozone/ozone/hadoop-ozone/integration-test/target/test-dir/MiniOzoneClusterImpl-89b1f4b7-9002-4f1f-8c39-841100745e8e/datanode-0/data-0/containers/hdds/89b1f4b7-9002-4f1f-8c39-841100745e8e/DS-99b78d6c-c89f-4d7f-a83b-629dbbb56b9f/container.db for volume DS-99b78d6c-c89f-4d7f-a83b-629dbbb56b9f
2022-08-04 23:32:26,809 [EndpointStateMachine task thread for /0.0.0.0:41081 - 0 ] INFO  volume.HddsVolume (HddsVolume.java:closeDbStore(340)) - SchemaV3 db is stopped at /home/runner/work/ozone/ozone/hadoop-ozone/integration-test/target/test-dir/MiniOzoneClusterImpl-89b1f4b7-9002-4f1f-8c39-841100745e8e/datanode-0/data-0/containers/hdds/89b1f4b7-9002-4f1f-8c39-841100745e8e/DS-99b78d6c-c89f-4d7f-a83b-629dbbb56b9f/container.db for volume DS-99b78d6c-c89f-4d7f-a83b-629dbbb56b9f
2022-08-04 23:32:26,809 [EndpointStateMachine task thread for /0.0.0.0:41081 - 0 ] INFO  ozoneimpl.OzoneContainer (OzoneContainer.java:start(377)) - Attempting to start container services.
2022-08-04 23:32:26,809 [EndpointStateMachine task thread for /0.0.0.0:41081 - 0 ] INFO  ozoneimpl.OzoneContainer (OzoneContainer.java:startContainerScrub(312)) - Background container scanner has been disabled.
2022-08-04 23:32:26,811 [EndpointStateMachine task thread for /0.0.0.0:41081 - 0 ] INFO  replication.ReplicationServer (ReplicationServer.java:start(111)) - ReplicationServer is started using port 43209
2022-08-04 23:32:26,811 [EndpointStateMachine task thread for /0.0.0.0:41081 - 0 ] INFO  ratis.XceiverServerRatis (XceiverServerRatis.java:start(481)) - Starting XceiverServerRatis 59bc66cf-53d9-457c-a8ae-08acbe6cc725
2022-08-04 23:32:26,812 [EndpointStateMachine task thread for /0.0.0.0:41081 - 0 ] INFO  server.RaftServer (RaftServerProxy.java:lambda$start$6(382)) - 59bc66cf-53d9-457c-a8ae-08acbe6cc725: start RPC server
2022-08-04 23:32:26,845 [EndpointStateMachine task thread for /0.0.0.0:41081 - 0 ] INFO  server.GrpcService (GrpcService.java:startImpl(260)) - 59bc66cf-53d9-457c-a8ae-08acbe6cc725: GrpcService started, listening on 37439
2022-08-04 23:32:26,855 [EndpointStateMachine task thread for /0.0.0.0:41081 - 0 ] INFO  ratis.XceiverServerRatis (XceiverServerRatis.java:getRealPort(502)) - XceiverServerRatis 59bc66cf-53d9-457c-a8ae-08acbe6cc725 is started using port 37439 for RATIS
2022-08-04 23:32:26,855 [EndpointStateMachine task thread for /0.0.0.0:41081 - 0 ] INFO  ratis.XceiverServerRatis (XceiverServerRatis.java:getRealPort(502)) - XceiverServerRatis 59bc66cf-53d9-457c-a8ae-08acbe6cc725 is started using port 37439 for RATIS_ADMIN
2022-08-04 23:32:26,855 [EndpointStateMachine task thread for /0.0.0.0:41081 - 0 ] INFO  ratis.XceiverServerRatis (XceiverServerRatis.java:getRealPort(502)) - XceiverServerRatis 59bc66cf-53d9-457c-a8ae-08acbe6cc725 is started using port 37439 for RATIS_SERVER
2022-08-04 23:32:26,855 [org.apache.ratis.util.JvmPauseMonitor$$Lambda$682/1302746218@1f4c3b45] INFO  util.JvmPauseMonitor (JvmPauseMonitor.java:run(103)) - JvmPauseMonitor-59bc66cf-53d9-457c-a8ae-08acbe6cc725: Started
2022-08-04 23:32:26,932 [EndpointStateMachine task thread for /0.0.0.0:41081 - 0 ] INFO  server.XceiverServerGrpc (XceiverServerGrpc.java:start(180)) - XceiverServerGrpc 59bc66cf-53d9-457c-a8ae-08acbe6cc725 is started using port 37261
2022-08-04 23:32:27,621 [Listener at 127.0.0.1/33557] INFO  ozone.MiniOzoneClusterImpl (MiniOzoneClusterImpl.java:lambda$waitForClusterToBeReady$0(216)) - Waiting for nodes to be ready. Got 0 of 3 DN Heartbeats.
2022-08-04 23:32:27,621 [Listener at 127.0.0.1/33557] INFO  ozone.MiniOzoneClusterImpl (MiniOzoneClusterImpl.java:lambda$waitForClusterToBeReady$0(219)) - Waiting for cluster to exit safe mode
2022-08-04 23:32:27,621 [Listener at 127.0.0.1/33557] INFO  ozone.MiniOzoneClusterImpl (MiniOzoneClusterImpl.java:lambda$waitForClusterToBeReady$0(221)) - SCM became leader
2022-08-04 23:32:27,791 [EndpointStateMachine task thread for /0.0.0.0:41081 - 0 ] INFO  volume.HddsVolume (HddsVolume.java:createDbStore(309)) - SchemaV3 db is created and loaded at /home/runner/work/ozone/ozone/hadoop-ozone/integration-test/target/test-dir/MiniOzoneClusterImpl-89b1f4b7-9002-4f1f-8c39-841100745e8e/datanode-1/data-0/containers/hdds/89b1f4b7-9002-4f1f-8c39-841100745e8e/DS-d9c0f6e5-4c6a-45f3-883a-13e7aa0d4b1d/container.db for volume DS-d9c0f6e5-4c6a-45f3-883a-13e7aa0d4b1d
2022-08-04 23:32:27,792 [EndpointStateMachine task thread for /0.0.0.0:41081 - 0 ] INFO  volume.HddsVolume (HddsVolume.java:closeDbStore(340)) - SchemaV3 db is stopped at /home/runner/work/ozone/ozone/hadoop-ozone/integration-test/target/test-dir/MiniOzoneClusterImpl-89b1f4b7-9002-4f1f-8c39-841100745e8e/datanode-1/data-0/containers/hdds/89b1f4b7-9002-4f1f-8c39-841100745e8e/DS-d9c0f6e5-4c6a-45f3-883a-13e7aa0d4b1d/container.db for volume DS-d9c0f6e5-4c6a-45f3-883a-13e7aa0d4b1d
2022-08-04 23:32:27,792 [EndpointStateMachine task thread for /0.0.0.0:41081 - 0 ] INFO  ozoneimpl.OzoneContainer (OzoneContainer.java:start(377)) - Attempting to start container services.
2022-08-04 23:32:27,792 [EndpointStateMachine task thread for /0.0.0.0:41081 - 0 ] INFO  ozoneimpl.OzoneContainer (OzoneContainer.java:startContainerScrub(312)) - Background container scanner has been disabled.
2022-08-04 23:32:27,824 [EndpointStateMachine task thread for /0.0.0.0:41081 - 0 ] INFO  replication.ReplicationServer (ReplicationServer.java:start(111)) - ReplicationServer is started using port 42411
2022-08-04 23:32:27,824 [EndpointStateMachine task thread for /0.0.0.0:41081 - 0 ] INFO  ratis.XceiverServerRatis (XceiverServerRatis.java:start(481)) - Starting XceiverServerRatis d28eef40-6d6f-4886-89ee-28c5370793a3
2022-08-04 23:32:27,825 [EndpointStateMachine task thread for /0.0.0.0:41081 - 0 ] INFO  server.RaftServer (RaftServerProxy.java:lambda$start$6(382)) - d28eef40-6d6f-4886-89ee-28c5370793a3: start RPC server
2022-08-04 23:32:27,844 [EndpointStateMachine task thread for /0.0.0.0:41081 - 0 ] INFO  server.GrpcService (GrpcService.java:startImpl(260)) - d28eef40-6d6f-4886-89ee-28c5370793a3: GrpcService started, listening on 41155
2022-08-04 23:32:27,844 [EndpointStateMachine task thread for /0.0.0.0:41081 - 0 ] INFO  ratis.XceiverServerRatis (XceiverServerRatis.java:getRealPort(502)) - XceiverServerRatis d28eef40-6d6f-4886-89ee-28c5370793a3 is started using port 41155 for RATIS
2022-08-04 23:32:27,844 [EndpointStateMachine task thread for /0.0.0.0:41081 - 0 ] INFO  ratis.XceiverServerRatis (XceiverServerRatis.java:getRealPort(502)) - XceiverServerRatis d28eef40-6d6f-4886-89ee-28c5370793a3 is started using port 41155 for RATIS_ADMIN
2022-08-04 23:32:27,844 [EndpointStateMachine task thread for /0.0.0.0:41081 - 0 ] INFO  ratis.XceiverServerRatis (XceiverServerRatis.java:getRealPort(502)) - XceiverServerRatis d28eef40-6d6f-4886-89ee-28c5370793a3 is started using port 41155 for RATIS_SERVER
2022-08-04 23:32:27,847 [org.apache.ratis.util.JvmPauseMonitor$$Lambda$682/1302746218@69c6f468] INFO  util.JvmPauseMonitor (JvmPauseMonitor.java:run(103)) - JvmPauseMonitor-d28eef40-6d6f-4886-89ee-28c5370793a3: Started
2022-08-04 23:32:27,891 [EndpointStateMachine task thread for /0.0.0.0:41081 - 0 ] INFO  server.XceiverServerGrpc (XceiverServerGrpc.java:start(180)) - XceiverServerGrpc d28eef40-6d6f-4886-89ee-28c5370793a3 is started using port 34361
2022-08-04 23:32:28,625 [Listener at 127.0.0.1/33557] INFO  ozone.MiniOzoneClusterImpl (MiniOzoneClusterImpl.java:lambda$waitForClusterToBeReady$0(216)) - Waiting for nodes to be ready. Got 0 of 3 DN Heartbeats.
2022-08-04 23:32:28,626 [Listener at 127.0.0.1/33557] INFO  ozone.MiniOzoneClusterImpl (MiniOzoneClusterImpl.java:lambda$waitForClusterToBeReady$0(219)) - Waiting for cluster to exit safe mode
2022-08-04 23:32:28,626 [Listener at 127.0.0.1/33557] INFO  ozone.MiniOzoneClusterImpl (MiniOzoneClusterImpl.java:lambda$waitForClusterToBeReady$0(221)) - SCM became leader
2022-08-04 23:32:28,641 [IPC Server handler 19 on default port 41081] INFO  net.NetworkTopologyImpl (NetworkTopologyImpl.java:add(112)) - Added a new node: /default-rack/59bc66cf-53d9-457c-a8ae-08acbe6cc725
2022-08-04 23:32:28,641 [IPC Server handler 19 on default port 41081] INFO  node.SCMNodeManager (SCMNodeManager.java:register(397)) - Registered Data node : 59bc66cf-53d9-457c-a8ae-08acbe6cc725{ip: 10.1.0.37, host: fv-az241-597.bb25ywkzvhnelkltyshw0e441e.jx.internal.cloudapp.net, ports: [REPLICATION=43209, RATIS=37439, RATIS_ADMIN=37439, RATIS_SERVER=37439, STANDALONE=37261], networkLocation: /default-rack, certSerialId: null, persistedOpState: null, persistedOpStateExpiryEpochSec: 0}
2022-08-04 23:32:28,662 [EventQueue-NewNodeForNewNodeHandler] INFO  pipeline.BackgroundPipelineCreator (BackgroundPipelineCreator.java:notifyEventTriggered(276)) - trigger a one-shot run on RatisPipelineUtilsThread.
2022-08-04 23:32:28,663 [RatisPipelineUtilsThread - 0] INFO  pipeline.RatisPipelineProvider (RatisPipelineProvider.java:lambda$create$0(195)) - Sending CreatePipelineCommand for pipeline:PipelineID=714a08f2-4752-4571-889b-7dc6e572cf14 to datanode:59bc66cf-53d9-457c-a8ae-08acbe6cc725
2022-08-04 23:32:28,676 [RatisPipelineUtilsThread - 0] INFO  pipeline.PipelineStateManagerImpl (PipelineStateManagerImpl.java:addPipeline(103)) - Created pipeline Pipeline[ Id: 714a08f2-4752-4571-889b-7dc6e572cf14, Nodes: 59bc66cf-53d9-457c-a8ae-08acbe6cc725{ip: 10.1.0.37, host: fv-az241-597.bb25ywkzvhnelkltyshw0e441e.jx.internal.cloudapp.net, ports: [REPLICATION=43209, RATIS=37439, RATIS_ADMIN=37439, RATIS_SERVER=37439, STANDALONE=37261], networkLocation: /default-rack, certSerialId: null, persistedOpState: IN_SERVICE, persistedOpStateExpiryEpochSec: 0}, ReplicationConfig: RATIS/ONE, State:ALLOCATED, leaderId:, CreationTimestamp2022-08-04T23:32:28.662Z[Etc/UTC]].
2022-08-04 23:32:28,688 [EventQueue-NodeRegistrationContainerReportForDataNodeSafeModeRule] INFO  safemode.SCMSafeModeManager (DataNodeSafeModeRule.java:process(71)) - SCM in safe mode. 1 DataNodes registered, 3 required.
2022-08-04 23:32:28,724 [EventQueue-NodeRegistrationContainerReportForContainerSafeModeRule] INFO  safemode.SCMSafeModeManager (SCMSafeModeManager.java:validateSafeModeExitRules(204)) - ContainerSafeModeRule rule is successfully validated
2022-08-04 23:32:28,760 [EventQueue-PipelineReportForOneReplicaPipelineSafeModeRule] INFO  safemode.SCMSafeModeManager (SCMSafeModeManager.java:validateSafeModeExitRules(204)) - AtleastOneDatanodeReportedRule rule is successfully validated
2022-08-04 23:32:28,959 [EndpointStateMachine task thread for /0.0.0.0:41081 - 0 ] INFO  volume.HddsVolume (HddsVolume.java:createDbStore(309)) - SchemaV3 db is created and loaded at /home/runner/work/ozone/ozone/hadoop-ozone/integration-test/target/test-dir/MiniOzoneClusterImpl-89b1f4b7-9002-4f1f-8c39-841100745e8e/datanode-2/data-0/containers/hdds/89b1f4b7-9002-4f1f-8c39-841100745e8e/DS-58fa184a-ab23-4525-b762-73d05df1dd23/container.db for volume DS-58fa184a-ab23-4525-b762-73d05df1dd23
2022-08-04 23:32:28,960 [EndpointStateMachine task thread for /0.0.0.0:41081 - 0 ] INFO  volume.HddsVolume (HddsVolume.java:closeDbStore(340)) - SchemaV3 db is stopped at /home/runner/work/ozone/ozone/hadoop-ozone/integration-test/target/test-dir/MiniOzoneClusterImpl-89b1f4b7-9002-4f1f-8c39-841100745e8e/datanode-2/data-0/containers/hdds/89b1f4b7-9002-4f1f-8c39-841100745e8e/DS-58fa184a-ab23-4525-b762-73d05df1dd23/container.db for volume DS-58fa184a-ab23-4525-b762-73d05df1dd23
2022-08-04 23:32:28,960 [EndpointStateMachine task thread for /0.0.0.0:41081 - 0 ] INFO  ozoneimpl.OzoneContainer (OzoneContainer.java:start(377)) - Attempting to start container services.
2022-08-04 23:32:28,960 [EndpointStateMachine task thread for /0.0.0.0:41081 - 0 ] INFO  ozoneimpl.OzoneContainer (OzoneContainer.java:startContainerScrub(312)) - Background container scanner has been disabled.
2022-08-04 23:32:29,023 [EndpointStateMachine task thread for /0.0.0.0:41081 - 0 ] INFO  replication.ReplicationServer (ReplicationServer.java:start(111)) - ReplicationServer is started using port 41917
2022-08-04 23:32:29,029 [EndpointStateMachine task thread for /0.0.0.0:41081 - 0 ] INFO  ratis.XceiverServerRatis (XceiverServerRatis.java:start(481)) - Starting XceiverServerRatis 8d253cf1-16d2-49a5-bb0e-0a4cfea41d88
2022-08-04 23:32:29,035 [EndpointStateMachine task thread for /0.0.0.0:41081 - 0 ] INFO  server.RaftServer (RaftServerProxy.java:lambda$start$6(382)) - 8d253cf1-16d2-49a5-bb0e-0a4cfea41d88: start RPC server
2022-08-04 23:32:29,064 [EndpointStateMachine task thread for /0.0.0.0:41081 - 0 ] INFO  server.GrpcService (GrpcService.java:startImpl(260)) - 8d253cf1-16d2-49a5-bb0e-0a4cfea41d88: GrpcService started, listening on 43253
2022-08-04 23:32:29,067 [EndpointStateMachine task thread for /0.0.0.0:41081 - 0 ] INFO  ratis.XceiverServerRatis (XceiverServerRatis.java:getRealPort(502)) - XceiverServerRatis 8d253cf1-16d2-49a5-bb0e-0a4cfea41d88 is started using port 43253 for RATIS
2022-08-04 23:32:29,067 [EndpointStateMachine task thread for /0.0.0.0:41081 - 0 ] INFO  ratis.XceiverServerRatis (XceiverServerRatis.java:getRealPort(502)) - XceiverServerRatis 8d253cf1-16d2-49a5-bb0e-0a4cfea41d88 is started using port 43253 for RATIS_ADMIN
2022-08-04 23:32:29,067 [EndpointStateMachine task thread for /0.0.0.0:41081 - 0 ] INFO  ratis.XceiverServerRatis (XceiverServerRatis.java:getRealPort(502)) - XceiverServerRatis 8d253cf1-16d2-49a5-bb0e-0a4cfea41d88 is started using port 43253 for RATIS_SERVER
2022-08-04 23:32:29,067 [org.apache.ratis.util.JvmPauseMonitor$$Lambda$682/1302746218@42994fc6] INFO  util.JvmPauseMonitor (JvmPauseMonitor.java:run(103)) - JvmPauseMonitor-8d253cf1-16d2-49a5-bb0e-0a4cfea41d88: Started
2022-08-04 23:32:29,106 [EndpointStateMachine task thread for /0.0.0.0:41081 - 0 ] INFO  server.XceiverServerGrpc (XceiverServerGrpc.java:start(180)) - XceiverServerGrpc 8d253cf1-16d2-49a5-bb0e-0a4cfea41d88 is started using port 43667
2022-08-04 23:32:29,435 [UnderReplicatedQueueThreadThread] INFO  replication.UnderReplicatedProcessor (UnderReplicatedProcessor.java:processAll(85)) - Processed 0 under replicated containers, failed processing 0
2022-08-04 23:32:29,452 [OverReplicatedQueueThreadThread] INFO  replication.OverReplicatedProcessor (OverReplicatedProcessor.java:processAll(83)) - Processed 0 over replicated containers, failed processing 0
2022-08-04 23:32:29,626 [Listener at 127.0.0.1/33557] INFO  ozone.MiniOzoneClusterImpl (MiniOzoneClusterImpl.java:lambda$waitForClusterToBeReady$0(216)) - Waiting for nodes to be ready. Got 1 of 3 DN Heartbeats.
2022-08-04 23:32:29,626 [Listener at 127.0.0.1/33557] INFO  ozone.MiniOzoneClusterImpl (MiniOzoneClusterImpl.java:lambda$waitForClusterToBeReady$0(219)) - Waiting for cluster to exit safe mode
2022-08-04 23:32:29,626 [Listener at 127.0.0.1/33557] INFO  ozone.MiniOzoneClusterImpl (MiniOzoneClusterImpl.java:lambda$waitForClusterToBeReady$0(221)) - SCM became leader
2022-08-04 23:32:29,684 [IPC Server handler 18 on default port 41081] INFO  net.NetworkTopologyImpl (NetworkTopologyImpl.java:add(112)) - Added a new node: /default-rack/d28eef40-6d6f-4886-89ee-28c5370793a3
2022-08-04 23:32:29,685 [IPC Server handler 18 on default port 41081] INFO  node.SCMNodeManager (SCMNodeManager.java:register(397)) - Registered Data node : d28eef40-6d6f-4886-89ee-28c5370793a3{ip: 10.1.0.37, host: fv-az241-597.bb25ywkzvhnelkltyshw0e441e.jx.internal.cloudapp.net, ports: [REPLICATION=42411, RATIS=41155, RATIS_ADMIN=41155, RATIS_SERVER=41155, STANDALONE=34361], networkLocation: /default-rack, certSerialId: null, persistedOpState: null, persistedOpStateExpiryEpochSec: 0}
2022-08-04 23:32:29,685 [EventQueue-NewNodeForNewNodeHandler] INFO  pipeline.BackgroundPipelineCreator (BackgroundPipelineCreator.java:notifyEventTriggered(276)) - trigger a one-shot run on RatisPipelineUtilsThread.
2022-08-04 23:32:29,696 [EventQueue-NodeRegistrationContainerReportForDataNodeSafeModeRule] INFO  safemode.SCMSafeModeManager (DataNodeSafeModeRule.java:process(71)) - SCM in safe mode. 2 DataNodes registered, 3 required.
2022-08-04 23:32:29,697 [RatisPipelineUtilsThread - 0] INFO  pipeline.RatisPipelineProvider (RatisPipelineProvider.java:lambda$create$0(195)) - Sending CreatePipelineCommand for pipeline:PipelineID=69fdb1ba-a270-4353-857b-c33ee64d25e7 to datanode:d28eef40-6d6f-4886-89ee-28c5370793a3
2022-08-04 23:32:29,697 [RatisPipelineUtilsThread - 0] INFO  pipeline.PipelineStateManagerImpl (PipelineStateManagerImpl.java:addPipeline(103)) - Created pipeline Pipeline[ Id: 69fdb1ba-a270-4353-857b-c33ee64d25e7, Nodes: d28eef40-6d6f-4886-89ee-28c5370793a3{ip: 10.1.0.37, host: fv-az241-597.bb25ywkzvhnelkltyshw0e441e.jx.internal.cloudapp.net, ports: [REPLICATION=42411, RATIS=41155, RATIS_ADMIN=41155, RATIS_SERVER=41155, STANDALONE=34361], networkLocation: /default-rack, certSerialId: null, persistedOpState: IN_SERVICE, persistedOpStateExpiryEpochSec: 0}, ReplicationConfig: RATIS/ONE, State:ALLOCATED, leaderId:, CreationTimestamp2022-08-04T23:32:29.697Z[Etc/UTC]].
2022-08-04 23:32:30,630 [Listener at 127.0.0.1/33557] INFO  ozone.MiniOzoneClusterImpl (MiniOzoneClusterImpl.java:lambda$waitForClusterToBeReady$0(216)) - Waiting for nodes to be ready. Got 2 of 3 DN Heartbeats.
2022-08-04 23:32:30,630 [Listener at 127.0.0.1/33557] INFO  ozone.MiniOzoneClusterImpl (MiniOzoneClusterImpl.java:lambda$waitForClusterToBeReady$0(219)) - Waiting for cluster to exit safe mode
2022-08-04 23:32:30,630 [Listener at 127.0.0.1/33557] INFO  ozone.MiniOzoneClusterImpl (MiniOzoneClusterImpl.java:lambda$waitForClusterToBeReady$0(221)) - SCM became leader
2022-08-04 23:32:30,689 [IPC Server handler 19 on default port 41081] INFO  net.NetworkTopologyImpl (NetworkTopologyImpl.java:add(112)) - Added a new node: /default-rack/8d253cf1-16d2-49a5-bb0e-0a4cfea41d88
2022-08-04 23:32:30,689 [IPC Server handler 19 on default port 41081] INFO  node.SCMNodeManager (SCMNodeManager.java:register(397)) - Registered Data node : 8d253cf1-16d2-49a5-bb0e-0a4cfea41d88{ip: 10.1.0.37, host: fv-az241-597.bb25ywkzvhnelkltyshw0e441e.jx.internal.cloudapp.net, ports: [REPLICATION=41917, RATIS=43253, RATIS_ADMIN=43253, RATIS_SERVER=43253, STANDALONE=43667], networkLocation: /default-rack, certSerialId: null, persistedOpState: null, persistedOpStateExpiryEpochSec: 0}
2022-08-04 23:32:30,689 [EventQueue-NodeRegistrationContainerReportForDataNodeSafeModeRule] INFO  safemode.SCMSafeModeManager (DataNodeSafeModeRule.java:process(71)) - SCM in safe mode. 3 DataNodes registered, 3 required.
2022-08-04 23:32:30,689 [EventQueue-NodeRegistrationContainerReportForDataNodeSafeModeRule] INFO  safemode.SCMSafeModeManager (SCMSafeModeManager.java:validateSafeModeExitRules(204)) - DataNodeSafeModeRule rule is successfully validated
2022-08-04 23:32:30,689 [EventQueue-NodeRegistrationContainerReportForDataNodeSafeModeRule] INFO  safemode.SCMSafeModeManager (SCMSafeModeManager.java:completePreCheck(233)) - All SCM safe mode pre check rules have passed
2022-08-04 23:32:30,689 [EventQueue-NodeRegistrationContainerReportForDataNodeSafeModeRule] WARN  events.EventQueue (EventQueue.java:fireEvent(216)) - No event handler registered for event TypedEvent{payloadType=SafeModeStatus, name='Safe mode status'}
2022-08-04 23:32:30,689 [EventQueue-NodeRegistrationContainerReportForDataNodeSafeModeRule] INFO  ha.SCMContext (SCMContext.java:updateSafeModeStatus(228)) - Update SafeModeStatus from SafeModeStatus{safeModeStatus=true, preCheckPassed=false} to SafeModeStatus{safeModeStatus=true, preCheckPassed=true}.
2022-08-04 23:32:30,690 [EventQueue-NewNodeForNewNodeHandler] INFO  pipeline.BackgroundPipelineCreator (BackgroundPipelineCreator.java:notifyEventTriggered(276)) - trigger a one-shot run on RatisPipelineUtilsThread.
2022-08-04 23:32:30,690 [RatisPipelineUtilsThread - 0] INFO  pipeline.RatisPipelineProvider (RatisPipelineProvider.java:lambda$create$0(195)) - Sending CreatePipelineCommand for pipeline:PipelineID=01c63254-e5eb-4348-babe-fa4ece72fc63 to datanode:8d253cf1-16d2-49a5-bb0e-0a4cfea41d88
2022-08-04 23:32:30,690 [RatisPipelineUtilsThread - 0] INFO  pipeline.PipelineStateManagerImpl (PipelineStateManagerImpl.java:addPipeline(103)) - Created pipeline Pipeline[ Id: 01c63254-e5eb-4348-babe-fa4ece72fc63, Nodes: 8d253cf1-16d2-49a5-bb0e-0a4cfea41d88{ip: 10.1.0.37, host: fv-az241-597.bb25ywkzvhnelkltyshw0e441e.jx.internal.cloudapp.net, ports: [REPLICATION=41917, RATIS=43253, RATIS_ADMIN=43253, RATIS_SERVER=43253, STANDALONE=43667], networkLocation: /default-rack, certSerialId: null, persistedOpState: IN_SERVICE, persistedOpStateExpiryEpochSec: 0}, ReplicationConfig: RATIS/ONE, State:ALLOCATED, leaderId:, CreationTimestamp2022-08-04T23:32:30.690Z[Etc/UTC]].
2022-08-04 23:32:30,691 [RatisPipelineUtilsThread - 0] INFO  pipeline.RatisPipelineProvider (RatisPipelineProvider.java:lambda$create$0(195)) - Sending CreatePipelineCommand for pipeline:PipelineID=3bdb908f-0ad2-4e6d-9c4f-98efe7a21175 to datanode:d28eef40-6d6f-4886-89ee-28c5370793a3
2022-08-04 23:32:30,691 [RatisPipelineUtilsThread - 0] INFO  pipeline.RatisPipelineProvider (RatisPipelineProvider.java:lambda$create$0(195)) - Sending CreatePipelineCommand for pipeline:PipelineID=3bdb908f-0ad2-4e6d-9c4f-98efe7a21175 to datanode:8d253cf1-16d2-49a5-bb0e-0a4cfea41d88
2022-08-04 23:32:30,691 [RatisPipelineUtilsThread - 0] INFO  pipeline.RatisPipelineProvider (RatisPipelineProvider.java:lambda$create$0(195)) - Sending CreatePipelineCommand for pipeline:PipelineID=3bdb908f-0ad2-4e6d-9c4f-98efe7a21175 to datanode:59bc66cf-53d9-457c-a8ae-08acbe6cc725
2022-08-04 23:32:30,691 [RatisPipelineUtilsThread - 0] INFO  pipeline.PipelineStateManagerImpl (PipelineStateManagerImpl.java:addPipeline(103)) - Created pipeline Pipeline[ Id: 3bdb908f-0ad2-4e6d-9c4f-98efe7a21175, Nodes: d28eef40-6d6f-4886-89ee-28c5370793a3{ip: 10.1.0.37, host: fv-az241-597.bb25ywkzvhnelkltyshw0e441e.jx.internal.cloudapp.net, ports: [REPLICATION=42411, RATIS=41155, RATIS_ADMIN=41155, RATIS_SERVER=41155, STANDALONE=34361], networkLocation: /default-rack, certSerialId: null, persistedOpState: IN_SERVICE, persistedOpStateExpiryEpochSec: 0}8d253cf1-16d2-49a5-bb0e-0a4cfea41d88{ip: 10.1.0.37, host: fv-az241-597.bb25ywkzvhnelkltyshw0e441e.jx.internal.cloudapp.net, ports: [REPLICATION=41917, RATIS=43253, RATIS_ADMIN=43253, RATIS_SERVER=43253, STANDALONE=43667], networkLocation: /default-rack, certSerialId: null, persistedOpState: IN_SERVICE, persistedOpStateExpiryEpochSec: 0}59bc66cf-53d9-457c-a8ae-08acbe6cc725{ip: 10.1.0.37, host: fv-az241-597.bb25ywkzvhnelkltyshw0e441e.jx.internal.cloudapp.net, ports: [REPLICATION=43209, RATIS=37439, RATIS_ADMIN=37439, RATIS_SERVER=37439, STANDALONE=37261], networkLocation: /default-rack, certSerialId: null, persistedOpState: IN_SERVICE, persistedOpStateExpiryEpochSec: 0}, ReplicationConfig: RATIS/THREE, State:ALLOCATED, leaderId:, CreationTimestamp2022-08-04T23:32:30.691Z[Etc/UTC]].
2022-08-04 23:32:30,691 [EventQueue-NodeRegistrationContainerReportForDataNodeSafeModeRule] INFO  pipeline.BackgroundPipelineCreator (BackgroundPipelineCreator.java:notifyEventTriggered(276)) - trigger a one-shot run on RatisPipelineUtilsThread.
2022-08-04 23:32:30,692 [RatisPipelineUtilsThread - 0] INFO  pipeline.RatisPipelineProvider (RatisPipelineProvider.java:lambda$create$0(195)) - Sending CreatePipelineCommand for pipeline:PipelineID=4670ff7b-bf93-4b9c-806f-98fc2fdb8410 to datanode:59bc66cf-53d9-457c-a8ae-08acbe6cc725
2022-08-04 23:32:30,692 [RatisPipelineUtilsThread - 0] INFO  pipeline.RatisPipelineProvider (RatisPipelineProvider.java:lambda$create$0(195)) - Sending CreatePipelineCommand for pipeline:PipelineID=4670ff7b-bf93-4b9c-806f-98fc2fdb8410 to datanode:d28eef40-6d6f-4886-89ee-28c5370793a3
2022-08-04 23:32:30,692 [RatisPipelineUtilsThread - 0] INFO  pipeline.RatisPipelineProvider (RatisPipelineProvider.java:lambda$create$0(195)) - Sending CreatePipelineCommand for pipeline:PipelineID=4670ff7b-bf93-4b9c-806f-98fc2fdb8410 to datanode:8d253cf1-16d2-49a5-bb0e-0a4cfea41d88
2022-08-04 23:32:30,692 [RatisPipelineUtilsThread - 0] INFO  pipeline.PipelineStateManagerImpl (PipelineStateManagerImpl.java:addPipeline(103)) - Created pipeline Pipeline[ Id: 4670ff7b-bf93-4b9c-806f-98fc2fdb8410, Nodes: 59bc66cf-53d9-457c-a8ae-08acbe6cc725{ip: 10.1.0.37, host: fv-az241-597.bb25ywkzvhnelkltyshw0e441e.jx.internal.cloudapp.net, ports: [REPLICATION=43209, RATIS=37439, RATIS_ADMIN=37439, RATIS_SERVER=37439, STANDALONE=37261], networkLocation: /default-rack, certSerialId: null, persistedOpState: IN_SERVICE, persistedOpStateExpiryEpochSec: 0}d28eef40-6d6f-4886-89ee-28c5370793a3{ip: 10.1.0.37, host: fv-az241-597.bb25ywkzvhnelkltyshw0e441e.jx.internal.cloudapp.net, ports: [REPLICATION=42411, RATIS=41155, RATIS_ADMIN=41155, RATIS_SERVER=41155, STANDALONE=34361], networkLocation: /default-rack, certSerialId: null, persistedOpState: IN_SERVICE, persistedOpStateExpiryEpochSec: 0}8d253cf1-16d2-49a5-bb0e-0a4cfea41d88{ip: 10.1.0.37, host: fv-az241-597.bb25ywkzvhnelkltyshw0e441e.jx.internal.cloudapp.net, ports: [REPLICATION=41917, RATIS=43253, RATIS_ADMIN=43253, RATIS_SERVER=43253, STANDALONE=43667], networkLocation: /default-rack, certSerialId: null, persistedOpState: IN_SERVICE, persistedOpStateExpiryEpochSec: 0}, ReplicationConfig: RATIS/THREE, State:ALLOCATED, leaderId:, CreationTimestamp2022-08-04T23:32:30.692Z[Etc/UTC]].
2022-08-04 23:32:30,692 [RatisPipelineUtilsThread - 0] INFO  pipeline.PipelineManagerImpl (PipelineManagerImpl.java:recordMetricsForPipeline(796)) - Pipeline: PipelineID=4670ff7b-bf93-4b9c-806f-98fc2fdb8410 contains same datanodes as previous pipelines: PipelineID=3bdb908f-0ad2-4e6d-9c4f-98efe7a21175 nodeIds: 59bc66cf-53d9-457c-a8ae-08acbe6cc725, d28eef40-6d6f-4886-89ee-28c5370793a3, 8d253cf1-16d2-49a5-bb0e-0a4cfea41d88
2022-08-04 23:32:31,630 [Listener at 127.0.0.1/33557] INFO  ozone.MiniOzoneClusterImpl (MiniOzoneClusterImpl.java:lambda$waitForClusterToBeReady$0(216)) - Nodes are ready. Got 3 of 3 DN Heartbeats.
2022-08-04 23:32:31,630 [Listener at 127.0.0.1/33557] INFO  ozone.MiniOzoneClusterImpl (MiniOzoneClusterImpl.java:lambda$waitForClusterToBeReady$0(219)) - Waiting for cluster to exit safe mode
2022-08-04 23:32:31,631 [Listener at 127.0.0.1/33557] INFO  ozone.MiniOzoneClusterImpl (MiniOzoneClusterImpl.java:lambda$waitForClusterToBeReady$0(221)) - SCM became leader
2022-08-04 23:32:31,643 [Command processor thread] INFO  server.RaftServer (RaftServerProxy.java:addNew(96)) - 59bc66cf-53d9-457c-a8ae-08acbe6cc725: addNew group-7DC6E572CF14:[59bc66cf-53d9-457c-a8ae-08acbe6cc725|rpc:10.1.0.37:37439|priority:1] returns group-7DC6E572CF14:java.util.concurrent.CompletableFuture@11f18b65[Not completed]
2022-08-04 23:32:31,658 [pool-656-thread-1] INFO  server.RaftServer$Division (RaftServerImpl.java:<init>(190)) - 59bc66cf-53d9-457c-a8ae-08acbe6cc725: new RaftServerImpl for group-7DC6E572CF14:[59bc66cf-53d9-457c-a8ae-08acbe6cc725|rpc:10.1.0.37:37439|priority:1] with ContainerStateMachine:uninitialized
2022-08-04 23:32:31,658 [pool-656-thread-1] INFO  server.RaftServerConfigKeys (ConfUtils.java:logGet(46)) - raft.server.rpc.timeout.min = 5s (custom)
2022-08-04 23:32:31,658 [pool-656-thread-1] INFO  server.RaftServerConfigKeys (ConfUtils.java:logGet(46)) - raft.server.rpc.timeout.max = 5200ms (custom)
2022-08-04 23:32:31,658 [pool-656-thread-1] INFO  server.RaftServerConfigKeys (ConfUtils.java:logGet(46)) - raft.server.rpc.sleep.time = 25ms (default)
2022-08-04 23:32:31,658 [pool-656-thread-1] INFO  server.RaftServerConfigKeys (ConfUtils.java:logGet(46)) - raft.server.rpc.slowness.timeout = 300s (custom)
2022-08-04 23:32:31,658 [pool-656-thread-1] INFO  server.RaftServerConfigKeys (ConfUtils.java:logGet(46)) - raft.server.leaderelection.leader.step-down.wait-time = 10s (default)
2022-08-04 23:32:31,658 [pool-656-thread-1] INFO  server.RaftServerConfigKeys (ConfUtils.java:logGet(46)) - raft.server.sleep.deviation.threshold = 300ms (default)
2022-08-04 23:32:31,658 [pool-656-thread-1] INFO  server.RaftServer$Division (ServerState.java:<init>(107)) - 59bc66cf-53d9-457c-a8ae-08acbe6cc725@group-7DC6E572CF14: ConfigurationManager, init=-1: [59bc66cf-53d9-457c-a8ae-08acbe6cc725|rpc:10.1.0.37:37439|priority:1], old=null, confs=<EMPTY_MAP>
2022-08-04 23:32:31,659 [pool-656-thread-1] INFO  server.RaftServerConfigKeys (ConfUtils.java:logGet(46)) - raft.server.storage.dir = [/home/runner/work/ozone/ozone/hadoop-ozone/integration-test/target/test-dir/MiniOzoneClusterImpl-89b1f4b7-9002-4f1f-8c39-841100745e8e/datanode-0/data/ratis] (custom)
2022-08-04 23:32:31,659 [pool-656-thread-1] INFO  server.RaftServerConfigKeys (ConfUtils.java:logGet(46)) - raft.server.log.corruption.policy = EXCEPTION (default)
2022-08-04 23:32:31,659 [pool-656-thread-1] INFO  server.RaftServerConfigKeys (ConfUtils.java:logGet(46)) - raft.server.storage.free-space.min = 0MB (=0) (default)
2022-08-04 23:32:31,659 [pool-656-thread-1] INFO  storage.RaftStorageDirectory (RaftStorageDirectoryImpl.java:analyzeStorage(135)) - The storage directory /home/runner/work/ozone/ozone/hadoop-ozone/integration-test/target/test-dir/MiniOzoneClusterImpl-89b1f4b7-9002-4f1f-8c39-841100745e8e/datanode-0/data/ratis/714a08f2-4752-4571-889b-7dc6e572cf14 does not exist. Creating ...
2022-08-04 23:32:31,692 [pool-656-thread-1] INFO  storage.RaftStorageDirectory (RaftStorageDirectoryImpl.java:tryLock(230)) - Lock on /home/runner/work/ozone/ozone/hadoop-ozone/integration-test/target/test-dir/MiniOzoneClusterImpl-89b1f4b7-9002-4f1f-8c39-841100745e8e/datanode-0/data/ratis/714a08f2-4752-4571-889b-7dc6e572cf14/in_use.lock acquired by nodename 5725@fv-az241-597
2022-08-04 23:32:31,708 [pool-656-thread-1] INFO  storage.RaftStorage (RaftStorageImpl.java:format(89)) - Storage directory /home/runner/work/ozone/ozone/hadoop-ozone/integration-test/target/test-dir/MiniOzoneClusterImpl-89b1f4b7-9002-4f1f-8c39-841100745e8e/datanode-0/data/ratis/714a08f2-4752-4571-889b-7dc6e572cf14 has been successfully formatted.
2022-08-04 23:32:31,709 [pool-656-thread-1] INFO  ratis.ContainerStateMachine (ContainerStateMachine.java:loadSnapshot(236)) - group-7DC6E572CF14: The snapshot info is null. Setting the last applied indexto:(t:0, i:~)
2022-08-04 23:32:31,709 [pool-656-thread-1] INFO  server.RaftServerConfigKeys (ConfUtils.java:logGet(46)) - raft.server.notification.no-leader.timeout = 300s (custom)
2022-08-04 23:32:31,709 [pool-656-thread-1] INFO  server.RaftServerConfigKeys (ConfUtils.java:logGet(46)) - raft.server.log.use.memory = false (default)
2022-08-04 23:32:31,709 [pool-656-thread-1] INFO  server.RaftServerConfigKeys (ConfUtils.java:logGet(46)) - raft.server.log.purge.gap = 1000000 (custom)
2022-08-04 23:32:31,709 [pool-656-thread-1] INFO  server.RaftServerConfigKeys (ConfUtils.java:logGet(46)) - raft.server.log.appender.buffer.byte-limit = 33554432 (custom)
2022-08-04 23:32:31,709 [pool-656-thread-1] INFO  server.RaftServerConfigKeys (ConfUtils.java:logGet(46)) - raft.server.log.statemachine.data.read.timeout = 1000ms (default)
2022-08-04 23:32:31,709 [pool-656-thread-1] INFO  server.RaftServerConfigKeys (ConfUtils.java:logGet(46)) - raft.server.log.segment.size.max = 1048576 (custom)
2022-08-04 23:32:31,710 [pool-656-thread-1] INFO  server.RaftServerConfigKeys (ConfUtils.java:logGet(46)) - raft.server.log.segment.cache.num.max = 2 (custom)
2022-08-04 23:32:31,710 [pool-656-thread-1] INFO  server.RaftServerConfigKeys (ConfUtils.java:logGet(46)) - raft.server.log.segment.cache.size.max = 200MB (=209715200) (default)
2022-08-04 23:32:31,710 [pool-656-thread-1] INFO  segmented.SegmentedRaftLogWorker (SegmentedRaftLogWorker.java:<init>(187)) - new 59bc66cf-53d9-457c-a8ae-08acbe6cc725@group-7DC6E572CF14-SegmentedRaftLogWorker for RaftStorageImpl:Storage Directory /home/runner/work/ozone/ozone/hadoop-ozone/integration-test/target/test-dir/MiniOzoneClusterImpl-89b1f4b7-9002-4f1f-8c39-841100745e8e/datanode-0/data/ratis/714a08f2-4752-4571-889b-7dc6e572cf14
2022-08-04 23:32:31,710 [pool-656-thread-1] INFO  server.RaftServerConfigKeys (ConfUtils.java:logGet(46)) - raft.server.log.queue.byte-limit = 4294967296 (custom)
2022-08-04 23:32:31,710 [pool-656-thread-1] INFO  server.RaftServerConfigKeys (ConfUtils.java:logGet(46)) - raft.server.log.queue.element-limit = 1024 (custom)
2022-08-04 23:32:31,710 [pool-656-thread-1] INFO  server.RaftServerConfigKeys (ConfUtils.java:logGet(46)) - raft.server.log.segment.size.max = 1048576 (custom)
2022-08-04 23:32:31,710 [pool-656-thread-1] INFO  server.RaftServerConfigKeys (ConfUtils.java:logGet(46)) - raft.server.log.preallocated.size = 16384 (custom)
2022-08-04 23:32:31,710 [pool-656-thread-1] INFO  server.RaftServerConfigKeys (ConfUtils.java:logGet(46)) - raft.server.log.force.sync.num = 128 (default)
2022-08-04 23:32:31,710 [pool-656-thread-1] INFO  server.RaftServerConfigKeys (ConfUtils.java:logGet(46)) - raft.server.log.statemachine.data.sync = true (default)
2022-08-04 23:32:31,710 [pool-656-thread-1] INFO  server.RaftServerConfigKeys (ConfUtils.java:logGet(46)) - raft.server.log.statemachine.data.sync.timeout = 10s (default)
2022-08-04 23:32:31,710 [pool-656-thread-1] INFO  server.RaftServerConfigKeys (ConfUtils.java:logGet(46)) - raft.server.log.statemachine.data.sync.timeout.retry = -1 (default)
2022-08-04 23:32:31,711 [pool-656-thread-1] INFO  server.RaftServerConfigKeys (ConfUtils.java:logGet(46)) - raft.server.log.write.buffer.size = 1048576 (custom)
2022-08-04 23:32:31,711 [pool-656-thread-1] INFO  server.RaftServerConfigKeys (ConfUtils.java:logGet(46)) - raft.server.log.unsafe-flush.enabled = false (default)
2022-08-04 23:32:31,711 [pool-656-thread-1] INFO  server.RaftServerConfigKeys (ConfUtils.java:logGet(46)) - raft.server.log.statemachine.data.caching.enabled = true (custom)
2022-08-04 23:32:31,711 [pool-656-thread-1] INFO  segmented.SegmentedRaftLogWorker (SegmentedRaftLogWorker.java:lambda$new$0(135)) - 59bc66cf-53d9-457c-a8ae-08acbe6cc725@group-7DC6E572CF14-SegmentedRaftLogWorker: flushIndex: setUnconditionally 0 -> -1
2022-08-04 23:32:31,711 [pool-656-thread-1] INFO  segmented.SegmentedRaftLogWorker (SegmentedRaftLogWorker.java:lambda$new$0(135)) - 59bc66cf-53d9-457c-a8ae-08acbe6cc725@group-7DC6E572CF14-SegmentedRaftLogWorker: safeCacheEvictIndex: setUnconditionally 0 -> -1
2022-08-04 23:32:31,715 [EventQueue-PipelineReportForPipelineReportHandler] INFO  pipeline.PipelineManagerImpl (PipelineManagerImpl.java:openPipeline(367)) - Pipeline Pipeline[ Id: 714a08f2-4752-4571-889b-7dc6e572cf14, Nodes: 59bc66cf-53d9-457c-a8ae-08acbe6cc725{ip: 10.1.0.37, host: fv-az241-597.bb25ywkzvhnelkltyshw0e441e.jx.internal.cloudapp.net, ports: [REPLICATION=43209, RATIS=37439, RATIS_ADMIN=37439, RATIS_SERVER=37439, STANDALONE=37261], networkLocation: /default-rack, certSerialId: null, persistedOpState: IN_SERVICE, persistedOpStateExpiryEpochSec: 0}, ReplicationConfig: RATIS/ONE, State:ALLOCATED, leaderId:59bc66cf-53d9-457c-a8ae-08acbe6cc725, CreationTimestamp2022-08-04T23:32:28.662Z[Etc/UTC]] moved to OPEN state
2022-08-04 23:32:31,718 [pool-656-thread-1] INFO  server.RaftServerConfigKeys (ConfUtils.java:logGet(46)) - raft.server.snapshot.auto.trigger.enabled = true (custom)
2022-08-04 23:32:31,718 [pool-656-thread-1] INFO  server.RaftServerConfigKeys (ConfUtils.java:logGet(46)) - raft.server.snapshot.auto.trigger.threshold = 10000 (custom)
2022-08-04 23:32:31,718 [pool-656-thread-1] INFO  server.RaftServerConfigKeys (ConfUtils.java:logGet(46)) - raft.server.snapshot.retention.file.num = 5 (custom)
2022-08-04 23:32:31,718 [pool-656-thread-1] INFO  server.RaftServerConfigKeys (ConfUtils.java:logGet(46)) - raft.server.log.purge.upto.snapshot.index = false (default)
2022-08-04 23:32:31,718 [pool-656-thread-1] INFO  server.RaftServerConfigKeys (ConfUtils.java:logGet(46)) - raft.server.retrycache.expirytime = 600000ms (custom)
2022-08-04 23:32:31,718 [pool-656-thread-1] INFO  server.RaftServerConfigKeys (ConfUtils.java:logGet(46)) - raft.server.retrycache.statistics.expirytime = 100μs (default)
2022-08-04 23:32:31,719 [pool-656-thread-1] INFO  server.RaftServerConfigKeys (ConfUtils.java:logGet(46)) - raft.server.log.appender.install.snapshot.enabled = false (custom)
2022-08-04 23:32:31,719 [pool-656-thread-1] INFO  server.RaftServerConfigKeys (ConfUtils.java:logGet(46)) - raft.server.threadpool.server.cached = true (default)
2022-08-04 23:32:31,719 [pool-656-thread-1] INFO  server.RaftServerConfigKeys (ConfUtils.java:logGet(46)) - raft.server.threadpool.server.size = 0 (default)
2022-08-04 23:32:31,719 [pool-656-thread-1] INFO  server.RaftServerConfigKeys (ConfUtils.java:logGet(46)) - raft.server.threadpool.client.cached = true (default)
2022-08-04 23:32:31,719 [pool-656-thread-1] INFO  server.RaftServerConfigKeys (ConfUtils.java:logGet(46)) - raft.server.threadpool.client.size = 0 (default)
2022-08-04 23:32:31,719 [pool-656-thread-1] INFO  server.RaftServer$Division (RaftServerImpl.java:start(310)) - 59bc66cf-53d9-457c-a8ae-08acbe6cc725@group-7DC6E572CF14: start as a follower, conf=-1: [59bc66cf-53d9-457c-a8ae-08acbe6cc725|rpc:10.1.0.37:37439|priority:1], old=null
2022-08-04 23:32:31,719 [pool-656-thread-1] INFO  server.RaftServer$Division (RaftServerImpl.java:setRole(299)) - 59bc66cf-53d9-457c-a8ae-08acbe6cc725@group-7DC6E572CF14: changes role from      null to FOLLOWER at term 0 for startAsFollower
2022-08-04 23:32:31,720 [pool-656-thread-1] INFO  impl.RoleInfo (RoleInfo.java:updateAndGet(139)) - 59bc66cf-53d9-457c-a8ae-08acbe6cc725: start 59bc66cf-53d9-457c-a8ae-08acbe6cc725@group-7DC6E572CF14-FollowerState
2022-08-04 23:32:31,721 [pool-656-thread-1] INFO  util.JmxRegister (JmxRegister.java:tryRegister(44)) - Successfully registered JMX Bean with object name Ratis:service=RaftServer,group=group-7DC6E572CF14,id=59bc66cf-53d9-457c-a8ae-08acbe6cc725
2022-08-04 23:32:31,723 [Command processor thread] INFO  ratis.XceiverServerRatis (XceiverServerRatis.java:addGroup(765)) - Created group PipelineID=714a08f2-4752-4571-889b-7dc6e572cf14
2022-08-04 23:32:31,723 [Command processor thread] INFO  commandhandler.CreatePipelineCommandHandler (CreatePipelineCommandHandler.java:handle(113)) - Created Pipeline RATIS ONE PipelineID=714a08f2-4752-4571-889b-7dc6e572cf14.
2022-08-04 23:32:31,723 [Command processor thread] INFO  server.RaftServer (RaftServerProxy.java:addNew(96)) - 59bc66cf-53d9-457c-a8ae-08acbe6cc725: addNew group-98EFE7A21175:[59bc66cf-53d9-457c-a8ae-08acbe6cc725|rpc:10.1.0.37:37439|priority:0, 8d253cf1-16d2-49a5-bb0e-0a4cfea41d88|rpc:10.1.0.37:43253|priority:0, d28eef40-6d6f-4886-89ee-28c5370793a3|rpc:10.1.0.37:41155|priority:1] returns group-98EFE7A21175:java.util.concurrent.CompletableFuture@15ce1d83[Not completed]
2022-08-04 23:32:31,724 [pool-656-thread-1] INFO  server.RaftServer$Division (RaftServerImpl.java:<init>(190)) - 59bc66cf-53d9-457c-a8ae-08acbe6cc725: new RaftServerImpl for group-98EFE7A21175:[59bc66cf-53d9-457c-a8ae-08acbe6cc725|rpc:10.1.0.37:37439|priority:0, 8d253cf1-16d2-49a5-bb0e-0a4cfea41d88|rpc:10.1.0.37:43253|priority:0, d28eef40-6d6f-4886-89ee-28c5370793a3|rpc:10.1.0.37:41155|priority:1] with ContainerStateMachine:uninitialized
2022-08-04 23:32:31,724 [pool-656-thread-1] INFO  server.RaftServerConfigKeys (ConfUtils.java:logGet(46)) - raft.server.rpc.timeout.min = 5s (custom)
2022-08-04 23:32:31,724 [pool-656-thread-1] INFO  server.RaftServerConfigKeys (ConfUtils.java:logGet(46)) - raft.server.rpc.timeout.max = 5200ms (custom)
2022-08-04 23:32:31,724 [pool-656-thread-1] INFO  server.RaftServerConfigKeys (ConfUtils.java:logGet(46)) - raft.server.rpc.sleep.time = 25ms (default)
2022-08-04 23:32:31,724 [pool-656-thread-1] INFO  server.RaftServerConfigKeys (ConfUtils.java:logGet(46)) - raft.server.rpc.slowness.timeout = 300s (custom)
2022-08-04 23:32:31,724 [pool-656-thread-1] INFO  server.RaftServerConfigKeys (ConfUtils.java:logGet(46)) - raft.server.leaderelection.leader.step-down.wait-time = 10s (default)
2022-08-04 23:32:31,724 [pool-656-thread-1] INFO  server.RaftServerConfigKeys (ConfUtils.java:logGet(46)) - raft.server.sleep.deviation.threshold = 300ms (default)
2022-08-04 23:32:31,724 [pool-656-thread-1] INFO  server.RaftServer$Division (ServerState.java:<init>(107)) - 59bc66cf-53d9-457c-a8ae-08acbe6cc725@group-98EFE7A21175: ConfigurationManager, init=-1: [59bc66cf-53d9-457c-a8ae-08acbe6cc725|rpc:10.1.0.37:37439|priority:0, 8d253cf1-16d2-49a5-bb0e-0a4cfea41d88|rpc:10.1.0.37:43253|priority:0, d28eef40-6d6f-4886-89ee-28c5370793a3|rpc:10.1.0.37:41155|priority:1], old=null, confs=<EMPTY_MAP>
2022-08-04 23:32:31,724 [pool-656-thread-1] INFO  server.RaftServerConfigKeys (ConfUtils.java:logGet(46)) - raft.server.storage.dir = [/home/runner/work/ozone/ozone/hadoop-ozone/integration-test/target/test-dir/MiniOzoneClusterImpl-89b1f4b7-9002-4f1f-8c39-841100745e8e/datanode-0/data/ratis] (custom)
2022-08-04 23:32:31,724 [pool-656-thread-1] INFO  server.RaftServerConfigKeys (ConfUtils.java:logGet(46)) - raft.server.log.corruption.policy = EXCEPTION (default)
2022-08-04 23:32:31,725 [pool-656-thread-1] INFO  server.RaftServerConfigKeys (ConfUtils.java:logGet(46)) - raft.server.storage.free-space.min = 0MB (=0) (default)
2022-08-04 23:32:31,725 [pool-656-thread-1] INFO  storage.RaftStorageDirectory (RaftStorageDirectoryImpl.java:analyzeStorage(135)) - The storage directory /home/runner/work/ozone/ozone/hadoop-ozone/integration-test/target/test-dir/MiniOzoneClusterImpl-89b1f4b7-9002-4f1f-8c39-841100745e8e/datanode-0/data/ratis/3bdb908f-0ad2-4e6d-9c4f-98efe7a21175 does not exist. Creating ...
2022-08-04 23:32:31,763 [pool-656-thread-1] INFO  storage.RaftStorageDirectory (RaftStorageDirectoryImpl.java:tryLock(230)) - Lock on /home/runner/work/ozone/ozone/hadoop-ozone/integration-test/target/test-dir/MiniOzoneClusterImpl-89b1f4b7-9002-4f1f-8c39-841100745e8e/datanode-0/data/ratis/3bdb908f-0ad2-4e6d-9c4f-98efe7a21175/in_use.lock acquired by nodename 5725@fv-az241-597
2022-08-04 23:32:31,765 [pool-656-thread-1] INFO  storage.RaftStorage (RaftStorageImpl.java:format(89)) - Storage directory /home/runner/work/ozone/ozone/hadoop-ozone/integration-test/target/test-dir/MiniOzoneClusterImpl-89b1f4b7-9002-4f1f-8c39-841100745e8e/datanode-0/data/ratis/3bdb908f-0ad2-4e6d-9c4f-98efe7a21175 has been successfully formatted.
2022-08-04 23:32:31,765 [pool-656-thread-1] INFO  ratis.ContainerStateMachine (ContainerStateMachine.java:loadSnapshot(236)) - group-98EFE7A21175: The snapshot info is null. Setting the last applied indexto:(t:0, i:~)
2022-08-04 23:32:31,770 [EventQueue-OpenPipelineForHealthyPipelineSafeModeRule] INFO  safemode.SCMSafeModeManager (HealthyPipelineSafeModeRule.java:process(137)) - SCM in safe mode. Healthy pipelines reported count is 0, required healthy pipeline reported count is 1
2022-08-04 23:32:31,782 [pool-656-thread-1] INFO  server.RaftServerConfigKeys (ConfUtils.java:logGet(46)) - raft.server.notification.no-leader.timeout = 300s (custom)
2022-08-04 23:32:31,782 [pool-656-thread-1] INFO  server.RaftServerConfigKeys (ConfUtils.java:logGet(46)) - raft.server.log.use.memory = false (default)
2022-08-04 23:32:31,782 [pool-656-thread-1] INFO  server.RaftServerConfigKeys (ConfUtils.java:logGet(46)) - raft.server.log.purge.gap = 1000000 (custom)
2022-08-04 23:32:31,782 [pool-656-thread-1] INFO  server.RaftServerConfigKeys (ConfUtils.java:logGet(46)) - raft.server.log.appender.buffer.byte-limit = 33554432 (custom)
2022-08-04 23:32:31,782 [pool-656-thread-1] INFO  server.RaftServerConfigKeys (ConfUtils.java:logGet(46)) - raft.server.log.statemachine.data.read.timeout = 1000ms (default)
2022-08-04 23:32:31,782 [pool-656-thread-1] INFO  server.RaftServerConfigKeys (ConfUtils.java:logGet(46)) - raft.server.log.segment.size.max = 1048576 (custom)
2022-08-04 23:32:31,783 [pool-656-thread-1] INFO  server.RaftServerConfigKeys (ConfUtils.java:logGet(46)) - raft.server.log.segment.cache.num.max = 2 (custom)
2022-08-04 23:32:31,783 [pool-656-thread-1] INFO  server.RaftServerConfigKeys (ConfUtils.java:logGet(46)) - raft.server.log.segment.cache.size.max = 200MB (=209715200) (default)
2022-08-04 23:32:31,783 [pool-656-thread-1] INFO  segmented.SegmentedRaftLogWorker (SegmentedRaftLogWorker.java:<init>(187)) - new 59bc66cf-53d9-457c-a8ae-08acbe6cc725@group-98EFE7A21175-SegmentedRaftLogWorker for RaftStorageImpl:Storage Directory /home/runner/work/ozone/ozone/hadoop-ozone/integration-test/target/test-dir/MiniOzoneClusterImpl-89b1f4b7-9002-4f1f-8c39-841100745e8e/datanode-0/data/ratis/3bdb908f-0ad2-4e6d-9c4f-98efe7a21175
2022-08-04 23:32:31,783 [pool-656-thread-1] INFO  server.RaftServerConfigKeys (ConfUtils.java:logGet(46)) - raft.server.log.queue.byte-limit = 4294967296 (custom)
2022-08-04 23:32:31,783 [pool-656-thread-1] INFO  server.RaftServerConfigKeys (ConfUtils.java:logGet(46)) - raft.server.log.queue.element-limit = 1024 (custom)
2022-08-04 23:32:31,783 [pool-656-thread-1] INFO  server.RaftServerConfigKeys (ConfUtils.java:logGet(46)) - raft.server.log.segment.size.max = 1048576 (custom)
2022-08-04 23:32:31,783 [pool-656-thread-1] INFO  server.RaftServerConfigKeys (ConfUtils.java:logGet(46)) - raft.server.log.preallocated.size = 16384 (custom)
2022-08-04 23:32:31,783 [pool-656-thread-1] INFO  server.RaftServerConfigKeys (ConfUtils.java:logGet(46)) - raft.server.log.force.sync.num = 128 (default)
2022-08-04 23:32:31,783 [pool-656-thread-1] INFO  server.RaftServerConfigKeys (ConfUtils.java:logGet(46)) - raft.server.log.statemachine.data.sync = true (default)
2022-08-04 23:32:31,783 [pool-656-thread-1] INFO  server.RaftServerConfigKeys (ConfUtils.java:logGet(46)) - raft.server.log.statemachine.data.sync.timeout = 10s (default)
2022-08-04 23:32:31,783 [pool-656-thread-1] INFO  server.RaftServerConfigKeys (ConfUtils.java:logGet(46)) - raft.server.log.statemachine.data.sync.timeout.retry = -1 (default)
2022-08-04 23:32:31,784 [pool-656-thread-1] INFO  server.RaftServerConfigKeys (ConfUtils.java:logGet(46)) - raft.server.log.write.buffer.size = 1048576 (custom)
2022-08-04 23:32:31,784 [pool-656-thread-1] INFO  server.RaftServerConfigKeys (ConfUtils.java:logGet(46)) - raft.server.log.unsafe-flush.enabled = false (default)
2022-08-04 23:32:31,785 [pool-656-thread-1] INFO  server.RaftServerConfigKeys (ConfUtils.java:logGet(46)) - raft.server.log.statemachine.data.caching.enabled = true (custom)
2022-08-04 23:32:31,785 [pool-656-thread-1] INFO  segmented.SegmentedRaftLogWorker (SegmentedRaftLogWorker.java:lambda$new$0(135)) - 59bc66cf-53d9-457c-a8ae-08acbe6cc725@group-98EFE7A21175-SegmentedRaftLogWorker: flushIndex: setUnconditionally 0 -> -1
2022-08-04 23:32:31,785 [pool-656-thread-1] INFO  segmented.SegmentedRaftLogWorker (SegmentedRaftLogWorker.java:lambda$new$0(135)) - 59bc66cf-53d9-457c-a8ae-08acbe6cc725@group-98EFE7A21175-SegmentedRaftLogWorker: safeCacheEvictIndex: setUnconditionally 0 -> -1
2022-08-04 23:32:31,803 [pool-656-thread-1] INFO  server.RaftServerConfigKeys (ConfUtils.java:logGet(46)) - raft.server.snapshot.auto.trigger.enabled = true (custom)
2022-08-04 23:32:31,803 [pool-656-thread-1] INFO  server.RaftServerConfigKeys (ConfUtils.java:logGet(46)) - raft.server.snapshot.auto.trigger.threshold = 10000 (custom)
2022-08-04 23:32:31,803 [pool-656-thread-1] INFO  server.RaftServerConfigKeys (ConfUtils.java:logGet(46)) - raft.server.snapshot.retention.file.num = 5 (custom)
2022-08-04 23:32:31,803 [pool-656-thread-1] INFO  server.RaftServerConfigKeys (ConfUtils.java:logGet(46)) - raft.server.log.purge.upto.snapshot.index = false (default)
2022-08-04 23:32:31,803 [pool-656-thread-1] INFO  server.RaftServerConfigKeys (ConfUtils.java:logGet(46)) - raft.server.retrycache.expirytime = 600000ms (custom)
2022-08-04 23:32:31,803 [pool-656-thread-1] INFO  server.RaftServerConfigKeys (ConfUtils.java:logGet(46)) - raft.server.retrycache.statistics.expirytime = 100μs (default)
2022-08-04 23:32:31,804 [pool-656-thread-1] INFO  server.RaftServerConfigKeys (ConfUtils.java:logGet(46)) - raft.server.log.appender.install.snapshot.enabled = false (custom)
2022-08-04 23:32:31,805 [pool-656-thread-1] INFO  server.RaftServerConfigKeys (ConfUtils.java:logGet(46)) - raft.server.threadpool.server.cached = true (default)
2022-08-04 23:32:31,805 [pool-656-thread-1] INFO  server.RaftServerConfigKeys (ConfUtils.java:logGet(46)) - raft.server.threadpool.server.size = 0 (default)
2022-08-04 23:32:31,805 [pool-656-thread-1] INFO  server.RaftServerConfigKeys (ConfUtils.java:logGet(46)) - raft.server.threadpool.client.cached = true (default)
2022-08-04 23:32:31,805 [pool-656-thread-1] INFO  server.RaftServerConfigKeys (ConfUtils.java:logGet(46)) - raft.server.threadpool.client.size = 0 (default)
2022-08-04 23:32:31,805 [pool-656-thread-1] INFO  server.RaftServer$Division (RaftServerImpl.java:start(310)) - 59bc66cf-53d9-457c-a8ae-08acbe6cc725@group-98EFE7A21175: start as a follower, conf=-1: [59bc66cf-53d9-457c-a8ae-08acbe6cc725|rpc:10.1.0.37:37439|priority:0, 8d253cf1-16d2-49a5-bb0e-0a4cfea41d88|rpc:10.1.0.37:43253|priority:0, d28eef40-6d6f-4886-89ee-28c5370793a3|rpc:10.1.0.37:41155|priority:1], old=null
2022-08-04 23:32:31,805 [pool-656-thread-1] INFO  server.RaftServer$Division (RaftServerImpl.java:setRole(299)) - 59bc66cf-53d9-457c-a8ae-08acbe6cc725@group-98EFE7A21175: changes role from      null to FOLLOWER at term 0 for startAsFollower
2022-08-04 23:32:31,805 [pool-656-thread-1] INFO  impl.RoleInfo (RoleInfo.java:updateAndGet(139)) - 59bc66cf-53d9-457c-a8ae-08acbe6cc725: start 59bc66cf-53d9-457c-a8ae-08acbe6cc725@group-98EFE7A21175-FollowerState
2022-08-04 23:32:31,811 [pool-656-thread-1] INFO  util.JmxRegister (JmxRegister.java:tryRegister(44)) - Successfully registered JMX Bean with object name Ratis:service=RaftServer,group=group-98EFE7A21175,id=59bc66cf-53d9-457c-a8ae-08acbe6cc725
2022-08-04 23:32:31,826 [Command processor thread] INFO  ratis.XceiverServerRatis (XceiverServerRatis.java:addGroup(765)) - Created group PipelineID=3bdb908f-0ad2-4e6d-9c4f-98efe7a21175
2022-08-04 23:32:31,828 [EventQueue-OpenPipelineForHealthyPipelineSafeModeRule] INFO  safemode.SCMSafeModeManager (HealthyPipelineSafeModeRule.java:process(137)) - SCM in safe mode. Healthy pipelines reported count is 0, required healthy pipeline reported count is 1
2022-08-04 23:32:31,941 [grpc-default-executor-0] INFO  server.RaftServer (RaftServerProxy.java:addNew(96)) - d28eef40-6d6f-4886-89ee-28c5370793a3: addNew group-98EFE7A21175:[59bc66cf-53d9-457c-a8ae-08acbe6cc725|rpc:10.1.0.37:37439|dataStream:|priority:0, 8d253cf1-16d2-49a5-bb0e-0a4cfea41d88|rpc:10.1.0.37:43253|dataStream:|priority:0, d28eef40-6d6f-4886-89ee-28c5370793a3|rpc:10.1.0.37:41155|dataStream:|priority:1] returns group-98EFE7A21175:java.util.concurrent.CompletableFuture@ee2061e[Not completed]
2022-08-04 23:32:31,954 [pool-679-thread-1] INFO  server.RaftServer$Division (RaftServerImpl.java:<init>(190)) - d28eef40-6d6f-4886-89ee-28c5370793a3: new RaftServerImpl for group-98EFE7A21175:[59bc66cf-53d9-457c-a8ae-08acbe6cc725|rpc:10.1.0.37:37439|dataStream:|priority:0, 8d253cf1-16d2-49a5-bb0e-0a4cfea41d88|rpc:10.1.0.37:43253|dataStream:|priority:0, d28eef40-6d6f-4886-89ee-28c5370793a3|rpc:10.1.0.37:41155|dataStream:|priority:1] with ContainerStateMachine:uninitialized
2022-08-04 23:32:31,954 [pool-679-thread-1] INFO  server.RaftServerConfigKeys (ConfUtils.java:logGet(46)) - raft.server.rpc.timeout.min = 5s (custom)
2022-08-04 23:32:31,954 [pool-679-thread-1] INFO  server.RaftServerConfigKeys (ConfUtils.java:logGet(46)) - raft.server.rpc.timeout.max = 5200ms (custom)
2022-08-04 23:32:31,954 [pool-679-thread-1] INFO  server.RaftServerConfigKeys (ConfUtils.java:logGet(46)) - raft.server.rpc.sleep.time = 25ms (default)
2022-08-04 23:32:31,954 [pool-679-thread-1] INFO  server.RaftServerConfigKeys (ConfUtils.java:logGet(46)) - raft.server.rpc.slowness.timeout = 300s (custom)
2022-08-04 23:32:31,954 [pool-679-thread-1] INFO  server.RaftServerConfigKeys (ConfUtils.java:logGet(46)) - raft.server.leaderelection.leader.step-down.wait-time = 10s (default)
2022-08-04 23:32:31,954 [pool-679-thread-1] INFO  server.RaftServerConfigKeys (ConfUtils.java:logGet(46)) - raft.server.sleep.deviation.threshold = 300ms (default)
2022-08-04 23:32:31,954 [pool-679-thread-1] INFO  server.RaftServer$Division (ServerState.java:<init>(107)) - d28eef40-6d6f-4886-89ee-28c5370793a3@group-98EFE7A21175: ConfigurationManager, init=-1: [59bc66cf-53d9-457c-a8ae-08acbe6cc725|rpc:10.1.0.37:37439|dataStream:|priority:0, 8d253cf1-16d2-49a5-bb0e-0a4cfea41d88|rpc:10.1.0.37:43253|dataStream:|priority:0, d28eef40-6d6f-4886-89ee-28c5370793a3|rpc:10.1.0.37:41155|dataStream:|priority:1], old=null, confs=<EMPTY_MAP>
2022-08-04 23:32:31,955 [pool-679-thread-1] INFO  server.RaftServerConfigKeys (ConfUtils.java:logGet(46)) - raft.server.storage.dir = [/home/runner/work/ozone/ozone/hadoop-ozone/integration-test/target/test-dir/MiniOzoneClusterImpl-89b1f4b7-9002-4f1f-8c39-841100745e8e/datanode-1/data/ratis] (custom)
2022-08-04 23:32:31,955 [pool-679-thread-1] INFO  server.RaftServerConfigKeys (ConfUtils.java:logGet(46)) - raft.server.log.corruption.policy = EXCEPTION (default)
2022-08-04 23:32:31,955 [pool-679-thread-1] INFO  server.RaftServerConfigKeys (ConfUtils.java:logGet(46)) - raft.server.storage.free-space.min = 0MB (=0) (default)
2022-08-04 23:32:31,955 [pool-679-thread-1] INFO  storage.RaftStorageDirectory (RaftStorageDirectoryImpl.java:analyzeStorage(135)) - The storage directory /home/runner/work/ozone/ozone/hadoop-ozone/integration-test/target/test-dir/MiniOzoneClusterImpl-89b1f4b7-9002-4f1f-8c39-841100745e8e/datanode-1/data/ratis/3bdb908f-0ad2-4e6d-9c4f-98efe7a21175 does not exist. Creating ...
2022-08-04 23:32:31,956 [pool-679-thread-1] INFO  storage.RaftStorageDirectory (RaftStorageDirectoryImpl.java:tryLock(230)) - Lock on /home/runner/work/ozone/ozone/hadoop-ozone/integration-test/target/test-dir/MiniOzoneClusterImpl-89b1f4b7-9002-4f1f-8c39-841100745e8e/datanode-1/data/ratis/3bdb908f-0ad2-4e6d-9c4f-98efe7a21175/in_use.lock acquired by nodename 5725@fv-az241-597
2022-08-04 23:32:31,956 [pool-679-thread-1] INFO  storage.RaftStorage (RaftStorageImpl.java:format(89)) - Storage directory /home/runner/work/ozone/ozone/hadoop-ozone/integration-test/target/test-dir/MiniOzoneClusterImpl-89b1f4b7-9002-4f1f-8c39-841100745e8e/datanode-1/data/ratis/3bdb908f-0ad2-4e6d-9c4f-98efe7a21175 has been successfully formatted.
2022-08-04 23:32:31,984 [pool-679-thread-1] INFO  ratis.ContainerStateMachine (ContainerStateMachine.java:loadSnapshot(236)) - group-98EFE7A21175: The snapshot info is null. Setting the last applied indexto:(t:0, i:~)
2022-08-04 23:32:31,984 [pool-679-thread-1] INFO  server.RaftServerConfigKeys (ConfUtils.java:logGet(46)) - raft.server.notification.no-leader.timeout = 300s (custom)
2022-08-04 23:32:31,984 [pool-679-thread-1] INFO  server.RaftServerConfigKeys (ConfUtils.java:logGet(46)) - raft.server.log.use.memory = false (default)
2022-08-04 23:32:31,985 [pool-679-thread-1] INFO  server.RaftServerConfigKeys (ConfUtils.java:logGet(46)) - raft.server.log.purge.gap = 1000000 (custom)
2022-08-04 23:32:31,985 [pool-679-thread-1] INFO  server.RaftServerConfigKeys (ConfUtils.java:logGet(46)) - raft.server.log.appender.buffer.byte-limit = 33554432 (custom)
2022-08-04 23:32:31,985 [pool-679-thread-1] INFO  server.RaftServerConfigKeys (ConfUtils.java:logGet(46)) - raft.server.log.statemachine.data.read.timeout = 1000ms (default)
2022-08-04 23:32:31,985 [pool-679-thread-1] INFO  server.RaftServerConfigKeys (ConfUtils.java:logGet(46)) - raft.server.log.segment.size.max = 1048576 (custom)
2022-08-04 23:32:31,985 [pool-679-thread-1] INFO  server.RaftServerConfigKeys (ConfUtils.java:logGet(46)) - raft.server.log.segment.cache.num.max = 2 (custom)
2022-08-04 23:32:31,985 [pool-679-thread-1] INFO  server.RaftServerConfigKeys (ConfUtils.java:logGet(46)) - raft.server.log.segment.cache.size.max = 200MB (=209715200) (default)
2022-08-04 23:32:31,985 [pool-679-thread-1] INFO  segmented.SegmentedRaftLogWorker (SegmentedRaftLogWorker.java:<init>(187)) - new d28eef40-6d6f-4886-89ee-28c5370793a3@group-98EFE7A21175-SegmentedRaftLogWorker for RaftStorageImpl:Storage Directory /home/runner/work/ozone/ozone/hadoop-ozone/integration-test/target/test-dir/MiniOzoneClusterImpl-89b1f4b7-9002-4f1f-8c39-841100745e8e/datanode-1/data/ratis/3bdb908f-0ad2-4e6d-9c4f-98efe7a21175
2022-08-04 23:32:31,985 [pool-679-thread-1] INFO  server.RaftServerConfigKeys (ConfUtils.java:logGet(46)) - raft.server.log.queue.byte-limit = 4294967296 (custom)
2022-08-04 23:32:31,985 [pool-679-thread-1] INFO  server.RaftServerConfigKeys (ConfUtils.java:logGet(46)) - raft.server.log.queue.element-limit = 1024 (custom)
2022-08-04 23:32:31,985 [pool-679-thread-1] INFO  server.RaftServerConfigKeys (ConfUtils.java:logGet(46)) - raft.server.log.segment.size.max = 1048576 (custom)
2022-08-04 23:32:31,985 [pool-679-thread-1] INFO  server.RaftServerConfigKeys (ConfUtils.java:logGet(46)) - raft.server.log.preallocated.size = 16384 (custom)
2022-08-04 23:32:31,985 [pool-679-thread-1] INFO  server.RaftServerConfigKeys (ConfUtils.java:logGet(46)) - raft.server.log.force.sync.num = 128 (default)
2022-08-04 23:32:31,985 [pool-679-thread-1] INFO  server.RaftServerConfigKeys (ConfUtils.java:logGet(46)) - raft.server.log.statemachine.data.sync = true (default)
2022-08-04 23:32:31,985 [pool-679-thread-1] INFO  server.RaftServerConfigKeys (ConfUtils.java:logGet(46)) - raft.server.log.statemachine.data.sync.timeout = 10s (default)
2022-08-04 23:32:31,985 [pool-679-thread-1] INFO  server.RaftServerConfigKeys (ConfUtils.java:logGet(46)) - raft.server.log.statemachine.data.sync.timeout.retry = -1 (default)
2022-08-04 23:32:32,005 [pool-679-thread-1] INFO  server.RaftServerConfigKeys (ConfUtils.java:logGet(46)) - raft.server.log.write.buffer.size = 1048576 (custom)
2022-08-04 23:32:32,005 [pool-679-thread-1] INFO  server.RaftServerConfigKeys (ConfUtils.java:logGet(46)) - raft.server.log.unsafe-flush.enabled = false (default)
2022-08-04 23:32:32,005 [pool-679-thread-1] INFO  server.RaftServerConfigKeys (ConfUtils.java:logGet(46)) - raft.server.log.statemachine.data.caching.enabled = true (custom)
2022-08-04 23:32:32,005 [pool-679-thread-1] INFO  segmented.SegmentedRaftLogWorker (SegmentedRaftLogWorker.java:lambda$new$0(135)) - d28eef40-6d6f-4886-89ee-28c5370793a3@group-98EFE7A21175-SegmentedRaftLogWorker: flushIndex: setUnconditionally 0 -> -1
2022-08-04 23:32:32,005 [pool-679-thread-1] INFO  segmented.SegmentedRaftLogWorker (SegmentedRaftLogWorker.java:lambda$new$0(135)) - d28eef40-6d6f-4886-89ee-28c5370793a3@group-98EFE7A21175-SegmentedRaftLogWorker: safeCacheEvictIndex: setUnconditionally 0 -> -1
2022-08-04 23:32:32,015 [pool-679-thread-1] INFO  server.RaftServerConfigKeys (ConfUtils.java:logGet(46)) - raft.server.snapshot.auto.trigger.enabled = true (custom)
2022-08-04 23:32:32,015 [pool-679-thread-1] INFO  server.RaftServerConfigKeys (ConfUtils.java:logGet(46)) - raft.server.snapshot.auto.trigger.threshold = 10000 (custom)
2022-08-04 23:32:32,015 [pool-679-thread-1] INFO  server.RaftServerConfigKeys (ConfUtils.java:logGet(46)) - raft.server.snapshot.retention.file.num = 5 (custom)
2022-08-04 23:32:32,015 [pool-679-thread-1] INFO  server.RaftServerConfigKeys (ConfUtils.java:logGet(46)) - raft.server.log.purge.upto.snapshot.index = false (default)
2022-08-04 23:32:32,015 [pool-679-thread-1] INFO  server.RaftServerConfigKeys (ConfUtils.java:logGet(46)) - raft.server.retrycache.expirytime = 600000ms (custom)
2022-08-04 23:32:32,015 [pool-679-thread-1] INFO  server.RaftServerConfigKeys (ConfUtils.java:logGet(46)) - raft.server.retrycache.statistics.expirytime = 100μs (default)
2022-08-04 23:32:32,016 [pool-679-thread-1] INFO  server.RaftServerConfigKeys (ConfUtils.java:logGet(46)) - raft.server.log.appender.install.snapshot.enabled = false (custom)
2022-08-04 23:32:32,017 [pool-679-thread-1] INFO  server.RaftServerConfigKeys (ConfUtils.java:logGet(46)) - raft.server.threadpool.server.cached = true (default)
2022-08-04 23:32:32,017 [pool-679-thread-1] INFO  server.RaftServerConfigKeys (ConfUtils.java:logGet(46)) - raft.server.threadpool.server.size = 0 (default)
2022-08-04 23:32:32,017 [pool-679-thread-1] INFO  server.RaftServerConfigKeys (ConfUtils.java:logGet(46)) - raft.server.threadpool.client.cached = true (default)
2022-08-04 23:32:32,017 [pool-679-thread-1] INFO  server.RaftServerConfigKeys (ConfUtils.java:logGet(46)) - raft.server.threadpool.client.size = 0 (default)
2022-08-04 23:32:32,017 [pool-679-thread-1] INFO  server.RaftServer$Division (RaftServerImpl.java:start(310)) - d28eef40-6d6f-4886-89ee-28c5370793a3@group-98EFE7A21175: start as a follower, conf=-1: [59bc66cf-53d9-457c-a8ae-08acbe6cc725|rpc:10.1.0.37:37439|dataStream:|priority:0, 8d253cf1-16d2-49a5-bb0e-0a4cfea41d88|rpc:10.1.0.37:43253|dataStream:|priority:0, d28eef40-6d6f-4886-89ee-28c5370793a3|rpc:10.1.0.37:41155|dataStream:|priority:1], old=null
2022-08-04 23:32:32,017 [pool-679-thread-1] INFO  server.RaftServer$Division (RaftServerImpl.java:setRole(299)) - d28eef40-6d6f-4886-89ee-28c5370793a3@group-98EFE7A21175: changes role from      null to FOLLOWER at term 0 for startAsFollower
2022-08-04 23:32:32,017 [pool-679-thread-1] INFO  impl.RoleInfo (RoleInfo.java:updateAndGet(139)) - d28eef40-6d6f-4886-89ee-28c5370793a3: start d28eef40-6d6f-4886-89ee-28c5370793a3@group-98EFE7A21175-FollowerState
2022-08-04 23:32:32,027 [pool-679-thread-1] INFO  util.JmxRegister (JmxRegister.java:tryRegister(44)) - Successfully registered JMX Bean with object name Ratis:service=RaftServer,group=group-98EFE7A21175,id=d28eef40-6d6f-4886-89ee-28c5370793a3
2022-08-04 23:32:32,144 [grpc-default-executor-0] INFO  server.RaftServer (RaftServerProxy.java:addNew(96)) - 8d253cf1-16d2-49a5-bb0e-0a4cfea41d88: addNew group-98EFE7A21175:[59bc66cf-53d9-457c-a8ae-08acbe6cc725|rpc:10.1.0.37:37439|dataStream:|priority:0, 8d253cf1-16d2-49a5-bb0e-0a4cfea41d88|rpc:10.1.0.37:43253|dataStream:|priority:0, d28eef40-6d6f-4886-89ee-28c5370793a3|rpc:10.1.0.37:41155|dataStream:|priority:1] returns group-98EFE7A21175:java.util.concurrent.CompletableFuture@602463d1[Not completed]
2022-08-04 23:32:32,145 [pool-702-thread-1] INFO  server.RaftServer$Division (RaftServerImpl.java:<init>(190)) - 8d253cf1-16d2-49a5-bb0e-0a4cfea41d88: new RaftServerImpl for group-98EFE7A21175:[59bc66cf-53d9-457c-a8ae-08acbe6cc725|rpc:10.1.0.37:37439|dataStream:|priority:0, 8d253cf1-16d2-49a5-bb0e-0a4cfea41d88|rpc:10.1.0.37:43253|dataStream:|priority:0, d28eef40-6d6f-4886-89ee-28c5370793a3|rpc:10.1.0.37:41155|dataStream:|priority:1] with ContainerStateMachine:uninitialized
2022-08-04 23:32:32,145 [pool-702-thread-1] INFO  server.RaftServerConfigKeys (ConfUtils.java:logGet(46)) - raft.server.rpc.timeout.min = 5s (custom)
2022-08-04 23:32:32,145 [pool-702-thread-1] INFO  server.RaftServerConfigKeys (ConfUtils.java:logGet(46)) - raft.server.rpc.timeout.max = 5200ms (custom)
2022-08-04 23:32:32,145 [pool-702-thread-1] INFO  server.RaftServerConfigKeys (ConfUtils.java:logGet(46)) - raft.server.rpc.sleep.time = 25ms (default)
2022-08-04 23:32:32,145 [pool-702-thread-1] INFO  server.RaftServerConfigKeys (ConfUtils.java:logGet(46)) - raft.server.rpc.slowness.timeout = 300s (custom)
2022-08-04 23:32:32,145 [pool-702-thread-1] INFO  server.RaftServerConfigKeys (ConfUtils.java:logGet(46)) - raft.server.leaderelection.leader.step-down.wait-time = 10s (default)
2022-08-04 23:32:32,145 [pool-702-thread-1] INFO  server.RaftServerConfigKeys (ConfUtils.java:logGet(46)) - raft.server.sleep.deviation.threshold = 300ms (default)
2022-08-04 23:32:32,145 [pool-702-thread-1] INFO  server.RaftServer$Division (ServerState.java:<init>(107)) - 8d253cf1-16d2-49a5-bb0e-0a4cfea41d88@group-98EFE7A21175: ConfigurationManager, init=-1: [59bc66cf-53d9-457c-a8ae-08acbe6cc725|rpc:10.1.0.37:37439|dataStream:|priority:0, 8d253cf1-16d2-49a5-bb0e-0a4cfea41d88|rpc:10.1.0.37:43253|dataStream:|priority:0, d28eef40-6d6f-4886-89ee-28c5370793a3|rpc:10.1.0.37:41155|dataStream:|priority:1], old=null, confs=<EMPTY_MAP>
2022-08-04 23:32:32,145 [pool-702-thread-1] INFO  server.RaftServerConfigKeys (ConfUtils.java:logGet(46)) - raft.server.storage.dir = [/home/runner/work/ozone/ozone/hadoop-ozone/integration-test/target/test-dir/MiniOzoneClusterImpl-89b1f4b7-9002-4f1f-8c39-841100745e8e/datanode-2/data/ratis] (custom)
2022-08-04 23:32:32,146 [pool-702-thread-1] INFO  server.RaftServerConfigKeys (ConfUtils.java:logGet(46)) - raft.server.log.corruption.policy = EXCEPTION (default)
2022-08-04 23:32:32,146 [pool-702-thread-1] INFO  server.RaftServerConfigKeys (ConfUtils.java:logGet(46)) - raft.server.storage.free-space.min = 0MB (=0) (default)
2022-08-04 23:32:32,146 [pool-702-thread-1] INFO  storage.RaftStorageDirectory (RaftStorageDirectoryImpl.java:analyzeStorage(135)) - The storage directory /home/runner/work/ozone/ozone/hadoop-ozone/integration-test/target/test-dir/MiniOzoneClusterImpl-89b1f4b7-9002-4f1f-8c39-841100745e8e/datanode-2/data/ratis/3bdb908f-0ad2-4e6d-9c4f-98efe7a21175 does not exist. Creating ...
2022-08-04 23:32:32,164 [pool-702-thread-1] INFO  storage.RaftStorageDirectory (RaftStorageDirectoryImpl.java:tryLock(230)) - Lock on /home/runner/work/ozone/ozone/hadoop-ozone/integration-test/target/test-dir/MiniOzoneClusterImpl-89b1f4b7-9002-4f1f-8c39-841100745e8e/datanode-2/data/ratis/3bdb908f-0ad2-4e6d-9c4f-98efe7a21175/in_use.lock acquired by nodename 5725@fv-az241-597
2022-08-04 23:32:32,165 [pool-702-thread-1] INFO  storage.RaftStorage (RaftStorageImpl.java:format(89)) - Storage directory /home/runner/work/ozone/ozone/hadoop-ozone/integration-test/target/test-dir/MiniOzoneClusterImpl-89b1f4b7-9002-4f1f-8c39-841100745e8e/datanode-2/data/ratis/3bdb908f-0ad2-4e6d-9c4f-98efe7a21175 has been successfully formatted.
2022-08-04 23:32:32,165 [pool-702-thread-1] INFO  ratis.ContainerStateMachine (ContainerStateMachine.java:loadSnapshot(236)) - group-98EFE7A21175: The snapshot info is null. Setting the last applied indexto:(t:0, i:~)
2022-08-04 23:32:32,191 [pool-702-thread-1] INFO  server.RaftServerConfigKeys (ConfUtils.java:logGet(46)) - raft.server.notification.no-leader.timeout = 300s (custom)
2022-08-04 23:32:32,191 [pool-702-thread-1] INFO  server.RaftServerConfigKeys (ConfUtils.java:logGet(46)) - raft.server.log.use.memory = false (default)
2022-08-04 23:32:32,192 [pool-702-thread-1] INFO  server.RaftServerConfigKeys (ConfUtils.java:logGet(46)) - raft.server.log.purge.gap = 1000000 (custom)
2022-08-04 23:32:32,192 [pool-702-thread-1] INFO  server.RaftServerConfigKeys (ConfUtils.java:logGet(46)) - raft.server.log.appender.buffer.byte-limit = 33554432 (custom)
2022-08-04 23:32:32,192 [pool-702-thread-1] INFO  server.RaftServerConfigKeys (ConfUtils.java:logGet(46)) - raft.server.log.statemachine.data.read.timeout = 1000ms (default)
2022-08-04 23:32:32,192 [pool-702-thread-1] INFO  server.RaftServerConfigKeys (ConfUtils.java:logGet(46)) - raft.server.log.segment.size.max = 1048576 (custom)
2022-08-04 23:32:32,192 [pool-702-thread-1] INFO  server.RaftServerConfigKeys (ConfUtils.java:logGet(46)) - raft.server.log.segment.cache.num.max = 2 (custom)
2022-08-04 23:32:32,192 [pool-702-thread-1] INFO  server.RaftServerConfigKeys (ConfUtils.java:logGet(46)) - raft.server.log.segment.cache.size.max = 200MB (=209715200) (default)
2022-08-04 23:32:32,192 [pool-702-thread-1] INFO  segmented.SegmentedRaftLogWorker (SegmentedRaftLogWorker.java:<init>(187)) - new 8d253cf1-16d2-49a5-bb0e-0a4cfea41d88@group-98EFE7A21175-SegmentedRaftLogWorker for RaftStorageImpl:Storage Directory /home/runner/work/ozone/ozone/hadoop-ozone/integration-test/target/test-dir/MiniOzoneClusterImpl-89b1f4b7-9002-4f1f-8c39-841100745e8e/datanode-2/data/ratis/3bdb908f-0ad2-4e6d-9c4f-98efe7a21175
2022-08-04 23:32:32,192 [pool-702-thread-1] INFO  server.RaftServerConfigKeys (ConfUtils.java:logGet(46)) - raft.server.log.queue.byte-limit = 4294967296 (custom)
2022-08-04 23:32:32,192 [pool-702-thread-1] INFO  server.RaftServerConfigKeys (ConfUtils.java:logGet(46)) - raft.server.log.queue.element-limit = 1024 (custom)
2022-08-04 23:32:32,192 [pool-702-thread-1] INFO  server.RaftServerConfigKeys (ConfUtils.java:logGet(46)) - raft.server.log.segment.size.max = 1048576 (custom)
2022-08-04 23:32:32,192 [pool-702-thread-1] INFO  server.RaftServerConfigKeys (ConfUtils.java:logGet(46)) - raft.server.log.preallocated.size = 16384 (custom)
2022-08-04 23:32:32,192 [pool-702-thread-1] INFO  server.RaftServerConfigKeys (ConfUtils.java:logGet(46)) - raft.server.log.force.sync.num = 128 (default)
2022-08-04 23:32:32,192 [pool-702-thread-1] INFO  server.RaftServerConfigKeys (ConfUtils.java:logGet(46)) - raft.server.log.statemachine.data.sync = true (default)
2022-08-04 23:32:32,192 [pool-702-thread-1] INFO  server.RaftServerConfigKeys (ConfUtils.java:logGet(46)) - raft.server.log.statemachine.data.sync.timeout = 10s (default)
2022-08-04 23:32:32,192 [pool-702-thread-1] INFO  server.RaftServerConfigKeys (ConfUtils.java:logGet(46)) - raft.server.log.statemachine.data.sync.timeout.retry = -1 (default)
2022-08-04 23:32:32,193 [pool-702-thread-1] INFO  server.RaftServerConfigKeys (ConfUtils.java:logGet(46)) - raft.server.log.write.buffer.size = 1048576 (custom)
2022-08-04 23:32:32,193 [pool-702-thread-1] INFO  server.RaftServerConfigKeys (ConfUtils.java:logGet(46)) - raft.server.log.unsafe-flush.enabled = false (default)
2022-08-04 23:32:32,193 [pool-702-thread-1] INFO  server.RaftServerConfigKeys (ConfUtils.java:logGet(46)) - raft.server.log.statemachine.data.caching.enabled = true (custom)
2022-08-04 23:32:32,194 [pool-702-thread-1] INFO  segmented.SegmentedRaftLogWorker (SegmentedRaftLogWorker.java:lambda$new$0(135)) - 8d253cf1-16d2-49a5-bb0e-0a4cfea41d88@group-98EFE7A21175-SegmentedRaftLogWorker: flushIndex: setUnconditionally 0 -> -1
2022-08-04 23:32:32,194 [pool-702-thread-1] INFO  segmented.SegmentedRaftLogWorker (SegmentedRaftLogWorker.java:lambda$new$0(135)) - 8d253cf1-16d2-49a5-bb0e-0a4cfea41d88@group-98EFE7A21175-SegmentedRaftLogWorker: safeCacheEvictIndex: setUnconditionally 0 -> -1
2022-08-04 23:32:32,227 [pool-702-thread-1] INFO  server.RaftServerConfigKeys (ConfUtils.java:logGet(46)) - raft.server.snapshot.auto.trigger.enabled = true (custom)
2022-08-04 23:32:32,227 [pool-702-thread-1] INFO  server.RaftServerConfigKeys (ConfUtils.java:logGet(46)) - raft.server.snapshot.auto.trigger.threshold = 10000 (custom)
2022-08-04 23:32:32,227 [pool-702-thread-1] INFO  server.RaftServerConfigKeys (ConfUtils.java:logGet(46)) - raft.server.snapshot.retention.file.num = 5 (custom)
2022-08-04 23:32:32,227 [pool-702-thread-1] INFO  server.RaftServerConfigKeys (ConfUtils.java:logGet(46)) - raft.server.log.purge.upto.snapshot.index = false (default)
2022-08-04 23:32:32,227 [pool-702-thread-1] INFO  server.RaftServerConfigKeys (ConfUtils.java:logGet(46)) - raft.server.retrycache.expirytime = 600000ms (custom)
2022-08-04 23:32:32,227 [pool-702-thread-1] INFO  server.RaftServerConfigKeys (ConfUtils.java:logGet(46)) - raft.server.retrycache.statistics.expirytime = 100μs (default)
2022-08-04 23:32:32,228 [pool-702-thread-1] INFO  server.RaftServerConfigKeys (ConfUtils.java:logGet(46)) - raft.server.log.appender.install.snapshot.enabled = false (custom)
2022-08-04 23:32:32,228 [pool-702-thread-1] INFO  server.RaftServerConfigKeys (ConfUtils.java:logGet(46)) - raft.server.threadpool.server.cached = true (default)
2022-08-04 23:32:32,228 [pool-702-thread-1] INFO  server.RaftServerConfigKeys (ConfUtils.java:logGet(46)) - raft.server.threadpool.server.size = 0 (default)
2022-08-04 23:32:32,229 [pool-702-thread-1] INFO  server.RaftServerConfigKeys (ConfUtils.java:logGet(46)) - raft.server.threadpool.client.cached = true (default)
2022-08-04 23:32:32,229 [pool-702-thread-1] INFO  server.RaftServerConfigKeys (ConfUtils.java:logGet(46)) - raft.server.threadpool.client.size = 0 (default)
2022-08-04 23:32:32,229 [pool-702-thread-1] INFO  server.RaftServer$Division (RaftServerImpl.java:start(310)) - 8d253cf1-16d2-49a5-bb0e-0a4cfea41d88@group-98EFE7A21175: start as a follower, conf=-1: [59bc66cf-53d9-457c-a8ae-08acbe6cc725|rpc:10.1.0.37:37439|dataStream:|priority:0, 8d253cf1-16d2-49a5-bb0e-0a4cfea41d88|rpc:10.1.0.37:43253|dataStream:|priority:0, d28eef40-6d6f-4886-89ee-28c5370793a3|rpc:10.1.0.37:41155|dataStream:|priority:1], old=null
2022-08-04 23:32:32,229 [pool-702-thread-1] INFO  server.RaftServer$Division (RaftServerImpl.java:setRole(299)) - 8d253cf1-16d2-49a5-bb0e-0a4cfea41d88@group-98EFE7A21175: changes role from      null to FOLLOWER at term 0 for startAsFollower
2022-08-04 23:32:32,229 [pool-702-thread-1] INFO  impl.RoleInfo (RoleInfo.java:updateAndGet(139)) - 8d253cf1-16d2-49a5-bb0e-0a4cfea41d88: start 8d253cf1-16d2-49a5-bb0e-0a4cfea41d88@group-98EFE7A21175-FollowerState
2022-08-04 23:32:32,235 [pool-702-thread-1] INFO  util.JmxRegister (JmxRegister.java:tryRegister(44)) - Successfully registered JMX Bean with object name Ratis:service=RaftServer,group=group-98EFE7A21175,id=8d253cf1-16d2-49a5-bb0e-0a4cfea41d88
2022-08-04 23:32:32,303 [Command processor thread] INFO  commandhandler.CreatePipelineCommandHandler (CreatePipelineCommandHandler.java:handle(113)) - Created Pipeline RATIS THREE PipelineID=3bdb908f-0ad2-4e6d-9c4f-98efe7a21175.
2022-08-04 23:32:32,303 [Command processor thread] INFO  server.RaftServer (RaftServerProxy.java:addNew(96)) - 59bc66cf-53d9-457c-a8ae-08acbe6cc725: addNew group-98FC2FDB8410:[59bc66cf-53d9-457c-a8ae-08acbe6cc725|rpc:10.1.0.37:37439|priority:1, 8d253cf1-16d2-49a5-bb0e-0a4cfea41d88|rpc:10.1.0.37:43253|priority:0, d28eef40-6d6f-4886-89ee-28c5370793a3|rpc:10.1.0.37:41155|priority:0] returns group-98FC2FDB8410:java.util.concurrent.CompletableFuture@6a3b2427[Not completed]
2022-08-04 23:32:32,303 [pool-656-thread-1] INFO  server.RaftServer$Division (RaftServerImpl.java:<init>(190)) - 59bc66cf-53d9-457c-a8ae-08acbe6cc725: new RaftServerImpl for group-98FC2FDB8410:[59bc66cf-53d9-457c-a8ae-08acbe6cc725|rpc:10.1.0.37:37439|priority:1, 8d253cf1-16d2-49a5-bb0e-0a4cfea41d88|rpc:10.1.0.37:43253|priority:0, d28eef40-6d6f-4886-89ee-28c5370793a3|rpc:10.1.0.37:41155|priority:0] with ContainerStateMachine:uninitialized
2022-08-04 23:32:32,304 [pool-656-thread-1] INFO  server.RaftServerConfigKeys (ConfUtils.java:logGet(46)) - raft.server.rpc.timeout.min = 5s (custom)
2022-08-04 23:32:32,304 [pool-656-thread-1] INFO  server.RaftServerConfigKeys (ConfUtils.java:logGet(46)) - raft.server.rpc.timeout.max = 5200ms (custom)
2022-08-04 23:32:32,304 [pool-656-thread-1] INFO  server.RaftServerConfigKeys (ConfUtils.java:logGet(46)) - raft.server.rpc.sleep.time = 25ms (default)
2022-08-04 23:32:32,304 [pool-656-thread-1] INFO  server.RaftServerConfigKeys (ConfUtils.java:logGet(46)) - raft.server.rpc.slowness.timeout = 300s (custom)
2022-08-04 23:32:32,304 [pool-656-thread-1] INFO  server.RaftServerConfigKeys (ConfUtils.java:logGet(46)) - raft.server.leaderelection.leader.step-down.wait-time = 10s (default)
2022-08-04 23:32:32,304 [pool-656-thread-1] INFO  server.RaftServerConfigKeys (ConfUtils.java:logGet(46)) - raft.server.sleep.deviation.threshold = 300ms (default)
2022-08-04 23:32:32,304 [pool-656-thread-1] INFO  server.RaftServer$Division (ServerState.java:<init>(107)) - 59bc66cf-53d9-457c-a8ae-08acbe6cc725@group-98FC2FDB8410: ConfigurationManager, init=-1: [59bc66cf-53d9-457c-a8ae-08acbe6cc725|rpc:10.1.0.37:37439|priority:1, 8d253cf1-16d2-49a5-bb0e-0a4cfea41d88|rpc:10.1.0.37:43253|priority:0, d28eef40-6d6f-4886-89ee-28c5370793a3|rpc:10.1.0.37:41155|priority:0], old=null, confs=<EMPTY_MAP>
2022-08-04 23:32:32,304 [pool-656-thread-1] INFO  server.RaftServerConfigKeys (ConfUtils.java:logGet(46)) - raft.server.storage.dir = [/home/runner/work/ozone/ozone/hadoop-ozone/integration-test/target/test-dir/MiniOzoneClusterImpl-89b1f4b7-9002-4f1f-8c39-841100745e8e/datanode-0/data/ratis] (custom)
2022-08-04 23:32:32,304 [pool-656-thread-1] INFO  server.RaftServerConfigKeys (ConfUtils.java:logGet(46)) - raft.server.log.corruption.policy = EXCEPTION (default)
2022-08-04 23:32:32,304 [pool-656-thread-1] INFO  server.RaftServerConfigKeys (ConfUtils.java:logGet(46)) - raft.server.storage.free-space.min = 0MB (=0) (default)
2022-08-04 23:32:32,304 [pool-656-thread-1] INFO  storage.RaftStorageDirectory (RaftStorageDirectoryImpl.java:analyzeStorage(135)) - The storage directory /home/runner/work/ozone/ozone/hadoop-ozone/integration-test/target/test-dir/MiniOzoneClusterImpl-89b1f4b7-9002-4f1f-8c39-841100745e8e/datanode-0/data/ratis/4670ff7b-bf93-4b9c-806f-98fc2fdb8410 does not exist. Creating ...
2022-08-04 23:32:32,307 [pool-656-thread-1] INFO  storage.RaftStorageDirectory (RaftStorageDirectoryImpl.java:tryLock(230)) - Lock on /home/runner/work/ozone/ozone/hadoop-ozone/integration-test/target/test-dir/MiniOzoneClusterImpl-89b1f4b7-9002-4f1f-8c39-841100745e8e/datanode-0/data/ratis/4670ff7b-bf93-4b9c-806f-98fc2fdb8410/in_use.lock acquired by nodename 5725@fv-az241-597
2022-08-04 23:32:32,309 [pool-656-thread-1] INFO  storage.RaftStorage (RaftStorageImpl.java:format(89)) - Storage directory /home/runner/work/ozone/ozone/hadoop-ozone/integration-test/target/test-dir/MiniOzoneClusterImpl-89b1f4b7-9002-4f1f-8c39-841100745e8e/datanode-0/data/ratis/4670ff7b-bf93-4b9c-806f-98fc2fdb8410 has been successfully formatted.
2022-08-04 23:32:32,311 [pool-656-thread-1] INFO  ratis.ContainerStateMachine (ContainerStateMachine.java:loadSnapshot(236)) - group-98FC2FDB8410: The snapshot info is null. Setting the last applied indexto:(t:0, i:~)
2022-08-04 23:32:32,311 [pool-656-thread-1] INFO  server.RaftServerConfigKeys (ConfUtils.java:logGet(46)) - raft.server.notification.no-leader.timeout = 300s (custom)
2022-08-04 23:32:32,311 [pool-656-thread-1] INFO  server.RaftServerConfigKeys (ConfUtils.java:logGet(46)) - raft.server.log.use.memory = false (default)
2022-08-04 23:32:32,311 [pool-656-thread-1] INFO  server.RaftServerConfigKeys (ConfUtils.java:logGet(46)) - raft.server.log.purge.gap = 1000000 (custom)
2022-08-04 23:32:32,311 [pool-656-thread-1] INFO  server.RaftServerConfigKeys (ConfUtils.java:logGet(46)) - raft.server.log.appender.buffer.byte-limit = 33554432 (custom)
2022-08-04 23:32:32,311 [pool-656-thread-1] INFO  server.RaftServerConfigKeys (ConfUtils.java:logGet(46)) - raft.server.log.statemachine.data.read.timeout = 1000ms (default)
2022-08-04 23:32:32,311 [pool-656-thread-1] INFO  server.RaftServerConfigKeys (ConfUtils.java:logGet(46)) - raft.server.log.segment.size.max = 1048576 (custom)
2022-08-04 23:32:32,312 [pool-656-thread-1] INFO  server.RaftServerConfigKeys (ConfUtils.java:logGet(46)) - raft.server.log.segment.cache.num.max = 2 (custom)
2022-08-04 23:32:32,312 [pool-656-thread-1] INFO  server.RaftServerConfigKeys (ConfUtils.java:logGet(46)) - raft.server.log.segment.cache.size.max = 200MB (=209715200) (default)
2022-08-04 23:32:32,312 [pool-656-thread-1] INFO  segmented.SegmentedRaftLogWorker (SegmentedRaftLogWorker.java:<init>(187)) - new 59bc66cf-53d9-457c-a8ae-08acbe6cc725@group-98FC2FDB8410-SegmentedRaftLogWorker for RaftStorageImpl:Storage Directory /home/runner/work/ozone/ozone/hadoop-ozone/integration-test/target/test-dir/MiniOzoneClusterImpl-89b1f4b7-9002-4f1f-8c39-841100745e8e/datanode-0/data/ratis/4670ff7b-bf93-4b9c-806f-98fc2fdb8410
2022-08-04 23:32:32,312 [pool-656-thread-1] INFO  server.RaftServerConfigKeys (ConfUtils.java:logGet(46)) - raft.server.log.queue.byte-limit = 4294967296 (custom)
2022-08-04 23:32:32,312 [pool-656-thread-1] INFO  server.RaftServerConfigKeys (ConfUtils.java:logGet(46)) - raft.server.log.queue.element-limit = 1024 (custom)
2022-08-04 23:32:32,312 [pool-656-thread-1] INFO  server.RaftServerConfigKeys (ConfUtils.java:logGet(46)) - raft.server.log.segment.size.max = 1048576 (custom)
2022-08-04 23:32:32,312 [pool-656-thread-1] INFO  server.RaftServerConfigKeys (ConfUtils.java:logGet(46)) - raft.server.log.preallocated.size = 16384 (custom)
2022-08-04 23:32:32,312 [pool-656-thread-1] INFO  server.RaftServerConfigKeys (ConfUtils.java:logGet(46)) - raft.server.log.force.sync.num = 128 (default)
2022-08-04 23:32:32,312 [pool-656-thread-1] INFO  server.RaftServerConfigKeys (ConfUtils.java:logGet(46)) - raft.server.log.statemachine.data.sync = true (default)
2022-08-04 23:32:32,312 [pool-656-thread-1] INFO  server.RaftServerConfigKeys (ConfUtils.java:logGet(46)) - raft.server.log.statemachine.data.sync.timeout = 10s (default)
2022-08-04 23:32:32,312 [pool-656-thread-1] INFO  server.RaftServerConfigKeys (ConfUtils.java:logGet(46)) - raft.server.log.statemachine.data.sync.timeout.retry = -1 (default)
2022-08-04 23:32:32,313 [pool-656-thread-1] INFO  server.RaftServerConfigKeys (ConfUtils.java:logGet(46)) - raft.server.log.write.buffer.size = 1048576 (custom)
2022-08-04 23:32:32,313 [pool-656-thread-1] INFO  server.RaftServerConfigKeys (ConfUtils.java:logGet(46)) - raft.server.log.unsafe-flush.enabled = false (default)
2022-08-04 23:32:32,313 [pool-656-thread-1] INFO  server.RaftServerConfigKeys (ConfUtils.java:logGet(46)) - raft.server.log.statemachine.data.caching.enabled = true (custom)
2022-08-04 23:32:32,313 [pool-656-thread-1] INFO  segmented.SegmentedRaftLogWorker (SegmentedRaftLogWorker.java:lambda$new$0(135)) - 59bc66cf-53d9-457c-a8ae-08acbe6cc725@group-98FC2FDB8410-SegmentedRaftLogWorker: flushIndex: setUnconditionally 0 -> -1
2022-08-04 23:32:32,313 [pool-656-thread-1] INFO  segmented.SegmentedRaftLogWorker (SegmentedRaftLogWorker.java:lambda$new$0(135)) - 59bc66cf-53d9-457c-a8ae-08acbe6cc725@group-98FC2FDB8410-SegmentedRaftLogWorker: safeCacheEvictIndex: setUnconditionally 0 -> -1
2022-08-04 23:32:32,314 [pool-656-thread-1] INFO  server.RaftServerConfigKeys (ConfUtils.java:logGet(46)) - raft.server.snapshot.auto.trigger.enabled = true (custom)
2022-08-04 23:32:32,314 [pool-656-thread-1] INFO  server.RaftServerConfigKeys (ConfUtils.java:logGet(46)) - raft.server.snapshot.auto.trigger.threshold = 10000 (custom)
2022-08-04 23:32:32,314 [pool-656-thread-1] INFO  server.RaftServerConfigKeys (ConfUtils.java:logGet(46)) - raft.server.snapshot.retention.file.num = 5 (custom)
2022-08-04 23:32:32,314 [pool-656-thread-1] INFO  server.RaftServerConfigKeys (ConfUtils.java:logGet(46)) - raft.server.log.purge.upto.snapshot.index = false (default)
2022-08-04 23:32:32,315 [pool-656-thread-1] INFO  server.RaftServerConfigKeys (ConfUtils.java:logGet(46)) - raft.server.retrycache.expirytime = 600000ms (custom)
2022-08-04 23:32:32,315 [pool-656-thread-1] INFO  server.RaftServerConfigKeys (ConfUtils.java:logGet(46)) - raft.server.retrycache.statistics.expirytime = 100μs (default)
2022-08-04 23:32:32,316 [pool-656-thread-1] INFO  server.RaftServerConfigKeys (ConfUtils.java:logGet(46)) - raft.server.log.appender.install.snapshot.enabled = false (custom)
2022-08-04 23:32:32,316 [pool-656-thread-1] INFO  server.RaftServerConfigKeys (ConfUtils.java:logGet(46)) - raft.server.threadpool.server.cached = true (default)
2022-08-04 23:32:32,316 [pool-656-thread-1] INFO  server.RaftServerConfigKeys (ConfUtils.java:logGet(46)) - raft.server.threadpool.server.size = 0 (default)
2022-08-04 23:32:32,316 [pool-656-thread-1] INFO  server.RaftServerConfigKeys (ConfUtils.java:logGet(46)) - raft.server.threadpool.client.cached = true (default)
2022-08-04 23:32:32,316 [pool-656-thread-1] INFO  server.RaftServerConfigKeys (ConfUtils.java:logGet(46)) - raft.server.threadpool.client.size = 0 (default)
2022-08-04 23:32:32,316 [pool-656-thread-1] INFO  server.RaftServer$Division (RaftServerImpl.java:start(310)) - 59bc66cf-53d9-457c-a8ae-08acbe6cc725@group-98FC2FDB8410: start as a follower, conf=-1: [59bc66cf-53d9-457c-a8ae-08acbe6cc725|rpc:10.1.0.37:37439|priority:1, 8d253cf1-16d2-49a5-bb0e-0a4cfea41d88|rpc:10.1.0.37:43253|priority:0, d28eef40-6d6f-4886-89ee-28c5370793a3|rpc:10.1.0.37:41155|priority:0], old=null
2022-08-04 23:32:32,316 [pool-656-thread-1] INFO  server.RaftServer$Division (RaftServerImpl.java:setRole(299)) - 59bc66cf-53d9-457c-a8ae-08acbe6cc725@group-98FC2FDB8410: changes role from      null to FOLLOWER at term 0 for startAsFollower
2022-08-04 23:32:32,316 [pool-656-thread-1] INFO  impl.RoleInfo (RoleInfo.java:updateAndGet(139)) - 59bc66cf-53d9-457c-a8ae-08acbe6cc725: start 59bc66cf-53d9-457c-a8ae-08acbe6cc725@group-98FC2FDB8410-FollowerState
2022-08-04 23:32:32,316 [pool-656-thread-1] INFO  util.JmxRegister (JmxRegister.java:tryRegister(44)) - Successfully registered JMX Bean with object name Ratis:service=RaftServer,group=group-98FC2FDB8410,id=59bc66cf-53d9-457c-a8ae-08acbe6cc725
2022-08-04 23:32:32,317 [Command processor thread] INFO  ratis.XceiverServerRatis (XceiverServerRatis.java:addGroup(765)) - Created group PipelineID=4670ff7b-bf93-4b9c-806f-98fc2fdb8410
2022-08-04 23:32:32,336 [grpc-default-executor-0] INFO  server.RaftServer (RaftServerProxy.java:addNew(96)) - d28eef40-6d6f-4886-89ee-28c5370793a3: addNew group-98FC2FDB8410:[59bc66cf-53d9-457c-a8ae-08acbe6cc725|rpc:10.1.0.37:37439|dataStream:|priority:1, 8d253cf1-16d2-49a5-bb0e-0a4cfea41d88|rpc:10.1.0.37:43253|dataStream:|priority:0, d28eef40-6d6f-4886-89ee-28c5370793a3|rpc:10.1.0.37:41155|dataStream:|priority:0] returns group-98FC2FDB8410:java.util.concurrent.CompletableFuture@5b42f98d[Not completed]
2022-08-04 23:32:32,337 [pool-679-thread-1] INFO  server.RaftServer$Division (RaftServerImpl.java:<init>(190)) - d28eef40-6d6f-4886-89ee-28c5370793a3: new RaftServerImpl for group-98FC2FDB8410:[59bc66cf-53d9-457c-a8ae-08acbe6cc725|rpc:10.1.0.37:37439|dataStream:|priority:1, 8d253cf1-16d2-49a5-bb0e-0a4cfea41d88|rpc:10.1.0.37:43253|dataStream:|priority:0, d28eef40-6d6f-4886-89ee-28c5370793a3|rpc:10.1.0.37:41155|dataStream:|priority:0] with ContainerStateMachine:uninitialized
2022-08-04 23:32:32,337 [pool-679-thread-1] INFO  server.RaftServerConfigKeys (ConfUtils.java:logGet(46)) - raft.server.rpc.timeout.min = 5s (custom)
2022-08-04 23:32:32,337 [pool-679-thread-1] INFO  server.RaftServerConfigKeys (ConfUtils.java:logGet(46)) - raft.server.rpc.timeout.max = 5200ms (custom)
2022-08-04 23:32:32,337 [pool-679-thread-1] INFO  server.RaftServerConfigKeys (ConfUtils.java:logGet(46)) - raft.server.rpc.sleep.time = 25ms (default)
2022-08-04 23:32:32,337 [pool-679-thread-1] INFO  server.RaftServerConfigKeys (ConfUtils.java:logGet(46)) - raft.server.rpc.slowness.timeout = 300s (custom)
2022-08-04 23:32:32,337 [pool-679-thread-1] INFO  server.RaftServerConfigKeys (ConfUtils.java:logGet(46)) - raft.server.leaderelection.leader.step-down.wait-time = 10s (default)
2022-08-04 23:32:32,337 [pool-679-thread-1] INFO  server.RaftServerConfigKeys (ConfUtils.java:logGet(46)) - raft.server.sleep.deviation.threshold = 300ms (default)
2022-08-04 23:32:32,337 [pool-679-thread-1] INFO  server.RaftServer$Division (ServerState.java:<init>(107)) - d28eef40-6d6f-4886-89ee-28c5370793a3@group-98FC2FDB8410: ConfigurationManager, init=-1: [59bc66cf-53d9-457c-a8ae-08acbe6cc725|rpc:10.1.0.37:37439|dataStream:|priority:1, 8d253cf1-16d2-49a5-bb0e-0a4cfea41d88|rpc:10.1.0.37:43253|dataStream:|priority:0, d28eef40-6d6f-4886-89ee-28c5370793a3|rpc:10.1.0.37:41155|dataStream:|priority:0], old=null, confs=<EMPTY_MAP>
2022-08-04 23:32:32,337 [pool-679-thread-1] INFO  server.RaftServerConfigKeys (ConfUtils.java:logGet(46)) - raft.server.storage.dir = [/home/runner/work/ozone/ozone/hadoop-ozone/integration-test/target/test-dir/MiniOzoneClusterImpl-89b1f4b7-9002-4f1f-8c39-841100745e8e/datanode-1/data/ratis] (custom)
2022-08-04 23:32:32,338 [pool-679-thread-1] INFO  server.RaftServerConfigKeys (ConfUtils.java:logGet(46)) - raft.server.log.corruption.policy = EXCEPTION (default)
2022-08-04 23:32:32,338 [pool-679-thread-1] INFO  server.RaftServerConfigKeys (ConfUtils.java:logGet(46)) - raft.server.storage.free-space.min = 0MB (=0) (default)
2022-08-04 23:32:32,338 [pool-679-thread-1] INFO  storage.RaftStorageDirectory (RaftStorageDirectoryImpl.java:analyzeStorage(135)) - The storage directory /home/runner/work/ozone/ozone/hadoop-ozone/integration-test/target/test-dir/MiniOzoneClusterImpl-89b1f4b7-9002-4f1f-8c39-841100745e8e/datanode-1/data/ratis/4670ff7b-bf93-4b9c-806f-98fc2fdb8410 does not exist. Creating ...
2022-08-04 23:32:32,343 [EventQueue-OpenPipelineForHealthyPipelineSafeModeRule] INFO  safemode.SCMSafeModeManager (HealthyPipelineSafeModeRule.java:process(137)) - SCM in safe mode. Healthy pipelines reported count is 0, required healthy pipeline reported count is 1
2022-08-04 23:32:32,345 [pool-679-thread-1] INFO  storage.RaftStorageDirectory (RaftStorageDirectoryImpl.java:tryLock(230)) - Lock on /home/runner/work/ozone/ozone/hadoop-ozone/integration-test/target/test-dir/MiniOzoneClusterImpl-89b1f4b7-9002-4f1f-8c39-841100745e8e/datanode-1/data/ratis/4670ff7b-bf93-4b9c-806f-98fc2fdb8410/in_use.lock acquired by nodename 5725@fv-az241-597
2022-08-04 23:32:32,355 [pool-679-thread-1] INFO  storage.RaftStorage (RaftStorageImpl.java:format(89)) - Storage directory /home/runner/work/ozone/ozone/hadoop-ozone/integration-test/target/test-dir/MiniOzoneClusterImpl-89b1f4b7-9002-4f1f-8c39-841100745e8e/datanode-1/data/ratis/4670ff7b-bf93-4b9c-806f-98fc2fdb8410 has been successfully formatted.
2022-08-04 23:32:32,355 [pool-679-thread-1] INFO  ratis.ContainerStateMachine (ContainerStateMachine.java:loadSnapshot(236)) - group-98FC2FDB8410: The snapshot info is null. Setting the last applied indexto:(t:0, i:~)
2022-08-04 23:32:32,355 [pool-679-thread-1] INFO  server.RaftServerConfigKeys (ConfUtils.java:logGet(46)) - raft.server.notification.no-leader.timeout = 300s (custom)
2022-08-04 23:32:32,356 [pool-679-thread-1] INFO  server.RaftServerConfigKeys (ConfUtils.java:logGet(46)) - raft.server.log.use.memory = false (default)
2022-08-04 23:32:32,356 [pool-679-thread-1] INFO  server.RaftServerConfigKeys (ConfUtils.java:logGet(46)) - raft.server.log.purge.gap = 1000000 (custom)
2022-08-04 23:32:32,356 [pool-679-thread-1] INFO  server.RaftServerConfigKeys (ConfUtils.java:logGet(46)) - raft.server.log.appender.buffer.byte-limit = 33554432 (custom)
2022-08-04 23:32:32,356 [pool-679-thread-1] INFO  server.RaftServerConfigKeys (ConfUtils.java:logGet(46)) - raft.server.log.statemachine.data.read.timeout = 1000ms (default)
2022-08-04 23:32:32,356 [pool-679-thread-1] INFO  server.RaftServerConfigKeys (ConfUtils.java:logGet(46)) - raft.server.log.segment.size.max = 1048576 (custom)
2022-08-04 23:32:32,357 [pool-679-thread-1] INFO  server.RaftServerConfigKeys (ConfUtils.java:logGet(46)) - raft.server.log.segment.cache.num.max = 2 (custom)
2022-08-04 23:32:32,357 [pool-679-thread-1] INFO  server.RaftServerConfigKeys (ConfUtils.java:logGet(46)) - raft.server.log.segment.cache.size.max = 200MB (=209715200) (default)
2022-08-04 23:32:32,357 [pool-679-thread-1] INFO  segmented.SegmentedRaftLogWorker (SegmentedRaftLogWorker.java:<init>(187)) - new d28eef40-6d6f-4886-89ee-28c5370793a3@group-98FC2FDB8410-SegmentedRaftLogWorker for RaftStorageImpl:Storage Directory /home/runner/work/ozone/ozone/hadoop-ozone/integration-test/target/test-dir/MiniOzoneClusterImpl-89b1f4b7-9002-4f1f-8c39-841100745e8e/datanode-1/data/ratis/4670ff7b-bf93-4b9c-806f-98fc2fdb8410
2022-08-04 23:32:32,357 [pool-679-thread-1] INFO  server.RaftServerConfigKeys (ConfUtils.java:logGet(46)) - raft.server.log.queue.byte-limit = 4294967296 (custom)
2022-08-04 23:32:32,357 [pool-679-thread-1] INFO  server.RaftServerConfigKeys (ConfUtils.java:logGet(46)) - raft.server.log.queue.element-limit = 1024 (custom)
2022-08-04 23:32:32,357 [pool-679-thread-1] INFO  server.RaftServerConfigKeys (ConfUtils.java:logGet(46)) - raft.server.log.segment.size.max = 1048576 (custom)
2022-08-04 23:32:32,357 [pool-679-thread-1] INFO  server.RaftServerConfigKeys (ConfUtils.java:logGet(46)) - raft.server.log.preallocated.size = 16384 (custom)
2022-08-04 23:32:32,357 [pool-679-thread-1] INFO  server.RaftServerConfigKeys (ConfUtils.java:logGet(46)) - raft.server.log.force.sync.num = 128 (default)
2022-08-04 23:32:32,357 [pool-679-thread-1] INFO  server.RaftServerConfigKeys (ConfUtils.java:logGet(46)) - raft.server.log.statemachine.data.sync = true (default)
2022-08-04 23:32:32,357 [pool-679-thread-1] INFO  server.RaftServerConfigKeys (ConfUtils.java:logGet(46)) - raft.server.log.statemachine.data.sync.timeout = 10s (default)
2022-08-04 23:32:32,357 [pool-679-thread-1] INFO  server.RaftServerConfigKeys (ConfUtils.java:logGet(46)) - raft.server.log.statemachine.data.sync.timeout.retry = -1 (default)
2022-08-04 23:32:32,358 [pool-679-thread-1] INFO  server.RaftServerConfigKeys (ConfUtils.java:logGet(46)) - raft.server.log.write.buffer.size = 1048576 (custom)
2022-08-04 23:32:32,358 [pool-679-thread-1] INFO  server.RaftServerConfigKeys (ConfUtils.java:logGet(46)) - raft.server.log.unsafe-flush.enabled = false (default)
2022-08-04 23:32:32,358 [pool-679-thread-1] INFO  server.RaftServerConfigKeys (ConfUtils.java:logGet(46)) - raft.server.log.statemachine.data.caching.enabled = true (custom)
2022-08-04 23:32:32,358 [pool-679-thread-1] INFO  segmented.SegmentedRaftLogWorker (SegmentedRaftLogWorker.java:lambda$new$0(135)) - d28eef40-6d6f-4886-89ee-28c5370793a3@group-98FC2FDB8410-SegmentedRaftLogWorker: flushIndex: setUnconditionally 0 -> -1
2022-08-04 23:32:32,358 [pool-679-thread-1] INFO  segmented.SegmentedRaftLogWorker (SegmentedRaftLogWorker.java:lambda$new$0(135)) - d28eef40-6d6f-4886-89ee-28c5370793a3@group-98FC2FDB8410-SegmentedRaftLogWorker: safeCacheEvictIndex: setUnconditionally 0 -> -1
2022-08-04 23:32:32,366 [pool-679-thread-1] INFO  server.RaftServerConfigKeys (ConfUtils.java:logGet(46)) - raft.server.snapshot.auto.trigger.enabled = true (custom)
2022-08-04 23:32:32,366 [pool-679-thread-1] INFO  server.RaftServerConfigKeys (ConfUtils.java:logGet(46)) - raft.server.snapshot.auto.trigger.threshold = 10000 (custom)
2022-08-04 23:32:32,366 [pool-679-thread-1] INFO  server.RaftServerConfigKeys (ConfUtils.java:logGet(46)) - raft.server.snapshot.retention.file.num = 5 (custom)
2022-08-04 23:32:32,366 [pool-679-thread-1] INFO  server.RaftServerConfigKeys (ConfUtils.java:logGet(46)) - raft.server.log.purge.upto.snapshot.index = false (default)
2022-08-04 23:32:32,367 [pool-679-thread-1] INFO  server.RaftServerConfigKeys (ConfUtils.java:logGet(46)) - raft.server.retrycache.expirytime = 600000ms (custom)
2022-08-04 23:32:32,367 [pool-679-thread-1] INFO  server.RaftServerConfigKeys (ConfUtils.java:logGet(46)) - raft.server.retrycache.statistics.expirytime = 100μs (default)
2022-08-04 23:32:32,370 [pool-679-thread-1] INFO  server.RaftServerConfigKeys (ConfUtils.java:logGet(46)) - raft.server.log.appender.install.snapshot.enabled = false (custom)
2022-08-04 23:32:32,370 [pool-679-thread-1] INFO  server.RaftServerConfigKeys (ConfUtils.java:logGet(46)) - raft.server.threadpool.server.cached = true (default)
2022-08-04 23:32:32,370 [pool-679-thread-1] INFO  server.RaftServerConfigKeys (ConfUtils.java:logGet(46)) - raft.server.threadpool.server.size = 0 (default)
2022-08-04 23:32:32,370 [pool-679-thread-1] INFO  server.RaftServerConfigKeys (ConfUtils.java:logGet(46)) - raft.server.threadpool.client.cached = true (default)
2022-08-04 23:32:32,370 [pool-679-thread-1] INFO  server.RaftServerConfigKeys (ConfUtils.java:logGet(46)) - raft.server.threadpool.client.size = 0 (default)
2022-08-04 23:32:32,370 [pool-679-thread-1] INFO  server.RaftServer$Division (RaftServerImpl.java:start(310)) - d28eef40-6d6f-4886-89ee-28c5370793a3@group-98FC2FDB8410: start as a follower, conf=-1: [59bc66cf-53d9-457c-a8ae-08acbe6cc725|rpc:10.1.0.37:37439|dataStream:|priority:1, 8d253cf1-16d2-49a5-bb0e-0a4cfea41d88|rpc:10.1.0.37:43253|dataStream:|priority:0, d28eef40-6d6f-4886-89ee-28c5370793a3|rpc:10.1.0.37:41155|dataStream:|priority:0], old=null
2022-08-04 23:32:32,370 [pool-679-thread-1] INFO  server.RaftServer$Division (RaftServerImpl.java:setRole(299)) - d28eef40-6d6f-4886-89ee-28c5370793a3@group-98FC2FDB8410: changes role from      null to FOLLOWER at term 0 for startAsFollower
2022-08-04 23:32:32,370 [pool-679-thread-1] INFO  impl.RoleInfo (RoleInfo.java:updateAndGet(139)) - d28eef40-6d6f-4886-89ee-28c5370793a3: start d28eef40-6d6f-4886-89ee-28c5370793a3@group-98FC2FDB8410-FollowerState
2022-08-04 23:32:32,375 [pool-679-thread-1] INFO  util.JmxRegister (JmxRegister.java:tryRegister(44)) - Successfully registered JMX Bean with object name Ratis:service=RaftServer,group=group-98FC2FDB8410,id=d28eef40-6d6f-4886-89ee-28c5370793a3
2022-08-04 23:32:32,459 [grpc-default-executor-0] INFO  server.RaftServer (RaftServerProxy.java:addNew(96)) - 8d253cf1-16d2-49a5-bb0e-0a4cfea41d88: addNew group-98FC2FDB8410:[59bc66cf-53d9-457c-a8ae-08acbe6cc725|rpc:10.1.0.37:37439|dataStream:|priority:1, 8d253cf1-16d2-49a5-bb0e-0a4cfea41d88|rpc:10.1.0.37:43253|dataStream:|priority:0, d28eef40-6d6f-4886-89ee-28c5370793a3|rpc:10.1.0.37:41155|dataStream:|priority:0] returns group-98FC2FDB8410:java.util.concurrent.CompletableFuture@2846c856[Not completed]
2022-08-04 23:32:32,460 [pool-702-thread-1] INFO  server.RaftServer$Division (RaftServerImpl.java:<init>(190)) - 8d253cf1-16d2-49a5-bb0e-0a4cfea41d88: new RaftServerImpl for group-98FC2FDB8410:[59bc66cf-53d9-457c-a8ae-08acbe6cc725|rpc:10.1.0.37:37439|dataStream:|priority:1, 8d253cf1-16d2-49a5-bb0e-0a4cfea41d88|rpc:10.1.0.37:43253|dataStream:|priority:0, d28eef40-6d6f-4886-89ee-28c5370793a3|rpc:10.1.0.37:41155|dataStream:|priority:0] with ContainerStateMachine:uninitialized
2022-08-04 23:32:32,460 [pool-702-thread-1] INFO  server.RaftServerConfigKeys (ConfUtils.java:logGet(46)) - raft.server.rpc.timeout.min = 5s (custom)
2022-08-04 23:32:32,460 [pool-702-thread-1] INFO  server.RaftServerConfigKeys (ConfUtils.java:logGet(46)) - raft.server.rpc.timeout.max = 5200ms (custom)
2022-08-04 23:32:32,460 [pool-702-thread-1] INFO  server.RaftServerConfigKeys (ConfUtils.java:logGet(46)) - raft.server.rpc.sleep.time = 25ms (default)
2022-08-04 23:32:32,460 [pool-702-thread-1] INFO  server.RaftServerConfigKeys (ConfUtils.java:logGet(46)) - raft.server.rpc.slowness.timeout = 300s (custom)
2022-08-04 23:32:32,460 [pool-702-thread-1] INFO  server.RaftServerConfigKeys (ConfUtils.java:logGet(46)) - raft.server.leaderelection.leader.step-down.wait-time = 10s (default)
2022-08-04 23:32:32,460 [pool-702-thread-1] INFO  server.RaftServerConfigKeys (ConfUtils.java:logGet(46)) - raft.server.sleep.deviation.threshold = 300ms (default)
2022-08-04 23:32:32,460 [pool-702-thread-1] INFO  server.RaftServer$Division (ServerState.java:<init>(107)) - 8d253cf1-16d2-49a5-bb0e-0a4cfea41d88@group-98FC2FDB8410: ConfigurationManager, init=-1: [59bc66cf-53d9-457c-a8ae-08acbe6cc725|rpc:10.1.0.37:37439|dataStream:|priority:1, 8d253cf1-16d2-49a5-bb0e-0a4cfea41d88|rpc:10.1.0.37:43253|dataStream:|priority:0, d28eef40-6d6f-4886-89ee-28c5370793a3|rpc:10.1.0.37:41155|dataStream:|priority:0], old=null, confs=<EMPTY_MAP>
2022-08-04 23:32:32,460 [pool-702-thread-1] INFO  server.RaftServerConfigKeys (ConfUtils.java:logGet(46)) - raft.server.storage.dir = [/home/runner/work/ozone/ozone/hadoop-ozone/integration-test/target/test-dir/MiniOzoneClusterImpl-89b1f4b7-9002-4f1f-8c39-841100745e8e/datanode-2/data/ratis] (custom)
2022-08-04 23:32:32,460 [pool-702-thread-1] INFO  server.RaftServerConfigKeys (ConfUtils.java:logGet(46)) - raft.server.log.corruption.policy = EXCEPTION (default)
2022-08-04 23:32:32,460 [pool-702-thread-1] INFO  server.RaftServerConfigKeys (ConfUtils.java:logGet(46)) - raft.server.storage.free-space.min = 0MB (=0) (default)
2022-08-04 23:32:32,460 [pool-702-thread-1] INFO  storage.RaftStorageDirectory (RaftStorageDirectoryImpl.java:analyzeStorage(135)) - The storage directory /home/runner/work/ozone/ozone/hadoop-ozone/integration-test/target/test-dir/MiniOzoneClusterImpl-89b1f4b7-9002-4f1f-8c39-841100745e8e/datanode-2/data/ratis/4670ff7b-bf93-4b9c-806f-98fc2fdb8410 does not exist. Creating ...
2022-08-04 23:32:32,463 [pool-702-thread-1] INFO  storage.RaftStorageDirectory (RaftStorageDirectoryImpl.java:tryLock(230)) - Lock on /home/runner/work/ozone/ozone/hadoop-ozone/integration-test/target/test-dir/MiniOzoneClusterImpl-89b1f4b7-9002-4f1f-8c39-841100745e8e/datanode-2/data/ratis/4670ff7b-bf93-4b9c-806f-98fc2fdb8410/in_use.lock acquired by nodename 5725@fv-az241-597
2022-08-04 23:32:32,472 [pool-702-thread-1] INFO  storage.RaftStorage (RaftStorageImpl.java:format(89)) - Storage directory /home/runner/work/ozone/ozone/hadoop-ozone/integration-test/target/test-dir/MiniOzoneClusterImpl-89b1f4b7-9002-4f1f-8c39-841100745e8e/datanode-2/data/ratis/4670ff7b-bf93-4b9c-806f-98fc2fdb8410 has been successfully formatted.
2022-08-04 23:32:32,472 [pool-702-thread-1] INFO  ratis.ContainerStateMachine (ContainerStateMachine.java:loadSnapshot(236)) - group-98FC2FDB8410: The snapshot info is null. Setting the last applied indexto:(t:0, i:~)
2022-08-04 23:32:32,473 [pool-702-thread-1] INFO  server.RaftServerConfigKeys (ConfUtils.java:logGet(46)) - raft.server.notification.no-leader.timeout = 300s (custom)
2022-08-04 23:32:32,473 [pool-702-thread-1] INFO  server.RaftServerConfigKeys (ConfUtils.java:logGet(46)) - raft.server.log.use.memory = false (default)
2022-08-04 23:32:32,473 [pool-702-thread-1] INFO  server.RaftServerConfigKeys (ConfUtils.java:logGet(46)) - raft.server.log.purge.gap = 1000000 (custom)
2022-08-04 23:32:32,473 [pool-702-thread-1] INFO  server.RaftServerConfigKeys (ConfUtils.java:logGet(46)) - raft.server.log.appender.buffer.byte-limit = 33554432 (custom)
2022-08-04 23:32:32,473 [pool-702-thread-1] INFO  server.RaftServerConfigKeys (ConfUtils.java:logGet(46)) - raft.server.log.statemachine.data.read.timeout = 1000ms (default)
2022-08-04 23:32:32,473 [pool-702-thread-1] INFO  server.RaftServerConfigKeys (ConfUtils.java:logGet(46)) - raft.server.log.segment.size.max = 1048576 (custom)
2022-08-04 23:32:32,473 [pool-702-thread-1] INFO  server.RaftServerConfigKeys (ConfUtils.java:logGet(46)) - raft.server.log.segment.cache.num.max = 2 (custom)
2022-08-04 23:32:32,473 [pool-702-thread-1] INFO  server.RaftServerConfigKeys (ConfUtils.java:logGet(46)) - raft.server.log.segment.cache.size.max = 200MB (=209715200) (default)
2022-08-04 23:32:32,473 [pool-702-thread-1] INFO  segmented.SegmentedRaftLogWorker (SegmentedRaftLogWorker.java:<init>(187)) - new 8d253cf1-16d2-49a5-bb0e-0a4cfea41d88@group-98FC2FDB8410-SegmentedRaftLogWorker for RaftStorageImpl:Storage Directory /home/runner/work/ozone/ozone/hadoop-ozone/integration-test/target/test-dir/MiniOzoneClusterImpl-89b1f4b7-9002-4f1f-8c39-841100745e8e/datanode-2/data/ratis/4670ff7b-bf93-4b9c-806f-98fc2fdb8410
2022-08-04 23:32:32,474 [pool-702-thread-1] INFO  server.RaftServerConfigKeys (ConfUtils.java:logGet(46)) - raft.server.log.queue.byte-limit = 4294967296 (custom)
2022-08-04 23:32:32,474 [pool-702-thread-1] INFO  server.RaftServerConfigKeys (ConfUtils.java:logGet(46)) - raft.server.log.queue.element-limit = 1024 (custom)
2022-08-04 23:32:32,474 [pool-702-thread-1] INFO  server.RaftServerConfigKeys (ConfUtils.java:logGet(46)) - raft.server.log.segment.size.max = 1048576 (custom)
2022-08-04 23:32:32,474 [pool-702-thread-1] INFO  server.RaftServerConfigKeys (ConfUtils.java:logGet(46)) - raft.server.log.preallocated.size = 16384 (custom)
2022-08-04 23:32:32,474 [pool-702-thread-1] INFO  server.RaftServerConfigKeys (ConfUtils.java:logGet(46)) - raft.server.log.force.sync.num = 128 (default)
2022-08-04 23:32:32,474 [pool-702-thread-1] INFO  server.RaftServerConfigKeys (ConfUtils.java:logGet(46)) - raft.server.log.statemachine.data.sync = true (default)
2022-08-04 23:32:32,474 [pool-702-thread-1] INFO  server.RaftServerConfigKeys (ConfUtils.java:logGet(46)) - raft.server.log.statemachine.data.sync.timeout = 10s (default)
2022-08-04 23:32:32,474 [pool-702-thread-1] INFO  server.RaftServerConfigKeys (ConfUtils.java:logGet(46)) - raft.server.log.statemachine.data.sync.timeout.retry = -1 (default)
2022-08-04 23:32:32,475 [pool-702-thread-1] INFO  server.RaftServerConfigKeys (ConfUtils.java:logGet(46)) - raft.server.log.write.buffer.size = 1048576 (custom)
2022-08-04 23:32:32,475 [pool-702-thread-1] INFO  server.RaftServerConfigKeys (ConfUtils.java:logGet(46)) - raft.server.log.unsafe-flush.enabled = false (default)
2022-08-04 23:32:32,475 [pool-702-thread-1] INFO  server.RaftServerConfigKeys (ConfUtils.java:logGet(46)) - raft.server.log.statemachine.data.caching.enabled = true (custom)
2022-08-04 23:32:32,475 [pool-702-thread-1] INFO  segmented.SegmentedRaftLogWorker (SegmentedRaftLogWorker.java:lambda$new$0(135)) - 8d253cf1-16d2-49a5-bb0e-0a4cfea41d88@group-98FC2FDB8410-SegmentedRaftLogWorker: flushIndex: setUnconditionally 0 -> -1
2022-08-04 23:32:32,475 [pool-702-thread-1] INFO  segmented.SegmentedRaftLogWorker (SegmentedRaftLogWorker.java:lambda$new$0(135)) - 8d253cf1-16d2-49a5-bb0e-0a4cfea41d88@group-98FC2FDB8410-SegmentedRaftLogWorker: safeCacheEvictIndex: setUnconditionally 0 -> -1
2022-08-04 23:32:32,484 [pool-702-thread-1] INFO  server.RaftServerConfigKeys (ConfUtils.java:logGet(46)) - raft.server.snapshot.auto.trigger.enabled = true (custom)
2022-08-04 23:32:32,484 [pool-702-thread-1] INFO  server.RaftServerConfigKeys (ConfUtils.java:logGet(46)) - raft.server.snapshot.auto.trigger.threshold = 10000 (custom)
2022-08-04 23:32:32,484 [pool-702-thread-1] INFO  server.RaftServerConfigKeys (ConfUtils.java:logGet(46)) - raft.server.snapshot.retention.file.num = 5 (custom)
2022-08-04 23:32:32,484 [pool-702-thread-1] INFO  server.RaftServerConfigKeys (ConfUtils.java:logGet(46)) - raft.server.log.purge.upto.snapshot.index = false (default)
2022-08-04 23:32:32,484 [pool-702-thread-1] INFO  server.RaftServerConfigKeys (ConfUtils.java:logGet(46)) - raft.server.retrycache.expirytime = 600000ms (custom)
2022-08-04 23:32:32,484 [pool-702-thread-1] INFO  server.RaftServerConfigKeys (ConfUtils.java:logGet(46)) - raft.server.retrycache.statistics.expirytime = 100μs (default)
2022-08-04 23:32:32,485 [pool-702-thread-1] INFO  server.RaftServerConfigKeys (ConfUtils.java:logGet(46)) - raft.server.log.appender.install.snapshot.enabled = false (custom)
2022-08-04 23:32:32,485 [pool-702-thread-1] INFO  server.RaftServerConfigKeys (ConfUtils.java:logGet(46)) - raft.server.threadpool.server.cached = true (default)
2022-08-04 23:32:32,485 [pool-702-thread-1] INFO  server.RaftServerConfigKeys (ConfUtils.java:logGet(46)) - raft.server.threadpool.server.size = 0 (default)
2022-08-04 23:32:32,485 [pool-702-thread-1] INFO  server.RaftServerConfigKeys (ConfUtils.java:logGet(46)) - raft.server.threadpool.client.cached = true (default)
2022-08-04 23:32:32,485 [pool-702-thread-1] INFO  server.RaftServerConfigKeys (ConfUtils.java:logGet(46)) - raft.server.threadpool.client.size = 0 (default)
2022-08-04 23:32:32,485 [pool-702-thread-1] INFO  server.RaftServer$Division (RaftServerImpl.java:start(310)) - 8d253cf1-16d2-49a5-bb0e-0a4cfea41d88@group-98FC2FDB8410: start as a follower, conf=-1: [59bc66cf-53d9-457c-a8ae-08acbe6cc725|rpc:10.1.0.37:37439|dataStream:|priority:1, 8d253cf1-16d2-49a5-bb0e-0a4cfea41d88|rpc:10.1.0.37:43253|dataStream:|priority:0, d28eef40-6d6f-4886-89ee-28c5370793a3|rpc:10.1.0.37:41155|dataStream:|priority:0], old=null
2022-08-04 23:32:32,485 [pool-702-thread-1] INFO  server.RaftServer$Division (RaftServerImpl.java:setRole(299)) - 8d253cf1-16d2-49a5-bb0e-0a4cfea41d88@group-98FC2FDB8410: changes role from      null to FOLLOWER at term 0 for startAsFollower
2022-08-04 23:32:32,485 [pool-702-thread-1] INFO  impl.RoleInfo (RoleInfo.java:updateAndGet(139)) - 8d253cf1-16d2-49a5-bb0e-0a4cfea41d88: start 8d253cf1-16d2-49a5-bb0e-0a4cfea41d88@group-98FC2FDB8410-FollowerState
2022-08-04 23:32:32,495 [pool-702-thread-1] INFO  util.JmxRegister (JmxRegister.java:tryRegister(44)) - Successfully registered JMX Bean with object name Ratis:service=RaftServer,group=group-98FC2FDB8410,id=8d253cf1-16d2-49a5-bb0e-0a4cfea41d88
2022-08-04 23:32:32,525 [Command processor thread] INFO  commandhandler.CreatePipelineCommandHandler (CreatePipelineCommandHandler.java:handle(113)) - Created Pipeline RATIS THREE PipelineID=4670ff7b-bf93-4b9c-806f-98fc2fdb8410.
2022-08-04 23:32:32,631 [Listener at 127.0.0.1/33557] INFO  ozone.MiniOzoneClusterImpl (MiniOzoneClusterImpl.java:lambda$waitForClusterToBeReady$0(216)) - Nodes are ready. Got 3 of 3 DN Heartbeats.
2022-08-04 23:32:32,631 [Listener at 127.0.0.1/33557] INFO  ozone.MiniOzoneClusterImpl (MiniOzoneClusterImpl.java:lambda$waitForClusterToBeReady$0(219)) - Waiting for cluster to exit safe mode
2022-08-04 23:32:32,631 [Listener at 127.0.0.1/33557] INFO  ozone.MiniOzoneClusterImpl (MiniOzoneClusterImpl.java:lambda$waitForClusterToBeReady$0(221)) - SCM became leader
2022-08-04 23:32:32,683 [Command processor thread] INFO  server.RaftServer (RaftServerProxy.java:addNew(96)) - d28eef40-6d6f-4886-89ee-28c5370793a3: addNew group-C33EE64D25E7:[d28eef40-6d6f-4886-89ee-28c5370793a3|rpc:10.1.0.37:41155|priority:1] returns group-C33EE64D25E7:java.util.concurrent.CompletableFuture@1291674[Not completed]
2022-08-04 23:32:32,683 [pool-679-thread-1] INFO  server.RaftServer$Division (RaftServerImpl.java:<init>(190)) - d28eef40-6d6f-4886-89ee-28c5370793a3: new RaftServerImpl for group-C33EE64D25E7:[d28eef40-6d6f-4886-89ee-28c5370793a3|rpc:10.1.0.37:41155|priority:1] with ContainerStateMachine:uninitialized
2022-08-04 23:32:32,683 [pool-679-thread-1] INFO  server.RaftServerConfigKeys (ConfUtils.java:logGet(46)) - raft.server.rpc.timeout.min = 5s (custom)
2022-08-04 23:32:32,683 [pool-679-thread-1] INFO  server.RaftServerConfigKeys (ConfUtils.java:logGet(46)) - raft.server.rpc.timeout.max = 5200ms (custom)
2022-08-04 23:32:32,683 [pool-679-thread-1] INFO  server.RaftServerConfigKeys (ConfUtils.java:logGet(46)) - raft.server.rpc.sleep.time = 25ms (default)
2022-08-04 23:32:32,684 [pool-679-thread-1] INFO  server.RaftServerConfigKeys (ConfUtils.java:logGet(46)) - raft.server.rpc.slowness.timeout = 300s (custom)
2022-08-04 23:32:32,684 [pool-679-thread-1] INFO  server.RaftServerConfigKeys (ConfUtils.java:logGet(46)) - raft.server.leaderelection.leader.step-down.wait-time = 10s (default)
2022-08-04 23:32:32,684 [pool-679-thread-1] INFO  server.RaftServerConfigKeys (ConfUtils.java:logGet(46)) - raft.server.sleep.deviation.threshold = 300ms (default)
2022-08-04 23:32:32,684 [pool-679-thread-1] INFO  server.RaftServer$Division (ServerState.java:<init>(107)) - d28eef40-6d6f-4886-89ee-28c5370793a3@group-C33EE64D25E7: ConfigurationManager, init=-1: [d28eef40-6d6f-4886-89ee-28c5370793a3|rpc:10.1.0.37:41155|priority:1], old=null, confs=<EMPTY_MAP>
2022-08-04 23:32:32,684 [pool-679-thread-1] INFO  server.RaftServerConfigKeys (ConfUtils.java:logGet(46)) - raft.server.storage.dir = [/home/runner/work/ozone/ozone/hadoop-ozone/integration-test/target/test-dir/MiniOzoneClusterImpl-89b1f4b7-9002-4f1f-8c39-841100745e8e/datanode-1/data/ratis] (custom)
2022-08-04 23:32:32,684 [pool-679-thread-1] INFO  server.RaftServerConfigKeys (ConfUtils.java:logGet(46)) - raft.server.log.corruption.policy = EXCEPTION (default)
2022-08-04 23:32:32,684 [pool-679-thread-1] INFO  server.RaftServerConfigKeys (ConfUtils.java:logGet(46)) - raft.server.storage.free-space.min = 0MB (=0) (default)
2022-08-04 23:32:32,684 [pool-679-thread-1] INFO  storage.RaftStorageDirectory (RaftStorageDirectoryImpl.java:analyzeStorage(135)) - The storage directory /home/runner/work/ozone/ozone/hadoop-ozone/integration-test/target/test-dir/MiniOzoneClusterImpl-89b1f4b7-9002-4f1f-8c39-841100745e8e/datanode-1/data/ratis/69fdb1ba-a270-4353-857b-c33ee64d25e7 does not exist. Creating ...
2022-08-04 23:32:32,691 [pool-679-thread-1] INFO  storage.RaftStorageDirectory (RaftStorageDirectoryImpl.java:tryLock(230)) - Lock on /home/runner/work/ozone/ozone/hadoop-ozone/integration-test/target/test-dir/MiniOzoneClusterImpl-89b1f4b7-9002-4f1f-8c39-841100745e8e/datanode-1/data/ratis/69fdb1ba-a270-4353-857b-c33ee64d25e7/in_use.lock acquired by nodename 5725@fv-az241-597
2022-08-04 23:32:32,692 [pool-679-thread-1] INFO  storage.RaftStorage (RaftStorageImpl.java:format(89)) - Storage directory /home/runner/work/ozone/ozone/hadoop-ozone/integration-test/target/test-dir/MiniOzoneClusterImpl-89b1f4b7-9002-4f1f-8c39-841100745e8e/datanode-1/data/ratis/69fdb1ba-a270-4353-857b-c33ee64d25e7 has been successfully formatted.
2022-08-04 23:32:32,694 [pool-679-thread-1] INFO  ratis.ContainerStateMachine (ContainerStateMachine.java:loadSnapshot(236)) - group-C33EE64D25E7: The snapshot info is null. Setting the last applied indexto:(t:0, i:~)
2022-08-04 23:32:32,694 [pool-679-thread-1] INFO  server.RaftServerConfigKeys (ConfUtils.java:logGet(46)) - raft.server.notification.no-leader.timeout = 300s (custom)
2022-08-04 23:32:32,694 [pool-679-thread-1] INFO  server.RaftServerConfigKeys (ConfUtils.java:logGet(46)) - raft.server.log.use.memory = false (default)
2022-08-04 23:32:32,694 [pool-679-thread-1] INFO  server.RaftServerConfigKeys (ConfUtils.java:logGet(46)) - raft.server.log.purge.gap = 1000000 (custom)
2022-08-04 23:32:32,694 [pool-679-thread-1] INFO  server.RaftServerConfigKeys (ConfUtils.java:logGet(46)) - raft.server.log.appender.buffer.byte-limit = 33554432 (custom)
2022-08-04 23:32:32,694 [pool-679-thread-1] INFO  server.RaftServerConfigKeys (ConfUtils.java:logGet(46)) - raft.server.log.statemachine.data.read.timeout = 1000ms (default)
2022-08-04 23:32:32,694 [pool-679-thread-1] INFO  server.RaftServerConfigKeys (ConfUtils.java:logGet(46)) - raft.server.log.segment.size.max = 1048576 (custom)
2022-08-04 23:32:32,695 [EventQueue-PipelineReportForPipelineReportHandler] INFO  pipeline.PipelineManagerImpl (PipelineManagerImpl.java:openPipeline(367)) - Pipeline Pipeline[ Id: 69fdb1ba-a270-4353-857b-c33ee64d25e7, Nodes: d28eef40-6d6f-4886-89ee-28c5370793a3{ip: 10.1.0.37, host: fv-az241-597.bb25ywkzvhnelkltyshw0e441e.jx.internal.cloudapp.net, ports: [REPLICATION=42411, RATIS=41155, RATIS_ADMIN=41155, RATIS_SERVER=41155, STANDALONE=34361], networkLocation: /default-rack, certSerialId: null, persistedOpState: IN_SERVICE, persistedOpStateExpiryEpochSec: 0}, ReplicationConfig: RATIS/ONE, State:ALLOCATED, leaderId:d28eef40-6d6f-4886-89ee-28c5370793a3, CreationTimestamp2022-08-04T23:32:29.697Z[Etc/UTC]] moved to OPEN state
2022-08-04 23:32:32,695 [pool-679-thread-1] INFO  server.RaftServerConfigKeys (ConfUtils.java:logGet(46)) - raft.server.log.segment.cache.num.max = 2 (custom)
2022-08-04 23:32:32,695 [pool-679-thread-1] INFO  server.RaftServerConfigKeys (ConfUtils.java:logGet(46)) - raft.server.log.segment.cache.size.max = 200MB (=209715200) (default)
2022-08-04 23:32:32,695 [pool-679-thread-1] INFO  segmented.SegmentedRaftLogWorker (SegmentedRaftLogWorker.java:<init>(187)) - new d28eef40-6d6f-4886-89ee-28c5370793a3@group-C33EE64D25E7-SegmentedRaftLogWorker for RaftStorageImpl:Storage Directory /home/runner/work/ozone/ozone/hadoop-ozone/integration-test/target/test-dir/MiniOzoneClusterImpl-89b1f4b7-9002-4f1f-8c39-841100745e8e/datanode-1/data/ratis/69fdb1ba-a270-4353-857b-c33ee64d25e7
2022-08-04 23:32:32,695 [EventQueue-OpenPipelineForHealthyPipelineSafeModeRule] INFO  safemode.SCMSafeModeManager (HealthyPipelineSafeModeRule.java:process(137)) - SCM in safe mode. Healthy pipelines reported count is 0, required healthy pipeline reported count is 1
2022-08-04 23:32:32,695 [pool-679-thread-1] INFO  server.RaftServerConfigKeys (ConfUtils.java:logGet(46)) - raft.server.log.queue.byte-limit = 4294967296 (custom)
2022-08-04 23:32:32,695 [pool-679-thread-1] INFO  server.RaftServerConfigKeys (ConfUtils.java:logGet(46)) - raft.server.log.queue.element-limit = 1024 (custom)
2022-08-04 23:32:32,695 [pool-679-thread-1] INFO  server.RaftServerConfigKeys (ConfUtils.java:logGet(46)) - raft.server.log.segment.size.max = 1048576 (custom)
2022-08-04 23:32:32,695 [pool-679-thread-1] INFO  server.RaftServerConfigKeys (ConfUtils.java:logGet(46)) - raft.server.log.preallocated.size = 16384 (custom)
2022-08-04 23:32:32,695 [pool-679-thread-1] INFO  server.RaftServerConfigKeys (ConfUtils.java:logGet(46)) - raft.server.log.force.sync.num = 128 (default)
2022-08-04 23:32:32,695 [pool-679-thread-1] INFO  server.RaftServerConfigKeys (ConfUtils.java:logGet(46)) - raft.server.log.statemachine.data.sync = true (default)
2022-08-04 23:32:32,695 [pool-679-thread-1] INFO  server.RaftServerConfigKeys (ConfUtils.java:logGet(46)) - raft.server.log.statemachine.data.sync.timeout = 10s (default)
2022-08-04 23:32:32,695 [pool-679-thread-1] INFO  server.RaftServerConfigKeys (ConfUtils.java:logGet(46)) - raft.server.log.statemachine.data.sync.timeout.retry = -1 (default)
2022-08-04 23:32:32,696 [pool-679-thread-1] INFO  server.RaftServerConfigKeys (ConfUtils.java:logGet(46)) - raft.server.log.write.buffer.size = 1048576 (custom)
2022-08-04 23:32:32,696 [pool-679-thread-1] INFO  server.RaftServerConfigKeys (ConfUtils.java:logGet(46)) - raft.server.log.unsafe-flush.enabled = false (default)
2022-08-04 23:32:32,696 [pool-679-thread-1] INFO  server.RaftServerConfigKeys (ConfUtils.java:logGet(46)) - raft.server.log.statemachine.data.caching.enabled = true (custom)
2022-08-04 23:32:32,697 [pool-679-thread-1] INFO  segmented.SegmentedRaftLogWorker (SegmentedRaftLogWorker.java:lambda$new$0(135)) - d28eef40-6d6f-4886-89ee-28c5370793a3@group-C33EE64D25E7-SegmentedRaftLogWorker: flushIndex: setUnconditionally 0 -> -1
2022-08-04 23:32:32,697 [pool-679-thread-1] INFO  segmented.SegmentedRaftLogWorker (SegmentedRaftLogWorker.java:lambda$new$0(135)) - d28eef40-6d6f-4886-89ee-28c5370793a3@group-C33EE64D25E7-SegmentedRaftLogWorker: safeCacheEvictIndex: setUnconditionally 0 -> -1
2022-08-04 23:32:32,708 [pool-679-thread-1] INFO  server.RaftServerConfigKeys (ConfUtils.java:logGet(46)) - raft.server.snapshot.auto.trigger.enabled = true (custom)
2022-08-04 23:32:32,708 [pool-679-thread-1] INFO  server.RaftServerConfigKeys (ConfUtils.java:logGet(46)) - raft.server.snapshot.auto.trigger.threshold = 10000 (custom)
2022-08-04 23:32:32,710 [pool-679-thread-1] INFO  server.RaftServerConfigKeys (ConfUtils.java:logGet(46)) - raft.server.snapshot.retention.file.num = 5 (custom)
2022-08-04 23:32:32,710 [pool-679-thread-1] INFO  server.RaftServerConfigKeys (ConfUtils.java:logGet(46)) - raft.server.log.purge.upto.snapshot.index = false (default)
2022-08-04 23:32:32,710 [pool-679-thread-1] INFO  server.RaftServerConfigKeys (ConfUtils.java:logGet(46)) - raft.server.retrycache.expirytime = 600000ms (custom)
2022-08-04 23:32:32,710 [pool-679-thread-1] INFO  server.RaftServerConfigKeys (ConfUtils.java:logGet(46)) - raft.server.retrycache.statistics.expirytime = 100μs (default)
2022-08-04 23:32:32,711 [pool-679-thread-1] INFO  server.RaftServerConfigKeys (ConfUtils.java:logGet(46)) - raft.server.log.appender.install.snapshot.enabled = false (custom)
2022-08-04 23:32:32,711 [pool-679-thread-1] INFO  server.RaftServerConfigKeys (ConfUtils.java:logGet(46)) - raft.server.threadpool.server.cached = true (default)
2022-08-04 23:32:32,711 [pool-679-thread-1] INFO  server.RaftServerConfigKeys (ConfUtils.java:logGet(46)) - raft.server.threadpool.server.size = 0 (default)
2022-08-04 23:32:32,711 [pool-679-thread-1] INFO  server.RaftServerConfigKeys (ConfUtils.java:logGet(46)) - raft.server.threadpool.client.cached = true (default)
2022-08-04 23:32:32,711 [pool-679-thread-1] INFO  server.RaftServerConfigKeys (ConfUtils.java:logGet(46)) - raft.server.threadpool.client.size = 0 (default)
2022-08-04 23:32:32,711 [pool-679-thread-1] INFO  server.RaftServer$Division (RaftServerImpl.java:start(310)) - d28eef40-6d6f-4886-89ee-28c5370793a3@group-C33EE64D25E7: start as a follower, conf=-1: [d28eef40-6d6f-4886-89ee-28c5370793a3|rpc:10.1.0.37:41155|priority:1], old=null
2022-08-04 23:32:32,711 [pool-679-thread-1] INFO  server.RaftServer$Division (RaftServerImpl.java:setRole(299)) - d28eef40-6d6f-4886-89ee-28c5370793a3@group-C33EE64D25E7: changes role from      null to FOLLOWER at term 0 for startAsFollower
2022-08-04 23:32:32,711 [pool-679-thread-1] INFO  impl.RoleInfo (RoleInfo.java:updateAndGet(139)) - d28eef40-6d6f-4886-89ee-28c5370793a3: start d28eef40-6d6f-4886-89ee-28c5370793a3@group-C33EE64D25E7-FollowerState
2022-08-04 23:32:32,718 [pool-679-thread-1] INFO  util.JmxRegister (JmxRegister.java:tryRegister(44)) - Successfully registered JMX Bean with object name Ratis:service=RaftServer,group=group-C33EE64D25E7,id=d28eef40-6d6f-4886-89ee-28c5370793a3
2022-08-04 23:32:32,718 [Command processor thread] INFO  ratis.XceiverServerRatis (XceiverServerRatis.java:addGroup(765)) - Created group PipelineID=69fdb1ba-a270-4353-857b-c33ee64d25e7
2022-08-04 23:32:32,718 [Command processor thread] INFO  commandhandler.CreatePipelineCommandHandler (CreatePipelineCommandHandler.java:handle(113)) - Created Pipeline RATIS ONE PipelineID=69fdb1ba-a270-4353-857b-c33ee64d25e7.
2022-08-04 23:32:33,635 [Listener at 127.0.0.1/33557] INFO  ozone.MiniOzoneClusterImpl (MiniOzoneClusterImpl.java:lambda$waitForClusterToBeReady$0(216)) - Nodes are ready. Got 3 of 3 DN Heartbeats.
2022-08-04 23:32:33,635 [Listener at 127.0.0.1/33557] INFO  ozone.MiniOzoneClusterImpl (MiniOzoneClusterImpl.java:lambda$waitForClusterToBeReady$0(219)) - Waiting for cluster to exit safe mode
2022-08-04 23:32:33,635 [Listener at 127.0.0.1/33557] INFO  ozone.MiniOzoneClusterImpl (MiniOzoneClusterImpl.java:lambda$waitForClusterToBeReady$0(221)) - SCM became leader
2022-08-04 23:32:33,688 [Command processor thread] INFO  server.RaftServer (RaftServerProxy.java:addNew(96)) - 8d253cf1-16d2-49a5-bb0e-0a4cfea41d88: addNew group-FA4ECE72FC63:[8d253cf1-16d2-49a5-bb0e-0a4cfea41d88|rpc:10.1.0.37:43253|priority:1] returns group-FA4ECE72FC63:java.util.concurrent.CompletableFuture@3b7e9825[Not completed]
2022-08-04 23:32:33,689 [pool-702-thread-1] INFO  server.RaftServer$Division (RaftServerImpl.java:<init>(190)) - 8d253cf1-16d2-49a5-bb0e-0a4cfea41d88: new RaftServerImpl for group-FA4ECE72FC63:[8d253cf1-16d2-49a5-bb0e-0a4cfea41d88|rpc:10.1.0.37:43253|priority:1] with ContainerStateMachine:uninitialized
2022-08-04 23:32:33,689 [pool-702-thread-1] INFO  server.RaftServerConfigKeys (ConfUtils.java:logGet(46)) - raft.server.rpc.timeout.min = 5s (custom)
2022-08-04 23:32:33,689 [pool-702-thread-1] INFO  server.RaftServerConfigKeys (ConfUtils.java:logGet(46)) - raft.server.rpc.timeout.max = 5200ms (custom)
2022-08-04 23:32:33,689 [pool-702-thread-1] INFO  server.RaftServerConfigKeys (ConfUtils.java:logGet(46)) - raft.server.rpc.sleep.time = 25ms (default)
2022-08-04 23:32:33,689 [pool-702-thread-1] INFO  server.RaftServerConfigKeys (ConfUtils.java:logGet(46)) - raft.server.rpc.slowness.timeout = 300s (custom)
2022-08-04 23:32:33,689 [pool-702-thread-1] INFO  server.RaftServerConfigKeys (ConfUtils.java:logGet(46)) - raft.server.leaderelection.leader.step-down.wait-time = 10s (default)
2022-08-04 23:32:33,689 [pool-702-thread-1] INFO  server.RaftServerConfigKeys (ConfUtils.java:logGet(46)) - raft.server.sleep.deviation.threshold = 300ms (default)
2022-08-04 23:32:33,689 [pool-702-thread-1] INFO  server.RaftServer$Division (ServerState.java:<init>(107)) - 8d253cf1-16d2-49a5-bb0e-0a4cfea41d88@group-FA4ECE72FC63: ConfigurationManager, init=-1: [8d253cf1-16d2-49a5-bb0e-0a4cfea41d88|rpc:10.1.0.37:43253|priority:1], old=null, confs=<EMPTY_MAP>
2022-08-04 23:32:33,689 [pool-702-thread-1] INFO  server.RaftServerConfigKeys (ConfUtils.java:logGet(46)) - raft.server.storage.dir = [/home/runner/work/ozone/ozone/hadoop-ozone/integration-test/target/test-dir/MiniOzoneClusterImpl-89b1f4b7-9002-4f1f-8c39-841100745e8e/datanode-2/data/ratis] (custom)
2022-08-04 23:32:33,689 [pool-702-thread-1] INFO  server.RaftServerConfigKeys (ConfUtils.java:logGet(46)) - raft.server.log.corruption.policy = EXCEPTION (default)
2022-08-04 23:32:33,689 [pool-702-thread-1] INFO  server.RaftServerConfigKeys (ConfUtils.java:logGet(46)) - raft.server.storage.free-space.min = 0MB (=0) (default)
2022-08-04 23:32:33,689 [pool-702-thread-1] INFO  storage.RaftStorageDirectory (RaftStorageDirectoryImpl.java:analyzeStorage(135)) - The storage directory /home/runner/work/ozone/ozone/hadoop-ozone/integration-test/target/test-dir/MiniOzoneClusterImpl-89b1f4b7-9002-4f1f-8c39-841100745e8e/datanode-2/data/ratis/01c63254-e5eb-4348-babe-fa4ece72fc63 does not exist. Creating ...
2022-08-04 23:32:33,694 [pool-702-thread-1] INFO  storage.RaftStorageDirectory (RaftStorageDirectoryImpl.java:tryLock(230)) - Lock on /home/runner/work/ozone/ozone/hadoop-ozone/integration-test/target/test-dir/MiniOzoneClusterImpl-89b1f4b7-9002-4f1f-8c39-841100745e8e/datanode-2/data/ratis/01c63254-e5eb-4348-babe-fa4ece72fc63/in_use.lock acquired by nodename 5725@fv-az241-597
2022-08-04 23:32:33,697 [pool-702-thread-1] INFO  storage.RaftStorage (RaftStorageImpl.java:format(89)) - Storage directory /home/runner/work/ozone/ozone/hadoop-ozone/integration-test/target/test-dir/MiniOzoneClusterImpl-89b1f4b7-9002-4f1f-8c39-841100745e8e/datanode-2/data/ratis/01c63254-e5eb-4348-babe-fa4ece72fc63 has been successfully formatted.
2022-08-04 23:32:33,697 [pool-702-thread-1] INFO  ratis.ContainerStateMachine (ContainerStateMachine.java:loadSnapshot(236)) - group-FA4ECE72FC63: The snapshot info is null. Setting the last applied indexto:(t:0, i:~)
2022-08-04 23:32:33,697 [pool-702-thread-1] INFO  server.RaftServerConfigKeys (ConfUtils.java:logGet(46)) - raft.server.notification.no-leader.timeout = 300s (custom)
2022-08-04 23:32:33,697 [pool-702-thread-1] INFO  server.RaftServerConfigKeys (ConfUtils.java:logGet(46)) - raft.server.log.use.memory = false (default)
2022-08-04 23:32:33,698 [pool-702-thread-1] INFO  server.RaftServerConfigKeys (ConfUtils.java:logGet(46)) - raft.server.log.purge.gap = 1000000 (custom)
2022-08-04 23:32:33,698 [pool-702-thread-1] INFO  server.RaftServerConfigKeys (ConfUtils.java:logGet(46)) - raft.server.log.appender.buffer.byte-limit = 33554432 (custom)
2022-08-04 23:32:33,698 [pool-702-thread-1] INFO  server.RaftServerConfigKeys (ConfUtils.java:logGet(46)) - raft.server.log.statemachine.data.read.timeout = 1000ms (default)
2022-08-04 23:32:33,698 [pool-702-thread-1] INFO  server.RaftServerConfigKeys (ConfUtils.java:logGet(46)) - raft.server.log.segment.size.max = 1048576 (custom)
2022-08-04 23:32:33,698 [pool-702-thread-1] INFO  server.RaftServerConfigKeys (ConfUtils.java:logGet(46)) - raft.server.log.segment.cache.num.max = 2 (custom)
2022-08-04 23:32:33,698 [pool-702-thread-1] INFO  server.RaftServerConfigKeys (ConfUtils.java:logGet(46)) - raft.server.log.segment.cache.size.max = 200MB (=209715200) (default)
2022-08-04 23:32:33,698 [pool-702-thread-1] INFO  segmented.SegmentedRaftLogWorker (SegmentedRaftLogWorker.java:<init>(187)) - new 8d253cf1-16d2-49a5-bb0e-0a4cfea41d88@group-FA4ECE72FC63-SegmentedRaftLogWorker for RaftStorageImpl:Storage Directory /home/runner/work/ozone/ozone/hadoop-ozone/integration-test/target/test-dir/MiniOzoneClusterImpl-89b1f4b7-9002-4f1f-8c39-841100745e8e/datanode-2/data/ratis/01c63254-e5eb-4348-babe-fa4ece72fc63
2022-08-04 23:32:33,698 [pool-702-thread-1] INFO  server.RaftServerConfigKeys (ConfUtils.java:logGet(46)) - raft.server.log.queue.byte-limit = 4294967296 (custom)
2022-08-04 23:32:33,698 [pool-702-thread-1] INFO  server.RaftServerConfigKeys (ConfUtils.java:logGet(46)) - raft.server.log.queue.element-limit = 1024 (custom)
2022-08-04 23:32:33,698 [pool-702-thread-1] INFO  server.RaftServerConfigKeys (ConfUtils.java:logGet(46)) - raft.server.log.segment.size.max = 1048576 (custom)
2022-08-04 23:32:33,698 [pool-702-thread-1] INFO  server.RaftServerConfigKeys (ConfUtils.java:logGet(46)) - raft.server.log.preallocated.size = 16384 (custom)
2022-08-04 23:32:33,698 [pool-702-thread-1] INFO  server.RaftServerConfigKeys (ConfUtils.java:logGet(46)) - raft.server.log.force.sync.num = 128 (default)
2022-08-04 23:32:33,698 [pool-702-thread-1] INFO  server.RaftServerConfigKeys (ConfUtils.java:logGet(46)) - raft.server.log.statemachine.data.sync = true (default)
2022-08-04 23:32:33,698 [pool-702-thread-1] INFO  server.RaftServerConfigKeys (ConfUtils.java:logGet(46)) - raft.server.log.statemachine.data.sync.timeout = 10s (default)
2022-08-04 23:32:33,698 [pool-702-thread-1] INFO  server.RaftServerConfigKeys (ConfUtils.java:logGet(46)) - raft.server.log.statemachine.data.sync.timeout.retry = -1 (default)
2022-08-04 23:32:33,699 [pool-702-thread-1] INFO  server.RaftServerConfigKeys (ConfUtils.java:logGet(46)) - raft.server.log.write.buffer.size = 1048576 (custom)
2022-08-04 23:32:33,699 [pool-702-thread-1] INFO  server.RaftServerConfigKeys (ConfUtils.java:logGet(46)) - raft.server.log.unsafe-flush.enabled = false (default)
2022-08-04 23:32:33,700 [pool-702-thread-1] INFO  server.RaftServerConfigKeys (ConfUtils.java:logGet(46)) - raft.server.log.statemachine.data.caching.enabled = true (custom)
2022-08-04 23:32:33,700 [pool-702-thread-1] INFO  segmented.SegmentedRaftLogWorker (SegmentedRaftLogWorker.java:lambda$new$0(135)) - 8d253cf1-16d2-49a5-bb0e-0a4cfea41d88@group-FA4ECE72FC63-SegmentedRaftLogWorker: flushIndex: setUnconditionally 0 -> -1
2022-08-04 23:32:33,700 [pool-702-thread-1] INFO  segmented.SegmentedRaftLogWorker (SegmentedRaftLogWorker.java:lambda$new$0(135)) - 8d253cf1-16d2-49a5-bb0e-0a4cfea41d88@group-FA4ECE72FC63-SegmentedRaftLogWorker: safeCacheEvictIndex: setUnconditionally 0 -> -1
2022-08-04 23:32:33,717 [EventQueue-PipelineReportForPipelineReportHandler] INFO  pipeline.PipelineManagerImpl (PipelineManagerImpl.java:openPipeline(367)) - Pipeline Pipeline[ Id: 01c63254-e5eb-4348-babe-fa4ece72fc63, Nodes: 8d253cf1-16d2-49a5-bb0e-0a4cfea41d88{ip: 10.1.0.37, host: fv-az241-597.bb25ywkzvhnelkltyshw0e441e.jx.internal.cloudapp.net, ports: [REPLICATION=41917, RATIS=43253, RATIS_ADMIN=43253, RATIS_SERVER=43253, STANDALONE=43667], networkLocation: /default-rack, certSerialId: null, persistedOpState: IN_SERVICE, persistedOpStateExpiryEpochSec: 0}, ReplicationConfig: RATIS/ONE, State:ALLOCATED, leaderId:8d253cf1-16d2-49a5-bb0e-0a4cfea41d88, CreationTimestamp2022-08-04T23:32:30.690Z[Etc/UTC]] moved to OPEN state
2022-08-04 23:32:33,717 [EventQueue-OpenPipelineForHealthyPipelineSafeModeRule] INFO  safemode.SCMSafeModeManager (HealthyPipelineSafeModeRule.java:process(137)) - SCM in safe mode. Healthy pipelines reported count is 0, required healthy pipeline reported count is 1
2022-08-04 23:32:33,723 [pool-702-thread-1] INFO  server.RaftServerConfigKeys (ConfUtils.java:logGet(46)) - raft.server.snapshot.auto.trigger.enabled = true (custom)
2022-08-04 23:32:33,723 [pool-702-thread-1] INFO  server.RaftServerConfigKeys (ConfUtils.java:logGet(46)) - raft.server.snapshot.auto.trigger.threshold = 10000 (custom)
2022-08-04 23:32:33,723 [pool-702-thread-1] INFO  server.RaftServerConfigKeys (ConfUtils.java:logGet(46)) - raft.server.snapshot.retention.file.num = 5 (custom)
2022-08-04 23:32:33,723 [pool-702-thread-1] INFO  server.RaftServerConfigKeys (ConfUtils.java:logGet(46)) - raft.server.log.purge.upto.snapshot.index = false (default)
2022-08-04 23:32:33,723 [pool-702-thread-1] INFO  server.RaftServerConfigKeys (ConfUtils.java:logGet(46)) - raft.server.retrycache.expirytime = 600000ms (custom)
2022-08-04 23:32:33,723 [pool-702-thread-1] INFO  server.RaftServerConfigKeys (ConfUtils.java:logGet(46)) - raft.server.retrycache.statistics.expirytime = 100μs (default)
2022-08-04 23:32:33,724 [pool-702-thread-1] INFO  server.RaftServerConfigKeys (ConfUtils.java:logGet(46)) - raft.server.log.appender.install.snapshot.enabled = false (custom)
2022-08-04 23:32:33,724 [pool-702-thread-1] INFO  server.RaftServerConfigKeys (ConfUtils.java:logGet(46)) - raft.server.threadpool.server.cached = true (default)
2022-08-04 23:32:33,724 [pool-702-thread-1] INFO  server.RaftServerConfigKeys (ConfUtils.java:logGet(46)) - raft.server.threadpool.server.size = 0 (default)
2022-08-04 23:32:33,724 [pool-702-thread-1] INFO  server.RaftServerConfigKeys (ConfUtils.java:logGet(46)) - raft.server.threadpool.client.cached = true (default)
2022-08-04 23:32:33,724 [pool-702-thread-1] INFO  server.RaftServerConfigKeys (ConfUtils.java:logGet(46)) - raft.server.threadpool.client.size = 0 (default)
2022-08-04 23:32:33,724 [pool-702-thread-1] INFO  server.RaftServer$Division (RaftServerImpl.java:start(310)) - 8d253cf1-16d2-49a5-bb0e-0a4cfea41d88@group-FA4ECE72FC63: start as a follower, conf=-1: [8d253cf1-16d2-49a5-bb0e-0a4cfea41d88|rpc:10.1.0.37:43253|priority:1], old=null
2022-08-04 23:32:33,724 [pool-702-thread-1] INFO  server.RaftServer$Division (RaftServerImpl.java:setRole(299)) - 8d253cf1-16d2-49a5-bb0e-0a4cfea41d88@group-FA4ECE72FC63: changes role from      null to FOLLOWER at term 0 for startAsFollower
2022-08-04 23:32:33,724 [pool-702-thread-1] INFO  impl.RoleInfo (RoleInfo.java:updateAndGet(139)) - 8d253cf1-16d2-49a5-bb0e-0a4cfea41d88: start 8d253cf1-16d2-49a5-bb0e-0a4cfea41d88@group-FA4ECE72FC63-FollowerState
2022-08-04 23:32:33,727 [pool-702-thread-1] INFO  util.JmxRegister (JmxRegister.java:tryRegister(44)) - Successfully registered JMX Bean with object name Ratis:service=RaftServer,group=group-FA4ECE72FC63,id=8d253cf1-16d2-49a5-bb0e-0a4cfea41d88
2022-08-04 23:32:33,731 [Command processor thread] INFO  ratis.XceiverServerRatis (XceiverServerRatis.java:addGroup(765)) - Created group PipelineID=01c63254-e5eb-4348-babe-fa4ece72fc63
2022-08-04 23:32:33,731 [Command processor thread] INFO  commandhandler.CreatePipelineCommandHandler (CreatePipelineCommandHandler.java:handle(113)) - Created Pipeline RATIS ONE PipelineID=01c63254-e5eb-4348-babe-fa4ece72fc63.
2022-08-04 23:32:34,635 [Listener at 127.0.0.1/33557] INFO  ozone.MiniOzoneClusterImpl (MiniOzoneClusterImpl.java:lambda$waitForClusterToBeReady$0(216)) - Nodes are ready. Got 3 of 3 DN Heartbeats.
2022-08-04 23:32:34,635 [Listener at 127.0.0.1/33557] INFO  ozone.MiniOzoneClusterImpl (MiniOzoneClusterImpl.java:lambda$waitForClusterToBeReady$0(219)) - Waiting for cluster to exit safe mode
2022-08-04 23:32:34,635 [Listener at 127.0.0.1/33557] INFO  ozone.MiniOzoneClusterImpl (MiniOzoneClusterImpl.java:lambda$waitForClusterToBeReady$0(221)) - SCM became leader
2022-08-04 23:32:35,636 [Listener at 127.0.0.1/33557] INFO  ozone.MiniOzoneClusterImpl (MiniOzoneClusterImpl.java:lambda$waitForClusterToBeReady$0(216)) - Nodes are ready. Got 3 of 3 DN Heartbeats.
2022-08-04 23:32:35,637 [Listener at 127.0.0.1/33557] INFO  ozone.MiniOzoneClusterImpl (MiniOzoneClusterImpl.java:lambda$waitForClusterToBeReady$0(219)) - Waiting for cluster to exit safe mode
2022-08-04 23:32:35,637 [Listener at 127.0.0.1/33557] INFO  ozone.MiniOzoneClusterImpl (MiniOzoneClusterImpl.java:lambda$waitForClusterToBeReady$0(221)) - SCM became leader
2022-08-04 23:32:36,637 [Listener at 127.0.0.1/33557] INFO  ozone.MiniOzoneClusterImpl (MiniOzoneClusterImpl.java:lambda$waitForClusterToBeReady$0(216)) - Nodes are ready. Got 3 of 3 DN Heartbeats.
2022-08-04 23:32:36,637 [Listener at 127.0.0.1/33557] INFO  ozone.MiniOzoneClusterImpl (MiniOzoneClusterImpl.java:lambda$waitForClusterToBeReady$0(219)) - Waiting for cluster to exit safe mode
2022-08-04 23:32:36,637 [Listener at 127.0.0.1/33557] INFO  ozone.MiniOzoneClusterImpl (MiniOzoneClusterImpl.java:lambda$waitForClusterToBeReady$0(221)) - SCM became leader
2022-08-04 23:32:36,788 [UnderReplicatedQueueThreadThread] INFO  replication.UnderReplicatedProcessor (UnderReplicatedProcessor.java:processAll(85)) - Processed 0 under replicated containers, failed processing 0
2022-08-04 23:32:36,800 [OverReplicatedQueueThreadThread] INFO  replication.OverReplicatedProcessor (OverReplicatedProcessor.java:processAll(83)) - Processed 0 over replicated containers, failed processing 0
2022-08-04 23:32:36,825 [59bc66cf-53d9-457c-a8ae-08acbe6cc725@group-7DC6E572CF14-FollowerState] INFO  impl.FollowerState (FollowerState.java:run(143)) - 59bc66cf-53d9-457c-a8ae-08acbe6cc725@group-7DC6E572CF14-FollowerState: change to CANDIDATE, lastRpcElapsedTime:5105908412ns, electionTimeout:5104ms
2022-08-04 23:32:36,826 [59bc66cf-53d9-457c-a8ae-08acbe6cc725@group-7DC6E572CF14-FollowerState] INFO  impl.RoleInfo (RoleInfo.java:shutdownFollowerState(110)) - 59bc66cf-53d9-457c-a8ae-08acbe6cc725: shutdown 59bc66cf-53d9-457c-a8ae-08acbe6cc725@group-7DC6E572CF14-FollowerState
2022-08-04 23:32:36,826 [59bc66cf-53d9-457c-a8ae-08acbe6cc725@group-7DC6E572CF14-FollowerState] INFO  server.RaftServer$Division (RaftServerImpl.java:setRole(299)) - 59bc66cf-53d9-457c-a8ae-08acbe6cc725@group-7DC6E572CF14: changes role from  FOLLOWER to CANDIDATE at term 0 for changeToCandidate
2022-08-04 23:32:36,826 [59bc66cf-53d9-457c-a8ae-08acbe6cc725@group-7DC6E572CF14-FollowerState] INFO  server.RaftServerConfigKeys (ConfUtils.java:logGet(46)) - raft.server.leaderelection.pre-vote = false (custom)
2022-08-04 23:32:36,826 [59bc66cf-53d9-457c-a8ae-08acbe6cc725@group-7DC6E572CF14-FollowerState] INFO  impl.RoleInfo (RoleInfo.java:updateAndGet(139)) - 59bc66cf-53d9-457c-a8ae-08acbe6cc725: start 59bc66cf-53d9-457c-a8ae-08acbe6cc725@group-7DC6E572CF14-LeaderElection49
2022-08-04 23:32:36,856 [59bc66cf-53d9-457c-a8ae-08acbe6cc725@group-7DC6E572CF14-LeaderElection49] INFO  impl.LeaderElection (LeaderElection.java:askForVotes(310)) - 59bc66cf-53d9-457c-a8ae-08acbe6cc725@group-7DC6E572CF14-LeaderElection49 ELECTION round 0: submit vote requests at term 1 for -1: [59bc66cf-53d9-457c-a8ae-08acbe6cc725|rpc:10.1.0.37:37439|priority:1], old=null
2022-08-04 23:32:36,856 [59bc66cf-53d9-457c-a8ae-08acbe6cc725@group-7DC6E572CF14-LeaderElection49] INFO  impl.LeaderElection (LeaderElection.java:askForVotes(312)) - 59bc66cf-53d9-457c-a8ae-08acbe6cc725@group-7DC6E572CF14-LeaderElection49 ELECTION round 0: result PASSED (term=1)
2022-08-04 23:32:36,856 [59bc66cf-53d9-457c-a8ae-08acbe6cc725@group-7DC6E572CF14-LeaderElection49] INFO  impl.RoleInfo (RoleInfo.java:shutdownLeaderElection(130)) - 59bc66cf-53d9-457c-a8ae-08acbe6cc725: shutdown 59bc66cf-53d9-457c-a8ae-08acbe6cc725@group-7DC6E572CF14-LeaderElection49
2022-08-04 23:32:36,856 [59bc66cf-53d9-457c-a8ae-08acbe6cc725@group-7DC6E572CF14-LeaderElection49] INFO  server.RaftServer$Division (RaftServerImpl.java:setRole(299)) - 59bc66cf-53d9-457c-a8ae-08acbe6cc725@group-7DC6E572CF14: changes role from CANDIDATE to LEADER at term 1 for changeToLeader
2022-08-04 23:32:36,856 [59bc66cf-53d9-457c-a8ae-08acbe6cc725@group-7DC6E572CF14-LeaderElection49] INFO  ratis.XceiverServerRatis (XceiverServerRatis.java:handleLeaderChangedNotification(863)) - Leader change notification received for group: group-7DC6E572CF14 with new leaderId: 59bc66cf-53d9-457c-a8ae-08acbe6cc725
2022-08-04 23:32:36,857 [59bc66cf-53d9-457c-a8ae-08acbe6cc725@group-7DC6E572CF14-LeaderElection49] INFO  server.RaftServer$Division (ServerState.java:setLeader(287)) - 59bc66cf-53d9-457c-a8ae-08acbe6cc725@group-7DC6E572CF14: change Leader from null to 59bc66cf-53d9-457c-a8ae-08acbe6cc725 at term 1 for becomeLeader, leader elected after 5147ms
2022-08-04 23:32:36,857 [59bc66cf-53d9-457c-a8ae-08acbe6cc725@group-7DC6E572CF14-LeaderElection49] INFO  server.RaftServerConfigKeys (ConfUtils.java:logGet(46)) - raft.server.staging.catchup.gap = 1000 (default)
2022-08-04 23:32:36,857 [59bc66cf-53d9-457c-a8ae-08acbe6cc725@group-7DC6E572CF14-LeaderElection49] INFO  server.RaftServerConfigKeys (ConfUtils.java:logGet(46)) - raft.server.write.element-limit = 1024 (custom)
2022-08-04 23:32:36,857 [59bc66cf-53d9-457c-a8ae-08acbe6cc725@group-7DC6E572CF14-LeaderElection49] INFO  server.RaftServerConfigKeys (ConfUtils.java:logGet(46)) - raft.server.write.byte-limit = 1024 M (=1073741824) (custom)
2022-08-04 23:32:36,858 [59bc66cf-53d9-457c-a8ae-08acbe6cc725@group-7DC6E572CF14-LeaderElection49] INFO  server.RaftServerConfigKeys (ConfUtils.java:logGet(46)) - raft.server.watch.timeout = 180s (custom)
2022-08-04 23:32:36,858 [59bc66cf-53d9-457c-a8ae-08acbe6cc725@group-7DC6E572CF14-LeaderElection49] INFO  server.RaftServerConfigKeys (ConfUtils.java:logGet(46)) - raft.server.watch.timeout.denomination = 1s (default)
2022-08-04 23:32:36,858 [59bc66cf-53d9-457c-a8ae-08acbe6cc725@group-7DC6E572CF14-LeaderElection49] INFO  server.RaftServerConfigKeys (ConfUtils.java:logGet(46)) - raft.server.watch.element-limit = 65536 (default)
2022-08-04 23:32:36,858 [59bc66cf-53d9-457c-a8ae-08acbe6cc725@group-7DC6E572CF14-LeaderElection49] INFO  server.RaftServerConfigKeys (ConfUtils.java:logGet(46)) - raft.server.write.element-limit = 1024 (custom)
2022-08-04 23:32:36,858 [59bc66cf-53d9-457c-a8ae-08acbe6cc725@group-7DC6E572CF14-LeaderElection49] INFO  server.RaftServerConfigKeys (ConfUtils.java:logGet(46)) - raft.server.write.follower.gap.ratio.max = -1.0 (default)
2022-08-04 23:32:36,858 [59bc66cf-53d9-457c-a8ae-08acbe6cc725@group-7DC6E572CF14-LeaderElection49] INFO  impl.RoleInfo (RoleInfo.java:updateAndGet(139)) - 59bc66cf-53d9-457c-a8ae-08acbe6cc725: start 59bc66cf-53d9-457c-a8ae-08acbe6cc725@group-7DC6E572CF14-LeaderStateImpl
2022-08-04 23:32:36,858 [59bc66cf-53d9-457c-a8ae-08acbe6cc725@group-7DC6E572CF14-LeaderElection49] INFO  segmented.SegmentedRaftLogWorker (SegmentedRaftLogWorker.java:startLogSegment(425)) - 59bc66cf-53d9-457c-a8ae-08acbe6cc725@group-7DC6E572CF14-SegmentedRaftLogWorker: Starting segment from index:0
2022-08-04 23:32:36,868 [EventQueue-OpenPipelineForHealthyPipelineSafeModeRule] INFO  safemode.SCMSafeModeManager (HealthyPipelineSafeModeRule.java:process(137)) - SCM in safe mode. Healthy pipelines reported count is 0, required healthy pipeline reported count is 1
2022-08-04 23:32:36,877 [59bc66cf-53d9-457c-a8ae-08acbe6cc725@group-7DC6E572CF14-SegmentedRaftLogWorker] INFO  segmented.SegmentedRaftLogWorker (SegmentedRaftLogWorker.java:execute(629)) - 59bc66cf-53d9-457c-a8ae-08acbe6cc725@group-7DC6E572CF14-SegmentedRaftLogWorker: created new log segment /home/runner/work/ozone/ozone/hadoop-ozone/integration-test/target/test-dir/MiniOzoneClusterImpl-89b1f4b7-9002-4f1f-8c39-841100745e8e/datanode-0/data/ratis/714a08f2-4752-4571-889b-7dc6e572cf14/current/log_inprogress_0
2022-08-04 23:32:36,880 [59bc66cf-53d9-457c-a8ae-08acbe6cc725@group-7DC6E572CF14-LeaderElection49] INFO  server.RaftServer$Division (ServerState.java:setRaftConf(393)) - 59bc66cf-53d9-457c-a8ae-08acbe6cc725@group-7DC6E572CF14: set configuration 0: [59bc66cf-53d9-457c-a8ae-08acbe6cc725|rpc:10.1.0.37:37439|dataStream:|priority:1], old=null
2022-08-04 23:32:36,957 [59bc66cf-53d9-457c-a8ae-08acbe6cc725@group-98EFE7A21175-FollowerState] INFO  impl.FollowerState (FollowerState.java:run(143)) - 59bc66cf-53d9-457c-a8ae-08acbe6cc725@group-98EFE7A21175-FollowerState: change to CANDIDATE, lastRpcElapsedTime:5152398236ns, electionTimeout:5146ms
2022-08-04 23:32:36,957 [59bc66cf-53d9-457c-a8ae-08acbe6cc725@group-98EFE7A21175-FollowerState] INFO  impl.RoleInfo (RoleInfo.java:shutdownFollowerState(110)) - 59bc66cf-53d9-457c-a8ae-08acbe6cc725: shutdown 59bc66cf-53d9-457c-a8ae-08acbe6cc725@group-98EFE7A21175-FollowerState
2022-08-04 23:32:36,957 [59bc66cf-53d9-457c-a8ae-08acbe6cc725@group-98EFE7A21175-FollowerState] INFO  server.RaftServer$Division (RaftServerImpl.java:setRole(299)) - 59bc66cf-53d9-457c-a8ae-08acbe6cc725@group-98EFE7A21175: changes role from  FOLLOWER to CANDIDATE at term 0 for changeToCandidate
2022-08-04 23:32:36,957 [59bc66cf-53d9-457c-a8ae-08acbe6cc725@group-98EFE7A21175-FollowerState] INFO  server.RaftServerConfigKeys (ConfUtils.java:logGet(46)) - raft.server.leaderelection.pre-vote = false (custom)
2022-08-04 23:32:36,957 [59bc66cf-53d9-457c-a8ae-08acbe6cc725@group-98EFE7A21175-FollowerState] INFO  impl.RoleInfo (RoleInfo.java:updateAndGet(139)) - 59bc66cf-53d9-457c-a8ae-08acbe6cc725: start 59bc66cf-53d9-457c-a8ae-08acbe6cc725@group-98EFE7A21175-LeaderElection50
2022-08-04 23:32:36,995 [59bc66cf-53d9-457c-a8ae-08acbe6cc725@group-98EFE7A21175-LeaderElection50] INFO  impl.LeaderElection (LeaderElection.java:askForVotes(310)) - 59bc66cf-53d9-457c-a8ae-08acbe6cc725@group-98EFE7A21175-LeaderElection50 ELECTION round 0: submit vote requests at term 1 for -1: [59bc66cf-53d9-457c-a8ae-08acbe6cc725|rpc:10.1.0.37:37439|priority:0, 8d253cf1-16d2-49a5-bb0e-0a4cfea41d88|rpc:10.1.0.37:43253|priority:0, d28eef40-6d6f-4886-89ee-28c5370793a3|rpc:10.1.0.37:41155|priority:1], old=null
2022-08-04 23:32:37,083 [grpc-default-executor-0] INFO  server.RaftServer$Division (RaftServerImpl.java:requestVote(1152)) - d28eef40-6d6f-4886-89ee-28c5370793a3@group-98EFE7A21175: receive requestVote(ELECTION, 59bc66cf-53d9-457c-a8ae-08acbe6cc725, group-98EFE7A21175, 1, (t:0, i:0))
2022-08-04 23:32:37,083 [grpc-default-executor-0] INFO  impl.VoteContext (VoteContext.java:log(48)) - d28eef40-6d6f-4886-89ee-28c5370793a3@group-98EFE7A21175-FOLLOWER: reject ELECTION from 59bc66cf-53d9-457c-a8ae-08acbe6cc725: our priority 1 > candidate's priority 0
2022-08-04 23:32:37,083 [grpc-default-executor-0] INFO  server.RaftServer$Division (RaftServerImpl.java:setRole(299)) - d28eef40-6d6f-4886-89ee-28c5370793a3@group-98EFE7A21175: changes role from  FOLLOWER to FOLLOWER at term 1 for candidate:59bc66cf-53d9-457c-a8ae-08acbe6cc725
2022-08-04 23:32:37,083 [grpc-default-executor-0] INFO  impl.RoleInfo (RoleInfo.java:shutdownFollowerState(110)) - d28eef40-6d6f-4886-89ee-28c5370793a3: shutdown d28eef40-6d6f-4886-89ee-28c5370793a3@group-98EFE7A21175-FollowerState
2022-08-04 23:32:37,084 [grpc-default-executor-0] INFO  impl.RoleInfo (RoleInfo.java:updateAndGet(139)) - d28eef40-6d6f-4886-89ee-28c5370793a3: start d28eef40-6d6f-4886-89ee-28c5370793a3@group-98EFE7A21175-FollowerState
2022-08-04 23:32:37,084 [d28eef40-6d6f-4886-89ee-28c5370793a3@group-98EFE7A21175-FollowerState] INFO  impl.FollowerState (FollowerState.java:run(152)) - d28eef40-6d6f-4886-89ee-28c5370793a3@group-98EFE7A21175-FollowerState was interrupted
2022-08-04 23:32:37,104 [grpc-default-executor-0] INFO  server.RaftServer$Division (RaftServerImpl.java:requestVote(1184)) - d28eef40-6d6f-4886-89ee-28c5370793a3@group-98EFE7A21175 replies to ELECTION vote request: 59bc66cf-53d9-457c-a8ae-08acbe6cc725<-d28eef40-6d6f-4886-89ee-28c5370793a3#0:FAIL-t1. Peer's state: d28eef40-6d6f-4886-89ee-28c5370793a3@group-98EFE7A21175:t1, leader=null, voted=null, raftlog=d28eef40-6d6f-4886-89ee-28c5370793a3@group-98EFE7A21175-SegmentedRaftLog:OPENED:c-1, conf=-1: [59bc66cf-53d9-457c-a8ae-08acbe6cc725|rpc:10.1.0.37:37439|dataStream:|priority:0, 8d253cf1-16d2-49a5-bb0e-0a4cfea41d88|rpc:10.1.0.37:43253|dataStream:|priority:0, d28eef40-6d6f-4886-89ee-28c5370793a3|rpc:10.1.0.37:41155|dataStream:|priority:1], old=null
2022-08-04 23:32:37,125 [grpc-default-executor-1] INFO  server.RaftServer$Division (RaftServerImpl.java:requestVote(1152)) - 8d253cf1-16d2-49a5-bb0e-0a4cfea41d88@group-98EFE7A21175: receive requestVote(ELECTION, 59bc66cf-53d9-457c-a8ae-08acbe6cc725, group-98EFE7A21175, 1, (t:0, i:0))
2022-08-04 23:32:37,125 [grpc-default-executor-1] INFO  impl.VoteContext (VoteContext.java:log(48)) - 8d253cf1-16d2-49a5-bb0e-0a4cfea41d88@group-98EFE7A21175-FOLLOWER: accept ELECTION from 59bc66cf-53d9-457c-a8ae-08acbe6cc725: our priority 0 <= candidate's priority 0
2022-08-04 23:32:37,125 [grpc-default-executor-1] INFO  server.RaftServer$Division (RaftServerImpl.java:setRole(299)) - 8d253cf1-16d2-49a5-bb0e-0a4cfea41d88@group-98EFE7A21175: changes role from  FOLLOWER to FOLLOWER at term 1 for candidate:59bc66cf-53d9-457c-a8ae-08acbe6cc725
2022-08-04 23:32:37,125 [grpc-default-executor-1] INFO  impl.RoleInfo (RoleInfo.java:shutdownFollowerState(110)) - 8d253cf1-16d2-49a5-bb0e-0a4cfea41d88: shutdown 8d253cf1-16d2-49a5-bb0e-0a4cfea41d88@group-98EFE7A21175-FollowerState
2022-08-04 23:32:37,125 [grpc-default-executor-1] INFO  impl.RoleInfo (RoleInfo.java:updateAndGet(139)) - 8d253cf1-16d2-49a5-bb0e-0a4cfea41d88: start 8d253cf1-16d2-49a5-bb0e-0a4cfea41d88@group-98EFE7A21175-FollowerState
2022-08-04 23:32:37,125 [8d253cf1-16d2-49a5-bb0e-0a4cfea41d88@group-98EFE7A21175-FollowerState] INFO  impl.FollowerState (FollowerState.java:run(152)) - 8d253cf1-16d2-49a5-bb0e-0a4cfea41d88@group-98EFE7A21175-FollowerState was interrupted
2022-08-04 23:32:37,140 [59bc66cf-53d9-457c-a8ae-08acbe6cc725@group-98EFE7A21175-LeaderElection50] INFO  impl.LeaderElection (LeaderElection.java:logAndReturn(90)) - 59bc66cf-53d9-457c-a8ae-08acbe6cc725@group-98EFE7A21175-LeaderElection50: ELECTION REJECTED received 1 response(s) and 0 exception(s):
2022-08-04 23:32:37,140 [59bc66cf-53d9-457c-a8ae-08acbe6cc725@group-98EFE7A21175-LeaderElection50] INFO  impl.LeaderElection (LeaderElection.java:logAndReturn(94)) -   Response 0: 59bc66cf-53d9-457c-a8ae-08acbe6cc725<-d28eef40-6d6f-4886-89ee-28c5370793a3#0:FAIL-t1
2022-08-04 23:32:37,140 [59bc66cf-53d9-457c-a8ae-08acbe6cc725@group-98EFE7A21175-LeaderElection50] INFO  impl.LeaderElection (LeaderElection.java:askForVotes(312)) - 59bc66cf-53d9-457c-a8ae-08acbe6cc725@group-98EFE7A21175-LeaderElection50 ELECTION round 0: result REJECTED
2022-08-04 23:32:37,140 [59bc66cf-53d9-457c-a8ae-08acbe6cc725@group-98EFE7A21175-LeaderElection50] INFO  server.RaftServer$Division (RaftServerImpl.java:setRole(299)) - 59bc66cf-53d9-457c-a8ae-08acbe6cc725@group-98EFE7A21175: changes role from CANDIDATE to FOLLOWER at term 1 for REJECTED
2022-08-04 23:32:37,140 [59bc66cf-53d9-457c-a8ae-08acbe6cc725@group-98EFE7A21175-LeaderElection50] INFO  impl.RoleInfo (RoleInfo.java:shutdownLeaderElection(130)) - 59bc66cf-53d9-457c-a8ae-08acbe6cc725: shutdown 59bc66cf-53d9-457c-a8ae-08acbe6cc725@group-98EFE7A21175-LeaderElection50
2022-08-04 23:32:37,140 [59bc66cf-53d9-457c-a8ae-08acbe6cc725@group-98EFE7A21175-LeaderElection50] INFO  impl.RoleInfo (RoleInfo.java:updateAndGet(139)) - 59bc66cf-53d9-457c-a8ae-08acbe6cc725: start 59bc66cf-53d9-457c-a8ae-08acbe6cc725@group-98EFE7A21175-FollowerState
2022-08-04 23:32:37,146 [grpc-default-executor-1] INFO  server.RaftServer$Division (RaftServerImpl.java:requestVote(1184)) - 8d253cf1-16d2-49a5-bb0e-0a4cfea41d88@group-98EFE7A21175 replies to ELECTION vote request: 59bc66cf-53d9-457c-a8ae-08acbe6cc725<-8d253cf1-16d2-49a5-bb0e-0a4cfea41d88#0:OK-t1. Peer's state: 8d253cf1-16d2-49a5-bb0e-0a4cfea41d88@group-98EFE7A21175:t1, leader=null, voted=59bc66cf-53d9-457c-a8ae-08acbe6cc725, raftlog=8d253cf1-16d2-49a5-bb0e-0a4cfea41d88@group-98EFE7A21175-SegmentedRaftLog:OPENED:c-1, conf=-1: [59bc66cf-53d9-457c-a8ae-08acbe6cc725|rpc:10.1.0.37:37439|dataStream:|priority:0, 8d253cf1-16d2-49a5-bb0e-0a4cfea41d88|rpc:10.1.0.37:43253|dataStream:|priority:0, d28eef40-6d6f-4886-89ee-28c5370793a3|rpc:10.1.0.37:41155|dataStream:|priority:1], old=null
2022-08-04 23:32:37,339 [59bc66cf-53d9-457c-a8ae-08acbe6cc725@group-98FC2FDB8410-FollowerState] INFO  impl.FollowerState (FollowerState.java:run(143)) - 59bc66cf-53d9-457c-a8ae-08acbe6cc725@group-98FC2FDB8410-FollowerState: change to CANDIDATE, lastRpcElapsedTime:5022749531ns, electionTimeout:5022ms
2022-08-04 23:32:37,339 [59bc66cf-53d9-457c-a8ae-08acbe6cc725@group-98FC2FDB8410-FollowerState] INFO  impl.RoleInfo (RoleInfo.java:shutdownFollowerState(110)) - 59bc66cf-53d9-457c-a8ae-08acbe6cc725: shutdown 59bc66cf-53d9-457c-a8ae-08acbe6cc725@group-98FC2FDB8410-FollowerState
2022-08-04 23:32:37,339 [59bc66cf-53d9-457c-a8ae-08acbe6cc725@group-98FC2FDB8410-FollowerState] INFO  server.RaftServer$Division (RaftServerImpl.java:setRole(299)) - 59bc66cf-53d9-457c-a8ae-08acbe6cc725@group-98FC2FDB8410: changes role from  FOLLOWER to CANDIDATE at term 0 for changeToCandidate
2022-08-04 23:32:37,339 [59bc66cf-53d9-457c-a8ae-08acbe6cc725@group-98FC2FDB8410-FollowerState] INFO  server.RaftServerConfigKeys (ConfUtils.java:logGet(46)) - raft.server.leaderelection.pre-vote = false (custom)
2022-08-04 23:32:37,339 [59bc66cf-53d9-457c-a8ae-08acbe6cc725@group-98FC2FDB8410-FollowerState] INFO  impl.RoleInfo (RoleInfo.java:updateAndGet(139)) - 59bc66cf-53d9-457c-a8ae-08acbe6cc725: start 59bc66cf-53d9-457c-a8ae-08acbe6cc725@group-98FC2FDB8410-LeaderElection51
2022-08-04 23:32:37,377 [d28eef40-6d6f-4886-89ee-28c5370793a3@group-98FC2FDB8410-FollowerState] INFO  impl.FollowerState (FollowerState.java:run(143)) - d28eef40-6d6f-4886-89ee-28c5370793a3@group-98FC2FDB8410-FollowerState: change to CANDIDATE, lastRpcElapsedTime:5006720420ns, electionTimeout:5001ms
2022-08-04 23:32:37,377 [d28eef40-6d6f-4886-89ee-28c5370793a3@group-98FC2FDB8410-FollowerState] INFO  impl.RoleInfo (RoleInfo.java:shutdownFollowerState(110)) - d28eef40-6d6f-4886-89ee-28c5370793a3: shutdown d28eef40-6d6f-4886-89ee-28c5370793a3@group-98FC2FDB8410-FollowerState
2022-08-04 23:32:37,377 [d28eef40-6d6f-4886-89ee-28c5370793a3@group-98FC2FDB8410-FollowerState] INFO  server.RaftServer$Division (RaftServerImpl.java:setRole(299)) - d28eef40-6d6f-4886-89ee-28c5370793a3@group-98FC2FDB8410: changes role from  FOLLOWER to CANDIDATE at term 0 for changeToCandidate
2022-08-04 23:32:37,377 [d28eef40-6d6f-4886-89ee-28c5370793a3@group-98FC2FDB8410-FollowerState] INFO  server.RaftServerConfigKeys (ConfUtils.java:logGet(46)) - raft.server.leaderelection.pre-vote = false (custom)
2022-08-04 23:32:37,377 [d28eef40-6d6f-4886-89ee-28c5370793a3@group-98FC2FDB8410-FollowerState] INFO  impl.RoleInfo (RoleInfo.java:updateAndGet(139)) - d28eef40-6d6f-4886-89ee-28c5370793a3: start d28eef40-6d6f-4886-89ee-28c5370793a3@group-98FC2FDB8410-LeaderElection52
2022-08-04 23:32:37,377 [59bc66cf-53d9-457c-a8ae-08acbe6cc725@group-98FC2FDB8410-LeaderElection51] INFO  impl.LeaderElection (LeaderElection.java:askForVotes(310)) - 59bc66cf-53d9-457c-a8ae-08acbe6cc725@group-98FC2FDB8410-LeaderElection51 ELECTION round 0: submit vote requests at term 1 for -1: [59bc66cf-53d9-457c-a8ae-08acbe6cc725|rpc:10.1.0.37:37439|priority:1, 8d253cf1-16d2-49a5-bb0e-0a4cfea41d88|rpc:10.1.0.37:43253|priority:0, d28eef40-6d6f-4886-89ee-28c5370793a3|rpc:10.1.0.37:41155|priority:0], old=null
2022-08-04 23:32:37,429 [d28eef40-6d6f-4886-89ee-28c5370793a3@group-98FC2FDB8410-LeaderElection52] INFO  impl.LeaderElection (LeaderElection.java:askForVotes(310)) - d28eef40-6d6f-4886-89ee-28c5370793a3@group-98FC2FDB8410-LeaderElection52 ELECTION round 0: submit vote requests at term 1 for -1: [59bc66cf-53d9-457c-a8ae-08acbe6cc725|rpc:10.1.0.37:37439|dataStream:|priority:1, 8d253cf1-16d2-49a5-bb0e-0a4cfea41d88|rpc:10.1.0.37:43253|dataStream:|priority:0, d28eef40-6d6f-4886-89ee-28c5370793a3|rpc:10.1.0.37:41155|dataStream:|priority:0], old=null
2022-08-04 23:32:37,439 [grpc-default-executor-0] INFO  server.RaftServer$Division (RaftServerImpl.java:requestVote(1152)) - d28eef40-6d6f-4886-89ee-28c5370793a3@group-98FC2FDB8410: receive requestVote(ELECTION, 59bc66cf-53d9-457c-a8ae-08acbe6cc725, group-98FC2FDB8410, 1, (t:0, i:0))
2022-08-04 23:32:37,439 [grpc-default-executor-0] INFO  impl.VoteContext (VoteContext.java:log(48)) - d28eef40-6d6f-4886-89ee-28c5370793a3@group-98FC2FDB8410-CANDIDATE: reject ELECTION from 59bc66cf-53d9-457c-a8ae-08acbe6cc725: already has voted for d28eef40-6d6f-4886-89ee-28c5370793a3 at current term 1
2022-08-04 23:32:37,463 [grpc-default-executor-0] INFO  server.RaftServer$Division (RaftServerImpl.java:requestVote(1184)) - d28eef40-6d6f-4886-89ee-28c5370793a3@group-98FC2FDB8410 replies to ELECTION vote request: 59bc66cf-53d9-457c-a8ae-08acbe6cc725<-d28eef40-6d6f-4886-89ee-28c5370793a3#0:FAIL-t1. Peer's state: d28eef40-6d6f-4886-89ee-28c5370793a3@group-98FC2FDB8410:t1, leader=null, voted=d28eef40-6d6f-4886-89ee-28c5370793a3, raftlog=d28eef40-6d6f-4886-89ee-28c5370793a3@group-98FC2FDB8410-SegmentedRaftLog:OPENED:c-1, conf=-1: [59bc66cf-53d9-457c-a8ae-08acbe6cc725|rpc:10.1.0.37:37439|dataStream:|priority:1, 8d253cf1-16d2-49a5-bb0e-0a4cfea41d88|rpc:10.1.0.37:43253|dataStream:|priority:0, d28eef40-6d6f-4886-89ee-28c5370793a3|rpc:10.1.0.37:41155|dataStream:|priority:0], old=null
2022-08-04 23:32:37,495 [grpc-default-executor-1] INFO  server.RaftServer$Division (RaftServerImpl.java:requestVote(1152)) - 8d253cf1-16d2-49a5-bb0e-0a4cfea41d88@group-98FC2FDB8410: receive requestVote(ELECTION, 59bc66cf-53d9-457c-a8ae-08acbe6cc725, group-98FC2FDB8410, 1, (t:0, i:0))
2022-08-04 23:32:37,495 [grpc-default-executor-1] INFO  impl.VoteContext (VoteContext.java:log(48)) - 8d253cf1-16d2-49a5-bb0e-0a4cfea41d88@group-98FC2FDB8410-FOLLOWER: accept ELECTION from 59bc66cf-53d9-457c-a8ae-08acbe6cc725: our priority 0 <= candidate's priority 1
2022-08-04 23:32:37,495 [grpc-default-executor-1] INFO  server.RaftServer$Division (RaftServerImpl.java:setRole(299)) - 8d253cf1-16d2-49a5-bb0e-0a4cfea41d88@group-98FC2FDB8410: changes role from  FOLLOWER to FOLLOWER at term 1 for candidate:59bc66cf-53d9-457c-a8ae-08acbe6cc725
2022-08-04 23:32:37,495 [grpc-default-executor-1] INFO  impl.RoleInfo (RoleInfo.java:shutdownFollowerState(110)) - 8d253cf1-16d2-49a5-bb0e-0a4cfea41d88: shutdown 8d253cf1-16d2-49a5-bb0e-0a4cfea41d88@group-98FC2FDB8410-FollowerState
2022-08-04 23:32:37,495 [grpc-default-executor-1] INFO  impl.RoleInfo (RoleInfo.java:updateAndGet(139)) - 8d253cf1-16d2-49a5-bb0e-0a4cfea41d88: start 8d253cf1-16d2-49a5-bb0e-0a4cfea41d88@group-98FC2FDB8410-FollowerState
2022-08-04 23:32:37,496 [8d253cf1-16d2-49a5-bb0e-0a4cfea41d88@group-98FC2FDB8410-FollowerState] INFO  impl.FollowerState (FollowerState.java:run(152)) - 8d253cf1-16d2-49a5-bb0e-0a4cfea41d88@group-98FC2FDB8410-FollowerState was interrupted
2022-08-04 23:32:37,506 [grpc-default-executor-1] INFO  server.RaftServer$Division (RaftServerImpl.java:requestVote(1184)) - 8d253cf1-16d2-49a5-bb0e-0a4cfea41d88@group-98FC2FDB8410 replies to ELECTION vote request: 59bc66cf-53d9-457c-a8ae-08acbe6cc725<-8d253cf1-16d2-49a5-bb0e-0a4cfea41d88#0:OK-t1. Peer's state: 8d253cf1-16d2-49a5-bb0e-0a4cfea41d88@group-98FC2FDB8410:t1, leader=null, voted=59bc66cf-53d9-457c-a8ae-08acbe6cc725, raftlog=8d253cf1-16d2-49a5-bb0e-0a4cfea41d88@group-98FC2FDB8410-SegmentedRaftLog:OPENED:c-1, conf=-1: [59bc66cf-53d9-457c-a8ae-08acbe6cc725|rpc:10.1.0.37:37439|dataStream:|priority:1, 8d253cf1-16d2-49a5-bb0e-0a4cfea41d88|rpc:10.1.0.37:43253|dataStream:|priority:0, d28eef40-6d6f-4886-89ee-28c5370793a3|rpc:10.1.0.37:41155|dataStream:|priority:0], old=null
2022-08-04 23:32:37,511 [59bc66cf-53d9-457c-a8ae-08acbe6cc725@group-98FC2FDB8410-LeaderElection51] INFO  impl.LeaderElection (LeaderElection.java:logAndReturn(90)) - 59bc66cf-53d9-457c-a8ae-08acbe6cc725@group-98FC2FDB8410-LeaderElection51: ELECTION PASSED received 2 response(s) and 0 exception(s):
2022-08-04 23:32:37,511 [59bc66cf-53d9-457c-a8ae-08acbe6cc725@group-98FC2FDB8410-LeaderElection51] INFO  impl.LeaderElection (LeaderElection.java:logAndReturn(94)) -   Response 0: 59bc66cf-53d9-457c-a8ae-08acbe6cc725<-8d253cf1-16d2-49a5-bb0e-0a4cfea41d88#0:OK-t1
2022-08-04 23:32:37,511 [59bc66cf-53d9-457c-a8ae-08acbe6cc725@group-98FC2FDB8410-LeaderElection51] INFO  impl.LeaderElection (LeaderElection.java:logAndReturn(94)) -   Response 1: 59bc66cf-53d9-457c-a8ae-08acbe6cc725<-d28eef40-6d6f-4886-89ee-28c5370793a3#0:FAIL-t1
2022-08-04 23:32:37,511 [59bc66cf-53d9-457c-a8ae-08acbe6cc725@group-98FC2FDB8410-LeaderElection51] INFO  impl.LeaderElection (LeaderElection.java:askForVotes(312)) - 59bc66cf-53d9-457c-a8ae-08acbe6cc725@group-98FC2FDB8410-LeaderElection51 ELECTION round 0: result PASSED
2022-08-04 23:32:37,511 [59bc66cf-53d9-457c-a8ae-08acbe6cc725@group-98FC2FDB8410-LeaderElection51] INFO  impl.RoleInfo (RoleInfo.java:shutdownLeaderElection(130)) - 59bc66cf-53d9-457c-a8ae-08acbe6cc725: shutdown 59bc66cf-53d9-457c-a8ae-08acbe6cc725@group-98FC2FDB8410-LeaderElection51
2022-08-04 23:32:37,511 [59bc66cf-53d9-457c-a8ae-08acbe6cc725@group-98FC2FDB8410-LeaderElection51] INFO  server.RaftServer$Division (RaftServerImpl.java:setRole(299)) - 59bc66cf-53d9-457c-a8ae-08acbe6cc725@group-98FC2FDB8410: changes role from CANDIDATE to LEADER at term 1 for changeToLeader
2022-08-04 23:32:37,511 [59bc66cf-53d9-457c-a8ae-08acbe6cc725@group-98FC2FDB8410-LeaderElection51] INFO  ratis.XceiverServerRatis (XceiverServerRatis.java:handleLeaderChangedNotification(863)) - Leader change notification received for group: group-98FC2FDB8410 with new leaderId: 59bc66cf-53d9-457c-a8ae-08acbe6cc725
2022-08-04 23:32:37,512 [59bc66cf-53d9-457c-a8ae-08acbe6cc725@group-98FC2FDB8410-LeaderElection51] INFO  server.RaftServer$Division (ServerState.java:setLeader(287)) - 59bc66cf-53d9-457c-a8ae-08acbe6cc725@group-98FC2FDB8410: change Leader from null to 59bc66cf-53d9-457c-a8ae-08acbe6cc725 at term 1 for becomeLeader, leader elected after 5200ms
2022-08-04 23:32:37,512 [59bc66cf-53d9-457c-a8ae-08acbe6cc725@group-98FC2FDB8410-LeaderElection51] INFO  server.RaftServerConfigKeys (ConfUtils.java:logGet(46)) - raft.server.staging.catchup.gap = 1000 (default)
2022-08-04 23:32:37,512 [59bc66cf-53d9-457c-a8ae-08acbe6cc725@group-98FC2FDB8410-LeaderElection51] INFO  server.RaftServerConfigKeys (ConfUtils.java:logGet(46)) - raft.server.write.element-limit = 1024 (custom)
2022-08-04 23:32:37,512 [59bc66cf-53d9-457c-a8ae-08acbe6cc725@group-98FC2FDB8410-LeaderElection51] INFO  server.RaftServerConfigKeys (ConfUtils.java:logGet(46)) - raft.server.write.byte-limit = 1024 M (=1073741824) (custom)
2022-08-04 23:32:37,512 [59bc66cf-53d9-457c-a8ae-08acbe6cc725@group-98FC2FDB8410-LeaderElection51] INFO  server.RaftServerConfigKeys (ConfUtils.java:logGet(46)) - raft.server.watch.timeout = 180s (custom)
2022-08-04 23:32:37,512 [59bc66cf-53d9-457c-a8ae-08acbe6cc725@group-98FC2FDB8410-LeaderElection51] INFO  server.RaftServerConfigKeys (ConfUtils.java:logGet(46)) - raft.server.watch.timeout.denomination = 1s (default)
2022-08-04 23:32:37,512 [59bc66cf-53d9-457c-a8ae-08acbe6cc725@group-98FC2FDB8410-LeaderElection51] INFO  server.RaftServerConfigKeys (ConfUtils.java:logGet(46)) - raft.server.watch.element-limit = 65536 (default)
2022-08-04 23:32:37,512 [59bc66cf-53d9-457c-a8ae-08acbe6cc725@group-98FC2FDB8410-LeaderElection51] INFO  server.RaftServerConfigKeys (ConfUtils.java:logGet(46)) - raft.server.write.element-limit = 1024 (custom)
2022-08-04 23:32:37,512 [59bc66cf-53d9-457c-a8ae-08acbe6cc725@group-98FC2FDB8410-LeaderElection51] INFO  server.RaftServerConfigKeys (ConfUtils.java:logGet(46)) - raft.server.write.follower.gap.ratio.max = -1.0 (default)
2022-08-04 23:32:37,513 [59bc66cf-53d9-457c-a8ae-08acbe6cc725@group-98FC2FDB8410-LeaderElection51] INFO  server.RaftServerConfigKeys (ConfUtils.java:logGet(46)) - raft.server.log.appender.snapshot.chunk.size.max = 16MB (=16777216) (default)
2022-08-04 23:32:37,513 [59bc66cf-53d9-457c-a8ae-08acbe6cc725@group-98FC2FDB8410-LeaderElection51] INFO  server.RaftServerConfigKeys (ConfUtils.java:logGet(46)) - raft.server.log.appender.buffer.byte-limit = 33554432 (custom)
2022-08-04 23:32:37,513 [59bc66cf-53d9-457c-a8ae-08acbe6cc725@group-98FC2FDB8410-LeaderElection51] INFO  server.RaftServerConfigKeys (ConfUtils.java:logGet(46)) - raft.server.log.appender.buffer.element-limit = 1 (custom)
2022-08-04 23:32:37,513 [59bc66cf-53d9-457c-a8ae-08acbe6cc725@group-98FC2FDB8410-LeaderElection51] INFO  grpc.GrpcConfigKeys (ConfUtils.java:logGet(46)) - raft.grpc.server.leader.outstanding.appends.max = 128 (default)
2022-08-04 23:32:37,513 [59bc66cf-53d9-457c-a8ae-08acbe6cc725@group-98FC2FDB8410-LeaderElection51] INFO  server.RaftServerConfigKeys (ConfUtils.java:logGet(46)) - raft.server.rpc.request.timeout = 60s (custom)
2022-08-04 23:32:37,513 [59bc66cf-53d9-457c-a8ae-08acbe6cc725@group-98FC2FDB8410-LeaderElection51] INFO  server.RaftServerConfigKeys (ConfUtils.java:logGet(46)) - raft.server.log.appender.install.snapshot.enabled = false (custom)
2022-08-04 23:32:37,514 [59bc66cf-53d9-457c-a8ae-08acbe6cc725@group-98FC2FDB8410-LeaderElection51] INFO  server.RaftServerConfigKeys (ConfUtils.java:logGet(46)) - raft.server.log.appender.snapshot.chunk.size.max = 16MB (=16777216) (default)
2022-08-04 23:32:37,514 [59bc66cf-53d9-457c-a8ae-08acbe6cc725@group-98FC2FDB8410-LeaderElection51] INFO  server.RaftServerConfigKeys (ConfUtils.java:logGet(46)) - raft.server.log.appender.buffer.byte-limit = 33554432 (custom)
2022-08-04 23:32:37,514 [59bc66cf-53d9-457c-a8ae-08acbe6cc725@group-98FC2FDB8410-LeaderElection51] INFO  server.RaftServerConfigKeys (ConfUtils.java:logGet(46)) - raft.server.log.appender.buffer.element-limit = 1 (custom)
2022-08-04 23:32:37,514 [59bc66cf-53d9-457c-a8ae-08acbe6cc725@group-98FC2FDB8410-LeaderElection51] INFO  grpc.GrpcConfigKeys (ConfUtils.java:logGet(46)) - raft.grpc.server.leader.outstanding.appends.max = 128 (default)
2022-08-04 23:32:37,514 [59bc66cf-53d9-457c-a8ae-08acbe6cc725@group-98FC2FDB8410-LeaderElection51] INFO  server.RaftServerConfigKeys (ConfUtils.java:logGet(46)) - raft.server.rpc.request.timeout = 60s (custom)
2022-08-04 23:32:37,515 [59bc66cf-53d9-457c-a8ae-08acbe6cc725@group-98FC2FDB8410-LeaderElection51] INFO  server.RaftServerConfigKeys (ConfUtils.java:logGet(46)) - raft.server.log.appender.install.snapshot.enabled = false (custom)
2022-08-04 23:32:37,515 [59bc66cf-53d9-457c-a8ae-08acbe6cc725@group-98FC2FDB8410-LeaderElection51] INFO  impl.RoleInfo (RoleInfo.java:updateAndGet(139)) - 59bc66cf-53d9-457c-a8ae-08acbe6cc725: start 59bc66cf-53d9-457c-a8ae-08acbe6cc725@group-98FC2FDB8410-LeaderStateImpl
2022-08-04 23:32:37,515 [59bc66cf-53d9-457c-a8ae-08acbe6cc725@group-98FC2FDB8410-LeaderElection51] INFO  segmented.SegmentedRaftLogWorker (SegmentedRaftLogWorker.java:startLogSegment(425)) - 59bc66cf-53d9-457c-a8ae-08acbe6cc725@group-98FC2FDB8410-SegmentedRaftLogWorker: Starting segment from index:0
2022-08-04 23:32:37,519 [EventQueue-PipelineReportForPipelineReportHandler] INFO  pipeline.PipelineManagerImpl (PipelineManagerImpl.java:openPipeline(367)) - Pipeline Pipeline[ Id: 4670ff7b-bf93-4b9c-806f-98fc2fdb8410, Nodes: 59bc66cf-53d9-457c-a8ae-08acbe6cc725{ip: 10.1.0.37, host: fv-az241-597.bb25ywkzvhnelkltyshw0e441e.jx.internal.cloudapp.net, ports: [REPLICATION=43209, RATIS=37439, RATIS_ADMIN=37439, RATIS_SERVER=37439, STANDALONE=37261], networkLocation: /default-rack, certSerialId: null, persistedOpState: IN_SERVICE, persistedOpStateExpiryEpochSec: 0}d28eef40-6d6f-4886-89ee-28c5370793a3{ip: 10.1.0.37, host: fv-az241-597.bb25ywkzvhnelkltyshw0e441e.jx.internal.cloudapp.net, ports: [REPLICATION=42411, RATIS=41155, RATIS_ADMIN=41155, RATIS_SERVER=41155, STANDALONE=34361], networkLocation: /default-rack, certSerialId: null, persistedOpState: IN_SERVICE, persistedOpStateExpiryEpochSec: 0}8d253cf1-16d2-49a5-bb0e-0a4cfea41d88{ip: 10.1.0.37, host: fv-az241-597.bb25ywkzvhnelkltyshw0e441e.jx.internal.cloudapp.net, ports: [REPLICATION=41917, RATIS=43253, RATIS_ADMIN=43253, RATIS_SERVER=43253, STANDALONE=43667], networkLocation: /default-rack, certSerialId: null, persistedOpState: IN_SERVICE, persistedOpStateExpiryEpochSec: 0}, ReplicationConfig: RATIS/THREE, State:ALLOCATED, leaderId:59bc66cf-53d9-457c-a8ae-08acbe6cc725, CreationTimestamp2022-08-04T23:32:30.692Z[Etc/UTC]] moved to OPEN state
2022-08-04 23:32:37,520 [EventQueue-OpenPipelineForHealthyPipelineSafeModeRule] INFO  safemode.SCMSafeModeManager (HealthyPipelineSafeModeRule.java:process(137)) - SCM in safe mode. Healthy pipelines reported count is 0, required healthy pipeline reported count is 1
2022-08-04 23:32:37,520 [EventQueue-OpenPipelineForHealthyPipelineSafeModeRule] INFO  safemode.SCMSafeModeManager (HealthyPipelineSafeModeRule.java:process(137)) - SCM in safe mode. Healthy pipelines reported count is 1, required healthy pipeline reported count is 1
2022-08-04 23:32:37,520 [EventQueue-OpenPipelineForHealthyPipelineSafeModeRule] INFO  safemode.SCMSafeModeManager (SCMSafeModeManager.java:validateSafeModeExitRules(204)) - HealthyPipelineSafeModeRule rule is successfully validated
2022-08-04 23:32:37,520 [EventQueue-OpenPipelineForHealthyPipelineSafeModeRule] INFO  safemode.SCMSafeModeManager (SCMSafeModeManager.java:validateSafeModeExitRules(219)) - ScmSafeModeManager, all rules are successfully validated
2022-08-04 23:32:37,520 [EventQueue-OpenPipelineForHealthyPipelineSafeModeRule] INFO  safemode.SCMSafeModeManager (SCMSafeModeManager.java:exitSafeMode(248)) - SCM exiting safe mode.
2022-08-04 23:32:37,520 [EventQueue-OpenPipelineForHealthyPipelineSafeModeRule] WARN  events.EventQueue (EventQueue.java:fireEvent(216)) - No event handler registered for event TypedEvent{payloadType=SafeModeStatus, name='Safe mode status'}
2022-08-04 23:32:37,520 [EventQueue-OpenPipelineForHealthyPipelineSafeModeRule] INFO  ha.SCMContext (SCMContext.java:updateSafeModeStatus(228)) - Update SafeModeStatus from SafeModeStatus{safeModeStatus=true, preCheckPassed=true} to SafeModeStatus{safeModeStatus=false, preCheckPassed=true}.
2022-08-04 23:32:37,520 [EventQueue-OpenPipelineForHealthyPipelineSafeModeRule] INFO  pipeline.BackgroundPipelineCreator (BackgroundPipelineCreator.java:notifyStatusChanged(254)) - Service BackgroundPipelineCreator transitions to RUNNING.
2022-08-04 23:32:37,520 [EventQueue-OpenPipelineForHealthyPipelineSafeModeRule] INFO  BackgroundPipelineScrubber (BackgroundSCMService.java:notifyStatusChanged(82)) - Service BackgroundPipelineScrubber transitions to RUNNING.
2022-08-04 23:32:37,520 [EventQueue-OpenPipelineForHealthyPipelineSafeModeRule] INFO  ExpiredContainerReplicaOpScrubber (BackgroundSCMService.java:notifyStatusChanged(82)) - Service ExpiredContainerReplicaOpScrubber transitions to RUNNING.
2022-08-04 23:32:37,520 [EventQueue-OpenPipelineForHealthyPipelineSafeModeRule] INFO  UnderReplicatedQueueThread (BackgroundSCMService.java:notifyStatusChanged(82)) - Service UnderReplicatedQueueThread transitions to RUNNING.
2022-08-04 23:32:37,520 [EventQueue-OpenPipelineForHealthyPipelineSafeModeRule] INFO  OverReplicatedQueueThread (BackgroundSCMService.java:notifyStatusChanged(82)) - Service OverReplicatedQueueThread transitions to RUNNING.
2022-08-04 23:32:37,520 [EventQueue-OpenPipelineForHealthyPipelineSafeModeRule] INFO  replication.ReplicationManager (ReplicationManager.java:notifyStatusChanged(642)) - Service ReplicationManager transitions to RUNNING.
2022-08-04 23:32:37,520 [EventQueue-OpenPipelineForHealthyPipelineSafeModeRule] WARN  balancer.ContainerBalancer (ContainerBalancer.java:shouldRun(904)) - Could not find persisted configuration for ContainerBalancer when checking if ContainerBalancer should run. ContainerBalancer should not run now.
2022-08-04 23:32:37,524 [59bc66cf-53d9-457c-a8ae-08acbe6cc725@group-98FC2FDB8410-SegmentedRaftLogWorker] INFO  segmented.SegmentedRaftLogWorker (SegmentedRaftLogWorker.java:execute(629)) - 59bc66cf-53d9-457c-a8ae-08acbe6cc725@group-98FC2FDB8410-SegmentedRaftLogWorker: created new log segment /home/runner/work/ozone/ozone/hadoop-ozone/integration-test/target/test-dir/MiniOzoneClusterImpl-89b1f4b7-9002-4f1f-8c39-841100745e8e/datanode-0/data/ratis/4670ff7b-bf93-4b9c-806f-98fc2fdb8410/current/log_inprogress_0
2022-08-04 23:32:37,539 [59bc66cf-53d9-457c-a8ae-08acbe6cc725@group-98FC2FDB8410-LeaderElection51] INFO  server.RaftServer$Division (ServerState.java:setRaftConf(393)) - 59bc66cf-53d9-457c-a8ae-08acbe6cc725@group-98FC2FDB8410: set configuration 0: [59bc66cf-53d9-457c-a8ae-08acbe6cc725|rpc:10.1.0.37:37439|dataStream:|priority:1, 8d253cf1-16d2-49a5-bb0e-0a4cfea41d88|rpc:10.1.0.37:43253|dataStream:|priority:0, d28eef40-6d6f-4886-89ee-28c5370793a3|rpc:10.1.0.37:41155|dataStream:|priority:0], old=null
2022-08-04 23:32:37,540 [grpc-default-executor-0] INFO  server.RaftServer$Division (RaftServerImpl.java:requestVote(1152)) - 59bc66cf-53d9-457c-a8ae-08acbe6cc725@group-98FC2FDB8410: receive requestVote(ELECTION, d28eef40-6d6f-4886-89ee-28c5370793a3, group-98FC2FDB8410, 1, (t:0, i:0))
2022-08-04 23:32:37,540 [grpc-default-executor-0] INFO  impl.VoteContext (VoteContext.java:log(48)) - 59bc66cf-53d9-457c-a8ae-08acbe6cc725@group-98FC2FDB8410-LEADER: reject ELECTION from d28eef40-6d6f-4886-89ee-28c5370793a3: already has voted for 59bc66cf-53d9-457c-a8ae-08acbe6cc725 at current term 1
2022-08-04 23:32:37,540 [grpc-default-executor-0] INFO  server.RaftServer$Division (RaftServerImpl.java:requestVote(1184)) - 59bc66cf-53d9-457c-a8ae-08acbe6cc725@group-98FC2FDB8410 replies to ELECTION vote request: d28eef40-6d6f-4886-89ee-28c5370793a3<-59bc66cf-53d9-457c-a8ae-08acbe6cc725#0:FAIL-t1. Peer's state: 59bc66cf-53d9-457c-a8ae-08acbe6cc725@group-98FC2FDB8410:t1, leader=59bc66cf-53d9-457c-a8ae-08acbe6cc725, voted=59bc66cf-53d9-457c-a8ae-08acbe6cc725, raftlog=59bc66cf-53d9-457c-a8ae-08acbe6cc725@group-98FC2FDB8410-SegmentedRaftLog:OPENED:c0, conf=0: [59bc66cf-53d9-457c-a8ae-08acbe6cc725|rpc:10.1.0.37:37439|dataStream:|priority:1, 8d253cf1-16d2-49a5-bb0e-0a4cfea41d88|rpc:10.1.0.37:43253|dataStream:|priority:0, d28eef40-6d6f-4886-89ee-28c5370793a3|rpc:10.1.0.37:41155|dataStream:|priority:0], old=null
2022-08-04 23:32:37,565 [grpc-default-executor-0] INFO  server.RaftServer$Division (RaftServerImpl.java:requestVote(1152)) - 8d253cf1-16d2-49a5-bb0e-0a4cfea41d88@group-98FC2FDB8410: receive requestVote(ELECTION, d28eef40-6d6f-4886-89ee-28c5370793a3, group-98FC2FDB8410, 1, (t:0, i:0))
2022-08-04 23:32:37,566 [grpc-default-executor-0] INFO  impl.VoteContext (VoteContext.java:log(48)) - 8d253cf1-16d2-49a5-bb0e-0a4cfea41d88@group-98FC2FDB8410-FOLLOWER: reject ELECTION from d28eef40-6d6f-4886-89ee-28c5370793a3: already has voted for 59bc66cf-53d9-457c-a8ae-08acbe6cc725 at current term 1
2022-08-04 23:32:37,566 [grpc-default-executor-0] INFO  server.RaftServer$Division (RaftServerImpl.java:requestVote(1184)) - 8d253cf1-16d2-49a5-bb0e-0a4cfea41d88@group-98FC2FDB8410 replies to ELECTION vote request: d28eef40-6d6f-4886-89ee-28c5370793a3<-8d253cf1-16d2-49a5-bb0e-0a4cfea41d88#0:FAIL-t1. Peer's state: 8d253cf1-16d2-49a5-bb0e-0a4cfea41d88@group-98FC2FDB8410:t1, leader=null, voted=59bc66cf-53d9-457c-a8ae-08acbe6cc725, raftlog=8d253cf1-16d2-49a5-bb0e-0a4cfea41d88@group-98FC2FDB8410-SegmentedRaftLog:OPENED:c-1, conf=-1: [59bc66cf-53d9-457c-a8ae-08acbe6cc725|rpc:10.1.0.37:37439|dataStream:|priority:1, 8d253cf1-16d2-49a5-bb0e-0a4cfea41d88|rpc:10.1.0.37:43253|dataStream:|priority:0, d28eef40-6d6f-4886-89ee-28c5370793a3|rpc:10.1.0.37:41155|dataStream:|priority:0], old=null
2022-08-04 23:32:37,590 [d28eef40-6d6f-4886-89ee-28c5370793a3@group-98FC2FDB8410-LeaderElection52] INFO  impl.LeaderElection (LeaderElection.java:logAndReturn(90)) - d28eef40-6d6f-4886-89ee-28c5370793a3@group-98FC2FDB8410-LeaderElection52: ELECTION REJECTED received 2 response(s) and 0 exception(s):
2022-08-04 23:32:37,590 [d28eef40-6d6f-4886-89ee-28c5370793a3@group-98FC2FDB8410-LeaderElection52] INFO  impl.LeaderElection (LeaderElection.java:logAndReturn(94)) -   Response 0: d28eef40-6d6f-4886-89ee-28c5370793a3<-59bc66cf-53d9-457c-a8ae-08acbe6cc725#0:FAIL-t1
2022-08-04 23:32:37,590 [d28eef40-6d6f-4886-89ee-28c5370793a3@group-98FC2FDB8410-LeaderElection52] INFO  impl.LeaderElection (LeaderElection.java:logAndReturn(94)) -   Response 1: d28eef40-6d6f-4886-89ee-28c5370793a3<-8d253cf1-16d2-49a5-bb0e-0a4cfea41d88#0:FAIL-t1
2022-08-04 23:32:37,590 [d28eef40-6d6f-4886-89ee-28c5370793a3@group-98FC2FDB8410-LeaderElection52] INFO  impl.LeaderElection (LeaderElection.java:askForVotes(312)) - d28eef40-6d6f-4886-89ee-28c5370793a3@group-98FC2FDB8410-LeaderElection52 ELECTION round 0: result REJECTED
2022-08-04 23:32:37,590 [d28eef40-6d6f-4886-89ee-28c5370793a3@group-98FC2FDB8410-LeaderElection52] INFO  server.RaftServer$Division (RaftServerImpl.java:setRole(299)) - d28eef40-6d6f-4886-89ee-28c5370793a3@group-98FC2FDB8410: changes role from CANDIDATE to FOLLOWER at term 1 for REJECTED
2022-08-04 23:32:37,590 [d28eef40-6d6f-4886-89ee-28c5370793a3@group-98FC2FDB8410-LeaderElection52] INFO  impl.RoleInfo (RoleInfo.java:shutdownLeaderElection(130)) - d28eef40-6d6f-4886-89ee-28c5370793a3: shutdown d28eef40-6d6f-4886-89ee-28c5370793a3@group-98FC2FDB8410-LeaderElection52
2022-08-04 23:32:37,590 [d28eef40-6d6f-4886-89ee-28c5370793a3@group-98FC2FDB8410-LeaderElection52] INFO  impl.RoleInfo (RoleInfo.java:updateAndGet(139)) - d28eef40-6d6f-4886-89ee-28c5370793a3: start d28eef40-6d6f-4886-89ee-28c5370793a3@group-98FC2FDB8410-FollowerState
2022-08-04 23:32:37,591 [8d253cf1-16d2-49a5-bb0e-0a4cfea41d88-server-thread1] INFO  ratis.XceiverServerRatis (XceiverServerRatis.java:handleLeaderChangedNotification(863)) - Leader change notification received for group: group-98FC2FDB8410 with new leaderId: 59bc66cf-53d9-457c-a8ae-08acbe6cc725
2022-08-04 23:32:37,591 [8d253cf1-16d2-49a5-bb0e-0a4cfea41d88-server-thread1] INFO  server.RaftServer$Division (ServerState.java:setLeader(287)) - 8d253cf1-16d2-49a5-bb0e-0a4cfea41d88@group-98FC2FDB8410: change Leader from null to 59bc66cf-53d9-457c-a8ae-08acbe6cc725 at term 1 for appendEntries, leader elected after 5118ms
2022-08-04 23:32:37,632 [8d253cf1-16d2-49a5-bb0e-0a4cfea41d88-server-thread2] INFO  server.RaftServer$Division (ServerState.java:setRaftConf(393)) - 8d253cf1-16d2-49a5-bb0e-0a4cfea41d88@group-98FC2FDB8410: set configuration 0: [59bc66cf-53d9-457c-a8ae-08acbe6cc725|rpc:10.1.0.37:37439|dataStream:|priority:1, 8d253cf1-16d2-49a5-bb0e-0a4cfea41d88|rpc:10.1.0.37:43253|dataStream:|priority:0, d28eef40-6d6f-4886-89ee-28c5370793a3|rpc:10.1.0.37:41155|dataStream:|priority:0], old=null
2022-08-04 23:32:37,635 [8d253cf1-16d2-49a5-bb0e-0a4cfea41d88-server-thread2] INFO  segmented.SegmentedRaftLogWorker (SegmentedRaftLogWorker.java:startLogSegment(425)) - 8d253cf1-16d2-49a5-bb0e-0a4cfea41d88@group-98FC2FDB8410-SegmentedRaftLogWorker: Starting segment from index:0
2022-08-04 23:32:37,638 [Listener at 127.0.0.1/33557] INFO  ozone.MiniOzoneClusterImpl (MiniOzoneClusterImpl.java:lambda$waitForClusterToBeReady$0(216)) - Nodes are ready. Got 3 of 3 DN Heartbeats.
2022-08-04 23:32:37,638 [Listener at 127.0.0.1/33557] INFO  ozone.MiniOzoneClusterImpl (MiniOzoneClusterImpl.java:lambda$waitForClusterToBeReady$0(219)) - Cluster exits safe mode
2022-08-04 23:32:37,638 [Listener at 127.0.0.1/33557] INFO  ozone.MiniOzoneClusterImpl (MiniOzoneClusterImpl.java:lambda$waitForClusterToBeReady$0(221)) - SCM became leader
2022-08-04 23:32:37,647 [d28eef40-6d6f-4886-89ee-28c5370793a3-server-thread1] INFO  ratis.XceiverServerRatis (XceiverServerRatis.java:handleLeaderChangedNotification(863)) - Leader change notification received for group: group-98FC2FDB8410 with new leaderId: 59bc66cf-53d9-457c-a8ae-08acbe6cc725
2022-08-04 23:32:37,647 [d28eef40-6d6f-4886-89ee-28c5370793a3-server-thread1] INFO  server.RaftServer$Division (ServerState.java:setLeader(287)) - d28eef40-6d6f-4886-89ee-28c5370793a3@group-98FC2FDB8410: change Leader from null to 59bc66cf-53d9-457c-a8ae-08acbe6cc725 at term 1 for appendEntries, leader elected after 5291ms
]]></system-out>
    </rerunFailure>
    <rerunFailure type="java.lang.AssertionError">
      <stackTrace><![CDATA[java.lang.AssertionError
	at org.junit.Assert.fail(Assert.java:87)
	at org.junit.Assert.assertTrue(Assert.java:42)
	at org.junit.Assert.assertTrue(Assert.java:53)
	at org.apache.hadoop.hdds.scm.TestRatisPipelineLeader.testLeaderIdAfterLeaderChange(TestRatisPipelineLeader.java:119)
	at sun.reflect.NativeMethodAccessorImpl.invoke0(Native Method)
	at sun.reflect.NativeMethodAccessorImpl.invoke(NativeMethodAccessorImpl.java:62)
	at sun.reflect.DelegatingMethodAccessorImpl.invoke(DelegatingMethodAccessorImpl.java:43)
	at java.lang.reflect.Method.invoke(Method.java:498)
	at org.junit.platform.commons.util.ReflectionUtils.invokeMethod(ReflectionUtils.java:725)
	at org.junit.jupiter.engine.execution.MethodInvocation.proceed(MethodInvocation.java:60)
	at org.junit.jupiter.engine.execution.InvocationInterceptorChain$ValidatingInvocation.proceed(InvocationInterceptorChain.java:131)
	at org.junit.jupiter.engine.extension.TimeoutInvocation.proceed(TimeoutInvocation.java:46)
	at org.junit.jupiter.engine.extension.TimeoutExtension.intercept(TimeoutExtension.java:149)
	at org.junit.jupiter.engine.extension.TimeoutExtension.interceptTestableMethod(TimeoutExtension.java:140)
	at org.junit.jupiter.engine.extension.TimeoutExtension.interceptTestMethod(TimeoutExtension.java:84)
	at org.junit.jupiter.engine.execution.ExecutableInvoker$ReflectiveInterceptorCall.lambda$ofVoidMethod$0(ExecutableInvoker.java:115)
	at org.junit.jupiter.engine.execution.ExecutableInvoker.lambda$invoke$0(ExecutableInvoker.java:105)
	at org.junit.jupiter.engine.execution.InvocationInterceptorChain$InterceptedInvocation.proceed(InvocationInterceptorChain.java:106)
	at org.junit.jupiter.engine.execution.InvocationInterceptorChain.proceed(InvocationInterceptorChain.java:64)
	at org.junit.jupiter.engine.execution.InvocationInterceptorChain.chainAndInvoke(InvocationInterceptorChain.java:45)
	at org.junit.jupiter.engine.execution.InvocationInterceptorChain.invoke(InvocationInterceptorChain.java:37)
	at org.junit.jupiter.engine.execution.ExecutableInvoker.invoke(ExecutableInvoker.java:104)
	at org.junit.jupiter.engine.execution.ExecutableInvoker.invoke(ExecutableInvoker.java:98)
	at org.junit.jupiter.engine.descriptor.TestMethodTestDescriptor.lambda$invokeTestMethod$7(TestMethodTestDescriptor.java:214)
	at org.junit.platform.engine.support.hierarchical.ThrowableCollector.execute(ThrowableCollector.java:73)
	at org.junit.jupiter.engine.descriptor.TestMethodTestDescriptor.invokeTestMethod(TestMethodTestDescriptor.java:210)
	at org.junit.jupiter.engine.descriptor.TestMethodTestDescriptor.execute(TestMethodTestDescriptor.java:135)
	at org.junit.jupiter.engine.descriptor.TestMethodTestDescriptor.execute(TestMethodTestDescriptor.java:66)
	at org.junit.platform.engine.support.hierarchical.NodeTestTask.lambda$executeRecursively$6(NodeTestTask.java:151)
	at org.junit.platform.engine.support.hierarchical.ThrowableCollector.execute(ThrowableCollector.java:73)
	at org.junit.platform.engine.support.hierarchical.NodeTestTask.lambda$executeRecursively$8(NodeTestTask.java:141)
	at org.junit.platform.engine.support.hierarchical.Node.around(Node.java:137)
	at org.junit.platform.engine.support.hierarchical.NodeTestTask.lambda$executeRecursively$9(NodeTestTask.java:139)
	at org.junit.platform.engine.support.hierarchical.ThrowableCollector.execute(ThrowableCollector.java:73)
	at org.junit.platform.engine.support.hierarchical.NodeTestTask.executeRecursively(NodeTestTask.java:138)
	at org.junit.platform.engine.support.hierarchical.NodeTestTask.execute(NodeTestTask.java:95)
	at java.util.ArrayList.forEach(ArrayList.java:1259)
	at org.junit.platform.engine.support.hierarchical.SameThreadHierarchicalTestExecutorService.invokeAll(SameThreadHierarchicalTestExecutorService.java:41)
	at org.junit.platform.engine.support.hierarchical.NodeTestTask.lambda$executeRecursively$6(NodeTestTask.java:155)
	at org.junit.platform.engine.support.hierarchical.ThrowableCollector.execute(ThrowableCollector.java:73)
	at org.junit.platform.engine.support.hierarchical.NodeTestTask.lambda$executeRecursively$8(NodeTestTask.java:141)
	at org.junit.platform.engine.support.hierarchical.Node.around(Node.java:137)
	at org.junit.platform.engine.support.hierarchical.NodeTestTask.lambda$executeRecursively$9(NodeTestTask.java:139)
	at org.junit.platform.engine.support.hierarchical.ThrowableCollector.execute(ThrowableCollector.java:73)
	at org.junit.platform.engine.support.hierarchical.NodeTestTask.executeRecursively(NodeTestTask.java:138)
	at org.junit.platform.engine.support.hierarchical.NodeTestTask.execute(NodeTestTask.java:95)
	at java.util.ArrayList.forEach(ArrayList.java:1259)
	at org.junit.platform.engine.support.hierarchical.SameThreadHierarchicalTestExecutorService.invokeAll(SameThreadHierarchicalTestExecutorService.java:41)
	at org.junit.platform.engine.support.hierarchical.NodeTestTask.lambda$executeRecursively$6(NodeTestTask.java:155)
	at org.junit.platform.engine.support.hierarchical.ThrowableCollector.execute(ThrowableCollector.java:73)
	at org.junit.platform.engine.support.hierarchical.NodeTestTask.lambda$executeRecursively$8(NodeTestTask.java:141)
	at org.junit.platform.engine.support.hierarchical.Node.around(Node.java:137)
	at org.junit.platform.engine.support.hierarchical.NodeTestTask.lambda$executeRecursively$9(NodeTestTask.java:139)
	at org.junit.platform.engine.support.hierarchical.ThrowableCollector.execute(ThrowableCollector.java:73)
	at org.junit.platform.engine.support.hierarchical.NodeTestTask.executeRecursively(NodeTestTask.java:138)
	at org.junit.platform.engine.support.hierarchical.NodeTestTask.execute(NodeTestTask.java:95)
	at org.junit.platform.engine.support.hierarchical.SameThreadHierarchicalTestExecutorService.submit(SameThreadHierarchicalTestExecutorService.java:35)
	at org.junit.platform.engine.support.hierarchical.HierarchicalTestExecutor.execute(HierarchicalTestExecutor.java:57)
	at org.junit.platform.engine.support.hierarchical.HierarchicalTestEngine.execute(HierarchicalTestEngine.java:54)
	at org.junit.platform.launcher.core.EngineExecutionOrchestrator.execute(EngineExecutionOrchestrator.java:107)
	at org.junit.platform.launcher.core.EngineExecutionOrchestrator.execute(EngineExecutionOrchestrator.java:88)
	at org.junit.platform.launcher.core.EngineExecutionOrchestrator.lambda$execute$0(EngineExecutionOrchestrator.java:54)
	at org.junit.platform.launcher.core.EngineExecutionOrchestrator.withInterceptedStreams(EngineExecutionOrchestrator.java:67)
	at org.junit.platform.launcher.core.EngineExecutionOrchestrator.execute(EngineExecutionOrchestrator.java:52)
	at org.junit.platform.launcher.core.DefaultLauncher.execute(DefaultLauncher.java:114)
	at org.junit.platform.launcher.core.DefaultLauncher.execute(DefaultLauncher.java:86)
	at org.junit.platform.launcher.core.DefaultLauncherSession$DelegatingLauncher.execute(DefaultLauncherSession.java:86)
	at org.junit.platform.launcher.core.SessionPerRequestLauncher.execute(SessionPerRequestLauncher.java:53)
	at org.apache.maven.surefire.junitplatform.JUnitPlatformProvider.invokeAllTests(JUnitPlatformProvider.java:165)
	at org.apache.maven.surefire.junitplatform.JUnitPlatformProvider.invoke(JUnitPlatformProvider.java:124)
	at org.apache.maven.surefire.booter.ForkedBooter.runSuitesInProcess(ForkedBooter.java:428)
	at org.apache.maven.surefire.booter.ForkedBooter.execute(ForkedBooter.java:162)
	at org.apache.maven.surefire.booter.ForkedBooter.run(ForkedBooter.java:562)
	at org.apache.maven.surefire.booter.ForkedBooter.main(ForkedBooter.java:548)
]]></stackTrace>
      <system-out><![CDATA[2022-08-04 23:32:58,878 [Listener at 127.0.0.1/33557] WARN  server.ServerUtils (ServerUtils.java:getScmDbDir(148)) - ozone.scm.db.dirs is not configured. We recommend adding this setting. Falling back to ozone.metadata.dirs instead.
2022-08-04 23:32:58,884 [Listener at 127.0.0.1/33557] WARN  server.ServerUtils (ServerUtils.java:getScmDbDir(148)) - ozone.scm.db.dirs is not configured. We recommend adding this setting. Falling back to ozone.metadata.dirs instead.
2022-08-04 23:32:58,884 [Listener at 127.0.0.1/33557] INFO  ha.SCMHANodeDetails (SCMHANodeDetails.java:loadSCMHAConfig(209)) - ServiceID for StorageContainerManager is null
2022-08-04 23:32:58,885 [Listener at 127.0.0.1/33557] INFO  ha.SCMHANodeDetails (SCMHANodeDetails.java:loadSCMHAConfig(214)) - ozone.scm.default.service.id is not defined, falling back to ozone.scm.service.ids to find serviceID for StorageContainerManager if it is HA enabled cluster
2022-08-04 23:32:58,885 [Listener at 127.0.0.1/33557] WARN  utils.HAUtils (HAUtils.java:getMetaDir(342)) - ozone.scm.db.dirs is not configured. We recommend adding this setting. Falling back to ozone.metadata.dirs instead.
2022-08-04 23:32:58,886 [Listener at 127.0.0.1/33557] WARN  db.DBStoreBuilder (DBStoreBuilder.java:applyDBDefinition(145)) - ozone.scm.db.dirs is not configured. We recommend adding this setting. Falling back to ozone.metadata.dirs instead.
2022-08-04 23:32:59,322 [Listener at 127.0.0.1/33557] INFO  net.NodeSchemaLoader (NodeSchemaLoader.java:loadSchemaFromFile(129)) - Loading schema from [jar:file:/home/runner/.m2/repository/org/apache/ozone/hdds-common/1.3.0-SNAPSHOT/hdds-common-1.3.0-SNAPSHOT.jar!/network-topology-default.xml]
2022-08-04 23:32:59,323 [Listener at 127.0.0.1/33557] INFO  net.NodeSchemaLoader (NodeSchemaLoader.java:loadSchema(176)) - Loading network topology layer schema file
2022-08-04 23:32:59,334 [Listener at 127.0.0.1/33557] INFO  upgrade.AbstractLayoutVersionManager (AbstractLayoutVersionManager.java:init(83)) - Initializing Layout version manager with metadata layout = DATANODE_SCHEMA_V3 (version = 4), software layout = DATANODE_SCHEMA_V3 (version = 4)
2022-08-04 23:32:59,435 [UnderReplicatedQueueThreadThread] INFO  replication.UnderReplicatedProcessor (UnderReplicatedProcessor.java:processAll(85)) - Processed 0 under replicated containers, failed processing 0
2022-08-04 23:32:59,452 [OverReplicatedQueueThreadThread] INFO  replication.OverReplicatedProcessor (OverReplicatedProcessor.java:processAll(83)) - Processed 0 over replicated containers, failed processing 0
2022-08-04 23:32:59,481 [Listener at 127.0.0.1/33557] INFO  reflections.Reflections (Reflections.java:scan(232)) - Reflections took 146 ms to scan 7 urls, producing 132 keys and 321 values 
2022-08-04 23:32:59,483 [Listener at 127.0.0.1/33557] INFO  ha.SequenceIdGenerator (SequenceIdGenerator.java:upgradeToSequenceId(349)) - upgrade localId to 109611004723200000
2022-08-04 23:32:59,491 [Listener at 127.0.0.1/33557] INFO  ha.SequenceIdGenerator (SequenceIdGenerator.java:upgradeToSequenceId(359)) - upgrade delTxnId to 0
2022-08-04 23:32:59,491 [Listener at 127.0.0.1/33557] INFO  ha.SequenceIdGenerator (SequenceIdGenerator.java:upgradeToSequenceId(376)) - upgrade containerId to 0
2022-08-04 23:32:59,492 [Listener at 127.0.0.1/33557] INFO  ha.SequenceIdGenerator (SequenceIdGenerator.java:<init>(220)) - Init the HA SequenceIdGenerator.
2022-08-04 23:32:59,492 [Listener at 127.0.0.1/33557] WARN  server.ServerUtils (ServerUtils.java:sanitizeUserArgs(73)) - ozone.scm.stale.node.interval value = 300000 is larger than max = 100000 based on the key value of ozone.scm.heartbeat.thread.interval, reset to the max value 100000.
2022-08-04 23:32:59,492 [Listener at 127.0.0.1/33557] WARN  server.ServerUtils (ServerUtils.java:sanitizeUserArgs(73)) - ozone.scm.stale.node.interval value = 300000 is larger than max = 100000 based on the key value of ozone.scm.heartbeat.thread.interval, reset to the max value 100000.
2022-08-04 23:32:59,543 [Listener at 127.0.0.1/33557] INFO  node.SCMNodeManager (SCMNodeManager.java:<init>(149)) - Entering startup safe mode.
2022-08-04 23:32:59,544 [Listener at 127.0.0.1/33557] INFO  algorithms.ContainerPlacementPolicyFactory (ContainerPlacementPolicyFactory.java:getPolicyInternal(86)) - Create container placement policy of type org.apache.hadoop.hdds.scm.container.placement.algorithms.SCMContainerPlacementRandom
2022-08-04 23:32:59,544 [Listener at 127.0.0.1/33557] INFO  algorithms.ContainerPlacementPolicyFactory (ContainerPlacementPolicyFactory.java:getPolicyInternal(86)) - Create container placement policy of type org.apache.hadoop.hdds.scm.container.placement.algorithms.SCMContainerPlacementRackScatter
2022-08-04 23:32:59,544 [Listener at 127.0.0.1/33557] INFO  pipeline.PipelineStateManagerImpl (PipelineStateManagerImpl.java:initialize(78)) - No pipeline exists in current db
2022-08-04 23:32:59,544 [Listener at 127.0.0.1/33557] INFO  algorithms.LeaderChoosePolicyFactory (LeaderChoosePolicyFactory.java:getPolicy(57)) - Create leader choose policy of type org.apache.hadoop.hdds.scm.pipeline.leader.choose.algorithms.MinLeaderCountChoosePolicy
2022-08-04 23:32:59,544 [Listener at 127.0.0.1/33557] INFO  algorithms.ContainerPlacementPolicyFactory (ContainerPlacementPolicyFactory.java:getPolicyInternal(86)) - Create container placement policy of type org.apache.hadoop.hdds.scm.container.placement.algorithms.SCMContainerPlacementRackScatter
2022-08-04 23:32:59,544 [Listener at 127.0.0.1/33557] INFO  ha.SCMServiceManager (SCMServiceManager.java:register(42)) - Registering service BackgroundPipelineCreator.
2022-08-04 23:32:59,544 [Listener at 127.0.0.1/33557] INFO  pipeline.BackgroundPipelineCreator (BackgroundPipelineCreator.java:start(124)) - Starting RatisPipelineUtilsThread.
2022-08-04 23:32:59,579 [Listener at 127.0.0.1/33557] INFO  BackgroundPipelineScrubber (BackgroundSCMService.java:start(68)) - Starting BackgroundPipelineScrubber Service.
2022-08-04 23:32:59,584 [Listener at 127.0.0.1/33557] INFO  ha.SCMServiceManager (SCMServiceManager.java:register(42)) - Registering service BackgroundPipelineScrubber.
2022-08-04 23:32:59,584 [Listener at 127.0.0.1/33557] INFO  ExpiredContainerReplicaOpScrubber (BackgroundSCMService.java:start(68)) - Starting ExpiredContainerReplicaOpScrubber Service.
2022-08-04 23:32:59,598 [Listener at 127.0.0.1/33557] INFO  ha.SCMServiceManager (SCMServiceManager.java:register(42)) - Registering service ExpiredContainerReplicaOpScrubber.
2022-08-04 23:32:59,598 [Listener at 127.0.0.1/33557] INFO  algorithms.PipelineChoosePolicyFactory (PipelineChoosePolicyFactory.java:createPipelineChoosePolicyFromClass(73)) - Create pipeline choose policy of type org.apache.hadoop.hdds.scm.pipeline.choose.algorithms.RandomPipelineChoosePolicy
2022-08-04 23:32:59,599 [Listener at 127.0.0.1/33557] INFO  ha.SCMServiceManager (SCMServiceManager.java:register(42)) - Registering service SCMBlockDeletingService.
2022-08-04 23:32:59,599 [Listener at 127.0.0.1/33557] INFO  replication.ReplicationManager (ReplicationManager.java:start(200)) - Starting Replication Monitor Thread.
2022-08-04 23:32:59,603 [Listener at 127.0.0.1/33557] INFO  UnderReplicatedQueueThread (BackgroundSCMService.java:start(68)) - Starting UnderReplicatedQueueThread Service.
2022-08-04 23:32:59,606 [Listener at 127.0.0.1/33557] INFO  ha.SCMServiceManager (SCMServiceManager.java:register(42)) - Registering service UnderReplicatedQueueThread.
2022-08-04 23:32:59,606 [Listener at 127.0.0.1/33557] INFO  OverReplicatedQueueThread (BackgroundSCMService.java:start(68)) - Starting OverReplicatedQueueThread Service.
2022-08-04 23:32:59,627 [Listener at 127.0.0.1/33557] INFO  ha.SCMServiceManager (SCMServiceManager.java:register(42)) - Registering service OverReplicatedQueueThread.
2022-08-04 23:32:59,658 [Listener at 127.0.0.1/33557] INFO  ha.SCMServiceManager (SCMServiceManager.java:register(42)) - Registering service ReplicationManager.
2022-08-04 23:32:59,658 [Listener at 127.0.0.1/33557] INFO  safemode.ContainerSafeModeRule (ContainerSafeModeRule.java:<init>(89)) - containers with one replica threshold count 0
2022-08-04 23:32:59,659 [Listener at 127.0.0.1/33557] INFO  safemode.HealthyPipelineSafeModeRule (HealthyPipelineSafeModeRule.java:initializeRule(169)) - Total pipeline count is 0, healthy pipeline threshold count is 1
2022-08-04 23:32:59,659 [Listener at 127.0.0.1/33557] INFO  safemode.OneReplicaPipelineSafeModeRule (OneReplicaPipelineSafeModeRule.java:initializeRule(180)) - Total pipeline count is 0, pipeline's with at least one datanode reported threshold count is 0
2022-08-04 23:32:59,628 [ReplicationMonitor] INFO  replication.ReplicationManager (ReplicationManager.java:processAll(249)) - Replication Manager is not ready to run until 3000ms after safemode exit
2022-08-04 23:32:59,668 [Listener at 127.0.0.1/33557] INFO  ipc.CallQueueManager (CallQueueManager.java:<init>(90)) - Using callQueue: class java.util.concurrent.LinkedBlockingQueue, queueCapacity: 2000, scheduler: class org.apache.hadoop.ipc.DefaultRpcScheduler, ipcBackoff: false.
2022-08-04 23:32:59,683 [Socket Reader #1 for port 0] INFO  ipc.Server (Server.java:run(1265)) - Starting Socket Reader #1 for port 0
2022-08-04 23:32:59,697 [Listener at 0.0.0.0/34129] INFO  ipc.CallQueueManager (CallQueueManager.java:<init>(90)) - Using callQueue: class java.util.concurrent.LinkedBlockingQueue, queueCapacity: 2000, scheduler: class org.apache.hadoop.ipc.DefaultRpcScheduler, ipcBackoff: false.
2022-08-04 23:32:59,698 [Socket Reader #1 for port 0] INFO  ipc.Server (Server.java:run(1265)) - Starting Socket Reader #1 for port 0
2022-08-04 23:32:59,703 [Listener at 0.0.0.0/35485] INFO  ipc.CallQueueManager (CallQueueManager.java:<init>(90)) - Using callQueue: class java.util.concurrent.LinkedBlockingQueue, queueCapacity: 2000, scheduler: class org.apache.hadoop.ipc.DefaultRpcScheduler, ipcBackoff: false.
2022-08-04 23:32:59,705 [Socket Reader #1 for port 0] INFO  ipc.Server (Server.java:run(1265)) - Starting Socket Reader #1 for port 0
2022-08-04 23:32:59,800 [Listener at 0.0.0.0/35021] INFO  ha.SCMServiceManager (SCMServiceManager.java:register(42)) - Registering service ContainerBalancer.
2022-08-04 23:32:59,800 [Listener at 0.0.0.0/35021] INFO  server.StorageContainerManager (StorageContainerManager.java:<init>(406)) - 
Container Balancer status:
Key                            Value
Running                        false
Container Balancer Configuration values:
Key                                                Value
Threshold                                          10
Max Datanodes to Involve per Iteration(percent)    20
Max Size to Move per Iteration                     500GB
Max Size Entering Target per Iteration             26GB
Max Size Leaving Source per Iteration              26GB

2022-08-04 23:32:59,800 [Listener at 0.0.0.0/35021] WARN  events.EventQueue (EventQueue.java:fireEvent(216)) - No event handler registered for event TypedEvent{payloadType=SafeModeStatus, name='Safe mode status'}
2022-08-04 23:32:59,800 [Listener at 0.0.0.0/35021] INFO  ha.SCMContext (SCMContext.java:updateSafeModeStatus(228)) - Update SafeModeStatus from SafeModeStatus{safeModeStatus=true, preCheckPassed=false} to SafeModeStatus{safeModeStatus=true, preCheckPassed=false}.
2022-08-04 23:32:59,800 [Listener at 0.0.0.0/35021] INFO  server.StorageContainerManager (StorageContainerManager.java:start(1460)) - StorageContainerLocationProtocol RPC server is listening at /0.0.0.0:35021
2022-08-04 23:32:59,836 [Listener at 0.0.0.0/35021] WARN  impl.MetricsConfig (MetricsConfig.java:loadFirst(136)) - Cannot locate configuration: tried hadoop-metrics2-storagecontainermanager.properties,hadoop-metrics2.properties
2022-08-04 23:32:59,853 [Listener at 0.0.0.0/35021] INFO  impl.MetricsSystemImpl (MetricsSystemImpl.java:startTimer(378)) - Scheduled Metric snapshot period at 10 second(s).
2022-08-04 23:32:59,853 [Listener at 0.0.0.0/35021] INFO  impl.MetricsSystemImpl (MetricsSystemImpl.java:start(191)) - StorageContainerManager metrics system started
2022-08-04 23:32:59,979 [Listener at 0.0.0.0/35021] INFO  impl.MetricsSinkAdapter (MetricsSinkAdapter.java:start(204)) - Sink prometheus started
2022-08-04 23:32:59,980 [Listener at 0.0.0.0/35021] INFO  impl.MetricsSystemImpl (MetricsSystemImpl.java:registerSink(305)) - Registered sink prometheus
2022-08-04 23:33:00,022 [Listener at 0.0.0.0/35021] INFO  server.SCMClientProtocolServer (SCMClientProtocolServer.java:start(170)) - RPC server for Client  is listening at /0.0.0.0:35021
2022-08-04 23:33:00,022 [IPC Server Responder] INFO  ipc.Server (Server.java:run(1507)) - IPC Server Responder: starting
2022-08-04 23:33:00,023 [IPC Server listener on 0] INFO  ipc.Server (Server.java:run(1344)) - IPC Server listener on 0: starting
2022-08-04 23:33:00,127 [Listener at 0.0.0.0/35021] INFO  server.StorageContainerManager (StorageContainerManager.java:start(1475)) - ScmBlockLocationProtocol RPC server is listening at /0.0.0.0:35485
2022-08-04 23:33:00,128 [Listener at 0.0.0.0/35021] INFO  server.SCMBlockProtocolServer (SCMBlockProtocolServer.java:start(152)) - RPC server for Block Protocol is listening at /0.0.0.0:35485
2022-08-04 23:33:00,128 [IPC Server Responder] INFO  ipc.Server (Server.java:run(1507)) - IPC Server Responder: starting
2022-08-04 23:33:00,128 [IPC Server listener on 0] INFO  ipc.Server (Server.java:run(1344)) - IPC Server listener on 0: starting
2022-08-04 23:33:00,134 [Listener at 0.0.0.0/35021] INFO  server.SCMDatanodeProtocolServer (SCMDatanodeProtocolServer.java:start(186)) - ScmDatanodeProtocol RPC server for DataNodes is listening at /0.0.0.0:34129
2022-08-04 23:33:00,134 [IPC Server Responder] INFO  ipc.Server (Server.java:run(1507)) - IPC Server Responder: starting
2022-08-04 23:33:00,134 [IPC Server listener on 0] INFO  ipc.Server (Server.java:run(1344)) - IPC Server listener on 0: starting
2022-08-04 23:33:00,179 [Listener at 0.0.0.0/35021] INFO  http.BaseHttpServer (BaseHttpServer.java:newHttpServer2BuilderForOzone(209)) - Starting Web-server for scm at: http://0.0.0.0:0
2022-08-04 23:33:00,180 [Listener at 0.0.0.0/35021] INFO  http.BaseHttpServer (BaseHttpServer.java:<init>(107)) - Hadoop Security Enabled: false Ozone Security Enabled: false Ozone HTTP Security Enabled: false 
2022-08-04 23:33:00,180 [Listener at 0.0.0.0/35021] INFO  server.AuthenticationFilter (AuthenticationFilter.java:constructSecretProvider(240)) - Unable to initialize FileSignerSecretProvider, falling back to use random secrets.
2022-08-04 23:33:00,181 [Listener at 0.0.0.0/35021] WARN  http.HttpRequestLog (HttpRequestLog.java:getRequestLog(103)) - Jetty request log can only be enabled using Log4j
2022-08-04 23:33:00,192 [Listener at 0.0.0.0/35021] INFO  http.HttpServer2 (HttpServer2.java:addGlobalFilter(1029)) - Added global filter 'safety' (class=org.apache.hadoop.hdds.server.http.HttpServer2$QuotingInputFilter)
2022-08-04 23:33:00,192 [Listener at 0.0.0.0/35021] INFO  http.HttpServer2 (HttpServer2.java:addFilter(1005)) - Added filter static_user_filter (class=org.apache.hadoop.http.lib.StaticUserWebFilter$StaticUserFilter) to context scm
2022-08-04 23:33:00,192 [Listener at 0.0.0.0/35021] INFO  http.HttpServer2 (HttpServer2.java:addFilter(1013)) - Added filter static_user_filter (class=org.apache.hadoop.http.lib.StaticUserWebFilter$StaticUserFilter) to context static
2022-08-04 23:33:00,192 [Listener at 0.0.0.0/35021] INFO  http.HttpServer2 (HttpServer2.java:addFilter(1013)) - Added filter static_user_filter (class=org.apache.hadoop.http.lib.StaticUserWebFilter$StaticUserFilter) to context logs
2022-08-04 23:33:00,193 [Listener at 0.0.0.0/35021] INFO  http.HttpServer2 (HttpServer2.java:bindListener(1248)) - Jetty bound to port 32831
2022-08-04 23:33:00,193 [Listener at 0.0.0.0/35021] INFO  server.Server (Server.java:doStart(375)) - jetty-9.4.43.v20210629; built: 2021-06-30T11:07:22.254Z; git: 526006ecfa3af7f1a27ef3a288e2bef7ea9dd7e8; jvm 1.8.0_332-b09
2022-08-04 23:33:00,199 [org.apache.hadoop.util.JvmPauseMonitor$Monitor@426de59f] INFO  util.JvmPauseMonitor (JvmPauseMonitor.java:run(188)) - Starting JVM pause monitor
2022-08-04 23:33:00,308 [Listener at 0.0.0.0/35021] INFO  server.session (DefaultSessionIdManager.java:doStart(334)) - DefaultSessionIdManager workerName=node0
2022-08-04 23:33:00,308 [Listener at 0.0.0.0/35021] INFO  server.session (DefaultSessionIdManager.java:doStart(339)) - No SessionScavenger set, using defaults
2022-08-04 23:33:00,308 [Listener at 0.0.0.0/35021] INFO  server.session (HouseKeeper.java:startScavenging(132)) - node0 Scavenging every 660000ms
2022-08-04 23:33:00,309 [Listener at 0.0.0.0/35021] INFO  handler.ContextHandler (ContextHandler.java:doStart(915)) - Started o.e.j.s.ServletContextHandler@68d2b518{logs,/logs,file:///home/runner/work/ozone/ozone/hadoop-ozone/integration-test/target/log,AVAILABLE}
2022-08-04 23:33:00,309 [Listener at 0.0.0.0/35021] INFO  handler.ContextHandler (ContextHandler.java:doStart(915)) - Started o.e.j.s.ServletContextHandler@7e8d0d69{static,/static,file:///home/runner/work/ozone/ozone/hadoop-ozone/integration-test/target/test-classes/webapps/static,AVAILABLE}
2022-08-04 23:33:00,311 [Listener at 0.0.0.0/35021] INFO  handler.ContextHandler (ContextHandler.java:doStart(915)) - Started o.e.j.w.WebAppContext@2d0550c3{scm,/,file:///home/runner/work/ozone/ozone/hadoop-ozone/integration-test/target/test-classes/webapps/scm/,AVAILABLE}{file:/home/runner/work/ozone/ozone/hadoop-ozone/integration-test/target/test-classes/webapps/scm}
2022-08-04 23:33:00,320 [Listener at 0.0.0.0/35021] INFO  server.AbstractConnector (AbstractConnector.java:doStart(331)) - Started ServerConnector@636fb5ae{HTTP/1.1, (http/1.1)}{0.0.0.0:32831}
2022-08-04 23:33:00,320 [Listener at 0.0.0.0/35021] INFO  server.Server (Server.java:doStart(415)) - Started @205314ms
2022-08-04 23:33:00,320 [Listener at 0.0.0.0/35021] WARN  impl.MetricsSystemImpl (MetricsSystemImpl.java:register(279)) - Sink prometheus already exists!
2022-08-04 23:33:00,321 [Listener at 0.0.0.0/35021] INFO  http.BaseHttpServer (BaseHttpServer.java:updateConnectorAddress(329)) - HTTP server of scm listening at http://0.0.0.0:32831
2022-08-04 23:33:00,321 [Listener at 0.0.0.0/35021] WARN  server.ServerUtils (ServerUtils.java:getDBPath(225)) - ozone.om.db.dirs is not configured. We recommend adding this setting. Falling back to ozone.metadata.dirs instead.
2022-08-04 23:33:00,331 [Listener at 0.0.0.0/35021] INFO  ha.OMHANodeDetails (OMHANodeDetails.java:loadOMHAConfig(115)) - ozone.om.internal.service.id is not defined, falling back to ozone.om.service.ids to find serviceID for OzoneManager if it is HA enabled cluster
2022-08-04 23:33:00,331 [Listener at 0.0.0.0/35021] INFO  ha.OMHANodeDetails (OMHANodeDetails.java:loadOMHAConfig(226)) - Configuration does not have ozone.om.address set. Falling back to the default OM address /127.0.0.1:0
2022-08-04 23:33:00,331 [Listener at 0.0.0.0/35021] INFO  ha.OMHANodeDetails (OMHANodeDetails.java:getOMNodeDetailsForNonHA(254)) - OM Service ID is not set. Setting it to the default ID: omServiceIdDefault
2022-08-04 23:33:00,332 [Listener at 0.0.0.0/35021] INFO  ha.OMHANodeDetails (OMHANodeDetails.java:getOMNodeDetailsForNonHA(261)) - OM Node ID is not set. Setting it to the default ID: om1
2022-08-04 23:33:00,332 [Listener at 0.0.0.0/35021] WARN  server.ServerUtils (ServerUtils.java:getDBPath(225)) - ozone.om.db.dirs is not configured. We recommend adding this setting. Falling back to ozone.metadata.dirs instead.
2022-08-04 23:33:00,332 [Listener at 0.0.0.0/35021] INFO  upgrade.AbstractLayoutVersionManager (AbstractLayoutVersionManager.java:init(83)) - Initializing Layout version manager with metadata layout = MULTITENANCY_SCHEMA (version = 3), software layout = MULTITENANCY_SCHEMA (version = 3)
2022-08-04 23:33:00,643 [Listener at 0.0.0.0/35021] INFO  reflections.Reflections (Reflections.java:scan(232)) - Reflections took 310 ms to scan 2 urls, producing 153 keys and 425 values [using 2 cores]
2022-08-04 23:33:00,643 [Listener at 0.0.0.0/35021] INFO  upgrade.OMLayoutVersionManager (OMLayoutVersionManager.java:lambda$0(115)) - Skipping Upgrade Action MockOmUpgradeAction since it has been finalized.
2022-08-04 23:33:00,644 [Listener at 0.0.0.0/35021] WARN  server.ServerUtils (ServerUtils.java:getDBPath(225)) - ozone.om.db.dirs is not configured. We recommend adding this setting. Falling back to ozone.metadata.dirs instead.
2022-08-04 23:33:00,644 [Listener at 0.0.0.0/35021] INFO  proxy.SCMBlockLocationFailoverProxyProvider (SCMBlockLocationFailoverProxyProvider.java:<init>(114)) - Created block location fail-over proxy with 1 nodes: [nodeId=scmNodeId,nodeAddress=/0.0.0.0:35485]
2022-08-04 23:33:00,645 [Listener at 0.0.0.0/35021] INFO  proxy.SCMBlockLocationFailoverProxyProvider (SCMBlockLocationFailoverProxyProvider.java:<init>(114)) - Created block location fail-over proxy with 1 nodes: [nodeId=scmNodeId,nodeAddress=/0.0.0.0:35485]
2022-08-04 23:33:00,708 [Listener at 0.0.0.0/35021] WARN  server.ServerUtils (ServerUtils.java:getDBPath(225)) - ozone.om.db.dirs is not configured. We recommend adding this setting. Falling back to ozone.metadata.dirs instead.
2022-08-04 23:33:00,709 [Listener at 0.0.0.0/35021] INFO  codec.OmKeyInfoCodec (OmKeyInfoCodec.java:<init>(49)) - OmKeyInfoCodec ignorePipeline = true
2022-08-04 23:33:00,709 [Listener at 0.0.0.0/35021] INFO  codec.RepeatedOmKeyInfoCodec (RepeatedOmKeyInfoCodec.java:<init>(41)) - RepeatedOmKeyInfoCodec ignorePipeline = true
2022-08-04 23:33:01,170 [Listener at 0.0.0.0/35021] INFO  om.OzoneManager (OzoneManager.java:instantiateServices(696)) - S3 Multi-Tenancy is disabled
2022-08-04 23:33:01,171 [Listener at 0.0.0.0/35021] INFO  om.OzoneManager (OzoneManager.java:addS3GVolumeToDB(4307)) - Created Volume s3v With Owner runner required for S3Gateway operations.
2022-08-04 23:33:01,172 [Listener at 0.0.0.0/35021] WARN  server.ServerUtils (ServerUtils.java:getDefaultRatisDirectory(237)) - Storage directory for Ratis is not configured. It is a good idea to map this to an SSD disk. Falling back to ozone.metadata.dirs
2022-08-04 23:33:01,172 [Listener at 0.0.0.0/35021] WARN  utils.OzoneManagerRatisUtils (OzoneManagerRatisUtils.java:getOMRatisSnapshotDirectory(431)) - ozone.om.ratis.snapshot.dir is not configured. Falling back to ozone.metadata.dirs config
2022-08-04 23:33:01,172 [Listener at 0.0.0.0/35021] WARN  server.ServerUtils (ServerUtils.java:getDefaultRatisDirectory(237)) - Storage directory for Ratis is not configured. It is a good idea to map this to an SSD disk. Falling back to ozone.metadata.dirs
2022-08-04 23:33:01,173 [Listener at 0.0.0.0/35021] INFO  ratis.OzoneManagerRatisServer (OzoneManagerRatisServer.java:<init>(159)) - Instantiating OM Ratis server with groupID: omServiceIdDefault and peers: localhost:9872
2022-08-04 23:33:01,173 [Listener at 0.0.0.0/35021] INFO  ratis.OzoneManagerStateMachine (OzoneManagerStateMachine.java:loadSnapshotInfoFromDB(632)) - LastAppliedIndex is set from TransactionInfo from OM DB as (t:0, i:~)
2022-08-04 23:33:01,219 [Listener at 0.0.0.0/35021] INFO  server.RaftServer (ConfUtils.java:logGet(46)) - raft.rpc.type = GRPC (default)
2022-08-04 23:33:01,219 [Listener at 0.0.0.0/35021] INFO  grpc.GrpcFactory (GrpcFactory.java:checkPooledByteBufAllocatorUseCacheForAllThreads(48)) - PERFORMANCE WARNING: useCacheForAllThreads is true that may cause Netty to create a lot garbage objects and, as a result, trigger GC.
	It is recommended to disable useCacheForAllThreads by setting -Dorg.apache.ratis.thirdparty.io.netty.allocator.useCacheForAllThreads=false in command line.
2022-08-04 23:33:01,220 [Listener at 0.0.0.0/35021] INFO  grpc.GrpcConfigKeys (ConfUtils.java:logGet(46)) - raft.grpc.admin.port = -1 (default)
2022-08-04 23:33:01,220 [Listener at 0.0.0.0/35021] INFO  grpc.GrpcConfigKeys (ConfUtils.java:logGet(46)) - raft.grpc.server.port = 9872 (custom)
2022-08-04 23:33:01,220 [Listener at 0.0.0.0/35021] INFO  grpc.GrpcConfigKeys (ConfUtils.java:logGet(46)) - raft.grpc.client.port = -1 (default)
2022-08-04 23:33:01,220 [Listener at 0.0.0.0/35021] INFO  grpc.GrpcConfigKeys (ConfUtils.java:logGet(46)) - raft.grpc.server.port = 9872 (custom)
2022-08-04 23:33:01,220 [Listener at 0.0.0.0/35021] INFO  grpc.GrpcConfigKeys (ConfUtils.java:logGet(46)) - raft.grpc.server.port = 9872 (custom)
2022-08-04 23:33:01,220 [Listener at 0.0.0.0/35021] INFO  server.GrpcService (ConfUtils.java:logGet(46)) - raft.grpc.message.size.max = 33554432 (custom)
2022-08-04 23:33:01,220 [Listener at 0.0.0.0/35021] INFO  server.RaftServerConfigKeys (ConfUtils.java:logGet(46)) - raft.server.log.appender.buffer.byte-limit = 33554432 (custom)
2022-08-04 23:33:01,220 [Listener at 0.0.0.0/35021] INFO  server.GrpcService (ConfUtils.java:logGet(46)) - raft.grpc.flow.control.window = 1MB (=1048576) (default)
2022-08-04 23:33:01,220 [Listener at 0.0.0.0/35021] INFO  server.RaftServerConfigKeys (ConfUtils.java:logGet(46)) - raft.server.rpc.request.timeout = 3000ms (default)
2022-08-04 23:33:01,220 [Listener at 0.0.0.0/35021] INFO  grpc.GrpcConfigKeys (ConfUtils.java:logGet(46)) - raft.grpc.server.async.request.thread.pool.cached = true (default)
2022-08-04 23:33:01,221 [Listener at 0.0.0.0/35021] INFO  grpc.GrpcConfigKeys (ConfUtils.java:logGet(46)) - raft.grpc.server.async.request.thread.pool.size = 32 (default)
2022-08-04 23:33:01,222 [Listener at 0.0.0.0/35021] INFO  impl.DataStreamServerImpl (ConfUtils.java:logGet(46)) - raft.datastream.type = DISABLED (default)
2022-08-04 23:33:01,222 [Listener at 0.0.0.0/35021] INFO  server.RaftServerConfigKeys (ConfUtils.java:logGet(46)) - raft.server.threadpool.proxy.cached = true (default)
2022-08-04 23:33:01,222 [Listener at 0.0.0.0/35021] INFO  server.RaftServerConfigKeys (ConfUtils.java:logGet(46)) - raft.server.threadpool.proxy.size = 0 (default)
2022-08-04 23:33:01,222 [Listener at 0.0.0.0/35021] INFO  server.RaftServerConfigKeys (ConfUtils.java:logGet(46)) - raft.server.rpc.slowness.timeout = 120s (custom)
2022-08-04 23:33:01,223 [Listener at 0.0.0.0/35021] INFO  server.RaftServerConfigKeys (ConfUtils.java:logGet(46)) - raft.server.leaderelection.leader.step-down.wait-time = 10s (default)
2022-08-04 23:33:01,223 [Listener at 0.0.0.0/35021] INFO  server.RaftServerConfigKeys (ConfUtils.java:logGet(46)) - raft.server.storage.dir = [/home/runner/work/ozone/ozone/hadoop-ozone/integration-test/target/test-dir/MiniOzoneClusterImpl-f8ed8ae5-4e76-40f1-a193-ab9d13fb0c59/ozone-meta/ratis] (custom)
2022-08-04 23:33:01,252 [Listener at 0.0.0.0/35021] INFO  server.RaftServer (RaftServerProxy.java:addNew(96)) - om1: addNew group-C5BA1605619E:[om1|rpc:localhost:9872|priority:0] returns group-C5BA1605619E:java.util.concurrent.CompletableFuture@4dab3e26[Not completed]
2022-08-04 23:33:01,252 [Listener at 0.0.0.0/35021] INFO  om.OzoneManager (OzoneManager.java:initializeRatisServer(1962)) - OzoneManager Ratis server initialized at port 9872
2022-08-04 23:33:01,253 [Listener at 0.0.0.0/35021] INFO  om.OzoneManager (OzoneManager.java:getRpcServer(1085)) - Creating RPC Server
2022-08-04 23:33:01,254 [pool-787-thread-1] INFO  server.RaftServer$Division (RaftServerImpl.java:<init>(190)) - om1: new RaftServerImpl for group-C5BA1605619E:[om1|rpc:localhost:9872|priority:0] with OzoneManagerStateMachine:uninitialized
2022-08-04 23:33:01,254 [pool-787-thread-1] INFO  server.RaftServerConfigKeys (ConfUtils.java:logGet(46)) - raft.server.rpc.timeout.min = 1s (custom)
2022-08-04 23:33:01,254 [pool-787-thread-1] INFO  server.RaftServerConfigKeys (ConfUtils.java:logGet(46)) - raft.server.rpc.timeout.max = 1200ms (custom)
2022-08-04 23:33:01,254 [pool-787-thread-1] INFO  server.RaftServerConfigKeys (ConfUtils.java:logGet(46)) - raft.server.rpc.sleep.time = 25ms (default)
2022-08-04 23:33:01,254 [pool-787-thread-1] INFO  server.RaftServerConfigKeys (ConfUtils.java:logGet(46)) - raft.server.rpc.slowness.timeout = 120s (custom)
2022-08-04 23:33:01,254 [pool-787-thread-1] INFO  server.RaftServerConfigKeys (ConfUtils.java:logGet(46)) - raft.server.leaderelection.leader.step-down.wait-time = 10s (default)
2022-08-04 23:33:01,254 [pool-787-thread-1] INFO  server.RaftServerConfigKeys (ConfUtils.java:logGet(46)) - raft.server.sleep.deviation.threshold = 300ms (default)
2022-08-04 23:33:01,254 [pool-787-thread-1] INFO  server.RaftServer$Division (ServerState.java:<init>(107)) - om1@group-C5BA1605619E: ConfigurationManager, init=-1: [om1|rpc:localhost:9872|priority:0], old=null, confs=<EMPTY_MAP>
2022-08-04 23:33:01,254 [pool-787-thread-1] INFO  server.RaftServerConfigKeys (ConfUtils.java:logGet(46)) - raft.server.storage.dir = [/home/runner/work/ozone/ozone/hadoop-ozone/integration-test/target/test-dir/MiniOzoneClusterImpl-f8ed8ae5-4e76-40f1-a193-ab9d13fb0c59/ozone-meta/ratis] (custom)
2022-08-04 23:33:01,254 [pool-787-thread-1] INFO  server.RaftServerConfigKeys (ConfUtils.java:logGet(46)) - raft.server.log.corruption.policy = EXCEPTION (default)
2022-08-04 23:33:01,254 [pool-787-thread-1] INFO  server.RaftServerConfigKeys (ConfUtils.java:logGet(46)) - raft.server.storage.free-space.min = 0MB (=0) (default)
2022-08-04 23:33:01,254 [pool-787-thread-1] INFO  storage.RaftStorageDirectory (RaftStorageDirectoryImpl.java:analyzeStorage(135)) - The storage directory /home/runner/work/ozone/ozone/hadoop-ozone/integration-test/target/test-dir/MiniOzoneClusterImpl-f8ed8ae5-4e76-40f1-a193-ab9d13fb0c59/ozone-meta/ratis/bf265839-605b-3f16-9796-c5ba1605619e does not exist. Creating ...
2022-08-04 23:33:01,256 [pool-787-thread-1] INFO  storage.RaftStorageDirectory (RaftStorageDirectoryImpl.java:tryLock(230)) - Lock on /home/runner/work/ozone/ozone/hadoop-ozone/integration-test/target/test-dir/MiniOzoneClusterImpl-f8ed8ae5-4e76-40f1-a193-ab9d13fb0c59/ozone-meta/ratis/bf265839-605b-3f16-9796-c5ba1605619e/in_use.lock acquired by nodename 5725@fv-az241-597
2022-08-04 23:33:01,318 [pool-787-thread-1] INFO  storage.RaftStorage (RaftStorageImpl.java:format(89)) - Storage directory /home/runner/work/ozone/ozone/hadoop-ozone/integration-test/target/test-dir/MiniOzoneClusterImpl-f8ed8ae5-4e76-40f1-a193-ab9d13fb0c59/ozone-meta/ratis/bf265839-605b-3f16-9796-c5ba1605619e has been successfully formatted.
2022-08-04 23:33:01,318 [pool-787-thread-1] INFO  server.RaftServerConfigKeys (ConfUtils.java:logGet(46)) - raft.server.notification.no-leader.timeout = 120s (custom)
2022-08-04 23:33:01,318 [pool-787-thread-1] INFO  server.RaftServerConfigKeys (ConfUtils.java:logGet(46)) - raft.server.log.use.memory = false (default)
2022-08-04 23:33:01,318 [pool-787-thread-1] INFO  server.RaftServerConfigKeys (ConfUtils.java:logGet(46)) - raft.server.log.purge.gap = 1000000 (custom)
2022-08-04 23:33:01,318 [pool-787-thread-1] INFO  server.RaftServerConfigKeys (ConfUtils.java:logGet(46)) - raft.server.log.appender.buffer.byte-limit = 33554432 (custom)
2022-08-04 23:33:01,318 [pool-787-thread-1] INFO  server.RaftServerConfigKeys (ConfUtils.java:logGet(46)) - raft.server.log.statemachine.data.read.timeout = 1000ms (default)
2022-08-04 23:33:01,318 [pool-787-thread-1] INFO  server.RaftServerConfigKeys (ConfUtils.java:logGet(46)) - raft.server.log.segment.size.max = 4194304 (custom)
2022-08-04 23:33:01,318 [pool-787-thread-1] INFO  server.RaftServerConfigKeys (ConfUtils.java:logGet(46)) - raft.server.log.segment.cache.num.max = 2 (custom)
2022-08-04 23:33:01,319 [pool-787-thread-1] INFO  server.RaftServerConfigKeys (ConfUtils.java:logGet(46)) - raft.server.log.segment.cache.size.max = 200MB (=209715200) (default)
2022-08-04 23:33:01,319 [pool-787-thread-1] INFO  segmented.SegmentedRaftLogWorker (SegmentedRaftLogWorker.java:<init>(187)) - new om1@group-C5BA1605619E-SegmentedRaftLogWorker for RaftStorageImpl:Storage Directory /home/runner/work/ozone/ozone/hadoop-ozone/integration-test/target/test-dir/MiniOzoneClusterImpl-f8ed8ae5-4e76-40f1-a193-ab9d13fb0c59/ozone-meta/ratis/bf265839-605b-3f16-9796-c5ba1605619e
2022-08-04 23:33:01,319 [pool-787-thread-1] INFO  server.RaftServerConfigKeys (ConfUtils.java:logGet(46)) - raft.server.log.queue.byte-limit = 64MB (=67108864) (default)
2022-08-04 23:33:01,319 [pool-787-thread-1] INFO  server.RaftServerConfigKeys (ConfUtils.java:logGet(46)) - raft.server.log.queue.element-limit = 4096 (default)
2022-08-04 23:33:01,319 [pool-787-thread-1] INFO  server.RaftServerConfigKeys (ConfUtils.java:logGet(46)) - raft.server.log.segment.size.max = 4194304 (custom)
2022-08-04 23:33:01,319 [pool-787-thread-1] INFO  server.RaftServerConfigKeys (ConfUtils.java:logGet(46)) - raft.server.log.preallocated.size = 4194304 (custom)
2022-08-04 23:33:01,319 [pool-787-thread-1] INFO  server.RaftServerConfigKeys (ConfUtils.java:logGet(46)) - raft.server.log.force.sync.num = 128 (default)
2022-08-04 23:33:01,319 [pool-787-thread-1] INFO  server.RaftServerConfigKeys (ConfUtils.java:logGet(46)) - raft.server.log.statemachine.data.sync = true (default)
2022-08-04 23:33:01,319 [pool-787-thread-1] INFO  server.RaftServerConfigKeys (ConfUtils.java:logGet(46)) - raft.server.log.statemachine.data.sync.timeout = 10s (default)
2022-08-04 23:33:01,319 [pool-787-thread-1] INFO  server.RaftServerConfigKeys (ConfUtils.java:logGet(46)) - raft.server.log.statemachine.data.sync.timeout.retry = -1 (default)
2022-08-04 23:33:01,322 [pool-787-thread-1] INFO  server.RaftServerConfigKeys (ConfUtils.java:logGet(46)) - raft.server.log.write.buffer.size = 64KB (=65536) (default)
2022-08-04 23:33:01,322 [pool-787-thread-1] INFO  server.RaftServerConfigKeys (ConfUtils.java:logGet(46)) - raft.server.log.unsafe-flush.enabled = false (default)
2022-08-04 23:33:01,322 [pool-787-thread-1] INFO  server.RaftServerConfigKeys (ConfUtils.java:logGet(46)) - raft.server.log.statemachine.data.caching.enabled = false (default)
2022-08-04 23:33:01,322 [pool-787-thread-1] INFO  segmented.SegmentedRaftLogWorker (SegmentedRaftLogWorker.java:lambda$new$0(135)) - om1@group-C5BA1605619E-SegmentedRaftLogWorker: flushIndex: setUnconditionally 0 -> -1
2022-08-04 23:33:01,322 [pool-787-thread-1] INFO  segmented.SegmentedRaftLogWorker (SegmentedRaftLogWorker.java:lambda$new$0(135)) - om1@group-C5BA1605619E-SegmentedRaftLogWorker: safeCacheEvictIndex: setUnconditionally 0 -> -1
2022-08-04 23:33:01,342 [pool-787-thread-1] INFO  server.RaftServerConfigKeys (ConfUtils.java:logGet(46)) - raft.server.snapshot.auto.trigger.enabled = true (custom)
2022-08-04 23:33:01,342 [pool-787-thread-1] INFO  server.RaftServerConfigKeys (ConfUtils.java:logGet(46)) - raft.server.snapshot.auto.trigger.threshold = 400000 (default)
2022-08-04 23:33:01,342 [pool-787-thread-1] INFO  server.RaftServerConfigKeys (ConfUtils.java:logGet(46)) - raft.server.snapshot.retention.file.num = -1 (default)
2022-08-04 23:33:01,342 [pool-787-thread-1] INFO  server.RaftServerConfigKeys (ConfUtils.java:logGet(46)) - raft.server.log.purge.upto.snapshot.index = true (custom)
2022-08-04 23:33:01,342 [pool-787-thread-1] INFO  server.RaftServerConfigKeys (ConfUtils.java:logGet(46)) - raft.server.retrycache.expirytime = 300s (custom)
2022-08-04 23:33:01,342 [pool-787-thread-1] INFO  server.RaftServerConfigKeys (ConfUtils.java:logGet(46)) - raft.server.retrycache.statistics.expirytime = 100μs (default)
2022-08-04 23:33:01,344 [pool-787-thread-1] INFO  server.RaftServerConfigKeys (ConfUtils.java:logGet(46)) - raft.server.log.appender.install.snapshot.enabled = false (custom)
2022-08-04 23:33:01,344 [pool-787-thread-1] INFO  server.RaftServerConfigKeys (ConfUtils.java:logGet(46)) - raft.server.threadpool.server.cached = true (default)
2022-08-04 23:33:01,344 [pool-787-thread-1] INFO  server.RaftServerConfigKeys (ConfUtils.java:logGet(46)) - raft.server.threadpool.server.size = 0 (default)
2022-08-04 23:33:01,344 [pool-787-thread-1] INFO  server.RaftServerConfigKeys (ConfUtils.java:logGet(46)) - raft.server.threadpool.client.cached = true (default)
2022-08-04 23:33:01,344 [pool-787-thread-1] INFO  server.RaftServerConfigKeys (ConfUtils.java:logGet(46)) - raft.server.threadpool.client.size = 0 (default)
2022-08-04 23:33:02,379 [Listener at 0.0.0.0/35021] INFO  reflections.Reflections (Reflections.java:scan(232)) - Reflections took 1125 ms to scan 19 urls, producing 67 keys and 4141 values [using 2 cores]
2022-08-04 23:33:02,380 [Listener at 0.0.0.0/35021] INFO  ipc.CallQueueManager (CallQueueManager.java:<init>(90)) - Using callQueue: class java.util.concurrent.LinkedBlockingQueue, queueCapacity: 2000, scheduler: class org.apache.hadoop.ipc.DefaultRpcScheduler, ipcBackoff: false.
2022-08-04 23:33:02,403 [Socket Reader #1 for port 0] INFO  ipc.Server (Server.java:run(1265)) - Starting Socket Reader #1 for port 0
2022-08-04 23:33:02,493 [Listener at 127.0.0.1/43985] INFO  impl.MetricsSystemImpl (MetricsSystemImpl.java:init(158)) - OzoneManager metrics system started (again)
2022-08-04 23:33:02,503 [Listener at 127.0.0.1/43985] INFO  om.OzoneManager (OzoneManager.java:start(1469)) - OzoneManager RPC server is listening at localhost/127.0.0.1:43985
2022-08-04 23:33:02,503 [Listener at 127.0.0.1/43985] INFO  ratis.OzoneManagerRatisServer (OzoneManagerRatisServer.java:start(554)) - Starting OzoneManagerRatisServer om1 at port 9872
2022-08-04 23:33:02,504 [om1-impl-thread1] INFO  server.RaftServer$Division (RaftServerImpl.java:start(310)) - om1@group-C5BA1605619E: start as a follower, conf=-1: [om1|rpc:localhost:9872|priority:0], old=null
2022-08-04 23:33:02,504 [om1-impl-thread1] INFO  server.RaftServer$Division (RaftServerImpl.java:setRole(299)) - om1@group-C5BA1605619E: changes role from      null to FOLLOWER at term 0 for startAsFollower
2022-08-04 23:33:02,504 [om1-impl-thread1] INFO  impl.RoleInfo (RoleInfo.java:updateAndGet(139)) - om1: start om1@group-C5BA1605619E-FollowerState
2022-08-04 23:33:02,504 [om1-impl-thread1] INFO  util.JmxRegister (JmxRegister.java:tryRegister(44)) - Successfully registered JMX Bean with object name Ratis:service=RaftServer,group=group-C5BA1605619E,id=om1
2022-08-04 23:33:02,504 [Listener at 127.0.0.1/43985] INFO  server.RaftServer (RaftServerProxy.java:lambda$start$6(382)) - om1: start RPC server
2022-08-04 23:33:02,563 [Listener at 127.0.0.1/43985] INFO  server.GrpcService (GrpcService.java:startImpl(260)) - om1: GrpcService started, listening on 9872
2022-08-04 23:33:02,567 [Listener at 127.0.0.1/43985] INFO  om.OzoneManager (OzoneManager.java:start(1485)) - Version File has different layout version (3) than OM DB (null). That is expected if this OM has never been finalized to a newer layout version.
2022-08-04 23:33:02,568 [org.apache.ratis.util.JvmPauseMonitor$$Lambda$682/1302746218@57478445] INFO  util.JvmPauseMonitor (JvmPauseMonitor.java:run(103)) - JvmPauseMonitor-om1: Started
2022-08-04 23:33:02,587 [Listener at 127.0.0.1/43985] INFO  http.BaseHttpServer (BaseHttpServer.java:newHttpServer2BuilderForOzone(209)) - Starting Web-server for ozoneManager at: http://0.0.0.0:0
2022-08-04 23:33:02,587 [Listener at 127.0.0.1/43985] INFO  http.BaseHttpServer (BaseHttpServer.java:<init>(107)) - Hadoop Security Enabled: false Ozone Security Enabled: false Ozone HTTP Security Enabled: false 
2022-08-04 23:33:02,588 [Listener at 127.0.0.1/43985] INFO  server.AuthenticationFilter (AuthenticationFilter.java:constructSecretProvider(240)) - Unable to initialize FileSignerSecretProvider, falling back to use random secrets.
2022-08-04 23:33:02,603 [Listener at 127.0.0.1/43985] WARN  http.HttpRequestLog (HttpRequestLog.java:getRequestLog(103)) - Jetty request log can only be enabled using Log4j
2022-08-04 23:33:02,604 [Listener at 127.0.0.1/43985] INFO  http.HttpServer2 (HttpServer2.java:addGlobalFilter(1029)) - Added global filter 'safety' (class=org.apache.hadoop.hdds.server.http.HttpServer2$QuotingInputFilter)
2022-08-04 23:33:02,605 [Listener at 127.0.0.1/43985] INFO  http.HttpServer2 (HttpServer2.java:addFilter(1005)) - Added filter static_user_filter (class=org.apache.hadoop.http.lib.StaticUserWebFilter$StaticUserFilter) to context ozoneManager
2022-08-04 23:33:02,605 [Listener at 127.0.0.1/43985] INFO  http.HttpServer2 (HttpServer2.java:addFilter(1013)) - Added filter static_user_filter (class=org.apache.hadoop.http.lib.StaticUserWebFilter$StaticUserFilter) to context logs
2022-08-04 23:33:02,605 [Listener at 127.0.0.1/43985] INFO  http.HttpServer2 (HttpServer2.java:addFilter(1013)) - Added filter static_user_filter (class=org.apache.hadoop.http.lib.StaticUserWebFilter$StaticUserFilter) to context static
2022-08-04 23:33:02,605 [Listener at 127.0.0.1/43985] INFO  http.HttpServer2 (HttpServer2.java:bindListener(1248)) - Jetty bound to port 44849
2022-08-04 23:33:02,606 [Listener at 127.0.0.1/43985] INFO  server.Server (Server.java:doStart(375)) - jetty-9.4.43.v20210629; built: 2021-06-30T11:07:22.254Z; git: 526006ecfa3af7f1a27ef3a288e2bef7ea9dd7e8; jvm 1.8.0_332-b09
2022-08-04 23:33:02,661 [Listener at 127.0.0.1/43985] INFO  server.session (DefaultSessionIdManager.java:doStart(334)) - DefaultSessionIdManager workerName=node0
2022-08-04 23:33:02,661 [Listener at 127.0.0.1/43985] INFO  server.session (DefaultSessionIdManager.java:doStart(339)) - No SessionScavenger set, using defaults
2022-08-04 23:33:02,661 [Listener at 127.0.0.1/43985] INFO  server.session (HouseKeeper.java:startScavenging(132)) - node0 Scavenging every 600000ms
2022-08-04 23:33:02,662 [Listener at 127.0.0.1/43985] INFO  handler.ContextHandler (ContextHandler.java:doStart(915)) - Started o.e.j.s.ServletContextHandler@7a90b670{logs,/logs,file:///home/runner/work/ozone/ozone/hadoop-ozone/integration-test/target/log,AVAILABLE}
2022-08-04 23:33:02,662 [Listener at 127.0.0.1/43985] INFO  handler.ContextHandler (ContextHandler.java:doStart(915)) - Started o.e.j.s.ServletContextHandler@d6e9960{static,/static,file:///home/runner/work/ozone/ozone/hadoop-ozone/integration-test/target/test-classes/webapps/static,AVAILABLE}
2022-08-04 23:33:02,665 [Listener at 127.0.0.1/43985] INFO  handler.ContextHandler (ContextHandler.java:doStart(915)) - Started o.e.j.w.WebAppContext@23163234{ozoneManager,/,file:///home/runner/work/ozone/ozone/hadoop-ozone/integration-test/target/test-classes/webapps/ozoneManager/,AVAILABLE}{file:/home/runner/work/ozone/ozone/hadoop-ozone/integration-test/target/test-classes/webapps/ozoneManager}
2022-08-04 23:33:02,702 [Listener at 127.0.0.1/43985] INFO  server.AbstractConnector (AbstractConnector.java:doStart(331)) - Started ServerConnector@15524613{HTTP/1.1, (http/1.1)}{0.0.0.0:44849}
2022-08-04 23:33:02,702 [Listener at 127.0.0.1/43985] INFO  server.Server (Server.java:doStart(415)) - Started @207695ms
2022-08-04 23:33:02,702 [Listener at 127.0.0.1/43985] WARN  impl.MetricsSystemImpl (MetricsSystemImpl.java:register(279)) - Sink prometheus already exists!
2022-08-04 23:33:02,703 [Listener at 127.0.0.1/43985] INFO  http.BaseHttpServer (BaseHttpServer.java:updateConnectorAddress(329)) - HTTP server of ozoneManager listening at http://0.0.0.0:44849
2022-08-04 23:33:02,707 [IPC Server Responder] INFO  ipc.Server (Server.java:run(1507)) - IPC Server Responder: starting
2022-08-04 23:33:02,710 [IPC Server listener on 0] INFO  ipc.Server (Server.java:run(1344)) - IPC Server listener on 0: starting
2022-08-04 23:33:02,711 [Listener at 127.0.0.1/43985] INFO  om.OzoneManager (OzoneManager.java:startTrashEmptier(1906)) - Trash Interval set to 0. Files deleted won't move to trash
2022-08-04 23:33:02,755 [org.apache.hadoop.util.JvmPauseMonitor$Monitor@2c55fa70] INFO  util.JvmPauseMonitor (JvmPauseMonitor.java:run(188)) - Starting JVM pause monitor
2022-08-04 23:33:02,755 [Listener at 127.0.0.1/43985] WARN  impl.MetricRegistriesImpl (MetricRegistriesImpl.java:addReporterRegistration(111)) - New reporters are added after registries were created. Some metrics will be missing from the reporter. Please add reporter before adding any new registry.
2022-08-04 23:33:02,755 [Listener at 127.0.0.1/43985] WARN  impl.MetricRegistriesImpl (MetricRegistriesImpl.java:addReporterRegistration(111)) - New reporters are added after registries were created. Some metrics will be missing from the reporter. Please add reporter before adding any new registry.
2022-08-04 23:33:02,756 [Listener at 127.0.0.1/43985] INFO  impl.MetricsSystemImpl (MetricsSystemImpl.java:init(158)) - HddsDatanode metrics system started (again)
2022-08-04 23:33:02,830 [Listener at 127.0.0.1/43985] INFO  ozone.HddsDatanodeService (HddsDatanodeService.java:start(236)) - HddsDatanodeService host:fv-az241-597.bb25ywkzvhnelkltyshw0e441e.jx.internal.cloudapp.net ip:10.1.0.37
2022-08-04 23:33:02,968 [Listener at 127.0.0.1/43985] INFO  upgrade.AbstractLayoutVersionManager (AbstractLayoutVersionManager.java:init(83)) - Initializing Layout version manager with metadata layout = DATANODE_SCHEMA_V3 (version = 4), software layout = DATANODE_SCHEMA_V3 (version = 4)
2022-08-04 23:33:03,194 [Listener at 127.0.0.1/43985] INFO  reflections.Reflections (Reflections.java:scan(232)) - Reflections took 222 ms to scan 7 urls, producing 132 keys and 321 values 
2022-08-04 23:33:03,207 [Listener at 127.0.0.1/43985] INFO  statemachine.DatanodeStateMachine (DatanodeStateMachine.java:getEndPointTaskThreadPoolSize(237)) - Datanode State Machine Task Thread Pool size 2
2022-08-04 23:33:03,227 [Listener at 127.0.0.1/43985] INFO  volume.HddsVolume (HddsVolume.java:<init>(116)) - Creating HddsVolume: /home/runner/work/ozone/ozone/hadoop-ozone/integration-test/target/test-dir/MiniOzoneClusterImpl-f8ed8ae5-4e76-40f1-a193-ab9d13fb0c59/datanode-0/data-0/containers/hdds of storage type : DISK capacity : 9223372036854775807
2022-08-04 23:33:03,227 [Listener at 127.0.0.1/43985] INFO  volume.MutableVolumeSet (MutableVolumeSet.java:initializeVolumeSet(174)) - Added Volume : /home/runner/work/ozone/ozone/hadoop-ozone/integration-test/target/test-dir/MiniOzoneClusterImpl-f8ed8ae5-4e76-40f1-a193-ab9d13fb0c59/datanode-0/data-0/containers/hdds to VolumeSet
2022-08-04 23:33:03,227 [Listener at 127.0.0.1/43985] INFO  volume.ThrottledAsyncChecker (ThrottledAsyncChecker.java:schedule(141)) - Scheduling a check for /home/runner/work/ozone/ozone/hadoop-ozone/integration-test/target/test-dir/MiniOzoneClusterImpl-f8ed8ae5-4e76-40f1-a193-ab9d13fb0c59/datanode-0/data-0/containers/hdds
2022-08-04 23:33:03,230 [Listener at 127.0.0.1/43985] INFO  volume.StorageVolumeChecker (StorageVolumeChecker.java:checkAllVolumes(202)) - Scheduled health check for volume /home/runner/work/ozone/ozone/hadoop-ozone/integration-test/target/test-dir/MiniOzoneClusterImpl-f8ed8ae5-4e76-40f1-a193-ab9d13fb0c59/datanode-0/data-0/containers/hdds
2022-08-04 23:33:03,276 [Listener at 127.0.0.1/43985] INFO  volume.MutableVolumeSet (MutableVolumeSet.java:initializeVolumeSet(174)) - Added Volume : /home/runner/work/ozone/ozone/hadoop-ozone/integration-test/target/test-dir/MiniOzoneClusterImpl-f8ed8ae5-4e76-40f1-a193-ab9d13fb0c59/datanode-0/data/ratis to VolumeSet
2022-08-04 23:33:03,276 [Listener at 127.0.0.1/43985] INFO  volume.ThrottledAsyncChecker (ThrottledAsyncChecker.java:schedule(141)) - Scheduling a check for /home/runner/work/ozone/ozone/hadoop-ozone/integration-test/target/test-dir/MiniOzoneClusterImpl-f8ed8ae5-4e76-40f1-a193-ab9d13fb0c59/datanode-0/data/ratis
2022-08-04 23:33:03,276 [Listener at 127.0.0.1/43985] INFO  volume.StorageVolumeChecker (StorageVolumeChecker.java:checkAllVolumes(202)) - Scheduled health check for volume /home/runner/work/ozone/ozone/hadoop-ozone/integration-test/target/test-dir/MiniOzoneClusterImpl-f8ed8ae5-4e76-40f1-a193-ab9d13fb0c59/datanode-0/data/ratis
2022-08-04 23:33:03,338 [Thread-1534] INFO  ozoneimpl.ContainerReader (ContainerReader.java:readVolume(175)) - Finish verifying containers on volume /home/runner/work/ozone/ozone/hadoop-ozone/integration-test/target/test-dir/MiniOzoneClusterImpl-f8ed8ae5-4e76-40f1-a193-ab9d13fb0c59/datanode-0/data-0/containers/hdds
2022-08-04 23:33:03,339 [Listener at 127.0.0.1/43985] INFO  ozoneimpl.OzoneContainer (OzoneContainer.java:buildContainerSet(299)) - Build ContainerSet costs 0s
2022-08-04 23:33:03,342 [Listener at 127.0.0.1/43985] INFO  server.RaftServer (ConfUtils.java:logGet(46)) - raft.rpc.type = GRPC (default)
2022-08-04 23:33:03,342 [Listener at 127.0.0.1/43985] INFO  grpc.GrpcFactory (GrpcFactory.java:checkPooledByteBufAllocatorUseCacheForAllThreads(48)) - PERFORMANCE WARNING: useCacheForAllThreads is true that may cause Netty to create a lot garbage objects and, as a result, trigger GC.
	It is recommended to disable useCacheForAllThreads by setting -Dorg.apache.ratis.thirdparty.io.netty.allocator.useCacheForAllThreads=false in command line.
2022-08-04 23:33:03,342 [Listener at 127.0.0.1/43985] INFO  grpc.GrpcConfigKeys (ConfUtils.java:logGet(46)) - raft.grpc.admin.port = 0 (custom)
2022-08-04 23:33:03,342 [Listener at 127.0.0.1/43985] INFO  grpc.GrpcConfigKeys (ConfUtils.java:logGet(46)) - raft.grpc.client.port = 0 (custom)
2022-08-04 23:33:03,342 [Listener at 127.0.0.1/43985] INFO  grpc.GrpcConfigKeys (ConfUtils.java:logGet(46)) - raft.grpc.server.port = 0 (default)
2022-08-04 23:33:03,342 [Listener at 127.0.0.1/43985] INFO  server.GrpcService (ConfUtils.java:logGet(46)) - raft.grpc.message.size.max = 32MB (=33554432) (custom)
2022-08-04 23:33:03,342 [Listener at 127.0.0.1/43985] INFO  server.RaftServerConfigKeys (ConfUtils.java:logGet(46)) - raft.server.log.appender.buffer.byte-limit = 33554432 (custom)
2022-08-04 23:33:03,343 [Listener at 127.0.0.1/43985] INFO  server.GrpcService (ConfUtils.java:logGet(46)) - raft.grpc.flow.control.window = 5MB (=5242880) (custom)
2022-08-04 23:33:03,343 [Listener at 127.0.0.1/43985] INFO  server.RaftServerConfigKeys (ConfUtils.java:logGet(46)) - raft.server.rpc.request.timeout = 60s (custom)
2022-08-04 23:33:03,343 [Listener at 127.0.0.1/43985] INFO  grpc.GrpcConfigKeys (ConfUtils.java:logGet(46)) - raft.grpc.server.async.request.thread.pool.cached = true (default)
2022-08-04 23:33:03,343 [Listener at 127.0.0.1/43985] INFO  grpc.GrpcConfigKeys (ConfUtils.java:logGet(46)) - raft.grpc.server.async.request.thread.pool.size = 32 (default)
2022-08-04 23:33:03,344 [Listener at 127.0.0.1/43985] INFO  impl.DataStreamServerImpl (ConfUtils.java:logGet(46)) - raft.datastream.type = DISABLED (default)
2022-08-04 23:33:03,344 [Listener at 127.0.0.1/43985] INFO  server.RaftServerConfigKeys (ConfUtils.java:logGet(46)) - raft.server.threadpool.proxy.cached = true (default)
2022-08-04 23:33:03,344 [Listener at 127.0.0.1/43985] INFO  server.RaftServerConfigKeys (ConfUtils.java:logGet(46)) - raft.server.threadpool.proxy.size = 0 (default)
2022-08-04 23:33:03,344 [Listener at 127.0.0.1/43985] INFO  server.RaftServerConfigKeys (ConfUtils.java:logGet(46)) - raft.server.rpc.slowness.timeout = 300s (custom)
2022-08-04 23:33:03,344 [Listener at 127.0.0.1/43985] INFO  server.RaftServerConfigKeys (ConfUtils.java:logGet(46)) - raft.server.leaderelection.leader.step-down.wait-time = 10s (default)
2022-08-04 23:33:03,344 [Listener at 127.0.0.1/43985] INFO  server.RaftServerConfigKeys (ConfUtils.java:logGet(46)) - raft.server.storage.dir = [/home/runner/work/ozone/ozone/hadoop-ozone/integration-test/target/test-dir/MiniOzoneClusterImpl-f8ed8ae5-4e76-40f1-a193-ab9d13fb0c59/datanode-0/data/ratis] (custom)
2022-08-04 23:33:03,346 [Listener at 127.0.0.1/43985] INFO  server.XceiverServerGrpc (XceiverServerGrpc.java:<init>(132)) - GrpcServer channel type EpollServerSocketChannel
2022-08-04 23:33:03,379 [Listener at 127.0.0.1/43985] INFO  http.BaseHttpServer (BaseHttpServer.java:newHttpServer2BuilderForOzone(209)) - Starting Web-server for hddsDatanode at: http://0.0.0.0:0
2022-08-04 23:33:03,379 [Listener at 127.0.0.1/43985] INFO  http.BaseHttpServer (BaseHttpServer.java:<init>(107)) - Hadoop Security Enabled: false Ozone Security Enabled: false Ozone HTTP Security Enabled: false 
2022-08-04 23:33:03,380 [Listener at 127.0.0.1/43985] INFO  server.AuthenticationFilter (AuthenticationFilter.java:constructSecretProvider(240)) - Unable to initialize FileSignerSecretProvider, falling back to use random secrets.
2022-08-04 23:33:03,389 [Listener at 127.0.0.1/43985] WARN  http.HttpRequestLog (HttpRequestLog.java:getRequestLog(103)) - Jetty request log can only be enabled using Log4j
2022-08-04 23:33:03,390 [Listener at 127.0.0.1/43985] INFO  http.HttpServer2 (HttpServer2.java:addGlobalFilter(1029)) - Added global filter 'safety' (class=org.apache.hadoop.hdds.server.http.HttpServer2$QuotingInputFilter)
2022-08-04 23:33:03,390 [Listener at 127.0.0.1/43985] INFO  http.HttpServer2 (HttpServer2.java:addFilter(1005)) - Added filter static_user_filter (class=org.apache.hadoop.http.lib.StaticUserWebFilter$StaticUserFilter) to context hddsDatanode
2022-08-04 23:33:03,390 [Listener at 127.0.0.1/43985] INFO  http.HttpServer2 (HttpServer2.java:addFilter(1013)) - Added filter static_user_filter (class=org.apache.hadoop.http.lib.StaticUserWebFilter$StaticUserFilter) to context static
2022-08-04 23:33:03,391 [Listener at 127.0.0.1/43985] INFO  http.HttpServer2 (HttpServer2.java:addFilter(1013)) - Added filter static_user_filter (class=org.apache.hadoop.http.lib.StaticUserWebFilter$StaticUserFilter) to context logs
2022-08-04 23:33:03,391 [Listener at 127.0.0.1/43985] INFO  http.HttpServer2 (HttpServer2.java:bindListener(1248)) - Jetty bound to port 39149
2022-08-04 23:33:03,391 [Listener at 127.0.0.1/43985] INFO  server.Server (Server.java:doStart(375)) - jetty-9.4.43.v20210629; built: 2021-06-30T11:07:22.254Z; git: 526006ecfa3af7f1a27ef3a288e2bef7ea9dd7e8; jvm 1.8.0_332-b09
2022-08-04 23:33:03,392 [Listener at 127.0.0.1/43985] INFO  server.session (DefaultSessionIdManager.java:doStart(334)) - DefaultSessionIdManager workerName=node0
2022-08-04 23:33:03,392 [Listener at 127.0.0.1/43985] INFO  server.session (DefaultSessionIdManager.java:doStart(339)) - No SessionScavenger set, using defaults
2022-08-04 23:33:03,393 [Listener at 127.0.0.1/43985] INFO  server.session (HouseKeeper.java:startScavenging(132)) - node0 Scavenging every 600000ms
2022-08-04 23:33:03,393 [Listener at 127.0.0.1/43985] INFO  handler.ContextHandler (ContextHandler.java:doStart(915)) - Started o.e.j.s.ServletContextHandler@34db8381{logs,/logs,file:///home/runner/work/ozone/ozone/hadoop-ozone/integration-test/target/log,AVAILABLE}
2022-08-04 23:33:03,393 [Listener at 127.0.0.1/43985] INFO  handler.ContextHandler (ContextHandler.java:doStart(915)) - Started o.e.j.s.ServletContextHandler@37bedcdc{static,/static,jar:file:/home/runner/.m2/repository/org/apache/ozone/hdds-container-service/1.3.0-SNAPSHOT/hdds-container-service-1.3.0-SNAPSHOT.jar!/webapps/static,AVAILABLE}
2022-08-04 23:33:03,636 [om1@group-C5BA1605619E-FollowerState] INFO  impl.FollowerState (FollowerState.java:run(143)) - om1@group-C5BA1605619E-FollowerState: change to CANDIDATE, lastRpcElapsedTime:1132730500ns, electionTimeout:1085ms
2022-08-04 23:33:03,637 [om1@group-C5BA1605619E-FollowerState] INFO  impl.RoleInfo (RoleInfo.java:shutdownFollowerState(110)) - om1: shutdown om1@group-C5BA1605619E-FollowerState
2022-08-04 23:33:03,637 [om1@group-C5BA1605619E-FollowerState] INFO  server.RaftServer$Division (RaftServerImpl.java:setRole(299)) - om1@group-C5BA1605619E: changes role from  FOLLOWER to CANDIDATE at term 0 for changeToCandidate
2022-08-04 23:33:03,637 [om1@group-C5BA1605619E-FollowerState] INFO  server.RaftServerConfigKeys (ConfUtils.java:logGet(46)) - raft.server.leaderelection.pre-vote = false (custom)
2022-08-04 23:33:03,637 [om1@group-C5BA1605619E-FollowerState] INFO  impl.RoleInfo (RoleInfo.java:updateAndGet(139)) - om1: start om1@group-C5BA1605619E-LeaderElection58
2022-08-04 23:33:03,703 [org.apache.ratis.util.JvmPauseMonitor$$Lambda$682/1302746218@57478445] WARN  util.JvmPauseMonitor (JvmPauseMonitor.java:detectPause(124)) - JvmPauseMonitor-om1: Detected pause in JVM or host machine (eg GC): pause of approximately 135344231ns.
GC pool 'PS MarkSweep' had collection(s): count=1 time=130ms
GC pool 'PS Scavenge' had collection(s): count=1 time=34ms
2022-08-04 23:33:03,747 [om1@group-C5BA1605619E-LeaderElection58] INFO  impl.LeaderElection (LeaderElection.java:askForVotes(310)) - om1@group-C5BA1605619E-LeaderElection58 ELECTION round 0: submit vote requests at term 1 for -1: [om1|rpc:localhost:9872|priority:0], old=null
2022-08-04 23:33:03,747 [om1@group-C5BA1605619E-LeaderElection58] INFO  impl.LeaderElection (LeaderElection.java:askForVotes(312)) - om1@group-C5BA1605619E-LeaderElection58 ELECTION round 0: result PASSED (term=1)
2022-08-04 23:33:03,747 [om1@group-C5BA1605619E-LeaderElection58] INFO  impl.RoleInfo (RoleInfo.java:shutdownLeaderElection(130)) - om1: shutdown om1@group-C5BA1605619E-LeaderElection58
2022-08-04 23:33:03,747 [om1@group-C5BA1605619E-LeaderElection58] INFO  server.RaftServer$Division (RaftServerImpl.java:setRole(299)) - om1@group-C5BA1605619E: changes role from CANDIDATE to LEADER at term 1 for changeToLeader
2022-08-04 23:33:03,747 [om1@group-C5BA1605619E-LeaderElection58] INFO  server.RaftServer$Division (ServerState.java:setLeader(287)) - om1@group-C5BA1605619E: change Leader from null to om1 at term 1 for becomeLeader, leader elected after 2429ms
2022-08-04 23:33:03,759 [om1@group-C5BA1605619E-LeaderElection58] INFO  server.RaftServerConfigKeys (ConfUtils.java:logGet(46)) - raft.server.staging.catchup.gap = 1000 (default)
2022-08-04 23:33:03,759 [om1@group-C5BA1605619E-LeaderElection58] INFO  server.RaftServerConfigKeys (ConfUtils.java:logGet(46)) - raft.server.write.element-limit = 4096 (default)
2022-08-04 23:33:03,759 [om1@group-C5BA1605619E-LeaderElection58] INFO  server.RaftServerConfigKeys (ConfUtils.java:logGet(46)) - raft.server.write.byte-limit = 64MB (=67108864) (default)
2022-08-04 23:33:03,760 [om1@group-C5BA1605619E-LeaderElection58] INFO  server.RaftServerConfigKeys (ConfUtils.java:logGet(46)) - raft.server.watch.timeout = 10s (default)
2022-08-04 23:33:03,760 [om1@group-C5BA1605619E-LeaderElection58] INFO  server.RaftServerConfigKeys (ConfUtils.java:logGet(46)) - raft.server.watch.timeout.denomination = 1s (default)
2022-08-04 23:33:03,760 [om1@group-C5BA1605619E-LeaderElection58] INFO  server.RaftServerConfigKeys (ConfUtils.java:logGet(46)) - raft.server.watch.element-limit = 65536 (default)
2022-08-04 23:33:03,760 [om1@group-C5BA1605619E-LeaderElection58] INFO  server.RaftServerConfigKeys (ConfUtils.java:logGet(46)) - raft.server.write.element-limit = 4096 (default)
2022-08-04 23:33:03,760 [om1@group-C5BA1605619E-LeaderElection58] INFO  server.RaftServerConfigKeys (ConfUtils.java:logGet(46)) - raft.server.write.follower.gap.ratio.max = -1.0 (default)
2022-08-04 23:33:03,760 [om1@group-C5BA1605619E-LeaderElection58] INFO  impl.RoleInfo (RoleInfo.java:updateAndGet(139)) - om1: start om1@group-C5BA1605619E-LeaderStateImpl
2022-08-04 23:33:03,760 [om1@group-C5BA1605619E-LeaderElection58] INFO  segmented.SegmentedRaftLogWorker (SegmentedRaftLogWorker.java:startLogSegment(425)) - om1@group-C5BA1605619E-SegmentedRaftLogWorker: Starting segment from index:0
2022-08-04 23:33:03,772 [om1@group-C5BA1605619E-LeaderElection58] INFO  server.RaftServer$Division (ServerState.java:setRaftConf(393)) - om1@group-C5BA1605619E: set configuration 0: [om1|rpc:localhost:9872|admin:|client:|dataStream:|priority:0], old=null
2022-08-04 23:33:03,827 [om1@group-C5BA1605619E-SegmentedRaftLogWorker] INFO  segmented.SegmentedRaftLogWorker (SegmentedRaftLogWorker.java:execute(629)) - om1@group-C5BA1605619E-SegmentedRaftLogWorker: created new log segment /home/runner/work/ozone/ozone/hadoop-ozone/integration-test/target/test-dir/MiniOzoneClusterImpl-f8ed8ae5-4e76-40f1-a193-ab9d13fb0c59/ozone-meta/ratis/bf265839-605b-3f16-9796-c5ba1605619e/current/log_inprogress_0
2022-08-04 23:33:03,832 [om1@group-C5BA1605619E-StateMachineUpdater] INFO  ratis.OzoneManagerStateMachine (OzoneManagerStateMachine.java:notifyConfigurationChanged(192)) - Received Configuration change notification from Ratis. New Peer list:
[id: "om1"
address: "localhost:9872"
]
2022-08-04 23:33:04,113 [Listener at 127.0.0.1/43985] INFO  handler.ContextHandler (ContextHandler.java:doStart(915)) - Started o.e.j.w.WebAppContext@77b3fc21{hddsDatanode,/,file:///tmp/jetty-0_0_0_0-39149-hdds-container-service-1_3_0-SNAPSHOT_jar-_-any-5879909101211033138/webapp/,AVAILABLE}{jar:file:/home/runner/.m2/repository/org/apache/ozone/hdds-container-service/1.3.0-SNAPSHOT/hdds-container-service-1.3.0-SNAPSHOT.jar!/webapps/hddsDatanode}
2022-08-04 23:33:04,116 [Listener at 127.0.0.1/43985] INFO  server.AbstractConnector (AbstractConnector.java:doStart(331)) - Started ServerConnector@86173a0{HTTP/1.1, (http/1.1)}{0.0.0.0:39149}
2022-08-04 23:33:04,116 [Listener at 127.0.0.1/43985] INFO  server.Server (Server.java:doStart(415)) - Started @209110ms
2022-08-04 23:33:04,116 [Listener at 127.0.0.1/43985] WARN  impl.MetricsSystemImpl (MetricsSystemImpl.java:register(279)) - Sink prometheus already exists!
2022-08-04 23:33:04,123 [Listener at 127.0.0.1/43985] INFO  http.BaseHttpServer (BaseHttpServer.java:updateConnectorAddress(329)) - HTTP server of hddsDatanode listening at http://0.0.0.0:39149
2022-08-04 23:33:04,131 [Listener at 127.0.0.1/43985] WARN  impl.MetricRegistriesImpl (MetricRegistriesImpl.java:addReporterRegistration(111)) - New reporters are added after registries were created. Some metrics will be missing from the reporter. Please add reporter before adding any new registry.
2022-08-04 23:33:04,131 [Listener at 127.0.0.1/43985] WARN  impl.MetricRegistriesImpl (MetricRegistriesImpl.java:addReporterRegistration(111)) - New reporters are added after registries were created. Some metrics will be missing from the reporter. Please add reporter before adding any new registry.
2022-08-04 23:33:04,131 [Listener at 127.0.0.1/43985] INFO  impl.MetricsSystemImpl (MetricsSystemImpl.java:init(158)) - HddsDatanode metrics system started (again)
2022-08-04 23:33:04,140 [Datanode State Machine Daemon Thread] INFO  statemachine.DatanodeStateMachine (DatanodeStateMachine.java:lambda$startDaemon$0(492)) - Ozone container server started.
2022-08-04 23:33:04,194 [Listener at 127.0.0.1/43985] INFO  ozone.HddsDatanodeService (HddsDatanodeService.java:start(236)) - HddsDatanodeService host:fv-az241-597.bb25ywkzvhnelkltyshw0e441e.jx.internal.cloudapp.net ip:10.1.0.37
2022-08-04 23:33:04,239 [org.apache.hadoop.util.JvmPauseMonitor$Monitor@10098a12] INFO  util.JvmPauseMonitor (JvmPauseMonitor.java:run(188)) - Starting JVM pause monitor
2022-08-04 23:33:04,252 [Datanode State Machine Task Thread - 0] INFO  datanode.InitDatanodeState (InitDatanodeState.java:persistContainerDatanodeDetails(138)) - DatanodeDetails is persisted to /home/runner/work/ozone/ozone/hadoop-ozone/integration-test/target/test-dir/MiniOzoneClusterImpl-f8ed8ae5-4e76-40f1-a193-ab9d13fb0c59/datanode-0/meta/datanode.id
2022-08-04 23:33:04,288 [Listener at 127.0.0.1/43985] INFO  upgrade.AbstractLayoutVersionManager (AbstractLayoutVersionManager.java:init(83)) - Initializing Layout version manager with metadata layout = DATANODE_SCHEMA_V3 (version = 4), software layout = DATANODE_SCHEMA_V3 (version = 4)
2022-08-04 23:33:04,369 [Listener at 127.0.0.1/43985] INFO  reflections.Reflections (Reflections.java:scan(232)) - Reflections took 80 ms to scan 7 urls, producing 132 keys and 321 values 
2022-08-04 23:33:04,370 [Listener at 127.0.0.1/43985] INFO  statemachine.DatanodeStateMachine (DatanodeStateMachine.java:getEndPointTaskThreadPoolSize(237)) - Datanode State Machine Task Thread Pool size 2
2022-08-04 23:33:04,371 [Listener at 127.0.0.1/43985] INFO  volume.HddsVolume (HddsVolume.java:<init>(116)) - Creating HddsVolume: /home/runner/work/ozone/ozone/hadoop-ozone/integration-test/target/test-dir/MiniOzoneClusterImpl-f8ed8ae5-4e76-40f1-a193-ab9d13fb0c59/datanode-1/data-0/containers/hdds of storage type : DISK capacity : 9223372036854775807
2022-08-04 23:33:04,372 [Listener at 127.0.0.1/43985] INFO  volume.MutableVolumeSet (MutableVolumeSet.java:initializeVolumeSet(174)) - Added Volume : /home/runner/work/ozone/ozone/hadoop-ozone/integration-test/target/test-dir/MiniOzoneClusterImpl-f8ed8ae5-4e76-40f1-a193-ab9d13fb0c59/datanode-1/data-0/containers/hdds to VolumeSet
2022-08-04 23:33:04,372 [Listener at 127.0.0.1/43985] INFO  volume.ThrottledAsyncChecker (ThrottledAsyncChecker.java:schedule(141)) - Scheduling a check for /home/runner/work/ozone/ozone/hadoop-ozone/integration-test/target/test-dir/MiniOzoneClusterImpl-f8ed8ae5-4e76-40f1-a193-ab9d13fb0c59/datanode-1/data-0/containers/hdds
2022-08-04 23:33:04,385 [Listener at 127.0.0.1/43985] INFO  volume.StorageVolumeChecker (StorageVolumeChecker.java:checkAllVolumes(202)) - Scheduled health check for volume /home/runner/work/ozone/ozone/hadoop-ozone/integration-test/target/test-dir/MiniOzoneClusterImpl-f8ed8ae5-4e76-40f1-a193-ab9d13fb0c59/datanode-1/data-0/containers/hdds
2022-08-04 23:33:04,395 [Listener at 127.0.0.1/43985] INFO  volume.MutableVolumeSet (MutableVolumeSet.java:initializeVolumeSet(174)) - Added Volume : /home/runner/work/ozone/ozone/hadoop-ozone/integration-test/target/test-dir/MiniOzoneClusterImpl-f8ed8ae5-4e76-40f1-a193-ab9d13fb0c59/datanode-1/data/ratis to VolumeSet
2022-08-04 23:33:04,405 [Listener at 127.0.0.1/43985] INFO  volume.ThrottledAsyncChecker (ThrottledAsyncChecker.java:schedule(141)) - Scheduling a check for /home/runner/work/ozone/ozone/hadoop-ozone/integration-test/target/test-dir/MiniOzoneClusterImpl-f8ed8ae5-4e76-40f1-a193-ab9d13fb0c59/datanode-1/data/ratis
2022-08-04 23:33:04,406 [Listener at 127.0.0.1/43985] INFO  volume.StorageVolumeChecker (StorageVolumeChecker.java:checkAllVolumes(202)) - Scheduled health check for volume /home/runner/work/ozone/ozone/hadoop-ozone/integration-test/target/test-dir/MiniOzoneClusterImpl-f8ed8ae5-4e76-40f1-a193-ab9d13fb0c59/datanode-1/data/ratis
2022-08-04 23:33:04,435 [Thread-1549] INFO  ozoneimpl.ContainerReader (ContainerReader.java:readVolume(175)) - Finish verifying containers on volume /home/runner/work/ozone/ozone/hadoop-ozone/integration-test/target/test-dir/MiniOzoneClusterImpl-f8ed8ae5-4e76-40f1-a193-ab9d13fb0c59/datanode-1/data-0/containers/hdds
2022-08-04 23:33:04,435 [Listener at 127.0.0.1/43985] INFO  ozoneimpl.OzoneContainer (OzoneContainer.java:buildContainerSet(299)) - Build ContainerSet costs 0s
2022-08-04 23:33:04,437 [Listener at 127.0.0.1/43985] INFO  server.RaftServer (ConfUtils.java:logGet(46)) - raft.rpc.type = GRPC (default)
2022-08-04 23:33:04,437 [Listener at 127.0.0.1/43985] INFO  grpc.GrpcFactory (GrpcFactory.java:checkPooledByteBufAllocatorUseCacheForAllThreads(48)) - PERFORMANCE WARNING: useCacheForAllThreads is true that may cause Netty to create a lot garbage objects and, as a result, trigger GC.
	It is recommended to disable useCacheForAllThreads by setting -Dorg.apache.ratis.thirdparty.io.netty.allocator.useCacheForAllThreads=false in command line.
2022-08-04 23:33:04,437 [Listener at 127.0.0.1/43985] INFO  grpc.GrpcConfigKeys (ConfUtils.java:logGet(46)) - raft.grpc.admin.port = 0 (custom)
2022-08-04 23:33:04,437 [Listener at 127.0.0.1/43985] INFO  grpc.GrpcConfigKeys (ConfUtils.java:logGet(46)) - raft.grpc.client.port = 0 (custom)
2022-08-04 23:33:04,437 [Listener at 127.0.0.1/43985] INFO  grpc.GrpcConfigKeys (ConfUtils.java:logGet(46)) - raft.grpc.server.port = 0 (default)
2022-08-04 23:33:04,437 [Listener at 127.0.0.1/43985] INFO  server.GrpcService (ConfUtils.java:logGet(46)) - raft.grpc.message.size.max = 32MB (=33554432) (custom)
2022-08-04 23:33:04,438 [Listener at 127.0.0.1/43985] INFO  server.RaftServerConfigKeys (ConfUtils.java:logGet(46)) - raft.server.log.appender.buffer.byte-limit = 33554432 (custom)
2022-08-04 23:33:04,438 [Listener at 127.0.0.1/43985] INFO  server.GrpcService (ConfUtils.java:logGet(46)) - raft.grpc.flow.control.window = 5MB (=5242880) (custom)
2022-08-04 23:33:04,438 [Listener at 127.0.0.1/43985] INFO  server.RaftServerConfigKeys (ConfUtils.java:logGet(46)) - raft.server.rpc.request.timeout = 60s (custom)
2022-08-04 23:33:04,438 [Listener at 127.0.0.1/43985] INFO  grpc.GrpcConfigKeys (ConfUtils.java:logGet(46)) - raft.grpc.server.async.request.thread.pool.cached = true (default)
2022-08-04 23:33:04,438 [Listener at 127.0.0.1/43985] INFO  grpc.GrpcConfigKeys (ConfUtils.java:logGet(46)) - raft.grpc.server.async.request.thread.pool.size = 32 (default)
2022-08-04 23:33:04,439 [Listener at 127.0.0.1/43985] INFO  impl.DataStreamServerImpl (ConfUtils.java:logGet(46)) - raft.datastream.type = DISABLED (default)
2022-08-04 23:33:04,459 [Listener at 127.0.0.1/43985] INFO  server.RaftServerConfigKeys (ConfUtils.java:logGet(46)) - raft.server.threadpool.proxy.cached = true (default)
2022-08-04 23:33:04,459 [Listener at 127.0.0.1/43985] INFO  server.RaftServerConfigKeys (ConfUtils.java:logGet(46)) - raft.server.threadpool.proxy.size = 0 (default)
2022-08-04 23:33:04,459 [Listener at 127.0.0.1/43985] INFO  server.RaftServerConfigKeys (ConfUtils.java:logGet(46)) - raft.server.rpc.slowness.timeout = 300s (custom)
2022-08-04 23:33:04,460 [Listener at 127.0.0.1/43985] INFO  server.RaftServerConfigKeys (ConfUtils.java:logGet(46)) - raft.server.leaderelection.leader.step-down.wait-time = 10s (default)
2022-08-04 23:33:04,460 [Listener at 127.0.0.1/43985] INFO  server.RaftServerConfigKeys (ConfUtils.java:logGet(46)) - raft.server.storage.dir = [/home/runner/work/ozone/ozone/hadoop-ozone/integration-test/target/test-dir/MiniOzoneClusterImpl-f8ed8ae5-4e76-40f1-a193-ab9d13fb0c59/datanode-1/data/ratis] (custom)
2022-08-04 23:33:04,467 [Listener at 127.0.0.1/43985] INFO  server.XceiverServerGrpc (XceiverServerGrpc.java:<init>(132)) - GrpcServer channel type EpollServerSocketChannel
2022-08-04 23:33:04,491 [Listener at 127.0.0.1/43985] INFO  http.BaseHttpServer (BaseHttpServer.java:newHttpServer2BuilderForOzone(209)) - Starting Web-server for hddsDatanode at: http://0.0.0.0:0
2022-08-04 23:33:04,491 [Listener at 127.0.0.1/43985] INFO  http.BaseHttpServer (BaseHttpServer.java:<init>(107)) - Hadoop Security Enabled: false Ozone Security Enabled: false Ozone HTTP Security Enabled: false 
2022-08-04 23:33:04,492 [Listener at 127.0.0.1/43985] INFO  server.AuthenticationFilter (AuthenticationFilter.java:constructSecretProvider(240)) - Unable to initialize FileSignerSecretProvider, falling back to use random secrets.
2022-08-04 23:33:04,519 [Listener at 127.0.0.1/43985] WARN  http.HttpRequestLog (HttpRequestLog.java:getRequestLog(103)) - Jetty request log can only be enabled using Log4j
2022-08-04 23:33:04,522 [Listener at 127.0.0.1/43985] INFO  http.HttpServer2 (HttpServer2.java:addGlobalFilter(1029)) - Added global filter 'safety' (class=org.apache.hadoop.hdds.server.http.HttpServer2$QuotingInputFilter)
2022-08-04 23:33:04,523 [Listener at 127.0.0.1/43985] INFO  http.HttpServer2 (HttpServer2.java:addFilter(1005)) - Added filter static_user_filter (class=org.apache.hadoop.http.lib.StaticUserWebFilter$StaticUserFilter) to context hddsDatanode
2022-08-04 23:33:04,523 [Listener at 127.0.0.1/43985] INFO  http.HttpServer2 (HttpServer2.java:addFilter(1013)) - Added filter static_user_filter (class=org.apache.hadoop.http.lib.StaticUserWebFilter$StaticUserFilter) to context static
2022-08-04 23:33:04,523 [Listener at 127.0.0.1/43985] INFO  http.HttpServer2 (HttpServer2.java:addFilter(1013)) - Added filter static_user_filter (class=org.apache.hadoop.http.lib.StaticUserWebFilter$StaticUserFilter) to context logs
2022-08-04 23:33:04,523 [Listener at 127.0.0.1/43985] INFO  http.HttpServer2 (HttpServer2.java:bindListener(1248)) - Jetty bound to port 45633
2022-08-04 23:33:04,523 [Listener at 127.0.0.1/43985] INFO  server.Server (Server.java:doStart(375)) - jetty-9.4.43.v20210629; built: 2021-06-30T11:07:22.254Z; git: 526006ecfa3af7f1a27ef3a288e2bef7ea9dd7e8; jvm 1.8.0_332-b09
2022-08-04 23:33:04,545 [Listener at 127.0.0.1/43985] INFO  server.session (DefaultSessionIdManager.java:doStart(334)) - DefaultSessionIdManager workerName=node0
2022-08-04 23:33:04,545 [Listener at 127.0.0.1/43985] INFO  server.session (DefaultSessionIdManager.java:doStart(339)) - No SessionScavenger set, using defaults
2022-08-04 23:33:04,546 [Listener at 127.0.0.1/43985] INFO  server.session (HouseKeeper.java:startScavenging(132)) - node0 Scavenging every 660000ms
2022-08-04 23:33:04,546 [Listener at 127.0.0.1/43985] INFO  handler.ContextHandler (ContextHandler.java:doStart(915)) - Started o.e.j.s.ServletContextHandler@206987b2{logs,/logs,file:///home/runner/work/ozone/ozone/hadoop-ozone/integration-test/target/log,AVAILABLE}
2022-08-04 23:33:04,546 [Listener at 127.0.0.1/43985] INFO  handler.ContextHandler (ContextHandler.java:doStart(915)) - Started o.e.j.s.ServletContextHandler@4e851f3c{static,/static,jar:file:/home/runner/.m2/repository/org/apache/ozone/hdds-container-service/1.3.0-SNAPSHOT/hdds-container-service-1.3.0-SNAPSHOT.jar!/webapps/static,AVAILABLE}
2022-08-04 23:33:05,094 [Listener at 127.0.0.1/43985] INFO  handler.ContextHandler (ContextHandler.java:doStart(915)) - Started o.e.j.w.WebAppContext@1f53503{hddsDatanode,/,file:///tmp/jetty-0_0_0_0-45633-hdds-container-service-1_3_0-SNAPSHOT_jar-_-any-7530448460116893783/webapp/,AVAILABLE}{jar:file:/home/runner/.m2/repository/org/apache/ozone/hdds-container-service/1.3.0-SNAPSHOT/hdds-container-service-1.3.0-SNAPSHOT.jar!/webapps/hddsDatanode}
2022-08-04 23:33:05,096 [Listener at 127.0.0.1/43985] INFO  server.AbstractConnector (AbstractConnector.java:doStart(331)) - Started ServerConnector@3f4d4652{HTTP/1.1, (http/1.1)}{0.0.0.0:45633}
2022-08-04 23:33:05,096 [Listener at 127.0.0.1/43985] INFO  server.Server (Server.java:doStart(415)) - Started @210089ms
2022-08-04 23:33:05,096 [Listener at 127.0.0.1/43985] WARN  impl.MetricsSystemImpl (MetricsSystemImpl.java:register(279)) - Sink prometheus already exists!
2022-08-04 23:33:05,097 [Listener at 127.0.0.1/43985] INFO  http.BaseHttpServer (BaseHttpServer.java:updateConnectorAddress(329)) - HTTP server of hddsDatanode listening at http://0.0.0.0:45633
2022-08-04 23:33:05,099 [Listener at 127.0.0.1/43985] WARN  impl.MetricRegistriesImpl (MetricRegistriesImpl.java:addReporterRegistration(111)) - New reporters are added after registries were created. Some metrics will be missing from the reporter. Please add reporter before adding any new registry.
2022-08-04 23:33:05,099 [Listener at 127.0.0.1/43985] WARN  impl.MetricRegistriesImpl (MetricRegistriesImpl.java:addReporterRegistration(111)) - New reporters are added after registries were created. Some metrics will be missing from the reporter. Please add reporter before adding any new registry.
2022-08-04 23:33:05,099 [Listener at 127.0.0.1/43985] INFO  impl.MetricsSystemImpl (MetricsSystemImpl.java:init(158)) - HddsDatanode metrics system started (again)
2022-08-04 23:33:05,111 [Datanode State Machine Daemon Thread] INFO  statemachine.DatanodeStateMachine (DatanodeStateMachine.java:lambda$startDaemon$0(492)) - Ozone container server started.
2022-08-04 23:33:05,134 [Listener at 127.0.0.1/43985] INFO  ozone.HddsDatanodeService (HddsDatanodeService.java:start(236)) - HddsDatanodeService host:fv-az241-597.bb25ywkzvhnelkltyshw0e441e.jx.internal.cloudapp.net ip:10.1.0.37
2022-08-04 23:33:05,139 [org.apache.hadoop.util.JvmPauseMonitor$Monitor@3222d10e] INFO  util.JvmPauseMonitor (JvmPauseMonitor.java:run(188)) - Starting JVM pause monitor
2022-08-04 23:33:05,151 [Datanode State Machine Task Thread - 0] INFO  datanode.InitDatanodeState (InitDatanodeState.java:persistContainerDatanodeDetails(138)) - DatanodeDetails is persisted to /home/runner/work/ozone/ozone/hadoop-ozone/integration-test/target/test-dir/MiniOzoneClusterImpl-f8ed8ae5-4e76-40f1-a193-ab9d13fb0c59/datanode-1/meta/datanode.id
2022-08-04 23:33:05,235 [Listener at 127.0.0.1/43985] INFO  upgrade.AbstractLayoutVersionManager (AbstractLayoutVersionManager.java:init(83)) - Initializing Layout version manager with metadata layout = DATANODE_SCHEMA_V3 (version = 4), software layout = DATANODE_SCHEMA_V3 (version = 4)
2022-08-04 23:33:05,314 [Listener at 127.0.0.1/43985] INFO  reflections.Reflections (Reflections.java:scan(232)) - Reflections took 77 ms to scan 7 urls, producing 132 keys and 321 values 
2022-08-04 23:33:05,316 [Listener at 127.0.0.1/43985] INFO  statemachine.DatanodeStateMachine (DatanodeStateMachine.java:getEndPointTaskThreadPoolSize(237)) - Datanode State Machine Task Thread Pool size 2
2022-08-04 23:33:05,318 [Listener at 127.0.0.1/43985] INFO  volume.HddsVolume (HddsVolume.java:<init>(116)) - Creating HddsVolume: /home/runner/work/ozone/ozone/hadoop-ozone/integration-test/target/test-dir/MiniOzoneClusterImpl-f8ed8ae5-4e76-40f1-a193-ab9d13fb0c59/datanode-2/data-0/containers/hdds of storage type : DISK capacity : 9223372036854775807
2022-08-04 23:33:05,318 [Listener at 127.0.0.1/43985] INFO  volume.MutableVolumeSet (MutableVolumeSet.java:initializeVolumeSet(174)) - Added Volume : /home/runner/work/ozone/ozone/hadoop-ozone/integration-test/target/test-dir/MiniOzoneClusterImpl-f8ed8ae5-4e76-40f1-a193-ab9d13fb0c59/datanode-2/data-0/containers/hdds to VolumeSet
2022-08-04 23:33:05,318 [Listener at 127.0.0.1/43985] INFO  volume.ThrottledAsyncChecker (ThrottledAsyncChecker.java:schedule(141)) - Scheduling a check for /home/runner/work/ozone/ozone/hadoop-ozone/integration-test/target/test-dir/MiniOzoneClusterImpl-f8ed8ae5-4e76-40f1-a193-ab9d13fb0c59/datanode-2/data-0/containers/hdds
2022-08-04 23:33:05,319 [Listener at 127.0.0.1/43985] INFO  volume.StorageVolumeChecker (StorageVolumeChecker.java:checkAllVolumes(202)) - Scheduled health check for volume /home/runner/work/ozone/ozone/hadoop-ozone/integration-test/target/test-dir/MiniOzoneClusterImpl-f8ed8ae5-4e76-40f1-a193-ab9d13fb0c59/datanode-2/data-0/containers/hdds
2022-08-04 23:33:05,330 [Listener at 127.0.0.1/43985] INFO  volume.MutableVolumeSet (MutableVolumeSet.java:initializeVolumeSet(174)) - Added Volume : /home/runner/work/ozone/ozone/hadoop-ozone/integration-test/target/test-dir/MiniOzoneClusterImpl-f8ed8ae5-4e76-40f1-a193-ab9d13fb0c59/datanode-2/data/ratis to VolumeSet
2022-08-04 23:33:05,330 [Listener at 127.0.0.1/43985] INFO  volume.ThrottledAsyncChecker (ThrottledAsyncChecker.java:schedule(141)) - Scheduling a check for /home/runner/work/ozone/ozone/hadoop-ozone/integration-test/target/test-dir/MiniOzoneClusterImpl-f8ed8ae5-4e76-40f1-a193-ab9d13fb0c59/datanode-2/data/ratis
2022-08-04 23:33:05,365 [Listener at 127.0.0.1/43985] INFO  volume.StorageVolumeChecker (StorageVolumeChecker.java:checkAllVolumes(202)) - Scheduled health check for volume /home/runner/work/ozone/ozone/hadoop-ozone/integration-test/target/test-dir/MiniOzoneClusterImpl-f8ed8ae5-4e76-40f1-a193-ab9d13fb0c59/datanode-2/data/ratis
2022-08-04 23:33:05,451 [Thread-1562] INFO  ozoneimpl.ContainerReader (ContainerReader.java:readVolume(175)) - Finish verifying containers on volume /home/runner/work/ozone/ozone/hadoop-ozone/integration-test/target/test-dir/MiniOzoneClusterImpl-f8ed8ae5-4e76-40f1-a193-ab9d13fb0c59/datanode-2/data-0/containers/hdds
2022-08-04 23:33:05,451 [Listener at 127.0.0.1/43985] INFO  ozoneimpl.OzoneContainer (OzoneContainer.java:buildContainerSet(299)) - Build ContainerSet costs 0s
2022-08-04 23:33:05,453 [Listener at 127.0.0.1/43985] INFO  server.RaftServer (ConfUtils.java:logGet(46)) - raft.rpc.type = GRPC (default)
2022-08-04 23:33:05,453 [Listener at 127.0.0.1/43985] INFO  grpc.GrpcFactory (GrpcFactory.java:checkPooledByteBufAllocatorUseCacheForAllThreads(48)) - PERFORMANCE WARNING: useCacheForAllThreads is true that may cause Netty to create a lot garbage objects and, as a result, trigger GC.
	It is recommended to disable useCacheForAllThreads by setting -Dorg.apache.ratis.thirdparty.io.netty.allocator.useCacheForAllThreads=false in command line.
2022-08-04 23:33:05,453 [Listener at 127.0.0.1/43985] INFO  grpc.GrpcConfigKeys (ConfUtils.java:logGet(46)) - raft.grpc.admin.port = 0 (custom)
2022-08-04 23:33:05,453 [Listener at 127.0.0.1/43985] INFO  grpc.GrpcConfigKeys (ConfUtils.java:logGet(46)) - raft.grpc.client.port = 0 (custom)
2022-08-04 23:33:05,453 [Listener at 127.0.0.1/43985] INFO  grpc.GrpcConfigKeys (ConfUtils.java:logGet(46)) - raft.grpc.server.port = 0 (default)
2022-08-04 23:33:05,453 [Listener at 127.0.0.1/43985] INFO  server.GrpcService (ConfUtils.java:logGet(46)) - raft.grpc.message.size.max = 32MB (=33554432) (custom)
2022-08-04 23:33:05,453 [Listener at 127.0.0.1/43985] INFO  server.RaftServerConfigKeys (ConfUtils.java:logGet(46)) - raft.server.log.appender.buffer.byte-limit = 33554432 (custom)
2022-08-04 23:33:05,454 [Listener at 127.0.0.1/43985] INFO  server.GrpcService (ConfUtils.java:logGet(46)) - raft.grpc.flow.control.window = 5MB (=5242880) (custom)
2022-08-04 23:33:05,454 [Listener at 127.0.0.1/43985] INFO  server.RaftServerConfigKeys (ConfUtils.java:logGet(46)) - raft.server.rpc.request.timeout = 60s (custom)
2022-08-04 23:33:05,454 [Listener at 127.0.0.1/43985] INFO  grpc.GrpcConfigKeys (ConfUtils.java:logGet(46)) - raft.grpc.server.async.request.thread.pool.cached = true (default)
2022-08-04 23:33:05,454 [Listener at 127.0.0.1/43985] INFO  grpc.GrpcConfigKeys (ConfUtils.java:logGet(46)) - raft.grpc.server.async.request.thread.pool.size = 32 (default)
2022-08-04 23:33:05,455 [Listener at 127.0.0.1/43985] INFO  impl.DataStreamServerImpl (ConfUtils.java:logGet(46)) - raft.datastream.type = DISABLED (default)
2022-08-04 23:33:05,455 [Listener at 127.0.0.1/43985] INFO  server.RaftServerConfigKeys (ConfUtils.java:logGet(46)) - raft.server.threadpool.proxy.cached = true (default)
2022-08-04 23:33:05,459 [Listener at 127.0.0.1/43985] INFO  server.RaftServerConfigKeys (ConfUtils.java:logGet(46)) - raft.server.threadpool.proxy.size = 0 (default)
2022-08-04 23:33:05,461 [Listener at 127.0.0.1/43985] INFO  server.RaftServerConfigKeys (ConfUtils.java:logGet(46)) - raft.server.rpc.slowness.timeout = 300s (custom)
2022-08-04 23:33:05,461 [Listener at 127.0.0.1/43985] INFO  server.RaftServerConfigKeys (ConfUtils.java:logGet(46)) - raft.server.leaderelection.leader.step-down.wait-time = 10s (default)
2022-08-04 23:33:05,461 [Listener at 127.0.0.1/43985] INFO  server.RaftServerConfigKeys (ConfUtils.java:logGet(46)) - raft.server.storage.dir = [/home/runner/work/ozone/ozone/hadoop-ozone/integration-test/target/test-dir/MiniOzoneClusterImpl-f8ed8ae5-4e76-40f1-a193-ab9d13fb0c59/datanode-2/data/ratis] (custom)
2022-08-04 23:33:05,464 [Listener at 127.0.0.1/43985] INFO  server.XceiverServerGrpc (XceiverServerGrpc.java:<init>(132)) - GrpcServer channel type EpollServerSocketChannel
2022-08-04 23:33:05,466 [Listener at 127.0.0.1/43985] INFO  http.BaseHttpServer (BaseHttpServer.java:newHttpServer2BuilderForOzone(209)) - Starting Web-server for hddsDatanode at: http://0.0.0.0:0
2022-08-04 23:33:05,466 [Listener at 127.0.0.1/43985] INFO  http.BaseHttpServer (BaseHttpServer.java:<init>(107)) - Hadoop Security Enabled: false Ozone Security Enabled: false Ozone HTTP Security Enabled: false 
2022-08-04 23:33:05,467 [Listener at 127.0.0.1/43985] INFO  server.AuthenticationFilter (AuthenticationFilter.java:constructSecretProvider(240)) - Unable to initialize FileSignerSecretProvider, falling back to use random secrets.
2022-08-04 23:33:05,468 [Listener at 127.0.0.1/43985] WARN  http.HttpRequestLog (HttpRequestLog.java:getRequestLog(103)) - Jetty request log can only be enabled using Log4j
2022-08-04 23:33:05,468 [Listener at 127.0.0.1/43985] INFO  http.HttpServer2 (HttpServer2.java:addGlobalFilter(1029)) - Added global filter 'safety' (class=org.apache.hadoop.hdds.server.http.HttpServer2$QuotingInputFilter)
2022-08-04 23:33:05,469 [Listener at 127.0.0.1/43985] INFO  http.HttpServer2 (HttpServer2.java:addFilter(1005)) - Added filter static_user_filter (class=org.apache.hadoop.http.lib.StaticUserWebFilter$StaticUserFilter) to context hddsDatanode
2022-08-04 23:33:05,469 [Listener at 127.0.0.1/43985] INFO  http.HttpServer2 (HttpServer2.java:addFilter(1013)) - Added filter static_user_filter (class=org.apache.hadoop.http.lib.StaticUserWebFilter$StaticUserFilter) to context logs
2022-08-04 23:33:05,469 [Listener at 127.0.0.1/43985] INFO  http.HttpServer2 (HttpServer2.java:addFilter(1013)) - Added filter static_user_filter (class=org.apache.hadoop.http.lib.StaticUserWebFilter$StaticUserFilter) to context static
2022-08-04 23:33:05,469 [Listener at 127.0.0.1/43985] INFO  http.HttpServer2 (HttpServer2.java:bindListener(1248)) - Jetty bound to port 40813
2022-08-04 23:33:05,470 [Listener at 127.0.0.1/43985] INFO  server.Server (Server.java:doStart(375)) - jetty-9.4.43.v20210629; built: 2021-06-30T11:07:22.254Z; git: 526006ecfa3af7f1a27ef3a288e2bef7ea9dd7e8; jvm 1.8.0_332-b09
2022-08-04 23:33:05,492 [Listener at 127.0.0.1/43985] INFO  server.session (DefaultSessionIdManager.java:doStart(334)) - DefaultSessionIdManager workerName=node0
2022-08-04 23:33:05,492 [Listener at 127.0.0.1/43985] INFO  server.session (DefaultSessionIdManager.java:doStart(339)) - No SessionScavenger set, using defaults
2022-08-04 23:33:05,492 [Listener at 127.0.0.1/43985] INFO  server.session (HouseKeeper.java:startScavenging(132)) - node0 Scavenging every 660000ms
2022-08-04 23:33:05,493 [Listener at 127.0.0.1/43985] INFO  handler.ContextHandler (ContextHandler.java:doStart(915)) - Started o.e.j.s.ServletContextHandler@54f1acb2{logs,/logs,file:///home/runner/work/ozone/ozone/hadoop-ozone/integration-test/target/log,AVAILABLE}
2022-08-04 23:33:05,493 [Listener at 127.0.0.1/43985] INFO  handler.ContextHandler (ContextHandler.java:doStart(915)) - Started o.e.j.s.ServletContextHandler@5b26246c{static,/static,jar:file:/home/runner/.m2/repository/org/apache/ozone/hdds-container-service/1.3.0-SNAPSHOT/hdds-container-service-1.3.0-SNAPSHOT.jar!/webapps/static,AVAILABLE}
2022-08-04 23:33:05,873 [Listener at 127.0.0.1/43985] INFO  handler.ContextHandler (ContextHandler.java:doStart(915)) - Started o.e.j.w.WebAppContext@7be1bbd1{hddsDatanode,/,file:///tmp/jetty-0_0_0_0-40813-hdds-container-service-1_3_0-SNAPSHOT_jar-_-any-2925810042908377539/webapp/,AVAILABLE}{jar:file:/home/runner/.m2/repository/org/apache/ozone/hdds-container-service/1.3.0-SNAPSHOT/hdds-container-service-1.3.0-SNAPSHOT.jar!/webapps/hddsDatanode}
2022-08-04 23:33:05,899 [Listener at 127.0.0.1/43985] INFO  server.AbstractConnector (AbstractConnector.java:doStart(331)) - Started ServerConnector@283aefb0{HTTP/1.1, (http/1.1)}{0.0.0.0:40813}
2022-08-04 23:33:05,899 [Listener at 127.0.0.1/43985] INFO  server.Server (Server.java:doStart(415)) - Started @210893ms
2022-08-04 23:33:05,900 [Listener at 127.0.0.1/43985] WARN  impl.MetricsSystemImpl (MetricsSystemImpl.java:register(279)) - Sink prometheus already exists!
2022-08-04 23:33:05,900 [Listener at 127.0.0.1/43985] INFO  http.BaseHttpServer (BaseHttpServer.java:updateConnectorAddress(329)) - HTTP server of hddsDatanode listening at http://0.0.0.0:40813
2022-08-04 23:33:05,911 [Listener at 127.0.0.1/43985] INFO  ozone.MiniOzoneClusterImpl (MiniOzoneClusterImpl.java:lambda$waitForClusterToBeReady$0(216)) - Waiting for nodes to be ready. Got 0 of 3 DN Heartbeats.
2022-08-04 23:33:05,911 [Listener at 127.0.0.1/43985] INFO  ozone.MiniOzoneClusterImpl (MiniOzoneClusterImpl.java:lambda$waitForClusterToBeReady$0(219)) - Waiting for cluster to exit safe mode
2022-08-04 23:33:05,911 [Listener at 127.0.0.1/43985] INFO  ozone.MiniOzoneClusterImpl (MiniOzoneClusterImpl.java:lambda$waitForClusterToBeReady$0(221)) - SCM became leader
2022-08-04 23:33:05,912 [Datanode State Machine Daemon Thread] INFO  statemachine.DatanodeStateMachine (DatanodeStateMachine.java:lambda$startDaemon$0(492)) - Ozone container server started.
2022-08-04 23:33:05,951 [org.apache.hadoop.util.JvmPauseMonitor$Monitor@1e5759] INFO  util.JvmPauseMonitor (JvmPauseMonitor.java:run(188)) - Starting JVM pause monitor
2022-08-04 23:33:05,962 [Datanode State Machine Task Thread - 0] INFO  datanode.InitDatanodeState (InitDatanodeState.java:persistContainerDatanodeDetails(138)) - DatanodeDetails is persisted to /home/runner/work/ozone/ozone/hadoop-ozone/integration-test/target/test-dir/MiniOzoneClusterImpl-f8ed8ae5-4e76-40f1-a193-ab9d13fb0c59/datanode-2/meta/datanode.id
2022-08-04 23:33:06,448 [EndpointStateMachine task thread for /0.0.0.0:34129 - 0 ] INFO  volume.HddsVolume (HddsVolume.java:createDbStore(309)) - SchemaV3 db is created and loaded at /home/runner/work/ozone/ozone/hadoop-ozone/integration-test/target/test-dir/MiniOzoneClusterImpl-f8ed8ae5-4e76-40f1-a193-ab9d13fb0c59/datanode-0/data-0/containers/hdds/f8ed8ae5-4e76-40f1-a193-ab9d13fb0c59/DS-0e7fab9d-1601-48bc-bde8-c5811ea042d7/container.db for volume DS-0e7fab9d-1601-48bc-bde8-c5811ea042d7
2022-08-04 23:33:06,479 [EndpointStateMachine task thread for /0.0.0.0:34129 - 0 ] INFO  volume.HddsVolume (HddsVolume.java:closeDbStore(340)) - SchemaV3 db is stopped at /home/runner/work/ozone/ozone/hadoop-ozone/integration-test/target/test-dir/MiniOzoneClusterImpl-f8ed8ae5-4e76-40f1-a193-ab9d13fb0c59/datanode-0/data-0/containers/hdds/f8ed8ae5-4e76-40f1-a193-ab9d13fb0c59/DS-0e7fab9d-1601-48bc-bde8-c5811ea042d7/container.db for volume DS-0e7fab9d-1601-48bc-bde8-c5811ea042d7
2022-08-04 23:33:06,480 [EndpointStateMachine task thread for /0.0.0.0:34129 - 0 ] INFO  ozoneimpl.OzoneContainer (OzoneContainer.java:start(377)) - Attempting to start container services.
2022-08-04 23:33:06,480 [EndpointStateMachine task thread for /0.0.0.0:34129 - 0 ] INFO  ozoneimpl.OzoneContainer (OzoneContainer.java:startContainerScrub(312)) - Background container scanner has been disabled.
2022-08-04 23:33:06,513 [EndpointStateMachine task thread for /0.0.0.0:34129 - 0 ] INFO  replication.ReplicationServer (ReplicationServer.java:start(111)) - ReplicationServer is started using port 44639
2022-08-04 23:33:06,514 [EndpointStateMachine task thread for /0.0.0.0:34129 - 0 ] INFO  ratis.XceiverServerRatis (XceiverServerRatis.java:start(481)) - Starting XceiverServerRatis b786a278-2a24-4ec7-9aa8-d18b8d900ce5
2022-08-04 23:33:06,514 [EndpointStateMachine task thread for /0.0.0.0:34129 - 0 ] INFO  server.RaftServer (RaftServerProxy.java:lambda$start$6(382)) - b786a278-2a24-4ec7-9aa8-d18b8d900ce5: start RPC server
2022-08-04 23:33:06,544 [EndpointStateMachine task thread for /0.0.0.0:34129 - 0 ] INFO  server.GrpcService (GrpcService.java:startImpl(260)) - b786a278-2a24-4ec7-9aa8-d18b8d900ce5: GrpcService started, listening on 44407
2022-08-04 23:33:06,547 [EndpointStateMachine task thread for /0.0.0.0:34129 - 0 ] INFO  ratis.XceiverServerRatis (XceiverServerRatis.java:getRealPort(502)) - XceiverServerRatis b786a278-2a24-4ec7-9aa8-d18b8d900ce5 is started using port 44407 for RATIS
2022-08-04 23:33:06,547 [EndpointStateMachine task thread for /0.0.0.0:34129 - 0 ] INFO  ratis.XceiverServerRatis (XceiverServerRatis.java:getRealPort(502)) - XceiverServerRatis b786a278-2a24-4ec7-9aa8-d18b8d900ce5 is started using port 44407 for RATIS_ADMIN
2022-08-04 23:33:06,547 [EndpointStateMachine task thread for /0.0.0.0:34129 - 0 ] INFO  ratis.XceiverServerRatis (XceiverServerRatis.java:getRealPort(502)) - XceiverServerRatis b786a278-2a24-4ec7-9aa8-d18b8d900ce5 is started using port 44407 for RATIS_SERVER
2022-08-04 23:33:06,547 [org.apache.ratis.util.JvmPauseMonitor$$Lambda$682/1302746218@a60a792] INFO  util.JvmPauseMonitor (JvmPauseMonitor.java:run(103)) - JvmPauseMonitor-b786a278-2a24-4ec7-9aa8-d18b8d900ce5: Started
2022-08-04 23:33:06,624 [EndpointStateMachine task thread for /0.0.0.0:34129 - 0 ] INFO  server.XceiverServerGrpc (XceiverServerGrpc.java:start(180)) - XceiverServerGrpc b786a278-2a24-4ec7-9aa8-d18b8d900ce5 is started using port 34317
2022-08-04 23:33:06,789 [UnderReplicatedQueueThreadThread] INFO  replication.UnderReplicatedProcessor (UnderReplicatedProcessor.java:processAll(85)) - Processed 0 under replicated containers, failed processing 0
2022-08-04 23:33:06,800 [OverReplicatedQueueThreadThread] INFO  replication.OverReplicatedProcessor (OverReplicatedProcessor.java:processAll(83)) - Processed 0 over replicated containers, failed processing 0
2022-08-04 23:33:06,912 [Listener at 127.0.0.1/43985] INFO  ozone.MiniOzoneClusterImpl (MiniOzoneClusterImpl.java:lambda$waitForClusterToBeReady$0(216)) - Waiting for nodes to be ready. Got 0 of 3 DN Heartbeats.
2022-08-04 23:33:06,912 [Listener at 127.0.0.1/43985] INFO  ozone.MiniOzoneClusterImpl (MiniOzoneClusterImpl.java:lambda$waitForClusterToBeReady$0(219)) - Waiting for cluster to exit safe mode
2022-08-04 23:33:06,912 [Listener at 127.0.0.1/43985] INFO  ozone.MiniOzoneClusterImpl (MiniOzoneClusterImpl.java:lambda$waitForClusterToBeReady$0(221)) - SCM became leader
2022-08-04 23:33:07,256 [EndpointStateMachine task thread for /0.0.0.0:34129 - 0 ] INFO  volume.HddsVolume (HddsVolume.java:createDbStore(309)) - SchemaV3 db is created and loaded at /home/runner/work/ozone/ozone/hadoop-ozone/integration-test/target/test-dir/MiniOzoneClusterImpl-f8ed8ae5-4e76-40f1-a193-ab9d13fb0c59/datanode-1/data-0/containers/hdds/f8ed8ae5-4e76-40f1-a193-ab9d13fb0c59/DS-87306e1b-3b08-4454-ba8d-9de5cc7ad280/container.db for volume DS-87306e1b-3b08-4454-ba8d-9de5cc7ad280
2022-08-04 23:33:07,256 [EndpointStateMachine task thread for /0.0.0.0:34129 - 0 ] INFO  volume.HddsVolume (HddsVolume.java:closeDbStore(340)) - SchemaV3 db is stopped at /home/runner/work/ozone/ozone/hadoop-ozone/integration-test/target/test-dir/MiniOzoneClusterImpl-f8ed8ae5-4e76-40f1-a193-ab9d13fb0c59/datanode-1/data-0/containers/hdds/f8ed8ae5-4e76-40f1-a193-ab9d13fb0c59/DS-87306e1b-3b08-4454-ba8d-9de5cc7ad280/container.db for volume DS-87306e1b-3b08-4454-ba8d-9de5cc7ad280
2022-08-04 23:33:07,257 [EndpointStateMachine task thread for /0.0.0.0:34129 - 0 ] INFO  ozoneimpl.OzoneContainer (OzoneContainer.java:start(377)) - Attempting to start container services.
2022-08-04 23:33:07,257 [EndpointStateMachine task thread for /0.0.0.0:34129 - 0 ] INFO  ozoneimpl.OzoneContainer (OzoneContainer.java:startContainerScrub(312)) - Background container scanner has been disabled.
2022-08-04 23:33:07,303 [EndpointStateMachine task thread for /0.0.0.0:34129 - 0 ] INFO  replication.ReplicationServer (ReplicationServer.java:start(111)) - ReplicationServer is started using port 36697
2022-08-04 23:33:07,303 [EndpointStateMachine task thread for /0.0.0.0:34129 - 0 ] INFO  ratis.XceiverServerRatis (XceiverServerRatis.java:start(481)) - Starting XceiverServerRatis 46498e79-339e-4043-98fa-d899ecef5ee7
2022-08-04 23:33:07,311 [EndpointStateMachine task thread for /0.0.0.0:34129 - 0 ] INFO  server.RaftServer (RaftServerProxy.java:lambda$start$6(382)) - 46498e79-339e-4043-98fa-d899ecef5ee7: start RPC server
2022-08-04 23:33:07,332 [EndpointStateMachine task thread for /0.0.0.0:34129 - 0 ] INFO  server.GrpcService (GrpcService.java:startImpl(260)) - 46498e79-339e-4043-98fa-d899ecef5ee7: GrpcService started, listening on 37807
2022-08-04 23:33:07,333 [EndpointStateMachine task thread for /0.0.0.0:34129 - 0 ] INFO  ratis.XceiverServerRatis (XceiverServerRatis.java:getRealPort(502)) - XceiverServerRatis 46498e79-339e-4043-98fa-d899ecef5ee7 is started using port 37807 for RATIS
2022-08-04 23:33:07,333 [EndpointStateMachine task thread for /0.0.0.0:34129 - 0 ] INFO  ratis.XceiverServerRatis (XceiverServerRatis.java:getRealPort(502)) - XceiverServerRatis 46498e79-339e-4043-98fa-d899ecef5ee7 is started using port 37807 for RATIS_ADMIN
2022-08-04 23:33:07,333 [EndpointStateMachine task thread for /0.0.0.0:34129 - 0 ] INFO  ratis.XceiverServerRatis (XceiverServerRatis.java:getRealPort(502)) - XceiverServerRatis 46498e79-339e-4043-98fa-d899ecef5ee7 is started using port 37807 for RATIS_SERVER
2022-08-04 23:33:07,333 [org.apache.ratis.util.JvmPauseMonitor$$Lambda$682/1302746218@7efdb0d1] INFO  util.JvmPauseMonitor (JvmPauseMonitor.java:run(103)) - JvmPauseMonitor-46498e79-339e-4043-98fa-d899ecef5ee7: Started
2022-08-04 23:33:07,360 [EndpointStateMachine task thread for /0.0.0.0:34129 - 0 ] INFO  server.XceiverServerGrpc (XceiverServerGrpc.java:start(180)) - XceiverServerGrpc 46498e79-339e-4043-98fa-d899ecef5ee7 is started using port 38779
2022-08-04 23:33:07,912 [Listener at 127.0.0.1/43985] INFO  ozone.MiniOzoneClusterImpl (MiniOzoneClusterImpl.java:lambda$waitForClusterToBeReady$0(216)) - Waiting for nodes to be ready. Got 0 of 3 DN Heartbeats.
2022-08-04 23:33:07,912 [Listener at 127.0.0.1/43985] INFO  ozone.MiniOzoneClusterImpl (MiniOzoneClusterImpl.java:lambda$waitForClusterToBeReady$0(219)) - Waiting for cluster to exit safe mode
2022-08-04 23:33:07,912 [Listener at 127.0.0.1/43985] INFO  ozone.MiniOzoneClusterImpl (MiniOzoneClusterImpl.java:lambda$waitForClusterToBeReady$0(221)) - SCM became leader
2022-08-04 23:33:07,959 [UnderReplicatedQueueThreadThread] INFO  replication.UnderReplicatedProcessor (UnderReplicatedProcessor.java:processAll(85)) - Processed 0 under replicated containers, failed processing 0
2022-08-04 23:33:07,970 [OverReplicatedQueueThreadThread] INFO  replication.OverReplicatedProcessor (OverReplicatedProcessor.java:processAll(83)) - Processed 0 over replicated containers, failed processing 0
2022-08-04 23:33:08,088 [EndpointStateMachine task thread for /0.0.0.0:34129 - 0 ] INFO  volume.HddsVolume (HddsVolume.java:createDbStore(309)) - SchemaV3 db is created and loaded at /home/runner/work/ozone/ozone/hadoop-ozone/integration-test/target/test-dir/MiniOzoneClusterImpl-f8ed8ae5-4e76-40f1-a193-ab9d13fb0c59/datanode-2/data-0/containers/hdds/f8ed8ae5-4e76-40f1-a193-ab9d13fb0c59/DS-bbb6ea84-6f69-4198-aced-1b056db371b2/container.db for volume DS-bbb6ea84-6f69-4198-aced-1b056db371b2
2022-08-04 23:33:08,088 [EndpointStateMachine task thread for /0.0.0.0:34129 - 0 ] INFO  volume.HddsVolume (HddsVolume.java:closeDbStore(340)) - SchemaV3 db is stopped at /home/runner/work/ozone/ozone/hadoop-ozone/integration-test/target/test-dir/MiniOzoneClusterImpl-f8ed8ae5-4e76-40f1-a193-ab9d13fb0c59/datanode-2/data-0/containers/hdds/f8ed8ae5-4e76-40f1-a193-ab9d13fb0c59/DS-bbb6ea84-6f69-4198-aced-1b056db371b2/container.db for volume DS-bbb6ea84-6f69-4198-aced-1b056db371b2
2022-08-04 23:33:08,088 [EndpointStateMachine task thread for /0.0.0.0:34129 - 0 ] INFO  ozoneimpl.OzoneContainer (OzoneContainer.java:start(377)) - Attempting to start container services.
2022-08-04 23:33:08,088 [EndpointStateMachine task thread for /0.0.0.0:34129 - 0 ] INFO  ozoneimpl.OzoneContainer (OzoneContainer.java:startContainerScrub(312)) - Background container scanner has been disabled.
2022-08-04 23:33:08,108 [EndpointStateMachine task thread for /0.0.0.0:34129 - 0 ] INFO  replication.ReplicationServer (ReplicationServer.java:start(111)) - ReplicationServer is started using port 34803
2022-08-04 23:33:08,116 [EndpointStateMachine task thread for /0.0.0.0:34129 - 0 ] INFO  ratis.XceiverServerRatis (XceiverServerRatis.java:start(481)) - Starting XceiverServerRatis d1929e7c-bce5-4a44-9038-4ac351dcfd7d
2022-08-04 23:33:08,120 [EndpointStateMachine task thread for /0.0.0.0:34129 - 0 ] INFO  server.RaftServer (RaftServerProxy.java:lambda$start$6(382)) - d1929e7c-bce5-4a44-9038-4ac351dcfd7d: start RPC server
2022-08-04 23:33:08,153 [EndpointStateMachine task thread for /0.0.0.0:34129 - 0 ] INFO  server.GrpcService (GrpcService.java:startImpl(260)) - d1929e7c-bce5-4a44-9038-4ac351dcfd7d: GrpcService started, listening on 45277
2022-08-04 23:33:08,153 [EndpointStateMachine task thread for /0.0.0.0:34129 - 0 ] INFO  ratis.XceiverServerRatis (XceiverServerRatis.java:getRealPort(502)) - XceiverServerRatis d1929e7c-bce5-4a44-9038-4ac351dcfd7d is started using port 45277 for RATIS
2022-08-04 23:33:08,153 [EndpointStateMachine task thread for /0.0.0.0:34129 - 0 ] INFO  ratis.XceiverServerRatis (XceiverServerRatis.java:getRealPort(502)) - XceiverServerRatis d1929e7c-bce5-4a44-9038-4ac351dcfd7d is started using port 45277 for RATIS_ADMIN
2022-08-04 23:33:08,153 [EndpointStateMachine task thread for /0.0.0.0:34129 - 0 ] INFO  ratis.XceiverServerRatis (XceiverServerRatis.java:getRealPort(502)) - XceiverServerRatis d1929e7c-bce5-4a44-9038-4ac351dcfd7d is started using port 45277 for RATIS_SERVER
2022-08-04 23:33:08,154 [org.apache.ratis.util.JvmPauseMonitor$$Lambda$682/1302746218@2e157179] INFO  util.JvmPauseMonitor (JvmPauseMonitor.java:run(103)) - JvmPauseMonitor-d1929e7c-bce5-4a44-9038-4ac351dcfd7d: Started
2022-08-04 23:33:08,217 [EndpointStateMachine task thread for /0.0.0.0:34129 - 0 ] INFO  server.XceiverServerGrpc (XceiverServerGrpc.java:start(180)) - XceiverServerGrpc d1929e7c-bce5-4a44-9038-4ac351dcfd7d is started using port 44781
2022-08-04 23:33:08,235 [IPC Server handler 2 on default port 34129] INFO  net.NetworkTopologyImpl (NetworkTopologyImpl.java:add(112)) - Added a new node: /default-rack/b786a278-2a24-4ec7-9aa8-d18b8d900ce5
2022-08-04 23:33:08,236 [IPC Server handler 2 on default port 34129] INFO  node.SCMNodeManager (SCMNodeManager.java:register(397)) - Registered Data node : b786a278-2a24-4ec7-9aa8-d18b8d900ce5{ip: 10.1.0.37, host: fv-az241-597.bb25ywkzvhnelkltyshw0e441e.jx.internal.cloudapp.net, ports: [REPLICATION=44639, RATIS=44407, RATIS_ADMIN=44407, RATIS_SERVER=44407, STANDALONE=34317], networkLocation: /default-rack, certSerialId: null, persistedOpState: null, persistedOpStateExpiryEpochSec: 0}
2022-08-04 23:33:08,314 [EventQueue-NewNodeForNewNodeHandler] INFO  pipeline.BackgroundPipelineCreator (BackgroundPipelineCreator.java:notifyEventTriggered(276)) - trigger a one-shot run on RatisPipelineUtilsThread.
2022-08-04 23:33:08,314 [RatisPipelineUtilsThread - 0] INFO  pipeline.RatisPipelineProvider (RatisPipelineProvider.java:lambda$create$0(195)) - Sending CreatePipelineCommand for pipeline:PipelineID=19e8b4d0-208a-4f4a-a7ef-d3a0b01a3209 to datanode:b786a278-2a24-4ec7-9aa8-d18b8d900ce5
2022-08-04 23:33:08,314 [EventQueue-NodeRegistrationContainerReportForContainerSafeModeRule] INFO  safemode.SCMSafeModeManager (SCMSafeModeManager.java:validateSafeModeExitRules(204)) - ContainerSafeModeRule rule is successfully validated
2022-08-04 23:33:08,320 [EventQueue-PipelineReportForOneReplicaPipelineSafeModeRule] INFO  safemode.SCMSafeModeManager (SCMSafeModeManager.java:validateSafeModeExitRules(204)) - AtleastOneDatanodeReportedRule rule is successfully validated
2022-08-04 23:33:08,358 [EventQueue-NodeRegistrationContainerReportForDataNodeSafeModeRule] INFO  safemode.SCMSafeModeManager (DataNodeSafeModeRule.java:process(71)) - SCM in safe mode. 1 DataNodes registered, 3 required.
2022-08-04 23:33:08,359 [RatisPipelineUtilsThread - 0] INFO  pipeline.PipelineStateManagerImpl (PipelineStateManagerImpl.java:addPipeline(103)) - Created pipeline Pipeline[ Id: 19e8b4d0-208a-4f4a-a7ef-d3a0b01a3209, Nodes: b786a278-2a24-4ec7-9aa8-d18b8d900ce5{ip: 10.1.0.37, host: fv-az241-597.bb25ywkzvhnelkltyshw0e441e.jx.internal.cloudapp.net, ports: [REPLICATION=44639, RATIS=44407, RATIS_ADMIN=44407, RATIS_SERVER=44407, STANDALONE=34317], networkLocation: /default-rack, certSerialId: null, persistedOpState: IN_SERVICE, persistedOpStateExpiryEpochSec: 0}, ReplicationConfig: RATIS/ONE, State:ALLOCATED, leaderId:, CreationTimestamp2022-08-04T23:33:08.314Z[Etc/UTC]].
2022-08-04 23:33:08,915 [Listener at 127.0.0.1/43985] INFO  ozone.MiniOzoneClusterImpl (MiniOzoneClusterImpl.java:lambda$waitForClusterToBeReady$0(216)) - Waiting for nodes to be ready. Got 1 of 3 DN Heartbeats.
2022-08-04 23:33:08,915 [Listener at 127.0.0.1/43985] INFO  ozone.MiniOzoneClusterImpl (MiniOzoneClusterImpl.java:lambda$waitForClusterToBeReady$0(219)) - Waiting for cluster to exit safe mode
2022-08-04 23:33:08,915 [Listener at 127.0.0.1/43985] INFO  ozone.MiniOzoneClusterImpl (MiniOzoneClusterImpl.java:lambda$waitForClusterToBeReady$0(221)) - SCM became leader
2022-08-04 23:33:09,142 [IPC Server handler 12 on default port 34129] INFO  net.NetworkTopologyImpl (NetworkTopologyImpl.java:add(112)) - Added a new node: /default-rack/46498e79-339e-4043-98fa-d899ecef5ee7
2022-08-04 23:33:09,142 [IPC Server handler 12 on default port 34129] INFO  node.SCMNodeManager (SCMNodeManager.java:register(397)) - Registered Data node : 46498e79-339e-4043-98fa-d899ecef5ee7{ip: 10.1.0.37, host: fv-az241-597.bb25ywkzvhnelkltyshw0e441e.jx.internal.cloudapp.net, ports: [REPLICATION=36697, RATIS=37807, RATIS_ADMIN=37807, RATIS_SERVER=37807, STANDALONE=38779], networkLocation: /default-rack, certSerialId: null, persistedOpState: null, persistedOpStateExpiryEpochSec: 0}
2022-08-04 23:33:09,142 [EventQueue-NewNodeForNewNodeHandler] INFO  pipeline.BackgroundPipelineCreator (BackgroundPipelineCreator.java:notifyEventTriggered(276)) - trigger a one-shot run on RatisPipelineUtilsThread.
2022-08-04 23:33:09,145 [RatisPipelineUtilsThread - 0] INFO  pipeline.RatisPipelineProvider (RatisPipelineProvider.java:lambda$create$0(195)) - Sending CreatePipelineCommand for pipeline:PipelineID=21b16b37-ce17-4f5b-b910-a461ef1f21f6 to datanode:46498e79-339e-4043-98fa-d899ecef5ee7
2022-08-04 23:33:09,145 [RatisPipelineUtilsThread - 0] INFO  pipeline.PipelineStateManagerImpl (PipelineStateManagerImpl.java:addPipeline(103)) - Created pipeline Pipeline[ Id: 21b16b37-ce17-4f5b-b910-a461ef1f21f6, Nodes: 46498e79-339e-4043-98fa-d899ecef5ee7{ip: 10.1.0.37, host: fv-az241-597.bb25ywkzvhnelkltyshw0e441e.jx.internal.cloudapp.net, ports: [REPLICATION=36697, RATIS=37807, RATIS_ADMIN=37807, RATIS_SERVER=37807, STANDALONE=38779], networkLocation: /default-rack, certSerialId: null, persistedOpState: IN_SERVICE, persistedOpStateExpiryEpochSec: 0}, ReplicationConfig: RATIS/ONE, State:ALLOCATED, leaderId:, CreationTimestamp2022-08-04T23:33:09.145Z[Etc/UTC]].
2022-08-04 23:33:09,145 [EventQueue-NodeRegistrationContainerReportForDataNodeSafeModeRule] INFO  safemode.SCMSafeModeManager (DataNodeSafeModeRule.java:process(71)) - SCM in safe mode. 2 DataNodes registered, 3 required.
2022-08-04 23:33:09,916 [Listener at 127.0.0.1/43985] INFO  ozone.MiniOzoneClusterImpl (MiniOzoneClusterImpl.java:lambda$waitForClusterToBeReady$0(216)) - Waiting for nodes to be ready. Got 2 of 3 DN Heartbeats.
2022-08-04 23:33:09,916 [Listener at 127.0.0.1/43985] INFO  ozone.MiniOzoneClusterImpl (MiniOzoneClusterImpl.java:lambda$waitForClusterToBeReady$0(219)) - Waiting for cluster to exit safe mode
2022-08-04 23:33:09,916 [Listener at 127.0.0.1/43985] INFO  ozone.MiniOzoneClusterImpl (MiniOzoneClusterImpl.java:lambda$waitForClusterToBeReady$0(221)) - SCM became leader
2022-08-04 23:33:09,952 [IPC Server handler 1 on default port 34129] INFO  net.NetworkTopologyImpl (NetworkTopologyImpl.java:add(112)) - Added a new node: /default-rack/d1929e7c-bce5-4a44-9038-4ac351dcfd7d
2022-08-04 23:33:09,952 [IPC Server handler 1 on default port 34129] INFO  node.SCMNodeManager (SCMNodeManager.java:register(397)) - Registered Data node : d1929e7c-bce5-4a44-9038-4ac351dcfd7d{ip: 10.1.0.37, host: fv-az241-597.bb25ywkzvhnelkltyshw0e441e.jx.internal.cloudapp.net, ports: [REPLICATION=34803, RATIS=45277, RATIS_ADMIN=45277, RATIS_SERVER=45277, STANDALONE=44781], networkLocation: /default-rack, certSerialId: null, persistedOpState: null, persistedOpStateExpiryEpochSec: 0}
2022-08-04 23:33:09,953 [EventQueue-NewNodeForNewNodeHandler] INFO  pipeline.BackgroundPipelineCreator (BackgroundPipelineCreator.java:notifyEventTriggered(276)) - trigger a one-shot run on RatisPipelineUtilsThread.
2022-08-04 23:33:09,953 [EventQueue-NodeRegistrationContainerReportForDataNodeSafeModeRule] INFO  safemode.SCMSafeModeManager (DataNodeSafeModeRule.java:process(71)) - SCM in safe mode. 3 DataNodes registered, 3 required.
2022-08-04 23:33:09,953 [EventQueue-NodeRegistrationContainerReportForDataNodeSafeModeRule] INFO  safemode.SCMSafeModeManager (SCMSafeModeManager.java:validateSafeModeExitRules(204)) - DataNodeSafeModeRule rule is successfully validated
2022-08-04 23:33:09,953 [EventQueue-NodeRegistrationContainerReportForDataNodeSafeModeRule] INFO  safemode.SCMSafeModeManager (SCMSafeModeManager.java:completePreCheck(233)) - All SCM safe mode pre check rules have passed
2022-08-04 23:33:09,953 [EventQueue-NodeRegistrationContainerReportForDataNodeSafeModeRule] WARN  events.EventQueue (EventQueue.java:fireEvent(216)) - No event handler registered for event TypedEvent{payloadType=SafeModeStatus, name='Safe mode status'}
2022-08-04 23:33:09,953 [EventQueue-NodeRegistrationContainerReportForDataNodeSafeModeRule] INFO  ha.SCMContext (SCMContext.java:updateSafeModeStatus(228)) - Update SafeModeStatus from SafeModeStatus{safeModeStatus=true, preCheckPassed=false} to SafeModeStatus{safeModeStatus=true, preCheckPassed=true}.
2022-08-04 23:33:09,953 [EventQueue-NodeRegistrationContainerReportForDataNodeSafeModeRule] INFO  pipeline.BackgroundPipelineCreator (BackgroundPipelineCreator.java:notifyEventTriggered(276)) - trigger a one-shot run on RatisPipelineUtilsThread.
2022-08-04 23:33:09,953 [RatisPipelineUtilsThread - 0] INFO  pipeline.RatisPipelineProvider (RatisPipelineProvider.java:lambda$create$0(195)) - Sending CreatePipelineCommand for pipeline:PipelineID=dce9cce4-335f-423c-a946-8704277f50a1 to datanode:d1929e7c-bce5-4a44-9038-4ac351dcfd7d
2022-08-04 23:33:09,953 [RatisPipelineUtilsThread - 0] INFO  pipeline.PipelineStateManagerImpl (PipelineStateManagerImpl.java:addPipeline(103)) - Created pipeline Pipeline[ Id: dce9cce4-335f-423c-a946-8704277f50a1, Nodes: d1929e7c-bce5-4a44-9038-4ac351dcfd7d{ip: 10.1.0.37, host: fv-az241-597.bb25ywkzvhnelkltyshw0e441e.jx.internal.cloudapp.net, ports: [REPLICATION=34803, RATIS=45277, RATIS_ADMIN=45277, RATIS_SERVER=45277, STANDALONE=44781], networkLocation: /default-rack, certSerialId: null, persistedOpState: IN_SERVICE, persistedOpStateExpiryEpochSec: 0}, ReplicationConfig: RATIS/ONE, State:ALLOCATED, leaderId:, CreationTimestamp2022-08-04T23:33:09.953Z[Etc/UTC]].
2022-08-04 23:33:09,954 [RatisPipelineUtilsThread - 0] INFO  pipeline.RatisPipelineProvider (RatisPipelineProvider.java:lambda$create$0(195)) - Sending CreatePipelineCommand for pipeline:PipelineID=d2bb860f-bb90-4c59-accb-59b161caa631 to datanode:46498e79-339e-4043-98fa-d899ecef5ee7
2022-08-04 23:33:09,954 [RatisPipelineUtilsThread - 0] INFO  pipeline.RatisPipelineProvider (RatisPipelineProvider.java:lambda$create$0(195)) - Sending CreatePipelineCommand for pipeline:PipelineID=d2bb860f-bb90-4c59-accb-59b161caa631 to datanode:d1929e7c-bce5-4a44-9038-4ac351dcfd7d
2022-08-04 23:33:09,954 [RatisPipelineUtilsThread - 0] INFO  pipeline.RatisPipelineProvider (RatisPipelineProvider.java:lambda$create$0(195)) - Sending CreatePipelineCommand for pipeline:PipelineID=d2bb860f-bb90-4c59-accb-59b161caa631 to datanode:b786a278-2a24-4ec7-9aa8-d18b8d900ce5
2022-08-04 23:33:09,954 [RatisPipelineUtilsThread - 0] INFO  pipeline.PipelineStateManagerImpl (PipelineStateManagerImpl.java:addPipeline(103)) - Created pipeline Pipeline[ Id: d2bb860f-bb90-4c59-accb-59b161caa631, Nodes: 46498e79-339e-4043-98fa-d899ecef5ee7{ip: 10.1.0.37, host: fv-az241-597.bb25ywkzvhnelkltyshw0e441e.jx.internal.cloudapp.net, ports: [REPLICATION=36697, RATIS=37807, RATIS_ADMIN=37807, RATIS_SERVER=37807, STANDALONE=38779], networkLocation: /default-rack, certSerialId: null, persistedOpState: IN_SERVICE, persistedOpStateExpiryEpochSec: 0}d1929e7c-bce5-4a44-9038-4ac351dcfd7d{ip: 10.1.0.37, host: fv-az241-597.bb25ywkzvhnelkltyshw0e441e.jx.internal.cloudapp.net, ports: [REPLICATION=34803, RATIS=45277, RATIS_ADMIN=45277, RATIS_SERVER=45277, STANDALONE=44781], networkLocation: /default-rack, certSerialId: null, persistedOpState: IN_SERVICE, persistedOpStateExpiryEpochSec: 0}b786a278-2a24-4ec7-9aa8-d18b8d900ce5{ip: 10.1.0.37, host: fv-az241-597.bb25ywkzvhnelkltyshw0e441e.jx.internal.cloudapp.net, ports: [REPLICATION=44639, RATIS=44407, RATIS_ADMIN=44407, RATIS_SERVER=44407, STANDALONE=34317], networkLocation: /default-rack, certSerialId: null, persistedOpState: IN_SERVICE, persistedOpStateExpiryEpochSec: 0}, ReplicationConfig: RATIS/THREE, State:ALLOCATED, leaderId:, CreationTimestamp2022-08-04T23:33:09.954Z[Etc/UTC]].
2022-08-04 23:33:09,955 [RatisPipelineUtilsThread - 0] INFO  pipeline.RatisPipelineProvider (RatisPipelineProvider.java:lambda$create$0(195)) - Sending CreatePipelineCommand for pipeline:PipelineID=65a8239b-9d54-449e-908f-3f198b786ec5 to datanode:46498e79-339e-4043-98fa-d899ecef5ee7
2022-08-04 23:33:09,955 [RatisPipelineUtilsThread - 0] INFO  pipeline.RatisPipelineProvider (RatisPipelineProvider.java:lambda$create$0(195)) - Sending CreatePipelineCommand for pipeline:PipelineID=65a8239b-9d54-449e-908f-3f198b786ec5 to datanode:b786a278-2a24-4ec7-9aa8-d18b8d900ce5
2022-08-04 23:33:09,955 [RatisPipelineUtilsThread - 0] INFO  pipeline.RatisPipelineProvider (RatisPipelineProvider.java:lambda$create$0(195)) - Sending CreatePipelineCommand for pipeline:PipelineID=65a8239b-9d54-449e-908f-3f198b786ec5 to datanode:d1929e7c-bce5-4a44-9038-4ac351dcfd7d
2022-08-04 23:33:09,955 [RatisPipelineUtilsThread - 0] INFO  pipeline.PipelineStateManagerImpl (PipelineStateManagerImpl.java:addPipeline(103)) - Created pipeline Pipeline[ Id: 65a8239b-9d54-449e-908f-3f198b786ec5, Nodes: 46498e79-339e-4043-98fa-d899ecef5ee7{ip: 10.1.0.37, host: fv-az241-597.bb25ywkzvhnelkltyshw0e441e.jx.internal.cloudapp.net, ports: [REPLICATION=36697, RATIS=37807, RATIS_ADMIN=37807, RATIS_SERVER=37807, STANDALONE=38779], networkLocation: /default-rack, certSerialId: null, persistedOpState: IN_SERVICE, persistedOpStateExpiryEpochSec: 0}b786a278-2a24-4ec7-9aa8-d18b8d900ce5{ip: 10.1.0.37, host: fv-az241-597.bb25ywkzvhnelkltyshw0e441e.jx.internal.cloudapp.net, ports: [REPLICATION=44639, RATIS=44407, RATIS_ADMIN=44407, RATIS_SERVER=44407, STANDALONE=34317], networkLocation: /default-rack, certSerialId: null, persistedOpState: IN_SERVICE, persistedOpStateExpiryEpochSec: 0}d1929e7c-bce5-4a44-9038-4ac351dcfd7d{ip: 10.1.0.37, host: fv-az241-597.bb25ywkzvhnelkltyshw0e441e.jx.internal.cloudapp.net, ports: [REPLICATION=34803, RATIS=45277, RATIS_ADMIN=45277, RATIS_SERVER=45277, STANDALONE=44781], networkLocation: /default-rack, certSerialId: null, persistedOpState: IN_SERVICE, persistedOpStateExpiryEpochSec: 0}, ReplicationConfig: RATIS/THREE, State:ALLOCATED, leaderId:, CreationTimestamp2022-08-04T23:33:09.955Z[Etc/UTC]].
2022-08-04 23:33:09,955 [RatisPipelineUtilsThread - 0] INFO  pipeline.PipelineManagerImpl (PipelineManagerImpl.java:recordMetricsForPipeline(796)) - Pipeline: PipelineID=65a8239b-9d54-449e-908f-3f198b786ec5 contains same datanodes as previous pipelines: PipelineID=d2bb860f-bb90-4c59-accb-59b161caa631 nodeIds: 46498e79-339e-4043-98fa-d899ecef5ee7, b786a278-2a24-4ec7-9aa8-d18b8d900ce5, d1929e7c-bce5-4a44-9038-4ac351dcfd7d
2022-08-04 23:33:10,916 [Listener at 127.0.0.1/43985] INFO  ozone.MiniOzoneClusterImpl (MiniOzoneClusterImpl.java:lambda$waitForClusterToBeReady$0(216)) - Nodes are ready. Got 3 of 3 DN Heartbeats.
2022-08-04 23:33:10,916 [Listener at 127.0.0.1/43985] INFO  ozone.MiniOzoneClusterImpl (MiniOzoneClusterImpl.java:lambda$waitForClusterToBeReady$0(219)) - Waiting for cluster to exit safe mode
2022-08-04 23:33:10,917 [Listener at 127.0.0.1/43985] INFO  ozone.MiniOzoneClusterImpl (MiniOzoneClusterImpl.java:lambda$waitForClusterToBeReady$0(221)) - SCM became leader
2022-08-04 23:33:11,235 [Command processor thread] INFO  server.RaftServer (RaftServerProxy.java:addNew(96)) - b786a278-2a24-4ec7-9aa8-d18b8d900ce5: addNew group-D3A0B01A3209:[b786a278-2a24-4ec7-9aa8-d18b8d900ce5|rpc:10.1.0.37:44407|priority:1] returns group-D3A0B01A3209:java.util.concurrent.CompletableFuture@4dcfe672[Not completed]
2022-08-04 23:33:11,265 [pool-802-thread-1] INFO  server.RaftServer$Division (RaftServerImpl.java:<init>(190)) - b786a278-2a24-4ec7-9aa8-d18b8d900ce5: new RaftServerImpl for group-D3A0B01A3209:[b786a278-2a24-4ec7-9aa8-d18b8d900ce5|rpc:10.1.0.37:44407|priority:1] with ContainerStateMachine:uninitialized
2022-08-04 23:33:11,265 [pool-802-thread-1] INFO  server.RaftServerConfigKeys (ConfUtils.java:logGet(46)) - raft.server.rpc.timeout.min = 5s (custom)
2022-08-04 23:33:11,266 [pool-802-thread-1] INFO  server.RaftServerConfigKeys (ConfUtils.java:logGet(46)) - raft.server.rpc.timeout.max = 5200ms (custom)
2022-08-04 23:33:11,266 [pool-802-thread-1] INFO  server.RaftServerConfigKeys (ConfUtils.java:logGet(46)) - raft.server.rpc.sleep.time = 25ms (default)
2022-08-04 23:33:11,266 [pool-802-thread-1] INFO  server.RaftServerConfigKeys (ConfUtils.java:logGet(46)) - raft.server.rpc.slowness.timeout = 300s (custom)
2022-08-04 23:33:11,266 [pool-802-thread-1] INFO  server.RaftServerConfigKeys (ConfUtils.java:logGet(46)) - raft.server.leaderelection.leader.step-down.wait-time = 10s (default)
2022-08-04 23:33:11,266 [pool-802-thread-1] INFO  server.RaftServerConfigKeys (ConfUtils.java:logGet(46)) - raft.server.sleep.deviation.threshold = 300ms (default)
2022-08-04 23:33:11,266 [pool-802-thread-1] INFO  server.RaftServer$Division (ServerState.java:<init>(107)) - b786a278-2a24-4ec7-9aa8-d18b8d900ce5@group-D3A0B01A3209: ConfigurationManager, init=-1: [b786a278-2a24-4ec7-9aa8-d18b8d900ce5|rpc:10.1.0.37:44407|priority:1], old=null, confs=<EMPTY_MAP>
2022-08-04 23:33:11,267 [pool-802-thread-1] INFO  server.RaftServerConfigKeys (ConfUtils.java:logGet(46)) - raft.server.storage.dir = [/home/runner/work/ozone/ozone/hadoop-ozone/integration-test/target/test-dir/MiniOzoneClusterImpl-f8ed8ae5-4e76-40f1-a193-ab9d13fb0c59/datanode-0/data/ratis] (custom)
2022-08-04 23:33:11,267 [pool-802-thread-1] INFO  server.RaftServerConfigKeys (ConfUtils.java:logGet(46)) - raft.server.log.corruption.policy = EXCEPTION (default)
2022-08-04 23:33:11,267 [pool-802-thread-1] INFO  server.RaftServerConfigKeys (ConfUtils.java:logGet(46)) - raft.server.storage.free-space.min = 0MB (=0) (default)
2022-08-04 23:33:11,267 [pool-802-thread-1] INFO  storage.RaftStorageDirectory (RaftStorageDirectoryImpl.java:analyzeStorage(135)) - The storage directory /home/runner/work/ozone/ozone/hadoop-ozone/integration-test/target/test-dir/MiniOzoneClusterImpl-f8ed8ae5-4e76-40f1-a193-ab9d13fb0c59/datanode-0/data/ratis/19e8b4d0-208a-4f4a-a7ef-d3a0b01a3209 does not exist. Creating ...
2022-08-04 23:33:11,272 [pool-802-thread-1] INFO  storage.RaftStorageDirectory (RaftStorageDirectoryImpl.java:tryLock(230)) - Lock on /home/runner/work/ozone/ozone/hadoop-ozone/integration-test/target/test-dir/MiniOzoneClusterImpl-f8ed8ae5-4e76-40f1-a193-ab9d13fb0c59/datanode-0/data/ratis/19e8b4d0-208a-4f4a-a7ef-d3a0b01a3209/in_use.lock acquired by nodename 5725@fv-az241-597
2022-08-04 23:33:11,274 [pool-802-thread-1] INFO  storage.RaftStorage (RaftStorageImpl.java:format(89)) - Storage directory /home/runner/work/ozone/ozone/hadoop-ozone/integration-test/target/test-dir/MiniOzoneClusterImpl-f8ed8ae5-4e76-40f1-a193-ab9d13fb0c59/datanode-0/data/ratis/19e8b4d0-208a-4f4a-a7ef-d3a0b01a3209 has been successfully formatted.
2022-08-04 23:33:11,295 [pool-802-thread-1] INFO  ratis.ContainerStateMachine (ContainerStateMachine.java:loadSnapshot(236)) - group-D3A0B01A3209: The snapshot info is null. Setting the last applied indexto:(t:0, i:~)
2022-08-04 23:33:11,295 [pool-802-thread-1] INFO  server.RaftServerConfigKeys (ConfUtils.java:logGet(46)) - raft.server.notification.no-leader.timeout = 300s (custom)
2022-08-04 23:33:11,295 [pool-802-thread-1] INFO  server.RaftServerConfigKeys (ConfUtils.java:logGet(46)) - raft.server.log.use.memory = false (default)
2022-08-04 23:33:11,296 [pool-802-thread-1] INFO  server.RaftServerConfigKeys (ConfUtils.java:logGet(46)) - raft.server.log.purge.gap = 1000000 (custom)
2022-08-04 23:33:11,296 [pool-802-thread-1] INFO  server.RaftServerConfigKeys (ConfUtils.java:logGet(46)) - raft.server.log.appender.buffer.byte-limit = 33554432 (custom)
2022-08-04 23:33:11,296 [pool-802-thread-1] INFO  server.RaftServerConfigKeys (ConfUtils.java:logGet(46)) - raft.server.log.statemachine.data.read.timeout = 1000ms (default)
2022-08-04 23:33:11,296 [pool-802-thread-1] INFO  server.RaftServerConfigKeys (ConfUtils.java:logGet(46)) - raft.server.log.segment.size.max = 1048576 (custom)
2022-08-04 23:33:11,296 [pool-802-thread-1] INFO  server.RaftServerConfigKeys (ConfUtils.java:logGet(46)) - raft.server.log.segment.cache.num.max = 2 (custom)
2022-08-04 23:33:11,296 [pool-802-thread-1] INFO  server.RaftServerConfigKeys (ConfUtils.java:logGet(46)) - raft.server.log.segment.cache.size.max = 200MB (=209715200) (default)
2022-08-04 23:33:11,296 [pool-802-thread-1] INFO  segmented.SegmentedRaftLogWorker (SegmentedRaftLogWorker.java:<init>(187)) - new b786a278-2a24-4ec7-9aa8-d18b8d900ce5@group-D3A0B01A3209-SegmentedRaftLogWorker for RaftStorageImpl:Storage Directory /home/runner/work/ozone/ozone/hadoop-ozone/integration-test/target/test-dir/MiniOzoneClusterImpl-f8ed8ae5-4e76-40f1-a193-ab9d13fb0c59/datanode-0/data/ratis/19e8b4d0-208a-4f4a-a7ef-d3a0b01a3209
2022-08-04 23:33:11,296 [pool-802-thread-1] INFO  server.RaftServerConfigKeys (ConfUtils.java:logGet(46)) - raft.server.log.queue.byte-limit = 4294967296 (custom)
2022-08-04 23:33:11,296 [pool-802-thread-1] INFO  server.RaftServerConfigKeys (ConfUtils.java:logGet(46)) - raft.server.log.queue.element-limit = 1024 (custom)
2022-08-04 23:33:11,296 [pool-802-thread-1] INFO  server.RaftServerConfigKeys (ConfUtils.java:logGet(46)) - raft.server.log.segment.size.max = 1048576 (custom)
2022-08-04 23:33:11,296 [pool-802-thread-1] INFO  server.RaftServerConfigKeys (ConfUtils.java:logGet(46)) - raft.server.log.preallocated.size = 16384 (custom)
2022-08-04 23:33:11,296 [pool-802-thread-1] INFO  server.RaftServerConfigKeys (ConfUtils.java:logGet(46)) - raft.server.log.force.sync.num = 128 (default)
2022-08-04 23:33:11,296 [pool-802-thread-1] INFO  server.RaftServerConfigKeys (ConfUtils.java:logGet(46)) - raft.server.log.statemachine.data.sync = true (default)
2022-08-04 23:33:11,296 [pool-802-thread-1] INFO  server.RaftServerConfigKeys (ConfUtils.java:logGet(46)) - raft.server.log.statemachine.data.sync.timeout = 10s (default)
2022-08-04 23:33:11,297 [pool-802-thread-1] INFO  server.RaftServerConfigKeys (ConfUtils.java:logGet(46)) - raft.server.log.statemachine.data.sync.timeout.retry = -1 (default)
2022-08-04 23:33:11,297 [pool-802-thread-1] INFO  server.RaftServerConfigKeys (ConfUtils.java:logGet(46)) - raft.server.log.write.buffer.size = 1048576 (custom)
2022-08-04 23:33:11,298 [pool-802-thread-1] INFO  server.RaftServerConfigKeys (ConfUtils.java:logGet(46)) - raft.server.log.unsafe-flush.enabled = false (default)
2022-08-04 23:33:11,298 [pool-802-thread-1] INFO  server.RaftServerConfigKeys (ConfUtils.java:logGet(46)) - raft.server.log.statemachine.data.caching.enabled = true (custom)
2022-08-04 23:33:11,298 [pool-802-thread-1] INFO  segmented.SegmentedRaftLogWorker (SegmentedRaftLogWorker.java:lambda$new$0(135)) - b786a278-2a24-4ec7-9aa8-d18b8d900ce5@group-D3A0B01A3209-SegmentedRaftLogWorker: flushIndex: setUnconditionally 0 -> -1
2022-08-04 23:33:11,298 [pool-802-thread-1] INFO  segmented.SegmentedRaftLogWorker (SegmentedRaftLogWorker.java:lambda$new$0(135)) - b786a278-2a24-4ec7-9aa8-d18b8d900ce5@group-D3A0B01A3209-SegmentedRaftLogWorker: safeCacheEvictIndex: setUnconditionally 0 -> -1
2022-08-04 23:33:11,301 [EventQueue-PipelineReportForPipelineReportHandler] INFO  pipeline.PipelineManagerImpl (PipelineManagerImpl.java:openPipeline(367)) - Pipeline Pipeline[ Id: 19e8b4d0-208a-4f4a-a7ef-d3a0b01a3209, Nodes: b786a278-2a24-4ec7-9aa8-d18b8d900ce5{ip: 10.1.0.37, host: fv-az241-597.bb25ywkzvhnelkltyshw0e441e.jx.internal.cloudapp.net, ports: [REPLICATION=44639, RATIS=44407, RATIS_ADMIN=44407, RATIS_SERVER=44407, STANDALONE=34317], networkLocation: /default-rack, certSerialId: null, persistedOpState: IN_SERVICE, persistedOpStateExpiryEpochSec: 0}, ReplicationConfig: RATIS/ONE, State:ALLOCATED, leaderId:b786a278-2a24-4ec7-9aa8-d18b8d900ce5, CreationTimestamp2022-08-04T23:33:08.314Z[Etc/UTC]] moved to OPEN state
2022-08-04 23:33:11,371 [pool-802-thread-1] INFO  server.RaftServerConfigKeys (ConfUtils.java:logGet(46)) - raft.server.snapshot.auto.trigger.enabled = true (custom)
2022-08-04 23:33:11,371 [pool-802-thread-1] INFO  server.RaftServerConfigKeys (ConfUtils.java:logGet(46)) - raft.server.snapshot.auto.trigger.threshold = 10000 (custom)
2022-08-04 23:33:11,371 [pool-802-thread-1] INFO  server.RaftServerConfigKeys (ConfUtils.java:logGet(46)) - raft.server.snapshot.retention.file.num = 5 (custom)
2022-08-04 23:33:11,371 [pool-802-thread-1] INFO  server.RaftServerConfigKeys (ConfUtils.java:logGet(46)) - raft.server.log.purge.upto.snapshot.index = false (default)
2022-08-04 23:33:11,371 [pool-802-thread-1] INFO  server.RaftServerConfigKeys (ConfUtils.java:logGet(46)) - raft.server.retrycache.expirytime = 600000ms (custom)
2022-08-04 23:33:11,372 [pool-802-thread-1] INFO  server.RaftServerConfigKeys (ConfUtils.java:logGet(46)) - raft.server.retrycache.statistics.expirytime = 100μs (default)
2022-08-04 23:33:11,373 [pool-802-thread-1] INFO  server.RaftServerConfigKeys (ConfUtils.java:logGet(46)) - raft.server.log.appender.install.snapshot.enabled = false (custom)
2022-08-04 23:33:11,373 [pool-802-thread-1] INFO  server.RaftServerConfigKeys (ConfUtils.java:logGet(46)) - raft.server.threadpool.server.cached = true (default)
2022-08-04 23:33:11,373 [pool-802-thread-1] INFO  server.RaftServerConfigKeys (ConfUtils.java:logGet(46)) - raft.server.threadpool.server.size = 0 (default)
2022-08-04 23:33:11,373 [pool-802-thread-1] INFO  server.RaftServerConfigKeys (ConfUtils.java:logGet(46)) - raft.server.threadpool.client.cached = true (default)
2022-08-04 23:33:11,373 [pool-802-thread-1] INFO  server.RaftServerConfigKeys (ConfUtils.java:logGet(46)) - raft.server.threadpool.client.size = 0 (default)
2022-08-04 23:33:11,373 [pool-802-thread-1] INFO  server.RaftServer$Division (RaftServerImpl.java:start(310)) - b786a278-2a24-4ec7-9aa8-d18b8d900ce5@group-D3A0B01A3209: start as a follower, conf=-1: [b786a278-2a24-4ec7-9aa8-d18b8d900ce5|rpc:10.1.0.37:44407|priority:1], old=null
2022-08-04 23:33:11,373 [pool-802-thread-1] INFO  server.RaftServer$Division (RaftServerImpl.java:setRole(299)) - b786a278-2a24-4ec7-9aa8-d18b8d900ce5@group-D3A0B01A3209: changes role from      null to FOLLOWER at term 0 for startAsFollower
2022-08-04 23:33:11,373 [pool-802-thread-1] INFO  impl.RoleInfo (RoleInfo.java:updateAndGet(139)) - b786a278-2a24-4ec7-9aa8-d18b8d900ce5: start b786a278-2a24-4ec7-9aa8-d18b8d900ce5@group-D3A0B01A3209-FollowerState
2022-08-04 23:33:11,379 [pool-802-thread-1] INFO  util.JmxRegister (JmxRegister.java:tryRegister(44)) - Successfully registered JMX Bean with object name Ratis:service=RaftServer,group=group-D3A0B01A3209,id=b786a278-2a24-4ec7-9aa8-d18b8d900ce5
2022-08-04 23:33:11,383 [Command processor thread] INFO  ratis.XceiverServerRatis (XceiverServerRatis.java:addGroup(765)) - Created group PipelineID=19e8b4d0-208a-4f4a-a7ef-d3a0b01a3209
2022-08-04 23:33:11,383 [Command processor thread] INFO  commandhandler.CreatePipelineCommandHandler (CreatePipelineCommandHandler.java:handle(113)) - Created Pipeline RATIS ONE PipelineID=19e8b4d0-208a-4f4a-a7ef-d3a0b01a3209.
2022-08-04 23:33:11,383 [Command processor thread] INFO  server.RaftServer (RaftServerProxy.java:addNew(96)) - b786a278-2a24-4ec7-9aa8-d18b8d900ce5: addNew group-59B161CAA631:[46498e79-339e-4043-98fa-d899ecef5ee7|rpc:10.1.0.37:37807|priority:0, b786a278-2a24-4ec7-9aa8-d18b8d900ce5|rpc:10.1.0.37:44407|priority:0, d1929e7c-bce5-4a44-9038-4ac351dcfd7d|rpc:10.1.0.37:45277|priority:1] returns group-59B161CAA631:java.util.concurrent.CompletableFuture@49f07b13[Not completed]
2022-08-04 23:33:11,395 [EventQueue-OpenPipelineForHealthyPipelineSafeModeRule] INFO  safemode.SCMSafeModeManager (HealthyPipelineSafeModeRule.java:process(137)) - SCM in safe mode. Healthy pipelines reported count is 0, required healthy pipeline reported count is 1
2022-08-04 23:33:11,397 [pool-802-thread-1] INFO  server.RaftServer$Division (RaftServerImpl.java:<init>(190)) - b786a278-2a24-4ec7-9aa8-d18b8d900ce5: new RaftServerImpl for group-59B161CAA631:[46498e79-339e-4043-98fa-d899ecef5ee7|rpc:10.1.0.37:37807|priority:0, b786a278-2a24-4ec7-9aa8-d18b8d900ce5|rpc:10.1.0.37:44407|priority:0, d1929e7c-bce5-4a44-9038-4ac351dcfd7d|rpc:10.1.0.37:45277|priority:1] with ContainerStateMachine:uninitialized
2022-08-04 23:33:11,397 [pool-802-thread-1] INFO  server.RaftServerConfigKeys (ConfUtils.java:logGet(46)) - raft.server.rpc.timeout.min = 5s (custom)
2022-08-04 23:33:11,397 [pool-802-thread-1] INFO  server.RaftServerConfigKeys (ConfUtils.java:logGet(46)) - raft.server.rpc.timeout.max = 5200ms (custom)
2022-08-04 23:33:11,397 [pool-802-thread-1] INFO  server.RaftServerConfigKeys (ConfUtils.java:logGet(46)) - raft.server.rpc.sleep.time = 25ms (default)
2022-08-04 23:33:11,397 [pool-802-thread-1] INFO  server.RaftServerConfigKeys (ConfUtils.java:logGet(46)) - raft.server.rpc.slowness.timeout = 300s (custom)
2022-08-04 23:33:11,397 [pool-802-thread-1] INFO  server.RaftServerConfigKeys (ConfUtils.java:logGet(46)) - raft.server.leaderelection.leader.step-down.wait-time = 10s (default)
2022-08-04 23:33:11,397 [pool-802-thread-1] INFO  server.RaftServerConfigKeys (ConfUtils.java:logGet(46)) - raft.server.sleep.deviation.threshold = 300ms (default)
2022-08-04 23:33:11,397 [pool-802-thread-1] INFO  server.RaftServer$Division (ServerState.java:<init>(107)) - b786a278-2a24-4ec7-9aa8-d18b8d900ce5@group-59B161CAA631: ConfigurationManager, init=-1: [46498e79-339e-4043-98fa-d899ecef5ee7|rpc:10.1.0.37:37807|priority:0, b786a278-2a24-4ec7-9aa8-d18b8d900ce5|rpc:10.1.0.37:44407|priority:0, d1929e7c-bce5-4a44-9038-4ac351dcfd7d|rpc:10.1.0.37:45277|priority:1], old=null, confs=<EMPTY_MAP>
2022-08-04 23:33:11,397 [pool-802-thread-1] INFO  server.RaftServerConfigKeys (ConfUtils.java:logGet(46)) - raft.server.storage.dir = [/home/runner/work/ozone/ozone/hadoop-ozone/integration-test/target/test-dir/MiniOzoneClusterImpl-f8ed8ae5-4e76-40f1-a193-ab9d13fb0c59/datanode-0/data/ratis] (custom)
2022-08-04 23:33:11,397 [pool-802-thread-1] INFO  server.RaftServerConfigKeys (ConfUtils.java:logGet(46)) - raft.server.log.corruption.policy = EXCEPTION (default)
2022-08-04 23:33:11,397 [pool-802-thread-1] INFO  server.RaftServerConfigKeys (ConfUtils.java:logGet(46)) - raft.server.storage.free-space.min = 0MB (=0) (default)
2022-08-04 23:33:11,397 [pool-802-thread-1] INFO  storage.RaftStorageDirectory (RaftStorageDirectoryImpl.java:analyzeStorage(135)) - The storage directory /home/runner/work/ozone/ozone/hadoop-ozone/integration-test/target/test-dir/MiniOzoneClusterImpl-f8ed8ae5-4e76-40f1-a193-ab9d13fb0c59/datanode-0/data/ratis/d2bb860f-bb90-4c59-accb-59b161caa631 does not exist. Creating ...
2022-08-04 23:33:11,399 [pool-802-thread-1] INFO  storage.RaftStorageDirectory (RaftStorageDirectoryImpl.java:tryLock(230)) - Lock on /home/runner/work/ozone/ozone/hadoop-ozone/integration-test/target/test-dir/MiniOzoneClusterImpl-f8ed8ae5-4e76-40f1-a193-ab9d13fb0c59/datanode-0/data/ratis/d2bb860f-bb90-4c59-accb-59b161caa631/in_use.lock acquired by nodename 5725@fv-az241-597
2022-08-04 23:33:11,400 [pool-802-thread-1] INFO  storage.RaftStorage (RaftStorageImpl.java:format(89)) - Storage directory /home/runner/work/ozone/ozone/hadoop-ozone/integration-test/target/test-dir/MiniOzoneClusterImpl-f8ed8ae5-4e76-40f1-a193-ab9d13fb0c59/datanode-0/data/ratis/d2bb860f-bb90-4c59-accb-59b161caa631 has been successfully formatted.
2022-08-04 23:33:11,400 [pool-802-thread-1] INFO  ratis.ContainerStateMachine (ContainerStateMachine.java:loadSnapshot(236)) - group-59B161CAA631: The snapshot info is null. Setting the last applied indexto:(t:0, i:~)
2022-08-04 23:33:11,400 [pool-802-thread-1] INFO  server.RaftServerConfigKeys (ConfUtils.java:logGet(46)) - raft.server.notification.no-leader.timeout = 300s (custom)
2022-08-04 23:33:11,400 [pool-802-thread-1] INFO  server.RaftServerConfigKeys (ConfUtils.java:logGet(46)) - raft.server.log.use.memory = false (default)
2022-08-04 23:33:11,400 [pool-802-thread-1] INFO  server.RaftServerConfigKeys (ConfUtils.java:logGet(46)) - raft.server.log.purge.gap = 1000000 (custom)
2022-08-04 23:33:11,400 [pool-802-thread-1] INFO  server.RaftServerConfigKeys (ConfUtils.java:logGet(46)) - raft.server.log.appender.buffer.byte-limit = 33554432 (custom)
2022-08-04 23:33:11,400 [pool-802-thread-1] INFO  server.RaftServerConfigKeys (ConfUtils.java:logGet(46)) - raft.server.log.statemachine.data.read.timeout = 1000ms (default)
2022-08-04 23:33:11,401 [pool-802-thread-1] INFO  server.RaftServerConfigKeys (ConfUtils.java:logGet(46)) - raft.server.log.segment.size.max = 1048576 (custom)
2022-08-04 23:33:11,401 [pool-802-thread-1] INFO  server.RaftServerConfigKeys (ConfUtils.java:logGet(46)) - raft.server.log.segment.cache.num.max = 2 (custom)
2022-08-04 23:33:11,401 [pool-802-thread-1] INFO  server.RaftServerConfigKeys (ConfUtils.java:logGet(46)) - raft.server.log.segment.cache.size.max = 200MB (=209715200) (default)
2022-08-04 23:33:11,401 [pool-802-thread-1] INFO  segmented.SegmentedRaftLogWorker (SegmentedRaftLogWorker.java:<init>(187)) - new b786a278-2a24-4ec7-9aa8-d18b8d900ce5@group-59B161CAA631-SegmentedRaftLogWorker for RaftStorageImpl:Storage Directory /home/runner/work/ozone/ozone/hadoop-ozone/integration-test/target/test-dir/MiniOzoneClusterImpl-f8ed8ae5-4e76-40f1-a193-ab9d13fb0c59/datanode-0/data/ratis/d2bb860f-bb90-4c59-accb-59b161caa631
2022-08-04 23:33:11,401 [pool-802-thread-1] INFO  server.RaftServerConfigKeys (ConfUtils.java:logGet(46)) - raft.server.log.queue.byte-limit = 4294967296 (custom)
2022-08-04 23:33:11,401 [pool-802-thread-1] INFO  server.RaftServerConfigKeys (ConfUtils.java:logGet(46)) - raft.server.log.queue.element-limit = 1024 (custom)
2022-08-04 23:33:11,401 [pool-802-thread-1] INFO  server.RaftServerConfigKeys (ConfUtils.java:logGet(46)) - raft.server.log.segment.size.max = 1048576 (custom)
2022-08-04 23:33:11,401 [pool-802-thread-1] INFO  server.RaftServerConfigKeys (ConfUtils.java:logGet(46)) - raft.server.log.preallocated.size = 16384 (custom)
2022-08-04 23:33:11,401 [pool-802-thread-1] INFO  server.RaftServerConfigKeys (ConfUtils.java:logGet(46)) - raft.server.log.force.sync.num = 128 (default)
2022-08-04 23:33:11,401 [pool-802-thread-1] INFO  server.RaftServerConfigKeys (ConfUtils.java:logGet(46)) - raft.server.log.statemachine.data.sync = true (default)
2022-08-04 23:33:11,401 [pool-802-thread-1] INFO  server.RaftServerConfigKeys (ConfUtils.java:logGet(46)) - raft.server.log.statemachine.data.sync.timeout = 10s (default)
2022-08-04 23:33:11,401 [pool-802-thread-1] INFO  server.RaftServerConfigKeys (ConfUtils.java:logGet(46)) - raft.server.log.statemachine.data.sync.timeout.retry = -1 (default)
2022-08-04 23:33:11,402 [pool-802-thread-1] INFO  server.RaftServerConfigKeys (ConfUtils.java:logGet(46)) - raft.server.log.write.buffer.size = 1048576 (custom)
2022-08-04 23:33:11,403 [pool-802-thread-1] INFO  server.RaftServerConfigKeys (ConfUtils.java:logGet(46)) - raft.server.log.unsafe-flush.enabled = false (default)
2022-08-04 23:33:11,403 [pool-802-thread-1] INFO  server.RaftServerConfigKeys (ConfUtils.java:logGet(46)) - raft.server.log.statemachine.data.caching.enabled = true (custom)
2022-08-04 23:33:11,404 [EventQueue-OpenPipelineForHealthyPipelineSafeModeRule] INFO  safemode.SCMSafeModeManager (HealthyPipelineSafeModeRule.java:process(137)) - SCM in safe mode. Healthy pipelines reported count is 0, required healthy pipeline reported count is 1
2022-08-04 23:33:11,408 [pool-802-thread-1] INFO  segmented.SegmentedRaftLogWorker (SegmentedRaftLogWorker.java:lambda$new$0(135)) - b786a278-2a24-4ec7-9aa8-d18b8d900ce5@group-59B161CAA631-SegmentedRaftLogWorker: flushIndex: setUnconditionally 0 -> -1
2022-08-04 23:33:11,408 [pool-802-thread-1] INFO  segmented.SegmentedRaftLogWorker (SegmentedRaftLogWorker.java:lambda$new$0(135)) - b786a278-2a24-4ec7-9aa8-d18b8d900ce5@group-59B161CAA631-SegmentedRaftLogWorker: safeCacheEvictIndex: setUnconditionally 0 -> -1
2022-08-04 23:33:11,408 [pool-802-thread-1] INFO  server.RaftServerConfigKeys (ConfUtils.java:logGet(46)) - raft.server.snapshot.auto.trigger.enabled = true (custom)
2022-08-04 23:33:11,408 [pool-802-thread-1] INFO  server.RaftServerConfigKeys (ConfUtils.java:logGet(46)) - raft.server.snapshot.auto.trigger.threshold = 10000 (custom)
2022-08-04 23:33:11,408 [pool-802-thread-1] INFO  server.RaftServerConfigKeys (ConfUtils.java:logGet(46)) - raft.server.snapshot.retention.file.num = 5 (custom)
2022-08-04 23:33:11,408 [pool-802-thread-1] INFO  server.RaftServerConfigKeys (ConfUtils.java:logGet(46)) - raft.server.log.purge.upto.snapshot.index = false (default)
2022-08-04 23:33:11,408 [pool-802-thread-1] INFO  server.RaftServerConfigKeys (ConfUtils.java:logGet(46)) - raft.server.retrycache.expirytime = 600000ms (custom)
2022-08-04 23:33:11,408 [pool-802-thread-1] INFO  server.RaftServerConfigKeys (ConfUtils.java:logGet(46)) - raft.server.retrycache.statistics.expirytime = 100μs (default)
2022-08-04 23:33:11,410 [pool-802-thread-1] INFO  server.RaftServerConfigKeys (ConfUtils.java:logGet(46)) - raft.server.log.appender.install.snapshot.enabled = false (custom)
2022-08-04 23:33:11,410 [pool-802-thread-1] INFO  server.RaftServerConfigKeys (ConfUtils.java:logGet(46)) - raft.server.threadpool.server.cached = true (default)
2022-08-04 23:33:11,410 [pool-802-thread-1] INFO  server.RaftServerConfigKeys (ConfUtils.java:logGet(46)) - raft.server.threadpool.server.size = 0 (default)
2022-08-04 23:33:11,410 [pool-802-thread-1] INFO  server.RaftServerConfigKeys (ConfUtils.java:logGet(46)) - raft.server.threadpool.client.cached = true (default)
2022-08-04 23:33:11,410 [pool-802-thread-1] INFO  server.RaftServerConfigKeys (ConfUtils.java:logGet(46)) - raft.server.threadpool.client.size = 0 (default)
2022-08-04 23:33:11,410 [pool-802-thread-1] INFO  server.RaftServer$Division (RaftServerImpl.java:start(310)) - b786a278-2a24-4ec7-9aa8-d18b8d900ce5@group-59B161CAA631: start as a follower, conf=-1: [46498e79-339e-4043-98fa-d899ecef5ee7|rpc:10.1.0.37:37807|priority:0, b786a278-2a24-4ec7-9aa8-d18b8d900ce5|rpc:10.1.0.37:44407|priority:0, d1929e7c-bce5-4a44-9038-4ac351dcfd7d|rpc:10.1.0.37:45277|priority:1], old=null
2022-08-04 23:33:11,410 [pool-802-thread-1] INFO  server.RaftServer$Division (RaftServerImpl.java:setRole(299)) - b786a278-2a24-4ec7-9aa8-d18b8d900ce5@group-59B161CAA631: changes role from      null to FOLLOWER at term 0 for startAsFollower
2022-08-04 23:33:11,410 [pool-802-thread-1] INFO  impl.RoleInfo (RoleInfo.java:updateAndGet(139)) - b786a278-2a24-4ec7-9aa8-d18b8d900ce5: start b786a278-2a24-4ec7-9aa8-d18b8d900ce5@group-59B161CAA631-FollowerState
2022-08-04 23:33:11,410 [pool-802-thread-1] INFO  util.JmxRegister (JmxRegister.java:tryRegister(44)) - Successfully registered JMX Bean with object name Ratis:service=RaftServer,group=group-59B161CAA631,id=b786a278-2a24-4ec7-9aa8-d18b8d900ce5
2022-08-04 23:33:11,411 [Command processor thread] INFO  ratis.XceiverServerRatis (XceiverServerRatis.java:addGroup(765)) - Created group PipelineID=d2bb860f-bb90-4c59-accb-59b161caa631
2022-08-04 23:33:11,485 [grpc-default-executor-0] INFO  server.RaftServer (RaftServerProxy.java:addNew(96)) - 46498e79-339e-4043-98fa-d899ecef5ee7: addNew group-59B161CAA631:[46498e79-339e-4043-98fa-d899ecef5ee7|rpc:10.1.0.37:37807|dataStream:|priority:0, b786a278-2a24-4ec7-9aa8-d18b8d900ce5|rpc:10.1.0.37:44407|dataStream:|priority:0, d1929e7c-bce5-4a44-9038-4ac351dcfd7d|rpc:10.1.0.37:45277|dataStream:|priority:1] returns group-59B161CAA631:java.util.concurrent.CompletableFuture@7c48ba8a[Not completed]
2022-08-04 23:33:11,486 [pool-825-thread-1] INFO  server.RaftServer$Division (RaftServerImpl.java:<init>(190)) - 46498e79-339e-4043-98fa-d899ecef5ee7: new RaftServerImpl for group-59B161CAA631:[46498e79-339e-4043-98fa-d899ecef5ee7|rpc:10.1.0.37:37807|dataStream:|priority:0, b786a278-2a24-4ec7-9aa8-d18b8d900ce5|rpc:10.1.0.37:44407|dataStream:|priority:0, d1929e7c-bce5-4a44-9038-4ac351dcfd7d|rpc:10.1.0.37:45277|dataStream:|priority:1] with ContainerStateMachine:uninitialized
2022-08-04 23:33:11,486 [pool-825-thread-1] INFO  server.RaftServerConfigKeys (ConfUtils.java:logGet(46)) - raft.server.rpc.timeout.min = 5s (custom)
2022-08-04 23:33:11,486 [pool-825-thread-1] INFO  server.RaftServerConfigKeys (ConfUtils.java:logGet(46)) - raft.server.rpc.timeout.max = 5200ms (custom)
2022-08-04 23:33:11,486 [pool-825-thread-1] INFO  server.RaftServerConfigKeys (ConfUtils.java:logGet(46)) - raft.server.rpc.sleep.time = 25ms (default)
2022-08-04 23:33:11,486 [pool-825-thread-1] INFO  server.RaftServerConfigKeys (ConfUtils.java:logGet(46)) - raft.server.rpc.slowness.timeout = 300s (custom)
2022-08-04 23:33:11,486 [pool-825-thread-1] INFO  server.RaftServerConfigKeys (ConfUtils.java:logGet(46)) - raft.server.leaderelection.leader.step-down.wait-time = 10s (default)
2022-08-04 23:33:11,486 [pool-825-thread-1] INFO  server.RaftServerConfigKeys (ConfUtils.java:logGet(46)) - raft.server.sleep.deviation.threshold = 300ms (default)
2022-08-04 23:33:11,486 [pool-825-thread-1] INFO  server.RaftServer$Division (ServerState.java:<init>(107)) - 46498e79-339e-4043-98fa-d899ecef5ee7@group-59B161CAA631: ConfigurationManager, init=-1: [46498e79-339e-4043-98fa-d899ecef5ee7|rpc:10.1.0.37:37807|dataStream:|priority:0, b786a278-2a24-4ec7-9aa8-d18b8d900ce5|rpc:10.1.0.37:44407|dataStream:|priority:0, d1929e7c-bce5-4a44-9038-4ac351dcfd7d|rpc:10.1.0.37:45277|dataStream:|priority:1], old=null, confs=<EMPTY_MAP>
2022-08-04 23:33:11,486 [pool-825-thread-1] INFO  server.RaftServerConfigKeys (ConfUtils.java:logGet(46)) - raft.server.storage.dir = [/home/runner/work/ozone/ozone/hadoop-ozone/integration-test/target/test-dir/MiniOzoneClusterImpl-f8ed8ae5-4e76-40f1-a193-ab9d13fb0c59/datanode-1/data/ratis] (custom)
2022-08-04 23:33:11,486 [pool-825-thread-1] INFO  server.RaftServerConfigKeys (ConfUtils.java:logGet(46)) - raft.server.log.corruption.policy = EXCEPTION (default)
2022-08-04 23:33:11,486 [pool-825-thread-1] INFO  server.RaftServerConfigKeys (ConfUtils.java:logGet(46)) - raft.server.storage.free-space.min = 0MB (=0) (default)
2022-08-04 23:33:11,487 [pool-825-thread-1] INFO  storage.RaftStorageDirectory (RaftStorageDirectoryImpl.java:analyzeStorage(135)) - The storage directory /home/runner/work/ozone/ozone/hadoop-ozone/integration-test/target/test-dir/MiniOzoneClusterImpl-f8ed8ae5-4e76-40f1-a193-ab9d13fb0c59/datanode-1/data/ratis/d2bb860f-bb90-4c59-accb-59b161caa631 does not exist. Creating ...
2022-08-04 23:33:11,523 [pool-825-thread-1] INFO  storage.RaftStorageDirectory (RaftStorageDirectoryImpl.java:tryLock(230)) - Lock on /home/runner/work/ozone/ozone/hadoop-ozone/integration-test/target/test-dir/MiniOzoneClusterImpl-f8ed8ae5-4e76-40f1-a193-ab9d13fb0c59/datanode-1/data/ratis/d2bb860f-bb90-4c59-accb-59b161caa631/in_use.lock acquired by nodename 5725@fv-az241-597
2022-08-04 23:33:11,533 [pool-825-thread-1] INFO  storage.RaftStorage (RaftStorageImpl.java:format(89)) - Storage directory /home/runner/work/ozone/ozone/hadoop-ozone/integration-test/target/test-dir/MiniOzoneClusterImpl-f8ed8ae5-4e76-40f1-a193-ab9d13fb0c59/datanode-1/data/ratis/d2bb860f-bb90-4c59-accb-59b161caa631 has been successfully formatted.
2022-08-04 23:33:11,534 [pool-825-thread-1] INFO  ratis.ContainerStateMachine (ContainerStateMachine.java:loadSnapshot(236)) - group-59B161CAA631: The snapshot info is null. Setting the last applied indexto:(t:0, i:~)
2022-08-04 23:33:11,534 [pool-825-thread-1] INFO  server.RaftServerConfigKeys (ConfUtils.java:logGet(46)) - raft.server.notification.no-leader.timeout = 300s (custom)
2022-08-04 23:33:11,534 [pool-825-thread-1] INFO  server.RaftServerConfigKeys (ConfUtils.java:logGet(46)) - raft.server.log.use.memory = false (default)
2022-08-04 23:33:11,534 [pool-825-thread-1] INFO  server.RaftServerConfigKeys (ConfUtils.java:logGet(46)) - raft.server.log.purge.gap = 1000000 (custom)
2022-08-04 23:33:11,534 [pool-825-thread-1] INFO  server.RaftServerConfigKeys (ConfUtils.java:logGet(46)) - raft.server.log.appender.buffer.byte-limit = 33554432 (custom)
2022-08-04 23:33:11,534 [pool-825-thread-1] INFO  server.RaftServerConfigKeys (ConfUtils.java:logGet(46)) - raft.server.log.statemachine.data.read.timeout = 1000ms (default)
2022-08-04 23:33:11,534 [pool-825-thread-1] INFO  server.RaftServerConfigKeys (ConfUtils.java:logGet(46)) - raft.server.log.segment.size.max = 1048576 (custom)
2022-08-04 23:33:11,534 [pool-825-thread-1] INFO  server.RaftServerConfigKeys (ConfUtils.java:logGet(46)) - raft.server.log.segment.cache.num.max = 2 (custom)
2022-08-04 23:33:11,535 [pool-825-thread-1] INFO  server.RaftServerConfigKeys (ConfUtils.java:logGet(46)) - raft.server.log.segment.cache.size.max = 200MB (=209715200) (default)
2022-08-04 23:33:11,535 [pool-825-thread-1] INFO  segmented.SegmentedRaftLogWorker (SegmentedRaftLogWorker.java:<init>(187)) - new 46498e79-339e-4043-98fa-d899ecef5ee7@group-59B161CAA631-SegmentedRaftLogWorker for RaftStorageImpl:Storage Directory /home/runner/work/ozone/ozone/hadoop-ozone/integration-test/target/test-dir/MiniOzoneClusterImpl-f8ed8ae5-4e76-40f1-a193-ab9d13fb0c59/datanode-1/data/ratis/d2bb860f-bb90-4c59-accb-59b161caa631
2022-08-04 23:33:11,535 [pool-825-thread-1] INFO  server.RaftServerConfigKeys (ConfUtils.java:logGet(46)) - raft.server.log.queue.byte-limit = 4294967296 (custom)
2022-08-04 23:33:11,535 [pool-825-thread-1] INFO  server.RaftServerConfigKeys (ConfUtils.java:logGet(46)) - raft.server.log.queue.element-limit = 1024 (custom)
2022-08-04 23:33:11,535 [pool-825-thread-1] INFO  server.RaftServerConfigKeys (ConfUtils.java:logGet(46)) - raft.server.log.segment.size.max = 1048576 (custom)
2022-08-04 23:33:11,535 [pool-825-thread-1] INFO  server.RaftServerConfigKeys (ConfUtils.java:logGet(46)) - raft.server.log.preallocated.size = 16384 (custom)
2022-08-04 23:33:11,535 [pool-825-thread-1] INFO  server.RaftServerConfigKeys (ConfUtils.java:logGet(46)) - raft.server.log.force.sync.num = 128 (default)
2022-08-04 23:33:11,535 [pool-825-thread-1] INFO  server.RaftServerConfigKeys (ConfUtils.java:logGet(46)) - raft.server.log.statemachine.data.sync = true (default)
2022-08-04 23:33:11,535 [pool-825-thread-1] INFO  server.RaftServerConfigKeys (ConfUtils.java:logGet(46)) - raft.server.log.statemachine.data.sync.timeout = 10s (default)
2022-08-04 23:33:11,535 [pool-825-thread-1] INFO  server.RaftServerConfigKeys (ConfUtils.java:logGet(46)) - raft.server.log.statemachine.data.sync.timeout.retry = -1 (default)
2022-08-04 23:33:11,536 [pool-825-thread-1] INFO  server.RaftServerConfigKeys (ConfUtils.java:logGet(46)) - raft.server.log.write.buffer.size = 1048576 (custom)
2022-08-04 23:33:11,536 [pool-825-thread-1] INFO  server.RaftServerConfigKeys (ConfUtils.java:logGet(46)) - raft.server.log.unsafe-flush.enabled = false (default)
2022-08-04 23:33:11,536 [pool-825-thread-1] INFO  server.RaftServerConfigKeys (ConfUtils.java:logGet(46)) - raft.server.log.statemachine.data.caching.enabled = true (custom)
2022-08-04 23:33:11,536 [pool-825-thread-1] INFO  segmented.SegmentedRaftLogWorker (SegmentedRaftLogWorker.java:lambda$new$0(135)) - 46498e79-339e-4043-98fa-d899ecef5ee7@group-59B161CAA631-SegmentedRaftLogWorker: flushIndex: setUnconditionally 0 -> -1
2022-08-04 23:33:11,536 [pool-825-thread-1] INFO  segmented.SegmentedRaftLogWorker (SegmentedRaftLogWorker.java:lambda$new$0(135)) - 46498e79-339e-4043-98fa-d899ecef5ee7@group-59B161CAA631-SegmentedRaftLogWorker: safeCacheEvictIndex: setUnconditionally 0 -> -1
2022-08-04 23:33:11,539 [pool-825-thread-1] INFO  server.RaftServerConfigKeys (ConfUtils.java:logGet(46)) - raft.server.snapshot.auto.trigger.enabled = true (custom)
2022-08-04 23:33:11,539 [pool-825-thread-1] INFO  server.RaftServerConfigKeys (ConfUtils.java:logGet(46)) - raft.server.snapshot.auto.trigger.threshold = 10000 (custom)
2022-08-04 23:33:11,539 [pool-825-thread-1] INFO  server.RaftServerConfigKeys (ConfUtils.java:logGet(46)) - raft.server.snapshot.retention.file.num = 5 (custom)
2022-08-04 23:33:11,539 [pool-825-thread-1] INFO  server.RaftServerConfigKeys (ConfUtils.java:logGet(46)) - raft.server.log.purge.upto.snapshot.index = false (default)
2022-08-04 23:33:11,539 [pool-825-thread-1] INFO  server.RaftServerConfigKeys (ConfUtils.java:logGet(46)) - raft.server.retrycache.expirytime = 600000ms (custom)
2022-08-04 23:33:11,539 [pool-825-thread-1] INFO  server.RaftServerConfigKeys (ConfUtils.java:logGet(46)) - raft.server.retrycache.statistics.expirytime = 100μs (default)
2022-08-04 23:33:11,541 [pool-825-thread-1] INFO  server.RaftServerConfigKeys (ConfUtils.java:logGet(46)) - raft.server.log.appender.install.snapshot.enabled = false (custom)
2022-08-04 23:33:11,541 [pool-825-thread-1] INFO  server.RaftServerConfigKeys (ConfUtils.java:logGet(46)) - raft.server.threadpool.server.cached = true (default)
2022-08-04 23:33:11,541 [pool-825-thread-1] INFO  server.RaftServerConfigKeys (ConfUtils.java:logGet(46)) - raft.server.threadpool.server.size = 0 (default)
2022-08-04 23:33:11,541 [pool-825-thread-1] INFO  server.RaftServerConfigKeys (ConfUtils.java:logGet(46)) - raft.server.threadpool.client.cached = true (default)
2022-08-04 23:33:11,541 [pool-825-thread-1] INFO  server.RaftServerConfigKeys (ConfUtils.java:logGet(46)) - raft.server.threadpool.client.size = 0 (default)
2022-08-04 23:33:11,541 [pool-825-thread-1] INFO  server.RaftServer$Division (RaftServerImpl.java:start(310)) - 46498e79-339e-4043-98fa-d899ecef5ee7@group-59B161CAA631: start as a follower, conf=-1: [46498e79-339e-4043-98fa-d899ecef5ee7|rpc:10.1.0.37:37807|dataStream:|priority:0, b786a278-2a24-4ec7-9aa8-d18b8d900ce5|rpc:10.1.0.37:44407|dataStream:|priority:0, d1929e7c-bce5-4a44-9038-4ac351dcfd7d|rpc:10.1.0.37:45277|dataStream:|priority:1], old=null
2022-08-04 23:33:11,541 [pool-825-thread-1] INFO  server.RaftServer$Division (RaftServerImpl.java:setRole(299)) - 46498e79-339e-4043-98fa-d899ecef5ee7@group-59B161CAA631: changes role from      null to FOLLOWER at term 0 for startAsFollower
2022-08-04 23:33:11,541 [pool-825-thread-1] INFO  impl.RoleInfo (RoleInfo.java:updateAndGet(139)) - 46498e79-339e-4043-98fa-d899ecef5ee7: start 46498e79-339e-4043-98fa-d899ecef5ee7@group-59B161CAA631-FollowerState
2022-08-04 23:33:11,547 [pool-825-thread-1] INFO  util.JmxRegister (JmxRegister.java:tryRegister(44)) - Successfully registered JMX Bean with object name Ratis:service=RaftServer,group=group-59B161CAA631,id=46498e79-339e-4043-98fa-d899ecef5ee7
2022-08-04 23:33:11,679 [grpc-default-executor-0] INFO  server.RaftServer (RaftServerProxy.java:addNew(96)) - d1929e7c-bce5-4a44-9038-4ac351dcfd7d: addNew group-59B161CAA631:[46498e79-339e-4043-98fa-d899ecef5ee7|rpc:10.1.0.37:37807|dataStream:|priority:0, b786a278-2a24-4ec7-9aa8-d18b8d900ce5|rpc:10.1.0.37:44407|dataStream:|priority:0, d1929e7c-bce5-4a44-9038-4ac351dcfd7d|rpc:10.1.0.37:45277|dataStream:|priority:1] returns group-59B161CAA631:java.util.concurrent.CompletableFuture@2b1df71e[Not completed]
2022-08-04 23:33:11,683 [pool-848-thread-1] INFO  server.RaftServer$Division (RaftServerImpl.java:<init>(190)) - d1929e7c-bce5-4a44-9038-4ac351dcfd7d: new RaftServerImpl for group-59B161CAA631:[46498e79-339e-4043-98fa-d899ecef5ee7|rpc:10.1.0.37:37807|dataStream:|priority:0, b786a278-2a24-4ec7-9aa8-d18b8d900ce5|rpc:10.1.0.37:44407|dataStream:|priority:0, d1929e7c-bce5-4a44-9038-4ac351dcfd7d|rpc:10.1.0.37:45277|dataStream:|priority:1] with ContainerStateMachine:uninitialized
2022-08-04 23:33:11,683 [pool-848-thread-1] INFO  server.RaftServerConfigKeys (ConfUtils.java:logGet(46)) - raft.server.rpc.timeout.min = 5s (custom)
2022-08-04 23:33:11,683 [pool-848-thread-1] INFO  server.RaftServerConfigKeys (ConfUtils.java:logGet(46)) - raft.server.rpc.timeout.max = 5200ms (custom)
2022-08-04 23:33:11,683 [pool-848-thread-1] INFO  server.RaftServerConfigKeys (ConfUtils.java:logGet(46)) - raft.server.rpc.sleep.time = 25ms (default)
2022-08-04 23:33:11,683 [pool-848-thread-1] INFO  server.RaftServerConfigKeys (ConfUtils.java:logGet(46)) - raft.server.rpc.slowness.timeout = 300s (custom)
2022-08-04 23:33:11,683 [pool-848-thread-1] INFO  server.RaftServerConfigKeys (ConfUtils.java:logGet(46)) - raft.server.leaderelection.leader.step-down.wait-time = 10s (default)
2022-08-04 23:33:11,683 [pool-848-thread-1] INFO  server.RaftServerConfigKeys (ConfUtils.java:logGet(46)) - raft.server.sleep.deviation.threshold = 300ms (default)
2022-08-04 23:33:11,683 [pool-848-thread-1] INFO  server.RaftServer$Division (ServerState.java:<init>(107)) - d1929e7c-bce5-4a44-9038-4ac351dcfd7d@group-59B161CAA631: ConfigurationManager, init=-1: [46498e79-339e-4043-98fa-d899ecef5ee7|rpc:10.1.0.37:37807|dataStream:|priority:0, b786a278-2a24-4ec7-9aa8-d18b8d900ce5|rpc:10.1.0.37:44407|dataStream:|priority:0, d1929e7c-bce5-4a44-9038-4ac351dcfd7d|rpc:10.1.0.37:45277|dataStream:|priority:1], old=null, confs=<EMPTY_MAP>
2022-08-04 23:33:11,683 [pool-848-thread-1] INFO  server.RaftServerConfigKeys (ConfUtils.java:logGet(46)) - raft.server.storage.dir = [/home/runner/work/ozone/ozone/hadoop-ozone/integration-test/target/test-dir/MiniOzoneClusterImpl-f8ed8ae5-4e76-40f1-a193-ab9d13fb0c59/datanode-2/data/ratis] (custom)
2022-08-04 23:33:11,683 [pool-848-thread-1] INFO  server.RaftServerConfigKeys (ConfUtils.java:logGet(46)) - raft.server.log.corruption.policy = EXCEPTION (default)
2022-08-04 23:33:11,683 [pool-848-thread-1] INFO  server.RaftServerConfigKeys (ConfUtils.java:logGet(46)) - raft.server.storage.free-space.min = 0MB (=0) (default)
2022-08-04 23:33:11,684 [pool-848-thread-1] INFO  storage.RaftStorageDirectory (RaftStorageDirectoryImpl.java:analyzeStorage(135)) - The storage directory /home/runner/work/ozone/ozone/hadoop-ozone/integration-test/target/test-dir/MiniOzoneClusterImpl-f8ed8ae5-4e76-40f1-a193-ab9d13fb0c59/datanode-2/data/ratis/d2bb860f-bb90-4c59-accb-59b161caa631 does not exist. Creating ...
2022-08-04 23:33:11,695 [pool-848-thread-1] INFO  storage.RaftStorageDirectory (RaftStorageDirectoryImpl.java:tryLock(230)) - Lock on /home/runner/work/ozone/ozone/hadoop-ozone/integration-test/target/test-dir/MiniOzoneClusterImpl-f8ed8ae5-4e76-40f1-a193-ab9d13fb0c59/datanode-2/data/ratis/d2bb860f-bb90-4c59-accb-59b161caa631/in_use.lock acquired by nodename 5725@fv-az241-597
2022-08-04 23:33:11,711 [pool-848-thread-1] INFO  storage.RaftStorage (RaftStorageImpl.java:format(89)) - Storage directory /home/runner/work/ozone/ozone/hadoop-ozone/integration-test/target/test-dir/MiniOzoneClusterImpl-f8ed8ae5-4e76-40f1-a193-ab9d13fb0c59/datanode-2/data/ratis/d2bb860f-bb90-4c59-accb-59b161caa631 has been successfully formatted.
2022-08-04 23:33:11,711 [pool-848-thread-1] INFO  ratis.ContainerStateMachine (ContainerStateMachine.java:loadSnapshot(236)) - group-59B161CAA631: The snapshot info is null. Setting the last applied indexto:(t:0, i:~)
2022-08-04 23:33:11,711 [pool-848-thread-1] INFO  server.RaftServerConfigKeys (ConfUtils.java:logGet(46)) - raft.server.notification.no-leader.timeout = 300s (custom)
2022-08-04 23:33:11,731 [pool-848-thread-1] INFO  server.RaftServerConfigKeys (ConfUtils.java:logGet(46)) - raft.server.log.use.memory = false (default)
2022-08-04 23:33:11,731 [pool-848-thread-1] INFO  server.RaftServerConfigKeys (ConfUtils.java:logGet(46)) - raft.server.log.purge.gap = 1000000 (custom)
2022-08-04 23:33:11,731 [pool-848-thread-1] INFO  server.RaftServerConfigKeys (ConfUtils.java:logGet(46)) - raft.server.log.appender.buffer.byte-limit = 33554432 (custom)
2022-08-04 23:33:11,731 [pool-848-thread-1] INFO  server.RaftServerConfigKeys (ConfUtils.java:logGet(46)) - raft.server.log.statemachine.data.read.timeout = 1000ms (default)
2022-08-04 23:33:11,731 [pool-848-thread-1] INFO  server.RaftServerConfigKeys (ConfUtils.java:logGet(46)) - raft.server.log.segment.size.max = 1048576 (custom)
2022-08-04 23:33:11,732 [pool-848-thread-1] INFO  server.RaftServerConfigKeys (ConfUtils.java:logGet(46)) - raft.server.log.segment.cache.num.max = 2 (custom)
2022-08-04 23:33:11,732 [pool-848-thread-1] INFO  server.RaftServerConfigKeys (ConfUtils.java:logGet(46)) - raft.server.log.segment.cache.size.max = 200MB (=209715200) (default)
2022-08-04 23:33:11,732 [pool-848-thread-1] INFO  segmented.SegmentedRaftLogWorker (SegmentedRaftLogWorker.java:<init>(187)) - new d1929e7c-bce5-4a44-9038-4ac351dcfd7d@group-59B161CAA631-SegmentedRaftLogWorker for RaftStorageImpl:Storage Directory /home/runner/work/ozone/ozone/hadoop-ozone/integration-test/target/test-dir/MiniOzoneClusterImpl-f8ed8ae5-4e76-40f1-a193-ab9d13fb0c59/datanode-2/data/ratis/d2bb860f-bb90-4c59-accb-59b161caa631
2022-08-04 23:33:11,732 [pool-848-thread-1] INFO  server.RaftServerConfigKeys (ConfUtils.java:logGet(46)) - raft.server.log.queue.byte-limit = 4294967296 (custom)
2022-08-04 23:33:11,732 [pool-848-thread-1] INFO  server.RaftServerConfigKeys (ConfUtils.java:logGet(46)) - raft.server.log.queue.element-limit = 1024 (custom)
2022-08-04 23:33:11,732 [pool-848-thread-1] INFO  server.RaftServerConfigKeys (ConfUtils.java:logGet(46)) - raft.server.log.segment.size.max = 1048576 (custom)
2022-08-04 23:33:11,732 [pool-848-thread-1] INFO  server.RaftServerConfigKeys (ConfUtils.java:logGet(46)) - raft.server.log.preallocated.size = 16384 (custom)
2022-08-04 23:33:11,732 [pool-848-thread-1] INFO  server.RaftServerConfigKeys (ConfUtils.java:logGet(46)) - raft.server.log.force.sync.num = 128 (default)
2022-08-04 23:33:11,732 [pool-848-thread-1] INFO  server.RaftServerConfigKeys (ConfUtils.java:logGet(46)) - raft.server.log.statemachine.data.sync = true (default)
2022-08-04 23:33:11,732 [pool-848-thread-1] INFO  server.RaftServerConfigKeys (ConfUtils.java:logGet(46)) - raft.server.log.statemachine.data.sync.timeout = 10s (default)
2022-08-04 23:33:11,732 [pool-848-thread-1] INFO  server.RaftServerConfigKeys (ConfUtils.java:logGet(46)) - raft.server.log.statemachine.data.sync.timeout.retry = -1 (default)
2022-08-04 23:33:11,733 [pool-848-thread-1] INFO  server.RaftServerConfigKeys (ConfUtils.java:logGet(46)) - raft.server.log.write.buffer.size = 1048576 (custom)
2022-08-04 23:33:11,734 [pool-848-thread-1] INFO  server.RaftServerConfigKeys (ConfUtils.java:logGet(46)) - raft.server.log.unsafe-flush.enabled = false (default)
2022-08-04 23:33:11,734 [pool-848-thread-1] INFO  server.RaftServerConfigKeys (ConfUtils.java:logGet(46)) - raft.server.log.statemachine.data.caching.enabled = true (custom)
2022-08-04 23:33:11,734 [pool-848-thread-1] INFO  segmented.SegmentedRaftLogWorker (SegmentedRaftLogWorker.java:lambda$new$0(135)) - d1929e7c-bce5-4a44-9038-4ac351dcfd7d@group-59B161CAA631-SegmentedRaftLogWorker: flushIndex: setUnconditionally 0 -> -1
2022-08-04 23:33:11,734 [pool-848-thread-1] INFO  segmented.SegmentedRaftLogWorker (SegmentedRaftLogWorker.java:lambda$new$0(135)) - d1929e7c-bce5-4a44-9038-4ac351dcfd7d@group-59B161CAA631-SegmentedRaftLogWorker: safeCacheEvictIndex: setUnconditionally 0 -> -1
2022-08-04 23:33:11,755 [pool-848-thread-1] INFO  server.RaftServerConfigKeys (ConfUtils.java:logGet(46)) - raft.server.snapshot.auto.trigger.enabled = true (custom)
2022-08-04 23:33:11,755 [pool-848-thread-1] INFO  server.RaftServerConfigKeys (ConfUtils.java:logGet(46)) - raft.server.snapshot.auto.trigger.threshold = 10000 (custom)
2022-08-04 23:33:11,755 [pool-848-thread-1] INFO  server.RaftServerConfigKeys (ConfUtils.java:logGet(46)) - raft.server.snapshot.retention.file.num = 5 (custom)
2022-08-04 23:33:11,755 [pool-848-thread-1] INFO  server.RaftServerConfigKeys (ConfUtils.java:logGet(46)) - raft.server.log.purge.upto.snapshot.index = false (default)
2022-08-04 23:33:11,755 [pool-848-thread-1] INFO  server.RaftServerConfigKeys (ConfUtils.java:logGet(46)) - raft.server.retrycache.expirytime = 600000ms (custom)
2022-08-04 23:33:11,755 [pool-848-thread-1] INFO  server.RaftServerConfigKeys (ConfUtils.java:logGet(46)) - raft.server.retrycache.statistics.expirytime = 100μs (default)
2022-08-04 23:33:11,756 [pool-848-thread-1] INFO  server.RaftServerConfigKeys (ConfUtils.java:logGet(46)) - raft.server.log.appender.install.snapshot.enabled = false (custom)
2022-08-04 23:33:11,756 [pool-848-thread-1] INFO  server.RaftServerConfigKeys (ConfUtils.java:logGet(46)) - raft.server.threadpool.server.cached = true (default)
2022-08-04 23:33:11,756 [pool-848-thread-1] INFO  server.RaftServerConfigKeys (ConfUtils.java:logGet(46)) - raft.server.threadpool.server.size = 0 (default)
2022-08-04 23:33:11,756 [pool-848-thread-1] INFO  server.RaftServerConfigKeys (ConfUtils.java:logGet(46)) - raft.server.threadpool.client.cached = true (default)
2022-08-04 23:33:11,756 [pool-848-thread-1] INFO  server.RaftServerConfigKeys (ConfUtils.java:logGet(46)) - raft.server.threadpool.client.size = 0 (default)
2022-08-04 23:33:11,756 [pool-848-thread-1] INFO  server.RaftServer$Division (RaftServerImpl.java:start(310)) - d1929e7c-bce5-4a44-9038-4ac351dcfd7d@group-59B161CAA631: start as a follower, conf=-1: [46498e79-339e-4043-98fa-d899ecef5ee7|rpc:10.1.0.37:37807|dataStream:|priority:0, b786a278-2a24-4ec7-9aa8-d18b8d900ce5|rpc:10.1.0.37:44407|dataStream:|priority:0, d1929e7c-bce5-4a44-9038-4ac351dcfd7d|rpc:10.1.0.37:45277|dataStream:|priority:1], old=null
2022-08-04 23:33:11,756 [pool-848-thread-1] INFO  server.RaftServer$Division (RaftServerImpl.java:setRole(299)) - d1929e7c-bce5-4a44-9038-4ac351dcfd7d@group-59B161CAA631: changes role from      null to FOLLOWER at term 0 for startAsFollower
2022-08-04 23:33:11,756 [pool-848-thread-1] INFO  impl.RoleInfo (RoleInfo.java:updateAndGet(139)) - d1929e7c-bce5-4a44-9038-4ac351dcfd7d: start d1929e7c-bce5-4a44-9038-4ac351dcfd7d@group-59B161CAA631-FollowerState
2022-08-04 23:33:11,757 [pool-848-thread-1] INFO  util.JmxRegister (JmxRegister.java:tryRegister(44)) - Successfully registered JMX Bean with object name Ratis:service=RaftServer,group=group-59B161CAA631,id=d1929e7c-bce5-4a44-9038-4ac351dcfd7d
2022-08-04 23:33:11,790 [Command processor thread] INFO  commandhandler.CreatePipelineCommandHandler (CreatePipelineCommandHandler.java:handle(113)) - Created Pipeline RATIS THREE PipelineID=d2bb860f-bb90-4c59-accb-59b161caa631.
2022-08-04 23:33:11,816 [Command processor thread] INFO  server.RaftServer (RaftServerProxy.java:addNew(96)) - b786a278-2a24-4ec7-9aa8-d18b8d900ce5: addNew group-3F198B786EC5:[46498e79-339e-4043-98fa-d899ecef5ee7|rpc:10.1.0.37:37807|priority:1, b786a278-2a24-4ec7-9aa8-d18b8d900ce5|rpc:10.1.0.37:44407|priority:0, d1929e7c-bce5-4a44-9038-4ac351dcfd7d|rpc:10.1.0.37:45277|priority:0] returns group-3F198B786EC5:java.util.concurrent.CompletableFuture@55e64784[Not completed]
2022-08-04 23:33:11,818 [pool-802-thread-1] INFO  server.RaftServer$Division (RaftServerImpl.java:<init>(190)) - b786a278-2a24-4ec7-9aa8-d18b8d900ce5: new RaftServerImpl for group-3F198B786EC5:[46498e79-339e-4043-98fa-d899ecef5ee7|rpc:10.1.0.37:37807|priority:1, b786a278-2a24-4ec7-9aa8-d18b8d900ce5|rpc:10.1.0.37:44407|priority:0, d1929e7c-bce5-4a44-9038-4ac351dcfd7d|rpc:10.1.0.37:45277|priority:0] with ContainerStateMachine:uninitialized
2022-08-04 23:33:11,819 [pool-802-thread-1] INFO  server.RaftServerConfigKeys (ConfUtils.java:logGet(46)) - raft.server.rpc.timeout.min = 5s (custom)
2022-08-04 23:33:11,819 [pool-802-thread-1] INFO  server.RaftServerConfigKeys (ConfUtils.java:logGet(46)) - raft.server.rpc.timeout.max = 5200ms (custom)
2022-08-04 23:33:11,819 [pool-802-thread-1] INFO  server.RaftServerConfigKeys (ConfUtils.java:logGet(46)) - raft.server.rpc.sleep.time = 25ms (default)
2022-08-04 23:33:11,819 [pool-802-thread-1] INFO  server.RaftServerConfigKeys (ConfUtils.java:logGet(46)) - raft.server.rpc.slowness.timeout = 300s (custom)
2022-08-04 23:33:11,819 [pool-802-thread-1] INFO  server.RaftServerConfigKeys (ConfUtils.java:logGet(46)) - raft.server.leaderelection.leader.step-down.wait-time = 10s (default)
2022-08-04 23:33:11,819 [pool-802-thread-1] INFO  server.RaftServerConfigKeys (ConfUtils.java:logGet(46)) - raft.server.sleep.deviation.threshold = 300ms (default)
2022-08-04 23:33:11,819 [pool-802-thread-1] INFO  server.RaftServer$Division (ServerState.java:<init>(107)) - b786a278-2a24-4ec7-9aa8-d18b8d900ce5@group-3F198B786EC5: ConfigurationManager, init=-1: [46498e79-339e-4043-98fa-d899ecef5ee7|rpc:10.1.0.37:37807|priority:1, b786a278-2a24-4ec7-9aa8-d18b8d900ce5|rpc:10.1.0.37:44407|priority:0, d1929e7c-bce5-4a44-9038-4ac351dcfd7d|rpc:10.1.0.37:45277|priority:0], old=null, confs=<EMPTY_MAP>
2022-08-04 23:33:11,819 [pool-802-thread-1] INFO  server.RaftServerConfigKeys (ConfUtils.java:logGet(46)) - raft.server.storage.dir = [/home/runner/work/ozone/ozone/hadoop-ozone/integration-test/target/test-dir/MiniOzoneClusterImpl-f8ed8ae5-4e76-40f1-a193-ab9d13fb0c59/datanode-0/data/ratis] (custom)
2022-08-04 23:33:11,819 [pool-802-thread-1] INFO  server.RaftServerConfigKeys (ConfUtils.java:logGet(46)) - raft.server.log.corruption.policy = EXCEPTION (default)
2022-08-04 23:33:11,819 [pool-802-thread-1] INFO  server.RaftServerConfigKeys (ConfUtils.java:logGet(46)) - raft.server.storage.free-space.min = 0MB (=0) (default)
2022-08-04 23:33:11,819 [pool-802-thread-1] INFO  storage.RaftStorageDirectory (RaftStorageDirectoryImpl.java:analyzeStorage(135)) - The storage directory /home/runner/work/ozone/ozone/hadoop-ozone/integration-test/target/test-dir/MiniOzoneClusterImpl-f8ed8ae5-4e76-40f1-a193-ab9d13fb0c59/datanode-0/data/ratis/65a8239b-9d54-449e-908f-3f198b786ec5 does not exist. Creating ...
2022-08-04 23:33:11,821 [pool-802-thread-1] INFO  storage.RaftStorageDirectory (RaftStorageDirectoryImpl.java:tryLock(230)) - Lock on /home/runner/work/ozone/ozone/hadoop-ozone/integration-test/target/test-dir/MiniOzoneClusterImpl-f8ed8ae5-4e76-40f1-a193-ab9d13fb0c59/datanode-0/data/ratis/65a8239b-9d54-449e-908f-3f198b786ec5/in_use.lock acquired by nodename 5725@fv-az241-597
2022-08-04 23:33:11,823 [pool-802-thread-1] INFO  storage.RaftStorage (RaftStorageImpl.java:format(89)) - Storage directory /home/runner/work/ozone/ozone/hadoop-ozone/integration-test/target/test-dir/MiniOzoneClusterImpl-f8ed8ae5-4e76-40f1-a193-ab9d13fb0c59/datanode-0/data/ratis/65a8239b-9d54-449e-908f-3f198b786ec5 has been successfully formatted.
2022-08-04 23:33:11,824 [EventQueue-OpenPipelineForHealthyPipelineSafeModeRule] INFO  safemode.SCMSafeModeManager (HealthyPipelineSafeModeRule.java:process(137)) - SCM in safe mode. Healthy pipelines reported count is 0, required healthy pipeline reported count is 1
2022-08-04 23:33:11,824 [pool-802-thread-1] INFO  ratis.ContainerStateMachine (ContainerStateMachine.java:loadSnapshot(236)) - group-3F198B786EC5: The snapshot info is null. Setting the last applied indexto:(t:0, i:~)
2022-08-04 23:33:11,824 [pool-802-thread-1] INFO  server.RaftServerConfigKeys (ConfUtils.java:logGet(46)) - raft.server.notification.no-leader.timeout = 300s (custom)
2022-08-04 23:33:11,824 [pool-802-thread-1] INFO  server.RaftServerConfigKeys (ConfUtils.java:logGet(46)) - raft.server.log.use.memory = false (default)
2022-08-04 23:33:11,824 [pool-802-thread-1] INFO  server.RaftServerConfigKeys (ConfUtils.java:logGet(46)) - raft.server.log.purge.gap = 1000000 (custom)
2022-08-04 23:33:11,824 [pool-802-thread-1] INFO  server.RaftServerConfigKeys (ConfUtils.java:logGet(46)) - raft.server.log.appender.buffer.byte-limit = 33554432 (custom)
2022-08-04 23:33:11,824 [pool-802-thread-1] INFO  server.RaftServerConfigKeys (ConfUtils.java:logGet(46)) - raft.server.log.statemachine.data.read.timeout = 1000ms (default)
2022-08-04 23:33:11,824 [pool-802-thread-1] INFO  server.RaftServerConfigKeys (ConfUtils.java:logGet(46)) - raft.server.log.segment.size.max = 1048576 (custom)
2022-08-04 23:33:11,825 [pool-802-thread-1] INFO  server.RaftServerConfigKeys (ConfUtils.java:logGet(46)) - raft.server.log.segment.cache.num.max = 2 (custom)
2022-08-04 23:33:11,825 [pool-802-thread-1] INFO  server.RaftServerConfigKeys (ConfUtils.java:logGet(46)) - raft.server.log.segment.cache.size.max = 200MB (=209715200) (default)
2022-08-04 23:33:11,825 [pool-802-thread-1] INFO  segmented.SegmentedRaftLogWorker (SegmentedRaftLogWorker.java:<init>(187)) - new b786a278-2a24-4ec7-9aa8-d18b8d900ce5@group-3F198B786EC5-SegmentedRaftLogWorker for RaftStorageImpl:Storage Directory /home/runner/work/ozone/ozone/hadoop-ozone/integration-test/target/test-dir/MiniOzoneClusterImpl-f8ed8ae5-4e76-40f1-a193-ab9d13fb0c59/datanode-0/data/ratis/65a8239b-9d54-449e-908f-3f198b786ec5
2022-08-04 23:33:11,825 [pool-802-thread-1] INFO  server.RaftServerConfigKeys (ConfUtils.java:logGet(46)) - raft.server.log.queue.byte-limit = 4294967296 (custom)
2022-08-04 23:33:11,825 [pool-802-thread-1] INFO  server.RaftServerConfigKeys (ConfUtils.java:logGet(46)) - raft.server.log.queue.element-limit = 1024 (custom)
2022-08-04 23:33:11,825 [pool-802-thread-1] INFO  server.RaftServerConfigKeys (ConfUtils.java:logGet(46)) - raft.server.log.segment.size.max = 1048576 (custom)
2022-08-04 23:33:11,825 [pool-802-thread-1] INFO  server.RaftServerConfigKeys (ConfUtils.java:logGet(46)) - raft.server.log.preallocated.size = 16384 (custom)
2022-08-04 23:33:11,825 [pool-802-thread-1] INFO  server.RaftServerConfigKeys (ConfUtils.java:logGet(46)) - raft.server.log.force.sync.num = 128 (default)
2022-08-04 23:33:11,825 [pool-802-thread-1] INFO  server.RaftServerConfigKeys (ConfUtils.java:logGet(46)) - raft.server.log.statemachine.data.sync = true (default)
2022-08-04 23:33:11,825 [pool-802-thread-1] INFO  server.RaftServerConfigKeys (ConfUtils.java:logGet(46)) - raft.server.log.statemachine.data.sync.timeout = 10s (default)
2022-08-04 23:33:11,825 [pool-802-thread-1] INFO  server.RaftServerConfigKeys (ConfUtils.java:logGet(46)) - raft.server.log.statemachine.data.sync.timeout.retry = -1 (default)
2022-08-04 23:33:11,826 [pool-802-thread-1] INFO  server.RaftServerConfigKeys (ConfUtils.java:logGet(46)) - raft.server.log.write.buffer.size = 1048576 (custom)
2022-08-04 23:33:11,827 [pool-802-thread-1] INFO  server.RaftServerConfigKeys (ConfUtils.java:logGet(46)) - raft.server.log.unsafe-flush.enabled = false (default)
2022-08-04 23:33:11,827 [pool-802-thread-1] INFO  server.RaftServerConfigKeys (ConfUtils.java:logGet(46)) - raft.server.log.statemachine.data.caching.enabled = true (custom)
2022-08-04 23:33:11,827 [pool-802-thread-1] INFO  segmented.SegmentedRaftLogWorker (SegmentedRaftLogWorker.java:lambda$new$0(135)) - b786a278-2a24-4ec7-9aa8-d18b8d900ce5@group-3F198B786EC5-SegmentedRaftLogWorker: flushIndex: setUnconditionally 0 -> -1
2022-08-04 23:33:11,827 [pool-802-thread-1] INFO  segmented.SegmentedRaftLogWorker (SegmentedRaftLogWorker.java:lambda$new$0(135)) - b786a278-2a24-4ec7-9aa8-d18b8d900ce5@group-3F198B786EC5-SegmentedRaftLogWorker: safeCacheEvictIndex: setUnconditionally 0 -> -1
2022-08-04 23:33:11,835 [pool-802-thread-1] INFO  server.RaftServerConfigKeys (ConfUtils.java:logGet(46)) - raft.server.snapshot.auto.trigger.enabled = true (custom)
2022-08-04 23:33:11,835 [pool-802-thread-1] INFO  server.RaftServerConfigKeys (ConfUtils.java:logGet(46)) - raft.server.snapshot.auto.trigger.threshold = 10000 (custom)
2022-08-04 23:33:11,835 [pool-802-thread-1] INFO  server.RaftServerConfigKeys (ConfUtils.java:logGet(46)) - raft.server.snapshot.retention.file.num = 5 (custom)
2022-08-04 23:33:11,835 [pool-802-thread-1] INFO  server.RaftServerConfigKeys (ConfUtils.java:logGet(46)) - raft.server.log.purge.upto.snapshot.index = false (default)
2022-08-04 23:33:11,835 [pool-802-thread-1] INFO  server.RaftServerConfigKeys (ConfUtils.java:logGet(46)) - raft.server.retrycache.expirytime = 600000ms (custom)
2022-08-04 23:33:11,836 [pool-802-thread-1] INFO  server.RaftServerConfigKeys (ConfUtils.java:logGet(46)) - raft.server.retrycache.statistics.expirytime = 100μs (default)
2022-08-04 23:33:11,837 [pool-802-thread-1] INFO  server.RaftServerConfigKeys (ConfUtils.java:logGet(46)) - raft.server.log.appender.install.snapshot.enabled = false (custom)
2022-08-04 23:33:11,837 [pool-802-thread-1] INFO  server.RaftServerConfigKeys (ConfUtils.java:logGet(46)) - raft.server.threadpool.server.cached = true (default)
2022-08-04 23:33:11,837 [pool-802-thread-1] INFO  server.RaftServerConfigKeys (ConfUtils.java:logGet(46)) - raft.server.threadpool.server.size = 0 (default)
2022-08-04 23:33:11,837 [pool-802-thread-1] INFO  server.RaftServerConfigKeys (ConfUtils.java:logGet(46)) - raft.server.threadpool.client.cached = true (default)
2022-08-04 23:33:11,837 [pool-802-thread-1] INFO  server.RaftServerConfigKeys (ConfUtils.java:logGet(46)) - raft.server.threadpool.client.size = 0 (default)
2022-08-04 23:33:11,837 [pool-802-thread-1] INFO  server.RaftServer$Division (RaftServerImpl.java:start(310)) - b786a278-2a24-4ec7-9aa8-d18b8d900ce5@group-3F198B786EC5: start as a follower, conf=-1: [46498e79-339e-4043-98fa-d899ecef5ee7|rpc:10.1.0.37:37807|priority:1, b786a278-2a24-4ec7-9aa8-d18b8d900ce5|rpc:10.1.0.37:44407|priority:0, d1929e7c-bce5-4a44-9038-4ac351dcfd7d|rpc:10.1.0.37:45277|priority:0], old=null
2022-08-04 23:33:11,837 [pool-802-thread-1] INFO  server.RaftServer$Division (RaftServerImpl.java:setRole(299)) - b786a278-2a24-4ec7-9aa8-d18b8d900ce5@group-3F198B786EC5: changes role from      null to FOLLOWER at term 0 for startAsFollower
2022-08-04 23:33:11,837 [pool-802-thread-1] INFO  impl.RoleInfo (RoleInfo.java:updateAndGet(139)) - b786a278-2a24-4ec7-9aa8-d18b8d900ce5: start b786a278-2a24-4ec7-9aa8-d18b8d900ce5@group-3F198B786EC5-FollowerState
2022-08-04 23:33:11,842 [pool-802-thread-1] INFO  util.JmxRegister (JmxRegister.java:tryRegister(44)) - Successfully registered JMX Bean with object name Ratis:service=RaftServer,group=group-3F198B786EC5,id=b786a278-2a24-4ec7-9aa8-d18b8d900ce5
2022-08-04 23:33:11,848 [Command processor thread] INFO  ratis.XceiverServerRatis (XceiverServerRatis.java:addGroup(765)) - Created group PipelineID=65a8239b-9d54-449e-908f-3f198b786ec5
2022-08-04 23:33:11,895 [grpc-default-executor-0] INFO  server.RaftServer (RaftServerProxy.java:addNew(96)) - 46498e79-339e-4043-98fa-d899ecef5ee7: addNew group-3F198B786EC5:[46498e79-339e-4043-98fa-d899ecef5ee7|rpc:10.1.0.37:37807|dataStream:|priority:1, b786a278-2a24-4ec7-9aa8-d18b8d900ce5|rpc:10.1.0.37:44407|dataStream:|priority:0, d1929e7c-bce5-4a44-9038-4ac351dcfd7d|rpc:10.1.0.37:45277|dataStream:|priority:0] returns group-3F198B786EC5:java.util.concurrent.CompletableFuture@2704d787[Not completed]
2022-08-04 23:33:11,896 [pool-825-thread-1] INFO  server.RaftServer$Division (RaftServerImpl.java:<init>(190)) - 46498e79-339e-4043-98fa-d899ecef5ee7: new RaftServerImpl for group-3F198B786EC5:[46498e79-339e-4043-98fa-d899ecef5ee7|rpc:10.1.0.37:37807|dataStream:|priority:1, b786a278-2a24-4ec7-9aa8-d18b8d900ce5|rpc:10.1.0.37:44407|dataStream:|priority:0, d1929e7c-bce5-4a44-9038-4ac351dcfd7d|rpc:10.1.0.37:45277|dataStream:|priority:0] with ContainerStateMachine:uninitialized
2022-08-04 23:33:11,896 [pool-825-thread-1] INFO  server.RaftServerConfigKeys (ConfUtils.java:logGet(46)) - raft.server.rpc.timeout.min = 5s (custom)
2022-08-04 23:33:11,896 [pool-825-thread-1] INFO  server.RaftServerConfigKeys (ConfUtils.java:logGet(46)) - raft.server.rpc.timeout.max = 5200ms (custom)
2022-08-04 23:33:11,896 [pool-825-thread-1] INFO  server.RaftServerConfigKeys (ConfUtils.java:logGet(46)) - raft.server.rpc.sleep.time = 25ms (default)
2022-08-04 23:33:11,896 [pool-825-thread-1] INFO  server.RaftServerConfigKeys (ConfUtils.java:logGet(46)) - raft.server.rpc.slowness.timeout = 300s (custom)
2022-08-04 23:33:11,896 [pool-825-thread-1] INFO  server.RaftServerConfigKeys (ConfUtils.java:logGet(46)) - raft.server.leaderelection.leader.step-down.wait-time = 10s (default)
2022-08-04 23:33:11,896 [pool-825-thread-1] INFO  server.RaftServerConfigKeys (ConfUtils.java:logGet(46)) - raft.server.sleep.deviation.threshold = 300ms (default)
2022-08-04 23:33:11,896 [pool-825-thread-1] INFO  server.RaftServer$Division (ServerState.java:<init>(107)) - 46498e79-339e-4043-98fa-d899ecef5ee7@group-3F198B786EC5: ConfigurationManager, init=-1: [46498e79-339e-4043-98fa-d899ecef5ee7|rpc:10.1.0.37:37807|dataStream:|priority:1, b786a278-2a24-4ec7-9aa8-d18b8d900ce5|rpc:10.1.0.37:44407|dataStream:|priority:0, d1929e7c-bce5-4a44-9038-4ac351dcfd7d|rpc:10.1.0.37:45277|dataStream:|priority:0], old=null, confs=<EMPTY_MAP>
2022-08-04 23:33:11,896 [pool-825-thread-1] INFO  server.RaftServerConfigKeys (ConfUtils.java:logGet(46)) - raft.server.storage.dir = [/home/runner/work/ozone/ozone/hadoop-ozone/integration-test/target/test-dir/MiniOzoneClusterImpl-f8ed8ae5-4e76-40f1-a193-ab9d13fb0c59/datanode-1/data/ratis] (custom)
2022-08-04 23:33:11,896 [pool-825-thread-1] INFO  server.RaftServerConfigKeys (ConfUtils.java:logGet(46)) - raft.server.log.corruption.policy = EXCEPTION (default)
2022-08-04 23:33:11,896 [pool-825-thread-1] INFO  server.RaftServerConfigKeys (ConfUtils.java:logGet(46)) - raft.server.storage.free-space.min = 0MB (=0) (default)
2022-08-04 23:33:11,896 [pool-825-thread-1] INFO  storage.RaftStorageDirectory (RaftStorageDirectoryImpl.java:analyzeStorage(135)) - The storage directory /home/runner/work/ozone/ozone/hadoop-ozone/integration-test/target/test-dir/MiniOzoneClusterImpl-f8ed8ae5-4e76-40f1-a193-ab9d13fb0c59/datanode-1/data/ratis/65a8239b-9d54-449e-908f-3f198b786ec5 does not exist. Creating ...
2022-08-04 23:33:11,899 [pool-825-thread-1] INFO  storage.RaftStorageDirectory (RaftStorageDirectoryImpl.java:tryLock(230)) - Lock on /home/runner/work/ozone/ozone/hadoop-ozone/integration-test/target/test-dir/MiniOzoneClusterImpl-f8ed8ae5-4e76-40f1-a193-ab9d13fb0c59/datanode-1/data/ratis/65a8239b-9d54-449e-908f-3f198b786ec5/in_use.lock acquired by nodename 5725@fv-az241-597
2022-08-04 23:33:11,904 [pool-825-thread-1] INFO  storage.RaftStorage (RaftStorageImpl.java:format(89)) - Storage directory /home/runner/work/ozone/ozone/hadoop-ozone/integration-test/target/test-dir/MiniOzoneClusterImpl-f8ed8ae5-4e76-40f1-a193-ab9d13fb0c59/datanode-1/data/ratis/65a8239b-9d54-449e-908f-3f198b786ec5 has been successfully formatted.
2022-08-04 23:33:11,905 [pool-825-thread-1] INFO  ratis.ContainerStateMachine (ContainerStateMachine.java:loadSnapshot(236)) - group-3F198B786EC5: The snapshot info is null. Setting the last applied indexto:(t:0, i:~)
2022-08-04 23:33:11,905 [pool-825-thread-1] INFO  server.RaftServerConfigKeys (ConfUtils.java:logGet(46)) - raft.server.notification.no-leader.timeout = 300s (custom)
2022-08-04 23:33:11,905 [pool-825-thread-1] INFO  server.RaftServerConfigKeys (ConfUtils.java:logGet(46)) - raft.server.log.use.memory = false (default)
2022-08-04 23:33:11,905 [pool-825-thread-1] INFO  server.RaftServerConfigKeys (ConfUtils.java:logGet(46)) - raft.server.log.purge.gap = 1000000 (custom)
2022-08-04 23:33:11,905 [pool-825-thread-1] INFO  server.RaftServerConfigKeys (ConfUtils.java:logGet(46)) - raft.server.log.appender.buffer.byte-limit = 33554432 (custom)
2022-08-04 23:33:11,905 [pool-825-thread-1] INFO  server.RaftServerConfigKeys (ConfUtils.java:logGet(46)) - raft.server.log.statemachine.data.read.timeout = 1000ms (default)
2022-08-04 23:33:11,906 [pool-825-thread-1] INFO  server.RaftServerConfigKeys (ConfUtils.java:logGet(46)) - raft.server.log.segment.size.max = 1048576 (custom)
2022-08-04 23:33:11,906 [pool-825-thread-1] INFO  server.RaftServerConfigKeys (ConfUtils.java:logGet(46)) - raft.server.log.segment.cache.num.max = 2 (custom)
2022-08-04 23:33:11,906 [pool-825-thread-1] INFO  server.RaftServerConfigKeys (ConfUtils.java:logGet(46)) - raft.server.log.segment.cache.size.max = 200MB (=209715200) (default)
2022-08-04 23:33:11,906 [pool-825-thread-1] INFO  segmented.SegmentedRaftLogWorker (SegmentedRaftLogWorker.java:<init>(187)) - new 46498e79-339e-4043-98fa-d899ecef5ee7@group-3F198B786EC5-SegmentedRaftLogWorker for RaftStorageImpl:Storage Directory /home/runner/work/ozone/ozone/hadoop-ozone/integration-test/target/test-dir/MiniOzoneClusterImpl-f8ed8ae5-4e76-40f1-a193-ab9d13fb0c59/datanode-1/data/ratis/65a8239b-9d54-449e-908f-3f198b786ec5
2022-08-04 23:33:11,906 [pool-825-thread-1] INFO  server.RaftServerConfigKeys (ConfUtils.java:logGet(46)) - raft.server.log.queue.byte-limit = 4294967296 (custom)
2022-08-04 23:33:11,906 [pool-825-thread-1] INFO  server.RaftServerConfigKeys (ConfUtils.java:logGet(46)) - raft.server.log.queue.element-limit = 1024 (custom)
2022-08-04 23:33:11,906 [pool-825-thread-1] INFO  server.RaftServerConfigKeys (ConfUtils.java:logGet(46)) - raft.server.log.segment.size.max = 1048576 (custom)
2022-08-04 23:33:11,906 [pool-825-thread-1] INFO  server.RaftServerConfigKeys (ConfUtils.java:logGet(46)) - raft.server.log.preallocated.size = 16384 (custom)
2022-08-04 23:33:11,906 [pool-825-thread-1] INFO  server.RaftServerConfigKeys (ConfUtils.java:logGet(46)) - raft.server.log.force.sync.num = 128 (default)
2022-08-04 23:33:11,906 [pool-825-thread-1] INFO  server.RaftServerConfigKeys (ConfUtils.java:logGet(46)) - raft.server.log.statemachine.data.sync = true (default)
2022-08-04 23:33:11,906 [pool-825-thread-1] INFO  server.RaftServerConfigKeys (ConfUtils.java:logGet(46)) - raft.server.log.statemachine.data.sync.timeout = 10s (default)
2022-08-04 23:33:11,906 [pool-825-thread-1] INFO  server.RaftServerConfigKeys (ConfUtils.java:logGet(46)) - raft.server.log.statemachine.data.sync.timeout.retry = -1 (default)
2022-08-04 23:33:11,911 [pool-825-thread-1] INFO  server.RaftServerConfigKeys (ConfUtils.java:logGet(46)) - raft.server.log.write.buffer.size = 1048576 (custom)
2022-08-04 23:33:11,911 [pool-825-thread-1] INFO  server.RaftServerConfigKeys (ConfUtils.java:logGet(46)) - raft.server.log.unsafe-flush.enabled = false (default)
2022-08-04 23:33:11,911 [pool-825-thread-1] INFO  server.RaftServerConfigKeys (ConfUtils.java:logGet(46)) - raft.server.log.statemachine.data.caching.enabled = true (custom)
2022-08-04 23:33:11,912 [pool-825-thread-1] INFO  segmented.SegmentedRaftLogWorker (SegmentedRaftLogWorker.java:lambda$new$0(135)) - 46498e79-339e-4043-98fa-d899ecef5ee7@group-3F198B786EC5-SegmentedRaftLogWorker: flushIndex: setUnconditionally 0 -> -1
2022-08-04 23:33:11,912 [pool-825-thread-1] INFO  segmented.SegmentedRaftLogWorker (SegmentedRaftLogWorker.java:lambda$new$0(135)) - 46498e79-339e-4043-98fa-d899ecef5ee7@group-3F198B786EC5-SegmentedRaftLogWorker: safeCacheEvictIndex: setUnconditionally 0 -> -1
2022-08-04 23:33:11,915 [pool-825-thread-1] INFO  server.RaftServerConfigKeys (ConfUtils.java:logGet(46)) - raft.server.snapshot.auto.trigger.enabled = true (custom)
2022-08-04 23:33:11,915 [pool-825-thread-1] INFO  server.RaftServerConfigKeys (ConfUtils.java:logGet(46)) - raft.server.snapshot.auto.trigger.threshold = 10000 (custom)
2022-08-04 23:33:11,915 [pool-825-thread-1] INFO  server.RaftServerConfigKeys (ConfUtils.java:logGet(46)) - raft.server.snapshot.retention.file.num = 5 (custom)
2022-08-04 23:33:11,915 [pool-825-thread-1] INFO  server.RaftServerConfigKeys (ConfUtils.java:logGet(46)) - raft.server.log.purge.upto.snapshot.index = false (default)
2022-08-04 23:33:11,915 [pool-825-thread-1] INFO  server.RaftServerConfigKeys (ConfUtils.java:logGet(46)) - raft.server.retrycache.expirytime = 600000ms (custom)
2022-08-04 23:33:11,915 [pool-825-thread-1] INFO  server.RaftServerConfigKeys (ConfUtils.java:logGet(46)) - raft.server.retrycache.statistics.expirytime = 100μs (default)
2022-08-04 23:33:11,917 [pool-825-thread-1] INFO  server.RaftServerConfigKeys (ConfUtils.java:logGet(46)) - raft.server.log.appender.install.snapshot.enabled = false (custom)
2022-08-04 23:33:11,917 [pool-825-thread-1] INFO  server.RaftServerConfigKeys (ConfUtils.java:logGet(46)) - raft.server.threadpool.server.cached = true (default)
2022-08-04 23:33:11,917 [pool-825-thread-1] INFO  server.RaftServerConfigKeys (ConfUtils.java:logGet(46)) - raft.server.threadpool.server.size = 0 (default)
2022-08-04 23:33:11,917 [Listener at 127.0.0.1/43985] INFO  ozone.MiniOzoneClusterImpl (MiniOzoneClusterImpl.java:lambda$waitForClusterToBeReady$0(216)) - Nodes are ready. Got 3 of 3 DN Heartbeats.
2022-08-04 23:33:11,917 [Listener at 127.0.0.1/43985] INFO  ozone.MiniOzoneClusterImpl (MiniOzoneClusterImpl.java:lambda$waitForClusterToBeReady$0(219)) - Waiting for cluster to exit safe mode
2022-08-04 23:33:11,917 [Listener at 127.0.0.1/43985] INFO  ozone.MiniOzoneClusterImpl (MiniOzoneClusterImpl.java:lambda$waitForClusterToBeReady$0(221)) - SCM became leader
2022-08-04 23:33:11,917 [pool-825-thread-1] INFO  server.RaftServerConfigKeys (ConfUtils.java:logGet(46)) - raft.server.threadpool.client.cached = true (default)
2022-08-04 23:33:11,917 [pool-825-thread-1] INFO  server.RaftServerConfigKeys (ConfUtils.java:logGet(46)) - raft.server.threadpool.client.size = 0 (default)
2022-08-04 23:33:11,917 [pool-825-thread-1] INFO  server.RaftServer$Division (RaftServerImpl.java:start(310)) - 46498e79-339e-4043-98fa-d899ecef5ee7@group-3F198B786EC5: start as a follower, conf=-1: [46498e79-339e-4043-98fa-d899ecef5ee7|rpc:10.1.0.37:37807|dataStream:|priority:1, b786a278-2a24-4ec7-9aa8-d18b8d900ce5|rpc:10.1.0.37:44407|dataStream:|priority:0, d1929e7c-bce5-4a44-9038-4ac351dcfd7d|rpc:10.1.0.37:45277|dataStream:|priority:0], old=null
2022-08-04 23:33:11,917 [pool-825-thread-1] INFO  server.RaftServer$Division (RaftServerImpl.java:setRole(299)) - 46498e79-339e-4043-98fa-d899ecef5ee7@group-3F198B786EC5: changes role from      null to FOLLOWER at term 0 for startAsFollower
2022-08-04 23:33:11,917 [pool-825-thread-1] INFO  impl.RoleInfo (RoleInfo.java:updateAndGet(139)) - 46498e79-339e-4043-98fa-d899ecef5ee7: start 46498e79-339e-4043-98fa-d899ecef5ee7@group-3F198B786EC5-FollowerState
2022-08-04 23:33:11,955 [pool-825-thread-1] INFO  util.JmxRegister (JmxRegister.java:tryRegister(44)) - Successfully registered JMX Bean with object name Ratis:service=RaftServer,group=group-3F198B786EC5,id=46498e79-339e-4043-98fa-d899ecef5ee7
2022-08-04 23:33:12,080 [grpc-default-executor-0] INFO  server.RaftServer (RaftServerProxy.java:addNew(96)) - d1929e7c-bce5-4a44-9038-4ac351dcfd7d: addNew group-3F198B786EC5:[46498e79-339e-4043-98fa-d899ecef5ee7|rpc:10.1.0.37:37807|dataStream:|priority:1, b786a278-2a24-4ec7-9aa8-d18b8d900ce5|rpc:10.1.0.37:44407|dataStream:|priority:0, d1929e7c-bce5-4a44-9038-4ac351dcfd7d|rpc:10.1.0.37:45277|dataStream:|priority:0] returns group-3F198B786EC5:java.util.concurrent.CompletableFuture@ae403bb[Not completed]
2022-08-04 23:33:12,081 [pool-848-thread-1] INFO  server.RaftServer$Division (RaftServerImpl.java:<init>(190)) - d1929e7c-bce5-4a44-9038-4ac351dcfd7d: new RaftServerImpl for group-3F198B786EC5:[46498e79-339e-4043-98fa-d899ecef5ee7|rpc:10.1.0.37:37807|dataStream:|priority:1, b786a278-2a24-4ec7-9aa8-d18b8d900ce5|rpc:10.1.0.37:44407|dataStream:|priority:0, d1929e7c-bce5-4a44-9038-4ac351dcfd7d|rpc:10.1.0.37:45277|dataStream:|priority:0] with ContainerStateMachine:uninitialized
2022-08-04 23:33:12,081 [pool-848-thread-1] INFO  server.RaftServerConfigKeys (ConfUtils.java:logGet(46)) - raft.server.rpc.timeout.min = 5s (custom)
2022-08-04 23:33:12,081 [pool-848-thread-1] INFO  server.RaftServerConfigKeys (ConfUtils.java:logGet(46)) - raft.server.rpc.timeout.max = 5200ms (custom)
2022-08-04 23:33:12,081 [pool-848-thread-1] INFO  server.RaftServerConfigKeys (ConfUtils.java:logGet(46)) - raft.server.rpc.sleep.time = 25ms (default)
2022-08-04 23:33:12,081 [pool-848-thread-1] INFO  server.RaftServerConfigKeys (ConfUtils.java:logGet(46)) - raft.server.rpc.slowness.timeout = 300s (custom)
2022-08-04 23:33:12,081 [pool-848-thread-1] INFO  server.RaftServerConfigKeys (ConfUtils.java:logGet(46)) - raft.server.leaderelection.leader.step-down.wait-time = 10s (default)
2022-08-04 23:33:12,081 [pool-848-thread-1] INFO  server.RaftServerConfigKeys (ConfUtils.java:logGet(46)) - raft.server.sleep.deviation.threshold = 300ms (default)
2022-08-04 23:33:12,081 [pool-848-thread-1] INFO  server.RaftServer$Division (ServerState.java:<init>(107)) - d1929e7c-bce5-4a44-9038-4ac351dcfd7d@group-3F198B786EC5: ConfigurationManager, init=-1: [46498e79-339e-4043-98fa-d899ecef5ee7|rpc:10.1.0.37:37807|dataStream:|priority:1, b786a278-2a24-4ec7-9aa8-d18b8d900ce5|rpc:10.1.0.37:44407|dataStream:|priority:0, d1929e7c-bce5-4a44-9038-4ac351dcfd7d|rpc:10.1.0.37:45277|dataStream:|priority:0], old=null, confs=<EMPTY_MAP>
2022-08-04 23:33:12,081 [pool-848-thread-1] INFO  server.RaftServerConfigKeys (ConfUtils.java:logGet(46)) - raft.server.storage.dir = [/home/runner/work/ozone/ozone/hadoop-ozone/integration-test/target/test-dir/MiniOzoneClusterImpl-f8ed8ae5-4e76-40f1-a193-ab9d13fb0c59/datanode-2/data/ratis] (custom)
2022-08-04 23:33:12,082 [pool-848-thread-1] INFO  server.RaftServerConfigKeys (ConfUtils.java:logGet(46)) - raft.server.log.corruption.policy = EXCEPTION (default)
2022-08-04 23:33:12,082 [pool-848-thread-1] INFO  server.RaftServerConfigKeys (ConfUtils.java:logGet(46)) - raft.server.storage.free-space.min = 0MB (=0) (default)
2022-08-04 23:33:12,082 [pool-848-thread-1] INFO  storage.RaftStorageDirectory (RaftStorageDirectoryImpl.java:analyzeStorage(135)) - The storage directory /home/runner/work/ozone/ozone/hadoop-ozone/integration-test/target/test-dir/MiniOzoneClusterImpl-f8ed8ae5-4e76-40f1-a193-ab9d13fb0c59/datanode-2/data/ratis/65a8239b-9d54-449e-908f-3f198b786ec5 does not exist. Creating ...
2022-08-04 23:33:12,084 [pool-848-thread-1] INFO  storage.RaftStorageDirectory (RaftStorageDirectoryImpl.java:tryLock(230)) - Lock on /home/runner/work/ozone/ozone/hadoop-ozone/integration-test/target/test-dir/MiniOzoneClusterImpl-f8ed8ae5-4e76-40f1-a193-ab9d13fb0c59/datanode-2/data/ratis/65a8239b-9d54-449e-908f-3f198b786ec5/in_use.lock acquired by nodename 5725@fv-az241-597
2022-08-04 23:33:12,085 [pool-848-thread-1] INFO  storage.RaftStorage (RaftStorageImpl.java:format(89)) - Storage directory /home/runner/work/ozone/ozone/hadoop-ozone/integration-test/target/test-dir/MiniOzoneClusterImpl-f8ed8ae5-4e76-40f1-a193-ab9d13fb0c59/datanode-2/data/ratis/65a8239b-9d54-449e-908f-3f198b786ec5 has been successfully formatted.
2022-08-04 23:33:12,085 [pool-848-thread-1] INFO  ratis.ContainerStateMachine (ContainerStateMachine.java:loadSnapshot(236)) - group-3F198B786EC5: The snapshot info is null. Setting the last applied indexto:(t:0, i:~)
2022-08-04 23:33:12,085 [pool-848-thread-1] INFO  server.RaftServerConfigKeys (ConfUtils.java:logGet(46)) - raft.server.notification.no-leader.timeout = 300s (custom)
2022-08-04 23:33:12,085 [pool-848-thread-1] INFO  server.RaftServerConfigKeys (ConfUtils.java:logGet(46)) - raft.server.log.use.memory = false (default)
2022-08-04 23:33:12,086 [pool-848-thread-1] INFO  server.RaftServerConfigKeys (ConfUtils.java:logGet(46)) - raft.server.log.purge.gap = 1000000 (custom)
2022-08-04 23:33:12,086 [pool-848-thread-1] INFO  server.RaftServerConfigKeys (ConfUtils.java:logGet(46)) - raft.server.log.appender.buffer.byte-limit = 33554432 (custom)
2022-08-04 23:33:12,086 [pool-848-thread-1] INFO  server.RaftServerConfigKeys (ConfUtils.java:logGet(46)) - raft.server.log.statemachine.data.read.timeout = 1000ms (default)
2022-08-04 23:33:12,086 [pool-848-thread-1] INFO  server.RaftServerConfigKeys (ConfUtils.java:logGet(46)) - raft.server.log.segment.size.max = 1048576 (custom)
2022-08-04 23:33:12,086 [pool-848-thread-1] INFO  server.RaftServerConfigKeys (ConfUtils.java:logGet(46)) - raft.server.log.segment.cache.num.max = 2 (custom)
2022-08-04 23:33:12,086 [pool-848-thread-1] INFO  server.RaftServerConfigKeys (ConfUtils.java:logGet(46)) - raft.server.log.segment.cache.size.max = 200MB (=209715200) (default)
2022-08-04 23:33:12,086 [pool-848-thread-1] INFO  segmented.SegmentedRaftLogWorker (SegmentedRaftLogWorker.java:<init>(187)) - new d1929e7c-bce5-4a44-9038-4ac351dcfd7d@group-3F198B786EC5-SegmentedRaftLogWorker for RaftStorageImpl:Storage Directory /home/runner/work/ozone/ozone/hadoop-ozone/integration-test/target/test-dir/MiniOzoneClusterImpl-f8ed8ae5-4e76-40f1-a193-ab9d13fb0c59/datanode-2/data/ratis/65a8239b-9d54-449e-908f-3f198b786ec5
2022-08-04 23:33:12,086 [pool-848-thread-1] INFO  server.RaftServerConfigKeys (ConfUtils.java:logGet(46)) - raft.server.log.queue.byte-limit = 4294967296 (custom)
2022-08-04 23:33:12,086 [pool-848-thread-1] INFO  server.RaftServerConfigKeys (ConfUtils.java:logGet(46)) - raft.server.log.queue.element-limit = 1024 (custom)
2022-08-04 23:33:12,086 [pool-848-thread-1] INFO  server.RaftServerConfigKeys (ConfUtils.java:logGet(46)) - raft.server.log.segment.size.max = 1048576 (custom)
2022-08-04 23:33:12,086 [pool-848-thread-1] INFO  server.RaftServerConfigKeys (ConfUtils.java:logGet(46)) - raft.server.log.preallocated.size = 16384 (custom)
2022-08-04 23:33:12,086 [pool-848-thread-1] INFO  server.RaftServerConfigKeys (ConfUtils.java:logGet(46)) - raft.server.log.force.sync.num = 128 (default)
2022-08-04 23:33:12,086 [pool-848-thread-1] INFO  server.RaftServerConfigKeys (ConfUtils.java:logGet(46)) - raft.server.log.statemachine.data.sync = true (default)
2022-08-04 23:33:12,086 [pool-848-thread-1] INFO  server.RaftServerConfigKeys (ConfUtils.java:logGet(46)) - raft.server.log.statemachine.data.sync.timeout = 10s (default)
2022-08-04 23:33:12,086 [pool-848-thread-1] INFO  server.RaftServerConfigKeys (ConfUtils.java:logGet(46)) - raft.server.log.statemachine.data.sync.timeout.retry = -1 (default)
2022-08-04 23:33:12,092 [pool-848-thread-1] INFO  server.RaftServerConfigKeys (ConfUtils.java:logGet(46)) - raft.server.log.write.buffer.size = 1048576 (custom)
2022-08-04 23:33:12,093 [pool-848-thread-1] INFO  server.RaftServerConfigKeys (ConfUtils.java:logGet(46)) - raft.server.log.unsafe-flush.enabled = false (default)
2022-08-04 23:33:12,093 [pool-848-thread-1] INFO  server.RaftServerConfigKeys (ConfUtils.java:logGet(46)) - raft.server.log.statemachine.data.caching.enabled = true (custom)
2022-08-04 23:33:12,093 [pool-848-thread-1] INFO  segmented.SegmentedRaftLogWorker (SegmentedRaftLogWorker.java:lambda$new$0(135)) - d1929e7c-bce5-4a44-9038-4ac351dcfd7d@group-3F198B786EC5-SegmentedRaftLogWorker: flushIndex: setUnconditionally 0 -> -1
2022-08-04 23:33:12,093 [pool-848-thread-1] INFO  segmented.SegmentedRaftLogWorker (SegmentedRaftLogWorker.java:lambda$new$0(135)) - d1929e7c-bce5-4a44-9038-4ac351dcfd7d@group-3F198B786EC5-SegmentedRaftLogWorker: safeCacheEvictIndex: setUnconditionally 0 -> -1
2022-08-04 23:33:12,100 [pool-848-thread-1] INFO  server.RaftServerConfigKeys (ConfUtils.java:logGet(46)) - raft.server.snapshot.auto.trigger.enabled = true (custom)
2022-08-04 23:33:12,100 [pool-848-thread-1] INFO  server.RaftServerConfigKeys (ConfUtils.java:logGet(46)) - raft.server.snapshot.auto.trigger.threshold = 10000 (custom)
2022-08-04 23:33:12,100 [pool-848-thread-1] INFO  server.RaftServerConfigKeys (ConfUtils.java:logGet(46)) - raft.server.snapshot.retention.file.num = 5 (custom)
2022-08-04 23:33:12,100 [pool-848-thread-1] INFO  server.RaftServerConfigKeys (ConfUtils.java:logGet(46)) - raft.server.log.purge.upto.snapshot.index = false (default)
2022-08-04 23:33:12,100 [pool-848-thread-1] INFO  server.RaftServerConfigKeys (ConfUtils.java:logGet(46)) - raft.server.retrycache.expirytime = 600000ms (custom)
2022-08-04 23:33:12,100 [pool-848-thread-1] INFO  server.RaftServerConfigKeys (ConfUtils.java:logGet(46)) - raft.server.retrycache.statistics.expirytime = 100μs (default)
2022-08-04 23:33:12,101 [pool-848-thread-1] INFO  server.RaftServerConfigKeys (ConfUtils.java:logGet(46)) - raft.server.log.appender.install.snapshot.enabled = false (custom)
2022-08-04 23:33:12,101 [pool-848-thread-1] INFO  server.RaftServerConfigKeys (ConfUtils.java:logGet(46)) - raft.server.threadpool.server.cached = true (default)
2022-08-04 23:33:12,101 [pool-848-thread-1] INFO  server.RaftServerConfigKeys (ConfUtils.java:logGet(46)) - raft.server.threadpool.server.size = 0 (default)
2022-08-04 23:33:12,101 [pool-848-thread-1] INFO  server.RaftServerConfigKeys (ConfUtils.java:logGet(46)) - raft.server.threadpool.client.cached = true (default)
2022-08-04 23:33:12,101 [pool-848-thread-1] INFO  server.RaftServerConfigKeys (ConfUtils.java:logGet(46)) - raft.server.threadpool.client.size = 0 (default)
2022-08-04 23:33:12,101 [pool-848-thread-1] INFO  server.RaftServer$Division (RaftServerImpl.java:start(310)) - d1929e7c-bce5-4a44-9038-4ac351dcfd7d@group-3F198B786EC5: start as a follower, conf=-1: [46498e79-339e-4043-98fa-d899ecef5ee7|rpc:10.1.0.37:37807|dataStream:|priority:1, b786a278-2a24-4ec7-9aa8-d18b8d900ce5|rpc:10.1.0.37:44407|dataStream:|priority:0, d1929e7c-bce5-4a44-9038-4ac351dcfd7d|rpc:10.1.0.37:45277|dataStream:|priority:0], old=null
2022-08-04 23:33:12,101 [pool-848-thread-1] INFO  server.RaftServer$Division (RaftServerImpl.java:setRole(299)) - d1929e7c-bce5-4a44-9038-4ac351dcfd7d@group-3F198B786EC5: changes role from      null to FOLLOWER at term 0 for startAsFollower
2022-08-04 23:33:12,101 [pool-848-thread-1] INFO  impl.RoleInfo (RoleInfo.java:updateAndGet(139)) - d1929e7c-bce5-4a44-9038-4ac351dcfd7d: start d1929e7c-bce5-4a44-9038-4ac351dcfd7d@group-3F198B786EC5-FollowerState
2022-08-04 23:33:12,116 [pool-848-thread-1] INFO  util.JmxRegister (JmxRegister.java:tryRegister(44)) - Successfully registered JMX Bean with object name Ratis:service=RaftServer,group=group-3F198B786EC5,id=d1929e7c-bce5-4a44-9038-4ac351dcfd7d
2022-08-04 23:33:12,140 [Command processor thread] INFO  server.RaftServer (RaftServerProxy.java:addNew(96)) - 46498e79-339e-4043-98fa-d899ecef5ee7: addNew group-A461EF1F21F6:[46498e79-339e-4043-98fa-d899ecef5ee7|rpc:10.1.0.37:37807|priority:1] returns group-A461EF1F21F6:java.util.concurrent.CompletableFuture@5e569b27[Not completed]
2022-08-04 23:33:12,141 [pool-825-thread-1] INFO  server.RaftServer$Division (RaftServerImpl.java:<init>(190)) - 46498e79-339e-4043-98fa-d899ecef5ee7: new RaftServerImpl for group-A461EF1F21F6:[46498e79-339e-4043-98fa-d899ecef5ee7|rpc:10.1.0.37:37807|priority:1] with ContainerStateMachine:uninitialized
2022-08-04 23:33:12,141 [pool-825-thread-1] INFO  server.RaftServerConfigKeys (ConfUtils.java:logGet(46)) - raft.server.rpc.timeout.min = 5s (custom)
2022-08-04 23:33:12,141 [pool-825-thread-1] INFO  server.RaftServerConfigKeys (ConfUtils.java:logGet(46)) - raft.server.rpc.timeout.max = 5200ms (custom)
2022-08-04 23:33:12,141 [pool-825-thread-1] INFO  server.RaftServerConfigKeys (ConfUtils.java:logGet(46)) - raft.server.rpc.sleep.time = 25ms (default)
2022-08-04 23:33:12,141 [pool-825-thread-1] INFO  server.RaftServerConfigKeys (ConfUtils.java:logGet(46)) - raft.server.rpc.slowness.timeout = 300s (custom)
2022-08-04 23:33:12,141 [pool-825-thread-1] INFO  server.RaftServerConfigKeys (ConfUtils.java:logGet(46)) - raft.server.leaderelection.leader.step-down.wait-time = 10s (default)
2022-08-04 23:33:12,141 [pool-825-thread-1] INFO  server.RaftServerConfigKeys (ConfUtils.java:logGet(46)) - raft.server.sleep.deviation.threshold = 300ms (default)
2022-08-04 23:33:12,141 [pool-825-thread-1] INFO  server.RaftServer$Division (ServerState.java:<init>(107)) - 46498e79-339e-4043-98fa-d899ecef5ee7@group-A461EF1F21F6: ConfigurationManager, init=-1: [46498e79-339e-4043-98fa-d899ecef5ee7|rpc:10.1.0.37:37807|priority:1], old=null, confs=<EMPTY_MAP>
2022-08-04 23:33:12,141 [pool-825-thread-1] INFO  server.RaftServerConfigKeys (ConfUtils.java:logGet(46)) - raft.server.storage.dir = [/home/runner/work/ozone/ozone/hadoop-ozone/integration-test/target/test-dir/MiniOzoneClusterImpl-f8ed8ae5-4e76-40f1-a193-ab9d13fb0c59/datanode-1/data/ratis] (custom)
2022-08-04 23:33:12,141 [pool-825-thread-1] INFO  server.RaftServerConfigKeys (ConfUtils.java:logGet(46)) - raft.server.log.corruption.policy = EXCEPTION (default)
2022-08-04 23:33:12,142 [pool-825-thread-1] INFO  server.RaftServerConfigKeys (ConfUtils.java:logGet(46)) - raft.server.storage.free-space.min = 0MB (=0) (default)
2022-08-04 23:33:12,142 [pool-825-thread-1] INFO  storage.RaftStorageDirectory (RaftStorageDirectoryImpl.java:analyzeStorage(135)) - The storage directory /home/runner/work/ozone/ozone/hadoop-ozone/integration-test/target/test-dir/MiniOzoneClusterImpl-f8ed8ae5-4e76-40f1-a193-ab9d13fb0c59/datanode-1/data/ratis/21b16b37-ce17-4f5b-b910-a461ef1f21f6 does not exist. Creating ...
2022-08-04 23:33:12,145 [Command processor thread] INFO  commandhandler.CreatePipelineCommandHandler (CreatePipelineCommandHandler.java:handle(113)) - Created Pipeline RATIS THREE PipelineID=65a8239b-9d54-449e-908f-3f198b786ec5.
2022-08-04 23:33:12,163 [pool-825-thread-1] INFO  storage.RaftStorageDirectory (RaftStorageDirectoryImpl.java:tryLock(230)) - Lock on /home/runner/work/ozone/ozone/hadoop-ozone/integration-test/target/test-dir/MiniOzoneClusterImpl-f8ed8ae5-4e76-40f1-a193-ab9d13fb0c59/datanode-1/data/ratis/21b16b37-ce17-4f5b-b910-a461ef1f21f6/in_use.lock acquired by nodename 5725@fv-az241-597
2022-08-04 23:33:12,165 [pool-825-thread-1] INFO  storage.RaftStorage (RaftStorageImpl.java:format(89)) - Storage directory /home/runner/work/ozone/ozone/hadoop-ozone/integration-test/target/test-dir/MiniOzoneClusterImpl-f8ed8ae5-4e76-40f1-a193-ab9d13fb0c59/datanode-1/data/ratis/21b16b37-ce17-4f5b-b910-a461ef1f21f6 has been successfully formatted.
2022-08-04 23:33:12,167 [pool-825-thread-1] INFO  ratis.ContainerStateMachine (ContainerStateMachine.java:loadSnapshot(236)) - group-A461EF1F21F6: The snapshot info is null. Setting the last applied indexto:(t:0, i:~)
2022-08-04 23:33:12,167 [pool-825-thread-1] INFO  server.RaftServerConfigKeys (ConfUtils.java:logGet(46)) - raft.server.notification.no-leader.timeout = 300s (custom)
2022-08-04 23:33:12,167 [pool-825-thread-1] INFO  server.RaftServerConfigKeys (ConfUtils.java:logGet(46)) - raft.server.log.use.memory = false (default)
2022-08-04 23:33:12,167 [pool-825-thread-1] INFO  server.RaftServerConfigKeys (ConfUtils.java:logGet(46)) - raft.server.log.purge.gap = 1000000 (custom)
2022-08-04 23:33:12,167 [pool-825-thread-1] INFO  server.RaftServerConfigKeys (ConfUtils.java:logGet(46)) - raft.server.log.appender.buffer.byte-limit = 33554432 (custom)
2022-08-04 23:33:12,167 [pool-825-thread-1] INFO  server.RaftServerConfigKeys (ConfUtils.java:logGet(46)) - raft.server.log.statemachine.data.read.timeout = 1000ms (default)
2022-08-04 23:33:12,167 [pool-825-thread-1] INFO  server.RaftServerConfigKeys (ConfUtils.java:logGet(46)) - raft.server.log.segment.size.max = 1048576 (custom)
2022-08-04 23:33:12,168 [pool-825-thread-1] INFO  server.RaftServerConfigKeys (ConfUtils.java:logGet(46)) - raft.server.log.segment.cache.num.max = 2 (custom)
2022-08-04 23:33:12,168 [pool-825-thread-1] INFO  server.RaftServerConfigKeys (ConfUtils.java:logGet(46)) - raft.server.log.segment.cache.size.max = 200MB (=209715200) (default)
2022-08-04 23:33:12,168 [pool-825-thread-1] INFO  segmented.SegmentedRaftLogWorker (SegmentedRaftLogWorker.java:<init>(187)) - new 46498e79-339e-4043-98fa-d899ecef5ee7@group-A461EF1F21F6-SegmentedRaftLogWorker for RaftStorageImpl:Storage Directory /home/runner/work/ozone/ozone/hadoop-ozone/integration-test/target/test-dir/MiniOzoneClusterImpl-f8ed8ae5-4e76-40f1-a193-ab9d13fb0c59/datanode-1/data/ratis/21b16b37-ce17-4f5b-b910-a461ef1f21f6
2022-08-04 23:33:12,168 [pool-825-thread-1] INFO  server.RaftServerConfigKeys (ConfUtils.java:logGet(46)) - raft.server.log.queue.byte-limit = 4294967296 (custom)
2022-08-04 23:33:12,168 [pool-825-thread-1] INFO  server.RaftServerConfigKeys (ConfUtils.java:logGet(46)) - raft.server.log.queue.element-limit = 1024 (custom)
2022-08-04 23:33:12,168 [pool-825-thread-1] INFO  server.RaftServerConfigKeys (ConfUtils.java:logGet(46)) - raft.server.log.segment.size.max = 1048576 (custom)
2022-08-04 23:33:12,168 [pool-825-thread-1] INFO  server.RaftServerConfigKeys (ConfUtils.java:logGet(46)) - raft.server.log.preallocated.size = 16384 (custom)
2022-08-04 23:33:12,168 [pool-825-thread-1] INFO  server.RaftServerConfigKeys (ConfUtils.java:logGet(46)) - raft.server.log.force.sync.num = 128 (default)
2022-08-04 23:33:12,168 [pool-825-thread-1] INFO  server.RaftServerConfigKeys (ConfUtils.java:logGet(46)) - raft.server.log.statemachine.data.sync = true (default)
2022-08-04 23:33:12,168 [pool-825-thread-1] INFO  server.RaftServerConfigKeys (ConfUtils.java:logGet(46)) - raft.server.log.statemachine.data.sync.timeout = 10s (default)
2022-08-04 23:33:12,168 [pool-825-thread-1] INFO  server.RaftServerConfigKeys (ConfUtils.java:logGet(46)) - raft.server.log.statemachine.data.sync.timeout.retry = -1 (default)
2022-08-04 23:33:12,169 [pool-825-thread-1] INFO  server.RaftServerConfigKeys (ConfUtils.java:logGet(46)) - raft.server.log.write.buffer.size = 1048576 (custom)
2022-08-04 23:33:12,169 [pool-825-thread-1] INFO  server.RaftServerConfigKeys (ConfUtils.java:logGet(46)) - raft.server.log.unsafe-flush.enabled = false (default)
2022-08-04 23:33:12,169 [pool-825-thread-1] INFO  server.RaftServerConfigKeys (ConfUtils.java:logGet(46)) - raft.server.log.statemachine.data.caching.enabled = true (custom)
2022-08-04 23:33:12,169 [pool-825-thread-1] INFO  segmented.SegmentedRaftLogWorker (SegmentedRaftLogWorker.java:lambda$new$0(135)) - 46498e79-339e-4043-98fa-d899ecef5ee7@group-A461EF1F21F6-SegmentedRaftLogWorker: flushIndex: setUnconditionally 0 -> -1
2022-08-04 23:33:12,170 [pool-825-thread-1] INFO  segmented.SegmentedRaftLogWorker (SegmentedRaftLogWorker.java:lambda$new$0(135)) - 46498e79-339e-4043-98fa-d899ecef5ee7@group-A461EF1F21F6-SegmentedRaftLogWorker: safeCacheEvictIndex: setUnconditionally 0 -> -1
2022-08-04 23:33:12,171 [EventQueue-PipelineReportForPipelineReportHandler] INFO  pipeline.PipelineManagerImpl (PipelineManagerImpl.java:openPipeline(367)) - Pipeline Pipeline[ Id: 21b16b37-ce17-4f5b-b910-a461ef1f21f6, Nodes: 46498e79-339e-4043-98fa-d899ecef5ee7{ip: 10.1.0.37, host: fv-az241-597.bb25ywkzvhnelkltyshw0e441e.jx.internal.cloudapp.net, ports: [REPLICATION=36697, RATIS=37807, RATIS_ADMIN=37807, RATIS_SERVER=37807, STANDALONE=38779], networkLocation: /default-rack, certSerialId: null, persistedOpState: IN_SERVICE, persistedOpStateExpiryEpochSec: 0}, ReplicationConfig: RATIS/ONE, State:ALLOCATED, leaderId:46498e79-339e-4043-98fa-d899ecef5ee7, CreationTimestamp2022-08-04T23:33:09.145Z[Etc/UTC]] moved to OPEN state
2022-08-04 23:33:12,172 [EventQueue-OpenPipelineForHealthyPipelineSafeModeRule] INFO  safemode.SCMSafeModeManager (HealthyPipelineSafeModeRule.java:process(137)) - SCM in safe mode. Healthy pipelines reported count is 0, required healthy pipeline reported count is 1
2022-08-04 23:33:12,182 [pool-825-thread-1] INFO  server.RaftServerConfigKeys (ConfUtils.java:logGet(46)) - raft.server.snapshot.auto.trigger.enabled = true (custom)
2022-08-04 23:33:12,182 [pool-825-thread-1] INFO  server.RaftServerConfigKeys (ConfUtils.java:logGet(46)) - raft.server.snapshot.auto.trigger.threshold = 10000 (custom)
2022-08-04 23:33:12,182 [pool-825-thread-1] INFO  server.RaftServerConfigKeys (ConfUtils.java:logGet(46)) - raft.server.snapshot.retention.file.num = 5 (custom)
2022-08-04 23:33:12,182 [pool-825-thread-1] INFO  server.RaftServerConfigKeys (ConfUtils.java:logGet(46)) - raft.server.log.purge.upto.snapshot.index = false (default)
2022-08-04 23:33:12,182 [pool-825-thread-1] INFO  server.RaftServerConfigKeys (ConfUtils.java:logGet(46)) - raft.server.retrycache.expirytime = 600000ms (custom)
2022-08-04 23:33:12,182 [pool-825-thread-1] INFO  server.RaftServerConfigKeys (ConfUtils.java:logGet(46)) - raft.server.retrycache.statistics.expirytime = 100μs (default)
2022-08-04 23:33:12,183 [pool-825-thread-1] INFO  server.RaftServerConfigKeys (ConfUtils.java:logGet(46)) - raft.server.log.appender.install.snapshot.enabled = false (custom)
2022-08-04 23:33:12,183 [pool-825-thread-1] INFO  server.RaftServerConfigKeys (ConfUtils.java:logGet(46)) - raft.server.threadpool.server.cached = true (default)
2022-08-04 23:33:12,183 [pool-825-thread-1] INFO  server.RaftServerConfigKeys (ConfUtils.java:logGet(46)) - raft.server.threadpool.server.size = 0 (default)
2022-08-04 23:33:12,183 [pool-825-thread-1] INFO  server.RaftServerConfigKeys (ConfUtils.java:logGet(46)) - raft.server.threadpool.client.cached = true (default)
2022-08-04 23:33:12,183 [pool-825-thread-1] INFO  server.RaftServerConfigKeys (ConfUtils.java:logGet(46)) - raft.server.threadpool.client.size = 0 (default)
2022-08-04 23:33:12,183 [pool-825-thread-1] INFO  server.RaftServer$Division (RaftServerImpl.java:start(310)) - 46498e79-339e-4043-98fa-d899ecef5ee7@group-A461EF1F21F6: start as a follower, conf=-1: [46498e79-339e-4043-98fa-d899ecef5ee7|rpc:10.1.0.37:37807|priority:1], old=null
2022-08-04 23:33:12,183 [pool-825-thread-1] INFO  server.RaftServer$Division (RaftServerImpl.java:setRole(299)) - 46498e79-339e-4043-98fa-d899ecef5ee7@group-A461EF1F21F6: changes role from      null to FOLLOWER at term 0 for startAsFollower
2022-08-04 23:33:12,184 [pool-825-thread-1] INFO  impl.RoleInfo (RoleInfo.java:updateAndGet(139)) - 46498e79-339e-4043-98fa-d899ecef5ee7: start 46498e79-339e-4043-98fa-d899ecef5ee7@group-A461EF1F21F6-FollowerState
2022-08-04 23:33:12,188 [pool-825-thread-1] INFO  util.JmxRegister (JmxRegister.java:tryRegister(44)) - Successfully registered JMX Bean with object name Ratis:service=RaftServer,group=group-A461EF1F21F6,id=46498e79-339e-4043-98fa-d899ecef5ee7
2022-08-04 23:33:12,190 [Command processor thread] INFO  ratis.XceiverServerRatis (XceiverServerRatis.java:addGroup(765)) - Created group PipelineID=21b16b37-ce17-4f5b-b910-a461ef1f21f6
2022-08-04 23:33:12,190 [Command processor thread] INFO  commandhandler.CreatePipelineCommandHandler (CreatePipelineCommandHandler.java:handle(113)) - Created Pipeline RATIS ONE PipelineID=21b16b37-ce17-4f5b-b910-a461ef1f21f6.
2022-08-04 23:33:12,917 [Listener at 127.0.0.1/43985] INFO  ozone.MiniOzoneClusterImpl (MiniOzoneClusterImpl.java:lambda$waitForClusterToBeReady$0(216)) - Nodes are ready. Got 3 of 3 DN Heartbeats.
2022-08-04 23:33:12,917 [Listener at 127.0.0.1/43985] INFO  ozone.MiniOzoneClusterImpl (MiniOzoneClusterImpl.java:lambda$waitForClusterToBeReady$0(219)) - Waiting for cluster to exit safe mode
2022-08-04 23:33:12,917 [Listener at 127.0.0.1/43985] INFO  ozone.MiniOzoneClusterImpl (MiniOzoneClusterImpl.java:lambda$waitForClusterToBeReady$0(221)) - SCM became leader
2022-08-04 23:33:12,951 [Command processor thread] INFO  server.RaftServer (RaftServerProxy.java:addNew(96)) - d1929e7c-bce5-4a44-9038-4ac351dcfd7d: addNew group-8704277F50A1:[d1929e7c-bce5-4a44-9038-4ac351dcfd7d|rpc:10.1.0.37:45277|priority:1] returns group-8704277F50A1:java.util.concurrent.CompletableFuture@6e9f4ec2[Not completed]
2022-08-04 23:33:12,952 [pool-848-thread-1] INFO  server.RaftServer$Division (RaftServerImpl.java:<init>(190)) - d1929e7c-bce5-4a44-9038-4ac351dcfd7d: new RaftServerImpl for group-8704277F50A1:[d1929e7c-bce5-4a44-9038-4ac351dcfd7d|rpc:10.1.0.37:45277|priority:1] with ContainerStateMachine:uninitialized
2022-08-04 23:33:12,952 [pool-848-thread-1] INFO  server.RaftServerConfigKeys (ConfUtils.java:logGet(46)) - raft.server.rpc.timeout.min = 5s (custom)
2022-08-04 23:33:12,952 [pool-848-thread-1] INFO  server.RaftServerConfigKeys (ConfUtils.java:logGet(46)) - raft.server.rpc.timeout.max = 5200ms (custom)
2022-08-04 23:33:12,952 [pool-848-thread-1] INFO  server.RaftServerConfigKeys (ConfUtils.java:logGet(46)) - raft.server.rpc.sleep.time = 25ms (default)
2022-08-04 23:33:12,952 [pool-848-thread-1] INFO  server.RaftServerConfigKeys (ConfUtils.java:logGet(46)) - raft.server.rpc.slowness.timeout = 300s (custom)
2022-08-04 23:33:12,952 [pool-848-thread-1] INFO  server.RaftServerConfigKeys (ConfUtils.java:logGet(46)) - raft.server.leaderelection.leader.step-down.wait-time = 10s (default)
2022-08-04 23:33:12,952 [pool-848-thread-1] INFO  server.RaftServerConfigKeys (ConfUtils.java:logGet(46)) - raft.server.sleep.deviation.threshold = 300ms (default)
2022-08-04 23:33:12,952 [pool-848-thread-1] INFO  server.RaftServer$Division (ServerState.java:<init>(107)) - d1929e7c-bce5-4a44-9038-4ac351dcfd7d@group-8704277F50A1: ConfigurationManager, init=-1: [d1929e7c-bce5-4a44-9038-4ac351dcfd7d|rpc:10.1.0.37:45277|priority:1], old=null, confs=<EMPTY_MAP>
2022-08-04 23:33:12,952 [pool-848-thread-1] INFO  server.RaftServerConfigKeys (ConfUtils.java:logGet(46)) - raft.server.storage.dir = [/home/runner/work/ozone/ozone/hadoop-ozone/integration-test/target/test-dir/MiniOzoneClusterImpl-f8ed8ae5-4e76-40f1-a193-ab9d13fb0c59/datanode-2/data/ratis] (custom)
2022-08-04 23:33:12,952 [pool-848-thread-1] INFO  server.RaftServerConfigKeys (ConfUtils.java:logGet(46)) - raft.server.log.corruption.policy = EXCEPTION (default)
2022-08-04 23:33:12,952 [pool-848-thread-1] INFO  server.RaftServerConfigKeys (ConfUtils.java:logGet(46)) - raft.server.storage.free-space.min = 0MB (=0) (default)
2022-08-04 23:33:12,952 [pool-848-thread-1] INFO  storage.RaftStorageDirectory (RaftStorageDirectoryImpl.java:analyzeStorage(135)) - The storage directory /home/runner/work/ozone/ozone/hadoop-ozone/integration-test/target/test-dir/MiniOzoneClusterImpl-f8ed8ae5-4e76-40f1-a193-ab9d13fb0c59/datanode-2/data/ratis/dce9cce4-335f-423c-a946-8704277f50a1 does not exist. Creating ...
2022-08-04 23:33:12,966 [pool-848-thread-1] INFO  storage.RaftStorageDirectory (RaftStorageDirectoryImpl.java:tryLock(230)) - Lock on /home/runner/work/ozone/ozone/hadoop-ozone/integration-test/target/test-dir/MiniOzoneClusterImpl-f8ed8ae5-4e76-40f1-a193-ab9d13fb0c59/datanode-2/data/ratis/dce9cce4-335f-423c-a946-8704277f50a1/in_use.lock acquired by nodename 5725@fv-az241-597
2022-08-04 23:33:12,971 [pool-848-thread-1] INFO  storage.RaftStorage (RaftStorageImpl.java:format(89)) - Storage directory /home/runner/work/ozone/ozone/hadoop-ozone/integration-test/target/test-dir/MiniOzoneClusterImpl-f8ed8ae5-4e76-40f1-a193-ab9d13fb0c59/datanode-2/data/ratis/dce9cce4-335f-423c-a946-8704277f50a1 has been successfully formatted.
2022-08-04 23:33:12,976 [EventQueue-PipelineReportForPipelineReportHandler] INFO  pipeline.PipelineManagerImpl (PipelineManagerImpl.java:openPipeline(367)) - Pipeline Pipeline[ Id: dce9cce4-335f-423c-a946-8704277f50a1, Nodes: d1929e7c-bce5-4a44-9038-4ac351dcfd7d{ip: 10.1.0.37, host: fv-az241-597.bb25ywkzvhnelkltyshw0e441e.jx.internal.cloudapp.net, ports: [REPLICATION=34803, RATIS=45277, RATIS_ADMIN=45277, RATIS_SERVER=45277, STANDALONE=44781], networkLocation: /default-rack, certSerialId: null, persistedOpState: IN_SERVICE, persistedOpStateExpiryEpochSec: 0}, ReplicationConfig: RATIS/ONE, State:ALLOCATED, leaderId:d1929e7c-bce5-4a44-9038-4ac351dcfd7d, CreationTimestamp2022-08-04T23:33:09.953Z[Etc/UTC]] moved to OPEN state
2022-08-04 23:33:12,977 [EventQueue-OpenPipelineForHealthyPipelineSafeModeRule] INFO  safemode.SCMSafeModeManager (HealthyPipelineSafeModeRule.java:process(137)) - SCM in safe mode. Healthy pipelines reported count is 0, required healthy pipeline reported count is 1
2022-08-04 23:33:12,977 [pool-848-thread-1] INFO  ratis.ContainerStateMachine (ContainerStateMachine.java:loadSnapshot(236)) - group-8704277F50A1: The snapshot info is null. Setting the last applied indexto:(t:0, i:~)
2022-08-04 23:33:12,977 [pool-848-thread-1] INFO  server.RaftServerConfigKeys (ConfUtils.java:logGet(46)) - raft.server.notification.no-leader.timeout = 300s (custom)
2022-08-04 23:33:12,977 [pool-848-thread-1] INFO  server.RaftServerConfigKeys (ConfUtils.java:logGet(46)) - raft.server.log.use.memory = false (default)
2022-08-04 23:33:12,977 [pool-848-thread-1] INFO  server.RaftServerConfigKeys (ConfUtils.java:logGet(46)) - raft.server.log.purge.gap = 1000000 (custom)
2022-08-04 23:33:12,977 [pool-848-thread-1] INFO  server.RaftServerConfigKeys (ConfUtils.java:logGet(46)) - raft.server.log.appender.buffer.byte-limit = 33554432 (custom)
2022-08-04 23:33:12,977 [pool-848-thread-1] INFO  server.RaftServerConfigKeys (ConfUtils.java:logGet(46)) - raft.server.log.statemachine.data.read.timeout = 1000ms (default)
2022-08-04 23:33:12,978 [pool-848-thread-1] INFO  server.RaftServerConfigKeys (ConfUtils.java:logGet(46)) - raft.server.log.segment.size.max = 1048576 (custom)
2022-08-04 23:33:12,978 [pool-848-thread-1] INFO  server.RaftServerConfigKeys (ConfUtils.java:logGet(46)) - raft.server.log.segment.cache.num.max = 2 (custom)
2022-08-04 23:33:12,978 [pool-848-thread-1] INFO  server.RaftServerConfigKeys (ConfUtils.java:logGet(46)) - raft.server.log.segment.cache.size.max = 200MB (=209715200) (default)
2022-08-04 23:33:12,978 [pool-848-thread-1] INFO  segmented.SegmentedRaftLogWorker (SegmentedRaftLogWorker.java:<init>(187)) - new d1929e7c-bce5-4a44-9038-4ac351dcfd7d@group-8704277F50A1-SegmentedRaftLogWorker for RaftStorageImpl:Storage Directory /home/runner/work/ozone/ozone/hadoop-ozone/integration-test/target/test-dir/MiniOzoneClusterImpl-f8ed8ae5-4e76-40f1-a193-ab9d13fb0c59/datanode-2/data/ratis/dce9cce4-335f-423c-a946-8704277f50a1
2022-08-04 23:33:12,978 [pool-848-thread-1] INFO  server.RaftServerConfigKeys (ConfUtils.java:logGet(46)) - raft.server.log.queue.byte-limit = 4294967296 (custom)
2022-08-04 23:33:12,978 [pool-848-thread-1] INFO  server.RaftServerConfigKeys (ConfUtils.java:logGet(46)) - raft.server.log.queue.element-limit = 1024 (custom)
2022-08-04 23:33:12,978 [pool-848-thread-1] INFO  server.RaftServerConfigKeys (ConfUtils.java:logGet(46)) - raft.server.log.segment.size.max = 1048576 (custom)
2022-08-04 23:33:12,978 [pool-848-thread-1] INFO  server.RaftServerConfigKeys (ConfUtils.java:logGet(46)) - raft.server.log.preallocated.size = 16384 (custom)
2022-08-04 23:33:12,978 [pool-848-thread-1] INFO  server.RaftServerConfigKeys (ConfUtils.java:logGet(46)) - raft.server.log.force.sync.num = 128 (default)
2022-08-04 23:33:12,978 [pool-848-thread-1] INFO  server.RaftServerConfigKeys (ConfUtils.java:logGet(46)) - raft.server.log.statemachine.data.sync = true (default)
2022-08-04 23:33:12,978 [pool-848-thread-1] INFO  server.RaftServerConfigKeys (ConfUtils.java:logGet(46)) - raft.server.log.statemachine.data.sync.timeout = 10s (default)
2022-08-04 23:33:12,978 [pool-848-thread-1] INFO  server.RaftServerConfigKeys (ConfUtils.java:logGet(46)) - raft.server.log.statemachine.data.sync.timeout.retry = -1 (default)
2022-08-04 23:33:12,979 [pool-848-thread-1] INFO  server.RaftServerConfigKeys (ConfUtils.java:logGet(46)) - raft.server.log.write.buffer.size = 1048576 (custom)
2022-08-04 23:33:12,980 [pool-848-thread-1] INFO  server.RaftServerConfigKeys (ConfUtils.java:logGet(46)) - raft.server.log.unsafe-flush.enabled = false (default)
2022-08-04 23:33:12,980 [pool-848-thread-1] INFO  server.RaftServerConfigKeys (ConfUtils.java:logGet(46)) - raft.server.log.statemachine.data.caching.enabled = true (custom)
2022-08-04 23:33:12,980 [pool-848-thread-1] INFO  segmented.SegmentedRaftLogWorker (SegmentedRaftLogWorker.java:lambda$new$0(135)) - d1929e7c-bce5-4a44-9038-4ac351dcfd7d@group-8704277F50A1-SegmentedRaftLogWorker: flushIndex: setUnconditionally 0 -> -1
2022-08-04 23:33:12,980 [pool-848-thread-1] INFO  segmented.SegmentedRaftLogWorker (SegmentedRaftLogWorker.java:lambda$new$0(135)) - d1929e7c-bce5-4a44-9038-4ac351dcfd7d@group-8704277F50A1-SegmentedRaftLogWorker: safeCacheEvictIndex: setUnconditionally 0 -> -1
2022-08-04 23:33:12,997 [pool-848-thread-1] INFO  server.RaftServerConfigKeys (ConfUtils.java:logGet(46)) - raft.server.snapshot.auto.trigger.enabled = true (custom)
2022-08-04 23:33:12,997 [pool-848-thread-1] INFO  server.RaftServerConfigKeys (ConfUtils.java:logGet(46)) - raft.server.snapshot.auto.trigger.threshold = 10000 (custom)
2022-08-04 23:33:12,997 [pool-848-thread-1] INFO  server.RaftServerConfigKeys (ConfUtils.java:logGet(46)) - raft.server.snapshot.retention.file.num = 5 (custom)
2022-08-04 23:33:12,997 [pool-848-thread-1] INFO  server.RaftServerConfigKeys (ConfUtils.java:logGet(46)) - raft.server.log.purge.upto.snapshot.index = false (default)
2022-08-04 23:33:12,997 [pool-848-thread-1] INFO  server.RaftServerConfigKeys (ConfUtils.java:logGet(46)) - raft.server.retrycache.expirytime = 600000ms (custom)
2022-08-04 23:33:12,997 [pool-848-thread-1] INFO  server.RaftServerConfigKeys (ConfUtils.java:logGet(46)) - raft.server.retrycache.statistics.expirytime = 100μs (default)
2022-08-04 23:33:12,998 [pool-848-thread-1] INFO  server.RaftServerConfigKeys (ConfUtils.java:logGet(46)) - raft.server.log.appender.install.snapshot.enabled = false (custom)
2022-08-04 23:33:12,998 [pool-848-thread-1] INFO  server.RaftServerConfigKeys (ConfUtils.java:logGet(46)) - raft.server.threadpool.server.cached = true (default)
2022-08-04 23:33:12,998 [pool-848-thread-1] INFO  server.RaftServerConfigKeys (ConfUtils.java:logGet(46)) - raft.server.threadpool.server.size = 0 (default)
2022-08-04 23:33:12,999 [pool-848-thread-1] INFO  server.RaftServerConfigKeys (ConfUtils.java:logGet(46)) - raft.server.threadpool.client.cached = true (default)
2022-08-04 23:33:12,999 [pool-848-thread-1] INFO  server.RaftServerConfigKeys (ConfUtils.java:logGet(46)) - raft.server.threadpool.client.size = 0 (default)
2022-08-04 23:33:12,999 [pool-848-thread-1] INFO  server.RaftServer$Division (RaftServerImpl.java:start(310)) - d1929e7c-bce5-4a44-9038-4ac351dcfd7d@group-8704277F50A1: start as a follower, conf=-1: [d1929e7c-bce5-4a44-9038-4ac351dcfd7d|rpc:10.1.0.37:45277|priority:1], old=null
2022-08-04 23:33:12,999 [pool-848-thread-1] INFO  server.RaftServer$Division (RaftServerImpl.java:setRole(299)) - d1929e7c-bce5-4a44-9038-4ac351dcfd7d@group-8704277F50A1: changes role from      null to FOLLOWER at term 0 for startAsFollower
2022-08-04 23:33:12,999 [pool-848-thread-1] INFO  impl.RoleInfo (RoleInfo.java:updateAndGet(139)) - d1929e7c-bce5-4a44-9038-4ac351dcfd7d: start d1929e7c-bce5-4a44-9038-4ac351dcfd7d@group-8704277F50A1-FollowerState
2022-08-04 23:33:13,030 [pool-848-thread-1] INFO  util.JmxRegister (JmxRegister.java:tryRegister(44)) - Successfully registered JMX Bean with object name Ratis:service=RaftServer,group=group-8704277F50A1,id=d1929e7c-bce5-4a44-9038-4ac351dcfd7d
2022-08-04 23:33:13,031 [Command processor thread] INFO  ratis.XceiverServerRatis (XceiverServerRatis.java:addGroup(765)) - Created group PipelineID=dce9cce4-335f-423c-a946-8704277f50a1
2022-08-04 23:33:13,031 [Command processor thread] INFO  commandhandler.CreatePipelineCommandHandler (CreatePipelineCommandHandler.java:handle(113)) - Created Pipeline RATIS ONE PipelineID=dce9cce4-335f-423c-a946-8704277f50a1.
2022-08-04 23:33:13,918 [Listener at 127.0.0.1/43985] INFO  ozone.MiniOzoneClusterImpl (MiniOzoneClusterImpl.java:lambda$waitForClusterToBeReady$0(216)) - Nodes are ready. Got 3 of 3 DN Heartbeats.
2022-08-04 23:33:13,918 [Listener at 127.0.0.1/43985] INFO  ozone.MiniOzoneClusterImpl (MiniOzoneClusterImpl.java:lambda$waitForClusterToBeReady$0(219)) - Waiting for cluster to exit safe mode
2022-08-04 23:33:13,918 [Listener at 127.0.0.1/43985] INFO  ozone.MiniOzoneClusterImpl (MiniOzoneClusterImpl.java:lambda$waitForClusterToBeReady$0(221)) - SCM became leader
2022-08-04 23:33:14,919 [Listener at 127.0.0.1/43985] INFO  ozone.MiniOzoneClusterImpl (MiniOzoneClusterImpl.java:lambda$waitForClusterToBeReady$0(216)) - Nodes are ready. Got 3 of 3 DN Heartbeats.
2022-08-04 23:33:14,919 [Listener at 127.0.0.1/43985] INFO  ozone.MiniOzoneClusterImpl (MiniOzoneClusterImpl.java:lambda$waitForClusterToBeReady$0(219)) - Waiting for cluster to exit safe mode
2022-08-04 23:33:14,919 [Listener at 127.0.0.1/43985] INFO  ozone.MiniOzoneClusterImpl (MiniOzoneClusterImpl.java:lambda$waitForClusterToBeReady$0(221)) - SCM became leader
2022-08-04 23:33:15,920 [Listener at 127.0.0.1/43985] INFO  ozone.MiniOzoneClusterImpl (MiniOzoneClusterImpl.java:lambda$waitForClusterToBeReady$0(216)) - Nodes are ready. Got 3 of 3 DN Heartbeats.
2022-08-04 23:33:15,920 [Listener at 127.0.0.1/43985] INFO  ozone.MiniOzoneClusterImpl (MiniOzoneClusterImpl.java:lambda$waitForClusterToBeReady$0(219)) - Waiting for cluster to exit safe mode
2022-08-04 23:33:15,920 [Listener at 127.0.0.1/43985] INFO  ozone.MiniOzoneClusterImpl (MiniOzoneClusterImpl.java:lambda$waitForClusterToBeReady$0(221)) - SCM became leader
2022-08-04 23:33:16,521 [b786a278-2a24-4ec7-9aa8-d18b8d900ce5@group-D3A0B01A3209-FollowerState] INFO  impl.FollowerState (FollowerState.java:run(143)) - b786a278-2a24-4ec7-9aa8-d18b8d900ce5@group-D3A0B01A3209-FollowerState: change to CANDIDATE, lastRpcElapsedTime:5147692903ns, electionTimeout:5141ms
2022-08-04 23:33:16,521 [b786a278-2a24-4ec7-9aa8-d18b8d900ce5@group-D3A0B01A3209-FollowerState] INFO  impl.RoleInfo (RoleInfo.java:shutdownFollowerState(110)) - b786a278-2a24-4ec7-9aa8-d18b8d900ce5: shutdown b786a278-2a24-4ec7-9aa8-d18b8d900ce5@group-D3A0B01A3209-FollowerState
2022-08-04 23:33:16,521 [b786a278-2a24-4ec7-9aa8-d18b8d900ce5@group-D3A0B01A3209-FollowerState] INFO  server.RaftServer$Division (RaftServerImpl.java:setRole(299)) - b786a278-2a24-4ec7-9aa8-d18b8d900ce5@group-D3A0B01A3209: changes role from  FOLLOWER to CANDIDATE at term 0 for changeToCandidate
2022-08-04 23:33:16,521 [b786a278-2a24-4ec7-9aa8-d18b8d900ce5@group-D3A0B01A3209-FollowerState] INFO  server.RaftServerConfigKeys (ConfUtils.java:logGet(46)) - raft.server.leaderelection.pre-vote = false (custom)
2022-08-04 23:33:16,521 [b786a278-2a24-4ec7-9aa8-d18b8d900ce5@group-D3A0B01A3209-FollowerState] INFO  impl.RoleInfo (RoleInfo.java:updateAndGet(139)) - b786a278-2a24-4ec7-9aa8-d18b8d900ce5: start b786a278-2a24-4ec7-9aa8-d18b8d900ce5@group-D3A0B01A3209-LeaderElection59
2022-08-04 23:33:16,553 [b786a278-2a24-4ec7-9aa8-d18b8d900ce5@group-59B161CAA631-FollowerState] INFO  impl.FollowerState (FollowerState.java:run(143)) - b786a278-2a24-4ec7-9aa8-d18b8d900ce5@group-59B161CAA631-FollowerState: change to CANDIDATE, lastRpcElapsedTime:5142821569ns, electionTimeout:5142ms
2022-08-04 23:33:16,553 [b786a278-2a24-4ec7-9aa8-d18b8d900ce5@group-59B161CAA631-FollowerState] INFO  impl.RoleInfo (RoleInfo.java:shutdownFollowerState(110)) - b786a278-2a24-4ec7-9aa8-d18b8d900ce5: shutdown b786a278-2a24-4ec7-9aa8-d18b8d900ce5@group-59B161CAA631-FollowerState
2022-08-04 23:33:16,553 [b786a278-2a24-4ec7-9aa8-d18b8d900ce5@group-59B161CAA631-FollowerState] INFO  server.RaftServer$Division (RaftServerImpl.java:setRole(299)) - b786a278-2a24-4ec7-9aa8-d18b8d900ce5@group-59B161CAA631: changes role from  FOLLOWER to CANDIDATE at term 0 for changeToCandidate
2022-08-04 23:33:16,553 [b786a278-2a24-4ec7-9aa8-d18b8d900ce5@group-59B161CAA631-FollowerState] INFO  server.RaftServerConfigKeys (ConfUtils.java:logGet(46)) - raft.server.leaderelection.pre-vote = false (custom)
2022-08-04 23:33:16,553 [b786a278-2a24-4ec7-9aa8-d18b8d900ce5@group-59B161CAA631-FollowerState] INFO  impl.RoleInfo (RoleInfo.java:updateAndGet(139)) - b786a278-2a24-4ec7-9aa8-d18b8d900ce5: start b786a278-2a24-4ec7-9aa8-d18b8d900ce5@group-59B161CAA631-LeaderElection60
2022-08-04 23:33:16,574 [b786a278-2a24-4ec7-9aa8-d18b8d900ce5@group-D3A0B01A3209-LeaderElection59] INFO  impl.LeaderElection (LeaderElection.java:askForVotes(310)) - b786a278-2a24-4ec7-9aa8-d18b8d900ce5@group-D3A0B01A3209-LeaderElection59 ELECTION round 0: submit vote requests at term 1 for -1: [b786a278-2a24-4ec7-9aa8-d18b8d900ce5|rpc:10.1.0.37:44407|priority:1], old=null
2022-08-04 23:33:16,574 [b786a278-2a24-4ec7-9aa8-d18b8d900ce5@group-D3A0B01A3209-LeaderElection59] INFO  impl.LeaderElection (LeaderElection.java:askForVotes(312)) - b786a278-2a24-4ec7-9aa8-d18b8d900ce5@group-D3A0B01A3209-LeaderElection59 ELECTION round 0: result PASSED (term=1)
2022-08-04 23:33:16,574 [b786a278-2a24-4ec7-9aa8-d18b8d900ce5@group-D3A0B01A3209-LeaderElection59] INFO  impl.RoleInfo (RoleInfo.java:shutdownLeaderElection(130)) - b786a278-2a24-4ec7-9aa8-d18b8d900ce5: shutdown b786a278-2a24-4ec7-9aa8-d18b8d900ce5@group-D3A0B01A3209-LeaderElection59
2022-08-04 23:33:16,574 [b786a278-2a24-4ec7-9aa8-d18b8d900ce5@group-D3A0B01A3209-LeaderElection59] INFO  server.RaftServer$Division (RaftServerImpl.java:setRole(299)) - b786a278-2a24-4ec7-9aa8-d18b8d900ce5@group-D3A0B01A3209: changes role from CANDIDATE to LEADER at term 1 for changeToLeader
2022-08-04 23:33:16,574 [b786a278-2a24-4ec7-9aa8-d18b8d900ce5@group-D3A0B01A3209-LeaderElection59] INFO  ratis.XceiverServerRatis (XceiverServerRatis.java:handleLeaderChangedNotification(863)) - Leader change notification received for group: group-D3A0B01A3209 with new leaderId: b786a278-2a24-4ec7-9aa8-d18b8d900ce5
2022-08-04 23:33:16,574 [b786a278-2a24-4ec7-9aa8-d18b8d900ce5@group-D3A0B01A3209-LeaderElection59] INFO  server.RaftServer$Division (ServerState.java:setLeader(287)) - b786a278-2a24-4ec7-9aa8-d18b8d900ce5@group-D3A0B01A3209: change Leader from null to b786a278-2a24-4ec7-9aa8-d18b8d900ce5 at term 1 for becomeLeader, leader elected after 5278ms
2022-08-04 23:33:16,574 [b786a278-2a24-4ec7-9aa8-d18b8d900ce5@group-D3A0B01A3209-LeaderElection59] INFO  server.RaftServerConfigKeys (ConfUtils.java:logGet(46)) - raft.server.staging.catchup.gap = 1000 (default)
2022-08-04 23:33:16,574 [b786a278-2a24-4ec7-9aa8-d18b8d900ce5@group-D3A0B01A3209-LeaderElection59] INFO  server.RaftServerConfigKeys (ConfUtils.java:logGet(46)) - raft.server.write.element-limit = 1024 (custom)
2022-08-04 23:33:16,575 [b786a278-2a24-4ec7-9aa8-d18b8d900ce5@group-D3A0B01A3209-LeaderElection59] INFO  server.RaftServerConfigKeys (ConfUtils.java:logGet(46)) - raft.server.write.byte-limit = 1024 M (=1073741824) (custom)
2022-08-04 23:33:16,575 [b786a278-2a24-4ec7-9aa8-d18b8d900ce5@group-D3A0B01A3209-LeaderElection59] INFO  server.RaftServerConfigKeys (ConfUtils.java:logGet(46)) - raft.server.watch.timeout = 180s (custom)
2022-08-04 23:33:16,575 [b786a278-2a24-4ec7-9aa8-d18b8d900ce5@group-D3A0B01A3209-LeaderElection59] INFO  server.RaftServerConfigKeys (ConfUtils.java:logGet(46)) - raft.server.watch.timeout.denomination = 1s (default)
2022-08-04 23:33:16,575 [b786a278-2a24-4ec7-9aa8-d18b8d900ce5@group-D3A0B01A3209-LeaderElection59] INFO  server.RaftServerConfigKeys (ConfUtils.java:logGet(46)) - raft.server.watch.element-limit = 65536 (default)
2022-08-04 23:33:16,575 [b786a278-2a24-4ec7-9aa8-d18b8d900ce5@group-D3A0B01A3209-LeaderElection59] INFO  server.RaftServerConfigKeys (ConfUtils.java:logGet(46)) - raft.server.write.element-limit = 1024 (custom)
2022-08-04 23:33:16,575 [b786a278-2a24-4ec7-9aa8-d18b8d900ce5@group-D3A0B01A3209-LeaderElection59] INFO  server.RaftServerConfigKeys (ConfUtils.java:logGet(46)) - raft.server.write.follower.gap.ratio.max = -1.0 (default)
2022-08-04 23:33:16,576 [b786a278-2a24-4ec7-9aa8-d18b8d900ce5@group-D3A0B01A3209-LeaderElection59] INFO  impl.RoleInfo (RoleInfo.java:updateAndGet(139)) - b786a278-2a24-4ec7-9aa8-d18b8d900ce5: start b786a278-2a24-4ec7-9aa8-d18b8d900ce5@group-D3A0B01A3209-LeaderStateImpl
2022-08-04 23:33:16,576 [b786a278-2a24-4ec7-9aa8-d18b8d900ce5@group-D3A0B01A3209-LeaderElection59] INFO  segmented.SegmentedRaftLogWorker (SegmentedRaftLogWorker.java:startLogSegment(425)) - b786a278-2a24-4ec7-9aa8-d18b8d900ce5@group-D3A0B01A3209-SegmentedRaftLogWorker: Starting segment from index:0
2022-08-04 23:33:16,576 [EventQueue-OpenPipelineForHealthyPipelineSafeModeRule] INFO  safemode.SCMSafeModeManager (HealthyPipelineSafeModeRule.java:process(137)) - SCM in safe mode. Healthy pipelines reported count is 0, required healthy pipeline reported count is 1
2022-08-04 23:33:16,580 [b786a278-2a24-4ec7-9aa8-d18b8d900ce5@group-D3A0B01A3209-LeaderElection59] INFO  server.RaftServer$Division (ServerState.java:setRaftConf(393)) - b786a278-2a24-4ec7-9aa8-d18b8d900ce5@group-D3A0B01A3209: set configuration 0: [b786a278-2a24-4ec7-9aa8-d18b8d900ce5|rpc:10.1.0.37:44407|dataStream:|priority:1], old=null
2022-08-04 23:33:16,605 [b786a278-2a24-4ec7-9aa8-d18b8d900ce5@group-D3A0B01A3209-SegmentedRaftLogWorker] INFO  segmented.SegmentedRaftLogWorker (SegmentedRaftLogWorker.java:execute(629)) - b786a278-2a24-4ec7-9aa8-d18b8d900ce5@group-D3A0B01A3209-SegmentedRaftLogWorker: created new log segment /home/runner/work/ozone/ozone/hadoop-ozone/integration-test/target/test-dir/MiniOzoneClusterImpl-f8ed8ae5-4e76-40f1-a193-ab9d13fb0c59/datanode-0/data/ratis/19e8b4d0-208a-4f4a-a7ef-d3a0b01a3209/current/log_inprogress_0
2022-08-04 23:33:16,607 [b786a278-2a24-4ec7-9aa8-d18b8d900ce5@group-59B161CAA631-LeaderElection60] INFO  impl.LeaderElection (LeaderElection.java:askForVotes(310)) - b786a278-2a24-4ec7-9aa8-d18b8d900ce5@group-59B161CAA631-LeaderElection60 ELECTION round 0: submit vote requests at term 1 for -1: [46498e79-339e-4043-98fa-d899ecef5ee7|rpc:10.1.0.37:37807|priority:0, b786a278-2a24-4ec7-9aa8-d18b8d900ce5|rpc:10.1.0.37:44407|priority:0, d1929e7c-bce5-4a44-9038-4ac351dcfd7d|rpc:10.1.0.37:45277|priority:1], old=null
2022-08-04 23:33:16,640 [grpc-default-executor-0] INFO  server.RaftServer$Division (RaftServerImpl.java:requestVote(1152)) - 46498e79-339e-4043-98fa-d899ecef5ee7@group-59B161CAA631: receive requestVote(ELECTION, b786a278-2a24-4ec7-9aa8-d18b8d900ce5, group-59B161CAA631, 1, (t:0, i:0))
2022-08-04 23:33:16,640 [grpc-default-executor-0] INFO  impl.VoteContext (VoteContext.java:log(48)) - 46498e79-339e-4043-98fa-d899ecef5ee7@group-59B161CAA631-FOLLOWER: accept ELECTION from b786a278-2a24-4ec7-9aa8-d18b8d900ce5: our priority 0 <= candidate's priority 0
2022-08-04 23:33:16,640 [grpc-default-executor-0] INFO  server.RaftServer$Division (RaftServerImpl.java:setRole(299)) - 46498e79-339e-4043-98fa-d899ecef5ee7@group-59B161CAA631: changes role from  FOLLOWER to FOLLOWER at term 1 for candidate:b786a278-2a24-4ec7-9aa8-d18b8d900ce5
2022-08-04 23:33:16,640 [grpc-default-executor-0] INFO  impl.RoleInfo (RoleInfo.java:shutdownFollowerState(110)) - 46498e79-339e-4043-98fa-d899ecef5ee7: shutdown 46498e79-339e-4043-98fa-d899ecef5ee7@group-59B161CAA631-FollowerState
2022-08-04 23:33:16,641 [grpc-default-executor-0] INFO  impl.RoleInfo (RoleInfo.java:updateAndGet(139)) - 46498e79-339e-4043-98fa-d899ecef5ee7: start 46498e79-339e-4043-98fa-d899ecef5ee7@group-59B161CAA631-FollowerState
2022-08-04 23:33:16,641 [46498e79-339e-4043-98fa-d899ecef5ee7@group-59B161CAA631-FollowerState] INFO  impl.FollowerState (FollowerState.java:run(152)) - 46498e79-339e-4043-98fa-d899ecef5ee7@group-59B161CAA631-FollowerState was interrupted
2022-08-04 23:33:16,654 [grpc-default-executor-0] INFO  server.RaftServer$Division (RaftServerImpl.java:requestVote(1184)) - 46498e79-339e-4043-98fa-d899ecef5ee7@group-59B161CAA631 replies to ELECTION vote request: b786a278-2a24-4ec7-9aa8-d18b8d900ce5<-46498e79-339e-4043-98fa-d899ecef5ee7#0:OK-t1. Peer's state: 46498e79-339e-4043-98fa-d899ecef5ee7@group-59B161CAA631:t1, leader=null, voted=b786a278-2a24-4ec7-9aa8-d18b8d900ce5, raftlog=46498e79-339e-4043-98fa-d899ecef5ee7@group-59B161CAA631-SegmentedRaftLog:OPENED:c-1, conf=-1: [46498e79-339e-4043-98fa-d899ecef5ee7|rpc:10.1.0.37:37807|dataStream:|priority:0, b786a278-2a24-4ec7-9aa8-d18b8d900ce5|rpc:10.1.0.37:44407|dataStream:|priority:0, d1929e7c-bce5-4a44-9038-4ac351dcfd7d|rpc:10.1.0.37:45277|dataStream:|priority:1], old=null
2022-08-04 23:33:16,721 [grpc-default-executor-0] INFO  server.RaftServer$Division (RaftServerImpl.java:requestVote(1152)) - d1929e7c-bce5-4a44-9038-4ac351dcfd7d@group-59B161CAA631: receive requestVote(ELECTION, b786a278-2a24-4ec7-9aa8-d18b8d900ce5, group-59B161CAA631, 1, (t:0, i:0))
2022-08-04 23:33:16,721 [grpc-default-executor-0] INFO  impl.VoteContext (VoteContext.java:log(48)) - d1929e7c-bce5-4a44-9038-4ac351dcfd7d@group-59B161CAA631-FOLLOWER: reject ELECTION from b786a278-2a24-4ec7-9aa8-d18b8d900ce5: our priority 1 > candidate's priority 0
2022-08-04 23:33:16,721 [grpc-default-executor-0] INFO  server.RaftServer$Division (RaftServerImpl.java:setRole(299)) - d1929e7c-bce5-4a44-9038-4ac351dcfd7d@group-59B161CAA631: changes role from  FOLLOWER to FOLLOWER at term 1 for candidate:b786a278-2a24-4ec7-9aa8-d18b8d900ce5
2022-08-04 23:33:16,721 [grpc-default-executor-0] INFO  impl.RoleInfo (RoleInfo.java:shutdownFollowerState(110)) - d1929e7c-bce5-4a44-9038-4ac351dcfd7d: shutdown d1929e7c-bce5-4a44-9038-4ac351dcfd7d@group-59B161CAA631-FollowerState
2022-08-04 23:33:16,721 [grpc-default-executor-0] INFO  impl.RoleInfo (RoleInfo.java:updateAndGet(139)) - d1929e7c-bce5-4a44-9038-4ac351dcfd7d: start d1929e7c-bce5-4a44-9038-4ac351dcfd7d@group-59B161CAA631-FollowerState
2022-08-04 23:33:16,721 [d1929e7c-bce5-4a44-9038-4ac351dcfd7d@group-59B161CAA631-FollowerState] INFO  impl.FollowerState (FollowerState.java:run(152)) - d1929e7c-bce5-4a44-9038-4ac351dcfd7d@group-59B161CAA631-FollowerState was interrupted
2022-08-04 23:33:16,763 [grpc-default-executor-0] INFO  server.RaftServer$Division (RaftServerImpl.java:requestVote(1184)) - d1929e7c-bce5-4a44-9038-4ac351dcfd7d@group-59B161CAA631 replies to ELECTION vote request: b786a278-2a24-4ec7-9aa8-d18b8d900ce5<-d1929e7c-bce5-4a44-9038-4ac351dcfd7d#0:FAIL-t1. Peer's state: d1929e7c-bce5-4a44-9038-4ac351dcfd7d@group-59B161CAA631:t1, leader=null, voted=null, raftlog=d1929e7c-bce5-4a44-9038-4ac351dcfd7d@group-59B161CAA631-SegmentedRaftLog:OPENED:c-1, conf=-1: [46498e79-339e-4043-98fa-d899ecef5ee7|rpc:10.1.0.37:37807|dataStream:|priority:0, b786a278-2a24-4ec7-9aa8-d18b8d900ce5|rpc:10.1.0.37:44407|dataStream:|priority:0, d1929e7c-bce5-4a44-9038-4ac351dcfd7d|rpc:10.1.0.37:45277|dataStream:|priority:1], old=null
2022-08-04 23:33:16,765 [b786a278-2a24-4ec7-9aa8-d18b8d900ce5@group-59B161CAA631-LeaderElection60] INFO  impl.LeaderElection (LeaderElection.java:logAndReturn(90)) - b786a278-2a24-4ec7-9aa8-d18b8d900ce5@group-59B161CAA631-LeaderElection60: ELECTION REJECTED received 2 response(s) and 0 exception(s):
2022-08-04 23:33:16,765 [b786a278-2a24-4ec7-9aa8-d18b8d900ce5@group-59B161CAA631-LeaderElection60] INFO  impl.LeaderElection (LeaderElection.java:logAndReturn(94)) -   Response 0: b786a278-2a24-4ec7-9aa8-d18b8d900ce5<-46498e79-339e-4043-98fa-d899ecef5ee7#0:OK-t1
2022-08-04 23:33:16,765 [b786a278-2a24-4ec7-9aa8-d18b8d900ce5@group-59B161CAA631-LeaderElection60] INFO  impl.LeaderElection (LeaderElection.java:logAndReturn(94)) -   Response 1: b786a278-2a24-4ec7-9aa8-d18b8d900ce5<-d1929e7c-bce5-4a44-9038-4ac351dcfd7d#0:FAIL-t1
2022-08-04 23:33:16,765 [b786a278-2a24-4ec7-9aa8-d18b8d900ce5@group-59B161CAA631-LeaderElection60] INFO  impl.LeaderElection (LeaderElection.java:askForVotes(312)) - b786a278-2a24-4ec7-9aa8-d18b8d900ce5@group-59B161CAA631-LeaderElection60 ELECTION round 0: result REJECTED
2022-08-04 23:33:16,765 [b786a278-2a24-4ec7-9aa8-d18b8d900ce5@group-59B161CAA631-LeaderElection60] INFO  server.RaftServer$Division (RaftServerImpl.java:setRole(299)) - b786a278-2a24-4ec7-9aa8-d18b8d900ce5@group-59B161CAA631: changes role from CANDIDATE to FOLLOWER at term 1 for REJECTED
2022-08-04 23:33:16,765 [b786a278-2a24-4ec7-9aa8-d18b8d900ce5@group-59B161CAA631-LeaderElection60] INFO  impl.RoleInfo (RoleInfo.java:shutdownLeaderElection(130)) - b786a278-2a24-4ec7-9aa8-d18b8d900ce5: shutdown b786a278-2a24-4ec7-9aa8-d18b8d900ce5@group-59B161CAA631-LeaderElection60
2022-08-04 23:33:16,765 [b786a278-2a24-4ec7-9aa8-d18b8d900ce5@group-59B161CAA631-LeaderElection60] INFO  impl.RoleInfo (RoleInfo.java:updateAndGet(139)) - b786a278-2a24-4ec7-9aa8-d18b8d900ce5: start b786a278-2a24-4ec7-9aa8-d18b8d900ce5@group-59B161CAA631-FollowerState
2022-08-04 23:33:16,868 [b786a278-2a24-4ec7-9aa8-d18b8d900ce5@group-3F198B786EC5-FollowerState] INFO  impl.FollowerState (FollowerState.java:run(143)) - b786a278-2a24-4ec7-9aa8-d18b8d900ce5@group-3F198B786EC5-FollowerState: change to CANDIDATE, lastRpcElapsedTime:5030575986ns, electionTimeout:5025ms
2022-08-04 23:33:16,868 [b786a278-2a24-4ec7-9aa8-d18b8d900ce5@group-3F198B786EC5-FollowerState] INFO  impl.RoleInfo (RoleInfo.java:shutdownFollowerState(110)) - b786a278-2a24-4ec7-9aa8-d18b8d900ce5: shutdown b786a278-2a24-4ec7-9aa8-d18b8d900ce5@group-3F198B786EC5-FollowerState
2022-08-04 23:33:16,868 [b786a278-2a24-4ec7-9aa8-d18b8d900ce5@group-3F198B786EC5-FollowerState] INFO  server.RaftServer$Division (RaftServerImpl.java:setRole(299)) - b786a278-2a24-4ec7-9aa8-d18b8d900ce5@group-3F198B786EC5: changes role from  FOLLOWER to CANDIDATE at term 0 for changeToCandidate
2022-08-04 23:33:16,868 [b786a278-2a24-4ec7-9aa8-d18b8d900ce5@group-3F198B786EC5-FollowerState] INFO  server.RaftServerConfigKeys (ConfUtils.java:logGet(46)) - raft.server.leaderelection.pre-vote = false (custom)
2022-08-04 23:33:16,868 [b786a278-2a24-4ec7-9aa8-d18b8d900ce5@group-3F198B786EC5-FollowerState] INFO  impl.RoleInfo (RoleInfo.java:updateAndGet(139)) - b786a278-2a24-4ec7-9aa8-d18b8d900ce5: start b786a278-2a24-4ec7-9aa8-d18b8d900ce5@group-3F198B786EC5-LeaderElection61
2022-08-04 23:33:16,920 [Listener at 127.0.0.1/43985] INFO  ozone.MiniOzoneClusterImpl (MiniOzoneClusterImpl.java:lambda$waitForClusterToBeReady$0(216)) - Nodes are ready. Got 3 of 3 DN Heartbeats.
2022-08-04 23:33:16,920 [Listener at 127.0.0.1/43985] INFO  ozone.MiniOzoneClusterImpl (MiniOzoneClusterImpl.java:lambda$waitForClusterToBeReady$0(219)) - Waiting for cluster to exit safe mode
2022-08-04 23:33:16,920 [Listener at 127.0.0.1/43985] INFO  ozone.MiniOzoneClusterImpl (MiniOzoneClusterImpl.java:lambda$waitForClusterToBeReady$0(221)) - SCM became leader
2022-08-04 23:33:16,922 [b786a278-2a24-4ec7-9aa8-d18b8d900ce5@group-3F198B786EC5-LeaderElection61] INFO  impl.LeaderElection (LeaderElection.java:askForVotes(310)) - b786a278-2a24-4ec7-9aa8-d18b8d900ce5@group-3F198B786EC5-LeaderElection61 ELECTION round 0: submit vote requests at term 1 for -1: [46498e79-339e-4043-98fa-d899ecef5ee7|rpc:10.1.0.37:37807|priority:1, b786a278-2a24-4ec7-9aa8-d18b8d900ce5|rpc:10.1.0.37:44407|priority:0, d1929e7c-bce5-4a44-9038-4ac351dcfd7d|rpc:10.1.0.37:45277|priority:0], old=null
2022-08-04 23:33:16,964 [grpc-default-executor-0] INFO  server.RaftServer$Division (RaftServerImpl.java:requestVote(1152)) - d1929e7c-bce5-4a44-9038-4ac351dcfd7d@group-3F198B786EC5: receive requestVote(ELECTION, b786a278-2a24-4ec7-9aa8-d18b8d900ce5, group-3F198B786EC5, 1, (t:0, i:0))
2022-08-04 23:33:16,964 [grpc-default-executor-0] INFO  impl.VoteContext (VoteContext.java:log(48)) - d1929e7c-bce5-4a44-9038-4ac351dcfd7d@group-3F198B786EC5-FOLLOWER: accept ELECTION from b786a278-2a24-4ec7-9aa8-d18b8d900ce5: our priority 0 <= candidate's priority 0
2022-08-04 23:33:16,964 [grpc-default-executor-0] INFO  server.RaftServer$Division (RaftServerImpl.java:setRole(299)) - d1929e7c-bce5-4a44-9038-4ac351dcfd7d@group-3F198B786EC5: changes role from  FOLLOWER to FOLLOWER at term 1 for candidate:b786a278-2a24-4ec7-9aa8-d18b8d900ce5
2022-08-04 23:33:16,964 [grpc-default-executor-0] INFO  impl.RoleInfo (RoleInfo.java:shutdownFollowerState(110)) - d1929e7c-bce5-4a44-9038-4ac351dcfd7d: shutdown d1929e7c-bce5-4a44-9038-4ac351dcfd7d@group-3F198B786EC5-FollowerState
2022-08-04 23:33:16,964 [grpc-default-executor-0] INFO  impl.RoleInfo (RoleInfo.java:updateAndGet(139)) - d1929e7c-bce5-4a44-9038-4ac351dcfd7d: start d1929e7c-bce5-4a44-9038-4ac351dcfd7d@group-3F198B786EC5-FollowerState
2022-08-04 23:33:16,964 [d1929e7c-bce5-4a44-9038-4ac351dcfd7d@group-3F198B786EC5-FollowerState] INFO  impl.FollowerState (FollowerState.java:run(152)) - d1929e7c-bce5-4a44-9038-4ac351dcfd7d@group-3F198B786EC5-FollowerState was interrupted
2022-08-04 23:33:16,970 [grpc-default-executor-0] INFO  server.RaftServer$Division (RaftServerImpl.java:requestVote(1184)) - d1929e7c-bce5-4a44-9038-4ac351dcfd7d@group-3F198B786EC5 replies to ELECTION vote request: b786a278-2a24-4ec7-9aa8-d18b8d900ce5<-d1929e7c-bce5-4a44-9038-4ac351dcfd7d#0:OK-t1. Peer's state: d1929e7c-bce5-4a44-9038-4ac351dcfd7d@group-3F198B786EC5:t1, leader=null, voted=b786a278-2a24-4ec7-9aa8-d18b8d900ce5, raftlog=d1929e7c-bce5-4a44-9038-4ac351dcfd7d@group-3F198B786EC5-SegmentedRaftLog:OPENED:c-1, conf=-1: [46498e79-339e-4043-98fa-d899ecef5ee7|rpc:10.1.0.37:37807|dataStream:|priority:1, b786a278-2a24-4ec7-9aa8-d18b8d900ce5|rpc:10.1.0.37:44407|dataStream:|priority:0, d1929e7c-bce5-4a44-9038-4ac351dcfd7d|rpc:10.1.0.37:45277|dataStream:|priority:0], old=null
2022-08-04 23:33:17,007 [grpc-default-executor-1] INFO  server.RaftServer$Division (RaftServerImpl.java:requestVote(1152)) - 46498e79-339e-4043-98fa-d899ecef5ee7@group-3F198B786EC5: receive requestVote(ELECTION, b786a278-2a24-4ec7-9aa8-d18b8d900ce5, group-3F198B786EC5, 1, (t:0, i:0))
2022-08-04 23:33:17,007 [grpc-default-executor-1] INFO  impl.VoteContext (VoteContext.java:log(48)) - 46498e79-339e-4043-98fa-d899ecef5ee7@group-3F198B786EC5-FOLLOWER: reject ELECTION from b786a278-2a24-4ec7-9aa8-d18b8d900ce5: our priority 1 > candidate's priority 0
2022-08-04 23:33:17,007 [grpc-default-executor-1] INFO  server.RaftServer$Division (RaftServerImpl.java:setRole(299)) - 46498e79-339e-4043-98fa-d899ecef5ee7@group-3F198B786EC5: changes role from  FOLLOWER to FOLLOWER at term 1 for candidate:b786a278-2a24-4ec7-9aa8-d18b8d900ce5
2022-08-04 23:33:17,007 [grpc-default-executor-1] INFO  impl.RoleInfo (RoleInfo.java:shutdownFollowerState(110)) - 46498e79-339e-4043-98fa-d899ecef5ee7: shutdown 46498e79-339e-4043-98fa-d899ecef5ee7@group-3F198B786EC5-FollowerState
2022-08-04 23:33:17,008 [grpc-default-executor-1] INFO  impl.RoleInfo (RoleInfo.java:updateAndGet(139)) - 46498e79-339e-4043-98fa-d899ecef5ee7: start 46498e79-339e-4043-98fa-d899ecef5ee7@group-3F198B786EC5-FollowerState
2022-08-04 23:33:17,008 [46498e79-339e-4043-98fa-d899ecef5ee7@group-3F198B786EC5-FollowerState] INFO  impl.FollowerState (FollowerState.java:run(152)) - 46498e79-339e-4043-98fa-d899ecef5ee7@group-3F198B786EC5-FollowerState was interrupted
2022-08-04 23:33:17,012 [grpc-default-executor-1] INFO  server.RaftServer$Division (RaftServerImpl.java:requestVote(1184)) - 46498e79-339e-4043-98fa-d899ecef5ee7@group-3F198B786EC5 replies to ELECTION vote request: b786a278-2a24-4ec7-9aa8-d18b8d900ce5<-46498e79-339e-4043-98fa-d899ecef5ee7#0:FAIL-t1. Peer's state: 46498e79-339e-4043-98fa-d899ecef5ee7@group-3F198B786EC5:t1, leader=null, voted=null, raftlog=46498e79-339e-4043-98fa-d899ecef5ee7@group-3F198B786EC5-SegmentedRaftLog:OPENED:c-1, conf=-1: [46498e79-339e-4043-98fa-d899ecef5ee7|rpc:10.1.0.37:37807|dataStream:|priority:1, b786a278-2a24-4ec7-9aa8-d18b8d900ce5|rpc:10.1.0.37:44407|dataStream:|priority:0, d1929e7c-bce5-4a44-9038-4ac351dcfd7d|rpc:10.1.0.37:45277|dataStream:|priority:0], old=null
2022-08-04 23:33:17,013 [b786a278-2a24-4ec7-9aa8-d18b8d900ce5@group-3F198B786EC5-LeaderElection61] INFO  impl.LeaderElection (LeaderElection.java:logAndReturn(90)) - b786a278-2a24-4ec7-9aa8-d18b8d900ce5@group-3F198B786EC5-LeaderElection61: ELECTION REJECTED received 2 response(s) and 0 exception(s):
2022-08-04 23:33:17,013 [b786a278-2a24-4ec7-9aa8-d18b8d900ce5@group-3F198B786EC5-LeaderElection61] INFO  impl.LeaderElection (LeaderElection.java:logAndReturn(94)) -   Response 0: b786a278-2a24-4ec7-9aa8-d18b8d900ce5<-46498e79-339e-4043-98fa-d899ecef5ee7#0:FAIL-t1
2022-08-04 23:33:17,013 [b786a278-2a24-4ec7-9aa8-d18b8d900ce5@group-3F198B786EC5-LeaderElection61] INFO  impl.LeaderElection (LeaderElection.java:logAndReturn(94)) -   Response 1: b786a278-2a24-4ec7-9aa8-d18b8d900ce5<-d1929e7c-bce5-4a44-9038-4ac351dcfd7d#0:OK-t1
2022-08-04 23:33:17,013 [b786a278-2a24-4ec7-9aa8-d18b8d900ce5@group-3F198B786EC5-LeaderElection61] INFO  impl.LeaderElection (LeaderElection.java:askForVotes(312)) - b786a278-2a24-4ec7-9aa8-d18b8d900ce5@group-3F198B786EC5-LeaderElection61 ELECTION round 0: result REJECTED
2022-08-04 23:33:17,013 [b786a278-2a24-4ec7-9aa8-d18b8d900ce5@group-3F198B786EC5-LeaderElection61] INFO  server.RaftServer$Division (RaftServerImpl.java:setRole(299)) - b786a278-2a24-4ec7-9aa8-d18b8d900ce5@group-3F198B786EC5: changes role from CANDIDATE to FOLLOWER at term 1 for REJECTED
2022-08-04 23:33:17,013 [b786a278-2a24-4ec7-9aa8-d18b8d900ce5@group-3F198B786EC5-LeaderElection61] INFO  impl.RoleInfo (RoleInfo.java:shutdownLeaderElection(130)) - b786a278-2a24-4ec7-9aa8-d18b8d900ce5: shutdown b786a278-2a24-4ec7-9aa8-d18b8d900ce5@group-3F198B786EC5-LeaderElection61
2022-08-04 23:33:17,013 [b786a278-2a24-4ec7-9aa8-d18b8d900ce5@group-3F198B786EC5-LeaderElection61] INFO  impl.RoleInfo (RoleInfo.java:updateAndGet(139)) - b786a278-2a24-4ec7-9aa8-d18b8d900ce5: start b786a278-2a24-4ec7-9aa8-d18b8d900ce5@group-3F198B786EC5-FollowerState
2022-08-04 23:33:17,346 [46498e79-339e-4043-98fa-d899ecef5ee7@group-A461EF1F21F6-FollowerState] INFO  impl.FollowerState (FollowerState.java:run(143)) - 46498e79-339e-4043-98fa-d899ecef5ee7@group-A461EF1F21F6-FollowerState: change to CANDIDATE, lastRpcElapsedTime:5162102404ns, electionTimeout:5157ms
2022-08-04 23:33:17,346 [46498e79-339e-4043-98fa-d899ecef5ee7@group-A461EF1F21F6-FollowerState] INFO  impl.RoleInfo (RoleInfo.java:shutdownFollowerState(110)) - 46498e79-339e-4043-98fa-d899ecef5ee7: shutdown 46498e79-339e-4043-98fa-d899ecef5ee7@group-A461EF1F21F6-FollowerState
2022-08-04 23:33:17,346 [46498e79-339e-4043-98fa-d899ecef5ee7@group-A461EF1F21F6-FollowerState] INFO  server.RaftServer$Division (RaftServerImpl.java:setRole(299)) - 46498e79-339e-4043-98fa-d899ecef5ee7@group-A461EF1F21F6: changes role from  FOLLOWER to CANDIDATE at term 0 for changeToCandidate
2022-08-04 23:33:17,346 [46498e79-339e-4043-98fa-d899ecef5ee7@group-A461EF1F21F6-FollowerState] INFO  server.RaftServerConfigKeys (ConfUtils.java:logGet(46)) - raft.server.leaderelection.pre-vote = false (custom)
2022-08-04 23:33:17,346 [46498e79-339e-4043-98fa-d899ecef5ee7@group-A461EF1F21F6-FollowerState] INFO  impl.RoleInfo (RoleInfo.java:updateAndGet(139)) - 46498e79-339e-4043-98fa-d899ecef5ee7: start 46498e79-339e-4043-98fa-d899ecef5ee7@group-A461EF1F21F6-LeaderElection62
2022-08-04 23:33:17,352 [UnderReplicatedQueueThreadThread] INFO  replication.UnderReplicatedProcessor (UnderReplicatedProcessor.java:processAll(85)) - Processed 0 under replicated containers, failed processing 0
2022-08-04 23:33:17,366 [OverReplicatedQueueThreadThread] INFO  replication.OverReplicatedProcessor (OverReplicatedProcessor.java:processAll(83)) - Processed 0 over replicated containers, failed processing 0
2022-08-04 23:33:17,403 [46498e79-339e-4043-98fa-d899ecef5ee7@group-A461EF1F21F6-LeaderElection62] INFO  impl.LeaderElection (LeaderElection.java:askForVotes(310)) - 46498e79-339e-4043-98fa-d899ecef5ee7@group-A461EF1F21F6-LeaderElection62 ELECTION round 0: submit vote requests at term 1 for -1: [46498e79-339e-4043-98fa-d899ecef5ee7|rpc:10.1.0.37:37807|priority:1], old=null
2022-08-04 23:33:17,403 [46498e79-339e-4043-98fa-d899ecef5ee7@group-A461EF1F21F6-LeaderElection62] INFO  impl.LeaderElection (LeaderElection.java:askForVotes(312)) - 46498e79-339e-4043-98fa-d899ecef5ee7@group-A461EF1F21F6-LeaderElection62 ELECTION round 0: result PASSED (term=1)
2022-08-04 23:33:17,403 [46498e79-339e-4043-98fa-d899ecef5ee7@group-A461EF1F21F6-LeaderElection62] INFO  impl.RoleInfo (RoleInfo.java:shutdownLeaderElection(130)) - 46498e79-339e-4043-98fa-d899ecef5ee7: shutdown 46498e79-339e-4043-98fa-d899ecef5ee7@group-A461EF1F21F6-LeaderElection62
2022-08-04 23:33:17,403 [46498e79-339e-4043-98fa-d899ecef5ee7@group-A461EF1F21F6-LeaderElection62] INFO  server.RaftServer$Division (RaftServerImpl.java:setRole(299)) - 46498e79-339e-4043-98fa-d899ecef5ee7@group-A461EF1F21F6: changes role from CANDIDATE to LEADER at term 1 for changeToLeader
2022-08-04 23:33:17,403 [46498e79-339e-4043-98fa-d899ecef5ee7@group-A461EF1F21F6-LeaderElection62] INFO  ratis.XceiverServerRatis (XceiverServerRatis.java:handleLeaderChangedNotification(863)) - Leader change notification received for group: group-A461EF1F21F6 with new leaderId: 46498e79-339e-4043-98fa-d899ecef5ee7
2022-08-04 23:33:17,409 [46498e79-339e-4043-98fa-d899ecef5ee7@group-A461EF1F21F6-LeaderElection62] INFO  server.RaftServer$Division (ServerState.java:setLeader(287)) - 46498e79-339e-4043-98fa-d899ecef5ee7@group-A461EF1F21F6: change Leader from null to 46498e79-339e-4043-98fa-d899ecef5ee7 at term 1 for becomeLeader, leader elected after 5235ms
2022-08-04 23:33:17,409 [46498e79-339e-4043-98fa-d899ecef5ee7@group-A461EF1F21F6-LeaderElection62] INFO  server.RaftServerConfigKeys (ConfUtils.java:logGet(46)) - raft.server.staging.catchup.gap = 1000 (default)
2022-08-04 23:33:17,409 [46498e79-339e-4043-98fa-d899ecef5ee7@group-A461EF1F21F6-LeaderElection62] INFO  server.RaftServerConfigKeys (ConfUtils.java:logGet(46)) - raft.server.write.element-limit = 1024 (custom)
2022-08-04 23:33:17,409 [46498e79-339e-4043-98fa-d899ecef5ee7@group-A461EF1F21F6-LeaderElection62] INFO  server.RaftServerConfigKeys (ConfUtils.java:logGet(46)) - raft.server.write.byte-limit = 1024 M (=1073741824) (custom)
2022-08-04 23:33:17,409 [46498e79-339e-4043-98fa-d899ecef5ee7@group-A461EF1F21F6-LeaderElection62] INFO  server.RaftServerConfigKeys (ConfUtils.java:logGet(46)) - raft.server.watch.timeout = 180s (custom)
2022-08-04 23:33:17,415 [46498e79-339e-4043-98fa-d899ecef5ee7@group-A461EF1F21F6-LeaderElection62] INFO  server.RaftServerConfigKeys (ConfUtils.java:logGet(46)) - raft.server.watch.timeout.denomination = 1s (default)
2022-08-04 23:33:17,415 [46498e79-339e-4043-98fa-d899ecef5ee7@group-A461EF1F21F6-LeaderElection62] INFO  server.RaftServerConfigKeys (ConfUtils.java:logGet(46)) - raft.server.watch.element-limit = 65536 (default)
2022-08-04 23:33:17,415 [46498e79-339e-4043-98fa-d899ecef5ee7@group-A461EF1F21F6-LeaderElection62] INFO  server.RaftServerConfigKeys (ConfUtils.java:logGet(46)) - raft.server.write.element-limit = 1024 (custom)
2022-08-04 23:33:17,415 [46498e79-339e-4043-98fa-d899ecef5ee7@group-A461EF1F21F6-LeaderElection62] INFO  server.RaftServerConfigKeys (ConfUtils.java:logGet(46)) - raft.server.write.follower.gap.ratio.max = -1.0 (default)
2022-08-04 23:33:17,415 [46498e79-339e-4043-98fa-d899ecef5ee7@group-A461EF1F21F6-LeaderElection62] INFO  impl.RoleInfo (RoleInfo.java:updateAndGet(139)) - 46498e79-339e-4043-98fa-d899ecef5ee7: start 46498e79-339e-4043-98fa-d899ecef5ee7@group-A461EF1F21F6-LeaderStateImpl
2022-08-04 23:33:17,416 [46498e79-339e-4043-98fa-d899ecef5ee7@group-A461EF1F21F6-LeaderElection62] INFO  segmented.SegmentedRaftLogWorker (SegmentedRaftLogWorker.java:startLogSegment(425)) - 46498e79-339e-4043-98fa-d899ecef5ee7@group-A461EF1F21F6-SegmentedRaftLogWorker: Starting segment from index:0
2022-08-04 23:33:17,409 [EventQueue-OpenPipelineForHealthyPipelineSafeModeRule] INFO  safemode.SCMSafeModeManager (HealthyPipelineSafeModeRule.java:process(137)) - SCM in safe mode. Healthy pipelines reported count is 0, required healthy pipeline reported count is 1
2022-08-04 23:33:17,419 [46498e79-339e-4043-98fa-d899ecef5ee7@group-A461EF1F21F6-SegmentedRaftLogWorker] INFO  segmented.SegmentedRaftLogWorker (SegmentedRaftLogWorker.java:execute(629)) - 46498e79-339e-4043-98fa-d899ecef5ee7@group-A461EF1F21F6-SegmentedRaftLogWorker: created new log segment /home/runner/work/ozone/ozone/hadoop-ozone/integration-test/target/test-dir/MiniOzoneClusterImpl-f8ed8ae5-4e76-40f1-a193-ab9d13fb0c59/datanode-1/data/ratis/21b16b37-ce17-4f5b-b910-a461ef1f21f6/current/log_inprogress_0
2022-08-04 23:33:17,431 [46498e79-339e-4043-98fa-d899ecef5ee7@group-A461EF1F21F6-LeaderElection62] INFO  server.RaftServer$Division (ServerState.java:setRaftConf(393)) - 46498e79-339e-4043-98fa-d899ecef5ee7@group-A461EF1F21F6: set configuration 0: [46498e79-339e-4043-98fa-d899ecef5ee7|rpc:10.1.0.37:37807|dataStream:|priority:1], old=null
2022-08-04 23:33:17,921 [Listener at 127.0.0.1/43985] INFO  ozone.MiniOzoneClusterImpl (MiniOzoneClusterImpl.java:lambda$waitForClusterToBeReady$0(216)) - Nodes are ready. Got 3 of 3 DN Heartbeats.
2022-08-04 23:33:17,921 [Listener at 127.0.0.1/43985] INFO  ozone.MiniOzoneClusterImpl (MiniOzoneClusterImpl.java:lambda$waitForClusterToBeReady$0(219)) - Waiting for cluster to exit safe mode
2022-08-04 23:33:17,921 [Listener at 127.0.0.1/43985] INFO  ozone.MiniOzoneClusterImpl (MiniOzoneClusterImpl.java:lambda$waitForClusterToBeReady$0(221)) - SCM became leader
2022-08-04 23:33:18,114 [d1929e7c-bce5-4a44-9038-4ac351dcfd7d@group-8704277F50A1-FollowerState] INFO  impl.FollowerState (FollowerState.java:run(143)) - d1929e7c-bce5-4a44-9038-4ac351dcfd7d@group-8704277F50A1-FollowerState: change to CANDIDATE, lastRpcElapsedTime:5115574279ns, electionTimeout:5053ms
2022-08-04 23:33:18,115 [d1929e7c-bce5-4a44-9038-4ac351dcfd7d@group-8704277F50A1-FollowerState] INFO  impl.RoleInfo (RoleInfo.java:shutdownFollowerState(110)) - d1929e7c-bce5-4a44-9038-4ac351dcfd7d: shutdown d1929e7c-bce5-4a44-9038-4ac351dcfd7d@group-8704277F50A1-FollowerState
2022-08-04 23:33:18,115 [d1929e7c-bce5-4a44-9038-4ac351dcfd7d@group-8704277F50A1-FollowerState] INFO  server.RaftServer$Division (RaftServerImpl.java:setRole(299)) - d1929e7c-bce5-4a44-9038-4ac351dcfd7d@group-8704277F50A1: changes role from  FOLLOWER to CANDIDATE at term 0 for changeToCandidate
2022-08-04 23:33:18,115 [d1929e7c-bce5-4a44-9038-4ac351dcfd7d@group-8704277F50A1-FollowerState] INFO  server.RaftServerConfigKeys (ConfUtils.java:logGet(46)) - raft.server.leaderelection.pre-vote = false (custom)
2022-08-04 23:33:18,115 [d1929e7c-bce5-4a44-9038-4ac351dcfd7d@group-8704277F50A1-FollowerState] INFO  impl.RoleInfo (RoleInfo.java:updateAndGet(139)) - d1929e7c-bce5-4a44-9038-4ac351dcfd7d: start d1929e7c-bce5-4a44-9038-4ac351dcfd7d@group-8704277F50A1-LeaderElection63
2022-08-04 23:33:18,151 [d1929e7c-bce5-4a44-9038-4ac351dcfd7d@group-8704277F50A1-LeaderElection63] INFO  impl.LeaderElection (LeaderElection.java:askForVotes(310)) - d1929e7c-bce5-4a44-9038-4ac351dcfd7d@group-8704277F50A1-LeaderElection63 ELECTION round 0: submit vote requests at term 1 for -1: [d1929e7c-bce5-4a44-9038-4ac351dcfd7d|rpc:10.1.0.37:45277|priority:1], old=null
2022-08-04 23:33:18,151 [d1929e7c-bce5-4a44-9038-4ac351dcfd7d@group-8704277F50A1-LeaderElection63] INFO  impl.LeaderElection (LeaderElection.java:askForVotes(312)) - d1929e7c-bce5-4a44-9038-4ac351dcfd7d@group-8704277F50A1-LeaderElection63 ELECTION round 0: result PASSED (term=1)
2022-08-04 23:33:18,151 [d1929e7c-bce5-4a44-9038-4ac351dcfd7d@group-8704277F50A1-LeaderElection63] INFO  impl.RoleInfo (RoleInfo.java:shutdownLeaderElection(130)) - d1929e7c-bce5-4a44-9038-4ac351dcfd7d: shutdown d1929e7c-bce5-4a44-9038-4ac351dcfd7d@group-8704277F50A1-LeaderElection63
2022-08-04 23:33:18,151 [d1929e7c-bce5-4a44-9038-4ac351dcfd7d@group-8704277F50A1-LeaderElection63] INFO  server.RaftServer$Division (RaftServerImpl.java:setRole(299)) - d1929e7c-bce5-4a44-9038-4ac351dcfd7d@group-8704277F50A1: changes role from CANDIDATE to LEADER at term 1 for changeToLeader
2022-08-04 23:33:18,151 [d1929e7c-bce5-4a44-9038-4ac351dcfd7d@group-8704277F50A1-LeaderElection63] INFO  ratis.XceiverServerRatis (XceiverServerRatis.java:handleLeaderChangedNotification(863)) - Leader change notification received for group: group-8704277F50A1 with new leaderId: d1929e7c-bce5-4a44-9038-4ac351dcfd7d
2022-08-04 23:33:18,152 [d1929e7c-bce5-4a44-9038-4ac351dcfd7d@group-8704277F50A1-LeaderElection63] INFO  server.RaftServer$Division (ServerState.java:setLeader(287)) - d1929e7c-bce5-4a44-9038-4ac351dcfd7d@group-8704277F50A1: change Leader from null to d1929e7c-bce5-4a44-9038-4ac351dcfd7d at term 1 for becomeLeader, leader elected after 5174ms
2022-08-04 23:33:18,152 [d1929e7c-bce5-4a44-9038-4ac351dcfd7d@group-8704277F50A1-LeaderElection63] INFO  server.RaftServerConfigKeys (ConfUtils.java:logGet(46)) - raft.server.staging.catchup.gap = 1000 (default)
2022-08-04 23:33:18,152 [d1929e7c-bce5-4a44-9038-4ac351dcfd7d@group-8704277F50A1-LeaderElection63] INFO  server.RaftServerConfigKeys (ConfUtils.java:logGet(46)) - raft.server.write.element-limit = 1024 (custom)
2022-08-04 23:33:18,152 [d1929e7c-bce5-4a44-9038-4ac351dcfd7d@group-8704277F50A1-LeaderElection63] INFO  server.RaftServerConfigKeys (ConfUtils.java:logGet(46)) - raft.server.write.byte-limit = 1024 M (=1073741824) (custom)
2022-08-04 23:33:18,152 [d1929e7c-bce5-4a44-9038-4ac351dcfd7d@group-8704277F50A1-LeaderElection63] INFO  server.RaftServerConfigKeys (ConfUtils.java:logGet(46)) - raft.server.watch.timeout = 180s (custom)
2022-08-04 23:33:18,152 [d1929e7c-bce5-4a44-9038-4ac351dcfd7d@group-8704277F50A1-LeaderElection63] INFO  server.RaftServerConfigKeys (ConfUtils.java:logGet(46)) - raft.server.watch.timeout.denomination = 1s (default)
2022-08-04 23:33:18,152 [d1929e7c-bce5-4a44-9038-4ac351dcfd7d@group-8704277F50A1-LeaderElection63] INFO  server.RaftServerConfigKeys (ConfUtils.java:logGet(46)) - raft.server.watch.element-limit = 65536 (default)
2022-08-04 23:33:18,152 [d1929e7c-bce5-4a44-9038-4ac351dcfd7d@group-8704277F50A1-LeaderElection63] INFO  server.RaftServerConfigKeys (ConfUtils.java:logGet(46)) - raft.server.write.element-limit = 1024 (custom)
2022-08-04 23:33:18,152 [d1929e7c-bce5-4a44-9038-4ac351dcfd7d@group-8704277F50A1-LeaderElection63] INFO  server.RaftServerConfigKeys (ConfUtils.java:logGet(46)) - raft.server.write.follower.gap.ratio.max = -1.0 (default)
2022-08-04 23:33:18,153 [d1929e7c-bce5-4a44-9038-4ac351dcfd7d@group-8704277F50A1-LeaderElection63] INFO  impl.RoleInfo (RoleInfo.java:updateAndGet(139)) - d1929e7c-bce5-4a44-9038-4ac351dcfd7d: start d1929e7c-bce5-4a44-9038-4ac351dcfd7d@group-8704277F50A1-LeaderStateImpl
2022-08-04 23:33:18,153 [d1929e7c-bce5-4a44-9038-4ac351dcfd7d@group-8704277F50A1-LeaderElection63] INFO  segmented.SegmentedRaftLogWorker (SegmentedRaftLogWorker.java:startLogSegment(425)) - d1929e7c-bce5-4a44-9038-4ac351dcfd7d@group-8704277F50A1-SegmentedRaftLogWorker: Starting segment from index:0
2022-08-04 23:33:18,155 [EventQueue-OpenPipelineForHealthyPipelineSafeModeRule] INFO  safemode.SCMSafeModeManager (HealthyPipelineSafeModeRule.java:process(137)) - SCM in safe mode. Healthy pipelines reported count is 0, required healthy pipeline reported count is 1
2022-08-04 23:33:18,156 [d1929e7c-bce5-4a44-9038-4ac351dcfd7d@group-8704277F50A1-SegmentedRaftLogWorker] INFO  segmented.SegmentedRaftLogWorker (SegmentedRaftLogWorker.java:execute(629)) - d1929e7c-bce5-4a44-9038-4ac351dcfd7d@group-8704277F50A1-SegmentedRaftLogWorker: created new log segment /home/runner/work/ozone/ozone/hadoop-ozone/integration-test/target/test-dir/MiniOzoneClusterImpl-f8ed8ae5-4e76-40f1-a193-ab9d13fb0c59/datanode-2/data/ratis/dce9cce4-335f-423c-a946-8704277f50a1/current/log_inprogress_0
2022-08-04 23:33:18,176 [d1929e7c-bce5-4a44-9038-4ac351dcfd7d@group-8704277F50A1-LeaderElection63] INFO  server.RaftServer$Division (ServerState.java:setRaftConf(393)) - d1929e7c-bce5-4a44-9038-4ac351dcfd7d@group-8704277F50A1: set configuration 0: [d1929e7c-bce5-4a44-9038-4ac351dcfd7d|rpc:10.1.0.37:45277|dataStream:|priority:1], old=null
2022-08-04 23:33:18,921 [Listener at 127.0.0.1/43985] INFO  ozone.MiniOzoneClusterImpl (MiniOzoneClusterImpl.java:lambda$waitForClusterToBeReady$0(216)) - Nodes are ready. Got 3 of 3 DN Heartbeats.
2022-08-04 23:33:18,921 [Listener at 127.0.0.1/43985] INFO  ozone.MiniOzoneClusterImpl (MiniOzoneClusterImpl.java:lambda$waitForClusterToBeReady$0(219)) - Waiting for cluster to exit safe mode
2022-08-04 23:33:18,921 [Listener at 127.0.0.1/43985] INFO  ozone.MiniOzoneClusterImpl (MiniOzoneClusterImpl.java:lambda$waitForClusterToBeReady$0(221)) - SCM became leader
2022-08-04 23:33:19,922 [Listener at 127.0.0.1/43985] INFO  ozone.MiniOzoneClusterImpl (MiniOzoneClusterImpl.java:lambda$waitForClusterToBeReady$0(216)) - Nodes are ready. Got 3 of 3 DN Heartbeats.
2022-08-04 23:33:19,922 [Listener at 127.0.0.1/43985] INFO  ozone.MiniOzoneClusterImpl (MiniOzoneClusterImpl.java:lambda$waitForClusterToBeReady$0(219)) - Waiting for cluster to exit safe mode
2022-08-04 23:33:19,922 [Listener at 127.0.0.1/43985] INFO  ozone.MiniOzoneClusterImpl (MiniOzoneClusterImpl.java:lambda$waitForClusterToBeReady$0(221)) - SCM became leader
2022-08-04 23:33:20,495 [UnderReplicatedQueueThreadThread] INFO  replication.UnderReplicatedProcessor (UnderReplicatedProcessor.java:processAll(85)) - Processed 0 under replicated containers, failed processing 0
2022-08-04 23:33:20,503 [OverReplicatedQueueThreadThread] INFO  replication.OverReplicatedProcessor (OverReplicatedProcessor.java:processAll(83)) - Processed 0 over replicated containers, failed processing 0
2022-08-04 23:33:20,922 [Listener at 127.0.0.1/43985] INFO  ozone.MiniOzoneClusterImpl (MiniOzoneClusterImpl.java:lambda$waitForClusterToBeReady$0(216)) - Nodes are ready. Got 3 of 3 DN Heartbeats.
2022-08-04 23:33:20,922 [Listener at 127.0.0.1/43985] INFO  ozone.MiniOzoneClusterImpl (MiniOzoneClusterImpl.java:lambda$waitForClusterToBeReady$0(219)) - Waiting for cluster to exit safe mode
2022-08-04 23:33:20,922 [Listener at 127.0.0.1/43985] INFO  ozone.MiniOzoneClusterImpl (MiniOzoneClusterImpl.java:lambda$waitForClusterToBeReady$0(221)) - SCM became leader
2022-08-04 23:33:21,803 [b786a278-2a24-4ec7-9aa8-d18b8d900ce5@group-59B161CAA631-FollowerState] INFO  impl.FollowerState (FollowerState.java:run(143)) - b786a278-2a24-4ec7-9aa8-d18b8d900ce5@group-59B161CAA631-FollowerState: change to CANDIDATE, lastRpcElapsedTime:5037798237ns, electionTimeout:5006ms
2022-08-04 23:33:21,803 [b786a278-2a24-4ec7-9aa8-d18b8d900ce5@group-59B161CAA631-FollowerState] INFO  impl.RoleInfo (RoleInfo.java:shutdownFollowerState(110)) - b786a278-2a24-4ec7-9aa8-d18b8d900ce5: shutdown b786a278-2a24-4ec7-9aa8-d18b8d900ce5@group-59B161CAA631-FollowerState
2022-08-04 23:33:21,803 [b786a278-2a24-4ec7-9aa8-d18b8d900ce5@group-59B161CAA631-FollowerState] INFO  server.RaftServer$Division (RaftServerImpl.java:setRole(299)) - b786a278-2a24-4ec7-9aa8-d18b8d900ce5@group-59B161CAA631: changes role from  FOLLOWER to CANDIDATE at term 1 for changeToCandidate
2022-08-04 23:33:21,803 [b786a278-2a24-4ec7-9aa8-d18b8d900ce5@group-59B161CAA631-FollowerState] INFO  server.RaftServerConfigKeys (ConfUtils.java:logGet(46)) - raft.server.leaderelection.pre-vote = false (custom)
2022-08-04 23:33:21,803 [b786a278-2a24-4ec7-9aa8-d18b8d900ce5@group-59B161CAA631-FollowerState] INFO  impl.RoleInfo (RoleInfo.java:updateAndGet(139)) - b786a278-2a24-4ec7-9aa8-d18b8d900ce5: start b786a278-2a24-4ec7-9aa8-d18b8d900ce5@group-59B161CAA631-LeaderElection64
2022-08-04 23:33:21,842 [46498e79-339e-4043-98fa-d899ecef5ee7@group-59B161CAA631-FollowerState] INFO  impl.FollowerState (FollowerState.java:run(143)) - 46498e79-339e-4043-98fa-d899ecef5ee7@group-59B161CAA631-FollowerState: change to CANDIDATE, lastRpcElapsedTime:5188593788ns, electionTimeout:5177ms
2022-08-04 23:33:21,843 [46498e79-339e-4043-98fa-d899ecef5ee7@group-59B161CAA631-FollowerState] INFO  impl.RoleInfo (RoleInfo.java:shutdownFollowerState(110)) - 46498e79-339e-4043-98fa-d899ecef5ee7: shutdown 46498e79-339e-4043-98fa-d899ecef5ee7@group-59B161CAA631-FollowerState
2022-08-04 23:33:21,843 [46498e79-339e-4043-98fa-d899ecef5ee7@group-59B161CAA631-FollowerState] INFO  server.RaftServer$Division (RaftServerImpl.java:setRole(299)) - 46498e79-339e-4043-98fa-d899ecef5ee7@group-59B161CAA631: changes role from  FOLLOWER to CANDIDATE at term 1 for changeToCandidate
2022-08-04 23:33:21,843 [46498e79-339e-4043-98fa-d899ecef5ee7@group-59B161CAA631-FollowerState] INFO  server.RaftServerConfigKeys (ConfUtils.java:logGet(46)) - raft.server.leaderelection.pre-vote = false (custom)
2022-08-04 23:33:21,843 [46498e79-339e-4043-98fa-d899ecef5ee7@group-59B161CAA631-FollowerState] INFO  impl.RoleInfo (RoleInfo.java:updateAndGet(139)) - 46498e79-339e-4043-98fa-d899ecef5ee7: start 46498e79-339e-4043-98fa-d899ecef5ee7@group-59B161CAA631-LeaderElection65
2022-08-04 23:33:21,862 [46498e79-339e-4043-98fa-d899ecef5ee7@group-59B161CAA631-LeaderElection65] INFO  impl.LeaderElection (LeaderElection.java:askForVotes(310)) - 46498e79-339e-4043-98fa-d899ecef5ee7@group-59B161CAA631-LeaderElection65 ELECTION round 0: submit vote requests at term 2 for -1: [46498e79-339e-4043-98fa-d899ecef5ee7|rpc:10.1.0.37:37807|dataStream:|priority:0, b786a278-2a24-4ec7-9aa8-d18b8d900ce5|rpc:10.1.0.37:44407|dataStream:|priority:0, d1929e7c-bce5-4a44-9038-4ac351dcfd7d|rpc:10.1.0.37:45277|dataStream:|priority:1], old=null
2022-08-04 23:33:21,878 [b786a278-2a24-4ec7-9aa8-d18b8d900ce5@group-59B161CAA631-LeaderElection64] INFO  impl.LeaderElection (LeaderElection.java:askForVotes(310)) - b786a278-2a24-4ec7-9aa8-d18b8d900ce5@group-59B161CAA631-LeaderElection64 ELECTION round 0: submit vote requests at term 2 for -1: [46498e79-339e-4043-98fa-d899ecef5ee7|rpc:10.1.0.37:37807|priority:0, b786a278-2a24-4ec7-9aa8-d18b8d900ce5|rpc:10.1.0.37:44407|priority:0, d1929e7c-bce5-4a44-9038-4ac351dcfd7d|rpc:10.1.0.37:45277|priority:1], old=null
2022-08-04 23:33:21,900 [grpc-default-executor-1] INFO  server.RaftServer$Division (RaftServerImpl.java:requestVote(1152)) - b786a278-2a24-4ec7-9aa8-d18b8d900ce5@group-59B161CAA631: receive requestVote(ELECTION, 46498e79-339e-4043-98fa-d899ecef5ee7, group-59B161CAA631, 2, (t:0, i:0))
2022-08-04 23:33:21,900 [grpc-default-executor-1] INFO  impl.VoteContext (VoteContext.java:log(48)) - b786a278-2a24-4ec7-9aa8-d18b8d900ce5@group-59B161CAA631-CANDIDATE: reject ELECTION from 46498e79-339e-4043-98fa-d899ecef5ee7: already has voted for b786a278-2a24-4ec7-9aa8-d18b8d900ce5 at current term 2
2022-08-04 23:33:21,900 [grpc-default-executor-1] INFO  server.RaftServer$Division (RaftServerImpl.java:requestVote(1184)) - b786a278-2a24-4ec7-9aa8-d18b8d900ce5@group-59B161CAA631 replies to ELECTION vote request: 46498e79-339e-4043-98fa-d899ecef5ee7<-b786a278-2a24-4ec7-9aa8-d18b8d900ce5#0:FAIL-t2. Peer's state: b786a278-2a24-4ec7-9aa8-d18b8d900ce5@group-59B161CAA631:t2, leader=null, voted=b786a278-2a24-4ec7-9aa8-d18b8d900ce5, raftlog=b786a278-2a24-4ec7-9aa8-d18b8d900ce5@group-59B161CAA631-SegmentedRaftLog:OPENED:c-1, conf=-1: [46498e79-339e-4043-98fa-d899ecef5ee7|rpc:10.1.0.37:37807|priority:0, b786a278-2a24-4ec7-9aa8-d18b8d900ce5|rpc:10.1.0.37:44407|priority:0, d1929e7c-bce5-4a44-9038-4ac351dcfd7d|rpc:10.1.0.37:45277|priority:1], old=null
2022-08-04 23:33:21,923 [Listener at 127.0.0.1/43985] INFO  ozone.MiniOzoneClusterImpl (MiniOzoneClusterImpl.java:lambda$waitForClusterToBeReady$0(216)) - Nodes are ready. Got 3 of 3 DN Heartbeats.
2022-08-04 23:33:21,923 [Listener at 127.0.0.1/43985] INFO  ozone.MiniOzoneClusterImpl (MiniOzoneClusterImpl.java:lambda$waitForClusterToBeReady$0(219)) - Waiting for cluster to exit safe mode
2022-08-04 23:33:21,923 [Listener at 127.0.0.1/43985] INFO  ozone.MiniOzoneClusterImpl (MiniOzoneClusterImpl.java:lambda$waitForClusterToBeReady$0(221)) - SCM became leader
2022-08-04 23:33:21,937 [grpc-default-executor-1] INFO  server.RaftServer$Division (RaftServerImpl.java:requestVote(1152)) - 46498e79-339e-4043-98fa-d899ecef5ee7@group-59B161CAA631: receive requestVote(ELECTION, b786a278-2a24-4ec7-9aa8-d18b8d900ce5, group-59B161CAA631, 2, (t:0, i:0))
2022-08-04 23:33:21,937 [grpc-default-executor-1] INFO  impl.VoteContext (VoteContext.java:log(48)) - 46498e79-339e-4043-98fa-d899ecef5ee7@group-59B161CAA631-CANDIDATE: reject ELECTION from b786a278-2a24-4ec7-9aa8-d18b8d900ce5: already has voted for 46498e79-339e-4043-98fa-d899ecef5ee7 at current term 2
2022-08-04 23:33:21,937 [grpc-default-executor-1] INFO  server.RaftServer$Division (RaftServerImpl.java:requestVote(1184)) - 46498e79-339e-4043-98fa-d899ecef5ee7@group-59B161CAA631 replies to ELECTION vote request: b786a278-2a24-4ec7-9aa8-d18b8d900ce5<-46498e79-339e-4043-98fa-d899ecef5ee7#0:FAIL-t2. Peer's state: 46498e79-339e-4043-98fa-d899ecef5ee7@group-59B161CAA631:t2, leader=null, voted=46498e79-339e-4043-98fa-d899ecef5ee7, raftlog=46498e79-339e-4043-98fa-d899ecef5ee7@group-59B161CAA631-SegmentedRaftLog:OPENED:c-1, conf=-1: [46498e79-339e-4043-98fa-d899ecef5ee7|rpc:10.1.0.37:37807|dataStream:|priority:0, b786a278-2a24-4ec7-9aa8-d18b8d900ce5|rpc:10.1.0.37:44407|dataStream:|priority:0, d1929e7c-bce5-4a44-9038-4ac351dcfd7d|rpc:10.1.0.37:45277|dataStream:|priority:1], old=null
2022-08-04 23:33:21,938 [grpc-default-executor-0] INFO  server.RaftServer$Division (RaftServerImpl.java:requestVote(1152)) - d1929e7c-bce5-4a44-9038-4ac351dcfd7d@group-59B161CAA631: receive requestVote(ELECTION, b786a278-2a24-4ec7-9aa8-d18b8d900ce5, group-59B161CAA631, 2, (t:0, i:0))
2022-08-04 23:33:21,938 [grpc-default-executor-0] INFO  impl.VoteContext (VoteContext.java:log(48)) - d1929e7c-bce5-4a44-9038-4ac351dcfd7d@group-59B161CAA631-FOLLOWER: reject ELECTION from b786a278-2a24-4ec7-9aa8-d18b8d900ce5: our priority 1 > candidate's priority 0
2022-08-04 23:33:21,938 [grpc-default-executor-0] INFO  server.RaftServer$Division (RaftServerImpl.java:setRole(299)) - d1929e7c-bce5-4a44-9038-4ac351dcfd7d@group-59B161CAA631: changes role from  FOLLOWER to FOLLOWER at term 2 for candidate:b786a278-2a24-4ec7-9aa8-d18b8d900ce5
2022-08-04 23:33:21,938 [grpc-default-executor-0] INFO  impl.RoleInfo (RoleInfo.java:shutdownFollowerState(110)) - d1929e7c-bce5-4a44-9038-4ac351dcfd7d: shutdown d1929e7c-bce5-4a44-9038-4ac351dcfd7d@group-59B161CAA631-FollowerState
2022-08-04 23:33:21,938 [grpc-default-executor-0] INFO  impl.RoleInfo (RoleInfo.java:updateAndGet(139)) - d1929e7c-bce5-4a44-9038-4ac351dcfd7d: start d1929e7c-bce5-4a44-9038-4ac351dcfd7d@group-59B161CAA631-FollowerState
2022-08-04 23:33:21,938 [d1929e7c-bce5-4a44-9038-4ac351dcfd7d@group-59B161CAA631-FollowerState] INFO  impl.FollowerState (FollowerState.java:run(152)) - d1929e7c-bce5-4a44-9038-4ac351dcfd7d@group-59B161CAA631-FollowerState was interrupted
2022-08-04 23:33:21,942 [grpc-default-executor-0] INFO  server.RaftServer$Division (RaftServerImpl.java:requestVote(1184)) - d1929e7c-bce5-4a44-9038-4ac351dcfd7d@group-59B161CAA631 replies to ELECTION vote request: b786a278-2a24-4ec7-9aa8-d18b8d900ce5<-d1929e7c-bce5-4a44-9038-4ac351dcfd7d#0:FAIL-t2. Peer's state: d1929e7c-bce5-4a44-9038-4ac351dcfd7d@group-59B161CAA631:t2, leader=null, voted=null, raftlog=d1929e7c-bce5-4a44-9038-4ac351dcfd7d@group-59B161CAA631-SegmentedRaftLog:OPENED:c-1, conf=-1: [46498e79-339e-4043-98fa-d899ecef5ee7|rpc:10.1.0.37:37807|dataStream:|priority:0, b786a278-2a24-4ec7-9aa8-d18b8d900ce5|rpc:10.1.0.37:44407|dataStream:|priority:0, d1929e7c-bce5-4a44-9038-4ac351dcfd7d|rpc:10.1.0.37:45277|dataStream:|priority:1], old=null
2022-08-04 23:33:21,954 [b786a278-2a24-4ec7-9aa8-d18b8d900ce5@group-59B161CAA631-LeaderElection64] INFO  impl.LeaderElection (LeaderElection.java:logAndReturn(90)) - b786a278-2a24-4ec7-9aa8-d18b8d900ce5@group-59B161CAA631-LeaderElection64: ELECTION REJECTED received 1 response(s) and 0 exception(s):
2022-08-04 23:33:21,954 [b786a278-2a24-4ec7-9aa8-d18b8d900ce5@group-59B161CAA631-LeaderElection64] INFO  impl.LeaderElection (LeaderElection.java:logAndReturn(94)) -   Response 0: b786a278-2a24-4ec7-9aa8-d18b8d900ce5<-d1929e7c-bce5-4a44-9038-4ac351dcfd7d#0:FAIL-t2
2022-08-04 23:33:21,954 [b786a278-2a24-4ec7-9aa8-d18b8d900ce5@group-59B161CAA631-LeaderElection64] INFO  impl.LeaderElection (LeaderElection.java:askForVotes(312)) - b786a278-2a24-4ec7-9aa8-d18b8d900ce5@group-59B161CAA631-LeaderElection64 ELECTION round 0: result REJECTED
2022-08-04 23:33:21,954 [b786a278-2a24-4ec7-9aa8-d18b8d900ce5@group-59B161CAA631-LeaderElection64] INFO  server.RaftServer$Division (RaftServerImpl.java:setRole(299)) - b786a278-2a24-4ec7-9aa8-d18b8d900ce5@group-59B161CAA631: changes role from CANDIDATE to FOLLOWER at term 2 for REJECTED
2022-08-04 23:33:21,954 [b786a278-2a24-4ec7-9aa8-d18b8d900ce5@group-59B161CAA631-LeaderElection64] INFO  impl.RoleInfo (RoleInfo.java:shutdownLeaderElection(130)) - b786a278-2a24-4ec7-9aa8-d18b8d900ce5: shutdown b786a278-2a24-4ec7-9aa8-d18b8d900ce5@group-59B161CAA631-LeaderElection64
2022-08-04 23:33:21,954 [b786a278-2a24-4ec7-9aa8-d18b8d900ce5@group-59B161CAA631-LeaderElection64] INFO  impl.RoleInfo (RoleInfo.java:updateAndGet(139)) - b786a278-2a24-4ec7-9aa8-d18b8d900ce5: start b786a278-2a24-4ec7-9aa8-d18b8d900ce5@group-59B161CAA631-FollowerState
2022-08-04 23:33:21,975 [grpc-default-executor-1] INFO  server.RaftServer$Division (RaftServerImpl.java:requestVote(1152)) - d1929e7c-bce5-4a44-9038-4ac351dcfd7d@group-59B161CAA631: receive requestVote(ELECTION, 46498e79-339e-4043-98fa-d899ecef5ee7, group-59B161CAA631, 2, (t:0, i:0))
2022-08-04 23:33:21,975 [grpc-default-executor-1] INFO  impl.VoteContext (VoteContext.java:log(48)) - d1929e7c-bce5-4a44-9038-4ac351dcfd7d@group-59B161CAA631-FOLLOWER: reject ELECTION from 46498e79-339e-4043-98fa-d899ecef5ee7: our priority 1 > candidate's priority 0
2022-08-04 23:33:21,975 [grpc-default-executor-1] INFO  server.RaftServer$Division (RaftServerImpl.java:setRole(299)) - d1929e7c-bce5-4a44-9038-4ac351dcfd7d@group-59B161CAA631: changes role from  FOLLOWER to FOLLOWER at term 2 for candidate:46498e79-339e-4043-98fa-d899ecef5ee7
2022-08-04 23:33:21,975 [grpc-default-executor-1] INFO  impl.RoleInfo (RoleInfo.java:shutdownFollowerState(110)) - d1929e7c-bce5-4a44-9038-4ac351dcfd7d: shutdown d1929e7c-bce5-4a44-9038-4ac351dcfd7d@group-59B161CAA631-FollowerState
2022-08-04 23:33:21,976 [grpc-default-executor-1] INFO  impl.RoleInfo (RoleInfo.java:updateAndGet(139)) - d1929e7c-bce5-4a44-9038-4ac351dcfd7d: start d1929e7c-bce5-4a44-9038-4ac351dcfd7d@group-59B161CAA631-FollowerState
2022-08-04 23:33:21,976 [grpc-default-executor-1] INFO  server.RaftServer$Division (RaftServerImpl.java:requestVote(1184)) - d1929e7c-bce5-4a44-9038-4ac351dcfd7d@group-59B161CAA631 replies to ELECTION vote request: 46498e79-339e-4043-98fa-d899ecef5ee7<-d1929e7c-bce5-4a44-9038-4ac351dcfd7d#0:FAIL-t2. Peer's state: d1929e7c-bce5-4a44-9038-4ac351dcfd7d@group-59B161CAA631:t2, leader=null, voted=null, raftlog=d1929e7c-bce5-4a44-9038-4ac351dcfd7d@group-59B161CAA631-SegmentedRaftLog:OPENED:c-1, conf=-1: [46498e79-339e-4043-98fa-d899ecef5ee7|rpc:10.1.0.37:37807|dataStream:|priority:0, b786a278-2a24-4ec7-9aa8-d18b8d900ce5|rpc:10.1.0.37:44407|dataStream:|priority:0, d1929e7c-bce5-4a44-9038-4ac351dcfd7d|rpc:10.1.0.37:45277|dataStream:|priority:1], old=null
2022-08-04 23:33:21,979 [d1929e7c-bce5-4a44-9038-4ac351dcfd7d@group-59B161CAA631-FollowerState] INFO  impl.FollowerState (FollowerState.java:run(152)) - d1929e7c-bce5-4a44-9038-4ac351dcfd7d@group-59B161CAA631-FollowerState was interrupted
2022-08-04 23:33:22,013 [46498e79-339e-4043-98fa-d899ecef5ee7@group-59B161CAA631-LeaderElection65] INFO  impl.LeaderElection (LeaderElection.java:logAndReturn(90)) - 46498e79-339e-4043-98fa-d899ecef5ee7@group-59B161CAA631-LeaderElection65: ELECTION REJECTED received 2 response(s) and 0 exception(s):
2022-08-04 23:33:22,013 [46498e79-339e-4043-98fa-d899ecef5ee7@group-59B161CAA631-LeaderElection65] INFO  impl.LeaderElection (LeaderElection.java:logAndReturn(94)) -   Response 0: 46498e79-339e-4043-98fa-d899ecef5ee7<-b786a278-2a24-4ec7-9aa8-d18b8d900ce5#0:FAIL-t2
2022-08-04 23:33:22,013 [46498e79-339e-4043-98fa-d899ecef5ee7@group-59B161CAA631-LeaderElection65] INFO  impl.LeaderElection (LeaderElection.java:logAndReturn(94)) -   Response 1: 46498e79-339e-4043-98fa-d899ecef5ee7<-d1929e7c-bce5-4a44-9038-4ac351dcfd7d#0:FAIL-t2
2022-08-04 23:33:22,013 [46498e79-339e-4043-98fa-d899ecef5ee7@group-59B161CAA631-LeaderElection65] INFO  impl.LeaderElection (LeaderElection.java:askForVotes(312)) - 46498e79-339e-4043-98fa-d899ecef5ee7@group-59B161CAA631-LeaderElection65 ELECTION round 0: result REJECTED
2022-08-04 23:33:22,013 [46498e79-339e-4043-98fa-d899ecef5ee7@group-59B161CAA631-LeaderElection65] INFO  server.RaftServer$Division (RaftServerImpl.java:setRole(299)) - 46498e79-339e-4043-98fa-d899ecef5ee7@group-59B161CAA631: changes role from CANDIDATE to FOLLOWER at term 2 for REJECTED
2022-08-04 23:33:22,013 [46498e79-339e-4043-98fa-d899ecef5ee7@group-59B161CAA631-LeaderElection65] INFO  impl.RoleInfo (RoleInfo.java:shutdownLeaderElection(130)) - 46498e79-339e-4043-98fa-d899ecef5ee7: shutdown 46498e79-339e-4043-98fa-d899ecef5ee7@group-59B161CAA631-LeaderElection65
2022-08-04 23:33:22,013 [46498e79-339e-4043-98fa-d899ecef5ee7@group-59B161CAA631-LeaderElection65] INFO  impl.RoleInfo (RoleInfo.java:updateAndGet(139)) - 46498e79-339e-4043-98fa-d899ecef5ee7: start 46498e79-339e-4043-98fa-d899ecef5ee7@group-59B161CAA631-FollowerState
2022-08-04 23:33:22,064 [d1929e7c-bce5-4a44-9038-4ac351dcfd7d@group-3F198B786EC5-FollowerState] INFO  impl.FollowerState (FollowerState.java:run(143)) - d1929e7c-bce5-4a44-9038-4ac351dcfd7d@group-3F198B786EC5-FollowerState: change to CANDIDATE, lastRpcElapsedTime:5093423724ns, electionTimeout:5088ms
2022-08-04 23:33:22,064 [d1929e7c-bce5-4a44-9038-4ac351dcfd7d@group-3F198B786EC5-FollowerState] INFO  impl.RoleInfo (RoleInfo.java:shutdownFollowerState(110)) - d1929e7c-bce5-4a44-9038-4ac351dcfd7d: shutdown d1929e7c-bce5-4a44-9038-4ac351dcfd7d@group-3F198B786EC5-FollowerState
2022-08-04 23:33:22,064 [d1929e7c-bce5-4a44-9038-4ac351dcfd7d@group-3F198B786EC5-FollowerState] INFO  server.RaftServer$Division (RaftServerImpl.java:setRole(299)) - d1929e7c-bce5-4a44-9038-4ac351dcfd7d@group-3F198B786EC5: changes role from  FOLLOWER to CANDIDATE at term 1 for changeToCandidate
2022-08-04 23:33:22,064 [d1929e7c-bce5-4a44-9038-4ac351dcfd7d@group-3F198B786EC5-FollowerState] INFO  server.RaftServerConfigKeys (ConfUtils.java:logGet(46)) - raft.server.leaderelection.pre-vote = false (custom)
2022-08-04 23:33:22,064 [d1929e7c-bce5-4a44-9038-4ac351dcfd7d@group-3F198B786EC5-FollowerState] INFO  impl.RoleInfo (RoleInfo.java:updateAndGet(139)) - d1929e7c-bce5-4a44-9038-4ac351dcfd7d: start d1929e7c-bce5-4a44-9038-4ac351dcfd7d@group-3F198B786EC5-LeaderElection66
2022-08-04 23:33:22,112 [b786a278-2a24-4ec7-9aa8-d18b8d900ce5@group-3F198B786EC5-FollowerState] INFO  impl.FollowerState (FollowerState.java:run(143)) - b786a278-2a24-4ec7-9aa8-d18b8d900ce5@group-3F198B786EC5-FollowerState: change to CANDIDATE, lastRpcElapsedTime:5099026564ns, electionTimeout:5097ms
2022-08-04 23:33:22,112 [b786a278-2a24-4ec7-9aa8-d18b8d900ce5@group-3F198B786EC5-FollowerState] INFO  impl.RoleInfo (RoleInfo.java:shutdownFollowerState(110)) - b786a278-2a24-4ec7-9aa8-d18b8d900ce5: shutdown b786a278-2a24-4ec7-9aa8-d18b8d900ce5@group-3F198B786EC5-FollowerState
2022-08-04 23:33:22,112 [b786a278-2a24-4ec7-9aa8-d18b8d900ce5@group-3F198B786EC5-FollowerState] INFO  server.RaftServer$Division (RaftServerImpl.java:setRole(299)) - b786a278-2a24-4ec7-9aa8-d18b8d900ce5@group-3F198B786EC5: changes role from  FOLLOWER to CANDIDATE at term 1 for changeToCandidate
2022-08-04 23:33:22,112 [b786a278-2a24-4ec7-9aa8-d18b8d900ce5@group-3F198B786EC5-FollowerState] INFO  server.RaftServerConfigKeys (ConfUtils.java:logGet(46)) - raft.server.leaderelection.pre-vote = false (custom)
2022-08-04 23:33:22,112 [b786a278-2a24-4ec7-9aa8-d18b8d900ce5@group-3F198B786EC5-FollowerState] INFO  impl.RoleInfo (RoleInfo.java:updateAndGet(139)) - b786a278-2a24-4ec7-9aa8-d18b8d900ce5: start b786a278-2a24-4ec7-9aa8-d18b8d900ce5@group-3F198B786EC5-LeaderElection67
2022-08-04 23:33:22,124 [46498e79-339e-4043-98fa-d899ecef5ee7@group-3F198B786EC5-FollowerState] INFO  impl.FollowerState (FollowerState.java:run(143)) - 46498e79-339e-4043-98fa-d899ecef5ee7@group-3F198B786EC5-FollowerState: change to CANDIDATE, lastRpcElapsedTime:5116104783ns, electionTimeout:5109ms
2022-08-04 23:33:22,124 [46498e79-339e-4043-98fa-d899ecef5ee7@group-3F198B786EC5-FollowerState] INFO  impl.RoleInfo (RoleInfo.java:shutdownFollowerState(110)) - 46498e79-339e-4043-98fa-d899ecef5ee7: shutdown 46498e79-339e-4043-98fa-d899ecef5ee7@group-3F198B786EC5-FollowerState
2022-08-04 23:33:22,124 [46498e79-339e-4043-98fa-d899ecef5ee7@group-3F198B786EC5-FollowerState] INFO  server.RaftServer$Division (RaftServerImpl.java:setRole(299)) - 46498e79-339e-4043-98fa-d899ecef5ee7@group-3F198B786EC5: changes role from  FOLLOWER to CANDIDATE at term 1 for changeToCandidate
2022-08-04 23:33:22,124 [46498e79-339e-4043-98fa-d899ecef5ee7@group-3F198B786EC5-FollowerState] INFO  server.RaftServerConfigKeys (ConfUtils.java:logGet(46)) - raft.server.leaderelection.pre-vote = false (custom)
2022-08-04 23:33:22,124 [46498e79-339e-4043-98fa-d899ecef5ee7@group-3F198B786EC5-FollowerState] INFO  impl.RoleInfo (RoleInfo.java:updateAndGet(139)) - 46498e79-339e-4043-98fa-d899ecef5ee7: start 46498e79-339e-4043-98fa-d899ecef5ee7@group-3F198B786EC5-LeaderElection68
2022-08-04 23:33:22,143 [d1929e7c-bce5-4a44-9038-4ac351dcfd7d@group-3F198B786EC5-LeaderElection66] INFO  impl.LeaderElection (LeaderElection.java:askForVotes(310)) - d1929e7c-bce5-4a44-9038-4ac351dcfd7d@group-3F198B786EC5-LeaderElection66 ELECTION round 0: submit vote requests at term 2 for -1: [46498e79-339e-4043-98fa-d899ecef5ee7|rpc:10.1.0.37:37807|dataStream:|priority:1, b786a278-2a24-4ec7-9aa8-d18b8d900ce5|rpc:10.1.0.37:44407|dataStream:|priority:0, d1929e7c-bce5-4a44-9038-4ac351dcfd7d|rpc:10.1.0.37:45277|dataStream:|priority:0], old=null
2022-08-04 23:33:22,145 [b786a278-2a24-4ec7-9aa8-d18b8d900ce5@group-3F198B786EC5-LeaderElection67] INFO  impl.LeaderElection (LeaderElection.java:askForVotes(310)) - b786a278-2a24-4ec7-9aa8-d18b8d900ce5@group-3F198B786EC5-LeaderElection67 ELECTION round 0: submit vote requests at term 2 for -1: [46498e79-339e-4043-98fa-d899ecef5ee7|rpc:10.1.0.37:37807|priority:1, b786a278-2a24-4ec7-9aa8-d18b8d900ce5|rpc:10.1.0.37:44407|priority:0, d1929e7c-bce5-4a44-9038-4ac351dcfd7d|rpc:10.1.0.37:45277|priority:0], old=null
2022-08-04 23:33:22,172 [grpc-default-executor-1] INFO  server.RaftServer$Division (RaftServerImpl.java:requestVote(1152)) - 46498e79-339e-4043-98fa-d899ecef5ee7@group-3F198B786EC5: receive requestVote(ELECTION, d1929e7c-bce5-4a44-9038-4ac351dcfd7d, group-3F198B786EC5, 2, (t:0, i:0))
2022-08-04 23:33:22,172 [grpc-default-executor-1] INFO  impl.VoteContext (VoteContext.java:log(48)) - 46498e79-339e-4043-98fa-d899ecef5ee7@group-3F198B786EC5-CANDIDATE: reject ELECTION from d1929e7c-bce5-4a44-9038-4ac351dcfd7d: our priority 1 > candidate's priority 0
2022-08-04 23:33:22,172 [grpc-default-executor-1] INFO  server.RaftServer$Division (RaftServerImpl.java:setRole(299)) - 46498e79-339e-4043-98fa-d899ecef5ee7@group-3F198B786EC5: changes role from CANDIDATE to FOLLOWER at term 2 for candidate:d1929e7c-bce5-4a44-9038-4ac351dcfd7d
2022-08-04 23:33:22,172 [grpc-default-executor-1] INFO  impl.RoleInfo (RoleInfo.java:shutdownLeaderElection(130)) - 46498e79-339e-4043-98fa-d899ecef5ee7: shutdown 46498e79-339e-4043-98fa-d899ecef5ee7@group-3F198B786EC5-LeaderElection68
2022-08-04 23:33:22,175 [grpc-default-executor-0] INFO  server.RaftServer$Division (RaftServerImpl.java:requestVote(1152)) - 46498e79-339e-4043-98fa-d899ecef5ee7@group-3F198B786EC5: receive requestVote(ELECTION, b786a278-2a24-4ec7-9aa8-d18b8d900ce5, group-3F198B786EC5, 2, (t:0, i:0))
2022-08-04 23:33:22,183 [46498e79-339e-4043-98fa-d899ecef5ee7@group-3F198B786EC5-LeaderElection68] INFO  impl.LeaderElection (LeaderElection.java:run(231)) - 46498e79-339e-4043-98fa-d899ecef5ee7@group-3F198B786EC5-LeaderElection68: skip running since this is already CLOSING
2022-08-04 23:33:22,195 [grpc-default-executor-1] INFO  impl.RoleInfo (RoleInfo.java:updateAndGet(139)) - 46498e79-339e-4043-98fa-d899ecef5ee7: start 46498e79-339e-4043-98fa-d899ecef5ee7@group-3F198B786EC5-FollowerState
2022-08-04 23:33:22,217 [grpc-default-executor-1] INFO  server.RaftServer$Division (RaftServerImpl.java:requestVote(1184)) - 46498e79-339e-4043-98fa-d899ecef5ee7@group-3F198B786EC5 replies to ELECTION vote request: d1929e7c-bce5-4a44-9038-4ac351dcfd7d<-46498e79-339e-4043-98fa-d899ecef5ee7#0:FAIL-t2. Peer's state: 46498e79-339e-4043-98fa-d899ecef5ee7@group-3F198B786EC5:t2, leader=null, voted=null, raftlog=46498e79-339e-4043-98fa-d899ecef5ee7@group-3F198B786EC5-SegmentedRaftLog:OPENED:c-1, conf=-1: [46498e79-339e-4043-98fa-d899ecef5ee7|rpc:10.1.0.37:37807|dataStream:|priority:1, b786a278-2a24-4ec7-9aa8-d18b8d900ce5|rpc:10.1.0.37:44407|dataStream:|priority:0, d1929e7c-bce5-4a44-9038-4ac351dcfd7d|rpc:10.1.0.37:45277|dataStream:|priority:0], old=null
2022-08-04 23:33:22,219 [grpc-default-executor-0] INFO  impl.VoteContext (VoteContext.java:log(48)) - 46498e79-339e-4043-98fa-d899ecef5ee7@group-3F198B786EC5-FOLLOWER: reject ELECTION from b786a278-2a24-4ec7-9aa8-d18b8d900ce5: our priority 1 > candidate's priority 0
2022-08-04 23:33:22,219 [grpc-default-executor-0] INFO  server.RaftServer$Division (RaftServerImpl.java:setRole(299)) - 46498e79-339e-4043-98fa-d899ecef5ee7@group-3F198B786EC5: changes role from  FOLLOWER to FOLLOWER at term 2 for candidate:b786a278-2a24-4ec7-9aa8-d18b8d900ce5
2022-08-04 23:33:22,219 [grpc-default-executor-0] INFO  impl.RoleInfo (RoleInfo.java:shutdownFollowerState(110)) - 46498e79-339e-4043-98fa-d899ecef5ee7: shutdown 46498e79-339e-4043-98fa-d899ecef5ee7@group-3F198B786EC5-FollowerState
2022-08-04 23:33:22,219 [grpc-default-executor-0] INFO  impl.RoleInfo (RoleInfo.java:updateAndGet(139)) - 46498e79-339e-4043-98fa-d899ecef5ee7: start 46498e79-339e-4043-98fa-d899ecef5ee7@group-3F198B786EC5-FollowerState
2022-08-04 23:33:22,221 [46498e79-339e-4043-98fa-d899ecef5ee7@group-3F198B786EC5-FollowerState] INFO  impl.FollowerState (FollowerState.java:shouldRun(117)) - 46498e79-339e-4043-98fa-d899ecef5ee7@group-3F198B786EC5-FollowerState: Stopping now (isRunning? false, role = FOLLOWER)
2022-08-04 23:33:22,223 [grpc-default-executor-0] INFO  server.RaftServer$Division (RaftServerImpl.java:requestVote(1184)) - 46498e79-339e-4043-98fa-d899ecef5ee7@group-3F198B786EC5 replies to ELECTION vote request: b786a278-2a24-4ec7-9aa8-d18b8d900ce5<-46498e79-339e-4043-98fa-d899ecef5ee7#0:FAIL-t2. Peer's state: 46498e79-339e-4043-98fa-d899ecef5ee7@group-3F198B786EC5:t2, leader=null, voted=null, raftlog=46498e79-339e-4043-98fa-d899ecef5ee7@group-3F198B786EC5-SegmentedRaftLog:OPENED:c-1, conf=-1: [46498e79-339e-4043-98fa-d899ecef5ee7|rpc:10.1.0.37:37807|dataStream:|priority:1, b786a278-2a24-4ec7-9aa8-d18b8d900ce5|rpc:10.1.0.37:44407|dataStream:|priority:0, d1929e7c-bce5-4a44-9038-4ac351dcfd7d|rpc:10.1.0.37:45277|dataStream:|priority:0], old=null
2022-08-04 23:33:22,256 [d1929e7c-bce5-4a44-9038-4ac351dcfd7d@group-3F198B786EC5-LeaderElection66] INFO  impl.LeaderElection (LeaderElection.java:logAndReturn(90)) - d1929e7c-bce5-4a44-9038-4ac351dcfd7d@group-3F198B786EC5-LeaderElection66: ELECTION REJECTED received 1 response(s) and 0 exception(s):
2022-08-04 23:33:22,256 [d1929e7c-bce5-4a44-9038-4ac351dcfd7d@group-3F198B786EC5-LeaderElection66] INFO  impl.LeaderElection (LeaderElection.java:logAndReturn(94)) -   Response 0: d1929e7c-bce5-4a44-9038-4ac351dcfd7d<-46498e79-339e-4043-98fa-d899ecef5ee7#0:FAIL-t2
2022-08-04 23:33:22,256 [grpc-default-executor-0] INFO  server.RaftServer$Division (RaftServerImpl.java:requestVote(1152)) - b786a278-2a24-4ec7-9aa8-d18b8d900ce5@group-3F198B786EC5: receive requestVote(ELECTION, d1929e7c-bce5-4a44-9038-4ac351dcfd7d, group-3F198B786EC5, 2, (t:0, i:0))
2022-08-04 23:33:22,256 [grpc-default-executor-0] INFO  impl.VoteContext (VoteContext.java:log(48)) - b786a278-2a24-4ec7-9aa8-d18b8d900ce5@group-3F198B786EC5-CANDIDATE: reject ELECTION from d1929e7c-bce5-4a44-9038-4ac351dcfd7d: already has voted for b786a278-2a24-4ec7-9aa8-d18b8d900ce5 at current term 2
2022-08-04 23:33:22,256 [grpc-default-executor-0] INFO  server.RaftServer$Division (RaftServerImpl.java:requestVote(1184)) - b786a278-2a24-4ec7-9aa8-d18b8d900ce5@group-3F198B786EC5 replies to ELECTION vote request: d1929e7c-bce5-4a44-9038-4ac351dcfd7d<-b786a278-2a24-4ec7-9aa8-d18b8d900ce5#0:FAIL-t2. Peer's state: b786a278-2a24-4ec7-9aa8-d18b8d900ce5@group-3F198B786EC5:t2, leader=null, voted=b786a278-2a24-4ec7-9aa8-d18b8d900ce5, raftlog=b786a278-2a24-4ec7-9aa8-d18b8d900ce5@group-3F198B786EC5-SegmentedRaftLog:OPENED:c-1, conf=-1: [46498e79-339e-4043-98fa-d899ecef5ee7|rpc:10.1.0.37:37807|priority:1, b786a278-2a24-4ec7-9aa8-d18b8d900ce5|rpc:10.1.0.37:44407|priority:0, d1929e7c-bce5-4a44-9038-4ac351dcfd7d|rpc:10.1.0.37:45277|priority:0], old=null
2022-08-04 23:33:22,256 [b786a278-2a24-4ec7-9aa8-d18b8d900ce5@group-3F198B786EC5-LeaderElection67] INFO  impl.LeaderElection (LeaderElection.java:logAndReturn(90)) - b786a278-2a24-4ec7-9aa8-d18b8d900ce5@group-3F198B786EC5-LeaderElection67: ELECTION REJECTED received 1 response(s) and 0 exception(s):
2022-08-04 23:33:22,256 [b786a278-2a24-4ec7-9aa8-d18b8d900ce5@group-3F198B786EC5-LeaderElection67] INFO  impl.LeaderElection (LeaderElection.java:logAndReturn(94)) -   Response 0: b786a278-2a24-4ec7-9aa8-d18b8d900ce5<-46498e79-339e-4043-98fa-d899ecef5ee7#0:FAIL-t2
2022-08-04 23:33:22,256 [b786a278-2a24-4ec7-9aa8-d18b8d900ce5@group-3F198B786EC5-LeaderElection67] INFO  impl.LeaderElection (LeaderElection.java:askForVotes(312)) - b786a278-2a24-4ec7-9aa8-d18b8d900ce5@group-3F198B786EC5-LeaderElection67 ELECTION round 0: result REJECTED
2022-08-04 23:33:22,256 [b786a278-2a24-4ec7-9aa8-d18b8d900ce5@group-3F198B786EC5-LeaderElection67] INFO  server.RaftServer$Division (RaftServerImpl.java:setRole(299)) - b786a278-2a24-4ec7-9aa8-d18b8d900ce5@group-3F198B786EC5: changes role from CANDIDATE to FOLLOWER at term 2 for REJECTED
2022-08-04 23:33:22,256 [b786a278-2a24-4ec7-9aa8-d18b8d900ce5@group-3F198B786EC5-LeaderElection67] INFO  impl.RoleInfo (RoleInfo.java:shutdownLeaderElection(130)) - b786a278-2a24-4ec7-9aa8-d18b8d900ce5: shutdown b786a278-2a24-4ec7-9aa8-d18b8d900ce5@group-3F198B786EC5-LeaderElection67
2022-08-04 23:33:22,256 [b786a278-2a24-4ec7-9aa8-d18b8d900ce5@group-3F198B786EC5-LeaderElection67] INFO  impl.RoleInfo (RoleInfo.java:updateAndGet(139)) - b786a278-2a24-4ec7-9aa8-d18b8d900ce5: start b786a278-2a24-4ec7-9aa8-d18b8d900ce5@group-3F198B786EC5-FollowerState
2022-08-04 23:33:22,256 [d1929e7c-bce5-4a44-9038-4ac351dcfd7d@group-3F198B786EC5-LeaderElection66] INFO  impl.LeaderElection (LeaderElection.java:askForVotes(312)) - d1929e7c-bce5-4a44-9038-4ac351dcfd7d@group-3F198B786EC5-LeaderElection66 ELECTION round 0: result REJECTED
2022-08-04 23:33:22,258 [d1929e7c-bce5-4a44-9038-4ac351dcfd7d@group-3F198B786EC5-LeaderElection66] INFO  server.RaftServer$Division (RaftServerImpl.java:setRole(299)) - d1929e7c-bce5-4a44-9038-4ac351dcfd7d@group-3F198B786EC5: changes role from CANDIDATE to FOLLOWER at term 2 for REJECTED
2022-08-04 23:33:22,258 [d1929e7c-bce5-4a44-9038-4ac351dcfd7d@group-3F198B786EC5-LeaderElection66] INFO  impl.RoleInfo (RoleInfo.java:shutdownLeaderElection(130)) - d1929e7c-bce5-4a44-9038-4ac351dcfd7d: shutdown d1929e7c-bce5-4a44-9038-4ac351dcfd7d@group-3F198B786EC5-LeaderElection66
2022-08-04 23:33:22,260 [d1929e7c-bce5-4a44-9038-4ac351dcfd7d@group-3F198B786EC5-LeaderElection66] INFO  impl.RoleInfo (RoleInfo.java:updateAndGet(139)) - d1929e7c-bce5-4a44-9038-4ac351dcfd7d: start d1929e7c-bce5-4a44-9038-4ac351dcfd7d@group-3F198B786EC5-FollowerState
2022-08-04 23:33:22,279 [grpc-default-executor-3] INFO  server.RaftServer$Division (RaftServerImpl.java:requestVote(1152)) - d1929e7c-bce5-4a44-9038-4ac351dcfd7d@group-3F198B786EC5: receive requestVote(ELECTION, b786a278-2a24-4ec7-9aa8-d18b8d900ce5, group-3F198B786EC5, 2, (t:0, i:0))
2022-08-04 23:33:22,280 [grpc-default-executor-3] INFO  impl.VoteContext (VoteContext.java:log(48)) - d1929e7c-bce5-4a44-9038-4ac351dcfd7d@group-3F198B786EC5-FOLLOWER: reject ELECTION from b786a278-2a24-4ec7-9aa8-d18b8d900ce5: already has voted for d1929e7c-bce5-4a44-9038-4ac351dcfd7d at current term 2
2022-08-04 23:33:22,280 [grpc-default-executor-3] INFO  server.RaftServer$Division (RaftServerImpl.java:requestVote(1184)) - d1929e7c-bce5-4a44-9038-4ac351dcfd7d@group-3F198B786EC5 replies to ELECTION vote request: b786a278-2a24-4ec7-9aa8-d18b8d900ce5<-d1929e7c-bce5-4a44-9038-4ac351dcfd7d#0:FAIL-t2. Peer's state: d1929e7c-bce5-4a44-9038-4ac351dcfd7d@group-3F198B786EC5:t2, leader=null, voted=d1929e7c-bce5-4a44-9038-4ac351dcfd7d, raftlog=d1929e7c-bce5-4a44-9038-4ac351dcfd7d@group-3F198B786EC5-SegmentedRaftLog:OPENED:c-1, conf=-1: [46498e79-339e-4043-98fa-d899ecef5ee7|rpc:10.1.0.37:37807|dataStream:|priority:1, b786a278-2a24-4ec7-9aa8-d18b8d900ce5|rpc:10.1.0.37:44407|dataStream:|priority:0, d1929e7c-bce5-4a44-9038-4ac351dcfd7d|rpc:10.1.0.37:45277|dataStream:|priority:0], old=null
2022-08-04 23:33:22,923 [Listener at 127.0.0.1/43985] INFO  ozone.MiniOzoneClusterImpl (MiniOzoneClusterImpl.java:lambda$waitForClusterToBeReady$0(216)) - Nodes are ready. Got 3 of 3 DN Heartbeats.
2022-08-04 23:33:22,923 [Listener at 127.0.0.1/43985] INFO  ozone.MiniOzoneClusterImpl (MiniOzoneClusterImpl.java:lambda$waitForClusterToBeReady$0(219)) - Waiting for cluster to exit safe mode
2022-08-04 23:33:22,923 [Listener at 127.0.0.1/43985] INFO  ozone.MiniOzoneClusterImpl (MiniOzoneClusterImpl.java:lambda$waitForClusterToBeReady$0(221)) - SCM became leader
2022-08-04 23:33:23,927 [Listener at 127.0.0.1/43985] INFO  ozone.MiniOzoneClusterImpl (MiniOzoneClusterImpl.java:lambda$waitForClusterToBeReady$0(216)) - Nodes are ready. Got 3 of 3 DN Heartbeats.
2022-08-04 23:33:23,927 [Listener at 127.0.0.1/43985] INFO  ozone.MiniOzoneClusterImpl (MiniOzoneClusterImpl.java:lambda$waitForClusterToBeReady$0(219)) - Waiting for cluster to exit safe mode
2022-08-04 23:33:23,928 [Listener at 127.0.0.1/43985] INFO  ozone.MiniOzoneClusterImpl (MiniOzoneClusterImpl.java:lambda$waitForClusterToBeReady$0(221)) - SCM became leader
2022-08-04 23:33:24,928 [Listener at 127.0.0.1/43985] INFO  ozone.MiniOzoneClusterImpl (MiniOzoneClusterImpl.java:lambda$waitForClusterToBeReady$0(216)) - Nodes are ready. Got 3 of 3 DN Heartbeats.
2022-08-04 23:33:24,928 [Listener at 127.0.0.1/43985] INFO  ozone.MiniOzoneClusterImpl (MiniOzoneClusterImpl.java:lambda$waitForClusterToBeReady$0(219)) - Waiting for cluster to exit safe mode
2022-08-04 23:33:24,928 [Listener at 127.0.0.1/43985] INFO  ozone.MiniOzoneClusterImpl (MiniOzoneClusterImpl.java:lambda$waitForClusterToBeReady$0(221)) - SCM became leader
2022-08-04 23:33:25,931 [Listener at 127.0.0.1/43985] INFO  ozone.MiniOzoneClusterImpl (MiniOzoneClusterImpl.java:lambda$waitForClusterToBeReady$0(216)) - Nodes are ready. Got 3 of 3 DN Heartbeats.
2022-08-04 23:33:25,931 [Listener at 127.0.0.1/43985] INFO  ozone.MiniOzoneClusterImpl (MiniOzoneClusterImpl.java:lambda$waitForClusterToBeReady$0(219)) - Waiting for cluster to exit safe mode
2022-08-04 23:33:25,932 [Listener at 127.0.0.1/43985] INFO  ozone.MiniOzoneClusterImpl (MiniOzoneClusterImpl.java:lambda$waitForClusterToBeReady$0(221)) - SCM became leader
2022-08-04 23:33:26,932 [Listener at 127.0.0.1/43985] INFO  ozone.MiniOzoneClusterImpl (MiniOzoneClusterImpl.java:lambda$waitForClusterToBeReady$0(216)) - Nodes are ready. Got 3 of 3 DN Heartbeats.
2022-08-04 23:33:26,932 [Listener at 127.0.0.1/43985] INFO  ozone.MiniOzoneClusterImpl (MiniOzoneClusterImpl.java:lambda$waitForClusterToBeReady$0(219)) - Waiting for cluster to exit safe mode
2022-08-04 23:33:26,932 [Listener at 127.0.0.1/43985] INFO  ozone.MiniOzoneClusterImpl (MiniOzoneClusterImpl.java:lambda$waitForClusterToBeReady$0(221)) - SCM became leader
2022-08-04 23:33:27,032 [d1929e7c-bce5-4a44-9038-4ac351dcfd7d@group-59B161CAA631-FollowerState] INFO  impl.FollowerState (FollowerState.java:run(143)) - d1929e7c-bce5-4a44-9038-4ac351dcfd7d@group-59B161CAA631-FollowerState: change to CANDIDATE, lastRpcElapsedTime:5056888670ns, electionTimeout:5021ms
2022-08-04 23:33:27,033 [d1929e7c-bce5-4a44-9038-4ac351dcfd7d@group-59B161CAA631-FollowerState] INFO  impl.RoleInfo (RoleInfo.java:shutdownFollowerState(110)) - d1929e7c-bce5-4a44-9038-4ac351dcfd7d: shutdown d1929e7c-bce5-4a44-9038-4ac351dcfd7d@group-59B161CAA631-FollowerState
2022-08-04 23:33:27,033 [d1929e7c-bce5-4a44-9038-4ac351dcfd7d@group-59B161CAA631-FollowerState] INFO  server.RaftServer$Division (RaftServerImpl.java:setRole(299)) - d1929e7c-bce5-4a44-9038-4ac351dcfd7d@group-59B161CAA631: changes role from  FOLLOWER to CANDIDATE at term 2 for changeToCandidate
2022-08-04 23:33:27,033 [d1929e7c-bce5-4a44-9038-4ac351dcfd7d@group-59B161CAA631-FollowerState] INFO  server.RaftServerConfigKeys (ConfUtils.java:logGet(46)) - raft.server.leaderelection.pre-vote = false (custom)
2022-08-04 23:33:27,033 [d1929e7c-bce5-4a44-9038-4ac351dcfd7d@group-59B161CAA631-FollowerState] INFO  impl.RoleInfo (RoleInfo.java:updateAndGet(139)) - d1929e7c-bce5-4a44-9038-4ac351dcfd7d: start d1929e7c-bce5-4a44-9038-4ac351dcfd7d@group-59B161CAA631-LeaderElection69
2022-08-04 23:33:27,039 [b786a278-2a24-4ec7-9aa8-d18b8d900ce5@group-59B161CAA631-FollowerState] INFO  impl.FollowerState (FollowerState.java:run(143)) - b786a278-2a24-4ec7-9aa8-d18b8d900ce5@group-59B161CAA631-FollowerState: change to CANDIDATE, lastRpcElapsedTime:5085009566ns, electionTimeout:5061ms
2022-08-04 23:33:27,039 [b786a278-2a24-4ec7-9aa8-d18b8d900ce5@group-59B161CAA631-FollowerState] INFO  impl.RoleInfo (RoleInfo.java:shutdownFollowerState(110)) - b786a278-2a24-4ec7-9aa8-d18b8d900ce5: shutdown b786a278-2a24-4ec7-9aa8-d18b8d900ce5@group-59B161CAA631-FollowerState
2022-08-04 23:33:27,039 [b786a278-2a24-4ec7-9aa8-d18b8d900ce5@group-59B161CAA631-FollowerState] INFO  server.RaftServer$Division (RaftServerImpl.java:setRole(299)) - b786a278-2a24-4ec7-9aa8-d18b8d900ce5@group-59B161CAA631: changes role from  FOLLOWER to CANDIDATE at term 2 for changeToCandidate
2022-08-04 23:33:27,052 [b786a278-2a24-4ec7-9aa8-d18b8d900ce5@group-59B161CAA631-FollowerState] INFO  server.RaftServerConfigKeys (ConfUtils.java:logGet(46)) - raft.server.leaderelection.pre-vote = false (custom)
2022-08-04 23:33:27,052 [b786a278-2a24-4ec7-9aa8-d18b8d900ce5@group-59B161CAA631-FollowerState] INFO  impl.RoleInfo (RoleInfo.java:updateAndGet(139)) - b786a278-2a24-4ec7-9aa8-d18b8d900ce5: start b786a278-2a24-4ec7-9aa8-d18b8d900ce5@group-59B161CAA631-LeaderElection70
2022-08-04 23:33:27,087 [d1929e7c-bce5-4a44-9038-4ac351dcfd7d@group-59B161CAA631-LeaderElection69] INFO  impl.LeaderElection (LeaderElection.java:askForVotes(310)) - d1929e7c-bce5-4a44-9038-4ac351dcfd7d@group-59B161CAA631-LeaderElection69 ELECTION round 0: submit vote requests at term 3 for -1: [46498e79-339e-4043-98fa-d899ecef5ee7|rpc:10.1.0.37:37807|dataStream:|priority:0, b786a278-2a24-4ec7-9aa8-d18b8d900ce5|rpc:10.1.0.37:44407|dataStream:|priority:0, d1929e7c-bce5-4a44-9038-4ac351dcfd7d|rpc:10.1.0.37:45277|dataStream:|priority:1], old=null
2022-08-04 23:33:27,091 [b786a278-2a24-4ec7-9aa8-d18b8d900ce5@group-59B161CAA631-LeaderElection70] INFO  impl.LeaderElection (LeaderElection.java:askForVotes(310)) - b786a278-2a24-4ec7-9aa8-d18b8d900ce5@group-59B161CAA631-LeaderElection70 ELECTION round 0: submit vote requests at term 3 for -1: [46498e79-339e-4043-98fa-d899ecef5ee7|rpc:10.1.0.37:37807|priority:0, b786a278-2a24-4ec7-9aa8-d18b8d900ce5|rpc:10.1.0.37:44407|priority:0, d1929e7c-bce5-4a44-9038-4ac351dcfd7d|rpc:10.1.0.37:45277|priority:1], old=null
2022-08-04 23:33:27,104 [grpc-default-executor-3] INFO  server.RaftServer$Division (RaftServerImpl.java:requestVote(1152)) - 46498e79-339e-4043-98fa-d899ecef5ee7@group-59B161CAA631: receive requestVote(ELECTION, d1929e7c-bce5-4a44-9038-4ac351dcfd7d, group-59B161CAA631, 3, (t:0, i:0))
2022-08-04 23:33:27,104 [grpc-default-executor-3] INFO  impl.VoteContext (VoteContext.java:log(48)) - 46498e79-339e-4043-98fa-d899ecef5ee7@group-59B161CAA631-FOLLOWER: accept ELECTION from d1929e7c-bce5-4a44-9038-4ac351dcfd7d: our priority 0 <= candidate's priority 1
2022-08-04 23:33:27,104 [grpc-default-executor-3] INFO  server.RaftServer$Division (RaftServerImpl.java:setRole(299)) - 46498e79-339e-4043-98fa-d899ecef5ee7@group-59B161CAA631: changes role from  FOLLOWER to FOLLOWER at term 3 for candidate:d1929e7c-bce5-4a44-9038-4ac351dcfd7d
2022-08-04 23:33:27,104 [grpc-default-executor-3] INFO  impl.RoleInfo (RoleInfo.java:shutdownFollowerState(110)) - 46498e79-339e-4043-98fa-d899ecef5ee7: shutdown 46498e79-339e-4043-98fa-d899ecef5ee7@group-59B161CAA631-FollowerState
2022-08-04 23:33:27,121 [grpc-default-executor-3] INFO  impl.RoleInfo (RoleInfo.java:updateAndGet(139)) - 46498e79-339e-4043-98fa-d899ecef5ee7: start 46498e79-339e-4043-98fa-d899ecef5ee7@group-59B161CAA631-FollowerState
2022-08-04 23:33:27,121 [46498e79-339e-4043-98fa-d899ecef5ee7@group-59B161CAA631-FollowerState] INFO  impl.FollowerState (FollowerState.java:run(152)) - 46498e79-339e-4043-98fa-d899ecef5ee7@group-59B161CAA631-FollowerState was interrupted
2022-08-04 23:33:27,136 [grpc-default-executor-0] INFO  server.RaftServer$Division (RaftServerImpl.java:requestVote(1152)) - d1929e7c-bce5-4a44-9038-4ac351dcfd7d@group-59B161CAA631: receive requestVote(ELECTION, b786a278-2a24-4ec7-9aa8-d18b8d900ce5, group-59B161CAA631, 3, (t:0, i:0))
2022-08-04 23:33:27,136 [grpc-default-executor-0] INFO  impl.VoteContext (VoteContext.java:log(48)) - d1929e7c-bce5-4a44-9038-4ac351dcfd7d@group-59B161CAA631-CANDIDATE: reject ELECTION from b786a278-2a24-4ec7-9aa8-d18b8d900ce5: already has voted for d1929e7c-bce5-4a44-9038-4ac351dcfd7d at current term 3
2022-08-04 23:33:27,136 [grpc-default-executor-0] INFO  server.RaftServer$Division (RaftServerImpl.java:requestVote(1184)) - d1929e7c-bce5-4a44-9038-4ac351dcfd7d@group-59B161CAA631 replies to ELECTION vote request: b786a278-2a24-4ec7-9aa8-d18b8d900ce5<-d1929e7c-bce5-4a44-9038-4ac351dcfd7d#0:FAIL-t3. Peer's state: d1929e7c-bce5-4a44-9038-4ac351dcfd7d@group-59B161CAA631:t3, leader=null, voted=d1929e7c-bce5-4a44-9038-4ac351dcfd7d, raftlog=d1929e7c-bce5-4a44-9038-4ac351dcfd7d@group-59B161CAA631-SegmentedRaftLog:OPENED:c-1, conf=-1: [46498e79-339e-4043-98fa-d899ecef5ee7|rpc:10.1.0.37:37807|dataStream:|priority:0, b786a278-2a24-4ec7-9aa8-d18b8d900ce5|rpc:10.1.0.37:44407|dataStream:|priority:0, d1929e7c-bce5-4a44-9038-4ac351dcfd7d|rpc:10.1.0.37:45277|dataStream:|priority:1], old=null
2022-08-04 23:33:27,143 [grpc-default-executor-1] INFO  server.RaftServer$Division (RaftServerImpl.java:requestVote(1152)) - b786a278-2a24-4ec7-9aa8-d18b8d900ce5@group-59B161CAA631: receive requestVote(ELECTION, d1929e7c-bce5-4a44-9038-4ac351dcfd7d, group-59B161CAA631, 3, (t:0, i:0))
2022-08-04 23:33:27,143 [grpc-default-executor-1] INFO  impl.VoteContext (VoteContext.java:log(48)) - b786a278-2a24-4ec7-9aa8-d18b8d900ce5@group-59B161CAA631-CANDIDATE: reject ELECTION from d1929e7c-bce5-4a44-9038-4ac351dcfd7d: already has voted for b786a278-2a24-4ec7-9aa8-d18b8d900ce5 at current term 3
2022-08-04 23:33:27,143 [grpc-default-executor-1] INFO  server.RaftServer$Division (RaftServerImpl.java:requestVote(1184)) - b786a278-2a24-4ec7-9aa8-d18b8d900ce5@group-59B161CAA631 replies to ELECTION vote request: d1929e7c-bce5-4a44-9038-4ac351dcfd7d<-b786a278-2a24-4ec7-9aa8-d18b8d900ce5#0:FAIL-t3. Peer's state: b786a278-2a24-4ec7-9aa8-d18b8d900ce5@group-59B161CAA631:t3, leader=null, voted=b786a278-2a24-4ec7-9aa8-d18b8d900ce5, raftlog=b786a278-2a24-4ec7-9aa8-d18b8d900ce5@group-59B161CAA631-SegmentedRaftLog:OPENED:c-1, conf=-1: [46498e79-339e-4043-98fa-d899ecef5ee7|rpc:10.1.0.37:37807|priority:0, b786a278-2a24-4ec7-9aa8-d18b8d900ce5|rpc:10.1.0.37:44407|priority:0, d1929e7c-bce5-4a44-9038-4ac351dcfd7d|rpc:10.1.0.37:45277|priority:1], old=null
2022-08-04 23:33:27,144 [grpc-default-executor-2] INFO  server.RaftServer$Division (RaftServerImpl.java:requestVote(1152)) - 46498e79-339e-4043-98fa-d899ecef5ee7@group-59B161CAA631: receive requestVote(ELECTION, b786a278-2a24-4ec7-9aa8-d18b8d900ce5, group-59B161CAA631, 3, (t:0, i:0))
2022-08-04 23:33:27,145 [b786a278-2a24-4ec7-9aa8-d18b8d900ce5@group-59B161CAA631-LeaderElection70] INFO  impl.LeaderElection (LeaderElection.java:logAndReturn(90)) - b786a278-2a24-4ec7-9aa8-d18b8d900ce5@group-59B161CAA631-LeaderElection70: ELECTION REJECTED received 1 response(s) and 0 exception(s):
2022-08-04 23:33:27,145 [b786a278-2a24-4ec7-9aa8-d18b8d900ce5@group-59B161CAA631-LeaderElection70] INFO  impl.LeaderElection (LeaderElection.java:logAndReturn(94)) -   Response 0: b786a278-2a24-4ec7-9aa8-d18b8d900ce5<-d1929e7c-bce5-4a44-9038-4ac351dcfd7d#0:FAIL-t3
2022-08-04 23:33:27,145 [b786a278-2a24-4ec7-9aa8-d18b8d900ce5@group-59B161CAA631-LeaderElection70] INFO  impl.LeaderElection (LeaderElection.java:askForVotes(312)) - b786a278-2a24-4ec7-9aa8-d18b8d900ce5@group-59B161CAA631-LeaderElection70 ELECTION round 0: result REJECTED
2022-08-04 23:33:27,145 [b786a278-2a24-4ec7-9aa8-d18b8d900ce5@group-59B161CAA631-LeaderElection70] INFO  server.RaftServer$Division (RaftServerImpl.java:setRole(299)) - b786a278-2a24-4ec7-9aa8-d18b8d900ce5@group-59B161CAA631: changes role from CANDIDATE to FOLLOWER at term 3 for REJECTED
2022-08-04 23:33:27,145 [b786a278-2a24-4ec7-9aa8-d18b8d900ce5@group-59B161CAA631-LeaderElection70] INFO  impl.RoleInfo (RoleInfo.java:shutdownLeaderElection(130)) - b786a278-2a24-4ec7-9aa8-d18b8d900ce5: shutdown b786a278-2a24-4ec7-9aa8-d18b8d900ce5@group-59B161CAA631-LeaderElection70
2022-08-04 23:33:27,145 [b786a278-2a24-4ec7-9aa8-d18b8d900ce5@group-59B161CAA631-LeaderElection70] INFO  impl.RoleInfo (RoleInfo.java:updateAndGet(139)) - b786a278-2a24-4ec7-9aa8-d18b8d900ce5: start b786a278-2a24-4ec7-9aa8-d18b8d900ce5@group-59B161CAA631-FollowerState
2022-08-04 23:33:27,166 [grpc-default-executor-3] INFO  server.RaftServer$Division (RaftServerImpl.java:requestVote(1184)) - 46498e79-339e-4043-98fa-d899ecef5ee7@group-59B161CAA631 replies to ELECTION vote request: d1929e7c-bce5-4a44-9038-4ac351dcfd7d<-46498e79-339e-4043-98fa-d899ecef5ee7#0:OK-t3. Peer's state: 46498e79-339e-4043-98fa-d899ecef5ee7@group-59B161CAA631:t3, leader=null, voted=d1929e7c-bce5-4a44-9038-4ac351dcfd7d, raftlog=46498e79-339e-4043-98fa-d899ecef5ee7@group-59B161CAA631-SegmentedRaftLog:OPENED:c-1, conf=-1: [46498e79-339e-4043-98fa-d899ecef5ee7|rpc:10.1.0.37:37807|dataStream:|priority:0, b786a278-2a24-4ec7-9aa8-d18b8d900ce5|rpc:10.1.0.37:44407|dataStream:|priority:0, d1929e7c-bce5-4a44-9038-4ac351dcfd7d|rpc:10.1.0.37:45277|dataStream:|priority:1], old=null
2022-08-04 23:33:27,166 [grpc-default-executor-2] INFO  impl.VoteContext (VoteContext.java:log(48)) - 46498e79-339e-4043-98fa-d899ecef5ee7@group-59B161CAA631-FOLLOWER: reject ELECTION from b786a278-2a24-4ec7-9aa8-d18b8d900ce5: already has voted for d1929e7c-bce5-4a44-9038-4ac351dcfd7d at current term 3
2022-08-04 23:33:27,166 [grpc-default-executor-2] INFO  server.RaftServer$Division (RaftServerImpl.java:requestVote(1184)) - 46498e79-339e-4043-98fa-d899ecef5ee7@group-59B161CAA631 replies to ELECTION vote request: b786a278-2a24-4ec7-9aa8-d18b8d900ce5<-46498e79-339e-4043-98fa-d899ecef5ee7#0:FAIL-t3. Peer's state: 46498e79-339e-4043-98fa-d899ecef5ee7@group-59B161CAA631:t3, leader=null, voted=d1929e7c-bce5-4a44-9038-4ac351dcfd7d, raftlog=46498e79-339e-4043-98fa-d899ecef5ee7@group-59B161CAA631-SegmentedRaftLog:OPENED:c-1, conf=-1: [46498e79-339e-4043-98fa-d899ecef5ee7|rpc:10.1.0.37:37807|dataStream:|priority:0, b786a278-2a24-4ec7-9aa8-d18b8d900ce5|rpc:10.1.0.37:44407|dataStream:|priority:0, d1929e7c-bce5-4a44-9038-4ac351dcfd7d|rpc:10.1.0.37:45277|dataStream:|priority:1], old=null
2022-08-04 23:33:27,166 [d1929e7c-bce5-4a44-9038-4ac351dcfd7d@group-59B161CAA631-LeaderElection69] INFO  impl.LeaderElection (LeaderElection.java:logAndReturn(90)) - d1929e7c-bce5-4a44-9038-4ac351dcfd7d@group-59B161CAA631-LeaderElection69: ELECTION PASSED received 2 response(s) and 0 exception(s):
2022-08-04 23:33:27,166 [d1929e7c-bce5-4a44-9038-4ac351dcfd7d@group-59B161CAA631-LeaderElection69] INFO  impl.LeaderElection (LeaderElection.java:logAndReturn(94)) -   Response 0: d1929e7c-bce5-4a44-9038-4ac351dcfd7d<-46498e79-339e-4043-98fa-d899ecef5ee7#0:OK-t3
2022-08-04 23:33:27,166 [d1929e7c-bce5-4a44-9038-4ac351dcfd7d@group-59B161CAA631-LeaderElection69] INFO  impl.LeaderElection (LeaderElection.java:logAndReturn(94)) -   Response 1: d1929e7c-bce5-4a44-9038-4ac351dcfd7d<-b786a278-2a24-4ec7-9aa8-d18b8d900ce5#0:FAIL-t3
2022-08-04 23:33:27,167 [d1929e7c-bce5-4a44-9038-4ac351dcfd7d@group-59B161CAA631-LeaderElection69] INFO  impl.LeaderElection (LeaderElection.java:askForVotes(312)) - d1929e7c-bce5-4a44-9038-4ac351dcfd7d@group-59B161CAA631-LeaderElection69 ELECTION round 0: result PASSED
2022-08-04 23:33:27,167 [d1929e7c-bce5-4a44-9038-4ac351dcfd7d@group-59B161CAA631-LeaderElection69] INFO  impl.RoleInfo (RoleInfo.java:shutdownLeaderElection(130)) - d1929e7c-bce5-4a44-9038-4ac351dcfd7d: shutdown d1929e7c-bce5-4a44-9038-4ac351dcfd7d@group-59B161CAA631-LeaderElection69
2022-08-04 23:33:27,167 [d1929e7c-bce5-4a44-9038-4ac351dcfd7d@group-59B161CAA631-LeaderElection69] INFO  server.RaftServer$Division (RaftServerImpl.java:setRole(299)) - d1929e7c-bce5-4a44-9038-4ac351dcfd7d@group-59B161CAA631: changes role from CANDIDATE to LEADER at term 3 for changeToLeader
2022-08-04 23:33:27,167 [d1929e7c-bce5-4a44-9038-4ac351dcfd7d@group-59B161CAA631-LeaderElection69] INFO  ratis.XceiverServerRatis (XceiverServerRatis.java:handleLeaderChangedNotification(863)) - Leader change notification received for group: group-59B161CAA631 with new leaderId: d1929e7c-bce5-4a44-9038-4ac351dcfd7d
2022-08-04 23:33:27,167 [d1929e7c-bce5-4a44-9038-4ac351dcfd7d@group-59B161CAA631-LeaderElection69] INFO  server.RaftServer$Division (ServerState.java:setLeader(287)) - d1929e7c-bce5-4a44-9038-4ac351dcfd7d@group-59B161CAA631: change Leader from null to d1929e7c-bce5-4a44-9038-4ac351dcfd7d at term 3 for becomeLeader, leader elected after 15455ms
2022-08-04 23:33:27,167 [d1929e7c-bce5-4a44-9038-4ac351dcfd7d@group-59B161CAA631-LeaderElection69] INFO  server.RaftServerConfigKeys (ConfUtils.java:logGet(46)) - raft.server.staging.catchup.gap = 1000 (default)
2022-08-04 23:33:27,167 [d1929e7c-bce5-4a44-9038-4ac351dcfd7d@group-59B161CAA631-LeaderElection69] INFO  server.RaftServerConfigKeys (ConfUtils.java:logGet(46)) - raft.server.write.element-limit = 1024 (custom)
2022-08-04 23:33:27,167 [d1929e7c-bce5-4a44-9038-4ac351dcfd7d@group-59B161CAA631-LeaderElection69] INFO  server.RaftServerConfigKeys (ConfUtils.java:logGet(46)) - raft.server.write.byte-limit = 1024 M (=1073741824) (custom)
2022-08-04 23:33:27,168 [d1929e7c-bce5-4a44-9038-4ac351dcfd7d@group-59B161CAA631-LeaderElection69] INFO  server.RaftServerConfigKeys (ConfUtils.java:logGet(46)) - raft.server.watch.timeout = 180s (custom)
2022-08-04 23:33:27,168 [d1929e7c-bce5-4a44-9038-4ac351dcfd7d@group-59B161CAA631-LeaderElection69] INFO  server.RaftServerConfigKeys (ConfUtils.java:logGet(46)) - raft.server.watch.timeout.denomination = 1s (default)
2022-08-04 23:33:27,168 [d1929e7c-bce5-4a44-9038-4ac351dcfd7d@group-59B161CAA631-LeaderElection69] INFO  server.RaftServerConfigKeys (ConfUtils.java:logGet(46)) - raft.server.watch.element-limit = 65536 (default)
2022-08-04 23:33:27,168 [d1929e7c-bce5-4a44-9038-4ac351dcfd7d@group-59B161CAA631-LeaderElection69] INFO  server.RaftServerConfigKeys (ConfUtils.java:logGet(46)) - raft.server.write.element-limit = 1024 (custom)
2022-08-04 23:33:27,168 [d1929e7c-bce5-4a44-9038-4ac351dcfd7d@group-59B161CAA631-LeaderElection69] INFO  server.RaftServerConfigKeys (ConfUtils.java:logGet(46)) - raft.server.write.follower.gap.ratio.max = -1.0 (default)
2022-08-04 23:33:27,169 [d1929e7c-bce5-4a44-9038-4ac351dcfd7d@group-59B161CAA631-LeaderElection69] INFO  server.RaftServerConfigKeys (ConfUtils.java:logGet(46)) - raft.server.log.appender.snapshot.chunk.size.max = 16MB (=16777216) (default)
2022-08-04 23:33:27,169 [d1929e7c-bce5-4a44-9038-4ac351dcfd7d@group-59B161CAA631-LeaderElection69] INFO  server.RaftServerConfigKeys (ConfUtils.java:logGet(46)) - raft.server.log.appender.buffer.byte-limit = 33554432 (custom)
2022-08-04 23:33:27,169 [d1929e7c-bce5-4a44-9038-4ac351dcfd7d@group-59B161CAA631-LeaderElection69] INFO  server.RaftServerConfigKeys (ConfUtils.java:logGet(46)) - raft.server.log.appender.buffer.element-limit = 1 (custom)
2022-08-04 23:33:27,169 [d1929e7c-bce5-4a44-9038-4ac351dcfd7d@group-59B161CAA631-LeaderElection69] INFO  grpc.GrpcConfigKeys (ConfUtils.java:logGet(46)) - raft.grpc.server.leader.outstanding.appends.max = 128 (default)
2022-08-04 23:33:27,169 [d1929e7c-bce5-4a44-9038-4ac351dcfd7d@group-59B161CAA631-LeaderElection69] INFO  server.RaftServerConfigKeys (ConfUtils.java:logGet(46)) - raft.server.rpc.request.timeout = 60s (custom)
2022-08-04 23:33:27,169 [d1929e7c-bce5-4a44-9038-4ac351dcfd7d@group-59B161CAA631-LeaderElection69] INFO  server.RaftServerConfigKeys (ConfUtils.java:logGet(46)) - raft.server.log.appender.install.snapshot.enabled = false (custom)
2022-08-04 23:33:27,170 [d1929e7c-bce5-4a44-9038-4ac351dcfd7d@group-59B161CAA631-LeaderElection69] INFO  server.RaftServerConfigKeys (ConfUtils.java:logGet(46)) - raft.server.log.appender.snapshot.chunk.size.max = 16MB (=16777216) (default)
2022-08-04 23:33:27,170 [d1929e7c-bce5-4a44-9038-4ac351dcfd7d@group-59B161CAA631-LeaderElection69] INFO  server.RaftServerConfigKeys (ConfUtils.java:logGet(46)) - raft.server.log.appender.buffer.byte-limit = 33554432 (custom)
2022-08-04 23:33:27,170 [d1929e7c-bce5-4a44-9038-4ac351dcfd7d@group-59B161CAA631-LeaderElection69] INFO  server.RaftServerConfigKeys (ConfUtils.java:logGet(46)) - raft.server.log.appender.buffer.element-limit = 1 (custom)
2022-08-04 23:33:27,170 [d1929e7c-bce5-4a44-9038-4ac351dcfd7d@group-59B161CAA631-LeaderElection69] INFO  grpc.GrpcConfigKeys (ConfUtils.java:logGet(46)) - raft.grpc.server.leader.outstanding.appends.max = 128 (default)
2022-08-04 23:33:27,170 [d1929e7c-bce5-4a44-9038-4ac351dcfd7d@group-59B161CAA631-LeaderElection69] INFO  server.RaftServerConfigKeys (ConfUtils.java:logGet(46)) - raft.server.rpc.request.timeout = 60s (custom)
2022-08-04 23:33:27,170 [d1929e7c-bce5-4a44-9038-4ac351dcfd7d@group-59B161CAA631-LeaderElection69] INFO  server.RaftServerConfigKeys (ConfUtils.java:logGet(46)) - raft.server.log.appender.install.snapshot.enabled = false (custom)
2022-08-04 23:33:27,170 [d1929e7c-bce5-4a44-9038-4ac351dcfd7d@group-59B161CAA631-LeaderElection69] INFO  impl.RoleInfo (RoleInfo.java:updateAndGet(139)) - d1929e7c-bce5-4a44-9038-4ac351dcfd7d: start d1929e7c-bce5-4a44-9038-4ac351dcfd7d@group-59B161CAA631-LeaderStateImpl
2022-08-04 23:33:27,171 [d1929e7c-bce5-4a44-9038-4ac351dcfd7d@group-59B161CAA631-LeaderElection69] INFO  segmented.SegmentedRaftLogWorker (SegmentedRaftLogWorker.java:startLogSegment(425)) - d1929e7c-bce5-4a44-9038-4ac351dcfd7d@group-59B161CAA631-SegmentedRaftLogWorker: Starting segment from index:0
2022-08-04 23:33:27,171 [EventQueue-PipelineReportForPipelineReportHandler] INFO  pipeline.PipelineManagerImpl (PipelineManagerImpl.java:openPipeline(367)) - Pipeline Pipeline[ Id: d2bb860f-bb90-4c59-accb-59b161caa631, Nodes: 46498e79-339e-4043-98fa-d899ecef5ee7{ip: 10.1.0.37, host: fv-az241-597.bb25ywkzvhnelkltyshw0e441e.jx.internal.cloudapp.net, ports: [REPLICATION=36697, RATIS=37807, RATIS_ADMIN=37807, RATIS_SERVER=37807, STANDALONE=38779], networkLocation: /default-rack, certSerialId: null, persistedOpState: IN_SERVICE, persistedOpStateExpiryEpochSec: 0}d1929e7c-bce5-4a44-9038-4ac351dcfd7d{ip: 10.1.0.37, host: fv-az241-597.bb25ywkzvhnelkltyshw0e441e.jx.internal.cloudapp.net, ports: [REPLICATION=34803, RATIS=45277, RATIS_ADMIN=45277, RATIS_SERVER=45277, STANDALONE=44781], networkLocation: /default-rack, certSerialId: null, persistedOpState: IN_SERVICE, persistedOpStateExpiryEpochSec: 0}b786a278-2a24-4ec7-9aa8-d18b8d900ce5{ip: 10.1.0.37, host: fv-az241-597.bb25ywkzvhnelkltyshw0e441e.jx.internal.cloudapp.net, ports: [REPLICATION=44639, RATIS=44407, RATIS_ADMIN=44407, RATIS_SERVER=44407, STANDALONE=34317], networkLocation: /default-rack, certSerialId: null, persistedOpState: IN_SERVICE, persistedOpStateExpiryEpochSec: 0}, ReplicationConfig: RATIS/THREE, State:ALLOCATED, leaderId:d1929e7c-bce5-4a44-9038-4ac351dcfd7d, CreationTimestamp2022-08-04T23:33:09.954Z[Etc/UTC]] moved to OPEN state
2022-08-04 23:33:27,172 [EventQueue-OpenPipelineForHealthyPipelineSafeModeRule] INFO  safemode.SCMSafeModeManager (HealthyPipelineSafeModeRule.java:process(137)) - SCM in safe mode. Healthy pipelines reported count is 0, required healthy pipeline reported count is 1
2022-08-04 23:33:27,172 [EventQueue-OpenPipelineForHealthyPipelineSafeModeRule] INFO  safemode.SCMSafeModeManager (HealthyPipelineSafeModeRule.java:process(137)) - SCM in safe mode. Healthy pipelines reported count is 1, required healthy pipeline reported count is 1
2022-08-04 23:33:27,172 [EventQueue-OpenPipelineForHealthyPipelineSafeModeRule] INFO  safemode.SCMSafeModeManager (SCMSafeModeManager.java:validateSafeModeExitRules(204)) - HealthyPipelineSafeModeRule rule is successfully validated
2022-08-04 23:33:27,172 [EventQueue-OpenPipelineForHealthyPipelineSafeModeRule] INFO  safemode.SCMSafeModeManager (SCMSafeModeManager.java:validateSafeModeExitRules(219)) - ScmSafeModeManager, all rules are successfully validated
2022-08-04 23:33:27,172 [EventQueue-OpenPipelineForHealthyPipelineSafeModeRule] INFO  safemode.SCMSafeModeManager (SCMSafeModeManager.java:exitSafeMode(248)) - SCM exiting safe mode.
2022-08-04 23:33:27,172 [EventQueue-OpenPipelineForHealthyPipelineSafeModeRule] WARN  events.EventQueue (EventQueue.java:fireEvent(216)) - No event handler registered for event TypedEvent{payloadType=SafeModeStatus, name='Safe mode status'}
2022-08-04 23:33:27,172 [EventQueue-OpenPipelineForHealthyPipelineSafeModeRule] INFO  ha.SCMContext (SCMContext.java:updateSafeModeStatus(228)) - Update SafeModeStatus from SafeModeStatus{safeModeStatus=true, preCheckPassed=true} to SafeModeStatus{safeModeStatus=false, preCheckPassed=true}.
2022-08-04 23:33:27,172 [EventQueue-OpenPipelineForHealthyPipelineSafeModeRule] INFO  pipeline.BackgroundPipelineCreator (BackgroundPipelineCreator.java:notifyStatusChanged(254)) - Service BackgroundPipelineCreator transitions to RUNNING.
2022-08-04 23:33:27,172 [EventQueue-OpenPipelineForHealthyPipelineSafeModeRule] INFO  BackgroundPipelineScrubber (BackgroundSCMService.java:notifyStatusChanged(82)) - Service BackgroundPipelineScrubber transitions to RUNNING.
2022-08-04 23:33:27,172 [EventQueue-OpenPipelineForHealthyPipelineSafeModeRule] INFO  ExpiredContainerReplicaOpScrubber (BackgroundSCMService.java:notifyStatusChanged(82)) - Service ExpiredContainerReplicaOpScrubber transitions to RUNNING.
2022-08-04 23:33:27,172 [EventQueue-OpenPipelineForHealthyPipelineSafeModeRule] INFO  UnderReplicatedQueueThread (BackgroundSCMService.java:notifyStatusChanged(82)) - Service UnderReplicatedQueueThread transitions to RUNNING.
2022-08-04 23:33:27,172 [EventQueue-OpenPipelineForHealthyPipelineSafeModeRule] INFO  OverReplicatedQueueThread (BackgroundSCMService.java:notifyStatusChanged(82)) - Service OverReplicatedQueueThread transitions to RUNNING.
2022-08-04 23:33:27,172 [EventQueue-OpenPipelineForHealthyPipelineSafeModeRule] INFO  replication.ReplicationManager (ReplicationManager.java:notifyStatusChanged(642)) - Service ReplicationManager transitions to RUNNING.
2022-08-04 23:33:27,172 [EventQueue-OpenPipelineForHealthyPipelineSafeModeRule] WARN  balancer.ContainerBalancer (ContainerBalancer.java:shouldRun(904)) - Could not find persisted configuration for ContainerBalancer when checking if ContainerBalancer should run. ContainerBalancer should not run now.
2022-08-04 23:33:27,173 [d1929e7c-bce5-4a44-9038-4ac351dcfd7d@group-59B161CAA631-SegmentedRaftLogWorker] INFO  segmented.SegmentedRaftLogWorker (SegmentedRaftLogWorker.java:execute(629)) - d1929e7c-bce5-4a44-9038-4ac351dcfd7d@group-59B161CAA631-SegmentedRaftLogWorker: created new log segment /home/runner/work/ozone/ozone/hadoop-ozone/integration-test/target/test-dir/MiniOzoneClusterImpl-f8ed8ae5-4e76-40f1-a193-ab9d13fb0c59/datanode-2/data/ratis/d2bb860f-bb90-4c59-accb-59b161caa631/current/log_inprogress_0
2022-08-04 23:33:27,207 [d1929e7c-bce5-4a44-9038-4ac351dcfd7d@group-59B161CAA631-LeaderElection69] INFO  server.RaftServer$Division (ServerState.java:setRaftConf(393)) - d1929e7c-bce5-4a44-9038-4ac351dcfd7d@group-59B161CAA631: set configuration 0: [46498e79-339e-4043-98fa-d899ecef5ee7|rpc:10.1.0.37:37807|dataStream:|priority:0, b786a278-2a24-4ec7-9aa8-d18b8d900ce5|rpc:10.1.0.37:44407|dataStream:|priority:0, d1929e7c-bce5-4a44-9038-4ac351dcfd7d|rpc:10.1.0.37:45277|dataStream:|priority:1], old=null
2022-08-04 23:33:27,246 [46498e79-339e-4043-98fa-d899ecef5ee7-server-thread1] INFO  ratis.XceiverServerRatis (XceiverServerRatis.java:handleLeaderChangedNotification(863)) - Leader change notification received for group: group-59B161CAA631 with new leaderId: d1929e7c-bce5-4a44-9038-4ac351dcfd7d
2022-08-04 23:33:27,246 [46498e79-339e-4043-98fa-d899ecef5ee7-server-thread1] INFO  server.RaftServer$Division (ServerState.java:setLeader(287)) - 46498e79-339e-4043-98fa-d899ecef5ee7@group-59B161CAA631: change Leader from null to d1929e7c-bce5-4a44-9038-4ac351dcfd7d at term 3 for appendEntries, leader elected after 15712ms
2022-08-04 23:33:27,295 [b786a278-2a24-4ec7-9aa8-d18b8d900ce5-server-thread1] INFO  ratis.XceiverServerRatis (XceiverServerRatis.java:handleLeaderChangedNotification(863)) - Leader change notification received for group: group-59B161CAA631 with new leaderId: d1929e7c-bce5-4a44-9038-4ac351dcfd7d
2022-08-04 23:33:27,295 [b786a278-2a24-4ec7-9aa8-d18b8d900ce5-server-thread1] INFO  server.RaftServer$Division (ServerState.java:setLeader(287)) - b786a278-2a24-4ec7-9aa8-d18b8d900ce5@group-59B161CAA631: change Leader from null to d1929e7c-bce5-4a44-9038-4ac351dcfd7d at term 3 for appendEntries, leader elected after 15895ms
2022-08-04 23:33:27,304 [46498e79-339e-4043-98fa-d899ecef5ee7-server-thread1] INFO  server.RaftServer$Division (ServerState.java:setRaftConf(393)) - 46498e79-339e-4043-98fa-d899ecef5ee7@group-59B161CAA631: set configuration 0: [46498e79-339e-4043-98fa-d899ecef5ee7|rpc:10.1.0.37:37807|dataStream:|priority:0, b786a278-2a24-4ec7-9aa8-d18b8d900ce5|rpc:10.1.0.37:44407|dataStream:|priority:0, d1929e7c-bce5-4a44-9038-4ac351dcfd7d|rpc:10.1.0.37:45277|dataStream:|priority:1], old=null
2022-08-04 23:33:27,304 [46498e79-339e-4043-98fa-d899ecef5ee7-server-thread1] INFO  segmented.SegmentedRaftLogWorker (SegmentedRaftLogWorker.java:startLogSegment(425)) - 46498e79-339e-4043-98fa-d899ecef5ee7@group-59B161CAA631-SegmentedRaftLogWorker: Starting segment from index:0
2022-08-04 23:33:27,306 [46498e79-339e-4043-98fa-d899ecef5ee7@group-59B161CAA631-SegmentedRaftLogWorker] INFO  segmented.SegmentedRaftLogWorker (SegmentedRaftLogWorker.java:execute(629)) - 46498e79-339e-4043-98fa-d899ecef5ee7@group-59B161CAA631-SegmentedRaftLogWorker: created new log segment /home/runner/work/ozone/ozone/hadoop-ozone/integration-test/target/test-dir/MiniOzoneClusterImpl-f8ed8ae5-4e76-40f1-a193-ab9d13fb0c59/datanode-1/data/ratis/d2bb860f-bb90-4c59-accb-59b161caa631/current/log_inprogress_0
2022-08-04 23:33:27,314 [b786a278-2a24-4ec7-9aa8-d18b8d900ce5@group-3F198B786EC5-FollowerState] INFO  impl.FollowerState (FollowerState.java:run(143)) - b786a278-2a24-4ec7-9aa8-d18b8d900ce5@group-3F198B786EC5-FollowerState: change to CANDIDATE, lastRpcElapsedTime:5057450674ns, electionTimeout:5054ms
2022-08-04 23:33:27,314 [b786a278-2a24-4ec7-9aa8-d18b8d900ce5@group-3F198B786EC5-FollowerState] INFO  impl.RoleInfo (RoleInfo.java:shutdownFollowerState(110)) - b786a278-2a24-4ec7-9aa8-d18b8d900ce5: shutdown b786a278-2a24-4ec7-9aa8-d18b8d900ce5@group-3F198B786EC5-FollowerState
2022-08-04 23:33:27,314 [b786a278-2a24-4ec7-9aa8-d18b8d900ce5@group-3F198B786EC5-FollowerState] INFO  server.RaftServer$Division (RaftServerImpl.java:setRole(299)) - b786a278-2a24-4ec7-9aa8-d18b8d900ce5@group-3F198B786EC5: changes role from  FOLLOWER to CANDIDATE at term 2 for changeToCandidate
2022-08-04 23:33:27,314 [b786a278-2a24-4ec7-9aa8-d18b8d900ce5@group-3F198B786EC5-FollowerState] INFO  server.RaftServerConfigKeys (ConfUtils.java:logGet(46)) - raft.server.leaderelection.pre-vote = false (custom)
2022-08-04 23:33:27,314 [b786a278-2a24-4ec7-9aa8-d18b8d900ce5@group-3F198B786EC5-FollowerState] INFO  impl.RoleInfo (RoleInfo.java:updateAndGet(139)) - b786a278-2a24-4ec7-9aa8-d18b8d900ce5: start b786a278-2a24-4ec7-9aa8-d18b8d900ce5@group-3F198B786EC5-LeaderElection71
2022-08-04 23:33:27,357 [b786a278-2a24-4ec7-9aa8-d18b8d900ce5-server-thread1] INFO  server.RaftServer$Division (ServerState.java:setRaftConf(393)) - b786a278-2a24-4ec7-9aa8-d18b8d900ce5@group-59B161CAA631: set configuration 0: [46498e79-339e-4043-98fa-d899ecef5ee7|rpc:10.1.0.37:37807|dataStream:|priority:0, b786a278-2a24-4ec7-9aa8-d18b8d900ce5|rpc:10.1.0.37:44407|dataStream:|priority:0, d1929e7c-bce5-4a44-9038-4ac351dcfd7d|rpc:10.1.0.37:45277|dataStream:|priority:1], old=null
2022-08-04 23:33:27,357 [b786a278-2a24-4ec7-9aa8-d18b8d900ce5-server-thread1] INFO  segmented.SegmentedRaftLogWorker (SegmentedRaftLogWorker.java:startLogSegment(425)) - b786a278-2a24-4ec7-9aa8-d18b8d900ce5@group-59B161CAA631-SegmentedRaftLogWorker: Starting segment from index:0
2022-08-04 23:33:27,360 [b786a278-2a24-4ec7-9aa8-d18b8d900ce5@group-59B161CAA631-SegmentedRaftLogWorker] INFO  segmented.SegmentedRaftLogWorker (SegmentedRaftLogWorker.java:execute(629)) - b786a278-2a24-4ec7-9aa8-d18b8d900ce5@group-59B161CAA631-SegmentedRaftLogWorker: created new log segment /home/runner/work/ozone/ozone/hadoop-ozone/integration-test/target/test-dir/MiniOzoneClusterImpl-f8ed8ae5-4e76-40f1-a193-ab9d13fb0c59/datanode-0/data/ratis/d2bb860f-bb90-4c59-accb-59b161caa631/current/log_inprogress_0
2022-08-04 23:33:27,389 [b786a278-2a24-4ec7-9aa8-d18b8d900ce5@group-3F198B786EC5-LeaderElection71] INFO  impl.LeaderElection (LeaderElection.java:askForVotes(310)) - b786a278-2a24-4ec7-9aa8-d18b8d900ce5@group-3F198B786EC5-LeaderElection71 ELECTION round 0: submit vote requests at term 3 for -1: [46498e79-339e-4043-98fa-d899ecef5ee7|rpc:10.1.0.37:37807|priority:1, b786a278-2a24-4ec7-9aa8-d18b8d900ce5|rpc:10.1.0.37:44407|priority:0, d1929e7c-bce5-4a44-9038-4ac351dcfd7d|rpc:10.1.0.37:45277|priority:0], old=null
2022-08-04 23:33:27,412 [46498e79-339e-4043-98fa-d899ecef5ee7@group-3F198B786EC5-FollowerState] INFO  impl.FollowerState (FollowerState.java:run(143)) - 46498e79-339e-4043-98fa-d899ecef5ee7@group-3F198B786EC5-FollowerState: change to CANDIDATE, lastRpcElapsedTime:5192294114ns, electionTimeout:5188ms
2022-08-04 23:33:27,412 [46498e79-339e-4043-98fa-d899ecef5ee7@group-3F198B786EC5-FollowerState] INFO  impl.RoleInfo (RoleInfo.java:shutdownFollowerState(110)) - 46498e79-339e-4043-98fa-d899ecef5ee7: shutdown 46498e79-339e-4043-98fa-d899ecef5ee7@group-3F198B786EC5-FollowerState
2022-08-04 23:33:27,412 [46498e79-339e-4043-98fa-d899ecef5ee7@group-3F198B786EC5-FollowerState] INFO  server.RaftServer$Division (RaftServerImpl.java:setRole(299)) - 46498e79-339e-4043-98fa-d899ecef5ee7@group-3F198B786EC5: changes role from  FOLLOWER to CANDIDATE at term 2 for changeToCandidate
2022-08-04 23:33:27,413 [46498e79-339e-4043-98fa-d899ecef5ee7@group-3F198B786EC5-FollowerState] INFO  server.RaftServerConfigKeys (ConfUtils.java:logGet(46)) - raft.server.leaderelection.pre-vote = false (custom)
2022-08-04 23:33:27,413 [46498e79-339e-4043-98fa-d899ecef5ee7@group-3F198B786EC5-FollowerState] INFO  impl.RoleInfo (RoleInfo.java:updateAndGet(139)) - 46498e79-339e-4043-98fa-d899ecef5ee7: start 46498e79-339e-4043-98fa-d899ecef5ee7@group-3F198B786EC5-LeaderElection72
2022-08-04 23:33:27,427 [grpc-default-executor-0] INFO  server.RaftServer$Division (RaftServerImpl.java:requestVote(1152)) - 46498e79-339e-4043-98fa-d899ecef5ee7@group-3F198B786EC5: receive requestVote(ELECTION, b786a278-2a24-4ec7-9aa8-d18b8d900ce5, group-3F198B786EC5, 3, (t:0, i:0))
2022-08-04 23:33:27,427 [grpc-default-executor-0] INFO  impl.VoteContext (VoteContext.java:log(48)) - 46498e79-339e-4043-98fa-d899ecef5ee7@group-3F198B786EC5-CANDIDATE: reject ELECTION from b786a278-2a24-4ec7-9aa8-d18b8d900ce5: our priority 1 > candidate's priority 0
2022-08-04 23:33:27,427 [grpc-default-executor-0] INFO  server.RaftServer$Division (RaftServerImpl.java:setRole(299)) - 46498e79-339e-4043-98fa-d899ecef5ee7@group-3F198B786EC5: changes role from CANDIDATE to FOLLOWER at term 3 for candidate:b786a278-2a24-4ec7-9aa8-d18b8d900ce5
2022-08-04 23:33:27,427 [grpc-default-executor-0] INFO  impl.RoleInfo (RoleInfo.java:shutdownLeaderElection(130)) - 46498e79-339e-4043-98fa-d899ecef5ee7: shutdown 46498e79-339e-4043-98fa-d899ecef5ee7@group-3F198B786EC5-LeaderElection72
2022-08-04 23:33:27,428 [grpc-default-executor-0] INFO  impl.RoleInfo (RoleInfo.java:updateAndGet(139)) - 46498e79-339e-4043-98fa-d899ecef5ee7: start 46498e79-339e-4043-98fa-d899ecef5ee7@group-3F198B786EC5-FollowerState
2022-08-04 23:33:27,428 [grpc-default-executor-2] INFO  server.RaftServer$Division (RaftServerImpl.java:requestVote(1152)) - d1929e7c-bce5-4a44-9038-4ac351dcfd7d@group-3F198B786EC5: receive requestVote(ELECTION, b786a278-2a24-4ec7-9aa8-d18b8d900ce5, group-3F198B786EC5, 3, (t:0, i:0))
2022-08-04 23:33:27,428 [grpc-default-executor-2] INFO  impl.VoteContext (VoteContext.java:log(48)) - d1929e7c-bce5-4a44-9038-4ac351dcfd7d@group-3F198B786EC5-FOLLOWER: accept ELECTION from b786a278-2a24-4ec7-9aa8-d18b8d900ce5: our priority 0 <= candidate's priority 0
2022-08-04 23:33:27,428 [grpc-default-executor-2] INFO  server.RaftServer$Division (RaftServerImpl.java:setRole(299)) - d1929e7c-bce5-4a44-9038-4ac351dcfd7d@group-3F198B786EC5: changes role from  FOLLOWER to FOLLOWER at term 3 for candidate:b786a278-2a24-4ec7-9aa8-d18b8d900ce5
2022-08-04 23:33:27,428 [grpc-default-executor-2] INFO  impl.RoleInfo (RoleInfo.java:shutdownFollowerState(110)) - d1929e7c-bce5-4a44-9038-4ac351dcfd7d: shutdown d1929e7c-bce5-4a44-9038-4ac351dcfd7d@group-3F198B786EC5-FollowerState
2022-08-04 23:33:27,436 [grpc-default-executor-0] INFO  server.RaftServer$Division (RaftServerImpl.java:requestVote(1184)) - 46498e79-339e-4043-98fa-d899ecef5ee7@group-3F198B786EC5 replies to ELECTION vote request: b786a278-2a24-4ec7-9aa8-d18b8d900ce5<-46498e79-339e-4043-98fa-d899ecef5ee7#0:FAIL-t3. Peer's state: 46498e79-339e-4043-98fa-d899ecef5ee7@group-3F198B786EC5:t3, leader=null, voted=null, raftlog=46498e79-339e-4043-98fa-d899ecef5ee7@group-3F198B786EC5-SegmentedRaftLog:OPENED:c-1, conf=-1: [46498e79-339e-4043-98fa-d899ecef5ee7|rpc:10.1.0.37:37807|dataStream:|priority:1, b786a278-2a24-4ec7-9aa8-d18b8d900ce5|rpc:10.1.0.37:44407|dataStream:|priority:0, d1929e7c-bce5-4a44-9038-4ac351dcfd7d|rpc:10.1.0.37:45277|dataStream:|priority:0], old=null
2022-08-04 23:33:27,438 [b786a278-2a24-4ec7-9aa8-d18b8d900ce5@group-3F198B786EC5-LeaderElection71] INFO  impl.LeaderElection (LeaderElection.java:logAndReturn(90)) - b786a278-2a24-4ec7-9aa8-d18b8d900ce5@group-3F198B786EC5-LeaderElection71: ELECTION REJECTED received 1 response(s) and 0 exception(s):
2022-08-04 23:33:27,438 [b786a278-2a24-4ec7-9aa8-d18b8d900ce5@group-3F198B786EC5-LeaderElection71] INFO  impl.LeaderElection (LeaderElection.java:logAndReturn(94)) -   Response 0: b786a278-2a24-4ec7-9aa8-d18b8d900ce5<-46498e79-339e-4043-98fa-d899ecef5ee7#0:FAIL-t3
2022-08-04 23:33:27,438 [b786a278-2a24-4ec7-9aa8-d18b8d900ce5@group-3F198B786EC5-LeaderElection71] INFO  impl.LeaderElection (LeaderElection.java:askForVotes(312)) - b786a278-2a24-4ec7-9aa8-d18b8d900ce5@group-3F198B786EC5-LeaderElection71 ELECTION round 0: result REJECTED
2022-08-04 23:33:27,438 [b786a278-2a24-4ec7-9aa8-d18b8d900ce5@group-3F198B786EC5-LeaderElection71] INFO  server.RaftServer$Division (RaftServerImpl.java:setRole(299)) - b786a278-2a24-4ec7-9aa8-d18b8d900ce5@group-3F198B786EC5: changes role from CANDIDATE to FOLLOWER at term 3 for REJECTED
2022-08-04 23:33:27,438 [b786a278-2a24-4ec7-9aa8-d18b8d900ce5@group-3F198B786EC5-LeaderElection71] INFO  impl.RoleInfo (RoleInfo.java:shutdownLeaderElection(130)) - b786a278-2a24-4ec7-9aa8-d18b8d900ce5: shutdown b786a278-2a24-4ec7-9aa8-d18b8d900ce5@group-3F198B786EC5-LeaderElection71
2022-08-04 23:33:27,438 [b786a278-2a24-4ec7-9aa8-d18b8d900ce5@group-3F198B786EC5-LeaderElection71] INFO  impl.RoleInfo (RoleInfo.java:updateAndGet(139)) - b786a278-2a24-4ec7-9aa8-d18b8d900ce5: start b786a278-2a24-4ec7-9aa8-d18b8d900ce5@group-3F198B786EC5-FollowerState
2022-08-04 23:33:27,471 [46498e79-339e-4043-98fa-d899ecef5ee7@group-3F198B786EC5-LeaderElection72] INFO  impl.LeaderElection (LeaderElection.java:run(231)) - 46498e79-339e-4043-98fa-d899ecef5ee7@group-3F198B786EC5-LeaderElection72: skip running since this is already CLOSING
2022-08-04 23:33:27,471 [grpc-default-executor-2] INFO  impl.RoleInfo (RoleInfo.java:updateAndGet(139)) - d1929e7c-bce5-4a44-9038-4ac351dcfd7d: start d1929e7c-bce5-4a44-9038-4ac351dcfd7d@group-3F198B786EC5-FollowerState
2022-08-04 23:33:27,474 [grpc-default-executor-2] INFO  server.RaftServer$Division (RaftServerImpl.java:requestVote(1184)) - d1929e7c-bce5-4a44-9038-4ac351dcfd7d@group-3F198B786EC5 replies to ELECTION vote request: b786a278-2a24-4ec7-9aa8-d18b8d900ce5<-d1929e7c-bce5-4a44-9038-4ac351dcfd7d#0:OK-t3. Peer's state: d1929e7c-bce5-4a44-9038-4ac351dcfd7d@group-3F198B786EC5:t3, leader=null, voted=b786a278-2a24-4ec7-9aa8-d18b8d900ce5, raftlog=d1929e7c-bce5-4a44-9038-4ac351dcfd7d@group-3F198B786EC5-SegmentedRaftLog:OPENED:c-1, conf=-1: [46498e79-339e-4043-98fa-d899ecef5ee7|rpc:10.1.0.37:37807|dataStream:|priority:1, b786a278-2a24-4ec7-9aa8-d18b8d900ce5|rpc:10.1.0.37:44407|dataStream:|priority:0, d1929e7c-bce5-4a44-9038-4ac351dcfd7d|rpc:10.1.0.37:45277|dataStream:|priority:0], old=null
2022-08-04 23:33:27,479 [d1929e7c-bce5-4a44-9038-4ac351dcfd7d@group-3F198B786EC5-FollowerState] INFO  impl.FollowerState (FollowerState.java:run(152)) - d1929e7c-bce5-4a44-9038-4ac351dcfd7d@group-3F198B786EC5-FollowerState was interrupted
2022-08-04 23:33:27,932 [Listener at 127.0.0.1/43985] INFO  ozone.MiniOzoneClusterImpl (MiniOzoneClusterImpl.java:lambda$waitForClusterToBeReady$0(216)) - Nodes are ready. Got 3 of 3 DN Heartbeats.
2022-08-04 23:33:27,932 [Listener at 127.0.0.1/43985] INFO  ozone.MiniOzoneClusterImpl (MiniOzoneClusterImpl.java:lambda$waitForClusterToBeReady$0(219)) - Cluster exits safe mode
2022-08-04 23:33:27,933 [Listener at 127.0.0.1/43985] INFO  ozone.MiniOzoneClusterImpl (MiniOzoneClusterImpl.java:lambda$waitForClusterToBeReady$0(221)) - SCM became leader
]]></system-out>
    </rerunFailure>
  </testcase>
  <testcase name="testLeaderIdUsedOnFirstCall" classname="org.apache.hadoop.hdds.scm.TestRatisPipelineLeader" time="0.001">
    <failure type="java.lang.AssertionError"><![CDATA[java.lang.AssertionError
	at org.junit.Assert.fail(Assert.java:87)
	at org.junit.Assert.assertTrue(Assert.java:42)
	at org.junit.Assert.assertTrue(Assert.java:53)
	at org.apache.hadoop.hdds.scm.TestRatisPipelineLeader.testLeaderIdUsedOnFirstCall(TestRatisPipelineLeader.java:85)
	at sun.reflect.NativeMethodAccessorImpl.invoke0(Native Method)
	at sun.reflect.NativeMethodAccessorImpl.invoke(NativeMethodAccessorImpl.java:62)
	at sun.reflect.DelegatingMethodAccessorImpl.invoke(DelegatingMethodAccessorImpl.java:43)
	at java.lang.reflect.Method.invoke(Method.java:498)
	at org.junit.platform.commons.util.ReflectionUtils.invokeMethod(ReflectionUtils.java:725)
	at org.junit.jupiter.engine.execution.MethodInvocation.proceed(MethodInvocation.java:60)
	at org.junit.jupiter.engine.execution.InvocationInterceptorChain$ValidatingInvocation.proceed(InvocationInterceptorChain.java:131)
	at org.junit.jupiter.engine.extension.TimeoutInvocation.proceed(TimeoutInvocation.java:46)
	at org.junit.jupiter.engine.extension.TimeoutExtension.intercept(TimeoutExtension.java:149)
	at org.junit.jupiter.engine.extension.TimeoutExtension.interceptTestableMethod(TimeoutExtension.java:140)
	at org.junit.jupiter.engine.extension.TimeoutExtension.interceptTestMethod(TimeoutExtension.java:84)
	at org.junit.jupiter.engine.execution.ExecutableInvoker$ReflectiveInterceptorCall.lambda$ofVoidMethod$0(ExecutableInvoker.java:115)
	at org.junit.jupiter.engine.execution.ExecutableInvoker.lambda$invoke$0(ExecutableInvoker.java:105)
	at org.junit.jupiter.engine.execution.InvocationInterceptorChain$InterceptedInvocation.proceed(InvocationInterceptorChain.java:106)
	at org.junit.jupiter.engine.execution.InvocationInterceptorChain.proceed(InvocationInterceptorChain.java:64)
	at org.junit.jupiter.engine.execution.InvocationInterceptorChain.chainAndInvoke(InvocationInterceptorChain.java:45)
	at org.junit.jupiter.engine.execution.InvocationInterceptorChain.invoke(InvocationInterceptorChain.java:37)
	at org.junit.jupiter.engine.execution.ExecutableInvoker.invoke(ExecutableInvoker.java:104)
	at org.junit.jupiter.engine.execution.ExecutableInvoker.invoke(ExecutableInvoker.java:98)
	at org.junit.jupiter.engine.descriptor.TestMethodTestDescriptor.lambda$invokeTestMethod$7(TestMethodTestDescriptor.java:214)
	at org.junit.platform.engine.support.hierarchical.ThrowableCollector.execute(ThrowableCollector.java:73)
	at org.junit.jupiter.engine.descriptor.TestMethodTestDescriptor.invokeTestMethod(TestMethodTestDescriptor.java:210)
	at org.junit.jupiter.engine.descriptor.TestMethodTestDescriptor.execute(TestMethodTestDescriptor.java:135)
	at org.junit.jupiter.engine.descriptor.TestMethodTestDescriptor.execute(TestMethodTestDescriptor.java:66)
	at org.junit.platform.engine.support.hierarchical.NodeTestTask.lambda$executeRecursively$6(NodeTestTask.java:151)
	at org.junit.platform.engine.support.hierarchical.ThrowableCollector.execute(ThrowableCollector.java:73)
	at org.junit.platform.engine.support.hierarchical.NodeTestTask.lambda$executeRecursively$8(NodeTestTask.java:141)
	at org.junit.platform.engine.support.hierarchical.Node.around(Node.java:137)
	at org.junit.platform.engine.support.hierarchical.NodeTestTask.lambda$executeRecursively$9(NodeTestTask.java:139)
	at org.junit.platform.engine.support.hierarchical.ThrowableCollector.execute(ThrowableCollector.java:73)
	at org.junit.platform.engine.support.hierarchical.NodeTestTask.executeRecursively(NodeTestTask.java:138)
	at org.junit.platform.engine.support.hierarchical.NodeTestTask.execute(NodeTestTask.java:95)
	at java.util.ArrayList.forEach(ArrayList.java:1259)
	at org.junit.platform.engine.support.hierarchical.SameThreadHierarchicalTestExecutorService.invokeAll(SameThreadHierarchicalTestExecutorService.java:41)
	at org.junit.platform.engine.support.hierarchical.NodeTestTask.lambda$executeRecursively$6(NodeTestTask.java:155)
	at org.junit.platform.engine.support.hierarchical.ThrowableCollector.execute(ThrowableCollector.java:73)
	at org.junit.platform.engine.support.hierarchical.NodeTestTask.lambda$executeRecursively$8(NodeTestTask.java:141)
	at org.junit.platform.engine.support.hierarchical.Node.around(Node.java:137)
	at org.junit.platform.engine.support.hierarchical.NodeTestTask.lambda$executeRecursively$9(NodeTestTask.java:139)
	at org.junit.platform.engine.support.hierarchical.ThrowableCollector.execute(ThrowableCollector.java:73)
	at org.junit.platform.engine.support.hierarchical.NodeTestTask.executeRecursively(NodeTestTask.java:138)
	at org.junit.platform.engine.support.hierarchical.NodeTestTask.execute(NodeTestTask.java:95)
	at java.util.ArrayList.forEach(ArrayList.java:1259)
	at org.junit.platform.engine.support.hierarchical.SameThreadHierarchicalTestExecutorService.invokeAll(SameThreadHierarchicalTestExecutorService.java:41)
	at org.junit.platform.engine.support.hierarchical.NodeTestTask.lambda$executeRecursively$6(NodeTestTask.java:155)
	at org.junit.platform.engine.support.hierarchical.ThrowableCollector.execute(ThrowableCollector.java:73)
	at org.junit.platform.engine.support.hierarchical.NodeTestTask.lambda$executeRecursively$8(NodeTestTask.java:141)
	at org.junit.platform.engine.support.hierarchical.Node.around(Node.java:137)
	at org.junit.platform.engine.support.hierarchical.NodeTestTask.lambda$executeRecursively$9(NodeTestTask.java:139)
	at org.junit.platform.engine.support.hierarchical.ThrowableCollector.execute(ThrowableCollector.java:73)
	at org.junit.platform.engine.support.hierarchical.NodeTestTask.executeRecursively(NodeTestTask.java:138)
	at org.junit.platform.engine.support.hierarchical.NodeTestTask.execute(NodeTestTask.java:95)
	at org.junit.platform.engine.support.hierarchical.SameThreadHierarchicalTestExecutorService.submit(SameThreadHierarchicalTestExecutorService.java:35)
	at org.junit.platform.engine.support.hierarchical.HierarchicalTestExecutor.execute(HierarchicalTestExecutor.java:57)
	at org.junit.platform.engine.support.hierarchical.HierarchicalTestEngine.execute(HierarchicalTestEngine.java:54)
	at org.junit.platform.launcher.core.EngineExecutionOrchestrator.execute(EngineExecutionOrchestrator.java:107)
	at org.junit.platform.launcher.core.EngineExecutionOrchestrator.execute(EngineExecutionOrchestrator.java:88)
	at org.junit.platform.launcher.core.EngineExecutionOrchestrator.lambda$execute$0(EngineExecutionOrchestrator.java:54)
	at org.junit.platform.launcher.core.EngineExecutionOrchestrator.withInterceptedStreams(EngineExecutionOrchestrator.java:67)
	at org.junit.platform.launcher.core.EngineExecutionOrchestrator.execute(EngineExecutionOrchestrator.java:52)
	at org.junit.platform.launcher.core.DefaultLauncher.execute(DefaultLauncher.java:114)
	at org.junit.platform.launcher.core.DefaultLauncher.execute(DefaultLauncher.java:86)
	at org.junit.platform.launcher.core.DefaultLauncherSession$DelegatingLauncher.execute(DefaultLauncherSession.java:86)
	at org.junit.platform.launcher.core.SessionPerRequestLauncher.execute(SessionPerRequestLauncher.java:53)
	at org.apache.maven.surefire.junitplatform.JUnitPlatformProvider.execute(JUnitPlatformProvider.java:188)
	at org.apache.maven.surefire.junitplatform.JUnitPlatformProvider.invokeAllTests(JUnitPlatformProvider.java:154)
	at org.apache.maven.surefire.junitplatform.JUnitPlatformProvider.invoke(JUnitPlatformProvider.java:124)
	at org.apache.maven.surefire.booter.ForkedBooter.runSuitesInProcess(ForkedBooter.java:428)
	at org.apache.maven.surefire.booter.ForkedBooter.execute(ForkedBooter.java:162)
	at org.apache.maven.surefire.booter.ForkedBooter.run(ForkedBooter.java:562)
	at org.apache.maven.surefire.booter.ForkedBooter.main(ForkedBooter.java:548)
]]></failure>
    <rerunFailure type="java.lang.AssertionError">
      <stackTrace><![CDATA[java.lang.AssertionError
	at org.junit.Assert.fail(Assert.java:87)
	at org.junit.Assert.assertTrue(Assert.java:42)
	at org.junit.Assert.assertTrue(Assert.java:53)
	at org.apache.hadoop.hdds.scm.TestRatisPipelineLeader.testLeaderIdUsedOnFirstCall(TestRatisPipelineLeader.java:85)
	at sun.reflect.NativeMethodAccessorImpl.invoke0(Native Method)
	at sun.reflect.NativeMethodAccessorImpl.invoke(NativeMethodAccessorImpl.java:62)
	at sun.reflect.DelegatingMethodAccessorImpl.invoke(DelegatingMethodAccessorImpl.java:43)
	at java.lang.reflect.Method.invoke(Method.java:498)
	at org.junit.platform.commons.util.ReflectionUtils.invokeMethod(ReflectionUtils.java:725)
	at org.junit.jupiter.engine.execution.MethodInvocation.proceed(MethodInvocation.java:60)
	at org.junit.jupiter.engine.execution.InvocationInterceptorChain$ValidatingInvocation.proceed(InvocationInterceptorChain.java:131)
	at org.junit.jupiter.engine.extension.TimeoutInvocation.proceed(TimeoutInvocation.java:46)
	at org.junit.jupiter.engine.extension.TimeoutExtension.intercept(TimeoutExtension.java:149)
	at org.junit.jupiter.engine.extension.TimeoutExtension.interceptTestableMethod(TimeoutExtension.java:140)
	at org.junit.jupiter.engine.extension.TimeoutExtension.interceptTestMethod(TimeoutExtension.java:84)
	at org.junit.jupiter.engine.execution.ExecutableInvoker$ReflectiveInterceptorCall.lambda$ofVoidMethod$0(ExecutableInvoker.java:115)
	at org.junit.jupiter.engine.execution.ExecutableInvoker.lambda$invoke$0(ExecutableInvoker.java:105)
	at org.junit.jupiter.engine.execution.InvocationInterceptorChain$InterceptedInvocation.proceed(InvocationInterceptorChain.java:106)
	at org.junit.jupiter.engine.execution.InvocationInterceptorChain.proceed(InvocationInterceptorChain.java:64)
	at org.junit.jupiter.engine.execution.InvocationInterceptorChain.chainAndInvoke(InvocationInterceptorChain.java:45)
	at org.junit.jupiter.engine.execution.InvocationInterceptorChain.invoke(InvocationInterceptorChain.java:37)
	at org.junit.jupiter.engine.execution.ExecutableInvoker.invoke(ExecutableInvoker.java:104)
	at org.junit.jupiter.engine.execution.ExecutableInvoker.invoke(ExecutableInvoker.java:98)
	at org.junit.jupiter.engine.descriptor.TestMethodTestDescriptor.lambda$invokeTestMethod$7(TestMethodTestDescriptor.java:214)
	at org.junit.platform.engine.support.hierarchical.ThrowableCollector.execute(ThrowableCollector.java:73)
	at org.junit.jupiter.engine.descriptor.TestMethodTestDescriptor.invokeTestMethod(TestMethodTestDescriptor.java:210)
	at org.junit.jupiter.engine.descriptor.TestMethodTestDescriptor.execute(TestMethodTestDescriptor.java:135)
	at org.junit.jupiter.engine.descriptor.TestMethodTestDescriptor.execute(TestMethodTestDescriptor.java:66)
	at org.junit.platform.engine.support.hierarchical.NodeTestTask.lambda$executeRecursively$6(NodeTestTask.java:151)
	at org.junit.platform.engine.support.hierarchical.ThrowableCollector.execute(ThrowableCollector.java:73)
	at org.junit.platform.engine.support.hierarchical.NodeTestTask.lambda$executeRecursively$8(NodeTestTask.java:141)
	at org.junit.platform.engine.support.hierarchical.Node.around(Node.java:137)
	at org.junit.platform.engine.support.hierarchical.NodeTestTask.lambda$executeRecursively$9(NodeTestTask.java:139)
	at org.junit.platform.engine.support.hierarchical.ThrowableCollector.execute(ThrowableCollector.java:73)
	at org.junit.platform.engine.support.hierarchical.NodeTestTask.executeRecursively(NodeTestTask.java:138)
	at org.junit.platform.engine.support.hierarchical.NodeTestTask.execute(NodeTestTask.java:95)
	at java.util.ArrayList.forEach(ArrayList.java:1259)
	at org.junit.platform.engine.support.hierarchical.SameThreadHierarchicalTestExecutorService.invokeAll(SameThreadHierarchicalTestExecutorService.java:41)
	at org.junit.platform.engine.support.hierarchical.NodeTestTask.lambda$executeRecursively$6(NodeTestTask.java:155)
	at org.junit.platform.engine.support.hierarchical.ThrowableCollector.execute(ThrowableCollector.java:73)
	at org.junit.platform.engine.support.hierarchical.NodeTestTask.lambda$executeRecursively$8(NodeTestTask.java:141)
	at org.junit.platform.engine.support.hierarchical.Node.around(Node.java:137)
	at org.junit.platform.engine.support.hierarchical.NodeTestTask.lambda$executeRecursively$9(NodeTestTask.java:139)
	at org.junit.platform.engine.support.hierarchical.ThrowableCollector.execute(ThrowableCollector.java:73)
	at org.junit.platform.engine.support.hierarchical.NodeTestTask.executeRecursively(NodeTestTask.java:138)
	at org.junit.platform.engine.support.hierarchical.NodeTestTask.execute(NodeTestTask.java:95)
	at java.util.ArrayList.forEach(ArrayList.java:1259)
	at org.junit.platform.engine.support.hierarchical.SameThreadHierarchicalTestExecutorService.invokeAll(SameThreadHierarchicalTestExecutorService.java:41)
	at org.junit.platform.engine.support.hierarchical.NodeTestTask.lambda$executeRecursively$6(NodeTestTask.java:155)
	at org.junit.platform.engine.support.hierarchical.ThrowableCollector.execute(ThrowableCollector.java:73)
	at org.junit.platform.engine.support.hierarchical.NodeTestTask.lambda$executeRecursively$8(NodeTestTask.java:141)
	at org.junit.platform.engine.support.hierarchical.Node.around(Node.java:137)
	at org.junit.platform.engine.support.hierarchical.NodeTestTask.lambda$executeRecursively$9(NodeTestTask.java:139)
	at org.junit.platform.engine.support.hierarchical.ThrowableCollector.execute(ThrowableCollector.java:73)
	at org.junit.platform.engine.support.hierarchical.NodeTestTask.executeRecursively(NodeTestTask.java:138)
	at org.junit.platform.engine.support.hierarchical.NodeTestTask.execute(NodeTestTask.java:95)
	at org.junit.platform.engine.support.hierarchical.SameThreadHierarchicalTestExecutorService.submit(SameThreadHierarchicalTestExecutorService.java:35)
	at org.junit.platform.engine.support.hierarchical.HierarchicalTestExecutor.execute(HierarchicalTestExecutor.java:57)
	at org.junit.platform.engine.support.hierarchical.HierarchicalTestEngine.execute(HierarchicalTestEngine.java:54)
	at org.junit.platform.launcher.core.EngineExecutionOrchestrator.execute(EngineExecutionOrchestrator.java:107)
	at org.junit.platform.launcher.core.EngineExecutionOrchestrator.execute(EngineExecutionOrchestrator.java:88)
	at org.junit.platform.launcher.core.EngineExecutionOrchestrator.lambda$execute$0(EngineExecutionOrchestrator.java:54)
	at org.junit.platform.launcher.core.EngineExecutionOrchestrator.withInterceptedStreams(EngineExecutionOrchestrator.java:67)
	at org.junit.platform.launcher.core.EngineExecutionOrchestrator.execute(EngineExecutionOrchestrator.java:52)
	at org.junit.platform.launcher.core.DefaultLauncher.execute(DefaultLauncher.java:114)
	at org.junit.platform.launcher.core.DefaultLauncher.execute(DefaultLauncher.java:86)
	at org.junit.platform.launcher.core.DefaultLauncherSession$DelegatingLauncher.execute(DefaultLauncherSession.java:86)
	at org.junit.platform.launcher.core.SessionPerRequestLauncher.execute(SessionPerRequestLauncher.java:53)
	at org.apache.maven.surefire.junitplatform.JUnitPlatformProvider.invokeAllTests(JUnitPlatformProvider.java:165)
	at org.apache.maven.surefire.junitplatform.JUnitPlatformProvider.invoke(JUnitPlatformProvider.java:124)
	at org.apache.maven.surefire.booter.ForkedBooter.runSuitesInProcess(ForkedBooter.java:428)
	at org.apache.maven.surefire.booter.ForkedBooter.execute(ForkedBooter.java:162)
	at org.apache.maven.surefire.booter.ForkedBooter.run(ForkedBooter.java:562)
	at org.apache.maven.surefire.booter.ForkedBooter.main(ForkedBooter.java:548)
]]></stackTrace>
    </rerunFailure>
    <rerunFailure type="java.lang.AssertionError">
      <stackTrace><![CDATA[java.lang.AssertionError
	at org.junit.Assert.fail(Assert.java:87)
	at org.junit.Assert.assertTrue(Assert.java:42)
	at org.junit.Assert.assertTrue(Assert.java:53)
	at org.apache.hadoop.hdds.scm.TestRatisPipelineLeader.testLeaderIdUsedOnFirstCall(TestRatisPipelineLeader.java:85)
	at sun.reflect.NativeMethodAccessorImpl.invoke0(Native Method)
	at sun.reflect.NativeMethodAccessorImpl.invoke(NativeMethodAccessorImpl.java:62)
	at sun.reflect.DelegatingMethodAccessorImpl.invoke(DelegatingMethodAccessorImpl.java:43)
	at java.lang.reflect.Method.invoke(Method.java:498)
	at org.junit.platform.commons.util.ReflectionUtils.invokeMethod(ReflectionUtils.java:725)
	at org.junit.jupiter.engine.execution.MethodInvocation.proceed(MethodInvocation.java:60)
	at org.junit.jupiter.engine.execution.InvocationInterceptorChain$ValidatingInvocation.proceed(InvocationInterceptorChain.java:131)
	at org.junit.jupiter.engine.extension.TimeoutInvocation.proceed(TimeoutInvocation.java:46)
	at org.junit.jupiter.engine.extension.TimeoutExtension.intercept(TimeoutExtension.java:149)
	at org.junit.jupiter.engine.extension.TimeoutExtension.interceptTestableMethod(TimeoutExtension.java:140)
	at org.junit.jupiter.engine.extension.TimeoutExtension.interceptTestMethod(TimeoutExtension.java:84)
	at org.junit.jupiter.engine.execution.ExecutableInvoker$ReflectiveInterceptorCall.lambda$ofVoidMethod$0(ExecutableInvoker.java:115)
	at org.junit.jupiter.engine.execution.ExecutableInvoker.lambda$invoke$0(ExecutableInvoker.java:105)
	at org.junit.jupiter.engine.execution.InvocationInterceptorChain$InterceptedInvocation.proceed(InvocationInterceptorChain.java:106)
	at org.junit.jupiter.engine.execution.InvocationInterceptorChain.proceed(InvocationInterceptorChain.java:64)
	at org.junit.jupiter.engine.execution.InvocationInterceptorChain.chainAndInvoke(InvocationInterceptorChain.java:45)
	at org.junit.jupiter.engine.execution.InvocationInterceptorChain.invoke(InvocationInterceptorChain.java:37)
	at org.junit.jupiter.engine.execution.ExecutableInvoker.invoke(ExecutableInvoker.java:104)
	at org.junit.jupiter.engine.execution.ExecutableInvoker.invoke(ExecutableInvoker.java:98)
	at org.junit.jupiter.engine.descriptor.TestMethodTestDescriptor.lambda$invokeTestMethod$7(TestMethodTestDescriptor.java:214)
	at org.junit.platform.engine.support.hierarchical.ThrowableCollector.execute(ThrowableCollector.java:73)
	at org.junit.jupiter.engine.descriptor.TestMethodTestDescriptor.invokeTestMethod(TestMethodTestDescriptor.java:210)
	at org.junit.jupiter.engine.descriptor.TestMethodTestDescriptor.execute(TestMethodTestDescriptor.java:135)
	at org.junit.jupiter.engine.descriptor.TestMethodTestDescriptor.execute(TestMethodTestDescriptor.java:66)
	at org.junit.platform.engine.support.hierarchical.NodeTestTask.lambda$executeRecursively$6(NodeTestTask.java:151)
	at org.junit.platform.engine.support.hierarchical.ThrowableCollector.execute(ThrowableCollector.java:73)
	at org.junit.platform.engine.support.hierarchical.NodeTestTask.lambda$executeRecursively$8(NodeTestTask.java:141)
	at org.junit.platform.engine.support.hierarchical.Node.around(Node.java:137)
	at org.junit.platform.engine.support.hierarchical.NodeTestTask.lambda$executeRecursively$9(NodeTestTask.java:139)
	at org.junit.platform.engine.support.hierarchical.ThrowableCollector.execute(ThrowableCollector.java:73)
	at org.junit.platform.engine.support.hierarchical.NodeTestTask.executeRecursively(NodeTestTask.java:138)
	at org.junit.platform.engine.support.hierarchical.NodeTestTask.execute(NodeTestTask.java:95)
	at java.util.ArrayList.forEach(ArrayList.java:1259)
	at org.junit.platform.engine.support.hierarchical.SameThreadHierarchicalTestExecutorService.invokeAll(SameThreadHierarchicalTestExecutorService.java:41)
	at org.junit.platform.engine.support.hierarchical.NodeTestTask.lambda$executeRecursively$6(NodeTestTask.java:155)
	at org.junit.platform.engine.support.hierarchical.ThrowableCollector.execute(ThrowableCollector.java:73)
	at org.junit.platform.engine.support.hierarchical.NodeTestTask.lambda$executeRecursively$8(NodeTestTask.java:141)
	at org.junit.platform.engine.support.hierarchical.Node.around(Node.java:137)
	at org.junit.platform.engine.support.hierarchical.NodeTestTask.lambda$executeRecursively$9(NodeTestTask.java:139)
	at org.junit.platform.engine.support.hierarchical.ThrowableCollector.execute(ThrowableCollector.java:73)
	at org.junit.platform.engine.support.hierarchical.NodeTestTask.executeRecursively(NodeTestTask.java:138)
	at org.junit.platform.engine.support.hierarchical.NodeTestTask.execute(NodeTestTask.java:95)
	at java.util.ArrayList.forEach(ArrayList.java:1259)
	at org.junit.platform.engine.support.hierarchical.SameThreadHierarchicalTestExecutorService.invokeAll(SameThreadHierarchicalTestExecutorService.java:41)
	at org.junit.platform.engine.support.hierarchical.NodeTestTask.lambda$executeRecursively$6(NodeTestTask.java:155)
	at org.junit.platform.engine.support.hierarchical.ThrowableCollector.execute(ThrowableCollector.java:73)
	at org.junit.platform.engine.support.hierarchical.NodeTestTask.lambda$executeRecursively$8(NodeTestTask.java:141)
	at org.junit.platform.engine.support.hierarchical.Node.around(Node.java:137)
	at org.junit.platform.engine.support.hierarchical.NodeTestTask.lambda$executeRecursively$9(NodeTestTask.java:139)
	at org.junit.platform.engine.support.hierarchical.ThrowableCollector.execute(ThrowableCollector.java:73)
	at org.junit.platform.engine.support.hierarchical.NodeTestTask.executeRecursively(NodeTestTask.java:138)
	at org.junit.platform.engine.support.hierarchical.NodeTestTask.execute(NodeTestTask.java:95)
	at org.junit.platform.engine.support.hierarchical.SameThreadHierarchicalTestExecutorService.submit(SameThreadHierarchicalTestExecutorService.java:35)
	at org.junit.platform.engine.support.hierarchical.HierarchicalTestExecutor.execute(HierarchicalTestExecutor.java:57)
	at org.junit.platform.engine.support.hierarchical.HierarchicalTestEngine.execute(HierarchicalTestEngine.java:54)
	at org.junit.platform.launcher.core.EngineExecutionOrchestrator.execute(EngineExecutionOrchestrator.java:107)
	at org.junit.platform.launcher.core.EngineExecutionOrchestrator.execute(EngineExecutionOrchestrator.java:88)
	at org.junit.platform.launcher.core.EngineExecutionOrchestrator.lambda$execute$0(EngineExecutionOrchestrator.java:54)
	at org.junit.platform.launcher.core.EngineExecutionOrchestrator.withInterceptedStreams(EngineExecutionOrchestrator.java:67)
	at org.junit.platform.launcher.core.EngineExecutionOrchestrator.execute(EngineExecutionOrchestrator.java:52)
	at org.junit.platform.launcher.core.DefaultLauncher.execute(DefaultLauncher.java:114)
	at org.junit.platform.launcher.core.DefaultLauncher.execute(DefaultLauncher.java:86)
	at org.junit.platform.launcher.core.DefaultLauncherSession$DelegatingLauncher.execute(DefaultLauncherSession.java:86)
	at org.junit.platform.launcher.core.SessionPerRequestLauncher.execute(SessionPerRequestLauncher.java:53)
	at org.apache.maven.surefire.junitplatform.JUnitPlatformProvider.invokeAllTests(JUnitPlatformProvider.java:165)
	at org.apache.maven.surefire.junitplatform.JUnitPlatformProvider.invoke(JUnitPlatformProvider.java:124)
	at org.apache.maven.surefire.booter.ForkedBooter.runSuitesInProcess(ForkedBooter.java:428)
	at org.apache.maven.surefire.booter.ForkedBooter.execute(ForkedBooter.java:162)
	at org.apache.maven.surefire.booter.ForkedBooter.run(ForkedBooter.java:562)
	at org.apache.maven.surefire.booter.ForkedBooter.main(ForkedBooter.java:548)
]]></stackTrace>
    </rerunFailure>
    <rerunFailure type="java.lang.AssertionError">
      <stackTrace><![CDATA[java.lang.AssertionError
	at org.junit.Assert.fail(Assert.java:87)
	at org.junit.Assert.assertTrue(Assert.java:42)
	at org.junit.Assert.assertTrue(Assert.java:53)
	at org.apache.hadoop.hdds.scm.TestRatisPipelineLeader.testLeaderIdUsedOnFirstCall(TestRatisPipelineLeader.java:85)
	at sun.reflect.NativeMethodAccessorImpl.invoke0(Native Method)
	at sun.reflect.NativeMethodAccessorImpl.invoke(NativeMethodAccessorImpl.java:62)
	at sun.reflect.DelegatingMethodAccessorImpl.invoke(DelegatingMethodAccessorImpl.java:43)
	at java.lang.reflect.Method.invoke(Method.java:498)
	at org.junit.platform.commons.util.ReflectionUtils.invokeMethod(ReflectionUtils.java:725)
	at org.junit.jupiter.engine.execution.MethodInvocation.proceed(MethodInvocation.java:60)
	at org.junit.jupiter.engine.execution.InvocationInterceptorChain$ValidatingInvocation.proceed(InvocationInterceptorChain.java:131)
	at org.junit.jupiter.engine.extension.TimeoutInvocation.proceed(TimeoutInvocation.java:46)
	at org.junit.jupiter.engine.extension.TimeoutExtension.intercept(TimeoutExtension.java:149)
	at org.junit.jupiter.engine.extension.TimeoutExtension.interceptTestableMethod(TimeoutExtension.java:140)
	at org.junit.jupiter.engine.extension.TimeoutExtension.interceptTestMethod(TimeoutExtension.java:84)
	at org.junit.jupiter.engine.execution.ExecutableInvoker$ReflectiveInterceptorCall.lambda$ofVoidMethod$0(ExecutableInvoker.java:115)
	at org.junit.jupiter.engine.execution.ExecutableInvoker.lambda$invoke$0(ExecutableInvoker.java:105)
	at org.junit.jupiter.engine.execution.InvocationInterceptorChain$InterceptedInvocation.proceed(InvocationInterceptorChain.java:106)
	at org.junit.jupiter.engine.execution.InvocationInterceptorChain.proceed(InvocationInterceptorChain.java:64)
	at org.junit.jupiter.engine.execution.InvocationInterceptorChain.chainAndInvoke(InvocationInterceptorChain.java:45)
	at org.junit.jupiter.engine.execution.InvocationInterceptorChain.invoke(InvocationInterceptorChain.java:37)
	at org.junit.jupiter.engine.execution.ExecutableInvoker.invoke(ExecutableInvoker.java:104)
	at org.junit.jupiter.engine.execution.ExecutableInvoker.invoke(ExecutableInvoker.java:98)
	at org.junit.jupiter.engine.descriptor.TestMethodTestDescriptor.lambda$invokeTestMethod$7(TestMethodTestDescriptor.java:214)
	at org.junit.platform.engine.support.hierarchical.ThrowableCollector.execute(ThrowableCollector.java:73)
	at org.junit.jupiter.engine.descriptor.TestMethodTestDescriptor.invokeTestMethod(TestMethodTestDescriptor.java:210)
	at org.junit.jupiter.engine.descriptor.TestMethodTestDescriptor.execute(TestMethodTestDescriptor.java:135)
	at org.junit.jupiter.engine.descriptor.TestMethodTestDescriptor.execute(TestMethodTestDescriptor.java:66)
	at org.junit.platform.engine.support.hierarchical.NodeTestTask.lambda$executeRecursively$6(NodeTestTask.java:151)
	at org.junit.platform.engine.support.hierarchical.ThrowableCollector.execute(ThrowableCollector.java:73)
	at org.junit.platform.engine.support.hierarchical.NodeTestTask.lambda$executeRecursively$8(NodeTestTask.java:141)
	at org.junit.platform.engine.support.hierarchical.Node.around(Node.java:137)
	at org.junit.platform.engine.support.hierarchical.NodeTestTask.lambda$executeRecursively$9(NodeTestTask.java:139)
	at org.junit.platform.engine.support.hierarchical.ThrowableCollector.execute(ThrowableCollector.java:73)
	at org.junit.platform.engine.support.hierarchical.NodeTestTask.executeRecursively(NodeTestTask.java:138)
	at org.junit.platform.engine.support.hierarchical.NodeTestTask.execute(NodeTestTask.java:95)
	at java.util.ArrayList.forEach(ArrayList.java:1259)
	at org.junit.platform.engine.support.hierarchical.SameThreadHierarchicalTestExecutorService.invokeAll(SameThreadHierarchicalTestExecutorService.java:41)
	at org.junit.platform.engine.support.hierarchical.NodeTestTask.lambda$executeRecursively$6(NodeTestTask.java:155)
	at org.junit.platform.engine.support.hierarchical.ThrowableCollector.execute(ThrowableCollector.java:73)
	at org.junit.platform.engine.support.hierarchical.NodeTestTask.lambda$executeRecursively$8(NodeTestTask.java:141)
	at org.junit.platform.engine.support.hierarchical.Node.around(Node.java:137)
	at org.junit.platform.engine.support.hierarchical.NodeTestTask.lambda$executeRecursively$9(NodeTestTask.java:139)
	at org.junit.platform.engine.support.hierarchical.ThrowableCollector.execute(ThrowableCollector.java:73)
	at org.junit.platform.engine.support.hierarchical.NodeTestTask.executeRecursively(NodeTestTask.java:138)
	at org.junit.platform.engine.support.hierarchical.NodeTestTask.execute(NodeTestTask.java:95)
	at java.util.ArrayList.forEach(ArrayList.java:1259)
	at org.junit.platform.engine.support.hierarchical.SameThreadHierarchicalTestExecutorService.invokeAll(SameThreadHierarchicalTestExecutorService.java:41)
	at org.junit.platform.engine.support.hierarchical.NodeTestTask.lambda$executeRecursively$6(NodeTestTask.java:155)
	at org.junit.platform.engine.support.hierarchical.ThrowableCollector.execute(ThrowableCollector.java:73)
	at org.junit.platform.engine.support.hierarchical.NodeTestTask.lambda$executeRecursively$8(NodeTestTask.java:141)
	at org.junit.platform.engine.support.hierarchical.Node.around(Node.java:137)
	at org.junit.platform.engine.support.hierarchical.NodeTestTask.lambda$executeRecursively$9(NodeTestTask.java:139)
	at org.junit.platform.engine.support.hierarchical.ThrowableCollector.execute(ThrowableCollector.java:73)
	at org.junit.platform.engine.support.hierarchical.NodeTestTask.executeRecursively(NodeTestTask.java:138)
	at org.junit.platform.engine.support.hierarchical.NodeTestTask.execute(NodeTestTask.java:95)
	at org.junit.platform.engine.support.hierarchical.SameThreadHierarchicalTestExecutorService.submit(SameThreadHierarchicalTestExecutorService.java:35)
	at org.junit.platform.engine.support.hierarchical.HierarchicalTestExecutor.execute(HierarchicalTestExecutor.java:57)
	at org.junit.platform.engine.support.hierarchical.HierarchicalTestEngine.execute(HierarchicalTestEngine.java:54)
	at org.junit.platform.launcher.core.EngineExecutionOrchestrator.execute(EngineExecutionOrchestrator.java:107)
	at org.junit.platform.launcher.core.EngineExecutionOrchestrator.execute(EngineExecutionOrchestrator.java:88)
	at org.junit.platform.launcher.core.EngineExecutionOrchestrator.lambda$execute$0(EngineExecutionOrchestrator.java:54)
	at org.junit.platform.launcher.core.EngineExecutionOrchestrator.withInterceptedStreams(EngineExecutionOrchestrator.java:67)
	at org.junit.platform.launcher.core.EngineExecutionOrchestrator.execute(EngineExecutionOrchestrator.java:52)
	at org.junit.platform.launcher.core.DefaultLauncher.execute(DefaultLauncher.java:114)
	at org.junit.platform.launcher.core.DefaultLauncher.execute(DefaultLauncher.java:86)
	at org.junit.platform.launcher.core.DefaultLauncherSession$DelegatingLauncher.execute(DefaultLauncherSession.java:86)
	at org.junit.platform.launcher.core.SessionPerRequestLauncher.execute(SessionPerRequestLauncher.java:53)
	at org.apache.maven.surefire.junitplatform.JUnitPlatformProvider.invokeAllTests(JUnitPlatformProvider.java:165)
	at org.apache.maven.surefire.junitplatform.JUnitPlatformProvider.invoke(JUnitPlatformProvider.java:124)
	at org.apache.maven.surefire.booter.ForkedBooter.runSuitesInProcess(ForkedBooter.java:428)
	at org.apache.maven.surefire.booter.ForkedBooter.execute(ForkedBooter.java:162)
	at org.apache.maven.surefire.booter.ForkedBooter.run(ForkedBooter.java:562)
	at org.apache.maven.surefire.booter.ForkedBooter.main(ForkedBooter.java:548)
]]></stackTrace>
    </rerunFailure>
    <rerunFailure type="java.lang.AssertionError">
      <stackTrace><![CDATA[java.lang.AssertionError
	at org.junit.Assert.fail(Assert.java:87)
	at org.junit.Assert.assertTrue(Assert.java:42)
	at org.junit.Assert.assertTrue(Assert.java:53)
	at org.apache.hadoop.hdds.scm.TestRatisPipelineLeader.testLeaderIdUsedOnFirstCall(TestRatisPipelineLeader.java:85)
	at sun.reflect.NativeMethodAccessorImpl.invoke0(Native Method)
	at sun.reflect.NativeMethodAccessorImpl.invoke(NativeMethodAccessorImpl.java:62)
	at sun.reflect.DelegatingMethodAccessorImpl.invoke(DelegatingMethodAccessorImpl.java:43)
	at java.lang.reflect.Method.invoke(Method.java:498)
	at org.junit.platform.commons.util.ReflectionUtils.invokeMethod(ReflectionUtils.java:725)
	at org.junit.jupiter.engine.execution.MethodInvocation.proceed(MethodInvocation.java:60)
	at org.junit.jupiter.engine.execution.InvocationInterceptorChain$ValidatingInvocation.proceed(InvocationInterceptorChain.java:131)
	at org.junit.jupiter.engine.extension.TimeoutInvocation.proceed(TimeoutInvocation.java:46)
	at org.junit.jupiter.engine.extension.TimeoutExtension.intercept(TimeoutExtension.java:149)
	at org.junit.jupiter.engine.extension.TimeoutExtension.interceptTestableMethod(TimeoutExtension.java:140)
	at org.junit.jupiter.engine.extension.TimeoutExtension.interceptTestMethod(TimeoutExtension.java:84)
	at org.junit.jupiter.engine.execution.ExecutableInvoker$ReflectiveInterceptorCall.lambda$ofVoidMethod$0(ExecutableInvoker.java:115)
	at org.junit.jupiter.engine.execution.ExecutableInvoker.lambda$invoke$0(ExecutableInvoker.java:105)
	at org.junit.jupiter.engine.execution.InvocationInterceptorChain$InterceptedInvocation.proceed(InvocationInterceptorChain.java:106)
	at org.junit.jupiter.engine.execution.InvocationInterceptorChain.proceed(InvocationInterceptorChain.java:64)
	at org.junit.jupiter.engine.execution.InvocationInterceptorChain.chainAndInvoke(InvocationInterceptorChain.java:45)
	at org.junit.jupiter.engine.execution.InvocationInterceptorChain.invoke(InvocationInterceptorChain.java:37)
	at org.junit.jupiter.engine.execution.ExecutableInvoker.invoke(ExecutableInvoker.java:104)
	at org.junit.jupiter.engine.execution.ExecutableInvoker.invoke(ExecutableInvoker.java:98)
	at org.junit.jupiter.engine.descriptor.TestMethodTestDescriptor.lambda$invokeTestMethod$7(TestMethodTestDescriptor.java:214)
	at org.junit.platform.engine.support.hierarchical.ThrowableCollector.execute(ThrowableCollector.java:73)
	at org.junit.jupiter.engine.descriptor.TestMethodTestDescriptor.invokeTestMethod(TestMethodTestDescriptor.java:210)
	at org.junit.jupiter.engine.descriptor.TestMethodTestDescriptor.execute(TestMethodTestDescriptor.java:135)
	at org.junit.jupiter.engine.descriptor.TestMethodTestDescriptor.execute(TestMethodTestDescriptor.java:66)
	at org.junit.platform.engine.support.hierarchical.NodeTestTask.lambda$executeRecursively$6(NodeTestTask.java:151)
	at org.junit.platform.engine.support.hierarchical.ThrowableCollector.execute(ThrowableCollector.java:73)
	at org.junit.platform.engine.support.hierarchical.NodeTestTask.lambda$executeRecursively$8(NodeTestTask.java:141)
	at org.junit.platform.engine.support.hierarchical.Node.around(Node.java:137)
	at org.junit.platform.engine.support.hierarchical.NodeTestTask.lambda$executeRecursively$9(NodeTestTask.java:139)
	at org.junit.platform.engine.support.hierarchical.ThrowableCollector.execute(ThrowableCollector.java:73)
	at org.junit.platform.engine.support.hierarchical.NodeTestTask.executeRecursively(NodeTestTask.java:138)
	at org.junit.platform.engine.support.hierarchical.NodeTestTask.execute(NodeTestTask.java:95)
	at java.util.ArrayList.forEach(ArrayList.java:1259)
	at org.junit.platform.engine.support.hierarchical.SameThreadHierarchicalTestExecutorService.invokeAll(SameThreadHierarchicalTestExecutorService.java:41)
	at org.junit.platform.engine.support.hierarchical.NodeTestTask.lambda$executeRecursively$6(NodeTestTask.java:155)
	at org.junit.platform.engine.support.hierarchical.ThrowableCollector.execute(ThrowableCollector.java:73)
	at org.junit.platform.engine.support.hierarchical.NodeTestTask.lambda$executeRecursively$8(NodeTestTask.java:141)
	at org.junit.platform.engine.support.hierarchical.Node.around(Node.java:137)
	at org.junit.platform.engine.support.hierarchical.NodeTestTask.lambda$executeRecursively$9(NodeTestTask.java:139)
	at org.junit.platform.engine.support.hierarchical.ThrowableCollector.execute(ThrowableCollector.java:73)
	at org.junit.platform.engine.support.hierarchical.NodeTestTask.executeRecursively(NodeTestTask.java:138)
	at org.junit.platform.engine.support.hierarchical.NodeTestTask.execute(NodeTestTask.java:95)
	at java.util.ArrayList.forEach(ArrayList.java:1259)
	at org.junit.platform.engine.support.hierarchical.SameThreadHierarchicalTestExecutorService.invokeAll(SameThreadHierarchicalTestExecutorService.java:41)
	at org.junit.platform.engine.support.hierarchical.NodeTestTask.lambda$executeRecursively$6(NodeTestTask.java:155)
	at org.junit.platform.engine.support.hierarchical.ThrowableCollector.execute(ThrowableCollector.java:73)
	at org.junit.platform.engine.support.hierarchical.NodeTestTask.lambda$executeRecursively$8(NodeTestTask.java:141)
	at org.junit.platform.engine.support.hierarchical.Node.around(Node.java:137)
	at org.junit.platform.engine.support.hierarchical.NodeTestTask.lambda$executeRecursively$9(NodeTestTask.java:139)
	at org.junit.platform.engine.support.hierarchical.ThrowableCollector.execute(ThrowableCollector.java:73)
	at org.junit.platform.engine.support.hierarchical.NodeTestTask.executeRecursively(NodeTestTask.java:138)
	at org.junit.platform.engine.support.hierarchical.NodeTestTask.execute(NodeTestTask.java:95)
	at org.junit.platform.engine.support.hierarchical.SameThreadHierarchicalTestExecutorService.submit(SameThreadHierarchicalTestExecutorService.java:35)
	at org.junit.platform.engine.support.hierarchical.HierarchicalTestExecutor.execute(HierarchicalTestExecutor.java:57)
	at org.junit.platform.engine.support.hierarchical.HierarchicalTestEngine.execute(HierarchicalTestEngine.java:54)
	at org.junit.platform.launcher.core.EngineExecutionOrchestrator.execute(EngineExecutionOrchestrator.java:107)
	at org.junit.platform.launcher.core.EngineExecutionOrchestrator.execute(EngineExecutionOrchestrator.java:88)
	at org.junit.platform.launcher.core.EngineExecutionOrchestrator.lambda$execute$0(EngineExecutionOrchestrator.java:54)
	at org.junit.platform.launcher.core.EngineExecutionOrchestrator.withInterceptedStreams(EngineExecutionOrchestrator.java:67)
	at org.junit.platform.launcher.core.EngineExecutionOrchestrator.execute(EngineExecutionOrchestrator.java:52)
	at org.junit.platform.launcher.core.DefaultLauncher.execute(DefaultLauncher.java:114)
	at org.junit.platform.launcher.core.DefaultLauncher.execute(DefaultLauncher.java:86)
	at org.junit.platform.launcher.core.DefaultLauncherSession$DelegatingLauncher.execute(DefaultLauncherSession.java:86)
	at org.junit.platform.launcher.core.SessionPerRequestLauncher.execute(SessionPerRequestLauncher.java:53)
	at org.apache.maven.surefire.junitplatform.JUnitPlatformProvider.invokeAllTests(JUnitPlatformProvider.java:165)
	at org.apache.maven.surefire.junitplatform.JUnitPlatformProvider.invoke(JUnitPlatformProvider.java:124)
	at org.apache.maven.surefire.booter.ForkedBooter.runSuitesInProcess(ForkedBooter.java:428)
	at org.apache.maven.surefire.booter.ForkedBooter.execute(ForkedBooter.java:162)
	at org.apache.maven.surefire.booter.ForkedBooter.run(ForkedBooter.java:562)
	at org.apache.maven.surefire.booter.ForkedBooter.main(ForkedBooter.java:548)
]]></stackTrace>
    </rerunFailure>
    <rerunFailure type="java.lang.AssertionError">
      <stackTrace><![CDATA[java.lang.AssertionError
	at org.junit.Assert.fail(Assert.java:87)
	at org.junit.Assert.assertTrue(Assert.java:42)
	at org.junit.Assert.assertTrue(Assert.java:53)
	at org.apache.hadoop.hdds.scm.TestRatisPipelineLeader.testLeaderIdUsedOnFirstCall(TestRatisPipelineLeader.java:85)
	at sun.reflect.NativeMethodAccessorImpl.invoke0(Native Method)
	at sun.reflect.NativeMethodAccessorImpl.invoke(NativeMethodAccessorImpl.java:62)
	at sun.reflect.DelegatingMethodAccessorImpl.invoke(DelegatingMethodAccessorImpl.java:43)
	at java.lang.reflect.Method.invoke(Method.java:498)
	at org.junit.platform.commons.util.ReflectionUtils.invokeMethod(ReflectionUtils.java:725)
	at org.junit.jupiter.engine.execution.MethodInvocation.proceed(MethodInvocation.java:60)
	at org.junit.jupiter.engine.execution.InvocationInterceptorChain$ValidatingInvocation.proceed(InvocationInterceptorChain.java:131)
	at org.junit.jupiter.engine.extension.TimeoutInvocation.proceed(TimeoutInvocation.java:46)
	at org.junit.jupiter.engine.extension.TimeoutExtension.intercept(TimeoutExtension.java:149)
	at org.junit.jupiter.engine.extension.TimeoutExtension.interceptTestableMethod(TimeoutExtension.java:140)
	at org.junit.jupiter.engine.extension.TimeoutExtension.interceptTestMethod(TimeoutExtension.java:84)
	at org.junit.jupiter.engine.execution.ExecutableInvoker$ReflectiveInterceptorCall.lambda$ofVoidMethod$0(ExecutableInvoker.java:115)
	at org.junit.jupiter.engine.execution.ExecutableInvoker.lambda$invoke$0(ExecutableInvoker.java:105)
	at org.junit.jupiter.engine.execution.InvocationInterceptorChain$InterceptedInvocation.proceed(InvocationInterceptorChain.java:106)
	at org.junit.jupiter.engine.execution.InvocationInterceptorChain.proceed(InvocationInterceptorChain.java:64)
	at org.junit.jupiter.engine.execution.InvocationInterceptorChain.chainAndInvoke(InvocationInterceptorChain.java:45)
	at org.junit.jupiter.engine.execution.InvocationInterceptorChain.invoke(InvocationInterceptorChain.java:37)
	at org.junit.jupiter.engine.execution.ExecutableInvoker.invoke(ExecutableInvoker.java:104)
	at org.junit.jupiter.engine.execution.ExecutableInvoker.invoke(ExecutableInvoker.java:98)
	at org.junit.jupiter.engine.descriptor.TestMethodTestDescriptor.lambda$invokeTestMethod$7(TestMethodTestDescriptor.java:214)
	at org.junit.platform.engine.support.hierarchical.ThrowableCollector.execute(ThrowableCollector.java:73)
	at org.junit.jupiter.engine.descriptor.TestMethodTestDescriptor.invokeTestMethod(TestMethodTestDescriptor.java:210)
	at org.junit.jupiter.engine.descriptor.TestMethodTestDescriptor.execute(TestMethodTestDescriptor.java:135)
	at org.junit.jupiter.engine.descriptor.TestMethodTestDescriptor.execute(TestMethodTestDescriptor.java:66)
	at org.junit.platform.engine.support.hierarchical.NodeTestTask.lambda$executeRecursively$6(NodeTestTask.java:151)
	at org.junit.platform.engine.support.hierarchical.ThrowableCollector.execute(ThrowableCollector.java:73)
	at org.junit.platform.engine.support.hierarchical.NodeTestTask.lambda$executeRecursively$8(NodeTestTask.java:141)
	at org.junit.platform.engine.support.hierarchical.Node.around(Node.java:137)
	at org.junit.platform.engine.support.hierarchical.NodeTestTask.lambda$executeRecursively$9(NodeTestTask.java:139)
	at org.junit.platform.engine.support.hierarchical.ThrowableCollector.execute(ThrowableCollector.java:73)
	at org.junit.platform.engine.support.hierarchical.NodeTestTask.executeRecursively(NodeTestTask.java:138)
	at org.junit.platform.engine.support.hierarchical.NodeTestTask.execute(NodeTestTask.java:95)
	at java.util.ArrayList.forEach(ArrayList.java:1259)
	at org.junit.platform.engine.support.hierarchical.SameThreadHierarchicalTestExecutorService.invokeAll(SameThreadHierarchicalTestExecutorService.java:41)
	at org.junit.platform.engine.support.hierarchical.NodeTestTask.lambda$executeRecursively$6(NodeTestTask.java:155)
	at org.junit.platform.engine.support.hierarchical.ThrowableCollector.execute(ThrowableCollector.java:73)
	at org.junit.platform.engine.support.hierarchical.NodeTestTask.lambda$executeRecursively$8(NodeTestTask.java:141)
	at org.junit.platform.engine.support.hierarchical.Node.around(Node.java:137)
	at org.junit.platform.engine.support.hierarchical.NodeTestTask.lambda$executeRecursively$9(NodeTestTask.java:139)
	at org.junit.platform.engine.support.hierarchical.ThrowableCollector.execute(ThrowableCollector.java:73)
	at org.junit.platform.engine.support.hierarchical.NodeTestTask.executeRecursively(NodeTestTask.java:138)
	at org.junit.platform.engine.support.hierarchical.NodeTestTask.execute(NodeTestTask.java:95)
	at java.util.ArrayList.forEach(ArrayList.java:1259)
	at org.junit.platform.engine.support.hierarchical.SameThreadHierarchicalTestExecutorService.invokeAll(SameThreadHierarchicalTestExecutorService.java:41)
	at org.junit.platform.engine.support.hierarchical.NodeTestTask.lambda$executeRecursively$6(NodeTestTask.java:155)
	at org.junit.platform.engine.support.hierarchical.ThrowableCollector.execute(ThrowableCollector.java:73)
	at org.junit.platform.engine.support.hierarchical.NodeTestTask.lambda$executeRecursively$8(NodeTestTask.java:141)
	at org.junit.platform.engine.support.hierarchical.Node.around(Node.java:137)
	at org.junit.platform.engine.support.hierarchical.NodeTestTask.lambda$executeRecursively$9(NodeTestTask.java:139)
	at org.junit.platform.engine.support.hierarchical.ThrowableCollector.execute(ThrowableCollector.java:73)
	at org.junit.platform.engine.support.hierarchical.NodeTestTask.executeRecursively(NodeTestTask.java:138)
	at org.junit.platform.engine.support.hierarchical.NodeTestTask.execute(NodeTestTask.java:95)
	at org.junit.platform.engine.support.hierarchical.SameThreadHierarchicalTestExecutorService.submit(SameThreadHierarchicalTestExecutorService.java:35)
	at org.junit.platform.engine.support.hierarchical.HierarchicalTestExecutor.execute(HierarchicalTestExecutor.java:57)
	at org.junit.platform.engine.support.hierarchical.HierarchicalTestEngine.execute(HierarchicalTestEngine.java:54)
	at org.junit.platform.launcher.core.EngineExecutionOrchestrator.execute(EngineExecutionOrchestrator.java:107)
	at org.junit.platform.launcher.core.EngineExecutionOrchestrator.execute(EngineExecutionOrchestrator.java:88)
	at org.junit.platform.launcher.core.EngineExecutionOrchestrator.lambda$execute$0(EngineExecutionOrchestrator.java:54)
	at org.junit.platform.launcher.core.EngineExecutionOrchestrator.withInterceptedStreams(EngineExecutionOrchestrator.java:67)
	at org.junit.platform.launcher.core.EngineExecutionOrchestrator.execute(EngineExecutionOrchestrator.java:52)
	at org.junit.platform.launcher.core.DefaultLauncher.execute(DefaultLauncher.java:114)
	at org.junit.platform.launcher.core.DefaultLauncher.execute(DefaultLauncher.java:86)
	at org.junit.platform.launcher.core.DefaultLauncherSession$DelegatingLauncher.execute(DefaultLauncherSession.java:86)
	at org.junit.platform.launcher.core.SessionPerRequestLauncher.execute(SessionPerRequestLauncher.java:53)
	at org.apache.maven.surefire.junitplatform.JUnitPlatformProvider.invokeAllTests(JUnitPlatformProvider.java:165)
	at org.apache.maven.surefire.junitplatform.JUnitPlatformProvider.invoke(JUnitPlatformProvider.java:124)
	at org.apache.maven.surefire.booter.ForkedBooter.runSuitesInProcess(ForkedBooter.java:428)
	at org.apache.maven.surefire.booter.ForkedBooter.execute(ForkedBooter.java:162)
	at org.apache.maven.surefire.booter.ForkedBooter.run(ForkedBooter.java:562)
	at org.apache.maven.surefire.booter.ForkedBooter.main(ForkedBooter.java:548)
]]></stackTrace>
    </rerunFailure>
  </testcase>
</testsuite>