<?xml version="1.0" encoding="UTF-8"?>
<testsuite xmlns:xsi="http://www.w3.org/2001/XMLSchema-instance" xsi:noNamespaceSchemaLocation="https://maven.apache.org/surefire/maven-surefire-plugin/xsd/surefire-test-report.xsd" version="3.0.2" name="org.apache.hadoop.ozone.client.rpc.TestFailureHandlingByClient" time="168.852" tests="7" errors="0" skipped="0" failures="2">
  <properties>
    <property name="java.specification.version" value="21"/>
    <property name="sun.jnu.encoding" value="UTF-8"/>
    <property name="java.class.path" value="/home/runner/work/ozone/ozone/hadoop-ozone/integration-test/target/test-classes:/home/runner/work/ozone/ozone/hadoop-ozone/integration-test/target/classes:/home/runner/.m2/repository/ch/qos/reload4j/reload4j/1.2.26/reload4j-1.2.26.jar:/home/runner/.m2/repository/com/fasterxml/jackson/core/jackson-core/2.16.2/jackson-core-2.16.2.jar:/home/runner/.m2/repository/com/fasterxml/jackson/core/jackson-databind/2.16.2/jackson-databind-2.16.2.jar:/home/runner/.m2/repository/com/fasterxml/jackson/core/jackson-annotations/2.16.2/jackson-annotations-2.16.2.jar:/home/runner/.m2/repository/com/github/stephenc/jcip/jcip-annotations/1.0-1/jcip-annotations-1.0-1.jar:/home/runner/.m2/repository/com/google/guava/guava/33.5.0-jre/guava-33.5.0-jre.jar:/home/runner/.m2/repository/com/google/guava/failureaccess/1.0.3/failureaccess-1.0.3.jar:/home/runner/.m2/repository/com/google/guava/listenablefuture/9999.0-empty-to-avoid-conflict-with-guava/listenablefuture-9999.0-empty-to-avoid-conflict-with-guava.jar:/home/runner/.m2/repository/org/jspecify/jspecify/1.0.0/jspecify-1.0.0.jar:/home/runner/.m2/repository/com/google/errorprone/error_prone_annotations/2.29.2/error_prone_annotations-2.29.2.jar:/home/runner/.m2/repository/com/google/j2objc/j2objc-annotations/3.1/j2objc-annotations-3.1.jar:/home/runner/.m2/repository/com/google/protobuf/protobuf-java/2.5.0/protobuf-java-2.5.0.jar:/home/runner/.m2/repository/com/squareup/okhttp3/okhttp/4.12.0/okhttp-4.12.0.jar:/home/runner/.m2/repository/com/squareup/okio/okio/3.6.0/okio-3.6.0.jar:/home/runner/.m2/repository/com/squareup/okio/okio-jvm/3.6.0/okio-jvm-3.6.0.jar:/home/runner/.m2/repository/org/jetbrains/kotlin/kotlin-stdlib-common/1.9.25/kotlin-stdlib-common-1.9.25.jar:/home/runner/.m2/repository/org/jetbrains/kotlin/kotlin-stdlib-jdk8/1.9.25/kotlin-stdlib-jdk8-1.9.25.jar:/home/runner/.m2/repository/org/jetbrains/kotlin/kotlin-stdlib/1.9.25/kotlin-stdlib-1.9.25.jar:/home/runner/.m2/repository/org/jetbrains/annotations/13.0/annotations-13.0.jar:/home/runner/.m2/repository/org/jetbrains/kotlin/kotlin-stdlib-jdk7/1.9.25/kotlin-stdlib-jdk7-1.9.25.jar:/home/runner/.m2/repository/commons-codec/commons-codec/1.18.0/commons-codec-1.18.0.jar:/home/runner/.m2/repository/commons-io/commons-io/2.18.0/commons-io-2.18.0.jar:/home/runner/.m2/repository/commons-validator/commons-validator/1.10.0/commons-validator-1.10.0.jar:/home/runner/.m2/repository/commons-beanutils/commons-beanutils/1.11.0/commons-beanutils-1.11.0.jar:/home/runner/.m2/repository/commons-digester/commons-digester/2.1/commons-digester-2.1.jar:/home/runner/.m2/repository/commons-collections/commons-collections/3.2.2/commons-collections-3.2.2.jar:/home/runner/.m2/repository/info/picocli/picocli/4.7.7/picocli-4.7.7.jar:/home/runner/.m2/repository/jakarta/annotation/jakarta.annotation-api/2.1.1/jakarta.annotation-api-2.1.1.jar:/home/runner/.m2/repository/jakarta/xml/bind/jakarta.xml.bind-api/2.3.3/jakarta.xml.bind-api-2.3.3.jar:/home/runner/.m2/repository/jakarta/activation/jakarta.activation-api/1.2.2/jakarta.activation-api-1.2.2.jar:/home/runner/.m2/repository/javax/servlet/javax.servlet-api/3.1.0/javax.servlet-api-3.1.0.jar:/home/runner/.m2/repository/javax/ws/rs/jsr311-api/1.1.1/jsr311-api-1.1.1.jar:/home/runner/.m2/repository/org/apache/commons/commons-compress/1.27.1/commons-compress-1.27.1.jar:/home/runner/.m2/repository/org/apache/commons/commons-lang3/3.18.0/commons-lang3-3.18.0.jar:/home/runner/.m2/repository/org/apache/commons/commons-text/1.13.1/commons-text-1.13.1.jar:/home/runner/.m2/repository/org/apache/hadoop/hadoop-auth/3.4.2/hadoop-auth-3.4.2.jar:/home/runner/.m2/repository/com/nimbusds/nimbus-jose-jwt/10.4/nimbus-jose-jwt-10.4.jar:/home/runner/.m2/repository/io/dropwizard/metrics/metrics-core/3.2.6/metrics-core-3.2.6.jar:/home/runner/.m2/repository/org/apache/kerby/kerb-core/1.0.1/kerb-core-1.0.1.jar:/home/runner/.m2/repository/org/apache/kerby/kerby-pkix/1.0.1/kerby-pkix-1.0.1.jar:/home/runner/.m2/repository/org/apache/kerby/kerby-asn1/1.0.1/kerby-asn1-1.0.1.jar:/home/runner/.m2/repository/org/apache/kerby/kerb-util/1.0.1/kerb-util-1.0.1.jar:/home/runner/.m2/repository/org/apache/kerby/kerby-config/1.0.1/kerby-config-1.0.1.jar:/home/runner/.m2/repository/org/apache/kerby/kerb-crypto/1.0.1/kerb-crypto-1.0.1.jar:/home/runner/.m2/repository/org/apache/hadoop/thirdparty/hadoop-shaded-guava/1.4.0/hadoop-shaded-guava-1.4.0.jar:/home/runner/.m2/repository/org/apache/hadoop/hadoop-common/3.4.2/hadoop-common-3.4.2.jar:/home/runner/.m2/repository/org/apache/hadoop/thirdparty/hadoop-shaded-protobuf_3_25/1.4.0/hadoop-shaded-protobuf_3_25-1.4.0.jar:/home/runner/.m2/repository/org/apache/hadoop/hadoop-annotations/3.4.2/hadoop-annotations-3.4.2.jar:/home/runner/.m2/repository/commons-cli/commons-cli/1.8.0/commons-cli-1.8.0.jar:/home/runner/.m2/repository/commons-net/commons-net/3.11.1/commons-net-3.11.1.jar:/home/runner/.m2/repository/org/apache/commons/commons-collections4/4.4/commons-collections4-4.4.jar:/home/runner/.m2/repository/org/eclipse/jetty/jetty-server/9.4.58.v20250814/jetty-server-9.4.58.v20250814.jar:/home/runner/.m2/repository/org/eclipse/jetty/jetty-io/9.4.58.v20250814/jetty-io-9.4.58.v20250814.jar:/home/runner/.m2/repository/org/eclipse/jetty/jetty-util/9.4.58.v20250814/jetty-util-9.4.58.v20250814.jar:/home/runner/.m2/repository/org/eclipse/jetty/jetty-servlet/9.4.58.v20250814/jetty-servlet-9.4.58.v20250814.jar:/home/runner/.m2/repository/org/eclipse/jetty/jetty-security/9.4.58.v20250814/jetty-security-9.4.58.v20250814.jar:/home/runner/.m2/repository/org/eclipse/jetty/jetty-webapp/9.4.58.v20250814/jetty-webapp-9.4.58.v20250814.jar:/home/runner/.m2/repository/org/eclipse/jetty/jetty-xml/9.4.58.v20250814/jetty-xml-9.4.58.v20250814.jar:/home/runner/.m2/repository/javax/servlet/jsp/jsp-api/2.1/jsp-api-2.1.jar:/home/runner/.m2/repository/org/codehaus/jettison/jettison/1.5.4/jettison-1.5.4.jar:/home/runner/.m2/repository/org/apache/commons/commons-configuration2/2.12.0/commons-configuration2-2.12.0.jar:/home/runner/.m2/repository/com/google/re2j/re2j/1.7/re2j-1.7.jar:/home/runner/.m2/repository/com/google/code/gson/gson/2.13.1/gson-2.13.1.jar:/home/runner/.m2/repository/com/jcraft/jsch/0.1.55/jsch-0.1.55.jar:/home/runner/.m2/repository/io/netty/netty-handler/4.1.119.Final/netty-handler-4.1.119.Final.jar:/home/runner/.m2/repository/io/netty/netty-resolver/4.1.119.Final/netty-resolver-4.1.119.Final.jar:/home/runner/.m2/repository/io/netty/netty-transport-native-epoll/4.1.119.Final/netty-transport-native-epoll-4.1.119.Final.jar:/home/runner/.m2/repository/org/bouncycastle/bcprov-jdk18on/1.81/bcprov-jdk18on-1.81.jar:/home/runner/.m2/repository/org/codehaus/woodstox/stax2-api/4.2.1/stax2-api-4.2.1.jar:/home/runner/.m2/repository/com/fasterxml/woodstox/woodstox-core/5.4.0/woodstox-core-5.4.0.jar:/home/runner/.m2/repository/dnsjava/dnsjava/3.6.1/dnsjava-3.6.1.jar:/home/runner/.m2/repository/org/apache/hadoop/hadoop-common/3.4.2/hadoop-common-3.4.2-tests.jar:/home/runner/.m2/repository/org/apache/commons/commons-math3/3.6.1/commons-math3-3.6.1.jar:/home/runner/.m2/repository/com/sun/jersey/jersey-core/1.19.4/jersey-core-1.19.4.jar:/home/runner/.m2/repository/com/sun/jersey/jersey-servlet/1.19.4/jersey-servlet-1.19.4.jar:/home/runner/.m2/repository/com/github/pjfanning/jersey-json/1.22.0/jersey-json-1.22.0.jar:/home/runner/.m2/repository/com/sun/xml/bind/jaxb-impl/2.2.3-1/jaxb-impl-2.2.3-1.jar:/home/runner/.m2/repository/com/sun/jersey/jersey-server/1.19.4/jersey-server-1.19.4.jar:/home/runner/.m2/repository/org/slf4j/slf4j-reload4j/2.0.17/slf4j-reload4j-2.0.17.jar:/home/runner/.m2/repository/org/apache/avro/avro/1.11.4/avro-1.11.4.jar:/home/runner/.m2/repository/org/apache/curator/curator-client/4.2.0/curator-client-4.2.0.jar:/home/runner/.m2/repository/org/apache/curator/curator-recipes/5.2.0/curator-recipes-5.2.0.jar:/home/runner/.m2/repository/org/apache/curator/curator-framework/4.2.0/curator-framework-4.2.0.jar:/home/runner/.m2/repository/com/google/code/findbugs/jsr305/3.0.2/jsr305-3.0.2.jar:/home/runner/.m2/repository/org/apache/zookeeper/zookeeper/3.8.4/zookeeper-3.8.4.jar:/home/runner/.m2/repository/org/apache/zookeeper/zookeeper-jute/3.8.4/zookeeper-jute-3.8.4.jar:/home/runner/.m2/repository/org/apache/yetus/audience-annotations/0.12.0/audience-annotations-0.12.0.jar:/home/runner/.m2/repository/org/xerial/snappy/snappy-java/1.1.10.8/snappy-java-1.1.10.8.jar:/home/runner/.m2/repository/org/apache/hadoop/hadoop-distcp/3.4.2/hadoop-distcp-3.4.2.jar:/home/runner/.m2/repository/org/apache/hadoop/hadoop-distcp/3.4.2/hadoop-distcp-3.4.2-tests.jar:/home/runner/.m2/repository/org/apache/hadoop/hadoop-hdfs/3.4.2/hadoop-hdfs-3.4.2.jar:/home/runner/.m2/repository/org/eclipse/jetty/jetty-util-ajax/9.4.58.v20250814/jetty-util-ajax-9.4.58.v20250814.jar:/home/runner/.m2/repository/commons-daemon/commons-daemon/1.4.0/commons-daemon-1.4.0.jar:/home/runner/.m2/repository/org/apache/hadoop/hadoop-hdfs/3.4.2/hadoop-hdfs-3.4.2-tests.jar:/home/runner/.m2/repository/io/netty/netty-all/4.1.119.Final/netty-all-4.1.119.Final.jar:/home/runner/.m2/repository/io/netty/netty-codec-dns/4.1.119.Final/netty-codec-dns-4.1.119.Final.jar:/home/runner/.m2/repository/io/netty/netty-codec-haproxy/4.1.119.Final/netty-codec-haproxy-4.1.119.Final.jar:/home/runner/.m2/repository/io/netty/netty-codec-http/4.1.119.Final/netty-codec-http-4.1.119.Final.jar:/home/runner/.m2/repository/io/netty/netty-codec-memcache/4.1.119.Final/netty-codec-memcache-4.1.119.Final.jar:/home/runner/.m2/repository/io/netty/netty-codec-mqtt/4.1.119.Final/netty-codec-mqtt-4.1.119.Final.jar:/home/runner/.m2/repository/io/netty/netty-codec-redis/4.1.119.Final/netty-codec-redis-4.1.119.Final.jar:/home/runner/.m2/repository/io/netty/netty-codec-smtp/4.1.119.Final/netty-codec-smtp-4.1.119.Final.jar:/home/runner/.m2/repository/io/netty/netty-codec-socks/4.1.119.Final/netty-codec-socks-4.1.119.Final.jar:/home/runner/.m2/repository/io/netty/netty-codec-stomp/4.1.119.Final/netty-codec-stomp-4.1.119.Final.jar:/home/runner/.m2/repository/io/netty/netty-codec-xml/4.1.119.Final/netty-codec-xml-4.1.119.Final.jar:/home/runner/.m2/repository/io/netty/netty-handler-ssl-ocsp/4.1.119.Final/netty-handler-ssl-ocsp-4.1.119.Final.jar:/home/runner/.m2/repository/io/netty/netty-resolver-dns/4.1.119.Final/netty-resolver-dns-4.1.119.Final.jar:/home/runner/.m2/repository/io/netty/netty-transport-rxtx/4.1.119.Final/netty-transport-rxtx-4.1.119.Final.jar:/home/runner/.m2/repository/io/netty/netty-transport-sctp/4.1.119.Final/netty-transport-sctp-4.1.119.Final.jar:/home/runner/.m2/repository/io/netty/netty-transport-udt/4.1.119.Final/netty-transport-udt-4.1.119.Final.jar:/home/runner/.m2/repository/io/netty/netty-transport-classes-kqueue/4.1.119.Final/netty-transport-classes-kqueue-4.1.119.Final.jar:/home/runner/.m2/repository/io/netty/netty-resolver-dns-classes-macos/4.1.119.Final/netty-resolver-dns-classes-macos-4.1.119.Final.jar:/home/runner/.m2/repository/io/netty/netty-transport-native-epoll/4.1.119.Final/netty-transport-native-epoll-4.1.119.Final-linux-aarch_64.jar:/home/runner/.m2/repository/io/netty/netty-transport-native-epoll/4.1.119.Final/netty-transport-native-epoll-4.1.119.Final-linux-riscv64.jar:/home/runner/.m2/repository/io/netty/netty-transport-native-kqueue/4.1.119.Final/netty-transport-native-kqueue-4.1.119.Final-osx-x86_64.jar:/home/runner/.m2/repository/io/netty/netty-transport-native-kqueue/4.1.119.Final/netty-transport-native-kqueue-4.1.119.Final-osx-aarch_64.jar:/home/runner/.m2/repository/io/netty/netty-resolver-dns-native-macos/4.1.119.Final/netty-resolver-dns-native-macos-4.1.119.Final-osx-x86_64.jar:/home/runner/.m2/repository/io/netty/netty-resolver-dns-native-macos/4.1.119.Final/netty-resolver-dns-native-macos-4.1.119.Final-osx-aarch_64.jar:/home/runner/.m2/repository/org/fusesource/leveldbjni/leveldbjni-all/1.8/leveldbjni-all-1.8.jar:/home/runner/.m2/repository/org/apache/hadoop/hadoop-hdfs-client/3.4.2/hadoop-hdfs-client-3.4.2.jar:/home/runner/.m2/repository/org/apache/hadoop/hadoop-kms/3.4.2/hadoop-kms-3.4.2.jar:/home/runner/.m2/repository/org/apache/hadoop/hadoop-kms/3.4.2/hadoop-kms-3.4.2-tests.jar:/home/runner/.m2/repository/org/apache/hadoop/hadoop-mapreduce-client-core/3.4.2/hadoop-mapreduce-client-core-3.4.2.jar:/home/runner/.m2/repository/org/apache/hadoop/hadoop-yarn-client/3.4.2/hadoop-yarn-client-3.4.2.jar:/home/runner/.m2/repository/org/eclipse/jetty/websocket/websocket-client/9.4.57.v20241219/websocket-client-9.4.57.v20241219.jar:/home/runner/.m2/repository/org/eclipse/jetty/jetty-client/9.4.58.v20250814/jetty-client-9.4.58.v20250814.jar:/home/runner/.m2/repository/org/eclipse/jetty/websocket/websocket-common/9.4.57.v20241219/websocket-common-9.4.57.v20241219.jar:/home/runner/.m2/repository/org/eclipse/jetty/websocket/websocket-api/9.4.57.v20241219/websocket-api-9.4.57.v20241219.jar:/home/runner/.m2/repository/org/apache/hadoop/hadoop-yarn-api/3.4.2/hadoop-yarn-api-3.4.2.jar:/home/runner/.m2/repository/org/apache/hadoop/hadoop-yarn-common/3.4.2/hadoop-yarn-common-3.4.2.jar:/home/runner/.m2/repository/javax/xml/bind/jaxb-api/2.2.11/jaxb-api-2.2.11.jar:/home/runner/.m2/repository/com/sun/jersey/contribs/jersey-guice/1.19.4/jersey-guice-1.19.4.jar:/home/runner/.m2/repository/com/fasterxml/jackson/module/jackson-module-jaxb-annotations/2.16.2/jackson-module-jaxb-annotations-2.16.2.jar:/home/runner/.m2/repository/com/fasterxml/jackson/jaxrs/jackson-jaxrs-json-provider/2.16.2/jackson-jaxrs-json-provider-2.16.2.jar:/home/runner/.m2/repository/com/google/inject/extensions/guice-servlet/6.0.0/guice-servlet-6.0.0.jar:/home/runner/.m2/repository/org/apache/hadoop/hadoop-mapreduce-client-jobclient/3.4.2/hadoop-mapreduce-client-jobclient-3.4.2.jar:/home/runner/.m2/repository/org/apache/hadoop/hadoop-mapreduce-client-common/3.4.2/hadoop-mapreduce-client-common-3.4.2.jar:/home/runner/.m2/repository/org/apache/hadoop/hadoop-minikdc/3.4.2/hadoop-minikdc-3.4.2.jar:/home/runner/.m2/repository/org/apache/kerby/kerb-simplekdc/2.0.3/kerb-simplekdc-2.0.3.jar:/home/runner/.m2/repository/org/apache/kerby/kerb-client/2.0.3/kerb-client-2.0.3.jar:/home/runner/.m2/repository/org/apache/kerby/kerb-common/2.0.3/kerb-common-2.0.3.jar:/home/runner/.m2/repository/org/apache/kerby/token-provider/2.0.3/token-provider-2.0.3.jar:/home/runner/.m2/repository/org/apache/kerby/kerb-admin/2.0.3/kerb-admin-2.0.3.jar:/home/runner/.m2/repository/org/apache/kerby/kerb-server/2.0.3/kerb-server-2.0.3.jar:/home/runner/.m2/repository/org/apache/kerby/kerb-identity/2.0.3/kerb-identity-2.0.3.jar:/home/runner/.m2/repository/org/apache/kerby/kerby-xdr/2.0.3/kerby-xdr-2.0.3.jar:/home/runner/.m2/repository/junit/junit/4.13.2/junit-4.13.2.jar:/home/runner/.m2/repository/org/hamcrest/hamcrest-core/1.3/hamcrest-core-1.3.jar:/home/runner/.m2/repository/org/apache/httpcomponents/httpclient/4.5.14/httpclient-4.5.14.jar:/home/runner/.m2/repository/org/apache/httpcomponents/httpcore/4.4.16/httpcore-4.4.16.jar:/home/runner/.m2/repository/org/apache/kerby/kerby-util/1.0.1/kerby-util-1.0.1.jar:/home/runner/work/ozone/ozone/hadoop-hdds/client/target/hdds-client-2.1.0-SNAPSHOT.jar:/home/runner/work/ozone/ozone/hadoop-hdds/erasurecode/target/hdds-erasurecode-2.1.0-SNAPSHOT.jar:/home/runner/work/ozone/ozone/hadoop-hdds/common/target/hdds-common-2.1.0-SNAPSHOT.jar:/home/runner/.m2/repository/com/fasterxml/jackson/datatype/jackson-datatype-jsr310/2.16.2/jackson-datatype-jsr310-2.16.2.jar:/home/runner/.m2/repository/io/opentelemetry/opentelemetry-api/1.55.0/opentelemetry-api-1.55.0.jar:/home/runner/.m2/repository/io/opentelemetry/opentelemetry-context/1.55.0/opentelemetry-context-1.55.0.jar:/home/runner/.m2/repository/io/opentelemetry/opentelemetry-common/1.55.0/opentelemetry-common-1.55.0.jar:/home/runner/.m2/repository/io/opentelemetry/opentelemetry-exporter-otlp/1.55.0/opentelemetry-exporter-otlp-1.55.0.jar:/home/runner/.m2/repository/io/opentelemetry/opentelemetry-sdk-metrics/1.55.0/opentelemetry-sdk-metrics-1.55.0.jar:/home/runner/.m2/repository/io/opentelemetry/opentelemetry-sdk-logs/1.55.0/opentelemetry-sdk-logs-1.55.0.jar:/home/runner/.m2/repository/io/opentelemetry/opentelemetry-exporter-otlp-common/1.55.0/opentelemetry-exporter-otlp-common-1.55.0.jar:/home/runner/.m2/repository/io/opentelemetry/opentelemetry-exporter-common/1.55.0/opentelemetry-exporter-common-1.55.0.jar:/home/runner/.m2/repository/io/opentelemetry/opentelemetry-exporter-sender-okhttp/1.55.0/opentelemetry-exporter-sender-okhttp-1.55.0.jar:/home/runner/.m2/repository/com/squareup/okhttp3/okhttp-jvm/5.2.1/okhttp-jvm-5.2.1.jar:/home/runner/.m2/repository/io/opentelemetry/opentelemetry-sdk-extension-autoconfigure-spi/1.55.0/opentelemetry-sdk-extension-autoconfigure-spi-1.55.0.jar:/home/runner/.m2/repository/io/opentelemetry/opentelemetry-sdk/1.55.0/opentelemetry-sdk-1.55.0.jar:/home/runner/.m2/repository/io/opentelemetry/opentelemetry-sdk-common/1.55.0/opentelemetry-sdk-common-1.55.0.jar:/home/runner/.m2/repository/io/opentelemetry/opentelemetry-sdk-trace/1.55.0/opentelemetry-sdk-trace-1.55.0.jar:/home/runner/.m2/repository/org/apache/commons/commons-pool2/2.12.1/commons-pool2-2.12.1.jar:/home/runner/.m2/repository/org/apache/ratis/ratis-netty/3.2.0/ratis-netty-3.2.0.jar:/home/runner/.m2/repository/org/yaml/snakeyaml/2.5/snakeyaml-2.5.jar:/home/runner/.m2/repository/org/apache/ratis/ratis-metrics-dropwizard3/3.2.0/ratis-metrics-dropwizard3-3.2.0.jar:/home/runner/.m2/repository/org/slf4j/jcl-over-slf4j/2.0.17/jcl-over-slf4j-2.0.17.jar:/home/runner/work/ozone/ozone/hadoop-hdds/common/target/hdds-common-2.1.0-SNAPSHOT-tests.jar:/home/runner/work/ozone/ozone/hadoop-hdds/config/target/hdds-config-2.1.0-SNAPSHOT.jar:/home/runner/work/ozone/ozone/hadoop-hdds/container-service/target/hdds-container-service-2.1.0-SNAPSHOT.jar:/home/runner/.m2/repository/io/netty/netty-buffer/4.1.119.Final/netty-buffer-4.1.119.Final.jar:/home/runner/.m2/repository/io/netty/netty-codec/4.1.119.Final/netty-codec-4.1.119.Final.jar:/home/runner/.m2/repository/io/netty/netty-common/4.1.119.Final/netty-common-4.1.119.Final.jar:/home/runner/.m2/repository/io/netty/netty-transport/4.1.119.Final/netty-transport-4.1.119.Final.jar:/home/runner/.m2/repository/org/apache/logging/log4j/log4j-api/2.25.0/log4j-api-2.25.0.jar:/home/runner/.m2/repository/com/github/luben/zstd-jni/1.5.7-5/zstd-jni-1.5.7-5.jar:/home/runner/.m2/repository/log4j/apache-log4j-extras/1.2.17/apache-log4j-extras-1.2.17.jar:/home/runner/.m2/repository/org/glassfish/jaxb/jaxb-runtime/2.3.9/jaxb-runtime-2.3.9.jar:/home/runner/.m2/repository/org/glassfish/jaxb/txw2/2.3.9/txw2-2.3.9.jar:/home/runner/.m2/repository/com/sun/istack/istack-commons-runtime/3.0.12/istack-commons-runtime-3.0.12.jar:/home/runner/.m2/repository/com/sun/activation/jakarta.activation/1.2.2/jakarta.activation-1.2.2.jar:/home/runner/work/ozone/ozone/hadoop-hdds/container-service/target/hdds-container-service-2.1.0-SNAPSHOT-tests.jar:/home/runner/work/ozone/ozone/hadoop-hdds/interface-admin/target/hdds-interface-admin-2.1.0-SNAPSHOT.jar:/home/runner/work/ozone/ozone/hadoop-hdds/interface-client/target/hdds-interface-client-2.1.0-SNAPSHOT.jar:/home/runner/work/ozone/ozone/hadoop-hdds/interface-server/target/hdds-interface-server-2.1.0-SNAPSHOT.jar:/home/runner/work/ozone/ozone/hadoop-hdds/managed-rocksdb/target/hdds-managed-rocksdb-2.1.0-SNAPSHOT.jar:/home/runner/work/ozone/ozone/hadoop-hdds/rocks-native/target/hdds-rocks-native-2.1.0-SNAPSHOT.jar:/home/runner/work/ozone/ozone/hadoop-hdds/framework/target/hdds-server-framework-2.1.0-SNAPSHOT.jar:/home/runner/.m2/repository/com/github/jnr/jnr-constants/0.10.4/jnr-constants-0.10.4.jar:/home/runner/.m2/repository/com/github/jnr/jnr-posix/3.1.20/jnr-posix-3.1.20.jar:/home/runner/.m2/repository/com/github/jnr/jnr-ffi/2.2.17/jnr-ffi-2.2.17.jar:/home/runner/.m2/repository/com/github/jnr/jffi/1.3.13/jffi-1.3.13.jar:/home/runner/.m2/repository/com/github/jnr/jffi/1.3.13/jffi-1.3.13-native.jar:/home/runner/.m2/repository/org/ow2/asm/asm/9.7.1/asm-9.7.1.jar:/home/runner/.m2/repository/org/ow2/asm/asm-commons/9.7.1/asm-commons-9.7.1.jar:/home/runner/.m2/repository/org/ow2/asm/asm-analysis/9.7.1/asm-analysis-9.7.1.jar:/home/runner/.m2/repository/org/ow2/asm/asm-tree/9.7.1/asm-tree-9.7.1.jar:/home/runner/.m2/repository/org/ow2/asm/asm-util/9.7.1/asm-util-9.7.1.jar:/home/runner/.m2/repository/com/github/jnr/jnr-a64asm/1.0.0/jnr-a64asm-1.0.0.jar:/home/runner/.m2/repository/com/github/jnr/jnr-x86asm/1.0.2/jnr-x86asm-1.0.2.jar:/home/runner/.m2/repository/commons-fileupload/commons-fileupload/1.6.0/commons-fileupload-1.6.0.jar:/home/runner/.m2/repository/io/grpc/grpc-api/1.71.0/grpc-api-1.71.0.jar:/home/runner/.m2/repository/io/prometheus/simpleclient/0.16.0/simpleclient-0.16.0.jar:/home/runner/.m2/repository/io/prometheus/simpleclient_common/0.16.0/simpleclient_common-0.16.0.jar:/home/runner/.m2/repository/io/prometheus/simpleclient_dropwizard/0.16.0/simpleclient_dropwizard-0.16.0.jar:/home/runner/.m2/repository/jakarta/ws/rs/jakarta.ws.rs-api/2.1.6/jakarta.ws.rs-api-2.1.6.jar:/home/runner/.m2/repository/org/eclipse/jetty/jetty-http/9.4.58.v20250814/jetty-http-9.4.58.v20250814.jar:/home/runner/.m2/repository/org/glassfish/jersey/containers/jersey-container-servlet-core/2.47/jersey-container-servlet-core-2.47.jar:/home/runner/.m2/repository/org/glassfish/jersey/core/jersey-server/2.47/jersey-server-2.47.jar:/home/runner/.m2/repository/org/glassfish/jersey/core/jersey-client/2.47/jersey-client-2.47.jar:/home/runner/.m2/repository/com/lmax/disruptor/3.4.4/disruptor-3.4.4.jar:/home/runner/.m2/repository/org/apache/logging/log4j/log4j-core/2.25.0/log4j-core-2.25.0.jar:/home/runner/work/ozone/ozone/hadoop-hdds/framework/target/hdds-server-framework-2.1.0-SNAPSHOT-tests.jar:/home/runner/work/ozone/ozone/hadoop-hdds/server-scm/target/hdds-server-scm-2.1.0-SNAPSHOT.jar:/home/runner/work/ozone/ozone/hadoop-hdds/server-scm/target/hdds-server-scm-2.1.0-SNAPSHOT-tests.jar:/home/runner/work/ozone/ozone/hadoop-hdds/test-utils/target/hdds-test-utils-2.1.0-SNAPSHOT-tests.jar:/home/runner/work/ozone/ozone/hadoop-ozone/cli-admin/target/ozone-cli-admin-2.1.0-SNAPSHOT.jar:/home/runner/work/ozone/ozone/hadoop-ozone/cli-shell/target/ozone-cli-shell-2.1.0-SNAPSHOT.jar:/home/runner/.m2/repository/info/picocli/picocli-shell-jline3/4.7.7/picocli-shell-jline3-4.7.7.jar:/home/runner/.m2/repository/org/jline/jline/3.30.6/jline-3.30.6.jar:/home/runner/work/ozone/ozone/hadoop-ozone/client/target/ozone-client-2.1.0-SNAPSHOT.jar:/home/runner/work/ozone/ozone/hadoop-ozone/common/target/ozone-common-2.1.0-SNAPSHOT.jar:/home/runner/.m2/repository/io/grpc/grpc-netty/1.71.0/grpc-netty-1.71.0.jar:/home/runner/.m2/repository/org/codehaus/mojo/animal-sniffer-annotations/1.24/animal-sniffer-annotations-1.24.jar:/home/runner/.m2/repository/io/grpc/grpc-core/1.71.0/grpc-core-1.71.0.jar:/home/runner/.m2/repository/com/google/android/annotations/4.1.1.4/annotations-4.1.1.4.jar:/home/runner/.m2/repository/io/grpc/grpc-context/1.71.0/grpc-context-1.71.0.jar:/home/runner/.m2/repository/io/perfmark/perfmark-api/0.27.0/perfmark-api-0.27.0.jar:/home/runner/.m2/repository/io/grpc/grpc-util/1.71.0/grpc-util-1.71.0.jar:/home/runner/.m2/repository/io/netty/netty-codec-http2/4.1.119.Final/netty-codec-http2-4.1.119.Final.jar:/home/runner/.m2/repository/io/netty/netty-handler-proxy/4.1.119.Final/netty-handler-proxy-4.1.119.Final.jar:/home/runner/.m2/repository/io/netty/netty-tcnative-boringssl-static/2.0.70.Final/netty-tcnative-boringssl-static-2.0.70.Final.jar:/home/runner/.m2/repository/io/netty/netty-tcnative-classes/2.0.70.Final/netty-tcnative-classes-2.0.70.Final.jar:/home/runner/.m2/repository/io/netty/netty-tcnative-boringssl-static/2.0.70.Final/netty-tcnative-boringssl-static-2.0.70.Final-linux-x86_64.jar:/home/runner/.m2/repository/io/netty/netty-tcnative-boringssl-static/2.0.70.Final/netty-tcnative-boringssl-static-2.0.70.Final-linux-aarch_64.jar:/home/runner/.m2/repository/io/netty/netty-tcnative-boringssl-static/2.0.70.Final/netty-tcnative-boringssl-static-2.0.70.Final-osx-x86_64.jar:/home/runner/.m2/repository/io/netty/netty-tcnative-boringssl-static/2.0.70.Final/netty-tcnative-boringssl-static-2.0.70.Final-osx-aarch_64.jar:/home/runner/.m2/repository/io/netty/netty-tcnative-boringssl-static/2.0.70.Final/netty-tcnative-boringssl-static-2.0.70.Final-windows-x86_64.jar:/home/runner/work/ozone/ozone/hadoop-ozone/csi/target/ozone-csi-2.1.0-SNAPSHOT.jar:/home/runner/.m2/repository/io/grpc/grpc-protobuf/1.71.0/grpc-protobuf-1.71.0.jar:/home/runner/.m2/repository/com/google/api/grpc/proto-google-common-protos/2.51.0/proto-google-common-protos-2.51.0.jar:/home/runner/.m2/repository/io/grpc/grpc-protobuf-lite/1.71.0/grpc-protobuf-lite-1.71.0.jar:/home/runner/.m2/repository/io/grpc/grpc-stub/1.71.0/grpc-stub-1.71.0.jar:/home/runner/.m2/repository/io/netty/netty-transport-classes-epoll/4.1.119.Final/netty-transport-classes-epoll-4.1.119.Final.jar:/home/runner/.m2/repository/io/netty/netty-transport-native-unix-common/4.1.119.Final/netty-transport-native-unix-common-4.1.119.Final.jar:/home/runner/.m2/repository/io/netty/netty-transport-native-epoll/4.1.119.Final/netty-transport-native-epoll-4.1.119.Final-linux-x86_64.jar:/home/runner/work/ozone/ozone/hadoop-ozone/ozonefs/target/ozone-filesystem-2.1.0-SNAPSHOT.jar:/home/runner/work/ozone/ozone/hadoop-ozone/ozonefs-common/target/ozone-filesystem-common-2.1.0-SNAPSHOT.jar:/home/runner/work/ozone/ozone/hadoop-ozone/freon/target/ozone-freon-2.1.0-SNAPSHOT.jar:/home/runner/.m2/repository/com/amazonaws/aws-java-sdk-core/1.12.788/aws-java-sdk-core-1.12.788.jar:/home/runner/.m2/repository/com/fasterxml/jackson/dataformat/jackson-dataformat-cbor/2.16.2/jackson-dataformat-cbor-2.16.2.jar:/home/runner/.m2/repository/joda-time/joda-time/2.12.7/joda-time-2.12.7.jar:/home/runner/.m2/repository/com/amazonaws/aws-java-sdk-s3/1.12.788/aws-java-sdk-s3-1.12.788.jar:/home/runner/.m2/repository/com/amazonaws/aws-java-sdk-kms/1.12.788/aws-java-sdk-kms-1.12.788.jar:/home/runner/.m2/repository/com/amazonaws/jmespath-java/1.12.788/jmespath-java-1.12.788.jar:/home/runner/work/ozone/ozone/hadoop-ozone/interface-client/target/ozone-interface-client-2.1.0-SNAPSHOT.jar:/home/runner/work/ozone/ozone/hadoop-ozone/interface-storage/target/ozone-interface-storage-2.1.0-SNAPSHOT.jar:/home/runner/work/ozone/ozone/hadoop-ozone/ozone-manager/target/ozone-manager-2.1.0-SNAPSHOT.jar:/home/runner/.m2/repository/org/aspectj/aspectjrt/1.9.24/aspectjrt-1.9.24.jar:/home/runner/work/ozone/ozone/hadoop-ozone/ozone-manager/target/ozone-manager-2.1.0-SNAPSHOT-tests.jar:/home/runner/work/ozone/ozone/hadoop-ozone/mini-cluster/target/ozone-mini-cluster-2.1.0-SNAPSHOT.jar:/home/runner/work/ozone/ozone/hadoop-ozone/multitenancy-ranger/target/ozone-multitenancy-ranger-2.1.0-SNAPSHOT.jar:/home/runner/.m2/repository/com/sun/jersey/jersey-client/1.19.4/jersey-client-1.19.4.jar:/home/runner/.m2/repository/org/apache/ranger/ranger-plugins-common/2.6.0/ranger-plugins-common-2.6.0.jar:/home/runner/.m2/repository/com/fasterxml/jackson/jaxrs/jackson-jaxrs-base/2.16.2/jackson-jaxrs-base-2.16.2.jar:/home/runner/.m2/repository/com/kstruct/gethostname4j/1.0.0/gethostname4j-1.0.0.jar:/home/runner/.m2/repository/commons-lang/commons-lang/2.6/commons-lang-2.6.jar:/home/runner/.m2/repository/net/java/dev/jna/jna/5.2.0/jna-5.2.0.jar:/home/runner/.m2/repository/net/java/dev/jna/jna-platform/5.2.0/jna-platform-5.2.0.jar:/home/runner/.m2/repository/org/apache/ranger/ranger-plugin-classloader/2.6.0/ranger-plugin-classloader-2.6.0.jar:/home/runner/.m2/repository/org/apache/ranger/ranger-plugins-audit/2.6.0/ranger-plugins-audit-2.6.0.jar:/home/runner/.m2/repository/com/amazonaws/aws-java-sdk-logs/1.12.765/aws-java-sdk-logs-1.12.765.jar:/home/runner/.m2/repository/com/carrotsearch/hppc/0.8.0/hppc-0.8.0.jar:/home/runner/.m2/repository/io/airlift/aircompressor/0.27/aircompressor-0.27.jar:/home/runner/.m2/repository/org/apache/httpcomponents/httpasyncclient/4.1.4/httpasyncclient-4.1.4.jar:/home/runner/.m2/repository/org/apache/httpcomponents/httpcore-nio/4.4.16/httpcore-nio-4.4.16.jar:/home/runner/.m2/repository/org/apache/httpcomponents/httpmime/4.5.13/httpmime-4.5.13.jar:/home/runner/.m2/repository/org/apache/orc/orc-core/1.5.8/orc-core-1.5.8.jar:/home/runner/.m2/repository/org/apache/orc/orc-shims/1.5.8/orc-shims-1.5.8.jar:/home/runner/.m2/repository/org/apache/ranger/ranger-plugins-cred/2.6.0/ranger-plugins-cred-2.6.0.jar:/home/runner/work/ozone/ozone/hadoop-ozone/recon/target/ozone-recon-2.1.0-SNAPSHOT.jar:/home/runner/.m2/repository/aopalliance/aopalliance/1.0/aopalliance-1.0.jar:/home/runner/.m2/repository/com/google/inject/guice/6.0.0/guice-6.0.0.jar:/home/runner/.m2/repository/jakarta/inject/jakarta.inject-api/2.0.1/jakarta.inject-api-2.0.1.jar:/home/runner/.m2/repository/com/jolbox/bonecp/0.8.0.RELEASE/bonecp-0.8.0.RELEASE.jar:/home/runner/.m2/repository/jakarta/validation/jakarta.validation-api/2.0.2/jakarta.validation-api-2.0.2.jar:/home/runner/.m2/repository/javax/annotation/javax.annotation-api/1.3.2/javax.annotation-api-1.3.2.jar:/home/runner/.m2/repository/javax/inject/javax.inject/1/javax.inject-1.jar:/home/runner/.m2/repository/org/apache/derby/derby/10.14.2.0/derby-10.14.2.0.jar:/home/runner/.m2/repository/org/glassfish/hk2/guice-bridge/2.6.1/guice-bridge-2.6.1.jar:/home/runner/.m2/repository/org/glassfish/hk2/hk2-api/2.6.1/hk2-api-2.6.1.jar:/home/runner/.m2/repository/org/glassfish/hk2/hk2-utils/2.6.1/hk2-utils-2.6.1.jar:/home/runner/.m2/repository/org/glassfish/hk2/external/aopalliance-repackaged/2.6.1/aopalliance-repackaged-2.6.1.jar:/home/runner/.m2/repository/org/glassfish/jersey/core/jersey-common/2.47/jersey-common-2.47.jar:/home/runner/.m2/repository/org/glassfish/hk2/osgi-resource-locator/1.0.3/osgi-resource-locator-1.0.3.jar:/home/runner/.m2/repository/org/jooq/jooq/3.11.10/jooq-3.11.10.jar:/home/runner/.m2/repository/org/springframework/spring-core/5.3.39/spring-core-5.3.39.jar:/home/runner/.m2/repository/org/springframework/spring-jdbc/5.3.39/spring-jdbc-5.3.39.jar:/home/runner/.m2/repository/org/springframework/spring-beans/5.3.39/spring-beans-5.3.39.jar:/home/runner/.m2/repository/org/springframework/spring-tx/5.3.39/spring-tx-5.3.39.jar:/home/runner/.m2/repository/org/xerial/sqlite-jdbc/3.50.3.0/sqlite-jdbc-3.50.3.0.jar:/home/runner/.m2/repository/com/google/inject/extensions/guice-assistedinject/6.0.0/guice-assistedinject-6.0.0.jar:/home/runner/.m2/repository/org/glassfish/hk2/external/jakarta.inject/2.6.1/jakarta.inject-2.6.1.jar:/home/runner/.m2/repository/org/glassfish/jersey/inject/jersey-hk2/2.47/jersey-hk2-2.47.jar:/home/runner/.m2/repository/org/glassfish/hk2/hk2-locator/2.6.1/hk2-locator-2.6.1.jar:/home/runner/.m2/repository/org/glassfish/jersey/media/jersey-media-jaxb/2.47/jersey-media-jaxb-2.47.jar:/home/runner/.m2/repository/org/glassfish/jersey/media/jersey-media-json-jackson/2.47/jersey-media-json-jackson-2.47.jar:/home/runner/.m2/repository/org/glassfish/jersey/ext/jersey-entity-filtering/2.47/jersey-entity-filtering-2.47.jar:/home/runner/work/ozone/ozone/hadoop-ozone/recon-codegen/target/ozone-reconcodegen-2.1.0-SNAPSHOT.jar:/home/runner/.m2/repository/org/jooq/jooq-codegen/3.11.10/jooq-codegen-3.11.10.jar:/home/runner/.m2/repository/org/jooq/jooq-meta/3.11.10/jooq-meta-3.11.10.jar:/home/runner/work/ozone/ozone/hadoop-ozone/s3gateway/target/ozone-s3gateway-2.1.0-SNAPSHOT.jar:/home/runner/work/ozone/ozone/hadoop-ozone/tools/target/ozone-tools-2.1.0-SNAPSHOT.jar:/home/runner/.m2/repository/com/github/vlsi/mxgraph/jgraphx/3.9.12/jgraphx-3.9.12.jar:/home/runner/.m2/repository/org/apache/ratis/ratis-shell/3.2.0/ratis-shell-3.2.0.jar:/home/runner/.m2/repository/org/apache/ratis/ratis-tools/3.2.0/ratis-tools-3.2.0.jar:/home/runner/.m2/repository/org/jgrapht/jgrapht-core/1.4.0/jgrapht-core-1.4.0.jar:/home/runner/.m2/repository/org/jheaps/jheaps/0.11/jheaps-0.11.jar:/home/runner/.m2/repository/org/jgrapht/jgrapht-ext/1.4.0/jgrapht-ext-1.4.0.jar:/home/runner/work/ozone/ozone/hadoop-hdds/rocksdb-checkpoint-differ/target/rocksdb-checkpoint-differ-2.1.0-SNAPSHOT.jar:/home/runner/.m2/repository/org/apache/ranger/ranger-intg/2.6.0/ranger-intg-2.6.0.jar:/home/runner/.m2/repository/org/apache/ratis/ratis-client/3.2.0/ratis-client-3.2.0.jar:/home/runner/.m2/repository/org/apache/ratis/ratis-common/3.2.0/ratis-common-3.2.0.jar:/home/runner/.m2/repository/org/apache/ratis/ratis-grpc/3.2.0/ratis-grpc-3.2.0.jar:/home/runner/.m2/repository/org/apache/ratis/ratis-metrics-api/3.2.0/ratis-metrics-api-3.2.0.jar:/home/runner/.m2/repository/org/apache/ratis/ratis-proto/3.2.0/ratis-proto-3.2.0.jar:/home/runner/.m2/repository/org/apache/ratis/ratis-server/3.2.0/ratis-server-3.2.0.jar:/home/runner/.m2/repository/org/apache/ratis/ratis-server-api/3.2.0/ratis-server-api-3.2.0.jar:/home/runner/.m2/repository/org/apache/ratis/ratis-thirdparty-misc/1.0.9/ratis-thirdparty-misc-1.0.9.jar:/home/runner/.m2/repository/org/bouncycastle/bcpkix-jdk18on/1.81/bcpkix-jdk18on-1.81.jar:/home/runner/.m2/repository/org/bouncycastle/bcutil-jdk18on/1.81/bcutil-jdk18on-1.81.jar:/home/runner/.m2/repository/org/hamcrest/hamcrest/2.2/hamcrest-2.2.jar:/home/runner/.m2/repository/org/reflections/reflections/0.10.2/reflections-0.10.2.jar:/home/runner/.m2/repository/org/javassist/javassist/3.30.2-GA/javassist-3.30.2-GA.jar:/home/runner/.m2/repository/org/rocksdb/rocksdbjni/7.7.3/rocksdbjni-7.7.3.jar:/home/runner/.m2/repository/org/slf4j/jul-to-slf4j/2.0.17/jul-to-slf4j-2.0.17.jar:/home/runner/.m2/repository/org/slf4j/slf4j-api/2.0.17/slf4j-api-2.0.17.jar:/home/runner/.m2/repository/org/assertj/assertj-core/3.27.6/assertj-core-3.27.6.jar:/home/runner/.m2/repository/net/bytebuddy/byte-buddy/1.17.7/byte-buddy-1.17.7.jar:/home/runner/.m2/repository/org/junit/jupiter/junit-jupiter-api/5.14.0/junit-jupiter-api-5.14.0.jar:/home/runner/.m2/repository/org/opentest4j/opentest4j/1.3.0/opentest4j-1.3.0.jar:/home/runner/.m2/repository/org/junit/platform/junit-platform-commons/1.14.0/junit-platform-commons-1.14.0.jar:/home/runner/.m2/repository/org/apiguardian/apiguardian-api/1.1.2/apiguardian-api-1.1.2.jar:/home/runner/.m2/repository/org/junit/jupiter/junit-jupiter-params/5.14.0/junit-jupiter-params-5.14.0.jar:/home/runner/.m2/repository/org/mockito/mockito-core/4.11.0/mockito-core-4.11.0.jar:/home/runner/.m2/repository/net/bytebuddy/byte-buddy-agent/1.12.19/byte-buddy-agent-1.12.19.jar:/home/runner/.m2/repository/org/objenesis/objenesis/3.3/objenesis-3.3.jar:/home/runner/.m2/repository/org/mockito/mockito-inline/4.11.0/mockito-inline-4.11.0.jar:/home/runner/.m2/repository/org/mockito/mockito-junit-jupiter/4.11.0/mockito-junit-jupiter-4.11.0.jar:/home/runner/work/ozone/ozone/hadoop-ozone/integration-test/target/gradle-enterprise/test-listeners.jar:"/>
    <property name="java.vm.vendor" value="Eclipse Adoptium"/>
    <property name="sun.arch.data.model" value="64"/>
    <property name="test.build.dir" value="/home/runner/work/ozone/ozone/hadoop-ozone/integration-test/target/test-dir"/>
    <property name="test.cache.data" value=""/>
    <property name="java.vendor.url" value="https://adoptium.net/"/>
    <property name="user.timezone" value="Etc/UTC"/>
    <property name="maven-surefire-plugin.argLineAccessArgs" value=" --add-opens java.management/com.sun.jmx.mbeanserver=ALL-UNNAMED --add-exports java.management/com.sun.jmx.mbeanserver=ALL-UNNAMED --add-opens java.base/java.nio=ALL-UNNAMED --add-opens java.base/java.lang=ALL-UNNAMED --add-opens java.base/java.lang.reflect=ALL-UNNAMED"/>
    <property name="os.name" value="Linux"/>
    <property name="java.vm.specification.version" value="21"/>
    <property name="test.build.data" value="/home/runner/work/ozone/ozone/hadoop-ozone/integration-test/target/test-dir"/>
    <property name="sun.java.launcher" value="SUN_STANDARD"/>
    <property name="sun.boot.library.path" value="/usr/lib/jvm/temurin-21-jdk-amd64/lib"/>
    <property name="sun.java.command" value="/home/runner/work/ozone/ozone/hadoop-ozone/integration-test/target/surefire/surefirebooter-20251022080902820_579.jar /home/runner/work/ozone/ozone/hadoop-ozone/integration-test/target/surefire 2025-10-22T08-04-26_246-jvmRun1 surefire-20251022080902820_577tmp surefire_31-20251022080902820_578tmp"/>
    <property name="jdk.debug" value="release"/>
    <property name="native.lib.tmp.dir" value="/tmp"/>
    <property name="surefire.test.class.path" value="/home/runner/work/ozone/ozone/hadoop-ozone/integration-test/target/test-classes:/home/runner/work/ozone/ozone/hadoop-ozone/integration-test/target/classes:/home/runner/.m2/repository/ch/qos/reload4j/reload4j/1.2.26/reload4j-1.2.26.jar:/home/runner/.m2/repository/com/fasterxml/jackson/core/jackson-core/2.16.2/jackson-core-2.16.2.jar:/home/runner/.m2/repository/com/fasterxml/jackson/core/jackson-databind/2.16.2/jackson-databind-2.16.2.jar:/home/runner/.m2/repository/com/fasterxml/jackson/core/jackson-annotations/2.16.2/jackson-annotations-2.16.2.jar:/home/runner/.m2/repository/com/github/stephenc/jcip/jcip-annotations/1.0-1/jcip-annotations-1.0-1.jar:/home/runner/.m2/repository/com/google/guava/guava/33.5.0-jre/guava-33.5.0-jre.jar:/home/runner/.m2/repository/com/google/guava/failureaccess/1.0.3/failureaccess-1.0.3.jar:/home/runner/.m2/repository/com/google/guava/listenablefuture/9999.0-empty-to-avoid-conflict-with-guava/listenablefuture-9999.0-empty-to-avoid-conflict-with-guava.jar:/home/runner/.m2/repository/org/jspecify/jspecify/1.0.0/jspecify-1.0.0.jar:/home/runner/.m2/repository/com/google/errorprone/error_prone_annotations/2.29.2/error_prone_annotations-2.29.2.jar:/home/runner/.m2/repository/com/google/j2objc/j2objc-annotations/3.1/j2objc-annotations-3.1.jar:/home/runner/.m2/repository/com/google/protobuf/protobuf-java/2.5.0/protobuf-java-2.5.0.jar:/home/runner/.m2/repository/com/squareup/okhttp3/okhttp/4.12.0/okhttp-4.12.0.jar:/home/runner/.m2/repository/com/squareup/okio/okio/3.6.0/okio-3.6.0.jar:/home/runner/.m2/repository/com/squareup/okio/okio-jvm/3.6.0/okio-jvm-3.6.0.jar:/home/runner/.m2/repository/org/jetbrains/kotlin/kotlin-stdlib-common/1.9.25/kotlin-stdlib-common-1.9.25.jar:/home/runner/.m2/repository/org/jetbrains/kotlin/kotlin-stdlib-jdk8/1.9.25/kotlin-stdlib-jdk8-1.9.25.jar:/home/runner/.m2/repository/org/jetbrains/kotlin/kotlin-stdlib/1.9.25/kotlin-stdlib-1.9.25.jar:/home/runner/.m2/repository/org/jetbrains/annotations/13.0/annotations-13.0.jar:/home/runner/.m2/repository/org/jetbrains/kotlin/kotlin-stdlib-jdk7/1.9.25/kotlin-stdlib-jdk7-1.9.25.jar:/home/runner/.m2/repository/commons-codec/commons-codec/1.18.0/commons-codec-1.18.0.jar:/home/runner/.m2/repository/commons-io/commons-io/2.18.0/commons-io-2.18.0.jar:/home/runner/.m2/repository/commons-validator/commons-validator/1.10.0/commons-validator-1.10.0.jar:/home/runner/.m2/repository/commons-beanutils/commons-beanutils/1.11.0/commons-beanutils-1.11.0.jar:/home/runner/.m2/repository/commons-digester/commons-digester/2.1/commons-digester-2.1.jar:/home/runner/.m2/repository/commons-collections/commons-collections/3.2.2/commons-collections-3.2.2.jar:/home/runner/.m2/repository/info/picocli/picocli/4.7.7/picocli-4.7.7.jar:/home/runner/.m2/repository/jakarta/annotation/jakarta.annotation-api/2.1.1/jakarta.annotation-api-2.1.1.jar:/home/runner/.m2/repository/jakarta/xml/bind/jakarta.xml.bind-api/2.3.3/jakarta.xml.bind-api-2.3.3.jar:/home/runner/.m2/repository/jakarta/activation/jakarta.activation-api/1.2.2/jakarta.activation-api-1.2.2.jar:/home/runner/.m2/repository/javax/servlet/javax.servlet-api/3.1.0/javax.servlet-api-3.1.0.jar:/home/runner/.m2/repository/javax/ws/rs/jsr311-api/1.1.1/jsr311-api-1.1.1.jar:/home/runner/.m2/repository/org/apache/commons/commons-compress/1.27.1/commons-compress-1.27.1.jar:/home/runner/.m2/repository/org/apache/commons/commons-lang3/3.18.0/commons-lang3-3.18.0.jar:/home/runner/.m2/repository/org/apache/commons/commons-text/1.13.1/commons-text-1.13.1.jar:/home/runner/.m2/repository/org/apache/hadoop/hadoop-auth/3.4.2/hadoop-auth-3.4.2.jar:/home/runner/.m2/repository/com/nimbusds/nimbus-jose-jwt/10.4/nimbus-jose-jwt-10.4.jar:/home/runner/.m2/repository/io/dropwizard/metrics/metrics-core/3.2.6/metrics-core-3.2.6.jar:/home/runner/.m2/repository/org/apache/kerby/kerb-core/1.0.1/kerb-core-1.0.1.jar:/home/runner/.m2/repository/org/apache/kerby/kerby-pkix/1.0.1/kerby-pkix-1.0.1.jar:/home/runner/.m2/repository/org/apache/kerby/kerby-asn1/1.0.1/kerby-asn1-1.0.1.jar:/home/runner/.m2/repository/org/apache/kerby/kerb-util/1.0.1/kerb-util-1.0.1.jar:/home/runner/.m2/repository/org/apache/kerby/kerby-config/1.0.1/kerby-config-1.0.1.jar:/home/runner/.m2/repository/org/apache/kerby/kerb-crypto/1.0.1/kerb-crypto-1.0.1.jar:/home/runner/.m2/repository/org/apache/hadoop/thirdparty/hadoop-shaded-guava/1.4.0/hadoop-shaded-guava-1.4.0.jar:/home/runner/.m2/repository/org/apache/hadoop/hadoop-common/3.4.2/hadoop-common-3.4.2.jar:/home/runner/.m2/repository/org/apache/hadoop/thirdparty/hadoop-shaded-protobuf_3_25/1.4.0/hadoop-shaded-protobuf_3_25-1.4.0.jar:/home/runner/.m2/repository/org/apache/hadoop/hadoop-annotations/3.4.2/hadoop-annotations-3.4.2.jar:/home/runner/.m2/repository/commons-cli/commons-cli/1.8.0/commons-cli-1.8.0.jar:/home/runner/.m2/repository/commons-net/commons-net/3.11.1/commons-net-3.11.1.jar:/home/runner/.m2/repository/org/apache/commons/commons-collections4/4.4/commons-collections4-4.4.jar:/home/runner/.m2/repository/org/eclipse/jetty/jetty-server/9.4.58.v20250814/jetty-server-9.4.58.v20250814.jar:/home/runner/.m2/repository/org/eclipse/jetty/jetty-io/9.4.58.v20250814/jetty-io-9.4.58.v20250814.jar:/home/runner/.m2/repository/org/eclipse/jetty/jetty-util/9.4.58.v20250814/jetty-util-9.4.58.v20250814.jar:/home/runner/.m2/repository/org/eclipse/jetty/jetty-servlet/9.4.58.v20250814/jetty-servlet-9.4.58.v20250814.jar:/home/runner/.m2/repository/org/eclipse/jetty/jetty-security/9.4.58.v20250814/jetty-security-9.4.58.v20250814.jar:/home/runner/.m2/repository/org/eclipse/jetty/jetty-webapp/9.4.58.v20250814/jetty-webapp-9.4.58.v20250814.jar:/home/runner/.m2/repository/org/eclipse/jetty/jetty-xml/9.4.58.v20250814/jetty-xml-9.4.58.v20250814.jar:/home/runner/.m2/repository/javax/servlet/jsp/jsp-api/2.1/jsp-api-2.1.jar:/home/runner/.m2/repository/org/codehaus/jettison/jettison/1.5.4/jettison-1.5.4.jar:/home/runner/.m2/repository/org/apache/commons/commons-configuration2/2.12.0/commons-configuration2-2.12.0.jar:/home/runner/.m2/repository/com/google/re2j/re2j/1.7/re2j-1.7.jar:/home/runner/.m2/repository/com/google/code/gson/gson/2.13.1/gson-2.13.1.jar:/home/runner/.m2/repository/com/jcraft/jsch/0.1.55/jsch-0.1.55.jar:/home/runner/.m2/repository/io/netty/netty-handler/4.1.119.Final/netty-handler-4.1.119.Final.jar:/home/runner/.m2/repository/io/netty/netty-resolver/4.1.119.Final/netty-resolver-4.1.119.Final.jar:/home/runner/.m2/repository/io/netty/netty-transport-native-epoll/4.1.119.Final/netty-transport-native-epoll-4.1.119.Final.jar:/home/runner/.m2/repository/org/bouncycastle/bcprov-jdk18on/1.81/bcprov-jdk18on-1.81.jar:/home/runner/.m2/repository/org/codehaus/woodstox/stax2-api/4.2.1/stax2-api-4.2.1.jar:/home/runner/.m2/repository/com/fasterxml/woodstox/woodstox-core/5.4.0/woodstox-core-5.4.0.jar:/home/runner/.m2/repository/dnsjava/dnsjava/3.6.1/dnsjava-3.6.1.jar:/home/runner/.m2/repository/org/apache/hadoop/hadoop-common/3.4.2/hadoop-common-3.4.2-tests.jar:/home/runner/.m2/repository/org/apache/commons/commons-math3/3.6.1/commons-math3-3.6.1.jar:/home/runner/.m2/repository/com/sun/jersey/jersey-core/1.19.4/jersey-core-1.19.4.jar:/home/runner/.m2/repository/com/sun/jersey/jersey-servlet/1.19.4/jersey-servlet-1.19.4.jar:/home/runner/.m2/repository/com/github/pjfanning/jersey-json/1.22.0/jersey-json-1.22.0.jar:/home/runner/.m2/repository/com/sun/xml/bind/jaxb-impl/2.2.3-1/jaxb-impl-2.2.3-1.jar:/home/runner/.m2/repository/com/sun/jersey/jersey-server/1.19.4/jersey-server-1.19.4.jar:/home/runner/.m2/repository/org/slf4j/slf4j-reload4j/2.0.17/slf4j-reload4j-2.0.17.jar:/home/runner/.m2/repository/org/apache/avro/avro/1.11.4/avro-1.11.4.jar:/home/runner/.m2/repository/org/apache/curator/curator-client/4.2.0/curator-client-4.2.0.jar:/home/runner/.m2/repository/org/apache/curator/curator-recipes/5.2.0/curator-recipes-5.2.0.jar:/home/runner/.m2/repository/org/apache/curator/curator-framework/4.2.0/curator-framework-4.2.0.jar:/home/runner/.m2/repository/com/google/code/findbugs/jsr305/3.0.2/jsr305-3.0.2.jar:/home/runner/.m2/repository/org/apache/zookeeper/zookeeper/3.8.4/zookeeper-3.8.4.jar:/home/runner/.m2/repository/org/apache/zookeeper/zookeeper-jute/3.8.4/zookeeper-jute-3.8.4.jar:/home/runner/.m2/repository/org/apache/yetus/audience-annotations/0.12.0/audience-annotations-0.12.0.jar:/home/runner/.m2/repository/org/xerial/snappy/snappy-java/1.1.10.8/snappy-java-1.1.10.8.jar:/home/runner/.m2/repository/org/apache/hadoop/hadoop-distcp/3.4.2/hadoop-distcp-3.4.2.jar:/home/runner/.m2/repository/org/apache/hadoop/hadoop-distcp/3.4.2/hadoop-distcp-3.4.2-tests.jar:/home/runner/.m2/repository/org/apache/hadoop/hadoop-hdfs/3.4.2/hadoop-hdfs-3.4.2.jar:/home/runner/.m2/repository/org/eclipse/jetty/jetty-util-ajax/9.4.58.v20250814/jetty-util-ajax-9.4.58.v20250814.jar:/home/runner/.m2/repository/commons-daemon/commons-daemon/1.4.0/commons-daemon-1.4.0.jar:/home/runner/.m2/repository/org/apache/hadoop/hadoop-hdfs/3.4.2/hadoop-hdfs-3.4.2-tests.jar:/home/runner/.m2/repository/io/netty/netty-all/4.1.119.Final/netty-all-4.1.119.Final.jar:/home/runner/.m2/repository/io/netty/netty-codec-dns/4.1.119.Final/netty-codec-dns-4.1.119.Final.jar:/home/runner/.m2/repository/io/netty/netty-codec-haproxy/4.1.119.Final/netty-codec-haproxy-4.1.119.Final.jar:/home/runner/.m2/repository/io/netty/netty-codec-http/4.1.119.Final/netty-codec-http-4.1.119.Final.jar:/home/runner/.m2/repository/io/netty/netty-codec-memcache/4.1.119.Final/netty-codec-memcache-4.1.119.Final.jar:/home/runner/.m2/repository/io/netty/netty-codec-mqtt/4.1.119.Final/netty-codec-mqtt-4.1.119.Final.jar:/home/runner/.m2/repository/io/netty/netty-codec-redis/4.1.119.Final/netty-codec-redis-4.1.119.Final.jar:/home/runner/.m2/repository/io/netty/netty-codec-smtp/4.1.119.Final/netty-codec-smtp-4.1.119.Final.jar:/home/runner/.m2/repository/io/netty/netty-codec-socks/4.1.119.Final/netty-codec-socks-4.1.119.Final.jar:/home/runner/.m2/repository/io/netty/netty-codec-stomp/4.1.119.Final/netty-codec-stomp-4.1.119.Final.jar:/home/runner/.m2/repository/io/netty/netty-codec-xml/4.1.119.Final/netty-codec-xml-4.1.119.Final.jar:/home/runner/.m2/repository/io/netty/netty-handler-ssl-ocsp/4.1.119.Final/netty-handler-ssl-ocsp-4.1.119.Final.jar:/home/runner/.m2/repository/io/netty/netty-resolver-dns/4.1.119.Final/netty-resolver-dns-4.1.119.Final.jar:/home/runner/.m2/repository/io/netty/netty-transport-rxtx/4.1.119.Final/netty-transport-rxtx-4.1.119.Final.jar:/home/runner/.m2/repository/io/netty/netty-transport-sctp/4.1.119.Final/netty-transport-sctp-4.1.119.Final.jar:/home/runner/.m2/repository/io/netty/netty-transport-udt/4.1.119.Final/netty-transport-udt-4.1.119.Final.jar:/home/runner/.m2/repository/io/netty/netty-transport-classes-kqueue/4.1.119.Final/netty-transport-classes-kqueue-4.1.119.Final.jar:/home/runner/.m2/repository/io/netty/netty-resolver-dns-classes-macos/4.1.119.Final/netty-resolver-dns-classes-macos-4.1.119.Final.jar:/home/runner/.m2/repository/io/netty/netty-transport-native-epoll/4.1.119.Final/netty-transport-native-epoll-4.1.119.Final-linux-aarch_64.jar:/home/runner/.m2/repository/io/netty/netty-transport-native-epoll/4.1.119.Final/netty-transport-native-epoll-4.1.119.Final-linux-riscv64.jar:/home/runner/.m2/repository/io/netty/netty-transport-native-kqueue/4.1.119.Final/netty-transport-native-kqueue-4.1.119.Final-osx-x86_64.jar:/home/runner/.m2/repository/io/netty/netty-transport-native-kqueue/4.1.119.Final/netty-transport-native-kqueue-4.1.119.Final-osx-aarch_64.jar:/home/runner/.m2/repository/io/netty/netty-resolver-dns-native-macos/4.1.119.Final/netty-resolver-dns-native-macos-4.1.119.Final-osx-x86_64.jar:/home/runner/.m2/repository/io/netty/netty-resolver-dns-native-macos/4.1.119.Final/netty-resolver-dns-native-macos-4.1.119.Final-osx-aarch_64.jar:/home/runner/.m2/repository/org/fusesource/leveldbjni/leveldbjni-all/1.8/leveldbjni-all-1.8.jar:/home/runner/.m2/repository/org/apache/hadoop/hadoop-hdfs-client/3.4.2/hadoop-hdfs-client-3.4.2.jar:/home/runner/.m2/repository/org/apache/hadoop/hadoop-kms/3.4.2/hadoop-kms-3.4.2.jar:/home/runner/.m2/repository/org/apache/hadoop/hadoop-kms/3.4.2/hadoop-kms-3.4.2-tests.jar:/home/runner/.m2/repository/org/apache/hadoop/hadoop-mapreduce-client-core/3.4.2/hadoop-mapreduce-client-core-3.4.2.jar:/home/runner/.m2/repository/org/apache/hadoop/hadoop-yarn-client/3.4.2/hadoop-yarn-client-3.4.2.jar:/home/runner/.m2/repository/org/eclipse/jetty/websocket/websocket-client/9.4.57.v20241219/websocket-client-9.4.57.v20241219.jar:/home/runner/.m2/repository/org/eclipse/jetty/jetty-client/9.4.58.v20250814/jetty-client-9.4.58.v20250814.jar:/home/runner/.m2/repository/org/eclipse/jetty/websocket/websocket-common/9.4.57.v20241219/websocket-common-9.4.57.v20241219.jar:/home/runner/.m2/repository/org/eclipse/jetty/websocket/websocket-api/9.4.57.v20241219/websocket-api-9.4.57.v20241219.jar:/home/runner/.m2/repository/org/apache/hadoop/hadoop-yarn-api/3.4.2/hadoop-yarn-api-3.4.2.jar:/home/runner/.m2/repository/org/apache/hadoop/hadoop-yarn-common/3.4.2/hadoop-yarn-common-3.4.2.jar:/home/runner/.m2/repository/javax/xml/bind/jaxb-api/2.2.11/jaxb-api-2.2.11.jar:/home/runner/.m2/repository/com/sun/jersey/contribs/jersey-guice/1.19.4/jersey-guice-1.19.4.jar:/home/runner/.m2/repository/com/fasterxml/jackson/module/jackson-module-jaxb-annotations/2.16.2/jackson-module-jaxb-annotations-2.16.2.jar:/home/runner/.m2/repository/com/fasterxml/jackson/jaxrs/jackson-jaxrs-json-provider/2.16.2/jackson-jaxrs-json-provider-2.16.2.jar:/home/runner/.m2/repository/com/google/inject/extensions/guice-servlet/6.0.0/guice-servlet-6.0.0.jar:/home/runner/.m2/repository/org/apache/hadoop/hadoop-mapreduce-client-jobclient/3.4.2/hadoop-mapreduce-client-jobclient-3.4.2.jar:/home/runner/.m2/repository/org/apache/hadoop/hadoop-mapreduce-client-common/3.4.2/hadoop-mapreduce-client-common-3.4.2.jar:/home/runner/.m2/repository/org/apache/hadoop/hadoop-minikdc/3.4.2/hadoop-minikdc-3.4.2.jar:/home/runner/.m2/repository/org/apache/kerby/kerb-simplekdc/2.0.3/kerb-simplekdc-2.0.3.jar:/home/runner/.m2/repository/org/apache/kerby/kerb-client/2.0.3/kerb-client-2.0.3.jar:/home/runner/.m2/repository/org/apache/kerby/kerb-common/2.0.3/kerb-common-2.0.3.jar:/home/runner/.m2/repository/org/apache/kerby/token-provider/2.0.3/token-provider-2.0.3.jar:/home/runner/.m2/repository/org/apache/kerby/kerb-admin/2.0.3/kerb-admin-2.0.3.jar:/home/runner/.m2/repository/org/apache/kerby/kerb-server/2.0.3/kerb-server-2.0.3.jar:/home/runner/.m2/repository/org/apache/kerby/kerb-identity/2.0.3/kerb-identity-2.0.3.jar:/home/runner/.m2/repository/org/apache/kerby/kerby-xdr/2.0.3/kerby-xdr-2.0.3.jar:/home/runner/.m2/repository/junit/junit/4.13.2/junit-4.13.2.jar:/home/runner/.m2/repository/org/hamcrest/hamcrest-core/1.3/hamcrest-core-1.3.jar:/home/runner/.m2/repository/org/apache/httpcomponents/httpclient/4.5.14/httpclient-4.5.14.jar:/home/runner/.m2/repository/org/apache/httpcomponents/httpcore/4.4.16/httpcore-4.4.16.jar:/home/runner/.m2/repository/org/apache/kerby/kerby-util/1.0.1/kerby-util-1.0.1.jar:/home/runner/work/ozone/ozone/hadoop-hdds/client/target/hdds-client-2.1.0-SNAPSHOT.jar:/home/runner/work/ozone/ozone/hadoop-hdds/erasurecode/target/hdds-erasurecode-2.1.0-SNAPSHOT.jar:/home/runner/work/ozone/ozone/hadoop-hdds/common/target/hdds-common-2.1.0-SNAPSHOT.jar:/home/runner/.m2/repository/com/fasterxml/jackson/datatype/jackson-datatype-jsr310/2.16.2/jackson-datatype-jsr310-2.16.2.jar:/home/runner/.m2/repository/io/opentelemetry/opentelemetry-api/1.55.0/opentelemetry-api-1.55.0.jar:/home/runner/.m2/repository/io/opentelemetry/opentelemetry-context/1.55.0/opentelemetry-context-1.55.0.jar:/home/runner/.m2/repository/io/opentelemetry/opentelemetry-common/1.55.0/opentelemetry-common-1.55.0.jar:/home/runner/.m2/repository/io/opentelemetry/opentelemetry-exporter-otlp/1.55.0/opentelemetry-exporter-otlp-1.55.0.jar:/home/runner/.m2/repository/io/opentelemetry/opentelemetry-sdk-metrics/1.55.0/opentelemetry-sdk-metrics-1.55.0.jar:/home/runner/.m2/repository/io/opentelemetry/opentelemetry-sdk-logs/1.55.0/opentelemetry-sdk-logs-1.55.0.jar:/home/runner/.m2/repository/io/opentelemetry/opentelemetry-exporter-otlp-common/1.55.0/opentelemetry-exporter-otlp-common-1.55.0.jar:/home/runner/.m2/repository/io/opentelemetry/opentelemetry-exporter-common/1.55.0/opentelemetry-exporter-common-1.55.0.jar:/home/runner/.m2/repository/io/opentelemetry/opentelemetry-exporter-sender-okhttp/1.55.0/opentelemetry-exporter-sender-okhttp-1.55.0.jar:/home/runner/.m2/repository/com/squareup/okhttp3/okhttp-jvm/5.2.1/okhttp-jvm-5.2.1.jar:/home/runner/.m2/repository/io/opentelemetry/opentelemetry-sdk-extension-autoconfigure-spi/1.55.0/opentelemetry-sdk-extension-autoconfigure-spi-1.55.0.jar:/home/runner/.m2/repository/io/opentelemetry/opentelemetry-sdk/1.55.0/opentelemetry-sdk-1.55.0.jar:/home/runner/.m2/repository/io/opentelemetry/opentelemetry-sdk-common/1.55.0/opentelemetry-sdk-common-1.55.0.jar:/home/runner/.m2/repository/io/opentelemetry/opentelemetry-sdk-trace/1.55.0/opentelemetry-sdk-trace-1.55.0.jar:/home/runner/.m2/repository/org/apache/commons/commons-pool2/2.12.1/commons-pool2-2.12.1.jar:/home/runner/.m2/repository/org/apache/ratis/ratis-netty/3.2.0/ratis-netty-3.2.0.jar:/home/runner/.m2/repository/org/yaml/snakeyaml/2.5/snakeyaml-2.5.jar:/home/runner/.m2/repository/org/apache/ratis/ratis-metrics-dropwizard3/3.2.0/ratis-metrics-dropwizard3-3.2.0.jar:/home/runner/.m2/repository/org/slf4j/jcl-over-slf4j/2.0.17/jcl-over-slf4j-2.0.17.jar:/home/runner/work/ozone/ozone/hadoop-hdds/common/target/hdds-common-2.1.0-SNAPSHOT-tests.jar:/home/runner/work/ozone/ozone/hadoop-hdds/config/target/hdds-config-2.1.0-SNAPSHOT.jar:/home/runner/work/ozone/ozone/hadoop-hdds/container-service/target/hdds-container-service-2.1.0-SNAPSHOT.jar:/home/runner/.m2/repository/io/netty/netty-buffer/4.1.119.Final/netty-buffer-4.1.119.Final.jar:/home/runner/.m2/repository/io/netty/netty-codec/4.1.119.Final/netty-codec-4.1.119.Final.jar:/home/runner/.m2/repository/io/netty/netty-common/4.1.119.Final/netty-common-4.1.119.Final.jar:/home/runner/.m2/repository/io/netty/netty-transport/4.1.119.Final/netty-transport-4.1.119.Final.jar:/home/runner/.m2/repository/org/apache/logging/log4j/log4j-api/2.25.0/log4j-api-2.25.0.jar:/home/runner/.m2/repository/com/github/luben/zstd-jni/1.5.7-5/zstd-jni-1.5.7-5.jar:/home/runner/.m2/repository/log4j/apache-log4j-extras/1.2.17/apache-log4j-extras-1.2.17.jar:/home/runner/.m2/repository/org/glassfish/jaxb/jaxb-runtime/2.3.9/jaxb-runtime-2.3.9.jar:/home/runner/.m2/repository/org/glassfish/jaxb/txw2/2.3.9/txw2-2.3.9.jar:/home/runner/.m2/repository/com/sun/istack/istack-commons-runtime/3.0.12/istack-commons-runtime-3.0.12.jar:/home/runner/.m2/repository/com/sun/activation/jakarta.activation/1.2.2/jakarta.activation-1.2.2.jar:/home/runner/work/ozone/ozone/hadoop-hdds/container-service/target/hdds-container-service-2.1.0-SNAPSHOT-tests.jar:/home/runner/work/ozone/ozone/hadoop-hdds/interface-admin/target/hdds-interface-admin-2.1.0-SNAPSHOT.jar:/home/runner/work/ozone/ozone/hadoop-hdds/interface-client/target/hdds-interface-client-2.1.0-SNAPSHOT.jar:/home/runner/work/ozone/ozone/hadoop-hdds/interface-server/target/hdds-interface-server-2.1.0-SNAPSHOT.jar:/home/runner/work/ozone/ozone/hadoop-hdds/managed-rocksdb/target/hdds-managed-rocksdb-2.1.0-SNAPSHOT.jar:/home/runner/work/ozone/ozone/hadoop-hdds/rocks-native/target/hdds-rocks-native-2.1.0-SNAPSHOT.jar:/home/runner/work/ozone/ozone/hadoop-hdds/framework/target/hdds-server-framework-2.1.0-SNAPSHOT.jar:/home/runner/.m2/repository/com/github/jnr/jnr-constants/0.10.4/jnr-constants-0.10.4.jar:/home/runner/.m2/repository/com/github/jnr/jnr-posix/3.1.20/jnr-posix-3.1.20.jar:/home/runner/.m2/repository/com/github/jnr/jnr-ffi/2.2.17/jnr-ffi-2.2.17.jar:/home/runner/.m2/repository/com/github/jnr/jffi/1.3.13/jffi-1.3.13.jar:/home/runner/.m2/repository/com/github/jnr/jffi/1.3.13/jffi-1.3.13-native.jar:/home/runner/.m2/repository/org/ow2/asm/asm/9.7.1/asm-9.7.1.jar:/home/runner/.m2/repository/org/ow2/asm/asm-commons/9.7.1/asm-commons-9.7.1.jar:/home/runner/.m2/repository/org/ow2/asm/asm-analysis/9.7.1/asm-analysis-9.7.1.jar:/home/runner/.m2/repository/org/ow2/asm/asm-tree/9.7.1/asm-tree-9.7.1.jar:/home/runner/.m2/repository/org/ow2/asm/asm-util/9.7.1/asm-util-9.7.1.jar:/home/runner/.m2/repository/com/github/jnr/jnr-a64asm/1.0.0/jnr-a64asm-1.0.0.jar:/home/runner/.m2/repository/com/github/jnr/jnr-x86asm/1.0.2/jnr-x86asm-1.0.2.jar:/home/runner/.m2/repository/commons-fileupload/commons-fileupload/1.6.0/commons-fileupload-1.6.0.jar:/home/runner/.m2/repository/io/grpc/grpc-api/1.71.0/grpc-api-1.71.0.jar:/home/runner/.m2/repository/io/prometheus/simpleclient/0.16.0/simpleclient-0.16.0.jar:/home/runner/.m2/repository/io/prometheus/simpleclient_common/0.16.0/simpleclient_common-0.16.0.jar:/home/runner/.m2/repository/io/prometheus/simpleclient_dropwizard/0.16.0/simpleclient_dropwizard-0.16.0.jar:/home/runner/.m2/repository/jakarta/ws/rs/jakarta.ws.rs-api/2.1.6/jakarta.ws.rs-api-2.1.6.jar:/home/runner/.m2/repository/org/eclipse/jetty/jetty-http/9.4.58.v20250814/jetty-http-9.4.58.v20250814.jar:/home/runner/.m2/repository/org/glassfish/jersey/containers/jersey-container-servlet-core/2.47/jersey-container-servlet-core-2.47.jar:/home/runner/.m2/repository/org/glassfish/jersey/core/jersey-server/2.47/jersey-server-2.47.jar:/home/runner/.m2/repository/org/glassfish/jersey/core/jersey-client/2.47/jersey-client-2.47.jar:/home/runner/.m2/repository/com/lmax/disruptor/3.4.4/disruptor-3.4.4.jar:/home/runner/.m2/repository/org/apache/logging/log4j/log4j-core/2.25.0/log4j-core-2.25.0.jar:/home/runner/work/ozone/ozone/hadoop-hdds/framework/target/hdds-server-framework-2.1.0-SNAPSHOT-tests.jar:/home/runner/work/ozone/ozone/hadoop-hdds/server-scm/target/hdds-server-scm-2.1.0-SNAPSHOT.jar:/home/runner/work/ozone/ozone/hadoop-hdds/server-scm/target/hdds-server-scm-2.1.0-SNAPSHOT-tests.jar:/home/runner/work/ozone/ozone/hadoop-hdds/test-utils/target/hdds-test-utils-2.1.0-SNAPSHOT-tests.jar:/home/runner/work/ozone/ozone/hadoop-ozone/cli-admin/target/ozone-cli-admin-2.1.0-SNAPSHOT.jar:/home/runner/work/ozone/ozone/hadoop-ozone/cli-shell/target/ozone-cli-shell-2.1.0-SNAPSHOT.jar:/home/runner/.m2/repository/info/picocli/picocli-shell-jline3/4.7.7/picocli-shell-jline3-4.7.7.jar:/home/runner/.m2/repository/org/jline/jline/3.30.6/jline-3.30.6.jar:/home/runner/work/ozone/ozone/hadoop-ozone/client/target/ozone-client-2.1.0-SNAPSHOT.jar:/home/runner/work/ozone/ozone/hadoop-ozone/common/target/ozone-common-2.1.0-SNAPSHOT.jar:/home/runner/.m2/repository/io/grpc/grpc-netty/1.71.0/grpc-netty-1.71.0.jar:/home/runner/.m2/repository/org/codehaus/mojo/animal-sniffer-annotations/1.24/animal-sniffer-annotations-1.24.jar:/home/runner/.m2/repository/io/grpc/grpc-core/1.71.0/grpc-core-1.71.0.jar:/home/runner/.m2/repository/com/google/android/annotations/4.1.1.4/annotations-4.1.1.4.jar:/home/runner/.m2/repository/io/grpc/grpc-context/1.71.0/grpc-context-1.71.0.jar:/home/runner/.m2/repository/io/perfmark/perfmark-api/0.27.0/perfmark-api-0.27.0.jar:/home/runner/.m2/repository/io/grpc/grpc-util/1.71.0/grpc-util-1.71.0.jar:/home/runner/.m2/repository/io/netty/netty-codec-http2/4.1.119.Final/netty-codec-http2-4.1.119.Final.jar:/home/runner/.m2/repository/io/netty/netty-handler-proxy/4.1.119.Final/netty-handler-proxy-4.1.119.Final.jar:/home/runner/.m2/repository/io/netty/netty-tcnative-boringssl-static/2.0.70.Final/netty-tcnative-boringssl-static-2.0.70.Final.jar:/home/runner/.m2/repository/io/netty/netty-tcnative-classes/2.0.70.Final/netty-tcnative-classes-2.0.70.Final.jar:/home/runner/.m2/repository/io/netty/netty-tcnative-boringssl-static/2.0.70.Final/netty-tcnative-boringssl-static-2.0.70.Final-linux-x86_64.jar:/home/runner/.m2/repository/io/netty/netty-tcnative-boringssl-static/2.0.70.Final/netty-tcnative-boringssl-static-2.0.70.Final-linux-aarch_64.jar:/home/runner/.m2/repository/io/netty/netty-tcnative-boringssl-static/2.0.70.Final/netty-tcnative-boringssl-static-2.0.70.Final-osx-x86_64.jar:/home/runner/.m2/repository/io/netty/netty-tcnative-boringssl-static/2.0.70.Final/netty-tcnative-boringssl-static-2.0.70.Final-osx-aarch_64.jar:/home/runner/.m2/repository/io/netty/netty-tcnative-boringssl-static/2.0.70.Final/netty-tcnative-boringssl-static-2.0.70.Final-windows-x86_64.jar:/home/runner/work/ozone/ozone/hadoop-ozone/csi/target/ozone-csi-2.1.0-SNAPSHOT.jar:/home/runner/.m2/repository/io/grpc/grpc-protobuf/1.71.0/grpc-protobuf-1.71.0.jar:/home/runner/.m2/repository/com/google/api/grpc/proto-google-common-protos/2.51.0/proto-google-common-protos-2.51.0.jar:/home/runner/.m2/repository/io/grpc/grpc-protobuf-lite/1.71.0/grpc-protobuf-lite-1.71.0.jar:/home/runner/.m2/repository/io/grpc/grpc-stub/1.71.0/grpc-stub-1.71.0.jar:/home/runner/.m2/repository/io/netty/netty-transport-classes-epoll/4.1.119.Final/netty-transport-classes-epoll-4.1.119.Final.jar:/home/runner/.m2/repository/io/netty/netty-transport-native-unix-common/4.1.119.Final/netty-transport-native-unix-common-4.1.119.Final.jar:/home/runner/.m2/repository/io/netty/netty-transport-native-epoll/4.1.119.Final/netty-transport-native-epoll-4.1.119.Final-linux-x86_64.jar:/home/runner/work/ozone/ozone/hadoop-ozone/ozonefs/target/ozone-filesystem-2.1.0-SNAPSHOT.jar:/home/runner/work/ozone/ozone/hadoop-ozone/ozonefs-common/target/ozone-filesystem-common-2.1.0-SNAPSHOT.jar:/home/runner/work/ozone/ozone/hadoop-ozone/freon/target/ozone-freon-2.1.0-SNAPSHOT.jar:/home/runner/.m2/repository/com/amazonaws/aws-java-sdk-core/1.12.788/aws-java-sdk-core-1.12.788.jar:/home/runner/.m2/repository/com/fasterxml/jackson/dataformat/jackson-dataformat-cbor/2.16.2/jackson-dataformat-cbor-2.16.2.jar:/home/runner/.m2/repository/joda-time/joda-time/2.12.7/joda-time-2.12.7.jar:/home/runner/.m2/repository/com/amazonaws/aws-java-sdk-s3/1.12.788/aws-java-sdk-s3-1.12.788.jar:/home/runner/.m2/repository/com/amazonaws/aws-java-sdk-kms/1.12.788/aws-java-sdk-kms-1.12.788.jar:/home/runner/.m2/repository/com/amazonaws/jmespath-java/1.12.788/jmespath-java-1.12.788.jar:/home/runner/work/ozone/ozone/hadoop-ozone/interface-client/target/ozone-interface-client-2.1.0-SNAPSHOT.jar:/home/runner/work/ozone/ozone/hadoop-ozone/interface-storage/target/ozone-interface-storage-2.1.0-SNAPSHOT.jar:/home/runner/work/ozone/ozone/hadoop-ozone/ozone-manager/target/ozone-manager-2.1.0-SNAPSHOT.jar:/home/runner/.m2/repository/org/aspectj/aspectjrt/1.9.24/aspectjrt-1.9.24.jar:/home/runner/work/ozone/ozone/hadoop-ozone/ozone-manager/target/ozone-manager-2.1.0-SNAPSHOT-tests.jar:/home/runner/work/ozone/ozone/hadoop-ozone/mini-cluster/target/ozone-mini-cluster-2.1.0-SNAPSHOT.jar:/home/runner/work/ozone/ozone/hadoop-ozone/multitenancy-ranger/target/ozone-multitenancy-ranger-2.1.0-SNAPSHOT.jar:/home/runner/.m2/repository/com/sun/jersey/jersey-client/1.19.4/jersey-client-1.19.4.jar:/home/runner/.m2/repository/org/apache/ranger/ranger-plugins-common/2.6.0/ranger-plugins-common-2.6.0.jar:/home/runner/.m2/repository/com/fasterxml/jackson/jaxrs/jackson-jaxrs-base/2.16.2/jackson-jaxrs-base-2.16.2.jar:/home/runner/.m2/repository/com/kstruct/gethostname4j/1.0.0/gethostname4j-1.0.0.jar:/home/runner/.m2/repository/commons-lang/commons-lang/2.6/commons-lang-2.6.jar:/home/runner/.m2/repository/net/java/dev/jna/jna/5.2.0/jna-5.2.0.jar:/home/runner/.m2/repository/net/java/dev/jna/jna-platform/5.2.0/jna-platform-5.2.0.jar:/home/runner/.m2/repository/org/apache/ranger/ranger-plugin-classloader/2.6.0/ranger-plugin-classloader-2.6.0.jar:/home/runner/.m2/repository/org/apache/ranger/ranger-plugins-audit/2.6.0/ranger-plugins-audit-2.6.0.jar:/home/runner/.m2/repository/com/amazonaws/aws-java-sdk-logs/1.12.765/aws-java-sdk-logs-1.12.765.jar:/home/runner/.m2/repository/com/carrotsearch/hppc/0.8.0/hppc-0.8.0.jar:/home/runner/.m2/repository/io/airlift/aircompressor/0.27/aircompressor-0.27.jar:/home/runner/.m2/repository/org/apache/httpcomponents/httpasyncclient/4.1.4/httpasyncclient-4.1.4.jar:/home/runner/.m2/repository/org/apache/httpcomponents/httpcore-nio/4.4.16/httpcore-nio-4.4.16.jar:/home/runner/.m2/repository/org/apache/httpcomponents/httpmime/4.5.13/httpmime-4.5.13.jar:/home/runner/.m2/repository/org/apache/orc/orc-core/1.5.8/orc-core-1.5.8.jar:/home/runner/.m2/repository/org/apache/orc/orc-shims/1.5.8/orc-shims-1.5.8.jar:/home/runner/.m2/repository/org/apache/ranger/ranger-plugins-cred/2.6.0/ranger-plugins-cred-2.6.0.jar:/home/runner/work/ozone/ozone/hadoop-ozone/recon/target/ozone-recon-2.1.0-SNAPSHOT.jar:/home/runner/.m2/repository/aopalliance/aopalliance/1.0/aopalliance-1.0.jar:/home/runner/.m2/repository/com/google/inject/guice/6.0.0/guice-6.0.0.jar:/home/runner/.m2/repository/jakarta/inject/jakarta.inject-api/2.0.1/jakarta.inject-api-2.0.1.jar:/home/runner/.m2/repository/com/jolbox/bonecp/0.8.0.RELEASE/bonecp-0.8.0.RELEASE.jar:/home/runner/.m2/repository/jakarta/validation/jakarta.validation-api/2.0.2/jakarta.validation-api-2.0.2.jar:/home/runner/.m2/repository/javax/annotation/javax.annotation-api/1.3.2/javax.annotation-api-1.3.2.jar:/home/runner/.m2/repository/javax/inject/javax.inject/1/javax.inject-1.jar:/home/runner/.m2/repository/org/apache/derby/derby/10.14.2.0/derby-10.14.2.0.jar:/home/runner/.m2/repository/org/glassfish/hk2/guice-bridge/2.6.1/guice-bridge-2.6.1.jar:/home/runner/.m2/repository/org/glassfish/hk2/hk2-api/2.6.1/hk2-api-2.6.1.jar:/home/runner/.m2/repository/org/glassfish/hk2/hk2-utils/2.6.1/hk2-utils-2.6.1.jar:/home/runner/.m2/repository/org/glassfish/hk2/external/aopalliance-repackaged/2.6.1/aopalliance-repackaged-2.6.1.jar:/home/runner/.m2/repository/org/glassfish/jersey/core/jersey-common/2.47/jersey-common-2.47.jar:/home/runner/.m2/repository/org/glassfish/hk2/osgi-resource-locator/1.0.3/osgi-resource-locator-1.0.3.jar:/home/runner/.m2/repository/org/jooq/jooq/3.11.10/jooq-3.11.10.jar:/home/runner/.m2/repository/org/springframework/spring-core/5.3.39/spring-core-5.3.39.jar:/home/runner/.m2/repository/org/springframework/spring-jdbc/5.3.39/spring-jdbc-5.3.39.jar:/home/runner/.m2/repository/org/springframework/spring-beans/5.3.39/spring-beans-5.3.39.jar:/home/runner/.m2/repository/org/springframework/spring-tx/5.3.39/spring-tx-5.3.39.jar:/home/runner/.m2/repository/org/xerial/sqlite-jdbc/3.50.3.0/sqlite-jdbc-3.50.3.0.jar:/home/runner/.m2/repository/com/google/inject/extensions/guice-assistedinject/6.0.0/guice-assistedinject-6.0.0.jar:/home/runner/.m2/repository/org/glassfish/hk2/external/jakarta.inject/2.6.1/jakarta.inject-2.6.1.jar:/home/runner/.m2/repository/org/glassfish/jersey/inject/jersey-hk2/2.47/jersey-hk2-2.47.jar:/home/runner/.m2/repository/org/glassfish/hk2/hk2-locator/2.6.1/hk2-locator-2.6.1.jar:/home/runner/.m2/repository/org/glassfish/jersey/media/jersey-media-jaxb/2.47/jersey-media-jaxb-2.47.jar:/home/runner/.m2/repository/org/glassfish/jersey/media/jersey-media-json-jackson/2.47/jersey-media-json-jackson-2.47.jar:/home/runner/.m2/repository/org/glassfish/jersey/ext/jersey-entity-filtering/2.47/jersey-entity-filtering-2.47.jar:/home/runner/work/ozone/ozone/hadoop-ozone/recon-codegen/target/ozone-reconcodegen-2.1.0-SNAPSHOT.jar:/home/runner/.m2/repository/org/jooq/jooq-codegen/3.11.10/jooq-codegen-3.11.10.jar:/home/runner/.m2/repository/org/jooq/jooq-meta/3.11.10/jooq-meta-3.11.10.jar:/home/runner/work/ozone/ozone/hadoop-ozone/s3gateway/target/ozone-s3gateway-2.1.0-SNAPSHOT.jar:/home/runner/work/ozone/ozone/hadoop-ozone/tools/target/ozone-tools-2.1.0-SNAPSHOT.jar:/home/runner/.m2/repository/com/github/vlsi/mxgraph/jgraphx/3.9.12/jgraphx-3.9.12.jar:/home/runner/.m2/repository/org/apache/ratis/ratis-shell/3.2.0/ratis-shell-3.2.0.jar:/home/runner/.m2/repository/org/apache/ratis/ratis-tools/3.2.0/ratis-tools-3.2.0.jar:/home/runner/.m2/repository/org/jgrapht/jgrapht-core/1.4.0/jgrapht-core-1.4.0.jar:/home/runner/.m2/repository/org/jheaps/jheaps/0.11/jheaps-0.11.jar:/home/runner/.m2/repository/org/jgrapht/jgrapht-ext/1.4.0/jgrapht-ext-1.4.0.jar:/home/runner/work/ozone/ozone/hadoop-hdds/rocksdb-checkpoint-differ/target/rocksdb-checkpoint-differ-2.1.0-SNAPSHOT.jar:/home/runner/.m2/repository/org/apache/ranger/ranger-intg/2.6.0/ranger-intg-2.6.0.jar:/home/runner/.m2/repository/org/apache/ratis/ratis-client/3.2.0/ratis-client-3.2.0.jar:/home/runner/.m2/repository/org/apache/ratis/ratis-common/3.2.0/ratis-common-3.2.0.jar:/home/runner/.m2/repository/org/apache/ratis/ratis-grpc/3.2.0/ratis-grpc-3.2.0.jar:/home/runner/.m2/repository/org/apache/ratis/ratis-metrics-api/3.2.0/ratis-metrics-api-3.2.0.jar:/home/runner/.m2/repository/org/apache/ratis/ratis-proto/3.2.0/ratis-proto-3.2.0.jar:/home/runner/.m2/repository/org/apache/ratis/ratis-server/3.2.0/ratis-server-3.2.0.jar:/home/runner/.m2/repository/org/apache/ratis/ratis-server-api/3.2.0/ratis-server-api-3.2.0.jar:/home/runner/.m2/repository/org/apache/ratis/ratis-thirdparty-misc/1.0.9/ratis-thirdparty-misc-1.0.9.jar:/home/runner/.m2/repository/org/bouncycastle/bcpkix-jdk18on/1.81/bcpkix-jdk18on-1.81.jar:/home/runner/.m2/repository/org/bouncycastle/bcutil-jdk18on/1.81/bcutil-jdk18on-1.81.jar:/home/runner/.m2/repository/org/hamcrest/hamcrest/2.2/hamcrest-2.2.jar:/home/runner/.m2/repository/org/reflections/reflections/0.10.2/reflections-0.10.2.jar:/home/runner/.m2/repository/org/javassist/javassist/3.30.2-GA/javassist-3.30.2-GA.jar:/home/runner/.m2/repository/org/rocksdb/rocksdbjni/7.7.3/rocksdbjni-7.7.3.jar:/home/runner/.m2/repository/org/slf4j/jul-to-slf4j/2.0.17/jul-to-slf4j-2.0.17.jar:/home/runner/.m2/repository/org/slf4j/slf4j-api/2.0.17/slf4j-api-2.0.17.jar:/home/runner/.m2/repository/org/assertj/assertj-core/3.27.6/assertj-core-3.27.6.jar:/home/runner/.m2/repository/net/bytebuddy/byte-buddy/1.17.7/byte-buddy-1.17.7.jar:/home/runner/.m2/repository/org/junit/jupiter/junit-jupiter-api/5.14.0/junit-jupiter-api-5.14.0.jar:/home/runner/.m2/repository/org/opentest4j/opentest4j/1.3.0/opentest4j-1.3.0.jar:/home/runner/.m2/repository/org/junit/platform/junit-platform-commons/1.14.0/junit-platform-commons-1.14.0.jar:/home/runner/.m2/repository/org/apiguardian/apiguardian-api/1.1.2/apiguardian-api-1.1.2.jar:/home/runner/.m2/repository/org/junit/jupiter/junit-jupiter-params/5.14.0/junit-jupiter-params-5.14.0.jar:/home/runner/.m2/repository/org/mockito/mockito-core/4.11.0/mockito-core-4.11.0.jar:/home/runner/.m2/repository/net/bytebuddy/byte-buddy-agent/1.12.19/byte-buddy-agent-1.12.19.jar:/home/runner/.m2/repository/org/objenesis/objenesis/3.3/objenesis-3.3.jar:/home/runner/.m2/repository/org/mockito/mockito-inline/4.11.0/mockito-inline-4.11.0.jar:/home/runner/.m2/repository/org/mockito/mockito-junit-jupiter/4.11.0/mockito-junit-jupiter-4.11.0.jar:/home/runner/work/ozone/ozone/hadoop-ozone/integration-test/target/gradle-enterprise/test-listeners.jar:"/>
    <property name="sun.cpu.endian" value="little"/>
    <property name="user.home" value="/home/runner"/>
    <property name="user.language" value="en"/>
    <property name="java.specification.vendor" value="Oracle Corporation"/>
    <property name="skipRecon" value="true"/>
    <property name="java.version.date" value="2025-07-15"/>
    <property name="java.home" value="/usr/lib/jvm/temurin-21-jdk-amd64"/>
    <property name="java.security.krb5.conf" value="/home/runner/work/ozone/ozone/hadoop-ozone/integration-test/target/test-classes/krb5.conf"/>
    <property name="file.separator" value="/"/>
    <property name="basedir" value="/home/runner/work/ozone/ozone/hadoop-ozone/integration-test"/>
    <property name="java.vm.compressedOopsMode" value="Zero based"/>
    <property name="line.separator" value="&#10;"/>
    <property name="java.vm.specification.vendor" value="Oracle Corporation"/>
    <property name="java.specification.name" value="Java Platform API Specification"/>
    <property name="surefire.real.class.path" value="/home/runner/work/ozone/ozone/hadoop-ozone/integration-test/target/surefire/surefirebooter-20251022080902820_579.jar"/>
    <property name="hadoop.log.dir" value="/home/runner/work/ozone/ozone/hadoop-ozone/integration-test/target/log"/>
    <property name="sun.management.compiler" value="HotSpot 64-Bit Tiered Compilers"/>
    <property name="skipShade" value="true"/>
    <property name="java.runtime.version" value="21.0.8+9-LTS"/>
    <property name="user.name" value="runner"/>
    <property name="java.net.preferIPv4Stack" value="true"/>
    <property name="stdout.encoding" value="UTF-8"/>
    <property name="path.separator" value=":"/>
    <property name="java.security.egd" value="file:///dev/urandom"/>
    <property name="os.version" value="6.11.0-1018-azure"/>
    <property name="java.runtime.name" value="OpenJDK Runtime Environment"/>
    <property name="com.gradle.maven.scan.extension.test.listener.junitplatform.NestedExecutionSafeDelegatingTestExecutionListener" value="4bbf6d0e"/>
    <property name="file.encoding" value="UTF-8"/>
    <property name="java.vm.name" value="OpenJDK 64-Bit Server VM"/>
    <property name="rocks_tools_native" value="true"/>
    <property name="java.vendor.version" value="Temurin-21.0.8+9"/>
    <property name="test.build.webapps" value=""/>
    <property name="develocity.listener.surefire.forkId" value="1"/>
    <property name="localRepository" value="/home/runner/.m2/repository"/>
    <property name="java.vendor.url.bug" value="https://github.com/adoptium/adoptium-support/issues"/>
    <property name="jetty.git.hash" value="8f1440587e9e4ae7db3d74cf205643f3d707148d"/>
    <property name="java.io.tmpdir" value="/tmp"/>
    <property name="require.test.libhadoop" value=""/>
    <property name="java.version" value="21.0.8"/>
    <property name="user.dir" value="/home/runner/work/ozone/ozone/hadoop-ozone/integration-test"/>
    <property name="os.arch" value="amd64"/>
    <property name="java.vm.specification.name" value="Java Virtual Machine Specification"/>
    <property name="test.build.classes" value="/home/runner/work/ozone/ozone/hadoop-ozone/integration-test/target/test-classes"/>
    <property name="org.apache.ratis.thirdparty.io.netty.allocator.useCacheForAllThreads" value="false"/>
    <property name="native.encoding" value="UTF-8"/>
    <property name="hadoop.tmp.dir" value="/home/runner/work/ozone/ozone/hadoop-ozone/integration-test/target/tmp"/>
    <property name="java.library.path" value="/usr/java/packages/lib:/usr/lib64:/lib64:/lib:/usr/lib"/>
    <property name="java.vm.info" value="mixed mode, sharing"/>
    <property name="stderr.encoding" value="UTF-8"/>
    <property name="java.vendor" value="Eclipse Adoptium"/>
    <property name="java.vm.version" value="21.0.8+9-LTS"/>
    <property name="sun.io.unicode.encoding" value="UnicodeLittle"/>
    <property name="develocity.listener.port" value="42691"/>
    <property name="java.class.version" value="65.0"/>
  </properties>
  <testcase name="testPipelineExclusionWithPipelineFailure" classname="org.apache.hadoop.ozone.client.rpc.TestFailureHandlingByClient" time="38.627">
    <system-out><![CDATA[2025-10-22 08:23:29,969 [ForkJoinPool-1-worker-1] INFO  reflections.Reflections (Reflections.java:scan(219)) - Reflections took 227 ms to scan 7 urls, producing 168 keys and 381 values
2025-10-22 08:23:30,104 [ForkJoinPool-1-worker-1] INFO  ha.SCMHANodeDetails (SCMHANodeDetails.java:loadSCMHAConfig(162)) - ServiceID for StorageContainerManager is null
2025-10-22 08:23:30,105 [ForkJoinPool-1-worker-1] INFO  ha.SCMHANodeDetails (SCMHANodeDetails.java:loadSCMHAConfig(166)) - ozone.scm.default.service.id is not defined, falling back to ozone.scm.service.ids to find serviceID for StorageContainerManager if it is HA enabled cluster
2025-10-22 08:23:30,275 [ForkJoinPool-1-worker-1] INFO  server.RaftServerConfigKeys (ConfUtils.java:logGet(62)) - raft.server.log.appender.buffer.byte-limit = 4194304 (custom)
2025-10-22 08:23:30,300 [ForkJoinPool-1-worker-1] INFO  server.RaftServer (ConfUtils.java:logGet(62)) - raft.rpc.type = GRPC (default)
2025-10-22 08:23:30,362 [ForkJoinPool-1-worker-1] INFO  grpc.GrpcConfigKeys (ConfUtils.java:logFallback(69)) - raft.grpc.admin.host = null (fallback to raft.grpc.server.host)
2025-10-22 08:23:30,363 [ForkJoinPool-1-worker-1] INFO  grpc.GrpcConfigKeys (ConfUtils.java:logFallback(69)) - raft.grpc.admin.port = 15004 (fallback to raft.grpc.server.port)
2025-10-22 08:23:30,364 [ForkJoinPool-1-worker-1] INFO  grpc.GrpcConfigKeys (ConfUtils.java:logFallback(69)) - raft.grpc.client.host = null (fallback to raft.grpc.server.host)
2025-10-22 08:23:30,364 [ForkJoinPool-1-worker-1] INFO  grpc.GrpcConfigKeys (ConfUtils.java:logFallback(69)) - raft.grpc.client.port = 15004 (fallback to raft.grpc.server.port)
2025-10-22 08:23:30,365 [ForkJoinPool-1-worker-1] INFO  grpc.GrpcConfigKeys (ConfUtils.java:logGet(62)) - raft.grpc.server.port = 15004 (custom)
2025-10-22 08:23:30,366 [ForkJoinPool-1-worker-1] INFO  server.GrpcServicesImpl (ConfUtils.java:logGet(62)) - raft.grpc.message.size.max = 5242880 (custom)
2025-10-22 08:23:30,366 [ForkJoinPool-1-worker-1] INFO  server.GrpcServicesImpl (ConfUtils.java:logGet(62)) - raft.grpc.flow.control.window = 1MB (=1048576) (default)
2025-10-22 08:23:30,367 [ForkJoinPool-1-worker-1] INFO  server.RaftServerConfigKeys (ConfUtils.java:logGet(62)) - raft.server.rpc.request.timeout = 30000ms (custom)
2025-10-22 08:23:30,372 [ForkJoinPool-1-worker-1] INFO  grpc.GrpcConfigKeys (ConfUtils.java:logGet(62)) - raft.grpc.server.heartbeat.channel = true (default)
2025-10-22 08:23:30,373 [ForkJoinPool-1-worker-1] INFO  server.RaftServerConfigKeys (ConfUtils.java:logGet(62)) - raft.server.log.appender.buffer.byte-limit = 4194304 (custom)
2025-10-22 08:23:30,376 [ForkJoinPool-1-worker-1] INFO  grpc.GrpcConfigKeys (ConfUtils.java:logGet(62)) - raft.grpc.server.async.request.thread.pool.cached = true (default)
2025-10-22 08:23:30,377 [ForkJoinPool-1-worker-1] INFO  grpc.GrpcConfigKeys (ConfUtils.java:logGet(62)) - raft.grpc.server.async.request.thread.pool.size = 32 (default)
2025-10-22 08:23:30,559 [ForkJoinPool-1-worker-1] INFO  impl.DataStreamServerImpl (ConfUtils.java:logGet(62)) - raft.datastream.type = DISABLED (default)
2025-10-22 08:23:30,561 [ForkJoinPool-1-worker-1] INFO  server.RaftServerConfigKeys (ConfUtils.java:logGet(62)) - raft.server.sleep.deviation.threshold = 300ms (default)
2025-10-22 08:23:30,561 [ForkJoinPool-1-worker-1] INFO  server.RaftServerConfigKeys (ConfUtils.java:logGet(62)) - raft.server.close.threshold = 60s (default)
2025-10-22 08:23:30,562 [ForkJoinPool-1-worker-1] INFO  server.RaftServerConfigKeys (ConfUtils.java:logGet(62)) - raft.server.leaderelection.leader.step-down.wait-time = 10s (default)
2025-10-22 08:23:30,565 [ForkJoinPool-1-worker-1] INFO  server.RaftServerConfigKeys (ConfUtils.java:logGet(62)) - raft.server.storage.dir = [/home/runner/work/ozone/ozone/hadoop-ozone/integration-test/target/test-dir/MiniOzoneClusterImpl-a412b9f6-7d8b-4de3-a85c-9946bceaa3a0/scm/ratis] (custom)
2025-10-22 08:23:30,566 [ForkJoinPool-1-worker-1] INFO  server.RaftServerConfigKeys (ConfUtils.java:logGet(62)) - raft.server.threadpool.proxy.cached = true (default)
2025-10-22 08:23:30,567 [ForkJoinPool-1-worker-1] INFO  server.RaftServerConfigKeys (ConfUtils.java:logGet(62)) - raft.server.threadpool.proxy.size = 0 (default)
2025-10-22 08:23:30,573 [ForkJoinPool-1-worker-1] INFO  server.RaftServer (RaftServerProxy.java:addNew(105)) - 865d5785-f699-439e-a1bb-b7d8c2e8d3c0: addNew group-9946BCEAA3A0:[865d5785-f699-439e-a1bb-b7d8c2e8d3c0|localhost:15004] returns group-9946BCEAA3A0:java.util.concurrent.CompletableFuture@47f7510a[Not completed]
2025-10-22 08:23:30,589 [865d5785-f699-439e-a1bb-b7d8c2e8d3c0-groupManagement] INFO  server.RaftServer$Division (RaftServerImpl.java:<init>(268)) - 865d5785-f699-439e-a1bb-b7d8c2e8d3c0: new RaftServerImpl for group-9946BCEAA3A0:[865d5785-f699-439e-a1bb-b7d8c2e8d3c0|localhost:15004] with SCMStateMachine:uninitialized
2025-10-22 08:23:30,591 [865d5785-f699-439e-a1bb-b7d8c2e8d3c0-groupManagement] INFO  server.RaftServerConfigKeys (ConfUtils.java:logGet(62)) - raft.server.rpc.timeout.min = 5000ms (custom)
2025-10-22 08:23:30,591 [865d5785-f699-439e-a1bb-b7d8c2e8d3c0-groupManagement] INFO  server.RaftServerConfigKeys (ConfUtils.java:logGet(62)) - raft.server.rpc.timeout.max = 5200ms (custom)
2025-10-22 08:23:30,591 [865d5785-f699-439e-a1bb-b7d8c2e8d3c0-groupManagement] INFO  server.RaftServerConfigKeys (ConfUtils.java:logGet(62)) - raft.server.rpc.sleep.time = 25ms (default)
2025-10-22 08:23:30,592 [865d5785-f699-439e-a1bb-b7d8c2e8d3c0-groupManagement] INFO  server.RaftServerConfigKeys (ConfUtils.java:logGet(62)) - raft.server.rpc.slowness.timeout = 120000ms (custom)
2025-10-22 08:23:30,592 [865d5785-f699-439e-a1bb-b7d8c2e8d3c0-groupManagement] INFO  server.RaftServerConfigKeys (ConfUtils.java:logGet(62)) - raft.server.leaderelection.member.majority-add = false (default)
2025-10-22 08:23:30,597 [865d5785-f699-439e-a1bb-b7d8c2e8d3c0-groupManagement] INFO  server.RaftServer$Division (ServerState.java:<init>(114)) - 865d5785-f699-439e-a1bb-b7d8c2e8d3c0@group-9946BCEAA3A0: ConfigurationManager, init=conf: {index: -1, cur=peers:[865d5785-f699-439e-a1bb-b7d8c2e8d3c0|localhost:15004]|listeners:[], old=null}, confs=<EMPTY_MAP>
2025-10-22 08:23:30,602 [865d5785-f699-439e-a1bb-b7d8c2e8d3c0-groupManagement] INFO  server.RaftServerConfigKeys (ConfUtils.java:logGet(62)) - raft.server.notification.no-leader.timeout = 60s (default)
2025-10-22 08:23:30,604 [865d5785-f699-439e-a1bb-b7d8c2e8d3c0-groupManagement] INFO  server.RaftServerConfigKeys (ConfUtils.java:logGet(62)) - raft.server.read.timeout = 10s (default)
2025-10-22 08:23:30,607 [865d5785-f699-439e-a1bb-b7d8c2e8d3c0-groupManagement] INFO  server.RaftServerConfigKeys (ConfUtils.java:logGet(62)) - raft.server.retrycache.expirytime = 60000ms (default)
2025-10-22 08:23:30,608 [865d5785-f699-439e-a1bb-b7d8c2e8d3c0-groupManagement] INFO  server.RaftServerConfigKeys (ConfUtils.java:logGet(62)) - raft.server.retrycache.statistics.expirytime = 100ms (default)
2025-10-22 08:23:30,622 [865d5785-f699-439e-a1bb-b7d8c2e8d3c0-groupManagement] INFO  server.RaftServerConfigKeys (ConfUtils.java:logGet(62)) - raft.server.read.option = DEFAULT (default)
2025-10-22 08:23:30,623 [865d5785-f699-439e-a1bb-b7d8c2e8d3c0-groupManagement] INFO  server.RaftServerConfigKeys (ConfUtils.java:logGet(62)) - raft.server.read.read-after-write-consistent.write-index-cache.expiry-time = 60s (default)
2025-10-22 08:23:30,752 [865d5785-f699-439e-a1bb-b7d8c2e8d3c0-groupManagement] INFO  server.RaftServerConfigKeys (ConfUtils.java:logGet(62)) - raft.server.log.appender.install.snapshot.enabled = false (custom)
2025-10-22 08:23:30,753 [865d5785-f699-439e-a1bb-b7d8c2e8d3c0-groupManagement] INFO  server.RaftServerConfigKeys (ConfUtils.java:logGet(62)) - raft.server.threadpool.server.cached = true (default)
2025-10-22 08:23:30,753 [865d5785-f699-439e-a1bb-b7d8c2e8d3c0-groupManagement] INFO  server.RaftServerConfigKeys (ConfUtils.java:logGet(62)) - raft.server.threadpool.server.size = 0 (default)
2025-10-22 08:23:30,754 [865d5785-f699-439e-a1bb-b7d8c2e8d3c0-groupManagement] INFO  server.RaftServerConfigKeys (ConfUtils.java:logGet(62)) - raft.server.threadpool.client.cached = true (default)
2025-10-22 08:23:30,754 [865d5785-f699-439e-a1bb-b7d8c2e8d3c0-groupManagement] INFO  server.RaftServerConfigKeys (ConfUtils.java:logGet(62)) - raft.server.threadpool.client.size = 0 (default)
2025-10-22 08:23:30,756 [865d5785-f699-439e-a1bb-b7d8c2e8d3c0-impl-thread1] INFO  server.RaftServerConfigKeys (ConfUtils.java:logGet(62)) - raft.server.storage.free-space.min = 0MB (=0) (default)
2025-10-22 08:23:30,757 [865d5785-f699-439e-a1bb-b7d8c2e8d3c0-impl-thread1] INFO  server.RaftServerConfigKeys (ConfUtils.java:logGet(62)) - raft.server.log.corruption.policy = EXCEPTION (default)
2025-10-22 08:23:30,763 [865d5785-f699-439e-a1bb-b7d8c2e8d3c0-impl-thread1] INFO  storage.RaftStorageDirectory (RaftStorageDirectoryImpl.java:analyzeStorage(138)) - The storage directory /home/runner/work/ozone/ozone/hadoop-ozone/integration-test/target/test-dir/MiniOzoneClusterImpl-a412b9f6-7d8b-4de3-a85c-9946bceaa3a0/scm/ratis/a412b9f6-7d8b-4de3-a85c-9946bceaa3a0 does not exist. Creating ...
2025-10-22 08:23:30,765 [865d5785-f699-439e-a1bb-b7d8c2e8d3c0-impl-thread1] INFO  storage.RaftStorageDirectory (RaftStorageDirectoryImpl.java:tryLock(229)) - Lock on /home/runner/work/ozone/ozone/hadoop-ozone/integration-test/target/test-dir/MiniOzoneClusterImpl-a412b9f6-7d8b-4de3-a85c-9946bceaa3a0/scm/ratis/a412b9f6-7d8b-4de3-a85c-9946bceaa3a0/in_use.lock acquired by nodename 57193@localhost
2025-10-22 08:23:30,769 [865d5785-f699-439e-a1bb-b7d8c2e8d3c0-impl-thread1] INFO  storage.RaftStorage (RaftStorageImpl.java:format(98)) - Storage directory /home/runner/work/ozone/ozone/hadoop-ozone/integration-test/target/test-dir/MiniOzoneClusterImpl-a412b9f6-7d8b-4de3-a85c-9946bceaa3a0/scm/ratis/a412b9f6-7d8b-4de3-a85c-9946bceaa3a0 has been successfully formatted.
2025-10-22 08:23:30,770 [865d5785-f699-439e-a1bb-b7d8c2e8d3c0-impl-thread1] INFO  ha.SCMStateMachine (SCMStateMachine.java:lambda$initialize$0(135)) - 865d5785-f699-439e-a1bb-b7d8c2e8d3c0: initialize group-9946BCEAA3A0
2025-10-22 08:23:30,772 [865d5785-f699-439e-a1bb-b7d8c2e8d3c0-impl-thread1] INFO  server.RaftServerConfigKeys (ConfUtils.java:logGet(62)) - raft.server.log.use.memory = false (default)
2025-10-22 08:23:30,777 [865d5785-f699-439e-a1bb-b7d8c2e8d3c0-impl-thread1] INFO  server.RaftServerConfigKeys (ConfUtils.java:logGet(62)) - raft.server.log.purge.gap = 1000000 (custom)
2025-10-22 08:23:30,778 [865d5785-f699-439e-a1bb-b7d8c2e8d3c0-impl-thread1] INFO  server.RaftServerConfigKeys (ConfUtils.java:logGet(62)) - raft.server.log.appender.buffer.byte-limit = 4194304 (custom)
2025-10-22 08:23:30,779 [865d5785-f699-439e-a1bb-b7d8c2e8d3c0-impl-thread1] INFO  server.RaftServerConfigKeys (ConfUtils.java:logGet(62)) - raft.server.log.statemachine.data.read.timeout = 1000ms (default)
2025-10-22 08:23:30,781 [865d5785-f699-439e-a1bb-b7d8c2e8d3c0-impl-thread1] INFO  server.RaftServerConfigKeys (ConfUtils.java:logGet(62)) - raft.server.log.purge.preservation.log.num = 0 (default)
2025-10-22 08:23:30,786 [865d5785-f699-439e-a1bb-b7d8c2e8d3c0-impl-thread1] INFO  server.RaftServerConfigKeys (ConfUtils.java:logGet(62)) - raft.server.log.segment.size.max = 67108864 (custom)
2025-10-22 08:23:30,789 [865d5785-f699-439e-a1bb-b7d8c2e8d3c0-impl-thread1] INFO  server.RaftServerConfigKeys (ConfUtils.java:logGet(62)) - raft.server.log.segment.cache.num.max = 2 (custom)
2025-10-22 08:23:30,790 [865d5785-f699-439e-a1bb-b7d8c2e8d3c0-impl-thread1] INFO  server.RaftServerConfigKeys (ConfUtils.java:logGet(62)) - raft.server.log.segment.cache.size.max = 200MB (=209715200) (default)
2025-10-22 08:23:30,790 [865d5785-f699-439e-a1bb-b7d8c2e8d3c0-impl-thread1] INFO  server.RaftServerConfigKeys (ConfUtils.java:logGet(62)) - raft.server.log.appender.buffer.byte-limit = 4194304 (custom)
2025-10-22 08:23:30,792 [865d5785-f699-439e-a1bb-b7d8c2e8d3c0-impl-thread1] INFO  util.AwaitToRun (AwaitToRun.java:start(81)) - Thread[#41,865d5785-f699-439e-a1bb-b7d8c2e8d3c0@group-9946BCEAA3A0-cacheEviction-AwaitToRun,5,main] started
2025-10-22 08:23:30,796 [865d5785-f699-439e-a1bb-b7d8c2e8d3c0-impl-thread1] INFO  segmented.SegmentedRaftLogWorker (SegmentedRaftLogWorker.java:<init>(190)) - new 865d5785-f699-439e-a1bb-b7d8c2e8d3c0@group-9946BCEAA3A0-SegmentedRaftLogWorker for RaftStorageImpl:Storage Directory /home/runner/work/ozone/ozone/hadoop-ozone/integration-test/target/test-dir/MiniOzoneClusterImpl-a412b9f6-7d8b-4de3-a85c-9946bceaa3a0/scm/ratis/a412b9f6-7d8b-4de3-a85c-9946bceaa3a0
2025-10-22 08:23:30,796 [865d5785-f699-439e-a1bb-b7d8c2e8d3c0-impl-thread1] INFO  server.RaftServerConfigKeys (ConfUtils.java:logGet(62)) - raft.server.log.queue.byte-limit = 64MB (=67108864) (default)
2025-10-22 08:23:30,797 [865d5785-f699-439e-a1bb-b7d8c2e8d3c0-impl-thread1] INFO  server.RaftServerConfigKeys (ConfUtils.java:logGet(62)) - raft.server.log.queue.element-limit = 4096 (default)
2025-10-22 08:23:30,799 [865d5785-f699-439e-a1bb-b7d8c2e8d3c0-impl-thread1] INFO  server.RaftServerConfigKeys (ConfUtils.java:logGet(62)) - raft.server.log.segment.size.max = 67108864 (custom)
2025-10-22 08:23:30,799 [865d5785-f699-439e-a1bb-b7d8c2e8d3c0-impl-thread1] INFO  server.RaftServerConfigKeys (ConfUtils.java:logGet(62)) - raft.server.log.preallocated.size = 4194304 (custom)
2025-10-22 08:23:30,800 [865d5785-f699-439e-a1bb-b7d8c2e8d3c0-impl-thread1] INFO  server.RaftServerConfigKeys (ConfUtils.java:logGet(62)) - raft.server.log.force.sync.num = 128 (default)
2025-10-22 08:23:30,801 [865d5785-f699-439e-a1bb-b7d8c2e8d3c0-impl-thread1] INFO  server.RaftServerConfigKeys (ConfUtils.java:logGet(62)) - raft.server.log.statemachine.data.sync = true (default)
2025-10-22 08:23:30,801 [865d5785-f699-439e-a1bb-b7d8c2e8d3c0-impl-thread1] INFO  server.RaftServerConfigKeys (ConfUtils.java:logGet(62)) - raft.server.log.statemachine.data.sync.timeout = 10s (default)
2025-10-22 08:23:30,801 [865d5785-f699-439e-a1bb-b7d8c2e8d3c0-impl-thread1] INFO  server.RaftServerConfigKeys (ConfUtils.java:logGet(62)) - raft.server.log.statemachine.data.sync.timeout.retry = -1 (default)
2025-10-22 08:23:30,803 [865d5785-f699-439e-a1bb-b7d8c2e8d3c0-impl-thread1] INFO  server.RaftServerConfigKeys (ConfUtils.java:logGet(62)) - raft.server.log.write.buffer.size = 4194312 (custom)
2025-10-22 08:23:30,804 [865d5785-f699-439e-a1bb-b7d8c2e8d3c0-impl-thread1] INFO  server.RaftServerConfigKeys (ConfUtils.java:logGet(62)) - raft.server.log.appender.buffer.byte-limit = 4194304 (custom)
2025-10-22 08:23:30,805 [865d5785-f699-439e-a1bb-b7d8c2e8d3c0-impl-thread1] INFO  server.RaftServerConfigKeys (ConfUtils.java:logGet(62)) - raft.server.log.unsafe-flush.enabled = false (default)
2025-10-22 08:23:30,805 [865d5785-f699-439e-a1bb-b7d8c2e8d3c0-impl-thread1] INFO  server.RaftServerConfigKeys (ConfUtils.java:logGet(62)) - raft.server.log.async-flush.enabled = false (default)
2025-10-22 08:23:30,806 [865d5785-f699-439e-a1bb-b7d8c2e8d3c0-impl-thread1] INFO  server.RaftServerConfigKeys (ConfUtils.java:logGet(62)) - raft.server.log.statemachine.data.caching.enabled = false (default)
2025-10-22 08:23:30,811 [865d5785-f699-439e-a1bb-b7d8c2e8d3c0-impl-thread1] INFO  segmented.SegmentedRaftLogWorker (SegmentedRaftLogWorker.java:lambda$new$0(141)) - 865d5785-f699-439e-a1bb-b7d8c2e8d3c0@group-9946BCEAA3A0-SegmentedRaftLogWorker: flushIndex: setUnconditionally 0 -> -1
2025-10-22 08:23:30,812 [865d5785-f699-439e-a1bb-b7d8c2e8d3c0-impl-thread1] INFO  segmented.SegmentedRaftLogWorker (SegmentedRaftLogWorker.java:lambda$new$0(141)) - 865d5785-f699-439e-a1bb-b7d8c2e8d3c0@group-9946BCEAA3A0-SegmentedRaftLogWorker: safeCacheEvictIndex: setUnconditionally 0 -> -1
2025-10-22 08:23:30,814 [865d5785-f699-439e-a1bb-b7d8c2e8d3c0-impl-thread1] INFO  server.RaftServer$Division (RaftServerImpl.java:start(405)) - 865d5785-f699-439e-a1bb-b7d8c2e8d3c0@group-9946BCEAA3A0: start as a follower, conf=conf: {index: -1, cur=peers:[865d5785-f699-439e-a1bb-b7d8c2e8d3c0|localhost:15004]|listeners:[], old=null}
2025-10-22 08:23:30,814 [865d5785-f699-439e-a1bb-b7d8c2e8d3c0-impl-thread1] INFO  server.RaftServer$Division (RaftServerImpl.java:setRole(392)) - 865d5785-f699-439e-a1bb-b7d8c2e8d3c0@group-9946BCEAA3A0: changes role from      null to FOLLOWER at term 0 for startAsFollower
2025-10-22 08:23:30,816 [865d5785-f699-439e-a1bb-b7d8c2e8d3c0-impl-thread1] INFO  impl.RoleInfo (RoleInfo.java:updateAndGet(148)) - 865d5785-f699-439e-a1bb-b7d8c2e8d3c0: start 865d5785-f699-439e-a1bb-b7d8c2e8d3c0@group-9946BCEAA3A0-FollowerState
2025-10-22 08:23:30,817 [865d5785-f699-439e-a1bb-b7d8c2e8d3c0-impl-thread1] INFO  util.JmxRegister (JmxRegister.java:tryRegister(44)) - Successfully registered JMX Bean with object name Ratis:service=RaftServer,group=group-9946BCEAA3A0,id=865d5785-f699-439e-a1bb-b7d8c2e8d3c0
2025-10-22 08:23:30,817 [865d5785-f699-439e-a1bb-b7d8c2e8d3c0-impl-thread1] INFO  util.JmxRegister (JmxRegister.java:register(58)) - register mxBean class org.apache.ratis.server.impl.RaftServerJmxAdapter as Ratis:service=RaftServer,group=group-9946BCEAA3A0,id=865d5785-f699-439e-a1bb-b7d8c2e8d3c0
2025-10-22 08:23:30,819 [865d5785-f699-439e-a1bb-b7d8c2e8d3c0@group-9946BCEAA3A0-FollowerState] INFO  server.RaftServerConfigKeys (ConfUtils.java:logGet(62)) - raft.server.rpc.first-election.timeout.min = 1000ms (custom)
2025-10-22 08:23:30,819 [865d5785-f699-439e-a1bb-b7d8c2e8d3c0@group-9946BCEAA3A0-FollowerState] INFO  server.RaftServerConfigKeys (ConfUtils.java:logGet(62)) - raft.server.rpc.first-election.timeout.max = 1200ms (custom)
2025-10-22 08:23:30,819 [865d5785-f699-439e-a1bb-b7d8c2e8d3c0-impl-thread1] INFO  server.RaftServerConfigKeys (ConfUtils.java:logGet(62)) - raft.server.snapshot.trigger-when-stop.enabled = true (default)
2025-10-22 08:23:30,819 [865d5785-f699-439e-a1bb-b7d8c2e8d3c0-impl-thread1] INFO  server.RaftServerConfigKeys (ConfUtils.java:logGet(62)) - raft.server.snapshot.trigger-when-remove.enabled = true (default)
2025-10-22 08:23:30,820 [865d5785-f699-439e-a1bb-b7d8c2e8d3c0-impl-thread1] INFO  server.RaftServerConfigKeys (ConfUtils.java:logGet(62)) - raft.server.snapshot.auto.trigger.enabled = true (custom)
2025-10-22 08:23:30,820 [865d5785-f699-439e-a1bb-b7d8c2e8d3c0-impl-thread1] INFO  server.RaftServerConfigKeys (ConfUtils.java:logGet(62)) - raft.server.snapshot.auto.trigger.threshold = 1000 (custom)
2025-10-22 08:23:30,821 [865d5785-f699-439e-a1bb-b7d8c2e8d3c0-impl-thread1] INFO  server.RaftServerConfigKeys (ConfUtils.java:logGet(62)) - raft.server.snapshot.retention.file.num = -1 (default)
2025-10-22 08:23:30,821 [865d5785-f699-439e-a1bb-b7d8c2e8d3c0-impl-thread1] INFO  server.RaftServerConfigKeys (ConfUtils.java:logGet(62)) - raft.server.log.purge.upto.snapshot.index = false (default)
2025-10-22 08:23:30,824 [865d5785-f699-439e-a1bb-b7d8c2e8d3c0-impl-thread1] INFO  server.RaftServer$Division (RaftServerImpl.java:start(419)) - 865d5785-f699-439e-a1bb-b7d8c2e8d3c0@group-9946BCEAA3A0: Successfully started.
2025-10-22 08:23:30,825 [ForkJoinPool-1-worker-1] INFO  server.RaftServer (RaftServerProxy.java:startImpl(412)) - 865d5785-f699-439e-a1bb-b7d8c2e8d3c0: start RPC server
2025-10-22 08:23:30,858 [ForkJoinPool-1-worker-1] INFO  server.GrpcServicesImpl (GrpcServicesImpl.java:startImpl(346)) - 865d5785-f699-439e-a1bb-b7d8c2e8d3c0: GrpcServicesImpl started, listening on 15004
2025-10-22 08:23:30,860 [JvmPauseMonitor0] INFO  util.JvmPauseMonitor (JvmPauseMonitor.java:run(146)) - JvmPauseMonitor-865d5785-f699-439e-a1bb-b7d8c2e8d3c0: Started
2025-10-22 08:23:31,929 [865d5785-f699-439e-a1bb-b7d8c2e8d3c0@group-9946BCEAA3A0-FollowerState] INFO  impl.FollowerState (FollowerState.java:runImpl(161)) - 865d5785-f699-439e-a1bb-b7d8c2e8d3c0@group-9946BCEAA3A0-FollowerState: change to CANDIDATE, lastRpcElapsedTime:1113553965ns, electionTimeout:1108ms
2025-10-22 08:23:31,930 [865d5785-f699-439e-a1bb-b7d8c2e8d3c0@group-9946BCEAA3A0-FollowerState] INFO  impl.RoleInfo (RoleInfo.java:shutdownFollowerState(121)) - 865d5785-f699-439e-a1bb-b7d8c2e8d3c0: shutdown 865d5785-f699-439e-a1bb-b7d8c2e8d3c0@group-9946BCEAA3A0-FollowerState
2025-10-22 08:23:31,930 [865d5785-f699-439e-a1bb-b7d8c2e8d3c0@group-9946BCEAA3A0-FollowerState] INFO  server.RaftServer$Division (RaftServerImpl.java:setRole(392)) - 865d5785-f699-439e-a1bb-b7d8c2e8d3c0@group-9946BCEAA3A0: changes role from  FOLLOWER to CANDIDATE at term 0 for changeToCandidate
2025-10-22 08:23:31,932 [865d5785-f699-439e-a1bb-b7d8c2e8d3c0@group-9946BCEAA3A0-FollowerState] INFO  server.RaftServerConfigKeys (ConfUtils.java:logGet(62)) - raft.server.leaderelection.pre-vote = true (default)
2025-10-22 08:23:31,933 [865d5785-f699-439e-a1bb-b7d8c2e8d3c0@group-9946BCEAA3A0-FollowerState] INFO  impl.RoleInfo (RoleInfo.java:updateAndGet(148)) - 865d5785-f699-439e-a1bb-b7d8c2e8d3c0: start 865d5785-f699-439e-a1bb-b7d8c2e8d3c0@group-9946BCEAA3A0-LeaderElection1
2025-10-22 08:23:31,935 [865d5785-f699-439e-a1bb-b7d8c2e8d3c0@group-9946BCEAA3A0-LeaderElection1] INFO  impl.LeaderElection (LeaderElection.java:askForVotes(448)) - 865d5785-f699-439e-a1bb-b7d8c2e8d3c0@group-9946BCEAA3A0-LeaderElection1 PRE_VOTE round 0: submit vote requests at term 0 for conf: {index: -1, cur=peers:[865d5785-f699-439e-a1bb-b7d8c2e8d3c0|localhost:15004]|listeners:[], old=null}
2025-10-22 08:23:31,936 [865d5785-f699-439e-a1bb-b7d8c2e8d3c0@group-9946BCEAA3A0-LeaderElection1] INFO  impl.LeaderElection (LeaderElection.java:askForVotes(450)) - 865d5785-f699-439e-a1bb-b7d8c2e8d3c0@group-9946BCEAA3A0-LeaderElection1 PRE_VOTE round 0: result PASSED (term=0)
2025-10-22 08:23:31,938 [865d5785-f699-439e-a1bb-b7d8c2e8d3c0@group-9946BCEAA3A0-LeaderElection1] INFO  impl.LeaderElection (LeaderElection.java:askForVotes(448)) - 865d5785-f699-439e-a1bb-b7d8c2e8d3c0@group-9946BCEAA3A0-LeaderElection1 ELECTION round 0: submit vote requests at term 1 for conf: {index: -1, cur=peers:[865d5785-f699-439e-a1bb-b7d8c2e8d3c0|localhost:15004]|listeners:[], old=null}
2025-10-22 08:23:31,938 [865d5785-f699-439e-a1bb-b7d8c2e8d3c0@group-9946BCEAA3A0-LeaderElection1] INFO  impl.LeaderElection (LeaderElection.java:askForVotes(450)) - 865d5785-f699-439e-a1bb-b7d8c2e8d3c0@group-9946BCEAA3A0-LeaderElection1 ELECTION round 0: result PASSED (term=1)
2025-10-22 08:23:31,938 [865d5785-f699-439e-a1bb-b7d8c2e8d3c0@group-9946BCEAA3A0-LeaderElection1] INFO  impl.RoleInfo (RoleInfo.java:shutdownLeaderElection(141)) - 865d5785-f699-439e-a1bb-b7d8c2e8d3c0: shutdown 865d5785-f699-439e-a1bb-b7d8c2e8d3c0@group-9946BCEAA3A0-LeaderElection1
2025-10-22 08:23:31,939 [865d5785-f699-439e-a1bb-b7d8c2e8d3c0@group-9946BCEAA3A0-LeaderElection1] INFO  server.RaftServer$Division (RaftServerImpl.java:setRole(392)) - 865d5785-f699-439e-a1bb-b7d8c2e8d3c0@group-9946BCEAA3A0: changes role from CANDIDATE to LEADER at term 1 for changeToLeader
2025-10-22 08:23:31,942 [865d5785-f699-439e-a1bb-b7d8c2e8d3c0@group-9946BCEAA3A0-LeaderElection1] INFO  server.RaftServerConfigKeys (ConfUtils.java:logGet(62)) - raft.server.staging.catchup.gap = 1000 (default)
2025-10-22 08:23:31,943 [865d5785-f699-439e-a1bb-b7d8c2e8d3c0@group-9946BCEAA3A0-LeaderElection1] INFO  server.RaftServerConfigKeys (ConfUtils.java:logFallback(69)) - raft.server.staging.timeout = 15600ms (fallback to raft.server.rpc.timeout.max)
2025-10-22 08:23:31,945 [865d5785-f699-439e-a1bb-b7d8c2e8d3c0@group-9946BCEAA3A0-LeaderElection1] INFO  server.RaftServerConfigKeys (ConfUtils.java:logGet(62)) - raft.server.write.element-limit = 4096 (default)
2025-10-22 08:23:31,946 [865d5785-f699-439e-a1bb-b7d8c2e8d3c0@group-9946BCEAA3A0-LeaderElection1] INFO  server.RaftServerConfigKeys (ConfUtils.java:logGet(62)) - raft.server.write.byte-limit = 64MB (=67108864) (default)
2025-10-22 08:23:31,948 [865d5785-f699-439e-a1bb-b7d8c2e8d3c0@group-9946BCEAA3A0-LeaderElection1] INFO  server.RaftServerConfigKeys (ConfUtils.java:logGet(62)) - raft.server.watch.timeout = 10s (default)
2025-10-22 08:23:31,948 [865d5785-f699-439e-a1bb-b7d8c2e8d3c0@group-9946BCEAA3A0-LeaderElection1] INFO  server.RaftServerConfigKeys (ConfUtils.java:logGet(62)) - raft.server.watch.timeout.denomination = 1s (default)
2025-10-22 08:23:31,949 [865d5785-f699-439e-a1bb-b7d8c2e8d3c0@group-9946BCEAA3A0-LeaderElection1] INFO  server.RaftServerConfigKeys (ConfUtils.java:logGet(62)) - raft.server.watch.element-limit = 65536 (default)
2025-10-22 08:23:31,954 [865d5785-f699-439e-a1bb-b7d8c2e8d3c0@group-9946BCEAA3A0-LeaderElection1] INFO  server.RaftServerConfigKeys (ConfUtils.java:logGet(62)) - raft.server.read.leader.lease.enabled = false (default)
2025-10-22 08:23:31,956 [865d5785-f699-439e-a1bb-b7d8c2e8d3c0@group-9946BCEAA3A0-LeaderElection1] INFO  server.RaftServerConfigKeys (ConfUtils.java:logGet(62)) - raft.server.read.leader.lease.timeout.ratio = 0.9 (default)
2025-10-22 08:23:31,956 [865d5785-f699-439e-a1bb-b7d8c2e8d3c0@group-9946BCEAA3A0-LeaderElection1] INFO  server.RaftServerConfigKeys (ConfUtils.java:logGet(62)) - raft.server.log.log-metadata.enabled = false (custom)
2025-10-22 08:23:31,956 [865d5785-f699-439e-a1bb-b7d8c2e8d3c0@group-9946BCEAA3A0-LeaderElection1] INFO  server.RaftServerConfigKeys (ConfUtils.java:logGet(62)) - raft.server.write.follower.gap.ratio.max = -1.0 (default)
2025-10-22 08:23:31,958 [865d5785-f699-439e-a1bb-b7d8c2e8d3c0@group-9946BCEAA3A0-LeaderElection1] INFO  impl.RoleInfo (RoleInfo.java:updateAndGet(148)) - 865d5785-f699-439e-a1bb-b7d8c2e8d3c0: start 865d5785-f699-439e-a1bb-b7d8c2e8d3c0@group-9946BCEAA3A0-LeaderStateImpl
2025-10-22 08:23:31,958 [865d5785-f699-439e-a1bb-b7d8c2e8d3c0@group-9946BCEAA3A0-LeaderElection1] INFO  server.RaftServer$Division (RaftServerImpl.java:setFirstElection(576)) - 865d5785-f699-439e-a1bb-b7d8c2e8d3c0@group-9946BCEAA3A0: set firstElectionSinceStartup to false for becomeLeader
2025-10-22 08:23:31,958 [865d5785-f699-439e-a1bb-b7d8c2e8d3c0@group-9946BCEAA3A0-LeaderElection1] INFO  server.RaftServer$Division (ServerState.java:setLeader(272)) - 865d5785-f699-439e-a1bb-b7d8c2e8d3c0@group-9946BCEAA3A0: change Leader from null to 865d5785-f699-439e-a1bb-b7d8c2e8d3c0 at term 1 for becomeLeader, leader elected after 1356ms
2025-10-22 08:23:31,974 [865d5785-f699-439e-a1bb-b7d8c2e8d3c0@group-9946BCEAA3A0-LeaderElection1] INFO  segmented.SegmentedRaftLogWorker (SegmentedRaftLogWorker.java:startLogSegment(440)) - 865d5785-f699-439e-a1bb-b7d8c2e8d3c0@group-9946BCEAA3A0-SegmentedRaftLogWorker: Starting segment from index:0
2025-10-22 08:23:31,988 [865d5785-f699-439e-a1bb-b7d8c2e8d3c0@group-9946BCEAA3A0-LeaderElection1] INFO  server.RaftServer$Division (ServerState.java:setRaftConf(386)) - 865d5785-f699-439e-a1bb-b7d8c2e8d3c0@group-9946BCEAA3A0: set configuration conf: {index: 0, cur=peers:[865d5785-f699-439e-a1bb-b7d8c2e8d3c0|localhost:15004]|listeners:[], old=null}
2025-10-22 08:23:31,999 [865d5785-f699-439e-a1bb-b7d8c2e8d3c0@group-9946BCEAA3A0-SegmentedRaftLogWorker] INFO  segmented.BufferedWriteChannel (BufferedWriteChannel.java:open(61)) - open log_inprogress_0 at position 0
2025-10-22 08:23:32,006 [865d5785-f699-439e-a1bb-b7d8c2e8d3c0@group-9946BCEAA3A0-SegmentedRaftLogWorker] INFO  segmented.SegmentedRaftLogWorker (SegmentedRaftLogWorker.java:execute(647)) - 865d5785-f699-439e-a1bb-b7d8c2e8d3c0@group-9946BCEAA3A0-SegmentedRaftLogWorker: created new log segment /home/runner/work/ozone/ozone/hadoop-ozone/integration-test/target/test-dir/MiniOzoneClusterImpl-a412b9f6-7d8b-4de3-a85c-9946bceaa3a0/scm/ratis/a412b9f6-7d8b-4de3-a85c-9946bceaa3a0/current/log_inprogress_0
2025-10-22 08:23:32,015 [865d5785-f699-439e-a1bb-b7d8c2e8d3c0@group-9946BCEAA3A0-StateMachineUpdater] INFO  server.RaftServer$Division (LeaderStateImpl.java:checkStartIndex(309)) - Leader 865d5785-f699-439e-a1bb-b7d8c2e8d3c0@group-9946BCEAA3A0-LeaderStateImpl is ready since appliedIndex == startIndex == 0
2025-10-22 08:23:32,861 [ForkJoinPool-1-worker-1] INFO  server.RaftServer (RaftServerProxy.java:lambda$close$9(422)) - 865d5785-f699-439e-a1bb-b7d8c2e8d3c0: close
2025-10-22 08:23:32,862 [ForkJoinPool-1-worker-1] INFO  server.GrpcServicesImpl (GrpcServicesImpl.java:closeImpl(355)) - 865d5785-f699-439e-a1bb-b7d8c2e8d3c0: shutdown server GrpcServerProtocolService now
2025-10-22 08:23:32,862 [865d5785-f699-439e-a1bb-b7d8c2e8d3c0-impl-thread1] INFO  server.RaftServer$Division (RaftServerImpl.java:lambda$close$1(527)) - 865d5785-f699-439e-a1bb-b7d8c2e8d3c0@group-9946BCEAA3A0: shutdown
2025-10-22 08:23:32,863 [865d5785-f699-439e-a1bb-b7d8c2e8d3c0-impl-thread1] INFO  util.JmxRegister (JmxRegister.java:unregister(74)) - Successfully un-registered JMX Bean with object name Ratis:service=RaftServer,group=group-9946BCEAA3A0,id=865d5785-f699-439e-a1bb-b7d8c2e8d3c0
2025-10-22 08:23:32,863 [865d5785-f699-439e-a1bb-b7d8c2e8d3c0-impl-thread1] INFO  impl.RoleInfo (RoleInfo.java:shutdownLeaderState(103)) - 865d5785-f699-439e-a1bb-b7d8c2e8d3c0: shutdown 865d5785-f699-439e-a1bb-b7d8c2e8d3c0@group-9946BCEAA3A0-LeaderStateImpl
2025-10-22 08:23:32,867 [865d5785-f699-439e-a1bb-b7d8c2e8d3c0-impl-thread1] INFO  impl.PendingRequests (PendingRequests.java:sendNotLeaderResponses(287)) - 865d5785-f699-439e-a1bb-b7d8c2e8d3c0@group-9946BCEAA3A0-PendingRequests: sendNotLeaderResponses
2025-10-22 08:23:32,869 [ForkJoinPool-1-worker-1] INFO  server.GrpcServicesImpl (GrpcServicesImpl.java:closeImpl(364)) - 865d5785-f699-439e-a1bb-b7d8c2e8d3c0: shutdown server GrpcServerProtocolService successfully
2025-10-22 08:23:32,870 [865d5785-f699-439e-a1bb-b7d8c2e8d3c0-impl-thread1] INFO  impl.StateMachineUpdater (StateMachineUpdater.java:stopAndJoin(163)) - 865d5785-f699-439e-a1bb-b7d8c2e8d3c0@group-9946BCEAA3A0-StateMachineUpdater: set stopIndex = 0
2025-10-22 08:23:32,871 [865d5785-f699-439e-a1bb-b7d8c2e8d3c0@group-9946BCEAA3A0-StateMachineUpdater] INFO  impl.StateMachineUpdater (StateMachineUpdater.java:takeSnapshot(307)) - 865d5785-f699-439e-a1bb-b7d8c2e8d3c0@group-9946BCEAA3A0-StateMachineUpdater: Took a snapshot at index 0
2025-10-22 08:23:32,871 [865d5785-f699-439e-a1bb-b7d8c2e8d3c0@group-9946BCEAA3A0-StateMachineUpdater] INFO  impl.StateMachineUpdater (StateMachineUpdater.java:lambda$new$0(101)) - 865d5785-f699-439e-a1bb-b7d8c2e8d3c0@group-9946BCEAA3A0-StateMachineUpdater: snapshotIndex: updateIncreasingly -1 -> 0
2025-10-22 08:23:32,873 [865d5785-f699-439e-a1bb-b7d8c2e8d3c0@group-9946BCEAA3A0-StateMachineUpdater] INFO  impl.StateMachineUpdater (StateMachineUpdater.java:stop(140)) - 865d5785-f699-439e-a1bb-b7d8c2e8d3c0@group-9946BCEAA3A0-StateMachineUpdater: closing SCMStateMachine, lastApplied=(t:1, i:0)
2025-10-22 08:23:32,873 [865d5785-f699-439e-a1bb-b7d8c2e8d3c0@group-9946BCEAA3A0-cacheEviction-AwaitToRun] INFO  util.AwaitToRun (AwaitToRun.java:run(49)) - 865d5785-f699-439e-a1bb-b7d8c2e8d3c0@group-9946BCEAA3A0-cacheEviction-AwaitToRun-AwaitForSignal is interrupted
2025-10-22 08:23:33,012 [865d5785-f699-439e-a1bb-b7d8c2e8d3c0-impl-thread1] INFO  segmented.SegmentedRaftLogWorker (SegmentedRaftLogWorker.java:close(254)) - 865d5785-f699-439e-a1bb-b7d8c2e8d3c0@group-9946BCEAA3A0-SegmentedRaftLogWorker close()
2025-10-22 08:23:33,019 [JvmPauseMonitor0] INFO  util.JvmPauseMonitor (JvmPauseMonitor.java:run(152)) - JvmPauseMonitor-865d5785-f699-439e-a1bb-b7d8c2e8d3c0: Stopped
2025-10-22 08:23:33,052 [ForkJoinPool-1-worker-1] INFO  ha.SCMHANodeDetails (SCMHANodeDetails.java:loadSCMHAConfig(162)) - ServiceID for StorageContainerManager is null
2025-10-22 08:23:33,053 [ForkJoinPool-1-worker-1] INFO  ha.SCMHANodeDetails (SCMHANodeDetails.java:loadSCMHAConfig(166)) - ozone.scm.default.service.id is not defined, falling back to ozone.scm.service.ids to find serviceID for StorageContainerManager if it is HA enabled cluster
2025-10-22 08:23:33,812 [ForkJoinPool-1-worker-1] INFO  net.NodeSchemaLoader (NodeSchemaLoader.java:loadSchemaFromFile(128)) - Loading schema from [jar:file:/home/runner/work/ozone/ozone/hadoop-hdds/common/target/hdds-common-2.1.0-SNAPSHOT.jar!/network-topology-default.xml]
2025-10-22 08:23:33,813 [ForkJoinPool-1-worker-1] INFO  net.NodeSchemaLoader (NodeSchemaLoader.java:loadSchema(175)) - Loading network topology layer schema file
2025-10-22 08:23:33,899 [ForkJoinPool-1-worker-1] INFO  ha.SCMRatisServerImpl (SCMRatisServerImpl.java:<init>(100)) - starting Raft server for scm:865d5785-f699-439e-a1bb-b7d8c2e8d3c0
2025-10-22 08:23:33,902 [ForkJoinPool-1-worker-1] INFO  server.RaftServerConfigKeys (ConfUtils.java:logGet(62)) - raft.server.log.appender.buffer.byte-limit = 4194304 (custom)
2025-10-22 08:23:33,904 [ForkJoinPool-1-worker-1] INFO  grpc.GrpcConfigKeys (ConfUtils.java:logFallback(69)) - raft.grpc.admin.host = null (fallback to raft.grpc.server.host)
2025-10-22 08:23:33,905 [ForkJoinPool-1-worker-1] INFO  grpc.GrpcConfigKeys (ConfUtils.java:logFallback(69)) - raft.grpc.admin.port = 15004 (fallback to raft.grpc.server.port)
2025-10-22 08:23:33,905 [ForkJoinPool-1-worker-1] INFO  grpc.GrpcConfigKeys (ConfUtils.java:logFallback(69)) - raft.grpc.client.host = null (fallback to raft.grpc.server.host)
2025-10-22 08:23:33,905 [ForkJoinPool-1-worker-1] INFO  grpc.GrpcConfigKeys (ConfUtils.java:logFallback(69)) - raft.grpc.client.port = 15004 (fallback to raft.grpc.server.port)
2025-10-22 08:23:33,905 [ForkJoinPool-1-worker-1] INFO  server.GrpcServicesImpl (ConfUtils.java:logGet(62)) - raft.grpc.message.size.max = 5242880 (custom)
2025-10-22 08:23:33,905 [ForkJoinPool-1-worker-1] INFO  server.RaftServerConfigKeys (ConfUtils.java:logGet(62)) - raft.server.log.appender.buffer.byte-limit = 4194304 (custom)
2025-10-22 08:23:33,908 [865d5785-f699-439e-a1bb-b7d8c2e8d3c0-impl-thread1] INFO  server.RaftServer (RaftServerProxy.java:initGroupDir(270)) - 865d5785-f699-439e-a1bb-b7d8c2e8d3c0: found a subdirectory /home/runner/work/ozone/ozone/hadoop-ozone/integration-test/target/test-dir/MiniOzoneClusterImpl-a412b9f6-7d8b-4de3-a85c-9946bceaa3a0/scm/ratis/a412b9f6-7d8b-4de3-a85c-9946bceaa3a0
2025-10-22 08:23:33,908 [ForkJoinPool-1-worker-1] INFO  server.RaftServer (RaftServerProxy.java:addNew(105)) - 865d5785-f699-439e-a1bb-b7d8c2e8d3c0: addNew group-9946BCEAA3A0:[] returns group-9946BCEAA3A0:java.util.concurrent.CompletableFuture@2543aba2[Not completed]
2025-10-22 08:23:33,911 [865d5785-f699-439e-a1bb-b7d8c2e8d3c0-groupManagement] INFO  server.RaftServer$Division (RaftServerImpl.java:<init>(268)) - 865d5785-f699-439e-a1bb-b7d8c2e8d3c0: new RaftServerImpl for group-9946BCEAA3A0:[] with SCMStateMachine:uninitialized
2025-10-22 08:23:33,911 [865d5785-f699-439e-a1bb-b7d8c2e8d3c0-groupManagement] INFO  server.RaftServer$Division (ServerState.java:<init>(114)) - 865d5785-f699-439e-a1bb-b7d8c2e8d3c0@group-9946BCEAA3A0: ConfigurationManager, init=conf: {index: -1, cur=peers:[]|listeners:[], old=null}, confs=<EMPTY_MAP>
2025-10-22 08:23:33,920 [ForkJoinPool-1-worker-1] INFO  ha.SCMSnapshotProvider (SCMSnapshotProvider.java:<init>(61)) - Initializing SCM Snapshot Provider
2025-10-22 08:23:33,952 [ForkJoinPool-1-worker-1] INFO  upgrade.AbstractLayoutVersionManager (AbstractLayoutVersionManager.java:init(80)) - Initializing Layout version manager with metadata layout = WITNESSED_CONTAINER_DB_PROTO_VALUE (version = 9), software layout = WITNESSED_CONTAINER_DB_PROTO_VALUE (version = 9)
2025-10-22 08:23:33,980 [ForkJoinPool-1-worker-1] INFO  ha.SequenceIdGenerator (SequenceIdGenerator.java:upgradeToSequenceId(353)) - upgrade localId to 115816896921600000
2025-10-22 08:23:33,981 [ForkJoinPool-1-worker-1] INFO  ha.SequenceIdGenerator (SequenceIdGenerator.java:upgradeToSequenceId(363)) - upgrade delTxnId to 0
2025-10-22 08:23:33,987 [ForkJoinPool-1-worker-1] INFO  ha.SequenceIdGenerator (SequenceIdGenerator.java:upgradeToSequenceId(379)) - upgrade containerId to 0
2025-10-22 08:23:33,990 [ForkJoinPool-1-worker-1] INFO  ha.SequenceIdGenerator (SequenceIdGenerator.java:upgradeToCertificateSequenceId(414)) - upgrade CertificateId to 2
2025-10-22 08:23:33,992 [ForkJoinPool-1-worker-1] INFO  ha.SequenceIdGenerator (SequenceIdGenerator.java:<init>(231)) - Init the HA SequenceIdGenerator.
2025-10-22 08:23:33,996 [ForkJoinPool-1-worker-1] INFO  Configuration.deprecation (Configuration.java:logDeprecation(1462)) - hadoop.configured.node.mapping is deprecated. Instead, use net.topology.configured.node.mapping
2025-10-22 08:23:34,039 [ForkJoinPool-1-worker-1] INFO  node.SCMNodeManager (SCMNodeManager.java:<init>(180)) - Entering startup safe mode.
2025-10-22 08:23:34,050 [ForkJoinPool-1-worker-1] INFO  algorithms.ContainerPlacementPolicyFactory (ContainerPlacementPolicyFactory.java:getPolicyInternal(83)) - Create container placement policy of type org.apache.hadoop.hdds.scm.container.placement.algorithms.SCMContainerPlacementRackAware
2025-10-22 08:23:34,055 [ForkJoinPool-1-worker-1] INFO  algorithms.ContainerPlacementPolicyFactory (ContainerPlacementPolicyFactory.java:getPolicyInternal(83)) - Create container placement policy of type org.apache.hadoop.hdds.scm.container.placement.algorithms.SCMContainerPlacementRackScatter
2025-10-22 08:23:34,062 [ForkJoinPool-1-worker-1] INFO  pipeline.PipelineStateManagerImpl (PipelineStateManagerImpl.java:initialize(75)) - No pipeline exists in current db
2025-10-22 08:23:34,074 [ForkJoinPool-1-worker-1] INFO  algorithms.LeaderChoosePolicyFactory (LeaderChoosePolicyFactory.java:getPolicy(55)) - Create leader choose policy of type org.apache.hadoop.hdds.scm.pipeline.leader.choose.algorithms.MinLeaderCountChoosePolicy
2025-10-22 08:23:34,075 [ForkJoinPool-1-worker-1] INFO  algorithms.ContainerPlacementPolicyFactory (ContainerPlacementPolicyFactory.java:getPolicyInternal(83)) - Create container placement policy of type org.apache.hadoop.hdds.scm.container.placement.algorithms.SCMContainerPlacementRackScatter
2025-10-22 08:23:34,081 [ForkJoinPool-1-worker-1] INFO  ha.SCMServiceManager (SCMServiceManager.java:register(42)) - Registering service BackgroundPipelineCreator.
2025-10-22 08:23:34,082 [ForkJoinPool-1-worker-1] INFO  pipeline.BackgroundPipelineCreator (BackgroundPipelineCreator.java:start(126)) - Starting RatisPipelineUtilsThread.
2025-10-22 08:23:34,084 [ForkJoinPool-1-worker-1] INFO  BackgroundPipelineScrubber (BackgroundSCMService.java:start(64)) - Starting BackgroundPipelineScrubber Service.
2025-10-22 08:23:34,085 [ForkJoinPool-1-worker-1] INFO  ha.SCMServiceManager (SCMServiceManager.java:register(42)) - Registering service BackgroundPipelineScrubber.
2025-10-22 08:23:34,093 [ForkJoinPool-1-worker-1] INFO  ExpiredContainerReplicaOpScrubber (BackgroundSCMService.java:start(64)) - Starting ExpiredContainerReplicaOpScrubber Service.
2025-10-22 08:23:34,093 [ForkJoinPool-1-worker-1] INFO  ha.SCMServiceManager (SCMServiceManager.java:register(42)) - Registering service ExpiredContainerReplicaOpScrubber.
2025-10-22 08:23:34,115 [ForkJoinPool-1-worker-1] INFO  algorithms.PipelineChoosePolicyFactory (PipelineChoosePolicyFactory.java:createPipelineChoosePolicyFromClass(78)) - Create pipeline choose policy of type org.apache.hadoop.hdds.scm.pipeline.choose.algorithms.RandomPipelineChoosePolicy
2025-10-22 08:23:34,115 [ForkJoinPool-1-worker-1] INFO  algorithms.PipelineChoosePolicyFactory (PipelineChoosePolicyFactory.java:createPipelineChoosePolicyFromClass(78)) - Create pipeline choose policy of type org.apache.hadoop.hdds.scm.pipeline.choose.algorithms.RandomPipelineChoosePolicy
2025-10-22 08:23:34,147 [ForkJoinPool-1-worker-1] INFO  ha.SCMServiceManager (SCMServiceManager.java:register(42)) - Registering service SCMBlockDeletingService.
2025-10-22 08:23:34,202 [ForkJoinPool-1-worker-1] INFO  replication.ReplicationManager (ReplicationManager.java:start(287)) - Starting Replication Monitor Thread.
2025-10-22 08:23:34,204 [ForkJoinPool-1-worker-1] INFO  ha.SCMServiceManager (SCMServiceManager.java:register(42)) - Registering service ReplicationManager.
2025-10-22 08:23:34,215 [ForkJoinPool-1-worker-1] INFO  safemode.SCMSafeModeManager (AbstractContainerSafeModeRule.java:initializeRule(83)) - Refreshed RATIS Containers threshold count to 0.
2025-10-22 08:23:34,216 [ForkJoinPool-1-worker-1] INFO  safemode.SCMSafeModeManager (AbstractContainerSafeModeRule.java:initializeRule(83)) - Refreshed EC Containers threshold count to 0.
2025-10-22 08:23:34,220 [ForkJoinPool-1-worker-1] INFO  safemode.HealthyPipelineSafeModeRule (HealthyPipelineSafeModeRule.java:initializeRule(230)) - Total pipeline count is 0, healthy pipeline threshold count is 1
2025-10-22 08:23:34,222 [ForkJoinPool-1-worker-1] INFO  safemode.OneReplicaPipelineSafeModeRule (OneReplicaPipelineSafeModeRule.java:initializeRule(189)) - Total pipeline count is 0, pipeline's with at least one datanode reported threshold count is 0
2025-10-22 08:23:34,285 [ForkJoinPool-1-worker-1] INFO  server.StorageContainerManager (StorageContainerManager.java:<init>(432)) - SCM start with adminUsers: [admin, runner]
2025-10-22 08:23:34,473 [ForkJoinPool-1-worker-1] INFO  audit.AuditLogger (AuditLogger.java:refreshDebugCmdSet(133)) - Refresh DebugCmdSet for SCMAudit to [].
2025-10-22 08:23:34,496 [ForkJoinPool-1-worker-1] INFO  ipc.CallQueueManager (CallQueueManager.java:<init>(93)) - Using callQueue: class java.util.concurrent.LinkedBlockingQueue, queueCapacity: 10000, scheduler: class org.apache.hadoop.ipc.DefaultRpcScheduler, ipcBackoff: false, ipcFailOver: false.
2025-10-22 08:23:34,522 [ForkJoinPool-1-worker-1] INFO  ipc.Server (Server.java:<init>(1438)) - Listener at 0.0.0.0:15002
2025-10-22 08:23:34,523 [Socket Reader #1 for port 15002] INFO  ipc.Server (Server.java:run(1474)) - Starting Socket Reader #1 for port 15002
2025-10-22 08:23:34,523 [Socket Reader #2 for port 15002] INFO  ipc.Server (Server.java:run(1474)) - Starting Socket Reader #2 for port 15002
2025-10-22 08:23:34,523 [Socket Reader #3 for port 15002] INFO  ipc.Server (Server.java:run(1474)) - Starting Socket Reader #3 for port 15002
2025-10-22 08:23:34,524 [Socket Reader #4 for port 15002] INFO  ipc.Server (Server.java:run(1474)) - Starting Socket Reader #4 for port 15002
2025-10-22 08:23:34,524 [Socket Reader #5 for port 15002] INFO  ipc.Server (Server.java:run(1474)) - Starting Socket Reader #5 for port 15002
2025-10-22 08:23:34,525 [Socket Reader #6 for port 15002] INFO  ipc.Server (Server.java:run(1474)) - Starting Socket Reader #6 for port 15002
2025-10-22 08:23:34,526 [Socket Reader #7 for port 15002] INFO  ipc.Server (Server.java:run(1474)) - Starting Socket Reader #7 for port 15002
2025-10-22 08:23:34,526 [Socket Reader #8 for port 15002] INFO  ipc.Server (Server.java:run(1474)) - Starting Socket Reader #8 for port 15002
2025-10-22 08:23:34,528 [Socket Reader #9 for port 15002] INFO  ipc.Server (Server.java:run(1474)) - Starting Socket Reader #9 for port 15002
2025-10-22 08:23:34,528 [Socket Reader #10 for port 15002] INFO  ipc.Server (Server.java:run(1474)) - Starting Socket Reader #10 for port 15002
2025-10-22 08:23:34,567 [ForkJoinPool-1-worker-1] INFO  audit.AuditLogger (AuditLogger.java:refreshDebugCmdSet(133)) - Refresh DebugCmdSet for SCMAudit to [].
2025-10-22 08:23:34,574 [ForkJoinPool-1-worker-1] INFO  ipc.CallQueueManager (CallQueueManager.java:<init>(93)) - Using callQueue: class java.util.concurrent.LinkedBlockingQueue, queueCapacity: 10000, scheduler: class org.apache.hadoop.ipc.DefaultRpcScheduler, ipcBackoff: false, ipcFailOver: false.
2025-10-22 08:23:34,575 [ForkJoinPool-1-worker-1] INFO  ipc.Server (Server.java:<init>(1438)) - Listener at 0.0.0.0:15001
2025-10-22 08:23:34,576 [Socket Reader #1 for port 15001] INFO  ipc.Server (Server.java:run(1474)) - Starting Socket Reader #1 for port 15001
2025-10-22 08:23:34,576 [Socket Reader #3 for port 15001] INFO  ipc.Server (Server.java:run(1474)) - Starting Socket Reader #3 for port 15001
2025-10-22 08:23:34,577 [Socket Reader #4 for port 15001] INFO  ipc.Server (Server.java:run(1474)) - Starting Socket Reader #4 for port 15001
2025-10-22 08:23:34,576 [Socket Reader #2 for port 15001] INFO  ipc.Server (Server.java:run(1474)) - Starting Socket Reader #2 for port 15001
2025-10-22 08:23:34,578 [Socket Reader #5 for port 15001] INFO  ipc.Server (Server.java:run(1474)) - Starting Socket Reader #5 for port 15001
2025-10-22 08:23:34,578 [Socket Reader #6 for port 15001] INFO  ipc.Server (Server.java:run(1474)) - Starting Socket Reader #6 for port 15001
2025-10-22 08:23:34,579 [Socket Reader #7 for port 15001] INFO  ipc.Server (Server.java:run(1474)) - Starting Socket Reader #7 for port 15001
2025-10-22 08:23:34,579 [Socket Reader #8 for port 15001] INFO  ipc.Server (Server.java:run(1474)) - Starting Socket Reader #8 for port 15001
2025-10-22 08:23:34,580 [Socket Reader #9 for port 15001] INFO  ipc.Server (Server.java:run(1474)) - Starting Socket Reader #9 for port 15001
2025-10-22 08:23:34,580 [Socket Reader #10 for port 15001] INFO  ipc.Server (Server.java:run(1474)) - Starting Socket Reader #10 for port 15001
2025-10-22 08:23:34,614 [ForkJoinPool-1-worker-1] INFO  audit.AuditLogger (AuditLogger.java:refreshDebugCmdSet(133)) - Refresh DebugCmdSet for SCMAudit to [].
2025-10-22 08:23:34,634 [ForkJoinPool-1-worker-1] INFO  ipc.CallQueueManager (CallQueueManager.java:<init>(93)) - Using callQueue: class java.util.concurrent.LinkedBlockingQueue, queueCapacity: 10000, scheduler: class org.apache.hadoop.ipc.DefaultRpcScheduler, ipcBackoff: false, ipcFailOver: false.
2025-10-22 08:23:34,635 [ForkJoinPool-1-worker-1] INFO  ipc.Server (Server.java:<init>(1438)) - Listener at 0.0.0.0:15000
2025-10-22 08:23:34,635 [Socket Reader #1 for port 15000] INFO  ipc.Server (Server.java:run(1474)) - Starting Socket Reader #1 for port 15000
2025-10-22 08:23:34,636 [Socket Reader #2 for port 15000] INFO  ipc.Server (Server.java:run(1474)) - Starting Socket Reader #2 for port 15000
2025-10-22 08:23:34,636 [Socket Reader #4 for port 15000] INFO  ipc.Server (Server.java:run(1474)) - Starting Socket Reader #4 for port 15000
2025-10-22 08:23:34,636 [Socket Reader #3 for port 15000] INFO  ipc.Server (Server.java:run(1474)) - Starting Socket Reader #3 for port 15000
2025-10-22 08:23:34,637 [Socket Reader #5 for port 15000] INFO  ipc.Server (Server.java:run(1474)) - Starting Socket Reader #5 for port 15000
2025-10-22 08:23:34,638 [Socket Reader #6 for port 15000] INFO  ipc.Server (Server.java:run(1474)) - Starting Socket Reader #6 for port 15000
2025-10-22 08:23:34,638 [Socket Reader #7 for port 15000] INFO  ipc.Server (Server.java:run(1474)) - Starting Socket Reader #7 for port 15000
2025-10-22 08:23:34,638 [Socket Reader #8 for port 15000] INFO  ipc.Server (Server.java:run(1474)) - Starting Socket Reader #8 for port 15000
2025-10-22 08:23:34,639 [Socket Reader #9 for port 15000] INFO  ipc.Server (Server.java:run(1474)) - Starting Socket Reader #9 for port 15000
2025-10-22 08:23:34,639 [Socket Reader #10 for port 15000] INFO  ipc.Server (Server.java:run(1474)) - Starting Socket Reader #10 for port 15000
2025-10-22 08:23:34,690 [ForkJoinPool-1-worker-1] INFO  ha.SCMServiceManager (SCMServiceManager.java:register(42)) - Registering service ContainerBalancer.
2025-10-22 08:23:34,690 [ForkJoinPool-1-worker-1] INFO  ha.SCMContext (SCMContext.java:updateSafeModeStatus(224)) - Update SafeModeStatus from SafeModeStatus{safeModeStatus=true, preCheckPassed=false} to SafeModeStatus{safeModeStatus=true, preCheckPassed=false}.
2025-10-22 08:23:34,696 [ForkJoinPool-1-worker-1] INFO  server.StorageContainerManager (StorageContainerManager.java:start(1515)) - StorageContainerLocationProtocol RPC server is listening at /0.0.0.0:15000
2025-10-22 08:23:34,696 [ForkJoinPool-1-worker-1] INFO  ha.SCMRatisServerImpl (SCMRatisServerImpl.java:start(203)) - starting ratis server 0.0.0.0:15004
2025-10-22 08:23:34,698 [865d5785-f699-439e-a1bb-b7d8c2e8d3c0-impl-thread1] INFO  storage.RaftStorageDirectory (RaftStorageDirectoryImpl.java:tryLock(229)) - Lock on /home/runner/work/ozone/ozone/hadoop-ozone/integration-test/target/test-dir/MiniOzoneClusterImpl-a412b9f6-7d8b-4de3-a85c-9946bceaa3a0/scm/ratis/a412b9f6-7d8b-4de3-a85c-9946bceaa3a0/in_use.lock acquired by nodename 57193@localhost
2025-10-22 08:23:34,701 [865d5785-f699-439e-a1bb-b7d8c2e8d3c0-impl-thread1] INFO  storage.RaftStorage (RaftStorageImpl.java:analyzeAndRecoverStorage(118)) - Read RaftStorageMetadata{term=1, votedFor=865d5785-f699-439e-a1bb-b7d8c2e8d3c0} from /home/runner/work/ozone/ozone/hadoop-ozone/integration-test/target/test-dir/MiniOzoneClusterImpl-a412b9f6-7d8b-4de3-a85c-9946bceaa3a0/scm/ratis/a412b9f6-7d8b-4de3-a85c-9946bceaa3a0/current/raft-meta
2025-10-22 08:23:34,705 [865d5785-f699-439e-a1bb-b7d8c2e8d3c0-impl-thread1] INFO  server.RaftServer$Division (ServerState.java:setRaftConf(386)) - 865d5785-f699-439e-a1bb-b7d8c2e8d3c0@group-9946BCEAA3A0: set configuration conf: {index: 0, cur=peers:[865d5785-f699-439e-a1bb-b7d8c2e8d3c0|localhost:15004]|listeners:[], old=null}
2025-10-22 08:23:34,706 [865d5785-f699-439e-a1bb-b7d8c2e8d3c0-impl-thread1] INFO  ha.SCMStateMachine (SCMStateMachine.java:lambda$initialize$0(135)) - 865d5785-f699-439e-a1bb-b7d8c2e8d3c0: initialize group-9946BCEAA3A0
2025-10-22 08:23:34,706 [865d5785-f699-439e-a1bb-b7d8c2e8d3c0-impl-thread1] INFO  server.RaftServerConfigKeys (ConfUtils.java:logGet(62)) - raft.server.log.appender.buffer.byte-limit = 4194304 (custom)
2025-10-22 08:23:34,710 [865d5785-f699-439e-a1bb-b7d8c2e8d3c0-impl-thread1] INFO  server.RaftServerConfigKeys (ConfUtils.java:logGet(62)) - raft.server.log.segment.size.max = 67108864 (custom)
2025-10-22 08:23:34,711 [865d5785-f699-439e-a1bb-b7d8c2e8d3c0-impl-thread1] INFO  server.RaftServerConfigKeys (ConfUtils.java:logGet(62)) - raft.server.log.appender.buffer.byte-limit = 4194304 (custom)
2025-10-22 08:23:34,712 [865d5785-f699-439e-a1bb-b7d8c2e8d3c0-impl-thread1] INFO  util.AwaitToRun (AwaitToRun.java:start(81)) - Thread[#119,865d5785-f699-439e-a1bb-b7d8c2e8d3c0@group-9946BCEAA3A0-cacheEviction-AwaitToRun,5,main] started
2025-10-22 08:23:34,712 [865d5785-f699-439e-a1bb-b7d8c2e8d3c0-impl-thread1] INFO  segmented.SegmentedRaftLogWorker (SegmentedRaftLogWorker.java:<init>(190)) - new 865d5785-f699-439e-a1bb-b7d8c2e8d3c0@group-9946BCEAA3A0-SegmentedRaftLogWorker for RaftStorageImpl:Storage Directory /home/runner/work/ozone/ozone/hadoop-ozone/integration-test/target/test-dir/MiniOzoneClusterImpl-a412b9f6-7d8b-4de3-a85c-9946bceaa3a0/scm/ratis/a412b9f6-7d8b-4de3-a85c-9946bceaa3a0
2025-10-22 08:23:34,712 [865d5785-f699-439e-a1bb-b7d8c2e8d3c0-impl-thread1] INFO  server.RaftServerConfigKeys (ConfUtils.java:logGet(62)) - raft.server.log.segment.size.max = 67108864 (custom)
2025-10-22 08:23:34,712 [865d5785-f699-439e-a1bb-b7d8c2e8d3c0-impl-thread1] INFO  server.RaftServerConfigKeys (ConfUtils.java:logGet(62)) - raft.server.log.preallocated.size = 4194304 (custom)
2025-10-22 08:23:34,713 [865d5785-f699-439e-a1bb-b7d8c2e8d3c0-impl-thread1] INFO  server.RaftServerConfigKeys (ConfUtils.java:logGet(62)) - raft.server.log.write.buffer.size = 4194312 (custom)
2025-10-22 08:23:34,715 [865d5785-f699-439e-a1bb-b7d8c2e8d3c0-impl-thread1] INFO  server.RaftServerConfigKeys (ConfUtils.java:logGet(62)) - raft.server.log.appender.buffer.byte-limit = 4194304 (custom)
2025-10-22 08:23:34,722 [865d5785-f699-439e-a1bb-b7d8c2e8d3c0-impl-thread1] INFO  server.RaftServer$Division (ServerState.java:setRaftConf(386)) - 865d5785-f699-439e-a1bb-b7d8c2e8d3c0@group-9946BCEAA3A0: set configuration conf: {index: 0, cur=peers:[865d5785-f699-439e-a1bb-b7d8c2e8d3c0|localhost:15004]|listeners:[], old=null}
2025-10-22 08:23:34,722 [865d5785-f699-439e-a1bb-b7d8c2e8d3c0-impl-thread1] INFO  segmented.LogSegment (LogSegment.java:loadSegment(171)) - Successfully read 1 entries from segment file /home/runner/work/ozone/ozone/hadoop-ozone/integration-test/target/test-dir/MiniOzoneClusterImpl-a412b9f6-7d8b-4de3-a85c-9946bceaa3a0/scm/ratis/a412b9f6-7d8b-4de3-a85c-9946bceaa3a0/current/log_inprogress_0
2025-10-22 08:23:34,723 [865d5785-f699-439e-a1bb-b7d8c2e8d3c0-impl-thread1] INFO  segmented.SegmentedRaftLogWorker (SegmentedRaftLogWorker.java:lambda$new$0(141)) - 865d5785-f699-439e-a1bb-b7d8c2e8d3c0@group-9946BCEAA3A0-SegmentedRaftLogWorker: safeCacheEvictIndex: setUnconditionally 0 -> -1
2025-10-22 08:23:34,723 [865d5785-f699-439e-a1bb-b7d8c2e8d3c0-impl-thread1] INFO  segmented.BufferedWriteChannel (BufferedWriteChannel.java:open(61)) - open log_inprogress_0 (append) at position 76
2025-10-22 08:23:34,724 [865d5785-f699-439e-a1bb-b7d8c2e8d3c0-impl-thread1] INFO  server.RaftServer$Division (RaftServerImpl.java:start(405)) - 865d5785-f699-439e-a1bb-b7d8c2e8d3c0@group-9946BCEAA3A0: start as a follower, conf=conf: {index: 0, cur=peers:[865d5785-f699-439e-a1bb-b7d8c2e8d3c0|localhost:15004]|listeners:[], old=null}
2025-10-22 08:23:34,724 [865d5785-f699-439e-a1bb-b7d8c2e8d3c0-impl-thread1] INFO  server.RaftServer$Division (RaftServerImpl.java:setRole(392)) - 865d5785-f699-439e-a1bb-b7d8c2e8d3c0@group-9946BCEAA3A0: changes role from      null to FOLLOWER at term 1 for startAsFollower
2025-10-22 08:23:34,724 [865d5785-f699-439e-a1bb-b7d8c2e8d3c0-impl-thread1] INFO  impl.RoleInfo (RoleInfo.java:updateAndGet(148)) - 865d5785-f699-439e-a1bb-b7d8c2e8d3c0: start 865d5785-f699-439e-a1bb-b7d8c2e8d3c0@group-9946BCEAA3A0-FollowerState
2025-10-22 08:23:34,726 [865d5785-f699-439e-a1bb-b7d8c2e8d3c0-impl-thread1] INFO  util.JmxRegister (JmxRegister.java:tryRegister(44)) - Successfully registered JMX Bean with object name Ratis:service=RaftServer,group=group-9946BCEAA3A0,id=865d5785-f699-439e-a1bb-b7d8c2e8d3c0
2025-10-22 08:23:34,726 [865d5785-f699-439e-a1bb-b7d8c2e8d3c0-impl-thread1] INFO  util.JmxRegister (JmxRegister.java:register(58)) - register mxBean class org.apache.ratis.server.impl.RaftServerJmxAdapter as Ratis:service=RaftServer,group=group-9946BCEAA3A0,id=865d5785-f699-439e-a1bb-b7d8c2e8d3c0
2025-10-22 08:23:34,727 [865d5785-f699-439e-a1bb-b7d8c2e8d3c0-impl-thread1] INFO  server.RaftServer$Division (RaftServerImpl.java:start(419)) - 865d5785-f699-439e-a1bb-b7d8c2e8d3c0@group-9946BCEAA3A0: Successfully started.
2025-10-22 08:23:34,728 [ForkJoinPool-1-worker-1] INFO  server.RaftServer (RaftServerProxy.java:startImpl(412)) - 865d5785-f699-439e-a1bb-b7d8c2e8d3c0: start RPC server
2025-10-22 08:23:34,730 [ForkJoinPool-1-worker-1] INFO  server.GrpcServicesImpl (GrpcServicesImpl.java:startImpl(346)) - 865d5785-f699-439e-a1bb-b7d8c2e8d3c0: GrpcServicesImpl started, listening on 15004
2025-10-22 08:23:34,731 [JvmPauseMonitor1] INFO  util.JvmPauseMonitor (JvmPauseMonitor.java:run(146)) - JvmPauseMonitor-865d5785-f699-439e-a1bb-b7d8c2e8d3c0: Started
2025-10-22 08:23:34,737 [ForkJoinPool-1-worker-1] INFO  ha.SCMHAManagerImpl (SCMHAManagerImpl.java:start(131)) -  scm role is FOLLOWER peers [865d5785-f699-439e-a1bb-b7d8c2e8d3c0|localhost:15004]
2025-10-22 08:23:34,737 [ForkJoinPool-1-worker-1] INFO  ha.InterSCMGrpcService (InterSCMGrpcProtocolService.java:start(98)) - Starting SCM Grpc Service at port 15005
2025-10-22 08:23:34,739 [ForkJoinPool-1-worker-1] INFO  SCMHATransactionMonitor (BackgroundSCMService.java:start(64)) - Starting SCMHATransactionMonitor Service.
2025-10-22 08:23:34,739 [ForkJoinPool-1-worker-1] INFO  ha.SCMServiceManager (SCMServiceManager.java:register(42)) - Registering service SCMHATransactionMonitor.
2025-10-22 08:23:34,740 [ForkJoinPool-1-worker-1] INFO  SCMHATransactionMonitor (BackgroundSCMService.java:start(61)) - SCMHATransactionMonitor Service is already running, skip start.
2025-10-22 08:23:34,839 [ForkJoinPool-1-worker-1] INFO  server.SCMClientProtocolServer (SCMClientProtocolServer.java:start(209)) - RPC server for Client  is listening at /0.0.0.0:15000
2025-10-22 08:23:34,840 [IPC Server Responder] INFO  ipc.Server (Server.java:run(1713)) - IPC Server Responder: starting
2025-10-22 08:23:34,840 [IPC Server listener on 15000] INFO  ipc.Server (Server.java:run(1553)) - IPC Server listener on 15000: starting
2025-10-22 08:23:34,852 [ForkJoinPool-1-worker-1] INFO  server.StorageContainerManager (StorageContainerManager.java:start(1528)) - ScmBlockLocationProtocol RPC server is listening at /0.0.0.0:15001
2025-10-22 08:23:34,853 [ForkJoinPool-1-worker-1] INFO  server.SCMBlockProtocolServer (SCMBlockProtocolServer.java:start(166)) - RPC server for Block Protocol is listening at /0.0.0.0:15001
2025-10-22 08:23:34,854 [IPC Server Responder] INFO  ipc.Server (Server.java:run(1713)) - IPC Server Responder: starting
2025-10-22 08:23:34,854 [IPC Server listener on 15001] INFO  ipc.Server (Server.java:run(1553)) - IPC Server listener on 15001: starting
2025-10-22 08:23:34,867 [ForkJoinPool-1-worker-1] INFO  utils.BackgroundService (BackgroundService.java:start(119)) - Starting service SCMBlockDeletingService with interval 60000 milliseconds
2025-10-22 08:23:34,879 [ForkJoinPool-1-worker-1] INFO  http.BaseHttpServer (BaseHttpServer.java:newHttpServer2BuilderForOzone(227)) - Starting Web-server for scm at: http://0.0.0.0:15003
2025-10-22 08:23:34,879 [ForkJoinPool-1-worker-1] INFO  http.BaseHttpServer (BaseHttpServer.java:<init>(105)) - Hadoop Security Enabled: false Ozone Security Enabled: false Ozone HTTP Security Enabled: false 
2025-10-22 08:23:34,897 [ForkJoinPool-1-worker-1] INFO  util.log (Log.java:initialized(170)) - Logging initialized @6494ms to org.eclipse.jetty.util.log.Slf4jLog
2025-10-22 08:23:34,962 [ForkJoinPool-1-worker-1] WARN  server.AuthenticationFilter (AuthenticationFilter.java:constructSecretProvider(240)) - Unable to initialize FileSignerSecretProvider, falling back to use random secrets. Reason: Could not read signature secret file: /home/runner/hadoop-http-auth-signature-secret
2025-10-22 08:23:34,988 [ForkJoinPool-1-worker-1] INFO  http.HttpServer2 (HttpServer2.java:addGlobalFilter(1040)) - Added global filter 'safety' (class=org.apache.hadoop.hdds.server.http.HttpServer2$QuotingInputFilter)
2025-10-22 08:23:34,991 [ForkJoinPool-1-worker-1] INFO  http.HttpServer2 (HttpServer2.java:addFilter(1016)) - Added filter static_user_filter (class=org.apache.hadoop.http.lib.StaticUserWebFilter$StaticUserFilter) to context scm
2025-10-22 08:23:34,991 [ForkJoinPool-1-worker-1] INFO  http.HttpServer2 (HttpServer2.java:addFilter(1024)) - Added filter static_user_filter (class=org.apache.hadoop.http.lib.StaticUserWebFilter$StaticUserFilter) to context logs
2025-10-22 08:23:34,992 [ForkJoinPool-1-worker-1] INFO  http.HttpServer2 (HttpServer2.java:addFilter(1024)) - Added filter static_user_filter (class=org.apache.hadoop.http.lib.StaticUserWebFilter$StaticUserFilter) to context static
2025-10-22 08:23:35,018 [ForkJoinPool-1-worker-1] INFO  http.BaseHttpServer (BaseHttpServer.java:<init>(193)) - HTTP server of scm uses base directory /home/runner/work/ozone/ozone/hadoop-ozone/integration-test/target/test-dir/MiniOzoneClusterImpl-a412b9f6-7d8b-4de3-a85c-9946bceaa3a0/scm/ozone-metadata/webserver
2025-10-22 08:23:35,019 [ForkJoinPool-1-worker-1] INFO  http.HttpServer2 (HttpServer2.java:bindListener(1240)) - Jetty bound to port 15003
2025-10-22 08:23:35,020 [ForkJoinPool-1-worker-1] INFO  server.Server (Server.java:doStart(375)) - jetty-9.4.58.v20250814; built: 2025-08-14T02:28:49.637Z; git: 8f1440587e9e4ae7db3d74cf205643f3d707148d; jvm 21.0.8+9-LTS
2025-10-22 08:23:35,040 [ForkJoinPool-1-worker-1] INFO  server.session (DefaultSessionIdManager.java:doStart(334)) - DefaultSessionIdManager workerName=node0
2025-10-22 08:23:35,040 [ForkJoinPool-1-worker-1] INFO  server.session (DefaultSessionIdManager.java:doStart(339)) - No SessionScavenger set, using defaults
2025-10-22 08:23:35,041 [ForkJoinPool-1-worker-1] INFO  server.session (HouseKeeper.java:startScavenging(132)) - node0 Scavenging every 660000ms
2025-10-22 08:23:35,048 [ForkJoinPool-1-worker-1] INFO  handler.ContextHandler (ContextHandler.java:doStart(921)) - Started o.e.j.s.ServletContextHandler@31cf92ff{logs,/logs,file:///home/runner/work/ozone/ozone/hadoop-ozone/integration-test/target/log,AVAILABLE}
2025-10-22 08:23:35,049 [ForkJoinPool-1-worker-1] INFO  handler.ContextHandler (ContextHandler.java:doStart(921)) - Started o.e.j.s.ServletContextHandler@17e69d59{static,/static,file:///home/runner/work/ozone/ozone/hadoop-ozone/integration-test/target/test-classes/webapps/static,AVAILABLE}
2025-10-22 08:23:35,081 [ForkJoinPool-1-worker-1] INFO  handler.ContextHandler (ContextHandler.java:doStart(921)) - Started o.e.j.w.WebAppContext@f02592{scm,/,file:///home/runner/work/ozone/ozone/hadoop-ozone/integration-test/target/test-classes/webapps/scm/,AVAILABLE}{file:/home/runner/work/ozone/ozone/hadoop-ozone/integration-test/target/test-classes/webapps/scm}
2025-10-22 08:23:35,086 [ForkJoinPool-1-worker-1] INFO  server.AbstractConnector (AbstractConnector.java:doStart(333)) - Started ServerConnector@8431b9f{HTTP/1.1, (http/1.1)}{0.0.0.0:15003}
2025-10-22 08:23:35,087 [ForkJoinPool-1-worker-1] INFO  server.Server (Server.java:doStart(415)) - Started @6683ms
2025-10-22 08:23:35,088 [ForkJoinPool-1-worker-1] INFO  impl.MetricsSinkAdapter (MetricsSinkAdapter.java:start(204)) - Sink prometheus started
2025-10-22 08:23:35,089 [ForkJoinPool-1-worker-1] INFO  http.BaseHttpServer (BaseHttpServer.java:updateConnectorAddress(357)) - HTTP server of scm listening at http://localhost:15003
2025-10-22 08:23:35,175 [ForkJoinPool-1-worker-1] INFO  audit.AuditLogger (AuditLogger.java:refreshDebugCmdSet(133)) - Refresh DebugCmdSet for OMAudit to [].
2025-10-22 08:23:35,197 [ForkJoinPool-1-worker-1] INFO  audit.AuditLogger (AuditLogger.java:refreshDebugCmdSet(133)) - Refresh DebugCmdSet for OMSystemAudit to [].
2025-10-22 08:23:35,243 [ForkJoinPool-1-worker-1] INFO  ha.OMHANodeDetails (OMHANodeDetails.java:loadOMHAConfig(114)) - ozone.om.internal.service.id is not defined, falling back to ozone.om.service.ids to find serviceID for OzoneManager if it is HA enabled cluster
2025-10-22 08:23:35,247 [ForkJoinPool-1-worker-1] INFO  ha.OMHANodeDetails (OMHANodeDetails.java:loadOMHAConfig(228)) - Configuration does not have ozone.om.address set. Falling back to the default OM address /127.0.0.1:15006
2025-10-22 08:23:35,247 [ForkJoinPool-1-worker-1] INFO  ha.OMHANodeDetails (OMHANodeDetails.java:getOMNodeDetailsForNonHA(262)) - OM Service ID is not set. Setting it to the default ID: omServiceIdDefault
2025-10-22 08:23:35,247 [ForkJoinPool-1-worker-1] INFO  ha.OMHANodeDetails (OMHANodeDetails.java:getOMNodeDetailsForNonHA(269)) - OM Node ID is not set. Setting it to the default ID: om1
2025-10-22 08:23:35,255 [ForkJoinPool-1-worker-1] INFO  upgrade.AbstractLayoutVersionManager (AbstractLayoutVersionManager.java:init(80)) - Initializing Layout version manager with metadata layout = DELEGATION_TOKEN_SYMMETRIC_SIGN (version = 8), software layout = DELEGATION_TOKEN_SYMMETRIC_SIGN (version = 8)
2025-10-22 08:23:35,392 [ForkJoinPool-1-worker-1] INFO  reflections.Reflections (Reflections.java:scan(219)) - Reflections took 135 ms to scan 2 urls, producing 220 keys and 641 values
2025-10-22 08:23:35,396 [ForkJoinPool-1-worker-1] INFO  upgrade.OMLayoutVersionManager (OMLayoutVersionManager.java:lambda$0(110)) - Skipping Upgrade Action QuotaRepairUpgradeAction since it has been finalized.
2025-10-22 08:23:35,397 [ForkJoinPool-1-worker-1] INFO  upgrade.OMLayoutVersionManager (OMLayoutVersionManager.java:lambda$0(110)) - Skipping Upgrade Action MockOmUpgradeAction since it has been finalized.
2025-10-22 08:23:35,404 [ForkJoinPool-1-worker-1] INFO  om.OzoneManager (OzoneManager.java:setReplicationFromConfig(4665)) - Set default replication in OM: RATIS/3 -> RATIS/THREE
2025-10-22 08:23:35,410 [ForkJoinPool-1-worker-1] INFO  proxy.SCMContainerLocationFailoverProxyProvider (SCMFailoverProxyProviderBase.java:<init>(120)) - Created fail-over proxy for protocol StorageContainerLocationProtocolPB with 1 nodes: [nodeId=scmNodeId,nodeAddress=/0.0.0.0:15000]
2025-10-22 08:23:35,459 [ForkJoinPool-1-worker-1] INFO  proxy.SCMBlockLocationFailoverProxyProvider (SCMFailoverProxyProviderBase.java:<init>(120)) - Created fail-over proxy for protocol ScmBlockLocationProtocolPB with 1 nodes: [nodeId=scmNodeId,nodeAddress=/0.0.0.0:15001]
2025-10-22 08:23:35,476 [ForkJoinPool-1-worker-1] INFO  proxy.SCMBlockLocationFailoverProxyProvider (SCMFailoverProxyProviderBase.java:<init>(120)) - Created fail-over proxy for protocol ScmBlockLocationProtocolPB with 1 nodes: [nodeId=scmNodeId,nodeAddress=/0.0.0.0:15001]
2025-10-22 08:23:35,834 [865d5785-f699-439e-a1bb-b7d8c2e8d3c0@group-9946BCEAA3A0-FollowerState] INFO  impl.FollowerState (FollowerState.java:runImpl(161)) - 865d5785-f699-439e-a1bb-b7d8c2e8d3c0@group-9946BCEAA3A0-FollowerState: change to CANDIDATE, lastRpcElapsedTime:1109365903ns, electionTimeout:1108ms
2025-10-22 08:23:35,834 [865d5785-f699-439e-a1bb-b7d8c2e8d3c0@group-9946BCEAA3A0-FollowerState] INFO  impl.RoleInfo (RoleInfo.java:shutdownFollowerState(121)) - 865d5785-f699-439e-a1bb-b7d8c2e8d3c0: shutdown 865d5785-f699-439e-a1bb-b7d8c2e8d3c0@group-9946BCEAA3A0-FollowerState
2025-10-22 08:23:35,835 [865d5785-f699-439e-a1bb-b7d8c2e8d3c0@group-9946BCEAA3A0-FollowerState] INFO  server.RaftServer$Division (RaftServerImpl.java:setRole(392)) - 865d5785-f699-439e-a1bb-b7d8c2e8d3c0@group-9946BCEAA3A0: changes role from  FOLLOWER to CANDIDATE at term 1 for changeToCandidate
2025-10-22 08:23:35,835 [865d5785-f699-439e-a1bb-b7d8c2e8d3c0@group-9946BCEAA3A0-FollowerState] INFO  impl.RoleInfo (RoleInfo.java:updateAndGet(148)) - 865d5785-f699-439e-a1bb-b7d8c2e8d3c0: start 865d5785-f699-439e-a1bb-b7d8c2e8d3c0@group-9946BCEAA3A0-LeaderElection2
2025-10-22 08:23:35,835 [865d5785-f699-439e-a1bb-b7d8c2e8d3c0@group-9946BCEAA3A0-LeaderElection2] INFO  impl.LeaderElection (LeaderElection.java:askForVotes(448)) - 865d5785-f699-439e-a1bb-b7d8c2e8d3c0@group-9946BCEAA3A0-LeaderElection2 PRE_VOTE round 0: submit vote requests at term 1 for conf: {index: 0, cur=peers:[865d5785-f699-439e-a1bb-b7d8c2e8d3c0|localhost:15004]|listeners:[], old=null}
2025-10-22 08:23:35,836 [865d5785-f699-439e-a1bb-b7d8c2e8d3c0@group-9946BCEAA3A0-LeaderElection2] INFO  impl.LeaderElection (LeaderElection.java:askForVotes(450)) - 865d5785-f699-439e-a1bb-b7d8c2e8d3c0@group-9946BCEAA3A0-LeaderElection2 PRE_VOTE round 0: result PASSED (term=1)
2025-10-22 08:23:35,838 [865d5785-f699-439e-a1bb-b7d8c2e8d3c0@group-9946BCEAA3A0-LeaderElection2] INFO  impl.LeaderElection (LeaderElection.java:askForVotes(448)) - 865d5785-f699-439e-a1bb-b7d8c2e8d3c0@group-9946BCEAA3A0-LeaderElection2 ELECTION round 0: submit vote requests at term 2 for conf: {index: 0, cur=peers:[865d5785-f699-439e-a1bb-b7d8c2e8d3c0|localhost:15004]|listeners:[], old=null}
2025-10-22 08:23:35,838 [865d5785-f699-439e-a1bb-b7d8c2e8d3c0@group-9946BCEAA3A0-LeaderElection2] INFO  impl.LeaderElection (LeaderElection.java:askForVotes(450)) - 865d5785-f699-439e-a1bb-b7d8c2e8d3c0@group-9946BCEAA3A0-LeaderElection2 ELECTION round 0: result PASSED (term=2)
2025-10-22 08:23:35,838 [865d5785-f699-439e-a1bb-b7d8c2e8d3c0@group-9946BCEAA3A0-LeaderElection2] INFO  impl.RoleInfo (RoleInfo.java:shutdownLeaderElection(141)) - 865d5785-f699-439e-a1bb-b7d8c2e8d3c0: shutdown 865d5785-f699-439e-a1bb-b7d8c2e8d3c0@group-9946BCEAA3A0-LeaderElection2
2025-10-22 08:23:35,838 [865d5785-f699-439e-a1bb-b7d8c2e8d3c0@group-9946BCEAA3A0-LeaderElection2] INFO  server.RaftServer$Division (RaftServerImpl.java:setRole(392)) - 865d5785-f699-439e-a1bb-b7d8c2e8d3c0@group-9946BCEAA3A0: changes role from CANDIDATE to LEADER at term 2 for changeToLeader
2025-10-22 08:23:35,838 [865d5785-f699-439e-a1bb-b7d8c2e8d3c0@group-9946BCEAA3A0-LeaderElection2] INFO  server.RaftServerConfigKeys (ConfUtils.java:logFallback(69)) - raft.server.staging.timeout = 15600ms (fallback to raft.server.rpc.timeout.max)
2025-10-22 08:23:35,840 [865d5785-f699-439e-a1bb-b7d8c2e8d3c0@group-9946BCEAA3A0-LeaderElection2] INFO  impl.RoleInfo (RoleInfo.java:updateAndGet(148)) - 865d5785-f699-439e-a1bb-b7d8c2e8d3c0: start 865d5785-f699-439e-a1bb-b7d8c2e8d3c0@group-9946BCEAA3A0-LeaderStateImpl
2025-10-22 08:23:35,840 [865d5785-f699-439e-a1bb-b7d8c2e8d3c0@group-9946BCEAA3A0-LeaderElection2] INFO  server.RaftServer$Division (RaftServerImpl.java:setFirstElection(576)) - 865d5785-f699-439e-a1bb-b7d8c2e8d3c0@group-9946BCEAA3A0: set firstElectionSinceStartup to false for becomeLeader
2025-10-22 08:23:35,840 [865d5785-f699-439e-a1bb-b7d8c2e8d3c0@group-9946BCEAA3A0-LeaderElection2] INFO  ha.SCMStateMachine (SCMStateMachine.java:notifyLeaderChanged(293)) - current SCM becomes leader of term 2.
2025-10-22 08:23:35,841 [865d5785-f699-439e-a1bb-b7d8c2e8d3c0@group-9946BCEAA3A0-LeaderElection2] INFO  ha.SCMContext (SCMContext.java:updateLeaderAndTerm(95)) - update <isLeader,term> from <false,0> to <true,2>
2025-10-22 08:23:35,844 [865d5785-f699-439e-a1bb-b7d8c2e8d3c0@group-9946BCEAA3A0-LeaderElection2] INFO  server.RaftServer$Division (ServerState.java:setLeader(272)) - 865d5785-f699-439e-a1bb-b7d8c2e8d3c0@group-9946BCEAA3A0: change Leader from null to 865d5785-f699-439e-a1bb-b7d8c2e8d3c0 at term 2 for becomeLeader, leader elected after 1929ms
2025-10-22 08:23:35,845 [865d5785-f699-439e-a1bb-b7d8c2e8d3c0@group-9946BCEAA3A0-LeaderElection2] INFO  segmented.SegmentedRaftLogWorker (SegmentedRaftLogWorker.java:rollLogSegment(445)) - 865d5785-f699-439e-a1bb-b7d8c2e8d3c0@group-9946BCEAA3A0-SegmentedRaftLogWorker: Rolling segment log-0_0 to index:0
2025-10-22 08:23:35,845 [865d5785-f699-439e-a1bb-b7d8c2e8d3c0@group-9946BCEAA3A0-LeaderElection2] INFO  server.RaftServer$Division (ServerState.java:setRaftConf(386)) - 865d5785-f699-439e-a1bb-b7d8c2e8d3c0@group-9946BCEAA3A0: set configuration conf: {index: 1, cur=peers:[865d5785-f699-439e-a1bb-b7d8c2e8d3c0|localhost:15004]|listeners:[], old=null}
2025-10-22 08:23:35,846 [865d5785-f699-439e-a1bb-b7d8c2e8d3c0@group-9946BCEAA3A0-SegmentedRaftLogWorker] INFO  segmented.SegmentedRaftLogWorker (SegmentedRaftLogWorker.java:execute(604)) - 865d5785-f699-439e-a1bb-b7d8c2e8d3c0@group-9946BCEAA3A0-SegmentedRaftLogWorker: Rolled log segment from /home/runner/work/ozone/ozone/hadoop-ozone/integration-test/target/test-dir/MiniOzoneClusterImpl-a412b9f6-7d8b-4de3-a85c-9946bceaa3a0/scm/ratis/a412b9f6-7d8b-4de3-a85c-9946bceaa3a0/current/log_inprogress_0 to /home/runner/work/ozone/ozone/hadoop-ozone/integration-test/target/test-dir/MiniOzoneClusterImpl-a412b9f6-7d8b-4de3-a85c-9946bceaa3a0/scm/ratis/a412b9f6-7d8b-4de3-a85c-9946bceaa3a0/current/log_0-0
2025-10-22 08:23:35,848 [865d5785-f699-439e-a1bb-b7d8c2e8d3c0@group-9946BCEAA3A0-SegmentedRaftLogWorker] INFO  segmented.BufferedWriteChannel (BufferedWriteChannel.java:open(61)) - open log_inprogress_1 at position 0
2025-10-22 08:23:35,854 [865d5785-f699-439e-a1bb-b7d8c2e8d3c0@group-9946BCEAA3A0-SegmentedRaftLogWorker] INFO  segmented.SegmentedRaftLogWorker (SegmentedRaftLogWorker.java:execute(647)) - 865d5785-f699-439e-a1bb-b7d8c2e8d3c0@group-9946BCEAA3A0-SegmentedRaftLogWorker: created new log segment /home/runner/work/ozone/ozone/hadoop-ozone/integration-test/target/test-dir/MiniOzoneClusterImpl-a412b9f6-7d8b-4de3-a85c-9946bceaa3a0/scm/ratis/a412b9f6-7d8b-4de3-a85c-9946bceaa3a0/current/log_inprogress_1
2025-10-22 08:23:35,857 [865d5785-f699-439e-a1bb-b7d8c2e8d3c0@group-9946BCEAA3A0-StateMachineUpdater] INFO  server.RaftServer$Division (LeaderStateImpl.java:checkStartIndex(309)) - Leader 865d5785-f699-439e-a1bb-b7d8c2e8d3c0@group-9946BCEAA3A0-LeaderStateImpl is ready since appliedIndex == startIndex == 1
2025-10-22 08:23:35,857 [865d5785-f699-439e-a1bb-b7d8c2e8d3c0@group-9946BCEAA3A0-StateMachineUpdater] INFO  ha.SCMContext (SCMContext.java:setLeaderReady(122)) - update <isLeaderReady> from <false> to <true>
2025-10-22 08:23:35,857 [865d5785-f699-439e-a1bb-b7d8c2e8d3c0@group-9946BCEAA3A0-StateMachineUpdater] INFO  pipeline.BackgroundPipelineCreator (BackgroundPipelineCreator.java:notifyStatusChanged(268)) - Service BackgroundPipelineCreator transitions to RUNNING.
2025-10-22 08:23:35,858 [865d5785-f699-439e-a1bb-b7d8c2e8d3c0@group-9946BCEAA3A0-StateMachineUpdater] INFO  safemode.SCMSafeModeManager (AbstractContainerSafeModeRule.java:initializeRule(83)) - Refreshed RATIS Containers threshold count to 0.
2025-10-22 08:23:35,859 [865d5785-f699-439e-a1bb-b7d8c2e8d3c0@group-9946BCEAA3A0-StateMachineUpdater] INFO  safemode.HealthyPipelineSafeModeRule (HealthyPipelineSafeModeRule.java:initializeRule(226)) - Refreshed total pipeline count is 0, healthy pipeline threshold count is 1
2025-10-22 08:23:35,859 [865d5785-f699-439e-a1bb-b7d8c2e8d3c0@group-9946BCEAA3A0-StateMachineUpdater] INFO  safemode.OneReplicaPipelineSafeModeRule (OneReplicaPipelineSafeModeRule.java:initializeRule(185)) - Refreshed Total pipeline count is 0, pipeline's with at least one datanode reported threshold count is 0
2025-10-22 08:23:35,859 [865d5785-f699-439e-a1bb-b7d8c2e8d3c0@group-9946BCEAA3A0-StateMachineUpdater] INFO  safemode.SCMSafeModeManager (AbstractContainerSafeModeRule.java:initializeRule(83)) - Refreshed EC Containers threshold count to 0.
2025-10-22 08:23:35,859 [865d5785-f699-439e-a1bb-b7d8c2e8d3c0@group-9946BCEAA3A0-StateMachineUpdater] INFO  server.SCMDatanodeProtocolServer (SCMDatanodeProtocolServer.java:start(195)) - ScmDatanodeProtocol RPC server for DataNodes is listening at /0.0.0.0:15002
2025-10-22 08:23:35,860 [IPC Server Responder] INFO  ipc.Server (Server.java:run(1713)) - IPC Server Responder: starting
2025-10-22 08:23:35,860 [IPC Server listener on 15002] INFO  ipc.Server (Server.java:run(1553)) - IPC Server listener on 15002: starting
2025-10-22 08:23:37,692 [ForkJoinPool-1-worker-1] INFO  om.OzoneManager (OzoneManager.java:<init>(687)) - OM start with adminUsers: [admin, runner]
2025-10-22 08:23:37,803 [ForkJoinPool-1-worker-1] INFO  utils.NativeLibraryLoader (NativeLibraryLoader.java:loadLibrary(120)) - Loading Library: ozone_rocksdb_tools
2025-10-22 08:23:38,078 [ForkJoinPool-1-worker-1] INFO  om.OzoneManager (OzoneManager.java:instantiateServices(931)) - S3 Multi-Tenancy is disabled
2025-10-22 08:23:38,098 [ForkJoinPool-1-worker-1] INFO  acl.OzoneAuthorizerFactory (OzoneAuthorizerFactory.java:create(69)) - om1: Authorizer for OM is class org.apache.hadoop.ozone.security.acl.OzoneAccessAuthorizer
2025-10-22 08:23:38,108 [ForkJoinPool-1-worker-1] INFO  om.OmSnapshotManager (OmSnapshotManager.java:<init>(202)) - Ozone filesystem snapshot feature is enabled.
2025-10-22 08:23:38,168 [ForkJoinPool-1-worker-1] INFO  utils.BackgroundService (BackgroundService.java:start(119)) - Starting service SnapshotDiffCleanupService with interval 60000 milliseconds
2025-10-22 08:23:38,213 [ForkJoinPool-1-worker-1] INFO  om.OzoneManager (OzoneManager.java:addS3GVolumeToDB(4723)) - Created Volume s3v With Owner runner required for S3Gateway operations.
2025-10-22 08:23:38,277 [ForkJoinPool-1-worker-1] WARN  dropwizard3.Dm3MetricRegistriesImpl (Dm3MetricRegistriesImpl.java:addReporterRegistration(114)) - New reporters are added after registries were created. Some metrics will be missing from the reporter. Please add reporter before adding any new registry.
2025-10-22 08:23:38,277 [ForkJoinPool-1-worker-1] WARN  dropwizard3.Dm3MetricRegistriesImpl (Dm3MetricRegistriesImpl.java:addReporterRegistration(114)) - New reporters are added after registries were created. Some metrics will be missing from the reporter. Please add reporter before adding any new registry.
2025-10-22 08:23:38,278 [ForkJoinPool-1-worker-1] INFO  server.RaftServerConfigKeys (ConfUtils.java:logGet(62)) - raft.server.log.appender.buffer.byte-limit = 4194304 (custom)
2025-10-22 08:23:38,281 [ForkJoinPool-1-worker-1] INFO  ratis.OzoneManagerRatisServer (OzoneManagerRatisServer.java:<init>(169)) - Instantiating OM Ratis server with groupID: omServiceIdDefault and peers: localhost:15009
2025-10-22 08:23:38,309 [ForkJoinPool-1-worker-1] INFO  audit.AuditLogger (AuditLogger.java:refreshDebugCmdSet(133)) - Refresh DebugCmdSet for OMSystemAudit to [].
2025-10-22 08:23:38,310 [ForkJoinPool-1-worker-1] INFO  ratis.OzoneManagerStateMachine (OzoneManagerStateMachine.java:loadSnapshotInfoFromDB(649)) - TransactionInfo not found in OM DB.
2025-10-22 08:23:38,351 [ForkJoinPool-1-worker-1] INFO  grpc.GrpcConfigKeys (ConfUtils.java:logFallback(69)) - raft.grpc.admin.host = null (fallback to raft.grpc.server.host)
2025-10-22 08:23:38,351 [ForkJoinPool-1-worker-1] INFO  grpc.GrpcConfigKeys (ConfUtils.java:logFallback(69)) - raft.grpc.admin.port = 15009 (fallback to raft.grpc.server.port)
2025-10-22 08:23:38,351 [ForkJoinPool-1-worker-1] INFO  grpc.GrpcConfigKeys (ConfUtils.java:logFallback(69)) - raft.grpc.client.host = null (fallback to raft.grpc.server.host)
2025-10-22 08:23:38,351 [ForkJoinPool-1-worker-1] INFO  grpc.GrpcConfigKeys (ConfUtils.java:logFallback(69)) - raft.grpc.client.port = 15009 (fallback to raft.grpc.server.port)
2025-10-22 08:23:38,352 [ForkJoinPool-1-worker-1] INFO  grpc.GrpcConfigKeys (ConfUtils.java:logGet(62)) - raft.grpc.server.port = 15009 (custom)
2025-10-22 08:23:38,352 [ForkJoinPool-1-worker-1] INFO  server.GrpcServicesImpl (ConfUtils.java:logGet(62)) - raft.grpc.message.size.max = 5242880 (custom)
2025-10-22 08:23:38,352 [ForkJoinPool-1-worker-1] INFO  server.RaftServerConfigKeys (ConfUtils.java:logGet(62)) - raft.server.rpc.request.timeout = 3000ms (default)
2025-10-22 08:23:38,352 [ForkJoinPool-1-worker-1] INFO  server.RaftServerConfigKeys (ConfUtils.java:logGet(62)) - raft.server.log.appender.buffer.byte-limit = 4194304 (custom)
2025-10-22 08:23:38,353 [ForkJoinPool-1-worker-1] INFO  server.RaftServerConfigKeys (ConfUtils.java:logGet(62)) - raft.server.storage.dir = [/home/runner/work/ozone/ozone/hadoop-ozone/integration-test/target/test-dir/MiniOzoneClusterImpl-a412b9f6-7d8b-4de3-a85c-9946bceaa3a0/om/ratis] (custom)
2025-10-22 08:23:38,354 [ForkJoinPool-1-worker-1] INFO  server.RaftServer (RaftServerProxy.java:addNew(105)) - om1: addNew group-C5BA1605619E:[om1|localhost:15009] returns group-C5BA1605619E:java.util.concurrent.CompletableFuture@f8c6283[Not completed]
2025-10-22 08:23:38,354 [om1-groupManagement] INFO  server.RaftServer$Division (RaftServerImpl.java:<init>(268)) - om1: new RaftServerImpl for group-C5BA1605619E:[om1|localhost:15009] with OzoneManagerStateMachine:uninitialized
2025-10-22 08:23:38,354 [ForkJoinPool-1-worker-1] INFO  om.OzoneManager (OzoneManager.java:initializeRatisServer(2342)) - OzoneManager Ratis server initialized at port 15009
2025-10-22 08:23:38,354 [om1-groupManagement] INFO  server.RaftServerConfigKeys (ConfUtils.java:logGet(62)) - raft.server.rpc.timeout.min = 1s (custom)
2025-10-22 08:23:38,358 [om1-groupManagement] INFO  server.RaftServerConfigKeys (ConfUtils.java:logGet(62)) - raft.server.rpc.timeout.max = 1200ms (custom)
2025-10-22 08:23:38,358 [om1-groupManagement] INFO  server.RaftServer$Division (ServerState.java:<init>(114)) - om1@group-C5BA1605619E: ConfigurationManager, init=conf: {index: -1, cur=peers:[om1|localhost:15009]|listeners:[], old=null}, confs=<EMPTY_MAP>
2025-10-22 08:23:38,358 [om1-groupManagement] INFO  server.RaftServerConfigKeys (ConfUtils.java:logGet(62)) - raft.server.notification.no-leader.timeout = 120s (custom)
2025-10-22 08:23:38,358 [om1-groupManagement] INFO  server.RaftServerConfigKeys (ConfUtils.java:logGet(62)) - raft.server.retrycache.expirytime = 300s (custom)
2025-10-22 08:23:38,359 [ForkJoinPool-1-worker-1] INFO  om.OzoneManager (OzoneManager.java:getRpcServer(1394)) - Creating RPC Server
2025-10-22 08:23:39,113 [ForkJoinPool-1-worker-1] INFO  reflections.Reflections (Reflections.java:scan(219)) - Reflections took 708 ms to scan 25 urls, producing 62 keys and 7994 values
2025-10-22 08:23:39,291 [ForkJoinPool-1-worker-1] INFO  ipc.CallQueueManager (CallQueueManager.java:<init>(93)) - Using callQueue: class java.util.concurrent.LinkedBlockingQueue, queueCapacity: 2000, scheduler: class org.apache.hadoop.ipc.DefaultRpcScheduler, ipcBackoff: false, ipcFailOver: false.
2025-10-22 08:23:39,292 [ForkJoinPool-1-worker-1] INFO  ipc.Server (Server.java:<init>(1438)) - Listener at 127.0.0.1:15006
2025-10-22 08:23:39,292 [Socket Reader #1 for port 15006] INFO  ipc.Server (Server.java:run(1474)) - Starting Socket Reader #1 for port 15006
2025-10-22 08:23:39,293 [Socket Reader #2 for port 15006] INFO  ipc.Server (Server.java:run(1474)) - Starting Socket Reader #2 for port 15006
2025-10-22 08:23:39,294 [Socket Reader #3 for port 15006] INFO  ipc.Server (Server.java:run(1474)) - Starting Socket Reader #3 for port 15006
2025-10-22 08:23:39,294 [Socket Reader #4 for port 15006] INFO  ipc.Server (Server.java:run(1474)) - Starting Socket Reader #4 for port 15006
2025-10-22 08:23:39,295 [Socket Reader #5 for port 15006] INFO  ipc.Server (Server.java:run(1474)) - Starting Socket Reader #5 for port 15006
2025-10-22 08:23:39,296 [Socket Reader #7 for port 15006] INFO  ipc.Server (Server.java:run(1474)) - Starting Socket Reader #7 for port 15006
2025-10-22 08:23:39,296 [Socket Reader #8 for port 15006] INFO  ipc.Server (Server.java:run(1474)) - Starting Socket Reader #8 for port 15006
2025-10-22 08:23:39,296 [Socket Reader #6 for port 15006] INFO  ipc.Server (Server.java:run(1474)) - Starting Socket Reader #6 for port 15006
2025-10-22 08:23:39,297 [Socket Reader #9 for port 15006] INFO  ipc.Server (Server.java:run(1474)) - Starting Socket Reader #9 for port 15006
2025-10-22 08:23:39,298 [Socket Reader #10 for port 15006] INFO  ipc.Server (Server.java:run(1474)) - Starting Socket Reader #10 for port 15006
2025-10-22 08:23:39,338 [ForkJoinPool-1-worker-1] INFO  om.OzoneManager (OzoneManager.java:start(1826)) - OzoneManager RPC server is listening at localhost/127.0.0.1:15006
2025-10-22 08:23:39,339 [ForkJoinPool-1-worker-1] INFO  ratis.OzoneManagerRatisServer (OzoneManagerRatisServer.java:start(673)) - Starting OzoneManagerRatisServer om1 at port 15009
2025-10-22 08:23:39,340 [om1-impl-thread1] INFO  storage.RaftStorageDirectory (RaftStorageDirectoryImpl.java:analyzeStorage(138)) - The storage directory /home/runner/work/ozone/ozone/hadoop-ozone/integration-test/target/test-dir/MiniOzoneClusterImpl-a412b9f6-7d8b-4de3-a85c-9946bceaa3a0/om/ratis/bf265839-605b-3f16-9796-c5ba1605619e does not exist. Creating ...
2025-10-22 08:23:39,341 [om1-impl-thread1] INFO  storage.RaftStorageDirectory (RaftStorageDirectoryImpl.java:tryLock(229)) - Lock on /home/runner/work/ozone/ozone/hadoop-ozone/integration-test/target/test-dir/MiniOzoneClusterImpl-a412b9f6-7d8b-4de3-a85c-9946bceaa3a0/om/ratis/bf265839-605b-3f16-9796-c5ba1605619e/in_use.lock acquired by nodename 57193@localhost
2025-10-22 08:23:39,342 [om1-impl-thread1] INFO  storage.RaftStorage (RaftStorageImpl.java:format(98)) - Storage directory /home/runner/work/ozone/ozone/hadoop-ozone/integration-test/target/test-dir/MiniOzoneClusterImpl-a412b9f6-7d8b-4de3-a85c-9946bceaa3a0/om/ratis/bf265839-605b-3f16-9796-c5ba1605619e has been successfully formatted.
2025-10-22 08:23:39,342 [om1-impl-thread1] INFO  ratis.OzoneManagerStateMachine (OzoneManagerStateMachine.java:lambda$0(147)) - om1: initialize group-C5BA1605619E with <INITIAL_VALUE>
2025-10-22 08:23:39,343 [om1-impl-thread1] INFO  server.RaftServerConfigKeys (ConfUtils.java:logGet(62)) - raft.server.log.appender.buffer.byte-limit = 4194304 (custom)
2025-10-22 08:23:39,346 [om1-impl-thread1] INFO  server.RaftServerConfigKeys (ConfUtils.java:logGet(62)) - raft.server.log.segment.size.max = 67108864 (custom)
2025-10-22 08:23:39,346 [om1-impl-thread1] INFO  server.RaftServerConfigKeys (ConfUtils.java:logGet(62)) - raft.server.log.appender.buffer.byte-limit = 4194304 (custom)
2025-10-22 08:23:39,347 [om1-impl-thread1] INFO  util.AwaitToRun (AwaitToRun.java:start(81)) - Thread[#469,om1@group-C5BA1605619E-cacheEviction-AwaitToRun,5,main] started
2025-10-22 08:23:39,348 [om1-impl-thread1] INFO  segmented.SegmentedRaftLogWorker (SegmentedRaftLogWorker.java:<init>(190)) - new om1@group-C5BA1605619E-SegmentedRaftLogWorker for RaftStorageImpl:Storage Directory /home/runner/work/ozone/ozone/hadoop-ozone/integration-test/target/test-dir/MiniOzoneClusterImpl-a412b9f6-7d8b-4de3-a85c-9946bceaa3a0/om/ratis/bf265839-605b-3f16-9796-c5ba1605619e
2025-10-22 08:23:39,348 [om1-impl-thread1] INFO  server.RaftServerConfigKeys (ConfUtils.java:logGet(62)) - raft.server.log.segment.size.max = 67108864 (custom)
2025-10-22 08:23:39,349 [om1-impl-thread1] INFO  server.RaftServerConfigKeys (ConfUtils.java:logGet(62)) - raft.server.log.preallocated.size = 4194304 (custom)
2025-10-22 08:23:39,349 [om1-impl-thread1] INFO  server.RaftServerConfigKeys (ConfUtils.java:logGet(62)) - raft.server.log.write.buffer.size = 4194312 (custom)
2025-10-22 08:23:39,350 [om1-impl-thread1] INFO  server.RaftServerConfigKeys (ConfUtils.java:logGet(62)) - raft.server.log.appender.buffer.byte-limit = 4194304 (custom)
2025-10-22 08:23:39,350 [om1-impl-thread1] INFO  segmented.SegmentedRaftLogWorker (SegmentedRaftLogWorker.java:lambda$new$0(141)) - om1@group-C5BA1605619E-SegmentedRaftLogWorker: flushIndex: setUnconditionally 0 -> -1
2025-10-22 08:23:39,351 [om1-impl-thread1] INFO  segmented.SegmentedRaftLogWorker (SegmentedRaftLogWorker.java:lambda$new$0(141)) - om1@group-C5BA1605619E-SegmentedRaftLogWorker: safeCacheEvictIndex: setUnconditionally 0 -> -1
2025-10-22 08:23:39,351 [om1-impl-thread1] INFO  server.RaftServer$Division (RaftServerImpl.java:start(405)) - om1@group-C5BA1605619E: start as a follower, conf=conf: {index: -1, cur=peers:[om1|localhost:15009]|listeners:[], old=null}
2025-10-22 08:23:39,351 [om1-impl-thread1] INFO  server.RaftServer$Division (RaftServerImpl.java:setRole(392)) - om1@group-C5BA1605619E: changes role from      null to FOLLOWER at term 0 for startAsFollower
2025-10-22 08:23:39,351 [om1-impl-thread1] INFO  impl.RoleInfo (RoleInfo.java:updateAndGet(148)) - om1: start om1@group-C5BA1605619E-FollowerState
2025-10-22 08:23:39,352 [om1-impl-thread1] INFO  util.JmxRegister (JmxRegister.java:tryRegister(44)) - Successfully registered JMX Bean with object name Ratis:service=RaftServer,group=group-C5BA1605619E,id=om1
2025-10-22 08:23:39,352 [om1-impl-thread1] INFO  util.JmxRegister (JmxRegister.java:register(58)) - register mxBean class org.apache.ratis.server.impl.RaftServerJmxAdapter as Ratis:service=RaftServer,group=group-C5BA1605619E,id=om1
2025-10-22 08:23:39,352 [om1-impl-thread1] INFO  server.RaftServerConfigKeys (ConfUtils.java:logGet(62)) - raft.server.snapshot.auto.trigger.threshold = 400000 (default)
2025-10-22 08:23:39,352 [om1-impl-thread1] INFO  server.RaftServerConfigKeys (ConfUtils.java:logGet(62)) - raft.server.log.purge.upto.snapshot.index = true (custom)
2025-10-22 08:23:39,352 [om1@group-C5BA1605619E-FollowerState] INFO  server.RaftServerConfigKeys (ConfUtils.java:logFallback(69)) - raft.server.rpc.first-election.timeout.min = 1s (fallback to raft.server.rpc.timeout.min)
2025-10-22 08:23:39,353 [om1@group-C5BA1605619E-FollowerState] INFO  server.RaftServerConfigKeys (ConfUtils.java:logFallback(69)) - raft.server.rpc.first-election.timeout.max = 1200ms (fallback to raft.server.rpc.timeout.max)
2025-10-22 08:23:39,353 [om1-impl-thread1] INFO  server.RaftServer$Division (RaftServerImpl.java:start(419)) - om1@group-C5BA1605619E: Successfully started.
2025-10-22 08:23:39,353 [ForkJoinPool-1-worker-1] INFO  server.RaftServer (RaftServerProxy.java:startImpl(412)) - om1: start RPC server
2025-10-22 08:23:39,354 [ForkJoinPool-1-worker-1] INFO  server.GrpcServicesImpl (GrpcServicesImpl.java:startImpl(346)) - om1: GrpcServicesImpl started, listening on 15009
2025-10-22 08:23:39,354 [JvmPauseMonitor2] INFO  util.JvmPauseMonitor (JvmPauseMonitor.java:run(146)) - JvmPauseMonitor-om1: Started
2025-10-22 08:23:39,355 [ForkJoinPool-1-worker-1] INFO  om.OzoneManager (OzoneManager.java:start(1841)) - Version File has different layout version (8) than OM DB (null). That is expected if this OM has never been finalized to a newer layout version.
2025-10-22 08:23:39,369 [ForkJoinPool-1-worker-1] INFO  client.ScmTopologyClient (ScmTopologyClient.java:start(70)) - Initial network topology fetched from SCM: /.
2025-10-22 08:23:39,369 [ForkJoinPool-1-worker-1] INFO  net.NodeSchemaLoader (NodeSchemaLoader.java:loadSchemaFromFile(128)) - Loading schema from [jar:file:/home/runner/work/ozone/ozone/hadoop-hdds/common/target/hdds-common-2.1.0-SNAPSHOT.jar!/network-topology-default.xml]
2025-10-22 08:23:39,369 [ForkJoinPool-1-worker-1] INFO  net.NodeSchemaLoader (NodeSchemaLoader.java:loadSchema(175)) - Loading network topology layer schema file
2025-10-22 08:23:39,376 [ForkJoinPool-1-worker-1] INFO  utils.BackgroundService (BackgroundService.java:start(119)) - Starting service KeyDeletingService with interval 60000 milliseconds
2025-10-22 08:23:39,380 [ForkJoinPool-1-worker-1] INFO  utils.BackgroundService (BackgroundService.java:start(119)) - Starting service DirectoryDeletingService with interval 120000 milliseconds
2025-10-22 08:23:39,381 [ForkJoinPool-1-worker-1] INFO  utils.BackgroundService (BackgroundService.java:start(119)) - Starting service OpenKeyCleanupService with interval 86400000 milliseconds
2025-10-22 08:23:39,382 [ForkJoinPool-1-worker-1] INFO  utils.BackgroundService (BackgroundService.java:start(119)) - Starting service SstFilteringService with interval 60000 milliseconds
2025-10-22 08:23:39,382 [ForkJoinPool-1-worker-1] INFO  om.KeyManagerImpl (KeyManagerImpl.java:startSnapshotDefragService(426)) - SnapshotDefragService is disabled. Snapshot defragmentation will not run periodically.
2025-10-22 08:23:39,384 [ForkJoinPool-1-worker-1] INFO  utils.BackgroundService (BackgroundService.java:start(119)) - Starting service SnapshotDeletingService with interval 30000 milliseconds
2025-10-22 08:23:39,385 [ForkJoinPool-1-worker-1] INFO  utils.BackgroundService (BackgroundService.java:start(119)) - Starting service MultipartUploadCleanupService with interval 86400000 milliseconds
2025-10-22 08:23:39,386 [ForkJoinPool-1-worker-1] INFO  http.BaseHttpServer (BaseHttpServer.java:newHttpServer2BuilderForOzone(227)) - Starting Web-server for ozoneManager at: http://0.0.0.0:15007
2025-10-22 08:23:39,387 [ForkJoinPool-1-worker-1] INFO  http.BaseHttpServer (BaseHttpServer.java:<init>(105)) - Hadoop Security Enabled: false Ozone Security Enabled: false Ozone HTTP Security Enabled: false 
2025-10-22 08:23:39,388 [ForkJoinPool-1-worker-1] WARN  server.AuthenticationFilter (AuthenticationFilter.java:constructSecretProvider(240)) - Unable to initialize FileSignerSecretProvider, falling back to use random secrets. Reason: Could not read signature secret file: /home/runner/hadoop-http-auth-signature-secret
2025-10-22 08:23:39,391 [ForkJoinPool-1-worker-1] INFO  http.HttpServer2 (HttpServer2.java:addGlobalFilter(1040)) - Added global filter 'safety' (class=org.apache.hadoop.hdds.server.http.HttpServer2$QuotingInputFilter)
2025-10-22 08:23:39,393 [ForkJoinPool-1-worker-1] INFO  http.HttpServer2 (HttpServer2.java:addFilter(1016)) - Added filter static_user_filter (class=org.apache.hadoop.http.lib.StaticUserWebFilter$StaticUserFilter) to context ozoneManager
2025-10-22 08:23:39,393 [ForkJoinPool-1-worker-1] INFO  http.HttpServer2 (HttpServer2.java:addFilter(1024)) - Added filter static_user_filter (class=org.apache.hadoop.http.lib.StaticUserWebFilter$StaticUserFilter) to context logs
2025-10-22 08:23:39,393 [ForkJoinPool-1-worker-1] INFO  http.HttpServer2 (HttpServer2.java:addFilter(1024)) - Added filter static_user_filter (class=org.apache.hadoop.http.lib.StaticUserWebFilter$StaticUserFilter) to context static
2025-10-22 08:23:39,394 [ForkJoinPool-1-worker-1] INFO  http.BaseHttpServer (BaseHttpServer.java:<init>(193)) - HTTP server of ozoneManager uses base directory /home/runner/work/ozone/ozone/hadoop-ozone/integration-test/target/test-dir/MiniOzoneClusterImpl-a412b9f6-7d8b-4de3-a85c-9946bceaa3a0/scm/ozone-metadata/webserver
2025-10-22 08:23:39,398 [ForkJoinPool-1-worker-1] INFO  http.HttpServer2 (HttpServer2.java:bindListener(1240)) - Jetty bound to port 15007
2025-10-22 08:23:39,398 [ForkJoinPool-1-worker-1] INFO  server.Server (Server.java:doStart(375)) - jetty-9.4.58.v20250814; built: 2025-08-14T02:28:49.637Z; git: 8f1440587e9e4ae7db3d74cf205643f3d707148d; jvm 21.0.8+9-LTS
2025-10-22 08:23:39,400 [ForkJoinPool-1-worker-1] INFO  server.session (DefaultSessionIdManager.java:doStart(334)) - DefaultSessionIdManager workerName=node0
2025-10-22 08:23:39,400 [ForkJoinPool-1-worker-1] INFO  server.session (DefaultSessionIdManager.java:doStart(339)) - No SessionScavenger set, using defaults
2025-10-22 08:23:39,400 [ForkJoinPool-1-worker-1] INFO  server.session (HouseKeeper.java:startScavenging(132)) - node0 Scavenging every 660000ms
2025-10-22 08:23:39,401 [ForkJoinPool-1-worker-1] INFO  handler.ContextHandler (ContextHandler.java:doStart(921)) - Started o.e.j.s.ServletContextHandler@106fb62f{logs,/logs,file:///home/runner/work/ozone/ozone/hadoop-ozone/integration-test/target/log,AVAILABLE}
2025-10-22 08:23:39,402 [ForkJoinPool-1-worker-1] INFO  handler.ContextHandler (ContextHandler.java:doStart(921)) - Started o.e.j.s.ServletContextHandler@1da80903{static,/static,file:///home/runner/work/ozone/ozone/hadoop-ozone/integration-test/target/test-classes/webapps/static,AVAILABLE}
2025-10-22 08:23:39,410 [ForkJoinPool-1-worker-1] INFO  handler.ContextHandler (ContextHandler.java:doStart(921)) - Started o.e.j.w.WebAppContext@181362{ozoneManager,/,file:///home/runner/work/ozone/ozone/hadoop-ozone/integration-test/target/test-classes/webapps/ozoneManager/,AVAILABLE}{file:/home/runner/work/ozone/ozone/hadoop-ozone/integration-test/target/test-classes/webapps/ozoneManager}
2025-10-22 08:23:39,411 [ForkJoinPool-1-worker-1] INFO  server.AbstractConnector (AbstractConnector.java:doStart(333)) - Started ServerConnector@2af69bb8{HTTP/1.1, (http/1.1)}{0.0.0.0:15007}
2025-10-22 08:23:39,411 [ForkJoinPool-1-worker-1] INFO  server.Server (Server.java:doStart(415)) - Started @11008ms
2025-10-22 08:23:39,411 [ForkJoinPool-1-worker-1] WARN  impl.MetricsSystemImpl (MetricsSystemImpl.java:register(279)) - Sink prometheus already exists!
2025-10-22 08:23:39,412 [ForkJoinPool-1-worker-1] INFO  http.BaseHttpServer (BaseHttpServer.java:updateConnectorAddress(357)) - HTTP server of ozoneManager listening at http://localhost:15007
2025-10-22 08:23:39,412 [IPC Server Responder] INFO  ipc.Server (Server.java:run(1713)) - IPC Server Responder: starting
2025-10-22 08:23:39,412 [IPC Server listener on 15006] INFO  ipc.Server (Server.java:run(1553)) - IPC Server listener on 15006: starting
2025-10-22 08:23:39,415 [ForkJoinPool-1-worker-1] INFO  om.OzoneManager (OzoneManager.java:startTrashEmptier(2296)) - Trash Interval set to 0. Files deleted won't move to trash
2025-10-22 08:23:39,436 [ForkJoinPool-1-worker-1] INFO  db.CodecBuffer (CodecBuffer.java:set(85)) - Successfully set constructor to LeakDetector::newCodecBuffer: org.apache.hadoop.hdds.utils.db.CodecBuffer$$Lambda/0x00007f2d4880e1c8@20ff6ff4
2025-10-22 08:23:39,538 [ForkJoinPool-1-worker-1] WARN  dropwizard3.Dm3MetricRegistriesImpl (Dm3MetricRegistriesImpl.java:addReporterRegistration(114)) - New reporters are added after registries were created. Some metrics will be missing from the reporter. Please add reporter before adding any new registry.
2025-10-22 08:23:39,538 [ForkJoinPool-1-worker-1] WARN  dropwizard3.Dm3MetricRegistriesImpl (Dm3MetricRegistriesImpl.java:addReporterRegistration(114)) - New reporters are added after registries were created. Some metrics will be missing from the reporter. Please add reporter before adding any new registry.
2025-10-22 08:23:39,561 [ForkJoinPool-1-worker-1] INFO  protocol.DatanodeDetails (DatanodeDetails.java:validateDatanodeIpAddress(199)) - Updating IP address of datanode 1c036820-4dbe-4abe-80fb-5ca88de5e2f0(localhost/null) to 127.0.0.1
2025-10-22 08:23:39,562 [ForkJoinPool-1-worker-1] INFO  ozone.HddsDatanodeService (HddsDatanodeService.java:start(236)) - HddsDatanodeService 1c036820-4dbe-4abe-80fb-5ca88de5e2f0(localhost/127.0.0.1)
2025-10-22 08:23:39,567 [ForkJoinPool-1-worker-1] INFO  upgrade.AbstractLayoutVersionManager (AbstractLayoutVersionManager.java:init(80)) - Initializing Layout version manager with metadata layout = WITNESSED_CONTAINER_DB_PROTO_VALUE (version = 9), software layout = WITNESSED_CONTAINER_DB_PROTO_VALUE (version = 9)
2025-10-22 08:23:39,568 [ForkJoinPool-1-worker-1] INFO  statemachine.DatanodeStateMachine (DatanodeStateMachine.java:getEndPointTaskThreadPoolSize(321)) - Datanode State Machine Task Thread Pool size 2
2025-10-22 08:23:39,615 [ForkJoinPool-1-worker-1] INFO  volume.HddsVolume (HddsVolume.java:<init>(162)) - HddsVolume: { id=DS-cd7a4d59-e9ca-4bb6-8193-7d5a3b44701b dir=/home/runner/work/ozone/ozone/hadoop-ozone/integration-test/target/test-dir/MiniOzoneClusterImpl-a412b9f6-7d8b-4de3-a85c-9946bceaa3a0/ozone-metadata/datanode-1/data-0/hdds type=DISK capacity=9222449699674390527 used=0 available=9222449699674390527 minFree=184448985434423296 committed=0 }
2025-10-22 08:23:39,616 [ForkJoinPool-1-worker-1] INFO  volume.MutableVolumeSet (MutableVolumeSet.java:initializeVolumeSet(175)) - Added Volume : /home/runner/work/ozone/ozone/hadoop-ozone/integration-test/target/test-dir/MiniOzoneClusterImpl-a412b9f6-7d8b-4de3-a85c-9946bceaa3a0/ozone-metadata/datanode-1/data-0/hdds to VolumeSet
2025-10-22 08:23:39,620 [ForkJoinPool-1-worker-1] INFO  volume.MutableVolumeSet (MutableVolumeSet.java:initializeVolumeSet(175)) - Added Volume : /home/runner/work/ozone/ozone/hadoop-ozone/integration-test/target/test-dir/MiniOzoneClusterImpl-a412b9f6-7d8b-4de3-a85c-9946bceaa3a0/ozone-metadata/datanode-1/ratis to VolumeSet
2025-10-22 08:23:39,624 [ForkJoinPool-1-worker-1] INFO  ozoneimpl.OzoneContainer (HddsVolumeUtil.java:loadAllHddsVolumeDbStore(102)) - Load 1 volumes DbStore cost: 1ms
2025-10-22 08:23:39,629 [ForkJoinPool-1-worker-1] WARN  db.DBStoreBuilder (DBStoreBuilder.java:getDBDirPath(157)) - ozone.scm.datanode.id.dir is not configured. We recommend adding this setting. Falling back to ozone.metadata.dirs instead.
2025-10-22 08:23:39,634 [ForkJoinPool-1-worker-1] WARN  db.DBStoreBuilder (DBStoreBuilder.java:getDBDirPath(157)) - ozone.scm.datanode.id.dir is not configured. We recommend adding this setting. Falling back to ozone.metadata.dirs instead.
2025-10-22 08:23:39,675 [ForkJoinPool-1-worker-1] INFO  impl.FilePerChunkStrategy (FilePerChunkStrategy.java:<init>(79)) - ozone.chunk.read.mapped.buffer.max.count is load with 0
2025-10-22 08:23:39,677 [ForkJoinPool-1-worker-1] INFO  impl.FilePerBlockStrategy (FilePerBlockStrategy.java:<init>(88)) - ozone.chunk.read.mapped.buffer.max.count is load with 0
2025-10-22 08:23:39,712 [ForkJoinPool-1-worker-1] INFO  audit.AuditLogger (AuditLogger.java:refreshDebugCmdSet(133)) - Refresh DebugCmdSet for DNAudit to [].
2025-10-22 08:23:39,726 [ForkJoinPool-1-worker-1] INFO  server.RaftServerConfigKeys (ConfUtils.java:logGet(62)) - raft.server.log.appender.buffer.byte-limit = 33554432 (custom)
2025-10-22 08:23:39,737 [ForkJoinPool-1-worker-1] INFO  grpc.GrpcConfigKeys (ConfUtils.java:logFallback(69)) - raft.grpc.admin.host = null (fallback to raft.grpc.server.host)
2025-10-22 08:23:39,738 [ForkJoinPool-1-worker-1] INFO  grpc.GrpcConfigKeys (ConfUtils.java:logGet(62)) - raft.grpc.admin.port = 15014 (custom)
2025-10-22 08:23:39,738 [ForkJoinPool-1-worker-1] INFO  grpc.GrpcConfigKeys (ConfUtils.java:logFallback(69)) - raft.grpc.client.host = null (fallback to raft.grpc.server.host)
2025-10-22 08:23:39,738 [ForkJoinPool-1-worker-1] INFO  grpc.GrpcConfigKeys (ConfUtils.java:logGet(62)) - raft.grpc.client.port = 15013 (custom)
2025-10-22 08:23:39,738 [ForkJoinPool-1-worker-1] INFO  grpc.GrpcConfigKeys (ConfUtils.java:logGet(62)) - raft.grpc.server.port = 15015 (custom)
2025-10-22 08:23:39,738 [ForkJoinPool-1-worker-1] INFO  server.GrpcServicesImpl (ConfUtils.java:logGet(62)) - raft.grpc.message.size.max = 34603008 (custom)
2025-10-22 08:23:39,739 [ForkJoinPool-1-worker-1] INFO  server.GrpcServicesImpl (ConfUtils.java:logGet(62)) - raft.grpc.flow.control.window = 5MB (=5242880) (custom)
2025-10-22 08:23:39,739 [ForkJoinPool-1-worker-1] INFO  server.RaftServerConfigKeys (ConfUtils.java:logGet(62)) - raft.server.log.appender.buffer.byte-limit = 33554432 (custom)
2025-10-22 08:23:39,741 [ForkJoinPool-1-worker-1] INFO  impl.DataStreamServerImpl (ConfUtils.java:logGet(62)) - raft.datastream.type = NETTY (custom)
2025-10-22 08:23:39,751 [ForkJoinPool-1-worker-1] INFO  server.RaftServerConfigKeys (ConfUtils.java:logGet(62)) - raft.server.data-stream.async.request.thread.pool.cached = false (default)
2025-10-22 08:23:39,751 [ForkJoinPool-1-worker-1] INFO  server.RaftServerConfigKeys (ConfUtils.java:logGet(62)) - raft.server.data-stream.async.request.thread.pool.size = 20 (custom)
2025-10-22 08:23:39,751 [ForkJoinPool-1-worker-1] INFO  server.RaftServerConfigKeys (ConfUtils.java:logGet(62)) - raft.server.data-stream.async.write.thread.pool.size = 16 (default)
2025-10-22 08:23:39,753 [ForkJoinPool-1-worker-1] INFO  netty.NettyConfigKeys$DataStream (ConfUtils.java:logGet(62)) - raft.netty.dataStream.server.channel.inactive.grace-period = 10min (default)
2025-10-22 08:23:39,754 [ForkJoinPool-1-worker-1] INFO  server.RaftServerConfigKeys (ConfUtils.java:logGet(62)) - raft.server.data-stream.client.pool.size = 10 (default)
2025-10-22 08:23:39,755 [ForkJoinPool-1-worker-1] INFO  netty.NettyConfigKeys$DataStream (ConfUtils.java:logGet(62)) - raft.netty.dataStream.server.use-epoll = true (default)
2025-10-22 08:23:39,755 [ForkJoinPool-1-worker-1] INFO  netty.NettyConfigKeys$DataStream (ConfUtils.java:logGet(62)) - raft.netty.dataStream.server.boss-group.size = 0 (default)
2025-10-22 08:23:39,756 [ForkJoinPool-1-worker-1] INFO  netty.NettyUtils (NettyUtils.java:newEventLoopGroup(74)) - Create EpollEventLoopGroup for 1c036820-4dbe-4abe-80fb-5ca88de5e2f0-NettyServerStreamRpc-bossGroup; Thread size is 0.
2025-10-22 08:23:39,757 [ForkJoinPool-1-worker-1] INFO  netty.NettyConfigKeys$DataStream (ConfUtils.java:logGet(62)) - raft.netty.dataStream.server.worker-group.size = 0 (default)
2025-10-22 08:23:39,757 [ForkJoinPool-1-worker-1] INFO  netty.NettyUtils (NettyUtils.java:newEventLoopGroup(74)) - Create EpollEventLoopGroup for 1c036820-4dbe-4abe-80fb-5ca88de5e2f0-NettyServerStreamRpc-workerGroup; Thread size is 0.
2025-10-22 08:23:39,759 [ForkJoinPool-1-worker-1] INFO  netty.NettyConfigKeys$DataStream (ConfUtils.java:logGet(62)) - raft.netty.dataStream.port = 15016 (custom)
2025-10-22 08:23:39,763 [ForkJoinPool-1-worker-1] INFO  server.RaftServerConfigKeys (ConfUtils.java:logGet(62)) - raft.server.storage.dir = [/home/runner/work/ozone/ozone/hadoop-ozone/integration-test/target/test-dir/MiniOzoneClusterImpl-a412b9f6-7d8b-4de3-a85c-9946bceaa3a0/ozone-metadata/datanode-1/ratis] (custom)
2025-10-22 08:23:39,764 [1c036820-4dbe-4abe-80fb-5ca88de5e2f0-impl-thread1] INFO  server.RaftServer (RaftServerProxy.java:initGroupDir(270)) - 1c036820-4dbe-4abe-80fb-5ca88de5e2f0: found a subdirectory /home/runner/work/ozone/ozone/hadoop-ozone/integration-test/target/test-dir/MiniOzoneClusterImpl-a412b9f6-7d8b-4de3-a85c-9946bceaa3a0/ozone-metadata/datanode-1/ratis/tmp
2025-10-22 08:23:39,765 [1c036820-4dbe-4abe-80fb-5ca88de5e2f0-impl-thread1] INFO  server.RaftServer (RaftServerProxy.java:initGroupDir(275)) - 1c036820-4dbe-4abe-80fb-5ca88de5e2f0: The directory /home/runner/work/ozone/ozone/hadoop-ozone/integration-test/target/test-dir/MiniOzoneClusterImpl-a412b9f6-7d8b-4de3-a85c-9946bceaa3a0/ozone-metadata/datanode-1/ratis/tmp is not a group directory; ignoring it. 
2025-10-22 08:23:39,767 [ForkJoinPool-1-worker-1] INFO  replication.ReplicationServer (ReplicationServer.java:<init>(84)) - Initializing replication server with thread count = 10 queue length = 4096
2025-10-22 08:23:39,774 [1c036820-4dbe-4abe-80fb-5ca88de5e2f0-NettyServerStreamRpc-bossGroup--thread1] INFO  logging.LoggingHandler (AbstractInternalLogger.java:log(148)) - [id: 0xf861fbe1] REGISTERED
2025-10-22 08:23:39,774 [1c036820-4dbe-4abe-80fb-5ca88de5e2f0-NettyServerStreamRpc-bossGroup--thread1] INFO  logging.LoggingHandler (AbstractInternalLogger.java:log(148)) - [id: 0xf861fbe1] BIND: 0.0.0.0/0.0.0.0:15016
2025-10-22 08:23:39,775 [1c036820-4dbe-4abe-80fb-5ca88de5e2f0-NettyServerStreamRpc-bossGroup--thread1] INFO  logging.LoggingHandler (AbstractInternalLogger.java:log(148)) - [id: 0xf861fbe1, L:/0.0.0.0:15016] ACTIVE
2025-10-22 08:23:39,790 [ForkJoinPool-1-worker-1] INFO  server.XceiverServerGrpc (XceiverServerGrpc.java:<init>(129)) - GrpcServer channel type EpollServerSocketChannel
2025-10-22 08:23:39,814 [ForkJoinPool-1-worker-1] INFO  lib.Interns (Interns.java:removeEldestEntry(50)) - Metrics intern cache overflow at 2011 for MetricsSystem={MetricsSystem=MetricsInfoImpl{name=MetricsSystem, description=MetricsSystem}, MetricsSystem record=MetricsInfoImpl{name=MetricsSystem, description=MetricsSystem record}}
2025-10-22 08:23:39,819 [ForkJoinPool-1-worker-1] INFO  replication.ReplicationSupervisor (ReplicationSupervisor.java:build(169)) - Initializing replication supervisor with thread count = 10
2025-10-22 08:23:39,820 [ForkJoinPool-1-worker-1] INFO  replication.ReplicationSupervisor (ReplicationSupervisor.java:nodeStateUpdated(358)) - Node state updated to IN_SERVICE, scaling executor pool size to 10
2025-10-22 08:23:39,861 [ForkJoinPool-1-worker-1] INFO  http.BaseHttpServer (BaseHttpServer.java:newHttpServer2BuilderForOzone(227)) - Starting Web-server for hddsDatanode at: http://0.0.0.0:15010
2025-10-22 08:23:39,861 [ForkJoinPool-1-worker-1] INFO  http.BaseHttpServer (BaseHttpServer.java:<init>(105)) - Hadoop Security Enabled: false Ozone Security Enabled: false Ozone HTTP Security Enabled: false 
2025-10-22 08:23:39,863 [ForkJoinPool-1-worker-1] WARN  server.AuthenticationFilter (AuthenticationFilter.java:constructSecretProvider(240)) - Unable to initialize FileSignerSecretProvider, falling back to use random secrets. Reason: Could not read signature secret file: /home/runner/hadoop-http-auth-signature-secret
2025-10-22 08:23:39,866 [ForkJoinPool-1-worker-1] INFO  http.HttpServer2 (HttpServer2.java:addGlobalFilter(1040)) - Added global filter 'safety' (class=org.apache.hadoop.hdds.server.http.HttpServer2$QuotingInputFilter)
2025-10-22 08:23:39,868 [ForkJoinPool-1-worker-1] INFO  http.HttpServer2 (HttpServer2.java:addFilter(1016)) - Added filter static_user_filter (class=org.apache.hadoop.http.lib.StaticUserWebFilter$StaticUserFilter) to context hddsDatanode
2025-10-22 08:23:39,868 [ForkJoinPool-1-worker-1] INFO  http.HttpServer2 (HttpServer2.java:addFilter(1024)) - Added filter static_user_filter (class=org.apache.hadoop.http.lib.StaticUserWebFilter$StaticUserFilter) to context static
2025-10-22 08:23:39,869 [ForkJoinPool-1-worker-1] INFO  http.HttpServer2 (HttpServer2.java:addFilter(1024)) - Added filter static_user_filter (class=org.apache.hadoop.http.lib.StaticUserWebFilter$StaticUserFilter) to context logs
2025-10-22 08:23:39,870 [ForkJoinPool-1-worker-1] INFO  http.BaseHttpServer (BaseHttpServer.java:<init>(193)) - HTTP server of hddsDatanode uses base directory /home/runner/work/ozone/ozone/hadoop-ozone/integration-test/target/test-dir/MiniOzoneClusterImpl-a412b9f6-7d8b-4de3-a85c-9946bceaa3a0/scm/ozone-metadata/webserver
2025-10-22 08:23:39,870 [ForkJoinPool-1-worker-1] INFO  http.HttpServer2 (HttpServer2.java:bindListener(1240)) - Jetty bound to port 15010
2025-10-22 08:23:39,871 [ForkJoinPool-1-worker-1] INFO  server.Server (Server.java:doStart(375)) - jetty-9.4.58.v20250814; built: 2025-08-14T02:28:49.637Z; git: 8f1440587e9e4ae7db3d74cf205643f3d707148d; jvm 21.0.8+9-LTS
2025-10-22 08:23:39,873 [ForkJoinPool-1-worker-1] INFO  server.session (DefaultSessionIdManager.java:doStart(334)) - DefaultSessionIdManager workerName=node0
2025-10-22 08:23:39,873 [ForkJoinPool-1-worker-1] INFO  server.session (DefaultSessionIdManager.java:doStart(339)) - No SessionScavenger set, using defaults
2025-10-22 08:23:39,873 [ForkJoinPool-1-worker-1] INFO  server.session (HouseKeeper.java:startScavenging(132)) - node0 Scavenging every 600000ms
2025-10-22 08:23:39,874 [ForkJoinPool-1-worker-1] INFO  handler.ContextHandler (ContextHandler.java:doStart(921)) - Started o.e.j.s.ServletContextHandler@3090e77a{logs,/logs,file:///home/runner/work/ozone/ozone/hadoop-ozone/integration-test/target/log,AVAILABLE}
2025-10-22 08:23:39,875 [ForkJoinPool-1-worker-1] INFO  handler.ContextHandler (ContextHandler.java:doStart(921)) - Started o.e.j.s.ServletContextHandler@3dc49d1d{static,/static,jar:file:/home/runner/work/ozone/ozone/hadoop-hdds/container-service/target/hdds-container-service-2.1.0-SNAPSHOT.jar!/webapps/static,AVAILABLE}
2025-10-22 08:23:40,057 [ForkJoinPool-1-worker-1] INFO  handler.ContextHandler (ContextHandler.java:doStart(921)) - Started o.e.j.w.WebAppContext@5c316715{hddsDatanode,/,file:///home/runner/work/ozone/ozone/hadoop-ozone/integration-test/target/test-dir/MiniOzoneClusterImpl-a412b9f6-7d8b-4de3-a85c-9946bceaa3a0/scm/ozone-metadata/webserver/jetty-0_0_0_0-15010-hdds-container-service-2_1_0-SNAPSHOT_jar-_-any-8396793209839246945/webapp/,AVAILABLE}{jar:file:/home/runner/work/ozone/ozone/hadoop-hdds/container-service/target/hdds-container-service-2.1.0-SNAPSHOT.jar!/webapps/hddsDatanode}
2025-10-22 08:23:40,058 [ForkJoinPool-1-worker-1] INFO  server.AbstractConnector (AbstractConnector.java:doStart(333)) - Started ServerConnector@6dbbaffb{HTTP/1.1, (http/1.1)}{0.0.0.0:15010}
2025-10-22 08:23:40,059 [ForkJoinPool-1-worker-1] INFO  server.Server (Server.java:doStart(415)) - Started @11655ms
2025-10-22 08:23:40,059 [ForkJoinPool-1-worker-1] WARN  impl.MetricsSystemImpl (MetricsSystemImpl.java:register(279)) - Sink prometheus already exists!
2025-10-22 08:23:40,059 [ForkJoinPool-1-worker-1] INFO  http.BaseHttpServer (BaseHttpServer.java:updateConnectorAddress(357)) - HTTP server of hddsDatanode listening at http://localhost:15010
2025-10-22 08:23:40,062 [ForkJoinPool-1-worker-1] INFO  ipc.CallQueueManager (CallQueueManager.java:<init>(93)) - Using callQueue: class java.util.concurrent.LinkedBlockingQueue, queueCapacity: 1000, scheduler: class org.apache.hadoop.ipc.DefaultRpcScheduler, ipcBackoff: false, ipcFailOver: false.
2025-10-22 08:23:40,062 [ForkJoinPool-1-worker-1] INFO  ipc.Server (Server.java:<init>(1438)) - Listener at 0.0.0.0:15011
2025-10-22 08:23:40,063 [Socket Reader #1 for port 15011] INFO  ipc.Server (Server.java:run(1474)) - Starting Socket Reader #1 for port 15011
2025-10-22 08:23:40,063 [Socket Reader #2 for port 15011] INFO  ipc.Server (Server.java:run(1474)) - Starting Socket Reader #2 for port 15011
2025-10-22 08:23:40,063 [Socket Reader #4 for port 15011] INFO  ipc.Server (Server.java:run(1474)) - Starting Socket Reader #4 for port 15011
2025-10-22 08:23:40,064 [Socket Reader #5 for port 15011] INFO  ipc.Server (Server.java:run(1474)) - Starting Socket Reader #5 for port 15011
2025-10-22 08:23:40,063 [Socket Reader #6 for port 15011] INFO  ipc.Server (Server.java:run(1474)) - Starting Socket Reader #6 for port 15011
2025-10-22 08:23:40,063 [Socket Reader #3 for port 15011] INFO  ipc.Server (Server.java:run(1474)) - Starting Socket Reader #3 for port 15011
2025-10-22 08:23:40,064 [Socket Reader #8 for port 15011] INFO  ipc.Server (Server.java:run(1474)) - Starting Socket Reader #8 for port 15011
2025-10-22 08:23:40,064 [Socket Reader #7 for port 15011] INFO  ipc.Server (Server.java:run(1474)) - Starting Socket Reader #7 for port 15011
2025-10-22 08:23:40,065 [Socket Reader #9 for port 15011] INFO  ipc.Server (Server.java:run(1474)) - Starting Socket Reader #9 for port 15011
2025-10-22 08:23:40,065 [Socket Reader #10 for port 15011] INFO  ipc.Server (Server.java:run(1474)) - Starting Socket Reader #10 for port 15011
2025-10-22 08:23:40,068 [ForkJoinPool-1-worker-1] INFO  ozone.HddsDatanodeService (HddsDatanodeService.java:start(333)) - Datanode start with admins: [admin, runner]
2025-10-22 08:23:40,068 [ForkJoinPool-1-worker-1] INFO  ozone.HddsDatanodeClientProtocolServer (HddsDatanodeClientProtocolServer.java:start(76)) - RPC server for Client /0.0.0.0:15011
2025-10-22 08:23:40,069 [IPC Server Responder] INFO  ipc.Server (Server.java:run(1713)) - IPC Server Responder: starting
2025-10-22 08:23:40,069 [IPC Server listener on 15011] INFO  ipc.Server (Server.java:run(1553)) - IPC Server listener on 15011: starting
2025-10-22 08:23:40,072 [ForkJoinPool-1-worker-1] WARN  dropwizard3.Dm3MetricRegistriesImpl (Dm3MetricRegistriesImpl.java:addReporterRegistration(114)) - New reporters are added after registries were created. Some metrics will be missing from the reporter. Please add reporter before adding any new registry.
2025-10-22 08:23:40,072 [ForkJoinPool-1-worker-1] WARN  dropwizard3.Dm3MetricRegistriesImpl (Dm3MetricRegistriesImpl.java:addReporterRegistration(114)) - New reporters are added after registries were created. Some metrics will be missing from the reporter. Please add reporter before adding any new registry.
2025-10-22 08:23:40,074 [1c036820-4dbe-4abe-80fb-5ca88de5e2f0-DatanodeStateMachineDaemonThread] INFO  statemachine.DatanodeStateMachine (DatanodeStateMachine.java:startStateMachineThread(363)) - Ozone container server started.
2025-10-22 08:23:40,095 [ForkJoinPool-1-worker-1] INFO  protocol.DatanodeDetails (DatanodeDetails.java:validateDatanodeIpAddress(199)) - Updating IP address of datanode 4d8a2798-959e-416b-b534-19c13b55a760(localhost/null) to 127.0.0.1
2025-10-22 08:23:40,095 [ForkJoinPool-1-worker-1] INFO  ozone.HddsDatanodeService (HddsDatanodeService.java:start(236)) - HddsDatanodeService 4d8a2798-959e-416b-b534-19c13b55a760(localhost/127.0.0.1)
2025-10-22 08:23:40,099 [ForkJoinPool-1-worker-1] INFO  upgrade.AbstractLayoutVersionManager (AbstractLayoutVersionManager.java:init(80)) - Initializing Layout version manager with metadata layout = WITNESSED_CONTAINER_DB_PROTO_VALUE (version = 9), software layout = WITNESSED_CONTAINER_DB_PROTO_VALUE (version = 9)
2025-10-22 08:23:40,100 [ForkJoinPool-1-worker-1] INFO  statemachine.DatanodeStateMachine (DatanodeStateMachine.java:getEndPointTaskThreadPoolSize(321)) - Datanode State Machine Task Thread Pool size 2
2025-10-22 08:23:40,105 [ForkJoinPool-1-worker-1] INFO  volume.HddsVolume (HddsVolume.java:<init>(162)) - HddsVolume: { id=DS-e0c423bb-b760-4194-b618-2e1b9ae43557 dir=/home/runner/work/ozone/ozone/hadoop-ozone/integration-test/target/test-dir/MiniOzoneClusterImpl-a412b9f6-7d8b-4de3-a85c-9946bceaa3a0/ozone-metadata/datanode-2/data-0/hdds type=DISK capacity=9222449699674390527 used=0 available=9222449699674390527 minFree=184448985434423296 committed=0 }
2025-10-22 08:23:40,106 [ForkJoinPool-1-worker-1] INFO  volume.MutableVolumeSet (MutableVolumeSet.java:initializeVolumeSet(175)) - Added Volume : /home/runner/work/ozone/ozone/hadoop-ozone/integration-test/target/test-dir/MiniOzoneClusterImpl-a412b9f6-7d8b-4de3-a85c-9946bceaa3a0/ozone-metadata/datanode-2/data-0/hdds to VolumeSet
2025-10-22 08:23:40,108 [ForkJoinPool-1-worker-1] INFO  volume.MutableVolumeSet (MutableVolumeSet.java:initializeVolumeSet(175)) - Added Volume : /home/runner/work/ozone/ozone/hadoop-ozone/integration-test/target/test-dir/MiniOzoneClusterImpl-a412b9f6-7d8b-4de3-a85c-9946bceaa3a0/ozone-metadata/datanode-2/ratis to VolumeSet
2025-10-22 08:23:40,110 [ForkJoinPool-1-worker-1] INFO  ozoneimpl.OzoneContainer (HddsVolumeUtil.java:loadAllHddsVolumeDbStore(102)) - Load 1 volumes DbStore cost: 0ms
2025-10-22 08:23:40,111 [ForkJoinPool-1-worker-1] WARN  db.DBStoreBuilder (DBStoreBuilder.java:getDBDirPath(157)) - ozone.scm.datanode.id.dir is not configured. We recommend adding this setting. Falling back to ozone.metadata.dirs instead.
2025-10-22 08:23:40,113 [ForkJoinPool-1-worker-1] WARN  db.DBStoreBuilder (DBStoreBuilder.java:getDBDirPath(157)) - ozone.scm.datanode.id.dir is not configured. We recommend adding this setting. Falling back to ozone.metadata.dirs instead.
2025-10-22 08:23:40,128 [ForkJoinPool-1-worker-1] INFO  impl.FilePerChunkStrategy (FilePerChunkStrategy.java:<init>(79)) - ozone.chunk.read.mapped.buffer.max.count is load with 0
2025-10-22 08:23:40,128 [ForkJoinPool-1-worker-1] INFO  impl.FilePerBlockStrategy (FilePerBlockStrategy.java:<init>(88)) - ozone.chunk.read.mapped.buffer.max.count is load with 0
2025-10-22 08:23:40,130 [ForkJoinPool-1-worker-1] INFO  server.RaftServerConfigKeys (ConfUtils.java:logGet(62)) - raft.server.log.appender.buffer.byte-limit = 33554432 (custom)
2025-10-22 08:23:40,132 [ForkJoinPool-1-worker-1] INFO  grpc.GrpcConfigKeys (ConfUtils.java:logFallback(69)) - raft.grpc.admin.host = null (fallback to raft.grpc.server.host)
2025-10-22 08:23:40,132 [ForkJoinPool-1-worker-1] INFO  grpc.GrpcConfigKeys (ConfUtils.java:logGet(62)) - raft.grpc.admin.port = 15022 (custom)
2025-10-22 08:23:40,133 [ForkJoinPool-1-worker-1] INFO  grpc.GrpcConfigKeys (ConfUtils.java:logFallback(69)) - raft.grpc.client.host = null (fallback to raft.grpc.server.host)
2025-10-22 08:23:40,133 [ForkJoinPool-1-worker-1] INFO  grpc.GrpcConfigKeys (ConfUtils.java:logGet(62)) - raft.grpc.client.port = 15021 (custom)
2025-10-22 08:23:40,133 [ForkJoinPool-1-worker-1] INFO  grpc.GrpcConfigKeys (ConfUtils.java:logGet(62)) - raft.grpc.server.port = 15023 (custom)
2025-10-22 08:23:40,133 [ForkJoinPool-1-worker-1] INFO  server.GrpcServicesImpl (ConfUtils.java:logGet(62)) - raft.grpc.message.size.max = 34603008 (custom)
2025-10-22 08:23:40,133 [ForkJoinPool-1-worker-1] INFO  server.GrpcServicesImpl (ConfUtils.java:logGet(62)) - raft.grpc.flow.control.window = 5MB (=5242880) (custom)
2025-10-22 08:23:40,133 [ForkJoinPool-1-worker-1] INFO  server.RaftServerConfigKeys (ConfUtils.java:logGet(62)) - raft.server.log.appender.buffer.byte-limit = 33554432 (custom)
2025-10-22 08:23:40,137 [ForkJoinPool-1-worker-1] INFO  netty.NettyUtils (NettyUtils.java:newEventLoopGroup(74)) - Create EpollEventLoopGroup for 4d8a2798-959e-416b-b534-19c13b55a760-NettyServerStreamRpc-bossGroup; Thread size is 0.
2025-10-22 08:23:40,138 [ForkJoinPool-1-worker-1] INFO  netty.NettyUtils (NettyUtils.java:newEventLoopGroup(74)) - Create EpollEventLoopGroup for 4d8a2798-959e-416b-b534-19c13b55a760-NettyServerStreamRpc-workerGroup; Thread size is 0.
2025-10-22 08:23:40,139 [ForkJoinPool-1-worker-1] INFO  netty.NettyConfigKeys$DataStream (ConfUtils.java:logGet(62)) - raft.netty.dataStream.port = 15024 (custom)
2025-10-22 08:23:40,140 [ForkJoinPool-1-worker-1] INFO  server.RaftServerConfigKeys (ConfUtils.java:logGet(62)) - raft.server.storage.dir = [/home/runner/work/ozone/ozone/hadoop-ozone/integration-test/target/test-dir/MiniOzoneClusterImpl-a412b9f6-7d8b-4de3-a85c-9946bceaa3a0/ozone-metadata/datanode-2/ratis] (custom)
2025-10-22 08:23:40,141 [4d8a2798-959e-416b-b534-19c13b55a760-NettyServerStreamRpc-bossGroup--thread1] INFO  logging.LoggingHandler (AbstractInternalLogger.java:log(148)) - [id: 0x17935609] REGISTERED
2025-10-22 08:23:40,141 [4d8a2798-959e-416b-b534-19c13b55a760-NettyServerStreamRpc-bossGroup--thread1] INFO  logging.LoggingHandler (AbstractInternalLogger.java:log(148)) - [id: 0x17935609] BIND: 0.0.0.0/0.0.0.0:15024
2025-10-22 08:23:40,141 [4d8a2798-959e-416b-b534-19c13b55a760-NettyServerStreamRpc-bossGroup--thread1] INFO  logging.LoggingHandler (AbstractInternalLogger.java:log(148)) - [id: 0x17935609, L:/0.0.0.0:15024] ACTIVE
2025-10-22 08:23:40,142 [4d8a2798-959e-416b-b534-19c13b55a760-impl-thread1] INFO  server.RaftServer (RaftServerProxy.java:initGroupDir(270)) - 4d8a2798-959e-416b-b534-19c13b55a760: found a subdirectory /home/runner/work/ozone/ozone/hadoop-ozone/integration-test/target/test-dir/MiniOzoneClusterImpl-a412b9f6-7d8b-4de3-a85c-9946bceaa3a0/ozone-metadata/datanode-2/ratis/tmp
2025-10-22 08:23:40,142 [4d8a2798-959e-416b-b534-19c13b55a760-impl-thread1] INFO  server.RaftServer (RaftServerProxy.java:initGroupDir(275)) - 4d8a2798-959e-416b-b534-19c13b55a760: The directory /home/runner/work/ozone/ozone/hadoop-ozone/integration-test/target/test-dir/MiniOzoneClusterImpl-a412b9f6-7d8b-4de3-a85c-9946bceaa3a0/ozone-metadata/datanode-2/ratis/tmp is not a group directory; ignoring it. 
2025-10-22 08:23:40,143 [ForkJoinPool-1-worker-1] INFO  replication.ReplicationServer (ReplicationServer.java:<init>(84)) - Initializing replication server with thread count = 10 queue length = 4096
2025-10-22 08:23:40,145 [ForkJoinPool-1-worker-1] INFO  server.XceiverServerGrpc (XceiverServerGrpc.java:<init>(129)) - GrpcServer channel type EpollServerSocketChannel
2025-10-22 08:23:40,145 [1c036820-4dbe-4abe-80fb-5ca88de5e2f0-DatanodeStateMachineTaskThread-0] INFO  datanode.InitDatanodeState (InitDatanodeState.java:persistContainerDatanodeDetails(139)) - DatanodeDetails is persisted to /home/runner/work/ozone/ozone/hadoop-ozone/integration-test/target/test-dir/MiniOzoneClusterImpl-a412b9f6-7d8b-4de3-a85c-9946bceaa3a0/ozone-metadata/datanode-1/ozone-metadata/datanode.id
2025-10-22 08:23:40,149 [ForkJoinPool-1-worker-1] INFO  replication.ReplicationSupervisor (ReplicationSupervisor.java:build(169)) - Initializing replication supervisor with thread count = 10
2025-10-22 08:23:40,149 [ForkJoinPool-1-worker-1] INFO  replication.ReplicationSupervisor (ReplicationSupervisor.java:nodeStateUpdated(358)) - Node state updated to IN_SERVICE, scaling executor pool size to 10
2025-10-22 08:23:40,157 [ForkJoinPool-1-worker-1] INFO  http.BaseHttpServer (BaseHttpServer.java:newHttpServer2BuilderForOzone(227)) - Starting Web-server for hddsDatanode at: http://0.0.0.0:15018
2025-10-22 08:23:40,157 [ForkJoinPool-1-worker-1] INFO  http.BaseHttpServer (BaseHttpServer.java:<init>(105)) - Hadoop Security Enabled: false Ozone Security Enabled: false Ozone HTTP Security Enabled: false 
2025-10-22 08:23:40,159 [ForkJoinPool-1-worker-1] WARN  server.AuthenticationFilter (AuthenticationFilter.java:constructSecretProvider(240)) - Unable to initialize FileSignerSecretProvider, falling back to use random secrets. Reason: Could not read signature secret file: /home/runner/hadoop-http-auth-signature-secret
2025-10-22 08:23:40,161 [ForkJoinPool-1-worker-1] INFO  http.HttpServer2 (HttpServer2.java:addGlobalFilter(1040)) - Added global filter 'safety' (class=org.apache.hadoop.hdds.server.http.HttpServer2$QuotingInputFilter)
2025-10-22 08:23:40,163 [ForkJoinPool-1-worker-1] INFO  http.HttpServer2 (HttpServer2.java:addFilter(1016)) - Added filter static_user_filter (class=org.apache.hadoop.http.lib.StaticUserWebFilter$StaticUserFilter) to context hddsDatanode
2025-10-22 08:23:40,163 [ForkJoinPool-1-worker-1] INFO  http.HttpServer2 (HttpServer2.java:addFilter(1024)) - Added filter static_user_filter (class=org.apache.hadoop.http.lib.StaticUserWebFilter$StaticUserFilter) to context logs
2025-10-22 08:23:40,163 [ForkJoinPool-1-worker-1] INFO  http.HttpServer2 (HttpServer2.java:addFilter(1024)) - Added filter static_user_filter (class=org.apache.hadoop.http.lib.StaticUserWebFilter$StaticUserFilter) to context static
2025-10-22 08:23:40,164 [ForkJoinPool-1-worker-1] INFO  http.BaseHttpServer (BaseHttpServer.java:<init>(193)) - HTTP server of hddsDatanode uses base directory /home/runner/work/ozone/ozone/hadoop-ozone/integration-test/target/test-dir/MiniOzoneClusterImpl-a412b9f6-7d8b-4de3-a85c-9946bceaa3a0/scm/ozone-metadata/webserver
2025-10-22 08:23:40,164 [ForkJoinPool-1-worker-1] INFO  http.HttpServer2 (HttpServer2.java:bindListener(1240)) - Jetty bound to port 15018
2025-10-22 08:23:40,164 [ForkJoinPool-1-worker-1] INFO  server.Server (Server.java:doStart(375)) - jetty-9.4.58.v20250814; built: 2025-08-14T02:28:49.637Z; git: 8f1440587e9e4ae7db3d74cf205643f3d707148d; jvm 21.0.8+9-LTS
2025-10-22 08:23:40,166 [ForkJoinPool-1-worker-1] INFO  server.session (DefaultSessionIdManager.java:doStart(334)) - DefaultSessionIdManager workerName=node0
2025-10-22 08:23:40,166 [ForkJoinPool-1-worker-1] INFO  server.session (DefaultSessionIdManager.java:doStart(339)) - No SessionScavenger set, using defaults
2025-10-22 08:23:40,166 [ForkJoinPool-1-worker-1] INFO  server.session (HouseKeeper.java:startScavenging(132)) - node0 Scavenging every 660000ms
2025-10-22 08:23:40,167 [ForkJoinPool-1-worker-1] INFO  handler.ContextHandler (ContextHandler.java:doStart(921)) - Started o.e.j.s.ServletContextHandler@2534bbff{logs,/logs,file:///home/runner/work/ozone/ozone/hadoop-ozone/integration-test/target/log,AVAILABLE}
2025-10-22 08:23:40,168 [ForkJoinPool-1-worker-1] INFO  handler.ContextHandler (ContextHandler.java:doStart(921)) - Started o.e.j.s.ServletContextHandler@715ad0c4{static,/static,jar:file:/home/runner/work/ozone/ozone/hadoop-hdds/container-service/target/hdds-container-service-2.1.0-SNAPSHOT.jar!/webapps/static,AVAILABLE}
2025-10-22 08:23:40,343 [ForkJoinPool-1-worker-1] INFO  handler.ContextHandler (ContextHandler.java:doStart(921)) - Started o.e.j.w.WebAppContext@4ea7835{hddsDatanode,/,file:///home/runner/work/ozone/ozone/hadoop-ozone/integration-test/target/test-dir/MiniOzoneClusterImpl-a412b9f6-7d8b-4de3-a85c-9946bceaa3a0/scm/ozone-metadata/webserver/jetty-0_0_0_0-15018-hdds-container-service-2_1_0-SNAPSHOT_jar-_-any-17693920823846871408/webapp/,AVAILABLE}{jar:file:/home/runner/work/ozone/ozone/hadoop-hdds/container-service/target/hdds-container-service-2.1.0-SNAPSHOT.jar!/webapps/hddsDatanode}
2025-10-22 08:23:40,344 [ForkJoinPool-1-worker-1] INFO  server.AbstractConnector (AbstractConnector.java:doStart(333)) - Started ServerConnector@2373a6ce{HTTP/1.1, (http/1.1)}{0.0.0.0:15018}
2025-10-22 08:23:40,344 [ForkJoinPool-1-worker-1] INFO  server.Server (Server.java:doStart(415)) - Started @11941ms
2025-10-22 08:23:40,344 [ForkJoinPool-1-worker-1] WARN  impl.MetricsSystemImpl (MetricsSystemImpl.java:register(279)) - Sink prometheus already exists!
2025-10-22 08:23:40,344 [ForkJoinPool-1-worker-1] INFO  http.BaseHttpServer (BaseHttpServer.java:updateConnectorAddress(357)) - HTTP server of hddsDatanode listening at http://localhost:15018
2025-10-22 08:23:40,345 [ForkJoinPool-1-worker-1] INFO  ipc.CallQueueManager (CallQueueManager.java:<init>(93)) - Using callQueue: class java.util.concurrent.LinkedBlockingQueue, queueCapacity: 1000, scheduler: class org.apache.hadoop.ipc.DefaultRpcScheduler, ipcBackoff: false, ipcFailOver: false.
2025-10-22 08:23:40,345 [ForkJoinPool-1-worker-1] INFO  ipc.Server (Server.java:<init>(1438)) - Listener at 0.0.0.0:15019
2025-10-22 08:23:40,346 [Socket Reader #1 for port 15019] INFO  ipc.Server (Server.java:run(1474)) - Starting Socket Reader #1 for port 15019
2025-10-22 08:23:40,346 [Socket Reader #2 for port 15019] INFO  ipc.Server (Server.java:run(1474)) - Starting Socket Reader #2 for port 15019
2025-10-22 08:23:40,346 [Socket Reader #3 for port 15019] INFO  ipc.Server (Server.java:run(1474)) - Starting Socket Reader #3 for port 15019
2025-10-22 08:23:40,347 [Socket Reader #4 for port 15019] INFO  ipc.Server (Server.java:run(1474)) - Starting Socket Reader #4 for port 15019
2025-10-22 08:23:40,347 [Socket Reader #5 for port 15019] INFO  ipc.Server (Server.java:run(1474)) - Starting Socket Reader #5 for port 15019
2025-10-22 08:23:40,348 [Socket Reader #6 for port 15019] INFO  ipc.Server (Server.java:run(1474)) - Starting Socket Reader #6 for port 15019
2025-10-22 08:23:40,348 [Socket Reader #7 for port 15019] INFO  ipc.Server (Server.java:run(1474)) - Starting Socket Reader #7 for port 15019
2025-10-22 08:23:40,348 [Socket Reader #8 for port 15019] INFO  ipc.Server (Server.java:run(1474)) - Starting Socket Reader #8 for port 15019
2025-10-22 08:23:40,348 [Socket Reader #9 for port 15019] INFO  ipc.Server (Server.java:run(1474)) - Starting Socket Reader #9 for port 15019
2025-10-22 08:23:40,349 [Socket Reader #10 for port 15019] INFO  ipc.Server (Server.java:run(1474)) - Starting Socket Reader #10 for port 15019
2025-10-22 08:23:40,351 [ForkJoinPool-1-worker-1] INFO  ozone.HddsDatanodeService (HddsDatanodeService.java:start(333)) - Datanode start with admins: [admin, runner]
2025-10-22 08:23:40,351 [ForkJoinPool-1-worker-1] INFO  ozone.HddsDatanodeClientProtocolServer (HddsDatanodeClientProtocolServer.java:start(76)) - RPC server for Client /0.0.0.0:15019
2025-10-22 08:23:40,352 [IPC Server listener on 15019] INFO  ipc.Server (Server.java:run(1553)) - IPC Server listener on 15019: starting
2025-10-22 08:23:40,352 [IPC Server Responder] INFO  ipc.Server (Server.java:run(1713)) - IPC Server Responder: starting
2025-10-22 08:23:40,355 [ForkJoinPool-1-worker-1] WARN  dropwizard3.Dm3MetricRegistriesImpl (Dm3MetricRegistriesImpl.java:addReporterRegistration(114)) - New reporters are added after registries were created. Some metrics will be missing from the reporter. Please add reporter before adding any new registry.
2025-10-22 08:23:40,355 [ForkJoinPool-1-worker-1] WARN  dropwizard3.Dm3MetricRegistriesImpl (Dm3MetricRegistriesImpl.java:addReporterRegistration(114)) - New reporters are added after registries were created. Some metrics will be missing from the reporter. Please add reporter before adding any new registry.
2025-10-22 08:23:40,358 [4d8a2798-959e-416b-b534-19c13b55a760-DatanodeStateMachineDaemonThread] INFO  statemachine.DatanodeStateMachine (DatanodeStateMachine.java:startStateMachineThread(363)) - Ozone container server started.
2025-10-22 08:23:40,365 [4d8a2798-959e-416b-b534-19c13b55a760-DatanodeStateMachineTaskThread-0] INFO  datanode.InitDatanodeState (InitDatanodeState.java:persistContainerDatanodeDetails(139)) - DatanodeDetails is persisted to /home/runner/work/ozone/ozone/hadoop-ozone/integration-test/target/test-dir/MiniOzoneClusterImpl-a412b9f6-7d8b-4de3-a85c-9946bceaa3a0/ozone-metadata/datanode-2/ozone-metadata/datanode.id
2025-10-22 08:23:40,375 [ForkJoinPool-1-worker-1] INFO  protocol.DatanodeDetails (DatanodeDetails.java:validateDatanodeIpAddress(199)) - Updating IP address of datanode 40df8fc4-149d-40c0-897d-2844034d8141(localhost/null) to 127.0.0.1
2025-10-22 08:23:40,375 [ForkJoinPool-1-worker-1] INFO  ozone.HddsDatanodeService (HddsDatanodeService.java:start(236)) - HddsDatanodeService 40df8fc4-149d-40c0-897d-2844034d8141(localhost/127.0.0.1)
2025-10-22 08:23:40,378 [ForkJoinPool-1-worker-1] INFO  upgrade.AbstractLayoutVersionManager (AbstractLayoutVersionManager.java:init(80)) - Initializing Layout version manager with metadata layout = WITNESSED_CONTAINER_DB_PROTO_VALUE (version = 9), software layout = WITNESSED_CONTAINER_DB_PROTO_VALUE (version = 9)
2025-10-22 08:23:40,378 [ForkJoinPool-1-worker-1] INFO  statemachine.DatanodeStateMachine (DatanodeStateMachine.java:getEndPointTaskThreadPoolSize(321)) - Datanode State Machine Task Thread Pool size 2
2025-10-22 08:23:40,383 [ForkJoinPool-1-worker-1] INFO  volume.HddsVolume (HddsVolume.java:<init>(162)) - HddsVolume: { id=DS-1fa6b120-c074-4b3d-b466-771399e4a685 dir=/home/runner/work/ozone/ozone/hadoop-ozone/integration-test/target/test-dir/MiniOzoneClusterImpl-a412b9f6-7d8b-4de3-a85c-9946bceaa3a0/ozone-metadata/datanode-3/data-0/hdds type=DISK capacity=9222449699674390527 used=0 available=9222449699674390527 minFree=184448985434423296 committed=0 }
2025-10-22 08:23:40,383 [ForkJoinPool-1-worker-1] INFO  volume.MutableVolumeSet (MutableVolumeSet.java:initializeVolumeSet(175)) - Added Volume : /home/runner/work/ozone/ozone/hadoop-ozone/integration-test/target/test-dir/MiniOzoneClusterImpl-a412b9f6-7d8b-4de3-a85c-9946bceaa3a0/ozone-metadata/datanode-3/data-0/hdds to VolumeSet
2025-10-22 08:23:40,385 [ForkJoinPool-1-worker-1] INFO  volume.MutableVolumeSet (MutableVolumeSet.java:initializeVolumeSet(175)) - Added Volume : /home/runner/work/ozone/ozone/hadoop-ozone/integration-test/target/test-dir/MiniOzoneClusterImpl-a412b9f6-7d8b-4de3-a85c-9946bceaa3a0/ozone-metadata/datanode-3/ratis to VolumeSet
2025-10-22 08:23:40,386 [ForkJoinPool-1-worker-1] INFO  ozoneimpl.OzoneContainer (HddsVolumeUtil.java:loadAllHddsVolumeDbStore(102)) - Load 1 volumes DbStore cost: 0ms
2025-10-22 08:23:40,387 [ForkJoinPool-1-worker-1] WARN  db.DBStoreBuilder (DBStoreBuilder.java:getDBDirPath(157)) - ozone.scm.datanode.id.dir is not configured. We recommend adding this setting. Falling back to ozone.metadata.dirs instead.
2025-10-22 08:23:40,388 [ForkJoinPool-1-worker-1] WARN  db.DBStoreBuilder (DBStoreBuilder.java:getDBDirPath(157)) - ozone.scm.datanode.id.dir is not configured. We recommend adding this setting. Falling back to ozone.metadata.dirs instead.
2025-10-22 08:23:40,402 [ForkJoinPool-1-worker-1] INFO  impl.FilePerChunkStrategy (FilePerChunkStrategy.java:<init>(79)) - ozone.chunk.read.mapped.buffer.max.count is load with 0
2025-10-22 08:23:40,403 [ForkJoinPool-1-worker-1] INFO  impl.FilePerBlockStrategy (FilePerBlockStrategy.java:<init>(88)) - ozone.chunk.read.mapped.buffer.max.count is load with 0
2025-10-22 08:23:40,404 [ForkJoinPool-1-worker-1] INFO  server.RaftServerConfigKeys (ConfUtils.java:logGet(62)) - raft.server.log.appender.buffer.byte-limit = 33554432 (custom)
2025-10-22 08:23:40,406 [ForkJoinPool-1-worker-1] INFO  grpc.GrpcConfigKeys (ConfUtils.java:logFallback(69)) - raft.grpc.admin.host = null (fallback to raft.grpc.server.host)
2025-10-22 08:23:40,407 [ForkJoinPool-1-worker-1] INFO  grpc.GrpcConfigKeys (ConfUtils.java:logGet(62)) - raft.grpc.admin.port = 15030 (custom)
2025-10-22 08:23:40,407 [ForkJoinPool-1-worker-1] INFO  grpc.GrpcConfigKeys (ConfUtils.java:logFallback(69)) - raft.grpc.client.host = null (fallback to raft.grpc.server.host)
2025-10-22 08:23:40,407 [ForkJoinPool-1-worker-1] INFO  grpc.GrpcConfigKeys (ConfUtils.java:logGet(62)) - raft.grpc.client.port = 15029 (custom)
2025-10-22 08:23:40,407 [ForkJoinPool-1-worker-1] INFO  grpc.GrpcConfigKeys (ConfUtils.java:logGet(62)) - raft.grpc.server.port = 15031 (custom)
2025-10-22 08:23:40,407 [ForkJoinPool-1-worker-1] INFO  server.GrpcServicesImpl (ConfUtils.java:logGet(62)) - raft.grpc.message.size.max = 34603008 (custom)
2025-10-22 08:23:40,407 [ForkJoinPool-1-worker-1] INFO  server.GrpcServicesImpl (ConfUtils.java:logGet(62)) - raft.grpc.flow.control.window = 5MB (=5242880) (custom)
2025-10-22 08:23:40,407 [ForkJoinPool-1-worker-1] INFO  server.RaftServerConfigKeys (ConfUtils.java:logGet(62)) - raft.server.log.appender.buffer.byte-limit = 33554432 (custom)
2025-10-22 08:23:40,410 [ForkJoinPool-1-worker-1] INFO  netty.NettyUtils (NettyUtils.java:newEventLoopGroup(74)) - Create EpollEventLoopGroup for 40df8fc4-149d-40c0-897d-2844034d8141-NettyServerStreamRpc-bossGroup; Thread size is 0.
2025-10-22 08:23:40,411 [ForkJoinPool-1-worker-1] INFO  netty.NettyUtils (NettyUtils.java:newEventLoopGroup(74)) - Create EpollEventLoopGroup for 40df8fc4-149d-40c0-897d-2844034d8141-NettyServerStreamRpc-workerGroup; Thread size is 0.
2025-10-22 08:23:40,412 [ForkJoinPool-1-worker-1] INFO  netty.NettyConfigKeys$DataStream (ConfUtils.java:logGet(62)) - raft.netty.dataStream.port = 15032 (custom)
2025-10-22 08:23:40,413 [ForkJoinPool-1-worker-1] INFO  server.RaftServerConfigKeys (ConfUtils.java:logGet(62)) - raft.server.storage.dir = [/home/runner/work/ozone/ozone/hadoop-ozone/integration-test/target/test-dir/MiniOzoneClusterImpl-a412b9f6-7d8b-4de3-a85c-9946bceaa3a0/ozone-metadata/datanode-3/ratis] (custom)
2025-10-22 08:23:40,413 [40df8fc4-149d-40c0-897d-2844034d8141-NettyServerStreamRpc-bossGroup--thread1] INFO  logging.LoggingHandler (AbstractInternalLogger.java:log(148)) - [id: 0x76c3e681] REGISTERED
2025-10-22 08:23:40,414 [40df8fc4-149d-40c0-897d-2844034d8141-NettyServerStreamRpc-bossGroup--thread1] INFO  logging.LoggingHandler (AbstractInternalLogger.java:log(148)) - [id: 0x76c3e681] BIND: 0.0.0.0/0.0.0.0:15032
2025-10-22 08:23:40,414 [40df8fc4-149d-40c0-897d-2844034d8141-NettyServerStreamRpc-bossGroup--thread1] INFO  logging.LoggingHandler (AbstractInternalLogger.java:log(148)) - [id: 0x76c3e681, L:/0.0.0.0:15032] ACTIVE
2025-10-22 08:23:40,414 [40df8fc4-149d-40c0-897d-2844034d8141-impl-thread1] INFO  server.RaftServer (RaftServerProxy.java:initGroupDir(270)) - 40df8fc4-149d-40c0-897d-2844034d8141: found a subdirectory /home/runner/work/ozone/ozone/hadoop-ozone/integration-test/target/test-dir/MiniOzoneClusterImpl-a412b9f6-7d8b-4de3-a85c-9946bceaa3a0/ozone-metadata/datanode-3/ratis/tmp
2025-10-22 08:23:40,415 [40df8fc4-149d-40c0-897d-2844034d8141-impl-thread1] INFO  server.RaftServer (RaftServerProxy.java:initGroupDir(275)) - 40df8fc4-149d-40c0-897d-2844034d8141: The directory /home/runner/work/ozone/ozone/hadoop-ozone/integration-test/target/test-dir/MiniOzoneClusterImpl-a412b9f6-7d8b-4de3-a85c-9946bceaa3a0/ozone-metadata/datanode-3/ratis/tmp is not a group directory; ignoring it. 
2025-10-22 08:23:40,415 [ForkJoinPool-1-worker-1] INFO  replication.ReplicationServer (ReplicationServer.java:<init>(84)) - Initializing replication server with thread count = 10 queue length = 4096
2025-10-22 08:23:40,416 [ForkJoinPool-1-worker-1] INFO  server.XceiverServerGrpc (XceiverServerGrpc.java:<init>(129)) - GrpcServer channel type EpollServerSocketChannel
2025-10-22 08:23:40,419 [ForkJoinPool-1-worker-1] INFO  replication.ReplicationSupervisor (ReplicationSupervisor.java:build(169)) - Initializing replication supervisor with thread count = 10
2025-10-22 08:23:40,419 [ForkJoinPool-1-worker-1] INFO  replication.ReplicationSupervisor (ReplicationSupervisor.java:nodeStateUpdated(358)) - Node state updated to IN_SERVICE, scaling executor pool size to 10
2025-10-22 08:23:40,423 [ForkJoinPool-1-worker-1] INFO  http.BaseHttpServer (BaseHttpServer.java:newHttpServer2BuilderForOzone(227)) - Starting Web-server for hddsDatanode at: http://0.0.0.0:15026
2025-10-22 08:23:40,424 [ForkJoinPool-1-worker-1] INFO  http.BaseHttpServer (BaseHttpServer.java:<init>(105)) - Hadoop Security Enabled: false Ozone Security Enabled: false Ozone HTTP Security Enabled: false 
2025-10-22 08:23:40,426 [ForkJoinPool-1-worker-1] WARN  server.AuthenticationFilter (AuthenticationFilter.java:constructSecretProvider(240)) - Unable to initialize FileSignerSecretProvider, falling back to use random secrets. Reason: Could not read signature secret file: /home/runner/hadoop-http-auth-signature-secret
2025-10-22 08:23:40,429 [ForkJoinPool-1-worker-1] INFO  http.HttpServer2 (HttpServer2.java:addGlobalFilter(1040)) - Added global filter 'safety' (class=org.apache.hadoop.hdds.server.http.HttpServer2$QuotingInputFilter)
2025-10-22 08:23:40,431 [ForkJoinPool-1-worker-1] INFO  http.HttpServer2 (HttpServer2.java:addFilter(1016)) - Added filter static_user_filter (class=org.apache.hadoop.http.lib.StaticUserWebFilter$StaticUserFilter) to context hddsDatanode
2025-10-22 08:23:40,431 [ForkJoinPool-1-worker-1] INFO  http.HttpServer2 (HttpServer2.java:addFilter(1024)) - Added filter static_user_filter (class=org.apache.hadoop.http.lib.StaticUserWebFilter$StaticUserFilter) to context logs
2025-10-22 08:23:40,432 [ForkJoinPool-1-worker-1] INFO  http.HttpServer2 (HttpServer2.java:addFilter(1024)) - Added filter static_user_filter (class=org.apache.hadoop.http.lib.StaticUserWebFilter$StaticUserFilter) to context static
2025-10-22 08:23:40,432 [ForkJoinPool-1-worker-1] INFO  http.BaseHttpServer (BaseHttpServer.java:<init>(193)) - HTTP server of hddsDatanode uses base directory /home/runner/work/ozone/ozone/hadoop-ozone/integration-test/target/test-dir/MiniOzoneClusterImpl-a412b9f6-7d8b-4de3-a85c-9946bceaa3a0/scm/ozone-metadata/webserver
2025-10-22 08:23:40,432 [ForkJoinPool-1-worker-1] INFO  http.HttpServer2 (HttpServer2.java:bindListener(1240)) - Jetty bound to port 15026
2025-10-22 08:23:40,433 [ForkJoinPool-1-worker-1] INFO  server.Server (Server.java:doStart(375)) - jetty-9.4.58.v20250814; built: 2025-08-14T02:28:49.637Z; git: 8f1440587e9e4ae7db3d74cf205643f3d707148d; jvm 21.0.8+9-LTS
2025-10-22 08:23:40,435 [ForkJoinPool-1-worker-1] INFO  server.session (DefaultSessionIdManager.java:doStart(334)) - DefaultSessionIdManager workerName=node0
2025-10-22 08:23:40,435 [ForkJoinPool-1-worker-1] INFO  server.session (DefaultSessionIdManager.java:doStart(339)) - No SessionScavenger set, using defaults
2025-10-22 08:23:40,435 [ForkJoinPool-1-worker-1] INFO  server.session (HouseKeeper.java:startScavenging(132)) - node0 Scavenging every 600000ms
2025-10-22 08:23:40,436 [ForkJoinPool-1-worker-1] INFO  handler.ContextHandler (ContextHandler.java:doStart(921)) - Started o.e.j.s.ServletContextHandler@9885c9a{logs,/logs,file:///home/runner/work/ozone/ozone/hadoop-ozone/integration-test/target/log,AVAILABLE}
2025-10-22 08:23:40,436 [ForkJoinPool-1-worker-1] INFO  handler.ContextHandler (ContextHandler.java:doStart(921)) - Started o.e.j.s.ServletContextHandler@d331800{static,/static,jar:file:/home/runner/work/ozone/ozone/hadoop-hdds/container-service/target/hdds-container-service-2.1.0-SNAPSHOT.jar!/webapps/static,AVAILABLE}
2025-10-22 08:23:40,504 [om1@group-C5BA1605619E-FollowerState] INFO  impl.FollowerState (FollowerState.java:runImpl(161)) - om1@group-C5BA1605619E-FollowerState: change to CANDIDATE, lastRpcElapsedTime:1152454498ns, electionTimeout:1151ms
2025-10-22 08:23:40,504 [om1@group-C5BA1605619E-FollowerState] INFO  impl.RoleInfo (RoleInfo.java:shutdownFollowerState(121)) - om1: shutdown om1@group-C5BA1605619E-FollowerState
2025-10-22 08:23:40,504 [om1@group-C5BA1605619E-FollowerState] INFO  server.RaftServer$Division (RaftServerImpl.java:setRole(392)) - om1@group-C5BA1605619E: changes role from  FOLLOWER to CANDIDATE at term 0 for changeToCandidate
2025-10-22 08:23:40,505 [om1@group-C5BA1605619E-FollowerState] INFO  impl.RoleInfo (RoleInfo.java:updateAndGet(148)) - om1: start om1@group-C5BA1605619E-LeaderElection3
2025-10-22 08:23:40,505 [om1@group-C5BA1605619E-LeaderElection3] INFO  impl.LeaderElection (LeaderElection.java:askForVotes(448)) - om1@group-C5BA1605619E-LeaderElection3 PRE_VOTE round 0: submit vote requests at term 0 for conf: {index: -1, cur=peers:[om1|localhost:15009]|listeners:[], old=null}
2025-10-22 08:23:40,506 [om1@group-C5BA1605619E-LeaderElection3] INFO  impl.LeaderElection (LeaderElection.java:askForVotes(450)) - om1@group-C5BA1605619E-LeaderElection3 PRE_VOTE round 0: result PASSED (term=0)
2025-10-22 08:23:40,507 [om1@group-C5BA1605619E-LeaderElection3] INFO  impl.LeaderElection (LeaderElection.java:askForVotes(448)) - om1@group-C5BA1605619E-LeaderElection3 ELECTION round 0: submit vote requests at term 1 for conf: {index: -1, cur=peers:[om1|localhost:15009]|listeners:[], old=null}
2025-10-22 08:23:40,507 [om1@group-C5BA1605619E-LeaderElection3] INFO  impl.LeaderElection (LeaderElection.java:askForVotes(450)) - om1@group-C5BA1605619E-LeaderElection3 ELECTION round 0: result PASSED (term=1)
2025-10-22 08:23:40,508 [om1@group-C5BA1605619E-LeaderElection3] INFO  impl.RoleInfo (RoleInfo.java:shutdownLeaderElection(141)) - om1: shutdown om1@group-C5BA1605619E-LeaderElection3
2025-10-22 08:23:40,508 [om1@group-C5BA1605619E-LeaderElection3] INFO  server.RaftServer$Division (RaftServerImpl.java:setRole(392)) - om1@group-C5BA1605619E: changes role from CANDIDATE to LEADER at term 1 for changeToLeader
2025-10-22 08:23:40,508 [om1@group-C5BA1605619E-LeaderElection3] INFO  server.RaftServerConfigKeys (ConfUtils.java:logFallback(69)) - raft.server.staging.timeout = 3600ms (fallback to raft.server.rpc.timeout.max)
2025-10-22 08:23:40,510 [om1@group-C5BA1605619E-LeaderElection3] INFO  impl.RoleInfo (RoleInfo.java:updateAndGet(148)) - om1: start om1@group-C5BA1605619E-LeaderStateImpl
2025-10-22 08:23:40,510 [om1@group-C5BA1605619E-LeaderElection3] INFO  server.RaftServer$Division (RaftServerImpl.java:setFirstElection(576)) - om1@group-C5BA1605619E: set firstElectionSinceStartup to false for becomeLeader
2025-10-22 08:23:40,513 [om1@group-C5BA1605619E-LeaderElection3] INFO  ratis.OzoneManagerStateMachine (OzoneManagerStateMachine.java:notifyLeaderChanged(195)) - om1@group-C5BA1605619E: leader changed to om1
2025-10-22 08:23:40,513 [om1@group-C5BA1605619E-LeaderElection3] INFO  server.RaftServer$Division (ServerState.java:setLeader(272)) - om1@group-C5BA1605619E: change Leader from null to om1 at term 1 for becomeLeader, leader elected after 2152ms
2025-10-22 08:23:40,514 [om1@group-C5BA1605619E-LeaderElection3] INFO  segmented.SegmentedRaftLogWorker (SegmentedRaftLogWorker.java:startLogSegment(440)) - om1@group-C5BA1605619E-SegmentedRaftLogWorker: Starting segment from index:0
2025-10-22 08:23:40,514 [om1@group-C5BA1605619E-LeaderElection3] INFO  server.RaftServer$Division (ServerState.java:setRaftConf(386)) - om1@group-C5BA1605619E: set configuration conf: {index: 0, cur=peers:[om1|localhost:15009]|listeners:[], old=null}
2025-10-22 08:23:40,514 [om1@group-C5BA1605619E-SegmentedRaftLogWorker] INFO  segmented.BufferedWriteChannel (BufferedWriteChannel.java:open(61)) - open log_inprogress_0 at position 0
2025-10-22 08:23:40,522 [om1@group-C5BA1605619E-SegmentedRaftLogWorker] INFO  segmented.SegmentedRaftLogWorker (SegmentedRaftLogWorker.java:execute(647)) - om1@group-C5BA1605619E-SegmentedRaftLogWorker: created new log segment /home/runner/work/ozone/ozone/hadoop-ozone/integration-test/target/test-dir/MiniOzoneClusterImpl-a412b9f6-7d8b-4de3-a85c-9946bceaa3a0/om/ratis/bf265839-605b-3f16-9796-c5ba1605619e/current/log_inprogress_0
2025-10-22 08:23:40,524 [om1@group-C5BA1605619E-StateMachineUpdater] INFO  ratis.OzoneManagerStateMachine (OzoneManagerStateMachine.java:notifyConfigurationChanged(264)) - notifyConfigurationChanged from Ratis: term=1, index=0, New Peer list: om1(localhost:15009), New Listener list
2025-10-22 08:23:40,524 [om1@group-C5BA1605619E-StateMachineUpdater] INFO  server.RaftServer$Division (LeaderStateImpl.java:checkStartIndex(309)) - Leader om1@group-C5BA1605619E-LeaderStateImpl is ready since appliedIndex == startIndex == 0
2025-10-22 08:23:40,611 [ForkJoinPool-1-worker-1] INFO  handler.ContextHandler (ContextHandler.java:doStart(921)) - Started o.e.j.w.WebAppContext@7265e1c{hddsDatanode,/,file:///home/runner/work/ozone/ozone/hadoop-ozone/integration-test/target/test-dir/MiniOzoneClusterImpl-a412b9f6-7d8b-4de3-a85c-9946bceaa3a0/scm/ozone-metadata/webserver/jetty-0_0_0_0-15026-hdds-container-service-2_1_0-SNAPSHOT_jar-_-any-5548731480381259040/webapp/,AVAILABLE}{jar:file:/home/runner/work/ozone/ozone/hadoop-hdds/container-service/target/hdds-container-service-2.1.0-SNAPSHOT.jar!/webapps/hddsDatanode}
2025-10-22 08:23:40,613 [ForkJoinPool-1-worker-1] INFO  server.AbstractConnector (AbstractConnector.java:doStart(333)) - Started ServerConnector@20334bd7{HTTP/1.1, (http/1.1)}{0.0.0.0:15026}
2025-10-22 08:23:40,613 [ForkJoinPool-1-worker-1] INFO  server.Server (Server.java:doStart(415)) - Started @12210ms
2025-10-22 08:23:40,613 [ForkJoinPool-1-worker-1] WARN  impl.MetricsSystemImpl (MetricsSystemImpl.java:register(279)) - Sink prometheus already exists!
2025-10-22 08:23:40,613 [ForkJoinPool-1-worker-1] INFO  http.BaseHttpServer (BaseHttpServer.java:updateConnectorAddress(357)) - HTTP server of hddsDatanode listening at http://localhost:15026
2025-10-22 08:23:40,614 [ForkJoinPool-1-worker-1] INFO  ipc.CallQueueManager (CallQueueManager.java:<init>(93)) - Using callQueue: class java.util.concurrent.LinkedBlockingQueue, queueCapacity: 1000, scheduler: class org.apache.hadoop.ipc.DefaultRpcScheduler, ipcBackoff: false, ipcFailOver: false.
2025-10-22 08:23:40,614 [ForkJoinPool-1-worker-1] INFO  ipc.Server (Server.java:<init>(1438)) - Listener at 0.0.0.0:15027
2025-10-22 08:23:40,615 [Socket Reader #1 for port 15027] INFO  ipc.Server (Server.java:run(1474)) - Starting Socket Reader #1 for port 15027
2025-10-22 08:23:40,616 [Socket Reader #2 for port 15027] INFO  ipc.Server (Server.java:run(1474)) - Starting Socket Reader #2 for port 15027
2025-10-22 08:23:40,617 [Socket Reader #3 for port 15027] INFO  ipc.Server (Server.java:run(1474)) - Starting Socket Reader #3 for port 15027
2025-10-22 08:23:40,618 [Socket Reader #4 for port 15027] INFO  ipc.Server (Server.java:run(1474)) - Starting Socket Reader #4 for port 15027
2025-10-22 08:23:40,619 [Socket Reader #5 for port 15027] INFO  ipc.Server (Server.java:run(1474)) - Starting Socket Reader #5 for port 15027
2025-10-22 08:23:40,620 [Socket Reader #6 for port 15027] INFO  ipc.Server (Server.java:run(1474)) - Starting Socket Reader #6 for port 15027
2025-10-22 08:23:40,620 [Socket Reader #7 for port 15027] INFO  ipc.Server (Server.java:run(1474)) - Starting Socket Reader #7 for port 15027
2025-10-22 08:23:40,622 [Socket Reader #8 for port 15027] INFO  ipc.Server (Server.java:run(1474)) - Starting Socket Reader #8 for port 15027
2025-10-22 08:23:40,622 [Socket Reader #9 for port 15027] INFO  ipc.Server (Server.java:run(1474)) - Starting Socket Reader #9 for port 15027
2025-10-22 08:23:40,623 [Socket Reader #10 for port 15027] INFO  ipc.Server (Server.java:run(1474)) - Starting Socket Reader #10 for port 15027
2025-10-22 08:23:40,626 [ForkJoinPool-1-worker-1] INFO  ozone.HddsDatanodeService (HddsDatanodeService.java:start(333)) - Datanode start with admins: [admin, runner]
2025-10-22 08:23:40,626 [ForkJoinPool-1-worker-1] INFO  ozone.HddsDatanodeClientProtocolServer (HddsDatanodeClientProtocolServer.java:start(76)) - RPC server for Client /0.0.0.0:15027
2025-10-22 08:23:40,627 [IPC Server Responder] INFO  ipc.Server (Server.java:run(1713)) - IPC Server Responder: starting
2025-10-22 08:23:40,628 [IPC Server listener on 15027] INFO  ipc.Server (Server.java:run(1553)) - IPC Server listener on 15027: starting
2025-10-22 08:23:40,632 [ForkJoinPool-1-worker-1] WARN  dropwizard3.Dm3MetricRegistriesImpl (Dm3MetricRegistriesImpl.java:addReporterRegistration(114)) - New reporters are added after registries were created. Some metrics will be missing from the reporter. Please add reporter before adding any new registry.
2025-10-22 08:23:40,632 [ForkJoinPool-1-worker-1] WARN  dropwizard3.Dm3MetricRegistriesImpl (Dm3MetricRegistriesImpl.java:addReporterRegistration(114)) - New reporters are added after registries were created. Some metrics will be missing from the reporter. Please add reporter before adding any new registry.
2025-10-22 08:23:40,640 [40df8fc4-149d-40c0-897d-2844034d8141-DatanodeStateMachineDaemonThread] INFO  statemachine.DatanodeStateMachine (DatanodeStateMachine.java:startStateMachineThread(363)) - Ozone container server started.
2025-10-22 08:23:40,650 [40df8fc4-149d-40c0-897d-2844034d8141-DatanodeStateMachineTaskThread-0] INFO  datanode.InitDatanodeState (InitDatanodeState.java:persistContainerDatanodeDetails(139)) - DatanodeDetails is persisted to /home/runner/work/ozone/ozone/hadoop-ozone/integration-test/target/test-dir/MiniOzoneClusterImpl-a412b9f6-7d8b-4de3-a85c-9946bceaa3a0/ozone-metadata/datanode-3/ozone-metadata/datanode.id
2025-10-22 08:23:40,657 [ForkJoinPool-1-worker-1] INFO  protocol.DatanodeDetails (DatanodeDetails.java:validateDatanodeIpAddress(199)) - Updating IP address of datanode 2ad521b7-7a63-459b-9c84-f917bba20586(localhost/null) to 127.0.0.1
2025-10-22 08:23:40,658 [ForkJoinPool-1-worker-1] INFO  ozone.HddsDatanodeService (HddsDatanodeService.java:start(236)) - HddsDatanodeService 2ad521b7-7a63-459b-9c84-f917bba20586(localhost/127.0.0.1)
2025-10-22 08:23:40,661 [ForkJoinPool-1-worker-1] INFO  upgrade.AbstractLayoutVersionManager (AbstractLayoutVersionManager.java:init(80)) - Initializing Layout version manager with metadata layout = WITNESSED_CONTAINER_DB_PROTO_VALUE (version = 9), software layout = WITNESSED_CONTAINER_DB_PROTO_VALUE (version = 9)
2025-10-22 08:23:40,662 [ForkJoinPool-1-worker-1] INFO  statemachine.DatanodeStateMachine (DatanodeStateMachine.java:getEndPointTaskThreadPoolSize(321)) - Datanode State Machine Task Thread Pool size 2
2025-10-22 08:23:40,666 [ForkJoinPool-1-worker-1] INFO  volume.HddsVolume (HddsVolume.java:<init>(162)) - HddsVolume: { id=DS-d64eaf6f-286b-44dc-91ab-c0477cd7d7cd dir=/home/runner/work/ozone/ozone/hadoop-ozone/integration-test/target/test-dir/MiniOzoneClusterImpl-a412b9f6-7d8b-4de3-a85c-9946bceaa3a0/ozone-metadata/datanode-4/data-0/hdds type=DISK capacity=9222449699674390527 used=0 available=9222449699674390527 minFree=184448985434423296 committed=0 }
2025-10-22 08:23:40,667 [ForkJoinPool-1-worker-1] INFO  volume.MutableVolumeSet (MutableVolumeSet.java:initializeVolumeSet(175)) - Added Volume : /home/runner/work/ozone/ozone/hadoop-ozone/integration-test/target/test-dir/MiniOzoneClusterImpl-a412b9f6-7d8b-4de3-a85c-9946bceaa3a0/ozone-metadata/datanode-4/data-0/hdds to VolumeSet
2025-10-22 08:23:40,668 [ForkJoinPool-1-worker-1] INFO  volume.MutableVolumeSet (MutableVolumeSet.java:initializeVolumeSet(175)) - Added Volume : /home/runner/work/ozone/ozone/hadoop-ozone/integration-test/target/test-dir/MiniOzoneClusterImpl-a412b9f6-7d8b-4de3-a85c-9946bceaa3a0/ozone-metadata/datanode-4/ratis to VolumeSet
2025-10-22 08:23:40,669 [ForkJoinPool-1-worker-1] INFO  ozoneimpl.OzoneContainer (HddsVolumeUtil.java:loadAllHddsVolumeDbStore(102)) - Load 1 volumes DbStore cost: 1ms
2025-10-22 08:23:40,670 [ForkJoinPool-1-worker-1] WARN  db.DBStoreBuilder (DBStoreBuilder.java:getDBDirPath(157)) - ozone.scm.datanode.id.dir is not configured. We recommend adding this setting. Falling back to ozone.metadata.dirs instead.
2025-10-22 08:23:40,672 [ForkJoinPool-1-worker-1] WARN  db.DBStoreBuilder (DBStoreBuilder.java:getDBDirPath(157)) - ozone.scm.datanode.id.dir is not configured. We recommend adding this setting. Falling back to ozone.metadata.dirs instead.
2025-10-22 08:23:40,689 [ForkJoinPool-1-worker-1] INFO  impl.FilePerChunkStrategy (FilePerChunkStrategy.java:<init>(79)) - ozone.chunk.read.mapped.buffer.max.count is load with 0
2025-10-22 08:23:40,690 [ForkJoinPool-1-worker-1] INFO  impl.FilePerBlockStrategy (FilePerBlockStrategy.java:<init>(88)) - ozone.chunk.read.mapped.buffer.max.count is load with 0
2025-10-22 08:23:40,690 [1c036820-4dbe-4abe-80fb-5ca88de5e2f0-EndpointStateMachineTaskThread-/0.0.0.0:15002-0 ] INFO  utils.DatanodeStoreCache (DatanodeStoreCache.java:addDB(70)) - Added db /home/runner/work/ozone/ozone/hadoop-ozone/integration-test/target/test-dir/MiniOzoneClusterImpl-a412b9f6-7d8b-4de3-a85c-9946bceaa3a0/ozone-metadata/datanode-1/data-0/hdds/a412b9f6-7d8b-4de3-a85c-9946bceaa3a0/DS-a07e098a-6398-480b-9efd-d3f505e7661c/container.db to cache
2025-10-22 08:23:40,691 [1c036820-4dbe-4abe-80fb-5ca88de5e2f0-EndpointStateMachineTaskThread-/0.0.0.0:15002-0 ] INFO  volume.HddsVolume (HddsVolume.java:createDbStore(576)) - SchemaV3 db is created and loaded at /home/runner/work/ozone/ozone/hadoop-ozone/integration-test/target/test-dir/MiniOzoneClusterImpl-a412b9f6-7d8b-4de3-a85c-9946bceaa3a0/ozone-metadata/datanode-1/data-0/hdds/a412b9f6-7d8b-4de3-a85c-9946bceaa3a0/DS-a07e098a-6398-480b-9efd-d3f505e7661c/container.db for volume DS-a07e098a-6398-480b-9efd-d3f505e7661c
2025-10-22 08:23:40,692 [ForkJoinPool-1-worker-1] INFO  server.RaftServerConfigKeys (ConfUtils.java:logGet(62)) - raft.server.log.appender.buffer.byte-limit = 33554432 (custom)
2025-10-22 08:23:40,694 [ForkJoinPool-1-worker-1] INFO  grpc.GrpcConfigKeys (ConfUtils.java:logFallback(69)) - raft.grpc.admin.host = null (fallback to raft.grpc.server.host)
2025-10-22 08:23:40,694 [ForkJoinPool-1-worker-1] INFO  grpc.GrpcConfigKeys (ConfUtils.java:logGet(62)) - raft.grpc.admin.port = 15038 (custom)
2025-10-22 08:23:40,694 [ForkJoinPool-1-worker-1] INFO  grpc.GrpcConfigKeys (ConfUtils.java:logFallback(69)) - raft.grpc.client.host = null (fallback to raft.grpc.server.host)
2025-10-22 08:23:40,695 [ForkJoinPool-1-worker-1] INFO  grpc.GrpcConfigKeys (ConfUtils.java:logGet(62)) - raft.grpc.client.port = 15037 (custom)
2025-10-22 08:23:40,695 [ForkJoinPool-1-worker-1] INFO  grpc.GrpcConfigKeys (ConfUtils.java:logGet(62)) - raft.grpc.server.port = 15039 (custom)
2025-10-22 08:23:40,695 [ForkJoinPool-1-worker-1] INFO  server.GrpcServicesImpl (ConfUtils.java:logGet(62)) - raft.grpc.message.size.max = 34603008 (custom)
2025-10-22 08:23:40,695 [ForkJoinPool-1-worker-1] INFO  server.GrpcServicesImpl (ConfUtils.java:logGet(62)) - raft.grpc.flow.control.window = 5MB (=5242880) (custom)
2025-10-22 08:23:40,695 [ForkJoinPool-1-worker-1] INFO  server.RaftServerConfigKeys (ConfUtils.java:logGet(62)) - raft.server.log.appender.buffer.byte-limit = 33554432 (custom)
2025-10-22 08:23:40,698 [ForkJoinPool-1-worker-1] INFO  netty.NettyUtils (NettyUtils.java:newEventLoopGroup(74)) - Create EpollEventLoopGroup for 2ad521b7-7a63-459b-9c84-f917bba20586-NettyServerStreamRpc-bossGroup; Thread size is 0.
2025-10-22 08:23:40,698 [ForkJoinPool-1-worker-1] INFO  netty.NettyUtils (NettyUtils.java:newEventLoopGroup(74)) - Create EpollEventLoopGroup for 2ad521b7-7a63-459b-9c84-f917bba20586-NettyServerStreamRpc-workerGroup; Thread size is 0.
2025-10-22 08:23:40,699 [ForkJoinPool-1-worker-1] INFO  netty.NettyConfigKeys$DataStream (ConfUtils.java:logGet(62)) - raft.netty.dataStream.port = 15040 (custom)
2025-10-22 08:23:40,700 [ForkJoinPool-1-worker-1] INFO  server.RaftServerConfigKeys (ConfUtils.java:logGet(62)) - raft.server.storage.dir = [/home/runner/work/ozone/ozone/hadoop-ozone/integration-test/target/test-dir/MiniOzoneClusterImpl-a412b9f6-7d8b-4de3-a85c-9946bceaa3a0/ozone-metadata/datanode-4/ratis] (custom)
2025-10-22 08:23:40,700 [2ad521b7-7a63-459b-9c84-f917bba20586-NettyServerStreamRpc-bossGroup--thread1] INFO  logging.LoggingHandler (AbstractInternalLogger.java:log(148)) - [id: 0x4c40ec0c] REGISTERED
2025-10-22 08:23:40,701 [2ad521b7-7a63-459b-9c84-f917bba20586-NettyServerStreamRpc-bossGroup--thread1] INFO  logging.LoggingHandler (AbstractInternalLogger.java:log(148)) - [id: 0x4c40ec0c] BIND: 0.0.0.0/0.0.0.0:15040
2025-10-22 08:23:40,701 [2ad521b7-7a63-459b-9c84-f917bba20586-NettyServerStreamRpc-bossGroup--thread1] INFO  logging.LoggingHandler (AbstractInternalLogger.java:log(148)) - [id: 0x4c40ec0c, L:/0.0.0.0:15040] ACTIVE
2025-10-22 08:23:40,702 [2ad521b7-7a63-459b-9c84-f917bba20586-impl-thread1] INFO  server.RaftServer (RaftServerProxy.java:initGroupDir(270)) - 2ad521b7-7a63-459b-9c84-f917bba20586: found a subdirectory /home/runner/work/ozone/ozone/hadoop-ozone/integration-test/target/test-dir/MiniOzoneClusterImpl-a412b9f6-7d8b-4de3-a85c-9946bceaa3a0/ozone-metadata/datanode-4/ratis/tmp
2025-10-22 08:23:40,702 [2ad521b7-7a63-459b-9c84-f917bba20586-impl-thread1] INFO  server.RaftServer (RaftServerProxy.java:initGroupDir(275)) - 2ad521b7-7a63-459b-9c84-f917bba20586: The directory /home/runner/work/ozone/ozone/hadoop-ozone/integration-test/target/test-dir/MiniOzoneClusterImpl-a412b9f6-7d8b-4de3-a85c-9946bceaa3a0/ozone-metadata/datanode-4/ratis/tmp is not a group directory; ignoring it. 
2025-10-22 08:23:40,703 [ForkJoinPool-1-worker-1] INFO  replication.ReplicationServer (ReplicationServer.java:<init>(84)) - Initializing replication server with thread count = 10 queue length = 4096
2025-10-22 08:23:40,704 [ForkJoinPool-1-worker-1] INFO  server.XceiverServerGrpc (XceiverServerGrpc.java:<init>(129)) - GrpcServer channel type EpollServerSocketChannel
2025-10-22 08:23:40,704 [1c036820-4dbe-4abe-80fb-5ca88de5e2f0-ContainerReader-0] INFO  ozoneimpl.ContainerReader (ContainerReader.java:readVolume(147)) - Start to verify containers on volume /home/runner/work/ozone/ozone/hadoop-ozone/integration-test/target/test-dir/MiniOzoneClusterImpl-a412b9f6-7d8b-4de3-a85c-9946bceaa3a0/ozone-metadata/datanode-1/data-0/hdds
2025-10-22 08:23:40,704 [1c036820-4dbe-4abe-80fb-5ca88de5e2f0-ContainerReader-0] INFO  ozoneimpl.ContainerReader (ContainerReader.java:readVolume(177)) - Finish verifying containers on volume /home/runner/work/ozone/ozone/hadoop-ozone/integration-test/target/test-dir/MiniOzoneClusterImpl-a412b9f6-7d8b-4de3-a85c-9946bceaa3a0/ozone-metadata/datanode-1/data-0/hdds
2025-10-22 08:23:40,705 [1c036820-4dbe-4abe-80fb-5ca88de5e2f0-EndpointStateMachineTaskThread-/0.0.0.0:15002-0 ] INFO  ozoneimpl.OzoneContainer (OzoneContainer.java:buildContainerSet(359)) - Build ContainerSet costs 0s
2025-10-22 08:23:40,706 [1c036820-4dbe-4abe-80fb-5ca88de5e2f0-EndpointStateMachineTaskThread-/0.0.0.0:15002-0 ] INFO  volume.ThrottledAsyncChecker (ThrottledAsyncChecker.java:schedule(138)) - Scheduling a check for /home/runner/work/ozone/ozone/hadoop-ozone/integration-test/target/test-dir/MiniOzoneClusterImpl-a412b9f6-7d8b-4de3-a85c-9946bceaa3a0/ozone-metadata/datanode-1/data-0/hdds
2025-10-22 08:23:40,709 [ForkJoinPool-1-worker-1] INFO  replication.ReplicationSupervisor (ReplicationSupervisor.java:build(169)) - Initializing replication supervisor with thread count = 10
2025-10-22 08:23:40,709 [ForkJoinPool-1-worker-1] INFO  replication.ReplicationSupervisor (ReplicationSupervisor.java:nodeStateUpdated(358)) - Node state updated to IN_SERVICE, scaling executor pool size to 10
2025-10-22 08:23:40,714 [ForkJoinPool-1-worker-1] INFO  http.BaseHttpServer (BaseHttpServer.java:newHttpServer2BuilderForOzone(227)) - Starting Web-server for hddsDatanode at: http://0.0.0.0:15034
2025-10-22 08:23:40,714 [ForkJoinPool-1-worker-1] INFO  http.BaseHttpServer (BaseHttpServer.java:<init>(105)) - Hadoop Security Enabled: false Ozone Security Enabled: false Ozone HTTP Security Enabled: false 
2025-10-22 08:23:40,716 [1c036820-4dbe-4abe-80fb-5ca88de5e2f0-EndpointStateMachineTaskThread-/0.0.0.0:15002-0 ] INFO  volume.StorageVolumeChecker (StorageVolumeChecker.java:checkAllVolumes(231)) - Scheduled health check for volume /home/runner/work/ozone/ozone/hadoop-ozone/integration-test/target/test-dir/MiniOzoneClusterImpl-a412b9f6-7d8b-4de3-a85c-9946bceaa3a0/ozone-metadata/datanode-1/data-0/hdds
2025-10-22 08:23:40,716 [ForkJoinPool-1-worker-1] WARN  server.AuthenticationFilter (AuthenticationFilter.java:constructSecretProvider(240)) - Unable to initialize FileSignerSecretProvider, falling back to use random secrets. Reason: Could not read signature secret file: /home/runner/hadoop-http-auth-signature-secret
2025-10-22 08:23:40,720 [ForkJoinPool-1-worker-1] INFO  http.HttpServer2 (HttpServer2.java:addGlobalFilter(1040)) - Added global filter 'safety' (class=org.apache.hadoop.hdds.server.http.HttpServer2$QuotingInputFilter)
2025-10-22 08:23:40,721 [ForkJoinPool-1-worker-1] INFO  http.HttpServer2 (HttpServer2.java:addFilter(1016)) - Added filter static_user_filter (class=org.apache.hadoop.http.lib.StaticUserWebFilter$StaticUserFilter) to context hddsDatanode
2025-10-22 08:23:40,722 [ForkJoinPool-1-worker-1] INFO  http.HttpServer2 (HttpServer2.java:addFilter(1024)) - Added filter static_user_filter (class=org.apache.hadoop.http.lib.StaticUserWebFilter$StaticUserFilter) to context logs
2025-10-22 08:23:40,722 [ForkJoinPool-1-worker-1] INFO  http.HttpServer2 (HttpServer2.java:addFilter(1024)) - Added filter static_user_filter (class=org.apache.hadoop.http.lib.StaticUserWebFilter$StaticUserFilter) to context static
2025-10-22 08:23:40,723 [ForkJoinPool-1-worker-1] INFO  http.BaseHttpServer (BaseHttpServer.java:<init>(193)) - HTTP server of hddsDatanode uses base directory /home/runner/work/ozone/ozone/hadoop-ozone/integration-test/target/test-dir/MiniOzoneClusterImpl-a412b9f6-7d8b-4de3-a85c-9946bceaa3a0/scm/ozone-metadata/webserver
2025-10-22 08:23:40,723 [ForkJoinPool-1-worker-1] INFO  http.HttpServer2 (HttpServer2.java:bindListener(1240)) - Jetty bound to port 15034
2025-10-22 08:23:40,723 [ForkJoinPool-1-worker-1] INFO  server.Server (Server.java:doStart(375)) - jetty-9.4.58.v20250814; built: 2025-08-14T02:28:49.637Z; git: 8f1440587e9e4ae7db3d74cf205643f3d707148d; jvm 21.0.8+9-LTS
2025-10-22 08:23:40,725 [ForkJoinPool-1-worker-1] INFO  server.session (DefaultSessionIdManager.java:doStart(334)) - DefaultSessionIdManager workerName=node0
2025-10-22 08:23:40,725 [ForkJoinPool-1-worker-1] INFO  server.session (DefaultSessionIdManager.java:doStart(339)) - No SessionScavenger set, using defaults
2025-10-22 08:23:40,725 [ForkJoinPool-1-worker-1] INFO  server.session (HouseKeeper.java:startScavenging(132)) - node0 Scavenging every 600000ms
2025-10-22 08:23:40,726 [1c036820-4dbe-4abe-80fb-5ca88de5e2f0-EndpointStateMachineTaskThread-/0.0.0.0:15002-0 ] INFO  volume.ThrottledAsyncChecker (ThrottledAsyncChecker.java:schedule(138)) - Scheduling a check for /home/runner/work/ozone/ozone/hadoop-ozone/integration-test/target/test-dir/MiniOzoneClusterImpl-a412b9f6-7d8b-4de3-a85c-9946bceaa3a0/ozone-metadata/datanode-1/ratis
2025-10-22 08:23:40,726 [1c036820-4dbe-4abe-80fb-5ca88de5e2f0-EndpointStateMachineTaskThread-/0.0.0.0:15002-0 ] INFO  volume.StorageVolumeChecker (StorageVolumeChecker.java:checkAllVolumes(231)) - Scheduled health check for volume /home/runner/work/ozone/ozone/hadoop-ozone/integration-test/target/test-dir/MiniOzoneClusterImpl-a412b9f6-7d8b-4de3-a85c-9946bceaa3a0/ozone-metadata/datanode-1/ratis
2025-10-22 08:23:40,726 [ForkJoinPool-1-worker-1] INFO  handler.ContextHandler (ContextHandler.java:doStart(921)) - Started o.e.j.s.ServletContextHandler@4549b9db{logs,/logs,file:///home/runner/work/ozone/ozone/hadoop-ozone/integration-test/target/log,AVAILABLE}
2025-10-22 08:23:40,727 [ForkJoinPool-1-worker-1] INFO  handler.ContextHandler (ContextHandler.java:doStart(921)) - Started o.e.j.s.ServletContextHandler@6797e6ae{static,/static,jar:file:/home/runner/work/ozone/ozone/hadoop-hdds/container-service/target/hdds-container-service-2.1.0-SNAPSHOT.jar!/webapps/static,AVAILABLE}
2025-10-22 08:23:40,728 [1c036820-4dbe-4abe-80fb-5ca88de5e2f0-EndpointStateMachineTaskThread-/0.0.0.0:15002-0 ] INFO  ozoneimpl.OzoneContainer (OzoneContainer.java:start(544)) - Attempting to start container services.
2025-10-22 08:23:40,736 [ContainerMetadataScanner] INFO  ozoneimpl.AbstractBackgroundContainerScanner (AbstractBackgroundContainerScanner.java:runIteration(89)) - Completed an iteration in 0 minutes. Number of iterations (since the data-node restart) : 1, Number of containers scanned in this iteration : 0, Number of unhealthy containers found in this iteration : 0
2025-10-22 08:23:40,741 [ContainerDataScanner(/home/runner/work/ozone/ozone/hadoop-ozone/integration-test/target/test-dir/MiniOzoneClusterImpl-a412b9f6-7d8b-4de3-a85c-9946bceaa3a0/ozone-metadata/datanode-1/data-0/hdds)] INFO  ozoneimpl.AbstractBackgroundContainerScanner (AbstractBackgroundContainerScanner.java:runIteration(89)) - Completed an iteration in 0 minutes. Number of iterations (since the data-node restart) : 1, Number of containers scanned in this iteration : 0, Number of unhealthy containers found in this iteration : 0
2025-10-22 08:23:40,742 [1c036820-4dbe-4abe-80fb-5ca88de5e2f0-EndpointStateMachineTaskThread-/0.0.0.0:15002-0 ] INFO  replication.ReplicationServer (ReplicationServer.java:start(137)) - ReplicationServer is started using port 15017
2025-10-22 08:23:40,744 [1c036820-4dbe-4abe-80fb-5ca88de5e2f0-EndpointStateMachineTaskThread-/0.0.0.0:15002-0 ] INFO  ratis.XceiverServerRatis (XceiverServerRatis.java:start(559)) - Starting XceiverServerRatis(1c036820-4dbe-4abe-80fb-5ca88de5e2f0)
2025-10-22 08:23:40,746 [1c036820-4dbe-4abe-80fb-5ca88de5e2f0-EndpointStateMachineTaskThread-/0.0.0.0:15002-0 ] INFO  server.RaftServer (RaftServerProxy.java:startImpl(412)) - 1c036820-4dbe-4abe-80fb-5ca88de5e2f0: start RPC server
2025-10-22 08:23:40,747 [1c036820-4dbe-4abe-80fb-5ca88de5e2f0-EndpointStateMachineTaskThread-/0.0.0.0:15002-0 ] INFO  server.GrpcServicesImpl (GrpcServicesImpl.java:startImpl(346)) - 1c036820-4dbe-4abe-80fb-5ca88de5e2f0: GrpcServicesImpl started, listening on 15013
2025-10-22 08:23:40,748 [1c036820-4dbe-4abe-80fb-5ca88de5e2f0-EndpointStateMachineTaskThread-/0.0.0.0:15002-0 ] INFO  server.GrpcServicesImpl (GrpcServicesImpl.java:startImpl(346)) - 1c036820-4dbe-4abe-80fb-5ca88de5e2f0: GrpcServicesImpl started, listening on 15015
2025-10-22 08:23:40,748 [1c036820-4dbe-4abe-80fb-5ca88de5e2f0-EndpointStateMachineTaskThread-/0.0.0.0:15002-0 ] INFO  server.GrpcServicesImpl (GrpcServicesImpl.java:startImpl(346)) - 1c036820-4dbe-4abe-80fb-5ca88de5e2f0: GrpcServicesImpl started, listening on 15014
2025-10-22 08:23:40,748 [1c036820-4dbe-4abe-80fb-5ca88de5e2f0-EndpointStateMachineTaskThread-/0.0.0.0:15002-0 ] INFO  ratis.XceiverServerRatis (XceiverServerRatis.java:getRealPort(586)) - XceiverServerRatis(1c036820-4dbe-4abe-80fb-5ca88de5e2f0) is started using port RATIS=15013
2025-10-22 08:23:40,749 [1c036820-4dbe-4abe-80fb-5ca88de5e2f0-EndpointStateMachineTaskThread-/0.0.0.0:15002-0 ] INFO  ratis.XceiverServerRatis (XceiverServerRatis.java:getRealPort(586)) - XceiverServerRatis(1c036820-4dbe-4abe-80fb-5ca88de5e2f0) is started using port RATIS_ADMIN=15014
2025-10-22 08:23:40,749 [1c036820-4dbe-4abe-80fb-5ca88de5e2f0-EndpointStateMachineTaskThread-/0.0.0.0:15002-0 ] INFO  ratis.XceiverServerRatis (XceiverServerRatis.java:getRealPort(586)) - XceiverServerRatis(1c036820-4dbe-4abe-80fb-5ca88de5e2f0) is started using port RATIS_SERVER=15015
2025-10-22 08:23:40,749 [1c036820-4dbe-4abe-80fb-5ca88de5e2f0-EndpointStateMachineTaskThread-/0.0.0.0:15002-0 ] INFO  ratis.XceiverServerRatis (XceiverServerRatis.java:getRealPort(586)) - XceiverServerRatis(1c036820-4dbe-4abe-80fb-5ca88de5e2f0) is started using port RATIS_DATASTREAM=15016
2025-10-22 08:23:40,749 [JvmPauseMonitor3] INFO  util.JvmPauseMonitor (JvmPauseMonitor.java:run(146)) - JvmPauseMonitor-1c036820-4dbe-4abe-80fb-5ca88de5e2f0: Started
2025-10-22 08:23:40,750 [1c036820-4dbe-4abe-80fb-5ca88de5e2f0-EndpointStateMachineTaskThread-/0.0.0.0:15002-0 ] INFO  utils.BackgroundService (BackgroundService.java:start(119)) - Starting service BlockDeletingService with interval 60000 milliseconds
2025-10-22 08:23:40,752 [1c036820-4dbe-4abe-80fb-5ca88de5e2f0-EndpointStateMachineTaskThread-/0.0.0.0:15002-0 ] INFO  utils.BackgroundService (BackgroundService.java:start(119)) - Starting service StaleRecoveringContainerScrubbingService with interval 60000 milliseconds
2025-10-22 08:23:40,893 [4d8a2798-959e-416b-b534-19c13b55a760-EndpointStateMachineTaskThread-/0.0.0.0:15002-0 ] INFO  utils.DatanodeStoreCache (DatanodeStoreCache.java:addDB(70)) - Added db /home/runner/work/ozone/ozone/hadoop-ozone/integration-test/target/test-dir/MiniOzoneClusterImpl-a412b9f6-7d8b-4de3-a85c-9946bceaa3a0/ozone-metadata/datanode-2/data-0/hdds/a412b9f6-7d8b-4de3-a85c-9946bceaa3a0/DS-4aaa098a-486e-4441-80f0-7688bb8bbdde/container.db to cache
2025-10-22 08:23:40,893 [4d8a2798-959e-416b-b534-19c13b55a760-EndpointStateMachineTaskThread-/0.0.0.0:15002-0 ] INFO  volume.HddsVolume (HddsVolume.java:createDbStore(576)) - SchemaV3 db is created and loaded at /home/runner/work/ozone/ozone/hadoop-ozone/integration-test/target/test-dir/MiniOzoneClusterImpl-a412b9f6-7d8b-4de3-a85c-9946bceaa3a0/ozone-metadata/datanode-2/data-0/hdds/a412b9f6-7d8b-4de3-a85c-9946bceaa3a0/DS-4aaa098a-486e-4441-80f0-7688bb8bbdde/container.db for volume DS-4aaa098a-486e-4441-80f0-7688bb8bbdde
2025-10-22 08:23:40,896 [4d8a2798-959e-416b-b534-19c13b55a760-ContainerReader-0] INFO  ozoneimpl.ContainerReader (ContainerReader.java:readVolume(147)) - Start to verify containers on volume /home/runner/work/ozone/ozone/hadoop-ozone/integration-test/target/test-dir/MiniOzoneClusterImpl-a412b9f6-7d8b-4de3-a85c-9946bceaa3a0/ozone-metadata/datanode-2/data-0/hdds
2025-10-22 08:23:40,896 [4d8a2798-959e-416b-b534-19c13b55a760-ContainerReader-0] INFO  ozoneimpl.ContainerReader (ContainerReader.java:readVolume(177)) - Finish verifying containers on volume /home/runner/work/ozone/ozone/hadoop-ozone/integration-test/target/test-dir/MiniOzoneClusterImpl-a412b9f6-7d8b-4de3-a85c-9946bceaa3a0/ozone-metadata/datanode-2/data-0/hdds
2025-10-22 08:23:40,896 [4d8a2798-959e-416b-b534-19c13b55a760-EndpointStateMachineTaskThread-/0.0.0.0:15002-0 ] INFO  ozoneimpl.OzoneContainer (OzoneContainer.java:buildContainerSet(359)) - Build ContainerSet costs 0s
2025-10-22 08:23:40,897 [4d8a2798-959e-416b-b534-19c13b55a760-EndpointStateMachineTaskThread-/0.0.0.0:15002-0 ] INFO  volume.ThrottledAsyncChecker (ThrottledAsyncChecker.java:schedule(138)) - Scheduling a check for /home/runner/work/ozone/ozone/hadoop-ozone/integration-test/target/test-dir/MiniOzoneClusterImpl-a412b9f6-7d8b-4de3-a85c-9946bceaa3a0/ozone-metadata/datanode-2/data-0/hdds
2025-10-22 08:23:40,898 [4d8a2798-959e-416b-b534-19c13b55a760-EndpointStateMachineTaskThread-/0.0.0.0:15002-0 ] INFO  volume.StorageVolumeChecker (StorageVolumeChecker.java:checkAllVolumes(231)) - Scheduled health check for volume /home/runner/work/ozone/ozone/hadoop-ozone/integration-test/target/test-dir/MiniOzoneClusterImpl-a412b9f6-7d8b-4de3-a85c-9946bceaa3a0/ozone-metadata/datanode-2/data-0/hdds
2025-10-22 08:23:40,901 [4d8a2798-959e-416b-b534-19c13b55a760-EndpointStateMachineTaskThread-/0.0.0.0:15002-0 ] INFO  volume.ThrottledAsyncChecker (ThrottledAsyncChecker.java:schedule(138)) - Scheduling a check for /home/runner/work/ozone/ozone/hadoop-ozone/integration-test/target/test-dir/MiniOzoneClusterImpl-a412b9f6-7d8b-4de3-a85c-9946bceaa3a0/ozone-metadata/datanode-2/ratis
2025-10-22 08:23:40,901 [4d8a2798-959e-416b-b534-19c13b55a760-EndpointStateMachineTaskThread-/0.0.0.0:15002-0 ] INFO  volume.StorageVolumeChecker (StorageVolumeChecker.java:checkAllVolumes(231)) - Scheduled health check for volume /home/runner/work/ozone/ozone/hadoop-ozone/integration-test/target/test-dir/MiniOzoneClusterImpl-a412b9f6-7d8b-4de3-a85c-9946bceaa3a0/ozone-metadata/datanode-2/ratis
2025-10-22 08:23:40,902 [4d8a2798-959e-416b-b534-19c13b55a760-EndpointStateMachineTaskThread-/0.0.0.0:15002-0 ] INFO  ozoneimpl.OzoneContainer (OzoneContainer.java:start(544)) - Attempting to start container services.
2025-10-22 08:23:40,903 [ContainerMetadataScanner] INFO  ozoneimpl.AbstractBackgroundContainerScanner (AbstractBackgroundContainerScanner.java:runIteration(89)) - Completed an iteration in 0 minutes. Number of iterations (since the data-node restart) : 1, Number of containers scanned in this iteration : 0, Number of unhealthy containers found in this iteration : 0
2025-10-22 08:23:40,904 [ContainerDataScanner(/home/runner/work/ozone/ozone/hadoop-ozone/integration-test/target/test-dir/MiniOzoneClusterImpl-a412b9f6-7d8b-4de3-a85c-9946bceaa3a0/ozone-metadata/datanode-2/data-0/hdds)] INFO  ozoneimpl.AbstractBackgroundContainerScanner (AbstractBackgroundContainerScanner.java:runIteration(89)) - Completed an iteration in 0 minutes. Number of iterations (since the data-node restart) : 1, Number of containers scanned in this iteration : 0, Number of unhealthy containers found in this iteration : 0
2025-10-22 08:23:40,905 [4d8a2798-959e-416b-b534-19c13b55a760-EndpointStateMachineTaskThread-/0.0.0.0:15002-0 ] INFO  replication.ReplicationServer (ReplicationServer.java:start(137)) - ReplicationServer is started using port 15025
2025-10-22 08:23:40,905 [4d8a2798-959e-416b-b534-19c13b55a760-EndpointStateMachineTaskThread-/0.0.0.0:15002-0 ] INFO  ratis.XceiverServerRatis (XceiverServerRatis.java:start(559)) - Starting XceiverServerRatis(4d8a2798-959e-416b-b534-19c13b55a760)
2025-10-22 08:23:40,906 [4d8a2798-959e-416b-b534-19c13b55a760-EndpointStateMachineTaskThread-/0.0.0.0:15002-0 ] INFO  server.RaftServer (RaftServerProxy.java:startImpl(412)) - 4d8a2798-959e-416b-b534-19c13b55a760: start RPC server
2025-10-22 08:23:40,907 [4d8a2798-959e-416b-b534-19c13b55a760-EndpointStateMachineTaskThread-/0.0.0.0:15002-0 ] INFO  server.GrpcServicesImpl (GrpcServicesImpl.java:startImpl(346)) - 4d8a2798-959e-416b-b534-19c13b55a760: GrpcServicesImpl started, listening on 15021
2025-10-22 08:23:40,907 [4d8a2798-959e-416b-b534-19c13b55a760-EndpointStateMachineTaskThread-/0.0.0.0:15002-0 ] INFO  server.GrpcServicesImpl (GrpcServicesImpl.java:startImpl(346)) - 4d8a2798-959e-416b-b534-19c13b55a760: GrpcServicesImpl started, listening on 15023
2025-10-22 08:23:40,908 [4d8a2798-959e-416b-b534-19c13b55a760-EndpointStateMachineTaskThread-/0.0.0.0:15002-0 ] INFO  server.GrpcServicesImpl (GrpcServicesImpl.java:startImpl(346)) - 4d8a2798-959e-416b-b534-19c13b55a760: GrpcServicesImpl started, listening on 15022
2025-10-22 08:23:40,908 [4d8a2798-959e-416b-b534-19c13b55a760-EndpointStateMachineTaskThread-/0.0.0.0:15002-0 ] INFO  ratis.XceiverServerRatis (XceiverServerRatis.java:getRealPort(586)) - XceiverServerRatis(4d8a2798-959e-416b-b534-19c13b55a760) is started using port RATIS=15021
2025-10-22 08:23:40,909 [4d8a2798-959e-416b-b534-19c13b55a760-EndpointStateMachineTaskThread-/0.0.0.0:15002-0 ] INFO  ratis.XceiverServerRatis (XceiverServerRatis.java:getRealPort(586)) - XceiverServerRatis(4d8a2798-959e-416b-b534-19c13b55a760) is started using port RATIS_ADMIN=15022
2025-10-22 08:23:40,909 [4d8a2798-959e-416b-b534-19c13b55a760-EndpointStateMachineTaskThread-/0.0.0.0:15002-0 ] INFO  ratis.XceiverServerRatis (XceiverServerRatis.java:getRealPort(586)) - XceiverServerRatis(4d8a2798-959e-416b-b534-19c13b55a760) is started using port RATIS_SERVER=15023
2025-10-22 08:23:40,909 [4d8a2798-959e-416b-b534-19c13b55a760-EndpointStateMachineTaskThread-/0.0.0.0:15002-0 ] INFO  ratis.XceiverServerRatis (XceiverServerRatis.java:getRealPort(586)) - XceiverServerRatis(4d8a2798-959e-416b-b534-19c13b55a760) is started using port RATIS_DATASTREAM=15024
2025-10-22 08:23:40,908 [JvmPauseMonitor4] INFO  util.JvmPauseMonitor (JvmPauseMonitor.java:run(146)) - JvmPauseMonitor-4d8a2798-959e-416b-b534-19c13b55a760: Started
2025-10-22 08:23:40,910 [4d8a2798-959e-416b-b534-19c13b55a760-EndpointStateMachineTaskThread-/0.0.0.0:15002-0 ] INFO  utils.BackgroundService (BackgroundService.java:start(119)) - Starting service BlockDeletingService with interval 60000 milliseconds
2025-10-22 08:23:40,911 [4d8a2798-959e-416b-b534-19c13b55a760-EndpointStateMachineTaskThread-/0.0.0.0:15002-0 ] INFO  utils.BackgroundService (BackgroundService.java:start(119)) - Starting service StaleRecoveringContainerScrubbingService with interval 60000 milliseconds
2025-10-22 08:23:40,915 [ForkJoinPool-1-worker-1] INFO  handler.ContextHandler (ContextHandler.java:doStart(921)) - Started o.e.j.w.WebAppContext@1cc7bba2{hddsDatanode,/,file:///home/runner/work/ozone/ozone/hadoop-ozone/integration-test/target/test-dir/MiniOzoneClusterImpl-a412b9f6-7d8b-4de3-a85c-9946bceaa3a0/scm/ozone-metadata/webserver/jetty-0_0_0_0-15034-hdds-container-service-2_1_0-SNAPSHOT_jar-_-any-11601094519941717902/webapp/,AVAILABLE}{jar:file:/home/runner/work/ozone/ozone/hadoop-hdds/container-service/target/hdds-container-service-2.1.0-SNAPSHOT.jar!/webapps/hddsDatanode}
2025-10-22 08:23:40,915 [ForkJoinPool-1-worker-1] INFO  server.AbstractConnector (AbstractConnector.java:doStart(333)) - Started ServerConnector@50155c5e{HTTP/1.1, (http/1.1)}{0.0.0.0:15034}
2025-10-22 08:23:40,916 [ForkJoinPool-1-worker-1] INFO  server.Server (Server.java:doStart(415)) - Started @12513ms
2025-10-22 08:23:40,916 [ForkJoinPool-1-worker-1] WARN  impl.MetricsSystemImpl (MetricsSystemImpl.java:register(279)) - Sink prometheus already exists!
2025-10-22 08:23:40,916 [ForkJoinPool-1-worker-1] INFO  http.BaseHttpServer (BaseHttpServer.java:updateConnectorAddress(357)) - HTTP server of hddsDatanode listening at http://localhost:15034
2025-10-22 08:23:40,916 [ForkJoinPool-1-worker-1] INFO  ipc.CallQueueManager (CallQueueManager.java:<init>(93)) - Using callQueue: class java.util.concurrent.LinkedBlockingQueue, queueCapacity: 1000, scheduler: class org.apache.hadoop.ipc.DefaultRpcScheduler, ipcBackoff: false, ipcFailOver: false.
2025-10-22 08:23:40,917 [ForkJoinPool-1-worker-1] INFO  ipc.Server (Server.java:<init>(1438)) - Listener at 0.0.0.0:15035
2025-10-22 08:23:40,917 [Socket Reader #1 for port 15035] INFO  ipc.Server (Server.java:run(1474)) - Starting Socket Reader #1 for port 15035
2025-10-22 08:23:40,917 [Socket Reader #2 for port 15035] INFO  ipc.Server (Server.java:run(1474)) - Starting Socket Reader #2 for port 15035
2025-10-22 08:23:40,918 [Socket Reader #3 for port 15035] INFO  ipc.Server (Server.java:run(1474)) - Starting Socket Reader #3 for port 15035
2025-10-22 08:23:40,918 [Socket Reader #4 for port 15035] INFO  ipc.Server (Server.java:run(1474)) - Starting Socket Reader #4 for port 15035
2025-10-22 08:23:40,918 [Socket Reader #5 for port 15035] INFO  ipc.Server (Server.java:run(1474)) - Starting Socket Reader #5 for port 15035
2025-10-22 08:23:40,918 [Socket Reader #6 for port 15035] INFO  ipc.Server (Server.java:run(1474)) - Starting Socket Reader #6 for port 15035
2025-10-22 08:23:40,918 [Socket Reader #7 for port 15035] INFO  ipc.Server (Server.java:run(1474)) - Starting Socket Reader #7 for port 15035
2025-10-22 08:23:40,919 [Socket Reader #8 for port 15035] INFO  ipc.Server (Server.java:run(1474)) - Starting Socket Reader #8 for port 15035
2025-10-22 08:23:40,919 [Socket Reader #9 for port 15035] INFO  ipc.Server (Server.java:run(1474)) - Starting Socket Reader #9 for port 15035
2025-10-22 08:23:40,919 [Socket Reader #10 for port 15035] INFO  ipc.Server (Server.java:run(1474)) - Starting Socket Reader #10 for port 15035
2025-10-22 08:23:40,921 [ForkJoinPool-1-worker-1] INFO  ozone.HddsDatanodeService (HddsDatanodeService.java:start(333)) - Datanode start with admins: [admin, runner]
2025-10-22 08:23:40,921 [ForkJoinPool-1-worker-1] INFO  ozone.HddsDatanodeClientProtocolServer (HddsDatanodeClientProtocolServer.java:start(76)) - RPC server for Client /0.0.0.0:15035
2025-10-22 08:23:40,921 [IPC Server Responder] INFO  ipc.Server (Server.java:run(1713)) - IPC Server Responder: starting
2025-10-22 08:23:40,921 [IPC Server listener on 15035] INFO  ipc.Server (Server.java:run(1553)) - IPC Server listener on 15035: starting
2025-10-22 08:23:40,923 [ForkJoinPool-1-worker-1] WARN  dropwizard3.Dm3MetricRegistriesImpl (Dm3MetricRegistriesImpl.java:addReporterRegistration(114)) - New reporters are added after registries were created. Some metrics will be missing from the reporter. Please add reporter before adding any new registry.
2025-10-22 08:23:40,923 [ForkJoinPool-1-worker-1] WARN  dropwizard3.Dm3MetricRegistriesImpl (Dm3MetricRegistriesImpl.java:addReporterRegistration(114)) - New reporters are added after registries were created. Some metrics will be missing from the reporter. Please add reporter before adding any new registry.
2025-10-22 08:23:40,924 [2ad521b7-7a63-459b-9c84-f917bba20586-DatanodeStateMachineDaemonThread] INFO  statemachine.DatanodeStateMachine (DatanodeStateMachine.java:startStateMachineThread(363)) - Ozone container server started.
2025-10-22 08:23:40,928 [2ad521b7-7a63-459b-9c84-f917bba20586-DatanodeStateMachineTaskThread-0] INFO  datanode.InitDatanodeState (InitDatanodeState.java:persistContainerDatanodeDetails(139)) - DatanodeDetails is persisted to /home/runner/work/ozone/ozone/hadoop-ozone/integration-test/target/test-dir/MiniOzoneClusterImpl-a412b9f6-7d8b-4de3-a85c-9946bceaa3a0/ozone-metadata/datanode-4/ozone-metadata/datanode.id
2025-10-22 08:23:40,945 [ForkJoinPool-1-worker-1] INFO  protocol.DatanodeDetails (DatanodeDetails.java:validateDatanodeIpAddress(199)) - Updating IP address of datanode cb442068-6d75-4200-81e8-5fb60de94381(localhost/null) to 127.0.0.1
2025-10-22 08:23:40,945 [ForkJoinPool-1-worker-1] INFO  ozone.HddsDatanodeService (HddsDatanodeService.java:start(236)) - HddsDatanodeService cb442068-6d75-4200-81e8-5fb60de94381(localhost/127.0.0.1)
2025-10-22 08:23:40,947 [ForkJoinPool-1-worker-1] INFO  upgrade.AbstractLayoutVersionManager (AbstractLayoutVersionManager.java:init(80)) - Initializing Layout version manager with metadata layout = WITNESSED_CONTAINER_DB_PROTO_VALUE (version = 9), software layout = WITNESSED_CONTAINER_DB_PROTO_VALUE (version = 9)
2025-10-22 08:23:40,948 [ForkJoinPool-1-worker-1] INFO  statemachine.DatanodeStateMachine (DatanodeStateMachine.java:getEndPointTaskThreadPoolSize(321)) - Datanode State Machine Task Thread Pool size 2
2025-10-22 08:23:40,951 [ForkJoinPool-1-worker-1] INFO  volume.HddsVolume (HddsVolume.java:<init>(162)) - HddsVolume: { id=DS-13ebce45-4936-447c-ac4e-e09d4f1f3262 dir=/home/runner/work/ozone/ozone/hadoop-ozone/integration-test/target/test-dir/MiniOzoneClusterImpl-a412b9f6-7d8b-4de3-a85c-9946bceaa3a0/ozone-metadata/datanode-5/data-0/hdds type=DISK capacity=9222449699674390527 used=0 available=9222449699674390527 minFree=184448985434423296 committed=0 }
2025-10-22 08:23:40,951 [ForkJoinPool-1-worker-1] INFO  volume.MutableVolumeSet (MutableVolumeSet.java:initializeVolumeSet(175)) - Added Volume : /home/runner/work/ozone/ozone/hadoop-ozone/integration-test/target/test-dir/MiniOzoneClusterImpl-a412b9f6-7d8b-4de3-a85c-9946bceaa3a0/ozone-metadata/datanode-5/data-0/hdds to VolumeSet
2025-10-22 08:23:40,953 [ForkJoinPool-1-worker-1] INFO  volume.MutableVolumeSet (MutableVolumeSet.java:initializeVolumeSet(175)) - Added Volume : /home/runner/work/ozone/ozone/hadoop-ozone/integration-test/target/test-dir/MiniOzoneClusterImpl-a412b9f6-7d8b-4de3-a85c-9946bceaa3a0/ozone-metadata/datanode-5/ratis to VolumeSet
2025-10-22 08:23:40,953 [ForkJoinPool-1-worker-1] INFO  ozoneimpl.OzoneContainer (HddsVolumeUtil.java:loadAllHddsVolumeDbStore(102)) - Load 1 volumes DbStore cost: 0ms
2025-10-22 08:23:40,954 [ForkJoinPool-1-worker-1] WARN  db.DBStoreBuilder (DBStoreBuilder.java:getDBDirPath(157)) - ozone.scm.datanode.id.dir is not configured. We recommend adding this setting. Falling back to ozone.metadata.dirs instead.
2025-10-22 08:23:40,955 [ForkJoinPool-1-worker-1] WARN  db.DBStoreBuilder (DBStoreBuilder.java:getDBDirPath(157)) - ozone.scm.datanode.id.dir is not configured. We recommend adding this setting. Falling back to ozone.metadata.dirs instead.
2025-10-22 08:23:40,970 [ForkJoinPool-1-worker-1] INFO  impl.FilePerChunkStrategy (FilePerChunkStrategy.java:<init>(79)) - ozone.chunk.read.mapped.buffer.max.count is load with 0
2025-10-22 08:23:40,970 [ForkJoinPool-1-worker-1] INFO  impl.FilePerBlockStrategy (FilePerBlockStrategy.java:<init>(88)) - ozone.chunk.read.mapped.buffer.max.count is load with 0
2025-10-22 08:23:40,971 [ForkJoinPool-1-worker-1] INFO  server.RaftServerConfigKeys (ConfUtils.java:logGet(62)) - raft.server.log.appender.buffer.byte-limit = 33554432 (custom)
2025-10-22 08:23:40,973 [ForkJoinPool-1-worker-1] INFO  grpc.GrpcConfigKeys (ConfUtils.java:logFallback(69)) - raft.grpc.admin.host = null (fallback to raft.grpc.server.host)
2025-10-22 08:23:40,973 [ForkJoinPool-1-worker-1] INFO  grpc.GrpcConfigKeys (ConfUtils.java:logGet(62)) - raft.grpc.admin.port = 15046 (custom)
2025-10-22 08:23:40,974 [ForkJoinPool-1-worker-1] INFO  grpc.GrpcConfigKeys (ConfUtils.java:logFallback(69)) - raft.grpc.client.host = null (fallback to raft.grpc.server.host)
2025-10-22 08:23:40,974 [ForkJoinPool-1-worker-1] INFO  grpc.GrpcConfigKeys (ConfUtils.java:logGet(62)) - raft.grpc.client.port = 15045 (custom)
2025-10-22 08:23:40,974 [ForkJoinPool-1-worker-1] INFO  grpc.GrpcConfigKeys (ConfUtils.java:logGet(62)) - raft.grpc.server.port = 15047 (custom)
2025-10-22 08:23:40,974 [ForkJoinPool-1-worker-1] INFO  server.GrpcServicesImpl (ConfUtils.java:logGet(62)) - raft.grpc.message.size.max = 34603008 (custom)
2025-10-22 08:23:40,974 [ForkJoinPool-1-worker-1] INFO  server.GrpcServicesImpl (ConfUtils.java:logGet(62)) - raft.grpc.flow.control.window = 5MB (=5242880) (custom)
2025-10-22 08:23:40,974 [ForkJoinPool-1-worker-1] INFO  server.RaftServerConfigKeys (ConfUtils.java:logGet(62)) - raft.server.log.appender.buffer.byte-limit = 33554432 (custom)
2025-10-22 08:23:40,976 [ForkJoinPool-1-worker-1] INFO  netty.NettyUtils (NettyUtils.java:newEventLoopGroup(74)) - Create EpollEventLoopGroup for cb442068-6d75-4200-81e8-5fb60de94381-NettyServerStreamRpc-bossGroup; Thread size is 0.
2025-10-22 08:23:40,977 [ForkJoinPool-1-worker-1] INFO  netty.NettyUtils (NettyUtils.java:newEventLoopGroup(74)) - Create EpollEventLoopGroup for cb442068-6d75-4200-81e8-5fb60de94381-NettyServerStreamRpc-workerGroup; Thread size is 0.
2025-10-22 08:23:40,978 [ForkJoinPool-1-worker-1] INFO  netty.NettyConfigKeys$DataStream (ConfUtils.java:logGet(62)) - raft.netty.dataStream.port = 15048 (custom)
2025-10-22 08:23:40,978 [ForkJoinPool-1-worker-1] INFO  server.RaftServerConfigKeys (ConfUtils.java:logGet(62)) - raft.server.storage.dir = [/home/runner/work/ozone/ozone/hadoop-ozone/integration-test/target/test-dir/MiniOzoneClusterImpl-a412b9f6-7d8b-4de3-a85c-9946bceaa3a0/ozone-metadata/datanode-5/ratis] (custom)
2025-10-22 08:23:40,979 [cb442068-6d75-4200-81e8-5fb60de94381-NettyServerStreamRpc-bossGroup--thread1] INFO  logging.LoggingHandler (AbstractInternalLogger.java:log(148)) - [id: 0xe864557c] REGISTERED
2025-10-22 08:23:40,979 [cb442068-6d75-4200-81e8-5fb60de94381-NettyServerStreamRpc-bossGroup--thread1] INFO  logging.LoggingHandler (AbstractInternalLogger.java:log(148)) - [id: 0xe864557c] BIND: 0.0.0.0/0.0.0.0:15048
2025-10-22 08:23:40,979 [cb442068-6d75-4200-81e8-5fb60de94381-impl-thread1] INFO  server.RaftServer (RaftServerProxy.java:initGroupDir(270)) - cb442068-6d75-4200-81e8-5fb60de94381: found a subdirectory /home/runner/work/ozone/ozone/hadoop-ozone/integration-test/target/test-dir/MiniOzoneClusterImpl-a412b9f6-7d8b-4de3-a85c-9946bceaa3a0/ozone-metadata/datanode-5/ratis/tmp
2025-10-22 08:23:40,979 [cb442068-6d75-4200-81e8-5fb60de94381-impl-thread1] INFO  server.RaftServer (RaftServerProxy.java:initGroupDir(275)) - cb442068-6d75-4200-81e8-5fb60de94381: The directory /home/runner/work/ozone/ozone/hadoop-ozone/integration-test/target/test-dir/MiniOzoneClusterImpl-a412b9f6-7d8b-4de3-a85c-9946bceaa3a0/ozone-metadata/datanode-5/ratis/tmp is not a group directory; ignoring it. 
2025-10-22 08:23:40,980 [cb442068-6d75-4200-81e8-5fb60de94381-NettyServerStreamRpc-bossGroup--thread1] INFO  logging.LoggingHandler (AbstractInternalLogger.java:log(148)) - [id: 0xe864557c, L:/0.0.0.0:15048] ACTIVE
2025-10-22 08:23:40,980 [ForkJoinPool-1-worker-1] INFO  replication.ReplicationServer (ReplicationServer.java:<init>(84)) - Initializing replication server with thread count = 10 queue length = 4096
2025-10-22 08:23:40,981 [ForkJoinPool-1-worker-1] INFO  server.XceiverServerGrpc (XceiverServerGrpc.java:<init>(129)) - GrpcServer channel type EpollServerSocketChannel
2025-10-22 08:23:40,983 [ForkJoinPool-1-worker-1] INFO  replication.ReplicationSupervisor (ReplicationSupervisor.java:build(169)) - Initializing replication supervisor with thread count = 10
2025-10-22 08:23:40,983 [ForkJoinPool-1-worker-1] INFO  replication.ReplicationSupervisor (ReplicationSupervisor.java:nodeStateUpdated(358)) - Node state updated to IN_SERVICE, scaling executor pool size to 10
2025-10-22 08:23:40,994 [ForkJoinPool-1-worker-1] INFO  http.BaseHttpServer (BaseHttpServer.java:newHttpServer2BuilderForOzone(227)) - Starting Web-server for hddsDatanode at: http://0.0.0.0:15042
2025-10-22 08:23:40,994 [ForkJoinPool-1-worker-1] INFO  http.BaseHttpServer (BaseHttpServer.java:<init>(105)) - Hadoop Security Enabled: false Ozone Security Enabled: false Ozone HTTP Security Enabled: false 
2025-10-22 08:23:40,996 [ForkJoinPool-1-worker-1] WARN  server.AuthenticationFilter (AuthenticationFilter.java:constructSecretProvider(240)) - Unable to initialize FileSignerSecretProvider, falling back to use random secrets. Reason: Could not read signature secret file: /home/runner/hadoop-http-auth-signature-secret
2025-10-22 08:23:40,999 [ForkJoinPool-1-worker-1] INFO  http.HttpServer2 (HttpServer2.java:addGlobalFilter(1040)) - Added global filter 'safety' (class=org.apache.hadoop.hdds.server.http.HttpServer2$QuotingInputFilter)
2025-10-22 08:23:41,000 [ForkJoinPool-1-worker-1] INFO  http.HttpServer2 (HttpServer2.java:addFilter(1016)) - Added filter static_user_filter (class=org.apache.hadoop.http.lib.StaticUserWebFilter$StaticUserFilter) to context hddsDatanode
2025-10-22 08:23:41,001 [ForkJoinPool-1-worker-1] INFO  http.HttpServer2 (HttpServer2.java:addFilter(1024)) - Added filter static_user_filter (class=org.apache.hadoop.http.lib.StaticUserWebFilter$StaticUserFilter) to context static
2025-10-22 08:23:41,001 [ForkJoinPool-1-worker-1] INFO  http.HttpServer2 (HttpServer2.java:addFilter(1024)) - Added filter static_user_filter (class=org.apache.hadoop.http.lib.StaticUserWebFilter$StaticUserFilter) to context logs
2025-10-22 08:23:41,001 [ForkJoinPool-1-worker-1] INFO  http.BaseHttpServer (BaseHttpServer.java:<init>(193)) - HTTP server of hddsDatanode uses base directory /home/runner/work/ozone/ozone/hadoop-ozone/integration-test/target/test-dir/MiniOzoneClusterImpl-a412b9f6-7d8b-4de3-a85c-9946bceaa3a0/scm/ozone-metadata/webserver
2025-10-22 08:23:41,001 [ForkJoinPool-1-worker-1] INFO  http.HttpServer2 (HttpServer2.java:bindListener(1240)) - Jetty bound to port 15042
2025-10-22 08:23:41,002 [ForkJoinPool-1-worker-1] INFO  server.Server (Server.java:doStart(375)) - jetty-9.4.58.v20250814; built: 2025-08-14T02:28:49.637Z; git: 8f1440587e9e4ae7db3d74cf205643f3d707148d; jvm 21.0.8+9-LTS
2025-10-22 08:23:41,003 [ForkJoinPool-1-worker-1] INFO  server.session (DefaultSessionIdManager.java:doStart(334)) - DefaultSessionIdManager workerName=node0
2025-10-22 08:23:41,003 [ForkJoinPool-1-worker-1] INFO  server.session (DefaultSessionIdManager.java:doStart(339)) - No SessionScavenger set, using defaults
2025-10-22 08:23:41,003 [ForkJoinPool-1-worker-1] INFO  server.session (HouseKeeper.java:startScavenging(132)) - node0 Scavenging every 600000ms
2025-10-22 08:23:41,004 [ForkJoinPool-1-worker-1] INFO  handler.ContextHandler (ContextHandler.java:doStart(921)) - Started o.e.j.s.ServletContextHandler@748eaf94{logs,/logs,file:///home/runner/work/ozone/ozone/hadoop-ozone/integration-test/target/log,AVAILABLE}
2025-10-22 08:23:41,004 [ForkJoinPool-1-worker-1] INFO  handler.ContextHandler (ContextHandler.java:doStart(921)) - Started o.e.j.s.ServletContextHandler@1cb32b82{static,/static,jar:file:/home/runner/work/ozone/ozone/hadoop-hdds/container-service/target/hdds-container-service-2.1.0-SNAPSHOT.jar!/webapps/static,AVAILABLE}
2025-10-22 08:23:41,115 [IPC Server handler 16 on default port 15002] INFO  net.NetworkTopologyImpl (NetworkTopologyImpl.java:add(133)) - Added a new node: /rack1/1c036820-4dbe-4abe-80fb-5ca88de5e2f0
2025-10-22 08:23:41,117 [IPC Server handler 16 on default port 15002] INFO  node.SCMNodeManager (SCMNodeManager.java:register(423)) - Registered datanode: 1c036820-4dbe-4abe-80fb-5ca88de5e2f0{ip: 127.0.0.1, host: localhost, ports: [HTTP=15010, CLIENT_RPC=15011, REPLICATION=15017, RATIS=15013, RATIS_ADMIN=15014, RATIS_SERVER=15015, RATIS_DATASTREAM=15016, STANDALONE=15012], networkLocation: /rack1, certSerialId: null, persistedOpState: null, persistedOpStateExpiryEpochSec: 0}
2025-10-22 08:23:41,119 [EventQueue-NewNodeForNewNodeHandler] INFO  pipeline.BackgroundPipelineCreator (BackgroundPipelineCreator.java:notifyEventTriggered(290)) - trigger a one-shot run on RatisPipelineUtilsThread.
2025-10-22 08:23:41,121 [EventQueue-NodeRegistrationContainerReportForDataNodeSafeModeRule] INFO  safemode.SCMSafeModeManager (DataNodeSafeModeRule.java:process(78)) - SCM in safe mode. 1 DataNodes registered, 3 required.
2025-10-22 08:23:41,121 [EventQueue-PipelineReportForOneReplicaPipelineSafeModeRule] INFO  safemode.SCMSafeModeManager (SCMSafeModeManager.java:validateSafeModeExitRules(138)) - OneReplicaPipelineSafeModeRule rule is successfully validated
2025-10-22 08:23:41,124 [EventQueue-ContainerRegistrationReportForECContainerSafeModeRule] INFO  safemode.SCMSafeModeManager (SCMSafeModeManager.java:validateSafeModeExitRules(138)) - ECContainerSafeModeRule rule is successfully validated
2025-10-22 08:23:41,126 [EventQueue-ContainerRegistrationReportForRatisContainerSafeModeRule] INFO  safemode.SCMSafeModeManager (SCMSafeModeManager.java:validateSafeModeExitRules(138)) - RatisContainerSafeModeRule rule is successfully validated
2025-10-22 08:23:41,129 [RatisPipelineUtilsThread-0] INFO  pipeline.RatisPipelineProvider (RatisPipelineProvider.java:lambda$create$0(208)) - Sending CreatePipelineCommand for pipeline:Pipeline-d58961bb-d73a-4245-ae1b-83d1472516ec to datanode:1c036820-4dbe-4abe-80fb-5ca88de5e2f0(localhost/127.0.0.1)
2025-10-22 08:23:41,199 [865d5785-f699-439e-a1bb-b7d8c2e8d3c0@group-9946BCEAA3A0-StateMachineUpdater] INFO  safemode.SCMSafeModeManager (SCMSafeModeManager.java:validateSafeModeExitRules(138)) - RatisContainerSafeModeRule rule is successfully validated
2025-10-22 08:23:41,200 [865d5785-f699-439e-a1bb-b7d8c2e8d3c0@group-9946BCEAA3A0-StateMachineUpdater] INFO  safemode.HealthyPipelineSafeModeRule (HealthyPipelineSafeModeRule.java:initializeRule(226)) - Refreshed total pipeline count is 0, healthy pipeline threshold count is 1
2025-10-22 08:23:41,200 [865d5785-f699-439e-a1bb-b7d8c2e8d3c0@group-9946BCEAA3A0-StateMachineUpdater] INFO  safemode.SCMSafeModeManager (SCMSafeModeManager.java:validateSafeModeExitRules(138)) - OneReplicaPipelineSafeModeRule rule is successfully validated
2025-10-22 08:23:41,201 [865d5785-f699-439e-a1bb-b7d8c2e8d3c0@group-9946BCEAA3A0-StateMachineUpdater] INFO  safemode.SCMSafeModeManager (SCMSafeModeManager.java:validateSafeModeExitRules(138)) - ECContainerSafeModeRule rule is successfully validated
2025-10-22 08:23:41,204 [RatisPipelineUtilsThread-0] INFO  pipeline.BackgroundPipelineCreator (BackgroundPipelineCreator.java:createPipelines(246)) - Created new pipeline Pipeline{ Id: d58961bb-d73a-4245-ae1b-83d1472516ec, Nodes: [ {1c036820-4dbe-4abe-80fb-5ca88de5e2f0(localhost/127.0.0.1), ReplicaIndex: 0},], ReplicationConfig: RATIS/ONE, State:ALLOCATED, leaderId:, CreationTimestamp2025-10-22T08:23:41.128513259Z[Etc/UTC]}
2025-10-22 08:23:41,215 [40df8fc4-149d-40c0-897d-2844034d8141-EndpointStateMachineTaskThread-/0.0.0.0:15002-0 ] INFO  utils.DatanodeStoreCache (DatanodeStoreCache.java:addDB(70)) - Added db /home/runner/work/ozone/ozone/hadoop-ozone/integration-test/target/test-dir/MiniOzoneClusterImpl-a412b9f6-7d8b-4de3-a85c-9946bceaa3a0/ozone-metadata/datanode-3/data-0/hdds/a412b9f6-7d8b-4de3-a85c-9946bceaa3a0/DS-bebc18f0-1165-45db-a91a-4f24542d176c/container.db to cache
2025-10-22 08:23:41,215 [40df8fc4-149d-40c0-897d-2844034d8141-EndpointStateMachineTaskThread-/0.0.0.0:15002-0 ] INFO  volume.HddsVolume (HddsVolume.java:createDbStore(576)) - SchemaV3 db is created and loaded at /home/runner/work/ozone/ozone/hadoop-ozone/integration-test/target/test-dir/MiniOzoneClusterImpl-a412b9f6-7d8b-4de3-a85c-9946bceaa3a0/ozone-metadata/datanode-3/data-0/hdds/a412b9f6-7d8b-4de3-a85c-9946bceaa3a0/DS-bebc18f0-1165-45db-a91a-4f24542d176c/container.db for volume DS-bebc18f0-1165-45db-a91a-4f24542d176c
2025-10-22 08:23:41,218 [40df8fc4-149d-40c0-897d-2844034d8141-ContainerReader-0] INFO  ozoneimpl.ContainerReader (ContainerReader.java:readVolume(147)) - Start to verify containers on volume /home/runner/work/ozone/ozone/hadoop-ozone/integration-test/target/test-dir/MiniOzoneClusterImpl-a412b9f6-7d8b-4de3-a85c-9946bceaa3a0/ozone-metadata/datanode-3/data-0/hdds
2025-10-22 08:23:41,218 [40df8fc4-149d-40c0-897d-2844034d8141-ContainerReader-0] INFO  ozoneimpl.ContainerReader (ContainerReader.java:readVolume(177)) - Finish verifying containers on volume /home/runner/work/ozone/ozone/hadoop-ozone/integration-test/target/test-dir/MiniOzoneClusterImpl-a412b9f6-7d8b-4de3-a85c-9946bceaa3a0/ozone-metadata/datanode-3/data-0/hdds
2025-10-22 08:23:41,219 [40df8fc4-149d-40c0-897d-2844034d8141-EndpointStateMachineTaskThread-/0.0.0.0:15002-0 ] INFO  ozoneimpl.OzoneContainer (OzoneContainer.java:buildContainerSet(359)) - Build ContainerSet costs 0s
2025-10-22 08:23:41,219 [40df8fc4-149d-40c0-897d-2844034d8141-EndpointStateMachineTaskThread-/0.0.0.0:15002-0 ] INFO  volume.ThrottledAsyncChecker (ThrottledAsyncChecker.java:schedule(138)) - Scheduling a check for /home/runner/work/ozone/ozone/hadoop-ozone/integration-test/target/test-dir/MiniOzoneClusterImpl-a412b9f6-7d8b-4de3-a85c-9946bceaa3a0/ozone-metadata/datanode-3/data-0/hdds
2025-10-22 08:23:41,220 [40df8fc4-149d-40c0-897d-2844034d8141-EndpointStateMachineTaskThread-/0.0.0.0:15002-0 ] INFO  volume.StorageVolumeChecker (StorageVolumeChecker.java:checkAllVolumes(231)) - Scheduled health check for volume /home/runner/work/ozone/ozone/hadoop-ozone/integration-test/target/test-dir/MiniOzoneClusterImpl-a412b9f6-7d8b-4de3-a85c-9946bceaa3a0/ozone-metadata/datanode-3/data-0/hdds
2025-10-22 08:23:41,225 [40df8fc4-149d-40c0-897d-2844034d8141-EndpointStateMachineTaskThread-/0.0.0.0:15002-0 ] INFO  volume.ThrottledAsyncChecker (ThrottledAsyncChecker.java:schedule(138)) - Scheduling a check for /home/runner/work/ozone/ozone/hadoop-ozone/integration-test/target/test-dir/MiniOzoneClusterImpl-a412b9f6-7d8b-4de3-a85c-9946bceaa3a0/ozone-metadata/datanode-3/ratis
2025-10-22 08:23:41,226 [40df8fc4-149d-40c0-897d-2844034d8141-EndpointStateMachineTaskThread-/0.0.0.0:15002-0 ] INFO  volume.StorageVolumeChecker (StorageVolumeChecker.java:checkAllVolumes(231)) - Scheduled health check for volume /home/runner/work/ozone/ozone/hadoop-ozone/integration-test/target/test-dir/MiniOzoneClusterImpl-a412b9f6-7d8b-4de3-a85c-9946bceaa3a0/ozone-metadata/datanode-3/ratis
2025-10-22 08:23:41,226 [40df8fc4-149d-40c0-897d-2844034d8141-EndpointStateMachineTaskThread-/0.0.0.0:15002-0 ] INFO  ozoneimpl.OzoneContainer (OzoneContainer.java:start(544)) - Attempting to start container services.
2025-10-22 08:23:41,227 [ContainerMetadataScanner] INFO  ozoneimpl.AbstractBackgroundContainerScanner (AbstractBackgroundContainerScanner.java:runIteration(89)) - Completed an iteration in 0 minutes. Number of iterations (since the data-node restart) : 1, Number of containers scanned in this iteration : 0, Number of unhealthy containers found in this iteration : 0
2025-10-22 08:23:41,228 [ContainerDataScanner(/home/runner/work/ozone/ozone/hadoop-ozone/integration-test/target/test-dir/MiniOzoneClusterImpl-a412b9f6-7d8b-4de3-a85c-9946bceaa3a0/ozone-metadata/datanode-3/data-0/hdds)] INFO  ozoneimpl.AbstractBackgroundContainerScanner (AbstractBackgroundContainerScanner.java:runIteration(89)) - Completed an iteration in 0 minutes. Number of iterations (since the data-node restart) : 1, Number of containers scanned in this iteration : 0, Number of unhealthy containers found in this iteration : 0
2025-10-22 08:23:41,229 [40df8fc4-149d-40c0-897d-2844034d8141-EndpointStateMachineTaskThread-/0.0.0.0:15002-0 ] INFO  replication.ReplicationServer (ReplicationServer.java:start(137)) - ReplicationServer is started using port 15033
2025-10-22 08:23:41,229 [40df8fc4-149d-40c0-897d-2844034d8141-EndpointStateMachineTaskThread-/0.0.0.0:15002-0 ] INFO  ratis.XceiverServerRatis (XceiverServerRatis.java:start(559)) - Starting XceiverServerRatis(40df8fc4-149d-40c0-897d-2844034d8141)
2025-10-22 08:23:41,230 [ForkJoinPool-1-worker-1] INFO  handler.ContextHandler (ContextHandler.java:doStart(921)) - Started o.e.j.w.WebAppContext@1f9156ac{hddsDatanode,/,file:///home/runner/work/ozone/ozone/hadoop-ozone/integration-test/target/test-dir/MiniOzoneClusterImpl-a412b9f6-7d8b-4de3-a85c-9946bceaa3a0/scm/ozone-metadata/webserver/jetty-0_0_0_0-15042-hdds-container-service-2_1_0-SNAPSHOT_jar-_-any-15755066786117310265/webapp/,AVAILABLE}{jar:file:/home/runner/work/ozone/ozone/hadoop-hdds/container-service/target/hdds-container-service-2.1.0-SNAPSHOT.jar!/webapps/hddsDatanode}
2025-10-22 08:23:41,231 [40df8fc4-149d-40c0-897d-2844034d8141-EndpointStateMachineTaskThread-/0.0.0.0:15002-0 ] INFO  server.RaftServer (RaftServerProxy.java:startImpl(412)) - 40df8fc4-149d-40c0-897d-2844034d8141: start RPC server
2025-10-22 08:23:41,231 [ForkJoinPool-1-worker-1] INFO  server.AbstractConnector (AbstractConnector.java:doStart(333)) - Started ServerConnector@5fd5aa07{HTTP/1.1, (http/1.1)}{0.0.0.0:15042}
2025-10-22 08:23:41,231 [ForkJoinPool-1-worker-1] INFO  server.Server (Server.java:doStart(415)) - Started @12828ms
2025-10-22 08:23:41,232 [ForkJoinPool-1-worker-1] WARN  impl.MetricsSystemImpl (MetricsSystemImpl.java:register(279)) - Sink prometheus already exists!
2025-10-22 08:23:41,232 [ForkJoinPool-1-worker-1] INFO  http.BaseHttpServer (BaseHttpServer.java:updateConnectorAddress(357)) - HTTP server of hddsDatanode listening at http://localhost:15042
2025-10-22 08:23:41,232 [ForkJoinPool-1-worker-1] INFO  ipc.CallQueueManager (CallQueueManager.java:<init>(93)) - Using callQueue: class java.util.concurrent.LinkedBlockingQueue, queueCapacity: 1000, scheduler: class org.apache.hadoop.ipc.DefaultRpcScheduler, ipcBackoff: false, ipcFailOver: false.
2025-10-22 08:23:41,233 [40df8fc4-149d-40c0-897d-2844034d8141-EndpointStateMachineTaskThread-/0.0.0.0:15002-0 ] INFO  server.GrpcServicesImpl (GrpcServicesImpl.java:startImpl(346)) - 40df8fc4-149d-40c0-897d-2844034d8141: GrpcServicesImpl started, listening on 15029
2025-10-22 08:23:41,234 [ForkJoinPool-1-worker-1] INFO  ipc.Server (Server.java:<init>(1438)) - Listener at 0.0.0.0:15043
2025-10-22 08:23:41,234 [40df8fc4-149d-40c0-897d-2844034d8141-EndpointStateMachineTaskThread-/0.0.0.0:15002-0 ] INFO  server.GrpcServicesImpl (GrpcServicesImpl.java:startImpl(346)) - 40df8fc4-149d-40c0-897d-2844034d8141: GrpcServicesImpl started, listening on 15031
2025-10-22 08:23:41,235 [Socket Reader #1 for port 15043] INFO  ipc.Server (Server.java:run(1474)) - Starting Socket Reader #1 for port 15043
2025-10-22 08:23:41,235 [40df8fc4-149d-40c0-897d-2844034d8141-EndpointStateMachineTaskThread-/0.0.0.0:15002-0 ] INFO  server.GrpcServicesImpl (GrpcServicesImpl.java:startImpl(346)) - 40df8fc4-149d-40c0-897d-2844034d8141: GrpcServicesImpl started, listening on 15030
2025-10-22 08:23:41,236 [Socket Reader #2 for port 15043] INFO  ipc.Server (Server.java:run(1474)) - Starting Socket Reader #2 for port 15043
2025-10-22 08:23:41,237 [Socket Reader #3 for port 15043] INFO  ipc.Server (Server.java:run(1474)) - Starting Socket Reader #3 for port 15043
2025-10-22 08:23:41,237 [40df8fc4-149d-40c0-897d-2844034d8141-EndpointStateMachineTaskThread-/0.0.0.0:15002-0 ] INFO  ratis.XceiverServerRatis (XceiverServerRatis.java:getRealPort(586)) - XceiverServerRatis(40df8fc4-149d-40c0-897d-2844034d8141) is started using port RATIS=15029
2025-10-22 08:23:41,237 [JvmPauseMonitor5] INFO  util.JvmPauseMonitor (JvmPauseMonitor.java:run(146)) - JvmPauseMonitor-40df8fc4-149d-40c0-897d-2844034d8141: Started
2025-10-22 08:23:41,238 [Socket Reader #4 for port 15043] INFO  ipc.Server (Server.java:run(1474)) - Starting Socket Reader #4 for port 15043
2025-10-22 08:23:41,237 [40df8fc4-149d-40c0-897d-2844034d8141-EndpointStateMachineTaskThread-/0.0.0.0:15002-0 ] INFO  ratis.XceiverServerRatis (XceiverServerRatis.java:getRealPort(586)) - XceiverServerRatis(40df8fc4-149d-40c0-897d-2844034d8141) is started using port RATIS_ADMIN=15030
2025-10-22 08:23:41,238 [Socket Reader #5 for port 15043] INFO  ipc.Server (Server.java:run(1474)) - Starting Socket Reader #5 for port 15043
2025-10-22 08:23:41,238 [40df8fc4-149d-40c0-897d-2844034d8141-EndpointStateMachineTaskThread-/0.0.0.0:15002-0 ] INFO  ratis.XceiverServerRatis (XceiverServerRatis.java:getRealPort(586)) - XceiverServerRatis(40df8fc4-149d-40c0-897d-2844034d8141) is started using port RATIS_SERVER=15031
2025-10-22 08:23:41,238 [40df8fc4-149d-40c0-897d-2844034d8141-EndpointStateMachineTaskThread-/0.0.0.0:15002-0 ] INFO  ratis.XceiverServerRatis (XceiverServerRatis.java:getRealPort(586)) - XceiverServerRatis(40df8fc4-149d-40c0-897d-2844034d8141) is started using port RATIS_DATASTREAM=15032
2025-10-22 08:23:41,239 [Socket Reader #6 for port 15043] INFO  ipc.Server (Server.java:run(1474)) - Starting Socket Reader #6 for port 15043
2025-10-22 08:23:41,239 [Socket Reader #7 for port 15043] INFO  ipc.Server (Server.java:run(1474)) - Starting Socket Reader #7 for port 15043
2025-10-22 08:23:41,240 [40df8fc4-149d-40c0-897d-2844034d8141-EndpointStateMachineTaskThread-/0.0.0.0:15002-0 ] INFO  utils.BackgroundService (BackgroundService.java:start(119)) - Starting service BlockDeletingService with interval 60000 milliseconds
2025-10-22 08:23:41,240 [Socket Reader #8 for port 15043] INFO  ipc.Server (Server.java:run(1474)) - Starting Socket Reader #8 for port 15043
2025-10-22 08:23:41,240 [40df8fc4-149d-40c0-897d-2844034d8141-EndpointStateMachineTaskThread-/0.0.0.0:15002-0 ] INFO  utils.BackgroundService (BackgroundService.java:start(119)) - Starting service StaleRecoveringContainerScrubbingService with interval 60000 milliseconds
2025-10-22 08:23:41,241 [Socket Reader #9 for port 15043] INFO  ipc.Server (Server.java:run(1474)) - Starting Socket Reader #9 for port 15043
2025-10-22 08:23:41,241 [Socket Reader #10 for port 15043] INFO  ipc.Server (Server.java:run(1474)) - Starting Socket Reader #10 for port 15043
2025-10-22 08:23:41,244 [ForkJoinPool-1-worker-1] INFO  ozone.HddsDatanodeService (HddsDatanodeService.java:start(333)) - Datanode start with admins: [admin, runner]
2025-10-22 08:23:41,244 [ForkJoinPool-1-worker-1] INFO  ozone.HddsDatanodeClientProtocolServer (HddsDatanodeClientProtocolServer.java:start(76)) - RPC server for Client /0.0.0.0:15043
2025-10-22 08:23:41,244 [IPC Server Responder] INFO  ipc.Server (Server.java:run(1713)) - IPC Server Responder: starting
2025-10-22 08:23:41,244 [IPC Server listener on 15043] INFO  ipc.Server (Server.java:run(1553)) - IPC Server listener on 15043: starting
2025-10-22 08:23:41,246 [ForkJoinPool-1-worker-1] WARN  dropwizard3.Dm3MetricRegistriesImpl (Dm3MetricRegistriesImpl.java:addReporterRegistration(114)) - New reporters are added after registries were created. Some metrics will be missing from the reporter. Please add reporter before adding any new registry.
2025-10-22 08:23:41,246 [ForkJoinPool-1-worker-1] WARN  dropwizard3.Dm3MetricRegistriesImpl (Dm3MetricRegistriesImpl.java:addReporterRegistration(114)) - New reporters are added after registries were created. Some metrics will be missing from the reporter. Please add reporter before adding any new registry.
2025-10-22 08:23:41,248 [cb442068-6d75-4200-81e8-5fb60de94381-DatanodeStateMachineDaemonThread] INFO  statemachine.DatanodeStateMachine (DatanodeStateMachine.java:startStateMachineThread(363)) - Ozone container server started.
2025-10-22 08:23:41,257 [cb442068-6d75-4200-81e8-5fb60de94381-DatanodeStateMachineTaskThread-0] INFO  datanode.InitDatanodeState (InitDatanodeState.java:persistContainerDatanodeDetails(139)) - DatanodeDetails is persisted to /home/runner/work/ozone/ozone/hadoop-ozone/integration-test/target/test-dir/MiniOzoneClusterImpl-a412b9f6-7d8b-4de3-a85c-9946bceaa3a0/ozone-metadata/datanode-5/ozone-metadata/datanode.id
2025-10-22 08:23:41,271 [ForkJoinPool-1-worker-1] INFO  protocol.DatanodeDetails (DatanodeDetails.java:validateDatanodeIpAddress(199)) - Updating IP address of datanode 6d4f7871-438f-445e-bbd0-5ca0ba9a1086(localhost/null) to 127.0.0.1
2025-10-22 08:23:41,271 [ForkJoinPool-1-worker-1] INFO  ozone.HddsDatanodeService (HddsDatanodeService.java:start(236)) - HddsDatanodeService 6d4f7871-438f-445e-bbd0-5ca0ba9a1086(localhost/127.0.0.1)
2025-10-22 08:23:41,274 [ForkJoinPool-1-worker-1] INFO  upgrade.AbstractLayoutVersionManager (AbstractLayoutVersionManager.java:init(80)) - Initializing Layout version manager with metadata layout = WITNESSED_CONTAINER_DB_PROTO_VALUE (version = 9), software layout = WITNESSED_CONTAINER_DB_PROTO_VALUE (version = 9)
2025-10-22 08:23:41,275 [ForkJoinPool-1-worker-1] INFO  statemachine.DatanodeStateMachine (DatanodeStateMachine.java:getEndPointTaskThreadPoolSize(321)) - Datanode State Machine Task Thread Pool size 2
2025-10-22 08:23:41,279 [ForkJoinPool-1-worker-1] INFO  volume.HddsVolume (HddsVolume.java:<init>(162)) - HddsVolume: { id=DS-857b6a1d-effb-4b95-877c-e349cfdbea20 dir=/home/runner/work/ozone/ozone/hadoop-ozone/integration-test/target/test-dir/MiniOzoneClusterImpl-a412b9f6-7d8b-4de3-a85c-9946bceaa3a0/ozone-metadata/datanode-6/data-0/hdds type=DISK capacity=9222449699674390527 used=0 available=9222449699674390527 minFree=184448985434423296 committed=0 }
2025-10-22 08:23:41,279 [ForkJoinPool-1-worker-1] INFO  volume.MutableVolumeSet (MutableVolumeSet.java:initializeVolumeSet(175)) - Added Volume : /home/runner/work/ozone/ozone/hadoop-ozone/integration-test/target/test-dir/MiniOzoneClusterImpl-a412b9f6-7d8b-4de3-a85c-9946bceaa3a0/ozone-metadata/datanode-6/data-0/hdds to VolumeSet
2025-10-22 08:23:41,280 [ForkJoinPool-1-worker-1] INFO  volume.MutableVolumeSet (MutableVolumeSet.java:initializeVolumeSet(175)) - Added Volume : /home/runner/work/ozone/ozone/hadoop-ozone/integration-test/target/test-dir/MiniOzoneClusterImpl-a412b9f6-7d8b-4de3-a85c-9946bceaa3a0/ozone-metadata/datanode-6/ratis to VolumeSet
2025-10-22 08:23:41,281 [ForkJoinPool-1-worker-1] INFO  ozoneimpl.OzoneContainer (HddsVolumeUtil.java:loadAllHddsVolumeDbStore(102)) - Load 1 volumes DbStore cost: 0ms
2025-10-22 08:23:41,282 [ForkJoinPool-1-worker-1] WARN  db.DBStoreBuilder (DBStoreBuilder.java:getDBDirPath(157)) - ozone.scm.datanode.id.dir is not configured. We recommend adding this setting. Falling back to ozone.metadata.dirs instead.
2025-10-22 08:23:41,283 [ForkJoinPool-1-worker-1] WARN  db.DBStoreBuilder (DBStoreBuilder.java:getDBDirPath(157)) - ozone.scm.datanode.id.dir is not configured. We recommend adding this setting. Falling back to ozone.metadata.dirs instead.
2025-10-22 08:23:41,296 [ForkJoinPool-1-worker-1] INFO  impl.FilePerChunkStrategy (FilePerChunkStrategy.java:<init>(79)) - ozone.chunk.read.mapped.buffer.max.count is load with 0
2025-10-22 08:23:41,296 [ForkJoinPool-1-worker-1] INFO  impl.FilePerBlockStrategy (FilePerBlockStrategy.java:<init>(88)) - ozone.chunk.read.mapped.buffer.max.count is load with 0
2025-10-22 08:23:41,297 [ForkJoinPool-1-worker-1] INFO  server.RaftServerConfigKeys (ConfUtils.java:logGet(62)) - raft.server.log.appender.buffer.byte-limit = 33554432 (custom)
2025-10-22 08:23:41,299 [ForkJoinPool-1-worker-1] INFO  grpc.GrpcConfigKeys (ConfUtils.java:logFallback(69)) - raft.grpc.admin.host = null (fallback to raft.grpc.server.host)
2025-10-22 08:23:41,299 [ForkJoinPool-1-worker-1] INFO  grpc.GrpcConfigKeys (ConfUtils.java:logGet(62)) - raft.grpc.admin.port = 15054 (custom)
2025-10-22 08:23:41,299 [ForkJoinPool-1-worker-1] INFO  grpc.GrpcConfigKeys (ConfUtils.java:logFallback(69)) - raft.grpc.client.host = null (fallback to raft.grpc.server.host)
2025-10-22 08:23:41,300 [ForkJoinPool-1-worker-1] INFO  grpc.GrpcConfigKeys (ConfUtils.java:logGet(62)) - raft.grpc.client.port = 15053 (custom)
2025-10-22 08:23:41,300 [ForkJoinPool-1-worker-1] INFO  grpc.GrpcConfigKeys (ConfUtils.java:logGet(62)) - raft.grpc.server.port = 15055 (custom)
2025-10-22 08:23:41,300 [ForkJoinPool-1-worker-1] INFO  server.GrpcServicesImpl (ConfUtils.java:logGet(62)) - raft.grpc.message.size.max = 34603008 (custom)
2025-10-22 08:23:41,300 [ForkJoinPool-1-worker-1] INFO  server.GrpcServicesImpl (ConfUtils.java:logGet(62)) - raft.grpc.flow.control.window = 5MB (=5242880) (custom)
2025-10-22 08:23:41,300 [ForkJoinPool-1-worker-1] INFO  server.RaftServerConfigKeys (ConfUtils.java:logGet(62)) - raft.server.log.appender.buffer.byte-limit = 33554432 (custom)
2025-10-22 08:23:41,302 [ForkJoinPool-1-worker-1] INFO  netty.NettyUtils (NettyUtils.java:newEventLoopGroup(74)) - Create EpollEventLoopGroup for 6d4f7871-438f-445e-bbd0-5ca0ba9a1086-NettyServerStreamRpc-bossGroup; Thread size is 0.
2025-10-22 08:23:41,303 [ForkJoinPool-1-worker-1] INFO  netty.NettyUtils (NettyUtils.java:newEventLoopGroup(74)) - Create EpollEventLoopGroup for 6d4f7871-438f-445e-bbd0-5ca0ba9a1086-NettyServerStreamRpc-workerGroup; Thread size is 0.
2025-10-22 08:23:41,304 [ForkJoinPool-1-worker-1] INFO  netty.NettyConfigKeys$DataStream (ConfUtils.java:logGet(62)) - raft.netty.dataStream.port = 15056 (custom)
2025-10-22 08:23:41,304 [ForkJoinPool-1-worker-1] INFO  server.RaftServerConfigKeys (ConfUtils.java:logGet(62)) - raft.server.storage.dir = [/home/runner/work/ozone/ozone/hadoop-ozone/integration-test/target/test-dir/MiniOzoneClusterImpl-a412b9f6-7d8b-4de3-a85c-9946bceaa3a0/ozone-metadata/datanode-6/ratis] (custom)
2025-10-22 08:23:41,305 [6d4f7871-438f-445e-bbd0-5ca0ba9a1086-NettyServerStreamRpc-bossGroup--thread1] INFO  logging.LoggingHandler (AbstractInternalLogger.java:log(148)) - [id: 0xcb644173] REGISTERED
2025-10-22 08:23:41,305 [6d4f7871-438f-445e-bbd0-5ca0ba9a1086-NettyServerStreamRpc-bossGroup--thread1] INFO  logging.LoggingHandler (AbstractInternalLogger.java:log(148)) - [id: 0xcb644173] BIND: 0.0.0.0/0.0.0.0:15056
2025-10-22 08:23:41,305 [6d4f7871-438f-445e-bbd0-5ca0ba9a1086-NettyServerStreamRpc-bossGroup--thread1] INFO  logging.LoggingHandler (AbstractInternalLogger.java:log(148)) - [id: 0xcb644173, L:/0.0.0.0:15056] ACTIVE
2025-10-22 08:23:41,305 [6d4f7871-438f-445e-bbd0-5ca0ba9a1086-impl-thread1] INFO  server.RaftServer (RaftServerProxy.java:initGroupDir(270)) - 6d4f7871-438f-445e-bbd0-5ca0ba9a1086: found a subdirectory /home/runner/work/ozone/ozone/hadoop-ozone/integration-test/target/test-dir/MiniOzoneClusterImpl-a412b9f6-7d8b-4de3-a85c-9946bceaa3a0/ozone-metadata/datanode-6/ratis/tmp
2025-10-22 08:23:41,306 [6d4f7871-438f-445e-bbd0-5ca0ba9a1086-impl-thread1] INFO  server.RaftServer (RaftServerProxy.java:initGroupDir(275)) - 6d4f7871-438f-445e-bbd0-5ca0ba9a1086: The directory /home/runner/work/ozone/ozone/hadoop-ozone/integration-test/target/test-dir/MiniOzoneClusterImpl-a412b9f6-7d8b-4de3-a85c-9946bceaa3a0/ozone-metadata/datanode-6/ratis/tmp is not a group directory; ignoring it. 
2025-10-22 08:23:41,306 [ForkJoinPool-1-worker-1] INFO  replication.ReplicationServer (ReplicationServer.java:<init>(84)) - Initializing replication server with thread count = 10 queue length = 4096
2025-10-22 08:23:41,307 [ForkJoinPool-1-worker-1] INFO  server.XceiverServerGrpc (XceiverServerGrpc.java:<init>(129)) - GrpcServer channel type EpollServerSocketChannel
2025-10-22 08:23:41,309 [ForkJoinPool-1-worker-1] INFO  replication.ReplicationSupervisor (ReplicationSupervisor.java:build(169)) - Initializing replication supervisor with thread count = 10
2025-10-22 08:23:41,309 [ForkJoinPool-1-worker-1] INFO  replication.ReplicationSupervisor (ReplicationSupervisor.java:nodeStateUpdated(358)) - Node state updated to IN_SERVICE, scaling executor pool size to 10
2025-10-22 08:23:41,313 [ForkJoinPool-1-worker-1] INFO  http.BaseHttpServer (BaseHttpServer.java:newHttpServer2BuilderForOzone(227)) - Starting Web-server for hddsDatanode at: http://0.0.0.0:15050
2025-10-22 08:23:41,313 [ForkJoinPool-1-worker-1] INFO  http.BaseHttpServer (BaseHttpServer.java:<init>(105)) - Hadoop Security Enabled: false Ozone Security Enabled: false Ozone HTTP Security Enabled: false 
2025-10-22 08:23:41,315 [ForkJoinPool-1-worker-1] WARN  server.AuthenticationFilter (AuthenticationFilter.java:constructSecretProvider(240)) - Unable to initialize FileSignerSecretProvider, falling back to use random secrets. Reason: Could not read signature secret file: /home/runner/hadoop-http-auth-signature-secret
2025-10-22 08:23:41,317 [ForkJoinPool-1-worker-1] INFO  http.HttpServer2 (HttpServer2.java:addGlobalFilter(1040)) - Added global filter 'safety' (class=org.apache.hadoop.hdds.server.http.HttpServer2$QuotingInputFilter)
2025-10-22 08:23:41,320 [ForkJoinPool-1-worker-1] INFO  http.HttpServer2 (HttpServer2.java:addFilter(1016)) - Added filter static_user_filter (class=org.apache.hadoop.http.lib.StaticUserWebFilter$StaticUserFilter) to context hddsDatanode
2025-10-22 08:23:41,320 [ForkJoinPool-1-worker-1] INFO  http.HttpServer2 (HttpServer2.java:addFilter(1024)) - Added filter static_user_filter (class=org.apache.hadoop.http.lib.StaticUserWebFilter$StaticUserFilter) to context logs
2025-10-22 08:23:41,320 [ForkJoinPool-1-worker-1] INFO  http.HttpServer2 (HttpServer2.java:addFilter(1024)) - Added filter static_user_filter (class=org.apache.hadoop.http.lib.StaticUserWebFilter$StaticUserFilter) to context static
2025-10-22 08:23:41,320 [ForkJoinPool-1-worker-1] INFO  http.BaseHttpServer (BaseHttpServer.java:<init>(193)) - HTTP server of hddsDatanode uses base directory /home/runner/work/ozone/ozone/hadoop-ozone/integration-test/target/test-dir/MiniOzoneClusterImpl-a412b9f6-7d8b-4de3-a85c-9946bceaa3a0/scm/ozone-metadata/webserver
2025-10-22 08:23:41,321 [ForkJoinPool-1-worker-1] INFO  http.HttpServer2 (HttpServer2.java:bindListener(1240)) - Jetty bound to port 15050
2025-10-22 08:23:41,321 [ForkJoinPool-1-worker-1] INFO  server.Server (Server.java:doStart(375)) - jetty-9.4.58.v20250814; built: 2025-08-14T02:28:49.637Z; git: 8f1440587e9e4ae7db3d74cf205643f3d707148d; jvm 21.0.8+9-LTS
2025-10-22 08:23:41,323 [ForkJoinPool-1-worker-1] INFO  server.session (DefaultSessionIdManager.java:doStart(334)) - DefaultSessionIdManager workerName=node0
2025-10-22 08:23:41,323 [ForkJoinPool-1-worker-1] INFO  server.session (DefaultSessionIdManager.java:doStart(339)) - No SessionScavenger set, using defaults
2025-10-22 08:23:41,324 [ForkJoinPool-1-worker-1] INFO  server.session (HouseKeeper.java:startScavenging(132)) - node0 Scavenging every 660000ms
2025-10-22 08:23:41,325 [ForkJoinPool-1-worker-1] INFO  handler.ContextHandler (ContextHandler.java:doStart(921)) - Started o.e.j.s.ServletContextHandler@6b1ba753{logs,/logs,file:///home/runner/work/ozone/ozone/hadoop-ozone/integration-test/target/log,AVAILABLE}
2025-10-22 08:23:41,325 [ForkJoinPool-1-worker-1] INFO  handler.ContextHandler (ContextHandler.java:doStart(921)) - Started o.e.j.s.ServletContextHandler@68306a9{static,/static,jar:file:/home/runner/work/ozone/ozone/hadoop-hdds/container-service/target/hdds-container-service-2.1.0-SNAPSHOT.jar!/webapps/static,AVAILABLE}
2025-10-22 08:23:41,363 [IPC Server handler 2 on default port 15002] INFO  net.NetworkTopologyImpl (NetworkTopologyImpl.java:add(133)) - Added a new node: /rack1/4d8a2798-959e-416b-b534-19c13b55a760
2025-10-22 08:23:41,363 [IPC Server handler 2 on default port 15002] INFO  node.SCMNodeManager (SCMNodeManager.java:register(423)) - Registered datanode: 4d8a2798-959e-416b-b534-19c13b55a760{ip: 127.0.0.1, host: localhost, ports: [HTTP=15018, CLIENT_RPC=15019, REPLICATION=15025, RATIS=15021, RATIS_ADMIN=15022, RATIS_SERVER=15023, RATIS_DATASTREAM=15024, STANDALONE=15020], networkLocation: /rack1, certSerialId: null, persistedOpState: null, persistedOpStateExpiryEpochSec: 0}
2025-10-22 08:23:41,363 [EventQueue-ContainerRegistrationReportForECContainerSafeModeRule] INFO  safemode.SCMSafeModeManager (SCMSafeModeManager.java:validateSafeModeExitRules(138)) - ECContainerSafeModeRule rule is successfully validated
2025-10-22 08:23:41,364 [EventQueue-NewNodeForNewNodeHandler] INFO  pipeline.BackgroundPipelineCreator (BackgroundPipelineCreator.java:notifyEventTriggered(290)) - trigger a one-shot run on RatisPipelineUtilsThread.
2025-10-22 08:23:41,364 [EventQueue-ContainerRegistrationReportForRatisContainerSafeModeRule] INFO  safemode.SCMSafeModeManager (SCMSafeModeManager.java:validateSafeModeExitRules(138)) - RatisContainerSafeModeRule rule is successfully validated
2025-10-22 08:23:41,365 [RatisPipelineUtilsThread-0] INFO  pipeline.RatisPipelineProvider (RatisPipelineProvider.java:lambda$create$0(208)) - Sending CreatePipelineCommand for pipeline:Pipeline-0ab6beb1-ecd4-4a22-8092-c080f8b16968 to datanode:4d8a2798-959e-416b-b534-19c13b55a760(localhost/127.0.0.1)
2025-10-22 08:23:41,366 [EventQueue-NodeRegistrationContainerReportForDataNodeSafeModeRule] INFO  safemode.SCMSafeModeManager (DataNodeSafeModeRule.java:process(78)) - SCM in safe mode. 2 DataNodes registered, 3 required.
2025-10-22 08:23:41,366 [EventQueue-PipelineReportForOneReplicaPipelineSafeModeRule] INFO  safemode.SCMSafeModeManager (SCMSafeModeManager.java:validateSafeModeExitRules(138)) - OneReplicaPipelineSafeModeRule rule is successfully validated
2025-10-22 08:23:41,369 [865d5785-f699-439e-a1bb-b7d8c2e8d3c0@group-9946BCEAA3A0-StateMachineUpdater] INFO  safemode.SCMSafeModeManager (SCMSafeModeManager.java:validateSafeModeExitRules(138)) - RatisContainerSafeModeRule rule is successfully validated
2025-10-22 08:23:41,369 [865d5785-f699-439e-a1bb-b7d8c2e8d3c0@group-9946BCEAA3A0-StateMachineUpdater] INFO  safemode.HealthyPipelineSafeModeRule (HealthyPipelineSafeModeRule.java:initializeRule(226)) - Refreshed total pipeline count is 0, healthy pipeline threshold count is 1
2025-10-22 08:23:41,369 [865d5785-f699-439e-a1bb-b7d8c2e8d3c0@group-9946BCEAA3A0-StateMachineUpdater] INFO  safemode.SCMSafeModeManager (SCMSafeModeManager.java:validateSafeModeExitRules(138)) - OneReplicaPipelineSafeModeRule rule is successfully validated
2025-10-22 08:23:41,369 [865d5785-f699-439e-a1bb-b7d8c2e8d3c0@group-9946BCEAA3A0-StateMachineUpdater] INFO  safemode.SCMSafeModeManager (SCMSafeModeManager.java:validateSafeModeExitRules(138)) - ECContainerSafeModeRule rule is successfully validated
2025-10-22 08:23:41,370 [RatisPipelineUtilsThread-0] INFO  pipeline.BackgroundPipelineCreator (BackgroundPipelineCreator.java:createPipelines(246)) - Created new pipeline Pipeline{ Id: 0ab6beb1-ecd4-4a22-8092-c080f8b16968, Nodes: [ {4d8a2798-959e-416b-b534-19c13b55a760(localhost/127.0.0.1), ReplicaIndex: 0},], ReplicationConfig: RATIS/ONE, State:ALLOCATED, leaderId:, CreationTimestamp2025-10-22T08:23:41.365429119Z[Etc/UTC]}
2025-10-22 08:23:41,456 [2ad521b7-7a63-459b-9c84-f917bba20586-EndpointStateMachineTaskThread-/0.0.0.0:15002-0 ] INFO  utils.DatanodeStoreCache (DatanodeStoreCache.java:addDB(70)) - Added db /home/runner/work/ozone/ozone/hadoop-ozone/integration-test/target/test-dir/MiniOzoneClusterImpl-a412b9f6-7d8b-4de3-a85c-9946bceaa3a0/ozone-metadata/datanode-4/data-0/hdds/a412b9f6-7d8b-4de3-a85c-9946bceaa3a0/DS-5d7e6087-1900-4b55-988c-16336b0b4c63/container.db to cache
2025-10-22 08:23:41,456 [2ad521b7-7a63-459b-9c84-f917bba20586-EndpointStateMachineTaskThread-/0.0.0.0:15002-0 ] INFO  volume.HddsVolume (HddsVolume.java:createDbStore(576)) - SchemaV3 db is created and loaded at /home/runner/work/ozone/ozone/hadoop-ozone/integration-test/target/test-dir/MiniOzoneClusterImpl-a412b9f6-7d8b-4de3-a85c-9946bceaa3a0/ozone-metadata/datanode-4/data-0/hdds/a412b9f6-7d8b-4de3-a85c-9946bceaa3a0/DS-5d7e6087-1900-4b55-988c-16336b0b4c63/container.db for volume DS-5d7e6087-1900-4b55-988c-16336b0b4c63
2025-10-22 08:23:41,460 [2ad521b7-7a63-459b-9c84-f917bba20586-ContainerReader-0] INFO  ozoneimpl.ContainerReader (ContainerReader.java:readVolume(147)) - Start to verify containers on volume /home/runner/work/ozone/ozone/hadoop-ozone/integration-test/target/test-dir/MiniOzoneClusterImpl-a412b9f6-7d8b-4de3-a85c-9946bceaa3a0/ozone-metadata/datanode-4/data-0/hdds
2025-10-22 08:23:41,460 [2ad521b7-7a63-459b-9c84-f917bba20586-ContainerReader-0] INFO  ozoneimpl.ContainerReader (ContainerReader.java:readVolume(177)) - Finish verifying containers on volume /home/runner/work/ozone/ozone/hadoop-ozone/integration-test/target/test-dir/MiniOzoneClusterImpl-a412b9f6-7d8b-4de3-a85c-9946bceaa3a0/ozone-metadata/datanode-4/data-0/hdds
2025-10-22 08:23:41,460 [2ad521b7-7a63-459b-9c84-f917bba20586-EndpointStateMachineTaskThread-/0.0.0.0:15002-0 ] INFO  ozoneimpl.OzoneContainer (OzoneContainer.java:buildContainerSet(359)) - Build ContainerSet costs 0s
2025-10-22 08:23:41,461 [2ad521b7-7a63-459b-9c84-f917bba20586-EndpointStateMachineTaskThread-/0.0.0.0:15002-0 ] INFO  volume.ThrottledAsyncChecker (ThrottledAsyncChecker.java:schedule(138)) - Scheduling a check for /home/runner/work/ozone/ozone/hadoop-ozone/integration-test/target/test-dir/MiniOzoneClusterImpl-a412b9f6-7d8b-4de3-a85c-9946bceaa3a0/ozone-metadata/datanode-4/data-0/hdds
2025-10-22 08:23:41,461 [2ad521b7-7a63-459b-9c84-f917bba20586-EndpointStateMachineTaskThread-/0.0.0.0:15002-0 ] INFO  volume.StorageVolumeChecker (StorageVolumeChecker.java:checkAllVolumes(231)) - Scheduled health check for volume /home/runner/work/ozone/ozone/hadoop-ozone/integration-test/target/test-dir/MiniOzoneClusterImpl-a412b9f6-7d8b-4de3-a85c-9946bceaa3a0/ozone-metadata/datanode-4/data-0/hdds
2025-10-22 08:23:41,465 [2ad521b7-7a63-459b-9c84-f917bba20586-EndpointStateMachineTaskThread-/0.0.0.0:15002-0 ] INFO  volume.ThrottledAsyncChecker (ThrottledAsyncChecker.java:schedule(138)) - Scheduling a check for /home/runner/work/ozone/ozone/hadoop-ozone/integration-test/target/test-dir/MiniOzoneClusterImpl-a412b9f6-7d8b-4de3-a85c-9946bceaa3a0/ozone-metadata/datanode-4/ratis
2025-10-22 08:23:41,465 [2ad521b7-7a63-459b-9c84-f917bba20586-EndpointStateMachineTaskThread-/0.0.0.0:15002-0 ] INFO  volume.StorageVolumeChecker (StorageVolumeChecker.java:checkAllVolumes(231)) - Scheduled health check for volume /home/runner/work/ozone/ozone/hadoop-ozone/integration-test/target/test-dir/MiniOzoneClusterImpl-a412b9f6-7d8b-4de3-a85c-9946bceaa3a0/ozone-metadata/datanode-4/ratis
2025-10-22 08:23:41,466 [2ad521b7-7a63-459b-9c84-f917bba20586-EndpointStateMachineTaskThread-/0.0.0.0:15002-0 ] INFO  ozoneimpl.OzoneContainer (OzoneContainer.java:start(544)) - Attempting to start container services.
2025-10-22 08:23:41,467 [ContainerMetadataScanner] INFO  ozoneimpl.AbstractBackgroundContainerScanner (AbstractBackgroundContainerScanner.java:runIteration(89)) - Completed an iteration in 0 minutes. Number of iterations (since the data-node restart) : 1, Number of containers scanned in this iteration : 0, Number of unhealthy containers found in this iteration : 0
2025-10-22 08:23:41,467 [ContainerDataScanner(/home/runner/work/ozone/ozone/hadoop-ozone/integration-test/target/test-dir/MiniOzoneClusterImpl-a412b9f6-7d8b-4de3-a85c-9946bceaa3a0/ozone-metadata/datanode-4/data-0/hdds)] INFO  ozoneimpl.AbstractBackgroundContainerScanner (AbstractBackgroundContainerScanner.java:runIteration(89)) - Completed an iteration in 0 minutes. Number of iterations (since the data-node restart) : 1, Number of containers scanned in this iteration : 0, Number of unhealthy containers found in this iteration : 0
2025-10-22 08:23:41,468 [2ad521b7-7a63-459b-9c84-f917bba20586-EndpointStateMachineTaskThread-/0.0.0.0:15002-0 ] INFO  replication.ReplicationServer (ReplicationServer.java:start(137)) - ReplicationServer is started using port 15041
2025-10-22 08:23:41,468 [2ad521b7-7a63-459b-9c84-f917bba20586-EndpointStateMachineTaskThread-/0.0.0.0:15002-0 ] INFO  ratis.XceiverServerRatis (XceiverServerRatis.java:start(559)) - Starting XceiverServerRatis(2ad521b7-7a63-459b-9c84-f917bba20586)
2025-10-22 08:23:41,469 [2ad521b7-7a63-459b-9c84-f917bba20586-EndpointStateMachineTaskThread-/0.0.0.0:15002-0 ] INFO  server.RaftServer (RaftServerProxy.java:startImpl(412)) - 2ad521b7-7a63-459b-9c84-f917bba20586: start RPC server
2025-10-22 08:23:41,470 [2ad521b7-7a63-459b-9c84-f917bba20586-EndpointStateMachineTaskThread-/0.0.0.0:15002-0 ] INFO  server.GrpcServicesImpl (GrpcServicesImpl.java:startImpl(346)) - 2ad521b7-7a63-459b-9c84-f917bba20586: GrpcServicesImpl started, listening on 15037
2025-10-22 08:23:41,470 [2ad521b7-7a63-459b-9c84-f917bba20586-EndpointStateMachineTaskThread-/0.0.0.0:15002-0 ] INFO  server.GrpcServicesImpl (GrpcServicesImpl.java:startImpl(346)) - 2ad521b7-7a63-459b-9c84-f917bba20586: GrpcServicesImpl started, listening on 15039
2025-10-22 08:23:41,471 [2ad521b7-7a63-459b-9c84-f917bba20586-EndpointStateMachineTaskThread-/0.0.0.0:15002-0 ] INFO  server.GrpcServicesImpl (GrpcServicesImpl.java:startImpl(346)) - 2ad521b7-7a63-459b-9c84-f917bba20586: GrpcServicesImpl started, listening on 15038
2025-10-22 08:23:41,471 [2ad521b7-7a63-459b-9c84-f917bba20586-EndpointStateMachineTaskThread-/0.0.0.0:15002-0 ] INFO  ratis.XceiverServerRatis (XceiverServerRatis.java:getRealPort(586)) - XceiverServerRatis(2ad521b7-7a63-459b-9c84-f917bba20586) is started using port RATIS=15037
2025-10-22 08:23:41,471 [JvmPauseMonitor6] INFO  util.JvmPauseMonitor (JvmPauseMonitor.java:run(146)) - JvmPauseMonitor-2ad521b7-7a63-459b-9c84-f917bba20586: Started
2025-10-22 08:23:41,471 [2ad521b7-7a63-459b-9c84-f917bba20586-EndpointStateMachineTaskThread-/0.0.0.0:15002-0 ] INFO  ratis.XceiverServerRatis (XceiverServerRatis.java:getRealPort(586)) - XceiverServerRatis(2ad521b7-7a63-459b-9c84-f917bba20586) is started using port RATIS_ADMIN=15038
2025-10-22 08:23:41,471 [2ad521b7-7a63-459b-9c84-f917bba20586-EndpointStateMachineTaskThread-/0.0.0.0:15002-0 ] INFO  ratis.XceiverServerRatis (XceiverServerRatis.java:getRealPort(586)) - XceiverServerRatis(2ad521b7-7a63-459b-9c84-f917bba20586) is started using port RATIS_SERVER=15039
2025-10-22 08:23:41,471 [2ad521b7-7a63-459b-9c84-f917bba20586-EndpointStateMachineTaskThread-/0.0.0.0:15002-0 ] INFO  ratis.XceiverServerRatis (XceiverServerRatis.java:getRealPort(586)) - XceiverServerRatis(2ad521b7-7a63-459b-9c84-f917bba20586) is started using port RATIS_DATASTREAM=15040
2025-10-22 08:23:41,472 [2ad521b7-7a63-459b-9c84-f917bba20586-EndpointStateMachineTaskThread-/0.0.0.0:15002-0 ] INFO  utils.BackgroundService (BackgroundService.java:start(119)) - Starting service BlockDeletingService with interval 60000 milliseconds
2025-10-22 08:23:41,472 [2ad521b7-7a63-459b-9c84-f917bba20586-EndpointStateMachineTaskThread-/0.0.0.0:15002-0 ] INFO  utils.BackgroundService (BackgroundService.java:start(119)) - Starting service StaleRecoveringContainerScrubbingService with interval 60000 milliseconds
2025-10-22 08:23:41,500 [ForkJoinPool-1-worker-1] INFO  handler.ContextHandler (ContextHandler.java:doStart(921)) - Started o.e.j.w.WebAppContext@717a4d89{hddsDatanode,/,file:///home/runner/work/ozone/ozone/hadoop-ozone/integration-test/target/test-dir/MiniOzoneClusterImpl-a412b9f6-7d8b-4de3-a85c-9946bceaa3a0/scm/ozone-metadata/webserver/jetty-0_0_0_0-15050-hdds-container-service-2_1_0-SNAPSHOT_jar-_-any-14607161840715266177/webapp/,AVAILABLE}{jar:file:/home/runner/work/ozone/ozone/hadoop-hdds/container-service/target/hdds-container-service-2.1.0-SNAPSHOT.jar!/webapps/hddsDatanode}
2025-10-22 08:23:41,500 [ForkJoinPool-1-worker-1] INFO  server.AbstractConnector (AbstractConnector.java:doStart(333)) - Started ServerConnector@1afd6fec{HTTP/1.1, (http/1.1)}{0.0.0.0:15050}
2025-10-22 08:23:41,501 [ForkJoinPool-1-worker-1] INFO  server.Server (Server.java:doStart(415)) - Started @13098ms
2025-10-22 08:23:41,501 [ForkJoinPool-1-worker-1] WARN  impl.MetricsSystemImpl (MetricsSystemImpl.java:register(279)) - Sink prometheus already exists!
2025-10-22 08:23:41,501 [ForkJoinPool-1-worker-1] INFO  http.BaseHttpServer (BaseHttpServer.java:updateConnectorAddress(357)) - HTTP server of hddsDatanode listening at http://localhost:15050
2025-10-22 08:23:41,501 [ForkJoinPool-1-worker-1] INFO  ipc.CallQueueManager (CallQueueManager.java:<init>(93)) - Using callQueue: class java.util.concurrent.LinkedBlockingQueue, queueCapacity: 1000, scheduler: class org.apache.hadoop.ipc.DefaultRpcScheduler, ipcBackoff: false, ipcFailOver: false.
2025-10-22 08:23:41,502 [ForkJoinPool-1-worker-1] INFO  ipc.Server (Server.java:<init>(1438)) - Listener at 0.0.0.0:15051
2025-10-22 08:23:41,502 [Socket Reader #1 for port 15051] INFO  ipc.Server (Server.java:run(1474)) - Starting Socket Reader #1 for port 15051
2025-10-22 08:23:41,502 [Socket Reader #2 for port 15051] INFO  ipc.Server (Server.java:run(1474)) - Starting Socket Reader #2 for port 15051
2025-10-22 08:23:41,503 [Socket Reader #3 for port 15051] INFO  ipc.Server (Server.java:run(1474)) - Starting Socket Reader #3 for port 15051
2025-10-22 08:23:41,503 [Socket Reader #5 for port 15051] INFO  ipc.Server (Server.java:run(1474)) - Starting Socket Reader #5 for port 15051
2025-10-22 08:23:41,503 [Socket Reader #6 for port 15051] INFO  ipc.Server (Server.java:run(1474)) - Starting Socket Reader #6 for port 15051
2025-10-22 08:23:41,503 [Socket Reader #4 for port 15051] INFO  ipc.Server (Server.java:run(1474)) - Starting Socket Reader #4 for port 15051
2025-10-22 08:23:41,504 [Socket Reader #7 for port 15051] INFO  ipc.Server (Server.java:run(1474)) - Starting Socket Reader #7 for port 15051
2025-10-22 08:23:41,504 [Socket Reader #8 for port 15051] INFO  ipc.Server (Server.java:run(1474)) - Starting Socket Reader #8 for port 15051
2025-10-22 08:23:41,504 [Socket Reader #9 for port 15051] INFO  ipc.Server (Server.java:run(1474)) - Starting Socket Reader #9 for port 15051
2025-10-22 08:23:41,504 [Socket Reader #10 for port 15051] INFO  ipc.Server (Server.java:run(1474)) - Starting Socket Reader #10 for port 15051
2025-10-22 08:23:41,506 [ForkJoinPool-1-worker-1] INFO  ozone.HddsDatanodeService (HddsDatanodeService.java:start(333)) - Datanode start with admins: [admin, runner]
2025-10-22 08:23:41,506 [ForkJoinPool-1-worker-1] INFO  ozone.HddsDatanodeClientProtocolServer (HddsDatanodeClientProtocolServer.java:start(76)) - RPC server for Client /0.0.0.0:15051
2025-10-22 08:23:41,506 [IPC Server Responder] INFO  ipc.Server (Server.java:run(1713)) - IPC Server Responder: starting
2025-10-22 08:23:41,506 [IPC Server listener on 15051] INFO  ipc.Server (Server.java:run(1553)) - IPC Server listener on 15051: starting
2025-10-22 08:23:41,508 [ForkJoinPool-1-worker-1] WARN  dropwizard3.Dm3MetricRegistriesImpl (Dm3MetricRegistriesImpl.java:addReporterRegistration(114)) - New reporters are added after registries were created. Some metrics will be missing from the reporter. Please add reporter before adding any new registry.
2025-10-22 08:23:41,508 [ForkJoinPool-1-worker-1] WARN  dropwizard3.Dm3MetricRegistriesImpl (Dm3MetricRegistriesImpl.java:addReporterRegistration(114)) - New reporters are added after registries were created. Some metrics will be missing from the reporter. Please add reporter before adding any new registry.
2025-10-22 08:23:41,510 [6d4f7871-438f-445e-bbd0-5ca0ba9a1086-DatanodeStateMachineDaemonThread] INFO  statemachine.DatanodeStateMachine (DatanodeStateMachine.java:startStateMachineThread(363)) - Ozone container server started.
2025-10-22 08:23:41,514 [6d4f7871-438f-445e-bbd0-5ca0ba9a1086-DatanodeStateMachineTaskThread-0] INFO  datanode.InitDatanodeState (InitDatanodeState.java:persistContainerDatanodeDetails(139)) - DatanodeDetails is persisted to /home/runner/work/ozone/ozone/hadoop-ozone/integration-test/target/test-dir/MiniOzoneClusterImpl-a412b9f6-7d8b-4de3-a85c-9946bceaa3a0/ozone-metadata/datanode-6/ozone-metadata/datanode.id
2025-10-22 08:23:41,527 [ForkJoinPool-1-worker-1] INFO  protocol.DatanodeDetails (DatanodeDetails.java:validateDatanodeIpAddress(199)) - Updating IP address of datanode 8aba082c-257b-43e3-ba61-5d436c5b38fa(localhost/null) to 127.0.0.1
2025-10-22 08:23:41,527 [ForkJoinPool-1-worker-1] INFO  ozone.HddsDatanodeService (HddsDatanodeService.java:start(236)) - HddsDatanodeService 8aba082c-257b-43e3-ba61-5d436c5b38fa(localhost/127.0.0.1)
2025-10-22 08:23:41,529 [ForkJoinPool-1-worker-1] INFO  upgrade.AbstractLayoutVersionManager (AbstractLayoutVersionManager.java:init(80)) - Initializing Layout version manager with metadata layout = WITNESSED_CONTAINER_DB_PROTO_VALUE (version = 9), software layout = WITNESSED_CONTAINER_DB_PROTO_VALUE (version = 9)
2025-10-22 08:23:41,529 [ForkJoinPool-1-worker-1] INFO  statemachine.DatanodeStateMachine (DatanodeStateMachine.java:getEndPointTaskThreadPoolSize(321)) - Datanode State Machine Task Thread Pool size 2
2025-10-22 08:23:41,533 [ForkJoinPool-1-worker-1] INFO  volume.HddsVolume (HddsVolume.java:<init>(162)) - HddsVolume: { id=DS-fd9303ff-c5e8-427a-b67b-76ad77eda3a9 dir=/home/runner/work/ozone/ozone/hadoop-ozone/integration-test/target/test-dir/MiniOzoneClusterImpl-a412b9f6-7d8b-4de3-a85c-9946bceaa3a0/ozone-metadata/datanode-7/data-0/hdds type=DISK capacity=9222449699674390527 used=0 available=9222449699674390527 minFree=184448985434423296 committed=0 }
2025-10-22 08:23:41,533 [ForkJoinPool-1-worker-1] INFO  volume.MutableVolumeSet (MutableVolumeSet.java:initializeVolumeSet(175)) - Added Volume : /home/runner/work/ozone/ozone/hadoop-ozone/integration-test/target/test-dir/MiniOzoneClusterImpl-a412b9f6-7d8b-4de3-a85c-9946bceaa3a0/ozone-metadata/datanode-7/data-0/hdds to VolumeSet
2025-10-22 08:23:41,534 [ForkJoinPool-1-worker-1] INFO  volume.MutableVolumeSet (MutableVolumeSet.java:initializeVolumeSet(175)) - Added Volume : /home/runner/work/ozone/ozone/hadoop-ozone/integration-test/target/test-dir/MiniOzoneClusterImpl-a412b9f6-7d8b-4de3-a85c-9946bceaa3a0/ozone-metadata/datanode-7/ratis to VolumeSet
2025-10-22 08:23:41,535 [ForkJoinPool-1-worker-1] INFO  ozoneimpl.OzoneContainer (HddsVolumeUtil.java:loadAllHddsVolumeDbStore(102)) - Load 1 volumes DbStore cost: 0ms
2025-10-22 08:23:41,535 [ForkJoinPool-1-worker-1] WARN  db.DBStoreBuilder (DBStoreBuilder.java:getDBDirPath(157)) - ozone.scm.datanode.id.dir is not configured. We recommend adding this setting. Falling back to ozone.metadata.dirs instead.
2025-10-22 08:23:41,536 [ForkJoinPool-1-worker-1] WARN  db.DBStoreBuilder (DBStoreBuilder.java:getDBDirPath(157)) - ozone.scm.datanode.id.dir is not configured. We recommend adding this setting. Falling back to ozone.metadata.dirs instead.
2025-10-22 08:23:41,550 [ForkJoinPool-1-worker-1] INFO  impl.FilePerChunkStrategy (FilePerChunkStrategy.java:<init>(79)) - ozone.chunk.read.mapped.buffer.max.count is load with 0
2025-10-22 08:23:41,550 [ForkJoinPool-1-worker-1] INFO  impl.FilePerBlockStrategy (FilePerBlockStrategy.java:<init>(88)) - ozone.chunk.read.mapped.buffer.max.count is load with 0
2025-10-22 08:23:41,551 [ForkJoinPool-1-worker-1] INFO  server.RaftServerConfigKeys (ConfUtils.java:logGet(62)) - raft.server.log.appender.buffer.byte-limit = 33554432 (custom)
2025-10-22 08:23:41,552 [ForkJoinPool-1-worker-1] INFO  grpc.GrpcConfigKeys (ConfUtils.java:logFallback(69)) - raft.grpc.admin.host = null (fallback to raft.grpc.server.host)
2025-10-22 08:23:41,552 [ForkJoinPool-1-worker-1] INFO  grpc.GrpcConfigKeys (ConfUtils.java:logGet(62)) - raft.grpc.admin.port = 15062 (custom)
2025-10-22 08:23:41,552 [ForkJoinPool-1-worker-1] INFO  grpc.GrpcConfigKeys (ConfUtils.java:logFallback(69)) - raft.grpc.client.host = null (fallback to raft.grpc.server.host)
2025-10-22 08:23:41,553 [ForkJoinPool-1-worker-1] INFO  grpc.GrpcConfigKeys (ConfUtils.java:logGet(62)) - raft.grpc.client.port = 15061 (custom)
2025-10-22 08:23:41,553 [ForkJoinPool-1-worker-1] INFO  grpc.GrpcConfigKeys (ConfUtils.java:logGet(62)) - raft.grpc.server.port = 15063 (custom)
2025-10-22 08:23:41,553 [ForkJoinPool-1-worker-1] INFO  server.GrpcServicesImpl (ConfUtils.java:logGet(62)) - raft.grpc.message.size.max = 34603008 (custom)
2025-10-22 08:23:41,553 [ForkJoinPool-1-worker-1] INFO  server.GrpcServicesImpl (ConfUtils.java:logGet(62)) - raft.grpc.flow.control.window = 5MB (=5242880) (custom)
2025-10-22 08:23:41,553 [ForkJoinPool-1-worker-1] INFO  server.RaftServerConfigKeys (ConfUtils.java:logGet(62)) - raft.server.log.appender.buffer.byte-limit = 33554432 (custom)
2025-10-22 08:23:41,554 [ForkJoinPool-1-worker-1] INFO  netty.NettyUtils (NettyUtils.java:newEventLoopGroup(74)) - Create EpollEventLoopGroup for 8aba082c-257b-43e3-ba61-5d436c5b38fa-NettyServerStreamRpc-bossGroup; Thread size is 0.
2025-10-22 08:23:41,555 [ForkJoinPool-1-worker-1] INFO  netty.NettyUtils (NettyUtils.java:newEventLoopGroup(74)) - Create EpollEventLoopGroup for 8aba082c-257b-43e3-ba61-5d436c5b38fa-NettyServerStreamRpc-workerGroup; Thread size is 0.
2025-10-22 08:23:41,556 [ForkJoinPool-1-worker-1] INFO  netty.NettyConfigKeys$DataStream (ConfUtils.java:logGet(62)) - raft.netty.dataStream.port = 15064 (custom)
2025-10-22 08:23:41,557 [ForkJoinPool-1-worker-1] INFO  server.RaftServerConfigKeys (ConfUtils.java:logGet(62)) - raft.server.storage.dir = [/home/runner/work/ozone/ozone/hadoop-ozone/integration-test/target/test-dir/MiniOzoneClusterImpl-a412b9f6-7d8b-4de3-a85c-9946bceaa3a0/ozone-metadata/datanode-7/ratis] (custom)
2025-10-22 08:23:41,557 [8aba082c-257b-43e3-ba61-5d436c5b38fa-NettyServerStreamRpc-bossGroup--thread1] INFO  logging.LoggingHandler (AbstractInternalLogger.java:log(148)) - [id: 0x03a4925f] REGISTERED
2025-10-22 08:23:41,557 [8aba082c-257b-43e3-ba61-5d436c5b38fa-NettyServerStreamRpc-bossGroup--thread1] INFO  logging.LoggingHandler (AbstractInternalLogger.java:log(148)) - [id: 0x03a4925f] BIND: 0.0.0.0/0.0.0.0:15064
2025-10-22 08:23:41,557 [8aba082c-257b-43e3-ba61-5d436c5b38fa-NettyServerStreamRpc-bossGroup--thread1] INFO  logging.LoggingHandler (AbstractInternalLogger.java:log(148)) - [id: 0x03a4925f, L:/0.0.0.0:15064] ACTIVE
2025-10-22 08:23:41,558 [8aba082c-257b-43e3-ba61-5d436c5b38fa-impl-thread1] INFO  server.RaftServer (RaftServerProxy.java:initGroupDir(270)) - 8aba082c-257b-43e3-ba61-5d436c5b38fa: found a subdirectory /home/runner/work/ozone/ozone/hadoop-ozone/integration-test/target/test-dir/MiniOzoneClusterImpl-a412b9f6-7d8b-4de3-a85c-9946bceaa3a0/ozone-metadata/datanode-7/ratis/tmp
2025-10-22 08:23:41,558 [8aba082c-257b-43e3-ba61-5d436c5b38fa-impl-thread1] INFO  server.RaftServer (RaftServerProxy.java:initGroupDir(275)) - 8aba082c-257b-43e3-ba61-5d436c5b38fa: The directory /home/runner/work/ozone/ozone/hadoop-ozone/integration-test/target/test-dir/MiniOzoneClusterImpl-a412b9f6-7d8b-4de3-a85c-9946bceaa3a0/ozone-metadata/datanode-7/ratis/tmp is not a group directory; ignoring it. 
2025-10-22 08:23:41,559 [ForkJoinPool-1-worker-1] INFO  replication.ReplicationServer (ReplicationServer.java:<init>(84)) - Initializing replication server with thread count = 10 queue length = 4096
2025-10-22 08:23:41,560 [ForkJoinPool-1-worker-1] INFO  server.XceiverServerGrpc (XceiverServerGrpc.java:<init>(129)) - GrpcServer channel type EpollServerSocketChannel
2025-10-22 08:23:41,566 [ForkJoinPool-1-worker-1] INFO  replication.ReplicationSupervisor (ReplicationSupervisor.java:build(169)) - Initializing replication supervisor with thread count = 10
2025-10-22 08:23:41,566 [ForkJoinPool-1-worker-1] INFO  replication.ReplicationSupervisor (ReplicationSupervisor.java:nodeStateUpdated(358)) - Node state updated to IN_SERVICE, scaling executor pool size to 10
2025-10-22 08:23:41,570 [ForkJoinPool-1-worker-1] INFO  http.BaseHttpServer (BaseHttpServer.java:newHttpServer2BuilderForOzone(227)) - Starting Web-server for hddsDatanode at: http://0.0.0.0:15058
2025-10-22 08:23:41,570 [ForkJoinPool-1-worker-1] INFO  http.BaseHttpServer (BaseHttpServer.java:<init>(105)) - Hadoop Security Enabled: false Ozone Security Enabled: false Ozone HTTP Security Enabled: false 
2025-10-22 08:23:41,572 [ForkJoinPool-1-worker-1] WARN  server.AuthenticationFilter (AuthenticationFilter.java:constructSecretProvider(240)) - Unable to initialize FileSignerSecretProvider, falling back to use random secrets. Reason: Could not read signature secret file: /home/runner/hadoop-http-auth-signature-secret
2025-10-22 08:23:41,574 [ForkJoinPool-1-worker-1] INFO  http.HttpServer2 (HttpServer2.java:addGlobalFilter(1040)) - Added global filter 'safety' (class=org.apache.hadoop.hdds.server.http.HttpServer2$QuotingInputFilter)
2025-10-22 08:23:41,576 [ForkJoinPool-1-worker-1] INFO  http.HttpServer2 (HttpServer2.java:addFilter(1016)) - Added filter static_user_filter (class=org.apache.hadoop.http.lib.StaticUserWebFilter$StaticUserFilter) to context hddsDatanode
2025-10-22 08:23:41,576 [ForkJoinPool-1-worker-1] INFO  http.HttpServer2 (HttpServer2.java:addFilter(1024)) - Added filter static_user_filter (class=org.apache.hadoop.http.lib.StaticUserWebFilter$StaticUserFilter) to context static
2025-10-22 08:23:41,576 [ForkJoinPool-1-worker-1] INFO  http.HttpServer2 (HttpServer2.java:addFilter(1024)) - Added filter static_user_filter (class=org.apache.hadoop.http.lib.StaticUserWebFilter$StaticUserFilter) to context logs
2025-10-22 08:23:41,576 [ForkJoinPool-1-worker-1] INFO  http.BaseHttpServer (BaseHttpServer.java:<init>(193)) - HTTP server of hddsDatanode uses base directory /home/runner/work/ozone/ozone/hadoop-ozone/integration-test/target/test-dir/MiniOzoneClusterImpl-a412b9f6-7d8b-4de3-a85c-9946bceaa3a0/scm/ozone-metadata/webserver
2025-10-22 08:23:41,577 [ForkJoinPool-1-worker-1] INFO  http.HttpServer2 (HttpServer2.java:bindListener(1240)) - Jetty bound to port 15058
2025-10-22 08:23:41,577 [ForkJoinPool-1-worker-1] INFO  server.Server (Server.java:doStart(375)) - jetty-9.4.58.v20250814; built: 2025-08-14T02:28:49.637Z; git: 8f1440587e9e4ae7db3d74cf205643f3d707148d; jvm 21.0.8+9-LTS
2025-10-22 08:23:41,580 [ForkJoinPool-1-worker-1] INFO  server.session (DefaultSessionIdManager.java:doStart(334)) - DefaultSessionIdManager workerName=node0
2025-10-22 08:23:41,580 [ForkJoinPool-1-worker-1] INFO  server.session (DefaultSessionIdManager.java:doStart(339)) - No SessionScavenger set, using defaults
2025-10-22 08:23:41,580 [ForkJoinPool-1-worker-1] INFO  server.session (HouseKeeper.java:startScavenging(132)) - node0 Scavenging every 660000ms
2025-10-22 08:23:41,581 [ForkJoinPool-1-worker-1] INFO  handler.ContextHandler (ContextHandler.java:doStart(921)) - Started o.e.j.s.ServletContextHandler@45cf8313{logs,/logs,file:///home/runner/work/ozone/ozone/hadoop-ozone/integration-test/target/log,AVAILABLE}
2025-10-22 08:23:41,582 [ForkJoinPool-1-worker-1] INFO  handler.ContextHandler (ContextHandler.java:doStart(921)) - Started o.e.j.s.ServletContextHandler@727da404{static,/static,jar:file:/home/runner/work/ozone/ozone/hadoop-hdds/container-service/target/hdds-container-service-2.1.0-SNAPSHOT.jar!/webapps/static,AVAILABLE}
2025-10-22 08:23:41,645 [IPC Server handler 12 on default port 15002] INFO  net.NetworkTopologyImpl (NetworkTopologyImpl.java:add(133)) - Added a new node: /rack1/40df8fc4-149d-40c0-897d-2844034d8141
2025-10-22 08:23:41,646 [IPC Server handler 12 on default port 15002] INFO  node.SCMNodeManager (SCMNodeManager.java:register(423)) - Registered datanode: 40df8fc4-149d-40c0-897d-2844034d8141{ip: 127.0.0.1, host: localhost, ports: [HTTP=15026, CLIENT_RPC=15027, REPLICATION=15033, RATIS=15029, RATIS_ADMIN=15030, RATIS_SERVER=15031, RATIS_DATASTREAM=15032, STANDALONE=15028], networkLocation: /rack1, certSerialId: null, persistedOpState: null, persistedOpStateExpiryEpochSec: 0}
2025-10-22 08:23:41,646 [EventQueue-NodeRegistrationContainerReportForDataNodeSafeModeRule] INFO  safemode.SCMSafeModeManager (DataNodeSafeModeRule.java:process(78)) - SCM in safe mode. 3 DataNodes registered, 3 required.
2025-10-22 08:23:41,646 [EventQueue-NodeRegistrationContainerReportForDataNodeSafeModeRule] INFO  safemode.SCMSafeModeManager (SCMSafeModeManager.java:validateSafeModeExitRules(138)) - DataNodeSafeModeRule rule is successfully validated
2025-10-22 08:23:41,646 [EventQueue-NodeRegistrationContainerReportForDataNodeSafeModeRule] INFO  safemode.SCMSafeModeManager (SCMSafeModeManager.java:validateSafeModeExitRules(151)) - All SCM safe mode pre check rules have passed
2025-10-22 08:23:41,646 [EventQueue-NodeRegistrationContainerReportForDataNodeSafeModeRule] INFO  ha.SCMContext (SCMContext.java:updateSafeModeStatus(224)) - Update SafeModeStatus from SafeModeStatus{safeModeStatus=true, preCheckPassed=false} to SafeModeStatus{safeModeStatus=true, preCheckPassed=true}.
2025-10-22 08:23:41,646 [EventQueue-NodeRegistrationContainerReportForDataNodeSafeModeRule] INFO  pipeline.BackgroundPipelineCreator (BackgroundPipelineCreator.java:notifyEventTriggered(290)) - trigger a one-shot run on RatisPipelineUtilsThread.
2025-10-22 08:23:41,646 [EventQueue-PipelineReportForOneReplicaPipelineSafeModeRule] INFO  safemode.SCMSafeModeManager (SCMSafeModeManager.java:validateSafeModeExitRules(138)) - OneReplicaPipelineSafeModeRule rule is successfully validated
2025-10-22 08:23:41,647 [EventQueue-ContainerRegistrationReportForECContainerSafeModeRule] INFO  safemode.SCMSafeModeManager (SCMSafeModeManager.java:validateSafeModeExitRules(138)) - ECContainerSafeModeRule rule is successfully validated
2025-10-22 08:23:41,647 [EventQueue-ContainerRegistrationReportForRatisContainerSafeModeRule] INFO  safemode.SCMSafeModeManager (SCMSafeModeManager.java:validateSafeModeExitRules(138)) - RatisContainerSafeModeRule rule is successfully validated
2025-10-22 08:23:41,647 [EventQueue-NewNodeForNewNodeHandler] INFO  pipeline.BackgroundPipelineCreator (BackgroundPipelineCreator.java:notifyEventTriggered(290)) - trigger a one-shot run on RatisPipelineUtilsThread.
2025-10-22 08:23:41,647 [RatisPipelineUtilsThread-0] INFO  pipeline.RatisPipelineProvider (RatisPipelineProvider.java:lambda$create$0(208)) - Sending CreatePipelineCommand for pipeline:Pipeline-c0547fc6-e5bf-43f2-a43a-dd56fe3b4e76 to datanode:40df8fc4-149d-40c0-897d-2844034d8141(localhost/127.0.0.1)
2025-10-22 08:23:41,650 [865d5785-f699-439e-a1bb-b7d8c2e8d3c0@group-9946BCEAA3A0-StateMachineUpdater] INFO  safemode.SCMSafeModeManager (SCMSafeModeManager.java:validateSafeModeExitRules(138)) - DataNodeSafeModeRule rule is successfully validated
2025-10-22 08:23:41,650 [865d5785-f699-439e-a1bb-b7d8c2e8d3c0@group-9946BCEAA3A0-StateMachineUpdater] INFO  safemode.SCMSafeModeManager (SCMSafeModeManager.java:validateSafeModeExitRules(138)) - RatisContainerSafeModeRule rule is successfully validated
2025-10-22 08:23:41,650 [865d5785-f699-439e-a1bb-b7d8c2e8d3c0@group-9946BCEAA3A0-StateMachineUpdater] INFO  safemode.HealthyPipelineSafeModeRule (HealthyPipelineSafeModeRule.java:initializeRule(226)) - Refreshed total pipeline count is 0, healthy pipeline threshold count is 1
2025-10-22 08:23:41,650 [865d5785-f699-439e-a1bb-b7d8c2e8d3c0@group-9946BCEAA3A0-StateMachineUpdater] INFO  safemode.SCMSafeModeManager (SCMSafeModeManager.java:validateSafeModeExitRules(138)) - OneReplicaPipelineSafeModeRule rule is successfully validated
2025-10-22 08:23:41,650 [865d5785-f699-439e-a1bb-b7d8c2e8d3c0@group-9946BCEAA3A0-StateMachineUpdater] INFO  safemode.SCMSafeModeManager (SCMSafeModeManager.java:validateSafeModeExitRules(138)) - ECContainerSafeModeRule rule is successfully validated
2025-10-22 08:23:41,650 [RatisPipelineUtilsThread-0] INFO  pipeline.BackgroundPipelineCreator (BackgroundPipelineCreator.java:createPipelines(246)) - Created new pipeline Pipeline{ Id: c0547fc6-e5bf-43f2-a43a-dd56fe3b4e76, Nodes: [ {40df8fc4-149d-40c0-897d-2844034d8141(localhost/127.0.0.1), ReplicaIndex: 0},], ReplicationConfig: RATIS/ONE, State:ALLOCATED, leaderId:, CreationTimestamp2025-10-22T08:23:41.647545293Z[Etc/UTC]}
2025-10-22 08:23:41,654 [RatisPipelineUtilsThread-0] INFO  pipeline.RatisPipelineProvider (RatisPipelineProvider.java:lambda$create$0(208)) - Sending CreatePipelineCommand for pipeline:Pipeline-28d7a56f-ff21-46bd-bc35-c626ce820278 to datanode:4d8a2798-959e-416b-b534-19c13b55a760(localhost/127.0.0.1)
2025-10-22 08:23:41,654 [RatisPipelineUtilsThread-0] INFO  pipeline.RatisPipelineProvider (RatisPipelineProvider.java:lambda$create$0(208)) - Sending CreatePipelineCommand for pipeline:Pipeline-28d7a56f-ff21-46bd-bc35-c626ce820278 to datanode:1c036820-4dbe-4abe-80fb-5ca88de5e2f0(localhost/127.0.0.1)
2025-10-22 08:23:41,654 [RatisPipelineUtilsThread-0] INFO  pipeline.RatisPipelineProvider (RatisPipelineProvider.java:lambda$create$0(208)) - Sending CreatePipelineCommand for pipeline:Pipeline-28d7a56f-ff21-46bd-bc35-c626ce820278 to datanode:40df8fc4-149d-40c0-897d-2844034d8141(localhost/127.0.0.1)
2025-10-22 08:23:41,657 [865d5785-f699-439e-a1bb-b7d8c2e8d3c0@group-9946BCEAA3A0-StateMachineUpdater] INFO  safemode.SCMSafeModeManager (SCMSafeModeManager.java:validateSafeModeExitRules(138)) - DataNodeSafeModeRule rule is successfully validated
2025-10-22 08:23:41,657 [865d5785-f699-439e-a1bb-b7d8c2e8d3c0@group-9946BCEAA3A0-StateMachineUpdater] INFO  safemode.SCMSafeModeManager (SCMSafeModeManager.java:validateSafeModeExitRules(138)) - RatisContainerSafeModeRule rule is successfully validated
2025-10-22 08:23:41,657 [865d5785-f699-439e-a1bb-b7d8c2e8d3c0@group-9946BCEAA3A0-StateMachineUpdater] INFO  safemode.HealthyPipelineSafeModeRule (HealthyPipelineSafeModeRule.java:initializeRule(226)) - Refreshed total pipeline count is 0, healthy pipeline threshold count is 1
2025-10-22 08:23:41,657 [865d5785-f699-439e-a1bb-b7d8c2e8d3c0@group-9946BCEAA3A0-StateMachineUpdater] INFO  safemode.SCMSafeModeManager (SCMSafeModeManager.java:validateSafeModeExitRules(138)) - OneReplicaPipelineSafeModeRule rule is successfully validated
2025-10-22 08:23:41,657 [865d5785-f699-439e-a1bb-b7d8c2e8d3c0@group-9946BCEAA3A0-StateMachineUpdater] INFO  safemode.SCMSafeModeManager (SCMSafeModeManager.java:validateSafeModeExitRules(138)) - ECContainerSafeModeRule rule is successfully validated
2025-10-22 08:23:41,658 [RatisPipelineUtilsThread-0] INFO  pipeline.BackgroundPipelineCreator (BackgroundPipelineCreator.java:createPipelines(246)) - Created new pipeline Pipeline{ Id: 28d7a56f-ff21-46bd-bc35-c626ce820278, Nodes: [ {4d8a2798-959e-416b-b534-19c13b55a760(localhost/127.0.0.1), ReplicaIndex: 0}, {1c036820-4dbe-4abe-80fb-5ca88de5e2f0(localhost/127.0.0.1), ReplicaIndex: 0}, {40df8fc4-149d-40c0-897d-2844034d8141(localhost/127.0.0.1), ReplicaIndex: 0},], ReplicationConfig: RATIS/THREE, State:ALLOCATED, leaderId:, CreationTimestamp2025-10-22T08:23:41.654396893Z[Etc/UTC]}
2025-10-22 08:23:41,659 [RatisPipelineUtilsThread-0] INFO  pipeline.RatisPipelineProvider (RatisPipelineProvider.java:lambda$create$0(208)) - Sending CreatePipelineCommand for pipeline:Pipeline-991bfa6b-f7e5-4a03-b9a5-5e2f154b5bdb to datanode:4d8a2798-959e-416b-b534-19c13b55a760(localhost/127.0.0.1)
2025-10-22 08:23:41,659 [RatisPipelineUtilsThread-0] INFO  pipeline.RatisPipelineProvider (RatisPipelineProvider.java:lambda$create$0(208)) - Sending CreatePipelineCommand for pipeline:Pipeline-991bfa6b-f7e5-4a03-b9a5-5e2f154b5bdb to datanode:40df8fc4-149d-40c0-897d-2844034d8141(localhost/127.0.0.1)
2025-10-22 08:23:41,659 [RatisPipelineUtilsThread-0] INFO  pipeline.RatisPipelineProvider (RatisPipelineProvider.java:lambda$create$0(208)) - Sending CreatePipelineCommand for pipeline:Pipeline-991bfa6b-f7e5-4a03-b9a5-5e2f154b5bdb to datanode:1c036820-4dbe-4abe-80fb-5ca88de5e2f0(localhost/127.0.0.1)
2025-10-22 08:23:41,665 [865d5785-f699-439e-a1bb-b7d8c2e8d3c0@group-9946BCEAA3A0-StateMachineUpdater] INFO  safemode.SCMSafeModeManager (SCMSafeModeManager.java:validateSafeModeExitRules(138)) - DataNodeSafeModeRule rule is successfully validated
2025-10-22 08:23:41,665 [865d5785-f699-439e-a1bb-b7d8c2e8d3c0@group-9946BCEAA3A0-StateMachineUpdater] INFO  safemode.SCMSafeModeManager (SCMSafeModeManager.java:validateSafeModeExitRules(138)) - RatisContainerSafeModeRule rule is successfully validated
2025-10-22 08:23:41,665 [865d5785-f699-439e-a1bb-b7d8c2e8d3c0@group-9946BCEAA3A0-StateMachineUpdater] INFO  safemode.HealthyPipelineSafeModeRule (HealthyPipelineSafeModeRule.java:initializeRule(226)) - Refreshed total pipeline count is 0, healthy pipeline threshold count is 1
2025-10-22 08:23:41,665 [865d5785-f699-439e-a1bb-b7d8c2e8d3c0@group-9946BCEAA3A0-StateMachineUpdater] INFO  safemode.SCMSafeModeManager (SCMSafeModeManager.java:validateSafeModeExitRules(138)) - OneReplicaPipelineSafeModeRule rule is successfully validated
2025-10-22 08:23:41,665 [865d5785-f699-439e-a1bb-b7d8c2e8d3c0@group-9946BCEAA3A0-StateMachineUpdater] INFO  safemode.SCMSafeModeManager (SCMSafeModeManager.java:validateSafeModeExitRules(138)) - ECContainerSafeModeRule rule is successfully validated
2025-10-22 08:23:41,665 [RatisPipelineUtilsThread-0] INFO  pipeline.PipelineManagerImpl (PipelineManagerImpl.java:recordMetricsForPipeline(922)) - Pipeline-991bfa6b-f7e5-4a03-b9a5-5e2f154b5bdb and Pipeline-28d7a56f-ff21-46bd-bc35-c626ce820278 have exactly the same set of datanodes: [4d8a2798-959e-416b-b534-19c13b55a760(localhost/127.0.0.1), 40df8fc4-149d-40c0-897d-2844034d8141(localhost/127.0.0.1), 1c036820-4dbe-4abe-80fb-5ca88de5e2f0(localhost/127.0.0.1)]
2025-10-22 08:23:41,665 [RatisPipelineUtilsThread-0] INFO  pipeline.BackgroundPipelineCreator (BackgroundPipelineCreator.java:createPipelines(246)) - Created new pipeline Pipeline{ Id: 991bfa6b-f7e5-4a03-b9a5-5e2f154b5bdb, Nodes: [ {4d8a2798-959e-416b-b534-19c13b55a760(localhost/127.0.0.1), ReplicaIndex: 0}, {40df8fc4-149d-40c0-897d-2844034d8141(localhost/127.0.0.1), ReplicaIndex: 0}, {1c036820-4dbe-4abe-80fb-5ca88de5e2f0(localhost/127.0.0.1), ReplicaIndex: 0},], ReplicationConfig: RATIS/THREE, State:ALLOCATED, leaderId:, CreationTimestamp2025-10-22T08:23:41.659432167Z[Etc/UTC]}
2025-10-22 08:23:41,747 [ForkJoinPool-1-worker-1] INFO  handler.ContextHandler (ContextHandler.java:doStart(921)) - Started o.e.j.w.WebAppContext@7098bdc9{hddsDatanode,/,file:///home/runner/work/ozone/ozone/hadoop-ozone/integration-test/target/test-dir/MiniOzoneClusterImpl-a412b9f6-7d8b-4de3-a85c-9946bceaa3a0/scm/ozone-metadata/webserver/jetty-0_0_0_0-15058-hdds-container-service-2_1_0-SNAPSHOT_jar-_-any-17720784218251513421/webapp/,AVAILABLE}{jar:file:/home/runner/work/ozone/ozone/hadoop-hdds/container-service/target/hdds-container-service-2.1.0-SNAPSHOT.jar!/webapps/hddsDatanode}
2025-10-22 08:23:41,748 [ForkJoinPool-1-worker-1] INFO  server.AbstractConnector (AbstractConnector.java:doStart(333)) - Started ServerConnector@6ffa2a87{HTTP/1.1, (http/1.1)}{0.0.0.0:15058}
2025-10-22 08:23:41,748 [ForkJoinPool-1-worker-1] INFO  server.Server (Server.java:doStart(415)) - Started @13345ms
2025-10-22 08:23:41,748 [ForkJoinPool-1-worker-1] WARN  impl.MetricsSystemImpl (MetricsSystemImpl.java:register(279)) - Sink prometheus already exists!
2025-10-22 08:23:41,748 [ForkJoinPool-1-worker-1] INFO  http.BaseHttpServer (BaseHttpServer.java:updateConnectorAddress(357)) - HTTP server of hddsDatanode listening at http://localhost:15058
2025-10-22 08:23:41,749 [ForkJoinPool-1-worker-1] INFO  ipc.CallQueueManager (CallQueueManager.java:<init>(93)) - Using callQueue: class java.util.concurrent.LinkedBlockingQueue, queueCapacity: 1000, scheduler: class org.apache.hadoop.ipc.DefaultRpcScheduler, ipcBackoff: false, ipcFailOver: false.
2025-10-22 08:23:41,749 [ForkJoinPool-1-worker-1] INFO  ipc.Server (Server.java:<init>(1438)) - Listener at 0.0.0.0:15059
2025-10-22 08:23:41,750 [Socket Reader #1 for port 15059] INFO  ipc.Server (Server.java:run(1474)) - Starting Socket Reader #1 for port 15059
2025-10-22 08:23:41,750 [Socket Reader #2 for port 15059] INFO  ipc.Server (Server.java:run(1474)) - Starting Socket Reader #2 for port 15059
2025-10-22 08:23:41,750 [Socket Reader #3 for port 15059] INFO  ipc.Server (Server.java:run(1474)) - Starting Socket Reader #3 for port 15059
2025-10-22 08:23:41,750 [Socket Reader #4 for port 15059] INFO  ipc.Server (Server.java:run(1474)) - Starting Socket Reader #4 for port 15059
2025-10-22 08:23:41,751 [Socket Reader #5 for port 15059] INFO  ipc.Server (Server.java:run(1474)) - Starting Socket Reader #5 for port 15059
2025-10-22 08:23:41,751 [Socket Reader #6 for port 15059] INFO  ipc.Server (Server.java:run(1474)) - Starting Socket Reader #6 for port 15059
2025-10-22 08:23:41,751 [Socket Reader #7 for port 15059] INFO  ipc.Server (Server.java:run(1474)) - Starting Socket Reader #7 for port 15059
2025-10-22 08:23:41,752 [Socket Reader #8 for port 15059] INFO  ipc.Server (Server.java:run(1474)) - Starting Socket Reader #8 for port 15059
2025-10-22 08:23:41,752 [Socket Reader #9 for port 15059] INFO  ipc.Server (Server.java:run(1474)) - Starting Socket Reader #9 for port 15059
2025-10-22 08:23:41,753 [Socket Reader #10 for port 15059] INFO  ipc.Server (Server.java:run(1474)) - Starting Socket Reader #10 for port 15059
2025-10-22 08:23:41,755 [ForkJoinPool-1-worker-1] INFO  ozone.HddsDatanodeService (HddsDatanodeService.java:start(333)) - Datanode start with admins: [admin, runner]
2025-10-22 08:23:41,755 [ForkJoinPool-1-worker-1] INFO  ozone.HddsDatanodeClientProtocolServer (HddsDatanodeClientProtocolServer.java:start(76)) - RPC server for Client /0.0.0.0:15059
2025-10-22 08:23:41,756 [IPC Server Responder] INFO  ipc.Server (Server.java:run(1713)) - IPC Server Responder: starting
2025-10-22 08:23:41,756 [IPC Server listener on 15059] INFO  ipc.Server (Server.java:run(1553)) - IPC Server listener on 15059: starting
2025-10-22 08:23:41,759 [ForkJoinPool-1-worker-1] WARN  dropwizard3.Dm3MetricRegistriesImpl (Dm3MetricRegistriesImpl.java:addReporterRegistration(114)) - New reporters are added after registries were created. Some metrics will be missing from the reporter. Please add reporter before adding any new registry.
2025-10-22 08:23:41,759 [ForkJoinPool-1-worker-1] WARN  dropwizard3.Dm3MetricRegistriesImpl (Dm3MetricRegistriesImpl.java:addReporterRegistration(114)) - New reporters are added after registries were created. Some metrics will be missing from the reporter. Please add reporter before adding any new registry.
2025-10-22 08:23:41,762 [8aba082c-257b-43e3-ba61-5d436c5b38fa-DatanodeStateMachineDaemonThread] INFO  statemachine.DatanodeStateMachine (DatanodeStateMachine.java:startStateMachineThread(363)) - Ozone container server started.
2025-10-22 08:23:41,768 [8aba082c-257b-43e3-ba61-5d436c5b38fa-DatanodeStateMachineTaskThread-0] INFO  datanode.InitDatanodeState (InitDatanodeState.java:persistContainerDatanodeDetails(139)) - DatanodeDetails is persisted to /home/runner/work/ozone/ozone/hadoop-ozone/integration-test/target/test-dir/MiniOzoneClusterImpl-a412b9f6-7d8b-4de3-a85c-9946bceaa3a0/ozone-metadata/datanode-7/ozone-metadata/datanode.id
2025-10-22 08:23:41,783 [ForkJoinPool-1-worker-1] INFO  protocol.DatanodeDetails (DatanodeDetails.java:validateDatanodeIpAddress(199)) - Updating IP address of datanode 0cab5a7d-6f40-474c-9abd-0651cf30726e(localhost/null) to 127.0.0.1
2025-10-22 08:23:41,783 [ForkJoinPool-1-worker-1] INFO  ozone.HddsDatanodeService (HddsDatanodeService.java:start(236)) - HddsDatanodeService 0cab5a7d-6f40-474c-9abd-0651cf30726e(localhost/127.0.0.1)
2025-10-22 08:23:41,785 [ForkJoinPool-1-worker-1] INFO  upgrade.AbstractLayoutVersionManager (AbstractLayoutVersionManager.java:init(80)) - Initializing Layout version manager with metadata layout = WITNESSED_CONTAINER_DB_PROTO_VALUE (version = 9), software layout = WITNESSED_CONTAINER_DB_PROTO_VALUE (version = 9)
2025-10-22 08:23:41,786 [ForkJoinPool-1-worker-1] INFO  statemachine.DatanodeStateMachine (DatanodeStateMachine.java:getEndPointTaskThreadPoolSize(321)) - Datanode State Machine Task Thread Pool size 2
2025-10-22 08:23:41,790 [ForkJoinPool-1-worker-1] INFO  volume.HddsVolume (HddsVolume.java:<init>(162)) - HddsVolume: { id=DS-6c393a5b-2485-4a70-b746-6b7833bb6f6b dir=/home/runner/work/ozone/ozone/hadoop-ozone/integration-test/target/test-dir/MiniOzoneClusterImpl-a412b9f6-7d8b-4de3-a85c-9946bceaa3a0/ozone-metadata/datanode-8/data-0/hdds type=DISK capacity=9222449699674390527 used=0 available=9222449699674390527 minFree=184448985434423296 committed=0 }
2025-10-22 08:23:41,791 [ForkJoinPool-1-worker-1] INFO  volume.MutableVolumeSet (MutableVolumeSet.java:initializeVolumeSet(175)) - Added Volume : /home/runner/work/ozone/ozone/hadoop-ozone/integration-test/target/test-dir/MiniOzoneClusterImpl-a412b9f6-7d8b-4de3-a85c-9946bceaa3a0/ozone-metadata/datanode-8/data-0/hdds to VolumeSet
2025-10-22 08:23:41,792 [ForkJoinPool-1-worker-1] INFO  volume.MutableVolumeSet (MutableVolumeSet.java:initializeVolumeSet(175)) - Added Volume : /home/runner/work/ozone/ozone/hadoop-ozone/integration-test/target/test-dir/MiniOzoneClusterImpl-a412b9f6-7d8b-4de3-a85c-9946bceaa3a0/ozone-metadata/datanode-8/ratis to VolumeSet
2025-10-22 08:23:41,793 [ForkJoinPool-1-worker-1] INFO  ozoneimpl.OzoneContainer (HddsVolumeUtil.java:loadAllHddsVolumeDbStore(102)) - Load 1 volumes DbStore cost: 1ms
2025-10-22 08:23:41,794 [ForkJoinPool-1-worker-1] WARN  db.DBStoreBuilder (DBStoreBuilder.java:getDBDirPath(157)) - ozone.scm.datanode.id.dir is not configured. We recommend adding this setting. Falling back to ozone.metadata.dirs instead.
2025-10-22 08:23:41,795 [ForkJoinPool-1-worker-1] WARN  db.DBStoreBuilder (DBStoreBuilder.java:getDBDirPath(157)) - ozone.scm.datanode.id.dir is not configured. We recommend adding this setting. Falling back to ozone.metadata.dirs instead.
2025-10-22 08:23:41,798 [cb442068-6d75-4200-81e8-5fb60de94381-EndpointStateMachineTaskThread-/0.0.0.0:15002-0 ] INFO  utils.DatanodeStoreCache (DatanodeStoreCache.java:addDB(70)) - Added db /home/runner/work/ozone/ozone/hadoop-ozone/integration-test/target/test-dir/MiniOzoneClusterImpl-a412b9f6-7d8b-4de3-a85c-9946bceaa3a0/ozone-metadata/datanode-5/data-0/hdds/a412b9f6-7d8b-4de3-a85c-9946bceaa3a0/DS-ca10d0ba-335c-4c88-91c2-e630968cb905/container.db to cache
2025-10-22 08:23:41,799 [cb442068-6d75-4200-81e8-5fb60de94381-EndpointStateMachineTaskThread-/0.0.0.0:15002-0 ] INFO  volume.HddsVolume (HddsVolume.java:createDbStore(576)) - SchemaV3 db is created and loaded at /home/runner/work/ozone/ozone/hadoop-ozone/integration-test/target/test-dir/MiniOzoneClusterImpl-a412b9f6-7d8b-4de3-a85c-9946bceaa3a0/ozone-metadata/datanode-5/data-0/hdds/a412b9f6-7d8b-4de3-a85c-9946bceaa3a0/DS-ca10d0ba-335c-4c88-91c2-e630968cb905/container.db for volume DS-ca10d0ba-335c-4c88-91c2-e630968cb905
2025-10-22 08:23:41,802 [cb442068-6d75-4200-81e8-5fb60de94381-ContainerReader-0] INFO  ozoneimpl.ContainerReader (ContainerReader.java:readVolume(147)) - Start to verify containers on volume /home/runner/work/ozone/ozone/hadoop-ozone/integration-test/target/test-dir/MiniOzoneClusterImpl-a412b9f6-7d8b-4de3-a85c-9946bceaa3a0/ozone-metadata/datanode-5/data-0/hdds
2025-10-22 08:23:41,802 [cb442068-6d75-4200-81e8-5fb60de94381-ContainerReader-0] INFO  ozoneimpl.ContainerReader (ContainerReader.java:readVolume(177)) - Finish verifying containers on volume /home/runner/work/ozone/ozone/hadoop-ozone/integration-test/target/test-dir/MiniOzoneClusterImpl-a412b9f6-7d8b-4de3-a85c-9946bceaa3a0/ozone-metadata/datanode-5/data-0/hdds
2025-10-22 08:23:41,803 [cb442068-6d75-4200-81e8-5fb60de94381-EndpointStateMachineTaskThread-/0.0.0.0:15002-0 ] INFO  ozoneimpl.OzoneContainer (OzoneContainer.java:buildContainerSet(359)) - Build ContainerSet costs 0s
2025-10-22 08:23:41,803 [cb442068-6d75-4200-81e8-5fb60de94381-EndpointStateMachineTaskThread-/0.0.0.0:15002-0 ] INFO  volume.ThrottledAsyncChecker (ThrottledAsyncChecker.java:schedule(138)) - Scheduling a check for /home/runner/work/ozone/ozone/hadoop-ozone/integration-test/target/test-dir/MiniOzoneClusterImpl-a412b9f6-7d8b-4de3-a85c-9946bceaa3a0/ozone-metadata/datanode-5/data-0/hdds
2025-10-22 08:23:41,804 [cb442068-6d75-4200-81e8-5fb60de94381-EndpointStateMachineTaskThread-/0.0.0.0:15002-0 ] INFO  volume.StorageVolumeChecker (StorageVolumeChecker.java:checkAllVolumes(231)) - Scheduled health check for volume /home/runner/work/ozone/ozone/hadoop-ozone/integration-test/target/test-dir/MiniOzoneClusterImpl-a412b9f6-7d8b-4de3-a85c-9946bceaa3a0/ozone-metadata/datanode-5/data-0/hdds
2025-10-22 08:23:41,809 [cb442068-6d75-4200-81e8-5fb60de94381-EndpointStateMachineTaskThread-/0.0.0.0:15002-0 ] INFO  volume.ThrottledAsyncChecker (ThrottledAsyncChecker.java:schedule(138)) - Scheduling a check for /home/runner/work/ozone/ozone/hadoop-ozone/integration-test/target/test-dir/MiniOzoneClusterImpl-a412b9f6-7d8b-4de3-a85c-9946bceaa3a0/ozone-metadata/datanode-5/ratis
2025-10-22 08:23:41,809 [cb442068-6d75-4200-81e8-5fb60de94381-EndpointStateMachineTaskThread-/0.0.0.0:15002-0 ] INFO  volume.StorageVolumeChecker (StorageVolumeChecker.java:checkAllVolumes(231)) - Scheduled health check for volume /home/runner/work/ozone/ozone/hadoop-ozone/integration-test/target/test-dir/MiniOzoneClusterImpl-a412b9f6-7d8b-4de3-a85c-9946bceaa3a0/ozone-metadata/datanode-5/ratis
2025-10-22 08:23:41,810 [cb442068-6d75-4200-81e8-5fb60de94381-EndpointStateMachineTaskThread-/0.0.0.0:15002-0 ] INFO  ozoneimpl.OzoneContainer (OzoneContainer.java:start(544)) - Attempting to start container services.
2025-10-22 08:23:41,811 [ContainerMetadataScanner] INFO  ozoneimpl.AbstractBackgroundContainerScanner (AbstractBackgroundContainerScanner.java:runIteration(89)) - Completed an iteration in 0 minutes. Number of iterations (since the data-node restart) : 1, Number of containers scanned in this iteration : 0, Number of unhealthy containers found in this iteration : 0
2025-10-22 08:23:41,813 [ContainerDataScanner(/home/runner/work/ozone/ozone/hadoop-ozone/integration-test/target/test-dir/MiniOzoneClusterImpl-a412b9f6-7d8b-4de3-a85c-9946bceaa3a0/ozone-metadata/datanode-5/data-0/hdds)] INFO  ozoneimpl.AbstractBackgroundContainerScanner (AbstractBackgroundContainerScanner.java:runIteration(89)) - Completed an iteration in 0 minutes. Number of iterations (since the data-node restart) : 1, Number of containers scanned in this iteration : 0, Number of unhealthy containers found in this iteration : 0
2025-10-22 08:23:41,814 [cb442068-6d75-4200-81e8-5fb60de94381-EndpointStateMachineTaskThread-/0.0.0.0:15002-0 ] INFO  replication.ReplicationServer (ReplicationServer.java:start(137)) - ReplicationServer is started using port 15049
2025-10-22 08:23:41,814 [cb442068-6d75-4200-81e8-5fb60de94381-EndpointStateMachineTaskThread-/0.0.0.0:15002-0 ] INFO  ratis.XceiverServerRatis (XceiverServerRatis.java:start(559)) - Starting XceiverServerRatis(cb442068-6d75-4200-81e8-5fb60de94381)
2025-10-22 08:23:41,814 [ForkJoinPool-1-worker-1] INFO  impl.FilePerChunkStrategy (FilePerChunkStrategy.java:<init>(79)) - ozone.chunk.read.mapped.buffer.max.count is load with 0
2025-10-22 08:23:41,815 [ForkJoinPool-1-worker-1] INFO  impl.FilePerBlockStrategy (FilePerBlockStrategy.java:<init>(88)) - ozone.chunk.read.mapped.buffer.max.count is load with 0
2025-10-22 08:23:41,816 [ForkJoinPool-1-worker-1] INFO  server.RaftServerConfigKeys (ConfUtils.java:logGet(62)) - raft.server.log.appender.buffer.byte-limit = 33554432 (custom)
2025-10-22 08:23:41,816 [cb442068-6d75-4200-81e8-5fb60de94381-EndpointStateMachineTaskThread-/0.0.0.0:15002-0 ] INFO  server.RaftServer (RaftServerProxy.java:startImpl(412)) - cb442068-6d75-4200-81e8-5fb60de94381: start RPC server
2025-10-22 08:23:41,817 [cb442068-6d75-4200-81e8-5fb60de94381-EndpointStateMachineTaskThread-/0.0.0.0:15002-0 ] INFO  server.GrpcServicesImpl (GrpcServicesImpl.java:startImpl(346)) - cb442068-6d75-4200-81e8-5fb60de94381: GrpcServicesImpl started, listening on 15045
2025-10-22 08:23:41,818 [ForkJoinPool-1-worker-1] INFO  grpc.GrpcConfigKeys (ConfUtils.java:logFallback(69)) - raft.grpc.admin.host = null (fallback to raft.grpc.server.host)
2025-10-22 08:23:41,818 [ForkJoinPool-1-worker-1] INFO  grpc.GrpcConfigKeys (ConfUtils.java:logGet(62)) - raft.grpc.admin.port = 15070 (custom)
2025-10-22 08:23:41,818 [ForkJoinPool-1-worker-1] INFO  grpc.GrpcConfigKeys (ConfUtils.java:logFallback(69)) - raft.grpc.client.host = null (fallback to raft.grpc.server.host)
2025-10-22 08:23:41,818 [ForkJoinPool-1-worker-1] INFO  grpc.GrpcConfigKeys (ConfUtils.java:logGet(62)) - raft.grpc.client.port = 15069 (custom)
2025-10-22 08:23:41,818 [ForkJoinPool-1-worker-1] INFO  grpc.GrpcConfigKeys (ConfUtils.java:logGet(62)) - raft.grpc.server.port = 15071 (custom)
2025-10-22 08:23:41,818 [ForkJoinPool-1-worker-1] INFO  server.GrpcServicesImpl (ConfUtils.java:logGet(62)) - raft.grpc.message.size.max = 34603008 (custom)
2025-10-22 08:23:41,819 [ForkJoinPool-1-worker-1] INFO  server.GrpcServicesImpl (ConfUtils.java:logGet(62)) - raft.grpc.flow.control.window = 5MB (=5242880) (custom)
2025-10-22 08:23:41,819 [ForkJoinPool-1-worker-1] INFO  server.RaftServerConfigKeys (ConfUtils.java:logGet(62)) - raft.server.log.appender.buffer.byte-limit = 33554432 (custom)
2025-10-22 08:23:41,819 [cb442068-6d75-4200-81e8-5fb60de94381-EndpointStateMachineTaskThread-/0.0.0.0:15002-0 ] INFO  server.GrpcServicesImpl (GrpcServicesImpl.java:startImpl(346)) - cb442068-6d75-4200-81e8-5fb60de94381: GrpcServicesImpl started, listening on 15047
2025-10-22 08:23:41,820 [cb442068-6d75-4200-81e8-5fb60de94381-EndpointStateMachineTaskThread-/0.0.0.0:15002-0 ] INFO  server.GrpcServicesImpl (GrpcServicesImpl.java:startImpl(346)) - cb442068-6d75-4200-81e8-5fb60de94381: GrpcServicesImpl started, listening on 15046
2025-10-22 08:23:41,821 [cb442068-6d75-4200-81e8-5fb60de94381-EndpointStateMachineTaskThread-/0.0.0.0:15002-0 ] INFO  ratis.XceiverServerRatis (XceiverServerRatis.java:getRealPort(586)) - XceiverServerRatis(cb442068-6d75-4200-81e8-5fb60de94381) is started using port RATIS=15045
2025-10-22 08:23:41,821 [cb442068-6d75-4200-81e8-5fb60de94381-EndpointStateMachineTaskThread-/0.0.0.0:15002-0 ] INFO  ratis.XceiverServerRatis (XceiverServerRatis.java:getRealPort(586)) - XceiverServerRatis(cb442068-6d75-4200-81e8-5fb60de94381) is started using port RATIS_ADMIN=15046
2025-10-22 08:23:41,821 [cb442068-6d75-4200-81e8-5fb60de94381-EndpointStateMachineTaskThread-/0.0.0.0:15002-0 ] INFO  ratis.XceiverServerRatis (XceiverServerRatis.java:getRealPort(586)) - XceiverServerRatis(cb442068-6d75-4200-81e8-5fb60de94381) is started using port RATIS_SERVER=15047
2025-10-22 08:23:41,821 [cb442068-6d75-4200-81e8-5fb60de94381-EndpointStateMachineTaskThread-/0.0.0.0:15002-0 ] INFO  ratis.XceiverServerRatis (XceiverServerRatis.java:getRealPort(586)) - XceiverServerRatis(cb442068-6d75-4200-81e8-5fb60de94381) is started using port RATIS_DATASTREAM=15048
2025-10-22 08:23:41,821 [ForkJoinPool-1-worker-1] INFO  netty.NettyUtils (NettyUtils.java:newEventLoopGroup(74)) - Create EpollEventLoopGroup for 0cab5a7d-6f40-474c-9abd-0651cf30726e-NettyServerStreamRpc-bossGroup; Thread size is 0.
2025-10-22 08:23:41,821 [JvmPauseMonitor7] INFO  util.JvmPauseMonitor (JvmPauseMonitor.java:run(146)) - JvmPauseMonitor-cb442068-6d75-4200-81e8-5fb60de94381: Started
2025-10-22 08:23:41,822 [ForkJoinPool-1-worker-1] INFO  netty.NettyUtils (NettyUtils.java:newEventLoopGroup(74)) - Create EpollEventLoopGroup for 0cab5a7d-6f40-474c-9abd-0651cf30726e-NettyServerStreamRpc-workerGroup; Thread size is 0.
2025-10-22 08:23:41,823 [ForkJoinPool-1-worker-1] INFO  netty.NettyConfigKeys$DataStream (ConfUtils.java:logGet(62)) - raft.netty.dataStream.port = 15072 (custom)
2025-10-22 08:23:41,824 [0cab5a7d-6f40-474c-9abd-0651cf30726e-NettyServerStreamRpc-bossGroup--thread1] INFO  logging.LoggingHandler (AbstractInternalLogger.java:log(148)) - [id: 0xe6f026f7] REGISTERED
2025-10-22 08:23:41,824 [0cab5a7d-6f40-474c-9abd-0651cf30726e-NettyServerStreamRpc-bossGroup--thread1] INFO  logging.LoggingHandler (AbstractInternalLogger.java:log(148)) - [id: 0xe6f026f7] BIND: 0.0.0.0/0.0.0.0:15072
2025-10-22 08:23:41,824 [ForkJoinPool-1-worker-1] INFO  server.RaftServerConfigKeys (ConfUtils.java:logGet(62)) - raft.server.storage.dir = [/home/runner/work/ozone/ozone/hadoop-ozone/integration-test/target/test-dir/MiniOzoneClusterImpl-a412b9f6-7d8b-4de3-a85c-9946bceaa3a0/ozone-metadata/datanode-8/ratis] (custom)
2025-10-22 08:23:41,824 [0cab5a7d-6f40-474c-9abd-0651cf30726e-NettyServerStreamRpc-bossGroup--thread1] INFO  logging.LoggingHandler (AbstractInternalLogger.java:log(148)) - [id: 0xe6f026f7, L:/0.0.0.0:15072] ACTIVE
2025-10-22 08:23:41,824 [cb442068-6d75-4200-81e8-5fb60de94381-EndpointStateMachineTaskThread-/0.0.0.0:15002-0 ] INFO  utils.BackgroundService (BackgroundService.java:start(119)) - Starting service BlockDeletingService with interval 60000 milliseconds
2025-10-22 08:23:41,825 [0cab5a7d-6f40-474c-9abd-0651cf30726e-impl-thread1] INFO  server.RaftServer (RaftServerProxy.java:initGroupDir(270)) - 0cab5a7d-6f40-474c-9abd-0651cf30726e: found a subdirectory /home/runner/work/ozone/ozone/hadoop-ozone/integration-test/target/test-dir/MiniOzoneClusterImpl-a412b9f6-7d8b-4de3-a85c-9946bceaa3a0/ozone-metadata/datanode-8/ratis/tmp
2025-10-22 08:23:41,825 [0cab5a7d-6f40-474c-9abd-0651cf30726e-impl-thread1] INFO  server.RaftServer (RaftServerProxy.java:initGroupDir(275)) - 0cab5a7d-6f40-474c-9abd-0651cf30726e: The directory /home/runner/work/ozone/ozone/hadoop-ozone/integration-test/target/test-dir/MiniOzoneClusterImpl-a412b9f6-7d8b-4de3-a85c-9946bceaa3a0/ozone-metadata/datanode-8/ratis/tmp is not a group directory; ignoring it. 
2025-10-22 08:23:41,826 [ForkJoinPool-1-worker-1] INFO  replication.ReplicationServer (ReplicationServer.java:<init>(84)) - Initializing replication server with thread count = 10 queue length = 4096
2025-10-22 08:23:41,827 [cb442068-6d75-4200-81e8-5fb60de94381-EndpointStateMachineTaskThread-/0.0.0.0:15002-0 ] INFO  utils.BackgroundService (BackgroundService.java:start(119)) - Starting service StaleRecoveringContainerScrubbingService with interval 60000 milliseconds
2025-10-22 08:23:41,827 [ForkJoinPool-1-worker-1] INFO  server.XceiverServerGrpc (XceiverServerGrpc.java:<init>(129)) - GrpcServer channel type EpollServerSocketChannel
2025-10-22 08:23:41,829 [ForkJoinPool-1-worker-1] INFO  replication.ReplicationSupervisor (ReplicationSupervisor.java:build(169)) - Initializing replication supervisor with thread count = 10
2025-10-22 08:23:41,829 [ForkJoinPool-1-worker-1] INFO  replication.ReplicationSupervisor (ReplicationSupervisor.java:nodeStateUpdated(358)) - Node state updated to IN_SERVICE, scaling executor pool size to 10
2025-10-22 08:23:41,832 [ForkJoinPool-1-worker-1] INFO  http.BaseHttpServer (BaseHttpServer.java:newHttpServer2BuilderForOzone(227)) - Starting Web-server for hddsDatanode at: http://0.0.0.0:15066
2025-10-22 08:23:41,832 [ForkJoinPool-1-worker-1] INFO  http.BaseHttpServer (BaseHttpServer.java:<init>(105)) - Hadoop Security Enabled: false Ozone Security Enabled: false Ozone HTTP Security Enabled: false 
2025-10-22 08:23:41,834 [ForkJoinPool-1-worker-1] WARN  server.AuthenticationFilter (AuthenticationFilter.java:constructSecretProvider(240)) - Unable to initialize FileSignerSecretProvider, falling back to use random secrets. Reason: Could not read signature secret file: /home/runner/hadoop-http-auth-signature-secret
2025-10-22 08:23:41,837 [ForkJoinPool-1-worker-1] INFO  http.HttpServer2 (HttpServer2.java:addGlobalFilter(1040)) - Added global filter 'safety' (class=org.apache.hadoop.hdds.server.http.HttpServer2$QuotingInputFilter)
2025-10-22 08:23:41,838 [ForkJoinPool-1-worker-1] INFO  http.HttpServer2 (HttpServer2.java:addFilter(1016)) - Added filter static_user_filter (class=org.apache.hadoop.http.lib.StaticUserWebFilter$StaticUserFilter) to context hddsDatanode
2025-10-22 08:23:41,838 [ForkJoinPool-1-worker-1] INFO  http.HttpServer2 (HttpServer2.java:addFilter(1024)) - Added filter static_user_filter (class=org.apache.hadoop.http.lib.StaticUserWebFilter$StaticUserFilter) to context logs
2025-10-22 08:23:41,838 [ForkJoinPool-1-worker-1] INFO  http.HttpServer2 (HttpServer2.java:addFilter(1024)) - Added filter static_user_filter (class=org.apache.hadoop.http.lib.StaticUserWebFilter$StaticUserFilter) to context static
2025-10-22 08:23:41,839 [ForkJoinPool-1-worker-1] INFO  http.BaseHttpServer (BaseHttpServer.java:<init>(193)) - HTTP server of hddsDatanode uses base directory /home/runner/work/ozone/ozone/hadoop-ozone/integration-test/target/test-dir/MiniOzoneClusterImpl-a412b9f6-7d8b-4de3-a85c-9946bceaa3a0/scm/ozone-metadata/webserver
2025-10-22 08:23:41,839 [ForkJoinPool-1-worker-1] INFO  http.HttpServer2 (HttpServer2.java:bindListener(1240)) - Jetty bound to port 15066
2025-10-22 08:23:41,839 [ForkJoinPool-1-worker-1] INFO  server.Server (Server.java:doStart(375)) - jetty-9.4.58.v20250814; built: 2025-08-14T02:28:49.637Z; git: 8f1440587e9e4ae7db3d74cf205643f3d707148d; jvm 21.0.8+9-LTS
2025-10-22 08:23:41,841 [ForkJoinPool-1-worker-1] INFO  server.session (DefaultSessionIdManager.java:doStart(334)) - DefaultSessionIdManager workerName=node0
2025-10-22 08:23:41,841 [ForkJoinPool-1-worker-1] INFO  server.session (DefaultSessionIdManager.java:doStart(339)) - No SessionScavenger set, using defaults
2025-10-22 08:23:41,842 [ForkJoinPool-1-worker-1] INFO  server.session (HouseKeeper.java:startScavenging(132)) - node0 Scavenging every 660000ms
2025-10-22 08:23:41,843 [ForkJoinPool-1-worker-1] INFO  handler.ContextHandler (ContextHandler.java:doStart(921)) - Started o.e.j.s.ServletContextHandler@3b09b201{logs,/logs,file:///home/runner/work/ozone/ozone/hadoop-ozone/integration-test/target/log,AVAILABLE}
2025-10-22 08:23:41,843 [ForkJoinPool-1-worker-1] INFO  handler.ContextHandler (ContextHandler.java:doStart(921)) - Started o.e.j.s.ServletContextHandler@45ab5b24{static,/static,jar:file:/home/runner/work/ozone/ozone/hadoop-hdds/container-service/target/hdds-container-service-2.1.0-SNAPSHOT.jar!/webapps/static,AVAILABLE}
2025-10-22 08:23:41,926 [IPC Server handler 16 on default port 15002] INFO  net.NetworkTopologyImpl (NetworkTopologyImpl.java:add(133)) - Added a new node: /rack1/2ad521b7-7a63-459b-9c84-f917bba20586
2025-10-22 08:23:41,927 [IPC Server handler 16 on default port 15002] INFO  node.SCMNodeManager (SCMNodeManager.java:register(423)) - Registered datanode: 2ad521b7-7a63-459b-9c84-f917bba20586{ip: 127.0.0.1, host: localhost, ports: [HTTP=15034, CLIENT_RPC=15035, REPLICATION=15041, RATIS=15037, RATIS_ADMIN=15038, RATIS_SERVER=15039, RATIS_DATASTREAM=15040, STANDALONE=15036], networkLocation: /rack1, certSerialId: null, persistedOpState: null, persistedOpStateExpiryEpochSec: 0}
2025-10-22 08:23:41,927 [EventQueue-NodeRegistrationContainerReportForDataNodeSafeModeRule] INFO  safemode.SCMSafeModeManager (SCMSafeModeManager.java:validateSafeModeExitRules(138)) - DataNodeSafeModeRule rule is successfully validated
2025-10-22 08:23:41,927 [EventQueue-ContainerRegistrationReportForECContainerSafeModeRule] INFO  safemode.SCMSafeModeManager (SCMSafeModeManager.java:validateSafeModeExitRules(138)) - ECContainerSafeModeRule rule is successfully validated
2025-10-22 08:23:41,927 [EventQueue-ContainerRegistrationReportForRatisContainerSafeModeRule] INFO  safemode.SCMSafeModeManager (SCMSafeModeManager.java:validateSafeModeExitRules(138)) - RatisContainerSafeModeRule rule is successfully validated
2025-10-22 08:23:41,927 [EventQueue-PipelineReportForOneReplicaPipelineSafeModeRule] INFO  safemode.SCMSafeModeManager (SCMSafeModeManager.java:validateSafeModeExitRules(138)) - OneReplicaPipelineSafeModeRule rule is successfully validated
2025-10-22 08:23:41,927 [EventQueue-NewNodeForNewNodeHandler] INFO  pipeline.BackgroundPipelineCreator (BackgroundPipelineCreator.java:notifyEventTriggered(290)) - trigger a one-shot run on RatisPipelineUtilsThread.
2025-10-22 08:23:41,929 [RatisPipelineUtilsThread-0] INFO  pipeline.RatisPipelineProvider (RatisPipelineProvider.java:lambda$create$0(208)) - Sending CreatePipelineCommand for pipeline:Pipeline-e5c153cd-cace-4eeb-969b-9159ac336964 to datanode:2ad521b7-7a63-459b-9c84-f917bba20586(localhost/127.0.0.1)
2025-10-22 08:23:41,932 [865d5785-f699-439e-a1bb-b7d8c2e8d3c0@group-9946BCEAA3A0-StateMachineUpdater] INFO  safemode.SCMSafeModeManager (SCMSafeModeManager.java:validateSafeModeExitRules(138)) - DataNodeSafeModeRule rule is successfully validated
2025-10-22 08:23:41,932 [865d5785-f699-439e-a1bb-b7d8c2e8d3c0@group-9946BCEAA3A0-StateMachineUpdater] INFO  safemode.SCMSafeModeManager (SCMSafeModeManager.java:validateSafeModeExitRules(138)) - RatisContainerSafeModeRule rule is successfully validated
2025-10-22 08:23:41,932 [865d5785-f699-439e-a1bb-b7d8c2e8d3c0@group-9946BCEAA3A0-StateMachineUpdater] INFO  safemode.HealthyPipelineSafeModeRule (HealthyPipelineSafeModeRule.java:initializeRule(226)) - Refreshed total pipeline count is 0, healthy pipeline threshold count is 1
2025-10-22 08:23:41,932 [865d5785-f699-439e-a1bb-b7d8c2e8d3c0@group-9946BCEAA3A0-StateMachineUpdater] INFO  safemode.SCMSafeModeManager (SCMSafeModeManager.java:validateSafeModeExitRules(138)) - OneReplicaPipelineSafeModeRule rule is successfully validated
2025-10-22 08:23:41,933 [865d5785-f699-439e-a1bb-b7d8c2e8d3c0@group-9946BCEAA3A0-StateMachineUpdater] INFO  safemode.SCMSafeModeManager (SCMSafeModeManager.java:validateSafeModeExitRules(138)) - ECContainerSafeModeRule rule is successfully validated
2025-10-22 08:23:41,933 [RatisPipelineUtilsThread-0] INFO  pipeline.BackgroundPipelineCreator (BackgroundPipelineCreator.java:createPipelines(246)) - Created new pipeline Pipeline{ Id: e5c153cd-cace-4eeb-969b-9159ac336964, Nodes: [ {2ad521b7-7a63-459b-9c84-f917bba20586(localhost/127.0.0.1), ReplicaIndex: 0},], ReplicationConfig: RATIS/ONE, State:ALLOCATED, leaderId:, CreationTimestamp2025-10-22T08:23:41.929213955Z[Etc/UTC]}
2025-10-22 08:23:42,021 [ForkJoinPool-1-worker-1] INFO  handler.ContextHandler (ContextHandler.java:doStart(921)) - Started o.e.j.w.WebAppContext@6cf7ec51{hddsDatanode,/,file:///home/runner/work/ozone/ozone/hadoop-ozone/integration-test/target/test-dir/MiniOzoneClusterImpl-a412b9f6-7d8b-4de3-a85c-9946bceaa3a0/scm/ozone-metadata/webserver/jetty-0_0_0_0-15066-hdds-container-service-2_1_0-SNAPSHOT_jar-_-any-4585879547812495367/webapp/,AVAILABLE}{jar:file:/home/runner/work/ozone/ozone/hadoop-hdds/container-service/target/hdds-container-service-2.1.0-SNAPSHOT.jar!/webapps/hddsDatanode}
2025-10-22 08:23:42,022 [ForkJoinPool-1-worker-1] INFO  server.AbstractConnector (AbstractConnector.java:doStart(333)) - Started ServerConnector@f93c58d{HTTP/1.1, (http/1.1)}{0.0.0.0:15066}
2025-10-22 08:23:42,022 [ForkJoinPool-1-worker-1] INFO  server.Server (Server.java:doStart(415)) - Started @13619ms
2025-10-22 08:23:42,022 [ForkJoinPool-1-worker-1] WARN  impl.MetricsSystemImpl (MetricsSystemImpl.java:register(279)) - Sink prometheus already exists!
2025-10-22 08:23:42,022 [ForkJoinPool-1-worker-1] INFO  http.BaseHttpServer (BaseHttpServer.java:updateConnectorAddress(357)) - HTTP server of hddsDatanode listening at http://localhost:15066
2025-10-22 08:23:42,023 [ForkJoinPool-1-worker-1] INFO  ipc.CallQueueManager (CallQueueManager.java:<init>(93)) - Using callQueue: class java.util.concurrent.LinkedBlockingQueue, queueCapacity: 1000, scheduler: class org.apache.hadoop.ipc.DefaultRpcScheduler, ipcBackoff: false, ipcFailOver: false.
2025-10-22 08:23:42,023 [ForkJoinPool-1-worker-1] INFO  ipc.Server (Server.java:<init>(1438)) - Listener at 0.0.0.0:15067
2025-10-22 08:23:42,024 [Socket Reader #1 for port 15067] INFO  ipc.Server (Server.java:run(1474)) - Starting Socket Reader #1 for port 15067
2025-10-22 08:23:42,024 [Socket Reader #2 for port 15067] INFO  ipc.Server (Server.java:run(1474)) - Starting Socket Reader #2 for port 15067
2025-10-22 08:23:42,024 [Socket Reader #3 for port 15067] INFO  ipc.Server (Server.java:run(1474)) - Starting Socket Reader #3 for port 15067
2025-10-22 08:23:42,024 [Socket Reader #4 for port 15067] INFO  ipc.Server (Server.java:run(1474)) - Starting Socket Reader #4 for port 15067
2025-10-22 08:23:42,024 [Socket Reader #5 for port 15067] INFO  ipc.Server (Server.java:run(1474)) - Starting Socket Reader #5 for port 15067
2025-10-22 08:23:42,025 [Socket Reader #6 for port 15067] INFO  ipc.Server (Server.java:run(1474)) - Starting Socket Reader #6 for port 15067
2025-10-22 08:23:42,025 [Socket Reader #7 for port 15067] INFO  ipc.Server (Server.java:run(1474)) - Starting Socket Reader #7 for port 15067
2025-10-22 08:23:42,025 [Socket Reader #8 for port 15067] INFO  ipc.Server (Server.java:run(1474)) - Starting Socket Reader #8 for port 15067
2025-10-22 08:23:42,025 [Socket Reader #9 for port 15067] INFO  ipc.Server (Server.java:run(1474)) - Starting Socket Reader #9 for port 15067
2025-10-22 08:23:42,026 [Socket Reader #10 for port 15067] INFO  ipc.Server (Server.java:run(1474)) - Starting Socket Reader #10 for port 15067
2025-10-22 08:23:42,028 [ForkJoinPool-1-worker-1] INFO  ozone.HddsDatanodeService (HddsDatanodeService.java:start(333)) - Datanode start with admins: [admin, runner]
2025-10-22 08:23:42,028 [ForkJoinPool-1-worker-1] INFO  ozone.HddsDatanodeClientProtocolServer (HddsDatanodeClientProtocolServer.java:start(76)) - RPC server for Client /0.0.0.0:15067
2025-10-22 08:23:42,028 [IPC Server Responder] INFO  ipc.Server (Server.java:run(1713)) - IPC Server Responder: starting
2025-10-22 08:23:42,028 [IPC Server listener on 15067] INFO  ipc.Server (Server.java:run(1553)) - IPC Server listener on 15067: starting
2025-10-22 08:23:42,031 [ForkJoinPool-1-worker-1] WARN  dropwizard3.Dm3MetricRegistriesImpl (Dm3MetricRegistriesImpl.java:addReporterRegistration(114)) - New reporters are added after registries were created. Some metrics will be missing from the reporter. Please add reporter before adding any new registry.
2025-10-22 08:23:42,031 [ForkJoinPool-1-worker-1] WARN  dropwizard3.Dm3MetricRegistriesImpl (Dm3MetricRegistriesImpl.java:addReporterRegistration(114)) - New reporters are added after registries were created. Some metrics will be missing from the reporter. Please add reporter before adding any new registry.
2025-10-22 08:23:42,032 [0cab5a7d-6f40-474c-9abd-0651cf30726e-DatanodeStateMachineDaemonThread] INFO  statemachine.DatanodeStateMachine (DatanodeStateMachine.java:startStateMachineThread(363)) - Ozone container server started.
2025-10-22 08:23:42,037 [0cab5a7d-6f40-474c-9abd-0651cf30726e-DatanodeStateMachineTaskThread-0] INFO  datanode.InitDatanodeState (InitDatanodeState.java:persistContainerDatanodeDetails(139)) - DatanodeDetails is persisted to /home/runner/work/ozone/ozone/hadoop-ozone/integration-test/target/test-dir/MiniOzoneClusterImpl-a412b9f6-7d8b-4de3-a85c-9946bceaa3a0/ozone-metadata/datanode-8/ozone-metadata/datanode.id
2025-10-22 08:23:42,049 [6d4f7871-438f-445e-bbd0-5ca0ba9a1086-EndpointStateMachineTaskThread-/0.0.0.0:15002-0 ] INFO  utils.DatanodeStoreCache (DatanodeStoreCache.java:addDB(70)) - Added db /home/runner/work/ozone/ozone/hadoop-ozone/integration-test/target/test-dir/MiniOzoneClusterImpl-a412b9f6-7d8b-4de3-a85c-9946bceaa3a0/ozone-metadata/datanode-6/data-0/hdds/a412b9f6-7d8b-4de3-a85c-9946bceaa3a0/DS-4a321f51-abfc-498c-a23e-1fd398dcf1d8/container.db to cache
2025-10-22 08:23:42,050 [6d4f7871-438f-445e-bbd0-5ca0ba9a1086-EndpointStateMachineTaskThread-/0.0.0.0:15002-0 ] INFO  volume.HddsVolume (HddsVolume.java:createDbStore(576)) - SchemaV3 db is created and loaded at /home/runner/work/ozone/ozone/hadoop-ozone/integration-test/target/test-dir/MiniOzoneClusterImpl-a412b9f6-7d8b-4de3-a85c-9946bceaa3a0/ozone-metadata/datanode-6/data-0/hdds/a412b9f6-7d8b-4de3-a85c-9946bceaa3a0/DS-4a321f51-abfc-498c-a23e-1fd398dcf1d8/container.db for volume DS-4a321f51-abfc-498c-a23e-1fd398dcf1d8
2025-10-22 08:23:42,052 [6d4f7871-438f-445e-bbd0-5ca0ba9a1086-ContainerReader-0] INFO  ozoneimpl.ContainerReader (ContainerReader.java:readVolume(147)) - Start to verify containers on volume /home/runner/work/ozone/ozone/hadoop-ozone/integration-test/target/test-dir/MiniOzoneClusterImpl-a412b9f6-7d8b-4de3-a85c-9946bceaa3a0/ozone-metadata/datanode-6/data-0/hdds
2025-10-22 08:23:42,052 [6d4f7871-438f-445e-bbd0-5ca0ba9a1086-ContainerReader-0] INFO  ozoneimpl.ContainerReader (ContainerReader.java:readVolume(177)) - Finish verifying containers on volume /home/runner/work/ozone/ozone/hadoop-ozone/integration-test/target/test-dir/MiniOzoneClusterImpl-a412b9f6-7d8b-4de3-a85c-9946bceaa3a0/ozone-metadata/datanode-6/data-0/hdds
2025-10-22 08:23:42,053 [6d4f7871-438f-445e-bbd0-5ca0ba9a1086-EndpointStateMachineTaskThread-/0.0.0.0:15002-0 ] INFO  ozoneimpl.OzoneContainer (OzoneContainer.java:buildContainerSet(359)) - Build ContainerSet costs 0s
2025-10-22 08:23:42,053 [6d4f7871-438f-445e-bbd0-5ca0ba9a1086-EndpointStateMachineTaskThread-/0.0.0.0:15002-0 ] INFO  volume.ThrottledAsyncChecker (ThrottledAsyncChecker.java:schedule(138)) - Scheduling a check for /home/runner/work/ozone/ozone/hadoop-ozone/integration-test/target/test-dir/MiniOzoneClusterImpl-a412b9f6-7d8b-4de3-a85c-9946bceaa3a0/ozone-metadata/datanode-6/data-0/hdds
2025-10-22 08:23:42,054 [6d4f7871-438f-445e-bbd0-5ca0ba9a1086-EndpointStateMachineTaskThread-/0.0.0.0:15002-0 ] INFO  volume.StorageVolumeChecker (StorageVolumeChecker.java:checkAllVolumes(231)) - Scheduled health check for volume /home/runner/work/ozone/ozone/hadoop-ozone/integration-test/target/test-dir/MiniOzoneClusterImpl-a412b9f6-7d8b-4de3-a85c-9946bceaa3a0/ozone-metadata/datanode-6/data-0/hdds
2025-10-22 08:23:42,054 [ForkJoinPool-1-worker-1] INFO  protocol.DatanodeDetails (DatanodeDetails.java:validateDatanodeIpAddress(199)) - Updating IP address of datanode 9d21e184-bccf-4583-95a7-0fe616dd3b4b(localhost/null) to 127.0.0.1
2025-10-22 08:23:42,054 [ForkJoinPool-1-worker-1] INFO  ozone.HddsDatanodeService (HddsDatanodeService.java:start(236)) - HddsDatanodeService 9d21e184-bccf-4583-95a7-0fe616dd3b4b(localhost/127.0.0.1)
2025-10-22 08:23:42,057 [ForkJoinPool-1-worker-1] INFO  upgrade.AbstractLayoutVersionManager (AbstractLayoutVersionManager.java:init(80)) - Initializing Layout version manager with metadata layout = WITNESSED_CONTAINER_DB_PROTO_VALUE (version = 9), software layout = WITNESSED_CONTAINER_DB_PROTO_VALUE (version = 9)
2025-10-22 08:23:42,058 [ForkJoinPool-1-worker-1] INFO  statemachine.DatanodeStateMachine (DatanodeStateMachine.java:getEndPointTaskThreadPoolSize(321)) - Datanode State Machine Task Thread Pool size 2
2025-10-22 08:23:42,059 [6d4f7871-438f-445e-bbd0-5ca0ba9a1086-EndpointStateMachineTaskThread-/0.0.0.0:15002-0 ] INFO  volume.ThrottledAsyncChecker (ThrottledAsyncChecker.java:schedule(138)) - Scheduling a check for /home/runner/work/ozone/ozone/hadoop-ozone/integration-test/target/test-dir/MiniOzoneClusterImpl-a412b9f6-7d8b-4de3-a85c-9946bceaa3a0/ozone-metadata/datanode-6/ratis
2025-10-22 08:23:42,059 [6d4f7871-438f-445e-bbd0-5ca0ba9a1086-EndpointStateMachineTaskThread-/0.0.0.0:15002-0 ] INFO  volume.StorageVolumeChecker (StorageVolumeChecker.java:checkAllVolumes(231)) - Scheduled health check for volume /home/runner/work/ozone/ozone/hadoop-ozone/integration-test/target/test-dir/MiniOzoneClusterImpl-a412b9f6-7d8b-4de3-a85c-9946bceaa3a0/ozone-metadata/datanode-6/ratis
2025-10-22 08:23:42,060 [6d4f7871-438f-445e-bbd0-5ca0ba9a1086-EndpointStateMachineTaskThread-/0.0.0.0:15002-0 ] INFO  ozoneimpl.OzoneContainer (OzoneContainer.java:start(544)) - Attempting to start container services.
2025-10-22 08:23:42,061 [ContainerMetadataScanner] INFO  ozoneimpl.AbstractBackgroundContainerScanner (AbstractBackgroundContainerScanner.java:runIteration(89)) - Completed an iteration in 0 minutes. Number of iterations (since the data-node restart) : 1, Number of containers scanned in this iteration : 0, Number of unhealthy containers found in this iteration : 0
2025-10-22 08:23:42,062 [ContainerDataScanner(/home/runner/work/ozone/ozone/hadoop-ozone/integration-test/target/test-dir/MiniOzoneClusterImpl-a412b9f6-7d8b-4de3-a85c-9946bceaa3a0/ozone-metadata/datanode-6/data-0/hdds)] INFO  ozoneimpl.AbstractBackgroundContainerScanner (AbstractBackgroundContainerScanner.java:runIteration(89)) - Completed an iteration in 0 minutes. Number of iterations (since the data-node restart) : 1, Number of containers scanned in this iteration : 0, Number of unhealthy containers found in this iteration : 0
2025-10-22 08:23:42,062 [ForkJoinPool-1-worker-1] INFO  volume.HddsVolume (HddsVolume.java:<init>(162)) - HddsVolume: { id=DS-905b2946-0c31-4833-b997-e797dcd93797 dir=/home/runner/work/ozone/ozone/hadoop-ozone/integration-test/target/test-dir/MiniOzoneClusterImpl-a412b9f6-7d8b-4de3-a85c-9946bceaa3a0/ozone-metadata/datanode-9/data-0/hdds type=DISK capacity=9222449699674390527 used=0 available=9222449699674390527 minFree=184448985434423296 committed=0 }
2025-10-22 08:23:42,063 [ForkJoinPool-1-worker-1] INFO  volume.MutableVolumeSet (MutableVolumeSet.java:initializeVolumeSet(175)) - Added Volume : /home/runner/work/ozone/ozone/hadoop-ozone/integration-test/target/test-dir/MiniOzoneClusterImpl-a412b9f6-7d8b-4de3-a85c-9946bceaa3a0/ozone-metadata/datanode-9/data-0/hdds to VolumeSet
2025-10-22 08:23:42,063 [6d4f7871-438f-445e-bbd0-5ca0ba9a1086-EndpointStateMachineTaskThread-/0.0.0.0:15002-0 ] INFO  replication.ReplicationServer (ReplicationServer.java:start(137)) - ReplicationServer is started using port 15057
2025-10-22 08:23:42,064 [6d4f7871-438f-445e-bbd0-5ca0ba9a1086-EndpointStateMachineTaskThread-/0.0.0.0:15002-0 ] INFO  ratis.XceiverServerRatis (XceiverServerRatis.java:start(559)) - Starting XceiverServerRatis(6d4f7871-438f-445e-bbd0-5ca0ba9a1086)
2025-10-22 08:23:42,064 [ForkJoinPool-1-worker-1] INFO  volume.MutableVolumeSet (MutableVolumeSet.java:initializeVolumeSet(175)) - Added Volume : /home/runner/work/ozone/ozone/hadoop-ozone/integration-test/target/test-dir/MiniOzoneClusterImpl-a412b9f6-7d8b-4de3-a85c-9946bceaa3a0/ozone-metadata/datanode-9/ratis to VolumeSet
2025-10-22 08:23:42,065 [6d4f7871-438f-445e-bbd0-5ca0ba9a1086-EndpointStateMachineTaskThread-/0.0.0.0:15002-0 ] INFO  server.RaftServer (RaftServerProxy.java:startImpl(412)) - 6d4f7871-438f-445e-bbd0-5ca0ba9a1086: start RPC server
2025-10-22 08:23:42,065 [ForkJoinPool-1-worker-1] INFO  ozoneimpl.OzoneContainer (HddsVolumeUtil.java:loadAllHddsVolumeDbStore(102)) - Load 1 volumes DbStore cost: 0ms
2025-10-22 08:23:42,065 [ForkJoinPool-1-worker-1] WARN  db.DBStoreBuilder (DBStoreBuilder.java:getDBDirPath(157)) - ozone.scm.datanode.id.dir is not configured. We recommend adding this setting. Falling back to ozone.metadata.dirs instead.
2025-10-22 08:23:42,065 [6d4f7871-438f-445e-bbd0-5ca0ba9a1086-EndpointStateMachineTaskThread-/0.0.0.0:15002-0 ] INFO  server.GrpcServicesImpl (GrpcServicesImpl.java:startImpl(346)) - 6d4f7871-438f-445e-bbd0-5ca0ba9a1086: GrpcServicesImpl started, listening on 15053
2025-10-22 08:23:42,066 [6d4f7871-438f-445e-bbd0-5ca0ba9a1086-EndpointStateMachineTaskThread-/0.0.0.0:15002-0 ] INFO  server.GrpcServicesImpl (GrpcServicesImpl.java:startImpl(346)) - 6d4f7871-438f-445e-bbd0-5ca0ba9a1086: GrpcServicesImpl started, listening on 15055
2025-10-22 08:23:42,066 [ForkJoinPool-1-worker-1] WARN  db.DBStoreBuilder (DBStoreBuilder.java:getDBDirPath(157)) - ozone.scm.datanode.id.dir is not configured. We recommend adding this setting. Falling back to ozone.metadata.dirs instead.
2025-10-22 08:23:42,066 [6d4f7871-438f-445e-bbd0-5ca0ba9a1086-EndpointStateMachineTaskThread-/0.0.0.0:15002-0 ] INFO  server.GrpcServicesImpl (GrpcServicesImpl.java:startImpl(346)) - 6d4f7871-438f-445e-bbd0-5ca0ba9a1086: GrpcServicesImpl started, listening on 15054
2025-10-22 08:23:42,066 [6d4f7871-438f-445e-bbd0-5ca0ba9a1086-EndpointStateMachineTaskThread-/0.0.0.0:15002-0 ] INFO  ratis.XceiverServerRatis (XceiverServerRatis.java:getRealPort(586)) - XceiverServerRatis(6d4f7871-438f-445e-bbd0-5ca0ba9a1086) is started using port RATIS=15053
2025-10-22 08:23:42,066 [JvmPauseMonitor8] INFO  util.JvmPauseMonitor (JvmPauseMonitor.java:run(146)) - JvmPauseMonitor-6d4f7871-438f-445e-bbd0-5ca0ba9a1086: Started
2025-10-22 08:23:42,066 [6d4f7871-438f-445e-bbd0-5ca0ba9a1086-EndpointStateMachineTaskThread-/0.0.0.0:15002-0 ] INFO  ratis.XceiverServerRatis (XceiverServerRatis.java:getRealPort(586)) - XceiverServerRatis(6d4f7871-438f-445e-bbd0-5ca0ba9a1086) is started using port RATIS_ADMIN=15054
2025-10-22 08:23:42,067 [6d4f7871-438f-445e-bbd0-5ca0ba9a1086-EndpointStateMachineTaskThread-/0.0.0.0:15002-0 ] INFO  ratis.XceiverServerRatis (XceiverServerRatis.java:getRealPort(586)) - XceiverServerRatis(6d4f7871-438f-445e-bbd0-5ca0ba9a1086) is started using port RATIS_SERVER=15055
2025-10-22 08:23:42,067 [6d4f7871-438f-445e-bbd0-5ca0ba9a1086-EndpointStateMachineTaskThread-/0.0.0.0:15002-0 ] INFO  ratis.XceiverServerRatis (XceiverServerRatis.java:getRealPort(586)) - XceiverServerRatis(6d4f7871-438f-445e-bbd0-5ca0ba9a1086) is started using port RATIS_DATASTREAM=15056
2025-10-22 08:23:42,067 [6d4f7871-438f-445e-bbd0-5ca0ba9a1086-EndpointStateMachineTaskThread-/0.0.0.0:15002-0 ] INFO  utils.BackgroundService (BackgroundService.java:start(119)) - Starting service BlockDeletingService with interval 60000 milliseconds
2025-10-22 08:23:42,068 [6d4f7871-438f-445e-bbd0-5ca0ba9a1086-EndpointStateMachineTaskThread-/0.0.0.0:15002-0 ] INFO  utils.BackgroundService (BackgroundService.java:start(119)) - Starting service StaleRecoveringContainerScrubbingService with interval 60000 milliseconds
2025-10-22 08:23:42,078 [ForkJoinPool-1-worker-1] INFO  impl.FilePerChunkStrategy (FilePerChunkStrategy.java:<init>(79)) - ozone.chunk.read.mapped.buffer.max.count is load with 0
2025-10-22 08:23:42,078 [ForkJoinPool-1-worker-1] INFO  impl.FilePerBlockStrategy (FilePerBlockStrategy.java:<init>(88)) - ozone.chunk.read.mapped.buffer.max.count is load with 0
2025-10-22 08:23:42,079 [ForkJoinPool-1-worker-1] INFO  server.RaftServerConfigKeys (ConfUtils.java:logGet(62)) - raft.server.log.appender.buffer.byte-limit = 33554432 (custom)
2025-10-22 08:23:42,080 [ForkJoinPool-1-worker-1] INFO  grpc.GrpcConfigKeys (ConfUtils.java:logFallback(69)) - raft.grpc.admin.host = null (fallback to raft.grpc.server.host)
2025-10-22 08:23:42,080 [ForkJoinPool-1-worker-1] INFO  grpc.GrpcConfigKeys (ConfUtils.java:logGet(62)) - raft.grpc.admin.port = 15078 (custom)
2025-10-22 08:23:42,081 [ForkJoinPool-1-worker-1] INFO  grpc.GrpcConfigKeys (ConfUtils.java:logFallback(69)) - raft.grpc.client.host = null (fallback to raft.grpc.server.host)
2025-10-22 08:23:42,081 [ForkJoinPool-1-worker-1] INFO  grpc.GrpcConfigKeys (ConfUtils.java:logGet(62)) - raft.grpc.client.port = 15077 (custom)
2025-10-22 08:23:42,081 [ForkJoinPool-1-worker-1] INFO  grpc.GrpcConfigKeys (ConfUtils.java:logGet(62)) - raft.grpc.server.port = 15079 (custom)
2025-10-22 08:23:42,081 [ForkJoinPool-1-worker-1] INFO  server.GrpcServicesImpl (ConfUtils.java:logGet(62)) - raft.grpc.message.size.max = 34603008 (custom)
2025-10-22 08:23:42,081 [ForkJoinPool-1-worker-1] INFO  server.GrpcServicesImpl (ConfUtils.java:logGet(62)) - raft.grpc.flow.control.window = 5MB (=5242880) (custom)
2025-10-22 08:23:42,081 [ForkJoinPool-1-worker-1] INFO  server.RaftServerConfigKeys (ConfUtils.java:logGet(62)) - raft.server.log.appender.buffer.byte-limit = 33554432 (custom)
2025-10-22 08:23:42,083 [ForkJoinPool-1-worker-1] INFO  netty.NettyUtils (NettyUtils.java:newEventLoopGroup(74)) - Create EpollEventLoopGroup for 9d21e184-bccf-4583-95a7-0fe616dd3b4b-NettyServerStreamRpc-bossGroup; Thread size is 0.
2025-10-22 08:23:42,084 [ForkJoinPool-1-worker-1] INFO  netty.NettyUtils (NettyUtils.java:newEventLoopGroup(74)) - Create EpollEventLoopGroup for 9d21e184-bccf-4583-95a7-0fe616dd3b4b-NettyServerStreamRpc-workerGroup; Thread size is 0.
2025-10-22 08:23:42,084 [ForkJoinPool-1-worker-1] INFO  netty.NettyConfigKeys$DataStream (ConfUtils.java:logGet(62)) - raft.netty.dataStream.port = 15080 (custom)
2025-10-22 08:23:42,085 [ForkJoinPool-1-worker-1] INFO  server.RaftServerConfigKeys (ConfUtils.java:logGet(62)) - raft.server.storage.dir = [/home/runner/work/ozone/ozone/hadoop-ozone/integration-test/target/test-dir/MiniOzoneClusterImpl-a412b9f6-7d8b-4de3-a85c-9946bceaa3a0/ozone-metadata/datanode-9/ratis] (custom)
2025-10-22 08:23:42,085 [9d21e184-bccf-4583-95a7-0fe616dd3b4b-NettyServerStreamRpc-bossGroup--thread1] INFO  logging.LoggingHandler (AbstractInternalLogger.java:log(148)) - [id: 0x83e89403] REGISTERED
2025-10-22 08:23:42,085 [9d21e184-bccf-4583-95a7-0fe616dd3b4b-NettyServerStreamRpc-bossGroup--thread1] INFO  logging.LoggingHandler (AbstractInternalLogger.java:log(148)) - [id: 0x83e89403] BIND: 0.0.0.0/0.0.0.0:15080
2025-10-22 08:23:42,085 [9d21e184-bccf-4583-95a7-0fe616dd3b4b-impl-thread1] INFO  server.RaftServer (RaftServerProxy.java:initGroupDir(270)) - 9d21e184-bccf-4583-95a7-0fe616dd3b4b: found a subdirectory /home/runner/work/ozone/ozone/hadoop-ozone/integration-test/target/test-dir/MiniOzoneClusterImpl-a412b9f6-7d8b-4de3-a85c-9946bceaa3a0/ozone-metadata/datanode-9/ratis/tmp
2025-10-22 08:23:42,085 [9d21e184-bccf-4583-95a7-0fe616dd3b4b-NettyServerStreamRpc-bossGroup--thread1] INFO  logging.LoggingHandler (AbstractInternalLogger.java:log(148)) - [id: 0x83e89403, L:/0.0.0.0:15080] ACTIVE
2025-10-22 08:23:42,085 [9d21e184-bccf-4583-95a7-0fe616dd3b4b-impl-thread1] INFO  server.RaftServer (RaftServerProxy.java:initGroupDir(275)) - 9d21e184-bccf-4583-95a7-0fe616dd3b4b: The directory /home/runner/work/ozone/ozone/hadoop-ozone/integration-test/target/test-dir/MiniOzoneClusterImpl-a412b9f6-7d8b-4de3-a85c-9946bceaa3a0/ozone-metadata/datanode-9/ratis/tmp is not a group directory; ignoring it. 
2025-10-22 08:23:42,085 [ForkJoinPool-1-worker-1] INFO  replication.ReplicationServer (ReplicationServer.java:<init>(84)) - Initializing replication server with thread count = 10 queue length = 4096
2025-10-22 08:23:42,086 [ForkJoinPool-1-worker-1] INFO  server.XceiverServerGrpc (XceiverServerGrpc.java:<init>(129)) - GrpcServer channel type EpollServerSocketChannel
2025-10-22 08:23:42,087 [ForkJoinPool-1-worker-1] INFO  replication.ReplicationSupervisor (ReplicationSupervisor.java:build(169)) - Initializing replication supervisor with thread count = 10
2025-10-22 08:23:42,088 [ForkJoinPool-1-worker-1] INFO  replication.ReplicationSupervisor (ReplicationSupervisor.java:nodeStateUpdated(358)) - Node state updated to IN_SERVICE, scaling executor pool size to 10
2025-10-22 08:23:42,090 [ForkJoinPool-1-worker-1] INFO  http.BaseHttpServer (BaseHttpServer.java:newHttpServer2BuilderForOzone(227)) - Starting Web-server for hddsDatanode at: http://0.0.0.0:15074
2025-10-22 08:23:42,090 [ForkJoinPool-1-worker-1] INFO  http.BaseHttpServer (BaseHttpServer.java:<init>(105)) - Hadoop Security Enabled: false Ozone Security Enabled: false Ozone HTTP Security Enabled: false 
2025-10-22 08:23:42,092 [ForkJoinPool-1-worker-1] WARN  server.AuthenticationFilter (AuthenticationFilter.java:constructSecretProvider(240)) - Unable to initialize FileSignerSecretProvider, falling back to use random secrets. Reason: Could not read signature secret file: /home/runner/hadoop-http-auth-signature-secret
2025-10-22 08:23:42,094 [ForkJoinPool-1-worker-1] INFO  http.HttpServer2 (HttpServer2.java:addGlobalFilter(1040)) - Added global filter 'safety' (class=org.apache.hadoop.hdds.server.http.HttpServer2$QuotingInputFilter)
2025-10-22 08:23:42,095 [ForkJoinPool-1-worker-1] INFO  http.HttpServer2 (HttpServer2.java:addFilter(1016)) - Added filter static_user_filter (class=org.apache.hadoop.http.lib.StaticUserWebFilter$StaticUserFilter) to context hddsDatanode
2025-10-22 08:23:42,095 [ForkJoinPool-1-worker-1] INFO  http.HttpServer2 (HttpServer2.java:addFilter(1024)) - Added filter static_user_filter (class=org.apache.hadoop.http.lib.StaticUserWebFilter$StaticUserFilter) to context static
2025-10-22 08:23:42,095 [ForkJoinPool-1-worker-1] INFO  http.HttpServer2 (HttpServer2.java:addFilter(1024)) - Added filter static_user_filter (class=org.apache.hadoop.http.lib.StaticUserWebFilter$StaticUserFilter) to context logs
2025-10-22 08:23:42,096 [ForkJoinPool-1-worker-1] INFO  http.BaseHttpServer (BaseHttpServer.java:<init>(193)) - HTTP server of hddsDatanode uses base directory /home/runner/work/ozone/ozone/hadoop-ozone/integration-test/target/test-dir/MiniOzoneClusterImpl-a412b9f6-7d8b-4de3-a85c-9946bceaa3a0/scm/ozone-metadata/webserver
2025-10-22 08:23:42,096 [ForkJoinPool-1-worker-1] INFO  http.HttpServer2 (HttpServer2.java:bindListener(1240)) - Jetty bound to port 15074
2025-10-22 08:23:42,096 [ForkJoinPool-1-worker-1] INFO  server.Server (Server.java:doStart(375)) - jetty-9.4.58.v20250814; built: 2025-08-14T02:28:49.637Z; git: 8f1440587e9e4ae7db3d74cf205643f3d707148d; jvm 21.0.8+9-LTS
2025-10-22 08:23:42,098 [ForkJoinPool-1-worker-1] INFO  server.session (DefaultSessionIdManager.java:doStart(334)) - DefaultSessionIdManager workerName=node0
2025-10-22 08:23:42,098 [ForkJoinPool-1-worker-1] INFO  server.session (DefaultSessionIdManager.java:doStart(339)) - No SessionScavenger set, using defaults
2025-10-22 08:23:42,098 [ForkJoinPool-1-worker-1] INFO  server.session (HouseKeeper.java:startScavenging(132)) - node0 Scavenging every 660000ms
2025-10-22 08:23:42,099 [ForkJoinPool-1-worker-1] INFO  handler.ContextHandler (ContextHandler.java:doStart(921)) - Started o.e.j.s.ServletContextHandler@555901b5{logs,/logs,file:///home/runner/work/ozone/ozone/hadoop-ozone/integration-test/target/log,AVAILABLE}
2025-10-22 08:23:42,099 [ForkJoinPool-1-worker-1] INFO  handler.ContextHandler (ContextHandler.java:doStart(921)) - Started o.e.j.s.ServletContextHandler@77dcc0{static,/static,jar:file:/home/runner/work/ozone/ozone/hadoop-hdds/container-service/target/hdds-container-service-2.1.0-SNAPSHOT.jar!/webapps/static,AVAILABLE}
2025-10-22 08:23:42,253 [IPC Server handler 1 on default port 15002] INFO  net.NetworkTopologyImpl (NetworkTopologyImpl.java:add(133)) - Added a new node: /rack1/cb442068-6d75-4200-81e8-5fb60de94381
2025-10-22 08:23:42,253 [IPC Server handler 1 on default port 15002] INFO  node.SCMNodeManager (SCMNodeManager.java:register(423)) - Registered datanode: cb442068-6d75-4200-81e8-5fb60de94381{ip: 127.0.0.1, host: localhost, ports: [HTTP=15042, CLIENT_RPC=15043, REPLICATION=15049, RATIS=15045, RATIS_ADMIN=15046, RATIS_SERVER=15047, RATIS_DATASTREAM=15048, STANDALONE=15044], networkLocation: /rack1, certSerialId: null, persistedOpState: null, persistedOpStateExpiryEpochSec: 0}
2025-10-22 08:23:42,254 [EventQueue-NewNodeForNewNodeHandler] INFO  pipeline.BackgroundPipelineCreator (BackgroundPipelineCreator.java:notifyEventTriggered(290)) - trigger a one-shot run on RatisPipelineUtilsThread.
2025-10-22 08:23:42,254 [EventQueue-NodeRegistrationContainerReportForDataNodeSafeModeRule] INFO  safemode.SCMSafeModeManager (SCMSafeModeManager.java:validateSafeModeExitRules(138)) - DataNodeSafeModeRule rule is successfully validated
2025-10-22 08:23:42,254 [EventQueue-ContainerRegistrationReportForECContainerSafeModeRule] INFO  safemode.SCMSafeModeManager (SCMSafeModeManager.java:validateSafeModeExitRules(138)) - ECContainerSafeModeRule rule is successfully validated
2025-10-22 08:23:42,254 [EventQueue-PipelineReportForOneReplicaPipelineSafeModeRule] INFO  safemode.SCMSafeModeManager (SCMSafeModeManager.java:validateSafeModeExitRules(138)) - OneReplicaPipelineSafeModeRule rule is successfully validated
2025-10-22 08:23:42,254 [RatisPipelineUtilsThread-0] INFO  pipeline.RatisPipelineProvider (RatisPipelineProvider.java:lambda$create$0(208)) - Sending CreatePipelineCommand for pipeline:Pipeline-9b3d21a4-40a4-4dd4-875b-0a6126aaa164 to datanode:cb442068-6d75-4200-81e8-5fb60de94381(localhost/127.0.0.1)
2025-10-22 08:23:42,255 [EventQueue-ContainerRegistrationReportForRatisContainerSafeModeRule] INFO  safemode.SCMSafeModeManager (SCMSafeModeManager.java:validateSafeModeExitRules(138)) - RatisContainerSafeModeRule rule is successfully validated
2025-10-22 08:23:42,259 [ForkJoinPool-1-worker-1] INFO  handler.ContextHandler (ContextHandler.java:doStart(921)) - Started o.e.j.w.WebAppContext@7e3fa987{hddsDatanode,/,file:///home/runner/work/ozone/ozone/hadoop-ozone/integration-test/target/test-dir/MiniOzoneClusterImpl-a412b9f6-7d8b-4de3-a85c-9946bceaa3a0/scm/ozone-metadata/webserver/jetty-0_0_0_0-15074-hdds-container-service-2_1_0-SNAPSHOT_jar-_-any-9055014488093089226/webapp/,AVAILABLE}{jar:file:/home/runner/work/ozone/ozone/hadoop-hdds/container-service/target/hdds-container-service-2.1.0-SNAPSHOT.jar!/webapps/hddsDatanode}
2025-10-22 08:23:42,259 [ForkJoinPool-1-worker-1] INFO  server.AbstractConnector (AbstractConnector.java:doStart(333)) - Started ServerConnector@12d4d33d{HTTP/1.1, (http/1.1)}{0.0.0.0:15074}
2025-10-22 08:23:42,260 [ForkJoinPool-1-worker-1] INFO  server.Server (Server.java:doStart(415)) - Started @13857ms
2025-10-22 08:23:42,260 [ForkJoinPool-1-worker-1] WARN  impl.MetricsSystemImpl (MetricsSystemImpl.java:register(279)) - Sink prometheus already exists!
2025-10-22 08:23:42,260 [865d5785-f699-439e-a1bb-b7d8c2e8d3c0@group-9946BCEAA3A0-StateMachineUpdater] INFO  safemode.SCMSafeModeManager (SCMSafeModeManager.java:validateSafeModeExitRules(138)) - DataNodeSafeModeRule rule is successfully validated
2025-10-22 08:23:42,260 [ForkJoinPool-1-worker-1] INFO  http.BaseHttpServer (BaseHttpServer.java:updateConnectorAddress(357)) - HTTP server of hddsDatanode listening at http://localhost:15074
2025-10-22 08:23:42,260 [865d5785-f699-439e-a1bb-b7d8c2e8d3c0@group-9946BCEAA3A0-StateMachineUpdater] INFO  safemode.SCMSafeModeManager (SCMSafeModeManager.java:validateSafeModeExitRules(138)) - RatisContainerSafeModeRule rule is successfully validated
2025-10-22 08:23:42,260 [865d5785-f699-439e-a1bb-b7d8c2e8d3c0@group-9946BCEAA3A0-StateMachineUpdater] INFO  safemode.HealthyPipelineSafeModeRule (HealthyPipelineSafeModeRule.java:initializeRule(226)) - Refreshed total pipeline count is 0, healthy pipeline threshold count is 1
2025-10-22 08:23:42,260 [865d5785-f699-439e-a1bb-b7d8c2e8d3c0@group-9946BCEAA3A0-StateMachineUpdater] INFO  safemode.SCMSafeModeManager (SCMSafeModeManager.java:validateSafeModeExitRules(138)) - OneReplicaPipelineSafeModeRule rule is successfully validated
2025-10-22 08:23:42,260 [865d5785-f699-439e-a1bb-b7d8c2e8d3c0@group-9946BCEAA3A0-StateMachineUpdater] INFO  safemode.SCMSafeModeManager (SCMSafeModeManager.java:validateSafeModeExitRules(138)) - ECContainerSafeModeRule rule is successfully validated
2025-10-22 08:23:42,260 [ForkJoinPool-1-worker-1] INFO  ipc.CallQueueManager (CallQueueManager.java:<init>(93)) - Using callQueue: class java.util.concurrent.LinkedBlockingQueue, queueCapacity: 1000, scheduler: class org.apache.hadoop.ipc.DefaultRpcScheduler, ipcBackoff: false, ipcFailOver: false.
2025-10-22 08:23:42,261 [ForkJoinPool-1-worker-1] INFO  ipc.Server (Server.java:<init>(1438)) - Listener at 0.0.0.0:15075
2025-10-22 08:23:42,261 [RatisPipelineUtilsThread-0] INFO  pipeline.BackgroundPipelineCreator (BackgroundPipelineCreator.java:createPipelines(246)) - Created new pipeline Pipeline{ Id: 9b3d21a4-40a4-4dd4-875b-0a6126aaa164, Nodes: [ {cb442068-6d75-4200-81e8-5fb60de94381(localhost/127.0.0.1), ReplicaIndex: 0},], ReplicationConfig: RATIS/ONE, State:ALLOCATED, leaderId:, CreationTimestamp2025-10-22T08:23:42.254759589Z[Etc/UTC]}
2025-10-22 08:23:42,261 [Socket Reader #1 for port 15075] INFO  ipc.Server (Server.java:run(1474)) - Starting Socket Reader #1 for port 15075
2025-10-22 08:23:42,262 [Socket Reader #2 for port 15075] INFO  ipc.Server (Server.java:run(1474)) - Starting Socket Reader #2 for port 15075
2025-10-22 08:23:42,262 [Socket Reader #3 for port 15075] INFO  ipc.Server (Server.java:run(1474)) - Starting Socket Reader #3 for port 15075
2025-10-22 08:23:42,262 [Socket Reader #4 for port 15075] INFO  ipc.Server (Server.java:run(1474)) - Starting Socket Reader #4 for port 15075
2025-10-22 08:23:42,263 [Socket Reader #5 for port 15075] INFO  ipc.Server (Server.java:run(1474)) - Starting Socket Reader #5 for port 15075
2025-10-22 08:23:42,263 [Socket Reader #6 for port 15075] INFO  ipc.Server (Server.java:run(1474)) - Starting Socket Reader #6 for port 15075
2025-10-22 08:23:42,263 [Socket Reader #7 for port 15075] INFO  ipc.Server (Server.java:run(1474)) - Starting Socket Reader #7 for port 15075
2025-10-22 08:23:42,263 [Socket Reader #8 for port 15075] INFO  ipc.Server (Server.java:run(1474)) - Starting Socket Reader #8 for port 15075
2025-10-22 08:23:42,264 [Socket Reader #9 for port 15075] INFO  ipc.Server (Server.java:run(1474)) - Starting Socket Reader #9 for port 15075
2025-10-22 08:23:42,264 [Socket Reader #10 for port 15075] INFO  ipc.Server (Server.java:run(1474)) - Starting Socket Reader #10 for port 15075
2025-10-22 08:23:42,266 [ForkJoinPool-1-worker-1] INFO  ozone.HddsDatanodeService (HddsDatanodeService.java:start(333)) - Datanode start with admins: [admin, runner]
2025-10-22 08:23:42,266 [ForkJoinPool-1-worker-1] INFO  ozone.HddsDatanodeClientProtocolServer (HddsDatanodeClientProtocolServer.java:start(76)) - RPC server for Client /0.0.0.0:15075
2025-10-22 08:23:42,267 [IPC Server Responder] INFO  ipc.Server (Server.java:run(1713)) - IPC Server Responder: starting
2025-10-22 08:23:42,267 [IPC Server listener on 15075] INFO  ipc.Server (Server.java:run(1553)) - IPC Server listener on 15075: starting
2025-10-22 08:23:42,269 [ForkJoinPool-1-worker-1] WARN  dropwizard3.Dm3MetricRegistriesImpl (Dm3MetricRegistriesImpl.java:addReporterRegistration(114)) - New reporters are added after registries were created. Some metrics will be missing from the reporter. Please add reporter before adding any new registry.
2025-10-22 08:23:42,269 [ForkJoinPool-1-worker-1] WARN  dropwizard3.Dm3MetricRegistriesImpl (Dm3MetricRegistriesImpl.java:addReporterRegistration(114)) - New reporters are added after registries were created. Some metrics will be missing from the reporter. Please add reporter before adding any new registry.
2025-10-22 08:23:42,272 [9d21e184-bccf-4583-95a7-0fe616dd3b4b-DatanodeStateMachineDaemonThread] INFO  statemachine.DatanodeStateMachine (DatanodeStateMachine.java:startStateMachineThread(363)) - Ozone container server started.
2025-10-22 08:23:42,276 [9d21e184-bccf-4583-95a7-0fe616dd3b4b-DatanodeStateMachineTaskThread-0] INFO  datanode.InitDatanodeState (InitDatanodeState.java:persistContainerDatanodeDetails(139)) - DatanodeDetails is persisted to /home/runner/work/ozone/ozone/hadoop-ozone/integration-test/target/test-dir/MiniOzoneClusterImpl-a412b9f6-7d8b-4de3-a85c-9946bceaa3a0/ozone-metadata/datanode-9/ozone-metadata/datanode.id
2025-10-22 08:23:42,288 [ForkJoinPool-1-worker-1] INFO  protocol.DatanodeDetails (DatanodeDetails.java:validateDatanodeIpAddress(199)) - Updating IP address of datanode 6bbeb254-bd49-477b-9af9-73d700af6bb4(localhost/null) to 127.0.0.1
2025-10-22 08:23:42,288 [ForkJoinPool-1-worker-1] INFO  ozone.HddsDatanodeService (HddsDatanodeService.java:start(236)) - HddsDatanodeService 6bbeb254-bd49-477b-9af9-73d700af6bb4(localhost/127.0.0.1)
2025-10-22 08:23:42,290 [ForkJoinPool-1-worker-1] INFO  upgrade.AbstractLayoutVersionManager (AbstractLayoutVersionManager.java:init(80)) - Initializing Layout version manager with metadata layout = WITNESSED_CONTAINER_DB_PROTO_VALUE (version = 9), software layout = WITNESSED_CONTAINER_DB_PROTO_VALUE (version = 9)
2025-10-22 08:23:42,291 [ForkJoinPool-1-worker-1] INFO  statemachine.DatanodeStateMachine (DatanodeStateMachine.java:getEndPointTaskThreadPoolSize(321)) - Datanode State Machine Task Thread Pool size 2
2025-10-22 08:23:42,293 [ForkJoinPool-1-worker-1] INFO  volume.HddsVolume (HddsVolume.java:<init>(162)) - HddsVolume: { id=DS-e8c868df-a71c-438e-8391-a1c1c1109b33 dir=/home/runner/work/ozone/ozone/hadoop-ozone/integration-test/target/test-dir/MiniOzoneClusterImpl-a412b9f6-7d8b-4de3-a85c-9946bceaa3a0/ozone-metadata/datanode-10/data-0/hdds type=DISK capacity=9222449699674390527 used=0 available=9222449699674390527 minFree=184448985434423296 committed=0 }
2025-10-22 08:23:42,293 [ForkJoinPool-1-worker-1] INFO  volume.MutableVolumeSet (MutableVolumeSet.java:initializeVolumeSet(175)) - Added Volume : /home/runner/work/ozone/ozone/hadoop-ozone/integration-test/target/test-dir/MiniOzoneClusterImpl-a412b9f6-7d8b-4de3-a85c-9946bceaa3a0/ozone-metadata/datanode-10/data-0/hdds to VolumeSet
2025-10-22 08:23:42,294 [ForkJoinPool-1-worker-1] INFO  volume.MutableVolumeSet (MutableVolumeSet.java:initializeVolumeSet(175)) - Added Volume : /home/runner/work/ozone/ozone/hadoop-ozone/integration-test/target/test-dir/MiniOzoneClusterImpl-a412b9f6-7d8b-4de3-a85c-9946bceaa3a0/ozone-metadata/datanode-10/ratis to VolumeSet
2025-10-22 08:23:42,295 [ForkJoinPool-1-worker-1] INFO  ozoneimpl.OzoneContainer (HddsVolumeUtil.java:loadAllHddsVolumeDbStore(102)) - Load 1 volumes DbStore cost: 0ms
2025-10-22 08:23:42,295 [ForkJoinPool-1-worker-1] WARN  db.DBStoreBuilder (DBStoreBuilder.java:getDBDirPath(157)) - ozone.scm.datanode.id.dir is not configured. We recommend adding this setting. Falling back to ozone.metadata.dirs instead.
2025-10-22 08:23:42,296 [ForkJoinPool-1-worker-1] WARN  db.DBStoreBuilder (DBStoreBuilder.java:getDBDirPath(157)) - ozone.scm.datanode.id.dir is not configured. We recommend adding this setting. Falling back to ozone.metadata.dirs instead.
2025-10-22 08:23:42,299 [8aba082c-257b-43e3-ba61-5d436c5b38fa-EndpointStateMachineTaskThread-/0.0.0.0:15002-0 ] INFO  utils.DatanodeStoreCache (DatanodeStoreCache.java:addDB(70)) - Added db /home/runner/work/ozone/ozone/hadoop-ozone/integration-test/target/test-dir/MiniOzoneClusterImpl-a412b9f6-7d8b-4de3-a85c-9946bceaa3a0/ozone-metadata/datanode-7/data-0/hdds/a412b9f6-7d8b-4de3-a85c-9946bceaa3a0/DS-2f6f67bf-9efa-4b7c-aaf0-b55f90e251b4/container.db to cache
2025-10-22 08:23:42,299 [8aba082c-257b-43e3-ba61-5d436c5b38fa-EndpointStateMachineTaskThread-/0.0.0.0:15002-0 ] INFO  volume.HddsVolume (HddsVolume.java:createDbStore(576)) - SchemaV3 db is created and loaded at /home/runner/work/ozone/ozone/hadoop-ozone/integration-test/target/test-dir/MiniOzoneClusterImpl-a412b9f6-7d8b-4de3-a85c-9946bceaa3a0/ozone-metadata/datanode-7/data-0/hdds/a412b9f6-7d8b-4de3-a85c-9946bceaa3a0/DS-2f6f67bf-9efa-4b7c-aaf0-b55f90e251b4/container.db for volume DS-2f6f67bf-9efa-4b7c-aaf0-b55f90e251b4
2025-10-22 08:23:42,302 [8aba082c-257b-43e3-ba61-5d436c5b38fa-ContainerReader-0] INFO  ozoneimpl.ContainerReader (ContainerReader.java:readVolume(147)) - Start to verify containers on volume /home/runner/work/ozone/ozone/hadoop-ozone/integration-test/target/test-dir/MiniOzoneClusterImpl-a412b9f6-7d8b-4de3-a85c-9946bceaa3a0/ozone-metadata/datanode-7/data-0/hdds
2025-10-22 08:23:42,302 [8aba082c-257b-43e3-ba61-5d436c5b38fa-ContainerReader-0] INFO  ozoneimpl.ContainerReader (ContainerReader.java:readVolume(177)) - Finish verifying containers on volume /home/runner/work/ozone/ozone/hadoop-ozone/integration-test/target/test-dir/MiniOzoneClusterImpl-a412b9f6-7d8b-4de3-a85c-9946bceaa3a0/ozone-metadata/datanode-7/data-0/hdds
2025-10-22 08:23:42,302 [8aba082c-257b-43e3-ba61-5d436c5b38fa-EndpointStateMachineTaskThread-/0.0.0.0:15002-0 ] INFO  ozoneimpl.OzoneContainer (OzoneContainer.java:buildContainerSet(359)) - Build ContainerSet costs 0s
2025-10-22 08:23:42,302 [8aba082c-257b-43e3-ba61-5d436c5b38fa-EndpointStateMachineTaskThread-/0.0.0.0:15002-0 ] INFO  volume.ThrottledAsyncChecker (ThrottledAsyncChecker.java:schedule(138)) - Scheduling a check for /home/runner/work/ozone/ozone/hadoop-ozone/integration-test/target/test-dir/MiniOzoneClusterImpl-a412b9f6-7d8b-4de3-a85c-9946bceaa3a0/ozone-metadata/datanode-7/data-0/hdds
2025-10-22 08:23:42,303 [8aba082c-257b-43e3-ba61-5d436c5b38fa-EndpointStateMachineTaskThread-/0.0.0.0:15002-0 ] INFO  volume.StorageVolumeChecker (StorageVolumeChecker.java:checkAllVolumes(231)) - Scheduled health check for volume /home/runner/work/ozone/ozone/hadoop-ozone/integration-test/target/test-dir/MiniOzoneClusterImpl-a412b9f6-7d8b-4de3-a85c-9946bceaa3a0/ozone-metadata/datanode-7/data-0/hdds
2025-10-22 08:23:42,307 [8aba082c-257b-43e3-ba61-5d436c5b38fa-EndpointStateMachineTaskThread-/0.0.0.0:15002-0 ] INFO  volume.ThrottledAsyncChecker (ThrottledAsyncChecker.java:schedule(138)) - Scheduling a check for /home/runner/work/ozone/ozone/hadoop-ozone/integration-test/target/test-dir/MiniOzoneClusterImpl-a412b9f6-7d8b-4de3-a85c-9946bceaa3a0/ozone-metadata/datanode-7/ratis
2025-10-22 08:23:42,307 [8aba082c-257b-43e3-ba61-5d436c5b38fa-EndpointStateMachineTaskThread-/0.0.0.0:15002-0 ] INFO  volume.StorageVolumeChecker (StorageVolumeChecker.java:checkAllVolumes(231)) - Scheduled health check for volume /home/runner/work/ozone/ozone/hadoop-ozone/integration-test/target/test-dir/MiniOzoneClusterImpl-a412b9f6-7d8b-4de3-a85c-9946bceaa3a0/ozone-metadata/datanode-7/ratis
2025-10-22 08:23:42,307 [8aba082c-257b-43e3-ba61-5d436c5b38fa-EndpointStateMachineTaskThread-/0.0.0.0:15002-0 ] INFO  ozoneimpl.OzoneContainer (OzoneContainer.java:start(544)) - Attempting to start container services.
2025-10-22 08:23:42,308 [ContainerMetadataScanner] INFO  ozoneimpl.AbstractBackgroundContainerScanner (AbstractBackgroundContainerScanner.java:runIteration(89)) - Completed an iteration in 0 minutes. Number of iterations (since the data-node restart) : 1, Number of containers scanned in this iteration : 0, Number of unhealthy containers found in this iteration : 0
2025-10-22 08:23:42,308 [ContainerDataScanner(/home/runner/work/ozone/ozone/hadoop-ozone/integration-test/target/test-dir/MiniOzoneClusterImpl-a412b9f6-7d8b-4de3-a85c-9946bceaa3a0/ozone-metadata/datanode-7/data-0/hdds)] INFO  ozoneimpl.AbstractBackgroundContainerScanner (AbstractBackgroundContainerScanner.java:runIteration(89)) - Completed an iteration in 0 minutes. Number of iterations (since the data-node restart) : 1, Number of containers scanned in this iteration : 0, Number of unhealthy containers found in this iteration : 0
2025-10-22 08:23:42,309 [8aba082c-257b-43e3-ba61-5d436c5b38fa-EndpointStateMachineTaskThread-/0.0.0.0:15002-0 ] INFO  replication.ReplicationServer (ReplicationServer.java:start(137)) - ReplicationServer is started using port 15065
2025-10-22 08:23:42,310 [ForkJoinPool-1-worker-1] INFO  impl.FilePerChunkStrategy (FilePerChunkStrategy.java:<init>(79)) - ozone.chunk.read.mapped.buffer.max.count is load with 0
2025-10-22 08:23:42,310 [8aba082c-257b-43e3-ba61-5d436c5b38fa-EndpointStateMachineTaskThread-/0.0.0.0:15002-0 ] INFO  ratis.XceiverServerRatis (XceiverServerRatis.java:start(559)) - Starting XceiverServerRatis(8aba082c-257b-43e3-ba61-5d436c5b38fa)
2025-10-22 08:23:42,310 [ForkJoinPool-1-worker-1] INFO  impl.FilePerBlockStrategy (FilePerBlockStrategy.java:<init>(88)) - ozone.chunk.read.mapped.buffer.max.count is load with 0
2025-10-22 08:23:42,311 [ForkJoinPool-1-worker-1] INFO  server.RaftServerConfigKeys (ConfUtils.java:logGet(62)) - raft.server.log.appender.buffer.byte-limit = 33554432 (custom)
2025-10-22 08:23:42,311 [8aba082c-257b-43e3-ba61-5d436c5b38fa-EndpointStateMachineTaskThread-/0.0.0.0:15002-0 ] INFO  server.RaftServer (RaftServerProxy.java:startImpl(412)) - 8aba082c-257b-43e3-ba61-5d436c5b38fa: start RPC server
2025-10-22 08:23:42,312 [8aba082c-257b-43e3-ba61-5d436c5b38fa-EndpointStateMachineTaskThread-/0.0.0.0:15002-0 ] INFO  server.GrpcServicesImpl (GrpcServicesImpl.java:startImpl(346)) - 8aba082c-257b-43e3-ba61-5d436c5b38fa: GrpcServicesImpl started, listening on 15061
2025-10-22 08:23:42,312 [8aba082c-257b-43e3-ba61-5d436c5b38fa-EndpointStateMachineTaskThread-/0.0.0.0:15002-0 ] INFO  server.GrpcServicesImpl (GrpcServicesImpl.java:startImpl(346)) - 8aba082c-257b-43e3-ba61-5d436c5b38fa: GrpcServicesImpl started, listening on 15063
2025-10-22 08:23:42,313 [ForkJoinPool-1-worker-1] INFO  grpc.GrpcConfigKeys (ConfUtils.java:logFallback(69)) - raft.grpc.admin.host = null (fallback to raft.grpc.server.host)
2025-10-22 08:23:42,313 [ForkJoinPool-1-worker-1] INFO  grpc.GrpcConfigKeys (ConfUtils.java:logGet(62)) - raft.grpc.admin.port = 15086 (custom)
2025-10-22 08:23:42,313 [ForkJoinPool-1-worker-1] INFO  grpc.GrpcConfigKeys (ConfUtils.java:logFallback(69)) - raft.grpc.client.host = null (fallback to raft.grpc.server.host)
2025-10-22 08:23:42,313 [ForkJoinPool-1-worker-1] INFO  grpc.GrpcConfigKeys (ConfUtils.java:logGet(62)) - raft.grpc.client.port = 15085 (custom)
2025-10-22 08:23:42,313 [ForkJoinPool-1-worker-1] INFO  grpc.GrpcConfigKeys (ConfUtils.java:logGet(62)) - raft.grpc.server.port = 15087 (custom)
2025-10-22 08:23:42,313 [ForkJoinPool-1-worker-1] INFO  server.GrpcServicesImpl (ConfUtils.java:logGet(62)) - raft.grpc.message.size.max = 34603008 (custom)
2025-10-22 08:23:42,313 [ForkJoinPool-1-worker-1] INFO  server.GrpcServicesImpl (ConfUtils.java:logGet(62)) - raft.grpc.flow.control.window = 5MB (=5242880) (custom)
2025-10-22 08:23:42,313 [ForkJoinPool-1-worker-1] INFO  server.RaftServerConfigKeys (ConfUtils.java:logGet(62)) - raft.server.log.appender.buffer.byte-limit = 33554432 (custom)
2025-10-22 08:23:42,314 [8aba082c-257b-43e3-ba61-5d436c5b38fa-EndpointStateMachineTaskThread-/0.0.0.0:15002-0 ] INFO  server.GrpcServicesImpl (GrpcServicesImpl.java:startImpl(346)) - 8aba082c-257b-43e3-ba61-5d436c5b38fa: GrpcServicesImpl started, listening on 15062
2025-10-22 08:23:42,314 [8aba082c-257b-43e3-ba61-5d436c5b38fa-EndpointStateMachineTaskThread-/0.0.0.0:15002-0 ] INFO  ratis.XceiverServerRatis (XceiverServerRatis.java:getRealPort(586)) - XceiverServerRatis(8aba082c-257b-43e3-ba61-5d436c5b38fa) is started using port RATIS=15061
2025-10-22 08:23:42,314 [8aba082c-257b-43e3-ba61-5d436c5b38fa-EndpointStateMachineTaskThread-/0.0.0.0:15002-0 ] INFO  ratis.XceiverServerRatis (XceiverServerRatis.java:getRealPort(586)) - XceiverServerRatis(8aba082c-257b-43e3-ba61-5d436c5b38fa) is started using port RATIS_ADMIN=15062
2025-10-22 08:23:42,314 [JvmPauseMonitor9] INFO  util.JvmPauseMonitor (JvmPauseMonitor.java:run(146)) - JvmPauseMonitor-8aba082c-257b-43e3-ba61-5d436c5b38fa: Started
2025-10-22 08:23:42,315 [8aba082c-257b-43e3-ba61-5d436c5b38fa-EndpointStateMachineTaskThread-/0.0.0.0:15002-0 ] INFO  ratis.XceiverServerRatis (XceiverServerRatis.java:getRealPort(586)) - XceiverServerRatis(8aba082c-257b-43e3-ba61-5d436c5b38fa) is started using port RATIS_SERVER=15063
2025-10-22 08:23:42,315 [8aba082c-257b-43e3-ba61-5d436c5b38fa-EndpointStateMachineTaskThread-/0.0.0.0:15002-0 ] INFO  ratis.XceiverServerRatis (XceiverServerRatis.java:getRealPort(586)) - XceiverServerRatis(8aba082c-257b-43e3-ba61-5d436c5b38fa) is started using port RATIS_DATASTREAM=15064
2025-10-22 08:23:42,316 [8aba082c-257b-43e3-ba61-5d436c5b38fa-EndpointStateMachineTaskThread-/0.0.0.0:15002-0 ] INFO  utils.BackgroundService (BackgroundService.java:start(119)) - Starting service BlockDeletingService with interval 60000 milliseconds
2025-10-22 08:23:42,316 [ForkJoinPool-1-worker-1] INFO  netty.NettyUtils (NettyUtils.java:newEventLoopGroup(74)) - Create EpollEventLoopGroup for 6bbeb254-bd49-477b-9af9-73d700af6bb4-NettyServerStreamRpc-bossGroup; Thread size is 0.
2025-10-22 08:23:42,316 [8aba082c-257b-43e3-ba61-5d436c5b38fa-EndpointStateMachineTaskThread-/0.0.0.0:15002-0 ] INFO  utils.BackgroundService (BackgroundService.java:start(119)) - Starting service StaleRecoveringContainerScrubbingService with interval 60000 milliseconds
2025-10-22 08:23:42,317 [ForkJoinPool-1-worker-1] INFO  netty.NettyUtils (NettyUtils.java:newEventLoopGroup(74)) - Create EpollEventLoopGroup for 6bbeb254-bd49-477b-9af9-73d700af6bb4-NettyServerStreamRpc-workerGroup; Thread size is 0.
2025-10-22 08:23:42,317 [ForkJoinPool-1-worker-1] INFO  netty.NettyConfigKeys$DataStream (ConfUtils.java:logGet(62)) - raft.netty.dataStream.port = 15088 (custom)
2025-10-22 08:23:42,318 [ForkJoinPool-1-worker-1] INFO  server.RaftServerConfigKeys (ConfUtils.java:logGet(62)) - raft.server.storage.dir = [/home/runner/work/ozone/ozone/hadoop-ozone/integration-test/target/test-dir/MiniOzoneClusterImpl-a412b9f6-7d8b-4de3-a85c-9946bceaa3a0/ozone-metadata/datanode-10/ratis] (custom)
2025-10-22 08:23:42,318 [6bbeb254-bd49-477b-9af9-73d700af6bb4-NettyServerStreamRpc-bossGroup--thread1] INFO  logging.LoggingHandler (AbstractInternalLogger.java:log(148)) - [id: 0x03b6b597] REGISTERED
2025-10-22 08:23:42,318 [6bbeb254-bd49-477b-9af9-73d700af6bb4-NettyServerStreamRpc-bossGroup--thread1] INFO  logging.LoggingHandler (AbstractInternalLogger.java:log(148)) - [id: 0x03b6b597] BIND: 0.0.0.0/0.0.0.0:15088
2025-10-22 08:23:42,319 [6bbeb254-bd49-477b-9af9-73d700af6bb4-NettyServerStreamRpc-bossGroup--thread1] INFO  logging.LoggingHandler (AbstractInternalLogger.java:log(148)) - [id: 0x03b6b597, L:/0.0.0.0:15088] ACTIVE
2025-10-22 08:23:42,319 [6bbeb254-bd49-477b-9af9-73d700af6bb4-impl-thread1] INFO  server.RaftServer (RaftServerProxy.java:initGroupDir(270)) - 6bbeb254-bd49-477b-9af9-73d700af6bb4: found a subdirectory /home/runner/work/ozone/ozone/hadoop-ozone/integration-test/target/test-dir/MiniOzoneClusterImpl-a412b9f6-7d8b-4de3-a85c-9946bceaa3a0/ozone-metadata/datanode-10/ratis/tmp
2025-10-22 08:23:42,319 [6bbeb254-bd49-477b-9af9-73d700af6bb4-impl-thread1] INFO  server.RaftServer (RaftServerProxy.java:initGroupDir(275)) - 6bbeb254-bd49-477b-9af9-73d700af6bb4: The directory /home/runner/work/ozone/ozone/hadoop-ozone/integration-test/target/test-dir/MiniOzoneClusterImpl-a412b9f6-7d8b-4de3-a85c-9946bceaa3a0/ozone-metadata/datanode-10/ratis/tmp is not a group directory; ignoring it. 
2025-10-22 08:23:42,319 [ForkJoinPool-1-worker-1] INFO  replication.ReplicationServer (ReplicationServer.java:<init>(84)) - Initializing replication server with thread count = 10 queue length = 4096
2025-10-22 08:23:42,320 [ForkJoinPool-1-worker-1] INFO  server.XceiverServerGrpc (XceiverServerGrpc.java:<init>(129)) - GrpcServer channel type EpollServerSocketChannel
2025-10-22 08:23:42,321 [ForkJoinPool-1-worker-1] INFO  replication.ReplicationSupervisor (ReplicationSupervisor.java:build(169)) - Initializing replication supervisor with thread count = 10
2025-10-22 08:23:42,321 [ForkJoinPool-1-worker-1] INFO  replication.ReplicationSupervisor (ReplicationSupervisor.java:nodeStateUpdated(358)) - Node state updated to IN_SERVICE, scaling executor pool size to 10
2025-10-22 08:23:42,324 [ForkJoinPool-1-worker-1] INFO  http.BaseHttpServer (BaseHttpServer.java:newHttpServer2BuilderForOzone(227)) - Starting Web-server for hddsDatanode at: http://0.0.0.0:15082
2025-10-22 08:23:42,324 [ForkJoinPool-1-worker-1] INFO  http.BaseHttpServer (BaseHttpServer.java:<init>(105)) - Hadoop Security Enabled: false Ozone Security Enabled: false Ozone HTTP Security Enabled: false 
2025-10-22 08:23:42,325 [ForkJoinPool-1-worker-1] WARN  server.AuthenticationFilter (AuthenticationFilter.java:constructSecretProvider(240)) - Unable to initialize FileSignerSecretProvider, falling back to use random secrets. Reason: Could not read signature secret file: /home/runner/hadoop-http-auth-signature-secret
2025-10-22 08:23:42,328 [ForkJoinPool-1-worker-1] INFO  http.HttpServer2 (HttpServer2.java:addGlobalFilter(1040)) - Added global filter 'safety' (class=org.apache.hadoop.hdds.server.http.HttpServer2$QuotingInputFilter)
2025-10-22 08:23:42,329 [ForkJoinPool-1-worker-1] INFO  http.HttpServer2 (HttpServer2.java:addFilter(1016)) - Added filter static_user_filter (class=org.apache.hadoop.http.lib.StaticUserWebFilter$StaticUserFilter) to context hddsDatanode
2025-10-22 08:23:42,329 [ForkJoinPool-1-worker-1] INFO  http.HttpServer2 (HttpServer2.java:addFilter(1024)) - Added filter static_user_filter (class=org.apache.hadoop.http.lib.StaticUserWebFilter$StaticUserFilter) to context static
2025-10-22 08:23:42,329 [ForkJoinPool-1-worker-1] INFO  http.HttpServer2 (HttpServer2.java:addFilter(1024)) - Added filter static_user_filter (class=org.apache.hadoop.http.lib.StaticUserWebFilter$StaticUserFilter) to context logs
2025-10-22 08:23:42,329 [ForkJoinPool-1-worker-1] INFO  http.BaseHttpServer (BaseHttpServer.java:<init>(193)) - HTTP server of hddsDatanode uses base directory /home/runner/work/ozone/ozone/hadoop-ozone/integration-test/target/test-dir/MiniOzoneClusterImpl-a412b9f6-7d8b-4de3-a85c-9946bceaa3a0/scm/ozone-metadata/webserver
2025-10-22 08:23:42,329 [ForkJoinPool-1-worker-1] INFO  http.HttpServer2 (HttpServer2.java:bindListener(1240)) - Jetty bound to port 15082
2025-10-22 08:23:42,329 [ForkJoinPool-1-worker-1] INFO  server.Server (Server.java:doStart(375)) - jetty-9.4.58.v20250814; built: 2025-08-14T02:28:49.637Z; git: 8f1440587e9e4ae7db3d74cf205643f3d707148d; jvm 21.0.8+9-LTS
2025-10-22 08:23:42,331 [ForkJoinPool-1-worker-1] INFO  server.session (DefaultSessionIdManager.java:doStart(334)) - DefaultSessionIdManager workerName=node0
2025-10-22 08:23:42,331 [ForkJoinPool-1-worker-1] INFO  server.session (DefaultSessionIdManager.java:doStart(339)) - No SessionScavenger set, using defaults
2025-10-22 08:23:42,331 [ForkJoinPool-1-worker-1] INFO  server.session (HouseKeeper.java:startScavenging(132)) - node0 Scavenging every 600000ms
2025-10-22 08:23:42,332 [ForkJoinPool-1-worker-1] INFO  handler.ContextHandler (ContextHandler.java:doStart(921)) - Started o.e.j.s.ServletContextHandler@255e5002{logs,/logs,file:///home/runner/work/ozone/ozone/hadoop-ozone/integration-test/target/log,AVAILABLE}
2025-10-22 08:23:42,332 [ForkJoinPool-1-worker-1] INFO  handler.ContextHandler (ContextHandler.java:doStart(921)) - Started o.e.j.s.ServletContextHandler@978942c{static,/static,jar:file:/home/runner/work/ozone/ozone/hadoop-hdds/container-service/target/hdds-container-service-2.1.0-SNAPSHOT.jar!/webapps/static,AVAILABLE}
2025-10-22 08:23:42,489 [ForkJoinPool-1-worker-1] INFO  handler.ContextHandler (ContextHandler.java:doStart(921)) - Started o.e.j.w.WebAppContext@4fda879{hddsDatanode,/,file:///home/runner/work/ozone/ozone/hadoop-ozone/integration-test/target/test-dir/MiniOzoneClusterImpl-a412b9f6-7d8b-4de3-a85c-9946bceaa3a0/scm/ozone-metadata/webserver/jetty-0_0_0_0-15082-hdds-container-service-2_1_0-SNAPSHOT_jar-_-any-9539944644870221240/webapp/,AVAILABLE}{jar:file:/home/runner/work/ozone/ozone/hadoop-hdds/container-service/target/hdds-container-service-2.1.0-SNAPSHOT.jar!/webapps/hddsDatanode}
2025-10-22 08:23:42,489 [ForkJoinPool-1-worker-1] INFO  server.AbstractConnector (AbstractConnector.java:doStart(333)) - Started ServerConnector@34aa1fe6{HTTP/1.1, (http/1.1)}{0.0.0.0:15082}
2025-10-22 08:23:42,489 [ForkJoinPool-1-worker-1] INFO  server.Server (Server.java:doStart(415)) - Started @14086ms
2025-10-22 08:23:42,490 [ForkJoinPool-1-worker-1] WARN  impl.MetricsSystemImpl (MetricsSystemImpl.java:register(279)) - Sink prometheus already exists!
2025-10-22 08:23:42,490 [ForkJoinPool-1-worker-1] INFO  http.BaseHttpServer (BaseHttpServer.java:updateConnectorAddress(357)) - HTTP server of hddsDatanode listening at http://localhost:15082
2025-10-22 08:23:42,490 [ForkJoinPool-1-worker-1] INFO  ipc.CallQueueManager (CallQueueManager.java:<init>(93)) - Using callQueue: class java.util.concurrent.LinkedBlockingQueue, queueCapacity: 1000, scheduler: class org.apache.hadoop.ipc.DefaultRpcScheduler, ipcBackoff: false, ipcFailOver: false.
2025-10-22 08:23:42,490 [ForkJoinPool-1-worker-1] INFO  ipc.Server (Server.java:<init>(1438)) - Listener at 0.0.0.0:15083
2025-10-22 08:23:42,491 [Socket Reader #1 for port 15083] INFO  ipc.Server (Server.java:run(1474)) - Starting Socket Reader #1 for port 15083
2025-10-22 08:23:42,491 [Socket Reader #2 for port 15083] INFO  ipc.Server (Server.java:run(1474)) - Starting Socket Reader #2 for port 15083
2025-10-22 08:23:42,491 [Socket Reader #3 for port 15083] INFO  ipc.Server (Server.java:run(1474)) - Starting Socket Reader #3 for port 15083
2025-10-22 08:23:42,491 [Socket Reader #4 for port 15083] INFO  ipc.Server (Server.java:run(1474)) - Starting Socket Reader #4 for port 15083
2025-10-22 08:23:42,492 [Socket Reader #5 for port 15083] INFO  ipc.Server (Server.java:run(1474)) - Starting Socket Reader #5 for port 15083
2025-10-22 08:23:42,492 [Socket Reader #6 for port 15083] INFO  ipc.Server (Server.java:run(1474)) - Starting Socket Reader #6 for port 15083
2025-10-22 08:23:42,492 [Socket Reader #7 for port 15083] INFO  ipc.Server (Server.java:run(1474)) - Starting Socket Reader #7 for port 15083
2025-10-22 08:23:42,492 [Socket Reader #8 for port 15083] INFO  ipc.Server (Server.java:run(1474)) - Starting Socket Reader #8 for port 15083
2025-10-22 08:23:42,493 [Socket Reader #9 for port 15083] INFO  ipc.Server (Server.java:run(1474)) - Starting Socket Reader #9 for port 15083
2025-10-22 08:23:42,493 [Socket Reader #10 for port 15083] INFO  ipc.Server (Server.java:run(1474)) - Starting Socket Reader #10 for port 15083
2025-10-22 08:23:42,495 [ForkJoinPool-1-worker-1] INFO  ozone.HddsDatanodeService (HddsDatanodeService.java:start(333)) - Datanode start with admins: [admin, runner]
2025-10-22 08:23:42,495 [ForkJoinPool-1-worker-1] INFO  ozone.HddsDatanodeClientProtocolServer (HddsDatanodeClientProtocolServer.java:start(76)) - RPC server for Client /0.0.0.0:15083
2025-10-22 08:23:42,495 [IPC Server Responder] INFO  ipc.Server (Server.java:run(1713)) - IPC Server Responder: starting
2025-10-22 08:23:42,495 [IPC Server listener on 15083] INFO  ipc.Server (Server.java:run(1553)) - IPC Server listener on 15083: starting
2025-10-22 08:23:42,498 [6bbeb254-bd49-477b-9af9-73d700af6bb4-DatanodeStateMachineDaemonThread] INFO  statemachine.DatanodeStateMachine (DatanodeStateMachine.java:startStateMachineThread(363)) - Ozone container server started.
2025-10-22 08:23:42,501 [ForkJoinPool-1-worker-1] INFO  ozone.MiniOzoneClusterImpl (MiniOzoneClusterImpl.java:lambda$waitForClusterToBeReady$0(181)) - Waiting for nodes to be ready. Got 5 of 10 DN Heartbeats.
2025-10-22 08:23:42,501 [ForkJoinPool-1-worker-1] INFO  ozone.MiniOzoneClusterImpl (MiniOzoneClusterImpl.java:lambda$waitForClusterToBeReady$0(184)) - Waiting for cluster to exit safe mode
2025-10-22 08:23:42,501 [ForkJoinPool-1-worker-1] INFO  ozone.MiniOzoneClusterImpl (MiniOzoneClusterImpl.java:lambda$waitForClusterToBeReady$0(186)) - SCM became leader
2025-10-22 08:23:42,502 [6bbeb254-bd49-477b-9af9-73d700af6bb4-DatanodeStateMachineTaskThread-0] INFO  datanode.InitDatanodeState (InitDatanodeState.java:persistContainerDatanodeDetails(139)) - DatanodeDetails is persisted to /home/runner/work/ozone/ozone/hadoop-ozone/integration-test/target/test-dir/MiniOzoneClusterImpl-a412b9f6-7d8b-4de3-a85c-9946bceaa3a0/ozone-metadata/datanode-10/ozone-metadata/datanode.id
2025-10-22 08:23:42,512 [IPC Server handler 15 on default port 15002] INFO  net.NetworkTopologyImpl (NetworkTopologyImpl.java:add(133)) - Added a new node: /rack1/6d4f7871-438f-445e-bbd0-5ca0ba9a1086
2025-10-22 08:23:42,512 [IPC Server handler 15 on default port 15002] INFO  node.SCMNodeManager (SCMNodeManager.java:register(423)) - Registered datanode: 6d4f7871-438f-445e-bbd0-5ca0ba9a1086{ip: 127.0.0.1, host: localhost, ports: [HTTP=15050, CLIENT_RPC=15051, REPLICATION=15057, RATIS=15053, RATIS_ADMIN=15054, RATIS_SERVER=15055, RATIS_DATASTREAM=15056, STANDALONE=15052], networkLocation: /rack1, certSerialId: null, persistedOpState: null, persistedOpStateExpiryEpochSec: 0}
2025-10-22 08:23:42,512 [EventQueue-NodeRegistrationContainerReportForDataNodeSafeModeRule] INFO  safemode.SCMSafeModeManager (SCMSafeModeManager.java:validateSafeModeExitRules(138)) - DataNodeSafeModeRule rule is successfully validated
2025-10-22 08:23:42,512 [EventQueue-ContainerRegistrationReportForECContainerSafeModeRule] INFO  safemode.SCMSafeModeManager (SCMSafeModeManager.java:validateSafeModeExitRules(138)) - ECContainerSafeModeRule rule is successfully validated
2025-10-22 08:23:42,512 [EventQueue-PipelineReportForOneReplicaPipelineSafeModeRule] INFO  safemode.SCMSafeModeManager (SCMSafeModeManager.java:validateSafeModeExitRules(138)) - OneReplicaPipelineSafeModeRule rule is successfully validated
2025-10-22 08:23:42,512 [EventQueue-ContainerRegistrationReportForRatisContainerSafeModeRule] INFO  safemode.SCMSafeModeManager (SCMSafeModeManager.java:validateSafeModeExitRules(138)) - RatisContainerSafeModeRule rule is successfully validated
2025-10-22 08:23:42,512 [EventQueue-NewNodeForNewNodeHandler] INFO  pipeline.BackgroundPipelineCreator (BackgroundPipelineCreator.java:notifyEventTriggered(290)) - trigger a one-shot run on RatisPipelineUtilsThread.
2025-10-22 08:23:42,513 [RatisPipelineUtilsThread-0] INFO  pipeline.RatisPipelineProvider (RatisPipelineProvider.java:lambda$create$0(208)) - Sending CreatePipelineCommand for pipeline:Pipeline-a9803127-e5c7-46e9-b82b-600ac1a7833e to datanode:6d4f7871-438f-445e-bbd0-5ca0ba9a1086(localhost/127.0.0.1)
2025-10-22 08:23:42,515 [865d5785-f699-439e-a1bb-b7d8c2e8d3c0@group-9946BCEAA3A0-StateMachineUpdater] INFO  safemode.SCMSafeModeManager (SCMSafeModeManager.java:validateSafeModeExitRules(138)) - DataNodeSafeModeRule rule is successfully validated
2025-10-22 08:23:42,515 [865d5785-f699-439e-a1bb-b7d8c2e8d3c0@group-9946BCEAA3A0-StateMachineUpdater] INFO  safemode.SCMSafeModeManager (SCMSafeModeManager.java:validateSafeModeExitRules(138)) - RatisContainerSafeModeRule rule is successfully validated
2025-10-22 08:23:42,515 [865d5785-f699-439e-a1bb-b7d8c2e8d3c0@group-9946BCEAA3A0-StateMachineUpdater] INFO  safemode.HealthyPipelineSafeModeRule (HealthyPipelineSafeModeRule.java:initializeRule(226)) - Refreshed total pipeline count is 0, healthy pipeline threshold count is 1
2025-10-22 08:23:42,515 [865d5785-f699-439e-a1bb-b7d8c2e8d3c0@group-9946BCEAA3A0-StateMachineUpdater] INFO  safemode.SCMSafeModeManager (SCMSafeModeManager.java:validateSafeModeExitRules(138)) - OneReplicaPipelineSafeModeRule rule is successfully validated
2025-10-22 08:23:42,515 [865d5785-f699-439e-a1bb-b7d8c2e8d3c0@group-9946BCEAA3A0-StateMachineUpdater] INFO  safemode.SCMSafeModeManager (SCMSafeModeManager.java:validateSafeModeExitRules(138)) - ECContainerSafeModeRule rule is successfully validated
2025-10-22 08:23:42,516 [RatisPipelineUtilsThread-0] INFO  pipeline.BackgroundPipelineCreator (BackgroundPipelineCreator.java:createPipelines(246)) - Created new pipeline Pipeline{ Id: a9803127-e5c7-46e9-b82b-600ac1a7833e, Nodes: [ {6d4f7871-438f-445e-bbd0-5ca0ba9a1086(localhost/127.0.0.1), ReplicaIndex: 0},], ReplicationConfig: RATIS/ONE, State:ALLOCATED, leaderId:, CreationTimestamp2025-10-22T08:23:42.513421491Z[Etc/UTC]}
2025-10-22 08:23:42,516 [RatisPipelineUtilsThread-0] INFO  pipeline.RatisPipelineProvider (RatisPipelineProvider.java:lambda$create$0(208)) - Sending CreatePipelineCommand for pipeline:Pipeline-950b34fe-84b2-4801-9880-3a95807ec81a to datanode:2ad521b7-7a63-459b-9c84-f917bba20586(localhost/127.0.0.1)
2025-10-22 08:23:42,516 [RatisPipelineUtilsThread-0] INFO  pipeline.RatisPipelineProvider (RatisPipelineProvider.java:lambda$create$0(208)) - Sending CreatePipelineCommand for pipeline:Pipeline-950b34fe-84b2-4801-9880-3a95807ec81a to datanode:6d4f7871-438f-445e-bbd0-5ca0ba9a1086(localhost/127.0.0.1)
2025-10-22 08:23:42,516 [RatisPipelineUtilsThread-0] INFO  pipeline.RatisPipelineProvider (RatisPipelineProvider.java:lambda$create$0(208)) - Sending CreatePipelineCommand for pipeline:Pipeline-950b34fe-84b2-4801-9880-3a95807ec81a to datanode:cb442068-6d75-4200-81e8-5fb60de94381(localhost/127.0.0.1)
2025-10-22 08:23:42,518 [865d5785-f699-439e-a1bb-b7d8c2e8d3c0@group-9946BCEAA3A0-StateMachineUpdater] INFO  safemode.SCMSafeModeManager (SCMSafeModeManager.java:validateSafeModeExitRules(138)) - DataNodeSafeModeRule rule is successfully validated
2025-10-22 08:23:42,518 [865d5785-f699-439e-a1bb-b7d8c2e8d3c0@group-9946BCEAA3A0-StateMachineUpdater] INFO  safemode.SCMSafeModeManager (SCMSafeModeManager.java:validateSafeModeExitRules(138)) - RatisContainerSafeModeRule rule is successfully validated
2025-10-22 08:23:42,518 [865d5785-f699-439e-a1bb-b7d8c2e8d3c0@group-9946BCEAA3A0-StateMachineUpdater] INFO  safemode.HealthyPipelineSafeModeRule (HealthyPipelineSafeModeRule.java:initializeRule(226)) - Refreshed total pipeline count is 0, healthy pipeline threshold count is 1
2025-10-22 08:23:42,518 [865d5785-f699-439e-a1bb-b7d8c2e8d3c0@group-9946BCEAA3A0-StateMachineUpdater] INFO  safemode.SCMSafeModeManager (SCMSafeModeManager.java:validateSafeModeExitRules(138)) - OneReplicaPipelineSafeModeRule rule is successfully validated
2025-10-22 08:23:42,518 [865d5785-f699-439e-a1bb-b7d8c2e8d3c0@group-9946BCEAA3A0-StateMachineUpdater] INFO  safemode.SCMSafeModeManager (SCMSafeModeManager.java:validateSafeModeExitRules(138)) - ECContainerSafeModeRule rule is successfully validated
2025-10-22 08:23:42,519 [RatisPipelineUtilsThread-0] INFO  pipeline.BackgroundPipelineCreator (BackgroundPipelineCreator.java:createPipelines(246)) - Created new pipeline Pipeline{ Id: 950b34fe-84b2-4801-9880-3a95807ec81a, Nodes: [ {2ad521b7-7a63-459b-9c84-f917bba20586(localhost/127.0.0.1), ReplicaIndex: 0}, {6d4f7871-438f-445e-bbd0-5ca0ba9a1086(localhost/127.0.0.1), ReplicaIndex: 0}, {cb442068-6d75-4200-81e8-5fb60de94381(localhost/127.0.0.1), ReplicaIndex: 0},], ReplicationConfig: RATIS/THREE, State:ALLOCATED, leaderId:, CreationTimestamp2025-10-22T08:23:42.516611028Z[Etc/UTC]}
2025-10-22 08:23:42,519 [RatisPipelineUtilsThread-0] INFO  pipeline.RatisPipelineProvider (RatisPipelineProvider.java:lambda$create$0(208)) - Sending CreatePipelineCommand for pipeline:Pipeline-fe9dd386-adf3-4bbb-9fa5-7faeb03feb04 to datanode:2ad521b7-7a63-459b-9c84-f917bba20586(localhost/127.0.0.1)
2025-10-22 08:23:42,519 [RatisPipelineUtilsThread-0] INFO  pipeline.RatisPipelineProvider (RatisPipelineProvider.java:lambda$create$0(208)) - Sending CreatePipelineCommand for pipeline:Pipeline-fe9dd386-adf3-4bbb-9fa5-7faeb03feb04 to datanode:cb442068-6d75-4200-81e8-5fb60de94381(localhost/127.0.0.1)
2025-10-22 08:23:42,519 [RatisPipelineUtilsThread-0] INFO  pipeline.RatisPipelineProvider (RatisPipelineProvider.java:lambda$create$0(208)) - Sending CreatePipelineCommand for pipeline:Pipeline-fe9dd386-adf3-4bbb-9fa5-7faeb03feb04 to datanode:6d4f7871-438f-445e-bbd0-5ca0ba9a1086(localhost/127.0.0.1)
2025-10-22 08:23:42,521 [865d5785-f699-439e-a1bb-b7d8c2e8d3c0@group-9946BCEAA3A0-StateMachineUpdater] INFO  safemode.SCMSafeModeManager (SCMSafeModeManager.java:validateSafeModeExitRules(138)) - DataNodeSafeModeRule rule is successfully validated
2025-10-22 08:23:42,521 [865d5785-f699-439e-a1bb-b7d8c2e8d3c0@group-9946BCEAA3A0-StateMachineUpdater] INFO  safemode.SCMSafeModeManager (SCMSafeModeManager.java:validateSafeModeExitRules(138)) - RatisContainerSafeModeRule rule is successfully validated
2025-10-22 08:23:42,521 [865d5785-f699-439e-a1bb-b7d8c2e8d3c0@group-9946BCEAA3A0-StateMachineUpdater] INFO  safemode.HealthyPipelineSafeModeRule (HealthyPipelineSafeModeRule.java:initializeRule(226)) - Refreshed total pipeline count is 0, healthy pipeline threshold count is 1
2025-10-22 08:23:42,521 [865d5785-f699-439e-a1bb-b7d8c2e8d3c0@group-9946BCEAA3A0-StateMachineUpdater] INFO  safemode.SCMSafeModeManager (SCMSafeModeManager.java:validateSafeModeExitRules(138)) - OneReplicaPipelineSafeModeRule rule is successfully validated
2025-10-22 08:23:42,521 [865d5785-f699-439e-a1bb-b7d8c2e8d3c0@group-9946BCEAA3A0-StateMachineUpdater] INFO  safemode.SCMSafeModeManager (SCMSafeModeManager.java:validateSafeModeExitRules(138)) - ECContainerSafeModeRule rule is successfully validated
2025-10-22 08:23:42,522 [RatisPipelineUtilsThread-0] INFO  pipeline.PipelineManagerImpl (PipelineManagerImpl.java:recordMetricsForPipeline(922)) - Pipeline-fe9dd386-adf3-4bbb-9fa5-7faeb03feb04 and Pipeline-950b34fe-84b2-4801-9880-3a95807ec81a have exactly the same set of datanodes: [2ad521b7-7a63-459b-9c84-f917bba20586(localhost/127.0.0.1), cb442068-6d75-4200-81e8-5fb60de94381(localhost/127.0.0.1), 6d4f7871-438f-445e-bbd0-5ca0ba9a1086(localhost/127.0.0.1)]
2025-10-22 08:23:42,522 [RatisPipelineUtilsThread-0] INFO  pipeline.BackgroundPipelineCreator (BackgroundPipelineCreator.java:createPipelines(246)) - Created new pipeline Pipeline{ Id: fe9dd386-adf3-4bbb-9fa5-7faeb03feb04, Nodes: [ {2ad521b7-7a63-459b-9c84-f917bba20586(localhost/127.0.0.1), ReplicaIndex: 0}, {cb442068-6d75-4200-81e8-5fb60de94381(localhost/127.0.0.1), ReplicaIndex: 0}, {6d4f7871-438f-445e-bbd0-5ca0ba9a1086(localhost/127.0.0.1), ReplicaIndex: 0},], ReplicationConfig: RATIS/THREE, State:ALLOCATED, leaderId:, CreationTimestamp2025-10-22T08:23:42.519812788Z[Etc/UTC]}
2025-10-22 08:23:42,559 [0cab5a7d-6f40-474c-9abd-0651cf30726e-EndpointStateMachineTaskThread-/0.0.0.0:15002-0 ] INFO  utils.DatanodeStoreCache (DatanodeStoreCache.java:addDB(70)) - Added db /home/runner/work/ozone/ozone/hadoop-ozone/integration-test/target/test-dir/MiniOzoneClusterImpl-a412b9f6-7d8b-4de3-a85c-9946bceaa3a0/ozone-metadata/datanode-8/data-0/hdds/a412b9f6-7d8b-4de3-a85c-9946bceaa3a0/DS-1ec53189-a8d9-456e-823c-b078e2857cda/container.db to cache
2025-10-22 08:23:42,559 [0cab5a7d-6f40-474c-9abd-0651cf30726e-EndpointStateMachineTaskThread-/0.0.0.0:15002-0 ] INFO  volume.HddsVolume (HddsVolume.java:createDbStore(576)) - SchemaV3 db is created and loaded at /home/runner/work/ozone/ozone/hadoop-ozone/integration-test/target/test-dir/MiniOzoneClusterImpl-a412b9f6-7d8b-4de3-a85c-9946bceaa3a0/ozone-metadata/datanode-8/data-0/hdds/a412b9f6-7d8b-4de3-a85c-9946bceaa3a0/DS-1ec53189-a8d9-456e-823c-b078e2857cda/container.db for volume DS-1ec53189-a8d9-456e-823c-b078e2857cda
2025-10-22 08:23:42,561 [0cab5a7d-6f40-474c-9abd-0651cf30726e-ContainerReader-0] INFO  ozoneimpl.ContainerReader (ContainerReader.java:readVolume(147)) - Start to verify containers on volume /home/runner/work/ozone/ozone/hadoop-ozone/integration-test/target/test-dir/MiniOzoneClusterImpl-a412b9f6-7d8b-4de3-a85c-9946bceaa3a0/ozone-metadata/datanode-8/data-0/hdds
2025-10-22 08:23:42,561 [0cab5a7d-6f40-474c-9abd-0651cf30726e-ContainerReader-0] INFO  ozoneimpl.ContainerReader (ContainerReader.java:readVolume(177)) - Finish verifying containers on volume /home/runner/work/ozone/ozone/hadoop-ozone/integration-test/target/test-dir/MiniOzoneClusterImpl-a412b9f6-7d8b-4de3-a85c-9946bceaa3a0/ozone-metadata/datanode-8/data-0/hdds
2025-10-22 08:23:42,561 [0cab5a7d-6f40-474c-9abd-0651cf30726e-EndpointStateMachineTaskThread-/0.0.0.0:15002-0 ] INFO  ozoneimpl.OzoneContainer (OzoneContainer.java:buildContainerSet(359)) - Build ContainerSet costs 0s
2025-10-22 08:23:42,562 [0cab5a7d-6f40-474c-9abd-0651cf30726e-EndpointStateMachineTaskThread-/0.0.0.0:15002-0 ] INFO  volume.ThrottledAsyncChecker (ThrottledAsyncChecker.java:schedule(138)) - Scheduling a check for /home/runner/work/ozone/ozone/hadoop-ozone/integration-test/target/test-dir/MiniOzoneClusterImpl-a412b9f6-7d8b-4de3-a85c-9946bceaa3a0/ozone-metadata/datanode-8/data-0/hdds
2025-10-22 08:23:42,562 [0cab5a7d-6f40-474c-9abd-0651cf30726e-EndpointStateMachineTaskThread-/0.0.0.0:15002-0 ] INFO  volume.StorageVolumeChecker (StorageVolumeChecker.java:checkAllVolumes(231)) - Scheduled health check for volume /home/runner/work/ozone/ozone/hadoop-ozone/integration-test/target/test-dir/MiniOzoneClusterImpl-a412b9f6-7d8b-4de3-a85c-9946bceaa3a0/ozone-metadata/datanode-8/data-0/hdds
2025-10-22 08:23:42,565 [0cab5a7d-6f40-474c-9abd-0651cf30726e-EndpointStateMachineTaskThread-/0.0.0.0:15002-0 ] INFO  volume.ThrottledAsyncChecker (ThrottledAsyncChecker.java:schedule(138)) - Scheduling a check for /home/runner/work/ozone/ozone/hadoop-ozone/integration-test/target/test-dir/MiniOzoneClusterImpl-a412b9f6-7d8b-4de3-a85c-9946bceaa3a0/ozone-metadata/datanode-8/ratis
2025-10-22 08:23:42,565 [0cab5a7d-6f40-474c-9abd-0651cf30726e-EndpointStateMachineTaskThread-/0.0.0.0:15002-0 ] INFO  volume.StorageVolumeChecker (StorageVolumeChecker.java:checkAllVolumes(231)) - Scheduled health check for volume /home/runner/work/ozone/ozone/hadoop-ozone/integration-test/target/test-dir/MiniOzoneClusterImpl-a412b9f6-7d8b-4de3-a85c-9946bceaa3a0/ozone-metadata/datanode-8/ratis
2025-10-22 08:23:42,566 [0cab5a7d-6f40-474c-9abd-0651cf30726e-EndpointStateMachineTaskThread-/0.0.0.0:15002-0 ] INFO  ozoneimpl.OzoneContainer (OzoneContainer.java:start(544)) - Attempting to start container services.
2025-10-22 08:23:42,567 [ContainerMetadataScanner] INFO  ozoneimpl.AbstractBackgroundContainerScanner (AbstractBackgroundContainerScanner.java:runIteration(89)) - Completed an iteration in 0 minutes. Number of iterations (since the data-node restart) : 1, Number of containers scanned in this iteration : 0, Number of unhealthy containers found in this iteration : 0
2025-10-22 08:23:42,567 [ContainerDataScanner(/home/runner/work/ozone/ozone/hadoop-ozone/integration-test/target/test-dir/MiniOzoneClusterImpl-a412b9f6-7d8b-4de3-a85c-9946bceaa3a0/ozone-metadata/datanode-8/data-0/hdds)] INFO  ozoneimpl.AbstractBackgroundContainerScanner (AbstractBackgroundContainerScanner.java:runIteration(89)) - Completed an iteration in 0 minutes. Number of iterations (since the data-node restart) : 1, Number of containers scanned in this iteration : 0, Number of unhealthy containers found in this iteration : 0
2025-10-22 08:23:42,568 [0cab5a7d-6f40-474c-9abd-0651cf30726e-EndpointStateMachineTaskThread-/0.0.0.0:15002-0 ] INFO  replication.ReplicationServer (ReplicationServer.java:start(137)) - ReplicationServer is started using port 15073
2025-10-22 08:23:42,568 [0cab5a7d-6f40-474c-9abd-0651cf30726e-EndpointStateMachineTaskThread-/0.0.0.0:15002-0 ] INFO  ratis.XceiverServerRatis (XceiverServerRatis.java:start(559)) - Starting XceiverServerRatis(0cab5a7d-6f40-474c-9abd-0651cf30726e)
2025-10-22 08:23:42,569 [0cab5a7d-6f40-474c-9abd-0651cf30726e-EndpointStateMachineTaskThread-/0.0.0.0:15002-0 ] INFO  server.RaftServer (RaftServerProxy.java:startImpl(412)) - 0cab5a7d-6f40-474c-9abd-0651cf30726e: start RPC server
2025-10-22 08:23:42,569 [0cab5a7d-6f40-474c-9abd-0651cf30726e-EndpointStateMachineTaskThread-/0.0.0.0:15002-0 ] INFO  server.GrpcServicesImpl (GrpcServicesImpl.java:startImpl(346)) - 0cab5a7d-6f40-474c-9abd-0651cf30726e: GrpcServicesImpl started, listening on 15069
2025-10-22 08:23:42,569 [0cab5a7d-6f40-474c-9abd-0651cf30726e-EndpointStateMachineTaskThread-/0.0.0.0:15002-0 ] INFO  server.GrpcServicesImpl (GrpcServicesImpl.java:startImpl(346)) - 0cab5a7d-6f40-474c-9abd-0651cf30726e: GrpcServicesImpl started, listening on 15071
2025-10-22 08:23:42,570 [0cab5a7d-6f40-474c-9abd-0651cf30726e-EndpointStateMachineTaskThread-/0.0.0.0:15002-0 ] INFO  server.GrpcServicesImpl (GrpcServicesImpl.java:startImpl(346)) - 0cab5a7d-6f40-474c-9abd-0651cf30726e: GrpcServicesImpl started, listening on 15070
2025-10-22 08:23:42,570 [0cab5a7d-6f40-474c-9abd-0651cf30726e-EndpointStateMachineTaskThread-/0.0.0.0:15002-0 ] INFO  ratis.XceiverServerRatis (XceiverServerRatis.java:getRealPort(586)) - XceiverServerRatis(0cab5a7d-6f40-474c-9abd-0651cf30726e) is started using port RATIS=15069
2025-10-22 08:23:42,570 [JvmPauseMonitor10] INFO  util.JvmPauseMonitor (JvmPauseMonitor.java:run(146)) - JvmPauseMonitor-0cab5a7d-6f40-474c-9abd-0651cf30726e: Started
2025-10-22 08:23:42,570 [0cab5a7d-6f40-474c-9abd-0651cf30726e-EndpointStateMachineTaskThread-/0.0.0.0:15002-0 ] INFO  ratis.XceiverServerRatis (XceiverServerRatis.java:getRealPort(586)) - XceiverServerRatis(0cab5a7d-6f40-474c-9abd-0651cf30726e) is started using port RATIS_ADMIN=15070
2025-10-22 08:23:42,570 [0cab5a7d-6f40-474c-9abd-0651cf30726e-EndpointStateMachineTaskThread-/0.0.0.0:15002-0 ] INFO  ratis.XceiverServerRatis (XceiverServerRatis.java:getRealPort(586)) - XceiverServerRatis(0cab5a7d-6f40-474c-9abd-0651cf30726e) is started using port RATIS_SERVER=15071
2025-10-22 08:23:42,570 [0cab5a7d-6f40-474c-9abd-0651cf30726e-EndpointStateMachineTaskThread-/0.0.0.0:15002-0 ] INFO  ratis.XceiverServerRatis (XceiverServerRatis.java:getRealPort(586)) - XceiverServerRatis(0cab5a7d-6f40-474c-9abd-0651cf30726e) is started using port RATIS_DATASTREAM=15072
2025-10-22 08:23:42,571 [0cab5a7d-6f40-474c-9abd-0651cf30726e-EndpointStateMachineTaskThread-/0.0.0.0:15002-0 ] INFO  utils.BackgroundService (BackgroundService.java:start(119)) - Starting service BlockDeletingService with interval 60000 milliseconds
2025-10-22 08:23:42,572 [0cab5a7d-6f40-474c-9abd-0651cf30726e-EndpointStateMachineTaskThread-/0.0.0.0:15002-0 ] INFO  utils.BackgroundService (BackgroundService.java:start(119)) - Starting service StaleRecoveringContainerScrubbingService with interval 60000 milliseconds
2025-10-22 08:23:42,763 [IPC Server handler 8 on default port 15002] INFO  net.NetworkTopologyImpl (NetworkTopologyImpl.java:add(133)) - Added a new node: /rack1/8aba082c-257b-43e3-ba61-5d436c5b38fa
2025-10-22 08:23:42,764 [IPC Server handler 8 on default port 15002] INFO  node.SCMNodeManager (SCMNodeManager.java:register(423)) - Registered datanode: 8aba082c-257b-43e3-ba61-5d436c5b38fa{ip: 127.0.0.1, host: localhost, ports: [HTTP=15058, CLIENT_RPC=15059, REPLICATION=15065, RATIS=15061, RATIS_ADMIN=15062, RATIS_SERVER=15063, RATIS_DATASTREAM=15064, STANDALONE=15060], networkLocation: /rack1, certSerialId: null, persistedOpState: null, persistedOpStateExpiryEpochSec: 0}
2025-10-22 08:23:42,764 [EventQueue-NodeRegistrationContainerReportForDataNodeSafeModeRule] INFO  safemode.SCMSafeModeManager (SCMSafeModeManager.java:validateSafeModeExitRules(138)) - DataNodeSafeModeRule rule is successfully validated
2025-10-22 08:23:42,764 [EventQueue-ContainerRegistrationReportForECContainerSafeModeRule] INFO  safemode.SCMSafeModeManager (SCMSafeModeManager.java:validateSafeModeExitRules(138)) - ECContainerSafeModeRule rule is successfully validated
2025-10-22 08:23:42,764 [EventQueue-PipelineReportForOneReplicaPipelineSafeModeRule] INFO  safemode.SCMSafeModeManager (SCMSafeModeManager.java:validateSafeModeExitRules(138)) - OneReplicaPipelineSafeModeRule rule is successfully validated
2025-10-22 08:23:42,764 [EventQueue-ContainerRegistrationReportForRatisContainerSafeModeRule] INFO  safemode.SCMSafeModeManager (SCMSafeModeManager.java:validateSafeModeExitRules(138)) - RatisContainerSafeModeRule rule is successfully validated
2025-10-22 08:23:42,765 [EventQueue-NewNodeForNewNodeHandler] INFO  pipeline.BackgroundPipelineCreator (BackgroundPipelineCreator.java:notifyEventTriggered(290)) - trigger a one-shot run on RatisPipelineUtilsThread.
2025-10-22 08:23:42,766 [RatisPipelineUtilsThread-0] INFO  pipeline.RatisPipelineProvider (RatisPipelineProvider.java:lambda$create$0(208)) - Sending CreatePipelineCommand for pipeline:Pipeline-1d4aa067-29f1-4836-bdcb-4af882e7927b to datanode:8aba082c-257b-43e3-ba61-5d436c5b38fa(localhost/127.0.0.1)
2025-10-22 08:23:42,768 [865d5785-f699-439e-a1bb-b7d8c2e8d3c0@group-9946BCEAA3A0-StateMachineUpdater] INFO  safemode.SCMSafeModeManager (SCMSafeModeManager.java:validateSafeModeExitRules(138)) - DataNodeSafeModeRule rule is successfully validated
2025-10-22 08:23:42,768 [865d5785-f699-439e-a1bb-b7d8c2e8d3c0@group-9946BCEAA3A0-StateMachineUpdater] INFO  safemode.SCMSafeModeManager (SCMSafeModeManager.java:validateSafeModeExitRules(138)) - RatisContainerSafeModeRule rule is successfully validated
2025-10-22 08:23:42,768 [865d5785-f699-439e-a1bb-b7d8c2e8d3c0@group-9946BCEAA3A0-StateMachineUpdater] INFO  safemode.HealthyPipelineSafeModeRule (HealthyPipelineSafeModeRule.java:initializeRule(226)) - Refreshed total pipeline count is 0, healthy pipeline threshold count is 1
2025-10-22 08:23:42,768 [865d5785-f699-439e-a1bb-b7d8c2e8d3c0@group-9946BCEAA3A0-StateMachineUpdater] INFO  safemode.SCMSafeModeManager (SCMSafeModeManager.java:validateSafeModeExitRules(138)) - OneReplicaPipelineSafeModeRule rule is successfully validated
2025-10-22 08:23:42,768 [865d5785-f699-439e-a1bb-b7d8c2e8d3c0@group-9946BCEAA3A0-StateMachineUpdater] INFO  safemode.SCMSafeModeManager (SCMSafeModeManager.java:validateSafeModeExitRules(138)) - ECContainerSafeModeRule rule is successfully validated
2025-10-22 08:23:42,768 [RatisPipelineUtilsThread-0] INFO  pipeline.BackgroundPipelineCreator (BackgroundPipelineCreator.java:createPipelines(246)) - Created new pipeline Pipeline{ Id: 1d4aa067-29f1-4836-bdcb-4af882e7927b, Nodes: [ {8aba082c-257b-43e3-ba61-5d436c5b38fa(localhost/127.0.0.1), ReplicaIndex: 0},], ReplicationConfig: RATIS/ONE, State:ALLOCATED, leaderId:, CreationTimestamp2025-10-22T08:23:42.766006309Z[Etc/UTC]}
2025-10-22 08:23:42,797 [9d21e184-bccf-4583-95a7-0fe616dd3b4b-EndpointStateMachineTaskThread-/0.0.0.0:15002-0 ] INFO  utils.DatanodeStoreCache (DatanodeStoreCache.java:addDB(70)) - Added db /home/runner/work/ozone/ozone/hadoop-ozone/integration-test/target/test-dir/MiniOzoneClusterImpl-a412b9f6-7d8b-4de3-a85c-9946bceaa3a0/ozone-metadata/datanode-9/data-0/hdds/a412b9f6-7d8b-4de3-a85c-9946bceaa3a0/DS-2a9dbd48-deb6-4f23-96bb-1f0c806128cb/container.db to cache
2025-10-22 08:23:42,797 [9d21e184-bccf-4583-95a7-0fe616dd3b4b-EndpointStateMachineTaskThread-/0.0.0.0:15002-0 ] INFO  volume.HddsVolume (HddsVolume.java:createDbStore(576)) - SchemaV3 db is created and loaded at /home/runner/work/ozone/ozone/hadoop-ozone/integration-test/target/test-dir/MiniOzoneClusterImpl-a412b9f6-7d8b-4de3-a85c-9946bceaa3a0/ozone-metadata/datanode-9/data-0/hdds/a412b9f6-7d8b-4de3-a85c-9946bceaa3a0/DS-2a9dbd48-deb6-4f23-96bb-1f0c806128cb/container.db for volume DS-2a9dbd48-deb6-4f23-96bb-1f0c806128cb
2025-10-22 08:23:42,799 [9d21e184-bccf-4583-95a7-0fe616dd3b4b-ContainerReader-0] INFO  ozoneimpl.ContainerReader (ContainerReader.java:readVolume(147)) - Start to verify containers on volume /home/runner/work/ozone/ozone/hadoop-ozone/integration-test/target/test-dir/MiniOzoneClusterImpl-a412b9f6-7d8b-4de3-a85c-9946bceaa3a0/ozone-metadata/datanode-9/data-0/hdds
2025-10-22 08:23:42,799 [9d21e184-bccf-4583-95a7-0fe616dd3b4b-ContainerReader-0] INFO  ozoneimpl.ContainerReader (ContainerReader.java:readVolume(177)) - Finish verifying containers on volume /home/runner/work/ozone/ozone/hadoop-ozone/integration-test/target/test-dir/MiniOzoneClusterImpl-a412b9f6-7d8b-4de3-a85c-9946bceaa3a0/ozone-metadata/datanode-9/data-0/hdds
2025-10-22 08:23:42,799 [9d21e184-bccf-4583-95a7-0fe616dd3b4b-EndpointStateMachineTaskThread-/0.0.0.0:15002-0 ] INFO  ozoneimpl.OzoneContainer (OzoneContainer.java:buildContainerSet(359)) - Build ContainerSet costs 0s
2025-10-22 08:23:42,799 [9d21e184-bccf-4583-95a7-0fe616dd3b4b-EndpointStateMachineTaskThread-/0.0.0.0:15002-0 ] INFO  volume.ThrottledAsyncChecker (ThrottledAsyncChecker.java:schedule(138)) - Scheduling a check for /home/runner/work/ozone/ozone/hadoop-ozone/integration-test/target/test-dir/MiniOzoneClusterImpl-a412b9f6-7d8b-4de3-a85c-9946bceaa3a0/ozone-metadata/datanode-9/data-0/hdds
2025-10-22 08:23:42,800 [9d21e184-bccf-4583-95a7-0fe616dd3b4b-EndpointStateMachineTaskThread-/0.0.0.0:15002-0 ] INFO  volume.StorageVolumeChecker (StorageVolumeChecker.java:checkAllVolumes(231)) - Scheduled health check for volume /home/runner/work/ozone/ozone/hadoop-ozone/integration-test/target/test-dir/MiniOzoneClusterImpl-a412b9f6-7d8b-4de3-a85c-9946bceaa3a0/ozone-metadata/datanode-9/data-0/hdds
2025-10-22 08:23:42,803 [9d21e184-bccf-4583-95a7-0fe616dd3b4b-EndpointStateMachineTaskThread-/0.0.0.0:15002-0 ] INFO  volume.ThrottledAsyncChecker (ThrottledAsyncChecker.java:schedule(138)) - Scheduling a check for /home/runner/work/ozone/ozone/hadoop-ozone/integration-test/target/test-dir/MiniOzoneClusterImpl-a412b9f6-7d8b-4de3-a85c-9946bceaa3a0/ozone-metadata/datanode-9/ratis
2025-10-22 08:23:42,803 [9d21e184-bccf-4583-95a7-0fe616dd3b4b-EndpointStateMachineTaskThread-/0.0.0.0:15002-0 ] INFO  volume.StorageVolumeChecker (StorageVolumeChecker.java:checkAllVolumes(231)) - Scheduled health check for volume /home/runner/work/ozone/ozone/hadoop-ozone/integration-test/target/test-dir/MiniOzoneClusterImpl-a412b9f6-7d8b-4de3-a85c-9946bceaa3a0/ozone-metadata/datanode-9/ratis
2025-10-22 08:23:42,804 [9d21e184-bccf-4583-95a7-0fe616dd3b4b-EndpointStateMachineTaskThread-/0.0.0.0:15002-0 ] INFO  ozoneimpl.OzoneContainer (OzoneContainer.java:start(544)) - Attempting to start container services.
2025-10-22 08:23:42,804 [ContainerMetadataScanner] INFO  ozoneimpl.AbstractBackgroundContainerScanner (AbstractBackgroundContainerScanner.java:runIteration(89)) - Completed an iteration in 0 minutes. Number of iterations (since the data-node restart) : 1, Number of containers scanned in this iteration : 0, Number of unhealthy containers found in this iteration : 0
2025-10-22 08:23:42,805 [ContainerDataScanner(/home/runner/work/ozone/ozone/hadoop-ozone/integration-test/target/test-dir/MiniOzoneClusterImpl-a412b9f6-7d8b-4de3-a85c-9946bceaa3a0/ozone-metadata/datanode-9/data-0/hdds)] INFO  ozoneimpl.AbstractBackgroundContainerScanner (AbstractBackgroundContainerScanner.java:runIteration(89)) - Completed an iteration in 0 minutes. Number of iterations (since the data-node restart) : 1, Number of containers scanned in this iteration : 0, Number of unhealthy containers found in this iteration : 0
2025-10-22 08:23:42,805 [9d21e184-bccf-4583-95a7-0fe616dd3b4b-EndpointStateMachineTaskThread-/0.0.0.0:15002-0 ] INFO  replication.ReplicationServer (ReplicationServer.java:start(137)) - ReplicationServer is started using port 15081
2025-10-22 08:23:42,806 [9d21e184-bccf-4583-95a7-0fe616dd3b4b-EndpointStateMachineTaskThread-/0.0.0.0:15002-0 ] INFO  ratis.XceiverServerRatis (XceiverServerRatis.java:start(559)) - Starting XceiverServerRatis(9d21e184-bccf-4583-95a7-0fe616dd3b4b)
2025-10-22 08:23:42,807 [9d21e184-bccf-4583-95a7-0fe616dd3b4b-EndpointStateMachineTaskThread-/0.0.0.0:15002-0 ] INFO  server.RaftServer (RaftServerProxy.java:startImpl(412)) - 9d21e184-bccf-4583-95a7-0fe616dd3b4b: start RPC server
2025-10-22 08:23:42,807 [9d21e184-bccf-4583-95a7-0fe616dd3b4b-EndpointStateMachineTaskThread-/0.0.0.0:15002-0 ] INFO  server.GrpcServicesImpl (GrpcServicesImpl.java:startImpl(346)) - 9d21e184-bccf-4583-95a7-0fe616dd3b4b: GrpcServicesImpl started, listening on 15077
2025-10-22 08:23:42,807 [9d21e184-bccf-4583-95a7-0fe616dd3b4b-EndpointStateMachineTaskThread-/0.0.0.0:15002-0 ] INFO  server.GrpcServicesImpl (GrpcServicesImpl.java:startImpl(346)) - 9d21e184-bccf-4583-95a7-0fe616dd3b4b: GrpcServicesImpl started, listening on 15079
2025-10-22 08:23:42,808 [9d21e184-bccf-4583-95a7-0fe616dd3b4b-EndpointStateMachineTaskThread-/0.0.0.0:15002-0 ] INFO  server.GrpcServicesImpl (GrpcServicesImpl.java:startImpl(346)) - 9d21e184-bccf-4583-95a7-0fe616dd3b4b: GrpcServicesImpl started, listening on 15078
2025-10-22 08:23:42,808 [9d21e184-bccf-4583-95a7-0fe616dd3b4b-EndpointStateMachineTaskThread-/0.0.0.0:15002-0 ] INFO  ratis.XceiverServerRatis (XceiverServerRatis.java:getRealPort(586)) - XceiverServerRatis(9d21e184-bccf-4583-95a7-0fe616dd3b4b) is started using port RATIS=15077
2025-10-22 08:23:42,808 [9d21e184-bccf-4583-95a7-0fe616dd3b4b-EndpointStateMachineTaskThread-/0.0.0.0:15002-0 ] INFO  ratis.XceiverServerRatis (XceiverServerRatis.java:getRealPort(586)) - XceiverServerRatis(9d21e184-bccf-4583-95a7-0fe616dd3b4b) is started using port RATIS_ADMIN=15078
2025-10-22 08:23:42,808 [9d21e184-bccf-4583-95a7-0fe616dd3b4b-EndpointStateMachineTaskThread-/0.0.0.0:15002-0 ] INFO  ratis.XceiverServerRatis (XceiverServerRatis.java:getRealPort(586)) - XceiverServerRatis(9d21e184-bccf-4583-95a7-0fe616dd3b4b) is started using port RATIS_SERVER=15079
2025-10-22 08:23:42,808 [9d21e184-bccf-4583-95a7-0fe616dd3b4b-EndpointStateMachineTaskThread-/0.0.0.0:15002-0 ] INFO  ratis.XceiverServerRatis (XceiverServerRatis.java:getRealPort(586)) - XceiverServerRatis(9d21e184-bccf-4583-95a7-0fe616dd3b4b) is started using port RATIS_DATASTREAM=15080
2025-10-22 08:23:42,808 [JvmPauseMonitor11] INFO  util.JvmPauseMonitor (JvmPauseMonitor.java:run(146)) - JvmPauseMonitor-9d21e184-bccf-4583-95a7-0fe616dd3b4b: Started
2025-10-22 08:23:42,809 [9d21e184-bccf-4583-95a7-0fe616dd3b4b-EndpointStateMachineTaskThread-/0.0.0.0:15002-0 ] INFO  utils.BackgroundService (BackgroundService.java:start(119)) - Starting service BlockDeletingService with interval 60000 milliseconds
2025-10-22 08:23:42,809 [9d21e184-bccf-4583-95a7-0fe616dd3b4b-EndpointStateMachineTaskThread-/0.0.0.0:15002-0 ] INFO  utils.BackgroundService (BackgroundService.java:start(119)) - Starting service StaleRecoveringContainerScrubbingService with interval 60000 milliseconds
2025-10-22 08:23:43,027 [6bbeb254-bd49-477b-9af9-73d700af6bb4-EndpointStateMachineTaskThread-/0.0.0.0:15002-0 ] INFO  utils.DatanodeStoreCache (DatanodeStoreCache.java:addDB(70)) - Added db /home/runner/work/ozone/ozone/hadoop-ozone/integration-test/target/test-dir/MiniOzoneClusterImpl-a412b9f6-7d8b-4de3-a85c-9946bceaa3a0/ozone-metadata/datanode-10/data-0/hdds/a412b9f6-7d8b-4de3-a85c-9946bceaa3a0/DS-8a3798d9-2bb5-458f-b08b-fc94b9fc23ce/container.db to cache
2025-10-22 08:23:43,027 [6bbeb254-bd49-477b-9af9-73d700af6bb4-EndpointStateMachineTaskThread-/0.0.0.0:15002-0 ] INFO  volume.HddsVolume (HddsVolume.java:createDbStore(576)) - SchemaV3 db is created and loaded at /home/runner/work/ozone/ozone/hadoop-ozone/integration-test/target/test-dir/MiniOzoneClusterImpl-a412b9f6-7d8b-4de3-a85c-9946bceaa3a0/ozone-metadata/datanode-10/data-0/hdds/a412b9f6-7d8b-4de3-a85c-9946bceaa3a0/DS-8a3798d9-2bb5-458f-b08b-fc94b9fc23ce/container.db for volume DS-8a3798d9-2bb5-458f-b08b-fc94b9fc23ce
2025-10-22 08:23:43,029 [6bbeb254-bd49-477b-9af9-73d700af6bb4-ContainerReader-0] INFO  ozoneimpl.ContainerReader (ContainerReader.java:readVolume(147)) - Start to verify containers on volume /home/runner/work/ozone/ozone/hadoop-ozone/integration-test/target/test-dir/MiniOzoneClusterImpl-a412b9f6-7d8b-4de3-a85c-9946bceaa3a0/ozone-metadata/datanode-10/data-0/hdds
2025-10-22 08:23:43,030 [6bbeb254-bd49-477b-9af9-73d700af6bb4-ContainerReader-0] INFO  ozoneimpl.ContainerReader (ContainerReader.java:readVolume(177)) - Finish verifying containers on volume /home/runner/work/ozone/ozone/hadoop-ozone/integration-test/target/test-dir/MiniOzoneClusterImpl-a412b9f6-7d8b-4de3-a85c-9946bceaa3a0/ozone-metadata/datanode-10/data-0/hdds
2025-10-22 08:23:43,030 [6bbeb254-bd49-477b-9af9-73d700af6bb4-EndpointStateMachineTaskThread-/0.0.0.0:15002-0 ] INFO  ozoneimpl.OzoneContainer (OzoneContainer.java:buildContainerSet(359)) - Build ContainerSet costs 0s
2025-10-22 08:23:43,030 [6bbeb254-bd49-477b-9af9-73d700af6bb4-EndpointStateMachineTaskThread-/0.0.0.0:15002-0 ] INFO  volume.ThrottledAsyncChecker (ThrottledAsyncChecker.java:schedule(138)) - Scheduling a check for /home/runner/work/ozone/ozone/hadoop-ozone/integration-test/target/test-dir/MiniOzoneClusterImpl-a412b9f6-7d8b-4de3-a85c-9946bceaa3a0/ozone-metadata/datanode-10/data-0/hdds
2025-10-22 08:23:43,031 [6bbeb254-bd49-477b-9af9-73d700af6bb4-EndpointStateMachineTaskThread-/0.0.0.0:15002-0 ] INFO  volume.StorageVolumeChecker (StorageVolumeChecker.java:checkAllVolumes(231)) - Scheduled health check for volume /home/runner/work/ozone/ozone/hadoop-ozone/integration-test/target/test-dir/MiniOzoneClusterImpl-a412b9f6-7d8b-4de3-a85c-9946bceaa3a0/ozone-metadata/datanode-10/data-0/hdds
2025-10-22 08:23:43,034 [6bbeb254-bd49-477b-9af9-73d700af6bb4-EndpointStateMachineTaskThread-/0.0.0.0:15002-0 ] INFO  volume.ThrottledAsyncChecker (ThrottledAsyncChecker.java:schedule(138)) - Scheduling a check for /home/runner/work/ozone/ozone/hadoop-ozone/integration-test/target/test-dir/MiniOzoneClusterImpl-a412b9f6-7d8b-4de3-a85c-9946bceaa3a0/ozone-metadata/datanode-10/ratis
2025-10-22 08:23:43,034 [6bbeb254-bd49-477b-9af9-73d700af6bb4-EndpointStateMachineTaskThread-/0.0.0.0:15002-0 ] INFO  volume.StorageVolumeChecker (StorageVolumeChecker.java:checkAllVolumes(231)) - Scheduled health check for volume /home/runner/work/ozone/ozone/hadoop-ozone/integration-test/target/test-dir/MiniOzoneClusterImpl-a412b9f6-7d8b-4de3-a85c-9946bceaa3a0/ozone-metadata/datanode-10/ratis
2025-10-22 08:23:43,034 [IPC Server handler 1 on default port 15002] INFO  net.NetworkTopologyImpl (NetworkTopologyImpl.java:add(133)) - Added a new node: /rack1/0cab5a7d-6f40-474c-9abd-0651cf30726e
2025-10-22 08:23:43,034 [IPC Server handler 1 on default port 15002] INFO  node.SCMNodeManager (SCMNodeManager.java:register(423)) - Registered datanode: 0cab5a7d-6f40-474c-9abd-0651cf30726e{ip: 127.0.0.1, host: localhost, ports: [HTTP=15066, CLIENT_RPC=15067, REPLICATION=15073, RATIS=15069, RATIS_ADMIN=15070, RATIS_SERVER=15071, RATIS_DATASTREAM=15072, STANDALONE=15068], networkLocation: /rack1, certSerialId: null, persistedOpState: null, persistedOpStateExpiryEpochSec: 0}
2025-10-22 08:23:43,035 [6bbeb254-bd49-477b-9af9-73d700af6bb4-EndpointStateMachineTaskThread-/0.0.0.0:15002-0 ] INFO  ozoneimpl.OzoneContainer (OzoneContainer.java:start(544)) - Attempting to start container services.
2025-10-22 08:23:43,035 [EventQueue-NodeRegistrationContainerReportForDataNodeSafeModeRule] INFO  safemode.SCMSafeModeManager (SCMSafeModeManager.java:validateSafeModeExitRules(138)) - DataNodeSafeModeRule rule is successfully validated
2025-10-22 08:23:43,035 [EventQueue-PipelineReportForOneReplicaPipelineSafeModeRule] INFO  safemode.SCMSafeModeManager (SCMSafeModeManager.java:validateSafeModeExitRules(138)) - OneReplicaPipelineSafeModeRule rule is successfully validated
2025-10-22 08:23:43,035 [EventQueue-ContainerRegistrationReportForECContainerSafeModeRule] INFO  safemode.SCMSafeModeManager (SCMSafeModeManager.java:validateSafeModeExitRules(138)) - ECContainerSafeModeRule rule is successfully validated
2025-10-22 08:23:43,035 [EventQueue-ContainerRegistrationReportForRatisContainerSafeModeRule] INFO  safemode.SCMSafeModeManager (SCMSafeModeManager.java:validateSafeModeExitRules(138)) - RatisContainerSafeModeRule rule is successfully validated
2025-10-22 08:23:43,035 [EventQueue-NewNodeForNewNodeHandler] INFO  pipeline.BackgroundPipelineCreator (BackgroundPipelineCreator.java:notifyEventTriggered(290)) - trigger a one-shot run on RatisPipelineUtilsThread.
2025-10-22 08:23:43,035 [ContainerMetadataScanner] INFO  ozoneimpl.AbstractBackgroundContainerScanner (AbstractBackgroundContainerScanner.java:runIteration(89)) - Completed an iteration in 0 minutes. Number of iterations (since the data-node restart) : 1, Number of containers scanned in this iteration : 0, Number of unhealthy containers found in this iteration : 0
2025-10-22 08:23:43,036 [RatisPipelineUtilsThread-0] INFO  pipeline.RatisPipelineProvider (RatisPipelineProvider.java:lambda$create$0(208)) - Sending CreatePipelineCommand for pipeline:Pipeline-f4bcb322-ee1f-41bd-9c2f-ee76401c21d3 to datanode:0cab5a7d-6f40-474c-9abd-0651cf30726e(localhost/127.0.0.1)
2025-10-22 08:23:43,036 [ContainerDataScanner(/home/runner/work/ozone/ozone/hadoop-ozone/integration-test/target/test-dir/MiniOzoneClusterImpl-a412b9f6-7d8b-4de3-a85c-9946bceaa3a0/ozone-metadata/datanode-10/data-0/hdds)] INFO  ozoneimpl.AbstractBackgroundContainerScanner (AbstractBackgroundContainerScanner.java:runIteration(89)) - Completed an iteration in 0 minutes. Number of iterations (since the data-node restart) : 1, Number of containers scanned in this iteration : 0, Number of unhealthy containers found in this iteration : 0
2025-10-22 08:23:43,037 [6bbeb254-bd49-477b-9af9-73d700af6bb4-EndpointStateMachineTaskThread-/0.0.0.0:15002-0 ] INFO  replication.ReplicationServer (ReplicationServer.java:start(137)) - ReplicationServer is started using port 15089
2025-10-22 08:23:43,038 [6bbeb254-bd49-477b-9af9-73d700af6bb4-EndpointStateMachineTaskThread-/0.0.0.0:15002-0 ] INFO  ratis.XceiverServerRatis (XceiverServerRatis.java:start(559)) - Starting XceiverServerRatis(6bbeb254-bd49-477b-9af9-73d700af6bb4)
2025-10-22 08:23:43,039 [865d5785-f699-439e-a1bb-b7d8c2e8d3c0@group-9946BCEAA3A0-StateMachineUpdater] INFO  safemode.SCMSafeModeManager (SCMSafeModeManager.java:validateSafeModeExitRules(138)) - DataNodeSafeModeRule rule is successfully validated
2025-10-22 08:23:43,039 [865d5785-f699-439e-a1bb-b7d8c2e8d3c0@group-9946BCEAA3A0-StateMachineUpdater] INFO  safemode.SCMSafeModeManager (SCMSafeModeManager.java:validateSafeModeExitRules(138)) - RatisContainerSafeModeRule rule is successfully validated
2025-10-22 08:23:43,039 [865d5785-f699-439e-a1bb-b7d8c2e8d3c0@group-9946BCEAA3A0-StateMachineUpdater] INFO  safemode.HealthyPipelineSafeModeRule (HealthyPipelineSafeModeRule.java:initializeRule(226)) - Refreshed total pipeline count is 0, healthy pipeline threshold count is 1
2025-10-22 08:23:43,039 [865d5785-f699-439e-a1bb-b7d8c2e8d3c0@group-9946BCEAA3A0-StateMachineUpdater] INFO  safemode.SCMSafeModeManager (SCMSafeModeManager.java:validateSafeModeExitRules(138)) - OneReplicaPipelineSafeModeRule rule is successfully validated
2025-10-22 08:23:43,039 [865d5785-f699-439e-a1bb-b7d8c2e8d3c0@group-9946BCEAA3A0-StateMachineUpdater] INFO  safemode.SCMSafeModeManager (SCMSafeModeManager.java:validateSafeModeExitRules(138)) - ECContainerSafeModeRule rule is successfully validated
2025-10-22 08:23:43,040 [6bbeb254-bd49-477b-9af9-73d700af6bb4-EndpointStateMachineTaskThread-/0.0.0.0:15002-0 ] INFO  server.RaftServer (RaftServerProxy.java:startImpl(412)) - 6bbeb254-bd49-477b-9af9-73d700af6bb4: start RPC server
2025-10-22 08:23:43,040 [RatisPipelineUtilsThread-0] INFO  pipeline.BackgroundPipelineCreator (BackgroundPipelineCreator.java:createPipelines(246)) - Created new pipeline Pipeline{ Id: f4bcb322-ee1f-41bd-9c2f-ee76401c21d3, Nodes: [ {0cab5a7d-6f40-474c-9abd-0651cf30726e(localhost/127.0.0.1), ReplicaIndex: 0},], ReplicationConfig: RATIS/ONE, State:ALLOCATED, leaderId:, CreationTimestamp2025-10-22T08:23:43.036398925Z[Etc/UTC]}
2025-10-22 08:23:43,041 [6bbeb254-bd49-477b-9af9-73d700af6bb4-EndpointStateMachineTaskThread-/0.0.0.0:15002-0 ] INFO  server.GrpcServicesImpl (GrpcServicesImpl.java:startImpl(346)) - 6bbeb254-bd49-477b-9af9-73d700af6bb4: GrpcServicesImpl started, listening on 15085
2025-10-22 08:23:43,041 [6bbeb254-bd49-477b-9af9-73d700af6bb4-EndpointStateMachineTaskThread-/0.0.0.0:15002-0 ] INFO  server.GrpcServicesImpl (GrpcServicesImpl.java:startImpl(346)) - 6bbeb254-bd49-477b-9af9-73d700af6bb4: GrpcServicesImpl started, listening on 15087
2025-10-22 08:23:43,042 [6bbeb254-bd49-477b-9af9-73d700af6bb4-EndpointStateMachineTaskThread-/0.0.0.0:15002-0 ] INFO  server.GrpcServicesImpl (GrpcServicesImpl.java:startImpl(346)) - 6bbeb254-bd49-477b-9af9-73d700af6bb4: GrpcServicesImpl started, listening on 15086
2025-10-22 08:23:43,042 [6bbeb254-bd49-477b-9af9-73d700af6bb4-EndpointStateMachineTaskThread-/0.0.0.0:15002-0 ] INFO  ratis.XceiverServerRatis (XceiverServerRatis.java:getRealPort(586)) - XceiverServerRatis(6bbeb254-bd49-477b-9af9-73d700af6bb4) is started using port RATIS=15085
2025-10-22 08:23:43,042 [JvmPauseMonitor12] INFO  util.JvmPauseMonitor (JvmPauseMonitor.java:run(146)) - JvmPauseMonitor-6bbeb254-bd49-477b-9af9-73d700af6bb4: Started
2025-10-22 08:23:43,042 [6bbeb254-bd49-477b-9af9-73d700af6bb4-EndpointStateMachineTaskThread-/0.0.0.0:15002-0 ] INFO  ratis.XceiverServerRatis (XceiverServerRatis.java:getRealPort(586)) - XceiverServerRatis(6bbeb254-bd49-477b-9af9-73d700af6bb4) is started using port RATIS_ADMIN=15086
2025-10-22 08:23:43,043 [6bbeb254-bd49-477b-9af9-73d700af6bb4-EndpointStateMachineTaskThread-/0.0.0.0:15002-0 ] INFO  ratis.XceiverServerRatis (XceiverServerRatis.java:getRealPort(586)) - XceiverServerRatis(6bbeb254-bd49-477b-9af9-73d700af6bb4) is started using port RATIS_SERVER=15087
2025-10-22 08:23:43,043 [6bbeb254-bd49-477b-9af9-73d700af6bb4-EndpointStateMachineTaskThread-/0.0.0.0:15002-0 ] INFO  ratis.XceiverServerRatis (XceiverServerRatis.java:getRealPort(586)) - XceiverServerRatis(6bbeb254-bd49-477b-9af9-73d700af6bb4) is started using port RATIS_DATASTREAM=15088
2025-10-22 08:23:43,043 [6bbeb254-bd49-477b-9af9-73d700af6bb4-EndpointStateMachineTaskThread-/0.0.0.0:15002-0 ] INFO  utils.BackgroundService (BackgroundService.java:start(119)) - Starting service BlockDeletingService with interval 60000 milliseconds
2025-10-22 08:23:43,043 [6bbeb254-bd49-477b-9af9-73d700af6bb4-EndpointStateMachineTaskThread-/0.0.0.0:15002-0 ] INFO  utils.BackgroundService (BackgroundService.java:start(119)) - Starting service StaleRecoveringContainerScrubbingService with interval 60000 milliseconds
2025-10-22 08:23:43,163 [40df8fc4-149d-40c0-897d-2844034d8141-CreatePipelineCommandHandlerThread-0] INFO  server.RaftServer (RaftServerProxy.java:addNew(105)) - 40df8fc4-149d-40c0-897d-2844034d8141: addNew group-DD56FE3B4E76:[40df8fc4-149d-40c0-897d-2844034d8141|127.0.0.1:15031] returns group-DD56FE3B4E76:java.util.concurrent.CompletableFuture@45796a35[Not completed]
2025-10-22 08:23:43,168 [40df8fc4-149d-40c0-897d-2844034d8141-groupManagement] INFO  server.RaftServer$Division (RaftServerImpl.java:<init>(268)) - 40df8fc4-149d-40c0-897d-2844034d8141: new RaftServerImpl for group-DD56FE3B4E76:[40df8fc4-149d-40c0-897d-2844034d8141|127.0.0.1:15031] with ContainerStateMachine:uninitialized
2025-10-22 08:23:43,168 [40df8fc4-149d-40c0-897d-2844034d8141-groupManagement] INFO  server.RaftServerConfigKeys (ConfUtils.java:logGet(62)) - raft.server.rpc.slowness.timeout = 300000ms (custom)
2025-10-22 08:23:43,169 [40df8fc4-149d-40c0-897d-2844034d8141-groupManagement] INFO  server.RaftServer$Division (ServerState.java:<init>(114)) - 40df8fc4-149d-40c0-897d-2844034d8141@group-DD56FE3B4E76: ConfigurationManager, init=conf: {index: -1, cur=peers:[40df8fc4-149d-40c0-897d-2844034d8141|127.0.0.1:15031]|listeners:[], old=null}, confs=<EMPTY_MAP>
2025-10-22 08:23:43,169 [40df8fc4-149d-40c0-897d-2844034d8141-groupManagement] INFO  server.RaftServerConfigKeys (ConfUtils.java:logGet(62)) - raft.server.notification.no-leader.timeout = 300000ms (custom)
2025-10-22 08:23:43,169 [40df8fc4-149d-40c0-897d-2844034d8141-groupManagement] INFO  server.RaftServerConfigKeys (ConfUtils.java:logGet(62)) - raft.server.retrycache.expirytime = 600000ms (custom)
2025-10-22 08:23:43,177 [40df8fc4-149d-40c0-897d-2844034d8141-groupManagement] INFO  server.RaftServerConfigKeys (ConfUtils.java:logGet(62)) - raft.server.storage.dir = [/home/runner/work/ozone/ozone/hadoop-ozone/integration-test/target/test-dir/MiniOzoneClusterImpl-a412b9f6-7d8b-4de3-a85c-9946bceaa3a0/ozone-metadata/datanode-3/ratis] (custom)
2025-10-22 08:23:43,177 [40df8fc4-149d-40c0-897d-2844034d8141-groupManagement] INFO  storage.RaftStorageDirectory (RaftStorageDirectoryImpl.java:analyzeStorage(138)) - The storage directory /home/runner/work/ozone/ozone/hadoop-ozone/integration-test/target/test-dir/MiniOzoneClusterImpl-a412b9f6-7d8b-4de3-a85c-9946bceaa3a0/ozone-metadata/datanode-3/ratis/c0547fc6-e5bf-43f2-a43a-dd56fe3b4e76 does not exist. Creating ...
2025-10-22 08:23:43,178 [40df8fc4-149d-40c0-897d-2844034d8141-groupManagement] INFO  storage.RaftStorageDirectory (RaftStorageDirectoryImpl.java:tryLock(229)) - Lock on /home/runner/work/ozone/ozone/hadoop-ozone/integration-test/target/test-dir/MiniOzoneClusterImpl-a412b9f6-7d8b-4de3-a85c-9946bceaa3a0/ozone-metadata/datanode-3/ratis/c0547fc6-e5bf-43f2-a43a-dd56fe3b4e76/in_use.lock acquired by nodename 57193@localhost
2025-10-22 08:23:43,179 [40df8fc4-149d-40c0-897d-2844034d8141-groupManagement] INFO  storage.RaftStorage (RaftStorageImpl.java:format(98)) - Storage directory /home/runner/work/ozone/ozone/hadoop-ozone/integration-test/target/test-dir/MiniOzoneClusterImpl-a412b9f6-7d8b-4de3-a85c-9946bceaa3a0/ozone-metadata/datanode-3/ratis/c0547fc6-e5bf-43f2-a43a-dd56fe3b4e76 has been successfully formatted.
2025-10-22 08:23:43,182 [40df8fc4-149d-40c0-897d-2844034d8141-groupManagement] INFO  ratis.ContainerStateMachine (ContainerStateMachine.java:initialize(339)) - 40df8fc4-149d-40c0-897d-2844034d8141: initialize group-DD56FE3B4E76
2025-10-22 08:23:43,182 [40df8fc4-149d-40c0-897d-2844034d8141-groupManagement] INFO  ratis.ContainerStateMachine (ContainerStateMachine.java:loadSnapshot(347)) - group-DD56FE3B4E76: The snapshot info is null. Setting the last applied index to:<INITIAL_VALUE>
2025-10-22 08:23:43,182 [40df8fc4-149d-40c0-897d-2844034d8141-groupManagement] INFO  server.RaftServerConfigKeys (ConfUtils.java:logGet(62)) - raft.server.log.appender.buffer.byte-limit = 33554432 (custom)
2025-10-22 08:23:43,187 [40df8fc4-149d-40c0-897d-2844034d8141-groupManagement] INFO  server.RaftServerConfigKeys (ConfUtils.java:logGet(62)) - raft.server.log.segment.size.max = 67108864 (custom)
2025-10-22 08:23:43,187 [40df8fc4-149d-40c0-897d-2844034d8141-groupManagement] INFO  server.RaftServerConfigKeys (ConfUtils.java:logGet(62)) - raft.server.log.appender.buffer.byte-limit = 33554432 (custom)
2025-10-22 08:23:43,188 [40df8fc4-149d-40c0-897d-2844034d8141-groupManagement] INFO  util.AwaitToRun (AwaitToRun.java:start(81)) - Thread[#1177,40df8fc4-149d-40c0-897d-2844034d8141@group-DD56FE3B4E76-cacheEviction-AwaitToRun,5,main] started
2025-10-22 08:23:43,188 [40df8fc4-149d-40c0-897d-2844034d8141-groupManagement] INFO  segmented.SegmentedRaftLogWorker (SegmentedRaftLogWorker.java:<init>(190)) - new 40df8fc4-149d-40c0-897d-2844034d8141@group-DD56FE3B4E76-SegmentedRaftLogWorker for RaftStorageImpl:Storage Directory /home/runner/work/ozone/ozone/hadoop-ozone/integration-test/target/test-dir/MiniOzoneClusterImpl-a412b9f6-7d8b-4de3-a85c-9946bceaa3a0/ozone-metadata/datanode-3/ratis/c0547fc6-e5bf-43f2-a43a-dd56fe3b4e76
2025-10-22 08:23:43,189 [40df8fc4-149d-40c0-897d-2844034d8141-groupManagement] INFO  server.RaftServerConfigKeys (ConfUtils.java:logGet(62)) - raft.server.log.queue.byte-limit = 4294967296 (custom)
2025-10-22 08:23:43,189 [40df8fc4-149d-40c0-897d-2844034d8141-groupManagement] INFO  server.RaftServerConfigKeys (ConfUtils.java:logGet(62)) - raft.server.log.queue.element-limit = 1024 (custom)
2025-10-22 08:23:43,189 [40df8fc4-149d-40c0-897d-2844034d8141-groupManagement] INFO  server.RaftServerConfigKeys (ConfUtils.java:logGet(62)) - raft.server.log.segment.size.max = 67108864 (custom)
2025-10-22 08:23:43,189 [40df8fc4-149d-40c0-897d-2844034d8141-groupManagement] INFO  server.RaftServerConfigKeys (ConfUtils.java:logGet(62)) - raft.server.log.preallocated.size = 4194304 (custom)
2025-10-22 08:23:43,189 [40df8fc4-149d-40c0-897d-2844034d8141-groupManagement] INFO  server.RaftServerConfigKeys (ConfUtils.java:logGet(62)) - raft.server.log.statemachine.data.sync.timeout.retry = 30 (custom)
2025-10-22 08:23:43,190 [40df8fc4-149d-40c0-897d-2844034d8141-groupManagement] INFO  server.RaftServerConfigKeys (ConfUtils.java:logGet(62)) - raft.server.log.write.buffer.size = 33554440 (custom)
2025-10-22 08:23:43,197 [40df8fc4-149d-40c0-897d-2844034d8141-groupManagement] INFO  server.RaftServerConfigKeys (ConfUtils.java:logGet(62)) - raft.server.log.appender.buffer.byte-limit = 33554432 (custom)
2025-10-22 08:23:43,197 [EventQueue-PipelineReportForOneReplicaPipelineSafeModeRule] INFO  safemode.SCMSafeModeManager (SCMSafeModeManager.java:validateSafeModeExitRules(138)) - OneReplicaPipelineSafeModeRule rule is successfully validated
2025-10-22 08:23:43,197 [40df8fc4-149d-40c0-897d-2844034d8141-groupManagement] INFO  server.RaftServerConfigKeys (ConfUtils.java:logGet(62)) - raft.server.log.statemachine.data.caching.enabled = true (custom)
2025-10-22 08:23:43,198 [40df8fc4-149d-40c0-897d-2844034d8141-groupManagement] INFO  segmented.SegmentedRaftLogWorker (SegmentedRaftLogWorker.java:lambda$new$0(141)) - 40df8fc4-149d-40c0-897d-2844034d8141@group-DD56FE3B4E76-SegmentedRaftLogWorker: flushIndex: setUnconditionally 0 -> -1
2025-10-22 08:23:43,198 [40df8fc4-149d-40c0-897d-2844034d8141-groupManagement] INFO  segmented.SegmentedRaftLogWorker (SegmentedRaftLogWorker.java:lambda$new$0(141)) - 40df8fc4-149d-40c0-897d-2844034d8141@group-DD56FE3B4E76-SegmentedRaftLogWorker: safeCacheEvictIndex: setUnconditionally 0 -> -1
2025-10-22 08:23:43,199 [40df8fc4-149d-40c0-897d-2844034d8141-groupManagement] INFO  server.RaftServer$Division (RaftServerImpl.java:start(405)) - 40df8fc4-149d-40c0-897d-2844034d8141@group-DD56FE3B4E76: start as a follower, conf=conf: {index: -1, cur=peers:[40df8fc4-149d-40c0-897d-2844034d8141|127.0.0.1:15031]|listeners:[], old=null}
2025-10-22 08:23:43,199 [40df8fc4-149d-40c0-897d-2844034d8141-groupManagement] INFO  server.RaftServer$Division (RaftServerImpl.java:setRole(392)) - 40df8fc4-149d-40c0-897d-2844034d8141@group-DD56FE3B4E76: changes role from      null to FOLLOWER at term 0 for startAsFollower
2025-10-22 08:23:43,199 [40df8fc4-149d-40c0-897d-2844034d8141-groupManagement] INFO  impl.RoleInfo (RoleInfo.java:updateAndGet(148)) - 40df8fc4-149d-40c0-897d-2844034d8141: start 40df8fc4-149d-40c0-897d-2844034d8141@group-DD56FE3B4E76-FollowerState
2025-10-22 08:23:43,200 [40df8fc4-149d-40c0-897d-2844034d8141-groupManagement] INFO  util.JmxRegister (JmxRegister.java:tryRegister(44)) - Successfully registered JMX Bean with object name Ratis:service=RaftServer,group=group-DD56FE3B4E76,id=40df8fc4-149d-40c0-897d-2844034d8141
2025-10-22 08:23:43,200 [40df8fc4-149d-40c0-897d-2844034d8141-groupManagement] INFO  util.JmxRegister (JmxRegister.java:register(58)) - register mxBean class org.apache.ratis.server.impl.RaftServerJmxAdapter as Ratis:service=RaftServer,group=group-DD56FE3B4E76,id=40df8fc4-149d-40c0-897d-2844034d8141
2025-10-22 08:23:43,200 [40df8fc4-149d-40c0-897d-2844034d8141-groupManagement] INFO  server.RaftServerConfigKeys (ConfUtils.java:logGet(62)) - raft.server.snapshot.auto.trigger.threshold = 100000 (custom)
2025-10-22 08:23:43,201 [40df8fc4-149d-40c0-897d-2844034d8141-groupManagement] INFO  server.RaftServerConfigKeys (ConfUtils.java:logGet(62)) - raft.server.snapshot.retention.file.num = 5 (custom)
2025-10-22 08:23:43,201 [40df8fc4-149d-40c0-897d-2844034d8141-groupManagement] INFO  server.RaftServerConfigKeys (ConfUtils.java:logGet(62)) - raft.server.log.purge.upto.snapshot.index = false (default)
2025-10-22 08:23:43,203 [40df8fc4-149d-40c0-897d-2844034d8141-groupManagement] INFO  server.RaftServer$Division (RaftServerImpl.java:start(419)) - 40df8fc4-149d-40c0-897d-2844034d8141@group-DD56FE3B4E76: Successfully started.
2025-10-22 08:23:43,203 [865d5785-f699-439e-a1bb-b7d8c2e8d3c0@group-9946BCEAA3A0-StateMachineUpdater] INFO  safemode.SCMSafeModeManager (SCMSafeModeManager.java:validateSafeModeExitRules(138)) - DataNodeSafeModeRule rule is successfully validated
2025-10-22 08:23:43,203 [865d5785-f699-439e-a1bb-b7d8c2e8d3c0@group-9946BCEAA3A0-StateMachineUpdater] INFO  safemode.SCMSafeModeManager (SCMSafeModeManager.java:validateSafeModeExitRules(138)) - RatisContainerSafeModeRule rule is successfully validated
2025-10-22 08:23:43,204 [865d5785-f699-439e-a1bb-b7d8c2e8d3c0@group-9946BCEAA3A0-StateMachineUpdater] INFO  safemode.HealthyPipelineSafeModeRule (HealthyPipelineSafeModeRule.java:initializeRule(226)) - Refreshed total pipeline count is 0, healthy pipeline threshold count is 1
2025-10-22 08:23:43,204 [865d5785-f699-439e-a1bb-b7d8c2e8d3c0@group-9946BCEAA3A0-StateMachineUpdater] INFO  safemode.SCMSafeModeManager (SCMSafeModeManager.java:validateSafeModeExitRules(138)) - OneReplicaPipelineSafeModeRule rule is successfully validated
2025-10-22 08:23:43,204 [865d5785-f699-439e-a1bb-b7d8c2e8d3c0@group-9946BCEAA3A0-StateMachineUpdater] INFO  safemode.SCMSafeModeManager (SCMSafeModeManager.java:validateSafeModeExitRules(138)) - ECContainerSafeModeRule rule is successfully validated
2025-10-22 08:23:43,204 [40df8fc4-149d-40c0-897d-2844034d8141-CreatePipelineCommandHandlerThread-0] INFO  ratis.XceiverServerRatis (XceiverServerRatis.java:addGroup(839)) - Created group Pipeline-c0547fc6-e5bf-43f2-a43a-dd56fe3b4e76
2025-10-22 08:23:43,204 [40df8fc4-149d-40c0-897d-2844034d8141-CreatePipelineCommandHandlerThread-0] INFO  commandhandler.CreatePipelineCommandHandler (CreatePipelineCommandHandler.java:lambda$handle$2(141)) - Created Pipeline RATIS ONE Pipeline-c0547fc6-e5bf-43f2-a43a-dd56fe3b4e76.
2025-10-22 08:23:43,205 [40df8fc4-149d-40c0-897d-2844034d8141-CreatePipelineCommandHandlerThread-0] INFO  server.RaftServer (RaftServerProxy.java:addNew(105)) - 40df8fc4-149d-40c0-897d-2844034d8141: addNew group-C626CE820278:[4d8a2798-959e-416b-b534-19c13b55a760|127.0.0.1:15023, 1c036820-4dbe-4abe-80fb-5ca88de5e2f0|127.0.0.1:15015, 40df8fc4-149d-40c0-897d-2844034d8141|127.0.0.1:15031] returns group-C626CE820278:java.util.concurrent.CompletableFuture@5e2f5585[Not completed]
2025-10-22 08:23:43,206 [EventQueue-PipelineReportForPipelineReportHandler] INFO  pipeline.PipelineReportHandler (PipelineReportHandler.java:processPipelineReport(132)) - Opened pipeline Pipeline-c0547fc6-e5bf-43f2-a43a-dd56fe3b4e76
2025-10-22 08:23:43,207 [40df8fc4-149d-40c0-897d-2844034d8141-groupManagement] INFO  server.RaftServer$Division (RaftServerImpl.java:<init>(268)) - 40df8fc4-149d-40c0-897d-2844034d8141: new RaftServerImpl for group-C626CE820278:[4d8a2798-959e-416b-b534-19c13b55a760|127.0.0.1:15023, 1c036820-4dbe-4abe-80fb-5ca88de5e2f0|127.0.0.1:15015, 40df8fc4-149d-40c0-897d-2844034d8141|127.0.0.1:15031] with ContainerStateMachine:uninitialized
2025-10-22 08:23:43,207 [40df8fc4-149d-40c0-897d-2844034d8141-groupManagement] INFO  server.RaftServer$Division (ServerState.java:<init>(114)) - 40df8fc4-149d-40c0-897d-2844034d8141@group-C626CE820278: ConfigurationManager, init=conf: {index: -1, cur=peers:[4d8a2798-959e-416b-b534-19c13b55a760|127.0.0.1:15023, 1c036820-4dbe-4abe-80fb-5ca88de5e2f0|127.0.0.1:15015, 40df8fc4-149d-40c0-897d-2844034d8141|127.0.0.1:15031]|listeners:[], old=null}, confs=<EMPTY_MAP>
2025-10-22 08:23:43,216 [40df8fc4-149d-40c0-897d-2844034d8141-groupManagement] INFO  storage.RaftStorageDirectory (RaftStorageDirectoryImpl.java:analyzeStorage(138)) - The storage directory /home/runner/work/ozone/ozone/hadoop-ozone/integration-test/target/test-dir/MiniOzoneClusterImpl-a412b9f6-7d8b-4de3-a85c-9946bceaa3a0/ozone-metadata/datanode-3/ratis/28d7a56f-ff21-46bd-bc35-c626ce820278 does not exist. Creating ...
2025-10-22 08:23:43,216 [40df8fc4-149d-40c0-897d-2844034d8141-groupManagement] INFO  storage.RaftStorageDirectory (RaftStorageDirectoryImpl.java:tryLock(229)) - Lock on /home/runner/work/ozone/ozone/hadoop-ozone/integration-test/target/test-dir/MiniOzoneClusterImpl-a412b9f6-7d8b-4de3-a85c-9946bceaa3a0/ozone-metadata/datanode-3/ratis/28d7a56f-ff21-46bd-bc35-c626ce820278/in_use.lock acquired by nodename 57193@localhost
2025-10-22 08:23:43,217 [40df8fc4-149d-40c0-897d-2844034d8141-groupManagement] INFO  storage.RaftStorage (RaftStorageImpl.java:format(98)) - Storage directory /home/runner/work/ozone/ozone/hadoop-ozone/integration-test/target/test-dir/MiniOzoneClusterImpl-a412b9f6-7d8b-4de3-a85c-9946bceaa3a0/ozone-metadata/datanode-3/ratis/28d7a56f-ff21-46bd-bc35-c626ce820278 has been successfully formatted.
2025-10-22 08:23:43,218 [40df8fc4-149d-40c0-897d-2844034d8141-groupManagement] INFO  ratis.ContainerStateMachine (ContainerStateMachine.java:initialize(339)) - 40df8fc4-149d-40c0-897d-2844034d8141: initialize group-C626CE820278
2025-10-22 08:23:43,218 [40df8fc4-149d-40c0-897d-2844034d8141-groupManagement] INFO  ratis.ContainerStateMachine (ContainerStateMachine.java:loadSnapshot(347)) - group-C626CE820278: The snapshot info is null. Setting the last applied index to:<INITIAL_VALUE>
2025-10-22 08:23:43,218 [40df8fc4-149d-40c0-897d-2844034d8141-groupManagement] INFO  server.RaftServerConfigKeys (ConfUtils.java:logGet(62)) - raft.server.log.appender.buffer.byte-limit = 33554432 (custom)
2025-10-22 08:23:43,220 [EventQueue-PipelineReportForOneReplicaPipelineSafeModeRule] INFO  safemode.SCMSafeModeManager (SCMSafeModeManager.java:validateSafeModeExitRules(138)) - OneReplicaPipelineSafeModeRule rule is successfully validated
2025-10-22 08:23:43,222 [40df8fc4-149d-40c0-897d-2844034d8141-groupManagement] INFO  server.RaftServerConfigKeys (ConfUtils.java:logGet(62)) - raft.server.log.segment.size.max = 67108864 (custom)
2025-10-22 08:23:43,222 [40df8fc4-149d-40c0-897d-2844034d8141-groupManagement] INFO  server.RaftServerConfigKeys (ConfUtils.java:logGet(62)) - raft.server.log.appender.buffer.byte-limit = 33554432 (custom)
2025-10-22 08:23:43,223 [40df8fc4-149d-40c0-897d-2844034d8141-groupManagement] INFO  util.AwaitToRun (AwaitToRun.java:start(81)) - Thread[#1182,40df8fc4-149d-40c0-897d-2844034d8141@group-C626CE820278-cacheEviction-AwaitToRun,5,main] started
2025-10-22 08:23:43,223 [40df8fc4-149d-40c0-897d-2844034d8141-groupManagement] INFO  segmented.SegmentedRaftLogWorker (SegmentedRaftLogWorker.java:<init>(190)) - new 40df8fc4-149d-40c0-897d-2844034d8141@group-C626CE820278-SegmentedRaftLogWorker for RaftStorageImpl:Storage Directory /home/runner/work/ozone/ozone/hadoop-ozone/integration-test/target/test-dir/MiniOzoneClusterImpl-a412b9f6-7d8b-4de3-a85c-9946bceaa3a0/ozone-metadata/datanode-3/ratis/28d7a56f-ff21-46bd-bc35-c626ce820278
2025-10-22 08:23:43,223 [40df8fc4-149d-40c0-897d-2844034d8141-groupManagement] INFO  server.RaftServerConfigKeys (ConfUtils.java:logGet(62)) - raft.server.log.queue.byte-limit = 4294967296 (custom)
2025-10-22 08:23:43,223 [40df8fc4-149d-40c0-897d-2844034d8141-groupManagement] INFO  server.RaftServerConfigKeys (ConfUtils.java:logGet(62)) - raft.server.log.segment.size.max = 67108864 (custom)
2025-10-22 08:23:43,223 [40df8fc4-149d-40c0-897d-2844034d8141-groupManagement] INFO  server.RaftServerConfigKeys (ConfUtils.java:logGet(62)) - raft.server.log.preallocated.size = 4194304 (custom)
2025-10-22 08:23:43,223 [40df8fc4-149d-40c0-897d-2844034d8141-groupManagement] INFO  server.RaftServerConfigKeys (ConfUtils.java:logGet(62)) - raft.server.log.write.buffer.size = 33554440 (custom)
2025-10-22 08:23:43,229 [40df8fc4-149d-40c0-897d-2844034d8141-groupManagement] INFO  server.RaftServerConfigKeys (ConfUtils.java:logGet(62)) - raft.server.log.appender.buffer.byte-limit = 33554432 (custom)
2025-10-22 08:23:43,230 [40df8fc4-149d-40c0-897d-2844034d8141-groupManagement] INFO  segmented.SegmentedRaftLogWorker (SegmentedRaftLogWorker.java:lambda$new$0(141)) - 40df8fc4-149d-40c0-897d-2844034d8141@group-C626CE820278-SegmentedRaftLogWorker: flushIndex: setUnconditionally 0 -> -1
2025-10-22 08:23:43,230 [40df8fc4-149d-40c0-897d-2844034d8141-groupManagement] INFO  segmented.SegmentedRaftLogWorker (SegmentedRaftLogWorker.java:lambda$new$0(141)) - 40df8fc4-149d-40c0-897d-2844034d8141@group-C626CE820278-SegmentedRaftLogWorker: safeCacheEvictIndex: setUnconditionally 0 -> -1
2025-10-22 08:23:43,230 [40df8fc4-149d-40c0-897d-2844034d8141-groupManagement] INFO  server.RaftServer$Division (RaftServerImpl.java:start(405)) - 40df8fc4-149d-40c0-897d-2844034d8141@group-C626CE820278: start as a follower, conf=conf: {index: -1, cur=peers:[4d8a2798-959e-416b-b534-19c13b55a760|127.0.0.1:15023, 1c036820-4dbe-4abe-80fb-5ca88de5e2f0|127.0.0.1:15015, 40df8fc4-149d-40c0-897d-2844034d8141|127.0.0.1:15031]|listeners:[], old=null}
2025-10-22 08:23:43,230 [40df8fc4-149d-40c0-897d-2844034d8141-groupManagement] INFO  server.RaftServer$Division (RaftServerImpl.java:setRole(392)) - 40df8fc4-149d-40c0-897d-2844034d8141@group-C626CE820278: changes role from      null to FOLLOWER at term 0 for startAsFollower
2025-10-22 08:23:43,230 [40df8fc4-149d-40c0-897d-2844034d8141-groupManagement] INFO  impl.RoleInfo (RoleInfo.java:updateAndGet(148)) - 40df8fc4-149d-40c0-897d-2844034d8141: start 40df8fc4-149d-40c0-897d-2844034d8141@group-C626CE820278-FollowerState
2025-10-22 08:23:43,231 [40df8fc4-149d-40c0-897d-2844034d8141-groupManagement] INFO  util.JmxRegister (JmxRegister.java:tryRegister(44)) - Successfully registered JMX Bean with object name Ratis:service=RaftServer,group=group-C626CE820278,id=40df8fc4-149d-40c0-897d-2844034d8141
2025-10-22 08:23:43,231 [40df8fc4-149d-40c0-897d-2844034d8141-groupManagement] INFO  util.JmxRegister (JmxRegister.java:register(58)) - register mxBean class org.apache.ratis.server.impl.RaftServerJmxAdapter as Ratis:service=RaftServer,group=group-C626CE820278,id=40df8fc4-149d-40c0-897d-2844034d8141
2025-10-22 08:23:43,232 [40df8fc4-149d-40c0-897d-2844034d8141-groupManagement] INFO  server.RaftServer$Division (RaftServerImpl.java:start(419)) - 40df8fc4-149d-40c0-897d-2844034d8141@group-C626CE820278: Successfully started.
2025-10-22 08:23:43,233 [40df8fc4-149d-40c0-897d-2844034d8141-CreatePipelineCommandHandlerThread-0] INFO  ratis.XceiverServerRatis (XceiverServerRatis.java:addGroup(839)) - Created group Pipeline-28d7a56f-ff21-46bd-bc35-c626ce820278
2025-10-22 08:23:43,273 [IPC Server handler 7 on default port 15002] INFO  net.NetworkTopologyImpl (NetworkTopologyImpl.java:add(133)) - Added a new node: /rack1/9d21e184-bccf-4583-95a7-0fe616dd3b4b
2025-10-22 08:23:43,273 [IPC Server handler 7 on default port 15002] INFO  node.SCMNodeManager (SCMNodeManager.java:register(423)) - Registered datanode: 9d21e184-bccf-4583-95a7-0fe616dd3b4b{ip: 127.0.0.1, host: localhost, ports: [HTTP=15074, CLIENT_RPC=15075, REPLICATION=15081, RATIS=15077, RATIS_ADMIN=15078, RATIS_SERVER=15079, RATIS_DATASTREAM=15080, STANDALONE=15076], networkLocation: /rack1, certSerialId: null, persistedOpState: null, persistedOpStateExpiryEpochSec: 0}
2025-10-22 08:23:43,273 [EventQueue-PipelineReportForOneReplicaPipelineSafeModeRule] INFO  safemode.SCMSafeModeManager (SCMSafeModeManager.java:validateSafeModeExitRules(138)) - OneReplicaPipelineSafeModeRule rule is successfully validated
2025-10-22 08:23:43,274 [EventQueue-NewNodeForNewNodeHandler] INFO  pipeline.BackgroundPipelineCreator (BackgroundPipelineCreator.java:notifyEventTriggered(290)) - trigger a one-shot run on RatisPipelineUtilsThread.
2025-10-22 08:23:43,274 [EventQueue-NodeRegistrationContainerReportForDataNodeSafeModeRule] INFO  safemode.SCMSafeModeManager (SCMSafeModeManager.java:validateSafeModeExitRules(138)) - DataNodeSafeModeRule rule is successfully validated
2025-10-22 08:23:43,274 [EventQueue-ContainerRegistrationReportForECContainerSafeModeRule] INFO  safemode.SCMSafeModeManager (SCMSafeModeManager.java:validateSafeModeExitRules(138)) - ECContainerSafeModeRule rule is successfully validated
2025-10-22 08:23:43,274 [RatisPipelineUtilsThread-0] INFO  pipeline.RatisPipelineProvider (RatisPipelineProvider.java:lambda$create$0(208)) - Sending CreatePipelineCommand for pipeline:Pipeline-8aa17952-bc55-4375-bee5-80cfae06f78a to datanode:9d21e184-bccf-4583-95a7-0fe616dd3b4b(localhost/127.0.0.1)
2025-10-22 08:23:43,275 [EventQueue-ContainerRegistrationReportForRatisContainerSafeModeRule] INFO  safemode.SCMSafeModeManager (SCMSafeModeManager.java:validateSafeModeExitRules(138)) - RatisContainerSafeModeRule rule is successfully validated
2025-10-22 08:23:43,277 [865d5785-f699-439e-a1bb-b7d8c2e8d3c0@group-9946BCEAA3A0-StateMachineUpdater] INFO  safemode.SCMSafeModeManager (SCMSafeModeManager.java:validateSafeModeExitRules(138)) - DataNodeSafeModeRule rule is successfully validated
2025-10-22 08:23:43,277 [865d5785-f699-439e-a1bb-b7d8c2e8d3c0@group-9946BCEAA3A0-StateMachineUpdater] INFO  safemode.SCMSafeModeManager (SCMSafeModeManager.java:validateSafeModeExitRules(138)) - RatisContainerSafeModeRule rule is successfully validated
2025-10-22 08:23:43,277 [865d5785-f699-439e-a1bb-b7d8c2e8d3c0@group-9946BCEAA3A0-StateMachineUpdater] INFO  safemode.HealthyPipelineSafeModeRule (HealthyPipelineSafeModeRule.java:initializeRule(226)) - Refreshed total pipeline count is 0, healthy pipeline threshold count is 1
2025-10-22 08:23:43,277 [865d5785-f699-439e-a1bb-b7d8c2e8d3c0@group-9946BCEAA3A0-StateMachineUpdater] INFO  safemode.SCMSafeModeManager (SCMSafeModeManager.java:validateSafeModeExitRules(138)) - OneReplicaPipelineSafeModeRule rule is successfully validated
2025-10-22 08:23:43,277 [865d5785-f699-439e-a1bb-b7d8c2e8d3c0@group-9946BCEAA3A0-StateMachineUpdater] INFO  safemode.SCMSafeModeManager (SCMSafeModeManager.java:validateSafeModeExitRules(138)) - ECContainerSafeModeRule rule is successfully validated
2025-10-22 08:23:43,277 [RatisPipelineUtilsThread-0] INFO  pipeline.BackgroundPipelineCreator (BackgroundPipelineCreator.java:createPipelines(246)) - Created new pipeline Pipeline{ Id: 8aa17952-bc55-4375-bee5-80cfae06f78a, Nodes: [ {9d21e184-bccf-4583-95a7-0fe616dd3b4b(localhost/127.0.0.1), ReplicaIndex: 0},], ReplicationConfig: RATIS/ONE, State:ALLOCATED, leaderId:, CreationTimestamp2025-10-22T08:23:43.274838797Z[Etc/UTC]}
2025-10-22 08:23:43,278 [RatisPipelineUtilsThread-0] INFO  pipeline.RatisPipelineProvider (RatisPipelineProvider.java:lambda$create$0(208)) - Sending CreatePipelineCommand for pipeline:Pipeline-daae6601-de49-4157-b371-e8adafc04a7a to datanode:0cab5a7d-6f40-474c-9abd-0651cf30726e(localhost/127.0.0.1)
2025-10-22 08:23:43,279 [RatisPipelineUtilsThread-0] INFO  pipeline.RatisPipelineProvider (RatisPipelineProvider.java:lambda$create$0(208)) - Sending CreatePipelineCommand for pipeline:Pipeline-daae6601-de49-4157-b371-e8adafc04a7a to datanode:9d21e184-bccf-4583-95a7-0fe616dd3b4b(localhost/127.0.0.1)
2025-10-22 08:23:43,279 [RatisPipelineUtilsThread-0] INFO  pipeline.RatisPipelineProvider (RatisPipelineProvider.java:lambda$create$0(208)) - Sending CreatePipelineCommand for pipeline:Pipeline-daae6601-de49-4157-b371-e8adafc04a7a to datanode:8aba082c-257b-43e3-ba61-5d436c5b38fa(localhost/127.0.0.1)
2025-10-22 08:23:43,281 [865d5785-f699-439e-a1bb-b7d8c2e8d3c0@group-9946BCEAA3A0-StateMachineUpdater] INFO  safemode.SCMSafeModeManager (SCMSafeModeManager.java:validateSafeModeExitRules(138)) - DataNodeSafeModeRule rule is successfully validated
2025-10-22 08:23:43,281 [865d5785-f699-439e-a1bb-b7d8c2e8d3c0@group-9946BCEAA3A0-StateMachineUpdater] INFO  safemode.SCMSafeModeManager (SCMSafeModeManager.java:validateSafeModeExitRules(138)) - RatisContainerSafeModeRule rule is successfully validated
2025-10-22 08:23:43,281 [865d5785-f699-439e-a1bb-b7d8c2e8d3c0@group-9946BCEAA3A0-StateMachineUpdater] INFO  safemode.HealthyPipelineSafeModeRule (HealthyPipelineSafeModeRule.java:initializeRule(226)) - Refreshed total pipeline count is 0, healthy pipeline threshold count is 1
2025-10-22 08:23:43,281 [865d5785-f699-439e-a1bb-b7d8c2e8d3c0@group-9946BCEAA3A0-StateMachineUpdater] INFO  safemode.SCMSafeModeManager (SCMSafeModeManager.java:validateSafeModeExitRules(138)) - OneReplicaPipelineSafeModeRule rule is successfully validated
2025-10-22 08:23:43,281 [865d5785-f699-439e-a1bb-b7d8c2e8d3c0@group-9946BCEAA3A0-StateMachineUpdater] INFO  safemode.SCMSafeModeManager (SCMSafeModeManager.java:validateSafeModeExitRules(138)) - ECContainerSafeModeRule rule is successfully validated
2025-10-22 08:23:43,282 [RatisPipelineUtilsThread-0] INFO  pipeline.BackgroundPipelineCreator (BackgroundPipelineCreator.java:createPipelines(246)) - Created new pipeline Pipeline{ Id: daae6601-de49-4157-b371-e8adafc04a7a, Nodes: [ {0cab5a7d-6f40-474c-9abd-0651cf30726e(localhost/127.0.0.1), ReplicaIndex: 0}, {9d21e184-bccf-4583-95a7-0fe616dd3b4b(localhost/127.0.0.1), ReplicaIndex: 0}, {8aba082c-257b-43e3-ba61-5d436c5b38fa(localhost/127.0.0.1), ReplicaIndex: 0},], ReplicationConfig: RATIS/THREE, State:ALLOCATED, leaderId:, CreationTimestamp2025-10-22T08:23:43.278874536Z[Etc/UTC]}
2025-10-22 08:23:43,283 [RatisPipelineUtilsThread-0] INFO  pipeline.RatisPipelineProvider (RatisPipelineProvider.java:lambda$create$0(208)) - Sending CreatePipelineCommand for pipeline:Pipeline-967bd5c3-d4b6-4c7a-afa3-45121e95117a to datanode:0cab5a7d-6f40-474c-9abd-0651cf30726e(localhost/127.0.0.1)
2025-10-22 08:23:43,283 [RatisPipelineUtilsThread-0] INFO  pipeline.RatisPipelineProvider (RatisPipelineProvider.java:lambda$create$0(208)) - Sending CreatePipelineCommand for pipeline:Pipeline-967bd5c3-d4b6-4c7a-afa3-45121e95117a to datanode:9d21e184-bccf-4583-95a7-0fe616dd3b4b(localhost/127.0.0.1)
2025-10-22 08:23:43,283 [RatisPipelineUtilsThread-0] INFO  pipeline.RatisPipelineProvider (RatisPipelineProvider.java:lambda$create$0(208)) - Sending CreatePipelineCommand for pipeline:Pipeline-967bd5c3-d4b6-4c7a-afa3-45121e95117a to datanode:8aba082c-257b-43e3-ba61-5d436c5b38fa(localhost/127.0.0.1)
2025-10-22 08:23:43,286 [865d5785-f699-439e-a1bb-b7d8c2e8d3c0@group-9946BCEAA3A0-StateMachineUpdater] INFO  safemode.SCMSafeModeManager (SCMSafeModeManager.java:validateSafeModeExitRules(138)) - DataNodeSafeModeRule rule is successfully validated
2025-10-22 08:23:43,286 [865d5785-f699-439e-a1bb-b7d8c2e8d3c0@group-9946BCEAA3A0-StateMachineUpdater] INFO  safemode.SCMSafeModeManager (SCMSafeModeManager.java:validateSafeModeExitRules(138)) - RatisContainerSafeModeRule rule is successfully validated
2025-10-22 08:23:43,286 [865d5785-f699-439e-a1bb-b7d8c2e8d3c0@group-9946BCEAA3A0-StateMachineUpdater] INFO  safemode.HealthyPipelineSafeModeRule (HealthyPipelineSafeModeRule.java:initializeRule(226)) - Refreshed total pipeline count is 0, healthy pipeline threshold count is 1
2025-10-22 08:23:43,286 [865d5785-f699-439e-a1bb-b7d8c2e8d3c0@group-9946BCEAA3A0-StateMachineUpdater] INFO  safemode.SCMSafeModeManager (SCMSafeModeManager.java:validateSafeModeExitRules(138)) - OneReplicaPipelineSafeModeRule rule is successfully validated
2025-10-22 08:23:43,286 [865d5785-f699-439e-a1bb-b7d8c2e8d3c0@group-9946BCEAA3A0-StateMachineUpdater] INFO  safemode.SCMSafeModeManager (SCMSafeModeManager.java:validateSafeModeExitRules(138)) - ECContainerSafeModeRule rule is successfully validated
2025-10-22 08:23:43,286 [RatisPipelineUtilsThread-0] INFO  pipeline.PipelineManagerImpl (PipelineManagerImpl.java:recordMetricsForPipeline(922)) - Pipeline-967bd5c3-d4b6-4c7a-afa3-45121e95117a and Pipeline-daae6601-de49-4157-b371-e8adafc04a7a have exactly the same set of datanodes: [0cab5a7d-6f40-474c-9abd-0651cf30726e(localhost/127.0.0.1), 9d21e184-bccf-4583-95a7-0fe616dd3b4b(localhost/127.0.0.1), 8aba082c-257b-43e3-ba61-5d436c5b38fa(localhost/127.0.0.1)]
2025-10-22 08:23:43,287 [RatisPipelineUtilsThread-0] INFO  pipeline.BackgroundPipelineCreator (BackgroundPipelineCreator.java:createPipelines(246)) - Created new pipeline Pipeline{ Id: 967bd5c3-d4b6-4c7a-afa3-45121e95117a, Nodes: [ {0cab5a7d-6f40-474c-9abd-0651cf30726e(localhost/127.0.0.1), ReplicaIndex: 0}, {9d21e184-bccf-4583-95a7-0fe616dd3b4b(localhost/127.0.0.1), ReplicaIndex: 0}, {8aba082c-257b-43e3-ba61-5d436c5b38fa(localhost/127.0.0.1), ReplicaIndex: 0},], ReplicationConfig: RATIS/THREE, State:ALLOCATED, leaderId:, CreationTimestamp2025-10-22T08:23:43.283226750Z[Etc/UTC]}
2025-10-22 08:23:43,478 [grpc-default-executor-0] INFO  server.RaftServer (RaftServerProxy.java:addNew(105)) - 4d8a2798-959e-416b-b534-19c13b55a760: addNew group-C626CE820278:[4d8a2798-959e-416b-b534-19c13b55a760|127.0.0.1:15023, 1c036820-4dbe-4abe-80fb-5ca88de5e2f0|127.0.0.1:15015, 40df8fc4-149d-40c0-897d-2844034d8141|127.0.0.1:15031] returns group-C626CE820278:java.util.concurrent.CompletableFuture@17ee8033[Not completed]
2025-10-22 08:23:43,480 [4d8a2798-959e-416b-b534-19c13b55a760-groupManagement] INFO  server.RaftServer$Division (RaftServerImpl.java:<init>(268)) - 4d8a2798-959e-416b-b534-19c13b55a760: new RaftServerImpl for group-C626CE820278:[4d8a2798-959e-416b-b534-19c13b55a760|127.0.0.1:15023, 1c036820-4dbe-4abe-80fb-5ca88de5e2f0|127.0.0.1:15015, 40df8fc4-149d-40c0-897d-2844034d8141|127.0.0.1:15031] with ContainerStateMachine:uninitialized
2025-10-22 08:23:43,481 [4d8a2798-959e-416b-b534-19c13b55a760-groupManagement] INFO  server.RaftServer$Division (ServerState.java:<init>(114)) - 4d8a2798-959e-416b-b534-19c13b55a760@group-C626CE820278: ConfigurationManager, init=conf: {index: -1, cur=peers:[4d8a2798-959e-416b-b534-19c13b55a760|127.0.0.1:15023, 1c036820-4dbe-4abe-80fb-5ca88de5e2f0|127.0.0.1:15015, 40df8fc4-149d-40c0-897d-2844034d8141|127.0.0.1:15031]|listeners:[], old=null}, confs=<EMPTY_MAP>
2025-10-22 08:23:43,488 [4d8a2798-959e-416b-b534-19c13b55a760-groupManagement] INFO  server.RaftServerConfigKeys (ConfUtils.java:logGet(62)) - raft.server.storage.dir = [/home/runner/work/ozone/ozone/hadoop-ozone/integration-test/target/test-dir/MiniOzoneClusterImpl-a412b9f6-7d8b-4de3-a85c-9946bceaa3a0/ozone-metadata/datanode-2/ratis] (custom)
2025-10-22 08:23:43,488 [4d8a2798-959e-416b-b534-19c13b55a760-groupManagement] INFO  storage.RaftStorageDirectory (RaftStorageDirectoryImpl.java:analyzeStorage(138)) - The storage directory /home/runner/work/ozone/ozone/hadoop-ozone/integration-test/target/test-dir/MiniOzoneClusterImpl-a412b9f6-7d8b-4de3-a85c-9946bceaa3a0/ozone-metadata/datanode-2/ratis/28d7a56f-ff21-46bd-bc35-c626ce820278 does not exist. Creating ...
2025-10-22 08:23:43,489 [4d8a2798-959e-416b-b534-19c13b55a760-groupManagement] INFO  storage.RaftStorageDirectory (RaftStorageDirectoryImpl.java:tryLock(229)) - Lock on /home/runner/work/ozone/ozone/hadoop-ozone/integration-test/target/test-dir/MiniOzoneClusterImpl-a412b9f6-7d8b-4de3-a85c-9946bceaa3a0/ozone-metadata/datanode-2/ratis/28d7a56f-ff21-46bd-bc35-c626ce820278/in_use.lock acquired by nodename 57193@localhost
2025-10-22 08:23:43,490 [4d8a2798-959e-416b-b534-19c13b55a760-groupManagement] INFO  storage.RaftStorage (RaftStorageImpl.java:format(98)) - Storage directory /home/runner/work/ozone/ozone/hadoop-ozone/integration-test/target/test-dir/MiniOzoneClusterImpl-a412b9f6-7d8b-4de3-a85c-9946bceaa3a0/ozone-metadata/datanode-2/ratis/28d7a56f-ff21-46bd-bc35-c626ce820278 has been successfully formatted.
2025-10-22 08:23:43,490 [4d8a2798-959e-416b-b534-19c13b55a760-groupManagement] INFO  ratis.ContainerStateMachine (ContainerStateMachine.java:initialize(339)) - 4d8a2798-959e-416b-b534-19c13b55a760: initialize group-C626CE820278
2025-10-22 08:23:43,490 [4d8a2798-959e-416b-b534-19c13b55a760-groupManagement] INFO  ratis.ContainerStateMachine (ContainerStateMachine.java:loadSnapshot(347)) - group-C626CE820278: The snapshot info is null. Setting the last applied index to:<INITIAL_VALUE>
2025-10-22 08:23:43,491 [4d8a2798-959e-416b-b534-19c13b55a760-groupManagement] INFO  server.RaftServerConfigKeys (ConfUtils.java:logGet(62)) - raft.server.log.appender.buffer.byte-limit = 33554432 (custom)
2025-10-22 08:23:43,493 [EventQueue-PipelineReportForOneReplicaPipelineSafeModeRule] INFO  safemode.SCMSafeModeManager (SCMSafeModeManager.java:validateSafeModeExitRules(138)) - OneReplicaPipelineSafeModeRule rule is successfully validated
2025-10-22 08:23:43,494 [4d8a2798-959e-416b-b534-19c13b55a760-groupManagement] INFO  server.RaftServerConfigKeys (ConfUtils.java:logGet(62)) - raft.server.log.segment.size.max = 67108864 (custom)
2025-10-22 08:23:43,495 [4d8a2798-959e-416b-b534-19c13b55a760-groupManagement] INFO  server.RaftServerConfigKeys (ConfUtils.java:logGet(62)) - raft.server.log.appender.buffer.byte-limit = 33554432 (custom)
2025-10-22 08:23:43,495 [4d8a2798-959e-416b-b534-19c13b55a760-groupManagement] INFO  util.AwaitToRun (AwaitToRun.java:start(81)) - Thread[#1192,4d8a2798-959e-416b-b534-19c13b55a760@group-C626CE820278-cacheEviction-AwaitToRun,5,main] started
2025-10-22 08:23:43,495 [4d8a2798-959e-416b-b534-19c13b55a760-groupManagement] INFO  segmented.SegmentedRaftLogWorker (SegmentedRaftLogWorker.java:<init>(190)) - new 4d8a2798-959e-416b-b534-19c13b55a760@group-C626CE820278-SegmentedRaftLogWorker for RaftStorageImpl:Storage Directory /home/runner/work/ozone/ozone/hadoop-ozone/integration-test/target/test-dir/MiniOzoneClusterImpl-a412b9f6-7d8b-4de3-a85c-9946bceaa3a0/ozone-metadata/datanode-2/ratis/28d7a56f-ff21-46bd-bc35-c626ce820278
2025-10-22 08:23:43,495 [4d8a2798-959e-416b-b534-19c13b55a760-groupManagement] INFO  server.RaftServerConfigKeys (ConfUtils.java:logGet(62)) - raft.server.log.queue.byte-limit = 4294967296 (custom)
2025-10-22 08:23:43,495 [4d8a2798-959e-416b-b534-19c13b55a760-groupManagement] INFO  server.RaftServerConfigKeys (ConfUtils.java:logGet(62)) - raft.server.log.segment.size.max = 67108864 (custom)
2025-10-22 08:23:43,495 [4d8a2798-959e-416b-b534-19c13b55a760-groupManagement] INFO  server.RaftServerConfigKeys (ConfUtils.java:logGet(62)) - raft.server.log.preallocated.size = 4194304 (custom)
2025-10-22 08:23:43,496 [4d8a2798-959e-416b-b534-19c13b55a760-groupManagement] INFO  server.RaftServerConfigKeys (ConfUtils.java:logGet(62)) - raft.server.log.write.buffer.size = 33554440 (custom)
2025-10-22 08:23:43,501 [IPC Server handler 0 on default port 15002] INFO  net.NetworkTopologyImpl (NetworkTopologyImpl.java:add(133)) - Added a new node: /rack1/6bbeb254-bd49-477b-9af9-73d700af6bb4
2025-10-22 08:23:43,501 [IPC Server handler 0 on default port 15002] INFO  node.SCMNodeManager (SCMNodeManager.java:register(423)) - Registered datanode: 6bbeb254-bd49-477b-9af9-73d700af6bb4{ip: 127.0.0.1, host: localhost, ports: [HTTP=15082, CLIENT_RPC=15083, REPLICATION=15089, RATIS=15085, RATIS_ADMIN=15086, RATIS_SERVER=15087, RATIS_DATASTREAM=15088, STANDALONE=15084], networkLocation: /rack1, certSerialId: null, persistedOpState: null, persistedOpStateExpiryEpochSec: 0}
2025-10-22 08:23:43,502 [ForkJoinPool-1-worker-1] INFO  ozone.MiniOzoneClusterImpl (MiniOzoneClusterImpl.java:lambda$waitForClusterToBeReady$0(181)) - Nodes are ready. Got 10 of 10 DN Heartbeats.
2025-10-22 08:23:43,502 [ForkJoinPool-1-worker-1] INFO  ozone.MiniOzoneClusterImpl (MiniOzoneClusterImpl.java:lambda$waitForClusterToBeReady$0(184)) - Waiting for cluster to exit safe mode
2025-10-22 08:23:43,502 [ForkJoinPool-1-worker-1] INFO  ozone.MiniOzoneClusterImpl (MiniOzoneClusterImpl.java:lambda$waitForClusterToBeReady$0(186)) - SCM became leader
2025-10-22 08:23:43,502 [4d8a2798-959e-416b-b534-19c13b55a760-groupManagement] INFO  server.RaftServerConfigKeys (ConfUtils.java:logGet(62)) - raft.server.log.appender.buffer.byte-limit = 33554432 (custom)
2025-10-22 08:23:43,502 [4d8a2798-959e-416b-b534-19c13b55a760-groupManagement] INFO  segmented.SegmentedRaftLogWorker (SegmentedRaftLogWorker.java:lambda$new$0(141)) - 4d8a2798-959e-416b-b534-19c13b55a760@group-C626CE820278-SegmentedRaftLogWorker: flushIndex: setUnconditionally 0 -> -1
2025-10-22 08:23:43,502 [EventQueue-ContainerRegistrationReportForECContainerSafeModeRule] INFO  safemode.SCMSafeModeManager (SCMSafeModeManager.java:validateSafeModeExitRules(138)) - ECContainerSafeModeRule rule is successfully validated
2025-10-22 08:23:43,503 [EventQueue-ContainerRegistrationReportForRatisContainerSafeModeRule] INFO  safemode.SCMSafeModeManager (SCMSafeModeManager.java:validateSafeModeExitRules(138)) - RatisContainerSafeModeRule rule is successfully validated
2025-10-22 08:23:43,503 [EventQueue-NewNodeForNewNodeHandler] INFO  pipeline.BackgroundPipelineCreator (BackgroundPipelineCreator.java:notifyEventTriggered(290)) - trigger a one-shot run on RatisPipelineUtilsThread.
2025-10-22 08:23:43,503 [4d8a2798-959e-416b-b534-19c13b55a760-groupManagement] INFO  segmented.SegmentedRaftLogWorker (SegmentedRaftLogWorker.java:lambda$new$0(141)) - 4d8a2798-959e-416b-b534-19c13b55a760@group-C626CE820278-SegmentedRaftLogWorker: safeCacheEvictIndex: setUnconditionally 0 -> -1
2025-10-22 08:23:43,503 [4d8a2798-959e-416b-b534-19c13b55a760-groupManagement] INFO  server.RaftServer$Division (RaftServerImpl.java:start(405)) - 4d8a2798-959e-416b-b534-19c13b55a760@group-C626CE820278: start as a follower, conf=conf: {index: -1, cur=peers:[4d8a2798-959e-416b-b534-19c13b55a760|127.0.0.1:15023, 1c036820-4dbe-4abe-80fb-5ca88de5e2f0|127.0.0.1:15015, 40df8fc4-149d-40c0-897d-2844034d8141|127.0.0.1:15031]|listeners:[], old=null}
2025-10-22 08:23:43,503 [4d8a2798-959e-416b-b534-19c13b55a760-groupManagement] INFO  server.RaftServer$Division (RaftServerImpl.java:setRole(392)) - 4d8a2798-959e-416b-b534-19c13b55a760@group-C626CE820278: changes role from      null to FOLLOWER at term 0 for startAsFollower
2025-10-22 08:23:43,503 [4d8a2798-959e-416b-b534-19c13b55a760-groupManagement] INFO  impl.RoleInfo (RoleInfo.java:updateAndGet(148)) - 4d8a2798-959e-416b-b534-19c13b55a760: start 4d8a2798-959e-416b-b534-19c13b55a760@group-C626CE820278-FollowerState
2025-10-22 08:23:43,503 [EventQueue-PipelineReportForOneReplicaPipelineSafeModeRule] INFO  safemode.SCMSafeModeManager (SCMSafeModeManager.java:validateSafeModeExitRules(138)) - OneReplicaPipelineSafeModeRule rule is successfully validated
2025-10-22 08:23:43,503 [EventQueue-NodeRegistrationContainerReportForDataNodeSafeModeRule] INFO  safemode.SCMSafeModeManager (SCMSafeModeManager.java:validateSafeModeExitRules(138)) - DataNodeSafeModeRule rule is successfully validated
2025-10-22 08:23:43,504 [4d8a2798-959e-416b-b534-19c13b55a760-groupManagement] INFO  util.JmxRegister (JmxRegister.java:tryRegister(44)) - Successfully registered JMX Bean with object name Ratis:service=RaftServer,group=group-C626CE820278,id=4d8a2798-959e-416b-b534-19c13b55a760
2025-10-22 08:23:43,504 [4d8a2798-959e-416b-b534-19c13b55a760-groupManagement] INFO  util.JmxRegister (JmxRegister.java:register(58)) - register mxBean class org.apache.ratis.server.impl.RaftServerJmxAdapter as Ratis:service=RaftServer,group=group-C626CE820278,id=4d8a2798-959e-416b-b534-19c13b55a760
2025-10-22 08:23:43,504 [RatisPipelineUtilsThread-0] INFO  pipeline.RatisPipelineProvider (RatisPipelineProvider.java:lambda$create$0(208)) - Sending CreatePipelineCommand for pipeline:Pipeline-cec2b053-22b6-47ba-8399-c732d0d22cc3 to datanode:6bbeb254-bd49-477b-9af9-73d700af6bb4(localhost/127.0.0.1)
2025-10-22 08:23:43,505 [4d8a2798-959e-416b-b534-19c13b55a760-groupManagement] INFO  server.RaftServer$Division (RaftServerImpl.java:start(419)) - 4d8a2798-959e-416b-b534-19c13b55a760@group-C626CE820278: Successfully started.
2025-10-22 08:23:43,507 [865d5785-f699-439e-a1bb-b7d8c2e8d3c0@group-9946BCEAA3A0-StateMachineUpdater] INFO  safemode.SCMSafeModeManager (SCMSafeModeManager.java:validateSafeModeExitRules(138)) - DataNodeSafeModeRule rule is successfully validated
2025-10-22 08:23:43,507 [865d5785-f699-439e-a1bb-b7d8c2e8d3c0@group-9946BCEAA3A0-StateMachineUpdater] INFO  safemode.SCMSafeModeManager (SCMSafeModeManager.java:validateSafeModeExitRules(138)) - RatisContainerSafeModeRule rule is successfully validated
2025-10-22 08:23:43,507 [865d5785-f699-439e-a1bb-b7d8c2e8d3c0@group-9946BCEAA3A0-StateMachineUpdater] INFO  safemode.HealthyPipelineSafeModeRule (HealthyPipelineSafeModeRule.java:initializeRule(226)) - Refreshed total pipeline count is 0, healthy pipeline threshold count is 1
2025-10-22 08:23:43,507 [865d5785-f699-439e-a1bb-b7d8c2e8d3c0@group-9946BCEAA3A0-StateMachineUpdater] INFO  safemode.SCMSafeModeManager (SCMSafeModeManager.java:validateSafeModeExitRules(138)) - OneReplicaPipelineSafeModeRule rule is successfully validated
2025-10-22 08:23:43,507 [865d5785-f699-439e-a1bb-b7d8c2e8d3c0@group-9946BCEAA3A0-StateMachineUpdater] INFO  safemode.SCMSafeModeManager (SCMSafeModeManager.java:validateSafeModeExitRules(138)) - ECContainerSafeModeRule rule is successfully validated
2025-10-22 08:23:43,509 [RatisPipelineUtilsThread-0] INFO  pipeline.BackgroundPipelineCreator (BackgroundPipelineCreator.java:createPipelines(246)) - Created new pipeline Pipeline{ Id: cec2b053-22b6-47ba-8399-c732d0d22cc3, Nodes: [ {6bbeb254-bd49-477b-9af9-73d700af6bb4(localhost/127.0.0.1), ReplicaIndex: 0},], ReplicationConfig: RATIS/ONE, State:ALLOCATED, leaderId:, CreationTimestamp2025-10-22T08:23:43.504326410Z[Etc/UTC]}
2025-10-22 08:23:43,545 [grpc-default-executor-0] INFO  server.RaftServer (RaftServerProxy.java:addNew(105)) - 1c036820-4dbe-4abe-80fb-5ca88de5e2f0: addNew group-C626CE820278:[4d8a2798-959e-416b-b534-19c13b55a760|127.0.0.1:15023, 1c036820-4dbe-4abe-80fb-5ca88de5e2f0|127.0.0.1:15015, 40df8fc4-149d-40c0-897d-2844034d8141|127.0.0.1:15031] returns group-C626CE820278:java.util.concurrent.CompletableFuture@4d4a4104[Not completed]
2025-10-22 08:23:43,547 [1c036820-4dbe-4abe-80fb-5ca88de5e2f0-groupManagement] INFO  server.RaftServer$Division (RaftServerImpl.java:<init>(268)) - 1c036820-4dbe-4abe-80fb-5ca88de5e2f0: new RaftServerImpl for group-C626CE820278:[4d8a2798-959e-416b-b534-19c13b55a760|127.0.0.1:15023, 1c036820-4dbe-4abe-80fb-5ca88de5e2f0|127.0.0.1:15015, 40df8fc4-149d-40c0-897d-2844034d8141|127.0.0.1:15031] with ContainerStateMachine:uninitialized
2025-10-22 08:23:43,548 [1c036820-4dbe-4abe-80fb-5ca88de5e2f0-groupManagement] INFO  server.RaftServer$Division (ServerState.java:<init>(114)) - 1c036820-4dbe-4abe-80fb-5ca88de5e2f0@group-C626CE820278: ConfigurationManager, init=conf: {index: -1, cur=peers:[4d8a2798-959e-416b-b534-19c13b55a760|127.0.0.1:15023, 1c036820-4dbe-4abe-80fb-5ca88de5e2f0|127.0.0.1:15015, 40df8fc4-149d-40c0-897d-2844034d8141|127.0.0.1:15031]|listeners:[], old=null}, confs=<EMPTY_MAP>
2025-10-22 08:23:43,555 [1c036820-4dbe-4abe-80fb-5ca88de5e2f0-groupManagement] INFO  server.RaftServerConfigKeys (ConfUtils.java:logGet(62)) - raft.server.storage.dir = [/home/runner/work/ozone/ozone/hadoop-ozone/integration-test/target/test-dir/MiniOzoneClusterImpl-a412b9f6-7d8b-4de3-a85c-9946bceaa3a0/ozone-metadata/datanode-1/ratis] (custom)
2025-10-22 08:23:43,555 [1c036820-4dbe-4abe-80fb-5ca88de5e2f0-groupManagement] INFO  storage.RaftStorageDirectory (RaftStorageDirectoryImpl.java:analyzeStorage(138)) - The storage directory /home/runner/work/ozone/ozone/hadoop-ozone/integration-test/target/test-dir/MiniOzoneClusterImpl-a412b9f6-7d8b-4de3-a85c-9946bceaa3a0/ozone-metadata/datanode-1/ratis/28d7a56f-ff21-46bd-bc35-c626ce820278 does not exist. Creating ...
2025-10-22 08:23:43,556 [1c036820-4dbe-4abe-80fb-5ca88de5e2f0-groupManagement] INFO  storage.RaftStorageDirectory (RaftStorageDirectoryImpl.java:tryLock(229)) - Lock on /home/runner/work/ozone/ozone/hadoop-ozone/integration-test/target/test-dir/MiniOzoneClusterImpl-a412b9f6-7d8b-4de3-a85c-9946bceaa3a0/ozone-metadata/datanode-1/ratis/28d7a56f-ff21-46bd-bc35-c626ce820278/in_use.lock acquired by nodename 57193@localhost
2025-10-22 08:23:43,557 [1c036820-4dbe-4abe-80fb-5ca88de5e2f0-groupManagement] INFO  storage.RaftStorage (RaftStorageImpl.java:format(98)) - Storage directory /home/runner/work/ozone/ozone/hadoop-ozone/integration-test/target/test-dir/MiniOzoneClusterImpl-a412b9f6-7d8b-4de3-a85c-9946bceaa3a0/ozone-metadata/datanode-1/ratis/28d7a56f-ff21-46bd-bc35-c626ce820278 has been successfully formatted.
2025-10-22 08:23:43,558 [1c036820-4dbe-4abe-80fb-5ca88de5e2f0-groupManagement] INFO  ratis.ContainerStateMachine (ContainerStateMachine.java:initialize(339)) - 1c036820-4dbe-4abe-80fb-5ca88de5e2f0: initialize group-C626CE820278
2025-10-22 08:23:43,558 [1c036820-4dbe-4abe-80fb-5ca88de5e2f0-groupManagement] INFO  ratis.ContainerStateMachine (ContainerStateMachine.java:loadSnapshot(347)) - group-C626CE820278: The snapshot info is null. Setting the last applied index to:<INITIAL_VALUE>
2025-10-22 08:23:43,558 [1c036820-4dbe-4abe-80fb-5ca88de5e2f0-groupManagement] INFO  server.RaftServerConfigKeys (ConfUtils.java:logGet(62)) - raft.server.log.appender.buffer.byte-limit = 33554432 (custom)
2025-10-22 08:23:43,560 [EventQueue-PipelineReportForOneReplicaPipelineSafeModeRule] INFO  safemode.SCMSafeModeManager (SCMSafeModeManager.java:validateSafeModeExitRules(138)) - OneReplicaPipelineSafeModeRule rule is successfully validated
2025-10-22 08:23:43,561 [1c036820-4dbe-4abe-80fb-5ca88de5e2f0-groupManagement] INFO  server.RaftServerConfigKeys (ConfUtils.java:logGet(62)) - raft.server.log.segment.size.max = 67108864 (custom)
2025-10-22 08:23:43,561 [1c036820-4dbe-4abe-80fb-5ca88de5e2f0-groupManagement] INFO  server.RaftServerConfigKeys (ConfUtils.java:logGet(62)) - raft.server.log.appender.buffer.byte-limit = 33554432 (custom)
2025-10-22 08:23:43,562 [1c036820-4dbe-4abe-80fb-5ca88de5e2f0-groupManagement] INFO  util.AwaitToRun (AwaitToRun.java:start(81)) - Thread[#1200,1c036820-4dbe-4abe-80fb-5ca88de5e2f0@group-C626CE820278-cacheEviction-AwaitToRun,5,main] started
2025-10-22 08:23:43,562 [1c036820-4dbe-4abe-80fb-5ca88de5e2f0-groupManagement] INFO  segmented.SegmentedRaftLogWorker (SegmentedRaftLogWorker.java:<init>(190)) - new 1c036820-4dbe-4abe-80fb-5ca88de5e2f0@group-C626CE820278-SegmentedRaftLogWorker for RaftStorageImpl:Storage Directory /home/runner/work/ozone/ozone/hadoop-ozone/integration-test/target/test-dir/MiniOzoneClusterImpl-a412b9f6-7d8b-4de3-a85c-9946bceaa3a0/ozone-metadata/datanode-1/ratis/28d7a56f-ff21-46bd-bc35-c626ce820278
2025-10-22 08:23:43,562 [1c036820-4dbe-4abe-80fb-5ca88de5e2f0-groupManagement] INFO  server.RaftServerConfigKeys (ConfUtils.java:logGet(62)) - raft.server.log.queue.byte-limit = 4294967296 (custom)
2025-10-22 08:23:43,562 [1c036820-4dbe-4abe-80fb-5ca88de5e2f0-groupManagement] INFO  server.RaftServerConfigKeys (ConfUtils.java:logGet(62)) - raft.server.log.segment.size.max = 67108864 (custom)
2025-10-22 08:23:43,562 [1c036820-4dbe-4abe-80fb-5ca88de5e2f0-groupManagement] INFO  server.RaftServerConfigKeys (ConfUtils.java:logGet(62)) - raft.server.log.preallocated.size = 4194304 (custom)
2025-10-22 08:23:43,562 [1c036820-4dbe-4abe-80fb-5ca88de5e2f0-groupManagement] INFO  server.RaftServerConfigKeys (ConfUtils.java:logGet(62)) - raft.server.log.write.buffer.size = 33554440 (custom)
2025-10-22 08:23:43,567 [1c036820-4dbe-4abe-80fb-5ca88de5e2f0-groupManagement] INFO  server.RaftServerConfigKeys (ConfUtils.java:logGet(62)) - raft.server.log.appender.buffer.byte-limit = 33554432 (custom)
2025-10-22 08:23:43,567 [1c036820-4dbe-4abe-80fb-5ca88de5e2f0-groupManagement] INFO  segmented.SegmentedRaftLogWorker (SegmentedRaftLogWorker.java:lambda$new$0(141)) - 1c036820-4dbe-4abe-80fb-5ca88de5e2f0@group-C626CE820278-SegmentedRaftLogWorker: flushIndex: setUnconditionally 0 -> -1
2025-10-22 08:23:43,568 [1c036820-4dbe-4abe-80fb-5ca88de5e2f0-groupManagement] INFO  segmented.SegmentedRaftLogWorker (SegmentedRaftLogWorker.java:lambda$new$0(141)) - 1c036820-4dbe-4abe-80fb-5ca88de5e2f0@group-C626CE820278-SegmentedRaftLogWorker: safeCacheEvictIndex: setUnconditionally 0 -> -1
2025-10-22 08:23:43,568 [1c036820-4dbe-4abe-80fb-5ca88de5e2f0-groupManagement] INFO  server.RaftServer$Division (RaftServerImpl.java:start(405)) - 1c036820-4dbe-4abe-80fb-5ca88de5e2f0@group-C626CE820278: start as a follower, conf=conf: {index: -1, cur=peers:[4d8a2798-959e-416b-b534-19c13b55a760|127.0.0.1:15023, 1c036820-4dbe-4abe-80fb-5ca88de5e2f0|127.0.0.1:15015, 40df8fc4-149d-40c0-897d-2844034d8141|127.0.0.1:15031]|listeners:[], old=null}
2025-10-22 08:23:43,568 [1c036820-4dbe-4abe-80fb-5ca88de5e2f0-groupManagement] INFO  server.RaftServer$Division (RaftServerImpl.java:setRole(392)) - 1c036820-4dbe-4abe-80fb-5ca88de5e2f0@group-C626CE820278: changes role from      null to FOLLOWER at term 0 for startAsFollower
2025-10-22 08:23:43,568 [1c036820-4dbe-4abe-80fb-5ca88de5e2f0-groupManagement] INFO  impl.RoleInfo (RoleInfo.java:updateAndGet(148)) - 1c036820-4dbe-4abe-80fb-5ca88de5e2f0: start 1c036820-4dbe-4abe-80fb-5ca88de5e2f0@group-C626CE820278-FollowerState
2025-10-22 08:23:43,568 [1c036820-4dbe-4abe-80fb-5ca88de5e2f0-groupManagement] INFO  util.JmxRegister (JmxRegister.java:tryRegister(44)) - Successfully registered JMX Bean with object name Ratis:service=RaftServer,group=group-C626CE820278,id=1c036820-4dbe-4abe-80fb-5ca88de5e2f0
2025-10-22 08:23:43,568 [1c036820-4dbe-4abe-80fb-5ca88de5e2f0-groupManagement] INFO  util.JmxRegister (JmxRegister.java:register(58)) - register mxBean class org.apache.ratis.server.impl.RaftServerJmxAdapter as Ratis:service=RaftServer,group=group-C626CE820278,id=1c036820-4dbe-4abe-80fb-5ca88de5e2f0
2025-10-22 08:23:43,569 [1c036820-4dbe-4abe-80fb-5ca88de5e2f0-groupManagement] INFO  server.RaftServer$Division (RaftServerImpl.java:start(419)) - 1c036820-4dbe-4abe-80fb-5ca88de5e2f0@group-C626CE820278: Successfully started.
2025-10-22 08:23:43,573 [40df8fc4-149d-40c0-897d-2844034d8141-CreatePipelineCommandHandlerThread-0] INFO  commandhandler.CreatePipelineCommandHandler (CreatePipelineCommandHandler.java:lambda$handle$2(141)) - Created Pipeline RATIS THREE Pipeline-28d7a56f-ff21-46bd-bc35-c626ce820278.
2025-10-22 08:23:43,574 [40df8fc4-149d-40c0-897d-2844034d8141-CreatePipelineCommandHandlerThread-0] INFO  server.RaftServer (RaftServerProxy.java:addNew(105)) - 40df8fc4-149d-40c0-897d-2844034d8141: addNew group-5E2F154B5BDB:[4d8a2798-959e-416b-b534-19c13b55a760|127.0.0.1:15023, 1c036820-4dbe-4abe-80fb-5ca88de5e2f0|127.0.0.1:15015, 40df8fc4-149d-40c0-897d-2844034d8141|127.0.0.1:15031] returns group-5E2F154B5BDB:java.util.concurrent.CompletableFuture@859a961[Not completed]
2025-10-22 08:23:43,575 [1c036820-4dbe-4abe-80fb-5ca88de5e2f0-CreatePipelineCommandHandlerThread-0] INFO  server.RaftServer (RaftServerProxy.java:addNew(105)) - 1c036820-4dbe-4abe-80fb-5ca88de5e2f0: addNew group-83D1472516EC:[1c036820-4dbe-4abe-80fb-5ca88de5e2f0|127.0.0.1:15015] returns group-83D1472516EC:java.util.concurrent.CompletableFuture@5c0b7321[Not completed]
2025-10-22 08:23:43,576 [40df8fc4-149d-40c0-897d-2844034d8141-groupManagement] INFO  server.RaftServer$Division (RaftServerImpl.java:<init>(268)) - 40df8fc4-149d-40c0-897d-2844034d8141: new RaftServerImpl for group-5E2F154B5BDB:[4d8a2798-959e-416b-b534-19c13b55a760|127.0.0.1:15023, 1c036820-4dbe-4abe-80fb-5ca88de5e2f0|127.0.0.1:15015, 40df8fc4-149d-40c0-897d-2844034d8141|127.0.0.1:15031] with ContainerStateMachine:uninitialized
2025-10-22 08:23:43,576 [40df8fc4-149d-40c0-897d-2844034d8141-groupManagement] INFO  server.RaftServer$Division (ServerState.java:<init>(114)) - 40df8fc4-149d-40c0-897d-2844034d8141@group-5E2F154B5BDB: ConfigurationManager, init=conf: {index: -1, cur=peers:[4d8a2798-959e-416b-b534-19c13b55a760|127.0.0.1:15023, 1c036820-4dbe-4abe-80fb-5ca88de5e2f0|127.0.0.1:15015, 40df8fc4-149d-40c0-897d-2844034d8141|127.0.0.1:15031]|listeners:[], old=null}, confs=<EMPTY_MAP>
2025-10-22 08:23:43,577 [1c036820-4dbe-4abe-80fb-5ca88de5e2f0-groupManagement] INFO  server.RaftServer$Division (RaftServerImpl.java:<init>(268)) - 1c036820-4dbe-4abe-80fb-5ca88de5e2f0: new RaftServerImpl for group-83D1472516EC:[1c036820-4dbe-4abe-80fb-5ca88de5e2f0|127.0.0.1:15015] with ContainerStateMachine:uninitialized
2025-10-22 08:23:43,577 [1c036820-4dbe-4abe-80fb-5ca88de5e2f0-groupManagement] INFO  server.RaftServer$Division (ServerState.java:<init>(114)) - 1c036820-4dbe-4abe-80fb-5ca88de5e2f0@group-83D1472516EC: ConfigurationManager, init=conf: {index: -1, cur=peers:[1c036820-4dbe-4abe-80fb-5ca88de5e2f0|127.0.0.1:15015]|listeners:[], old=null}, confs=<EMPTY_MAP>
2025-10-22 08:23:43,595 [40df8fc4-149d-40c0-897d-2844034d8141-groupManagement] INFO  server.RaftServerConfigKeys (ConfUtils.java:logGet(62)) - raft.server.storage.dir = [/home/runner/work/ozone/ozone/hadoop-ozone/integration-test/target/test-dir/MiniOzoneClusterImpl-a412b9f6-7d8b-4de3-a85c-9946bceaa3a0/ozone-metadata/datanode-3/ratis] (custom)
2025-10-22 08:23:43,595 [40df8fc4-149d-40c0-897d-2844034d8141-groupManagement] INFO  storage.RaftStorageDirectory (RaftStorageDirectoryImpl.java:analyzeStorage(138)) - The storage directory /home/runner/work/ozone/ozone/hadoop-ozone/integration-test/target/test-dir/MiniOzoneClusterImpl-a412b9f6-7d8b-4de3-a85c-9946bceaa3a0/ozone-metadata/datanode-3/ratis/991bfa6b-f7e5-4a03-b9a5-5e2f154b5bdb does not exist. Creating ...
2025-10-22 08:23:43,595 [1c036820-4dbe-4abe-80fb-5ca88de5e2f0-groupManagement] INFO  storage.RaftStorageDirectory (RaftStorageDirectoryImpl.java:analyzeStorage(138)) - The storage directory /home/runner/work/ozone/ozone/hadoop-ozone/integration-test/target/test-dir/MiniOzoneClusterImpl-a412b9f6-7d8b-4de3-a85c-9946bceaa3a0/ozone-metadata/datanode-1/ratis/d58961bb-d73a-4245-ae1b-83d1472516ec does not exist. Creating ...
2025-10-22 08:23:43,596 [1c036820-4dbe-4abe-80fb-5ca88de5e2f0-groupManagement] INFO  storage.RaftStorageDirectory (RaftStorageDirectoryImpl.java:tryLock(229)) - Lock on /home/runner/work/ozone/ozone/hadoop-ozone/integration-test/target/test-dir/MiniOzoneClusterImpl-a412b9f6-7d8b-4de3-a85c-9946bceaa3a0/ozone-metadata/datanode-1/ratis/d58961bb-d73a-4245-ae1b-83d1472516ec/in_use.lock acquired by nodename 57193@localhost
2025-10-22 08:23:43,596 [40df8fc4-149d-40c0-897d-2844034d8141-groupManagement] INFO  storage.RaftStorageDirectory (RaftStorageDirectoryImpl.java:tryLock(229)) - Lock on /home/runner/work/ozone/ozone/hadoop-ozone/integration-test/target/test-dir/MiniOzoneClusterImpl-a412b9f6-7d8b-4de3-a85c-9946bceaa3a0/ozone-metadata/datanode-3/ratis/991bfa6b-f7e5-4a03-b9a5-5e2f154b5bdb/in_use.lock acquired by nodename 57193@localhost
2025-10-22 08:23:43,598 [40df8fc4-149d-40c0-897d-2844034d8141-groupManagement] INFO  storage.RaftStorage (RaftStorageImpl.java:format(98)) - Storage directory /home/runner/work/ozone/ozone/hadoop-ozone/integration-test/target/test-dir/MiniOzoneClusterImpl-a412b9f6-7d8b-4de3-a85c-9946bceaa3a0/ozone-metadata/datanode-3/ratis/991bfa6b-f7e5-4a03-b9a5-5e2f154b5bdb has been successfully formatted.
2025-10-22 08:23:43,598 [1c036820-4dbe-4abe-80fb-5ca88de5e2f0-groupManagement] INFO  storage.RaftStorage (RaftStorageImpl.java:format(98)) - Storage directory /home/runner/work/ozone/ozone/hadoop-ozone/integration-test/target/test-dir/MiniOzoneClusterImpl-a412b9f6-7d8b-4de3-a85c-9946bceaa3a0/ozone-metadata/datanode-1/ratis/d58961bb-d73a-4245-ae1b-83d1472516ec has been successfully formatted.
2025-10-22 08:23:43,598 [1c036820-4dbe-4abe-80fb-5ca88de5e2f0-groupManagement] INFO  ratis.ContainerStateMachine (ContainerStateMachine.java:initialize(339)) - 1c036820-4dbe-4abe-80fb-5ca88de5e2f0: initialize group-83D1472516EC
2025-10-22 08:23:43,599 [40df8fc4-149d-40c0-897d-2844034d8141-groupManagement] INFO  ratis.ContainerStateMachine (ContainerStateMachine.java:initialize(339)) - 40df8fc4-149d-40c0-897d-2844034d8141: initialize group-5E2F154B5BDB
2025-10-22 08:23:43,599 [40df8fc4-149d-40c0-897d-2844034d8141-groupManagement] INFO  ratis.ContainerStateMachine (ContainerStateMachine.java:loadSnapshot(347)) - group-5E2F154B5BDB: The snapshot info is null. Setting the last applied index to:<INITIAL_VALUE>
2025-10-22 08:23:43,599 [1c036820-4dbe-4abe-80fb-5ca88de5e2f0-groupManagement] INFO  ratis.ContainerStateMachine (ContainerStateMachine.java:loadSnapshot(347)) - group-83D1472516EC: The snapshot info is null. Setting the last applied index to:<INITIAL_VALUE>
2025-10-22 08:23:43,599 [1c036820-4dbe-4abe-80fb-5ca88de5e2f0-groupManagement] INFO  server.RaftServerConfigKeys (ConfUtils.java:logGet(62)) - raft.server.log.appender.buffer.byte-limit = 33554432 (custom)
2025-10-22 08:23:43,599 [40df8fc4-149d-40c0-897d-2844034d8141-groupManagement] INFO  server.RaftServerConfigKeys (ConfUtils.java:logGet(62)) - raft.server.log.appender.buffer.byte-limit = 33554432 (custom)
2025-10-22 08:23:43,605 [40df8fc4-149d-40c0-897d-2844034d8141-groupManagement] INFO  server.RaftServerConfigKeys (ConfUtils.java:logGet(62)) - raft.server.log.segment.size.max = 67108864 (custom)
2025-10-22 08:23:43,605 [EventQueue-PipelineReportForOneReplicaPipelineSafeModeRule] INFO  safemode.SCMSafeModeManager (SCMSafeModeManager.java:validateSafeModeExitRules(138)) - OneReplicaPipelineSafeModeRule rule is successfully validated
2025-10-22 08:23:43,605 [EventQueue-PipelineReportForOneReplicaPipelineSafeModeRule] INFO  safemode.SCMSafeModeManager (SCMSafeModeManager.java:validateSafeModeExitRules(138)) - OneReplicaPipelineSafeModeRule rule is successfully validated
2025-10-22 08:23:43,606 [40df8fc4-149d-40c0-897d-2844034d8141-groupManagement] INFO  server.RaftServerConfigKeys (ConfUtils.java:logGet(62)) - raft.server.log.appender.buffer.byte-limit = 33554432 (custom)
2025-10-22 08:23:43,608 [1c036820-4dbe-4abe-80fb-5ca88de5e2f0-groupManagement] INFO  server.RaftServerConfigKeys (ConfUtils.java:logGet(62)) - raft.server.log.segment.size.max = 67108864 (custom)
2025-10-22 08:23:43,608 [40df8fc4-149d-40c0-897d-2844034d8141-groupManagement] INFO  util.AwaitToRun (AwaitToRun.java:start(81)) - Thread[#1208,40df8fc4-149d-40c0-897d-2844034d8141@group-5E2F154B5BDB-cacheEviction-AwaitToRun,5,main] started
2025-10-22 08:23:43,608 [40df8fc4-149d-40c0-897d-2844034d8141-groupManagement] INFO  segmented.SegmentedRaftLogWorker (SegmentedRaftLogWorker.java:<init>(190)) - new 40df8fc4-149d-40c0-897d-2844034d8141@group-5E2F154B5BDB-SegmentedRaftLogWorker for RaftStorageImpl:Storage Directory /home/runner/work/ozone/ozone/hadoop-ozone/integration-test/target/test-dir/MiniOzoneClusterImpl-a412b9f6-7d8b-4de3-a85c-9946bceaa3a0/ozone-metadata/datanode-3/ratis/991bfa6b-f7e5-4a03-b9a5-5e2f154b5bdb
2025-10-22 08:23:43,609 [40df8fc4-149d-40c0-897d-2844034d8141-groupManagement] INFO  server.RaftServerConfigKeys (ConfUtils.java:logGet(62)) - raft.server.log.queue.byte-limit = 4294967296 (custom)
2025-10-22 08:23:43,609 [40df8fc4-149d-40c0-897d-2844034d8141-groupManagement] INFO  server.RaftServerConfigKeys (ConfUtils.java:logGet(62)) - raft.server.log.segment.size.max = 67108864 (custom)
2025-10-22 08:23:43,609 [40df8fc4-149d-40c0-897d-2844034d8141-groupManagement] INFO  server.RaftServerConfigKeys (ConfUtils.java:logGet(62)) - raft.server.log.preallocated.size = 4194304 (custom)
2025-10-22 08:23:43,609 [40df8fc4-149d-40c0-897d-2844034d8141-groupManagement] INFO  server.RaftServerConfigKeys (ConfUtils.java:logGet(62)) - raft.server.log.write.buffer.size = 33554440 (custom)
2025-10-22 08:23:43,610 [1c036820-4dbe-4abe-80fb-5ca88de5e2f0-groupManagement] INFO  server.RaftServerConfigKeys (ConfUtils.java:logGet(62)) - raft.server.log.appender.buffer.byte-limit = 33554432 (custom)
2025-10-22 08:23:43,611 [865d5785-f699-439e-a1bb-b7d8c2e8d3c0@group-9946BCEAA3A0-StateMachineUpdater] INFO  safemode.SCMSafeModeManager (SCMSafeModeManager.java:validateSafeModeExitRules(138)) - DataNodeSafeModeRule rule is successfully validated
2025-10-22 08:23:43,611 [865d5785-f699-439e-a1bb-b7d8c2e8d3c0@group-9946BCEAA3A0-StateMachineUpdater] INFO  safemode.SCMSafeModeManager (SCMSafeModeManager.java:validateSafeModeExitRules(138)) - RatisContainerSafeModeRule rule is successfully validated
2025-10-22 08:23:43,611 [865d5785-f699-439e-a1bb-b7d8c2e8d3c0@group-9946BCEAA3A0-StateMachineUpdater] INFO  safemode.HealthyPipelineSafeModeRule (HealthyPipelineSafeModeRule.java:initializeRule(226)) - Refreshed total pipeline count is 0, healthy pipeline threshold count is 1
2025-10-22 08:23:43,611 [865d5785-f699-439e-a1bb-b7d8c2e8d3c0@group-9946BCEAA3A0-StateMachineUpdater] INFO  safemode.SCMSafeModeManager (SCMSafeModeManager.java:validateSafeModeExitRules(138)) - OneReplicaPipelineSafeModeRule rule is successfully validated
2025-10-22 08:23:43,611 [865d5785-f699-439e-a1bb-b7d8c2e8d3c0@group-9946BCEAA3A0-StateMachineUpdater] INFO  safemode.SCMSafeModeManager (SCMSafeModeManager.java:validateSafeModeExitRules(138)) - ECContainerSafeModeRule rule is successfully validated
2025-10-22 08:23:43,611 [EventQueue-PipelineReportForPipelineReportHandler] INFO  pipeline.PipelineReportHandler (PipelineReportHandler.java:processPipelineReport(132)) - Opened pipeline Pipeline-d58961bb-d73a-4245-ae1b-83d1472516ec
2025-10-22 08:23:43,613 [1c036820-4dbe-4abe-80fb-5ca88de5e2f0-groupManagement] INFO  util.AwaitToRun (AwaitToRun.java:start(81)) - Thread[#1209,1c036820-4dbe-4abe-80fb-5ca88de5e2f0@group-83D1472516EC-cacheEviction-AwaitToRun,5,main] started
2025-10-22 08:23:43,614 [1c036820-4dbe-4abe-80fb-5ca88de5e2f0-groupManagement] INFO  segmented.SegmentedRaftLogWorker (SegmentedRaftLogWorker.java:<init>(190)) - new 1c036820-4dbe-4abe-80fb-5ca88de5e2f0@group-83D1472516EC-SegmentedRaftLogWorker for RaftStorageImpl:Storage Directory /home/runner/work/ozone/ozone/hadoop-ozone/integration-test/target/test-dir/MiniOzoneClusterImpl-a412b9f6-7d8b-4de3-a85c-9946bceaa3a0/ozone-metadata/datanode-1/ratis/d58961bb-d73a-4245-ae1b-83d1472516ec
2025-10-22 08:23:43,614 [1c036820-4dbe-4abe-80fb-5ca88de5e2f0-groupManagement] INFO  server.RaftServerConfigKeys (ConfUtils.java:logGet(62)) - raft.server.log.queue.byte-limit = 4294967296 (custom)
2025-10-22 08:23:43,615 [1c036820-4dbe-4abe-80fb-5ca88de5e2f0-groupManagement] INFO  server.RaftServerConfigKeys (ConfUtils.java:logGet(62)) - raft.server.log.segment.size.max = 67108864 (custom)
2025-10-22 08:23:43,615 [1c036820-4dbe-4abe-80fb-5ca88de5e2f0-groupManagement] INFO  server.RaftServerConfigKeys (ConfUtils.java:logGet(62)) - raft.server.log.preallocated.size = 4194304 (custom)
2025-10-22 08:23:43,616 [1c036820-4dbe-4abe-80fb-5ca88de5e2f0-groupManagement] INFO  server.RaftServerConfigKeys (ConfUtils.java:logGet(62)) - raft.server.log.write.buffer.size = 33554440 (custom)
2025-10-22 08:23:43,617 [40df8fc4-149d-40c0-897d-2844034d8141-groupManagement] INFO  server.RaftServerConfigKeys (ConfUtils.java:logGet(62)) - raft.server.log.appender.buffer.byte-limit = 33554432 (custom)
2025-10-22 08:23:43,617 [40df8fc4-149d-40c0-897d-2844034d8141-groupManagement] INFO  segmented.SegmentedRaftLogWorker (SegmentedRaftLogWorker.java:lambda$new$0(141)) - 40df8fc4-149d-40c0-897d-2844034d8141@group-5E2F154B5BDB-SegmentedRaftLogWorker: flushIndex: setUnconditionally 0 -> -1
2025-10-22 08:23:43,617 [40df8fc4-149d-40c0-897d-2844034d8141-groupManagement] INFO  segmented.SegmentedRaftLogWorker (SegmentedRaftLogWorker.java:lambda$new$0(141)) - 40df8fc4-149d-40c0-897d-2844034d8141@group-5E2F154B5BDB-SegmentedRaftLogWorker: safeCacheEvictIndex: setUnconditionally 0 -> -1
2025-10-22 08:23:43,618 [40df8fc4-149d-40c0-897d-2844034d8141-groupManagement] INFO  server.RaftServer$Division (RaftServerImpl.java:start(405)) - 40df8fc4-149d-40c0-897d-2844034d8141@group-5E2F154B5BDB: start as a follower, conf=conf: {index: -1, cur=peers:[4d8a2798-959e-416b-b534-19c13b55a760|127.0.0.1:15023, 1c036820-4dbe-4abe-80fb-5ca88de5e2f0|127.0.0.1:15015, 40df8fc4-149d-40c0-897d-2844034d8141|127.0.0.1:15031]|listeners:[], old=null}
2025-10-22 08:23:43,618 [40df8fc4-149d-40c0-897d-2844034d8141-groupManagement] INFO  server.RaftServer$Division (RaftServerImpl.java:setRole(392)) - 40df8fc4-149d-40c0-897d-2844034d8141@group-5E2F154B5BDB: changes role from      null to FOLLOWER at term 0 for startAsFollower
2025-10-22 08:23:43,618 [40df8fc4-149d-40c0-897d-2844034d8141-groupManagement] INFO  impl.RoleInfo (RoleInfo.java:updateAndGet(148)) - 40df8fc4-149d-40c0-897d-2844034d8141: start 40df8fc4-149d-40c0-897d-2844034d8141@group-5E2F154B5BDB-FollowerState
2025-10-22 08:23:43,619 [40df8fc4-149d-40c0-897d-2844034d8141-groupManagement] INFO  util.JmxRegister (JmxRegister.java:tryRegister(44)) - Successfully registered JMX Bean with object name Ratis:service=RaftServer,group=group-5E2F154B5BDB,id=40df8fc4-149d-40c0-897d-2844034d8141
2025-10-22 08:23:43,619 [40df8fc4-149d-40c0-897d-2844034d8141-groupManagement] INFO  util.JmxRegister (JmxRegister.java:register(58)) - register mxBean class org.apache.ratis.server.impl.RaftServerJmxAdapter as Ratis:service=RaftServer,group=group-5E2F154B5BDB,id=40df8fc4-149d-40c0-897d-2844034d8141
2025-10-22 08:23:43,620 [40df8fc4-149d-40c0-897d-2844034d8141-groupManagement] INFO  server.RaftServer$Division (RaftServerImpl.java:start(419)) - 40df8fc4-149d-40c0-897d-2844034d8141@group-5E2F154B5BDB: Successfully started.
2025-10-22 08:23:43,620 [40df8fc4-149d-40c0-897d-2844034d8141-CreatePipelineCommandHandlerThread-0] INFO  ratis.XceiverServerRatis (XceiverServerRatis.java:addGroup(839)) - Created group Pipeline-991bfa6b-f7e5-4a03-b9a5-5e2f154b5bdb
2025-10-22 08:23:43,625 [1c036820-4dbe-4abe-80fb-5ca88de5e2f0-groupManagement] INFO  server.RaftServerConfigKeys (ConfUtils.java:logGet(62)) - raft.server.log.appender.buffer.byte-limit = 33554432 (custom)
2025-10-22 08:23:43,626 [1c036820-4dbe-4abe-80fb-5ca88de5e2f0-groupManagement] INFO  segmented.SegmentedRaftLogWorker (SegmentedRaftLogWorker.java:lambda$new$0(141)) - 1c036820-4dbe-4abe-80fb-5ca88de5e2f0@group-83D1472516EC-SegmentedRaftLogWorker: flushIndex: setUnconditionally 0 -> -1
2025-10-22 08:23:43,626 [1c036820-4dbe-4abe-80fb-5ca88de5e2f0-groupManagement] INFO  segmented.SegmentedRaftLogWorker (SegmentedRaftLogWorker.java:lambda$new$0(141)) - 1c036820-4dbe-4abe-80fb-5ca88de5e2f0@group-83D1472516EC-SegmentedRaftLogWorker: safeCacheEvictIndex: setUnconditionally 0 -> -1
2025-10-22 08:23:43,627 [1c036820-4dbe-4abe-80fb-5ca88de5e2f0-groupManagement] INFO  server.RaftServer$Division (RaftServerImpl.java:start(405)) - 1c036820-4dbe-4abe-80fb-5ca88de5e2f0@group-83D1472516EC: start as a follower, conf=conf: {index: -1, cur=peers:[1c036820-4dbe-4abe-80fb-5ca88de5e2f0|127.0.0.1:15015]|listeners:[], old=null}
2025-10-22 08:23:43,627 [1c036820-4dbe-4abe-80fb-5ca88de5e2f0-groupManagement] INFO  server.RaftServer$Division (RaftServerImpl.java:setRole(392)) - 1c036820-4dbe-4abe-80fb-5ca88de5e2f0@group-83D1472516EC: changes role from      null to FOLLOWER at term 0 for startAsFollower
2025-10-22 08:23:43,628 [1c036820-4dbe-4abe-80fb-5ca88de5e2f0-groupManagement] INFO  impl.RoleInfo (RoleInfo.java:updateAndGet(148)) - 1c036820-4dbe-4abe-80fb-5ca88de5e2f0: start 1c036820-4dbe-4abe-80fb-5ca88de5e2f0@group-83D1472516EC-FollowerState
2025-10-22 08:23:43,629 [1c036820-4dbe-4abe-80fb-5ca88de5e2f0-groupManagement] INFO  util.JmxRegister (JmxRegister.java:tryRegister(44)) - Successfully registered JMX Bean with object name Ratis:service=RaftServer,group=group-83D1472516EC,id=1c036820-4dbe-4abe-80fb-5ca88de5e2f0
2025-10-22 08:23:43,629 [1c036820-4dbe-4abe-80fb-5ca88de5e2f0-groupManagement] INFO  util.JmxRegister (JmxRegister.java:register(58)) - register mxBean class org.apache.ratis.server.impl.RaftServerJmxAdapter as Ratis:service=RaftServer,group=group-83D1472516EC,id=1c036820-4dbe-4abe-80fb-5ca88de5e2f0
2025-10-22 08:23:43,631 [1c036820-4dbe-4abe-80fb-5ca88de5e2f0-groupManagement] INFO  server.RaftServer$Division (RaftServerImpl.java:start(419)) - 1c036820-4dbe-4abe-80fb-5ca88de5e2f0@group-83D1472516EC: Successfully started.
2025-10-22 08:23:43,631 [1c036820-4dbe-4abe-80fb-5ca88de5e2f0-CreatePipelineCommandHandlerThread-0] INFO  ratis.XceiverServerRatis (XceiverServerRatis.java:addGroup(839)) - Created group Pipeline-d58961bb-d73a-4245-ae1b-83d1472516ec
2025-10-22 08:23:43,631 [1c036820-4dbe-4abe-80fb-5ca88de5e2f0-CreatePipelineCommandHandlerThread-0] INFO  commandhandler.CreatePipelineCommandHandler (CreatePipelineCommandHandler.java:lambda$handle$2(141)) - Created Pipeline RATIS ONE Pipeline-d58961bb-d73a-4245-ae1b-83d1472516ec.
2025-10-22 08:23:43,632 [1c036820-4dbe-4abe-80fb-5ca88de5e2f0-CreatePipelineCommandHandlerThread-0] INFO  server.RaftServer (RaftServerProxy.java:addNew(105)) - 1c036820-4dbe-4abe-80fb-5ca88de5e2f0: addNew group-5E2F154B5BDB:[4d8a2798-959e-416b-b534-19c13b55a760|127.0.0.1:15023, 1c036820-4dbe-4abe-80fb-5ca88de5e2f0|127.0.0.1:15015, 40df8fc4-149d-40c0-897d-2844034d8141|127.0.0.1:15031] returns group-5E2F154B5BDB:java.util.concurrent.CompletableFuture@52cc86d0[Not completed]
2025-10-22 08:23:43,634 [1c036820-4dbe-4abe-80fb-5ca88de5e2f0-groupManagement] INFO  server.RaftServer$Division (RaftServerImpl.java:<init>(268)) - 1c036820-4dbe-4abe-80fb-5ca88de5e2f0: new RaftServerImpl for group-5E2F154B5BDB:[4d8a2798-959e-416b-b534-19c13b55a760|127.0.0.1:15023, 1c036820-4dbe-4abe-80fb-5ca88de5e2f0|127.0.0.1:15015, 40df8fc4-149d-40c0-897d-2844034d8141|127.0.0.1:15031] with ContainerStateMachine:uninitialized
2025-10-22 08:23:43,635 [1c036820-4dbe-4abe-80fb-5ca88de5e2f0-groupManagement] INFO  server.RaftServer$Division (ServerState.java:<init>(114)) - 1c036820-4dbe-4abe-80fb-5ca88de5e2f0@group-5E2F154B5BDB: ConfigurationManager, init=conf: {index: -1, cur=peers:[4d8a2798-959e-416b-b534-19c13b55a760|127.0.0.1:15023, 1c036820-4dbe-4abe-80fb-5ca88de5e2f0|127.0.0.1:15015, 40df8fc4-149d-40c0-897d-2844034d8141|127.0.0.1:15031]|listeners:[], old=null}, confs=<EMPTY_MAP>
2025-10-22 08:23:43,635 [grpc-default-executor-0] INFO  server.RaftServer (RaftServerProxy.java:addNew(105)) - 4d8a2798-959e-416b-b534-19c13b55a760: addNew group-5E2F154B5BDB:[4d8a2798-959e-416b-b534-19c13b55a760|127.0.0.1:15023, 1c036820-4dbe-4abe-80fb-5ca88de5e2f0|127.0.0.1:15015, 40df8fc4-149d-40c0-897d-2844034d8141|127.0.0.1:15031] returns group-5E2F154B5BDB:java.util.concurrent.CompletableFuture@452f96f9[Not completed]
2025-10-22 08:23:43,649 [4d8a2798-959e-416b-b534-19c13b55a760-groupManagement] INFO  server.RaftServer$Division (RaftServerImpl.java:<init>(268)) - 4d8a2798-959e-416b-b534-19c13b55a760: new RaftServerImpl for group-5E2F154B5BDB:[4d8a2798-959e-416b-b534-19c13b55a760|127.0.0.1:15023, 1c036820-4dbe-4abe-80fb-5ca88de5e2f0|127.0.0.1:15015, 40df8fc4-149d-40c0-897d-2844034d8141|127.0.0.1:15031] with ContainerStateMachine:uninitialized
2025-10-22 08:23:43,649 [4d8a2798-959e-416b-b534-19c13b55a760-groupManagement] INFO  server.RaftServer$Division (ServerState.java:<init>(114)) - 4d8a2798-959e-416b-b534-19c13b55a760@group-5E2F154B5BDB: ConfigurationManager, init=conf: {index: -1, cur=peers:[4d8a2798-959e-416b-b534-19c13b55a760|127.0.0.1:15023, 1c036820-4dbe-4abe-80fb-5ca88de5e2f0|127.0.0.1:15015, 40df8fc4-149d-40c0-897d-2844034d8141|127.0.0.1:15031]|listeners:[], old=null}, confs=<EMPTY_MAP>
2025-10-22 08:23:43,664 [4d8a2798-959e-416b-b534-19c13b55a760-groupManagement] INFO  server.RaftServerConfigKeys (ConfUtils.java:logGet(62)) - raft.server.storage.dir = [/home/runner/work/ozone/ozone/hadoop-ozone/integration-test/target/test-dir/MiniOzoneClusterImpl-a412b9f6-7d8b-4de3-a85c-9946bceaa3a0/ozone-metadata/datanode-2/ratis] (custom)
2025-10-22 08:23:43,664 [1c036820-4dbe-4abe-80fb-5ca88de5e2f0-groupManagement] INFO  server.RaftServerConfigKeys (ConfUtils.java:logGet(62)) - raft.server.storage.dir = [/home/runner/work/ozone/ozone/hadoop-ozone/integration-test/target/test-dir/MiniOzoneClusterImpl-a412b9f6-7d8b-4de3-a85c-9946bceaa3a0/ozone-metadata/datanode-1/ratis] (custom)
2025-10-22 08:23:43,664 [4d8a2798-959e-416b-b534-19c13b55a760-groupManagement] INFO  storage.RaftStorageDirectory (RaftStorageDirectoryImpl.java:analyzeStorage(138)) - The storage directory /home/runner/work/ozone/ozone/hadoop-ozone/integration-test/target/test-dir/MiniOzoneClusterImpl-a412b9f6-7d8b-4de3-a85c-9946bceaa3a0/ozone-metadata/datanode-2/ratis/991bfa6b-f7e5-4a03-b9a5-5e2f154b5bdb does not exist. Creating ...
2025-10-22 08:23:43,664 [1c036820-4dbe-4abe-80fb-5ca88de5e2f0-groupManagement] INFO  storage.RaftStorageDirectory (RaftStorageDirectoryImpl.java:analyzeStorage(138)) - The storage directory /home/runner/work/ozone/ozone/hadoop-ozone/integration-test/target/test-dir/MiniOzoneClusterImpl-a412b9f6-7d8b-4de3-a85c-9946bceaa3a0/ozone-metadata/datanode-1/ratis/991bfa6b-f7e5-4a03-b9a5-5e2f154b5bdb does not exist. Creating ...
2025-10-22 08:23:43,666 [1c036820-4dbe-4abe-80fb-5ca88de5e2f0-groupManagement] INFO  storage.RaftStorageDirectory (RaftStorageDirectoryImpl.java:tryLock(229)) - Lock on /home/runner/work/ozone/ozone/hadoop-ozone/integration-test/target/test-dir/MiniOzoneClusterImpl-a412b9f6-7d8b-4de3-a85c-9946bceaa3a0/ozone-metadata/datanode-1/ratis/991bfa6b-f7e5-4a03-b9a5-5e2f154b5bdb/in_use.lock acquired by nodename 57193@localhost
2025-10-22 08:23:43,666 [4d8a2798-959e-416b-b534-19c13b55a760-groupManagement] INFO  storage.RaftStorageDirectory (RaftStorageDirectoryImpl.java:tryLock(229)) - Lock on /home/runner/work/ozone/ozone/hadoop-ozone/integration-test/target/test-dir/MiniOzoneClusterImpl-a412b9f6-7d8b-4de3-a85c-9946bceaa3a0/ozone-metadata/datanode-2/ratis/991bfa6b-f7e5-4a03-b9a5-5e2f154b5bdb/in_use.lock acquired by nodename 57193@localhost
2025-10-22 08:23:43,667 [1c036820-4dbe-4abe-80fb-5ca88de5e2f0-groupManagement] INFO  storage.RaftStorage (RaftStorageImpl.java:format(98)) - Storage directory /home/runner/work/ozone/ozone/hadoop-ozone/integration-test/target/test-dir/MiniOzoneClusterImpl-a412b9f6-7d8b-4de3-a85c-9946bceaa3a0/ozone-metadata/datanode-1/ratis/991bfa6b-f7e5-4a03-b9a5-5e2f154b5bdb has been successfully formatted.
2025-10-22 08:23:43,668 [1c036820-4dbe-4abe-80fb-5ca88de5e2f0-groupManagement] INFO  ratis.ContainerStateMachine (ContainerStateMachine.java:initialize(339)) - 1c036820-4dbe-4abe-80fb-5ca88de5e2f0: initialize group-5E2F154B5BDB
2025-10-22 08:23:43,668 [1c036820-4dbe-4abe-80fb-5ca88de5e2f0-groupManagement] INFO  ratis.ContainerStateMachine (ContainerStateMachine.java:loadSnapshot(347)) - group-5E2F154B5BDB: The snapshot info is null. Setting the last applied index to:<INITIAL_VALUE>
2025-10-22 08:23:43,668 [1c036820-4dbe-4abe-80fb-5ca88de5e2f0-groupManagement] INFO  server.RaftServerConfigKeys (ConfUtils.java:logGet(62)) - raft.server.log.appender.buffer.byte-limit = 33554432 (custom)
2025-10-22 08:23:43,669 [4d8a2798-959e-416b-b534-19c13b55a760-groupManagement] INFO  storage.RaftStorage (RaftStorageImpl.java:format(98)) - Storage directory /home/runner/work/ozone/ozone/hadoop-ozone/integration-test/target/test-dir/MiniOzoneClusterImpl-a412b9f6-7d8b-4de3-a85c-9946bceaa3a0/ozone-metadata/datanode-2/ratis/991bfa6b-f7e5-4a03-b9a5-5e2f154b5bdb has been successfully formatted.
2025-10-22 08:23:43,670 [4d8a2798-959e-416b-b534-19c13b55a760-groupManagement] INFO  ratis.ContainerStateMachine (ContainerStateMachine.java:initialize(339)) - 4d8a2798-959e-416b-b534-19c13b55a760: initialize group-5E2F154B5BDB
2025-10-22 08:23:43,671 [4d8a2798-959e-416b-b534-19c13b55a760-groupManagement] INFO  ratis.ContainerStateMachine (ContainerStateMachine.java:loadSnapshot(347)) - group-5E2F154B5BDB: The snapshot info is null. Setting the last applied index to:<INITIAL_VALUE>
2025-10-22 08:23:43,671 [4d8a2798-959e-416b-b534-19c13b55a760-groupManagement] INFO  server.RaftServerConfigKeys (ConfUtils.java:logGet(62)) - raft.server.log.appender.buffer.byte-limit = 33554432 (custom)
2025-10-22 08:23:43,673 [EventQueue-PipelineReportForOneReplicaPipelineSafeModeRule] INFO  safemode.SCMSafeModeManager (SCMSafeModeManager.java:validateSafeModeExitRules(138)) - OneReplicaPipelineSafeModeRule rule is successfully validated
2025-10-22 08:23:43,674 [EventQueue-PipelineReportForOneReplicaPipelineSafeModeRule] INFO  safemode.SCMSafeModeManager (SCMSafeModeManager.java:validateSafeModeExitRules(138)) - OneReplicaPipelineSafeModeRule rule is successfully validated
2025-10-22 08:23:43,677 [1c036820-4dbe-4abe-80fb-5ca88de5e2f0-groupManagement] INFO  server.RaftServerConfigKeys (ConfUtils.java:logGet(62)) - raft.server.log.segment.size.max = 67108864 (custom)
2025-10-22 08:23:43,678 [4d8a2798-959e-416b-b534-19c13b55a760-groupManagement] INFO  server.RaftServerConfigKeys (ConfUtils.java:logGet(62)) - raft.server.log.segment.size.max = 67108864 (custom)
2025-10-22 08:23:43,679 [4d8a2798-959e-416b-b534-19c13b55a760-groupManagement] INFO  server.RaftServerConfigKeys (ConfUtils.java:logGet(62)) - raft.server.log.appender.buffer.byte-limit = 33554432 (custom)
2025-10-22 08:23:43,679 [1c036820-4dbe-4abe-80fb-5ca88de5e2f0-groupManagement] INFO  server.RaftServerConfigKeys (ConfUtils.java:logGet(62)) - raft.server.log.appender.buffer.byte-limit = 33554432 (custom)
2025-10-22 08:23:43,679 [4d8a2798-959e-416b-b534-19c13b55a760-groupManagement] INFO  util.AwaitToRun (AwaitToRun.java:start(81)) - Thread[#1216,4d8a2798-959e-416b-b534-19c13b55a760@group-5E2F154B5BDB-cacheEviction-AwaitToRun,5,main] started
2025-10-22 08:23:43,680 [4d8a2798-959e-416b-b534-19c13b55a760-groupManagement] INFO  segmented.SegmentedRaftLogWorker (SegmentedRaftLogWorker.java:<init>(190)) - new 4d8a2798-959e-416b-b534-19c13b55a760@group-5E2F154B5BDB-SegmentedRaftLogWorker for RaftStorageImpl:Storage Directory /home/runner/work/ozone/ozone/hadoop-ozone/integration-test/target/test-dir/MiniOzoneClusterImpl-a412b9f6-7d8b-4de3-a85c-9946bceaa3a0/ozone-metadata/datanode-2/ratis/991bfa6b-f7e5-4a03-b9a5-5e2f154b5bdb
2025-10-22 08:23:43,680 [4d8a2798-959e-416b-b534-19c13b55a760-groupManagement] INFO  server.RaftServerConfigKeys (ConfUtils.java:logGet(62)) - raft.server.log.queue.byte-limit = 4294967296 (custom)
2025-10-22 08:23:43,680 [4d8a2798-959e-416b-b534-19c13b55a760-groupManagement] INFO  server.RaftServerConfigKeys (ConfUtils.java:logGet(62)) - raft.server.log.segment.size.max = 67108864 (custom)
2025-10-22 08:23:43,680 [4d8a2798-959e-416b-b534-19c13b55a760-groupManagement] INFO  server.RaftServerConfigKeys (ConfUtils.java:logGet(62)) - raft.server.log.preallocated.size = 4194304 (custom)
2025-10-22 08:23:43,680 [4d8a2798-959e-416b-b534-19c13b55a760-groupManagement] INFO  server.RaftServerConfigKeys (ConfUtils.java:logGet(62)) - raft.server.log.write.buffer.size = 33554440 (custom)
2025-10-22 08:23:43,681 [1c036820-4dbe-4abe-80fb-5ca88de5e2f0-groupManagement] INFO  util.AwaitToRun (AwaitToRun.java:start(81)) - Thread[#1217,1c036820-4dbe-4abe-80fb-5ca88de5e2f0@group-5E2F154B5BDB-cacheEviction-AwaitToRun,5,main] started
2025-10-22 08:23:43,681 [1c036820-4dbe-4abe-80fb-5ca88de5e2f0-groupManagement] INFO  segmented.SegmentedRaftLogWorker (SegmentedRaftLogWorker.java:<init>(190)) - new 1c036820-4dbe-4abe-80fb-5ca88de5e2f0@group-5E2F154B5BDB-SegmentedRaftLogWorker for RaftStorageImpl:Storage Directory /home/runner/work/ozone/ozone/hadoop-ozone/integration-test/target/test-dir/MiniOzoneClusterImpl-a412b9f6-7d8b-4de3-a85c-9946bceaa3a0/ozone-metadata/datanode-1/ratis/991bfa6b-f7e5-4a03-b9a5-5e2f154b5bdb
2025-10-22 08:23:43,681 [1c036820-4dbe-4abe-80fb-5ca88de5e2f0-groupManagement] INFO  server.RaftServerConfigKeys (ConfUtils.java:logGet(62)) - raft.server.log.queue.byte-limit = 4294967296 (custom)
2025-10-22 08:23:43,681 [1c036820-4dbe-4abe-80fb-5ca88de5e2f0-groupManagement] INFO  server.RaftServerConfigKeys (ConfUtils.java:logGet(62)) - raft.server.log.segment.size.max = 67108864 (custom)
2025-10-22 08:23:43,681 [1c036820-4dbe-4abe-80fb-5ca88de5e2f0-groupManagement] INFO  server.RaftServerConfigKeys (ConfUtils.java:logGet(62)) - raft.server.log.preallocated.size = 4194304 (custom)
2025-10-22 08:23:43,682 [1c036820-4dbe-4abe-80fb-5ca88de5e2f0-groupManagement] INFO  server.RaftServerConfigKeys (ConfUtils.java:logGet(62)) - raft.server.log.write.buffer.size = 33554440 (custom)
2025-10-22 08:23:43,689 [4d8a2798-959e-416b-b534-19c13b55a760-groupManagement] INFO  server.RaftServerConfigKeys (ConfUtils.java:logGet(62)) - raft.server.log.appender.buffer.byte-limit = 33554432 (custom)
2025-10-22 08:23:43,689 [1c036820-4dbe-4abe-80fb-5ca88de5e2f0-groupManagement] INFO  server.RaftServerConfigKeys (ConfUtils.java:logGet(62)) - raft.server.log.appender.buffer.byte-limit = 33554432 (custom)
2025-10-22 08:23:43,689 [1c036820-4dbe-4abe-80fb-5ca88de5e2f0-groupManagement] INFO  segmented.SegmentedRaftLogWorker (SegmentedRaftLogWorker.java:lambda$new$0(141)) - 1c036820-4dbe-4abe-80fb-5ca88de5e2f0@group-5E2F154B5BDB-SegmentedRaftLogWorker: flushIndex: setUnconditionally 0 -> -1
2025-10-22 08:23:43,690 [1c036820-4dbe-4abe-80fb-5ca88de5e2f0-groupManagement] INFO  segmented.SegmentedRaftLogWorker (SegmentedRaftLogWorker.java:lambda$new$0(141)) - 1c036820-4dbe-4abe-80fb-5ca88de5e2f0@group-5E2F154B5BDB-SegmentedRaftLogWorker: safeCacheEvictIndex: setUnconditionally 0 -> -1
2025-10-22 08:23:43,690 [4d8a2798-959e-416b-b534-19c13b55a760-groupManagement] INFO  segmented.SegmentedRaftLogWorker (SegmentedRaftLogWorker.java:lambda$new$0(141)) - 4d8a2798-959e-416b-b534-19c13b55a760@group-5E2F154B5BDB-SegmentedRaftLogWorker: flushIndex: setUnconditionally 0 -> -1
2025-10-22 08:23:43,690 [4d8a2798-959e-416b-b534-19c13b55a760-groupManagement] INFO  segmented.SegmentedRaftLogWorker (SegmentedRaftLogWorker.java:lambda$new$0(141)) - 4d8a2798-959e-416b-b534-19c13b55a760@group-5E2F154B5BDB-SegmentedRaftLogWorker: safeCacheEvictIndex: setUnconditionally 0 -> -1
2025-10-22 08:23:43,690 [1c036820-4dbe-4abe-80fb-5ca88de5e2f0-groupManagement] INFO  server.RaftServer$Division (RaftServerImpl.java:start(405)) - 1c036820-4dbe-4abe-80fb-5ca88de5e2f0@group-5E2F154B5BDB: start as a follower, conf=conf: {index: -1, cur=peers:[4d8a2798-959e-416b-b534-19c13b55a760|127.0.0.1:15023, 1c036820-4dbe-4abe-80fb-5ca88de5e2f0|127.0.0.1:15015, 40df8fc4-149d-40c0-897d-2844034d8141|127.0.0.1:15031]|listeners:[], old=null}
2025-10-22 08:23:43,690 [1c036820-4dbe-4abe-80fb-5ca88de5e2f0-groupManagement] INFO  server.RaftServer$Division (RaftServerImpl.java:setRole(392)) - 1c036820-4dbe-4abe-80fb-5ca88de5e2f0@group-5E2F154B5BDB: changes role from      null to FOLLOWER at term 0 for startAsFollower
2025-10-22 08:23:43,690 [1c036820-4dbe-4abe-80fb-5ca88de5e2f0-groupManagement] INFO  impl.RoleInfo (RoleInfo.java:updateAndGet(148)) - 1c036820-4dbe-4abe-80fb-5ca88de5e2f0: start 1c036820-4dbe-4abe-80fb-5ca88de5e2f0@group-5E2F154B5BDB-FollowerState
2025-10-22 08:23:43,691 [4d8a2798-959e-416b-b534-19c13b55a760-groupManagement] INFO  server.RaftServer$Division (RaftServerImpl.java:start(405)) - 4d8a2798-959e-416b-b534-19c13b55a760@group-5E2F154B5BDB: start as a follower, conf=conf: {index: -1, cur=peers:[4d8a2798-959e-416b-b534-19c13b55a760|127.0.0.1:15023, 1c036820-4dbe-4abe-80fb-5ca88de5e2f0|127.0.0.1:15015, 40df8fc4-149d-40c0-897d-2844034d8141|127.0.0.1:15031]|listeners:[], old=null}
2025-10-22 08:23:43,691 [4d8a2798-959e-416b-b534-19c13b55a760-groupManagement] INFO  server.RaftServer$Division (RaftServerImpl.java:setRole(392)) - 4d8a2798-959e-416b-b534-19c13b55a760@group-5E2F154B5BDB: changes role from      null to FOLLOWER at term 0 for startAsFollower
2025-10-22 08:23:43,691 [4d8a2798-959e-416b-b534-19c13b55a760-groupManagement] INFO  impl.RoleInfo (RoleInfo.java:updateAndGet(148)) - 4d8a2798-959e-416b-b534-19c13b55a760: start 4d8a2798-959e-416b-b534-19c13b55a760@group-5E2F154B5BDB-FollowerState
2025-10-22 08:23:43,692 [1c036820-4dbe-4abe-80fb-5ca88de5e2f0-groupManagement] INFO  util.JmxRegister (JmxRegister.java:tryRegister(44)) - Successfully registered JMX Bean with object name Ratis:service=RaftServer,group=group-5E2F154B5BDB,id=1c036820-4dbe-4abe-80fb-5ca88de5e2f0
2025-10-22 08:23:43,692 [1c036820-4dbe-4abe-80fb-5ca88de5e2f0-groupManagement] INFO  util.JmxRegister (JmxRegister.java:register(58)) - register mxBean class org.apache.ratis.server.impl.RaftServerJmxAdapter as Ratis:service=RaftServer,group=group-5E2F154B5BDB,id=1c036820-4dbe-4abe-80fb-5ca88de5e2f0
2025-10-22 08:23:43,692 [4d8a2798-959e-416b-b534-19c13b55a760-groupManagement] INFO  util.JmxRegister (JmxRegister.java:tryRegister(44)) - Successfully registered JMX Bean with object name Ratis:service=RaftServer,group=group-5E2F154B5BDB,id=4d8a2798-959e-416b-b534-19c13b55a760
2025-10-22 08:23:43,692 [4d8a2798-959e-416b-b534-19c13b55a760-groupManagement] INFO  util.JmxRegister (JmxRegister.java:register(58)) - register mxBean class org.apache.ratis.server.impl.RaftServerJmxAdapter as Ratis:service=RaftServer,group=group-5E2F154B5BDB,id=4d8a2798-959e-416b-b534-19c13b55a760
2025-10-22 08:23:43,694 [4d8a2798-959e-416b-b534-19c13b55a760-groupManagement] INFO  server.RaftServer$Division (RaftServerImpl.java:start(419)) - 4d8a2798-959e-416b-b534-19c13b55a760@group-5E2F154B5BDB: Successfully started.
2025-10-22 08:23:43,696 [1c036820-4dbe-4abe-80fb-5ca88de5e2f0-groupManagement] INFO  server.RaftServer$Division (RaftServerImpl.java:start(419)) - 1c036820-4dbe-4abe-80fb-5ca88de5e2f0@group-5E2F154B5BDB: Successfully started.
2025-10-22 08:23:43,696 [1c036820-4dbe-4abe-80fb-5ca88de5e2f0-CreatePipelineCommandHandlerThread-0] INFO  ratis.XceiverServerRatis (XceiverServerRatis.java:addGroup(839)) - Created group Pipeline-991bfa6b-f7e5-4a03-b9a5-5e2f154b5bdb
2025-10-22 08:23:43,707 [grpc-default-executor-0] WARN  server.GrpcAdminProtocolService (GrpcAdminProtocolService.java:lambda$groupManagement$1(53)) - Failed groupManagement: GROUPADD, GroupManagementRequest:client-34C2A28AB361->4d8a2798-959e-416b-b534-19c13b55a760@group-5E2F154B5BDB, cid=4, seq=null, RW, null, Add:group-5E2F154B5BDB:[4d8a2798-959e-416b-b534-19c13b55a760|127.0.0.1:15023, 1c036820-4dbe-4abe-80fb-5ca88de5e2f0|127.0.0.1:15015, 40df8fc4-149d-40c0-897d-2844034d8141|127.0.0.1:15031]
java.util.concurrent.CompletionException: org.apache.ratis.protocol.exceptions.AlreadyExistsException: 4d8a2798-959e-416b-b534-19c13b55a760: Failed to add group-5E2F154B5BDB:[4d8a2798-959e-416b-b534-19c13b55a760|127.0.0.1:15023, 1c036820-4dbe-4abe-80fb-5ca88de5e2f0|127.0.0.1:15015, 40df8fc4-149d-40c0-897d-2844034d8141|127.0.0.1:15031] since the group already exists in the map.
	at java.base/java.util.concurrent.CompletableFuture.encodeThrowable(CompletableFuture.java:332)
	at java.base/java.util.concurrent.CompletableFuture.uniApplyNow(CompletableFuture.java:674)
	at java.base/java.util.concurrent.CompletableFuture.uniApplyStage(CompletableFuture.java:662)
	at java.base/java.util.concurrent.CompletableFuture.thenApplyAsync(CompletableFuture.java:2210)
	at org.apache.ratis.server.impl.RaftServerProxy.groupAddAsync(RaftServerProxy.java:513)
	at org.apache.ratis.server.impl.RaftServerProxy.groupManagementAsync(RaftServerProxy.java:495)
	at org.apache.ratis.grpc.server.GrpcAdminProtocolService.lambda$groupManagement$0(GrpcAdminProtocolService.java:51)
	at org.apache.ratis.grpc.GrpcUtil.asyncCall(GrpcUtil.java:172)
	at org.apache.ratis.grpc.server.GrpcAdminProtocolService.groupManagement(GrpcAdminProtocolService.java:51)
	at org.apache.ratis.proto.grpc.AdminProtocolServiceGrpc$MethodHandlers.invoke(AdminProtocolServiceGrpc.java:701)
	at org.apache.ratis.thirdparty.io.grpc.stub.ServerCalls$UnaryServerCallHandler$UnaryServerCallListener.onHalfClose(ServerCalls.java:182)
	at org.apache.ratis.thirdparty.io.grpc.internal.ServerCallImpl$ServerStreamListenerImpl.halfClosed(ServerCallImpl.java:356)
	at org.apache.ratis.thirdparty.io.grpc.internal.ServerImpl$JumpToApplicationThreadServerStreamListener$1HalfClosed.runInContext(ServerImpl.java:861)
	at org.apache.ratis.thirdparty.io.grpc.internal.ContextRunnable.run(ContextRunnable.java:37)
	at org.apache.ratis.thirdparty.io.grpc.internal.SerializingExecutor.run(SerializingExecutor.java:133)
	at java.base/java.util.concurrent.ThreadPoolExecutor.runWorker(ThreadPoolExecutor.java:1144)
	at java.base/java.util.concurrent.ThreadPoolExecutor$Worker.run(ThreadPoolExecutor.java:642)
	at java.base/java.lang.Thread.run(Thread.java:1583)
Caused by: org.apache.ratis.protocol.exceptions.AlreadyExistsException: 4d8a2798-959e-416b-b534-19c13b55a760: Failed to add group-5E2F154B5BDB:[4d8a2798-959e-416b-b534-19c13b55a760|127.0.0.1:15023, 1c036820-4dbe-4abe-80fb-5ca88de5e2f0|127.0.0.1:15015, 40df8fc4-149d-40c0-897d-2844034d8141|127.0.0.1:15031] since the group already exists in the map.
	at org.apache.ratis.server.impl.RaftServerProxy$ImplMap.addNew(RaftServerProxy.java:99)
	at org.apache.ratis.server.impl.RaftServerProxy.groupAddAsync(RaftServerProxy.java:512)
	... 13 more
2025-10-22 08:23:43,713 [grpc-default-executor-1] WARN  server.GrpcAdminProtocolService (GrpcAdminProtocolService.java:lambda$groupManagement$1(53)) - Failed groupManagement: GROUPADD, GroupManagementRequest:client-79D1CC057B86->1c036820-4dbe-4abe-80fb-5ca88de5e2f0@group-5E2F154B5BDB, cid=5, seq=null, RW, null, Add:group-5E2F154B5BDB:[4d8a2798-959e-416b-b534-19c13b55a760|127.0.0.1:15023, 1c036820-4dbe-4abe-80fb-5ca88de5e2f0|127.0.0.1:15015, 40df8fc4-149d-40c0-897d-2844034d8141|127.0.0.1:15031]
java.util.concurrent.CompletionException: org.apache.ratis.protocol.exceptions.AlreadyExistsException: 1c036820-4dbe-4abe-80fb-5ca88de5e2f0: Failed to add group-5E2F154B5BDB:[4d8a2798-959e-416b-b534-19c13b55a760|127.0.0.1:15023, 1c036820-4dbe-4abe-80fb-5ca88de5e2f0|127.0.0.1:15015, 40df8fc4-149d-40c0-897d-2844034d8141|127.0.0.1:15031] since the group already exists in the map.
	at java.base/java.util.concurrent.CompletableFuture.encodeThrowable(CompletableFuture.java:332)
	at java.base/java.util.concurrent.CompletableFuture.uniApplyNow(CompletableFuture.java:674)
	at java.base/java.util.concurrent.CompletableFuture.uniApplyStage(CompletableFuture.java:662)
	at java.base/java.util.concurrent.CompletableFuture.thenApplyAsync(CompletableFuture.java:2210)
	at org.apache.ratis.server.impl.RaftServerProxy.groupAddAsync(RaftServerProxy.java:513)
	at org.apache.ratis.server.impl.RaftServerProxy.groupManagementAsync(RaftServerProxy.java:495)
	at org.apache.ratis.grpc.server.GrpcAdminProtocolService.lambda$groupManagement$0(GrpcAdminProtocolService.java:51)
	at org.apache.ratis.grpc.GrpcUtil.asyncCall(GrpcUtil.java:172)
	at org.apache.ratis.grpc.server.GrpcAdminProtocolService.groupManagement(GrpcAdminProtocolService.java:51)
	at org.apache.ratis.proto.grpc.AdminProtocolServiceGrpc$MethodHandlers.invoke(AdminProtocolServiceGrpc.java:701)
	at org.apache.ratis.thirdparty.io.grpc.stub.ServerCalls$UnaryServerCallHandler$UnaryServerCallListener.onHalfClose(ServerCalls.java:182)
	at org.apache.ratis.thirdparty.io.grpc.internal.ServerCallImpl$ServerStreamListenerImpl.halfClosed(ServerCallImpl.java:356)
	at org.apache.ratis.thirdparty.io.grpc.internal.ServerImpl$JumpToApplicationThreadServerStreamListener$1HalfClosed.runInContext(ServerImpl.java:861)
	at org.apache.ratis.thirdparty.io.grpc.internal.ContextRunnable.run(ContextRunnable.java:37)
	at org.apache.ratis.thirdparty.io.grpc.internal.SerializingExecutor.run(SerializingExecutor.java:133)
	at java.base/java.util.concurrent.ThreadPoolExecutor.runWorker(ThreadPoolExecutor.java:1144)
	at java.base/java.util.concurrent.ThreadPoolExecutor$Worker.run(ThreadPoolExecutor.java:642)
	at java.base/java.lang.Thread.run(Thread.java:1583)
Caused by: org.apache.ratis.protocol.exceptions.AlreadyExistsException: 1c036820-4dbe-4abe-80fb-5ca88de5e2f0: Failed to add group-5E2F154B5BDB:[4d8a2798-959e-416b-b534-19c13b55a760|127.0.0.1:15023, 1c036820-4dbe-4abe-80fb-5ca88de5e2f0|127.0.0.1:15015, 40df8fc4-149d-40c0-897d-2844034d8141|127.0.0.1:15031] since the group already exists in the map.
	at org.apache.ratis.server.impl.RaftServerProxy$ImplMap.addNew(RaftServerProxy.java:99)
	at org.apache.ratis.server.impl.RaftServerProxy.groupAddAsync(RaftServerProxy.java:512)
	... 13 more
2025-10-22 08:23:43,734 [40df8fc4-149d-40c0-897d-2844034d8141-CreatePipelineCommandHandlerThread-0] INFO  commandhandler.CreatePipelineCommandHandler (CreatePipelineCommandHandler.java:lambda$handle$2(141)) - Created Pipeline RATIS THREE Pipeline-991bfa6b-f7e5-4a03-b9a5-5e2f154b5bdb.
2025-10-22 08:23:43,742 [grpc-default-executor-1] WARN  server.GrpcAdminProtocolService (GrpcAdminProtocolService.java:lambda$groupManagement$1(53)) - Failed groupManagement: GROUPADD, GroupManagementRequest:client-77D0B401DECD->40df8fc4-149d-40c0-897d-2844034d8141@group-5E2F154B5BDB, cid=6, seq=null, RW, null, Add:group-5E2F154B5BDB:[4d8a2798-959e-416b-b534-19c13b55a760|127.0.0.1:15023, 1c036820-4dbe-4abe-80fb-5ca88de5e2f0|127.0.0.1:15015, 40df8fc4-149d-40c0-897d-2844034d8141|127.0.0.1:15031]
java.util.concurrent.CompletionException: org.apache.ratis.protocol.exceptions.AlreadyExistsException: 40df8fc4-149d-40c0-897d-2844034d8141: Failed to add group-5E2F154B5BDB:[4d8a2798-959e-416b-b534-19c13b55a760|127.0.0.1:15023, 1c036820-4dbe-4abe-80fb-5ca88de5e2f0|127.0.0.1:15015, 40df8fc4-149d-40c0-897d-2844034d8141|127.0.0.1:15031] since the group already exists in the map.
	at java.base/java.util.concurrent.CompletableFuture.encodeThrowable(CompletableFuture.java:332)
	at java.base/java.util.concurrent.CompletableFuture.uniApplyNow(CompletableFuture.java:674)
	at java.base/java.util.concurrent.CompletableFuture.uniApplyStage(CompletableFuture.java:662)
	at java.base/java.util.concurrent.CompletableFuture.thenApplyAsync(CompletableFuture.java:2210)
	at org.apache.ratis.server.impl.RaftServerProxy.groupAddAsync(RaftServerProxy.java:513)
	at org.apache.ratis.server.impl.RaftServerProxy.groupManagementAsync(RaftServerProxy.java:495)
	at org.apache.ratis.grpc.server.GrpcAdminProtocolService.lambda$groupManagement$0(GrpcAdminProtocolService.java:51)
	at org.apache.ratis.grpc.GrpcUtil.asyncCall(GrpcUtil.java:172)
	at org.apache.ratis.grpc.server.GrpcAdminProtocolService.groupManagement(GrpcAdminProtocolService.java:51)
	at org.apache.ratis.proto.grpc.AdminProtocolServiceGrpc$MethodHandlers.invoke(AdminProtocolServiceGrpc.java:701)
	at org.apache.ratis.thirdparty.io.grpc.stub.ServerCalls$UnaryServerCallHandler$UnaryServerCallListener.onHalfClose(ServerCalls.java:182)
	at org.apache.ratis.thirdparty.io.grpc.internal.ServerCallImpl$ServerStreamListenerImpl.halfClosed(ServerCallImpl.java:356)
	at org.apache.ratis.thirdparty.io.grpc.internal.ServerImpl$JumpToApplicationThreadServerStreamListener$1HalfClosed.runInContext(ServerImpl.java:861)
	at org.apache.ratis.thirdparty.io.grpc.internal.ContextRunnable.run(ContextRunnable.java:37)
	at org.apache.ratis.thirdparty.io.grpc.internal.SerializingExecutor.run(SerializingExecutor.java:133)
	at java.base/java.util.concurrent.ThreadPoolExecutor.runWorker(ThreadPoolExecutor.java:1144)
	at java.base/java.util.concurrent.ThreadPoolExecutor$Worker.run(ThreadPoolExecutor.java:642)
	at java.base/java.lang.Thread.run(Thread.java:1583)
Caused by: org.apache.ratis.protocol.exceptions.AlreadyExistsException: 40df8fc4-149d-40c0-897d-2844034d8141: Failed to add group-5E2F154B5BDB:[4d8a2798-959e-416b-b534-19c13b55a760|127.0.0.1:15023, 1c036820-4dbe-4abe-80fb-5ca88de5e2f0|127.0.0.1:15015, 40df8fc4-149d-40c0-897d-2844034d8141|127.0.0.1:15031] since the group already exists in the map.
	at org.apache.ratis.server.impl.RaftServerProxy$ImplMap.addNew(RaftServerProxy.java:99)
	at org.apache.ratis.server.impl.RaftServerProxy.groupAddAsync(RaftServerProxy.java:512)
	... 13 more
2025-10-22 08:23:43,750 [1c036820-4dbe-4abe-80fb-5ca88de5e2f0-CreatePipelineCommandHandlerThread-0] INFO  commandhandler.CreatePipelineCommandHandler (CreatePipelineCommandHandler.java:lambda$handle$2(141)) - Created Pipeline RATIS THREE Pipeline-991bfa6b-f7e5-4a03-b9a5-5e2f154b5bdb.
2025-10-22 08:23:43,860 [4d8a2798-959e-416b-b534-19c13b55a760-CreatePipelineCommandHandlerThread-0] INFO  server.RaftServer (RaftServerProxy.java:addNew(105)) - 4d8a2798-959e-416b-b534-19c13b55a760: addNew group-C080F8B16968:[4d8a2798-959e-416b-b534-19c13b55a760|127.0.0.1:15023] returns group-C080F8B16968:java.util.concurrent.CompletableFuture@62d9a8f1[Not completed]
2025-10-22 08:23:43,862 [4d8a2798-959e-416b-b534-19c13b55a760-groupManagement] INFO  server.RaftServer$Division (RaftServerImpl.java:<init>(268)) - 4d8a2798-959e-416b-b534-19c13b55a760: new RaftServerImpl for group-C080F8B16968:[4d8a2798-959e-416b-b534-19c13b55a760|127.0.0.1:15023] with ContainerStateMachine:uninitialized
2025-10-22 08:23:43,862 [4d8a2798-959e-416b-b534-19c13b55a760-groupManagement] INFO  server.RaftServer$Division (ServerState.java:<init>(114)) - 4d8a2798-959e-416b-b534-19c13b55a760@group-C080F8B16968: ConfigurationManager, init=conf: {index: -1, cur=peers:[4d8a2798-959e-416b-b534-19c13b55a760|127.0.0.1:15023]|listeners:[], old=null}, confs=<EMPTY_MAP>
2025-10-22 08:23:43,867 [4d8a2798-959e-416b-b534-19c13b55a760-groupManagement] INFO  server.RaftServerConfigKeys (ConfUtils.java:logGet(62)) - raft.server.storage.dir = [/home/runner/work/ozone/ozone/hadoop-ozone/integration-test/target/test-dir/MiniOzoneClusterImpl-a412b9f6-7d8b-4de3-a85c-9946bceaa3a0/ozone-metadata/datanode-2/ratis] (custom)
2025-10-22 08:23:43,868 [4d8a2798-959e-416b-b534-19c13b55a760-groupManagement] INFO  storage.RaftStorageDirectory (RaftStorageDirectoryImpl.java:analyzeStorage(138)) - The storage directory /home/runner/work/ozone/ozone/hadoop-ozone/integration-test/target/test-dir/MiniOzoneClusterImpl-a412b9f6-7d8b-4de3-a85c-9946bceaa3a0/ozone-metadata/datanode-2/ratis/0ab6beb1-ecd4-4a22-8092-c080f8b16968 does not exist. Creating ...
2025-10-22 08:23:43,868 [4d8a2798-959e-416b-b534-19c13b55a760-groupManagement] INFO  storage.RaftStorageDirectory (RaftStorageDirectoryImpl.java:tryLock(229)) - Lock on /home/runner/work/ozone/ozone/hadoop-ozone/integration-test/target/test-dir/MiniOzoneClusterImpl-a412b9f6-7d8b-4de3-a85c-9946bceaa3a0/ozone-metadata/datanode-2/ratis/0ab6beb1-ecd4-4a22-8092-c080f8b16968/in_use.lock acquired by nodename 57193@localhost
2025-10-22 08:23:43,870 [4d8a2798-959e-416b-b534-19c13b55a760-groupManagement] INFO  storage.RaftStorage (RaftStorageImpl.java:format(98)) - Storage directory /home/runner/work/ozone/ozone/hadoop-ozone/integration-test/target/test-dir/MiniOzoneClusterImpl-a412b9f6-7d8b-4de3-a85c-9946bceaa3a0/ozone-metadata/datanode-2/ratis/0ab6beb1-ecd4-4a22-8092-c080f8b16968 has been successfully formatted.
2025-10-22 08:23:43,870 [4d8a2798-959e-416b-b534-19c13b55a760-groupManagement] INFO  ratis.ContainerStateMachine (ContainerStateMachine.java:initialize(339)) - 4d8a2798-959e-416b-b534-19c13b55a760: initialize group-C080F8B16968
2025-10-22 08:23:43,870 [4d8a2798-959e-416b-b534-19c13b55a760-groupManagement] INFO  ratis.ContainerStateMachine (ContainerStateMachine.java:loadSnapshot(347)) - group-C080F8B16968: The snapshot info is null. Setting the last applied index to:<INITIAL_VALUE>
2025-10-22 08:23:43,870 [4d8a2798-959e-416b-b534-19c13b55a760-groupManagement] INFO  server.RaftServerConfigKeys (ConfUtils.java:logGet(62)) - raft.server.log.appender.buffer.byte-limit = 33554432 (custom)
2025-10-22 08:23:43,874 [EventQueue-PipelineReportForOneReplicaPipelineSafeModeRule] INFO  safemode.SCMSafeModeManager (SCMSafeModeManager.java:validateSafeModeExitRules(138)) - OneReplicaPipelineSafeModeRule rule is successfully validated
2025-10-22 08:23:43,877 [4d8a2798-959e-416b-b534-19c13b55a760-groupManagement] INFO  server.RaftServerConfigKeys (ConfUtils.java:logGet(62)) - raft.server.log.segment.size.max = 67108864 (custom)
2025-10-22 08:23:43,878 [4d8a2798-959e-416b-b534-19c13b55a760-groupManagement] INFO  server.RaftServerConfigKeys (ConfUtils.java:logGet(62)) - raft.server.log.appender.buffer.byte-limit = 33554432 (custom)
2025-10-22 08:23:43,878 [4d8a2798-959e-416b-b534-19c13b55a760-groupManagement] INFO  util.AwaitToRun (AwaitToRun.java:start(81)) - Thread[#1238,4d8a2798-959e-416b-b534-19c13b55a760@group-C080F8B16968-cacheEviction-AwaitToRun,5,main] started
2025-10-22 08:23:43,878 [4d8a2798-959e-416b-b534-19c13b55a760-groupManagement] INFO  segmented.SegmentedRaftLogWorker (SegmentedRaftLogWorker.java:<init>(190)) - new 4d8a2798-959e-416b-b534-19c13b55a760@group-C080F8B16968-SegmentedRaftLogWorker for RaftStorageImpl:Storage Directory /home/runner/work/ozone/ozone/hadoop-ozone/integration-test/target/test-dir/MiniOzoneClusterImpl-a412b9f6-7d8b-4de3-a85c-9946bceaa3a0/ozone-metadata/datanode-2/ratis/0ab6beb1-ecd4-4a22-8092-c080f8b16968
2025-10-22 08:23:43,878 [865d5785-f699-439e-a1bb-b7d8c2e8d3c0@group-9946BCEAA3A0-StateMachineUpdater] INFO  safemode.SCMSafeModeManager (SCMSafeModeManager.java:validateSafeModeExitRules(138)) - DataNodeSafeModeRule rule is successfully validated
2025-10-22 08:23:43,878 [865d5785-f699-439e-a1bb-b7d8c2e8d3c0@group-9946BCEAA3A0-StateMachineUpdater] INFO  safemode.SCMSafeModeManager (SCMSafeModeManager.java:validateSafeModeExitRules(138)) - RatisContainerSafeModeRule rule is successfully validated
2025-10-22 08:23:43,878 [4d8a2798-959e-416b-b534-19c13b55a760-groupManagement] INFO  server.RaftServerConfigKeys (ConfUtils.java:logGet(62)) - raft.server.log.queue.byte-limit = 4294967296 (custom)
2025-10-22 08:23:43,878 [4d8a2798-959e-416b-b534-19c13b55a760-groupManagement] INFO  server.RaftServerConfigKeys (ConfUtils.java:logGet(62)) - raft.server.log.segment.size.max = 67108864 (custom)
2025-10-22 08:23:43,879 [4d8a2798-959e-416b-b534-19c13b55a760-groupManagement] INFO  server.RaftServerConfigKeys (ConfUtils.java:logGet(62)) - raft.server.log.preallocated.size = 4194304 (custom)
2025-10-22 08:23:43,879 [4d8a2798-959e-416b-b534-19c13b55a760-groupManagement] INFO  server.RaftServerConfigKeys (ConfUtils.java:logGet(62)) - raft.server.log.write.buffer.size = 33554440 (custom)
2025-10-22 08:23:43,878 [865d5785-f699-439e-a1bb-b7d8c2e8d3c0@group-9946BCEAA3A0-StateMachineUpdater] INFO  safemode.HealthyPipelineSafeModeRule (HealthyPipelineSafeModeRule.java:initializeRule(226)) - Refreshed total pipeline count is 0, healthy pipeline threshold count is 1
2025-10-22 08:23:43,879 [865d5785-f699-439e-a1bb-b7d8c2e8d3c0@group-9946BCEAA3A0-StateMachineUpdater] INFO  safemode.SCMSafeModeManager (SCMSafeModeManager.java:validateSafeModeExitRules(138)) - OneReplicaPipelineSafeModeRule rule is successfully validated
2025-10-22 08:23:43,880 [865d5785-f699-439e-a1bb-b7d8c2e8d3c0@group-9946BCEAA3A0-StateMachineUpdater] INFO  safemode.SCMSafeModeManager (SCMSafeModeManager.java:validateSafeModeExitRules(138)) - ECContainerSafeModeRule rule is successfully validated
2025-10-22 08:23:43,880 [EventQueue-PipelineReportForPipelineReportHandler] INFO  pipeline.PipelineReportHandler (PipelineReportHandler.java:processPipelineReport(132)) - Opened pipeline Pipeline-0ab6beb1-ecd4-4a22-8092-c080f8b16968
2025-10-22 08:23:43,885 [4d8a2798-959e-416b-b534-19c13b55a760-groupManagement] INFO  server.RaftServerConfigKeys (ConfUtils.java:logGet(62)) - raft.server.log.appender.buffer.byte-limit = 33554432 (custom)
2025-10-22 08:23:43,886 [4d8a2798-959e-416b-b534-19c13b55a760-groupManagement] INFO  segmented.SegmentedRaftLogWorker (SegmentedRaftLogWorker.java:lambda$new$0(141)) - 4d8a2798-959e-416b-b534-19c13b55a760@group-C080F8B16968-SegmentedRaftLogWorker: flushIndex: setUnconditionally 0 -> -1
2025-10-22 08:23:43,886 [4d8a2798-959e-416b-b534-19c13b55a760-groupManagement] INFO  segmented.SegmentedRaftLogWorker (SegmentedRaftLogWorker.java:lambda$new$0(141)) - 4d8a2798-959e-416b-b534-19c13b55a760@group-C080F8B16968-SegmentedRaftLogWorker: safeCacheEvictIndex: setUnconditionally 0 -> -1
2025-10-22 08:23:43,886 [4d8a2798-959e-416b-b534-19c13b55a760-groupManagement] INFO  server.RaftServer$Division (RaftServerImpl.java:start(405)) - 4d8a2798-959e-416b-b534-19c13b55a760@group-C080F8B16968: start as a follower, conf=conf: {index: -1, cur=peers:[4d8a2798-959e-416b-b534-19c13b55a760|127.0.0.1:15023]|listeners:[], old=null}
2025-10-22 08:23:43,886 [4d8a2798-959e-416b-b534-19c13b55a760-groupManagement] INFO  server.RaftServer$Division (RaftServerImpl.java:setRole(392)) - 4d8a2798-959e-416b-b534-19c13b55a760@group-C080F8B16968: changes role from      null to FOLLOWER at term 0 for startAsFollower
2025-10-22 08:23:43,886 [4d8a2798-959e-416b-b534-19c13b55a760-groupManagement] INFO  impl.RoleInfo (RoleInfo.java:updateAndGet(148)) - 4d8a2798-959e-416b-b534-19c13b55a760: start 4d8a2798-959e-416b-b534-19c13b55a760@group-C080F8B16968-FollowerState
2025-10-22 08:23:43,887 [4d8a2798-959e-416b-b534-19c13b55a760-groupManagement] INFO  util.JmxRegister (JmxRegister.java:tryRegister(44)) - Successfully registered JMX Bean with object name Ratis:service=RaftServer,group=group-C080F8B16968,id=4d8a2798-959e-416b-b534-19c13b55a760
2025-10-22 08:23:43,887 [4d8a2798-959e-416b-b534-19c13b55a760-groupManagement] INFO  util.JmxRegister (JmxRegister.java:register(58)) - register mxBean class org.apache.ratis.server.impl.RaftServerJmxAdapter as Ratis:service=RaftServer,group=group-C080F8B16968,id=4d8a2798-959e-416b-b534-19c13b55a760
2025-10-22 08:23:43,888 [4d8a2798-959e-416b-b534-19c13b55a760-groupManagement] INFO  server.RaftServer$Division (RaftServerImpl.java:start(419)) - 4d8a2798-959e-416b-b534-19c13b55a760@group-C080F8B16968: Successfully started.
2025-10-22 08:23:43,888 [4d8a2798-959e-416b-b534-19c13b55a760-CreatePipelineCommandHandlerThread-0] INFO  ratis.XceiverServerRatis (XceiverServerRatis.java:addGroup(839)) - Created group Pipeline-0ab6beb1-ecd4-4a22-8092-c080f8b16968
2025-10-22 08:23:43,888 [4d8a2798-959e-416b-b534-19c13b55a760-CreatePipelineCommandHandlerThread-0] INFO  commandhandler.CreatePipelineCommandHandler (CreatePipelineCommandHandler.java:lambda$handle$2(141)) - Created Pipeline RATIS ONE Pipeline-0ab6beb1-ecd4-4a22-8092-c080f8b16968.
2025-10-22 08:23:44,218 [40df8fc4-149d-40c0-897d-2844034d8141@group-DD56FE3B4E76-FollowerState] INFO  impl.FollowerState (FollowerState.java:runImpl(161)) - 40df8fc4-149d-40c0-897d-2844034d8141@group-DD56FE3B4E76-FollowerState: change to CANDIDATE, lastRpcElapsedTime:1019060393ns, electionTimeout:1018ms
2025-10-22 08:23:44,219 [40df8fc4-149d-40c0-897d-2844034d8141@group-DD56FE3B4E76-FollowerState] INFO  impl.RoleInfo (RoleInfo.java:shutdownFollowerState(121)) - 40df8fc4-149d-40c0-897d-2844034d8141: shutdown 40df8fc4-149d-40c0-897d-2844034d8141@group-DD56FE3B4E76-FollowerState
2025-10-22 08:23:44,219 [40df8fc4-149d-40c0-897d-2844034d8141@group-DD56FE3B4E76-FollowerState] INFO  server.RaftServer$Division (RaftServerImpl.java:setRole(392)) - 40df8fc4-149d-40c0-897d-2844034d8141@group-DD56FE3B4E76: changes role from  FOLLOWER to CANDIDATE at term 0 for changeToCandidate
2025-10-22 08:23:44,219 [40df8fc4-149d-40c0-897d-2844034d8141@group-DD56FE3B4E76-FollowerState] INFO  impl.RoleInfo (RoleInfo.java:updateAndGet(148)) - 40df8fc4-149d-40c0-897d-2844034d8141: start 40df8fc4-149d-40c0-897d-2844034d8141@group-DD56FE3B4E76-LeaderElection4
2025-10-22 08:23:44,219 [40df8fc4-149d-40c0-897d-2844034d8141@group-DD56FE3B4E76-LeaderElection4] INFO  impl.LeaderElection (LeaderElection.java:askForVotes(448)) - 40df8fc4-149d-40c0-897d-2844034d8141@group-DD56FE3B4E76-LeaderElection4 PRE_VOTE round 0: submit vote requests at term 0 for conf: {index: -1, cur=peers:[40df8fc4-149d-40c0-897d-2844034d8141|127.0.0.1:15031]|listeners:[], old=null}
2025-10-22 08:23:44,219 [40df8fc4-149d-40c0-897d-2844034d8141@group-DD56FE3B4E76-LeaderElection4] INFO  impl.LeaderElection (LeaderElection.java:askForVotes(450)) - 40df8fc4-149d-40c0-897d-2844034d8141@group-DD56FE3B4E76-LeaderElection4 PRE_VOTE round 0: result PASSED (term=0)
2025-10-22 08:23:44,220 [40df8fc4-149d-40c0-897d-2844034d8141@group-DD56FE3B4E76-LeaderElection4] INFO  impl.LeaderElection (LeaderElection.java:askForVotes(448)) - 40df8fc4-149d-40c0-897d-2844034d8141@group-DD56FE3B4E76-LeaderElection4 ELECTION round 0: submit vote requests at term 1 for conf: {index: -1, cur=peers:[40df8fc4-149d-40c0-897d-2844034d8141|127.0.0.1:15031]|listeners:[], old=null}
2025-10-22 08:23:44,221 [40df8fc4-149d-40c0-897d-2844034d8141@group-DD56FE3B4E76-LeaderElection4] INFO  impl.LeaderElection (LeaderElection.java:askForVotes(450)) - 40df8fc4-149d-40c0-897d-2844034d8141@group-DD56FE3B4E76-LeaderElection4 ELECTION round 0: result PASSED (term=1)
2025-10-22 08:23:44,221 [40df8fc4-149d-40c0-897d-2844034d8141@group-DD56FE3B4E76-LeaderElection4] INFO  impl.RoleInfo (RoleInfo.java:shutdownLeaderElection(141)) - 40df8fc4-149d-40c0-897d-2844034d8141: shutdown 40df8fc4-149d-40c0-897d-2844034d8141@group-DD56FE3B4E76-LeaderElection4
2025-10-22 08:23:44,221 [40df8fc4-149d-40c0-897d-2844034d8141@group-DD56FE3B4E76-LeaderElection4] INFO  server.RaftServer$Division (RaftServerImpl.java:setRole(392)) - 40df8fc4-149d-40c0-897d-2844034d8141@group-DD56FE3B4E76: changes role from CANDIDATE to LEADER at term 1 for changeToLeader
2025-10-22 08:23:44,221 [40df8fc4-149d-40c0-897d-2844034d8141@group-DD56FE3B4E76-LeaderElection4] INFO  server.RaftServerConfigKeys (ConfUtils.java:logFallback(69)) - raft.server.staging.timeout = 3600ms (fallback to raft.server.rpc.timeout.max)
2025-10-22 08:23:44,221 [40df8fc4-149d-40c0-897d-2844034d8141@group-DD56FE3B4E76-LeaderElection4] INFO  server.RaftServerConfigKeys (ConfUtils.java:logGet(62)) - raft.server.write.element-limit = 1024 (custom)
2025-10-22 08:23:44,221 [40df8fc4-149d-40c0-897d-2844034d8141@group-DD56FE3B4E76-LeaderElection4] INFO  server.RaftServerConfigKeys (ConfUtils.java:logGet(62)) - raft.server.write.byte-limit = 1024 M (=1073741824) (custom)
2025-10-22 08:23:44,222 [40df8fc4-149d-40c0-897d-2844034d8141@group-DD56FE3B4E76-LeaderElection4] INFO  server.RaftServerConfigKeys (ConfUtils.java:logGet(62)) - raft.server.watch.timeout = 3000ms (custom)
2025-10-22 08:23:44,223 [40df8fc4-149d-40c0-897d-2844034d8141@group-DD56FE3B4E76-LeaderElection4] INFO  server.RaftServerConfigKeys (ConfUtils.java:logGet(62)) - raft.server.log.log-metadata.enabled = true (default)
2025-10-22 08:23:44,223 [40df8fc4-149d-40c0-897d-2844034d8141@group-DD56FE3B4E76-LeaderElection4] INFO  impl.RoleInfo (RoleInfo.java:updateAndGet(148)) - 40df8fc4-149d-40c0-897d-2844034d8141: start 40df8fc4-149d-40c0-897d-2844034d8141@group-DD56FE3B4E76-LeaderStateImpl
2025-10-22 08:23:44,223 [40df8fc4-149d-40c0-897d-2844034d8141@group-DD56FE3B4E76-LeaderElection4] INFO  server.RaftServer$Division (RaftServerImpl.java:setFirstElection(576)) - 40df8fc4-149d-40c0-897d-2844034d8141@group-DD56FE3B4E76: set firstElectionSinceStartup to false for becomeLeader
2025-10-22 08:23:44,223 [40df8fc4-149d-40c0-897d-2844034d8141@group-DD56FE3B4E76-LeaderElection4] INFO  ratis.XceiverServerRatis (XceiverServerRatis.java:handleLeaderChangedNotification(940)) - Leader change notification received for group: group-DD56FE3B4E76 with new leaderId: 40df8fc4-149d-40c0-897d-2844034d8141
2025-10-22 08:23:44,224 [40df8fc4-149d-40c0-897d-2844034d8141@group-DD56FE3B4E76-LeaderElection4] INFO  server.RaftServer$Division (ServerState.java:setLeader(272)) - 40df8fc4-149d-40c0-897d-2844034d8141@group-DD56FE3B4E76: change Leader from null to 40df8fc4-149d-40c0-897d-2844034d8141 at term 1 for becomeLeader, leader elected after 1054ms
2025-10-22 08:23:44,224 [40df8fc4-149d-40c0-897d-2844034d8141@group-DD56FE3B4E76-LeaderElection4] INFO  segmented.SegmentedRaftLogWorker (SegmentedRaftLogWorker.java:startLogSegment(440)) - 40df8fc4-149d-40c0-897d-2844034d8141@group-DD56FE3B4E76-SegmentedRaftLogWorker: Starting segment from index:0
2025-10-22 08:23:44,225 [40df8fc4-149d-40c0-897d-2844034d8141@group-DD56FE3B4E76-LeaderElection4] INFO  server.RaftServer$Division (ServerState.java:setRaftConf(386)) - 40df8fc4-149d-40c0-897d-2844034d8141@group-DD56FE3B4E76: set configuration conf: {index: 0, cur=peers:[40df8fc4-149d-40c0-897d-2844034d8141|127.0.0.1:15031]|listeners:[], old=null}
2025-10-22 08:23:44,226 [40df8fc4-149d-40c0-897d-2844034d8141@group-DD56FE3B4E76-SegmentedRaftLogWorker] INFO  segmented.BufferedWriteChannel (BufferedWriteChannel.java:open(61)) - open log_inprogress_0 at position 0
2025-10-22 08:23:44,226 [EventQueue-PipelineReportForOneReplicaPipelineSafeModeRule] INFO  safemode.SCMSafeModeManager (SCMSafeModeManager.java:validateSafeModeExitRules(138)) - OneReplicaPipelineSafeModeRule rule is successfully validated
2025-10-22 08:23:44,232 [40df8fc4-149d-40c0-897d-2844034d8141@group-DD56FE3B4E76-SegmentedRaftLogWorker] INFO  segmented.SegmentedRaftLogWorker (SegmentedRaftLogWorker.java:execute(647)) - 40df8fc4-149d-40c0-897d-2844034d8141@group-DD56FE3B4E76-SegmentedRaftLogWorker: created new log segment /home/runner/work/ozone/ozone/hadoop-ozone/integration-test/target/test-dir/MiniOzoneClusterImpl-a412b9f6-7d8b-4de3-a85c-9946bceaa3a0/ozone-metadata/datanode-3/ratis/c0547fc6-e5bf-43f2-a43a-dd56fe3b4e76/current/log_inprogress_0
2025-10-22 08:23:44,235 [40df8fc4-149d-40c0-897d-2844034d8141@group-DD56FE3B4E76-StateMachineUpdater] INFO  server.RaftServer$Division (LeaderStateImpl.java:checkStartIndex(309)) - Leader 40df8fc4-149d-40c0-897d-2844034d8141@group-DD56FE3B4E76-LeaderStateImpl is ready since appliedIndex == startIndex == 0
2025-10-22 08:23:44,328 [40df8fc4-149d-40c0-897d-2844034d8141@group-C626CE820278-FollowerState] INFO  impl.FollowerState (FollowerState.java:runImpl(161)) - 40df8fc4-149d-40c0-897d-2844034d8141@group-C626CE820278-FollowerState: change to CANDIDATE, lastRpcElapsedTime:1097522911ns, electionTimeout:1097ms
2025-10-22 08:23:44,328 [40df8fc4-149d-40c0-897d-2844034d8141@group-C626CE820278-FollowerState] INFO  impl.RoleInfo (RoleInfo.java:shutdownFollowerState(121)) - 40df8fc4-149d-40c0-897d-2844034d8141: shutdown 40df8fc4-149d-40c0-897d-2844034d8141@group-C626CE820278-FollowerState
2025-10-22 08:23:44,328 [40df8fc4-149d-40c0-897d-2844034d8141@group-C626CE820278-FollowerState] INFO  server.RaftServer$Division (RaftServerImpl.java:setRole(392)) - 40df8fc4-149d-40c0-897d-2844034d8141@group-C626CE820278: changes role from  FOLLOWER to CANDIDATE at term 0 for changeToCandidate
2025-10-22 08:23:44,328 [40df8fc4-149d-40c0-897d-2844034d8141@group-C626CE820278-FollowerState] INFO  impl.RoleInfo (RoleInfo.java:updateAndGet(148)) - 40df8fc4-149d-40c0-897d-2844034d8141: start 40df8fc4-149d-40c0-897d-2844034d8141@group-C626CE820278-LeaderElection5
2025-10-22 08:23:44,329 [40df8fc4-149d-40c0-897d-2844034d8141@group-C626CE820278-LeaderElection5] INFO  impl.LeaderElection (LeaderElection.java:askForVotes(448)) - 40df8fc4-149d-40c0-897d-2844034d8141@group-C626CE820278-LeaderElection5 PRE_VOTE round 0: submit vote requests at term 0 for conf: {index: -1, cur=peers:[4d8a2798-959e-416b-b534-19c13b55a760|127.0.0.1:15023, 1c036820-4dbe-4abe-80fb-5ca88de5e2f0|127.0.0.1:15015, 40df8fc4-149d-40c0-897d-2844034d8141|127.0.0.1:15031]|listeners:[], old=null}
2025-10-22 08:23:44,332 [40df8fc4-149d-40c0-897d-2844034d8141@group-C626CE820278-LeaderElection5-1] INFO  server.GrpcServerProtocolClient (GrpcServerProtocolClient.java:<init>(65)) - Build channel for 4d8a2798-959e-416b-b534-19c13b55a760|127.0.0.1:15023
2025-10-22 08:23:44,332 [40df8fc4-149d-40c0-897d-2844034d8141@group-C626CE820278-LeaderElection5-2] INFO  server.GrpcServerProtocolClient (GrpcServerProtocolClient.java:<init>(65)) - Build channel for 1c036820-4dbe-4abe-80fb-5ca88de5e2f0|127.0.0.1:15015
2025-10-22 08:23:44,340 [grpc-default-executor-1] INFO  server.RaftServer$Division (RaftServerImpl.java:requestVote(1421)) - 4d8a2798-959e-416b-b534-19c13b55a760@group-C626CE820278: receive requestVote(PRE_VOTE, 40df8fc4-149d-40c0-897d-2844034d8141, group-C626CE820278, 0, <PROTO_DEFAULT>)
2025-10-22 08:23:44,340 [grpc-default-executor-0] INFO  server.RaftServer$Division (RaftServerImpl.java:requestVote(1421)) - 1c036820-4dbe-4abe-80fb-5ca88de5e2f0@group-C626CE820278: receive requestVote(PRE_VOTE, 40df8fc4-149d-40c0-897d-2844034d8141, group-C626CE820278, 0, <PROTO_DEFAULT>)
2025-10-22 08:23:44,342 [grpc-default-executor-1] INFO  impl.VoteContext (VoteContext.java:log(49)) - 4d8a2798-959e-416b-b534-19c13b55a760@group-C626CE820278-FOLLOWER: accept PRE_VOTE from 40df8fc4-149d-40c0-897d-2844034d8141: our priority 0 <= candidate's priority 1
2025-10-22 08:23:44,342 [grpc-default-executor-0] INFO  impl.VoteContext (VoteContext.java:log(49)) - 1c036820-4dbe-4abe-80fb-5ca88de5e2f0@group-C626CE820278-FOLLOWER: accept PRE_VOTE from 40df8fc4-149d-40c0-897d-2844034d8141: our priority 0 <= candidate's priority 1
2025-10-22 08:23:44,346 [grpc-default-executor-0] INFO  server.RaftServer$Division (RaftServerImpl.java:requestVote(1455)) - 1c036820-4dbe-4abe-80fb-5ca88de5e2f0@group-C626CE820278 replies to PRE_VOTE vote request: 40df8fc4-149d-40c0-897d-2844034d8141<-1c036820-4dbe-4abe-80fb-5ca88de5e2f0#0:OK-t0-last:<INITIAL_VALUE>. Peer's state: 1c036820-4dbe-4abe-80fb-5ca88de5e2f0@group-C626CE820278:t0, leader=null, voted=, raftlog=Memoized:1c036820-4dbe-4abe-80fb-5ca88de5e2f0@group-C626CE820278-SegmentedRaftLog:OPENED:c-1:lastnull, conf=conf: {index: -1, cur=peers:[4d8a2798-959e-416b-b534-19c13b55a760|127.0.0.1:15023, 1c036820-4dbe-4abe-80fb-5ca88de5e2f0|127.0.0.1:15015, 40df8fc4-149d-40c0-897d-2844034d8141|127.0.0.1:15031]|listeners:[], old=null}
2025-10-22 08:23:44,346 [grpc-default-executor-1] INFO  server.RaftServer$Division (RaftServerImpl.java:requestVote(1455)) - 4d8a2798-959e-416b-b534-19c13b55a760@group-C626CE820278 replies to PRE_VOTE vote request: 40df8fc4-149d-40c0-897d-2844034d8141<-4d8a2798-959e-416b-b534-19c13b55a760#0:OK-t0-last:<INITIAL_VALUE>. Peer's state: 4d8a2798-959e-416b-b534-19c13b55a760@group-C626CE820278:t0, leader=null, voted=, raftlog=Memoized:4d8a2798-959e-416b-b534-19c13b55a760@group-C626CE820278-SegmentedRaftLog:OPENED:c-1:lastnull, conf=conf: {index: -1, cur=peers:[4d8a2798-959e-416b-b534-19c13b55a760|127.0.0.1:15023, 1c036820-4dbe-4abe-80fb-5ca88de5e2f0|127.0.0.1:15015, 40df8fc4-149d-40c0-897d-2844034d8141|127.0.0.1:15031]|listeners:[], old=null}
2025-10-22 08:23:44,348 [40df8fc4-149d-40c0-897d-2844034d8141@group-C626CE820278-LeaderElection5] INFO  impl.LeaderElection (LeaderElection.java:logAndReturn(206)) - 40df8fc4-149d-40c0-897d-2844034d8141@group-C626CE820278-LeaderElection5: PRE_VOTE PASSED received 1 response(s) and 0 exception(s):
2025-10-22 08:23:44,348 [40df8fc4-149d-40c0-897d-2844034d8141@group-C626CE820278-LeaderElection5] INFO  impl.LeaderElection (LeaderElection.java:logAndReturn(210)) -   Response 0: 40df8fc4-149d-40c0-897d-2844034d8141<-1c036820-4dbe-4abe-80fb-5ca88de5e2f0#0:OK-t0-last:<INITIAL_VALUE>
2025-10-22 08:23:44,348 [40df8fc4-149d-40c0-897d-2844034d8141@group-C626CE820278-LeaderElection5] INFO  impl.LeaderElection (LeaderElection.java:askForVotes(450)) - 40df8fc4-149d-40c0-897d-2844034d8141@group-C626CE820278-LeaderElection5 PRE_VOTE round 0: result PASSED
2025-10-22 08:23:44,350 [40df8fc4-149d-40c0-897d-2844034d8141@group-C626CE820278-LeaderElection5] INFO  impl.LeaderElection (LeaderElection.java:askForVotes(448)) - 40df8fc4-149d-40c0-897d-2844034d8141@group-C626CE820278-LeaderElection5 ELECTION round 0: submit vote requests at term 1 for conf: {index: -1, cur=peers:[4d8a2798-959e-416b-b534-19c13b55a760|127.0.0.1:15023, 1c036820-4dbe-4abe-80fb-5ca88de5e2f0|127.0.0.1:15015, 40df8fc4-149d-40c0-897d-2844034d8141|127.0.0.1:15031]|listeners:[], old=null}
2025-10-22 08:23:44,354 [grpc-default-executor-0] INFO  server.RaftServer$Division (RaftServerImpl.java:requestVote(1421)) - 4d8a2798-959e-416b-b534-19c13b55a760@group-C626CE820278: receive requestVote(ELECTION, 40df8fc4-149d-40c0-897d-2844034d8141, group-C626CE820278, 1, <PROTO_DEFAULT>)
2025-10-22 08:23:44,354 [grpc-default-executor-0] INFO  impl.VoteContext (VoteContext.java:log(49)) - 4d8a2798-959e-416b-b534-19c13b55a760@group-C626CE820278-FOLLOWER: accept ELECTION from 40df8fc4-149d-40c0-897d-2844034d8141: our priority 0 <= candidate's priority 1
2025-10-22 08:23:44,354 [grpc-default-executor-0] INFO  server.RaftServer$Division (RaftServerImpl.java:setRole(392)) - 4d8a2798-959e-416b-b534-19c13b55a760@group-C626CE820278: changes role from  FOLLOWER to FOLLOWER at term 0 for candidate:40df8fc4-149d-40c0-897d-2844034d8141
2025-10-22 08:23:44,354 [grpc-default-executor-0] INFO  impl.RoleInfo (RoleInfo.java:shutdownFollowerState(121)) - 4d8a2798-959e-416b-b534-19c13b55a760: shutdown 4d8a2798-959e-416b-b534-19c13b55a760@group-C626CE820278-FollowerState
2025-10-22 08:23:44,355 [grpc-default-executor-0] INFO  impl.RoleInfo (RoleInfo.java:updateAndGet(148)) - 4d8a2798-959e-416b-b534-19c13b55a760: start 4d8a2798-959e-416b-b534-19c13b55a760@group-C626CE820278-FollowerState
2025-10-22 08:23:44,355 [4d8a2798-959e-416b-b534-19c13b55a760@group-C626CE820278-FollowerState] INFO  impl.FollowerState (FollowerState.java:runImpl(170)) - 4d8a2798-959e-416b-b534-19c13b55a760@group-C626CE820278-FollowerState was interrupted
2025-10-22 08:23:44,356 [grpc-default-executor-0] INFO  server.RaftServer$Division (RaftServerImpl.java:setFirstElection(576)) - 4d8a2798-959e-416b-b534-19c13b55a760@group-C626CE820278: set firstElectionSinceStartup to false for candidate:40df8fc4-149d-40c0-897d-2844034d8141
2025-10-22 08:23:44,356 [grpc-default-executor-1] INFO  server.RaftServer$Division (RaftServerImpl.java:requestVote(1421)) - 1c036820-4dbe-4abe-80fb-5ca88de5e2f0@group-C626CE820278: receive requestVote(ELECTION, 40df8fc4-149d-40c0-897d-2844034d8141, group-C626CE820278, 1, <PROTO_DEFAULT>)
2025-10-22 08:23:44,356 [grpc-default-executor-1] INFO  impl.VoteContext (VoteContext.java:log(49)) - 1c036820-4dbe-4abe-80fb-5ca88de5e2f0@group-C626CE820278-FOLLOWER: accept ELECTION from 40df8fc4-149d-40c0-897d-2844034d8141: our priority 0 <= candidate's priority 1
2025-10-22 08:23:44,356 [grpc-default-executor-1] INFO  server.RaftServer$Division (RaftServerImpl.java:setRole(392)) - 1c036820-4dbe-4abe-80fb-5ca88de5e2f0@group-C626CE820278: changes role from  FOLLOWER to FOLLOWER at term 0 for candidate:40df8fc4-149d-40c0-897d-2844034d8141
2025-10-22 08:23:44,356 [grpc-default-executor-1] INFO  impl.RoleInfo (RoleInfo.java:shutdownFollowerState(121)) - 1c036820-4dbe-4abe-80fb-5ca88de5e2f0: shutdown 1c036820-4dbe-4abe-80fb-5ca88de5e2f0@group-C626CE820278-FollowerState
2025-10-22 08:23:44,356 [grpc-default-executor-1] INFO  impl.RoleInfo (RoleInfo.java:updateAndGet(148)) - 1c036820-4dbe-4abe-80fb-5ca88de5e2f0: start 1c036820-4dbe-4abe-80fb-5ca88de5e2f0@group-C626CE820278-FollowerState
2025-10-22 08:23:44,356 [1c036820-4dbe-4abe-80fb-5ca88de5e2f0@group-C626CE820278-FollowerState] INFO  impl.FollowerState (FollowerState.java:runImpl(170)) - 1c036820-4dbe-4abe-80fb-5ca88de5e2f0@group-C626CE820278-FollowerState was interrupted
2025-10-22 08:23:44,357 [grpc-default-executor-0] INFO  server.RaftServer$Division (RaftServerImpl.java:requestVote(1455)) - 4d8a2798-959e-416b-b534-19c13b55a760@group-C626CE820278 replies to ELECTION vote request: 40df8fc4-149d-40c0-897d-2844034d8141<-4d8a2798-959e-416b-b534-19c13b55a760#0:OK-t1-last:<INITIAL_VALUE>. Peer's state: 4d8a2798-959e-416b-b534-19c13b55a760@group-C626CE820278:t1, leader=null, voted=40df8fc4-149d-40c0-897d-2844034d8141, raftlog=Memoized:4d8a2798-959e-416b-b534-19c13b55a760@group-C626CE820278-SegmentedRaftLog:OPENED:c-1:lastnull, conf=conf: {index: -1, cur=peers:[4d8a2798-959e-416b-b534-19c13b55a760|127.0.0.1:15023, 1c036820-4dbe-4abe-80fb-5ca88de5e2f0|127.0.0.1:15015, 40df8fc4-149d-40c0-897d-2844034d8141|127.0.0.1:15031]|listeners:[], old=null}
2025-10-22 08:23:44,357 [grpc-default-executor-1] INFO  server.RaftServer$Division (RaftServerImpl.java:setFirstElection(576)) - 1c036820-4dbe-4abe-80fb-5ca88de5e2f0@group-C626CE820278: set firstElectionSinceStartup to false for candidate:40df8fc4-149d-40c0-897d-2844034d8141
2025-10-22 08:23:44,359 [40df8fc4-149d-40c0-897d-2844034d8141@group-C626CE820278-LeaderElection5] INFO  impl.LeaderElection (LeaderElection.java:logAndReturn(206)) - 40df8fc4-149d-40c0-897d-2844034d8141@group-C626CE820278-LeaderElection5: ELECTION PASSED received 1 response(s) and 0 exception(s):
2025-10-22 08:23:44,360 [40df8fc4-149d-40c0-897d-2844034d8141@group-C626CE820278-LeaderElection5] INFO  impl.LeaderElection (LeaderElection.java:logAndReturn(210)) -   Response 0: 40df8fc4-149d-40c0-897d-2844034d8141<-4d8a2798-959e-416b-b534-19c13b55a760#0:OK-t1-last:<INITIAL_VALUE>
2025-10-22 08:23:44,360 [grpc-default-executor-1] INFO  server.RaftServer$Division (RaftServerImpl.java:requestVote(1455)) - 1c036820-4dbe-4abe-80fb-5ca88de5e2f0@group-C626CE820278 replies to ELECTION vote request: 40df8fc4-149d-40c0-897d-2844034d8141<-1c036820-4dbe-4abe-80fb-5ca88de5e2f0#0:OK-t1-last:<INITIAL_VALUE>. Peer's state: 1c036820-4dbe-4abe-80fb-5ca88de5e2f0@group-C626CE820278:t1, leader=null, voted=40df8fc4-149d-40c0-897d-2844034d8141, raftlog=Memoized:1c036820-4dbe-4abe-80fb-5ca88de5e2f0@group-C626CE820278-SegmentedRaftLog:OPENED:c-1:lastnull, conf=conf: {index: -1, cur=peers:[4d8a2798-959e-416b-b534-19c13b55a760|127.0.0.1:15023, 1c036820-4dbe-4abe-80fb-5ca88de5e2f0|127.0.0.1:15015, 40df8fc4-149d-40c0-897d-2844034d8141|127.0.0.1:15031]|listeners:[], old=null}
2025-10-22 08:23:44,360 [40df8fc4-149d-40c0-897d-2844034d8141@group-C626CE820278-LeaderElection5] INFO  impl.LeaderElection (LeaderElection.java:askForVotes(450)) - 40df8fc4-149d-40c0-897d-2844034d8141@group-C626CE820278-LeaderElection5 ELECTION round 0: result PASSED
2025-10-22 08:23:44,360 [40df8fc4-149d-40c0-897d-2844034d8141@group-C626CE820278-LeaderElection5] INFO  impl.RoleInfo (RoleInfo.java:shutdownLeaderElection(141)) - 40df8fc4-149d-40c0-897d-2844034d8141: shutdown 40df8fc4-149d-40c0-897d-2844034d8141@group-C626CE820278-LeaderElection5
2025-10-22 08:23:44,361 [40df8fc4-149d-40c0-897d-2844034d8141@group-C626CE820278-LeaderElection5] INFO  server.RaftServer$Division (RaftServerImpl.java:setRole(392)) - 40df8fc4-149d-40c0-897d-2844034d8141@group-C626CE820278: changes role from CANDIDATE to LEADER at term 1 for changeToLeader
2025-10-22 08:23:44,361 [40df8fc4-149d-40c0-897d-2844034d8141@group-C626CE820278-LeaderElection5] INFO  server.RaftServerConfigKeys (ConfUtils.java:logFallback(69)) - raft.server.staging.timeout = 3600ms (fallback to raft.server.rpc.timeout.max)
2025-10-22 08:23:44,361 [40df8fc4-149d-40c0-897d-2844034d8141@group-C626CE820278-LeaderElection5] INFO  server.RaftServerConfigKeys (ConfUtils.java:logGet(62)) - raft.server.write.byte-limit = 1024 M (=1073741824) (custom)
2025-10-22 08:23:44,371 [40df8fc4-149d-40c0-897d-2844034d8141@group-C626CE820278-LeaderElection5] INFO  server.RaftServerConfigKeys (ConfUtils.java:logGet(62)) - raft.server.log.appender.snapshot.chunk.size.max = 16MB (=16777216) (default)
2025-10-22 08:23:44,371 [40df8fc4-149d-40c0-897d-2844034d8141@group-C626CE820278-LeaderElection5] INFO  server.RaftServerConfigKeys (ConfUtils.java:logGet(62)) - raft.server.log.appender.buffer.byte-limit = 33554432 (custom)
2025-10-22 08:23:44,372 [40df8fc4-149d-40c0-897d-2844034d8141@group-C626CE820278-LeaderElection5] INFO  server.RaftServerConfigKeys (ConfUtils.java:logGet(62)) - raft.server.log.appender.buffer.element-limit = 1024 (custom)
2025-10-22 08:23:44,373 [40df8fc4-149d-40c0-897d-2844034d8141@group-C626CE820278-LeaderElection5] INFO  server.RaftServerConfigKeys (ConfUtils.java:logGet(62)) - raft.server.log.appender.wait-time.min = 0ms (custom)
2025-10-22 08:23:44,374 [40df8fc4-149d-40c0-897d-2844034d8141@group-C626CE820278-LeaderElection5] INFO  grpc.GrpcConfigKeys (ConfUtils.java:logGet(62)) - raft.grpc.server.leader.outstanding.appends.max = 8 (default)
2025-10-22 08:23:44,375 [40df8fc4-149d-40c0-897d-2844034d8141@group-C626CE820278-LeaderElection5] INFO  grpc.GrpcConfigKeys (ConfUtils.java:logGet(62)) - raft.grpc.server.install_snapshot.request.element-limit = 8 (default)
2025-10-22 08:23:44,375 [40df8fc4-149d-40c0-897d-2844034d8141@group-C626CE820278-LeaderElection5] INFO  grpc.GrpcConfigKeys (ConfUtils.java:logGet(62)) - raft.grpc.server.install_snapshot.request.timeout = 3000ms (default)
2025-10-22 08:23:44,375 [40df8fc4-149d-40c0-897d-2844034d8141@group-C626CE820278-LeaderElection5] INFO  grpc.GrpcConfigKeys (ConfUtils.java:logGet(62)) - raft.grpc.server.log-message.batch.duration = 5s (default)
2025-10-22 08:23:44,378 [40df8fc4-149d-40c0-897d-2844034d8141@group-C626CE820278-LeaderElection5] INFO  server.RaftServerConfigKeys (ConfUtils.java:logGet(62)) - raft.server.log.appender.buffer.byte-limit = 33554432 (custom)
2025-10-22 08:23:44,379 [40df8fc4-149d-40c0-897d-2844034d8141@group-C626CE820278-LeaderElection5] INFO  impl.RoleInfo (RoleInfo.java:updateAndGet(148)) - 40df8fc4-149d-40c0-897d-2844034d8141: start 40df8fc4-149d-40c0-897d-2844034d8141@group-C626CE820278-LeaderStateImpl
2025-10-22 08:23:44,379 [40df8fc4-149d-40c0-897d-2844034d8141@group-C626CE820278-LeaderElection5] INFO  server.RaftServer$Division (RaftServerImpl.java:setFirstElection(576)) - 40df8fc4-149d-40c0-897d-2844034d8141@group-C626CE820278: set firstElectionSinceStartup to false for becomeLeader
2025-10-22 08:23:44,379 [40df8fc4-149d-40c0-897d-2844034d8141@group-C626CE820278-LeaderElection5] INFO  ratis.XceiverServerRatis (XceiverServerRatis.java:handleLeaderChangedNotification(940)) - Leader change notification received for group: group-C626CE820278 with new leaderId: 40df8fc4-149d-40c0-897d-2844034d8141
2025-10-22 08:23:44,380 [40df8fc4-149d-40c0-897d-2844034d8141@group-C626CE820278-LeaderElection5] INFO  server.RaftServer$Division (ServerState.java:setLeader(272)) - 40df8fc4-149d-40c0-897d-2844034d8141@group-C626CE820278: change Leader from null to 40df8fc4-149d-40c0-897d-2844034d8141 at term 1 for becomeLeader, leader elected after 1172ms
2025-10-22 08:23:44,380 [40df8fc4-149d-40c0-897d-2844034d8141@group-C626CE820278-LeaderElection5] INFO  segmented.SegmentedRaftLogWorker (SegmentedRaftLogWorker.java:startLogSegment(440)) - 40df8fc4-149d-40c0-897d-2844034d8141@group-C626CE820278-SegmentedRaftLogWorker: Starting segment from index:0
2025-10-22 08:23:44,380 [40df8fc4-149d-40c0-897d-2844034d8141@group-C626CE820278-LeaderElection5] INFO  server.RaftServer$Division (ServerState.java:setRaftConf(386)) - 40df8fc4-149d-40c0-897d-2844034d8141@group-C626CE820278: set configuration conf: {index: 0, cur=peers:[4d8a2798-959e-416b-b534-19c13b55a760|127.0.0.1:15023, 1c036820-4dbe-4abe-80fb-5ca88de5e2f0|127.0.0.1:15015, 40df8fc4-149d-40c0-897d-2844034d8141|127.0.0.1:15031]|listeners:[], old=null}
2025-10-22 08:23:44,381 [40df8fc4-149d-40c0-897d-2844034d8141@group-C626CE820278-SegmentedRaftLogWorker] INFO  segmented.BufferedWriteChannel (BufferedWriteChannel.java:open(61)) - open log_inprogress_0 at position 0
2025-10-22 08:23:44,383 [EventQueue-PipelineReportForOneReplicaPipelineSafeModeRule] INFO  safemode.SCMSafeModeManager (SCMSafeModeManager.java:validateSafeModeExitRules(138)) - OneReplicaPipelineSafeModeRule rule is successfully validated
2025-10-22 08:23:44,387 [865d5785-f699-439e-a1bb-b7d8c2e8d3c0@group-9946BCEAA3A0-StateMachineUpdater] INFO  safemode.SCMSafeModeManager (SCMSafeModeManager.java:validateSafeModeExitRules(138)) - DataNodeSafeModeRule rule is successfully validated
2025-10-22 08:23:44,387 [865d5785-f699-439e-a1bb-b7d8c2e8d3c0@group-9946BCEAA3A0-StateMachineUpdater] INFO  safemode.SCMSafeModeManager (SCMSafeModeManager.java:validateSafeModeExitRules(138)) - RatisContainerSafeModeRule rule is successfully validated
2025-10-22 08:23:44,387 [865d5785-f699-439e-a1bb-b7d8c2e8d3c0@group-9946BCEAA3A0-StateMachineUpdater] INFO  safemode.HealthyPipelineSafeModeRule (HealthyPipelineSafeModeRule.java:initializeRule(226)) - Refreshed total pipeline count is 1, healthy pipeline threshold count is 1
2025-10-22 08:23:44,387 [865d5785-f699-439e-a1bb-b7d8c2e8d3c0@group-9946BCEAA3A0-StateMachineUpdater] INFO  safemode.SCMSafeModeManager (SCMSafeModeManager.java:validateSafeModeExitRules(138)) - OneReplicaPipelineSafeModeRule rule is successfully validated
2025-10-22 08:23:44,387 [865d5785-f699-439e-a1bb-b7d8c2e8d3c0@group-9946BCEAA3A0-StateMachineUpdater] INFO  safemode.SCMSafeModeManager (SCMSafeModeManager.java:validateSafeModeExitRules(138)) - ECContainerSafeModeRule rule is successfully validated
2025-10-22 08:23:44,387 [EventQueue-PipelineReportForPipelineReportHandler] INFO  pipeline.PipelineReportHandler (PipelineReportHandler.java:processPipelineReport(132)) - Opened pipeline Pipeline-28d7a56f-ff21-46bd-bc35-c626ce820278
2025-10-22 08:23:44,388 [EventQueue-OpenPipelineForHealthyPipelineSafeModeRule] INFO  safemode.SCMSafeModeManager (HealthyPipelineSafeModeRule.java:process(194)) - SCM in safe mode. Healthy pipelines reported count is 1, required healthy pipeline reported count is 1
2025-10-22 08:23:44,388 [EventQueue-OpenPipelineForHealthyPipelineSafeModeRule] INFO  safemode.SCMSafeModeManager (SCMSafeModeManager.java:validateSafeModeExitRules(138)) - HealthyPipelineSafeModeRule rule is successfully validated
2025-10-22 08:23:44,388 [EventQueue-OpenPipelineForHealthyPipelineSafeModeRule] INFO  safemode.SCMSafeModeManager (SCMSafeModeManager.java:validateSafeModeExitRules(158)) - ScmSafeModeManager, all rules are successfully validated
2025-10-22 08:23:44,388 [EventQueue-OpenPipelineForHealthyPipelineSafeModeRule] INFO  safemode.SCMSafeModeManager (SCMSafeModeManager.java:validateSafeModeExitRules(159)) - SCM exiting safe mode.
2025-10-22 08:23:44,388 [EventQueue-OpenPipelineForHealthyPipelineSafeModeRule] INFO  ha.SCMContext (SCMContext.java:updateSafeModeStatus(224)) - Update SafeModeStatus from SafeModeStatus{safeModeStatus=true, preCheckPassed=true} to SafeModeStatus{safeModeStatus=false, preCheckPassed=true}.
2025-10-22 08:23:44,388 [EventQueue-OpenPipelineForHealthyPipelineSafeModeRule] INFO  BackgroundPipelineScrubber (BackgroundSCMService.java:notifyStatusChanged(78)) - Service BackgroundPipelineScrubber transitions to RUNNING.
2025-10-22 08:23:44,388 [EventQueue-OpenPipelineForHealthyPipelineSafeModeRule] INFO  ExpiredContainerReplicaOpScrubber (BackgroundSCMService.java:notifyStatusChanged(78)) - Service ExpiredContainerReplicaOpScrubber transitions to RUNNING.
2025-10-22 08:23:44,388 [EventQueue-OpenPipelineForHealthyPipelineSafeModeRule] INFO  block.SCMBlockDeletingService (SCMBlockDeletingService.java:notifyStatusChanged(265)) - notifyStatusChanged:RUNNING
2025-10-22 08:23:44,388 [EventQueue-OpenPipelineForHealthyPipelineSafeModeRule] INFO  replication.ReplicationManager (ReplicationManager.java:notifyStatusChanged(1389)) - Service ReplicationManager transitions to RUNNING.
2025-10-22 08:23:44,393 [40df8fc4-149d-40c0-897d-2844034d8141@group-C626CE820278-SegmentedRaftLogWorker] INFO  segmented.SegmentedRaftLogWorker (SegmentedRaftLogWorker.java:execute(647)) - 40df8fc4-149d-40c0-897d-2844034d8141@group-C626CE820278-SegmentedRaftLogWorker: created new log segment /home/runner/work/ozone/ozone/hadoop-ozone/integration-test/target/test-dir/MiniOzoneClusterImpl-a412b9f6-7d8b-4de3-a85c-9946bceaa3a0/ozone-metadata/datanode-3/ratis/28d7a56f-ff21-46bd-bc35-c626ce820278/current/log_inprogress_0
2025-10-22 08:23:44,394 [EventQueue-OpenPipelineForHealthyPipelineSafeModeRule] WARN  balancer.ContainerBalancer (ContainerBalancer.java:shouldRun(136)) - Could not find persisted configuration for ContainerBalancer when checking if ContainerBalancer should run. ContainerBalancer should not run now.
2025-10-22 08:23:44,395 [EventQueue-OpenPipelineForHealthyPipelineSafeModeRule] INFO  SCMHATransactionMonitor (BackgroundSCMService.java:notifyStatusChanged(78)) - Service SCMHATransactionMonitor transitions to RUNNING.
2025-10-22 08:23:44,409 [grpc-default-executor-3] INFO  ratis.XceiverServerRatis (XceiverServerRatis.java:handleLeaderChangedNotification(940)) - Leader change notification received for group: group-C626CE820278 with new leaderId: 40df8fc4-149d-40c0-897d-2844034d8141
2025-10-22 08:23:44,409 [grpc-default-executor-3] INFO  server.RaftServer$Division (ServerState.java:setLeader(272)) - 4d8a2798-959e-416b-b534-19c13b55a760@group-C626CE820278: change Leader from null to 40df8fc4-149d-40c0-897d-2844034d8141 at term 1 for appendEntries, leader elected after 927ms
2025-10-22 08:23:44,409 [grpc-default-executor-0] INFO  ratis.XceiverServerRatis (XceiverServerRatis.java:handleLeaderChangedNotification(940)) - Leader change notification received for group: group-C626CE820278 with new leaderId: 40df8fc4-149d-40c0-897d-2844034d8141
2025-10-22 08:23:44,409 [grpc-default-executor-0] INFO  server.RaftServer$Division (ServerState.java:setLeader(272)) - 1c036820-4dbe-4abe-80fb-5ca88de5e2f0@group-C626CE820278: change Leader from null to 40df8fc4-149d-40c0-897d-2844034d8141 at term 1 for appendEntries, leader elected after 860ms
2025-10-22 08:23:44,416 [grpc-default-executor-4] INFO  server.RaftServer$Division (ServerState.java:setRaftConf(386)) - 4d8a2798-959e-416b-b534-19c13b55a760@group-C626CE820278: set configuration conf: {index: 0, cur=peers:[4d8a2798-959e-416b-b534-19c13b55a760|127.0.0.1:15023, 1c036820-4dbe-4abe-80fb-5ca88de5e2f0|127.0.0.1:15015, 40df8fc4-149d-40c0-897d-2844034d8141|127.0.0.1:15031]|listeners:[], old=null}
2025-10-22 08:23:44,418 [grpc-default-executor-4] INFO  segmented.SegmentedRaftLogWorker (SegmentedRaftLogWorker.java:startLogSegment(440)) - 4d8a2798-959e-416b-b534-19c13b55a760@group-C626CE820278-SegmentedRaftLogWorker: Starting segment from index:0
2025-10-22 08:23:44,418 [grpc-default-executor-3] INFO  server.RaftServer$Division (ServerState.java:setRaftConf(386)) - 1c036820-4dbe-4abe-80fb-5ca88de5e2f0@group-C626CE820278: set configuration conf: {index: 0, cur=peers:[4d8a2798-959e-416b-b534-19c13b55a760|127.0.0.1:15023, 1c036820-4dbe-4abe-80fb-5ca88de5e2f0|127.0.0.1:15015, 40df8fc4-149d-40c0-897d-2844034d8141|127.0.0.1:15031]|listeners:[], old=null}
2025-10-22 08:23:44,419 [grpc-default-executor-3] INFO  segmented.SegmentedRaftLogWorker (SegmentedRaftLogWorker.java:startLogSegment(440)) - 1c036820-4dbe-4abe-80fb-5ca88de5e2f0@group-C626CE820278-SegmentedRaftLogWorker: Starting segment from index:0
2025-10-22 08:23:44,420 [4d8a2798-959e-416b-b534-19c13b55a760@group-C626CE820278-SegmentedRaftLogWorker] INFO  segmented.BufferedWriteChannel (BufferedWriteChannel.java:open(61)) - open log_inprogress_0 at position 0
2025-10-22 08:23:44,420 [1c036820-4dbe-4abe-80fb-5ca88de5e2f0@group-C626CE820278-SegmentedRaftLogWorker] INFO  segmented.BufferedWriteChannel (BufferedWriteChannel.java:open(61)) - open log_inprogress_0 at position 0
2025-10-22 08:23:44,428 [2ad521b7-7a63-459b-9c84-f917bba20586-CreatePipelineCommandHandlerThread-0] INFO  server.RaftServer (RaftServerProxy.java:addNew(105)) - 2ad521b7-7a63-459b-9c84-f917bba20586: addNew group-9159AC336964:[2ad521b7-7a63-459b-9c84-f917bba20586|127.0.0.1:15039] returns group-9159AC336964:java.util.concurrent.CompletableFuture@45e4bb42[Not completed]
2025-10-22 08:23:44,429 [4d8a2798-959e-416b-b534-19c13b55a760@group-C626CE820278-SegmentedRaftLogWorker] INFO  segmented.SegmentedRaftLogWorker (SegmentedRaftLogWorker.java:execute(647)) - 4d8a2798-959e-416b-b534-19c13b55a760@group-C626CE820278-SegmentedRaftLogWorker: created new log segment /home/runner/work/ozone/ozone/hadoop-ozone/integration-test/target/test-dir/MiniOzoneClusterImpl-a412b9f6-7d8b-4de3-a85c-9946bceaa3a0/ozone-metadata/datanode-2/ratis/28d7a56f-ff21-46bd-bc35-c626ce820278/current/log_inprogress_0
2025-10-22 08:23:44,430 [2ad521b7-7a63-459b-9c84-f917bba20586-groupManagement] INFO  server.RaftServer$Division (RaftServerImpl.java:<init>(268)) - 2ad521b7-7a63-459b-9c84-f917bba20586: new RaftServerImpl for group-9159AC336964:[2ad521b7-7a63-459b-9c84-f917bba20586|127.0.0.1:15039] with ContainerStateMachine:uninitialized
2025-10-22 08:23:44,431 [2ad521b7-7a63-459b-9c84-f917bba20586-groupManagement] INFO  server.RaftServer$Division (ServerState.java:<init>(114)) - 2ad521b7-7a63-459b-9c84-f917bba20586@group-9159AC336964: ConfigurationManager, init=conf: {index: -1, cur=peers:[2ad521b7-7a63-459b-9c84-f917bba20586|127.0.0.1:15039]|listeners:[], old=null}, confs=<EMPTY_MAP>
2025-10-22 08:23:44,435 [1c036820-4dbe-4abe-80fb-5ca88de5e2f0@group-C626CE820278-SegmentedRaftLogWorker] INFO  segmented.SegmentedRaftLogWorker (SegmentedRaftLogWorker.java:execute(647)) - 1c036820-4dbe-4abe-80fb-5ca88de5e2f0@group-C626CE820278-SegmentedRaftLogWorker: created new log segment /home/runner/work/ozone/ozone/hadoop-ozone/integration-test/target/test-dir/MiniOzoneClusterImpl-a412b9f6-7d8b-4de3-a85c-9946bceaa3a0/ozone-metadata/datanode-1/ratis/28d7a56f-ff21-46bd-bc35-c626ce820278/current/log_inprogress_0
2025-10-22 08:23:44,440 [40df8fc4-149d-40c0-897d-2844034d8141@group-C626CE820278-StateMachineUpdater] INFO  server.RaftServer$Division (LeaderStateImpl.java:checkStartIndex(309)) - Leader 40df8fc4-149d-40c0-897d-2844034d8141@group-C626CE820278-LeaderStateImpl is ready since appliedIndex == startIndex == 0
2025-10-22 08:23:44,442 [2ad521b7-7a63-459b-9c84-f917bba20586-groupManagement] INFO  server.RaftServerConfigKeys (ConfUtils.java:logGet(62)) - raft.server.storage.dir = [/home/runner/work/ozone/ozone/hadoop-ozone/integration-test/target/test-dir/MiniOzoneClusterImpl-a412b9f6-7d8b-4de3-a85c-9946bceaa3a0/ozone-metadata/datanode-4/ratis] (custom)
2025-10-22 08:23:44,443 [2ad521b7-7a63-459b-9c84-f917bba20586-groupManagement] INFO  storage.RaftStorageDirectory (RaftStorageDirectoryImpl.java:analyzeStorage(138)) - The storage directory /home/runner/work/ozone/ozone/hadoop-ozone/integration-test/target/test-dir/MiniOzoneClusterImpl-a412b9f6-7d8b-4de3-a85c-9946bceaa3a0/ozone-metadata/datanode-4/ratis/e5c153cd-cace-4eeb-969b-9159ac336964 does not exist. Creating ...
2025-10-22 08:23:44,443 [2ad521b7-7a63-459b-9c84-f917bba20586-groupManagement] INFO  storage.RaftStorageDirectory (RaftStorageDirectoryImpl.java:tryLock(229)) - Lock on /home/runner/work/ozone/ozone/hadoop-ozone/integration-test/target/test-dir/MiniOzoneClusterImpl-a412b9f6-7d8b-4de3-a85c-9946bceaa3a0/ozone-metadata/datanode-4/ratis/e5c153cd-cace-4eeb-969b-9159ac336964/in_use.lock acquired by nodename 57193@localhost
2025-10-22 08:23:44,445 [2ad521b7-7a63-459b-9c84-f917bba20586-groupManagement] INFO  storage.RaftStorage (RaftStorageImpl.java:format(98)) - Storage directory /home/runner/work/ozone/ozone/hadoop-ozone/integration-test/target/test-dir/MiniOzoneClusterImpl-a412b9f6-7d8b-4de3-a85c-9946bceaa3a0/ozone-metadata/datanode-4/ratis/e5c153cd-cace-4eeb-969b-9159ac336964 has been successfully formatted.
2025-10-22 08:23:44,446 [2ad521b7-7a63-459b-9c84-f917bba20586-groupManagement] INFO  ratis.ContainerStateMachine (ContainerStateMachine.java:initialize(339)) - 2ad521b7-7a63-459b-9c84-f917bba20586: initialize group-9159AC336964
2025-10-22 08:23:44,446 [2ad521b7-7a63-459b-9c84-f917bba20586-groupManagement] INFO  ratis.ContainerStateMachine (ContainerStateMachine.java:loadSnapshot(347)) - group-9159AC336964: The snapshot info is null. Setting the last applied index to:<INITIAL_VALUE>
2025-10-22 08:23:44,447 [2ad521b7-7a63-459b-9c84-f917bba20586-groupManagement] INFO  server.RaftServerConfigKeys (ConfUtils.java:logGet(62)) - raft.server.log.appender.buffer.byte-limit = 33554432 (custom)
2025-10-22 08:23:44,450 [2ad521b7-7a63-459b-9c84-f917bba20586-groupManagement] INFO  server.RaftServerConfigKeys (ConfUtils.java:logGet(62)) - raft.server.log.segment.size.max = 67108864 (custom)
2025-10-22 08:23:44,451 [EventQueue-PipelineReportForPipelineReportHandler] INFO  pipeline.PipelineReportHandler (PipelineReportHandler.java:processPipelineReport(132)) - Opened pipeline Pipeline-e5c153cd-cace-4eeb-969b-9159ac336964
2025-10-22 08:23:44,453 [2ad521b7-7a63-459b-9c84-f917bba20586-groupManagement] INFO  server.RaftServerConfigKeys (ConfUtils.java:logGet(62)) - raft.server.log.appender.buffer.byte-limit = 33554432 (custom)
2025-10-22 08:23:44,453 [2ad521b7-7a63-459b-9c84-f917bba20586-groupManagement] INFO  util.AwaitToRun (AwaitToRun.java:start(81)) - Thread[#1265,2ad521b7-7a63-459b-9c84-f917bba20586@group-9159AC336964-cacheEviction-AwaitToRun,5,main] started
2025-10-22 08:23:44,454 [2ad521b7-7a63-459b-9c84-f917bba20586-groupManagement] INFO  segmented.SegmentedRaftLogWorker (SegmentedRaftLogWorker.java:<init>(190)) - new 2ad521b7-7a63-459b-9c84-f917bba20586@group-9159AC336964-SegmentedRaftLogWorker for RaftStorageImpl:Storage Directory /home/runner/work/ozone/ozone/hadoop-ozone/integration-test/target/test-dir/MiniOzoneClusterImpl-a412b9f6-7d8b-4de3-a85c-9946bceaa3a0/ozone-metadata/datanode-4/ratis/e5c153cd-cace-4eeb-969b-9159ac336964
2025-10-22 08:23:44,454 [2ad521b7-7a63-459b-9c84-f917bba20586-groupManagement] INFO  server.RaftServerConfigKeys (ConfUtils.java:logGet(62)) - raft.server.log.queue.byte-limit = 4294967296 (custom)
2025-10-22 08:23:44,454 [2ad521b7-7a63-459b-9c84-f917bba20586-groupManagement] INFO  server.RaftServerConfigKeys (ConfUtils.java:logGet(62)) - raft.server.log.segment.size.max = 67108864 (custom)
2025-10-22 08:23:44,454 [2ad521b7-7a63-459b-9c84-f917bba20586-groupManagement] INFO  server.RaftServerConfigKeys (ConfUtils.java:logGet(62)) - raft.server.log.preallocated.size = 4194304 (custom)
2025-10-22 08:23:44,455 [2ad521b7-7a63-459b-9c84-f917bba20586-groupManagement] INFO  server.RaftServerConfigKeys (ConfUtils.java:logGet(62)) - raft.server.log.write.buffer.size = 33554440 (custom)
2025-10-22 08:23:44,460 [2ad521b7-7a63-459b-9c84-f917bba20586-groupManagement] INFO  server.RaftServerConfigKeys (ConfUtils.java:logGet(62)) - raft.server.log.appender.buffer.byte-limit = 33554432 (custom)
2025-10-22 08:23:44,461 [2ad521b7-7a63-459b-9c84-f917bba20586-groupManagement] INFO  segmented.SegmentedRaftLogWorker (SegmentedRaftLogWorker.java:lambda$new$0(141)) - 2ad521b7-7a63-459b-9c84-f917bba20586@group-9159AC336964-SegmentedRaftLogWorker: flushIndex: setUnconditionally 0 -> -1
2025-10-22 08:23:44,461 [2ad521b7-7a63-459b-9c84-f917bba20586-groupManagement] INFO  segmented.SegmentedRaftLogWorker (SegmentedRaftLogWorker.java:lambda$new$0(141)) - 2ad521b7-7a63-459b-9c84-f917bba20586@group-9159AC336964-SegmentedRaftLogWorker: safeCacheEvictIndex: setUnconditionally 0 -> -1
2025-10-22 08:23:44,461 [2ad521b7-7a63-459b-9c84-f917bba20586-groupManagement] INFO  server.RaftServer$Division (RaftServerImpl.java:start(405)) - 2ad521b7-7a63-459b-9c84-f917bba20586@group-9159AC336964: start as a follower, conf=conf: {index: -1, cur=peers:[2ad521b7-7a63-459b-9c84-f917bba20586|127.0.0.1:15039]|listeners:[], old=null}
2025-10-22 08:23:44,461 [2ad521b7-7a63-459b-9c84-f917bba20586-groupManagement] INFO  server.RaftServer$Division (RaftServerImpl.java:setRole(392)) - 2ad521b7-7a63-459b-9c84-f917bba20586@group-9159AC336964: changes role from      null to FOLLOWER at term 0 for startAsFollower
2025-10-22 08:23:44,462 [2ad521b7-7a63-459b-9c84-f917bba20586-groupManagement] INFO  impl.RoleInfo (RoleInfo.java:updateAndGet(148)) - 2ad521b7-7a63-459b-9c84-f917bba20586: start 2ad521b7-7a63-459b-9c84-f917bba20586@group-9159AC336964-FollowerState
2025-10-22 08:23:44,462 [2ad521b7-7a63-459b-9c84-f917bba20586-groupManagement] INFO  util.JmxRegister (JmxRegister.java:tryRegister(44)) - Successfully registered JMX Bean with object name Ratis:service=RaftServer,group=group-9159AC336964,id=2ad521b7-7a63-459b-9c84-f917bba20586
2025-10-22 08:23:44,462 [2ad521b7-7a63-459b-9c84-f917bba20586-groupManagement] INFO  util.JmxRegister (JmxRegister.java:register(58)) - register mxBean class org.apache.ratis.server.impl.RaftServerJmxAdapter as Ratis:service=RaftServer,group=group-9159AC336964,id=2ad521b7-7a63-459b-9c84-f917bba20586
2025-10-22 08:23:44,463 [2ad521b7-7a63-459b-9c84-f917bba20586-groupManagement] INFO  server.RaftServer$Division (RaftServerImpl.java:start(419)) - 2ad521b7-7a63-459b-9c84-f917bba20586@group-9159AC336964: Successfully started.
2025-10-22 08:23:44,464 [2ad521b7-7a63-459b-9c84-f917bba20586-CreatePipelineCommandHandlerThread-0] INFO  ratis.XceiverServerRatis (XceiverServerRatis.java:addGroup(839)) - Created group Pipeline-e5c153cd-cace-4eeb-969b-9159ac336964
2025-10-22 08:23:44,464 [2ad521b7-7a63-459b-9c84-f917bba20586-CreatePipelineCommandHandlerThread-0] INFO  commandhandler.CreatePipelineCommandHandler (CreatePipelineCommandHandler.java:lambda$handle$2(141)) - Created Pipeline RATIS ONE Pipeline-e5c153cd-cace-4eeb-969b-9159ac336964.
2025-10-22 08:23:44,464 [2ad521b7-7a63-459b-9c84-f917bba20586-CreatePipelineCommandHandlerThread-0] INFO  server.RaftServer (RaftServerProxy.java:addNew(105)) - 2ad521b7-7a63-459b-9c84-f917bba20586: addNew group-3A95807EC81A:[cb442068-6d75-4200-81e8-5fb60de94381|127.0.0.1:15047, 2ad521b7-7a63-459b-9c84-f917bba20586|127.0.0.1:15039, 6d4f7871-438f-445e-bbd0-5ca0ba9a1086|127.0.0.1:15055] returns group-3A95807EC81A:java.util.concurrent.CompletableFuture@3d7051ba[Not completed]
2025-10-22 08:23:44,466 [2ad521b7-7a63-459b-9c84-f917bba20586-groupManagement] INFO  server.RaftServer$Division (RaftServerImpl.java:<init>(268)) - 2ad521b7-7a63-459b-9c84-f917bba20586: new RaftServerImpl for group-3A95807EC81A:[cb442068-6d75-4200-81e8-5fb60de94381|127.0.0.1:15047, 2ad521b7-7a63-459b-9c84-f917bba20586|127.0.0.1:15039, 6d4f7871-438f-445e-bbd0-5ca0ba9a1086|127.0.0.1:15055] with ContainerStateMachine:uninitialized
2025-10-22 08:23:44,466 [2ad521b7-7a63-459b-9c84-f917bba20586-groupManagement] INFO  server.RaftServer$Division (ServerState.java:<init>(114)) - 2ad521b7-7a63-459b-9c84-f917bba20586@group-3A95807EC81A: ConfigurationManager, init=conf: {index: -1, cur=peers:[cb442068-6d75-4200-81e8-5fb60de94381|127.0.0.1:15047, 2ad521b7-7a63-459b-9c84-f917bba20586|127.0.0.1:15039, 6d4f7871-438f-445e-bbd0-5ca0ba9a1086|127.0.0.1:15055]|listeners:[], old=null}, confs=<EMPTY_MAP>
2025-10-22 08:23:44,471 [2ad521b7-7a63-459b-9c84-f917bba20586-groupManagement] INFO  storage.RaftStorageDirectory (RaftStorageDirectoryImpl.java:analyzeStorage(138)) - The storage directory /home/runner/work/ozone/ozone/hadoop-ozone/integration-test/target/test-dir/MiniOzoneClusterImpl-a412b9f6-7d8b-4de3-a85c-9946bceaa3a0/ozone-metadata/datanode-4/ratis/950b34fe-84b2-4801-9880-3a95807ec81a does not exist. Creating ...
2025-10-22 08:23:44,472 [2ad521b7-7a63-459b-9c84-f917bba20586-groupManagement] INFO  storage.RaftStorageDirectory (RaftStorageDirectoryImpl.java:tryLock(229)) - Lock on /home/runner/work/ozone/ozone/hadoop-ozone/integration-test/target/test-dir/MiniOzoneClusterImpl-a412b9f6-7d8b-4de3-a85c-9946bceaa3a0/ozone-metadata/datanode-4/ratis/950b34fe-84b2-4801-9880-3a95807ec81a/in_use.lock acquired by nodename 57193@localhost
2025-10-22 08:23:44,473 [2ad521b7-7a63-459b-9c84-f917bba20586-groupManagement] INFO  storage.RaftStorage (RaftStorageImpl.java:format(98)) - Storage directory /home/runner/work/ozone/ozone/hadoop-ozone/integration-test/target/test-dir/MiniOzoneClusterImpl-a412b9f6-7d8b-4de3-a85c-9946bceaa3a0/ozone-metadata/datanode-4/ratis/950b34fe-84b2-4801-9880-3a95807ec81a has been successfully formatted.
2025-10-22 08:23:44,475 [2ad521b7-7a63-459b-9c84-f917bba20586-groupManagement] INFO  ratis.ContainerStateMachine (ContainerStateMachine.java:initialize(339)) - 2ad521b7-7a63-459b-9c84-f917bba20586: initialize group-3A95807EC81A
2025-10-22 08:23:44,475 [2ad521b7-7a63-459b-9c84-f917bba20586-groupManagement] INFO  ratis.ContainerStateMachine (ContainerStateMachine.java:loadSnapshot(347)) - group-3A95807EC81A: The snapshot info is null. Setting the last applied index to:<INITIAL_VALUE>
2025-10-22 08:23:44,475 [2ad521b7-7a63-459b-9c84-f917bba20586-groupManagement] INFO  server.RaftServerConfigKeys (ConfUtils.java:logGet(62)) - raft.server.log.appender.buffer.byte-limit = 33554432 (custom)
2025-10-22 08:23:44,478 [2ad521b7-7a63-459b-9c84-f917bba20586-groupManagement] INFO  server.RaftServerConfigKeys (ConfUtils.java:logGet(62)) - raft.server.log.segment.size.max = 67108864 (custom)
2025-10-22 08:23:44,478 [2ad521b7-7a63-459b-9c84-f917bba20586-groupManagement] INFO  server.RaftServerConfigKeys (ConfUtils.java:logGet(62)) - raft.server.log.appender.buffer.byte-limit = 33554432 (custom)
2025-10-22 08:23:44,479 [2ad521b7-7a63-459b-9c84-f917bba20586-groupManagement] INFO  util.AwaitToRun (AwaitToRun.java:start(81)) - Thread[#1269,2ad521b7-7a63-459b-9c84-f917bba20586@group-3A95807EC81A-cacheEviction-AwaitToRun,5,main] started
2025-10-22 08:23:44,479 [2ad521b7-7a63-459b-9c84-f917bba20586-groupManagement] INFO  segmented.SegmentedRaftLogWorker (SegmentedRaftLogWorker.java:<init>(190)) - new 2ad521b7-7a63-459b-9c84-f917bba20586@group-3A95807EC81A-SegmentedRaftLogWorker for RaftStorageImpl:Storage Directory /home/runner/work/ozone/ozone/hadoop-ozone/integration-test/target/test-dir/MiniOzoneClusterImpl-a412b9f6-7d8b-4de3-a85c-9946bceaa3a0/ozone-metadata/datanode-4/ratis/950b34fe-84b2-4801-9880-3a95807ec81a
2025-10-22 08:23:44,479 [2ad521b7-7a63-459b-9c84-f917bba20586-groupManagement] INFO  server.RaftServerConfigKeys (ConfUtils.java:logGet(62)) - raft.server.log.queue.byte-limit = 4294967296 (custom)
2025-10-22 08:23:44,479 [2ad521b7-7a63-459b-9c84-f917bba20586-groupManagement] INFO  server.RaftServerConfigKeys (ConfUtils.java:logGet(62)) - raft.server.log.segment.size.max = 67108864 (custom)
2025-10-22 08:23:44,479 [2ad521b7-7a63-459b-9c84-f917bba20586-groupManagement] INFO  server.RaftServerConfigKeys (ConfUtils.java:logGet(62)) - raft.server.log.preallocated.size = 4194304 (custom)
2025-10-22 08:23:44,480 [2ad521b7-7a63-459b-9c84-f917bba20586-groupManagement] INFO  server.RaftServerConfigKeys (ConfUtils.java:logGet(62)) - raft.server.log.write.buffer.size = 33554440 (custom)
2025-10-22 08:23:44,486 [2ad521b7-7a63-459b-9c84-f917bba20586-groupManagement] INFO  server.RaftServerConfigKeys (ConfUtils.java:logGet(62)) - raft.server.log.appender.buffer.byte-limit = 33554432 (custom)
2025-10-22 08:23:44,486 [2ad521b7-7a63-459b-9c84-f917bba20586-groupManagement] INFO  segmented.SegmentedRaftLogWorker (SegmentedRaftLogWorker.java:lambda$new$0(141)) - 2ad521b7-7a63-459b-9c84-f917bba20586@group-3A95807EC81A-SegmentedRaftLogWorker: flushIndex: setUnconditionally 0 -> -1
2025-10-22 08:23:44,486 [2ad521b7-7a63-459b-9c84-f917bba20586-groupManagement] INFO  segmented.SegmentedRaftLogWorker (SegmentedRaftLogWorker.java:lambda$new$0(141)) - 2ad521b7-7a63-459b-9c84-f917bba20586@group-3A95807EC81A-SegmentedRaftLogWorker: safeCacheEvictIndex: setUnconditionally 0 -> -1
2025-10-22 08:23:44,486 [2ad521b7-7a63-459b-9c84-f917bba20586-groupManagement] INFO  server.RaftServer$Division (RaftServerImpl.java:start(405)) - 2ad521b7-7a63-459b-9c84-f917bba20586@group-3A95807EC81A: start as a follower, conf=conf: {index: -1, cur=peers:[cb442068-6d75-4200-81e8-5fb60de94381|127.0.0.1:15047, 2ad521b7-7a63-459b-9c84-f917bba20586|127.0.0.1:15039, 6d4f7871-438f-445e-bbd0-5ca0ba9a1086|127.0.0.1:15055]|listeners:[], old=null}
2025-10-22 08:23:44,487 [2ad521b7-7a63-459b-9c84-f917bba20586-groupManagement] INFO  server.RaftServer$Division (RaftServerImpl.java:setRole(392)) - 2ad521b7-7a63-459b-9c84-f917bba20586@group-3A95807EC81A: changes role from      null to FOLLOWER at term 0 for startAsFollower
2025-10-22 08:23:44,487 [2ad521b7-7a63-459b-9c84-f917bba20586-groupManagement] INFO  impl.RoleInfo (RoleInfo.java:updateAndGet(148)) - 2ad521b7-7a63-459b-9c84-f917bba20586: start 2ad521b7-7a63-459b-9c84-f917bba20586@group-3A95807EC81A-FollowerState
2025-10-22 08:23:44,488 [2ad521b7-7a63-459b-9c84-f917bba20586-groupManagement] INFO  util.JmxRegister (JmxRegister.java:tryRegister(44)) - Successfully registered JMX Bean with object name Ratis:service=RaftServer,group=group-3A95807EC81A,id=2ad521b7-7a63-459b-9c84-f917bba20586
2025-10-22 08:23:44,488 [2ad521b7-7a63-459b-9c84-f917bba20586-groupManagement] INFO  util.JmxRegister (JmxRegister.java:register(58)) - register mxBean class org.apache.ratis.server.impl.RaftServerJmxAdapter as Ratis:service=RaftServer,group=group-3A95807EC81A,id=2ad521b7-7a63-459b-9c84-f917bba20586
2025-10-22 08:23:44,489 [2ad521b7-7a63-459b-9c84-f917bba20586-groupManagement] INFO  server.RaftServer$Division (RaftServerImpl.java:start(419)) - 2ad521b7-7a63-459b-9c84-f917bba20586@group-3A95807EC81A: Successfully started.
2025-10-22 08:23:44,489 [2ad521b7-7a63-459b-9c84-f917bba20586-CreatePipelineCommandHandlerThread-0] INFO  ratis.XceiverServerRatis (XceiverServerRatis.java:addGroup(839)) - Created group Pipeline-950b34fe-84b2-4801-9880-3a95807ec81a
2025-10-22 08:23:44,497 [grpc-default-executor-1] INFO  server.RaftServer (RaftServerProxy.java:addNew(105)) - 6d4f7871-438f-445e-bbd0-5ca0ba9a1086: addNew group-3A95807EC81A:[cb442068-6d75-4200-81e8-5fb60de94381|127.0.0.1:15047, 2ad521b7-7a63-459b-9c84-f917bba20586|127.0.0.1:15039, 6d4f7871-438f-445e-bbd0-5ca0ba9a1086|127.0.0.1:15055] returns group-3A95807EC81A:java.util.concurrent.CompletableFuture@1039f61d[Not completed]
2025-10-22 08:23:44,499 [6d4f7871-438f-445e-bbd0-5ca0ba9a1086-groupManagement] INFO  server.RaftServer$Division (RaftServerImpl.java:<init>(268)) - 6d4f7871-438f-445e-bbd0-5ca0ba9a1086: new RaftServerImpl for group-3A95807EC81A:[cb442068-6d75-4200-81e8-5fb60de94381|127.0.0.1:15047, 2ad521b7-7a63-459b-9c84-f917bba20586|127.0.0.1:15039, 6d4f7871-438f-445e-bbd0-5ca0ba9a1086|127.0.0.1:15055] with ContainerStateMachine:uninitialized
2025-10-22 08:23:44,499 [6d4f7871-438f-445e-bbd0-5ca0ba9a1086-groupManagement] INFO  server.RaftServer$Division (ServerState.java:<init>(114)) - 6d4f7871-438f-445e-bbd0-5ca0ba9a1086@group-3A95807EC81A: ConfigurationManager, init=conf: {index: -1, cur=peers:[cb442068-6d75-4200-81e8-5fb60de94381|127.0.0.1:15047, 2ad521b7-7a63-459b-9c84-f917bba20586|127.0.0.1:15039, 6d4f7871-438f-445e-bbd0-5ca0ba9a1086|127.0.0.1:15055]|listeners:[], old=null}, confs=<EMPTY_MAP>
2025-10-22 08:23:44,502 [ForkJoinPool-1-worker-1] INFO  ozone.MiniOzoneClusterImpl (MiniOzoneClusterImpl.java:lambda$waitForClusterToBeReady$0(181)) - Nodes are ready. Got 10 of 10 DN Heartbeats.
2025-10-22 08:23:44,503 [ForkJoinPool-1-worker-1] INFO  ozone.MiniOzoneClusterImpl (MiniOzoneClusterImpl.java:lambda$waitForClusterToBeReady$0(184)) - Cluster exits safe mode
2025-10-22 08:23:44,503 [ForkJoinPool-1-worker-1] INFO  ozone.MiniOzoneClusterImpl (MiniOzoneClusterImpl.java:lambda$waitForClusterToBeReady$0(186)) - SCM became leader
2025-10-22 08:23:44,504 [6d4f7871-438f-445e-bbd0-5ca0ba9a1086-groupManagement] INFO  server.RaftServerConfigKeys (ConfUtils.java:logGet(62)) - raft.server.storage.dir = [/home/runner/work/ozone/ozone/hadoop-ozone/integration-test/target/test-dir/MiniOzoneClusterImpl-a412b9f6-7d8b-4de3-a85c-9946bceaa3a0/ozone-metadata/datanode-6/ratis] (custom)
2025-10-22 08:23:44,504 [6d4f7871-438f-445e-bbd0-5ca0ba9a1086-groupManagement] INFO  storage.RaftStorageDirectory (RaftStorageDirectoryImpl.java:analyzeStorage(138)) - The storage directory /home/runner/work/ozone/ozone/hadoop-ozone/integration-test/target/test-dir/MiniOzoneClusterImpl-a412b9f6-7d8b-4de3-a85c-9946bceaa3a0/ozone-metadata/datanode-6/ratis/950b34fe-84b2-4801-9880-3a95807ec81a does not exist. Creating ...
2025-10-22 08:23:44,506 [6d4f7871-438f-445e-bbd0-5ca0ba9a1086-groupManagement] INFO  storage.RaftStorageDirectory (RaftStorageDirectoryImpl.java:tryLock(229)) - Lock on /home/runner/work/ozone/ozone/hadoop-ozone/integration-test/target/test-dir/MiniOzoneClusterImpl-a412b9f6-7d8b-4de3-a85c-9946bceaa3a0/ozone-metadata/datanode-6/ratis/950b34fe-84b2-4801-9880-3a95807ec81a/in_use.lock acquired by nodename 57193@localhost
2025-10-22 08:23:44,507 [6d4f7871-438f-445e-bbd0-5ca0ba9a1086-groupManagement] INFO  storage.RaftStorage (RaftStorageImpl.java:format(98)) - Storage directory /home/runner/work/ozone/ozone/hadoop-ozone/integration-test/target/test-dir/MiniOzoneClusterImpl-a412b9f6-7d8b-4de3-a85c-9946bceaa3a0/ozone-metadata/datanode-6/ratis/950b34fe-84b2-4801-9880-3a95807ec81a has been successfully formatted.
2025-10-22 08:23:44,507 [6d4f7871-438f-445e-bbd0-5ca0ba9a1086-groupManagement] INFO  ratis.ContainerStateMachine (ContainerStateMachine.java:initialize(339)) - 6d4f7871-438f-445e-bbd0-5ca0ba9a1086: initialize group-3A95807EC81A
2025-10-22 08:23:44,507 [6d4f7871-438f-445e-bbd0-5ca0ba9a1086-groupManagement] INFO  ratis.ContainerStateMachine (ContainerStateMachine.java:loadSnapshot(347)) - group-3A95807EC81A: The snapshot info is null. Setting the last applied index to:<INITIAL_VALUE>
2025-10-22 08:23:44,507 [6d4f7871-438f-445e-bbd0-5ca0ba9a1086-groupManagement] INFO  server.RaftServerConfigKeys (ConfUtils.java:logGet(62)) - raft.server.log.appender.buffer.byte-limit = 33554432 (custom)
2025-10-22 08:23:44,511 [6d4f7871-438f-445e-bbd0-5ca0ba9a1086-groupManagement] INFO  server.RaftServerConfigKeys (ConfUtils.java:logGet(62)) - raft.server.log.segment.size.max = 67108864 (custom)
2025-10-22 08:23:44,512 [6d4f7871-438f-445e-bbd0-5ca0ba9a1086-groupManagement] INFO  server.RaftServerConfigKeys (ConfUtils.java:logGet(62)) - raft.server.log.appender.buffer.byte-limit = 33554432 (custom)
2025-10-22 08:23:44,513 [6d4f7871-438f-445e-bbd0-5ca0ba9a1086-groupManagement] INFO  util.AwaitToRun (AwaitToRun.java:start(81)) - Thread[#1275,6d4f7871-438f-445e-bbd0-5ca0ba9a1086@group-3A95807EC81A-cacheEviction-AwaitToRun,5,main] started
2025-10-22 08:23:44,513 [6d4f7871-438f-445e-bbd0-5ca0ba9a1086-groupManagement] INFO  segmented.SegmentedRaftLogWorker (SegmentedRaftLogWorker.java:<init>(190)) - new 6d4f7871-438f-445e-bbd0-5ca0ba9a1086@group-3A95807EC81A-SegmentedRaftLogWorker for RaftStorageImpl:Storage Directory /home/runner/work/ozone/ozone/hadoop-ozone/integration-test/target/test-dir/MiniOzoneClusterImpl-a412b9f6-7d8b-4de3-a85c-9946bceaa3a0/ozone-metadata/datanode-6/ratis/950b34fe-84b2-4801-9880-3a95807ec81a
2025-10-22 08:23:44,514 [6d4f7871-438f-445e-bbd0-5ca0ba9a1086-groupManagement] INFO  server.RaftServerConfigKeys (ConfUtils.java:logGet(62)) - raft.server.log.queue.byte-limit = 4294967296 (custom)
2025-10-22 08:23:44,514 [6d4f7871-438f-445e-bbd0-5ca0ba9a1086-groupManagement] INFO  server.RaftServerConfigKeys (ConfUtils.java:logGet(62)) - raft.server.log.segment.size.max = 67108864 (custom)
2025-10-22 08:23:44,514 [6d4f7871-438f-445e-bbd0-5ca0ba9a1086-groupManagement] INFO  server.RaftServerConfigKeys (ConfUtils.java:logGet(62)) - raft.server.log.preallocated.size = 4194304 (custom)
2025-10-22 08:23:44,516 [6d4f7871-438f-445e-bbd0-5ca0ba9a1086-groupManagement] INFO  server.RaftServerConfigKeys (ConfUtils.java:logGet(62)) - raft.server.log.write.buffer.size = 33554440 (custom)
2025-10-22 08:23:44,522 [6d4f7871-438f-445e-bbd0-5ca0ba9a1086-groupManagement] INFO  server.RaftServerConfigKeys (ConfUtils.java:logGet(62)) - raft.server.log.appender.buffer.byte-limit = 33554432 (custom)
2025-10-22 08:23:44,523 [6d4f7871-438f-445e-bbd0-5ca0ba9a1086-groupManagement] INFO  segmented.SegmentedRaftLogWorker (SegmentedRaftLogWorker.java:lambda$new$0(141)) - 6d4f7871-438f-445e-bbd0-5ca0ba9a1086@group-3A95807EC81A-SegmentedRaftLogWorker: flushIndex: setUnconditionally 0 -> -1
2025-10-22 08:23:44,523 [6d4f7871-438f-445e-bbd0-5ca0ba9a1086-groupManagement] INFO  segmented.SegmentedRaftLogWorker (SegmentedRaftLogWorker.java:lambda$new$0(141)) - 6d4f7871-438f-445e-bbd0-5ca0ba9a1086@group-3A95807EC81A-SegmentedRaftLogWorker: safeCacheEvictIndex: setUnconditionally 0 -> -1
2025-10-22 08:23:44,525 [6d4f7871-438f-445e-bbd0-5ca0ba9a1086-groupManagement] INFO  server.RaftServer$Division (RaftServerImpl.java:start(405)) - 6d4f7871-438f-445e-bbd0-5ca0ba9a1086@group-3A95807EC81A: start as a follower, conf=conf: {index: -1, cur=peers:[cb442068-6d75-4200-81e8-5fb60de94381|127.0.0.1:15047, 2ad521b7-7a63-459b-9c84-f917bba20586|127.0.0.1:15039, 6d4f7871-438f-445e-bbd0-5ca0ba9a1086|127.0.0.1:15055]|listeners:[], old=null}
2025-10-22 08:23:44,525 [6d4f7871-438f-445e-bbd0-5ca0ba9a1086-groupManagement] INFO  server.RaftServer$Division (RaftServerImpl.java:setRole(392)) - 6d4f7871-438f-445e-bbd0-5ca0ba9a1086@group-3A95807EC81A: changes role from      null to FOLLOWER at term 0 for startAsFollower
2025-10-22 08:23:44,525 [6d4f7871-438f-445e-bbd0-5ca0ba9a1086-groupManagement] INFO  impl.RoleInfo (RoleInfo.java:updateAndGet(148)) - 6d4f7871-438f-445e-bbd0-5ca0ba9a1086: start 6d4f7871-438f-445e-bbd0-5ca0ba9a1086@group-3A95807EC81A-FollowerState
2025-10-22 08:23:44,526 [6d4f7871-438f-445e-bbd0-5ca0ba9a1086-groupManagement] INFO  util.JmxRegister (JmxRegister.java:tryRegister(44)) - Successfully registered JMX Bean with object name Ratis:service=RaftServer,group=group-3A95807EC81A,id=6d4f7871-438f-445e-bbd0-5ca0ba9a1086
2025-10-22 08:23:44,526 [6d4f7871-438f-445e-bbd0-5ca0ba9a1086-groupManagement] INFO  util.JmxRegister (JmxRegister.java:register(58)) - register mxBean class org.apache.ratis.server.impl.RaftServerJmxAdapter as Ratis:service=RaftServer,group=group-3A95807EC81A,id=6d4f7871-438f-445e-bbd0-5ca0ba9a1086
2025-10-22 08:23:44,527 [6d4f7871-438f-445e-bbd0-5ca0ba9a1086-groupManagement] INFO  server.RaftServer$Division (RaftServerImpl.java:start(419)) - 6d4f7871-438f-445e-bbd0-5ca0ba9a1086@group-3A95807EC81A: Successfully started.
2025-10-22 08:23:44,549 [grpc-default-executor-1] INFO  server.RaftServer (RaftServerProxy.java:addNew(105)) - cb442068-6d75-4200-81e8-5fb60de94381: addNew group-3A95807EC81A:[cb442068-6d75-4200-81e8-5fb60de94381|127.0.0.1:15047, 2ad521b7-7a63-459b-9c84-f917bba20586|127.0.0.1:15039, 6d4f7871-438f-445e-bbd0-5ca0ba9a1086|127.0.0.1:15055] returns group-3A95807EC81A:java.util.concurrent.CompletableFuture@4420e6ec[Not completed]
2025-10-22 08:23:44,553 [cb442068-6d75-4200-81e8-5fb60de94381-groupManagement] INFO  server.RaftServer$Division (RaftServerImpl.java:<init>(268)) - cb442068-6d75-4200-81e8-5fb60de94381: new RaftServerImpl for group-3A95807EC81A:[cb442068-6d75-4200-81e8-5fb60de94381|127.0.0.1:15047, 2ad521b7-7a63-459b-9c84-f917bba20586|127.0.0.1:15039, 6d4f7871-438f-445e-bbd0-5ca0ba9a1086|127.0.0.1:15055] with ContainerStateMachine:uninitialized
2025-10-22 08:23:44,554 [cb442068-6d75-4200-81e8-5fb60de94381-groupManagement] INFO  server.RaftServer$Division (ServerState.java:<init>(114)) - cb442068-6d75-4200-81e8-5fb60de94381@group-3A95807EC81A: ConfigurationManager, init=conf: {index: -1, cur=peers:[cb442068-6d75-4200-81e8-5fb60de94381|127.0.0.1:15047, 2ad521b7-7a63-459b-9c84-f917bba20586|127.0.0.1:15039, 6d4f7871-438f-445e-bbd0-5ca0ba9a1086|127.0.0.1:15055]|listeners:[], old=null}, confs=<EMPTY_MAP>
2025-10-22 08:23:44,561 [cb442068-6d75-4200-81e8-5fb60de94381-groupManagement] INFO  server.RaftServerConfigKeys (ConfUtils.java:logGet(62)) - raft.server.storage.dir = [/home/runner/work/ozone/ozone/hadoop-ozone/integration-test/target/test-dir/MiniOzoneClusterImpl-a412b9f6-7d8b-4de3-a85c-9946bceaa3a0/ozone-metadata/datanode-5/ratis] (custom)
2025-10-22 08:23:44,561 [cb442068-6d75-4200-81e8-5fb60de94381-groupManagement] INFO  storage.RaftStorageDirectory (RaftStorageDirectoryImpl.java:analyzeStorage(138)) - The storage directory /home/runner/work/ozone/ozone/hadoop-ozone/integration-test/target/test-dir/MiniOzoneClusterImpl-a412b9f6-7d8b-4de3-a85c-9946bceaa3a0/ozone-metadata/datanode-5/ratis/950b34fe-84b2-4801-9880-3a95807ec81a does not exist. Creating ...
2025-10-22 08:23:44,563 [cb442068-6d75-4200-81e8-5fb60de94381-groupManagement] INFO  storage.RaftStorageDirectory (RaftStorageDirectoryImpl.java:tryLock(229)) - Lock on /home/runner/work/ozone/ozone/hadoop-ozone/integration-test/target/test-dir/MiniOzoneClusterImpl-a412b9f6-7d8b-4de3-a85c-9946bceaa3a0/ozone-metadata/datanode-5/ratis/950b34fe-84b2-4801-9880-3a95807ec81a/in_use.lock acquired by nodename 57193@localhost
2025-10-22 08:23:44,566 [cb442068-6d75-4200-81e8-5fb60de94381-groupManagement] INFO  storage.RaftStorage (RaftStorageImpl.java:format(98)) - Storage directory /home/runner/work/ozone/ozone/hadoop-ozone/integration-test/target/test-dir/MiniOzoneClusterImpl-a412b9f6-7d8b-4de3-a85c-9946bceaa3a0/ozone-metadata/datanode-5/ratis/950b34fe-84b2-4801-9880-3a95807ec81a has been successfully formatted.
2025-10-22 08:23:44,567 [cb442068-6d75-4200-81e8-5fb60de94381-groupManagement] INFO  ratis.ContainerStateMachine (ContainerStateMachine.java:initialize(339)) - cb442068-6d75-4200-81e8-5fb60de94381: initialize group-3A95807EC81A
2025-10-22 08:23:44,567 [cb442068-6d75-4200-81e8-5fb60de94381-groupManagement] INFO  ratis.ContainerStateMachine (ContainerStateMachine.java:loadSnapshot(347)) - group-3A95807EC81A: The snapshot info is null. Setting the last applied index to:<INITIAL_VALUE>
2025-10-22 08:23:44,567 [cb442068-6d75-4200-81e8-5fb60de94381-groupManagement] INFO  server.RaftServerConfigKeys (ConfUtils.java:logGet(62)) - raft.server.log.appender.buffer.byte-limit = 33554432 (custom)
2025-10-22 08:23:44,572 [cb442068-6d75-4200-81e8-5fb60de94381-groupManagement] INFO  server.RaftServerConfigKeys (ConfUtils.java:logGet(62)) - raft.server.log.segment.size.max = 67108864 (custom)
2025-10-22 08:23:44,573 [cb442068-6d75-4200-81e8-5fb60de94381-groupManagement] INFO  server.RaftServerConfigKeys (ConfUtils.java:logGet(62)) - raft.server.log.appender.buffer.byte-limit = 33554432 (custom)
2025-10-22 08:23:44,574 [cb442068-6d75-4200-81e8-5fb60de94381-groupManagement] INFO  util.AwaitToRun (AwaitToRun.java:start(81)) - Thread[#1283,cb442068-6d75-4200-81e8-5fb60de94381@group-3A95807EC81A-cacheEviction-AwaitToRun,5,main] started
2025-10-22 08:23:44,574 [cb442068-6d75-4200-81e8-5fb60de94381-groupManagement] INFO  segmented.SegmentedRaftLogWorker (SegmentedRaftLogWorker.java:<init>(190)) - new cb442068-6d75-4200-81e8-5fb60de94381@group-3A95807EC81A-SegmentedRaftLogWorker for RaftStorageImpl:Storage Directory /home/runner/work/ozone/ozone/hadoop-ozone/integration-test/target/test-dir/MiniOzoneClusterImpl-a412b9f6-7d8b-4de3-a85c-9946bceaa3a0/ozone-metadata/datanode-5/ratis/950b34fe-84b2-4801-9880-3a95807ec81a
2025-10-22 08:23:44,575 [cb442068-6d75-4200-81e8-5fb60de94381-groupManagement] INFO  server.RaftServerConfigKeys (ConfUtils.java:logGet(62)) - raft.server.log.queue.byte-limit = 4294967296 (custom)
2025-10-22 08:23:44,575 [cb442068-6d75-4200-81e8-5fb60de94381-groupManagement] INFO  server.RaftServerConfigKeys (ConfUtils.java:logGet(62)) - raft.server.log.segment.size.max = 67108864 (custom)
2025-10-22 08:23:44,575 [cb442068-6d75-4200-81e8-5fb60de94381-groupManagement] INFO  server.RaftServerConfigKeys (ConfUtils.java:logGet(62)) - raft.server.log.preallocated.size = 4194304 (custom)
2025-10-22 08:23:44,576 [cb442068-6d75-4200-81e8-5fb60de94381-groupManagement] INFO  server.RaftServerConfigKeys (ConfUtils.java:logGet(62)) - raft.server.log.write.buffer.size = 33554440 (custom)
2025-10-22 08:23:44,582 [cb442068-6d75-4200-81e8-5fb60de94381-groupManagement] INFO  server.RaftServerConfigKeys (ConfUtils.java:logGet(62)) - raft.server.log.appender.buffer.byte-limit = 33554432 (custom)
2025-10-22 08:23:44,583 [cb442068-6d75-4200-81e8-5fb60de94381-groupManagement] INFO  segmented.SegmentedRaftLogWorker (SegmentedRaftLogWorker.java:lambda$new$0(141)) - cb442068-6d75-4200-81e8-5fb60de94381@group-3A95807EC81A-SegmentedRaftLogWorker: flushIndex: setUnconditionally 0 -> -1
2025-10-22 08:23:44,583 [cb442068-6d75-4200-81e8-5fb60de94381-groupManagement] INFO  segmented.SegmentedRaftLogWorker (SegmentedRaftLogWorker.java:lambda$new$0(141)) - cb442068-6d75-4200-81e8-5fb60de94381@group-3A95807EC81A-SegmentedRaftLogWorker: safeCacheEvictIndex: setUnconditionally 0 -> -1
2025-10-22 08:23:44,584 [cb442068-6d75-4200-81e8-5fb60de94381-groupManagement] INFO  server.RaftServer$Division (RaftServerImpl.java:start(405)) - cb442068-6d75-4200-81e8-5fb60de94381@group-3A95807EC81A: start as a follower, conf=conf: {index: -1, cur=peers:[cb442068-6d75-4200-81e8-5fb60de94381|127.0.0.1:15047, 2ad521b7-7a63-459b-9c84-f917bba20586|127.0.0.1:15039, 6d4f7871-438f-445e-bbd0-5ca0ba9a1086|127.0.0.1:15055]|listeners:[], old=null}
2025-10-22 08:23:44,585 [cb442068-6d75-4200-81e8-5fb60de94381-groupManagement] INFO  server.RaftServer$Division (RaftServerImpl.java:setRole(392)) - cb442068-6d75-4200-81e8-5fb60de94381@group-3A95807EC81A: changes role from      null to FOLLOWER at term 0 for startAsFollower
2025-10-22 08:23:44,585 [cb442068-6d75-4200-81e8-5fb60de94381-groupManagement] INFO  impl.RoleInfo (RoleInfo.java:updateAndGet(148)) - cb442068-6d75-4200-81e8-5fb60de94381: start cb442068-6d75-4200-81e8-5fb60de94381@group-3A95807EC81A-FollowerState
2025-10-22 08:23:44,586 [cb442068-6d75-4200-81e8-5fb60de94381-groupManagement] INFO  util.JmxRegister (JmxRegister.java:tryRegister(44)) - Successfully registered JMX Bean with object name Ratis:service=RaftServer,group=group-3A95807EC81A,id=cb442068-6d75-4200-81e8-5fb60de94381
2025-10-22 08:23:44,586 [cb442068-6d75-4200-81e8-5fb60de94381-groupManagement] INFO  util.JmxRegister (JmxRegister.java:register(58)) - register mxBean class org.apache.ratis.server.impl.RaftServerJmxAdapter as Ratis:service=RaftServer,group=group-3A95807EC81A,id=cb442068-6d75-4200-81e8-5fb60de94381
2025-10-22 08:23:44,587 [cb442068-6d75-4200-81e8-5fb60de94381-groupManagement] INFO  server.RaftServer$Division (RaftServerImpl.java:start(419)) - cb442068-6d75-4200-81e8-5fb60de94381@group-3A95807EC81A: Successfully started.
2025-10-22 08:23:44,593 [2ad521b7-7a63-459b-9c84-f917bba20586-CreatePipelineCommandHandlerThread-0] INFO  commandhandler.CreatePipelineCommandHandler (CreatePipelineCommandHandler.java:lambda$handle$2(141)) - Created Pipeline RATIS THREE Pipeline-950b34fe-84b2-4801-9880-3a95807ec81a.
2025-10-22 08:23:44,594 [2ad521b7-7a63-459b-9c84-f917bba20586-CreatePipelineCommandHandlerThread-0] INFO  server.RaftServer (RaftServerProxy.java:addNew(105)) - 2ad521b7-7a63-459b-9c84-f917bba20586: addNew group-7FAEB03FEB04:[cb442068-6d75-4200-81e8-5fb60de94381|127.0.0.1:15047, 2ad521b7-7a63-459b-9c84-f917bba20586|127.0.0.1:15039, 6d4f7871-438f-445e-bbd0-5ca0ba9a1086|127.0.0.1:15055] returns group-7FAEB03FEB04:java.util.concurrent.CompletableFuture@8c0aa5d[Not completed]
2025-10-22 08:23:44,596 [2ad521b7-7a63-459b-9c84-f917bba20586-groupManagement] INFO  server.RaftServer$Division (RaftServerImpl.java:<init>(268)) - 2ad521b7-7a63-459b-9c84-f917bba20586: new RaftServerImpl for group-7FAEB03FEB04:[cb442068-6d75-4200-81e8-5fb60de94381|127.0.0.1:15047, 2ad521b7-7a63-459b-9c84-f917bba20586|127.0.0.1:15039, 6d4f7871-438f-445e-bbd0-5ca0ba9a1086|127.0.0.1:15055] with ContainerStateMachine:uninitialized
2025-10-22 08:23:44,596 [2ad521b7-7a63-459b-9c84-f917bba20586-groupManagement] INFO  server.RaftServer$Division (ServerState.java:<init>(114)) - 2ad521b7-7a63-459b-9c84-f917bba20586@group-7FAEB03FEB04: ConfigurationManager, init=conf: {index: -1, cur=peers:[cb442068-6d75-4200-81e8-5fb60de94381|127.0.0.1:15047, 2ad521b7-7a63-459b-9c84-f917bba20586|127.0.0.1:15039, 6d4f7871-438f-445e-bbd0-5ca0ba9a1086|127.0.0.1:15055]|listeners:[], old=null}, confs=<EMPTY_MAP>
2025-10-22 08:23:44,600 [2ad521b7-7a63-459b-9c84-f917bba20586-groupManagement] INFO  server.RaftServerConfigKeys (ConfUtils.java:logGet(62)) - raft.server.storage.dir = [/home/runner/work/ozone/ozone/hadoop-ozone/integration-test/target/test-dir/MiniOzoneClusterImpl-a412b9f6-7d8b-4de3-a85c-9946bceaa3a0/ozone-metadata/datanode-4/ratis] (custom)
2025-10-22 08:23:44,601 [2ad521b7-7a63-459b-9c84-f917bba20586-groupManagement] INFO  storage.RaftStorageDirectory (RaftStorageDirectoryImpl.java:analyzeStorage(138)) - The storage directory /home/runner/work/ozone/ozone/hadoop-ozone/integration-test/target/test-dir/MiniOzoneClusterImpl-a412b9f6-7d8b-4de3-a85c-9946bceaa3a0/ozone-metadata/datanode-4/ratis/fe9dd386-adf3-4bbb-9fa5-7faeb03feb04 does not exist. Creating ...
2025-10-22 08:23:44,602 [2ad521b7-7a63-459b-9c84-f917bba20586-groupManagement] INFO  storage.RaftStorageDirectory (RaftStorageDirectoryImpl.java:tryLock(229)) - Lock on /home/runner/work/ozone/ozone/hadoop-ozone/integration-test/target/test-dir/MiniOzoneClusterImpl-a412b9f6-7d8b-4de3-a85c-9946bceaa3a0/ozone-metadata/datanode-4/ratis/fe9dd386-adf3-4bbb-9fa5-7faeb03feb04/in_use.lock acquired by nodename 57193@localhost
2025-10-22 08:23:44,603 [2ad521b7-7a63-459b-9c84-f917bba20586-groupManagement] INFO  storage.RaftStorage (RaftStorageImpl.java:format(98)) - Storage directory /home/runner/work/ozone/ozone/hadoop-ozone/integration-test/target/test-dir/MiniOzoneClusterImpl-a412b9f6-7d8b-4de3-a85c-9946bceaa3a0/ozone-metadata/datanode-4/ratis/fe9dd386-adf3-4bbb-9fa5-7faeb03feb04 has been successfully formatted.
2025-10-22 08:23:44,603 [2ad521b7-7a63-459b-9c84-f917bba20586-groupManagement] INFO  ratis.ContainerStateMachine (ContainerStateMachine.java:initialize(339)) - 2ad521b7-7a63-459b-9c84-f917bba20586: initialize group-7FAEB03FEB04
2025-10-22 08:23:44,603 [2ad521b7-7a63-459b-9c84-f917bba20586-groupManagement] INFO  ratis.ContainerStateMachine (ContainerStateMachine.java:loadSnapshot(347)) - group-7FAEB03FEB04: The snapshot info is null. Setting the last applied index to:<INITIAL_VALUE>
2025-10-22 08:23:44,604 [2ad521b7-7a63-459b-9c84-f917bba20586-groupManagement] INFO  server.RaftServerConfigKeys (ConfUtils.java:logGet(62)) - raft.server.log.appender.buffer.byte-limit = 33554432 (custom)
2025-10-22 08:23:44,606 [2ad521b7-7a63-459b-9c84-f917bba20586-groupManagement] INFO  server.RaftServerConfigKeys (ConfUtils.java:logGet(62)) - raft.server.log.segment.size.max = 67108864 (custom)
2025-10-22 08:23:44,606 [2ad521b7-7a63-459b-9c84-f917bba20586-groupManagement] INFO  server.RaftServerConfigKeys (ConfUtils.java:logGet(62)) - raft.server.log.appender.buffer.byte-limit = 33554432 (custom)
2025-10-22 08:23:44,607 [2ad521b7-7a63-459b-9c84-f917bba20586-groupManagement] INFO  util.AwaitToRun (AwaitToRun.java:start(81)) - Thread[#1290,2ad521b7-7a63-459b-9c84-f917bba20586@group-7FAEB03FEB04-cacheEviction-AwaitToRun,5,main] started
2025-10-22 08:23:44,607 [2ad521b7-7a63-459b-9c84-f917bba20586-groupManagement] INFO  segmented.SegmentedRaftLogWorker (SegmentedRaftLogWorker.java:<init>(190)) - new 2ad521b7-7a63-459b-9c84-f917bba20586@group-7FAEB03FEB04-SegmentedRaftLogWorker for RaftStorageImpl:Storage Directory /home/runner/work/ozone/ozone/hadoop-ozone/integration-test/target/test-dir/MiniOzoneClusterImpl-a412b9f6-7d8b-4de3-a85c-9946bceaa3a0/ozone-metadata/datanode-4/ratis/fe9dd386-adf3-4bbb-9fa5-7faeb03feb04
2025-10-22 08:23:44,607 [2ad521b7-7a63-459b-9c84-f917bba20586-groupManagement] INFO  server.RaftServerConfigKeys (ConfUtils.java:logGet(62)) - raft.server.log.queue.byte-limit = 4294967296 (custom)
2025-10-22 08:23:44,608 [2ad521b7-7a63-459b-9c84-f917bba20586-groupManagement] INFO  server.RaftServerConfigKeys (ConfUtils.java:logGet(62)) - raft.server.log.segment.size.max = 67108864 (custom)
2025-10-22 08:23:44,608 [2ad521b7-7a63-459b-9c84-f917bba20586-groupManagement] INFO  server.RaftServerConfigKeys (ConfUtils.java:logGet(62)) - raft.server.log.preallocated.size = 4194304 (custom)
2025-10-22 08:23:44,608 [2ad521b7-7a63-459b-9c84-f917bba20586-groupManagement] INFO  server.RaftServerConfigKeys (ConfUtils.java:logGet(62)) - raft.server.log.write.buffer.size = 33554440 (custom)
2025-10-22 08:23:44,613 [2ad521b7-7a63-459b-9c84-f917bba20586-groupManagement] INFO  server.RaftServerConfigKeys (ConfUtils.java:logGet(62)) - raft.server.log.appender.buffer.byte-limit = 33554432 (custom)
2025-10-22 08:23:44,613 [2ad521b7-7a63-459b-9c84-f917bba20586-groupManagement] INFO  segmented.SegmentedRaftLogWorker (SegmentedRaftLogWorker.java:lambda$new$0(141)) - 2ad521b7-7a63-459b-9c84-f917bba20586@group-7FAEB03FEB04-SegmentedRaftLogWorker: flushIndex: setUnconditionally 0 -> -1
2025-10-22 08:23:44,613 [2ad521b7-7a63-459b-9c84-f917bba20586-groupManagement] INFO  segmented.SegmentedRaftLogWorker (SegmentedRaftLogWorker.java:lambda$new$0(141)) - 2ad521b7-7a63-459b-9c84-f917bba20586@group-7FAEB03FEB04-SegmentedRaftLogWorker: safeCacheEvictIndex: setUnconditionally 0 -> -1
2025-10-22 08:23:44,613 [2ad521b7-7a63-459b-9c84-f917bba20586-groupManagement] INFO  server.RaftServer$Division (RaftServerImpl.java:start(405)) - 2ad521b7-7a63-459b-9c84-f917bba20586@group-7FAEB03FEB04: start as a follower, conf=conf: {index: -1, cur=peers:[cb442068-6d75-4200-81e8-5fb60de94381|127.0.0.1:15047, 2ad521b7-7a63-459b-9c84-f917bba20586|127.0.0.1:15039, 6d4f7871-438f-445e-bbd0-5ca0ba9a1086|127.0.0.1:15055]|listeners:[], old=null}
2025-10-22 08:23:44,613 [2ad521b7-7a63-459b-9c84-f917bba20586-groupManagement] INFO  server.RaftServer$Division (RaftServerImpl.java:setRole(392)) - 2ad521b7-7a63-459b-9c84-f917bba20586@group-7FAEB03FEB04: changes role from      null to FOLLOWER at term 0 for startAsFollower
2025-10-22 08:23:44,614 [2ad521b7-7a63-459b-9c84-f917bba20586-groupManagement] INFO  impl.RoleInfo (RoleInfo.java:updateAndGet(148)) - 2ad521b7-7a63-459b-9c84-f917bba20586: start 2ad521b7-7a63-459b-9c84-f917bba20586@group-7FAEB03FEB04-FollowerState
2025-10-22 08:23:44,614 [2ad521b7-7a63-459b-9c84-f917bba20586-groupManagement] INFO  util.JmxRegister (JmxRegister.java:tryRegister(44)) - Successfully registered JMX Bean with object name Ratis:service=RaftServer,group=group-7FAEB03FEB04,id=2ad521b7-7a63-459b-9c84-f917bba20586
2025-10-22 08:23:44,614 [2ad521b7-7a63-459b-9c84-f917bba20586-groupManagement] INFO  util.JmxRegister (JmxRegister.java:register(58)) - register mxBean class org.apache.ratis.server.impl.RaftServerJmxAdapter as Ratis:service=RaftServer,group=group-7FAEB03FEB04,id=2ad521b7-7a63-459b-9c84-f917bba20586
2025-10-22 08:23:44,615 [2ad521b7-7a63-459b-9c84-f917bba20586-groupManagement] INFO  server.RaftServer$Division (RaftServerImpl.java:start(419)) - 2ad521b7-7a63-459b-9c84-f917bba20586@group-7FAEB03FEB04: Successfully started.
2025-10-22 08:23:44,615 [2ad521b7-7a63-459b-9c84-f917bba20586-CreatePipelineCommandHandlerThread-0] INFO  ratis.XceiverServerRatis (XceiverServerRatis.java:addGroup(839)) - Created group Pipeline-fe9dd386-adf3-4bbb-9fa5-7faeb03feb04
2025-10-22 08:23:44,623 [grpc-default-executor-1] INFO  server.RaftServer (RaftServerProxy.java:addNew(105)) - cb442068-6d75-4200-81e8-5fb60de94381: addNew group-7FAEB03FEB04:[cb442068-6d75-4200-81e8-5fb60de94381|127.0.0.1:15047, 2ad521b7-7a63-459b-9c84-f917bba20586|127.0.0.1:15039, 6d4f7871-438f-445e-bbd0-5ca0ba9a1086|127.0.0.1:15055] returns group-7FAEB03FEB04:java.util.concurrent.CompletableFuture@42e32494[Not completed]
2025-10-22 08:23:44,625 [cb442068-6d75-4200-81e8-5fb60de94381-groupManagement] INFO  server.RaftServer$Division (RaftServerImpl.java:<init>(268)) - cb442068-6d75-4200-81e8-5fb60de94381: new RaftServerImpl for group-7FAEB03FEB04:[cb442068-6d75-4200-81e8-5fb60de94381|127.0.0.1:15047, 2ad521b7-7a63-459b-9c84-f917bba20586|127.0.0.1:15039, 6d4f7871-438f-445e-bbd0-5ca0ba9a1086|127.0.0.1:15055] with ContainerStateMachine:uninitialized
2025-10-22 08:23:44,625 [cb442068-6d75-4200-81e8-5fb60de94381-groupManagement] INFO  server.RaftServer$Division (ServerState.java:<init>(114)) - cb442068-6d75-4200-81e8-5fb60de94381@group-7FAEB03FEB04: ConfigurationManager, init=conf: {index: -1, cur=peers:[cb442068-6d75-4200-81e8-5fb60de94381|127.0.0.1:15047, 2ad521b7-7a63-459b-9c84-f917bba20586|127.0.0.1:15039, 6d4f7871-438f-445e-bbd0-5ca0ba9a1086|127.0.0.1:15055]|listeners:[], old=null}, confs=<EMPTY_MAP>
2025-10-22 08:23:44,630 [cb442068-6d75-4200-81e8-5fb60de94381-groupManagement] INFO  server.RaftServerConfigKeys (ConfUtils.java:logGet(62)) - raft.server.storage.dir = [/home/runner/work/ozone/ozone/hadoop-ozone/integration-test/target/test-dir/MiniOzoneClusterImpl-a412b9f6-7d8b-4de3-a85c-9946bceaa3a0/ozone-metadata/datanode-5/ratis] (custom)
2025-10-22 08:23:44,630 [cb442068-6d75-4200-81e8-5fb60de94381-groupManagement] INFO  storage.RaftStorageDirectory (RaftStorageDirectoryImpl.java:analyzeStorage(138)) - The storage directory /home/runner/work/ozone/ozone/hadoop-ozone/integration-test/target/test-dir/MiniOzoneClusterImpl-a412b9f6-7d8b-4de3-a85c-9946bceaa3a0/ozone-metadata/datanode-5/ratis/fe9dd386-adf3-4bbb-9fa5-7faeb03feb04 does not exist. Creating ...
2025-10-22 08:23:44,631 [cb442068-6d75-4200-81e8-5fb60de94381-groupManagement] INFO  storage.RaftStorageDirectory (RaftStorageDirectoryImpl.java:tryLock(229)) - Lock on /home/runner/work/ozone/ozone/hadoop-ozone/integration-test/target/test-dir/MiniOzoneClusterImpl-a412b9f6-7d8b-4de3-a85c-9946bceaa3a0/ozone-metadata/datanode-5/ratis/fe9dd386-adf3-4bbb-9fa5-7faeb03feb04/in_use.lock acquired by nodename 57193@localhost
2025-10-22 08:23:44,632 [cb442068-6d75-4200-81e8-5fb60de94381-groupManagement] INFO  storage.RaftStorage (RaftStorageImpl.java:format(98)) - Storage directory /home/runner/work/ozone/ozone/hadoop-ozone/integration-test/target/test-dir/MiniOzoneClusterImpl-a412b9f6-7d8b-4de3-a85c-9946bceaa3a0/ozone-metadata/datanode-5/ratis/fe9dd386-adf3-4bbb-9fa5-7faeb03feb04 has been successfully formatted.
2025-10-22 08:23:44,632 [cb442068-6d75-4200-81e8-5fb60de94381-groupManagement] INFO  ratis.ContainerStateMachine (ContainerStateMachine.java:initialize(339)) - cb442068-6d75-4200-81e8-5fb60de94381: initialize group-7FAEB03FEB04
2025-10-22 08:23:44,632 [cb442068-6d75-4200-81e8-5fb60de94381-groupManagement] INFO  ratis.ContainerStateMachine (ContainerStateMachine.java:loadSnapshot(347)) - group-7FAEB03FEB04: The snapshot info is null. Setting the last applied index to:<INITIAL_VALUE>
2025-10-22 08:23:44,632 [cb442068-6d75-4200-81e8-5fb60de94381-groupManagement] INFO  server.RaftServerConfigKeys (ConfUtils.java:logGet(62)) - raft.server.log.appender.buffer.byte-limit = 33554432 (custom)
2025-10-22 08:23:44,634 [cb442068-6d75-4200-81e8-5fb60de94381-groupManagement] INFO  server.RaftServerConfigKeys (ConfUtils.java:logGet(62)) - raft.server.log.segment.size.max = 67108864 (custom)
2025-10-22 08:23:44,635 [cb442068-6d75-4200-81e8-5fb60de94381-groupManagement] INFO  server.RaftServerConfigKeys (ConfUtils.java:logGet(62)) - raft.server.log.appender.buffer.byte-limit = 33554432 (custom)
2025-10-22 08:23:44,635 [cb442068-6d75-4200-81e8-5fb60de94381-groupManagement] INFO  util.AwaitToRun (AwaitToRun.java:start(81)) - Thread[#1294,cb442068-6d75-4200-81e8-5fb60de94381@group-7FAEB03FEB04-cacheEviction-AwaitToRun,5,main] started
2025-10-22 08:23:44,635 [cb442068-6d75-4200-81e8-5fb60de94381-groupManagement] INFO  segmented.SegmentedRaftLogWorker (SegmentedRaftLogWorker.java:<init>(190)) - new cb442068-6d75-4200-81e8-5fb60de94381@group-7FAEB03FEB04-SegmentedRaftLogWorker for RaftStorageImpl:Storage Directory /home/runner/work/ozone/ozone/hadoop-ozone/integration-test/target/test-dir/MiniOzoneClusterImpl-a412b9f6-7d8b-4de3-a85c-9946bceaa3a0/ozone-metadata/datanode-5/ratis/fe9dd386-adf3-4bbb-9fa5-7faeb03feb04
2025-10-22 08:23:44,635 [cb442068-6d75-4200-81e8-5fb60de94381-groupManagement] INFO  server.RaftServerConfigKeys (ConfUtils.java:logGet(62)) - raft.server.log.queue.byte-limit = 4294967296 (custom)
2025-10-22 08:23:44,635 [cb442068-6d75-4200-81e8-5fb60de94381-groupManagement] INFO  server.RaftServerConfigKeys (ConfUtils.java:logGet(62)) - raft.server.log.segment.size.max = 67108864 (custom)
2025-10-22 08:23:44,636 [cb442068-6d75-4200-81e8-5fb60de94381-groupManagement] INFO  server.RaftServerConfigKeys (ConfUtils.java:logGet(62)) - raft.server.log.preallocated.size = 4194304 (custom)
2025-10-22 08:23:44,636 [cb442068-6d75-4200-81e8-5fb60de94381-groupManagement] INFO  server.RaftServerConfigKeys (ConfUtils.java:logGet(62)) - raft.server.log.write.buffer.size = 33554440 (custom)
2025-10-22 08:23:44,642 [cb442068-6d75-4200-81e8-5fb60de94381-groupManagement] INFO  server.RaftServerConfigKeys (ConfUtils.java:logGet(62)) - raft.server.log.appender.buffer.byte-limit = 33554432 (custom)
2025-10-22 08:23:44,642 [cb442068-6d75-4200-81e8-5fb60de94381-groupManagement] INFO  segmented.SegmentedRaftLogWorker (SegmentedRaftLogWorker.java:lambda$new$0(141)) - cb442068-6d75-4200-81e8-5fb60de94381@group-7FAEB03FEB04-SegmentedRaftLogWorker: flushIndex: setUnconditionally 0 -> -1
2025-10-22 08:23:44,642 [cb442068-6d75-4200-81e8-5fb60de94381-groupManagement] INFO  segmented.SegmentedRaftLogWorker (SegmentedRaftLogWorker.java:lambda$new$0(141)) - cb442068-6d75-4200-81e8-5fb60de94381@group-7FAEB03FEB04-SegmentedRaftLogWorker: safeCacheEvictIndex: setUnconditionally 0 -> -1
2025-10-22 08:23:44,643 [cb442068-6d75-4200-81e8-5fb60de94381-groupManagement] INFO  server.RaftServer$Division (RaftServerImpl.java:start(405)) - cb442068-6d75-4200-81e8-5fb60de94381@group-7FAEB03FEB04: start as a follower, conf=conf: {index: -1, cur=peers:[cb442068-6d75-4200-81e8-5fb60de94381|127.0.0.1:15047, 2ad521b7-7a63-459b-9c84-f917bba20586|127.0.0.1:15039, 6d4f7871-438f-445e-bbd0-5ca0ba9a1086|127.0.0.1:15055]|listeners:[], old=null}
2025-10-22 08:23:44,643 [cb442068-6d75-4200-81e8-5fb60de94381-groupManagement] INFO  server.RaftServer$Division (RaftServerImpl.java:setRole(392)) - cb442068-6d75-4200-81e8-5fb60de94381@group-7FAEB03FEB04: changes role from      null to FOLLOWER at term 0 for startAsFollower
2025-10-22 08:23:44,643 [cb442068-6d75-4200-81e8-5fb60de94381-groupManagement] INFO  impl.RoleInfo (RoleInfo.java:updateAndGet(148)) - cb442068-6d75-4200-81e8-5fb60de94381: start cb442068-6d75-4200-81e8-5fb60de94381@group-7FAEB03FEB04-FollowerState
2025-10-22 08:23:44,643 [cb442068-6d75-4200-81e8-5fb60de94381-groupManagement] INFO  util.JmxRegister (JmxRegister.java:tryRegister(44)) - Successfully registered JMX Bean with object name Ratis:service=RaftServer,group=group-7FAEB03FEB04,id=cb442068-6d75-4200-81e8-5fb60de94381
2025-10-22 08:23:44,643 [cb442068-6d75-4200-81e8-5fb60de94381-groupManagement] INFO  util.JmxRegister (JmxRegister.java:register(58)) - register mxBean class org.apache.ratis.server.impl.RaftServerJmxAdapter as Ratis:service=RaftServer,group=group-7FAEB03FEB04,id=cb442068-6d75-4200-81e8-5fb60de94381
2025-10-22 08:23:44,645 [cb442068-6d75-4200-81e8-5fb60de94381-groupManagement] INFO  server.RaftServer$Division (RaftServerImpl.java:start(419)) - cb442068-6d75-4200-81e8-5fb60de94381@group-7FAEB03FEB04: Successfully started.
2025-10-22 08:23:44,658 [grpc-default-executor-1] INFO  server.RaftServer (RaftServerProxy.java:addNew(105)) - 6d4f7871-438f-445e-bbd0-5ca0ba9a1086: addNew group-7FAEB03FEB04:[cb442068-6d75-4200-81e8-5fb60de94381|127.0.0.1:15047, 2ad521b7-7a63-459b-9c84-f917bba20586|127.0.0.1:15039, 6d4f7871-438f-445e-bbd0-5ca0ba9a1086|127.0.0.1:15055] returns group-7FAEB03FEB04:java.util.concurrent.CompletableFuture@64fdc14e[Not completed]
2025-10-22 08:23:44,661 [6d4f7871-438f-445e-bbd0-5ca0ba9a1086-groupManagement] INFO  server.RaftServer$Division (RaftServerImpl.java:<init>(268)) - 6d4f7871-438f-445e-bbd0-5ca0ba9a1086: new RaftServerImpl for group-7FAEB03FEB04:[cb442068-6d75-4200-81e8-5fb60de94381|127.0.0.1:15047, 2ad521b7-7a63-459b-9c84-f917bba20586|127.0.0.1:15039, 6d4f7871-438f-445e-bbd0-5ca0ba9a1086|127.0.0.1:15055] with ContainerStateMachine:uninitialized
2025-10-22 08:23:44,661 [6d4f7871-438f-445e-bbd0-5ca0ba9a1086-groupManagement] INFO  server.RaftServer$Division (ServerState.java:<init>(114)) - 6d4f7871-438f-445e-bbd0-5ca0ba9a1086@group-7FAEB03FEB04: ConfigurationManager, init=conf: {index: -1, cur=peers:[cb442068-6d75-4200-81e8-5fb60de94381|127.0.0.1:15047, 2ad521b7-7a63-459b-9c84-f917bba20586|127.0.0.1:15039, 6d4f7871-438f-445e-bbd0-5ca0ba9a1086|127.0.0.1:15055]|listeners:[], old=null}, confs=<EMPTY_MAP>
2025-10-22 08:23:44,666 [6d4f7871-438f-445e-bbd0-5ca0ba9a1086-groupManagement] INFO  server.RaftServerConfigKeys (ConfUtils.java:logGet(62)) - raft.server.storage.dir = [/home/runner/work/ozone/ozone/hadoop-ozone/integration-test/target/test-dir/MiniOzoneClusterImpl-a412b9f6-7d8b-4de3-a85c-9946bceaa3a0/ozone-metadata/datanode-6/ratis] (custom)
2025-10-22 08:23:44,667 [6d4f7871-438f-445e-bbd0-5ca0ba9a1086-groupManagement] INFO  storage.RaftStorageDirectory (RaftStorageDirectoryImpl.java:analyzeStorage(138)) - The storage directory /home/runner/work/ozone/ozone/hadoop-ozone/integration-test/target/test-dir/MiniOzoneClusterImpl-a412b9f6-7d8b-4de3-a85c-9946bceaa3a0/ozone-metadata/datanode-6/ratis/fe9dd386-adf3-4bbb-9fa5-7faeb03feb04 does not exist. Creating ...
2025-10-22 08:23:44,668 [6d4f7871-438f-445e-bbd0-5ca0ba9a1086-groupManagement] INFO  storage.RaftStorageDirectory (RaftStorageDirectoryImpl.java:tryLock(229)) - Lock on /home/runner/work/ozone/ozone/hadoop-ozone/integration-test/target/test-dir/MiniOzoneClusterImpl-a412b9f6-7d8b-4de3-a85c-9946bceaa3a0/ozone-metadata/datanode-6/ratis/fe9dd386-adf3-4bbb-9fa5-7faeb03feb04/in_use.lock acquired by nodename 57193@localhost
2025-10-22 08:23:44,670 [6d4f7871-438f-445e-bbd0-5ca0ba9a1086-groupManagement] INFO  storage.RaftStorage (RaftStorageImpl.java:format(98)) - Storage directory /home/runner/work/ozone/ozone/hadoop-ozone/integration-test/target/test-dir/MiniOzoneClusterImpl-a412b9f6-7d8b-4de3-a85c-9946bceaa3a0/ozone-metadata/datanode-6/ratis/fe9dd386-adf3-4bbb-9fa5-7faeb03feb04 has been successfully formatted.
2025-10-22 08:23:44,671 [6d4f7871-438f-445e-bbd0-5ca0ba9a1086-groupManagement] INFO  ratis.ContainerStateMachine (ContainerStateMachine.java:initialize(339)) - 6d4f7871-438f-445e-bbd0-5ca0ba9a1086: initialize group-7FAEB03FEB04
2025-10-22 08:23:44,671 [6d4f7871-438f-445e-bbd0-5ca0ba9a1086-groupManagement] INFO  ratis.ContainerStateMachine (ContainerStateMachine.java:loadSnapshot(347)) - group-7FAEB03FEB04: The snapshot info is null. Setting the last applied index to:<INITIAL_VALUE>
2025-10-22 08:23:44,671 [6d4f7871-438f-445e-bbd0-5ca0ba9a1086-groupManagement] INFO  server.RaftServerConfigKeys (ConfUtils.java:logGet(62)) - raft.server.log.appender.buffer.byte-limit = 33554432 (custom)
2025-10-22 08:23:44,674 [6d4f7871-438f-445e-bbd0-5ca0ba9a1086-groupManagement] INFO  server.RaftServerConfigKeys (ConfUtils.java:logGet(62)) - raft.server.log.segment.size.max = 67108864 (custom)
2025-10-22 08:23:44,675 [6d4f7871-438f-445e-bbd0-5ca0ba9a1086-groupManagement] INFO  server.RaftServerConfigKeys (ConfUtils.java:logGet(62)) - raft.server.log.appender.buffer.byte-limit = 33554432 (custom)
2025-10-22 08:23:44,675 [6d4f7871-438f-445e-bbd0-5ca0ba9a1086-groupManagement] INFO  util.AwaitToRun (AwaitToRun.java:start(81)) - Thread[#1301,6d4f7871-438f-445e-bbd0-5ca0ba9a1086@group-7FAEB03FEB04-cacheEviction-AwaitToRun,5,main] started
2025-10-22 08:23:44,675 [6d4f7871-438f-445e-bbd0-5ca0ba9a1086-groupManagement] INFO  segmented.SegmentedRaftLogWorker (SegmentedRaftLogWorker.java:<init>(190)) - new 6d4f7871-438f-445e-bbd0-5ca0ba9a1086@group-7FAEB03FEB04-SegmentedRaftLogWorker for RaftStorageImpl:Storage Directory /home/runner/work/ozone/ozone/hadoop-ozone/integration-test/target/test-dir/MiniOzoneClusterImpl-a412b9f6-7d8b-4de3-a85c-9946bceaa3a0/ozone-metadata/datanode-6/ratis/fe9dd386-adf3-4bbb-9fa5-7faeb03feb04
2025-10-22 08:23:44,675 [6d4f7871-438f-445e-bbd0-5ca0ba9a1086-groupManagement] INFO  server.RaftServerConfigKeys (ConfUtils.java:logGet(62)) - raft.server.log.queue.byte-limit = 4294967296 (custom)
2025-10-22 08:23:44,675 [6d4f7871-438f-445e-bbd0-5ca0ba9a1086-groupManagement] INFO  server.RaftServerConfigKeys (ConfUtils.java:logGet(62)) - raft.server.log.segment.size.max = 67108864 (custom)
2025-10-22 08:23:44,675 [6d4f7871-438f-445e-bbd0-5ca0ba9a1086-groupManagement] INFO  server.RaftServerConfigKeys (ConfUtils.java:logGet(62)) - raft.server.log.preallocated.size = 4194304 (custom)
2025-10-22 08:23:44,676 [6d4f7871-438f-445e-bbd0-5ca0ba9a1086-groupManagement] INFO  server.RaftServerConfigKeys (ConfUtils.java:logGet(62)) - raft.server.log.write.buffer.size = 33554440 (custom)
2025-10-22 08:23:44,681 [6d4f7871-438f-445e-bbd0-5ca0ba9a1086-groupManagement] INFO  server.RaftServerConfigKeys (ConfUtils.java:logGet(62)) - raft.server.log.appender.buffer.byte-limit = 33554432 (custom)
2025-10-22 08:23:44,681 [6d4f7871-438f-445e-bbd0-5ca0ba9a1086-groupManagement] INFO  segmented.SegmentedRaftLogWorker (SegmentedRaftLogWorker.java:lambda$new$0(141)) - 6d4f7871-438f-445e-bbd0-5ca0ba9a1086@group-7FAEB03FEB04-SegmentedRaftLogWorker: flushIndex: setUnconditionally 0 -> -1
2025-10-22 08:23:44,681 [6d4f7871-438f-445e-bbd0-5ca0ba9a1086-groupManagement] INFO  segmented.SegmentedRaftLogWorker (SegmentedRaftLogWorker.java:lambda$new$0(141)) - 6d4f7871-438f-445e-bbd0-5ca0ba9a1086@group-7FAEB03FEB04-SegmentedRaftLogWorker: safeCacheEvictIndex: setUnconditionally 0 -> -1
2025-10-22 08:23:44,681 [6d4f7871-438f-445e-bbd0-5ca0ba9a1086-groupManagement] INFO  server.RaftServer$Division (RaftServerImpl.java:start(405)) - 6d4f7871-438f-445e-bbd0-5ca0ba9a1086@group-7FAEB03FEB04: start as a follower, conf=conf: {index: -1, cur=peers:[cb442068-6d75-4200-81e8-5fb60de94381|127.0.0.1:15047, 2ad521b7-7a63-459b-9c84-f917bba20586|127.0.0.1:15039, 6d4f7871-438f-445e-bbd0-5ca0ba9a1086|127.0.0.1:15055]|listeners:[], old=null}
2025-10-22 08:23:44,682 [6d4f7871-438f-445e-bbd0-5ca0ba9a1086-groupManagement] INFO  server.RaftServer$Division (RaftServerImpl.java:setRole(392)) - 6d4f7871-438f-445e-bbd0-5ca0ba9a1086@group-7FAEB03FEB04: changes role from      null to FOLLOWER at term 0 for startAsFollower
2025-10-22 08:23:44,682 [6d4f7871-438f-445e-bbd0-5ca0ba9a1086-groupManagement] INFO  impl.RoleInfo (RoleInfo.java:updateAndGet(148)) - 6d4f7871-438f-445e-bbd0-5ca0ba9a1086: start 6d4f7871-438f-445e-bbd0-5ca0ba9a1086@group-7FAEB03FEB04-FollowerState
2025-10-22 08:23:44,682 [6d4f7871-438f-445e-bbd0-5ca0ba9a1086-groupManagement] INFO  util.JmxRegister (JmxRegister.java:tryRegister(44)) - Successfully registered JMX Bean with object name Ratis:service=RaftServer,group=group-7FAEB03FEB04,id=6d4f7871-438f-445e-bbd0-5ca0ba9a1086
2025-10-22 08:23:44,682 [6d4f7871-438f-445e-bbd0-5ca0ba9a1086-groupManagement] INFO  util.JmxRegister (JmxRegister.java:register(58)) - register mxBean class org.apache.ratis.server.impl.RaftServerJmxAdapter as Ratis:service=RaftServer,group=group-7FAEB03FEB04,id=6d4f7871-438f-445e-bbd0-5ca0ba9a1086
2025-10-22 08:23:44,683 [6d4f7871-438f-445e-bbd0-5ca0ba9a1086-groupManagement] INFO  server.RaftServer$Division (RaftServerImpl.java:start(419)) - 6d4f7871-438f-445e-bbd0-5ca0ba9a1086@group-7FAEB03FEB04: Successfully started.
2025-10-22 08:23:44,689 [2ad521b7-7a63-459b-9c84-f917bba20586-CreatePipelineCommandHandlerThread-0] INFO  commandhandler.CreatePipelineCommandHandler (CreatePipelineCommandHandler.java:lambda$handle$2(141)) - Created Pipeline RATIS THREE Pipeline-fe9dd386-adf3-4bbb-9fa5-7faeb03feb04.
2025-10-22 08:23:44,733 [1c036820-4dbe-4abe-80fb-5ca88de5e2f0@group-83D1472516EC-FollowerState] INFO  impl.FollowerState (FollowerState.java:runImpl(161)) - 1c036820-4dbe-4abe-80fb-5ca88de5e2f0@group-83D1472516EC-FollowerState: change to CANDIDATE, lastRpcElapsedTime:1105438039ns, electionTimeout:1104ms
2025-10-22 08:23:44,733 [1c036820-4dbe-4abe-80fb-5ca88de5e2f0@group-83D1472516EC-FollowerState] INFO  impl.RoleInfo (RoleInfo.java:shutdownFollowerState(121)) - 1c036820-4dbe-4abe-80fb-5ca88de5e2f0: shutdown 1c036820-4dbe-4abe-80fb-5ca88de5e2f0@group-83D1472516EC-FollowerState
2025-10-22 08:23:44,733 [1c036820-4dbe-4abe-80fb-5ca88de5e2f0@group-83D1472516EC-FollowerState] INFO  server.RaftServer$Division (RaftServerImpl.java:setRole(392)) - 1c036820-4dbe-4abe-80fb-5ca88de5e2f0@group-83D1472516EC: changes role from  FOLLOWER to CANDIDATE at term 0 for changeToCandidate
2025-10-22 08:23:44,733 [1c036820-4dbe-4abe-80fb-5ca88de5e2f0@group-83D1472516EC-FollowerState] INFO  impl.RoleInfo (RoleInfo.java:updateAndGet(148)) - 1c036820-4dbe-4abe-80fb-5ca88de5e2f0: start 1c036820-4dbe-4abe-80fb-5ca88de5e2f0@group-83D1472516EC-LeaderElection6
2025-10-22 08:23:44,734 [1c036820-4dbe-4abe-80fb-5ca88de5e2f0@group-83D1472516EC-LeaderElection6] INFO  impl.LeaderElection (LeaderElection.java:askForVotes(448)) - 1c036820-4dbe-4abe-80fb-5ca88de5e2f0@group-83D1472516EC-LeaderElection6 PRE_VOTE round 0: submit vote requests at term 0 for conf: {index: -1, cur=peers:[1c036820-4dbe-4abe-80fb-5ca88de5e2f0|127.0.0.1:15015]|listeners:[], old=null}
2025-10-22 08:23:44,734 [1c036820-4dbe-4abe-80fb-5ca88de5e2f0@group-83D1472516EC-LeaderElection6] INFO  impl.LeaderElection (LeaderElection.java:askForVotes(450)) - 1c036820-4dbe-4abe-80fb-5ca88de5e2f0@group-83D1472516EC-LeaderElection6 PRE_VOTE round 0: result PASSED (term=0)
2025-10-22 08:23:44,735 [1c036820-4dbe-4abe-80fb-5ca88de5e2f0@group-83D1472516EC-LeaderElection6] INFO  impl.LeaderElection (LeaderElection.java:askForVotes(448)) - 1c036820-4dbe-4abe-80fb-5ca88de5e2f0@group-83D1472516EC-LeaderElection6 ELECTION round 0: submit vote requests at term 1 for conf: {index: -1, cur=peers:[1c036820-4dbe-4abe-80fb-5ca88de5e2f0|127.0.0.1:15015]|listeners:[], old=null}
2025-10-22 08:23:44,735 [1c036820-4dbe-4abe-80fb-5ca88de5e2f0@group-83D1472516EC-LeaderElection6] INFO  impl.LeaderElection (LeaderElection.java:askForVotes(450)) - 1c036820-4dbe-4abe-80fb-5ca88de5e2f0@group-83D1472516EC-LeaderElection6 ELECTION round 0: result PASSED (term=1)
2025-10-22 08:23:44,735 [1c036820-4dbe-4abe-80fb-5ca88de5e2f0@group-83D1472516EC-LeaderElection6] INFO  impl.RoleInfo (RoleInfo.java:shutdownLeaderElection(141)) - 1c036820-4dbe-4abe-80fb-5ca88de5e2f0: shutdown 1c036820-4dbe-4abe-80fb-5ca88de5e2f0@group-83D1472516EC-LeaderElection6
2025-10-22 08:23:44,735 [1c036820-4dbe-4abe-80fb-5ca88de5e2f0@group-83D1472516EC-LeaderElection6] INFO  server.RaftServer$Division (RaftServerImpl.java:setRole(392)) - 1c036820-4dbe-4abe-80fb-5ca88de5e2f0@group-83D1472516EC: changes role from CANDIDATE to LEADER at term 1 for changeToLeader
2025-10-22 08:23:44,735 [1c036820-4dbe-4abe-80fb-5ca88de5e2f0@group-83D1472516EC-LeaderElection6] INFO  server.RaftServerConfigKeys (ConfUtils.java:logFallback(69)) - raft.server.staging.timeout = 3600ms (fallback to raft.server.rpc.timeout.max)
2025-10-22 08:23:44,736 [1c036820-4dbe-4abe-80fb-5ca88de5e2f0@group-83D1472516EC-LeaderElection6] INFO  server.RaftServerConfigKeys (ConfUtils.java:logGet(62)) - raft.server.write.byte-limit = 1024 M (=1073741824) (custom)
2025-10-22 08:23:44,737 [1c036820-4dbe-4abe-80fb-5ca88de5e2f0@group-83D1472516EC-LeaderElection6] INFO  impl.RoleInfo (RoleInfo.java:updateAndGet(148)) - 1c036820-4dbe-4abe-80fb-5ca88de5e2f0: start 1c036820-4dbe-4abe-80fb-5ca88de5e2f0@group-83D1472516EC-LeaderStateImpl
2025-10-22 08:23:44,737 [1c036820-4dbe-4abe-80fb-5ca88de5e2f0@group-83D1472516EC-LeaderElection6] INFO  server.RaftServer$Division (RaftServerImpl.java:setFirstElection(576)) - 1c036820-4dbe-4abe-80fb-5ca88de5e2f0@group-83D1472516EC: set firstElectionSinceStartup to false for becomeLeader
2025-10-22 08:23:44,737 [1c036820-4dbe-4abe-80fb-5ca88de5e2f0@group-83D1472516EC-LeaderElection6] INFO  ratis.XceiverServerRatis (XceiverServerRatis.java:handleLeaderChangedNotification(940)) - Leader change notification received for group: group-83D1472516EC with new leaderId: 1c036820-4dbe-4abe-80fb-5ca88de5e2f0
2025-10-22 08:23:44,737 [1c036820-4dbe-4abe-80fb-5ca88de5e2f0@group-83D1472516EC-LeaderElection6] INFO  server.RaftServer$Division (ServerState.java:setLeader(272)) - 1c036820-4dbe-4abe-80fb-5ca88de5e2f0@group-83D1472516EC: change Leader from null to 1c036820-4dbe-4abe-80fb-5ca88de5e2f0 at term 1 for becomeLeader, leader elected after 1159ms
2025-10-22 08:23:44,737 [1c036820-4dbe-4abe-80fb-5ca88de5e2f0@group-83D1472516EC-LeaderElection6] INFO  segmented.SegmentedRaftLogWorker (SegmentedRaftLogWorker.java:startLogSegment(440)) - 1c036820-4dbe-4abe-80fb-5ca88de5e2f0@group-83D1472516EC-SegmentedRaftLogWorker: Starting segment from index:0
2025-10-22 08:23:44,738 [1c036820-4dbe-4abe-80fb-5ca88de5e2f0@group-83D1472516EC-LeaderElection6] INFO  server.RaftServer$Division (ServerState.java:setRaftConf(386)) - 1c036820-4dbe-4abe-80fb-5ca88de5e2f0@group-83D1472516EC: set configuration conf: {index: 0, cur=peers:[1c036820-4dbe-4abe-80fb-5ca88de5e2f0|127.0.0.1:15015]|listeners:[], old=null}
2025-10-22 08:23:44,738 [1c036820-4dbe-4abe-80fb-5ca88de5e2f0@group-83D1472516EC-SegmentedRaftLogWorker] INFO  segmented.BufferedWriteChannel (BufferedWriteChannel.java:open(61)) - open log_inprogress_0 at position 0
2025-10-22 08:23:44,745 [1c036820-4dbe-4abe-80fb-5ca88de5e2f0@group-83D1472516EC-SegmentedRaftLogWorker] INFO  segmented.SegmentedRaftLogWorker (SegmentedRaftLogWorker.java:execute(647)) - 1c036820-4dbe-4abe-80fb-5ca88de5e2f0@group-83D1472516EC-SegmentedRaftLogWorker: created new log segment /home/runner/work/ozone/ozone/hadoop-ozone/integration-test/target/test-dir/MiniOzoneClusterImpl-a412b9f6-7d8b-4de3-a85c-9946bceaa3a0/ozone-metadata/datanode-1/ratis/d58961bb-d73a-4245-ae1b-83d1472516ec/current/log_inprogress_0
2025-10-22 08:23:44,746 [1c036820-4dbe-4abe-80fb-5ca88de5e2f0@group-83D1472516EC-StateMachineUpdater] INFO  server.RaftServer$Division (LeaderStateImpl.java:checkStartIndex(309)) - Leader 1c036820-4dbe-4abe-80fb-5ca88de5e2f0@group-83D1472516EC-LeaderStateImpl is ready since appliedIndex == startIndex == 0
2025-10-22 08:23:44,752 [cb442068-6d75-4200-81e8-5fb60de94381-CreatePipelineCommandHandlerThread-0] INFO  server.RaftServer (RaftServerProxy.java:addNew(105)) - cb442068-6d75-4200-81e8-5fb60de94381: addNew group-0A6126AAA164:[cb442068-6d75-4200-81e8-5fb60de94381|127.0.0.1:15047] returns group-0A6126AAA164:java.util.concurrent.CompletableFuture@23f4fe89[Not completed]
2025-10-22 08:23:44,754 [cb442068-6d75-4200-81e8-5fb60de94381-groupManagement] INFO  server.RaftServer$Division (RaftServerImpl.java:<init>(268)) - cb442068-6d75-4200-81e8-5fb60de94381: new RaftServerImpl for group-0A6126AAA164:[cb442068-6d75-4200-81e8-5fb60de94381|127.0.0.1:15047] with ContainerStateMachine:uninitialized
2025-10-22 08:23:44,754 [cb442068-6d75-4200-81e8-5fb60de94381-groupManagement] INFO  server.RaftServer$Division (ServerState.java:<init>(114)) - cb442068-6d75-4200-81e8-5fb60de94381@group-0A6126AAA164: ConfigurationManager, init=conf: {index: -1, cur=peers:[cb442068-6d75-4200-81e8-5fb60de94381|127.0.0.1:15047]|listeners:[], old=null}, confs=<EMPTY_MAP>
2025-10-22 08:23:44,757 [cb442068-6d75-4200-81e8-5fb60de94381-groupManagement] INFO  server.RaftServerConfigKeys (ConfUtils.java:logGet(62)) - raft.server.storage.dir = [/home/runner/work/ozone/ozone/hadoop-ozone/integration-test/target/test-dir/MiniOzoneClusterImpl-a412b9f6-7d8b-4de3-a85c-9946bceaa3a0/ozone-metadata/datanode-5/ratis] (custom)
2025-10-22 08:23:44,757 [cb442068-6d75-4200-81e8-5fb60de94381-groupManagement] INFO  storage.RaftStorageDirectory (RaftStorageDirectoryImpl.java:analyzeStorage(138)) - The storage directory /home/runner/work/ozone/ozone/hadoop-ozone/integration-test/target/test-dir/MiniOzoneClusterImpl-a412b9f6-7d8b-4de3-a85c-9946bceaa3a0/ozone-metadata/datanode-5/ratis/9b3d21a4-40a4-4dd4-875b-0a6126aaa164 does not exist. Creating ...
2025-10-22 08:23:44,758 [cb442068-6d75-4200-81e8-5fb60de94381-groupManagement] INFO  storage.RaftStorageDirectory (RaftStorageDirectoryImpl.java:tryLock(229)) - Lock on /home/runner/work/ozone/ozone/hadoop-ozone/integration-test/target/test-dir/MiniOzoneClusterImpl-a412b9f6-7d8b-4de3-a85c-9946bceaa3a0/ozone-metadata/datanode-5/ratis/9b3d21a4-40a4-4dd4-875b-0a6126aaa164/in_use.lock acquired by nodename 57193@localhost
2025-10-22 08:23:44,759 [cb442068-6d75-4200-81e8-5fb60de94381-groupManagement] INFO  storage.RaftStorage (RaftStorageImpl.java:format(98)) - Storage directory /home/runner/work/ozone/ozone/hadoop-ozone/integration-test/target/test-dir/MiniOzoneClusterImpl-a412b9f6-7d8b-4de3-a85c-9946bceaa3a0/ozone-metadata/datanode-5/ratis/9b3d21a4-40a4-4dd4-875b-0a6126aaa164 has been successfully formatted.
2025-10-22 08:23:44,759 [cb442068-6d75-4200-81e8-5fb60de94381-groupManagement] INFO  ratis.ContainerStateMachine (ContainerStateMachine.java:initialize(339)) - cb442068-6d75-4200-81e8-5fb60de94381: initialize group-0A6126AAA164
2025-10-22 08:23:44,759 [cb442068-6d75-4200-81e8-5fb60de94381-groupManagement] INFO  ratis.ContainerStateMachine (ContainerStateMachine.java:loadSnapshot(347)) - group-0A6126AAA164: The snapshot info is null. Setting the last applied index to:<INITIAL_VALUE>
2025-10-22 08:23:44,759 [cb442068-6d75-4200-81e8-5fb60de94381-groupManagement] INFO  server.RaftServerConfigKeys (ConfUtils.java:logGet(62)) - raft.server.log.appender.buffer.byte-limit = 33554432 (custom)
2025-10-22 08:23:44,762 [cb442068-6d75-4200-81e8-5fb60de94381-groupManagement] INFO  server.RaftServerConfigKeys (ConfUtils.java:logGet(62)) - raft.server.log.segment.size.max = 67108864 (custom)
2025-10-22 08:23:44,762 [cb442068-6d75-4200-81e8-5fb60de94381-groupManagement] INFO  server.RaftServerConfigKeys (ConfUtils.java:logGet(62)) - raft.server.log.appender.buffer.byte-limit = 33554432 (custom)
2025-10-22 08:23:44,763 [cb442068-6d75-4200-81e8-5fb60de94381-groupManagement] INFO  util.AwaitToRun (AwaitToRun.java:start(81)) - Thread[#1311,cb442068-6d75-4200-81e8-5fb60de94381@group-0A6126AAA164-cacheEviction-AwaitToRun,5,main] started
2025-10-22 08:23:44,763 [cb442068-6d75-4200-81e8-5fb60de94381-groupManagement] INFO  segmented.SegmentedRaftLogWorker (SegmentedRaftLogWorker.java:<init>(190)) - new cb442068-6d75-4200-81e8-5fb60de94381@group-0A6126AAA164-SegmentedRaftLogWorker for RaftStorageImpl:Storage Directory /home/runner/work/ozone/ozone/hadoop-ozone/integration-test/target/test-dir/MiniOzoneClusterImpl-a412b9f6-7d8b-4de3-a85c-9946bceaa3a0/ozone-metadata/datanode-5/ratis/9b3d21a4-40a4-4dd4-875b-0a6126aaa164
2025-10-22 08:23:44,764 [cb442068-6d75-4200-81e8-5fb60de94381-groupManagement] INFO  server.RaftServerConfigKeys (ConfUtils.java:logGet(62)) - raft.server.log.queue.byte-limit = 4294967296 (custom)
2025-10-22 08:23:44,764 [cb442068-6d75-4200-81e8-5fb60de94381-groupManagement] INFO  server.RaftServerConfigKeys (ConfUtils.java:logGet(62)) - raft.server.log.segment.size.max = 67108864 (custom)
2025-10-22 08:23:44,764 [cb442068-6d75-4200-81e8-5fb60de94381-groupManagement] INFO  server.RaftServerConfigKeys (ConfUtils.java:logGet(62)) - raft.server.log.preallocated.size = 4194304 (custom)
2025-10-22 08:23:44,764 [cb442068-6d75-4200-81e8-5fb60de94381-groupManagement] INFO  server.RaftServerConfigKeys (ConfUtils.java:logGet(62)) - raft.server.log.write.buffer.size = 33554440 (custom)
2025-10-22 08:23:44,770 [EventQueue-PipelineReportForPipelineReportHandler] INFO  pipeline.PipelineReportHandler (PipelineReportHandler.java:processPipelineReport(132)) - Opened pipeline Pipeline-9b3d21a4-40a4-4dd4-875b-0a6126aaa164
2025-10-22 08:23:44,770 [1c036820-4dbe-4abe-80fb-5ca88de5e2f0@group-5E2F154B5BDB-FollowerState] INFO  impl.FollowerState (FollowerState.java:runImpl(161)) - 1c036820-4dbe-4abe-80fb-5ca88de5e2f0@group-5E2F154B5BDB-FollowerState: change to CANDIDATE, lastRpcElapsedTime:1080035892ns, electionTimeout:1078ms
2025-10-22 08:23:44,771 [1c036820-4dbe-4abe-80fb-5ca88de5e2f0@group-5E2F154B5BDB-FollowerState] INFO  impl.RoleInfo (RoleInfo.java:shutdownFollowerState(121)) - 1c036820-4dbe-4abe-80fb-5ca88de5e2f0: shutdown 1c036820-4dbe-4abe-80fb-5ca88de5e2f0@group-5E2F154B5BDB-FollowerState
2025-10-22 08:23:44,771 [1c036820-4dbe-4abe-80fb-5ca88de5e2f0@group-5E2F154B5BDB-FollowerState] INFO  server.RaftServer$Division (RaftServerImpl.java:setRole(392)) - 1c036820-4dbe-4abe-80fb-5ca88de5e2f0@group-5E2F154B5BDB: changes role from  FOLLOWER to CANDIDATE at term 0 for changeToCandidate
2025-10-22 08:23:44,771 [1c036820-4dbe-4abe-80fb-5ca88de5e2f0@group-5E2F154B5BDB-FollowerState] INFO  impl.RoleInfo (RoleInfo.java:updateAndGet(148)) - 1c036820-4dbe-4abe-80fb-5ca88de5e2f0: start 1c036820-4dbe-4abe-80fb-5ca88de5e2f0@group-5E2F154B5BDB-LeaderElection7
2025-10-22 08:23:44,772 [1c036820-4dbe-4abe-80fb-5ca88de5e2f0@group-5E2F154B5BDB-LeaderElection7] INFO  impl.LeaderElection (LeaderElection.java:askForVotes(448)) - 1c036820-4dbe-4abe-80fb-5ca88de5e2f0@group-5E2F154B5BDB-LeaderElection7 PRE_VOTE round 0: submit vote requests at term 0 for conf: {index: -1, cur=peers:[4d8a2798-959e-416b-b534-19c13b55a760|127.0.0.1:15023, 1c036820-4dbe-4abe-80fb-5ca88de5e2f0|127.0.0.1:15015, 40df8fc4-149d-40c0-897d-2844034d8141|127.0.0.1:15031]|listeners:[], old=null}
2025-10-22 08:23:44,771 [cb442068-6d75-4200-81e8-5fb60de94381-groupManagement] INFO  server.RaftServerConfigKeys (ConfUtils.java:logGet(62)) - raft.server.log.appender.buffer.byte-limit = 33554432 (custom)
2025-10-22 08:23:44,773 [cb442068-6d75-4200-81e8-5fb60de94381-groupManagement] INFO  segmented.SegmentedRaftLogWorker (SegmentedRaftLogWorker.java:lambda$new$0(141)) - cb442068-6d75-4200-81e8-5fb60de94381@group-0A6126AAA164-SegmentedRaftLogWorker: flushIndex: setUnconditionally 0 -> -1
2025-10-22 08:23:44,773 [cb442068-6d75-4200-81e8-5fb60de94381-groupManagement] INFO  segmented.SegmentedRaftLogWorker (SegmentedRaftLogWorker.java:lambda$new$0(141)) - cb442068-6d75-4200-81e8-5fb60de94381@group-0A6126AAA164-SegmentedRaftLogWorker: safeCacheEvictIndex: setUnconditionally 0 -> -1
2025-10-22 08:23:44,775 [1c036820-4dbe-4abe-80fb-5ca88de5e2f0@group-5E2F154B5BDB-LeaderElection7-1] INFO  server.GrpcServerProtocolClient (GrpcServerProtocolClient.java:<init>(65)) - Build channel for 4d8a2798-959e-416b-b534-19c13b55a760|127.0.0.1:15023
2025-10-22 08:23:44,776 [cb442068-6d75-4200-81e8-5fb60de94381-groupManagement] INFO  server.RaftServer$Division (RaftServerImpl.java:start(405)) - cb442068-6d75-4200-81e8-5fb60de94381@group-0A6126AAA164: start as a follower, conf=conf: {index: -1, cur=peers:[cb442068-6d75-4200-81e8-5fb60de94381|127.0.0.1:15047]|listeners:[], old=null}
2025-10-22 08:23:44,776 [cb442068-6d75-4200-81e8-5fb60de94381-groupManagement] INFO  server.RaftServer$Division (RaftServerImpl.java:setRole(392)) - cb442068-6d75-4200-81e8-5fb60de94381@group-0A6126AAA164: changes role from      null to FOLLOWER at term 0 for startAsFollower
2025-10-22 08:23:44,776 [cb442068-6d75-4200-81e8-5fb60de94381-groupManagement] INFO  impl.RoleInfo (RoleInfo.java:updateAndGet(148)) - cb442068-6d75-4200-81e8-5fb60de94381: start cb442068-6d75-4200-81e8-5fb60de94381@group-0A6126AAA164-FollowerState
2025-10-22 08:23:44,777 [cb442068-6d75-4200-81e8-5fb60de94381-groupManagement] INFO  util.JmxRegister (JmxRegister.java:tryRegister(44)) - Successfully registered JMX Bean with object name Ratis:service=RaftServer,group=group-0A6126AAA164,id=cb442068-6d75-4200-81e8-5fb60de94381
2025-10-22 08:23:44,777 [cb442068-6d75-4200-81e8-5fb60de94381-groupManagement] INFO  util.JmxRegister (JmxRegister.java:register(58)) - register mxBean class org.apache.ratis.server.impl.RaftServerJmxAdapter as Ratis:service=RaftServer,group=group-0A6126AAA164,id=cb442068-6d75-4200-81e8-5fb60de94381
2025-10-22 08:23:44,779 [1c036820-4dbe-4abe-80fb-5ca88de5e2f0@group-5E2F154B5BDB-LeaderElection7-2] INFO  server.GrpcServerProtocolClient (GrpcServerProtocolClient.java:<init>(65)) - Build channel for 40df8fc4-149d-40c0-897d-2844034d8141|127.0.0.1:15031
2025-10-22 08:23:44,782 [cb442068-6d75-4200-81e8-5fb60de94381-groupManagement] INFO  server.RaftServer$Division (RaftServerImpl.java:start(419)) - cb442068-6d75-4200-81e8-5fb60de94381@group-0A6126AAA164: Successfully started.
2025-10-22 08:23:44,783 [cb442068-6d75-4200-81e8-5fb60de94381-CreatePipelineCommandHandlerThread-0] INFO  ratis.XceiverServerRatis (XceiverServerRatis.java:addGroup(839)) - Created group Pipeline-9b3d21a4-40a4-4dd4-875b-0a6126aaa164
2025-10-22 08:23:44,783 [cb442068-6d75-4200-81e8-5fb60de94381-CreatePipelineCommandHandlerThread-0] INFO  commandhandler.CreatePipelineCommandHandler (CreatePipelineCommandHandler.java:lambda$handle$2(141)) - Created Pipeline RATIS ONE Pipeline-9b3d21a4-40a4-4dd4-875b-0a6126aaa164.
2025-10-22 08:23:44,786 [grpc-default-executor-0] INFO  server.RaftServer$Division (RaftServerImpl.java:requestVote(1421)) - 4d8a2798-959e-416b-b534-19c13b55a760@group-5E2F154B5BDB: receive requestVote(PRE_VOTE, 1c036820-4dbe-4abe-80fb-5ca88de5e2f0, group-5E2F154B5BDB, 0, <PROTO_DEFAULT>)
2025-10-22 08:23:44,787 [grpc-default-executor-0] INFO  impl.VoteContext (VoteContext.java:log(49)) - 4d8a2798-959e-416b-b534-19c13b55a760@group-5E2F154B5BDB-FOLLOWER: accept PRE_VOTE from 1c036820-4dbe-4abe-80fb-5ca88de5e2f0: our priority 0 <= candidate's priority 1
2025-10-22 08:23:44,787 [grpc-default-executor-1] INFO  server.RaftServer$Division (RaftServerImpl.java:requestVote(1421)) - 40df8fc4-149d-40c0-897d-2844034d8141@group-5E2F154B5BDB: receive requestVote(PRE_VOTE, 1c036820-4dbe-4abe-80fb-5ca88de5e2f0, group-5E2F154B5BDB, 0, <PROTO_DEFAULT>)
2025-10-22 08:23:44,788 [grpc-default-executor-1] INFO  impl.VoteContext (VoteContext.java:log(49)) - 40df8fc4-149d-40c0-897d-2844034d8141@group-5E2F154B5BDB-FOLLOWER: accept PRE_VOTE from 1c036820-4dbe-4abe-80fb-5ca88de5e2f0: our priority 0 <= candidate's priority 1
2025-10-22 08:23:44,788 [grpc-default-executor-1] INFO  server.RaftServer$Division (RaftServerImpl.java:requestVote(1455)) - 40df8fc4-149d-40c0-897d-2844034d8141@group-5E2F154B5BDB replies to PRE_VOTE vote request: 1c036820-4dbe-4abe-80fb-5ca88de5e2f0<-40df8fc4-149d-40c0-897d-2844034d8141#0:OK-t0-last:<INITIAL_VALUE>. Peer's state: 40df8fc4-149d-40c0-897d-2844034d8141@group-5E2F154B5BDB:t0, leader=null, voted=, raftlog=Memoized:40df8fc4-149d-40c0-897d-2844034d8141@group-5E2F154B5BDB-SegmentedRaftLog:OPENED:c-1:lastnull, conf=conf: {index: -1, cur=peers:[4d8a2798-959e-416b-b534-19c13b55a760|127.0.0.1:15023, 1c036820-4dbe-4abe-80fb-5ca88de5e2f0|127.0.0.1:15015, 40df8fc4-149d-40c0-897d-2844034d8141|127.0.0.1:15031]|listeners:[], old=null}
2025-10-22 08:23:44,789 [grpc-default-executor-0] INFO  server.RaftServer$Division (RaftServerImpl.java:requestVote(1455)) - 4d8a2798-959e-416b-b534-19c13b55a760@group-5E2F154B5BDB replies to PRE_VOTE vote request: 1c036820-4dbe-4abe-80fb-5ca88de5e2f0<-4d8a2798-959e-416b-b534-19c13b55a760#0:OK-t0-last:<INITIAL_VALUE>. Peer's state: 4d8a2798-959e-416b-b534-19c13b55a760@group-5E2F154B5BDB:t0, leader=null, voted=, raftlog=Memoized:4d8a2798-959e-416b-b534-19c13b55a760@group-5E2F154B5BDB-SegmentedRaftLog:OPENED:c-1:lastnull, conf=conf: {index: -1, cur=peers:[4d8a2798-959e-416b-b534-19c13b55a760|127.0.0.1:15023, 1c036820-4dbe-4abe-80fb-5ca88de5e2f0|127.0.0.1:15015, 40df8fc4-149d-40c0-897d-2844034d8141|127.0.0.1:15031]|listeners:[], old=null}
2025-10-22 08:23:44,791 [1c036820-4dbe-4abe-80fb-5ca88de5e2f0@group-5E2F154B5BDB-LeaderElection7] INFO  impl.LeaderElection (LeaderElection.java:logAndReturn(206)) - 1c036820-4dbe-4abe-80fb-5ca88de5e2f0@group-5E2F154B5BDB-LeaderElection7: PRE_VOTE PASSED received 1 response(s) and 0 exception(s):
2025-10-22 08:23:44,791 [1c036820-4dbe-4abe-80fb-5ca88de5e2f0@group-5E2F154B5BDB-LeaderElection7] INFO  impl.LeaderElection (LeaderElection.java:logAndReturn(210)) -   Response 0: 1c036820-4dbe-4abe-80fb-5ca88de5e2f0<-4d8a2798-959e-416b-b534-19c13b55a760#0:OK-t0-last:<INITIAL_VALUE>
2025-10-22 08:23:44,792 [1c036820-4dbe-4abe-80fb-5ca88de5e2f0@group-5E2F154B5BDB-LeaderElection7] INFO  impl.LeaderElection (LeaderElection.java:askForVotes(450)) - 1c036820-4dbe-4abe-80fb-5ca88de5e2f0@group-5E2F154B5BDB-LeaderElection7 PRE_VOTE round 0: result PASSED
2025-10-22 08:23:44,795 [1c036820-4dbe-4abe-80fb-5ca88de5e2f0@group-5E2F154B5BDB-LeaderElection7] INFO  impl.LeaderElection (LeaderElection.java:askForVotes(448)) - 1c036820-4dbe-4abe-80fb-5ca88de5e2f0@group-5E2F154B5BDB-LeaderElection7 ELECTION round 0: submit vote requests at term 1 for conf: {index: -1, cur=peers:[4d8a2798-959e-416b-b534-19c13b55a760|127.0.0.1:15023, 1c036820-4dbe-4abe-80fb-5ca88de5e2f0|127.0.0.1:15015, 40df8fc4-149d-40c0-897d-2844034d8141|127.0.0.1:15031]|listeners:[], old=null}
2025-10-22 08:23:44,801 [grpc-default-executor-0] INFO  server.RaftServer$Division (RaftServerImpl.java:requestVote(1421)) - 40df8fc4-149d-40c0-897d-2844034d8141@group-5E2F154B5BDB: receive requestVote(ELECTION, 1c036820-4dbe-4abe-80fb-5ca88de5e2f0, group-5E2F154B5BDB, 1, <PROTO_DEFAULT>)
2025-10-22 08:23:44,801 [grpc-default-executor-0] INFO  impl.VoteContext (VoteContext.java:log(49)) - 40df8fc4-149d-40c0-897d-2844034d8141@group-5E2F154B5BDB-FOLLOWER: accept ELECTION from 1c036820-4dbe-4abe-80fb-5ca88de5e2f0: our priority 0 <= candidate's priority 1
2025-10-22 08:23:44,801 [grpc-default-executor-0] INFO  server.RaftServer$Division (RaftServerImpl.java:setRole(392)) - 40df8fc4-149d-40c0-897d-2844034d8141@group-5E2F154B5BDB: changes role from  FOLLOWER to FOLLOWER at term 0 for candidate:1c036820-4dbe-4abe-80fb-5ca88de5e2f0
2025-10-22 08:23:44,801 [grpc-default-executor-0] INFO  impl.RoleInfo (RoleInfo.java:shutdownFollowerState(121)) - 40df8fc4-149d-40c0-897d-2844034d8141: shutdown 40df8fc4-149d-40c0-897d-2844034d8141@group-5E2F154B5BDB-FollowerState
2025-10-22 08:23:44,801 [grpc-default-executor-0] INFO  impl.RoleInfo (RoleInfo.java:updateAndGet(148)) - 40df8fc4-149d-40c0-897d-2844034d8141: start 40df8fc4-149d-40c0-897d-2844034d8141@group-5E2F154B5BDB-FollowerState
2025-10-22 08:23:44,801 [40df8fc4-149d-40c0-897d-2844034d8141@group-5E2F154B5BDB-FollowerState] INFO  impl.FollowerState (FollowerState.java:runImpl(170)) - 40df8fc4-149d-40c0-897d-2844034d8141@group-5E2F154B5BDB-FollowerState was interrupted
2025-10-22 08:23:44,802 [grpc-default-executor-0] INFO  server.RaftServer$Division (RaftServerImpl.java:setFirstElection(576)) - 40df8fc4-149d-40c0-897d-2844034d8141@group-5E2F154B5BDB: set firstElectionSinceStartup to false for candidate:1c036820-4dbe-4abe-80fb-5ca88de5e2f0
2025-10-22 08:23:44,803 [grpc-default-executor-1] INFO  server.RaftServer$Division (RaftServerImpl.java:requestVote(1421)) - 4d8a2798-959e-416b-b534-19c13b55a760@group-5E2F154B5BDB: receive requestVote(ELECTION, 1c036820-4dbe-4abe-80fb-5ca88de5e2f0, group-5E2F154B5BDB, 1, <PROTO_DEFAULT>)
2025-10-22 08:23:44,803 [grpc-default-executor-1] INFO  impl.VoteContext (VoteContext.java:log(49)) - 4d8a2798-959e-416b-b534-19c13b55a760@group-5E2F154B5BDB-FOLLOWER: accept ELECTION from 1c036820-4dbe-4abe-80fb-5ca88de5e2f0: our priority 0 <= candidate's priority 1
2025-10-22 08:23:44,803 [grpc-default-executor-1] INFO  server.RaftServer$Division (RaftServerImpl.java:setRole(392)) - 4d8a2798-959e-416b-b534-19c13b55a760@group-5E2F154B5BDB: changes role from  FOLLOWER to FOLLOWER at term 0 for candidate:1c036820-4dbe-4abe-80fb-5ca88de5e2f0
2025-10-22 08:23:44,803 [grpc-default-executor-1] INFO  impl.RoleInfo (RoleInfo.java:shutdownFollowerState(121)) - 4d8a2798-959e-416b-b534-19c13b55a760: shutdown 4d8a2798-959e-416b-b534-19c13b55a760@group-5E2F154B5BDB-FollowerState
2025-10-22 08:23:44,803 [grpc-default-executor-1] INFO  impl.RoleInfo (RoleInfo.java:updateAndGet(148)) - 4d8a2798-959e-416b-b534-19c13b55a760: start 4d8a2798-959e-416b-b534-19c13b55a760@group-5E2F154B5BDB-FollowerState
2025-10-22 08:23:44,803 [4d8a2798-959e-416b-b534-19c13b55a760@group-5E2F154B5BDB-FollowerState] INFO  impl.FollowerState (FollowerState.java:runImpl(170)) - 4d8a2798-959e-416b-b534-19c13b55a760@group-5E2F154B5BDB-FollowerState was interrupted
2025-10-22 08:23:44,804 [grpc-default-executor-0] INFO  server.RaftServer$Division (RaftServerImpl.java:requestVote(1455)) - 40df8fc4-149d-40c0-897d-2844034d8141@group-5E2F154B5BDB replies to ELECTION vote request: 1c036820-4dbe-4abe-80fb-5ca88de5e2f0<-40df8fc4-149d-40c0-897d-2844034d8141#0:OK-t1-last:<INITIAL_VALUE>. Peer's state: 40df8fc4-149d-40c0-897d-2844034d8141@group-5E2F154B5BDB:t1, leader=null, voted=1c036820-4dbe-4abe-80fb-5ca88de5e2f0, raftlog=Memoized:40df8fc4-149d-40c0-897d-2844034d8141@group-5E2F154B5BDB-SegmentedRaftLog:OPENED:c-1:lastnull, conf=conf: {index: -1, cur=peers:[4d8a2798-959e-416b-b534-19c13b55a760|127.0.0.1:15023, 1c036820-4dbe-4abe-80fb-5ca88de5e2f0|127.0.0.1:15015, 40df8fc4-149d-40c0-897d-2844034d8141|127.0.0.1:15031]|listeners:[], old=null}
2025-10-22 08:23:44,804 [grpc-default-executor-1] INFO  server.RaftServer$Division (RaftServerImpl.java:setFirstElection(576)) - 4d8a2798-959e-416b-b534-19c13b55a760@group-5E2F154B5BDB: set firstElectionSinceStartup to false for candidate:1c036820-4dbe-4abe-80fb-5ca88de5e2f0
2025-10-22 08:23:44,806 [grpc-default-executor-1] INFO  server.RaftServer$Division (RaftServerImpl.java:requestVote(1455)) - 4d8a2798-959e-416b-b534-19c13b55a760@group-5E2F154B5BDB replies to ELECTION vote request: 1c036820-4dbe-4abe-80fb-5ca88de5e2f0<-4d8a2798-959e-416b-b534-19c13b55a760#0:OK-t1-last:<INITIAL_VALUE>. Peer's state: 4d8a2798-959e-416b-b534-19c13b55a760@group-5E2F154B5BDB:t1, leader=null, voted=1c036820-4dbe-4abe-80fb-5ca88de5e2f0, raftlog=Memoized:4d8a2798-959e-416b-b534-19c13b55a760@group-5E2F154B5BDB-SegmentedRaftLog:OPENED:c-1:lastnull, conf=conf: {index: -1, cur=peers:[4d8a2798-959e-416b-b534-19c13b55a760|127.0.0.1:15023, 1c036820-4dbe-4abe-80fb-5ca88de5e2f0|127.0.0.1:15015, 40df8fc4-149d-40c0-897d-2844034d8141|127.0.0.1:15031]|listeners:[], old=null}
2025-10-22 08:23:44,807 [1c036820-4dbe-4abe-80fb-5ca88de5e2f0@group-5E2F154B5BDB-LeaderElection7] INFO  impl.LeaderElection (LeaderElection.java:logAndReturn(206)) - 1c036820-4dbe-4abe-80fb-5ca88de5e2f0@group-5E2F154B5BDB-LeaderElection7: ELECTION PASSED received 1 response(s) and 0 exception(s):
2025-10-22 08:23:44,807 [1c036820-4dbe-4abe-80fb-5ca88de5e2f0@group-5E2F154B5BDB-LeaderElection7] INFO  impl.LeaderElection (LeaderElection.java:logAndReturn(210)) -   Response 0: 1c036820-4dbe-4abe-80fb-5ca88de5e2f0<-40df8fc4-149d-40c0-897d-2844034d8141#0:OK-t1-last:<INITIAL_VALUE>
2025-10-22 08:23:44,807 [1c036820-4dbe-4abe-80fb-5ca88de5e2f0@group-5E2F154B5BDB-LeaderElection7] INFO  impl.LeaderElection (LeaderElection.java:askForVotes(450)) - 1c036820-4dbe-4abe-80fb-5ca88de5e2f0@group-5E2F154B5BDB-LeaderElection7 ELECTION round 0: result PASSED
2025-10-22 08:23:44,807 [1c036820-4dbe-4abe-80fb-5ca88de5e2f0@group-5E2F154B5BDB-LeaderElection7] INFO  impl.RoleInfo (RoleInfo.java:shutdownLeaderElection(141)) - 1c036820-4dbe-4abe-80fb-5ca88de5e2f0: shutdown 1c036820-4dbe-4abe-80fb-5ca88de5e2f0@group-5E2F154B5BDB-LeaderElection7
2025-10-22 08:23:44,807 [1c036820-4dbe-4abe-80fb-5ca88de5e2f0@group-5E2F154B5BDB-LeaderElection7] INFO  server.RaftServer$Division (RaftServerImpl.java:setRole(392)) - 1c036820-4dbe-4abe-80fb-5ca88de5e2f0@group-5E2F154B5BDB: changes role from CANDIDATE to LEADER at term 1 for changeToLeader
2025-10-22 08:23:44,808 [1c036820-4dbe-4abe-80fb-5ca88de5e2f0@group-5E2F154B5BDB-LeaderElection7] INFO  server.RaftServerConfigKeys (ConfUtils.java:logFallback(69)) - raft.server.staging.timeout = 3600ms (fallback to raft.server.rpc.timeout.max)
2025-10-22 08:23:44,809 [1c036820-4dbe-4abe-80fb-5ca88de5e2f0@group-5E2F154B5BDB-LeaderElection7] INFO  server.RaftServerConfigKeys (ConfUtils.java:logGet(62)) - raft.server.write.byte-limit = 1024 M (=1073741824) (custom)
2025-10-22 08:23:44,811 [1c036820-4dbe-4abe-80fb-5ca88de5e2f0@group-5E2F154B5BDB-LeaderElection7] INFO  server.RaftServerConfigKeys (ConfUtils.java:logGet(62)) - raft.server.log.appender.buffer.byte-limit = 33554432 (custom)
2025-10-22 08:23:44,815 [1c036820-4dbe-4abe-80fb-5ca88de5e2f0@group-5E2F154B5BDB-LeaderElection7] INFO  server.RaftServerConfigKeys (ConfUtils.java:logGet(62)) - raft.server.log.appender.buffer.byte-limit = 33554432 (custom)
2025-10-22 08:23:44,815 [1c036820-4dbe-4abe-80fb-5ca88de5e2f0@group-5E2F154B5BDB-LeaderElection7] INFO  impl.RoleInfo (RoleInfo.java:updateAndGet(148)) - 1c036820-4dbe-4abe-80fb-5ca88de5e2f0: start 1c036820-4dbe-4abe-80fb-5ca88de5e2f0@group-5E2F154B5BDB-LeaderStateImpl
2025-10-22 08:23:44,815 [1c036820-4dbe-4abe-80fb-5ca88de5e2f0@group-5E2F154B5BDB-LeaderElection7] INFO  server.RaftServer$Division (RaftServerImpl.java:setFirstElection(576)) - 1c036820-4dbe-4abe-80fb-5ca88de5e2f0@group-5E2F154B5BDB: set firstElectionSinceStartup to false for becomeLeader
2025-10-22 08:23:44,815 [1c036820-4dbe-4abe-80fb-5ca88de5e2f0@group-5E2F154B5BDB-LeaderElection7] INFO  ratis.XceiverServerRatis (XceiverServerRatis.java:handleLeaderChangedNotification(940)) - Leader change notification received for group: group-5E2F154B5BDB with new leaderId: 1c036820-4dbe-4abe-80fb-5ca88de5e2f0
2025-10-22 08:23:44,816 [1c036820-4dbe-4abe-80fb-5ca88de5e2f0@group-5E2F154B5BDB-LeaderElection7] INFO  server.RaftServer$Division (ServerState.java:setLeader(272)) - 1c036820-4dbe-4abe-80fb-5ca88de5e2f0@group-5E2F154B5BDB: change Leader from null to 1c036820-4dbe-4abe-80fb-5ca88de5e2f0 at term 1 for becomeLeader, leader elected after 1180ms
2025-10-22 08:23:44,817 [1c036820-4dbe-4abe-80fb-5ca88de5e2f0@group-5E2F154B5BDB-LeaderElection7] INFO  segmented.SegmentedRaftLogWorker (SegmentedRaftLogWorker.java:startLogSegment(440)) - 1c036820-4dbe-4abe-80fb-5ca88de5e2f0@group-5E2F154B5BDB-SegmentedRaftLogWorker: Starting segment from index:0
2025-10-22 08:23:44,817 [1c036820-4dbe-4abe-80fb-5ca88de5e2f0@group-5E2F154B5BDB-LeaderElection7] INFO  server.RaftServer$Division (ServerState.java:setRaftConf(386)) - 1c036820-4dbe-4abe-80fb-5ca88de5e2f0@group-5E2F154B5BDB: set configuration conf: {index: 0, cur=peers:[4d8a2798-959e-416b-b534-19c13b55a760|127.0.0.1:15023, 1c036820-4dbe-4abe-80fb-5ca88de5e2f0|127.0.0.1:15015, 40df8fc4-149d-40c0-897d-2844034d8141|127.0.0.1:15031]|listeners:[], old=null}
2025-10-22 08:23:44,817 [1c036820-4dbe-4abe-80fb-5ca88de5e2f0@group-5E2F154B5BDB-SegmentedRaftLogWorker] INFO  segmented.BufferedWriteChannel (BufferedWriteChannel.java:open(61)) - open log_inprogress_0 at position 0
2025-10-22 08:23:44,843 [EventQueue-PipelineReportForPipelineReportHandler] INFO  pipeline.PipelineReportHandler (PipelineReportHandler.java:processPipelineReport(132)) - Opened pipeline Pipeline-991bfa6b-f7e5-4a03-b9a5-5e2f154b5bdb
2025-10-22 08:23:44,844 [grpc-default-executor-2] INFO  ratis.XceiverServerRatis (XceiverServerRatis.java:handleLeaderChangedNotification(940)) - Leader change notification received for group: group-5E2F154B5BDB with new leaderId: 1c036820-4dbe-4abe-80fb-5ca88de5e2f0
2025-10-22 08:23:44,845 [grpc-default-executor-2] INFO  server.RaftServer$Division (ServerState.java:setLeader(272)) - 40df8fc4-149d-40c0-897d-2844034d8141@group-5E2F154B5BDB: change Leader from null to 1c036820-4dbe-4abe-80fb-5ca88de5e2f0 at term 1 for appendEntries, leader elected after 1268ms
2025-10-22 08:23:44,847 [grpc-default-executor-0] INFO  ratis.XceiverServerRatis (XceiverServerRatis.java:handleLeaderChangedNotification(940)) - Leader change notification received for group: group-5E2F154B5BDB with new leaderId: 1c036820-4dbe-4abe-80fb-5ca88de5e2f0
2025-10-22 08:23:44,849 [grpc-default-executor-0] INFO  server.RaftServer$Division (ServerState.java:setLeader(272)) - 4d8a2798-959e-416b-b534-19c13b55a760@group-5E2F154B5BDB: change Leader from null to 1c036820-4dbe-4abe-80fb-5ca88de5e2f0 at term 1 for appendEntries, leader elected after 1198ms
2025-10-22 08:23:44,849 [grpc-default-executor-2] INFO  server.RaftServer$Division (ServerState.java:setRaftConf(386)) - 4d8a2798-959e-416b-b534-19c13b55a760@group-5E2F154B5BDB: set configuration conf: {index: 0, cur=peers:[4d8a2798-959e-416b-b534-19c13b55a760|127.0.0.1:15023, 1c036820-4dbe-4abe-80fb-5ca88de5e2f0|127.0.0.1:15015, 40df8fc4-149d-40c0-897d-2844034d8141|127.0.0.1:15031]|listeners:[], old=null}
2025-10-22 08:23:44,849 [grpc-default-executor-2] INFO  segmented.SegmentedRaftLogWorker (SegmentedRaftLogWorker.java:startLogSegment(440)) - 4d8a2798-959e-416b-b534-19c13b55a760@group-5E2F154B5BDB-SegmentedRaftLogWorker: Starting segment from index:0
2025-10-22 08:23:44,848 [grpc-default-executor-6] INFO  server.RaftServer$Division (ServerState.java:setRaftConf(386)) - 40df8fc4-149d-40c0-897d-2844034d8141@group-5E2F154B5BDB: set configuration conf: {index: 0, cur=peers:[4d8a2798-959e-416b-b534-19c13b55a760|127.0.0.1:15023, 1c036820-4dbe-4abe-80fb-5ca88de5e2f0|127.0.0.1:15015, 40df8fc4-149d-40c0-897d-2844034d8141|127.0.0.1:15031]|listeners:[], old=null}
2025-10-22 08:23:44,850 [grpc-default-executor-6] INFO  segmented.SegmentedRaftLogWorker (SegmentedRaftLogWorker.java:startLogSegment(440)) - 40df8fc4-149d-40c0-897d-2844034d8141@group-5E2F154B5BDB-SegmentedRaftLogWorker: Starting segment from index:0
2025-10-22 08:23:44,850 [40df8fc4-149d-40c0-897d-2844034d8141@group-5E2F154B5BDB-SegmentedRaftLogWorker] INFO  segmented.BufferedWriteChannel (BufferedWriteChannel.java:open(61)) - open log_inprogress_0 at position 0
2025-10-22 08:23:44,851 [1c036820-4dbe-4abe-80fb-5ca88de5e2f0@group-5E2F154B5BDB-SegmentedRaftLogWorker] INFO  segmented.SegmentedRaftLogWorker (SegmentedRaftLogWorker.java:execute(647)) - 1c036820-4dbe-4abe-80fb-5ca88de5e2f0@group-5E2F154B5BDB-SegmentedRaftLogWorker: created new log segment /home/runner/work/ozone/ozone/hadoop-ozone/integration-test/target/test-dir/MiniOzoneClusterImpl-a412b9f6-7d8b-4de3-a85c-9946bceaa3a0/ozone-metadata/datanode-1/ratis/991bfa6b-f7e5-4a03-b9a5-5e2f154b5bdb/current/log_inprogress_0
2025-10-22 08:23:44,852 [4d8a2798-959e-416b-b534-19c13b55a760@group-5E2F154B5BDB-SegmentedRaftLogWorker] INFO  segmented.BufferedWriteChannel (BufferedWriteChannel.java:open(61)) - open log_inprogress_0 at position 0
2025-10-22 08:23:44,866 [40df8fc4-149d-40c0-897d-2844034d8141@group-5E2F154B5BDB-SegmentedRaftLogWorker] INFO  segmented.SegmentedRaftLogWorker (SegmentedRaftLogWorker.java:execute(647)) - 40df8fc4-149d-40c0-897d-2844034d8141@group-5E2F154B5BDB-SegmentedRaftLogWorker: created new log segment /home/runner/work/ozone/ozone/hadoop-ozone/integration-test/target/test-dir/MiniOzoneClusterImpl-a412b9f6-7d8b-4de3-a85c-9946bceaa3a0/ozone-metadata/datanode-3/ratis/991bfa6b-f7e5-4a03-b9a5-5e2f154b5bdb/current/log_inprogress_0
2025-10-22 08:23:44,867 [4d8a2798-959e-416b-b534-19c13b55a760@group-5E2F154B5BDB-SegmentedRaftLogWorker] INFO  segmented.SegmentedRaftLogWorker (SegmentedRaftLogWorker.java:execute(647)) - 4d8a2798-959e-416b-b534-19c13b55a760@group-5E2F154B5BDB-SegmentedRaftLogWorker: created new log segment /home/runner/work/ozone/ozone/hadoop-ozone/integration-test/target/test-dir/MiniOzoneClusterImpl-a412b9f6-7d8b-4de3-a85c-9946bceaa3a0/ozone-metadata/datanode-2/ratis/991bfa6b-f7e5-4a03-b9a5-5e2f154b5bdb/current/log_inprogress_0
2025-10-22 08:23:44,877 [1c036820-4dbe-4abe-80fb-5ca88de5e2f0@group-5E2F154B5BDB-StateMachineUpdater] INFO  server.RaftServer$Division (LeaderStateImpl.java:checkStartIndex(309)) - Leader 1c036820-4dbe-4abe-80fb-5ca88de5e2f0@group-5E2F154B5BDB-LeaderStateImpl is ready since appliedIndex == startIndex == 0
2025-10-22 08:23:44,973 [4d8a2798-959e-416b-b534-19c13b55a760@group-C080F8B16968-FollowerState] INFO  impl.FollowerState (FollowerState.java:runImpl(161)) - 4d8a2798-959e-416b-b534-19c13b55a760@group-C080F8B16968-FollowerState: change to CANDIDATE, lastRpcElapsedTime:1086628001ns, electionTimeout:1086ms
2025-10-22 08:23:44,974 [4d8a2798-959e-416b-b534-19c13b55a760@group-C080F8B16968-FollowerState] INFO  impl.RoleInfo (RoleInfo.java:shutdownFollowerState(121)) - 4d8a2798-959e-416b-b534-19c13b55a760: shutdown 4d8a2798-959e-416b-b534-19c13b55a760@group-C080F8B16968-FollowerState
2025-10-22 08:23:44,974 [4d8a2798-959e-416b-b534-19c13b55a760@group-C080F8B16968-FollowerState] INFO  server.RaftServer$Division (RaftServerImpl.java:setRole(392)) - 4d8a2798-959e-416b-b534-19c13b55a760@group-C080F8B16968: changes role from  FOLLOWER to CANDIDATE at term 0 for changeToCandidate
2025-10-22 08:23:44,975 [4d8a2798-959e-416b-b534-19c13b55a760@group-C080F8B16968-FollowerState] INFO  impl.RoleInfo (RoleInfo.java:updateAndGet(148)) - 4d8a2798-959e-416b-b534-19c13b55a760: start 4d8a2798-959e-416b-b534-19c13b55a760@group-C080F8B16968-LeaderElection8
2025-10-22 08:23:44,977 [4d8a2798-959e-416b-b534-19c13b55a760@group-C080F8B16968-LeaderElection8] INFO  impl.LeaderElection (LeaderElection.java:askForVotes(448)) - 4d8a2798-959e-416b-b534-19c13b55a760@group-C080F8B16968-LeaderElection8 PRE_VOTE round 0: submit vote requests at term 0 for conf: {index: -1, cur=peers:[4d8a2798-959e-416b-b534-19c13b55a760|127.0.0.1:15023]|listeners:[], old=null}
2025-10-22 08:23:44,977 [4d8a2798-959e-416b-b534-19c13b55a760@group-C080F8B16968-LeaderElection8] INFO  impl.LeaderElection (LeaderElection.java:askForVotes(450)) - 4d8a2798-959e-416b-b534-19c13b55a760@group-C080F8B16968-LeaderElection8 PRE_VOTE round 0: result PASSED (term=0)
2025-10-22 08:23:44,980 [4d8a2798-959e-416b-b534-19c13b55a760@group-C080F8B16968-LeaderElection8] INFO  impl.LeaderElection (LeaderElection.java:askForVotes(448)) - 4d8a2798-959e-416b-b534-19c13b55a760@group-C080F8B16968-LeaderElection8 ELECTION round 0: submit vote requests at term 1 for conf: {index: -1, cur=peers:[4d8a2798-959e-416b-b534-19c13b55a760|127.0.0.1:15023]|listeners:[], old=null}
2025-10-22 08:23:44,980 [4d8a2798-959e-416b-b534-19c13b55a760@group-C080F8B16968-LeaderElection8] INFO  impl.LeaderElection (LeaderElection.java:askForVotes(450)) - 4d8a2798-959e-416b-b534-19c13b55a760@group-C080F8B16968-LeaderElection8 ELECTION round 0: result PASSED (term=1)
2025-10-22 08:23:44,980 [4d8a2798-959e-416b-b534-19c13b55a760@group-C080F8B16968-LeaderElection8] INFO  impl.RoleInfo (RoleInfo.java:shutdownLeaderElection(141)) - 4d8a2798-959e-416b-b534-19c13b55a760: shutdown 4d8a2798-959e-416b-b534-19c13b55a760@group-C080F8B16968-LeaderElection8
2025-10-22 08:23:44,980 [4d8a2798-959e-416b-b534-19c13b55a760@group-C080F8B16968-LeaderElection8] INFO  server.RaftServer$Division (RaftServerImpl.java:setRole(392)) - 4d8a2798-959e-416b-b534-19c13b55a760@group-C080F8B16968: changes role from CANDIDATE to LEADER at term 1 for changeToLeader
2025-10-22 08:23:44,980 [4d8a2798-959e-416b-b534-19c13b55a760@group-C080F8B16968-LeaderElection8] INFO  server.RaftServerConfigKeys (ConfUtils.java:logFallback(69)) - raft.server.staging.timeout = 3600ms (fallback to raft.server.rpc.timeout.max)
2025-10-22 08:23:44,984 [4d8a2798-959e-416b-b534-19c13b55a760@group-C080F8B16968-LeaderElection8] INFO  server.RaftServerConfigKeys (ConfUtils.java:logGet(62)) - raft.server.write.byte-limit = 1024 M (=1073741824) (custom)
2025-10-22 08:23:44,985 [4d8a2798-959e-416b-b534-19c13b55a760@group-C080F8B16968-LeaderElection8] INFO  impl.RoleInfo (RoleInfo.java:updateAndGet(148)) - 4d8a2798-959e-416b-b534-19c13b55a760: start 4d8a2798-959e-416b-b534-19c13b55a760@group-C080F8B16968-LeaderStateImpl
2025-10-22 08:23:44,985 [4d8a2798-959e-416b-b534-19c13b55a760@group-C080F8B16968-LeaderElection8] INFO  server.RaftServer$Division (RaftServerImpl.java:setFirstElection(576)) - 4d8a2798-959e-416b-b534-19c13b55a760@group-C080F8B16968: set firstElectionSinceStartup to false for becomeLeader
2025-10-22 08:23:44,985 [4d8a2798-959e-416b-b534-19c13b55a760@group-C080F8B16968-LeaderElection8] INFO  ratis.XceiverServerRatis (XceiverServerRatis.java:handleLeaderChangedNotification(940)) - Leader change notification received for group: group-C080F8B16968 with new leaderId: 4d8a2798-959e-416b-b534-19c13b55a760
2025-10-22 08:23:44,985 [4d8a2798-959e-416b-b534-19c13b55a760@group-C080F8B16968-LeaderElection8] INFO  server.RaftServer$Division (ServerState.java:setLeader(272)) - 4d8a2798-959e-416b-b534-19c13b55a760@group-C080F8B16968: change Leader from null to 4d8a2798-959e-416b-b534-19c13b55a760 at term 1 for becomeLeader, leader elected after 1122ms
2025-10-22 08:23:44,985 [4d8a2798-959e-416b-b534-19c13b55a760@group-C080F8B16968-LeaderElection8] INFO  segmented.SegmentedRaftLogWorker (SegmentedRaftLogWorker.java:startLogSegment(440)) - 4d8a2798-959e-416b-b534-19c13b55a760@group-C080F8B16968-SegmentedRaftLogWorker: Starting segment from index:0
2025-10-22 08:23:44,986 [4d8a2798-959e-416b-b534-19c13b55a760@group-C080F8B16968-SegmentedRaftLogWorker] INFO  segmented.BufferedWriteChannel (BufferedWriteChannel.java:open(61)) - open log_inprogress_0 at position 0
2025-10-22 08:23:44,988 [4d8a2798-959e-416b-b534-19c13b55a760@group-C080F8B16968-LeaderElection8] INFO  server.RaftServer$Division (ServerState.java:setRaftConf(386)) - 4d8a2798-959e-416b-b534-19c13b55a760@group-C080F8B16968: set configuration conf: {index: 0, cur=peers:[4d8a2798-959e-416b-b534-19c13b55a760|127.0.0.1:15023]|listeners:[], old=null}
2025-10-22 08:23:44,999 [4d8a2798-959e-416b-b534-19c13b55a760@group-C080F8B16968-SegmentedRaftLogWorker] INFO  segmented.SegmentedRaftLogWorker (SegmentedRaftLogWorker.java:execute(647)) - 4d8a2798-959e-416b-b534-19c13b55a760@group-C080F8B16968-SegmentedRaftLogWorker: created new log segment /home/runner/work/ozone/ozone/hadoop-ozone/integration-test/target/test-dir/MiniOzoneClusterImpl-a412b9f6-7d8b-4de3-a85c-9946bceaa3a0/ozone-metadata/datanode-2/ratis/0ab6beb1-ecd4-4a22-8092-c080f8b16968/current/log_inprogress_0
2025-10-22 08:23:45,002 [4d8a2798-959e-416b-b534-19c13b55a760@group-C080F8B16968-StateMachineUpdater] INFO  server.RaftServer$Division (LeaderStateImpl.java:checkStartIndex(309)) - Leader 4d8a2798-959e-416b-b534-19c13b55a760@group-C080F8B16968-LeaderStateImpl is ready since appliedIndex == startIndex == 0
2025-10-22 08:23:45,012 [6d4f7871-438f-445e-bbd0-5ca0ba9a1086-CreatePipelineCommandHandlerThread-0] INFO  server.RaftServer (RaftServerProxy.java:addNew(105)) - 6d4f7871-438f-445e-bbd0-5ca0ba9a1086: addNew group-600AC1A7833E:[6d4f7871-438f-445e-bbd0-5ca0ba9a1086|127.0.0.1:15055] returns group-600AC1A7833E:java.util.concurrent.CompletableFuture@4a96d60b[Not completed]
2025-10-22 08:23:45,015 [6d4f7871-438f-445e-bbd0-5ca0ba9a1086-groupManagement] INFO  server.RaftServer$Division (RaftServerImpl.java:<init>(268)) - 6d4f7871-438f-445e-bbd0-5ca0ba9a1086: new RaftServerImpl for group-600AC1A7833E:[6d4f7871-438f-445e-bbd0-5ca0ba9a1086|127.0.0.1:15055] with ContainerStateMachine:uninitialized
2025-10-22 08:23:45,015 [6d4f7871-438f-445e-bbd0-5ca0ba9a1086-groupManagement] INFO  server.RaftServer$Division (ServerState.java:<init>(114)) - 6d4f7871-438f-445e-bbd0-5ca0ba9a1086@group-600AC1A7833E: ConfigurationManager, init=conf: {index: -1, cur=peers:[6d4f7871-438f-445e-bbd0-5ca0ba9a1086|127.0.0.1:15055]|listeners:[], old=null}, confs=<EMPTY_MAP>
2025-10-22 08:23:45,024 [6d4f7871-438f-445e-bbd0-5ca0ba9a1086-groupManagement] INFO  server.RaftServerConfigKeys (ConfUtils.java:logGet(62)) - raft.server.storage.dir = [/home/runner/work/ozone/ozone/hadoop-ozone/integration-test/target/test-dir/MiniOzoneClusterImpl-a412b9f6-7d8b-4de3-a85c-9946bceaa3a0/ozone-metadata/datanode-6/ratis] (custom)
2025-10-22 08:23:45,025 [6d4f7871-438f-445e-bbd0-5ca0ba9a1086-groupManagement] INFO  storage.RaftStorageDirectory (RaftStorageDirectoryImpl.java:analyzeStorage(138)) - The storage directory /home/runner/work/ozone/ozone/hadoop-ozone/integration-test/target/test-dir/MiniOzoneClusterImpl-a412b9f6-7d8b-4de3-a85c-9946bceaa3a0/ozone-metadata/datanode-6/ratis/a9803127-e5c7-46e9-b82b-600ac1a7833e does not exist. Creating ...
2025-10-22 08:23:45,028 [6d4f7871-438f-445e-bbd0-5ca0ba9a1086-groupManagement] INFO  storage.RaftStorageDirectory (RaftStorageDirectoryImpl.java:tryLock(229)) - Lock on /home/runner/work/ozone/ozone/hadoop-ozone/integration-test/target/test-dir/MiniOzoneClusterImpl-a412b9f6-7d8b-4de3-a85c-9946bceaa3a0/ozone-metadata/datanode-6/ratis/a9803127-e5c7-46e9-b82b-600ac1a7833e/in_use.lock acquired by nodename 57193@localhost
2025-10-22 08:23:45,030 [6d4f7871-438f-445e-bbd0-5ca0ba9a1086-groupManagement] INFO  storage.RaftStorage (RaftStorageImpl.java:format(98)) - Storage directory /home/runner/work/ozone/ozone/hadoop-ozone/integration-test/target/test-dir/MiniOzoneClusterImpl-a412b9f6-7d8b-4de3-a85c-9946bceaa3a0/ozone-metadata/datanode-6/ratis/a9803127-e5c7-46e9-b82b-600ac1a7833e has been successfully formatted.
2025-10-22 08:23:45,030 [6d4f7871-438f-445e-bbd0-5ca0ba9a1086-groupManagement] INFO  ratis.ContainerStateMachine (ContainerStateMachine.java:initialize(339)) - 6d4f7871-438f-445e-bbd0-5ca0ba9a1086: initialize group-600AC1A7833E
2025-10-22 08:23:45,032 [6d4f7871-438f-445e-bbd0-5ca0ba9a1086-groupManagement] INFO  ratis.ContainerStateMachine (ContainerStateMachine.java:loadSnapshot(347)) - group-600AC1A7833E: The snapshot info is null. Setting the last applied index to:<INITIAL_VALUE>
2025-10-22 08:23:45,032 [6d4f7871-438f-445e-bbd0-5ca0ba9a1086-groupManagement] INFO  server.RaftServerConfigKeys (ConfUtils.java:logGet(62)) - raft.server.log.appender.buffer.byte-limit = 33554432 (custom)
2025-10-22 08:23:45,037 [6d4f7871-438f-445e-bbd0-5ca0ba9a1086-groupManagement] INFO  server.RaftServerConfigKeys (ConfUtils.java:logGet(62)) - raft.server.log.segment.size.max = 67108864 (custom)
2025-10-22 08:23:45,037 [6d4f7871-438f-445e-bbd0-5ca0ba9a1086-groupManagement] INFO  server.RaftServerConfigKeys (ConfUtils.java:logGet(62)) - raft.server.log.appender.buffer.byte-limit = 33554432 (custom)
2025-10-22 08:23:45,039 [6d4f7871-438f-445e-bbd0-5ca0ba9a1086-groupManagement] INFO  util.AwaitToRun (AwaitToRun.java:start(81)) - Thread[#1338,6d4f7871-438f-445e-bbd0-5ca0ba9a1086@group-600AC1A7833E-cacheEviction-AwaitToRun,5,main] started
2025-10-22 08:23:45,039 [6d4f7871-438f-445e-bbd0-5ca0ba9a1086-groupManagement] INFO  segmented.SegmentedRaftLogWorker (SegmentedRaftLogWorker.java:<init>(190)) - new 6d4f7871-438f-445e-bbd0-5ca0ba9a1086@group-600AC1A7833E-SegmentedRaftLogWorker for RaftStorageImpl:Storage Directory /home/runner/work/ozone/ozone/hadoop-ozone/integration-test/target/test-dir/MiniOzoneClusterImpl-a412b9f6-7d8b-4de3-a85c-9946bceaa3a0/ozone-metadata/datanode-6/ratis/a9803127-e5c7-46e9-b82b-600ac1a7833e
2025-10-22 08:23:45,039 [6d4f7871-438f-445e-bbd0-5ca0ba9a1086-groupManagement] INFO  server.RaftServerConfigKeys (ConfUtils.java:logGet(62)) - raft.server.log.queue.byte-limit = 4294967296 (custom)
2025-10-22 08:23:45,039 [6d4f7871-438f-445e-bbd0-5ca0ba9a1086-groupManagement] INFO  server.RaftServerConfigKeys (ConfUtils.java:logGet(62)) - raft.server.log.segment.size.max = 67108864 (custom)
2025-10-22 08:23:45,039 [6d4f7871-438f-445e-bbd0-5ca0ba9a1086-groupManagement] INFO  server.RaftServerConfigKeys (ConfUtils.java:logGet(62)) - raft.server.log.preallocated.size = 4194304 (custom)
2025-10-22 08:23:45,040 [6d4f7871-438f-445e-bbd0-5ca0ba9a1086-groupManagement] INFO  server.RaftServerConfigKeys (ConfUtils.java:logGet(62)) - raft.server.log.write.buffer.size = 33554440 (custom)
2025-10-22 08:23:45,042 [EventQueue-PipelineReportForPipelineReportHandler] INFO  pipeline.PipelineReportHandler (PipelineReportHandler.java:processPipelineReport(132)) - Opened pipeline Pipeline-a9803127-e5c7-46e9-b82b-600ac1a7833e
2025-10-22 08:23:45,055 [6d4f7871-438f-445e-bbd0-5ca0ba9a1086-groupManagement] INFO  server.RaftServerConfigKeys (ConfUtils.java:logGet(62)) - raft.server.log.appender.buffer.byte-limit = 33554432 (custom)
2025-10-22 08:23:45,055 [6d4f7871-438f-445e-bbd0-5ca0ba9a1086-groupManagement] INFO  segmented.SegmentedRaftLogWorker (SegmentedRaftLogWorker.java:lambda$new$0(141)) - 6d4f7871-438f-445e-bbd0-5ca0ba9a1086@group-600AC1A7833E-SegmentedRaftLogWorker: flushIndex: setUnconditionally 0 -> -1
2025-10-22 08:23:45,056 [6d4f7871-438f-445e-bbd0-5ca0ba9a1086-groupManagement] INFO  segmented.SegmentedRaftLogWorker (SegmentedRaftLogWorker.java:lambda$new$0(141)) - 6d4f7871-438f-445e-bbd0-5ca0ba9a1086@group-600AC1A7833E-SegmentedRaftLogWorker: safeCacheEvictIndex: setUnconditionally 0 -> -1
2025-10-22 08:23:45,057 [6d4f7871-438f-445e-bbd0-5ca0ba9a1086-groupManagement] INFO  server.RaftServer$Division (RaftServerImpl.java:start(405)) - 6d4f7871-438f-445e-bbd0-5ca0ba9a1086@group-600AC1A7833E: start as a follower, conf=conf: {index: -1, cur=peers:[6d4f7871-438f-445e-bbd0-5ca0ba9a1086|127.0.0.1:15055]|listeners:[], old=null}
2025-10-22 08:23:45,057 [6d4f7871-438f-445e-bbd0-5ca0ba9a1086-groupManagement] INFO  server.RaftServer$Division (RaftServerImpl.java:setRole(392)) - 6d4f7871-438f-445e-bbd0-5ca0ba9a1086@group-600AC1A7833E: changes role from      null to FOLLOWER at term 0 for startAsFollower
2025-10-22 08:23:45,057 [6d4f7871-438f-445e-bbd0-5ca0ba9a1086-groupManagement] INFO  impl.RoleInfo (RoleInfo.java:updateAndGet(148)) - 6d4f7871-438f-445e-bbd0-5ca0ba9a1086: start 6d4f7871-438f-445e-bbd0-5ca0ba9a1086@group-600AC1A7833E-FollowerState
2025-10-22 08:23:45,058 [6d4f7871-438f-445e-bbd0-5ca0ba9a1086-groupManagement] INFO  util.JmxRegister (JmxRegister.java:tryRegister(44)) - Successfully registered JMX Bean with object name Ratis:service=RaftServer,group=group-600AC1A7833E,id=6d4f7871-438f-445e-bbd0-5ca0ba9a1086
2025-10-22 08:23:45,058 [6d4f7871-438f-445e-bbd0-5ca0ba9a1086-groupManagement] INFO  util.JmxRegister (JmxRegister.java:register(58)) - register mxBean class org.apache.ratis.server.impl.RaftServerJmxAdapter as Ratis:service=RaftServer,group=group-600AC1A7833E,id=6d4f7871-438f-445e-bbd0-5ca0ba9a1086
2025-10-22 08:23:45,059 [6d4f7871-438f-445e-bbd0-5ca0ba9a1086-groupManagement] INFO  server.RaftServer$Division (RaftServerImpl.java:start(419)) - 6d4f7871-438f-445e-bbd0-5ca0ba9a1086@group-600AC1A7833E: Successfully started.
2025-10-22 08:23:45,060 [6d4f7871-438f-445e-bbd0-5ca0ba9a1086-CreatePipelineCommandHandlerThread-0] INFO  ratis.XceiverServerRatis (XceiverServerRatis.java:addGroup(839)) - Created group Pipeline-a9803127-e5c7-46e9-b82b-600ac1a7833e
2025-10-22 08:23:45,060 [6d4f7871-438f-445e-bbd0-5ca0ba9a1086-CreatePipelineCommandHandlerThread-0] INFO  commandhandler.CreatePipelineCommandHandler (CreatePipelineCommandHandler.java:lambda$handle$2(141)) - Created Pipeline RATIS ONE Pipeline-a9803127-e5c7-46e9-b82b-600ac1a7833e.
2025-10-22 08:23:45,112 [ForkJoinPool-1-worker-1] INFO  rpc.RpcClient (RpcClient.java:createVolume(461)) - Creating Volume: datanodefailurehandlingtest, with runner as owner and space quota set to -1 bytes, counts quota set to -1
2025-10-22 08:23:45,128 [om1-OMStateMachineApplyTransactionThread - 0] INFO  volume.OMVolumeCreateRequest (OMVolumeCreateRequest.java:validateAndUpdateCache(213)) - created volume:datanodefailurehandlingtest for user:runner
2025-10-22 08:23:45,145 [ForkJoinPool-1-worker-1] INFO  rpc.RpcClient (RpcClient.java:createBucket(686)) - Creating Bucket: datanodefailurehandlingtest/datanodefailurehandlingtest, with server-side default bucket layout, runner as owner, Versioning false, Storage Type set to DISK and Encryption set to false, Replication Type set to server-side default replication type, Namespace Quota set to -1, Space Quota set to -1 
2025-10-22 08:23:45,157 [om1-OMStateMachineApplyTransactionThread - 0] INFO  bucket.OMBucketCreateRequest (OMBucketCreateRequest.java:validateAndUpdateCache(303)) - created bucket: datanodefailurehandlingtest of layout FILE_SYSTEM_OPTIMIZED in volume: datanodefailurehandlingtest
2025-10-22 08:23:45,220 [IPC Server handler 0 on default port 15001] INFO  ha.SequenceIdGenerator (SequenceIdGenerator.java:getNextId(135)) - Allocate a batch for containerId, change lastId from 0 to 1000.
2025-10-22 08:23:45,232 [865d5785-f699-439e-a1bb-b7d8c2e8d3c0@group-9946BCEAA3A0-StateMachineUpdater] WARN  ha.SequenceIdGenerator (SequenceIdGenerator.java:allocateBatch(248)) - Failed to allocate a batch for localId, expected lastId is 0, actual lastId is 115816896921600000.
2025-10-22 08:23:45,234 [IPC Server handler 0 on default port 15001] INFO  ha.SequenceIdGenerator (SequenceIdGenerator.java:getNextId(135)) - Allocate a batch for localId, change lastId from 115816896921600000 to 115816896921601000.
2025-10-22 08:23:45,263 [8aba082c-257b-43e3-ba61-5d436c5b38fa-CreatePipelineCommandHandlerThread-0] INFO  server.RaftServer (RaftServerProxy.java:addNew(105)) - 8aba082c-257b-43e3-ba61-5d436c5b38fa: addNew group-4AF882E7927B:[8aba082c-257b-43e3-ba61-5d436c5b38fa|127.0.0.1:15063] returns group-4AF882E7927B:java.util.concurrent.CompletableFuture@1e09e357[Not completed]
2025-10-22 08:23:45,265 [8aba082c-257b-43e3-ba61-5d436c5b38fa-groupManagement] INFO  server.RaftServer$Division (RaftServerImpl.java:<init>(268)) - 8aba082c-257b-43e3-ba61-5d436c5b38fa: new RaftServerImpl for group-4AF882E7927B:[8aba082c-257b-43e3-ba61-5d436c5b38fa|127.0.0.1:15063] with ContainerStateMachine:uninitialized
2025-10-22 08:23:45,265 [8aba082c-257b-43e3-ba61-5d436c5b38fa-groupManagement] INFO  server.RaftServer$Division (ServerState.java:<init>(114)) - 8aba082c-257b-43e3-ba61-5d436c5b38fa@group-4AF882E7927B: ConfigurationManager, init=conf: {index: -1, cur=peers:[8aba082c-257b-43e3-ba61-5d436c5b38fa|127.0.0.1:15063]|listeners:[], old=null}, confs=<EMPTY_MAP>
2025-10-22 08:23:45,272 [8aba082c-257b-43e3-ba61-5d436c5b38fa-groupManagement] INFO  server.RaftServerConfigKeys (ConfUtils.java:logGet(62)) - raft.server.storage.dir = [/home/runner/work/ozone/ozone/hadoop-ozone/integration-test/target/test-dir/MiniOzoneClusterImpl-a412b9f6-7d8b-4de3-a85c-9946bceaa3a0/ozone-metadata/datanode-7/ratis] (custom)
2025-10-22 08:23:45,272 [8aba082c-257b-43e3-ba61-5d436c5b38fa-groupManagement] INFO  storage.RaftStorageDirectory (RaftStorageDirectoryImpl.java:analyzeStorage(138)) - The storage directory /home/runner/work/ozone/ozone/hadoop-ozone/integration-test/target/test-dir/MiniOzoneClusterImpl-a412b9f6-7d8b-4de3-a85c-9946bceaa3a0/ozone-metadata/datanode-7/ratis/1d4aa067-29f1-4836-bdcb-4af882e7927b does not exist. Creating ...
2025-10-22 08:23:45,274 [8aba082c-257b-43e3-ba61-5d436c5b38fa-groupManagement] INFO  storage.RaftStorageDirectory (RaftStorageDirectoryImpl.java:tryLock(229)) - Lock on /home/runner/work/ozone/ozone/hadoop-ozone/integration-test/target/test-dir/MiniOzoneClusterImpl-a412b9f6-7d8b-4de3-a85c-9946bceaa3a0/ozone-metadata/datanode-7/ratis/1d4aa067-29f1-4836-bdcb-4af882e7927b/in_use.lock acquired by nodename 57193@localhost
2025-10-22 08:23:45,275 [8aba082c-257b-43e3-ba61-5d436c5b38fa-groupManagement] INFO  storage.RaftStorage (RaftStorageImpl.java:format(98)) - Storage directory /home/runner/work/ozone/ozone/hadoop-ozone/integration-test/target/test-dir/MiniOzoneClusterImpl-a412b9f6-7d8b-4de3-a85c-9946bceaa3a0/ozone-metadata/datanode-7/ratis/1d4aa067-29f1-4836-bdcb-4af882e7927b has been successfully formatted.
2025-10-22 08:23:45,275 [8aba082c-257b-43e3-ba61-5d436c5b38fa-groupManagement] INFO  ratis.ContainerStateMachine (ContainerStateMachine.java:initialize(339)) - 8aba082c-257b-43e3-ba61-5d436c5b38fa: initialize group-4AF882E7927B
2025-10-22 08:23:45,275 [8aba082c-257b-43e3-ba61-5d436c5b38fa-groupManagement] INFO  ratis.ContainerStateMachine (ContainerStateMachine.java:loadSnapshot(347)) - group-4AF882E7927B: The snapshot info is null. Setting the last applied index to:<INITIAL_VALUE>
2025-10-22 08:23:45,275 [8aba082c-257b-43e3-ba61-5d436c5b38fa-groupManagement] INFO  server.RaftServerConfigKeys (ConfUtils.java:logGet(62)) - raft.server.log.appender.buffer.byte-limit = 33554432 (custom)
2025-10-22 08:23:45,277 [8aba082c-257b-43e3-ba61-5d436c5b38fa-groupManagement] INFO  server.RaftServerConfigKeys (ConfUtils.java:logGet(62)) - raft.server.log.segment.size.max = 67108864 (custom)
2025-10-22 08:23:45,278 [8aba082c-257b-43e3-ba61-5d436c5b38fa-groupManagement] INFO  server.RaftServerConfigKeys (ConfUtils.java:logGet(62)) - raft.server.log.appender.buffer.byte-limit = 33554432 (custom)
2025-10-22 08:23:45,279 [8aba082c-257b-43e3-ba61-5d436c5b38fa-groupManagement] INFO  util.AwaitToRun (AwaitToRun.java:start(81)) - Thread[#1348,8aba082c-257b-43e3-ba61-5d436c5b38fa@group-4AF882E7927B-cacheEviction-AwaitToRun,5,main] started
2025-10-22 08:23:45,279 [8aba082c-257b-43e3-ba61-5d436c5b38fa-groupManagement] INFO  segmented.SegmentedRaftLogWorker (SegmentedRaftLogWorker.java:<init>(190)) - new 8aba082c-257b-43e3-ba61-5d436c5b38fa@group-4AF882E7927B-SegmentedRaftLogWorker for RaftStorageImpl:Storage Directory /home/runner/work/ozone/ozone/hadoop-ozone/integration-test/target/test-dir/MiniOzoneClusterImpl-a412b9f6-7d8b-4de3-a85c-9946bceaa3a0/ozone-metadata/datanode-7/ratis/1d4aa067-29f1-4836-bdcb-4af882e7927b
2025-10-22 08:23:45,279 [8aba082c-257b-43e3-ba61-5d436c5b38fa-groupManagement] INFO  server.RaftServerConfigKeys (ConfUtils.java:logGet(62)) - raft.server.log.queue.byte-limit = 4294967296 (custom)
2025-10-22 08:23:45,279 [8aba082c-257b-43e3-ba61-5d436c5b38fa-groupManagement] INFO  server.RaftServerConfigKeys (ConfUtils.java:logGet(62)) - raft.server.log.segment.size.max = 67108864 (custom)
2025-10-22 08:23:45,279 [8aba082c-257b-43e3-ba61-5d436c5b38fa-groupManagement] INFO  server.RaftServerConfigKeys (ConfUtils.java:logGet(62)) - raft.server.log.preallocated.size = 4194304 (custom)
2025-10-22 08:23:45,280 [8aba082c-257b-43e3-ba61-5d436c5b38fa-groupManagement] INFO  server.RaftServerConfigKeys (ConfUtils.java:logGet(62)) - raft.server.log.write.buffer.size = 33554440 (custom)
2025-10-22 08:23:45,281 [EventQueue-PipelineReportForPipelineReportHandler] INFO  pipeline.PipelineReportHandler (PipelineReportHandler.java:processPipelineReport(132)) - Opened pipeline Pipeline-1d4aa067-29f1-4836-bdcb-4af882e7927b
2025-10-22 08:23:45,286 [8aba082c-257b-43e3-ba61-5d436c5b38fa-groupManagement] INFO  server.RaftServerConfigKeys (ConfUtils.java:logGet(62)) - raft.server.log.appender.buffer.byte-limit = 33554432 (custom)
2025-10-22 08:23:45,287 [8aba082c-257b-43e3-ba61-5d436c5b38fa-groupManagement] INFO  segmented.SegmentedRaftLogWorker (SegmentedRaftLogWorker.java:lambda$new$0(141)) - 8aba082c-257b-43e3-ba61-5d436c5b38fa@group-4AF882E7927B-SegmentedRaftLogWorker: flushIndex: setUnconditionally 0 -> -1
2025-10-22 08:23:45,287 [8aba082c-257b-43e3-ba61-5d436c5b38fa-groupManagement] INFO  segmented.SegmentedRaftLogWorker (SegmentedRaftLogWorker.java:lambda$new$0(141)) - 8aba082c-257b-43e3-ba61-5d436c5b38fa@group-4AF882E7927B-SegmentedRaftLogWorker: safeCacheEvictIndex: setUnconditionally 0 -> -1
2025-10-22 08:23:45,288 [8aba082c-257b-43e3-ba61-5d436c5b38fa-groupManagement] INFO  server.RaftServer$Division (RaftServerImpl.java:start(405)) - 8aba082c-257b-43e3-ba61-5d436c5b38fa@group-4AF882E7927B: start as a follower, conf=conf: {index: -1, cur=peers:[8aba082c-257b-43e3-ba61-5d436c5b38fa|127.0.0.1:15063]|listeners:[], old=null}
2025-10-22 08:23:45,289 [8aba082c-257b-43e3-ba61-5d436c5b38fa-groupManagement] INFO  server.RaftServer$Division (RaftServerImpl.java:setRole(392)) - 8aba082c-257b-43e3-ba61-5d436c5b38fa@group-4AF882E7927B: changes role from      null to FOLLOWER at term 0 for startAsFollower
2025-10-22 08:23:45,289 [8aba082c-257b-43e3-ba61-5d436c5b38fa-groupManagement] INFO  impl.RoleInfo (RoleInfo.java:updateAndGet(148)) - 8aba082c-257b-43e3-ba61-5d436c5b38fa: start 8aba082c-257b-43e3-ba61-5d436c5b38fa@group-4AF882E7927B-FollowerState
2025-10-22 08:23:45,290 [8aba082c-257b-43e3-ba61-5d436c5b38fa-groupManagement] INFO  util.JmxRegister (JmxRegister.java:tryRegister(44)) - Successfully registered JMX Bean with object name Ratis:service=RaftServer,group=group-4AF882E7927B,id=8aba082c-257b-43e3-ba61-5d436c5b38fa
2025-10-22 08:23:45,290 [8aba082c-257b-43e3-ba61-5d436c5b38fa-groupManagement] INFO  util.JmxRegister (JmxRegister.java:register(58)) - register mxBean class org.apache.ratis.server.impl.RaftServerJmxAdapter as Ratis:service=RaftServer,group=group-4AF882E7927B,id=8aba082c-257b-43e3-ba61-5d436c5b38fa
2025-10-22 08:23:45,291 [8aba082c-257b-43e3-ba61-5d436c5b38fa-groupManagement] INFO  server.RaftServer$Division (RaftServerImpl.java:start(419)) - 8aba082c-257b-43e3-ba61-5d436c5b38fa@group-4AF882E7927B: Successfully started.
2025-10-22 08:23:45,291 [8aba082c-257b-43e3-ba61-5d436c5b38fa-CreatePipelineCommandHandlerThread-0] INFO  ratis.XceiverServerRatis (XceiverServerRatis.java:addGroup(839)) - Created group Pipeline-1d4aa067-29f1-4836-bdcb-4af882e7927b
2025-10-22 08:23:45,291 [8aba082c-257b-43e3-ba61-5d436c5b38fa-CreatePipelineCommandHandlerThread-0] INFO  commandhandler.CreatePipelineCommandHandler (CreatePipelineCommandHandler.java:lambda$handle$2(141)) - Created Pipeline RATIS ONE Pipeline-1d4aa067-29f1-4836-bdcb-4af882e7927b.
2025-10-22 08:23:45,292 [8aba082c-257b-43e3-ba61-5d436c5b38fa-CreatePipelineCommandHandlerThread-0] INFO  server.RaftServer (RaftServerProxy.java:addNew(105)) - 8aba082c-257b-43e3-ba61-5d436c5b38fa: addNew group-E8ADAFC04A7A:[9d21e184-bccf-4583-95a7-0fe616dd3b4b|127.0.0.1:15079, 8aba082c-257b-43e3-ba61-5d436c5b38fa|127.0.0.1:15063, 0cab5a7d-6f40-474c-9abd-0651cf30726e|127.0.0.1:15071] returns group-E8ADAFC04A7A:java.util.concurrent.CompletableFuture@57dae7b9[Not completed]
2025-10-22 08:23:45,294 [8aba082c-257b-43e3-ba61-5d436c5b38fa-groupManagement] INFO  server.RaftServer$Division (RaftServerImpl.java:<init>(268)) - 8aba082c-257b-43e3-ba61-5d436c5b38fa: new RaftServerImpl for group-E8ADAFC04A7A:[9d21e184-bccf-4583-95a7-0fe616dd3b4b|127.0.0.1:15079, 8aba082c-257b-43e3-ba61-5d436c5b38fa|127.0.0.1:15063, 0cab5a7d-6f40-474c-9abd-0651cf30726e|127.0.0.1:15071] with ContainerStateMachine:uninitialized
2025-10-22 08:23:45,294 [8aba082c-257b-43e3-ba61-5d436c5b38fa-groupManagement] INFO  server.RaftServer$Division (ServerState.java:<init>(114)) - 8aba082c-257b-43e3-ba61-5d436c5b38fa@group-E8ADAFC04A7A: ConfigurationManager, init=conf: {index: -1, cur=peers:[9d21e184-bccf-4583-95a7-0fe616dd3b4b|127.0.0.1:15079, 8aba082c-257b-43e3-ba61-5d436c5b38fa|127.0.0.1:15063, 0cab5a7d-6f40-474c-9abd-0651cf30726e|127.0.0.1:15071]|listeners:[], old=null}, confs=<EMPTY_MAP>
2025-10-22 08:23:45,299 [8aba082c-257b-43e3-ba61-5d436c5b38fa-groupManagement] INFO  storage.RaftStorageDirectory (RaftStorageDirectoryImpl.java:analyzeStorage(138)) - The storage directory /home/runner/work/ozone/ozone/hadoop-ozone/integration-test/target/test-dir/MiniOzoneClusterImpl-a412b9f6-7d8b-4de3-a85c-9946bceaa3a0/ozone-metadata/datanode-7/ratis/daae6601-de49-4157-b371-e8adafc04a7a does not exist. Creating ...
2025-10-22 08:23:45,300 [8aba082c-257b-43e3-ba61-5d436c5b38fa-groupManagement] INFO  storage.RaftStorageDirectory (RaftStorageDirectoryImpl.java:tryLock(229)) - Lock on /home/runner/work/ozone/ozone/hadoop-ozone/integration-test/target/test-dir/MiniOzoneClusterImpl-a412b9f6-7d8b-4de3-a85c-9946bceaa3a0/ozone-metadata/datanode-7/ratis/daae6601-de49-4157-b371-e8adafc04a7a/in_use.lock acquired by nodename 57193@localhost
2025-10-22 08:23:45,302 [8aba082c-257b-43e3-ba61-5d436c5b38fa-groupManagement] INFO  storage.RaftStorage (RaftStorageImpl.java:format(98)) - Storage directory /home/runner/work/ozone/ozone/hadoop-ozone/integration-test/target/test-dir/MiniOzoneClusterImpl-a412b9f6-7d8b-4de3-a85c-9946bceaa3a0/ozone-metadata/datanode-7/ratis/daae6601-de49-4157-b371-e8adafc04a7a has been successfully formatted.
2025-10-22 08:23:45,302 [8aba082c-257b-43e3-ba61-5d436c5b38fa-groupManagement] INFO  ratis.ContainerStateMachine (ContainerStateMachine.java:initialize(339)) - 8aba082c-257b-43e3-ba61-5d436c5b38fa: initialize group-E8ADAFC04A7A
2025-10-22 08:23:45,303 [8aba082c-257b-43e3-ba61-5d436c5b38fa-groupManagement] INFO  ratis.ContainerStateMachine (ContainerStateMachine.java:loadSnapshot(347)) - group-E8ADAFC04A7A: The snapshot info is null. Setting the last applied index to:<INITIAL_VALUE>
2025-10-22 08:23:45,303 [8aba082c-257b-43e3-ba61-5d436c5b38fa-groupManagement] INFO  server.RaftServerConfigKeys (ConfUtils.java:logGet(62)) - raft.server.log.appender.buffer.byte-limit = 33554432 (custom)
2025-10-22 08:23:45,306 [8aba082c-257b-43e3-ba61-5d436c5b38fa-groupManagement] INFO  server.RaftServerConfigKeys (ConfUtils.java:logGet(62)) - raft.server.log.segment.size.max = 67108864 (custom)
2025-10-22 08:23:45,307 [8aba082c-257b-43e3-ba61-5d436c5b38fa-groupManagement] INFO  server.RaftServerConfigKeys (ConfUtils.java:logGet(62)) - raft.server.log.appender.buffer.byte-limit = 33554432 (custom)
2025-10-22 08:23:45,308 [8aba082c-257b-43e3-ba61-5d436c5b38fa-groupManagement] INFO  util.AwaitToRun (AwaitToRun.java:start(81)) - Thread[#1352,8aba082c-257b-43e3-ba61-5d436c5b38fa@group-E8ADAFC04A7A-cacheEviction-AwaitToRun,5,main] started
2025-10-22 08:23:45,308 [8aba082c-257b-43e3-ba61-5d436c5b38fa-groupManagement] INFO  segmented.SegmentedRaftLogWorker (SegmentedRaftLogWorker.java:<init>(190)) - new 8aba082c-257b-43e3-ba61-5d436c5b38fa@group-E8ADAFC04A7A-SegmentedRaftLogWorker for RaftStorageImpl:Storage Directory /home/runner/work/ozone/ozone/hadoop-ozone/integration-test/target/test-dir/MiniOzoneClusterImpl-a412b9f6-7d8b-4de3-a85c-9946bceaa3a0/ozone-metadata/datanode-7/ratis/daae6601-de49-4157-b371-e8adafc04a7a
2025-10-22 08:23:45,308 [8aba082c-257b-43e3-ba61-5d436c5b38fa-groupManagement] INFO  server.RaftServerConfigKeys (ConfUtils.java:logGet(62)) - raft.server.log.queue.byte-limit = 4294967296 (custom)
2025-10-22 08:23:45,309 [8aba082c-257b-43e3-ba61-5d436c5b38fa-groupManagement] INFO  server.RaftServerConfigKeys (ConfUtils.java:logGet(62)) - raft.server.log.segment.size.max = 67108864 (custom)
2025-10-22 08:23:45,309 [8aba082c-257b-43e3-ba61-5d436c5b38fa-groupManagement] INFO  server.RaftServerConfigKeys (ConfUtils.java:logGet(62)) - raft.server.log.preallocated.size = 4194304 (custom)
2025-10-22 08:23:45,310 [8aba082c-257b-43e3-ba61-5d436c5b38fa-groupManagement] INFO  server.RaftServerConfigKeys (ConfUtils.java:logGet(62)) - raft.server.log.write.buffer.size = 33554440 (custom)
2025-10-22 08:23:45,316 [8aba082c-257b-43e3-ba61-5d436c5b38fa-groupManagement] INFO  server.RaftServerConfigKeys (ConfUtils.java:logGet(62)) - raft.server.log.appender.buffer.byte-limit = 33554432 (custom)
2025-10-22 08:23:45,317 [8aba082c-257b-43e3-ba61-5d436c5b38fa-groupManagement] INFO  segmented.SegmentedRaftLogWorker (SegmentedRaftLogWorker.java:lambda$new$0(141)) - 8aba082c-257b-43e3-ba61-5d436c5b38fa@group-E8ADAFC04A7A-SegmentedRaftLogWorker: flushIndex: setUnconditionally 0 -> -1
2025-10-22 08:23:45,317 [8aba082c-257b-43e3-ba61-5d436c5b38fa-groupManagement] INFO  segmented.SegmentedRaftLogWorker (SegmentedRaftLogWorker.java:lambda$new$0(141)) - 8aba082c-257b-43e3-ba61-5d436c5b38fa@group-E8ADAFC04A7A-SegmentedRaftLogWorker: safeCacheEvictIndex: setUnconditionally 0 -> -1
2025-10-22 08:23:45,318 [8aba082c-257b-43e3-ba61-5d436c5b38fa-groupManagement] INFO  server.RaftServer$Division (RaftServerImpl.java:start(405)) - 8aba082c-257b-43e3-ba61-5d436c5b38fa@group-E8ADAFC04A7A: start as a follower, conf=conf: {index: -1, cur=peers:[9d21e184-bccf-4583-95a7-0fe616dd3b4b|127.0.0.1:15079, 8aba082c-257b-43e3-ba61-5d436c5b38fa|127.0.0.1:15063, 0cab5a7d-6f40-474c-9abd-0651cf30726e|127.0.0.1:15071]|listeners:[], old=null}
2025-10-22 08:23:45,318 [8aba082c-257b-43e3-ba61-5d436c5b38fa-groupManagement] INFO  server.RaftServer$Division (RaftServerImpl.java:setRole(392)) - 8aba082c-257b-43e3-ba61-5d436c5b38fa@group-E8ADAFC04A7A: changes role from      null to FOLLOWER at term 0 for startAsFollower
2025-10-22 08:23:45,318 [8aba082c-257b-43e3-ba61-5d436c5b38fa-groupManagement] INFO  impl.RoleInfo (RoleInfo.java:updateAndGet(148)) - 8aba082c-257b-43e3-ba61-5d436c5b38fa: start 8aba082c-257b-43e3-ba61-5d436c5b38fa@group-E8ADAFC04A7A-FollowerState
2025-10-22 08:23:45,319 [8aba082c-257b-43e3-ba61-5d436c5b38fa-groupManagement] INFO  util.JmxRegister (JmxRegister.java:tryRegister(44)) - Successfully registered JMX Bean with object name Ratis:service=RaftServer,group=group-E8ADAFC04A7A,id=8aba082c-257b-43e3-ba61-5d436c5b38fa
2025-10-22 08:23:45,319 [8aba082c-257b-43e3-ba61-5d436c5b38fa-groupManagement] INFO  util.JmxRegister (JmxRegister.java:register(58)) - register mxBean class org.apache.ratis.server.impl.RaftServerJmxAdapter as Ratis:service=RaftServer,group=group-E8ADAFC04A7A,id=8aba082c-257b-43e3-ba61-5d436c5b38fa
2025-10-22 08:23:45,320 [8aba082c-257b-43e3-ba61-5d436c5b38fa-groupManagement] INFO  server.RaftServer$Division (RaftServerImpl.java:start(419)) - 8aba082c-257b-43e3-ba61-5d436c5b38fa@group-E8ADAFC04A7A: Successfully started.
2025-10-22 08:23:45,321 [8aba082c-257b-43e3-ba61-5d436c5b38fa-CreatePipelineCommandHandlerThread-0] INFO  ratis.XceiverServerRatis (XceiverServerRatis.java:addGroup(839)) - Created group Pipeline-daae6601-de49-4157-b371-e8adafc04a7a
2025-10-22 08:23:45,340 [0cab5a7d-6f40-474c-9abd-0651cf30726e-groupManagement] INFO  server.RaftServer$Division (RaftServerImpl.java:<init>(268)) - 0cab5a7d-6f40-474c-9abd-0651cf30726e: new RaftServerImpl for group-E8ADAFC04A7A:[9d21e184-bccf-4583-95a7-0fe616dd3b4b|127.0.0.1:15079, 8aba082c-257b-43e3-ba61-5d436c5b38fa|127.0.0.1:15063, 0cab5a7d-6f40-474c-9abd-0651cf30726e|127.0.0.1:15071] with ContainerStateMachine:uninitialized
2025-10-22 08:23:45,340 [grpc-default-executor-6] INFO  server.RaftServer (RaftServerProxy.java:addNew(105)) - 0cab5a7d-6f40-474c-9abd-0651cf30726e: addNew group-E8ADAFC04A7A:[9d21e184-bccf-4583-95a7-0fe616dd3b4b|127.0.0.1:15079, 8aba082c-257b-43e3-ba61-5d436c5b38fa|127.0.0.1:15063, 0cab5a7d-6f40-474c-9abd-0651cf30726e|127.0.0.1:15071] returns group-E8ADAFC04A7A:java.util.concurrent.CompletableFuture@690a5d2b[Not completed]
2025-10-22 08:23:45,341 [0cab5a7d-6f40-474c-9abd-0651cf30726e-groupManagement] INFO  server.RaftServer$Division (ServerState.java:<init>(114)) - 0cab5a7d-6f40-474c-9abd-0651cf30726e@group-E8ADAFC04A7A: ConfigurationManager, init=conf: {index: -1, cur=peers:[9d21e184-bccf-4583-95a7-0fe616dd3b4b|127.0.0.1:15079, 8aba082c-257b-43e3-ba61-5d436c5b38fa|127.0.0.1:15063, 0cab5a7d-6f40-474c-9abd-0651cf30726e|127.0.0.1:15071]|listeners:[], old=null}, confs=<EMPTY_MAP>
2025-10-22 08:23:45,348 [0cab5a7d-6f40-474c-9abd-0651cf30726e-groupManagement] INFO  server.RaftServerConfigKeys (ConfUtils.java:logGet(62)) - raft.server.storage.dir = [/home/runner/work/ozone/ozone/hadoop-ozone/integration-test/target/test-dir/MiniOzoneClusterImpl-a412b9f6-7d8b-4de3-a85c-9946bceaa3a0/ozone-metadata/datanode-8/ratis] (custom)
2025-10-22 08:23:45,349 [0cab5a7d-6f40-474c-9abd-0651cf30726e-groupManagement] INFO  storage.RaftStorageDirectory (RaftStorageDirectoryImpl.java:analyzeStorage(138)) - The storage directory /home/runner/work/ozone/ozone/hadoop-ozone/integration-test/target/test-dir/MiniOzoneClusterImpl-a412b9f6-7d8b-4de3-a85c-9946bceaa3a0/ozone-metadata/datanode-8/ratis/daae6601-de49-4157-b371-e8adafc04a7a does not exist. Creating ...
2025-10-22 08:23:45,350 [0cab5a7d-6f40-474c-9abd-0651cf30726e-groupManagement] INFO  storage.RaftStorageDirectory (RaftStorageDirectoryImpl.java:tryLock(229)) - Lock on /home/runner/work/ozone/ozone/hadoop-ozone/integration-test/target/test-dir/MiniOzoneClusterImpl-a412b9f6-7d8b-4de3-a85c-9946bceaa3a0/ozone-metadata/datanode-8/ratis/daae6601-de49-4157-b371-e8adafc04a7a/in_use.lock acquired by nodename 57193@localhost
2025-10-22 08:23:45,352 [0cab5a7d-6f40-474c-9abd-0651cf30726e-groupManagement] INFO  storage.RaftStorage (RaftStorageImpl.java:format(98)) - Storage directory /home/runner/work/ozone/ozone/hadoop-ozone/integration-test/target/test-dir/MiniOzoneClusterImpl-a412b9f6-7d8b-4de3-a85c-9946bceaa3a0/ozone-metadata/datanode-8/ratis/daae6601-de49-4157-b371-e8adafc04a7a has been successfully formatted.
2025-10-22 08:23:45,353 [0cab5a7d-6f40-474c-9abd-0651cf30726e-groupManagement] INFO  ratis.ContainerStateMachine (ContainerStateMachine.java:initialize(339)) - 0cab5a7d-6f40-474c-9abd-0651cf30726e: initialize group-E8ADAFC04A7A
2025-10-22 08:23:45,353 [0cab5a7d-6f40-474c-9abd-0651cf30726e-groupManagement] INFO  ratis.ContainerStateMachine (ContainerStateMachine.java:loadSnapshot(347)) - group-E8ADAFC04A7A: The snapshot info is null. Setting the last applied index to:<INITIAL_VALUE>
2025-10-22 08:23:45,354 [0cab5a7d-6f40-474c-9abd-0651cf30726e-groupManagement] INFO  server.RaftServerConfigKeys (ConfUtils.java:logGet(62)) - raft.server.log.appender.buffer.byte-limit = 33554432 (custom)
2025-10-22 08:23:45,359 [0cab5a7d-6f40-474c-9abd-0651cf30726e-groupManagement] INFO  server.RaftServerConfigKeys (ConfUtils.java:logGet(62)) - raft.server.log.segment.size.max = 67108864 (custom)
2025-10-22 08:23:45,362 [0cab5a7d-6f40-474c-9abd-0651cf30726e-groupManagement] INFO  server.RaftServerConfigKeys (ConfUtils.java:logGet(62)) - raft.server.log.appender.buffer.byte-limit = 33554432 (custom)
2025-10-22 08:23:45,364 [0cab5a7d-6f40-474c-9abd-0651cf30726e-groupManagement] INFO  util.AwaitToRun (AwaitToRun.java:start(81)) - Thread[#1357,0cab5a7d-6f40-474c-9abd-0651cf30726e@group-E8ADAFC04A7A-cacheEviction-AwaitToRun,5,main] started
2025-10-22 08:23:45,364 [0cab5a7d-6f40-474c-9abd-0651cf30726e-groupManagement] INFO  segmented.SegmentedRaftLogWorker (SegmentedRaftLogWorker.java:<init>(190)) - new 0cab5a7d-6f40-474c-9abd-0651cf30726e@group-E8ADAFC04A7A-SegmentedRaftLogWorker for RaftStorageImpl:Storage Directory /home/runner/work/ozone/ozone/hadoop-ozone/integration-test/target/test-dir/MiniOzoneClusterImpl-a412b9f6-7d8b-4de3-a85c-9946bceaa3a0/ozone-metadata/datanode-8/ratis/daae6601-de49-4157-b371-e8adafc04a7a
2025-10-22 08:23:45,364 [0cab5a7d-6f40-474c-9abd-0651cf30726e-groupManagement] INFO  server.RaftServerConfigKeys (ConfUtils.java:logGet(62)) - raft.server.log.queue.byte-limit = 4294967296 (custom)
2025-10-22 08:23:45,364 [0cab5a7d-6f40-474c-9abd-0651cf30726e-groupManagement] INFO  server.RaftServerConfigKeys (ConfUtils.java:logGet(62)) - raft.server.log.segment.size.max = 67108864 (custom)
2025-10-22 08:23:45,364 [0cab5a7d-6f40-474c-9abd-0651cf30726e-groupManagement] INFO  server.RaftServerConfigKeys (ConfUtils.java:logGet(62)) - raft.server.log.preallocated.size = 4194304 (custom)
2025-10-22 08:23:45,365 [0cab5a7d-6f40-474c-9abd-0651cf30726e-groupManagement] INFO  server.RaftServerConfigKeys (ConfUtils.java:logGet(62)) - raft.server.log.write.buffer.size = 33554440 (custom)
2025-10-22 08:23:45,372 [0cab5a7d-6f40-474c-9abd-0651cf30726e-groupManagement] INFO  server.RaftServerConfigKeys (ConfUtils.java:logGet(62)) - raft.server.log.appender.buffer.byte-limit = 33554432 (custom)
2025-10-22 08:23:45,372 [0cab5a7d-6f40-474c-9abd-0651cf30726e-groupManagement] INFO  segmented.SegmentedRaftLogWorker (SegmentedRaftLogWorker.java:lambda$new$0(141)) - 0cab5a7d-6f40-474c-9abd-0651cf30726e@group-E8ADAFC04A7A-SegmentedRaftLogWorker: flushIndex: setUnconditionally 0 -> -1
2025-10-22 08:23:45,372 [0cab5a7d-6f40-474c-9abd-0651cf30726e-groupManagement] INFO  segmented.SegmentedRaftLogWorker (SegmentedRaftLogWorker.java:lambda$new$0(141)) - 0cab5a7d-6f40-474c-9abd-0651cf30726e@group-E8ADAFC04A7A-SegmentedRaftLogWorker: safeCacheEvictIndex: setUnconditionally 0 -> -1
2025-10-22 08:23:45,374 [0cab5a7d-6f40-474c-9abd-0651cf30726e-groupManagement] INFO  server.RaftServer$Division (RaftServerImpl.java:start(405)) - 0cab5a7d-6f40-474c-9abd-0651cf30726e@group-E8ADAFC04A7A: start as a follower, conf=conf: {index: -1, cur=peers:[9d21e184-bccf-4583-95a7-0fe616dd3b4b|127.0.0.1:15079, 8aba082c-257b-43e3-ba61-5d436c5b38fa|127.0.0.1:15063, 0cab5a7d-6f40-474c-9abd-0651cf30726e|127.0.0.1:15071]|listeners:[], old=null}
2025-10-22 08:23:45,374 [0cab5a7d-6f40-474c-9abd-0651cf30726e-groupManagement] INFO  server.RaftServer$Division (RaftServerImpl.java:setRole(392)) - 0cab5a7d-6f40-474c-9abd-0651cf30726e@group-E8ADAFC04A7A: changes role from      null to FOLLOWER at term 0 for startAsFollower
2025-10-22 08:23:45,376 [0cab5a7d-6f40-474c-9abd-0651cf30726e-groupManagement] INFO  impl.RoleInfo (RoleInfo.java:updateAndGet(148)) - 0cab5a7d-6f40-474c-9abd-0651cf30726e: start 0cab5a7d-6f40-474c-9abd-0651cf30726e@group-E8ADAFC04A7A-FollowerState
2025-10-22 08:23:45,377 [0cab5a7d-6f40-474c-9abd-0651cf30726e-groupManagement] INFO  util.JmxRegister (JmxRegister.java:tryRegister(44)) - Successfully registered JMX Bean with object name Ratis:service=RaftServer,group=group-E8ADAFC04A7A,id=0cab5a7d-6f40-474c-9abd-0651cf30726e
2025-10-22 08:23:45,379 [0cab5a7d-6f40-474c-9abd-0651cf30726e-groupManagement] INFO  util.JmxRegister (JmxRegister.java:register(58)) - register mxBean class org.apache.ratis.server.impl.RaftServerJmxAdapter as Ratis:service=RaftServer,group=group-E8ADAFC04A7A,id=0cab5a7d-6f40-474c-9abd-0651cf30726e
2025-10-22 08:23:45,381 [0cab5a7d-6f40-474c-9abd-0651cf30726e-groupManagement] INFO  server.RaftServer$Division (RaftServerImpl.java:start(419)) - 0cab5a7d-6f40-474c-9abd-0651cf30726e@group-E8ADAFC04A7A: Successfully started.
2025-10-22 08:23:45,398 [grpc-default-executor-0] INFO  server.RaftServer (RaftServerProxy.java:addNew(105)) - 9d21e184-bccf-4583-95a7-0fe616dd3b4b: addNew group-E8ADAFC04A7A:[9d21e184-bccf-4583-95a7-0fe616dd3b4b|127.0.0.1:15079, 8aba082c-257b-43e3-ba61-5d436c5b38fa|127.0.0.1:15063, 0cab5a7d-6f40-474c-9abd-0651cf30726e|127.0.0.1:15071] returns group-E8ADAFC04A7A:java.util.concurrent.CompletableFuture@48775d31[Not completed]
2025-10-22 08:23:45,400 [9d21e184-bccf-4583-95a7-0fe616dd3b4b-groupManagement] INFO  server.RaftServer$Division (RaftServerImpl.java:<init>(268)) - 9d21e184-bccf-4583-95a7-0fe616dd3b4b: new RaftServerImpl for group-E8ADAFC04A7A:[9d21e184-bccf-4583-95a7-0fe616dd3b4b|127.0.0.1:15079, 8aba082c-257b-43e3-ba61-5d436c5b38fa|127.0.0.1:15063, 0cab5a7d-6f40-474c-9abd-0651cf30726e|127.0.0.1:15071] with ContainerStateMachine:uninitialized
2025-10-22 08:23:45,400 [9d21e184-bccf-4583-95a7-0fe616dd3b4b-groupManagement] INFO  server.RaftServer$Division (ServerState.java:<init>(114)) - 9d21e184-bccf-4583-95a7-0fe616dd3b4b@group-E8ADAFC04A7A: ConfigurationManager, init=conf: {index: -1, cur=peers:[9d21e184-bccf-4583-95a7-0fe616dd3b4b|127.0.0.1:15079, 8aba082c-257b-43e3-ba61-5d436c5b38fa|127.0.0.1:15063, 0cab5a7d-6f40-474c-9abd-0651cf30726e|127.0.0.1:15071]|listeners:[], old=null}, confs=<EMPTY_MAP>
2025-10-22 08:23:45,415 [9d21e184-bccf-4583-95a7-0fe616dd3b4b-groupManagement] INFO  server.RaftServerConfigKeys (ConfUtils.java:logGet(62)) - raft.server.storage.dir = [/home/runner/work/ozone/ozone/hadoop-ozone/integration-test/target/test-dir/MiniOzoneClusterImpl-a412b9f6-7d8b-4de3-a85c-9946bceaa3a0/ozone-metadata/datanode-9/ratis] (custom)
2025-10-22 08:23:45,416 [9d21e184-bccf-4583-95a7-0fe616dd3b4b-groupManagement] INFO  storage.RaftStorageDirectory (RaftStorageDirectoryImpl.java:analyzeStorage(138)) - The storage directory /home/runner/work/ozone/ozone/hadoop-ozone/integration-test/target/test-dir/MiniOzoneClusterImpl-a412b9f6-7d8b-4de3-a85c-9946bceaa3a0/ozone-metadata/datanode-9/ratis/daae6601-de49-4157-b371-e8adafc04a7a does not exist. Creating ...
2025-10-22 08:23:45,418 [9d21e184-bccf-4583-95a7-0fe616dd3b4b-groupManagement] INFO  storage.RaftStorageDirectory (RaftStorageDirectoryImpl.java:tryLock(229)) - Lock on /home/runner/work/ozone/ozone/hadoop-ozone/integration-test/target/test-dir/MiniOzoneClusterImpl-a412b9f6-7d8b-4de3-a85c-9946bceaa3a0/ozone-metadata/datanode-9/ratis/daae6601-de49-4157-b371-e8adafc04a7a/in_use.lock acquired by nodename 57193@localhost
2025-10-22 08:23:45,419 [9d21e184-bccf-4583-95a7-0fe616dd3b4b-groupManagement] INFO  storage.RaftStorage (RaftStorageImpl.java:format(98)) - Storage directory /home/runner/work/ozone/ozone/hadoop-ozone/integration-test/target/test-dir/MiniOzoneClusterImpl-a412b9f6-7d8b-4de3-a85c-9946bceaa3a0/ozone-metadata/datanode-9/ratis/daae6601-de49-4157-b371-e8adafc04a7a has been successfully formatted.
2025-10-22 08:23:45,420 [9d21e184-bccf-4583-95a7-0fe616dd3b4b-groupManagement] INFO  ratis.ContainerStateMachine (ContainerStateMachine.java:initialize(339)) - 9d21e184-bccf-4583-95a7-0fe616dd3b4b: initialize group-E8ADAFC04A7A
2025-10-22 08:23:45,421 [9d21e184-bccf-4583-95a7-0fe616dd3b4b-groupManagement] INFO  ratis.ContainerStateMachine (ContainerStateMachine.java:loadSnapshot(347)) - group-E8ADAFC04A7A: The snapshot info is null. Setting the last applied index to:<INITIAL_VALUE>
2025-10-22 08:23:45,421 [9d21e184-bccf-4583-95a7-0fe616dd3b4b-groupManagement] INFO  server.RaftServerConfigKeys (ConfUtils.java:logGet(62)) - raft.server.log.appender.buffer.byte-limit = 33554432 (custom)
2025-10-22 08:23:45,424 [9d21e184-bccf-4583-95a7-0fe616dd3b4b-groupManagement] INFO  server.RaftServerConfigKeys (ConfUtils.java:logGet(62)) - raft.server.log.segment.size.max = 67108864 (custom)
2025-10-22 08:23:45,424 [9d21e184-bccf-4583-95a7-0fe616dd3b4b-groupManagement] INFO  server.RaftServerConfigKeys (ConfUtils.java:logGet(62)) - raft.server.log.appender.buffer.byte-limit = 33554432 (custom)
2025-10-22 08:23:45,426 [9d21e184-bccf-4583-95a7-0fe616dd3b4b-groupManagement] INFO  util.AwaitToRun (AwaitToRun.java:start(81)) - Thread[#1365,9d21e184-bccf-4583-95a7-0fe616dd3b4b@group-E8ADAFC04A7A-cacheEviction-AwaitToRun,5,main] started
2025-10-22 08:23:45,426 [9d21e184-bccf-4583-95a7-0fe616dd3b4b-groupManagement] INFO  segmented.SegmentedRaftLogWorker (SegmentedRaftLogWorker.java:<init>(190)) - new 9d21e184-bccf-4583-95a7-0fe616dd3b4b@group-E8ADAFC04A7A-SegmentedRaftLogWorker for RaftStorageImpl:Storage Directory /home/runner/work/ozone/ozone/hadoop-ozone/integration-test/target/test-dir/MiniOzoneClusterImpl-a412b9f6-7d8b-4de3-a85c-9946bceaa3a0/ozone-metadata/datanode-9/ratis/daae6601-de49-4157-b371-e8adafc04a7a
2025-10-22 08:23:45,426 [9d21e184-bccf-4583-95a7-0fe616dd3b4b-groupManagement] INFO  server.RaftServerConfigKeys (ConfUtils.java:logGet(62)) - raft.server.log.queue.byte-limit = 4294967296 (custom)
2025-10-22 08:23:45,426 [9d21e184-bccf-4583-95a7-0fe616dd3b4b-groupManagement] INFO  server.RaftServerConfigKeys (ConfUtils.java:logGet(62)) - raft.server.log.segment.size.max = 67108864 (custom)
2025-10-22 08:23:45,426 [9d21e184-bccf-4583-95a7-0fe616dd3b4b-groupManagement] INFO  server.RaftServerConfigKeys (ConfUtils.java:logGet(62)) - raft.server.log.preallocated.size = 4194304 (custom)
2025-10-22 08:23:45,427 [9d21e184-bccf-4583-95a7-0fe616dd3b4b-groupManagement] INFO  server.RaftServerConfigKeys (ConfUtils.java:logGet(62)) - raft.server.log.write.buffer.size = 33554440 (custom)
2025-10-22 08:23:45,433 [9d21e184-bccf-4583-95a7-0fe616dd3b4b-groupManagement] INFO  server.RaftServerConfigKeys (ConfUtils.java:logGet(62)) - raft.server.log.appender.buffer.byte-limit = 33554432 (custom)
2025-10-22 08:23:45,433 [9d21e184-bccf-4583-95a7-0fe616dd3b4b-groupManagement] INFO  segmented.SegmentedRaftLogWorker (SegmentedRaftLogWorker.java:lambda$new$0(141)) - 9d21e184-bccf-4583-95a7-0fe616dd3b4b@group-E8ADAFC04A7A-SegmentedRaftLogWorker: flushIndex: setUnconditionally 0 -> -1
2025-10-22 08:23:45,433 [9d21e184-bccf-4583-95a7-0fe616dd3b4b-groupManagement] INFO  segmented.SegmentedRaftLogWorker (SegmentedRaftLogWorker.java:lambda$new$0(141)) - 9d21e184-bccf-4583-95a7-0fe616dd3b4b@group-E8ADAFC04A7A-SegmentedRaftLogWorker: safeCacheEvictIndex: setUnconditionally 0 -> -1
2025-10-22 08:23:45,434 [9d21e184-bccf-4583-95a7-0fe616dd3b4b-groupManagement] INFO  server.RaftServer$Division (RaftServerImpl.java:start(405)) - 9d21e184-bccf-4583-95a7-0fe616dd3b4b@group-E8ADAFC04A7A: start as a follower, conf=conf: {index: -1, cur=peers:[9d21e184-bccf-4583-95a7-0fe616dd3b4b|127.0.0.1:15079, 8aba082c-257b-43e3-ba61-5d436c5b38fa|127.0.0.1:15063, 0cab5a7d-6f40-474c-9abd-0651cf30726e|127.0.0.1:15071]|listeners:[], old=null}
2025-10-22 08:23:45,434 [9d21e184-bccf-4583-95a7-0fe616dd3b4b-groupManagement] INFO  server.RaftServer$Division (RaftServerImpl.java:setRole(392)) - 9d21e184-bccf-4583-95a7-0fe616dd3b4b@group-E8ADAFC04A7A: changes role from      null to FOLLOWER at term 0 for startAsFollower
2025-10-22 08:23:45,435 [9d21e184-bccf-4583-95a7-0fe616dd3b4b-groupManagement] INFO  impl.RoleInfo (RoleInfo.java:updateAndGet(148)) - 9d21e184-bccf-4583-95a7-0fe616dd3b4b: start 9d21e184-bccf-4583-95a7-0fe616dd3b4b@group-E8ADAFC04A7A-FollowerState
2025-10-22 08:23:45,435 [9d21e184-bccf-4583-95a7-0fe616dd3b4b-groupManagement] INFO  util.JmxRegister (JmxRegister.java:tryRegister(44)) - Successfully registered JMX Bean with object name Ratis:service=RaftServer,group=group-E8ADAFC04A7A,id=9d21e184-bccf-4583-95a7-0fe616dd3b4b
2025-10-22 08:23:45,435 [9d21e184-bccf-4583-95a7-0fe616dd3b4b-groupManagement] INFO  util.JmxRegister (JmxRegister.java:register(58)) - register mxBean class org.apache.ratis.server.impl.RaftServerJmxAdapter as Ratis:service=RaftServer,group=group-E8ADAFC04A7A,id=9d21e184-bccf-4583-95a7-0fe616dd3b4b
2025-10-22 08:23:45,436 [9d21e184-bccf-4583-95a7-0fe616dd3b4b-groupManagement] INFO  server.RaftServer$Division (RaftServerImpl.java:start(419)) - 9d21e184-bccf-4583-95a7-0fe616dd3b4b@group-E8ADAFC04A7A: Successfully started.
2025-10-22 08:23:45,440 [8aba082c-257b-43e3-ba61-5d436c5b38fa-CreatePipelineCommandHandlerThread-0] INFO  commandhandler.CreatePipelineCommandHandler (CreatePipelineCommandHandler.java:lambda$handle$2(141)) - Created Pipeline RATIS THREE Pipeline-daae6601-de49-4157-b371-e8adafc04a7a.
2025-10-22 08:23:45,440 [8aba082c-257b-43e3-ba61-5d436c5b38fa-CreatePipelineCommandHandlerThread-0] INFO  server.RaftServer (RaftServerProxy.java:addNew(105)) - 8aba082c-257b-43e3-ba61-5d436c5b38fa: addNew group-45121E95117A:[9d21e184-bccf-4583-95a7-0fe616dd3b4b|127.0.0.1:15079, 8aba082c-257b-43e3-ba61-5d436c5b38fa|127.0.0.1:15063, 0cab5a7d-6f40-474c-9abd-0651cf30726e|127.0.0.1:15071] returns group-45121E95117A:java.util.concurrent.CompletableFuture@62f50101[Not completed]
2025-10-22 08:23:45,442 [8aba082c-257b-43e3-ba61-5d436c5b38fa-groupManagement] INFO  server.RaftServer$Division (RaftServerImpl.java:<init>(268)) - 8aba082c-257b-43e3-ba61-5d436c5b38fa: new RaftServerImpl for group-45121E95117A:[9d21e184-bccf-4583-95a7-0fe616dd3b4b|127.0.0.1:15079, 8aba082c-257b-43e3-ba61-5d436c5b38fa|127.0.0.1:15063, 0cab5a7d-6f40-474c-9abd-0651cf30726e|127.0.0.1:15071] with ContainerStateMachine:uninitialized
2025-10-22 08:23:45,443 [8aba082c-257b-43e3-ba61-5d436c5b38fa-groupManagement] INFO  server.RaftServer$Division (ServerState.java:<init>(114)) - 8aba082c-257b-43e3-ba61-5d436c5b38fa@group-45121E95117A: ConfigurationManager, init=conf: {index: -1, cur=peers:[9d21e184-bccf-4583-95a7-0fe616dd3b4b|127.0.0.1:15079, 8aba082c-257b-43e3-ba61-5d436c5b38fa|127.0.0.1:15063, 0cab5a7d-6f40-474c-9abd-0651cf30726e|127.0.0.1:15071]|listeners:[], old=null}, confs=<EMPTY_MAP>
2025-10-22 08:23:45,447 [8aba082c-257b-43e3-ba61-5d436c5b38fa-groupManagement] INFO  server.RaftServerConfigKeys (ConfUtils.java:logGet(62)) - raft.server.storage.dir = [/home/runner/work/ozone/ozone/hadoop-ozone/integration-test/target/test-dir/MiniOzoneClusterImpl-a412b9f6-7d8b-4de3-a85c-9946bceaa3a0/ozone-metadata/datanode-7/ratis] (custom)
2025-10-22 08:23:45,448 [8aba082c-257b-43e3-ba61-5d436c5b38fa-groupManagement] INFO  storage.RaftStorageDirectory (RaftStorageDirectoryImpl.java:analyzeStorage(138)) - The storage directory /home/runner/work/ozone/ozone/hadoop-ozone/integration-test/target/test-dir/MiniOzoneClusterImpl-a412b9f6-7d8b-4de3-a85c-9946bceaa3a0/ozone-metadata/datanode-7/ratis/967bd5c3-d4b6-4c7a-afa3-45121e95117a does not exist. Creating ...
2025-10-22 08:23:45,451 [8aba082c-257b-43e3-ba61-5d436c5b38fa-groupManagement] INFO  storage.RaftStorageDirectory (RaftStorageDirectoryImpl.java:tryLock(229)) - Lock on /home/runner/work/ozone/ozone/hadoop-ozone/integration-test/target/test-dir/MiniOzoneClusterImpl-a412b9f6-7d8b-4de3-a85c-9946bceaa3a0/ozone-metadata/datanode-7/ratis/967bd5c3-d4b6-4c7a-afa3-45121e95117a/in_use.lock acquired by nodename 57193@localhost
2025-10-22 08:23:45,453 [8aba082c-257b-43e3-ba61-5d436c5b38fa-groupManagement] INFO  storage.RaftStorage (RaftStorageImpl.java:format(98)) - Storage directory /home/runner/work/ozone/ozone/hadoop-ozone/integration-test/target/test-dir/MiniOzoneClusterImpl-a412b9f6-7d8b-4de3-a85c-9946bceaa3a0/ozone-metadata/datanode-7/ratis/967bd5c3-d4b6-4c7a-afa3-45121e95117a has been successfully formatted.
2025-10-22 08:23:45,453 [8aba082c-257b-43e3-ba61-5d436c5b38fa-groupManagement] INFO  ratis.ContainerStateMachine (ContainerStateMachine.java:initialize(339)) - 8aba082c-257b-43e3-ba61-5d436c5b38fa: initialize group-45121E95117A
2025-10-22 08:23:45,453 [8aba082c-257b-43e3-ba61-5d436c5b38fa-groupManagement] INFO  ratis.ContainerStateMachine (ContainerStateMachine.java:loadSnapshot(347)) - group-45121E95117A: The snapshot info is null. Setting the last applied index to:<INITIAL_VALUE>
2025-10-22 08:23:45,454 [8aba082c-257b-43e3-ba61-5d436c5b38fa-groupManagement] INFO  server.RaftServerConfigKeys (ConfUtils.java:logGet(62)) - raft.server.log.appender.buffer.byte-limit = 33554432 (custom)
2025-10-22 08:23:45,455 [8aba082c-257b-43e3-ba61-5d436c5b38fa-groupManagement] INFO  server.RaftServerConfigKeys (ConfUtils.java:logGet(62)) - raft.server.log.segment.size.max = 67108864 (custom)
2025-10-22 08:23:45,456 [8aba082c-257b-43e3-ba61-5d436c5b38fa-groupManagement] INFO  server.RaftServerConfigKeys (ConfUtils.java:logGet(62)) - raft.server.log.appender.buffer.byte-limit = 33554432 (custom)
2025-10-22 08:23:45,457 [8aba082c-257b-43e3-ba61-5d436c5b38fa-groupManagement] INFO  util.AwaitToRun (AwaitToRun.java:start(81)) - Thread[#1372,8aba082c-257b-43e3-ba61-5d436c5b38fa@group-45121E95117A-cacheEviction-AwaitToRun,5,main] started
2025-10-22 08:23:45,457 [8aba082c-257b-43e3-ba61-5d436c5b38fa-groupManagement] INFO  segmented.SegmentedRaftLogWorker (SegmentedRaftLogWorker.java:<init>(190)) - new 8aba082c-257b-43e3-ba61-5d436c5b38fa@group-45121E95117A-SegmentedRaftLogWorker for RaftStorageImpl:Storage Directory /home/runner/work/ozone/ozone/hadoop-ozone/integration-test/target/test-dir/MiniOzoneClusterImpl-a412b9f6-7d8b-4de3-a85c-9946bceaa3a0/ozone-metadata/datanode-7/ratis/967bd5c3-d4b6-4c7a-afa3-45121e95117a
2025-10-22 08:23:45,457 [8aba082c-257b-43e3-ba61-5d436c5b38fa-groupManagement] INFO  server.RaftServerConfigKeys (ConfUtils.java:logGet(62)) - raft.server.log.queue.byte-limit = 4294967296 (custom)
2025-10-22 08:23:45,457 [8aba082c-257b-43e3-ba61-5d436c5b38fa-groupManagement] INFO  server.RaftServerConfigKeys (ConfUtils.java:logGet(62)) - raft.server.log.segment.size.max = 67108864 (custom)
2025-10-22 08:23:45,458 [8aba082c-257b-43e3-ba61-5d436c5b38fa-groupManagement] INFO  server.RaftServerConfigKeys (ConfUtils.java:logGet(62)) - raft.server.log.preallocated.size = 4194304 (custom)
2025-10-22 08:23:45,458 [8aba082c-257b-43e3-ba61-5d436c5b38fa-groupManagement] INFO  server.RaftServerConfigKeys (ConfUtils.java:logGet(62)) - raft.server.log.write.buffer.size = 33554440 (custom)
2025-10-22 08:23:45,468 [8aba082c-257b-43e3-ba61-5d436c5b38fa-groupManagement] INFO  server.RaftServerConfigKeys (ConfUtils.java:logGet(62)) - raft.server.log.appender.buffer.byte-limit = 33554432 (custom)
2025-10-22 08:23:45,468 [8aba082c-257b-43e3-ba61-5d436c5b38fa-groupManagement] INFO  segmented.SegmentedRaftLogWorker (SegmentedRaftLogWorker.java:lambda$new$0(141)) - 8aba082c-257b-43e3-ba61-5d436c5b38fa@group-45121E95117A-SegmentedRaftLogWorker: flushIndex: setUnconditionally 0 -> -1
2025-10-22 08:23:45,471 [8aba082c-257b-43e3-ba61-5d436c5b38fa-groupManagement] INFO  segmented.SegmentedRaftLogWorker (SegmentedRaftLogWorker.java:lambda$new$0(141)) - 8aba082c-257b-43e3-ba61-5d436c5b38fa@group-45121E95117A-SegmentedRaftLogWorker: safeCacheEvictIndex: setUnconditionally 0 -> -1
2025-10-22 08:23:45,472 [8aba082c-257b-43e3-ba61-5d436c5b38fa-groupManagement] INFO  server.RaftServer$Division (RaftServerImpl.java:start(405)) - 8aba082c-257b-43e3-ba61-5d436c5b38fa@group-45121E95117A: start as a follower, conf=conf: {index: -1, cur=peers:[9d21e184-bccf-4583-95a7-0fe616dd3b4b|127.0.0.1:15079, 8aba082c-257b-43e3-ba61-5d436c5b38fa|127.0.0.1:15063, 0cab5a7d-6f40-474c-9abd-0651cf30726e|127.0.0.1:15071]|listeners:[], old=null}
2025-10-22 08:23:45,472 [8aba082c-257b-43e3-ba61-5d436c5b38fa-groupManagement] INFO  server.RaftServer$Division (RaftServerImpl.java:setRole(392)) - 8aba082c-257b-43e3-ba61-5d436c5b38fa@group-45121E95117A: changes role from      null to FOLLOWER at term 0 for startAsFollower
2025-10-22 08:23:45,472 [8aba082c-257b-43e3-ba61-5d436c5b38fa-groupManagement] INFO  impl.RoleInfo (RoleInfo.java:updateAndGet(148)) - 8aba082c-257b-43e3-ba61-5d436c5b38fa: start 8aba082c-257b-43e3-ba61-5d436c5b38fa@group-45121E95117A-FollowerState
2025-10-22 08:23:45,473 [8aba082c-257b-43e3-ba61-5d436c5b38fa-groupManagement] INFO  util.JmxRegister (JmxRegister.java:tryRegister(44)) - Successfully registered JMX Bean with object name Ratis:service=RaftServer,group=group-45121E95117A,id=8aba082c-257b-43e3-ba61-5d436c5b38fa
2025-10-22 08:23:45,473 [8aba082c-257b-43e3-ba61-5d436c5b38fa-groupManagement] INFO  util.JmxRegister (JmxRegister.java:register(58)) - register mxBean class org.apache.ratis.server.impl.RaftServerJmxAdapter as Ratis:service=RaftServer,group=group-45121E95117A,id=8aba082c-257b-43e3-ba61-5d436c5b38fa
2025-10-22 08:23:45,475 [8aba082c-257b-43e3-ba61-5d436c5b38fa-groupManagement] INFO  server.RaftServer$Division (RaftServerImpl.java:start(419)) - 8aba082c-257b-43e3-ba61-5d436c5b38fa@group-45121E95117A: Successfully started.
2025-10-22 08:23:45,476 [8aba082c-257b-43e3-ba61-5d436c5b38fa-CreatePipelineCommandHandlerThread-0] INFO  ratis.XceiverServerRatis (XceiverServerRatis.java:addGroup(839)) - Created group Pipeline-967bd5c3-d4b6-4c7a-afa3-45121e95117a
2025-10-22 08:23:45,495 [grpc-default-executor-0] INFO  server.RaftServer (RaftServerProxy.java:addNew(105)) - 0cab5a7d-6f40-474c-9abd-0651cf30726e: addNew group-45121E95117A:[9d21e184-bccf-4583-95a7-0fe616dd3b4b|127.0.0.1:15079, 8aba082c-257b-43e3-ba61-5d436c5b38fa|127.0.0.1:15063, 0cab5a7d-6f40-474c-9abd-0651cf30726e|127.0.0.1:15071] returns group-45121E95117A:java.util.concurrent.CompletableFuture@23c9a626[Not completed]
2025-10-22 08:23:45,499 [0cab5a7d-6f40-474c-9abd-0651cf30726e-groupManagement] INFO  server.RaftServer$Division (RaftServerImpl.java:<init>(268)) - 0cab5a7d-6f40-474c-9abd-0651cf30726e: new RaftServerImpl for group-45121E95117A:[9d21e184-bccf-4583-95a7-0fe616dd3b4b|127.0.0.1:15079, 8aba082c-257b-43e3-ba61-5d436c5b38fa|127.0.0.1:15063, 0cab5a7d-6f40-474c-9abd-0651cf30726e|127.0.0.1:15071] with ContainerStateMachine:uninitialized
2025-10-22 08:23:45,499 [0cab5a7d-6f40-474c-9abd-0651cf30726e-groupManagement] INFO  server.RaftServer$Division (ServerState.java:<init>(114)) - 0cab5a7d-6f40-474c-9abd-0651cf30726e@group-45121E95117A: ConfigurationManager, init=conf: {index: -1, cur=peers:[9d21e184-bccf-4583-95a7-0fe616dd3b4b|127.0.0.1:15079, 8aba082c-257b-43e3-ba61-5d436c5b38fa|127.0.0.1:15063, 0cab5a7d-6f40-474c-9abd-0651cf30726e|127.0.0.1:15071]|listeners:[], old=null}, confs=<EMPTY_MAP>
2025-10-22 08:23:45,505 [0cab5a7d-6f40-474c-9abd-0651cf30726e-groupManagement] INFO  server.RaftServerConfigKeys (ConfUtils.java:logGet(62)) - raft.server.storage.dir = [/home/runner/work/ozone/ozone/hadoop-ozone/integration-test/target/test-dir/MiniOzoneClusterImpl-a412b9f6-7d8b-4de3-a85c-9946bceaa3a0/ozone-metadata/datanode-8/ratis] (custom)
2025-10-22 08:23:45,505 [0cab5a7d-6f40-474c-9abd-0651cf30726e-groupManagement] INFO  storage.RaftStorageDirectory (RaftStorageDirectoryImpl.java:analyzeStorage(138)) - The storage directory /home/runner/work/ozone/ozone/hadoop-ozone/integration-test/target/test-dir/MiniOzoneClusterImpl-a412b9f6-7d8b-4de3-a85c-9946bceaa3a0/ozone-metadata/datanode-8/ratis/967bd5c3-d4b6-4c7a-afa3-45121e95117a does not exist. Creating ...
2025-10-22 08:23:45,506 [0cab5a7d-6f40-474c-9abd-0651cf30726e-groupManagement] INFO  storage.RaftStorageDirectory (RaftStorageDirectoryImpl.java:tryLock(229)) - Lock on /home/runner/work/ozone/ozone/hadoop-ozone/integration-test/target/test-dir/MiniOzoneClusterImpl-a412b9f6-7d8b-4de3-a85c-9946bceaa3a0/ozone-metadata/datanode-8/ratis/967bd5c3-d4b6-4c7a-afa3-45121e95117a/in_use.lock acquired by nodename 57193@localhost
2025-10-22 08:23:45,508 [0cab5a7d-6f40-474c-9abd-0651cf30726e-groupManagement] INFO  storage.RaftStorage (RaftStorageImpl.java:format(98)) - Storage directory /home/runner/work/ozone/ozone/hadoop-ozone/integration-test/target/test-dir/MiniOzoneClusterImpl-a412b9f6-7d8b-4de3-a85c-9946bceaa3a0/ozone-metadata/datanode-8/ratis/967bd5c3-d4b6-4c7a-afa3-45121e95117a has been successfully formatted.
2025-10-22 08:23:45,509 [0cab5a7d-6f40-474c-9abd-0651cf30726e-groupManagement] INFO  ratis.ContainerStateMachine (ContainerStateMachine.java:initialize(339)) - 0cab5a7d-6f40-474c-9abd-0651cf30726e: initialize group-45121E95117A
2025-10-22 08:23:45,509 [0cab5a7d-6f40-474c-9abd-0651cf30726e-groupManagement] INFO  ratis.ContainerStateMachine (ContainerStateMachine.java:loadSnapshot(347)) - group-45121E95117A: The snapshot info is null. Setting the last applied index to:<INITIAL_VALUE>
2025-10-22 08:23:45,510 [0cab5a7d-6f40-474c-9abd-0651cf30726e-groupManagement] INFO  server.RaftServerConfigKeys (ConfUtils.java:logGet(62)) - raft.server.log.appender.buffer.byte-limit = 33554432 (custom)
2025-10-22 08:23:45,512 [0cab5a7d-6f40-474c-9abd-0651cf30726e-groupManagement] INFO  server.RaftServerConfigKeys (ConfUtils.java:logGet(62)) - raft.server.log.segment.size.max = 67108864 (custom)
2025-10-22 08:23:45,513 [0cab5a7d-6f40-474c-9abd-0651cf30726e-groupManagement] INFO  server.RaftServerConfigKeys (ConfUtils.java:logGet(62)) - raft.server.log.appender.buffer.byte-limit = 33554432 (custom)
2025-10-22 08:23:45,513 [0cab5a7d-6f40-474c-9abd-0651cf30726e-groupManagement] INFO  util.AwaitToRun (AwaitToRun.java:start(81)) - Thread[#1378,0cab5a7d-6f40-474c-9abd-0651cf30726e@group-45121E95117A-cacheEviction-AwaitToRun,5,main] started
2025-10-22 08:23:45,513 [0cab5a7d-6f40-474c-9abd-0651cf30726e-groupManagement] INFO  segmented.SegmentedRaftLogWorker (SegmentedRaftLogWorker.java:<init>(190)) - new 0cab5a7d-6f40-474c-9abd-0651cf30726e@group-45121E95117A-SegmentedRaftLogWorker for RaftStorageImpl:Storage Directory /home/runner/work/ozone/ozone/hadoop-ozone/integration-test/target/test-dir/MiniOzoneClusterImpl-a412b9f6-7d8b-4de3-a85c-9946bceaa3a0/ozone-metadata/datanode-8/ratis/967bd5c3-d4b6-4c7a-afa3-45121e95117a
2025-10-22 08:23:45,513 [0cab5a7d-6f40-474c-9abd-0651cf30726e-groupManagement] INFO  server.RaftServerConfigKeys (ConfUtils.java:logGet(62)) - raft.server.log.queue.byte-limit = 4294967296 (custom)
2025-10-22 08:23:45,513 [0cab5a7d-6f40-474c-9abd-0651cf30726e-groupManagement] INFO  server.RaftServerConfigKeys (ConfUtils.java:logGet(62)) - raft.server.log.segment.size.max = 67108864 (custom)
2025-10-22 08:23:45,513 [0cab5a7d-6f40-474c-9abd-0651cf30726e-groupManagement] INFO  server.RaftServerConfigKeys (ConfUtils.java:logGet(62)) - raft.server.log.preallocated.size = 4194304 (custom)
2025-10-22 08:23:45,514 [0cab5a7d-6f40-474c-9abd-0651cf30726e-groupManagement] INFO  server.RaftServerConfigKeys (ConfUtils.java:logGet(62)) - raft.server.log.write.buffer.size = 33554440 (custom)
2025-10-22 08:23:45,525 [0cab5a7d-6f40-474c-9abd-0651cf30726e-groupManagement] INFO  server.RaftServerConfigKeys (ConfUtils.java:logGet(62)) - raft.server.log.appender.buffer.byte-limit = 33554432 (custom)
2025-10-22 08:23:45,525 [0cab5a7d-6f40-474c-9abd-0651cf30726e-groupManagement] INFO  segmented.SegmentedRaftLogWorker (SegmentedRaftLogWorker.java:lambda$new$0(141)) - 0cab5a7d-6f40-474c-9abd-0651cf30726e@group-45121E95117A-SegmentedRaftLogWorker: flushIndex: setUnconditionally 0 -> -1
2025-10-22 08:23:45,525 [0cab5a7d-6f40-474c-9abd-0651cf30726e-groupManagement] INFO  segmented.SegmentedRaftLogWorker (SegmentedRaftLogWorker.java:lambda$new$0(141)) - 0cab5a7d-6f40-474c-9abd-0651cf30726e@group-45121E95117A-SegmentedRaftLogWorker: safeCacheEvictIndex: setUnconditionally 0 -> -1
2025-10-22 08:23:45,528 [0cab5a7d-6f40-474c-9abd-0651cf30726e-groupManagement] INFO  server.RaftServer$Division (RaftServerImpl.java:start(405)) - 0cab5a7d-6f40-474c-9abd-0651cf30726e@group-45121E95117A: start as a follower, conf=conf: {index: -1, cur=peers:[9d21e184-bccf-4583-95a7-0fe616dd3b4b|127.0.0.1:15079, 8aba082c-257b-43e3-ba61-5d436c5b38fa|127.0.0.1:15063, 0cab5a7d-6f40-474c-9abd-0651cf30726e|127.0.0.1:15071]|listeners:[], old=null}
2025-10-22 08:23:45,529 [0cab5a7d-6f40-474c-9abd-0651cf30726e-groupManagement] INFO  server.RaftServer$Division (RaftServerImpl.java:setRole(392)) - 0cab5a7d-6f40-474c-9abd-0651cf30726e@group-45121E95117A: changes role from      null to FOLLOWER at term 0 for startAsFollower
2025-10-22 08:23:45,529 [0cab5a7d-6f40-474c-9abd-0651cf30726e-groupManagement] INFO  impl.RoleInfo (RoleInfo.java:updateAndGet(148)) - 0cab5a7d-6f40-474c-9abd-0651cf30726e: start 0cab5a7d-6f40-474c-9abd-0651cf30726e@group-45121E95117A-FollowerState
2025-10-22 08:23:45,532 [0cab5a7d-6f40-474c-9abd-0651cf30726e-groupManagement] INFO  util.JmxRegister (JmxRegister.java:tryRegister(44)) - Successfully registered JMX Bean with object name Ratis:service=RaftServer,group=group-45121E95117A,id=0cab5a7d-6f40-474c-9abd-0651cf30726e
2025-10-22 08:23:45,532 [0cab5a7d-6f40-474c-9abd-0651cf30726e-groupManagement] INFO  util.JmxRegister (JmxRegister.java:register(58)) - register mxBean class org.apache.ratis.server.impl.RaftServerJmxAdapter as Ratis:service=RaftServer,group=group-45121E95117A,id=0cab5a7d-6f40-474c-9abd-0651cf30726e
2025-10-22 08:23:45,534 [0cab5a7d-6f40-474c-9abd-0651cf30726e-CreatePipelineCommandHandlerThread-0] INFO  server.RaftServer (RaftServerProxy.java:addNew(105)) - 0cab5a7d-6f40-474c-9abd-0651cf30726e: addNew group-EE76401C21D3:[0cab5a7d-6f40-474c-9abd-0651cf30726e|127.0.0.1:15071] returns group-EE76401C21D3:java.util.concurrent.CompletableFuture@54dd162a[Not completed]
2025-10-22 08:23:45,535 [0cab5a7d-6f40-474c-9abd-0651cf30726e-groupManagement] INFO  server.RaftServer$Division (RaftServerImpl.java:start(419)) - 0cab5a7d-6f40-474c-9abd-0651cf30726e@group-45121E95117A: Successfully started.
2025-10-22 08:23:45,539 [0cab5a7d-6f40-474c-9abd-0651cf30726e-groupManagement] INFO  server.RaftServer$Division (RaftServerImpl.java:<init>(268)) - 0cab5a7d-6f40-474c-9abd-0651cf30726e: new RaftServerImpl for group-EE76401C21D3:[0cab5a7d-6f40-474c-9abd-0651cf30726e|127.0.0.1:15071] with ContainerStateMachine:uninitialized
2025-10-22 08:23:45,542 [0cab5a7d-6f40-474c-9abd-0651cf30726e-groupManagement] INFO  server.RaftServer$Division (ServerState.java:<init>(114)) - 0cab5a7d-6f40-474c-9abd-0651cf30726e@group-EE76401C21D3: ConfigurationManager, init=conf: {index: -1, cur=peers:[0cab5a7d-6f40-474c-9abd-0651cf30726e|127.0.0.1:15071]|listeners:[], old=null}, confs=<EMPTY_MAP>
2025-10-22 08:23:45,547 [0cab5a7d-6f40-474c-9abd-0651cf30726e-groupManagement] INFO  storage.RaftStorageDirectory (RaftStorageDirectoryImpl.java:analyzeStorage(138)) - The storage directory /home/runner/work/ozone/ozone/hadoop-ozone/integration-test/target/test-dir/MiniOzoneClusterImpl-a412b9f6-7d8b-4de3-a85c-9946bceaa3a0/ozone-metadata/datanode-8/ratis/f4bcb322-ee1f-41bd-9c2f-ee76401c21d3 does not exist. Creating ...
2025-10-22 08:23:45,549 [0cab5a7d-6f40-474c-9abd-0651cf30726e-groupManagement] INFO  storage.RaftStorageDirectory (RaftStorageDirectoryImpl.java:tryLock(229)) - Lock on /home/runner/work/ozone/ozone/hadoop-ozone/integration-test/target/test-dir/MiniOzoneClusterImpl-a412b9f6-7d8b-4de3-a85c-9946bceaa3a0/ozone-metadata/datanode-8/ratis/f4bcb322-ee1f-41bd-9c2f-ee76401c21d3/in_use.lock acquired by nodename 57193@localhost
2025-10-22 08:23:45,550 [0cab5a7d-6f40-474c-9abd-0651cf30726e-groupManagement] INFO  storage.RaftStorage (RaftStorageImpl.java:format(98)) - Storage directory /home/runner/work/ozone/ozone/hadoop-ozone/integration-test/target/test-dir/MiniOzoneClusterImpl-a412b9f6-7d8b-4de3-a85c-9946bceaa3a0/ozone-metadata/datanode-8/ratis/f4bcb322-ee1f-41bd-9c2f-ee76401c21d3 has been successfully formatted.
2025-10-22 08:23:45,551 [0cab5a7d-6f40-474c-9abd-0651cf30726e-groupManagement] INFO  ratis.ContainerStateMachine (ContainerStateMachine.java:initialize(339)) - 0cab5a7d-6f40-474c-9abd-0651cf30726e: initialize group-EE76401C21D3
2025-10-22 08:23:45,551 [0cab5a7d-6f40-474c-9abd-0651cf30726e-groupManagement] INFO  ratis.ContainerStateMachine (ContainerStateMachine.java:loadSnapshot(347)) - group-EE76401C21D3: The snapshot info is null. Setting the last applied index to:<INITIAL_VALUE>
2025-10-22 08:23:45,551 [0cab5a7d-6f40-474c-9abd-0651cf30726e-groupManagement] INFO  server.RaftServerConfigKeys (ConfUtils.java:logGet(62)) - raft.server.log.appender.buffer.byte-limit = 33554432 (custom)
2025-10-22 08:23:45,554 [0cab5a7d-6f40-474c-9abd-0651cf30726e-groupManagement] INFO  server.RaftServerConfigKeys (ConfUtils.java:logGet(62)) - raft.server.log.segment.size.max = 67108864 (custom)
2025-10-22 08:23:45,555 [0cab5a7d-6f40-474c-9abd-0651cf30726e-groupManagement] INFO  server.RaftServerConfigKeys (ConfUtils.java:logGet(62)) - raft.server.log.appender.buffer.byte-limit = 33554432 (custom)
2025-10-22 08:23:45,556 [0cab5a7d-6f40-474c-9abd-0651cf30726e-groupManagement] INFO  util.AwaitToRun (AwaitToRun.java:start(81)) - Thread[#1386,0cab5a7d-6f40-474c-9abd-0651cf30726e@group-EE76401C21D3-cacheEviction-AwaitToRun,5,main] started
2025-10-22 08:23:45,556 [0cab5a7d-6f40-474c-9abd-0651cf30726e-groupManagement] INFO  segmented.SegmentedRaftLogWorker (SegmentedRaftLogWorker.java:<init>(190)) - new 0cab5a7d-6f40-474c-9abd-0651cf30726e@group-EE76401C21D3-SegmentedRaftLogWorker for RaftStorageImpl:Storage Directory /home/runner/work/ozone/ozone/hadoop-ozone/integration-test/target/test-dir/MiniOzoneClusterImpl-a412b9f6-7d8b-4de3-a85c-9946bceaa3a0/ozone-metadata/datanode-8/ratis/f4bcb322-ee1f-41bd-9c2f-ee76401c21d3
2025-10-22 08:23:45,556 [0cab5a7d-6f40-474c-9abd-0651cf30726e-groupManagement] INFO  server.RaftServerConfigKeys (ConfUtils.java:logGet(62)) - raft.server.log.queue.byte-limit = 4294967296 (custom)
2025-10-22 08:23:45,557 [grpc-default-executor-0] INFO  server.RaftServer (RaftServerProxy.java:addNew(105)) - 9d21e184-bccf-4583-95a7-0fe616dd3b4b: addNew group-45121E95117A:[9d21e184-bccf-4583-95a7-0fe616dd3b4b|127.0.0.1:15079, 8aba082c-257b-43e3-ba61-5d436c5b38fa|127.0.0.1:15063, 0cab5a7d-6f40-474c-9abd-0651cf30726e|127.0.0.1:15071] returns group-45121E95117A:java.util.concurrent.CompletableFuture@f233192[Not completed]
2025-10-22 08:23:45,557 [0cab5a7d-6f40-474c-9abd-0651cf30726e-groupManagement] INFO  server.RaftServerConfigKeys (ConfUtils.java:logGet(62)) - raft.server.log.segment.size.max = 67108864 (custom)
2025-10-22 08:23:45,557 [0cab5a7d-6f40-474c-9abd-0651cf30726e-groupManagement] INFO  server.RaftServerConfigKeys (ConfUtils.java:logGet(62)) - raft.server.log.preallocated.size = 4194304 (custom)
2025-10-22 08:23:45,557 [0cab5a7d-6f40-474c-9abd-0651cf30726e-groupManagement] INFO  server.RaftServerConfigKeys (ConfUtils.java:logGet(62)) - raft.server.log.write.buffer.size = 33554440 (custom)
2025-10-22 08:23:45,560 [9d21e184-bccf-4583-95a7-0fe616dd3b4b-groupManagement] INFO  server.RaftServer$Division (RaftServerImpl.java:<init>(268)) - 9d21e184-bccf-4583-95a7-0fe616dd3b4b: new RaftServerImpl for group-45121E95117A:[9d21e184-bccf-4583-95a7-0fe616dd3b4b|127.0.0.1:15079, 8aba082c-257b-43e3-ba61-5d436c5b38fa|127.0.0.1:15063, 0cab5a7d-6f40-474c-9abd-0651cf30726e|127.0.0.1:15071] with ContainerStateMachine:uninitialized
2025-10-22 08:23:45,560 [9d21e184-bccf-4583-95a7-0fe616dd3b4b-groupManagement] INFO  server.RaftServer$Division (ServerState.java:<init>(114)) - 9d21e184-bccf-4583-95a7-0fe616dd3b4b@group-45121E95117A: ConfigurationManager, init=conf: {index: -1, cur=peers:[9d21e184-bccf-4583-95a7-0fe616dd3b4b|127.0.0.1:15079, 8aba082c-257b-43e3-ba61-5d436c5b38fa|127.0.0.1:15063, 0cab5a7d-6f40-474c-9abd-0651cf30726e|127.0.0.1:15071]|listeners:[], old=null}, confs=<EMPTY_MAP>
2025-10-22 08:23:45,563 [EventQueue-PipelineReportForPipelineReportHandler] INFO  pipeline.PipelineReportHandler (PipelineReportHandler.java:processPipelineReport(132)) - Opened pipeline Pipeline-f4bcb322-ee1f-41bd-9c2f-ee76401c21d3
2025-10-22 08:23:45,563 [0cab5a7d-6f40-474c-9abd-0651cf30726e-groupManagement] INFO  server.RaftServerConfigKeys (ConfUtils.java:logGet(62)) - raft.server.log.appender.buffer.byte-limit = 33554432 (custom)
2025-10-22 08:23:45,566 [0cab5a7d-6f40-474c-9abd-0651cf30726e-groupManagement] INFO  segmented.SegmentedRaftLogWorker (SegmentedRaftLogWorker.java:lambda$new$0(141)) - 0cab5a7d-6f40-474c-9abd-0651cf30726e@group-EE76401C21D3-SegmentedRaftLogWorker: flushIndex: setUnconditionally 0 -> -1
2025-10-22 08:23:45,566 [0cab5a7d-6f40-474c-9abd-0651cf30726e-groupManagement] INFO  segmented.SegmentedRaftLogWorker (SegmentedRaftLogWorker.java:lambda$new$0(141)) - 0cab5a7d-6f40-474c-9abd-0651cf30726e@group-EE76401C21D3-SegmentedRaftLogWorker: safeCacheEvictIndex: setUnconditionally 0 -> -1
2025-10-22 08:23:45,567 [0cab5a7d-6f40-474c-9abd-0651cf30726e-groupManagement] INFO  server.RaftServer$Division (RaftServerImpl.java:start(405)) - 0cab5a7d-6f40-474c-9abd-0651cf30726e@group-EE76401C21D3: start as a follower, conf=conf: {index: -1, cur=peers:[0cab5a7d-6f40-474c-9abd-0651cf30726e|127.0.0.1:15071]|listeners:[], old=null}
2025-10-22 08:23:45,567 [0cab5a7d-6f40-474c-9abd-0651cf30726e-groupManagement] INFO  server.RaftServer$Division (RaftServerImpl.java:setRole(392)) - 0cab5a7d-6f40-474c-9abd-0651cf30726e@group-EE76401C21D3: changes role from      null to FOLLOWER at term 0 for startAsFollower
2025-10-22 08:23:45,567 [0cab5a7d-6f40-474c-9abd-0651cf30726e-groupManagement] INFO  impl.RoleInfo (RoleInfo.java:updateAndGet(148)) - 0cab5a7d-6f40-474c-9abd-0651cf30726e: start 0cab5a7d-6f40-474c-9abd-0651cf30726e@group-EE76401C21D3-FollowerState
2025-10-22 08:23:45,570 [0cab5a7d-6f40-474c-9abd-0651cf30726e-groupManagement] INFO  util.JmxRegister (JmxRegister.java:tryRegister(44)) - Successfully registered JMX Bean with object name Ratis:service=RaftServer,group=group-EE76401C21D3,id=0cab5a7d-6f40-474c-9abd-0651cf30726e
2025-10-22 08:23:45,570 [9d21e184-bccf-4583-95a7-0fe616dd3b4b-groupManagement] INFO  server.RaftServerConfigKeys (ConfUtils.java:logGet(62)) - raft.server.storage.dir = [/home/runner/work/ozone/ozone/hadoop-ozone/integration-test/target/test-dir/MiniOzoneClusterImpl-a412b9f6-7d8b-4de3-a85c-9946bceaa3a0/ozone-metadata/datanode-9/ratis] (custom)
2025-10-22 08:23:45,570 [0cab5a7d-6f40-474c-9abd-0651cf30726e-groupManagement] INFO  util.JmxRegister (JmxRegister.java:register(58)) - register mxBean class org.apache.ratis.server.impl.RaftServerJmxAdapter as Ratis:service=RaftServer,group=group-EE76401C21D3,id=0cab5a7d-6f40-474c-9abd-0651cf30726e
2025-10-22 08:23:45,571 [9d21e184-bccf-4583-95a7-0fe616dd3b4b-groupManagement] INFO  storage.RaftStorageDirectory (RaftStorageDirectoryImpl.java:analyzeStorage(138)) - The storage directory /home/runner/work/ozone/ozone/hadoop-ozone/integration-test/target/test-dir/MiniOzoneClusterImpl-a412b9f6-7d8b-4de3-a85c-9946bceaa3a0/ozone-metadata/datanode-9/ratis/967bd5c3-d4b6-4c7a-afa3-45121e95117a does not exist. Creating ...
2025-10-22 08:23:45,572 [0cab5a7d-6f40-474c-9abd-0651cf30726e-groupManagement] INFO  server.RaftServer$Division (RaftServerImpl.java:start(419)) - 0cab5a7d-6f40-474c-9abd-0651cf30726e@group-EE76401C21D3: Successfully started.
2025-10-22 08:23:45,572 [0cab5a7d-6f40-474c-9abd-0651cf30726e-CreatePipelineCommandHandlerThread-0] INFO  ratis.XceiverServerRatis (XceiverServerRatis.java:addGroup(839)) - Created group Pipeline-f4bcb322-ee1f-41bd-9c2f-ee76401c21d3
2025-10-22 08:23:45,572 [0cab5a7d-6f40-474c-9abd-0651cf30726e-CreatePipelineCommandHandlerThread-0] INFO  commandhandler.CreatePipelineCommandHandler (CreatePipelineCommandHandler.java:lambda$handle$2(141)) - Created Pipeline RATIS ONE Pipeline-f4bcb322-ee1f-41bd-9c2f-ee76401c21d3.
2025-10-22 08:23:45,573 [9d21e184-bccf-4583-95a7-0fe616dd3b4b-groupManagement] INFO  storage.RaftStorageDirectory (RaftStorageDirectoryImpl.java:tryLock(229)) - Lock on /home/runner/work/ozone/ozone/hadoop-ozone/integration-test/target/test-dir/MiniOzoneClusterImpl-a412b9f6-7d8b-4de3-a85c-9946bceaa3a0/ozone-metadata/datanode-9/ratis/967bd5c3-d4b6-4c7a-afa3-45121e95117a/in_use.lock acquired by nodename 57193@localhost
2025-10-22 08:23:45,574 [9d21e184-bccf-4583-95a7-0fe616dd3b4b-groupManagement] INFO  storage.RaftStorage (RaftStorageImpl.java:format(98)) - Storage directory /home/runner/work/ozone/ozone/hadoop-ozone/integration-test/target/test-dir/MiniOzoneClusterImpl-a412b9f6-7d8b-4de3-a85c-9946bceaa3a0/ozone-metadata/datanode-9/ratis/967bd5c3-d4b6-4c7a-afa3-45121e95117a has been successfully formatted.
2025-10-22 08:23:45,575 [9d21e184-bccf-4583-95a7-0fe616dd3b4b-groupManagement] INFO  ratis.ContainerStateMachine (ContainerStateMachine.java:initialize(339)) - 9d21e184-bccf-4583-95a7-0fe616dd3b4b: initialize group-45121E95117A
2025-10-22 08:23:45,575 [9d21e184-bccf-4583-95a7-0fe616dd3b4b-groupManagement] INFO  ratis.ContainerStateMachine (ContainerStateMachine.java:loadSnapshot(347)) - group-45121E95117A: The snapshot info is null. Setting the last applied index to:<INITIAL_VALUE>
2025-10-22 08:23:45,575 [9d21e184-bccf-4583-95a7-0fe616dd3b4b-groupManagement] INFO  server.RaftServerConfigKeys (ConfUtils.java:logGet(62)) - raft.server.log.appender.buffer.byte-limit = 33554432 (custom)
2025-10-22 08:23:45,577 [9d21e184-bccf-4583-95a7-0fe616dd3b4b-groupManagement] INFO  server.RaftServerConfigKeys (ConfUtils.java:logGet(62)) - raft.server.log.segment.size.max = 67108864 (custom)
2025-10-22 08:23:45,577 [9d21e184-bccf-4583-95a7-0fe616dd3b4b-groupManagement] INFO  server.RaftServerConfigKeys (ConfUtils.java:logGet(62)) - raft.server.log.appender.buffer.byte-limit = 33554432 (custom)
2025-10-22 08:23:45,578 [9d21e184-bccf-4583-95a7-0fe616dd3b4b-groupManagement] INFO  util.AwaitToRun (AwaitToRun.java:start(81)) - Thread[#1390,9d21e184-bccf-4583-95a7-0fe616dd3b4b@group-45121E95117A-cacheEviction-AwaitToRun,5,main] started
2025-10-22 08:23:45,578 [9d21e184-bccf-4583-95a7-0fe616dd3b4b-groupManagement] INFO  segmented.SegmentedRaftLogWorker (SegmentedRaftLogWorker.java:<init>(190)) - new 9d21e184-bccf-4583-95a7-0fe616dd3b4b@group-45121E95117A-SegmentedRaftLogWorker for RaftStorageImpl:Storage Directory /home/runner/work/ozone/ozone/hadoop-ozone/integration-test/target/test-dir/MiniOzoneClusterImpl-a412b9f6-7d8b-4de3-a85c-9946bceaa3a0/ozone-metadata/datanode-9/ratis/967bd5c3-d4b6-4c7a-afa3-45121e95117a
2025-10-22 08:23:45,578 [9d21e184-bccf-4583-95a7-0fe616dd3b4b-groupManagement] INFO  server.RaftServerConfigKeys (ConfUtils.java:logGet(62)) - raft.server.log.queue.byte-limit = 4294967296 (custom)
2025-10-22 08:23:45,578 [9d21e184-bccf-4583-95a7-0fe616dd3b4b-groupManagement] INFO  server.RaftServerConfigKeys (ConfUtils.java:logGet(62)) - raft.server.log.segment.size.max = 67108864 (custom)
2025-10-22 08:23:45,578 [9d21e184-bccf-4583-95a7-0fe616dd3b4b-groupManagement] INFO  server.RaftServerConfigKeys (ConfUtils.java:logGet(62)) - raft.server.log.preallocated.size = 4194304 (custom)
2025-10-22 08:23:45,579 [9d21e184-bccf-4583-95a7-0fe616dd3b4b-groupManagement] INFO  server.RaftServerConfigKeys (ConfUtils.java:logGet(62)) - raft.server.log.write.buffer.size = 33554440 (custom)
2025-10-22 08:23:45,586 [9d21e184-bccf-4583-95a7-0fe616dd3b4b-groupManagement] INFO  server.RaftServerConfigKeys (ConfUtils.java:logGet(62)) - raft.server.log.appender.buffer.byte-limit = 33554432 (custom)
2025-10-22 08:23:45,586 [9d21e184-bccf-4583-95a7-0fe616dd3b4b-groupManagement] INFO  segmented.SegmentedRaftLogWorker (SegmentedRaftLogWorker.java:lambda$new$0(141)) - 9d21e184-bccf-4583-95a7-0fe616dd3b4b@group-45121E95117A-SegmentedRaftLogWorker: flushIndex: setUnconditionally 0 -> -1
2025-10-22 08:23:45,586 [9d21e184-bccf-4583-95a7-0fe616dd3b4b-groupManagement] INFO  segmented.SegmentedRaftLogWorker (SegmentedRaftLogWorker.java:lambda$new$0(141)) - 9d21e184-bccf-4583-95a7-0fe616dd3b4b@group-45121E95117A-SegmentedRaftLogWorker: safeCacheEvictIndex: setUnconditionally 0 -> -1
2025-10-22 08:23:45,586 [9d21e184-bccf-4583-95a7-0fe616dd3b4b-groupManagement] INFO  server.RaftServer$Division (RaftServerImpl.java:start(405)) - 9d21e184-bccf-4583-95a7-0fe616dd3b4b@group-45121E95117A: start as a follower, conf=conf: {index: -1, cur=peers:[9d21e184-bccf-4583-95a7-0fe616dd3b4b|127.0.0.1:15079, 8aba082c-257b-43e3-ba61-5d436c5b38fa|127.0.0.1:15063, 0cab5a7d-6f40-474c-9abd-0651cf30726e|127.0.0.1:15071]|listeners:[], old=null}
2025-10-22 08:23:45,587 [9d21e184-bccf-4583-95a7-0fe616dd3b4b-groupManagement] INFO  server.RaftServer$Division (RaftServerImpl.java:setRole(392)) - 9d21e184-bccf-4583-95a7-0fe616dd3b4b@group-45121E95117A: changes role from      null to FOLLOWER at term 0 for startAsFollower
2025-10-22 08:23:45,587 [9d21e184-bccf-4583-95a7-0fe616dd3b4b-groupManagement] INFO  impl.RoleInfo (RoleInfo.java:updateAndGet(148)) - 9d21e184-bccf-4583-95a7-0fe616dd3b4b: start 9d21e184-bccf-4583-95a7-0fe616dd3b4b@group-45121E95117A-FollowerState
2025-10-22 08:23:45,587 [9d21e184-bccf-4583-95a7-0fe616dd3b4b-groupManagement] INFO  util.JmxRegister (JmxRegister.java:tryRegister(44)) - Successfully registered JMX Bean with object name Ratis:service=RaftServer,group=group-45121E95117A,id=9d21e184-bccf-4583-95a7-0fe616dd3b4b
2025-10-22 08:23:45,587 [9d21e184-bccf-4583-95a7-0fe616dd3b4b-groupManagement] INFO  util.JmxRegister (JmxRegister.java:register(58)) - register mxBean class org.apache.ratis.server.impl.RaftServerJmxAdapter as Ratis:service=RaftServer,group=group-45121E95117A,id=9d21e184-bccf-4583-95a7-0fe616dd3b4b
2025-10-22 08:23:45,588 [9d21e184-bccf-4583-95a7-0fe616dd3b4b-groupManagement] INFO  server.RaftServer$Division (RaftServerImpl.java:start(419)) - 9d21e184-bccf-4583-95a7-0fe616dd3b4b@group-45121E95117A: Successfully started.
2025-10-22 08:23:45,595 [8aba082c-257b-43e3-ba61-5d436c5b38fa-CreatePipelineCommandHandlerThread-0] INFO  commandhandler.CreatePipelineCommandHandler (CreatePipelineCommandHandler.java:lambda$handle$2(141)) - Created Pipeline RATIS THREE Pipeline-967bd5c3-d4b6-4c7a-afa3-45121e95117a.
2025-10-22 08:23:45,625 [2ad521b7-7a63-459b-9c84-f917bba20586@group-9159AC336964-FollowerState] INFO  impl.FollowerState (FollowerState.java:runImpl(161)) - 2ad521b7-7a63-459b-9c84-f917bba20586@group-9159AC336964-FollowerState: change to CANDIDATE, lastRpcElapsedTime:1163497939ns, electionTimeout:1163ms
2025-10-22 08:23:45,625 [2ad521b7-7a63-459b-9c84-f917bba20586@group-9159AC336964-FollowerState] INFO  impl.RoleInfo (RoleInfo.java:shutdownFollowerState(121)) - 2ad521b7-7a63-459b-9c84-f917bba20586: shutdown 2ad521b7-7a63-459b-9c84-f917bba20586@group-9159AC336964-FollowerState
2025-10-22 08:23:45,625 [2ad521b7-7a63-459b-9c84-f917bba20586@group-9159AC336964-FollowerState] INFO  server.RaftServer$Division (RaftServerImpl.java:setRole(392)) - 2ad521b7-7a63-459b-9c84-f917bba20586@group-9159AC336964: changes role from  FOLLOWER to CANDIDATE at term 0 for changeToCandidate
2025-10-22 08:23:45,626 [2ad521b7-7a63-459b-9c84-f917bba20586@group-9159AC336964-FollowerState] INFO  impl.RoleInfo (RoleInfo.java:updateAndGet(148)) - 2ad521b7-7a63-459b-9c84-f917bba20586: start 2ad521b7-7a63-459b-9c84-f917bba20586@group-9159AC336964-LeaderElection9
2025-10-22 08:23:45,627 [2ad521b7-7a63-459b-9c84-f917bba20586@group-9159AC336964-LeaderElection9] INFO  impl.LeaderElection (LeaderElection.java:askForVotes(448)) - 2ad521b7-7a63-459b-9c84-f917bba20586@group-9159AC336964-LeaderElection9 PRE_VOTE round 0: submit vote requests at term 0 for conf: {index: -1, cur=peers:[2ad521b7-7a63-459b-9c84-f917bba20586|127.0.0.1:15039]|listeners:[], old=null}
2025-10-22 08:23:45,627 [2ad521b7-7a63-459b-9c84-f917bba20586@group-9159AC336964-LeaderElection9] INFO  impl.LeaderElection (LeaderElection.java:askForVotes(450)) - 2ad521b7-7a63-459b-9c84-f917bba20586@group-9159AC336964-LeaderElection9 PRE_VOTE round 0: result PASSED (term=0)
2025-10-22 08:23:45,629 [2ad521b7-7a63-459b-9c84-f917bba20586@group-9159AC336964-LeaderElection9] INFO  impl.LeaderElection (LeaderElection.java:askForVotes(448)) - 2ad521b7-7a63-459b-9c84-f917bba20586@group-9159AC336964-LeaderElection9 ELECTION round 0: submit vote requests at term 1 for conf: {index: -1, cur=peers:[2ad521b7-7a63-459b-9c84-f917bba20586|127.0.0.1:15039]|listeners:[], old=null}
2025-10-22 08:23:45,629 [2ad521b7-7a63-459b-9c84-f917bba20586@group-9159AC336964-LeaderElection9] INFO  impl.LeaderElection (LeaderElection.java:askForVotes(450)) - 2ad521b7-7a63-459b-9c84-f917bba20586@group-9159AC336964-LeaderElection9 ELECTION round 0: result PASSED (term=1)
2025-10-22 08:23:45,630 [2ad521b7-7a63-459b-9c84-f917bba20586@group-9159AC336964-LeaderElection9] INFO  impl.RoleInfo (RoleInfo.java:shutdownLeaderElection(141)) - 2ad521b7-7a63-459b-9c84-f917bba20586: shutdown 2ad521b7-7a63-459b-9c84-f917bba20586@group-9159AC336964-LeaderElection9
2025-10-22 08:23:45,630 [2ad521b7-7a63-459b-9c84-f917bba20586@group-9159AC336964-LeaderElection9] INFO  server.RaftServer$Division (RaftServerImpl.java:setRole(392)) - 2ad521b7-7a63-459b-9c84-f917bba20586@group-9159AC336964: changes role from CANDIDATE to LEADER at term 1 for changeToLeader
2025-10-22 08:23:45,631 [2ad521b7-7a63-459b-9c84-f917bba20586@group-9159AC336964-LeaderElection9] INFO  server.RaftServerConfigKeys (ConfUtils.java:logFallback(69)) - raft.server.staging.timeout = 3600ms (fallback to raft.server.rpc.timeout.max)
2025-10-22 08:23:45,631 [6d4f7871-438f-445e-bbd0-5ca0ba9a1086@group-3A95807EC81A-FollowerState] INFO  impl.FollowerState (FollowerState.java:runImpl(161)) - 6d4f7871-438f-445e-bbd0-5ca0ba9a1086@group-3A95807EC81A-FollowerState: change to CANDIDATE, lastRpcElapsedTime:1106247246ns, electionTimeout:1105ms
2025-10-22 08:23:45,632 [6d4f7871-438f-445e-bbd0-5ca0ba9a1086@group-3A95807EC81A-FollowerState] INFO  impl.RoleInfo (RoleInfo.java:shutdownFollowerState(121)) - 6d4f7871-438f-445e-bbd0-5ca0ba9a1086: shutdown 6d4f7871-438f-445e-bbd0-5ca0ba9a1086@group-3A95807EC81A-FollowerState
2025-10-22 08:23:45,632 [6d4f7871-438f-445e-bbd0-5ca0ba9a1086@group-3A95807EC81A-FollowerState] INFO  server.RaftServer$Division (RaftServerImpl.java:setRole(392)) - 6d4f7871-438f-445e-bbd0-5ca0ba9a1086@group-3A95807EC81A: changes role from  FOLLOWER to CANDIDATE at term 0 for changeToCandidate
2025-10-22 08:23:45,632 [6d4f7871-438f-445e-bbd0-5ca0ba9a1086@group-3A95807EC81A-FollowerState] INFO  impl.RoleInfo (RoleInfo.java:updateAndGet(148)) - 6d4f7871-438f-445e-bbd0-5ca0ba9a1086: start 6d4f7871-438f-445e-bbd0-5ca0ba9a1086@group-3A95807EC81A-LeaderElection10
2025-10-22 08:23:45,632 [2ad521b7-7a63-459b-9c84-f917bba20586@group-9159AC336964-LeaderElection9] INFO  server.RaftServerConfigKeys (ConfUtils.java:logGet(62)) - raft.server.write.byte-limit = 1024 M (=1073741824) (custom)
2025-10-22 08:23:45,633 [6d4f7871-438f-445e-bbd0-5ca0ba9a1086@group-3A95807EC81A-LeaderElection10] INFO  impl.LeaderElection (LeaderElection.java:askForVotes(448)) - 6d4f7871-438f-445e-bbd0-5ca0ba9a1086@group-3A95807EC81A-LeaderElection10 PRE_VOTE round 0: submit vote requests at term 0 for conf: {index: -1, cur=peers:[cb442068-6d75-4200-81e8-5fb60de94381|127.0.0.1:15047, 2ad521b7-7a63-459b-9c84-f917bba20586|127.0.0.1:15039, 6d4f7871-438f-445e-bbd0-5ca0ba9a1086|127.0.0.1:15055]|listeners:[], old=null}
2025-10-22 08:23:45,633 [2ad521b7-7a63-459b-9c84-f917bba20586@group-9159AC336964-LeaderElection9] INFO  impl.RoleInfo (RoleInfo.java:updateAndGet(148)) - 2ad521b7-7a63-459b-9c84-f917bba20586: start 2ad521b7-7a63-459b-9c84-f917bba20586@group-9159AC336964-LeaderStateImpl
2025-10-22 08:23:45,633 [2ad521b7-7a63-459b-9c84-f917bba20586@group-9159AC336964-LeaderElection9] INFO  server.RaftServer$Division (RaftServerImpl.java:setFirstElection(576)) - 2ad521b7-7a63-459b-9c84-f917bba20586@group-9159AC336964: set firstElectionSinceStartup to false for becomeLeader
2025-10-22 08:23:45,633 [2ad521b7-7a63-459b-9c84-f917bba20586@group-9159AC336964-LeaderElection9] INFO  ratis.XceiverServerRatis (XceiverServerRatis.java:handleLeaderChangedNotification(940)) - Leader change notification received for group: group-9159AC336964 with new leaderId: 2ad521b7-7a63-459b-9c84-f917bba20586
2025-10-22 08:23:45,634 [2ad521b7-7a63-459b-9c84-f917bba20586@group-9159AC336964-LeaderElection9] INFO  server.RaftServer$Division (ServerState.java:setLeader(272)) - 2ad521b7-7a63-459b-9c84-f917bba20586@group-9159AC336964: change Leader from null to 2ad521b7-7a63-459b-9c84-f917bba20586 at term 1 for becomeLeader, leader elected after 1201ms
2025-10-22 08:23:45,634 [2ad521b7-7a63-459b-9c84-f917bba20586@group-9159AC336964-LeaderElection9] INFO  segmented.SegmentedRaftLogWorker (SegmentedRaftLogWorker.java:startLogSegment(440)) - 2ad521b7-7a63-459b-9c84-f917bba20586@group-9159AC336964-SegmentedRaftLogWorker: Starting segment from index:0
2025-10-22 08:23:45,634 [2ad521b7-7a63-459b-9c84-f917bba20586@group-9159AC336964-LeaderElection9] INFO  server.RaftServer$Division (ServerState.java:setRaftConf(386)) - 2ad521b7-7a63-459b-9c84-f917bba20586@group-9159AC336964: set configuration conf: {index: 0, cur=peers:[2ad521b7-7a63-459b-9c84-f917bba20586|127.0.0.1:15039]|listeners:[], old=null}
2025-10-22 08:23:45,636 [6d4f7871-438f-445e-bbd0-5ca0ba9a1086@group-3A95807EC81A-LeaderElection10-1] INFO  server.GrpcServerProtocolClient (GrpcServerProtocolClient.java:<init>(65)) - Build channel for cb442068-6d75-4200-81e8-5fb60de94381|127.0.0.1:15047
2025-10-22 08:23:45,637 [2ad521b7-7a63-459b-9c84-f917bba20586@group-9159AC336964-SegmentedRaftLogWorker] INFO  segmented.BufferedWriteChannel (BufferedWriteChannel.java:open(61)) - open log_inprogress_0 at position 0
2025-10-22 08:23:45,636 [6d4f7871-438f-445e-bbd0-5ca0ba9a1086@group-3A95807EC81A-LeaderElection10-2] INFO  server.GrpcServerProtocolClient (GrpcServerProtocolClient.java:<init>(65)) - Build channel for 2ad521b7-7a63-459b-9c84-f917bba20586|127.0.0.1:15039
2025-10-22 08:23:45,649 [grpc-default-executor-2] INFO  server.RaftServer$Division (RaftServerImpl.java:requestVote(1421)) - cb442068-6d75-4200-81e8-5fb60de94381@group-3A95807EC81A: receive requestVote(PRE_VOTE, 6d4f7871-438f-445e-bbd0-5ca0ba9a1086, group-3A95807EC81A, 0, <PROTO_DEFAULT>)
2025-10-22 08:23:45,649 [grpc-default-executor-2] INFO  impl.VoteContext (VoteContext.java:log(49)) - cb442068-6d75-4200-81e8-5fb60de94381@group-3A95807EC81A-FOLLOWER: accept PRE_VOTE from 6d4f7871-438f-445e-bbd0-5ca0ba9a1086: our priority 0 <= candidate's priority 1
2025-10-22 08:23:45,650 [grpc-default-executor-2] INFO  server.RaftServer$Division (RaftServerImpl.java:requestVote(1455)) - cb442068-6d75-4200-81e8-5fb60de94381@group-3A95807EC81A replies to PRE_VOTE vote request: 6d4f7871-438f-445e-bbd0-5ca0ba9a1086<-cb442068-6d75-4200-81e8-5fb60de94381#0:OK-t0-last:<INITIAL_VALUE>. Peer's state: cb442068-6d75-4200-81e8-5fb60de94381@group-3A95807EC81A:t0, leader=null, voted=, raftlog=Memoized:cb442068-6d75-4200-81e8-5fb60de94381@group-3A95807EC81A-SegmentedRaftLog:OPENED:c-1:lastnull, conf=conf: {index: -1, cur=peers:[cb442068-6d75-4200-81e8-5fb60de94381|127.0.0.1:15047, 2ad521b7-7a63-459b-9c84-f917bba20586|127.0.0.1:15039, 6d4f7871-438f-445e-bbd0-5ca0ba9a1086|127.0.0.1:15055]|listeners:[], old=null}
2025-10-22 08:23:45,651 [2ad521b7-7a63-459b-9c84-f917bba20586@group-9159AC336964-SegmentedRaftLogWorker] INFO  segmented.SegmentedRaftLogWorker (SegmentedRaftLogWorker.java:execute(647)) - 2ad521b7-7a63-459b-9c84-f917bba20586@group-9159AC336964-SegmentedRaftLogWorker: created new log segment /home/runner/work/ozone/ozone/hadoop-ozone/integration-test/target/test-dir/MiniOzoneClusterImpl-a412b9f6-7d8b-4de3-a85c-9946bceaa3a0/ozone-metadata/datanode-4/ratis/e5c153cd-cace-4eeb-969b-9159ac336964/current/log_inprogress_0
2025-10-22 08:23:45,650 [grpc-default-executor-0] INFO  server.RaftServer$Division (RaftServerImpl.java:requestVote(1421)) - 2ad521b7-7a63-459b-9c84-f917bba20586@group-3A95807EC81A: receive requestVote(PRE_VOTE, 6d4f7871-438f-445e-bbd0-5ca0ba9a1086, group-3A95807EC81A, 0, <PROTO_DEFAULT>)
2025-10-22 08:23:45,652 [grpc-default-executor-0] INFO  impl.VoteContext (VoteContext.java:log(49)) - 2ad521b7-7a63-459b-9c84-f917bba20586@group-3A95807EC81A-FOLLOWER: accept PRE_VOTE from 6d4f7871-438f-445e-bbd0-5ca0ba9a1086: our priority 0 <= candidate's priority 1
2025-10-22 08:23:45,652 [grpc-default-executor-0] INFO  server.RaftServer$Division (RaftServerImpl.java:requestVote(1455)) - 2ad521b7-7a63-459b-9c84-f917bba20586@group-3A95807EC81A replies to PRE_VOTE vote request: 6d4f7871-438f-445e-bbd0-5ca0ba9a1086<-2ad521b7-7a63-459b-9c84-f917bba20586#0:OK-t0-last:<INITIAL_VALUE>. Peer's state: 2ad521b7-7a63-459b-9c84-f917bba20586@group-3A95807EC81A:t0, leader=null, voted=, raftlog=Memoized:2ad521b7-7a63-459b-9c84-f917bba20586@group-3A95807EC81A-SegmentedRaftLog:OPENED:c-1:lastnull, conf=conf: {index: -1, cur=peers:[cb442068-6d75-4200-81e8-5fb60de94381|127.0.0.1:15047, 2ad521b7-7a63-459b-9c84-f917bba20586|127.0.0.1:15039, 6d4f7871-438f-445e-bbd0-5ca0ba9a1086|127.0.0.1:15055]|listeners:[], old=null}
2025-10-22 08:23:45,655 [2ad521b7-7a63-459b-9c84-f917bba20586@group-9159AC336964-StateMachineUpdater] INFO  server.RaftServer$Division (LeaderStateImpl.java:checkStartIndex(309)) - Leader 2ad521b7-7a63-459b-9c84-f917bba20586@group-9159AC336964-LeaderStateImpl is ready since appliedIndex == startIndex == 0
2025-10-22 08:23:45,655 [6d4f7871-438f-445e-bbd0-5ca0ba9a1086@group-3A95807EC81A-LeaderElection10] INFO  impl.LeaderElection (LeaderElection.java:logAndReturn(206)) - 6d4f7871-438f-445e-bbd0-5ca0ba9a1086@group-3A95807EC81A-LeaderElection10: PRE_VOTE PASSED received 1 response(s) and 0 exception(s):
2025-10-22 08:23:45,656 [6d4f7871-438f-445e-bbd0-5ca0ba9a1086@group-3A95807EC81A-LeaderElection10] INFO  impl.LeaderElection (LeaderElection.java:logAndReturn(210)) -   Response 0: 6d4f7871-438f-445e-bbd0-5ca0ba9a1086<-2ad521b7-7a63-459b-9c84-f917bba20586#0:OK-t0-last:<INITIAL_VALUE>
2025-10-22 08:23:45,657 [6d4f7871-438f-445e-bbd0-5ca0ba9a1086@group-3A95807EC81A-LeaderElection10] INFO  impl.LeaderElection (LeaderElection.java:askForVotes(450)) - 6d4f7871-438f-445e-bbd0-5ca0ba9a1086@group-3A95807EC81A-LeaderElection10 PRE_VOTE round 0: result PASSED
2025-10-22 08:23:45,659 [6d4f7871-438f-445e-bbd0-5ca0ba9a1086@group-3A95807EC81A-LeaderElection10] INFO  impl.LeaderElection (LeaderElection.java:askForVotes(448)) - 6d4f7871-438f-445e-bbd0-5ca0ba9a1086@group-3A95807EC81A-LeaderElection10 ELECTION round 0: submit vote requests at term 1 for conf: {index: -1, cur=peers:[cb442068-6d75-4200-81e8-5fb60de94381|127.0.0.1:15047, 2ad521b7-7a63-459b-9c84-f917bba20586|127.0.0.1:15039, 6d4f7871-438f-445e-bbd0-5ca0ba9a1086|127.0.0.1:15055]|listeners:[], old=null}
2025-10-22 08:23:45,667 [grpc-default-executor-2] INFO  server.RaftServer$Division (RaftServerImpl.java:requestVote(1421)) - 2ad521b7-7a63-459b-9c84-f917bba20586@group-3A95807EC81A: receive requestVote(ELECTION, 6d4f7871-438f-445e-bbd0-5ca0ba9a1086, group-3A95807EC81A, 1, <PROTO_DEFAULT>)
2025-10-22 08:23:45,667 [grpc-default-executor-2] INFO  impl.VoteContext (VoteContext.java:log(49)) - 2ad521b7-7a63-459b-9c84-f917bba20586@group-3A95807EC81A-FOLLOWER: accept ELECTION from 6d4f7871-438f-445e-bbd0-5ca0ba9a1086: our priority 0 <= candidate's priority 1
2025-10-22 08:23:45,667 [grpc-default-executor-2] INFO  server.RaftServer$Division (RaftServerImpl.java:setRole(392)) - 2ad521b7-7a63-459b-9c84-f917bba20586@group-3A95807EC81A: changes role from  FOLLOWER to FOLLOWER at term 0 for candidate:6d4f7871-438f-445e-bbd0-5ca0ba9a1086
2025-10-22 08:23:45,669 [grpc-default-executor-2] INFO  impl.RoleInfo (RoleInfo.java:shutdownFollowerState(121)) - 2ad521b7-7a63-459b-9c84-f917bba20586: shutdown 2ad521b7-7a63-459b-9c84-f917bba20586@group-3A95807EC81A-FollowerState
2025-10-22 08:23:45,669 [grpc-default-executor-2] INFO  impl.RoleInfo (RoleInfo.java:updateAndGet(148)) - 2ad521b7-7a63-459b-9c84-f917bba20586: start 2ad521b7-7a63-459b-9c84-f917bba20586@group-3A95807EC81A-FollowerState
2025-10-22 08:23:45,669 [2ad521b7-7a63-459b-9c84-f917bba20586@group-3A95807EC81A-FollowerState] INFO  impl.FollowerState (FollowerState.java:runImpl(170)) - 2ad521b7-7a63-459b-9c84-f917bba20586@group-3A95807EC81A-FollowerState was interrupted
2025-10-22 08:23:45,668 [grpc-default-executor-0] INFO  server.RaftServer$Division (RaftServerImpl.java:requestVote(1421)) - cb442068-6d75-4200-81e8-5fb60de94381@group-3A95807EC81A: receive requestVote(ELECTION, 6d4f7871-438f-445e-bbd0-5ca0ba9a1086, group-3A95807EC81A, 1, <PROTO_DEFAULT>)
2025-10-22 08:23:45,672 [grpc-default-executor-0] INFO  impl.VoteContext (VoteContext.java:log(49)) - cb442068-6d75-4200-81e8-5fb60de94381@group-3A95807EC81A-FOLLOWER: accept ELECTION from 6d4f7871-438f-445e-bbd0-5ca0ba9a1086: our priority 0 <= candidate's priority 1
2025-10-22 08:23:45,672 [grpc-default-executor-2] INFO  server.RaftServer$Division (RaftServerImpl.java:setFirstElection(576)) - 2ad521b7-7a63-459b-9c84-f917bba20586@group-3A95807EC81A: set firstElectionSinceStartup to false for candidate:6d4f7871-438f-445e-bbd0-5ca0ba9a1086
2025-10-22 08:23:45,672 [grpc-default-executor-0] INFO  server.RaftServer$Division (RaftServerImpl.java:setRole(392)) - cb442068-6d75-4200-81e8-5fb60de94381@group-3A95807EC81A: changes role from  FOLLOWER to FOLLOWER at term 0 for candidate:6d4f7871-438f-445e-bbd0-5ca0ba9a1086
2025-10-22 08:23:45,673 [grpc-default-executor-0] INFO  impl.RoleInfo (RoleInfo.java:shutdownFollowerState(121)) - cb442068-6d75-4200-81e8-5fb60de94381: shutdown cb442068-6d75-4200-81e8-5fb60de94381@group-3A95807EC81A-FollowerState
2025-10-22 08:23:45,673 [grpc-default-executor-0] INFO  impl.RoleInfo (RoleInfo.java:updateAndGet(148)) - cb442068-6d75-4200-81e8-5fb60de94381: start cb442068-6d75-4200-81e8-5fb60de94381@group-3A95807EC81A-FollowerState
2025-10-22 08:23:45,674 [cb442068-6d75-4200-81e8-5fb60de94381@group-3A95807EC81A-FollowerState] INFO  impl.FollowerState (FollowerState.java:runImpl(170)) - cb442068-6d75-4200-81e8-5fb60de94381@group-3A95807EC81A-FollowerState was interrupted
2025-10-22 08:23:45,675 [grpc-default-executor-0] INFO  server.RaftServer$Division (RaftServerImpl.java:setFirstElection(576)) - cb442068-6d75-4200-81e8-5fb60de94381@group-3A95807EC81A: set firstElectionSinceStartup to false for candidate:6d4f7871-438f-445e-bbd0-5ca0ba9a1086
2025-10-22 08:23:45,677 [grpc-default-executor-2] INFO  server.RaftServer$Division (RaftServerImpl.java:requestVote(1455)) - 2ad521b7-7a63-459b-9c84-f917bba20586@group-3A95807EC81A replies to ELECTION vote request: 6d4f7871-438f-445e-bbd0-5ca0ba9a1086<-2ad521b7-7a63-459b-9c84-f917bba20586#0:OK-t1-last:<INITIAL_VALUE>. Peer's state: 2ad521b7-7a63-459b-9c84-f917bba20586@group-3A95807EC81A:t1, leader=null, voted=6d4f7871-438f-445e-bbd0-5ca0ba9a1086, raftlog=Memoized:2ad521b7-7a63-459b-9c84-f917bba20586@group-3A95807EC81A-SegmentedRaftLog:OPENED:c-1:lastnull, conf=conf: {index: -1, cur=peers:[cb442068-6d75-4200-81e8-5fb60de94381|127.0.0.1:15047, 2ad521b7-7a63-459b-9c84-f917bba20586|127.0.0.1:15039, 6d4f7871-438f-445e-bbd0-5ca0ba9a1086|127.0.0.1:15055]|listeners:[], old=null}
2025-10-22 08:23:45,678 [grpc-default-executor-0] INFO  server.RaftServer$Division (RaftServerImpl.java:requestVote(1455)) - cb442068-6d75-4200-81e8-5fb60de94381@group-3A95807EC81A replies to ELECTION vote request: 6d4f7871-438f-445e-bbd0-5ca0ba9a1086<-cb442068-6d75-4200-81e8-5fb60de94381#0:OK-t1-last:<INITIAL_VALUE>. Peer's state: cb442068-6d75-4200-81e8-5fb60de94381@group-3A95807EC81A:t1, leader=null, voted=6d4f7871-438f-445e-bbd0-5ca0ba9a1086, raftlog=Memoized:cb442068-6d75-4200-81e8-5fb60de94381@group-3A95807EC81A-SegmentedRaftLog:OPENED:c-1:lastnull, conf=conf: {index: -1, cur=peers:[cb442068-6d75-4200-81e8-5fb60de94381|127.0.0.1:15047, 2ad521b7-7a63-459b-9c84-f917bba20586|127.0.0.1:15039, 6d4f7871-438f-445e-bbd0-5ca0ba9a1086|127.0.0.1:15055]|listeners:[], old=null}
2025-10-22 08:23:45,681 [6d4f7871-438f-445e-bbd0-5ca0ba9a1086@group-3A95807EC81A-LeaderElection10] INFO  impl.LeaderElection (LeaderElection.java:logAndReturn(206)) - 6d4f7871-438f-445e-bbd0-5ca0ba9a1086@group-3A95807EC81A-LeaderElection10: ELECTION PASSED received 1 response(s) and 0 exception(s):
2025-10-22 08:23:45,681 [6d4f7871-438f-445e-bbd0-5ca0ba9a1086@group-3A95807EC81A-LeaderElection10] INFO  impl.LeaderElection (LeaderElection.java:logAndReturn(210)) -   Response 0: 6d4f7871-438f-445e-bbd0-5ca0ba9a1086<-2ad521b7-7a63-459b-9c84-f917bba20586#0:OK-t1-last:<INITIAL_VALUE>
2025-10-22 08:23:45,681 [6d4f7871-438f-445e-bbd0-5ca0ba9a1086@group-3A95807EC81A-LeaderElection10] INFO  impl.LeaderElection (LeaderElection.java:askForVotes(450)) - 6d4f7871-438f-445e-bbd0-5ca0ba9a1086@group-3A95807EC81A-LeaderElection10 ELECTION round 0: result PASSED
2025-10-22 08:23:45,681 [6d4f7871-438f-445e-bbd0-5ca0ba9a1086@group-3A95807EC81A-LeaderElection10] INFO  impl.RoleInfo (RoleInfo.java:shutdownLeaderElection(141)) - 6d4f7871-438f-445e-bbd0-5ca0ba9a1086: shutdown 6d4f7871-438f-445e-bbd0-5ca0ba9a1086@group-3A95807EC81A-LeaderElection10
2025-10-22 08:23:45,682 [6d4f7871-438f-445e-bbd0-5ca0ba9a1086@group-3A95807EC81A-LeaderElection10] INFO  server.RaftServer$Division (RaftServerImpl.java:setRole(392)) - 6d4f7871-438f-445e-bbd0-5ca0ba9a1086@group-3A95807EC81A: changes role from CANDIDATE to LEADER at term 1 for changeToLeader
2025-10-22 08:23:45,682 [6d4f7871-438f-445e-bbd0-5ca0ba9a1086@group-3A95807EC81A-LeaderElection10] INFO  server.RaftServerConfigKeys (ConfUtils.java:logFallback(69)) - raft.server.staging.timeout = 3600ms (fallback to raft.server.rpc.timeout.max)
2025-10-22 08:23:45,683 [6d4f7871-438f-445e-bbd0-5ca0ba9a1086@group-3A95807EC81A-LeaderElection10] INFO  server.RaftServerConfigKeys (ConfUtils.java:logGet(62)) - raft.server.write.byte-limit = 1024 M (=1073741824) (custom)
2025-10-22 08:23:45,686 [6d4f7871-438f-445e-bbd0-5ca0ba9a1086@group-3A95807EC81A-LeaderElection10] INFO  server.RaftServerConfigKeys (ConfUtils.java:logGet(62)) - raft.server.log.appender.buffer.byte-limit = 33554432 (custom)
2025-10-22 08:23:45,689 [6d4f7871-438f-445e-bbd0-5ca0ba9a1086@group-3A95807EC81A-LeaderElection10] INFO  server.RaftServerConfigKeys (ConfUtils.java:logGet(62)) - raft.server.log.appender.buffer.byte-limit = 33554432 (custom)
2025-10-22 08:23:45,690 [6d4f7871-438f-445e-bbd0-5ca0ba9a1086@group-3A95807EC81A-LeaderElection10] INFO  impl.RoleInfo (RoleInfo.java:updateAndGet(148)) - 6d4f7871-438f-445e-bbd0-5ca0ba9a1086: start 6d4f7871-438f-445e-bbd0-5ca0ba9a1086@group-3A95807EC81A-LeaderStateImpl
2025-10-22 08:23:45,690 [6d4f7871-438f-445e-bbd0-5ca0ba9a1086@group-3A95807EC81A-LeaderElection10] INFO  server.RaftServer$Division (RaftServerImpl.java:setFirstElection(576)) - 6d4f7871-438f-445e-bbd0-5ca0ba9a1086@group-3A95807EC81A: set firstElectionSinceStartup to false for becomeLeader
2025-10-22 08:23:45,691 [6d4f7871-438f-445e-bbd0-5ca0ba9a1086@group-3A95807EC81A-LeaderElection10] INFO  ratis.XceiverServerRatis (XceiverServerRatis.java:handleLeaderChangedNotification(940)) - Leader change notification received for group: group-3A95807EC81A with new leaderId: 6d4f7871-438f-445e-bbd0-5ca0ba9a1086
2025-10-22 08:23:45,693 [6d4f7871-438f-445e-bbd0-5ca0ba9a1086@group-3A95807EC81A-LeaderElection10] INFO  server.RaftServer$Division (ServerState.java:setLeader(272)) - 6d4f7871-438f-445e-bbd0-5ca0ba9a1086@group-3A95807EC81A: change Leader from null to 6d4f7871-438f-445e-bbd0-5ca0ba9a1086 at term 1 for becomeLeader, leader elected after 1190ms
2025-10-22 08:23:45,693 [6d4f7871-438f-445e-bbd0-5ca0ba9a1086@group-3A95807EC81A-LeaderElection10] INFO  segmented.SegmentedRaftLogWorker (SegmentedRaftLogWorker.java:startLogSegment(440)) - 6d4f7871-438f-445e-bbd0-5ca0ba9a1086@group-3A95807EC81A-SegmentedRaftLogWorker: Starting segment from index:0
2025-10-22 08:23:45,693 [6d4f7871-438f-445e-bbd0-5ca0ba9a1086@group-3A95807EC81A-SegmentedRaftLogWorker] INFO  segmented.BufferedWriteChannel (BufferedWriteChannel.java:open(61)) - open log_inprogress_0 at position 0
2025-10-22 08:23:45,695 [6d4f7871-438f-445e-bbd0-5ca0ba9a1086@group-3A95807EC81A-LeaderElection10] INFO  server.RaftServer$Division (ServerState.java:setRaftConf(386)) - 6d4f7871-438f-445e-bbd0-5ca0ba9a1086@group-3A95807EC81A: set configuration conf: {index: 0, cur=peers:[cb442068-6d75-4200-81e8-5fb60de94381|127.0.0.1:15047, 2ad521b7-7a63-459b-9c84-f917bba20586|127.0.0.1:15039, 6d4f7871-438f-445e-bbd0-5ca0ba9a1086|127.0.0.1:15055]|listeners:[], old=null}
2025-10-22 08:23:45,706 [grpc-default-executor-0] INFO  ratis.XceiverServerRatis (XceiverServerRatis.java:handleLeaderChangedNotification(940)) - Leader change notification received for group: group-3A95807EC81A with new leaderId: 6d4f7871-438f-445e-bbd0-5ca0ba9a1086
2025-10-22 08:23:45,706 [grpc-default-executor-0] INFO  server.RaftServer$Division (ServerState.java:setLeader(272)) - 2ad521b7-7a63-459b-9c84-f917bba20586@group-3A95807EC81A: change Leader from null to 6d4f7871-438f-445e-bbd0-5ca0ba9a1086 at term 1 for appendEntries, leader elected after 1239ms
2025-10-22 08:23:45,708 [EventQueue-PipelineReportForPipelineReportHandler] INFO  pipeline.PipelineReportHandler (PipelineReportHandler.java:processPipelineReport(132)) - Opened pipeline Pipeline-950b34fe-84b2-4801-9880-3a95807ec81a
2025-10-22 08:23:45,710 [grpc-default-executor-6] INFO  server.RaftServer$Division (ServerState.java:setRaftConf(386)) - 2ad521b7-7a63-459b-9c84-f917bba20586@group-3A95807EC81A: set configuration conf: {index: 0, cur=peers:[cb442068-6d75-4200-81e8-5fb60de94381|127.0.0.1:15047, 2ad521b7-7a63-459b-9c84-f917bba20586|127.0.0.1:15039, 6d4f7871-438f-445e-bbd0-5ca0ba9a1086|127.0.0.1:15055]|listeners:[], old=null}
2025-10-22 08:23:45,710 [grpc-default-executor-2] INFO  ratis.XceiverServerRatis (XceiverServerRatis.java:handleLeaderChangedNotification(940)) - Leader change notification received for group: group-3A95807EC81A with new leaderId: 6d4f7871-438f-445e-bbd0-5ca0ba9a1086
2025-10-22 08:23:45,710 [6d4f7871-438f-445e-bbd0-5ca0ba9a1086@group-3A95807EC81A-SegmentedRaftLogWorker] INFO  segmented.SegmentedRaftLogWorker (SegmentedRaftLogWorker.java:execute(647)) - 6d4f7871-438f-445e-bbd0-5ca0ba9a1086@group-3A95807EC81A-SegmentedRaftLogWorker: created new log segment /home/runner/work/ozone/ozone/hadoop-ozone/integration-test/target/test-dir/MiniOzoneClusterImpl-a412b9f6-7d8b-4de3-a85c-9946bceaa3a0/ozone-metadata/datanode-6/ratis/950b34fe-84b2-4801-9880-3a95807ec81a/current/log_inprogress_0
2025-10-22 08:23:45,710 [grpc-default-executor-6] INFO  segmented.SegmentedRaftLogWorker (SegmentedRaftLogWorker.java:startLogSegment(440)) - 2ad521b7-7a63-459b-9c84-f917bba20586@group-3A95807EC81A-SegmentedRaftLogWorker: Starting segment from index:0
2025-10-22 08:23:45,712 [grpc-default-executor-2] INFO  server.RaftServer$Division (ServerState.java:setLeader(272)) - cb442068-6d75-4200-81e8-5fb60de94381@group-3A95807EC81A: change Leader from null to 6d4f7871-438f-445e-bbd0-5ca0ba9a1086 at term 1 for appendEntries, leader elected after 1156ms
2025-10-22 08:23:45,713 [grpc-default-executor-2] INFO  server.RaftServer$Division (ServerState.java:setRaftConf(386)) - cb442068-6d75-4200-81e8-5fb60de94381@group-3A95807EC81A: set configuration conf: {index: 0, cur=peers:[cb442068-6d75-4200-81e8-5fb60de94381|127.0.0.1:15047, 2ad521b7-7a63-459b-9c84-f917bba20586|127.0.0.1:15039, 6d4f7871-438f-445e-bbd0-5ca0ba9a1086|127.0.0.1:15055]|listeners:[], old=null}
2025-10-22 08:23:45,713 [grpc-default-executor-2] INFO  segmented.SegmentedRaftLogWorker (SegmentedRaftLogWorker.java:startLogSegment(440)) - cb442068-6d75-4200-81e8-5fb60de94381@group-3A95807EC81A-SegmentedRaftLogWorker: Starting segment from index:0
2025-10-22 08:23:45,713 [2ad521b7-7a63-459b-9c84-f917bba20586@group-3A95807EC81A-SegmentedRaftLogWorker] INFO  segmented.BufferedWriteChannel (BufferedWriteChannel.java:open(61)) - open log_inprogress_0 at position 0
2025-10-22 08:23:45,714 [ForkJoinPool-1-worker-1] INFO  ozoneimpl.OzoneContainer (OzoneContainer.java:stop(568)) - Attempting to stop container services.
2025-10-22 08:23:45,715 [ContainerMetadataScanner] WARN  ozoneimpl.AbstractBackgroundContainerScanner (AbstractBackgroundContainerScanner.java:handleRemainingSleep(136)) - Background container scan was interrupted.
2025-10-22 08:23:45,715 [ContainerMetadataScanner] INFO  ozoneimpl.AbstractBackgroundContainerScanner (AbstractBackgroundContainerScanner.java:run(63)) - org.apache.hadoop.ozone.container.ozoneimpl.BackgroundContainerMetadataScanner@7f0fd966 exiting.
2025-10-22 08:23:45,715 [ForkJoinPool-1-worker-1] INFO  ozoneimpl.BackgroundContainerDataScanner (BackgroundContainerDataScanner.java:shutdown(87)) - ContainerDataScanner(/home/runner/work/ozone/ozone/hadoop-ozone/integration-test/target/test-dir/MiniOzoneClusterImpl-a412b9f6-7d8b-4de3-a85c-9946bceaa3a0/ozone-metadata/datanode-2/data-0/hdds) is shutting down. 
2025-10-22 08:23:45,716 [ContainerDataScanner(/home/runner/work/ozone/ozone/hadoop-ozone/integration-test/target/test-dir/MiniOzoneClusterImpl-a412b9f6-7d8b-4de3-a85c-9946bceaa3a0/ozone-metadata/datanode-2/data-0/hdds)] WARN  ozoneimpl.AbstractBackgroundContainerScanner (AbstractBackgroundContainerScanner.java:handleRemainingSleep(136)) - Background container scan was interrupted.
2025-10-22 08:23:45,716 [ContainerDataScanner(/home/runner/work/ozone/ozone/hadoop-ozone/integration-test/target/test-dir/MiniOzoneClusterImpl-a412b9f6-7d8b-4de3-a85c-9946bceaa3a0/ozone-metadata/datanode-2/data-0/hdds)] INFO  ozoneimpl.AbstractBackgroundContainerScanner (AbstractBackgroundContainerScanner.java:run(63)) - ContainerDataScanner(/home/runner/work/ozone/ozone/hadoop-ozone/integration-test/target/test-dir/MiniOzoneClusterImpl-a412b9f6-7d8b-4de3-a85c-9946bceaa3a0/ozone-metadata/datanode-2/data-0/hdds, DS-4aaa098a-486e-4441-80f0-7688bb8bbdde) exiting.
2025-10-22 08:23:45,717 [ForkJoinPool-1-worker-1] INFO  ozoneimpl.OnDemandContainerScanner (OnDemandContainerScanner.java:shutdown(141)) - On-demand container scanner is shutting down.
2025-10-22 08:23:45,716 [cb442068-6d75-4200-81e8-5fb60de94381@group-3A95807EC81A-SegmentedRaftLogWorker] INFO  segmented.BufferedWriteChannel (BufferedWriteChannel.java:open(61)) - open log_inprogress_0 at position 0
2025-10-22 08:23:45,724 [2ad521b7-7a63-459b-9c84-f917bba20586@group-3A95807EC81A-SegmentedRaftLogWorker] INFO  segmented.SegmentedRaftLogWorker (SegmentedRaftLogWorker.java:execute(647)) - 2ad521b7-7a63-459b-9c84-f917bba20586@group-3A95807EC81A-SegmentedRaftLogWorker: created new log segment /home/runner/work/ozone/ozone/hadoop-ozone/integration-test/target/test-dir/MiniOzoneClusterImpl-a412b9f6-7d8b-4de3-a85c-9946bceaa3a0/ozone-metadata/datanode-4/ratis/950b34fe-84b2-4801-9880-3a95807ec81a/current/log_inprogress_0
2025-10-22 08:23:45,726 [ForkJoinPool-1-worker-1] INFO  ratis.XceiverServerRatis (XceiverServerRatis.java:stop(594)) - Closing XceiverServerRatis(4d8a2798-959e-416b-b534-19c13b55a760)
2025-10-22 08:23:45,726 [cb442068-6d75-4200-81e8-5fb60de94381@group-3A95807EC81A-SegmentedRaftLogWorker] INFO  segmented.SegmentedRaftLogWorker (SegmentedRaftLogWorker.java:execute(647)) - cb442068-6d75-4200-81e8-5fb60de94381@group-3A95807EC81A-SegmentedRaftLogWorker: created new log segment /home/runner/work/ozone/ozone/hadoop-ozone/integration-test/target/test-dir/MiniOzoneClusterImpl-a412b9f6-7d8b-4de3-a85c-9946bceaa3a0/ozone-metadata/datanode-5/ratis/950b34fe-84b2-4801-9880-3a95807ec81a/current/log_inprogress_0
2025-10-22 08:23:45,727 [ForkJoinPool-1-worker-1] INFO  server.RaftServer (RaftServerProxy.java:lambda$close$9(422)) - 4d8a2798-959e-416b-b534-19c13b55a760: close
2025-10-22 08:23:45,728 [4d8a2798-959e-416b-b534-19c13b55a760-impl-thread1] INFO  server.RaftServer$Division (RaftServerImpl.java:lambda$close$1(527)) - 4d8a2798-959e-416b-b534-19c13b55a760@group-C080F8B16968: shutdown
2025-10-22 08:23:45,728 [4d8a2798-959e-416b-b534-19c13b55a760-impl-thread1] INFO  util.JmxRegister (JmxRegister.java:unregister(74)) - Successfully un-registered JMX Bean with object name Ratis:service=RaftServer,group=group-C080F8B16968,id=4d8a2798-959e-416b-b534-19c13b55a760
2025-10-22 08:23:45,728 [4d8a2798-959e-416b-b534-19c13b55a760-impl-thread1] INFO  impl.RoleInfo (RoleInfo.java:shutdownLeaderState(103)) - 4d8a2798-959e-416b-b534-19c13b55a760: shutdown 4d8a2798-959e-416b-b534-19c13b55a760@group-C080F8B16968-LeaderStateImpl
2025-10-22 08:23:45,729 [cb442068-6d75-4200-81e8-5fb60de94381@group-7FAEB03FEB04-FollowerState] INFO  impl.FollowerState (FollowerState.java:runImpl(161)) - cb442068-6d75-4200-81e8-5fb60de94381@group-7FAEB03FEB04-FollowerState: change to CANDIDATE, lastRpcElapsedTime:1085935759ns, electionTimeout:1084ms
2025-10-22 08:23:45,730 [cb442068-6d75-4200-81e8-5fb60de94381@group-7FAEB03FEB04-FollowerState] INFO  impl.RoleInfo (RoleInfo.java:shutdownFollowerState(121)) - cb442068-6d75-4200-81e8-5fb60de94381: shutdown cb442068-6d75-4200-81e8-5fb60de94381@group-7FAEB03FEB04-FollowerState
2025-10-22 08:23:45,730 [cb442068-6d75-4200-81e8-5fb60de94381@group-7FAEB03FEB04-FollowerState] INFO  server.RaftServer$Division (RaftServerImpl.java:setRole(392)) - cb442068-6d75-4200-81e8-5fb60de94381@group-7FAEB03FEB04: changes role from  FOLLOWER to CANDIDATE at term 0 for changeToCandidate
2025-10-22 08:23:45,730 [cb442068-6d75-4200-81e8-5fb60de94381@group-7FAEB03FEB04-FollowerState] INFO  impl.RoleInfo (RoleInfo.java:updateAndGet(148)) - cb442068-6d75-4200-81e8-5fb60de94381: start cb442068-6d75-4200-81e8-5fb60de94381@group-7FAEB03FEB04-LeaderElection11
2025-10-22 08:23:45,731 [4d8a2798-959e-416b-b534-19c13b55a760-impl-thread2] INFO  server.RaftServer$Division (RaftServerImpl.java:lambda$close$1(527)) - 4d8a2798-959e-416b-b534-19c13b55a760@group-5E2F154B5BDB: shutdown
2025-10-22 08:23:45,731 [4d8a2798-959e-416b-b534-19c13b55a760-impl-thread2] INFO  util.JmxRegister (JmxRegister.java:unregister(74)) - Successfully un-registered JMX Bean with object name Ratis:service=RaftServer,group=group-5E2F154B5BDB,id=4d8a2798-959e-416b-b534-19c13b55a760
2025-10-22 08:23:45,731 [4d8a2798-959e-416b-b534-19c13b55a760-impl-thread2] INFO  impl.RoleInfo (RoleInfo.java:shutdownFollowerState(121)) - 4d8a2798-959e-416b-b534-19c13b55a760: shutdown 4d8a2798-959e-416b-b534-19c13b55a760@group-5E2F154B5BDB-FollowerState
2025-10-22 08:23:45,731 [4d8a2798-959e-416b-b534-19c13b55a760@group-5E2F154B5BDB-FollowerState] INFO  impl.FollowerState (FollowerState.java:runImpl(170)) - 4d8a2798-959e-416b-b534-19c13b55a760@group-5E2F154B5BDB-FollowerState was interrupted
2025-10-22 08:23:45,731 [4d8a2798-959e-416b-b534-19c13b55a760-impl-thread2] INFO  impl.StateMachineUpdater (StateMachineUpdater.java:stopAndJoin(163)) - 4d8a2798-959e-416b-b534-19c13b55a760@group-5E2F154B5BDB-StateMachineUpdater: set stopIndex = 0
2025-10-22 08:23:45,731 [6d4f7871-438f-445e-bbd0-5ca0ba9a1086@group-3A95807EC81A-StateMachineUpdater] INFO  server.RaftServer$Division (LeaderStateImpl.java:checkStartIndex(309)) - Leader 6d4f7871-438f-445e-bbd0-5ca0ba9a1086@group-3A95807EC81A-LeaderStateImpl is ready since appliedIndex == startIndex == 0
2025-10-22 08:23:45,732 [ForkJoinPool-1-worker-1] INFO  server.GrpcServicesImpl (GrpcServicesImpl.java:closeImpl(355)) - 4d8a2798-959e-416b-b534-19c13b55a760: shutdown server org.apache.ratis.grpc.server.GrpcClientProtocolService now
2025-10-22 08:23:45,732 [4d8a2798-959e-416b-b534-19c13b55a760-impl-thread3] INFO  server.RaftServer$Division (RaftServerImpl.java:lambda$close$1(527)) - 4d8a2798-959e-416b-b534-19c13b55a760@group-C626CE820278: shutdown
2025-10-22 08:23:45,733 [4d8a2798-959e-416b-b534-19c13b55a760-impl-thread3] INFO  util.JmxRegister (JmxRegister.java:unregister(74)) - Successfully un-registered JMX Bean with object name Ratis:service=RaftServer,group=group-C626CE820278,id=4d8a2798-959e-416b-b534-19c13b55a760
2025-10-22 08:23:45,733 [4d8a2798-959e-416b-b534-19c13b55a760-impl-thread3] INFO  impl.RoleInfo (RoleInfo.java:shutdownFollowerState(121)) - 4d8a2798-959e-416b-b534-19c13b55a760: shutdown 4d8a2798-959e-416b-b534-19c13b55a760@group-C626CE820278-FollowerState
2025-10-22 08:23:45,734 [4d8a2798-959e-416b-b534-19c13b55a760-impl-thread3] INFO  impl.StateMachineUpdater (StateMachineUpdater.java:stopAndJoin(163)) - 4d8a2798-959e-416b-b534-19c13b55a760@group-C626CE820278-StateMachineUpdater: set stopIndex = 2
2025-10-22 08:23:45,734 [cb442068-6d75-4200-81e8-5fb60de94381@group-7FAEB03FEB04-LeaderElection11] INFO  impl.LeaderElection (LeaderElection.java:askForVotes(448)) - cb442068-6d75-4200-81e8-5fb60de94381@group-7FAEB03FEB04-LeaderElection11 PRE_VOTE round 0: submit vote requests at term 0 for conf: {index: -1, cur=peers:[cb442068-6d75-4200-81e8-5fb60de94381|127.0.0.1:15047, 2ad521b7-7a63-459b-9c84-f917bba20586|127.0.0.1:15039, 6d4f7871-438f-445e-bbd0-5ca0ba9a1086|127.0.0.1:15055]|listeners:[], old=null}
2025-10-22 08:23:45,734 [4d8a2798-959e-416b-b534-19c13b55a760@group-C626CE820278-StateMachineUpdater] INFO  ratis.ContainerStateMachine (ContainerStateMachine.java:takeSnapshot(427)) - group-C626CE820278: Taking a snapshot at:(t:1, i:2) file /home/runner/work/ozone/ozone/hadoop-ozone/integration-test/target/test-dir/MiniOzoneClusterImpl-a412b9f6-7d8b-4de3-a85c-9946bceaa3a0/ozone-metadata/datanode-2/ratis/28d7a56f-ff21-46bd-bc35-c626ce820278/sm/snapshot.1_2
2025-10-22 08:23:45,735 [4d8a2798-959e-416b-b534-19c13b55a760@group-C626CE820278-FollowerState] INFO  impl.FollowerState (FollowerState.java:runImpl(170)) - 4d8a2798-959e-416b-b534-19c13b55a760@group-C626CE820278-FollowerState was interrupted
2025-10-22 08:23:45,735 [cb442068-6d75-4200-81e8-5fb60de94381@group-7FAEB03FEB04-LeaderElection11-1] INFO  server.GrpcServerProtocolClient (GrpcServerProtocolClient.java:<init>(65)) - Build channel for 2ad521b7-7a63-459b-9c84-f917bba20586|127.0.0.1:15039
2025-10-22 08:23:45,735 [4d8a2798-959e-416b-b534-19c13b55a760-impl-thread1] INFO  impl.PendingRequests (PendingRequests.java:sendNotLeaderResponses(287)) - 4d8a2798-959e-416b-b534-19c13b55a760@group-C080F8B16968-PendingRequests: sendNotLeaderResponses
2025-10-22 08:23:45,736 [cb442068-6d75-4200-81e8-5fb60de94381@group-7FAEB03FEB04-LeaderElection11-2] INFO  server.GrpcServerProtocolClient (GrpcServerProtocolClient.java:<init>(65)) - Build channel for 6d4f7871-438f-445e-bbd0-5ca0ba9a1086|127.0.0.1:15055
2025-10-22 08:23:45,741 [4d8a2798-959e-416b-b534-19c13b55a760-impl-thread1] INFO  impl.StateMachineUpdater (StateMachineUpdater.java:stopAndJoin(163)) - 4d8a2798-959e-416b-b534-19c13b55a760@group-C080F8B16968-StateMachineUpdater: set stopIndex = 0
2025-10-22 08:23:45,741 [4d8a2798-959e-416b-b534-19c13b55a760@group-C080F8B16968-StateMachineUpdater] INFO  ratis.ContainerStateMachine (ContainerStateMachine.java:takeSnapshot(427)) - group-C080F8B16968: Taking a snapshot at:(t:1, i:0) file /home/runner/work/ozone/ozone/hadoop-ozone/integration-test/target/test-dir/MiniOzoneClusterImpl-a412b9f6-7d8b-4de3-a85c-9946bceaa3a0/ozone-metadata/datanode-2/ratis/0ab6beb1-ecd4-4a22-8092-c080f8b16968/sm/snapshot.1_0
2025-10-22 08:23:45,745 [4d8a2798-959e-416b-b534-19c13b55a760@group-5E2F154B5BDB-StateMachineUpdater] INFO  ratis.ContainerStateMachine (ContainerStateMachine.java:takeSnapshot(427)) - group-5E2F154B5BDB: Taking a snapshot at:(t:1, i:0) file /home/runner/work/ozone/ozone/hadoop-ozone/integration-test/target/test-dir/MiniOzoneClusterImpl-a412b9f6-7d8b-4de3-a85c-9946bceaa3a0/ozone-metadata/datanode-2/ratis/991bfa6b-f7e5-4a03-b9a5-5e2f154b5bdb/sm/snapshot.1_0
2025-10-22 08:23:45,746 [ForkJoinPool-1-worker-1] INFO  server.GrpcServicesImpl (GrpcServicesImpl.java:closeImpl(364)) - 4d8a2798-959e-416b-b534-19c13b55a760: shutdown server org.apache.ratis.grpc.server.GrpcClientProtocolService successfully
2025-10-22 08:23:45,747 [ForkJoinPool-1-worker-1] INFO  server.GrpcServicesImpl (GrpcServicesImpl.java:closeImpl(355)) - 4d8a2798-959e-416b-b534-19c13b55a760: shutdown server GrpcServerProtocolService now
2025-10-22 08:23:45,754 [grpc-default-executor-0] INFO  server.RaftServer$Division (RaftServerImpl.java:requestVote(1421)) - 6d4f7871-438f-445e-bbd0-5ca0ba9a1086@group-7FAEB03FEB04: receive requestVote(PRE_VOTE, cb442068-6d75-4200-81e8-5fb60de94381, group-7FAEB03FEB04, 0, <PROTO_DEFAULT>)
2025-10-22 08:23:45,755 [grpc-default-executor-0] INFO  impl.VoteContext (VoteContext.java:log(49)) - 6d4f7871-438f-445e-bbd0-5ca0ba9a1086@group-7FAEB03FEB04-FOLLOWER: accept PRE_VOTE from cb442068-6d75-4200-81e8-5fb60de94381: our priority 0 <= candidate's priority 0
2025-10-22 08:23:45,757 [grpc-default-executor-0] INFO  server.RaftServer$Division (RaftServerImpl.java:requestVote(1455)) - 6d4f7871-438f-445e-bbd0-5ca0ba9a1086@group-7FAEB03FEB04 replies to PRE_VOTE vote request: cb442068-6d75-4200-81e8-5fb60de94381<-6d4f7871-438f-445e-bbd0-5ca0ba9a1086#0:OK-t0-last:<INITIAL_VALUE>. Peer's state: 6d4f7871-438f-445e-bbd0-5ca0ba9a1086@group-7FAEB03FEB04:t0, leader=null, voted=, raftlog=Memoized:6d4f7871-438f-445e-bbd0-5ca0ba9a1086@group-7FAEB03FEB04-SegmentedRaftLog:OPENED:c-1:lastnull, conf=conf: {index: -1, cur=peers:[cb442068-6d75-4200-81e8-5fb60de94381|127.0.0.1:15047, 2ad521b7-7a63-459b-9c84-f917bba20586|127.0.0.1:15039, 6d4f7871-438f-445e-bbd0-5ca0ba9a1086|127.0.0.1:15055]|listeners:[], old=null}
2025-10-22 08:23:45,760 [grpc-default-executor-2] WARN  server.GrpcServerProtocolService (LogUtils.java:warn(127)) - 4d8a2798-959e-416b-b534-19c13b55a760: APPEND_ENTRIES onError, lastRequest: 40df8fc4-149d-40c0-897d-2844034d8141->4d8a2798-959e-416b-b534-19c13b55a760#7-t1,previous=(t:1, i:2),leaderCommit=2,initializing? false,entries: size=2, first=(t:1, i:3), METADATAENTRY(c:1): org.apache.ratis.thirdparty.io.grpc.StatusRuntimeException: CANCELLED: client cancelled
2025-10-22 08:23:45,761 [grpc-default-executor-3] WARN  server.GrpcServerProtocolService (LogUtils.java:warn(127)) - 4d8a2798-959e-416b-b534-19c13b55a760: APPEND_ENTRIES onError, lastRequest: null: org.apache.ratis.thirdparty.io.grpc.StatusRuntimeException: CANCELLED: client cancelled
2025-10-22 08:23:45,764 [grpc-default-executor-6] INFO  server.RaftServer$Division (RaftServerImpl.java:requestVote(1421)) - 2ad521b7-7a63-459b-9c84-f917bba20586@group-7FAEB03FEB04: receive requestVote(PRE_VOTE, cb442068-6d75-4200-81e8-5fb60de94381, group-7FAEB03FEB04, 0, <PROTO_DEFAULT>)
2025-10-22 08:23:45,765 [grpc-default-executor-6] INFO  impl.VoteContext (VoteContext.java:log(49)) - 2ad521b7-7a63-459b-9c84-f917bba20586@group-7FAEB03FEB04-FOLLOWER: reject PRE_VOTE from cb442068-6d75-4200-81e8-5fb60de94381: our priority 1 > candidate's priority 0
2025-10-22 08:23:45,765 [grpc-default-executor-6] INFO  server.RaftServer$Division (RaftServerImpl.java:requestVote(1455)) - 2ad521b7-7a63-459b-9c84-f917bba20586@group-7FAEB03FEB04 replies to PRE_VOTE vote request: cb442068-6d75-4200-81e8-5fb60de94381<-2ad521b7-7a63-459b-9c84-f917bba20586#0:FAIL-t0-last:<INITIAL_VALUE>. Peer's state: 2ad521b7-7a63-459b-9c84-f917bba20586@group-7FAEB03FEB04:t0, leader=null, voted=, raftlog=Memoized:2ad521b7-7a63-459b-9c84-f917bba20586@group-7FAEB03FEB04-SegmentedRaftLog:OPENED:c-1:lastnull, conf=conf: {index: -1, cur=peers:[cb442068-6d75-4200-81e8-5fb60de94381|127.0.0.1:15047, 2ad521b7-7a63-459b-9c84-f917bba20586|127.0.0.1:15039, 6d4f7871-438f-445e-bbd0-5ca0ba9a1086|127.0.0.1:15055]|listeners:[], old=null}
2025-10-22 08:23:45,765 [grpc-default-executor-2] WARN  server.GrpcServerProtocolService (LogUtils.java:warn(127)) - 4d8a2798-959e-416b-b534-19c13b55a760: APPEND_ENTRIES onError, lastRequest: null: org.apache.ratis.thirdparty.io.grpc.StatusRuntimeException: CANCELLED: client cancelled
2025-10-22 08:23:45,765 [ForkJoinPool-1-worker-1] INFO  server.GrpcServicesImpl (GrpcServicesImpl.java:closeImpl(364)) - 4d8a2798-959e-416b-b534-19c13b55a760: shutdown server GrpcServerProtocolService successfully
2025-10-22 08:23:45,765 [ForkJoinPool-1-worker-1] INFO  server.GrpcServicesImpl (GrpcServicesImpl.java:closeImpl(355)) - 4d8a2798-959e-416b-b534-19c13b55a760: shutdown server org.apache.ratis.grpc.server.GrpcAdminProtocolService now
2025-10-22 08:23:45,769 [grpc-default-executor-2] WARN  server.GrpcLogAppender (LogUtils.java:warn(127)) - 1c036820-4dbe-4abe-80fb-5ca88de5e2f0@group-5E2F154B5BDB->4d8a2798-959e-416b-b534-19c13b55a760-AppendLogResponseHandler: Failed appendEntries: org.apache.ratis.thirdparty.io.grpc.StatusRuntimeException: CANCELLED: RST_STREAM closed stream. HTTP/2 error code: CANCEL
2025-10-22 08:23:45,769 [cb442068-6d75-4200-81e8-5fb60de94381@group-7FAEB03FEB04-LeaderElection11] INFO  impl.LeaderElection (LeaderElection.java:logAndReturn(206)) - cb442068-6d75-4200-81e8-5fb60de94381@group-7FAEB03FEB04-LeaderElection11: PRE_VOTE REJECTED received 2 response(s) and 0 exception(s):
2025-10-22 08:23:45,770 [cb442068-6d75-4200-81e8-5fb60de94381@group-7FAEB03FEB04-LeaderElection11] INFO  impl.LeaderElection (LeaderElection.java:logAndReturn(210)) -   Response 0: cb442068-6d75-4200-81e8-5fb60de94381<-2ad521b7-7a63-459b-9c84-f917bba20586#0:FAIL-t0-last:<INITIAL_VALUE>
2025-10-22 08:23:45,770 [cb442068-6d75-4200-81e8-5fb60de94381@group-7FAEB03FEB04-LeaderElection11] INFO  impl.LeaderElection (LeaderElection.java:logAndReturn(210)) -   Response 1: cb442068-6d75-4200-81e8-5fb60de94381<-6d4f7871-438f-445e-bbd0-5ca0ba9a1086#0:OK-t0-last:<INITIAL_VALUE>
2025-10-22 08:23:45,771 [cb442068-6d75-4200-81e8-5fb60de94381@group-7FAEB03FEB04-LeaderElection11] INFO  impl.LeaderElection (LeaderElection.java:askForVotes(450)) - cb442068-6d75-4200-81e8-5fb60de94381@group-7FAEB03FEB04-LeaderElection11 PRE_VOTE round 0: result REJECTED
2025-10-22 08:23:45,771 [cb442068-6d75-4200-81e8-5fb60de94381@group-7FAEB03FEB04-LeaderElection11] INFO  server.RaftServer$Division (RaftServerImpl.java:setRole(392)) - cb442068-6d75-4200-81e8-5fb60de94381@group-7FAEB03FEB04: changes role from CANDIDATE to FOLLOWER at term 0 for REJECTED
2025-10-22 08:23:45,771 [cb442068-6d75-4200-81e8-5fb60de94381@group-7FAEB03FEB04-LeaderElection11] INFO  impl.RoleInfo (RoleInfo.java:shutdownLeaderElection(141)) - cb442068-6d75-4200-81e8-5fb60de94381: shutdown cb442068-6d75-4200-81e8-5fb60de94381@group-7FAEB03FEB04-LeaderElection11
2025-10-22 08:23:45,771 [cb442068-6d75-4200-81e8-5fb60de94381@group-7FAEB03FEB04-LeaderElection11] INFO  impl.RoleInfo (RoleInfo.java:updateAndGet(148)) - cb442068-6d75-4200-81e8-5fb60de94381: start cb442068-6d75-4200-81e8-5fb60de94381@group-7FAEB03FEB04-FollowerState
2025-10-22 08:23:45,773 [grpc-default-executor-5] WARN  server.GrpcLogAppender (GrpcLogAppender.java:lambda$resetClient$1(228)) - 40df8fc4-149d-40c0-897d-2844034d8141@group-C626CE820278->4d8a2798-959e-416b-b534-19c13b55a760-GrpcLogAppender: Follower failed (request=null, errorCount=1); keep nextIndex (5) unchanged and retry.
2025-10-22 08:23:45,769 [grpc-default-executor-3] WARN  server.GrpcLogAppender (LogUtils.java:warn(127)) - 40df8fc4-149d-40c0-897d-2844034d8141@group-C626CE820278->4d8a2798-959e-416b-b534-19c13b55a760-AppendLogResponseHandler: Failed appendEntries: org.apache.ratis.thirdparty.io.grpc.StatusRuntimeException: CANCELLED: RST_STREAM closed stream. HTTP/2 error code: CANCEL
2025-10-22 08:23:45,775 [cb442068-6d75-4200-81e8-5fb60de94381@group-7FAEB03FEB04-LeaderElection11] INFO  server.RaftServer$Division (RaftServerImpl.java:setFirstElection(576)) - cb442068-6d75-4200-81e8-5fb60de94381@group-7FAEB03FEB04: set firstElectionSinceStartup to false for REJECTED
2025-10-22 08:23:45,774 [grpc-default-executor-0] WARN  server.GrpcLogAppender (GrpcLogAppender.java:lambda$resetClient$1(228)) - 1c036820-4dbe-4abe-80fb-5ca88de5e2f0@group-5E2F154B5BDB->4d8a2798-959e-416b-b534-19c13b55a760-GrpcLogAppender: Follower failed (request=null, errorCount=1); keep nextIndex (1) unchanged and retry.
2025-10-22 08:23:45,771 [ForkJoinPool-1-worker-1] INFO  server.GrpcServicesImpl (GrpcServicesImpl.java:closeImpl(364)) - 4d8a2798-959e-416b-b534-19c13b55a760: shutdown server org.apache.ratis.grpc.server.GrpcAdminProtocolService successfully
2025-10-22 08:23:45,777 [9d21e184-bccf-4583-95a7-0fe616dd3b4b-CreatePipelineCommandHandlerThread-0] INFO  server.RaftServer (RaftServerProxy.java:addNew(105)) - 9d21e184-bccf-4583-95a7-0fe616dd3b4b: addNew group-80CFAE06F78A:[9d21e184-bccf-4583-95a7-0fe616dd3b4b|127.0.0.1:15079] returns group-80CFAE06F78A:java.util.concurrent.CompletableFuture@17e0724c[Not completed]
2025-10-22 08:23:45,779 [9d21e184-bccf-4583-95a7-0fe616dd3b4b-groupManagement] INFO  server.RaftServer$Division (RaftServerImpl.java:<init>(268)) - 9d21e184-bccf-4583-95a7-0fe616dd3b4b: new RaftServerImpl for group-80CFAE06F78A:[9d21e184-bccf-4583-95a7-0fe616dd3b4b|127.0.0.1:15079] with ContainerStateMachine:uninitialized
2025-10-22 08:23:45,780 [9d21e184-bccf-4583-95a7-0fe616dd3b4b-groupManagement] INFO  server.RaftServer$Division (ServerState.java:<init>(114)) - 9d21e184-bccf-4583-95a7-0fe616dd3b4b@group-80CFAE06F78A: ConfigurationManager, init=conf: {index: -1, cur=peers:[9d21e184-bccf-4583-95a7-0fe616dd3b4b|127.0.0.1:15079]|listeners:[], old=null}, confs=<EMPTY_MAP>
2025-10-22 08:23:45,785 [4d8a2798-959e-416b-b534-19c13b55a760-NettyServerStreamRpc-bossGroup--thread1] INFO  logging.LoggingHandler (AbstractInternalLogger.java:log(148)) - [id: 0x17935609, L:/0.0.0.0:15024] CLOSE
2025-10-22 08:23:45,786 [4d8a2798-959e-416b-b534-19c13b55a760-NettyServerStreamRpc-bossGroup--thread1] INFO  logging.LoggingHandler (AbstractInternalLogger.java:log(148)) - [id: 0x17935609, L:/0.0.0.0:15024] INACTIVE
2025-10-22 08:23:45,786 [4d8a2798-959e-416b-b534-19c13b55a760-NettyServerStreamRpc-bossGroup--thread1] INFO  logging.LoggingHandler (AbstractInternalLogger.java:log(148)) - [id: 0x17935609, L:/0.0.0.0:15024] UNREGISTERED
2025-10-22 08:23:45,786 [9d21e184-bccf-4583-95a7-0fe616dd3b4b-groupManagement] INFO  storage.RaftStorageDirectory (RaftStorageDirectoryImpl.java:analyzeStorage(138)) - The storage directory /home/runner/work/ozone/ozone/hadoop-ozone/integration-test/target/test-dir/MiniOzoneClusterImpl-a412b9f6-7d8b-4de3-a85c-9946bceaa3a0/ozone-metadata/datanode-9/ratis/8aa17952-bc55-4375-bee5-80cfae06f78a does not exist. Creating ...
2025-10-22 08:23:45,788 [9d21e184-bccf-4583-95a7-0fe616dd3b4b-groupManagement] INFO  storage.RaftStorageDirectory (RaftStorageDirectoryImpl.java:tryLock(229)) - Lock on /home/runner/work/ozone/ozone/hadoop-ozone/integration-test/target/test-dir/MiniOzoneClusterImpl-a412b9f6-7d8b-4de3-a85c-9946bceaa3a0/ozone-metadata/datanode-9/ratis/8aa17952-bc55-4375-bee5-80cfae06f78a/in_use.lock acquired by nodename 57193@localhost
2025-10-22 08:23:45,790 [9d21e184-bccf-4583-95a7-0fe616dd3b4b-groupManagement] INFO  storage.RaftStorage (RaftStorageImpl.java:format(98)) - Storage directory /home/runner/work/ozone/ozone/hadoop-ozone/integration-test/target/test-dir/MiniOzoneClusterImpl-a412b9f6-7d8b-4de3-a85c-9946bceaa3a0/ozone-metadata/datanode-9/ratis/8aa17952-bc55-4375-bee5-80cfae06f78a has been successfully formatted.
2025-10-22 08:23:45,790 [9d21e184-bccf-4583-95a7-0fe616dd3b4b-groupManagement] INFO  ratis.ContainerStateMachine (ContainerStateMachine.java:initialize(339)) - 9d21e184-bccf-4583-95a7-0fe616dd3b4b: initialize group-80CFAE06F78A
2025-10-22 08:23:45,791 [9d21e184-bccf-4583-95a7-0fe616dd3b4b-groupManagement] INFO  ratis.ContainerStateMachine (ContainerStateMachine.java:loadSnapshot(347)) - group-80CFAE06F78A: The snapshot info is null. Setting the last applied index to:<INITIAL_VALUE>
2025-10-22 08:23:45,791 [9d21e184-bccf-4583-95a7-0fe616dd3b4b-groupManagement] INFO  server.RaftServerConfigKeys (ConfUtils.java:logGet(62)) - raft.server.log.appender.buffer.byte-limit = 33554432 (custom)
2025-10-22 08:23:45,797 [9d21e184-bccf-4583-95a7-0fe616dd3b4b-groupManagement] INFO  server.RaftServerConfigKeys (ConfUtils.java:logGet(62)) - raft.server.log.segment.size.max = 67108864 (custom)
2025-10-22 08:23:45,799 [9d21e184-bccf-4583-95a7-0fe616dd3b4b-groupManagement] INFO  server.RaftServerConfigKeys (ConfUtils.java:logGet(62)) - raft.server.log.appender.buffer.byte-limit = 33554432 (custom)
2025-10-22 08:23:45,800 [EventQueue-PipelineReportForPipelineReportHandler] INFO  pipeline.PipelineReportHandler (PipelineReportHandler.java:processPipelineReport(132)) - Opened pipeline Pipeline-8aa17952-bc55-4375-bee5-80cfae06f78a
2025-10-22 08:23:45,800 [9d21e184-bccf-4583-95a7-0fe616dd3b4b-groupManagement] INFO  util.AwaitToRun (AwaitToRun.java:start(81)) - Thread[#1465,9d21e184-bccf-4583-95a7-0fe616dd3b4b@group-80CFAE06F78A-cacheEviction-AwaitToRun,5,main] started
2025-10-22 08:23:45,801 [9d21e184-bccf-4583-95a7-0fe616dd3b4b-groupManagement] INFO  segmented.SegmentedRaftLogWorker (SegmentedRaftLogWorker.java:<init>(190)) - new 9d21e184-bccf-4583-95a7-0fe616dd3b4b@group-80CFAE06F78A-SegmentedRaftLogWorker for RaftStorageImpl:Storage Directory /home/runner/work/ozone/ozone/hadoop-ozone/integration-test/target/test-dir/MiniOzoneClusterImpl-a412b9f6-7d8b-4de3-a85c-9946bceaa3a0/ozone-metadata/datanode-9/ratis/8aa17952-bc55-4375-bee5-80cfae06f78a
2025-10-22 08:23:45,801 [9d21e184-bccf-4583-95a7-0fe616dd3b4b-groupManagement] INFO  server.RaftServerConfigKeys (ConfUtils.java:logGet(62)) - raft.server.log.queue.byte-limit = 4294967296 (custom)
2025-10-22 08:23:45,801 [9d21e184-bccf-4583-95a7-0fe616dd3b4b-groupManagement] INFO  server.RaftServerConfigKeys (ConfUtils.java:logGet(62)) - raft.server.log.segment.size.max = 67108864 (custom)
2025-10-22 08:23:45,802 [9d21e184-bccf-4583-95a7-0fe616dd3b4b-groupManagement] INFO  server.RaftServerConfigKeys (ConfUtils.java:logGet(62)) - raft.server.log.preallocated.size = 4194304 (custom)
2025-10-22 08:23:45,802 [9d21e184-bccf-4583-95a7-0fe616dd3b4b-groupManagement] INFO  server.RaftServerConfigKeys (ConfUtils.java:logGet(62)) - raft.server.log.write.buffer.size = 33554440 (custom)
2025-10-22 08:23:45,807 [9d21e184-bccf-4583-95a7-0fe616dd3b4b-groupManagement] INFO  server.RaftServerConfigKeys (ConfUtils.java:logGet(62)) - raft.server.log.appender.buffer.byte-limit = 33554432 (custom)
2025-10-22 08:23:45,808 [9d21e184-bccf-4583-95a7-0fe616dd3b4b-groupManagement] INFO  segmented.SegmentedRaftLogWorker (SegmentedRaftLogWorker.java:lambda$new$0(141)) - 9d21e184-bccf-4583-95a7-0fe616dd3b4b@group-80CFAE06F78A-SegmentedRaftLogWorker: flushIndex: setUnconditionally 0 -> -1
2025-10-22 08:23:45,808 [9d21e184-bccf-4583-95a7-0fe616dd3b4b-groupManagement] INFO  segmented.SegmentedRaftLogWorker (SegmentedRaftLogWorker.java:lambda$new$0(141)) - 9d21e184-bccf-4583-95a7-0fe616dd3b4b@group-80CFAE06F78A-SegmentedRaftLogWorker: safeCacheEvictIndex: setUnconditionally 0 -> -1
2025-10-22 08:23:45,809 [9d21e184-bccf-4583-95a7-0fe616dd3b4b-groupManagement] INFO  server.RaftServer$Division (RaftServerImpl.java:start(405)) - 9d21e184-bccf-4583-95a7-0fe616dd3b4b@group-80CFAE06F78A: start as a follower, conf=conf: {index: -1, cur=peers:[9d21e184-bccf-4583-95a7-0fe616dd3b4b|127.0.0.1:15079]|listeners:[], old=null}
2025-10-22 08:23:45,809 [9d21e184-bccf-4583-95a7-0fe616dd3b4b-groupManagement] INFO  server.RaftServer$Division (RaftServerImpl.java:setRole(392)) - 9d21e184-bccf-4583-95a7-0fe616dd3b4b@group-80CFAE06F78A: changes role from      null to FOLLOWER at term 0 for startAsFollower
2025-10-22 08:23:45,810 [9d21e184-bccf-4583-95a7-0fe616dd3b4b-groupManagement] INFO  impl.RoleInfo (RoleInfo.java:updateAndGet(148)) - 9d21e184-bccf-4583-95a7-0fe616dd3b4b: start 9d21e184-bccf-4583-95a7-0fe616dd3b4b@group-80CFAE06F78A-FollowerState
2025-10-22 08:23:45,810 [9d21e184-bccf-4583-95a7-0fe616dd3b4b-groupManagement] INFO  util.JmxRegister (JmxRegister.java:tryRegister(44)) - Successfully registered JMX Bean with object name Ratis:service=RaftServer,group=group-80CFAE06F78A,id=9d21e184-bccf-4583-95a7-0fe616dd3b4b
2025-10-22 08:23:45,810 [9d21e184-bccf-4583-95a7-0fe616dd3b4b-groupManagement] INFO  util.JmxRegister (JmxRegister.java:register(58)) - register mxBean class org.apache.ratis.server.impl.RaftServerJmxAdapter as Ratis:service=RaftServer,group=group-80CFAE06F78A,id=9d21e184-bccf-4583-95a7-0fe616dd3b4b
2025-10-22 08:23:45,812 [9d21e184-bccf-4583-95a7-0fe616dd3b4b-groupManagement] INFO  server.RaftServer$Division (RaftServerImpl.java:start(419)) - 9d21e184-bccf-4583-95a7-0fe616dd3b4b@group-80CFAE06F78A: Successfully started.
2025-10-22 08:23:45,813 [9d21e184-bccf-4583-95a7-0fe616dd3b4b-CreatePipelineCommandHandlerThread-0] INFO  ratis.XceiverServerRatis (XceiverServerRatis.java:addGroup(839)) - Created group Pipeline-8aa17952-bc55-4375-bee5-80cfae06f78a
2025-10-22 08:23:45,813 [9d21e184-bccf-4583-95a7-0fe616dd3b4b-CreatePipelineCommandHandlerThread-0] INFO  commandhandler.CreatePipelineCommandHandler (CreatePipelineCommandHandler.java:lambda$handle$2(141)) - Created Pipeline RATIS ONE Pipeline-8aa17952-bc55-4375-bee5-80cfae06f78a.
2025-10-22 08:23:45,814 [2ad521b7-7a63-459b-9c84-f917bba20586@group-7FAEB03FEB04-FollowerState] INFO  impl.FollowerState (FollowerState.java:runImpl(161)) - 2ad521b7-7a63-459b-9c84-f917bba20586@group-7FAEB03FEB04-FollowerState: change to CANDIDATE, lastRpcElapsedTime:1200464131ns, electionTimeout:1200ms
2025-10-22 08:23:45,814 [2ad521b7-7a63-459b-9c84-f917bba20586@group-7FAEB03FEB04-FollowerState] INFO  impl.RoleInfo (RoleInfo.java:shutdownFollowerState(121)) - 2ad521b7-7a63-459b-9c84-f917bba20586: shutdown 2ad521b7-7a63-459b-9c84-f917bba20586@group-7FAEB03FEB04-FollowerState
2025-10-22 08:23:45,814 [2ad521b7-7a63-459b-9c84-f917bba20586@group-7FAEB03FEB04-FollowerState] INFO  server.RaftServer$Division (RaftServerImpl.java:setRole(392)) - 2ad521b7-7a63-459b-9c84-f917bba20586@group-7FAEB03FEB04: changes role from  FOLLOWER to CANDIDATE at term 0 for changeToCandidate
2025-10-22 08:23:45,814 [2ad521b7-7a63-459b-9c84-f917bba20586@group-7FAEB03FEB04-FollowerState] INFO  impl.RoleInfo (RoleInfo.java:updateAndGet(148)) - 2ad521b7-7a63-459b-9c84-f917bba20586: start 2ad521b7-7a63-459b-9c84-f917bba20586@group-7FAEB03FEB04-LeaderElection12
2025-10-22 08:23:45,816 [2ad521b7-7a63-459b-9c84-f917bba20586@group-7FAEB03FEB04-LeaderElection12] INFO  impl.LeaderElection (LeaderElection.java:askForVotes(448)) - 2ad521b7-7a63-459b-9c84-f917bba20586@group-7FAEB03FEB04-LeaderElection12 PRE_VOTE round 0: submit vote requests at term 0 for conf: {index: -1, cur=peers:[cb442068-6d75-4200-81e8-5fb60de94381|127.0.0.1:15047, 2ad521b7-7a63-459b-9c84-f917bba20586|127.0.0.1:15039, 6d4f7871-438f-445e-bbd0-5ca0ba9a1086|127.0.0.1:15055]|listeners:[], old=null}
2025-10-22 08:23:45,817 [2ad521b7-7a63-459b-9c84-f917bba20586@group-7FAEB03FEB04-LeaderElection12-1] INFO  server.GrpcServerProtocolClient (GrpcServerProtocolClient.java:<init>(65)) - Build channel for cb442068-6d75-4200-81e8-5fb60de94381|127.0.0.1:15047
2025-10-22 08:23:45,818 [2ad521b7-7a63-459b-9c84-f917bba20586@group-7FAEB03FEB04-LeaderElection12-2] INFO  server.GrpcServerProtocolClient (GrpcServerProtocolClient.java:<init>(65)) - Build channel for 6d4f7871-438f-445e-bbd0-5ca0ba9a1086|127.0.0.1:15055
2025-10-22 08:23:45,826 [grpc-default-executor-5] INFO  server.RaftServer$Division (RaftServerImpl.java:requestVote(1421)) - 6d4f7871-438f-445e-bbd0-5ca0ba9a1086@group-7FAEB03FEB04: receive requestVote(PRE_VOTE, 2ad521b7-7a63-459b-9c84-f917bba20586, group-7FAEB03FEB04, 0, <PROTO_DEFAULT>)
2025-10-22 08:23:45,826 [grpc-default-executor-5] INFO  impl.VoteContext (VoteContext.java:log(49)) - 6d4f7871-438f-445e-bbd0-5ca0ba9a1086@group-7FAEB03FEB04-FOLLOWER: accept PRE_VOTE from 2ad521b7-7a63-459b-9c84-f917bba20586: our priority 0 <= candidate's priority 1
2025-10-22 08:23:45,827 [grpc-default-executor-5] INFO  server.RaftServer$Division (RaftServerImpl.java:requestVote(1455)) - 6d4f7871-438f-445e-bbd0-5ca0ba9a1086@group-7FAEB03FEB04 replies to PRE_VOTE vote request: 2ad521b7-7a63-459b-9c84-f917bba20586<-6d4f7871-438f-445e-bbd0-5ca0ba9a1086#0:OK-t0-last:<INITIAL_VALUE>. Peer's state: 6d4f7871-438f-445e-bbd0-5ca0ba9a1086@group-7FAEB03FEB04:t0, leader=null, voted=, raftlog=Memoized:6d4f7871-438f-445e-bbd0-5ca0ba9a1086@group-7FAEB03FEB04-SegmentedRaftLog:OPENED:c-1:lastnull, conf=conf: {index: -1, cur=peers:[cb442068-6d75-4200-81e8-5fb60de94381|127.0.0.1:15047, 2ad521b7-7a63-459b-9c84-f917bba20586|127.0.0.1:15039, 6d4f7871-438f-445e-bbd0-5ca0ba9a1086|127.0.0.1:15055]|listeners:[], old=null}
2025-10-22 08:23:45,829 [2ad521b7-7a63-459b-9c84-f917bba20586@group-7FAEB03FEB04-LeaderElection12] INFO  impl.LeaderElection (LeaderElection.java:logAndReturn(206)) - 2ad521b7-7a63-459b-9c84-f917bba20586@group-7FAEB03FEB04-LeaderElection12: PRE_VOTE PASSED received 1 response(s) and 0 exception(s):
2025-10-22 08:23:45,830 [grpc-default-executor-3] INFO  server.RaftServer$Division (RaftServerImpl.java:requestVote(1421)) - cb442068-6d75-4200-81e8-5fb60de94381@group-7FAEB03FEB04: receive requestVote(PRE_VOTE, 2ad521b7-7a63-459b-9c84-f917bba20586, group-7FAEB03FEB04, 0, <PROTO_DEFAULT>)
2025-10-22 08:23:45,830 [2ad521b7-7a63-459b-9c84-f917bba20586@group-7FAEB03FEB04-LeaderElection12] INFO  impl.LeaderElection (LeaderElection.java:logAndReturn(210)) -   Response 0: 2ad521b7-7a63-459b-9c84-f917bba20586<-6d4f7871-438f-445e-bbd0-5ca0ba9a1086#0:OK-t0-last:<INITIAL_VALUE>
2025-10-22 08:23:45,830 [2ad521b7-7a63-459b-9c84-f917bba20586@group-7FAEB03FEB04-LeaderElection12] INFO  impl.LeaderElection (LeaderElection.java:askForVotes(450)) - 2ad521b7-7a63-459b-9c84-f917bba20586@group-7FAEB03FEB04-LeaderElection12 PRE_VOTE round 0: result PASSED
2025-10-22 08:23:45,830 [grpc-default-executor-3] INFO  impl.VoteContext (VoteContext.java:log(49)) - cb442068-6d75-4200-81e8-5fb60de94381@group-7FAEB03FEB04-FOLLOWER: accept PRE_VOTE from 2ad521b7-7a63-459b-9c84-f917bba20586: our priority 0 <= candidate's priority 1
2025-10-22 08:23:45,832 [grpc-default-executor-3] INFO  server.RaftServer$Division (RaftServerImpl.java:requestVote(1455)) - cb442068-6d75-4200-81e8-5fb60de94381@group-7FAEB03FEB04 replies to PRE_VOTE vote request: 2ad521b7-7a63-459b-9c84-f917bba20586<-cb442068-6d75-4200-81e8-5fb60de94381#0:OK-t0-last:<INITIAL_VALUE>. Peer's state: cb442068-6d75-4200-81e8-5fb60de94381@group-7FAEB03FEB04:t0, leader=null, voted=, raftlog=Memoized:cb442068-6d75-4200-81e8-5fb60de94381@group-7FAEB03FEB04-SegmentedRaftLog:OPENED:c-1:lastnull, conf=conf: {index: -1, cur=peers:[cb442068-6d75-4200-81e8-5fb60de94381|127.0.0.1:15047, 2ad521b7-7a63-459b-9c84-f917bba20586|127.0.0.1:15039, 6d4f7871-438f-445e-bbd0-5ca0ba9a1086|127.0.0.1:15055]|listeners:[], old=null}
2025-10-22 08:23:45,834 [2ad521b7-7a63-459b-9c84-f917bba20586@group-7FAEB03FEB04-LeaderElection12] INFO  impl.LeaderElection (LeaderElection.java:askForVotes(448)) - 2ad521b7-7a63-459b-9c84-f917bba20586@group-7FAEB03FEB04-LeaderElection12 ELECTION round 0: submit vote requests at term 1 for conf: {index: -1, cur=peers:[cb442068-6d75-4200-81e8-5fb60de94381|127.0.0.1:15047, 2ad521b7-7a63-459b-9c84-f917bba20586|127.0.0.1:15039, 6d4f7871-438f-445e-bbd0-5ca0ba9a1086|127.0.0.1:15055]|listeners:[], old=null}
2025-10-22 08:23:45,841 [grpc-default-executor-5] INFO  server.RaftServer$Division (RaftServerImpl.java:requestVote(1421)) - 6d4f7871-438f-445e-bbd0-5ca0ba9a1086@group-7FAEB03FEB04: receive requestVote(ELECTION, 2ad521b7-7a63-459b-9c84-f917bba20586, group-7FAEB03FEB04, 1, <PROTO_DEFAULT>)
2025-10-22 08:23:45,841 [grpc-default-executor-5] INFO  impl.VoteContext (VoteContext.java:log(49)) - 6d4f7871-438f-445e-bbd0-5ca0ba9a1086@group-7FAEB03FEB04-FOLLOWER: accept ELECTION from 2ad521b7-7a63-459b-9c84-f917bba20586: our priority 0 <= candidate's priority 1
2025-10-22 08:23:45,842 [grpc-default-executor-5] INFO  server.RaftServer$Division (RaftServerImpl.java:setRole(392)) - 6d4f7871-438f-445e-bbd0-5ca0ba9a1086@group-7FAEB03FEB04: changes role from  FOLLOWER to FOLLOWER at term 0 for candidate:2ad521b7-7a63-459b-9c84-f917bba20586
2025-10-22 08:23:45,842 [grpc-default-executor-5] INFO  impl.RoleInfo (RoleInfo.java:shutdownFollowerState(121)) - 6d4f7871-438f-445e-bbd0-5ca0ba9a1086: shutdown 6d4f7871-438f-445e-bbd0-5ca0ba9a1086@group-7FAEB03FEB04-FollowerState
2025-10-22 08:23:45,842 [grpc-default-executor-5] INFO  impl.RoleInfo (RoleInfo.java:updateAndGet(148)) - 6d4f7871-438f-445e-bbd0-5ca0ba9a1086: start 6d4f7871-438f-445e-bbd0-5ca0ba9a1086@group-7FAEB03FEB04-FollowerState
2025-10-22 08:23:45,843 [grpc-default-executor-5] INFO  server.RaftServer$Division (RaftServerImpl.java:setFirstElection(576)) - 6d4f7871-438f-445e-bbd0-5ca0ba9a1086@group-7FAEB03FEB04: set firstElectionSinceStartup to false for candidate:2ad521b7-7a63-459b-9c84-f917bba20586
2025-10-22 08:23:45,841 [grpc-default-executor-3] INFO  server.RaftServer$Division (RaftServerImpl.java:requestVote(1421)) - cb442068-6d75-4200-81e8-5fb60de94381@group-7FAEB03FEB04: receive requestVote(ELECTION, 2ad521b7-7a63-459b-9c84-f917bba20586, group-7FAEB03FEB04, 1, <PROTO_DEFAULT>)
2025-10-22 08:23:45,842 [6d4f7871-438f-445e-bbd0-5ca0ba9a1086@group-7FAEB03FEB04-FollowerState] INFO  impl.FollowerState (FollowerState.java:runImpl(170)) - 6d4f7871-438f-445e-bbd0-5ca0ba9a1086@group-7FAEB03FEB04-FollowerState was interrupted
2025-10-22 08:23:45,844 [grpc-default-executor-3] INFO  impl.VoteContext (VoteContext.java:log(49)) - cb442068-6d75-4200-81e8-5fb60de94381@group-7FAEB03FEB04-FOLLOWER: accept ELECTION from 2ad521b7-7a63-459b-9c84-f917bba20586: our priority 0 <= candidate's priority 1
2025-10-22 08:23:45,844 [grpc-default-executor-3] INFO  server.RaftServer$Division (RaftServerImpl.java:setRole(392)) - cb442068-6d75-4200-81e8-5fb60de94381@group-7FAEB03FEB04: changes role from  FOLLOWER to FOLLOWER at term 0 for candidate:2ad521b7-7a63-459b-9c84-f917bba20586
2025-10-22 08:23:45,844 [grpc-default-executor-3] INFO  impl.RoleInfo (RoleInfo.java:shutdownFollowerState(121)) - cb442068-6d75-4200-81e8-5fb60de94381: shutdown cb442068-6d75-4200-81e8-5fb60de94381@group-7FAEB03FEB04-FollowerState
2025-10-22 08:23:45,844 [cb442068-6d75-4200-81e8-5fb60de94381@group-7FAEB03FEB04-FollowerState] INFO  impl.FollowerState (FollowerState.java:runImpl(170)) - cb442068-6d75-4200-81e8-5fb60de94381@group-7FAEB03FEB04-FollowerState was interrupted
2025-10-22 08:23:45,845 [grpc-default-executor-3] INFO  impl.RoleInfo (RoleInfo.java:updateAndGet(148)) - cb442068-6d75-4200-81e8-5fb60de94381: start cb442068-6d75-4200-81e8-5fb60de94381@group-7FAEB03FEB04-FollowerState
2025-10-22 08:23:45,845 [grpc-default-executor-5] INFO  server.RaftServer$Division (RaftServerImpl.java:requestVote(1455)) - 6d4f7871-438f-445e-bbd0-5ca0ba9a1086@group-7FAEB03FEB04 replies to ELECTION vote request: 2ad521b7-7a63-459b-9c84-f917bba20586<-6d4f7871-438f-445e-bbd0-5ca0ba9a1086#0:OK-t1-last:<INITIAL_VALUE>. Peer's state: 6d4f7871-438f-445e-bbd0-5ca0ba9a1086@group-7FAEB03FEB04:t1, leader=null, voted=2ad521b7-7a63-459b-9c84-f917bba20586, raftlog=Memoized:6d4f7871-438f-445e-bbd0-5ca0ba9a1086@group-7FAEB03FEB04-SegmentedRaftLog:OPENED:c-1:lastnull, conf=conf: {index: -1, cur=peers:[cb442068-6d75-4200-81e8-5fb60de94381|127.0.0.1:15047, 2ad521b7-7a63-459b-9c84-f917bba20586|127.0.0.1:15039, 6d4f7871-438f-445e-bbd0-5ca0ba9a1086|127.0.0.1:15055]|listeners:[], old=null}
2025-10-22 08:23:45,849 [grpc-default-executor-3] INFO  server.RaftServer$Division (RaftServerImpl.java:requestVote(1455)) - cb442068-6d75-4200-81e8-5fb60de94381@group-7FAEB03FEB04 replies to ELECTION vote request: 2ad521b7-7a63-459b-9c84-f917bba20586<-cb442068-6d75-4200-81e8-5fb60de94381#0:OK-t1-last:<INITIAL_VALUE>. Peer's state: cb442068-6d75-4200-81e8-5fb60de94381@group-7FAEB03FEB04:t1, leader=null, voted=2ad521b7-7a63-459b-9c84-f917bba20586, raftlog=Memoized:cb442068-6d75-4200-81e8-5fb60de94381@group-7FAEB03FEB04-SegmentedRaftLog:OPENED:c-1:lastnull, conf=conf: {index: -1, cur=peers:[cb442068-6d75-4200-81e8-5fb60de94381|127.0.0.1:15047, 2ad521b7-7a63-459b-9c84-f917bba20586|127.0.0.1:15039, 6d4f7871-438f-445e-bbd0-5ca0ba9a1086|127.0.0.1:15055]|listeners:[], old=null}
2025-10-22 08:23:45,852 [2ad521b7-7a63-459b-9c84-f917bba20586@group-7FAEB03FEB04-LeaderElection12] INFO  impl.LeaderElection (LeaderElection.java:logAndReturn(206)) - 2ad521b7-7a63-459b-9c84-f917bba20586@group-7FAEB03FEB04-LeaderElection12: ELECTION PASSED received 1 response(s) and 0 exception(s):
2025-10-22 08:23:45,853 [2ad521b7-7a63-459b-9c84-f917bba20586@group-7FAEB03FEB04-LeaderElection12] INFO  impl.LeaderElection (LeaderElection.java:logAndReturn(210)) -   Response 0: 2ad521b7-7a63-459b-9c84-f917bba20586<-6d4f7871-438f-445e-bbd0-5ca0ba9a1086#0:OK-t1-last:<INITIAL_VALUE>
2025-10-22 08:23:45,853 [2ad521b7-7a63-459b-9c84-f917bba20586@group-7FAEB03FEB04-LeaderElection12] INFO  impl.LeaderElection (LeaderElection.java:askForVotes(450)) - 2ad521b7-7a63-459b-9c84-f917bba20586@group-7FAEB03FEB04-LeaderElection12 ELECTION round 0: result PASSED
2025-10-22 08:23:45,853 [2ad521b7-7a63-459b-9c84-f917bba20586@group-7FAEB03FEB04-LeaderElection12] INFO  impl.RoleInfo (RoleInfo.java:shutdownLeaderElection(141)) - 2ad521b7-7a63-459b-9c84-f917bba20586: shutdown 2ad521b7-7a63-459b-9c84-f917bba20586@group-7FAEB03FEB04-LeaderElection12
2025-10-22 08:23:45,854 [2ad521b7-7a63-459b-9c84-f917bba20586@group-7FAEB03FEB04-LeaderElection12] INFO  server.RaftServer$Division (RaftServerImpl.java:setRole(392)) - 2ad521b7-7a63-459b-9c84-f917bba20586@group-7FAEB03FEB04: changes role from CANDIDATE to LEADER at term 1 for changeToLeader
2025-10-22 08:23:45,854 [2ad521b7-7a63-459b-9c84-f917bba20586@group-7FAEB03FEB04-LeaderElection12] INFO  server.RaftServerConfigKeys (ConfUtils.java:logFallback(69)) - raft.server.staging.timeout = 3600ms (fallback to raft.server.rpc.timeout.max)
2025-10-22 08:23:45,855 [2ad521b7-7a63-459b-9c84-f917bba20586@group-7FAEB03FEB04-LeaderElection12] INFO  server.RaftServerConfigKeys (ConfUtils.java:logGet(62)) - raft.server.write.byte-limit = 1024 M (=1073741824) (custom)
2025-10-22 08:23:45,857 [2ad521b7-7a63-459b-9c84-f917bba20586@group-7FAEB03FEB04-LeaderElection12] INFO  server.RaftServerConfigKeys (ConfUtils.java:logGet(62)) - raft.server.log.appender.buffer.byte-limit = 33554432 (custom)
2025-10-22 08:23:45,863 [2ad521b7-7a63-459b-9c84-f917bba20586@group-7FAEB03FEB04-LeaderElection12] INFO  server.RaftServerConfigKeys (ConfUtils.java:logGet(62)) - raft.server.log.appender.buffer.byte-limit = 33554432 (custom)
2025-10-22 08:23:45,867 [2ad521b7-7a63-459b-9c84-f917bba20586@group-7FAEB03FEB04-LeaderElection12] INFO  impl.RoleInfo (RoleInfo.java:updateAndGet(148)) - 2ad521b7-7a63-459b-9c84-f917bba20586: start 2ad521b7-7a63-459b-9c84-f917bba20586@group-7FAEB03FEB04-LeaderStateImpl
2025-10-22 08:23:45,868 [2ad521b7-7a63-459b-9c84-f917bba20586@group-7FAEB03FEB04-LeaderElection12] INFO  server.RaftServer$Division (RaftServerImpl.java:setFirstElection(576)) - 2ad521b7-7a63-459b-9c84-f917bba20586@group-7FAEB03FEB04: set firstElectionSinceStartup to false for becomeLeader
2025-10-22 08:23:45,868 [2ad521b7-7a63-459b-9c84-f917bba20586@group-7FAEB03FEB04-LeaderElection12] INFO  ratis.XceiverServerRatis (XceiverServerRatis.java:handleLeaderChangedNotification(940)) - Leader change notification received for group: group-7FAEB03FEB04 with new leaderId: 2ad521b7-7a63-459b-9c84-f917bba20586
2025-10-22 08:23:45,869 [2ad521b7-7a63-459b-9c84-f917bba20586@group-7FAEB03FEB04-LeaderElection12] INFO  server.RaftServer$Division (ServerState.java:setLeader(272)) - 2ad521b7-7a63-459b-9c84-f917bba20586@group-7FAEB03FEB04: change Leader from null to 2ad521b7-7a63-459b-9c84-f917bba20586 at term 1 for becomeLeader, leader elected after 1271ms
2025-10-22 08:23:45,870 [2ad521b7-7a63-459b-9c84-f917bba20586@group-7FAEB03FEB04-LeaderElection12] INFO  segmented.SegmentedRaftLogWorker (SegmentedRaftLogWorker.java:startLogSegment(440)) - 2ad521b7-7a63-459b-9c84-f917bba20586@group-7FAEB03FEB04-SegmentedRaftLogWorker: Starting segment from index:0
2025-10-22 08:23:45,872 [2ad521b7-7a63-459b-9c84-f917bba20586@group-7FAEB03FEB04-LeaderElection12] INFO  server.RaftServer$Division (ServerState.java:setRaftConf(386)) - 2ad521b7-7a63-459b-9c84-f917bba20586@group-7FAEB03FEB04: set configuration conf: {index: 0, cur=peers:[cb442068-6d75-4200-81e8-5fb60de94381|127.0.0.1:15047, 2ad521b7-7a63-459b-9c84-f917bba20586|127.0.0.1:15039, 6d4f7871-438f-445e-bbd0-5ca0ba9a1086|127.0.0.1:15055]|listeners:[], old=null}
2025-10-22 08:23:45,874 [2ad521b7-7a63-459b-9c84-f917bba20586@group-7FAEB03FEB04-SegmentedRaftLogWorker] INFO  segmented.BufferedWriteChannel (BufferedWriteChannel.java:open(61)) - open log_inprogress_0 at position 0
2025-10-22 08:23:45,885 [EventQueue-PipelineReportForPipelineReportHandler] INFO  pipeline.PipelineReportHandler (PipelineReportHandler.java:processPipelineReport(132)) - Opened pipeline Pipeline-fe9dd386-adf3-4bbb-9fa5-7faeb03feb04
2025-10-22 08:23:45,893 [grpc-default-executor-1] WARN  server.GrpcServerProtocolService (LogUtils.java:warn(127)) - 4d8a2798-959e-416b-b534-19c13b55a760: APPEND_ENTRIES onError, lastRequest: 1c036820-4dbe-4abe-80fb-5ca88de5e2f0->4d8a2798-959e-416b-b534-19c13b55a760#1-t1,previous=<PROTO_DEFAULT>,leaderCommit=-1,initializing? false,entries: size=1, first=(t:1, i:0), CONFIGURATIONENTRY(current:id:"4d8a2798-959e-416b-b534-19c13b55a760"address:"127.0.0.1:15023"dataStreamAddress:"127.0.0.1:15024"clientAddress:"127.0.0.1:15021"adminAddress:"127.0.0.1:15022"startupRole:FOLLOWER, id:"1c036820-4dbe-4abe-80fb-5ca88de5e2f0"address:"127.0.0.1:15015"priority:1dataStreamAddress:"127.0.0.1:15016"clientAddress:"127.0.0.1:15013"adminAddress:"127.0.0.1:15014"startupRole:FOLLOWER, id:"40df8fc4-149d-40c0-897d-2844034d8141"address:"127.0.0.1:15031"dataStreamAddress:"127.0.0.1:15032"clientAddress:"127.0.0.1:15029"adminAddress:"127.0.0.1:15030"startupRole:FOLLOWER, old:): org.apache.ratis.thirdparty.io.grpc.StatusRuntimeException: CANCELLED: client cancelled
2025-10-22 08:23:45,895 [4d8a2798-959e-416b-b534-19c13b55a760@group-5E2F154B5BDB-StateMachineUpdater] INFO  ratis.ContainerStateMachine (ContainerStateMachine.java:takeSnapshot(436)) - group-5E2F154B5BDB: Finished taking a snapshot at:(t:1, i:0) file:/home/runner/work/ozone/ozone/hadoop-ozone/integration-test/target/test-dir/MiniOzoneClusterImpl-a412b9f6-7d8b-4de3-a85c-9946bceaa3a0/ozone-metadata/datanode-2/ratis/991bfa6b-f7e5-4a03-b9a5-5e2f154b5bdb/sm/snapshot.1_0 took: 150 ms
2025-10-22 08:23:45,897 [4d8a2798-959e-416b-b534-19c13b55a760@group-C080F8B16968-StateMachineUpdater] INFO  ratis.ContainerStateMachine (ContainerStateMachine.java:takeSnapshot(436)) - group-C080F8B16968: Finished taking a snapshot at:(t:1, i:0) file:/home/runner/work/ozone/ozone/hadoop-ozone/integration-test/target/test-dir/MiniOzoneClusterImpl-a412b9f6-7d8b-4de3-a85c-9946bceaa3a0/ozone-metadata/datanode-2/ratis/0ab6beb1-ecd4-4a22-8092-c080f8b16968/sm/snapshot.1_0 took: 156 ms
2025-10-22 08:23:45,898 [grpc-default-executor-1] INFO  ratis.XceiverServerRatis (XceiverServerRatis.java:handleLeaderChangedNotification(940)) - Leader change notification received for group: group-7FAEB03FEB04 with new leaderId: 2ad521b7-7a63-459b-9c84-f917bba20586
2025-10-22 08:23:45,898 [grpc-default-executor-1] INFO  server.RaftServer$Division (ServerState.java:setLeader(272)) - cb442068-6d75-4200-81e8-5fb60de94381@group-7FAEB03FEB04: change Leader from null to 2ad521b7-7a63-459b-9c84-f917bba20586 at term 1 for appendEntries, leader elected after 1272ms
2025-10-22 08:23:45,903 [2ad521b7-7a63-459b-9c84-f917bba20586@group-7FAEB03FEB04-SegmentedRaftLogWorker] INFO  segmented.SegmentedRaftLogWorker (SegmentedRaftLogWorker.java:execute(647)) - 2ad521b7-7a63-459b-9c84-f917bba20586@group-7FAEB03FEB04-SegmentedRaftLogWorker: created new log segment /home/runner/work/ozone/ozone/hadoop-ozone/integration-test/target/test-dir/MiniOzoneClusterImpl-a412b9f6-7d8b-4de3-a85c-9946bceaa3a0/ozone-metadata/datanode-4/ratis/fe9dd386-adf3-4bbb-9fa5-7faeb03feb04/current/log_inprogress_0
2025-10-22 08:23:45,904 [4d8a2798-959e-416b-b534-19c13b55a760@group-5E2F154B5BDB-StateMachineUpdater] INFO  impl.StateMachineUpdater (StateMachineUpdater.java:takeSnapshot(307)) - 4d8a2798-959e-416b-b534-19c13b55a760@group-5E2F154B5BDB-StateMachineUpdater: Took a snapshot at index 0
2025-10-22 08:23:45,904 [4d8a2798-959e-416b-b534-19c13b55a760@group-5E2F154B5BDB-StateMachineUpdater] INFO  impl.StateMachineUpdater (StateMachineUpdater.java:lambda$new$0(101)) - 4d8a2798-959e-416b-b534-19c13b55a760@group-5E2F154B5BDB-StateMachineUpdater: snapshotIndex: updateIncreasingly -1 -> 0
2025-10-22 08:23:45,904 [4d8a2798-959e-416b-b534-19c13b55a760@group-5E2F154B5BDB-StateMachineUpdater] INFO  impl.StateMachineUpdater (StateMachineUpdater.java:stop(140)) - 4d8a2798-959e-416b-b534-19c13b55a760@group-5E2F154B5BDB-StateMachineUpdater: closing ContainerStateMachine, lastApplied=(t:1, i:0)
2025-10-22 08:23:45,905 [4d8a2798-959e-416b-b534-19c13b55a760@group-5E2F154B5BDB-cacheEviction-AwaitToRun] INFO  util.AwaitToRun (AwaitToRun.java:run(49)) - 4d8a2798-959e-416b-b534-19c13b55a760@group-5E2F154B5BDB-cacheEviction-AwaitToRun-AwaitForSignal is interrupted
2025-10-22 08:23:45,905 [4d8a2798-959e-416b-b534-19c13b55a760@group-C080F8B16968-StateMachineUpdater] INFO  impl.StateMachineUpdater (StateMachineUpdater.java:takeSnapshot(307)) - 4d8a2798-959e-416b-b534-19c13b55a760@group-C080F8B16968-StateMachineUpdater: Took a snapshot at index 0
2025-10-22 08:23:45,906 [4d8a2798-959e-416b-b534-19c13b55a760@group-C080F8B16968-StateMachineUpdater] INFO  impl.StateMachineUpdater (StateMachineUpdater.java:lambda$new$0(101)) - 4d8a2798-959e-416b-b534-19c13b55a760@group-C080F8B16968-StateMachineUpdater: snapshotIndex: updateIncreasingly -1 -> 0
2025-10-22 08:23:45,907 [4d8a2798-959e-416b-b534-19c13b55a760@group-C080F8B16968-StateMachineUpdater] INFO  impl.StateMachineUpdater (StateMachineUpdater.java:stop(140)) - 4d8a2798-959e-416b-b534-19c13b55a760@group-C080F8B16968-StateMachineUpdater: closing ContainerStateMachine, lastApplied=(t:1, i:0)
2025-10-22 08:23:45,907 [4d8a2798-959e-416b-b534-19c13b55a760@group-C080F8B16968-cacheEviction-AwaitToRun] INFO  util.AwaitToRun (AwaitToRun.java:run(49)) - 4d8a2798-959e-416b-b534-19c13b55a760@group-C080F8B16968-cacheEviction-AwaitToRun-AwaitForSignal is interrupted
2025-10-22 08:23:45,910 [grpc-default-executor-5] INFO  server.RaftServer$Division (ServerState.java:setRaftConf(386)) - cb442068-6d75-4200-81e8-5fb60de94381@group-7FAEB03FEB04: set configuration conf: {index: 0, cur=peers:[cb442068-6d75-4200-81e8-5fb60de94381|127.0.0.1:15047, 2ad521b7-7a63-459b-9c84-f917bba20586|127.0.0.1:15039, 6d4f7871-438f-445e-bbd0-5ca0ba9a1086|127.0.0.1:15055]|listeners:[], old=null}
2025-10-22 08:23:45,912 [grpc-default-executor-5] INFO  segmented.SegmentedRaftLogWorker (SegmentedRaftLogWorker.java:startLogSegment(440)) - cb442068-6d75-4200-81e8-5fb60de94381@group-7FAEB03FEB04-SegmentedRaftLogWorker: Starting segment from index:0
2025-10-22 08:23:45,912 [cb442068-6d75-4200-81e8-5fb60de94381@group-7FAEB03FEB04-SegmentedRaftLogWorker] INFO  segmented.BufferedWriteChannel (BufferedWriteChannel.java:open(61)) - open log_inprogress_0 at position 0
2025-10-22 08:23:45,915 [grpc-default-executor-2] INFO  ratis.XceiverServerRatis (XceiverServerRatis.java:handleLeaderChangedNotification(940)) - Leader change notification received for group: group-7FAEB03FEB04 with new leaderId: 2ad521b7-7a63-459b-9c84-f917bba20586
2025-10-22 08:23:45,915 [grpc-default-executor-2] INFO  server.RaftServer$Division (ServerState.java:setLeader(272)) - 6d4f7871-438f-445e-bbd0-5ca0ba9a1086@group-7FAEB03FEB04: change Leader from null to 2ad521b7-7a63-459b-9c84-f917bba20586 at term 1 for appendEntries, leader elected after 1253ms
2025-10-22 08:23:45,915 [4d8a2798-959e-416b-b534-19c13b55a760@group-C626CE820278-StateMachineUpdater] INFO  ratis.ContainerStateMachine (ContainerStateMachine.java:takeSnapshot(436)) - group-C626CE820278: Finished taking a snapshot at:(t:1, i:2) file:/home/runner/work/ozone/ozone/hadoop-ozone/integration-test/target/test-dir/MiniOzoneClusterImpl-a412b9f6-7d8b-4de3-a85c-9946bceaa3a0/ozone-metadata/datanode-2/ratis/28d7a56f-ff21-46bd-bc35-c626ce820278/sm/snapshot.1_2 took: 181 ms
2025-10-22 08:23:45,916 [4d8a2798-959e-416b-b534-19c13b55a760@group-C626CE820278-StateMachineUpdater] INFO  impl.StateMachineUpdater (StateMachineUpdater.java:takeSnapshot(307)) - 4d8a2798-959e-416b-b534-19c13b55a760@group-C626CE820278-StateMachineUpdater: Took a snapshot at index 2
2025-10-22 08:23:45,916 [4d8a2798-959e-416b-b534-19c13b55a760@group-C626CE820278-StateMachineUpdater] INFO  impl.StateMachineUpdater (StateMachineUpdater.java:lambda$new$0(101)) - 4d8a2798-959e-416b-b534-19c13b55a760@group-C626CE820278-StateMachineUpdater: snapshotIndex: updateIncreasingly -1 -> 2
2025-10-22 08:23:45,916 [4d8a2798-959e-416b-b534-19c13b55a760@group-C626CE820278-StateMachineUpdater] INFO  impl.StateMachineUpdater (StateMachineUpdater.java:stop(140)) - 4d8a2798-959e-416b-b534-19c13b55a760@group-C626CE820278-StateMachineUpdater: closing ContainerStateMachine, lastApplied=(t:1, i:2)
2025-10-22 08:23:45,917 [4d8a2798-959e-416b-b534-19c13b55a760@group-C626CE820278-cacheEviction-AwaitToRun] INFO  util.AwaitToRun (AwaitToRun.java:run(49)) - 4d8a2798-959e-416b-b534-19c13b55a760@group-C626CE820278-cacheEviction-AwaitToRun-AwaitForSignal is interrupted
2025-10-22 08:23:45,917 [grpc-default-executor-5] INFO  server.RaftServer$Division (ServerState.java:setRaftConf(386)) - 6d4f7871-438f-445e-bbd0-5ca0ba9a1086@group-7FAEB03FEB04: set configuration conf: {index: 0, cur=peers:[cb442068-6d75-4200-81e8-5fb60de94381|127.0.0.1:15047, 2ad521b7-7a63-459b-9c84-f917bba20586|127.0.0.1:15039, 6d4f7871-438f-445e-bbd0-5ca0ba9a1086|127.0.0.1:15055]|listeners:[], old=null}
2025-10-22 08:23:45,917 [grpc-default-executor-5] INFO  segmented.SegmentedRaftLogWorker (SegmentedRaftLogWorker.java:startLogSegment(440)) - 6d4f7871-438f-445e-bbd0-5ca0ba9a1086@group-7FAEB03FEB04-SegmentedRaftLogWorker: Starting segment from index:0
2025-10-22 08:23:45,917 [6d4f7871-438f-445e-bbd0-5ca0ba9a1086@group-7FAEB03FEB04-SegmentedRaftLogWorker] INFO  segmented.BufferedWriteChannel (BufferedWriteChannel.java:open(61)) - open log_inprogress_0 at position 0
2025-10-22 08:23:45,920 [cb442068-6d75-4200-81e8-5fb60de94381@group-0A6126AAA164-FollowerState] INFO  impl.FollowerState (FollowerState.java:runImpl(161)) - cb442068-6d75-4200-81e8-5fb60de94381@group-0A6126AAA164-FollowerState: change to CANDIDATE, lastRpcElapsedTime:1143360537ns, electionTimeout:1140ms
2025-10-22 08:23:45,920 [cb442068-6d75-4200-81e8-5fb60de94381@group-0A6126AAA164-FollowerState] INFO  impl.RoleInfo (RoleInfo.java:shutdownFollowerState(121)) - cb442068-6d75-4200-81e8-5fb60de94381: shutdown cb442068-6d75-4200-81e8-5fb60de94381@group-0A6126AAA164-FollowerState
2025-10-22 08:23:45,920 [cb442068-6d75-4200-81e8-5fb60de94381@group-0A6126AAA164-FollowerState] INFO  server.RaftServer$Division (RaftServerImpl.java:setRole(392)) - cb442068-6d75-4200-81e8-5fb60de94381@group-0A6126AAA164: changes role from  FOLLOWER to CANDIDATE at term 0 for changeToCandidate
2025-10-22 08:23:45,920 [cb442068-6d75-4200-81e8-5fb60de94381@group-0A6126AAA164-FollowerState] INFO  impl.RoleInfo (RoleInfo.java:updateAndGet(148)) - cb442068-6d75-4200-81e8-5fb60de94381: start cb442068-6d75-4200-81e8-5fb60de94381@group-0A6126AAA164-LeaderElection13
2025-10-22 08:23:45,922 [cb442068-6d75-4200-81e8-5fb60de94381@group-0A6126AAA164-LeaderElection13] INFO  impl.LeaderElection (LeaderElection.java:askForVotes(448)) - cb442068-6d75-4200-81e8-5fb60de94381@group-0A6126AAA164-LeaderElection13 PRE_VOTE round 0: submit vote requests at term 0 for conf: {index: -1, cur=peers:[cb442068-6d75-4200-81e8-5fb60de94381|127.0.0.1:15047]|listeners:[], old=null}
2025-10-22 08:23:45,922 [cb442068-6d75-4200-81e8-5fb60de94381@group-0A6126AAA164-LeaderElection13] INFO  impl.LeaderElection (LeaderElection.java:askForVotes(450)) - cb442068-6d75-4200-81e8-5fb60de94381@group-0A6126AAA164-LeaderElection13 PRE_VOTE round 0: result PASSED (term=0)
2025-10-22 08:23:45,926 [cb442068-6d75-4200-81e8-5fb60de94381@group-7FAEB03FEB04-SegmentedRaftLogWorker] INFO  segmented.SegmentedRaftLogWorker (SegmentedRaftLogWorker.java:execute(647)) - cb442068-6d75-4200-81e8-5fb60de94381@group-7FAEB03FEB04-SegmentedRaftLogWorker: created new log segment /home/runner/work/ozone/ozone/hadoop-ozone/integration-test/target/test-dir/MiniOzoneClusterImpl-a412b9f6-7d8b-4de3-a85c-9946bceaa3a0/ozone-metadata/datanode-5/ratis/fe9dd386-adf3-4bbb-9fa5-7faeb03feb04/current/log_inprogress_0
2025-10-22 08:23:45,927 [cb442068-6d75-4200-81e8-5fb60de94381@group-0A6126AAA164-LeaderElection13] INFO  impl.LeaderElection (LeaderElection.java:askForVotes(448)) - cb442068-6d75-4200-81e8-5fb60de94381@group-0A6126AAA164-LeaderElection13 ELECTION round 0: submit vote requests at term 1 for conf: {index: -1, cur=peers:[cb442068-6d75-4200-81e8-5fb60de94381|127.0.0.1:15047]|listeners:[], old=null}
2025-10-22 08:23:45,927 [cb442068-6d75-4200-81e8-5fb60de94381@group-0A6126AAA164-LeaderElection13] INFO  impl.LeaderElection (LeaderElection.java:askForVotes(450)) - cb442068-6d75-4200-81e8-5fb60de94381@group-0A6126AAA164-LeaderElection13 ELECTION round 0: result PASSED (term=1)
2025-10-22 08:23:45,927 [cb442068-6d75-4200-81e8-5fb60de94381@group-0A6126AAA164-LeaderElection13] INFO  impl.RoleInfo (RoleInfo.java:shutdownLeaderElection(141)) - cb442068-6d75-4200-81e8-5fb60de94381: shutdown cb442068-6d75-4200-81e8-5fb60de94381@group-0A6126AAA164-LeaderElection13
2025-10-22 08:23:45,927 [cb442068-6d75-4200-81e8-5fb60de94381@group-0A6126AAA164-LeaderElection13] INFO  server.RaftServer$Division (RaftServerImpl.java:setRole(392)) - cb442068-6d75-4200-81e8-5fb60de94381@group-0A6126AAA164: changes role from CANDIDATE to LEADER at term 1 for changeToLeader
2025-10-22 08:23:45,927 [cb442068-6d75-4200-81e8-5fb60de94381@group-0A6126AAA164-LeaderElection13] INFO  server.RaftServerConfigKeys (ConfUtils.java:logFallback(69)) - raft.server.staging.timeout = 3600ms (fallback to raft.server.rpc.timeout.max)
2025-10-22 08:23:45,928 [cb442068-6d75-4200-81e8-5fb60de94381@group-0A6126AAA164-LeaderElection13] INFO  server.RaftServerConfigKeys (ConfUtils.java:logGet(62)) - raft.server.write.byte-limit = 1024 M (=1073741824) (custom)
2025-10-22 08:23:45,928 [6d4f7871-438f-445e-bbd0-5ca0ba9a1086@group-7FAEB03FEB04-SegmentedRaftLogWorker] INFO  segmented.SegmentedRaftLogWorker (SegmentedRaftLogWorker.java:execute(647)) - 6d4f7871-438f-445e-bbd0-5ca0ba9a1086@group-7FAEB03FEB04-SegmentedRaftLogWorker: created new log segment /home/runner/work/ozone/ozone/hadoop-ozone/integration-test/target/test-dir/MiniOzoneClusterImpl-a412b9f6-7d8b-4de3-a85c-9946bceaa3a0/ozone-metadata/datanode-6/ratis/fe9dd386-adf3-4bbb-9fa5-7faeb03feb04/current/log_inprogress_0
2025-10-22 08:23:45,932 [cb442068-6d75-4200-81e8-5fb60de94381@group-0A6126AAA164-LeaderElection13] INFO  impl.RoleInfo (RoleInfo.java:updateAndGet(148)) - cb442068-6d75-4200-81e8-5fb60de94381: start cb442068-6d75-4200-81e8-5fb60de94381@group-0A6126AAA164-LeaderStateImpl
2025-10-22 08:23:45,932 [cb442068-6d75-4200-81e8-5fb60de94381@group-0A6126AAA164-LeaderElection13] INFO  server.RaftServer$Division (RaftServerImpl.java:setFirstElection(576)) - cb442068-6d75-4200-81e8-5fb60de94381@group-0A6126AAA164: set firstElectionSinceStartup to false for becomeLeader
2025-10-22 08:23:45,932 [cb442068-6d75-4200-81e8-5fb60de94381@group-0A6126AAA164-LeaderElection13] INFO  ratis.XceiverServerRatis (XceiverServerRatis.java:handleLeaderChangedNotification(940)) - Leader change notification received for group: group-0A6126AAA164 with new leaderId: cb442068-6d75-4200-81e8-5fb60de94381
2025-10-22 08:23:45,932 [cb442068-6d75-4200-81e8-5fb60de94381@group-0A6126AAA164-LeaderElection13] INFO  server.RaftServer$Division (ServerState.java:setLeader(272)) - cb442068-6d75-4200-81e8-5fb60de94381@group-0A6126AAA164: change Leader from null to cb442068-6d75-4200-81e8-5fb60de94381 at term 1 for becomeLeader, leader elected after 1178ms
2025-10-22 08:23:45,932 [cb442068-6d75-4200-81e8-5fb60de94381@group-0A6126AAA164-LeaderElection13] INFO  segmented.SegmentedRaftLogWorker (SegmentedRaftLogWorker.java:startLogSegment(440)) - cb442068-6d75-4200-81e8-5fb60de94381@group-0A6126AAA164-SegmentedRaftLogWorker: Starting segment from index:0
2025-10-22 08:23:45,933 [cb442068-6d75-4200-81e8-5fb60de94381@group-0A6126AAA164-LeaderElection13] INFO  server.RaftServer$Division (ServerState.java:setRaftConf(386)) - cb442068-6d75-4200-81e8-5fb60de94381@group-0A6126AAA164: set configuration conf: {index: 0, cur=peers:[cb442068-6d75-4200-81e8-5fb60de94381|127.0.0.1:15047]|listeners:[], old=null}
2025-10-22 08:23:45,933 [2ad521b7-7a63-459b-9c84-f917bba20586@group-7FAEB03FEB04-StateMachineUpdater] INFO  server.RaftServer$Division (LeaderStateImpl.java:checkStartIndex(309)) - Leader 2ad521b7-7a63-459b-9c84-f917bba20586@group-7FAEB03FEB04-LeaderStateImpl is ready since appliedIndex == startIndex == 0
2025-10-22 08:23:45,934 [cb442068-6d75-4200-81e8-5fb60de94381@group-0A6126AAA164-SegmentedRaftLogWorker] INFO  segmented.BufferedWriteChannel (BufferedWriteChannel.java:open(61)) - open log_inprogress_0 at position 0
2025-10-22 08:23:45,941 [cb442068-6d75-4200-81e8-5fb60de94381@group-0A6126AAA164-SegmentedRaftLogWorker] INFO  segmented.SegmentedRaftLogWorker (SegmentedRaftLogWorker.java:execute(647)) - cb442068-6d75-4200-81e8-5fb60de94381@group-0A6126AAA164-SegmentedRaftLogWorker: created new log segment /home/runner/work/ozone/ozone/hadoop-ozone/integration-test/target/test-dir/MiniOzoneClusterImpl-a412b9f6-7d8b-4de3-a85c-9946bceaa3a0/ozone-metadata/datanode-5/ratis/9b3d21a4-40a4-4dd4-875b-0a6126aaa164/current/log_inprogress_0
2025-10-22 08:23:45,943 [cb442068-6d75-4200-81e8-5fb60de94381@group-0A6126AAA164-StateMachineUpdater] INFO  server.RaftServer$Division (LeaderStateImpl.java:checkStartIndex(309)) - Leader cb442068-6d75-4200-81e8-5fb60de94381@group-0A6126AAA164-LeaderStateImpl is ready since appliedIndex == startIndex == 0
2025-10-22 08:23:45,999 [6bbeb254-bd49-477b-9af9-73d700af6bb4-CreatePipelineCommandHandlerThread-0] INFO  server.RaftServer (RaftServerProxy.java:addNew(105)) - 6bbeb254-bd49-477b-9af9-73d700af6bb4: addNew group-C732D0D22CC3:[6bbeb254-bd49-477b-9af9-73d700af6bb4|127.0.0.1:15087] returns group-C732D0D22CC3:java.util.concurrent.CompletableFuture@395d928e[Not completed]
2025-10-22 08:23:46,001 [6bbeb254-bd49-477b-9af9-73d700af6bb4-groupManagement] INFO  server.RaftServer$Division (RaftServerImpl.java:<init>(268)) - 6bbeb254-bd49-477b-9af9-73d700af6bb4: new RaftServerImpl for group-C732D0D22CC3:[6bbeb254-bd49-477b-9af9-73d700af6bb4|127.0.0.1:15087] with ContainerStateMachine:uninitialized
2025-10-22 08:23:46,001 [6bbeb254-bd49-477b-9af9-73d700af6bb4-groupManagement] INFO  server.RaftServer$Division (ServerState.java:<init>(114)) - 6bbeb254-bd49-477b-9af9-73d700af6bb4@group-C732D0D22CC3: ConfigurationManager, init=conf: {index: -1, cur=peers:[6bbeb254-bd49-477b-9af9-73d700af6bb4|127.0.0.1:15087]|listeners:[], old=null}, confs=<EMPTY_MAP>
2025-10-22 08:23:46,002 [4d8a2798-959e-416b-b534-19c13b55a760-impl-thread1] INFO  segmented.SegmentedRaftLogWorker (SegmentedRaftLogWorker.java:close(254)) - 4d8a2798-959e-416b-b534-19c13b55a760@group-C080F8B16968-SegmentedRaftLogWorker close()
2025-10-22 08:23:46,003 [4d8a2798-959e-416b-b534-19c13b55a760-impl-thread1] INFO  ratis.ContainerStateMachine (ContainerStateMachine.java:notifyServerShutdown(1038)) - group-C080F8B16968 is closed by HddsDatanodeService
2025-10-22 08:23:46,005 [6bbeb254-bd49-477b-9af9-73d700af6bb4-groupManagement] INFO  server.RaftServerConfigKeys (ConfUtils.java:logGet(62)) - raft.server.storage.dir = [/home/runner/work/ozone/ozone/hadoop-ozone/integration-test/target/test-dir/MiniOzoneClusterImpl-a412b9f6-7d8b-4de3-a85c-9946bceaa3a0/ozone-metadata/datanode-10/ratis] (custom)
2025-10-22 08:23:46,005 [6bbeb254-bd49-477b-9af9-73d700af6bb4-groupManagement] INFO  storage.RaftStorageDirectory (RaftStorageDirectoryImpl.java:analyzeStorage(138)) - The storage directory /home/runner/work/ozone/ozone/hadoop-ozone/integration-test/target/test-dir/MiniOzoneClusterImpl-a412b9f6-7d8b-4de3-a85c-9946bceaa3a0/ozone-metadata/datanode-10/ratis/cec2b053-22b6-47ba-8399-c732d0d22cc3 does not exist. Creating ...
2025-10-22 08:23:46,006 [6bbeb254-bd49-477b-9af9-73d700af6bb4-groupManagement] INFO  storage.RaftStorageDirectory (RaftStorageDirectoryImpl.java:tryLock(229)) - Lock on /home/runner/work/ozone/ozone/hadoop-ozone/integration-test/target/test-dir/MiniOzoneClusterImpl-a412b9f6-7d8b-4de3-a85c-9946bceaa3a0/ozone-metadata/datanode-10/ratis/cec2b053-22b6-47ba-8399-c732d0d22cc3/in_use.lock acquired by nodename 57193@localhost
2025-10-22 08:23:46,007 [6bbeb254-bd49-477b-9af9-73d700af6bb4-groupManagement] INFO  storage.RaftStorage (RaftStorageImpl.java:format(98)) - Storage directory /home/runner/work/ozone/ozone/hadoop-ozone/integration-test/target/test-dir/MiniOzoneClusterImpl-a412b9f6-7d8b-4de3-a85c-9946bceaa3a0/ozone-metadata/datanode-10/ratis/cec2b053-22b6-47ba-8399-c732d0d22cc3 has been successfully formatted.
2025-10-22 08:23:46,007 [6bbeb254-bd49-477b-9af9-73d700af6bb4-groupManagement] INFO  ratis.ContainerStateMachine (ContainerStateMachine.java:initialize(339)) - 6bbeb254-bd49-477b-9af9-73d700af6bb4: initialize group-C732D0D22CC3
2025-10-22 08:23:46,007 [6bbeb254-bd49-477b-9af9-73d700af6bb4-groupManagement] INFO  ratis.ContainerStateMachine (ContainerStateMachine.java:loadSnapshot(347)) - group-C732D0D22CC3: The snapshot info is null. Setting the last applied index to:<INITIAL_VALUE>
2025-10-22 08:23:46,007 [6bbeb254-bd49-477b-9af9-73d700af6bb4-groupManagement] INFO  server.RaftServerConfigKeys (ConfUtils.java:logGet(62)) - raft.server.log.appender.buffer.byte-limit = 33554432 (custom)
2025-10-22 08:23:46,009 [6bbeb254-bd49-477b-9af9-73d700af6bb4-groupManagement] INFO  server.RaftServerConfigKeys (ConfUtils.java:logGet(62)) - raft.server.log.segment.size.max = 67108864 (custom)
2025-10-22 08:23:46,010 [6bbeb254-bd49-477b-9af9-73d700af6bb4-groupManagement] INFO  server.RaftServerConfigKeys (ConfUtils.java:logGet(62)) - raft.server.log.appender.buffer.byte-limit = 33554432 (custom)
2025-10-22 08:23:46,010 [6bbeb254-bd49-477b-9af9-73d700af6bb4-groupManagement] INFO  util.AwaitToRun (AwaitToRun.java:start(81)) - Thread[#1485,6bbeb254-bd49-477b-9af9-73d700af6bb4@group-C732D0D22CC3-cacheEviction-AwaitToRun,5,main] started
2025-10-22 08:23:46,010 [6bbeb254-bd49-477b-9af9-73d700af6bb4-groupManagement] INFO  segmented.SegmentedRaftLogWorker (SegmentedRaftLogWorker.java:<init>(190)) - new 6bbeb254-bd49-477b-9af9-73d700af6bb4@group-C732D0D22CC3-SegmentedRaftLogWorker for RaftStorageImpl:Storage Directory /home/runner/work/ozone/ozone/hadoop-ozone/integration-test/target/test-dir/MiniOzoneClusterImpl-a412b9f6-7d8b-4de3-a85c-9946bceaa3a0/ozone-metadata/datanode-10/ratis/cec2b053-22b6-47ba-8399-c732d0d22cc3
2025-10-22 08:23:46,010 [6bbeb254-bd49-477b-9af9-73d700af6bb4-groupManagement] INFO  server.RaftServerConfigKeys (ConfUtils.java:logGet(62)) - raft.server.log.queue.byte-limit = 4294967296 (custom)
2025-10-22 08:23:46,011 [6bbeb254-bd49-477b-9af9-73d700af6bb4-groupManagement] INFO  server.RaftServerConfigKeys (ConfUtils.java:logGet(62)) - raft.server.log.segment.size.max = 67108864 (custom)
2025-10-22 08:23:46,011 [6bbeb254-bd49-477b-9af9-73d700af6bb4-groupManagement] INFO  server.RaftServerConfigKeys (ConfUtils.java:logGet(62)) - raft.server.log.preallocated.size = 4194304 (custom)
2025-10-22 08:23:46,011 [EventQueue-PipelineReportForPipelineReportHandler] INFO  pipeline.PipelineReportHandler (PipelineReportHandler.java:processPipelineReport(132)) - Opened pipeline Pipeline-cec2b053-22b6-47ba-8399-c732d0d22cc3
2025-10-22 08:23:46,011 [6bbeb254-bd49-477b-9af9-73d700af6bb4-groupManagement] INFO  server.RaftServerConfigKeys (ConfUtils.java:logGet(62)) - raft.server.log.write.buffer.size = 33554440 (custom)
2025-10-22 08:23:46,016 [6bbeb254-bd49-477b-9af9-73d700af6bb4-groupManagement] INFO  server.RaftServerConfigKeys (ConfUtils.java:logGet(62)) - raft.server.log.appender.buffer.byte-limit = 33554432 (custom)
2025-10-22 08:23:46,016 [6bbeb254-bd49-477b-9af9-73d700af6bb4-groupManagement] INFO  segmented.SegmentedRaftLogWorker (SegmentedRaftLogWorker.java:lambda$new$0(141)) - 6bbeb254-bd49-477b-9af9-73d700af6bb4@group-C732D0D22CC3-SegmentedRaftLogWorker: flushIndex: setUnconditionally 0 -> -1
2025-10-22 08:23:46,016 [6bbeb254-bd49-477b-9af9-73d700af6bb4-groupManagement] INFO  segmented.SegmentedRaftLogWorker (SegmentedRaftLogWorker.java:lambda$new$0(141)) - 6bbeb254-bd49-477b-9af9-73d700af6bb4@group-C732D0D22CC3-SegmentedRaftLogWorker: safeCacheEvictIndex: setUnconditionally 0 -> -1
2025-10-22 08:23:46,017 [6bbeb254-bd49-477b-9af9-73d700af6bb4-groupManagement] INFO  server.RaftServer$Division (RaftServerImpl.java:start(405)) - 6bbeb254-bd49-477b-9af9-73d700af6bb4@group-C732D0D22CC3: start as a follower, conf=conf: {index: -1, cur=peers:[6bbeb254-bd49-477b-9af9-73d700af6bb4|127.0.0.1:15087]|listeners:[], old=null}
2025-10-22 08:23:46,017 [6bbeb254-bd49-477b-9af9-73d700af6bb4-groupManagement] INFO  server.RaftServer$Division (RaftServerImpl.java:setRole(392)) - 6bbeb254-bd49-477b-9af9-73d700af6bb4@group-C732D0D22CC3: changes role from      null to FOLLOWER at term 0 for startAsFollower
2025-10-22 08:23:46,017 [6bbeb254-bd49-477b-9af9-73d700af6bb4-groupManagement] INFO  impl.RoleInfo (RoleInfo.java:updateAndGet(148)) - 6bbeb254-bd49-477b-9af9-73d700af6bb4: start 6bbeb254-bd49-477b-9af9-73d700af6bb4@group-C732D0D22CC3-FollowerState
2025-10-22 08:23:46,017 [6bbeb254-bd49-477b-9af9-73d700af6bb4-groupManagement] INFO  util.JmxRegister (JmxRegister.java:tryRegister(44)) - Successfully registered JMX Bean with object name Ratis:service=RaftServer,group=group-C732D0D22CC3,id=6bbeb254-bd49-477b-9af9-73d700af6bb4
2025-10-22 08:23:46,017 [6bbeb254-bd49-477b-9af9-73d700af6bb4-groupManagement] INFO  util.JmxRegister (JmxRegister.java:register(58)) - register mxBean class org.apache.ratis.server.impl.RaftServerJmxAdapter as Ratis:service=RaftServer,group=group-C732D0D22CC3,id=6bbeb254-bd49-477b-9af9-73d700af6bb4
2025-10-22 08:23:46,018 [6bbeb254-bd49-477b-9af9-73d700af6bb4-groupManagement] INFO  server.RaftServer$Division (RaftServerImpl.java:start(419)) - 6bbeb254-bd49-477b-9af9-73d700af6bb4@group-C732D0D22CC3: Successfully started.
2025-10-22 08:23:46,018 [6bbeb254-bd49-477b-9af9-73d700af6bb4-CreatePipelineCommandHandlerThread-0] INFO  ratis.XceiverServerRatis (XceiverServerRatis.java:addGroup(839)) - Created group Pipeline-cec2b053-22b6-47ba-8399-c732d0d22cc3
2025-10-22 08:23:46,018 [6bbeb254-bd49-477b-9af9-73d700af6bb4-CreatePipelineCommandHandlerThread-0] INFO  commandhandler.CreatePipelineCommandHandler (CreatePipelineCommandHandler.java:lambda$handle$2(141)) - Created Pipeline RATIS ONE Pipeline-cec2b053-22b6-47ba-8399-c732d0d22cc3.
2025-10-22 08:23:46,246 [6d4f7871-438f-445e-bbd0-5ca0ba9a1086@group-600AC1A7833E-FollowerState] INFO  impl.FollowerState (FollowerState.java:runImpl(161)) - 6d4f7871-438f-445e-bbd0-5ca0ba9a1086@group-600AC1A7833E-FollowerState: change to CANDIDATE, lastRpcElapsedTime:1188989664ns, electionTimeout:1188ms
2025-10-22 08:23:46,246 [6d4f7871-438f-445e-bbd0-5ca0ba9a1086@group-600AC1A7833E-FollowerState] INFO  impl.RoleInfo (RoleInfo.java:shutdownFollowerState(121)) - 6d4f7871-438f-445e-bbd0-5ca0ba9a1086: shutdown 6d4f7871-438f-445e-bbd0-5ca0ba9a1086@group-600AC1A7833E-FollowerState
2025-10-22 08:23:46,246 [6d4f7871-438f-445e-bbd0-5ca0ba9a1086@group-600AC1A7833E-FollowerState] INFO  server.RaftServer$Division (RaftServerImpl.java:setRole(392)) - 6d4f7871-438f-445e-bbd0-5ca0ba9a1086@group-600AC1A7833E: changes role from  FOLLOWER to CANDIDATE at term 0 for changeToCandidate
2025-10-22 08:23:46,246 [6d4f7871-438f-445e-bbd0-5ca0ba9a1086@group-600AC1A7833E-FollowerState] INFO  impl.RoleInfo (RoleInfo.java:updateAndGet(148)) - 6d4f7871-438f-445e-bbd0-5ca0ba9a1086: start 6d4f7871-438f-445e-bbd0-5ca0ba9a1086@group-600AC1A7833E-LeaderElection14
2025-10-22 08:23:46,247 [6d4f7871-438f-445e-bbd0-5ca0ba9a1086@group-600AC1A7833E-LeaderElection14] INFO  impl.LeaderElection (LeaderElection.java:askForVotes(448)) - 6d4f7871-438f-445e-bbd0-5ca0ba9a1086@group-600AC1A7833E-LeaderElection14 PRE_VOTE round 0: submit vote requests at term 0 for conf: {index: -1, cur=peers:[6d4f7871-438f-445e-bbd0-5ca0ba9a1086|127.0.0.1:15055]|listeners:[], old=null}
2025-10-22 08:23:46,247 [6d4f7871-438f-445e-bbd0-5ca0ba9a1086@group-600AC1A7833E-LeaderElection14] INFO  impl.LeaderElection (LeaderElection.java:askForVotes(450)) - 6d4f7871-438f-445e-bbd0-5ca0ba9a1086@group-600AC1A7833E-LeaderElection14 PRE_VOTE round 0: result PASSED (term=0)
2025-10-22 08:23:46,248 [6d4f7871-438f-445e-bbd0-5ca0ba9a1086@group-600AC1A7833E-LeaderElection14] INFO  impl.LeaderElection (LeaderElection.java:askForVotes(448)) - 6d4f7871-438f-445e-bbd0-5ca0ba9a1086@group-600AC1A7833E-LeaderElection14 ELECTION round 0: submit vote requests at term 1 for conf: {index: -1, cur=peers:[6d4f7871-438f-445e-bbd0-5ca0ba9a1086|127.0.0.1:15055]|listeners:[], old=null}
2025-10-22 08:23:46,248 [6d4f7871-438f-445e-bbd0-5ca0ba9a1086@group-600AC1A7833E-LeaderElection14] INFO  impl.LeaderElection (LeaderElection.java:askForVotes(450)) - 6d4f7871-438f-445e-bbd0-5ca0ba9a1086@group-600AC1A7833E-LeaderElection14 ELECTION round 0: result PASSED (term=1)
2025-10-22 08:23:46,248 [6d4f7871-438f-445e-bbd0-5ca0ba9a1086@group-600AC1A7833E-LeaderElection14] INFO  impl.RoleInfo (RoleInfo.java:shutdownLeaderElection(141)) - 6d4f7871-438f-445e-bbd0-5ca0ba9a1086: shutdown 6d4f7871-438f-445e-bbd0-5ca0ba9a1086@group-600AC1A7833E-LeaderElection14
2025-10-22 08:23:46,248 [6d4f7871-438f-445e-bbd0-5ca0ba9a1086@group-600AC1A7833E-LeaderElection14] INFO  server.RaftServer$Division (RaftServerImpl.java:setRole(392)) - 6d4f7871-438f-445e-bbd0-5ca0ba9a1086@group-600AC1A7833E: changes role from CANDIDATE to LEADER at term 1 for changeToLeader
2025-10-22 08:23:46,248 [6d4f7871-438f-445e-bbd0-5ca0ba9a1086@group-600AC1A7833E-LeaderElection14] INFO  server.RaftServerConfigKeys (ConfUtils.java:logFallback(69)) - raft.server.staging.timeout = 3600ms (fallback to raft.server.rpc.timeout.max)
2025-10-22 08:23:46,248 [6d4f7871-438f-445e-bbd0-5ca0ba9a1086@group-600AC1A7833E-LeaderElection14] INFO  server.RaftServerConfigKeys (ConfUtils.java:logGet(62)) - raft.server.write.byte-limit = 1024 M (=1073741824) (custom)
2025-10-22 08:23:46,249 [6d4f7871-438f-445e-bbd0-5ca0ba9a1086@group-600AC1A7833E-LeaderElection14] INFO  impl.RoleInfo (RoleInfo.java:updateAndGet(148)) - 6d4f7871-438f-445e-bbd0-5ca0ba9a1086: start 6d4f7871-438f-445e-bbd0-5ca0ba9a1086@group-600AC1A7833E-LeaderStateImpl
2025-10-22 08:23:46,249 [6d4f7871-438f-445e-bbd0-5ca0ba9a1086@group-600AC1A7833E-LeaderElection14] INFO  server.RaftServer$Division (RaftServerImpl.java:setFirstElection(576)) - 6d4f7871-438f-445e-bbd0-5ca0ba9a1086@group-600AC1A7833E: set firstElectionSinceStartup to false for becomeLeader
2025-10-22 08:23:46,249 [6d4f7871-438f-445e-bbd0-5ca0ba9a1086@group-600AC1A7833E-LeaderElection14] INFO  ratis.XceiverServerRatis (XceiverServerRatis.java:handleLeaderChangedNotification(940)) - Leader change notification received for group: group-600AC1A7833E with new leaderId: 6d4f7871-438f-445e-bbd0-5ca0ba9a1086
2025-10-22 08:23:46,250 [6d4f7871-438f-445e-bbd0-5ca0ba9a1086@group-600AC1A7833E-LeaderElection14] INFO  server.RaftServer$Division (ServerState.java:setLeader(272)) - 6d4f7871-438f-445e-bbd0-5ca0ba9a1086@group-600AC1A7833E: change Leader from null to 6d4f7871-438f-445e-bbd0-5ca0ba9a1086 at term 1 for becomeLeader, leader elected after 1233ms
2025-10-22 08:23:46,250 [6d4f7871-438f-445e-bbd0-5ca0ba9a1086@group-600AC1A7833E-LeaderElection14] INFO  segmented.SegmentedRaftLogWorker (SegmentedRaftLogWorker.java:startLogSegment(440)) - 6d4f7871-438f-445e-bbd0-5ca0ba9a1086@group-600AC1A7833E-SegmentedRaftLogWorker: Starting segment from index:0
2025-10-22 08:23:46,250 [6d4f7871-438f-445e-bbd0-5ca0ba9a1086@group-600AC1A7833E-LeaderElection14] INFO  server.RaftServer$Division (ServerState.java:setRaftConf(386)) - 6d4f7871-438f-445e-bbd0-5ca0ba9a1086@group-600AC1A7833E: set configuration conf: {index: 0, cur=peers:[6d4f7871-438f-445e-bbd0-5ca0ba9a1086|127.0.0.1:15055]|listeners:[], old=null}
2025-10-22 08:23:46,250 [6d4f7871-438f-445e-bbd0-5ca0ba9a1086@group-600AC1A7833E-SegmentedRaftLogWorker] INFO  segmented.BufferedWriteChannel (BufferedWriteChannel.java:open(61)) - open log_inprogress_0 at position 0
2025-10-22 08:23:46,255 [6d4f7871-438f-445e-bbd0-5ca0ba9a1086@group-600AC1A7833E-SegmentedRaftLogWorker] INFO  segmented.SegmentedRaftLogWorker (SegmentedRaftLogWorker.java:execute(647)) - 6d4f7871-438f-445e-bbd0-5ca0ba9a1086@group-600AC1A7833E-SegmentedRaftLogWorker: created new log segment /home/runner/work/ozone/ozone/hadoop-ozone/integration-test/target/test-dir/MiniOzoneClusterImpl-a412b9f6-7d8b-4de3-a85c-9946bceaa3a0/ozone-metadata/datanode-6/ratis/a9803127-e5c7-46e9-b82b-600ac1a7833e/current/log_inprogress_0
2025-10-22 08:23:46,257 [6d4f7871-438f-445e-bbd0-5ca0ba9a1086@group-600AC1A7833E-StateMachineUpdater] INFO  server.RaftServer$Division (LeaderStateImpl.java:checkStartIndex(309)) - Leader 6d4f7871-438f-445e-bbd0-5ca0ba9a1086@group-600AC1A7833E-LeaderStateImpl is ready since appliedIndex == startIndex == 0
2025-10-22 08:23:46,321 [8aba082c-257b-43e3-ba61-5d436c5b38fa@group-E8ADAFC04A7A-FollowerState] INFO  impl.FollowerState (FollowerState.java:runImpl(161)) - 8aba082c-257b-43e3-ba61-5d436c5b38fa@group-E8ADAFC04A7A-FollowerState: change to CANDIDATE, lastRpcElapsedTime:1002268784ns, electionTimeout:1001ms
2025-10-22 08:23:46,321 [8aba082c-257b-43e3-ba61-5d436c5b38fa@group-E8ADAFC04A7A-FollowerState] INFO  impl.RoleInfo (RoleInfo.java:shutdownFollowerState(121)) - 8aba082c-257b-43e3-ba61-5d436c5b38fa: shutdown 8aba082c-257b-43e3-ba61-5d436c5b38fa@group-E8ADAFC04A7A-FollowerState
2025-10-22 08:23:46,321 [8aba082c-257b-43e3-ba61-5d436c5b38fa@group-E8ADAFC04A7A-FollowerState] INFO  server.RaftServer$Division (RaftServerImpl.java:setRole(392)) - 8aba082c-257b-43e3-ba61-5d436c5b38fa@group-E8ADAFC04A7A: changes role from  FOLLOWER to CANDIDATE at term 0 for changeToCandidate
2025-10-22 08:23:46,321 [8aba082c-257b-43e3-ba61-5d436c5b38fa@group-E8ADAFC04A7A-FollowerState] INFO  impl.RoleInfo (RoleInfo.java:updateAndGet(148)) - 8aba082c-257b-43e3-ba61-5d436c5b38fa: start 8aba082c-257b-43e3-ba61-5d436c5b38fa@group-E8ADAFC04A7A-LeaderElection15
2025-10-22 08:23:46,321 [8aba082c-257b-43e3-ba61-5d436c5b38fa@group-E8ADAFC04A7A-LeaderElection15] INFO  impl.LeaderElection (LeaderElection.java:askForVotes(448)) - 8aba082c-257b-43e3-ba61-5d436c5b38fa@group-E8ADAFC04A7A-LeaderElection15 PRE_VOTE round 0: submit vote requests at term 0 for conf: {index: -1, cur=peers:[9d21e184-bccf-4583-95a7-0fe616dd3b4b|127.0.0.1:15079, 8aba082c-257b-43e3-ba61-5d436c5b38fa|127.0.0.1:15063, 0cab5a7d-6f40-474c-9abd-0651cf30726e|127.0.0.1:15071]|listeners:[], old=null}
2025-10-22 08:23:46,322 [8aba082c-257b-43e3-ba61-5d436c5b38fa@group-E8ADAFC04A7A-LeaderElection15-1] INFO  server.GrpcServerProtocolClient (GrpcServerProtocolClient.java:<init>(65)) - Build channel for 9d21e184-bccf-4583-95a7-0fe616dd3b4b|127.0.0.1:15079
2025-10-22 08:23:46,322 [8aba082c-257b-43e3-ba61-5d436c5b38fa@group-E8ADAFC04A7A-LeaderElection15-2] INFO  server.GrpcServerProtocolClient (GrpcServerProtocolClient.java:<init>(65)) - Build channel for 0cab5a7d-6f40-474c-9abd-0651cf30726e|127.0.0.1:15071
2025-10-22 08:23:46,327 [grpc-default-executor-0] INFO  server.RaftServer$Division (RaftServerImpl.java:requestVote(1421)) - 9d21e184-bccf-4583-95a7-0fe616dd3b4b@group-E8ADAFC04A7A: receive requestVote(PRE_VOTE, 8aba082c-257b-43e3-ba61-5d436c5b38fa, group-E8ADAFC04A7A, 0, <PROTO_DEFAULT>)
2025-10-22 08:23:46,327 [grpc-default-executor-3] INFO  server.RaftServer$Division (RaftServerImpl.java:requestVote(1421)) - 0cab5a7d-6f40-474c-9abd-0651cf30726e@group-E8ADAFC04A7A: receive requestVote(PRE_VOTE, 8aba082c-257b-43e3-ba61-5d436c5b38fa, group-E8ADAFC04A7A, 0, <PROTO_DEFAULT>)
2025-10-22 08:23:46,327 [grpc-default-executor-0] INFO  impl.VoteContext (VoteContext.java:log(49)) - 9d21e184-bccf-4583-95a7-0fe616dd3b4b@group-E8ADAFC04A7A-FOLLOWER: accept PRE_VOTE from 8aba082c-257b-43e3-ba61-5d436c5b38fa: our priority 0 <= candidate's priority 0
2025-10-22 08:23:46,327 [grpc-default-executor-3] INFO  impl.VoteContext (VoteContext.java:log(49)) - 0cab5a7d-6f40-474c-9abd-0651cf30726e@group-E8ADAFC04A7A-FOLLOWER: reject PRE_VOTE from 8aba082c-257b-43e3-ba61-5d436c5b38fa: our priority 1 > candidate's priority 0
2025-10-22 08:23:46,328 [grpc-default-executor-0] INFO  server.RaftServer$Division (RaftServerImpl.java:requestVote(1455)) - 9d21e184-bccf-4583-95a7-0fe616dd3b4b@group-E8ADAFC04A7A replies to PRE_VOTE vote request: 8aba082c-257b-43e3-ba61-5d436c5b38fa<-9d21e184-bccf-4583-95a7-0fe616dd3b4b#0:OK-t0-last:<INITIAL_VALUE>. Peer's state: 9d21e184-bccf-4583-95a7-0fe616dd3b4b@group-E8ADAFC04A7A:t0, leader=null, voted=, raftlog=Memoized:9d21e184-bccf-4583-95a7-0fe616dd3b4b@group-E8ADAFC04A7A-SegmentedRaftLog:OPENED:c-1:lastnull, conf=conf: {index: -1, cur=peers:[9d21e184-bccf-4583-95a7-0fe616dd3b4b|127.0.0.1:15079, 8aba082c-257b-43e3-ba61-5d436c5b38fa|127.0.0.1:15063, 0cab5a7d-6f40-474c-9abd-0651cf30726e|127.0.0.1:15071]|listeners:[], old=null}
2025-10-22 08:23:46,328 [grpc-default-executor-3] INFO  server.RaftServer$Division (RaftServerImpl.java:requestVote(1455)) - 0cab5a7d-6f40-474c-9abd-0651cf30726e@group-E8ADAFC04A7A replies to PRE_VOTE vote request: 8aba082c-257b-43e3-ba61-5d436c5b38fa<-0cab5a7d-6f40-474c-9abd-0651cf30726e#0:FAIL-t0-last:<INITIAL_VALUE>. Peer's state: 0cab5a7d-6f40-474c-9abd-0651cf30726e@group-E8ADAFC04A7A:t0, leader=null, voted=, raftlog=Memoized:0cab5a7d-6f40-474c-9abd-0651cf30726e@group-E8ADAFC04A7A-SegmentedRaftLog:OPENED:c-1:lastnull, conf=conf: {index: -1, cur=peers:[9d21e184-bccf-4583-95a7-0fe616dd3b4b|127.0.0.1:15079, 8aba082c-257b-43e3-ba61-5d436c5b38fa|127.0.0.1:15063, 0cab5a7d-6f40-474c-9abd-0651cf30726e|127.0.0.1:15071]|listeners:[], old=null}
2025-10-22 08:23:46,330 [8aba082c-257b-43e3-ba61-5d436c5b38fa@group-E8ADAFC04A7A-LeaderElection15] INFO  impl.LeaderElection (LeaderElection.java:logAndReturn(206)) - 8aba082c-257b-43e3-ba61-5d436c5b38fa@group-E8ADAFC04A7A-LeaderElection15: PRE_VOTE REJECTED received 2 response(s) and 0 exception(s):
2025-10-22 08:23:46,330 [8aba082c-257b-43e3-ba61-5d436c5b38fa@group-E8ADAFC04A7A-LeaderElection15] INFO  impl.LeaderElection (LeaderElection.java:logAndReturn(210)) -   Response 0: 8aba082c-257b-43e3-ba61-5d436c5b38fa<-9d21e184-bccf-4583-95a7-0fe616dd3b4b#0:OK-t0-last:<INITIAL_VALUE>
2025-10-22 08:23:46,330 [8aba082c-257b-43e3-ba61-5d436c5b38fa@group-E8ADAFC04A7A-LeaderElection15] INFO  impl.LeaderElection (LeaderElection.java:logAndReturn(210)) -   Response 1: 8aba082c-257b-43e3-ba61-5d436c5b38fa<-0cab5a7d-6f40-474c-9abd-0651cf30726e#0:FAIL-t0-last:<INITIAL_VALUE>
2025-10-22 08:23:46,330 [8aba082c-257b-43e3-ba61-5d436c5b38fa@group-E8ADAFC04A7A-LeaderElection15] INFO  impl.LeaderElection (LeaderElection.java:askForVotes(450)) - 8aba082c-257b-43e3-ba61-5d436c5b38fa@group-E8ADAFC04A7A-LeaderElection15 PRE_VOTE round 0: result REJECTED
2025-10-22 08:23:46,330 [8aba082c-257b-43e3-ba61-5d436c5b38fa@group-E8ADAFC04A7A-LeaderElection15] INFO  server.RaftServer$Division (RaftServerImpl.java:setRole(392)) - 8aba082c-257b-43e3-ba61-5d436c5b38fa@group-E8ADAFC04A7A: changes role from CANDIDATE to FOLLOWER at term 0 for REJECTED
2025-10-22 08:23:46,330 [8aba082c-257b-43e3-ba61-5d436c5b38fa@group-E8ADAFC04A7A-LeaderElection15] INFO  impl.RoleInfo (RoleInfo.java:shutdownLeaderElection(141)) - 8aba082c-257b-43e3-ba61-5d436c5b38fa: shutdown 8aba082c-257b-43e3-ba61-5d436c5b38fa@group-E8ADAFC04A7A-LeaderElection15
2025-10-22 08:23:46,330 [8aba082c-257b-43e3-ba61-5d436c5b38fa@group-E8ADAFC04A7A-LeaderElection15] INFO  impl.RoleInfo (RoleInfo.java:updateAndGet(148)) - 8aba082c-257b-43e3-ba61-5d436c5b38fa: start 8aba082c-257b-43e3-ba61-5d436c5b38fa@group-E8ADAFC04A7A-FollowerState
2025-10-22 08:23:46,331 [8aba082c-257b-43e3-ba61-5d436c5b38fa@group-E8ADAFC04A7A-LeaderElection15] INFO  server.RaftServer$Division (RaftServerImpl.java:setFirstElection(576)) - 8aba082c-257b-43e3-ba61-5d436c5b38fa@group-E8ADAFC04A7A: set firstElectionSinceStartup to false for REJECTED
2025-10-22 08:23:46,346 [8aba082c-257b-43e3-ba61-5d436c5b38fa@group-4AF882E7927B-FollowerState] INFO  impl.FollowerState (FollowerState.java:runImpl(161)) - 8aba082c-257b-43e3-ba61-5d436c5b38fa@group-4AF882E7927B-FollowerState: change to CANDIDATE, lastRpcElapsedTime:1057152706ns, electionTimeout:1056ms
2025-10-22 08:23:46,346 [8aba082c-257b-43e3-ba61-5d436c5b38fa@group-4AF882E7927B-FollowerState] INFO  impl.RoleInfo (RoleInfo.java:shutdownFollowerState(121)) - 8aba082c-257b-43e3-ba61-5d436c5b38fa: shutdown 8aba082c-257b-43e3-ba61-5d436c5b38fa@group-4AF882E7927B-FollowerState
2025-10-22 08:23:46,346 [8aba082c-257b-43e3-ba61-5d436c5b38fa@group-4AF882E7927B-FollowerState] INFO  server.RaftServer$Division (RaftServerImpl.java:setRole(392)) - 8aba082c-257b-43e3-ba61-5d436c5b38fa@group-4AF882E7927B: changes role from  FOLLOWER to CANDIDATE at term 0 for changeToCandidate
2025-10-22 08:23:46,346 [8aba082c-257b-43e3-ba61-5d436c5b38fa@group-4AF882E7927B-FollowerState] INFO  impl.RoleInfo (RoleInfo.java:updateAndGet(148)) - 8aba082c-257b-43e3-ba61-5d436c5b38fa: start 8aba082c-257b-43e3-ba61-5d436c5b38fa@group-4AF882E7927B-LeaderElection16
2025-10-22 08:23:46,346 [8aba082c-257b-43e3-ba61-5d436c5b38fa@group-4AF882E7927B-LeaderElection16] INFO  impl.LeaderElection (LeaderElection.java:askForVotes(448)) - 8aba082c-257b-43e3-ba61-5d436c5b38fa@group-4AF882E7927B-LeaderElection16 PRE_VOTE round 0: submit vote requests at term 0 for conf: {index: -1, cur=peers:[8aba082c-257b-43e3-ba61-5d436c5b38fa|127.0.0.1:15063]|listeners:[], old=null}
2025-10-22 08:23:46,347 [8aba082c-257b-43e3-ba61-5d436c5b38fa@group-4AF882E7927B-LeaderElection16] INFO  impl.LeaderElection (LeaderElection.java:askForVotes(450)) - 8aba082c-257b-43e3-ba61-5d436c5b38fa@group-4AF882E7927B-LeaderElection16 PRE_VOTE round 0: result PASSED (term=0)
2025-10-22 08:23:46,348 [8aba082c-257b-43e3-ba61-5d436c5b38fa@group-4AF882E7927B-LeaderElection16] INFO  impl.LeaderElection (LeaderElection.java:askForVotes(448)) - 8aba082c-257b-43e3-ba61-5d436c5b38fa@group-4AF882E7927B-LeaderElection16 ELECTION round 0: submit vote requests at term 1 for conf: {index: -1, cur=peers:[8aba082c-257b-43e3-ba61-5d436c5b38fa|127.0.0.1:15063]|listeners:[], old=null}
2025-10-22 08:23:46,348 [8aba082c-257b-43e3-ba61-5d436c5b38fa@group-4AF882E7927B-LeaderElection16] INFO  impl.LeaderElection (LeaderElection.java:askForVotes(450)) - 8aba082c-257b-43e3-ba61-5d436c5b38fa@group-4AF882E7927B-LeaderElection16 ELECTION round 0: result PASSED (term=1)
2025-10-22 08:23:46,348 [8aba082c-257b-43e3-ba61-5d436c5b38fa@group-4AF882E7927B-LeaderElection16] INFO  impl.RoleInfo (RoleInfo.java:shutdownLeaderElection(141)) - 8aba082c-257b-43e3-ba61-5d436c5b38fa: shutdown 8aba082c-257b-43e3-ba61-5d436c5b38fa@group-4AF882E7927B-LeaderElection16
2025-10-22 08:23:46,348 [8aba082c-257b-43e3-ba61-5d436c5b38fa@group-4AF882E7927B-LeaderElection16] INFO  server.RaftServer$Division (RaftServerImpl.java:setRole(392)) - 8aba082c-257b-43e3-ba61-5d436c5b38fa@group-4AF882E7927B: changes role from CANDIDATE to LEADER at term 1 for changeToLeader
2025-10-22 08:23:46,348 [8aba082c-257b-43e3-ba61-5d436c5b38fa@group-4AF882E7927B-LeaderElection16] INFO  server.RaftServerConfigKeys (ConfUtils.java:logFallback(69)) - raft.server.staging.timeout = 3600ms (fallback to raft.server.rpc.timeout.max)
2025-10-22 08:23:46,348 [8aba082c-257b-43e3-ba61-5d436c5b38fa@group-4AF882E7927B-LeaderElection16] INFO  server.RaftServerConfigKeys (ConfUtils.java:logGet(62)) - raft.server.write.byte-limit = 1024 M (=1073741824) (custom)
2025-10-22 08:23:46,350 [8aba082c-257b-43e3-ba61-5d436c5b38fa@group-4AF882E7927B-LeaderElection16] INFO  impl.RoleInfo (RoleInfo.java:updateAndGet(148)) - 8aba082c-257b-43e3-ba61-5d436c5b38fa: start 8aba082c-257b-43e3-ba61-5d436c5b38fa@group-4AF882E7927B-LeaderStateImpl
2025-10-22 08:23:46,350 [8aba082c-257b-43e3-ba61-5d436c5b38fa@group-4AF882E7927B-LeaderElection16] INFO  server.RaftServer$Division (RaftServerImpl.java:setFirstElection(576)) - 8aba082c-257b-43e3-ba61-5d436c5b38fa@group-4AF882E7927B: set firstElectionSinceStartup to false for becomeLeader
2025-10-22 08:23:46,350 [8aba082c-257b-43e3-ba61-5d436c5b38fa@group-4AF882E7927B-LeaderElection16] INFO  ratis.XceiverServerRatis (XceiverServerRatis.java:handleLeaderChangedNotification(940)) - Leader change notification received for group: group-4AF882E7927B with new leaderId: 8aba082c-257b-43e3-ba61-5d436c5b38fa
2025-10-22 08:23:46,350 [8aba082c-257b-43e3-ba61-5d436c5b38fa@group-4AF882E7927B-LeaderElection16] INFO  server.RaftServer$Division (ServerState.java:setLeader(272)) - 8aba082c-257b-43e3-ba61-5d436c5b38fa@group-4AF882E7927B: change Leader from null to 8aba082c-257b-43e3-ba61-5d436c5b38fa at term 1 for becomeLeader, leader elected after 1084ms
2025-10-22 08:23:46,350 [8aba082c-257b-43e3-ba61-5d436c5b38fa@group-4AF882E7927B-LeaderElection16] INFO  segmented.SegmentedRaftLogWorker (SegmentedRaftLogWorker.java:startLogSegment(440)) - 8aba082c-257b-43e3-ba61-5d436c5b38fa@group-4AF882E7927B-SegmentedRaftLogWorker: Starting segment from index:0
2025-10-22 08:23:46,351 [8aba082c-257b-43e3-ba61-5d436c5b38fa@group-4AF882E7927B-LeaderElection16] INFO  server.RaftServer$Division (ServerState.java:setRaftConf(386)) - 8aba082c-257b-43e3-ba61-5d436c5b38fa@group-4AF882E7927B: set configuration conf: {index: 0, cur=peers:[8aba082c-257b-43e3-ba61-5d436c5b38fa|127.0.0.1:15063]|listeners:[], old=null}
2025-10-22 08:23:46,352 [8aba082c-257b-43e3-ba61-5d436c5b38fa@group-4AF882E7927B-SegmentedRaftLogWorker] INFO  segmented.BufferedWriteChannel (BufferedWriteChannel.java:open(61)) - open log_inprogress_0 at position 0
2025-10-22 08:23:46,359 [8aba082c-257b-43e3-ba61-5d436c5b38fa@group-4AF882E7927B-SegmentedRaftLogWorker] INFO  segmented.SegmentedRaftLogWorker (SegmentedRaftLogWorker.java:execute(647)) - 8aba082c-257b-43e3-ba61-5d436c5b38fa@group-4AF882E7927B-SegmentedRaftLogWorker: created new log segment /home/runner/work/ozone/ozone/hadoop-ozone/integration-test/target/test-dir/MiniOzoneClusterImpl-a412b9f6-7d8b-4de3-a85c-9946bceaa3a0/ozone-metadata/datanode-7/ratis/1d4aa067-29f1-4836-bdcb-4af882e7927b/current/log_inprogress_0
2025-10-22 08:23:46,361 [8aba082c-257b-43e3-ba61-5d436c5b38fa@group-4AF882E7927B-StateMachineUpdater] INFO  server.RaftServer$Division (LeaderStateImpl.java:checkStartIndex(309)) - Leader 8aba082c-257b-43e3-ba61-5d436c5b38fa@group-4AF882E7927B-LeaderStateImpl is ready since appliedIndex == startIndex == 0
2025-10-22 08:23:46,493 [0cab5a7d-6f40-474c-9abd-0651cf30726e@group-E8ADAFC04A7A-FollowerState] INFO  impl.FollowerState (FollowerState.java:runImpl(161)) - 0cab5a7d-6f40-474c-9abd-0651cf30726e@group-E8ADAFC04A7A-FollowerState: change to CANDIDATE, lastRpcElapsedTime:1116974624ns, electionTimeout:1115ms
2025-10-22 08:23:46,493 [0cab5a7d-6f40-474c-9abd-0651cf30726e@group-E8ADAFC04A7A-FollowerState] INFO  impl.RoleInfo (RoleInfo.java:shutdownFollowerState(121)) - 0cab5a7d-6f40-474c-9abd-0651cf30726e: shutdown 0cab5a7d-6f40-474c-9abd-0651cf30726e@group-E8ADAFC04A7A-FollowerState
2025-10-22 08:23:46,493 [0cab5a7d-6f40-474c-9abd-0651cf30726e@group-E8ADAFC04A7A-FollowerState] INFO  server.RaftServer$Division (RaftServerImpl.java:setRole(392)) - 0cab5a7d-6f40-474c-9abd-0651cf30726e@group-E8ADAFC04A7A: changes role from  FOLLOWER to CANDIDATE at term 0 for changeToCandidate
2025-10-22 08:23:46,493 [0cab5a7d-6f40-474c-9abd-0651cf30726e@group-E8ADAFC04A7A-FollowerState] INFO  impl.RoleInfo (RoleInfo.java:updateAndGet(148)) - 0cab5a7d-6f40-474c-9abd-0651cf30726e: start 0cab5a7d-6f40-474c-9abd-0651cf30726e@group-E8ADAFC04A7A-LeaderElection17
2025-10-22 08:23:46,494 [0cab5a7d-6f40-474c-9abd-0651cf30726e@group-E8ADAFC04A7A-LeaderElection17] INFO  impl.LeaderElection (LeaderElection.java:askForVotes(448)) - 0cab5a7d-6f40-474c-9abd-0651cf30726e@group-E8ADAFC04A7A-LeaderElection17 PRE_VOTE round 0: submit vote requests at term 0 for conf: {index: -1, cur=peers:[9d21e184-bccf-4583-95a7-0fe616dd3b4b|127.0.0.1:15079, 8aba082c-257b-43e3-ba61-5d436c5b38fa|127.0.0.1:15063, 0cab5a7d-6f40-474c-9abd-0651cf30726e|127.0.0.1:15071]|listeners:[], old=null}
2025-10-22 08:23:46,494 [0cab5a7d-6f40-474c-9abd-0651cf30726e@group-E8ADAFC04A7A-LeaderElection17-1] INFO  server.GrpcServerProtocolClient (GrpcServerProtocolClient.java:<init>(65)) - Build channel for 9d21e184-bccf-4583-95a7-0fe616dd3b4b|127.0.0.1:15079
2025-10-22 08:23:46,494 [0cab5a7d-6f40-474c-9abd-0651cf30726e@group-E8ADAFC04A7A-LeaderElection17-2] INFO  server.GrpcServerProtocolClient (GrpcServerProtocolClient.java:<init>(65)) - Build channel for 8aba082c-257b-43e3-ba61-5d436c5b38fa|127.0.0.1:15063
2025-10-22 08:23:46,498 [grpc-default-executor-0] INFO  server.RaftServer$Division (RaftServerImpl.java:requestVote(1421)) - 9d21e184-bccf-4583-95a7-0fe616dd3b4b@group-E8ADAFC04A7A: receive requestVote(PRE_VOTE, 0cab5a7d-6f40-474c-9abd-0651cf30726e, group-E8ADAFC04A7A, 0, <PROTO_DEFAULT>)
2025-10-22 08:23:46,498 [grpc-default-executor-3] INFO  server.RaftServer$Division (RaftServerImpl.java:requestVote(1421)) - 8aba082c-257b-43e3-ba61-5d436c5b38fa@group-E8ADAFC04A7A: receive requestVote(PRE_VOTE, 0cab5a7d-6f40-474c-9abd-0651cf30726e, group-E8ADAFC04A7A, 0, <PROTO_DEFAULT>)
2025-10-22 08:23:46,498 [grpc-default-executor-0] INFO  impl.VoteContext (VoteContext.java:log(49)) - 9d21e184-bccf-4583-95a7-0fe616dd3b4b@group-E8ADAFC04A7A-FOLLOWER: accept PRE_VOTE from 0cab5a7d-6f40-474c-9abd-0651cf30726e: our priority 0 <= candidate's priority 1
2025-10-22 08:23:46,498 [grpc-default-executor-3] INFO  impl.VoteContext (VoteContext.java:log(49)) - 8aba082c-257b-43e3-ba61-5d436c5b38fa@group-E8ADAFC04A7A-FOLLOWER: accept PRE_VOTE from 0cab5a7d-6f40-474c-9abd-0651cf30726e: our priority 0 <= candidate's priority 1
2025-10-22 08:23:46,499 [grpc-default-executor-3] INFO  server.RaftServer$Division (RaftServerImpl.java:requestVote(1455)) - 8aba082c-257b-43e3-ba61-5d436c5b38fa@group-E8ADAFC04A7A replies to PRE_VOTE vote request: 0cab5a7d-6f40-474c-9abd-0651cf30726e<-8aba082c-257b-43e3-ba61-5d436c5b38fa#0:OK-t0-last:<INITIAL_VALUE>. Peer's state: 8aba082c-257b-43e3-ba61-5d436c5b38fa@group-E8ADAFC04A7A:t0, leader=null, voted=, raftlog=Memoized:8aba082c-257b-43e3-ba61-5d436c5b38fa@group-E8ADAFC04A7A-SegmentedRaftLog:OPENED:c-1:lastnull, conf=conf: {index: -1, cur=peers:[9d21e184-bccf-4583-95a7-0fe616dd3b4b|127.0.0.1:15079, 8aba082c-257b-43e3-ba61-5d436c5b38fa|127.0.0.1:15063, 0cab5a7d-6f40-474c-9abd-0651cf30726e|127.0.0.1:15071]|listeners:[], old=null}
2025-10-22 08:23:46,499 [grpc-default-executor-0] INFO  server.RaftServer$Division (RaftServerImpl.java:requestVote(1455)) - 9d21e184-bccf-4583-95a7-0fe616dd3b4b@group-E8ADAFC04A7A replies to PRE_VOTE vote request: 0cab5a7d-6f40-474c-9abd-0651cf30726e<-9d21e184-bccf-4583-95a7-0fe616dd3b4b#0:OK-t0-last:<INITIAL_VALUE>. Peer's state: 9d21e184-bccf-4583-95a7-0fe616dd3b4b@group-E8ADAFC04A7A:t0, leader=null, voted=, raftlog=Memoized:9d21e184-bccf-4583-95a7-0fe616dd3b4b@group-E8ADAFC04A7A-SegmentedRaftLog:OPENED:c-1:lastnull, conf=conf: {index: -1, cur=peers:[9d21e184-bccf-4583-95a7-0fe616dd3b4b|127.0.0.1:15079, 8aba082c-257b-43e3-ba61-5d436c5b38fa|127.0.0.1:15063, 0cab5a7d-6f40-474c-9abd-0651cf30726e|127.0.0.1:15071]|listeners:[], old=null}
2025-10-22 08:23:46,500 [0cab5a7d-6f40-474c-9abd-0651cf30726e@group-E8ADAFC04A7A-LeaderElection17] INFO  impl.LeaderElection (LeaderElection.java:logAndReturn(206)) - 0cab5a7d-6f40-474c-9abd-0651cf30726e@group-E8ADAFC04A7A-LeaderElection17: PRE_VOTE PASSED received 1 response(s) and 0 exception(s):
2025-10-22 08:23:46,500 [0cab5a7d-6f40-474c-9abd-0651cf30726e@group-E8ADAFC04A7A-LeaderElection17] INFO  impl.LeaderElection (LeaderElection.java:logAndReturn(210)) -   Response 0: 0cab5a7d-6f40-474c-9abd-0651cf30726e<-8aba082c-257b-43e3-ba61-5d436c5b38fa#0:OK-t0-last:<INITIAL_VALUE>
2025-10-22 08:23:46,500 [0cab5a7d-6f40-474c-9abd-0651cf30726e@group-E8ADAFC04A7A-LeaderElection17] INFO  impl.LeaderElection (LeaderElection.java:askForVotes(450)) - 0cab5a7d-6f40-474c-9abd-0651cf30726e@group-E8ADAFC04A7A-LeaderElection17 PRE_VOTE round 0: result PASSED
2025-10-22 08:23:46,501 [0cab5a7d-6f40-474c-9abd-0651cf30726e@group-E8ADAFC04A7A-LeaderElection17] INFO  impl.LeaderElection (LeaderElection.java:askForVotes(448)) - 0cab5a7d-6f40-474c-9abd-0651cf30726e@group-E8ADAFC04A7A-LeaderElection17 ELECTION round 0: submit vote requests at term 1 for conf: {index: -1, cur=peers:[9d21e184-bccf-4583-95a7-0fe616dd3b4b|127.0.0.1:15079, 8aba082c-257b-43e3-ba61-5d436c5b38fa|127.0.0.1:15063, 0cab5a7d-6f40-474c-9abd-0651cf30726e|127.0.0.1:15071]|listeners:[], old=null}
2025-10-22 08:23:46,503 [grpc-default-executor-0] INFO  server.RaftServer$Division (RaftServerImpl.java:requestVote(1421)) - 9d21e184-bccf-4583-95a7-0fe616dd3b4b@group-E8ADAFC04A7A: receive requestVote(ELECTION, 0cab5a7d-6f40-474c-9abd-0651cf30726e, group-E8ADAFC04A7A, 1, <PROTO_DEFAULT>)
2025-10-22 08:23:46,503 [grpc-default-executor-3] INFO  server.RaftServer$Division (RaftServerImpl.java:requestVote(1421)) - 8aba082c-257b-43e3-ba61-5d436c5b38fa@group-E8ADAFC04A7A: receive requestVote(ELECTION, 0cab5a7d-6f40-474c-9abd-0651cf30726e, group-E8ADAFC04A7A, 1, <PROTO_DEFAULT>)
2025-10-22 08:23:46,503 [grpc-default-executor-3] INFO  impl.VoteContext (VoteContext.java:log(49)) - 8aba082c-257b-43e3-ba61-5d436c5b38fa@group-E8ADAFC04A7A-FOLLOWER: accept ELECTION from 0cab5a7d-6f40-474c-9abd-0651cf30726e: our priority 0 <= candidate's priority 1
2025-10-22 08:23:46,503 [grpc-default-executor-3] INFO  server.RaftServer$Division (RaftServerImpl.java:setRole(392)) - 8aba082c-257b-43e3-ba61-5d436c5b38fa@group-E8ADAFC04A7A: changes role from  FOLLOWER to FOLLOWER at term 0 for candidate:0cab5a7d-6f40-474c-9abd-0651cf30726e
2025-10-22 08:23:46,503 [grpc-default-executor-3] INFO  impl.RoleInfo (RoleInfo.java:shutdownFollowerState(121)) - 8aba082c-257b-43e3-ba61-5d436c5b38fa: shutdown 8aba082c-257b-43e3-ba61-5d436c5b38fa@group-E8ADAFC04A7A-FollowerState
2025-10-22 08:23:46,503 [grpc-default-executor-3] INFO  impl.RoleInfo (RoleInfo.java:updateAndGet(148)) - 8aba082c-257b-43e3-ba61-5d436c5b38fa: start 8aba082c-257b-43e3-ba61-5d436c5b38fa@group-E8ADAFC04A7A-FollowerState
2025-10-22 08:23:46,503 [8aba082c-257b-43e3-ba61-5d436c5b38fa@group-E8ADAFC04A7A-FollowerState] INFO  impl.FollowerState (FollowerState.java:runImpl(170)) - 8aba082c-257b-43e3-ba61-5d436c5b38fa@group-E8ADAFC04A7A-FollowerState was interrupted
2025-10-22 08:23:46,503 [grpc-default-executor-0] INFO  impl.VoteContext (VoteContext.java:log(49)) - 9d21e184-bccf-4583-95a7-0fe616dd3b4b@group-E8ADAFC04A7A-FOLLOWER: accept ELECTION from 0cab5a7d-6f40-474c-9abd-0651cf30726e: our priority 0 <= candidate's priority 1
2025-10-22 08:23:46,503 [grpc-default-executor-0] INFO  server.RaftServer$Division (RaftServerImpl.java:setRole(392)) - 9d21e184-bccf-4583-95a7-0fe616dd3b4b@group-E8ADAFC04A7A: changes role from  FOLLOWER to FOLLOWER at term 0 for candidate:0cab5a7d-6f40-474c-9abd-0651cf30726e
2025-10-22 08:23:46,503 [grpc-default-executor-0] INFO  impl.RoleInfo (RoleInfo.java:shutdownFollowerState(121)) - 9d21e184-bccf-4583-95a7-0fe616dd3b4b: shutdown 9d21e184-bccf-4583-95a7-0fe616dd3b4b@group-E8ADAFC04A7A-FollowerState
2025-10-22 08:23:46,504 [grpc-default-executor-0] INFO  impl.RoleInfo (RoleInfo.java:updateAndGet(148)) - 9d21e184-bccf-4583-95a7-0fe616dd3b4b: start 9d21e184-bccf-4583-95a7-0fe616dd3b4b@group-E8ADAFC04A7A-FollowerState
2025-10-22 08:23:46,504 [9d21e184-bccf-4583-95a7-0fe616dd3b4b@group-E8ADAFC04A7A-FollowerState] INFO  impl.FollowerState (FollowerState.java:runImpl(170)) - 9d21e184-bccf-4583-95a7-0fe616dd3b4b@group-E8ADAFC04A7A-FollowerState was interrupted
2025-10-22 08:23:46,504 [grpc-default-executor-0] INFO  server.RaftServer$Division (RaftServerImpl.java:setFirstElection(576)) - 9d21e184-bccf-4583-95a7-0fe616dd3b4b@group-E8ADAFC04A7A: set firstElectionSinceStartup to false for candidate:0cab5a7d-6f40-474c-9abd-0651cf30726e
2025-10-22 08:23:46,505 [grpc-default-executor-3] INFO  server.RaftServer$Division (RaftServerImpl.java:requestVote(1455)) - 8aba082c-257b-43e3-ba61-5d436c5b38fa@group-E8ADAFC04A7A replies to ELECTION vote request: 0cab5a7d-6f40-474c-9abd-0651cf30726e<-8aba082c-257b-43e3-ba61-5d436c5b38fa#0:OK-t1-last:<INITIAL_VALUE>. Peer's state: 8aba082c-257b-43e3-ba61-5d436c5b38fa@group-E8ADAFC04A7A:t1, leader=null, voted=0cab5a7d-6f40-474c-9abd-0651cf30726e, raftlog=Memoized:8aba082c-257b-43e3-ba61-5d436c5b38fa@group-E8ADAFC04A7A-SegmentedRaftLog:OPENED:c-1:lastnull, conf=conf: {index: -1, cur=peers:[9d21e184-bccf-4583-95a7-0fe616dd3b4b|127.0.0.1:15079, 8aba082c-257b-43e3-ba61-5d436c5b38fa|127.0.0.1:15063, 0cab5a7d-6f40-474c-9abd-0651cf30726e|127.0.0.1:15071]|listeners:[], old=null}
2025-10-22 08:23:46,505 [grpc-default-executor-0] INFO  server.RaftServer$Division (RaftServerImpl.java:requestVote(1455)) - 9d21e184-bccf-4583-95a7-0fe616dd3b4b@group-E8ADAFC04A7A replies to ELECTION vote request: 0cab5a7d-6f40-474c-9abd-0651cf30726e<-9d21e184-bccf-4583-95a7-0fe616dd3b4b#0:OK-t1-last:<INITIAL_VALUE>. Peer's state: 9d21e184-bccf-4583-95a7-0fe616dd3b4b@group-E8ADAFC04A7A:t1, leader=null, voted=0cab5a7d-6f40-474c-9abd-0651cf30726e, raftlog=Memoized:9d21e184-bccf-4583-95a7-0fe616dd3b4b@group-E8ADAFC04A7A-SegmentedRaftLog:OPENED:c-1:lastnull, conf=conf: {index: -1, cur=peers:[9d21e184-bccf-4583-95a7-0fe616dd3b4b|127.0.0.1:15079, 8aba082c-257b-43e3-ba61-5d436c5b38fa|127.0.0.1:15063, 0cab5a7d-6f40-474c-9abd-0651cf30726e|127.0.0.1:15071]|listeners:[], old=null}
2025-10-22 08:23:46,506 [0cab5a7d-6f40-474c-9abd-0651cf30726e@group-E8ADAFC04A7A-LeaderElection17] INFO  impl.LeaderElection (LeaderElection.java:logAndReturn(206)) - 0cab5a7d-6f40-474c-9abd-0651cf30726e@group-E8ADAFC04A7A-LeaderElection17: ELECTION PASSED received 1 response(s) and 0 exception(s):
2025-10-22 08:23:46,506 [0cab5a7d-6f40-474c-9abd-0651cf30726e@group-E8ADAFC04A7A-LeaderElection17] INFO  impl.LeaderElection (LeaderElection.java:logAndReturn(210)) -   Response 0: 0cab5a7d-6f40-474c-9abd-0651cf30726e<-8aba082c-257b-43e3-ba61-5d436c5b38fa#0:OK-t1-last:<INITIAL_VALUE>
2025-10-22 08:23:46,506 [0cab5a7d-6f40-474c-9abd-0651cf30726e@group-E8ADAFC04A7A-LeaderElection17] INFO  impl.LeaderElection (LeaderElection.java:askForVotes(450)) - 0cab5a7d-6f40-474c-9abd-0651cf30726e@group-E8ADAFC04A7A-LeaderElection17 ELECTION round 0: result PASSED
2025-10-22 08:23:46,506 [0cab5a7d-6f40-474c-9abd-0651cf30726e@group-E8ADAFC04A7A-LeaderElection17] INFO  impl.RoleInfo (RoleInfo.java:shutdownLeaderElection(141)) - 0cab5a7d-6f40-474c-9abd-0651cf30726e: shutdown 0cab5a7d-6f40-474c-9abd-0651cf30726e@group-E8ADAFC04A7A-LeaderElection17
2025-10-22 08:23:46,506 [0cab5a7d-6f40-474c-9abd-0651cf30726e@group-E8ADAFC04A7A-LeaderElection17] INFO  server.RaftServer$Division (RaftServerImpl.java:setRole(392)) - 0cab5a7d-6f40-474c-9abd-0651cf30726e@group-E8ADAFC04A7A: changes role from CANDIDATE to LEADER at term 1 for changeToLeader
2025-10-22 08:23:46,508 [0cab5a7d-6f40-474c-9abd-0651cf30726e@group-E8ADAFC04A7A-LeaderElection17] INFO  server.RaftServerConfigKeys (ConfUtils.java:logFallback(69)) - raft.server.staging.timeout = 3600ms (fallback to raft.server.rpc.timeout.max)
2025-10-22 08:23:46,508 [0cab5a7d-6f40-474c-9abd-0651cf30726e@group-E8ADAFC04A7A-LeaderElection17] INFO  server.RaftServerConfigKeys (ConfUtils.java:logGet(62)) - raft.server.write.byte-limit = 1024 M (=1073741824) (custom)
2025-10-22 08:23:46,510 [0cab5a7d-6f40-474c-9abd-0651cf30726e@group-E8ADAFC04A7A-LeaderElection17] INFO  server.RaftServerConfigKeys (ConfUtils.java:logGet(62)) - raft.server.log.appender.buffer.byte-limit = 33554432 (custom)
2025-10-22 08:23:46,511 [0cab5a7d-6f40-474c-9abd-0651cf30726e@group-E8ADAFC04A7A-LeaderElection17] INFO  server.RaftServerConfigKeys (ConfUtils.java:logGet(62)) - raft.server.log.appender.buffer.byte-limit = 33554432 (custom)
2025-10-22 08:23:46,511 [0cab5a7d-6f40-474c-9abd-0651cf30726e@group-E8ADAFC04A7A-LeaderElection17] INFO  impl.RoleInfo (RoleInfo.java:updateAndGet(148)) - 0cab5a7d-6f40-474c-9abd-0651cf30726e: start 0cab5a7d-6f40-474c-9abd-0651cf30726e@group-E8ADAFC04A7A-LeaderStateImpl
2025-10-22 08:23:46,511 [0cab5a7d-6f40-474c-9abd-0651cf30726e@group-E8ADAFC04A7A-LeaderElection17] INFO  server.RaftServer$Division (RaftServerImpl.java:setFirstElection(576)) - 0cab5a7d-6f40-474c-9abd-0651cf30726e@group-E8ADAFC04A7A: set firstElectionSinceStartup to false for becomeLeader
2025-10-22 08:23:46,512 [0cab5a7d-6f40-474c-9abd-0651cf30726e@group-E8ADAFC04A7A-LeaderElection17] INFO  ratis.XceiverServerRatis (XceiverServerRatis.java:handleLeaderChangedNotification(940)) - Leader change notification received for group: group-E8ADAFC04A7A with new leaderId: 0cab5a7d-6f40-474c-9abd-0651cf30726e
2025-10-22 08:23:46,512 [0cab5a7d-6f40-474c-9abd-0651cf30726e@group-E8ADAFC04A7A-LeaderElection17] INFO  server.RaftServer$Division (ServerState.java:setLeader(272)) - 0cab5a7d-6f40-474c-9abd-0651cf30726e@group-E8ADAFC04A7A: change Leader from null to 0cab5a7d-6f40-474c-9abd-0651cf30726e at term 1 for becomeLeader, leader elected after 1169ms
2025-10-22 08:23:46,512 [0cab5a7d-6f40-474c-9abd-0651cf30726e@group-E8ADAFC04A7A-LeaderElection17] INFO  segmented.SegmentedRaftLogWorker (SegmentedRaftLogWorker.java:startLogSegment(440)) - 0cab5a7d-6f40-474c-9abd-0651cf30726e@group-E8ADAFC04A7A-SegmentedRaftLogWorker: Starting segment from index:0
2025-10-22 08:23:46,512 [0cab5a7d-6f40-474c-9abd-0651cf30726e@group-E8ADAFC04A7A-LeaderElection17] INFO  server.RaftServer$Division (ServerState.java:setRaftConf(386)) - 0cab5a7d-6f40-474c-9abd-0651cf30726e@group-E8ADAFC04A7A: set configuration conf: {index: 0, cur=peers:[9d21e184-bccf-4583-95a7-0fe616dd3b4b|127.0.0.1:15079, 8aba082c-257b-43e3-ba61-5d436c5b38fa|127.0.0.1:15063, 0cab5a7d-6f40-474c-9abd-0651cf30726e|127.0.0.1:15071]|listeners:[], old=null}
2025-10-22 08:23:46,513 [0cab5a7d-6f40-474c-9abd-0651cf30726e@group-E8ADAFC04A7A-SegmentedRaftLogWorker] INFO  segmented.BufferedWriteChannel (BufferedWriteChannel.java:open(61)) - open log_inprogress_0 at position 0
2025-10-22 08:23:46,519 [grpc-default-executor-2] INFO  ratis.XceiverServerRatis (XceiverServerRatis.java:handleLeaderChangedNotification(940)) - Leader change notification received for group: group-E8ADAFC04A7A with new leaderId: 0cab5a7d-6f40-474c-9abd-0651cf30726e
2025-10-22 08:23:46,520 [grpc-default-executor-2] INFO  server.RaftServer$Division (ServerState.java:setLeader(272)) - 9d21e184-bccf-4583-95a7-0fe616dd3b4b@group-E8ADAFC04A7A: change Leader from null to 0cab5a7d-6f40-474c-9abd-0651cf30726e at term 1 for appendEntries, leader elected after 1119ms
2025-10-22 08:23:46,522 [grpc-default-executor-3] INFO  server.RaftServer$Division (ServerState.java:setRaftConf(386)) - 9d21e184-bccf-4583-95a7-0fe616dd3b4b@group-E8ADAFC04A7A: set configuration conf: {index: 0, cur=peers:[9d21e184-bccf-4583-95a7-0fe616dd3b4b|127.0.0.1:15079, 8aba082c-257b-43e3-ba61-5d436c5b38fa|127.0.0.1:15063, 0cab5a7d-6f40-474c-9abd-0651cf30726e|127.0.0.1:15071]|listeners:[], old=null}
2025-10-22 08:23:46,523 [grpc-default-executor-3] INFO  segmented.SegmentedRaftLogWorker (SegmentedRaftLogWorker.java:startLogSegment(440)) - 9d21e184-bccf-4583-95a7-0fe616dd3b4b@group-E8ADAFC04A7A-SegmentedRaftLogWorker: Starting segment from index:0
2025-10-22 08:23:46,523 [EventQueue-PipelineReportForPipelineReportHandler] INFO  pipeline.PipelineReportHandler (PipelineReportHandler.java:processPipelineReport(132)) - Opened pipeline Pipeline-daae6601-de49-4157-b371-e8adafc04a7a
2025-10-22 08:23:46,523 [8aba082c-257b-43e3-ba61-5d436c5b38fa@group-45121E95117A-FollowerState] INFO  impl.FollowerState (FollowerState.java:runImpl(161)) - 8aba082c-257b-43e3-ba61-5d436c5b38fa@group-45121E95117A-FollowerState: change to CANDIDATE, lastRpcElapsedTime:1050993801ns, electionTimeout:1050ms
2025-10-22 08:23:46,523 [8aba082c-257b-43e3-ba61-5d436c5b38fa@group-45121E95117A-FollowerState] INFO  impl.RoleInfo (RoleInfo.java:shutdownFollowerState(121)) - 8aba082c-257b-43e3-ba61-5d436c5b38fa: shutdown 8aba082c-257b-43e3-ba61-5d436c5b38fa@group-45121E95117A-FollowerState
2025-10-22 08:23:46,523 [8aba082c-257b-43e3-ba61-5d436c5b38fa@group-45121E95117A-FollowerState] INFO  server.RaftServer$Division (RaftServerImpl.java:setRole(392)) - 8aba082c-257b-43e3-ba61-5d436c5b38fa@group-45121E95117A: changes role from  FOLLOWER to CANDIDATE at term 0 for changeToCandidate
2025-10-22 08:23:46,524 [8aba082c-257b-43e3-ba61-5d436c5b38fa@group-45121E95117A-FollowerState] INFO  impl.RoleInfo (RoleInfo.java:updateAndGet(148)) - 8aba082c-257b-43e3-ba61-5d436c5b38fa: start 8aba082c-257b-43e3-ba61-5d436c5b38fa@group-45121E95117A-LeaderElection18
2025-10-22 08:23:46,524 [9d21e184-bccf-4583-95a7-0fe616dd3b4b@group-E8ADAFC04A7A-SegmentedRaftLogWorker] INFO  segmented.BufferedWriteChannel (BufferedWriteChannel.java:open(61)) - open log_inprogress_0 at position 0
2025-10-22 08:23:46,525 [8aba082c-257b-43e3-ba61-5d436c5b38fa@group-45121E95117A-LeaderElection18] INFO  impl.LeaderElection (LeaderElection.java:askForVotes(448)) - 8aba082c-257b-43e3-ba61-5d436c5b38fa@group-45121E95117A-LeaderElection18 PRE_VOTE round 0: submit vote requests at term 0 for conf: {index: -1, cur=peers:[9d21e184-bccf-4583-95a7-0fe616dd3b4b|127.0.0.1:15079, 8aba082c-257b-43e3-ba61-5d436c5b38fa|127.0.0.1:15063, 0cab5a7d-6f40-474c-9abd-0651cf30726e|127.0.0.1:15071]|listeners:[], old=null}
2025-10-22 08:23:46,526 [grpc-default-executor-2] INFO  ratis.XceiverServerRatis (XceiverServerRatis.java:handleLeaderChangedNotification(940)) - Leader change notification received for group: group-E8ADAFC04A7A with new leaderId: 0cab5a7d-6f40-474c-9abd-0651cf30726e
2025-10-22 08:23:46,526 [grpc-default-executor-2] INFO  server.RaftServer$Division (ServerState.java:setLeader(272)) - 8aba082c-257b-43e3-ba61-5d436c5b38fa@group-E8ADAFC04A7A: change Leader from null to 0cab5a7d-6f40-474c-9abd-0651cf30726e at term 1 for appendEntries, leader elected after 1231ms
2025-10-22 08:23:46,526 [grpc-default-executor-2] INFO  server.RaftServer$Division (ServerState.java:setRaftConf(386)) - 8aba082c-257b-43e3-ba61-5d436c5b38fa@group-E8ADAFC04A7A: set configuration conf: {index: 0, cur=peers:[9d21e184-bccf-4583-95a7-0fe616dd3b4b|127.0.0.1:15079, 8aba082c-257b-43e3-ba61-5d436c5b38fa|127.0.0.1:15063, 0cab5a7d-6f40-474c-9abd-0651cf30726e|127.0.0.1:15071]|listeners:[], old=null}
2025-10-22 08:23:46,526 [grpc-default-executor-2] INFO  segmented.SegmentedRaftLogWorker (SegmentedRaftLogWorker.java:startLogSegment(440)) - 8aba082c-257b-43e3-ba61-5d436c5b38fa@group-E8ADAFC04A7A-SegmentedRaftLogWorker: Starting segment from index:0
2025-10-22 08:23:46,527 [0cab5a7d-6f40-474c-9abd-0651cf30726e@group-E8ADAFC04A7A-SegmentedRaftLogWorker] INFO  segmented.SegmentedRaftLogWorker (SegmentedRaftLogWorker.java:execute(647)) - 0cab5a7d-6f40-474c-9abd-0651cf30726e@group-E8ADAFC04A7A-SegmentedRaftLogWorker: created new log segment /home/runner/work/ozone/ozone/hadoop-ozone/integration-test/target/test-dir/MiniOzoneClusterImpl-a412b9f6-7d8b-4de3-a85c-9946bceaa3a0/ozone-metadata/datanode-8/ratis/daae6601-de49-4157-b371-e8adafc04a7a/current/log_inprogress_0
2025-10-22 08:23:46,527 [8aba082c-257b-43e3-ba61-5d436c5b38fa@group-E8ADAFC04A7A-SegmentedRaftLogWorker] INFO  segmented.BufferedWriteChannel (BufferedWriteChannel.java:open(61)) - open log_inprogress_0 at position 0
2025-10-22 08:23:46,533 [grpc-default-executor-3] INFO  server.RaftServer$Division (RaftServerImpl.java:requestVote(1421)) - 9d21e184-bccf-4583-95a7-0fe616dd3b4b@group-45121E95117A: receive requestVote(PRE_VOTE, 8aba082c-257b-43e3-ba61-5d436c5b38fa, group-45121E95117A, 0, <PROTO_DEFAULT>)
2025-10-22 08:23:46,533 [grpc-default-executor-3] INFO  impl.VoteContext (VoteContext.java:log(49)) - 9d21e184-bccf-4583-95a7-0fe616dd3b4b@group-45121E95117A-FOLLOWER: accept PRE_VOTE from 8aba082c-257b-43e3-ba61-5d436c5b38fa: our priority 0 <= candidate's priority 1
2025-10-22 08:23:46,534 [grpc-default-executor-3] INFO  server.RaftServer$Division (RaftServerImpl.java:requestVote(1455)) - 9d21e184-bccf-4583-95a7-0fe616dd3b4b@group-45121E95117A replies to PRE_VOTE vote request: 8aba082c-257b-43e3-ba61-5d436c5b38fa<-9d21e184-bccf-4583-95a7-0fe616dd3b4b#0:OK-t0-last:<INITIAL_VALUE>. Peer's state: 9d21e184-bccf-4583-95a7-0fe616dd3b4b@group-45121E95117A:t0, leader=null, voted=, raftlog=Memoized:9d21e184-bccf-4583-95a7-0fe616dd3b4b@group-45121E95117A-SegmentedRaftLog:OPENED:c-1:lastnull, conf=conf: {index: -1, cur=peers:[9d21e184-bccf-4583-95a7-0fe616dd3b4b|127.0.0.1:15079, 8aba082c-257b-43e3-ba61-5d436c5b38fa|127.0.0.1:15063, 0cab5a7d-6f40-474c-9abd-0651cf30726e|127.0.0.1:15071]|listeners:[], old=null}
2025-10-22 08:23:46,535 [grpc-default-executor-0] INFO  server.RaftServer$Division (RaftServerImpl.java:requestVote(1421)) - 0cab5a7d-6f40-474c-9abd-0651cf30726e@group-45121E95117A: receive requestVote(PRE_VOTE, 8aba082c-257b-43e3-ba61-5d436c5b38fa, group-45121E95117A, 0, <PROTO_DEFAULT>)
2025-10-22 08:23:46,535 [grpc-default-executor-0] INFO  impl.VoteContext (VoteContext.java:log(49)) - 0cab5a7d-6f40-474c-9abd-0651cf30726e@group-45121E95117A-FOLLOWER: accept PRE_VOTE from 8aba082c-257b-43e3-ba61-5d436c5b38fa: our priority 0 <= candidate's priority 1
2025-10-22 08:23:46,535 [grpc-default-executor-0] INFO  server.RaftServer$Division (RaftServerImpl.java:requestVote(1455)) - 0cab5a7d-6f40-474c-9abd-0651cf30726e@group-45121E95117A replies to PRE_VOTE vote request: 8aba082c-257b-43e3-ba61-5d436c5b38fa<-0cab5a7d-6f40-474c-9abd-0651cf30726e#0:OK-t0-last:<INITIAL_VALUE>. Peer's state: 0cab5a7d-6f40-474c-9abd-0651cf30726e@group-45121E95117A:t0, leader=null, voted=, raftlog=Memoized:0cab5a7d-6f40-474c-9abd-0651cf30726e@group-45121E95117A-SegmentedRaftLog:OPENED:c-1:lastnull, conf=conf: {index: -1, cur=peers:[9d21e184-bccf-4583-95a7-0fe616dd3b4b|127.0.0.1:15079, 8aba082c-257b-43e3-ba61-5d436c5b38fa|127.0.0.1:15063, 0cab5a7d-6f40-474c-9abd-0651cf30726e|127.0.0.1:15071]|listeners:[], old=null}
2025-10-22 08:23:46,535 [8aba082c-257b-43e3-ba61-5d436c5b38fa@group-45121E95117A-LeaderElection18] INFO  impl.LeaderElection (LeaderElection.java:logAndReturn(206)) - 8aba082c-257b-43e3-ba61-5d436c5b38fa@group-45121E95117A-LeaderElection18: PRE_VOTE PASSED received 1 response(s) and 0 exception(s):
2025-10-22 08:23:46,536 [8aba082c-257b-43e3-ba61-5d436c5b38fa@group-45121E95117A-LeaderElection18] INFO  impl.LeaderElection (LeaderElection.java:logAndReturn(210)) -   Response 0: 8aba082c-257b-43e3-ba61-5d436c5b38fa<-9d21e184-bccf-4583-95a7-0fe616dd3b4b#0:OK-t0-last:<INITIAL_VALUE>
2025-10-22 08:23:46,535 [8aba082c-257b-43e3-ba61-5d436c5b38fa@group-E8ADAFC04A7A-SegmentedRaftLogWorker] INFO  segmented.SegmentedRaftLogWorker (SegmentedRaftLogWorker.java:execute(647)) - 8aba082c-257b-43e3-ba61-5d436c5b38fa@group-E8ADAFC04A7A-SegmentedRaftLogWorker: created new log segment /home/runner/work/ozone/ozone/hadoop-ozone/integration-test/target/test-dir/MiniOzoneClusterImpl-a412b9f6-7d8b-4de3-a85c-9946bceaa3a0/ozone-metadata/datanode-7/ratis/daae6601-de49-4157-b371-e8adafc04a7a/current/log_inprogress_0
2025-10-22 08:23:46,536 [8aba082c-257b-43e3-ba61-5d436c5b38fa@group-45121E95117A-LeaderElection18] INFO  impl.LeaderElection (LeaderElection.java:askForVotes(450)) - 8aba082c-257b-43e3-ba61-5d436c5b38fa@group-45121E95117A-LeaderElection18 PRE_VOTE round 0: result PASSED
2025-10-22 08:23:46,537 [9d21e184-bccf-4583-95a7-0fe616dd3b4b@group-E8ADAFC04A7A-SegmentedRaftLogWorker] INFO  segmented.SegmentedRaftLogWorker (SegmentedRaftLogWorker.java:execute(647)) - 9d21e184-bccf-4583-95a7-0fe616dd3b4b@group-E8ADAFC04A7A-SegmentedRaftLogWorker: created new log segment /home/runner/work/ozone/ozone/hadoop-ozone/integration-test/target/test-dir/MiniOzoneClusterImpl-a412b9f6-7d8b-4de3-a85c-9946bceaa3a0/ozone-metadata/datanode-9/ratis/daae6601-de49-4157-b371-e8adafc04a7a/current/log_inprogress_0
2025-10-22 08:23:46,539 [8aba082c-257b-43e3-ba61-5d436c5b38fa@group-45121E95117A-LeaderElection18] INFO  impl.LeaderElection (LeaderElection.java:askForVotes(448)) - 8aba082c-257b-43e3-ba61-5d436c5b38fa@group-45121E95117A-LeaderElection18 ELECTION round 0: submit vote requests at term 1 for conf: {index: -1, cur=peers:[9d21e184-bccf-4583-95a7-0fe616dd3b4b|127.0.0.1:15079, 8aba082c-257b-43e3-ba61-5d436c5b38fa|127.0.0.1:15063, 0cab5a7d-6f40-474c-9abd-0651cf30726e|127.0.0.1:15071]|listeners:[], old=null}
2025-10-22 08:23:46,542 [grpc-default-executor-0] INFO  server.RaftServer$Division (RaftServerImpl.java:requestVote(1421)) - 9d21e184-bccf-4583-95a7-0fe616dd3b4b@group-45121E95117A: receive requestVote(ELECTION, 8aba082c-257b-43e3-ba61-5d436c5b38fa, group-45121E95117A, 1, <PROTO_DEFAULT>)
2025-10-22 08:23:46,542 [grpc-default-executor-0] INFO  impl.VoteContext (VoteContext.java:log(49)) - 9d21e184-bccf-4583-95a7-0fe616dd3b4b@group-45121E95117A-FOLLOWER: accept ELECTION from 8aba082c-257b-43e3-ba61-5d436c5b38fa: our priority 0 <= candidate's priority 1
2025-10-22 08:23:46,542 [grpc-default-executor-0] INFO  server.RaftServer$Division (RaftServerImpl.java:setRole(392)) - 9d21e184-bccf-4583-95a7-0fe616dd3b4b@group-45121E95117A: changes role from  FOLLOWER to FOLLOWER at term 0 for candidate:8aba082c-257b-43e3-ba61-5d436c5b38fa
2025-10-22 08:23:46,542 [grpc-default-executor-0] INFO  impl.RoleInfo (RoleInfo.java:shutdownFollowerState(121)) - 9d21e184-bccf-4583-95a7-0fe616dd3b4b: shutdown 9d21e184-bccf-4583-95a7-0fe616dd3b4b@group-45121E95117A-FollowerState
2025-10-22 08:23:46,542 [grpc-default-executor-0] INFO  impl.RoleInfo (RoleInfo.java:updateAndGet(148)) - 9d21e184-bccf-4583-95a7-0fe616dd3b4b: start 9d21e184-bccf-4583-95a7-0fe616dd3b4b@group-45121E95117A-FollowerState
2025-10-22 08:23:46,542 [0cab5a7d-6f40-474c-9abd-0651cf30726e@group-E8ADAFC04A7A-StateMachineUpdater] INFO  server.RaftServer$Division (LeaderStateImpl.java:checkStartIndex(309)) - Leader 0cab5a7d-6f40-474c-9abd-0651cf30726e@group-E8ADAFC04A7A-LeaderStateImpl is ready since appliedIndex == startIndex == 0
2025-10-22 08:23:46,542 [9d21e184-bccf-4583-95a7-0fe616dd3b4b@group-45121E95117A-FollowerState] INFO  impl.FollowerState (FollowerState.java:runImpl(170)) - 9d21e184-bccf-4583-95a7-0fe616dd3b4b@group-45121E95117A-FollowerState was interrupted
2025-10-22 08:23:46,543 [grpc-default-executor-0] INFO  server.RaftServer$Division (RaftServerImpl.java:setFirstElection(576)) - 9d21e184-bccf-4583-95a7-0fe616dd3b4b@group-45121E95117A: set firstElectionSinceStartup to false for candidate:8aba082c-257b-43e3-ba61-5d436c5b38fa
2025-10-22 08:23:46,543 [grpc-default-executor-3] INFO  server.RaftServer$Division (RaftServerImpl.java:requestVote(1421)) - 0cab5a7d-6f40-474c-9abd-0651cf30726e@group-45121E95117A: receive requestVote(ELECTION, 8aba082c-257b-43e3-ba61-5d436c5b38fa, group-45121E95117A, 1, <PROTO_DEFAULT>)
2025-10-22 08:23:46,543 [grpc-default-executor-3] INFO  impl.VoteContext (VoteContext.java:log(49)) - 0cab5a7d-6f40-474c-9abd-0651cf30726e@group-45121E95117A-FOLLOWER: accept ELECTION from 8aba082c-257b-43e3-ba61-5d436c5b38fa: our priority 0 <= candidate's priority 1
2025-10-22 08:23:46,543 [grpc-default-executor-3] INFO  server.RaftServer$Division (RaftServerImpl.java:setRole(392)) - 0cab5a7d-6f40-474c-9abd-0651cf30726e@group-45121E95117A: changes role from  FOLLOWER to FOLLOWER at term 0 for candidate:8aba082c-257b-43e3-ba61-5d436c5b38fa
2025-10-22 08:23:46,544 [grpc-default-executor-3] INFO  impl.RoleInfo (RoleInfo.java:shutdownFollowerState(121)) - 0cab5a7d-6f40-474c-9abd-0651cf30726e: shutdown 0cab5a7d-6f40-474c-9abd-0651cf30726e@group-45121E95117A-FollowerState
2025-10-22 08:23:46,544 [0cab5a7d-6f40-474c-9abd-0651cf30726e@group-45121E95117A-FollowerState] INFO  impl.FollowerState (FollowerState.java:runImpl(170)) - 0cab5a7d-6f40-474c-9abd-0651cf30726e@group-45121E95117A-FollowerState was interrupted
2025-10-22 08:23:46,544 [grpc-default-executor-3] INFO  impl.RoleInfo (RoleInfo.java:updateAndGet(148)) - 0cab5a7d-6f40-474c-9abd-0651cf30726e: start 0cab5a7d-6f40-474c-9abd-0651cf30726e@group-45121E95117A-FollowerState
2025-10-22 08:23:46,544 [grpc-default-executor-3] INFO  server.RaftServer$Division (RaftServerImpl.java:setFirstElection(576)) - 0cab5a7d-6f40-474c-9abd-0651cf30726e@group-45121E95117A: set firstElectionSinceStartup to false for candidate:8aba082c-257b-43e3-ba61-5d436c5b38fa
2025-10-22 08:23:46,544 [grpc-default-executor-0] INFO  server.RaftServer$Division (RaftServerImpl.java:requestVote(1455)) - 9d21e184-bccf-4583-95a7-0fe616dd3b4b@group-45121E95117A replies to ELECTION vote request: 8aba082c-257b-43e3-ba61-5d436c5b38fa<-9d21e184-bccf-4583-95a7-0fe616dd3b4b#0:OK-t1-last:<INITIAL_VALUE>. Peer's state: 9d21e184-bccf-4583-95a7-0fe616dd3b4b@group-45121E95117A:t1, leader=null, voted=8aba082c-257b-43e3-ba61-5d436c5b38fa, raftlog=Memoized:9d21e184-bccf-4583-95a7-0fe616dd3b4b@group-45121E95117A-SegmentedRaftLog:OPENED:c-1:lastnull, conf=conf: {index: -1, cur=peers:[9d21e184-bccf-4583-95a7-0fe616dd3b4b|127.0.0.1:15079, 8aba082c-257b-43e3-ba61-5d436c5b38fa|127.0.0.1:15063, 0cab5a7d-6f40-474c-9abd-0651cf30726e|127.0.0.1:15071]|listeners:[], old=null}
2025-10-22 08:23:46,545 [grpc-default-executor-3] INFO  server.RaftServer$Division (RaftServerImpl.java:requestVote(1455)) - 0cab5a7d-6f40-474c-9abd-0651cf30726e@group-45121E95117A replies to ELECTION vote request: 8aba082c-257b-43e3-ba61-5d436c5b38fa<-0cab5a7d-6f40-474c-9abd-0651cf30726e#0:OK-t1-last:<INITIAL_VALUE>. Peer's state: 0cab5a7d-6f40-474c-9abd-0651cf30726e@group-45121E95117A:t1, leader=null, voted=8aba082c-257b-43e3-ba61-5d436c5b38fa, raftlog=Memoized:0cab5a7d-6f40-474c-9abd-0651cf30726e@group-45121E95117A-SegmentedRaftLog:OPENED:c-1:lastnull, conf=conf: {index: -1, cur=peers:[9d21e184-bccf-4583-95a7-0fe616dd3b4b|127.0.0.1:15079, 8aba082c-257b-43e3-ba61-5d436c5b38fa|127.0.0.1:15063, 0cab5a7d-6f40-474c-9abd-0651cf30726e|127.0.0.1:15071]|listeners:[], old=null}
2025-10-22 08:23:46,546 [8aba082c-257b-43e3-ba61-5d436c5b38fa@group-45121E95117A-LeaderElection18] INFO  impl.LeaderElection (LeaderElection.java:logAndReturn(206)) - 8aba082c-257b-43e3-ba61-5d436c5b38fa@group-45121E95117A-LeaderElection18: ELECTION PASSED received 1 response(s) and 0 exception(s):
2025-10-22 08:23:46,546 [8aba082c-257b-43e3-ba61-5d436c5b38fa@group-45121E95117A-LeaderElection18] INFO  impl.LeaderElection (LeaderElection.java:logAndReturn(210)) -   Response 0: 8aba082c-257b-43e3-ba61-5d436c5b38fa<-9d21e184-bccf-4583-95a7-0fe616dd3b4b#0:OK-t1-last:<INITIAL_VALUE>
2025-10-22 08:23:46,546 [8aba082c-257b-43e3-ba61-5d436c5b38fa@group-45121E95117A-LeaderElection18] INFO  impl.LeaderElection (LeaderElection.java:askForVotes(450)) - 8aba082c-257b-43e3-ba61-5d436c5b38fa@group-45121E95117A-LeaderElection18 ELECTION round 0: result PASSED
2025-10-22 08:23:46,546 [8aba082c-257b-43e3-ba61-5d436c5b38fa@group-45121E95117A-LeaderElection18] INFO  impl.RoleInfo (RoleInfo.java:shutdownLeaderElection(141)) - 8aba082c-257b-43e3-ba61-5d436c5b38fa: shutdown 8aba082c-257b-43e3-ba61-5d436c5b38fa@group-45121E95117A-LeaderElection18
2025-10-22 08:23:46,547 [8aba082c-257b-43e3-ba61-5d436c5b38fa@group-45121E95117A-LeaderElection18] INFO  server.RaftServer$Division (RaftServerImpl.java:setRole(392)) - 8aba082c-257b-43e3-ba61-5d436c5b38fa@group-45121E95117A: changes role from CANDIDATE to LEADER at term 1 for changeToLeader
2025-10-22 08:23:46,547 [8aba082c-257b-43e3-ba61-5d436c5b38fa@group-45121E95117A-LeaderElection18] INFO  server.RaftServerConfigKeys (ConfUtils.java:logFallback(69)) - raft.server.staging.timeout = 3600ms (fallback to raft.server.rpc.timeout.max)
2025-10-22 08:23:46,547 [8aba082c-257b-43e3-ba61-5d436c5b38fa@group-45121E95117A-LeaderElection18] INFO  server.RaftServerConfigKeys (ConfUtils.java:logGet(62)) - raft.server.write.byte-limit = 1024 M (=1073741824) (custom)
2025-10-22 08:23:46,549 [8aba082c-257b-43e3-ba61-5d436c5b38fa@group-45121E95117A-LeaderElection18] INFO  server.RaftServerConfigKeys (ConfUtils.java:logGet(62)) - raft.server.log.appender.buffer.byte-limit = 33554432 (custom)
2025-10-22 08:23:46,550 [8aba082c-257b-43e3-ba61-5d436c5b38fa@group-45121E95117A-LeaderElection18] INFO  server.RaftServerConfigKeys (ConfUtils.java:logGet(62)) - raft.server.log.appender.buffer.byte-limit = 33554432 (custom)
2025-10-22 08:23:46,550 [8aba082c-257b-43e3-ba61-5d436c5b38fa@group-45121E95117A-LeaderElection18] INFO  impl.RoleInfo (RoleInfo.java:updateAndGet(148)) - 8aba082c-257b-43e3-ba61-5d436c5b38fa: start 8aba082c-257b-43e3-ba61-5d436c5b38fa@group-45121E95117A-LeaderStateImpl
2025-10-22 08:23:46,551 [8aba082c-257b-43e3-ba61-5d436c5b38fa@group-45121E95117A-LeaderElection18] INFO  server.RaftServer$Division (RaftServerImpl.java:setFirstElection(576)) - 8aba082c-257b-43e3-ba61-5d436c5b38fa@group-45121E95117A: set firstElectionSinceStartup to false for becomeLeader
2025-10-22 08:23:46,551 [8aba082c-257b-43e3-ba61-5d436c5b38fa@group-45121E95117A-LeaderElection18] INFO  ratis.XceiverServerRatis (XceiverServerRatis.java:handleLeaderChangedNotification(940)) - Leader change notification received for group: group-45121E95117A with new leaderId: 8aba082c-257b-43e3-ba61-5d436c5b38fa
2025-10-22 08:23:46,551 [8aba082c-257b-43e3-ba61-5d436c5b38fa@group-45121E95117A-LeaderElection18] INFO  server.RaftServer$Division (ServerState.java:setLeader(272)) - 8aba082c-257b-43e3-ba61-5d436c5b38fa@group-45121E95117A: change Leader from null to 8aba082c-257b-43e3-ba61-5d436c5b38fa at term 1 for becomeLeader, leader elected after 1107ms
2025-10-22 08:23:46,551 [8aba082c-257b-43e3-ba61-5d436c5b38fa@group-45121E95117A-LeaderElection18] INFO  segmented.SegmentedRaftLogWorker (SegmentedRaftLogWorker.java:startLogSegment(440)) - 8aba082c-257b-43e3-ba61-5d436c5b38fa@group-45121E95117A-SegmentedRaftLogWorker: Starting segment from index:0
2025-10-22 08:23:46,551 [8aba082c-257b-43e3-ba61-5d436c5b38fa@group-45121E95117A-LeaderElection18] INFO  server.RaftServer$Division (ServerState.java:setRaftConf(386)) - 8aba082c-257b-43e3-ba61-5d436c5b38fa@group-45121E95117A: set configuration conf: {index: 0, cur=peers:[9d21e184-bccf-4583-95a7-0fe616dd3b4b|127.0.0.1:15079, 8aba082c-257b-43e3-ba61-5d436c5b38fa|127.0.0.1:15063, 0cab5a7d-6f40-474c-9abd-0651cf30726e|127.0.0.1:15071]|listeners:[], old=null}
2025-10-22 08:23:46,551 [8aba082c-257b-43e3-ba61-5d436c5b38fa@group-45121E95117A-SegmentedRaftLogWorker] INFO  segmented.BufferedWriteChannel (BufferedWriteChannel.java:open(61)) - open log_inprogress_0 at position 0
2025-10-22 08:23:46,563 [8aba082c-257b-43e3-ba61-5d436c5b38fa@group-45121E95117A-SegmentedRaftLogWorker] INFO  segmented.SegmentedRaftLogWorker (SegmentedRaftLogWorker.java:execute(647)) - 8aba082c-257b-43e3-ba61-5d436c5b38fa@group-45121E95117A-SegmentedRaftLogWorker: created new log segment /home/runner/work/ozone/ozone/hadoop-ozone/integration-test/target/test-dir/MiniOzoneClusterImpl-a412b9f6-7d8b-4de3-a85c-9946bceaa3a0/ozone-metadata/datanode-7/ratis/967bd5c3-d4b6-4c7a-afa3-45121e95117a/current/log_inprogress_0
2025-10-22 08:23:46,563 [grpc-default-executor-3] INFO  ratis.XceiverServerRatis (XceiverServerRatis.java:handleLeaderChangedNotification(940)) - Leader change notification received for group: group-45121E95117A with new leaderId: 8aba082c-257b-43e3-ba61-5d436c5b38fa
2025-10-22 08:23:46,563 [grpc-default-executor-3] INFO  server.RaftServer$Division (ServerState.java:setLeader(272)) - 9d21e184-bccf-4583-95a7-0fe616dd3b4b@group-45121E95117A: change Leader from null to 8aba082c-257b-43e3-ba61-5d436c5b38fa at term 1 for appendEntries, leader elected after 1002ms
2025-10-22 08:23:46,563 [grpc-default-executor-3] INFO  server.RaftServer$Division (ServerState.java:setRaftConf(386)) - 9d21e184-bccf-4583-95a7-0fe616dd3b4b@group-45121E95117A: set configuration conf: {index: 0, cur=peers:[9d21e184-bccf-4583-95a7-0fe616dd3b4b|127.0.0.1:15079, 8aba082c-257b-43e3-ba61-5d436c5b38fa|127.0.0.1:15063, 0cab5a7d-6f40-474c-9abd-0651cf30726e|127.0.0.1:15071]|listeners:[], old=null}
2025-10-22 08:23:46,563 [grpc-default-executor-3] INFO  segmented.SegmentedRaftLogWorker (SegmentedRaftLogWorker.java:startLogSegment(440)) - 9d21e184-bccf-4583-95a7-0fe616dd3b4b@group-45121E95117A-SegmentedRaftLogWorker: Starting segment from index:0
2025-10-22 08:23:46,564 [9d21e184-bccf-4583-95a7-0fe616dd3b4b@group-45121E95117A-SegmentedRaftLogWorker] INFO  segmented.BufferedWriteChannel (BufferedWriteChannel.java:open(61)) - open log_inprogress_0 at position 0
2025-10-22 08:23:46,565 [grpc-default-executor-2] INFO  ratis.XceiverServerRatis (XceiverServerRatis.java:handleLeaderChangedNotification(940)) - Leader change notification received for group: group-45121E95117A with new leaderId: 8aba082c-257b-43e3-ba61-5d436c5b38fa
2025-10-22 08:23:46,565 [grpc-default-executor-2] INFO  server.RaftServer$Division (ServerState.java:setLeader(272)) - 0cab5a7d-6f40-474c-9abd-0651cf30726e@group-45121E95117A: change Leader from null to 8aba082c-257b-43e3-ba61-5d436c5b38fa at term 1 for appendEntries, leader elected after 1064ms
2025-10-22 08:23:46,565 [grpc-default-executor-2] INFO  server.RaftServer$Division (ServerState.java:setRaftConf(386)) - 0cab5a7d-6f40-474c-9abd-0651cf30726e@group-45121E95117A: set configuration conf: {index: 0, cur=peers:[9d21e184-bccf-4583-95a7-0fe616dd3b4b|127.0.0.1:15079, 8aba082c-257b-43e3-ba61-5d436c5b38fa|127.0.0.1:15063, 0cab5a7d-6f40-474c-9abd-0651cf30726e|127.0.0.1:15071]|listeners:[], old=null}
2025-10-22 08:23:46,565 [grpc-default-executor-2] INFO  segmented.SegmentedRaftLogWorker (SegmentedRaftLogWorker.java:startLogSegment(440)) - 0cab5a7d-6f40-474c-9abd-0651cf30726e@group-45121E95117A-SegmentedRaftLogWorker: Starting segment from index:0
2025-10-22 08:23:46,565 [0cab5a7d-6f40-474c-9abd-0651cf30726e@group-45121E95117A-SegmentedRaftLogWorker] INFO  segmented.BufferedWriteChannel (BufferedWriteChannel.java:open(61)) - open log_inprogress_0 at position 0
2025-10-22 08:23:46,568 [EventQueue-PipelineReportForPipelineReportHandler] INFO  pipeline.PipelineReportHandler (PipelineReportHandler.java:processPipelineReport(132)) - Opened pipeline Pipeline-967bd5c3-d4b6-4c7a-afa3-45121e95117a
2025-10-22 08:23:46,573 [9d21e184-bccf-4583-95a7-0fe616dd3b4b@group-45121E95117A-SegmentedRaftLogWorker] INFO  segmented.SegmentedRaftLogWorker (SegmentedRaftLogWorker.java:execute(647)) - 9d21e184-bccf-4583-95a7-0fe616dd3b4b@group-45121E95117A-SegmentedRaftLogWorker: created new log segment /home/runner/work/ozone/ozone/hadoop-ozone/integration-test/target/test-dir/MiniOzoneClusterImpl-a412b9f6-7d8b-4de3-a85c-9946bceaa3a0/ozone-metadata/datanode-9/ratis/967bd5c3-d4b6-4c7a-afa3-45121e95117a/current/log_inprogress_0
2025-10-22 08:23:46,574 [0cab5a7d-6f40-474c-9abd-0651cf30726e@group-45121E95117A-SegmentedRaftLogWorker] INFO  segmented.SegmentedRaftLogWorker (SegmentedRaftLogWorker.java:execute(647)) - 0cab5a7d-6f40-474c-9abd-0651cf30726e@group-45121E95117A-SegmentedRaftLogWorker: created new log segment /home/runner/work/ozone/ozone/hadoop-ozone/integration-test/target/test-dir/MiniOzoneClusterImpl-a412b9f6-7d8b-4de3-a85c-9946bceaa3a0/ozone-metadata/datanode-8/ratis/967bd5c3-d4b6-4c7a-afa3-45121e95117a/current/log_inprogress_0
2025-10-22 08:23:46,577 [8aba082c-257b-43e3-ba61-5d436c5b38fa@group-45121E95117A-StateMachineUpdater] INFO  server.RaftServer$Division (LeaderStateImpl.java:checkStartIndex(309)) - Leader 8aba082c-257b-43e3-ba61-5d436c5b38fa@group-45121E95117A-LeaderStateImpl is ready since appliedIndex == startIndex == 0
2025-10-22 08:23:46,665 [4d8a2798-959e-416b-b534-19c13b55a760-impl-thread3] INFO  segmented.SegmentedRaftLogWorker (SegmentedRaftLogWorker.java:close(254)) - 4d8a2798-959e-416b-b534-19c13b55a760@group-C626CE820278-SegmentedRaftLogWorker close()
2025-10-22 08:23:46,667 [4d8a2798-959e-416b-b534-19c13b55a760-impl-thread3] INFO  ratis.ContainerStateMachine (ContainerStateMachine.java:notifyServerShutdown(1038)) - group-C626CE820278 is closed by HddsDatanodeService
2025-10-22 08:23:46,699 [0cab5a7d-6f40-474c-9abd-0651cf30726e@group-EE76401C21D3-FollowerState] INFO  impl.FollowerState (FollowerState.java:runImpl(161)) - 0cab5a7d-6f40-474c-9abd-0651cf30726e@group-EE76401C21D3-FollowerState: change to CANDIDATE, lastRpcElapsedTime:1131801738ns, electionTimeout:1129ms
2025-10-22 08:23:46,699 [0cab5a7d-6f40-474c-9abd-0651cf30726e@group-EE76401C21D3-FollowerState] INFO  impl.RoleInfo (RoleInfo.java:shutdownFollowerState(121)) - 0cab5a7d-6f40-474c-9abd-0651cf30726e: shutdown 0cab5a7d-6f40-474c-9abd-0651cf30726e@group-EE76401C21D3-FollowerState
2025-10-22 08:23:46,699 [0cab5a7d-6f40-474c-9abd-0651cf30726e@group-EE76401C21D3-FollowerState] INFO  server.RaftServer$Division (RaftServerImpl.java:setRole(392)) - 0cab5a7d-6f40-474c-9abd-0651cf30726e@group-EE76401C21D3: changes role from  FOLLOWER to CANDIDATE at term 0 for changeToCandidate
2025-10-22 08:23:46,699 [0cab5a7d-6f40-474c-9abd-0651cf30726e@group-EE76401C21D3-FollowerState] INFO  impl.RoleInfo (RoleInfo.java:updateAndGet(148)) - 0cab5a7d-6f40-474c-9abd-0651cf30726e: start 0cab5a7d-6f40-474c-9abd-0651cf30726e@group-EE76401C21D3-LeaderElection19
2025-10-22 08:23:46,700 [0cab5a7d-6f40-474c-9abd-0651cf30726e@group-EE76401C21D3-LeaderElection19] INFO  impl.LeaderElection (LeaderElection.java:askForVotes(448)) - 0cab5a7d-6f40-474c-9abd-0651cf30726e@group-EE76401C21D3-LeaderElection19 PRE_VOTE round 0: submit vote requests at term 0 for conf: {index: -1, cur=peers:[0cab5a7d-6f40-474c-9abd-0651cf30726e|127.0.0.1:15071]|listeners:[], old=null}
2025-10-22 08:23:46,700 [0cab5a7d-6f40-474c-9abd-0651cf30726e@group-EE76401C21D3-LeaderElection19] INFO  impl.LeaderElection (LeaderElection.java:askForVotes(450)) - 0cab5a7d-6f40-474c-9abd-0651cf30726e@group-EE76401C21D3-LeaderElection19 PRE_VOTE round 0: result PASSED (term=0)
2025-10-22 08:23:46,701 [0cab5a7d-6f40-474c-9abd-0651cf30726e@group-EE76401C21D3-LeaderElection19] INFO  impl.LeaderElection (LeaderElection.java:askForVotes(448)) - 0cab5a7d-6f40-474c-9abd-0651cf30726e@group-EE76401C21D3-LeaderElection19 ELECTION round 0: submit vote requests at term 1 for conf: {index: -1, cur=peers:[0cab5a7d-6f40-474c-9abd-0651cf30726e|127.0.0.1:15071]|listeners:[], old=null}
2025-10-22 08:23:46,701 [0cab5a7d-6f40-474c-9abd-0651cf30726e@group-EE76401C21D3-LeaderElection19] INFO  impl.LeaderElection (LeaderElection.java:askForVotes(450)) - 0cab5a7d-6f40-474c-9abd-0651cf30726e@group-EE76401C21D3-LeaderElection19 ELECTION round 0: result PASSED (term=1)
2025-10-22 08:23:46,701 [0cab5a7d-6f40-474c-9abd-0651cf30726e@group-EE76401C21D3-LeaderElection19] INFO  impl.RoleInfo (RoleInfo.java:shutdownLeaderElection(141)) - 0cab5a7d-6f40-474c-9abd-0651cf30726e: shutdown 0cab5a7d-6f40-474c-9abd-0651cf30726e@group-EE76401C21D3-LeaderElection19
2025-10-22 08:23:46,701 [0cab5a7d-6f40-474c-9abd-0651cf30726e@group-EE76401C21D3-LeaderElection19] INFO  server.RaftServer$Division (RaftServerImpl.java:setRole(392)) - 0cab5a7d-6f40-474c-9abd-0651cf30726e@group-EE76401C21D3: changes role from CANDIDATE to LEADER at term 1 for changeToLeader
2025-10-22 08:23:46,701 [0cab5a7d-6f40-474c-9abd-0651cf30726e@group-EE76401C21D3-LeaderElection19] INFO  server.RaftServerConfigKeys (ConfUtils.java:logFallback(69)) - raft.server.staging.timeout = 3600ms (fallback to raft.server.rpc.timeout.max)
2025-10-22 08:23:46,702 [0cab5a7d-6f40-474c-9abd-0651cf30726e@group-EE76401C21D3-LeaderElection19] INFO  server.RaftServerConfigKeys (ConfUtils.java:logGet(62)) - raft.server.write.byte-limit = 1024 M (=1073741824) (custom)
2025-10-22 08:23:46,702 [0cab5a7d-6f40-474c-9abd-0651cf30726e@group-EE76401C21D3-LeaderElection19] INFO  impl.RoleInfo (RoleInfo.java:updateAndGet(148)) - 0cab5a7d-6f40-474c-9abd-0651cf30726e: start 0cab5a7d-6f40-474c-9abd-0651cf30726e@group-EE76401C21D3-LeaderStateImpl
2025-10-22 08:23:46,702 [0cab5a7d-6f40-474c-9abd-0651cf30726e@group-EE76401C21D3-LeaderElection19] INFO  server.RaftServer$Division (RaftServerImpl.java:setFirstElection(576)) - 0cab5a7d-6f40-474c-9abd-0651cf30726e@group-EE76401C21D3: set firstElectionSinceStartup to false for becomeLeader
2025-10-22 08:23:46,702 [0cab5a7d-6f40-474c-9abd-0651cf30726e@group-EE76401C21D3-LeaderElection19] INFO  ratis.XceiverServerRatis (XceiverServerRatis.java:handleLeaderChangedNotification(940)) - Leader change notification received for group: group-EE76401C21D3 with new leaderId: 0cab5a7d-6f40-474c-9abd-0651cf30726e
2025-10-22 08:23:46,702 [0cab5a7d-6f40-474c-9abd-0651cf30726e@group-EE76401C21D3-LeaderElection19] INFO  server.RaftServer$Division (ServerState.java:setLeader(272)) - 0cab5a7d-6f40-474c-9abd-0651cf30726e@group-EE76401C21D3: change Leader from null to 0cab5a7d-6f40-474c-9abd-0651cf30726e at term 1 for becomeLeader, leader elected after 1159ms
2025-10-22 08:23:46,703 [0cab5a7d-6f40-474c-9abd-0651cf30726e@group-EE76401C21D3-LeaderElection19] INFO  segmented.SegmentedRaftLogWorker (SegmentedRaftLogWorker.java:startLogSegment(440)) - 0cab5a7d-6f40-474c-9abd-0651cf30726e@group-EE76401C21D3-SegmentedRaftLogWorker: Starting segment from index:0
2025-10-22 08:23:46,703 [0cab5a7d-6f40-474c-9abd-0651cf30726e@group-EE76401C21D3-LeaderElection19] INFO  server.RaftServer$Division (ServerState.java:setRaftConf(386)) - 0cab5a7d-6f40-474c-9abd-0651cf30726e@group-EE76401C21D3: set configuration conf: {index: 0, cur=peers:[0cab5a7d-6f40-474c-9abd-0651cf30726e|127.0.0.1:15071]|listeners:[], old=null}
2025-10-22 08:23:46,703 [0cab5a7d-6f40-474c-9abd-0651cf30726e@group-EE76401C21D3-SegmentedRaftLogWorker] INFO  segmented.BufferedWriteChannel (BufferedWriteChannel.java:open(61)) - open log_inprogress_0 at position 0
2025-10-22 08:23:46,708 [0cab5a7d-6f40-474c-9abd-0651cf30726e@group-EE76401C21D3-SegmentedRaftLogWorker] INFO  segmented.SegmentedRaftLogWorker (SegmentedRaftLogWorker.java:execute(647)) - 0cab5a7d-6f40-474c-9abd-0651cf30726e@group-EE76401C21D3-SegmentedRaftLogWorker: created new log segment /home/runner/work/ozone/ozone/hadoop-ozone/integration-test/target/test-dir/MiniOzoneClusterImpl-a412b9f6-7d8b-4de3-a85c-9946bceaa3a0/ozone-metadata/datanode-8/ratis/f4bcb322-ee1f-41bd-9c2f-ee76401c21d3/current/log_inprogress_0
2025-10-22 08:23:46,710 [0cab5a7d-6f40-474c-9abd-0651cf30726e@group-EE76401C21D3-StateMachineUpdater] INFO  server.RaftServer$Division (LeaderStateImpl.java:checkStartIndex(309)) - Leader 0cab5a7d-6f40-474c-9abd-0651cf30726e@group-EE76401C21D3-LeaderStateImpl is ready since appliedIndex == startIndex == 0
2025-10-22 08:23:46,871 [4d8a2798-959e-416b-b534-19c13b55a760-impl-thread2] INFO  segmented.SegmentedRaftLogWorker (SegmentedRaftLogWorker.java:close(254)) - 4d8a2798-959e-416b-b534-19c13b55a760@group-5E2F154B5BDB-SegmentedRaftLogWorker close()
2025-10-22 08:23:46,871 [4d8a2798-959e-416b-b534-19c13b55a760-impl-thread2] INFO  ratis.ContainerStateMachine (ContainerStateMachine.java:notifyServerShutdown(1038)) - group-5E2F154B5BDB is closed by HddsDatanodeService
2025-10-22 08:23:46,871 [JvmPauseMonitor4] INFO  util.JvmPauseMonitor (JvmPauseMonitor.java:run(152)) - JvmPauseMonitor-4d8a2798-959e-416b-b534-19c13b55a760: Stopped
2025-10-22 08:23:46,948 [9d21e184-bccf-4583-95a7-0fe616dd3b4b@group-80CFAE06F78A-FollowerState] INFO  impl.FollowerState (FollowerState.java:runImpl(161)) - 9d21e184-bccf-4583-95a7-0fe616dd3b4b@group-80CFAE06F78A-FollowerState: change to CANDIDATE, lastRpcElapsedTime:1138368483ns, electionTimeout:1138ms
2025-10-22 08:23:46,948 [9d21e184-bccf-4583-95a7-0fe616dd3b4b@group-80CFAE06F78A-FollowerState] INFO  impl.RoleInfo (RoleInfo.java:shutdownFollowerState(121)) - 9d21e184-bccf-4583-95a7-0fe616dd3b4b: shutdown 9d21e184-bccf-4583-95a7-0fe616dd3b4b@group-80CFAE06F78A-FollowerState
2025-10-22 08:23:46,948 [9d21e184-bccf-4583-95a7-0fe616dd3b4b@group-80CFAE06F78A-FollowerState] INFO  server.RaftServer$Division (RaftServerImpl.java:setRole(392)) - 9d21e184-bccf-4583-95a7-0fe616dd3b4b@group-80CFAE06F78A: changes role from  FOLLOWER to CANDIDATE at term 0 for changeToCandidate
2025-10-22 08:23:46,948 [9d21e184-bccf-4583-95a7-0fe616dd3b4b@group-80CFAE06F78A-FollowerState] INFO  impl.RoleInfo (RoleInfo.java:updateAndGet(148)) - 9d21e184-bccf-4583-95a7-0fe616dd3b4b: start 9d21e184-bccf-4583-95a7-0fe616dd3b4b@group-80CFAE06F78A-LeaderElection20
2025-10-22 08:23:46,949 [9d21e184-bccf-4583-95a7-0fe616dd3b4b@group-80CFAE06F78A-LeaderElection20] INFO  impl.LeaderElection (LeaderElection.java:askForVotes(448)) - 9d21e184-bccf-4583-95a7-0fe616dd3b4b@group-80CFAE06F78A-LeaderElection20 PRE_VOTE round 0: submit vote requests at term 0 for conf: {index: -1, cur=peers:[9d21e184-bccf-4583-95a7-0fe616dd3b4b|127.0.0.1:15079]|listeners:[], old=null}
2025-10-22 08:23:46,949 [9d21e184-bccf-4583-95a7-0fe616dd3b4b@group-80CFAE06F78A-LeaderElection20] INFO  impl.LeaderElection (LeaderElection.java:askForVotes(450)) - 9d21e184-bccf-4583-95a7-0fe616dd3b4b@group-80CFAE06F78A-LeaderElection20 PRE_VOTE round 0: result PASSED (term=0)
2025-10-22 08:23:46,950 [9d21e184-bccf-4583-95a7-0fe616dd3b4b@group-80CFAE06F78A-LeaderElection20] INFO  impl.LeaderElection (LeaderElection.java:askForVotes(448)) - 9d21e184-bccf-4583-95a7-0fe616dd3b4b@group-80CFAE06F78A-LeaderElection20 ELECTION round 0: submit vote requests at term 1 for conf: {index: -1, cur=peers:[9d21e184-bccf-4583-95a7-0fe616dd3b4b|127.0.0.1:15079]|listeners:[], old=null}
2025-10-22 08:23:46,950 [9d21e184-bccf-4583-95a7-0fe616dd3b4b@group-80CFAE06F78A-LeaderElection20] INFO  impl.LeaderElection (LeaderElection.java:askForVotes(450)) - 9d21e184-bccf-4583-95a7-0fe616dd3b4b@group-80CFAE06F78A-LeaderElection20 ELECTION round 0: result PASSED (term=1)
2025-10-22 08:23:46,950 [9d21e184-bccf-4583-95a7-0fe616dd3b4b@group-80CFAE06F78A-LeaderElection20] INFO  impl.RoleInfo (RoleInfo.java:shutdownLeaderElection(141)) - 9d21e184-bccf-4583-95a7-0fe616dd3b4b: shutdown 9d21e184-bccf-4583-95a7-0fe616dd3b4b@group-80CFAE06F78A-LeaderElection20
2025-10-22 08:23:46,950 [9d21e184-bccf-4583-95a7-0fe616dd3b4b@group-80CFAE06F78A-LeaderElection20] INFO  server.RaftServer$Division (RaftServerImpl.java:setRole(392)) - 9d21e184-bccf-4583-95a7-0fe616dd3b4b@group-80CFAE06F78A: changes role from CANDIDATE to LEADER at term 1 for changeToLeader
2025-10-22 08:23:46,950 [9d21e184-bccf-4583-95a7-0fe616dd3b4b@group-80CFAE06F78A-LeaderElection20] INFO  server.RaftServerConfigKeys (ConfUtils.java:logFallback(69)) - raft.server.staging.timeout = 3600ms (fallback to raft.server.rpc.timeout.max)
2025-10-22 08:23:46,951 [9d21e184-bccf-4583-95a7-0fe616dd3b4b@group-80CFAE06F78A-LeaderElection20] INFO  server.RaftServerConfigKeys (ConfUtils.java:logGet(62)) - raft.server.write.byte-limit = 1024 M (=1073741824) (custom)
2025-10-22 08:23:46,951 [9d21e184-bccf-4583-95a7-0fe616dd3b4b@group-80CFAE06F78A-LeaderElection20] INFO  impl.RoleInfo (RoleInfo.java:updateAndGet(148)) - 9d21e184-bccf-4583-95a7-0fe616dd3b4b: start 9d21e184-bccf-4583-95a7-0fe616dd3b4b@group-80CFAE06F78A-LeaderStateImpl
2025-10-22 08:23:46,951 [9d21e184-bccf-4583-95a7-0fe616dd3b4b@group-80CFAE06F78A-LeaderElection20] INFO  server.RaftServer$Division (RaftServerImpl.java:setFirstElection(576)) - 9d21e184-bccf-4583-95a7-0fe616dd3b4b@group-80CFAE06F78A: set firstElectionSinceStartup to false for becomeLeader
2025-10-22 08:23:46,951 [9d21e184-bccf-4583-95a7-0fe616dd3b4b@group-80CFAE06F78A-LeaderElection20] INFO  ratis.XceiverServerRatis (XceiverServerRatis.java:handleLeaderChangedNotification(940)) - Leader change notification received for group: group-80CFAE06F78A with new leaderId: 9d21e184-bccf-4583-95a7-0fe616dd3b4b
2025-10-22 08:23:46,952 [9d21e184-bccf-4583-95a7-0fe616dd3b4b@group-80CFAE06F78A-LeaderElection20] INFO  server.RaftServer$Division (ServerState.java:setLeader(272)) - 9d21e184-bccf-4583-95a7-0fe616dd3b4b@group-80CFAE06F78A: change Leader from null to 9d21e184-bccf-4583-95a7-0fe616dd3b4b at term 1 for becomeLeader, leader elected after 1170ms
2025-10-22 08:23:46,952 [9d21e184-bccf-4583-95a7-0fe616dd3b4b@group-80CFAE06F78A-LeaderElection20] INFO  segmented.SegmentedRaftLogWorker (SegmentedRaftLogWorker.java:startLogSegment(440)) - 9d21e184-bccf-4583-95a7-0fe616dd3b4b@group-80CFAE06F78A-SegmentedRaftLogWorker: Starting segment from index:0
2025-10-22 08:23:46,952 [9d21e184-bccf-4583-95a7-0fe616dd3b4b@group-80CFAE06F78A-LeaderElection20] INFO  server.RaftServer$Division (ServerState.java:setRaftConf(386)) - 9d21e184-bccf-4583-95a7-0fe616dd3b4b@group-80CFAE06F78A: set configuration conf: {index: 0, cur=peers:[9d21e184-bccf-4583-95a7-0fe616dd3b4b|127.0.0.1:15079]|listeners:[], old=null}
2025-10-22 08:23:46,953 [9d21e184-bccf-4583-95a7-0fe616dd3b4b@group-80CFAE06F78A-SegmentedRaftLogWorker] INFO  segmented.BufferedWriteChannel (BufferedWriteChannel.java:open(61)) - open log_inprogress_0 at position 0
2025-10-22 08:23:46,958 [9d21e184-bccf-4583-95a7-0fe616dd3b4b@group-80CFAE06F78A-SegmentedRaftLogWorker] INFO  segmented.SegmentedRaftLogWorker (SegmentedRaftLogWorker.java:execute(647)) - 9d21e184-bccf-4583-95a7-0fe616dd3b4b@group-80CFAE06F78A-SegmentedRaftLogWorker: created new log segment /home/runner/work/ozone/ozone/hadoop-ozone/integration-test/target/test-dir/MiniOzoneClusterImpl-a412b9f6-7d8b-4de3-a85c-9946bceaa3a0/ozone-metadata/datanode-9/ratis/8aa17952-bc55-4375-bee5-80cfae06f78a/current/log_inprogress_0
2025-10-22 08:23:46,959 [9d21e184-bccf-4583-95a7-0fe616dd3b4b@group-80CFAE06F78A-StateMachineUpdater] INFO  server.RaftServer$Division (LeaderStateImpl.java:checkStartIndex(309)) - Leader 9d21e184-bccf-4583-95a7-0fe616dd3b4b@group-80CFAE06F78A-LeaderStateImpl is ready since appliedIndex == startIndex == 0
2025-10-22 08:23:47,063 [6bbeb254-bd49-477b-9af9-73d700af6bb4@group-C732D0D22CC3-FollowerState] INFO  impl.FollowerState (FollowerState.java:runImpl(161)) - 6bbeb254-bd49-477b-9af9-73d700af6bb4@group-C732D0D22CC3-FollowerState: change to CANDIDATE, lastRpcElapsedTime:1046426879ns, electionTimeout:1046ms
2025-10-22 08:23:47,064 [6bbeb254-bd49-477b-9af9-73d700af6bb4@group-C732D0D22CC3-FollowerState] INFO  impl.RoleInfo (RoleInfo.java:shutdownFollowerState(121)) - 6bbeb254-bd49-477b-9af9-73d700af6bb4: shutdown 6bbeb254-bd49-477b-9af9-73d700af6bb4@group-C732D0D22CC3-FollowerState
2025-10-22 08:23:47,064 [6bbeb254-bd49-477b-9af9-73d700af6bb4@group-C732D0D22CC3-FollowerState] INFO  server.RaftServer$Division (RaftServerImpl.java:setRole(392)) - 6bbeb254-bd49-477b-9af9-73d700af6bb4@group-C732D0D22CC3: changes role from  FOLLOWER to CANDIDATE at term 0 for changeToCandidate
2025-10-22 08:23:47,064 [6bbeb254-bd49-477b-9af9-73d700af6bb4@group-C732D0D22CC3-FollowerState] INFO  impl.RoleInfo (RoleInfo.java:updateAndGet(148)) - 6bbeb254-bd49-477b-9af9-73d700af6bb4: start 6bbeb254-bd49-477b-9af9-73d700af6bb4@group-C732D0D22CC3-LeaderElection21
2025-10-22 08:23:47,064 [6bbeb254-bd49-477b-9af9-73d700af6bb4@group-C732D0D22CC3-LeaderElection21] INFO  impl.LeaderElection (LeaderElection.java:askForVotes(448)) - 6bbeb254-bd49-477b-9af9-73d700af6bb4@group-C732D0D22CC3-LeaderElection21 PRE_VOTE round 0: submit vote requests at term 0 for conf: {index: -1, cur=peers:[6bbeb254-bd49-477b-9af9-73d700af6bb4|127.0.0.1:15087]|listeners:[], old=null}
2025-10-22 08:23:47,064 [6bbeb254-bd49-477b-9af9-73d700af6bb4@group-C732D0D22CC3-LeaderElection21] INFO  impl.LeaderElection (LeaderElection.java:askForVotes(450)) - 6bbeb254-bd49-477b-9af9-73d700af6bb4@group-C732D0D22CC3-LeaderElection21 PRE_VOTE round 0: result PASSED (term=0)
2025-10-22 08:23:47,065 [6bbeb254-bd49-477b-9af9-73d700af6bb4@group-C732D0D22CC3-LeaderElection21] INFO  impl.LeaderElection (LeaderElection.java:askForVotes(448)) - 6bbeb254-bd49-477b-9af9-73d700af6bb4@group-C732D0D22CC3-LeaderElection21 ELECTION round 0: submit vote requests at term 1 for conf: {index: -1, cur=peers:[6bbeb254-bd49-477b-9af9-73d700af6bb4|127.0.0.1:15087]|listeners:[], old=null}
2025-10-22 08:23:47,065 [6bbeb254-bd49-477b-9af9-73d700af6bb4@group-C732D0D22CC3-LeaderElection21] INFO  impl.LeaderElection (LeaderElection.java:askForVotes(450)) - 6bbeb254-bd49-477b-9af9-73d700af6bb4@group-C732D0D22CC3-LeaderElection21 ELECTION round 0: result PASSED (term=1)
2025-10-22 08:23:47,065 [6bbeb254-bd49-477b-9af9-73d700af6bb4@group-C732D0D22CC3-LeaderElection21] INFO  impl.RoleInfo (RoleInfo.java:shutdownLeaderElection(141)) - 6bbeb254-bd49-477b-9af9-73d700af6bb4: shutdown 6bbeb254-bd49-477b-9af9-73d700af6bb4@group-C732D0D22CC3-LeaderElection21
2025-10-22 08:23:47,065 [6bbeb254-bd49-477b-9af9-73d700af6bb4@group-C732D0D22CC3-LeaderElection21] INFO  server.RaftServer$Division (RaftServerImpl.java:setRole(392)) - 6bbeb254-bd49-477b-9af9-73d700af6bb4@group-C732D0D22CC3: changes role from CANDIDATE to LEADER at term 1 for changeToLeader
2025-10-22 08:23:47,066 [6bbeb254-bd49-477b-9af9-73d700af6bb4@group-C732D0D22CC3-LeaderElection21] INFO  server.RaftServerConfigKeys (ConfUtils.java:logFallback(69)) - raft.server.staging.timeout = 3600ms (fallback to raft.server.rpc.timeout.max)
2025-10-22 08:23:47,066 [6bbeb254-bd49-477b-9af9-73d700af6bb4@group-C732D0D22CC3-LeaderElection21] INFO  server.RaftServerConfigKeys (ConfUtils.java:logGet(62)) - raft.server.write.byte-limit = 1024 M (=1073741824) (custom)
2025-10-22 08:23:47,067 [6bbeb254-bd49-477b-9af9-73d700af6bb4@group-C732D0D22CC3-LeaderElection21] INFO  impl.RoleInfo (RoleInfo.java:updateAndGet(148)) - 6bbeb254-bd49-477b-9af9-73d700af6bb4: start 6bbeb254-bd49-477b-9af9-73d700af6bb4@group-C732D0D22CC3-LeaderStateImpl
2025-10-22 08:23:47,067 [6bbeb254-bd49-477b-9af9-73d700af6bb4@group-C732D0D22CC3-LeaderElection21] INFO  server.RaftServer$Division (RaftServerImpl.java:setFirstElection(576)) - 6bbeb254-bd49-477b-9af9-73d700af6bb4@group-C732D0D22CC3: set firstElectionSinceStartup to false for becomeLeader
2025-10-22 08:23:47,067 [6bbeb254-bd49-477b-9af9-73d700af6bb4@group-C732D0D22CC3-LeaderElection21] INFO  ratis.XceiverServerRatis (XceiverServerRatis.java:handleLeaderChangedNotification(940)) - Leader change notification received for group: group-C732D0D22CC3 with new leaderId: 6bbeb254-bd49-477b-9af9-73d700af6bb4
2025-10-22 08:23:47,067 [6bbeb254-bd49-477b-9af9-73d700af6bb4@group-C732D0D22CC3-LeaderElection21] INFO  server.RaftServer$Division (ServerState.java:setLeader(272)) - 6bbeb254-bd49-477b-9af9-73d700af6bb4@group-C732D0D22CC3: change Leader from null to 6bbeb254-bd49-477b-9af9-73d700af6bb4 at term 1 for becomeLeader, leader elected after 1065ms
2025-10-22 08:23:47,067 [6bbeb254-bd49-477b-9af9-73d700af6bb4@group-C732D0D22CC3-LeaderElection21] INFO  segmented.SegmentedRaftLogWorker (SegmentedRaftLogWorker.java:startLogSegment(440)) - 6bbeb254-bd49-477b-9af9-73d700af6bb4@group-C732D0D22CC3-SegmentedRaftLogWorker: Starting segment from index:0
2025-10-22 08:23:47,067 [6bbeb254-bd49-477b-9af9-73d700af6bb4@group-C732D0D22CC3-LeaderElection21] INFO  server.RaftServer$Division (ServerState.java:setRaftConf(386)) - 6bbeb254-bd49-477b-9af9-73d700af6bb4@group-C732D0D22CC3: set configuration conf: {index: 0, cur=peers:[6bbeb254-bd49-477b-9af9-73d700af6bb4|127.0.0.1:15087]|listeners:[], old=null}
2025-10-22 08:23:47,068 [6bbeb254-bd49-477b-9af9-73d700af6bb4@group-C732D0D22CC3-SegmentedRaftLogWorker] INFO  segmented.BufferedWriteChannel (BufferedWriteChannel.java:open(61)) - open log_inprogress_0 at position 0
2025-10-22 08:23:47,074 [6bbeb254-bd49-477b-9af9-73d700af6bb4@group-C732D0D22CC3-SegmentedRaftLogWorker] INFO  segmented.SegmentedRaftLogWorker (SegmentedRaftLogWorker.java:execute(647)) - 6bbeb254-bd49-477b-9af9-73d700af6bb4@group-C732D0D22CC3-SegmentedRaftLogWorker: created new log segment /home/runner/work/ozone/ozone/hadoop-ozone/integration-test/target/test-dir/MiniOzoneClusterImpl-a412b9f6-7d8b-4de3-a85c-9946bceaa3a0/ozone-metadata/datanode-10/ratis/cec2b053-22b6-47ba-8399-c732d0d22cc3/current/log_inprogress_0
2025-10-22 08:23:47,075 [6bbeb254-bd49-477b-9af9-73d700af6bb4@group-C732D0D22CC3-StateMachineUpdater] INFO  server.RaftServer$Division (LeaderStateImpl.java:checkStartIndex(309)) - Leader 6bbeb254-bd49-477b-9af9-73d700af6bb4@group-C732D0D22CC3-LeaderStateImpl is ready since appliedIndex == startIndex == 0
2025-10-22 08:23:48,882 [ForkJoinPool-1-worker-1] INFO  utils.DatanodeStoreCache (DatanodeStoreCache.java:shutdownCache(110)) - Skip clearing cache in mini cluster mode. Entries left: [/home/runner/work/ozone/ozone/hadoop-ozone/integration-test/target/test-dir/MiniOzoneClusterImpl-a412b9f6-7d8b-4de3-a85c-9946bceaa3a0/ozone-metadata/datanode-1/data-0/hdds/a412b9f6-7d8b-4de3-a85c-9946bceaa3a0/DS-a07e098a-6398-480b-9efd-d3f505e7661c/container.db, /home/runner/work/ozone/ozone/hadoop-ozone/integration-test/target/test-dir/MiniOzoneClusterImpl-a412b9f6-7d8b-4de3-a85c-9946bceaa3a0/ozone-metadata/datanode-10/data-0/hdds/a412b9f6-7d8b-4de3-a85c-9946bceaa3a0/DS-8a3798d9-2bb5-458f-b08b-fc94b9fc23ce/container.db, /home/runner/work/ozone/ozone/hadoop-ozone/integration-test/target/test-dir/MiniOzoneClusterImpl-a412b9f6-7d8b-4de3-a85c-9946bceaa3a0/ozone-metadata/datanode-2/data-0/hdds/a412b9f6-7d8b-4de3-a85c-9946bceaa3a0/DS-4aaa098a-486e-4441-80f0-7688bb8bbdde/container.db, /home/runner/work/ozone/ozone/hadoop-ozone/integration-test/target/test-dir/MiniOzoneClusterImpl-a412b9f6-7d8b-4de3-a85c-9946bceaa3a0/ozone-metadata/datanode-3/data-0/hdds/a412b9f6-7d8b-4de3-a85c-9946bceaa3a0/DS-bebc18f0-1165-45db-a91a-4f24542d176c/container.db, /home/runner/work/ozone/ozone/hadoop-ozone/integration-test/target/test-dir/MiniOzoneClusterImpl-a412b9f6-7d8b-4de3-a85c-9946bceaa3a0/ozone-metadata/datanode-4/data-0/hdds/a412b9f6-7d8b-4de3-a85c-9946bceaa3a0/DS-5d7e6087-1900-4b55-988c-16336b0b4c63/container.db, /home/runner/work/ozone/ozone/hadoop-ozone/integration-test/target/test-dir/MiniOzoneClusterImpl-a412b9f6-7d8b-4de3-a85c-9946bceaa3a0/ozone-metadata/datanode-5/data-0/hdds/a412b9f6-7d8b-4de3-a85c-9946bceaa3a0/DS-ca10d0ba-335c-4c88-91c2-e630968cb905/container.db, /home/runner/work/ozone/ozone/hadoop-ozone/integration-test/target/test-dir/MiniOzoneClusterImpl-a412b9f6-7d8b-4de3-a85c-9946bceaa3a0/ozone-metadata/datanode-6/data-0/hdds/a412b9f6-7d8b-4de3-a85c-9946bceaa3a0/DS-4a321f51-abfc-498c-a23e-1fd398dcf1d8/container.db, /home/runner/work/ozone/ozone/hadoop-ozone/integration-test/target/test-dir/MiniOzoneClusterImpl-a412b9f6-7d8b-4de3-a85c-9946bceaa3a0/ozone-metadata/datanode-7/data-0/hdds/a412b9f6-7d8b-4de3-a85c-9946bceaa3a0/DS-2f6f67bf-9efa-4b7c-aaf0-b55f90e251b4/container.db, /home/runner/work/ozone/ozone/hadoop-ozone/integration-test/target/test-dir/MiniOzoneClusterImpl-a412b9f6-7d8b-4de3-a85c-9946bceaa3a0/ozone-metadata/datanode-8/data-0/hdds/a412b9f6-7d8b-4de3-a85c-9946bceaa3a0/DS-1ec53189-a8d9-456e-823c-b078e2857cda/container.db, /home/runner/work/ozone/ozone/hadoop-ozone/integration-test/target/test-dir/MiniOzoneClusterImpl-a412b9f6-7d8b-4de3-a85c-9946bceaa3a0/ozone-metadata/datanode-9/data-0/hdds/a412b9f6-7d8b-4de3-a85c-9946bceaa3a0/DS-2a9dbd48-deb6-4f23-96bb-1f0c806128cb/container.db]
2025-10-22 08:23:48,885 [ForkJoinPool-1-worker-1] INFO  utils.DatanodeStoreCache (DatanodeStoreCache.java:removeDB(104)) - Removed db /home/runner/work/ozone/ozone/hadoop-ozone/integration-test/target/test-dir/MiniOzoneClusterImpl-a412b9f6-7d8b-4de3-a85c-9946bceaa3a0/ozone-metadata/datanode-2/data-0/hdds/a412b9f6-7d8b-4de3-a85c-9946bceaa3a0/DS-4aaa098a-486e-4441-80f0-7688bb8bbdde/container.db from cache
2025-10-22 08:23:48,885 [ForkJoinPool-1-worker-1] INFO  volume.HddsVolume (HddsVolume.java:closeDbStore(609)) - SchemaV3 db is stopped at /home/runner/work/ozone/ozone/hadoop-ozone/integration-test/target/test-dir/MiniOzoneClusterImpl-a412b9f6-7d8b-4de3-a85c-9946bceaa3a0/ozone-metadata/datanode-2/data-0/hdds/a412b9f6-7d8b-4de3-a85c-9946bceaa3a0/DS-4aaa098a-486e-4441-80f0-7688bb8bbdde/container.db for volume DS-4aaa098a-486e-4441-80f0-7688bb8bbdde
2025-10-22 08:23:48,886 [ForkJoinPool-1-worker-1] INFO  utils.BackgroundService (BackgroundService.java:shutdown(195)) - Shutting down service BlockDeletingService
2025-10-22 08:23:48,886 [ForkJoinPool-1-worker-1] INFO  utils.BackgroundService (BackgroundService.java:shutdown(195)) - Shutting down service StaleRecoveringContainerScrubbingService
2025-10-22 08:23:48,888 [ForkJoinPool-1-worker-1] INFO  statemachine.DatanodeStateMachine (DatanodeStateMachine.java:stopDaemon(654)) - Ozone container server stopped.
2025-10-22 08:23:48,903 [ForkJoinPool-1-worker-1] INFO  handler.ContextHandler (ContextHandler.java:doStop(1159)) - Stopped o.e.j.w.WebAppContext@4ea7835{hddsDatanode,/,null,STOPPED}{jar:file:/home/runner/work/ozone/ozone/hadoop-hdds/container-service/target/hdds-container-service-2.1.0-SNAPSHOT.jar!/webapps/hddsDatanode}
2025-10-22 08:23:48,905 [ForkJoinPool-1-worker-1] INFO  server.AbstractConnector (AbstractConnector.java:doStop(383)) - Stopped ServerConnector@2373a6ce{HTTP/1.1, (http/1.1)}{0.0.0.0:15018}
2025-10-22 08:23:48,906 [ForkJoinPool-1-worker-1] INFO  server.session (HouseKeeper.java:stopScavenging(149)) - node0 Stopped scavenging
2025-10-22 08:23:48,906 [ForkJoinPool-1-worker-1] INFO  handler.ContextHandler (ContextHandler.java:doStop(1159)) - Stopped o.e.j.s.ServletContextHandler@715ad0c4{static,/static,jar:file:/home/runner/work/ozone/ozone/hadoop-hdds/container-service/target/hdds-container-service-2.1.0-SNAPSHOT.jar!/webapps/static,STOPPED}
2025-10-22 08:23:48,906 [ForkJoinPool-1-worker-1] INFO  handler.ContextHandler (ContextHandler.java:doStop(1159)) - Stopped o.e.j.s.ServletContextHandler@2534bbff{logs,/logs,file:///home/runner/work/ozone/ozone/hadoop-ozone/integration-test/target/log,STOPPED}
2025-10-22 08:23:48,908 [ForkJoinPool-1-worker-1] INFO  ozone.HddsDatanodeClientProtocolServer (HddsDatanodeClientProtocolServer.java:stop(82)) - Stopping the RPC server for Client Protocol
2025-10-22 08:23:48,908 [ForkJoinPool-1-worker-1] INFO  ipc.Server (Server.java:stop(3697)) - Stopping server on 15019
2025-10-22 08:23:48,910 [IPC Server listener on 15019] INFO  ipc.Server (Server.java:run(1585)) - Stopping IPC Server listener on 15019
2025-10-22 08:23:48,910 [IPC Server Responder] INFO  ipc.Server (Server.java:run(1718)) - Stopping IPC Server Responder
2025-10-22 08:23:48,912 [ForkJoinPool-1-worker-1] INFO  ozoneimpl.OzoneContainer (OzoneContainer.java:stop(568)) - Attempting to stop container services.
2025-10-22 08:23:48,912 [ContainerMetadataScanner] WARN  ozoneimpl.AbstractBackgroundContainerScanner (AbstractBackgroundContainerScanner.java:handleRemainingSleep(136)) - Background container scan was interrupted.
2025-10-22 08:23:48,913 [ContainerMetadataScanner] INFO  ozoneimpl.AbstractBackgroundContainerScanner (AbstractBackgroundContainerScanner.java:run(63)) - org.apache.hadoop.ozone.container.ozoneimpl.BackgroundContainerMetadataScanner@2a68e693 exiting.
2025-10-22 08:23:48,913 [ForkJoinPool-1-worker-1] INFO  ozoneimpl.BackgroundContainerDataScanner (BackgroundContainerDataScanner.java:shutdown(87)) - ContainerDataScanner(/home/runner/work/ozone/ozone/hadoop-ozone/integration-test/target/test-dir/MiniOzoneClusterImpl-a412b9f6-7d8b-4de3-a85c-9946bceaa3a0/ozone-metadata/datanode-1/data-0/hdds) is shutting down. 
2025-10-22 08:23:48,913 [ContainerDataScanner(/home/runner/work/ozone/ozone/hadoop-ozone/integration-test/target/test-dir/MiniOzoneClusterImpl-a412b9f6-7d8b-4de3-a85c-9946bceaa3a0/ozone-metadata/datanode-1/data-0/hdds)] WARN  ozoneimpl.AbstractBackgroundContainerScanner (AbstractBackgroundContainerScanner.java:handleRemainingSleep(136)) - Background container scan was interrupted.
2025-10-22 08:23:48,913 [ContainerDataScanner(/home/runner/work/ozone/ozone/hadoop-ozone/integration-test/target/test-dir/MiniOzoneClusterImpl-a412b9f6-7d8b-4de3-a85c-9946bceaa3a0/ozone-metadata/datanode-1/data-0/hdds)] INFO  ozoneimpl.AbstractBackgroundContainerScanner (AbstractBackgroundContainerScanner.java:run(63)) - ContainerDataScanner(/home/runner/work/ozone/ozone/hadoop-ozone/integration-test/target/test-dir/MiniOzoneClusterImpl-a412b9f6-7d8b-4de3-a85c-9946bceaa3a0/ozone-metadata/datanode-1/data-0/hdds, DS-a07e098a-6398-480b-9efd-d3f505e7661c) exiting.
2025-10-22 08:23:48,913 [ForkJoinPool-1-worker-1] INFO  ozoneimpl.OnDemandContainerScanner (OnDemandContainerScanner.java:shutdown(141)) - On-demand container scanner is shutting down.
2025-10-22 08:23:48,914 [ForkJoinPool-1-worker-1] INFO  ratis.XceiverServerRatis (XceiverServerRatis.java:stop(594)) - Closing XceiverServerRatis(1c036820-4dbe-4abe-80fb-5ca88de5e2f0)
2025-10-22 08:23:48,914 [ForkJoinPool-1-worker-1] INFO  server.RaftServer (RaftServerProxy.java:lambda$close$9(422)) - 1c036820-4dbe-4abe-80fb-5ca88de5e2f0: close
2025-10-22 08:23:48,914 [1c036820-4dbe-4abe-80fb-5ca88de5e2f0-impl-thread1] INFO  server.RaftServer$Division (RaftServerImpl.java:lambda$close$1(527)) - 1c036820-4dbe-4abe-80fb-5ca88de5e2f0@group-5E2F154B5BDB: shutdown
2025-10-22 08:23:48,914 [1c036820-4dbe-4abe-80fb-5ca88de5e2f0-impl-thread1] INFO  util.JmxRegister (JmxRegister.java:unregister(74)) - Successfully un-registered JMX Bean with object name Ratis:service=RaftServer,group=group-5E2F154B5BDB,id=1c036820-4dbe-4abe-80fb-5ca88de5e2f0
2025-10-22 08:23:48,914 [1c036820-4dbe-4abe-80fb-5ca88de5e2f0-impl-thread1] INFO  impl.RoleInfo (RoleInfo.java:shutdownLeaderState(103)) - 1c036820-4dbe-4abe-80fb-5ca88de5e2f0: shutdown 1c036820-4dbe-4abe-80fb-5ca88de5e2f0@group-5E2F154B5BDB-LeaderStateImpl
2025-10-22 08:23:48,914 [1c036820-4dbe-4abe-80fb-5ca88de5e2f0-impl-thread2] INFO  server.RaftServer$Division (RaftServerImpl.java:lambda$close$1(527)) - 1c036820-4dbe-4abe-80fb-5ca88de5e2f0@group-C626CE820278: shutdown
2025-10-22 08:23:48,914 [1c036820-4dbe-4abe-80fb-5ca88de5e2f0-impl-thread2] INFO  util.JmxRegister (JmxRegister.java:unregister(74)) - Successfully un-registered JMX Bean with object name Ratis:service=RaftServer,group=group-C626CE820278,id=1c036820-4dbe-4abe-80fb-5ca88de5e2f0
2025-10-22 08:23:48,914 [ForkJoinPool-1-worker-1] INFO  server.GrpcServicesImpl (GrpcServicesImpl.java:closeImpl(355)) - 1c036820-4dbe-4abe-80fb-5ca88de5e2f0: shutdown server org.apache.ratis.grpc.server.GrpcClientProtocolService now
2025-10-22 08:23:48,915 [1c036820-4dbe-4abe-80fb-5ca88de5e2f0@group-5E2F154B5BDB->4d8a2798-959e-416b-b534-19c13b55a760-GrpcLogAppender-LogAppenderDaemon] WARN  server.GrpcLogAppender (GrpcLogAppender.java:mayWait(300)) - 1c036820-4dbe-4abe-80fb-5ca88de5e2f0@group-5E2F154B5BDB->4d8a2798-959e-416b-b534-19c13b55a760-GrpcLogAppender: Wait interrupted by java.lang.InterruptedException
2025-10-22 08:23:48,915 [1c036820-4dbe-4abe-80fb-5ca88de5e2f0-impl-thread3] INFO  server.RaftServer$Division (RaftServerImpl.java:lambda$close$1(527)) - 1c036820-4dbe-4abe-80fb-5ca88de5e2f0@group-83D1472516EC: shutdown
2025-10-22 08:23:48,915 [1c036820-4dbe-4abe-80fb-5ca88de5e2f0-impl-thread3] INFO  util.JmxRegister (JmxRegister.java:unregister(74)) - Successfully un-registered JMX Bean with object name Ratis:service=RaftServer,group=group-83D1472516EC,id=1c036820-4dbe-4abe-80fb-5ca88de5e2f0
2025-10-22 08:23:48,915 [1c036820-4dbe-4abe-80fb-5ca88de5e2f0-impl-thread3] INFO  impl.RoleInfo (RoleInfo.java:shutdownLeaderState(103)) - 1c036820-4dbe-4abe-80fb-5ca88de5e2f0: shutdown 1c036820-4dbe-4abe-80fb-5ca88de5e2f0@group-83D1472516EC-LeaderStateImpl
2025-10-22 08:23:48,915 [1c036820-4dbe-4abe-80fb-5ca88de5e2f0-impl-thread3] INFO  impl.PendingRequests (PendingRequests.java:sendNotLeaderResponses(287)) - 1c036820-4dbe-4abe-80fb-5ca88de5e2f0@group-83D1472516EC-PendingRequests: sendNotLeaderResponses
2025-10-22 08:23:48,915 [1c036820-4dbe-4abe-80fb-5ca88de5e2f0-impl-thread1] INFO  impl.PendingRequests (PendingRequests.java:sendNotLeaderResponses(287)) - 1c036820-4dbe-4abe-80fb-5ca88de5e2f0@group-5E2F154B5BDB-PendingRequests: sendNotLeaderResponses
2025-10-22 08:23:48,915 [1c036820-4dbe-4abe-80fb-5ca88de5e2f0@group-5E2F154B5BDB->40df8fc4-149d-40c0-897d-2844034d8141-GrpcLogAppender-LogAppenderDaemon] WARN  server.GrpcLogAppender (GrpcLogAppender.java:mayWait(300)) - 1c036820-4dbe-4abe-80fb-5ca88de5e2f0@group-5E2F154B5BDB->40df8fc4-149d-40c0-897d-2844034d8141-GrpcLogAppender: Wait interrupted by java.lang.InterruptedException
2025-10-22 08:23:48,916 [Thread-1040] INFO  server.GrpcServerProtocolClient (GrpcServerProtocolClient.java:close(105)) - 4d8a2798-959e-416b-b534-19c13b55a760 Close channels
2025-10-22 08:23:48,917 [Thread-1042] INFO  server.GrpcServerProtocolClient (GrpcServerProtocolClient.java:close(105)) - 40df8fc4-149d-40c0-897d-2844034d8141 Close channels
2025-10-22 08:23:48,915 [1c036820-4dbe-4abe-80fb-5ca88de5e2f0-impl-thread2] INFO  impl.RoleInfo (RoleInfo.java:shutdownFollowerState(121)) - 1c036820-4dbe-4abe-80fb-5ca88de5e2f0: shutdown 1c036820-4dbe-4abe-80fb-5ca88de5e2f0@group-C626CE820278-FollowerState
2025-10-22 08:23:48,917 [1c036820-4dbe-4abe-80fb-5ca88de5e2f0-impl-thread2] INFO  impl.StateMachineUpdater (StateMachineUpdater.java:stopAndJoin(163)) - 1c036820-4dbe-4abe-80fb-5ca88de5e2f0@group-C626CE820278-StateMachineUpdater: set stopIndex = 4
2025-10-22 08:23:48,918 [1c036820-4dbe-4abe-80fb-5ca88de5e2f0@group-C626CE820278-FollowerState] INFO  impl.FollowerState (FollowerState.java:runImpl(170)) - 1c036820-4dbe-4abe-80fb-5ca88de5e2f0@group-C626CE820278-FollowerState was interrupted
2025-10-22 08:23:48,918 [grpc-default-executor-3] INFO  server.GrpcServerProtocolService (GrpcServerProtocolService.java:lambda$onCompleted$6(171)) - 40df8fc4-149d-40c0-897d-2844034d8141: Completed APPEND_ENTRIES, lastRequest: 1c036820-4dbe-4abe-80fb-5ca88de5e2f0->40df8fc4-149d-40c0-897d-2844034d8141#1-t1,previous=<PROTO_DEFAULT>,leaderCommit=-1,initializing? false,entries: size=1, first=(t:1, i:0), CONFIGURATIONENTRY(current:id:"4d8a2798-959e-416b-b534-19c13b55a760"address:"127.0.0.1:15023"dataStreamAddress:"127.0.0.1:15024"clientAddress:"127.0.0.1:15021"adminAddress:"127.0.0.1:15022"startupRole:FOLLOWER, id:"1c036820-4dbe-4abe-80fb-5ca88de5e2f0"address:"127.0.0.1:15015"priority:1dataStreamAddress:"127.0.0.1:15016"clientAddress:"127.0.0.1:15013"adminAddress:"127.0.0.1:15014"startupRole:FOLLOWER, id:"40df8fc4-149d-40c0-897d-2844034d8141"address:"127.0.0.1:15031"dataStreamAddress:"127.0.0.1:15032"clientAddress:"127.0.0.1:15029"adminAddress:"127.0.0.1:15030"startupRole:FOLLOWER, old:) 
2025-10-22 08:23:48,918 [1c036820-4dbe-4abe-80fb-5ca88de5e2f0@group-C626CE820278-StateMachineUpdater] INFO  ratis.ContainerStateMachine (ContainerStateMachine.java:takeSnapshot(427)) - group-C626CE820278: Taking a snapshot at:(t:1, i:4) file /home/runner/work/ozone/ozone/hadoop-ozone/integration-test/target/test-dir/MiniOzoneClusterImpl-a412b9f6-7d8b-4de3-a85c-9946bceaa3a0/ozone-metadata/datanode-1/ratis/28d7a56f-ff21-46bd-bc35-c626ce820278/sm/snapshot.1_4
2025-10-22 08:23:48,920 [grpc-default-executor-1] INFO  server.GrpcServerProtocolService (GrpcServerProtocolService.java:lambda$null$7(175)) - 40df8fc4-149d-40c0-897d-2844034d8141: Completed APPEND_ENTRIES, lastReply: serverReply {
  requestorId: "1c036820-4dbe-4abe-80fb-5ca88de5e2f0"
  replyId: "40df8fc4-149d-40c0-897d-2844034d8141"
  raftGroupId {
    id: "\231\033\372k\367\345J\003\271\245^/\025K[\333"
  }
  callId: 10
  success: true
}
term: 1
nextIndex: 1
matchIndex: 18446744073709551615
isHearbeat: true
 
2025-10-22 08:23:48,920 [1c036820-4dbe-4abe-80fb-5ca88de5e2f0@group-C626CE820278-StateMachineUpdater] INFO  ratis.ContainerStateMachine (ContainerStateMachine.java:takeSnapshot(436)) - group-C626CE820278: Finished taking a snapshot at:(t:1, i:4) file:/home/runner/work/ozone/ozone/hadoop-ozone/integration-test/target/test-dir/MiniOzoneClusterImpl-a412b9f6-7d8b-4de3-a85c-9946bceaa3a0/ozone-metadata/datanode-1/ratis/28d7a56f-ff21-46bd-bc35-c626ce820278/sm/snapshot.1_4 took: 2 ms
2025-10-22 08:23:48,921 [1c036820-4dbe-4abe-80fb-5ca88de5e2f0@group-5E2F154B5BDB-StateMachineUpdater] INFO  ratis.ContainerStateMachine (ContainerStateMachine.java:takeSnapshot(427)) - group-5E2F154B5BDB: Taking a snapshot at:(t:1, i:0) file /home/runner/work/ozone/ozone/hadoop-ozone/integration-test/target/test-dir/MiniOzoneClusterImpl-a412b9f6-7d8b-4de3-a85c-9946bceaa3a0/ozone-metadata/datanode-1/ratis/991bfa6b-f7e5-4a03-b9a5-5e2f154b5bdb/sm/snapshot.1_0
2025-10-22 08:23:48,921 [1c036820-4dbe-4abe-80fb-5ca88de5e2f0-impl-thread1] INFO  impl.StateMachineUpdater (StateMachineUpdater.java:stopAndJoin(163)) - 1c036820-4dbe-4abe-80fb-5ca88de5e2f0@group-5E2F154B5BDB-StateMachineUpdater: set stopIndex = 0
2025-10-22 08:23:48,921 [1c036820-4dbe-4abe-80fb-5ca88de5e2f0-impl-thread3] INFO  impl.StateMachineUpdater (StateMachineUpdater.java:stopAndJoin(163)) - 1c036820-4dbe-4abe-80fb-5ca88de5e2f0@group-83D1472516EC-StateMachineUpdater: set stopIndex = 0
2025-10-22 08:23:48,922 [1c036820-4dbe-4abe-80fb-5ca88de5e2f0@group-C626CE820278-StateMachineUpdater] INFO  impl.StateMachineUpdater (StateMachineUpdater.java:takeSnapshot(307)) - 1c036820-4dbe-4abe-80fb-5ca88de5e2f0@group-C626CE820278-StateMachineUpdater: Took a snapshot at index 4
2025-10-22 08:23:48,922 [1c036820-4dbe-4abe-80fb-5ca88de5e2f0@group-5E2F154B5BDB-StateMachineUpdater] INFO  ratis.ContainerStateMachine (ContainerStateMachine.java:takeSnapshot(436)) - group-5E2F154B5BDB: Finished taking a snapshot at:(t:1, i:0) file:/home/runner/work/ozone/ozone/hadoop-ozone/integration-test/target/test-dir/MiniOzoneClusterImpl-a412b9f6-7d8b-4de3-a85c-9946bceaa3a0/ozone-metadata/datanode-1/ratis/991bfa6b-f7e5-4a03-b9a5-5e2f154b5bdb/sm/snapshot.1_0 took: 2 ms
2025-10-22 08:23:48,923 [1c036820-4dbe-4abe-80fb-5ca88de5e2f0@group-83D1472516EC-StateMachineUpdater] INFO  ratis.ContainerStateMachine (ContainerStateMachine.java:takeSnapshot(427)) - group-83D1472516EC: Taking a snapshot at:(t:1, i:0) file /home/runner/work/ozone/ozone/hadoop-ozone/integration-test/target/test-dir/MiniOzoneClusterImpl-a412b9f6-7d8b-4de3-a85c-9946bceaa3a0/ozone-metadata/datanode-1/ratis/d58961bb-d73a-4245-ae1b-83d1472516ec/sm/snapshot.1_0
2025-10-22 08:23:48,923 [1c036820-4dbe-4abe-80fb-5ca88de5e2f0@group-5E2F154B5BDB-StateMachineUpdater] INFO  impl.StateMachineUpdater (StateMachineUpdater.java:takeSnapshot(307)) - 1c036820-4dbe-4abe-80fb-5ca88de5e2f0@group-5E2F154B5BDB-StateMachineUpdater: Took a snapshot at index 0
2025-10-22 08:23:48,923 [1c036820-4dbe-4abe-80fb-5ca88de5e2f0@group-C626CE820278-StateMachineUpdater] INFO  impl.StateMachineUpdater (StateMachineUpdater.java:lambda$new$0(101)) - 1c036820-4dbe-4abe-80fb-5ca88de5e2f0@group-C626CE820278-StateMachineUpdater: snapshotIndex: updateIncreasingly -1 -> 4
2025-10-22 08:23:48,924 [1c036820-4dbe-4abe-80fb-5ca88de5e2f0@group-C626CE820278-StateMachineUpdater] INFO  impl.StateMachineUpdater (StateMachineUpdater.java:stop(140)) - 1c036820-4dbe-4abe-80fb-5ca88de5e2f0@group-C626CE820278-StateMachineUpdater: closing ContainerStateMachine, lastApplied=(t:1, i:4)
2025-10-22 08:23:48,924 [grpc-default-executor-3] INFO  server.GrpcLogAppender (GrpcLogAppender.java:onCompleted(558)) - 1c036820-4dbe-4abe-80fb-5ca88de5e2f0@group-5E2F154B5BDB->40df8fc4-149d-40c0-897d-2844034d8141-AppendLogResponseHandler: follower responses appendEntries COMPLETED
2025-10-22 08:23:48,924 [grpc-default-executor-3] WARN  server.GrpcLogAppender (GrpcLogAppender.java:resetClient(237)) - 1c036820-4dbe-4abe-80fb-5ca88de5e2f0@group-5E2F154B5BDB->40df8fc4-149d-40c0-897d-2844034d8141-GrpcLogAppender: Failed to getClient for 40df8fc4-149d-40c0-897d-2844034d8141
org.apache.ratis.protocol.exceptions.AlreadyClosedException: 1c036820-4dbe-4abe-80fb-5ca88de5e2f0 is already CLOSED
	at org.apache.ratis.util.PeerProxyMap$PeerAndProxy.getProxy(PeerProxyMap.java:67)
	at org.apache.ratis.util.PeerProxyMap.getProxy(PeerProxyMap.java:124)
	at org.apache.ratis.grpc.server.GrpcLogAppender.getClient(GrpcLogAppender.java:207)
	at org.apache.ratis.grpc.server.GrpcLogAppender.resetClient(GrpcLogAppender.java:212)
	at org.apache.ratis.grpc.server.GrpcLogAppender.access$800(GrpcLogAppender.java:70)
	at org.apache.ratis.grpc.server.GrpcLogAppender$AppendLogResponseHandler.onCompleted(GrpcLogAppender.java:559)
	at org.apache.ratis.thirdparty.io.grpc.stub.ClientCalls$StreamObserverToCallListenerAdapter.onClose(ClientCalls.java:562)
	at org.apache.ratis.thirdparty.io.grpc.internal.DelayedClientCall$DelayedListener$3.run(DelayedClientCall.java:489)
	at org.apache.ratis.thirdparty.io.grpc.internal.DelayedClientCall$DelayedListener.delayOrExecute(DelayedClientCall.java:453)
	at org.apache.ratis.thirdparty.io.grpc.internal.DelayedClientCall$DelayedListener.onClose(DelayedClientCall.java:486)
	at org.apache.ratis.thirdparty.io.grpc.internal.ClientCallImpl.closeObserver(ClientCallImpl.java:565)
	at org.apache.ratis.thirdparty.io.grpc.internal.ClientCallImpl.access$100(ClientCallImpl.java:72)
	at org.apache.ratis.thirdparty.io.grpc.internal.ClientCallImpl$ClientStreamListenerImpl$1StreamClosed.runInternal(ClientCallImpl.java:733)
	at org.apache.ratis.thirdparty.io.grpc.internal.ClientCallImpl$ClientStreamListenerImpl$1StreamClosed.runInContext(ClientCallImpl.java:714)
	at org.apache.ratis.thirdparty.io.grpc.internal.ContextRunnable.run(ContextRunnable.java:37)
	at org.apache.ratis.thirdparty.io.grpc.internal.SerializingExecutor.run(SerializingExecutor.java:133)
	at java.base/java.util.concurrent.ThreadPoolExecutor.runWorker(ThreadPoolExecutor.java:1144)
	at java.base/java.util.concurrent.ThreadPoolExecutor$Worker.run(ThreadPoolExecutor.java:642)
	at java.base/java.lang.Thread.run(Thread.java:1583)
2025-10-22 08:23:48,924 [grpc-default-executor-1] INFO  server.GrpcLogAppender (GrpcLogAppender.java:onCompleted(558)) - 1c036820-4dbe-4abe-80fb-5ca88de5e2f0@group-5E2F154B5BDB->40df8fc4-149d-40c0-897d-2844034d8141-AppendLogResponseHandler: follower responses appendEntries COMPLETED
2025-10-22 08:23:48,925 [grpc-default-executor-1] WARN  server.GrpcLogAppender (GrpcLogAppender.java:resetClient(237)) - 1c036820-4dbe-4abe-80fb-5ca88de5e2f0@group-5E2F154B5BDB->40df8fc4-149d-40c0-897d-2844034d8141-GrpcLogAppender: Failed to getClient for 40df8fc4-149d-40c0-897d-2844034d8141
org.apache.ratis.protocol.exceptions.AlreadyClosedException: 1c036820-4dbe-4abe-80fb-5ca88de5e2f0 is already CLOSED
	at org.apache.ratis.util.PeerProxyMap$PeerAndProxy.getProxy(PeerProxyMap.java:67)
	at org.apache.ratis.util.PeerProxyMap.getProxy(PeerProxyMap.java:124)
	at org.apache.ratis.grpc.server.GrpcLogAppender.getClient(GrpcLogAppender.java:207)
	at org.apache.ratis.grpc.server.GrpcLogAppender.resetClient(GrpcLogAppender.java:212)
	at org.apache.ratis.grpc.server.GrpcLogAppender.access$800(GrpcLogAppender.java:70)
	at org.apache.ratis.grpc.server.GrpcLogAppender$AppendLogResponseHandler.onCompleted(GrpcLogAppender.java:559)
	at org.apache.ratis.thirdparty.io.grpc.stub.ClientCalls$StreamObserverToCallListenerAdapter.onClose(ClientCalls.java:562)
	at org.apache.ratis.thirdparty.io.grpc.internal.ClientCallImpl.closeObserver(ClientCallImpl.java:565)
	at org.apache.ratis.thirdparty.io.grpc.internal.ClientCallImpl.access$100(ClientCallImpl.java:72)
	at org.apache.ratis.thirdparty.io.grpc.internal.ClientCallImpl$ClientStreamListenerImpl$1StreamClosed.runInternal(ClientCallImpl.java:733)
	at org.apache.ratis.thirdparty.io.grpc.internal.ClientCallImpl$ClientStreamListenerImpl$1StreamClosed.runInContext(ClientCallImpl.java:714)
	at org.apache.ratis.thirdparty.io.grpc.internal.ContextRunnable.run(ContextRunnable.java:37)
	at org.apache.ratis.thirdparty.io.grpc.internal.SerializingExecutor.run(SerializingExecutor.java:133)
	at java.base/java.util.concurrent.ThreadPoolExecutor.runWorker(ThreadPoolExecutor.java:1144)
	at java.base/java.util.concurrent.ThreadPoolExecutor$Worker.run(ThreadPoolExecutor.java:642)
	at java.base/java.lang.Thread.run(Thread.java:1583)
2025-10-22 08:23:48,926 [1c036820-4dbe-4abe-80fb-5ca88de5e2f0@group-5E2F154B5BDB-StateMachineUpdater] INFO  impl.StateMachineUpdater (StateMachineUpdater.java:lambda$new$0(101)) - 1c036820-4dbe-4abe-80fb-5ca88de5e2f0@group-5E2F154B5BDB-StateMachineUpdater: snapshotIndex: updateIncreasingly -1 -> 0
2025-10-22 08:23:48,927 [1c036820-4dbe-4abe-80fb-5ca88de5e2f0@group-83D1472516EC-StateMachineUpdater] INFO  ratis.ContainerStateMachine (ContainerStateMachine.java:takeSnapshot(436)) - group-83D1472516EC: Finished taking a snapshot at:(t:1, i:0) file:/home/runner/work/ozone/ozone/hadoop-ozone/integration-test/target/test-dir/MiniOzoneClusterImpl-a412b9f6-7d8b-4de3-a85c-9946bceaa3a0/ozone-metadata/datanode-1/ratis/d58961bb-d73a-4245-ae1b-83d1472516ec/sm/snapshot.1_0 took: 4 ms
2025-10-22 08:23:48,927 [1c036820-4dbe-4abe-80fb-5ca88de5e2f0@group-5E2F154B5BDB-StateMachineUpdater] INFO  impl.StateMachineUpdater (StateMachineUpdater.java:stop(140)) - 1c036820-4dbe-4abe-80fb-5ca88de5e2f0@group-5E2F154B5BDB-StateMachineUpdater: closing ContainerStateMachine, lastApplied=(t:1, i:0)
2025-10-22 08:23:48,926 [ForkJoinPool-1-worker-1] INFO  server.GrpcServicesImpl (GrpcServicesImpl.java:closeImpl(364)) - 1c036820-4dbe-4abe-80fb-5ca88de5e2f0: shutdown server org.apache.ratis.grpc.server.GrpcClientProtocolService successfully
2025-10-22 08:23:48,927 [ForkJoinPool-1-worker-1] INFO  server.GrpcServicesImpl (GrpcServicesImpl.java:closeImpl(355)) - 1c036820-4dbe-4abe-80fb-5ca88de5e2f0: shutdown server GrpcServerProtocolService now
2025-10-22 08:23:48,927 [1c036820-4dbe-4abe-80fb-5ca88de5e2f0@group-83D1472516EC-StateMachineUpdater] INFO  impl.StateMachineUpdater (StateMachineUpdater.java:takeSnapshot(307)) - 1c036820-4dbe-4abe-80fb-5ca88de5e2f0@group-83D1472516EC-StateMachineUpdater: Took a snapshot at index 0
2025-10-22 08:23:48,927 [1c036820-4dbe-4abe-80fb-5ca88de5e2f0@group-C626CE820278-cacheEviction-AwaitToRun] INFO  util.AwaitToRun (AwaitToRun.java:run(49)) - 1c036820-4dbe-4abe-80fb-5ca88de5e2f0@group-C626CE820278-cacheEviction-AwaitToRun-AwaitForSignal is interrupted
2025-10-22 08:23:48,927 [1c036820-4dbe-4abe-80fb-5ca88de5e2f0@group-5E2F154B5BDB-cacheEviction-AwaitToRun] INFO  util.AwaitToRun (AwaitToRun.java:run(49)) - 1c036820-4dbe-4abe-80fb-5ca88de5e2f0@group-5E2F154B5BDB-cacheEviction-AwaitToRun-AwaitForSignal is interrupted
2025-10-22 08:23:48,928 [1c036820-4dbe-4abe-80fb-5ca88de5e2f0@group-83D1472516EC-StateMachineUpdater] INFO  impl.StateMachineUpdater (StateMachineUpdater.java:lambda$new$0(101)) - 1c036820-4dbe-4abe-80fb-5ca88de5e2f0@group-83D1472516EC-StateMachineUpdater: snapshotIndex: updateIncreasingly -1 -> 0
2025-10-22 08:23:48,928 [1c036820-4dbe-4abe-80fb-5ca88de5e2f0@group-83D1472516EC-StateMachineUpdater] INFO  impl.StateMachineUpdater (StateMachineUpdater.java:stop(140)) - 1c036820-4dbe-4abe-80fb-5ca88de5e2f0@group-83D1472516EC-StateMachineUpdater: closing ContainerStateMachine, lastApplied=(t:1, i:0)
2025-10-22 08:23:48,928 [grpc-default-executor-2] WARN  server.GrpcServerProtocolService (LogUtils.java:warn(127)) - 1c036820-4dbe-4abe-80fb-5ca88de5e2f0: APPEND_ENTRIES onError, lastRequest: 40df8fc4-149d-40c0-897d-2844034d8141->1c036820-4dbe-4abe-80fb-5ca88de5e2f0#9-t1,previous=(t:1, i:2),leaderCommit=2,initializing? false,entries: size=2, first=(t:1, i:3), METADATAENTRY(c:1): org.apache.ratis.thirdparty.io.grpc.StatusRuntimeException: CANCELLED: client cancelled
2025-10-22 08:23:48,928 [ForkJoinPool-1-worker-1] INFO  server.GrpcServicesImpl (GrpcServicesImpl.java:closeImpl(364)) - 1c036820-4dbe-4abe-80fb-5ca88de5e2f0: shutdown server GrpcServerProtocolService successfully
2025-10-22 08:23:48,929 [ForkJoinPool-1-worker-1] INFO  server.GrpcServicesImpl (GrpcServicesImpl.java:closeImpl(355)) - 1c036820-4dbe-4abe-80fb-5ca88de5e2f0: shutdown server org.apache.ratis.grpc.server.GrpcAdminProtocolService now
2025-10-22 08:23:48,929 [grpc-default-executor-5] WARN  server.GrpcLogAppender (LogUtils.java:warn(127)) - 40df8fc4-149d-40c0-897d-2844034d8141@group-C626CE820278->1c036820-4dbe-4abe-80fb-5ca88de5e2f0-AppendLogResponseHandler: Failed appendEntries: org.apache.ratis.thirdparty.io.grpc.StatusRuntimeException: CANCELLED: RST_STREAM closed stream. HTTP/2 error code: CANCEL
2025-10-22 08:23:48,929 [grpc-default-executor-5] WARN  server.GrpcLogAppender (GrpcLogAppender.java:lambda$resetClient$1(228)) - 40df8fc4-149d-40c0-897d-2844034d8141@group-C626CE820278->1c036820-4dbe-4abe-80fb-5ca88de5e2f0-GrpcLogAppender: Follower failed (request=null, errorCount=1); keep nextIndex (5) unchanged and retry.
2025-10-22 08:23:48,929 [grpc-default-executor-3] WARN  server.GrpcServerProtocolService (LogUtils.java:warn(127)) - 1c036820-4dbe-4abe-80fb-5ca88de5e2f0: APPEND_ENTRIES onError, lastRequest: null: org.apache.ratis.thirdparty.io.grpc.StatusRuntimeException: CANCELLED: client cancelled
2025-10-22 08:23:48,930 [1c036820-4dbe-4abe-80fb-5ca88de5e2f0@group-83D1472516EC-cacheEviction-AwaitToRun] INFO  util.AwaitToRun (AwaitToRun.java:run(49)) - 1c036820-4dbe-4abe-80fb-5ca88de5e2f0@group-83D1472516EC-cacheEviction-AwaitToRun-AwaitForSignal is interrupted
2025-10-22 08:23:48,930 [ForkJoinPool-1-worker-1] INFO  server.GrpcServicesImpl (GrpcServicesImpl.java:closeImpl(364)) - 1c036820-4dbe-4abe-80fb-5ca88de5e2f0: shutdown server org.apache.ratis.grpc.server.GrpcAdminProtocolService successfully
2025-10-22 08:23:48,938 [1c036820-4dbe-4abe-80fb-5ca88de5e2f0-NettyServerStreamRpc-bossGroup--thread1] INFO  logging.LoggingHandler (AbstractInternalLogger.java:log(148)) - [id: 0xf861fbe1, L:/0.0.0.0:15016] CLOSE
2025-10-22 08:23:48,938 [1c036820-4dbe-4abe-80fb-5ca88de5e2f0-NettyServerStreamRpc-bossGroup--thread1] INFO  logging.LoggingHandler (AbstractInternalLogger.java:log(148)) - [id: 0xf861fbe1, L:/0.0.0.0:15016] INACTIVE
2025-10-22 08:23:48,938 [1c036820-4dbe-4abe-80fb-5ca88de5e2f0-NettyServerStreamRpc-bossGroup--thread1] INFO  logging.LoggingHandler (AbstractInternalLogger.java:log(148)) - [id: 0xf861fbe1, L:/0.0.0.0:15016] UNREGISTERED
2025-10-22 08:23:49,665 [1c036820-4dbe-4abe-80fb-5ca88de5e2f0-impl-thread2] INFO  segmented.SegmentedRaftLogWorker (SegmentedRaftLogWorker.java:close(254)) - 1c036820-4dbe-4abe-80fb-5ca88de5e2f0@group-C626CE820278-SegmentedRaftLogWorker close()
2025-10-22 08:23:49,666 [1c036820-4dbe-4abe-80fb-5ca88de5e2f0-impl-thread2] INFO  ratis.ContainerStateMachine (ContainerStateMachine.java:notifyServerShutdown(1038)) - group-C626CE820278 is closed by HddsDatanodeService
2025-10-22 08:23:49,747 [1c036820-4dbe-4abe-80fb-5ca88de5e2f0-impl-thread3] INFO  segmented.SegmentedRaftLogWorker (SegmentedRaftLogWorker.java:close(254)) - 1c036820-4dbe-4abe-80fb-5ca88de5e2f0@group-83D1472516EC-SegmentedRaftLogWorker close()
2025-10-22 08:23:49,747 [1c036820-4dbe-4abe-80fb-5ca88de5e2f0-impl-thread3] INFO  ratis.ContainerStateMachine (ContainerStateMachine.java:notifyServerShutdown(1038)) - group-83D1472516EC is closed by HddsDatanodeService
2025-10-22 08:23:49,853 [1c036820-4dbe-4abe-80fb-5ca88de5e2f0-impl-thread1] INFO  segmented.SegmentedRaftLogWorker (SegmentedRaftLogWorker.java:close(254)) - 1c036820-4dbe-4abe-80fb-5ca88de5e2f0@group-5E2F154B5BDB-SegmentedRaftLogWorker close()
2025-10-22 08:23:49,853 [1c036820-4dbe-4abe-80fb-5ca88de5e2f0-impl-thread1] INFO  ratis.ContainerStateMachine (ContainerStateMachine.java:notifyServerShutdown(1038)) - group-5E2F154B5BDB is closed by HddsDatanodeService
2025-10-22 08:23:49,853 [JvmPauseMonitor3] INFO  util.JvmPauseMonitor (JvmPauseMonitor.java:run(152)) - JvmPauseMonitor-1c036820-4dbe-4abe-80fb-5ca88de5e2f0: Stopped
2025-10-22 08:23:50,198 [40df8fc4-149d-40c0-897d-2844034d8141@group-5E2F154B5BDB-FollowerState] INFO  impl.FollowerState (FollowerState.java:runImpl(161)) - 40df8fc4-149d-40c0-897d-2844034d8141@group-5E2F154B5BDB-FollowerState: change to CANDIDATE, lastRpcElapsedTime:1296043454ns, electionTimeout:1048ms
2025-10-22 08:23:50,198 [40df8fc4-149d-40c0-897d-2844034d8141@group-5E2F154B5BDB-FollowerState] INFO  impl.RoleInfo (RoleInfo.java:shutdownFollowerState(121)) - 40df8fc4-149d-40c0-897d-2844034d8141: shutdown 40df8fc4-149d-40c0-897d-2844034d8141@group-5E2F154B5BDB-FollowerState
2025-10-22 08:23:50,198 [40df8fc4-149d-40c0-897d-2844034d8141@group-5E2F154B5BDB-FollowerState] INFO  server.RaftServer$Division (RaftServerImpl.java:setRole(392)) - 40df8fc4-149d-40c0-897d-2844034d8141@group-5E2F154B5BDB: changes role from  FOLLOWER to CANDIDATE at term 1 for changeToCandidate
2025-10-22 08:23:50,199 [40df8fc4-149d-40c0-897d-2844034d8141@group-5E2F154B5BDB-FollowerState] INFO  impl.RoleInfo (RoleInfo.java:updateAndGet(148)) - 40df8fc4-149d-40c0-897d-2844034d8141: start 40df8fc4-149d-40c0-897d-2844034d8141@group-5E2F154B5BDB-LeaderElection22
2025-10-22 08:23:50,199 [40df8fc4-149d-40c0-897d-2844034d8141@group-5E2F154B5BDB-LeaderElection22] INFO  server.RaftServer$Division (ServerState.java:setLeader(272)) - 40df8fc4-149d-40c0-897d-2844034d8141@group-5E2F154B5BDB: change Leader from 1c036820-4dbe-4abe-80fb-5ca88de5e2f0 to null at term 1 for PRE_VOTE
2025-10-22 08:23:50,199 [40df8fc4-149d-40c0-897d-2844034d8141@group-5E2F154B5BDB-LeaderElection22] INFO  impl.LeaderElection (LeaderElection.java:askForVotes(448)) - 40df8fc4-149d-40c0-897d-2844034d8141@group-5E2F154B5BDB-LeaderElection22 PRE_VOTE round 0: submit vote requests at term 1 for conf: {index: 0, cur=peers:[4d8a2798-959e-416b-b534-19c13b55a760|127.0.0.1:15023, 1c036820-4dbe-4abe-80fb-5ca88de5e2f0|127.0.0.1:15015, 40df8fc4-149d-40c0-897d-2844034d8141|127.0.0.1:15031]|listeners:[], old=null}
2025-10-22 08:23:50,200 [40df8fc4-149d-40c0-897d-2844034d8141@group-5E2F154B5BDB-LeaderElection22] INFO  impl.LeaderElection (LogUtils.java:infoOrTrace(142)) - 40df8fc4-149d-40c0-897d-2844034d8141@group-5E2F154B5BDB-LeaderElection22 got exception when requesting votes: java.util.concurrent.ExecutionException: org.apache.ratis.thirdparty.io.grpc.StatusRuntimeException: UNAVAILABLE: io exception
2025-10-22 08:23:50,200 [40df8fc4-149d-40c0-897d-2844034d8141@group-5E2F154B5BDB-LeaderElection22] INFO  impl.LeaderElection (LogUtils.java:infoOrTrace(142)) - 40df8fc4-149d-40c0-897d-2844034d8141@group-5E2F154B5BDB-LeaderElection22 got exception when requesting votes: java.util.concurrent.ExecutionException: org.apache.ratis.thirdparty.io.grpc.StatusRuntimeException: UNAVAILABLE: io exception
2025-10-22 08:23:50,200 [40df8fc4-149d-40c0-897d-2844034d8141@group-5E2F154B5BDB-LeaderElection22] INFO  impl.LeaderElection (LeaderElection.java:logAndReturn(206)) - 40df8fc4-149d-40c0-897d-2844034d8141@group-5E2F154B5BDB-LeaderElection22: PRE_VOTE REJECTED received 0 response(s) and 2 exception(s):
2025-10-22 08:23:50,200 [40df8fc4-149d-40c0-897d-2844034d8141@group-5E2F154B5BDB-LeaderElection22] INFO  impl.LeaderElection (LogUtils.java:infoOrTrace(142)) -   Exception 0: java.util.concurrent.ExecutionException: org.apache.ratis.thirdparty.io.grpc.StatusRuntimeException: UNAVAILABLE: io exception
2025-10-22 08:23:50,201 [40df8fc4-149d-40c0-897d-2844034d8141@group-5E2F154B5BDB-LeaderElection22] INFO  impl.LeaderElection (LogUtils.java:infoOrTrace(142)) -   Exception 1: java.util.concurrent.ExecutionException: org.apache.ratis.thirdparty.io.grpc.StatusRuntimeException: UNAVAILABLE: io exception
2025-10-22 08:23:50,201 [40df8fc4-149d-40c0-897d-2844034d8141@group-5E2F154B5BDB-LeaderElection22] INFO  impl.LeaderElection (LeaderElection.java:askForVotes(450)) - 40df8fc4-149d-40c0-897d-2844034d8141@group-5E2F154B5BDB-LeaderElection22 PRE_VOTE round 0: result REJECTED
2025-10-22 08:23:50,201 [40df8fc4-149d-40c0-897d-2844034d8141@group-5E2F154B5BDB-LeaderElection22] INFO  server.RaftServer$Division (RaftServerImpl.java:setRole(392)) - 40df8fc4-149d-40c0-897d-2844034d8141@group-5E2F154B5BDB: changes role from CANDIDATE to FOLLOWER at term 1 for REJECTED
2025-10-22 08:23:50,201 [40df8fc4-149d-40c0-897d-2844034d8141@group-5E2F154B5BDB-LeaderElection22] INFO  impl.RoleInfo (RoleInfo.java:shutdownLeaderElection(141)) - 40df8fc4-149d-40c0-897d-2844034d8141: shutdown 40df8fc4-149d-40c0-897d-2844034d8141@group-5E2F154B5BDB-LeaderElection22
2025-10-22 08:23:50,201 [40df8fc4-149d-40c0-897d-2844034d8141@group-5E2F154B5BDB-LeaderElection22] INFO  impl.RoleInfo (RoleInfo.java:updateAndGet(148)) - 40df8fc4-149d-40c0-897d-2844034d8141: start 40df8fc4-149d-40c0-897d-2844034d8141@group-5E2F154B5BDB-FollowerState
2025-10-22 08:23:50,468 [40df8fc4-149d-40c0-897d-2844034d8141@group-C626CE820278-LeaderStateImpl] WARN  server.RaftServer$Division (LeaderStateImpl.java:checkLeadership(1121)) - 40df8fc4-149d-40c0-897d-2844034d8141@group-C626CE820278-LeaderStateImpl: Lost leadership on term: 1. Election timeout: 1200ms. In charge for: 6107ms. Conf: conf: {index: 0, cur=peers:[4d8a2798-959e-416b-b534-19c13b55a760|127.0.0.1:15023, 1c036820-4dbe-4abe-80fb-5ca88de5e2f0|127.0.0.1:15015, 40df8fc4-149d-40c0-897d-2844034d8141|127.0.0.1:15031]|listeners:[], old=null}
2025-10-22 08:23:50,469 [40df8fc4-149d-40c0-897d-2844034d8141@group-C626CE820278-LeaderStateImpl] WARN  server.RaftServer$Division (LeaderStateImpl.java:lambda$checkLeadership$20(1125)) - Follower 40df8fc4-149d-40c0-897d-2844034d8141@group-C626CE820278->4d8a2798-959e-416b-b534-19c13b55a760(c2,m4,n5, caughtUp=true, lastRpcSendTime=357, lastRpcResponseTime=4801)
2025-10-22 08:23:50,469 [40df8fc4-149d-40c0-897d-2844034d8141@group-C626CE820278-LeaderStateImpl] WARN  server.RaftServer$Division (LeaderStateImpl.java:lambda$checkLeadership$20(1125)) - Follower 40df8fc4-149d-40c0-897d-2844034d8141@group-C626CE820278->1c036820-4dbe-4abe-80fb-5ca88de5e2f0(c4,m4,n5, caughtUp=true, lastRpcSendTime=273, lastRpcResponseTime=1785)
2025-10-22 08:23:50,469 [40df8fc4-149d-40c0-897d-2844034d8141@group-C626CE820278-LeaderStateImpl] INFO  server.RaftServer$Division (RaftServerImpl.java:setRole(392)) - 40df8fc4-149d-40c0-897d-2844034d8141@group-C626CE820278: changes role from    LEADER to FOLLOWER at term 1 for StepDownReason:LOST_MAJORITY_HEARTBEATS
2025-10-22 08:23:50,469 [40df8fc4-149d-40c0-897d-2844034d8141@group-C626CE820278-LeaderStateImpl] INFO  impl.RoleInfo (RoleInfo.java:shutdownLeaderState(103)) - 40df8fc4-149d-40c0-897d-2844034d8141: shutdown 40df8fc4-149d-40c0-897d-2844034d8141@group-C626CE820278-LeaderStateImpl
2025-10-22 08:23:50,469 [40df8fc4-149d-40c0-897d-2844034d8141@group-C626CE820278->4d8a2798-959e-416b-b534-19c13b55a760-GrpcLogAppender-LogAppenderDaemon] WARN  server.GrpcLogAppender (GrpcLogAppender.java:mayWait(300)) - 40df8fc4-149d-40c0-897d-2844034d8141@group-C626CE820278->4d8a2798-959e-416b-b534-19c13b55a760-GrpcLogAppender: Wait interrupted by java.lang.InterruptedException
2025-10-22 08:23:50,469 [40df8fc4-149d-40c0-897d-2844034d8141@group-C626CE820278-LeaderStateImpl] INFO  impl.PendingRequests (PendingRequests.java:sendNotLeaderResponses(287)) - 40df8fc4-149d-40c0-897d-2844034d8141@group-C626CE820278-PendingRequests: sendNotLeaderResponses
2025-10-22 08:23:50,469 [40df8fc4-149d-40c0-897d-2844034d8141@group-C626CE820278->1c036820-4dbe-4abe-80fb-5ca88de5e2f0-GrpcLogAppender-LogAppenderDaemon] WARN  server.GrpcLogAppender (GrpcLogAppender.java:mayWait(300)) - 40df8fc4-149d-40c0-897d-2844034d8141@group-C626CE820278->1c036820-4dbe-4abe-80fb-5ca88de5e2f0-GrpcLogAppender: Wait interrupted by java.lang.InterruptedException
2025-10-22 08:23:50,472 [40df8fc4-149d-40c0-897d-2844034d8141@group-C626CE820278-LeaderStateImpl] INFO  server.RaftServer$Division (ServerState.java:setLeader(272)) - 40df8fc4-149d-40c0-897d-2844034d8141@group-C626CE820278: change Leader from 40df8fc4-149d-40c0-897d-2844034d8141 to null at term 1 for StepDownReason:LOST_MAJORITY_HEARTBEATS
2025-10-22 08:23:50,472 [40df8fc4-149d-40c0-897d-2844034d8141@group-C626CE820278-LeaderStateImpl] INFO  impl.RoleInfo (RoleInfo.java:updateAndGet(148)) - 40df8fc4-149d-40c0-897d-2844034d8141: start 40df8fc4-149d-40c0-897d-2844034d8141@group-C626CE820278-FollowerState
2025-10-22 08:23:50,771 [timer4] WARN  server.GrpcLogAppender (LogUtils.java:warn(127)) - 1c036820-4dbe-4abe-80fb-5ca88de5e2f0@group-5E2F154B5BDB->4d8a2798-959e-416b-b534-19c13b55a760-AppendLogResponseHandler: Failed appendEntries (Repeated 14 times in the last 5.001s): org.apache.ratis.thirdparty.io.grpc.StatusRuntimeException: UNAVAILABLE: io exception
  Caused by: org.apache.ratis.thirdparty.io.netty.channel.AbstractChannel$AnnotatedConnectException: finishConnect(..) failed: Connection refused: /127.0.0.1:15023
  Caused by: java.net.ConnectException: finishConnect(..) failed: Connection refused
2025-10-22 08:23:50,775 [timer5] WARN  server.GrpcLogAppender (LogUtils.java:warn(127)) - 40df8fc4-149d-40c0-897d-2844034d8141@group-C626CE820278->4d8a2798-959e-416b-b534-19c13b55a760-AppendLogResponseHandler: Failed appendEntries (Repeated 18 times in the last 5.006s): org.apache.ratis.thirdparty.io.grpc.StatusRuntimeException: UNAVAILABLE: io exception
  Caused by: org.apache.ratis.thirdparty.io.netty.channel.AbstractChannel$AnnotatedConnectException: finishConnect(..) failed: Connection refused: /127.0.0.1:15023
  Caused by: java.net.ConnectException: finishConnect(..) failed: Connection refused
2025-10-22 08:23:50,776 [timer7] WARN  server.GrpcLogAppender (GrpcLogAppender.java:lambda$resetClient$1(228)) - 40df8fc4-149d-40c0-897d-2844034d8141@group-C626CE820278->4d8a2798-959e-416b-b534-19c13b55a760-GrpcLogAppender: Follower failed (request=null, errorCount=18); keep nextIndex (5) unchanged and retry. (Repeated 18 times in the last 5.002s)
2025-10-22 08:23:50,777 [timer6] WARN  server.GrpcLogAppender (GrpcLogAppender.java:lambda$resetClient$1(228)) - 1c036820-4dbe-4abe-80fb-5ca88de5e2f0@group-5E2F154B5BDB->4d8a2798-959e-416b-b534-19c13b55a760-GrpcLogAppender: Follower failed (request=null, errorCount=14); keep nextIndex (1) unchanged and retry. (Repeated 14 times in the last 5.002s)
2025-10-22 08:23:51,338 [40df8fc4-149d-40c0-897d-2844034d8141@group-5E2F154B5BDB-FollowerState] INFO  impl.FollowerState (FollowerState.java:runImpl(161)) - 40df8fc4-149d-40c0-897d-2844034d8141@group-5E2F154B5BDB-FollowerState: change to CANDIDATE, lastRpcElapsedTime:1137410640ns, electionTimeout:1137ms
2025-10-22 08:23:51,338 [40df8fc4-149d-40c0-897d-2844034d8141@group-5E2F154B5BDB-FollowerState] INFO  impl.RoleInfo (RoleInfo.java:shutdownFollowerState(121)) - 40df8fc4-149d-40c0-897d-2844034d8141: shutdown 40df8fc4-149d-40c0-897d-2844034d8141@group-5E2F154B5BDB-FollowerState
2025-10-22 08:23:51,338 [40df8fc4-149d-40c0-897d-2844034d8141@group-5E2F154B5BDB-FollowerState] INFO  server.RaftServer$Division (RaftServerImpl.java:setRole(392)) - 40df8fc4-149d-40c0-897d-2844034d8141@group-5E2F154B5BDB: changes role from  FOLLOWER to CANDIDATE at term 1 for changeToCandidate
2025-10-22 08:23:51,339 [40df8fc4-149d-40c0-897d-2844034d8141@group-5E2F154B5BDB-FollowerState] INFO  impl.RoleInfo (RoleInfo.java:updateAndGet(148)) - 40df8fc4-149d-40c0-897d-2844034d8141: start 40df8fc4-149d-40c0-897d-2844034d8141@group-5E2F154B5BDB-LeaderElection23
2025-10-22 08:23:51,339 [40df8fc4-149d-40c0-897d-2844034d8141@group-5E2F154B5BDB-LeaderElection23] INFO  impl.LeaderElection (LeaderElection.java:askForVotes(448)) - 40df8fc4-149d-40c0-897d-2844034d8141@group-5E2F154B5BDB-LeaderElection23 PRE_VOTE round 0: submit vote requests at term 1 for conf: {index: 0, cur=peers:[4d8a2798-959e-416b-b534-19c13b55a760|127.0.0.1:15023, 1c036820-4dbe-4abe-80fb-5ca88de5e2f0|127.0.0.1:15015, 40df8fc4-149d-40c0-897d-2844034d8141|127.0.0.1:15031]|listeners:[], old=null}
2025-10-22 08:23:51,340 [40df8fc4-149d-40c0-897d-2844034d8141@group-5E2F154B5BDB-LeaderElection23] INFO  impl.LeaderElection (LogUtils.java:infoOrTrace(142)) - 40df8fc4-149d-40c0-897d-2844034d8141@group-5E2F154B5BDB-LeaderElection23 got exception when requesting votes: java.util.concurrent.ExecutionException: org.apache.ratis.thirdparty.io.grpc.StatusRuntimeException: UNAVAILABLE: io exception
2025-10-22 08:23:51,340 [40df8fc4-149d-40c0-897d-2844034d8141@group-5E2F154B5BDB-LeaderElection23] INFO  impl.LeaderElection (LogUtils.java:infoOrTrace(142)) - 40df8fc4-149d-40c0-897d-2844034d8141@group-5E2F154B5BDB-LeaderElection23 got exception when requesting votes: java.util.concurrent.ExecutionException: org.apache.ratis.thirdparty.io.grpc.StatusRuntimeException: UNAVAILABLE: io exception
2025-10-22 08:23:51,340 [40df8fc4-149d-40c0-897d-2844034d8141@group-5E2F154B5BDB-LeaderElection23] INFO  impl.LeaderElection (LeaderElection.java:logAndReturn(206)) - 40df8fc4-149d-40c0-897d-2844034d8141@group-5E2F154B5BDB-LeaderElection23: PRE_VOTE REJECTED received 0 response(s) and 2 exception(s):
2025-10-22 08:23:51,340 [40df8fc4-149d-40c0-897d-2844034d8141@group-5E2F154B5BDB-LeaderElection23] INFO  impl.LeaderElection (LogUtils.java:infoOrTrace(142)) -   Exception 0: java.util.concurrent.ExecutionException: org.apache.ratis.thirdparty.io.grpc.StatusRuntimeException: UNAVAILABLE: io exception
2025-10-22 08:23:51,340 [40df8fc4-149d-40c0-897d-2844034d8141@group-5E2F154B5BDB-LeaderElection23] INFO  impl.LeaderElection (LogUtils.java:infoOrTrace(142)) -   Exception 1: java.util.concurrent.ExecutionException: org.apache.ratis.thirdparty.io.grpc.StatusRuntimeException: UNAVAILABLE: io exception
2025-10-22 08:23:51,340 [40df8fc4-149d-40c0-897d-2844034d8141@group-5E2F154B5BDB-LeaderElection23] INFO  impl.LeaderElection (LeaderElection.java:askForVotes(450)) - 40df8fc4-149d-40c0-897d-2844034d8141@group-5E2F154B5BDB-LeaderElection23 PRE_VOTE round 0: result REJECTED
2025-10-22 08:23:51,340 [40df8fc4-149d-40c0-897d-2844034d8141@group-5E2F154B5BDB-LeaderElection23] INFO  server.RaftServer$Division (RaftServerImpl.java:setRole(392)) - 40df8fc4-149d-40c0-897d-2844034d8141@group-5E2F154B5BDB: changes role from CANDIDATE to FOLLOWER at term 1 for REJECTED
2025-10-22 08:23:51,340 [40df8fc4-149d-40c0-897d-2844034d8141@group-5E2F154B5BDB-LeaderElection23] INFO  impl.RoleInfo (RoleInfo.java:shutdownLeaderElection(141)) - 40df8fc4-149d-40c0-897d-2844034d8141: shutdown 40df8fc4-149d-40c0-897d-2844034d8141@group-5E2F154B5BDB-LeaderElection23
2025-10-22 08:23:51,340 [40df8fc4-149d-40c0-897d-2844034d8141@group-5E2F154B5BDB-LeaderElection23] INFO  impl.RoleInfo (RoleInfo.java:updateAndGet(148)) - 40df8fc4-149d-40c0-897d-2844034d8141: start 40df8fc4-149d-40c0-897d-2844034d8141@group-5E2F154B5BDB-FollowerState
2025-10-22 08:23:51,534 [40df8fc4-149d-40c0-897d-2844034d8141@group-C626CE820278-FollowerState] INFO  impl.FollowerState (FollowerState.java:lostMajorityHeartbeatsRecently(113)) - 40df8fc4-149d-40c0-897d-2844034d8141@group-C626CE820278-FollowerState: Skipping leader election since it stepped down recently (elapsed = 1062ms < waitTime = 10s)
2025-10-22 08:23:51,857 [ForkJoinPool-1-worker-1] INFO  utils.DatanodeStoreCache (DatanodeStoreCache.java:shutdownCache(110)) - Skip clearing cache in mini cluster mode. Entries left: [/home/runner/work/ozone/ozone/hadoop-ozone/integration-test/target/test-dir/MiniOzoneClusterImpl-a412b9f6-7d8b-4de3-a85c-9946bceaa3a0/ozone-metadata/datanode-1/data-0/hdds/a412b9f6-7d8b-4de3-a85c-9946bceaa3a0/DS-a07e098a-6398-480b-9efd-d3f505e7661c/container.db, /home/runner/work/ozone/ozone/hadoop-ozone/integration-test/target/test-dir/MiniOzoneClusterImpl-a412b9f6-7d8b-4de3-a85c-9946bceaa3a0/ozone-metadata/datanode-10/data-0/hdds/a412b9f6-7d8b-4de3-a85c-9946bceaa3a0/DS-8a3798d9-2bb5-458f-b08b-fc94b9fc23ce/container.db, /home/runner/work/ozone/ozone/hadoop-ozone/integration-test/target/test-dir/MiniOzoneClusterImpl-a412b9f6-7d8b-4de3-a85c-9946bceaa3a0/ozone-metadata/datanode-3/data-0/hdds/a412b9f6-7d8b-4de3-a85c-9946bceaa3a0/DS-bebc18f0-1165-45db-a91a-4f24542d176c/container.db, /home/runner/work/ozone/ozone/hadoop-ozone/integration-test/target/test-dir/MiniOzoneClusterImpl-a412b9f6-7d8b-4de3-a85c-9946bceaa3a0/ozone-metadata/datanode-4/data-0/hdds/a412b9f6-7d8b-4de3-a85c-9946bceaa3a0/DS-5d7e6087-1900-4b55-988c-16336b0b4c63/container.db, /home/runner/work/ozone/ozone/hadoop-ozone/integration-test/target/test-dir/MiniOzoneClusterImpl-a412b9f6-7d8b-4de3-a85c-9946bceaa3a0/ozone-metadata/datanode-5/data-0/hdds/a412b9f6-7d8b-4de3-a85c-9946bceaa3a0/DS-ca10d0ba-335c-4c88-91c2-e630968cb905/container.db, /home/runner/work/ozone/ozone/hadoop-ozone/integration-test/target/test-dir/MiniOzoneClusterImpl-a412b9f6-7d8b-4de3-a85c-9946bceaa3a0/ozone-metadata/datanode-6/data-0/hdds/a412b9f6-7d8b-4de3-a85c-9946bceaa3a0/DS-4a321f51-abfc-498c-a23e-1fd398dcf1d8/container.db, /home/runner/work/ozone/ozone/hadoop-ozone/integration-test/target/test-dir/MiniOzoneClusterImpl-a412b9f6-7d8b-4de3-a85c-9946bceaa3a0/ozone-metadata/datanode-7/data-0/hdds/a412b9f6-7d8b-4de3-a85c-9946bceaa3a0/DS-2f6f67bf-9efa-4b7c-aaf0-b55f90e251b4/container.db, /home/runner/work/ozone/ozone/hadoop-ozone/integration-test/target/test-dir/MiniOzoneClusterImpl-a412b9f6-7d8b-4de3-a85c-9946bceaa3a0/ozone-metadata/datanode-8/data-0/hdds/a412b9f6-7d8b-4de3-a85c-9946bceaa3a0/DS-1ec53189-a8d9-456e-823c-b078e2857cda/container.db, /home/runner/work/ozone/ozone/hadoop-ozone/integration-test/target/test-dir/MiniOzoneClusterImpl-a412b9f6-7d8b-4de3-a85c-9946bceaa3a0/ozone-metadata/datanode-9/data-0/hdds/a412b9f6-7d8b-4de3-a85c-9946bceaa3a0/DS-2a9dbd48-deb6-4f23-96bb-1f0c806128cb/container.db]
2025-10-22 08:23:51,858 [ForkJoinPool-1-worker-1] INFO  utils.DatanodeStoreCache (DatanodeStoreCache.java:removeDB(104)) - Removed db /home/runner/work/ozone/ozone/hadoop-ozone/integration-test/target/test-dir/MiniOzoneClusterImpl-a412b9f6-7d8b-4de3-a85c-9946bceaa3a0/ozone-metadata/datanode-1/data-0/hdds/a412b9f6-7d8b-4de3-a85c-9946bceaa3a0/DS-a07e098a-6398-480b-9efd-d3f505e7661c/container.db from cache
2025-10-22 08:23:51,858 [ForkJoinPool-1-worker-1] INFO  volume.HddsVolume (HddsVolume.java:closeDbStore(609)) - SchemaV3 db is stopped at /home/runner/work/ozone/ozone/hadoop-ozone/integration-test/target/test-dir/MiniOzoneClusterImpl-a412b9f6-7d8b-4de3-a85c-9946bceaa3a0/ozone-metadata/datanode-1/data-0/hdds/a412b9f6-7d8b-4de3-a85c-9946bceaa3a0/DS-a07e098a-6398-480b-9efd-d3f505e7661c/container.db for volume DS-a07e098a-6398-480b-9efd-d3f505e7661c
2025-10-22 08:23:51,858 [ForkJoinPool-1-worker-1] INFO  utils.BackgroundService (BackgroundService.java:shutdown(195)) - Shutting down service BlockDeletingService
2025-10-22 08:23:51,859 [ForkJoinPool-1-worker-1] INFO  utils.BackgroundService (BackgroundService.java:shutdown(195)) - Shutting down service StaleRecoveringContainerScrubbingService
2025-10-22 08:23:51,860 [ForkJoinPool-1-worker-1] INFO  statemachine.DatanodeStateMachine (DatanodeStateMachine.java:stopDaemon(654)) - Ozone container server stopped.
2025-10-22 08:23:51,875 [ForkJoinPool-1-worker-1] INFO  handler.ContextHandler (ContextHandler.java:doStop(1159)) - Stopped o.e.j.w.WebAppContext@5c316715{hddsDatanode,/,null,STOPPED}{jar:file:/home/runner/work/ozone/ozone/hadoop-hdds/container-service/target/hdds-container-service-2.1.0-SNAPSHOT.jar!/webapps/hddsDatanode}
2025-10-22 08:23:51,876 [ForkJoinPool-1-worker-1] INFO  server.AbstractConnector (AbstractConnector.java:doStop(383)) - Stopped ServerConnector@6dbbaffb{HTTP/1.1, (http/1.1)}{0.0.0.0:15010}
2025-10-22 08:23:51,876 [ForkJoinPool-1-worker-1] INFO  server.session (HouseKeeper.java:stopScavenging(149)) - node0 Stopped scavenging
2025-10-22 08:23:51,876 [ForkJoinPool-1-worker-1] INFO  handler.ContextHandler (ContextHandler.java:doStop(1159)) - Stopped o.e.j.s.ServletContextHandler@3dc49d1d{static,/static,jar:file:/home/runner/work/ozone/ozone/hadoop-hdds/container-service/target/hdds-container-service-2.1.0-SNAPSHOT.jar!/webapps/static,STOPPED}
2025-10-22 08:23:51,876 [ForkJoinPool-1-worker-1] INFO  handler.ContextHandler (ContextHandler.java:doStop(1159)) - Stopped o.e.j.s.ServletContextHandler@3090e77a{logs,/logs,file:///home/runner/work/ozone/ozone/hadoop-ozone/integration-test/target/log,STOPPED}
2025-10-22 08:23:51,877 [ForkJoinPool-1-worker-1] INFO  ozone.HddsDatanodeClientProtocolServer (HddsDatanodeClientProtocolServer.java:stop(82)) - Stopping the RPC server for Client Protocol
2025-10-22 08:23:51,877 [ForkJoinPool-1-worker-1] INFO  ipc.Server (Server.java:stop(3697)) - Stopping server on 15011
2025-10-22 08:23:51,878 [IPC Server listener on 15011] INFO  ipc.Server (Server.java:run(1585)) - Stopping IPC Server listener on 15011
2025-10-22 08:23:51,879 [IPC Server Responder] INFO  ipc.Server (Server.java:run(1718)) - Stopping IPC Server Responder
2025-10-22 08:23:51,922 [ForkJoinPool-1-worker-1] ERROR impl.OrderedAsync (OrderedAsync.java:lambda$null$6(215)) -  client-ACEEB1504463: Failed* RaftClientRequest:client-ACEEB1504463->40df8fc4-149d-40c0-897d-2844034d8141@group-C626CE820278, cid=18, seq=4, RW, cmdType: WriteChunk traceID: "" containerID: 1 datanodeUuid: "4d8a2798-959e-416b-b534-19c13b55a760" writeChunk { blockID { containerID: 1 localID: 115816896921600001 blockCommitSequenceId: 2 replicaIndex: 0 } chunkData { chunkName: "115816896921600001_chunk_2" offset: 1048576 len: 1048576 } } version: 3, data.size=1048576
java.util.concurrent.CompletionException: org.apache.ratis.protocol.exceptions.AlreadyClosedException: client-ACEEB1504463->40df8fc4-149d-40c0-897d-2844034d8141 is closed.
	at java.base/java.util.concurrent.CompletableFuture.encodeThrowable(CompletableFuture.java:332)
	at java.base/java.util.concurrent.CompletableFuture.uniAcceptNow(CompletableFuture.java:747)
	at java.base/java.util.concurrent.CompletableFuture.uniAcceptStage(CompletableFuture.java:735)
	at java.base/java.util.concurrent.CompletableFuture.thenAccept(CompletableFuture.java:2214)
	at org.apache.ratis.client.impl.OrderedAsync.sendRequestWithRetry(OrderedAsync.java:206)
	at org.apache.ratis.util.SlidingWindow$Client.sendOrDelayRequest(SlidingWindow.java:306)
	at org.apache.ratis.util.SlidingWindow$Client.submitNewRequest(SlidingWindow.java:294)
	at org.apache.ratis.client.impl.OrderedAsync.send(OrderedAsync.java:173)
	at org.apache.ratis.client.impl.AsyncImpl.send(AsyncImpl.java:41)
	at org.apache.ratis.client.impl.AsyncImpl.send(AsyncImpl.java:46)
	at org.apache.ratis.client.api.AsyncApi.send(AsyncApi.java:46)
	at org.apache.hadoop.hdds.scm.XceiverClientRatis.lambda$sendRequestAsync$3(XceiverClientRatis.java:270)
	at org.apache.hadoop.hdds.tracing.TracingUtil.executeInSpan(TracingUtil.java:205)
	at org.apache.hadoop.hdds.tracing.TracingUtil.executeInNewSpan(TracingUtil.java:195)
	at org.apache.hadoop.hdds.scm.XceiverClientRatis.sendRequestAsync(XceiverClientRatis.java:255)
	at org.apache.hadoop.hdds.scm.XceiverClientRatis.sendCommandAsync(XceiverClientRatis.java:368)
	at org.apache.hadoop.hdds.scm.storage.ContainerProtocolCalls.writeChunkAsync(ContainerProtocolCalls.java:470)
	at org.apache.hadoop.hdds.scm.storage.BlockOutputStream.writeChunkToContainer(BlockOutputStream.java:965)
	at org.apache.hadoop.hdds.scm.storage.BlockOutputStream.writeChunk(BlockOutputStream.java:663)
	at org.apache.hadoop.hdds.scm.storage.BlockOutputStream.writeChunkIfNeeded(BlockOutputStream.java:363)
	at org.apache.hadoop.hdds.scm.storage.BlockOutputStream.write(BlockOutputStream.java:389)
	at org.apache.hadoop.ozone.client.io.BlockOutputStreamEntry.write(BlockOutputStreamEntry.java:183)
	at org.apache.hadoop.ozone.client.io.KeyOutputStream.writeToOutputStream(KeyOutputStream.java:298)
	at org.apache.hadoop.ozone.client.io.KeyOutputStream.handleWrite(KeyOutputStream.java:274)
	at org.apache.hadoop.ozone.client.io.KeyOutputStream.lambda$write$1(KeyOutputStream.java:240)
	at org.apache.hadoop.ozone.client.io.KeyOutputStream.doInWriteLock(KeyOutputStream.java:251)
	at org.apache.hadoop.ozone.client.io.KeyOutputStream.write(KeyOutputStream.java:239)
	at org.apache.hadoop.ozone.client.io.OzoneOutputStream.write(OzoneOutputStream.java:93)
	at java.base/java.io.OutputStream.write(OutputStream.java:124)
	at org.apache.hadoop.ozone.client.rpc.TestFailureHandlingByClient.testPipelineExclusionWithPipelineFailure(TestFailureHandlingByClient.java:530)
	at java.base/jdk.internal.reflect.DirectMethodHandleAccessor.invoke(DirectMethodHandleAccessor.java:103)
	at java.base/java.lang.reflect.Method.invoke(Method.java:580)
	at org.junit.platform.commons.util.ReflectionUtils.invokeMethod(ReflectionUtils.java:786)
	at org.junit.platform.commons.support.ReflectionSupport.invokeMethod(ReflectionSupport.java:514)
	at org.junit.jupiter.engine.execution.MethodInvocation.proceed(MethodInvocation.java:60)
	at org.junit.jupiter.engine.execution.InvocationInterceptorChain$ValidatingInvocation.proceed(InvocationInterceptorChain.java:131)
	at org.junit.jupiter.engine.extension.SameThreadTimeoutInvocation.proceed(SameThreadTimeoutInvocation.java:49)
	at org.junit.jupiter.engine.extension.TimeoutExtension.intercept(TimeoutExtension.java:161)
	at org.junit.jupiter.engine.extension.TimeoutExtension.interceptTestableMethod(TimeoutExtension.java:152)
	at org.junit.jupiter.engine.extension.TimeoutExtension.interceptTestMethod(TimeoutExtension.java:91)
	at org.junit.jupiter.engine.execution.InterceptingExecutableInvoker$ReflectiveInterceptorCall.lambda$ofVoidMethod$0(InterceptingExecutableInvoker.java:112)
	at org.junit.jupiter.engine.execution.InterceptingExecutableInvoker.lambda$invoke$0(InterceptingExecutableInvoker.java:94)
	at org.junit.jupiter.engine.execution.InvocationInterceptorChain$InterceptedInvocation.proceed(InvocationInterceptorChain.java:106)
	at org.junit.jupiter.engine.execution.InvocationInterceptorChain.proceed(InvocationInterceptorChain.java:64)
	at org.junit.jupiter.engine.execution.InvocationInterceptorChain.chainAndInvoke(InvocationInterceptorChain.java:45)
	at org.junit.jupiter.engine.execution.InvocationInterceptorChain.invoke(InvocationInterceptorChain.java:37)
	at org.junit.jupiter.engine.execution.InterceptingExecutableInvoker.invoke(InterceptingExecutableInvoker.java:93)
	at org.junit.jupiter.engine.execution.InterceptingExecutableInvoker.invoke(InterceptingExecutableInvoker.java:87)
	at org.junit.jupiter.engine.descriptor.TestMethodTestDescriptor.lambda$invokeTestMethod$4(TestMethodTestDescriptor.java:221)
	at org.junit.platform.engine.support.hierarchical.ThrowableCollector.execute(ThrowableCollector.java:73)
	at org.junit.jupiter.engine.descriptor.TestMethodTestDescriptor.invokeTestMethod(TestMethodTestDescriptor.java:217)
	at org.junit.jupiter.engine.descriptor.TestMethodTestDescriptor.execute(TestMethodTestDescriptor.java:159)
	at org.junit.jupiter.engine.descriptor.TestMethodTestDescriptor.execute(TestMethodTestDescriptor.java:70)
	at org.junit.platform.engine.support.hierarchical.NodeTestTask.lambda$executeRecursively$6(NodeTestTask.java:157)
	at org.junit.platform.engine.support.hierarchical.ThrowableCollector.execute(ThrowableCollector.java:73)
	at org.junit.platform.engine.support.hierarchical.NodeTestTask.lambda$executeRecursively$8(NodeTestTask.java:147)
	at org.junit.platform.engine.support.hierarchical.Node.around(Node.java:137)
	at org.junit.platform.engine.support.hierarchical.NodeTestTask.lambda$executeRecursively$9(NodeTestTask.java:145)
	at org.junit.platform.engine.support.hierarchical.ThrowableCollector.execute(ThrowableCollector.java:73)
	at org.junit.platform.engine.support.hierarchical.NodeTestTask.executeRecursively(NodeTestTask.java:144)
	at org.junit.platform.engine.support.hierarchical.NodeTestTask.execute(NodeTestTask.java:101)
	at org.junit.platform.engine.support.hierarchical.ForkJoinPoolHierarchicalTestExecutorService$ExclusiveTask.exec(ForkJoinPoolHierarchicalTestExecutorService.java:274)
	at org.junit.platform.engine.support.hierarchical.ForkJoinPoolHierarchicalTestExecutorService$ExclusiveTask.execSync(ForkJoinPoolHierarchicalTestExecutorService.java:247)
	at org.junit.platform.engine.support.hierarchical.ForkJoinPoolHierarchicalTestExecutorService.executeSync(ForkJoinPoolHierarchicalTestExecutorService.java:194)
	at org.junit.platform.engine.support.hierarchical.ForkJoinPoolHierarchicalTestExecutorService.invokeAll(ForkJoinPoolHierarchicalTestExecutorService.java:166)
	at org.junit.platform.engine.support.hierarchical.NodeTestTask.lambda$executeRecursively$6(NodeTestTask.java:161)
	at org.junit.platform.engine.support.hierarchical.ThrowableCollector.execute(ThrowableCollector.java:73)
	at org.junit.platform.engine.support.hierarchical.NodeTestTask.lambda$executeRecursively$8(NodeTestTask.java:147)
	at org.junit.platform.engine.support.hierarchical.Node.around(Node.java:137)
	at org.junit.platform.engine.support.hierarchical.NodeTestTask.lambda$executeRecursively$9(NodeTestTask.java:145)
	at org.junit.platform.engine.support.hierarchical.ThrowableCollector.execute(ThrowableCollector.java:73)
	at org.junit.platform.engine.support.hierarchical.NodeTestTask.executeRecursively(NodeTestTask.java:144)
	at org.junit.platform.engine.support.hierarchical.NodeTestTask.execute(NodeTestTask.java:101)
	at org.junit.platform.engine.support.hierarchical.ForkJoinPoolHierarchicalTestExecutorService$ExclusiveTask.exec(ForkJoinPoolHierarchicalTestExecutorService.java:274)
	at org.junit.platform.engine.support.hierarchical.ForkJoinPoolHierarchicalTestExecutorService$ExclusiveTask.execSync(ForkJoinPoolHierarchicalTestExecutorService.java:247)
	at org.junit.platform.engine.support.hierarchical.ForkJoinPoolHierarchicalTestExecutorService.invokeAll(ForkJoinPoolHierarchicalTestExecutorService.java:159)
	at org.junit.platform.engine.support.hierarchical.NodeTestTask.lambda$executeRecursively$6(NodeTestTask.java:161)
	at org.junit.platform.engine.support.hierarchical.ThrowableCollector.execute(ThrowableCollector.java:73)
	at org.junit.platform.engine.support.hierarchical.NodeTestTask.lambda$executeRecursively$8(NodeTestTask.java:147)
	at org.junit.platform.engine.support.hierarchical.Node.around(Node.java:137)
	at org.junit.platform.engine.support.hierarchical.NodeTestTask.lambda$executeRecursively$9(NodeTestTask.java:145)
	at org.junit.platform.engine.support.hierarchical.ThrowableCollector.execute(ThrowableCollector.java:73)
	at org.junit.platform.engine.support.hierarchical.NodeTestTask.executeRecursively(NodeTestTask.java:144)
	at org.junit.platform.engine.support.hierarchical.NodeTestTask.execute(NodeTestTask.java:101)
	at org.junit.platform.engine.support.hierarchical.ForkJoinPoolHierarchicalTestExecutorService$ExclusiveTask.exec(ForkJoinPoolHierarchicalTestExecutorService.java:274)
	at java.base/java.util.concurrent.ForkJoinTask.doExec(ForkJoinTask.java:387)
	at java.base/java.util.concurrent.ForkJoinPool$WorkQueue.topLevelExec(ForkJoinPool.java:1312)
	at java.base/java.util.concurrent.ForkJoinPool.scan(ForkJoinPool.java:1843)
	at java.base/java.util.concurrent.ForkJoinPool.runWorker(ForkJoinPool.java:1808)
	at java.base/java.util.concurrent.ForkJoinWorkerThread.run(ForkJoinWorkerThread.java:188)
Caused by: org.apache.ratis.protocol.exceptions.AlreadyClosedException: client-ACEEB1504463->40df8fc4-149d-40c0-897d-2844034d8141 is closed.
	at org.apache.ratis.grpc.client.GrpcClientProtocolClient$AsyncStreamObservers.onNext(GrpcClientProtocolClient.java:352)
	at org.apache.ratis.grpc.client.GrpcClientRpc.sendRequestAsync(GrpcClientRpc.java:71)
	... 86 more
2025-10-22 08:23:52,483 [40df8fc4-149d-40c0-897d-2844034d8141@group-5E2F154B5BDB-FollowerState] INFO  impl.FollowerState (FollowerState.java:runImpl(161)) - 40df8fc4-149d-40c0-897d-2844034d8141@group-5E2F154B5BDB-FollowerState: change to CANDIDATE, lastRpcElapsedTime:1142470245ns, electionTimeout:1142ms
2025-10-22 08:23:52,483 [40df8fc4-149d-40c0-897d-2844034d8141@group-5E2F154B5BDB-FollowerState] INFO  impl.RoleInfo (RoleInfo.java:shutdownFollowerState(121)) - 40df8fc4-149d-40c0-897d-2844034d8141: shutdown 40df8fc4-149d-40c0-897d-2844034d8141@group-5E2F154B5BDB-FollowerState
2025-10-22 08:23:52,483 [40df8fc4-149d-40c0-897d-2844034d8141@group-5E2F154B5BDB-FollowerState] INFO  server.RaftServer$Division (RaftServerImpl.java:setRole(392)) - 40df8fc4-149d-40c0-897d-2844034d8141@group-5E2F154B5BDB: changes role from  FOLLOWER to CANDIDATE at term 1 for changeToCandidate
2025-10-22 08:23:52,483 [40df8fc4-149d-40c0-897d-2844034d8141@group-5E2F154B5BDB-FollowerState] INFO  impl.RoleInfo (RoleInfo.java:updateAndGet(148)) - 40df8fc4-149d-40c0-897d-2844034d8141: start 40df8fc4-149d-40c0-897d-2844034d8141@group-5E2F154B5BDB-LeaderElection24
2025-10-22 08:23:52,484 [40df8fc4-149d-40c0-897d-2844034d8141@group-5E2F154B5BDB-LeaderElection24] INFO  impl.LeaderElection (LeaderElection.java:askForVotes(448)) - 40df8fc4-149d-40c0-897d-2844034d8141@group-5E2F154B5BDB-LeaderElection24 PRE_VOTE round 0: submit vote requests at term 1 for conf: {index: 0, cur=peers:[4d8a2798-959e-416b-b534-19c13b55a760|127.0.0.1:15023, 1c036820-4dbe-4abe-80fb-5ca88de5e2f0|127.0.0.1:15015, 40df8fc4-149d-40c0-897d-2844034d8141|127.0.0.1:15031]|listeners:[], old=null}
2025-10-22 08:23:52,485 [40df8fc4-149d-40c0-897d-2844034d8141@group-5E2F154B5BDB-LeaderElection24] INFO  impl.LeaderElection (LogUtils.java:infoOrTrace(142)) - 40df8fc4-149d-40c0-897d-2844034d8141@group-5E2F154B5BDB-LeaderElection24 got exception when requesting votes: java.util.concurrent.ExecutionException: org.apache.ratis.thirdparty.io.grpc.StatusRuntimeException: UNAVAILABLE: io exception
2025-10-22 08:23:52,485 [40df8fc4-149d-40c0-897d-2844034d8141@group-5E2F154B5BDB-LeaderElection24] INFO  impl.LeaderElection (LogUtils.java:infoOrTrace(142)) - 40df8fc4-149d-40c0-897d-2844034d8141@group-5E2F154B5BDB-LeaderElection24 got exception when requesting votes: java.util.concurrent.ExecutionException: org.apache.ratis.thirdparty.io.grpc.StatusRuntimeException: UNAVAILABLE: io exception
2025-10-22 08:23:52,485 [40df8fc4-149d-40c0-897d-2844034d8141@group-5E2F154B5BDB-LeaderElection24] INFO  impl.LeaderElection (LeaderElection.java:logAndReturn(206)) - 40df8fc4-149d-40c0-897d-2844034d8141@group-5E2F154B5BDB-LeaderElection24: PRE_VOTE REJECTED received 0 response(s) and 2 exception(s):
2025-10-22 08:23:52,485 [40df8fc4-149d-40c0-897d-2844034d8141@group-5E2F154B5BDB-LeaderElection24] INFO  impl.LeaderElection (LogUtils.java:infoOrTrace(142)) -   Exception 0: java.util.concurrent.ExecutionException: org.apache.ratis.thirdparty.io.grpc.StatusRuntimeException: UNAVAILABLE: io exception
2025-10-22 08:23:52,485 [40df8fc4-149d-40c0-897d-2844034d8141@group-5E2F154B5BDB-LeaderElection24] INFO  impl.LeaderElection (LogUtils.java:infoOrTrace(142)) -   Exception 1: java.util.concurrent.ExecutionException: org.apache.ratis.thirdparty.io.grpc.StatusRuntimeException: UNAVAILABLE: io exception
2025-10-22 08:23:52,485 [40df8fc4-149d-40c0-897d-2844034d8141@group-5E2F154B5BDB-LeaderElection24] INFO  impl.LeaderElection (LeaderElection.java:askForVotes(450)) - 40df8fc4-149d-40c0-897d-2844034d8141@group-5E2F154B5BDB-LeaderElection24 PRE_VOTE round 0: result REJECTED
2025-10-22 08:23:52,485 [40df8fc4-149d-40c0-897d-2844034d8141@group-5E2F154B5BDB-LeaderElection24] INFO  server.RaftServer$Division (RaftServerImpl.java:setRole(392)) - 40df8fc4-149d-40c0-897d-2844034d8141@group-5E2F154B5BDB: changes role from CANDIDATE to FOLLOWER at term 1 for REJECTED
2025-10-22 08:23:52,485 [40df8fc4-149d-40c0-897d-2844034d8141@group-5E2F154B5BDB-LeaderElection24] INFO  impl.RoleInfo (RoleInfo.java:shutdownLeaderElection(141)) - 40df8fc4-149d-40c0-897d-2844034d8141: shutdown 40df8fc4-149d-40c0-897d-2844034d8141@group-5E2F154B5BDB-LeaderElection24
2025-10-22 08:23:52,485 [40df8fc4-149d-40c0-897d-2844034d8141@group-5E2F154B5BDB-LeaderElection24] INFO  impl.RoleInfo (RoleInfo.java:updateAndGet(148)) - 40df8fc4-149d-40c0-897d-2844034d8141: start 40df8fc4-149d-40c0-897d-2844034d8141@group-5E2F154B5BDB-FollowerState
2025-10-22 08:23:52,712 [40df8fc4-149d-40c0-897d-2844034d8141@group-C626CE820278-FollowerState] INFO  impl.FollowerState (FollowerState.java:lostMajorityHeartbeatsRecently(113)) - 40df8fc4-149d-40c0-897d-2844034d8141@group-C626CE820278-FollowerState: Skipping leader election since it stepped down recently (elapsed = 2239ms < waitTime = 10s)
2025-10-22 08:23:53,594 [40df8fc4-149d-40c0-897d-2844034d8141@group-5E2F154B5BDB-FollowerState] INFO  impl.FollowerState (FollowerState.java:runImpl(161)) - 40df8fc4-149d-40c0-897d-2844034d8141@group-5E2F154B5BDB-FollowerState: change to CANDIDATE, lastRpcElapsedTime:1108351989ns, electionTimeout:1108ms
2025-10-22 08:23:53,594 [40df8fc4-149d-40c0-897d-2844034d8141@group-5E2F154B5BDB-FollowerState] INFO  impl.RoleInfo (RoleInfo.java:shutdownFollowerState(121)) - 40df8fc4-149d-40c0-897d-2844034d8141: shutdown 40df8fc4-149d-40c0-897d-2844034d8141@group-5E2F154B5BDB-FollowerState
2025-10-22 08:23:53,594 [40df8fc4-149d-40c0-897d-2844034d8141@group-5E2F154B5BDB-FollowerState] INFO  server.RaftServer$Division (RaftServerImpl.java:setRole(392)) - 40df8fc4-149d-40c0-897d-2844034d8141@group-5E2F154B5BDB: changes role from  FOLLOWER to CANDIDATE at term 1 for changeToCandidate
2025-10-22 08:23:53,594 [40df8fc4-149d-40c0-897d-2844034d8141@group-5E2F154B5BDB-FollowerState] INFO  impl.RoleInfo (RoleInfo.java:updateAndGet(148)) - 40df8fc4-149d-40c0-897d-2844034d8141: start 40df8fc4-149d-40c0-897d-2844034d8141@group-5E2F154B5BDB-LeaderElection25
2025-10-22 08:23:53,594 [40df8fc4-149d-40c0-897d-2844034d8141@group-5E2F154B5BDB-LeaderElection25] INFO  impl.LeaderElection (LeaderElection.java:askForVotes(448)) - 40df8fc4-149d-40c0-897d-2844034d8141@group-5E2F154B5BDB-LeaderElection25 PRE_VOTE round 0: submit vote requests at term 1 for conf: {index: 0, cur=peers:[4d8a2798-959e-416b-b534-19c13b55a760|127.0.0.1:15023, 1c036820-4dbe-4abe-80fb-5ca88de5e2f0|127.0.0.1:15015, 40df8fc4-149d-40c0-897d-2844034d8141|127.0.0.1:15031]|listeners:[], old=null}
2025-10-22 08:23:53,595 [40df8fc4-149d-40c0-897d-2844034d8141@group-5E2F154B5BDB-LeaderElection25] INFO  impl.LeaderElection (LogUtils.java:infoOrTrace(142)) - 40df8fc4-149d-40c0-897d-2844034d8141@group-5E2F154B5BDB-LeaderElection25 got exception when requesting votes: java.util.concurrent.ExecutionException: org.apache.ratis.thirdparty.io.grpc.StatusRuntimeException: UNAVAILABLE: io exception
2025-10-22 08:23:53,595 [40df8fc4-149d-40c0-897d-2844034d8141@group-5E2F154B5BDB-LeaderElection25] INFO  impl.LeaderElection (LogUtils.java:infoOrTrace(142)) - 40df8fc4-149d-40c0-897d-2844034d8141@group-5E2F154B5BDB-LeaderElection25 got exception when requesting votes: java.util.concurrent.ExecutionException: org.apache.ratis.thirdparty.io.grpc.StatusRuntimeException: UNAVAILABLE: io exception
2025-10-22 08:23:53,595 [40df8fc4-149d-40c0-897d-2844034d8141@group-5E2F154B5BDB-LeaderElection25] INFO  impl.LeaderElection (LeaderElection.java:logAndReturn(206)) - 40df8fc4-149d-40c0-897d-2844034d8141@group-5E2F154B5BDB-LeaderElection25: PRE_VOTE REJECTED received 0 response(s) and 2 exception(s):
2025-10-22 08:23:53,595 [40df8fc4-149d-40c0-897d-2844034d8141@group-5E2F154B5BDB-LeaderElection25] INFO  impl.LeaderElection (LogUtils.java:infoOrTrace(142)) -   Exception 0: java.util.concurrent.ExecutionException: org.apache.ratis.thirdparty.io.grpc.StatusRuntimeException: UNAVAILABLE: io exception
2025-10-22 08:23:53,595 [40df8fc4-149d-40c0-897d-2844034d8141@group-5E2F154B5BDB-LeaderElection25] INFO  impl.LeaderElection (LogUtils.java:infoOrTrace(142)) -   Exception 1: java.util.concurrent.ExecutionException: org.apache.ratis.thirdparty.io.grpc.StatusRuntimeException: UNAVAILABLE: io exception
2025-10-22 08:23:53,595 [40df8fc4-149d-40c0-897d-2844034d8141@group-5E2F154B5BDB-LeaderElection25] INFO  impl.LeaderElection (LeaderElection.java:askForVotes(450)) - 40df8fc4-149d-40c0-897d-2844034d8141@group-5E2F154B5BDB-LeaderElection25 PRE_VOTE round 0: result REJECTED
2025-10-22 08:23:53,595 [40df8fc4-149d-40c0-897d-2844034d8141@group-5E2F154B5BDB-LeaderElection25] INFO  server.RaftServer$Division (RaftServerImpl.java:setRole(392)) - 40df8fc4-149d-40c0-897d-2844034d8141@group-5E2F154B5BDB: changes role from CANDIDATE to FOLLOWER at term 1 for REJECTED
2025-10-22 08:23:53,595 [40df8fc4-149d-40c0-897d-2844034d8141@group-5E2F154B5BDB-LeaderElection25] INFO  impl.RoleInfo (RoleInfo.java:shutdownLeaderElection(141)) - 40df8fc4-149d-40c0-897d-2844034d8141: shutdown 40df8fc4-149d-40c0-897d-2844034d8141@group-5E2F154B5BDB-LeaderElection25
2025-10-22 08:23:53,595 [40df8fc4-149d-40c0-897d-2844034d8141@group-5E2F154B5BDB-LeaderElection25] INFO  impl.RoleInfo (RoleInfo.java:updateAndGet(148)) - 40df8fc4-149d-40c0-897d-2844034d8141: start 40df8fc4-149d-40c0-897d-2844034d8141@group-5E2F154B5BDB-FollowerState
2025-10-22 08:23:53,834 [40df8fc4-149d-40c0-897d-2844034d8141@group-C626CE820278-FollowerState] INFO  impl.FollowerState (FollowerState.java:lostMajorityHeartbeatsRecently(113)) - 40df8fc4-149d-40c0-897d-2844034d8141@group-C626CE820278-FollowerState: Skipping leader election since it stepped down recently (elapsed = 3361ms < waitTime = 10s)
2025-10-22 08:23:53,918 [timer2] INFO  server.GrpcServerProtocolService (GrpcServerProtocolService.java:lambda$onCompleted$6(171)) - 40df8fc4-149d-40c0-897d-2844034d8141: Completed APPEND_ENTRIES, lastRequest: null  (Repeated 2 times in the last 5.001s)
2025-10-22 08:23:53,920 [timer3] INFO  server.GrpcServerProtocolService (GrpcServerProtocolService.java:lambda$null$7(175)) - 40df8fc4-149d-40c0-897d-2844034d8141: Completed APPEND_ENTRIES, lastReply: null  (Repeated 2 times in the last 5.002s)
2025-10-22 08:23:53,929 [timer4] WARN  server.GrpcLogAppender (LogUtils.java:warn(127)) - 40df8fc4-149d-40c0-897d-2844034d8141@group-C626CE820278->1c036820-4dbe-4abe-80fb-5ca88de5e2f0-AppendLogResponseHandler: Failed appendEntries (Repeated 12 times in the last 5.000s): org.apache.ratis.thirdparty.io.grpc.StatusRuntimeException: UNAVAILABLE: io exception
  Caused by: org.apache.ratis.thirdparty.io.netty.channel.AbstractChannel$AnnotatedConnectException: finishConnect(..) failed: Connection refused: /127.0.0.1:15015
  Caused by: java.net.ConnectException: finishConnect(..) failed: Connection refused
2025-10-22 08:23:53,929 [timer5] WARN  server.GrpcLogAppender (GrpcLogAppender.java:lambda$resetClient$1(228)) - 40df8fc4-149d-40c0-897d-2844034d8141@group-C626CE820278->1c036820-4dbe-4abe-80fb-5ca88de5e2f0-GrpcLogAppender: Follower failed (request=null, errorCount=12); keep nextIndex (5) unchanged and retry. (Repeated 12 times in the last 5.000s)
2025-10-22 08:23:54,763 [40df8fc4-149d-40c0-897d-2844034d8141@group-5E2F154B5BDB-FollowerState] INFO  impl.FollowerState (FollowerState.java:runImpl(161)) - 40df8fc4-149d-40c0-897d-2844034d8141@group-5E2F154B5BDB-FollowerState: change to CANDIDATE, lastRpcElapsedTime:1167505851ns, electionTimeout:1167ms
2025-10-22 08:23:54,763 [40df8fc4-149d-40c0-897d-2844034d8141@group-5E2F154B5BDB-FollowerState] INFO  impl.RoleInfo (RoleInfo.java:shutdownFollowerState(121)) - 40df8fc4-149d-40c0-897d-2844034d8141: shutdown 40df8fc4-149d-40c0-897d-2844034d8141@group-5E2F154B5BDB-FollowerState
2025-10-22 08:23:54,763 [40df8fc4-149d-40c0-897d-2844034d8141@group-5E2F154B5BDB-FollowerState] INFO  server.RaftServer$Division (RaftServerImpl.java:setRole(392)) - 40df8fc4-149d-40c0-897d-2844034d8141@group-5E2F154B5BDB: changes role from  FOLLOWER to CANDIDATE at term 1 for changeToCandidate
2025-10-22 08:23:54,763 [40df8fc4-149d-40c0-897d-2844034d8141@group-5E2F154B5BDB-FollowerState] INFO  impl.RoleInfo (RoleInfo.java:updateAndGet(148)) - 40df8fc4-149d-40c0-897d-2844034d8141: start 40df8fc4-149d-40c0-897d-2844034d8141@group-5E2F154B5BDB-LeaderElection26
2025-10-22 08:23:54,764 [40df8fc4-149d-40c0-897d-2844034d8141@group-5E2F154B5BDB-LeaderElection26] INFO  impl.LeaderElection (LeaderElection.java:askForVotes(448)) - 40df8fc4-149d-40c0-897d-2844034d8141@group-5E2F154B5BDB-LeaderElection26 PRE_VOTE round 0: submit vote requests at term 1 for conf: {index: 0, cur=peers:[4d8a2798-959e-416b-b534-19c13b55a760|127.0.0.1:15023, 1c036820-4dbe-4abe-80fb-5ca88de5e2f0|127.0.0.1:15015, 40df8fc4-149d-40c0-897d-2844034d8141|127.0.0.1:15031]|listeners:[], old=null}
2025-10-22 08:23:54,765 [40df8fc4-149d-40c0-897d-2844034d8141@group-5E2F154B5BDB-LeaderElection26] INFO  impl.LeaderElection (LogUtils.java:infoOrTrace(142)) - 40df8fc4-149d-40c0-897d-2844034d8141@group-5E2F154B5BDB-LeaderElection26 got exception when requesting votes: java.util.concurrent.ExecutionException: org.apache.ratis.thirdparty.io.grpc.StatusRuntimeException: UNAVAILABLE: io exception
2025-10-22 08:23:54,765 [40df8fc4-149d-40c0-897d-2844034d8141@group-5E2F154B5BDB-LeaderElection26] INFO  impl.LeaderElection (LogUtils.java:infoOrTrace(142)) - 40df8fc4-149d-40c0-897d-2844034d8141@group-5E2F154B5BDB-LeaderElection26 got exception when requesting votes: java.util.concurrent.ExecutionException: org.apache.ratis.thirdparty.io.grpc.StatusRuntimeException: UNAVAILABLE: io exception
2025-10-22 08:23:54,765 [40df8fc4-149d-40c0-897d-2844034d8141@group-5E2F154B5BDB-LeaderElection26] INFO  impl.LeaderElection (LeaderElection.java:logAndReturn(206)) - 40df8fc4-149d-40c0-897d-2844034d8141@group-5E2F154B5BDB-LeaderElection26: PRE_VOTE REJECTED received 0 response(s) and 2 exception(s):
2025-10-22 08:23:54,765 [40df8fc4-149d-40c0-897d-2844034d8141@group-5E2F154B5BDB-LeaderElection26] INFO  impl.LeaderElection (LogUtils.java:infoOrTrace(142)) -   Exception 0: java.util.concurrent.ExecutionException: org.apache.ratis.thirdparty.io.grpc.StatusRuntimeException: UNAVAILABLE: io exception
2025-10-22 08:23:54,765 [40df8fc4-149d-40c0-897d-2844034d8141@group-5E2F154B5BDB-LeaderElection26] INFO  impl.LeaderElection (LogUtils.java:infoOrTrace(142)) -   Exception 1: java.util.concurrent.ExecutionException: org.apache.ratis.thirdparty.io.grpc.StatusRuntimeException: UNAVAILABLE: io exception
2025-10-22 08:23:54,765 [40df8fc4-149d-40c0-897d-2844034d8141@group-5E2F154B5BDB-LeaderElection26] INFO  impl.LeaderElection (LeaderElection.java:askForVotes(450)) - 40df8fc4-149d-40c0-897d-2844034d8141@group-5E2F154B5BDB-LeaderElection26 PRE_VOTE round 0: result REJECTED
2025-10-22 08:23:54,765 [40df8fc4-149d-40c0-897d-2844034d8141@group-5E2F154B5BDB-LeaderElection26] INFO  server.RaftServer$Division (RaftServerImpl.java:setRole(392)) - 40df8fc4-149d-40c0-897d-2844034d8141@group-5E2F154B5BDB: changes role from CANDIDATE to FOLLOWER at term 1 for REJECTED
2025-10-22 08:23:54,765 [40df8fc4-149d-40c0-897d-2844034d8141@group-5E2F154B5BDB-LeaderElection26] INFO  impl.RoleInfo (RoleInfo.java:shutdownLeaderElection(141)) - 40df8fc4-149d-40c0-897d-2844034d8141: shutdown 40df8fc4-149d-40c0-897d-2844034d8141@group-5E2F154B5BDB-LeaderElection26
2025-10-22 08:23:54,765 [40df8fc4-149d-40c0-897d-2844034d8141@group-5E2F154B5BDB-LeaderElection26] INFO  impl.RoleInfo (RoleInfo.java:updateAndGet(148)) - 40df8fc4-149d-40c0-897d-2844034d8141: start 40df8fc4-149d-40c0-897d-2844034d8141@group-5E2F154B5BDB-FollowerState
2025-10-22 08:23:54,836 [40df8fc4-149d-40c0-897d-2844034d8141@group-C626CE820278-FollowerState] INFO  impl.FollowerState (FollowerState.java:lostMajorityHeartbeatsRecently(113)) - 40df8fc4-149d-40c0-897d-2844034d8141@group-C626CE820278-FollowerState: Skipping leader election since it stepped down recently (elapsed = 4364ms < waitTime = 10s)
2025-10-22 08:23:55,860 [40df8fc4-149d-40c0-897d-2844034d8141@group-5E2F154B5BDB-FollowerState] INFO  impl.FollowerState (FollowerState.java:runImpl(161)) - 40df8fc4-149d-40c0-897d-2844034d8141@group-5E2F154B5BDB-FollowerState: change to CANDIDATE, lastRpcElapsedTime:1094506899ns, electionTimeout:1094ms
2025-10-22 08:23:55,860 [40df8fc4-149d-40c0-897d-2844034d8141@group-5E2F154B5BDB-FollowerState] INFO  impl.RoleInfo (RoleInfo.java:shutdownFollowerState(121)) - 40df8fc4-149d-40c0-897d-2844034d8141: shutdown 40df8fc4-149d-40c0-897d-2844034d8141@group-5E2F154B5BDB-FollowerState
2025-10-22 08:23:55,860 [40df8fc4-149d-40c0-897d-2844034d8141@group-5E2F154B5BDB-FollowerState] INFO  server.RaftServer$Division (RaftServerImpl.java:setRole(392)) - 40df8fc4-149d-40c0-897d-2844034d8141@group-5E2F154B5BDB: changes role from  FOLLOWER to CANDIDATE at term 1 for changeToCandidate
2025-10-22 08:23:55,860 [40df8fc4-149d-40c0-897d-2844034d8141@group-5E2F154B5BDB-FollowerState] INFO  impl.RoleInfo (RoleInfo.java:updateAndGet(148)) - 40df8fc4-149d-40c0-897d-2844034d8141: start 40df8fc4-149d-40c0-897d-2844034d8141@group-5E2F154B5BDB-LeaderElection27
2025-10-22 08:23:55,860 [40df8fc4-149d-40c0-897d-2844034d8141@group-5E2F154B5BDB-LeaderElection27] INFO  impl.LeaderElection (LeaderElection.java:askForVotes(448)) - 40df8fc4-149d-40c0-897d-2844034d8141@group-5E2F154B5BDB-LeaderElection27 PRE_VOTE round 0: submit vote requests at term 1 for conf: {index: 0, cur=peers:[4d8a2798-959e-416b-b534-19c13b55a760|127.0.0.1:15023, 1c036820-4dbe-4abe-80fb-5ca88de5e2f0|127.0.0.1:15015, 40df8fc4-149d-40c0-897d-2844034d8141|127.0.0.1:15031]|listeners:[], old=null}
2025-10-22 08:23:55,861 [40df8fc4-149d-40c0-897d-2844034d8141@group-5E2F154B5BDB-LeaderElection27] INFO  impl.LeaderElection (LogUtils.java:infoOrTrace(142)) - 40df8fc4-149d-40c0-897d-2844034d8141@group-5E2F154B5BDB-LeaderElection27 got exception when requesting votes: java.util.concurrent.ExecutionException: org.apache.ratis.thirdparty.io.grpc.StatusRuntimeException: UNAVAILABLE: io exception
2025-10-22 08:23:55,861 [40df8fc4-149d-40c0-897d-2844034d8141@group-5E2F154B5BDB-LeaderElection27] INFO  impl.LeaderElection (LogUtils.java:infoOrTrace(142)) - 40df8fc4-149d-40c0-897d-2844034d8141@group-5E2F154B5BDB-LeaderElection27 got exception when requesting votes: java.util.concurrent.ExecutionException: org.apache.ratis.thirdparty.io.grpc.StatusRuntimeException: UNAVAILABLE: io exception
2025-10-22 08:23:55,861 [40df8fc4-149d-40c0-897d-2844034d8141@group-5E2F154B5BDB-LeaderElection27] INFO  impl.LeaderElection (LeaderElection.java:logAndReturn(206)) - 40df8fc4-149d-40c0-897d-2844034d8141@group-5E2F154B5BDB-LeaderElection27: PRE_VOTE REJECTED received 0 response(s) and 2 exception(s):
2025-10-22 08:23:55,861 [40df8fc4-149d-40c0-897d-2844034d8141@group-5E2F154B5BDB-LeaderElection27] INFO  impl.LeaderElection (LogUtils.java:infoOrTrace(142)) -   Exception 0: java.util.concurrent.ExecutionException: org.apache.ratis.thirdparty.io.grpc.StatusRuntimeException: UNAVAILABLE: io exception
2025-10-22 08:23:55,861 [40df8fc4-149d-40c0-897d-2844034d8141@group-5E2F154B5BDB-LeaderElection27] INFO  impl.LeaderElection (LogUtils.java:infoOrTrace(142)) -   Exception 1: java.util.concurrent.ExecutionException: org.apache.ratis.thirdparty.io.grpc.StatusRuntimeException: UNAVAILABLE: io exception
2025-10-22 08:23:55,861 [40df8fc4-149d-40c0-897d-2844034d8141@group-5E2F154B5BDB-LeaderElection27] INFO  impl.LeaderElection (LeaderElection.java:askForVotes(450)) - 40df8fc4-149d-40c0-897d-2844034d8141@group-5E2F154B5BDB-LeaderElection27 PRE_VOTE round 0: result REJECTED
2025-10-22 08:23:55,861 [40df8fc4-149d-40c0-897d-2844034d8141@group-5E2F154B5BDB-LeaderElection27] INFO  server.RaftServer$Division (RaftServerImpl.java:setRole(392)) - 40df8fc4-149d-40c0-897d-2844034d8141@group-5E2F154B5BDB: changes role from CANDIDATE to FOLLOWER at term 1 for REJECTED
2025-10-22 08:23:55,862 [40df8fc4-149d-40c0-897d-2844034d8141@group-5E2F154B5BDB-LeaderElection27] INFO  impl.RoleInfo (RoleInfo.java:shutdownLeaderElection(141)) - 40df8fc4-149d-40c0-897d-2844034d8141: shutdown 40df8fc4-149d-40c0-897d-2844034d8141@group-5E2F154B5BDB-LeaderElection27
2025-10-22 08:23:55,862 [40df8fc4-149d-40c0-897d-2844034d8141@group-5E2F154B5BDB-LeaderElection27] INFO  impl.RoleInfo (RoleInfo.java:updateAndGet(148)) - 40df8fc4-149d-40c0-897d-2844034d8141: start 40df8fc4-149d-40c0-897d-2844034d8141@group-5E2F154B5BDB-FollowerState
2025-10-22 08:23:55,922 [40df8fc4-149d-40c0-897d-2844034d8141@group-C626CE820278-FollowerState] INFO  impl.FollowerState (FollowerState.java:lostMajorityHeartbeatsRecently(113)) - 40df8fc4-149d-40c0-897d-2844034d8141@group-C626CE820278-FollowerState: Skipping leader election since it stepped down recently (elapsed = 5450ms < waitTime = 10s)
2025-10-22 08:23:56,987 [40df8fc4-149d-40c0-897d-2844034d8141@group-5E2F154B5BDB-FollowerState] INFO  impl.FollowerState (FollowerState.java:runImpl(161)) - 40df8fc4-149d-40c0-897d-2844034d8141@group-5E2F154B5BDB-FollowerState: change to CANDIDATE, lastRpcElapsedTime:1125360775ns, electionTimeout:1125ms
2025-10-22 08:23:56,987 [40df8fc4-149d-40c0-897d-2844034d8141@group-5E2F154B5BDB-FollowerState] INFO  impl.RoleInfo (RoleInfo.java:shutdownFollowerState(121)) - 40df8fc4-149d-40c0-897d-2844034d8141: shutdown 40df8fc4-149d-40c0-897d-2844034d8141@group-5E2F154B5BDB-FollowerState
2025-10-22 08:23:56,987 [40df8fc4-149d-40c0-897d-2844034d8141@group-5E2F154B5BDB-FollowerState] INFO  server.RaftServer$Division (RaftServerImpl.java:setRole(392)) - 40df8fc4-149d-40c0-897d-2844034d8141@group-5E2F154B5BDB: changes role from  FOLLOWER to CANDIDATE at term 1 for changeToCandidate
2025-10-22 08:23:56,987 [40df8fc4-149d-40c0-897d-2844034d8141@group-5E2F154B5BDB-FollowerState] INFO  impl.RoleInfo (RoleInfo.java:updateAndGet(148)) - 40df8fc4-149d-40c0-897d-2844034d8141: start 40df8fc4-149d-40c0-897d-2844034d8141@group-5E2F154B5BDB-LeaderElection28
2025-10-22 08:23:56,988 [40df8fc4-149d-40c0-897d-2844034d8141@group-5E2F154B5BDB-LeaderElection28] INFO  impl.LeaderElection (LeaderElection.java:askForVotes(448)) - 40df8fc4-149d-40c0-897d-2844034d8141@group-5E2F154B5BDB-LeaderElection28 PRE_VOTE round 0: submit vote requests at term 1 for conf: {index: 0, cur=peers:[4d8a2798-959e-416b-b534-19c13b55a760|127.0.0.1:15023, 1c036820-4dbe-4abe-80fb-5ca88de5e2f0|127.0.0.1:15015, 40df8fc4-149d-40c0-897d-2844034d8141|127.0.0.1:15031]|listeners:[], old=null}
2025-10-22 08:23:56,988 [40df8fc4-149d-40c0-897d-2844034d8141@group-5E2F154B5BDB-LeaderElection28] INFO  impl.LeaderElection (LogUtils.java:infoOrTrace(142)) - 40df8fc4-149d-40c0-897d-2844034d8141@group-5E2F154B5BDB-LeaderElection28 got exception when requesting votes: java.util.concurrent.ExecutionException: org.apache.ratis.thirdparty.io.grpc.StatusRuntimeException: UNAVAILABLE: io exception
2025-10-22 08:23:56,988 [40df8fc4-149d-40c0-897d-2844034d8141@group-5E2F154B5BDB-LeaderElection28] INFO  impl.LeaderElection (LogUtils.java:infoOrTrace(142)) - 40df8fc4-149d-40c0-897d-2844034d8141@group-5E2F154B5BDB-LeaderElection28 got exception when requesting votes: java.util.concurrent.ExecutionException: org.apache.ratis.thirdparty.io.grpc.StatusRuntimeException: UNAVAILABLE: io exception
2025-10-22 08:23:56,988 [40df8fc4-149d-40c0-897d-2844034d8141@group-5E2F154B5BDB-LeaderElection28] INFO  impl.LeaderElection (LeaderElection.java:logAndReturn(206)) - 40df8fc4-149d-40c0-897d-2844034d8141@group-5E2F154B5BDB-LeaderElection28: PRE_VOTE REJECTED received 0 response(s) and 2 exception(s):
2025-10-22 08:23:56,989 [40df8fc4-149d-40c0-897d-2844034d8141@group-5E2F154B5BDB-LeaderElection28] INFO  impl.LeaderElection (LogUtils.java:infoOrTrace(142)) -   Exception 0: java.util.concurrent.ExecutionException: org.apache.ratis.thirdparty.io.grpc.StatusRuntimeException: UNAVAILABLE: io exception
2025-10-22 08:23:56,989 [40df8fc4-149d-40c0-897d-2844034d8141@group-5E2F154B5BDB-LeaderElection28] INFO  impl.LeaderElection (LogUtils.java:infoOrTrace(142)) -   Exception 1: java.util.concurrent.ExecutionException: org.apache.ratis.thirdparty.io.grpc.StatusRuntimeException: UNAVAILABLE: io exception
2025-10-22 08:23:56,989 [40df8fc4-149d-40c0-897d-2844034d8141@group-5E2F154B5BDB-LeaderElection28] INFO  impl.LeaderElection (LeaderElection.java:askForVotes(450)) - 40df8fc4-149d-40c0-897d-2844034d8141@group-5E2F154B5BDB-LeaderElection28 PRE_VOTE round 0: result REJECTED
2025-10-22 08:23:56,989 [40df8fc4-149d-40c0-897d-2844034d8141@group-5E2F154B5BDB-LeaderElection28] INFO  server.RaftServer$Division (RaftServerImpl.java:setRole(392)) - 40df8fc4-149d-40c0-897d-2844034d8141@group-5E2F154B5BDB: changes role from CANDIDATE to FOLLOWER at term 1 for REJECTED
2025-10-22 08:23:56,989 [40df8fc4-149d-40c0-897d-2844034d8141@group-5E2F154B5BDB-LeaderElection28] INFO  impl.RoleInfo (RoleInfo.java:shutdownLeaderElection(141)) - 40df8fc4-149d-40c0-897d-2844034d8141: shutdown 40df8fc4-149d-40c0-897d-2844034d8141@group-5E2F154B5BDB-LeaderElection28
2025-10-22 08:23:56,989 [40df8fc4-149d-40c0-897d-2844034d8141@group-5E2F154B5BDB-LeaderElection28] INFO  impl.RoleInfo (RoleInfo.java:updateAndGet(148)) - 40df8fc4-149d-40c0-897d-2844034d8141: start 40df8fc4-149d-40c0-897d-2844034d8141@group-5E2F154B5BDB-FollowerState
2025-10-22 08:23:57,078 [40df8fc4-149d-40c0-897d-2844034d8141@group-C626CE820278-FollowerState] INFO  impl.FollowerState (FollowerState.java:lostMajorityHeartbeatsRecently(113)) - 40df8fc4-149d-40c0-897d-2844034d8141@group-C626CE820278-FollowerState: Skipping leader election since it stepped down recently (elapsed = 6605ms < waitTime = 10s)
2025-10-22 08:23:58,047 [40df8fc4-149d-40c0-897d-2844034d8141@group-5E2F154B5BDB-FollowerState] INFO  impl.FollowerState (FollowerState.java:runImpl(161)) - 40df8fc4-149d-40c0-897d-2844034d8141@group-5E2F154B5BDB-FollowerState: change to CANDIDATE, lastRpcElapsedTime:1058309809ns, electionTimeout:1058ms
2025-10-22 08:23:58,047 [40df8fc4-149d-40c0-897d-2844034d8141@group-5E2F154B5BDB-FollowerState] INFO  impl.RoleInfo (RoleInfo.java:shutdownFollowerState(121)) - 40df8fc4-149d-40c0-897d-2844034d8141: shutdown 40df8fc4-149d-40c0-897d-2844034d8141@group-5E2F154B5BDB-FollowerState
2025-10-22 08:23:58,047 [40df8fc4-149d-40c0-897d-2844034d8141@group-5E2F154B5BDB-FollowerState] INFO  server.RaftServer$Division (RaftServerImpl.java:setRole(392)) - 40df8fc4-149d-40c0-897d-2844034d8141@group-5E2F154B5BDB: changes role from  FOLLOWER to CANDIDATE at term 1 for changeToCandidate
2025-10-22 08:23:58,048 [40df8fc4-149d-40c0-897d-2844034d8141@group-5E2F154B5BDB-FollowerState] INFO  impl.RoleInfo (RoleInfo.java:updateAndGet(148)) - 40df8fc4-149d-40c0-897d-2844034d8141: start 40df8fc4-149d-40c0-897d-2844034d8141@group-5E2F154B5BDB-LeaderElection29
2025-10-22 08:23:58,048 [40df8fc4-149d-40c0-897d-2844034d8141@group-5E2F154B5BDB-LeaderElection29] INFO  impl.LeaderElection (LeaderElection.java:askForVotes(448)) - 40df8fc4-149d-40c0-897d-2844034d8141@group-5E2F154B5BDB-LeaderElection29 PRE_VOTE round 0: submit vote requests at term 1 for conf: {index: 0, cur=peers:[4d8a2798-959e-416b-b534-19c13b55a760|127.0.0.1:15023, 1c036820-4dbe-4abe-80fb-5ca88de5e2f0|127.0.0.1:15015, 40df8fc4-149d-40c0-897d-2844034d8141|127.0.0.1:15031]|listeners:[], old=null}
2025-10-22 08:23:58,049 [40df8fc4-149d-40c0-897d-2844034d8141@group-5E2F154B5BDB-LeaderElection29] INFO  impl.LeaderElection (LogUtils.java:infoOrTrace(142)) - 40df8fc4-149d-40c0-897d-2844034d8141@group-5E2F154B5BDB-LeaderElection29 got exception when requesting votes: java.util.concurrent.ExecutionException: org.apache.ratis.thirdparty.io.grpc.StatusRuntimeException: UNAVAILABLE: io exception
2025-10-22 08:23:58,049 [40df8fc4-149d-40c0-897d-2844034d8141@group-5E2F154B5BDB-LeaderElection29] INFO  impl.LeaderElection (LogUtils.java:infoOrTrace(142)) - 40df8fc4-149d-40c0-897d-2844034d8141@group-5E2F154B5BDB-LeaderElection29 got exception when requesting votes: java.util.concurrent.ExecutionException: org.apache.ratis.thirdparty.io.grpc.StatusRuntimeException: UNAVAILABLE: io exception
2025-10-22 08:23:58,049 [40df8fc4-149d-40c0-897d-2844034d8141@group-5E2F154B5BDB-LeaderElection29] INFO  impl.LeaderElection (LeaderElection.java:logAndReturn(206)) - 40df8fc4-149d-40c0-897d-2844034d8141@group-5E2F154B5BDB-LeaderElection29: PRE_VOTE REJECTED received 0 response(s) and 2 exception(s):
2025-10-22 08:23:58,049 [40df8fc4-149d-40c0-897d-2844034d8141@group-5E2F154B5BDB-LeaderElection29] INFO  impl.LeaderElection (LogUtils.java:infoOrTrace(142)) -   Exception 0: java.util.concurrent.ExecutionException: org.apache.ratis.thirdparty.io.grpc.StatusRuntimeException: UNAVAILABLE: io exception
2025-10-22 08:23:58,049 [40df8fc4-149d-40c0-897d-2844034d8141@group-5E2F154B5BDB-LeaderElection29] INFO  impl.LeaderElection (LogUtils.java:infoOrTrace(142)) -   Exception 1: java.util.concurrent.ExecutionException: org.apache.ratis.thirdparty.io.grpc.StatusRuntimeException: UNAVAILABLE: io exception
2025-10-22 08:23:58,049 [40df8fc4-149d-40c0-897d-2844034d8141@group-5E2F154B5BDB-LeaderElection29] INFO  impl.LeaderElection (LeaderElection.java:askForVotes(450)) - 40df8fc4-149d-40c0-897d-2844034d8141@group-5E2F154B5BDB-LeaderElection29 PRE_VOTE round 0: result REJECTED
2025-10-22 08:23:58,049 [40df8fc4-149d-40c0-897d-2844034d8141@group-5E2F154B5BDB-LeaderElection29] INFO  server.RaftServer$Division (RaftServerImpl.java:setRole(392)) - 40df8fc4-149d-40c0-897d-2844034d8141@group-5E2F154B5BDB: changes role from CANDIDATE to FOLLOWER at term 1 for REJECTED
2025-10-22 08:23:58,049 [40df8fc4-149d-40c0-897d-2844034d8141@group-5E2F154B5BDB-LeaderElection29] INFO  impl.RoleInfo (RoleInfo.java:shutdownLeaderElection(141)) - 40df8fc4-149d-40c0-897d-2844034d8141: shutdown 40df8fc4-149d-40c0-897d-2844034d8141@group-5E2F154B5BDB-LeaderElection29
2025-10-22 08:23:58,049 [40df8fc4-149d-40c0-897d-2844034d8141@group-5E2F154B5BDB-LeaderElection29] INFO  impl.RoleInfo (RoleInfo.java:updateAndGet(148)) - 40df8fc4-149d-40c0-897d-2844034d8141: start 40df8fc4-149d-40c0-897d-2844034d8141@group-5E2F154B5BDB-FollowerState
2025-10-22 08:23:58,083 [40df8fc4-149d-40c0-897d-2844034d8141@group-C626CE820278-FollowerState] INFO  impl.FollowerState (FollowerState.java:lostMajorityHeartbeatsRecently(113)) - 40df8fc4-149d-40c0-897d-2844034d8141@group-C626CE820278-FollowerState: Skipping leader election since it stepped down recently (elapsed = 7610ms < waitTime = 10s)
2025-10-22 08:23:58,717 [grpc-default-executor-3] ERROR impl.OrderedAsync (OrderedAsync.java:lambda$null$6(215)) -  client-ACEEB1504463: Failed* RaftClientRequest:client-ACEEB1504463->1c036820-4dbe-4abe-80fb-5ca88de5e2f0@group-C626CE820278, cid=18, seq=4*, RW, cmdType: WriteChunk traceID: "" containerID: 1 datanodeUuid: "4d8a2798-959e-416b-b534-19c13b55a760" writeChunk { blockID { containerID: 1 localID: 115816896921600001 blockCommitSequenceId: 2 replicaIndex: 0 } chunkData { chunkName: "115816896921600001_chunk_2" offset: 1048576 len: 1048576 } } version: 3, data.size=1048576
java.util.concurrent.CompletionException: java.io.IOException: org.apache.ratis.thirdparty.io.grpc.StatusRuntimeException: UNAVAILABLE: io exception
	at java.base/java.util.concurrent.CompletableFuture.encodeThrowable(CompletableFuture.java:332)
	at java.base/java.util.concurrent.CompletableFuture.completeThrowable(CompletableFuture.java:347)
	at java.base/java.util.concurrent.CompletableFuture$UniAccept.tryFire(CompletableFuture.java:708)
	at java.base/java.util.concurrent.CompletableFuture.postComplete(CompletableFuture.java:510)
	at java.base/java.util.concurrent.CompletableFuture.completeExceptionally(CompletableFuture.java:2194)
	at org.apache.ratis.grpc.client.GrpcClientProtocolClient$AsyncStreamObservers.completeReplyExceptionally(GrpcClientProtocolClient.java:397)
	at org.apache.ratis.grpc.client.GrpcClientProtocolClient$AsyncStreamObservers.access$000(GrpcClientProtocolClient.java:303)
	at org.apache.ratis.grpc.client.GrpcClientProtocolClient$AsyncStreamObservers$1.onError(GrpcClientProtocolClient.java:334)
	at org.apache.ratis.thirdparty.io.grpc.stub.ClientCalls$StreamObserverToCallListenerAdapter.onClose(ClientCalls.java:564)
	at org.apache.ratis.thirdparty.io.grpc.PartialForwardingClientCallListener.onClose(PartialForwardingClientCallListener.java:39)
	at org.apache.ratis.thirdparty.io.grpc.ForwardingClientCallListener.onClose(ForwardingClientCallListener.java:23)
	at org.apache.ratis.grpc.metrics.intercept.client.MetricClientCallListener.onClose(MetricClientCallListener.java:47)
	at org.apache.ratis.thirdparty.io.grpc.internal.ClientCallImpl.closeObserver(ClientCallImpl.java:565)
	at org.apache.ratis.thirdparty.io.grpc.internal.ClientCallImpl.access$100(ClientCallImpl.java:72)
	at org.apache.ratis.thirdparty.io.grpc.internal.ClientCallImpl$ClientStreamListenerImpl$1StreamClosed.runInternal(ClientCallImpl.java:733)
	at org.apache.ratis.thirdparty.io.grpc.internal.ClientCallImpl$ClientStreamListenerImpl$1StreamClosed.runInContext(ClientCallImpl.java:714)
	at org.apache.ratis.thirdparty.io.grpc.internal.ContextRunnable.run(ContextRunnable.java:37)
	at org.apache.ratis.thirdparty.io.grpc.internal.SerializingExecutor.run(SerializingExecutor.java:133)
	at java.base/java.util.concurrent.ThreadPoolExecutor.runWorker(ThreadPoolExecutor.java:1144)
	at java.base/java.util.concurrent.ThreadPoolExecutor$Worker.run(ThreadPoolExecutor.java:642)
	at java.base/java.lang.Thread.run(Thread.java:1583)
Caused by: java.io.IOException: org.apache.ratis.thirdparty.io.grpc.StatusRuntimeException: UNAVAILABLE: io exception
	at org.apache.ratis.grpc.GrpcUtil.unwrapException(GrpcUtil.java:99)
	at org.apache.ratis.grpc.GrpcUtil.unwrapIOException(GrpcUtil.java:159)
	at org.apache.ratis.grpc.client.GrpcClientProtocolClient$AsyncStreamObservers$1.onError(GrpcClientProtocolClient.java:333)
	... 13 more
Caused by: org.apache.ratis.thirdparty.io.grpc.StatusRuntimeException: UNAVAILABLE: io exception
	at org.apache.ratis.thirdparty.io.grpc.Status.asRuntimeException(Status.java:532)
	... 13 more
Caused by: org.apache.ratis.thirdparty.io.netty.channel.AbstractChannel$AnnotatedConnectException: finishConnect(..) failed: Connection refused: /127.0.0.1:15013
Caused by: java.net.ConnectException: finishConnect(..) failed: Connection refused
	at org.apache.ratis.thirdparty.io.netty.channel.unix.Errors.newConnectException0(Errors.java:166)
	at org.apache.ratis.thirdparty.io.netty.channel.unix.Errors.handleConnectErrno(Errors.java:131)
	at org.apache.ratis.thirdparty.io.netty.channel.unix.Socket.finishConnect(Socket.java:359)
	at org.apache.ratis.thirdparty.io.netty.channel.epoll.AbstractEpollChannel$AbstractEpollUnsafe.doFinishConnect(AbstractEpollChannel.java:715)
	at org.apache.ratis.thirdparty.io.netty.channel.epoll.AbstractEpollChannel$AbstractEpollUnsafe.finishConnect(AbstractEpollChannel.java:692)
	at org.apache.ratis.thirdparty.io.netty.channel.epoll.AbstractEpollChannel$AbstractEpollUnsafe.epollOutReady(AbstractEpollChannel.java:567)
	at org.apache.ratis.thirdparty.io.netty.channel.epoll.EpollEventLoop.processReady(EpollEventLoop.java:491)
	at org.apache.ratis.thirdparty.io.netty.channel.epoll.EpollEventLoop.run(EpollEventLoop.java:399)
	at org.apache.ratis.thirdparty.io.netty.util.concurrent.SingleThreadEventExecutor$4.run(SingleThreadEventExecutor.java:998)
	at org.apache.ratis.thirdparty.io.netty.util.internal.ThreadExecutorMap$2.run(ThreadExecutorMap.java:74)
	at org.apache.ratis.thirdparty.io.netty.util.concurrent.FastThreadLocalRunnable.run(FastThreadLocalRunnable.java:30)
	at java.base/java.lang.Thread.run(Thread.java:1583)
2025-10-22 08:23:59,168 [40df8fc4-149d-40c0-897d-2844034d8141@group-5E2F154B5BDB-FollowerState] INFO  impl.FollowerState (FollowerState.java:runImpl(161)) - 40df8fc4-149d-40c0-897d-2844034d8141@group-5E2F154B5BDB-FollowerState: change to CANDIDATE, lastRpcElapsedTime:1118318671ns, electionTimeout:1118ms
2025-10-22 08:23:59,168 [40df8fc4-149d-40c0-897d-2844034d8141@group-5E2F154B5BDB-FollowerState] INFO  impl.RoleInfo (RoleInfo.java:shutdownFollowerState(121)) - 40df8fc4-149d-40c0-897d-2844034d8141: shutdown 40df8fc4-149d-40c0-897d-2844034d8141@group-5E2F154B5BDB-FollowerState
2025-10-22 08:23:59,168 [40df8fc4-149d-40c0-897d-2844034d8141@group-5E2F154B5BDB-FollowerState] INFO  server.RaftServer$Division (RaftServerImpl.java:setRole(392)) - 40df8fc4-149d-40c0-897d-2844034d8141@group-5E2F154B5BDB: changes role from  FOLLOWER to CANDIDATE at term 1 for changeToCandidate
2025-10-22 08:23:59,168 [40df8fc4-149d-40c0-897d-2844034d8141@group-5E2F154B5BDB-FollowerState] INFO  impl.RoleInfo (RoleInfo.java:updateAndGet(148)) - 40df8fc4-149d-40c0-897d-2844034d8141: start 40df8fc4-149d-40c0-897d-2844034d8141@group-5E2F154B5BDB-LeaderElection30
2025-10-22 08:23:59,169 [40df8fc4-149d-40c0-897d-2844034d8141@group-5E2F154B5BDB-LeaderElection30] INFO  impl.LeaderElection (LeaderElection.java:askForVotes(448)) - 40df8fc4-149d-40c0-897d-2844034d8141@group-5E2F154B5BDB-LeaderElection30 PRE_VOTE round 0: submit vote requests at term 1 for conf: {index: 0, cur=peers:[4d8a2798-959e-416b-b534-19c13b55a760|127.0.0.1:15023, 1c036820-4dbe-4abe-80fb-5ca88de5e2f0|127.0.0.1:15015, 40df8fc4-149d-40c0-897d-2844034d8141|127.0.0.1:15031]|listeners:[], old=null}
2025-10-22 08:23:59,169 [40df8fc4-149d-40c0-897d-2844034d8141@group-5E2F154B5BDB-LeaderElection30] INFO  impl.LeaderElection (LogUtils.java:infoOrTrace(142)) - 40df8fc4-149d-40c0-897d-2844034d8141@group-5E2F154B5BDB-LeaderElection30 got exception when requesting votes: java.util.concurrent.ExecutionException: org.apache.ratis.thirdparty.io.grpc.StatusRuntimeException: UNAVAILABLE: io exception
2025-10-22 08:23:59,169 [40df8fc4-149d-40c0-897d-2844034d8141@group-5E2F154B5BDB-LeaderElection30] INFO  impl.LeaderElection (LogUtils.java:infoOrTrace(142)) - 40df8fc4-149d-40c0-897d-2844034d8141@group-5E2F154B5BDB-LeaderElection30 got exception when requesting votes: java.util.concurrent.ExecutionException: org.apache.ratis.thirdparty.io.grpc.StatusRuntimeException: UNAVAILABLE: io exception
2025-10-22 08:23:59,169 [40df8fc4-149d-40c0-897d-2844034d8141@group-5E2F154B5BDB-LeaderElection30] INFO  impl.LeaderElection (LeaderElection.java:logAndReturn(206)) - 40df8fc4-149d-40c0-897d-2844034d8141@group-5E2F154B5BDB-LeaderElection30: PRE_VOTE REJECTED received 0 response(s) and 2 exception(s):
2025-10-22 08:23:59,169 [40df8fc4-149d-40c0-897d-2844034d8141@group-5E2F154B5BDB-LeaderElection30] INFO  impl.LeaderElection (LogUtils.java:infoOrTrace(142)) -   Exception 0: java.util.concurrent.ExecutionException: org.apache.ratis.thirdparty.io.grpc.StatusRuntimeException: UNAVAILABLE: io exception
2025-10-22 08:23:59,169 [40df8fc4-149d-40c0-897d-2844034d8141@group-5E2F154B5BDB-LeaderElection30] INFO  impl.LeaderElection (LogUtils.java:infoOrTrace(142)) -   Exception 1: java.util.concurrent.ExecutionException: org.apache.ratis.thirdparty.io.grpc.StatusRuntimeException: UNAVAILABLE: io exception
2025-10-22 08:23:59,169 [40df8fc4-149d-40c0-897d-2844034d8141@group-5E2F154B5BDB-LeaderElection30] INFO  impl.LeaderElection (LeaderElection.java:askForVotes(450)) - 40df8fc4-149d-40c0-897d-2844034d8141@group-5E2F154B5BDB-LeaderElection30 PRE_VOTE round 0: result REJECTED
2025-10-22 08:23:59,170 [40df8fc4-149d-40c0-897d-2844034d8141@group-5E2F154B5BDB-LeaderElection30] INFO  server.RaftServer$Division (RaftServerImpl.java:setRole(392)) - 40df8fc4-149d-40c0-897d-2844034d8141@group-5E2F154B5BDB: changes role from CANDIDATE to FOLLOWER at term 1 for REJECTED
2025-10-22 08:23:59,170 [40df8fc4-149d-40c0-897d-2844034d8141@group-5E2F154B5BDB-LeaderElection30] INFO  impl.RoleInfo (RoleInfo.java:shutdownLeaderElection(141)) - 40df8fc4-149d-40c0-897d-2844034d8141: shutdown 40df8fc4-149d-40c0-897d-2844034d8141@group-5E2F154B5BDB-LeaderElection30
2025-10-22 08:23:59,170 [40df8fc4-149d-40c0-897d-2844034d8141@group-5E2F154B5BDB-LeaderElection30] INFO  impl.RoleInfo (RoleInfo.java:updateAndGet(148)) - 40df8fc4-149d-40c0-897d-2844034d8141: start 40df8fc4-149d-40c0-897d-2844034d8141@group-5E2F154B5BDB-FollowerState
2025-10-22 08:23:59,187 [40df8fc4-149d-40c0-897d-2844034d8141@group-C626CE820278-FollowerState] INFO  impl.FollowerState (FollowerState.java:lostMajorityHeartbeatsRecently(113)) - 40df8fc4-149d-40c0-897d-2844034d8141@group-C626CE820278-FollowerState: Skipping leader election since it stepped down recently (elapsed = 8715ms < waitTime = 10s)
2025-10-22 08:24:00,191 [40df8fc4-149d-40c0-897d-2844034d8141@group-C626CE820278-FollowerState] INFO  impl.FollowerState (FollowerState.java:lostMajorityHeartbeatsRecently(113)) - 40df8fc4-149d-40c0-897d-2844034d8141@group-C626CE820278-FollowerState: Skipping leader election since it stepped down recently (elapsed = 9719ms < waitTime = 10s)
2025-10-22 08:24:00,326 [40df8fc4-149d-40c0-897d-2844034d8141@group-5E2F154B5BDB-FollowerState] INFO  impl.FollowerState (FollowerState.java:runImpl(161)) - 40df8fc4-149d-40c0-897d-2844034d8141@group-5E2F154B5BDB-FollowerState: change to CANDIDATE, lastRpcElapsedTime:1156310257ns, electionTimeout:1156ms
2025-10-22 08:24:00,326 [40df8fc4-149d-40c0-897d-2844034d8141@group-5E2F154B5BDB-FollowerState] INFO  impl.RoleInfo (RoleInfo.java:shutdownFollowerState(121)) - 40df8fc4-149d-40c0-897d-2844034d8141: shutdown 40df8fc4-149d-40c0-897d-2844034d8141@group-5E2F154B5BDB-FollowerState
2025-10-22 08:24:00,326 [40df8fc4-149d-40c0-897d-2844034d8141@group-5E2F154B5BDB-FollowerState] INFO  server.RaftServer$Division (RaftServerImpl.java:setRole(392)) - 40df8fc4-149d-40c0-897d-2844034d8141@group-5E2F154B5BDB: changes role from  FOLLOWER to CANDIDATE at term 1 for changeToCandidate
2025-10-22 08:24:00,327 [40df8fc4-149d-40c0-897d-2844034d8141@group-5E2F154B5BDB-FollowerState] INFO  impl.RoleInfo (RoleInfo.java:updateAndGet(148)) - 40df8fc4-149d-40c0-897d-2844034d8141: start 40df8fc4-149d-40c0-897d-2844034d8141@group-5E2F154B5BDB-LeaderElection31
2025-10-22 08:24:00,327 [40df8fc4-149d-40c0-897d-2844034d8141@group-5E2F154B5BDB-LeaderElection31] INFO  impl.LeaderElection (LeaderElection.java:askForVotes(448)) - 40df8fc4-149d-40c0-897d-2844034d8141@group-5E2F154B5BDB-LeaderElection31 PRE_VOTE round 0: submit vote requests at term 1 for conf: {index: 0, cur=peers:[4d8a2798-959e-416b-b534-19c13b55a760|127.0.0.1:15023, 1c036820-4dbe-4abe-80fb-5ca88de5e2f0|127.0.0.1:15015, 40df8fc4-149d-40c0-897d-2844034d8141|127.0.0.1:15031]|listeners:[], old=null}
2025-10-22 08:24:00,328 [40df8fc4-149d-40c0-897d-2844034d8141@group-5E2F154B5BDB-LeaderElection31] INFO  impl.LeaderElection (LogUtils.java:infoOrTrace(142)) - 40df8fc4-149d-40c0-897d-2844034d8141@group-5E2F154B5BDB-LeaderElection31 got exception when requesting votes: java.util.concurrent.ExecutionException: org.apache.ratis.thirdparty.io.grpc.StatusRuntimeException: UNAVAILABLE: io exception
2025-10-22 08:24:00,328 [40df8fc4-149d-40c0-897d-2844034d8141@group-5E2F154B5BDB-LeaderElection31] INFO  impl.LeaderElection (LogUtils.java:infoOrTrace(142)) - 40df8fc4-149d-40c0-897d-2844034d8141@group-5E2F154B5BDB-LeaderElection31 got exception when requesting votes: java.util.concurrent.ExecutionException: org.apache.ratis.thirdparty.io.grpc.StatusRuntimeException: UNAVAILABLE: io exception
2025-10-22 08:24:00,328 [40df8fc4-149d-40c0-897d-2844034d8141@group-5E2F154B5BDB-LeaderElection31] INFO  impl.LeaderElection (LeaderElection.java:logAndReturn(206)) - 40df8fc4-149d-40c0-897d-2844034d8141@group-5E2F154B5BDB-LeaderElection31: PRE_VOTE REJECTED received 0 response(s) and 2 exception(s):
2025-10-22 08:24:00,328 [40df8fc4-149d-40c0-897d-2844034d8141@group-5E2F154B5BDB-LeaderElection31] INFO  impl.LeaderElection (LogUtils.java:infoOrTrace(142)) -   Exception 0: java.util.concurrent.ExecutionException: org.apache.ratis.thirdparty.io.grpc.StatusRuntimeException: UNAVAILABLE: io exception
2025-10-22 08:24:00,328 [40df8fc4-149d-40c0-897d-2844034d8141@group-5E2F154B5BDB-LeaderElection31] INFO  impl.LeaderElection (LogUtils.java:infoOrTrace(142)) -   Exception 1: java.util.concurrent.ExecutionException: org.apache.ratis.thirdparty.io.grpc.StatusRuntimeException: UNAVAILABLE: io exception
2025-10-22 08:24:00,328 [40df8fc4-149d-40c0-897d-2844034d8141@group-5E2F154B5BDB-LeaderElection31] INFO  impl.LeaderElection (LeaderElection.java:askForVotes(450)) - 40df8fc4-149d-40c0-897d-2844034d8141@group-5E2F154B5BDB-LeaderElection31 PRE_VOTE round 0: result REJECTED
2025-10-22 08:24:00,328 [40df8fc4-149d-40c0-897d-2844034d8141@group-5E2F154B5BDB-LeaderElection31] INFO  server.RaftServer$Division (RaftServerImpl.java:setRole(392)) - 40df8fc4-149d-40c0-897d-2844034d8141@group-5E2F154B5BDB: changes role from CANDIDATE to FOLLOWER at term 1 for REJECTED
2025-10-22 08:24:00,328 [40df8fc4-149d-40c0-897d-2844034d8141@group-5E2F154B5BDB-LeaderElection31] INFO  impl.RoleInfo (RoleInfo.java:shutdownLeaderElection(141)) - 40df8fc4-149d-40c0-897d-2844034d8141: shutdown 40df8fc4-149d-40c0-897d-2844034d8141@group-5E2F154B5BDB-LeaderElection31
2025-10-22 08:24:00,328 [40df8fc4-149d-40c0-897d-2844034d8141@group-5E2F154B5BDB-LeaderElection31] INFO  impl.RoleInfo (RoleInfo.java:updateAndGet(148)) - 40df8fc4-149d-40c0-897d-2844034d8141: start 40df8fc4-149d-40c0-897d-2844034d8141@group-5E2F154B5BDB-FollowerState
2025-10-22 08:24:01,239 [40df8fc4-149d-40c0-897d-2844034d8141@group-C626CE820278-FollowerState] INFO  impl.FollowerState (FollowerState.java:runImpl(161)) - 40df8fc4-149d-40c0-897d-2844034d8141@group-C626CE820278-FollowerState: change to CANDIDATE, lastRpcElapsedTime:10766685676ns, electionTimeout:1047ms
2025-10-22 08:24:01,239 [40df8fc4-149d-40c0-897d-2844034d8141@group-C626CE820278-FollowerState] INFO  impl.RoleInfo (RoleInfo.java:shutdownFollowerState(121)) - 40df8fc4-149d-40c0-897d-2844034d8141: shutdown 40df8fc4-149d-40c0-897d-2844034d8141@group-C626CE820278-FollowerState
2025-10-22 08:24:01,239 [40df8fc4-149d-40c0-897d-2844034d8141@group-C626CE820278-FollowerState] INFO  server.RaftServer$Division (RaftServerImpl.java:setRole(392)) - 40df8fc4-149d-40c0-897d-2844034d8141@group-C626CE820278: changes role from  FOLLOWER to CANDIDATE at term 1 for changeToCandidate
2025-10-22 08:24:01,239 [40df8fc4-149d-40c0-897d-2844034d8141@group-C626CE820278-FollowerState] INFO  impl.RoleInfo (RoleInfo.java:updateAndGet(148)) - 40df8fc4-149d-40c0-897d-2844034d8141: start 40df8fc4-149d-40c0-897d-2844034d8141@group-C626CE820278-LeaderElection32
2025-10-22 08:24:01,239 [40df8fc4-149d-40c0-897d-2844034d8141@group-C626CE820278-LeaderElection32] INFO  impl.LeaderElection (LeaderElection.java:askForVotes(448)) - 40df8fc4-149d-40c0-897d-2844034d8141@group-C626CE820278-LeaderElection32 PRE_VOTE round 0: submit vote requests at term 1 for conf: {index: 0, cur=peers:[4d8a2798-959e-416b-b534-19c13b55a760|127.0.0.1:15023, 1c036820-4dbe-4abe-80fb-5ca88de5e2f0|127.0.0.1:15015, 40df8fc4-149d-40c0-897d-2844034d8141|127.0.0.1:15031]|listeners:[], old=null}
2025-10-22 08:24:01,240 [40df8fc4-149d-40c0-897d-2844034d8141@group-C626CE820278-LeaderElection32] INFO  impl.LeaderElection (LogUtils.java:infoOrTrace(142)) - 40df8fc4-149d-40c0-897d-2844034d8141@group-C626CE820278-LeaderElection32 got exception when requesting votes: java.util.concurrent.ExecutionException: org.apache.ratis.thirdparty.io.grpc.StatusRuntimeException: UNAVAILABLE: io exception
2025-10-22 08:24:01,240 [40df8fc4-149d-40c0-897d-2844034d8141@group-C626CE820278-LeaderElection32] INFO  impl.LeaderElection (LogUtils.java:infoOrTrace(142)) - 40df8fc4-149d-40c0-897d-2844034d8141@group-C626CE820278-LeaderElection32 got exception when requesting votes: java.util.concurrent.ExecutionException: org.apache.ratis.thirdparty.io.grpc.StatusRuntimeException: UNAVAILABLE: io exception
2025-10-22 08:24:01,240 [40df8fc4-149d-40c0-897d-2844034d8141@group-C626CE820278-LeaderElection32] INFO  impl.LeaderElection (LeaderElection.java:logAndReturn(206)) - 40df8fc4-149d-40c0-897d-2844034d8141@group-C626CE820278-LeaderElection32: PRE_VOTE REJECTED received 0 response(s) and 2 exception(s):
2025-10-22 08:24:01,240 [40df8fc4-149d-40c0-897d-2844034d8141@group-C626CE820278-LeaderElection32] INFO  impl.LeaderElection (LogUtils.java:infoOrTrace(142)) -   Exception 0: java.util.concurrent.ExecutionException: org.apache.ratis.thirdparty.io.grpc.StatusRuntimeException: UNAVAILABLE: io exception
2025-10-22 08:24:01,240 [40df8fc4-149d-40c0-897d-2844034d8141@group-C626CE820278-LeaderElection32] INFO  impl.LeaderElection (LogUtils.java:infoOrTrace(142)) -   Exception 1: java.util.concurrent.ExecutionException: org.apache.ratis.thirdparty.io.grpc.StatusRuntimeException: UNAVAILABLE: io exception
2025-10-22 08:24:01,240 [40df8fc4-149d-40c0-897d-2844034d8141@group-C626CE820278-LeaderElection32] INFO  impl.LeaderElection (LeaderElection.java:askForVotes(450)) - 40df8fc4-149d-40c0-897d-2844034d8141@group-C626CE820278-LeaderElection32 PRE_VOTE round 0: result REJECTED
2025-10-22 08:24:01,241 [40df8fc4-149d-40c0-897d-2844034d8141@group-C626CE820278-LeaderElection32] INFO  server.RaftServer$Division (RaftServerImpl.java:setRole(392)) - 40df8fc4-149d-40c0-897d-2844034d8141@group-C626CE820278: changes role from CANDIDATE to FOLLOWER at term 1 for REJECTED
2025-10-22 08:24:01,241 [40df8fc4-149d-40c0-897d-2844034d8141@group-C626CE820278-LeaderElection32] INFO  impl.RoleInfo (RoleInfo.java:shutdownLeaderElection(141)) - 40df8fc4-149d-40c0-897d-2844034d8141: shutdown 40df8fc4-149d-40c0-897d-2844034d8141@group-C626CE820278-LeaderElection32
2025-10-22 08:24:01,241 [40df8fc4-149d-40c0-897d-2844034d8141@group-C626CE820278-LeaderElection32] INFO  impl.RoleInfo (RoleInfo.java:updateAndGet(148)) - 40df8fc4-149d-40c0-897d-2844034d8141: start 40df8fc4-149d-40c0-897d-2844034d8141@group-C626CE820278-FollowerState
2025-10-22 08:24:01,387 [40df8fc4-149d-40c0-897d-2844034d8141@group-5E2F154B5BDB-FollowerState] INFO  impl.FollowerState (FollowerState.java:runImpl(161)) - 40df8fc4-149d-40c0-897d-2844034d8141@group-5E2F154B5BDB-FollowerState: change to CANDIDATE, lastRpcElapsedTime:1058366544ns, electionTimeout:1058ms
2025-10-22 08:24:01,387 [40df8fc4-149d-40c0-897d-2844034d8141@group-5E2F154B5BDB-FollowerState] INFO  impl.RoleInfo (RoleInfo.java:shutdownFollowerState(121)) - 40df8fc4-149d-40c0-897d-2844034d8141: shutdown 40df8fc4-149d-40c0-897d-2844034d8141@group-5E2F154B5BDB-FollowerState
2025-10-22 08:24:01,387 [40df8fc4-149d-40c0-897d-2844034d8141@group-5E2F154B5BDB-FollowerState] INFO  server.RaftServer$Division (RaftServerImpl.java:setRole(392)) - 40df8fc4-149d-40c0-897d-2844034d8141@group-5E2F154B5BDB: changes role from  FOLLOWER to CANDIDATE at term 1 for changeToCandidate
2025-10-22 08:24:01,387 [40df8fc4-149d-40c0-897d-2844034d8141@group-5E2F154B5BDB-FollowerState] INFO  impl.RoleInfo (RoleInfo.java:updateAndGet(148)) - 40df8fc4-149d-40c0-897d-2844034d8141: start 40df8fc4-149d-40c0-897d-2844034d8141@group-5E2F154B5BDB-LeaderElection33
2025-10-22 08:24:01,387 [40df8fc4-149d-40c0-897d-2844034d8141@group-5E2F154B5BDB-LeaderElection33] INFO  impl.LeaderElection (LeaderElection.java:askForVotes(448)) - 40df8fc4-149d-40c0-897d-2844034d8141@group-5E2F154B5BDB-LeaderElection33 PRE_VOTE round 0: submit vote requests at term 1 for conf: {index: 0, cur=peers:[4d8a2798-959e-416b-b534-19c13b55a760|127.0.0.1:15023, 1c036820-4dbe-4abe-80fb-5ca88de5e2f0|127.0.0.1:15015, 40df8fc4-149d-40c0-897d-2844034d8141|127.0.0.1:15031]|listeners:[], old=null}
2025-10-22 08:24:01,388 [40df8fc4-149d-40c0-897d-2844034d8141@group-5E2F154B5BDB-LeaderElection33] INFO  impl.LeaderElection (LogUtils.java:infoOrTrace(142)) - 40df8fc4-149d-40c0-897d-2844034d8141@group-5E2F154B5BDB-LeaderElection33 got exception when requesting votes: java.util.concurrent.ExecutionException: org.apache.ratis.thirdparty.io.grpc.StatusRuntimeException: UNAVAILABLE: io exception
2025-10-22 08:24:01,388 [40df8fc4-149d-40c0-897d-2844034d8141@group-5E2F154B5BDB-LeaderElection33] INFO  impl.LeaderElection (LogUtils.java:infoOrTrace(142)) - 40df8fc4-149d-40c0-897d-2844034d8141@group-5E2F154B5BDB-LeaderElection33 got exception when requesting votes: java.util.concurrent.ExecutionException: org.apache.ratis.thirdparty.io.grpc.StatusRuntimeException: UNAVAILABLE: io exception
2025-10-22 08:24:01,388 [40df8fc4-149d-40c0-897d-2844034d8141@group-5E2F154B5BDB-LeaderElection33] INFO  impl.LeaderElection (LeaderElection.java:logAndReturn(206)) - 40df8fc4-149d-40c0-897d-2844034d8141@group-5E2F154B5BDB-LeaderElection33: PRE_VOTE REJECTED received 0 response(s) and 2 exception(s):
2025-10-22 08:24:01,388 [40df8fc4-149d-40c0-897d-2844034d8141@group-5E2F154B5BDB-LeaderElection33] INFO  impl.LeaderElection (LogUtils.java:infoOrTrace(142)) -   Exception 0: java.util.concurrent.ExecutionException: org.apache.ratis.thirdparty.io.grpc.StatusRuntimeException: UNAVAILABLE: io exception
2025-10-22 08:24:01,388 [40df8fc4-149d-40c0-897d-2844034d8141@group-5E2F154B5BDB-LeaderElection33] INFO  impl.LeaderElection (LogUtils.java:infoOrTrace(142)) -   Exception 1: java.util.concurrent.ExecutionException: org.apache.ratis.thirdparty.io.grpc.StatusRuntimeException: UNAVAILABLE: io exception
2025-10-22 08:24:01,389 [40df8fc4-149d-40c0-897d-2844034d8141@group-5E2F154B5BDB-LeaderElection33] INFO  impl.LeaderElection (LeaderElection.java:askForVotes(450)) - 40df8fc4-149d-40c0-897d-2844034d8141@group-5E2F154B5BDB-LeaderElection33 PRE_VOTE round 0: result REJECTED
2025-10-22 08:24:01,389 [40df8fc4-149d-40c0-897d-2844034d8141@group-5E2F154B5BDB-LeaderElection33] INFO  server.RaftServer$Division (RaftServerImpl.java:setRole(392)) - 40df8fc4-149d-40c0-897d-2844034d8141@group-5E2F154B5BDB: changes role from CANDIDATE to FOLLOWER at term 1 for REJECTED
2025-10-22 08:24:01,389 [40df8fc4-149d-40c0-897d-2844034d8141@group-5E2F154B5BDB-LeaderElection33] INFO  impl.RoleInfo (RoleInfo.java:shutdownLeaderElection(141)) - 40df8fc4-149d-40c0-897d-2844034d8141: shutdown 40df8fc4-149d-40c0-897d-2844034d8141@group-5E2F154B5BDB-LeaderElection33
2025-10-22 08:24:01,389 [40df8fc4-149d-40c0-897d-2844034d8141@group-5E2F154B5BDB-LeaderElection33] INFO  impl.RoleInfo (RoleInfo.java:updateAndGet(148)) - 40df8fc4-149d-40c0-897d-2844034d8141: start 40df8fc4-149d-40c0-897d-2844034d8141@group-5E2F154B5BDB-FollowerState
2025-10-22 08:24:02,404 [40df8fc4-149d-40c0-897d-2844034d8141@group-C626CE820278-FollowerState] INFO  impl.FollowerState (FollowerState.java:runImpl(161)) - 40df8fc4-149d-40c0-897d-2844034d8141@group-C626CE820278-FollowerState: change to CANDIDATE, lastRpcElapsedTime:1163485045ns, electionTimeout:1163ms
2025-10-22 08:24:02,404 [40df8fc4-149d-40c0-897d-2844034d8141@group-C626CE820278-FollowerState] INFO  impl.RoleInfo (RoleInfo.java:shutdownFollowerState(121)) - 40df8fc4-149d-40c0-897d-2844034d8141: shutdown 40df8fc4-149d-40c0-897d-2844034d8141@group-C626CE820278-FollowerState
2025-10-22 08:24:02,404 [40df8fc4-149d-40c0-897d-2844034d8141@group-C626CE820278-FollowerState] INFO  server.RaftServer$Division (RaftServerImpl.java:setRole(392)) - 40df8fc4-149d-40c0-897d-2844034d8141@group-C626CE820278: changes role from  FOLLOWER to CANDIDATE at term 1 for changeToCandidate
2025-10-22 08:24:02,405 [40df8fc4-149d-40c0-897d-2844034d8141@group-C626CE820278-FollowerState] INFO  impl.RoleInfo (RoleInfo.java:updateAndGet(148)) - 40df8fc4-149d-40c0-897d-2844034d8141: start 40df8fc4-149d-40c0-897d-2844034d8141@group-C626CE820278-LeaderElection34
2025-10-22 08:24:02,405 [40df8fc4-149d-40c0-897d-2844034d8141@group-C626CE820278-LeaderElection34] INFO  impl.LeaderElection (LeaderElection.java:askForVotes(448)) - 40df8fc4-149d-40c0-897d-2844034d8141@group-C626CE820278-LeaderElection34 PRE_VOTE round 0: submit vote requests at term 1 for conf: {index: 0, cur=peers:[4d8a2798-959e-416b-b534-19c13b55a760|127.0.0.1:15023, 1c036820-4dbe-4abe-80fb-5ca88de5e2f0|127.0.0.1:15015, 40df8fc4-149d-40c0-897d-2844034d8141|127.0.0.1:15031]|listeners:[], old=null}
2025-10-22 08:24:02,406 [40df8fc4-149d-40c0-897d-2844034d8141@group-C626CE820278-LeaderElection34] INFO  impl.LeaderElection (LogUtils.java:infoOrTrace(142)) - 40df8fc4-149d-40c0-897d-2844034d8141@group-C626CE820278-LeaderElection34 got exception when requesting votes: java.util.concurrent.ExecutionException: org.apache.ratis.thirdparty.io.grpc.StatusRuntimeException: UNAVAILABLE: io exception
2025-10-22 08:24:02,406 [40df8fc4-149d-40c0-897d-2844034d8141@group-C626CE820278-LeaderElection34] INFO  impl.LeaderElection (LogUtils.java:infoOrTrace(142)) - 40df8fc4-149d-40c0-897d-2844034d8141@group-C626CE820278-LeaderElection34 got exception when requesting votes: java.util.concurrent.ExecutionException: org.apache.ratis.thirdparty.io.grpc.StatusRuntimeException: UNAVAILABLE: io exception
2025-10-22 08:24:02,406 [40df8fc4-149d-40c0-897d-2844034d8141@group-C626CE820278-LeaderElection34] INFO  impl.LeaderElection (LeaderElection.java:logAndReturn(206)) - 40df8fc4-149d-40c0-897d-2844034d8141@group-C626CE820278-LeaderElection34: PRE_VOTE REJECTED received 0 response(s) and 2 exception(s):
2025-10-22 08:24:02,406 [40df8fc4-149d-40c0-897d-2844034d8141@group-C626CE820278-LeaderElection34] INFO  impl.LeaderElection (LogUtils.java:infoOrTrace(142)) -   Exception 0: java.util.concurrent.ExecutionException: org.apache.ratis.thirdparty.io.grpc.StatusRuntimeException: UNAVAILABLE: io exception
2025-10-22 08:24:02,406 [40df8fc4-149d-40c0-897d-2844034d8141@group-C626CE820278-LeaderElection34] INFO  impl.LeaderElection (LogUtils.java:infoOrTrace(142)) -   Exception 1: java.util.concurrent.ExecutionException: org.apache.ratis.thirdparty.io.grpc.StatusRuntimeException: UNAVAILABLE: io exception
2025-10-22 08:24:02,406 [40df8fc4-149d-40c0-897d-2844034d8141@group-C626CE820278-LeaderElection34] INFO  impl.LeaderElection (LeaderElection.java:askForVotes(450)) - 40df8fc4-149d-40c0-897d-2844034d8141@group-C626CE820278-LeaderElection34 PRE_VOTE round 0: result REJECTED
2025-10-22 08:24:02,406 [40df8fc4-149d-40c0-897d-2844034d8141@group-C626CE820278-LeaderElection34] INFO  server.RaftServer$Division (RaftServerImpl.java:setRole(392)) - 40df8fc4-149d-40c0-897d-2844034d8141@group-C626CE820278: changes role from CANDIDATE to FOLLOWER at term 1 for REJECTED
2025-10-22 08:24:02,406 [40df8fc4-149d-40c0-897d-2844034d8141@group-C626CE820278-LeaderElection34] INFO  impl.RoleInfo (RoleInfo.java:shutdownLeaderElection(141)) - 40df8fc4-149d-40c0-897d-2844034d8141: shutdown 40df8fc4-149d-40c0-897d-2844034d8141@group-C626CE820278-LeaderElection34
2025-10-22 08:24:02,406 [40df8fc4-149d-40c0-897d-2844034d8141@group-C626CE820278-LeaderElection34] INFO  impl.RoleInfo (RoleInfo.java:updateAndGet(148)) - 40df8fc4-149d-40c0-897d-2844034d8141: start 40df8fc4-149d-40c0-897d-2844034d8141@group-C626CE820278-FollowerState
2025-10-22 08:24:02,584 [40df8fc4-149d-40c0-897d-2844034d8141@group-5E2F154B5BDB-FollowerState] INFO  impl.FollowerState (FollowerState.java:runImpl(161)) - 40df8fc4-149d-40c0-897d-2844034d8141@group-5E2F154B5BDB-FollowerState: change to CANDIDATE, lastRpcElapsedTime:1195268770ns, electionTimeout:1195ms
2025-10-22 08:24:02,584 [40df8fc4-149d-40c0-897d-2844034d8141@group-5E2F154B5BDB-FollowerState] INFO  impl.RoleInfo (RoleInfo.java:shutdownFollowerState(121)) - 40df8fc4-149d-40c0-897d-2844034d8141: shutdown 40df8fc4-149d-40c0-897d-2844034d8141@group-5E2F154B5BDB-FollowerState
2025-10-22 08:24:02,584 [40df8fc4-149d-40c0-897d-2844034d8141@group-5E2F154B5BDB-FollowerState] INFO  server.RaftServer$Division (RaftServerImpl.java:setRole(392)) - 40df8fc4-149d-40c0-897d-2844034d8141@group-5E2F154B5BDB: changes role from  FOLLOWER to CANDIDATE at term 1 for changeToCandidate
2025-10-22 08:24:02,584 [40df8fc4-149d-40c0-897d-2844034d8141@group-5E2F154B5BDB-FollowerState] INFO  impl.RoleInfo (RoleInfo.java:updateAndGet(148)) - 40df8fc4-149d-40c0-897d-2844034d8141: start 40df8fc4-149d-40c0-897d-2844034d8141@group-5E2F154B5BDB-LeaderElection35
2025-10-22 08:24:02,585 [40df8fc4-149d-40c0-897d-2844034d8141@group-5E2F154B5BDB-LeaderElection35] INFO  impl.LeaderElection (LeaderElection.java:askForVotes(448)) - 40df8fc4-149d-40c0-897d-2844034d8141@group-5E2F154B5BDB-LeaderElection35 PRE_VOTE round 0: submit vote requests at term 1 for conf: {index: 0, cur=peers:[4d8a2798-959e-416b-b534-19c13b55a760|127.0.0.1:15023, 1c036820-4dbe-4abe-80fb-5ca88de5e2f0|127.0.0.1:15015, 40df8fc4-149d-40c0-897d-2844034d8141|127.0.0.1:15031]|listeners:[], old=null}
2025-10-22 08:24:02,586 [40df8fc4-149d-40c0-897d-2844034d8141@group-5E2F154B5BDB-LeaderElection35] INFO  impl.LeaderElection (LogUtils.java:infoOrTrace(142)) - 40df8fc4-149d-40c0-897d-2844034d8141@group-5E2F154B5BDB-LeaderElection35 got exception when requesting votes: java.util.concurrent.ExecutionException: org.apache.ratis.thirdparty.io.grpc.StatusRuntimeException: UNAVAILABLE: io exception
2025-10-22 08:24:02,586 [40df8fc4-149d-40c0-897d-2844034d8141@group-5E2F154B5BDB-LeaderElection35] INFO  impl.LeaderElection (LogUtils.java:infoOrTrace(142)) - 40df8fc4-149d-40c0-897d-2844034d8141@group-5E2F154B5BDB-LeaderElection35 got exception when requesting votes: java.util.concurrent.ExecutionException: org.apache.ratis.thirdparty.io.grpc.StatusRuntimeException: UNAVAILABLE: io exception
2025-10-22 08:24:02,586 [40df8fc4-149d-40c0-897d-2844034d8141@group-5E2F154B5BDB-LeaderElection35] INFO  impl.LeaderElection (LeaderElection.java:logAndReturn(206)) - 40df8fc4-149d-40c0-897d-2844034d8141@group-5E2F154B5BDB-LeaderElection35: PRE_VOTE REJECTED received 0 response(s) and 2 exception(s):
2025-10-22 08:24:02,586 [40df8fc4-149d-40c0-897d-2844034d8141@group-5E2F154B5BDB-LeaderElection35] INFO  impl.LeaderElection (LogUtils.java:infoOrTrace(142)) -   Exception 0: java.util.concurrent.ExecutionException: org.apache.ratis.thirdparty.io.grpc.StatusRuntimeException: UNAVAILABLE: io exception
2025-10-22 08:24:02,586 [40df8fc4-149d-40c0-897d-2844034d8141@group-5E2F154B5BDB-LeaderElection35] INFO  impl.LeaderElection (LogUtils.java:infoOrTrace(142)) -   Exception 1: java.util.concurrent.ExecutionException: org.apache.ratis.thirdparty.io.grpc.StatusRuntimeException: UNAVAILABLE: io exception
2025-10-22 08:24:02,586 [40df8fc4-149d-40c0-897d-2844034d8141@group-5E2F154B5BDB-LeaderElection35] INFO  impl.LeaderElection (LeaderElection.java:askForVotes(450)) - 40df8fc4-149d-40c0-897d-2844034d8141@group-5E2F154B5BDB-LeaderElection35 PRE_VOTE round 0: result REJECTED
2025-10-22 08:24:02,586 [40df8fc4-149d-40c0-897d-2844034d8141@group-5E2F154B5BDB-LeaderElection35] INFO  server.RaftServer$Division (RaftServerImpl.java:setRole(392)) - 40df8fc4-149d-40c0-897d-2844034d8141@group-5E2F154B5BDB: changes role from CANDIDATE to FOLLOWER at term 1 for REJECTED
2025-10-22 08:24:02,586 [40df8fc4-149d-40c0-897d-2844034d8141@group-5E2F154B5BDB-LeaderElection35] INFO  impl.RoleInfo (RoleInfo.java:shutdownLeaderElection(141)) - 40df8fc4-149d-40c0-897d-2844034d8141: shutdown 40df8fc4-149d-40c0-897d-2844034d8141@group-5E2F154B5BDB-LeaderElection35
2025-10-22 08:24:02,586 [40df8fc4-149d-40c0-897d-2844034d8141@group-5E2F154B5BDB-LeaderElection35] INFO  impl.RoleInfo (RoleInfo.java:updateAndGet(148)) - 40df8fc4-149d-40c0-897d-2844034d8141: start 40df8fc4-149d-40c0-897d-2844034d8141@group-5E2F154B5BDB-FollowerState
2025-10-22 08:24:02,758 [grpc-default-executor-3] ERROR impl.OrderedAsync (OrderedAsync.java:lambda$null$6(215)) -  client-ACEEB1504463: Failed* RaftClientRequest:client-ACEEB1504463->40df8fc4-149d-40c0-897d-2844034d8141@group-C626CE820278, cid=18, seq=4*, RW, cmdType: WriteChunk traceID: "" containerID: 1 datanodeUuid: "4d8a2798-959e-416b-b534-19c13b55a760" writeChunk { blockID { containerID: 1 localID: 115816896921600001 blockCommitSequenceId: 2 replicaIndex: 0 } chunkData { chunkName: "115816896921600001_chunk_2" offset: 1048576 len: 1048576 } } version: 3, data.size=1048576
java.util.concurrent.CompletionException: org.apache.ratis.protocol.exceptions.NotLeaderException: Server 40df8fc4-149d-40c0-897d-2844034d8141@group-C626CE820278 is not the leader
	at java.base/java.util.concurrent.CompletableFuture.encodeThrowable(CompletableFuture.java:332)
	at java.base/java.util.concurrent.CompletableFuture.completeThrowable(CompletableFuture.java:347)
	at java.base/java.util.concurrent.CompletableFuture$UniAccept.tryFire(CompletableFuture.java:708)
	at java.base/java.util.concurrent.CompletableFuture.postComplete(CompletableFuture.java:510)
	at java.base/java.util.concurrent.CompletableFuture.completeExceptionally(CompletableFuture.java:2194)
	at org.apache.ratis.grpc.client.GrpcClientProtocolClient$AsyncStreamObservers.completeReplyExceptionally(GrpcClientProtocolClient.java:397)
	at org.apache.ratis.grpc.client.GrpcClientProtocolClient$AsyncStreamObservers.access$000(GrpcClientProtocolClient.java:303)
	at org.apache.ratis.grpc.client.GrpcClientProtocolClient$AsyncStreamObservers$1.onNext(GrpcClientProtocolClient.java:317)
	at org.apache.ratis.grpc.client.GrpcClientProtocolClient$AsyncStreamObservers$1.onNext(GrpcClientProtocolClient.java:308)
	at org.apache.ratis.thirdparty.io.grpc.stub.ClientCalls$StreamObserverToCallListenerAdapter.onMessage(ClientCalls.java:551)
	at org.apache.ratis.thirdparty.io.grpc.ForwardingClientCallListener.onMessage(ForwardingClientCallListener.java:33)
	at org.apache.ratis.thirdparty.io.grpc.internal.DelayedClientCall$DelayedListener.onMessage(DelayedClientCall.java:473)
	at org.apache.ratis.thirdparty.io.grpc.internal.ClientCallImpl$ClientStreamListenerImpl$1MessagesAvailable.runInternal(ClientCallImpl.java:661)
	at org.apache.ratis.thirdparty.io.grpc.internal.ClientCallImpl$ClientStreamListenerImpl$1MessagesAvailable.runInContext(ClientCallImpl.java:648)
	at org.apache.ratis.thirdparty.io.grpc.internal.ContextRunnable.run(ContextRunnable.java:37)
	at org.apache.ratis.thirdparty.io.grpc.internal.SerializingExecutor.run(SerializingExecutor.java:133)
	at java.base/java.util.concurrent.ThreadPoolExecutor.runWorker(ThreadPoolExecutor.java:1144)
	at java.base/java.util.concurrent.ThreadPoolExecutor$Worker.run(ThreadPoolExecutor.java:642)
	at java.base/java.lang.Thread.run(Thread.java:1583)
Caused by: org.apache.ratis.protocol.exceptions.NotLeaderException: Server 40df8fc4-149d-40c0-897d-2844034d8141@group-C626CE820278 is not the leader
	at org.apache.ratis.client.impl.ClientProtoUtils.toRaftClientReply(ClientProtoUtils.java:402)
	at org.apache.ratis.grpc.client.GrpcClientProtocolClient$AsyncStreamObservers$1.onNext(GrpcClientProtocolClient.java:313)
	... 11 more
2025-10-22 08:24:03,407 [40df8fc4-149d-40c0-897d-2844034d8141@group-C626CE820278-FollowerState] INFO  impl.FollowerState (FollowerState.java:runImpl(161)) - 40df8fc4-149d-40c0-897d-2844034d8141@group-C626CE820278-FollowerState: change to CANDIDATE, lastRpcElapsedTime:1001393132ns, electionTimeout:1001ms
2025-10-22 08:24:03,408 [40df8fc4-149d-40c0-897d-2844034d8141@group-C626CE820278-FollowerState] INFO  impl.RoleInfo (RoleInfo.java:shutdownFollowerState(121)) - 40df8fc4-149d-40c0-897d-2844034d8141: shutdown 40df8fc4-149d-40c0-897d-2844034d8141@group-C626CE820278-FollowerState
2025-10-22 08:24:03,408 [40df8fc4-149d-40c0-897d-2844034d8141@group-C626CE820278-FollowerState] INFO  server.RaftServer$Division (RaftServerImpl.java:setRole(392)) - 40df8fc4-149d-40c0-897d-2844034d8141@group-C626CE820278: changes role from  FOLLOWER to CANDIDATE at term 1 for changeToCandidate
2025-10-22 08:24:03,408 [40df8fc4-149d-40c0-897d-2844034d8141@group-C626CE820278-FollowerState] INFO  impl.RoleInfo (RoleInfo.java:updateAndGet(148)) - 40df8fc4-149d-40c0-897d-2844034d8141: start 40df8fc4-149d-40c0-897d-2844034d8141@group-C626CE820278-LeaderElection36
2025-10-22 08:24:03,408 [40df8fc4-149d-40c0-897d-2844034d8141@group-C626CE820278-LeaderElection36] INFO  impl.LeaderElection (LeaderElection.java:askForVotes(448)) - 40df8fc4-149d-40c0-897d-2844034d8141@group-C626CE820278-LeaderElection36 PRE_VOTE round 0: submit vote requests at term 1 for conf: {index: 0, cur=peers:[4d8a2798-959e-416b-b534-19c13b55a760|127.0.0.1:15023, 1c036820-4dbe-4abe-80fb-5ca88de5e2f0|127.0.0.1:15015, 40df8fc4-149d-40c0-897d-2844034d8141|127.0.0.1:15031]|listeners:[], old=null}
2025-10-22 08:24:03,409 [40df8fc4-149d-40c0-897d-2844034d8141@group-C626CE820278-LeaderElection36] INFO  impl.LeaderElection (LogUtils.java:infoOrTrace(142)) - 40df8fc4-149d-40c0-897d-2844034d8141@group-C626CE820278-LeaderElection36 got exception when requesting votes: java.util.concurrent.ExecutionException: org.apache.ratis.thirdparty.io.grpc.StatusRuntimeException: UNAVAILABLE: io exception
2025-10-22 08:24:03,409 [40df8fc4-149d-40c0-897d-2844034d8141@group-C626CE820278-LeaderElection36] INFO  impl.LeaderElection (LogUtils.java:infoOrTrace(142)) - 40df8fc4-149d-40c0-897d-2844034d8141@group-C626CE820278-LeaderElection36 got exception when requesting votes: java.util.concurrent.ExecutionException: org.apache.ratis.thirdparty.io.grpc.StatusRuntimeException: UNAVAILABLE: io exception
2025-10-22 08:24:03,409 [40df8fc4-149d-40c0-897d-2844034d8141@group-C626CE820278-LeaderElection36] INFO  impl.LeaderElection (LeaderElection.java:logAndReturn(206)) - 40df8fc4-149d-40c0-897d-2844034d8141@group-C626CE820278-LeaderElection36: PRE_VOTE REJECTED received 0 response(s) and 2 exception(s):
2025-10-22 08:24:03,409 [40df8fc4-149d-40c0-897d-2844034d8141@group-C626CE820278-LeaderElection36] INFO  impl.LeaderElection (LogUtils.java:infoOrTrace(142)) -   Exception 0: java.util.concurrent.ExecutionException: org.apache.ratis.thirdparty.io.grpc.StatusRuntimeException: UNAVAILABLE: io exception
2025-10-22 08:24:03,409 [40df8fc4-149d-40c0-897d-2844034d8141@group-C626CE820278-LeaderElection36] INFO  impl.LeaderElection (LogUtils.java:infoOrTrace(142)) -   Exception 1: java.util.concurrent.ExecutionException: org.apache.ratis.thirdparty.io.grpc.StatusRuntimeException: UNAVAILABLE: io exception
2025-10-22 08:24:03,409 [40df8fc4-149d-40c0-897d-2844034d8141@group-C626CE820278-LeaderElection36] INFO  impl.LeaderElection (LeaderElection.java:askForVotes(450)) - 40df8fc4-149d-40c0-897d-2844034d8141@group-C626CE820278-LeaderElection36 PRE_VOTE round 0: result REJECTED
2025-10-22 08:24:03,409 [40df8fc4-149d-40c0-897d-2844034d8141@group-C626CE820278-LeaderElection36] INFO  server.RaftServer$Division (RaftServerImpl.java:setRole(392)) - 40df8fc4-149d-40c0-897d-2844034d8141@group-C626CE820278: changes role from CANDIDATE to FOLLOWER at term 1 for REJECTED
2025-10-22 08:24:03,409 [40df8fc4-149d-40c0-897d-2844034d8141@group-C626CE820278-LeaderElection36] INFO  impl.RoleInfo (RoleInfo.java:shutdownLeaderElection(141)) - 40df8fc4-149d-40c0-897d-2844034d8141: shutdown 40df8fc4-149d-40c0-897d-2844034d8141@group-C626CE820278-LeaderElection36
2025-10-22 08:24:03,409 [40df8fc4-149d-40c0-897d-2844034d8141@group-C626CE820278-LeaderElection36] INFO  impl.RoleInfo (RoleInfo.java:updateAndGet(148)) - 40df8fc4-149d-40c0-897d-2844034d8141: start 40df8fc4-149d-40c0-897d-2844034d8141@group-C626CE820278-FollowerState
2025-10-22 08:24:03,625 [40df8fc4-149d-40c0-897d-2844034d8141@group-5E2F154B5BDB-FollowerState] INFO  impl.FollowerState (FollowerState.java:runImpl(161)) - 40df8fc4-149d-40c0-897d-2844034d8141@group-5E2F154B5BDB-FollowerState: change to CANDIDATE, lastRpcElapsedTime:1039279147ns, electionTimeout:1039ms
2025-10-22 08:24:03,625 [40df8fc4-149d-40c0-897d-2844034d8141@group-5E2F154B5BDB-FollowerState] INFO  impl.RoleInfo (RoleInfo.java:shutdownFollowerState(121)) - 40df8fc4-149d-40c0-897d-2844034d8141: shutdown 40df8fc4-149d-40c0-897d-2844034d8141@group-5E2F154B5BDB-FollowerState
2025-10-22 08:24:03,626 [40df8fc4-149d-40c0-897d-2844034d8141@group-5E2F154B5BDB-FollowerState] INFO  server.RaftServer$Division (RaftServerImpl.java:setRole(392)) - 40df8fc4-149d-40c0-897d-2844034d8141@group-5E2F154B5BDB: changes role from  FOLLOWER to CANDIDATE at term 1 for changeToCandidate
2025-10-22 08:24:03,626 [40df8fc4-149d-40c0-897d-2844034d8141@group-5E2F154B5BDB-FollowerState] INFO  impl.RoleInfo (RoleInfo.java:updateAndGet(148)) - 40df8fc4-149d-40c0-897d-2844034d8141: start 40df8fc4-149d-40c0-897d-2844034d8141@group-5E2F154B5BDB-LeaderElection37
2025-10-22 08:24:03,626 [40df8fc4-149d-40c0-897d-2844034d8141@group-5E2F154B5BDB-LeaderElection37] INFO  impl.LeaderElection (LeaderElection.java:askForVotes(448)) - 40df8fc4-149d-40c0-897d-2844034d8141@group-5E2F154B5BDB-LeaderElection37 PRE_VOTE round 0: submit vote requests at term 1 for conf: {index: 0, cur=peers:[4d8a2798-959e-416b-b534-19c13b55a760|127.0.0.1:15023, 1c036820-4dbe-4abe-80fb-5ca88de5e2f0|127.0.0.1:15015, 40df8fc4-149d-40c0-897d-2844034d8141|127.0.0.1:15031]|listeners:[], old=null}
2025-10-22 08:24:03,627 [40df8fc4-149d-40c0-897d-2844034d8141@group-5E2F154B5BDB-LeaderElection37] INFO  impl.LeaderElection (LogUtils.java:infoOrTrace(142)) - 40df8fc4-149d-40c0-897d-2844034d8141@group-5E2F154B5BDB-LeaderElection37 got exception when requesting votes: java.util.concurrent.ExecutionException: org.apache.ratis.thirdparty.io.grpc.StatusRuntimeException: UNAVAILABLE: io exception
2025-10-22 08:24:03,627 [40df8fc4-149d-40c0-897d-2844034d8141@group-5E2F154B5BDB-LeaderElection37] INFO  impl.LeaderElection (LogUtils.java:infoOrTrace(142)) - 40df8fc4-149d-40c0-897d-2844034d8141@group-5E2F154B5BDB-LeaderElection37 got exception when requesting votes: java.util.concurrent.ExecutionException: org.apache.ratis.thirdparty.io.grpc.StatusRuntimeException: UNAVAILABLE: io exception
2025-10-22 08:24:03,627 [40df8fc4-149d-40c0-897d-2844034d8141@group-5E2F154B5BDB-LeaderElection37] INFO  impl.LeaderElection (LeaderElection.java:logAndReturn(206)) - 40df8fc4-149d-40c0-897d-2844034d8141@group-5E2F154B5BDB-LeaderElection37: PRE_VOTE REJECTED received 0 response(s) and 2 exception(s):
2025-10-22 08:24:03,627 [40df8fc4-149d-40c0-897d-2844034d8141@group-5E2F154B5BDB-LeaderElection37] INFO  impl.LeaderElection (LogUtils.java:infoOrTrace(142)) -   Exception 0: java.util.concurrent.ExecutionException: org.apache.ratis.thirdparty.io.grpc.StatusRuntimeException: UNAVAILABLE: io exception
2025-10-22 08:24:03,627 [40df8fc4-149d-40c0-897d-2844034d8141@group-5E2F154B5BDB-LeaderElection37] INFO  impl.LeaderElection (LogUtils.java:infoOrTrace(142)) -   Exception 1: java.util.concurrent.ExecutionException: org.apache.ratis.thirdparty.io.grpc.StatusRuntimeException: UNAVAILABLE: io exception
2025-10-22 08:24:03,627 [40df8fc4-149d-40c0-897d-2844034d8141@group-5E2F154B5BDB-LeaderElection37] INFO  impl.LeaderElection (LeaderElection.java:askForVotes(450)) - 40df8fc4-149d-40c0-897d-2844034d8141@group-5E2F154B5BDB-LeaderElection37 PRE_VOTE round 0: result REJECTED
2025-10-22 08:24:03,627 [40df8fc4-149d-40c0-897d-2844034d8141@group-5E2F154B5BDB-LeaderElection37] INFO  server.RaftServer$Division (RaftServerImpl.java:setRole(392)) - 40df8fc4-149d-40c0-897d-2844034d8141@group-5E2F154B5BDB: changes role from CANDIDATE to FOLLOWER at term 1 for REJECTED
2025-10-22 08:24:03,627 [40df8fc4-149d-40c0-897d-2844034d8141@group-5E2F154B5BDB-LeaderElection37] INFO  impl.RoleInfo (RoleInfo.java:shutdownLeaderElection(141)) - 40df8fc4-149d-40c0-897d-2844034d8141: shutdown 40df8fc4-149d-40c0-897d-2844034d8141@group-5E2F154B5BDB-LeaderElection37
2025-10-22 08:24:03,627 [40df8fc4-149d-40c0-897d-2844034d8141@group-5E2F154B5BDB-LeaderElection37] INFO  impl.RoleInfo (RoleInfo.java:updateAndGet(148)) - 40df8fc4-149d-40c0-897d-2844034d8141: start 40df8fc4-149d-40c0-897d-2844034d8141@group-5E2F154B5BDB-FollowerState
2025-10-22 08:24:04,584 [40df8fc4-149d-40c0-897d-2844034d8141@group-C626CE820278-FollowerState] INFO  impl.FollowerState (FollowerState.java:runImpl(161)) - 40df8fc4-149d-40c0-897d-2844034d8141@group-C626CE820278-FollowerState: change to CANDIDATE, lastRpcElapsedTime:1174401486ns, electionTimeout:1174ms
2025-10-22 08:24:04,584 [40df8fc4-149d-40c0-897d-2844034d8141@group-C626CE820278-FollowerState] INFO  impl.RoleInfo (RoleInfo.java:shutdownFollowerState(121)) - 40df8fc4-149d-40c0-897d-2844034d8141: shutdown 40df8fc4-149d-40c0-897d-2844034d8141@group-C626CE820278-FollowerState
2025-10-22 08:24:04,584 [40df8fc4-149d-40c0-897d-2844034d8141@group-C626CE820278-FollowerState] INFO  server.RaftServer$Division (RaftServerImpl.java:setRole(392)) - 40df8fc4-149d-40c0-897d-2844034d8141@group-C626CE820278: changes role from  FOLLOWER to CANDIDATE at term 1 for changeToCandidate
2025-10-22 08:24:04,584 [40df8fc4-149d-40c0-897d-2844034d8141@group-C626CE820278-FollowerState] INFO  impl.RoleInfo (RoleInfo.java:updateAndGet(148)) - 40df8fc4-149d-40c0-897d-2844034d8141: start 40df8fc4-149d-40c0-897d-2844034d8141@group-C626CE820278-LeaderElection38
2025-10-22 08:24:04,584 [40df8fc4-149d-40c0-897d-2844034d8141@group-C626CE820278-LeaderElection38] INFO  impl.LeaderElection (LeaderElection.java:askForVotes(448)) - 40df8fc4-149d-40c0-897d-2844034d8141@group-C626CE820278-LeaderElection38 PRE_VOTE round 0: submit vote requests at term 1 for conf: {index: 0, cur=peers:[4d8a2798-959e-416b-b534-19c13b55a760|127.0.0.1:15023, 1c036820-4dbe-4abe-80fb-5ca88de5e2f0|127.0.0.1:15015, 40df8fc4-149d-40c0-897d-2844034d8141|127.0.0.1:15031]|listeners:[], old=null}
2025-10-22 08:24:04,585 [40df8fc4-149d-40c0-897d-2844034d8141@group-C626CE820278-LeaderElection38] INFO  impl.LeaderElection (LogUtils.java:infoOrTrace(142)) - 40df8fc4-149d-40c0-897d-2844034d8141@group-C626CE820278-LeaderElection38 got exception when requesting votes: java.util.concurrent.ExecutionException: org.apache.ratis.thirdparty.io.grpc.StatusRuntimeException: UNAVAILABLE: io exception
2025-10-22 08:24:04,585 [40df8fc4-149d-40c0-897d-2844034d8141@group-C626CE820278-LeaderElection38] INFO  impl.LeaderElection (LogUtils.java:infoOrTrace(142)) - 40df8fc4-149d-40c0-897d-2844034d8141@group-C626CE820278-LeaderElection38 got exception when requesting votes: java.util.concurrent.ExecutionException: org.apache.ratis.thirdparty.io.grpc.StatusRuntimeException: UNAVAILABLE: io exception
2025-10-22 08:24:04,585 [40df8fc4-149d-40c0-897d-2844034d8141@group-C626CE820278-LeaderElection38] INFO  impl.LeaderElection (LeaderElection.java:logAndReturn(206)) - 40df8fc4-149d-40c0-897d-2844034d8141@group-C626CE820278-LeaderElection38: PRE_VOTE REJECTED received 0 response(s) and 2 exception(s):
2025-10-22 08:24:04,586 [40df8fc4-149d-40c0-897d-2844034d8141@group-C626CE820278-LeaderElection38] INFO  impl.LeaderElection (LogUtils.java:infoOrTrace(142)) -   Exception 0: java.util.concurrent.ExecutionException: org.apache.ratis.thirdparty.io.grpc.StatusRuntimeException: UNAVAILABLE: io exception
2025-10-22 08:24:04,586 [40df8fc4-149d-40c0-897d-2844034d8141@group-C626CE820278-LeaderElection38] INFO  impl.LeaderElection (LogUtils.java:infoOrTrace(142)) -   Exception 1: java.util.concurrent.ExecutionException: org.apache.ratis.thirdparty.io.grpc.StatusRuntimeException: UNAVAILABLE: io exception
2025-10-22 08:24:04,586 [40df8fc4-149d-40c0-897d-2844034d8141@group-C626CE820278-LeaderElection38] INFO  impl.LeaderElection (LeaderElection.java:askForVotes(450)) - 40df8fc4-149d-40c0-897d-2844034d8141@group-C626CE820278-LeaderElection38 PRE_VOTE round 0: result REJECTED
2025-10-22 08:24:04,586 [40df8fc4-149d-40c0-897d-2844034d8141@group-C626CE820278-LeaderElection38] INFO  server.RaftServer$Division (RaftServerImpl.java:setRole(392)) - 40df8fc4-149d-40c0-897d-2844034d8141@group-C626CE820278: changes role from CANDIDATE to FOLLOWER at term 1 for REJECTED
2025-10-22 08:24:04,586 [40df8fc4-149d-40c0-897d-2844034d8141@group-C626CE820278-LeaderElection38] INFO  impl.RoleInfo (RoleInfo.java:shutdownLeaderElection(141)) - 40df8fc4-149d-40c0-897d-2844034d8141: shutdown 40df8fc4-149d-40c0-897d-2844034d8141@group-C626CE820278-LeaderElection38
2025-10-22 08:24:04,586 [40df8fc4-149d-40c0-897d-2844034d8141@group-C626CE820278-LeaderElection38] INFO  impl.RoleInfo (RoleInfo.java:updateAndGet(148)) - 40df8fc4-149d-40c0-897d-2844034d8141: start 40df8fc4-149d-40c0-897d-2844034d8141@group-C626CE820278-FollowerState
2025-10-22 08:24:04,695 [40df8fc4-149d-40c0-897d-2844034d8141@group-5E2F154B5BDB-FollowerState] INFO  impl.FollowerState (FollowerState.java:runImpl(161)) - 40df8fc4-149d-40c0-897d-2844034d8141@group-5E2F154B5BDB-FollowerState: change to CANDIDATE, lastRpcElapsedTime:1068271311ns, electionTimeout:1068ms
2025-10-22 08:24:04,696 [40df8fc4-149d-40c0-897d-2844034d8141@group-5E2F154B5BDB-FollowerState] INFO  impl.RoleInfo (RoleInfo.java:shutdownFollowerState(121)) - 40df8fc4-149d-40c0-897d-2844034d8141: shutdown 40df8fc4-149d-40c0-897d-2844034d8141@group-5E2F154B5BDB-FollowerState
2025-10-22 08:24:04,696 [40df8fc4-149d-40c0-897d-2844034d8141@group-5E2F154B5BDB-FollowerState] INFO  server.RaftServer$Division (RaftServerImpl.java:setRole(392)) - 40df8fc4-149d-40c0-897d-2844034d8141@group-5E2F154B5BDB: changes role from  FOLLOWER to CANDIDATE at term 1 for changeToCandidate
2025-10-22 08:24:04,696 [40df8fc4-149d-40c0-897d-2844034d8141@group-5E2F154B5BDB-FollowerState] INFO  impl.RoleInfo (RoleInfo.java:updateAndGet(148)) - 40df8fc4-149d-40c0-897d-2844034d8141: start 40df8fc4-149d-40c0-897d-2844034d8141@group-5E2F154B5BDB-LeaderElection39
2025-10-22 08:24:04,696 [40df8fc4-149d-40c0-897d-2844034d8141@group-5E2F154B5BDB-LeaderElection39] INFO  impl.LeaderElection (LeaderElection.java:askForVotes(448)) - 40df8fc4-149d-40c0-897d-2844034d8141@group-5E2F154B5BDB-LeaderElection39 PRE_VOTE round 0: submit vote requests at term 1 for conf: {index: 0, cur=peers:[4d8a2798-959e-416b-b534-19c13b55a760|127.0.0.1:15023, 1c036820-4dbe-4abe-80fb-5ca88de5e2f0|127.0.0.1:15015, 40df8fc4-149d-40c0-897d-2844034d8141|127.0.0.1:15031]|listeners:[], old=null}
2025-10-22 08:24:04,697 [40df8fc4-149d-40c0-897d-2844034d8141@group-5E2F154B5BDB-LeaderElection39] INFO  impl.LeaderElection (LogUtils.java:infoOrTrace(142)) - 40df8fc4-149d-40c0-897d-2844034d8141@group-5E2F154B5BDB-LeaderElection39 got exception when requesting votes: java.util.concurrent.ExecutionException: org.apache.ratis.thirdparty.io.grpc.StatusRuntimeException: UNAVAILABLE: io exception
2025-10-22 08:24:04,697 [40df8fc4-149d-40c0-897d-2844034d8141@group-5E2F154B5BDB-LeaderElection39] INFO  impl.LeaderElection (LogUtils.java:infoOrTrace(142)) - 40df8fc4-149d-40c0-897d-2844034d8141@group-5E2F154B5BDB-LeaderElection39 got exception when requesting votes: java.util.concurrent.ExecutionException: org.apache.ratis.thirdparty.io.grpc.StatusRuntimeException: UNAVAILABLE: io exception
2025-10-22 08:24:04,697 [40df8fc4-149d-40c0-897d-2844034d8141@group-5E2F154B5BDB-LeaderElection39] INFO  impl.LeaderElection (LeaderElection.java:logAndReturn(206)) - 40df8fc4-149d-40c0-897d-2844034d8141@group-5E2F154B5BDB-LeaderElection39: PRE_VOTE REJECTED received 0 response(s) and 2 exception(s):
2025-10-22 08:24:04,697 [40df8fc4-149d-40c0-897d-2844034d8141@group-5E2F154B5BDB-LeaderElection39] INFO  impl.LeaderElection (LogUtils.java:infoOrTrace(142)) -   Exception 0: java.util.concurrent.ExecutionException: org.apache.ratis.thirdparty.io.grpc.StatusRuntimeException: UNAVAILABLE: io exception
2025-10-22 08:24:04,697 [40df8fc4-149d-40c0-897d-2844034d8141@group-5E2F154B5BDB-LeaderElection39] INFO  impl.LeaderElection (LogUtils.java:infoOrTrace(142)) -   Exception 1: java.util.concurrent.ExecutionException: org.apache.ratis.thirdparty.io.grpc.StatusRuntimeException: UNAVAILABLE: io exception
2025-10-22 08:24:04,697 [40df8fc4-149d-40c0-897d-2844034d8141@group-5E2F154B5BDB-LeaderElection39] INFO  impl.LeaderElection (LeaderElection.java:askForVotes(450)) - 40df8fc4-149d-40c0-897d-2844034d8141@group-5E2F154B5BDB-LeaderElection39 PRE_VOTE round 0: result REJECTED
2025-10-22 08:24:04,697 [40df8fc4-149d-40c0-897d-2844034d8141@group-5E2F154B5BDB-LeaderElection39] INFO  server.RaftServer$Division (RaftServerImpl.java:setRole(392)) - 40df8fc4-149d-40c0-897d-2844034d8141@group-5E2F154B5BDB: changes role from CANDIDATE to FOLLOWER at term 1 for REJECTED
2025-10-22 08:24:04,697 [40df8fc4-149d-40c0-897d-2844034d8141@group-5E2F154B5BDB-LeaderElection39] INFO  impl.RoleInfo (RoleInfo.java:shutdownLeaderElection(141)) - 40df8fc4-149d-40c0-897d-2844034d8141: shutdown 40df8fc4-149d-40c0-897d-2844034d8141@group-5E2F154B5BDB-LeaderElection39
2025-10-22 08:24:04,697 [40df8fc4-149d-40c0-897d-2844034d8141@group-5E2F154B5BDB-LeaderElection39] INFO  impl.RoleInfo (RoleInfo.java:updateAndGet(148)) - 40df8fc4-149d-40c0-897d-2844034d8141: start 40df8fc4-149d-40c0-897d-2844034d8141@group-5E2F154B5BDB-FollowerState
2025-10-22 08:24:05,687 [40df8fc4-149d-40c0-897d-2844034d8141@group-C626CE820278-FollowerState] INFO  impl.FollowerState (FollowerState.java:runImpl(161)) - 40df8fc4-149d-40c0-897d-2844034d8141@group-C626CE820278-FollowerState: change to CANDIDATE, lastRpcElapsedTime:1101277910ns, electionTimeout:1101ms
2025-10-22 08:24:05,687 [40df8fc4-149d-40c0-897d-2844034d8141@group-C626CE820278-FollowerState] INFO  impl.RoleInfo (RoleInfo.java:shutdownFollowerState(121)) - 40df8fc4-149d-40c0-897d-2844034d8141: shutdown 40df8fc4-149d-40c0-897d-2844034d8141@group-C626CE820278-FollowerState
2025-10-22 08:24:05,687 [40df8fc4-149d-40c0-897d-2844034d8141@group-C626CE820278-FollowerState] INFO  server.RaftServer$Division (RaftServerImpl.java:setRole(392)) - 40df8fc4-149d-40c0-897d-2844034d8141@group-C626CE820278: changes role from  FOLLOWER to CANDIDATE at term 1 for changeToCandidate
2025-10-22 08:24:05,687 [40df8fc4-149d-40c0-897d-2844034d8141@group-C626CE820278-FollowerState] INFO  impl.RoleInfo (RoleInfo.java:updateAndGet(148)) - 40df8fc4-149d-40c0-897d-2844034d8141: start 40df8fc4-149d-40c0-897d-2844034d8141@group-C626CE820278-LeaderElection40
2025-10-22 08:24:05,688 [40df8fc4-149d-40c0-897d-2844034d8141@group-C626CE820278-LeaderElection40] INFO  impl.LeaderElection (LeaderElection.java:askForVotes(448)) - 40df8fc4-149d-40c0-897d-2844034d8141@group-C626CE820278-LeaderElection40 PRE_VOTE round 0: submit vote requests at term 1 for conf: {index: 0, cur=peers:[4d8a2798-959e-416b-b534-19c13b55a760|127.0.0.1:15023, 1c036820-4dbe-4abe-80fb-5ca88de5e2f0|127.0.0.1:15015, 40df8fc4-149d-40c0-897d-2844034d8141|127.0.0.1:15031]|listeners:[], old=null}
2025-10-22 08:24:05,688 [40df8fc4-149d-40c0-897d-2844034d8141@group-C626CE820278-LeaderElection40] INFO  impl.LeaderElection (LogUtils.java:infoOrTrace(142)) - 40df8fc4-149d-40c0-897d-2844034d8141@group-C626CE820278-LeaderElection40 got exception when requesting votes: java.util.concurrent.ExecutionException: org.apache.ratis.thirdparty.io.grpc.StatusRuntimeException: UNAVAILABLE: io exception
2025-10-22 08:24:05,689 [40df8fc4-149d-40c0-897d-2844034d8141@group-C626CE820278-LeaderElection40] INFO  impl.LeaderElection (LogUtils.java:infoOrTrace(142)) - 40df8fc4-149d-40c0-897d-2844034d8141@group-C626CE820278-LeaderElection40 got exception when requesting votes: java.util.concurrent.ExecutionException: org.apache.ratis.thirdparty.io.grpc.StatusRuntimeException: UNAVAILABLE: io exception
2025-10-22 08:24:05,689 [40df8fc4-149d-40c0-897d-2844034d8141@group-C626CE820278-LeaderElection40] INFO  impl.LeaderElection (LeaderElection.java:logAndReturn(206)) - 40df8fc4-149d-40c0-897d-2844034d8141@group-C626CE820278-LeaderElection40: PRE_VOTE REJECTED received 0 response(s) and 2 exception(s):
2025-10-22 08:24:05,689 [40df8fc4-149d-40c0-897d-2844034d8141@group-C626CE820278-LeaderElection40] INFO  impl.LeaderElection (LogUtils.java:infoOrTrace(142)) -   Exception 0: java.util.concurrent.ExecutionException: org.apache.ratis.thirdparty.io.grpc.StatusRuntimeException: UNAVAILABLE: io exception
2025-10-22 08:24:05,689 [40df8fc4-149d-40c0-897d-2844034d8141@group-C626CE820278-LeaderElection40] INFO  impl.LeaderElection (LogUtils.java:infoOrTrace(142)) -   Exception 1: java.util.concurrent.ExecutionException: org.apache.ratis.thirdparty.io.grpc.StatusRuntimeException: UNAVAILABLE: io exception
2025-10-22 08:24:05,689 [40df8fc4-149d-40c0-897d-2844034d8141@group-C626CE820278-LeaderElection40] INFO  impl.LeaderElection (LeaderElection.java:askForVotes(450)) - 40df8fc4-149d-40c0-897d-2844034d8141@group-C626CE820278-LeaderElection40 PRE_VOTE round 0: result REJECTED
2025-10-22 08:24:05,689 [40df8fc4-149d-40c0-897d-2844034d8141@group-C626CE820278-LeaderElection40] INFO  server.RaftServer$Division (RaftServerImpl.java:setRole(392)) - 40df8fc4-149d-40c0-897d-2844034d8141@group-C626CE820278: changes role from CANDIDATE to FOLLOWER at term 1 for REJECTED
2025-10-22 08:24:05,689 [40df8fc4-149d-40c0-897d-2844034d8141@group-C626CE820278-LeaderElection40] INFO  impl.RoleInfo (RoleInfo.java:shutdownLeaderElection(141)) - 40df8fc4-149d-40c0-897d-2844034d8141: shutdown 40df8fc4-149d-40c0-897d-2844034d8141@group-C626CE820278-LeaderElection40
2025-10-22 08:24:05,689 [40df8fc4-149d-40c0-897d-2844034d8141@group-C626CE820278-LeaderElection40] INFO  impl.RoleInfo (RoleInfo.java:updateAndGet(148)) - 40df8fc4-149d-40c0-897d-2844034d8141: start 40df8fc4-149d-40c0-897d-2844034d8141@group-C626CE820278-FollowerState
2025-10-22 08:24:05,890 [40df8fc4-149d-40c0-897d-2844034d8141@group-5E2F154B5BDB-FollowerState] INFO  impl.FollowerState (FollowerState.java:runImpl(161)) - 40df8fc4-149d-40c0-897d-2844034d8141@group-5E2F154B5BDB-FollowerState: change to CANDIDATE, lastRpcElapsedTime:1192370689ns, electionTimeout:1192ms
2025-10-22 08:24:05,890 [40df8fc4-149d-40c0-897d-2844034d8141@group-5E2F154B5BDB-FollowerState] INFO  impl.RoleInfo (RoleInfo.java:shutdownFollowerState(121)) - 40df8fc4-149d-40c0-897d-2844034d8141: shutdown 40df8fc4-149d-40c0-897d-2844034d8141@group-5E2F154B5BDB-FollowerState
2025-10-22 08:24:05,890 [40df8fc4-149d-40c0-897d-2844034d8141@group-5E2F154B5BDB-FollowerState] INFO  server.RaftServer$Division (RaftServerImpl.java:setRole(392)) - 40df8fc4-149d-40c0-897d-2844034d8141@group-5E2F154B5BDB: changes role from  FOLLOWER to CANDIDATE at term 1 for changeToCandidate
2025-10-22 08:24:05,890 [40df8fc4-149d-40c0-897d-2844034d8141@group-5E2F154B5BDB-FollowerState] INFO  impl.RoleInfo (RoleInfo.java:updateAndGet(148)) - 40df8fc4-149d-40c0-897d-2844034d8141: start 40df8fc4-149d-40c0-897d-2844034d8141@group-5E2F154B5BDB-LeaderElection41
2025-10-22 08:24:05,890 [40df8fc4-149d-40c0-897d-2844034d8141@group-5E2F154B5BDB-LeaderElection41] INFO  impl.LeaderElection (LeaderElection.java:askForVotes(448)) - 40df8fc4-149d-40c0-897d-2844034d8141@group-5E2F154B5BDB-LeaderElection41 PRE_VOTE round 0: submit vote requests at term 1 for conf: {index: 0, cur=peers:[4d8a2798-959e-416b-b534-19c13b55a760|127.0.0.1:15023, 1c036820-4dbe-4abe-80fb-5ca88de5e2f0|127.0.0.1:15015, 40df8fc4-149d-40c0-897d-2844034d8141|127.0.0.1:15031]|listeners:[], old=null}
2025-10-22 08:24:05,891 [40df8fc4-149d-40c0-897d-2844034d8141@group-5E2F154B5BDB-LeaderElection41] INFO  impl.LeaderElection (LogUtils.java:infoOrTrace(142)) - 40df8fc4-149d-40c0-897d-2844034d8141@group-5E2F154B5BDB-LeaderElection41 got exception when requesting votes: java.util.concurrent.ExecutionException: org.apache.ratis.thirdparty.io.grpc.StatusRuntimeException: UNAVAILABLE: io exception
2025-10-22 08:24:05,891 [40df8fc4-149d-40c0-897d-2844034d8141@group-5E2F154B5BDB-LeaderElection41] INFO  impl.LeaderElection (LogUtils.java:infoOrTrace(142)) - 40df8fc4-149d-40c0-897d-2844034d8141@group-5E2F154B5BDB-LeaderElection41 got exception when requesting votes: java.util.concurrent.ExecutionException: org.apache.ratis.thirdparty.io.grpc.StatusRuntimeException: UNAVAILABLE: io exception
2025-10-22 08:24:05,891 [40df8fc4-149d-40c0-897d-2844034d8141@group-5E2F154B5BDB-LeaderElection41] INFO  impl.LeaderElection (LeaderElection.java:logAndReturn(206)) - 40df8fc4-149d-40c0-897d-2844034d8141@group-5E2F154B5BDB-LeaderElection41: PRE_VOTE REJECTED received 0 response(s) and 2 exception(s):
2025-10-22 08:24:05,891 [40df8fc4-149d-40c0-897d-2844034d8141@group-5E2F154B5BDB-LeaderElection41] INFO  impl.LeaderElection (LogUtils.java:infoOrTrace(142)) -   Exception 0: java.util.concurrent.ExecutionException: org.apache.ratis.thirdparty.io.grpc.StatusRuntimeException: UNAVAILABLE: io exception
2025-10-22 08:24:05,891 [40df8fc4-149d-40c0-897d-2844034d8141@group-5E2F154B5BDB-LeaderElection41] INFO  impl.LeaderElection (LogUtils.java:infoOrTrace(142)) -   Exception 1: java.util.concurrent.ExecutionException: org.apache.ratis.thirdparty.io.grpc.StatusRuntimeException: UNAVAILABLE: io exception
2025-10-22 08:24:05,891 [40df8fc4-149d-40c0-897d-2844034d8141@group-5E2F154B5BDB-LeaderElection41] INFO  impl.LeaderElection (LeaderElection.java:askForVotes(450)) - 40df8fc4-149d-40c0-897d-2844034d8141@group-5E2F154B5BDB-LeaderElection41 PRE_VOTE round 0: result REJECTED
2025-10-22 08:24:05,892 [40df8fc4-149d-40c0-897d-2844034d8141@group-5E2F154B5BDB-LeaderElection41] INFO  server.RaftServer$Division (RaftServerImpl.java:setRole(392)) - 40df8fc4-149d-40c0-897d-2844034d8141@group-5E2F154B5BDB: changes role from CANDIDATE to FOLLOWER at term 1 for REJECTED
2025-10-22 08:24:05,892 [40df8fc4-149d-40c0-897d-2844034d8141@group-5E2F154B5BDB-LeaderElection41] INFO  impl.RoleInfo (RoleInfo.java:shutdownLeaderElection(141)) - 40df8fc4-149d-40c0-897d-2844034d8141: shutdown 40df8fc4-149d-40c0-897d-2844034d8141@group-5E2F154B5BDB-LeaderElection41
2025-10-22 08:24:05,892 [40df8fc4-149d-40c0-897d-2844034d8141@group-5E2F154B5BDB-LeaderElection41] INFO  impl.RoleInfo (RoleInfo.java:updateAndGet(148)) - 40df8fc4-149d-40c0-897d-2844034d8141: start 40df8fc4-149d-40c0-897d-2844034d8141@group-5E2F154B5BDB-FollowerState
2025-10-22 08:24:06,834 [40df8fc4-149d-40c0-897d-2844034d8141@group-C626CE820278-FollowerState] INFO  impl.FollowerState (FollowerState.java:runImpl(161)) - 40df8fc4-149d-40c0-897d-2844034d8141@group-C626CE820278-FollowerState: change to CANDIDATE, lastRpcElapsedTime:1145407856ns, electionTimeout:1145ms
2025-10-22 08:24:06,835 [40df8fc4-149d-40c0-897d-2844034d8141@group-C626CE820278-FollowerState] INFO  impl.RoleInfo (RoleInfo.java:shutdownFollowerState(121)) - 40df8fc4-149d-40c0-897d-2844034d8141: shutdown 40df8fc4-149d-40c0-897d-2844034d8141@group-C626CE820278-FollowerState
2025-10-22 08:24:06,835 [40df8fc4-149d-40c0-897d-2844034d8141@group-C626CE820278-FollowerState] INFO  server.RaftServer$Division (RaftServerImpl.java:setRole(392)) - 40df8fc4-149d-40c0-897d-2844034d8141@group-C626CE820278: changes role from  FOLLOWER to CANDIDATE at term 1 for changeToCandidate
2025-10-22 08:24:06,835 [40df8fc4-149d-40c0-897d-2844034d8141@group-C626CE820278-FollowerState] INFO  impl.RoleInfo (RoleInfo.java:updateAndGet(148)) - 40df8fc4-149d-40c0-897d-2844034d8141: start 40df8fc4-149d-40c0-897d-2844034d8141@group-C626CE820278-LeaderElection42
2025-10-22 08:24:06,835 [40df8fc4-149d-40c0-897d-2844034d8141@group-C626CE820278-LeaderElection42] INFO  impl.LeaderElection (LeaderElection.java:askForVotes(448)) - 40df8fc4-149d-40c0-897d-2844034d8141@group-C626CE820278-LeaderElection42 PRE_VOTE round 0: submit vote requests at term 1 for conf: {index: 0, cur=peers:[4d8a2798-959e-416b-b534-19c13b55a760|127.0.0.1:15023, 1c036820-4dbe-4abe-80fb-5ca88de5e2f0|127.0.0.1:15015, 40df8fc4-149d-40c0-897d-2844034d8141|127.0.0.1:15031]|listeners:[], old=null}
2025-10-22 08:24:06,836 [40df8fc4-149d-40c0-897d-2844034d8141@group-C626CE820278-LeaderElection42] INFO  impl.LeaderElection (LogUtils.java:infoOrTrace(142)) - 40df8fc4-149d-40c0-897d-2844034d8141@group-C626CE820278-LeaderElection42 got exception when requesting votes: java.util.concurrent.ExecutionException: org.apache.ratis.thirdparty.io.grpc.StatusRuntimeException: UNAVAILABLE: io exception
2025-10-22 08:24:06,836 [40df8fc4-149d-40c0-897d-2844034d8141@group-C626CE820278-LeaderElection42] INFO  impl.LeaderElection (LogUtils.java:infoOrTrace(142)) - 40df8fc4-149d-40c0-897d-2844034d8141@group-C626CE820278-LeaderElection42 got exception when requesting votes: java.util.concurrent.ExecutionException: org.apache.ratis.thirdparty.io.grpc.StatusRuntimeException: UNAVAILABLE: io exception
2025-10-22 08:24:06,836 [40df8fc4-149d-40c0-897d-2844034d8141@group-C626CE820278-LeaderElection42] INFO  impl.LeaderElection (LeaderElection.java:logAndReturn(206)) - 40df8fc4-149d-40c0-897d-2844034d8141@group-C626CE820278-LeaderElection42: PRE_VOTE REJECTED received 0 response(s) and 2 exception(s):
2025-10-22 08:24:06,836 [40df8fc4-149d-40c0-897d-2844034d8141@group-C626CE820278-LeaderElection42] INFO  impl.LeaderElection (LogUtils.java:infoOrTrace(142)) -   Exception 0: java.util.concurrent.ExecutionException: org.apache.ratis.thirdparty.io.grpc.StatusRuntimeException: UNAVAILABLE: io exception
2025-10-22 08:24:06,836 [40df8fc4-149d-40c0-897d-2844034d8141@group-C626CE820278-LeaderElection42] INFO  impl.LeaderElection (LogUtils.java:infoOrTrace(142)) -   Exception 1: java.util.concurrent.ExecutionException: org.apache.ratis.thirdparty.io.grpc.StatusRuntimeException: UNAVAILABLE: io exception
2025-10-22 08:24:06,836 [40df8fc4-149d-40c0-897d-2844034d8141@group-C626CE820278-LeaderElection42] INFO  impl.LeaderElection (LeaderElection.java:askForVotes(450)) - 40df8fc4-149d-40c0-897d-2844034d8141@group-C626CE820278-LeaderElection42 PRE_VOTE round 0: result REJECTED
2025-10-22 08:24:06,836 [40df8fc4-149d-40c0-897d-2844034d8141@group-C626CE820278-LeaderElection42] INFO  server.RaftServer$Division (RaftServerImpl.java:setRole(392)) - 40df8fc4-149d-40c0-897d-2844034d8141@group-C626CE820278: changes role from CANDIDATE to FOLLOWER at term 1 for REJECTED
2025-10-22 08:24:06,836 [40df8fc4-149d-40c0-897d-2844034d8141@group-C626CE820278-LeaderElection42] INFO  impl.RoleInfo (RoleInfo.java:shutdownLeaderElection(141)) - 40df8fc4-149d-40c0-897d-2844034d8141: shutdown 40df8fc4-149d-40c0-897d-2844034d8141@group-C626CE820278-LeaderElection42
2025-10-22 08:24:06,836 [40df8fc4-149d-40c0-897d-2844034d8141@group-C626CE820278-LeaderElection42] INFO  impl.RoleInfo (RoleInfo.java:updateAndGet(148)) - 40df8fc4-149d-40c0-897d-2844034d8141: start 40df8fc4-149d-40c0-897d-2844034d8141@group-C626CE820278-FollowerState
2025-10-22 08:24:07,015 [40df8fc4-149d-40c0-897d-2844034d8141@group-5E2F154B5BDB-FollowerState] INFO  impl.FollowerState (FollowerState.java:runImpl(161)) - 40df8fc4-149d-40c0-897d-2844034d8141@group-5E2F154B5BDB-FollowerState: change to CANDIDATE, lastRpcElapsedTime:1123448197ns, electionTimeout:1123ms
2025-10-22 08:24:07,015 [40df8fc4-149d-40c0-897d-2844034d8141@group-5E2F154B5BDB-FollowerState] INFO  impl.RoleInfo (RoleInfo.java:shutdownFollowerState(121)) - 40df8fc4-149d-40c0-897d-2844034d8141: shutdown 40df8fc4-149d-40c0-897d-2844034d8141@group-5E2F154B5BDB-FollowerState
2025-10-22 08:24:07,015 [40df8fc4-149d-40c0-897d-2844034d8141@group-5E2F154B5BDB-FollowerState] INFO  server.RaftServer$Division (RaftServerImpl.java:setRole(392)) - 40df8fc4-149d-40c0-897d-2844034d8141@group-5E2F154B5BDB: changes role from  FOLLOWER to CANDIDATE at term 1 for changeToCandidate
2025-10-22 08:24:07,015 [40df8fc4-149d-40c0-897d-2844034d8141@group-5E2F154B5BDB-FollowerState] INFO  impl.RoleInfo (RoleInfo.java:updateAndGet(148)) - 40df8fc4-149d-40c0-897d-2844034d8141: start 40df8fc4-149d-40c0-897d-2844034d8141@group-5E2F154B5BDB-LeaderElection43
2025-10-22 08:24:07,016 [40df8fc4-149d-40c0-897d-2844034d8141@group-5E2F154B5BDB-LeaderElection43] INFO  impl.LeaderElection (LeaderElection.java:askForVotes(448)) - 40df8fc4-149d-40c0-897d-2844034d8141@group-5E2F154B5BDB-LeaderElection43 PRE_VOTE round 0: submit vote requests at term 1 for conf: {index: 0, cur=peers:[4d8a2798-959e-416b-b534-19c13b55a760|127.0.0.1:15023, 1c036820-4dbe-4abe-80fb-5ca88de5e2f0|127.0.0.1:15015, 40df8fc4-149d-40c0-897d-2844034d8141|127.0.0.1:15031]|listeners:[], old=null}
2025-10-22 08:24:07,016 [40df8fc4-149d-40c0-897d-2844034d8141@group-5E2F154B5BDB-LeaderElection43] INFO  impl.LeaderElection (LogUtils.java:infoOrTrace(142)) - 40df8fc4-149d-40c0-897d-2844034d8141@group-5E2F154B5BDB-LeaderElection43 got exception when requesting votes: java.util.concurrent.ExecutionException: org.apache.ratis.thirdparty.io.grpc.StatusRuntimeException: UNAVAILABLE: io exception
2025-10-22 08:24:07,017 [40df8fc4-149d-40c0-897d-2844034d8141@group-5E2F154B5BDB-LeaderElection43] INFO  impl.LeaderElection (LogUtils.java:infoOrTrace(142)) - 40df8fc4-149d-40c0-897d-2844034d8141@group-5E2F154B5BDB-LeaderElection43 got exception when requesting votes: java.util.concurrent.ExecutionException: org.apache.ratis.thirdparty.io.grpc.StatusRuntimeException: UNAVAILABLE: io exception
2025-10-22 08:24:07,017 [40df8fc4-149d-40c0-897d-2844034d8141@group-5E2F154B5BDB-LeaderElection43] INFO  impl.LeaderElection (LeaderElection.java:logAndReturn(206)) - 40df8fc4-149d-40c0-897d-2844034d8141@group-5E2F154B5BDB-LeaderElection43: PRE_VOTE REJECTED received 0 response(s) and 2 exception(s):
2025-10-22 08:24:07,017 [40df8fc4-149d-40c0-897d-2844034d8141@group-5E2F154B5BDB-LeaderElection43] INFO  impl.LeaderElection (LogUtils.java:infoOrTrace(142)) -   Exception 0: java.util.concurrent.ExecutionException: org.apache.ratis.thirdparty.io.grpc.StatusRuntimeException: UNAVAILABLE: io exception
2025-10-22 08:24:07,017 [40df8fc4-149d-40c0-897d-2844034d8141@group-5E2F154B5BDB-LeaderElection43] INFO  impl.LeaderElection (LogUtils.java:infoOrTrace(142)) -   Exception 1: java.util.concurrent.ExecutionException: org.apache.ratis.thirdparty.io.grpc.StatusRuntimeException: UNAVAILABLE: io exception
2025-10-22 08:24:07,017 [40df8fc4-149d-40c0-897d-2844034d8141@group-5E2F154B5BDB-LeaderElection43] INFO  impl.LeaderElection (LeaderElection.java:askForVotes(450)) - 40df8fc4-149d-40c0-897d-2844034d8141@group-5E2F154B5BDB-LeaderElection43 PRE_VOTE round 0: result REJECTED
2025-10-22 08:24:07,017 [40df8fc4-149d-40c0-897d-2844034d8141@group-5E2F154B5BDB-LeaderElection43] INFO  server.RaftServer$Division (RaftServerImpl.java:setRole(392)) - 40df8fc4-149d-40c0-897d-2844034d8141@group-5E2F154B5BDB: changes role from CANDIDATE to FOLLOWER at term 1 for REJECTED
2025-10-22 08:24:07,017 [40df8fc4-149d-40c0-897d-2844034d8141@group-5E2F154B5BDB-LeaderElection43] INFO  impl.RoleInfo (RoleInfo.java:shutdownLeaderElection(141)) - 40df8fc4-149d-40c0-897d-2844034d8141: shutdown 40df8fc4-149d-40c0-897d-2844034d8141@group-5E2F154B5BDB-LeaderElection43
2025-10-22 08:24:07,017 [40df8fc4-149d-40c0-897d-2844034d8141@group-5E2F154B5BDB-LeaderElection43] INFO  impl.RoleInfo (RoleInfo.java:updateAndGet(148)) - 40df8fc4-149d-40c0-897d-2844034d8141: start 40df8fc4-149d-40c0-897d-2844034d8141@group-5E2F154B5BDB-FollowerState
2025-10-22 08:24:07,514 [grpc-default-executor-2] ERROR impl.OrderedAsync (OrderedAsync.java:lambda$null$6(215)) -  client-ACEEB1504463: Failed* RaftClientRequest:client-ACEEB1504463->4d8a2798-959e-416b-b534-19c13b55a760@group-C626CE820278, cid=18, seq=4*, RW, cmdType: WriteChunk traceID: "" containerID: 1 datanodeUuid: "4d8a2798-959e-416b-b534-19c13b55a760" writeChunk { blockID { containerID: 1 localID: 115816896921600001 blockCommitSequenceId: 2 replicaIndex: 0 } chunkData { chunkName: "115816896921600001_chunk_2" offset: 1048576 len: 1048576 } } version: 3, data.size=1048576
java.util.concurrent.CompletionException: java.io.IOException: org.apache.ratis.thirdparty.io.grpc.StatusRuntimeException: UNAVAILABLE: io exception
	at java.base/java.util.concurrent.CompletableFuture.encodeThrowable(CompletableFuture.java:332)
	at java.base/java.util.concurrent.CompletableFuture.completeThrowable(CompletableFuture.java:347)
	at java.base/java.util.concurrent.CompletableFuture$UniAccept.tryFire(CompletableFuture.java:708)
	at java.base/java.util.concurrent.CompletableFuture.postComplete(CompletableFuture.java:510)
	at java.base/java.util.concurrent.CompletableFuture.completeExceptionally(CompletableFuture.java:2194)
	at org.apache.ratis.grpc.client.GrpcClientProtocolClient$AsyncStreamObservers.completeReplyExceptionally(GrpcClientProtocolClient.java:397)
	at org.apache.ratis.grpc.client.GrpcClientProtocolClient$AsyncStreamObservers.access$000(GrpcClientProtocolClient.java:303)
	at org.apache.ratis.grpc.client.GrpcClientProtocolClient$AsyncStreamObservers$1.onError(GrpcClientProtocolClient.java:334)
	at org.apache.ratis.thirdparty.io.grpc.stub.ClientCalls$StreamObserverToCallListenerAdapter.onClose(ClientCalls.java:564)
	at org.apache.ratis.thirdparty.io.grpc.PartialForwardingClientCallListener.onClose(PartialForwardingClientCallListener.java:39)
	at org.apache.ratis.thirdparty.io.grpc.ForwardingClientCallListener.onClose(ForwardingClientCallListener.java:23)
	at org.apache.ratis.grpc.metrics.intercept.client.MetricClientCallListener.onClose(MetricClientCallListener.java:47)
	at org.apache.ratis.thirdparty.io.grpc.internal.ClientCallImpl.closeObserver(ClientCallImpl.java:565)
	at org.apache.ratis.thirdparty.io.grpc.internal.ClientCallImpl.access$100(ClientCallImpl.java:72)
	at org.apache.ratis.thirdparty.io.grpc.internal.ClientCallImpl$ClientStreamListenerImpl$1StreamClosed.runInternal(ClientCallImpl.java:733)
	at org.apache.ratis.thirdparty.io.grpc.internal.ClientCallImpl$ClientStreamListenerImpl$1StreamClosed.runInContext(ClientCallImpl.java:714)
	at org.apache.ratis.thirdparty.io.grpc.internal.ContextRunnable.run(ContextRunnable.java:37)
	at org.apache.ratis.thirdparty.io.grpc.internal.SerializingExecutor.run(SerializingExecutor.java:133)
	at java.base/java.util.concurrent.ThreadPoolExecutor.runWorker(ThreadPoolExecutor.java:1144)
	at java.base/java.util.concurrent.ThreadPoolExecutor$Worker.run(ThreadPoolExecutor.java:642)
	at java.base/java.lang.Thread.run(Thread.java:1583)
Caused by: java.io.IOException: org.apache.ratis.thirdparty.io.grpc.StatusRuntimeException: UNAVAILABLE: io exception
	at org.apache.ratis.grpc.GrpcUtil.unwrapException(GrpcUtil.java:99)
	at org.apache.ratis.grpc.GrpcUtil.unwrapIOException(GrpcUtil.java:159)
	at org.apache.ratis.grpc.client.GrpcClientProtocolClient$AsyncStreamObservers$1.onError(GrpcClientProtocolClient.java:333)
	... 13 more
Caused by: org.apache.ratis.thirdparty.io.grpc.StatusRuntimeException: UNAVAILABLE: io exception
	at org.apache.ratis.thirdparty.io.grpc.Status.asRuntimeException(Status.java:532)
	... 13 more
Caused by: org.apache.ratis.thirdparty.io.netty.channel.AbstractChannel$AnnotatedConnectException: finishConnect(..) failed: Connection refused: /127.0.0.1:15021
Caused by: java.net.ConnectException: finishConnect(..) failed: Connection refused
	at org.apache.ratis.thirdparty.io.netty.channel.unix.Errors.newConnectException0(Errors.java:166)
	at org.apache.ratis.thirdparty.io.netty.channel.unix.Errors.handleConnectErrno(Errors.java:131)
	at org.apache.ratis.thirdparty.io.netty.channel.unix.Socket.finishConnect(Socket.java:359)
	at org.apache.ratis.thirdparty.io.netty.channel.epoll.AbstractEpollChannel$AbstractEpollUnsafe.doFinishConnect(AbstractEpollChannel.java:715)
	at org.apache.ratis.thirdparty.io.netty.channel.epoll.AbstractEpollChannel$AbstractEpollUnsafe.finishConnect(AbstractEpollChannel.java:692)
	at org.apache.ratis.thirdparty.io.netty.channel.epoll.AbstractEpollChannel$AbstractEpollUnsafe.epollOutReady(AbstractEpollChannel.java:567)
	at org.apache.ratis.thirdparty.io.netty.channel.epoll.EpollEventLoop.processReady(EpollEventLoop.java:491)
	at org.apache.ratis.thirdparty.io.netty.channel.epoll.EpollEventLoop.run(EpollEventLoop.java:399)
	at org.apache.ratis.thirdparty.io.netty.util.concurrent.SingleThreadEventExecutor$4.run(SingleThreadEventExecutor.java:998)
	at org.apache.ratis.thirdparty.io.netty.util.internal.ThreadExecutorMap$2.run(ThreadExecutorMap.java:74)
	at org.apache.ratis.thirdparty.io.netty.util.concurrent.FastThreadLocalRunnable.run(FastThreadLocalRunnable.java:30)
	at java.base/java.lang.Thread.run(Thread.java:1583)
2025-10-22 08:24:07,909 [40df8fc4-149d-40c0-897d-2844034d8141@group-C626CE820278-FollowerState] INFO  impl.FollowerState (FollowerState.java:runImpl(161)) - 40df8fc4-149d-40c0-897d-2844034d8141@group-C626CE820278-FollowerState: change to CANDIDATE, lastRpcElapsedTime:1073321822ns, electionTimeout:1073ms
2025-10-22 08:24:07,910 [40df8fc4-149d-40c0-897d-2844034d8141@group-C626CE820278-FollowerState] INFO  impl.RoleInfo (RoleInfo.java:shutdownFollowerState(121)) - 40df8fc4-149d-40c0-897d-2844034d8141: shutdown 40df8fc4-149d-40c0-897d-2844034d8141@group-C626CE820278-FollowerState
2025-10-22 08:24:07,910 [40df8fc4-149d-40c0-897d-2844034d8141@group-C626CE820278-FollowerState] INFO  server.RaftServer$Division (RaftServerImpl.java:setRole(392)) - 40df8fc4-149d-40c0-897d-2844034d8141@group-C626CE820278: changes role from  FOLLOWER to CANDIDATE at term 1 for changeToCandidate
2025-10-22 08:24:07,910 [40df8fc4-149d-40c0-897d-2844034d8141@group-C626CE820278-FollowerState] INFO  impl.RoleInfo (RoleInfo.java:updateAndGet(148)) - 40df8fc4-149d-40c0-897d-2844034d8141: start 40df8fc4-149d-40c0-897d-2844034d8141@group-C626CE820278-LeaderElection44
2025-10-22 08:24:07,910 [40df8fc4-149d-40c0-897d-2844034d8141@group-C626CE820278-LeaderElection44] INFO  impl.LeaderElection (LeaderElection.java:askForVotes(448)) - 40df8fc4-149d-40c0-897d-2844034d8141@group-C626CE820278-LeaderElection44 PRE_VOTE round 0: submit vote requests at term 1 for conf: {index: 0, cur=peers:[4d8a2798-959e-416b-b534-19c13b55a760|127.0.0.1:15023, 1c036820-4dbe-4abe-80fb-5ca88de5e2f0|127.0.0.1:15015, 40df8fc4-149d-40c0-897d-2844034d8141|127.0.0.1:15031]|listeners:[], old=null}
2025-10-22 08:24:07,911 [40df8fc4-149d-40c0-897d-2844034d8141@group-C626CE820278-LeaderElection44] INFO  impl.LeaderElection (LogUtils.java:infoOrTrace(142)) - 40df8fc4-149d-40c0-897d-2844034d8141@group-C626CE820278-LeaderElection44 got exception when requesting votes: java.util.concurrent.ExecutionException: org.apache.ratis.thirdparty.io.grpc.StatusRuntimeException: UNAVAILABLE: io exception
2025-10-22 08:24:07,911 [40df8fc4-149d-40c0-897d-2844034d8141@group-C626CE820278-LeaderElection44] INFO  impl.LeaderElection (LogUtils.java:infoOrTrace(142)) - 40df8fc4-149d-40c0-897d-2844034d8141@group-C626CE820278-LeaderElection44 got exception when requesting votes: java.util.concurrent.ExecutionException: org.apache.ratis.thirdparty.io.grpc.StatusRuntimeException: UNAVAILABLE: io exception
2025-10-22 08:24:07,911 [40df8fc4-149d-40c0-897d-2844034d8141@group-C626CE820278-LeaderElection44] INFO  impl.LeaderElection (LeaderElection.java:logAndReturn(206)) - 40df8fc4-149d-40c0-897d-2844034d8141@group-C626CE820278-LeaderElection44: PRE_VOTE REJECTED received 0 response(s) and 2 exception(s):
2025-10-22 08:24:07,911 [40df8fc4-149d-40c0-897d-2844034d8141@group-C626CE820278-LeaderElection44] INFO  impl.LeaderElection (LogUtils.java:infoOrTrace(142)) -   Exception 0: java.util.concurrent.ExecutionException: org.apache.ratis.thirdparty.io.grpc.StatusRuntimeException: UNAVAILABLE: io exception
2025-10-22 08:24:07,911 [40df8fc4-149d-40c0-897d-2844034d8141@group-C626CE820278-LeaderElection44] INFO  impl.LeaderElection (LogUtils.java:infoOrTrace(142)) -   Exception 1: java.util.concurrent.ExecutionException: org.apache.ratis.thirdparty.io.grpc.StatusRuntimeException: UNAVAILABLE: io exception
2025-10-22 08:24:07,911 [40df8fc4-149d-40c0-897d-2844034d8141@group-C626CE820278-LeaderElection44] INFO  impl.LeaderElection (LeaderElection.java:askForVotes(450)) - 40df8fc4-149d-40c0-897d-2844034d8141@group-C626CE820278-LeaderElection44 PRE_VOTE round 0: result REJECTED
2025-10-22 08:24:07,911 [40df8fc4-149d-40c0-897d-2844034d8141@group-C626CE820278-LeaderElection44] INFO  server.RaftServer$Division (RaftServerImpl.java:setRole(392)) - 40df8fc4-149d-40c0-897d-2844034d8141@group-C626CE820278: changes role from CANDIDATE to FOLLOWER at term 1 for REJECTED
2025-10-22 08:24:07,912 [40df8fc4-149d-40c0-897d-2844034d8141@group-C626CE820278-LeaderElection44] INFO  impl.RoleInfo (RoleInfo.java:shutdownLeaderElection(141)) - 40df8fc4-149d-40c0-897d-2844034d8141: shutdown 40df8fc4-149d-40c0-897d-2844034d8141@group-C626CE820278-LeaderElection44
2025-10-22 08:24:07,912 [40df8fc4-149d-40c0-897d-2844034d8141@group-C626CE820278-LeaderElection44] INFO  impl.RoleInfo (RoleInfo.java:updateAndGet(148)) - 40df8fc4-149d-40c0-897d-2844034d8141: start 40df8fc4-149d-40c0-897d-2844034d8141@group-C626CE820278-FollowerState
2025-10-22 08:24:08,075 [40df8fc4-149d-40c0-897d-2844034d8141@group-5E2F154B5BDB-FollowerState] INFO  impl.FollowerState (FollowerState.java:runImpl(161)) - 40df8fc4-149d-40c0-897d-2844034d8141@group-5E2F154B5BDB-FollowerState: change to CANDIDATE, lastRpcElapsedTime:1058256286ns, electionTimeout:1058ms
2025-10-22 08:24:08,075 [40df8fc4-149d-40c0-897d-2844034d8141@group-5E2F154B5BDB-FollowerState] INFO  impl.RoleInfo (RoleInfo.java:shutdownFollowerState(121)) - 40df8fc4-149d-40c0-897d-2844034d8141: shutdown 40df8fc4-149d-40c0-897d-2844034d8141@group-5E2F154B5BDB-FollowerState
2025-10-22 08:24:08,075 [40df8fc4-149d-40c0-897d-2844034d8141@group-5E2F154B5BDB-FollowerState] INFO  server.RaftServer$Division (RaftServerImpl.java:setRole(392)) - 40df8fc4-149d-40c0-897d-2844034d8141@group-5E2F154B5BDB: changes role from  FOLLOWER to CANDIDATE at term 1 for changeToCandidate
2025-10-22 08:24:08,076 [40df8fc4-149d-40c0-897d-2844034d8141@group-5E2F154B5BDB-FollowerState] INFO  impl.RoleInfo (RoleInfo.java:updateAndGet(148)) - 40df8fc4-149d-40c0-897d-2844034d8141: start 40df8fc4-149d-40c0-897d-2844034d8141@group-5E2F154B5BDB-LeaderElection45
2025-10-22 08:24:08,076 [40df8fc4-149d-40c0-897d-2844034d8141@group-5E2F154B5BDB-LeaderElection45] INFO  impl.LeaderElection (LeaderElection.java:askForVotes(448)) - 40df8fc4-149d-40c0-897d-2844034d8141@group-5E2F154B5BDB-LeaderElection45 PRE_VOTE round 0: submit vote requests at term 1 for conf: {index: 0, cur=peers:[4d8a2798-959e-416b-b534-19c13b55a760|127.0.0.1:15023, 1c036820-4dbe-4abe-80fb-5ca88de5e2f0|127.0.0.1:15015, 40df8fc4-149d-40c0-897d-2844034d8141|127.0.0.1:15031]|listeners:[], old=null}
2025-10-22 08:24:08,077 [40df8fc4-149d-40c0-897d-2844034d8141@group-5E2F154B5BDB-LeaderElection45] INFO  impl.LeaderElection (LogUtils.java:infoOrTrace(142)) - 40df8fc4-149d-40c0-897d-2844034d8141@group-5E2F154B5BDB-LeaderElection45 got exception when requesting votes: java.util.concurrent.ExecutionException: org.apache.ratis.thirdparty.io.grpc.StatusRuntimeException: UNAVAILABLE: io exception
2025-10-22 08:24:08,077 [40df8fc4-149d-40c0-897d-2844034d8141@group-5E2F154B5BDB-LeaderElection45] INFO  impl.LeaderElection (LogUtils.java:infoOrTrace(142)) - 40df8fc4-149d-40c0-897d-2844034d8141@group-5E2F154B5BDB-LeaderElection45 got exception when requesting votes: java.util.concurrent.ExecutionException: org.apache.ratis.thirdparty.io.grpc.StatusRuntimeException: UNAVAILABLE: io exception
2025-10-22 08:24:08,077 [40df8fc4-149d-40c0-897d-2844034d8141@group-5E2F154B5BDB-LeaderElection45] INFO  impl.LeaderElection (LeaderElection.java:logAndReturn(206)) - 40df8fc4-149d-40c0-897d-2844034d8141@group-5E2F154B5BDB-LeaderElection45: PRE_VOTE REJECTED received 0 response(s) and 2 exception(s):
2025-10-22 08:24:08,077 [40df8fc4-149d-40c0-897d-2844034d8141@group-5E2F154B5BDB-LeaderElection45] INFO  impl.LeaderElection (LogUtils.java:infoOrTrace(142)) -   Exception 0: java.util.concurrent.ExecutionException: org.apache.ratis.thirdparty.io.grpc.StatusRuntimeException: UNAVAILABLE: io exception
2025-10-22 08:24:08,077 [40df8fc4-149d-40c0-897d-2844034d8141@group-5E2F154B5BDB-LeaderElection45] INFO  impl.LeaderElection (LogUtils.java:infoOrTrace(142)) -   Exception 1: java.util.concurrent.ExecutionException: org.apache.ratis.thirdparty.io.grpc.StatusRuntimeException: UNAVAILABLE: io exception
2025-10-22 08:24:08,077 [40df8fc4-149d-40c0-897d-2844034d8141@group-5E2F154B5BDB-LeaderElection45] INFO  impl.LeaderElection (LeaderElection.java:askForVotes(450)) - 40df8fc4-149d-40c0-897d-2844034d8141@group-5E2F154B5BDB-LeaderElection45 PRE_VOTE round 0: result REJECTED
2025-10-22 08:24:08,077 [40df8fc4-149d-40c0-897d-2844034d8141@group-5E2F154B5BDB-LeaderElection45] INFO  server.RaftServer$Division (RaftServerImpl.java:setRole(392)) - 40df8fc4-149d-40c0-897d-2844034d8141@group-5E2F154B5BDB: changes role from CANDIDATE to FOLLOWER at term 1 for REJECTED
2025-10-22 08:24:08,077 [40df8fc4-149d-40c0-897d-2844034d8141@group-5E2F154B5BDB-LeaderElection45] INFO  impl.RoleInfo (RoleInfo.java:shutdownLeaderElection(141)) - 40df8fc4-149d-40c0-897d-2844034d8141: shutdown 40df8fc4-149d-40c0-897d-2844034d8141@group-5E2F154B5BDB-LeaderElection45
2025-10-22 08:24:08,077 [40df8fc4-149d-40c0-897d-2844034d8141@group-5E2F154B5BDB-LeaderElection45] INFO  impl.RoleInfo (RoleInfo.java:updateAndGet(148)) - 40df8fc4-149d-40c0-897d-2844034d8141: start 40df8fc4-149d-40c0-897d-2844034d8141@group-5E2F154B5BDB-FollowerState
2025-10-22 08:24:09,044 [40df8fc4-149d-40c0-897d-2844034d8141@group-C626CE820278-FollowerState] INFO  impl.FollowerState (FollowerState.java:runImpl(161)) - 40df8fc4-149d-40c0-897d-2844034d8141@group-C626CE820278-FollowerState: change to CANDIDATE, lastRpcElapsedTime:1132414594ns, electionTimeout:1132ms
2025-10-22 08:24:09,044 [40df8fc4-149d-40c0-897d-2844034d8141@group-C626CE820278-FollowerState] INFO  impl.RoleInfo (RoleInfo.java:shutdownFollowerState(121)) - 40df8fc4-149d-40c0-897d-2844034d8141: shutdown 40df8fc4-149d-40c0-897d-2844034d8141@group-C626CE820278-FollowerState
2025-10-22 08:24:09,044 [40df8fc4-149d-40c0-897d-2844034d8141@group-C626CE820278-FollowerState] INFO  server.RaftServer$Division (RaftServerImpl.java:setRole(392)) - 40df8fc4-149d-40c0-897d-2844034d8141@group-C626CE820278: changes role from  FOLLOWER to CANDIDATE at term 1 for changeToCandidate
2025-10-22 08:24:09,044 [40df8fc4-149d-40c0-897d-2844034d8141@group-C626CE820278-FollowerState] INFO  impl.RoleInfo (RoleInfo.java:updateAndGet(148)) - 40df8fc4-149d-40c0-897d-2844034d8141: start 40df8fc4-149d-40c0-897d-2844034d8141@group-C626CE820278-LeaderElection46
2025-10-22 08:24:09,045 [40df8fc4-149d-40c0-897d-2844034d8141@group-C626CE820278-LeaderElection46] INFO  impl.LeaderElection (LeaderElection.java:askForVotes(448)) - 40df8fc4-149d-40c0-897d-2844034d8141@group-C626CE820278-LeaderElection46 PRE_VOTE round 0: submit vote requests at term 1 for conf: {index: 0, cur=peers:[4d8a2798-959e-416b-b534-19c13b55a760|127.0.0.1:15023, 1c036820-4dbe-4abe-80fb-5ca88de5e2f0|127.0.0.1:15015, 40df8fc4-149d-40c0-897d-2844034d8141|127.0.0.1:15031]|listeners:[], old=null}
2025-10-22 08:24:09,045 [40df8fc4-149d-40c0-897d-2844034d8141@group-C626CE820278-LeaderElection46] INFO  impl.LeaderElection (LogUtils.java:infoOrTrace(142)) - 40df8fc4-149d-40c0-897d-2844034d8141@group-C626CE820278-LeaderElection46 got exception when requesting votes: java.util.concurrent.ExecutionException: org.apache.ratis.thirdparty.io.grpc.StatusRuntimeException: UNAVAILABLE: io exception
2025-10-22 08:24:09,046 [40df8fc4-149d-40c0-897d-2844034d8141@group-C626CE820278-LeaderElection46] INFO  impl.LeaderElection (LogUtils.java:infoOrTrace(142)) - 40df8fc4-149d-40c0-897d-2844034d8141@group-C626CE820278-LeaderElection46 got exception when requesting votes: java.util.concurrent.ExecutionException: org.apache.ratis.thirdparty.io.grpc.StatusRuntimeException: UNAVAILABLE: io exception
2025-10-22 08:24:09,046 [40df8fc4-149d-40c0-897d-2844034d8141@group-C626CE820278-LeaderElection46] INFO  impl.LeaderElection (LeaderElection.java:logAndReturn(206)) - 40df8fc4-149d-40c0-897d-2844034d8141@group-C626CE820278-LeaderElection46: PRE_VOTE REJECTED received 0 response(s) and 2 exception(s):
2025-10-22 08:24:09,046 [40df8fc4-149d-40c0-897d-2844034d8141@group-C626CE820278-LeaderElection46] INFO  impl.LeaderElection (LogUtils.java:infoOrTrace(142)) -   Exception 0: java.util.concurrent.ExecutionException: org.apache.ratis.thirdparty.io.grpc.StatusRuntimeException: UNAVAILABLE: io exception
2025-10-22 08:24:09,046 [40df8fc4-149d-40c0-897d-2844034d8141@group-C626CE820278-LeaderElection46] INFO  impl.LeaderElection (LogUtils.java:infoOrTrace(142)) -   Exception 1: java.util.concurrent.ExecutionException: org.apache.ratis.thirdparty.io.grpc.StatusRuntimeException: UNAVAILABLE: io exception
2025-10-22 08:24:09,046 [40df8fc4-149d-40c0-897d-2844034d8141@group-C626CE820278-LeaderElection46] INFO  impl.LeaderElection (LeaderElection.java:askForVotes(450)) - 40df8fc4-149d-40c0-897d-2844034d8141@group-C626CE820278-LeaderElection46 PRE_VOTE round 0: result REJECTED
2025-10-22 08:24:09,046 [40df8fc4-149d-40c0-897d-2844034d8141@group-C626CE820278-LeaderElection46] INFO  server.RaftServer$Division (RaftServerImpl.java:setRole(392)) - 40df8fc4-149d-40c0-897d-2844034d8141@group-C626CE820278: changes role from CANDIDATE to FOLLOWER at term 1 for REJECTED
2025-10-22 08:24:09,046 [40df8fc4-149d-40c0-897d-2844034d8141@group-C626CE820278-LeaderElection46] INFO  impl.RoleInfo (RoleInfo.java:shutdownLeaderElection(141)) - 40df8fc4-149d-40c0-897d-2844034d8141: shutdown 40df8fc4-149d-40c0-897d-2844034d8141@group-C626CE820278-LeaderElection46
2025-10-22 08:24:09,046 [40df8fc4-149d-40c0-897d-2844034d8141@group-C626CE820278-LeaderElection46] INFO  impl.RoleInfo (RoleInfo.java:updateAndGet(148)) - 40df8fc4-149d-40c0-897d-2844034d8141: start 40df8fc4-149d-40c0-897d-2844034d8141@group-C626CE820278-FollowerState
2025-10-22 08:24:09,215 [40df8fc4-149d-40c0-897d-2844034d8141@group-5E2F154B5BDB-FollowerState] INFO  impl.FollowerState (FollowerState.java:runImpl(161)) - 40df8fc4-149d-40c0-897d-2844034d8141@group-5E2F154B5BDB-FollowerState: change to CANDIDATE, lastRpcElapsedTime:1137313910ns, electionTimeout:1137ms
2025-10-22 08:24:09,215 [40df8fc4-149d-40c0-897d-2844034d8141@group-5E2F154B5BDB-FollowerState] INFO  impl.RoleInfo (RoleInfo.java:shutdownFollowerState(121)) - 40df8fc4-149d-40c0-897d-2844034d8141: shutdown 40df8fc4-149d-40c0-897d-2844034d8141@group-5E2F154B5BDB-FollowerState
2025-10-22 08:24:09,215 [40df8fc4-149d-40c0-897d-2844034d8141@group-5E2F154B5BDB-FollowerState] INFO  server.RaftServer$Division (RaftServerImpl.java:setRole(392)) - 40df8fc4-149d-40c0-897d-2844034d8141@group-5E2F154B5BDB: changes role from  FOLLOWER to CANDIDATE at term 1 for changeToCandidate
2025-10-22 08:24:09,215 [40df8fc4-149d-40c0-897d-2844034d8141@group-5E2F154B5BDB-FollowerState] INFO  impl.RoleInfo (RoleInfo.java:updateAndGet(148)) - 40df8fc4-149d-40c0-897d-2844034d8141: start 40df8fc4-149d-40c0-897d-2844034d8141@group-5E2F154B5BDB-LeaderElection47
2025-10-22 08:24:09,216 [40df8fc4-149d-40c0-897d-2844034d8141@group-5E2F154B5BDB-LeaderElection47] INFO  impl.LeaderElection (LeaderElection.java:askForVotes(448)) - 40df8fc4-149d-40c0-897d-2844034d8141@group-5E2F154B5BDB-LeaderElection47 PRE_VOTE round 0: submit vote requests at term 1 for conf: {index: 0, cur=peers:[4d8a2798-959e-416b-b534-19c13b55a760|127.0.0.1:15023, 1c036820-4dbe-4abe-80fb-5ca88de5e2f0|127.0.0.1:15015, 40df8fc4-149d-40c0-897d-2844034d8141|127.0.0.1:15031]|listeners:[], old=null}
2025-10-22 08:24:09,216 [40df8fc4-149d-40c0-897d-2844034d8141@group-5E2F154B5BDB-LeaderElection47] INFO  impl.LeaderElection (LogUtils.java:infoOrTrace(142)) - 40df8fc4-149d-40c0-897d-2844034d8141@group-5E2F154B5BDB-LeaderElection47 got exception when requesting votes: java.util.concurrent.ExecutionException: org.apache.ratis.thirdparty.io.grpc.StatusRuntimeException: UNAVAILABLE: io exception
2025-10-22 08:24:09,216 [40df8fc4-149d-40c0-897d-2844034d8141@group-5E2F154B5BDB-LeaderElection47] INFO  impl.LeaderElection (LogUtils.java:infoOrTrace(142)) - 40df8fc4-149d-40c0-897d-2844034d8141@group-5E2F154B5BDB-LeaderElection47 got exception when requesting votes: java.util.concurrent.ExecutionException: org.apache.ratis.thirdparty.io.grpc.StatusRuntimeException: UNAVAILABLE: io exception
2025-10-22 08:24:09,217 [40df8fc4-149d-40c0-897d-2844034d8141@group-5E2F154B5BDB-LeaderElection47] INFO  impl.LeaderElection (LeaderElection.java:logAndReturn(206)) - 40df8fc4-149d-40c0-897d-2844034d8141@group-5E2F154B5BDB-LeaderElection47: PRE_VOTE REJECTED received 0 response(s) and 2 exception(s):
2025-10-22 08:24:09,217 [40df8fc4-149d-40c0-897d-2844034d8141@group-5E2F154B5BDB-LeaderElection47] INFO  impl.LeaderElection (LogUtils.java:infoOrTrace(142)) -   Exception 0: java.util.concurrent.ExecutionException: org.apache.ratis.thirdparty.io.grpc.StatusRuntimeException: UNAVAILABLE: io exception
2025-10-22 08:24:09,217 [40df8fc4-149d-40c0-897d-2844034d8141@group-5E2F154B5BDB-LeaderElection47] INFO  impl.LeaderElection (LogUtils.java:infoOrTrace(142)) -   Exception 1: java.util.concurrent.ExecutionException: org.apache.ratis.thirdparty.io.grpc.StatusRuntimeException: UNAVAILABLE: io exception
2025-10-22 08:24:09,217 [40df8fc4-149d-40c0-897d-2844034d8141@group-5E2F154B5BDB-LeaderElection47] INFO  impl.LeaderElection (LeaderElection.java:askForVotes(450)) - 40df8fc4-149d-40c0-897d-2844034d8141@group-5E2F154B5BDB-LeaderElection47 PRE_VOTE round 0: result REJECTED
2025-10-22 08:24:09,217 [40df8fc4-149d-40c0-897d-2844034d8141@group-5E2F154B5BDB-LeaderElection47] INFO  server.RaftServer$Division (RaftServerImpl.java:setRole(392)) - 40df8fc4-149d-40c0-897d-2844034d8141@group-5E2F154B5BDB: changes role from CANDIDATE to FOLLOWER at term 1 for REJECTED
2025-10-22 08:24:09,217 [40df8fc4-149d-40c0-897d-2844034d8141@group-5E2F154B5BDB-LeaderElection47] INFO  impl.RoleInfo (RoleInfo.java:shutdownLeaderElection(141)) - 40df8fc4-149d-40c0-897d-2844034d8141: shutdown 40df8fc4-149d-40c0-897d-2844034d8141@group-5E2F154B5BDB-LeaderElection47
2025-10-22 08:24:09,217 [40df8fc4-149d-40c0-897d-2844034d8141@group-5E2F154B5BDB-LeaderElection47] INFO  impl.RoleInfo (RoleInfo.java:updateAndGet(148)) - 40df8fc4-149d-40c0-897d-2844034d8141: start 40df8fc4-149d-40c0-897d-2844034d8141@group-5E2F154B5BDB-FollowerState
2025-10-22 08:24:10,072 [40df8fc4-149d-40c0-897d-2844034d8141@group-C626CE820278-FollowerState] INFO  impl.FollowerState (FollowerState.java:runImpl(161)) - 40df8fc4-149d-40c0-897d-2844034d8141@group-C626CE820278-FollowerState: change to CANDIDATE, lastRpcElapsedTime:1026547514ns, electionTimeout:1026ms
2025-10-22 08:24:10,073 [40df8fc4-149d-40c0-897d-2844034d8141@group-C626CE820278-FollowerState] INFO  impl.RoleInfo (RoleInfo.java:shutdownFollowerState(121)) - 40df8fc4-149d-40c0-897d-2844034d8141: shutdown 40df8fc4-149d-40c0-897d-2844034d8141@group-C626CE820278-FollowerState
2025-10-22 08:24:10,073 [40df8fc4-149d-40c0-897d-2844034d8141@group-C626CE820278-FollowerState] INFO  server.RaftServer$Division (RaftServerImpl.java:setRole(392)) - 40df8fc4-149d-40c0-897d-2844034d8141@group-C626CE820278: changes role from  FOLLOWER to CANDIDATE at term 1 for changeToCandidate
2025-10-22 08:24:10,073 [40df8fc4-149d-40c0-897d-2844034d8141@group-C626CE820278-FollowerState] INFO  impl.RoleInfo (RoleInfo.java:updateAndGet(148)) - 40df8fc4-149d-40c0-897d-2844034d8141: start 40df8fc4-149d-40c0-897d-2844034d8141@group-C626CE820278-LeaderElection48
2025-10-22 08:24:10,073 [40df8fc4-149d-40c0-897d-2844034d8141@group-C626CE820278-LeaderElection48] INFO  impl.LeaderElection (LeaderElection.java:askForVotes(448)) - 40df8fc4-149d-40c0-897d-2844034d8141@group-C626CE820278-LeaderElection48 PRE_VOTE round 0: submit vote requests at term 1 for conf: {index: 0, cur=peers:[4d8a2798-959e-416b-b534-19c13b55a760|127.0.0.1:15023, 1c036820-4dbe-4abe-80fb-5ca88de5e2f0|127.0.0.1:15015, 40df8fc4-149d-40c0-897d-2844034d8141|127.0.0.1:15031]|listeners:[], old=null}
2025-10-22 08:24:10,074 [40df8fc4-149d-40c0-897d-2844034d8141@group-C626CE820278-LeaderElection48] INFO  impl.LeaderElection (LogUtils.java:infoOrTrace(142)) - 40df8fc4-149d-40c0-897d-2844034d8141@group-C626CE820278-LeaderElection48 got exception when requesting votes: java.util.concurrent.ExecutionException: org.apache.ratis.thirdparty.io.grpc.StatusRuntimeException: UNAVAILABLE: io exception
2025-10-22 08:24:10,074 [40df8fc4-149d-40c0-897d-2844034d8141@group-C626CE820278-LeaderElection48] INFO  impl.LeaderElection (LogUtils.java:infoOrTrace(142)) - 40df8fc4-149d-40c0-897d-2844034d8141@group-C626CE820278-LeaderElection48 got exception when requesting votes: java.util.concurrent.ExecutionException: org.apache.ratis.thirdparty.io.grpc.StatusRuntimeException: UNAVAILABLE: io exception
2025-10-22 08:24:10,074 [40df8fc4-149d-40c0-897d-2844034d8141@group-C626CE820278-LeaderElection48] INFO  impl.LeaderElection (LeaderElection.java:logAndReturn(206)) - 40df8fc4-149d-40c0-897d-2844034d8141@group-C626CE820278-LeaderElection48: PRE_VOTE REJECTED received 0 response(s) and 2 exception(s):
2025-10-22 08:24:10,074 [40df8fc4-149d-40c0-897d-2844034d8141@group-C626CE820278-LeaderElection48] INFO  impl.LeaderElection (LogUtils.java:infoOrTrace(142)) -   Exception 0: java.util.concurrent.ExecutionException: org.apache.ratis.thirdparty.io.grpc.StatusRuntimeException: UNAVAILABLE: io exception
2025-10-22 08:24:10,074 [40df8fc4-149d-40c0-897d-2844034d8141@group-C626CE820278-LeaderElection48] INFO  impl.LeaderElection (LogUtils.java:infoOrTrace(142)) -   Exception 1: java.util.concurrent.ExecutionException: org.apache.ratis.thirdparty.io.grpc.StatusRuntimeException: UNAVAILABLE: io exception
2025-10-22 08:24:10,074 [40df8fc4-149d-40c0-897d-2844034d8141@group-C626CE820278-LeaderElection48] INFO  impl.LeaderElection (LeaderElection.java:askForVotes(450)) - 40df8fc4-149d-40c0-897d-2844034d8141@group-C626CE820278-LeaderElection48 PRE_VOTE round 0: result REJECTED
2025-10-22 08:24:10,074 [40df8fc4-149d-40c0-897d-2844034d8141@group-C626CE820278-LeaderElection48] INFO  server.RaftServer$Division (RaftServerImpl.java:setRole(392)) - 40df8fc4-149d-40c0-897d-2844034d8141@group-C626CE820278: changes role from CANDIDATE to FOLLOWER at term 1 for REJECTED
2025-10-22 08:24:10,074 [40df8fc4-149d-40c0-897d-2844034d8141@group-C626CE820278-LeaderElection48] INFO  impl.RoleInfo (RoleInfo.java:shutdownLeaderElection(141)) - 40df8fc4-149d-40c0-897d-2844034d8141: shutdown 40df8fc4-149d-40c0-897d-2844034d8141@group-C626CE820278-LeaderElection48
2025-10-22 08:24:10,074 [40df8fc4-149d-40c0-897d-2844034d8141@group-C626CE820278-LeaderElection48] INFO  impl.RoleInfo (RoleInfo.java:updateAndGet(148)) - 40df8fc4-149d-40c0-897d-2844034d8141: start 40df8fc4-149d-40c0-897d-2844034d8141@group-C626CE820278-FollowerState
2025-10-22 08:24:10,348 [40df8fc4-149d-40c0-897d-2844034d8141@group-5E2F154B5BDB-FollowerState] INFO  impl.FollowerState (FollowerState.java:runImpl(161)) - 40df8fc4-149d-40c0-897d-2844034d8141@group-5E2F154B5BDB-FollowerState: change to CANDIDATE, lastRpcElapsedTime:1131405724ns, electionTimeout:1131ms
2025-10-22 08:24:10,348 [40df8fc4-149d-40c0-897d-2844034d8141@group-5E2F154B5BDB-FollowerState] INFO  impl.RoleInfo (RoleInfo.java:shutdownFollowerState(121)) - 40df8fc4-149d-40c0-897d-2844034d8141: shutdown 40df8fc4-149d-40c0-897d-2844034d8141@group-5E2F154B5BDB-FollowerState
2025-10-22 08:24:10,349 [40df8fc4-149d-40c0-897d-2844034d8141@group-5E2F154B5BDB-FollowerState] INFO  server.RaftServer$Division (RaftServerImpl.java:setRole(392)) - 40df8fc4-149d-40c0-897d-2844034d8141@group-5E2F154B5BDB: changes role from  FOLLOWER to CANDIDATE at term 1 for changeToCandidate
2025-10-22 08:24:10,349 [40df8fc4-149d-40c0-897d-2844034d8141@group-5E2F154B5BDB-FollowerState] INFO  impl.RoleInfo (RoleInfo.java:updateAndGet(148)) - 40df8fc4-149d-40c0-897d-2844034d8141: start 40df8fc4-149d-40c0-897d-2844034d8141@group-5E2F154B5BDB-LeaderElection49
2025-10-22 08:24:10,349 [40df8fc4-149d-40c0-897d-2844034d8141@group-5E2F154B5BDB-LeaderElection49] INFO  impl.LeaderElection (LeaderElection.java:askForVotes(448)) - 40df8fc4-149d-40c0-897d-2844034d8141@group-5E2F154B5BDB-LeaderElection49 PRE_VOTE round 0: submit vote requests at term 1 for conf: {index: 0, cur=peers:[4d8a2798-959e-416b-b534-19c13b55a760|127.0.0.1:15023, 1c036820-4dbe-4abe-80fb-5ca88de5e2f0|127.0.0.1:15015, 40df8fc4-149d-40c0-897d-2844034d8141|127.0.0.1:15031]|listeners:[], old=null}
2025-10-22 08:24:10,350 [40df8fc4-149d-40c0-897d-2844034d8141@group-5E2F154B5BDB-LeaderElection49] INFO  impl.LeaderElection (LogUtils.java:infoOrTrace(142)) - 40df8fc4-149d-40c0-897d-2844034d8141@group-5E2F154B5BDB-LeaderElection49 got exception when requesting votes: java.util.concurrent.ExecutionException: org.apache.ratis.thirdparty.io.grpc.StatusRuntimeException: UNAVAILABLE: io exception
2025-10-22 08:24:10,350 [40df8fc4-149d-40c0-897d-2844034d8141@group-5E2F154B5BDB-LeaderElection49] INFO  impl.LeaderElection (LogUtils.java:infoOrTrace(142)) - 40df8fc4-149d-40c0-897d-2844034d8141@group-5E2F154B5BDB-LeaderElection49 got exception when requesting votes: java.util.concurrent.ExecutionException: org.apache.ratis.thirdparty.io.grpc.StatusRuntimeException: UNAVAILABLE: io exception
2025-10-22 08:24:10,350 [40df8fc4-149d-40c0-897d-2844034d8141@group-5E2F154B5BDB-LeaderElection49] INFO  impl.LeaderElection (LeaderElection.java:logAndReturn(206)) - 40df8fc4-149d-40c0-897d-2844034d8141@group-5E2F154B5BDB-LeaderElection49: PRE_VOTE REJECTED received 0 response(s) and 2 exception(s):
2025-10-22 08:24:10,350 [40df8fc4-149d-40c0-897d-2844034d8141@group-5E2F154B5BDB-LeaderElection49] INFO  impl.LeaderElection (LogUtils.java:infoOrTrace(142)) -   Exception 0: java.util.concurrent.ExecutionException: org.apache.ratis.thirdparty.io.grpc.StatusRuntimeException: UNAVAILABLE: io exception
2025-10-22 08:24:10,350 [40df8fc4-149d-40c0-897d-2844034d8141@group-5E2F154B5BDB-LeaderElection49] INFO  impl.LeaderElection (LogUtils.java:infoOrTrace(142)) -   Exception 1: java.util.concurrent.ExecutionException: org.apache.ratis.thirdparty.io.grpc.StatusRuntimeException: UNAVAILABLE: io exception
2025-10-22 08:24:10,350 [40df8fc4-149d-40c0-897d-2844034d8141@group-5E2F154B5BDB-LeaderElection49] INFO  impl.LeaderElection (LeaderElection.java:askForVotes(450)) - 40df8fc4-149d-40c0-897d-2844034d8141@group-5E2F154B5BDB-LeaderElection49 PRE_VOTE round 0: result REJECTED
2025-10-22 08:24:10,350 [40df8fc4-149d-40c0-897d-2844034d8141@group-5E2F154B5BDB-LeaderElection49] INFO  server.RaftServer$Division (RaftServerImpl.java:setRole(392)) - 40df8fc4-149d-40c0-897d-2844034d8141@group-5E2F154B5BDB: changes role from CANDIDATE to FOLLOWER at term 1 for REJECTED
2025-10-22 08:24:10,350 [40df8fc4-149d-40c0-897d-2844034d8141@group-5E2F154B5BDB-LeaderElection49] INFO  impl.RoleInfo (RoleInfo.java:shutdownLeaderElection(141)) - 40df8fc4-149d-40c0-897d-2844034d8141: shutdown 40df8fc4-149d-40c0-897d-2844034d8141@group-5E2F154B5BDB-LeaderElection49
2025-10-22 08:24:10,350 [40df8fc4-149d-40c0-897d-2844034d8141@group-5E2F154B5BDB-LeaderElection49] INFO  impl.RoleInfo (RoleInfo.java:updateAndGet(148)) - 40df8fc4-149d-40c0-897d-2844034d8141: start 40df8fc4-149d-40c0-897d-2844034d8141@group-5E2F154B5BDB-FollowerState
2025-10-22 08:24:11,129 [40df8fc4-149d-40c0-897d-2844034d8141@group-C626CE820278-FollowerState] INFO  impl.FollowerState (FollowerState.java:runImpl(161)) - 40df8fc4-149d-40c0-897d-2844034d8141@group-C626CE820278-FollowerState: change to CANDIDATE, lastRpcElapsedTime:1054312302ns, electionTimeout:1054ms
2025-10-22 08:24:11,129 [40df8fc4-149d-40c0-897d-2844034d8141@group-C626CE820278-FollowerState] INFO  impl.RoleInfo (RoleInfo.java:shutdownFollowerState(121)) - 40df8fc4-149d-40c0-897d-2844034d8141: shutdown 40df8fc4-149d-40c0-897d-2844034d8141@group-C626CE820278-FollowerState
2025-10-22 08:24:11,129 [40df8fc4-149d-40c0-897d-2844034d8141@group-C626CE820278-FollowerState] INFO  server.RaftServer$Division (RaftServerImpl.java:setRole(392)) - 40df8fc4-149d-40c0-897d-2844034d8141@group-C626CE820278: changes role from  FOLLOWER to CANDIDATE at term 1 for changeToCandidate
2025-10-22 08:24:11,129 [40df8fc4-149d-40c0-897d-2844034d8141@group-C626CE820278-FollowerState] INFO  impl.RoleInfo (RoleInfo.java:updateAndGet(148)) - 40df8fc4-149d-40c0-897d-2844034d8141: start 40df8fc4-149d-40c0-897d-2844034d8141@group-C626CE820278-LeaderElection50
2025-10-22 08:24:11,129 [40df8fc4-149d-40c0-897d-2844034d8141@group-C626CE820278-LeaderElection50] INFO  impl.LeaderElection (LeaderElection.java:askForVotes(448)) - 40df8fc4-149d-40c0-897d-2844034d8141@group-C626CE820278-LeaderElection50 PRE_VOTE round 0: submit vote requests at term 1 for conf: {index: 0, cur=peers:[4d8a2798-959e-416b-b534-19c13b55a760|127.0.0.1:15023, 1c036820-4dbe-4abe-80fb-5ca88de5e2f0|127.0.0.1:15015, 40df8fc4-149d-40c0-897d-2844034d8141|127.0.0.1:15031]|listeners:[], old=null}
2025-10-22 08:24:11,130 [40df8fc4-149d-40c0-897d-2844034d8141@group-C626CE820278-LeaderElection50] INFO  impl.LeaderElection (LogUtils.java:infoOrTrace(142)) - 40df8fc4-149d-40c0-897d-2844034d8141@group-C626CE820278-LeaderElection50 got exception when requesting votes: java.util.concurrent.ExecutionException: org.apache.ratis.thirdparty.io.grpc.StatusRuntimeException: UNAVAILABLE: io exception
2025-10-22 08:24:11,130 [40df8fc4-149d-40c0-897d-2844034d8141@group-C626CE820278-LeaderElection50] INFO  impl.LeaderElection (LogUtils.java:infoOrTrace(142)) - 40df8fc4-149d-40c0-897d-2844034d8141@group-C626CE820278-LeaderElection50 got exception when requesting votes: java.util.concurrent.ExecutionException: org.apache.ratis.thirdparty.io.grpc.StatusRuntimeException: UNAVAILABLE: io exception
2025-10-22 08:24:11,130 [40df8fc4-149d-40c0-897d-2844034d8141@group-C626CE820278-LeaderElection50] INFO  impl.LeaderElection (LeaderElection.java:logAndReturn(206)) - 40df8fc4-149d-40c0-897d-2844034d8141@group-C626CE820278-LeaderElection50: PRE_VOTE REJECTED received 0 response(s) and 2 exception(s):
2025-10-22 08:24:11,130 [40df8fc4-149d-40c0-897d-2844034d8141@group-C626CE820278-LeaderElection50] INFO  impl.LeaderElection (LogUtils.java:infoOrTrace(142)) -   Exception 0: java.util.concurrent.ExecutionException: org.apache.ratis.thirdparty.io.grpc.StatusRuntimeException: UNAVAILABLE: io exception
2025-10-22 08:24:11,130 [40df8fc4-149d-40c0-897d-2844034d8141@group-C626CE820278-LeaderElection50] INFO  impl.LeaderElection (LogUtils.java:infoOrTrace(142)) -   Exception 1: java.util.concurrent.ExecutionException: org.apache.ratis.thirdparty.io.grpc.StatusRuntimeException: UNAVAILABLE: io exception
2025-10-22 08:24:11,130 [40df8fc4-149d-40c0-897d-2844034d8141@group-C626CE820278-LeaderElection50] INFO  impl.LeaderElection (LeaderElection.java:askForVotes(450)) - 40df8fc4-149d-40c0-897d-2844034d8141@group-C626CE820278-LeaderElection50 PRE_VOTE round 0: result REJECTED
2025-10-22 08:24:11,130 [40df8fc4-149d-40c0-897d-2844034d8141@group-C626CE820278-LeaderElection50] INFO  server.RaftServer$Division (RaftServerImpl.java:setRole(392)) - 40df8fc4-149d-40c0-897d-2844034d8141@group-C626CE820278: changes role from CANDIDATE to FOLLOWER at term 1 for REJECTED
2025-10-22 08:24:11,131 [40df8fc4-149d-40c0-897d-2844034d8141@group-C626CE820278-LeaderElection50] INFO  impl.RoleInfo (RoleInfo.java:shutdownLeaderElection(141)) - 40df8fc4-149d-40c0-897d-2844034d8141: shutdown 40df8fc4-149d-40c0-897d-2844034d8141@group-C626CE820278-LeaderElection50
2025-10-22 08:24:11,131 [40df8fc4-149d-40c0-897d-2844034d8141@group-C626CE820278-LeaderElection50] INFO  impl.RoleInfo (RoleInfo.java:updateAndGet(148)) - 40df8fc4-149d-40c0-897d-2844034d8141: start 40df8fc4-149d-40c0-897d-2844034d8141@group-C626CE820278-FollowerState
2025-10-22 08:24:11,362 [40df8fc4-149d-40c0-897d-2844034d8141@group-5E2F154B5BDB-FollowerState] INFO  impl.FollowerState (FollowerState.java:runImpl(161)) - 40df8fc4-149d-40c0-897d-2844034d8141@group-5E2F154B5BDB-FollowerState: change to CANDIDATE, lastRpcElapsedTime:1011360637ns, electionTimeout:1011ms
2025-10-22 08:24:11,362 [40df8fc4-149d-40c0-897d-2844034d8141@group-5E2F154B5BDB-FollowerState] INFO  impl.RoleInfo (RoleInfo.java:shutdownFollowerState(121)) - 40df8fc4-149d-40c0-897d-2844034d8141: shutdown 40df8fc4-149d-40c0-897d-2844034d8141@group-5E2F154B5BDB-FollowerState
2025-10-22 08:24:11,362 [40df8fc4-149d-40c0-897d-2844034d8141@group-5E2F154B5BDB-FollowerState] INFO  server.RaftServer$Division (RaftServerImpl.java:setRole(392)) - 40df8fc4-149d-40c0-897d-2844034d8141@group-5E2F154B5BDB: changes role from  FOLLOWER to CANDIDATE at term 1 for changeToCandidate
2025-10-22 08:24:11,362 [40df8fc4-149d-40c0-897d-2844034d8141@group-5E2F154B5BDB-FollowerState] INFO  impl.RoleInfo (RoleInfo.java:updateAndGet(148)) - 40df8fc4-149d-40c0-897d-2844034d8141: start 40df8fc4-149d-40c0-897d-2844034d8141@group-5E2F154B5BDB-LeaderElection51
2025-10-22 08:24:11,362 [40df8fc4-149d-40c0-897d-2844034d8141@group-5E2F154B5BDB-LeaderElection51] INFO  impl.LeaderElection (LeaderElection.java:askForVotes(448)) - 40df8fc4-149d-40c0-897d-2844034d8141@group-5E2F154B5BDB-LeaderElection51 PRE_VOTE round 0: submit vote requests at term 1 for conf: {index: 0, cur=peers:[4d8a2798-959e-416b-b534-19c13b55a760|127.0.0.1:15023, 1c036820-4dbe-4abe-80fb-5ca88de5e2f0|127.0.0.1:15015, 40df8fc4-149d-40c0-897d-2844034d8141|127.0.0.1:15031]|listeners:[], old=null}
2025-10-22 08:24:11,363 [40df8fc4-149d-40c0-897d-2844034d8141@group-5E2F154B5BDB-LeaderElection51] INFO  impl.LeaderElection (LogUtils.java:infoOrTrace(142)) - 40df8fc4-149d-40c0-897d-2844034d8141@group-5E2F154B5BDB-LeaderElection51 got exception when requesting votes: java.util.concurrent.ExecutionException: org.apache.ratis.thirdparty.io.grpc.StatusRuntimeException: UNAVAILABLE: io exception
2025-10-22 08:24:11,363 [40df8fc4-149d-40c0-897d-2844034d8141@group-5E2F154B5BDB-LeaderElection51] INFO  impl.LeaderElection (LogUtils.java:infoOrTrace(142)) - 40df8fc4-149d-40c0-897d-2844034d8141@group-5E2F154B5BDB-LeaderElection51 got exception when requesting votes: java.util.concurrent.ExecutionException: org.apache.ratis.thirdparty.io.grpc.StatusRuntimeException: UNAVAILABLE: io exception
2025-10-22 08:24:11,363 [40df8fc4-149d-40c0-897d-2844034d8141@group-5E2F154B5BDB-LeaderElection51] INFO  impl.LeaderElection (LeaderElection.java:logAndReturn(206)) - 40df8fc4-149d-40c0-897d-2844034d8141@group-5E2F154B5BDB-LeaderElection51: PRE_VOTE REJECTED received 0 response(s) and 2 exception(s):
2025-10-22 08:24:11,363 [40df8fc4-149d-40c0-897d-2844034d8141@group-5E2F154B5BDB-LeaderElection51] INFO  impl.LeaderElection (LogUtils.java:infoOrTrace(142)) -   Exception 0: java.util.concurrent.ExecutionException: org.apache.ratis.thirdparty.io.grpc.StatusRuntimeException: UNAVAILABLE: io exception
2025-10-22 08:24:11,363 [40df8fc4-149d-40c0-897d-2844034d8141@group-5E2F154B5BDB-LeaderElection51] INFO  impl.LeaderElection (LogUtils.java:infoOrTrace(142)) -   Exception 1: java.util.concurrent.ExecutionException: org.apache.ratis.thirdparty.io.grpc.StatusRuntimeException: UNAVAILABLE: io exception
2025-10-22 08:24:11,363 [40df8fc4-149d-40c0-897d-2844034d8141@group-5E2F154B5BDB-LeaderElection51] INFO  impl.LeaderElection (LeaderElection.java:askForVotes(450)) - 40df8fc4-149d-40c0-897d-2844034d8141@group-5E2F154B5BDB-LeaderElection51 PRE_VOTE round 0: result REJECTED
2025-10-22 08:24:11,363 [40df8fc4-149d-40c0-897d-2844034d8141@group-5E2F154B5BDB-LeaderElection51] INFO  server.RaftServer$Division (RaftServerImpl.java:setRole(392)) - 40df8fc4-149d-40c0-897d-2844034d8141@group-5E2F154B5BDB: changes role from CANDIDATE to FOLLOWER at term 1 for REJECTED
2025-10-22 08:24:11,364 [40df8fc4-149d-40c0-897d-2844034d8141@group-5E2F154B5BDB-LeaderElection51] INFO  impl.RoleInfo (RoleInfo.java:shutdownLeaderElection(141)) - 40df8fc4-149d-40c0-897d-2844034d8141: shutdown 40df8fc4-149d-40c0-897d-2844034d8141@group-5E2F154B5BDB-LeaderElection51
2025-10-22 08:24:11,364 [40df8fc4-149d-40c0-897d-2844034d8141@group-5E2F154B5BDB-LeaderElection51] INFO  impl.RoleInfo (RoleInfo.java:updateAndGet(148)) - 40df8fc4-149d-40c0-897d-2844034d8141: start 40df8fc4-149d-40c0-897d-2844034d8141@group-5E2F154B5BDB-FollowerState
2025-10-22 08:24:12,192 [40df8fc4-149d-40c0-897d-2844034d8141@group-C626CE820278-FollowerState] INFO  impl.FollowerState (FollowerState.java:runImpl(161)) - 40df8fc4-149d-40c0-897d-2844034d8141@group-C626CE820278-FollowerState: change to CANDIDATE, lastRpcElapsedTime:1061307681ns, electionTimeout:1061ms
2025-10-22 08:24:12,192 [40df8fc4-149d-40c0-897d-2844034d8141@group-C626CE820278-FollowerState] INFO  impl.RoleInfo (RoleInfo.java:shutdownFollowerState(121)) - 40df8fc4-149d-40c0-897d-2844034d8141: shutdown 40df8fc4-149d-40c0-897d-2844034d8141@group-C626CE820278-FollowerState
2025-10-22 08:24:12,192 [40df8fc4-149d-40c0-897d-2844034d8141@group-C626CE820278-FollowerState] INFO  server.RaftServer$Division (RaftServerImpl.java:setRole(392)) - 40df8fc4-149d-40c0-897d-2844034d8141@group-C626CE820278: changes role from  FOLLOWER to CANDIDATE at term 1 for changeToCandidate
2025-10-22 08:24:12,192 [40df8fc4-149d-40c0-897d-2844034d8141@group-C626CE820278-FollowerState] INFO  impl.RoleInfo (RoleInfo.java:updateAndGet(148)) - 40df8fc4-149d-40c0-897d-2844034d8141: start 40df8fc4-149d-40c0-897d-2844034d8141@group-C626CE820278-LeaderElection52
2025-10-22 08:24:12,193 [40df8fc4-149d-40c0-897d-2844034d8141@group-C626CE820278-LeaderElection52] INFO  impl.LeaderElection (LeaderElection.java:askForVotes(448)) - 40df8fc4-149d-40c0-897d-2844034d8141@group-C626CE820278-LeaderElection52 PRE_VOTE round 0: submit vote requests at term 1 for conf: {index: 0, cur=peers:[4d8a2798-959e-416b-b534-19c13b55a760|127.0.0.1:15023, 1c036820-4dbe-4abe-80fb-5ca88de5e2f0|127.0.0.1:15015, 40df8fc4-149d-40c0-897d-2844034d8141|127.0.0.1:15031]|listeners:[], old=null}
2025-10-22 08:24:12,193 [40df8fc4-149d-40c0-897d-2844034d8141@group-C626CE820278-LeaderElection52] INFO  impl.LeaderElection (LogUtils.java:infoOrTrace(142)) - 40df8fc4-149d-40c0-897d-2844034d8141@group-C626CE820278-LeaderElection52 got exception when requesting votes: java.util.concurrent.ExecutionException: org.apache.ratis.thirdparty.io.grpc.StatusRuntimeException: UNAVAILABLE: io exception
2025-10-22 08:24:12,193 [40df8fc4-149d-40c0-897d-2844034d8141@group-C626CE820278-LeaderElection52] INFO  impl.LeaderElection (LogUtils.java:infoOrTrace(142)) - 40df8fc4-149d-40c0-897d-2844034d8141@group-C626CE820278-LeaderElection52 got exception when requesting votes: java.util.concurrent.ExecutionException: org.apache.ratis.thirdparty.io.grpc.StatusRuntimeException: UNAVAILABLE: io exception
2025-10-22 08:24:12,194 [40df8fc4-149d-40c0-897d-2844034d8141@group-C626CE820278-LeaderElection52] INFO  impl.LeaderElection (LeaderElection.java:logAndReturn(206)) - 40df8fc4-149d-40c0-897d-2844034d8141@group-C626CE820278-LeaderElection52: PRE_VOTE REJECTED received 0 response(s) and 2 exception(s):
2025-10-22 08:24:12,194 [40df8fc4-149d-40c0-897d-2844034d8141@group-C626CE820278-LeaderElection52] INFO  impl.LeaderElection (LogUtils.java:infoOrTrace(142)) -   Exception 0: java.util.concurrent.ExecutionException: org.apache.ratis.thirdparty.io.grpc.StatusRuntimeException: UNAVAILABLE: io exception
2025-10-22 08:24:12,194 [40df8fc4-149d-40c0-897d-2844034d8141@group-C626CE820278-LeaderElection52] INFO  impl.LeaderElection (LogUtils.java:infoOrTrace(142)) -   Exception 1: java.util.concurrent.ExecutionException: org.apache.ratis.thirdparty.io.grpc.StatusRuntimeException: UNAVAILABLE: io exception
2025-10-22 08:24:12,194 [40df8fc4-149d-40c0-897d-2844034d8141@group-C626CE820278-LeaderElection52] INFO  impl.LeaderElection (LeaderElection.java:askForVotes(450)) - 40df8fc4-149d-40c0-897d-2844034d8141@group-C626CE820278-LeaderElection52 PRE_VOTE round 0: result REJECTED
2025-10-22 08:24:12,194 [40df8fc4-149d-40c0-897d-2844034d8141@group-C626CE820278-LeaderElection52] INFO  server.RaftServer$Division (RaftServerImpl.java:setRole(392)) - 40df8fc4-149d-40c0-897d-2844034d8141@group-C626CE820278: changes role from CANDIDATE to FOLLOWER at term 1 for REJECTED
2025-10-22 08:24:12,194 [40df8fc4-149d-40c0-897d-2844034d8141@group-C626CE820278-LeaderElection52] INFO  impl.RoleInfo (RoleInfo.java:shutdownLeaderElection(141)) - 40df8fc4-149d-40c0-897d-2844034d8141: shutdown 40df8fc4-149d-40c0-897d-2844034d8141@group-C626CE820278-LeaderElection52
2025-10-22 08:24:12,194 [40df8fc4-149d-40c0-897d-2844034d8141@group-C626CE820278-LeaderElection52] INFO  impl.RoleInfo (RoleInfo.java:updateAndGet(148)) - 40df8fc4-149d-40c0-897d-2844034d8141: start 40df8fc4-149d-40c0-897d-2844034d8141@group-C626CE820278-FollowerState
2025-10-22 08:24:12,399 [40df8fc4-149d-40c0-897d-2844034d8141@group-5E2F154B5BDB-FollowerState] INFO  impl.FollowerState (FollowerState.java:runImpl(161)) - 40df8fc4-149d-40c0-897d-2844034d8141@group-5E2F154B5BDB-FollowerState: change to CANDIDATE, lastRpcElapsedTime:1035623718ns, electionTimeout:1035ms
2025-10-22 08:24:12,399 [40df8fc4-149d-40c0-897d-2844034d8141@group-5E2F154B5BDB-FollowerState] INFO  impl.RoleInfo (RoleInfo.java:shutdownFollowerState(121)) - 40df8fc4-149d-40c0-897d-2844034d8141: shutdown 40df8fc4-149d-40c0-897d-2844034d8141@group-5E2F154B5BDB-FollowerState
2025-10-22 08:24:12,399 [40df8fc4-149d-40c0-897d-2844034d8141@group-5E2F154B5BDB-FollowerState] INFO  server.RaftServer$Division (RaftServerImpl.java:setRole(392)) - 40df8fc4-149d-40c0-897d-2844034d8141@group-5E2F154B5BDB: changes role from  FOLLOWER to CANDIDATE at term 1 for changeToCandidate
2025-10-22 08:24:12,400 [40df8fc4-149d-40c0-897d-2844034d8141@group-5E2F154B5BDB-FollowerState] INFO  impl.RoleInfo (RoleInfo.java:updateAndGet(148)) - 40df8fc4-149d-40c0-897d-2844034d8141: start 40df8fc4-149d-40c0-897d-2844034d8141@group-5E2F154B5BDB-LeaderElection53
2025-10-22 08:24:12,400 [40df8fc4-149d-40c0-897d-2844034d8141@group-5E2F154B5BDB-LeaderElection53] INFO  impl.LeaderElection (LeaderElection.java:askForVotes(448)) - 40df8fc4-149d-40c0-897d-2844034d8141@group-5E2F154B5BDB-LeaderElection53 PRE_VOTE round 0: submit vote requests at term 1 for conf: {index: 0, cur=peers:[4d8a2798-959e-416b-b534-19c13b55a760|127.0.0.1:15023, 1c036820-4dbe-4abe-80fb-5ca88de5e2f0|127.0.0.1:15015, 40df8fc4-149d-40c0-897d-2844034d8141|127.0.0.1:15031]|listeners:[], old=null}
2025-10-22 08:24:12,401 [40df8fc4-149d-40c0-897d-2844034d8141@group-5E2F154B5BDB-LeaderElection53] INFO  impl.LeaderElection (LogUtils.java:infoOrTrace(142)) - 40df8fc4-149d-40c0-897d-2844034d8141@group-5E2F154B5BDB-LeaderElection53 got exception when requesting votes: java.util.concurrent.ExecutionException: org.apache.ratis.thirdparty.io.grpc.StatusRuntimeException: UNAVAILABLE: io exception
2025-10-22 08:24:12,401 [40df8fc4-149d-40c0-897d-2844034d8141@group-5E2F154B5BDB-LeaderElection53] INFO  impl.LeaderElection (LogUtils.java:infoOrTrace(142)) - 40df8fc4-149d-40c0-897d-2844034d8141@group-5E2F154B5BDB-LeaderElection53 got exception when requesting votes: java.util.concurrent.ExecutionException: org.apache.ratis.thirdparty.io.grpc.StatusRuntimeException: UNAVAILABLE: io exception
2025-10-22 08:24:12,401 [40df8fc4-149d-40c0-897d-2844034d8141@group-5E2F154B5BDB-LeaderElection53] INFO  impl.LeaderElection (LeaderElection.java:logAndReturn(206)) - 40df8fc4-149d-40c0-897d-2844034d8141@group-5E2F154B5BDB-LeaderElection53: PRE_VOTE REJECTED received 0 response(s) and 2 exception(s):
2025-10-22 08:24:12,401 [40df8fc4-149d-40c0-897d-2844034d8141@group-5E2F154B5BDB-LeaderElection53] INFO  impl.LeaderElection (LogUtils.java:infoOrTrace(142)) -   Exception 0: java.util.concurrent.ExecutionException: org.apache.ratis.thirdparty.io.grpc.StatusRuntimeException: UNAVAILABLE: io exception
2025-10-22 08:24:12,401 [40df8fc4-149d-40c0-897d-2844034d8141@group-5E2F154B5BDB-LeaderElection53] INFO  impl.LeaderElection (LogUtils.java:infoOrTrace(142)) -   Exception 1: java.util.concurrent.ExecutionException: org.apache.ratis.thirdparty.io.grpc.StatusRuntimeException: UNAVAILABLE: io exception
2025-10-22 08:24:12,401 [40df8fc4-149d-40c0-897d-2844034d8141@group-5E2F154B5BDB-LeaderElection53] INFO  impl.LeaderElection (LeaderElection.java:askForVotes(450)) - 40df8fc4-149d-40c0-897d-2844034d8141@group-5E2F154B5BDB-LeaderElection53 PRE_VOTE round 0: result REJECTED
2025-10-22 08:24:12,401 [40df8fc4-149d-40c0-897d-2844034d8141@group-5E2F154B5BDB-LeaderElection53] INFO  server.RaftServer$Division (RaftServerImpl.java:setRole(392)) - 40df8fc4-149d-40c0-897d-2844034d8141@group-5E2F154B5BDB: changes role from CANDIDATE to FOLLOWER at term 1 for REJECTED
2025-10-22 08:24:12,401 [40df8fc4-149d-40c0-897d-2844034d8141@group-5E2F154B5BDB-LeaderElection53] INFO  impl.RoleInfo (RoleInfo.java:shutdownLeaderElection(141)) - 40df8fc4-149d-40c0-897d-2844034d8141: shutdown 40df8fc4-149d-40c0-897d-2844034d8141@group-5E2F154B5BDB-LeaderElection53
2025-10-22 08:24:12,401 [40df8fc4-149d-40c0-897d-2844034d8141@group-5E2F154B5BDB-LeaderElection53] INFO  impl.RoleInfo (RoleInfo.java:updateAndGet(148)) - 40df8fc4-149d-40c0-897d-2844034d8141: start 40df8fc4-149d-40c0-897d-2844034d8141@group-5E2F154B5BDB-FollowerState
2025-10-22 08:24:13,214 [40df8fc4-149d-40c0-897d-2844034d8141@group-C626CE820278-FollowerState] INFO  impl.FollowerState (FollowerState.java:runImpl(161)) - 40df8fc4-149d-40c0-897d-2844034d8141@group-C626CE820278-FollowerState: change to CANDIDATE, lastRpcElapsedTime:1020292684ns, electionTimeout:1020ms
2025-10-22 08:24:13,214 [40df8fc4-149d-40c0-897d-2844034d8141@group-C626CE820278-FollowerState] INFO  impl.RoleInfo (RoleInfo.java:shutdownFollowerState(121)) - 40df8fc4-149d-40c0-897d-2844034d8141: shutdown 40df8fc4-149d-40c0-897d-2844034d8141@group-C626CE820278-FollowerState
2025-10-22 08:24:13,214 [40df8fc4-149d-40c0-897d-2844034d8141@group-C626CE820278-FollowerState] INFO  server.RaftServer$Division (RaftServerImpl.java:setRole(392)) - 40df8fc4-149d-40c0-897d-2844034d8141@group-C626CE820278: changes role from  FOLLOWER to CANDIDATE at term 1 for changeToCandidate
2025-10-22 08:24:13,215 [40df8fc4-149d-40c0-897d-2844034d8141@group-C626CE820278-FollowerState] INFO  impl.RoleInfo (RoleInfo.java:updateAndGet(148)) - 40df8fc4-149d-40c0-897d-2844034d8141: start 40df8fc4-149d-40c0-897d-2844034d8141@group-C626CE820278-LeaderElection54
2025-10-22 08:24:13,215 [40df8fc4-149d-40c0-897d-2844034d8141@group-C626CE820278-LeaderElection54] INFO  impl.LeaderElection (LeaderElection.java:askForVotes(448)) - 40df8fc4-149d-40c0-897d-2844034d8141@group-C626CE820278-LeaderElection54 PRE_VOTE round 0: submit vote requests at term 1 for conf: {index: 0, cur=peers:[4d8a2798-959e-416b-b534-19c13b55a760|127.0.0.1:15023, 1c036820-4dbe-4abe-80fb-5ca88de5e2f0|127.0.0.1:15015, 40df8fc4-149d-40c0-897d-2844034d8141|127.0.0.1:15031]|listeners:[], old=null}
2025-10-22 08:24:13,216 [40df8fc4-149d-40c0-897d-2844034d8141@group-C626CE820278-LeaderElection54] INFO  impl.LeaderElection (LogUtils.java:infoOrTrace(142)) - 40df8fc4-149d-40c0-897d-2844034d8141@group-C626CE820278-LeaderElection54 got exception when requesting votes: java.util.concurrent.ExecutionException: org.apache.ratis.thirdparty.io.grpc.StatusRuntimeException: UNAVAILABLE: io exception
2025-10-22 08:24:13,216 [40df8fc4-149d-40c0-897d-2844034d8141@group-C626CE820278-LeaderElection54] INFO  impl.LeaderElection (LogUtils.java:infoOrTrace(142)) - 40df8fc4-149d-40c0-897d-2844034d8141@group-C626CE820278-LeaderElection54 got exception when requesting votes: java.util.concurrent.ExecutionException: org.apache.ratis.thirdparty.io.grpc.StatusRuntimeException: UNAVAILABLE: io exception
2025-10-22 08:24:13,216 [40df8fc4-149d-40c0-897d-2844034d8141@group-C626CE820278-LeaderElection54] INFO  impl.LeaderElection (LeaderElection.java:logAndReturn(206)) - 40df8fc4-149d-40c0-897d-2844034d8141@group-C626CE820278-LeaderElection54: PRE_VOTE REJECTED received 0 response(s) and 2 exception(s):
2025-10-22 08:24:13,216 [40df8fc4-149d-40c0-897d-2844034d8141@group-C626CE820278-LeaderElection54] INFO  impl.LeaderElection (LogUtils.java:infoOrTrace(142)) -   Exception 0: java.util.concurrent.ExecutionException: org.apache.ratis.thirdparty.io.grpc.StatusRuntimeException: UNAVAILABLE: io exception
2025-10-22 08:24:13,216 [40df8fc4-149d-40c0-897d-2844034d8141@group-C626CE820278-LeaderElection54] INFO  impl.LeaderElection (LogUtils.java:infoOrTrace(142)) -   Exception 1: java.util.concurrent.ExecutionException: org.apache.ratis.thirdparty.io.grpc.StatusRuntimeException: UNAVAILABLE: io exception
2025-10-22 08:24:13,216 [40df8fc4-149d-40c0-897d-2844034d8141@group-C626CE820278-LeaderElection54] INFO  impl.LeaderElection (LeaderElection.java:askForVotes(450)) - 40df8fc4-149d-40c0-897d-2844034d8141@group-C626CE820278-LeaderElection54 PRE_VOTE round 0: result REJECTED
2025-10-22 08:24:13,216 [40df8fc4-149d-40c0-897d-2844034d8141@group-C626CE820278-LeaderElection54] INFO  server.RaftServer$Division (RaftServerImpl.java:setRole(392)) - 40df8fc4-149d-40c0-897d-2844034d8141@group-C626CE820278: changes role from CANDIDATE to FOLLOWER at term 1 for REJECTED
2025-10-22 08:24:13,216 [40df8fc4-149d-40c0-897d-2844034d8141@group-C626CE820278-LeaderElection54] INFO  impl.RoleInfo (RoleInfo.java:shutdownLeaderElection(141)) - 40df8fc4-149d-40c0-897d-2844034d8141: shutdown 40df8fc4-149d-40c0-897d-2844034d8141@group-C626CE820278-LeaderElection54
2025-10-22 08:24:13,216 [40df8fc4-149d-40c0-897d-2844034d8141@group-C626CE820278-LeaderElection54] INFO  impl.RoleInfo (RoleInfo.java:updateAndGet(148)) - 40df8fc4-149d-40c0-897d-2844034d8141: start 40df8fc4-149d-40c0-897d-2844034d8141@group-C626CE820278-FollowerState
2025-10-22 08:24:13,553 [40df8fc4-149d-40c0-897d-2844034d8141@group-5E2F154B5BDB-FollowerState] INFO  impl.FollowerState (FollowerState.java:runImpl(161)) - 40df8fc4-149d-40c0-897d-2844034d8141@group-5E2F154B5BDB-FollowerState: change to CANDIDATE, lastRpcElapsedTime:1152259360ns, electionTimeout:1152ms
2025-10-22 08:24:13,553 [40df8fc4-149d-40c0-897d-2844034d8141@group-5E2F154B5BDB-FollowerState] INFO  impl.RoleInfo (RoleInfo.java:shutdownFollowerState(121)) - 40df8fc4-149d-40c0-897d-2844034d8141: shutdown 40df8fc4-149d-40c0-897d-2844034d8141@group-5E2F154B5BDB-FollowerState
2025-10-22 08:24:13,554 [40df8fc4-149d-40c0-897d-2844034d8141@group-5E2F154B5BDB-FollowerState] INFO  server.RaftServer$Division (RaftServerImpl.java:setRole(392)) - 40df8fc4-149d-40c0-897d-2844034d8141@group-5E2F154B5BDB: changes role from  FOLLOWER to CANDIDATE at term 1 for changeToCandidate
2025-10-22 08:24:13,554 [40df8fc4-149d-40c0-897d-2844034d8141@group-5E2F154B5BDB-FollowerState] INFO  impl.RoleInfo (RoleInfo.java:updateAndGet(148)) - 40df8fc4-149d-40c0-897d-2844034d8141: start 40df8fc4-149d-40c0-897d-2844034d8141@group-5E2F154B5BDB-LeaderElection55
2025-10-22 08:24:13,554 [40df8fc4-149d-40c0-897d-2844034d8141@group-5E2F154B5BDB-LeaderElection55] INFO  impl.LeaderElection (LeaderElection.java:askForVotes(448)) - 40df8fc4-149d-40c0-897d-2844034d8141@group-5E2F154B5BDB-LeaderElection55 PRE_VOTE round 0: submit vote requests at term 1 for conf: {index: 0, cur=peers:[4d8a2798-959e-416b-b534-19c13b55a760|127.0.0.1:15023, 1c036820-4dbe-4abe-80fb-5ca88de5e2f0|127.0.0.1:15015, 40df8fc4-149d-40c0-897d-2844034d8141|127.0.0.1:15031]|listeners:[], old=null}
2025-10-22 08:24:13,555 [40df8fc4-149d-40c0-897d-2844034d8141@group-5E2F154B5BDB-LeaderElection55] INFO  impl.LeaderElection (LogUtils.java:infoOrTrace(142)) - 40df8fc4-149d-40c0-897d-2844034d8141@group-5E2F154B5BDB-LeaderElection55 got exception when requesting votes: java.util.concurrent.ExecutionException: org.apache.ratis.thirdparty.io.grpc.StatusRuntimeException: UNAVAILABLE: io exception
2025-10-22 08:24:13,555 [40df8fc4-149d-40c0-897d-2844034d8141@group-5E2F154B5BDB-LeaderElection55] INFO  impl.LeaderElection (LogUtils.java:infoOrTrace(142)) - 40df8fc4-149d-40c0-897d-2844034d8141@group-5E2F154B5BDB-LeaderElection55 got exception when requesting votes: java.util.concurrent.ExecutionException: org.apache.ratis.thirdparty.io.grpc.StatusRuntimeException: UNAVAILABLE: io exception
2025-10-22 08:24:13,555 [40df8fc4-149d-40c0-897d-2844034d8141@group-5E2F154B5BDB-LeaderElection55] INFO  impl.LeaderElection (LeaderElection.java:logAndReturn(206)) - 40df8fc4-149d-40c0-897d-2844034d8141@group-5E2F154B5BDB-LeaderElection55: PRE_VOTE REJECTED received 0 response(s) and 2 exception(s):
2025-10-22 08:24:13,555 [40df8fc4-149d-40c0-897d-2844034d8141@group-5E2F154B5BDB-LeaderElection55] INFO  impl.LeaderElection (LogUtils.java:infoOrTrace(142)) -   Exception 0: java.util.concurrent.ExecutionException: org.apache.ratis.thirdparty.io.grpc.StatusRuntimeException: UNAVAILABLE: io exception
2025-10-22 08:24:13,555 [40df8fc4-149d-40c0-897d-2844034d8141@group-5E2F154B5BDB-LeaderElection55] INFO  impl.LeaderElection (LogUtils.java:infoOrTrace(142)) -   Exception 1: java.util.concurrent.ExecutionException: org.apache.ratis.thirdparty.io.grpc.StatusRuntimeException: UNAVAILABLE: io exception
2025-10-22 08:24:13,555 [40df8fc4-149d-40c0-897d-2844034d8141@group-5E2F154B5BDB-LeaderElection55] INFO  impl.LeaderElection (LeaderElection.java:askForVotes(450)) - 40df8fc4-149d-40c0-897d-2844034d8141@group-5E2F154B5BDB-LeaderElection55 PRE_VOTE round 0: result REJECTED
2025-10-22 08:24:13,555 [40df8fc4-149d-40c0-897d-2844034d8141@group-5E2F154B5BDB-LeaderElection55] INFO  server.RaftServer$Division (RaftServerImpl.java:setRole(392)) - 40df8fc4-149d-40c0-897d-2844034d8141@group-5E2F154B5BDB: changes role from CANDIDATE to FOLLOWER at term 1 for REJECTED
2025-10-22 08:24:13,555 [40df8fc4-149d-40c0-897d-2844034d8141@group-5E2F154B5BDB-LeaderElection55] INFO  impl.RoleInfo (RoleInfo.java:shutdownLeaderElection(141)) - 40df8fc4-149d-40c0-897d-2844034d8141: shutdown 40df8fc4-149d-40c0-897d-2844034d8141@group-5E2F154B5BDB-LeaderElection55
2025-10-22 08:24:13,555 [40df8fc4-149d-40c0-897d-2844034d8141@group-5E2F154B5BDB-LeaderElection55] INFO  impl.RoleInfo (RoleInfo.java:updateAndGet(148)) - 40df8fc4-149d-40c0-897d-2844034d8141: start 40df8fc4-149d-40c0-897d-2844034d8141@group-5E2F154B5BDB-FollowerState
2025-10-22 08:24:14,412 [40df8fc4-149d-40c0-897d-2844034d8141@group-C626CE820278-FollowerState] INFO  impl.FollowerState (FollowerState.java:runImpl(161)) - 40df8fc4-149d-40c0-897d-2844034d8141@group-C626CE820278-FollowerState: change to CANDIDATE, lastRpcElapsedTime:1196286648ns, electionTimeout:1196ms
2025-10-22 08:24:14,413 [40df8fc4-149d-40c0-897d-2844034d8141@group-C626CE820278-FollowerState] INFO  impl.RoleInfo (RoleInfo.java:shutdownFollowerState(121)) - 40df8fc4-149d-40c0-897d-2844034d8141: shutdown 40df8fc4-149d-40c0-897d-2844034d8141@group-C626CE820278-FollowerState
2025-10-22 08:24:14,413 [40df8fc4-149d-40c0-897d-2844034d8141@group-C626CE820278-FollowerState] INFO  server.RaftServer$Division (RaftServerImpl.java:setRole(392)) - 40df8fc4-149d-40c0-897d-2844034d8141@group-C626CE820278: changes role from  FOLLOWER to CANDIDATE at term 1 for changeToCandidate
2025-10-22 08:24:14,413 [40df8fc4-149d-40c0-897d-2844034d8141@group-C626CE820278-FollowerState] INFO  impl.RoleInfo (RoleInfo.java:updateAndGet(148)) - 40df8fc4-149d-40c0-897d-2844034d8141: start 40df8fc4-149d-40c0-897d-2844034d8141@group-C626CE820278-LeaderElection56
2025-10-22 08:24:14,413 [40df8fc4-149d-40c0-897d-2844034d8141@group-C626CE820278-LeaderElection56] INFO  impl.LeaderElection (LeaderElection.java:askForVotes(448)) - 40df8fc4-149d-40c0-897d-2844034d8141@group-C626CE820278-LeaderElection56 PRE_VOTE round 0: submit vote requests at term 1 for conf: {index: 0, cur=peers:[4d8a2798-959e-416b-b534-19c13b55a760|127.0.0.1:15023, 1c036820-4dbe-4abe-80fb-5ca88de5e2f0|127.0.0.1:15015, 40df8fc4-149d-40c0-897d-2844034d8141|127.0.0.1:15031]|listeners:[], old=null}
2025-10-22 08:24:14,414 [40df8fc4-149d-40c0-897d-2844034d8141@group-C626CE820278-LeaderElection56] INFO  impl.LeaderElection (LogUtils.java:infoOrTrace(142)) - 40df8fc4-149d-40c0-897d-2844034d8141@group-C626CE820278-LeaderElection56 got exception when requesting votes: java.util.concurrent.ExecutionException: org.apache.ratis.thirdparty.io.grpc.StatusRuntimeException: UNAVAILABLE: io exception
2025-10-22 08:24:14,414 [40df8fc4-149d-40c0-897d-2844034d8141@group-C626CE820278-LeaderElection56] INFO  impl.LeaderElection (LogUtils.java:infoOrTrace(142)) - 40df8fc4-149d-40c0-897d-2844034d8141@group-C626CE820278-LeaderElection56 got exception when requesting votes: java.util.concurrent.ExecutionException: org.apache.ratis.thirdparty.io.grpc.StatusRuntimeException: UNAVAILABLE: io exception
2025-10-22 08:24:14,414 [40df8fc4-149d-40c0-897d-2844034d8141@group-C626CE820278-LeaderElection56] INFO  impl.LeaderElection (LeaderElection.java:logAndReturn(206)) - 40df8fc4-149d-40c0-897d-2844034d8141@group-C626CE820278-LeaderElection56: PRE_VOTE REJECTED received 0 response(s) and 2 exception(s):
2025-10-22 08:24:14,414 [40df8fc4-149d-40c0-897d-2844034d8141@group-C626CE820278-LeaderElection56] INFO  impl.LeaderElection (LogUtils.java:infoOrTrace(142)) -   Exception 0: java.util.concurrent.ExecutionException: org.apache.ratis.thirdparty.io.grpc.StatusRuntimeException: UNAVAILABLE: io exception
2025-10-22 08:24:14,414 [40df8fc4-149d-40c0-897d-2844034d8141@group-C626CE820278-LeaderElection56] INFO  impl.LeaderElection (LogUtils.java:infoOrTrace(142)) -   Exception 1: java.util.concurrent.ExecutionException: org.apache.ratis.thirdparty.io.grpc.StatusRuntimeException: UNAVAILABLE: io exception
2025-10-22 08:24:14,414 [40df8fc4-149d-40c0-897d-2844034d8141@group-C626CE820278-LeaderElection56] INFO  impl.LeaderElection (LeaderElection.java:askForVotes(450)) - 40df8fc4-149d-40c0-897d-2844034d8141@group-C626CE820278-LeaderElection56 PRE_VOTE round 0: result REJECTED
2025-10-22 08:24:14,414 [40df8fc4-149d-40c0-897d-2844034d8141@group-C626CE820278-LeaderElection56] INFO  server.RaftServer$Division (RaftServerImpl.java:setRole(392)) - 40df8fc4-149d-40c0-897d-2844034d8141@group-C626CE820278: changes role from CANDIDATE to FOLLOWER at term 1 for REJECTED
2025-10-22 08:24:14,414 [40df8fc4-149d-40c0-897d-2844034d8141@group-C626CE820278-LeaderElection56] INFO  impl.RoleInfo (RoleInfo.java:shutdownLeaderElection(141)) - 40df8fc4-149d-40c0-897d-2844034d8141: shutdown 40df8fc4-149d-40c0-897d-2844034d8141@group-C626CE820278-LeaderElection56
2025-10-22 08:24:14,414 [40df8fc4-149d-40c0-897d-2844034d8141@group-C626CE820278-LeaderElection56] INFO  impl.RoleInfo (RoleInfo.java:updateAndGet(148)) - 40df8fc4-149d-40c0-897d-2844034d8141: start 40df8fc4-149d-40c0-897d-2844034d8141@group-C626CE820278-FollowerState
2025-10-22 08:24:14,536 [grpc-default-executor-1] ERROR impl.OrderedAsync (OrderedAsync.java:lambda$null$6(215)) -  client-ACEEB1504463: Failed* RaftClientRequest:client-ACEEB1504463->40df8fc4-149d-40c0-897d-2844034d8141@group-C626CE820278, cid=18, seq=4*, RW, cmdType: WriteChunk traceID: "" containerID: 1 datanodeUuid: "4d8a2798-959e-416b-b534-19c13b55a760" writeChunk { blockID { containerID: 1 localID: 115816896921600001 blockCommitSequenceId: 2 replicaIndex: 0 } chunkData { chunkName: "115816896921600001_chunk_2" offset: 1048576 len: 1048576 } } version: 3, data.size=1048576
java.util.concurrent.CompletionException: org.apache.ratis.protocol.exceptions.NotLeaderException: Server 40df8fc4-149d-40c0-897d-2844034d8141@group-C626CE820278 is not the leader
	at java.base/java.util.concurrent.CompletableFuture.encodeThrowable(CompletableFuture.java:332)
	at java.base/java.util.concurrent.CompletableFuture.completeThrowable(CompletableFuture.java:347)
	at java.base/java.util.concurrent.CompletableFuture$UniAccept.tryFire(CompletableFuture.java:708)
	at java.base/java.util.concurrent.CompletableFuture.postComplete(CompletableFuture.java:510)
	at java.base/java.util.concurrent.CompletableFuture.completeExceptionally(CompletableFuture.java:2194)
	at org.apache.ratis.grpc.client.GrpcClientProtocolClient$AsyncStreamObservers.completeReplyExceptionally(GrpcClientProtocolClient.java:397)
	at org.apache.ratis.grpc.client.GrpcClientProtocolClient$AsyncStreamObservers.access$000(GrpcClientProtocolClient.java:303)
	at org.apache.ratis.grpc.client.GrpcClientProtocolClient$AsyncStreamObservers$1.onNext(GrpcClientProtocolClient.java:317)
	at org.apache.ratis.grpc.client.GrpcClientProtocolClient$AsyncStreamObservers$1.onNext(GrpcClientProtocolClient.java:308)
	at org.apache.ratis.thirdparty.io.grpc.stub.ClientCalls$StreamObserverToCallListenerAdapter.onMessage(ClientCalls.java:551)
	at org.apache.ratis.thirdparty.io.grpc.ForwardingClientCallListener.onMessage(ForwardingClientCallListener.java:33)
	at org.apache.ratis.thirdparty.io.grpc.internal.ClientCallImpl$ClientStreamListenerImpl$1MessagesAvailable.runInternal(ClientCallImpl.java:661)
	at org.apache.ratis.thirdparty.io.grpc.internal.ClientCallImpl$ClientStreamListenerImpl$1MessagesAvailable.runInContext(ClientCallImpl.java:648)
	at org.apache.ratis.thirdparty.io.grpc.internal.ContextRunnable.run(ContextRunnable.java:37)
	at org.apache.ratis.thirdparty.io.grpc.internal.SerializingExecutor.run(SerializingExecutor.java:133)
	at java.base/java.util.concurrent.ThreadPoolExecutor.runWorker(ThreadPoolExecutor.java:1144)
	at java.base/java.util.concurrent.ThreadPoolExecutor$Worker.run(ThreadPoolExecutor.java:642)
	at java.base/java.lang.Thread.run(Thread.java:1583)
Caused by: org.apache.ratis.protocol.exceptions.NotLeaderException: Server 40df8fc4-149d-40c0-897d-2844034d8141@group-C626CE820278 is not the leader
	at org.apache.ratis.client.impl.ClientProtoUtils.toRaftClientReply(ClientProtoUtils.java:402)
	at org.apache.ratis.grpc.client.GrpcClientProtocolClient$AsyncStreamObservers$1.onNext(GrpcClientProtocolClient.java:313)
	... 10 more
2025-10-22 08:24:14,598 [40df8fc4-149d-40c0-897d-2844034d8141@group-5E2F154B5BDB-FollowerState] INFO  impl.FollowerState (FollowerState.java:runImpl(161)) - 40df8fc4-149d-40c0-897d-2844034d8141@group-5E2F154B5BDB-FollowerState: change to CANDIDATE, lastRpcElapsedTime:1043299392ns, electionTimeout:1043ms
2025-10-22 08:24:14,599 [40df8fc4-149d-40c0-897d-2844034d8141@group-5E2F154B5BDB-FollowerState] INFO  impl.RoleInfo (RoleInfo.java:shutdownFollowerState(121)) - 40df8fc4-149d-40c0-897d-2844034d8141: shutdown 40df8fc4-149d-40c0-897d-2844034d8141@group-5E2F154B5BDB-FollowerState
2025-10-22 08:24:14,599 [40df8fc4-149d-40c0-897d-2844034d8141@group-5E2F154B5BDB-FollowerState] INFO  server.RaftServer$Division (RaftServerImpl.java:setRole(392)) - 40df8fc4-149d-40c0-897d-2844034d8141@group-5E2F154B5BDB: changes role from  FOLLOWER to CANDIDATE at term 1 for changeToCandidate
2025-10-22 08:24:14,599 [40df8fc4-149d-40c0-897d-2844034d8141@group-5E2F154B5BDB-FollowerState] INFO  impl.RoleInfo (RoleInfo.java:updateAndGet(148)) - 40df8fc4-149d-40c0-897d-2844034d8141: start 40df8fc4-149d-40c0-897d-2844034d8141@group-5E2F154B5BDB-LeaderElection57
2025-10-22 08:24:14,599 [40df8fc4-149d-40c0-897d-2844034d8141@group-5E2F154B5BDB-LeaderElection57] INFO  impl.LeaderElection (LeaderElection.java:askForVotes(448)) - 40df8fc4-149d-40c0-897d-2844034d8141@group-5E2F154B5BDB-LeaderElection57 PRE_VOTE round 0: submit vote requests at term 1 for conf: {index: 0, cur=peers:[4d8a2798-959e-416b-b534-19c13b55a760|127.0.0.1:15023, 1c036820-4dbe-4abe-80fb-5ca88de5e2f0|127.0.0.1:15015, 40df8fc4-149d-40c0-897d-2844034d8141|127.0.0.1:15031]|listeners:[], old=null}
2025-10-22 08:24:14,600 [40df8fc4-149d-40c0-897d-2844034d8141@group-5E2F154B5BDB-LeaderElection57] INFO  impl.LeaderElection (LogUtils.java:infoOrTrace(142)) - 40df8fc4-149d-40c0-897d-2844034d8141@group-5E2F154B5BDB-LeaderElection57 got exception when requesting votes: java.util.concurrent.ExecutionException: org.apache.ratis.thirdparty.io.grpc.StatusRuntimeException: UNAVAILABLE: io exception
2025-10-22 08:24:14,600 [40df8fc4-149d-40c0-897d-2844034d8141@group-5E2F154B5BDB-LeaderElection57] INFO  impl.LeaderElection (LogUtils.java:infoOrTrace(142)) - 40df8fc4-149d-40c0-897d-2844034d8141@group-5E2F154B5BDB-LeaderElection57 got exception when requesting votes: java.util.concurrent.ExecutionException: org.apache.ratis.thirdparty.io.grpc.StatusRuntimeException: UNAVAILABLE: io exception
2025-10-22 08:24:14,600 [40df8fc4-149d-40c0-897d-2844034d8141@group-5E2F154B5BDB-LeaderElection57] INFO  impl.LeaderElection (LeaderElection.java:logAndReturn(206)) - 40df8fc4-149d-40c0-897d-2844034d8141@group-5E2F154B5BDB-LeaderElection57: PRE_VOTE REJECTED received 0 response(s) and 2 exception(s):
2025-10-22 08:24:14,600 [40df8fc4-149d-40c0-897d-2844034d8141@group-5E2F154B5BDB-LeaderElection57] INFO  impl.LeaderElection (LogUtils.java:infoOrTrace(142)) -   Exception 0: java.util.concurrent.ExecutionException: org.apache.ratis.thirdparty.io.grpc.StatusRuntimeException: UNAVAILABLE: io exception
2025-10-22 08:24:14,600 [40df8fc4-149d-40c0-897d-2844034d8141@group-5E2F154B5BDB-LeaderElection57] INFO  impl.LeaderElection (LogUtils.java:infoOrTrace(142)) -   Exception 1: java.util.concurrent.ExecutionException: org.apache.ratis.thirdparty.io.grpc.StatusRuntimeException: UNAVAILABLE: io exception
2025-10-22 08:24:14,600 [40df8fc4-149d-40c0-897d-2844034d8141@group-5E2F154B5BDB-LeaderElection57] INFO  impl.LeaderElection (LeaderElection.java:askForVotes(450)) - 40df8fc4-149d-40c0-897d-2844034d8141@group-5E2F154B5BDB-LeaderElection57 PRE_VOTE round 0: result REJECTED
2025-10-22 08:24:14,600 [40df8fc4-149d-40c0-897d-2844034d8141@group-5E2F154B5BDB-LeaderElection57] INFO  server.RaftServer$Division (RaftServerImpl.java:setRole(392)) - 40df8fc4-149d-40c0-897d-2844034d8141@group-5E2F154B5BDB: changes role from CANDIDATE to FOLLOWER at term 1 for REJECTED
2025-10-22 08:24:14,600 [40df8fc4-149d-40c0-897d-2844034d8141@group-5E2F154B5BDB-LeaderElection57] INFO  impl.RoleInfo (RoleInfo.java:shutdownLeaderElection(141)) - 40df8fc4-149d-40c0-897d-2844034d8141: shutdown 40df8fc4-149d-40c0-897d-2844034d8141@group-5E2F154B5BDB-LeaderElection57
2025-10-22 08:24:14,600 [40df8fc4-149d-40c0-897d-2844034d8141@group-5E2F154B5BDB-LeaderElection57] INFO  impl.RoleInfo (RoleInfo.java:updateAndGet(148)) - 40df8fc4-149d-40c0-897d-2844034d8141: start 40df8fc4-149d-40c0-897d-2844034d8141@group-5E2F154B5BDB-FollowerState
2025-10-22 08:24:15,541 [40df8fc4-149d-40c0-897d-2844034d8141@group-C626CE820278-FollowerState] INFO  impl.FollowerState (FollowerState.java:runImpl(161)) - 40df8fc4-149d-40c0-897d-2844034d8141@group-C626CE820278-FollowerState: change to CANDIDATE, lastRpcElapsedTime:1127252758ns, electionTimeout:1127ms
2025-10-22 08:24:15,542 [40df8fc4-149d-40c0-897d-2844034d8141@group-C626CE820278-FollowerState] INFO  impl.RoleInfo (RoleInfo.java:shutdownFollowerState(121)) - 40df8fc4-149d-40c0-897d-2844034d8141: shutdown 40df8fc4-149d-40c0-897d-2844034d8141@group-C626CE820278-FollowerState
2025-10-22 08:24:15,542 [40df8fc4-149d-40c0-897d-2844034d8141@group-C626CE820278-FollowerState] INFO  server.RaftServer$Division (RaftServerImpl.java:setRole(392)) - 40df8fc4-149d-40c0-897d-2844034d8141@group-C626CE820278: changes role from  FOLLOWER to CANDIDATE at term 1 for changeToCandidate
2025-10-22 08:24:15,542 [40df8fc4-149d-40c0-897d-2844034d8141@group-C626CE820278-FollowerState] INFO  impl.RoleInfo (RoleInfo.java:updateAndGet(148)) - 40df8fc4-149d-40c0-897d-2844034d8141: start 40df8fc4-149d-40c0-897d-2844034d8141@group-C626CE820278-LeaderElection58
2025-10-22 08:24:15,542 [40df8fc4-149d-40c0-897d-2844034d8141@group-C626CE820278-LeaderElection58] INFO  impl.LeaderElection (LeaderElection.java:askForVotes(448)) - 40df8fc4-149d-40c0-897d-2844034d8141@group-C626CE820278-LeaderElection58 PRE_VOTE round 0: submit vote requests at term 1 for conf: {index: 0, cur=peers:[4d8a2798-959e-416b-b534-19c13b55a760|127.0.0.1:15023, 1c036820-4dbe-4abe-80fb-5ca88de5e2f0|127.0.0.1:15015, 40df8fc4-149d-40c0-897d-2844034d8141|127.0.0.1:15031]|listeners:[], old=null}
2025-10-22 08:24:15,543 [40df8fc4-149d-40c0-897d-2844034d8141@group-C626CE820278-LeaderElection58] INFO  impl.LeaderElection (LogUtils.java:infoOrTrace(142)) - 40df8fc4-149d-40c0-897d-2844034d8141@group-C626CE820278-LeaderElection58 got exception when requesting votes: java.util.concurrent.ExecutionException: org.apache.ratis.thirdparty.io.grpc.StatusRuntimeException: UNAVAILABLE: io exception
2025-10-22 08:24:15,543 [40df8fc4-149d-40c0-897d-2844034d8141@group-C626CE820278-LeaderElection58] INFO  impl.LeaderElection (LogUtils.java:infoOrTrace(142)) - 40df8fc4-149d-40c0-897d-2844034d8141@group-C626CE820278-LeaderElection58 got exception when requesting votes: java.util.concurrent.ExecutionException: org.apache.ratis.thirdparty.io.grpc.StatusRuntimeException: UNAVAILABLE: io exception
2025-10-22 08:24:15,543 [40df8fc4-149d-40c0-897d-2844034d8141@group-C626CE820278-LeaderElection58] INFO  impl.LeaderElection (LeaderElection.java:logAndReturn(206)) - 40df8fc4-149d-40c0-897d-2844034d8141@group-C626CE820278-LeaderElection58: PRE_VOTE REJECTED received 0 response(s) and 2 exception(s):
2025-10-22 08:24:15,543 [40df8fc4-149d-40c0-897d-2844034d8141@group-C626CE820278-LeaderElection58] INFO  impl.LeaderElection (LogUtils.java:infoOrTrace(142)) -   Exception 0: java.util.concurrent.ExecutionException: org.apache.ratis.thirdparty.io.grpc.StatusRuntimeException: UNAVAILABLE: io exception
2025-10-22 08:24:15,543 [40df8fc4-149d-40c0-897d-2844034d8141@group-C626CE820278-LeaderElection58] INFO  impl.LeaderElection (LogUtils.java:infoOrTrace(142)) -   Exception 1: java.util.concurrent.ExecutionException: org.apache.ratis.thirdparty.io.grpc.StatusRuntimeException: UNAVAILABLE: io exception
2025-10-22 08:24:15,544 [40df8fc4-149d-40c0-897d-2844034d8141@group-C626CE820278-LeaderElection58] INFO  impl.LeaderElection (LeaderElection.java:askForVotes(450)) - 40df8fc4-149d-40c0-897d-2844034d8141@group-C626CE820278-LeaderElection58 PRE_VOTE round 0: result REJECTED
2025-10-22 08:24:15,544 [40df8fc4-149d-40c0-897d-2844034d8141@group-C626CE820278-LeaderElection58] INFO  server.RaftServer$Division (RaftServerImpl.java:setRole(392)) - 40df8fc4-149d-40c0-897d-2844034d8141@group-C626CE820278: changes role from CANDIDATE to FOLLOWER at term 1 for REJECTED
2025-10-22 08:24:15,544 [40df8fc4-149d-40c0-897d-2844034d8141@group-C626CE820278-LeaderElection58] INFO  impl.RoleInfo (RoleInfo.java:shutdownLeaderElection(141)) - 40df8fc4-149d-40c0-897d-2844034d8141: shutdown 40df8fc4-149d-40c0-897d-2844034d8141@group-C626CE820278-LeaderElection58
2025-10-22 08:24:15,544 [40df8fc4-149d-40c0-897d-2844034d8141@group-C626CE820278-LeaderElection58] INFO  impl.RoleInfo (RoleInfo.java:updateAndGet(148)) - 40df8fc4-149d-40c0-897d-2844034d8141: start 40df8fc4-149d-40c0-897d-2844034d8141@group-C626CE820278-FollowerState
2025-10-22 08:24:15,608 [40df8fc4-149d-40c0-897d-2844034d8141@group-5E2F154B5BDB-FollowerState] INFO  impl.FollowerState (FollowerState.java:runImpl(161)) - 40df8fc4-149d-40c0-897d-2844034d8141@group-5E2F154B5BDB-FollowerState: change to CANDIDATE, lastRpcElapsedTime:1008270739ns, electionTimeout:1008ms
2025-10-22 08:24:15,609 [40df8fc4-149d-40c0-897d-2844034d8141@group-5E2F154B5BDB-FollowerState] INFO  impl.RoleInfo (RoleInfo.java:shutdownFollowerState(121)) - 40df8fc4-149d-40c0-897d-2844034d8141: shutdown 40df8fc4-149d-40c0-897d-2844034d8141@group-5E2F154B5BDB-FollowerState
2025-10-22 08:24:15,609 [40df8fc4-149d-40c0-897d-2844034d8141@group-5E2F154B5BDB-FollowerState] INFO  server.RaftServer$Division (RaftServerImpl.java:setRole(392)) - 40df8fc4-149d-40c0-897d-2844034d8141@group-5E2F154B5BDB: changes role from  FOLLOWER to CANDIDATE at term 1 for changeToCandidate
2025-10-22 08:24:15,609 [40df8fc4-149d-40c0-897d-2844034d8141@group-5E2F154B5BDB-FollowerState] INFO  impl.RoleInfo (RoleInfo.java:updateAndGet(148)) - 40df8fc4-149d-40c0-897d-2844034d8141: start 40df8fc4-149d-40c0-897d-2844034d8141@group-5E2F154B5BDB-LeaderElection59
2025-10-22 08:24:15,609 [40df8fc4-149d-40c0-897d-2844034d8141@group-5E2F154B5BDB-LeaderElection59] INFO  impl.LeaderElection (LeaderElection.java:askForVotes(448)) - 40df8fc4-149d-40c0-897d-2844034d8141@group-5E2F154B5BDB-LeaderElection59 PRE_VOTE round 0: submit vote requests at term 1 for conf: {index: 0, cur=peers:[4d8a2798-959e-416b-b534-19c13b55a760|127.0.0.1:15023, 1c036820-4dbe-4abe-80fb-5ca88de5e2f0|127.0.0.1:15015, 40df8fc4-149d-40c0-897d-2844034d8141|127.0.0.1:15031]|listeners:[], old=null}
2025-10-22 08:24:15,610 [40df8fc4-149d-40c0-897d-2844034d8141@group-5E2F154B5BDB-LeaderElection59] INFO  impl.LeaderElection (LogUtils.java:infoOrTrace(142)) - 40df8fc4-149d-40c0-897d-2844034d8141@group-5E2F154B5BDB-LeaderElection59 got exception when requesting votes: java.util.concurrent.ExecutionException: org.apache.ratis.thirdparty.io.grpc.StatusRuntimeException: UNAVAILABLE: io exception
2025-10-22 08:24:15,610 [40df8fc4-149d-40c0-897d-2844034d8141@group-5E2F154B5BDB-LeaderElection59] INFO  impl.LeaderElection (LogUtils.java:infoOrTrace(142)) - 40df8fc4-149d-40c0-897d-2844034d8141@group-5E2F154B5BDB-LeaderElection59 got exception when requesting votes: java.util.concurrent.ExecutionException: org.apache.ratis.thirdparty.io.grpc.StatusRuntimeException: UNAVAILABLE: io exception
2025-10-22 08:24:15,610 [40df8fc4-149d-40c0-897d-2844034d8141@group-5E2F154B5BDB-LeaderElection59] INFO  impl.LeaderElection (LeaderElection.java:logAndReturn(206)) - 40df8fc4-149d-40c0-897d-2844034d8141@group-5E2F154B5BDB-LeaderElection59: PRE_VOTE REJECTED received 0 response(s) and 2 exception(s):
2025-10-22 08:24:15,610 [40df8fc4-149d-40c0-897d-2844034d8141@group-5E2F154B5BDB-LeaderElection59] INFO  impl.LeaderElection (LogUtils.java:infoOrTrace(142)) -   Exception 0: java.util.concurrent.ExecutionException: org.apache.ratis.thirdparty.io.grpc.StatusRuntimeException: UNAVAILABLE: io exception
2025-10-22 08:24:15,610 [40df8fc4-149d-40c0-897d-2844034d8141@group-5E2F154B5BDB-LeaderElection59] INFO  impl.LeaderElection (LogUtils.java:infoOrTrace(142)) -   Exception 1: java.util.concurrent.ExecutionException: org.apache.ratis.thirdparty.io.grpc.StatusRuntimeException: UNAVAILABLE: io exception
2025-10-22 08:24:15,610 [40df8fc4-149d-40c0-897d-2844034d8141@group-5E2F154B5BDB-LeaderElection59] INFO  impl.LeaderElection (LeaderElection.java:askForVotes(450)) - 40df8fc4-149d-40c0-897d-2844034d8141@group-5E2F154B5BDB-LeaderElection59 PRE_VOTE round 0: result REJECTED
2025-10-22 08:24:15,610 [40df8fc4-149d-40c0-897d-2844034d8141@group-5E2F154B5BDB-LeaderElection59] INFO  server.RaftServer$Division (RaftServerImpl.java:setRole(392)) - 40df8fc4-149d-40c0-897d-2844034d8141@group-5E2F154B5BDB: changes role from CANDIDATE to FOLLOWER at term 1 for REJECTED
2025-10-22 08:24:15,610 [40df8fc4-149d-40c0-897d-2844034d8141@group-5E2F154B5BDB-LeaderElection59] INFO  impl.RoleInfo (RoleInfo.java:shutdownLeaderElection(141)) - 40df8fc4-149d-40c0-897d-2844034d8141: shutdown 40df8fc4-149d-40c0-897d-2844034d8141@group-5E2F154B5BDB-LeaderElection59
2025-10-22 08:24:15,610 [40df8fc4-149d-40c0-897d-2844034d8141@group-5E2F154B5BDB-LeaderElection59] INFO  impl.RoleInfo (RoleInfo.java:updateAndGet(148)) - 40df8fc4-149d-40c0-897d-2844034d8141: start 40df8fc4-149d-40c0-897d-2844034d8141@group-5E2F154B5BDB-FollowerState
2025-10-22 08:24:16,573 [40df8fc4-149d-40c0-897d-2844034d8141@group-C626CE820278-FollowerState] INFO  impl.FollowerState (FollowerState.java:runImpl(161)) - 40df8fc4-149d-40c0-897d-2844034d8141@group-C626CE820278-FollowerState: change to CANDIDATE, lastRpcElapsedTime:1029344969ns, electionTimeout:1029ms
2025-10-22 08:24:16,573 [40df8fc4-149d-40c0-897d-2844034d8141@group-C626CE820278-FollowerState] INFO  impl.RoleInfo (RoleInfo.java:shutdownFollowerState(121)) - 40df8fc4-149d-40c0-897d-2844034d8141: shutdown 40df8fc4-149d-40c0-897d-2844034d8141@group-C626CE820278-FollowerState
2025-10-22 08:24:16,574 [40df8fc4-149d-40c0-897d-2844034d8141@group-C626CE820278-FollowerState] INFO  server.RaftServer$Division (RaftServerImpl.java:setRole(392)) - 40df8fc4-149d-40c0-897d-2844034d8141@group-C626CE820278: changes role from  FOLLOWER to CANDIDATE at term 1 for changeToCandidate
2025-10-22 08:24:16,574 [40df8fc4-149d-40c0-897d-2844034d8141@group-C626CE820278-FollowerState] INFO  impl.RoleInfo (RoleInfo.java:updateAndGet(148)) - 40df8fc4-149d-40c0-897d-2844034d8141: start 40df8fc4-149d-40c0-897d-2844034d8141@group-C626CE820278-LeaderElection60
2025-10-22 08:24:16,574 [40df8fc4-149d-40c0-897d-2844034d8141@group-C626CE820278-LeaderElection60] INFO  impl.LeaderElection (LeaderElection.java:askForVotes(448)) - 40df8fc4-149d-40c0-897d-2844034d8141@group-C626CE820278-LeaderElection60 PRE_VOTE round 0: submit vote requests at term 1 for conf: {index: 0, cur=peers:[4d8a2798-959e-416b-b534-19c13b55a760|127.0.0.1:15023, 1c036820-4dbe-4abe-80fb-5ca88de5e2f0|127.0.0.1:15015, 40df8fc4-149d-40c0-897d-2844034d8141|127.0.0.1:15031]|listeners:[], old=null}
2025-10-22 08:24:16,575 [40df8fc4-149d-40c0-897d-2844034d8141@group-C626CE820278-LeaderElection60] INFO  impl.LeaderElection (LogUtils.java:infoOrTrace(142)) - 40df8fc4-149d-40c0-897d-2844034d8141@group-C626CE820278-LeaderElection60 got exception when requesting votes: java.util.concurrent.ExecutionException: org.apache.ratis.thirdparty.io.grpc.StatusRuntimeException: UNAVAILABLE: io exception
2025-10-22 08:24:16,575 [40df8fc4-149d-40c0-897d-2844034d8141@group-C626CE820278-LeaderElection60] INFO  impl.LeaderElection (LogUtils.java:infoOrTrace(142)) - 40df8fc4-149d-40c0-897d-2844034d8141@group-C626CE820278-LeaderElection60 got exception when requesting votes: java.util.concurrent.ExecutionException: org.apache.ratis.thirdparty.io.grpc.StatusRuntimeException: UNAVAILABLE: io exception
2025-10-22 08:24:16,575 [40df8fc4-149d-40c0-897d-2844034d8141@group-C626CE820278-LeaderElection60] INFO  impl.LeaderElection (LeaderElection.java:logAndReturn(206)) - 40df8fc4-149d-40c0-897d-2844034d8141@group-C626CE820278-LeaderElection60: PRE_VOTE REJECTED received 0 response(s) and 2 exception(s):
2025-10-22 08:24:16,575 [40df8fc4-149d-40c0-897d-2844034d8141@group-C626CE820278-LeaderElection60] INFO  impl.LeaderElection (LogUtils.java:infoOrTrace(142)) -   Exception 0: java.util.concurrent.ExecutionException: org.apache.ratis.thirdparty.io.grpc.StatusRuntimeException: UNAVAILABLE: io exception
2025-10-22 08:24:16,575 [40df8fc4-149d-40c0-897d-2844034d8141@group-C626CE820278-LeaderElection60] INFO  impl.LeaderElection (LogUtils.java:infoOrTrace(142)) -   Exception 1: java.util.concurrent.ExecutionException: org.apache.ratis.thirdparty.io.grpc.StatusRuntimeException: UNAVAILABLE: io exception
2025-10-22 08:24:16,575 [40df8fc4-149d-40c0-897d-2844034d8141@group-C626CE820278-LeaderElection60] INFO  impl.LeaderElection (LeaderElection.java:askForVotes(450)) - 40df8fc4-149d-40c0-897d-2844034d8141@group-C626CE820278-LeaderElection60 PRE_VOTE round 0: result REJECTED
2025-10-22 08:24:16,575 [40df8fc4-149d-40c0-897d-2844034d8141@group-C626CE820278-LeaderElection60] INFO  server.RaftServer$Division (RaftServerImpl.java:setRole(392)) - 40df8fc4-149d-40c0-897d-2844034d8141@group-C626CE820278: changes role from CANDIDATE to FOLLOWER at term 1 for REJECTED
2025-10-22 08:24:16,575 [40df8fc4-149d-40c0-897d-2844034d8141@group-C626CE820278-LeaderElection60] INFO  impl.RoleInfo (RoleInfo.java:shutdownLeaderElection(141)) - 40df8fc4-149d-40c0-897d-2844034d8141: shutdown 40df8fc4-149d-40c0-897d-2844034d8141@group-C626CE820278-LeaderElection60
2025-10-22 08:24:16,575 [40df8fc4-149d-40c0-897d-2844034d8141@group-C626CE820278-LeaderElection60] INFO  impl.RoleInfo (RoleInfo.java:updateAndGet(148)) - 40df8fc4-149d-40c0-897d-2844034d8141: start 40df8fc4-149d-40c0-897d-2844034d8141@group-C626CE820278-FollowerState
2025-10-22 08:24:16,634 [40df8fc4-149d-40c0-897d-2844034d8141@group-5E2F154B5BDB-FollowerState] INFO  impl.FollowerState (FollowerState.java:runImpl(161)) - 40df8fc4-149d-40c0-897d-2844034d8141@group-5E2F154B5BDB-FollowerState: change to CANDIDATE, lastRpcElapsedTime:1024253107ns, electionTimeout:1024ms
2025-10-22 08:24:16,635 [40df8fc4-149d-40c0-897d-2844034d8141@group-5E2F154B5BDB-FollowerState] INFO  impl.RoleInfo (RoleInfo.java:shutdownFollowerState(121)) - 40df8fc4-149d-40c0-897d-2844034d8141: shutdown 40df8fc4-149d-40c0-897d-2844034d8141@group-5E2F154B5BDB-FollowerState
2025-10-22 08:24:16,635 [40df8fc4-149d-40c0-897d-2844034d8141@group-5E2F154B5BDB-FollowerState] INFO  server.RaftServer$Division (RaftServerImpl.java:setRole(392)) - 40df8fc4-149d-40c0-897d-2844034d8141@group-5E2F154B5BDB: changes role from  FOLLOWER to CANDIDATE at term 1 for changeToCandidate
2025-10-22 08:24:16,635 [40df8fc4-149d-40c0-897d-2844034d8141@group-5E2F154B5BDB-FollowerState] INFO  impl.RoleInfo (RoleInfo.java:updateAndGet(148)) - 40df8fc4-149d-40c0-897d-2844034d8141: start 40df8fc4-149d-40c0-897d-2844034d8141@group-5E2F154B5BDB-LeaderElection61
2025-10-22 08:24:16,635 [40df8fc4-149d-40c0-897d-2844034d8141@group-5E2F154B5BDB-LeaderElection61] INFO  impl.LeaderElection (LeaderElection.java:askForVotes(448)) - 40df8fc4-149d-40c0-897d-2844034d8141@group-5E2F154B5BDB-LeaderElection61 PRE_VOTE round 0: submit vote requests at term 1 for conf: {index: 0, cur=peers:[4d8a2798-959e-416b-b534-19c13b55a760|127.0.0.1:15023, 1c036820-4dbe-4abe-80fb-5ca88de5e2f0|127.0.0.1:15015, 40df8fc4-149d-40c0-897d-2844034d8141|127.0.0.1:15031]|listeners:[], old=null}
2025-10-22 08:24:16,636 [40df8fc4-149d-40c0-897d-2844034d8141@group-5E2F154B5BDB-LeaderElection61] INFO  impl.LeaderElection (LogUtils.java:infoOrTrace(142)) - 40df8fc4-149d-40c0-897d-2844034d8141@group-5E2F154B5BDB-LeaderElection61 got exception when requesting votes: java.util.concurrent.ExecutionException: org.apache.ratis.thirdparty.io.grpc.StatusRuntimeException: UNAVAILABLE: io exception
2025-10-22 08:24:16,636 [40df8fc4-149d-40c0-897d-2844034d8141@group-5E2F154B5BDB-LeaderElection61] INFO  impl.LeaderElection (LogUtils.java:infoOrTrace(142)) - 40df8fc4-149d-40c0-897d-2844034d8141@group-5E2F154B5BDB-LeaderElection61 got exception when requesting votes: java.util.concurrent.ExecutionException: org.apache.ratis.thirdparty.io.grpc.StatusRuntimeException: UNAVAILABLE: io exception
2025-10-22 08:24:16,636 [40df8fc4-149d-40c0-897d-2844034d8141@group-5E2F154B5BDB-LeaderElection61] INFO  impl.LeaderElection (LeaderElection.java:logAndReturn(206)) - 40df8fc4-149d-40c0-897d-2844034d8141@group-5E2F154B5BDB-LeaderElection61: PRE_VOTE REJECTED received 0 response(s) and 2 exception(s):
2025-10-22 08:24:16,636 [40df8fc4-149d-40c0-897d-2844034d8141@group-5E2F154B5BDB-LeaderElection61] INFO  impl.LeaderElection (LogUtils.java:infoOrTrace(142)) -   Exception 0: java.util.concurrent.ExecutionException: org.apache.ratis.thirdparty.io.grpc.StatusRuntimeException: UNAVAILABLE: io exception
2025-10-22 08:24:16,636 [40df8fc4-149d-40c0-897d-2844034d8141@group-5E2F154B5BDB-LeaderElection61] INFO  impl.LeaderElection (LogUtils.java:infoOrTrace(142)) -   Exception 1: java.util.concurrent.ExecutionException: org.apache.ratis.thirdparty.io.grpc.StatusRuntimeException: UNAVAILABLE: io exception
2025-10-22 08:24:16,636 [40df8fc4-149d-40c0-897d-2844034d8141@group-5E2F154B5BDB-LeaderElection61] INFO  impl.LeaderElection (LeaderElection.java:askForVotes(450)) - 40df8fc4-149d-40c0-897d-2844034d8141@group-5E2F154B5BDB-LeaderElection61 PRE_VOTE round 0: result REJECTED
2025-10-22 08:24:16,636 [40df8fc4-149d-40c0-897d-2844034d8141@group-5E2F154B5BDB-LeaderElection61] INFO  server.RaftServer$Division (RaftServerImpl.java:setRole(392)) - 40df8fc4-149d-40c0-897d-2844034d8141@group-5E2F154B5BDB: changes role from CANDIDATE to FOLLOWER at term 1 for REJECTED
2025-10-22 08:24:16,636 [40df8fc4-149d-40c0-897d-2844034d8141@group-5E2F154B5BDB-LeaderElection61] INFO  impl.RoleInfo (RoleInfo.java:shutdownLeaderElection(141)) - 40df8fc4-149d-40c0-897d-2844034d8141: shutdown 40df8fc4-149d-40c0-897d-2844034d8141@group-5E2F154B5BDB-LeaderElection61
2025-10-22 08:24:16,636 [40df8fc4-149d-40c0-897d-2844034d8141@group-5E2F154B5BDB-LeaderElection61] INFO  impl.RoleInfo (RoleInfo.java:updateAndGet(148)) - 40df8fc4-149d-40c0-897d-2844034d8141: start 40df8fc4-149d-40c0-897d-2844034d8141@group-5E2F154B5BDB-FollowerState
2025-10-22 08:24:17,730 [40df8fc4-149d-40c0-897d-2844034d8141@group-C626CE820278-FollowerState] INFO  impl.FollowerState (FollowerState.java:runImpl(161)) - 40df8fc4-149d-40c0-897d-2844034d8141@group-C626CE820278-FollowerState: change to CANDIDATE, lastRpcElapsedTime:1154386458ns, electionTimeout:1154ms
2025-10-22 08:24:17,730 [40df8fc4-149d-40c0-897d-2844034d8141@group-C626CE820278-FollowerState] INFO  impl.RoleInfo (RoleInfo.java:shutdownFollowerState(121)) - 40df8fc4-149d-40c0-897d-2844034d8141: shutdown 40df8fc4-149d-40c0-897d-2844034d8141@group-C626CE820278-FollowerState
2025-10-22 08:24:17,730 [40df8fc4-149d-40c0-897d-2844034d8141@group-C626CE820278-FollowerState] INFO  server.RaftServer$Division (RaftServerImpl.java:setRole(392)) - 40df8fc4-149d-40c0-897d-2844034d8141@group-C626CE820278: changes role from  FOLLOWER to CANDIDATE at term 1 for changeToCandidate
2025-10-22 08:24:17,730 [40df8fc4-149d-40c0-897d-2844034d8141@group-C626CE820278-FollowerState] INFO  impl.RoleInfo (RoleInfo.java:updateAndGet(148)) - 40df8fc4-149d-40c0-897d-2844034d8141: start 40df8fc4-149d-40c0-897d-2844034d8141@group-C626CE820278-LeaderElection62
2025-10-22 08:24:17,730 [40df8fc4-149d-40c0-897d-2844034d8141@group-C626CE820278-LeaderElection62] INFO  impl.LeaderElection (LeaderElection.java:askForVotes(448)) - 40df8fc4-149d-40c0-897d-2844034d8141@group-C626CE820278-LeaderElection62 PRE_VOTE round 0: submit vote requests at term 1 for conf: {index: 0, cur=peers:[4d8a2798-959e-416b-b534-19c13b55a760|127.0.0.1:15023, 1c036820-4dbe-4abe-80fb-5ca88de5e2f0|127.0.0.1:15015, 40df8fc4-149d-40c0-897d-2844034d8141|127.0.0.1:15031]|listeners:[], old=null}
2025-10-22 08:24:17,731 [40df8fc4-149d-40c0-897d-2844034d8141@group-C626CE820278-LeaderElection62] INFO  impl.LeaderElection (LogUtils.java:infoOrTrace(142)) - 40df8fc4-149d-40c0-897d-2844034d8141@group-C626CE820278-LeaderElection62 got exception when requesting votes: java.util.concurrent.ExecutionException: org.apache.ratis.thirdparty.io.grpc.StatusRuntimeException: UNAVAILABLE: io exception
2025-10-22 08:24:17,731 [40df8fc4-149d-40c0-897d-2844034d8141@group-C626CE820278-LeaderElection62] INFO  impl.LeaderElection (LogUtils.java:infoOrTrace(142)) - 40df8fc4-149d-40c0-897d-2844034d8141@group-C626CE820278-LeaderElection62 got exception when requesting votes: java.util.concurrent.ExecutionException: org.apache.ratis.thirdparty.io.grpc.StatusRuntimeException: UNAVAILABLE: io exception
2025-10-22 08:24:17,731 [40df8fc4-149d-40c0-897d-2844034d8141@group-C626CE820278-LeaderElection62] INFO  impl.LeaderElection (LeaderElection.java:logAndReturn(206)) - 40df8fc4-149d-40c0-897d-2844034d8141@group-C626CE820278-LeaderElection62: PRE_VOTE REJECTED received 0 response(s) and 2 exception(s):
2025-10-22 08:24:17,731 [40df8fc4-149d-40c0-897d-2844034d8141@group-C626CE820278-LeaderElection62] INFO  impl.LeaderElection (LogUtils.java:infoOrTrace(142)) -   Exception 0: java.util.concurrent.ExecutionException: org.apache.ratis.thirdparty.io.grpc.StatusRuntimeException: UNAVAILABLE: io exception
2025-10-22 08:24:17,731 [40df8fc4-149d-40c0-897d-2844034d8141@group-C626CE820278-LeaderElection62] INFO  impl.LeaderElection (LogUtils.java:infoOrTrace(142)) -   Exception 1: java.util.concurrent.ExecutionException: org.apache.ratis.thirdparty.io.grpc.StatusRuntimeException: UNAVAILABLE: io exception
2025-10-22 08:24:17,731 [40df8fc4-149d-40c0-897d-2844034d8141@group-C626CE820278-LeaderElection62] INFO  impl.LeaderElection (LeaderElection.java:askForVotes(450)) - 40df8fc4-149d-40c0-897d-2844034d8141@group-C626CE820278-LeaderElection62 PRE_VOTE round 0: result REJECTED
2025-10-22 08:24:17,731 [40df8fc4-149d-40c0-897d-2844034d8141@group-C626CE820278-LeaderElection62] INFO  server.RaftServer$Division (RaftServerImpl.java:setRole(392)) - 40df8fc4-149d-40c0-897d-2844034d8141@group-C626CE820278: changes role from CANDIDATE to FOLLOWER at term 1 for REJECTED
2025-10-22 08:24:17,731 [40df8fc4-149d-40c0-897d-2844034d8141@group-C626CE820278-LeaderElection62] INFO  impl.RoleInfo (RoleInfo.java:shutdownLeaderElection(141)) - 40df8fc4-149d-40c0-897d-2844034d8141: shutdown 40df8fc4-149d-40c0-897d-2844034d8141@group-C626CE820278-LeaderElection62
2025-10-22 08:24:17,732 [40df8fc4-149d-40c0-897d-2844034d8141@group-C626CE820278-LeaderElection62] INFO  impl.RoleInfo (RoleInfo.java:updateAndGet(148)) - 40df8fc4-149d-40c0-897d-2844034d8141: start 40df8fc4-149d-40c0-897d-2844034d8141@group-C626CE820278-FollowerState
2025-10-22 08:24:17,821 [40df8fc4-149d-40c0-897d-2844034d8141@group-5E2F154B5BDB-FollowerState] INFO  impl.FollowerState (FollowerState.java:runImpl(161)) - 40df8fc4-149d-40c0-897d-2844034d8141@group-5E2F154B5BDB-FollowerState: change to CANDIDATE, lastRpcElapsedTime:1185341624ns, electionTimeout:1185ms
2025-10-22 08:24:17,822 [40df8fc4-149d-40c0-897d-2844034d8141@group-5E2F154B5BDB-FollowerState] INFO  impl.RoleInfo (RoleInfo.java:shutdownFollowerState(121)) - 40df8fc4-149d-40c0-897d-2844034d8141: shutdown 40df8fc4-149d-40c0-897d-2844034d8141@group-5E2F154B5BDB-FollowerState
2025-10-22 08:24:17,822 [40df8fc4-149d-40c0-897d-2844034d8141@group-5E2F154B5BDB-FollowerState] INFO  server.RaftServer$Division (RaftServerImpl.java:setRole(392)) - 40df8fc4-149d-40c0-897d-2844034d8141@group-5E2F154B5BDB: changes role from  FOLLOWER to CANDIDATE at term 1 for changeToCandidate
2025-10-22 08:24:17,822 [40df8fc4-149d-40c0-897d-2844034d8141@group-5E2F154B5BDB-FollowerState] INFO  impl.RoleInfo (RoleInfo.java:updateAndGet(148)) - 40df8fc4-149d-40c0-897d-2844034d8141: start 40df8fc4-149d-40c0-897d-2844034d8141@group-5E2F154B5BDB-LeaderElection63
2025-10-22 08:24:17,822 [40df8fc4-149d-40c0-897d-2844034d8141@group-5E2F154B5BDB-LeaderElection63] INFO  impl.LeaderElection (LeaderElection.java:askForVotes(448)) - 40df8fc4-149d-40c0-897d-2844034d8141@group-5E2F154B5BDB-LeaderElection63 PRE_VOTE round 0: submit vote requests at term 1 for conf: {index: 0, cur=peers:[4d8a2798-959e-416b-b534-19c13b55a760|127.0.0.1:15023, 1c036820-4dbe-4abe-80fb-5ca88de5e2f0|127.0.0.1:15015, 40df8fc4-149d-40c0-897d-2844034d8141|127.0.0.1:15031]|listeners:[], old=null}
2025-10-22 08:24:17,823 [40df8fc4-149d-40c0-897d-2844034d8141@group-5E2F154B5BDB-LeaderElection63] INFO  impl.LeaderElection (LogUtils.java:infoOrTrace(142)) - 40df8fc4-149d-40c0-897d-2844034d8141@group-5E2F154B5BDB-LeaderElection63 got exception when requesting votes: java.util.concurrent.ExecutionException: org.apache.ratis.thirdparty.io.grpc.StatusRuntimeException: UNAVAILABLE: io exception
2025-10-22 08:24:17,823 [40df8fc4-149d-40c0-897d-2844034d8141@group-5E2F154B5BDB-LeaderElection63] INFO  impl.LeaderElection (LogUtils.java:infoOrTrace(142)) - 40df8fc4-149d-40c0-897d-2844034d8141@group-5E2F154B5BDB-LeaderElection63 got exception when requesting votes: java.util.concurrent.ExecutionException: org.apache.ratis.thirdparty.io.grpc.StatusRuntimeException: UNAVAILABLE: io exception
2025-10-22 08:24:17,823 [40df8fc4-149d-40c0-897d-2844034d8141@group-5E2F154B5BDB-LeaderElection63] INFO  impl.LeaderElection (LeaderElection.java:logAndReturn(206)) - 40df8fc4-149d-40c0-897d-2844034d8141@group-5E2F154B5BDB-LeaderElection63: PRE_VOTE REJECTED received 0 response(s) and 2 exception(s):
2025-10-22 08:24:17,823 [40df8fc4-149d-40c0-897d-2844034d8141@group-5E2F154B5BDB-LeaderElection63] INFO  impl.LeaderElection (LogUtils.java:infoOrTrace(142)) -   Exception 0: java.util.concurrent.ExecutionException: org.apache.ratis.thirdparty.io.grpc.StatusRuntimeException: UNAVAILABLE: io exception
2025-10-22 08:24:17,823 [40df8fc4-149d-40c0-897d-2844034d8141@group-5E2F154B5BDB-LeaderElection63] INFO  impl.LeaderElection (LogUtils.java:infoOrTrace(142)) -   Exception 1: java.util.concurrent.ExecutionException: org.apache.ratis.thirdparty.io.grpc.StatusRuntimeException: UNAVAILABLE: io exception
2025-10-22 08:24:17,823 [40df8fc4-149d-40c0-897d-2844034d8141@group-5E2F154B5BDB-LeaderElection63] INFO  impl.LeaderElection (LeaderElection.java:askForVotes(450)) - 40df8fc4-149d-40c0-897d-2844034d8141@group-5E2F154B5BDB-LeaderElection63 PRE_VOTE round 0: result REJECTED
2025-10-22 08:24:17,823 [40df8fc4-149d-40c0-897d-2844034d8141@group-5E2F154B5BDB-LeaderElection63] INFO  server.RaftServer$Division (RaftServerImpl.java:setRole(392)) - 40df8fc4-149d-40c0-897d-2844034d8141@group-5E2F154B5BDB: changes role from CANDIDATE to FOLLOWER at term 1 for REJECTED
2025-10-22 08:24:17,823 [40df8fc4-149d-40c0-897d-2844034d8141@group-5E2F154B5BDB-LeaderElection63] INFO  impl.RoleInfo (RoleInfo.java:shutdownLeaderElection(141)) - 40df8fc4-149d-40c0-897d-2844034d8141: shutdown 40df8fc4-149d-40c0-897d-2844034d8141@group-5E2F154B5BDB-LeaderElection63
2025-10-22 08:24:17,823 [40df8fc4-149d-40c0-897d-2844034d8141@group-5E2F154B5BDB-LeaderElection63] INFO  impl.RoleInfo (RoleInfo.java:updateAndGet(148)) - 40df8fc4-149d-40c0-897d-2844034d8141: start 40df8fc4-149d-40c0-897d-2844034d8141@group-5E2F154B5BDB-FollowerState
2025-10-22 08:24:18,221 [grpc-default-executor-3] ERROR impl.OrderedAsync (OrderedAsync.java:lambda$null$6(215)) -  client-ACEEB1504463: Failed* RaftClientRequest:client-ACEEB1504463->4d8a2798-959e-416b-b534-19c13b55a760@group-C626CE820278, cid=18, seq=4*, RW, cmdType: WriteChunk traceID: "" containerID: 1 datanodeUuid: "4d8a2798-959e-416b-b534-19c13b55a760" writeChunk { blockID { containerID: 1 localID: 115816896921600001 blockCommitSequenceId: 2 replicaIndex: 0 } chunkData { chunkName: "115816896921600001_chunk_2" offset: 1048576 len: 1048576 } } version: 3, data.size=1048576
java.util.concurrent.CompletionException: java.io.IOException: org.apache.ratis.thirdparty.io.grpc.StatusRuntimeException: UNAVAILABLE: io exception
	at java.base/java.util.concurrent.CompletableFuture.encodeThrowable(CompletableFuture.java:332)
	at java.base/java.util.concurrent.CompletableFuture.completeThrowable(CompletableFuture.java:347)
	at java.base/java.util.concurrent.CompletableFuture$UniAccept.tryFire(CompletableFuture.java:708)
	at java.base/java.util.concurrent.CompletableFuture.postComplete(CompletableFuture.java:510)
	at java.base/java.util.concurrent.CompletableFuture.completeExceptionally(CompletableFuture.java:2194)
	at org.apache.ratis.grpc.client.GrpcClientProtocolClient$AsyncStreamObservers.completeReplyExceptionally(GrpcClientProtocolClient.java:397)
	at org.apache.ratis.grpc.client.GrpcClientProtocolClient$AsyncStreamObservers.access$000(GrpcClientProtocolClient.java:303)
	at org.apache.ratis.grpc.client.GrpcClientProtocolClient$AsyncStreamObservers$1.onError(GrpcClientProtocolClient.java:334)
	at org.apache.ratis.thirdparty.io.grpc.stub.ClientCalls$StreamObserverToCallListenerAdapter.onClose(ClientCalls.java:564)
	at org.apache.ratis.thirdparty.io.grpc.PartialForwardingClientCallListener.onClose(PartialForwardingClientCallListener.java:39)
	at org.apache.ratis.thirdparty.io.grpc.ForwardingClientCallListener.onClose(ForwardingClientCallListener.java:23)
	at org.apache.ratis.grpc.metrics.intercept.client.MetricClientCallListener.onClose(MetricClientCallListener.java:47)
	at org.apache.ratis.thirdparty.io.grpc.internal.ClientCallImpl.closeObserver(ClientCallImpl.java:565)
	at org.apache.ratis.thirdparty.io.grpc.internal.ClientCallImpl.access$100(ClientCallImpl.java:72)
	at org.apache.ratis.thirdparty.io.grpc.internal.ClientCallImpl$ClientStreamListenerImpl$1StreamClosed.runInternal(ClientCallImpl.java:733)
	at org.apache.ratis.thirdparty.io.grpc.internal.ClientCallImpl$ClientStreamListenerImpl$1StreamClosed.runInContext(ClientCallImpl.java:714)
	at org.apache.ratis.thirdparty.io.grpc.internal.ContextRunnable.run(ContextRunnable.java:37)
	at org.apache.ratis.thirdparty.io.grpc.internal.SerializingExecutor.run(SerializingExecutor.java:133)
	at java.base/java.util.concurrent.ThreadPoolExecutor.runWorker(ThreadPoolExecutor.java:1144)
	at java.base/java.util.concurrent.ThreadPoolExecutor$Worker.run(ThreadPoolExecutor.java:642)
	at java.base/java.lang.Thread.run(Thread.java:1583)
Caused by: java.io.IOException: org.apache.ratis.thirdparty.io.grpc.StatusRuntimeException: UNAVAILABLE: io exception
	at org.apache.ratis.grpc.GrpcUtil.unwrapException(GrpcUtil.java:99)
	at org.apache.ratis.grpc.GrpcUtil.unwrapIOException(GrpcUtil.java:159)
	at org.apache.ratis.grpc.client.GrpcClientProtocolClient$AsyncStreamObservers$1.onError(GrpcClientProtocolClient.java:333)
	... 13 more
Caused by: org.apache.ratis.thirdparty.io.grpc.StatusRuntimeException: UNAVAILABLE: io exception
	at org.apache.ratis.thirdparty.io.grpc.Status.asRuntimeException(Status.java:532)
	... 13 more
Caused by: org.apache.ratis.thirdparty.io.netty.channel.AbstractChannel$AnnotatedConnectException: finishConnect(..) failed: Connection refused: /127.0.0.1:15021
Caused by: java.net.ConnectException: finishConnect(..) failed: Connection refused
	at org.apache.ratis.thirdparty.io.netty.channel.unix.Errors.newConnectException0(Errors.java:166)
	at org.apache.ratis.thirdparty.io.netty.channel.unix.Errors.handleConnectErrno(Errors.java:131)
	at org.apache.ratis.thirdparty.io.netty.channel.unix.Socket.finishConnect(Socket.java:359)
	at org.apache.ratis.thirdparty.io.netty.channel.epoll.AbstractEpollChannel$AbstractEpollUnsafe.doFinishConnect(AbstractEpollChannel.java:715)
	at org.apache.ratis.thirdparty.io.netty.channel.epoll.AbstractEpollChannel$AbstractEpollUnsafe.finishConnect(AbstractEpollChannel.java:692)
	at org.apache.ratis.thirdparty.io.netty.channel.epoll.AbstractEpollChannel$AbstractEpollUnsafe.epollOutReady(AbstractEpollChannel.java:567)
	at org.apache.ratis.thirdparty.io.netty.channel.epoll.EpollEventLoop.processReady(EpollEventLoop.java:491)
	at org.apache.ratis.thirdparty.io.netty.channel.epoll.EpollEventLoop.run(EpollEventLoop.java:399)
	at org.apache.ratis.thirdparty.io.netty.util.concurrent.SingleThreadEventExecutor$4.run(SingleThreadEventExecutor.java:998)
	at org.apache.ratis.thirdparty.io.netty.util.internal.ThreadExecutorMap$2.run(ThreadExecutorMap.java:74)
	at org.apache.ratis.thirdparty.io.netty.util.concurrent.FastThreadLocalRunnable.run(FastThreadLocalRunnable.java:30)
	at java.base/java.lang.Thread.run(Thread.java:1583)
2025-10-22 08:24:18,797 [40df8fc4-149d-40c0-897d-2844034d8141@group-C626CE820278-FollowerState] INFO  impl.FollowerState (FollowerState.java:runImpl(161)) - 40df8fc4-149d-40c0-897d-2844034d8141@group-C626CE820278-FollowerState: change to CANDIDATE, lastRpcElapsedTime:1065311409ns, electionTimeout:1065ms
2025-10-22 08:24:18,797 [40df8fc4-149d-40c0-897d-2844034d8141@group-C626CE820278-FollowerState] INFO  impl.RoleInfo (RoleInfo.java:shutdownFollowerState(121)) - 40df8fc4-149d-40c0-897d-2844034d8141: shutdown 40df8fc4-149d-40c0-897d-2844034d8141@group-C626CE820278-FollowerState
2025-10-22 08:24:18,797 [40df8fc4-149d-40c0-897d-2844034d8141@group-C626CE820278-FollowerState] INFO  server.RaftServer$Division (RaftServerImpl.java:setRole(392)) - 40df8fc4-149d-40c0-897d-2844034d8141@group-C626CE820278: changes role from  FOLLOWER to CANDIDATE at term 1 for changeToCandidate
2025-10-22 08:24:18,797 [40df8fc4-149d-40c0-897d-2844034d8141@group-C626CE820278-FollowerState] INFO  impl.RoleInfo (RoleInfo.java:updateAndGet(148)) - 40df8fc4-149d-40c0-897d-2844034d8141: start 40df8fc4-149d-40c0-897d-2844034d8141@group-C626CE820278-LeaderElection64
2025-10-22 08:24:18,798 [40df8fc4-149d-40c0-897d-2844034d8141@group-C626CE820278-LeaderElection64] INFO  impl.LeaderElection (LeaderElection.java:askForVotes(448)) - 40df8fc4-149d-40c0-897d-2844034d8141@group-C626CE820278-LeaderElection64 PRE_VOTE round 0: submit vote requests at term 1 for conf: {index: 0, cur=peers:[4d8a2798-959e-416b-b534-19c13b55a760|127.0.0.1:15023, 1c036820-4dbe-4abe-80fb-5ca88de5e2f0|127.0.0.1:15015, 40df8fc4-149d-40c0-897d-2844034d8141|127.0.0.1:15031]|listeners:[], old=null}
2025-10-22 08:24:18,798 [40df8fc4-149d-40c0-897d-2844034d8141@group-C626CE820278-LeaderElection64] INFO  impl.LeaderElection (LogUtils.java:infoOrTrace(142)) - 40df8fc4-149d-40c0-897d-2844034d8141@group-C626CE820278-LeaderElection64 got exception when requesting votes: java.util.concurrent.ExecutionException: org.apache.ratis.thirdparty.io.grpc.StatusRuntimeException: UNAVAILABLE: io exception
2025-10-22 08:24:18,798 [40df8fc4-149d-40c0-897d-2844034d8141@group-C626CE820278-LeaderElection64] INFO  impl.LeaderElection (LogUtils.java:infoOrTrace(142)) - 40df8fc4-149d-40c0-897d-2844034d8141@group-C626CE820278-LeaderElection64 got exception when requesting votes: java.util.concurrent.ExecutionException: org.apache.ratis.thirdparty.io.grpc.StatusRuntimeException: UNAVAILABLE: io exception
2025-10-22 08:24:18,798 [40df8fc4-149d-40c0-897d-2844034d8141@group-C626CE820278-LeaderElection64] INFO  impl.LeaderElection (LeaderElection.java:logAndReturn(206)) - 40df8fc4-149d-40c0-897d-2844034d8141@group-C626CE820278-LeaderElection64: PRE_VOTE REJECTED received 0 response(s) and 2 exception(s):
2025-10-22 08:24:18,798 [40df8fc4-149d-40c0-897d-2844034d8141@group-C626CE820278-LeaderElection64] INFO  impl.LeaderElection (LogUtils.java:infoOrTrace(142)) -   Exception 0: java.util.concurrent.ExecutionException: org.apache.ratis.thirdparty.io.grpc.StatusRuntimeException: UNAVAILABLE: io exception
2025-10-22 08:24:18,798 [40df8fc4-149d-40c0-897d-2844034d8141@group-C626CE820278-LeaderElection64] INFO  impl.LeaderElection (LogUtils.java:infoOrTrace(142)) -   Exception 1: java.util.concurrent.ExecutionException: org.apache.ratis.thirdparty.io.grpc.StatusRuntimeException: UNAVAILABLE: io exception
2025-10-22 08:24:18,798 [40df8fc4-149d-40c0-897d-2844034d8141@group-C626CE820278-LeaderElection64] INFO  impl.LeaderElection (LeaderElection.java:askForVotes(450)) - 40df8fc4-149d-40c0-897d-2844034d8141@group-C626CE820278-LeaderElection64 PRE_VOTE round 0: result REJECTED
2025-10-22 08:24:18,798 [40df8fc4-149d-40c0-897d-2844034d8141@group-C626CE820278-LeaderElection64] INFO  server.RaftServer$Division (RaftServerImpl.java:setRole(392)) - 40df8fc4-149d-40c0-897d-2844034d8141@group-C626CE820278: changes role from CANDIDATE to FOLLOWER at term 1 for REJECTED
2025-10-22 08:24:18,799 [40df8fc4-149d-40c0-897d-2844034d8141@group-C626CE820278-LeaderElection64] INFO  impl.RoleInfo (RoleInfo.java:shutdownLeaderElection(141)) - 40df8fc4-149d-40c0-897d-2844034d8141: shutdown 40df8fc4-149d-40c0-897d-2844034d8141@group-C626CE820278-LeaderElection64
2025-10-22 08:24:18,799 [40df8fc4-149d-40c0-897d-2844034d8141@group-C626CE820278-LeaderElection64] INFO  impl.RoleInfo (RoleInfo.java:updateAndGet(148)) - 40df8fc4-149d-40c0-897d-2844034d8141: start 40df8fc4-149d-40c0-897d-2844034d8141@group-C626CE820278-FollowerState
2025-10-22 08:24:18,931 [40df8fc4-149d-40c0-897d-2844034d8141@group-5E2F154B5BDB-FollowerState] INFO  impl.FollowerState (FollowerState.java:runImpl(161)) - 40df8fc4-149d-40c0-897d-2844034d8141@group-5E2F154B5BDB-FollowerState: change to CANDIDATE, lastRpcElapsedTime:1107297996ns, electionTimeout:1107ms
2025-10-22 08:24:18,931 [40df8fc4-149d-40c0-897d-2844034d8141@group-5E2F154B5BDB-FollowerState] INFO  impl.RoleInfo (RoleInfo.java:shutdownFollowerState(121)) - 40df8fc4-149d-40c0-897d-2844034d8141: shutdown 40df8fc4-149d-40c0-897d-2844034d8141@group-5E2F154B5BDB-FollowerState
2025-10-22 08:24:18,931 [40df8fc4-149d-40c0-897d-2844034d8141@group-5E2F154B5BDB-FollowerState] INFO  server.RaftServer$Division (RaftServerImpl.java:setRole(392)) - 40df8fc4-149d-40c0-897d-2844034d8141@group-5E2F154B5BDB: changes role from  FOLLOWER to CANDIDATE at term 1 for changeToCandidate
2025-10-22 08:24:18,931 [40df8fc4-149d-40c0-897d-2844034d8141@group-5E2F154B5BDB-FollowerState] INFO  impl.RoleInfo (RoleInfo.java:updateAndGet(148)) - 40df8fc4-149d-40c0-897d-2844034d8141: start 40df8fc4-149d-40c0-897d-2844034d8141@group-5E2F154B5BDB-LeaderElection65
2025-10-22 08:24:18,931 [40df8fc4-149d-40c0-897d-2844034d8141@group-5E2F154B5BDB-LeaderElection65] INFO  impl.LeaderElection (LeaderElection.java:askForVotes(448)) - 40df8fc4-149d-40c0-897d-2844034d8141@group-5E2F154B5BDB-LeaderElection65 PRE_VOTE round 0: submit vote requests at term 1 for conf: {index: 0, cur=peers:[4d8a2798-959e-416b-b534-19c13b55a760|127.0.0.1:15023, 1c036820-4dbe-4abe-80fb-5ca88de5e2f0|127.0.0.1:15015, 40df8fc4-149d-40c0-897d-2844034d8141|127.0.0.1:15031]|listeners:[], old=null}
2025-10-22 08:24:18,932 [40df8fc4-149d-40c0-897d-2844034d8141@group-5E2F154B5BDB-LeaderElection65] INFO  impl.LeaderElection (LogUtils.java:infoOrTrace(142)) - 40df8fc4-149d-40c0-897d-2844034d8141@group-5E2F154B5BDB-LeaderElection65 got exception when requesting votes: java.util.concurrent.ExecutionException: org.apache.ratis.thirdparty.io.grpc.StatusRuntimeException: UNAVAILABLE: io exception
2025-10-22 08:24:18,932 [40df8fc4-149d-40c0-897d-2844034d8141@group-5E2F154B5BDB-LeaderElection65] INFO  impl.LeaderElection (LogUtils.java:infoOrTrace(142)) - 40df8fc4-149d-40c0-897d-2844034d8141@group-5E2F154B5BDB-LeaderElection65 got exception when requesting votes: java.util.concurrent.ExecutionException: org.apache.ratis.thirdparty.io.grpc.StatusRuntimeException: UNAVAILABLE: io exception
2025-10-22 08:24:18,932 [40df8fc4-149d-40c0-897d-2844034d8141@group-5E2F154B5BDB-LeaderElection65] INFO  impl.LeaderElection (LeaderElection.java:logAndReturn(206)) - 40df8fc4-149d-40c0-897d-2844034d8141@group-5E2F154B5BDB-LeaderElection65: PRE_VOTE REJECTED received 0 response(s) and 2 exception(s):
2025-10-22 08:24:18,932 [40df8fc4-149d-40c0-897d-2844034d8141@group-5E2F154B5BDB-LeaderElection65] INFO  impl.LeaderElection (LogUtils.java:infoOrTrace(142)) -   Exception 0: java.util.concurrent.ExecutionException: org.apache.ratis.thirdparty.io.grpc.StatusRuntimeException: UNAVAILABLE: io exception
2025-10-22 08:24:18,932 [40df8fc4-149d-40c0-897d-2844034d8141@group-5E2F154B5BDB-LeaderElection65] INFO  impl.LeaderElection (LogUtils.java:infoOrTrace(142)) -   Exception 1: java.util.concurrent.ExecutionException: org.apache.ratis.thirdparty.io.grpc.StatusRuntimeException: UNAVAILABLE: io exception
2025-10-22 08:24:18,932 [40df8fc4-149d-40c0-897d-2844034d8141@group-5E2F154B5BDB-LeaderElection65] INFO  impl.LeaderElection (LeaderElection.java:askForVotes(450)) - 40df8fc4-149d-40c0-897d-2844034d8141@group-5E2F154B5BDB-LeaderElection65 PRE_VOTE round 0: result REJECTED
2025-10-22 08:24:18,932 [40df8fc4-149d-40c0-897d-2844034d8141@group-5E2F154B5BDB-LeaderElection65] INFO  server.RaftServer$Division (RaftServerImpl.java:setRole(392)) - 40df8fc4-149d-40c0-897d-2844034d8141@group-5E2F154B5BDB: changes role from CANDIDATE to FOLLOWER at term 1 for REJECTED
2025-10-22 08:24:18,932 [40df8fc4-149d-40c0-897d-2844034d8141@group-5E2F154B5BDB-LeaderElection65] INFO  impl.RoleInfo (RoleInfo.java:shutdownLeaderElection(141)) - 40df8fc4-149d-40c0-897d-2844034d8141: shutdown 40df8fc4-149d-40c0-897d-2844034d8141@group-5E2F154B5BDB-LeaderElection65
2025-10-22 08:24:18,933 [40df8fc4-149d-40c0-897d-2844034d8141@group-5E2F154B5BDB-LeaderElection65] INFO  impl.RoleInfo (RoleInfo.java:updateAndGet(148)) - 40df8fc4-149d-40c0-897d-2844034d8141: start 40df8fc4-149d-40c0-897d-2844034d8141@group-5E2F154B5BDB-FollowerState
2025-10-22 08:24:19,872 [40df8fc4-149d-40c0-897d-2844034d8141@group-C626CE820278-FollowerState] INFO  impl.FollowerState (FollowerState.java:runImpl(161)) - 40df8fc4-149d-40c0-897d-2844034d8141@group-C626CE820278-FollowerState: change to CANDIDATE, lastRpcElapsedTime:1073289792ns, electionTimeout:1073ms
2025-10-22 08:24:19,872 [40df8fc4-149d-40c0-897d-2844034d8141@group-C626CE820278-FollowerState] INFO  impl.RoleInfo (RoleInfo.java:shutdownFollowerState(121)) - 40df8fc4-149d-40c0-897d-2844034d8141: shutdown 40df8fc4-149d-40c0-897d-2844034d8141@group-C626CE820278-FollowerState
2025-10-22 08:24:19,872 [40df8fc4-149d-40c0-897d-2844034d8141@group-C626CE820278-FollowerState] INFO  server.RaftServer$Division (RaftServerImpl.java:setRole(392)) - 40df8fc4-149d-40c0-897d-2844034d8141@group-C626CE820278: changes role from  FOLLOWER to CANDIDATE at term 1 for changeToCandidate
2025-10-22 08:24:19,872 [40df8fc4-149d-40c0-897d-2844034d8141@group-C626CE820278-FollowerState] INFO  impl.RoleInfo (RoleInfo.java:updateAndGet(148)) - 40df8fc4-149d-40c0-897d-2844034d8141: start 40df8fc4-149d-40c0-897d-2844034d8141@group-C626CE820278-LeaderElection66
2025-10-22 08:24:19,873 [40df8fc4-149d-40c0-897d-2844034d8141@group-C626CE820278-LeaderElection66] INFO  impl.LeaderElection (LeaderElection.java:askForVotes(448)) - 40df8fc4-149d-40c0-897d-2844034d8141@group-C626CE820278-LeaderElection66 PRE_VOTE round 0: submit vote requests at term 1 for conf: {index: 0, cur=peers:[4d8a2798-959e-416b-b534-19c13b55a760|127.0.0.1:15023, 1c036820-4dbe-4abe-80fb-5ca88de5e2f0|127.0.0.1:15015, 40df8fc4-149d-40c0-897d-2844034d8141|127.0.0.1:15031]|listeners:[], old=null}
2025-10-22 08:24:19,874 [40df8fc4-149d-40c0-897d-2844034d8141@group-C626CE820278-LeaderElection66] INFO  impl.LeaderElection (LogUtils.java:infoOrTrace(142)) - 40df8fc4-149d-40c0-897d-2844034d8141@group-C626CE820278-LeaderElection66 got exception when requesting votes: java.util.concurrent.ExecutionException: org.apache.ratis.thirdparty.io.grpc.StatusRuntimeException: UNAVAILABLE: io exception
2025-10-22 08:24:19,874 [40df8fc4-149d-40c0-897d-2844034d8141@group-C626CE820278-LeaderElection66] INFO  impl.LeaderElection (LogUtils.java:infoOrTrace(142)) - 40df8fc4-149d-40c0-897d-2844034d8141@group-C626CE820278-LeaderElection66 got exception when requesting votes: java.util.concurrent.ExecutionException: org.apache.ratis.thirdparty.io.grpc.StatusRuntimeException: UNAVAILABLE: io exception
2025-10-22 08:24:19,874 [40df8fc4-149d-40c0-897d-2844034d8141@group-C626CE820278-LeaderElection66] INFO  impl.LeaderElection (LeaderElection.java:logAndReturn(206)) - 40df8fc4-149d-40c0-897d-2844034d8141@group-C626CE820278-LeaderElection66: PRE_VOTE REJECTED received 0 response(s) and 2 exception(s):
2025-10-22 08:24:19,874 [40df8fc4-149d-40c0-897d-2844034d8141@group-C626CE820278-LeaderElection66] INFO  impl.LeaderElection (LogUtils.java:infoOrTrace(142)) -   Exception 0: java.util.concurrent.ExecutionException: org.apache.ratis.thirdparty.io.grpc.StatusRuntimeException: UNAVAILABLE: io exception
2025-10-22 08:24:19,874 [40df8fc4-149d-40c0-897d-2844034d8141@group-C626CE820278-LeaderElection66] INFO  impl.LeaderElection (LogUtils.java:infoOrTrace(142)) -   Exception 1: java.util.concurrent.ExecutionException: org.apache.ratis.thirdparty.io.grpc.StatusRuntimeException: UNAVAILABLE: io exception
2025-10-22 08:24:19,874 [40df8fc4-149d-40c0-897d-2844034d8141@group-C626CE820278-LeaderElection66] INFO  impl.LeaderElection (LeaderElection.java:askForVotes(450)) - 40df8fc4-149d-40c0-897d-2844034d8141@group-C626CE820278-LeaderElection66 PRE_VOTE round 0: result REJECTED
2025-10-22 08:24:19,874 [40df8fc4-149d-40c0-897d-2844034d8141@group-C626CE820278-LeaderElection66] INFO  server.RaftServer$Division (RaftServerImpl.java:setRole(392)) - 40df8fc4-149d-40c0-897d-2844034d8141@group-C626CE820278: changes role from CANDIDATE to FOLLOWER at term 1 for REJECTED
2025-10-22 08:24:19,874 [40df8fc4-149d-40c0-897d-2844034d8141@group-C626CE820278-LeaderElection66] INFO  impl.RoleInfo (RoleInfo.java:shutdownLeaderElection(141)) - 40df8fc4-149d-40c0-897d-2844034d8141: shutdown 40df8fc4-149d-40c0-897d-2844034d8141@group-C626CE820278-LeaderElection66
2025-10-22 08:24:19,874 [40df8fc4-149d-40c0-897d-2844034d8141@group-C626CE820278-LeaderElection66] INFO  impl.RoleInfo (RoleInfo.java:updateAndGet(148)) - 40df8fc4-149d-40c0-897d-2844034d8141: start 40df8fc4-149d-40c0-897d-2844034d8141@group-C626CE820278-FollowerState
2025-10-22 08:24:20,088 [40df8fc4-149d-40c0-897d-2844034d8141@group-5E2F154B5BDB-FollowerState] INFO  impl.FollowerState (FollowerState.java:runImpl(161)) - 40df8fc4-149d-40c0-897d-2844034d8141@group-5E2F154B5BDB-FollowerState: change to CANDIDATE, lastRpcElapsedTime:1155396876ns, electionTimeout:1155ms
2025-10-22 08:24:20,088 [40df8fc4-149d-40c0-897d-2844034d8141@group-5E2F154B5BDB-FollowerState] INFO  impl.RoleInfo (RoleInfo.java:shutdownFollowerState(121)) - 40df8fc4-149d-40c0-897d-2844034d8141: shutdown 40df8fc4-149d-40c0-897d-2844034d8141@group-5E2F154B5BDB-FollowerState
2025-10-22 08:24:20,088 [40df8fc4-149d-40c0-897d-2844034d8141@group-5E2F154B5BDB-FollowerState] INFO  server.RaftServer$Division (RaftServerImpl.java:setRole(392)) - 40df8fc4-149d-40c0-897d-2844034d8141@group-5E2F154B5BDB: changes role from  FOLLOWER to CANDIDATE at term 1 for changeToCandidate
2025-10-22 08:24:20,088 [40df8fc4-149d-40c0-897d-2844034d8141@group-5E2F154B5BDB-FollowerState] INFO  impl.RoleInfo (RoleInfo.java:updateAndGet(148)) - 40df8fc4-149d-40c0-897d-2844034d8141: start 40df8fc4-149d-40c0-897d-2844034d8141@group-5E2F154B5BDB-LeaderElection67
2025-10-22 08:24:20,089 [40df8fc4-149d-40c0-897d-2844034d8141@group-5E2F154B5BDB-LeaderElection67] INFO  impl.LeaderElection (LeaderElection.java:askForVotes(448)) - 40df8fc4-149d-40c0-897d-2844034d8141@group-5E2F154B5BDB-LeaderElection67 PRE_VOTE round 0: submit vote requests at term 1 for conf: {index: 0, cur=peers:[4d8a2798-959e-416b-b534-19c13b55a760|127.0.0.1:15023, 1c036820-4dbe-4abe-80fb-5ca88de5e2f0|127.0.0.1:15015, 40df8fc4-149d-40c0-897d-2844034d8141|127.0.0.1:15031]|listeners:[], old=null}
2025-10-22 08:24:20,089 [40df8fc4-149d-40c0-897d-2844034d8141@group-5E2F154B5BDB-LeaderElection67] INFO  impl.LeaderElection (LogUtils.java:infoOrTrace(142)) - 40df8fc4-149d-40c0-897d-2844034d8141@group-5E2F154B5BDB-LeaderElection67 got exception when requesting votes: java.util.concurrent.ExecutionException: org.apache.ratis.thirdparty.io.grpc.StatusRuntimeException: UNAVAILABLE: io exception
2025-10-22 08:24:20,089 [40df8fc4-149d-40c0-897d-2844034d8141@group-5E2F154B5BDB-LeaderElection67] INFO  impl.LeaderElection (LogUtils.java:infoOrTrace(142)) - 40df8fc4-149d-40c0-897d-2844034d8141@group-5E2F154B5BDB-LeaderElection67 got exception when requesting votes: java.util.concurrent.ExecutionException: org.apache.ratis.thirdparty.io.grpc.StatusRuntimeException: UNAVAILABLE: io exception
2025-10-22 08:24:20,089 [40df8fc4-149d-40c0-897d-2844034d8141@group-5E2F154B5BDB-LeaderElection67] INFO  impl.LeaderElection (LeaderElection.java:logAndReturn(206)) - 40df8fc4-149d-40c0-897d-2844034d8141@group-5E2F154B5BDB-LeaderElection67: PRE_VOTE REJECTED received 0 response(s) and 2 exception(s):
2025-10-22 08:24:20,090 [40df8fc4-149d-40c0-897d-2844034d8141@group-5E2F154B5BDB-LeaderElection67] INFO  impl.LeaderElection (LogUtils.java:infoOrTrace(142)) -   Exception 0: java.util.concurrent.ExecutionException: org.apache.ratis.thirdparty.io.grpc.StatusRuntimeException: UNAVAILABLE: io exception
2025-10-22 08:24:20,090 [40df8fc4-149d-40c0-897d-2844034d8141@group-5E2F154B5BDB-LeaderElection67] INFO  impl.LeaderElection (LogUtils.java:infoOrTrace(142)) -   Exception 1: java.util.concurrent.ExecutionException: org.apache.ratis.thirdparty.io.grpc.StatusRuntimeException: UNAVAILABLE: io exception
2025-10-22 08:24:20,090 [40df8fc4-149d-40c0-897d-2844034d8141@group-5E2F154B5BDB-LeaderElection67] INFO  impl.LeaderElection (LeaderElection.java:askForVotes(450)) - 40df8fc4-149d-40c0-897d-2844034d8141@group-5E2F154B5BDB-LeaderElection67 PRE_VOTE round 0: result REJECTED
2025-10-22 08:24:20,090 [40df8fc4-149d-40c0-897d-2844034d8141@group-5E2F154B5BDB-LeaderElection67] INFO  server.RaftServer$Division (RaftServerImpl.java:setRole(392)) - 40df8fc4-149d-40c0-897d-2844034d8141@group-5E2F154B5BDB: changes role from CANDIDATE to FOLLOWER at term 1 for REJECTED
2025-10-22 08:24:20,090 [40df8fc4-149d-40c0-897d-2844034d8141@group-5E2F154B5BDB-LeaderElection67] INFO  impl.RoleInfo (RoleInfo.java:shutdownLeaderElection(141)) - 40df8fc4-149d-40c0-897d-2844034d8141: shutdown 40df8fc4-149d-40c0-897d-2844034d8141@group-5E2F154B5BDB-LeaderElection67
2025-10-22 08:24:20,090 [40df8fc4-149d-40c0-897d-2844034d8141@group-5E2F154B5BDB-LeaderElection67] INFO  impl.RoleInfo (RoleInfo.java:updateAndGet(148)) - 40df8fc4-149d-40c0-897d-2844034d8141: start 40df8fc4-149d-40c0-897d-2844034d8141@group-5E2F154B5BDB-FollowerState
2025-10-22 08:24:21,069 [40df8fc4-149d-40c0-897d-2844034d8141@group-C626CE820278-FollowerState] INFO  impl.FollowerState (FollowerState.java:runImpl(161)) - 40df8fc4-149d-40c0-897d-2844034d8141@group-C626CE820278-FollowerState: change to CANDIDATE, lastRpcElapsedTime:1194320704ns, electionTimeout:1194ms
2025-10-22 08:24:21,069 [40df8fc4-149d-40c0-897d-2844034d8141@group-C626CE820278-FollowerState] INFO  impl.RoleInfo (RoleInfo.java:shutdownFollowerState(121)) - 40df8fc4-149d-40c0-897d-2844034d8141: shutdown 40df8fc4-149d-40c0-897d-2844034d8141@group-C626CE820278-FollowerState
2025-10-22 08:24:21,069 [40df8fc4-149d-40c0-897d-2844034d8141@group-C626CE820278-FollowerState] INFO  server.RaftServer$Division (RaftServerImpl.java:setRole(392)) - 40df8fc4-149d-40c0-897d-2844034d8141@group-C626CE820278: changes role from  FOLLOWER to CANDIDATE at term 1 for changeToCandidate
2025-10-22 08:24:21,069 [40df8fc4-149d-40c0-897d-2844034d8141@group-C626CE820278-FollowerState] INFO  impl.RoleInfo (RoleInfo.java:updateAndGet(148)) - 40df8fc4-149d-40c0-897d-2844034d8141: start 40df8fc4-149d-40c0-897d-2844034d8141@group-C626CE820278-LeaderElection68
2025-10-22 08:24:21,070 [40df8fc4-149d-40c0-897d-2844034d8141@group-C626CE820278-LeaderElection68] INFO  impl.LeaderElection (LeaderElection.java:askForVotes(448)) - 40df8fc4-149d-40c0-897d-2844034d8141@group-C626CE820278-LeaderElection68 PRE_VOTE round 0: submit vote requests at term 1 for conf: {index: 0, cur=peers:[4d8a2798-959e-416b-b534-19c13b55a760|127.0.0.1:15023, 1c036820-4dbe-4abe-80fb-5ca88de5e2f0|127.0.0.1:15015, 40df8fc4-149d-40c0-897d-2844034d8141|127.0.0.1:15031]|listeners:[], old=null}
2025-10-22 08:24:21,070 [40df8fc4-149d-40c0-897d-2844034d8141@group-C626CE820278-LeaderElection68] INFO  impl.LeaderElection (LogUtils.java:infoOrTrace(142)) - 40df8fc4-149d-40c0-897d-2844034d8141@group-C626CE820278-LeaderElection68 got exception when requesting votes: java.util.concurrent.ExecutionException: org.apache.ratis.thirdparty.io.grpc.StatusRuntimeException: UNAVAILABLE: io exception
2025-10-22 08:24:21,071 [40df8fc4-149d-40c0-897d-2844034d8141@group-C626CE820278-LeaderElection68] INFO  impl.LeaderElection (LogUtils.java:infoOrTrace(142)) - 40df8fc4-149d-40c0-897d-2844034d8141@group-C626CE820278-LeaderElection68 got exception when requesting votes: java.util.concurrent.ExecutionException: org.apache.ratis.thirdparty.io.grpc.StatusRuntimeException: UNAVAILABLE: io exception
2025-10-22 08:24:21,071 [40df8fc4-149d-40c0-897d-2844034d8141@group-C626CE820278-LeaderElection68] INFO  impl.LeaderElection (LeaderElection.java:logAndReturn(206)) - 40df8fc4-149d-40c0-897d-2844034d8141@group-C626CE820278-LeaderElection68: PRE_VOTE REJECTED received 0 response(s) and 2 exception(s):
2025-10-22 08:24:21,071 [40df8fc4-149d-40c0-897d-2844034d8141@group-C626CE820278-LeaderElection68] INFO  impl.LeaderElection (LogUtils.java:infoOrTrace(142)) -   Exception 0: java.util.concurrent.ExecutionException: org.apache.ratis.thirdparty.io.grpc.StatusRuntimeException: UNAVAILABLE: io exception
2025-10-22 08:24:21,071 [40df8fc4-149d-40c0-897d-2844034d8141@group-C626CE820278-LeaderElection68] INFO  impl.LeaderElection (LogUtils.java:infoOrTrace(142)) -   Exception 1: java.util.concurrent.ExecutionException: org.apache.ratis.thirdparty.io.grpc.StatusRuntimeException: UNAVAILABLE: io exception
2025-10-22 08:24:21,071 [40df8fc4-149d-40c0-897d-2844034d8141@group-C626CE820278-LeaderElection68] INFO  impl.LeaderElection (LeaderElection.java:askForVotes(450)) - 40df8fc4-149d-40c0-897d-2844034d8141@group-C626CE820278-LeaderElection68 PRE_VOTE round 0: result REJECTED
2025-10-22 08:24:21,071 [40df8fc4-149d-40c0-897d-2844034d8141@group-C626CE820278-LeaderElection68] INFO  server.RaftServer$Division (RaftServerImpl.java:setRole(392)) - 40df8fc4-149d-40c0-897d-2844034d8141@group-C626CE820278: changes role from CANDIDATE to FOLLOWER at term 1 for REJECTED
2025-10-22 08:24:21,071 [40df8fc4-149d-40c0-897d-2844034d8141@group-C626CE820278-LeaderElection68] INFO  impl.RoleInfo (RoleInfo.java:shutdownLeaderElection(141)) - 40df8fc4-149d-40c0-897d-2844034d8141: shutdown 40df8fc4-149d-40c0-897d-2844034d8141@group-C626CE820278-LeaderElection68
2025-10-22 08:24:21,071 [40df8fc4-149d-40c0-897d-2844034d8141@group-C626CE820278-LeaderElection68] INFO  impl.RoleInfo (RoleInfo.java:updateAndGet(148)) - 40df8fc4-149d-40c0-897d-2844034d8141: start 40df8fc4-149d-40c0-897d-2844034d8141@group-C626CE820278-FollowerState
2025-10-22 08:24:21,129 [40df8fc4-149d-40c0-897d-2844034d8141@group-5E2F154B5BDB-FollowerState] INFO  impl.FollowerState (FollowerState.java:runImpl(161)) - 40df8fc4-149d-40c0-897d-2844034d8141@group-5E2F154B5BDB-FollowerState: change to CANDIDATE, lastRpcElapsedTime:1038873259ns, electionTimeout:1038ms
2025-10-22 08:24:21,129 [40df8fc4-149d-40c0-897d-2844034d8141@group-5E2F154B5BDB-FollowerState] INFO  impl.RoleInfo (RoleInfo.java:shutdownFollowerState(121)) - 40df8fc4-149d-40c0-897d-2844034d8141: shutdown 40df8fc4-149d-40c0-897d-2844034d8141@group-5E2F154B5BDB-FollowerState
2025-10-22 08:24:21,129 [40df8fc4-149d-40c0-897d-2844034d8141@group-5E2F154B5BDB-FollowerState] INFO  server.RaftServer$Division (RaftServerImpl.java:setRole(392)) - 40df8fc4-149d-40c0-897d-2844034d8141@group-5E2F154B5BDB: changes role from  FOLLOWER to CANDIDATE at term 1 for changeToCandidate
2025-10-22 08:24:21,129 [40df8fc4-149d-40c0-897d-2844034d8141@group-5E2F154B5BDB-FollowerState] INFO  impl.RoleInfo (RoleInfo.java:updateAndGet(148)) - 40df8fc4-149d-40c0-897d-2844034d8141: start 40df8fc4-149d-40c0-897d-2844034d8141@group-5E2F154B5BDB-LeaderElection69
2025-10-22 08:24:21,129 [40df8fc4-149d-40c0-897d-2844034d8141@group-5E2F154B5BDB-LeaderElection69] INFO  impl.LeaderElection (LeaderElection.java:askForVotes(448)) - 40df8fc4-149d-40c0-897d-2844034d8141@group-5E2F154B5BDB-LeaderElection69 PRE_VOTE round 0: submit vote requests at term 1 for conf: {index: 0, cur=peers:[4d8a2798-959e-416b-b534-19c13b55a760|127.0.0.1:15023, 1c036820-4dbe-4abe-80fb-5ca88de5e2f0|127.0.0.1:15015, 40df8fc4-149d-40c0-897d-2844034d8141|127.0.0.1:15031]|listeners:[], old=null}
2025-10-22 08:24:21,130 [40df8fc4-149d-40c0-897d-2844034d8141@group-5E2F154B5BDB-LeaderElection69] INFO  impl.LeaderElection (LogUtils.java:infoOrTrace(142)) - 40df8fc4-149d-40c0-897d-2844034d8141@group-5E2F154B5BDB-LeaderElection69 got exception when requesting votes: java.util.concurrent.ExecutionException: org.apache.ratis.thirdparty.io.grpc.StatusRuntimeException: UNAVAILABLE: io exception
2025-10-22 08:24:21,130 [40df8fc4-149d-40c0-897d-2844034d8141@group-5E2F154B5BDB-LeaderElection69] INFO  impl.LeaderElection (LogUtils.java:infoOrTrace(142)) - 40df8fc4-149d-40c0-897d-2844034d8141@group-5E2F154B5BDB-LeaderElection69 got exception when requesting votes: java.util.concurrent.ExecutionException: org.apache.ratis.thirdparty.io.grpc.StatusRuntimeException: UNAVAILABLE: io exception
2025-10-22 08:24:21,130 [40df8fc4-149d-40c0-897d-2844034d8141@group-5E2F154B5BDB-LeaderElection69] INFO  impl.LeaderElection (LeaderElection.java:logAndReturn(206)) - 40df8fc4-149d-40c0-897d-2844034d8141@group-5E2F154B5BDB-LeaderElection69: PRE_VOTE REJECTED received 0 response(s) and 2 exception(s):
2025-10-22 08:24:21,130 [40df8fc4-149d-40c0-897d-2844034d8141@group-5E2F154B5BDB-LeaderElection69] INFO  impl.LeaderElection (LogUtils.java:infoOrTrace(142)) -   Exception 0: java.util.concurrent.ExecutionException: org.apache.ratis.thirdparty.io.grpc.StatusRuntimeException: UNAVAILABLE: io exception
2025-10-22 08:24:21,130 [40df8fc4-149d-40c0-897d-2844034d8141@group-5E2F154B5BDB-LeaderElection69] INFO  impl.LeaderElection (LogUtils.java:infoOrTrace(142)) -   Exception 1: java.util.concurrent.ExecutionException: org.apache.ratis.thirdparty.io.grpc.StatusRuntimeException: UNAVAILABLE: io exception
2025-10-22 08:24:21,130 [40df8fc4-149d-40c0-897d-2844034d8141@group-5E2F154B5BDB-LeaderElection69] INFO  impl.LeaderElection (LeaderElection.java:askForVotes(450)) - 40df8fc4-149d-40c0-897d-2844034d8141@group-5E2F154B5BDB-LeaderElection69 PRE_VOTE round 0: result REJECTED
2025-10-22 08:24:21,130 [40df8fc4-149d-40c0-897d-2844034d8141@group-5E2F154B5BDB-LeaderElection69] INFO  server.RaftServer$Division (RaftServerImpl.java:setRole(392)) - 40df8fc4-149d-40c0-897d-2844034d8141@group-5E2F154B5BDB: changes role from CANDIDATE to FOLLOWER at term 1 for REJECTED
2025-10-22 08:24:21,130 [40df8fc4-149d-40c0-897d-2844034d8141@group-5E2F154B5BDB-LeaderElection69] INFO  impl.RoleInfo (RoleInfo.java:shutdownLeaderElection(141)) - 40df8fc4-149d-40c0-897d-2844034d8141: shutdown 40df8fc4-149d-40c0-897d-2844034d8141@group-5E2F154B5BDB-LeaderElection69
2025-10-22 08:24:21,131 [40df8fc4-149d-40c0-897d-2844034d8141@group-5E2F154B5BDB-LeaderElection69] INFO  impl.RoleInfo (RoleInfo.java:updateAndGet(148)) - 40df8fc4-149d-40c0-897d-2844034d8141: start 40df8fc4-149d-40c0-897d-2844034d8141@group-5E2F154B5BDB-FollowerState
2025-10-22 08:24:22,223 [40df8fc4-149d-40c0-897d-2844034d8141@group-C626CE820278-FollowerState] INFO  impl.FollowerState (FollowerState.java:runImpl(161)) - 40df8fc4-149d-40c0-897d-2844034d8141@group-C626CE820278-FollowerState: change to CANDIDATE, lastRpcElapsedTime:1151378995ns, electionTimeout:1151ms
2025-10-22 08:24:22,223 [40df8fc4-149d-40c0-897d-2844034d8141@group-C626CE820278-FollowerState] INFO  impl.RoleInfo (RoleInfo.java:shutdownFollowerState(121)) - 40df8fc4-149d-40c0-897d-2844034d8141: shutdown 40df8fc4-149d-40c0-897d-2844034d8141@group-C626CE820278-FollowerState
2025-10-22 08:24:22,223 [40df8fc4-149d-40c0-897d-2844034d8141@group-C626CE820278-FollowerState] INFO  server.RaftServer$Division (RaftServerImpl.java:setRole(392)) - 40df8fc4-149d-40c0-897d-2844034d8141@group-C626CE820278: changes role from  FOLLOWER to CANDIDATE at term 1 for changeToCandidate
2025-10-22 08:24:22,223 [40df8fc4-149d-40c0-897d-2844034d8141@group-C626CE820278-FollowerState] INFO  impl.RoleInfo (RoleInfo.java:updateAndGet(148)) - 40df8fc4-149d-40c0-897d-2844034d8141: start 40df8fc4-149d-40c0-897d-2844034d8141@group-C626CE820278-LeaderElection70
2025-10-22 08:24:22,223 [40df8fc4-149d-40c0-897d-2844034d8141@group-C626CE820278-LeaderElection70] INFO  impl.LeaderElection (LeaderElection.java:askForVotes(448)) - 40df8fc4-149d-40c0-897d-2844034d8141@group-C626CE820278-LeaderElection70 PRE_VOTE round 0: submit vote requests at term 1 for conf: {index: 0, cur=peers:[4d8a2798-959e-416b-b534-19c13b55a760|127.0.0.1:15023, 1c036820-4dbe-4abe-80fb-5ca88de5e2f0|127.0.0.1:15015, 40df8fc4-149d-40c0-897d-2844034d8141|127.0.0.1:15031]|listeners:[], old=null}
2025-10-22 08:24:22,224 [40df8fc4-149d-40c0-897d-2844034d8141@group-C626CE820278-LeaderElection70] INFO  impl.LeaderElection (LogUtils.java:infoOrTrace(142)) - 40df8fc4-149d-40c0-897d-2844034d8141@group-C626CE820278-LeaderElection70 got exception when requesting votes: java.util.concurrent.ExecutionException: org.apache.ratis.thirdparty.io.grpc.StatusRuntimeException: UNAVAILABLE: io exception
2025-10-22 08:24:22,224 [40df8fc4-149d-40c0-897d-2844034d8141@group-C626CE820278-LeaderElection70] INFO  impl.LeaderElection (LogUtils.java:infoOrTrace(142)) - 40df8fc4-149d-40c0-897d-2844034d8141@group-C626CE820278-LeaderElection70 got exception when requesting votes: java.util.concurrent.ExecutionException: org.apache.ratis.thirdparty.io.grpc.StatusRuntimeException: UNAVAILABLE: io exception
2025-10-22 08:24:22,224 [40df8fc4-149d-40c0-897d-2844034d8141@group-C626CE820278-LeaderElection70] INFO  impl.LeaderElection (LeaderElection.java:logAndReturn(206)) - 40df8fc4-149d-40c0-897d-2844034d8141@group-C626CE820278-LeaderElection70: PRE_VOTE REJECTED received 0 response(s) and 2 exception(s):
2025-10-22 08:24:22,224 [40df8fc4-149d-40c0-897d-2844034d8141@group-C626CE820278-LeaderElection70] INFO  impl.LeaderElection (LogUtils.java:infoOrTrace(142)) -   Exception 0: java.util.concurrent.ExecutionException: org.apache.ratis.thirdparty.io.grpc.StatusRuntimeException: UNAVAILABLE: io exception
2025-10-22 08:24:22,224 [40df8fc4-149d-40c0-897d-2844034d8141@group-C626CE820278-LeaderElection70] INFO  impl.LeaderElection (LogUtils.java:infoOrTrace(142)) -   Exception 1: java.util.concurrent.ExecutionException: org.apache.ratis.thirdparty.io.grpc.StatusRuntimeException: UNAVAILABLE: io exception
2025-10-22 08:24:22,224 [40df8fc4-149d-40c0-897d-2844034d8141@group-C626CE820278-LeaderElection70] INFO  impl.LeaderElection (LeaderElection.java:askForVotes(450)) - 40df8fc4-149d-40c0-897d-2844034d8141@group-C626CE820278-LeaderElection70 PRE_VOTE round 0: result REJECTED
2025-10-22 08:24:22,224 [40df8fc4-149d-40c0-897d-2844034d8141@group-C626CE820278-LeaderElection70] INFO  server.RaftServer$Division (RaftServerImpl.java:setRole(392)) - 40df8fc4-149d-40c0-897d-2844034d8141@group-C626CE820278: changes role from CANDIDATE to FOLLOWER at term 1 for REJECTED
2025-10-22 08:24:22,224 [40df8fc4-149d-40c0-897d-2844034d8141@group-C626CE820278-LeaderElection70] INFO  impl.RoleInfo (RoleInfo.java:shutdownLeaderElection(141)) - 40df8fc4-149d-40c0-897d-2844034d8141: shutdown 40df8fc4-149d-40c0-897d-2844034d8141@group-C626CE820278-LeaderElection70
2025-10-22 08:24:22,224 [40df8fc4-149d-40c0-897d-2844034d8141@group-C626CE820278-LeaderElection70] INFO  impl.RoleInfo (RoleInfo.java:updateAndGet(148)) - 40df8fc4-149d-40c0-897d-2844034d8141: start 40df8fc4-149d-40c0-897d-2844034d8141@group-C626CE820278-FollowerState
2025-10-22 08:24:22,251 [40df8fc4-149d-40c0-897d-2844034d8141@group-5E2F154B5BDB-FollowerState] INFO  impl.FollowerState (FollowerState.java:runImpl(161)) - 40df8fc4-149d-40c0-897d-2844034d8141@group-5E2F154B5BDB-FollowerState: change to CANDIDATE, lastRpcElapsedTime:1120360990ns, electionTimeout:1120ms
2025-10-22 08:24:22,251 [40df8fc4-149d-40c0-897d-2844034d8141@group-5E2F154B5BDB-FollowerState] INFO  impl.RoleInfo (RoleInfo.java:shutdownFollowerState(121)) - 40df8fc4-149d-40c0-897d-2844034d8141: shutdown 40df8fc4-149d-40c0-897d-2844034d8141@group-5E2F154B5BDB-FollowerState
2025-10-22 08:24:22,251 [40df8fc4-149d-40c0-897d-2844034d8141@group-5E2F154B5BDB-FollowerState] INFO  server.RaftServer$Division (RaftServerImpl.java:setRole(392)) - 40df8fc4-149d-40c0-897d-2844034d8141@group-5E2F154B5BDB: changes role from  FOLLOWER to CANDIDATE at term 1 for changeToCandidate
2025-10-22 08:24:22,251 [40df8fc4-149d-40c0-897d-2844034d8141@group-5E2F154B5BDB-FollowerState] INFO  impl.RoleInfo (RoleInfo.java:updateAndGet(148)) - 40df8fc4-149d-40c0-897d-2844034d8141: start 40df8fc4-149d-40c0-897d-2844034d8141@group-5E2F154B5BDB-LeaderElection71
2025-10-22 08:24:22,251 [40df8fc4-149d-40c0-897d-2844034d8141@group-5E2F154B5BDB-LeaderElection71] INFO  impl.LeaderElection (LeaderElection.java:askForVotes(448)) - 40df8fc4-149d-40c0-897d-2844034d8141@group-5E2F154B5BDB-LeaderElection71 PRE_VOTE round 0: submit vote requests at term 1 for conf: {index: 0, cur=peers:[4d8a2798-959e-416b-b534-19c13b55a760|127.0.0.1:15023, 1c036820-4dbe-4abe-80fb-5ca88de5e2f0|127.0.0.1:15015, 40df8fc4-149d-40c0-897d-2844034d8141|127.0.0.1:15031]|listeners:[], old=null}
2025-10-22 08:24:22,252 [40df8fc4-149d-40c0-897d-2844034d8141@group-5E2F154B5BDB-LeaderElection71] INFO  impl.LeaderElection (LogUtils.java:infoOrTrace(142)) - 40df8fc4-149d-40c0-897d-2844034d8141@group-5E2F154B5BDB-LeaderElection71 got exception when requesting votes: java.util.concurrent.ExecutionException: org.apache.ratis.thirdparty.io.grpc.StatusRuntimeException: UNAVAILABLE: io exception
2025-10-22 08:24:22,252 [40df8fc4-149d-40c0-897d-2844034d8141@group-5E2F154B5BDB-LeaderElection71] INFO  impl.LeaderElection (LogUtils.java:infoOrTrace(142)) - 40df8fc4-149d-40c0-897d-2844034d8141@group-5E2F154B5BDB-LeaderElection71 got exception when requesting votes: java.util.concurrent.ExecutionException: org.apache.ratis.thirdparty.io.grpc.StatusRuntimeException: UNAVAILABLE: io exception
2025-10-22 08:24:22,252 [40df8fc4-149d-40c0-897d-2844034d8141@group-5E2F154B5BDB-LeaderElection71] INFO  impl.LeaderElection (LeaderElection.java:logAndReturn(206)) - 40df8fc4-149d-40c0-897d-2844034d8141@group-5E2F154B5BDB-LeaderElection71: PRE_VOTE REJECTED received 0 response(s) and 2 exception(s):
2025-10-22 08:24:22,253 [40df8fc4-149d-40c0-897d-2844034d8141@group-5E2F154B5BDB-LeaderElection71] INFO  impl.LeaderElection (LogUtils.java:infoOrTrace(142)) -   Exception 0: java.util.concurrent.ExecutionException: org.apache.ratis.thirdparty.io.grpc.StatusRuntimeException: UNAVAILABLE: io exception
2025-10-22 08:24:22,253 [40df8fc4-149d-40c0-897d-2844034d8141@group-5E2F154B5BDB-LeaderElection71] INFO  impl.LeaderElection (LogUtils.java:infoOrTrace(142)) -   Exception 1: java.util.concurrent.ExecutionException: org.apache.ratis.thirdparty.io.grpc.StatusRuntimeException: UNAVAILABLE: io exception
2025-10-22 08:24:22,253 [40df8fc4-149d-40c0-897d-2844034d8141@group-5E2F154B5BDB-LeaderElection71] INFO  impl.LeaderElection (LeaderElection.java:askForVotes(450)) - 40df8fc4-149d-40c0-897d-2844034d8141@group-5E2F154B5BDB-LeaderElection71 PRE_VOTE round 0: result REJECTED
2025-10-22 08:24:22,253 [40df8fc4-149d-40c0-897d-2844034d8141@group-5E2F154B5BDB-LeaderElection71] INFO  server.RaftServer$Division (RaftServerImpl.java:setRole(392)) - 40df8fc4-149d-40c0-897d-2844034d8141@group-5E2F154B5BDB: changes role from CANDIDATE to FOLLOWER at term 1 for REJECTED
2025-10-22 08:24:22,253 [40df8fc4-149d-40c0-897d-2844034d8141@group-5E2F154B5BDB-LeaderElection71] INFO  impl.RoleInfo (RoleInfo.java:shutdownLeaderElection(141)) - 40df8fc4-149d-40c0-897d-2844034d8141: shutdown 40df8fc4-149d-40c0-897d-2844034d8141@group-5E2F154B5BDB-LeaderElection71
2025-10-22 08:24:22,253 [40df8fc4-149d-40c0-897d-2844034d8141@group-5E2F154B5BDB-LeaderElection71] INFO  impl.RoleInfo (RoleInfo.java:updateAndGet(148)) - 40df8fc4-149d-40c0-897d-2844034d8141: start 40df8fc4-149d-40c0-897d-2844034d8141@group-5E2F154B5BDB-FollowerState
2025-10-22 08:24:23,274 [grpc-default-executor-2] ERROR impl.OrderedAsync (OrderedAsync.java:lambda$null$6(215)) -  client-ACEEB1504463: Failed* RaftClientRequest:client-ACEEB1504463->1c036820-4dbe-4abe-80fb-5ca88de5e2f0@group-C626CE820278, cid=18, seq=4*, RW, cmdType: WriteChunk traceID: "" containerID: 1 datanodeUuid: "4d8a2798-959e-416b-b534-19c13b55a760" writeChunk { blockID { containerID: 1 localID: 115816896921600001 blockCommitSequenceId: 2 replicaIndex: 0 } chunkData { chunkName: "115816896921600001_chunk_2" offset: 1048576 len: 1048576 } } version: 3, data.size=1048576
java.util.concurrent.CompletionException: java.io.IOException: org.apache.ratis.thirdparty.io.grpc.StatusRuntimeException: UNAVAILABLE: io exception
	at java.base/java.util.concurrent.CompletableFuture.encodeThrowable(CompletableFuture.java:332)
	at java.base/java.util.concurrent.CompletableFuture.completeThrowable(CompletableFuture.java:347)
	at java.base/java.util.concurrent.CompletableFuture$UniAccept.tryFire(CompletableFuture.java:708)
	at java.base/java.util.concurrent.CompletableFuture.postComplete(CompletableFuture.java:510)
	at java.base/java.util.concurrent.CompletableFuture.completeExceptionally(CompletableFuture.java:2194)
	at org.apache.ratis.grpc.client.GrpcClientProtocolClient$AsyncStreamObservers.completeReplyExceptionally(GrpcClientProtocolClient.java:397)
	at org.apache.ratis.grpc.client.GrpcClientProtocolClient$AsyncStreamObservers.access$000(GrpcClientProtocolClient.java:303)
	at org.apache.ratis.grpc.client.GrpcClientProtocolClient$AsyncStreamObservers$1.onError(GrpcClientProtocolClient.java:334)
	at org.apache.ratis.thirdparty.io.grpc.stub.ClientCalls$StreamObserverToCallListenerAdapter.onClose(ClientCalls.java:564)
	at org.apache.ratis.thirdparty.io.grpc.PartialForwardingClientCallListener.onClose(PartialForwardingClientCallListener.java:39)
	at org.apache.ratis.thirdparty.io.grpc.ForwardingClientCallListener.onClose(ForwardingClientCallListener.java:23)
	at org.apache.ratis.grpc.metrics.intercept.client.MetricClientCallListener.onClose(MetricClientCallListener.java:47)
	at org.apache.ratis.thirdparty.io.grpc.internal.ClientCallImpl.closeObserver(ClientCallImpl.java:565)
	at org.apache.ratis.thirdparty.io.grpc.internal.ClientCallImpl.access$100(ClientCallImpl.java:72)
	at org.apache.ratis.thirdparty.io.grpc.internal.ClientCallImpl$ClientStreamListenerImpl$1StreamClosed.runInternal(ClientCallImpl.java:733)
	at org.apache.ratis.thirdparty.io.grpc.internal.ClientCallImpl$ClientStreamListenerImpl$1StreamClosed.runInContext(ClientCallImpl.java:714)
	at org.apache.ratis.thirdparty.io.grpc.internal.ContextRunnable.run(ContextRunnable.java:37)
	at org.apache.ratis.thirdparty.io.grpc.internal.SerializingExecutor.run(SerializingExecutor.java:133)
	at java.base/java.util.concurrent.ThreadPoolExecutor.runWorker(ThreadPoolExecutor.java:1144)
	at java.base/java.util.concurrent.ThreadPoolExecutor$Worker.run(ThreadPoolExecutor.java:642)
	at java.base/java.lang.Thread.run(Thread.java:1583)
Caused by: java.io.IOException: org.apache.ratis.thirdparty.io.grpc.StatusRuntimeException: UNAVAILABLE: io exception
	at org.apache.ratis.grpc.GrpcUtil.unwrapException(GrpcUtil.java:99)
	at org.apache.ratis.grpc.GrpcUtil.unwrapIOException(GrpcUtil.java:159)
	at org.apache.ratis.grpc.client.GrpcClientProtocolClient$AsyncStreamObservers$1.onError(GrpcClientProtocolClient.java:333)
	... 13 more
Caused by: org.apache.ratis.thirdparty.io.grpc.StatusRuntimeException: UNAVAILABLE: io exception
	at org.apache.ratis.thirdparty.io.grpc.Status.asRuntimeException(Status.java:532)
	... 13 more
Caused by: org.apache.ratis.thirdparty.io.netty.channel.AbstractChannel$AnnotatedConnectException: finishConnect(..) failed: Connection refused: /127.0.0.1:15013
Caused by: java.net.ConnectException: finishConnect(..) failed: Connection refused
	at org.apache.ratis.thirdparty.io.netty.channel.unix.Errors.newConnectException0(Errors.java:166)
	at org.apache.ratis.thirdparty.io.netty.channel.unix.Errors.handleConnectErrno(Errors.java:131)
	at org.apache.ratis.thirdparty.io.netty.channel.unix.Socket.finishConnect(Socket.java:359)
	at org.apache.ratis.thirdparty.io.netty.channel.epoll.AbstractEpollChannel$AbstractEpollUnsafe.doFinishConnect(AbstractEpollChannel.java:715)
	at org.apache.ratis.thirdparty.io.netty.channel.epoll.AbstractEpollChannel$AbstractEpollUnsafe.finishConnect(AbstractEpollChannel.java:692)
	at org.apache.ratis.thirdparty.io.netty.channel.epoll.AbstractEpollChannel$AbstractEpollUnsafe.epollOutReady(AbstractEpollChannel.java:567)
	at org.apache.ratis.thirdparty.io.netty.channel.epoll.EpollEventLoop.processReady(EpollEventLoop.java:491)
	at org.apache.ratis.thirdparty.io.netty.channel.epoll.EpollEventLoop.run(EpollEventLoop.java:399)
	at org.apache.ratis.thirdparty.io.netty.util.concurrent.SingleThreadEventExecutor$4.run(SingleThreadEventExecutor.java:998)
	at org.apache.ratis.thirdparty.io.netty.util.internal.ThreadExecutorMap$2.run(ThreadExecutorMap.java:74)
	at org.apache.ratis.thirdparty.io.netty.util.concurrent.FastThreadLocalRunnable.run(FastThreadLocalRunnable.java:30)
	at java.base/java.lang.Thread.run(Thread.java:1583)
2025-10-22 08:24:23,279 [grpc-default-executor-2] ERROR impl.OrderedAsync (OrderedAsync.java:lambda$send$4(181)) - Failed to send request, message=cmdType: WriteChunk traceID: "" containerID: 1 datanodeUuid: "4d8a2798-959e-416b-b534-19c13b55a760" writeChunk { blockID { containerID: 1 localID: 115816896921600001 blockCommitSequenceId: 2 replicaIndex: 0 } chunkData { chunkName: "115816896921600001_chunk_2" offset: 1048576 len: 1048576 } } version: 3, data.size=1048576
java.util.concurrent.CompletionException: org.apache.ratis.protocol.exceptions.RaftRetryFailureException: Failed RaftClientRequest:client-ACEEB1504463->1c036820-4dbe-4abe-80fb-5ca88de5e2f0@group-C626CE820278, cid=18, seq=4*, RW, cmdType: WriteChunk traceID: "" containerID: 1 datanodeUuid: "4d8a2798-959e-416b-b534-19c13b55a760" writeChunk { blockID { containerID: 1 localID: 115816896921600001 blockCommitSequenceId: 2 replicaIndex: 0 } chunkData { chunkName: "115816896921600001_chunk_2" offset: 1048576 len: 1048576 } } version: 3, data.size=1048576 for 7 attempts with RequestTypeDependentRetryPolicy{WRITE->ExceptionDependentRetry(maxAttempts=2147483647; defaultPolicy=MultipleLinearRandomRetry[5x5s, 5x10s, 5x15s, 5x20s, 5x25s, 10x60s]; map={org.apache.ratis.protocol.exceptions.GroupMismatchException->NoRetry, org.apache.ratis.protocol.exceptions.NotReplicatedException->NoRetry, org.apache.ratis.protocol.exceptions.ResourceUnavailableException->org.apache.ratis.retry.ExponentialBackoffRetry@63c2a112, org.apache.ratis.protocol.exceptions.StateMachineException->NoRetry, org.apache.ratis.protocol.exceptions.TimeoutIOException->org.apache.ratis.retry.ExponentialBackoffRetry@63c2a112}), WATCH->ExceptionDependentRetry(maxAttempts=2147483647; defaultPolicy=MultipleLinearRandomRetry[5x5s, 5x10s, 5x15s, 5x20s, 5x25s, 10x60s]; map={org.apache.ratis.protocol.exceptions.GroupMismatchException->NoRetry, org.apache.ratis.protocol.exceptions.NotReplicatedException->NoRetry, org.apache.ratis.protocol.exceptions.ResourceUnavailableException->org.apache.ratis.retry.ExponentialBackoffRetry@63c2a112, org.apache.ratis.protocol.exceptions.StateMachineException->NoRetry, org.apache.ratis.protocol.exceptions.TimeoutIOException->NoRetry})}
	at java.base/java.util.concurrent.CompletableFuture.encodeThrowable(CompletableFuture.java:332)
	at java.base/java.util.concurrent.CompletableFuture.completeThrowable(CompletableFuture.java:347)
	at java.base/java.util.concurrent.CompletableFuture$UniApply.tryFire(CompletableFuture.java:636)
	at java.base/java.util.concurrent.CompletableFuture.postComplete(CompletableFuture.java:510)
	at java.base/java.util.concurrent.CompletableFuture.completeExceptionally(CompletableFuture.java:2194)
	at org.apache.ratis.client.impl.OrderedAsync$PendingOrderedRequest.fail(OrderedAsync.java:111)
	at org.apache.ratis.util.SlidingWindow$Client.fail(SlidingWindow.java:395)
	at org.apache.ratis.client.impl.OrderedAsync.failAllAsyncRequests(OrderedAsync.java:155)
	at org.apache.ratis.client.impl.OrderedAsync.handleException(OrderedAsync.java:239)
	at org.apache.ratis.client.impl.OrderedAsync.lambda$sendRequestWithRetry$7(OrderedAsync.java:217)
	at java.base/java.util.concurrent.CompletableFuture.uniExceptionally(CompletableFuture.java:990)
	at java.base/java.util.concurrent.CompletableFuture$UniExceptionally.tryFire(CompletableFuture.java:974)
	at java.base/java.util.concurrent.CompletableFuture.postComplete(CompletableFuture.java:510)
	at java.base/java.util.concurrent.CompletableFuture.completeExceptionally(CompletableFuture.java:2194)
	at org.apache.ratis.grpc.client.GrpcClientProtocolClient$AsyncStreamObservers.completeReplyExceptionally(GrpcClientProtocolClient.java:397)
	at org.apache.ratis.grpc.client.GrpcClientProtocolClient$AsyncStreamObservers.access$000(GrpcClientProtocolClient.java:303)
	at org.apache.ratis.grpc.client.GrpcClientProtocolClient$AsyncStreamObservers$1.onError(GrpcClientProtocolClient.java:334)
	at org.apache.ratis.thirdparty.io.grpc.stub.ClientCalls$StreamObserverToCallListenerAdapter.onClose(ClientCalls.java:564)
	at org.apache.ratis.thirdparty.io.grpc.PartialForwardingClientCallListener.onClose(PartialForwardingClientCallListener.java:39)
	at org.apache.ratis.thirdparty.io.grpc.ForwardingClientCallListener.onClose(ForwardingClientCallListener.java:23)
	at org.apache.ratis.grpc.metrics.intercept.client.MetricClientCallListener.onClose(MetricClientCallListener.java:47)
	at org.apache.ratis.thirdparty.io.grpc.internal.ClientCallImpl.closeObserver(ClientCallImpl.java:565)
	at org.apache.ratis.thirdparty.io.grpc.internal.ClientCallImpl.access$100(ClientCallImpl.java:72)
	at org.apache.ratis.thirdparty.io.grpc.internal.ClientCallImpl$ClientStreamListenerImpl$1StreamClosed.runInternal(ClientCallImpl.java:733)
	at org.apache.ratis.thirdparty.io.grpc.internal.ClientCallImpl$ClientStreamListenerImpl$1StreamClosed.runInContext(ClientCallImpl.java:714)
	at org.apache.ratis.thirdparty.io.grpc.internal.ContextRunnable.run(ContextRunnable.java:37)
	at org.apache.ratis.thirdparty.io.grpc.internal.SerializingExecutor.run(SerializingExecutor.java:133)
	at java.base/java.util.concurrent.ThreadPoolExecutor.runWorker(ThreadPoolExecutor.java:1144)
	at java.base/java.util.concurrent.ThreadPoolExecutor$Worker.run(ThreadPoolExecutor.java:642)
	at java.base/java.lang.Thread.run(Thread.java:1583)
Caused by: org.apache.ratis.protocol.exceptions.RaftRetryFailureException: Failed RaftClientRequest:client-ACEEB1504463->1c036820-4dbe-4abe-80fb-5ca88de5e2f0@group-C626CE820278, cid=18, seq=4*, RW, cmdType: WriteChunk traceID: "" containerID: 1 datanodeUuid: "4d8a2798-959e-416b-b534-19c13b55a760" writeChunk { blockID { containerID: 1 localID: 115816896921600001 blockCommitSequenceId: 2 replicaIndex: 0 } chunkData { chunkName: "115816896921600001_chunk_2" offset: 1048576 len: 1048576 } } version: 3, data.size=1048576 for 7 attempts with RequestTypeDependentRetryPolicy{WRITE->ExceptionDependentRetry(maxAttempts=2147483647; defaultPolicy=MultipleLinearRandomRetry[5x5s, 5x10s, 5x15s, 5x20s, 5x25s, 10x60s]; map={org.apache.ratis.protocol.exceptions.GroupMismatchException->NoRetry, org.apache.ratis.protocol.exceptions.NotReplicatedException->NoRetry, org.apache.ratis.protocol.exceptions.ResourceUnavailableException->org.apache.ratis.retry.ExponentialBackoffRetry@63c2a112, org.apache.ratis.protocol.exceptions.StateMachineException->NoRetry, org.apache.ratis.protocol.exceptions.TimeoutIOException->org.apache.ratis.retry.ExponentialBackoffRetry@63c2a112}), WATCH->ExceptionDependentRetry(maxAttempts=2147483647; defaultPolicy=MultipleLinearRandomRetry[5x5s, 5x10s, 5x15s, 5x20s, 5x25s, 10x60s]; map={org.apache.ratis.protocol.exceptions.GroupMismatchException->NoRetry, org.apache.ratis.protocol.exceptions.NotReplicatedException->NoRetry, org.apache.ratis.protocol.exceptions.ResourceUnavailableException->org.apache.ratis.retry.ExponentialBackoffRetry@63c2a112, org.apache.ratis.protocol.exceptions.StateMachineException->NoRetry, org.apache.ratis.protocol.exceptions.TimeoutIOException->NoRetry})}
	at org.apache.ratis.client.impl.RaftClientImpl.noMoreRetries(RaftClientImpl.java:352)
	... 22 more
Caused by: java.io.IOException: org.apache.ratis.thirdparty.io.grpc.StatusRuntimeException: UNAVAILABLE: io exception
	at org.apache.ratis.grpc.GrpcUtil.unwrapException(GrpcUtil.java:99)
	at org.apache.ratis.grpc.GrpcUtil.unwrapIOException(GrpcUtil.java:159)
	at org.apache.ratis.grpc.client.GrpcClientProtocolClient$AsyncStreamObservers$1.onError(GrpcClientProtocolClient.java:333)
	... 13 more
Caused by: org.apache.ratis.thirdparty.io.grpc.StatusRuntimeException: UNAVAILABLE: io exception
	at org.apache.ratis.thirdparty.io.grpc.Status.asRuntimeException(Status.java:532)
	... 13 more
Caused by: org.apache.ratis.thirdparty.io.netty.channel.AbstractChannel$AnnotatedConnectException: finishConnect(..) failed: Connection refused: /127.0.0.1:15013
Caused by: java.net.ConnectException: finishConnect(..) failed: Connection refused
	at org.apache.ratis.thirdparty.io.netty.channel.unix.Errors.newConnectException0(Errors.java:166)
	at org.apache.ratis.thirdparty.io.netty.channel.unix.Errors.handleConnectErrno(Errors.java:131)
	at org.apache.ratis.thirdparty.io.netty.channel.unix.Socket.finishConnect(Socket.java:359)
	at org.apache.ratis.thirdparty.io.netty.channel.epoll.AbstractEpollChannel$AbstractEpollUnsafe.doFinishConnect(AbstractEpollChannel.java:715)
	at org.apache.ratis.thirdparty.io.netty.channel.epoll.AbstractEpollChannel$AbstractEpollUnsafe.finishConnect(AbstractEpollChannel.java:692)
	at org.apache.ratis.thirdparty.io.netty.channel.epoll.AbstractEpollChannel$AbstractEpollUnsafe.epollOutReady(AbstractEpollChannel.java:567)
	at org.apache.ratis.thirdparty.io.netty.channel.epoll.EpollEventLoop.processReady(EpollEventLoop.java:491)
	at org.apache.ratis.thirdparty.io.netty.channel.epoll.EpollEventLoop.run(EpollEventLoop.java:399)
	at org.apache.ratis.thirdparty.io.netty.util.concurrent.SingleThreadEventExecutor$4.run(SingleThreadEventExecutor.java:998)
	at org.apache.ratis.thirdparty.io.netty.util.internal.ThreadExecutorMap$2.run(ThreadExecutorMap.java:74)
	at org.apache.ratis.thirdparty.io.netty.util.concurrent.FastThreadLocalRunnable.run(FastThreadLocalRunnable.java:30)
	at java.base/java.lang.Thread.run(Thread.java:1583)
2025-10-22 08:24:23,282 [grpc-default-executor-2] ERROR impl.OrderedAsync (OrderedAsync.java:lambda$send$4(179)) - Failed to send request, message=cmdType: PutBlock traceID: "" containerID: 1 datanodeUuid: "4d8a2798-959e-416b-b534-19c13b55a760" putBlock { blockData { blockID { containerID: 1 localID: 115816896921600001 blockCommitSequenceId: 0 } metadata { key: "TYPE" value: "KEY" } chunks { chunkName: "115816896921600001_chunk_1" offset: 0 len: 1048576 } chunks { chunkName: "115816896921600001_chunk_2" offset: 1048576 len: 1048576 } } eof: false } version: 3, data.size=0 due to java.util.concurrent.CompletionException: org.apache.ratis.protocol.exceptions.AlreadyClosedException: SlidingWindow$Client:client-ACEEB1504463->RAFT is closed.
2025-10-22 08:24:23,283 [grpc-default-executor-2] ERROR impl.OrderedAsync (OrderedAsync.java:lambda$send$4(179)) - Failed to send request, message=cmdType: WriteChunk traceID: "" containerID: 1 datanodeUuid: "4d8a2798-959e-416b-b534-19c13b55a760" writeChunk { blockID { containerID: 1 localID: 115816896921600001 blockCommitSequenceId: 2 replicaIndex: 0 } chunkData { chunkName: "115816896921600001_chunk_3" offset: 2097152 len: 1048576 } } version: 3, data.size=1048576 due to java.util.concurrent.CompletionException: org.apache.ratis.protocol.exceptions.AlreadyClosedException: SlidingWindow$Client:client-ACEEB1504463->RAFT is closed.
2025-10-22 08:24:23,283 [grpc-default-executor-2] ERROR impl.OrderedAsync (OrderedAsync.java:lambda$send$4(179)) - Failed to send request, message=cmdType: PutBlock traceID: "" containerID: 1 datanodeUuid: "4d8a2798-959e-416b-b534-19c13b55a760" putBlock { blockData { blockID { containerID: 1 localID: 115816896921600001 blockCommitSequenceId: 0 } metadata { key: "TYPE" value: "KEY" } chunks { chunkName: "115816896921600001_chunk_1" offset: 0 len: 1048576 } chunks { chunkName: "115816896921600001_chunk_2" offset: 1048576 len: 1048576 } chunks { chunkName: "115816896921600001_chunk_3" offset: 2097152 len: 1048576 } } eof: false } version: 3, data.size=0 due to java.util.concurrent.CompletionException: org.apache.ratis.protocol.exceptions.AlreadyClosedException: SlidingWindow$Client:client-ACEEB1504463->RAFT is closed.
2025-10-22 08:24:23,285 [ForkJoinPool-1-worker-1] WARN  io.KeyOutputStream (KeyOutputStream.java:handleExceptionInternal(377)) - Encountered exception java.io.IOException: Unexpected Storage Container Exception: java.util.concurrent.CompletionException: Failed to write chunk 115816896921600001_chunk_2 into block conID: 1 locID: 115816896921600001 bcsId: 2 replicaIndex: null on the pipeline Pipeline{ Id: 28d7a56f-ff21-46bd-bc35-c626ce820278, Nodes: [ {4d8a2798-959e-416b-b534-19c13b55a760(localhost/127.0.0.1), ReplicaIndex: 0}, {1c036820-4dbe-4abe-80fb-5ca88de5e2f0(localhost/127.0.0.1), ReplicaIndex: 0}, {40df8fc4-149d-40c0-897d-2844034d8141(localhost/127.0.0.1), ReplicaIndex: 0},], ReplicationConfig: RATIS/THREE, State:OPEN, leaderId:40df8fc4-149d-40c0-897d-2844034d8141, CreationTimestamp2025-10-22T08:23:41.654Z[Etc/UTC]}. The last committed block length is 1048576, uncommitted data length is 2097152 retry count 0
2025-10-22 08:24:23,346 [40df8fc4-149d-40c0-897d-2844034d8141@group-C626CE820278-FollowerState] INFO  impl.FollowerState (FollowerState.java:runImpl(161)) - 40df8fc4-149d-40c0-897d-2844034d8141@group-C626CE820278-FollowerState: change to CANDIDATE, lastRpcElapsedTime:1121683537ns, electionTimeout:1121ms
2025-10-22 08:24:23,346 [40df8fc4-149d-40c0-897d-2844034d8141@group-C626CE820278-FollowerState] INFO  impl.RoleInfo (RoleInfo.java:shutdownFollowerState(121)) - 40df8fc4-149d-40c0-897d-2844034d8141: shutdown 40df8fc4-149d-40c0-897d-2844034d8141@group-C626CE820278-FollowerState
2025-10-22 08:24:23,346 [40df8fc4-149d-40c0-897d-2844034d8141@group-C626CE820278-FollowerState] INFO  server.RaftServer$Division (RaftServerImpl.java:setRole(392)) - 40df8fc4-149d-40c0-897d-2844034d8141@group-C626CE820278: changes role from  FOLLOWER to CANDIDATE at term 1 for changeToCandidate
2025-10-22 08:24:23,347 [40df8fc4-149d-40c0-897d-2844034d8141@group-C626CE820278-FollowerState] INFO  impl.RoleInfo (RoleInfo.java:updateAndGet(148)) - 40df8fc4-149d-40c0-897d-2844034d8141: start 40df8fc4-149d-40c0-897d-2844034d8141@group-C626CE820278-LeaderElection72
2025-10-22 08:24:23,348 [40df8fc4-149d-40c0-897d-2844034d8141@group-C626CE820278-LeaderElection72] INFO  impl.LeaderElection (LeaderElection.java:askForVotes(448)) - 40df8fc4-149d-40c0-897d-2844034d8141@group-C626CE820278-LeaderElection72 PRE_VOTE round 0: submit vote requests at term 1 for conf: {index: 0, cur=peers:[4d8a2798-959e-416b-b534-19c13b55a760|127.0.0.1:15023, 1c036820-4dbe-4abe-80fb-5ca88de5e2f0|127.0.0.1:15015, 40df8fc4-149d-40c0-897d-2844034d8141|127.0.0.1:15031]|listeners:[], old=null}
2025-10-22 08:24:23,350 [40df8fc4-149d-40c0-897d-2844034d8141@group-C626CE820278-LeaderElection72] INFO  impl.LeaderElection (LogUtils.java:infoOrTrace(142)) - 40df8fc4-149d-40c0-897d-2844034d8141@group-C626CE820278-LeaderElection72 got exception when requesting votes: java.util.concurrent.ExecutionException: org.apache.ratis.thirdparty.io.grpc.StatusRuntimeException: UNAVAILABLE: io exception
2025-10-22 08:24:23,350 [40df8fc4-149d-40c0-897d-2844034d8141@group-C626CE820278-LeaderElection72] INFO  impl.LeaderElection (LogUtils.java:infoOrTrace(142)) - 40df8fc4-149d-40c0-897d-2844034d8141@group-C626CE820278-LeaderElection72 got exception when requesting votes: java.util.concurrent.ExecutionException: org.apache.ratis.thirdparty.io.grpc.StatusRuntimeException: UNAVAILABLE: io exception
2025-10-22 08:24:23,350 [40df8fc4-149d-40c0-897d-2844034d8141@group-C626CE820278-LeaderElection72] INFO  impl.LeaderElection (LeaderElection.java:logAndReturn(206)) - 40df8fc4-149d-40c0-897d-2844034d8141@group-C626CE820278-LeaderElection72: PRE_VOTE REJECTED received 0 response(s) and 2 exception(s):
2025-10-22 08:24:23,350 [40df8fc4-149d-40c0-897d-2844034d8141@group-C626CE820278-LeaderElection72] INFO  impl.LeaderElection (LogUtils.java:infoOrTrace(142)) -   Exception 0: java.util.concurrent.ExecutionException: org.apache.ratis.thirdparty.io.grpc.StatusRuntimeException: UNAVAILABLE: io exception
2025-10-22 08:24:23,350 [40df8fc4-149d-40c0-897d-2844034d8141@group-C626CE820278-LeaderElection72] INFO  impl.LeaderElection (LogUtils.java:infoOrTrace(142)) -   Exception 1: java.util.concurrent.ExecutionException: org.apache.ratis.thirdparty.io.grpc.StatusRuntimeException: UNAVAILABLE: io exception
2025-10-22 08:24:23,350 [40df8fc4-149d-40c0-897d-2844034d8141@group-C626CE820278-LeaderElection72] INFO  impl.LeaderElection (LeaderElection.java:askForVotes(450)) - 40df8fc4-149d-40c0-897d-2844034d8141@group-C626CE820278-LeaderElection72 PRE_VOTE round 0: result REJECTED
2025-10-22 08:24:23,350 [40df8fc4-149d-40c0-897d-2844034d8141@group-C626CE820278-LeaderElection72] INFO  server.RaftServer$Division (RaftServerImpl.java:setRole(392)) - 40df8fc4-149d-40c0-897d-2844034d8141@group-C626CE820278: changes role from CANDIDATE to FOLLOWER at term 1 for REJECTED
2025-10-22 08:24:23,350 [40df8fc4-149d-40c0-897d-2844034d8141@group-C626CE820278-LeaderElection72] INFO  impl.RoleInfo (RoleInfo.java:shutdownLeaderElection(141)) - 40df8fc4-149d-40c0-897d-2844034d8141: shutdown 40df8fc4-149d-40c0-897d-2844034d8141@group-C626CE820278-LeaderElection72
2025-10-22 08:24:23,350 [40df8fc4-149d-40c0-897d-2844034d8141@group-C626CE820278-LeaderElection72] INFO  impl.RoleInfo (RoleInfo.java:updateAndGet(148)) - 40df8fc4-149d-40c0-897d-2844034d8141: start 40df8fc4-149d-40c0-897d-2844034d8141@group-C626CE820278-FollowerState
2025-10-22 08:24:23,371 [40df8fc4-149d-40c0-897d-2844034d8141@group-5E2F154B5BDB-FollowerState] INFO  impl.FollowerState (FollowerState.java:runImpl(161)) - 40df8fc4-149d-40c0-897d-2844034d8141@group-5E2F154B5BDB-FollowerState: change to CANDIDATE, lastRpcElapsedTime:1118378843ns, electionTimeout:1118ms
2025-10-22 08:24:23,371 [40df8fc4-149d-40c0-897d-2844034d8141@group-5E2F154B5BDB-FollowerState] INFO  impl.RoleInfo (RoleInfo.java:shutdownFollowerState(121)) - 40df8fc4-149d-40c0-897d-2844034d8141: shutdown 40df8fc4-149d-40c0-897d-2844034d8141@group-5E2F154B5BDB-FollowerState
2025-10-22 08:24:23,372 [40df8fc4-149d-40c0-897d-2844034d8141@group-5E2F154B5BDB-FollowerState] INFO  server.RaftServer$Division (RaftServerImpl.java:setRole(392)) - 40df8fc4-149d-40c0-897d-2844034d8141@group-5E2F154B5BDB: changes role from  FOLLOWER to CANDIDATE at term 1 for changeToCandidate
2025-10-22 08:24:23,372 [40df8fc4-149d-40c0-897d-2844034d8141@group-5E2F154B5BDB-FollowerState] INFO  impl.RoleInfo (RoleInfo.java:updateAndGet(148)) - 40df8fc4-149d-40c0-897d-2844034d8141: start 40df8fc4-149d-40c0-897d-2844034d8141@group-5E2F154B5BDB-LeaderElection73
2025-10-22 08:24:23,372 [40df8fc4-149d-40c0-897d-2844034d8141@group-5E2F154B5BDB-LeaderElection73] INFO  impl.LeaderElection (LeaderElection.java:askForVotes(448)) - 40df8fc4-149d-40c0-897d-2844034d8141@group-5E2F154B5BDB-LeaderElection73 PRE_VOTE round 0: submit vote requests at term 1 for conf: {index: 0, cur=peers:[4d8a2798-959e-416b-b534-19c13b55a760|127.0.0.1:15023, 1c036820-4dbe-4abe-80fb-5ca88de5e2f0|127.0.0.1:15015, 40df8fc4-149d-40c0-897d-2844034d8141|127.0.0.1:15031]|listeners:[], old=null}
2025-10-22 08:24:23,373 [40df8fc4-149d-40c0-897d-2844034d8141@group-5E2F154B5BDB-LeaderElection73] INFO  impl.LeaderElection (LogUtils.java:infoOrTrace(142)) - 40df8fc4-149d-40c0-897d-2844034d8141@group-5E2F154B5BDB-LeaderElection73 got exception when requesting votes: java.util.concurrent.ExecutionException: org.apache.ratis.thirdparty.io.grpc.StatusRuntimeException: UNAVAILABLE: io exception
2025-10-22 08:24:23,375 [40df8fc4-149d-40c0-897d-2844034d8141@group-5E2F154B5BDB-LeaderElection73] INFO  impl.LeaderElection (LogUtils.java:infoOrTrace(142)) - 40df8fc4-149d-40c0-897d-2844034d8141@group-5E2F154B5BDB-LeaderElection73 got exception when requesting votes: java.util.concurrent.ExecutionException: org.apache.ratis.thirdparty.io.grpc.StatusRuntimeException: UNAVAILABLE: io exception
2025-10-22 08:24:23,375 [40df8fc4-149d-40c0-897d-2844034d8141@group-5E2F154B5BDB-LeaderElection73] INFO  impl.LeaderElection (LeaderElection.java:logAndReturn(206)) - 40df8fc4-149d-40c0-897d-2844034d8141@group-5E2F154B5BDB-LeaderElection73: PRE_VOTE REJECTED received 0 response(s) and 2 exception(s):
2025-10-22 08:24:23,375 [40df8fc4-149d-40c0-897d-2844034d8141@group-5E2F154B5BDB-LeaderElection73] INFO  impl.LeaderElection (LogUtils.java:infoOrTrace(142)) -   Exception 0: java.util.concurrent.ExecutionException: org.apache.ratis.thirdparty.io.grpc.StatusRuntimeException: UNAVAILABLE: io exception
2025-10-22 08:24:23,375 [40df8fc4-149d-40c0-897d-2844034d8141@group-5E2F154B5BDB-LeaderElection73] INFO  impl.LeaderElection (LogUtils.java:infoOrTrace(142)) -   Exception 1: java.util.concurrent.ExecutionException: org.apache.ratis.thirdparty.io.grpc.StatusRuntimeException: UNAVAILABLE: io exception
2025-10-22 08:24:23,375 [40df8fc4-149d-40c0-897d-2844034d8141@group-5E2F154B5BDB-LeaderElection73] INFO  impl.LeaderElection (LeaderElection.java:askForVotes(450)) - 40df8fc4-149d-40c0-897d-2844034d8141@group-5E2F154B5BDB-LeaderElection73 PRE_VOTE round 0: result REJECTED
2025-10-22 08:24:23,375 [40df8fc4-149d-40c0-897d-2844034d8141@group-5E2F154B5BDB-LeaderElection73] INFO  server.RaftServer$Division (RaftServerImpl.java:setRole(392)) - 40df8fc4-149d-40c0-897d-2844034d8141@group-5E2F154B5BDB: changes role from CANDIDATE to FOLLOWER at term 1 for REJECTED
2025-10-22 08:24:23,375 [40df8fc4-149d-40c0-897d-2844034d8141@group-5E2F154B5BDB-LeaderElection73] INFO  impl.RoleInfo (RoleInfo.java:shutdownLeaderElection(141)) - 40df8fc4-149d-40c0-897d-2844034d8141: shutdown 40df8fc4-149d-40c0-897d-2844034d8141@group-5E2F154B5BDB-LeaderElection73
2025-10-22 08:24:23,375 [40df8fc4-149d-40c0-897d-2844034d8141@group-5E2F154B5BDB-LeaderElection73] INFO  impl.RoleInfo (RoleInfo.java:updateAndGet(148)) - 40df8fc4-149d-40c0-897d-2844034d8141: start 40df8fc4-149d-40c0-897d-2844034d8141@group-5E2F154B5BDB-FollowerState
2025-10-22 08:24:23,379 [ForkJoinPool-1-worker-1] INFO  io.BlockOutputStreamEntry (BlockOutputStreamEntry.java:writeOnRetry(192)) - BlockOutputStreamEntry:57fabcbe-aac1-4804-a3f5-1509753fc135 conID: 2 locID: 115816896921600002 bcsId: 0 replicaIndex: null: Finish retrying with len 2097152, currentPosition 2097152
2025-10-22 08:24:23,379 [ForkJoinPool-1-worker-1] INFO  io.BlockOutputStreamEntry (BlockOutputStreamEntry.java:finishRetryHandling(141)) - BlockOutputStreamEntry:57fabcbe-aac1-4804-a3f5-1509753fc135 conID: 2 locID: 115816896921600002 bcsId: 0 replicaIndex: null: Exiting retry handling mode
]]></system-out>
  </testcase>
  <testcase name="testContainerExclusionWithClosedContainerException" classname="org.apache.hadoop.ozone.client.rpc.TestFailureHandlingByClient" time="4.266">
    <system-out><![CDATA[2025-10-22 08:24:23,795 [ForkJoinPool-1-worker-1] WARN  dropwizard3.Dm3MetricRegistriesImpl (Dm3MetricRegistriesImpl.java:addReporterRegistration(114)) - New reporters are added after registries were created. Some metrics will be missing from the reporter. Please add reporter before adding any new registry.
2025-10-22 08:24:23,795 [ForkJoinPool-1-worker-1] WARN  dropwizard3.Dm3MetricRegistriesImpl (Dm3MetricRegistriesImpl.java:addReporterRegistration(114)) - New reporters are added after registries were created. Some metrics will be missing from the reporter. Please add reporter before adding any new registry.
2025-10-22 08:24:23,837 [ForkJoinPool-1-worker-1] INFO  ozone.HddsDatanodeService (HddsDatanodeService.java:start(236)) - HddsDatanodeService 4d8a2798-959e-416b-b534-19c13b55a760(localhost/127.0.0.1)
2025-10-22 08:24:23,839 [ForkJoinPool-1-worker-1] INFO  upgrade.AbstractLayoutVersionManager (AbstractLayoutVersionManager.java:init(80)) - Initializing Layout version manager with metadata layout = WITNESSED_CONTAINER_DB_PROTO_VALUE (version = 9), software layout = WITNESSED_CONTAINER_DB_PROTO_VALUE (version = 9)
2025-10-22 08:24:23,840 [ForkJoinPool-1-worker-1] INFO  statemachine.DatanodeStateMachine (DatanodeStateMachine.java:getEndPointTaskThreadPoolSize(321)) - Datanode State Machine Task Thread Pool size 2
2025-10-22 08:24:23,843 [ForkJoinPool-1-worker-1] INFO  volume.HddsVolume (HddsVolume.java:<init>(162)) - HddsVolume: { id=DS-4aaa098a-486e-4441-80f0-7688bb8bbdde dir=/home/runner/work/ozone/ozone/hadoop-ozone/integration-test/target/test-dir/MiniOzoneClusterImpl-a412b9f6-7d8b-4de3-a85c-9946bceaa3a0/ozone-metadata/datanode-2/data-0/hdds type=DISK capacity=9222449699674390527 used=0 available=9222449699674390527 minFree=184448985434423296 committed=0 }
2025-10-22 08:24:23,844 [ForkJoinPool-1-worker-1] INFO  volume.MutableVolumeSet (MutableVolumeSet.java:initializeVolumeSet(175)) - Added Volume : /home/runner/work/ozone/ozone/hadoop-ozone/integration-test/target/test-dir/MiniOzoneClusterImpl-a412b9f6-7d8b-4de3-a85c-9946bceaa3a0/ozone-metadata/datanode-2/data-0/hdds to VolumeSet
2025-10-22 08:24:23,845 [ForkJoinPool-1-worker-1] INFO  volume.MutableVolumeSet (MutableVolumeSet.java:initializeVolumeSet(175)) - Added Volume : /home/runner/work/ozone/ozone/hadoop-ozone/integration-test/target/test-dir/MiniOzoneClusterImpl-a412b9f6-7d8b-4de3-a85c-9946bceaa3a0/ozone-metadata/datanode-2/ratis to VolumeSet
2025-10-22 08:24:23,868 [ForkJoinPool.commonPool-worker-2] INFO  utils.DatanodeStoreCache (DatanodeStoreCache.java:addDB(70)) - Added db /home/runner/work/ozone/ozone/hadoop-ozone/integration-test/target/test-dir/MiniOzoneClusterImpl-a412b9f6-7d8b-4de3-a85c-9946bceaa3a0/ozone-metadata/datanode-2/data-0/hdds/a412b9f6-7d8b-4de3-a85c-9946bceaa3a0/DS-4aaa098a-486e-4441-80f0-7688bb8bbdde/container.db to cache
2025-10-22 08:24:23,868 [ForkJoinPool.commonPool-worker-2] INFO  volume.HddsVolume (HddsVolume.java:loadDbStore(517)) - SchemaV3 db is loaded at /home/runner/work/ozone/ozone/hadoop-ozone/integration-test/target/test-dir/MiniOzoneClusterImpl-a412b9f6-7d8b-4de3-a85c-9946bceaa3a0/ozone-metadata/datanode-2/data-0/hdds/a412b9f6-7d8b-4de3-a85c-9946bceaa3a0/DS-4aaa098a-486e-4441-80f0-7688bb8bbdde/container.db for volume DS-4aaa098a-486e-4441-80f0-7688bb8bbdde
2025-10-22 08:24:23,868 [ForkJoinPool-1-worker-1] INFO  ozoneimpl.OzoneContainer (HddsVolumeUtil.java:loadAllHddsVolumeDbStore(102)) - Load 1 volumes DbStore cost: 23ms
2025-10-22 08:24:23,869 [ForkJoinPool-1-worker-1] WARN  db.DBStoreBuilder (DBStoreBuilder.java:getDBDirPath(157)) - ozone.scm.datanode.id.dir is not configured. We recommend adding this setting. Falling back to ozone.metadata.dirs instead.
2025-10-22 08:24:23,871 [ForkJoinPool-1-worker-1] WARN  db.DBStoreBuilder (DBStoreBuilder.java:getDBDirPath(157)) - ozone.scm.datanode.id.dir is not configured. We recommend adding this setting. Falling back to ozone.metadata.dirs instead.
2025-10-22 08:24:23,883 [ForkJoinPool-1-worker-1] INFO  impl.FilePerChunkStrategy (FilePerChunkStrategy.java:<init>(79)) - ozone.chunk.read.mapped.buffer.max.count is load with 0
2025-10-22 08:24:23,883 [ForkJoinPool-1-worker-1] INFO  impl.FilePerBlockStrategy (FilePerBlockStrategy.java:<init>(88)) - ozone.chunk.read.mapped.buffer.max.count is load with 0
2025-10-22 08:24:23,884 [ForkJoinPool-1-worker-1] INFO  server.RaftServerConfigKeys (ConfUtils.java:logGet(62)) - raft.server.log.appender.buffer.byte-limit = 33554432 (custom)
2025-10-22 08:24:23,885 [ForkJoinPool-1-worker-1] INFO  grpc.GrpcConfigKeys (ConfUtils.java:logFallback(69)) - raft.grpc.admin.host = null (fallback to raft.grpc.server.host)
2025-10-22 08:24:23,885 [ForkJoinPool-1-worker-1] INFO  grpc.GrpcConfigKeys (ConfUtils.java:logGet(62)) - raft.grpc.admin.port = 15022 (custom)
2025-10-22 08:24:23,885 [ForkJoinPool-1-worker-1] INFO  grpc.GrpcConfigKeys (ConfUtils.java:logFallback(69)) - raft.grpc.client.host = null (fallback to raft.grpc.server.host)
2025-10-22 08:24:23,885 [ForkJoinPool-1-worker-1] INFO  grpc.GrpcConfigKeys (ConfUtils.java:logGet(62)) - raft.grpc.client.port = 15021 (custom)
2025-10-22 08:24:23,885 [ForkJoinPool-1-worker-1] INFO  grpc.GrpcConfigKeys (ConfUtils.java:logGet(62)) - raft.grpc.server.port = 15023 (custom)
2025-10-22 08:24:23,886 [ForkJoinPool-1-worker-1] INFO  server.GrpcServicesImpl (ConfUtils.java:logGet(62)) - raft.grpc.message.size.max = 34603008 (custom)
2025-10-22 08:24:23,886 [ForkJoinPool-1-worker-1] INFO  server.GrpcServicesImpl (ConfUtils.java:logGet(62)) - raft.grpc.flow.control.window = 5MB (=5242880) (custom)
2025-10-22 08:24:23,886 [ForkJoinPool-1-worker-1] INFO  server.RaftServerConfigKeys (ConfUtils.java:logGet(62)) - raft.server.log.appender.buffer.byte-limit = 33554432 (custom)
2025-10-22 08:24:23,887 [ForkJoinPool-1-worker-1] INFO  netty.NettyUtils (NettyUtils.java:newEventLoopGroup(74)) - Create EpollEventLoopGroup for 4d8a2798-959e-416b-b534-19c13b55a760-NettyServerStreamRpc-bossGroup; Thread size is 0.
2025-10-22 08:24:23,888 [ForkJoinPool-1-worker-1] INFO  netty.NettyUtils (NettyUtils.java:newEventLoopGroup(74)) - Create EpollEventLoopGroup for 4d8a2798-959e-416b-b534-19c13b55a760-NettyServerStreamRpc-workerGroup; Thread size is 0.
2025-10-22 08:24:23,888 [ForkJoinPool-1-worker-1] INFO  netty.NettyConfigKeys$DataStream (ConfUtils.java:logGet(62)) - raft.netty.dataStream.port = 15024 (custom)
2025-10-22 08:24:23,889 [ForkJoinPool-1-worker-1] INFO  server.RaftServerConfigKeys (ConfUtils.java:logGet(62)) - raft.server.storage.dir = [/home/runner/work/ozone/ozone/hadoop-ozone/integration-test/target/test-dir/MiniOzoneClusterImpl-a412b9f6-7d8b-4de3-a85c-9946bceaa3a0/ozone-metadata/datanode-2/ratis] (custom)
2025-10-22 08:24:23,889 [4d8a2798-959e-416b-b534-19c13b55a760-NettyServerStreamRpc-bossGroup--thread1] INFO  logging.LoggingHandler (AbstractInternalLogger.java:log(148)) - [id: 0x1e643089] REGISTERED
2025-10-22 08:24:23,889 [4d8a2798-959e-416b-b534-19c13b55a760-NettyServerStreamRpc-bossGroup--thread1] INFO  logging.LoggingHandler (AbstractInternalLogger.java:log(148)) - [id: 0x1e643089] BIND: 0.0.0.0/0.0.0.0:15024
2025-10-22 08:24:23,889 [4d8a2798-959e-416b-b534-19c13b55a760-NettyServerStreamRpc-bossGroup--thread1] INFO  logging.LoggingHandler (AbstractInternalLogger.java:log(148)) - [id: 0x1e643089, L:/0.0.0.0:15024] ACTIVE
2025-10-22 08:24:23,889 [4d8a2798-959e-416b-b534-19c13b55a760-impl-thread1] INFO  server.RaftServer (RaftServerProxy.java:initGroupDir(270)) - 4d8a2798-959e-416b-b534-19c13b55a760: found a subdirectory /home/runner/work/ozone/ozone/hadoop-ozone/integration-test/target/test-dir/MiniOzoneClusterImpl-a412b9f6-7d8b-4de3-a85c-9946bceaa3a0/ozone-metadata/datanode-2/ratis/28d7a56f-ff21-46bd-bc35-c626ce820278
2025-10-22 08:24:23,890 [4d8a2798-959e-416b-b534-19c13b55a760-impl-thread1] INFO  server.RaftServer (RaftServerProxy.java:addNew(105)) - 4d8a2798-959e-416b-b534-19c13b55a760: addNew group-C626CE820278:[] returns group-C626CE820278:java.util.concurrent.CompletableFuture@6c37a5f3[Not completed]
2025-10-22 08:24:23,890 [4d8a2798-959e-416b-b534-19c13b55a760-impl-thread1] INFO  server.RaftServer (RaftServerProxy.java:initGroupDir(270)) - 4d8a2798-959e-416b-b534-19c13b55a760: found a subdirectory /home/runner/work/ozone/ozone/hadoop-ozone/integration-test/target/test-dir/MiniOzoneClusterImpl-a412b9f6-7d8b-4de3-a85c-9946bceaa3a0/ozone-metadata/datanode-2/ratis/tmp
2025-10-22 08:24:23,890 [4d8a2798-959e-416b-b534-19c13b55a760-impl-thread1] INFO  server.RaftServer (RaftServerProxy.java:initGroupDir(275)) - 4d8a2798-959e-416b-b534-19c13b55a760: The directory /home/runner/work/ozone/ozone/hadoop-ozone/integration-test/target/test-dir/MiniOzoneClusterImpl-a412b9f6-7d8b-4de3-a85c-9946bceaa3a0/ozone-metadata/datanode-2/ratis/tmp is not a group directory; ignoring it. 
2025-10-22 08:24:23,890 [4d8a2798-959e-416b-b534-19c13b55a760-impl-thread1] INFO  server.RaftServer (RaftServerProxy.java:initGroupDir(270)) - 4d8a2798-959e-416b-b534-19c13b55a760: found a subdirectory /home/runner/work/ozone/ozone/hadoop-ozone/integration-test/target/test-dir/MiniOzoneClusterImpl-a412b9f6-7d8b-4de3-a85c-9946bceaa3a0/ozone-metadata/datanode-2/ratis/991bfa6b-f7e5-4a03-b9a5-5e2f154b5bdb
2025-10-22 08:24:23,890 [4d8a2798-959e-416b-b534-19c13b55a760-impl-thread1] INFO  server.RaftServer (RaftServerProxy.java:addNew(105)) - 4d8a2798-959e-416b-b534-19c13b55a760: addNew group-5E2F154B5BDB:[] returns group-5E2F154B5BDB:java.util.concurrent.CompletableFuture@251d86e9[Not completed]
2025-10-22 08:24:23,890 [4d8a2798-959e-416b-b534-19c13b55a760-impl-thread1] INFO  server.RaftServer (RaftServerProxy.java:initGroupDir(270)) - 4d8a2798-959e-416b-b534-19c13b55a760: found a subdirectory /home/runner/work/ozone/ozone/hadoop-ozone/integration-test/target/test-dir/MiniOzoneClusterImpl-a412b9f6-7d8b-4de3-a85c-9946bceaa3a0/ozone-metadata/datanode-2/ratis/0ab6beb1-ecd4-4a22-8092-c080f8b16968
2025-10-22 08:24:23,890 [4d8a2798-959e-416b-b534-19c13b55a760-impl-thread1] INFO  server.RaftServer (RaftServerProxy.java:addNew(105)) - 4d8a2798-959e-416b-b534-19c13b55a760: addNew group-C080F8B16968:[] returns group-C080F8B16968:java.util.concurrent.CompletableFuture@5d91096d[Not completed]
2025-10-22 08:24:23,890 [ForkJoinPool-1-worker-1] INFO  replication.ReplicationServer (ReplicationServer.java:<init>(84)) - Initializing replication server with thread count = 10 queue length = 4096
2025-10-22 08:24:23,891 [ForkJoinPool-1-worker-1] INFO  server.XceiverServerGrpc (XceiverServerGrpc.java:<init>(129)) - GrpcServer channel type EpollServerSocketChannel
2025-10-22 08:24:23,891 [4d8a2798-959e-416b-b534-19c13b55a760-groupManagement] INFO  server.RaftServer$Division (RaftServerImpl.java:<init>(268)) - 4d8a2798-959e-416b-b534-19c13b55a760: new RaftServerImpl for group-C626CE820278:[] with ContainerStateMachine:uninitialized
2025-10-22 08:24:23,892 [4d8a2798-959e-416b-b534-19c13b55a760-groupManagement] INFO  server.RaftServer$Division (ServerState.java:<init>(114)) - 4d8a2798-959e-416b-b534-19c13b55a760@group-C626CE820278: ConfigurationManager, init=conf: {index: -1, cur=peers:[]|listeners:[], old=null}, confs=<EMPTY_MAP>
2025-10-22 08:24:23,893 [ForkJoinPool-1-worker-1] INFO  replication.ReplicationSupervisor (ReplicationSupervisor.java:build(169)) - Initializing replication supervisor with thread count = 10
2025-10-22 08:24:23,893 [ForkJoinPool-1-worker-1] INFO  replication.ReplicationSupervisor (ReplicationSupervisor.java:nodeStateUpdated(358)) - Node state updated to IN_SERVICE, scaling executor pool size to 10
2025-10-22 08:24:23,896 [ForkJoinPool-1-worker-1] INFO  http.BaseHttpServer (BaseHttpServer.java:newHttpServer2BuilderForOzone(227)) - Starting Web-server for hddsDatanode at: http://0.0.0.0:15018
2025-10-22 08:24:23,896 [ForkJoinPool-1-worker-1] INFO  http.BaseHttpServer (BaseHttpServer.java:<init>(105)) - Hadoop Security Enabled: false Ozone Security Enabled: false Ozone HTTP Security Enabled: false 
2025-10-22 08:24:23,898 [ForkJoinPool-1-worker-1] WARN  server.AuthenticationFilter (AuthenticationFilter.java:constructSecretProvider(240)) - Unable to initialize FileSignerSecretProvider, falling back to use random secrets. Reason: Could not read signature secret file: /home/runner/hadoop-http-auth-signature-secret
2025-10-22 08:24:23,899 [4d8a2798-959e-416b-b534-19c13b55a760-groupManagement] INFO  server.RaftServer$Division (RaftServerImpl.java:<init>(268)) - 4d8a2798-959e-416b-b534-19c13b55a760: new RaftServerImpl for group-5E2F154B5BDB:[] with ContainerStateMachine:uninitialized
2025-10-22 08:24:23,899 [4d8a2798-959e-416b-b534-19c13b55a760-groupManagement] INFO  server.RaftServer$Division (ServerState.java:<init>(114)) - 4d8a2798-959e-416b-b534-19c13b55a760@group-5E2F154B5BDB: ConfigurationManager, init=conf: {index: -1, cur=peers:[]|listeners:[], old=null}, confs=<EMPTY_MAP>
2025-10-22 08:24:23,902 [ForkJoinPool-1-worker-1] INFO  http.HttpServer2 (HttpServer2.java:addGlobalFilter(1040)) - Added global filter 'safety' (class=org.apache.hadoop.hdds.server.http.HttpServer2$QuotingInputFilter)
2025-10-22 08:24:23,903 [ForkJoinPool-1-worker-1] INFO  http.HttpServer2 (HttpServer2.java:addFilter(1016)) - Added filter static_user_filter (class=org.apache.hadoop.http.lib.StaticUserWebFilter$StaticUserFilter) to context hddsDatanode
2025-10-22 08:24:23,903 [ForkJoinPool-1-worker-1] INFO  http.HttpServer2 (HttpServer2.java:addFilter(1024)) - Added filter static_user_filter (class=org.apache.hadoop.http.lib.StaticUserWebFilter$StaticUserFilter) to context static
2025-10-22 08:24:23,904 [ForkJoinPool-1-worker-1] INFO  http.HttpServer2 (HttpServer2.java:addFilter(1024)) - Added filter static_user_filter (class=org.apache.hadoop.http.lib.StaticUserWebFilter$StaticUserFilter) to context logs
2025-10-22 08:24:23,904 [4d8a2798-959e-416b-b534-19c13b55a760-groupManagement] INFO  server.RaftServer$Division (RaftServerImpl.java:<init>(268)) - 4d8a2798-959e-416b-b534-19c13b55a760: new RaftServerImpl for group-C080F8B16968:[] with ContainerStateMachine:uninitialized
2025-10-22 08:24:23,904 [4d8a2798-959e-416b-b534-19c13b55a760-groupManagement] INFO  server.RaftServer$Division (ServerState.java:<init>(114)) - 4d8a2798-959e-416b-b534-19c13b55a760@group-C080F8B16968: ConfigurationManager, init=conf: {index: -1, cur=peers:[]|listeners:[], old=null}, confs=<EMPTY_MAP>
2025-10-22 08:24:23,904 [ForkJoinPool-1-worker-1] INFO  http.BaseHttpServer (BaseHttpServer.java:<init>(193)) - HTTP server of hddsDatanode uses base directory /home/runner/work/ozone/ozone/hadoop-ozone/integration-test/target/test-dir/MiniOzoneClusterImpl-a412b9f6-7d8b-4de3-a85c-9946bceaa3a0/scm/ozone-metadata/webserver
2025-10-22 08:24:23,904 [ForkJoinPool-1-worker-1] INFO  http.HttpServer2 (HttpServer2.java:bindListener(1240)) - Jetty bound to port 15018
2025-10-22 08:24:23,905 [ForkJoinPool-1-worker-1] INFO  server.Server (Server.java:doStart(375)) - jetty-9.4.58.v20250814; built: 2025-08-14T02:28:49.637Z; git: 8f1440587e9e4ae7db3d74cf205643f3d707148d; jvm 21.0.8+9-LTS
2025-10-22 08:24:23,907 [ForkJoinPool-1-worker-1] INFO  server.session (DefaultSessionIdManager.java:doStart(334)) - DefaultSessionIdManager workerName=node0
2025-10-22 08:24:23,907 [ForkJoinPool-1-worker-1] INFO  server.session (DefaultSessionIdManager.java:doStart(339)) - No SessionScavenger set, using defaults
2025-10-22 08:24:23,907 [ForkJoinPool-1-worker-1] INFO  server.session (HouseKeeper.java:startScavenging(132)) - node0 Scavenging every 600000ms
2025-10-22 08:24:23,908 [ForkJoinPool-1-worker-1] INFO  handler.ContextHandler (ContextHandler.java:doStart(921)) - Started o.e.j.s.ServletContextHandler@3c6e5ca7{logs,/logs,file:///home/runner/work/ozone/ozone/hadoop-ozone/integration-test/target/log,AVAILABLE}
2025-10-22 08:24:23,909 [ForkJoinPool-1-worker-1] INFO  handler.ContextHandler (ContextHandler.java:doStart(921)) - Started o.e.j.s.ServletContextHandler@3490f756{static,/static,jar:file:/home/runner/work/ozone/ozone/hadoop-hdds/container-service/target/hdds-container-service-2.1.0-SNAPSHOT.jar!/webapps/static,AVAILABLE}
2025-10-22 08:24:24,064 [ForkJoinPool-1-worker-1] INFO  handler.ContextHandler (ContextHandler.java:doStart(921)) - Started o.e.j.w.WebAppContext@25f07e2e{hddsDatanode,/,file:///home/runner/work/ozone/ozone/hadoop-ozone/integration-test/target/test-dir/MiniOzoneClusterImpl-a412b9f6-7d8b-4de3-a85c-9946bceaa3a0/scm/ozone-metadata/webserver/jetty-0_0_0_0-15018-hdds-container-service-2_1_0-SNAPSHOT_jar-_-any-6333789035936103753/webapp/,AVAILABLE}{jar:file:/home/runner/work/ozone/ozone/hadoop-hdds/container-service/target/hdds-container-service-2.1.0-SNAPSHOT.jar!/webapps/hddsDatanode}
2025-10-22 08:24:24,065 [ForkJoinPool-1-worker-1] INFO  server.AbstractConnector (AbstractConnector.java:doStart(333)) - Started ServerConnector@6f92d4db{HTTP/1.1, (http/1.1)}{0.0.0.0:15018}
2025-10-22 08:24:24,065 [ForkJoinPool-1-worker-1] INFO  server.Server (Server.java:doStart(415)) - Started @55662ms
2025-10-22 08:24:24,065 [ForkJoinPool-1-worker-1] WARN  impl.MetricsSystemImpl (MetricsSystemImpl.java:register(279)) - Sink prometheus already exists!
2025-10-22 08:24:24,065 [ForkJoinPool-1-worker-1] INFO  http.BaseHttpServer (BaseHttpServer.java:updateConnectorAddress(357)) - HTTP server of hddsDatanode listening at http://localhost:15018
2025-10-22 08:24:24,065 [ForkJoinPool-1-worker-1] INFO  ipc.CallQueueManager (CallQueueManager.java:<init>(93)) - Using callQueue: class java.util.concurrent.LinkedBlockingQueue, queueCapacity: 1000, scheduler: class org.apache.hadoop.ipc.DefaultRpcScheduler, ipcBackoff: false, ipcFailOver: false.
2025-10-22 08:24:24,066 [ForkJoinPool-1-worker-1] INFO  ipc.Server (Server.java:<init>(1438)) - Listener at 0.0.0.0:15019
2025-10-22 08:24:24,066 [Socket Reader #1 for port 15019] INFO  ipc.Server (Server.java:run(1474)) - Starting Socket Reader #1 for port 15019
2025-10-22 08:24:24,066 [Socket Reader #2 for port 15019] INFO  ipc.Server (Server.java:run(1474)) - Starting Socket Reader #2 for port 15019
2025-10-22 08:24:24,066 [Socket Reader #3 for port 15019] INFO  ipc.Server (Server.java:run(1474)) - Starting Socket Reader #3 for port 15019
2025-10-22 08:24:24,067 [Socket Reader #4 for port 15019] INFO  ipc.Server (Server.java:run(1474)) - Starting Socket Reader #4 for port 15019
2025-10-22 08:24:24,067 [Socket Reader #5 for port 15019] INFO  ipc.Server (Server.java:run(1474)) - Starting Socket Reader #5 for port 15019
2025-10-22 08:24:24,067 [Socket Reader #6 for port 15019] INFO  ipc.Server (Server.java:run(1474)) - Starting Socket Reader #6 for port 15019
2025-10-22 08:24:24,067 [Socket Reader #7 for port 15019] INFO  ipc.Server (Server.java:run(1474)) - Starting Socket Reader #7 for port 15019
2025-10-22 08:24:24,067 [Socket Reader #8 for port 15019] INFO  ipc.Server (Server.java:run(1474)) - Starting Socket Reader #8 for port 15019
2025-10-22 08:24:24,067 [Socket Reader #9 for port 15019] INFO  ipc.Server (Server.java:run(1474)) - Starting Socket Reader #9 for port 15019
2025-10-22 08:24:24,068 [Socket Reader #10 for port 15019] INFO  ipc.Server (Server.java:run(1474)) - Starting Socket Reader #10 for port 15019
2025-10-22 08:24:24,069 [ForkJoinPool-1-worker-1] INFO  ozone.HddsDatanodeService (HddsDatanodeService.java:start(333)) - Datanode start with admins: [admin, runner]
2025-10-22 08:24:24,069 [ForkJoinPool-1-worker-1] INFO  ozone.HddsDatanodeClientProtocolServer (HddsDatanodeClientProtocolServer.java:start(76)) - RPC server for Client /0.0.0.0:15019
2025-10-22 08:24:24,070 [IPC Server Responder] INFO  ipc.Server (Server.java:run(1713)) - IPC Server Responder: starting
2025-10-22 08:24:24,070 [IPC Server listener on 15019] INFO  ipc.Server (Server.java:run(1553)) - IPC Server listener on 15019: starting
2025-10-22 08:24:24,073 [4d8a2798-959e-416b-b534-19c13b55a760-DatanodeStateMachineDaemonThread] INFO  statemachine.DatanodeStateMachine (DatanodeStateMachine.java:startStateMachineThread(363)) - Ozone container server started.
2025-10-22 08:24:24,073 [ForkJoinPool-1-worker-1] WARN  dropwizard3.Dm3MetricRegistriesImpl (Dm3MetricRegistriesImpl.java:addReporterRegistration(114)) - New reporters are added after registries were created. Some metrics will be missing from the reporter. Please add reporter before adding any new registry.
2025-10-22 08:24:24,074 [ForkJoinPool-1-worker-1] WARN  dropwizard3.Dm3MetricRegistriesImpl (Dm3MetricRegistriesImpl.java:addReporterRegistration(114)) - New reporters are added after registries were created. Some metrics will be missing from the reporter. Please add reporter before adding any new registry.
2025-10-22 08:24:24,077 [4d8a2798-959e-416b-b534-19c13b55a760-DatanodeStateMachineTaskThread-0] INFO  datanode.InitDatanodeState (InitDatanodeState.java:persistContainerDatanodeDetails(139)) - DatanodeDetails is persisted to /home/runner/work/ozone/ozone/hadoop-ozone/integration-test/target/test-dir/MiniOzoneClusterImpl-a412b9f6-7d8b-4de3-a85c-9946bceaa3a0/ozone-metadata/datanode-2/ozone-metadata/datanode.id
2025-10-22 08:24:24,098 [ForkJoinPool-1-worker-1] INFO  ozone.HddsDatanodeService (HddsDatanodeService.java:start(236)) - HddsDatanodeService 1c036820-4dbe-4abe-80fb-5ca88de5e2f0(localhost/127.0.0.1)
2025-10-22 08:24:24,099 [ForkJoinPool-1-worker-1] INFO  upgrade.AbstractLayoutVersionManager (AbstractLayoutVersionManager.java:init(80)) - Initializing Layout version manager with metadata layout = WITNESSED_CONTAINER_DB_PROTO_VALUE (version = 9), software layout = WITNESSED_CONTAINER_DB_PROTO_VALUE (version = 9)
2025-10-22 08:24:24,100 [ForkJoinPool-1-worker-1] INFO  statemachine.DatanodeStateMachine (DatanodeStateMachine.java:getEndPointTaskThreadPoolSize(321)) - Datanode State Machine Task Thread Pool size 2
2025-10-22 08:24:24,103 [ForkJoinPool-1-worker-1] INFO  volume.HddsVolume (HddsVolume.java:<init>(162)) - HddsVolume: { id=DS-a07e098a-6398-480b-9efd-d3f505e7661c dir=/home/runner/work/ozone/ozone/hadoop-ozone/integration-test/target/test-dir/MiniOzoneClusterImpl-a412b9f6-7d8b-4de3-a85c-9946bceaa3a0/ozone-metadata/datanode-1/data-0/hdds type=DISK capacity=9222449699674390527 used=0 available=9222449699674390527 minFree=184448985434423296 committed=0 }
2025-10-22 08:24:24,103 [ForkJoinPool-1-worker-1] INFO  volume.MutableVolumeSet (MutableVolumeSet.java:initializeVolumeSet(175)) - Added Volume : /home/runner/work/ozone/ozone/hadoop-ozone/integration-test/target/test-dir/MiniOzoneClusterImpl-a412b9f6-7d8b-4de3-a85c-9946bceaa3a0/ozone-metadata/datanode-1/data-0/hdds to VolumeSet
2025-10-22 08:24:24,104 [ForkJoinPool-1-worker-1] INFO  volume.MutableVolumeSet (MutableVolumeSet.java:initializeVolumeSet(175)) - Added Volume : /home/runner/work/ozone/ozone/hadoop-ozone/integration-test/target/test-dir/MiniOzoneClusterImpl-a412b9f6-7d8b-4de3-a85c-9946bceaa3a0/ozone-metadata/datanode-1/ratis to VolumeSet
2025-10-22 08:24:24,120 [ForkJoinPool.commonPool-worker-2] INFO  utils.DatanodeStoreCache (DatanodeStoreCache.java:addDB(70)) - Added db /home/runner/work/ozone/ozone/hadoop-ozone/integration-test/target/test-dir/MiniOzoneClusterImpl-a412b9f6-7d8b-4de3-a85c-9946bceaa3a0/ozone-metadata/datanode-1/data-0/hdds/a412b9f6-7d8b-4de3-a85c-9946bceaa3a0/DS-a07e098a-6398-480b-9efd-d3f505e7661c/container.db to cache
2025-10-22 08:24:24,120 [ForkJoinPool.commonPool-worker-2] INFO  volume.HddsVolume (HddsVolume.java:loadDbStore(517)) - SchemaV3 db is loaded at /home/runner/work/ozone/ozone/hadoop-ozone/integration-test/target/test-dir/MiniOzoneClusterImpl-a412b9f6-7d8b-4de3-a85c-9946bceaa3a0/ozone-metadata/datanode-1/data-0/hdds/a412b9f6-7d8b-4de3-a85c-9946bceaa3a0/DS-a07e098a-6398-480b-9efd-d3f505e7661c/container.db for volume DS-a07e098a-6398-480b-9efd-d3f505e7661c
2025-10-22 08:24:24,120 [ForkJoinPool-1-worker-1] INFO  ozoneimpl.OzoneContainer (HddsVolumeUtil.java:loadAllHddsVolumeDbStore(102)) - Load 1 volumes DbStore cost: 16ms
2025-10-22 08:24:24,120 [ForkJoinPool-1-worker-1] WARN  db.DBStoreBuilder (DBStoreBuilder.java:getDBDirPath(157)) - ozone.scm.datanode.id.dir is not configured. We recommend adding this setting. Falling back to ozone.metadata.dirs instead.
2025-10-22 08:24:24,121 [ForkJoinPool-1-worker-1] WARN  db.DBStoreBuilder (DBStoreBuilder.java:getDBDirPath(157)) - ozone.scm.datanode.id.dir is not configured. We recommend adding this setting. Falling back to ozone.metadata.dirs instead.
2025-10-22 08:24:24,130 [ForkJoinPool-1-worker-1] INFO  impl.FilePerChunkStrategy (FilePerChunkStrategy.java:<init>(79)) - ozone.chunk.read.mapped.buffer.max.count is load with 0
2025-10-22 08:24:24,130 [ForkJoinPool-1-worker-1] INFO  impl.FilePerBlockStrategy (FilePerBlockStrategy.java:<init>(88)) - ozone.chunk.read.mapped.buffer.max.count is load with 0
2025-10-22 08:24:24,131 [ForkJoinPool-1-worker-1] INFO  server.RaftServerConfigKeys (ConfUtils.java:logGet(62)) - raft.server.log.appender.buffer.byte-limit = 33554432 (custom)
2025-10-22 08:24:24,132 [ForkJoinPool-1-worker-1] INFO  grpc.GrpcConfigKeys (ConfUtils.java:logFallback(69)) - raft.grpc.admin.host = null (fallback to raft.grpc.server.host)
2025-10-22 08:24:24,132 [ForkJoinPool-1-worker-1] INFO  grpc.GrpcConfigKeys (ConfUtils.java:logGet(62)) - raft.grpc.admin.port = 15014 (custom)
2025-10-22 08:24:24,132 [ForkJoinPool-1-worker-1] INFO  grpc.GrpcConfigKeys (ConfUtils.java:logFallback(69)) - raft.grpc.client.host = null (fallback to raft.grpc.server.host)
2025-10-22 08:24:24,132 [ForkJoinPool-1-worker-1] INFO  grpc.GrpcConfigKeys (ConfUtils.java:logGet(62)) - raft.grpc.client.port = 15013 (custom)
2025-10-22 08:24:24,132 [ForkJoinPool-1-worker-1] INFO  grpc.GrpcConfigKeys (ConfUtils.java:logGet(62)) - raft.grpc.server.port = 15015 (custom)
2025-10-22 08:24:24,132 [ForkJoinPool-1-worker-1] INFO  server.GrpcServicesImpl (ConfUtils.java:logGet(62)) - raft.grpc.message.size.max = 34603008 (custom)
2025-10-22 08:24:24,133 [ForkJoinPool-1-worker-1] INFO  server.GrpcServicesImpl (ConfUtils.java:logGet(62)) - raft.grpc.flow.control.window = 5MB (=5242880) (custom)
2025-10-22 08:24:24,133 [ForkJoinPool-1-worker-1] INFO  server.RaftServerConfigKeys (ConfUtils.java:logGet(62)) - raft.server.log.appender.buffer.byte-limit = 33554432 (custom)
2025-10-22 08:24:24,135 [ForkJoinPool-1-worker-1] INFO  netty.NettyUtils (NettyUtils.java:newEventLoopGroup(74)) - Create EpollEventLoopGroup for 1c036820-4dbe-4abe-80fb-5ca88de5e2f0-NettyServerStreamRpc-bossGroup; Thread size is 0.
2025-10-22 08:24:24,135 [ForkJoinPool-1-worker-1] INFO  netty.NettyUtils (NettyUtils.java:newEventLoopGroup(74)) - Create EpollEventLoopGroup for 1c036820-4dbe-4abe-80fb-5ca88de5e2f0-NettyServerStreamRpc-workerGroup; Thread size is 0.
2025-10-22 08:24:24,135 [ForkJoinPool-1-worker-1] INFO  netty.NettyConfigKeys$DataStream (ConfUtils.java:logGet(62)) - raft.netty.dataStream.port = 15016 (custom)
2025-10-22 08:24:24,136 [ForkJoinPool-1-worker-1] INFO  server.RaftServerConfigKeys (ConfUtils.java:logGet(62)) - raft.server.storage.dir = [/home/runner/work/ozone/ozone/hadoop-ozone/integration-test/target/test-dir/MiniOzoneClusterImpl-a412b9f6-7d8b-4de3-a85c-9946bceaa3a0/ozone-metadata/datanode-1/ratis] (custom)
2025-10-22 08:24:24,136 [1c036820-4dbe-4abe-80fb-5ca88de5e2f0-NettyServerStreamRpc-bossGroup--thread1] INFO  logging.LoggingHandler (AbstractInternalLogger.java:log(148)) - [id: 0x30727e92] REGISTERED
2025-10-22 08:24:24,136 [1c036820-4dbe-4abe-80fb-5ca88de5e2f0-NettyServerStreamRpc-bossGroup--thread1] INFO  logging.LoggingHandler (AbstractInternalLogger.java:log(148)) - [id: 0x30727e92] BIND: 0.0.0.0/0.0.0.0:15016
2025-10-22 08:24:24,137 [1c036820-4dbe-4abe-80fb-5ca88de5e2f0-impl-thread1] INFO  server.RaftServer (RaftServerProxy.java:initGroupDir(270)) - 1c036820-4dbe-4abe-80fb-5ca88de5e2f0: found a subdirectory /home/runner/work/ozone/ozone/hadoop-ozone/integration-test/target/test-dir/MiniOzoneClusterImpl-a412b9f6-7d8b-4de3-a85c-9946bceaa3a0/ozone-metadata/datanode-1/ratis/28d7a56f-ff21-46bd-bc35-c626ce820278
2025-10-22 08:24:24,137 [1c036820-4dbe-4abe-80fb-5ca88de5e2f0-NettyServerStreamRpc-bossGroup--thread1] INFO  logging.LoggingHandler (AbstractInternalLogger.java:log(148)) - [id: 0x30727e92, L:/0.0.0.0:15016] ACTIVE
2025-10-22 08:24:24,137 [1c036820-4dbe-4abe-80fb-5ca88de5e2f0-impl-thread1] INFO  server.RaftServer (RaftServerProxy.java:addNew(105)) - 1c036820-4dbe-4abe-80fb-5ca88de5e2f0: addNew group-C626CE820278:[] returns group-C626CE820278:java.util.concurrent.CompletableFuture@e9dcabd[Not completed]
2025-10-22 08:24:24,137 [1c036820-4dbe-4abe-80fb-5ca88de5e2f0-impl-thread1] INFO  server.RaftServer (RaftServerProxy.java:initGroupDir(270)) - 1c036820-4dbe-4abe-80fb-5ca88de5e2f0: found a subdirectory /home/runner/work/ozone/ozone/hadoop-ozone/integration-test/target/test-dir/MiniOzoneClusterImpl-a412b9f6-7d8b-4de3-a85c-9946bceaa3a0/ozone-metadata/datanode-1/ratis/tmp
2025-10-22 08:24:24,137 [1c036820-4dbe-4abe-80fb-5ca88de5e2f0-impl-thread1] INFO  server.RaftServer (RaftServerProxy.java:initGroupDir(275)) - 1c036820-4dbe-4abe-80fb-5ca88de5e2f0: The directory /home/runner/work/ozone/ozone/hadoop-ozone/integration-test/target/test-dir/MiniOzoneClusterImpl-a412b9f6-7d8b-4de3-a85c-9946bceaa3a0/ozone-metadata/datanode-1/ratis/tmp is not a group directory; ignoring it. 
2025-10-22 08:24:24,137 [1c036820-4dbe-4abe-80fb-5ca88de5e2f0-impl-thread1] INFO  server.RaftServer (RaftServerProxy.java:initGroupDir(270)) - 1c036820-4dbe-4abe-80fb-5ca88de5e2f0: found a subdirectory /home/runner/work/ozone/ozone/hadoop-ozone/integration-test/target/test-dir/MiniOzoneClusterImpl-a412b9f6-7d8b-4de3-a85c-9946bceaa3a0/ozone-metadata/datanode-1/ratis/991bfa6b-f7e5-4a03-b9a5-5e2f154b5bdb
2025-10-22 08:24:24,137 [1c036820-4dbe-4abe-80fb-5ca88de5e2f0-impl-thread1] INFO  server.RaftServer (RaftServerProxy.java:addNew(105)) - 1c036820-4dbe-4abe-80fb-5ca88de5e2f0: addNew group-5E2F154B5BDB:[] returns group-5E2F154B5BDB:java.util.concurrent.CompletableFuture@76346c42[Not completed]
2025-10-22 08:24:24,137 [1c036820-4dbe-4abe-80fb-5ca88de5e2f0-impl-thread1] INFO  server.RaftServer (RaftServerProxy.java:initGroupDir(270)) - 1c036820-4dbe-4abe-80fb-5ca88de5e2f0: found a subdirectory /home/runner/work/ozone/ozone/hadoop-ozone/integration-test/target/test-dir/MiniOzoneClusterImpl-a412b9f6-7d8b-4de3-a85c-9946bceaa3a0/ozone-metadata/datanode-1/ratis/d58961bb-d73a-4245-ae1b-83d1472516ec
2025-10-22 08:24:24,137 [1c036820-4dbe-4abe-80fb-5ca88de5e2f0-impl-thread1] INFO  server.RaftServer (RaftServerProxy.java:addNew(105)) - 1c036820-4dbe-4abe-80fb-5ca88de5e2f0: addNew group-83D1472516EC:[] returns group-83D1472516EC:java.util.concurrent.CompletableFuture@3fd926f2[Not completed]
2025-10-22 08:24:24,137 [ForkJoinPool-1-worker-1] INFO  replication.ReplicationServer (ReplicationServer.java:<init>(84)) - Initializing replication server with thread count = 10 queue length = 4096
2025-10-22 08:24:24,138 [ForkJoinPool-1-worker-1] INFO  server.XceiverServerGrpc (XceiverServerGrpc.java:<init>(129)) - GrpcServer channel type EpollServerSocketChannel
2025-10-22 08:24:24,139 [1c036820-4dbe-4abe-80fb-5ca88de5e2f0-groupManagement] INFO  server.RaftServer$Division (RaftServerImpl.java:<init>(268)) - 1c036820-4dbe-4abe-80fb-5ca88de5e2f0: new RaftServerImpl for group-C626CE820278:[] with ContainerStateMachine:uninitialized
2025-10-22 08:24:24,140 [1c036820-4dbe-4abe-80fb-5ca88de5e2f0-groupManagement] INFO  server.RaftServer$Division (ServerState.java:<init>(114)) - 1c036820-4dbe-4abe-80fb-5ca88de5e2f0@group-C626CE820278: ConfigurationManager, init=conf: {index: -1, cur=peers:[]|listeners:[], old=null}, confs=<EMPTY_MAP>
2025-10-22 08:24:24,140 [ForkJoinPool-1-worker-1] INFO  replication.ReplicationSupervisor (ReplicationSupervisor.java:build(169)) - Initializing replication supervisor with thread count = 10
2025-10-22 08:24:24,140 [ForkJoinPool-1-worker-1] INFO  replication.ReplicationSupervisor (ReplicationSupervisor.java:nodeStateUpdated(358)) - Node state updated to IN_SERVICE, scaling executor pool size to 10
2025-10-22 08:24:24,147 [1c036820-4dbe-4abe-80fb-5ca88de5e2f0-groupManagement] INFO  server.RaftServer$Division (RaftServerImpl.java:<init>(268)) - 1c036820-4dbe-4abe-80fb-5ca88de5e2f0: new RaftServerImpl for group-5E2F154B5BDB:[] with ContainerStateMachine:uninitialized
2025-10-22 08:24:24,147 [1c036820-4dbe-4abe-80fb-5ca88de5e2f0-groupManagement] INFO  server.RaftServer$Division (ServerState.java:<init>(114)) - 1c036820-4dbe-4abe-80fb-5ca88de5e2f0@group-5E2F154B5BDB: ConfigurationManager, init=conf: {index: -1, cur=peers:[]|listeners:[], old=null}, confs=<EMPTY_MAP>
2025-10-22 08:24:24,150 [ForkJoinPool-1-worker-1] INFO  http.BaseHttpServer (BaseHttpServer.java:newHttpServer2BuilderForOzone(227)) - Starting Web-server for hddsDatanode at: http://0.0.0.0:15010
2025-10-22 08:24:24,150 [ForkJoinPool-1-worker-1] INFO  http.BaseHttpServer (BaseHttpServer.java:<init>(105)) - Hadoop Security Enabled: false Ozone Security Enabled: false Ozone HTTP Security Enabled: false 
2025-10-22 08:24:24,151 [ForkJoinPool-1-worker-1] WARN  server.AuthenticationFilter (AuthenticationFilter.java:constructSecretProvider(240)) - Unable to initialize FileSignerSecretProvider, falling back to use random secrets. Reason: Could not read signature secret file: /home/runner/hadoop-http-auth-signature-secret
2025-10-22 08:24:24,157 [ForkJoinPool-1-worker-1] INFO  http.HttpServer2 (HttpServer2.java:addGlobalFilter(1040)) - Added global filter 'safety' (class=org.apache.hadoop.hdds.server.http.HttpServer2$QuotingInputFilter)
2025-10-22 08:24:24,157 [1c036820-4dbe-4abe-80fb-5ca88de5e2f0-groupManagement] INFO  server.RaftServer$Division (RaftServerImpl.java:<init>(268)) - 1c036820-4dbe-4abe-80fb-5ca88de5e2f0: new RaftServerImpl for group-83D1472516EC:[] with ContainerStateMachine:uninitialized
2025-10-22 08:24:24,157 [1c036820-4dbe-4abe-80fb-5ca88de5e2f0-groupManagement] INFO  server.RaftServer$Division (ServerState.java:<init>(114)) - 1c036820-4dbe-4abe-80fb-5ca88de5e2f0@group-83D1472516EC: ConfigurationManager, init=conf: {index: -1, cur=peers:[]|listeners:[], old=null}, confs=<EMPTY_MAP>
2025-10-22 08:24:24,160 [ForkJoinPool-1-worker-1] INFO  http.HttpServer2 (HttpServer2.java:addFilter(1016)) - Added filter static_user_filter (class=org.apache.hadoop.http.lib.StaticUserWebFilter$StaticUserFilter) to context hddsDatanode
2025-10-22 08:24:24,160 [ForkJoinPool-1-worker-1] INFO  http.HttpServer2 (HttpServer2.java:addFilter(1024)) - Added filter static_user_filter (class=org.apache.hadoop.http.lib.StaticUserWebFilter$StaticUserFilter) to context static
2025-10-22 08:24:24,160 [ForkJoinPool-1-worker-1] INFO  http.HttpServer2 (HttpServer2.java:addFilter(1024)) - Added filter static_user_filter (class=org.apache.hadoop.http.lib.StaticUserWebFilter$StaticUserFilter) to context logs
2025-10-22 08:24:24,161 [ForkJoinPool-1-worker-1] INFO  http.BaseHttpServer (BaseHttpServer.java:<init>(193)) - HTTP server of hddsDatanode uses base directory /home/runner/work/ozone/ozone/hadoop-ozone/integration-test/target/test-dir/MiniOzoneClusterImpl-a412b9f6-7d8b-4de3-a85c-9946bceaa3a0/scm/ozone-metadata/webserver
2025-10-22 08:24:24,161 [ForkJoinPool-1-worker-1] INFO  http.HttpServer2 (HttpServer2.java:bindListener(1240)) - Jetty bound to port 15010
2025-10-22 08:24:24,161 [ForkJoinPool-1-worker-1] INFO  server.Server (Server.java:doStart(375)) - jetty-9.4.58.v20250814; built: 2025-08-14T02:28:49.637Z; git: 8f1440587e9e4ae7db3d74cf205643f3d707148d; jvm 21.0.8+9-LTS
2025-10-22 08:24:24,163 [ForkJoinPool-1-worker-1] INFO  server.session (DefaultSessionIdManager.java:doStart(334)) - DefaultSessionIdManager workerName=node0
2025-10-22 08:24:24,163 [ForkJoinPool-1-worker-1] INFO  server.session (DefaultSessionIdManager.java:doStart(339)) - No SessionScavenger set, using defaults
2025-10-22 08:24:24,163 [ForkJoinPool-1-worker-1] INFO  server.session (HouseKeeper.java:startScavenging(132)) - node0 Scavenging every 600000ms
2025-10-22 08:24:24,164 [ForkJoinPool-1-worker-1] INFO  handler.ContextHandler (ContextHandler.java:doStart(921)) - Started o.e.j.s.ServletContextHandler@1d4e4ba0{logs,/logs,file:///home/runner/work/ozone/ozone/hadoop-ozone/integration-test/target/log,AVAILABLE}
2025-10-22 08:24:24,165 [ForkJoinPool-1-worker-1] INFO  handler.ContextHandler (ContextHandler.java:doStart(921)) - Started o.e.j.s.ServletContextHandler@20c56753{static,/static,jar:file:/home/runner/work/ozone/ozone/hadoop-hdds/container-service/target/hdds-container-service-2.1.0-SNAPSHOT.jar!/webapps/static,AVAILABLE}
2025-10-22 08:24:24,322 [ForkJoinPool-1-worker-1] INFO  handler.ContextHandler (ContextHandler.java:doStart(921)) - Started o.e.j.w.WebAppContext@2cfba304{hddsDatanode,/,file:///home/runner/work/ozone/ozone/hadoop-ozone/integration-test/target/test-dir/MiniOzoneClusterImpl-a412b9f6-7d8b-4de3-a85c-9946bceaa3a0/scm/ozone-metadata/webserver/jetty-0_0_0_0-15010-hdds-container-service-2_1_0-SNAPSHOT_jar-_-any-3854482295715054200/webapp/,AVAILABLE}{jar:file:/home/runner/work/ozone/ozone/hadoop-hdds/container-service/target/hdds-container-service-2.1.0-SNAPSHOT.jar!/webapps/hddsDatanode}
2025-10-22 08:24:24,323 [ForkJoinPool-1-worker-1] INFO  server.AbstractConnector (AbstractConnector.java:doStart(333)) - Started ServerConnector@2bfd2cd{HTTP/1.1, (http/1.1)}{0.0.0.0:15010}
2025-10-22 08:24:24,323 [ForkJoinPool-1-worker-1] INFO  server.Server (Server.java:doStart(415)) - Started @55920ms
2025-10-22 08:24:24,323 [ForkJoinPool-1-worker-1] WARN  impl.MetricsSystemImpl (MetricsSystemImpl.java:register(279)) - Sink prometheus already exists!
2025-10-22 08:24:24,324 [ForkJoinPool-1-worker-1] INFO  http.BaseHttpServer (BaseHttpServer.java:updateConnectorAddress(357)) - HTTP server of hddsDatanode listening at http://localhost:15010
2025-10-22 08:24:24,324 [ForkJoinPool-1-worker-1] INFO  ipc.CallQueueManager (CallQueueManager.java:<init>(93)) - Using callQueue: class java.util.concurrent.LinkedBlockingQueue, queueCapacity: 1000, scheduler: class org.apache.hadoop.ipc.DefaultRpcScheduler, ipcBackoff: false, ipcFailOver: false.
2025-10-22 08:24:24,324 [ForkJoinPool-1-worker-1] INFO  ipc.Server (Server.java:<init>(1438)) - Listener at 0.0.0.0:15011
2025-10-22 08:24:24,325 [Socket Reader #1 for port 15011] INFO  ipc.Server (Server.java:run(1474)) - Starting Socket Reader #1 for port 15011
2025-10-22 08:24:24,325 [Socket Reader #2 for port 15011] INFO  ipc.Server (Server.java:run(1474)) - Starting Socket Reader #2 for port 15011
2025-10-22 08:24:24,325 [Socket Reader #3 for port 15011] INFO  ipc.Server (Server.java:run(1474)) - Starting Socket Reader #3 for port 15011
2025-10-22 08:24:24,326 [Socket Reader #4 for port 15011] INFO  ipc.Server (Server.java:run(1474)) - Starting Socket Reader #4 for port 15011
2025-10-22 08:24:24,326 [Socket Reader #5 for port 15011] INFO  ipc.Server (Server.java:run(1474)) - Starting Socket Reader #5 for port 15011
2025-10-22 08:24:24,327 [Socket Reader #6 for port 15011] INFO  ipc.Server (Server.java:run(1474)) - Starting Socket Reader #6 for port 15011
2025-10-22 08:24:24,327 [Socket Reader #7 for port 15011] INFO  ipc.Server (Server.java:run(1474)) - Starting Socket Reader #7 for port 15011
2025-10-22 08:24:24,327 [Socket Reader #8 for port 15011] INFO  ipc.Server (Server.java:run(1474)) - Starting Socket Reader #8 for port 15011
2025-10-22 08:24:24,328 [Socket Reader #9 for port 15011] INFO  ipc.Server (Server.java:run(1474)) - Starting Socket Reader #9 for port 15011
2025-10-22 08:24:24,328 [Socket Reader #10 for port 15011] INFO  ipc.Server (Server.java:run(1474)) - Starting Socket Reader #10 for port 15011
2025-10-22 08:24:24,330 [ForkJoinPool-1-worker-1] INFO  ozone.HddsDatanodeService (HddsDatanodeService.java:start(333)) - Datanode start with admins: [admin, runner]
2025-10-22 08:24:24,330 [ForkJoinPool-1-worker-1] INFO  ozone.HddsDatanodeClientProtocolServer (HddsDatanodeClientProtocolServer.java:start(76)) - RPC server for Client /0.0.0.0:15011
2025-10-22 08:24:24,330 [IPC Server Responder] INFO  ipc.Server (Server.java:run(1713)) - IPC Server Responder: starting
2025-10-22 08:24:24,330 [IPC Server listener on 15011] INFO  ipc.Server (Server.java:run(1553)) - IPC Server listener on 15011: starting
2025-10-22 08:24:24,332 [ForkJoinPool-1-worker-1] INFO  ozone.MiniOzoneClusterImpl (MiniOzoneClusterImpl.java:lambda$waitForClusterToBeReady$0(181)) - Nodes are ready. Got 10 of 10 DN Heartbeats.
2025-10-22 08:24:24,332 [ForkJoinPool-1-worker-1] INFO  ozone.MiniOzoneClusterImpl (MiniOzoneClusterImpl.java:lambda$waitForClusterToBeReady$0(184)) - Cluster exits safe mode
2025-10-22 08:24:24,332 [ForkJoinPool-1-worker-1] INFO  ozone.MiniOzoneClusterImpl (MiniOzoneClusterImpl.java:lambda$waitForClusterToBeReady$0(186)) - SCM became leader
2025-10-22 08:24:24,335 [1c036820-4dbe-4abe-80fb-5ca88de5e2f0-DatanodeStateMachineDaemonThread] INFO  statemachine.DatanodeStateMachine (DatanodeStateMachine.java:startStateMachineThread(363)) - Ozone container server started.
2025-10-22 08:24:24,341 [1c036820-4dbe-4abe-80fb-5ca88de5e2f0-DatanodeStateMachineTaskThread-0] INFO  datanode.InitDatanodeState (InitDatanodeState.java:persistContainerDatanodeDetails(139)) - DatanodeDetails is persisted to /home/runner/work/ozone/ozone/hadoop-ozone/integration-test/target/test-dir/MiniOzoneClusterImpl-a412b9f6-7d8b-4de3-a85c-9946bceaa3a0/ozone-metadata/datanode-1/ozone-metadata/datanode.id
2025-10-22 08:24:24,400 [EventQueue-CloseContainerForCloseContainerEventHandler] INFO  container.CloseContainerEventHandler (CloseContainerEventHandler.java:onMessage(88)) - Close container Event triggered for container : #3, current state: OPEN
2025-10-22 08:24:24,408 [EventQueue-CloseContainerForCloseContainerEventHandler] INFO  container.CloseContainerEventHandler (CloseContainerEventHandler.java:onMessage(88)) - Close container Event triggered for container : #3, current state: CLOSING
2025-10-22 08:24:24,409 [EventQueue-CloseContainerForCloseContainerEventHandler] INFO  container.CloseContainerEventHandler (CloseContainerEventHandler.java:onMessage(88)) - Close container Event triggered for container : #3, current state: CLOSING
2025-10-22 08:24:24,483 [40df8fc4-149d-40c0-897d-2844034d8141@group-C626CE820278-FollowerState] INFO  impl.FollowerState (FollowerState.java:runImpl(161)) - 40df8fc4-149d-40c0-897d-2844034d8141@group-C626CE820278-FollowerState: change to CANDIDATE, lastRpcElapsedTime:1133303115ns, electionTimeout:1133ms
2025-10-22 08:24:24,484 [40df8fc4-149d-40c0-897d-2844034d8141@group-C626CE820278-FollowerState] INFO  impl.RoleInfo (RoleInfo.java:shutdownFollowerState(121)) - 40df8fc4-149d-40c0-897d-2844034d8141: shutdown 40df8fc4-149d-40c0-897d-2844034d8141@group-C626CE820278-FollowerState
2025-10-22 08:24:24,484 [40df8fc4-149d-40c0-897d-2844034d8141@group-C626CE820278-FollowerState] INFO  server.RaftServer$Division (RaftServerImpl.java:setRole(392)) - 40df8fc4-149d-40c0-897d-2844034d8141@group-C626CE820278: changes role from  FOLLOWER to CANDIDATE at term 1 for changeToCandidate
2025-10-22 08:24:24,484 [40df8fc4-149d-40c0-897d-2844034d8141@group-C626CE820278-FollowerState] INFO  impl.RoleInfo (RoleInfo.java:updateAndGet(148)) - 40df8fc4-149d-40c0-897d-2844034d8141: start 40df8fc4-149d-40c0-897d-2844034d8141@group-C626CE820278-LeaderElection74
2025-10-22 08:24:24,484 [40df8fc4-149d-40c0-897d-2844034d8141@group-C626CE820278-LeaderElection74] INFO  impl.LeaderElection (LeaderElection.java:askForVotes(448)) - 40df8fc4-149d-40c0-897d-2844034d8141@group-C626CE820278-LeaderElection74 PRE_VOTE round 0: submit vote requests at term 1 for conf: {index: 0, cur=peers:[4d8a2798-959e-416b-b534-19c13b55a760|127.0.0.1:15023, 1c036820-4dbe-4abe-80fb-5ca88de5e2f0|127.0.0.1:15015, 40df8fc4-149d-40c0-897d-2844034d8141|127.0.0.1:15031]|listeners:[], old=null}
2025-10-22 08:24:24,485 [40df8fc4-149d-40c0-897d-2844034d8141@group-C626CE820278-LeaderElection74] INFO  impl.LeaderElection (LogUtils.java:infoOrTrace(142)) - 40df8fc4-149d-40c0-897d-2844034d8141@group-C626CE820278-LeaderElection74 got exception when requesting votes: java.util.concurrent.ExecutionException: org.apache.ratis.thirdparty.io.grpc.StatusRuntimeException: UNAVAILABLE: io exception
2025-10-22 08:24:24,485 [40df8fc4-149d-40c0-897d-2844034d8141@group-C626CE820278-LeaderElection74] INFO  impl.LeaderElection (LogUtils.java:infoOrTrace(142)) - 40df8fc4-149d-40c0-897d-2844034d8141@group-C626CE820278-LeaderElection74 got exception when requesting votes: java.util.concurrent.ExecutionException: org.apache.ratis.thirdparty.io.grpc.StatusRuntimeException: UNAVAILABLE: io exception
2025-10-22 08:24:24,485 [40df8fc4-149d-40c0-897d-2844034d8141@group-C626CE820278-LeaderElection74] INFO  impl.LeaderElection (LeaderElection.java:logAndReturn(206)) - 40df8fc4-149d-40c0-897d-2844034d8141@group-C626CE820278-LeaderElection74: PRE_VOTE REJECTED received 0 response(s) and 2 exception(s):
2025-10-22 08:24:24,485 [40df8fc4-149d-40c0-897d-2844034d8141@group-C626CE820278-LeaderElection74] INFO  impl.LeaderElection (LogUtils.java:infoOrTrace(142)) -   Exception 0: java.util.concurrent.ExecutionException: org.apache.ratis.thirdparty.io.grpc.StatusRuntimeException: UNAVAILABLE: io exception
2025-10-22 08:24:24,485 [40df8fc4-149d-40c0-897d-2844034d8141@group-C626CE820278-LeaderElection74] INFO  impl.LeaderElection (LogUtils.java:infoOrTrace(142)) -   Exception 1: java.util.concurrent.ExecutionException: org.apache.ratis.thirdparty.io.grpc.StatusRuntimeException: UNAVAILABLE: io exception
2025-10-22 08:24:24,486 [40df8fc4-149d-40c0-897d-2844034d8141@group-C626CE820278-LeaderElection74] INFO  impl.LeaderElection (LeaderElection.java:askForVotes(450)) - 40df8fc4-149d-40c0-897d-2844034d8141@group-C626CE820278-LeaderElection74 PRE_VOTE round 0: result REJECTED
2025-10-22 08:24:24,486 [40df8fc4-149d-40c0-897d-2844034d8141@group-C626CE820278-LeaderElection74] INFO  server.RaftServer$Division (RaftServerImpl.java:setRole(392)) - 40df8fc4-149d-40c0-897d-2844034d8141@group-C626CE820278: changes role from CANDIDATE to FOLLOWER at term 1 for REJECTED
2025-10-22 08:24:24,486 [40df8fc4-149d-40c0-897d-2844034d8141@group-C626CE820278-LeaderElection74] INFO  impl.RoleInfo (RoleInfo.java:shutdownLeaderElection(141)) - 40df8fc4-149d-40c0-897d-2844034d8141: shutdown 40df8fc4-149d-40c0-897d-2844034d8141@group-C626CE820278-LeaderElection74
2025-10-22 08:24:24,486 [40df8fc4-149d-40c0-897d-2844034d8141@group-C626CE820278-LeaderElection74] INFO  impl.RoleInfo (RoleInfo.java:updateAndGet(148)) - 40df8fc4-149d-40c0-897d-2844034d8141: start 40df8fc4-149d-40c0-897d-2844034d8141@group-C626CE820278-FollowerState
2025-10-22 08:24:24,503 [40df8fc4-149d-40c0-897d-2844034d8141@group-5E2F154B5BDB-FollowerState] INFO  impl.FollowerState (FollowerState.java:runImpl(161)) - 40df8fc4-149d-40c0-897d-2844034d8141@group-5E2F154B5BDB-FollowerState: change to CANDIDATE, lastRpcElapsedTime:1127393022ns, electionTimeout:1126ms
2025-10-22 08:24:24,503 [40df8fc4-149d-40c0-897d-2844034d8141@group-5E2F154B5BDB-FollowerState] INFO  impl.RoleInfo (RoleInfo.java:shutdownFollowerState(121)) - 40df8fc4-149d-40c0-897d-2844034d8141: shutdown 40df8fc4-149d-40c0-897d-2844034d8141@group-5E2F154B5BDB-FollowerState
2025-10-22 08:24:24,503 [40df8fc4-149d-40c0-897d-2844034d8141@group-5E2F154B5BDB-FollowerState] INFO  server.RaftServer$Division (RaftServerImpl.java:setRole(392)) - 40df8fc4-149d-40c0-897d-2844034d8141@group-5E2F154B5BDB: changes role from  FOLLOWER to CANDIDATE at term 1 for changeToCandidate
2025-10-22 08:24:24,503 [40df8fc4-149d-40c0-897d-2844034d8141@group-5E2F154B5BDB-FollowerState] INFO  impl.RoleInfo (RoleInfo.java:updateAndGet(148)) - 40df8fc4-149d-40c0-897d-2844034d8141: start 40df8fc4-149d-40c0-897d-2844034d8141@group-5E2F154B5BDB-LeaderElection75
2025-10-22 08:24:24,503 [40df8fc4-149d-40c0-897d-2844034d8141@group-5E2F154B5BDB-LeaderElection75] INFO  impl.LeaderElection (LeaderElection.java:askForVotes(448)) - 40df8fc4-149d-40c0-897d-2844034d8141@group-5E2F154B5BDB-LeaderElection75 PRE_VOTE round 0: submit vote requests at term 1 for conf: {index: 0, cur=peers:[4d8a2798-959e-416b-b534-19c13b55a760|127.0.0.1:15023, 1c036820-4dbe-4abe-80fb-5ca88de5e2f0|127.0.0.1:15015, 40df8fc4-149d-40c0-897d-2844034d8141|127.0.0.1:15031]|listeners:[], old=null}
2025-10-22 08:24:24,504 [40df8fc4-149d-40c0-897d-2844034d8141@group-5E2F154B5BDB-LeaderElection75] INFO  impl.LeaderElection (LogUtils.java:infoOrTrace(142)) - 40df8fc4-149d-40c0-897d-2844034d8141@group-5E2F154B5BDB-LeaderElection75 got exception when requesting votes: java.util.concurrent.ExecutionException: org.apache.ratis.thirdparty.io.grpc.StatusRuntimeException: UNAVAILABLE: io exception
2025-10-22 08:24:24,504 [40df8fc4-149d-40c0-897d-2844034d8141@group-5E2F154B5BDB-LeaderElection75] INFO  impl.LeaderElection (LogUtils.java:infoOrTrace(142)) - 40df8fc4-149d-40c0-897d-2844034d8141@group-5E2F154B5BDB-LeaderElection75 got exception when requesting votes: java.util.concurrent.ExecutionException: org.apache.ratis.thirdparty.io.grpc.StatusRuntimeException: UNAVAILABLE: io exception
2025-10-22 08:24:24,504 [40df8fc4-149d-40c0-897d-2844034d8141@group-5E2F154B5BDB-LeaderElection75] INFO  impl.LeaderElection (LeaderElection.java:logAndReturn(206)) - 40df8fc4-149d-40c0-897d-2844034d8141@group-5E2F154B5BDB-LeaderElection75: PRE_VOTE REJECTED received 0 response(s) and 2 exception(s):
2025-10-22 08:24:24,504 [40df8fc4-149d-40c0-897d-2844034d8141@group-5E2F154B5BDB-LeaderElection75] INFO  impl.LeaderElection (LogUtils.java:infoOrTrace(142)) -   Exception 0: java.util.concurrent.ExecutionException: org.apache.ratis.thirdparty.io.grpc.StatusRuntimeException: UNAVAILABLE: io exception
2025-10-22 08:24:24,504 [40df8fc4-149d-40c0-897d-2844034d8141@group-5E2F154B5BDB-LeaderElection75] INFO  impl.LeaderElection (LogUtils.java:infoOrTrace(142)) -   Exception 1: java.util.concurrent.ExecutionException: org.apache.ratis.thirdparty.io.grpc.StatusRuntimeException: UNAVAILABLE: io exception
2025-10-22 08:24:24,504 [40df8fc4-149d-40c0-897d-2844034d8141@group-5E2F154B5BDB-LeaderElection75] INFO  impl.LeaderElection (LeaderElection.java:askForVotes(450)) - 40df8fc4-149d-40c0-897d-2844034d8141@group-5E2F154B5BDB-LeaderElection75 PRE_VOTE round 0: result REJECTED
2025-10-22 08:24:24,504 [40df8fc4-149d-40c0-897d-2844034d8141@group-5E2F154B5BDB-LeaderElection75] INFO  server.RaftServer$Division (RaftServerImpl.java:setRole(392)) - 40df8fc4-149d-40c0-897d-2844034d8141@group-5E2F154B5BDB: changes role from CANDIDATE to FOLLOWER at term 1 for REJECTED
2025-10-22 08:24:24,504 [40df8fc4-149d-40c0-897d-2844034d8141@group-5E2F154B5BDB-LeaderElection75] INFO  impl.RoleInfo (RoleInfo.java:shutdownLeaderElection(141)) - 40df8fc4-149d-40c0-897d-2844034d8141: shutdown 40df8fc4-149d-40c0-897d-2844034d8141@group-5E2F154B5BDB-LeaderElection75
2025-10-22 08:24:24,504 [40df8fc4-149d-40c0-897d-2844034d8141@group-5E2F154B5BDB-LeaderElection75] INFO  impl.RoleInfo (RoleInfo.java:updateAndGet(148)) - 40df8fc4-149d-40c0-897d-2844034d8141: start 40df8fc4-149d-40c0-897d-2844034d8141@group-5E2F154B5BDB-FollowerState
2025-10-22 08:24:24,577 [4d8a2798-959e-416b-b534-19c13b55a760-ContainerReader-0] INFO  ozoneimpl.ContainerReader (ContainerReader.java:readVolume(147)) - Start to verify containers on volume /home/runner/work/ozone/ozone/hadoop-ozone/integration-test/target/test-dir/MiniOzoneClusterImpl-a412b9f6-7d8b-4de3-a85c-9946bceaa3a0/ozone-metadata/datanode-2/data-0/hdds
2025-10-22 08:24:24,582 [4d8a2798-959e-416b-b534-19c13b55a760-ContainerReader-0] WARN  helpers.KeyValueContainerUtil (KeyValueContainerUtil.java:populateContainerMetadata(329)) - Missing pendingDeleteBlockCount from metadata: recalculate them from block table
2025-10-22 08:24:24,585 [4d8a2798-959e-416b-b534-19c13b55a760-ContainerReader-0] INFO  ozoneimpl.ContainerReader (ContainerReader.java:readVolume(177)) - Finish verifying containers on volume /home/runner/work/ozone/ozone/hadoop-ozone/integration-test/target/test-dir/MiniOzoneClusterImpl-a412b9f6-7d8b-4de3-a85c-9946bceaa3a0/ozone-metadata/datanode-2/data-0/hdds
2025-10-22 08:24:24,586 [4d8a2798-959e-416b-b534-19c13b55a760-EndpointStateMachineTaskThread-/0.0.0.0:15002-0 ] INFO  ozoneimpl.OzoneContainer (OzoneContainer.java:buildContainerSet(359)) - Build ContainerSet costs 0s
2025-10-22 08:24:24,586 [4d8a2798-959e-416b-b534-19c13b55a760-EndpointStateMachineTaskThread-/0.0.0.0:15002-0 ] INFO  volume.ThrottledAsyncChecker (ThrottledAsyncChecker.java:schedule(138)) - Scheduling a check for /home/runner/work/ozone/ozone/hadoop-ozone/integration-test/target/test-dir/MiniOzoneClusterImpl-a412b9f6-7d8b-4de3-a85c-9946bceaa3a0/ozone-metadata/datanode-2/data-0/hdds
2025-10-22 08:24:24,586 [4d8a2798-959e-416b-b534-19c13b55a760-EndpointStateMachineTaskThread-/0.0.0.0:15002-0 ] INFO  volume.StorageVolumeChecker (StorageVolumeChecker.java:checkAllVolumes(231)) - Scheduled health check for volume /home/runner/work/ozone/ozone/hadoop-ozone/integration-test/target/test-dir/MiniOzoneClusterImpl-a412b9f6-7d8b-4de3-a85c-9946bceaa3a0/ozone-metadata/datanode-2/data-0/hdds
2025-10-22 08:24:24,590 [4d8a2798-959e-416b-b534-19c13b55a760-EndpointStateMachineTaskThread-/0.0.0.0:15002-0 ] INFO  volume.ThrottledAsyncChecker (ThrottledAsyncChecker.java:schedule(138)) - Scheduling a check for /home/runner/work/ozone/ozone/hadoop-ozone/integration-test/target/test-dir/MiniOzoneClusterImpl-a412b9f6-7d8b-4de3-a85c-9946bceaa3a0/ozone-metadata/datanode-2/ratis
2025-10-22 08:24:24,590 [4d8a2798-959e-416b-b534-19c13b55a760-EndpointStateMachineTaskThread-/0.0.0.0:15002-0 ] INFO  volume.StorageVolumeChecker (StorageVolumeChecker.java:checkAllVolumes(231)) - Scheduled health check for volume /home/runner/work/ozone/ozone/hadoop-ozone/integration-test/target/test-dir/MiniOzoneClusterImpl-a412b9f6-7d8b-4de3-a85c-9946bceaa3a0/ozone-metadata/datanode-2/ratis
2025-10-22 08:24:24,591 [4d8a2798-959e-416b-b534-19c13b55a760-EndpointStateMachineTaskThread-/0.0.0.0:15002-0 ] INFO  ozoneimpl.OzoneContainer (OzoneContainer.java:start(544)) - Attempting to start container services.
2025-10-22 08:24:24,592 [ContainerDataScanner(/home/runner/work/ozone/ozone/hadoop-ozone/integration-test/target/test-dir/MiniOzoneClusterImpl-a412b9f6-7d8b-4de3-a85c-9946bceaa3a0/ozone-metadata/datanode-2/data-0/hdds)] INFO  ozoneimpl.AbstractBackgroundContainerScanner (AbstractBackgroundContainerScanner.java:runIteration(89)) - Completed an iteration in 0 minutes. Number of iterations (since the data-node restart) : 1, Number of containers scanned in this iteration : 0, Number of unhealthy containers found in this iteration : 0
2025-10-22 08:24:24,592 [4d8a2798-959e-416b-b534-19c13b55a760-EndpointStateMachineTaskThread-/0.0.0.0:15002-0 ] INFO  replication.ReplicationServer (ReplicationServer.java:start(137)) - ReplicationServer is started using port 15025
2025-10-22 08:24:24,592 [4d8a2798-959e-416b-b534-19c13b55a760-EndpointStateMachineTaskThread-/0.0.0.0:15002-0 ] INFO  ratis.XceiverServerRatis (XceiverServerRatis.java:start(559)) - Starting XceiverServerRatis(4d8a2798-959e-416b-b534-19c13b55a760)
2025-10-22 08:24:24,593 [4d8a2798-959e-416b-b534-19c13b55a760-impl-thread2] INFO  server.RaftServerConfigKeys (ConfUtils.java:logGet(62)) - raft.server.storage.dir = [/home/runner/work/ozone/ozone/hadoop-ozone/integration-test/target/test-dir/MiniOzoneClusterImpl-a412b9f6-7d8b-4de3-a85c-9946bceaa3a0/ozone-metadata/datanode-2/ratis] (custom)
2025-10-22 08:24:24,594 [4d8a2798-959e-416b-b534-19c13b55a760-impl-thread3] INFO  storage.RaftStorageDirectory (RaftStorageDirectoryImpl.java:tryLock(229)) - Lock on /home/runner/work/ozone/ozone/hadoop-ozone/integration-test/target/test-dir/MiniOzoneClusterImpl-a412b9f6-7d8b-4de3-a85c-9946bceaa3a0/ozone-metadata/datanode-2/ratis/28d7a56f-ff21-46bd-bc35-c626ce820278/in_use.lock acquired by nodename 57193@localhost
2025-10-22 08:24:24,594 [4d8a2798-959e-416b-b534-19c13b55a760-impl-thread2] INFO  storage.RaftStorageDirectory (RaftStorageDirectoryImpl.java:tryLock(229)) - Lock on /home/runner/work/ozone/ozone/hadoop-ozone/integration-test/target/test-dir/MiniOzoneClusterImpl-a412b9f6-7d8b-4de3-a85c-9946bceaa3a0/ozone-metadata/datanode-2/ratis/991bfa6b-f7e5-4a03-b9a5-5e2f154b5bdb/in_use.lock acquired by nodename 57193@localhost
2025-10-22 08:24:24,594 [4d8a2798-959e-416b-b534-19c13b55a760-impl-thread3] INFO  storage.RaftStorage (RaftStorageImpl.java:analyzeAndRecoverStorage(118)) - Read RaftStorageMetadata{term=1, votedFor=40df8fc4-149d-40c0-897d-2844034d8141} from /home/runner/work/ozone/ozone/hadoop-ozone/integration-test/target/test-dir/MiniOzoneClusterImpl-a412b9f6-7d8b-4de3-a85c-9946bceaa3a0/ozone-metadata/datanode-2/ratis/28d7a56f-ff21-46bd-bc35-c626ce820278/current/raft-meta
2025-10-22 08:24:24,594 [4d8a2798-959e-416b-b534-19c13b55a760-impl-thread1] INFO  storage.RaftStorageDirectory (RaftStorageDirectoryImpl.java:tryLock(229)) - Lock on /home/runner/work/ozone/ozone/hadoop-ozone/integration-test/target/test-dir/MiniOzoneClusterImpl-a412b9f6-7d8b-4de3-a85c-9946bceaa3a0/ozone-metadata/datanode-2/ratis/0ab6beb1-ecd4-4a22-8092-c080f8b16968/in_use.lock acquired by nodename 57193@localhost
2025-10-22 08:24:24,594 [4d8a2798-959e-416b-b534-19c13b55a760-impl-thread2] INFO  storage.RaftStorage (RaftStorageImpl.java:analyzeAndRecoverStorage(118)) - Read RaftStorageMetadata{term=1, votedFor=1c036820-4dbe-4abe-80fb-5ca88de5e2f0} from /home/runner/work/ozone/ozone/hadoop-ozone/integration-test/target/test-dir/MiniOzoneClusterImpl-a412b9f6-7d8b-4de3-a85c-9946bceaa3a0/ozone-metadata/datanode-2/ratis/991bfa6b-f7e5-4a03-b9a5-5e2f154b5bdb/current/raft-meta
2025-10-22 08:24:24,595 [4d8a2798-959e-416b-b534-19c13b55a760-impl-thread2] INFO  server.RaftServer$Division (ServerState.java:setRaftConf(386)) - 4d8a2798-959e-416b-b534-19c13b55a760@group-5E2F154B5BDB: set configuration conf: {index: 0, cur=peers:[4d8a2798-959e-416b-b534-19c13b55a760|127.0.0.1:15023, 1c036820-4dbe-4abe-80fb-5ca88de5e2f0|127.0.0.1:15015, 40df8fc4-149d-40c0-897d-2844034d8141|127.0.0.1:15031]|listeners:[], old=null}
2025-10-22 08:24:24,595 [4d8a2798-959e-416b-b534-19c13b55a760-impl-thread1] INFO  storage.RaftStorage (RaftStorageImpl.java:analyzeAndRecoverStorage(118)) - Read RaftStorageMetadata{term=1, votedFor=4d8a2798-959e-416b-b534-19c13b55a760} from /home/runner/work/ozone/ozone/hadoop-ozone/integration-test/target/test-dir/MiniOzoneClusterImpl-a412b9f6-7d8b-4de3-a85c-9946bceaa3a0/ozone-metadata/datanode-2/ratis/0ab6beb1-ecd4-4a22-8092-c080f8b16968/current/raft-meta
2025-10-22 08:24:24,595 [4d8a2798-959e-416b-b534-19c13b55a760-impl-thread3] INFO  server.RaftServer$Division (ServerState.java:setRaftConf(386)) - 4d8a2798-959e-416b-b534-19c13b55a760@group-C626CE820278: set configuration conf: {index: 0, cur=peers:[4d8a2798-959e-416b-b534-19c13b55a760|127.0.0.1:15023, 1c036820-4dbe-4abe-80fb-5ca88de5e2f0|127.0.0.1:15015, 40df8fc4-149d-40c0-897d-2844034d8141|127.0.0.1:15031]|listeners:[], old=null}
2025-10-22 08:24:24,595 [4d8a2798-959e-416b-b534-19c13b55a760-impl-thread1] INFO  server.RaftServer$Division (ServerState.java:setRaftConf(386)) - 4d8a2798-959e-416b-b534-19c13b55a760@group-C080F8B16968: set configuration conf: {index: 0, cur=peers:[4d8a2798-959e-416b-b534-19c13b55a760|127.0.0.1:15023]|listeners:[], old=null}
2025-10-22 08:24:24,596 [4d8a2798-959e-416b-b534-19c13b55a760-impl-thread3] INFO  ratis.ContainerStateMachine (ContainerStateMachine.java:initialize(339)) - 4d8a2798-959e-416b-b534-19c13b55a760: initialize group-C626CE820278
2025-10-22 08:24:24,596 [4d8a2798-959e-416b-b534-19c13b55a760-impl-thread3] INFO  ratis.ContainerStateMachine (ContainerStateMachine.java:loadSnapshot(356)) - group-C626CE820278: Setting the last applied index to (t:1, i:2)
2025-10-22 08:24:24,596 [4d8a2798-959e-416b-b534-19c13b55a760-impl-thread2] INFO  ratis.ContainerStateMachine (ContainerStateMachine.java:initialize(339)) - 4d8a2798-959e-416b-b534-19c13b55a760: initialize group-5E2F154B5BDB
2025-10-22 08:24:24,596 [4d8a2798-959e-416b-b534-19c13b55a760-impl-thread2] INFO  ratis.ContainerStateMachine (ContainerStateMachine.java:loadSnapshot(356)) - group-5E2F154B5BDB: Setting the last applied index to (t:1, i:0)
2025-10-22 08:24:24,597 [4d8a2798-959e-416b-b534-19c13b55a760-impl-thread1] INFO  ratis.ContainerStateMachine (ContainerStateMachine.java:initialize(339)) - 4d8a2798-959e-416b-b534-19c13b55a760: initialize group-C080F8B16968
2025-10-22 08:24:24,597 [4d8a2798-959e-416b-b534-19c13b55a760-impl-thread1] INFO  ratis.ContainerStateMachine (ContainerStateMachine.java:loadSnapshot(356)) - group-C080F8B16968: Setting the last applied index to (t:1, i:0)
2025-10-22 08:24:24,597 [4d8a2798-959e-416b-b534-19c13b55a760-impl-thread1] INFO  server.RaftServerConfigKeys (ConfUtils.java:logGet(62)) - raft.server.log.appender.buffer.byte-limit = 33554432 (custom)
2025-10-22 08:24:24,597 [4d8a2798-959e-416b-b534-19c13b55a760-impl-thread2] INFO  server.RaftServerConfigKeys (ConfUtils.java:logGet(62)) - raft.server.log.appender.buffer.byte-limit = 33554432 (custom)
2025-10-22 08:24:24,599 [4d8a2798-959e-416b-b534-19c13b55a760-impl-thread3] INFO  server.RaftServerConfigKeys (ConfUtils.java:logGet(62)) - raft.server.log.appender.buffer.byte-limit = 33554432 (custom)
2025-10-22 08:24:24,599 [ContainerMetadataScanner] INFO  ozoneimpl.AbstractBackgroundContainerScanner (AbstractBackgroundContainerScanner.java:runIteration(89)) - Completed an iteration in 0 minutes. Number of iterations (since the data-node restart) : 1, Number of containers scanned in this iteration : 1, Number of unhealthy containers found in this iteration : 0
2025-10-22 08:24:24,601 [4d8a2798-959e-416b-b534-19c13b55a760-impl-thread1] INFO  server.RaftServerConfigKeys (ConfUtils.java:logGet(62)) - raft.server.log.segment.size.max = 67108864 (custom)
2025-10-22 08:24:24,603 [4d8a2798-959e-416b-b534-19c13b55a760-impl-thread1] INFO  server.RaftServerConfigKeys (ConfUtils.java:logGet(62)) - raft.server.log.appender.buffer.byte-limit = 33554432 (custom)
2025-10-22 08:24:24,604 [4d8a2798-959e-416b-b534-19c13b55a760-impl-thread1] INFO  util.AwaitToRun (AwaitToRun.java:start(81)) - Thread[#1951,4d8a2798-959e-416b-b534-19c13b55a760@group-C080F8B16968-cacheEviction-AwaitToRun,5,main] started
2025-10-22 08:24:24,604 [4d8a2798-959e-416b-b534-19c13b55a760-impl-thread1] INFO  segmented.SegmentedRaftLogWorker (SegmentedRaftLogWorker.java:<init>(190)) - new 4d8a2798-959e-416b-b534-19c13b55a760@group-C080F8B16968-SegmentedRaftLogWorker for RaftStorageImpl:Storage Directory /home/runner/work/ozone/ozone/hadoop-ozone/integration-test/target/test-dir/MiniOzoneClusterImpl-a412b9f6-7d8b-4de3-a85c-9946bceaa3a0/ozone-metadata/datanode-2/ratis/0ab6beb1-ecd4-4a22-8092-c080f8b16968
2025-10-22 08:24:24,604 [4d8a2798-959e-416b-b534-19c13b55a760-impl-thread1] INFO  server.RaftServerConfigKeys (ConfUtils.java:logGet(62)) - raft.server.log.queue.byte-limit = 4294967296 (custom)
2025-10-22 08:24:24,604 [4d8a2798-959e-416b-b534-19c13b55a760-impl-thread1] INFO  server.RaftServerConfigKeys (ConfUtils.java:logGet(62)) - raft.server.log.segment.size.max = 67108864 (custom)
2025-10-22 08:24:24,604 [4d8a2798-959e-416b-b534-19c13b55a760-impl-thread1] INFO  server.RaftServerConfigKeys (ConfUtils.java:logGet(62)) - raft.server.log.preallocated.size = 4194304 (custom)
2025-10-22 08:24:24,606 [4d8a2798-959e-416b-b534-19c13b55a760-impl-thread2] INFO  server.RaftServerConfigKeys (ConfUtils.java:logGet(62)) - raft.server.log.segment.size.max = 67108864 (custom)
2025-10-22 08:24:24,606 [4d8a2798-959e-416b-b534-19c13b55a760-impl-thread1] INFO  server.RaftServerConfigKeys (ConfUtils.java:logGet(62)) - raft.server.log.write.buffer.size = 33554440 (custom)
2025-10-22 08:24:24,608 [4d8a2798-959e-416b-b534-19c13b55a760-impl-thread2] INFO  server.RaftServerConfigKeys (ConfUtils.java:logGet(62)) - raft.server.log.appender.buffer.byte-limit = 33554432 (custom)
2025-10-22 08:24:24,608 [4d8a2798-959e-416b-b534-19c13b55a760-impl-thread2] INFO  util.AwaitToRun (AwaitToRun.java:start(81)) - Thread[#1952,4d8a2798-959e-416b-b534-19c13b55a760@group-5E2F154B5BDB-cacheEviction-AwaitToRun,5,main] started
2025-10-22 08:24:24,608 [4d8a2798-959e-416b-b534-19c13b55a760-impl-thread2] INFO  segmented.SegmentedRaftLogWorker (SegmentedRaftLogWorker.java:<init>(190)) - new 4d8a2798-959e-416b-b534-19c13b55a760@group-5E2F154B5BDB-SegmentedRaftLogWorker for RaftStorageImpl:Storage Directory /home/runner/work/ozone/ozone/hadoop-ozone/integration-test/target/test-dir/MiniOzoneClusterImpl-a412b9f6-7d8b-4de3-a85c-9946bceaa3a0/ozone-metadata/datanode-2/ratis/991bfa6b-f7e5-4a03-b9a5-5e2f154b5bdb
2025-10-22 08:24:24,608 [4d8a2798-959e-416b-b534-19c13b55a760-impl-thread2] INFO  server.RaftServerConfigKeys (ConfUtils.java:logGet(62)) - raft.server.log.queue.byte-limit = 4294967296 (custom)
2025-10-22 08:24:24,608 [4d8a2798-959e-416b-b534-19c13b55a760-impl-thread2] INFO  server.RaftServerConfigKeys (ConfUtils.java:logGet(62)) - raft.server.log.segment.size.max = 67108864 (custom)
2025-10-22 08:24:24,608 [4d8a2798-959e-416b-b534-19c13b55a760-impl-thread2] INFO  server.RaftServerConfigKeys (ConfUtils.java:logGet(62)) - raft.server.log.preallocated.size = 4194304 (custom)
2025-10-22 08:24:24,608 [4d8a2798-959e-416b-b534-19c13b55a760-impl-thread3] INFO  server.RaftServerConfigKeys (ConfUtils.java:logGet(62)) - raft.server.log.segment.size.max = 67108864 (custom)
2025-10-22 08:24:24,609 [4d8a2798-959e-416b-b534-19c13b55a760-impl-thread2] INFO  server.RaftServerConfigKeys (ConfUtils.java:logGet(62)) - raft.server.log.write.buffer.size = 33554440 (custom)
2025-10-22 08:24:24,610 [4d8a2798-959e-416b-b534-19c13b55a760-impl-thread3] INFO  server.RaftServerConfigKeys (ConfUtils.java:logGet(62)) - raft.server.log.appender.buffer.byte-limit = 33554432 (custom)
2025-10-22 08:24:24,610 [4d8a2798-959e-416b-b534-19c13b55a760-impl-thread3] INFO  util.AwaitToRun (AwaitToRun.java:start(81)) - Thread[#1953,4d8a2798-959e-416b-b534-19c13b55a760@group-C626CE820278-cacheEviction-AwaitToRun,5,main] started
2025-10-22 08:24:24,610 [4d8a2798-959e-416b-b534-19c13b55a760-impl-thread3] INFO  segmented.SegmentedRaftLogWorker (SegmentedRaftLogWorker.java:<init>(190)) - new 4d8a2798-959e-416b-b534-19c13b55a760@group-C626CE820278-SegmentedRaftLogWorker for RaftStorageImpl:Storage Directory /home/runner/work/ozone/ozone/hadoop-ozone/integration-test/target/test-dir/MiniOzoneClusterImpl-a412b9f6-7d8b-4de3-a85c-9946bceaa3a0/ozone-metadata/datanode-2/ratis/28d7a56f-ff21-46bd-bc35-c626ce820278
2025-10-22 08:24:24,610 [4d8a2798-959e-416b-b534-19c13b55a760-impl-thread3] INFO  server.RaftServerConfigKeys (ConfUtils.java:logGet(62)) - raft.server.log.queue.byte-limit = 4294967296 (custom)
2025-10-22 08:24:24,610 [4d8a2798-959e-416b-b534-19c13b55a760-impl-thread3] INFO  server.RaftServerConfigKeys (ConfUtils.java:logGet(62)) - raft.server.log.segment.size.max = 67108864 (custom)
2025-10-22 08:24:24,610 [4d8a2798-959e-416b-b534-19c13b55a760-impl-thread3] INFO  server.RaftServerConfigKeys (ConfUtils.java:logGet(62)) - raft.server.log.preallocated.size = 4194304 (custom)
2025-10-22 08:24:24,611 [4d8a2798-959e-416b-b534-19c13b55a760-impl-thread3] INFO  server.RaftServerConfigKeys (ConfUtils.java:logGet(62)) - raft.server.log.write.buffer.size = 33554440 (custom)
2025-10-22 08:24:24,612 [4d8a2798-959e-416b-b534-19c13b55a760-impl-thread1] INFO  server.RaftServerConfigKeys (ConfUtils.java:logGet(62)) - raft.server.log.appender.buffer.byte-limit = 33554432 (custom)
2025-10-22 08:24:24,617 [4d8a2798-959e-416b-b534-19c13b55a760-impl-thread2] INFO  server.RaftServerConfigKeys (ConfUtils.java:logGet(62)) - raft.server.log.appender.buffer.byte-limit = 33554432 (custom)
2025-10-22 08:24:24,617 [4d8a2798-959e-416b-b534-19c13b55a760-impl-thread3] INFO  server.RaftServerConfigKeys (ConfUtils.java:logGet(62)) - raft.server.log.appender.buffer.byte-limit = 33554432 (custom)
2025-10-22 08:24:24,618 [4d8a2798-959e-416b-b534-19c13b55a760-impl-thread1] INFO  server.RaftServer$Division (ServerState.java:setRaftConf(386)) - 4d8a2798-959e-416b-b534-19c13b55a760@group-C080F8B16968: set configuration conf: {index: 0, cur=peers:[4d8a2798-959e-416b-b534-19c13b55a760|127.0.0.1:15023]|listeners:[], old=null}
2025-10-22 08:24:24,618 [4d8a2798-959e-416b-b534-19c13b55a760-impl-thread2] INFO  server.RaftServer$Division (ServerState.java:setRaftConf(386)) - 4d8a2798-959e-416b-b534-19c13b55a760@group-5E2F154B5BDB: set configuration conf: {index: 0, cur=peers:[4d8a2798-959e-416b-b534-19c13b55a760|127.0.0.1:15023, 1c036820-4dbe-4abe-80fb-5ca88de5e2f0|127.0.0.1:15015, 40df8fc4-149d-40c0-897d-2844034d8141|127.0.0.1:15031]|listeners:[], old=null}
2025-10-22 08:24:24,618 [4d8a2798-959e-416b-b534-19c13b55a760-impl-thread1] INFO  segmented.LogSegment (LogSegment.java:loadSegment(171)) - Successfully read 1 entries from segment file /home/runner/work/ozone/ozone/hadoop-ozone/integration-test/target/test-dir/MiniOzoneClusterImpl-a412b9f6-7d8b-4de3-a85c-9946bceaa3a0/ozone-metadata/datanode-2/ratis/0ab6beb1-ecd4-4a22-8092-c080f8b16968/current/log_inprogress_0
2025-10-22 08:24:24,618 [4d8a2798-959e-416b-b534-19c13b55a760-impl-thread3] INFO  server.RaftServer$Division (ServerState.java:setRaftConf(386)) - 4d8a2798-959e-416b-b534-19c13b55a760@group-C626CE820278: set configuration conf: {index: 0, cur=peers:[4d8a2798-959e-416b-b534-19c13b55a760|127.0.0.1:15023, 1c036820-4dbe-4abe-80fb-5ca88de5e2f0|127.0.0.1:15015, 40df8fc4-149d-40c0-897d-2844034d8141|127.0.0.1:15031]|listeners:[], old=null}
2025-10-22 08:24:24,618 [4d8a2798-959e-416b-b534-19c13b55a760-impl-thread1] INFO  segmented.SegmentedRaftLogWorker (SegmentedRaftLogWorker.java:lambda$new$0(141)) - 4d8a2798-959e-416b-b534-19c13b55a760@group-C080F8B16968-SegmentedRaftLogWorker: safeCacheEvictIndex: setUnconditionally 0 -> -1
2025-10-22 08:24:24,618 [4d8a2798-959e-416b-b534-19c13b55a760-impl-thread2] INFO  segmented.LogSegment (LogSegment.java:loadSegment(171)) - Successfully read 1 entries from segment file /home/runner/work/ozone/ozone/hadoop-ozone/integration-test/target/test-dir/MiniOzoneClusterImpl-a412b9f6-7d8b-4de3-a85c-9946bceaa3a0/ozone-metadata/datanode-2/ratis/991bfa6b-f7e5-4a03-b9a5-5e2f154b5bdb/current/log_inprogress_0
2025-10-22 08:24:24,618 [4d8a2798-959e-416b-b534-19c13b55a760-impl-thread1] INFO  segmented.BufferedWriteChannel (BufferedWriteChannel.java:open(61)) - open log_inprogress_0 (append) at position 129
2025-10-22 08:24:24,618 [4d8a2798-959e-416b-b534-19c13b55a760-impl-thread2] INFO  segmented.SegmentedRaftLogWorker (SegmentedRaftLogWorker.java:lambda$new$0(141)) - 4d8a2798-959e-416b-b534-19c13b55a760@group-5E2F154B5BDB-SegmentedRaftLogWorker: safeCacheEvictIndex: setUnconditionally 0 -> -1
2025-10-22 08:24:24,619 [4d8a2798-959e-416b-b534-19c13b55a760-impl-thread2] INFO  segmented.BufferedWriteChannel (BufferedWriteChannel.java:open(61)) - open log_inprogress_0 (append) at position 351
2025-10-22 08:24:24,618 [4d8a2798-959e-416b-b534-19c13b55a760-impl-thread3] INFO  segmented.LogSegment (LogSegment.java:loadSegment(171)) - Successfully read 5 entries from segment file /home/runner/work/ozone/ozone/hadoop-ozone/integration-test/target/test-dir/MiniOzoneClusterImpl-a412b9f6-7d8b-4de3-a85c-9946bceaa3a0/ozone-metadata/datanode-2/ratis/28d7a56f-ff21-46bd-bc35-c626ce820278/current/log_inprogress_0
2025-10-22 08:24:24,619 [4d8a2798-959e-416b-b534-19c13b55a760-impl-thread1] INFO  server.RaftServer$Division (RaftServerImpl.java:start(405)) - 4d8a2798-959e-416b-b534-19c13b55a760@group-C080F8B16968: start as a follower, conf=conf: {index: 0, cur=peers:[4d8a2798-959e-416b-b534-19c13b55a760|127.0.0.1:15023]|listeners:[], old=null}
2025-10-22 08:24:24,619 [4d8a2798-959e-416b-b534-19c13b55a760-impl-thread3] INFO  segmented.SegmentedRaftLogWorker (SegmentedRaftLogWorker.java:lambda$new$0(141)) - 4d8a2798-959e-416b-b534-19c13b55a760@group-C626CE820278-SegmentedRaftLogWorker: flushIndex: setUnconditionally 0 -> 4
2025-10-22 08:24:24,619 [4d8a2798-959e-416b-b534-19c13b55a760-impl-thread3] INFO  segmented.SegmentedRaftLogWorker (SegmentedRaftLogWorker.java:lambda$new$0(141)) - 4d8a2798-959e-416b-b534-19c13b55a760@group-C626CE820278-SegmentedRaftLogWorker: safeCacheEvictIndex: setUnconditionally 0 -> -1
2025-10-22 08:24:24,619 [4d8a2798-959e-416b-b534-19c13b55a760-impl-thread1] INFO  server.RaftServer$Division (RaftServerImpl.java:setRole(392)) - 4d8a2798-959e-416b-b534-19c13b55a760@group-C080F8B16968: changes role from      null to FOLLOWER at term 1 for startAsFollower
2025-10-22 08:24:24,619 [4d8a2798-959e-416b-b534-19c13b55a760-impl-thread3] INFO  segmented.BufferedWriteChannel (BufferedWriteChannel.java:open(61)) - open log_inprogress_0 (append) at position 1544
2025-10-22 08:24:24,619 [4d8a2798-959e-416b-b534-19c13b55a760-impl-thread2] INFO  server.RaftServer$Division (RaftServerImpl.java:start(405)) - 4d8a2798-959e-416b-b534-19c13b55a760@group-5E2F154B5BDB: start as a follower, conf=conf: {index: 0, cur=peers:[4d8a2798-959e-416b-b534-19c13b55a760|127.0.0.1:15023, 1c036820-4dbe-4abe-80fb-5ca88de5e2f0|127.0.0.1:15015, 40df8fc4-149d-40c0-897d-2844034d8141|127.0.0.1:15031]|listeners:[], old=null}
2025-10-22 08:24:24,619 [4d8a2798-959e-416b-b534-19c13b55a760-impl-thread1] INFO  impl.RoleInfo (RoleInfo.java:updateAndGet(148)) - 4d8a2798-959e-416b-b534-19c13b55a760: start 4d8a2798-959e-416b-b534-19c13b55a760@group-C080F8B16968-FollowerState
2025-10-22 08:24:24,619 [4d8a2798-959e-416b-b534-19c13b55a760-impl-thread2] INFO  server.RaftServer$Division (RaftServerImpl.java:setRole(392)) - 4d8a2798-959e-416b-b534-19c13b55a760@group-5E2F154B5BDB: changes role from      null to FOLLOWER at term 1 for startAsFollower
2025-10-22 08:24:24,619 [4d8a2798-959e-416b-b534-19c13b55a760-impl-thread2] INFO  impl.RoleInfo (RoleInfo.java:updateAndGet(148)) - 4d8a2798-959e-416b-b534-19c13b55a760: start 4d8a2798-959e-416b-b534-19c13b55a760@group-5E2F154B5BDB-FollowerState
2025-10-22 08:24:24,619 [4d8a2798-959e-416b-b534-19c13b55a760-impl-thread3] INFO  server.RaftServer$Division (RaftServerImpl.java:start(405)) - 4d8a2798-959e-416b-b534-19c13b55a760@group-C626CE820278: start as a follower, conf=conf: {index: 0, cur=peers:[4d8a2798-959e-416b-b534-19c13b55a760|127.0.0.1:15023, 1c036820-4dbe-4abe-80fb-5ca88de5e2f0|127.0.0.1:15015, 40df8fc4-149d-40c0-897d-2844034d8141|127.0.0.1:15031]|listeners:[], old=null}
2025-10-22 08:24:24,619 [4d8a2798-959e-416b-b534-19c13b55a760-impl-thread3] INFO  server.RaftServer$Division (RaftServerImpl.java:setRole(392)) - 4d8a2798-959e-416b-b534-19c13b55a760@group-C626CE820278: changes role from      null to FOLLOWER at term 1 for startAsFollower
2025-10-22 08:24:24,619 [4d8a2798-959e-416b-b534-19c13b55a760-impl-thread3] INFO  impl.RoleInfo (RoleInfo.java:updateAndGet(148)) - 4d8a2798-959e-416b-b534-19c13b55a760: start 4d8a2798-959e-416b-b534-19c13b55a760@group-C626CE820278-FollowerState
2025-10-22 08:24:24,620 [4d8a2798-959e-416b-b534-19c13b55a760-impl-thread1] INFO  util.JmxRegister (JmxRegister.java:tryRegister(44)) - Successfully registered JMX Bean with object name Ratis:service=RaftServer,group=group-C080F8B16968,id=4d8a2798-959e-416b-b534-19c13b55a760
2025-10-22 08:24:24,620 [4d8a2798-959e-416b-b534-19c13b55a760-impl-thread1] INFO  util.JmxRegister (JmxRegister.java:register(58)) - register mxBean class org.apache.ratis.server.impl.RaftServerJmxAdapter as Ratis:service=RaftServer,group=group-C080F8B16968,id=4d8a2798-959e-416b-b534-19c13b55a760
2025-10-22 08:24:24,620 [4d8a2798-959e-416b-b534-19c13b55a760-impl-thread2] INFO  util.JmxRegister (JmxRegister.java:tryRegister(44)) - Successfully registered JMX Bean with object name Ratis:service=RaftServer,group=group-5E2F154B5BDB,id=4d8a2798-959e-416b-b534-19c13b55a760
2025-10-22 08:24:24,620 [4d8a2798-959e-416b-b534-19c13b55a760-impl-thread2] INFO  util.JmxRegister (JmxRegister.java:register(58)) - register mxBean class org.apache.ratis.server.impl.RaftServerJmxAdapter as Ratis:service=RaftServer,group=group-5E2F154B5BDB,id=4d8a2798-959e-416b-b534-19c13b55a760
2025-10-22 08:24:24,620 [4d8a2798-959e-416b-b534-19c13b55a760-impl-thread3] INFO  util.JmxRegister (JmxRegister.java:tryRegister(44)) - Successfully registered JMX Bean with object name Ratis:service=RaftServer,group=group-C626CE820278,id=4d8a2798-959e-416b-b534-19c13b55a760
2025-10-22 08:24:24,620 [4d8a2798-959e-416b-b534-19c13b55a760-impl-thread3] INFO  util.JmxRegister (JmxRegister.java:register(58)) - register mxBean class org.apache.ratis.server.impl.RaftServerJmxAdapter as Ratis:service=RaftServer,group=group-C626CE820278,id=4d8a2798-959e-416b-b534-19c13b55a760
2025-10-22 08:24:24,621 [4d8a2798-959e-416b-b534-19c13b55a760-impl-thread1] INFO  server.RaftServer$Division (RaftServerImpl.java:start(419)) - 4d8a2798-959e-416b-b534-19c13b55a760@group-C080F8B16968: Successfully started.
2025-10-22 08:24:24,622 [4d8a2798-959e-416b-b534-19c13b55a760-impl-thread2] INFO  server.RaftServer$Division (RaftServerImpl.java:start(419)) - 4d8a2798-959e-416b-b534-19c13b55a760@group-5E2F154B5BDB: Successfully started.
2025-10-22 08:24:24,622 [4d8a2798-959e-416b-b534-19c13b55a760-impl-thread3] INFO  server.RaftServer$Division (RaftServerImpl.java:start(419)) - 4d8a2798-959e-416b-b534-19c13b55a760@group-C626CE820278: Successfully started.
2025-10-22 08:24:24,622 [4d8a2798-959e-416b-b534-19c13b55a760-EndpointStateMachineTaskThread-/0.0.0.0:15002-0 ] INFO  server.RaftServer (RaftServerProxy.java:startImpl(412)) - 4d8a2798-959e-416b-b534-19c13b55a760: start RPC server
2025-10-22 08:24:24,623 [4d8a2798-959e-416b-b534-19c13b55a760-EndpointStateMachineTaskThread-/0.0.0.0:15002-0 ] INFO  server.GrpcServicesImpl (GrpcServicesImpl.java:startImpl(346)) - 4d8a2798-959e-416b-b534-19c13b55a760: GrpcServicesImpl started, listening on 15021
2025-10-22 08:24:24,623 [4d8a2798-959e-416b-b534-19c13b55a760-EndpointStateMachineTaskThread-/0.0.0.0:15002-0 ] INFO  server.GrpcServicesImpl (GrpcServicesImpl.java:startImpl(346)) - 4d8a2798-959e-416b-b534-19c13b55a760: GrpcServicesImpl started, listening on 15023
2025-10-22 08:24:24,624 [4d8a2798-959e-416b-b534-19c13b55a760-EndpointStateMachineTaskThread-/0.0.0.0:15002-0 ] INFO  server.GrpcServicesImpl (GrpcServicesImpl.java:startImpl(346)) - 4d8a2798-959e-416b-b534-19c13b55a760: GrpcServicesImpl started, listening on 15022
2025-10-22 08:24:24,624 [JvmPauseMonitor13] INFO  util.JvmPauseMonitor (JvmPauseMonitor.java:run(146)) - JvmPauseMonitor-4d8a2798-959e-416b-b534-19c13b55a760: Started
2025-10-22 08:24:24,624 [4d8a2798-959e-416b-b534-19c13b55a760-EndpointStateMachineTaskThread-/0.0.0.0:15002-0 ] INFO  ratis.XceiverServerRatis (XceiverServerRatis.java:getRealPort(586)) - XceiverServerRatis(4d8a2798-959e-416b-b534-19c13b55a760) is started using port RATIS=15021
2025-10-22 08:24:24,624 [4d8a2798-959e-416b-b534-19c13b55a760-EndpointStateMachineTaskThread-/0.0.0.0:15002-0 ] INFO  ratis.XceiverServerRatis (XceiverServerRatis.java:getRealPort(586)) - XceiverServerRatis(4d8a2798-959e-416b-b534-19c13b55a760) is started using port RATIS_ADMIN=15022
2025-10-22 08:24:24,624 [4d8a2798-959e-416b-b534-19c13b55a760-EndpointStateMachineTaskThread-/0.0.0.0:15002-0 ] INFO  ratis.XceiverServerRatis (XceiverServerRatis.java:getRealPort(586)) - XceiverServerRatis(4d8a2798-959e-416b-b534-19c13b55a760) is started using port RATIS_SERVER=15023
2025-10-22 08:24:24,624 [4d8a2798-959e-416b-b534-19c13b55a760-EndpointStateMachineTaskThread-/0.0.0.0:15002-0 ] INFO  ratis.XceiverServerRatis (XceiverServerRatis.java:getRealPort(586)) - XceiverServerRatis(4d8a2798-959e-416b-b534-19c13b55a760) is started using port RATIS_DATASTREAM=15024
2025-10-22 08:24:24,625 [4d8a2798-959e-416b-b534-19c13b55a760-EndpointStateMachineTaskThread-/0.0.0.0:15002-0 ] INFO  utils.BackgroundService (BackgroundService.java:start(119)) - Starting service BlockDeletingService with interval 60000 milliseconds
2025-10-22 08:24:24,625 [4d8a2798-959e-416b-b534-19c13b55a760-EndpointStateMachineTaskThread-/0.0.0.0:15002-0 ] INFO  utils.BackgroundService (BackgroundService.java:start(119)) - Starting service StaleRecoveringContainerScrubbingService with interval 60000 milliseconds
2025-10-22 08:24:24,850 [1c036820-4dbe-4abe-80fb-5ca88de5e2f0-ContainerReader-0] INFO  ozoneimpl.ContainerReader (ContainerReader.java:readVolume(147)) - Start to verify containers on volume /home/runner/work/ozone/ozone/hadoop-ozone/integration-test/target/test-dir/MiniOzoneClusterImpl-a412b9f6-7d8b-4de3-a85c-9946bceaa3a0/ozone-metadata/datanode-1/data-0/hdds
2025-10-22 08:24:24,853 [1c036820-4dbe-4abe-80fb-5ca88de5e2f0-ContainerReader-0] WARN  helpers.KeyValueContainerUtil (KeyValueContainerUtil.java:populateContainerMetadata(329)) - Missing pendingDeleteBlockCount from metadata: recalculate them from block table
2025-10-22 08:24:24,855 [1c036820-4dbe-4abe-80fb-5ca88de5e2f0-ContainerReader-0] INFO  ozoneimpl.ContainerReader (ContainerReader.java:readVolume(177)) - Finish verifying containers on volume /home/runner/work/ozone/ozone/hadoop-ozone/integration-test/target/test-dir/MiniOzoneClusterImpl-a412b9f6-7d8b-4de3-a85c-9946bceaa3a0/ozone-metadata/datanode-1/data-0/hdds
2025-10-22 08:24:24,856 [1c036820-4dbe-4abe-80fb-5ca88de5e2f0-EndpointStateMachineTaskThread-/0.0.0.0:15002-0 ] INFO  ozoneimpl.OzoneContainer (OzoneContainer.java:buildContainerSet(359)) - Build ContainerSet costs 0s
2025-10-22 08:24:24,856 [1c036820-4dbe-4abe-80fb-5ca88de5e2f0-EndpointStateMachineTaskThread-/0.0.0.0:15002-0 ] INFO  volume.ThrottledAsyncChecker (ThrottledAsyncChecker.java:schedule(138)) - Scheduling a check for /home/runner/work/ozone/ozone/hadoop-ozone/integration-test/target/test-dir/MiniOzoneClusterImpl-a412b9f6-7d8b-4de3-a85c-9946bceaa3a0/ozone-metadata/datanode-1/data-0/hdds
2025-10-22 08:24:24,857 [1c036820-4dbe-4abe-80fb-5ca88de5e2f0-EndpointStateMachineTaskThread-/0.0.0.0:15002-0 ] INFO  volume.StorageVolumeChecker (StorageVolumeChecker.java:checkAllVolumes(231)) - Scheduled health check for volume /home/runner/work/ozone/ozone/hadoop-ozone/integration-test/target/test-dir/MiniOzoneClusterImpl-a412b9f6-7d8b-4de3-a85c-9946bceaa3a0/ozone-metadata/datanode-1/data-0/hdds
2025-10-22 08:24:24,861 [1c036820-4dbe-4abe-80fb-5ca88de5e2f0-EndpointStateMachineTaskThread-/0.0.0.0:15002-0 ] INFO  volume.ThrottledAsyncChecker (ThrottledAsyncChecker.java:schedule(138)) - Scheduling a check for /home/runner/work/ozone/ozone/hadoop-ozone/integration-test/target/test-dir/MiniOzoneClusterImpl-a412b9f6-7d8b-4de3-a85c-9946bceaa3a0/ozone-metadata/datanode-1/ratis
2025-10-22 08:24:24,861 [1c036820-4dbe-4abe-80fb-5ca88de5e2f0-EndpointStateMachineTaskThread-/0.0.0.0:15002-0 ] INFO  volume.StorageVolumeChecker (StorageVolumeChecker.java:checkAllVolumes(231)) - Scheduled health check for volume /home/runner/work/ozone/ozone/hadoop-ozone/integration-test/target/test-dir/MiniOzoneClusterImpl-a412b9f6-7d8b-4de3-a85c-9946bceaa3a0/ozone-metadata/datanode-1/ratis
2025-10-22 08:24:24,862 [1c036820-4dbe-4abe-80fb-5ca88de5e2f0-EndpointStateMachineTaskThread-/0.0.0.0:15002-0 ] INFO  ozoneimpl.OzoneContainer (OzoneContainer.java:start(544)) - Attempting to start container services.
2025-10-22 08:24:24,863 [ContainerDataScanner(/home/runner/work/ozone/ozone/hadoop-ozone/integration-test/target/test-dir/MiniOzoneClusterImpl-a412b9f6-7d8b-4de3-a85c-9946bceaa3a0/ozone-metadata/datanode-1/data-0/hdds)] INFO  ozoneimpl.AbstractBackgroundContainerScanner (AbstractBackgroundContainerScanner.java:runIteration(89)) - Completed an iteration in 0 minutes. Number of iterations (since the data-node restart) : 1, Number of containers scanned in this iteration : 0, Number of unhealthy containers found in this iteration : 0
2025-10-22 08:24:24,864 [1c036820-4dbe-4abe-80fb-5ca88de5e2f0-EndpointStateMachineTaskThread-/0.0.0.0:15002-0 ] INFO  replication.ReplicationServer (ReplicationServer.java:start(137)) - ReplicationServer is started using port 15017
2025-10-22 08:24:24,865 [1c036820-4dbe-4abe-80fb-5ca88de5e2f0-EndpointStateMachineTaskThread-/0.0.0.0:15002-0 ] INFO  ratis.XceiverServerRatis (XceiverServerRatis.java:start(559)) - Starting XceiverServerRatis(1c036820-4dbe-4abe-80fb-5ca88de5e2f0)
2025-10-22 08:24:24,867 [1c036820-4dbe-4abe-80fb-5ca88de5e2f0-impl-thread2] INFO  server.RaftServerConfigKeys (ConfUtils.java:logGet(62)) - raft.server.storage.dir = [/home/runner/work/ozone/ozone/hadoop-ozone/integration-test/target/test-dir/MiniOzoneClusterImpl-a412b9f6-7d8b-4de3-a85c-9946bceaa3a0/ozone-metadata/datanode-1/ratis] (custom)
2025-10-22 08:24:24,867 [ContainerMetadataScanner] INFO  ozoneimpl.AbstractBackgroundContainerScanner (AbstractBackgroundContainerScanner.java:runIteration(89)) - Completed an iteration in 0 minutes. Number of iterations (since the data-node restart) : 1, Number of containers scanned in this iteration : 1, Number of unhealthy containers found in this iteration : 0
2025-10-22 08:24:24,868 [1c036820-4dbe-4abe-80fb-5ca88de5e2f0-impl-thread3] INFO  storage.RaftStorageDirectory (RaftStorageDirectoryImpl.java:tryLock(229)) - Lock on /home/runner/work/ozone/ozone/hadoop-ozone/integration-test/target/test-dir/MiniOzoneClusterImpl-a412b9f6-7d8b-4de3-a85c-9946bceaa3a0/ozone-metadata/datanode-1/ratis/d58961bb-d73a-4245-ae1b-83d1472516ec/in_use.lock acquired by nodename 57193@localhost
2025-10-22 08:24:24,869 [1c036820-4dbe-4abe-80fb-5ca88de5e2f0-impl-thread3] INFO  storage.RaftStorage (RaftStorageImpl.java:analyzeAndRecoverStorage(118)) - Read RaftStorageMetadata{term=1, votedFor=1c036820-4dbe-4abe-80fb-5ca88de5e2f0} from /home/runner/work/ozone/ozone/hadoop-ozone/integration-test/target/test-dir/MiniOzoneClusterImpl-a412b9f6-7d8b-4de3-a85c-9946bceaa3a0/ozone-metadata/datanode-1/ratis/d58961bb-d73a-4245-ae1b-83d1472516ec/current/raft-meta
2025-10-22 08:24:24,868 [1c036820-4dbe-4abe-80fb-5ca88de5e2f0-impl-thread2] INFO  storage.RaftStorageDirectory (RaftStorageDirectoryImpl.java:tryLock(229)) - Lock on /home/runner/work/ozone/ozone/hadoop-ozone/integration-test/target/test-dir/MiniOzoneClusterImpl-a412b9f6-7d8b-4de3-a85c-9946bceaa3a0/ozone-metadata/datanode-1/ratis/28d7a56f-ff21-46bd-bc35-c626ce820278/in_use.lock acquired by nodename 57193@localhost
2025-10-22 08:24:24,869 [1c036820-4dbe-4abe-80fb-5ca88de5e2f0-impl-thread3] INFO  server.RaftServer$Division (ServerState.java:setRaftConf(386)) - 1c036820-4dbe-4abe-80fb-5ca88de5e2f0@group-83D1472516EC: set configuration conf: {index: 0, cur=peers:[1c036820-4dbe-4abe-80fb-5ca88de5e2f0|127.0.0.1:15015]|listeners:[], old=null}
2025-10-22 08:24:24,869 [1c036820-4dbe-4abe-80fb-5ca88de5e2f0-impl-thread2] INFO  storage.RaftStorage (RaftStorageImpl.java:analyzeAndRecoverStorage(118)) - Read RaftStorageMetadata{term=1, votedFor=40df8fc4-149d-40c0-897d-2844034d8141} from /home/runner/work/ozone/ozone/hadoop-ozone/integration-test/target/test-dir/MiniOzoneClusterImpl-a412b9f6-7d8b-4de3-a85c-9946bceaa3a0/ozone-metadata/datanode-1/ratis/28d7a56f-ff21-46bd-bc35-c626ce820278/current/raft-meta
2025-10-22 08:24:24,870 [1c036820-4dbe-4abe-80fb-5ca88de5e2f0-impl-thread3] INFO  ratis.ContainerStateMachine (ContainerStateMachine.java:initialize(339)) - 1c036820-4dbe-4abe-80fb-5ca88de5e2f0: initialize group-83D1472516EC
2025-10-22 08:24:24,870 [1c036820-4dbe-4abe-80fb-5ca88de5e2f0-impl-thread3] INFO  ratis.ContainerStateMachine (ContainerStateMachine.java:loadSnapshot(356)) - group-83D1472516EC: Setting the last applied index to (t:1, i:0)
2025-10-22 08:24:24,870 [1c036820-4dbe-4abe-80fb-5ca88de5e2f0-impl-thread3] INFO  server.RaftServerConfigKeys (ConfUtils.java:logGet(62)) - raft.server.log.appender.buffer.byte-limit = 33554432 (custom)
2025-10-22 08:24:24,870 [1c036820-4dbe-4abe-80fb-5ca88de5e2f0-impl-thread2] INFO  server.RaftServer$Division (ServerState.java:setRaftConf(386)) - 1c036820-4dbe-4abe-80fb-5ca88de5e2f0@group-C626CE820278: set configuration conf: {index: 0, cur=peers:[4d8a2798-959e-416b-b534-19c13b55a760|127.0.0.1:15023, 1c036820-4dbe-4abe-80fb-5ca88de5e2f0|127.0.0.1:15015, 40df8fc4-149d-40c0-897d-2844034d8141|127.0.0.1:15031]|listeners:[], old=null}
2025-10-22 08:24:24,871 [1c036820-4dbe-4abe-80fb-5ca88de5e2f0-impl-thread2] INFO  ratis.ContainerStateMachine (ContainerStateMachine.java:initialize(339)) - 1c036820-4dbe-4abe-80fb-5ca88de5e2f0: initialize group-C626CE820278
2025-10-22 08:24:24,871 [1c036820-4dbe-4abe-80fb-5ca88de5e2f0-impl-thread2] INFO  ratis.ContainerStateMachine (ContainerStateMachine.java:loadSnapshot(356)) - group-C626CE820278: Setting the last applied index to (t:1, i:4)
2025-10-22 08:24:24,871 [1c036820-4dbe-4abe-80fb-5ca88de5e2f0-impl-thread1] INFO  storage.RaftStorageDirectory (RaftStorageDirectoryImpl.java:tryLock(229)) - Lock on /home/runner/work/ozone/ozone/hadoop-ozone/integration-test/target/test-dir/MiniOzoneClusterImpl-a412b9f6-7d8b-4de3-a85c-9946bceaa3a0/ozone-metadata/datanode-1/ratis/991bfa6b-f7e5-4a03-b9a5-5e2f154b5bdb/in_use.lock acquired by nodename 57193@localhost
2025-10-22 08:24:24,871 [1c036820-4dbe-4abe-80fb-5ca88de5e2f0-impl-thread2] INFO  server.RaftServerConfigKeys (ConfUtils.java:logGet(62)) - raft.server.log.appender.buffer.byte-limit = 33554432 (custom)
2025-10-22 08:24:24,871 [1c036820-4dbe-4abe-80fb-5ca88de5e2f0-impl-thread1] INFO  storage.RaftStorage (RaftStorageImpl.java:analyzeAndRecoverStorage(118)) - Read RaftStorageMetadata{term=1, votedFor=1c036820-4dbe-4abe-80fb-5ca88de5e2f0} from /home/runner/work/ozone/ozone/hadoop-ozone/integration-test/target/test-dir/MiniOzoneClusterImpl-a412b9f6-7d8b-4de3-a85c-9946bceaa3a0/ozone-metadata/datanode-1/ratis/991bfa6b-f7e5-4a03-b9a5-5e2f154b5bdb/current/raft-meta
2025-10-22 08:24:24,872 [1c036820-4dbe-4abe-80fb-5ca88de5e2f0-impl-thread1] INFO  server.RaftServer$Division (ServerState.java:setRaftConf(386)) - 1c036820-4dbe-4abe-80fb-5ca88de5e2f0@group-5E2F154B5BDB: set configuration conf: {index: 0, cur=peers:[4d8a2798-959e-416b-b534-19c13b55a760|127.0.0.1:15023, 1c036820-4dbe-4abe-80fb-5ca88de5e2f0|127.0.0.1:15015, 40df8fc4-149d-40c0-897d-2844034d8141|127.0.0.1:15031]|listeners:[], old=null}
2025-10-22 08:24:24,872 [1c036820-4dbe-4abe-80fb-5ca88de5e2f0-impl-thread1] INFO  ratis.ContainerStateMachine (ContainerStateMachine.java:initialize(339)) - 1c036820-4dbe-4abe-80fb-5ca88de5e2f0: initialize group-5E2F154B5BDB
2025-10-22 08:24:24,872 [1c036820-4dbe-4abe-80fb-5ca88de5e2f0-impl-thread1] INFO  ratis.ContainerStateMachine (ContainerStateMachine.java:loadSnapshot(356)) - group-5E2F154B5BDB: Setting the last applied index to (t:1, i:0)
2025-10-22 08:24:24,872 [1c036820-4dbe-4abe-80fb-5ca88de5e2f0-impl-thread1] INFO  server.RaftServerConfigKeys (ConfUtils.java:logGet(62)) - raft.server.log.appender.buffer.byte-limit = 33554432 (custom)
2025-10-22 08:24:24,879 [1c036820-4dbe-4abe-80fb-5ca88de5e2f0-impl-thread3] INFO  server.RaftServerConfigKeys (ConfUtils.java:logGet(62)) - raft.server.log.segment.size.max = 67108864 (custom)
2025-10-22 08:24:24,880 [1c036820-4dbe-4abe-80fb-5ca88de5e2f0-impl-thread2] INFO  server.RaftServerConfigKeys (ConfUtils.java:logGet(62)) - raft.server.log.segment.size.max = 67108864 (custom)
2025-10-22 08:24:24,882 [1c036820-4dbe-4abe-80fb-5ca88de5e2f0-impl-thread3] INFO  server.RaftServerConfigKeys (ConfUtils.java:logGet(62)) - raft.server.log.appender.buffer.byte-limit = 33554432 (custom)
2025-10-22 08:24:24,882 [1c036820-4dbe-4abe-80fb-5ca88de5e2f0-impl-thread2] INFO  server.RaftServerConfigKeys (ConfUtils.java:logGet(62)) - raft.server.log.appender.buffer.byte-limit = 33554432 (custom)
2025-10-22 08:24:24,882 [1c036820-4dbe-4abe-80fb-5ca88de5e2f0-impl-thread3] INFO  util.AwaitToRun (AwaitToRun.java:start(81)) - Thread[#1983,1c036820-4dbe-4abe-80fb-5ca88de5e2f0@group-83D1472516EC-cacheEviction-AwaitToRun,5,main] started
2025-10-22 08:24:24,882 [1c036820-4dbe-4abe-80fb-5ca88de5e2f0-impl-thread3] INFO  segmented.SegmentedRaftLogWorker (SegmentedRaftLogWorker.java:<init>(190)) - new 1c036820-4dbe-4abe-80fb-5ca88de5e2f0@group-83D1472516EC-SegmentedRaftLogWorker for RaftStorageImpl:Storage Directory /home/runner/work/ozone/ozone/hadoop-ozone/integration-test/target/test-dir/MiniOzoneClusterImpl-a412b9f6-7d8b-4de3-a85c-9946bceaa3a0/ozone-metadata/datanode-1/ratis/d58961bb-d73a-4245-ae1b-83d1472516ec
2025-10-22 08:24:24,882 [1c036820-4dbe-4abe-80fb-5ca88de5e2f0-impl-thread3] INFO  server.RaftServerConfigKeys (ConfUtils.java:logGet(62)) - raft.server.log.queue.byte-limit = 4294967296 (custom)
2025-10-22 08:24:24,882 [1c036820-4dbe-4abe-80fb-5ca88de5e2f0-impl-thread3] INFO  server.RaftServerConfigKeys (ConfUtils.java:logGet(62)) - raft.server.log.segment.size.max = 67108864 (custom)
2025-10-22 08:24:24,882 [1c036820-4dbe-4abe-80fb-5ca88de5e2f0-impl-thread3] INFO  server.RaftServerConfigKeys (ConfUtils.java:logGet(62)) - raft.server.log.preallocated.size = 4194304 (custom)
2025-10-22 08:24:24,882 [1c036820-4dbe-4abe-80fb-5ca88de5e2f0-impl-thread1] INFO  server.RaftServerConfigKeys (ConfUtils.java:logGet(62)) - raft.server.log.segment.size.max = 67108864 (custom)
2025-10-22 08:24:24,882 [1c036820-4dbe-4abe-80fb-5ca88de5e2f0-impl-thread2] INFO  util.AwaitToRun (AwaitToRun.java:start(81)) - Thread[#1984,1c036820-4dbe-4abe-80fb-5ca88de5e2f0@group-C626CE820278-cacheEviction-AwaitToRun,5,main] started
2025-10-22 08:24:24,882 [1c036820-4dbe-4abe-80fb-5ca88de5e2f0-impl-thread2] INFO  segmented.SegmentedRaftLogWorker (SegmentedRaftLogWorker.java:<init>(190)) - new 1c036820-4dbe-4abe-80fb-5ca88de5e2f0@group-C626CE820278-SegmentedRaftLogWorker for RaftStorageImpl:Storage Directory /home/runner/work/ozone/ozone/hadoop-ozone/integration-test/target/test-dir/MiniOzoneClusterImpl-a412b9f6-7d8b-4de3-a85c-9946bceaa3a0/ozone-metadata/datanode-1/ratis/28d7a56f-ff21-46bd-bc35-c626ce820278
2025-10-22 08:24:24,882 [1c036820-4dbe-4abe-80fb-5ca88de5e2f0-impl-thread2] INFO  server.RaftServerConfigKeys (ConfUtils.java:logGet(62)) - raft.server.log.queue.byte-limit = 4294967296 (custom)
2025-10-22 08:24:24,882 [1c036820-4dbe-4abe-80fb-5ca88de5e2f0-impl-thread2] INFO  server.RaftServerConfigKeys (ConfUtils.java:logGet(62)) - raft.server.log.segment.size.max = 67108864 (custom)
2025-10-22 08:24:24,882 [1c036820-4dbe-4abe-80fb-5ca88de5e2f0-impl-thread2] INFO  server.RaftServerConfigKeys (ConfUtils.java:logGet(62)) - raft.server.log.preallocated.size = 4194304 (custom)
2025-10-22 08:24:24,884 [1c036820-4dbe-4abe-80fb-5ca88de5e2f0-impl-thread3] INFO  server.RaftServerConfigKeys (ConfUtils.java:logGet(62)) - raft.server.log.write.buffer.size = 33554440 (custom)
2025-10-22 08:24:24,884 [1c036820-4dbe-4abe-80fb-5ca88de5e2f0-impl-thread1] INFO  server.RaftServerConfigKeys (ConfUtils.java:logGet(62)) - raft.server.log.appender.buffer.byte-limit = 33554432 (custom)
2025-10-22 08:24:24,885 [1c036820-4dbe-4abe-80fb-5ca88de5e2f0-impl-thread2] INFO  server.RaftServerConfigKeys (ConfUtils.java:logGet(62)) - raft.server.log.write.buffer.size = 33554440 (custom)
2025-10-22 08:24:24,885 [1c036820-4dbe-4abe-80fb-5ca88de5e2f0-impl-thread1] INFO  util.AwaitToRun (AwaitToRun.java:start(81)) - Thread[#1985,1c036820-4dbe-4abe-80fb-5ca88de5e2f0@group-5E2F154B5BDB-cacheEviction-AwaitToRun,5,main] started
2025-10-22 08:24:24,885 [1c036820-4dbe-4abe-80fb-5ca88de5e2f0-impl-thread1] INFO  segmented.SegmentedRaftLogWorker (SegmentedRaftLogWorker.java:<init>(190)) - new 1c036820-4dbe-4abe-80fb-5ca88de5e2f0@group-5E2F154B5BDB-SegmentedRaftLogWorker for RaftStorageImpl:Storage Directory /home/runner/work/ozone/ozone/hadoop-ozone/integration-test/target/test-dir/MiniOzoneClusterImpl-a412b9f6-7d8b-4de3-a85c-9946bceaa3a0/ozone-metadata/datanode-1/ratis/991bfa6b-f7e5-4a03-b9a5-5e2f154b5bdb
2025-10-22 08:24:24,885 [1c036820-4dbe-4abe-80fb-5ca88de5e2f0-impl-thread1] INFO  server.RaftServerConfigKeys (ConfUtils.java:logGet(62)) - raft.server.log.queue.byte-limit = 4294967296 (custom)
2025-10-22 08:24:24,885 [1c036820-4dbe-4abe-80fb-5ca88de5e2f0-impl-thread1] INFO  server.RaftServerConfigKeys (ConfUtils.java:logGet(62)) - raft.server.log.segment.size.max = 67108864 (custom)
2025-10-22 08:24:24,885 [1c036820-4dbe-4abe-80fb-5ca88de5e2f0-impl-thread1] INFO  server.RaftServerConfigKeys (ConfUtils.java:logGet(62)) - raft.server.log.preallocated.size = 4194304 (custom)
2025-10-22 08:24:24,885 [1c036820-4dbe-4abe-80fb-5ca88de5e2f0-impl-thread1] INFO  server.RaftServerConfigKeys (ConfUtils.java:logGet(62)) - raft.server.log.write.buffer.size = 33554440 (custom)
2025-10-22 08:24:24,891 [1c036820-4dbe-4abe-80fb-5ca88de5e2f0-impl-thread2] INFO  server.RaftServerConfigKeys (ConfUtils.java:logGet(62)) - raft.server.log.appender.buffer.byte-limit = 33554432 (custom)
2025-10-22 08:24:24,891 [1c036820-4dbe-4abe-80fb-5ca88de5e2f0-impl-thread3] INFO  server.RaftServerConfigKeys (ConfUtils.java:logGet(62)) - raft.server.log.appender.buffer.byte-limit = 33554432 (custom)
2025-10-22 08:24:24,892 [1c036820-4dbe-4abe-80fb-5ca88de5e2f0-impl-thread3] INFO  server.RaftServer$Division (ServerState.java:setRaftConf(386)) - 1c036820-4dbe-4abe-80fb-5ca88de5e2f0@group-83D1472516EC: set configuration conf: {index: 0, cur=peers:[1c036820-4dbe-4abe-80fb-5ca88de5e2f0|127.0.0.1:15015]|listeners:[], old=null}
2025-10-22 08:24:24,892 [1c036820-4dbe-4abe-80fb-5ca88de5e2f0-impl-thread2] INFO  server.RaftServer$Division (ServerState.java:setRaftConf(386)) - 1c036820-4dbe-4abe-80fb-5ca88de5e2f0@group-C626CE820278: set configuration conf: {index: 0, cur=peers:[4d8a2798-959e-416b-b534-19c13b55a760|127.0.0.1:15023, 1c036820-4dbe-4abe-80fb-5ca88de5e2f0|127.0.0.1:15015, 40df8fc4-149d-40c0-897d-2844034d8141|127.0.0.1:15031]|listeners:[], old=null}
2025-10-22 08:24:24,892 [1c036820-4dbe-4abe-80fb-5ca88de5e2f0-impl-thread3] INFO  segmented.LogSegment (LogSegment.java:loadSegment(171)) - Successfully read 1 entries from segment file /home/runner/work/ozone/ozone/hadoop-ozone/integration-test/target/test-dir/MiniOzoneClusterImpl-a412b9f6-7d8b-4de3-a85c-9946bceaa3a0/ozone-metadata/datanode-1/ratis/d58961bb-d73a-4245-ae1b-83d1472516ec/current/log_inprogress_0
2025-10-22 08:24:24,892 [1c036820-4dbe-4abe-80fb-5ca88de5e2f0-impl-thread3] INFO  segmented.SegmentedRaftLogWorker (SegmentedRaftLogWorker.java:lambda$new$0(141)) - 1c036820-4dbe-4abe-80fb-5ca88de5e2f0@group-83D1472516EC-SegmentedRaftLogWorker: safeCacheEvictIndex: setUnconditionally 0 -> -1
2025-10-22 08:24:24,892 [1c036820-4dbe-4abe-80fb-5ca88de5e2f0-impl-thread3] INFO  segmented.BufferedWriteChannel (BufferedWriteChannel.java:open(61)) - open log_inprogress_0 (append) at position 129
2025-10-22 08:24:24,892 [1c036820-4dbe-4abe-80fb-5ca88de5e2f0-impl-thread2] INFO  segmented.LogSegment (LogSegment.java:loadSegment(171)) - Successfully read 5 entries from segment file /home/runner/work/ozone/ozone/hadoop-ozone/integration-test/target/test-dir/MiniOzoneClusterImpl-a412b9f6-7d8b-4de3-a85c-9946bceaa3a0/ozone-metadata/datanode-1/ratis/28d7a56f-ff21-46bd-bc35-c626ce820278/current/log_inprogress_0
2025-10-22 08:24:24,892 [1c036820-4dbe-4abe-80fb-5ca88de5e2f0-impl-thread2] INFO  segmented.SegmentedRaftLogWorker (SegmentedRaftLogWorker.java:lambda$new$0(141)) - 1c036820-4dbe-4abe-80fb-5ca88de5e2f0@group-C626CE820278-SegmentedRaftLogWorker: flushIndex: setUnconditionally 0 -> 4
2025-10-22 08:24:24,892 [1c036820-4dbe-4abe-80fb-5ca88de5e2f0-impl-thread2] INFO  segmented.SegmentedRaftLogWorker (SegmentedRaftLogWorker.java:lambda$new$0(141)) - 1c036820-4dbe-4abe-80fb-5ca88de5e2f0@group-C626CE820278-SegmentedRaftLogWorker: safeCacheEvictIndex: setUnconditionally 0 -> -1
2025-10-22 08:24:24,892 [1c036820-4dbe-4abe-80fb-5ca88de5e2f0-impl-thread2] INFO  segmented.BufferedWriteChannel (BufferedWriteChannel.java:open(61)) - open log_inprogress_0 (append) at position 1544
2025-10-22 08:24:24,892 [1c036820-4dbe-4abe-80fb-5ca88de5e2f0-impl-thread1] INFO  server.RaftServerConfigKeys (ConfUtils.java:logGet(62)) - raft.server.log.appender.buffer.byte-limit = 33554432 (custom)
2025-10-22 08:24:24,893 [1c036820-4dbe-4abe-80fb-5ca88de5e2f0-impl-thread2] INFO  server.RaftServer$Division (RaftServerImpl.java:start(405)) - 1c036820-4dbe-4abe-80fb-5ca88de5e2f0@group-C626CE820278: start as a follower, conf=conf: {index: 0, cur=peers:[4d8a2798-959e-416b-b534-19c13b55a760|127.0.0.1:15023, 1c036820-4dbe-4abe-80fb-5ca88de5e2f0|127.0.0.1:15015, 40df8fc4-149d-40c0-897d-2844034d8141|127.0.0.1:15031]|listeners:[], old=null}
2025-10-22 08:24:24,893 [1c036820-4dbe-4abe-80fb-5ca88de5e2f0-impl-thread2] INFO  server.RaftServer$Division (RaftServerImpl.java:setRole(392)) - 1c036820-4dbe-4abe-80fb-5ca88de5e2f0@group-C626CE820278: changes role from      null to FOLLOWER at term 1 for startAsFollower
2025-10-22 08:24:24,893 [1c036820-4dbe-4abe-80fb-5ca88de5e2f0-impl-thread2] INFO  impl.RoleInfo (RoleInfo.java:updateAndGet(148)) - 1c036820-4dbe-4abe-80fb-5ca88de5e2f0: start 1c036820-4dbe-4abe-80fb-5ca88de5e2f0@group-C626CE820278-FollowerState
2025-10-22 08:24:24,892 [1c036820-4dbe-4abe-80fb-5ca88de5e2f0-impl-thread3] INFO  server.RaftServer$Division (RaftServerImpl.java:start(405)) - 1c036820-4dbe-4abe-80fb-5ca88de5e2f0@group-83D1472516EC: start as a follower, conf=conf: {index: 0, cur=peers:[1c036820-4dbe-4abe-80fb-5ca88de5e2f0|127.0.0.1:15015]|listeners:[], old=null}
2025-10-22 08:24:24,893 [1c036820-4dbe-4abe-80fb-5ca88de5e2f0-impl-thread1] INFO  server.RaftServer$Division (ServerState.java:setRaftConf(386)) - 1c036820-4dbe-4abe-80fb-5ca88de5e2f0@group-5E2F154B5BDB: set configuration conf: {index: 0, cur=peers:[4d8a2798-959e-416b-b534-19c13b55a760|127.0.0.1:15023, 1c036820-4dbe-4abe-80fb-5ca88de5e2f0|127.0.0.1:15015, 40df8fc4-149d-40c0-897d-2844034d8141|127.0.0.1:15031]|listeners:[], old=null}
2025-10-22 08:24:24,893 [1c036820-4dbe-4abe-80fb-5ca88de5e2f0-impl-thread1] INFO  segmented.LogSegment (LogSegment.java:loadSegment(171)) - Successfully read 1 entries from segment file /home/runner/work/ozone/ozone/hadoop-ozone/integration-test/target/test-dir/MiniOzoneClusterImpl-a412b9f6-7d8b-4de3-a85c-9946bceaa3a0/ozone-metadata/datanode-1/ratis/991bfa6b-f7e5-4a03-b9a5-5e2f154b5bdb/current/log_inprogress_0
2025-10-22 08:24:24,893 [1c036820-4dbe-4abe-80fb-5ca88de5e2f0-impl-thread1] INFO  segmented.SegmentedRaftLogWorker (SegmentedRaftLogWorker.java:lambda$new$0(141)) - 1c036820-4dbe-4abe-80fb-5ca88de5e2f0@group-5E2F154B5BDB-SegmentedRaftLogWorker: safeCacheEvictIndex: setUnconditionally 0 -> -1
2025-10-22 08:24:24,893 [1c036820-4dbe-4abe-80fb-5ca88de5e2f0-impl-thread1] INFO  segmented.BufferedWriteChannel (BufferedWriteChannel.java:open(61)) - open log_inprogress_0 (append) at position 351
2025-10-22 08:24:24,893 [1c036820-4dbe-4abe-80fb-5ca88de5e2f0-impl-thread3] INFO  server.RaftServer$Division (RaftServerImpl.java:setRole(392)) - 1c036820-4dbe-4abe-80fb-5ca88de5e2f0@group-83D1472516EC: changes role from      null to FOLLOWER at term 1 for startAsFollower
2025-10-22 08:24:24,893 [1c036820-4dbe-4abe-80fb-5ca88de5e2f0-impl-thread3] INFO  impl.RoleInfo (RoleInfo.java:updateAndGet(148)) - 1c036820-4dbe-4abe-80fb-5ca88de5e2f0: start 1c036820-4dbe-4abe-80fb-5ca88de5e2f0@group-83D1472516EC-FollowerState
2025-10-22 08:24:24,893 [1c036820-4dbe-4abe-80fb-5ca88de5e2f0-impl-thread2] INFO  util.JmxRegister (JmxRegister.java:tryRegister(44)) - Successfully registered JMX Bean with object name Ratis:service=RaftServer,group=group-C626CE820278,id=1c036820-4dbe-4abe-80fb-5ca88de5e2f0
2025-10-22 08:24:24,894 [1c036820-4dbe-4abe-80fb-5ca88de5e2f0-impl-thread2] INFO  util.JmxRegister (JmxRegister.java:register(58)) - register mxBean class org.apache.ratis.server.impl.RaftServerJmxAdapter as Ratis:service=RaftServer,group=group-C626CE820278,id=1c036820-4dbe-4abe-80fb-5ca88de5e2f0
2025-10-22 08:24:24,894 [1c036820-4dbe-4abe-80fb-5ca88de5e2f0-impl-thread3] INFO  util.JmxRegister (JmxRegister.java:tryRegister(44)) - Successfully registered JMX Bean with object name Ratis:service=RaftServer,group=group-83D1472516EC,id=1c036820-4dbe-4abe-80fb-5ca88de5e2f0
2025-10-22 08:24:24,894 [1c036820-4dbe-4abe-80fb-5ca88de5e2f0-impl-thread3] INFO  util.JmxRegister (JmxRegister.java:register(58)) - register mxBean class org.apache.ratis.server.impl.RaftServerJmxAdapter as Ratis:service=RaftServer,group=group-83D1472516EC,id=1c036820-4dbe-4abe-80fb-5ca88de5e2f0
2025-10-22 08:24:24,893 [1c036820-4dbe-4abe-80fb-5ca88de5e2f0-impl-thread1] INFO  server.RaftServer$Division (RaftServerImpl.java:start(405)) - 1c036820-4dbe-4abe-80fb-5ca88de5e2f0@group-5E2F154B5BDB: start as a follower, conf=conf: {index: 0, cur=peers:[4d8a2798-959e-416b-b534-19c13b55a760|127.0.0.1:15023, 1c036820-4dbe-4abe-80fb-5ca88de5e2f0|127.0.0.1:15015, 40df8fc4-149d-40c0-897d-2844034d8141|127.0.0.1:15031]|listeners:[], old=null}
2025-10-22 08:24:24,894 [1c036820-4dbe-4abe-80fb-5ca88de5e2f0-impl-thread1] INFO  server.RaftServer$Division (RaftServerImpl.java:setRole(392)) - 1c036820-4dbe-4abe-80fb-5ca88de5e2f0@group-5E2F154B5BDB: changes role from      null to FOLLOWER at term 1 for startAsFollower
2025-10-22 08:24:24,894 [1c036820-4dbe-4abe-80fb-5ca88de5e2f0-impl-thread1] INFO  impl.RoleInfo (RoleInfo.java:updateAndGet(148)) - 1c036820-4dbe-4abe-80fb-5ca88de5e2f0: start 1c036820-4dbe-4abe-80fb-5ca88de5e2f0@group-5E2F154B5BDB-FollowerState
2025-10-22 08:24:24,895 [1c036820-4dbe-4abe-80fb-5ca88de5e2f0-impl-thread1] INFO  util.JmxRegister (JmxRegister.java:tryRegister(44)) - Successfully registered JMX Bean with object name Ratis:service=RaftServer,group=group-5E2F154B5BDB,id=1c036820-4dbe-4abe-80fb-5ca88de5e2f0
2025-10-22 08:24:24,895 [1c036820-4dbe-4abe-80fb-5ca88de5e2f0-impl-thread1] INFO  util.JmxRegister (JmxRegister.java:register(58)) - register mxBean class org.apache.ratis.server.impl.RaftServerJmxAdapter as Ratis:service=RaftServer,group=group-5E2F154B5BDB,id=1c036820-4dbe-4abe-80fb-5ca88de5e2f0
2025-10-22 08:24:24,897 [1c036820-4dbe-4abe-80fb-5ca88de5e2f0-impl-thread3] INFO  server.RaftServer$Division (RaftServerImpl.java:start(419)) - 1c036820-4dbe-4abe-80fb-5ca88de5e2f0@group-83D1472516EC: Successfully started.
2025-10-22 08:24:24,897 [1c036820-4dbe-4abe-80fb-5ca88de5e2f0-impl-thread2] INFO  server.RaftServer$Division (RaftServerImpl.java:start(419)) - 1c036820-4dbe-4abe-80fb-5ca88de5e2f0@group-C626CE820278: Successfully started.
2025-10-22 08:24:24,897 [1c036820-4dbe-4abe-80fb-5ca88de5e2f0-impl-thread1] INFO  server.RaftServer$Division (RaftServerImpl.java:start(419)) - 1c036820-4dbe-4abe-80fb-5ca88de5e2f0@group-5E2F154B5BDB: Successfully started.
2025-10-22 08:24:24,897 [1c036820-4dbe-4abe-80fb-5ca88de5e2f0-EndpointStateMachineTaskThread-/0.0.0.0:15002-0 ] INFO  server.RaftServer (RaftServerProxy.java:startImpl(412)) - 1c036820-4dbe-4abe-80fb-5ca88de5e2f0: start RPC server
2025-10-22 08:24:24,898 [1c036820-4dbe-4abe-80fb-5ca88de5e2f0-EndpointStateMachineTaskThread-/0.0.0.0:15002-0 ] INFO  server.GrpcServicesImpl (GrpcServicesImpl.java:startImpl(346)) - 1c036820-4dbe-4abe-80fb-5ca88de5e2f0: GrpcServicesImpl started, listening on 15013
2025-10-22 08:24:24,898 [1c036820-4dbe-4abe-80fb-5ca88de5e2f0-EndpointStateMachineTaskThread-/0.0.0.0:15002-0 ] INFO  server.GrpcServicesImpl (GrpcServicesImpl.java:startImpl(346)) - 1c036820-4dbe-4abe-80fb-5ca88de5e2f0: GrpcServicesImpl started, listening on 15015
2025-10-22 08:24:24,899 [1c036820-4dbe-4abe-80fb-5ca88de5e2f0-EndpointStateMachineTaskThread-/0.0.0.0:15002-0 ] INFO  server.GrpcServicesImpl (GrpcServicesImpl.java:startImpl(346)) - 1c036820-4dbe-4abe-80fb-5ca88de5e2f0: GrpcServicesImpl started, listening on 15014
2025-10-22 08:24:24,899 [1c036820-4dbe-4abe-80fb-5ca88de5e2f0-EndpointStateMachineTaskThread-/0.0.0.0:15002-0 ] INFO  ratis.XceiverServerRatis (XceiverServerRatis.java:getRealPort(586)) - XceiverServerRatis(1c036820-4dbe-4abe-80fb-5ca88de5e2f0) is started using port RATIS=15013
2025-10-22 08:24:24,899 [1c036820-4dbe-4abe-80fb-5ca88de5e2f0-EndpointStateMachineTaskThread-/0.0.0.0:15002-0 ] INFO  ratis.XceiverServerRatis (XceiverServerRatis.java:getRealPort(586)) - XceiverServerRatis(1c036820-4dbe-4abe-80fb-5ca88de5e2f0) is started using port RATIS_ADMIN=15014
2025-10-22 08:24:24,899 [1c036820-4dbe-4abe-80fb-5ca88de5e2f0-EndpointStateMachineTaskThread-/0.0.0.0:15002-0 ] INFO  ratis.XceiverServerRatis (XceiverServerRatis.java:getRealPort(586)) - XceiverServerRatis(1c036820-4dbe-4abe-80fb-5ca88de5e2f0) is started using port RATIS_SERVER=15015
2025-10-22 08:24:24,899 [JvmPauseMonitor14] INFO  util.JvmPauseMonitor (JvmPauseMonitor.java:run(146)) - JvmPauseMonitor-1c036820-4dbe-4abe-80fb-5ca88de5e2f0: Started
2025-10-22 08:24:24,899 [1c036820-4dbe-4abe-80fb-5ca88de5e2f0-EndpointStateMachineTaskThread-/0.0.0.0:15002-0 ] INFO  ratis.XceiverServerRatis (XceiverServerRatis.java:getRealPort(586)) - XceiverServerRatis(1c036820-4dbe-4abe-80fb-5ca88de5e2f0) is started using port RATIS_DATASTREAM=15016
2025-10-22 08:24:24,900 [1c036820-4dbe-4abe-80fb-5ca88de5e2f0-EndpointStateMachineTaskThread-/0.0.0.0:15002-0 ] INFO  utils.BackgroundService (BackgroundService.java:start(119)) - Starting service BlockDeletingService with interval 60000 milliseconds
2025-10-22 08:24:24,900 [1c036820-4dbe-4abe-80fb-5ca88de5e2f0-EndpointStateMachineTaskThread-/0.0.0.0:15002-0 ] INFO  utils.BackgroundService (BackgroundService.java:start(119)) - Starting service StaleRecoveringContainerScrubbingService with interval 60000 milliseconds
2025-10-22 08:24:25,518 [40df8fc4-149d-40c0-897d-2844034d8141@group-C626CE820278-FollowerState] INFO  impl.FollowerState (FollowerState.java:runImpl(161)) - 40df8fc4-149d-40c0-897d-2844034d8141@group-C626CE820278-FollowerState: change to CANDIDATE, lastRpcElapsedTime:1032320006ns, electionTimeout:1032ms
2025-10-22 08:24:25,519 [40df8fc4-149d-40c0-897d-2844034d8141@group-C626CE820278-FollowerState] INFO  impl.RoleInfo (RoleInfo.java:shutdownFollowerState(121)) - 40df8fc4-149d-40c0-897d-2844034d8141: shutdown 40df8fc4-149d-40c0-897d-2844034d8141@group-C626CE820278-FollowerState
2025-10-22 08:24:25,519 [40df8fc4-149d-40c0-897d-2844034d8141@group-C626CE820278-FollowerState] INFO  server.RaftServer$Division (RaftServerImpl.java:setRole(392)) - 40df8fc4-149d-40c0-897d-2844034d8141@group-C626CE820278: changes role from  FOLLOWER to CANDIDATE at term 1 for changeToCandidate
2025-10-22 08:24:25,519 [40df8fc4-149d-40c0-897d-2844034d8141@group-C626CE820278-FollowerState] INFO  impl.RoleInfo (RoleInfo.java:updateAndGet(148)) - 40df8fc4-149d-40c0-897d-2844034d8141: start 40df8fc4-149d-40c0-897d-2844034d8141@group-C626CE820278-LeaderElection76
2025-10-22 08:24:25,519 [40df8fc4-149d-40c0-897d-2844034d8141@group-C626CE820278-LeaderElection76] INFO  impl.LeaderElection (LeaderElection.java:askForVotes(448)) - 40df8fc4-149d-40c0-897d-2844034d8141@group-C626CE820278-LeaderElection76 PRE_VOTE round 0: submit vote requests at term 1 for conf: {index: 0, cur=peers:[4d8a2798-959e-416b-b534-19c13b55a760|127.0.0.1:15023, 1c036820-4dbe-4abe-80fb-5ca88de5e2f0|127.0.0.1:15015, 40df8fc4-149d-40c0-897d-2844034d8141|127.0.0.1:15031]|listeners:[], old=null}
2025-10-22 08:24:25,520 [40df8fc4-149d-40c0-897d-2844034d8141@group-C626CE820278-LeaderElection76] INFO  impl.LeaderElection (LogUtils.java:infoOrTrace(142)) - 40df8fc4-149d-40c0-897d-2844034d8141@group-C626CE820278-LeaderElection76 got exception when requesting votes: java.util.concurrent.ExecutionException: org.apache.ratis.thirdparty.io.grpc.StatusRuntimeException: UNAVAILABLE: io exception
2025-10-22 08:24:25,520 [40df8fc4-149d-40c0-897d-2844034d8141@group-C626CE820278-LeaderElection76] INFO  impl.LeaderElection (LogUtils.java:infoOrTrace(142)) - 40df8fc4-149d-40c0-897d-2844034d8141@group-C626CE820278-LeaderElection76 got exception when requesting votes: java.util.concurrent.ExecutionException: org.apache.ratis.thirdparty.io.grpc.StatusRuntimeException: UNAVAILABLE: io exception
2025-10-22 08:24:25,520 [40df8fc4-149d-40c0-897d-2844034d8141@group-C626CE820278-LeaderElection76] INFO  impl.LeaderElection (LeaderElection.java:logAndReturn(206)) - 40df8fc4-149d-40c0-897d-2844034d8141@group-C626CE820278-LeaderElection76: PRE_VOTE REJECTED received 0 response(s) and 2 exception(s):
2025-10-22 08:24:25,520 [40df8fc4-149d-40c0-897d-2844034d8141@group-C626CE820278-LeaderElection76] INFO  impl.LeaderElection (LogUtils.java:infoOrTrace(142)) -   Exception 0: java.util.concurrent.ExecutionException: org.apache.ratis.thirdparty.io.grpc.StatusRuntimeException: UNAVAILABLE: io exception
2025-10-22 08:24:25,520 [40df8fc4-149d-40c0-897d-2844034d8141@group-C626CE820278-LeaderElection76] INFO  impl.LeaderElection (LogUtils.java:infoOrTrace(142)) -   Exception 1: java.util.concurrent.ExecutionException: org.apache.ratis.thirdparty.io.grpc.StatusRuntimeException: UNAVAILABLE: io exception
2025-10-22 08:24:25,520 [40df8fc4-149d-40c0-897d-2844034d8141@group-C626CE820278-LeaderElection76] INFO  impl.LeaderElection (LeaderElection.java:askForVotes(450)) - 40df8fc4-149d-40c0-897d-2844034d8141@group-C626CE820278-LeaderElection76 PRE_VOTE round 0: result REJECTED
2025-10-22 08:24:25,520 [40df8fc4-149d-40c0-897d-2844034d8141@group-C626CE820278-LeaderElection76] INFO  server.RaftServer$Division (RaftServerImpl.java:setRole(392)) - 40df8fc4-149d-40c0-897d-2844034d8141@group-C626CE820278: changes role from CANDIDATE to FOLLOWER at term 1 for REJECTED
2025-10-22 08:24:25,520 [40df8fc4-149d-40c0-897d-2844034d8141@group-C626CE820278-LeaderElection76] INFO  impl.RoleInfo (RoleInfo.java:shutdownLeaderElection(141)) - 40df8fc4-149d-40c0-897d-2844034d8141: shutdown 40df8fc4-149d-40c0-897d-2844034d8141@group-C626CE820278-LeaderElection76
2025-10-22 08:24:25,520 [40df8fc4-149d-40c0-897d-2844034d8141@group-C626CE820278-LeaderElection76] INFO  impl.RoleInfo (RoleInfo.java:updateAndGet(148)) - 40df8fc4-149d-40c0-897d-2844034d8141: start 40df8fc4-149d-40c0-897d-2844034d8141@group-C626CE820278-FollowerState
2025-10-22 08:24:25,554 [40df8fc4-149d-40c0-897d-2844034d8141@group-5E2F154B5BDB-FollowerState] INFO  impl.FollowerState (FollowerState.java:runImpl(161)) - 40df8fc4-149d-40c0-897d-2844034d8141@group-5E2F154B5BDB-FollowerState: change to CANDIDATE, lastRpcElapsedTime:1049293663ns, electionTimeout:1049ms
2025-10-22 08:24:25,554 [40df8fc4-149d-40c0-897d-2844034d8141@group-5E2F154B5BDB-FollowerState] INFO  impl.RoleInfo (RoleInfo.java:shutdownFollowerState(121)) - 40df8fc4-149d-40c0-897d-2844034d8141: shutdown 40df8fc4-149d-40c0-897d-2844034d8141@group-5E2F154B5BDB-FollowerState
2025-10-22 08:24:25,554 [40df8fc4-149d-40c0-897d-2844034d8141@group-5E2F154B5BDB-FollowerState] INFO  server.RaftServer$Division (RaftServerImpl.java:setRole(392)) - 40df8fc4-149d-40c0-897d-2844034d8141@group-5E2F154B5BDB: changes role from  FOLLOWER to CANDIDATE at term 1 for changeToCandidate
2025-10-22 08:24:25,554 [40df8fc4-149d-40c0-897d-2844034d8141@group-5E2F154B5BDB-FollowerState] INFO  impl.RoleInfo (RoleInfo.java:updateAndGet(148)) - 40df8fc4-149d-40c0-897d-2844034d8141: start 40df8fc4-149d-40c0-897d-2844034d8141@group-5E2F154B5BDB-LeaderElection77
2025-10-22 08:24:25,554 [40df8fc4-149d-40c0-897d-2844034d8141@group-5E2F154B5BDB-LeaderElection77] INFO  impl.LeaderElection (LeaderElection.java:askForVotes(448)) - 40df8fc4-149d-40c0-897d-2844034d8141@group-5E2F154B5BDB-LeaderElection77 PRE_VOTE round 0: submit vote requests at term 1 for conf: {index: 0, cur=peers:[4d8a2798-959e-416b-b534-19c13b55a760|127.0.0.1:15023, 1c036820-4dbe-4abe-80fb-5ca88de5e2f0|127.0.0.1:15015, 40df8fc4-149d-40c0-897d-2844034d8141|127.0.0.1:15031]|listeners:[], old=null}
2025-10-22 08:24:25,555 [40df8fc4-149d-40c0-897d-2844034d8141@group-5E2F154B5BDB-LeaderElection77] INFO  impl.LeaderElection (LogUtils.java:infoOrTrace(142)) - 40df8fc4-149d-40c0-897d-2844034d8141@group-5E2F154B5BDB-LeaderElection77 got exception when requesting votes: java.util.concurrent.ExecutionException: org.apache.ratis.thirdparty.io.grpc.StatusRuntimeException: UNAVAILABLE: io exception
2025-10-22 08:24:25,555 [40df8fc4-149d-40c0-897d-2844034d8141@group-5E2F154B5BDB-LeaderElection77] INFO  impl.LeaderElection (LogUtils.java:infoOrTrace(142)) - 40df8fc4-149d-40c0-897d-2844034d8141@group-5E2F154B5BDB-LeaderElection77 got exception when requesting votes: java.util.concurrent.ExecutionException: org.apache.ratis.thirdparty.io.grpc.StatusRuntimeException: UNAVAILABLE: io exception
2025-10-22 08:24:25,555 [40df8fc4-149d-40c0-897d-2844034d8141@group-5E2F154B5BDB-LeaderElection77] INFO  impl.LeaderElection (LeaderElection.java:logAndReturn(206)) - 40df8fc4-149d-40c0-897d-2844034d8141@group-5E2F154B5BDB-LeaderElection77: PRE_VOTE REJECTED received 0 response(s) and 2 exception(s):
2025-10-22 08:24:25,555 [40df8fc4-149d-40c0-897d-2844034d8141@group-5E2F154B5BDB-LeaderElection77] INFO  impl.LeaderElection (LogUtils.java:infoOrTrace(142)) -   Exception 0: java.util.concurrent.ExecutionException: org.apache.ratis.thirdparty.io.grpc.StatusRuntimeException: UNAVAILABLE: io exception
2025-10-22 08:24:25,555 [40df8fc4-149d-40c0-897d-2844034d8141@group-5E2F154B5BDB-LeaderElection77] INFO  impl.LeaderElection (LogUtils.java:infoOrTrace(142)) -   Exception 1: java.util.concurrent.ExecutionException: org.apache.ratis.thirdparty.io.grpc.StatusRuntimeException: UNAVAILABLE: io exception
2025-10-22 08:24:25,555 [40df8fc4-149d-40c0-897d-2844034d8141@group-5E2F154B5BDB-LeaderElection77] INFO  impl.LeaderElection (LeaderElection.java:askForVotes(450)) - 40df8fc4-149d-40c0-897d-2844034d8141@group-5E2F154B5BDB-LeaderElection77 PRE_VOTE round 0: result REJECTED
2025-10-22 08:24:25,555 [40df8fc4-149d-40c0-897d-2844034d8141@group-5E2F154B5BDB-LeaderElection77] INFO  server.RaftServer$Division (RaftServerImpl.java:setRole(392)) - 40df8fc4-149d-40c0-897d-2844034d8141@group-5E2F154B5BDB: changes role from CANDIDATE to FOLLOWER at term 1 for REJECTED
2025-10-22 08:24:25,555 [40df8fc4-149d-40c0-897d-2844034d8141@group-5E2F154B5BDB-LeaderElection77] INFO  impl.RoleInfo (RoleInfo.java:shutdownLeaderElection(141)) - 40df8fc4-149d-40c0-897d-2844034d8141: shutdown 40df8fc4-149d-40c0-897d-2844034d8141@group-5E2F154B5BDB-LeaderElection77
2025-10-22 08:24:25,555 [40df8fc4-149d-40c0-897d-2844034d8141@group-5E2F154B5BDB-LeaderElection77] INFO  impl.RoleInfo (RoleInfo.java:updateAndGet(148)) - 40df8fc4-149d-40c0-897d-2844034d8141: start 40df8fc4-149d-40c0-897d-2844034d8141@group-5E2F154B5BDB-FollowerState
2025-10-22 08:24:25,706 [4d8a2798-959e-416b-b534-19c13b55a760@group-C626CE820278-FollowerState] INFO  impl.FollowerState (FollowerState.java:runImpl(161)) - 4d8a2798-959e-416b-b534-19c13b55a760@group-C626CE820278-FollowerState: change to CANDIDATE, lastRpcElapsedTime:1086982566ns, electionTimeout:1086ms
2025-10-22 08:24:25,707 [4d8a2798-959e-416b-b534-19c13b55a760@group-C626CE820278-FollowerState] INFO  impl.RoleInfo (RoleInfo.java:shutdownFollowerState(121)) - 4d8a2798-959e-416b-b534-19c13b55a760: shutdown 4d8a2798-959e-416b-b534-19c13b55a760@group-C626CE820278-FollowerState
2025-10-22 08:24:25,707 [4d8a2798-959e-416b-b534-19c13b55a760@group-C626CE820278-FollowerState] INFO  server.RaftServer$Division (RaftServerImpl.java:setRole(392)) - 4d8a2798-959e-416b-b534-19c13b55a760@group-C626CE820278: changes role from  FOLLOWER to CANDIDATE at term 1 for changeToCandidate
2025-10-22 08:24:25,707 [4d8a2798-959e-416b-b534-19c13b55a760@group-C626CE820278-FollowerState] INFO  impl.RoleInfo (RoleInfo.java:updateAndGet(148)) - 4d8a2798-959e-416b-b534-19c13b55a760: start 4d8a2798-959e-416b-b534-19c13b55a760@group-C626CE820278-LeaderElection78
2025-10-22 08:24:25,707 [4d8a2798-959e-416b-b534-19c13b55a760@group-C626CE820278-LeaderElection78] INFO  impl.LeaderElection (LeaderElection.java:askForVotes(448)) - 4d8a2798-959e-416b-b534-19c13b55a760@group-C626CE820278-LeaderElection78 PRE_VOTE round 0: submit vote requests at term 1 for conf: {index: 0, cur=peers:[4d8a2798-959e-416b-b534-19c13b55a760|127.0.0.1:15023, 1c036820-4dbe-4abe-80fb-5ca88de5e2f0|127.0.0.1:15015, 40df8fc4-149d-40c0-897d-2844034d8141|127.0.0.1:15031]|listeners:[], old=null}
2025-10-22 08:24:25,708 [4d8a2798-959e-416b-b534-19c13b55a760@group-C626CE820278-LeaderElection78-1] INFO  server.GrpcServerProtocolClient (GrpcServerProtocolClient.java:<init>(65)) - Build channel for 1c036820-4dbe-4abe-80fb-5ca88de5e2f0|127.0.0.1:15015
2025-10-22 08:24:25,708 [4d8a2798-959e-416b-b534-19c13b55a760@group-C626CE820278-LeaderElection78-2] INFO  server.GrpcServerProtocolClient (GrpcServerProtocolClient.java:<init>(65)) - Build channel for 40df8fc4-149d-40c0-897d-2844034d8141|127.0.0.1:15031
2025-10-22 08:24:25,712 [grpc-default-executor-3] INFO  server.RaftServer$Division (RaftServerImpl.java:requestVote(1421)) - 1c036820-4dbe-4abe-80fb-5ca88de5e2f0@group-C626CE820278: receive requestVote(PRE_VOTE, 4d8a2798-959e-416b-b534-19c13b55a760, group-C626CE820278, 1, (t:1, i:4))
2025-10-22 08:24:25,712 [grpc-default-executor-3] INFO  impl.VoteContext (VoteContext.java:log(49)) - 1c036820-4dbe-4abe-80fb-5ca88de5e2f0@group-C626CE820278-FOLLOWER: accept PRE_VOTE from 4d8a2798-959e-416b-b534-19c13b55a760: our priority 0 <= candidate's priority 0
2025-10-22 08:24:25,712 [grpc-default-executor-3] INFO  server.RaftServer$Division (RaftServerImpl.java:requestVote(1455)) - 1c036820-4dbe-4abe-80fb-5ca88de5e2f0@group-C626CE820278 replies to PRE_VOTE vote request: 4d8a2798-959e-416b-b534-19c13b55a760<-1c036820-4dbe-4abe-80fb-5ca88de5e2f0#0:OK-t1-last:(t:1, i:4). Peer's state: 1c036820-4dbe-4abe-80fb-5ca88de5e2f0@group-C626CE820278:t1, leader=null, voted=40df8fc4-149d-40c0-897d-2844034d8141, raftlog=Memoized:1c036820-4dbe-4abe-80fb-5ca88de5e2f0@group-C626CE820278-SegmentedRaftLog:OPENED:c4:last(t:1, i:4), conf=conf: {index: 0, cur=peers:[4d8a2798-959e-416b-b534-19c13b55a760|127.0.0.1:15023, 1c036820-4dbe-4abe-80fb-5ca88de5e2f0|127.0.0.1:15015, 40df8fc4-149d-40c0-897d-2844034d8141|127.0.0.1:15031]|listeners:[], old=null}
2025-10-22 08:24:25,712 [grpc-default-executor-1] INFO  server.RaftServer$Division (RaftServerImpl.java:requestVote(1421)) - 40df8fc4-149d-40c0-897d-2844034d8141@group-C626CE820278: receive requestVote(PRE_VOTE, 4d8a2798-959e-416b-b534-19c13b55a760, group-C626CE820278, 1, (t:1, i:4))
2025-10-22 08:24:25,712 [grpc-default-executor-1] INFO  impl.VoteContext (VoteContext.java:log(49)) - 40df8fc4-149d-40c0-897d-2844034d8141@group-C626CE820278-FOLLOWER: reject PRE_VOTE from 4d8a2798-959e-416b-b534-19c13b55a760: our priority 1 > candidate's priority 0
2025-10-22 08:24:25,712 [grpc-default-executor-1] INFO  server.RaftServer$Division (RaftServerImpl.java:requestVote(1455)) - 40df8fc4-149d-40c0-897d-2844034d8141@group-C626CE820278 replies to PRE_VOTE vote request: 4d8a2798-959e-416b-b534-19c13b55a760<-40df8fc4-149d-40c0-897d-2844034d8141#0:FAIL-t1-last:(t:1, i:4). Peer's state: 40df8fc4-149d-40c0-897d-2844034d8141@group-C626CE820278:t1, leader=null, voted=40df8fc4-149d-40c0-897d-2844034d8141, raftlog=Memoized:40df8fc4-149d-40c0-897d-2844034d8141@group-C626CE820278-SegmentedRaftLog:OPENED:c4:last(t:1, i:4), conf=conf: {index: 0, cur=peers:[4d8a2798-959e-416b-b534-19c13b55a760|127.0.0.1:15023, 1c036820-4dbe-4abe-80fb-5ca88de5e2f0|127.0.0.1:15015, 40df8fc4-149d-40c0-897d-2844034d8141|127.0.0.1:15031]|listeners:[], old=null}
2025-10-22 08:24:25,713 [4d8a2798-959e-416b-b534-19c13b55a760@group-C626CE820278-LeaderElection78] INFO  impl.LeaderElection (LeaderElection.java:logAndReturn(206)) - 4d8a2798-959e-416b-b534-19c13b55a760@group-C626CE820278-LeaderElection78: PRE_VOTE REJECTED received 2 response(s) and 0 exception(s):
2025-10-22 08:24:25,713 [4d8a2798-959e-416b-b534-19c13b55a760@group-C626CE820278-LeaderElection78] INFO  impl.LeaderElection (LeaderElection.java:logAndReturn(210)) -   Response 0: 4d8a2798-959e-416b-b534-19c13b55a760<-1c036820-4dbe-4abe-80fb-5ca88de5e2f0#0:OK-t1-last:(t:1, i:4)
2025-10-22 08:24:25,713 [4d8a2798-959e-416b-b534-19c13b55a760@group-C626CE820278-LeaderElection78] INFO  impl.LeaderElection (LeaderElection.java:logAndReturn(210)) -   Response 1: 4d8a2798-959e-416b-b534-19c13b55a760<-40df8fc4-149d-40c0-897d-2844034d8141#0:FAIL-t1-last:(t:1, i:4)
2025-10-22 08:24:25,713 [4d8a2798-959e-416b-b534-19c13b55a760@group-C626CE820278-LeaderElection78] INFO  impl.LeaderElection (LeaderElection.java:askForVotes(450)) - 4d8a2798-959e-416b-b534-19c13b55a760@group-C626CE820278-LeaderElection78 PRE_VOTE round 0: result REJECTED
2025-10-22 08:24:25,713 [4d8a2798-959e-416b-b534-19c13b55a760@group-C626CE820278-LeaderElection78] INFO  server.RaftServer$Division (RaftServerImpl.java:setRole(392)) - 4d8a2798-959e-416b-b534-19c13b55a760@group-C626CE820278: changes role from CANDIDATE to FOLLOWER at term 1 for REJECTED
2025-10-22 08:24:25,713 [4d8a2798-959e-416b-b534-19c13b55a760@group-C626CE820278-LeaderElection78] INFO  impl.RoleInfo (RoleInfo.java:shutdownLeaderElection(141)) - 4d8a2798-959e-416b-b534-19c13b55a760: shutdown 4d8a2798-959e-416b-b534-19c13b55a760@group-C626CE820278-LeaderElection78
2025-10-22 08:24:25,713 [4d8a2798-959e-416b-b534-19c13b55a760@group-C626CE820278-LeaderElection78] INFO  impl.RoleInfo (RoleInfo.java:updateAndGet(148)) - 4d8a2798-959e-416b-b534-19c13b55a760: start 4d8a2798-959e-416b-b534-19c13b55a760@group-C626CE820278-FollowerState
2025-10-22 08:24:25,714 [4d8a2798-959e-416b-b534-19c13b55a760@group-C626CE820278-LeaderElection78] INFO  server.RaftServer$Division (RaftServerImpl.java:setFirstElection(576)) - 4d8a2798-959e-416b-b534-19c13b55a760@group-C626CE820278: set firstElectionSinceStartup to false for REJECTED
2025-10-22 08:24:25,775 [4d8a2798-959e-416b-b534-19c13b55a760@group-C080F8B16968-FollowerState] INFO  impl.FollowerState (FollowerState.java:runImpl(161)) - 4d8a2798-959e-416b-b534-19c13b55a760@group-C080F8B16968-FollowerState: change to CANDIDATE, lastRpcElapsedTime:1155815484ns, electionTimeout:1155ms
2025-10-22 08:24:25,775 [4d8a2798-959e-416b-b534-19c13b55a760@group-C080F8B16968-FollowerState] INFO  impl.RoleInfo (RoleInfo.java:shutdownFollowerState(121)) - 4d8a2798-959e-416b-b534-19c13b55a760: shutdown 4d8a2798-959e-416b-b534-19c13b55a760@group-C080F8B16968-FollowerState
2025-10-22 08:24:25,775 [4d8a2798-959e-416b-b534-19c13b55a760@group-C080F8B16968-FollowerState] INFO  server.RaftServer$Division (RaftServerImpl.java:setRole(392)) - 4d8a2798-959e-416b-b534-19c13b55a760@group-C080F8B16968: changes role from  FOLLOWER to CANDIDATE at term 1 for changeToCandidate
2025-10-22 08:24:25,775 [4d8a2798-959e-416b-b534-19c13b55a760@group-C080F8B16968-FollowerState] INFO  impl.RoleInfo (RoleInfo.java:updateAndGet(148)) - 4d8a2798-959e-416b-b534-19c13b55a760: start 4d8a2798-959e-416b-b534-19c13b55a760@group-C080F8B16968-LeaderElection79
2025-10-22 08:24:25,776 [4d8a2798-959e-416b-b534-19c13b55a760@group-C080F8B16968-LeaderElection79] INFO  impl.LeaderElection (LeaderElection.java:askForVotes(448)) - 4d8a2798-959e-416b-b534-19c13b55a760@group-C080F8B16968-LeaderElection79 PRE_VOTE round 0: submit vote requests at term 1 for conf: {index: 0, cur=peers:[4d8a2798-959e-416b-b534-19c13b55a760|127.0.0.1:15023]|listeners:[], old=null}
2025-10-22 08:24:25,776 [4d8a2798-959e-416b-b534-19c13b55a760@group-C080F8B16968-LeaderElection79] INFO  impl.LeaderElection (LeaderElection.java:askForVotes(450)) - 4d8a2798-959e-416b-b534-19c13b55a760@group-C080F8B16968-LeaderElection79 PRE_VOTE round 0: result PASSED (term=1)
2025-10-22 08:24:25,777 [4d8a2798-959e-416b-b534-19c13b55a760@group-C080F8B16968-LeaderElection79] INFO  impl.LeaderElection (LeaderElection.java:askForVotes(448)) - 4d8a2798-959e-416b-b534-19c13b55a760@group-C080F8B16968-LeaderElection79 ELECTION round 0: submit vote requests at term 2 for conf: {index: 0, cur=peers:[4d8a2798-959e-416b-b534-19c13b55a760|127.0.0.1:15023]|listeners:[], old=null}
2025-10-22 08:24:25,777 [4d8a2798-959e-416b-b534-19c13b55a760@group-C080F8B16968-LeaderElection79] INFO  impl.LeaderElection (LeaderElection.java:askForVotes(450)) - 4d8a2798-959e-416b-b534-19c13b55a760@group-C080F8B16968-LeaderElection79 ELECTION round 0: result PASSED (term=2)
2025-10-22 08:24:25,777 [4d8a2798-959e-416b-b534-19c13b55a760@group-C080F8B16968-LeaderElection79] INFO  impl.RoleInfo (RoleInfo.java:shutdownLeaderElection(141)) - 4d8a2798-959e-416b-b534-19c13b55a760: shutdown 4d8a2798-959e-416b-b534-19c13b55a760@group-C080F8B16968-LeaderElection79
2025-10-22 08:24:25,777 [4d8a2798-959e-416b-b534-19c13b55a760@group-C080F8B16968-LeaderElection79] INFO  server.RaftServer$Division (RaftServerImpl.java:setRole(392)) - 4d8a2798-959e-416b-b534-19c13b55a760@group-C080F8B16968: changes role from CANDIDATE to LEADER at term 2 for changeToLeader
2025-10-22 08:24:25,777 [4d8a2798-959e-416b-b534-19c13b55a760@group-C080F8B16968-LeaderElection79] INFO  server.RaftServerConfigKeys (ConfUtils.java:logFallback(69)) - raft.server.staging.timeout = 3600ms (fallback to raft.server.rpc.timeout.max)
2025-10-22 08:24:25,777 [4d8a2798-959e-416b-b534-19c13b55a760@group-C080F8B16968-LeaderElection79] INFO  server.RaftServerConfigKeys (ConfUtils.java:logGet(62)) - raft.server.write.byte-limit = 1024 M (=1073741824) (custom)
2025-10-22 08:24:25,778 [4d8a2798-959e-416b-b534-19c13b55a760@group-5E2F154B5BDB-FollowerState] INFO  impl.FollowerState (FollowerState.java:runImpl(161)) - 4d8a2798-959e-416b-b534-19c13b55a760@group-5E2F154B5BDB-FollowerState: change to CANDIDATE, lastRpcElapsedTime:1158753075ns, electionTimeout:1158ms
2025-10-22 08:24:25,778 [4d8a2798-959e-416b-b534-19c13b55a760@group-5E2F154B5BDB-FollowerState] INFO  impl.RoleInfo (RoleInfo.java:shutdownFollowerState(121)) - 4d8a2798-959e-416b-b534-19c13b55a760: shutdown 4d8a2798-959e-416b-b534-19c13b55a760@group-5E2F154B5BDB-FollowerState
2025-10-22 08:24:25,778 [4d8a2798-959e-416b-b534-19c13b55a760@group-5E2F154B5BDB-FollowerState] INFO  server.RaftServer$Division (RaftServerImpl.java:setRole(392)) - 4d8a2798-959e-416b-b534-19c13b55a760@group-5E2F154B5BDB: changes role from  FOLLOWER to CANDIDATE at term 1 for changeToCandidate
2025-10-22 08:24:25,778 [4d8a2798-959e-416b-b534-19c13b55a760@group-5E2F154B5BDB-FollowerState] INFO  impl.RoleInfo (RoleInfo.java:updateAndGet(148)) - 4d8a2798-959e-416b-b534-19c13b55a760: start 4d8a2798-959e-416b-b534-19c13b55a760@group-5E2F154B5BDB-LeaderElection80
2025-10-22 08:24:25,778 [4d8a2798-959e-416b-b534-19c13b55a760@group-C080F8B16968-LeaderElection79] INFO  impl.RoleInfo (RoleInfo.java:updateAndGet(148)) - 4d8a2798-959e-416b-b534-19c13b55a760: start 4d8a2798-959e-416b-b534-19c13b55a760@group-C080F8B16968-LeaderStateImpl
2025-10-22 08:24:25,778 [4d8a2798-959e-416b-b534-19c13b55a760@group-5E2F154B5BDB-LeaderElection80] INFO  impl.LeaderElection (LeaderElection.java:askForVotes(448)) - 4d8a2798-959e-416b-b534-19c13b55a760@group-5E2F154B5BDB-LeaderElection80 PRE_VOTE round 0: submit vote requests at term 1 for conf: {index: 0, cur=peers:[4d8a2798-959e-416b-b534-19c13b55a760|127.0.0.1:15023, 1c036820-4dbe-4abe-80fb-5ca88de5e2f0|127.0.0.1:15015, 40df8fc4-149d-40c0-897d-2844034d8141|127.0.0.1:15031]|listeners:[], old=null}
2025-10-22 08:24:25,778 [4d8a2798-959e-416b-b534-19c13b55a760@group-C080F8B16968-LeaderElection79] INFO  server.RaftServer$Division (RaftServerImpl.java:setFirstElection(576)) - 4d8a2798-959e-416b-b534-19c13b55a760@group-C080F8B16968: set firstElectionSinceStartup to false for becomeLeader
2025-10-22 08:24:25,780 [4d8a2798-959e-416b-b534-19c13b55a760@group-C080F8B16968-LeaderElection79] INFO  ratis.XceiverServerRatis (XceiverServerRatis.java:handleLeaderChangedNotification(940)) - Leader change notification received for group: group-C080F8B16968 with new leaderId: 4d8a2798-959e-416b-b534-19c13b55a760
2025-10-22 08:24:25,780 [4d8a2798-959e-416b-b534-19c13b55a760@group-C080F8B16968-LeaderElection79] INFO  server.RaftServer$Division (ServerState.java:setLeader(272)) - 4d8a2798-959e-416b-b534-19c13b55a760@group-C080F8B16968: change Leader from null to 4d8a2798-959e-416b-b534-19c13b55a760 at term 2 for becomeLeader, leader elected after 1874ms
2025-10-22 08:24:25,780 [grpc-default-executor-3] INFO  server.RaftServer$Division (RaftServerImpl.java:requestVote(1421)) - 40df8fc4-149d-40c0-897d-2844034d8141@group-5E2F154B5BDB: receive requestVote(PRE_VOTE, 4d8a2798-959e-416b-b534-19c13b55a760, group-5E2F154B5BDB, 1, (t:1, i:0))
2025-10-22 08:24:25,780 [4d8a2798-959e-416b-b534-19c13b55a760@group-C080F8B16968-LeaderElection79] INFO  segmented.SegmentedRaftLogWorker (SegmentedRaftLogWorker.java:rollLogSegment(445)) - 4d8a2798-959e-416b-b534-19c13b55a760@group-C080F8B16968-SegmentedRaftLogWorker: Rolling segment log-0_0 to index:0
2025-10-22 08:24:25,780 [4d8a2798-959e-416b-b534-19c13b55a760@group-C080F8B16968-LeaderElection79] INFO  server.RaftServer$Division (ServerState.java:setRaftConf(386)) - 4d8a2798-959e-416b-b534-19c13b55a760@group-C080F8B16968: set configuration conf: {index: 1, cur=peers:[4d8a2798-959e-416b-b534-19c13b55a760|127.0.0.1:15023]|listeners:[], old=null}
2025-10-22 08:24:25,781 [4d8a2798-959e-416b-b534-19c13b55a760@group-C080F8B16968-SegmentedRaftLogWorker] INFO  segmented.SegmentedRaftLogWorker (SegmentedRaftLogWorker.java:execute(604)) - 4d8a2798-959e-416b-b534-19c13b55a760@group-C080F8B16968-SegmentedRaftLogWorker: Rolled log segment from /home/runner/work/ozone/ozone/hadoop-ozone/integration-test/target/test-dir/MiniOzoneClusterImpl-a412b9f6-7d8b-4de3-a85c-9946bceaa3a0/ozone-metadata/datanode-2/ratis/0ab6beb1-ecd4-4a22-8092-c080f8b16968/current/log_inprogress_0 to /home/runner/work/ozone/ozone/hadoop-ozone/integration-test/target/test-dir/MiniOzoneClusterImpl-a412b9f6-7d8b-4de3-a85c-9946bceaa3a0/ozone-metadata/datanode-2/ratis/0ab6beb1-ecd4-4a22-8092-c080f8b16968/current/log_0-0
2025-10-22 08:24:25,780 [grpc-default-executor-3] INFO  impl.VoteContext (VoteContext.java:log(49)) - 40df8fc4-149d-40c0-897d-2844034d8141@group-5E2F154B5BDB-FOLLOWER: accept PRE_VOTE from 4d8a2798-959e-416b-b534-19c13b55a760: our priority 0 <= candidate's priority 0
2025-10-22 08:24:25,781 [grpc-default-executor-3] INFO  server.RaftServer$Division (RaftServerImpl.java:requestVote(1455)) - 40df8fc4-149d-40c0-897d-2844034d8141@group-5E2F154B5BDB replies to PRE_VOTE vote request: 4d8a2798-959e-416b-b534-19c13b55a760<-40df8fc4-149d-40c0-897d-2844034d8141#0:OK-t1-last:(t:1, i:0). Peer's state: 40df8fc4-149d-40c0-897d-2844034d8141@group-5E2F154B5BDB:t1, leader=null, voted=1c036820-4dbe-4abe-80fb-5ca88de5e2f0, raftlog=Memoized:40df8fc4-149d-40c0-897d-2844034d8141@group-5E2F154B5BDB-SegmentedRaftLog:OPENED:c0:last(t:1, i:0), conf=conf: {index: 0, cur=peers:[4d8a2798-959e-416b-b534-19c13b55a760|127.0.0.1:15023, 1c036820-4dbe-4abe-80fb-5ca88de5e2f0|127.0.0.1:15015, 40df8fc4-149d-40c0-897d-2844034d8141|127.0.0.1:15031]|listeners:[], old=null}
2025-10-22 08:24:25,780 [grpc-default-executor-1] INFO  server.RaftServer$Division (RaftServerImpl.java:requestVote(1421)) - 1c036820-4dbe-4abe-80fb-5ca88de5e2f0@group-5E2F154B5BDB: receive requestVote(PRE_VOTE, 4d8a2798-959e-416b-b534-19c13b55a760, group-5E2F154B5BDB, 1, (t:1, i:0))
2025-10-22 08:24:25,782 [grpc-default-executor-1] INFO  impl.VoteContext (VoteContext.java:log(49)) - 1c036820-4dbe-4abe-80fb-5ca88de5e2f0@group-5E2F154B5BDB-FOLLOWER: reject PRE_VOTE from 4d8a2798-959e-416b-b534-19c13b55a760: our priority 1 > candidate's priority 0
2025-10-22 08:24:25,782 [grpc-default-executor-1] INFO  server.RaftServer$Division (RaftServerImpl.java:requestVote(1455)) - 1c036820-4dbe-4abe-80fb-5ca88de5e2f0@group-5E2F154B5BDB replies to PRE_VOTE vote request: 4d8a2798-959e-416b-b534-19c13b55a760<-1c036820-4dbe-4abe-80fb-5ca88de5e2f0#0:FAIL-t1-last:(t:1, i:0). Peer's state: 1c036820-4dbe-4abe-80fb-5ca88de5e2f0@group-5E2F154B5BDB:t1, leader=null, voted=1c036820-4dbe-4abe-80fb-5ca88de5e2f0, raftlog=Memoized:1c036820-4dbe-4abe-80fb-5ca88de5e2f0@group-5E2F154B5BDB-SegmentedRaftLog:OPENED:c0:last(t:1, i:0), conf=conf: {index: 0, cur=peers:[4d8a2798-959e-416b-b534-19c13b55a760|127.0.0.1:15023, 1c036820-4dbe-4abe-80fb-5ca88de5e2f0|127.0.0.1:15015, 40df8fc4-149d-40c0-897d-2844034d8141|127.0.0.1:15031]|listeners:[], old=null}
2025-10-22 08:24:25,781 [4d8a2798-959e-416b-b534-19c13b55a760@group-C080F8B16968-SegmentedRaftLogWorker] INFO  segmented.BufferedWriteChannel (BufferedWriteChannel.java:open(61)) - open log_inprogress_1 at position 0
2025-10-22 08:24:25,784 [4d8a2798-959e-416b-b534-19c13b55a760@group-5E2F154B5BDB-LeaderElection80] INFO  impl.LeaderElection (LeaderElection.java:logAndReturn(206)) - 4d8a2798-959e-416b-b534-19c13b55a760@group-5E2F154B5BDB-LeaderElection80: PRE_VOTE REJECTED received 2 response(s) and 0 exception(s):
2025-10-22 08:24:25,784 [4d8a2798-959e-416b-b534-19c13b55a760@group-5E2F154B5BDB-LeaderElection80] INFO  impl.LeaderElection (LeaderElection.java:logAndReturn(210)) -   Response 0: 4d8a2798-959e-416b-b534-19c13b55a760<-1c036820-4dbe-4abe-80fb-5ca88de5e2f0#0:FAIL-t1-last:(t:1, i:0)
2025-10-22 08:24:25,784 [4d8a2798-959e-416b-b534-19c13b55a760@group-5E2F154B5BDB-LeaderElection80] INFO  impl.LeaderElection (LeaderElection.java:logAndReturn(210)) -   Response 1: 4d8a2798-959e-416b-b534-19c13b55a760<-40df8fc4-149d-40c0-897d-2844034d8141#0:OK-t1-last:(t:1, i:0)
2025-10-22 08:24:25,784 [4d8a2798-959e-416b-b534-19c13b55a760@group-5E2F154B5BDB-LeaderElection80] INFO  impl.LeaderElection (LeaderElection.java:askForVotes(450)) - 4d8a2798-959e-416b-b534-19c13b55a760@group-5E2F154B5BDB-LeaderElection80 PRE_VOTE round 0: result REJECTED
2025-10-22 08:24:25,784 [4d8a2798-959e-416b-b534-19c13b55a760@group-5E2F154B5BDB-LeaderElection80] INFO  server.RaftServer$Division (RaftServerImpl.java:setRole(392)) - 4d8a2798-959e-416b-b534-19c13b55a760@group-5E2F154B5BDB: changes role from CANDIDATE to FOLLOWER at term 1 for REJECTED
2025-10-22 08:24:25,784 [4d8a2798-959e-416b-b534-19c13b55a760@group-5E2F154B5BDB-LeaderElection80] INFO  impl.RoleInfo (RoleInfo.java:shutdownLeaderElection(141)) - 4d8a2798-959e-416b-b534-19c13b55a760: shutdown 4d8a2798-959e-416b-b534-19c13b55a760@group-5E2F154B5BDB-LeaderElection80
2025-10-22 08:24:25,784 [4d8a2798-959e-416b-b534-19c13b55a760@group-5E2F154B5BDB-LeaderElection80] INFO  impl.RoleInfo (RoleInfo.java:updateAndGet(148)) - 4d8a2798-959e-416b-b534-19c13b55a760: start 4d8a2798-959e-416b-b534-19c13b55a760@group-5E2F154B5BDB-FollowerState
2025-10-22 08:24:25,785 [4d8a2798-959e-416b-b534-19c13b55a760@group-5E2F154B5BDB-LeaderElection80] INFO  server.RaftServer$Division (RaftServerImpl.java:setFirstElection(576)) - 4d8a2798-959e-416b-b534-19c13b55a760@group-5E2F154B5BDB: set firstElectionSinceStartup to false for REJECTED
2025-10-22 08:24:25,789 [4d8a2798-959e-416b-b534-19c13b55a760@group-C080F8B16968-SegmentedRaftLogWorker] INFO  segmented.SegmentedRaftLogWorker (SegmentedRaftLogWorker.java:execute(647)) - 4d8a2798-959e-416b-b534-19c13b55a760@group-C080F8B16968-SegmentedRaftLogWorker: created new log segment /home/runner/work/ozone/ozone/hadoop-ozone/integration-test/target/test-dir/MiniOzoneClusterImpl-a412b9f6-7d8b-4de3-a85c-9946bceaa3a0/ozone-metadata/datanode-2/ratis/0ab6beb1-ecd4-4a22-8092-c080f8b16968/current/log_inprogress_1
2025-10-22 08:24:25,791 [4d8a2798-959e-416b-b534-19c13b55a760@group-C080F8B16968-StateMachineUpdater] INFO  server.RaftServer$Division (LeaderStateImpl.java:checkStartIndex(309)) - Leader 4d8a2798-959e-416b-b534-19c13b55a760@group-C080F8B16968-LeaderStateImpl is ready since appliedIndex == startIndex == 1
2025-10-22 08:24:25,907 [1c036820-4dbe-4abe-80fb-5ca88de5e2f0@group-5E2F154B5BDB-FollowerState] INFO  impl.FollowerState (FollowerState.java:runImpl(161)) - 1c036820-4dbe-4abe-80fb-5ca88de5e2f0@group-5E2F154B5BDB-FollowerState: change to CANDIDATE, lastRpcElapsedTime:1013336919ns, electionTimeout:1013ms
2025-10-22 08:24:25,908 [1c036820-4dbe-4abe-80fb-5ca88de5e2f0@group-5E2F154B5BDB-FollowerState] INFO  impl.RoleInfo (RoleInfo.java:shutdownFollowerState(121)) - 1c036820-4dbe-4abe-80fb-5ca88de5e2f0: shutdown 1c036820-4dbe-4abe-80fb-5ca88de5e2f0@group-5E2F154B5BDB-FollowerState
2025-10-22 08:24:25,908 [1c036820-4dbe-4abe-80fb-5ca88de5e2f0@group-5E2F154B5BDB-FollowerState] INFO  server.RaftServer$Division (RaftServerImpl.java:setRole(392)) - 1c036820-4dbe-4abe-80fb-5ca88de5e2f0@group-5E2F154B5BDB: changes role from  FOLLOWER to CANDIDATE at term 1 for changeToCandidate
2025-10-22 08:24:25,908 [1c036820-4dbe-4abe-80fb-5ca88de5e2f0@group-5E2F154B5BDB-FollowerState] INFO  impl.RoleInfo (RoleInfo.java:updateAndGet(148)) - 1c036820-4dbe-4abe-80fb-5ca88de5e2f0: start 1c036820-4dbe-4abe-80fb-5ca88de5e2f0@group-5E2F154B5BDB-LeaderElection81
2025-10-22 08:24:25,908 [1c036820-4dbe-4abe-80fb-5ca88de5e2f0@group-5E2F154B5BDB-LeaderElection81] INFO  impl.LeaderElection (LeaderElection.java:askForVotes(448)) - 1c036820-4dbe-4abe-80fb-5ca88de5e2f0@group-5E2F154B5BDB-LeaderElection81 PRE_VOTE round 0: submit vote requests at term 1 for conf: {index: 0, cur=peers:[4d8a2798-959e-416b-b534-19c13b55a760|127.0.0.1:15023, 1c036820-4dbe-4abe-80fb-5ca88de5e2f0|127.0.0.1:15015, 40df8fc4-149d-40c0-897d-2844034d8141|127.0.0.1:15031]|listeners:[], old=null}
2025-10-22 08:24:25,909 [1c036820-4dbe-4abe-80fb-5ca88de5e2f0@group-5E2F154B5BDB-LeaderElection81-1] INFO  server.GrpcServerProtocolClient (GrpcServerProtocolClient.java:<init>(65)) - Build channel for 4d8a2798-959e-416b-b534-19c13b55a760|127.0.0.1:15023
2025-10-22 08:24:25,909 [1c036820-4dbe-4abe-80fb-5ca88de5e2f0@group-5E2F154B5BDB-LeaderElection81-2] INFO  server.GrpcServerProtocolClient (GrpcServerProtocolClient.java:<init>(65)) - Build channel for 40df8fc4-149d-40c0-897d-2844034d8141|127.0.0.1:15031
2025-10-22 08:24:25,913 [grpc-default-executor-1] INFO  server.RaftServer$Division (RaftServerImpl.java:requestVote(1421)) - 40df8fc4-149d-40c0-897d-2844034d8141@group-5E2F154B5BDB: receive requestVote(PRE_VOTE, 1c036820-4dbe-4abe-80fb-5ca88de5e2f0, group-5E2F154B5BDB, 1, (t:1, i:0))
2025-10-22 08:24:25,913 [grpc-default-executor-1] INFO  impl.VoteContext (VoteContext.java:log(49)) - 40df8fc4-149d-40c0-897d-2844034d8141@group-5E2F154B5BDB-FOLLOWER: accept PRE_VOTE from 1c036820-4dbe-4abe-80fb-5ca88de5e2f0: our priority 0 <= candidate's priority 1
2025-10-22 08:24:25,913 [grpc-default-executor-1] INFO  server.RaftServer$Division (RaftServerImpl.java:requestVote(1455)) - 40df8fc4-149d-40c0-897d-2844034d8141@group-5E2F154B5BDB replies to PRE_VOTE vote request: 1c036820-4dbe-4abe-80fb-5ca88de5e2f0<-40df8fc4-149d-40c0-897d-2844034d8141#0:OK-t1-last:(t:1, i:0). Peer's state: 40df8fc4-149d-40c0-897d-2844034d8141@group-5E2F154B5BDB:t1, leader=null, voted=1c036820-4dbe-4abe-80fb-5ca88de5e2f0, raftlog=Memoized:40df8fc4-149d-40c0-897d-2844034d8141@group-5E2F154B5BDB-SegmentedRaftLog:OPENED:c0:last(t:1, i:0), conf=conf: {index: 0, cur=peers:[4d8a2798-959e-416b-b534-19c13b55a760|127.0.0.1:15023, 1c036820-4dbe-4abe-80fb-5ca88de5e2f0|127.0.0.1:15015, 40df8fc4-149d-40c0-897d-2844034d8141|127.0.0.1:15031]|listeners:[], old=null}
2025-10-22 08:24:25,913 [grpc-default-executor-3] INFO  server.RaftServer$Division (RaftServerImpl.java:requestVote(1421)) - 4d8a2798-959e-416b-b534-19c13b55a760@group-5E2F154B5BDB: receive requestVote(PRE_VOTE, 1c036820-4dbe-4abe-80fb-5ca88de5e2f0, group-5E2F154B5BDB, 1, (t:1, i:0))
2025-10-22 08:24:25,913 [grpc-default-executor-3] INFO  impl.VoteContext (VoteContext.java:log(49)) - 4d8a2798-959e-416b-b534-19c13b55a760@group-5E2F154B5BDB-FOLLOWER: accept PRE_VOTE from 1c036820-4dbe-4abe-80fb-5ca88de5e2f0: our priority 0 <= candidate's priority 1
2025-10-22 08:24:25,913 [grpc-default-executor-3] INFO  server.RaftServer$Division (RaftServerImpl.java:requestVote(1455)) - 4d8a2798-959e-416b-b534-19c13b55a760@group-5E2F154B5BDB replies to PRE_VOTE vote request: 1c036820-4dbe-4abe-80fb-5ca88de5e2f0<-4d8a2798-959e-416b-b534-19c13b55a760#0:OK-t1-last:(t:1, i:0). Peer's state: 4d8a2798-959e-416b-b534-19c13b55a760@group-5E2F154B5BDB:t1, leader=null, voted=1c036820-4dbe-4abe-80fb-5ca88de5e2f0, raftlog=Memoized:4d8a2798-959e-416b-b534-19c13b55a760@group-5E2F154B5BDB-SegmentedRaftLog:OPENED:c0:last(t:1, i:0), conf=conf: {index: 0, cur=peers:[4d8a2798-959e-416b-b534-19c13b55a760|127.0.0.1:15023, 1c036820-4dbe-4abe-80fb-5ca88de5e2f0|127.0.0.1:15015, 40df8fc4-149d-40c0-897d-2844034d8141|127.0.0.1:15031]|listeners:[], old=null}
2025-10-22 08:24:25,914 [1c036820-4dbe-4abe-80fb-5ca88de5e2f0@group-5E2F154B5BDB-LeaderElection81] INFO  impl.LeaderElection (LeaderElection.java:logAndReturn(206)) - 1c036820-4dbe-4abe-80fb-5ca88de5e2f0@group-5E2F154B5BDB-LeaderElection81: PRE_VOTE PASSED received 1 response(s) and 0 exception(s):
2025-10-22 08:24:25,914 [1c036820-4dbe-4abe-80fb-5ca88de5e2f0@group-5E2F154B5BDB-LeaderElection81] INFO  impl.LeaderElection (LeaderElection.java:logAndReturn(210)) -   Response 0: 1c036820-4dbe-4abe-80fb-5ca88de5e2f0<-4d8a2798-959e-416b-b534-19c13b55a760#0:OK-t1-last:(t:1, i:0)
2025-10-22 08:24:25,914 [1c036820-4dbe-4abe-80fb-5ca88de5e2f0@group-5E2F154B5BDB-LeaderElection81] INFO  impl.LeaderElection (LeaderElection.java:askForVotes(450)) - 1c036820-4dbe-4abe-80fb-5ca88de5e2f0@group-5E2F154B5BDB-LeaderElection81 PRE_VOTE round 0: result PASSED
2025-10-22 08:24:25,916 [1c036820-4dbe-4abe-80fb-5ca88de5e2f0@group-5E2F154B5BDB-LeaderElection81] INFO  impl.LeaderElection (LeaderElection.java:askForVotes(448)) - 1c036820-4dbe-4abe-80fb-5ca88de5e2f0@group-5E2F154B5BDB-LeaderElection81 ELECTION round 0: submit vote requests at term 2 for conf: {index: 0, cur=peers:[4d8a2798-959e-416b-b534-19c13b55a760|127.0.0.1:15023, 1c036820-4dbe-4abe-80fb-5ca88de5e2f0|127.0.0.1:15015, 40df8fc4-149d-40c0-897d-2844034d8141|127.0.0.1:15031]|listeners:[], old=null}
2025-10-22 08:24:25,918 [grpc-default-executor-1] INFO  server.RaftServer$Division (RaftServerImpl.java:requestVote(1421)) - 4d8a2798-959e-416b-b534-19c13b55a760@group-5E2F154B5BDB: receive requestVote(ELECTION, 1c036820-4dbe-4abe-80fb-5ca88de5e2f0, group-5E2F154B5BDB, 2, (t:1, i:0))
2025-10-22 08:24:25,918 [grpc-default-executor-1] INFO  impl.VoteContext (VoteContext.java:log(49)) - 4d8a2798-959e-416b-b534-19c13b55a760@group-5E2F154B5BDB-FOLLOWER: accept ELECTION from 1c036820-4dbe-4abe-80fb-5ca88de5e2f0: our priority 0 <= candidate's priority 1
2025-10-22 08:24:25,918 [grpc-default-executor-1] INFO  server.RaftServer$Division (RaftServerImpl.java:setRole(392)) - 4d8a2798-959e-416b-b534-19c13b55a760@group-5E2F154B5BDB: changes role from  FOLLOWER to FOLLOWER at term 1 for candidate:1c036820-4dbe-4abe-80fb-5ca88de5e2f0
2025-10-22 08:24:25,918 [grpc-default-executor-1] INFO  impl.RoleInfo (RoleInfo.java:shutdownFollowerState(121)) - 4d8a2798-959e-416b-b534-19c13b55a760: shutdown 4d8a2798-959e-416b-b534-19c13b55a760@group-5E2F154B5BDB-FollowerState
2025-10-22 08:24:25,918 [grpc-default-executor-1] INFO  impl.RoleInfo (RoleInfo.java:updateAndGet(148)) - 4d8a2798-959e-416b-b534-19c13b55a760: start 4d8a2798-959e-416b-b534-19c13b55a760@group-5E2F154B5BDB-FollowerState
2025-10-22 08:24:25,918 [grpc-default-executor-3] INFO  server.RaftServer$Division (RaftServerImpl.java:requestVote(1421)) - 40df8fc4-149d-40c0-897d-2844034d8141@group-5E2F154B5BDB: receive requestVote(ELECTION, 1c036820-4dbe-4abe-80fb-5ca88de5e2f0, group-5E2F154B5BDB, 2, (t:1, i:0))
2025-10-22 08:24:25,918 [grpc-default-executor-3] INFO  impl.VoteContext (VoteContext.java:log(49)) - 40df8fc4-149d-40c0-897d-2844034d8141@group-5E2F154B5BDB-FOLLOWER: accept ELECTION from 1c036820-4dbe-4abe-80fb-5ca88de5e2f0: our priority 0 <= candidate's priority 1
2025-10-22 08:24:25,919 [grpc-default-executor-3] INFO  server.RaftServer$Division (RaftServerImpl.java:setRole(392)) - 40df8fc4-149d-40c0-897d-2844034d8141@group-5E2F154B5BDB: changes role from  FOLLOWER to FOLLOWER at term 1 for candidate:1c036820-4dbe-4abe-80fb-5ca88de5e2f0
2025-10-22 08:24:25,919 [grpc-default-executor-3] INFO  impl.RoleInfo (RoleInfo.java:shutdownFollowerState(121)) - 40df8fc4-149d-40c0-897d-2844034d8141: shutdown 40df8fc4-149d-40c0-897d-2844034d8141@group-5E2F154B5BDB-FollowerState
2025-10-22 08:24:25,919 [4d8a2798-959e-416b-b534-19c13b55a760@group-5E2F154B5BDB-FollowerState] INFO  impl.FollowerState (FollowerState.java:runImpl(170)) - 4d8a2798-959e-416b-b534-19c13b55a760@group-5E2F154B5BDB-FollowerState was interrupted
2025-10-22 08:24:25,919 [1c036820-4dbe-4abe-80fb-5ca88de5e2f0@group-83D1472516EC-FollowerState] INFO  impl.FollowerState (FollowerState.java:runImpl(161)) - 1c036820-4dbe-4abe-80fb-5ca88de5e2f0@group-83D1472516EC-FollowerState: change to CANDIDATE, lastRpcElapsedTime:1025385711ns, electionTimeout:1025ms
2025-10-22 08:24:25,919 [1c036820-4dbe-4abe-80fb-5ca88de5e2f0@group-83D1472516EC-FollowerState] INFO  impl.RoleInfo (RoleInfo.java:shutdownFollowerState(121)) - 1c036820-4dbe-4abe-80fb-5ca88de5e2f0: shutdown 1c036820-4dbe-4abe-80fb-5ca88de5e2f0@group-83D1472516EC-FollowerState
2025-10-22 08:24:25,919 [1c036820-4dbe-4abe-80fb-5ca88de5e2f0@group-83D1472516EC-FollowerState] INFO  server.RaftServer$Division (RaftServerImpl.java:setRole(392)) - 1c036820-4dbe-4abe-80fb-5ca88de5e2f0@group-83D1472516EC: changes role from  FOLLOWER to CANDIDATE at term 1 for changeToCandidate
2025-10-22 08:24:25,919 [1c036820-4dbe-4abe-80fb-5ca88de5e2f0@group-83D1472516EC-FollowerState] INFO  impl.RoleInfo (RoleInfo.java:updateAndGet(148)) - 1c036820-4dbe-4abe-80fb-5ca88de5e2f0: start 1c036820-4dbe-4abe-80fb-5ca88de5e2f0@group-83D1472516EC-LeaderElection82
2025-10-22 08:24:25,920 [40df8fc4-149d-40c0-897d-2844034d8141@group-5E2F154B5BDB-FollowerState] INFO  impl.FollowerState (FollowerState.java:runImpl(170)) - 40df8fc4-149d-40c0-897d-2844034d8141@group-5E2F154B5BDB-FollowerState was interrupted
2025-10-22 08:24:25,921 [grpc-default-executor-3] INFO  impl.RoleInfo (RoleInfo.java:updateAndGet(148)) - 40df8fc4-149d-40c0-897d-2844034d8141: start 40df8fc4-149d-40c0-897d-2844034d8141@group-5E2F154B5BDB-FollowerState
2025-10-22 08:24:25,921 [1c036820-4dbe-4abe-80fb-5ca88de5e2f0@group-83D1472516EC-LeaderElection82] INFO  impl.LeaderElection (LeaderElection.java:askForVotes(448)) - 1c036820-4dbe-4abe-80fb-5ca88de5e2f0@group-83D1472516EC-LeaderElection82 PRE_VOTE round 0: submit vote requests at term 1 for conf: {index: 0, cur=peers:[1c036820-4dbe-4abe-80fb-5ca88de5e2f0|127.0.0.1:15015]|listeners:[], old=null}
2025-10-22 08:24:25,921 [grpc-default-executor-1] INFO  server.RaftServer$Division (RaftServerImpl.java:requestVote(1455)) - 4d8a2798-959e-416b-b534-19c13b55a760@group-5E2F154B5BDB replies to ELECTION vote request: 1c036820-4dbe-4abe-80fb-5ca88de5e2f0<-4d8a2798-959e-416b-b534-19c13b55a760#0:OK-t2-last:(t:1, i:0). Peer's state: 4d8a2798-959e-416b-b534-19c13b55a760@group-5E2F154B5BDB:t2, leader=null, voted=1c036820-4dbe-4abe-80fb-5ca88de5e2f0, raftlog=Memoized:4d8a2798-959e-416b-b534-19c13b55a760@group-5E2F154B5BDB-SegmentedRaftLog:OPENED:c0:last(t:1, i:0), conf=conf: {index: 0, cur=peers:[4d8a2798-959e-416b-b534-19c13b55a760|127.0.0.1:15023, 1c036820-4dbe-4abe-80fb-5ca88de5e2f0|127.0.0.1:15015, 40df8fc4-149d-40c0-897d-2844034d8141|127.0.0.1:15031]|listeners:[], old=null}
2025-10-22 08:24:25,921 [1c036820-4dbe-4abe-80fb-5ca88de5e2f0@group-83D1472516EC-LeaderElection82] INFO  impl.LeaderElection (LeaderElection.java:askForVotes(450)) - 1c036820-4dbe-4abe-80fb-5ca88de5e2f0@group-83D1472516EC-LeaderElection82 PRE_VOTE round 0: result PASSED (term=1)
2025-10-22 08:24:25,922 [1c036820-4dbe-4abe-80fb-5ca88de5e2f0@group-83D1472516EC-LeaderElection82] INFO  impl.LeaderElection (LeaderElection.java:askForVotes(448)) - 1c036820-4dbe-4abe-80fb-5ca88de5e2f0@group-83D1472516EC-LeaderElection82 ELECTION round 0: submit vote requests at term 2 for conf: {index: 0, cur=peers:[1c036820-4dbe-4abe-80fb-5ca88de5e2f0|127.0.0.1:15015]|listeners:[], old=null}
2025-10-22 08:24:25,922 [1c036820-4dbe-4abe-80fb-5ca88de5e2f0@group-83D1472516EC-LeaderElection82] INFO  impl.LeaderElection (LeaderElection.java:askForVotes(450)) - 1c036820-4dbe-4abe-80fb-5ca88de5e2f0@group-83D1472516EC-LeaderElection82 ELECTION round 0: result PASSED (term=2)
2025-10-22 08:24:25,922 [1c036820-4dbe-4abe-80fb-5ca88de5e2f0@group-83D1472516EC-LeaderElection82] INFO  impl.RoleInfo (RoleInfo.java:shutdownLeaderElection(141)) - 1c036820-4dbe-4abe-80fb-5ca88de5e2f0: shutdown 1c036820-4dbe-4abe-80fb-5ca88de5e2f0@group-83D1472516EC-LeaderElection82
2025-10-22 08:24:25,922 [1c036820-4dbe-4abe-80fb-5ca88de5e2f0@group-83D1472516EC-LeaderElection82] INFO  server.RaftServer$Division (RaftServerImpl.java:setRole(392)) - 1c036820-4dbe-4abe-80fb-5ca88de5e2f0@group-83D1472516EC: changes role from CANDIDATE to LEADER at term 2 for changeToLeader
2025-10-22 08:24:25,922 [1c036820-4dbe-4abe-80fb-5ca88de5e2f0@group-83D1472516EC-LeaderElection82] INFO  server.RaftServerConfigKeys (ConfUtils.java:logFallback(69)) - raft.server.staging.timeout = 3600ms (fallback to raft.server.rpc.timeout.max)
2025-10-22 08:24:25,922 [grpc-default-executor-3] INFO  server.RaftServer$Division (RaftServerImpl.java:requestVote(1455)) - 40df8fc4-149d-40c0-897d-2844034d8141@group-5E2F154B5BDB replies to ELECTION vote request: 1c036820-4dbe-4abe-80fb-5ca88de5e2f0<-40df8fc4-149d-40c0-897d-2844034d8141#0:OK-t2-last:(t:1, i:0). Peer's state: 40df8fc4-149d-40c0-897d-2844034d8141@group-5E2F154B5BDB:t2, leader=null, voted=1c036820-4dbe-4abe-80fb-5ca88de5e2f0, raftlog=Memoized:40df8fc4-149d-40c0-897d-2844034d8141@group-5E2F154B5BDB-SegmentedRaftLog:OPENED:c0:last(t:1, i:0), conf=conf: {index: 0, cur=peers:[4d8a2798-959e-416b-b534-19c13b55a760|127.0.0.1:15023, 1c036820-4dbe-4abe-80fb-5ca88de5e2f0|127.0.0.1:15015, 40df8fc4-149d-40c0-897d-2844034d8141|127.0.0.1:15031]|listeners:[], old=null}
2025-10-22 08:24:25,922 [1c036820-4dbe-4abe-80fb-5ca88de5e2f0@group-83D1472516EC-LeaderElection82] INFO  server.RaftServerConfigKeys (ConfUtils.java:logGet(62)) - raft.server.write.byte-limit = 1024 M (=1073741824) (custom)
2025-10-22 08:24:25,923 [1c036820-4dbe-4abe-80fb-5ca88de5e2f0@group-5E2F154B5BDB-LeaderElection81] INFO  impl.LeaderElection (LeaderElection.java:logAndReturn(206)) - 1c036820-4dbe-4abe-80fb-5ca88de5e2f0@group-5E2F154B5BDB-LeaderElection81: ELECTION PASSED received 1 response(s) and 0 exception(s):
2025-10-22 08:24:25,924 [1c036820-4dbe-4abe-80fb-5ca88de5e2f0@group-83D1472516EC-LeaderElection82] INFO  impl.RoleInfo (RoleInfo.java:updateAndGet(148)) - 1c036820-4dbe-4abe-80fb-5ca88de5e2f0: start 1c036820-4dbe-4abe-80fb-5ca88de5e2f0@group-83D1472516EC-LeaderStateImpl
2025-10-22 08:24:25,924 [1c036820-4dbe-4abe-80fb-5ca88de5e2f0@group-83D1472516EC-LeaderElection82] INFO  server.RaftServer$Division (RaftServerImpl.java:setFirstElection(576)) - 1c036820-4dbe-4abe-80fb-5ca88de5e2f0@group-83D1472516EC: set firstElectionSinceStartup to false for becomeLeader
2025-10-22 08:24:25,924 [1c036820-4dbe-4abe-80fb-5ca88de5e2f0@group-83D1472516EC-LeaderElection82] INFO  ratis.XceiverServerRatis (XceiverServerRatis.java:handleLeaderChangedNotification(940)) - Leader change notification received for group: group-83D1472516EC with new leaderId: 1c036820-4dbe-4abe-80fb-5ca88de5e2f0
2025-10-22 08:24:25,924 [1c036820-4dbe-4abe-80fb-5ca88de5e2f0@group-5E2F154B5BDB-LeaderElection81] INFO  impl.LeaderElection (LeaderElection.java:logAndReturn(210)) -   Response 0: 1c036820-4dbe-4abe-80fb-5ca88de5e2f0<-40df8fc4-149d-40c0-897d-2844034d8141#0:OK-t2-last:(t:1, i:0)
2025-10-22 08:24:25,924 [1c036820-4dbe-4abe-80fb-5ca88de5e2f0@group-83D1472516EC-LeaderElection82] INFO  server.RaftServer$Division (ServerState.java:setLeader(272)) - 1c036820-4dbe-4abe-80fb-5ca88de5e2f0@group-83D1472516EC: change Leader from null to 1c036820-4dbe-4abe-80fb-5ca88de5e2f0 at term 2 for becomeLeader, leader elected after 1766ms
2025-10-22 08:24:25,924 [1c036820-4dbe-4abe-80fb-5ca88de5e2f0@group-5E2F154B5BDB-LeaderElection81] INFO  impl.LeaderElection (LeaderElection.java:askForVotes(450)) - 1c036820-4dbe-4abe-80fb-5ca88de5e2f0@group-5E2F154B5BDB-LeaderElection81 ELECTION round 0: result PASSED
2025-10-22 08:24:25,924 [1c036820-4dbe-4abe-80fb-5ca88de5e2f0@group-5E2F154B5BDB-LeaderElection81] INFO  impl.RoleInfo (RoleInfo.java:shutdownLeaderElection(141)) - 1c036820-4dbe-4abe-80fb-5ca88de5e2f0: shutdown 1c036820-4dbe-4abe-80fb-5ca88de5e2f0@group-5E2F154B5BDB-LeaderElection81
2025-10-22 08:24:25,924 [1c036820-4dbe-4abe-80fb-5ca88de5e2f0@group-5E2F154B5BDB-LeaderElection81] INFO  server.RaftServer$Division (RaftServerImpl.java:setRole(392)) - 1c036820-4dbe-4abe-80fb-5ca88de5e2f0@group-5E2F154B5BDB: changes role from CANDIDATE to LEADER at term 2 for changeToLeader
2025-10-22 08:24:25,924 [1c036820-4dbe-4abe-80fb-5ca88de5e2f0@group-5E2F154B5BDB-LeaderElection81] INFO  server.RaftServerConfigKeys (ConfUtils.java:logFallback(69)) - raft.server.staging.timeout = 3600ms (fallback to raft.server.rpc.timeout.max)
2025-10-22 08:24:25,924 [1c036820-4dbe-4abe-80fb-5ca88de5e2f0@group-83D1472516EC-LeaderElection82] INFO  segmented.SegmentedRaftLogWorker (SegmentedRaftLogWorker.java:rollLogSegment(445)) - 1c036820-4dbe-4abe-80fb-5ca88de5e2f0@group-83D1472516EC-SegmentedRaftLogWorker: Rolling segment log-0_0 to index:0
2025-10-22 08:24:25,925 [1c036820-4dbe-4abe-80fb-5ca88de5e2f0@group-5E2F154B5BDB-LeaderElection81] INFO  server.RaftServerConfigKeys (ConfUtils.java:logGet(62)) - raft.server.write.byte-limit = 1024 M (=1073741824) (custom)
2025-10-22 08:24:25,925 [1c036820-4dbe-4abe-80fb-5ca88de5e2f0@group-83D1472516EC-LeaderElection82] INFO  server.RaftServer$Division (ServerState.java:setRaftConf(386)) - 1c036820-4dbe-4abe-80fb-5ca88de5e2f0@group-83D1472516EC: set configuration conf: {index: 1, cur=peers:[1c036820-4dbe-4abe-80fb-5ca88de5e2f0|127.0.0.1:15015]|listeners:[], old=null}
2025-10-22 08:24:25,925 [1c036820-4dbe-4abe-80fb-5ca88de5e2f0@group-83D1472516EC-SegmentedRaftLogWorker] INFO  segmented.SegmentedRaftLogWorker (SegmentedRaftLogWorker.java:execute(604)) - 1c036820-4dbe-4abe-80fb-5ca88de5e2f0@group-83D1472516EC-SegmentedRaftLogWorker: Rolled log segment from /home/runner/work/ozone/ozone/hadoop-ozone/integration-test/target/test-dir/MiniOzoneClusterImpl-a412b9f6-7d8b-4de3-a85c-9946bceaa3a0/ozone-metadata/datanode-1/ratis/d58961bb-d73a-4245-ae1b-83d1472516ec/current/log_inprogress_0 to /home/runner/work/ozone/ozone/hadoop-ozone/integration-test/target/test-dir/MiniOzoneClusterImpl-a412b9f6-7d8b-4de3-a85c-9946bceaa3a0/ozone-metadata/datanode-1/ratis/d58961bb-d73a-4245-ae1b-83d1472516ec/current/log_0-0
2025-10-22 08:24:25,926 [1c036820-4dbe-4abe-80fb-5ca88de5e2f0@group-83D1472516EC-SegmentedRaftLogWorker] INFO  segmented.BufferedWriteChannel (BufferedWriteChannel.java:open(61)) - open log_inprogress_1 at position 0
2025-10-22 08:24:25,927 [1c036820-4dbe-4abe-80fb-5ca88de5e2f0@group-5E2F154B5BDB-LeaderElection81] INFO  server.RaftServerConfigKeys (ConfUtils.java:logGet(62)) - raft.server.log.appender.buffer.byte-limit = 33554432 (custom)
2025-10-22 08:24:25,928 [1c036820-4dbe-4abe-80fb-5ca88de5e2f0@group-5E2F154B5BDB-LeaderElection81] INFO  server.RaftServerConfigKeys (ConfUtils.java:logGet(62)) - raft.server.log.appender.buffer.byte-limit = 33554432 (custom)
2025-10-22 08:24:25,928 [1c036820-4dbe-4abe-80fb-5ca88de5e2f0@group-5E2F154B5BDB-LeaderElection81] INFO  impl.RoleInfo (RoleInfo.java:updateAndGet(148)) - 1c036820-4dbe-4abe-80fb-5ca88de5e2f0: start 1c036820-4dbe-4abe-80fb-5ca88de5e2f0@group-5E2F154B5BDB-LeaderStateImpl
2025-10-22 08:24:25,928 [1c036820-4dbe-4abe-80fb-5ca88de5e2f0@group-5E2F154B5BDB-LeaderElection81] INFO  server.RaftServer$Division (RaftServerImpl.java:setFirstElection(576)) - 1c036820-4dbe-4abe-80fb-5ca88de5e2f0@group-5E2F154B5BDB: set firstElectionSinceStartup to false for becomeLeader
2025-10-22 08:24:25,928 [1c036820-4dbe-4abe-80fb-5ca88de5e2f0@group-5E2F154B5BDB-LeaderElection81] INFO  ratis.XceiverServerRatis (XceiverServerRatis.java:handleLeaderChangedNotification(940)) - Leader change notification received for group: group-5E2F154B5BDB with new leaderId: 1c036820-4dbe-4abe-80fb-5ca88de5e2f0
2025-10-22 08:24:25,928 [1c036820-4dbe-4abe-80fb-5ca88de5e2f0@group-5E2F154B5BDB-LeaderElection81] INFO  server.RaftServer$Division (ServerState.java:setLeader(272)) - 1c036820-4dbe-4abe-80fb-5ca88de5e2f0@group-5E2F154B5BDB: change Leader from null to 1c036820-4dbe-4abe-80fb-5ca88de5e2f0 at term 2 for becomeLeader, leader elected after 1780ms
2025-10-22 08:24:25,928 [1c036820-4dbe-4abe-80fb-5ca88de5e2f0@group-5E2F154B5BDB-LeaderElection81] INFO  segmented.SegmentedRaftLogWorker (SegmentedRaftLogWorker.java:rollLogSegment(445)) - 1c036820-4dbe-4abe-80fb-5ca88de5e2f0@group-5E2F154B5BDB-SegmentedRaftLogWorker: Rolling segment log-0_0 to index:0
2025-10-22 08:24:25,929 [1c036820-4dbe-4abe-80fb-5ca88de5e2f0@group-5E2F154B5BDB-LeaderElection81] INFO  server.RaftServer$Division (ServerState.java:setRaftConf(386)) - 1c036820-4dbe-4abe-80fb-5ca88de5e2f0@group-5E2F154B5BDB: set configuration conf: {index: 1, cur=peers:[4d8a2798-959e-416b-b534-19c13b55a760|127.0.0.1:15023, 1c036820-4dbe-4abe-80fb-5ca88de5e2f0|127.0.0.1:15015, 40df8fc4-149d-40c0-897d-2844034d8141|127.0.0.1:15031]|listeners:[], old=null}
2025-10-22 08:24:25,929 [1c036820-4dbe-4abe-80fb-5ca88de5e2f0@group-5E2F154B5BDB-SegmentedRaftLogWorker] INFO  segmented.SegmentedRaftLogWorker (SegmentedRaftLogWorker.java:execute(604)) - 1c036820-4dbe-4abe-80fb-5ca88de5e2f0@group-5E2F154B5BDB-SegmentedRaftLogWorker: Rolled log segment from /home/runner/work/ozone/ozone/hadoop-ozone/integration-test/target/test-dir/MiniOzoneClusterImpl-a412b9f6-7d8b-4de3-a85c-9946bceaa3a0/ozone-metadata/datanode-1/ratis/991bfa6b-f7e5-4a03-b9a5-5e2f154b5bdb/current/log_inprogress_0 to /home/runner/work/ozone/ozone/hadoop-ozone/integration-test/target/test-dir/MiniOzoneClusterImpl-a412b9f6-7d8b-4de3-a85c-9946bceaa3a0/ozone-metadata/datanode-1/ratis/991bfa6b-f7e5-4a03-b9a5-5e2f154b5bdb/current/log_0-0
2025-10-22 08:24:25,929 [1c036820-4dbe-4abe-80fb-5ca88de5e2f0@group-5E2F154B5BDB-SegmentedRaftLogWorker] INFO  segmented.BufferedWriteChannel (BufferedWriteChannel.java:open(61)) - open log_inprogress_1 at position 0
2025-10-22 08:24:25,936 [1c036820-4dbe-4abe-80fb-5ca88de5e2f0@group-83D1472516EC-SegmentedRaftLogWorker] INFO  segmented.SegmentedRaftLogWorker (SegmentedRaftLogWorker.java:execute(647)) - 1c036820-4dbe-4abe-80fb-5ca88de5e2f0@group-83D1472516EC-SegmentedRaftLogWorker: created new log segment /home/runner/work/ozone/ozone/hadoop-ozone/integration-test/target/test-dir/MiniOzoneClusterImpl-a412b9f6-7d8b-4de3-a85c-9946bceaa3a0/ozone-metadata/datanode-1/ratis/d58961bb-d73a-4245-ae1b-83d1472516ec/current/log_inprogress_1
2025-10-22 08:24:25,938 [grpc-default-executor-3] INFO  ratis.XceiverServerRatis (XceiverServerRatis.java:handleLeaderChangedNotification(940)) - Leader change notification received for group: group-5E2F154B5BDB with new leaderId: 1c036820-4dbe-4abe-80fb-5ca88de5e2f0
2025-10-22 08:24:25,938 [grpc-default-executor-3] INFO  server.RaftServer$Division (ServerState.java:setLeader(272)) - 4d8a2798-959e-416b-b534-19c13b55a760@group-5E2F154B5BDB: change Leader from null to 1c036820-4dbe-4abe-80fb-5ca88de5e2f0 at term 2 for appendEntries, leader elected after 2039ms
2025-10-22 08:24:25,939 [grpc-default-executor-3] INFO  server.RaftServer$Division (ServerState.java:setRaftConf(386)) - 4d8a2798-959e-416b-b534-19c13b55a760@group-5E2F154B5BDB: set configuration conf: {index: 1, cur=peers:[4d8a2798-959e-416b-b534-19c13b55a760|127.0.0.1:15023, 1c036820-4dbe-4abe-80fb-5ca88de5e2f0|127.0.0.1:15015, 40df8fc4-149d-40c0-897d-2844034d8141|127.0.0.1:15031]|listeners:[], old=null}
2025-10-22 08:24:25,939 [grpc-default-executor-3] INFO  segmented.SegmentedRaftLogWorker (SegmentedRaftLogWorker.java:rollLogSegment(445)) - 4d8a2798-959e-416b-b534-19c13b55a760@group-5E2F154B5BDB-SegmentedRaftLogWorker: Rolling segment log-0_0 to index:0
2025-10-22 08:24:25,938 [1c036820-4dbe-4abe-80fb-5ca88de5e2f0@group-5E2F154B5BDB-SegmentedRaftLogWorker] INFO  segmented.SegmentedRaftLogWorker (SegmentedRaftLogWorker.java:execute(647)) - 1c036820-4dbe-4abe-80fb-5ca88de5e2f0@group-5E2F154B5BDB-SegmentedRaftLogWorker: created new log segment /home/runner/work/ozone/ozone/hadoop-ozone/integration-test/target/test-dir/MiniOzoneClusterImpl-a412b9f6-7d8b-4de3-a85c-9946bceaa3a0/ozone-metadata/datanode-1/ratis/991bfa6b-f7e5-4a03-b9a5-5e2f154b5bdb/current/log_inprogress_1
2025-10-22 08:24:25,939 [grpc-default-executor-2] INFO  ratis.XceiverServerRatis (XceiverServerRatis.java:handleLeaderChangedNotification(940)) - Leader change notification received for group: group-5E2F154B5BDB with new leaderId: 1c036820-4dbe-4abe-80fb-5ca88de5e2f0
2025-10-22 08:24:25,940 [grpc-default-executor-2] INFO  server.RaftServer$Division (ServerState.java:setLeader(272)) - 40df8fc4-149d-40c0-897d-2844034d8141@group-5E2F154B5BDB: change Leader from null to 1c036820-4dbe-4abe-80fb-5ca88de5e2f0 at term 2 for appendEntries, leader elected after 35740ms
2025-10-22 08:24:25,940 [4d8a2798-959e-416b-b534-19c13b55a760@group-5E2F154B5BDB-SegmentedRaftLogWorker] INFO  segmented.SegmentedRaftLogWorker (SegmentedRaftLogWorker.java:execute(604)) - 4d8a2798-959e-416b-b534-19c13b55a760@group-5E2F154B5BDB-SegmentedRaftLogWorker: Rolled log segment from /home/runner/work/ozone/ozone/hadoop-ozone/integration-test/target/test-dir/MiniOzoneClusterImpl-a412b9f6-7d8b-4de3-a85c-9946bceaa3a0/ozone-metadata/datanode-2/ratis/991bfa6b-f7e5-4a03-b9a5-5e2f154b5bdb/current/log_inprogress_0 to /home/runner/work/ozone/ozone/hadoop-ozone/integration-test/target/test-dir/MiniOzoneClusterImpl-a412b9f6-7d8b-4de3-a85c-9946bceaa3a0/ozone-metadata/datanode-2/ratis/991bfa6b-f7e5-4a03-b9a5-5e2f154b5bdb/current/log_0-0
2025-10-22 08:24:25,940 [grpc-default-executor-3] INFO  server.RaftServer$Division (ServerState.java:setRaftConf(386)) - 40df8fc4-149d-40c0-897d-2844034d8141@group-5E2F154B5BDB: set configuration conf: {index: 1, cur=peers:[4d8a2798-959e-416b-b534-19c13b55a760|127.0.0.1:15023, 1c036820-4dbe-4abe-80fb-5ca88de5e2f0|127.0.0.1:15015, 40df8fc4-149d-40c0-897d-2844034d8141|127.0.0.1:15031]|listeners:[], old=null}
2025-10-22 08:24:25,940 [1c036820-4dbe-4abe-80fb-5ca88de5e2f0@group-83D1472516EC-StateMachineUpdater] INFO  server.RaftServer$Division (LeaderStateImpl.java:checkStartIndex(309)) - Leader 1c036820-4dbe-4abe-80fb-5ca88de5e2f0@group-83D1472516EC-LeaderStateImpl is ready since appliedIndex == startIndex == 1
2025-10-22 08:24:25,941 [4d8a2798-959e-416b-b534-19c13b55a760@group-5E2F154B5BDB-SegmentedRaftLogWorker] INFO  segmented.BufferedWriteChannel (BufferedWriteChannel.java:open(61)) - open log_inprogress_1 at position 0
2025-10-22 08:24:25,941 [grpc-default-executor-3] INFO  segmented.SegmentedRaftLogWorker (SegmentedRaftLogWorker.java:rollLogSegment(445)) - 40df8fc4-149d-40c0-897d-2844034d8141@group-5E2F154B5BDB-SegmentedRaftLogWorker: Rolling segment log-0_0 to index:0
2025-10-22 08:24:25,943 [40df8fc4-149d-40c0-897d-2844034d8141@group-5E2F154B5BDB-SegmentedRaftLogWorker] INFO  segmented.SegmentedRaftLogWorker (SegmentedRaftLogWorker.java:execute(604)) - 40df8fc4-149d-40c0-897d-2844034d8141@group-5E2F154B5BDB-SegmentedRaftLogWorker: Rolled log segment from /home/runner/work/ozone/ozone/hadoop-ozone/integration-test/target/test-dir/MiniOzoneClusterImpl-a412b9f6-7d8b-4de3-a85c-9946bceaa3a0/ozone-metadata/datanode-3/ratis/991bfa6b-f7e5-4a03-b9a5-5e2f154b5bdb/current/log_inprogress_0 to /home/runner/work/ozone/ozone/hadoop-ozone/integration-test/target/test-dir/MiniOzoneClusterImpl-a412b9f6-7d8b-4de3-a85c-9946bceaa3a0/ozone-metadata/datanode-3/ratis/991bfa6b-f7e5-4a03-b9a5-5e2f154b5bdb/current/log_0-0
2025-10-22 08:24:25,943 [40df8fc4-149d-40c0-897d-2844034d8141@group-5E2F154B5BDB-SegmentedRaftLogWorker] INFO  segmented.BufferedWriteChannel (BufferedWriteChannel.java:open(61)) - open log_inprogress_1 at position 0
2025-10-22 08:24:25,948 [4d8a2798-959e-416b-b534-19c13b55a760@group-5E2F154B5BDB-SegmentedRaftLogWorker] INFO  segmented.SegmentedRaftLogWorker (SegmentedRaftLogWorker.java:execute(647)) - 4d8a2798-959e-416b-b534-19c13b55a760@group-5E2F154B5BDB-SegmentedRaftLogWorker: created new log segment /home/runner/work/ozone/ozone/hadoop-ozone/integration-test/target/test-dir/MiniOzoneClusterImpl-a412b9f6-7d8b-4de3-a85c-9946bceaa3a0/ozone-metadata/datanode-2/ratis/991bfa6b-f7e5-4a03-b9a5-5e2f154b5bdb/current/log_inprogress_1
2025-10-22 08:24:25,949 [40df8fc4-149d-40c0-897d-2844034d8141@group-5E2F154B5BDB-SegmentedRaftLogWorker] INFO  segmented.SegmentedRaftLogWorker (SegmentedRaftLogWorker.java:execute(647)) - 40df8fc4-149d-40c0-897d-2844034d8141@group-5E2F154B5BDB-SegmentedRaftLogWorker: created new log segment /home/runner/work/ozone/ozone/hadoop-ozone/integration-test/target/test-dir/MiniOzoneClusterImpl-a412b9f6-7d8b-4de3-a85c-9946bceaa3a0/ozone-metadata/datanode-3/ratis/991bfa6b-f7e5-4a03-b9a5-5e2f154b5bdb/current/log_inprogress_1
2025-10-22 08:24:25,954 [1c036820-4dbe-4abe-80fb-5ca88de5e2f0@group-5E2F154B5BDB-StateMachineUpdater] INFO  server.RaftServer$Division (LeaderStateImpl.java:checkStartIndex(309)) - Leader 1c036820-4dbe-4abe-80fb-5ca88de5e2f0@group-5E2F154B5BDB-LeaderStateImpl is ready since appliedIndex == startIndex == 1
2025-10-22 08:24:26,713 [40df8fc4-149d-40c0-897d-2844034d8141@group-C626CE820278-FollowerState] INFO  impl.FollowerState (FollowerState.java:runImpl(161)) - 40df8fc4-149d-40c0-897d-2844034d8141@group-C626CE820278-FollowerState: change to CANDIDATE, lastRpcElapsedTime:1192269988ns, electionTimeout:1192ms
2025-10-22 08:24:26,713 [40df8fc4-149d-40c0-897d-2844034d8141@group-C626CE820278-FollowerState] INFO  impl.RoleInfo (RoleInfo.java:shutdownFollowerState(121)) - 40df8fc4-149d-40c0-897d-2844034d8141: shutdown 40df8fc4-149d-40c0-897d-2844034d8141@group-C626CE820278-FollowerState
2025-10-22 08:24:26,713 [40df8fc4-149d-40c0-897d-2844034d8141@group-C626CE820278-FollowerState] INFO  server.RaftServer$Division (RaftServerImpl.java:setRole(392)) - 40df8fc4-149d-40c0-897d-2844034d8141@group-C626CE820278: changes role from  FOLLOWER to CANDIDATE at term 1 for changeToCandidate
2025-10-22 08:24:26,713 [40df8fc4-149d-40c0-897d-2844034d8141@group-C626CE820278-FollowerState] INFO  impl.RoleInfo (RoleInfo.java:updateAndGet(148)) - 40df8fc4-149d-40c0-897d-2844034d8141: start 40df8fc4-149d-40c0-897d-2844034d8141@group-C626CE820278-LeaderElection83
2025-10-22 08:24:26,713 [40df8fc4-149d-40c0-897d-2844034d8141@group-C626CE820278-LeaderElection83] INFO  impl.LeaderElection (LeaderElection.java:askForVotes(448)) - 40df8fc4-149d-40c0-897d-2844034d8141@group-C626CE820278-LeaderElection83 PRE_VOTE round 0: submit vote requests at term 1 for conf: {index: 0, cur=peers:[4d8a2798-959e-416b-b534-19c13b55a760|127.0.0.1:15023, 1c036820-4dbe-4abe-80fb-5ca88de5e2f0|127.0.0.1:15015, 40df8fc4-149d-40c0-897d-2844034d8141|127.0.0.1:15031]|listeners:[], old=null}
2025-10-22 08:24:26,714 [40df8fc4-149d-40c0-897d-2844034d8141@group-C626CE820278-LeaderElection83] INFO  impl.LeaderElection (LogUtils.java:infoOrTrace(142)) - 40df8fc4-149d-40c0-897d-2844034d8141@group-C626CE820278-LeaderElection83 got exception when requesting votes: java.util.concurrent.ExecutionException: org.apache.ratis.thirdparty.io.grpc.StatusRuntimeException: UNAVAILABLE: io exception
2025-10-22 08:24:26,714 [40df8fc4-149d-40c0-897d-2844034d8141@group-C626CE820278-LeaderElection83] INFO  impl.LeaderElection (LogUtils.java:infoOrTrace(142)) - 40df8fc4-149d-40c0-897d-2844034d8141@group-C626CE820278-LeaderElection83 got exception when requesting votes: java.util.concurrent.ExecutionException: org.apache.ratis.thirdparty.io.grpc.StatusRuntimeException: UNAVAILABLE: io exception
2025-10-22 08:24:26,714 [40df8fc4-149d-40c0-897d-2844034d8141@group-C626CE820278-LeaderElection83] INFO  impl.LeaderElection (LeaderElection.java:logAndReturn(206)) - 40df8fc4-149d-40c0-897d-2844034d8141@group-C626CE820278-LeaderElection83: PRE_VOTE REJECTED received 0 response(s) and 2 exception(s):
2025-10-22 08:24:26,714 [40df8fc4-149d-40c0-897d-2844034d8141@group-C626CE820278-LeaderElection83] INFO  impl.LeaderElection (LogUtils.java:infoOrTrace(142)) -   Exception 0: java.util.concurrent.ExecutionException: org.apache.ratis.thirdparty.io.grpc.StatusRuntimeException: UNAVAILABLE: io exception
2025-10-22 08:24:26,714 [40df8fc4-149d-40c0-897d-2844034d8141@group-C626CE820278-LeaderElection83] INFO  impl.LeaderElection (LogUtils.java:infoOrTrace(142)) -   Exception 1: java.util.concurrent.ExecutionException: org.apache.ratis.thirdparty.io.grpc.StatusRuntimeException: UNAVAILABLE: io exception
2025-10-22 08:24:26,714 [40df8fc4-149d-40c0-897d-2844034d8141@group-C626CE820278-LeaderElection83] INFO  impl.LeaderElection (LeaderElection.java:askForVotes(450)) - 40df8fc4-149d-40c0-897d-2844034d8141@group-C626CE820278-LeaderElection83 PRE_VOTE round 0: result REJECTED
2025-10-22 08:24:26,714 [40df8fc4-149d-40c0-897d-2844034d8141@group-C626CE820278-LeaderElection83] INFO  server.RaftServer$Division (RaftServerImpl.java:setRole(392)) - 40df8fc4-149d-40c0-897d-2844034d8141@group-C626CE820278: changes role from CANDIDATE to FOLLOWER at term 1 for REJECTED
2025-10-22 08:24:26,714 [40df8fc4-149d-40c0-897d-2844034d8141@group-C626CE820278-LeaderElection83] INFO  impl.RoleInfo (RoleInfo.java:shutdownLeaderElection(141)) - 40df8fc4-149d-40c0-897d-2844034d8141: shutdown 40df8fc4-149d-40c0-897d-2844034d8141@group-C626CE820278-LeaderElection83
2025-10-22 08:24:26,715 [40df8fc4-149d-40c0-897d-2844034d8141@group-C626CE820278-LeaderElection83] INFO  impl.RoleInfo (RoleInfo.java:updateAndGet(148)) - 40df8fc4-149d-40c0-897d-2844034d8141: start 40df8fc4-149d-40c0-897d-2844034d8141@group-C626CE820278-FollowerState
2025-10-22 08:24:26,881 [4d8a2798-959e-416b-b534-19c13b55a760@group-C626CE820278-FollowerState] INFO  impl.FollowerState (FollowerState.java:runImpl(161)) - 4d8a2798-959e-416b-b534-19c13b55a760@group-C626CE820278-FollowerState: change to CANDIDATE, lastRpcElapsedTime:1167310550ns, electionTimeout:1167ms
2025-10-22 08:24:26,881 [4d8a2798-959e-416b-b534-19c13b55a760@group-C626CE820278-FollowerState] INFO  impl.RoleInfo (RoleInfo.java:shutdownFollowerState(121)) - 4d8a2798-959e-416b-b534-19c13b55a760: shutdown 4d8a2798-959e-416b-b534-19c13b55a760@group-C626CE820278-FollowerState
2025-10-22 08:24:26,881 [4d8a2798-959e-416b-b534-19c13b55a760@group-C626CE820278-FollowerState] INFO  server.RaftServer$Division (RaftServerImpl.java:setRole(392)) - 4d8a2798-959e-416b-b534-19c13b55a760@group-C626CE820278: changes role from  FOLLOWER to CANDIDATE at term 1 for changeToCandidate
2025-10-22 08:24:26,881 [4d8a2798-959e-416b-b534-19c13b55a760@group-C626CE820278-FollowerState] INFO  impl.RoleInfo (RoleInfo.java:updateAndGet(148)) - 4d8a2798-959e-416b-b534-19c13b55a760: start 4d8a2798-959e-416b-b534-19c13b55a760@group-C626CE820278-LeaderElection84
2025-10-22 08:24:26,881 [4d8a2798-959e-416b-b534-19c13b55a760@group-C626CE820278-LeaderElection84] INFO  impl.LeaderElection (LeaderElection.java:askForVotes(448)) - 4d8a2798-959e-416b-b534-19c13b55a760@group-C626CE820278-LeaderElection84 PRE_VOTE round 0: submit vote requests at term 1 for conf: {index: 0, cur=peers:[4d8a2798-959e-416b-b534-19c13b55a760|127.0.0.1:15023, 1c036820-4dbe-4abe-80fb-5ca88de5e2f0|127.0.0.1:15015, 40df8fc4-149d-40c0-897d-2844034d8141|127.0.0.1:15031]|listeners:[], old=null}
2025-10-22 08:24:26,883 [grpc-default-executor-2] INFO  server.RaftServer$Division (RaftServerImpl.java:requestVote(1421)) - 40df8fc4-149d-40c0-897d-2844034d8141@group-C626CE820278: receive requestVote(PRE_VOTE, 4d8a2798-959e-416b-b534-19c13b55a760, group-C626CE820278, 1, (t:1, i:4))
2025-10-22 08:24:26,883 [grpc-default-executor-1] INFO  server.RaftServer$Division (RaftServerImpl.java:requestVote(1421)) - 1c036820-4dbe-4abe-80fb-5ca88de5e2f0@group-C626CE820278: receive requestVote(PRE_VOTE, 4d8a2798-959e-416b-b534-19c13b55a760, group-C626CE820278, 1, (t:1, i:4))
2025-10-22 08:24:26,883 [grpc-default-executor-2] INFO  impl.VoteContext (VoteContext.java:log(49)) - 40df8fc4-149d-40c0-897d-2844034d8141@group-C626CE820278-FOLLOWER: reject PRE_VOTE from 4d8a2798-959e-416b-b534-19c13b55a760: our priority 1 > candidate's priority 0
2025-10-22 08:24:26,883 [grpc-default-executor-1] INFO  impl.VoteContext (VoteContext.java:log(49)) - 1c036820-4dbe-4abe-80fb-5ca88de5e2f0@group-C626CE820278-FOLLOWER: accept PRE_VOTE from 4d8a2798-959e-416b-b534-19c13b55a760: our priority 0 <= candidate's priority 0
2025-10-22 08:24:26,883 [grpc-default-executor-2] INFO  server.RaftServer$Division (RaftServerImpl.java:requestVote(1455)) - 40df8fc4-149d-40c0-897d-2844034d8141@group-C626CE820278 replies to PRE_VOTE vote request: 4d8a2798-959e-416b-b534-19c13b55a760<-40df8fc4-149d-40c0-897d-2844034d8141#0:FAIL-t1-last:(t:1, i:4). Peer's state: 40df8fc4-149d-40c0-897d-2844034d8141@group-C626CE820278:t1, leader=null, voted=40df8fc4-149d-40c0-897d-2844034d8141, raftlog=Memoized:40df8fc4-149d-40c0-897d-2844034d8141@group-C626CE820278-SegmentedRaftLog:OPENED:c4:last(t:1, i:4), conf=conf: {index: 0, cur=peers:[4d8a2798-959e-416b-b534-19c13b55a760|127.0.0.1:15023, 1c036820-4dbe-4abe-80fb-5ca88de5e2f0|127.0.0.1:15015, 40df8fc4-149d-40c0-897d-2844034d8141|127.0.0.1:15031]|listeners:[], old=null}
2025-10-22 08:24:26,883 [grpc-default-executor-1] INFO  server.RaftServer$Division (RaftServerImpl.java:requestVote(1455)) - 1c036820-4dbe-4abe-80fb-5ca88de5e2f0@group-C626CE820278 replies to PRE_VOTE vote request: 4d8a2798-959e-416b-b534-19c13b55a760<-1c036820-4dbe-4abe-80fb-5ca88de5e2f0#0:OK-t1-last:(t:1, i:4). Peer's state: 1c036820-4dbe-4abe-80fb-5ca88de5e2f0@group-C626CE820278:t1, leader=null, voted=40df8fc4-149d-40c0-897d-2844034d8141, raftlog=Memoized:1c036820-4dbe-4abe-80fb-5ca88de5e2f0@group-C626CE820278-SegmentedRaftLog:OPENED:c4:last(t:1, i:4), conf=conf: {index: 0, cur=peers:[4d8a2798-959e-416b-b534-19c13b55a760|127.0.0.1:15023, 1c036820-4dbe-4abe-80fb-5ca88de5e2f0|127.0.0.1:15015, 40df8fc4-149d-40c0-897d-2844034d8141|127.0.0.1:15031]|listeners:[], old=null}
2025-10-22 08:24:26,884 [4d8a2798-959e-416b-b534-19c13b55a760@group-C626CE820278-LeaderElection84] INFO  impl.LeaderElection (LeaderElection.java:logAndReturn(206)) - 4d8a2798-959e-416b-b534-19c13b55a760@group-C626CE820278-LeaderElection84: PRE_VOTE REJECTED received 2 response(s) and 0 exception(s):
2025-10-22 08:24:26,884 [4d8a2798-959e-416b-b534-19c13b55a760@group-C626CE820278-LeaderElection84] INFO  impl.LeaderElection (LeaderElection.java:logAndReturn(210)) -   Response 0: 4d8a2798-959e-416b-b534-19c13b55a760<-1c036820-4dbe-4abe-80fb-5ca88de5e2f0#0:OK-t1-last:(t:1, i:4)
2025-10-22 08:24:26,884 [4d8a2798-959e-416b-b534-19c13b55a760@group-C626CE820278-LeaderElection84] INFO  impl.LeaderElection (LeaderElection.java:logAndReturn(210)) -   Response 1: 4d8a2798-959e-416b-b534-19c13b55a760<-40df8fc4-149d-40c0-897d-2844034d8141#0:FAIL-t1-last:(t:1, i:4)
2025-10-22 08:24:26,884 [4d8a2798-959e-416b-b534-19c13b55a760@group-C626CE820278-LeaderElection84] INFO  impl.LeaderElection (LeaderElection.java:askForVotes(450)) - 4d8a2798-959e-416b-b534-19c13b55a760@group-C626CE820278-LeaderElection84 PRE_VOTE round 0: result REJECTED
2025-10-22 08:24:26,884 [4d8a2798-959e-416b-b534-19c13b55a760@group-C626CE820278-LeaderElection84] INFO  server.RaftServer$Division (RaftServerImpl.java:setRole(392)) - 4d8a2798-959e-416b-b534-19c13b55a760@group-C626CE820278: changes role from CANDIDATE to FOLLOWER at term 1 for REJECTED
2025-10-22 08:24:26,884 [4d8a2798-959e-416b-b534-19c13b55a760@group-C626CE820278-LeaderElection84] INFO  impl.RoleInfo (RoleInfo.java:shutdownLeaderElection(141)) - 4d8a2798-959e-416b-b534-19c13b55a760: shutdown 4d8a2798-959e-416b-b534-19c13b55a760@group-C626CE820278-LeaderElection84
2025-10-22 08:24:26,885 [4d8a2798-959e-416b-b534-19c13b55a760@group-C626CE820278-LeaderElection84] INFO  impl.RoleInfo (RoleInfo.java:updateAndGet(148)) - 4d8a2798-959e-416b-b534-19c13b55a760: start 4d8a2798-959e-416b-b534-19c13b55a760@group-C626CE820278-FollowerState
2025-10-22 08:24:27,392 [9d21e184-bccf-4583-95a7-0fe616dd3b4b-CloseContainerThread-0] INFO  commandhandler.CloseContainerCommandHandler (CloseContainerCommandHandler.java:lambda$handle$0(154)) - Follower cannot close container #3.
2025-10-22 08:24:27,397 [9d21e184-bccf-4583-95a7-0fe616dd3b4b-ContainerOp-daae6601-de49-4157-b371-e8adafc04a7a-2] INFO  keyvalue.KeyValueContainer (KeyValueContainer.java:flushAndSyncDB(514)) - Synced container: KeyValueContainerData #3 (CLOSING, non-empty, ri=0, origin=[dn_9d21e184-bccf-4583-95a7-0fe616dd3b4b, pipeline_daae6601-de49-4157-b371-e8adafc04a7a])
2025-10-22 08:24:27,397 [0cab5a7d-6f40-474c-9abd-0651cf30726e-ContainerOp-daae6601-de49-4157-b371-e8adafc04a7a-2] INFO  keyvalue.KeyValueContainer (KeyValueContainer.java:flushAndSyncDB(514)) - Synced container: KeyValueContainerData #3 (CLOSING, non-empty, ri=0, origin=[dn_0cab5a7d-6f40-474c-9abd-0651cf30726e, pipeline_daae6601-de49-4157-b371-e8adafc04a7a])
2025-10-22 08:24:27,397 [9d21e184-bccf-4583-95a7-0fe616dd3b4b-ContainerOp-daae6601-de49-4157-b371-e8adafc04a7a-2] INFO  keyvalue.KeyValueContainer (KeyValueContainer.java:flushAndSyncDB(514)) - Synced container: KeyValueContainerData #3 (CLOSING, non-empty, ri=0, origin=[dn_9d21e184-bccf-4583-95a7-0fe616dd3b4b, pipeline_daae6601-de49-4157-b371-e8adafc04a7a])
2025-10-22 08:24:27,397 [0cab5a7d-6f40-474c-9abd-0651cf30726e-ContainerOp-daae6601-de49-4157-b371-e8adafc04a7a-2] INFO  keyvalue.KeyValueContainer (KeyValueContainer.java:flushAndSyncDB(514)) - Synced container: KeyValueContainerData #3 (CLOSING, non-empty, ri=0, origin=[dn_0cab5a7d-6f40-474c-9abd-0651cf30726e, pipeline_daae6601-de49-4157-b371-e8adafc04a7a])
2025-10-22 08:24:27,402 [9d21e184-bccf-4583-95a7-0fe616dd3b4b-ContainerOp-daae6601-de49-4157-b371-e8adafc04a7a-2] INFO  keyvalue.KeyValueContainer (KeyValueContainer.java:close(430)) - Closed container: KeyValueContainerData #3 (CLOSED, non-empty, ri=0, origin=[dn_9d21e184-bccf-4583-95a7-0fe616dd3b4b, pipeline_daae6601-de49-4157-b371-e8adafc04a7a])
2025-10-22 08:24:27,404 [8aba082c-257b-43e3-ba61-5d436c5b38fa-ContainerOp-daae6601-de49-4157-b371-e8adafc04a7a-2] INFO  keyvalue.KeyValueContainer (KeyValueContainer.java:flushAndSyncDB(514)) - Synced container: KeyValueContainerData #3 (CLOSING, non-empty, ri=0, origin=[dn_8aba082c-257b-43e3-ba61-5d436c5b38fa, pipeline_daae6601-de49-4157-b371-e8adafc04a7a])
2025-10-22 08:24:27,404 [8aba082c-257b-43e3-ba61-5d436c5b38fa-ContainerOp-daae6601-de49-4157-b371-e8adafc04a7a-2] INFO  keyvalue.KeyValueContainer (KeyValueContainer.java:flushAndSyncDB(514)) - Synced container: KeyValueContainerData #3 (CLOSING, non-empty, ri=0, origin=[dn_8aba082c-257b-43e3-ba61-5d436c5b38fa, pipeline_daae6601-de49-4157-b371-e8adafc04a7a])
2025-10-22 08:24:27,404 [0cab5a7d-6f40-474c-9abd-0651cf30726e-ContainerOp-daae6601-de49-4157-b371-e8adafc04a7a-2] INFO  keyvalue.KeyValueContainer (KeyValueContainer.java:close(430)) - Closed container: KeyValueContainerData #3 (CLOSED, non-empty, ri=0, origin=[dn_0cab5a7d-6f40-474c-9abd-0651cf30726e, pipeline_daae6601-de49-4157-b371-e8adafc04a7a])
2025-10-22 08:24:27,408 [8aba082c-257b-43e3-ba61-5d436c5b38fa-ContainerOp-daae6601-de49-4157-b371-e8adafc04a7a-2] INFO  keyvalue.KeyValueContainer (KeyValueContainer.java:close(430)) - Closed container: KeyValueContainerData #3 (CLOSED, non-empty, ri=0, origin=[dn_8aba082c-257b-43e3-ba61-5d436c5b38fa, pipeline_daae6601-de49-4157-b371-e8adafc04a7a])
2025-10-22 08:24:27,430 [FixedThreadPoolWithAffinityExecutor-0-0] INFO  container.IncrementalContainerReportHandler (AbstractContainerReportHandler.java:updateContainerState(289)) - CLOSE Container #3 (CLOSING, sid=2) r0 (CLOSED, bcsid=2, origin=8aba082c-257b-43e3-ba61-5d436c5b38fa, non-empty) from dn 8aba082c-257b-43e3-ba61-5d436c5b38fa(localhost/127.0.0.1)
2025-10-22 08:24:27,909 [40df8fc4-149d-40c0-897d-2844034d8141@group-C626CE820278-FollowerState] INFO  impl.FollowerState (FollowerState.java:runImpl(161)) - 40df8fc4-149d-40c0-897d-2844034d8141@group-C626CE820278-FollowerState: change to CANDIDATE, lastRpcElapsedTime:1194454925ns, electionTimeout:1194ms
2025-10-22 08:24:27,909 [40df8fc4-149d-40c0-897d-2844034d8141@group-C626CE820278-FollowerState] INFO  impl.RoleInfo (RoleInfo.java:shutdownFollowerState(121)) - 40df8fc4-149d-40c0-897d-2844034d8141: shutdown 40df8fc4-149d-40c0-897d-2844034d8141@group-C626CE820278-FollowerState
2025-10-22 08:24:27,909 [40df8fc4-149d-40c0-897d-2844034d8141@group-C626CE820278-FollowerState] INFO  server.RaftServer$Division (RaftServerImpl.java:setRole(392)) - 40df8fc4-149d-40c0-897d-2844034d8141@group-C626CE820278: changes role from  FOLLOWER to CANDIDATE at term 1 for changeToCandidate
2025-10-22 08:24:27,909 [40df8fc4-149d-40c0-897d-2844034d8141@group-C626CE820278-FollowerState] INFO  impl.RoleInfo (RoleInfo.java:updateAndGet(148)) - 40df8fc4-149d-40c0-897d-2844034d8141: start 40df8fc4-149d-40c0-897d-2844034d8141@group-C626CE820278-LeaderElection85
2025-10-22 08:24:27,910 [40df8fc4-149d-40c0-897d-2844034d8141@group-C626CE820278-LeaderElection85] INFO  impl.LeaderElection (LeaderElection.java:askForVotes(448)) - 40df8fc4-149d-40c0-897d-2844034d8141@group-C626CE820278-LeaderElection85 PRE_VOTE round 0: submit vote requests at term 1 for conf: {index: 0, cur=peers:[4d8a2798-959e-416b-b534-19c13b55a760|127.0.0.1:15023, 1c036820-4dbe-4abe-80fb-5ca88de5e2f0|127.0.0.1:15015, 40df8fc4-149d-40c0-897d-2844034d8141|127.0.0.1:15031]|listeners:[], old=null}
2025-10-22 08:24:27,911 [40df8fc4-149d-40c0-897d-2844034d8141@group-C626CE820278-LeaderElection85] INFO  impl.LeaderElection (LogUtils.java:infoOrTrace(142)) - 40df8fc4-149d-40c0-897d-2844034d8141@group-C626CE820278-LeaderElection85 got exception when requesting votes: java.util.concurrent.ExecutionException: org.apache.ratis.thirdparty.io.grpc.StatusRuntimeException: UNAVAILABLE: io exception
2025-10-22 08:24:27,911 [40df8fc4-149d-40c0-897d-2844034d8141@group-C626CE820278-LeaderElection85] INFO  impl.LeaderElection (LogUtils.java:infoOrTrace(142)) - 40df8fc4-149d-40c0-897d-2844034d8141@group-C626CE820278-LeaderElection85 got exception when requesting votes: java.util.concurrent.ExecutionException: org.apache.ratis.thirdparty.io.grpc.StatusRuntimeException: UNAVAILABLE: io exception
2025-10-22 08:24:27,911 [40df8fc4-149d-40c0-897d-2844034d8141@group-C626CE820278-LeaderElection85] INFO  impl.LeaderElection (LeaderElection.java:logAndReturn(206)) - 40df8fc4-149d-40c0-897d-2844034d8141@group-C626CE820278-LeaderElection85: PRE_VOTE REJECTED received 0 response(s) and 2 exception(s):
2025-10-22 08:24:27,911 [40df8fc4-149d-40c0-897d-2844034d8141@group-C626CE820278-LeaderElection85] INFO  impl.LeaderElection (LogUtils.java:infoOrTrace(142)) -   Exception 0: java.util.concurrent.ExecutionException: org.apache.ratis.thirdparty.io.grpc.StatusRuntimeException: UNAVAILABLE: io exception
2025-10-22 08:24:27,911 [40df8fc4-149d-40c0-897d-2844034d8141@group-C626CE820278-LeaderElection85] INFO  impl.LeaderElection (LogUtils.java:infoOrTrace(142)) -   Exception 1: java.util.concurrent.ExecutionException: org.apache.ratis.thirdparty.io.grpc.StatusRuntimeException: UNAVAILABLE: io exception
2025-10-22 08:24:27,912 [40df8fc4-149d-40c0-897d-2844034d8141@group-C626CE820278-LeaderElection85] INFO  impl.LeaderElection (LeaderElection.java:askForVotes(450)) - 40df8fc4-149d-40c0-897d-2844034d8141@group-C626CE820278-LeaderElection85 PRE_VOTE round 0: result REJECTED
2025-10-22 08:24:27,912 [40df8fc4-149d-40c0-897d-2844034d8141@group-C626CE820278-LeaderElection85] INFO  server.RaftServer$Division (RaftServerImpl.java:setRole(392)) - 40df8fc4-149d-40c0-897d-2844034d8141@group-C626CE820278: changes role from CANDIDATE to FOLLOWER at term 1 for REJECTED
2025-10-22 08:24:27,912 [40df8fc4-149d-40c0-897d-2844034d8141@group-C626CE820278-LeaderElection85] INFO  impl.RoleInfo (RoleInfo.java:shutdownLeaderElection(141)) - 40df8fc4-149d-40c0-897d-2844034d8141: shutdown 40df8fc4-149d-40c0-897d-2844034d8141@group-C626CE820278-LeaderElection85
2025-10-22 08:24:27,912 [40df8fc4-149d-40c0-897d-2844034d8141@group-C626CE820278-LeaderElection85] INFO  impl.RoleInfo (RoleInfo.java:updateAndGet(148)) - 40df8fc4-149d-40c0-897d-2844034d8141: start 40df8fc4-149d-40c0-897d-2844034d8141@group-C626CE820278-FollowerState
2025-10-22T08:24:27.910552427Z 0cab5a7d-6f40-474c-9abd-0651cf30726e-client-thread1 ERROR user=null | ip=null | op=WRITE_CHUNK {"blockData":"conID: 3 locID: 115816896921600003 bcsId: 2 replicaIndex: 0","offset":"1048576","size":"1048576"} | ret=FAILURE
org.apache.hadoop.hdds.scm.container.common.helpers.ContainerNotOpenException: Container 3 in CLOSED state
	at org.apache.hadoop.ozone.container.common.impl.HddsDispatcher.validateContainerCommand(HddsDispatcher.java:581)
	at org.apache.hadoop.ozone.container.common.transport.server.ratis.ContainerStateMachine.startTransaction(ContainerStateMachine.java:488)
	at org.apache.ratis.server.impl.RaftServerImpl.writeAsyncImpl(RaftServerImpl.java:987)
	at org.apache.ratis.server.impl.RaftServerImpl.writeAsync(RaftServerImpl.java:960)
	at org.apache.ratis.server.impl.RaftServerImpl.replyFuture(RaftServerImpl.java:953)
	at org.apache.ratis.server.impl.RaftServerImpl.submitClientRequestAsync(RaftServerImpl.java:930)
	at org.apache.ratis.server.impl.RaftServerImpl.lambda$null$11(RaftServerImpl.java:919)
	at org.apache.ratis.util.JavaUtils.callAsUnchecked(JavaUtils.java:118)
	at org.apache.ratis.server.impl.RaftServerImpl.lambda$executeSubmitClientRequestAsync$12(RaftServerImpl.java:919)
	at java.base/java.util.concurrent.CompletableFuture$AsyncSupply.run(CompletableFuture.java:1768)
	at java.base/java.util.concurrent.ThreadPoolExecutor.runWorker(ThreadPoolExecutor.java:1144)
	at java.base/java.util.concurrent.ThreadPoolExecutor$Worker.run(ThreadPoolExecutor.java:642)
	at java.base/java.lang.Thread.run(Thread.java:1583)
2025-10-22 08:24:27,921 [grpc-default-executor-1] ERROR impl.OrderedAsync (OrderedAsync.java:lambda$send$4(181)) - Failed to send request, message=cmdType: WriteChunk traceID: "" containerID: 3 datanodeUuid: "0cab5a7d-6f40-474c-9abd-0651cf30726e" writeChunk { blockID { containerID: 3 localID: 115816896921600003 blockCommitSequenceId: 2 replicaIndex: 0 } chunkData { chunkName: "115816896921600003_chunk_2" offset: 1048576 len: 1048576 } } version: 3, data.size=1048576
java.util.concurrent.CompletionException: org.apache.ratis.protocol.exceptions.StateMachineException: org.apache.hadoop.hdds.scm.container.common.helpers.ContainerNotOpenException from Server 0cab5a7d-6f40-474c-9abd-0651cf30726e@group-E8ADAFC04A7A: Container 3 in CLOSED state
	at org.apache.ratis.client.impl.RaftClientImpl.handleRaftException(RaftClientImpl.java:373)
	at org.apache.ratis.client.impl.OrderedAsync.lambda$send$3(OrderedAsync.java:175)
	at java.base/java.util.concurrent.CompletableFuture$UniApply.tryFire(CompletableFuture.java:646)
	at java.base/java.util.concurrent.CompletableFuture.postComplete(CompletableFuture.java:510)
	at java.base/java.util.concurrent.CompletableFuture.complete(CompletableFuture.java:2179)
	at org.apache.ratis.client.impl.OrderedAsync$PendingOrderedRequest.setReply(OrderedAsync.java:105)
	at org.apache.ratis.client.impl.OrderedAsync$PendingOrderedRequest.setReply(OrderedAsync.java:66)
	at org.apache.ratis.util.SlidingWindow$RequestMap.setReply(SlidingWindow.java:147)
	at org.apache.ratis.util.SlidingWindow$Client.receiveReply(SlidingWindow.java:351)
	at org.apache.ratis.client.impl.OrderedAsync.lambda$sendRequestWithRetry$5(OrderedAsync.java:210)
	at java.base/java.util.concurrent.CompletableFuture$UniAccept.tryFire(CompletableFuture.java:718)
	at java.base/java.util.concurrent.CompletableFuture.postComplete(CompletableFuture.java:510)
	at java.base/java.util.concurrent.CompletableFuture.complete(CompletableFuture.java:2179)
	at org.apache.ratis.grpc.client.GrpcClientProtocolClient$AsyncStreamObservers$1.lambda$onNext$0(GrpcClientProtocolClient.java:325)
	at java.base/java.util.Optional.ifPresent(Optional.java:178)
	at org.apache.ratis.grpc.client.GrpcClientProtocolClient$AsyncStreamObservers.handleReplyFuture(GrpcClientProtocolClient.java:381)
	at org.apache.ratis.grpc.client.GrpcClientProtocolClient$AsyncStreamObservers.access$100(GrpcClientProtocolClient.java:303)
	at org.apache.ratis.grpc.client.GrpcClientProtocolClient$AsyncStreamObservers$1.onNext(GrpcClientProtocolClient.java:325)
	at org.apache.ratis.grpc.client.GrpcClientProtocolClient$AsyncStreamObservers$1.onNext(GrpcClientProtocolClient.java:308)
	at org.apache.ratis.thirdparty.io.grpc.stub.ClientCalls$StreamObserverToCallListenerAdapter.onMessage(ClientCalls.java:551)
	at org.apache.ratis.thirdparty.io.grpc.ForwardingClientCallListener.onMessage(ForwardingClientCallListener.java:33)
	at org.apache.ratis.thirdparty.io.grpc.internal.DelayedClientCall$DelayedListener.onMessage(DelayedClientCall.java:473)
	at org.apache.ratis.thirdparty.io.grpc.internal.ClientCallImpl$ClientStreamListenerImpl$1MessagesAvailable.runInternal(ClientCallImpl.java:661)
	at org.apache.ratis.thirdparty.io.grpc.internal.ClientCallImpl$ClientStreamListenerImpl$1MessagesAvailable.runInContext(ClientCallImpl.java:648)
	at org.apache.ratis.thirdparty.io.grpc.internal.ContextRunnable.run(ContextRunnable.java:37)
	at org.apache.ratis.thirdparty.io.grpc.internal.SerializingExecutor.run(SerializingExecutor.java:133)
	at java.base/java.util.concurrent.ThreadPoolExecutor.runWorker(ThreadPoolExecutor.java:1144)
	at java.base/java.util.concurrent.ThreadPoolExecutor$Worker.run(ThreadPoolExecutor.java:642)
	at java.base/java.lang.Thread.run(Thread.java:1583)
Caused by: org.apache.ratis.protocol.exceptions.StateMachineException: org.apache.hadoop.hdds.scm.container.common.helpers.ContainerNotOpenException from Server 0cab5a7d-6f40-474c-9abd-0651cf30726e@group-E8ADAFC04A7A: Container 3 in CLOSED state
	at org.apache.hadoop.ozone.container.common.impl.HddsDispatcher.validateContainerCommand(HddsDispatcher.java:581)
	at org.apache.hadoop.ozone.container.common.transport.server.ratis.ContainerStateMachine.startTransaction(ContainerStateMachine.java:488)
	at org.apache.ratis.server.impl.RaftServerImpl.writeAsyncImpl(RaftServerImpl.java:987)
	at org.apache.ratis.server.impl.RaftServerImpl.writeAsync(RaftServerImpl.java:960)
	at org.apache.ratis.server.impl.RaftServerImpl.replyFuture(RaftServerImpl.java:953)
	at org.apache.ratis.server.impl.RaftServerImpl.submitClientRequestAsync(RaftServerImpl.java:930)
	at org.apache.ratis.server.impl.RaftServerImpl.lambda$null$11(RaftServerImpl.java:919)
	at org.apache.ratis.util.JavaUtils.callAsUnchecked(JavaUtils.java:118)
	at org.apache.ratis.server.impl.RaftServerImpl.lambda$executeSubmitClientRequestAsync$12(RaftServerImpl.java:919)
	at java.base/java.util.concurrent.CompletableFuture$AsyncSupply.run(CompletableFuture.java:1768)
	... 3 more
Caused by: org.apache.hadoop.hdds.scm.container.common.helpers.ContainerNotOpenException: Container 3 in CLOSED state
	at java.base/jdk.internal.reflect.DirectConstructorHandleAccessor.newInstance(DirectConstructorHandleAccessor.java:62)
	at java.base/java.lang.reflect.Constructor.newInstanceWithCaller(Constructor.java:502)
	at java.base/java.lang.reflect.Constructor.newInstance(Constructor.java:486)
	at org.apache.ratis.util.ReflectionUtils.instantiateException(ReflectionUtils.java:265)
	at org.apache.ratis.client.impl.ClientProtoUtils.toStateMachineException(ClientProtoUtils.java:455)
	at org.apache.ratis.client.impl.ClientProtoUtils.toStateMachineException(ClientProtoUtils.java:441)
	at org.apache.ratis.client.impl.ClientProtoUtils.toRaftClientReply(ClientProtoUtils.java:408)
	at org.apache.ratis.grpc.client.GrpcClientProtocolClient$AsyncStreamObservers$1.onNext(GrpcClientProtocolClient.java:313)
	at org.apache.ratis.grpc.client.GrpcClientProtocolClient$AsyncStreamObservers$1.onNext(GrpcClientProtocolClient.java:308)
	at org.apache.ratis.thirdparty.io.grpc.stub.ClientCalls$StreamObserverToCallListenerAdapter.onMessage(ClientCalls.java:551)
	at org.apache.ratis.thirdparty.io.grpc.ForwardingClientCallListener.onMessage(ForwardingClientCallListener.java:33)
	at org.apache.ratis.thirdparty.io.grpc.internal.DelayedClientCall$DelayedListener.onMessage(DelayedClientCall.java:473)
	at org.apache.ratis.thirdparty.io.grpc.internal.ClientCallImpl$ClientStreamListenerImpl$1MessagesAvailable.runInternal(ClientCallImpl.java:661)
	at org.apache.ratis.thirdparty.io.grpc.internal.ClientCallImpl$ClientStreamListenerImpl$1MessagesAvailable.runInContext(ClientCallImpl.java:648)
	at org.apache.ratis.thirdparty.io.grpc.internal.ContextRunnable.run(ContextRunnable.java:37)
	at org.apache.ratis.thirdparty.io.grpc.internal.SerializingExecutor.run(SerializingExecutor.java:133)
	... 3 more
2025-10-22T08:24:27.923787469Z 0cab5a7d-6f40-474c-9abd-0651cf30726e-client-thread1 ERROR user=null | ip=null | op=PUT_BLOCK {"blockData":"[blockId=conID: 3 locID: 115816896921600003 bcsId: 0 replicaIndex: null, size=2097152]"} | ret=FAILURE
org.apache.hadoop.hdds.scm.container.common.helpers.ContainerNotOpenException: Container 3 in CLOSED state
	at org.apache.hadoop.ozone.container.common.impl.HddsDispatcher.validateContainerCommand(HddsDispatcher.java:581)
	at org.apache.hadoop.ozone.container.common.transport.server.ratis.ContainerStateMachine.startTransaction(ContainerStateMachine.java:488)
	at org.apache.ratis.server.impl.RaftServerImpl.writeAsyncImpl(RaftServerImpl.java:987)
	at org.apache.ratis.server.impl.RaftServerImpl.writeAsync(RaftServerImpl.java:960)
	at org.apache.ratis.server.impl.RaftServerImpl.replyFuture(RaftServerImpl.java:953)
	at org.apache.ratis.server.impl.RaftServerImpl.submitClientRequestAsync(RaftServerImpl.java:930)
	at org.apache.ratis.server.impl.RaftServerImpl.lambda$null$11(RaftServerImpl.java:919)
	at org.apache.ratis.util.JavaUtils.callAsUnchecked(JavaUtils.java:118)
	at org.apache.ratis.server.impl.RaftServerImpl.lambda$executeSubmitClientRequestAsync$12(RaftServerImpl.java:919)
	at java.base/java.util.concurrent.CompletableFuture$AsyncSupply.run(CompletableFuture.java:1768)
	at java.base/java.util.concurrent.ThreadPoolExecutor.runWorker(ThreadPoolExecutor.java:1144)
	at java.base/java.util.concurrent.ThreadPoolExecutor$Worker.run(ThreadPoolExecutor.java:642)
	at java.base/java.lang.Thread.run(Thread.java:1583)
2025-10-22 08:24:27,932 [grpc-default-executor-2] ERROR impl.OrderedAsync (OrderedAsync.java:lambda$send$4(181)) - Failed to send request, message=cmdType: PutBlock traceID: "" containerID: 3 datanodeUuid: "0cab5a7d-6f40-474c-9abd-0651cf30726e" putBlock { blockData { blockID { containerID: 3 localID: 115816896921600003 blockCommitSequenceId: 0 } metadata { key: "TYPE" value: "KEY" } chunks { chunkName: "115816896921600003_chunk_1" offset: 0 len: 1048576 } chunks { chunkName: "115816896921600003_chunk_2" offset: 1048576 len: 1048576 } } eof: false } version: 3, data.size=0
java.util.concurrent.CompletionException: org.apache.ratis.protocol.exceptions.StateMachineException: org.apache.hadoop.hdds.scm.container.common.helpers.ContainerNotOpenException from Server 0cab5a7d-6f40-474c-9abd-0651cf30726e@group-E8ADAFC04A7A: Container 3 in CLOSED state
	at org.apache.ratis.client.impl.RaftClientImpl.handleRaftException(RaftClientImpl.java:373)
	at org.apache.ratis.client.impl.OrderedAsync.lambda$send$3(OrderedAsync.java:175)
	at java.base/java.util.concurrent.CompletableFuture$UniApply.tryFire(CompletableFuture.java:646)
	at java.base/java.util.concurrent.CompletableFuture.postComplete(CompletableFuture.java:510)
	at java.base/java.util.concurrent.CompletableFuture.complete(CompletableFuture.java:2179)
	at org.apache.ratis.client.impl.OrderedAsync$PendingOrderedRequest.setReply(OrderedAsync.java:105)
	at org.apache.ratis.client.impl.OrderedAsync$PendingOrderedRequest.setReply(OrderedAsync.java:66)
	at org.apache.ratis.util.SlidingWindow$RequestMap.setReply(SlidingWindow.java:147)
	at org.apache.ratis.util.SlidingWindow$Client.receiveReply(SlidingWindow.java:351)
	at org.apache.ratis.client.impl.OrderedAsync.lambda$sendRequestWithRetry$5(OrderedAsync.java:210)
	at java.base/java.util.concurrent.CompletableFuture$UniAccept.tryFire(CompletableFuture.java:718)
	at java.base/java.util.concurrent.CompletableFuture.postComplete(CompletableFuture.java:510)
	at java.base/java.util.concurrent.CompletableFuture.complete(CompletableFuture.java:2179)
	at org.apache.ratis.grpc.client.GrpcClientProtocolClient$AsyncStreamObservers$1.lambda$onNext$0(GrpcClientProtocolClient.java:325)
	at java.base/java.util.Optional.ifPresent(Optional.java:178)
	at org.apache.ratis.grpc.client.GrpcClientProtocolClient$AsyncStreamObservers.handleReplyFuture(GrpcClientProtocolClient.java:381)
	at org.apache.ratis.grpc.client.GrpcClientProtocolClient$AsyncStreamObservers.access$100(GrpcClientProtocolClient.java:303)
	at org.apache.ratis.grpc.client.GrpcClientProtocolClient$AsyncStreamObservers$1.onNext(GrpcClientProtocolClient.java:325)
	at org.apache.ratis.grpc.client.GrpcClientProtocolClient$AsyncStreamObservers$1.onNext(GrpcClientProtocolClient.java:308)
	at org.apache.ratis.thirdparty.io.grpc.stub.ClientCalls$StreamObserverToCallListenerAdapter.onMessage(ClientCalls.java:551)
	at org.apache.ratis.thirdparty.io.grpc.ForwardingClientCallListener.onMessage(ForwardingClientCallListener.java:33)
	at org.apache.ratis.thirdparty.io.grpc.internal.DelayedClientCall$DelayedListener.onMessage(DelayedClientCall.java:473)
	at org.apache.ratis.thirdparty.io.grpc.internal.ClientCallImpl$ClientStreamListenerImpl$1MessagesAvailable.runInternal(ClientCallImpl.java:661)
	at org.apache.ratis.thirdparty.io.grpc.internal.ClientCallImpl$ClientStreamListenerImpl$1MessagesAvailable.runInContext(ClientCallImpl.java:648)
	at org.apache.ratis.thirdparty.io.grpc.internal.ContextRunnable.run(ContextRunnable.java:37)
	at org.apache.ratis.thirdparty.io.grpc.internal.SerializingExecutor.run(SerializingExecutor.java:133)
	at java.base/java.util.concurrent.ThreadPoolExecutor.runWorker(ThreadPoolExecutor.java:1144)
	at java.base/java.util.concurrent.ThreadPoolExecutor$Worker.run(ThreadPoolExecutor.java:642)
	at java.base/java.lang.Thread.run(Thread.java:1583)
Caused by: org.apache.ratis.protocol.exceptions.StateMachineException: org.apache.hadoop.hdds.scm.container.common.helpers.ContainerNotOpenException from Server 0cab5a7d-6f40-474c-9abd-0651cf30726e@group-E8ADAFC04A7A: Container 3 in CLOSED state
	at org.apache.hadoop.ozone.container.common.impl.HddsDispatcher.validateContainerCommand(HddsDispatcher.java:581)
	at org.apache.hadoop.ozone.container.common.transport.server.ratis.ContainerStateMachine.startTransaction(ContainerStateMachine.java:488)
	at org.apache.ratis.server.impl.RaftServerImpl.writeAsyncImpl(RaftServerImpl.java:987)
	at org.apache.ratis.server.impl.RaftServerImpl.writeAsync(RaftServerImpl.java:960)
	at org.apache.ratis.server.impl.RaftServerImpl.replyFuture(RaftServerImpl.java:953)
	at org.apache.ratis.server.impl.RaftServerImpl.submitClientRequestAsync(RaftServerImpl.java:930)
	at org.apache.ratis.server.impl.RaftServerImpl.lambda$null$11(RaftServerImpl.java:919)
	at org.apache.ratis.util.JavaUtils.callAsUnchecked(JavaUtils.java:118)
	at org.apache.ratis.server.impl.RaftServerImpl.lambda$executeSubmitClientRequestAsync$12(RaftServerImpl.java:919)
	at java.base/java.util.concurrent.CompletableFuture$AsyncSupply.run(CompletableFuture.java:1768)
	... 3 more
Caused by: org.apache.hadoop.hdds.scm.container.common.helpers.ContainerNotOpenException: Container 3 in CLOSED state
	at java.base/jdk.internal.reflect.DirectConstructorHandleAccessor.newInstance(DirectConstructorHandleAccessor.java:62)
	at java.base/java.lang.reflect.Constructor.newInstanceWithCaller(Constructor.java:502)
	at java.base/java.lang.reflect.Constructor.newInstance(Constructor.java:486)
	at org.apache.ratis.util.ReflectionUtils.instantiateException(ReflectionUtils.java:265)
	at org.apache.ratis.client.impl.ClientProtoUtils.toStateMachineException(ClientProtoUtils.java:455)
	at org.apache.ratis.client.impl.ClientProtoUtils.toStateMachineException(ClientProtoUtils.java:441)
	at org.apache.ratis.client.impl.ClientProtoUtils.toRaftClientReply(ClientProtoUtils.java:408)
	at org.apache.ratis.grpc.client.GrpcClientProtocolClient$AsyncStreamObservers$1.onNext(GrpcClientProtocolClient.java:313)
	at org.apache.ratis.grpc.client.GrpcClientProtocolClient$AsyncStreamObservers$1.onNext(GrpcClientProtocolClient.java:308)
	at org.apache.ratis.thirdparty.io.grpc.stub.ClientCalls$StreamObserverToCallListenerAdapter.onMessage(ClientCalls.java:551)
	at org.apache.ratis.thirdparty.io.grpc.ForwardingClientCallListener.onMessage(ForwardingClientCallListener.java:33)
	at org.apache.ratis.thirdparty.io.grpc.internal.DelayedClientCall$DelayedListener.onMessage(DelayedClientCall.java:473)
	at org.apache.ratis.thirdparty.io.grpc.internal.ClientCallImpl$ClientStreamListenerImpl$1MessagesAvailable.runInternal(ClientCallImpl.java:661)
	at org.apache.ratis.thirdparty.io.grpc.internal.ClientCallImpl$ClientStreamListenerImpl$1MessagesAvailable.runInContext(ClientCallImpl.java:648)
	at org.apache.ratis.thirdparty.io.grpc.internal.ContextRunnable.run(ContextRunnable.java:37)
	at org.apache.ratis.thirdparty.io.grpc.internal.SerializingExecutor.run(SerializingExecutor.java:133)
	... 3 more
2025-10-22 08:24:27,950 [4d8a2798-959e-416b-b534-19c13b55a760@group-C626CE820278-FollowerState] INFO  impl.FollowerState (FollowerState.java:runImpl(161)) - 4d8a2798-959e-416b-b534-19c13b55a760@group-C626CE820278-FollowerState: change to CANDIDATE, lastRpcElapsedTime:1065286803ns, electionTimeout:1065ms
2025-10-22 08:24:27,954 [4d8a2798-959e-416b-b534-19c13b55a760@group-C626CE820278-FollowerState] INFO  impl.RoleInfo (RoleInfo.java:shutdownFollowerState(121)) - 4d8a2798-959e-416b-b534-19c13b55a760: shutdown 4d8a2798-959e-416b-b534-19c13b55a760@group-C626CE820278-FollowerState
2025-10-22 08:24:27,955 [4d8a2798-959e-416b-b534-19c13b55a760@group-C626CE820278-FollowerState] INFO  server.RaftServer$Division (RaftServerImpl.java:setRole(392)) - 4d8a2798-959e-416b-b534-19c13b55a760@group-C626CE820278: changes role from  FOLLOWER to CANDIDATE at term 1 for changeToCandidate
2025-10-22 08:24:27,955 [4d8a2798-959e-416b-b534-19c13b55a760@group-C626CE820278-FollowerState] INFO  impl.RoleInfo (RoleInfo.java:updateAndGet(148)) - 4d8a2798-959e-416b-b534-19c13b55a760: start 4d8a2798-959e-416b-b534-19c13b55a760@group-C626CE820278-LeaderElection86
2025-10-22 08:24:27,958 [4d8a2798-959e-416b-b534-19c13b55a760@group-C626CE820278-LeaderElection86] INFO  impl.LeaderElection (LeaderElection.java:askForVotes(448)) - 4d8a2798-959e-416b-b534-19c13b55a760@group-C626CE820278-LeaderElection86 PRE_VOTE round 0: submit vote requests at term 1 for conf: {index: 0, cur=peers:[4d8a2798-959e-416b-b534-19c13b55a760|127.0.0.1:15023, 1c036820-4dbe-4abe-80fb-5ca88de5e2f0|127.0.0.1:15015, 40df8fc4-149d-40c0-897d-2844034d8141|127.0.0.1:15031]|listeners:[], old=null}
2025-10-22 08:24:27,961 [grpc-default-executor-2] INFO  server.RaftServer$Division (RaftServerImpl.java:requestVote(1421)) - 40df8fc4-149d-40c0-897d-2844034d8141@group-C626CE820278: receive requestVote(PRE_VOTE, 4d8a2798-959e-416b-b534-19c13b55a760, group-C626CE820278, 1, (t:1, i:4))
2025-10-22 08:24:27,961 [grpc-default-executor-2] INFO  impl.VoteContext (VoteContext.java:log(49)) - 40df8fc4-149d-40c0-897d-2844034d8141@group-C626CE820278-FOLLOWER: reject PRE_VOTE from 4d8a2798-959e-416b-b534-19c13b55a760: our priority 1 > candidate's priority 0
2025-10-22 08:24:27,961 [grpc-default-executor-2] INFO  server.RaftServer$Division (RaftServerImpl.java:requestVote(1455)) - 40df8fc4-149d-40c0-897d-2844034d8141@group-C626CE820278 replies to PRE_VOTE vote request: 4d8a2798-959e-416b-b534-19c13b55a760<-40df8fc4-149d-40c0-897d-2844034d8141#0:FAIL-t1-last:(t:1, i:4). Peer's state: 40df8fc4-149d-40c0-897d-2844034d8141@group-C626CE820278:t1, leader=null, voted=40df8fc4-149d-40c0-897d-2844034d8141, raftlog=Memoized:40df8fc4-149d-40c0-897d-2844034d8141@group-C626CE820278-SegmentedRaftLog:OPENED:c4:last(t:1, i:4), conf=conf: {index: 0, cur=peers:[4d8a2798-959e-416b-b534-19c13b55a760|127.0.0.1:15023, 1c036820-4dbe-4abe-80fb-5ca88de5e2f0|127.0.0.1:15015, 40df8fc4-149d-40c0-897d-2844034d8141|127.0.0.1:15031]|listeners:[], old=null}
2025-10-22 08:24:27,962 [grpc-default-executor-2] INFO  server.RaftServer$Division (RaftServerImpl.java:requestVote(1421)) - 1c036820-4dbe-4abe-80fb-5ca88de5e2f0@group-C626CE820278: receive requestVote(PRE_VOTE, 4d8a2798-959e-416b-b534-19c13b55a760, group-C626CE820278, 1, (t:1, i:4))
2025-10-22 08:24:27,962 [grpc-default-executor-2] INFO  impl.VoteContext (VoteContext.java:log(49)) - 1c036820-4dbe-4abe-80fb-5ca88de5e2f0@group-C626CE820278-FOLLOWER: accept PRE_VOTE from 4d8a2798-959e-416b-b534-19c13b55a760: our priority 0 <= candidate's priority 0
2025-10-22 08:24:27,962 [grpc-default-executor-2] INFO  server.RaftServer$Division (RaftServerImpl.java:requestVote(1455)) - 1c036820-4dbe-4abe-80fb-5ca88de5e2f0@group-C626CE820278 replies to PRE_VOTE vote request: 4d8a2798-959e-416b-b534-19c13b55a760<-1c036820-4dbe-4abe-80fb-5ca88de5e2f0#0:OK-t1-last:(t:1, i:4). Peer's state: 1c036820-4dbe-4abe-80fb-5ca88de5e2f0@group-C626CE820278:t1, leader=null, voted=40df8fc4-149d-40c0-897d-2844034d8141, raftlog=Memoized:1c036820-4dbe-4abe-80fb-5ca88de5e2f0@group-C626CE820278-SegmentedRaftLog:OPENED:c4:last(t:1, i:4), conf=conf: {index: 0, cur=peers:[4d8a2798-959e-416b-b534-19c13b55a760|127.0.0.1:15023, 1c036820-4dbe-4abe-80fb-5ca88de5e2f0|127.0.0.1:15015, 40df8fc4-149d-40c0-897d-2844034d8141|127.0.0.1:15031]|listeners:[], old=null}
2025-10-22 08:24:27,965 [4d8a2798-959e-416b-b534-19c13b55a760@group-C626CE820278-LeaderElection86] INFO  impl.LeaderElection (LeaderElection.java:logAndReturn(206)) - 4d8a2798-959e-416b-b534-19c13b55a760@group-C626CE820278-LeaderElection86: PRE_VOTE REJECTED received 1 response(s) and 0 exception(s):
2025-10-22 08:24:27,965 [4d8a2798-959e-416b-b534-19c13b55a760@group-C626CE820278-LeaderElection86] INFO  impl.LeaderElection (LeaderElection.java:logAndReturn(210)) -   Response 0: 4d8a2798-959e-416b-b534-19c13b55a760<-40df8fc4-149d-40c0-897d-2844034d8141#0:FAIL-t1-last:(t:1, i:4)
2025-10-22 08:24:27,965 [4d8a2798-959e-416b-b534-19c13b55a760@group-C626CE820278-LeaderElection86] INFO  impl.LeaderElection (LeaderElection.java:askForVotes(450)) - 4d8a2798-959e-416b-b534-19c13b55a760@group-C626CE820278-LeaderElection86 PRE_VOTE round 0: result REJECTED
2025-10-22 08:24:27,965 [4d8a2798-959e-416b-b534-19c13b55a760@group-C626CE820278-LeaderElection86] INFO  server.RaftServer$Division (RaftServerImpl.java:setRole(392)) - 4d8a2798-959e-416b-b534-19c13b55a760@group-C626CE820278: changes role from CANDIDATE to FOLLOWER at term 1 for REJECTED
2025-10-22 08:24:27,965 [4d8a2798-959e-416b-b534-19c13b55a760@group-C626CE820278-LeaderElection86] INFO  impl.RoleInfo (RoleInfo.java:shutdownLeaderElection(141)) - 4d8a2798-959e-416b-b534-19c13b55a760: shutdown 4d8a2798-959e-416b-b534-19c13b55a760@group-C626CE820278-LeaderElection86
2025-10-22 08:24:27,965 [4d8a2798-959e-416b-b534-19c13b55a760@group-C626CE820278-LeaderElection86] INFO  impl.RoleInfo (RoleInfo.java:updateAndGet(148)) - 4d8a2798-959e-416b-b534-19c13b55a760: start 4d8a2798-959e-416b-b534-19c13b55a760@group-C626CE820278-FollowerState
2025-10-22 08:24:27,976 [ForkJoinPool-1-worker-1] INFO  io.BlockOutputStreamEntry (BlockOutputStreamEntry.java:writeOnRetry(192)) - BlockOutputStreamEntry:2d2a591a-bc58-47b6-b592-6c35609eed9b conID: 4 locID: 115816896921600004 bcsId: 0 replicaIndex: null: Finish retrying with len 1048576, currentPosition 1048576
2025-10-22 08:24:27,977 [ForkJoinPool-1-worker-1] INFO  io.BlockOutputStreamEntry (BlockOutputStreamEntry.java:finishRetryHandling(141)) - BlockOutputStreamEntry:2d2a591a-bc58-47b6-b592-6c35609eed9b conID: 4 locID: 115816896921600004 bcsId: 0 replicaIndex: null: Exiting retry handling mode
]]></system-out>
  </testcase>
  <testcase name="testWriteSmallFile" classname="org.apache.hadoop.ozone.client.rpc.TestFailureHandlingByClient" time="39.695">
    <system-out><![CDATA[2025-10-22 08:24:28,088 [ForkJoinPool-1-worker-1] INFO  ozoneimpl.OzoneContainer (OzoneContainer.java:stop(568)) - Attempting to stop container services.
2025-10-22 08:24:28,089 [ContainerMetadataScanner] WARN  ozoneimpl.AbstractBackgroundContainerScanner (AbstractBackgroundContainerScanner.java:handleRemainingSleep(136)) - Background container scan was interrupted.
2025-10-22 08:24:28,089 [ContainerMetadataScanner] INFO  ozoneimpl.AbstractBackgroundContainerScanner (AbstractBackgroundContainerScanner.java:run(63)) - org.apache.hadoop.ozone.container.ozoneimpl.BackgroundContainerMetadataScanner@38984eea exiting.
2025-10-22 08:24:28,089 [ForkJoinPool-1-worker-1] INFO  ozoneimpl.BackgroundContainerDataScanner (BackgroundContainerDataScanner.java:shutdown(87)) - ContainerDataScanner(/home/runner/work/ozone/ozone/hadoop-ozone/integration-test/target/test-dir/MiniOzoneClusterImpl-a412b9f6-7d8b-4de3-a85c-9946bceaa3a0/ozone-metadata/datanode-2/data-0/hdds) is shutting down. 
2025-10-22 08:24:28,091 [ContainerDataScanner(/home/runner/work/ozone/ozone/hadoop-ozone/integration-test/target/test-dir/MiniOzoneClusterImpl-a412b9f6-7d8b-4de3-a85c-9946bceaa3a0/ozone-metadata/datanode-2/data-0/hdds)] WARN  ozoneimpl.AbstractBackgroundContainerScanner (AbstractBackgroundContainerScanner.java:handleRemainingSleep(136)) - Background container scan was interrupted.
2025-10-22 08:24:28,091 [ContainerDataScanner(/home/runner/work/ozone/ozone/hadoop-ozone/integration-test/target/test-dir/MiniOzoneClusterImpl-a412b9f6-7d8b-4de3-a85c-9946bceaa3a0/ozone-metadata/datanode-2/data-0/hdds)] INFO  ozoneimpl.AbstractBackgroundContainerScanner (AbstractBackgroundContainerScanner.java:run(63)) - ContainerDataScanner(/home/runner/work/ozone/ozone/hadoop-ozone/integration-test/target/test-dir/MiniOzoneClusterImpl-a412b9f6-7d8b-4de3-a85c-9946bceaa3a0/ozone-metadata/datanode-2/data-0/hdds, DS-4aaa098a-486e-4441-80f0-7688bb8bbdde) exiting.
2025-10-22 08:24:28,092 [ForkJoinPool-1-worker-1] INFO  ozoneimpl.OnDemandContainerScanner (OnDemandContainerScanner.java:shutdown(141)) - On-demand container scanner is shutting down.
2025-10-22 08:24:28,093 [ForkJoinPool-1-worker-1] INFO  ratis.XceiverServerRatis (XceiverServerRatis.java:stop(594)) - Closing XceiverServerRatis(4d8a2798-959e-416b-b534-19c13b55a760)
2025-10-22 08:24:28,093 [ForkJoinPool-1-worker-1] INFO  server.RaftServer (RaftServerProxy.java:lambda$close$9(422)) - 4d8a2798-959e-416b-b534-19c13b55a760: close
2025-10-22 08:24:28,094 [4d8a2798-959e-416b-b534-19c13b55a760-impl-thread3] INFO  server.RaftServer$Division (RaftServerImpl.java:lambda$close$1(527)) - 4d8a2798-959e-416b-b534-19c13b55a760@group-C080F8B16968: shutdown
2025-10-22 08:24:28,094 [4d8a2798-959e-416b-b534-19c13b55a760-impl-thread2] INFO  server.RaftServer$Division (RaftServerImpl.java:lambda$close$1(527)) - 4d8a2798-959e-416b-b534-19c13b55a760@group-5E2F154B5BDB: shutdown
2025-10-22 08:24:28,094 [4d8a2798-959e-416b-b534-19c13b55a760-impl-thread2] INFO  util.JmxRegister (JmxRegister.java:unregister(74)) - Successfully un-registered JMX Bean with object name Ratis:service=RaftServer,group=group-5E2F154B5BDB,id=4d8a2798-959e-416b-b534-19c13b55a760
2025-10-22 08:24:28,094 [4d8a2798-959e-416b-b534-19c13b55a760-impl-thread2] INFO  impl.RoleInfo (RoleInfo.java:shutdownFollowerState(121)) - 4d8a2798-959e-416b-b534-19c13b55a760: shutdown 4d8a2798-959e-416b-b534-19c13b55a760@group-5E2F154B5BDB-FollowerState
2025-10-22 08:24:28,094 [4d8a2798-959e-416b-b534-19c13b55a760-impl-thread1] INFO  server.RaftServer$Division (RaftServerImpl.java:lambda$close$1(527)) - 4d8a2798-959e-416b-b534-19c13b55a760@group-C626CE820278: shutdown
2025-10-22 08:24:28,094 [ForkJoinPool-1-worker-1] INFO  server.GrpcServicesImpl (GrpcServicesImpl.java:closeImpl(355)) - 4d8a2798-959e-416b-b534-19c13b55a760: shutdown server org.apache.ratis.grpc.server.GrpcClientProtocolService now
2025-10-22 08:24:28,094 [4d8a2798-959e-416b-b534-19c13b55a760-impl-thread1] INFO  util.JmxRegister (JmxRegister.java:unregister(74)) - Successfully un-registered JMX Bean with object name Ratis:service=RaftServer,group=group-C626CE820278,id=4d8a2798-959e-416b-b534-19c13b55a760
2025-10-22 08:24:28,095 [4d8a2798-959e-416b-b534-19c13b55a760-impl-thread1] INFO  impl.RoleInfo (RoleInfo.java:shutdownFollowerState(121)) - 4d8a2798-959e-416b-b534-19c13b55a760: shutdown 4d8a2798-959e-416b-b534-19c13b55a760@group-C626CE820278-FollowerState
2025-10-22 08:24:28,095 [4d8a2798-959e-416b-b534-19c13b55a760@group-C626CE820278-FollowerState] INFO  impl.FollowerState (FollowerState.java:runImpl(170)) - 4d8a2798-959e-416b-b534-19c13b55a760@group-C626CE820278-FollowerState was interrupted
2025-10-22 08:24:28,094 [4d8a2798-959e-416b-b534-19c13b55a760@group-5E2F154B5BDB-FollowerState] INFO  impl.FollowerState (FollowerState.java:runImpl(170)) - 4d8a2798-959e-416b-b534-19c13b55a760@group-5E2F154B5BDB-FollowerState was interrupted
2025-10-22 08:24:28,094 [4d8a2798-959e-416b-b534-19c13b55a760-impl-thread2] INFO  impl.StateMachineUpdater (StateMachineUpdater.java:stopAndJoin(163)) - 4d8a2798-959e-416b-b534-19c13b55a760@group-5E2F154B5BDB-StateMachineUpdater: set stopIndex = 2
2025-10-22 08:24:28,094 [4d8a2798-959e-416b-b534-19c13b55a760@group-5E2F154B5BDB-StateMachineUpdater] INFO  ratis.ContainerStateMachine (ContainerStateMachine.java:takeSnapshot(427)) - group-5E2F154B5BDB: Taking a snapshot at:(t:2, i:2) file /home/runner/work/ozone/ozone/hadoop-ozone/integration-test/target/test-dir/MiniOzoneClusterImpl-a412b9f6-7d8b-4de3-a85c-9946bceaa3a0/ozone-metadata/datanode-2/ratis/991bfa6b-f7e5-4a03-b9a5-5e2f154b5bdb/sm/snapshot.2_2
2025-10-22 08:24:28,096 [4d8a2798-959e-416b-b534-19c13b55a760-impl-thread1] INFO  impl.StateMachineUpdater (StateMachineUpdater.java:stopAndJoin(163)) - 4d8a2798-959e-416b-b534-19c13b55a760@group-C626CE820278-StateMachineUpdater: set stopIndex = 2
2025-10-22 08:24:28,094 [4d8a2798-959e-416b-b534-19c13b55a760-impl-thread3] INFO  util.JmxRegister (JmxRegister.java:unregister(74)) - Successfully un-registered JMX Bean with object name Ratis:service=RaftServer,group=group-C080F8B16968,id=4d8a2798-959e-416b-b534-19c13b55a760
2025-10-22 08:24:28,096 [Thread-1448] INFO  server.GrpcServerProtocolClient (GrpcServerProtocolClient.java:close(105)) - 40df8fc4-149d-40c0-897d-2844034d8141 Close channels
2025-10-22 08:24:28,096 [Thread-1447] INFO  server.GrpcServerProtocolClient (GrpcServerProtocolClient.java:close(105)) - 1c036820-4dbe-4abe-80fb-5ca88de5e2f0 Close channels
2025-10-22 08:24:28,095 [4d8a2798-959e-416b-b534-19c13b55a760@group-C626CE820278-StateMachineUpdater] INFO  impl.StateMachineUpdater (StateMachineUpdater.java:stop(140)) - 4d8a2798-959e-416b-b534-19c13b55a760@group-C626CE820278-StateMachineUpdater: closing ContainerStateMachine, lastApplied=(t:1, i:2)
2025-10-22 08:24:28,097 [4d8a2798-959e-416b-b534-19c13b55a760@group-5E2F154B5BDB-StateMachineUpdater] INFO  ratis.ContainerStateMachine (ContainerStateMachine.java:takeSnapshot(436)) - group-5E2F154B5BDB: Finished taking a snapshot at:(t:2, i:2) file:/home/runner/work/ozone/ozone/hadoop-ozone/integration-test/target/test-dir/MiniOzoneClusterImpl-a412b9f6-7d8b-4de3-a85c-9946bceaa3a0/ozone-metadata/datanode-2/ratis/991bfa6b-f7e5-4a03-b9a5-5e2f154b5bdb/sm/snapshot.2_2 took: 3 ms
2025-10-22 08:24:28,097 [4d8a2798-959e-416b-b534-19c13b55a760-impl-thread3] INFO  impl.RoleInfo (RoleInfo.java:shutdownLeaderState(103)) - 4d8a2798-959e-416b-b534-19c13b55a760: shutdown 4d8a2798-959e-416b-b534-19c13b55a760@group-C080F8B16968-LeaderStateImpl
2025-10-22 08:24:28,097 [4d8a2798-959e-416b-b534-19c13b55a760@group-5E2F154B5BDB-StateMachineUpdater] INFO  impl.StateMachineUpdater (StateMachineUpdater.java:takeSnapshot(307)) - 4d8a2798-959e-416b-b534-19c13b55a760@group-5E2F154B5BDB-StateMachineUpdater: Took a snapshot at index 2
2025-10-22 08:24:28,097 [4d8a2798-959e-416b-b534-19c13b55a760@group-5E2F154B5BDB-StateMachineUpdater] INFO  impl.StateMachineUpdater (StateMachineUpdater.java:lambda$new$0(101)) - 4d8a2798-959e-416b-b534-19c13b55a760@group-5E2F154B5BDB-StateMachineUpdater: snapshotIndex: updateIncreasingly 0 -> 2
2025-10-22 08:24:28,099 [4d8a2798-959e-416b-b534-19c13b55a760@group-5E2F154B5BDB-StateMachineUpdater] INFO  impl.StateMachineUpdater (StateMachineUpdater.java:stop(140)) - 4d8a2798-959e-416b-b534-19c13b55a760@group-5E2F154B5BDB-StateMachineUpdater: closing ContainerStateMachine, lastApplied=(t:2, i:2)
2025-10-22 08:24:28,097 [4d8a2798-959e-416b-b534-19c13b55a760-impl-thread3] INFO  impl.PendingRequests (PendingRequests.java:sendNotLeaderResponses(287)) - 4d8a2798-959e-416b-b534-19c13b55a760@group-C080F8B16968-PendingRequests: sendNotLeaderResponses
2025-10-22 08:24:28,101 [4d8a2798-959e-416b-b534-19c13b55a760@group-C626CE820278-cacheEviction-AwaitToRun] INFO  util.AwaitToRun (AwaitToRun.java:run(49)) - 4d8a2798-959e-416b-b534-19c13b55a760@group-C626CE820278-cacheEviction-AwaitToRun-AwaitForSignal is interrupted
2025-10-22 08:24:28,101 [ForkJoinPool-1-worker-1] INFO  server.GrpcServicesImpl (GrpcServicesImpl.java:closeImpl(364)) - 4d8a2798-959e-416b-b534-19c13b55a760: shutdown server org.apache.ratis.grpc.server.GrpcClientProtocolService successfully
2025-10-22 08:24:28,101 [ForkJoinPool-1-worker-1] INFO  server.GrpcServicesImpl (GrpcServicesImpl.java:closeImpl(355)) - 4d8a2798-959e-416b-b534-19c13b55a760: shutdown server GrpcServerProtocolService now
2025-10-22 08:24:28,102 [4d8a2798-959e-416b-b534-19c13b55a760-impl-thread3] INFO  impl.StateMachineUpdater (StateMachineUpdater.java:stopAndJoin(163)) - 4d8a2798-959e-416b-b534-19c13b55a760@group-C080F8B16968-StateMachineUpdater: set stopIndex = 2
2025-10-22 08:24:28,101 [4d8a2798-959e-416b-b534-19c13b55a760@group-5E2F154B5BDB-cacheEviction-AwaitToRun] INFO  util.AwaitToRun (AwaitToRun.java:run(49)) - 4d8a2798-959e-416b-b534-19c13b55a760@group-5E2F154B5BDB-cacheEviction-AwaitToRun-AwaitForSignal is interrupted
2025-10-22 08:24:28,103 [grpc-default-executor-3] WARN  server.GrpcLogAppender (LogUtils.java:warn(127)) - 1c036820-4dbe-4abe-80fb-5ca88de5e2f0@group-5E2F154B5BDB->4d8a2798-959e-416b-b534-19c13b55a760-AppendLogResponseHandler: Failed appendEntries: org.apache.ratis.thirdparty.io.grpc.StatusRuntimeException: CANCELLED: RST_STREAM closed stream. HTTP/2 error code: CANCEL
2025-10-22 08:24:28,103 [grpc-default-executor-3] WARN  server.GrpcLogAppender (GrpcLogAppender.java:lambda$resetClient$1(228)) - 1c036820-4dbe-4abe-80fb-5ca88de5e2f0@group-5E2F154B5BDB->4d8a2798-959e-416b-b534-19c13b55a760-GrpcLogAppender: Follower failed (request=null, errorCount=1); keep nextIndex (3) unchanged and retry.
2025-10-22 08:24:28,103 [4d8a2798-959e-416b-b534-19c13b55a760@group-C080F8B16968-StateMachineUpdater] INFO  ratis.ContainerStateMachine (ContainerStateMachine.java:takeSnapshot(427)) - group-C080F8B16968: Taking a snapshot at:(t:2, i:2) file /home/runner/work/ozone/ozone/hadoop-ozone/integration-test/target/test-dir/MiniOzoneClusterImpl-a412b9f6-7d8b-4de3-a85c-9946bceaa3a0/ozone-metadata/datanode-2/ratis/0ab6beb1-ecd4-4a22-8092-c080f8b16968/sm/snapshot.2_2
2025-10-22 08:24:28,104 [ForkJoinPool-1-worker-1] INFO  server.GrpcServicesImpl (GrpcServicesImpl.java:closeImpl(364)) - 4d8a2798-959e-416b-b534-19c13b55a760: shutdown server GrpcServerProtocolService successfully
2025-10-22 08:24:28,104 [ForkJoinPool-1-worker-1] INFO  server.GrpcServicesImpl (GrpcServicesImpl.java:closeImpl(355)) - 4d8a2798-959e-416b-b534-19c13b55a760: shutdown server org.apache.ratis.grpc.server.GrpcAdminProtocolService now
2025-10-22 08:24:28,104 [4d8a2798-959e-416b-b534-19c13b55a760@group-C080F8B16968-StateMachineUpdater] INFO  ratis.ContainerStateMachine (ContainerStateMachine.java:takeSnapshot(436)) - group-C080F8B16968: Finished taking a snapshot at:(t:2, i:2) file:/home/runner/work/ozone/ozone/hadoop-ozone/integration-test/target/test-dir/MiniOzoneClusterImpl-a412b9f6-7d8b-4de3-a85c-9946bceaa3a0/ozone-metadata/datanode-2/ratis/0ab6beb1-ecd4-4a22-8092-c080f8b16968/sm/snapshot.2_2 took: 1 ms
2025-10-22 08:24:28,104 [grpc-default-executor-0] WARN  server.GrpcServerProtocolService (LogUtils.java:warn(127)) - 4d8a2798-959e-416b-b534-19c13b55a760: APPEND_ENTRIES onError, lastRequest: 1c036820-4dbe-4abe-80fb-5ca88de5e2f0->4d8a2798-959e-416b-b534-19c13b55a760#2-t2,previous=(t:2, i:1),leaderCommit=1,initializing? false,entries: size=1, first=(t:2, i:2), METADATAENTRY(c:1): org.apache.ratis.thirdparty.io.grpc.StatusRuntimeException: CANCELLED: client cancelled
2025-10-22 08:24:28,104 [ForkJoinPool-1-worker-1] INFO  server.GrpcServicesImpl (GrpcServicesImpl.java:closeImpl(364)) - 4d8a2798-959e-416b-b534-19c13b55a760: shutdown server org.apache.ratis.grpc.server.GrpcAdminProtocolService successfully
2025-10-22 08:24:28,105 [grpc-default-executor-1] WARN  server.GrpcServerProtocolService (LogUtils.java:warn(127)) - 4d8a2798-959e-416b-b534-19c13b55a760: APPEND_ENTRIES onError, lastRequest: null: org.apache.ratis.thirdparty.io.grpc.StatusRuntimeException: CANCELLED: client cancelled
2025-10-22 08:24:28,104 [4d8a2798-959e-416b-b534-19c13b55a760@group-C080F8B16968-StateMachineUpdater] INFO  impl.StateMachineUpdater (StateMachineUpdater.java:takeSnapshot(307)) - 4d8a2798-959e-416b-b534-19c13b55a760@group-C080F8B16968-StateMachineUpdater: Took a snapshot at index 2
2025-10-22 08:24:28,105 [4d8a2798-959e-416b-b534-19c13b55a760-NettyServerStreamRpc-bossGroup--thread1] INFO  logging.LoggingHandler (AbstractInternalLogger.java:log(148)) - [id: 0x1e643089, L:/0.0.0.0:15024] CLOSE
2025-10-22 08:24:28,105 [4d8a2798-959e-416b-b534-19c13b55a760@group-C080F8B16968-StateMachineUpdater] INFO  impl.StateMachineUpdater (StateMachineUpdater.java:lambda$new$0(101)) - 4d8a2798-959e-416b-b534-19c13b55a760@group-C080F8B16968-StateMachineUpdater: snapshotIndex: updateIncreasingly 0 -> 2
2025-10-22 08:24:28,106 [4d8a2798-959e-416b-b534-19c13b55a760-NettyServerStreamRpc-bossGroup--thread1] INFO  logging.LoggingHandler (AbstractInternalLogger.java:log(148)) - [id: 0x1e643089, L:/0.0.0.0:15024] INACTIVE
2025-10-22 08:24:28,106 [4d8a2798-959e-416b-b534-19c13b55a760@group-C080F8B16968-StateMachineUpdater] INFO  impl.StateMachineUpdater (StateMachineUpdater.java:stop(140)) - 4d8a2798-959e-416b-b534-19c13b55a760@group-C080F8B16968-StateMachineUpdater: closing ContainerStateMachine, lastApplied=(t:2, i:2)
2025-10-22 08:24:28,106 [4d8a2798-959e-416b-b534-19c13b55a760-NettyServerStreamRpc-bossGroup--thread1] INFO  logging.LoggingHandler (AbstractInternalLogger.java:log(148)) - [id: 0x1e643089, L:/0.0.0.0:15024] UNREGISTERED
2025-10-22 08:24:28,108 [4d8a2798-959e-416b-b534-19c13b55a760@group-C080F8B16968-cacheEviction-AwaitToRun] INFO  util.AwaitToRun (AwaitToRun.java:run(49)) - 4d8a2798-959e-416b-b534-19c13b55a760@group-C080F8B16968-cacheEviction-AwaitToRun-AwaitForSignal is interrupted
2025-10-22 08:24:28,620 [4d8a2798-959e-416b-b534-19c13b55a760-impl-thread1] INFO  segmented.SegmentedRaftLogWorker (SegmentedRaftLogWorker.java:close(254)) - 4d8a2798-959e-416b-b534-19c13b55a760@group-C626CE820278-SegmentedRaftLogWorker close()
2025-10-22 08:24:28,621 [4d8a2798-959e-416b-b534-19c13b55a760-impl-thread1] INFO  ratis.ContainerStateMachine (ContainerStateMachine.java:notifyServerShutdown(1038)) - group-C626CE820278 is closed by HddsDatanodeService
2025-10-22 08:24:28,792 [4d8a2798-959e-416b-b534-19c13b55a760-impl-thread3] INFO  segmented.SegmentedRaftLogWorker (SegmentedRaftLogWorker.java:close(254)) - 4d8a2798-959e-416b-b534-19c13b55a760@group-C080F8B16968-SegmentedRaftLogWorker close()
2025-10-22 08:24:28,792 [4d8a2798-959e-416b-b534-19c13b55a760-impl-thread3] INFO  ratis.ContainerStateMachine (ContainerStateMachine.java:notifyServerShutdown(1038)) - group-C080F8B16968 is closed by HddsDatanodeService
2025-10-22 08:24:28,956 [4d8a2798-959e-416b-b534-19c13b55a760-impl-thread2] INFO  segmented.SegmentedRaftLogWorker (SegmentedRaftLogWorker.java:close(254)) - 4d8a2798-959e-416b-b534-19c13b55a760@group-5E2F154B5BDB-SegmentedRaftLogWorker close()
2025-10-22 08:24:28,957 [4d8a2798-959e-416b-b534-19c13b55a760-impl-thread2] INFO  ratis.ContainerStateMachine (ContainerStateMachine.java:notifyServerShutdown(1038)) - group-5E2F154B5BDB is closed by HddsDatanodeService
2025-10-22 08:24:28,957 [JvmPauseMonitor13] INFO  util.JvmPauseMonitor (JvmPauseMonitor.java:run(152)) - JvmPauseMonitor-4d8a2798-959e-416b-b534-19c13b55a760: Stopped
2025-10-22 08:24:28,963 [40df8fc4-149d-40c0-897d-2844034d8141@group-C626CE820278-FollowerState] INFO  impl.FollowerState (FollowerState.java:runImpl(161)) - 40df8fc4-149d-40c0-897d-2844034d8141@group-C626CE820278-FollowerState: change to CANDIDATE, lastRpcElapsedTime:1051450586ns, electionTimeout:1051ms
2025-10-22 08:24:28,963 [40df8fc4-149d-40c0-897d-2844034d8141@group-C626CE820278-FollowerState] INFO  impl.RoleInfo (RoleInfo.java:shutdownFollowerState(121)) - 40df8fc4-149d-40c0-897d-2844034d8141: shutdown 40df8fc4-149d-40c0-897d-2844034d8141@group-C626CE820278-FollowerState
2025-10-22 08:24:28,963 [40df8fc4-149d-40c0-897d-2844034d8141@group-C626CE820278-FollowerState] INFO  server.RaftServer$Division (RaftServerImpl.java:setRole(392)) - 40df8fc4-149d-40c0-897d-2844034d8141@group-C626CE820278: changes role from  FOLLOWER to CANDIDATE at term 1 for changeToCandidate
2025-10-22 08:24:28,964 [40df8fc4-149d-40c0-897d-2844034d8141@group-C626CE820278-FollowerState] INFO  impl.RoleInfo (RoleInfo.java:updateAndGet(148)) - 40df8fc4-149d-40c0-897d-2844034d8141: start 40df8fc4-149d-40c0-897d-2844034d8141@group-C626CE820278-LeaderElection87
2025-10-22 08:24:28,964 [40df8fc4-149d-40c0-897d-2844034d8141@group-C626CE820278-LeaderElection87] INFO  impl.LeaderElection (LeaderElection.java:askForVotes(448)) - 40df8fc4-149d-40c0-897d-2844034d8141@group-C626CE820278-LeaderElection87 PRE_VOTE round 0: submit vote requests at term 1 for conf: {index: 0, cur=peers:[4d8a2798-959e-416b-b534-19c13b55a760|127.0.0.1:15023, 1c036820-4dbe-4abe-80fb-5ca88de5e2f0|127.0.0.1:15015, 40df8fc4-149d-40c0-897d-2844034d8141|127.0.0.1:15031]|listeners:[], old=null}
2025-10-22 08:24:28,965 [40df8fc4-149d-40c0-897d-2844034d8141@group-C626CE820278-LeaderElection87] INFO  impl.LeaderElection (LogUtils.java:infoOrTrace(142)) - 40df8fc4-149d-40c0-897d-2844034d8141@group-C626CE820278-LeaderElection87 got exception when requesting votes: java.util.concurrent.ExecutionException: org.apache.ratis.thirdparty.io.grpc.StatusRuntimeException: UNAVAILABLE: io exception
2025-10-22 08:24:28,965 [40df8fc4-149d-40c0-897d-2844034d8141@group-C626CE820278-LeaderElection87] INFO  impl.LeaderElection (LogUtils.java:infoOrTrace(142)) - 40df8fc4-149d-40c0-897d-2844034d8141@group-C626CE820278-LeaderElection87 got exception when requesting votes: java.util.concurrent.ExecutionException: org.apache.ratis.thirdparty.io.grpc.StatusRuntimeException: UNAVAILABLE: io exception
2025-10-22 08:24:28,965 [40df8fc4-149d-40c0-897d-2844034d8141@group-C626CE820278-LeaderElection87] INFO  impl.LeaderElection (LeaderElection.java:logAndReturn(206)) - 40df8fc4-149d-40c0-897d-2844034d8141@group-C626CE820278-LeaderElection87: PRE_VOTE REJECTED received 0 response(s) and 2 exception(s):
2025-10-22 08:24:28,965 [40df8fc4-149d-40c0-897d-2844034d8141@group-C626CE820278-LeaderElection87] INFO  impl.LeaderElection (LogUtils.java:infoOrTrace(142)) -   Exception 0: java.util.concurrent.ExecutionException: org.apache.ratis.thirdparty.io.grpc.StatusRuntimeException: UNAVAILABLE: io exception
2025-10-22 08:24:28,965 [40df8fc4-149d-40c0-897d-2844034d8141@group-C626CE820278-LeaderElection87] INFO  impl.LeaderElection (LogUtils.java:infoOrTrace(142)) -   Exception 1: java.util.concurrent.ExecutionException: org.apache.ratis.thirdparty.io.grpc.StatusRuntimeException: UNAVAILABLE: io exception
2025-10-22 08:24:28,965 [40df8fc4-149d-40c0-897d-2844034d8141@group-C626CE820278-LeaderElection87] INFO  impl.LeaderElection (LeaderElection.java:askForVotes(450)) - 40df8fc4-149d-40c0-897d-2844034d8141@group-C626CE820278-LeaderElection87 PRE_VOTE round 0: result REJECTED
2025-10-22 08:24:28,965 [40df8fc4-149d-40c0-897d-2844034d8141@group-C626CE820278-LeaderElection87] INFO  server.RaftServer$Division (RaftServerImpl.java:setRole(392)) - 40df8fc4-149d-40c0-897d-2844034d8141@group-C626CE820278: changes role from CANDIDATE to FOLLOWER at term 1 for REJECTED
2025-10-22 08:24:28,965 [40df8fc4-149d-40c0-897d-2844034d8141@group-C626CE820278-LeaderElection87] INFO  impl.RoleInfo (RoleInfo.java:shutdownLeaderElection(141)) - 40df8fc4-149d-40c0-897d-2844034d8141: shutdown 40df8fc4-149d-40c0-897d-2844034d8141@group-C626CE820278-LeaderElection87
2025-10-22 08:24:28,965 [40df8fc4-149d-40c0-897d-2844034d8141@group-C626CE820278-LeaderElection87] INFO  impl.RoleInfo (RoleInfo.java:updateAndGet(148)) - 40df8fc4-149d-40c0-897d-2844034d8141: start 40df8fc4-149d-40c0-897d-2844034d8141@group-C626CE820278-FollowerState
2025-10-22 08:24:29,493 [1c036820-4dbe-4abe-80fb-5ca88de5e2f0@group-C626CE820278-FollowerState] INFO  impl.FollowerState (FollowerState.java:runImpl(161)) - 1c036820-4dbe-4abe-80fb-5ca88de5e2f0@group-C626CE820278-FollowerState: change to CANDIDATE, lastRpcElapsedTime:1531033220ns, electionTimeout:1197ms
2025-10-22 08:24:29,493 [1c036820-4dbe-4abe-80fb-5ca88de5e2f0@group-C626CE820278-FollowerState] INFO  impl.RoleInfo (RoleInfo.java:shutdownFollowerState(121)) - 1c036820-4dbe-4abe-80fb-5ca88de5e2f0: shutdown 1c036820-4dbe-4abe-80fb-5ca88de5e2f0@group-C626CE820278-FollowerState
2025-10-22 08:24:29,493 [1c036820-4dbe-4abe-80fb-5ca88de5e2f0@group-C626CE820278-FollowerState] INFO  server.RaftServer$Division (RaftServerImpl.java:setRole(392)) - 1c036820-4dbe-4abe-80fb-5ca88de5e2f0@group-C626CE820278: changes role from  FOLLOWER to CANDIDATE at term 1 for changeToCandidate
2025-10-22 08:24:29,493 [1c036820-4dbe-4abe-80fb-5ca88de5e2f0@group-C626CE820278-FollowerState] INFO  impl.RoleInfo (RoleInfo.java:updateAndGet(148)) - 1c036820-4dbe-4abe-80fb-5ca88de5e2f0: start 1c036820-4dbe-4abe-80fb-5ca88de5e2f0@group-C626CE820278-LeaderElection88
2025-10-22 08:24:29,494 [1c036820-4dbe-4abe-80fb-5ca88de5e2f0@group-C626CE820278-LeaderElection88] INFO  impl.LeaderElection (LeaderElection.java:askForVotes(448)) - 1c036820-4dbe-4abe-80fb-5ca88de5e2f0@group-C626CE820278-LeaderElection88 PRE_VOTE round 0: submit vote requests at term 1 for conf: {index: 0, cur=peers:[4d8a2798-959e-416b-b534-19c13b55a760|127.0.0.1:15023, 1c036820-4dbe-4abe-80fb-5ca88de5e2f0|127.0.0.1:15015, 40df8fc4-149d-40c0-897d-2844034d8141|127.0.0.1:15031]|listeners:[], old=null}
2025-10-22 08:24:29,494 [1c036820-4dbe-4abe-80fb-5ca88de5e2f0@group-C626CE820278-LeaderElection88] INFO  impl.LeaderElection (LogUtils.java:infoOrTrace(142)) - 1c036820-4dbe-4abe-80fb-5ca88de5e2f0@group-C626CE820278-LeaderElection88 got exception when requesting votes: java.util.concurrent.ExecutionException: org.apache.ratis.thirdparty.io.grpc.StatusRuntimeException: UNAVAILABLE: io exception
2025-10-22 08:24:29,496 [grpc-default-executor-1] INFO  server.RaftServer$Division (RaftServerImpl.java:requestVote(1421)) - 40df8fc4-149d-40c0-897d-2844034d8141@group-C626CE820278: receive requestVote(PRE_VOTE, 1c036820-4dbe-4abe-80fb-5ca88de5e2f0, group-C626CE820278, 1, (t:1, i:4))
2025-10-22 08:24:29,496 [grpc-default-executor-1] INFO  impl.VoteContext (VoteContext.java:log(49)) - 40df8fc4-149d-40c0-897d-2844034d8141@group-C626CE820278-FOLLOWER: reject PRE_VOTE from 1c036820-4dbe-4abe-80fb-5ca88de5e2f0: our priority 1 > candidate's priority 0
2025-10-22 08:24:29,496 [grpc-default-executor-1] INFO  server.RaftServer$Division (RaftServerImpl.java:requestVote(1455)) - 40df8fc4-149d-40c0-897d-2844034d8141@group-C626CE820278 replies to PRE_VOTE vote request: 1c036820-4dbe-4abe-80fb-5ca88de5e2f0<-40df8fc4-149d-40c0-897d-2844034d8141#0:FAIL-t1-last:(t:1, i:4). Peer's state: 40df8fc4-149d-40c0-897d-2844034d8141@group-C626CE820278:t1, leader=null, voted=40df8fc4-149d-40c0-897d-2844034d8141, raftlog=Memoized:40df8fc4-149d-40c0-897d-2844034d8141@group-C626CE820278-SegmentedRaftLog:OPENED:c4:last(t:1, i:4), conf=conf: {index: 0, cur=peers:[4d8a2798-959e-416b-b534-19c13b55a760|127.0.0.1:15023, 1c036820-4dbe-4abe-80fb-5ca88de5e2f0|127.0.0.1:15015, 40df8fc4-149d-40c0-897d-2844034d8141|127.0.0.1:15031]|listeners:[], old=null}
2025-10-22 08:24:29,497 [1c036820-4dbe-4abe-80fb-5ca88de5e2f0@group-C626CE820278-LeaderElection88] INFO  impl.LeaderElection (LeaderElection.java:logAndReturn(206)) - 1c036820-4dbe-4abe-80fb-5ca88de5e2f0@group-C626CE820278-LeaderElection88: PRE_VOTE REJECTED received 1 response(s) and 1 exception(s):
2025-10-22 08:24:29,497 [1c036820-4dbe-4abe-80fb-5ca88de5e2f0@group-C626CE820278-LeaderElection88] INFO  impl.LeaderElection (LeaderElection.java:logAndReturn(210)) -   Response 0: 1c036820-4dbe-4abe-80fb-5ca88de5e2f0<-40df8fc4-149d-40c0-897d-2844034d8141#0:FAIL-t1-last:(t:1, i:4)
2025-10-22 08:24:29,497 [1c036820-4dbe-4abe-80fb-5ca88de5e2f0@group-C626CE820278-LeaderElection88] INFO  impl.LeaderElection (LogUtils.java:infoOrTrace(142)) -   Exception 1: java.util.concurrent.ExecutionException: org.apache.ratis.thirdparty.io.grpc.StatusRuntimeException: UNAVAILABLE: io exception
2025-10-22 08:24:29,497 [1c036820-4dbe-4abe-80fb-5ca88de5e2f0@group-C626CE820278-LeaderElection88] INFO  impl.LeaderElection (LeaderElection.java:askForVotes(450)) - 1c036820-4dbe-4abe-80fb-5ca88de5e2f0@group-C626CE820278-LeaderElection88 PRE_VOTE round 0: result REJECTED
2025-10-22 08:24:29,497 [1c036820-4dbe-4abe-80fb-5ca88de5e2f0@group-C626CE820278-LeaderElection88] INFO  server.RaftServer$Division (RaftServerImpl.java:setRole(392)) - 1c036820-4dbe-4abe-80fb-5ca88de5e2f0@group-C626CE820278: changes role from CANDIDATE to FOLLOWER at term 1 for REJECTED
2025-10-22 08:24:29,497 [1c036820-4dbe-4abe-80fb-5ca88de5e2f0@group-C626CE820278-LeaderElection88] INFO  impl.RoleInfo (RoleInfo.java:shutdownLeaderElection(141)) - 1c036820-4dbe-4abe-80fb-5ca88de5e2f0: shutdown 1c036820-4dbe-4abe-80fb-5ca88de5e2f0@group-C626CE820278-LeaderElection88
2025-10-22 08:24:29,497 [1c036820-4dbe-4abe-80fb-5ca88de5e2f0@group-C626CE820278-LeaderElection88] INFO  impl.RoleInfo (RoleInfo.java:updateAndGet(148)) - 1c036820-4dbe-4abe-80fb-5ca88de5e2f0: start 1c036820-4dbe-4abe-80fb-5ca88de5e2f0@group-C626CE820278-FollowerState
2025-10-22 08:24:29,497 [1c036820-4dbe-4abe-80fb-5ca88de5e2f0@group-C626CE820278-LeaderElection88] INFO  server.RaftServer$Division (RaftServerImpl.java:setFirstElection(576)) - 1c036820-4dbe-4abe-80fb-5ca88de5e2f0@group-C626CE820278: set firstElectionSinceStartup to false for REJECTED
2025-10-22 08:24:30,007 [40df8fc4-149d-40c0-897d-2844034d8141@group-C626CE820278-FollowerState] INFO  impl.FollowerState (FollowerState.java:runImpl(161)) - 40df8fc4-149d-40c0-897d-2844034d8141@group-C626CE820278-FollowerState: change to CANDIDATE, lastRpcElapsedTime:1041496084ns, electionTimeout:1041ms
2025-10-22 08:24:30,007 [40df8fc4-149d-40c0-897d-2844034d8141@group-C626CE820278-FollowerState] INFO  impl.RoleInfo (RoleInfo.java:shutdownFollowerState(121)) - 40df8fc4-149d-40c0-897d-2844034d8141: shutdown 40df8fc4-149d-40c0-897d-2844034d8141@group-C626CE820278-FollowerState
2025-10-22 08:24:30,007 [40df8fc4-149d-40c0-897d-2844034d8141@group-C626CE820278-FollowerState] INFO  server.RaftServer$Division (RaftServerImpl.java:setRole(392)) - 40df8fc4-149d-40c0-897d-2844034d8141@group-C626CE820278: changes role from  FOLLOWER to CANDIDATE at term 1 for changeToCandidate
2025-10-22 08:24:30,007 [40df8fc4-149d-40c0-897d-2844034d8141@group-C626CE820278-FollowerState] INFO  impl.RoleInfo (RoleInfo.java:updateAndGet(148)) - 40df8fc4-149d-40c0-897d-2844034d8141: start 40df8fc4-149d-40c0-897d-2844034d8141@group-C626CE820278-LeaderElection89
2025-10-22 08:24:30,007 [40df8fc4-149d-40c0-897d-2844034d8141@group-C626CE820278-LeaderElection89] INFO  impl.LeaderElection (LeaderElection.java:askForVotes(448)) - 40df8fc4-149d-40c0-897d-2844034d8141@group-C626CE820278-LeaderElection89 PRE_VOTE round 0: submit vote requests at term 1 for conf: {index: 0, cur=peers:[4d8a2798-959e-416b-b534-19c13b55a760|127.0.0.1:15023, 1c036820-4dbe-4abe-80fb-5ca88de5e2f0|127.0.0.1:15015, 40df8fc4-149d-40c0-897d-2844034d8141|127.0.0.1:15031]|listeners:[], old=null}
2025-10-22 08:24:30,008 [40df8fc4-149d-40c0-897d-2844034d8141@group-C626CE820278-LeaderElection89] INFO  impl.LeaderElection (LogUtils.java:infoOrTrace(142)) - 40df8fc4-149d-40c0-897d-2844034d8141@group-C626CE820278-LeaderElection89 got exception when requesting votes: java.util.concurrent.ExecutionException: org.apache.ratis.thirdparty.io.grpc.StatusRuntimeException: UNAVAILABLE: io exception
2025-10-22 08:24:30,008 [40df8fc4-149d-40c0-897d-2844034d8141@group-C626CE820278-LeaderElection89] INFO  impl.LeaderElection (LogUtils.java:infoOrTrace(142)) - 40df8fc4-149d-40c0-897d-2844034d8141@group-C626CE820278-LeaderElection89 got exception when requesting votes: java.util.concurrent.ExecutionException: org.apache.ratis.thirdparty.io.grpc.StatusRuntimeException: UNAVAILABLE: io exception
2025-10-22 08:24:30,008 [40df8fc4-149d-40c0-897d-2844034d8141@group-C626CE820278-LeaderElection89] INFO  impl.LeaderElection (LeaderElection.java:logAndReturn(206)) - 40df8fc4-149d-40c0-897d-2844034d8141@group-C626CE820278-LeaderElection89: PRE_VOTE REJECTED received 0 response(s) and 2 exception(s):
2025-10-22 08:24:30,008 [40df8fc4-149d-40c0-897d-2844034d8141@group-C626CE820278-LeaderElection89] INFO  impl.LeaderElection (LogUtils.java:infoOrTrace(142)) -   Exception 0: java.util.concurrent.ExecutionException: org.apache.ratis.thirdparty.io.grpc.StatusRuntimeException: UNAVAILABLE: io exception
2025-10-22 08:24:30,008 [40df8fc4-149d-40c0-897d-2844034d8141@group-C626CE820278-LeaderElection89] INFO  impl.LeaderElection (LogUtils.java:infoOrTrace(142)) -   Exception 1: java.util.concurrent.ExecutionException: org.apache.ratis.thirdparty.io.grpc.StatusRuntimeException: UNAVAILABLE: io exception
2025-10-22 08:24:30,008 [40df8fc4-149d-40c0-897d-2844034d8141@group-C626CE820278-LeaderElection89] INFO  impl.LeaderElection (LeaderElection.java:askForVotes(450)) - 40df8fc4-149d-40c0-897d-2844034d8141@group-C626CE820278-LeaderElection89 PRE_VOTE round 0: result REJECTED
2025-10-22 08:24:30,008 [40df8fc4-149d-40c0-897d-2844034d8141@group-C626CE820278-LeaderElection89] INFO  server.RaftServer$Division (RaftServerImpl.java:setRole(392)) - 40df8fc4-149d-40c0-897d-2844034d8141@group-C626CE820278: changes role from CANDIDATE to FOLLOWER at term 1 for REJECTED
2025-10-22 08:24:30,008 [40df8fc4-149d-40c0-897d-2844034d8141@group-C626CE820278-LeaderElection89] INFO  impl.RoleInfo (RoleInfo.java:shutdownLeaderElection(141)) - 40df8fc4-149d-40c0-897d-2844034d8141: shutdown 40df8fc4-149d-40c0-897d-2844034d8141@group-C626CE820278-LeaderElection89
2025-10-22 08:24:30,008 [40df8fc4-149d-40c0-897d-2844034d8141@group-C626CE820278-LeaderElection89] INFO  impl.RoleInfo (RoleInfo.java:updateAndGet(148)) - 40df8fc4-149d-40c0-897d-2844034d8141: start 40df8fc4-149d-40c0-897d-2844034d8141@group-C626CE820278-FollowerState
2025-10-22 08:24:30,633 [1c036820-4dbe-4abe-80fb-5ca88de5e2f0@group-C626CE820278-FollowerState] INFO  impl.FollowerState (FollowerState.java:runImpl(161)) - 1c036820-4dbe-4abe-80fb-5ca88de5e2f0@group-C626CE820278-FollowerState: change to CANDIDATE, lastRpcElapsedTime:1136287833ns, electionTimeout:1136ms
2025-10-22 08:24:30,633 [1c036820-4dbe-4abe-80fb-5ca88de5e2f0@group-C626CE820278-FollowerState] INFO  impl.RoleInfo (RoleInfo.java:shutdownFollowerState(121)) - 1c036820-4dbe-4abe-80fb-5ca88de5e2f0: shutdown 1c036820-4dbe-4abe-80fb-5ca88de5e2f0@group-C626CE820278-FollowerState
2025-10-22 08:24:30,634 [1c036820-4dbe-4abe-80fb-5ca88de5e2f0@group-C626CE820278-FollowerState] INFO  server.RaftServer$Division (RaftServerImpl.java:setRole(392)) - 1c036820-4dbe-4abe-80fb-5ca88de5e2f0@group-C626CE820278: changes role from  FOLLOWER to CANDIDATE at term 1 for changeToCandidate
2025-10-22 08:24:30,634 [1c036820-4dbe-4abe-80fb-5ca88de5e2f0@group-C626CE820278-FollowerState] INFO  impl.RoleInfo (RoleInfo.java:updateAndGet(148)) - 1c036820-4dbe-4abe-80fb-5ca88de5e2f0: start 1c036820-4dbe-4abe-80fb-5ca88de5e2f0@group-C626CE820278-LeaderElection90
2025-10-22 08:24:30,634 [1c036820-4dbe-4abe-80fb-5ca88de5e2f0@group-C626CE820278-LeaderElection90] INFO  impl.LeaderElection (LeaderElection.java:askForVotes(448)) - 1c036820-4dbe-4abe-80fb-5ca88de5e2f0@group-C626CE820278-LeaderElection90 PRE_VOTE round 0: submit vote requests at term 1 for conf: {index: 0, cur=peers:[4d8a2798-959e-416b-b534-19c13b55a760|127.0.0.1:15023, 1c036820-4dbe-4abe-80fb-5ca88de5e2f0|127.0.0.1:15015, 40df8fc4-149d-40c0-897d-2844034d8141|127.0.0.1:15031]|listeners:[], old=null}
2025-10-22 08:24:30,635 [1c036820-4dbe-4abe-80fb-5ca88de5e2f0@group-C626CE820278-LeaderElection90] INFO  impl.LeaderElection (LogUtils.java:infoOrTrace(142)) - 1c036820-4dbe-4abe-80fb-5ca88de5e2f0@group-C626CE820278-LeaderElection90 got exception when requesting votes: java.util.concurrent.ExecutionException: org.apache.ratis.thirdparty.io.grpc.StatusRuntimeException: UNAVAILABLE: io exception
2025-10-22 08:24:30,635 [grpc-default-executor-1] INFO  server.RaftServer$Division (RaftServerImpl.java:requestVote(1421)) - 40df8fc4-149d-40c0-897d-2844034d8141@group-C626CE820278: receive requestVote(PRE_VOTE, 1c036820-4dbe-4abe-80fb-5ca88de5e2f0, group-C626CE820278, 1, (t:1, i:4))
2025-10-22 08:24:30,636 [grpc-default-executor-1] INFO  impl.VoteContext (VoteContext.java:log(49)) - 40df8fc4-149d-40c0-897d-2844034d8141@group-C626CE820278-FOLLOWER: reject PRE_VOTE from 1c036820-4dbe-4abe-80fb-5ca88de5e2f0: our priority 1 > candidate's priority 0
2025-10-22 08:24:30,636 [grpc-default-executor-1] INFO  server.RaftServer$Division (RaftServerImpl.java:requestVote(1455)) - 40df8fc4-149d-40c0-897d-2844034d8141@group-C626CE820278 replies to PRE_VOTE vote request: 1c036820-4dbe-4abe-80fb-5ca88de5e2f0<-40df8fc4-149d-40c0-897d-2844034d8141#0:FAIL-t1-last:(t:1, i:4). Peer's state: 40df8fc4-149d-40c0-897d-2844034d8141@group-C626CE820278:t1, leader=null, voted=40df8fc4-149d-40c0-897d-2844034d8141, raftlog=Memoized:40df8fc4-149d-40c0-897d-2844034d8141@group-C626CE820278-SegmentedRaftLog:OPENED:c4:last(t:1, i:4), conf=conf: {index: 0, cur=peers:[4d8a2798-959e-416b-b534-19c13b55a760|127.0.0.1:15023, 1c036820-4dbe-4abe-80fb-5ca88de5e2f0|127.0.0.1:15015, 40df8fc4-149d-40c0-897d-2844034d8141|127.0.0.1:15031]|listeners:[], old=null}
2025-10-22 08:24:30,636 [1c036820-4dbe-4abe-80fb-5ca88de5e2f0@group-C626CE820278-LeaderElection90] INFO  impl.LeaderElection (LeaderElection.java:logAndReturn(206)) - 1c036820-4dbe-4abe-80fb-5ca88de5e2f0@group-C626CE820278-LeaderElection90: PRE_VOTE REJECTED received 1 response(s) and 1 exception(s):
2025-10-22 08:24:30,636 [1c036820-4dbe-4abe-80fb-5ca88de5e2f0@group-C626CE820278-LeaderElection90] INFO  impl.LeaderElection (LeaderElection.java:logAndReturn(210)) -   Response 0: 1c036820-4dbe-4abe-80fb-5ca88de5e2f0<-40df8fc4-149d-40c0-897d-2844034d8141#0:FAIL-t1-last:(t:1, i:4)
2025-10-22 08:24:30,636 [1c036820-4dbe-4abe-80fb-5ca88de5e2f0@group-C626CE820278-LeaderElection90] INFO  impl.LeaderElection (LogUtils.java:infoOrTrace(142)) -   Exception 1: java.util.concurrent.ExecutionException: org.apache.ratis.thirdparty.io.grpc.StatusRuntimeException: UNAVAILABLE: io exception
2025-10-22 08:24:30,636 [1c036820-4dbe-4abe-80fb-5ca88de5e2f0@group-C626CE820278-LeaderElection90] INFO  impl.LeaderElection (LeaderElection.java:askForVotes(450)) - 1c036820-4dbe-4abe-80fb-5ca88de5e2f0@group-C626CE820278-LeaderElection90 PRE_VOTE round 0: result REJECTED
2025-10-22 08:24:30,636 [1c036820-4dbe-4abe-80fb-5ca88de5e2f0@group-C626CE820278-LeaderElection90] INFO  server.RaftServer$Division (RaftServerImpl.java:setRole(392)) - 1c036820-4dbe-4abe-80fb-5ca88de5e2f0@group-C626CE820278: changes role from CANDIDATE to FOLLOWER at term 1 for REJECTED
2025-10-22 08:24:30,636 [1c036820-4dbe-4abe-80fb-5ca88de5e2f0@group-C626CE820278-LeaderElection90] INFO  impl.RoleInfo (RoleInfo.java:shutdownLeaderElection(141)) - 1c036820-4dbe-4abe-80fb-5ca88de5e2f0: shutdown 1c036820-4dbe-4abe-80fb-5ca88de5e2f0@group-C626CE820278-LeaderElection90
2025-10-22 08:24:30,637 [1c036820-4dbe-4abe-80fb-5ca88de5e2f0@group-C626CE820278-LeaderElection90] INFO  impl.RoleInfo (RoleInfo.java:updateAndGet(148)) - 1c036820-4dbe-4abe-80fb-5ca88de5e2f0: start 1c036820-4dbe-4abe-80fb-5ca88de5e2f0@group-C626CE820278-FollowerState
2025-10-22 08:24:30,961 [ForkJoinPool-1-worker-1] INFO  utils.DatanodeStoreCache (DatanodeStoreCache.java:shutdownCache(110)) - Skip clearing cache in mini cluster mode. Entries left: [/home/runner/work/ozone/ozone/hadoop-ozone/integration-test/target/test-dir/MiniOzoneClusterImpl-a412b9f6-7d8b-4de3-a85c-9946bceaa3a0/ozone-metadata/datanode-1/data-0/hdds/a412b9f6-7d8b-4de3-a85c-9946bceaa3a0/DS-a07e098a-6398-480b-9efd-d3f505e7661c/container.db, /home/runner/work/ozone/ozone/hadoop-ozone/integration-test/target/test-dir/MiniOzoneClusterImpl-a412b9f6-7d8b-4de3-a85c-9946bceaa3a0/ozone-metadata/datanode-10/data-0/hdds/a412b9f6-7d8b-4de3-a85c-9946bceaa3a0/DS-8a3798d9-2bb5-458f-b08b-fc94b9fc23ce/container.db, /home/runner/work/ozone/ozone/hadoop-ozone/integration-test/target/test-dir/MiniOzoneClusterImpl-a412b9f6-7d8b-4de3-a85c-9946bceaa3a0/ozone-metadata/datanode-2/data-0/hdds/a412b9f6-7d8b-4de3-a85c-9946bceaa3a0/DS-4aaa098a-486e-4441-80f0-7688bb8bbdde/container.db, /home/runner/work/ozone/ozone/hadoop-ozone/integration-test/target/test-dir/MiniOzoneClusterImpl-a412b9f6-7d8b-4de3-a85c-9946bceaa3a0/ozone-metadata/datanode-3/data-0/hdds/a412b9f6-7d8b-4de3-a85c-9946bceaa3a0/DS-bebc18f0-1165-45db-a91a-4f24542d176c/container.db, /home/runner/work/ozone/ozone/hadoop-ozone/integration-test/target/test-dir/MiniOzoneClusterImpl-a412b9f6-7d8b-4de3-a85c-9946bceaa3a0/ozone-metadata/datanode-4/data-0/hdds/a412b9f6-7d8b-4de3-a85c-9946bceaa3a0/DS-5d7e6087-1900-4b55-988c-16336b0b4c63/container.db, /home/runner/work/ozone/ozone/hadoop-ozone/integration-test/target/test-dir/MiniOzoneClusterImpl-a412b9f6-7d8b-4de3-a85c-9946bceaa3a0/ozone-metadata/datanode-5/data-0/hdds/a412b9f6-7d8b-4de3-a85c-9946bceaa3a0/DS-ca10d0ba-335c-4c88-91c2-e630968cb905/container.db, /home/runner/work/ozone/ozone/hadoop-ozone/integration-test/target/test-dir/MiniOzoneClusterImpl-a412b9f6-7d8b-4de3-a85c-9946bceaa3a0/ozone-metadata/datanode-6/data-0/hdds/a412b9f6-7d8b-4de3-a85c-9946bceaa3a0/DS-4a321f51-abfc-498c-a23e-1fd398dcf1d8/container.db, /home/runner/work/ozone/ozone/hadoop-ozone/integration-test/target/test-dir/MiniOzoneClusterImpl-a412b9f6-7d8b-4de3-a85c-9946bceaa3a0/ozone-metadata/datanode-7/data-0/hdds/a412b9f6-7d8b-4de3-a85c-9946bceaa3a0/DS-2f6f67bf-9efa-4b7c-aaf0-b55f90e251b4/container.db, /home/runner/work/ozone/ozone/hadoop-ozone/integration-test/target/test-dir/MiniOzoneClusterImpl-a412b9f6-7d8b-4de3-a85c-9946bceaa3a0/ozone-metadata/datanode-8/data-0/hdds/a412b9f6-7d8b-4de3-a85c-9946bceaa3a0/DS-1ec53189-a8d9-456e-823c-b078e2857cda/container.db, /home/runner/work/ozone/ozone/hadoop-ozone/integration-test/target/test-dir/MiniOzoneClusterImpl-a412b9f6-7d8b-4de3-a85c-9946bceaa3a0/ozone-metadata/datanode-9/data-0/hdds/a412b9f6-7d8b-4de3-a85c-9946bceaa3a0/DS-2a9dbd48-deb6-4f23-96bb-1f0c806128cb/container.db]
2025-10-22 08:24:30,962 [ForkJoinPool-1-worker-1] INFO  utils.DatanodeStoreCache (DatanodeStoreCache.java:removeDB(104)) - Removed db /home/runner/work/ozone/ozone/hadoop-ozone/integration-test/target/test-dir/MiniOzoneClusterImpl-a412b9f6-7d8b-4de3-a85c-9946bceaa3a0/ozone-metadata/datanode-2/data-0/hdds/a412b9f6-7d8b-4de3-a85c-9946bceaa3a0/DS-4aaa098a-486e-4441-80f0-7688bb8bbdde/container.db from cache
2025-10-22 08:24:30,963 [ForkJoinPool-1-worker-1] INFO  volume.HddsVolume (HddsVolume.java:closeDbStore(609)) - SchemaV3 db is stopped at /home/runner/work/ozone/ozone/hadoop-ozone/integration-test/target/test-dir/MiniOzoneClusterImpl-a412b9f6-7d8b-4de3-a85c-9946bceaa3a0/ozone-metadata/datanode-2/data-0/hdds/a412b9f6-7d8b-4de3-a85c-9946bceaa3a0/DS-4aaa098a-486e-4441-80f0-7688bb8bbdde/container.db for volume DS-4aaa098a-486e-4441-80f0-7688bb8bbdde
2025-10-22 08:24:30,963 [ForkJoinPool-1-worker-1] INFO  utils.BackgroundService (BackgroundService.java:shutdown(195)) - Shutting down service BlockDeletingService
2025-10-22 08:24:30,964 [ForkJoinPool-1-worker-1] INFO  utils.BackgroundService (BackgroundService.java:shutdown(195)) - Shutting down service StaleRecoveringContainerScrubbingService
2025-10-22 08:24:30,966 [ForkJoinPool-1-worker-1] INFO  statemachine.DatanodeStateMachine (DatanodeStateMachine.java:stopDaemon(654)) - Ozone container server stopped.
2025-10-22 08:24:30,981 [ForkJoinPool-1-worker-1] INFO  handler.ContextHandler (ContextHandler.java:doStop(1159)) - Stopped o.e.j.w.WebAppContext@25f07e2e{hddsDatanode,/,null,STOPPED}{jar:file:/home/runner/work/ozone/ozone/hadoop-hdds/container-service/target/hdds-container-service-2.1.0-SNAPSHOT.jar!/webapps/hddsDatanode}
2025-10-22 08:24:30,982 [ForkJoinPool-1-worker-1] INFO  server.AbstractConnector (AbstractConnector.java:doStop(383)) - Stopped ServerConnector@6f92d4db{HTTP/1.1, (http/1.1)}{0.0.0.0:15018}
2025-10-22 08:24:30,982 [ForkJoinPool-1-worker-1] INFO  server.session (HouseKeeper.java:stopScavenging(149)) - node0 Stopped scavenging
2025-10-22 08:24:30,982 [ForkJoinPool-1-worker-1] INFO  handler.ContextHandler (ContextHandler.java:doStop(1159)) - Stopped o.e.j.s.ServletContextHandler@3490f756{static,/static,jar:file:/home/runner/work/ozone/ozone/hadoop-hdds/container-service/target/hdds-container-service-2.1.0-SNAPSHOT.jar!/webapps/static,STOPPED}
2025-10-22 08:24:30,982 [ForkJoinPool-1-worker-1] INFO  handler.ContextHandler (ContextHandler.java:doStop(1159)) - Stopped o.e.j.s.ServletContextHandler@3c6e5ca7{logs,/logs,file:///home/runner/work/ozone/ozone/hadoop-ozone/integration-test/target/log,STOPPED}
2025-10-22 08:24:30,983 [ForkJoinPool-1-worker-1] INFO  ozone.HddsDatanodeClientProtocolServer (HddsDatanodeClientProtocolServer.java:stop(82)) - Stopping the RPC server for Client Protocol
2025-10-22 08:24:30,983 [ForkJoinPool-1-worker-1] INFO  ipc.Server (Server.java:stop(3697)) - Stopping server on 15019
2025-10-22 08:24:30,984 [IPC Server listener on 15019] INFO  ipc.Server (Server.java:run(1585)) - Stopping IPC Server listener on 15019
2025-10-22 08:24:30,985 [IPC Server Responder] INFO  ipc.Server (Server.java:run(1718)) - Stopping IPC Server Responder
2025-10-22 08:24:30,987 [ForkJoinPool-1-worker-1] INFO  ozoneimpl.OzoneContainer (OzoneContainer.java:stop(568)) - Attempting to stop container services.
2025-10-22 08:24:30,987 [ContainerMetadataScanner] WARN  ozoneimpl.AbstractBackgroundContainerScanner (AbstractBackgroundContainerScanner.java:handleRemainingSleep(136)) - Background container scan was interrupted.
2025-10-22 08:24:30,987 [ContainerMetadataScanner] INFO  ozoneimpl.AbstractBackgroundContainerScanner (AbstractBackgroundContainerScanner.java:run(63)) - org.apache.hadoop.ozone.container.ozoneimpl.BackgroundContainerMetadataScanner@17381a23 exiting.
2025-10-22 08:24:30,987 [ForkJoinPool-1-worker-1] INFO  ozoneimpl.BackgroundContainerDataScanner (BackgroundContainerDataScanner.java:shutdown(87)) - ContainerDataScanner(/home/runner/work/ozone/ozone/hadoop-ozone/integration-test/target/test-dir/MiniOzoneClusterImpl-a412b9f6-7d8b-4de3-a85c-9946bceaa3a0/ozone-metadata/datanode-3/data-0/hdds) is shutting down. 
2025-10-22 08:24:30,987 [ContainerDataScanner(/home/runner/work/ozone/ozone/hadoop-ozone/integration-test/target/test-dir/MiniOzoneClusterImpl-a412b9f6-7d8b-4de3-a85c-9946bceaa3a0/ozone-metadata/datanode-3/data-0/hdds)] WARN  ozoneimpl.AbstractBackgroundContainerScanner (AbstractBackgroundContainerScanner.java:handleRemainingSleep(136)) - Background container scan was interrupted.
2025-10-22 08:24:30,987 [ContainerDataScanner(/home/runner/work/ozone/ozone/hadoop-ozone/integration-test/target/test-dir/MiniOzoneClusterImpl-a412b9f6-7d8b-4de3-a85c-9946bceaa3a0/ozone-metadata/datanode-3/data-0/hdds)] INFO  ozoneimpl.AbstractBackgroundContainerScanner (AbstractBackgroundContainerScanner.java:run(63)) - ContainerDataScanner(/home/runner/work/ozone/ozone/hadoop-ozone/integration-test/target/test-dir/MiniOzoneClusterImpl-a412b9f6-7d8b-4de3-a85c-9946bceaa3a0/ozone-metadata/datanode-3/data-0/hdds, DS-bebc18f0-1165-45db-a91a-4f24542d176c) exiting.
2025-10-22 08:24:30,988 [ForkJoinPool-1-worker-1] INFO  ozoneimpl.OnDemandContainerScanner (OnDemandContainerScanner.java:shutdown(141)) - On-demand container scanner is shutting down.
2025-10-22 08:24:30,988 [ForkJoinPool-1-worker-1] INFO  ratis.XceiverServerRatis (XceiverServerRatis.java:stop(594)) - Closing XceiverServerRatis(40df8fc4-149d-40c0-897d-2844034d8141)
2025-10-22 08:24:30,988 [ForkJoinPool-1-worker-1] INFO  server.RaftServer (RaftServerProxy.java:lambda$close$9(422)) - 40df8fc4-149d-40c0-897d-2844034d8141: close
2025-10-22 08:24:30,988 [40df8fc4-149d-40c0-897d-2844034d8141-impl-thread1] INFO  server.RaftServer$Division (RaftServerImpl.java:lambda$close$1(527)) - 40df8fc4-149d-40c0-897d-2844034d8141@group-5E2F154B5BDB: shutdown
2025-10-22 08:24:30,988 [40df8fc4-149d-40c0-897d-2844034d8141-impl-thread1] INFO  util.JmxRegister (JmxRegister.java:unregister(74)) - Successfully un-registered JMX Bean with object name Ratis:service=RaftServer,group=group-5E2F154B5BDB,id=40df8fc4-149d-40c0-897d-2844034d8141
2025-10-22 08:24:30,988 [40df8fc4-149d-40c0-897d-2844034d8141-impl-thread1] INFO  impl.RoleInfo (RoleInfo.java:shutdownFollowerState(121)) - 40df8fc4-149d-40c0-897d-2844034d8141: shutdown 40df8fc4-149d-40c0-897d-2844034d8141@group-5E2F154B5BDB-FollowerState
2025-10-22 08:24:30,988 [40df8fc4-149d-40c0-897d-2844034d8141-impl-thread1] INFO  impl.StateMachineUpdater (StateMachineUpdater.java:stopAndJoin(163)) - 40df8fc4-149d-40c0-897d-2844034d8141@group-5E2F154B5BDB-StateMachineUpdater: set stopIndex = 2
2025-10-22 08:24:30,988 [40df8fc4-149d-40c0-897d-2844034d8141@group-5E2F154B5BDB-StateMachineUpdater] INFO  ratis.ContainerStateMachine (ContainerStateMachine.java:takeSnapshot(427)) - group-5E2F154B5BDB: Taking a snapshot at:(t:2, i:2) file /home/runner/work/ozone/ozone/hadoop-ozone/integration-test/target/test-dir/MiniOzoneClusterImpl-a412b9f6-7d8b-4de3-a85c-9946bceaa3a0/ozone-metadata/datanode-3/ratis/991bfa6b-f7e5-4a03-b9a5-5e2f154b5bdb/sm/snapshot.2_2
2025-10-22 08:24:30,988 [40df8fc4-149d-40c0-897d-2844034d8141@group-5E2F154B5BDB-FollowerState] INFO  impl.FollowerState (FollowerState.java:runImpl(170)) - 40df8fc4-149d-40c0-897d-2844034d8141@group-5E2F154B5BDB-FollowerState was interrupted
2025-10-22 08:24:30,989 [40df8fc4-149d-40c0-897d-2844034d8141-impl-thread2] INFO  server.RaftServer$Division (RaftServerImpl.java:lambda$close$1(527)) - 40df8fc4-149d-40c0-897d-2844034d8141@group-C626CE820278: shutdown
2025-10-22 08:24:30,989 [40df8fc4-149d-40c0-897d-2844034d8141-impl-thread2] INFO  util.JmxRegister (JmxRegister.java:unregister(74)) - Successfully un-registered JMX Bean with object name Ratis:service=RaftServer,group=group-C626CE820278,id=40df8fc4-149d-40c0-897d-2844034d8141
2025-10-22 08:24:30,989 [40df8fc4-149d-40c0-897d-2844034d8141-impl-thread2] INFO  impl.RoleInfo (RoleInfo.java:shutdownFollowerState(121)) - 40df8fc4-149d-40c0-897d-2844034d8141: shutdown 40df8fc4-149d-40c0-897d-2844034d8141@group-C626CE820278-FollowerState
2025-10-22 08:24:30,989 [40df8fc4-149d-40c0-897d-2844034d8141-impl-thread2] INFO  impl.StateMachineUpdater (StateMachineUpdater.java:stopAndJoin(163)) - 40df8fc4-149d-40c0-897d-2844034d8141@group-C626CE820278-StateMachineUpdater: set stopIndex = 4
2025-10-22 08:24:30,989 [40df8fc4-149d-40c0-897d-2844034d8141@group-C626CE820278-FollowerState] INFO  impl.FollowerState (FollowerState.java:runImpl(170)) - 40df8fc4-149d-40c0-897d-2844034d8141@group-C626CE820278-FollowerState was interrupted
2025-10-22 08:24:30,989 [40df8fc4-149d-40c0-897d-2844034d8141@group-C626CE820278-StateMachineUpdater] INFO  ratis.ContainerStateMachine (ContainerStateMachine.java:takeSnapshot(427)) - group-C626CE820278: Taking a snapshot at:(t:1, i:4) file /home/runner/work/ozone/ozone/hadoop-ozone/integration-test/target/test-dir/MiniOzoneClusterImpl-a412b9f6-7d8b-4de3-a85c-9946bceaa3a0/ozone-metadata/datanode-3/ratis/28d7a56f-ff21-46bd-bc35-c626ce820278/sm/snapshot.1_4
2025-10-22 08:24:30,989 [ForkJoinPool-1-worker-1] INFO  server.GrpcServicesImpl (GrpcServicesImpl.java:closeImpl(355)) - 40df8fc4-149d-40c0-897d-2844034d8141: shutdown server org.apache.ratis.grpc.server.GrpcClientProtocolService now
2025-10-22 08:24:30,990 [40df8fc4-149d-40c0-897d-2844034d8141@group-5E2F154B5BDB-StateMachineUpdater] INFO  ratis.ContainerStateMachine (ContainerStateMachine.java:takeSnapshot(436)) - group-5E2F154B5BDB: Finished taking a snapshot at:(t:2, i:2) file:/home/runner/work/ozone/ozone/hadoop-ozone/integration-test/target/test-dir/MiniOzoneClusterImpl-a412b9f6-7d8b-4de3-a85c-9946bceaa3a0/ozone-metadata/datanode-3/ratis/991bfa6b-f7e5-4a03-b9a5-5e2f154b5bdb/sm/snapshot.2_2 took: 1 ms
2025-10-22 08:24:30,990 [40df8fc4-149d-40c0-897d-2844034d8141-impl-thread3] INFO  server.RaftServer$Division (RaftServerImpl.java:lambda$close$1(527)) - 40df8fc4-149d-40c0-897d-2844034d8141@group-DD56FE3B4E76: shutdown
2025-10-22 08:24:30,990 [40df8fc4-149d-40c0-897d-2844034d8141-impl-thread3] INFO  util.JmxRegister (JmxRegister.java:unregister(74)) - Successfully un-registered JMX Bean with object name Ratis:service=RaftServer,group=group-DD56FE3B4E76,id=40df8fc4-149d-40c0-897d-2844034d8141
2025-10-22 08:24:30,990 [40df8fc4-149d-40c0-897d-2844034d8141@group-5E2F154B5BDB-StateMachineUpdater] INFO  impl.StateMachineUpdater (StateMachineUpdater.java:takeSnapshot(307)) - 40df8fc4-149d-40c0-897d-2844034d8141@group-5E2F154B5BDB-StateMachineUpdater: Took a snapshot at index 2
2025-10-22 08:24:30,990 [40df8fc4-149d-40c0-897d-2844034d8141-impl-thread3] INFO  impl.RoleInfo (RoleInfo.java:shutdownLeaderState(103)) - 40df8fc4-149d-40c0-897d-2844034d8141: shutdown 40df8fc4-149d-40c0-897d-2844034d8141@group-DD56FE3B4E76-LeaderStateImpl
2025-10-22 08:24:30,990 [40df8fc4-149d-40c0-897d-2844034d8141@group-5E2F154B5BDB-StateMachineUpdater] INFO  impl.StateMachineUpdater (StateMachineUpdater.java:lambda$new$0(101)) - 40df8fc4-149d-40c0-897d-2844034d8141@group-5E2F154B5BDB-StateMachineUpdater: snapshotIndex: updateIncreasingly -1 -> 2
2025-10-22 08:24:30,990 [40df8fc4-149d-40c0-897d-2844034d8141-impl-thread3] INFO  impl.PendingRequests (PendingRequests.java:sendNotLeaderResponses(287)) - 40df8fc4-149d-40c0-897d-2844034d8141@group-DD56FE3B4E76-PendingRequests: sendNotLeaderResponses
2025-10-22 08:24:30,990 [40df8fc4-149d-40c0-897d-2844034d8141@group-C626CE820278-StateMachineUpdater] INFO  ratis.ContainerStateMachine (ContainerStateMachine.java:takeSnapshot(436)) - group-C626CE820278: Finished taking a snapshot at:(t:1, i:4) file:/home/runner/work/ozone/ozone/hadoop-ozone/integration-test/target/test-dir/MiniOzoneClusterImpl-a412b9f6-7d8b-4de3-a85c-9946bceaa3a0/ozone-metadata/datanode-3/ratis/28d7a56f-ff21-46bd-bc35-c626ce820278/sm/snapshot.1_4 took: 1 ms
2025-10-22 08:24:30,990 [40df8fc4-149d-40c0-897d-2844034d8141@group-5E2F154B5BDB-StateMachineUpdater] INFO  impl.StateMachineUpdater (StateMachineUpdater.java:stop(140)) - 40df8fc4-149d-40c0-897d-2844034d8141@group-5E2F154B5BDB-StateMachineUpdater: closing ContainerStateMachine, lastApplied=(t:2, i:2)
2025-10-22 08:24:30,990 [40df8fc4-149d-40c0-897d-2844034d8141@group-C626CE820278-StateMachineUpdater] INFO  impl.StateMachineUpdater (StateMachineUpdater.java:takeSnapshot(307)) - 40df8fc4-149d-40c0-897d-2844034d8141@group-C626CE820278-StateMachineUpdater: Took a snapshot at index 4
2025-10-22 08:24:30,990 [40df8fc4-149d-40c0-897d-2844034d8141@group-C626CE820278-StateMachineUpdater] INFO  impl.StateMachineUpdater (StateMachineUpdater.java:lambda$new$0(101)) - 40df8fc4-149d-40c0-897d-2844034d8141@group-C626CE820278-StateMachineUpdater: snapshotIndex: updateIncreasingly -1 -> 4
2025-10-22 08:24:30,990 [40df8fc4-149d-40c0-897d-2844034d8141@group-C626CE820278-StateMachineUpdater] INFO  impl.StateMachineUpdater (StateMachineUpdater.java:stop(140)) - 40df8fc4-149d-40c0-897d-2844034d8141@group-C626CE820278-StateMachineUpdater: closing ContainerStateMachine, lastApplied=(t:1, i:4)
2025-10-22 08:24:30,991 [40df8fc4-149d-40c0-897d-2844034d8141@group-C626CE820278-cacheEviction-AwaitToRun] INFO  util.AwaitToRun (AwaitToRun.java:run(49)) - 40df8fc4-149d-40c0-897d-2844034d8141@group-C626CE820278-cacheEviction-AwaitToRun-AwaitForSignal is interrupted
2025-10-22 08:24:30,991 [40df8fc4-149d-40c0-897d-2844034d8141@group-5E2F154B5BDB-cacheEviction-AwaitToRun] INFO  util.AwaitToRun (AwaitToRun.java:run(49)) - 40df8fc4-149d-40c0-897d-2844034d8141@group-5E2F154B5BDB-cacheEviction-AwaitToRun-AwaitForSignal is interrupted
2025-10-22 08:24:30,991 [Thread-1482] INFO  server.GrpcServerProtocolClient (GrpcServerProtocolClient.java:close(105)) - 4d8a2798-959e-416b-b534-19c13b55a760 Close channels
2025-10-22 08:24:30,992 [40df8fc4-149d-40c0-897d-2844034d8141-impl-thread3] INFO  impl.StateMachineUpdater (StateMachineUpdater.java:stopAndJoin(163)) - 40df8fc4-149d-40c0-897d-2844034d8141@group-DD56FE3B4E76-StateMachineUpdater: set stopIndex = 0
2025-10-22 08:24:30,992 [Thread-1483] INFO  server.GrpcServerProtocolClient (GrpcServerProtocolClient.java:close(105)) - 1c036820-4dbe-4abe-80fb-5ca88de5e2f0 Close channels
2025-10-22 08:24:30,992 [40df8fc4-149d-40c0-897d-2844034d8141@group-DD56FE3B4E76-StateMachineUpdater] INFO  ratis.ContainerStateMachine (ContainerStateMachine.java:takeSnapshot(427)) - group-DD56FE3B4E76: Taking a snapshot at:(t:1, i:0) file /home/runner/work/ozone/ozone/hadoop-ozone/integration-test/target/test-dir/MiniOzoneClusterImpl-a412b9f6-7d8b-4de3-a85c-9946bceaa3a0/ozone-metadata/datanode-3/ratis/c0547fc6-e5bf-43f2-a43a-dd56fe3b4e76/sm/snapshot.1_0
2025-10-22 08:24:30,992 [ForkJoinPool-1-worker-1] INFO  server.GrpcServicesImpl (GrpcServicesImpl.java:closeImpl(364)) - 40df8fc4-149d-40c0-897d-2844034d8141: shutdown server org.apache.ratis.grpc.server.GrpcClientProtocolService successfully
2025-10-22 08:24:30,992 [ForkJoinPool-1-worker-1] INFO  server.GrpcServicesImpl (GrpcServicesImpl.java:closeImpl(355)) - 40df8fc4-149d-40c0-897d-2844034d8141: shutdown server GrpcServerProtocolService now
2025-10-22 08:24:30,992 [40df8fc4-149d-40c0-897d-2844034d8141@group-DD56FE3B4E76-StateMachineUpdater] INFO  ratis.ContainerStateMachine (ContainerStateMachine.java:takeSnapshot(436)) - group-DD56FE3B4E76: Finished taking a snapshot at:(t:1, i:0) file:/home/runner/work/ozone/ozone/hadoop-ozone/integration-test/target/test-dir/MiniOzoneClusterImpl-a412b9f6-7d8b-4de3-a85c-9946bceaa3a0/ozone-metadata/datanode-3/ratis/c0547fc6-e5bf-43f2-a43a-dd56fe3b4e76/sm/snapshot.1_0 took: 0 ms
2025-10-22 08:24:30,993 [40df8fc4-149d-40c0-897d-2844034d8141@group-DD56FE3B4E76-StateMachineUpdater] INFO  impl.StateMachineUpdater (StateMachineUpdater.java:takeSnapshot(307)) - 40df8fc4-149d-40c0-897d-2844034d8141@group-DD56FE3B4E76-StateMachineUpdater: Took a snapshot at index 0
2025-10-22 08:24:30,993 [40df8fc4-149d-40c0-897d-2844034d8141@group-DD56FE3B4E76-StateMachineUpdater] INFO  impl.StateMachineUpdater (StateMachineUpdater.java:lambda$new$0(101)) - 40df8fc4-149d-40c0-897d-2844034d8141@group-DD56FE3B4E76-StateMachineUpdater: snapshotIndex: updateIncreasingly -1 -> 0
2025-10-22 08:24:30,993 [40df8fc4-149d-40c0-897d-2844034d8141@group-DD56FE3B4E76-StateMachineUpdater] INFO  impl.StateMachineUpdater (StateMachineUpdater.java:stop(140)) - 40df8fc4-149d-40c0-897d-2844034d8141@group-DD56FE3B4E76-StateMachineUpdater: closing ContainerStateMachine, lastApplied=(t:1, i:0)
2025-10-22 08:24:30,994 [grpc-default-executor-2] WARN  server.GrpcServerProtocolService (LogUtils.java:warn(127)) - 40df8fc4-149d-40c0-897d-2844034d8141: APPEND_ENTRIES onError, lastRequest: 1c036820-4dbe-4abe-80fb-5ca88de5e2f0->40df8fc4-149d-40c0-897d-2844034d8141#3-t2,previous=(t:2, i:1),leaderCommit=1,initializing? false,entries: size=1, first=(t:2, i:2), METADATAENTRY(c:1): org.apache.ratis.thirdparty.io.grpc.StatusRuntimeException: CANCELLED: client cancelled
2025-10-22 08:24:30,995 [ForkJoinPool-1-worker-1] INFO  server.GrpcServicesImpl (GrpcServicesImpl.java:closeImpl(364)) - 40df8fc4-149d-40c0-897d-2844034d8141: shutdown server GrpcServerProtocolService successfully
2025-10-22 08:24:30,995 [ForkJoinPool-1-worker-1] INFO  server.GrpcServicesImpl (GrpcServicesImpl.java:closeImpl(355)) - 40df8fc4-149d-40c0-897d-2844034d8141: shutdown server org.apache.ratis.grpc.server.GrpcAdminProtocolService now
2025-10-22 08:24:30,995 [grpc-default-executor-2] WARN  server.GrpcLogAppender (LogUtils.java:warn(127)) - 1c036820-4dbe-4abe-80fb-5ca88de5e2f0@group-5E2F154B5BDB->40df8fc4-149d-40c0-897d-2844034d8141-AppendLogResponseHandler: Failed appendEntries: org.apache.ratis.thirdparty.io.grpc.StatusRuntimeException: CANCELLED: RST_STREAM closed stream. HTTP/2 error code: CANCEL
2025-10-22 08:24:30,995 [grpc-default-executor-2] WARN  server.GrpcLogAppender (GrpcLogAppender.java:lambda$resetClient$1(228)) - 1c036820-4dbe-4abe-80fb-5ca88de5e2f0@group-5E2F154B5BDB->40df8fc4-149d-40c0-897d-2844034d8141-GrpcLogAppender: Follower failed (request=null, errorCount=1); keep nextIndex (3) unchanged and retry.
2025-10-22 08:24:30,995 [grpc-default-executor-5] WARN  server.GrpcServerProtocolService (LogUtils.java:warn(127)) - 40df8fc4-149d-40c0-897d-2844034d8141: APPEND_ENTRIES onError, lastRequest: null: org.apache.ratis.thirdparty.io.grpc.StatusRuntimeException: CANCELLED: client cancelled
2025-10-22 08:24:30,996 [40df8fc4-149d-40c0-897d-2844034d8141@group-DD56FE3B4E76-cacheEviction-AwaitToRun] INFO  util.AwaitToRun (AwaitToRun.java:run(49)) - 40df8fc4-149d-40c0-897d-2844034d8141@group-DD56FE3B4E76-cacheEviction-AwaitToRun-AwaitForSignal is interrupted
2025-10-22 08:24:30,996 [ForkJoinPool-1-worker-1] INFO  server.GrpcServicesImpl (GrpcServicesImpl.java:closeImpl(364)) - 40df8fc4-149d-40c0-897d-2844034d8141: shutdown server org.apache.ratis.grpc.server.GrpcAdminProtocolService successfully
2025-10-22 08:24:31,000 [40df8fc4-149d-40c0-897d-2844034d8141-NettyServerStreamRpc-bossGroup--thread1] INFO  logging.LoggingHandler (AbstractInternalLogger.java:log(148)) - [id: 0x76c3e681, L:/0.0.0.0:15032] CLOSE
2025-10-22 08:24:31,000 [40df8fc4-149d-40c0-897d-2844034d8141-NettyServerStreamRpc-bossGroup--thread1] INFO  logging.LoggingHandler (AbstractInternalLogger.java:log(148)) - [id: 0x76c3e681, L:/0.0.0.0:15032] INACTIVE
2025-10-22 08:24:31,000 [40df8fc4-149d-40c0-897d-2844034d8141-NettyServerStreamRpc-bossGroup--thread1] INFO  logging.LoggingHandler (AbstractInternalLogger.java:log(148)) - [id: 0x76c3e681, L:/0.0.0.0:15032] UNREGISTERED
2025-10-22 08:24:31,239 [40df8fc4-149d-40c0-897d-2844034d8141-impl-thread3] INFO  segmented.SegmentedRaftLogWorker (SegmentedRaftLogWorker.java:close(254)) - 40df8fc4-149d-40c0-897d-2844034d8141@group-DD56FE3B4E76-SegmentedRaftLogWorker close()
2025-10-22 08:24:31,239 [40df8fc4-149d-40c0-897d-2844034d8141-impl-thread3] INFO  ratis.ContainerStateMachine (ContainerStateMachine.java:notifyServerShutdown(1038)) - group-DD56FE3B4E76 is closed by HddsDatanodeService
2025-10-22 08:24:31,665 [40df8fc4-149d-40c0-897d-2844034d8141-impl-thread2] INFO  segmented.SegmentedRaftLogWorker (SegmentedRaftLogWorker.java:close(254)) - 40df8fc4-149d-40c0-897d-2844034d8141@group-C626CE820278-SegmentedRaftLogWorker close()
2025-10-22 08:24:31,666 [40df8fc4-149d-40c0-897d-2844034d8141-impl-thread2] INFO  ratis.ContainerStateMachine (ContainerStateMachine.java:notifyServerShutdown(1038)) - group-C626CE820278 is closed by HddsDatanodeService
2025-10-22 08:24:31,700 [1c036820-4dbe-4abe-80fb-5ca88de5e2f0@group-C626CE820278-FollowerState] INFO  impl.FollowerState (FollowerState.java:runImpl(161)) - 1c036820-4dbe-4abe-80fb-5ca88de5e2f0@group-C626CE820278-FollowerState: change to CANDIDATE, lastRpcElapsedTime:1063459311ns, electionTimeout:1063ms
2025-10-22 08:24:31,700 [1c036820-4dbe-4abe-80fb-5ca88de5e2f0@group-C626CE820278-FollowerState] INFO  impl.RoleInfo (RoleInfo.java:shutdownFollowerState(121)) - 1c036820-4dbe-4abe-80fb-5ca88de5e2f0: shutdown 1c036820-4dbe-4abe-80fb-5ca88de5e2f0@group-C626CE820278-FollowerState
2025-10-22 08:24:31,700 [1c036820-4dbe-4abe-80fb-5ca88de5e2f0@group-C626CE820278-FollowerState] INFO  server.RaftServer$Division (RaftServerImpl.java:setRole(392)) - 1c036820-4dbe-4abe-80fb-5ca88de5e2f0@group-C626CE820278: changes role from  FOLLOWER to CANDIDATE at term 1 for changeToCandidate
2025-10-22 08:24:31,700 [1c036820-4dbe-4abe-80fb-5ca88de5e2f0@group-C626CE820278-FollowerState] INFO  impl.RoleInfo (RoleInfo.java:updateAndGet(148)) - 1c036820-4dbe-4abe-80fb-5ca88de5e2f0: start 1c036820-4dbe-4abe-80fb-5ca88de5e2f0@group-C626CE820278-LeaderElection91
2025-10-22 08:24:31,701 [1c036820-4dbe-4abe-80fb-5ca88de5e2f0@group-C626CE820278-LeaderElection91] INFO  impl.LeaderElection (LeaderElection.java:askForVotes(448)) - 1c036820-4dbe-4abe-80fb-5ca88de5e2f0@group-C626CE820278-LeaderElection91 PRE_VOTE round 0: submit vote requests at term 1 for conf: {index: 0, cur=peers:[4d8a2798-959e-416b-b534-19c13b55a760|127.0.0.1:15023, 1c036820-4dbe-4abe-80fb-5ca88de5e2f0|127.0.0.1:15015, 40df8fc4-149d-40c0-897d-2844034d8141|127.0.0.1:15031]|listeners:[], old=null}
2025-10-22 08:24:31,701 [1c036820-4dbe-4abe-80fb-5ca88de5e2f0@group-C626CE820278-LeaderElection91] INFO  impl.LeaderElection (LogUtils.java:infoOrTrace(142)) - 1c036820-4dbe-4abe-80fb-5ca88de5e2f0@group-C626CE820278-LeaderElection91 got exception when requesting votes: java.util.concurrent.ExecutionException: org.apache.ratis.thirdparty.io.grpc.StatusRuntimeException: UNAVAILABLE: io exception
2025-10-22 08:24:31,702 [1c036820-4dbe-4abe-80fb-5ca88de5e2f0@group-C626CE820278-LeaderElection91] INFO  impl.LeaderElection (LogUtils.java:infoOrTrace(142)) - 1c036820-4dbe-4abe-80fb-5ca88de5e2f0@group-C626CE820278-LeaderElection91 got exception when requesting votes: java.util.concurrent.ExecutionException: org.apache.ratis.thirdparty.io.grpc.StatusRuntimeException: UNAVAILABLE: io exception
2025-10-22 08:24:31,702 [1c036820-4dbe-4abe-80fb-5ca88de5e2f0@group-C626CE820278-LeaderElection91] INFO  impl.LeaderElection (LeaderElection.java:logAndReturn(206)) - 1c036820-4dbe-4abe-80fb-5ca88de5e2f0@group-C626CE820278-LeaderElection91: PRE_VOTE REJECTED received 0 response(s) and 2 exception(s):
2025-10-22 08:24:31,702 [1c036820-4dbe-4abe-80fb-5ca88de5e2f0@group-C626CE820278-LeaderElection91] INFO  impl.LeaderElection (LogUtils.java:infoOrTrace(142)) -   Exception 0: java.util.concurrent.ExecutionException: org.apache.ratis.thirdparty.io.grpc.StatusRuntimeException: UNAVAILABLE: io exception
2025-10-22 08:24:31,702 [1c036820-4dbe-4abe-80fb-5ca88de5e2f0@group-C626CE820278-LeaderElection91] INFO  impl.LeaderElection (LogUtils.java:infoOrTrace(142)) -   Exception 1: java.util.concurrent.ExecutionException: org.apache.ratis.thirdparty.io.grpc.StatusRuntimeException: UNAVAILABLE: io exception
2025-10-22 08:24:31,702 [1c036820-4dbe-4abe-80fb-5ca88de5e2f0@group-C626CE820278-LeaderElection91] INFO  impl.LeaderElection (LeaderElection.java:askForVotes(450)) - 1c036820-4dbe-4abe-80fb-5ca88de5e2f0@group-C626CE820278-LeaderElection91 PRE_VOTE round 0: result REJECTED
2025-10-22 08:24:31,702 [1c036820-4dbe-4abe-80fb-5ca88de5e2f0@group-C626CE820278-LeaderElection91] INFO  server.RaftServer$Division (RaftServerImpl.java:setRole(392)) - 1c036820-4dbe-4abe-80fb-5ca88de5e2f0@group-C626CE820278: changes role from CANDIDATE to FOLLOWER at term 1 for REJECTED
2025-10-22 08:24:31,702 [1c036820-4dbe-4abe-80fb-5ca88de5e2f0@group-C626CE820278-LeaderElection91] INFO  impl.RoleInfo (RoleInfo.java:shutdownLeaderElection(141)) - 1c036820-4dbe-4abe-80fb-5ca88de5e2f0: shutdown 1c036820-4dbe-4abe-80fb-5ca88de5e2f0@group-C626CE820278-LeaderElection91
2025-10-22 08:24:31,702 [1c036820-4dbe-4abe-80fb-5ca88de5e2f0@group-C626CE820278-LeaderElection91] INFO  impl.RoleInfo (RoleInfo.java:updateAndGet(148)) - 1c036820-4dbe-4abe-80fb-5ca88de5e2f0: start 1c036820-4dbe-4abe-80fb-5ca88de5e2f0@group-C626CE820278-FollowerState
2025-10-22 08:24:31,955 [40df8fc4-149d-40c0-897d-2844034d8141-impl-thread1] INFO  segmented.SegmentedRaftLogWorker (SegmentedRaftLogWorker.java:close(254)) - 40df8fc4-149d-40c0-897d-2844034d8141@group-5E2F154B5BDB-SegmentedRaftLogWorker close()
2025-10-22 08:24:31,955 [40df8fc4-149d-40c0-897d-2844034d8141-impl-thread1] INFO  ratis.ContainerStateMachine (ContainerStateMachine.java:notifyServerShutdown(1038)) - group-5E2F154B5BDB is closed by HddsDatanodeService
2025-10-22 08:24:31,956 [JvmPauseMonitor5] INFO  util.JvmPauseMonitor (JvmPauseMonitor.java:run(152)) - JvmPauseMonitor-40df8fc4-149d-40c0-897d-2844034d8141: Stopped
2025-10-22 08:24:32,723 [1c036820-4dbe-4abe-80fb-5ca88de5e2f0@group-C626CE820278-FollowerState] INFO  impl.FollowerState (FollowerState.java:runImpl(161)) - 1c036820-4dbe-4abe-80fb-5ca88de5e2f0@group-C626CE820278-FollowerState: change to CANDIDATE, lastRpcElapsedTime:1021352565ns, electionTimeout:1021ms
2025-10-22 08:24:32,723 [1c036820-4dbe-4abe-80fb-5ca88de5e2f0@group-C626CE820278-FollowerState] INFO  impl.RoleInfo (RoleInfo.java:shutdownFollowerState(121)) - 1c036820-4dbe-4abe-80fb-5ca88de5e2f0: shutdown 1c036820-4dbe-4abe-80fb-5ca88de5e2f0@group-C626CE820278-FollowerState
2025-10-22 08:24:32,724 [1c036820-4dbe-4abe-80fb-5ca88de5e2f0@group-C626CE820278-FollowerState] INFO  server.RaftServer$Division (RaftServerImpl.java:setRole(392)) - 1c036820-4dbe-4abe-80fb-5ca88de5e2f0@group-C626CE820278: changes role from  FOLLOWER to CANDIDATE at term 1 for changeToCandidate
2025-10-22 08:24:32,724 [1c036820-4dbe-4abe-80fb-5ca88de5e2f0@group-C626CE820278-FollowerState] INFO  impl.RoleInfo (RoleInfo.java:updateAndGet(148)) - 1c036820-4dbe-4abe-80fb-5ca88de5e2f0: start 1c036820-4dbe-4abe-80fb-5ca88de5e2f0@group-C626CE820278-LeaderElection92
2025-10-22 08:24:32,724 [1c036820-4dbe-4abe-80fb-5ca88de5e2f0@group-C626CE820278-LeaderElection92] INFO  impl.LeaderElection (LeaderElection.java:askForVotes(448)) - 1c036820-4dbe-4abe-80fb-5ca88de5e2f0@group-C626CE820278-LeaderElection92 PRE_VOTE round 0: submit vote requests at term 1 for conf: {index: 0, cur=peers:[4d8a2798-959e-416b-b534-19c13b55a760|127.0.0.1:15023, 1c036820-4dbe-4abe-80fb-5ca88de5e2f0|127.0.0.1:15015, 40df8fc4-149d-40c0-897d-2844034d8141|127.0.0.1:15031]|listeners:[], old=null}
2025-10-22 08:24:32,725 [1c036820-4dbe-4abe-80fb-5ca88de5e2f0@group-C626CE820278-LeaderElection92] INFO  impl.LeaderElection (LogUtils.java:infoOrTrace(142)) - 1c036820-4dbe-4abe-80fb-5ca88de5e2f0@group-C626CE820278-LeaderElection92 got exception when requesting votes: java.util.concurrent.ExecutionException: org.apache.ratis.thirdparty.io.grpc.StatusRuntimeException: UNAVAILABLE: io exception
2025-10-22 08:24:32,725 [1c036820-4dbe-4abe-80fb-5ca88de5e2f0@group-C626CE820278-LeaderElection92] INFO  impl.LeaderElection (LogUtils.java:infoOrTrace(142)) - 1c036820-4dbe-4abe-80fb-5ca88de5e2f0@group-C626CE820278-LeaderElection92 got exception when requesting votes: java.util.concurrent.ExecutionException: org.apache.ratis.thirdparty.io.grpc.StatusRuntimeException: UNAVAILABLE: io exception
2025-10-22 08:24:32,725 [1c036820-4dbe-4abe-80fb-5ca88de5e2f0@group-C626CE820278-LeaderElection92] INFO  impl.LeaderElection (LeaderElection.java:logAndReturn(206)) - 1c036820-4dbe-4abe-80fb-5ca88de5e2f0@group-C626CE820278-LeaderElection92: PRE_VOTE REJECTED received 0 response(s) and 2 exception(s):
2025-10-22 08:24:32,725 [1c036820-4dbe-4abe-80fb-5ca88de5e2f0@group-C626CE820278-LeaderElection92] INFO  impl.LeaderElection (LogUtils.java:infoOrTrace(142)) -   Exception 0: java.util.concurrent.ExecutionException: org.apache.ratis.thirdparty.io.grpc.StatusRuntimeException: UNAVAILABLE: io exception
2025-10-22 08:24:32,725 [1c036820-4dbe-4abe-80fb-5ca88de5e2f0@group-C626CE820278-LeaderElection92] INFO  impl.LeaderElection (LogUtils.java:infoOrTrace(142)) -   Exception 1: java.util.concurrent.ExecutionException: org.apache.ratis.thirdparty.io.grpc.StatusRuntimeException: UNAVAILABLE: io exception
2025-10-22 08:24:32,725 [1c036820-4dbe-4abe-80fb-5ca88de5e2f0@group-C626CE820278-LeaderElection92] INFO  impl.LeaderElection (LeaderElection.java:askForVotes(450)) - 1c036820-4dbe-4abe-80fb-5ca88de5e2f0@group-C626CE820278-LeaderElection92 PRE_VOTE round 0: result REJECTED
2025-10-22 08:24:32,725 [1c036820-4dbe-4abe-80fb-5ca88de5e2f0@group-C626CE820278-LeaderElection92] INFO  server.RaftServer$Division (RaftServerImpl.java:setRole(392)) - 1c036820-4dbe-4abe-80fb-5ca88de5e2f0@group-C626CE820278: changes role from CANDIDATE to FOLLOWER at term 1 for REJECTED
2025-10-22 08:24:32,725 [1c036820-4dbe-4abe-80fb-5ca88de5e2f0@group-C626CE820278-LeaderElection92] INFO  impl.RoleInfo (RoleInfo.java:shutdownLeaderElection(141)) - 1c036820-4dbe-4abe-80fb-5ca88de5e2f0: shutdown 1c036820-4dbe-4abe-80fb-5ca88de5e2f0@group-C626CE820278-LeaderElection92
2025-10-22 08:24:32,725 [1c036820-4dbe-4abe-80fb-5ca88de5e2f0@group-C626CE820278-LeaderElection92] INFO  impl.RoleInfo (RoleInfo.java:updateAndGet(148)) - 1c036820-4dbe-4abe-80fb-5ca88de5e2f0: start 1c036820-4dbe-4abe-80fb-5ca88de5e2f0@group-C626CE820278-FollowerState
2025-10-22 08:24:33,103 [timer4] WARN  server.GrpcLogAppender (LogUtils.java:warn(127)) - 1c036820-4dbe-4abe-80fb-5ca88de5e2f0@group-5E2F154B5BDB->4d8a2798-959e-416b-b534-19c13b55a760-AppendLogResponseHandler: Failed appendEntries (Repeated 16 times in the last 5.000s): org.apache.ratis.thirdparty.io.grpc.StatusRuntimeException: UNAVAILABLE: io exception
  Caused by: org.apache.ratis.thirdparty.io.netty.channel.AbstractChannel$AnnotatedConnectException: finishConnect(..) failed: Connection refused: /127.0.0.1:15023
  Caused by: java.net.ConnectException: finishConnect(..) failed: Connection refused
2025-10-22 08:24:33,104 [timer5] WARN  server.GrpcLogAppender (GrpcLogAppender.java:lambda$resetClient$1(228)) - 1c036820-4dbe-4abe-80fb-5ca88de5e2f0@group-5E2F154B5BDB->4d8a2798-959e-416b-b534-19c13b55a760-GrpcLogAppender: Follower failed (request=null, errorCount=16); keep nextIndex (3) unchanged and retry. (Repeated 16 times in the last 5.001s)
2025-10-22 08:24:33,155 [1c036820-4dbe-4abe-80fb-5ca88de5e2f0@group-5E2F154B5BDB-LeaderStateImpl] WARN  server.RaftServer$Division (LeaderStateImpl.java:checkLeadership(1121)) - 1c036820-4dbe-4abe-80fb-5ca88de5e2f0@group-5E2F154B5BDB-LeaderStateImpl: Lost leadership on term: 2. Election timeout: 1200ms. In charge for: 7231ms. Conf: conf: {index: 1, cur=peers:[4d8a2798-959e-416b-b534-19c13b55a760|127.0.0.1:15023, 1c036820-4dbe-4abe-80fb-5ca88de5e2f0|127.0.0.1:15015, 40df8fc4-149d-40c0-897d-2844034d8141|127.0.0.1:15031]|listeners:[], old=null}
2025-10-22 08:24:33,156 [1c036820-4dbe-4abe-80fb-5ca88de5e2f0@group-5E2F154B5BDB-LeaderStateImpl] WARN  server.RaftServer$Division (LeaderStateImpl.java:lambda$checkLeadership$20(1125)) - Follower 1c036820-4dbe-4abe-80fb-5ca88de5e2f0@group-5E2F154B5BDB->4d8a2798-959e-416b-b534-19c13b55a760(c2,m2,n3, caughtUp=true, lastRpcSendTime=958, lastRpcResponseTime=5188)
2025-10-22 08:24:33,156 [1c036820-4dbe-4abe-80fb-5ca88de5e2f0@group-5E2F154B5BDB-LeaderStateImpl] WARN  server.RaftServer$Division (LeaderStateImpl.java:lambda$checkLeadership$20(1125)) - Follower 1c036820-4dbe-4abe-80fb-5ca88de5e2f0@group-5E2F154B5BDB->40df8fc4-149d-40c0-897d-2844034d8141(c2,m2,n3, caughtUp=true, lastRpcSendTime=673, lastRpcResponseTime=2183)
2025-10-22 08:24:33,156 [1c036820-4dbe-4abe-80fb-5ca88de5e2f0@group-5E2F154B5BDB-LeaderStateImpl] INFO  server.RaftServer$Division (RaftServerImpl.java:setRole(392)) - 1c036820-4dbe-4abe-80fb-5ca88de5e2f0@group-5E2F154B5BDB: changes role from    LEADER to FOLLOWER at term 2 for StepDownReason:LOST_MAJORITY_HEARTBEATS
2025-10-22 08:24:33,156 [1c036820-4dbe-4abe-80fb-5ca88de5e2f0@group-5E2F154B5BDB-LeaderStateImpl] INFO  impl.RoleInfo (RoleInfo.java:shutdownLeaderState(103)) - 1c036820-4dbe-4abe-80fb-5ca88de5e2f0: shutdown 1c036820-4dbe-4abe-80fb-5ca88de5e2f0@group-5E2F154B5BDB-LeaderStateImpl
2025-10-22 08:24:33,156 [1c036820-4dbe-4abe-80fb-5ca88de5e2f0@group-5E2F154B5BDB->4d8a2798-959e-416b-b534-19c13b55a760-GrpcLogAppender-LogAppenderDaemon] WARN  server.GrpcLogAppender (GrpcLogAppender.java:mayWait(300)) - 1c036820-4dbe-4abe-80fb-5ca88de5e2f0@group-5E2F154B5BDB->4d8a2798-959e-416b-b534-19c13b55a760-GrpcLogAppender: Wait interrupted by java.lang.InterruptedException
2025-10-22 08:24:33,156 [1c036820-4dbe-4abe-80fb-5ca88de5e2f0@group-5E2F154B5BDB-LeaderStateImpl] INFO  impl.PendingRequests (PendingRequests.java:sendNotLeaderResponses(287)) - 1c036820-4dbe-4abe-80fb-5ca88de5e2f0@group-5E2F154B5BDB-PendingRequests: sendNotLeaderResponses
2025-10-22 08:24:33,157 [1c036820-4dbe-4abe-80fb-5ca88de5e2f0@group-5E2F154B5BDB->40df8fc4-149d-40c0-897d-2844034d8141-GrpcLogAppender-LogAppenderDaemon] WARN  server.GrpcLogAppender (GrpcLogAppender.java:mayWait(300)) - 1c036820-4dbe-4abe-80fb-5ca88de5e2f0@group-5E2F154B5BDB->40df8fc4-149d-40c0-897d-2844034d8141-GrpcLogAppender: Wait interrupted by java.lang.InterruptedException
2025-10-22 08:24:33,157 [1c036820-4dbe-4abe-80fb-5ca88de5e2f0@group-5E2F154B5BDB-LeaderStateImpl] INFO  server.RaftServer$Division (ServerState.java:setLeader(272)) - 1c036820-4dbe-4abe-80fb-5ca88de5e2f0@group-5E2F154B5BDB: change Leader from 1c036820-4dbe-4abe-80fb-5ca88de5e2f0 to null at term 2 for StepDownReason:LOST_MAJORITY_HEARTBEATS
2025-10-22 08:24:33,157 [1c036820-4dbe-4abe-80fb-5ca88de5e2f0@group-5E2F154B5BDB-LeaderStateImpl] INFO  impl.RoleInfo (RoleInfo.java:updateAndGet(148)) - 1c036820-4dbe-4abe-80fb-5ca88de5e2f0: start 1c036820-4dbe-4abe-80fb-5ca88de5e2f0@group-5E2F154B5BDB-FollowerState
2025-10-22 08:24:33,806 [1c036820-4dbe-4abe-80fb-5ca88de5e2f0@group-C626CE820278-FollowerState] INFO  impl.FollowerState (FollowerState.java:runImpl(161)) - 1c036820-4dbe-4abe-80fb-5ca88de5e2f0@group-C626CE820278-FollowerState: change to CANDIDATE, lastRpcElapsedTime:1081379074ns, electionTimeout:1081ms
2025-10-22 08:24:33,807 [1c036820-4dbe-4abe-80fb-5ca88de5e2f0@group-C626CE820278-FollowerState] INFO  impl.RoleInfo (RoleInfo.java:shutdownFollowerState(121)) - 1c036820-4dbe-4abe-80fb-5ca88de5e2f0: shutdown 1c036820-4dbe-4abe-80fb-5ca88de5e2f0@group-C626CE820278-FollowerState
2025-10-22 08:24:33,807 [1c036820-4dbe-4abe-80fb-5ca88de5e2f0@group-C626CE820278-FollowerState] INFO  server.RaftServer$Division (RaftServerImpl.java:setRole(392)) - 1c036820-4dbe-4abe-80fb-5ca88de5e2f0@group-C626CE820278: changes role from  FOLLOWER to CANDIDATE at term 1 for changeToCandidate
2025-10-22 08:24:33,807 [1c036820-4dbe-4abe-80fb-5ca88de5e2f0@group-C626CE820278-FollowerState] INFO  impl.RoleInfo (RoleInfo.java:updateAndGet(148)) - 1c036820-4dbe-4abe-80fb-5ca88de5e2f0: start 1c036820-4dbe-4abe-80fb-5ca88de5e2f0@group-C626CE820278-LeaderElection93
2025-10-22 08:24:33,807 [1c036820-4dbe-4abe-80fb-5ca88de5e2f0@group-C626CE820278-LeaderElection93] INFO  impl.LeaderElection (LeaderElection.java:askForVotes(448)) - 1c036820-4dbe-4abe-80fb-5ca88de5e2f0@group-C626CE820278-LeaderElection93 PRE_VOTE round 0: submit vote requests at term 1 for conf: {index: 0, cur=peers:[4d8a2798-959e-416b-b534-19c13b55a760|127.0.0.1:15023, 1c036820-4dbe-4abe-80fb-5ca88de5e2f0|127.0.0.1:15015, 40df8fc4-149d-40c0-897d-2844034d8141|127.0.0.1:15031]|listeners:[], old=null}
2025-10-22 08:24:33,808 [1c036820-4dbe-4abe-80fb-5ca88de5e2f0@group-C626CE820278-LeaderElection93] INFO  impl.LeaderElection (LogUtils.java:infoOrTrace(142)) - 1c036820-4dbe-4abe-80fb-5ca88de5e2f0@group-C626CE820278-LeaderElection93 got exception when requesting votes: java.util.concurrent.ExecutionException: org.apache.ratis.thirdparty.io.grpc.StatusRuntimeException: UNAVAILABLE: io exception
2025-10-22 08:24:33,808 [1c036820-4dbe-4abe-80fb-5ca88de5e2f0@group-C626CE820278-LeaderElection93] INFO  impl.LeaderElection (LogUtils.java:infoOrTrace(142)) - 1c036820-4dbe-4abe-80fb-5ca88de5e2f0@group-C626CE820278-LeaderElection93 got exception when requesting votes: java.util.concurrent.ExecutionException: org.apache.ratis.thirdparty.io.grpc.StatusRuntimeException: UNAVAILABLE: io exception
2025-10-22 08:24:33,808 [1c036820-4dbe-4abe-80fb-5ca88de5e2f0@group-C626CE820278-LeaderElection93] INFO  impl.LeaderElection (LeaderElection.java:logAndReturn(206)) - 1c036820-4dbe-4abe-80fb-5ca88de5e2f0@group-C626CE820278-LeaderElection93: PRE_VOTE REJECTED received 0 response(s) and 2 exception(s):
2025-10-22 08:24:33,808 [1c036820-4dbe-4abe-80fb-5ca88de5e2f0@group-C626CE820278-LeaderElection93] INFO  impl.LeaderElection (LogUtils.java:infoOrTrace(142)) -   Exception 0: java.util.concurrent.ExecutionException: org.apache.ratis.thirdparty.io.grpc.StatusRuntimeException: UNAVAILABLE: io exception
2025-10-22 08:24:33,808 [1c036820-4dbe-4abe-80fb-5ca88de5e2f0@group-C626CE820278-LeaderElection93] INFO  impl.LeaderElection (LogUtils.java:infoOrTrace(142)) -   Exception 1: java.util.concurrent.ExecutionException: org.apache.ratis.thirdparty.io.grpc.StatusRuntimeException: UNAVAILABLE: io exception
2025-10-22 08:24:33,808 [1c036820-4dbe-4abe-80fb-5ca88de5e2f0@group-C626CE820278-LeaderElection93] INFO  impl.LeaderElection (LeaderElection.java:askForVotes(450)) - 1c036820-4dbe-4abe-80fb-5ca88de5e2f0@group-C626CE820278-LeaderElection93 PRE_VOTE round 0: result REJECTED
2025-10-22 08:24:33,808 [1c036820-4dbe-4abe-80fb-5ca88de5e2f0@group-C626CE820278-LeaderElection93] INFO  server.RaftServer$Division (RaftServerImpl.java:setRole(392)) - 1c036820-4dbe-4abe-80fb-5ca88de5e2f0@group-C626CE820278: changes role from CANDIDATE to FOLLOWER at term 1 for REJECTED
2025-10-22 08:24:33,808 [1c036820-4dbe-4abe-80fb-5ca88de5e2f0@group-C626CE820278-LeaderElection93] INFO  impl.RoleInfo (RoleInfo.java:shutdownLeaderElection(141)) - 1c036820-4dbe-4abe-80fb-5ca88de5e2f0: shutdown 1c036820-4dbe-4abe-80fb-5ca88de5e2f0@group-C626CE820278-LeaderElection93
2025-10-22 08:24:33,809 [1c036820-4dbe-4abe-80fb-5ca88de5e2f0@group-C626CE820278-LeaderElection93] INFO  impl.RoleInfo (RoleInfo.java:updateAndGet(148)) - 1c036820-4dbe-4abe-80fb-5ca88de5e2f0: start 1c036820-4dbe-4abe-80fb-5ca88de5e2f0@group-C626CE820278-FollowerState
2025-10-22 08:24:33,961 [ForkJoinPool-1-worker-1] INFO  utils.DatanodeStoreCache (DatanodeStoreCache.java:shutdownCache(110)) - Skip clearing cache in mini cluster mode. Entries left: [/home/runner/work/ozone/ozone/hadoop-ozone/integration-test/target/test-dir/MiniOzoneClusterImpl-a412b9f6-7d8b-4de3-a85c-9946bceaa3a0/ozone-metadata/datanode-1/data-0/hdds/a412b9f6-7d8b-4de3-a85c-9946bceaa3a0/DS-a07e098a-6398-480b-9efd-d3f505e7661c/container.db, /home/runner/work/ozone/ozone/hadoop-ozone/integration-test/target/test-dir/MiniOzoneClusterImpl-a412b9f6-7d8b-4de3-a85c-9946bceaa3a0/ozone-metadata/datanode-10/data-0/hdds/a412b9f6-7d8b-4de3-a85c-9946bceaa3a0/DS-8a3798d9-2bb5-458f-b08b-fc94b9fc23ce/container.db, /home/runner/work/ozone/ozone/hadoop-ozone/integration-test/target/test-dir/MiniOzoneClusterImpl-a412b9f6-7d8b-4de3-a85c-9946bceaa3a0/ozone-metadata/datanode-3/data-0/hdds/a412b9f6-7d8b-4de3-a85c-9946bceaa3a0/DS-bebc18f0-1165-45db-a91a-4f24542d176c/container.db, /home/runner/work/ozone/ozone/hadoop-ozone/integration-test/target/test-dir/MiniOzoneClusterImpl-a412b9f6-7d8b-4de3-a85c-9946bceaa3a0/ozone-metadata/datanode-4/data-0/hdds/a412b9f6-7d8b-4de3-a85c-9946bceaa3a0/DS-5d7e6087-1900-4b55-988c-16336b0b4c63/container.db, /home/runner/work/ozone/ozone/hadoop-ozone/integration-test/target/test-dir/MiniOzoneClusterImpl-a412b9f6-7d8b-4de3-a85c-9946bceaa3a0/ozone-metadata/datanode-5/data-0/hdds/a412b9f6-7d8b-4de3-a85c-9946bceaa3a0/DS-ca10d0ba-335c-4c88-91c2-e630968cb905/container.db, /home/runner/work/ozone/ozone/hadoop-ozone/integration-test/target/test-dir/MiniOzoneClusterImpl-a412b9f6-7d8b-4de3-a85c-9946bceaa3a0/ozone-metadata/datanode-6/data-0/hdds/a412b9f6-7d8b-4de3-a85c-9946bceaa3a0/DS-4a321f51-abfc-498c-a23e-1fd398dcf1d8/container.db, /home/runner/work/ozone/ozone/hadoop-ozone/integration-test/target/test-dir/MiniOzoneClusterImpl-a412b9f6-7d8b-4de3-a85c-9946bceaa3a0/ozone-metadata/datanode-7/data-0/hdds/a412b9f6-7d8b-4de3-a85c-9946bceaa3a0/DS-2f6f67bf-9efa-4b7c-aaf0-b55f90e251b4/container.db, /home/runner/work/ozone/ozone/hadoop-ozone/integration-test/target/test-dir/MiniOzoneClusterImpl-a412b9f6-7d8b-4de3-a85c-9946bceaa3a0/ozone-metadata/datanode-8/data-0/hdds/a412b9f6-7d8b-4de3-a85c-9946bceaa3a0/DS-1ec53189-a8d9-456e-823c-b078e2857cda/container.db, /home/runner/work/ozone/ozone/hadoop-ozone/integration-test/target/test-dir/MiniOzoneClusterImpl-a412b9f6-7d8b-4de3-a85c-9946bceaa3a0/ozone-metadata/datanode-9/data-0/hdds/a412b9f6-7d8b-4de3-a85c-9946bceaa3a0/DS-2a9dbd48-deb6-4f23-96bb-1f0c806128cb/container.db]
2025-10-22 08:24:33,962 [ForkJoinPool-1-worker-1] INFO  utils.DatanodeStoreCache (DatanodeStoreCache.java:removeDB(104)) - Removed db /home/runner/work/ozone/ozone/hadoop-ozone/integration-test/target/test-dir/MiniOzoneClusterImpl-a412b9f6-7d8b-4de3-a85c-9946bceaa3a0/ozone-metadata/datanode-3/data-0/hdds/a412b9f6-7d8b-4de3-a85c-9946bceaa3a0/DS-bebc18f0-1165-45db-a91a-4f24542d176c/container.db from cache
2025-10-22 08:24:33,962 [ForkJoinPool-1-worker-1] INFO  volume.HddsVolume (HddsVolume.java:closeDbStore(609)) - SchemaV3 db is stopped at /home/runner/work/ozone/ozone/hadoop-ozone/integration-test/target/test-dir/MiniOzoneClusterImpl-a412b9f6-7d8b-4de3-a85c-9946bceaa3a0/ozone-metadata/datanode-3/data-0/hdds/a412b9f6-7d8b-4de3-a85c-9946bceaa3a0/DS-bebc18f0-1165-45db-a91a-4f24542d176c/container.db for volume DS-bebc18f0-1165-45db-a91a-4f24542d176c
2025-10-22 08:24:33,962 [ForkJoinPool-1-worker-1] INFO  utils.BackgroundService (BackgroundService.java:shutdown(195)) - Shutting down service BlockDeletingService
2025-10-22 08:24:33,963 [ForkJoinPool-1-worker-1] INFO  utils.BackgroundService (BackgroundService.java:shutdown(195)) - Shutting down service StaleRecoveringContainerScrubbingService
2025-10-22 08:24:33,964 [ForkJoinPool-1-worker-1] INFO  statemachine.DatanodeStateMachine (DatanodeStateMachine.java:stopDaemon(654)) - Ozone container server stopped.
2025-10-22 08:24:33,980 [ForkJoinPool-1-worker-1] INFO  handler.ContextHandler (ContextHandler.java:doStop(1159)) - Stopped o.e.j.w.WebAppContext@7265e1c{hddsDatanode,/,null,STOPPED}{jar:file:/home/runner/work/ozone/ozone/hadoop-hdds/container-service/target/hdds-container-service-2.1.0-SNAPSHOT.jar!/webapps/hddsDatanode}
2025-10-22 08:24:33,981 [ForkJoinPool-1-worker-1] INFO  server.AbstractConnector (AbstractConnector.java:doStop(383)) - Stopped ServerConnector@20334bd7{HTTP/1.1, (http/1.1)}{0.0.0.0:15026}
2025-10-22 08:24:33,981 [ForkJoinPool-1-worker-1] INFO  server.session (HouseKeeper.java:stopScavenging(149)) - node0 Stopped scavenging
2025-10-22 08:24:33,981 [ForkJoinPool-1-worker-1] INFO  handler.ContextHandler (ContextHandler.java:doStop(1159)) - Stopped o.e.j.s.ServletContextHandler@d331800{static,/static,jar:file:/home/runner/work/ozone/ozone/hadoop-hdds/container-service/target/hdds-container-service-2.1.0-SNAPSHOT.jar!/webapps/static,STOPPED}
2025-10-22 08:24:33,981 [ForkJoinPool-1-worker-1] INFO  handler.ContextHandler (ContextHandler.java:doStop(1159)) - Stopped o.e.j.s.ServletContextHandler@9885c9a{logs,/logs,file:///home/runner/work/ozone/ozone/hadoop-ozone/integration-test/target/log,STOPPED}
2025-10-22 08:24:33,982 [ForkJoinPool-1-worker-1] INFO  ozone.HddsDatanodeClientProtocolServer (HddsDatanodeClientProtocolServer.java:stop(82)) - Stopping the RPC server for Client Protocol
2025-10-22 08:24:33,982 [ForkJoinPool-1-worker-1] INFO  ipc.Server (Server.java:stop(3697)) - Stopping server on 15027
2025-10-22 08:24:33,983 [IPC Server listener on 15027] INFO  ipc.Server (Server.java:run(1585)) - Stopping IPC Server listener on 15027
2025-10-22 08:24:33,984 [IPC Server Responder] INFO  ipc.Server (Server.java:run(1718)) - Stopping IPC Server Responder
2025-10-22 08:24:33,990 [grpc-default-executor-0] ERROR impl.OrderedAsync (OrderedAsync.java:lambda$null$6(215)) -  client-E7D2C87CB263: Failed* RaftClientRequest:client-E7D2C87CB263->1c036820-4dbe-4abe-80fb-5ca88de5e2f0@group-5E2F154B5BDB, cid=40, seq=1*, Watch(0), null
java.util.concurrent.CompletionException: org.apache.ratis.protocol.exceptions.NotLeaderException: Server 1c036820-4dbe-4abe-80fb-5ca88de5e2f0@group-5E2F154B5BDB is not the leader
	at java.base/java.util.concurrent.CompletableFuture.encodeThrowable(CompletableFuture.java:332)
	at java.base/java.util.concurrent.CompletableFuture.completeThrowable(CompletableFuture.java:347)
	at java.base/java.util.concurrent.CompletableFuture$UniAccept.tryFire(CompletableFuture.java:708)
	at java.base/java.util.concurrent.CompletableFuture.postComplete(CompletableFuture.java:510)
	at java.base/java.util.concurrent.CompletableFuture.completeExceptionally(CompletableFuture.java:2194)
	at org.apache.ratis.grpc.client.GrpcClientProtocolClient$AsyncStreamObservers.completeReplyExceptionally(GrpcClientProtocolClient.java:397)
	at org.apache.ratis.grpc.client.GrpcClientProtocolClient$AsyncStreamObservers.access$000(GrpcClientProtocolClient.java:303)
	at org.apache.ratis.grpc.client.GrpcClientProtocolClient$AsyncStreamObservers$1.onNext(GrpcClientProtocolClient.java:317)
	at org.apache.ratis.grpc.client.GrpcClientProtocolClient$AsyncStreamObservers$1.onNext(GrpcClientProtocolClient.java:308)
	at org.apache.ratis.thirdparty.io.grpc.stub.ClientCalls$StreamObserverToCallListenerAdapter.onMessage(ClientCalls.java:551)
	at org.apache.ratis.thirdparty.io.grpc.ForwardingClientCallListener.onMessage(ForwardingClientCallListener.java:33)
	at org.apache.ratis.thirdparty.io.grpc.internal.ClientCallImpl$ClientStreamListenerImpl$1MessagesAvailable.runInternal(ClientCallImpl.java:661)
	at org.apache.ratis.thirdparty.io.grpc.internal.ClientCallImpl$ClientStreamListenerImpl$1MessagesAvailable.runInContext(ClientCallImpl.java:648)
	at org.apache.ratis.thirdparty.io.grpc.internal.ContextRunnable.run(ContextRunnable.java:37)
	at org.apache.ratis.thirdparty.io.grpc.internal.SerializingExecutor.run(SerializingExecutor.java:133)
	at java.base/java.util.concurrent.ThreadPoolExecutor.runWorker(ThreadPoolExecutor.java:1144)
	at java.base/java.util.concurrent.ThreadPoolExecutor$Worker.run(ThreadPoolExecutor.java:642)
	at java.base/java.lang.Thread.run(Thread.java:1583)
Caused by: org.apache.ratis.protocol.exceptions.NotLeaderException: Server 1c036820-4dbe-4abe-80fb-5ca88de5e2f0@group-5E2F154B5BDB is not the leader
	at org.apache.ratis.client.impl.ClientProtoUtils.toRaftClientReply(ClientProtoUtils.java:402)
	at org.apache.ratis.grpc.client.GrpcClientProtocolClient$AsyncStreamObservers$1.onNext(GrpcClientProtocolClient.java:313)
	... 10 more
2025-10-22 08:24:34,221 [1c036820-4dbe-4abe-80fb-5ca88de5e2f0@group-5E2F154B5BDB-FollowerState] INFO  impl.FollowerState (FollowerState.java:lostMajorityHeartbeatsRecently(113)) - 1c036820-4dbe-4abe-80fb-5ca88de5e2f0@group-5E2F154B5BDB-FollowerState: Skipping leader election since it stepped down recently (elapsed = 1063ms < waitTime = 10s)
2025-10-22 08:24:34,985 [1c036820-4dbe-4abe-80fb-5ca88de5e2f0@group-C626CE820278-FollowerState] INFO  impl.FollowerState (FollowerState.java:runImpl(161)) - 1c036820-4dbe-4abe-80fb-5ca88de5e2f0@group-C626CE820278-FollowerState: change to CANDIDATE, lastRpcElapsedTime:1176349648ns, electionTimeout:1176ms
2025-10-22 08:24:34,985 [1c036820-4dbe-4abe-80fb-5ca88de5e2f0@group-C626CE820278-FollowerState] INFO  impl.RoleInfo (RoleInfo.java:shutdownFollowerState(121)) - 1c036820-4dbe-4abe-80fb-5ca88de5e2f0: shutdown 1c036820-4dbe-4abe-80fb-5ca88de5e2f0@group-C626CE820278-FollowerState
2025-10-22 08:24:34,985 [1c036820-4dbe-4abe-80fb-5ca88de5e2f0@group-C626CE820278-FollowerState] INFO  server.RaftServer$Division (RaftServerImpl.java:setRole(392)) - 1c036820-4dbe-4abe-80fb-5ca88de5e2f0@group-C626CE820278: changes role from  FOLLOWER to CANDIDATE at term 1 for changeToCandidate
2025-10-22 08:24:34,985 [1c036820-4dbe-4abe-80fb-5ca88de5e2f0@group-C626CE820278-FollowerState] INFO  impl.RoleInfo (RoleInfo.java:updateAndGet(148)) - 1c036820-4dbe-4abe-80fb-5ca88de5e2f0: start 1c036820-4dbe-4abe-80fb-5ca88de5e2f0@group-C626CE820278-LeaderElection94
2025-10-22 08:24:34,986 [1c036820-4dbe-4abe-80fb-5ca88de5e2f0@group-C626CE820278-LeaderElection94] INFO  impl.LeaderElection (LeaderElection.java:askForVotes(448)) - 1c036820-4dbe-4abe-80fb-5ca88de5e2f0@group-C626CE820278-LeaderElection94 PRE_VOTE round 0: submit vote requests at term 1 for conf: {index: 0, cur=peers:[4d8a2798-959e-416b-b534-19c13b55a760|127.0.0.1:15023, 1c036820-4dbe-4abe-80fb-5ca88de5e2f0|127.0.0.1:15015, 40df8fc4-149d-40c0-897d-2844034d8141|127.0.0.1:15031]|listeners:[], old=null}
2025-10-22 08:24:34,986 [1c036820-4dbe-4abe-80fb-5ca88de5e2f0@group-C626CE820278-LeaderElection94] INFO  impl.LeaderElection (LogUtils.java:infoOrTrace(142)) - 1c036820-4dbe-4abe-80fb-5ca88de5e2f0@group-C626CE820278-LeaderElection94 got exception when requesting votes: java.util.concurrent.ExecutionException: org.apache.ratis.thirdparty.io.grpc.StatusRuntimeException: UNAVAILABLE: io exception
2025-10-22 08:24:34,986 [1c036820-4dbe-4abe-80fb-5ca88de5e2f0@group-C626CE820278-LeaderElection94] INFO  impl.LeaderElection (LogUtils.java:infoOrTrace(142)) - 1c036820-4dbe-4abe-80fb-5ca88de5e2f0@group-C626CE820278-LeaderElection94 got exception when requesting votes: java.util.concurrent.ExecutionException: org.apache.ratis.thirdparty.io.grpc.StatusRuntimeException: UNAVAILABLE: io exception
2025-10-22 08:24:34,986 [1c036820-4dbe-4abe-80fb-5ca88de5e2f0@group-C626CE820278-LeaderElection94] INFO  impl.LeaderElection (LeaderElection.java:logAndReturn(206)) - 1c036820-4dbe-4abe-80fb-5ca88de5e2f0@group-C626CE820278-LeaderElection94: PRE_VOTE REJECTED received 0 response(s) and 2 exception(s):
2025-10-22 08:24:34,986 [1c036820-4dbe-4abe-80fb-5ca88de5e2f0@group-C626CE820278-LeaderElection94] INFO  impl.LeaderElection (LogUtils.java:infoOrTrace(142)) -   Exception 0: java.util.concurrent.ExecutionException: org.apache.ratis.thirdparty.io.grpc.StatusRuntimeException: UNAVAILABLE: io exception
2025-10-22 08:24:34,986 [1c036820-4dbe-4abe-80fb-5ca88de5e2f0@group-C626CE820278-LeaderElection94] INFO  impl.LeaderElection (LogUtils.java:infoOrTrace(142)) -   Exception 1: java.util.concurrent.ExecutionException: org.apache.ratis.thirdparty.io.grpc.StatusRuntimeException: UNAVAILABLE: io exception
2025-10-22 08:24:34,987 [1c036820-4dbe-4abe-80fb-5ca88de5e2f0@group-C626CE820278-LeaderElection94] INFO  impl.LeaderElection (LeaderElection.java:askForVotes(450)) - 1c036820-4dbe-4abe-80fb-5ca88de5e2f0@group-C626CE820278-LeaderElection94 PRE_VOTE round 0: result REJECTED
2025-10-22 08:24:34,987 [1c036820-4dbe-4abe-80fb-5ca88de5e2f0@group-C626CE820278-LeaderElection94] INFO  server.RaftServer$Division (RaftServerImpl.java:setRole(392)) - 1c036820-4dbe-4abe-80fb-5ca88de5e2f0@group-C626CE820278: changes role from CANDIDATE to FOLLOWER at term 1 for REJECTED
2025-10-22 08:24:34,987 [1c036820-4dbe-4abe-80fb-5ca88de5e2f0@group-C626CE820278-LeaderElection94] INFO  impl.RoleInfo (RoleInfo.java:shutdownLeaderElection(141)) - 1c036820-4dbe-4abe-80fb-5ca88de5e2f0: shutdown 1c036820-4dbe-4abe-80fb-5ca88de5e2f0@group-C626CE820278-LeaderElection94
2025-10-22 08:24:34,987 [1c036820-4dbe-4abe-80fb-5ca88de5e2f0@group-C626CE820278-LeaderElection94] INFO  impl.RoleInfo (RoleInfo.java:updateAndGet(148)) - 1c036820-4dbe-4abe-80fb-5ca88de5e2f0: start 1c036820-4dbe-4abe-80fb-5ca88de5e2f0@group-C626CE820278-FollowerState
2025-10-22 08:24:35,272 [1c036820-4dbe-4abe-80fb-5ca88de5e2f0@group-5E2F154B5BDB-FollowerState] INFO  impl.FollowerState (FollowerState.java:lostMajorityHeartbeatsRecently(113)) - 1c036820-4dbe-4abe-80fb-5ca88de5e2f0@group-5E2F154B5BDB-FollowerState: Skipping leader election since it stepped down recently (elapsed = 2114ms < waitTime = 10s)
2025-10-22 08:24:35,995 [timer0] WARN  server.GrpcLogAppender (GrpcLogAppender.java:lambda$resetClient$1(228)) - 1c036820-4dbe-4abe-80fb-5ca88de5e2f0@group-5E2F154B5BDB->40df8fc4-149d-40c0-897d-2844034d8141-GrpcLogAppender: Follower failed (request=null, errorCount=12); keep nextIndex (3) unchanged and retry. (Repeated 12 times in the last 5.000s)
2025-10-22 08:24:35,995 [timer7] WARN  server.GrpcLogAppender (LogUtils.java:warn(127)) - 1c036820-4dbe-4abe-80fb-5ca88de5e2f0@group-5E2F154B5BDB->40df8fc4-149d-40c0-897d-2844034d8141-AppendLogResponseHandler: Failed appendEntries (Repeated 12 times in the last 5.000s): org.apache.ratis.thirdparty.io.grpc.StatusRuntimeException: UNAVAILABLE: io exception
  Caused by: org.apache.ratis.thirdparty.io.netty.channel.AbstractChannel$AnnotatedConnectException: finishConnect(..) failed: Connection refused: /127.0.0.1:15031
  Caused by: java.net.ConnectException: finishConnect(..) failed: Connection refused
2025-10-22 08:24:36,148 [1c036820-4dbe-4abe-80fb-5ca88de5e2f0@group-C626CE820278-FollowerState] INFO  impl.FollowerState (FollowerState.java:runImpl(161)) - 1c036820-4dbe-4abe-80fb-5ca88de5e2f0@group-C626CE820278-FollowerState: change to CANDIDATE, lastRpcElapsedTime:1161282376ns, electionTimeout:1161ms
2025-10-22 08:24:36,148 [1c036820-4dbe-4abe-80fb-5ca88de5e2f0@group-C626CE820278-FollowerState] INFO  impl.RoleInfo (RoleInfo.java:shutdownFollowerState(121)) - 1c036820-4dbe-4abe-80fb-5ca88de5e2f0: shutdown 1c036820-4dbe-4abe-80fb-5ca88de5e2f0@group-C626CE820278-FollowerState
2025-10-22 08:24:36,148 [1c036820-4dbe-4abe-80fb-5ca88de5e2f0@group-C626CE820278-FollowerState] INFO  server.RaftServer$Division (RaftServerImpl.java:setRole(392)) - 1c036820-4dbe-4abe-80fb-5ca88de5e2f0@group-C626CE820278: changes role from  FOLLOWER to CANDIDATE at term 1 for changeToCandidate
2025-10-22 08:24:36,148 [1c036820-4dbe-4abe-80fb-5ca88de5e2f0@group-C626CE820278-FollowerState] INFO  impl.RoleInfo (RoleInfo.java:updateAndGet(148)) - 1c036820-4dbe-4abe-80fb-5ca88de5e2f0: start 1c036820-4dbe-4abe-80fb-5ca88de5e2f0@group-C626CE820278-LeaderElection95
2025-10-22 08:24:36,149 [1c036820-4dbe-4abe-80fb-5ca88de5e2f0@group-C626CE820278-LeaderElection95] INFO  impl.LeaderElection (LeaderElection.java:askForVotes(448)) - 1c036820-4dbe-4abe-80fb-5ca88de5e2f0@group-C626CE820278-LeaderElection95 PRE_VOTE round 0: submit vote requests at term 1 for conf: {index: 0, cur=peers:[4d8a2798-959e-416b-b534-19c13b55a760|127.0.0.1:15023, 1c036820-4dbe-4abe-80fb-5ca88de5e2f0|127.0.0.1:15015, 40df8fc4-149d-40c0-897d-2844034d8141|127.0.0.1:15031]|listeners:[], old=null}
2025-10-22 08:24:36,150 [1c036820-4dbe-4abe-80fb-5ca88de5e2f0@group-C626CE820278-LeaderElection95] INFO  impl.LeaderElection (LogUtils.java:infoOrTrace(142)) - 1c036820-4dbe-4abe-80fb-5ca88de5e2f0@group-C626CE820278-LeaderElection95 got exception when requesting votes: java.util.concurrent.ExecutionException: org.apache.ratis.thirdparty.io.grpc.StatusRuntimeException: UNAVAILABLE: io exception
2025-10-22 08:24:36,150 [1c036820-4dbe-4abe-80fb-5ca88de5e2f0@group-C626CE820278-LeaderElection95] INFO  impl.LeaderElection (LogUtils.java:infoOrTrace(142)) - 1c036820-4dbe-4abe-80fb-5ca88de5e2f0@group-C626CE820278-LeaderElection95 got exception when requesting votes: java.util.concurrent.ExecutionException: org.apache.ratis.thirdparty.io.grpc.StatusRuntimeException: UNAVAILABLE: io exception
2025-10-22 08:24:36,150 [1c036820-4dbe-4abe-80fb-5ca88de5e2f0@group-C626CE820278-LeaderElection95] INFO  impl.LeaderElection (LeaderElection.java:logAndReturn(206)) - 1c036820-4dbe-4abe-80fb-5ca88de5e2f0@group-C626CE820278-LeaderElection95: PRE_VOTE REJECTED received 0 response(s) and 2 exception(s):
2025-10-22 08:24:36,150 [1c036820-4dbe-4abe-80fb-5ca88de5e2f0@group-C626CE820278-LeaderElection95] INFO  impl.LeaderElection (LogUtils.java:infoOrTrace(142)) -   Exception 0: java.util.concurrent.ExecutionException: org.apache.ratis.thirdparty.io.grpc.StatusRuntimeException: UNAVAILABLE: io exception
2025-10-22 08:24:36,150 [1c036820-4dbe-4abe-80fb-5ca88de5e2f0@group-C626CE820278-LeaderElection95] INFO  impl.LeaderElection (LogUtils.java:infoOrTrace(142)) -   Exception 1: java.util.concurrent.ExecutionException: org.apache.ratis.thirdparty.io.grpc.StatusRuntimeException: UNAVAILABLE: io exception
2025-10-22 08:24:36,150 [1c036820-4dbe-4abe-80fb-5ca88de5e2f0@group-C626CE820278-LeaderElection95] INFO  impl.LeaderElection (LeaderElection.java:askForVotes(450)) - 1c036820-4dbe-4abe-80fb-5ca88de5e2f0@group-C626CE820278-LeaderElection95 PRE_VOTE round 0: result REJECTED
2025-10-22 08:24:36,151 [1c036820-4dbe-4abe-80fb-5ca88de5e2f0@group-C626CE820278-LeaderElection95] INFO  server.RaftServer$Division (RaftServerImpl.java:setRole(392)) - 1c036820-4dbe-4abe-80fb-5ca88de5e2f0@group-C626CE820278: changes role from CANDIDATE to FOLLOWER at term 1 for REJECTED
2025-10-22 08:24:36,151 [1c036820-4dbe-4abe-80fb-5ca88de5e2f0@group-C626CE820278-LeaderElection95] INFO  impl.RoleInfo (RoleInfo.java:shutdownLeaderElection(141)) - 1c036820-4dbe-4abe-80fb-5ca88de5e2f0: shutdown 1c036820-4dbe-4abe-80fb-5ca88de5e2f0@group-C626CE820278-LeaderElection95
2025-10-22 08:24:36,151 [1c036820-4dbe-4abe-80fb-5ca88de5e2f0@group-C626CE820278-LeaderElection95] INFO  impl.RoleInfo (RoleInfo.java:updateAndGet(148)) - 1c036820-4dbe-4abe-80fb-5ca88de5e2f0: start 1c036820-4dbe-4abe-80fb-5ca88de5e2f0@group-C626CE820278-FollowerState
2025-10-22 08:24:36,373 [1c036820-4dbe-4abe-80fb-5ca88de5e2f0@group-5E2F154B5BDB-FollowerState] INFO  impl.FollowerState (FollowerState.java:lostMajorityHeartbeatsRecently(113)) - 1c036820-4dbe-4abe-80fb-5ca88de5e2f0@group-5E2F154B5BDB-FollowerState: Skipping leader election since it stepped down recently (elapsed = 3215ms < waitTime = 10s)
2025-10-22 08:24:37,209 [1c036820-4dbe-4abe-80fb-5ca88de5e2f0@group-C626CE820278-FollowerState] INFO  impl.FollowerState (FollowerState.java:runImpl(161)) - 1c036820-4dbe-4abe-80fb-5ca88de5e2f0@group-C626CE820278-FollowerState: change to CANDIDATE, lastRpcElapsedTime:1058424840ns, electionTimeout:1058ms
2025-10-22 08:24:37,209 [1c036820-4dbe-4abe-80fb-5ca88de5e2f0@group-C626CE820278-FollowerState] INFO  impl.RoleInfo (RoleInfo.java:shutdownFollowerState(121)) - 1c036820-4dbe-4abe-80fb-5ca88de5e2f0: shutdown 1c036820-4dbe-4abe-80fb-5ca88de5e2f0@group-C626CE820278-FollowerState
2025-10-22 08:24:37,209 [1c036820-4dbe-4abe-80fb-5ca88de5e2f0@group-C626CE820278-FollowerState] INFO  server.RaftServer$Division (RaftServerImpl.java:setRole(392)) - 1c036820-4dbe-4abe-80fb-5ca88de5e2f0@group-C626CE820278: changes role from  FOLLOWER to CANDIDATE at term 1 for changeToCandidate
2025-10-22 08:24:37,209 [1c036820-4dbe-4abe-80fb-5ca88de5e2f0@group-C626CE820278-FollowerState] INFO  impl.RoleInfo (RoleInfo.java:updateAndGet(148)) - 1c036820-4dbe-4abe-80fb-5ca88de5e2f0: start 1c036820-4dbe-4abe-80fb-5ca88de5e2f0@group-C626CE820278-LeaderElection96
2025-10-22 08:24:37,210 [1c036820-4dbe-4abe-80fb-5ca88de5e2f0@group-C626CE820278-LeaderElection96] INFO  impl.LeaderElection (LeaderElection.java:askForVotes(448)) - 1c036820-4dbe-4abe-80fb-5ca88de5e2f0@group-C626CE820278-LeaderElection96 PRE_VOTE round 0: submit vote requests at term 1 for conf: {index: 0, cur=peers:[4d8a2798-959e-416b-b534-19c13b55a760|127.0.0.1:15023, 1c036820-4dbe-4abe-80fb-5ca88de5e2f0|127.0.0.1:15015, 40df8fc4-149d-40c0-897d-2844034d8141|127.0.0.1:15031]|listeners:[], old=null}
2025-10-22 08:24:37,211 [1c036820-4dbe-4abe-80fb-5ca88de5e2f0@group-C626CE820278-LeaderElection96] INFO  impl.LeaderElection (LogUtils.java:infoOrTrace(142)) - 1c036820-4dbe-4abe-80fb-5ca88de5e2f0@group-C626CE820278-LeaderElection96 got exception when requesting votes: java.util.concurrent.ExecutionException: org.apache.ratis.thirdparty.io.grpc.StatusRuntimeException: UNAVAILABLE: io exception
2025-10-22 08:24:37,211 [1c036820-4dbe-4abe-80fb-5ca88de5e2f0@group-C626CE820278-LeaderElection96] INFO  impl.LeaderElection (LogUtils.java:infoOrTrace(142)) - 1c036820-4dbe-4abe-80fb-5ca88de5e2f0@group-C626CE820278-LeaderElection96 got exception when requesting votes: java.util.concurrent.ExecutionException: org.apache.ratis.thirdparty.io.grpc.StatusRuntimeException: UNAVAILABLE: io exception
2025-10-22 08:24:37,211 [1c036820-4dbe-4abe-80fb-5ca88de5e2f0@group-C626CE820278-LeaderElection96] INFO  impl.LeaderElection (LeaderElection.java:logAndReturn(206)) - 1c036820-4dbe-4abe-80fb-5ca88de5e2f0@group-C626CE820278-LeaderElection96: PRE_VOTE REJECTED received 0 response(s) and 2 exception(s):
2025-10-22 08:24:37,211 [1c036820-4dbe-4abe-80fb-5ca88de5e2f0@group-C626CE820278-LeaderElection96] INFO  impl.LeaderElection (LogUtils.java:infoOrTrace(142)) -   Exception 0: java.util.concurrent.ExecutionException: org.apache.ratis.thirdparty.io.grpc.StatusRuntimeException: UNAVAILABLE: io exception
2025-10-22 08:24:37,211 [1c036820-4dbe-4abe-80fb-5ca88de5e2f0@group-C626CE820278-LeaderElection96] INFO  impl.LeaderElection (LogUtils.java:infoOrTrace(142)) -   Exception 1: java.util.concurrent.ExecutionException: org.apache.ratis.thirdparty.io.grpc.StatusRuntimeException: UNAVAILABLE: io exception
2025-10-22 08:24:37,211 [1c036820-4dbe-4abe-80fb-5ca88de5e2f0@group-C626CE820278-LeaderElection96] INFO  impl.LeaderElection (LeaderElection.java:askForVotes(450)) - 1c036820-4dbe-4abe-80fb-5ca88de5e2f0@group-C626CE820278-LeaderElection96 PRE_VOTE round 0: result REJECTED
2025-10-22 08:24:37,211 [1c036820-4dbe-4abe-80fb-5ca88de5e2f0@group-C626CE820278-LeaderElection96] INFO  server.RaftServer$Division (RaftServerImpl.java:setRole(392)) - 1c036820-4dbe-4abe-80fb-5ca88de5e2f0@group-C626CE820278: changes role from CANDIDATE to FOLLOWER at term 1 for REJECTED
2025-10-22 08:24:37,211 [1c036820-4dbe-4abe-80fb-5ca88de5e2f0@group-C626CE820278-LeaderElection96] INFO  impl.RoleInfo (RoleInfo.java:shutdownLeaderElection(141)) - 1c036820-4dbe-4abe-80fb-5ca88de5e2f0: shutdown 1c036820-4dbe-4abe-80fb-5ca88de5e2f0@group-C626CE820278-LeaderElection96
2025-10-22 08:24:37,211 [1c036820-4dbe-4abe-80fb-5ca88de5e2f0@group-C626CE820278-LeaderElection96] INFO  impl.RoleInfo (RoleInfo.java:updateAndGet(148)) - 1c036820-4dbe-4abe-80fb-5ca88de5e2f0: start 1c036820-4dbe-4abe-80fb-5ca88de5e2f0@group-C626CE820278-FollowerState
2025-10-22 08:24:37,545 [1c036820-4dbe-4abe-80fb-5ca88de5e2f0@group-5E2F154B5BDB-FollowerState] INFO  impl.FollowerState (FollowerState.java:lostMajorityHeartbeatsRecently(113)) - 1c036820-4dbe-4abe-80fb-5ca88de5e2f0@group-5E2F154B5BDB-FollowerState: Skipping leader election since it stepped down recently (elapsed = 4388ms < waitTime = 10s)
2025-10-22 08:24:38,246 [1c036820-4dbe-4abe-80fb-5ca88de5e2f0@group-C626CE820278-FollowerState] INFO  impl.FollowerState (FollowerState.java:runImpl(161)) - 1c036820-4dbe-4abe-80fb-5ca88de5e2f0@group-C626CE820278-FollowerState: change to CANDIDATE, lastRpcElapsedTime:1035423998ns, electionTimeout:1035ms
2025-10-22 08:24:38,247 [1c036820-4dbe-4abe-80fb-5ca88de5e2f0@group-C626CE820278-FollowerState] INFO  impl.RoleInfo (RoleInfo.java:shutdownFollowerState(121)) - 1c036820-4dbe-4abe-80fb-5ca88de5e2f0: shutdown 1c036820-4dbe-4abe-80fb-5ca88de5e2f0@group-C626CE820278-FollowerState
2025-10-22 08:24:38,247 [1c036820-4dbe-4abe-80fb-5ca88de5e2f0@group-C626CE820278-FollowerState] INFO  server.RaftServer$Division (RaftServerImpl.java:setRole(392)) - 1c036820-4dbe-4abe-80fb-5ca88de5e2f0@group-C626CE820278: changes role from  FOLLOWER to CANDIDATE at term 1 for changeToCandidate
2025-10-22 08:24:38,247 [1c036820-4dbe-4abe-80fb-5ca88de5e2f0@group-C626CE820278-FollowerState] INFO  impl.RoleInfo (RoleInfo.java:updateAndGet(148)) - 1c036820-4dbe-4abe-80fb-5ca88de5e2f0: start 1c036820-4dbe-4abe-80fb-5ca88de5e2f0@group-C626CE820278-LeaderElection97
2025-10-22 08:24:38,247 [1c036820-4dbe-4abe-80fb-5ca88de5e2f0@group-C626CE820278-LeaderElection97] INFO  impl.LeaderElection (LeaderElection.java:askForVotes(448)) - 1c036820-4dbe-4abe-80fb-5ca88de5e2f0@group-C626CE820278-LeaderElection97 PRE_VOTE round 0: submit vote requests at term 1 for conf: {index: 0, cur=peers:[4d8a2798-959e-416b-b534-19c13b55a760|127.0.0.1:15023, 1c036820-4dbe-4abe-80fb-5ca88de5e2f0|127.0.0.1:15015, 40df8fc4-149d-40c0-897d-2844034d8141|127.0.0.1:15031]|listeners:[], old=null}
2025-10-22 08:24:38,248 [1c036820-4dbe-4abe-80fb-5ca88de5e2f0@group-C626CE820278-LeaderElection97] INFO  impl.LeaderElection (LogUtils.java:infoOrTrace(142)) - 1c036820-4dbe-4abe-80fb-5ca88de5e2f0@group-C626CE820278-LeaderElection97 got exception when requesting votes: java.util.concurrent.ExecutionException: org.apache.ratis.thirdparty.io.grpc.StatusRuntimeException: UNAVAILABLE: io exception
2025-10-22 08:24:38,248 [1c036820-4dbe-4abe-80fb-5ca88de5e2f0@group-C626CE820278-LeaderElection97] INFO  impl.LeaderElection (LogUtils.java:infoOrTrace(142)) - 1c036820-4dbe-4abe-80fb-5ca88de5e2f0@group-C626CE820278-LeaderElection97 got exception when requesting votes: java.util.concurrent.ExecutionException: org.apache.ratis.thirdparty.io.grpc.StatusRuntimeException: UNAVAILABLE: io exception
2025-10-22 08:24:38,248 [1c036820-4dbe-4abe-80fb-5ca88de5e2f0@group-C626CE820278-LeaderElection97] INFO  impl.LeaderElection (LeaderElection.java:logAndReturn(206)) - 1c036820-4dbe-4abe-80fb-5ca88de5e2f0@group-C626CE820278-LeaderElection97: PRE_VOTE REJECTED received 0 response(s) and 2 exception(s):
2025-10-22 08:24:38,248 [1c036820-4dbe-4abe-80fb-5ca88de5e2f0@group-C626CE820278-LeaderElection97] INFO  impl.LeaderElection (LogUtils.java:infoOrTrace(142)) -   Exception 0: java.util.concurrent.ExecutionException: org.apache.ratis.thirdparty.io.grpc.StatusRuntimeException: UNAVAILABLE: io exception
2025-10-22 08:24:38,248 [1c036820-4dbe-4abe-80fb-5ca88de5e2f0@group-C626CE820278-LeaderElection97] INFO  impl.LeaderElection (LogUtils.java:infoOrTrace(142)) -   Exception 1: java.util.concurrent.ExecutionException: org.apache.ratis.thirdparty.io.grpc.StatusRuntimeException: UNAVAILABLE: io exception
2025-10-22 08:24:38,248 [1c036820-4dbe-4abe-80fb-5ca88de5e2f0@group-C626CE820278-LeaderElection97] INFO  impl.LeaderElection (LeaderElection.java:askForVotes(450)) - 1c036820-4dbe-4abe-80fb-5ca88de5e2f0@group-C626CE820278-LeaderElection97 PRE_VOTE round 0: result REJECTED
2025-10-22 08:24:38,248 [1c036820-4dbe-4abe-80fb-5ca88de5e2f0@group-C626CE820278-LeaderElection97] INFO  server.RaftServer$Division (RaftServerImpl.java:setRole(392)) - 1c036820-4dbe-4abe-80fb-5ca88de5e2f0@group-C626CE820278: changes role from CANDIDATE to FOLLOWER at term 1 for REJECTED
2025-10-22 08:24:38,248 [1c036820-4dbe-4abe-80fb-5ca88de5e2f0@group-C626CE820278-LeaderElection97] INFO  impl.RoleInfo (RoleInfo.java:shutdownLeaderElection(141)) - 1c036820-4dbe-4abe-80fb-5ca88de5e2f0: shutdown 1c036820-4dbe-4abe-80fb-5ca88de5e2f0@group-C626CE820278-LeaderElection97
2025-10-22 08:24:38,248 [1c036820-4dbe-4abe-80fb-5ca88de5e2f0@group-C626CE820278-LeaderElection97] INFO  impl.RoleInfo (RoleInfo.java:updateAndGet(148)) - 1c036820-4dbe-4abe-80fb-5ca88de5e2f0: start 1c036820-4dbe-4abe-80fb-5ca88de5e2f0@group-C626CE820278-FollowerState
2025-10-22 08:24:38,622 [1c036820-4dbe-4abe-80fb-5ca88de5e2f0@group-5E2F154B5BDB-FollowerState] INFO  impl.FollowerState (FollowerState.java:lostMajorityHeartbeatsRecently(113)) - 1c036820-4dbe-4abe-80fb-5ca88de5e2f0@group-5E2F154B5BDB-FollowerState: Skipping leader election since it stepped down recently (elapsed = 5464ms < waitTime = 10s)
2025-10-22 08:24:39,253 [1c036820-4dbe-4abe-80fb-5ca88de5e2f0@group-C626CE820278-FollowerState] INFO  impl.FollowerState (FollowerState.java:runImpl(161)) - 1c036820-4dbe-4abe-80fb-5ca88de5e2f0@group-C626CE820278-FollowerState: change to CANDIDATE, lastRpcElapsedTime:1005378543ns, electionTimeout:1005ms
2025-10-22 08:24:39,254 [1c036820-4dbe-4abe-80fb-5ca88de5e2f0@group-C626CE820278-FollowerState] INFO  impl.RoleInfo (RoleInfo.java:shutdownFollowerState(121)) - 1c036820-4dbe-4abe-80fb-5ca88de5e2f0: shutdown 1c036820-4dbe-4abe-80fb-5ca88de5e2f0@group-C626CE820278-FollowerState
2025-10-22 08:24:39,254 [1c036820-4dbe-4abe-80fb-5ca88de5e2f0@group-C626CE820278-FollowerState] INFO  server.RaftServer$Division (RaftServerImpl.java:setRole(392)) - 1c036820-4dbe-4abe-80fb-5ca88de5e2f0@group-C626CE820278: changes role from  FOLLOWER to CANDIDATE at term 1 for changeToCandidate
2025-10-22 08:24:39,254 [1c036820-4dbe-4abe-80fb-5ca88de5e2f0@group-C626CE820278-FollowerState] INFO  impl.RoleInfo (RoleInfo.java:updateAndGet(148)) - 1c036820-4dbe-4abe-80fb-5ca88de5e2f0: start 1c036820-4dbe-4abe-80fb-5ca88de5e2f0@group-C626CE820278-LeaderElection98
2025-10-22 08:24:39,254 [1c036820-4dbe-4abe-80fb-5ca88de5e2f0@group-C626CE820278-LeaderElection98] INFO  impl.LeaderElection (LeaderElection.java:askForVotes(448)) - 1c036820-4dbe-4abe-80fb-5ca88de5e2f0@group-C626CE820278-LeaderElection98 PRE_VOTE round 0: submit vote requests at term 1 for conf: {index: 0, cur=peers:[4d8a2798-959e-416b-b534-19c13b55a760|127.0.0.1:15023, 1c036820-4dbe-4abe-80fb-5ca88de5e2f0|127.0.0.1:15015, 40df8fc4-149d-40c0-897d-2844034d8141|127.0.0.1:15031]|listeners:[], old=null}
2025-10-22 08:24:39,255 [1c036820-4dbe-4abe-80fb-5ca88de5e2f0@group-C626CE820278-LeaderElection98] INFO  impl.LeaderElection (LogUtils.java:infoOrTrace(142)) - 1c036820-4dbe-4abe-80fb-5ca88de5e2f0@group-C626CE820278-LeaderElection98 got exception when requesting votes: java.util.concurrent.ExecutionException: org.apache.ratis.thirdparty.io.grpc.StatusRuntimeException: UNAVAILABLE: io exception
2025-10-22 08:24:39,255 [1c036820-4dbe-4abe-80fb-5ca88de5e2f0@group-C626CE820278-LeaderElection98] INFO  impl.LeaderElection (LogUtils.java:infoOrTrace(142)) - 1c036820-4dbe-4abe-80fb-5ca88de5e2f0@group-C626CE820278-LeaderElection98 got exception when requesting votes: java.util.concurrent.ExecutionException: org.apache.ratis.thirdparty.io.grpc.StatusRuntimeException: UNAVAILABLE: io exception
2025-10-22 08:24:39,255 [1c036820-4dbe-4abe-80fb-5ca88de5e2f0@group-C626CE820278-LeaderElection98] INFO  impl.LeaderElection (LeaderElection.java:logAndReturn(206)) - 1c036820-4dbe-4abe-80fb-5ca88de5e2f0@group-C626CE820278-LeaderElection98: PRE_VOTE REJECTED received 0 response(s) and 2 exception(s):
2025-10-22 08:24:39,255 [1c036820-4dbe-4abe-80fb-5ca88de5e2f0@group-C626CE820278-LeaderElection98] INFO  impl.LeaderElection (LogUtils.java:infoOrTrace(142)) -   Exception 0: java.util.concurrent.ExecutionException: org.apache.ratis.thirdparty.io.grpc.StatusRuntimeException: UNAVAILABLE: io exception
2025-10-22 08:24:39,255 [1c036820-4dbe-4abe-80fb-5ca88de5e2f0@group-C626CE820278-LeaderElection98] INFO  impl.LeaderElection (LogUtils.java:infoOrTrace(142)) -   Exception 1: java.util.concurrent.ExecutionException: org.apache.ratis.thirdparty.io.grpc.StatusRuntimeException: UNAVAILABLE: io exception
2025-10-22 08:24:39,255 [1c036820-4dbe-4abe-80fb-5ca88de5e2f0@group-C626CE820278-LeaderElection98] INFO  impl.LeaderElection (LeaderElection.java:askForVotes(450)) - 1c036820-4dbe-4abe-80fb-5ca88de5e2f0@group-C626CE820278-LeaderElection98 PRE_VOTE round 0: result REJECTED
2025-10-22 08:24:39,255 [1c036820-4dbe-4abe-80fb-5ca88de5e2f0@group-C626CE820278-LeaderElection98] INFO  server.RaftServer$Division (RaftServerImpl.java:setRole(392)) - 1c036820-4dbe-4abe-80fb-5ca88de5e2f0@group-C626CE820278: changes role from CANDIDATE to FOLLOWER at term 1 for REJECTED
2025-10-22 08:24:39,255 [1c036820-4dbe-4abe-80fb-5ca88de5e2f0@group-C626CE820278-LeaderElection98] INFO  impl.RoleInfo (RoleInfo.java:shutdownLeaderElection(141)) - 1c036820-4dbe-4abe-80fb-5ca88de5e2f0: shutdown 1c036820-4dbe-4abe-80fb-5ca88de5e2f0@group-C626CE820278-LeaderElection98
2025-10-22 08:24:39,255 [1c036820-4dbe-4abe-80fb-5ca88de5e2f0@group-C626CE820278-LeaderElection98] INFO  impl.RoleInfo (RoleInfo.java:updateAndGet(148)) - 1c036820-4dbe-4abe-80fb-5ca88de5e2f0: start 1c036820-4dbe-4abe-80fb-5ca88de5e2f0@group-C626CE820278-FollowerState
2025-10-22 08:24:39,711 [1c036820-4dbe-4abe-80fb-5ca88de5e2f0@group-5E2F154B5BDB-FollowerState] INFO  impl.FollowerState (FollowerState.java:lostMajorityHeartbeatsRecently(113)) - 1c036820-4dbe-4abe-80fb-5ca88de5e2f0@group-5E2F154B5BDB-FollowerState: Skipping leader election since it stepped down recently (elapsed = 6553ms < waitTime = 10s)
2025-10-22 08:24:40,138 [grpc-default-executor-1] ERROR impl.OrderedAsync (OrderedAsync.java:lambda$null$6(215)) -  client-E7D2C87CB263: Failed* RaftClientRequest:client-E7D2C87CB263->4d8a2798-959e-416b-b534-19c13b55a760@group-5E2F154B5BDB, cid=40, seq=1*, Watch(0), null
java.util.concurrent.CompletionException: java.io.IOException: org.apache.ratis.thirdparty.io.grpc.StatusRuntimeException: UNAVAILABLE: io exception
	at java.base/java.util.concurrent.CompletableFuture.encodeThrowable(CompletableFuture.java:332)
	at java.base/java.util.concurrent.CompletableFuture.completeThrowable(CompletableFuture.java:347)
	at java.base/java.util.concurrent.CompletableFuture$UniAccept.tryFire(CompletableFuture.java:708)
	at java.base/java.util.concurrent.CompletableFuture.postComplete(CompletableFuture.java:510)
	at java.base/java.util.concurrent.CompletableFuture.completeExceptionally(CompletableFuture.java:2194)
	at org.apache.ratis.grpc.client.GrpcClientProtocolClient$AsyncStreamObservers.completeReplyExceptionally(GrpcClientProtocolClient.java:397)
	at org.apache.ratis.grpc.client.GrpcClientProtocolClient$AsyncStreamObservers.access$000(GrpcClientProtocolClient.java:303)
	at org.apache.ratis.grpc.client.GrpcClientProtocolClient$AsyncStreamObservers$1.onError(GrpcClientProtocolClient.java:334)
	at org.apache.ratis.thirdparty.io.grpc.stub.ClientCalls$StreamObserverToCallListenerAdapter.onClose(ClientCalls.java:564)
	at org.apache.ratis.thirdparty.io.grpc.PartialForwardingClientCallListener.onClose(PartialForwardingClientCallListener.java:39)
	at org.apache.ratis.thirdparty.io.grpc.ForwardingClientCallListener.onClose(ForwardingClientCallListener.java:23)
	at org.apache.ratis.grpc.metrics.intercept.client.MetricClientCallListener.onClose(MetricClientCallListener.java:47)
	at org.apache.ratis.thirdparty.io.grpc.internal.ClientCallImpl.closeObserver(ClientCallImpl.java:565)
	at org.apache.ratis.thirdparty.io.grpc.internal.ClientCallImpl.access$100(ClientCallImpl.java:72)
	at org.apache.ratis.thirdparty.io.grpc.internal.ClientCallImpl$ClientStreamListenerImpl$1StreamClosed.runInternal(ClientCallImpl.java:733)
	at org.apache.ratis.thirdparty.io.grpc.internal.ClientCallImpl$ClientStreamListenerImpl$1StreamClosed.runInContext(ClientCallImpl.java:714)
	at org.apache.ratis.thirdparty.io.grpc.internal.ContextRunnable.run(ContextRunnable.java:37)
	at org.apache.ratis.thirdparty.io.grpc.internal.SerializingExecutor.run(SerializingExecutor.java:133)
	at java.base/java.util.concurrent.ThreadPoolExecutor.runWorker(ThreadPoolExecutor.java:1144)
	at java.base/java.util.concurrent.ThreadPoolExecutor$Worker.run(ThreadPoolExecutor.java:642)
	at java.base/java.lang.Thread.run(Thread.java:1583)
Caused by: java.io.IOException: org.apache.ratis.thirdparty.io.grpc.StatusRuntimeException: UNAVAILABLE: io exception
	at org.apache.ratis.grpc.GrpcUtil.unwrapException(GrpcUtil.java:99)
	at org.apache.ratis.grpc.GrpcUtil.unwrapIOException(GrpcUtil.java:159)
	at org.apache.ratis.grpc.client.GrpcClientProtocolClient$AsyncStreamObservers$1.onError(GrpcClientProtocolClient.java:333)
	... 13 more
Caused by: org.apache.ratis.thirdparty.io.grpc.StatusRuntimeException: UNAVAILABLE: io exception
	at org.apache.ratis.thirdparty.io.grpc.Status.asRuntimeException(Status.java:532)
	... 13 more
Caused by: org.apache.ratis.thirdparty.io.netty.channel.AbstractChannel$AnnotatedConnectException: finishConnect(..) failed: Connection refused: /127.0.0.1:15021
Caused by: java.net.ConnectException: finishConnect(..) failed: Connection refused
	at org.apache.ratis.thirdparty.io.netty.channel.unix.Errors.newConnectException0(Errors.java:166)
	at org.apache.ratis.thirdparty.io.netty.channel.unix.Errors.handleConnectErrno(Errors.java:131)
	at org.apache.ratis.thirdparty.io.netty.channel.unix.Socket.finishConnect(Socket.java:359)
	at org.apache.ratis.thirdparty.io.netty.channel.epoll.AbstractEpollChannel$AbstractEpollUnsafe.doFinishConnect(AbstractEpollChannel.java:715)
	at org.apache.ratis.thirdparty.io.netty.channel.epoll.AbstractEpollChannel$AbstractEpollUnsafe.finishConnect(AbstractEpollChannel.java:692)
	at org.apache.ratis.thirdparty.io.netty.channel.epoll.AbstractEpollChannel$AbstractEpollUnsafe.epollOutReady(AbstractEpollChannel.java:567)
	at org.apache.ratis.thirdparty.io.netty.channel.epoll.EpollEventLoop.processReady(EpollEventLoop.java:491)
	at org.apache.ratis.thirdparty.io.netty.channel.epoll.EpollEventLoop.run(EpollEventLoop.java:399)
	at org.apache.ratis.thirdparty.io.netty.util.concurrent.SingleThreadEventExecutor$4.run(SingleThreadEventExecutor.java:998)
	at org.apache.ratis.thirdparty.io.netty.util.internal.ThreadExecutorMap$2.run(ThreadExecutorMap.java:74)
	at org.apache.ratis.thirdparty.io.netty.util.concurrent.FastThreadLocalRunnable.run(FastThreadLocalRunnable.java:30)
	at java.base/java.lang.Thread.run(Thread.java:1583)
2025-10-22 08:24:40,443 [1c036820-4dbe-4abe-80fb-5ca88de5e2f0@group-C626CE820278-FollowerState] INFO  impl.FollowerState (FollowerState.java:runImpl(161)) - 1c036820-4dbe-4abe-80fb-5ca88de5e2f0@group-C626CE820278-FollowerState: change to CANDIDATE, lastRpcElapsedTime:1187282521ns, electionTimeout:1187ms
2025-10-22 08:24:40,443 [1c036820-4dbe-4abe-80fb-5ca88de5e2f0@group-C626CE820278-FollowerState] INFO  impl.RoleInfo (RoleInfo.java:shutdownFollowerState(121)) - 1c036820-4dbe-4abe-80fb-5ca88de5e2f0: shutdown 1c036820-4dbe-4abe-80fb-5ca88de5e2f0@group-C626CE820278-FollowerState
2025-10-22 08:24:40,443 [1c036820-4dbe-4abe-80fb-5ca88de5e2f0@group-C626CE820278-FollowerState] INFO  server.RaftServer$Division (RaftServerImpl.java:setRole(392)) - 1c036820-4dbe-4abe-80fb-5ca88de5e2f0@group-C626CE820278: changes role from  FOLLOWER to CANDIDATE at term 1 for changeToCandidate
2025-10-22 08:24:40,443 [1c036820-4dbe-4abe-80fb-5ca88de5e2f0@group-C626CE820278-FollowerState] INFO  impl.RoleInfo (RoleInfo.java:updateAndGet(148)) - 1c036820-4dbe-4abe-80fb-5ca88de5e2f0: start 1c036820-4dbe-4abe-80fb-5ca88de5e2f0@group-C626CE820278-LeaderElection99
2025-10-22 08:24:40,443 [1c036820-4dbe-4abe-80fb-5ca88de5e2f0@group-C626CE820278-LeaderElection99] INFO  impl.LeaderElection (LeaderElection.java:askForVotes(448)) - 1c036820-4dbe-4abe-80fb-5ca88de5e2f0@group-C626CE820278-LeaderElection99 PRE_VOTE round 0: submit vote requests at term 1 for conf: {index: 0, cur=peers:[4d8a2798-959e-416b-b534-19c13b55a760|127.0.0.1:15023, 1c036820-4dbe-4abe-80fb-5ca88de5e2f0|127.0.0.1:15015, 40df8fc4-149d-40c0-897d-2844034d8141|127.0.0.1:15031]|listeners:[], old=null}
2025-10-22 08:24:40,444 [1c036820-4dbe-4abe-80fb-5ca88de5e2f0@group-C626CE820278-LeaderElection99] INFO  impl.LeaderElection (LogUtils.java:infoOrTrace(142)) - 1c036820-4dbe-4abe-80fb-5ca88de5e2f0@group-C626CE820278-LeaderElection99 got exception when requesting votes: java.util.concurrent.ExecutionException: org.apache.ratis.thirdparty.io.grpc.StatusRuntimeException: UNAVAILABLE: io exception
2025-10-22 08:24:40,444 [1c036820-4dbe-4abe-80fb-5ca88de5e2f0@group-C626CE820278-LeaderElection99] INFO  impl.LeaderElection (LogUtils.java:infoOrTrace(142)) - 1c036820-4dbe-4abe-80fb-5ca88de5e2f0@group-C626CE820278-LeaderElection99 got exception when requesting votes: java.util.concurrent.ExecutionException: org.apache.ratis.thirdparty.io.grpc.StatusRuntimeException: UNAVAILABLE: io exception
2025-10-22 08:24:40,444 [1c036820-4dbe-4abe-80fb-5ca88de5e2f0@group-C626CE820278-LeaderElection99] INFO  impl.LeaderElection (LeaderElection.java:logAndReturn(206)) - 1c036820-4dbe-4abe-80fb-5ca88de5e2f0@group-C626CE820278-LeaderElection99: PRE_VOTE REJECTED received 0 response(s) and 2 exception(s):
2025-10-22 08:24:40,444 [1c036820-4dbe-4abe-80fb-5ca88de5e2f0@group-C626CE820278-LeaderElection99] INFO  impl.LeaderElection (LogUtils.java:infoOrTrace(142)) -   Exception 0: java.util.concurrent.ExecutionException: org.apache.ratis.thirdparty.io.grpc.StatusRuntimeException: UNAVAILABLE: io exception
2025-10-22 08:24:40,444 [1c036820-4dbe-4abe-80fb-5ca88de5e2f0@group-C626CE820278-LeaderElection99] INFO  impl.LeaderElection (LogUtils.java:infoOrTrace(142)) -   Exception 1: java.util.concurrent.ExecutionException: org.apache.ratis.thirdparty.io.grpc.StatusRuntimeException: UNAVAILABLE: io exception
2025-10-22 08:24:40,444 [1c036820-4dbe-4abe-80fb-5ca88de5e2f0@group-C626CE820278-LeaderElection99] INFO  impl.LeaderElection (LeaderElection.java:askForVotes(450)) - 1c036820-4dbe-4abe-80fb-5ca88de5e2f0@group-C626CE820278-LeaderElection99 PRE_VOTE round 0: result REJECTED
2025-10-22 08:24:40,444 [1c036820-4dbe-4abe-80fb-5ca88de5e2f0@group-C626CE820278-LeaderElection99] INFO  server.RaftServer$Division (RaftServerImpl.java:setRole(392)) - 1c036820-4dbe-4abe-80fb-5ca88de5e2f0@group-C626CE820278: changes role from CANDIDATE to FOLLOWER at term 1 for REJECTED
2025-10-22 08:24:40,444 [1c036820-4dbe-4abe-80fb-5ca88de5e2f0@group-C626CE820278-LeaderElection99] INFO  impl.RoleInfo (RoleInfo.java:shutdownLeaderElection(141)) - 1c036820-4dbe-4abe-80fb-5ca88de5e2f0: shutdown 1c036820-4dbe-4abe-80fb-5ca88de5e2f0@group-C626CE820278-LeaderElection99
2025-10-22 08:24:40,444 [1c036820-4dbe-4abe-80fb-5ca88de5e2f0@group-C626CE820278-LeaderElection99] INFO  impl.RoleInfo (RoleInfo.java:updateAndGet(148)) - 1c036820-4dbe-4abe-80fb-5ca88de5e2f0: start 1c036820-4dbe-4abe-80fb-5ca88de5e2f0@group-C626CE820278-FollowerState
2025-10-22 08:24:40,879 [1c036820-4dbe-4abe-80fb-5ca88de5e2f0@group-5E2F154B5BDB-FollowerState] INFO  impl.FollowerState (FollowerState.java:lostMajorityHeartbeatsRecently(113)) - 1c036820-4dbe-4abe-80fb-5ca88de5e2f0@group-5E2F154B5BDB-FollowerState: Skipping leader election since it stepped down recently (elapsed = 7721ms < waitTime = 10s)
2025-10-22 08:24:41,489 [1c036820-4dbe-4abe-80fb-5ca88de5e2f0@group-C626CE820278-FollowerState] INFO  impl.FollowerState (FollowerState.java:runImpl(161)) - 1c036820-4dbe-4abe-80fb-5ca88de5e2f0@group-C626CE820278-FollowerState: change to CANDIDATE, lastRpcElapsedTime:1044324855ns, electionTimeout:1044ms
2025-10-22 08:24:41,489 [1c036820-4dbe-4abe-80fb-5ca88de5e2f0@group-C626CE820278-FollowerState] INFO  impl.RoleInfo (RoleInfo.java:shutdownFollowerState(121)) - 1c036820-4dbe-4abe-80fb-5ca88de5e2f0: shutdown 1c036820-4dbe-4abe-80fb-5ca88de5e2f0@group-C626CE820278-FollowerState
2025-10-22 08:24:41,489 [1c036820-4dbe-4abe-80fb-5ca88de5e2f0@group-C626CE820278-FollowerState] INFO  server.RaftServer$Division (RaftServerImpl.java:setRole(392)) - 1c036820-4dbe-4abe-80fb-5ca88de5e2f0@group-C626CE820278: changes role from  FOLLOWER to CANDIDATE at term 1 for changeToCandidate
2025-10-22 08:24:41,489 [1c036820-4dbe-4abe-80fb-5ca88de5e2f0@group-C626CE820278-FollowerState] INFO  impl.RoleInfo (RoleInfo.java:updateAndGet(148)) - 1c036820-4dbe-4abe-80fb-5ca88de5e2f0: start 1c036820-4dbe-4abe-80fb-5ca88de5e2f0@group-C626CE820278-LeaderElection100
2025-10-22 08:24:41,489 [1c036820-4dbe-4abe-80fb-5ca88de5e2f0@group-C626CE820278-LeaderElection100] INFO  impl.LeaderElection (LeaderElection.java:askForVotes(448)) - 1c036820-4dbe-4abe-80fb-5ca88de5e2f0@group-C626CE820278-LeaderElection100 PRE_VOTE round 0: submit vote requests at term 1 for conf: {index: 0, cur=peers:[4d8a2798-959e-416b-b534-19c13b55a760|127.0.0.1:15023, 1c036820-4dbe-4abe-80fb-5ca88de5e2f0|127.0.0.1:15015, 40df8fc4-149d-40c0-897d-2844034d8141|127.0.0.1:15031]|listeners:[], old=null}
2025-10-22 08:24:41,490 [1c036820-4dbe-4abe-80fb-5ca88de5e2f0@group-C626CE820278-LeaderElection100] INFO  impl.LeaderElection (LogUtils.java:infoOrTrace(142)) - 1c036820-4dbe-4abe-80fb-5ca88de5e2f0@group-C626CE820278-LeaderElection100 got exception when requesting votes: java.util.concurrent.ExecutionException: org.apache.ratis.thirdparty.io.grpc.StatusRuntimeException: UNAVAILABLE: io exception
2025-10-22 08:24:41,490 [1c036820-4dbe-4abe-80fb-5ca88de5e2f0@group-C626CE820278-LeaderElection100] INFO  impl.LeaderElection (LogUtils.java:infoOrTrace(142)) - 1c036820-4dbe-4abe-80fb-5ca88de5e2f0@group-C626CE820278-LeaderElection100 got exception when requesting votes: java.util.concurrent.ExecutionException: org.apache.ratis.thirdparty.io.grpc.StatusRuntimeException: UNAVAILABLE: io exception
2025-10-22 08:24:41,490 [1c036820-4dbe-4abe-80fb-5ca88de5e2f0@group-C626CE820278-LeaderElection100] INFO  impl.LeaderElection (LeaderElection.java:logAndReturn(206)) - 1c036820-4dbe-4abe-80fb-5ca88de5e2f0@group-C626CE820278-LeaderElection100: PRE_VOTE REJECTED received 0 response(s) and 2 exception(s):
2025-10-22 08:24:41,490 [1c036820-4dbe-4abe-80fb-5ca88de5e2f0@group-C626CE820278-LeaderElection100] INFO  impl.LeaderElection (LogUtils.java:infoOrTrace(142)) -   Exception 0: java.util.concurrent.ExecutionException: org.apache.ratis.thirdparty.io.grpc.StatusRuntimeException: UNAVAILABLE: io exception
2025-10-22 08:24:41,490 [1c036820-4dbe-4abe-80fb-5ca88de5e2f0@group-C626CE820278-LeaderElection100] INFO  impl.LeaderElection (LogUtils.java:infoOrTrace(142)) -   Exception 1: java.util.concurrent.ExecutionException: org.apache.ratis.thirdparty.io.grpc.StatusRuntimeException: UNAVAILABLE: io exception
2025-10-22 08:24:41,490 [1c036820-4dbe-4abe-80fb-5ca88de5e2f0@group-C626CE820278-LeaderElection100] INFO  impl.LeaderElection (LeaderElection.java:askForVotes(450)) - 1c036820-4dbe-4abe-80fb-5ca88de5e2f0@group-C626CE820278-LeaderElection100 PRE_VOTE round 0: result REJECTED
2025-10-22 08:24:41,490 [1c036820-4dbe-4abe-80fb-5ca88de5e2f0@group-C626CE820278-LeaderElection100] INFO  server.RaftServer$Division (RaftServerImpl.java:setRole(392)) - 1c036820-4dbe-4abe-80fb-5ca88de5e2f0@group-C626CE820278: changes role from CANDIDATE to FOLLOWER at term 1 for REJECTED
2025-10-22 08:24:41,490 [1c036820-4dbe-4abe-80fb-5ca88de5e2f0@group-C626CE820278-LeaderElection100] INFO  impl.RoleInfo (RoleInfo.java:shutdownLeaderElection(141)) - 1c036820-4dbe-4abe-80fb-5ca88de5e2f0: shutdown 1c036820-4dbe-4abe-80fb-5ca88de5e2f0@group-C626CE820278-LeaderElection100
2025-10-22 08:24:41,490 [1c036820-4dbe-4abe-80fb-5ca88de5e2f0@group-C626CE820278-LeaderElection100] INFO  impl.RoleInfo (RoleInfo.java:updateAndGet(148)) - 1c036820-4dbe-4abe-80fb-5ca88de5e2f0: start 1c036820-4dbe-4abe-80fb-5ca88de5e2f0@group-C626CE820278-FollowerState
2025-10-22 08:24:42,028 [1c036820-4dbe-4abe-80fb-5ca88de5e2f0@group-5E2F154B5BDB-FollowerState] INFO  impl.FollowerState (FollowerState.java:lostMajorityHeartbeatsRecently(113)) - 1c036820-4dbe-4abe-80fb-5ca88de5e2f0@group-5E2F154B5BDB-FollowerState: Skipping leader election since it stepped down recently (elapsed = 8871ms < waitTime = 10s)
2025-10-22 08:24:42,605 [1c036820-4dbe-4abe-80fb-5ca88de5e2f0@group-C626CE820278-FollowerState] INFO  impl.FollowerState (FollowerState.java:runImpl(161)) - 1c036820-4dbe-4abe-80fb-5ca88de5e2f0@group-C626CE820278-FollowerState: change to CANDIDATE, lastRpcElapsedTime:1114274779ns, electionTimeout:1114ms
2025-10-22 08:24:42,605 [1c036820-4dbe-4abe-80fb-5ca88de5e2f0@group-C626CE820278-FollowerState] INFO  impl.RoleInfo (RoleInfo.java:shutdownFollowerState(121)) - 1c036820-4dbe-4abe-80fb-5ca88de5e2f0: shutdown 1c036820-4dbe-4abe-80fb-5ca88de5e2f0@group-C626CE820278-FollowerState
2025-10-22 08:24:42,605 [1c036820-4dbe-4abe-80fb-5ca88de5e2f0@group-C626CE820278-FollowerState] INFO  server.RaftServer$Division (RaftServerImpl.java:setRole(392)) - 1c036820-4dbe-4abe-80fb-5ca88de5e2f0@group-C626CE820278: changes role from  FOLLOWER to CANDIDATE at term 1 for changeToCandidate
2025-10-22 08:24:42,605 [1c036820-4dbe-4abe-80fb-5ca88de5e2f0@group-C626CE820278-FollowerState] INFO  impl.RoleInfo (RoleInfo.java:updateAndGet(148)) - 1c036820-4dbe-4abe-80fb-5ca88de5e2f0: start 1c036820-4dbe-4abe-80fb-5ca88de5e2f0@group-C626CE820278-LeaderElection101
2025-10-22 08:24:42,605 [1c036820-4dbe-4abe-80fb-5ca88de5e2f0@group-C626CE820278-LeaderElection101] INFO  impl.LeaderElection (LeaderElection.java:askForVotes(448)) - 1c036820-4dbe-4abe-80fb-5ca88de5e2f0@group-C626CE820278-LeaderElection101 PRE_VOTE round 0: submit vote requests at term 1 for conf: {index: 0, cur=peers:[4d8a2798-959e-416b-b534-19c13b55a760|127.0.0.1:15023, 1c036820-4dbe-4abe-80fb-5ca88de5e2f0|127.0.0.1:15015, 40df8fc4-149d-40c0-897d-2844034d8141|127.0.0.1:15031]|listeners:[], old=null}
2025-10-22 08:24:42,606 [1c036820-4dbe-4abe-80fb-5ca88de5e2f0@group-C626CE820278-LeaderElection101] INFO  impl.LeaderElection (LogUtils.java:infoOrTrace(142)) - 1c036820-4dbe-4abe-80fb-5ca88de5e2f0@group-C626CE820278-LeaderElection101 got exception when requesting votes: java.util.concurrent.ExecutionException: org.apache.ratis.thirdparty.io.grpc.StatusRuntimeException: UNAVAILABLE: io exception
2025-10-22 08:24:42,606 [1c036820-4dbe-4abe-80fb-5ca88de5e2f0@group-C626CE820278-LeaderElection101] INFO  impl.LeaderElection (LogUtils.java:infoOrTrace(142)) - 1c036820-4dbe-4abe-80fb-5ca88de5e2f0@group-C626CE820278-LeaderElection101 got exception when requesting votes: java.util.concurrent.ExecutionException: org.apache.ratis.thirdparty.io.grpc.StatusRuntimeException: UNAVAILABLE: io exception
2025-10-22 08:24:42,606 [1c036820-4dbe-4abe-80fb-5ca88de5e2f0@group-C626CE820278-LeaderElection101] INFO  impl.LeaderElection (LeaderElection.java:logAndReturn(206)) - 1c036820-4dbe-4abe-80fb-5ca88de5e2f0@group-C626CE820278-LeaderElection101: PRE_VOTE REJECTED received 0 response(s) and 2 exception(s):
2025-10-22 08:24:42,606 [1c036820-4dbe-4abe-80fb-5ca88de5e2f0@group-C626CE820278-LeaderElection101] INFO  impl.LeaderElection (LogUtils.java:infoOrTrace(142)) -   Exception 0: java.util.concurrent.ExecutionException: org.apache.ratis.thirdparty.io.grpc.StatusRuntimeException: UNAVAILABLE: io exception
2025-10-22 08:24:42,606 [1c036820-4dbe-4abe-80fb-5ca88de5e2f0@group-C626CE820278-LeaderElection101] INFO  impl.LeaderElection (LogUtils.java:infoOrTrace(142)) -   Exception 1: java.util.concurrent.ExecutionException: org.apache.ratis.thirdparty.io.grpc.StatusRuntimeException: UNAVAILABLE: io exception
2025-10-22 08:24:42,606 [1c036820-4dbe-4abe-80fb-5ca88de5e2f0@group-C626CE820278-LeaderElection101] INFO  impl.LeaderElection (LeaderElection.java:askForVotes(450)) - 1c036820-4dbe-4abe-80fb-5ca88de5e2f0@group-C626CE820278-LeaderElection101 PRE_VOTE round 0: result REJECTED
2025-10-22 08:24:42,606 [1c036820-4dbe-4abe-80fb-5ca88de5e2f0@group-C626CE820278-LeaderElection101] INFO  server.RaftServer$Division (RaftServerImpl.java:setRole(392)) - 1c036820-4dbe-4abe-80fb-5ca88de5e2f0@group-C626CE820278: changes role from CANDIDATE to FOLLOWER at term 1 for REJECTED
2025-10-22 08:24:42,606 [1c036820-4dbe-4abe-80fb-5ca88de5e2f0@group-C626CE820278-LeaderElection101] INFO  impl.RoleInfo (RoleInfo.java:shutdownLeaderElection(141)) - 1c036820-4dbe-4abe-80fb-5ca88de5e2f0: shutdown 1c036820-4dbe-4abe-80fb-5ca88de5e2f0@group-C626CE820278-LeaderElection101
2025-10-22 08:24:42,606 [1c036820-4dbe-4abe-80fb-5ca88de5e2f0@group-C626CE820278-LeaderElection101] INFO  impl.RoleInfo (RoleInfo.java:updateAndGet(148)) - 1c036820-4dbe-4abe-80fb-5ca88de5e2f0: start 1c036820-4dbe-4abe-80fb-5ca88de5e2f0@group-C626CE820278-FollowerState
2025-10-22 08:24:43,116 [1c036820-4dbe-4abe-80fb-5ca88de5e2f0@group-5E2F154B5BDB-FollowerState] INFO  impl.FollowerState (FollowerState.java:lostMajorityHeartbeatsRecently(113)) - 1c036820-4dbe-4abe-80fb-5ca88de5e2f0@group-5E2F154B5BDB-FollowerState: Skipping leader election since it stepped down recently (elapsed = 9959ms < waitTime = 10s)
2025-10-22 08:24:43,754 [1c036820-4dbe-4abe-80fb-5ca88de5e2f0@group-C626CE820278-FollowerState] INFO  impl.FollowerState (FollowerState.java:runImpl(161)) - 1c036820-4dbe-4abe-80fb-5ca88de5e2f0@group-C626CE820278-FollowerState: change to CANDIDATE, lastRpcElapsedTime:1147296927ns, electionTimeout:1147ms
2025-10-22 08:24:43,754 [1c036820-4dbe-4abe-80fb-5ca88de5e2f0@group-C626CE820278-FollowerState] INFO  impl.RoleInfo (RoleInfo.java:shutdownFollowerState(121)) - 1c036820-4dbe-4abe-80fb-5ca88de5e2f0: shutdown 1c036820-4dbe-4abe-80fb-5ca88de5e2f0@group-C626CE820278-FollowerState
2025-10-22 08:24:43,754 [1c036820-4dbe-4abe-80fb-5ca88de5e2f0@group-C626CE820278-FollowerState] INFO  server.RaftServer$Division (RaftServerImpl.java:setRole(392)) - 1c036820-4dbe-4abe-80fb-5ca88de5e2f0@group-C626CE820278: changes role from  FOLLOWER to CANDIDATE at term 1 for changeToCandidate
2025-10-22 08:24:43,754 [1c036820-4dbe-4abe-80fb-5ca88de5e2f0@group-C626CE820278-FollowerState] INFO  impl.RoleInfo (RoleInfo.java:updateAndGet(148)) - 1c036820-4dbe-4abe-80fb-5ca88de5e2f0: start 1c036820-4dbe-4abe-80fb-5ca88de5e2f0@group-C626CE820278-LeaderElection102
2025-10-22 08:24:43,754 [1c036820-4dbe-4abe-80fb-5ca88de5e2f0@group-C626CE820278-LeaderElection102] INFO  impl.LeaderElection (LeaderElection.java:askForVotes(448)) - 1c036820-4dbe-4abe-80fb-5ca88de5e2f0@group-C626CE820278-LeaderElection102 PRE_VOTE round 0: submit vote requests at term 1 for conf: {index: 0, cur=peers:[4d8a2798-959e-416b-b534-19c13b55a760|127.0.0.1:15023, 1c036820-4dbe-4abe-80fb-5ca88de5e2f0|127.0.0.1:15015, 40df8fc4-149d-40c0-897d-2844034d8141|127.0.0.1:15031]|listeners:[], old=null}
2025-10-22 08:24:43,755 [1c036820-4dbe-4abe-80fb-5ca88de5e2f0@group-C626CE820278-LeaderElection102] INFO  impl.LeaderElection (LogUtils.java:infoOrTrace(142)) - 1c036820-4dbe-4abe-80fb-5ca88de5e2f0@group-C626CE820278-LeaderElection102 got exception when requesting votes: java.util.concurrent.ExecutionException: org.apache.ratis.thirdparty.io.grpc.StatusRuntimeException: UNAVAILABLE: io exception
2025-10-22 08:24:43,755 [1c036820-4dbe-4abe-80fb-5ca88de5e2f0@group-C626CE820278-LeaderElection102] INFO  impl.LeaderElection (LogUtils.java:infoOrTrace(142)) - 1c036820-4dbe-4abe-80fb-5ca88de5e2f0@group-C626CE820278-LeaderElection102 got exception when requesting votes: java.util.concurrent.ExecutionException: org.apache.ratis.thirdparty.io.grpc.StatusRuntimeException: UNAVAILABLE: io exception
2025-10-22 08:24:43,755 [1c036820-4dbe-4abe-80fb-5ca88de5e2f0@group-C626CE820278-LeaderElection102] INFO  impl.LeaderElection (LeaderElection.java:logAndReturn(206)) - 1c036820-4dbe-4abe-80fb-5ca88de5e2f0@group-C626CE820278-LeaderElection102: PRE_VOTE REJECTED received 0 response(s) and 2 exception(s):
2025-10-22 08:24:43,755 [1c036820-4dbe-4abe-80fb-5ca88de5e2f0@group-C626CE820278-LeaderElection102] INFO  impl.LeaderElection (LogUtils.java:infoOrTrace(142)) -   Exception 0: java.util.concurrent.ExecutionException: org.apache.ratis.thirdparty.io.grpc.StatusRuntimeException: UNAVAILABLE: io exception
2025-10-22 08:24:43,755 [1c036820-4dbe-4abe-80fb-5ca88de5e2f0@group-C626CE820278-LeaderElection102] INFO  impl.LeaderElection (LogUtils.java:infoOrTrace(142)) -   Exception 1: java.util.concurrent.ExecutionException: org.apache.ratis.thirdparty.io.grpc.StatusRuntimeException: UNAVAILABLE: io exception
2025-10-22 08:24:43,755 [1c036820-4dbe-4abe-80fb-5ca88de5e2f0@group-C626CE820278-LeaderElection102] INFO  impl.LeaderElection (LeaderElection.java:askForVotes(450)) - 1c036820-4dbe-4abe-80fb-5ca88de5e2f0@group-C626CE820278-LeaderElection102 PRE_VOTE round 0: result REJECTED
2025-10-22 08:24:43,755 [1c036820-4dbe-4abe-80fb-5ca88de5e2f0@group-C626CE820278-LeaderElection102] INFO  server.RaftServer$Division (RaftServerImpl.java:setRole(392)) - 1c036820-4dbe-4abe-80fb-5ca88de5e2f0@group-C626CE820278: changes role from CANDIDATE to FOLLOWER at term 1 for REJECTED
2025-10-22 08:24:43,755 [1c036820-4dbe-4abe-80fb-5ca88de5e2f0@group-C626CE820278-LeaderElection102] INFO  impl.RoleInfo (RoleInfo.java:shutdownLeaderElection(141)) - 1c036820-4dbe-4abe-80fb-5ca88de5e2f0: shutdown 1c036820-4dbe-4abe-80fb-5ca88de5e2f0@group-C626CE820278-LeaderElection102
2025-10-22 08:24:43,756 [1c036820-4dbe-4abe-80fb-5ca88de5e2f0@group-C626CE820278-LeaderElection102] INFO  impl.RoleInfo (RoleInfo.java:updateAndGet(148)) - 1c036820-4dbe-4abe-80fb-5ca88de5e2f0: start 1c036820-4dbe-4abe-80fb-5ca88de5e2f0@group-C626CE820278-FollowerState
2025-10-22 08:24:44,157 [1c036820-4dbe-4abe-80fb-5ca88de5e2f0@group-5E2F154B5BDB-FollowerState] INFO  impl.FollowerState (FollowerState.java:runImpl(161)) - 1c036820-4dbe-4abe-80fb-5ca88de5e2f0@group-5E2F154B5BDB-FollowerState: change to CANDIDATE, lastRpcElapsedTime:10999503996ns, electionTimeout:1040ms
2025-10-22 08:24:44,157 [1c036820-4dbe-4abe-80fb-5ca88de5e2f0@group-5E2F154B5BDB-FollowerState] INFO  impl.RoleInfo (RoleInfo.java:shutdownFollowerState(121)) - 1c036820-4dbe-4abe-80fb-5ca88de5e2f0: shutdown 1c036820-4dbe-4abe-80fb-5ca88de5e2f0@group-5E2F154B5BDB-FollowerState
2025-10-22 08:24:44,157 [1c036820-4dbe-4abe-80fb-5ca88de5e2f0@group-5E2F154B5BDB-FollowerState] INFO  server.RaftServer$Division (RaftServerImpl.java:setRole(392)) - 1c036820-4dbe-4abe-80fb-5ca88de5e2f0@group-5E2F154B5BDB: changes role from  FOLLOWER to CANDIDATE at term 2 for changeToCandidate
2025-10-22 08:24:44,157 [1c036820-4dbe-4abe-80fb-5ca88de5e2f0@group-5E2F154B5BDB-FollowerState] INFO  impl.RoleInfo (RoleInfo.java:updateAndGet(148)) - 1c036820-4dbe-4abe-80fb-5ca88de5e2f0: start 1c036820-4dbe-4abe-80fb-5ca88de5e2f0@group-5E2F154B5BDB-LeaderElection103
2025-10-22 08:24:44,157 [1c036820-4dbe-4abe-80fb-5ca88de5e2f0@group-5E2F154B5BDB-LeaderElection103] INFO  impl.LeaderElection (LeaderElection.java:askForVotes(448)) - 1c036820-4dbe-4abe-80fb-5ca88de5e2f0@group-5E2F154B5BDB-LeaderElection103 PRE_VOTE round 0: submit vote requests at term 2 for conf: {index: 1, cur=peers:[4d8a2798-959e-416b-b534-19c13b55a760|127.0.0.1:15023, 1c036820-4dbe-4abe-80fb-5ca88de5e2f0|127.0.0.1:15015, 40df8fc4-149d-40c0-897d-2844034d8141|127.0.0.1:15031]|listeners:[], old=null}
2025-10-22 08:24:44,158 [1c036820-4dbe-4abe-80fb-5ca88de5e2f0@group-5E2F154B5BDB-LeaderElection103] INFO  impl.LeaderElection (LogUtils.java:infoOrTrace(142)) - 1c036820-4dbe-4abe-80fb-5ca88de5e2f0@group-5E2F154B5BDB-LeaderElection103 got exception when requesting votes: java.util.concurrent.ExecutionException: org.apache.ratis.thirdparty.io.grpc.StatusRuntimeException: UNAVAILABLE: io exception
2025-10-22 08:24:44,158 [1c036820-4dbe-4abe-80fb-5ca88de5e2f0@group-5E2F154B5BDB-LeaderElection103] INFO  impl.LeaderElection (LogUtils.java:infoOrTrace(142)) - 1c036820-4dbe-4abe-80fb-5ca88de5e2f0@group-5E2F154B5BDB-LeaderElection103 got exception when requesting votes: java.util.concurrent.ExecutionException: org.apache.ratis.thirdparty.io.grpc.StatusRuntimeException: UNAVAILABLE: io exception
2025-10-22 08:24:44,158 [1c036820-4dbe-4abe-80fb-5ca88de5e2f0@group-5E2F154B5BDB-LeaderElection103] INFO  impl.LeaderElection (LeaderElection.java:logAndReturn(206)) - 1c036820-4dbe-4abe-80fb-5ca88de5e2f0@group-5E2F154B5BDB-LeaderElection103: PRE_VOTE REJECTED received 0 response(s) and 2 exception(s):
2025-10-22 08:24:44,158 [1c036820-4dbe-4abe-80fb-5ca88de5e2f0@group-5E2F154B5BDB-LeaderElection103] INFO  impl.LeaderElection (LogUtils.java:infoOrTrace(142)) -   Exception 0: java.util.concurrent.ExecutionException: org.apache.ratis.thirdparty.io.grpc.StatusRuntimeException: UNAVAILABLE: io exception
2025-10-22 08:24:44,158 [1c036820-4dbe-4abe-80fb-5ca88de5e2f0@group-5E2F154B5BDB-LeaderElection103] INFO  impl.LeaderElection (LogUtils.java:infoOrTrace(142)) -   Exception 1: java.util.concurrent.ExecutionException: org.apache.ratis.thirdparty.io.grpc.StatusRuntimeException: UNAVAILABLE: io exception
2025-10-22 08:24:44,158 [1c036820-4dbe-4abe-80fb-5ca88de5e2f0@group-5E2F154B5BDB-LeaderElection103] INFO  impl.LeaderElection (LeaderElection.java:askForVotes(450)) - 1c036820-4dbe-4abe-80fb-5ca88de5e2f0@group-5E2F154B5BDB-LeaderElection103 PRE_VOTE round 0: result REJECTED
2025-10-22 08:24:44,158 [1c036820-4dbe-4abe-80fb-5ca88de5e2f0@group-5E2F154B5BDB-LeaderElection103] INFO  server.RaftServer$Division (RaftServerImpl.java:setRole(392)) - 1c036820-4dbe-4abe-80fb-5ca88de5e2f0@group-5E2F154B5BDB: changes role from CANDIDATE to FOLLOWER at term 2 for REJECTED
2025-10-22 08:24:44,158 [1c036820-4dbe-4abe-80fb-5ca88de5e2f0@group-5E2F154B5BDB-LeaderElection103] INFO  impl.RoleInfo (RoleInfo.java:shutdownLeaderElection(141)) - 1c036820-4dbe-4abe-80fb-5ca88de5e2f0: shutdown 1c036820-4dbe-4abe-80fb-5ca88de5e2f0@group-5E2F154B5BDB-LeaderElection103
2025-10-22 08:24:44,158 [1c036820-4dbe-4abe-80fb-5ca88de5e2f0@group-5E2F154B5BDB-LeaderElection103] INFO  impl.RoleInfo (RoleInfo.java:updateAndGet(148)) - 1c036820-4dbe-4abe-80fb-5ca88de5e2f0: start 1c036820-4dbe-4abe-80fb-5ca88de5e2f0@group-5E2F154B5BDB-FollowerState
2025-10-22 08:24:44,862 [1c036820-4dbe-4abe-80fb-5ca88de5e2f0@group-C626CE820278-FollowerState] INFO  impl.FollowerState (FollowerState.java:runImpl(161)) - 1c036820-4dbe-4abe-80fb-5ca88de5e2f0@group-C626CE820278-FollowerState: change to CANDIDATE, lastRpcElapsedTime:1106340234ns, electionTimeout:1106ms
2025-10-22 08:24:44,862 [1c036820-4dbe-4abe-80fb-5ca88de5e2f0@group-C626CE820278-FollowerState] INFO  impl.RoleInfo (RoleInfo.java:shutdownFollowerState(121)) - 1c036820-4dbe-4abe-80fb-5ca88de5e2f0: shutdown 1c036820-4dbe-4abe-80fb-5ca88de5e2f0@group-C626CE820278-FollowerState
2025-10-22 08:24:44,862 [1c036820-4dbe-4abe-80fb-5ca88de5e2f0@group-C626CE820278-FollowerState] INFO  server.RaftServer$Division (RaftServerImpl.java:setRole(392)) - 1c036820-4dbe-4abe-80fb-5ca88de5e2f0@group-C626CE820278: changes role from  FOLLOWER to CANDIDATE at term 1 for changeToCandidate
2025-10-22 08:24:44,862 [1c036820-4dbe-4abe-80fb-5ca88de5e2f0@group-C626CE820278-FollowerState] INFO  impl.RoleInfo (RoleInfo.java:updateAndGet(148)) - 1c036820-4dbe-4abe-80fb-5ca88de5e2f0: start 1c036820-4dbe-4abe-80fb-5ca88de5e2f0@group-C626CE820278-LeaderElection104
2025-10-22 08:24:44,863 [1c036820-4dbe-4abe-80fb-5ca88de5e2f0@group-C626CE820278-LeaderElection104] INFO  impl.LeaderElection (LeaderElection.java:askForVotes(448)) - 1c036820-4dbe-4abe-80fb-5ca88de5e2f0@group-C626CE820278-LeaderElection104 PRE_VOTE round 0: submit vote requests at term 1 for conf: {index: 0, cur=peers:[4d8a2798-959e-416b-b534-19c13b55a760|127.0.0.1:15023, 1c036820-4dbe-4abe-80fb-5ca88de5e2f0|127.0.0.1:15015, 40df8fc4-149d-40c0-897d-2844034d8141|127.0.0.1:15031]|listeners:[], old=null}
2025-10-22 08:24:44,863 [1c036820-4dbe-4abe-80fb-5ca88de5e2f0@group-C626CE820278-LeaderElection104] INFO  impl.LeaderElection (LogUtils.java:infoOrTrace(142)) - 1c036820-4dbe-4abe-80fb-5ca88de5e2f0@group-C626CE820278-LeaderElection104 got exception when requesting votes: java.util.concurrent.ExecutionException: org.apache.ratis.thirdparty.io.grpc.StatusRuntimeException: UNAVAILABLE: io exception
2025-10-22 08:24:44,863 [1c036820-4dbe-4abe-80fb-5ca88de5e2f0@group-C626CE820278-LeaderElection104] INFO  impl.LeaderElection (LogUtils.java:infoOrTrace(142)) - 1c036820-4dbe-4abe-80fb-5ca88de5e2f0@group-C626CE820278-LeaderElection104 got exception when requesting votes: java.util.concurrent.ExecutionException: org.apache.ratis.thirdparty.io.grpc.StatusRuntimeException: UNAVAILABLE: io exception
2025-10-22 08:24:44,863 [1c036820-4dbe-4abe-80fb-5ca88de5e2f0@group-C626CE820278-LeaderElection104] INFO  impl.LeaderElection (LeaderElection.java:logAndReturn(206)) - 1c036820-4dbe-4abe-80fb-5ca88de5e2f0@group-C626CE820278-LeaderElection104: PRE_VOTE REJECTED received 0 response(s) and 2 exception(s):
2025-10-22 08:24:44,863 [1c036820-4dbe-4abe-80fb-5ca88de5e2f0@group-C626CE820278-LeaderElection104] INFO  impl.LeaderElection (LogUtils.java:infoOrTrace(142)) -   Exception 0: java.util.concurrent.ExecutionException: org.apache.ratis.thirdparty.io.grpc.StatusRuntimeException: UNAVAILABLE: io exception
2025-10-22 08:24:44,863 [1c036820-4dbe-4abe-80fb-5ca88de5e2f0@group-C626CE820278-LeaderElection104] INFO  impl.LeaderElection (LogUtils.java:infoOrTrace(142)) -   Exception 1: java.util.concurrent.ExecutionException: org.apache.ratis.thirdparty.io.grpc.StatusRuntimeException: UNAVAILABLE: io exception
2025-10-22 08:24:44,864 [1c036820-4dbe-4abe-80fb-5ca88de5e2f0@group-C626CE820278-LeaderElection104] INFO  impl.LeaderElection (LeaderElection.java:askForVotes(450)) - 1c036820-4dbe-4abe-80fb-5ca88de5e2f0@group-C626CE820278-LeaderElection104 PRE_VOTE round 0: result REJECTED
2025-10-22 08:24:44,864 [1c036820-4dbe-4abe-80fb-5ca88de5e2f0@group-C626CE820278-LeaderElection104] INFO  server.RaftServer$Division (RaftServerImpl.java:setRole(392)) - 1c036820-4dbe-4abe-80fb-5ca88de5e2f0@group-C626CE820278: changes role from CANDIDATE to FOLLOWER at term 1 for REJECTED
2025-10-22 08:24:44,864 [1c036820-4dbe-4abe-80fb-5ca88de5e2f0@group-C626CE820278-LeaderElection104] INFO  impl.RoleInfo (RoleInfo.java:shutdownLeaderElection(141)) - 1c036820-4dbe-4abe-80fb-5ca88de5e2f0: shutdown 1c036820-4dbe-4abe-80fb-5ca88de5e2f0@group-C626CE820278-LeaderElection104
2025-10-22 08:24:44,864 [1c036820-4dbe-4abe-80fb-5ca88de5e2f0@group-C626CE820278-LeaderElection104] INFO  impl.RoleInfo (RoleInfo.java:updateAndGet(148)) - 1c036820-4dbe-4abe-80fb-5ca88de5e2f0: start 1c036820-4dbe-4abe-80fb-5ca88de5e2f0@group-C626CE820278-FollowerState
2025-10-22 08:24:45,293 [1c036820-4dbe-4abe-80fb-5ca88de5e2f0@group-5E2F154B5BDB-FollowerState] INFO  impl.FollowerState (FollowerState.java:runImpl(161)) - 1c036820-4dbe-4abe-80fb-5ca88de5e2f0@group-5E2F154B5BDB-FollowerState: change to CANDIDATE, lastRpcElapsedTime:1134305205ns, electionTimeout:1134ms
2025-10-22 08:24:45,293 [1c036820-4dbe-4abe-80fb-5ca88de5e2f0@group-5E2F154B5BDB-FollowerState] INFO  impl.RoleInfo (RoleInfo.java:shutdownFollowerState(121)) - 1c036820-4dbe-4abe-80fb-5ca88de5e2f0: shutdown 1c036820-4dbe-4abe-80fb-5ca88de5e2f0@group-5E2F154B5BDB-FollowerState
2025-10-22 08:24:45,293 [1c036820-4dbe-4abe-80fb-5ca88de5e2f0@group-5E2F154B5BDB-FollowerState] INFO  server.RaftServer$Division (RaftServerImpl.java:setRole(392)) - 1c036820-4dbe-4abe-80fb-5ca88de5e2f0@group-5E2F154B5BDB: changes role from  FOLLOWER to CANDIDATE at term 2 for changeToCandidate
2025-10-22 08:24:45,293 [1c036820-4dbe-4abe-80fb-5ca88de5e2f0@group-5E2F154B5BDB-FollowerState] INFO  impl.RoleInfo (RoleInfo.java:updateAndGet(148)) - 1c036820-4dbe-4abe-80fb-5ca88de5e2f0: start 1c036820-4dbe-4abe-80fb-5ca88de5e2f0@group-5E2F154B5BDB-LeaderElection105
2025-10-22 08:24:45,293 [1c036820-4dbe-4abe-80fb-5ca88de5e2f0@group-5E2F154B5BDB-LeaderElection105] INFO  impl.LeaderElection (LeaderElection.java:askForVotes(448)) - 1c036820-4dbe-4abe-80fb-5ca88de5e2f0@group-5E2F154B5BDB-LeaderElection105 PRE_VOTE round 0: submit vote requests at term 2 for conf: {index: 1, cur=peers:[4d8a2798-959e-416b-b534-19c13b55a760|127.0.0.1:15023, 1c036820-4dbe-4abe-80fb-5ca88de5e2f0|127.0.0.1:15015, 40df8fc4-149d-40c0-897d-2844034d8141|127.0.0.1:15031]|listeners:[], old=null}
2025-10-22 08:24:45,294 [1c036820-4dbe-4abe-80fb-5ca88de5e2f0@group-5E2F154B5BDB-LeaderElection105] INFO  impl.LeaderElection (LogUtils.java:infoOrTrace(142)) - 1c036820-4dbe-4abe-80fb-5ca88de5e2f0@group-5E2F154B5BDB-LeaderElection105 got exception when requesting votes: java.util.concurrent.ExecutionException: org.apache.ratis.thirdparty.io.grpc.StatusRuntimeException: UNAVAILABLE: io exception
2025-10-22 08:24:45,294 [1c036820-4dbe-4abe-80fb-5ca88de5e2f0@group-5E2F154B5BDB-LeaderElection105] INFO  impl.LeaderElection (LogUtils.java:infoOrTrace(142)) - 1c036820-4dbe-4abe-80fb-5ca88de5e2f0@group-5E2F154B5BDB-LeaderElection105 got exception when requesting votes: java.util.concurrent.ExecutionException: org.apache.ratis.thirdparty.io.grpc.StatusRuntimeException: UNAVAILABLE: io exception
2025-10-22 08:24:45,294 [1c036820-4dbe-4abe-80fb-5ca88de5e2f0@group-5E2F154B5BDB-LeaderElection105] INFO  impl.LeaderElection (LeaderElection.java:logAndReturn(206)) - 1c036820-4dbe-4abe-80fb-5ca88de5e2f0@group-5E2F154B5BDB-LeaderElection105: PRE_VOTE REJECTED received 0 response(s) and 2 exception(s):
2025-10-22 08:24:45,294 [1c036820-4dbe-4abe-80fb-5ca88de5e2f0@group-5E2F154B5BDB-LeaderElection105] INFO  impl.LeaderElection (LogUtils.java:infoOrTrace(142)) -   Exception 0: java.util.concurrent.ExecutionException: org.apache.ratis.thirdparty.io.grpc.StatusRuntimeException: UNAVAILABLE: io exception
2025-10-22 08:24:45,294 [1c036820-4dbe-4abe-80fb-5ca88de5e2f0@group-5E2F154B5BDB-LeaderElection105] INFO  impl.LeaderElection (LogUtils.java:infoOrTrace(142)) -   Exception 1: java.util.concurrent.ExecutionException: org.apache.ratis.thirdparty.io.grpc.StatusRuntimeException: UNAVAILABLE: io exception
2025-10-22 08:24:45,294 [1c036820-4dbe-4abe-80fb-5ca88de5e2f0@group-5E2F154B5BDB-LeaderElection105] INFO  impl.LeaderElection (LeaderElection.java:askForVotes(450)) - 1c036820-4dbe-4abe-80fb-5ca88de5e2f0@group-5E2F154B5BDB-LeaderElection105 PRE_VOTE round 0: result REJECTED
2025-10-22 08:24:45,294 [1c036820-4dbe-4abe-80fb-5ca88de5e2f0@group-5E2F154B5BDB-LeaderElection105] INFO  server.RaftServer$Division (RaftServerImpl.java:setRole(392)) - 1c036820-4dbe-4abe-80fb-5ca88de5e2f0@group-5E2F154B5BDB: changes role from CANDIDATE to FOLLOWER at term 2 for REJECTED
2025-10-22 08:24:45,294 [1c036820-4dbe-4abe-80fb-5ca88de5e2f0@group-5E2F154B5BDB-LeaderElection105] INFO  impl.RoleInfo (RoleInfo.java:shutdownLeaderElection(141)) - 1c036820-4dbe-4abe-80fb-5ca88de5e2f0: shutdown 1c036820-4dbe-4abe-80fb-5ca88de5e2f0@group-5E2F154B5BDB-LeaderElection105
2025-10-22 08:24:45,294 [1c036820-4dbe-4abe-80fb-5ca88de5e2f0@group-5E2F154B5BDB-LeaderElection105] INFO  impl.RoleInfo (RoleInfo.java:updateAndGet(148)) - 1c036820-4dbe-4abe-80fb-5ca88de5e2f0: start 1c036820-4dbe-4abe-80fb-5ca88de5e2f0@group-5E2F154B5BDB-FollowerState
2025-10-22 08:24:45,956 [1c036820-4dbe-4abe-80fb-5ca88de5e2f0@group-C626CE820278-FollowerState] INFO  impl.FollowerState (FollowerState.java:runImpl(161)) - 1c036820-4dbe-4abe-80fb-5ca88de5e2f0@group-C626CE820278-FollowerState: change to CANDIDATE, lastRpcElapsedTime:1092281074ns, electionTimeout:1092ms
2025-10-22 08:24:45,956 [1c036820-4dbe-4abe-80fb-5ca88de5e2f0@group-C626CE820278-FollowerState] INFO  impl.RoleInfo (RoleInfo.java:shutdownFollowerState(121)) - 1c036820-4dbe-4abe-80fb-5ca88de5e2f0: shutdown 1c036820-4dbe-4abe-80fb-5ca88de5e2f0@group-C626CE820278-FollowerState
2025-10-22 08:24:45,956 [1c036820-4dbe-4abe-80fb-5ca88de5e2f0@group-C626CE820278-FollowerState] INFO  server.RaftServer$Division (RaftServerImpl.java:setRole(392)) - 1c036820-4dbe-4abe-80fb-5ca88de5e2f0@group-C626CE820278: changes role from  FOLLOWER to CANDIDATE at term 1 for changeToCandidate
2025-10-22 08:24:45,956 [1c036820-4dbe-4abe-80fb-5ca88de5e2f0@group-C626CE820278-FollowerState] INFO  impl.RoleInfo (RoleInfo.java:updateAndGet(148)) - 1c036820-4dbe-4abe-80fb-5ca88de5e2f0: start 1c036820-4dbe-4abe-80fb-5ca88de5e2f0@group-C626CE820278-LeaderElection106
2025-10-22 08:24:45,957 [1c036820-4dbe-4abe-80fb-5ca88de5e2f0@group-C626CE820278-LeaderElection106] INFO  impl.LeaderElection (LeaderElection.java:askForVotes(448)) - 1c036820-4dbe-4abe-80fb-5ca88de5e2f0@group-C626CE820278-LeaderElection106 PRE_VOTE round 0: submit vote requests at term 1 for conf: {index: 0, cur=peers:[4d8a2798-959e-416b-b534-19c13b55a760|127.0.0.1:15023, 1c036820-4dbe-4abe-80fb-5ca88de5e2f0|127.0.0.1:15015, 40df8fc4-149d-40c0-897d-2844034d8141|127.0.0.1:15031]|listeners:[], old=null}
2025-10-22 08:24:45,957 [1c036820-4dbe-4abe-80fb-5ca88de5e2f0@group-C626CE820278-LeaderElection106] INFO  impl.LeaderElection (LogUtils.java:infoOrTrace(142)) - 1c036820-4dbe-4abe-80fb-5ca88de5e2f0@group-C626CE820278-LeaderElection106 got exception when requesting votes: java.util.concurrent.ExecutionException: org.apache.ratis.thirdparty.io.grpc.StatusRuntimeException: UNAVAILABLE: io exception
2025-10-22 08:24:45,958 [1c036820-4dbe-4abe-80fb-5ca88de5e2f0@group-C626CE820278-LeaderElection106] INFO  impl.LeaderElection (LogUtils.java:infoOrTrace(142)) - 1c036820-4dbe-4abe-80fb-5ca88de5e2f0@group-C626CE820278-LeaderElection106 got exception when requesting votes: java.util.concurrent.ExecutionException: org.apache.ratis.thirdparty.io.grpc.StatusRuntimeException: UNAVAILABLE: io exception
2025-10-22 08:24:45,958 [1c036820-4dbe-4abe-80fb-5ca88de5e2f0@group-C626CE820278-LeaderElection106] INFO  impl.LeaderElection (LeaderElection.java:logAndReturn(206)) - 1c036820-4dbe-4abe-80fb-5ca88de5e2f0@group-C626CE820278-LeaderElection106: PRE_VOTE REJECTED received 0 response(s) and 2 exception(s):
2025-10-22 08:24:45,958 [1c036820-4dbe-4abe-80fb-5ca88de5e2f0@group-C626CE820278-LeaderElection106] INFO  impl.LeaderElection (LogUtils.java:infoOrTrace(142)) -   Exception 0: java.util.concurrent.ExecutionException: org.apache.ratis.thirdparty.io.grpc.StatusRuntimeException: UNAVAILABLE: io exception
2025-10-22 08:24:45,958 [1c036820-4dbe-4abe-80fb-5ca88de5e2f0@group-C626CE820278-LeaderElection106] INFO  impl.LeaderElection (LogUtils.java:infoOrTrace(142)) -   Exception 1: java.util.concurrent.ExecutionException: org.apache.ratis.thirdparty.io.grpc.StatusRuntimeException: UNAVAILABLE: io exception
2025-10-22 08:24:45,958 [1c036820-4dbe-4abe-80fb-5ca88de5e2f0@group-C626CE820278-LeaderElection106] INFO  impl.LeaderElection (LeaderElection.java:askForVotes(450)) - 1c036820-4dbe-4abe-80fb-5ca88de5e2f0@group-C626CE820278-LeaderElection106 PRE_VOTE round 0: result REJECTED
2025-10-22 08:24:45,958 [1c036820-4dbe-4abe-80fb-5ca88de5e2f0@group-C626CE820278-LeaderElection106] INFO  server.RaftServer$Division (RaftServerImpl.java:setRole(392)) - 1c036820-4dbe-4abe-80fb-5ca88de5e2f0@group-C626CE820278: changes role from CANDIDATE to FOLLOWER at term 1 for REJECTED
2025-10-22 08:24:45,958 [1c036820-4dbe-4abe-80fb-5ca88de5e2f0@group-C626CE820278-LeaderElection106] INFO  impl.RoleInfo (RoleInfo.java:shutdownLeaderElection(141)) - 1c036820-4dbe-4abe-80fb-5ca88de5e2f0: shutdown 1c036820-4dbe-4abe-80fb-5ca88de5e2f0@group-C626CE820278-LeaderElection106
2025-10-22 08:24:45,958 [1c036820-4dbe-4abe-80fb-5ca88de5e2f0@group-C626CE820278-LeaderElection106] INFO  impl.RoleInfo (RoleInfo.java:updateAndGet(148)) - 1c036820-4dbe-4abe-80fb-5ca88de5e2f0: start 1c036820-4dbe-4abe-80fb-5ca88de5e2f0@group-C626CE820278-FollowerState
2025-10-22 08:24:46,325 [1c036820-4dbe-4abe-80fb-5ca88de5e2f0@group-5E2F154B5BDB-FollowerState] INFO  impl.FollowerState (FollowerState.java:runImpl(161)) - 1c036820-4dbe-4abe-80fb-5ca88de5e2f0@group-5E2F154B5BDB-FollowerState: change to CANDIDATE, lastRpcElapsedTime:1030399097ns, electionTimeout:1030ms
2025-10-22 08:24:46,325 [1c036820-4dbe-4abe-80fb-5ca88de5e2f0@group-5E2F154B5BDB-FollowerState] INFO  impl.RoleInfo (RoleInfo.java:shutdownFollowerState(121)) - 1c036820-4dbe-4abe-80fb-5ca88de5e2f0: shutdown 1c036820-4dbe-4abe-80fb-5ca88de5e2f0@group-5E2F154B5BDB-FollowerState
2025-10-22 08:24:46,325 [1c036820-4dbe-4abe-80fb-5ca88de5e2f0@group-5E2F154B5BDB-FollowerState] INFO  server.RaftServer$Division (RaftServerImpl.java:setRole(392)) - 1c036820-4dbe-4abe-80fb-5ca88de5e2f0@group-5E2F154B5BDB: changes role from  FOLLOWER to CANDIDATE at term 2 for changeToCandidate
2025-10-22 08:24:46,325 [1c036820-4dbe-4abe-80fb-5ca88de5e2f0@group-5E2F154B5BDB-FollowerState] INFO  impl.RoleInfo (RoleInfo.java:updateAndGet(148)) - 1c036820-4dbe-4abe-80fb-5ca88de5e2f0: start 1c036820-4dbe-4abe-80fb-5ca88de5e2f0@group-5E2F154B5BDB-LeaderElection107
2025-10-22 08:24:46,325 [1c036820-4dbe-4abe-80fb-5ca88de5e2f0@group-5E2F154B5BDB-LeaderElection107] INFO  impl.LeaderElection (LeaderElection.java:askForVotes(448)) - 1c036820-4dbe-4abe-80fb-5ca88de5e2f0@group-5E2F154B5BDB-LeaderElection107 PRE_VOTE round 0: submit vote requests at term 2 for conf: {index: 1, cur=peers:[4d8a2798-959e-416b-b534-19c13b55a760|127.0.0.1:15023, 1c036820-4dbe-4abe-80fb-5ca88de5e2f0|127.0.0.1:15015, 40df8fc4-149d-40c0-897d-2844034d8141|127.0.0.1:15031]|listeners:[], old=null}
2025-10-22 08:24:46,326 [1c036820-4dbe-4abe-80fb-5ca88de5e2f0@group-5E2F154B5BDB-LeaderElection107] INFO  impl.LeaderElection (LogUtils.java:infoOrTrace(142)) - 1c036820-4dbe-4abe-80fb-5ca88de5e2f0@group-5E2F154B5BDB-LeaderElection107 got exception when requesting votes: java.util.concurrent.ExecutionException: org.apache.ratis.thirdparty.io.grpc.StatusRuntimeException: UNAVAILABLE: io exception
2025-10-22 08:24:46,326 [1c036820-4dbe-4abe-80fb-5ca88de5e2f0@group-5E2F154B5BDB-LeaderElection107] INFO  impl.LeaderElection (LogUtils.java:infoOrTrace(142)) - 1c036820-4dbe-4abe-80fb-5ca88de5e2f0@group-5E2F154B5BDB-LeaderElection107 got exception when requesting votes: java.util.concurrent.ExecutionException: org.apache.ratis.thirdparty.io.grpc.StatusRuntimeException: UNAVAILABLE: io exception
2025-10-22 08:24:46,326 [1c036820-4dbe-4abe-80fb-5ca88de5e2f0@group-5E2F154B5BDB-LeaderElection107] INFO  impl.LeaderElection (LeaderElection.java:logAndReturn(206)) - 1c036820-4dbe-4abe-80fb-5ca88de5e2f0@group-5E2F154B5BDB-LeaderElection107: PRE_VOTE REJECTED received 0 response(s) and 2 exception(s):
2025-10-22 08:24:46,326 [1c036820-4dbe-4abe-80fb-5ca88de5e2f0@group-5E2F154B5BDB-LeaderElection107] INFO  impl.LeaderElection (LogUtils.java:infoOrTrace(142)) -   Exception 0: java.util.concurrent.ExecutionException: org.apache.ratis.thirdparty.io.grpc.StatusRuntimeException: UNAVAILABLE: io exception
2025-10-22 08:24:46,326 [1c036820-4dbe-4abe-80fb-5ca88de5e2f0@group-5E2F154B5BDB-LeaderElection107] INFO  impl.LeaderElection (LogUtils.java:infoOrTrace(142)) -   Exception 1: java.util.concurrent.ExecutionException: org.apache.ratis.thirdparty.io.grpc.StatusRuntimeException: UNAVAILABLE: io exception
2025-10-22 08:24:46,326 [1c036820-4dbe-4abe-80fb-5ca88de5e2f0@group-5E2F154B5BDB-LeaderElection107] INFO  impl.LeaderElection (LeaderElection.java:askForVotes(450)) - 1c036820-4dbe-4abe-80fb-5ca88de5e2f0@group-5E2F154B5BDB-LeaderElection107 PRE_VOTE round 0: result REJECTED
2025-10-22 08:24:46,326 [1c036820-4dbe-4abe-80fb-5ca88de5e2f0@group-5E2F154B5BDB-LeaderElection107] INFO  server.RaftServer$Division (RaftServerImpl.java:setRole(392)) - 1c036820-4dbe-4abe-80fb-5ca88de5e2f0@group-5E2F154B5BDB: changes role from CANDIDATE to FOLLOWER at term 2 for REJECTED
2025-10-22 08:24:46,326 [1c036820-4dbe-4abe-80fb-5ca88de5e2f0@group-5E2F154B5BDB-LeaderElection107] INFO  impl.RoleInfo (RoleInfo.java:shutdownLeaderElection(141)) - 1c036820-4dbe-4abe-80fb-5ca88de5e2f0: shutdown 1c036820-4dbe-4abe-80fb-5ca88de5e2f0@group-5E2F154B5BDB-LeaderElection107
2025-10-22 08:24:46,327 [1c036820-4dbe-4abe-80fb-5ca88de5e2f0@group-5E2F154B5BDB-LeaderElection107] INFO  impl.RoleInfo (RoleInfo.java:updateAndGet(148)) - 1c036820-4dbe-4abe-80fb-5ca88de5e2f0: start 1c036820-4dbe-4abe-80fb-5ca88de5e2f0@group-5E2F154B5BDB-FollowerState
2025-10-22 08:24:46,410 [grpc-default-executor-5] ERROR impl.OrderedAsync (OrderedAsync.java:lambda$null$6(215)) -  client-E7D2C87CB263: Failed* RaftClientRequest:client-E7D2C87CB263->40df8fc4-149d-40c0-897d-2844034d8141@group-5E2F154B5BDB, cid=40, seq=1*, Watch(0), null
java.util.concurrent.CompletionException: java.io.IOException: org.apache.ratis.thirdparty.io.grpc.StatusRuntimeException: UNAVAILABLE: io exception
	at java.base/java.util.concurrent.CompletableFuture.encodeThrowable(CompletableFuture.java:332)
	at java.base/java.util.concurrent.CompletableFuture.completeThrowable(CompletableFuture.java:347)
	at java.base/java.util.concurrent.CompletableFuture$UniAccept.tryFire(CompletableFuture.java:708)
	at java.base/java.util.concurrent.CompletableFuture.postComplete(CompletableFuture.java:510)
	at java.base/java.util.concurrent.CompletableFuture.completeExceptionally(CompletableFuture.java:2194)
	at org.apache.ratis.grpc.client.GrpcClientProtocolClient$AsyncStreamObservers.completeReplyExceptionally(GrpcClientProtocolClient.java:397)
	at org.apache.ratis.grpc.client.GrpcClientProtocolClient$AsyncStreamObservers.access$000(GrpcClientProtocolClient.java:303)
	at org.apache.ratis.grpc.client.GrpcClientProtocolClient$AsyncStreamObservers$1.onError(GrpcClientProtocolClient.java:334)
	at org.apache.ratis.thirdparty.io.grpc.stub.ClientCalls$StreamObserverToCallListenerAdapter.onClose(ClientCalls.java:564)
	at org.apache.ratis.thirdparty.io.grpc.PartialForwardingClientCallListener.onClose(PartialForwardingClientCallListener.java:39)
	at org.apache.ratis.thirdparty.io.grpc.ForwardingClientCallListener.onClose(ForwardingClientCallListener.java:23)
	at org.apache.ratis.grpc.metrics.intercept.client.MetricClientCallListener.onClose(MetricClientCallListener.java:47)
	at org.apache.ratis.thirdparty.io.grpc.internal.ClientCallImpl.closeObserver(ClientCallImpl.java:565)
	at org.apache.ratis.thirdparty.io.grpc.internal.ClientCallImpl.access$100(ClientCallImpl.java:72)
	at org.apache.ratis.thirdparty.io.grpc.internal.ClientCallImpl$ClientStreamListenerImpl$1StreamClosed.runInternal(ClientCallImpl.java:733)
	at org.apache.ratis.thirdparty.io.grpc.internal.ClientCallImpl$ClientStreamListenerImpl$1StreamClosed.runInContext(ClientCallImpl.java:714)
	at org.apache.ratis.thirdparty.io.grpc.internal.ContextRunnable.run(ContextRunnable.java:37)
	at org.apache.ratis.thirdparty.io.grpc.internal.SerializingExecutor.run(SerializingExecutor.java:133)
	at java.base/java.util.concurrent.ThreadPoolExecutor.runWorker(ThreadPoolExecutor.java:1144)
	at java.base/java.util.concurrent.ThreadPoolExecutor$Worker.run(ThreadPoolExecutor.java:642)
	at java.base/java.lang.Thread.run(Thread.java:1583)
Caused by: java.io.IOException: org.apache.ratis.thirdparty.io.grpc.StatusRuntimeException: UNAVAILABLE: io exception
	at org.apache.ratis.grpc.GrpcUtil.unwrapException(GrpcUtil.java:99)
	at org.apache.ratis.grpc.GrpcUtil.unwrapIOException(GrpcUtil.java:159)
	at org.apache.ratis.grpc.client.GrpcClientProtocolClient$AsyncStreamObservers$1.onError(GrpcClientProtocolClient.java:333)
	... 13 more
Caused by: org.apache.ratis.thirdparty.io.grpc.StatusRuntimeException: UNAVAILABLE: io exception
	at org.apache.ratis.thirdparty.io.grpc.Status.asRuntimeException(Status.java:532)
	... 13 more
Caused by: org.apache.ratis.thirdparty.io.netty.channel.AbstractChannel$AnnotatedConnectException: finishConnect(..) failed: Connection refused: /127.0.0.1:15029
Caused by: java.net.ConnectException: finishConnect(..) failed: Connection refused
	at org.apache.ratis.thirdparty.io.netty.channel.unix.Errors.newConnectException0(Errors.java:166)
	at org.apache.ratis.thirdparty.io.netty.channel.unix.Errors.handleConnectErrno(Errors.java:131)
	at org.apache.ratis.thirdparty.io.netty.channel.unix.Socket.finishConnect(Socket.java:359)
	at org.apache.ratis.thirdparty.io.netty.channel.epoll.AbstractEpollChannel$AbstractEpollUnsafe.doFinishConnect(AbstractEpollChannel.java:715)
	at org.apache.ratis.thirdparty.io.netty.channel.epoll.AbstractEpollChannel$AbstractEpollUnsafe.finishConnect(AbstractEpollChannel.java:692)
	at org.apache.ratis.thirdparty.io.netty.channel.epoll.AbstractEpollChannel$AbstractEpollUnsafe.epollOutReady(AbstractEpollChannel.java:567)
	at org.apache.ratis.thirdparty.io.netty.channel.epoll.EpollEventLoop.processReady(EpollEventLoop.java:491)
	at org.apache.ratis.thirdparty.io.netty.channel.epoll.EpollEventLoop.run(EpollEventLoop.java:399)
	at org.apache.ratis.thirdparty.io.netty.util.concurrent.SingleThreadEventExecutor$4.run(SingleThreadEventExecutor.java:998)
	at org.apache.ratis.thirdparty.io.netty.util.internal.ThreadExecutorMap$2.run(ThreadExecutorMap.java:74)
	at org.apache.ratis.thirdparty.io.netty.util.concurrent.FastThreadLocalRunnable.run(FastThreadLocalRunnable.java:30)
	at java.base/java.lang.Thread.run(Thread.java:1583)
2025-10-22 08:24:47,060 [1c036820-4dbe-4abe-80fb-5ca88de5e2f0@group-C626CE820278-FollowerState] INFO  impl.FollowerState (FollowerState.java:runImpl(161)) - 1c036820-4dbe-4abe-80fb-5ca88de5e2f0@group-C626CE820278-FollowerState: change to CANDIDATE, lastRpcElapsedTime:1102310716ns, electionTimeout:1102ms
2025-10-22 08:24:47,060 [1c036820-4dbe-4abe-80fb-5ca88de5e2f0@group-C626CE820278-FollowerState] INFO  impl.RoleInfo (RoleInfo.java:shutdownFollowerState(121)) - 1c036820-4dbe-4abe-80fb-5ca88de5e2f0: shutdown 1c036820-4dbe-4abe-80fb-5ca88de5e2f0@group-C626CE820278-FollowerState
2025-10-22 08:24:47,061 [1c036820-4dbe-4abe-80fb-5ca88de5e2f0@group-C626CE820278-FollowerState] INFO  server.RaftServer$Division (RaftServerImpl.java:setRole(392)) - 1c036820-4dbe-4abe-80fb-5ca88de5e2f0@group-C626CE820278: changes role from  FOLLOWER to CANDIDATE at term 1 for changeToCandidate
2025-10-22 08:24:47,061 [1c036820-4dbe-4abe-80fb-5ca88de5e2f0@group-C626CE820278-FollowerState] INFO  impl.RoleInfo (RoleInfo.java:updateAndGet(148)) - 1c036820-4dbe-4abe-80fb-5ca88de5e2f0: start 1c036820-4dbe-4abe-80fb-5ca88de5e2f0@group-C626CE820278-LeaderElection108
2025-10-22 08:24:47,061 [1c036820-4dbe-4abe-80fb-5ca88de5e2f0@group-C626CE820278-LeaderElection108] INFO  impl.LeaderElection (LeaderElection.java:askForVotes(448)) - 1c036820-4dbe-4abe-80fb-5ca88de5e2f0@group-C626CE820278-LeaderElection108 PRE_VOTE round 0: submit vote requests at term 1 for conf: {index: 0, cur=peers:[4d8a2798-959e-416b-b534-19c13b55a760|127.0.0.1:15023, 1c036820-4dbe-4abe-80fb-5ca88de5e2f0|127.0.0.1:15015, 40df8fc4-149d-40c0-897d-2844034d8141|127.0.0.1:15031]|listeners:[], old=null}
2025-10-22 08:24:47,062 [1c036820-4dbe-4abe-80fb-5ca88de5e2f0@group-C626CE820278-LeaderElection108] INFO  impl.LeaderElection (LogUtils.java:infoOrTrace(142)) - 1c036820-4dbe-4abe-80fb-5ca88de5e2f0@group-C626CE820278-LeaderElection108 got exception when requesting votes: java.util.concurrent.ExecutionException: org.apache.ratis.thirdparty.io.grpc.StatusRuntimeException: UNAVAILABLE: io exception
2025-10-22 08:24:47,062 [1c036820-4dbe-4abe-80fb-5ca88de5e2f0@group-C626CE820278-LeaderElection108] INFO  impl.LeaderElection (LogUtils.java:infoOrTrace(142)) - 1c036820-4dbe-4abe-80fb-5ca88de5e2f0@group-C626CE820278-LeaderElection108 got exception when requesting votes: java.util.concurrent.ExecutionException: org.apache.ratis.thirdparty.io.grpc.StatusRuntimeException: UNAVAILABLE: io exception
2025-10-22 08:24:47,062 [1c036820-4dbe-4abe-80fb-5ca88de5e2f0@group-C626CE820278-LeaderElection108] INFO  impl.LeaderElection (LeaderElection.java:logAndReturn(206)) - 1c036820-4dbe-4abe-80fb-5ca88de5e2f0@group-C626CE820278-LeaderElection108: PRE_VOTE REJECTED received 0 response(s) and 2 exception(s):
2025-10-22 08:24:47,062 [1c036820-4dbe-4abe-80fb-5ca88de5e2f0@group-C626CE820278-LeaderElection108] INFO  impl.LeaderElection (LogUtils.java:infoOrTrace(142)) -   Exception 0: java.util.concurrent.ExecutionException: org.apache.ratis.thirdparty.io.grpc.StatusRuntimeException: UNAVAILABLE: io exception
2025-10-22 08:24:47,062 [1c036820-4dbe-4abe-80fb-5ca88de5e2f0@group-C626CE820278-LeaderElection108] INFO  impl.LeaderElection (LogUtils.java:infoOrTrace(142)) -   Exception 1: java.util.concurrent.ExecutionException: org.apache.ratis.thirdparty.io.grpc.StatusRuntimeException: UNAVAILABLE: io exception
2025-10-22 08:24:47,062 [1c036820-4dbe-4abe-80fb-5ca88de5e2f0@group-C626CE820278-LeaderElection108] INFO  impl.LeaderElection (LeaderElection.java:askForVotes(450)) - 1c036820-4dbe-4abe-80fb-5ca88de5e2f0@group-C626CE820278-LeaderElection108 PRE_VOTE round 0: result REJECTED
2025-10-22 08:24:47,062 [1c036820-4dbe-4abe-80fb-5ca88de5e2f0@group-C626CE820278-LeaderElection108] INFO  server.RaftServer$Division (RaftServerImpl.java:setRole(392)) - 1c036820-4dbe-4abe-80fb-5ca88de5e2f0@group-C626CE820278: changes role from CANDIDATE to FOLLOWER at term 1 for REJECTED
2025-10-22 08:24:47,062 [1c036820-4dbe-4abe-80fb-5ca88de5e2f0@group-C626CE820278-LeaderElection108] INFO  impl.RoleInfo (RoleInfo.java:shutdownLeaderElection(141)) - 1c036820-4dbe-4abe-80fb-5ca88de5e2f0: shutdown 1c036820-4dbe-4abe-80fb-5ca88de5e2f0@group-C626CE820278-LeaderElection108
2025-10-22 08:24:47,062 [1c036820-4dbe-4abe-80fb-5ca88de5e2f0@group-C626CE820278-LeaderElection108] INFO  impl.RoleInfo (RoleInfo.java:updateAndGet(148)) - 1c036820-4dbe-4abe-80fb-5ca88de5e2f0: start 1c036820-4dbe-4abe-80fb-5ca88de5e2f0@group-C626CE820278-FollowerState
2025-10-22 08:24:47,335 [1c036820-4dbe-4abe-80fb-5ca88de5e2f0@group-5E2F154B5BDB-FollowerState] INFO  impl.FollowerState (FollowerState.java:runImpl(161)) - 1c036820-4dbe-4abe-80fb-5ca88de5e2f0@group-5E2F154B5BDB-FollowerState: change to CANDIDATE, lastRpcElapsedTime:1008352969ns, electionTimeout:1008ms
2025-10-22 08:24:47,335 [1c036820-4dbe-4abe-80fb-5ca88de5e2f0@group-5E2F154B5BDB-FollowerState] INFO  impl.RoleInfo (RoleInfo.java:shutdownFollowerState(121)) - 1c036820-4dbe-4abe-80fb-5ca88de5e2f0: shutdown 1c036820-4dbe-4abe-80fb-5ca88de5e2f0@group-5E2F154B5BDB-FollowerState
2025-10-22 08:24:47,335 [1c036820-4dbe-4abe-80fb-5ca88de5e2f0@group-5E2F154B5BDB-FollowerState] INFO  server.RaftServer$Division (RaftServerImpl.java:setRole(392)) - 1c036820-4dbe-4abe-80fb-5ca88de5e2f0@group-5E2F154B5BDB: changes role from  FOLLOWER to CANDIDATE at term 2 for changeToCandidate
2025-10-22 08:24:47,335 [1c036820-4dbe-4abe-80fb-5ca88de5e2f0@group-5E2F154B5BDB-FollowerState] INFO  impl.RoleInfo (RoleInfo.java:updateAndGet(148)) - 1c036820-4dbe-4abe-80fb-5ca88de5e2f0: start 1c036820-4dbe-4abe-80fb-5ca88de5e2f0@group-5E2F154B5BDB-LeaderElection109
2025-10-22 08:24:47,336 [1c036820-4dbe-4abe-80fb-5ca88de5e2f0@group-5E2F154B5BDB-LeaderElection109] INFO  impl.LeaderElection (LeaderElection.java:askForVotes(448)) - 1c036820-4dbe-4abe-80fb-5ca88de5e2f0@group-5E2F154B5BDB-LeaderElection109 PRE_VOTE round 0: submit vote requests at term 2 for conf: {index: 1, cur=peers:[4d8a2798-959e-416b-b534-19c13b55a760|127.0.0.1:15023, 1c036820-4dbe-4abe-80fb-5ca88de5e2f0|127.0.0.1:15015, 40df8fc4-149d-40c0-897d-2844034d8141|127.0.0.1:15031]|listeners:[], old=null}
2025-10-22 08:24:47,336 [1c036820-4dbe-4abe-80fb-5ca88de5e2f0@group-5E2F154B5BDB-LeaderElection109] INFO  impl.LeaderElection (LogUtils.java:infoOrTrace(142)) - 1c036820-4dbe-4abe-80fb-5ca88de5e2f0@group-5E2F154B5BDB-LeaderElection109 got exception when requesting votes: java.util.concurrent.ExecutionException: org.apache.ratis.thirdparty.io.grpc.StatusRuntimeException: UNAVAILABLE: io exception
2025-10-22 08:24:47,336 [1c036820-4dbe-4abe-80fb-5ca88de5e2f0@group-5E2F154B5BDB-LeaderElection109] INFO  impl.LeaderElection (LogUtils.java:infoOrTrace(142)) - 1c036820-4dbe-4abe-80fb-5ca88de5e2f0@group-5E2F154B5BDB-LeaderElection109 got exception when requesting votes: java.util.concurrent.ExecutionException: org.apache.ratis.thirdparty.io.grpc.StatusRuntimeException: UNAVAILABLE: io exception
2025-10-22 08:24:47,336 [1c036820-4dbe-4abe-80fb-5ca88de5e2f0@group-5E2F154B5BDB-LeaderElection109] INFO  impl.LeaderElection (LeaderElection.java:logAndReturn(206)) - 1c036820-4dbe-4abe-80fb-5ca88de5e2f0@group-5E2F154B5BDB-LeaderElection109: PRE_VOTE REJECTED received 0 response(s) and 2 exception(s):
2025-10-22 08:24:47,336 [1c036820-4dbe-4abe-80fb-5ca88de5e2f0@group-5E2F154B5BDB-LeaderElection109] INFO  impl.LeaderElection (LogUtils.java:infoOrTrace(142)) -   Exception 0: java.util.concurrent.ExecutionException: org.apache.ratis.thirdparty.io.grpc.StatusRuntimeException: UNAVAILABLE: io exception
2025-10-22 08:24:47,336 [1c036820-4dbe-4abe-80fb-5ca88de5e2f0@group-5E2F154B5BDB-LeaderElection109] INFO  impl.LeaderElection (LogUtils.java:infoOrTrace(142)) -   Exception 1: java.util.concurrent.ExecutionException: org.apache.ratis.thirdparty.io.grpc.StatusRuntimeException: UNAVAILABLE: io exception
2025-10-22 08:24:47,336 [1c036820-4dbe-4abe-80fb-5ca88de5e2f0@group-5E2F154B5BDB-LeaderElection109] INFO  impl.LeaderElection (LeaderElection.java:askForVotes(450)) - 1c036820-4dbe-4abe-80fb-5ca88de5e2f0@group-5E2F154B5BDB-LeaderElection109 PRE_VOTE round 0: result REJECTED
2025-10-22 08:24:47,336 [1c036820-4dbe-4abe-80fb-5ca88de5e2f0@group-5E2F154B5BDB-LeaderElection109] INFO  server.RaftServer$Division (RaftServerImpl.java:setRole(392)) - 1c036820-4dbe-4abe-80fb-5ca88de5e2f0@group-5E2F154B5BDB: changes role from CANDIDATE to FOLLOWER at term 2 for REJECTED
2025-10-22 08:24:47,336 [1c036820-4dbe-4abe-80fb-5ca88de5e2f0@group-5E2F154B5BDB-LeaderElection109] INFO  impl.RoleInfo (RoleInfo.java:shutdownLeaderElection(141)) - 1c036820-4dbe-4abe-80fb-5ca88de5e2f0: shutdown 1c036820-4dbe-4abe-80fb-5ca88de5e2f0@group-5E2F154B5BDB-LeaderElection109
2025-10-22 08:24:47,337 [1c036820-4dbe-4abe-80fb-5ca88de5e2f0@group-5E2F154B5BDB-LeaderElection109] INFO  impl.RoleInfo (RoleInfo.java:updateAndGet(148)) - 1c036820-4dbe-4abe-80fb-5ca88de5e2f0: start 1c036820-4dbe-4abe-80fb-5ca88de5e2f0@group-5E2F154B5BDB-FollowerState
2025-10-22 08:24:48,118 [1c036820-4dbe-4abe-80fb-5ca88de5e2f0@group-C626CE820278-FollowerState] INFO  impl.FollowerState (FollowerState.java:runImpl(161)) - 1c036820-4dbe-4abe-80fb-5ca88de5e2f0@group-C626CE820278-FollowerState: change to CANDIDATE, lastRpcElapsedTime:1056270182ns, electionTimeout:1056ms
2025-10-22 08:24:48,119 [1c036820-4dbe-4abe-80fb-5ca88de5e2f0@group-C626CE820278-FollowerState] INFO  impl.RoleInfo (RoleInfo.java:shutdownFollowerState(121)) - 1c036820-4dbe-4abe-80fb-5ca88de5e2f0: shutdown 1c036820-4dbe-4abe-80fb-5ca88de5e2f0@group-C626CE820278-FollowerState
2025-10-22 08:24:48,119 [1c036820-4dbe-4abe-80fb-5ca88de5e2f0@group-C626CE820278-FollowerState] INFO  server.RaftServer$Division (RaftServerImpl.java:setRole(392)) - 1c036820-4dbe-4abe-80fb-5ca88de5e2f0@group-C626CE820278: changes role from  FOLLOWER to CANDIDATE at term 1 for changeToCandidate
2025-10-22 08:24:48,119 [1c036820-4dbe-4abe-80fb-5ca88de5e2f0@group-C626CE820278-FollowerState] INFO  impl.RoleInfo (RoleInfo.java:updateAndGet(148)) - 1c036820-4dbe-4abe-80fb-5ca88de5e2f0: start 1c036820-4dbe-4abe-80fb-5ca88de5e2f0@group-C626CE820278-LeaderElection110
2025-10-22 08:24:48,119 [1c036820-4dbe-4abe-80fb-5ca88de5e2f0@group-C626CE820278-LeaderElection110] INFO  impl.LeaderElection (LeaderElection.java:askForVotes(448)) - 1c036820-4dbe-4abe-80fb-5ca88de5e2f0@group-C626CE820278-LeaderElection110 PRE_VOTE round 0: submit vote requests at term 1 for conf: {index: 0, cur=peers:[4d8a2798-959e-416b-b534-19c13b55a760|127.0.0.1:15023, 1c036820-4dbe-4abe-80fb-5ca88de5e2f0|127.0.0.1:15015, 40df8fc4-149d-40c0-897d-2844034d8141|127.0.0.1:15031]|listeners:[], old=null}
2025-10-22 08:24:48,120 [1c036820-4dbe-4abe-80fb-5ca88de5e2f0@group-C626CE820278-LeaderElection110] INFO  impl.LeaderElection (LogUtils.java:infoOrTrace(142)) - 1c036820-4dbe-4abe-80fb-5ca88de5e2f0@group-C626CE820278-LeaderElection110 got exception when requesting votes: java.util.concurrent.ExecutionException: org.apache.ratis.thirdparty.io.grpc.StatusRuntimeException: UNAVAILABLE: io exception
2025-10-22 08:24:48,120 [1c036820-4dbe-4abe-80fb-5ca88de5e2f0@group-C626CE820278-LeaderElection110] INFO  impl.LeaderElection (LogUtils.java:infoOrTrace(142)) - 1c036820-4dbe-4abe-80fb-5ca88de5e2f0@group-C626CE820278-LeaderElection110 got exception when requesting votes: java.util.concurrent.ExecutionException: org.apache.ratis.thirdparty.io.grpc.StatusRuntimeException: UNAVAILABLE: io exception
2025-10-22 08:24:48,120 [1c036820-4dbe-4abe-80fb-5ca88de5e2f0@group-C626CE820278-LeaderElection110] INFO  impl.LeaderElection (LeaderElection.java:logAndReturn(206)) - 1c036820-4dbe-4abe-80fb-5ca88de5e2f0@group-C626CE820278-LeaderElection110: PRE_VOTE REJECTED received 0 response(s) and 2 exception(s):
2025-10-22 08:24:48,120 [1c036820-4dbe-4abe-80fb-5ca88de5e2f0@group-C626CE820278-LeaderElection110] INFO  impl.LeaderElection (LogUtils.java:infoOrTrace(142)) -   Exception 0: java.util.concurrent.ExecutionException: org.apache.ratis.thirdparty.io.grpc.StatusRuntimeException: UNAVAILABLE: io exception
2025-10-22 08:24:48,120 [1c036820-4dbe-4abe-80fb-5ca88de5e2f0@group-C626CE820278-LeaderElection110] INFO  impl.LeaderElection (LogUtils.java:infoOrTrace(142)) -   Exception 1: java.util.concurrent.ExecutionException: org.apache.ratis.thirdparty.io.grpc.StatusRuntimeException: UNAVAILABLE: io exception
2025-10-22 08:24:48,120 [1c036820-4dbe-4abe-80fb-5ca88de5e2f0@group-C626CE820278-LeaderElection110] INFO  impl.LeaderElection (LeaderElection.java:askForVotes(450)) - 1c036820-4dbe-4abe-80fb-5ca88de5e2f0@group-C626CE820278-LeaderElection110 PRE_VOTE round 0: result REJECTED
2025-10-22 08:24:48,120 [1c036820-4dbe-4abe-80fb-5ca88de5e2f0@group-C626CE820278-LeaderElection110] INFO  server.RaftServer$Division (RaftServerImpl.java:setRole(392)) - 1c036820-4dbe-4abe-80fb-5ca88de5e2f0@group-C626CE820278: changes role from CANDIDATE to FOLLOWER at term 1 for REJECTED
2025-10-22 08:24:48,120 [1c036820-4dbe-4abe-80fb-5ca88de5e2f0@group-C626CE820278-LeaderElection110] INFO  impl.RoleInfo (RoleInfo.java:shutdownLeaderElection(141)) - 1c036820-4dbe-4abe-80fb-5ca88de5e2f0: shutdown 1c036820-4dbe-4abe-80fb-5ca88de5e2f0@group-C626CE820278-LeaderElection110
2025-10-22 08:24:48,120 [1c036820-4dbe-4abe-80fb-5ca88de5e2f0@group-C626CE820278-LeaderElection110] INFO  impl.RoleInfo (RoleInfo.java:updateAndGet(148)) - 1c036820-4dbe-4abe-80fb-5ca88de5e2f0: start 1c036820-4dbe-4abe-80fb-5ca88de5e2f0@group-C626CE820278-FollowerState
2025-10-22 08:24:48,361 [1c036820-4dbe-4abe-80fb-5ca88de5e2f0@group-5E2F154B5BDB-FollowerState] INFO  impl.FollowerState (FollowerState.java:runImpl(161)) - 1c036820-4dbe-4abe-80fb-5ca88de5e2f0@group-5E2F154B5BDB-FollowerState: change to CANDIDATE, lastRpcElapsedTime:1024301395ns, electionTimeout:1024ms
2025-10-22 08:24:48,361 [1c036820-4dbe-4abe-80fb-5ca88de5e2f0@group-5E2F154B5BDB-FollowerState] INFO  impl.RoleInfo (RoleInfo.java:shutdownFollowerState(121)) - 1c036820-4dbe-4abe-80fb-5ca88de5e2f0: shutdown 1c036820-4dbe-4abe-80fb-5ca88de5e2f0@group-5E2F154B5BDB-FollowerState
2025-10-22 08:24:48,361 [1c036820-4dbe-4abe-80fb-5ca88de5e2f0@group-5E2F154B5BDB-FollowerState] INFO  server.RaftServer$Division (RaftServerImpl.java:setRole(392)) - 1c036820-4dbe-4abe-80fb-5ca88de5e2f0@group-5E2F154B5BDB: changes role from  FOLLOWER to CANDIDATE at term 2 for changeToCandidate
2025-10-22 08:24:48,361 [1c036820-4dbe-4abe-80fb-5ca88de5e2f0@group-5E2F154B5BDB-FollowerState] INFO  impl.RoleInfo (RoleInfo.java:updateAndGet(148)) - 1c036820-4dbe-4abe-80fb-5ca88de5e2f0: start 1c036820-4dbe-4abe-80fb-5ca88de5e2f0@group-5E2F154B5BDB-LeaderElection111
2025-10-22 08:24:48,362 [1c036820-4dbe-4abe-80fb-5ca88de5e2f0@group-5E2F154B5BDB-LeaderElection111] INFO  impl.LeaderElection (LeaderElection.java:askForVotes(448)) - 1c036820-4dbe-4abe-80fb-5ca88de5e2f0@group-5E2F154B5BDB-LeaderElection111 PRE_VOTE round 0: submit vote requests at term 2 for conf: {index: 1, cur=peers:[4d8a2798-959e-416b-b534-19c13b55a760|127.0.0.1:15023, 1c036820-4dbe-4abe-80fb-5ca88de5e2f0|127.0.0.1:15015, 40df8fc4-149d-40c0-897d-2844034d8141|127.0.0.1:15031]|listeners:[], old=null}
2025-10-22 08:24:48,362 [1c036820-4dbe-4abe-80fb-5ca88de5e2f0@group-5E2F154B5BDB-LeaderElection111] INFO  impl.LeaderElection (LogUtils.java:infoOrTrace(142)) - 1c036820-4dbe-4abe-80fb-5ca88de5e2f0@group-5E2F154B5BDB-LeaderElection111 got exception when requesting votes: java.util.concurrent.ExecutionException: org.apache.ratis.thirdparty.io.grpc.StatusRuntimeException: UNAVAILABLE: io exception
2025-10-22 08:24:48,362 [1c036820-4dbe-4abe-80fb-5ca88de5e2f0@group-5E2F154B5BDB-LeaderElection111] INFO  impl.LeaderElection (LogUtils.java:infoOrTrace(142)) - 1c036820-4dbe-4abe-80fb-5ca88de5e2f0@group-5E2F154B5BDB-LeaderElection111 got exception when requesting votes: java.util.concurrent.ExecutionException: org.apache.ratis.thirdparty.io.grpc.StatusRuntimeException: UNAVAILABLE: io exception
2025-10-22 08:24:48,362 [1c036820-4dbe-4abe-80fb-5ca88de5e2f0@group-5E2F154B5BDB-LeaderElection111] INFO  impl.LeaderElection (LeaderElection.java:logAndReturn(206)) - 1c036820-4dbe-4abe-80fb-5ca88de5e2f0@group-5E2F154B5BDB-LeaderElection111: PRE_VOTE REJECTED received 0 response(s) and 2 exception(s):
2025-10-22 08:24:48,362 [1c036820-4dbe-4abe-80fb-5ca88de5e2f0@group-5E2F154B5BDB-LeaderElection111] INFO  impl.LeaderElection (LogUtils.java:infoOrTrace(142)) -   Exception 0: java.util.concurrent.ExecutionException: org.apache.ratis.thirdparty.io.grpc.StatusRuntimeException: UNAVAILABLE: io exception
2025-10-22 08:24:48,362 [1c036820-4dbe-4abe-80fb-5ca88de5e2f0@group-5E2F154B5BDB-LeaderElection111] INFO  impl.LeaderElection (LogUtils.java:infoOrTrace(142)) -   Exception 1: java.util.concurrent.ExecutionException: org.apache.ratis.thirdparty.io.grpc.StatusRuntimeException: UNAVAILABLE: io exception
2025-10-22 08:24:48,362 [1c036820-4dbe-4abe-80fb-5ca88de5e2f0@group-5E2F154B5BDB-LeaderElection111] INFO  impl.LeaderElection (LeaderElection.java:askForVotes(450)) - 1c036820-4dbe-4abe-80fb-5ca88de5e2f0@group-5E2F154B5BDB-LeaderElection111 PRE_VOTE round 0: result REJECTED
2025-10-22 08:24:48,363 [1c036820-4dbe-4abe-80fb-5ca88de5e2f0@group-5E2F154B5BDB-LeaderElection111] INFO  server.RaftServer$Division (RaftServerImpl.java:setRole(392)) - 1c036820-4dbe-4abe-80fb-5ca88de5e2f0@group-5E2F154B5BDB: changes role from CANDIDATE to FOLLOWER at term 2 for REJECTED
2025-10-22 08:24:48,363 [1c036820-4dbe-4abe-80fb-5ca88de5e2f0@group-5E2F154B5BDB-LeaderElection111] INFO  impl.RoleInfo (RoleInfo.java:shutdownLeaderElection(141)) - 1c036820-4dbe-4abe-80fb-5ca88de5e2f0: shutdown 1c036820-4dbe-4abe-80fb-5ca88de5e2f0@group-5E2F154B5BDB-LeaderElection111
2025-10-22 08:24:48,363 [1c036820-4dbe-4abe-80fb-5ca88de5e2f0@group-5E2F154B5BDB-LeaderElection111] INFO  impl.RoleInfo (RoleInfo.java:updateAndGet(148)) - 1c036820-4dbe-4abe-80fb-5ca88de5e2f0: start 1c036820-4dbe-4abe-80fb-5ca88de5e2f0@group-5E2F154B5BDB-FollowerState
2025-10-22 08:24:49,259 [1c036820-4dbe-4abe-80fb-5ca88de5e2f0@group-C626CE820278-FollowerState] INFO  impl.FollowerState (FollowerState.java:runImpl(161)) - 1c036820-4dbe-4abe-80fb-5ca88de5e2f0@group-C626CE820278-FollowerState: change to CANDIDATE, lastRpcElapsedTime:1139308297ns, electionTimeout:1139ms
2025-10-22 08:24:49,260 [1c036820-4dbe-4abe-80fb-5ca88de5e2f0@group-C626CE820278-FollowerState] INFO  impl.RoleInfo (RoleInfo.java:shutdownFollowerState(121)) - 1c036820-4dbe-4abe-80fb-5ca88de5e2f0: shutdown 1c036820-4dbe-4abe-80fb-5ca88de5e2f0@group-C626CE820278-FollowerState
2025-10-22 08:24:49,260 [1c036820-4dbe-4abe-80fb-5ca88de5e2f0@group-C626CE820278-FollowerState] INFO  server.RaftServer$Division (RaftServerImpl.java:setRole(392)) - 1c036820-4dbe-4abe-80fb-5ca88de5e2f0@group-C626CE820278: changes role from  FOLLOWER to CANDIDATE at term 1 for changeToCandidate
2025-10-22 08:24:49,260 [1c036820-4dbe-4abe-80fb-5ca88de5e2f0@group-C626CE820278-FollowerState] INFO  impl.RoleInfo (RoleInfo.java:updateAndGet(148)) - 1c036820-4dbe-4abe-80fb-5ca88de5e2f0: start 1c036820-4dbe-4abe-80fb-5ca88de5e2f0@group-C626CE820278-LeaderElection112
2025-10-22 08:24:49,260 [1c036820-4dbe-4abe-80fb-5ca88de5e2f0@group-C626CE820278-LeaderElection112] INFO  impl.LeaderElection (LeaderElection.java:askForVotes(448)) - 1c036820-4dbe-4abe-80fb-5ca88de5e2f0@group-C626CE820278-LeaderElection112 PRE_VOTE round 0: submit vote requests at term 1 for conf: {index: 0, cur=peers:[4d8a2798-959e-416b-b534-19c13b55a760|127.0.0.1:15023, 1c036820-4dbe-4abe-80fb-5ca88de5e2f0|127.0.0.1:15015, 40df8fc4-149d-40c0-897d-2844034d8141|127.0.0.1:15031]|listeners:[], old=null}
2025-10-22 08:24:49,261 [1c036820-4dbe-4abe-80fb-5ca88de5e2f0@group-C626CE820278-LeaderElection112] INFO  impl.LeaderElection (LogUtils.java:infoOrTrace(142)) - 1c036820-4dbe-4abe-80fb-5ca88de5e2f0@group-C626CE820278-LeaderElection112 got exception when requesting votes: java.util.concurrent.ExecutionException: org.apache.ratis.thirdparty.io.grpc.StatusRuntimeException: UNAVAILABLE: io exception
2025-10-22 08:24:49,261 [1c036820-4dbe-4abe-80fb-5ca88de5e2f0@group-C626CE820278-LeaderElection112] INFO  impl.LeaderElection (LogUtils.java:infoOrTrace(142)) - 1c036820-4dbe-4abe-80fb-5ca88de5e2f0@group-C626CE820278-LeaderElection112 got exception when requesting votes: java.util.concurrent.ExecutionException: org.apache.ratis.thirdparty.io.grpc.StatusRuntimeException: UNAVAILABLE: io exception
2025-10-22 08:24:49,261 [1c036820-4dbe-4abe-80fb-5ca88de5e2f0@group-C626CE820278-LeaderElection112] INFO  impl.LeaderElection (LeaderElection.java:logAndReturn(206)) - 1c036820-4dbe-4abe-80fb-5ca88de5e2f0@group-C626CE820278-LeaderElection112: PRE_VOTE REJECTED received 0 response(s) and 2 exception(s):
2025-10-22 08:24:49,261 [1c036820-4dbe-4abe-80fb-5ca88de5e2f0@group-C626CE820278-LeaderElection112] INFO  impl.LeaderElection (LogUtils.java:infoOrTrace(142)) -   Exception 0: java.util.concurrent.ExecutionException: org.apache.ratis.thirdparty.io.grpc.StatusRuntimeException: UNAVAILABLE: io exception
2025-10-22 08:24:49,261 [1c036820-4dbe-4abe-80fb-5ca88de5e2f0@group-C626CE820278-LeaderElection112] INFO  impl.LeaderElection (LogUtils.java:infoOrTrace(142)) -   Exception 1: java.util.concurrent.ExecutionException: org.apache.ratis.thirdparty.io.grpc.StatusRuntimeException: UNAVAILABLE: io exception
2025-10-22 08:24:49,261 [1c036820-4dbe-4abe-80fb-5ca88de5e2f0@group-C626CE820278-LeaderElection112] INFO  impl.LeaderElection (LeaderElection.java:askForVotes(450)) - 1c036820-4dbe-4abe-80fb-5ca88de5e2f0@group-C626CE820278-LeaderElection112 PRE_VOTE round 0: result REJECTED
2025-10-22 08:24:49,261 [1c036820-4dbe-4abe-80fb-5ca88de5e2f0@group-C626CE820278-LeaderElection112] INFO  server.RaftServer$Division (RaftServerImpl.java:setRole(392)) - 1c036820-4dbe-4abe-80fb-5ca88de5e2f0@group-C626CE820278: changes role from CANDIDATE to FOLLOWER at term 1 for REJECTED
2025-10-22 08:24:49,261 [1c036820-4dbe-4abe-80fb-5ca88de5e2f0@group-C626CE820278-LeaderElection112] INFO  impl.RoleInfo (RoleInfo.java:shutdownLeaderElection(141)) - 1c036820-4dbe-4abe-80fb-5ca88de5e2f0: shutdown 1c036820-4dbe-4abe-80fb-5ca88de5e2f0@group-C626CE820278-LeaderElection112
2025-10-22 08:24:49,261 [1c036820-4dbe-4abe-80fb-5ca88de5e2f0@group-C626CE820278-LeaderElection112] INFO  impl.RoleInfo (RoleInfo.java:updateAndGet(148)) - 1c036820-4dbe-4abe-80fb-5ca88de5e2f0: start 1c036820-4dbe-4abe-80fb-5ca88de5e2f0@group-C626CE820278-FollowerState
2025-10-22 08:24:49,497 [1c036820-4dbe-4abe-80fb-5ca88de5e2f0@group-5E2F154B5BDB-FollowerState] INFO  impl.FollowerState (FollowerState.java:runImpl(161)) - 1c036820-4dbe-4abe-80fb-5ca88de5e2f0@group-5E2F154B5BDB-FollowerState: change to CANDIDATE, lastRpcElapsedTime:1134313658ns, electionTimeout:1134ms
2025-10-22 08:24:49,497 [1c036820-4dbe-4abe-80fb-5ca88de5e2f0@group-5E2F154B5BDB-FollowerState] INFO  impl.RoleInfo (RoleInfo.java:shutdownFollowerState(121)) - 1c036820-4dbe-4abe-80fb-5ca88de5e2f0: shutdown 1c036820-4dbe-4abe-80fb-5ca88de5e2f0@group-5E2F154B5BDB-FollowerState
2025-10-22 08:24:49,497 [1c036820-4dbe-4abe-80fb-5ca88de5e2f0@group-5E2F154B5BDB-FollowerState] INFO  server.RaftServer$Division (RaftServerImpl.java:setRole(392)) - 1c036820-4dbe-4abe-80fb-5ca88de5e2f0@group-5E2F154B5BDB: changes role from  FOLLOWER to CANDIDATE at term 2 for changeToCandidate
2025-10-22 08:24:49,497 [1c036820-4dbe-4abe-80fb-5ca88de5e2f0@group-5E2F154B5BDB-FollowerState] INFO  impl.RoleInfo (RoleInfo.java:updateAndGet(148)) - 1c036820-4dbe-4abe-80fb-5ca88de5e2f0: start 1c036820-4dbe-4abe-80fb-5ca88de5e2f0@group-5E2F154B5BDB-LeaderElection113
2025-10-22 08:24:49,498 [1c036820-4dbe-4abe-80fb-5ca88de5e2f0@group-5E2F154B5BDB-LeaderElection113] INFO  impl.LeaderElection (LeaderElection.java:askForVotes(448)) - 1c036820-4dbe-4abe-80fb-5ca88de5e2f0@group-5E2F154B5BDB-LeaderElection113 PRE_VOTE round 0: submit vote requests at term 2 for conf: {index: 1, cur=peers:[4d8a2798-959e-416b-b534-19c13b55a760|127.0.0.1:15023, 1c036820-4dbe-4abe-80fb-5ca88de5e2f0|127.0.0.1:15015, 40df8fc4-149d-40c0-897d-2844034d8141|127.0.0.1:15031]|listeners:[], old=null}
2025-10-22 08:24:49,498 [1c036820-4dbe-4abe-80fb-5ca88de5e2f0@group-5E2F154B5BDB-LeaderElection113] INFO  impl.LeaderElection (LogUtils.java:infoOrTrace(142)) - 1c036820-4dbe-4abe-80fb-5ca88de5e2f0@group-5E2F154B5BDB-LeaderElection113 got exception when requesting votes: java.util.concurrent.ExecutionException: org.apache.ratis.thirdparty.io.grpc.StatusRuntimeException: UNAVAILABLE: io exception
2025-10-22 08:24:49,498 [1c036820-4dbe-4abe-80fb-5ca88de5e2f0@group-5E2F154B5BDB-LeaderElection113] INFO  impl.LeaderElection (LogUtils.java:infoOrTrace(142)) - 1c036820-4dbe-4abe-80fb-5ca88de5e2f0@group-5E2F154B5BDB-LeaderElection113 got exception when requesting votes: java.util.concurrent.ExecutionException: org.apache.ratis.thirdparty.io.grpc.StatusRuntimeException: UNAVAILABLE: io exception
2025-10-22 08:24:49,498 [1c036820-4dbe-4abe-80fb-5ca88de5e2f0@group-5E2F154B5BDB-LeaderElection113] INFO  impl.LeaderElection (LeaderElection.java:logAndReturn(206)) - 1c036820-4dbe-4abe-80fb-5ca88de5e2f0@group-5E2F154B5BDB-LeaderElection113: PRE_VOTE REJECTED received 0 response(s) and 2 exception(s):
2025-10-22 08:24:49,498 [1c036820-4dbe-4abe-80fb-5ca88de5e2f0@group-5E2F154B5BDB-LeaderElection113] INFO  impl.LeaderElection (LogUtils.java:infoOrTrace(142)) -   Exception 0: java.util.concurrent.ExecutionException: org.apache.ratis.thirdparty.io.grpc.StatusRuntimeException: UNAVAILABLE: io exception
2025-10-22 08:24:49,498 [1c036820-4dbe-4abe-80fb-5ca88de5e2f0@group-5E2F154B5BDB-LeaderElection113] INFO  impl.LeaderElection (LogUtils.java:infoOrTrace(142)) -   Exception 1: java.util.concurrent.ExecutionException: org.apache.ratis.thirdparty.io.grpc.StatusRuntimeException: UNAVAILABLE: io exception
2025-10-22 08:24:49,498 [1c036820-4dbe-4abe-80fb-5ca88de5e2f0@group-5E2F154B5BDB-LeaderElection113] INFO  impl.LeaderElection (LeaderElection.java:askForVotes(450)) - 1c036820-4dbe-4abe-80fb-5ca88de5e2f0@group-5E2F154B5BDB-LeaderElection113 PRE_VOTE round 0: result REJECTED
2025-10-22 08:24:49,499 [1c036820-4dbe-4abe-80fb-5ca88de5e2f0@group-5E2F154B5BDB-LeaderElection113] INFO  server.RaftServer$Division (RaftServerImpl.java:setRole(392)) - 1c036820-4dbe-4abe-80fb-5ca88de5e2f0@group-5E2F154B5BDB: changes role from CANDIDATE to FOLLOWER at term 2 for REJECTED
2025-10-22 08:24:49,499 [1c036820-4dbe-4abe-80fb-5ca88de5e2f0@group-5E2F154B5BDB-LeaderElection113] INFO  impl.RoleInfo (RoleInfo.java:shutdownLeaderElection(141)) - 1c036820-4dbe-4abe-80fb-5ca88de5e2f0: shutdown 1c036820-4dbe-4abe-80fb-5ca88de5e2f0@group-5E2F154B5BDB-LeaderElection113
2025-10-22 08:24:49,499 [1c036820-4dbe-4abe-80fb-5ca88de5e2f0@group-5E2F154B5BDB-LeaderElection113] INFO  impl.RoleInfo (RoleInfo.java:updateAndGet(148)) - 1c036820-4dbe-4abe-80fb-5ca88de5e2f0: start 1c036820-4dbe-4abe-80fb-5ca88de5e2f0@group-5E2F154B5BDB-FollowerState
2025-10-22 08:24:50,280 [1c036820-4dbe-4abe-80fb-5ca88de5e2f0@group-C626CE820278-FollowerState] INFO  impl.FollowerState (FollowerState.java:runImpl(161)) - 1c036820-4dbe-4abe-80fb-5ca88de5e2f0@group-C626CE820278-FollowerState: change to CANDIDATE, lastRpcElapsedTime:1018455516ns, electionTimeout:1018ms
2025-10-22 08:24:50,280 [1c036820-4dbe-4abe-80fb-5ca88de5e2f0@group-C626CE820278-FollowerState] INFO  impl.RoleInfo (RoleInfo.java:shutdownFollowerState(121)) - 1c036820-4dbe-4abe-80fb-5ca88de5e2f0: shutdown 1c036820-4dbe-4abe-80fb-5ca88de5e2f0@group-C626CE820278-FollowerState
2025-10-22 08:24:50,280 [1c036820-4dbe-4abe-80fb-5ca88de5e2f0@group-C626CE820278-FollowerState] INFO  server.RaftServer$Division (RaftServerImpl.java:setRole(392)) - 1c036820-4dbe-4abe-80fb-5ca88de5e2f0@group-C626CE820278: changes role from  FOLLOWER to CANDIDATE at term 1 for changeToCandidate
2025-10-22 08:24:50,280 [1c036820-4dbe-4abe-80fb-5ca88de5e2f0@group-C626CE820278-FollowerState] INFO  impl.RoleInfo (RoleInfo.java:updateAndGet(148)) - 1c036820-4dbe-4abe-80fb-5ca88de5e2f0: start 1c036820-4dbe-4abe-80fb-5ca88de5e2f0@group-C626CE820278-LeaderElection114
2025-10-22 08:24:50,280 [1c036820-4dbe-4abe-80fb-5ca88de5e2f0@group-C626CE820278-LeaderElection114] INFO  impl.LeaderElection (LeaderElection.java:askForVotes(448)) - 1c036820-4dbe-4abe-80fb-5ca88de5e2f0@group-C626CE820278-LeaderElection114 PRE_VOTE round 0: submit vote requests at term 1 for conf: {index: 0, cur=peers:[4d8a2798-959e-416b-b534-19c13b55a760|127.0.0.1:15023, 1c036820-4dbe-4abe-80fb-5ca88de5e2f0|127.0.0.1:15015, 40df8fc4-149d-40c0-897d-2844034d8141|127.0.0.1:15031]|listeners:[], old=null}
2025-10-22 08:24:50,281 [1c036820-4dbe-4abe-80fb-5ca88de5e2f0@group-C626CE820278-LeaderElection114] INFO  impl.LeaderElection (LogUtils.java:infoOrTrace(142)) - 1c036820-4dbe-4abe-80fb-5ca88de5e2f0@group-C626CE820278-LeaderElection114 got exception when requesting votes: java.util.concurrent.ExecutionException: org.apache.ratis.thirdparty.io.grpc.StatusRuntimeException: UNAVAILABLE: io exception
2025-10-22 08:24:50,281 [1c036820-4dbe-4abe-80fb-5ca88de5e2f0@group-C626CE820278-LeaderElection114] INFO  impl.LeaderElection (LogUtils.java:infoOrTrace(142)) - 1c036820-4dbe-4abe-80fb-5ca88de5e2f0@group-C626CE820278-LeaderElection114 got exception when requesting votes: java.util.concurrent.ExecutionException: org.apache.ratis.thirdparty.io.grpc.StatusRuntimeException: UNAVAILABLE: io exception
2025-10-22 08:24:50,281 [1c036820-4dbe-4abe-80fb-5ca88de5e2f0@group-C626CE820278-LeaderElection114] INFO  impl.LeaderElection (LeaderElection.java:logAndReturn(206)) - 1c036820-4dbe-4abe-80fb-5ca88de5e2f0@group-C626CE820278-LeaderElection114: PRE_VOTE REJECTED received 0 response(s) and 2 exception(s):
2025-10-22 08:24:50,281 [1c036820-4dbe-4abe-80fb-5ca88de5e2f0@group-C626CE820278-LeaderElection114] INFO  impl.LeaderElection (LogUtils.java:infoOrTrace(142)) -   Exception 0: java.util.concurrent.ExecutionException: org.apache.ratis.thirdparty.io.grpc.StatusRuntimeException: UNAVAILABLE: io exception
2025-10-22 08:24:50,281 [1c036820-4dbe-4abe-80fb-5ca88de5e2f0@group-C626CE820278-LeaderElection114] INFO  impl.LeaderElection (LogUtils.java:infoOrTrace(142)) -   Exception 1: java.util.concurrent.ExecutionException: org.apache.ratis.thirdparty.io.grpc.StatusRuntimeException: UNAVAILABLE: io exception
2025-10-22 08:24:50,281 [1c036820-4dbe-4abe-80fb-5ca88de5e2f0@group-C626CE820278-LeaderElection114] INFO  impl.LeaderElection (LeaderElection.java:askForVotes(450)) - 1c036820-4dbe-4abe-80fb-5ca88de5e2f0@group-C626CE820278-LeaderElection114 PRE_VOTE round 0: result REJECTED
2025-10-22 08:24:50,281 [1c036820-4dbe-4abe-80fb-5ca88de5e2f0@group-C626CE820278-LeaderElection114] INFO  server.RaftServer$Division (RaftServerImpl.java:setRole(392)) - 1c036820-4dbe-4abe-80fb-5ca88de5e2f0@group-C626CE820278: changes role from CANDIDATE to FOLLOWER at term 1 for REJECTED
2025-10-22 08:24:50,281 [1c036820-4dbe-4abe-80fb-5ca88de5e2f0@group-C626CE820278-LeaderElection114] INFO  impl.RoleInfo (RoleInfo.java:shutdownLeaderElection(141)) - 1c036820-4dbe-4abe-80fb-5ca88de5e2f0: shutdown 1c036820-4dbe-4abe-80fb-5ca88de5e2f0@group-C626CE820278-LeaderElection114
2025-10-22 08:24:50,281 [1c036820-4dbe-4abe-80fb-5ca88de5e2f0@group-C626CE820278-LeaderElection114] INFO  impl.RoleInfo (RoleInfo.java:updateAndGet(148)) - 1c036820-4dbe-4abe-80fb-5ca88de5e2f0: start 1c036820-4dbe-4abe-80fb-5ca88de5e2f0@group-C626CE820278-FollowerState
2025-10-22 08:24:50,578 [1c036820-4dbe-4abe-80fb-5ca88de5e2f0@group-5E2F154B5BDB-FollowerState] INFO  impl.FollowerState (FollowerState.java:runImpl(161)) - 1c036820-4dbe-4abe-80fb-5ca88de5e2f0@group-5E2F154B5BDB-FollowerState: change to CANDIDATE, lastRpcElapsedTime:1079315963ns, electionTimeout:1079ms
2025-10-22 08:24:50,578 [1c036820-4dbe-4abe-80fb-5ca88de5e2f0@group-5E2F154B5BDB-FollowerState] INFO  impl.RoleInfo (RoleInfo.java:shutdownFollowerState(121)) - 1c036820-4dbe-4abe-80fb-5ca88de5e2f0: shutdown 1c036820-4dbe-4abe-80fb-5ca88de5e2f0@group-5E2F154B5BDB-FollowerState
2025-10-22 08:24:50,578 [1c036820-4dbe-4abe-80fb-5ca88de5e2f0@group-5E2F154B5BDB-FollowerState] INFO  server.RaftServer$Division (RaftServerImpl.java:setRole(392)) - 1c036820-4dbe-4abe-80fb-5ca88de5e2f0@group-5E2F154B5BDB: changes role from  FOLLOWER to CANDIDATE at term 2 for changeToCandidate
2025-10-22 08:24:50,578 [1c036820-4dbe-4abe-80fb-5ca88de5e2f0@group-5E2F154B5BDB-FollowerState] INFO  impl.RoleInfo (RoleInfo.java:updateAndGet(148)) - 1c036820-4dbe-4abe-80fb-5ca88de5e2f0: start 1c036820-4dbe-4abe-80fb-5ca88de5e2f0@group-5E2F154B5BDB-LeaderElection115
2025-10-22 08:24:50,579 [1c036820-4dbe-4abe-80fb-5ca88de5e2f0@group-5E2F154B5BDB-LeaderElection115] INFO  impl.LeaderElection (LeaderElection.java:askForVotes(448)) - 1c036820-4dbe-4abe-80fb-5ca88de5e2f0@group-5E2F154B5BDB-LeaderElection115 PRE_VOTE round 0: submit vote requests at term 2 for conf: {index: 1, cur=peers:[4d8a2798-959e-416b-b534-19c13b55a760|127.0.0.1:15023, 1c036820-4dbe-4abe-80fb-5ca88de5e2f0|127.0.0.1:15015, 40df8fc4-149d-40c0-897d-2844034d8141|127.0.0.1:15031]|listeners:[], old=null}
2025-10-22 08:24:50,579 [1c036820-4dbe-4abe-80fb-5ca88de5e2f0@group-5E2F154B5BDB-LeaderElection115] INFO  impl.LeaderElection (LogUtils.java:infoOrTrace(142)) - 1c036820-4dbe-4abe-80fb-5ca88de5e2f0@group-5E2F154B5BDB-LeaderElection115 got exception when requesting votes: java.util.concurrent.ExecutionException: org.apache.ratis.thirdparty.io.grpc.StatusRuntimeException: UNAVAILABLE: io exception
2025-10-22 08:24:50,579 [1c036820-4dbe-4abe-80fb-5ca88de5e2f0@group-5E2F154B5BDB-LeaderElection115] INFO  impl.LeaderElection (LogUtils.java:infoOrTrace(142)) - 1c036820-4dbe-4abe-80fb-5ca88de5e2f0@group-5E2F154B5BDB-LeaderElection115 got exception when requesting votes: java.util.concurrent.ExecutionException: org.apache.ratis.thirdparty.io.grpc.StatusRuntimeException: UNAVAILABLE: io exception
2025-10-22 08:24:50,579 [1c036820-4dbe-4abe-80fb-5ca88de5e2f0@group-5E2F154B5BDB-LeaderElection115] INFO  impl.LeaderElection (LeaderElection.java:logAndReturn(206)) - 1c036820-4dbe-4abe-80fb-5ca88de5e2f0@group-5E2F154B5BDB-LeaderElection115: PRE_VOTE REJECTED received 0 response(s) and 2 exception(s):
2025-10-22 08:24:50,579 [1c036820-4dbe-4abe-80fb-5ca88de5e2f0@group-5E2F154B5BDB-LeaderElection115] INFO  impl.LeaderElection (LogUtils.java:infoOrTrace(142)) -   Exception 0: java.util.concurrent.ExecutionException: org.apache.ratis.thirdparty.io.grpc.StatusRuntimeException: UNAVAILABLE: io exception
2025-10-22 08:24:50,580 [1c036820-4dbe-4abe-80fb-5ca88de5e2f0@group-5E2F154B5BDB-LeaderElection115] INFO  impl.LeaderElection (LogUtils.java:infoOrTrace(142)) -   Exception 1: java.util.concurrent.ExecutionException: org.apache.ratis.thirdparty.io.grpc.StatusRuntimeException: UNAVAILABLE: io exception
2025-10-22 08:24:50,580 [1c036820-4dbe-4abe-80fb-5ca88de5e2f0@group-5E2F154B5BDB-LeaderElection115] INFO  impl.LeaderElection (LeaderElection.java:askForVotes(450)) - 1c036820-4dbe-4abe-80fb-5ca88de5e2f0@group-5E2F154B5BDB-LeaderElection115 PRE_VOTE round 0: result REJECTED
2025-10-22 08:24:50,580 [1c036820-4dbe-4abe-80fb-5ca88de5e2f0@group-5E2F154B5BDB-LeaderElection115] INFO  server.RaftServer$Division (RaftServerImpl.java:setRole(392)) - 1c036820-4dbe-4abe-80fb-5ca88de5e2f0@group-5E2F154B5BDB: changes role from CANDIDATE to FOLLOWER at term 2 for REJECTED
2025-10-22 08:24:50,580 [1c036820-4dbe-4abe-80fb-5ca88de5e2f0@group-5E2F154B5BDB-LeaderElection115] INFO  impl.RoleInfo (RoleInfo.java:shutdownLeaderElection(141)) - 1c036820-4dbe-4abe-80fb-5ca88de5e2f0: shutdown 1c036820-4dbe-4abe-80fb-5ca88de5e2f0@group-5E2F154B5BDB-LeaderElection115
2025-10-22 08:24:50,580 [1c036820-4dbe-4abe-80fb-5ca88de5e2f0@group-5E2F154B5BDB-LeaderElection115] INFO  impl.RoleInfo (RoleInfo.java:updateAndGet(148)) - 1c036820-4dbe-4abe-80fb-5ca88de5e2f0: start 1c036820-4dbe-4abe-80fb-5ca88de5e2f0@group-5E2F154B5BDB-FollowerState
2025-10-22 08:24:51,399 [1c036820-4dbe-4abe-80fb-5ca88de5e2f0@group-C626CE820278-FollowerState] INFO  impl.FollowerState (FollowerState.java:runImpl(161)) - 1c036820-4dbe-4abe-80fb-5ca88de5e2f0@group-C626CE820278-FollowerState: change to CANDIDATE, lastRpcElapsedTime:1117398761ns, electionTimeout:1117ms
2025-10-22 08:24:51,399 [1c036820-4dbe-4abe-80fb-5ca88de5e2f0@group-C626CE820278-FollowerState] INFO  impl.RoleInfo (RoleInfo.java:shutdownFollowerState(121)) - 1c036820-4dbe-4abe-80fb-5ca88de5e2f0: shutdown 1c036820-4dbe-4abe-80fb-5ca88de5e2f0@group-C626CE820278-FollowerState
2025-10-22 08:24:51,399 [1c036820-4dbe-4abe-80fb-5ca88de5e2f0@group-C626CE820278-FollowerState] INFO  server.RaftServer$Division (RaftServerImpl.java:setRole(392)) - 1c036820-4dbe-4abe-80fb-5ca88de5e2f0@group-C626CE820278: changes role from  FOLLOWER to CANDIDATE at term 1 for changeToCandidate
2025-10-22 08:24:51,399 [1c036820-4dbe-4abe-80fb-5ca88de5e2f0@group-C626CE820278-FollowerState] INFO  impl.RoleInfo (RoleInfo.java:updateAndGet(148)) - 1c036820-4dbe-4abe-80fb-5ca88de5e2f0: start 1c036820-4dbe-4abe-80fb-5ca88de5e2f0@group-C626CE820278-LeaderElection116
2025-10-22 08:24:51,400 [1c036820-4dbe-4abe-80fb-5ca88de5e2f0@group-C626CE820278-LeaderElection116] INFO  impl.LeaderElection (LeaderElection.java:askForVotes(448)) - 1c036820-4dbe-4abe-80fb-5ca88de5e2f0@group-C626CE820278-LeaderElection116 PRE_VOTE round 0: submit vote requests at term 1 for conf: {index: 0, cur=peers:[4d8a2798-959e-416b-b534-19c13b55a760|127.0.0.1:15023, 1c036820-4dbe-4abe-80fb-5ca88de5e2f0|127.0.0.1:15015, 40df8fc4-149d-40c0-897d-2844034d8141|127.0.0.1:15031]|listeners:[], old=null}
2025-10-22 08:24:51,400 [1c036820-4dbe-4abe-80fb-5ca88de5e2f0@group-C626CE820278-LeaderElection116] INFO  impl.LeaderElection (LogUtils.java:infoOrTrace(142)) - 1c036820-4dbe-4abe-80fb-5ca88de5e2f0@group-C626CE820278-LeaderElection116 got exception when requesting votes: java.util.concurrent.ExecutionException: org.apache.ratis.thirdparty.io.grpc.StatusRuntimeException: UNAVAILABLE: io exception
2025-10-22 08:24:51,400 [1c036820-4dbe-4abe-80fb-5ca88de5e2f0@group-C626CE820278-LeaderElection116] INFO  impl.LeaderElection (LogUtils.java:infoOrTrace(142)) - 1c036820-4dbe-4abe-80fb-5ca88de5e2f0@group-C626CE820278-LeaderElection116 got exception when requesting votes: java.util.concurrent.ExecutionException: org.apache.ratis.thirdparty.io.grpc.StatusRuntimeException: UNAVAILABLE: io exception
2025-10-22 08:24:51,400 [1c036820-4dbe-4abe-80fb-5ca88de5e2f0@group-C626CE820278-LeaderElection116] INFO  impl.LeaderElection (LeaderElection.java:logAndReturn(206)) - 1c036820-4dbe-4abe-80fb-5ca88de5e2f0@group-C626CE820278-LeaderElection116: PRE_VOTE REJECTED received 0 response(s) and 2 exception(s):
2025-10-22 08:24:51,400 [1c036820-4dbe-4abe-80fb-5ca88de5e2f0@group-C626CE820278-LeaderElection116] INFO  impl.LeaderElection (LogUtils.java:infoOrTrace(142)) -   Exception 0: java.util.concurrent.ExecutionException: org.apache.ratis.thirdparty.io.grpc.StatusRuntimeException: UNAVAILABLE: io exception
2025-10-22 08:24:51,400 [1c036820-4dbe-4abe-80fb-5ca88de5e2f0@group-C626CE820278-LeaderElection116] INFO  impl.LeaderElection (LogUtils.java:infoOrTrace(142)) -   Exception 1: java.util.concurrent.ExecutionException: org.apache.ratis.thirdparty.io.grpc.StatusRuntimeException: UNAVAILABLE: io exception
2025-10-22 08:24:51,401 [1c036820-4dbe-4abe-80fb-5ca88de5e2f0@group-C626CE820278-LeaderElection116] INFO  impl.LeaderElection (LeaderElection.java:askForVotes(450)) - 1c036820-4dbe-4abe-80fb-5ca88de5e2f0@group-C626CE820278-LeaderElection116 PRE_VOTE round 0: result REJECTED
2025-10-22 08:24:51,401 [1c036820-4dbe-4abe-80fb-5ca88de5e2f0@group-C626CE820278-LeaderElection116] INFO  server.RaftServer$Division (RaftServerImpl.java:setRole(392)) - 1c036820-4dbe-4abe-80fb-5ca88de5e2f0@group-C626CE820278: changes role from CANDIDATE to FOLLOWER at term 1 for REJECTED
2025-10-22 08:24:51,401 [1c036820-4dbe-4abe-80fb-5ca88de5e2f0@group-C626CE820278-LeaderElection116] INFO  impl.RoleInfo (RoleInfo.java:shutdownLeaderElection(141)) - 1c036820-4dbe-4abe-80fb-5ca88de5e2f0: shutdown 1c036820-4dbe-4abe-80fb-5ca88de5e2f0@group-C626CE820278-LeaderElection116
2025-10-22 08:24:51,401 [1c036820-4dbe-4abe-80fb-5ca88de5e2f0@group-C626CE820278-LeaderElection116] INFO  impl.RoleInfo (RoleInfo.java:updateAndGet(148)) - 1c036820-4dbe-4abe-80fb-5ca88de5e2f0: start 1c036820-4dbe-4abe-80fb-5ca88de5e2f0@group-C626CE820278-FollowerState
2025-10-22 08:24:51,730 [1c036820-4dbe-4abe-80fb-5ca88de5e2f0@group-5E2F154B5BDB-FollowerState] INFO  impl.FollowerState (FollowerState.java:runImpl(161)) - 1c036820-4dbe-4abe-80fb-5ca88de5e2f0@group-5E2F154B5BDB-FollowerState: change to CANDIDATE, lastRpcElapsedTime:1150394468ns, electionTimeout:1150ms
2025-10-22 08:24:51,730 [1c036820-4dbe-4abe-80fb-5ca88de5e2f0@group-5E2F154B5BDB-FollowerState] INFO  impl.RoleInfo (RoleInfo.java:shutdownFollowerState(121)) - 1c036820-4dbe-4abe-80fb-5ca88de5e2f0: shutdown 1c036820-4dbe-4abe-80fb-5ca88de5e2f0@group-5E2F154B5BDB-FollowerState
2025-10-22 08:24:51,730 [1c036820-4dbe-4abe-80fb-5ca88de5e2f0@group-5E2F154B5BDB-FollowerState] INFO  server.RaftServer$Division (RaftServerImpl.java:setRole(392)) - 1c036820-4dbe-4abe-80fb-5ca88de5e2f0@group-5E2F154B5BDB: changes role from  FOLLOWER to CANDIDATE at term 2 for changeToCandidate
2025-10-22 08:24:51,731 [1c036820-4dbe-4abe-80fb-5ca88de5e2f0@group-5E2F154B5BDB-FollowerState] INFO  impl.RoleInfo (RoleInfo.java:updateAndGet(148)) - 1c036820-4dbe-4abe-80fb-5ca88de5e2f0: start 1c036820-4dbe-4abe-80fb-5ca88de5e2f0@group-5E2F154B5BDB-LeaderElection117
2025-10-22 08:24:51,731 [1c036820-4dbe-4abe-80fb-5ca88de5e2f0@group-5E2F154B5BDB-LeaderElection117] INFO  impl.LeaderElection (LeaderElection.java:askForVotes(448)) - 1c036820-4dbe-4abe-80fb-5ca88de5e2f0@group-5E2F154B5BDB-LeaderElection117 PRE_VOTE round 0: submit vote requests at term 2 for conf: {index: 1, cur=peers:[4d8a2798-959e-416b-b534-19c13b55a760|127.0.0.1:15023, 1c036820-4dbe-4abe-80fb-5ca88de5e2f0|127.0.0.1:15015, 40df8fc4-149d-40c0-897d-2844034d8141|127.0.0.1:15031]|listeners:[], old=null}
2025-10-22 08:24:51,732 [1c036820-4dbe-4abe-80fb-5ca88de5e2f0@group-5E2F154B5BDB-LeaderElection117] INFO  impl.LeaderElection (LogUtils.java:infoOrTrace(142)) - 1c036820-4dbe-4abe-80fb-5ca88de5e2f0@group-5E2F154B5BDB-LeaderElection117 got exception when requesting votes: java.util.concurrent.ExecutionException: org.apache.ratis.thirdparty.io.grpc.StatusRuntimeException: UNAVAILABLE: io exception
2025-10-22 08:24:51,732 [1c036820-4dbe-4abe-80fb-5ca88de5e2f0@group-5E2F154B5BDB-LeaderElection117] INFO  impl.LeaderElection (LogUtils.java:infoOrTrace(142)) - 1c036820-4dbe-4abe-80fb-5ca88de5e2f0@group-5E2F154B5BDB-LeaderElection117 got exception when requesting votes: java.util.concurrent.ExecutionException: org.apache.ratis.thirdparty.io.grpc.StatusRuntimeException: UNAVAILABLE: io exception
2025-10-22 08:24:51,732 [1c036820-4dbe-4abe-80fb-5ca88de5e2f0@group-5E2F154B5BDB-LeaderElection117] INFO  impl.LeaderElection (LeaderElection.java:logAndReturn(206)) - 1c036820-4dbe-4abe-80fb-5ca88de5e2f0@group-5E2F154B5BDB-LeaderElection117: PRE_VOTE REJECTED received 0 response(s) and 2 exception(s):
2025-10-22 08:24:51,732 [1c036820-4dbe-4abe-80fb-5ca88de5e2f0@group-5E2F154B5BDB-LeaderElection117] INFO  impl.LeaderElection (LogUtils.java:infoOrTrace(142)) -   Exception 0: java.util.concurrent.ExecutionException: org.apache.ratis.thirdparty.io.grpc.StatusRuntimeException: UNAVAILABLE: io exception
2025-10-22 08:24:51,732 [1c036820-4dbe-4abe-80fb-5ca88de5e2f0@group-5E2F154B5BDB-LeaderElection117] INFO  impl.LeaderElection (LogUtils.java:infoOrTrace(142)) -   Exception 1: java.util.concurrent.ExecutionException: org.apache.ratis.thirdparty.io.grpc.StatusRuntimeException: UNAVAILABLE: io exception
2025-10-22 08:24:51,732 [1c036820-4dbe-4abe-80fb-5ca88de5e2f0@group-5E2F154B5BDB-LeaderElection117] INFO  impl.LeaderElection (LeaderElection.java:askForVotes(450)) - 1c036820-4dbe-4abe-80fb-5ca88de5e2f0@group-5E2F154B5BDB-LeaderElection117 PRE_VOTE round 0: result REJECTED
2025-10-22 08:24:51,732 [1c036820-4dbe-4abe-80fb-5ca88de5e2f0@group-5E2F154B5BDB-LeaderElection117] INFO  server.RaftServer$Division (RaftServerImpl.java:setRole(392)) - 1c036820-4dbe-4abe-80fb-5ca88de5e2f0@group-5E2F154B5BDB: changes role from CANDIDATE to FOLLOWER at term 2 for REJECTED
2025-10-22 08:24:51,732 [1c036820-4dbe-4abe-80fb-5ca88de5e2f0@group-5E2F154B5BDB-LeaderElection117] INFO  impl.RoleInfo (RoleInfo.java:shutdownLeaderElection(141)) - 1c036820-4dbe-4abe-80fb-5ca88de5e2f0: shutdown 1c036820-4dbe-4abe-80fb-5ca88de5e2f0@group-5E2F154B5BDB-LeaderElection117
2025-10-22 08:24:51,732 [1c036820-4dbe-4abe-80fb-5ca88de5e2f0@group-5E2F154B5BDB-LeaderElection117] INFO  impl.RoleInfo (RoleInfo.java:updateAndGet(148)) - 1c036820-4dbe-4abe-80fb-5ca88de5e2f0: start 1c036820-4dbe-4abe-80fb-5ca88de5e2f0@group-5E2F154B5BDB-FollowerState
2025-10-22 08:24:52,162 [grpc-default-executor-0] ERROR impl.OrderedAsync (OrderedAsync.java:lambda$null$6(215)) -  client-E7D2C87CB263: Failed* RaftClientRequest:client-E7D2C87CB263->4d8a2798-959e-416b-b534-19c13b55a760@group-5E2F154B5BDB, cid=40, seq=1*, Watch(0), null
java.util.concurrent.CompletionException: java.io.IOException: org.apache.ratis.thirdparty.io.grpc.StatusRuntimeException: UNAVAILABLE: io exception
	at java.base/java.util.concurrent.CompletableFuture.encodeThrowable(CompletableFuture.java:332)
	at java.base/java.util.concurrent.CompletableFuture.completeThrowable(CompletableFuture.java:347)
	at java.base/java.util.concurrent.CompletableFuture$UniAccept.tryFire(CompletableFuture.java:708)
	at java.base/java.util.concurrent.CompletableFuture.postComplete(CompletableFuture.java:510)
	at java.base/java.util.concurrent.CompletableFuture.completeExceptionally(CompletableFuture.java:2194)
	at org.apache.ratis.grpc.client.GrpcClientProtocolClient$AsyncStreamObservers.completeReplyExceptionally(GrpcClientProtocolClient.java:397)
	at org.apache.ratis.grpc.client.GrpcClientProtocolClient$AsyncStreamObservers.access$000(GrpcClientProtocolClient.java:303)
	at org.apache.ratis.grpc.client.GrpcClientProtocolClient$AsyncStreamObservers$1.onError(GrpcClientProtocolClient.java:334)
	at org.apache.ratis.thirdparty.io.grpc.stub.ClientCalls$StreamObserverToCallListenerAdapter.onClose(ClientCalls.java:564)
	at org.apache.ratis.thirdparty.io.grpc.PartialForwardingClientCallListener.onClose(PartialForwardingClientCallListener.java:39)
	at org.apache.ratis.thirdparty.io.grpc.ForwardingClientCallListener.onClose(ForwardingClientCallListener.java:23)
	at org.apache.ratis.grpc.metrics.intercept.client.MetricClientCallListener.onClose(MetricClientCallListener.java:47)
	at org.apache.ratis.thirdparty.io.grpc.internal.ClientCallImpl.closeObserver(ClientCallImpl.java:565)
	at org.apache.ratis.thirdparty.io.grpc.internal.ClientCallImpl.access$100(ClientCallImpl.java:72)
	at org.apache.ratis.thirdparty.io.grpc.internal.ClientCallImpl$ClientStreamListenerImpl$1StreamClosed.runInternal(ClientCallImpl.java:733)
	at org.apache.ratis.thirdparty.io.grpc.internal.ClientCallImpl$ClientStreamListenerImpl$1StreamClosed.runInContext(ClientCallImpl.java:714)
	at org.apache.ratis.thirdparty.io.grpc.internal.ContextRunnable.run(ContextRunnable.java:37)
	at org.apache.ratis.thirdparty.io.grpc.internal.SerializingExecutor.run(SerializingExecutor.java:133)
	at java.base/java.util.concurrent.ThreadPoolExecutor.runWorker(ThreadPoolExecutor.java:1144)
	at java.base/java.util.concurrent.ThreadPoolExecutor$Worker.run(ThreadPoolExecutor.java:642)
	at java.base/java.lang.Thread.run(Thread.java:1583)
Caused by: java.io.IOException: org.apache.ratis.thirdparty.io.grpc.StatusRuntimeException: UNAVAILABLE: io exception
	at org.apache.ratis.grpc.GrpcUtil.unwrapException(GrpcUtil.java:99)
	at org.apache.ratis.grpc.GrpcUtil.unwrapIOException(GrpcUtil.java:159)
	at org.apache.ratis.grpc.client.GrpcClientProtocolClient$AsyncStreamObservers$1.onError(GrpcClientProtocolClient.java:333)
	... 13 more
Caused by: org.apache.ratis.thirdparty.io.grpc.StatusRuntimeException: UNAVAILABLE: io exception
	at org.apache.ratis.thirdparty.io.grpc.Status.asRuntimeException(Status.java:532)
	... 13 more
Caused by: org.apache.ratis.thirdparty.io.netty.channel.AbstractChannel$AnnotatedConnectException: finishConnect(..) failed: Connection refused: /127.0.0.1:15021
Caused by: java.net.ConnectException: finishConnect(..) failed: Connection refused
	at org.apache.ratis.thirdparty.io.netty.channel.unix.Errors.newConnectException0(Errors.java:166)
	at org.apache.ratis.thirdparty.io.netty.channel.unix.Errors.handleConnectErrno(Errors.java:131)
	at org.apache.ratis.thirdparty.io.netty.channel.unix.Socket.finishConnect(Socket.java:359)
	at org.apache.ratis.thirdparty.io.netty.channel.epoll.AbstractEpollChannel$AbstractEpollUnsafe.doFinishConnect(AbstractEpollChannel.java:715)
	at org.apache.ratis.thirdparty.io.netty.channel.epoll.AbstractEpollChannel$AbstractEpollUnsafe.finishConnect(AbstractEpollChannel.java:692)
	at org.apache.ratis.thirdparty.io.netty.channel.epoll.AbstractEpollChannel$AbstractEpollUnsafe.epollOutReady(AbstractEpollChannel.java:567)
	at org.apache.ratis.thirdparty.io.netty.channel.epoll.EpollEventLoop.processReady(EpollEventLoop.java:491)
	at org.apache.ratis.thirdparty.io.netty.channel.epoll.EpollEventLoop.run(EpollEventLoop.java:399)
	at org.apache.ratis.thirdparty.io.netty.util.concurrent.SingleThreadEventExecutor$4.run(SingleThreadEventExecutor.java:998)
	at org.apache.ratis.thirdparty.io.netty.util.internal.ThreadExecutorMap$2.run(ThreadExecutorMap.java:74)
	at org.apache.ratis.thirdparty.io.netty.util.concurrent.FastThreadLocalRunnable.run(FastThreadLocalRunnable.java:30)
	at java.base/java.lang.Thread.run(Thread.java:1583)
2025-10-22 08:24:52,459 [1c036820-4dbe-4abe-80fb-5ca88de5e2f0@group-C626CE820278-FollowerState] INFO  impl.FollowerState (FollowerState.java:runImpl(161)) - 1c036820-4dbe-4abe-80fb-5ca88de5e2f0@group-C626CE820278-FollowerState: change to CANDIDATE, lastRpcElapsedTime:1058326752ns, electionTimeout:1058ms
2025-10-22 08:24:52,459 [1c036820-4dbe-4abe-80fb-5ca88de5e2f0@group-C626CE820278-FollowerState] INFO  impl.RoleInfo (RoleInfo.java:shutdownFollowerState(121)) - 1c036820-4dbe-4abe-80fb-5ca88de5e2f0: shutdown 1c036820-4dbe-4abe-80fb-5ca88de5e2f0@group-C626CE820278-FollowerState
2025-10-22 08:24:52,459 [1c036820-4dbe-4abe-80fb-5ca88de5e2f0@group-C626CE820278-FollowerState] INFO  server.RaftServer$Division (RaftServerImpl.java:setRole(392)) - 1c036820-4dbe-4abe-80fb-5ca88de5e2f0@group-C626CE820278: changes role from  FOLLOWER to CANDIDATE at term 1 for changeToCandidate
2025-10-22 08:24:52,459 [1c036820-4dbe-4abe-80fb-5ca88de5e2f0@group-C626CE820278-FollowerState] INFO  impl.RoleInfo (RoleInfo.java:updateAndGet(148)) - 1c036820-4dbe-4abe-80fb-5ca88de5e2f0: start 1c036820-4dbe-4abe-80fb-5ca88de5e2f0@group-C626CE820278-LeaderElection118
2025-10-22 08:24:52,460 [1c036820-4dbe-4abe-80fb-5ca88de5e2f0@group-C626CE820278-LeaderElection118] INFO  impl.LeaderElection (LeaderElection.java:askForVotes(448)) - 1c036820-4dbe-4abe-80fb-5ca88de5e2f0@group-C626CE820278-LeaderElection118 PRE_VOTE round 0: submit vote requests at term 1 for conf: {index: 0, cur=peers:[4d8a2798-959e-416b-b534-19c13b55a760|127.0.0.1:15023, 1c036820-4dbe-4abe-80fb-5ca88de5e2f0|127.0.0.1:15015, 40df8fc4-149d-40c0-897d-2844034d8141|127.0.0.1:15031]|listeners:[], old=null}
2025-10-22 08:24:52,460 [1c036820-4dbe-4abe-80fb-5ca88de5e2f0@group-C626CE820278-LeaderElection118] INFO  impl.LeaderElection (LogUtils.java:infoOrTrace(142)) - 1c036820-4dbe-4abe-80fb-5ca88de5e2f0@group-C626CE820278-LeaderElection118 got exception when requesting votes: java.util.concurrent.ExecutionException: org.apache.ratis.thirdparty.io.grpc.StatusRuntimeException: UNAVAILABLE: io exception
2025-10-22 08:24:52,460 [1c036820-4dbe-4abe-80fb-5ca88de5e2f0@group-C626CE820278-LeaderElection118] INFO  impl.LeaderElection (LogUtils.java:infoOrTrace(142)) - 1c036820-4dbe-4abe-80fb-5ca88de5e2f0@group-C626CE820278-LeaderElection118 got exception when requesting votes: java.util.concurrent.ExecutionException: org.apache.ratis.thirdparty.io.grpc.StatusRuntimeException: UNAVAILABLE: io exception
2025-10-22 08:24:52,461 [1c036820-4dbe-4abe-80fb-5ca88de5e2f0@group-C626CE820278-LeaderElection118] INFO  impl.LeaderElection (LeaderElection.java:logAndReturn(206)) - 1c036820-4dbe-4abe-80fb-5ca88de5e2f0@group-C626CE820278-LeaderElection118: PRE_VOTE REJECTED received 0 response(s) and 2 exception(s):
2025-10-22 08:24:52,461 [1c036820-4dbe-4abe-80fb-5ca88de5e2f0@group-C626CE820278-LeaderElection118] INFO  impl.LeaderElection (LogUtils.java:infoOrTrace(142)) -   Exception 0: java.util.concurrent.ExecutionException: org.apache.ratis.thirdparty.io.grpc.StatusRuntimeException: UNAVAILABLE: io exception
2025-10-22 08:24:52,461 [1c036820-4dbe-4abe-80fb-5ca88de5e2f0@group-C626CE820278-LeaderElection118] INFO  impl.LeaderElection (LogUtils.java:infoOrTrace(142)) -   Exception 1: java.util.concurrent.ExecutionException: org.apache.ratis.thirdparty.io.grpc.StatusRuntimeException: UNAVAILABLE: io exception
2025-10-22 08:24:52,461 [1c036820-4dbe-4abe-80fb-5ca88de5e2f0@group-C626CE820278-LeaderElection118] INFO  impl.LeaderElection (LeaderElection.java:askForVotes(450)) - 1c036820-4dbe-4abe-80fb-5ca88de5e2f0@group-C626CE820278-LeaderElection118 PRE_VOTE round 0: result REJECTED
2025-10-22 08:24:52,461 [1c036820-4dbe-4abe-80fb-5ca88de5e2f0@group-C626CE820278-LeaderElection118] INFO  server.RaftServer$Division (RaftServerImpl.java:setRole(392)) - 1c036820-4dbe-4abe-80fb-5ca88de5e2f0@group-C626CE820278: changes role from CANDIDATE to FOLLOWER at term 1 for REJECTED
2025-10-22 08:24:52,461 [1c036820-4dbe-4abe-80fb-5ca88de5e2f0@group-C626CE820278-LeaderElection118] INFO  impl.RoleInfo (RoleInfo.java:shutdownLeaderElection(141)) - 1c036820-4dbe-4abe-80fb-5ca88de5e2f0: shutdown 1c036820-4dbe-4abe-80fb-5ca88de5e2f0@group-C626CE820278-LeaderElection118
2025-10-22 08:24:52,461 [1c036820-4dbe-4abe-80fb-5ca88de5e2f0@group-C626CE820278-LeaderElection118] INFO  impl.RoleInfo (RoleInfo.java:updateAndGet(148)) - 1c036820-4dbe-4abe-80fb-5ca88de5e2f0: start 1c036820-4dbe-4abe-80fb-5ca88de5e2f0@group-C626CE820278-FollowerState
2025-10-22 08:24:52,932 [1c036820-4dbe-4abe-80fb-5ca88de5e2f0@group-5E2F154B5BDB-FollowerState] INFO  impl.FollowerState (FollowerState.java:runImpl(161)) - 1c036820-4dbe-4abe-80fb-5ca88de5e2f0@group-5E2F154B5BDB-FollowerState: change to CANDIDATE, lastRpcElapsedTime:1200273470ns, electionTimeout:1200ms
2025-10-22 08:24:52,932 [1c036820-4dbe-4abe-80fb-5ca88de5e2f0@group-5E2F154B5BDB-FollowerState] INFO  impl.RoleInfo (RoleInfo.java:shutdownFollowerState(121)) - 1c036820-4dbe-4abe-80fb-5ca88de5e2f0: shutdown 1c036820-4dbe-4abe-80fb-5ca88de5e2f0@group-5E2F154B5BDB-FollowerState
2025-10-22 08:24:52,932 [1c036820-4dbe-4abe-80fb-5ca88de5e2f0@group-5E2F154B5BDB-FollowerState] INFO  server.RaftServer$Division (RaftServerImpl.java:setRole(392)) - 1c036820-4dbe-4abe-80fb-5ca88de5e2f0@group-5E2F154B5BDB: changes role from  FOLLOWER to CANDIDATE at term 2 for changeToCandidate
2025-10-22 08:24:52,933 [1c036820-4dbe-4abe-80fb-5ca88de5e2f0@group-5E2F154B5BDB-FollowerState] INFO  impl.RoleInfo (RoleInfo.java:updateAndGet(148)) - 1c036820-4dbe-4abe-80fb-5ca88de5e2f0: start 1c036820-4dbe-4abe-80fb-5ca88de5e2f0@group-5E2F154B5BDB-LeaderElection119
2025-10-22 08:24:52,933 [1c036820-4dbe-4abe-80fb-5ca88de5e2f0@group-5E2F154B5BDB-LeaderElection119] INFO  impl.LeaderElection (LeaderElection.java:askForVotes(448)) - 1c036820-4dbe-4abe-80fb-5ca88de5e2f0@group-5E2F154B5BDB-LeaderElection119 PRE_VOTE round 0: submit vote requests at term 2 for conf: {index: 1, cur=peers:[4d8a2798-959e-416b-b534-19c13b55a760|127.0.0.1:15023, 1c036820-4dbe-4abe-80fb-5ca88de5e2f0|127.0.0.1:15015, 40df8fc4-149d-40c0-897d-2844034d8141|127.0.0.1:15031]|listeners:[], old=null}
2025-10-22 08:24:52,934 [1c036820-4dbe-4abe-80fb-5ca88de5e2f0@group-5E2F154B5BDB-LeaderElection119] INFO  impl.LeaderElection (LogUtils.java:infoOrTrace(142)) - 1c036820-4dbe-4abe-80fb-5ca88de5e2f0@group-5E2F154B5BDB-LeaderElection119 got exception when requesting votes: java.util.concurrent.ExecutionException: org.apache.ratis.thirdparty.io.grpc.StatusRuntimeException: UNAVAILABLE: io exception
2025-10-22 08:24:52,934 [1c036820-4dbe-4abe-80fb-5ca88de5e2f0@group-5E2F154B5BDB-LeaderElection119] INFO  impl.LeaderElection (LogUtils.java:infoOrTrace(142)) - 1c036820-4dbe-4abe-80fb-5ca88de5e2f0@group-5E2F154B5BDB-LeaderElection119 got exception when requesting votes: java.util.concurrent.ExecutionException: org.apache.ratis.thirdparty.io.grpc.StatusRuntimeException: UNAVAILABLE: io exception
2025-10-22 08:24:52,934 [1c036820-4dbe-4abe-80fb-5ca88de5e2f0@group-5E2F154B5BDB-LeaderElection119] INFO  impl.LeaderElection (LeaderElection.java:logAndReturn(206)) - 1c036820-4dbe-4abe-80fb-5ca88de5e2f0@group-5E2F154B5BDB-LeaderElection119: PRE_VOTE REJECTED received 0 response(s) and 2 exception(s):
2025-10-22 08:24:52,934 [1c036820-4dbe-4abe-80fb-5ca88de5e2f0@group-5E2F154B5BDB-LeaderElection119] INFO  impl.LeaderElection (LogUtils.java:infoOrTrace(142)) -   Exception 0: java.util.concurrent.ExecutionException: org.apache.ratis.thirdparty.io.grpc.StatusRuntimeException: UNAVAILABLE: io exception
2025-10-22 08:24:52,934 [1c036820-4dbe-4abe-80fb-5ca88de5e2f0@group-5E2F154B5BDB-LeaderElection119] INFO  impl.LeaderElection (LogUtils.java:infoOrTrace(142)) -   Exception 1: java.util.concurrent.ExecutionException: org.apache.ratis.thirdparty.io.grpc.StatusRuntimeException: UNAVAILABLE: io exception
2025-10-22 08:24:52,934 [1c036820-4dbe-4abe-80fb-5ca88de5e2f0@group-5E2F154B5BDB-LeaderElection119] INFO  impl.LeaderElection (LeaderElection.java:askForVotes(450)) - 1c036820-4dbe-4abe-80fb-5ca88de5e2f0@group-5E2F154B5BDB-LeaderElection119 PRE_VOTE round 0: result REJECTED
2025-10-22 08:24:52,934 [1c036820-4dbe-4abe-80fb-5ca88de5e2f0@group-5E2F154B5BDB-LeaderElection119] INFO  server.RaftServer$Division (RaftServerImpl.java:setRole(392)) - 1c036820-4dbe-4abe-80fb-5ca88de5e2f0@group-5E2F154B5BDB: changes role from CANDIDATE to FOLLOWER at term 2 for REJECTED
2025-10-22 08:24:52,934 [1c036820-4dbe-4abe-80fb-5ca88de5e2f0@group-5E2F154B5BDB-LeaderElection119] INFO  impl.RoleInfo (RoleInfo.java:shutdownLeaderElection(141)) - 1c036820-4dbe-4abe-80fb-5ca88de5e2f0: shutdown 1c036820-4dbe-4abe-80fb-5ca88de5e2f0@group-5E2F154B5BDB-LeaderElection119
2025-10-22 08:24:52,934 [1c036820-4dbe-4abe-80fb-5ca88de5e2f0@group-5E2F154B5BDB-LeaderElection119] INFO  impl.RoleInfo (RoleInfo.java:updateAndGet(148)) - 1c036820-4dbe-4abe-80fb-5ca88de5e2f0: start 1c036820-4dbe-4abe-80fb-5ca88de5e2f0@group-5E2F154B5BDB-FollowerState
2025-10-22 08:24:53,551 [1c036820-4dbe-4abe-80fb-5ca88de5e2f0@group-C626CE820278-FollowerState] INFO  impl.FollowerState (FollowerState.java:runImpl(161)) - 1c036820-4dbe-4abe-80fb-5ca88de5e2f0@group-C626CE820278-FollowerState: change to CANDIDATE, lastRpcElapsedTime:1090305612ns, electionTimeout:1090ms
2025-10-22 08:24:53,551 [1c036820-4dbe-4abe-80fb-5ca88de5e2f0@group-C626CE820278-FollowerState] INFO  impl.RoleInfo (RoleInfo.java:shutdownFollowerState(121)) - 1c036820-4dbe-4abe-80fb-5ca88de5e2f0: shutdown 1c036820-4dbe-4abe-80fb-5ca88de5e2f0@group-C626CE820278-FollowerState
2025-10-22 08:24:53,551 [1c036820-4dbe-4abe-80fb-5ca88de5e2f0@group-C626CE820278-FollowerState] INFO  server.RaftServer$Division (RaftServerImpl.java:setRole(392)) - 1c036820-4dbe-4abe-80fb-5ca88de5e2f0@group-C626CE820278: changes role from  FOLLOWER to CANDIDATE at term 1 for changeToCandidate
2025-10-22 08:24:53,551 [1c036820-4dbe-4abe-80fb-5ca88de5e2f0@group-C626CE820278-FollowerState] INFO  impl.RoleInfo (RoleInfo.java:updateAndGet(148)) - 1c036820-4dbe-4abe-80fb-5ca88de5e2f0: start 1c036820-4dbe-4abe-80fb-5ca88de5e2f0@group-C626CE820278-LeaderElection120
2025-10-22 08:24:53,552 [1c036820-4dbe-4abe-80fb-5ca88de5e2f0@group-C626CE820278-LeaderElection120] INFO  impl.LeaderElection (LeaderElection.java:askForVotes(448)) - 1c036820-4dbe-4abe-80fb-5ca88de5e2f0@group-C626CE820278-LeaderElection120 PRE_VOTE round 0: submit vote requests at term 1 for conf: {index: 0, cur=peers:[4d8a2798-959e-416b-b534-19c13b55a760|127.0.0.1:15023, 1c036820-4dbe-4abe-80fb-5ca88de5e2f0|127.0.0.1:15015, 40df8fc4-149d-40c0-897d-2844034d8141|127.0.0.1:15031]|listeners:[], old=null}
2025-10-22 08:24:53,552 [1c036820-4dbe-4abe-80fb-5ca88de5e2f0@group-C626CE820278-LeaderElection120] INFO  impl.LeaderElection (LogUtils.java:infoOrTrace(142)) - 1c036820-4dbe-4abe-80fb-5ca88de5e2f0@group-C626CE820278-LeaderElection120 got exception when requesting votes: java.util.concurrent.ExecutionException: org.apache.ratis.thirdparty.io.grpc.StatusRuntimeException: UNAVAILABLE: io exception
2025-10-22 08:24:53,552 [1c036820-4dbe-4abe-80fb-5ca88de5e2f0@group-C626CE820278-LeaderElection120] INFO  impl.LeaderElection (LogUtils.java:infoOrTrace(142)) - 1c036820-4dbe-4abe-80fb-5ca88de5e2f0@group-C626CE820278-LeaderElection120 got exception when requesting votes: java.util.concurrent.ExecutionException: org.apache.ratis.thirdparty.io.grpc.StatusRuntimeException: UNAVAILABLE: io exception
2025-10-22 08:24:53,552 [1c036820-4dbe-4abe-80fb-5ca88de5e2f0@group-C626CE820278-LeaderElection120] INFO  impl.LeaderElection (LeaderElection.java:logAndReturn(206)) - 1c036820-4dbe-4abe-80fb-5ca88de5e2f0@group-C626CE820278-LeaderElection120: PRE_VOTE REJECTED received 0 response(s) and 2 exception(s):
2025-10-22 08:24:53,552 [1c036820-4dbe-4abe-80fb-5ca88de5e2f0@group-C626CE820278-LeaderElection120] INFO  impl.LeaderElection (LogUtils.java:infoOrTrace(142)) -   Exception 0: java.util.concurrent.ExecutionException: org.apache.ratis.thirdparty.io.grpc.StatusRuntimeException: UNAVAILABLE: io exception
2025-10-22 08:24:53,553 [1c036820-4dbe-4abe-80fb-5ca88de5e2f0@group-C626CE820278-LeaderElection120] INFO  impl.LeaderElection (LogUtils.java:infoOrTrace(142)) -   Exception 1: java.util.concurrent.ExecutionException: org.apache.ratis.thirdparty.io.grpc.StatusRuntimeException: UNAVAILABLE: io exception
2025-10-22 08:24:53,553 [1c036820-4dbe-4abe-80fb-5ca88de5e2f0@group-C626CE820278-LeaderElection120] INFO  impl.LeaderElection (LeaderElection.java:askForVotes(450)) - 1c036820-4dbe-4abe-80fb-5ca88de5e2f0@group-C626CE820278-LeaderElection120 PRE_VOTE round 0: result REJECTED
2025-10-22 08:24:53,553 [1c036820-4dbe-4abe-80fb-5ca88de5e2f0@group-C626CE820278-LeaderElection120] INFO  server.RaftServer$Division (RaftServerImpl.java:setRole(392)) - 1c036820-4dbe-4abe-80fb-5ca88de5e2f0@group-C626CE820278: changes role from CANDIDATE to FOLLOWER at term 1 for REJECTED
2025-10-22 08:24:53,553 [1c036820-4dbe-4abe-80fb-5ca88de5e2f0@group-C626CE820278-LeaderElection120] INFO  impl.RoleInfo (RoleInfo.java:shutdownLeaderElection(141)) - 1c036820-4dbe-4abe-80fb-5ca88de5e2f0: shutdown 1c036820-4dbe-4abe-80fb-5ca88de5e2f0@group-C626CE820278-LeaderElection120
2025-10-22 08:24:53,553 [1c036820-4dbe-4abe-80fb-5ca88de5e2f0@group-C626CE820278-LeaderElection120] INFO  impl.RoleInfo (RoleInfo.java:updateAndGet(148)) - 1c036820-4dbe-4abe-80fb-5ca88de5e2f0: start 1c036820-4dbe-4abe-80fb-5ca88de5e2f0@group-C626CE820278-FollowerState
2025-10-22 08:24:54,094 [1c036820-4dbe-4abe-80fb-5ca88de5e2f0@group-5E2F154B5BDB-FollowerState] INFO  impl.FollowerState (FollowerState.java:runImpl(161)) - 1c036820-4dbe-4abe-80fb-5ca88de5e2f0@group-5E2F154B5BDB-FollowerState: change to CANDIDATE, lastRpcElapsedTime:1160261738ns, electionTimeout:1160ms
2025-10-22 08:24:54,095 [1c036820-4dbe-4abe-80fb-5ca88de5e2f0@group-5E2F154B5BDB-FollowerState] INFO  impl.RoleInfo (RoleInfo.java:shutdownFollowerState(121)) - 1c036820-4dbe-4abe-80fb-5ca88de5e2f0: shutdown 1c036820-4dbe-4abe-80fb-5ca88de5e2f0@group-5E2F154B5BDB-FollowerState
2025-10-22 08:24:54,095 [1c036820-4dbe-4abe-80fb-5ca88de5e2f0@group-5E2F154B5BDB-FollowerState] INFO  server.RaftServer$Division (RaftServerImpl.java:setRole(392)) - 1c036820-4dbe-4abe-80fb-5ca88de5e2f0@group-5E2F154B5BDB: changes role from  FOLLOWER to CANDIDATE at term 2 for changeToCandidate
2025-10-22 08:24:54,095 [1c036820-4dbe-4abe-80fb-5ca88de5e2f0@group-5E2F154B5BDB-FollowerState] INFO  impl.RoleInfo (RoleInfo.java:updateAndGet(148)) - 1c036820-4dbe-4abe-80fb-5ca88de5e2f0: start 1c036820-4dbe-4abe-80fb-5ca88de5e2f0@group-5E2F154B5BDB-LeaderElection121
2025-10-22 08:24:54,095 [1c036820-4dbe-4abe-80fb-5ca88de5e2f0@group-5E2F154B5BDB-LeaderElection121] INFO  impl.LeaderElection (LeaderElection.java:askForVotes(448)) - 1c036820-4dbe-4abe-80fb-5ca88de5e2f0@group-5E2F154B5BDB-LeaderElection121 PRE_VOTE round 0: submit vote requests at term 2 for conf: {index: 1, cur=peers:[4d8a2798-959e-416b-b534-19c13b55a760|127.0.0.1:15023, 1c036820-4dbe-4abe-80fb-5ca88de5e2f0|127.0.0.1:15015, 40df8fc4-149d-40c0-897d-2844034d8141|127.0.0.1:15031]|listeners:[], old=null}
2025-10-22 08:24:54,096 [1c036820-4dbe-4abe-80fb-5ca88de5e2f0@group-5E2F154B5BDB-LeaderElection121] INFO  impl.LeaderElection (LogUtils.java:infoOrTrace(142)) - 1c036820-4dbe-4abe-80fb-5ca88de5e2f0@group-5E2F154B5BDB-LeaderElection121 got exception when requesting votes: java.util.concurrent.ExecutionException: org.apache.ratis.thirdparty.io.grpc.StatusRuntimeException: UNAVAILABLE: io exception
2025-10-22 08:24:54,096 [1c036820-4dbe-4abe-80fb-5ca88de5e2f0@group-5E2F154B5BDB-LeaderElection121] INFO  impl.LeaderElection (LogUtils.java:infoOrTrace(142)) - 1c036820-4dbe-4abe-80fb-5ca88de5e2f0@group-5E2F154B5BDB-LeaderElection121 got exception when requesting votes: java.util.concurrent.ExecutionException: org.apache.ratis.thirdparty.io.grpc.StatusRuntimeException: UNAVAILABLE: io exception
2025-10-22 08:24:54,096 [1c036820-4dbe-4abe-80fb-5ca88de5e2f0@group-5E2F154B5BDB-LeaderElection121] INFO  impl.LeaderElection (LeaderElection.java:logAndReturn(206)) - 1c036820-4dbe-4abe-80fb-5ca88de5e2f0@group-5E2F154B5BDB-LeaderElection121: PRE_VOTE REJECTED received 0 response(s) and 2 exception(s):
2025-10-22 08:24:54,096 [1c036820-4dbe-4abe-80fb-5ca88de5e2f0@group-5E2F154B5BDB-LeaderElection121] INFO  impl.LeaderElection (LogUtils.java:infoOrTrace(142)) -   Exception 0: java.util.concurrent.ExecutionException: org.apache.ratis.thirdparty.io.grpc.StatusRuntimeException: UNAVAILABLE: io exception
2025-10-22 08:24:54,096 [1c036820-4dbe-4abe-80fb-5ca88de5e2f0@group-5E2F154B5BDB-LeaderElection121] INFO  impl.LeaderElection (LogUtils.java:infoOrTrace(142)) -   Exception 1: java.util.concurrent.ExecutionException: org.apache.ratis.thirdparty.io.grpc.StatusRuntimeException: UNAVAILABLE: io exception
2025-10-22 08:24:54,096 [1c036820-4dbe-4abe-80fb-5ca88de5e2f0@group-5E2F154B5BDB-LeaderElection121] INFO  impl.LeaderElection (LeaderElection.java:askForVotes(450)) - 1c036820-4dbe-4abe-80fb-5ca88de5e2f0@group-5E2F154B5BDB-LeaderElection121 PRE_VOTE round 0: result REJECTED
2025-10-22 08:24:54,096 [1c036820-4dbe-4abe-80fb-5ca88de5e2f0@group-5E2F154B5BDB-LeaderElection121] INFO  server.RaftServer$Division (RaftServerImpl.java:setRole(392)) - 1c036820-4dbe-4abe-80fb-5ca88de5e2f0@group-5E2F154B5BDB: changes role from CANDIDATE to FOLLOWER at term 2 for REJECTED
2025-10-22 08:24:54,096 [1c036820-4dbe-4abe-80fb-5ca88de5e2f0@group-5E2F154B5BDB-LeaderElection121] INFO  impl.RoleInfo (RoleInfo.java:shutdownLeaderElection(141)) - 1c036820-4dbe-4abe-80fb-5ca88de5e2f0: shutdown 1c036820-4dbe-4abe-80fb-5ca88de5e2f0@group-5E2F154B5BDB-LeaderElection121
2025-10-22 08:24:54,096 [1c036820-4dbe-4abe-80fb-5ca88de5e2f0@group-5E2F154B5BDB-LeaderElection121] INFO  impl.RoleInfo (RoleInfo.java:updateAndGet(148)) - 1c036820-4dbe-4abe-80fb-5ca88de5e2f0: start 1c036820-4dbe-4abe-80fb-5ca88de5e2f0@group-5E2F154B5BDB-FollowerState
2025-10-22 08:24:54,737 [1c036820-4dbe-4abe-80fb-5ca88de5e2f0@group-C626CE820278-FollowerState] INFO  impl.FollowerState (FollowerState.java:runImpl(161)) - 1c036820-4dbe-4abe-80fb-5ca88de5e2f0@group-C626CE820278-FollowerState: change to CANDIDATE, lastRpcElapsedTime:1184313144ns, electionTimeout:1184ms
2025-10-22 08:24:54,737 [1c036820-4dbe-4abe-80fb-5ca88de5e2f0@group-C626CE820278-FollowerState] INFO  impl.RoleInfo (RoleInfo.java:shutdownFollowerState(121)) - 1c036820-4dbe-4abe-80fb-5ca88de5e2f0: shutdown 1c036820-4dbe-4abe-80fb-5ca88de5e2f0@group-C626CE820278-FollowerState
2025-10-22 08:24:54,737 [1c036820-4dbe-4abe-80fb-5ca88de5e2f0@group-C626CE820278-FollowerState] INFO  server.RaftServer$Division (RaftServerImpl.java:setRole(392)) - 1c036820-4dbe-4abe-80fb-5ca88de5e2f0@group-C626CE820278: changes role from  FOLLOWER to CANDIDATE at term 1 for changeToCandidate
2025-10-22 08:24:54,737 [1c036820-4dbe-4abe-80fb-5ca88de5e2f0@group-C626CE820278-FollowerState] INFO  impl.RoleInfo (RoleInfo.java:updateAndGet(148)) - 1c036820-4dbe-4abe-80fb-5ca88de5e2f0: start 1c036820-4dbe-4abe-80fb-5ca88de5e2f0@group-C626CE820278-LeaderElection122
2025-10-22 08:24:54,738 [1c036820-4dbe-4abe-80fb-5ca88de5e2f0@group-C626CE820278-LeaderElection122] INFO  impl.LeaderElection (LeaderElection.java:askForVotes(448)) - 1c036820-4dbe-4abe-80fb-5ca88de5e2f0@group-C626CE820278-LeaderElection122 PRE_VOTE round 0: submit vote requests at term 1 for conf: {index: 0, cur=peers:[4d8a2798-959e-416b-b534-19c13b55a760|127.0.0.1:15023, 1c036820-4dbe-4abe-80fb-5ca88de5e2f0|127.0.0.1:15015, 40df8fc4-149d-40c0-897d-2844034d8141|127.0.0.1:15031]|listeners:[], old=null}
2025-10-22 08:24:54,738 [1c036820-4dbe-4abe-80fb-5ca88de5e2f0@group-C626CE820278-LeaderElection122] INFO  impl.LeaderElection (LogUtils.java:infoOrTrace(142)) - 1c036820-4dbe-4abe-80fb-5ca88de5e2f0@group-C626CE820278-LeaderElection122 got exception when requesting votes: java.util.concurrent.ExecutionException: org.apache.ratis.thirdparty.io.grpc.StatusRuntimeException: UNAVAILABLE: io exception
2025-10-22 08:24:54,739 [1c036820-4dbe-4abe-80fb-5ca88de5e2f0@group-C626CE820278-LeaderElection122] INFO  impl.LeaderElection (LogUtils.java:infoOrTrace(142)) - 1c036820-4dbe-4abe-80fb-5ca88de5e2f0@group-C626CE820278-LeaderElection122 got exception when requesting votes: java.util.concurrent.ExecutionException: org.apache.ratis.thirdparty.io.grpc.StatusRuntimeException: UNAVAILABLE: io exception
2025-10-22 08:24:54,739 [1c036820-4dbe-4abe-80fb-5ca88de5e2f0@group-C626CE820278-LeaderElection122] INFO  impl.LeaderElection (LeaderElection.java:logAndReturn(206)) - 1c036820-4dbe-4abe-80fb-5ca88de5e2f0@group-C626CE820278-LeaderElection122: PRE_VOTE REJECTED received 0 response(s) and 2 exception(s):
2025-10-22 08:24:54,739 [1c036820-4dbe-4abe-80fb-5ca88de5e2f0@group-C626CE820278-LeaderElection122] INFO  impl.LeaderElection (LogUtils.java:infoOrTrace(142)) -   Exception 0: java.util.concurrent.ExecutionException: org.apache.ratis.thirdparty.io.grpc.StatusRuntimeException: UNAVAILABLE: io exception
2025-10-22 08:24:54,739 [1c036820-4dbe-4abe-80fb-5ca88de5e2f0@group-C626CE820278-LeaderElection122] INFO  impl.LeaderElection (LogUtils.java:infoOrTrace(142)) -   Exception 1: java.util.concurrent.ExecutionException: org.apache.ratis.thirdparty.io.grpc.StatusRuntimeException: UNAVAILABLE: io exception
2025-10-22 08:24:54,739 [1c036820-4dbe-4abe-80fb-5ca88de5e2f0@group-C626CE820278-LeaderElection122] INFO  impl.LeaderElection (LeaderElection.java:askForVotes(450)) - 1c036820-4dbe-4abe-80fb-5ca88de5e2f0@group-C626CE820278-LeaderElection122 PRE_VOTE round 0: result REJECTED
2025-10-22 08:24:54,739 [1c036820-4dbe-4abe-80fb-5ca88de5e2f0@group-C626CE820278-LeaderElection122] INFO  server.RaftServer$Division (RaftServerImpl.java:setRole(392)) - 1c036820-4dbe-4abe-80fb-5ca88de5e2f0@group-C626CE820278: changes role from CANDIDATE to FOLLOWER at term 1 for REJECTED
2025-10-22 08:24:54,739 [1c036820-4dbe-4abe-80fb-5ca88de5e2f0@group-C626CE820278-LeaderElection122] INFO  impl.RoleInfo (RoleInfo.java:shutdownLeaderElection(141)) - 1c036820-4dbe-4abe-80fb-5ca88de5e2f0: shutdown 1c036820-4dbe-4abe-80fb-5ca88de5e2f0@group-C626CE820278-LeaderElection122
2025-10-22 08:24:54,739 [1c036820-4dbe-4abe-80fb-5ca88de5e2f0@group-C626CE820278-LeaderElection122] INFO  impl.RoleInfo (RoleInfo.java:updateAndGet(148)) - 1c036820-4dbe-4abe-80fb-5ca88de5e2f0: start 1c036820-4dbe-4abe-80fb-5ca88de5e2f0@group-C626CE820278-FollowerState
2025-10-22 08:24:55,262 [1c036820-4dbe-4abe-80fb-5ca88de5e2f0@group-5E2F154B5BDB-FollowerState] INFO  impl.FollowerState (FollowerState.java:runImpl(161)) - 1c036820-4dbe-4abe-80fb-5ca88de5e2f0@group-5E2F154B5BDB-FollowerState: change to CANDIDATE, lastRpcElapsedTime:1165263631ns, electionTimeout:1165ms
2025-10-22 08:24:55,262 [1c036820-4dbe-4abe-80fb-5ca88de5e2f0@group-5E2F154B5BDB-FollowerState] INFO  impl.RoleInfo (RoleInfo.java:shutdownFollowerState(121)) - 1c036820-4dbe-4abe-80fb-5ca88de5e2f0: shutdown 1c036820-4dbe-4abe-80fb-5ca88de5e2f0@group-5E2F154B5BDB-FollowerState
2025-10-22 08:24:55,262 [1c036820-4dbe-4abe-80fb-5ca88de5e2f0@group-5E2F154B5BDB-FollowerState] INFO  server.RaftServer$Division (RaftServerImpl.java:setRole(392)) - 1c036820-4dbe-4abe-80fb-5ca88de5e2f0@group-5E2F154B5BDB: changes role from  FOLLOWER to CANDIDATE at term 2 for changeToCandidate
2025-10-22 08:24:55,262 [1c036820-4dbe-4abe-80fb-5ca88de5e2f0@group-5E2F154B5BDB-FollowerState] INFO  impl.RoleInfo (RoleInfo.java:updateAndGet(148)) - 1c036820-4dbe-4abe-80fb-5ca88de5e2f0: start 1c036820-4dbe-4abe-80fb-5ca88de5e2f0@group-5E2F154B5BDB-LeaderElection123
2025-10-22 08:24:55,262 [1c036820-4dbe-4abe-80fb-5ca88de5e2f0@group-5E2F154B5BDB-LeaderElection123] INFO  impl.LeaderElection (LeaderElection.java:askForVotes(448)) - 1c036820-4dbe-4abe-80fb-5ca88de5e2f0@group-5E2F154B5BDB-LeaderElection123 PRE_VOTE round 0: submit vote requests at term 2 for conf: {index: 1, cur=peers:[4d8a2798-959e-416b-b534-19c13b55a760|127.0.0.1:15023, 1c036820-4dbe-4abe-80fb-5ca88de5e2f0|127.0.0.1:15015, 40df8fc4-149d-40c0-897d-2844034d8141|127.0.0.1:15031]|listeners:[], old=null}
2025-10-22 08:24:55,263 [1c036820-4dbe-4abe-80fb-5ca88de5e2f0@group-5E2F154B5BDB-LeaderElection123] INFO  impl.LeaderElection (LogUtils.java:infoOrTrace(142)) - 1c036820-4dbe-4abe-80fb-5ca88de5e2f0@group-5E2F154B5BDB-LeaderElection123 got exception when requesting votes: java.util.concurrent.ExecutionException: org.apache.ratis.thirdparty.io.grpc.StatusRuntimeException: UNAVAILABLE: io exception
2025-10-22 08:24:55,263 [1c036820-4dbe-4abe-80fb-5ca88de5e2f0@group-5E2F154B5BDB-LeaderElection123] INFO  impl.LeaderElection (LogUtils.java:infoOrTrace(142)) - 1c036820-4dbe-4abe-80fb-5ca88de5e2f0@group-5E2F154B5BDB-LeaderElection123 got exception when requesting votes: java.util.concurrent.ExecutionException: org.apache.ratis.thirdparty.io.grpc.StatusRuntimeException: UNAVAILABLE: io exception
2025-10-22 08:24:55,263 [1c036820-4dbe-4abe-80fb-5ca88de5e2f0@group-5E2F154B5BDB-LeaderElection123] INFO  impl.LeaderElection (LeaderElection.java:logAndReturn(206)) - 1c036820-4dbe-4abe-80fb-5ca88de5e2f0@group-5E2F154B5BDB-LeaderElection123: PRE_VOTE REJECTED received 0 response(s) and 2 exception(s):
2025-10-22 08:24:55,263 [1c036820-4dbe-4abe-80fb-5ca88de5e2f0@group-5E2F154B5BDB-LeaderElection123] INFO  impl.LeaderElection (LogUtils.java:infoOrTrace(142)) -   Exception 0: java.util.concurrent.ExecutionException: org.apache.ratis.thirdparty.io.grpc.StatusRuntimeException: UNAVAILABLE: io exception
2025-10-22 08:24:55,263 [1c036820-4dbe-4abe-80fb-5ca88de5e2f0@group-5E2F154B5BDB-LeaderElection123] INFO  impl.LeaderElection (LogUtils.java:infoOrTrace(142)) -   Exception 1: java.util.concurrent.ExecutionException: org.apache.ratis.thirdparty.io.grpc.StatusRuntimeException: UNAVAILABLE: io exception
2025-10-22 08:24:55,263 [1c036820-4dbe-4abe-80fb-5ca88de5e2f0@group-5E2F154B5BDB-LeaderElection123] INFO  impl.LeaderElection (LeaderElection.java:askForVotes(450)) - 1c036820-4dbe-4abe-80fb-5ca88de5e2f0@group-5E2F154B5BDB-LeaderElection123 PRE_VOTE round 0: result REJECTED
2025-10-22 08:24:55,263 [1c036820-4dbe-4abe-80fb-5ca88de5e2f0@group-5E2F154B5BDB-LeaderElection123] INFO  server.RaftServer$Division (RaftServerImpl.java:setRole(392)) - 1c036820-4dbe-4abe-80fb-5ca88de5e2f0@group-5E2F154B5BDB: changes role from CANDIDATE to FOLLOWER at term 2 for REJECTED
2025-10-22 08:24:55,263 [1c036820-4dbe-4abe-80fb-5ca88de5e2f0@group-5E2F154B5BDB-LeaderElection123] INFO  impl.RoleInfo (RoleInfo.java:shutdownLeaderElection(141)) - 1c036820-4dbe-4abe-80fb-5ca88de5e2f0: shutdown 1c036820-4dbe-4abe-80fb-5ca88de5e2f0@group-5E2F154B5BDB-LeaderElection123
2025-10-22 08:24:55,263 [1c036820-4dbe-4abe-80fb-5ca88de5e2f0@group-5E2F154B5BDB-LeaderElection123] INFO  impl.RoleInfo (RoleInfo.java:updateAndGet(148)) - 1c036820-4dbe-4abe-80fb-5ca88de5e2f0: start 1c036820-4dbe-4abe-80fb-5ca88de5e2f0@group-5E2F154B5BDB-FollowerState
2025-10-22 08:24:55,885 [1c036820-4dbe-4abe-80fb-5ca88de5e2f0@group-C626CE820278-FollowerState] INFO  impl.FollowerState (FollowerState.java:runImpl(161)) - 1c036820-4dbe-4abe-80fb-5ca88de5e2f0@group-C626CE820278-FollowerState: change to CANDIDATE, lastRpcElapsedTime:1145835154ns, electionTimeout:1145ms
2025-10-22 08:24:55,885 [1c036820-4dbe-4abe-80fb-5ca88de5e2f0@group-C626CE820278-FollowerState] INFO  impl.RoleInfo (RoleInfo.java:shutdownFollowerState(121)) - 1c036820-4dbe-4abe-80fb-5ca88de5e2f0: shutdown 1c036820-4dbe-4abe-80fb-5ca88de5e2f0@group-C626CE820278-FollowerState
2025-10-22 08:24:55,885 [1c036820-4dbe-4abe-80fb-5ca88de5e2f0@group-C626CE820278-FollowerState] INFO  server.RaftServer$Division (RaftServerImpl.java:setRole(392)) - 1c036820-4dbe-4abe-80fb-5ca88de5e2f0@group-C626CE820278: changes role from  FOLLOWER to CANDIDATE at term 1 for changeToCandidate
2025-10-22 08:24:55,885 [1c036820-4dbe-4abe-80fb-5ca88de5e2f0@group-C626CE820278-FollowerState] INFO  impl.RoleInfo (RoleInfo.java:updateAndGet(148)) - 1c036820-4dbe-4abe-80fb-5ca88de5e2f0: start 1c036820-4dbe-4abe-80fb-5ca88de5e2f0@group-C626CE820278-LeaderElection124
2025-10-22 08:24:55,885 [1c036820-4dbe-4abe-80fb-5ca88de5e2f0@group-C626CE820278-LeaderElection124] INFO  impl.LeaderElection (LeaderElection.java:askForVotes(448)) - 1c036820-4dbe-4abe-80fb-5ca88de5e2f0@group-C626CE820278-LeaderElection124 PRE_VOTE round 0: submit vote requests at term 1 for conf: {index: 0, cur=peers:[4d8a2798-959e-416b-b534-19c13b55a760|127.0.0.1:15023, 1c036820-4dbe-4abe-80fb-5ca88de5e2f0|127.0.0.1:15015, 40df8fc4-149d-40c0-897d-2844034d8141|127.0.0.1:15031]|listeners:[], old=null}
2025-10-22 08:24:55,886 [1c036820-4dbe-4abe-80fb-5ca88de5e2f0@group-C626CE820278-LeaderElection124] INFO  impl.LeaderElection (LogUtils.java:infoOrTrace(142)) - 1c036820-4dbe-4abe-80fb-5ca88de5e2f0@group-C626CE820278-LeaderElection124 got exception when requesting votes: java.util.concurrent.ExecutionException: org.apache.ratis.thirdparty.io.grpc.StatusRuntimeException: UNAVAILABLE: io exception
2025-10-22 08:24:55,886 [1c036820-4dbe-4abe-80fb-5ca88de5e2f0@group-C626CE820278-LeaderElection124] INFO  impl.LeaderElection (LogUtils.java:infoOrTrace(142)) - 1c036820-4dbe-4abe-80fb-5ca88de5e2f0@group-C626CE820278-LeaderElection124 got exception when requesting votes: java.util.concurrent.ExecutionException: org.apache.ratis.thirdparty.io.grpc.StatusRuntimeException: UNAVAILABLE: io exception
2025-10-22 08:24:55,886 [1c036820-4dbe-4abe-80fb-5ca88de5e2f0@group-C626CE820278-LeaderElection124] INFO  impl.LeaderElection (LeaderElection.java:logAndReturn(206)) - 1c036820-4dbe-4abe-80fb-5ca88de5e2f0@group-C626CE820278-LeaderElection124: PRE_VOTE REJECTED received 0 response(s) and 2 exception(s):
2025-10-22 08:24:55,886 [1c036820-4dbe-4abe-80fb-5ca88de5e2f0@group-C626CE820278-LeaderElection124] INFO  impl.LeaderElection (LogUtils.java:infoOrTrace(142)) -   Exception 0: java.util.concurrent.ExecutionException: org.apache.ratis.thirdparty.io.grpc.StatusRuntimeException: UNAVAILABLE: io exception
2025-10-22 08:24:55,886 [1c036820-4dbe-4abe-80fb-5ca88de5e2f0@group-C626CE820278-LeaderElection124] INFO  impl.LeaderElection (LogUtils.java:infoOrTrace(142)) -   Exception 1: java.util.concurrent.ExecutionException: org.apache.ratis.thirdparty.io.grpc.StatusRuntimeException: UNAVAILABLE: io exception
2025-10-22 08:24:55,886 [1c036820-4dbe-4abe-80fb-5ca88de5e2f0@group-C626CE820278-LeaderElection124] INFO  impl.LeaderElection (LeaderElection.java:askForVotes(450)) - 1c036820-4dbe-4abe-80fb-5ca88de5e2f0@group-C626CE820278-LeaderElection124 PRE_VOTE round 0: result REJECTED
2025-10-22 08:24:55,886 [1c036820-4dbe-4abe-80fb-5ca88de5e2f0@group-C626CE820278-LeaderElection124] INFO  server.RaftServer$Division (RaftServerImpl.java:setRole(392)) - 1c036820-4dbe-4abe-80fb-5ca88de5e2f0@group-C626CE820278: changes role from CANDIDATE to FOLLOWER at term 1 for REJECTED
2025-10-22 08:24:55,886 [1c036820-4dbe-4abe-80fb-5ca88de5e2f0@group-C626CE820278-LeaderElection124] INFO  impl.RoleInfo (RoleInfo.java:shutdownLeaderElection(141)) - 1c036820-4dbe-4abe-80fb-5ca88de5e2f0: shutdown 1c036820-4dbe-4abe-80fb-5ca88de5e2f0@group-C626CE820278-LeaderElection124
2025-10-22 08:24:55,887 [1c036820-4dbe-4abe-80fb-5ca88de5e2f0@group-C626CE820278-LeaderElection124] INFO  impl.RoleInfo (RoleInfo.java:updateAndGet(148)) - 1c036820-4dbe-4abe-80fb-5ca88de5e2f0: start 1c036820-4dbe-4abe-80fb-5ca88de5e2f0@group-C626CE820278-FollowerState
2025-10-22 08:24:56,382 [1c036820-4dbe-4abe-80fb-5ca88de5e2f0@group-5E2F154B5BDB-FollowerState] INFO  impl.FollowerState (FollowerState.java:runImpl(161)) - 1c036820-4dbe-4abe-80fb-5ca88de5e2f0@group-5E2F154B5BDB-FollowerState: change to CANDIDATE, lastRpcElapsedTime:1118356886ns, electionTimeout:1118ms
2025-10-22 08:24:56,382 [1c036820-4dbe-4abe-80fb-5ca88de5e2f0@group-5E2F154B5BDB-FollowerState] INFO  impl.RoleInfo (RoleInfo.java:shutdownFollowerState(121)) - 1c036820-4dbe-4abe-80fb-5ca88de5e2f0: shutdown 1c036820-4dbe-4abe-80fb-5ca88de5e2f0@group-5E2F154B5BDB-FollowerState
2025-10-22 08:24:56,382 [1c036820-4dbe-4abe-80fb-5ca88de5e2f0@group-5E2F154B5BDB-FollowerState] INFO  server.RaftServer$Division (RaftServerImpl.java:setRole(392)) - 1c036820-4dbe-4abe-80fb-5ca88de5e2f0@group-5E2F154B5BDB: changes role from  FOLLOWER to CANDIDATE at term 2 for changeToCandidate
2025-10-22 08:24:56,382 [1c036820-4dbe-4abe-80fb-5ca88de5e2f0@group-5E2F154B5BDB-FollowerState] INFO  impl.RoleInfo (RoleInfo.java:updateAndGet(148)) - 1c036820-4dbe-4abe-80fb-5ca88de5e2f0: start 1c036820-4dbe-4abe-80fb-5ca88de5e2f0@group-5E2F154B5BDB-LeaderElection125
2025-10-22 08:24:56,383 [1c036820-4dbe-4abe-80fb-5ca88de5e2f0@group-5E2F154B5BDB-LeaderElection125] INFO  impl.LeaderElection (LeaderElection.java:askForVotes(448)) - 1c036820-4dbe-4abe-80fb-5ca88de5e2f0@group-5E2F154B5BDB-LeaderElection125 PRE_VOTE round 0: submit vote requests at term 2 for conf: {index: 1, cur=peers:[4d8a2798-959e-416b-b534-19c13b55a760|127.0.0.1:15023, 1c036820-4dbe-4abe-80fb-5ca88de5e2f0|127.0.0.1:15015, 40df8fc4-149d-40c0-897d-2844034d8141|127.0.0.1:15031]|listeners:[], old=null}
2025-10-22 08:24:56,383 [1c036820-4dbe-4abe-80fb-5ca88de5e2f0@group-5E2F154B5BDB-LeaderElection125] INFO  impl.LeaderElection (LogUtils.java:infoOrTrace(142)) - 1c036820-4dbe-4abe-80fb-5ca88de5e2f0@group-5E2F154B5BDB-LeaderElection125 got exception when requesting votes: java.util.concurrent.ExecutionException: org.apache.ratis.thirdparty.io.grpc.StatusRuntimeException: UNAVAILABLE: io exception
2025-10-22 08:24:56,383 [1c036820-4dbe-4abe-80fb-5ca88de5e2f0@group-5E2F154B5BDB-LeaderElection125] INFO  impl.LeaderElection (LogUtils.java:infoOrTrace(142)) - 1c036820-4dbe-4abe-80fb-5ca88de5e2f0@group-5E2F154B5BDB-LeaderElection125 got exception when requesting votes: java.util.concurrent.ExecutionException: org.apache.ratis.thirdparty.io.grpc.StatusRuntimeException: UNAVAILABLE: io exception
2025-10-22 08:24:56,383 [1c036820-4dbe-4abe-80fb-5ca88de5e2f0@group-5E2F154B5BDB-LeaderElection125] INFO  impl.LeaderElection (LeaderElection.java:logAndReturn(206)) - 1c036820-4dbe-4abe-80fb-5ca88de5e2f0@group-5E2F154B5BDB-LeaderElection125: PRE_VOTE REJECTED received 0 response(s) and 2 exception(s):
2025-10-22 08:24:56,383 [1c036820-4dbe-4abe-80fb-5ca88de5e2f0@group-5E2F154B5BDB-LeaderElection125] INFO  impl.LeaderElection (LogUtils.java:infoOrTrace(142)) -   Exception 0: java.util.concurrent.ExecutionException: org.apache.ratis.thirdparty.io.grpc.StatusRuntimeException: UNAVAILABLE: io exception
2025-10-22 08:24:56,384 [1c036820-4dbe-4abe-80fb-5ca88de5e2f0@group-5E2F154B5BDB-LeaderElection125] INFO  impl.LeaderElection (LogUtils.java:infoOrTrace(142)) -   Exception 1: java.util.concurrent.ExecutionException: org.apache.ratis.thirdparty.io.grpc.StatusRuntimeException: UNAVAILABLE: io exception
2025-10-22 08:24:56,384 [1c036820-4dbe-4abe-80fb-5ca88de5e2f0@group-5E2F154B5BDB-LeaderElection125] INFO  impl.LeaderElection (LeaderElection.java:askForVotes(450)) - 1c036820-4dbe-4abe-80fb-5ca88de5e2f0@group-5E2F154B5BDB-LeaderElection125 PRE_VOTE round 0: result REJECTED
2025-10-22 08:24:56,384 [1c036820-4dbe-4abe-80fb-5ca88de5e2f0@group-5E2F154B5BDB-LeaderElection125] INFO  server.RaftServer$Division (RaftServerImpl.java:setRole(392)) - 1c036820-4dbe-4abe-80fb-5ca88de5e2f0@group-5E2F154B5BDB: changes role from CANDIDATE to FOLLOWER at term 2 for REJECTED
2025-10-22 08:24:56,384 [1c036820-4dbe-4abe-80fb-5ca88de5e2f0@group-5E2F154B5BDB-LeaderElection125] INFO  impl.RoleInfo (RoleInfo.java:shutdownLeaderElection(141)) - 1c036820-4dbe-4abe-80fb-5ca88de5e2f0: shutdown 1c036820-4dbe-4abe-80fb-5ca88de5e2f0@group-5E2F154B5BDB-LeaderElection125
2025-10-22 08:24:56,384 [1c036820-4dbe-4abe-80fb-5ca88de5e2f0@group-5E2F154B5BDB-LeaderElection125] INFO  impl.RoleInfo (RoleInfo.java:updateAndGet(148)) - 1c036820-4dbe-4abe-80fb-5ca88de5e2f0: start 1c036820-4dbe-4abe-80fb-5ca88de5e2f0@group-5E2F154B5BDB-FollowerState
2025-10-22 08:24:56,926 [1c036820-4dbe-4abe-80fb-5ca88de5e2f0@group-C626CE820278-FollowerState] INFO  impl.FollowerState (FollowerState.java:runImpl(161)) - 1c036820-4dbe-4abe-80fb-5ca88de5e2f0@group-C626CE820278-FollowerState: change to CANDIDATE, lastRpcElapsedTime:1039441788ns, electionTimeout:1039ms
2025-10-22 08:24:56,926 [1c036820-4dbe-4abe-80fb-5ca88de5e2f0@group-C626CE820278-FollowerState] INFO  impl.RoleInfo (RoleInfo.java:shutdownFollowerState(121)) - 1c036820-4dbe-4abe-80fb-5ca88de5e2f0: shutdown 1c036820-4dbe-4abe-80fb-5ca88de5e2f0@group-C626CE820278-FollowerState
2025-10-22 08:24:56,926 [1c036820-4dbe-4abe-80fb-5ca88de5e2f0@group-C626CE820278-FollowerState] INFO  server.RaftServer$Division (RaftServerImpl.java:setRole(392)) - 1c036820-4dbe-4abe-80fb-5ca88de5e2f0@group-C626CE820278: changes role from  FOLLOWER to CANDIDATE at term 1 for changeToCandidate
2025-10-22 08:24:56,926 [1c036820-4dbe-4abe-80fb-5ca88de5e2f0@group-C626CE820278-FollowerState] INFO  impl.RoleInfo (RoleInfo.java:updateAndGet(148)) - 1c036820-4dbe-4abe-80fb-5ca88de5e2f0: start 1c036820-4dbe-4abe-80fb-5ca88de5e2f0@group-C626CE820278-LeaderElection126
2025-10-22 08:24:56,927 [1c036820-4dbe-4abe-80fb-5ca88de5e2f0@group-C626CE820278-LeaderElection126] INFO  impl.LeaderElection (LeaderElection.java:askForVotes(448)) - 1c036820-4dbe-4abe-80fb-5ca88de5e2f0@group-C626CE820278-LeaderElection126 PRE_VOTE round 0: submit vote requests at term 1 for conf: {index: 0, cur=peers:[4d8a2798-959e-416b-b534-19c13b55a760|127.0.0.1:15023, 1c036820-4dbe-4abe-80fb-5ca88de5e2f0|127.0.0.1:15015, 40df8fc4-149d-40c0-897d-2844034d8141|127.0.0.1:15031]|listeners:[], old=null}
2025-10-22 08:24:56,927 [1c036820-4dbe-4abe-80fb-5ca88de5e2f0@group-C626CE820278-LeaderElection126] INFO  impl.LeaderElection (LogUtils.java:infoOrTrace(142)) - 1c036820-4dbe-4abe-80fb-5ca88de5e2f0@group-C626CE820278-LeaderElection126 got exception when requesting votes: java.util.concurrent.ExecutionException: org.apache.ratis.thirdparty.io.grpc.StatusRuntimeException: UNAVAILABLE: io exception
2025-10-22 08:24:56,927 [1c036820-4dbe-4abe-80fb-5ca88de5e2f0@group-C626CE820278-LeaderElection126] INFO  impl.LeaderElection (LogUtils.java:infoOrTrace(142)) - 1c036820-4dbe-4abe-80fb-5ca88de5e2f0@group-C626CE820278-LeaderElection126 got exception when requesting votes: java.util.concurrent.ExecutionException: org.apache.ratis.thirdparty.io.grpc.StatusRuntimeException: UNAVAILABLE: io exception
2025-10-22 08:24:56,927 [1c036820-4dbe-4abe-80fb-5ca88de5e2f0@group-C626CE820278-LeaderElection126] INFO  impl.LeaderElection (LeaderElection.java:logAndReturn(206)) - 1c036820-4dbe-4abe-80fb-5ca88de5e2f0@group-C626CE820278-LeaderElection126: PRE_VOTE REJECTED received 0 response(s) and 2 exception(s):
2025-10-22 08:24:56,927 [1c036820-4dbe-4abe-80fb-5ca88de5e2f0@group-C626CE820278-LeaderElection126] INFO  impl.LeaderElection (LogUtils.java:infoOrTrace(142)) -   Exception 0: java.util.concurrent.ExecutionException: org.apache.ratis.thirdparty.io.grpc.StatusRuntimeException: UNAVAILABLE: io exception
2025-10-22 08:24:56,927 [1c036820-4dbe-4abe-80fb-5ca88de5e2f0@group-C626CE820278-LeaderElection126] INFO  impl.LeaderElection (LogUtils.java:infoOrTrace(142)) -   Exception 1: java.util.concurrent.ExecutionException: org.apache.ratis.thirdparty.io.grpc.StatusRuntimeException: UNAVAILABLE: io exception
2025-10-22 08:24:56,928 [1c036820-4dbe-4abe-80fb-5ca88de5e2f0@group-C626CE820278-LeaderElection126] INFO  impl.LeaderElection (LeaderElection.java:askForVotes(450)) - 1c036820-4dbe-4abe-80fb-5ca88de5e2f0@group-C626CE820278-LeaderElection126 PRE_VOTE round 0: result REJECTED
2025-10-22 08:24:56,928 [1c036820-4dbe-4abe-80fb-5ca88de5e2f0@group-C626CE820278-LeaderElection126] INFO  server.RaftServer$Division (RaftServerImpl.java:setRole(392)) - 1c036820-4dbe-4abe-80fb-5ca88de5e2f0@group-C626CE820278: changes role from CANDIDATE to FOLLOWER at term 1 for REJECTED
2025-10-22 08:24:56,928 [1c036820-4dbe-4abe-80fb-5ca88de5e2f0@group-C626CE820278-LeaderElection126] INFO  impl.RoleInfo (RoleInfo.java:shutdownLeaderElection(141)) - 1c036820-4dbe-4abe-80fb-5ca88de5e2f0: shutdown 1c036820-4dbe-4abe-80fb-5ca88de5e2f0@group-C626CE820278-LeaderElection126
2025-10-22 08:24:56,928 [1c036820-4dbe-4abe-80fb-5ca88de5e2f0@group-C626CE820278-LeaderElection126] INFO  impl.RoleInfo (RoleInfo.java:updateAndGet(148)) - 1c036820-4dbe-4abe-80fb-5ca88de5e2f0: start 1c036820-4dbe-4abe-80fb-5ca88de5e2f0@group-C626CE820278-FollowerState
2025-10-22 08:24:57,243 [grpc-default-executor-0] ERROR impl.OrderedAsync (OrderedAsync.java:lambda$null$6(215)) -  client-E7D2C87CB263: Failed* RaftClientRequest:client-E7D2C87CB263->1c036820-4dbe-4abe-80fb-5ca88de5e2f0@group-5E2F154B5BDB, cid=40, seq=1*, Watch(0), null
java.util.concurrent.CompletionException: org.apache.ratis.protocol.exceptions.NotLeaderException: Server 1c036820-4dbe-4abe-80fb-5ca88de5e2f0@group-5E2F154B5BDB is not the leader
	at java.base/java.util.concurrent.CompletableFuture.encodeThrowable(CompletableFuture.java:332)
	at java.base/java.util.concurrent.CompletableFuture.completeThrowable(CompletableFuture.java:347)
	at java.base/java.util.concurrent.CompletableFuture$UniAccept.tryFire(CompletableFuture.java:708)
	at java.base/java.util.concurrent.CompletableFuture.postComplete(CompletableFuture.java:510)
	at java.base/java.util.concurrent.CompletableFuture.completeExceptionally(CompletableFuture.java:2194)
	at org.apache.ratis.grpc.client.GrpcClientProtocolClient$AsyncStreamObservers.completeReplyExceptionally(GrpcClientProtocolClient.java:397)
	at org.apache.ratis.grpc.client.GrpcClientProtocolClient$AsyncStreamObservers.access$000(GrpcClientProtocolClient.java:303)
	at org.apache.ratis.grpc.client.GrpcClientProtocolClient$AsyncStreamObservers$1.onNext(GrpcClientProtocolClient.java:317)
	at org.apache.ratis.grpc.client.GrpcClientProtocolClient$AsyncStreamObservers$1.onNext(GrpcClientProtocolClient.java:308)
	at org.apache.ratis.thirdparty.io.grpc.stub.ClientCalls$StreamObserverToCallListenerAdapter.onMessage(ClientCalls.java:551)
	at org.apache.ratis.thirdparty.io.grpc.ForwardingClientCallListener.onMessage(ForwardingClientCallListener.java:33)
	at org.apache.ratis.thirdparty.io.grpc.internal.ClientCallImpl$ClientStreamListenerImpl$1MessagesAvailable.runInternal(ClientCallImpl.java:661)
	at org.apache.ratis.thirdparty.io.grpc.internal.ClientCallImpl$ClientStreamListenerImpl$1MessagesAvailable.runInContext(ClientCallImpl.java:648)
	at org.apache.ratis.thirdparty.io.grpc.internal.ContextRunnable.run(ContextRunnable.java:37)
	at org.apache.ratis.thirdparty.io.grpc.internal.SerializingExecutor.run(SerializingExecutor.java:133)
	at java.base/java.util.concurrent.ThreadPoolExecutor.runWorker(ThreadPoolExecutor.java:1144)
	at java.base/java.util.concurrent.ThreadPoolExecutor$Worker.run(ThreadPoolExecutor.java:642)
	at java.base/java.lang.Thread.run(Thread.java:1583)
Caused by: org.apache.ratis.protocol.exceptions.NotLeaderException: Server 1c036820-4dbe-4abe-80fb-5ca88de5e2f0@group-5E2F154B5BDB is not the leader
	at org.apache.ratis.client.impl.ClientProtoUtils.toRaftClientReply(ClientProtoUtils.java:402)
	at org.apache.ratis.grpc.client.GrpcClientProtocolClient$AsyncStreamObservers$1.onNext(GrpcClientProtocolClient.java:313)
	... 10 more
2025-10-22 08:24:57,400 [1c036820-4dbe-4abe-80fb-5ca88de5e2f0@group-5E2F154B5BDB-FollowerState] INFO  impl.FollowerState (FollowerState.java:runImpl(161)) - 1c036820-4dbe-4abe-80fb-5ca88de5e2f0@group-5E2F154B5BDB-FollowerState: change to CANDIDATE, lastRpcElapsedTime:1016428605ns, electionTimeout:1016ms
2025-10-22 08:24:57,400 [1c036820-4dbe-4abe-80fb-5ca88de5e2f0@group-5E2F154B5BDB-FollowerState] INFO  impl.RoleInfo (RoleInfo.java:shutdownFollowerState(121)) - 1c036820-4dbe-4abe-80fb-5ca88de5e2f0: shutdown 1c036820-4dbe-4abe-80fb-5ca88de5e2f0@group-5E2F154B5BDB-FollowerState
2025-10-22 08:24:57,400 [1c036820-4dbe-4abe-80fb-5ca88de5e2f0@group-5E2F154B5BDB-FollowerState] INFO  server.RaftServer$Division (RaftServerImpl.java:setRole(392)) - 1c036820-4dbe-4abe-80fb-5ca88de5e2f0@group-5E2F154B5BDB: changes role from  FOLLOWER to CANDIDATE at term 2 for changeToCandidate
2025-10-22 08:24:57,401 [1c036820-4dbe-4abe-80fb-5ca88de5e2f0@group-5E2F154B5BDB-FollowerState] INFO  impl.RoleInfo (RoleInfo.java:updateAndGet(148)) - 1c036820-4dbe-4abe-80fb-5ca88de5e2f0: start 1c036820-4dbe-4abe-80fb-5ca88de5e2f0@group-5E2F154B5BDB-LeaderElection127
2025-10-22 08:24:57,401 [1c036820-4dbe-4abe-80fb-5ca88de5e2f0@group-5E2F154B5BDB-LeaderElection127] INFO  impl.LeaderElection (LeaderElection.java:askForVotes(448)) - 1c036820-4dbe-4abe-80fb-5ca88de5e2f0@group-5E2F154B5BDB-LeaderElection127 PRE_VOTE round 0: submit vote requests at term 2 for conf: {index: 1, cur=peers:[4d8a2798-959e-416b-b534-19c13b55a760|127.0.0.1:15023, 1c036820-4dbe-4abe-80fb-5ca88de5e2f0|127.0.0.1:15015, 40df8fc4-149d-40c0-897d-2844034d8141|127.0.0.1:15031]|listeners:[], old=null}
2025-10-22 08:24:57,402 [1c036820-4dbe-4abe-80fb-5ca88de5e2f0@group-5E2F154B5BDB-LeaderElection127] INFO  impl.LeaderElection (LogUtils.java:infoOrTrace(142)) - 1c036820-4dbe-4abe-80fb-5ca88de5e2f0@group-5E2F154B5BDB-LeaderElection127 got exception when requesting votes: java.util.concurrent.ExecutionException: org.apache.ratis.thirdparty.io.grpc.StatusRuntimeException: UNAVAILABLE: io exception
2025-10-22 08:24:57,402 [1c036820-4dbe-4abe-80fb-5ca88de5e2f0@group-5E2F154B5BDB-LeaderElection127] INFO  impl.LeaderElection (LogUtils.java:infoOrTrace(142)) - 1c036820-4dbe-4abe-80fb-5ca88de5e2f0@group-5E2F154B5BDB-LeaderElection127 got exception when requesting votes: java.util.concurrent.ExecutionException: org.apache.ratis.thirdparty.io.grpc.StatusRuntimeException: UNAVAILABLE: io exception
2025-10-22 08:24:57,402 [1c036820-4dbe-4abe-80fb-5ca88de5e2f0@group-5E2F154B5BDB-LeaderElection127] INFO  impl.LeaderElection (LeaderElection.java:logAndReturn(206)) - 1c036820-4dbe-4abe-80fb-5ca88de5e2f0@group-5E2F154B5BDB-LeaderElection127: PRE_VOTE REJECTED received 0 response(s) and 2 exception(s):
2025-10-22 08:24:57,402 [1c036820-4dbe-4abe-80fb-5ca88de5e2f0@group-5E2F154B5BDB-LeaderElection127] INFO  impl.LeaderElection (LogUtils.java:infoOrTrace(142)) -   Exception 0: java.util.concurrent.ExecutionException: org.apache.ratis.thirdparty.io.grpc.StatusRuntimeException: UNAVAILABLE: io exception
2025-10-22 08:24:57,402 [1c036820-4dbe-4abe-80fb-5ca88de5e2f0@group-5E2F154B5BDB-LeaderElection127] INFO  impl.LeaderElection (LogUtils.java:infoOrTrace(142)) -   Exception 1: java.util.concurrent.ExecutionException: org.apache.ratis.thirdparty.io.grpc.StatusRuntimeException: UNAVAILABLE: io exception
2025-10-22 08:24:57,402 [1c036820-4dbe-4abe-80fb-5ca88de5e2f0@group-5E2F154B5BDB-LeaderElection127] INFO  impl.LeaderElection (LeaderElection.java:askForVotes(450)) - 1c036820-4dbe-4abe-80fb-5ca88de5e2f0@group-5E2F154B5BDB-LeaderElection127 PRE_VOTE round 0: result REJECTED
2025-10-22 08:24:57,402 [1c036820-4dbe-4abe-80fb-5ca88de5e2f0@group-5E2F154B5BDB-LeaderElection127] INFO  server.RaftServer$Division (RaftServerImpl.java:setRole(392)) - 1c036820-4dbe-4abe-80fb-5ca88de5e2f0@group-5E2F154B5BDB: changes role from CANDIDATE to FOLLOWER at term 2 for REJECTED
2025-10-22 08:24:57,402 [1c036820-4dbe-4abe-80fb-5ca88de5e2f0@group-5E2F154B5BDB-LeaderElection127] INFO  impl.RoleInfo (RoleInfo.java:shutdownLeaderElection(141)) - 1c036820-4dbe-4abe-80fb-5ca88de5e2f0: shutdown 1c036820-4dbe-4abe-80fb-5ca88de5e2f0@group-5E2F154B5BDB-LeaderElection127
2025-10-22 08:24:57,402 [1c036820-4dbe-4abe-80fb-5ca88de5e2f0@group-5E2F154B5BDB-LeaderElection127] INFO  impl.RoleInfo (RoleInfo.java:updateAndGet(148)) - 1c036820-4dbe-4abe-80fb-5ca88de5e2f0: start 1c036820-4dbe-4abe-80fb-5ca88de5e2f0@group-5E2F154B5BDB-FollowerState
2025-10-22 08:24:58,038 [1c036820-4dbe-4abe-80fb-5ca88de5e2f0@group-C626CE820278-FollowerState] INFO  impl.FollowerState (FollowerState.java:runImpl(161)) - 1c036820-4dbe-4abe-80fb-5ca88de5e2f0@group-C626CE820278-FollowerState: change to CANDIDATE, lastRpcElapsedTime:1110275837ns, electionTimeout:1110ms
2025-10-22 08:24:58,038 [1c036820-4dbe-4abe-80fb-5ca88de5e2f0@group-C626CE820278-FollowerState] INFO  impl.RoleInfo (RoleInfo.java:shutdownFollowerState(121)) - 1c036820-4dbe-4abe-80fb-5ca88de5e2f0: shutdown 1c036820-4dbe-4abe-80fb-5ca88de5e2f0@group-C626CE820278-FollowerState
2025-10-22 08:24:58,038 [1c036820-4dbe-4abe-80fb-5ca88de5e2f0@group-C626CE820278-FollowerState] INFO  server.RaftServer$Division (RaftServerImpl.java:setRole(392)) - 1c036820-4dbe-4abe-80fb-5ca88de5e2f0@group-C626CE820278: changes role from  FOLLOWER to CANDIDATE at term 1 for changeToCandidate
2025-10-22 08:24:58,038 [1c036820-4dbe-4abe-80fb-5ca88de5e2f0@group-C626CE820278-FollowerState] INFO  impl.RoleInfo (RoleInfo.java:updateAndGet(148)) - 1c036820-4dbe-4abe-80fb-5ca88de5e2f0: start 1c036820-4dbe-4abe-80fb-5ca88de5e2f0@group-C626CE820278-LeaderElection128
2025-10-22 08:24:58,039 [1c036820-4dbe-4abe-80fb-5ca88de5e2f0@group-C626CE820278-LeaderElection128] INFO  impl.LeaderElection (LeaderElection.java:askForVotes(448)) - 1c036820-4dbe-4abe-80fb-5ca88de5e2f0@group-C626CE820278-LeaderElection128 PRE_VOTE round 0: submit vote requests at term 1 for conf: {index: 0, cur=peers:[4d8a2798-959e-416b-b534-19c13b55a760|127.0.0.1:15023, 1c036820-4dbe-4abe-80fb-5ca88de5e2f0|127.0.0.1:15015, 40df8fc4-149d-40c0-897d-2844034d8141|127.0.0.1:15031]|listeners:[], old=null}
2025-10-22 08:24:58,039 [1c036820-4dbe-4abe-80fb-5ca88de5e2f0@group-C626CE820278-LeaderElection128] INFO  impl.LeaderElection (LogUtils.java:infoOrTrace(142)) - 1c036820-4dbe-4abe-80fb-5ca88de5e2f0@group-C626CE820278-LeaderElection128 got exception when requesting votes: java.util.concurrent.ExecutionException: org.apache.ratis.thirdparty.io.grpc.StatusRuntimeException: UNAVAILABLE: io exception
2025-10-22 08:24:58,040 [1c036820-4dbe-4abe-80fb-5ca88de5e2f0@group-C626CE820278-LeaderElection128] INFO  impl.LeaderElection (LogUtils.java:infoOrTrace(142)) - 1c036820-4dbe-4abe-80fb-5ca88de5e2f0@group-C626CE820278-LeaderElection128 got exception when requesting votes: java.util.concurrent.ExecutionException: org.apache.ratis.thirdparty.io.grpc.StatusRuntimeException: UNAVAILABLE: io exception
2025-10-22 08:24:58,040 [1c036820-4dbe-4abe-80fb-5ca88de5e2f0@group-C626CE820278-LeaderElection128] INFO  impl.LeaderElection (LeaderElection.java:logAndReturn(206)) - 1c036820-4dbe-4abe-80fb-5ca88de5e2f0@group-C626CE820278-LeaderElection128: PRE_VOTE REJECTED received 0 response(s) and 2 exception(s):
2025-10-22 08:24:58,040 [1c036820-4dbe-4abe-80fb-5ca88de5e2f0@group-C626CE820278-LeaderElection128] INFO  impl.LeaderElection (LogUtils.java:infoOrTrace(142)) -   Exception 0: java.util.concurrent.ExecutionException: org.apache.ratis.thirdparty.io.grpc.StatusRuntimeException: UNAVAILABLE: io exception
2025-10-22 08:24:58,040 [1c036820-4dbe-4abe-80fb-5ca88de5e2f0@group-C626CE820278-LeaderElection128] INFO  impl.LeaderElection (LogUtils.java:infoOrTrace(142)) -   Exception 1: java.util.concurrent.ExecutionException: org.apache.ratis.thirdparty.io.grpc.StatusRuntimeException: UNAVAILABLE: io exception
2025-10-22 08:24:58,040 [1c036820-4dbe-4abe-80fb-5ca88de5e2f0@group-C626CE820278-LeaderElection128] INFO  impl.LeaderElection (LeaderElection.java:askForVotes(450)) - 1c036820-4dbe-4abe-80fb-5ca88de5e2f0@group-C626CE820278-LeaderElection128 PRE_VOTE round 0: result REJECTED
2025-10-22 08:24:58,040 [1c036820-4dbe-4abe-80fb-5ca88de5e2f0@group-C626CE820278-LeaderElection128] INFO  server.RaftServer$Division (RaftServerImpl.java:setRole(392)) - 1c036820-4dbe-4abe-80fb-5ca88de5e2f0@group-C626CE820278: changes role from CANDIDATE to FOLLOWER at term 1 for REJECTED
2025-10-22 08:24:58,040 [1c036820-4dbe-4abe-80fb-5ca88de5e2f0@group-C626CE820278-LeaderElection128] INFO  impl.RoleInfo (RoleInfo.java:shutdownLeaderElection(141)) - 1c036820-4dbe-4abe-80fb-5ca88de5e2f0: shutdown 1c036820-4dbe-4abe-80fb-5ca88de5e2f0@group-C626CE820278-LeaderElection128
2025-10-22 08:24:58,040 [1c036820-4dbe-4abe-80fb-5ca88de5e2f0@group-C626CE820278-LeaderElection128] INFO  impl.RoleInfo (RoleInfo.java:updateAndGet(148)) - 1c036820-4dbe-4abe-80fb-5ca88de5e2f0: start 1c036820-4dbe-4abe-80fb-5ca88de5e2f0@group-C626CE820278-FollowerState
2025-10-22 08:24:58,511 [1c036820-4dbe-4abe-80fb-5ca88de5e2f0@group-5E2F154B5BDB-FollowerState] INFO  impl.FollowerState (FollowerState.java:runImpl(161)) - 1c036820-4dbe-4abe-80fb-5ca88de5e2f0@group-5E2F154B5BDB-FollowerState: change to CANDIDATE, lastRpcElapsedTime:1109382042ns, electionTimeout:1109ms
2025-10-22 08:24:58,512 [1c036820-4dbe-4abe-80fb-5ca88de5e2f0@group-5E2F154B5BDB-FollowerState] INFO  impl.RoleInfo (RoleInfo.java:shutdownFollowerState(121)) - 1c036820-4dbe-4abe-80fb-5ca88de5e2f0: shutdown 1c036820-4dbe-4abe-80fb-5ca88de5e2f0@group-5E2F154B5BDB-FollowerState
2025-10-22 08:24:58,512 [1c036820-4dbe-4abe-80fb-5ca88de5e2f0@group-5E2F154B5BDB-FollowerState] INFO  server.RaftServer$Division (RaftServerImpl.java:setRole(392)) - 1c036820-4dbe-4abe-80fb-5ca88de5e2f0@group-5E2F154B5BDB: changes role from  FOLLOWER to CANDIDATE at term 2 for changeToCandidate
2025-10-22 08:24:58,512 [1c036820-4dbe-4abe-80fb-5ca88de5e2f0@group-5E2F154B5BDB-FollowerState] INFO  impl.RoleInfo (RoleInfo.java:updateAndGet(148)) - 1c036820-4dbe-4abe-80fb-5ca88de5e2f0: start 1c036820-4dbe-4abe-80fb-5ca88de5e2f0@group-5E2F154B5BDB-LeaderElection129
2025-10-22 08:24:58,512 [1c036820-4dbe-4abe-80fb-5ca88de5e2f0@group-5E2F154B5BDB-LeaderElection129] INFO  impl.LeaderElection (LeaderElection.java:askForVotes(448)) - 1c036820-4dbe-4abe-80fb-5ca88de5e2f0@group-5E2F154B5BDB-LeaderElection129 PRE_VOTE round 0: submit vote requests at term 2 for conf: {index: 1, cur=peers:[4d8a2798-959e-416b-b534-19c13b55a760|127.0.0.1:15023, 1c036820-4dbe-4abe-80fb-5ca88de5e2f0|127.0.0.1:15015, 40df8fc4-149d-40c0-897d-2844034d8141|127.0.0.1:15031]|listeners:[], old=null}
2025-10-22 08:24:58,513 [1c036820-4dbe-4abe-80fb-5ca88de5e2f0@group-5E2F154B5BDB-LeaderElection129] INFO  impl.LeaderElection (LogUtils.java:infoOrTrace(142)) - 1c036820-4dbe-4abe-80fb-5ca88de5e2f0@group-5E2F154B5BDB-LeaderElection129 got exception when requesting votes: java.util.concurrent.ExecutionException: org.apache.ratis.thirdparty.io.grpc.StatusRuntimeException: UNAVAILABLE: io exception
2025-10-22 08:24:58,513 [1c036820-4dbe-4abe-80fb-5ca88de5e2f0@group-5E2F154B5BDB-LeaderElection129] INFO  impl.LeaderElection (LogUtils.java:infoOrTrace(142)) - 1c036820-4dbe-4abe-80fb-5ca88de5e2f0@group-5E2F154B5BDB-LeaderElection129 got exception when requesting votes: java.util.concurrent.ExecutionException: org.apache.ratis.thirdparty.io.grpc.StatusRuntimeException: UNAVAILABLE: io exception
2025-10-22 08:24:58,513 [1c036820-4dbe-4abe-80fb-5ca88de5e2f0@group-5E2F154B5BDB-LeaderElection129] INFO  impl.LeaderElection (LeaderElection.java:logAndReturn(206)) - 1c036820-4dbe-4abe-80fb-5ca88de5e2f0@group-5E2F154B5BDB-LeaderElection129: PRE_VOTE REJECTED received 0 response(s) and 2 exception(s):
2025-10-22 08:24:58,513 [1c036820-4dbe-4abe-80fb-5ca88de5e2f0@group-5E2F154B5BDB-LeaderElection129] INFO  impl.LeaderElection (LogUtils.java:infoOrTrace(142)) -   Exception 0: java.util.concurrent.ExecutionException: org.apache.ratis.thirdparty.io.grpc.StatusRuntimeException: UNAVAILABLE: io exception
2025-10-22 08:24:58,513 [1c036820-4dbe-4abe-80fb-5ca88de5e2f0@group-5E2F154B5BDB-LeaderElection129] INFO  impl.LeaderElection (LogUtils.java:infoOrTrace(142)) -   Exception 1: java.util.concurrent.ExecutionException: org.apache.ratis.thirdparty.io.grpc.StatusRuntimeException: UNAVAILABLE: io exception
2025-10-22 08:24:58,513 [1c036820-4dbe-4abe-80fb-5ca88de5e2f0@group-5E2F154B5BDB-LeaderElection129] INFO  impl.LeaderElection (LeaderElection.java:askForVotes(450)) - 1c036820-4dbe-4abe-80fb-5ca88de5e2f0@group-5E2F154B5BDB-LeaderElection129 PRE_VOTE round 0: result REJECTED
2025-10-22 08:24:58,513 [1c036820-4dbe-4abe-80fb-5ca88de5e2f0@group-5E2F154B5BDB-LeaderElection129] INFO  server.RaftServer$Division (RaftServerImpl.java:setRole(392)) - 1c036820-4dbe-4abe-80fb-5ca88de5e2f0@group-5E2F154B5BDB: changes role from CANDIDATE to FOLLOWER at term 2 for REJECTED
2025-10-22 08:24:58,513 [1c036820-4dbe-4abe-80fb-5ca88de5e2f0@group-5E2F154B5BDB-LeaderElection129] INFO  impl.RoleInfo (RoleInfo.java:shutdownLeaderElection(141)) - 1c036820-4dbe-4abe-80fb-5ca88de5e2f0: shutdown 1c036820-4dbe-4abe-80fb-5ca88de5e2f0@group-5E2F154B5BDB-LeaderElection129
2025-10-22 08:24:58,513 [1c036820-4dbe-4abe-80fb-5ca88de5e2f0@group-5E2F154B5BDB-LeaderElection129] INFO  impl.RoleInfo (RoleInfo.java:updateAndGet(148)) - 1c036820-4dbe-4abe-80fb-5ca88de5e2f0: start 1c036820-4dbe-4abe-80fb-5ca88de5e2f0@group-5E2F154B5BDB-FollowerState
2025-10-22 08:24:59,050 [1c036820-4dbe-4abe-80fb-5ca88de5e2f0@group-C626CE820278-FollowerState] INFO  impl.FollowerState (FollowerState.java:runImpl(161)) - 1c036820-4dbe-4abe-80fb-5ca88de5e2f0@group-C626CE820278-FollowerState: change to CANDIDATE, lastRpcElapsedTime:1010297317ns, electionTimeout:1010ms
2025-10-22 08:24:59,051 [1c036820-4dbe-4abe-80fb-5ca88de5e2f0@group-C626CE820278-FollowerState] INFO  impl.RoleInfo (RoleInfo.java:shutdownFollowerState(121)) - 1c036820-4dbe-4abe-80fb-5ca88de5e2f0: shutdown 1c036820-4dbe-4abe-80fb-5ca88de5e2f0@group-C626CE820278-FollowerState
2025-10-22 08:24:59,051 [1c036820-4dbe-4abe-80fb-5ca88de5e2f0@group-C626CE820278-FollowerState] INFO  server.RaftServer$Division (RaftServerImpl.java:setRole(392)) - 1c036820-4dbe-4abe-80fb-5ca88de5e2f0@group-C626CE820278: changes role from  FOLLOWER to CANDIDATE at term 1 for changeToCandidate
2025-10-22 08:24:59,051 [1c036820-4dbe-4abe-80fb-5ca88de5e2f0@group-C626CE820278-FollowerState] INFO  impl.RoleInfo (RoleInfo.java:updateAndGet(148)) - 1c036820-4dbe-4abe-80fb-5ca88de5e2f0: start 1c036820-4dbe-4abe-80fb-5ca88de5e2f0@group-C626CE820278-LeaderElection130
2025-10-22 08:24:59,051 [1c036820-4dbe-4abe-80fb-5ca88de5e2f0@group-C626CE820278-LeaderElection130] INFO  impl.LeaderElection (LeaderElection.java:askForVotes(448)) - 1c036820-4dbe-4abe-80fb-5ca88de5e2f0@group-C626CE820278-LeaderElection130 PRE_VOTE round 0: submit vote requests at term 1 for conf: {index: 0, cur=peers:[4d8a2798-959e-416b-b534-19c13b55a760|127.0.0.1:15023, 1c036820-4dbe-4abe-80fb-5ca88de5e2f0|127.0.0.1:15015, 40df8fc4-149d-40c0-897d-2844034d8141|127.0.0.1:15031]|listeners:[], old=null}
2025-10-22 08:24:59,052 [1c036820-4dbe-4abe-80fb-5ca88de5e2f0@group-C626CE820278-LeaderElection130] INFO  impl.LeaderElection (LogUtils.java:infoOrTrace(142)) - 1c036820-4dbe-4abe-80fb-5ca88de5e2f0@group-C626CE820278-LeaderElection130 got exception when requesting votes: java.util.concurrent.ExecutionException: org.apache.ratis.thirdparty.io.grpc.StatusRuntimeException: UNAVAILABLE: io exception
2025-10-22 08:24:59,052 [1c036820-4dbe-4abe-80fb-5ca88de5e2f0@group-C626CE820278-LeaderElection130] INFO  impl.LeaderElection (LogUtils.java:infoOrTrace(142)) - 1c036820-4dbe-4abe-80fb-5ca88de5e2f0@group-C626CE820278-LeaderElection130 got exception when requesting votes: java.util.concurrent.ExecutionException: org.apache.ratis.thirdparty.io.grpc.StatusRuntimeException: UNAVAILABLE: io exception
2025-10-22 08:24:59,052 [1c036820-4dbe-4abe-80fb-5ca88de5e2f0@group-C626CE820278-LeaderElection130] INFO  impl.LeaderElection (LeaderElection.java:logAndReturn(206)) - 1c036820-4dbe-4abe-80fb-5ca88de5e2f0@group-C626CE820278-LeaderElection130: PRE_VOTE REJECTED received 0 response(s) and 2 exception(s):
2025-10-22 08:24:59,052 [1c036820-4dbe-4abe-80fb-5ca88de5e2f0@group-C626CE820278-LeaderElection130] INFO  impl.LeaderElection (LogUtils.java:infoOrTrace(142)) -   Exception 0: java.util.concurrent.ExecutionException: org.apache.ratis.thirdparty.io.grpc.StatusRuntimeException: UNAVAILABLE: io exception
2025-10-22 08:24:59,052 [1c036820-4dbe-4abe-80fb-5ca88de5e2f0@group-C626CE820278-LeaderElection130] INFO  impl.LeaderElection (LogUtils.java:infoOrTrace(142)) -   Exception 1: java.util.concurrent.ExecutionException: org.apache.ratis.thirdparty.io.grpc.StatusRuntimeException: UNAVAILABLE: io exception
2025-10-22 08:24:59,052 [1c036820-4dbe-4abe-80fb-5ca88de5e2f0@group-C626CE820278-LeaderElection130] INFO  impl.LeaderElection (LeaderElection.java:askForVotes(450)) - 1c036820-4dbe-4abe-80fb-5ca88de5e2f0@group-C626CE820278-LeaderElection130 PRE_VOTE round 0: result REJECTED
2025-10-22 08:24:59,052 [1c036820-4dbe-4abe-80fb-5ca88de5e2f0@group-C626CE820278-LeaderElection130] INFO  server.RaftServer$Division (RaftServerImpl.java:setRole(392)) - 1c036820-4dbe-4abe-80fb-5ca88de5e2f0@group-C626CE820278: changes role from CANDIDATE to FOLLOWER at term 1 for REJECTED
2025-10-22 08:24:59,052 [1c036820-4dbe-4abe-80fb-5ca88de5e2f0@group-C626CE820278-LeaderElection130] INFO  impl.RoleInfo (RoleInfo.java:shutdownLeaderElection(141)) - 1c036820-4dbe-4abe-80fb-5ca88de5e2f0: shutdown 1c036820-4dbe-4abe-80fb-5ca88de5e2f0@group-C626CE820278-LeaderElection130
2025-10-22 08:24:59,052 [1c036820-4dbe-4abe-80fb-5ca88de5e2f0@group-C626CE820278-LeaderElection130] INFO  impl.RoleInfo (RoleInfo.java:updateAndGet(148)) - 1c036820-4dbe-4abe-80fb-5ca88de5e2f0: start 1c036820-4dbe-4abe-80fb-5ca88de5e2f0@group-C626CE820278-FollowerState
2025-10-22 08:24:59,583 [1c036820-4dbe-4abe-80fb-5ca88de5e2f0@group-5E2F154B5BDB-FollowerState] INFO  impl.FollowerState (FollowerState.java:runImpl(161)) - 1c036820-4dbe-4abe-80fb-5ca88de5e2f0@group-5E2F154B5BDB-FollowerState: change to CANDIDATE, lastRpcElapsedTime:1069286434ns, electionTimeout:1069ms
2025-10-22 08:24:59,583 [1c036820-4dbe-4abe-80fb-5ca88de5e2f0@group-5E2F154B5BDB-FollowerState] INFO  impl.RoleInfo (RoleInfo.java:shutdownFollowerState(121)) - 1c036820-4dbe-4abe-80fb-5ca88de5e2f0: shutdown 1c036820-4dbe-4abe-80fb-5ca88de5e2f0@group-5E2F154B5BDB-FollowerState
2025-10-22 08:24:59,583 [1c036820-4dbe-4abe-80fb-5ca88de5e2f0@group-5E2F154B5BDB-FollowerState] INFO  server.RaftServer$Division (RaftServerImpl.java:setRole(392)) - 1c036820-4dbe-4abe-80fb-5ca88de5e2f0@group-5E2F154B5BDB: changes role from  FOLLOWER to CANDIDATE at term 2 for changeToCandidate
2025-10-22 08:24:59,583 [1c036820-4dbe-4abe-80fb-5ca88de5e2f0@group-5E2F154B5BDB-FollowerState] INFO  impl.RoleInfo (RoleInfo.java:updateAndGet(148)) - 1c036820-4dbe-4abe-80fb-5ca88de5e2f0: start 1c036820-4dbe-4abe-80fb-5ca88de5e2f0@group-5E2F154B5BDB-LeaderElection131
2025-10-22 08:24:59,583 [1c036820-4dbe-4abe-80fb-5ca88de5e2f0@group-5E2F154B5BDB-LeaderElection131] INFO  impl.LeaderElection (LeaderElection.java:askForVotes(448)) - 1c036820-4dbe-4abe-80fb-5ca88de5e2f0@group-5E2F154B5BDB-LeaderElection131 PRE_VOTE round 0: submit vote requests at term 2 for conf: {index: 1, cur=peers:[4d8a2798-959e-416b-b534-19c13b55a760|127.0.0.1:15023, 1c036820-4dbe-4abe-80fb-5ca88de5e2f0|127.0.0.1:15015, 40df8fc4-149d-40c0-897d-2844034d8141|127.0.0.1:15031]|listeners:[], old=null}
2025-10-22 08:24:59,584 [1c036820-4dbe-4abe-80fb-5ca88de5e2f0@group-5E2F154B5BDB-LeaderElection131] INFO  impl.LeaderElection (LogUtils.java:infoOrTrace(142)) - 1c036820-4dbe-4abe-80fb-5ca88de5e2f0@group-5E2F154B5BDB-LeaderElection131 got exception when requesting votes: java.util.concurrent.ExecutionException: org.apache.ratis.thirdparty.io.grpc.StatusRuntimeException: UNAVAILABLE: io exception
2025-10-22 08:24:59,584 [1c036820-4dbe-4abe-80fb-5ca88de5e2f0@group-5E2F154B5BDB-LeaderElection131] INFO  impl.LeaderElection (LogUtils.java:infoOrTrace(142)) - 1c036820-4dbe-4abe-80fb-5ca88de5e2f0@group-5E2F154B5BDB-LeaderElection131 got exception when requesting votes: java.util.concurrent.ExecutionException: org.apache.ratis.thirdparty.io.grpc.StatusRuntimeException: UNAVAILABLE: io exception
2025-10-22 08:24:59,584 [1c036820-4dbe-4abe-80fb-5ca88de5e2f0@group-5E2F154B5BDB-LeaderElection131] INFO  impl.LeaderElection (LeaderElection.java:logAndReturn(206)) - 1c036820-4dbe-4abe-80fb-5ca88de5e2f0@group-5E2F154B5BDB-LeaderElection131: PRE_VOTE REJECTED received 0 response(s) and 2 exception(s):
2025-10-22 08:24:59,584 [1c036820-4dbe-4abe-80fb-5ca88de5e2f0@group-5E2F154B5BDB-LeaderElection131] INFO  impl.LeaderElection (LogUtils.java:infoOrTrace(142)) -   Exception 0: java.util.concurrent.ExecutionException: org.apache.ratis.thirdparty.io.grpc.StatusRuntimeException: UNAVAILABLE: io exception
2025-10-22 08:24:59,584 [1c036820-4dbe-4abe-80fb-5ca88de5e2f0@group-5E2F154B5BDB-LeaderElection131] INFO  impl.LeaderElection (LogUtils.java:infoOrTrace(142)) -   Exception 1: java.util.concurrent.ExecutionException: org.apache.ratis.thirdparty.io.grpc.StatusRuntimeException: UNAVAILABLE: io exception
2025-10-22 08:24:59,584 [1c036820-4dbe-4abe-80fb-5ca88de5e2f0@group-5E2F154B5BDB-LeaderElection131] INFO  impl.LeaderElection (LeaderElection.java:askForVotes(450)) - 1c036820-4dbe-4abe-80fb-5ca88de5e2f0@group-5E2F154B5BDB-LeaderElection131 PRE_VOTE round 0: result REJECTED
2025-10-22 08:24:59,584 [1c036820-4dbe-4abe-80fb-5ca88de5e2f0@group-5E2F154B5BDB-LeaderElection131] INFO  server.RaftServer$Division (RaftServerImpl.java:setRole(392)) - 1c036820-4dbe-4abe-80fb-5ca88de5e2f0@group-5E2F154B5BDB: changes role from CANDIDATE to FOLLOWER at term 2 for REJECTED
2025-10-22 08:24:59,584 [1c036820-4dbe-4abe-80fb-5ca88de5e2f0@group-5E2F154B5BDB-LeaderElection131] INFO  impl.RoleInfo (RoleInfo.java:shutdownLeaderElection(141)) - 1c036820-4dbe-4abe-80fb-5ca88de5e2f0: shutdown 1c036820-4dbe-4abe-80fb-5ca88de5e2f0@group-5E2F154B5BDB-LeaderElection131
2025-10-22 08:24:59,584 [1c036820-4dbe-4abe-80fb-5ca88de5e2f0@group-5E2F154B5BDB-LeaderElection131] INFO  impl.RoleInfo (RoleInfo.java:updateAndGet(148)) - 1c036820-4dbe-4abe-80fb-5ca88de5e2f0: start 1c036820-4dbe-4abe-80fb-5ca88de5e2f0@group-5E2F154B5BDB-FollowerState
2025-10-22 08:25:00,210 [1c036820-4dbe-4abe-80fb-5ca88de5e2f0@group-C626CE820278-FollowerState] INFO  impl.FollowerState (FollowerState.java:runImpl(161)) - 1c036820-4dbe-4abe-80fb-5ca88de5e2f0@group-C626CE820278-FollowerState: change to CANDIDATE, lastRpcElapsedTime:1157361560ns, electionTimeout:1157ms
2025-10-22 08:25:00,210 [1c036820-4dbe-4abe-80fb-5ca88de5e2f0@group-C626CE820278-FollowerState] INFO  impl.RoleInfo (RoleInfo.java:shutdownFollowerState(121)) - 1c036820-4dbe-4abe-80fb-5ca88de5e2f0: shutdown 1c036820-4dbe-4abe-80fb-5ca88de5e2f0@group-C626CE820278-FollowerState
2025-10-22 08:25:00,210 [1c036820-4dbe-4abe-80fb-5ca88de5e2f0@group-C626CE820278-FollowerState] INFO  server.RaftServer$Division (RaftServerImpl.java:setRole(392)) - 1c036820-4dbe-4abe-80fb-5ca88de5e2f0@group-C626CE820278: changes role from  FOLLOWER to CANDIDATE at term 1 for changeToCandidate
2025-10-22 08:25:00,210 [1c036820-4dbe-4abe-80fb-5ca88de5e2f0@group-C626CE820278-FollowerState] INFO  impl.RoleInfo (RoleInfo.java:updateAndGet(148)) - 1c036820-4dbe-4abe-80fb-5ca88de5e2f0: start 1c036820-4dbe-4abe-80fb-5ca88de5e2f0@group-C626CE820278-LeaderElection132
2025-10-22 08:25:00,210 [1c036820-4dbe-4abe-80fb-5ca88de5e2f0@group-C626CE820278-LeaderElection132] INFO  impl.LeaderElection (LeaderElection.java:askForVotes(448)) - 1c036820-4dbe-4abe-80fb-5ca88de5e2f0@group-C626CE820278-LeaderElection132 PRE_VOTE round 0: submit vote requests at term 1 for conf: {index: 0, cur=peers:[4d8a2798-959e-416b-b534-19c13b55a760|127.0.0.1:15023, 1c036820-4dbe-4abe-80fb-5ca88de5e2f0|127.0.0.1:15015, 40df8fc4-149d-40c0-897d-2844034d8141|127.0.0.1:15031]|listeners:[], old=null}
2025-10-22 08:25:00,211 [1c036820-4dbe-4abe-80fb-5ca88de5e2f0@group-C626CE820278-LeaderElection132] INFO  impl.LeaderElection (LogUtils.java:infoOrTrace(142)) - 1c036820-4dbe-4abe-80fb-5ca88de5e2f0@group-C626CE820278-LeaderElection132 got exception when requesting votes: java.util.concurrent.ExecutionException: org.apache.ratis.thirdparty.io.grpc.StatusRuntimeException: UNAVAILABLE: io exception
2025-10-22 08:25:00,211 [1c036820-4dbe-4abe-80fb-5ca88de5e2f0@group-C626CE820278-LeaderElection132] INFO  impl.LeaderElection (LogUtils.java:infoOrTrace(142)) - 1c036820-4dbe-4abe-80fb-5ca88de5e2f0@group-C626CE820278-LeaderElection132 got exception when requesting votes: java.util.concurrent.ExecutionException: org.apache.ratis.thirdparty.io.grpc.StatusRuntimeException: UNAVAILABLE: io exception
2025-10-22 08:25:00,211 [1c036820-4dbe-4abe-80fb-5ca88de5e2f0@group-C626CE820278-LeaderElection132] INFO  impl.LeaderElection (LeaderElection.java:logAndReturn(206)) - 1c036820-4dbe-4abe-80fb-5ca88de5e2f0@group-C626CE820278-LeaderElection132: PRE_VOTE REJECTED received 0 response(s) and 2 exception(s):
2025-10-22 08:25:00,211 [1c036820-4dbe-4abe-80fb-5ca88de5e2f0@group-C626CE820278-LeaderElection132] INFO  impl.LeaderElection (LogUtils.java:infoOrTrace(142)) -   Exception 0: java.util.concurrent.ExecutionException: org.apache.ratis.thirdparty.io.grpc.StatusRuntimeException: UNAVAILABLE: io exception
2025-10-22 08:25:00,211 [1c036820-4dbe-4abe-80fb-5ca88de5e2f0@group-C626CE820278-LeaderElection132] INFO  impl.LeaderElection (LogUtils.java:infoOrTrace(142)) -   Exception 1: java.util.concurrent.ExecutionException: org.apache.ratis.thirdparty.io.grpc.StatusRuntimeException: UNAVAILABLE: io exception
2025-10-22 08:25:00,211 [1c036820-4dbe-4abe-80fb-5ca88de5e2f0@group-C626CE820278-LeaderElection132] INFO  impl.LeaderElection (LeaderElection.java:askForVotes(450)) - 1c036820-4dbe-4abe-80fb-5ca88de5e2f0@group-C626CE820278-LeaderElection132 PRE_VOTE round 0: result REJECTED
2025-10-22 08:25:00,211 [1c036820-4dbe-4abe-80fb-5ca88de5e2f0@group-C626CE820278-LeaderElection132] INFO  server.RaftServer$Division (RaftServerImpl.java:setRole(392)) - 1c036820-4dbe-4abe-80fb-5ca88de5e2f0@group-C626CE820278: changes role from CANDIDATE to FOLLOWER at term 1 for REJECTED
2025-10-22 08:25:00,211 [1c036820-4dbe-4abe-80fb-5ca88de5e2f0@group-C626CE820278-LeaderElection132] INFO  impl.RoleInfo (RoleInfo.java:shutdownLeaderElection(141)) - 1c036820-4dbe-4abe-80fb-5ca88de5e2f0: shutdown 1c036820-4dbe-4abe-80fb-5ca88de5e2f0@group-C626CE820278-LeaderElection132
2025-10-22 08:25:00,211 [1c036820-4dbe-4abe-80fb-5ca88de5e2f0@group-C626CE820278-LeaderElection132] INFO  impl.RoleInfo (RoleInfo.java:updateAndGet(148)) - 1c036820-4dbe-4abe-80fb-5ca88de5e2f0: start 1c036820-4dbe-4abe-80fb-5ca88de5e2f0@group-C626CE820278-FollowerState
2025-10-22 08:25:00,746 [1c036820-4dbe-4abe-80fb-5ca88de5e2f0@group-5E2F154B5BDB-FollowerState] INFO  impl.FollowerState (FollowerState.java:runImpl(161)) - 1c036820-4dbe-4abe-80fb-5ca88de5e2f0@group-5E2F154B5BDB-FollowerState: change to CANDIDATE, lastRpcElapsedTime:1161342336ns, electionTimeout:1161ms
2025-10-22 08:25:00,746 [1c036820-4dbe-4abe-80fb-5ca88de5e2f0@group-5E2F154B5BDB-FollowerState] INFO  impl.RoleInfo (RoleInfo.java:shutdownFollowerState(121)) - 1c036820-4dbe-4abe-80fb-5ca88de5e2f0: shutdown 1c036820-4dbe-4abe-80fb-5ca88de5e2f0@group-5E2F154B5BDB-FollowerState
2025-10-22 08:25:00,746 [1c036820-4dbe-4abe-80fb-5ca88de5e2f0@group-5E2F154B5BDB-FollowerState] INFO  server.RaftServer$Division (RaftServerImpl.java:setRole(392)) - 1c036820-4dbe-4abe-80fb-5ca88de5e2f0@group-5E2F154B5BDB: changes role from  FOLLOWER to CANDIDATE at term 2 for changeToCandidate
2025-10-22 08:25:00,746 [1c036820-4dbe-4abe-80fb-5ca88de5e2f0@group-5E2F154B5BDB-FollowerState] INFO  impl.RoleInfo (RoleInfo.java:updateAndGet(148)) - 1c036820-4dbe-4abe-80fb-5ca88de5e2f0: start 1c036820-4dbe-4abe-80fb-5ca88de5e2f0@group-5E2F154B5BDB-LeaderElection133
2025-10-22 08:25:00,746 [1c036820-4dbe-4abe-80fb-5ca88de5e2f0@group-5E2F154B5BDB-LeaderElection133] INFO  impl.LeaderElection (LeaderElection.java:askForVotes(448)) - 1c036820-4dbe-4abe-80fb-5ca88de5e2f0@group-5E2F154B5BDB-LeaderElection133 PRE_VOTE round 0: submit vote requests at term 2 for conf: {index: 1, cur=peers:[4d8a2798-959e-416b-b534-19c13b55a760|127.0.0.1:15023, 1c036820-4dbe-4abe-80fb-5ca88de5e2f0|127.0.0.1:15015, 40df8fc4-149d-40c0-897d-2844034d8141|127.0.0.1:15031]|listeners:[], old=null}
2025-10-22 08:25:00,747 [1c036820-4dbe-4abe-80fb-5ca88de5e2f0@group-5E2F154B5BDB-LeaderElection133] INFO  impl.LeaderElection (LogUtils.java:infoOrTrace(142)) - 1c036820-4dbe-4abe-80fb-5ca88de5e2f0@group-5E2F154B5BDB-LeaderElection133 got exception when requesting votes: java.util.concurrent.ExecutionException: org.apache.ratis.thirdparty.io.grpc.StatusRuntimeException: UNAVAILABLE: io exception
2025-10-22 08:25:00,747 [1c036820-4dbe-4abe-80fb-5ca88de5e2f0@group-5E2F154B5BDB-LeaderElection133] INFO  impl.LeaderElection (LogUtils.java:infoOrTrace(142)) - 1c036820-4dbe-4abe-80fb-5ca88de5e2f0@group-5E2F154B5BDB-LeaderElection133 got exception when requesting votes: java.util.concurrent.ExecutionException: org.apache.ratis.thirdparty.io.grpc.StatusRuntimeException: UNAVAILABLE: io exception
2025-10-22 08:25:00,747 [1c036820-4dbe-4abe-80fb-5ca88de5e2f0@group-5E2F154B5BDB-LeaderElection133] INFO  impl.LeaderElection (LeaderElection.java:logAndReturn(206)) - 1c036820-4dbe-4abe-80fb-5ca88de5e2f0@group-5E2F154B5BDB-LeaderElection133: PRE_VOTE REJECTED received 0 response(s) and 2 exception(s):
2025-10-22 08:25:00,747 [1c036820-4dbe-4abe-80fb-5ca88de5e2f0@group-5E2F154B5BDB-LeaderElection133] INFO  impl.LeaderElection (LogUtils.java:infoOrTrace(142)) -   Exception 0: java.util.concurrent.ExecutionException: org.apache.ratis.thirdparty.io.grpc.StatusRuntimeException: UNAVAILABLE: io exception
2025-10-22 08:25:00,747 [1c036820-4dbe-4abe-80fb-5ca88de5e2f0@group-5E2F154B5BDB-LeaderElection133] INFO  impl.LeaderElection (LogUtils.java:infoOrTrace(142)) -   Exception 1: java.util.concurrent.ExecutionException: org.apache.ratis.thirdparty.io.grpc.StatusRuntimeException: UNAVAILABLE: io exception
2025-10-22 08:25:00,747 [1c036820-4dbe-4abe-80fb-5ca88de5e2f0@group-5E2F154B5BDB-LeaderElection133] INFO  impl.LeaderElection (LeaderElection.java:askForVotes(450)) - 1c036820-4dbe-4abe-80fb-5ca88de5e2f0@group-5E2F154B5BDB-LeaderElection133 PRE_VOTE round 0: result REJECTED
2025-10-22 08:25:00,747 [1c036820-4dbe-4abe-80fb-5ca88de5e2f0@group-5E2F154B5BDB-LeaderElection133] INFO  server.RaftServer$Division (RaftServerImpl.java:setRole(392)) - 1c036820-4dbe-4abe-80fb-5ca88de5e2f0@group-5E2F154B5BDB: changes role from CANDIDATE to FOLLOWER at term 2 for REJECTED
2025-10-22 08:25:00,747 [1c036820-4dbe-4abe-80fb-5ca88de5e2f0@group-5E2F154B5BDB-LeaderElection133] INFO  impl.RoleInfo (RoleInfo.java:shutdownLeaderElection(141)) - 1c036820-4dbe-4abe-80fb-5ca88de5e2f0: shutdown 1c036820-4dbe-4abe-80fb-5ca88de5e2f0@group-5E2F154B5BDB-LeaderElection133
2025-10-22 08:25:00,747 [1c036820-4dbe-4abe-80fb-5ca88de5e2f0@group-5E2F154B5BDB-LeaderElection133] INFO  impl.RoleInfo (RoleInfo.java:updateAndGet(148)) - 1c036820-4dbe-4abe-80fb-5ca88de5e2f0: start 1c036820-4dbe-4abe-80fb-5ca88de5e2f0@group-5E2F154B5BDB-FollowerState
2025-10-22 08:25:01,247 [1c036820-4dbe-4abe-80fb-5ca88de5e2f0@group-C626CE820278-FollowerState] INFO  impl.FollowerState (FollowerState.java:runImpl(161)) - 1c036820-4dbe-4abe-80fb-5ca88de5e2f0@group-C626CE820278-FollowerState: change to CANDIDATE, lastRpcElapsedTime:1035385494ns, electionTimeout:1035ms
2025-10-22 08:25:01,247 [1c036820-4dbe-4abe-80fb-5ca88de5e2f0@group-C626CE820278-FollowerState] INFO  impl.RoleInfo (RoleInfo.java:shutdownFollowerState(121)) - 1c036820-4dbe-4abe-80fb-5ca88de5e2f0: shutdown 1c036820-4dbe-4abe-80fb-5ca88de5e2f0@group-C626CE820278-FollowerState
2025-10-22 08:25:01,247 [1c036820-4dbe-4abe-80fb-5ca88de5e2f0@group-C626CE820278-FollowerState] INFO  server.RaftServer$Division (RaftServerImpl.java:setRole(392)) - 1c036820-4dbe-4abe-80fb-5ca88de5e2f0@group-C626CE820278: changes role from  FOLLOWER to CANDIDATE at term 1 for changeToCandidate
2025-10-22 08:25:01,247 [1c036820-4dbe-4abe-80fb-5ca88de5e2f0@group-C626CE820278-FollowerState] INFO  impl.RoleInfo (RoleInfo.java:updateAndGet(148)) - 1c036820-4dbe-4abe-80fb-5ca88de5e2f0: start 1c036820-4dbe-4abe-80fb-5ca88de5e2f0@group-C626CE820278-LeaderElection134
2025-10-22 08:25:01,248 [1c036820-4dbe-4abe-80fb-5ca88de5e2f0@group-C626CE820278-LeaderElection134] INFO  impl.LeaderElection (LeaderElection.java:askForVotes(448)) - 1c036820-4dbe-4abe-80fb-5ca88de5e2f0@group-C626CE820278-LeaderElection134 PRE_VOTE round 0: submit vote requests at term 1 for conf: {index: 0, cur=peers:[4d8a2798-959e-416b-b534-19c13b55a760|127.0.0.1:15023, 1c036820-4dbe-4abe-80fb-5ca88de5e2f0|127.0.0.1:15015, 40df8fc4-149d-40c0-897d-2844034d8141|127.0.0.1:15031]|listeners:[], old=null}
2025-10-22 08:25:01,248 [1c036820-4dbe-4abe-80fb-5ca88de5e2f0@group-C626CE820278-LeaderElection134] INFO  impl.LeaderElection (LogUtils.java:infoOrTrace(142)) - 1c036820-4dbe-4abe-80fb-5ca88de5e2f0@group-C626CE820278-LeaderElection134 got exception when requesting votes: java.util.concurrent.ExecutionException: org.apache.ratis.thirdparty.io.grpc.StatusRuntimeException: UNAVAILABLE: io exception
2025-10-22 08:25:01,248 [1c036820-4dbe-4abe-80fb-5ca88de5e2f0@group-C626CE820278-LeaderElection134] INFO  impl.LeaderElection (LogUtils.java:infoOrTrace(142)) - 1c036820-4dbe-4abe-80fb-5ca88de5e2f0@group-C626CE820278-LeaderElection134 got exception when requesting votes: java.util.concurrent.ExecutionException: org.apache.ratis.thirdparty.io.grpc.StatusRuntimeException: UNAVAILABLE: io exception
2025-10-22 08:25:01,248 [1c036820-4dbe-4abe-80fb-5ca88de5e2f0@group-C626CE820278-LeaderElection134] INFO  impl.LeaderElection (LeaderElection.java:logAndReturn(206)) - 1c036820-4dbe-4abe-80fb-5ca88de5e2f0@group-C626CE820278-LeaderElection134: PRE_VOTE REJECTED received 0 response(s) and 2 exception(s):
2025-10-22 08:25:01,248 [1c036820-4dbe-4abe-80fb-5ca88de5e2f0@group-C626CE820278-LeaderElection134] INFO  impl.LeaderElection (LogUtils.java:infoOrTrace(142)) -   Exception 0: java.util.concurrent.ExecutionException: org.apache.ratis.thirdparty.io.grpc.StatusRuntimeException: UNAVAILABLE: io exception
2025-10-22 08:25:01,248 [1c036820-4dbe-4abe-80fb-5ca88de5e2f0@group-C626CE820278-LeaderElection134] INFO  impl.LeaderElection (LogUtils.java:infoOrTrace(142)) -   Exception 1: java.util.concurrent.ExecutionException: org.apache.ratis.thirdparty.io.grpc.StatusRuntimeException: UNAVAILABLE: io exception
2025-10-22 08:25:01,248 [1c036820-4dbe-4abe-80fb-5ca88de5e2f0@group-C626CE820278-LeaderElection134] INFO  impl.LeaderElection (LeaderElection.java:askForVotes(450)) - 1c036820-4dbe-4abe-80fb-5ca88de5e2f0@group-C626CE820278-LeaderElection134 PRE_VOTE round 0: result REJECTED
2025-10-22 08:25:01,249 [1c036820-4dbe-4abe-80fb-5ca88de5e2f0@group-C626CE820278-LeaderElection134] INFO  server.RaftServer$Division (RaftServerImpl.java:setRole(392)) - 1c036820-4dbe-4abe-80fb-5ca88de5e2f0@group-C626CE820278: changes role from CANDIDATE to FOLLOWER at term 1 for REJECTED
2025-10-22 08:25:01,249 [1c036820-4dbe-4abe-80fb-5ca88de5e2f0@group-C626CE820278-LeaderElection134] INFO  impl.RoleInfo (RoleInfo.java:shutdownLeaderElection(141)) - 1c036820-4dbe-4abe-80fb-5ca88de5e2f0: shutdown 1c036820-4dbe-4abe-80fb-5ca88de5e2f0@group-C626CE820278-LeaderElection134
2025-10-22 08:25:01,249 [1c036820-4dbe-4abe-80fb-5ca88de5e2f0@group-C626CE820278-LeaderElection134] INFO  impl.RoleInfo (RoleInfo.java:updateAndGet(148)) - 1c036820-4dbe-4abe-80fb-5ca88de5e2f0: start 1c036820-4dbe-4abe-80fb-5ca88de5e2f0@group-C626CE820278-FollowerState
2025-10-22 08:25:01,779 [1c036820-4dbe-4abe-80fb-5ca88de5e2f0@group-5E2F154B5BDB-FollowerState] INFO  impl.FollowerState (FollowerState.java:runImpl(161)) - 1c036820-4dbe-4abe-80fb-5ca88de5e2f0@group-5E2F154B5BDB-FollowerState: change to CANDIDATE, lastRpcElapsedTime:1032307340ns, electionTimeout:1032ms
2025-10-22 08:25:01,780 [1c036820-4dbe-4abe-80fb-5ca88de5e2f0@group-5E2F154B5BDB-FollowerState] INFO  impl.RoleInfo (RoleInfo.java:shutdownFollowerState(121)) - 1c036820-4dbe-4abe-80fb-5ca88de5e2f0: shutdown 1c036820-4dbe-4abe-80fb-5ca88de5e2f0@group-5E2F154B5BDB-FollowerState
2025-10-22 08:25:01,780 [1c036820-4dbe-4abe-80fb-5ca88de5e2f0@group-5E2F154B5BDB-FollowerState] INFO  server.RaftServer$Division (RaftServerImpl.java:setRole(392)) - 1c036820-4dbe-4abe-80fb-5ca88de5e2f0@group-5E2F154B5BDB: changes role from  FOLLOWER to CANDIDATE at term 2 for changeToCandidate
2025-10-22 08:25:01,780 [1c036820-4dbe-4abe-80fb-5ca88de5e2f0@group-5E2F154B5BDB-FollowerState] INFO  impl.RoleInfo (RoleInfo.java:updateAndGet(148)) - 1c036820-4dbe-4abe-80fb-5ca88de5e2f0: start 1c036820-4dbe-4abe-80fb-5ca88de5e2f0@group-5E2F154B5BDB-LeaderElection135
2025-10-22 08:25:01,780 [1c036820-4dbe-4abe-80fb-5ca88de5e2f0@group-5E2F154B5BDB-LeaderElection135] INFO  impl.LeaderElection (LeaderElection.java:askForVotes(448)) - 1c036820-4dbe-4abe-80fb-5ca88de5e2f0@group-5E2F154B5BDB-LeaderElection135 PRE_VOTE round 0: submit vote requests at term 2 for conf: {index: 1, cur=peers:[4d8a2798-959e-416b-b534-19c13b55a760|127.0.0.1:15023, 1c036820-4dbe-4abe-80fb-5ca88de5e2f0|127.0.0.1:15015, 40df8fc4-149d-40c0-897d-2844034d8141|127.0.0.1:15031]|listeners:[], old=null}
2025-10-22 08:25:01,781 [1c036820-4dbe-4abe-80fb-5ca88de5e2f0@group-5E2F154B5BDB-LeaderElection135] INFO  impl.LeaderElection (LogUtils.java:infoOrTrace(142)) - 1c036820-4dbe-4abe-80fb-5ca88de5e2f0@group-5E2F154B5BDB-LeaderElection135 got exception when requesting votes: java.util.concurrent.ExecutionException: org.apache.ratis.thirdparty.io.grpc.StatusRuntimeException: UNAVAILABLE: io exception
2025-10-22 08:25:01,781 [1c036820-4dbe-4abe-80fb-5ca88de5e2f0@group-5E2F154B5BDB-LeaderElection135] INFO  impl.LeaderElection (LogUtils.java:infoOrTrace(142)) - 1c036820-4dbe-4abe-80fb-5ca88de5e2f0@group-5E2F154B5BDB-LeaderElection135 got exception when requesting votes: java.util.concurrent.ExecutionException: org.apache.ratis.thirdparty.io.grpc.StatusRuntimeException: UNAVAILABLE: io exception
2025-10-22 08:25:01,781 [1c036820-4dbe-4abe-80fb-5ca88de5e2f0@group-5E2F154B5BDB-LeaderElection135] INFO  impl.LeaderElection (LeaderElection.java:logAndReturn(206)) - 1c036820-4dbe-4abe-80fb-5ca88de5e2f0@group-5E2F154B5BDB-LeaderElection135: PRE_VOTE REJECTED received 0 response(s) and 2 exception(s):
2025-10-22 08:25:01,781 [1c036820-4dbe-4abe-80fb-5ca88de5e2f0@group-5E2F154B5BDB-LeaderElection135] INFO  impl.LeaderElection (LogUtils.java:infoOrTrace(142)) -   Exception 0: java.util.concurrent.ExecutionException: org.apache.ratis.thirdparty.io.grpc.StatusRuntimeException: UNAVAILABLE: io exception
2025-10-22 08:25:01,781 [1c036820-4dbe-4abe-80fb-5ca88de5e2f0@group-5E2F154B5BDB-LeaderElection135] INFO  impl.LeaderElection (LogUtils.java:infoOrTrace(142)) -   Exception 1: java.util.concurrent.ExecutionException: org.apache.ratis.thirdparty.io.grpc.StatusRuntimeException: UNAVAILABLE: io exception
2025-10-22 08:25:01,781 [1c036820-4dbe-4abe-80fb-5ca88de5e2f0@group-5E2F154B5BDB-LeaderElection135] INFO  impl.LeaderElection (LeaderElection.java:askForVotes(450)) - 1c036820-4dbe-4abe-80fb-5ca88de5e2f0@group-5E2F154B5BDB-LeaderElection135 PRE_VOTE round 0: result REJECTED
2025-10-22 08:25:01,781 [1c036820-4dbe-4abe-80fb-5ca88de5e2f0@group-5E2F154B5BDB-LeaderElection135] INFO  server.RaftServer$Division (RaftServerImpl.java:setRole(392)) - 1c036820-4dbe-4abe-80fb-5ca88de5e2f0@group-5E2F154B5BDB: changes role from CANDIDATE to FOLLOWER at term 2 for REJECTED
2025-10-22 08:25:01,781 [1c036820-4dbe-4abe-80fb-5ca88de5e2f0@group-5E2F154B5BDB-LeaderElection135] INFO  impl.RoleInfo (RoleInfo.java:shutdownLeaderElection(141)) - 1c036820-4dbe-4abe-80fb-5ca88de5e2f0: shutdown 1c036820-4dbe-4abe-80fb-5ca88de5e2f0@group-5E2F154B5BDB-LeaderElection135
2025-10-22 08:25:01,781 [1c036820-4dbe-4abe-80fb-5ca88de5e2f0@group-5E2F154B5BDB-LeaderElection135] INFO  impl.RoleInfo (RoleInfo.java:updateAndGet(148)) - 1c036820-4dbe-4abe-80fb-5ca88de5e2f0: start 1c036820-4dbe-4abe-80fb-5ca88de5e2f0@group-5E2F154B5BDB-FollowerState
2025-10-22 08:25:02,440 [1c036820-4dbe-4abe-80fb-5ca88de5e2f0@group-C626CE820278-FollowerState] INFO  impl.FollowerState (FollowerState.java:runImpl(161)) - 1c036820-4dbe-4abe-80fb-5ca88de5e2f0@group-C626CE820278-FollowerState: change to CANDIDATE, lastRpcElapsedTime:1191569921ns, electionTimeout:1191ms
2025-10-22 08:25:02,440 [1c036820-4dbe-4abe-80fb-5ca88de5e2f0@group-C626CE820278-FollowerState] INFO  impl.RoleInfo (RoleInfo.java:shutdownFollowerState(121)) - 1c036820-4dbe-4abe-80fb-5ca88de5e2f0: shutdown 1c036820-4dbe-4abe-80fb-5ca88de5e2f0@group-C626CE820278-FollowerState
2025-10-22 08:25:02,440 [1c036820-4dbe-4abe-80fb-5ca88de5e2f0@group-C626CE820278-FollowerState] INFO  server.RaftServer$Division (RaftServerImpl.java:setRole(392)) - 1c036820-4dbe-4abe-80fb-5ca88de5e2f0@group-C626CE820278: changes role from  FOLLOWER to CANDIDATE at term 1 for changeToCandidate
2025-10-22 08:25:02,441 [1c036820-4dbe-4abe-80fb-5ca88de5e2f0@group-C626CE820278-FollowerState] INFO  impl.RoleInfo (RoleInfo.java:updateAndGet(148)) - 1c036820-4dbe-4abe-80fb-5ca88de5e2f0: start 1c036820-4dbe-4abe-80fb-5ca88de5e2f0@group-C626CE820278-LeaderElection136
2025-10-22 08:25:02,441 [1c036820-4dbe-4abe-80fb-5ca88de5e2f0@group-C626CE820278-LeaderElection136] INFO  impl.LeaderElection (LeaderElection.java:askForVotes(448)) - 1c036820-4dbe-4abe-80fb-5ca88de5e2f0@group-C626CE820278-LeaderElection136 PRE_VOTE round 0: submit vote requests at term 1 for conf: {index: 0, cur=peers:[4d8a2798-959e-416b-b534-19c13b55a760|127.0.0.1:15023, 1c036820-4dbe-4abe-80fb-5ca88de5e2f0|127.0.0.1:15015, 40df8fc4-149d-40c0-897d-2844034d8141|127.0.0.1:15031]|listeners:[], old=null}
2025-10-22 08:25:02,441 [1c036820-4dbe-4abe-80fb-5ca88de5e2f0@group-C626CE820278-LeaderElection136] INFO  impl.LeaderElection (LogUtils.java:infoOrTrace(142)) - 1c036820-4dbe-4abe-80fb-5ca88de5e2f0@group-C626CE820278-LeaderElection136 got exception when requesting votes: java.util.concurrent.ExecutionException: org.apache.ratis.thirdparty.io.grpc.StatusRuntimeException: UNAVAILABLE: io exception
2025-10-22 08:25:02,442 [1c036820-4dbe-4abe-80fb-5ca88de5e2f0@group-C626CE820278-LeaderElection136] INFO  impl.LeaderElection (LogUtils.java:infoOrTrace(142)) - 1c036820-4dbe-4abe-80fb-5ca88de5e2f0@group-C626CE820278-LeaderElection136 got exception when requesting votes: java.util.concurrent.ExecutionException: org.apache.ratis.thirdparty.io.grpc.StatusRuntimeException: UNAVAILABLE: io exception
2025-10-22 08:25:02,442 [1c036820-4dbe-4abe-80fb-5ca88de5e2f0@group-C626CE820278-LeaderElection136] INFO  impl.LeaderElection (LeaderElection.java:logAndReturn(206)) - 1c036820-4dbe-4abe-80fb-5ca88de5e2f0@group-C626CE820278-LeaderElection136: PRE_VOTE REJECTED received 0 response(s) and 2 exception(s):
2025-10-22 08:25:02,442 [1c036820-4dbe-4abe-80fb-5ca88de5e2f0@group-C626CE820278-LeaderElection136] INFO  impl.LeaderElection (LogUtils.java:infoOrTrace(142)) -   Exception 0: java.util.concurrent.ExecutionException: org.apache.ratis.thirdparty.io.grpc.StatusRuntimeException: UNAVAILABLE: io exception
2025-10-22 08:25:02,442 [1c036820-4dbe-4abe-80fb-5ca88de5e2f0@group-C626CE820278-LeaderElection136] INFO  impl.LeaderElection (LogUtils.java:infoOrTrace(142)) -   Exception 1: java.util.concurrent.ExecutionException: org.apache.ratis.thirdparty.io.grpc.StatusRuntimeException: UNAVAILABLE: io exception
2025-10-22 08:25:02,442 [1c036820-4dbe-4abe-80fb-5ca88de5e2f0@group-C626CE820278-LeaderElection136] INFO  impl.LeaderElection (LeaderElection.java:askForVotes(450)) - 1c036820-4dbe-4abe-80fb-5ca88de5e2f0@group-C626CE820278-LeaderElection136 PRE_VOTE round 0: result REJECTED
2025-10-22 08:25:02,442 [1c036820-4dbe-4abe-80fb-5ca88de5e2f0@group-C626CE820278-LeaderElection136] INFO  server.RaftServer$Division (RaftServerImpl.java:setRole(392)) - 1c036820-4dbe-4abe-80fb-5ca88de5e2f0@group-C626CE820278: changes role from CANDIDATE to FOLLOWER at term 1 for REJECTED
2025-10-22 08:25:02,442 [1c036820-4dbe-4abe-80fb-5ca88de5e2f0@group-C626CE820278-LeaderElection136] INFO  impl.RoleInfo (RoleInfo.java:shutdownLeaderElection(141)) - 1c036820-4dbe-4abe-80fb-5ca88de5e2f0: shutdown 1c036820-4dbe-4abe-80fb-5ca88de5e2f0@group-C626CE820278-LeaderElection136
2025-10-22 08:25:02,442 [1c036820-4dbe-4abe-80fb-5ca88de5e2f0@group-C626CE820278-LeaderElection136] INFO  impl.RoleInfo (RoleInfo.java:updateAndGet(148)) - 1c036820-4dbe-4abe-80fb-5ca88de5e2f0: start 1c036820-4dbe-4abe-80fb-5ca88de5e2f0@group-C626CE820278-FollowerState
2025-10-22 08:25:02,819 [1c036820-4dbe-4abe-80fb-5ca88de5e2f0@group-5E2F154B5BDB-FollowerState] INFO  impl.FollowerState (FollowerState.java:runImpl(161)) - 1c036820-4dbe-4abe-80fb-5ca88de5e2f0@group-5E2F154B5BDB-FollowerState: change to CANDIDATE, lastRpcElapsedTime:1037397946ns, electionTimeout:1037ms
2025-10-22 08:25:02,819 [1c036820-4dbe-4abe-80fb-5ca88de5e2f0@group-5E2F154B5BDB-FollowerState] INFO  impl.RoleInfo (RoleInfo.java:shutdownFollowerState(121)) - 1c036820-4dbe-4abe-80fb-5ca88de5e2f0: shutdown 1c036820-4dbe-4abe-80fb-5ca88de5e2f0@group-5E2F154B5BDB-FollowerState
2025-10-22 08:25:02,819 [1c036820-4dbe-4abe-80fb-5ca88de5e2f0@group-5E2F154B5BDB-FollowerState] INFO  server.RaftServer$Division (RaftServerImpl.java:setRole(392)) - 1c036820-4dbe-4abe-80fb-5ca88de5e2f0@group-5E2F154B5BDB: changes role from  FOLLOWER to CANDIDATE at term 2 for changeToCandidate
2025-10-22 08:25:02,819 [1c036820-4dbe-4abe-80fb-5ca88de5e2f0@group-5E2F154B5BDB-FollowerState] INFO  impl.RoleInfo (RoleInfo.java:updateAndGet(148)) - 1c036820-4dbe-4abe-80fb-5ca88de5e2f0: start 1c036820-4dbe-4abe-80fb-5ca88de5e2f0@group-5E2F154B5BDB-LeaderElection137
2025-10-22 08:25:02,819 [1c036820-4dbe-4abe-80fb-5ca88de5e2f0@group-5E2F154B5BDB-LeaderElection137] INFO  impl.LeaderElection (LeaderElection.java:askForVotes(448)) - 1c036820-4dbe-4abe-80fb-5ca88de5e2f0@group-5E2F154B5BDB-LeaderElection137 PRE_VOTE round 0: submit vote requests at term 2 for conf: {index: 1, cur=peers:[4d8a2798-959e-416b-b534-19c13b55a760|127.0.0.1:15023, 1c036820-4dbe-4abe-80fb-5ca88de5e2f0|127.0.0.1:15015, 40df8fc4-149d-40c0-897d-2844034d8141|127.0.0.1:15031]|listeners:[], old=null}
2025-10-22 08:25:02,820 [1c036820-4dbe-4abe-80fb-5ca88de5e2f0@group-5E2F154B5BDB-LeaderElection137] INFO  impl.LeaderElection (LogUtils.java:infoOrTrace(142)) - 1c036820-4dbe-4abe-80fb-5ca88de5e2f0@group-5E2F154B5BDB-LeaderElection137 got exception when requesting votes: java.util.concurrent.ExecutionException: org.apache.ratis.thirdparty.io.grpc.StatusRuntimeException: UNAVAILABLE: io exception
2025-10-22 08:25:02,820 [1c036820-4dbe-4abe-80fb-5ca88de5e2f0@group-5E2F154B5BDB-LeaderElection137] INFO  impl.LeaderElection (LogUtils.java:infoOrTrace(142)) - 1c036820-4dbe-4abe-80fb-5ca88de5e2f0@group-5E2F154B5BDB-LeaderElection137 got exception when requesting votes: java.util.concurrent.ExecutionException: org.apache.ratis.thirdparty.io.grpc.StatusRuntimeException: UNAVAILABLE: io exception
2025-10-22 08:25:02,820 [1c036820-4dbe-4abe-80fb-5ca88de5e2f0@group-5E2F154B5BDB-LeaderElection137] INFO  impl.LeaderElection (LeaderElection.java:logAndReturn(206)) - 1c036820-4dbe-4abe-80fb-5ca88de5e2f0@group-5E2F154B5BDB-LeaderElection137: PRE_VOTE REJECTED received 0 response(s) and 2 exception(s):
2025-10-22 08:25:02,820 [1c036820-4dbe-4abe-80fb-5ca88de5e2f0@group-5E2F154B5BDB-LeaderElection137] INFO  impl.LeaderElection (LogUtils.java:infoOrTrace(142)) -   Exception 0: java.util.concurrent.ExecutionException: org.apache.ratis.thirdparty.io.grpc.StatusRuntimeException: UNAVAILABLE: io exception
2025-10-22 08:25:02,820 [1c036820-4dbe-4abe-80fb-5ca88de5e2f0@group-5E2F154B5BDB-LeaderElection137] INFO  impl.LeaderElection (LogUtils.java:infoOrTrace(142)) -   Exception 1: java.util.concurrent.ExecutionException: org.apache.ratis.thirdparty.io.grpc.StatusRuntimeException: UNAVAILABLE: io exception
2025-10-22 08:25:02,820 [1c036820-4dbe-4abe-80fb-5ca88de5e2f0@group-5E2F154B5BDB-LeaderElection137] INFO  impl.LeaderElection (LeaderElection.java:askForVotes(450)) - 1c036820-4dbe-4abe-80fb-5ca88de5e2f0@group-5E2F154B5BDB-LeaderElection137 PRE_VOTE round 0: result REJECTED
2025-10-22 08:25:02,821 [1c036820-4dbe-4abe-80fb-5ca88de5e2f0@group-5E2F154B5BDB-LeaderElection137] INFO  server.RaftServer$Division (RaftServerImpl.java:setRole(392)) - 1c036820-4dbe-4abe-80fb-5ca88de5e2f0@group-5E2F154B5BDB: changes role from CANDIDATE to FOLLOWER at term 2 for REJECTED
2025-10-22 08:25:02,821 [1c036820-4dbe-4abe-80fb-5ca88de5e2f0@group-5E2F154B5BDB-LeaderElection137] INFO  impl.RoleInfo (RoleInfo.java:shutdownLeaderElection(141)) - 1c036820-4dbe-4abe-80fb-5ca88de5e2f0: shutdown 1c036820-4dbe-4abe-80fb-5ca88de5e2f0@group-5E2F154B5BDB-LeaderElection137
2025-10-22 08:25:02,821 [1c036820-4dbe-4abe-80fb-5ca88de5e2f0@group-5E2F154B5BDB-LeaderElection137] INFO  impl.RoleInfo (RoleInfo.java:updateAndGet(148)) - 1c036820-4dbe-4abe-80fb-5ca88de5e2f0: start 1c036820-4dbe-4abe-80fb-5ca88de5e2f0@group-5E2F154B5BDB-FollowerState
2025-10-22 08:25:03,078 [grpc-default-executor-5] ERROR impl.OrderedAsync (OrderedAsync.java:lambda$null$6(215)) -  client-E7D2C87CB263: Failed* RaftClientRequest:client-E7D2C87CB263->40df8fc4-149d-40c0-897d-2844034d8141@group-5E2F154B5BDB, cid=40, seq=1*, Watch(0), null
java.util.concurrent.CompletionException: java.io.IOException: org.apache.ratis.thirdparty.io.grpc.StatusRuntimeException: UNAVAILABLE: io exception
	at java.base/java.util.concurrent.CompletableFuture.encodeThrowable(CompletableFuture.java:332)
	at java.base/java.util.concurrent.CompletableFuture.completeThrowable(CompletableFuture.java:347)
	at java.base/java.util.concurrent.CompletableFuture$UniAccept.tryFire(CompletableFuture.java:708)
	at java.base/java.util.concurrent.CompletableFuture.postComplete(CompletableFuture.java:510)
	at java.base/java.util.concurrent.CompletableFuture.completeExceptionally(CompletableFuture.java:2194)
	at org.apache.ratis.grpc.client.GrpcClientProtocolClient$AsyncStreamObservers.completeReplyExceptionally(GrpcClientProtocolClient.java:397)
	at org.apache.ratis.grpc.client.GrpcClientProtocolClient$AsyncStreamObservers.access$000(GrpcClientProtocolClient.java:303)
	at org.apache.ratis.grpc.client.GrpcClientProtocolClient$AsyncStreamObservers$1.onError(GrpcClientProtocolClient.java:334)
	at org.apache.ratis.thirdparty.io.grpc.stub.ClientCalls$StreamObserverToCallListenerAdapter.onClose(ClientCalls.java:564)
	at org.apache.ratis.thirdparty.io.grpc.PartialForwardingClientCallListener.onClose(PartialForwardingClientCallListener.java:39)
	at org.apache.ratis.thirdparty.io.grpc.ForwardingClientCallListener.onClose(ForwardingClientCallListener.java:23)
	at org.apache.ratis.grpc.metrics.intercept.client.MetricClientCallListener.onClose(MetricClientCallListener.java:47)
	at org.apache.ratis.thirdparty.io.grpc.internal.ClientCallImpl.closeObserver(ClientCallImpl.java:565)
	at org.apache.ratis.thirdparty.io.grpc.internal.ClientCallImpl.access$100(ClientCallImpl.java:72)
	at org.apache.ratis.thirdparty.io.grpc.internal.ClientCallImpl$ClientStreamListenerImpl$1StreamClosed.runInternal(ClientCallImpl.java:733)
	at org.apache.ratis.thirdparty.io.grpc.internal.ClientCallImpl$ClientStreamListenerImpl$1StreamClosed.runInContext(ClientCallImpl.java:714)
	at org.apache.ratis.thirdparty.io.grpc.internal.ContextRunnable.run(ContextRunnable.java:37)
	at org.apache.ratis.thirdparty.io.grpc.internal.SerializingExecutor.run(SerializingExecutor.java:133)
	at java.base/java.util.concurrent.ThreadPoolExecutor.runWorker(ThreadPoolExecutor.java:1144)
	at java.base/java.util.concurrent.ThreadPoolExecutor$Worker.run(ThreadPoolExecutor.java:642)
	at java.base/java.lang.Thread.run(Thread.java:1583)
Caused by: java.io.IOException: org.apache.ratis.thirdparty.io.grpc.StatusRuntimeException: UNAVAILABLE: io exception
	at org.apache.ratis.grpc.GrpcUtil.unwrapException(GrpcUtil.java:99)
	at org.apache.ratis.grpc.GrpcUtil.unwrapIOException(GrpcUtil.java:159)
	at org.apache.ratis.grpc.client.GrpcClientProtocolClient$AsyncStreamObservers$1.onError(GrpcClientProtocolClient.java:333)
	... 13 more
Caused by: org.apache.ratis.thirdparty.io.grpc.StatusRuntimeException: UNAVAILABLE: io exception
	at org.apache.ratis.thirdparty.io.grpc.Status.asRuntimeException(Status.java:532)
	... 13 more
Caused by: org.apache.ratis.thirdparty.io.netty.channel.AbstractChannel$AnnotatedConnectException: finishConnect(..) failed: Connection refused: /127.0.0.1:15029
Caused by: java.net.ConnectException: finishConnect(..) failed: Connection refused
	at org.apache.ratis.thirdparty.io.netty.channel.unix.Errors.newConnectException0(Errors.java:166)
	at org.apache.ratis.thirdparty.io.netty.channel.unix.Errors.handleConnectErrno(Errors.java:131)
	at org.apache.ratis.thirdparty.io.netty.channel.unix.Socket.finishConnect(Socket.java:359)
	at org.apache.ratis.thirdparty.io.netty.channel.epoll.AbstractEpollChannel$AbstractEpollUnsafe.doFinishConnect(AbstractEpollChannel.java:715)
	at org.apache.ratis.thirdparty.io.netty.channel.epoll.AbstractEpollChannel$AbstractEpollUnsafe.finishConnect(AbstractEpollChannel.java:692)
	at org.apache.ratis.thirdparty.io.netty.channel.epoll.AbstractEpollChannel$AbstractEpollUnsafe.epollOutReady(AbstractEpollChannel.java:567)
	at org.apache.ratis.thirdparty.io.netty.channel.epoll.EpollEventLoop.processReady(EpollEventLoop.java:491)
	at org.apache.ratis.thirdparty.io.netty.channel.epoll.EpollEventLoop.run(EpollEventLoop.java:399)
	at org.apache.ratis.thirdparty.io.netty.util.concurrent.SingleThreadEventExecutor$4.run(SingleThreadEventExecutor.java:998)
	at org.apache.ratis.thirdparty.io.netty.util.internal.ThreadExecutorMap$2.run(ThreadExecutorMap.java:74)
	at org.apache.ratis.thirdparty.io.netty.util.concurrent.FastThreadLocalRunnable.run(FastThreadLocalRunnable.java:30)
	at java.base/java.lang.Thread.run(Thread.java:1583)
2025-10-22 08:25:03,609 [1c036820-4dbe-4abe-80fb-5ca88de5e2f0@group-C626CE820278-FollowerState] INFO  impl.FollowerState (FollowerState.java:runImpl(161)) - 1c036820-4dbe-4abe-80fb-5ca88de5e2f0@group-C626CE820278-FollowerState: change to CANDIDATE, lastRpcElapsedTime:1167347199ns, electionTimeout:1167ms
2025-10-22 08:25:03,609 [1c036820-4dbe-4abe-80fb-5ca88de5e2f0@group-C626CE820278-FollowerState] INFO  impl.RoleInfo (RoleInfo.java:shutdownFollowerState(121)) - 1c036820-4dbe-4abe-80fb-5ca88de5e2f0: shutdown 1c036820-4dbe-4abe-80fb-5ca88de5e2f0@group-C626CE820278-FollowerState
2025-10-22 08:25:03,609 [1c036820-4dbe-4abe-80fb-5ca88de5e2f0@group-C626CE820278-FollowerState] INFO  server.RaftServer$Division (RaftServerImpl.java:setRole(392)) - 1c036820-4dbe-4abe-80fb-5ca88de5e2f0@group-C626CE820278: changes role from  FOLLOWER to CANDIDATE at term 1 for changeToCandidate
2025-10-22 08:25:03,610 [1c036820-4dbe-4abe-80fb-5ca88de5e2f0@group-C626CE820278-FollowerState] INFO  impl.RoleInfo (RoleInfo.java:updateAndGet(148)) - 1c036820-4dbe-4abe-80fb-5ca88de5e2f0: start 1c036820-4dbe-4abe-80fb-5ca88de5e2f0@group-C626CE820278-LeaderElection138
2025-10-22 08:25:03,610 [1c036820-4dbe-4abe-80fb-5ca88de5e2f0@group-C626CE820278-LeaderElection138] INFO  impl.LeaderElection (LeaderElection.java:askForVotes(448)) - 1c036820-4dbe-4abe-80fb-5ca88de5e2f0@group-C626CE820278-LeaderElection138 PRE_VOTE round 0: submit vote requests at term 1 for conf: {index: 0, cur=peers:[4d8a2798-959e-416b-b534-19c13b55a760|127.0.0.1:15023, 1c036820-4dbe-4abe-80fb-5ca88de5e2f0|127.0.0.1:15015, 40df8fc4-149d-40c0-897d-2844034d8141|127.0.0.1:15031]|listeners:[], old=null}
2025-10-22 08:25:03,610 [1c036820-4dbe-4abe-80fb-5ca88de5e2f0@group-C626CE820278-LeaderElection138] INFO  impl.LeaderElection (LogUtils.java:infoOrTrace(142)) - 1c036820-4dbe-4abe-80fb-5ca88de5e2f0@group-C626CE820278-LeaderElection138 got exception when requesting votes: java.util.concurrent.ExecutionException: org.apache.ratis.thirdparty.io.grpc.StatusRuntimeException: UNAVAILABLE: io exception
2025-10-22 08:25:03,610 [1c036820-4dbe-4abe-80fb-5ca88de5e2f0@group-C626CE820278-LeaderElection138] INFO  impl.LeaderElection (LogUtils.java:infoOrTrace(142)) - 1c036820-4dbe-4abe-80fb-5ca88de5e2f0@group-C626CE820278-LeaderElection138 got exception when requesting votes: java.util.concurrent.ExecutionException: org.apache.ratis.thirdparty.io.grpc.StatusRuntimeException: UNAVAILABLE: io exception
2025-10-22 08:25:03,611 [1c036820-4dbe-4abe-80fb-5ca88de5e2f0@group-C626CE820278-LeaderElection138] INFO  impl.LeaderElection (LeaderElection.java:logAndReturn(206)) - 1c036820-4dbe-4abe-80fb-5ca88de5e2f0@group-C626CE820278-LeaderElection138: PRE_VOTE REJECTED received 0 response(s) and 2 exception(s):
2025-10-22 08:25:03,611 [1c036820-4dbe-4abe-80fb-5ca88de5e2f0@group-C626CE820278-LeaderElection138] INFO  impl.LeaderElection (LogUtils.java:infoOrTrace(142)) -   Exception 0: java.util.concurrent.ExecutionException: org.apache.ratis.thirdparty.io.grpc.StatusRuntimeException: UNAVAILABLE: io exception
2025-10-22 08:25:03,611 [1c036820-4dbe-4abe-80fb-5ca88de5e2f0@group-C626CE820278-LeaderElection138] INFO  impl.LeaderElection (LogUtils.java:infoOrTrace(142)) -   Exception 1: java.util.concurrent.ExecutionException: org.apache.ratis.thirdparty.io.grpc.StatusRuntimeException: UNAVAILABLE: io exception
2025-10-22 08:25:03,611 [1c036820-4dbe-4abe-80fb-5ca88de5e2f0@group-C626CE820278-LeaderElection138] INFO  impl.LeaderElection (LeaderElection.java:askForVotes(450)) - 1c036820-4dbe-4abe-80fb-5ca88de5e2f0@group-C626CE820278-LeaderElection138 PRE_VOTE round 0: result REJECTED
2025-10-22 08:25:03,611 [1c036820-4dbe-4abe-80fb-5ca88de5e2f0@group-C626CE820278-LeaderElection138] INFO  server.RaftServer$Division (RaftServerImpl.java:setRole(392)) - 1c036820-4dbe-4abe-80fb-5ca88de5e2f0@group-C626CE820278: changes role from CANDIDATE to FOLLOWER at term 1 for REJECTED
2025-10-22 08:25:03,611 [1c036820-4dbe-4abe-80fb-5ca88de5e2f0@group-C626CE820278-LeaderElection138] INFO  impl.RoleInfo (RoleInfo.java:shutdownLeaderElection(141)) - 1c036820-4dbe-4abe-80fb-5ca88de5e2f0: shutdown 1c036820-4dbe-4abe-80fb-5ca88de5e2f0@group-C626CE820278-LeaderElection138
2025-10-22 08:25:03,611 [1c036820-4dbe-4abe-80fb-5ca88de5e2f0@group-C626CE820278-LeaderElection138] INFO  impl.RoleInfo (RoleInfo.java:updateAndGet(148)) - 1c036820-4dbe-4abe-80fb-5ca88de5e2f0: start 1c036820-4dbe-4abe-80fb-5ca88de5e2f0@group-C626CE820278-FollowerState
2025-10-22 08:25:03,893 [1c036820-4dbe-4abe-80fb-5ca88de5e2f0@group-5E2F154B5BDB-FollowerState] INFO  impl.FollowerState (FollowerState.java:runImpl(161)) - 1c036820-4dbe-4abe-80fb-5ca88de5e2f0@group-5E2F154B5BDB-FollowerState: change to CANDIDATE, lastRpcElapsedTime:1072353374ns, electionTimeout:1072ms
2025-10-22 08:25:03,893 [1c036820-4dbe-4abe-80fb-5ca88de5e2f0@group-5E2F154B5BDB-FollowerState] INFO  impl.RoleInfo (RoleInfo.java:shutdownFollowerState(121)) - 1c036820-4dbe-4abe-80fb-5ca88de5e2f0: shutdown 1c036820-4dbe-4abe-80fb-5ca88de5e2f0@group-5E2F154B5BDB-FollowerState
2025-10-22 08:25:03,893 [1c036820-4dbe-4abe-80fb-5ca88de5e2f0@group-5E2F154B5BDB-FollowerState] INFO  server.RaftServer$Division (RaftServerImpl.java:setRole(392)) - 1c036820-4dbe-4abe-80fb-5ca88de5e2f0@group-5E2F154B5BDB: changes role from  FOLLOWER to CANDIDATE at term 2 for changeToCandidate
2025-10-22 08:25:03,893 [1c036820-4dbe-4abe-80fb-5ca88de5e2f0@group-5E2F154B5BDB-FollowerState] INFO  impl.RoleInfo (RoleInfo.java:updateAndGet(148)) - 1c036820-4dbe-4abe-80fb-5ca88de5e2f0: start 1c036820-4dbe-4abe-80fb-5ca88de5e2f0@group-5E2F154B5BDB-LeaderElection139
2025-10-22 08:25:03,894 [1c036820-4dbe-4abe-80fb-5ca88de5e2f0@group-5E2F154B5BDB-LeaderElection139] INFO  impl.LeaderElection (LeaderElection.java:askForVotes(448)) - 1c036820-4dbe-4abe-80fb-5ca88de5e2f0@group-5E2F154B5BDB-LeaderElection139 PRE_VOTE round 0: submit vote requests at term 2 for conf: {index: 1, cur=peers:[4d8a2798-959e-416b-b534-19c13b55a760|127.0.0.1:15023, 1c036820-4dbe-4abe-80fb-5ca88de5e2f0|127.0.0.1:15015, 40df8fc4-149d-40c0-897d-2844034d8141|127.0.0.1:15031]|listeners:[], old=null}
2025-10-22 08:25:03,894 [1c036820-4dbe-4abe-80fb-5ca88de5e2f0@group-5E2F154B5BDB-LeaderElection139] INFO  impl.LeaderElection (LogUtils.java:infoOrTrace(142)) - 1c036820-4dbe-4abe-80fb-5ca88de5e2f0@group-5E2F154B5BDB-LeaderElection139 got exception when requesting votes: java.util.concurrent.ExecutionException: org.apache.ratis.thirdparty.io.grpc.StatusRuntimeException: UNAVAILABLE: io exception
2025-10-22 08:25:03,895 [1c036820-4dbe-4abe-80fb-5ca88de5e2f0@group-5E2F154B5BDB-LeaderElection139] INFO  impl.LeaderElection (LogUtils.java:infoOrTrace(142)) - 1c036820-4dbe-4abe-80fb-5ca88de5e2f0@group-5E2F154B5BDB-LeaderElection139 got exception when requesting votes: java.util.concurrent.ExecutionException: org.apache.ratis.thirdparty.io.grpc.StatusRuntimeException: UNAVAILABLE: io exception
2025-10-22 08:25:03,895 [1c036820-4dbe-4abe-80fb-5ca88de5e2f0@group-5E2F154B5BDB-LeaderElection139] INFO  impl.LeaderElection (LeaderElection.java:logAndReturn(206)) - 1c036820-4dbe-4abe-80fb-5ca88de5e2f0@group-5E2F154B5BDB-LeaderElection139: PRE_VOTE REJECTED received 0 response(s) and 2 exception(s):
2025-10-22 08:25:03,895 [1c036820-4dbe-4abe-80fb-5ca88de5e2f0@group-5E2F154B5BDB-LeaderElection139] INFO  impl.LeaderElection (LogUtils.java:infoOrTrace(142)) -   Exception 0: java.util.concurrent.ExecutionException: org.apache.ratis.thirdparty.io.grpc.StatusRuntimeException: UNAVAILABLE: io exception
2025-10-22 08:25:03,895 [1c036820-4dbe-4abe-80fb-5ca88de5e2f0@group-5E2F154B5BDB-LeaderElection139] INFO  impl.LeaderElection (LogUtils.java:infoOrTrace(142)) -   Exception 1: java.util.concurrent.ExecutionException: org.apache.ratis.thirdparty.io.grpc.StatusRuntimeException: UNAVAILABLE: io exception
2025-10-22 08:25:03,895 [1c036820-4dbe-4abe-80fb-5ca88de5e2f0@group-5E2F154B5BDB-LeaderElection139] INFO  impl.LeaderElection (LeaderElection.java:askForVotes(450)) - 1c036820-4dbe-4abe-80fb-5ca88de5e2f0@group-5E2F154B5BDB-LeaderElection139 PRE_VOTE round 0: result REJECTED
2025-10-22 08:25:03,895 [1c036820-4dbe-4abe-80fb-5ca88de5e2f0@group-5E2F154B5BDB-LeaderElection139] INFO  server.RaftServer$Division (RaftServerImpl.java:setRole(392)) - 1c036820-4dbe-4abe-80fb-5ca88de5e2f0@group-5E2F154B5BDB: changes role from CANDIDATE to FOLLOWER at term 2 for REJECTED
2025-10-22 08:25:03,895 [1c036820-4dbe-4abe-80fb-5ca88de5e2f0@group-5E2F154B5BDB-LeaderElection139] INFO  impl.RoleInfo (RoleInfo.java:shutdownLeaderElection(141)) - 1c036820-4dbe-4abe-80fb-5ca88de5e2f0: shutdown 1c036820-4dbe-4abe-80fb-5ca88de5e2f0@group-5E2F154B5BDB-LeaderElection139
2025-10-22 08:25:03,895 [1c036820-4dbe-4abe-80fb-5ca88de5e2f0@group-5E2F154B5BDB-LeaderElection139] INFO  impl.RoleInfo (RoleInfo.java:updateAndGet(148)) - 1c036820-4dbe-4abe-80fb-5ca88de5e2f0: start 1c036820-4dbe-4abe-80fb-5ca88de5e2f0@group-5E2F154B5BDB-FollowerState
2025-10-22 08:25:04,811 [1c036820-4dbe-4abe-80fb-5ca88de5e2f0@group-C626CE820278-FollowerState] INFO  impl.FollowerState (FollowerState.java:runImpl(161)) - 1c036820-4dbe-4abe-80fb-5ca88de5e2f0@group-C626CE820278-FollowerState: change to CANDIDATE, lastRpcElapsedTime:1200298554ns, electionTimeout:1200ms
2025-10-22 08:25:04,811 [1c036820-4dbe-4abe-80fb-5ca88de5e2f0@group-C626CE820278-FollowerState] INFO  impl.RoleInfo (RoleInfo.java:shutdownFollowerState(121)) - 1c036820-4dbe-4abe-80fb-5ca88de5e2f0: shutdown 1c036820-4dbe-4abe-80fb-5ca88de5e2f0@group-C626CE820278-FollowerState
2025-10-22 08:25:04,811 [1c036820-4dbe-4abe-80fb-5ca88de5e2f0@group-C626CE820278-FollowerState] INFO  server.RaftServer$Division (RaftServerImpl.java:setRole(392)) - 1c036820-4dbe-4abe-80fb-5ca88de5e2f0@group-C626CE820278: changes role from  FOLLOWER to CANDIDATE at term 1 for changeToCandidate
2025-10-22 08:25:04,812 [1c036820-4dbe-4abe-80fb-5ca88de5e2f0@group-C626CE820278-FollowerState] INFO  impl.RoleInfo (RoleInfo.java:updateAndGet(148)) - 1c036820-4dbe-4abe-80fb-5ca88de5e2f0: start 1c036820-4dbe-4abe-80fb-5ca88de5e2f0@group-C626CE820278-LeaderElection140
2025-10-22 08:25:04,812 [1c036820-4dbe-4abe-80fb-5ca88de5e2f0@group-C626CE820278-LeaderElection140] INFO  impl.LeaderElection (LeaderElection.java:askForVotes(448)) - 1c036820-4dbe-4abe-80fb-5ca88de5e2f0@group-C626CE820278-LeaderElection140 PRE_VOTE round 0: submit vote requests at term 1 for conf: {index: 0, cur=peers:[4d8a2798-959e-416b-b534-19c13b55a760|127.0.0.1:15023, 1c036820-4dbe-4abe-80fb-5ca88de5e2f0|127.0.0.1:15015, 40df8fc4-149d-40c0-897d-2844034d8141|127.0.0.1:15031]|listeners:[], old=null}
2025-10-22 08:25:04,813 [1c036820-4dbe-4abe-80fb-5ca88de5e2f0@group-C626CE820278-LeaderElection140] INFO  impl.LeaderElection (LogUtils.java:infoOrTrace(142)) - 1c036820-4dbe-4abe-80fb-5ca88de5e2f0@group-C626CE820278-LeaderElection140 got exception when requesting votes: java.util.concurrent.ExecutionException: org.apache.ratis.thirdparty.io.grpc.StatusRuntimeException: UNAVAILABLE: io exception
2025-10-22 08:25:04,813 [1c036820-4dbe-4abe-80fb-5ca88de5e2f0@group-C626CE820278-LeaderElection140] INFO  impl.LeaderElection (LogUtils.java:infoOrTrace(142)) - 1c036820-4dbe-4abe-80fb-5ca88de5e2f0@group-C626CE820278-LeaderElection140 got exception when requesting votes: java.util.concurrent.ExecutionException: org.apache.ratis.thirdparty.io.grpc.StatusRuntimeException: UNAVAILABLE: io exception
2025-10-22 08:25:04,813 [1c036820-4dbe-4abe-80fb-5ca88de5e2f0@group-C626CE820278-LeaderElection140] INFO  impl.LeaderElection (LeaderElection.java:logAndReturn(206)) - 1c036820-4dbe-4abe-80fb-5ca88de5e2f0@group-C626CE820278-LeaderElection140: PRE_VOTE REJECTED received 0 response(s) and 2 exception(s):
2025-10-22 08:25:04,813 [1c036820-4dbe-4abe-80fb-5ca88de5e2f0@group-C626CE820278-LeaderElection140] INFO  impl.LeaderElection (LogUtils.java:infoOrTrace(142)) -   Exception 0: java.util.concurrent.ExecutionException: org.apache.ratis.thirdparty.io.grpc.StatusRuntimeException: UNAVAILABLE: io exception
2025-10-22 08:25:04,813 [1c036820-4dbe-4abe-80fb-5ca88de5e2f0@group-C626CE820278-LeaderElection140] INFO  impl.LeaderElection (LogUtils.java:infoOrTrace(142)) -   Exception 1: java.util.concurrent.ExecutionException: org.apache.ratis.thirdparty.io.grpc.StatusRuntimeException: UNAVAILABLE: io exception
2025-10-22 08:25:04,813 [1c036820-4dbe-4abe-80fb-5ca88de5e2f0@group-C626CE820278-LeaderElection140] INFO  impl.LeaderElection (LeaderElection.java:askForVotes(450)) - 1c036820-4dbe-4abe-80fb-5ca88de5e2f0@group-C626CE820278-LeaderElection140 PRE_VOTE round 0: result REJECTED
2025-10-22 08:25:04,813 [1c036820-4dbe-4abe-80fb-5ca88de5e2f0@group-C626CE820278-LeaderElection140] INFO  server.RaftServer$Division (RaftServerImpl.java:setRole(392)) - 1c036820-4dbe-4abe-80fb-5ca88de5e2f0@group-C626CE820278: changes role from CANDIDATE to FOLLOWER at term 1 for REJECTED
2025-10-22 08:25:04,813 [1c036820-4dbe-4abe-80fb-5ca88de5e2f0@group-C626CE820278-LeaderElection140] INFO  impl.RoleInfo (RoleInfo.java:shutdownLeaderElection(141)) - 1c036820-4dbe-4abe-80fb-5ca88de5e2f0: shutdown 1c036820-4dbe-4abe-80fb-5ca88de5e2f0@group-C626CE820278-LeaderElection140
2025-10-22 08:25:04,813 [1c036820-4dbe-4abe-80fb-5ca88de5e2f0@group-C626CE820278-LeaderElection140] INFO  impl.RoleInfo (RoleInfo.java:updateAndGet(148)) - 1c036820-4dbe-4abe-80fb-5ca88de5e2f0: start 1c036820-4dbe-4abe-80fb-5ca88de5e2f0@group-C626CE820278-FollowerState
2025-10-22 08:25:04,978 [1c036820-4dbe-4abe-80fb-5ca88de5e2f0@group-5E2F154B5BDB-FollowerState] INFO  impl.FollowerState (FollowerState.java:runImpl(161)) - 1c036820-4dbe-4abe-80fb-5ca88de5e2f0@group-5E2F154B5BDB-FollowerState: change to CANDIDATE, lastRpcElapsedTime:1083302018ns, electionTimeout:1083ms
2025-10-22 08:25:04,978 [1c036820-4dbe-4abe-80fb-5ca88de5e2f0@group-5E2F154B5BDB-FollowerState] INFO  impl.RoleInfo (RoleInfo.java:shutdownFollowerState(121)) - 1c036820-4dbe-4abe-80fb-5ca88de5e2f0: shutdown 1c036820-4dbe-4abe-80fb-5ca88de5e2f0@group-5E2F154B5BDB-FollowerState
2025-10-22 08:25:04,978 [1c036820-4dbe-4abe-80fb-5ca88de5e2f0@group-5E2F154B5BDB-FollowerState] INFO  server.RaftServer$Division (RaftServerImpl.java:setRole(392)) - 1c036820-4dbe-4abe-80fb-5ca88de5e2f0@group-5E2F154B5BDB: changes role from  FOLLOWER to CANDIDATE at term 2 for changeToCandidate
2025-10-22 08:25:04,978 [1c036820-4dbe-4abe-80fb-5ca88de5e2f0@group-5E2F154B5BDB-FollowerState] INFO  impl.RoleInfo (RoleInfo.java:updateAndGet(148)) - 1c036820-4dbe-4abe-80fb-5ca88de5e2f0: start 1c036820-4dbe-4abe-80fb-5ca88de5e2f0@group-5E2F154B5BDB-LeaderElection141
2025-10-22 08:25:04,979 [1c036820-4dbe-4abe-80fb-5ca88de5e2f0@group-5E2F154B5BDB-LeaderElection141] INFO  impl.LeaderElection (LeaderElection.java:askForVotes(448)) - 1c036820-4dbe-4abe-80fb-5ca88de5e2f0@group-5E2F154B5BDB-LeaderElection141 PRE_VOTE round 0: submit vote requests at term 2 for conf: {index: 1, cur=peers:[4d8a2798-959e-416b-b534-19c13b55a760|127.0.0.1:15023, 1c036820-4dbe-4abe-80fb-5ca88de5e2f0|127.0.0.1:15015, 40df8fc4-149d-40c0-897d-2844034d8141|127.0.0.1:15031]|listeners:[], old=null}
2025-10-22 08:25:04,980 [1c036820-4dbe-4abe-80fb-5ca88de5e2f0@group-5E2F154B5BDB-LeaderElection141] INFO  impl.LeaderElection (LogUtils.java:infoOrTrace(142)) - 1c036820-4dbe-4abe-80fb-5ca88de5e2f0@group-5E2F154B5BDB-LeaderElection141 got exception when requesting votes: java.util.concurrent.ExecutionException: org.apache.ratis.thirdparty.io.grpc.StatusRuntimeException: UNAVAILABLE: io exception
2025-10-22 08:25:04,980 [1c036820-4dbe-4abe-80fb-5ca88de5e2f0@group-5E2F154B5BDB-LeaderElection141] INFO  impl.LeaderElection (LogUtils.java:infoOrTrace(142)) - 1c036820-4dbe-4abe-80fb-5ca88de5e2f0@group-5E2F154B5BDB-LeaderElection141 got exception when requesting votes: java.util.concurrent.ExecutionException: org.apache.ratis.thirdparty.io.grpc.StatusRuntimeException: UNAVAILABLE: io exception
2025-10-22 08:25:04,980 [1c036820-4dbe-4abe-80fb-5ca88de5e2f0@group-5E2F154B5BDB-LeaderElection141] INFO  impl.LeaderElection (LeaderElection.java:logAndReturn(206)) - 1c036820-4dbe-4abe-80fb-5ca88de5e2f0@group-5E2F154B5BDB-LeaderElection141: PRE_VOTE REJECTED received 0 response(s) and 2 exception(s):
2025-10-22 08:25:04,980 [1c036820-4dbe-4abe-80fb-5ca88de5e2f0@group-5E2F154B5BDB-LeaderElection141] INFO  impl.LeaderElection (LogUtils.java:infoOrTrace(142)) -   Exception 0: java.util.concurrent.ExecutionException: org.apache.ratis.thirdparty.io.grpc.StatusRuntimeException: UNAVAILABLE: io exception
2025-10-22 08:25:04,980 [1c036820-4dbe-4abe-80fb-5ca88de5e2f0@group-5E2F154B5BDB-LeaderElection141] INFO  impl.LeaderElection (LogUtils.java:infoOrTrace(142)) -   Exception 1: java.util.concurrent.ExecutionException: org.apache.ratis.thirdparty.io.grpc.StatusRuntimeException: UNAVAILABLE: io exception
2025-10-22 08:25:04,980 [1c036820-4dbe-4abe-80fb-5ca88de5e2f0@group-5E2F154B5BDB-LeaderElection141] INFO  impl.LeaderElection (LeaderElection.java:askForVotes(450)) - 1c036820-4dbe-4abe-80fb-5ca88de5e2f0@group-5E2F154B5BDB-LeaderElection141 PRE_VOTE round 0: result REJECTED
2025-10-22 08:25:04,980 [1c036820-4dbe-4abe-80fb-5ca88de5e2f0@group-5E2F154B5BDB-LeaderElection141] INFO  server.RaftServer$Division (RaftServerImpl.java:setRole(392)) - 1c036820-4dbe-4abe-80fb-5ca88de5e2f0@group-5E2F154B5BDB: changes role from CANDIDATE to FOLLOWER at term 2 for REJECTED
2025-10-22 08:25:04,980 [1c036820-4dbe-4abe-80fb-5ca88de5e2f0@group-5E2F154B5BDB-LeaderElection141] INFO  impl.RoleInfo (RoleInfo.java:shutdownLeaderElection(141)) - 1c036820-4dbe-4abe-80fb-5ca88de5e2f0: shutdown 1c036820-4dbe-4abe-80fb-5ca88de5e2f0@group-5E2F154B5BDB-LeaderElection141
2025-10-22 08:25:04,980 [1c036820-4dbe-4abe-80fb-5ca88de5e2f0@group-5E2F154B5BDB-LeaderElection141] INFO  impl.RoleInfo (RoleInfo.java:updateAndGet(148)) - 1c036820-4dbe-4abe-80fb-5ca88de5e2f0: start 1c036820-4dbe-4abe-80fb-5ca88de5e2f0@group-5E2F154B5BDB-FollowerState
2025-10-22 08:25:05,823 [1c036820-4dbe-4abe-80fb-5ca88de5e2f0@group-C626CE820278-FollowerState] INFO  impl.FollowerState (FollowerState.java:runImpl(161)) - 1c036820-4dbe-4abe-80fb-5ca88de5e2f0@group-C626CE820278-FollowerState: change to CANDIDATE, lastRpcElapsedTime:1010303856ns, electionTimeout:1010ms
2025-10-22 08:25:05,823 [1c036820-4dbe-4abe-80fb-5ca88de5e2f0@group-C626CE820278-FollowerState] INFO  impl.RoleInfo (RoleInfo.java:shutdownFollowerState(121)) - 1c036820-4dbe-4abe-80fb-5ca88de5e2f0: shutdown 1c036820-4dbe-4abe-80fb-5ca88de5e2f0@group-C626CE820278-FollowerState
2025-10-22 08:25:05,823 [1c036820-4dbe-4abe-80fb-5ca88de5e2f0@group-C626CE820278-FollowerState] INFO  server.RaftServer$Division (RaftServerImpl.java:setRole(392)) - 1c036820-4dbe-4abe-80fb-5ca88de5e2f0@group-C626CE820278: changes role from  FOLLOWER to CANDIDATE at term 1 for changeToCandidate
2025-10-22 08:25:05,824 [1c036820-4dbe-4abe-80fb-5ca88de5e2f0@group-C626CE820278-FollowerState] INFO  impl.RoleInfo (RoleInfo.java:updateAndGet(148)) - 1c036820-4dbe-4abe-80fb-5ca88de5e2f0: start 1c036820-4dbe-4abe-80fb-5ca88de5e2f0@group-C626CE820278-LeaderElection142
2025-10-22 08:25:05,824 [1c036820-4dbe-4abe-80fb-5ca88de5e2f0@group-C626CE820278-LeaderElection142] INFO  impl.LeaderElection (LeaderElection.java:askForVotes(448)) - 1c036820-4dbe-4abe-80fb-5ca88de5e2f0@group-C626CE820278-LeaderElection142 PRE_VOTE round 0: submit vote requests at term 1 for conf: {index: 0, cur=peers:[4d8a2798-959e-416b-b534-19c13b55a760|127.0.0.1:15023, 1c036820-4dbe-4abe-80fb-5ca88de5e2f0|127.0.0.1:15015, 40df8fc4-149d-40c0-897d-2844034d8141|127.0.0.1:15031]|listeners:[], old=null}
2025-10-22 08:25:05,824 [1c036820-4dbe-4abe-80fb-5ca88de5e2f0@group-C626CE820278-LeaderElection142] INFO  impl.LeaderElection (LogUtils.java:infoOrTrace(142)) - 1c036820-4dbe-4abe-80fb-5ca88de5e2f0@group-C626CE820278-LeaderElection142 got exception when requesting votes: java.util.concurrent.ExecutionException: org.apache.ratis.thirdparty.io.grpc.StatusRuntimeException: UNAVAILABLE: io exception
2025-10-22 08:25:05,824 [1c036820-4dbe-4abe-80fb-5ca88de5e2f0@group-C626CE820278-LeaderElection142] INFO  impl.LeaderElection (LogUtils.java:infoOrTrace(142)) - 1c036820-4dbe-4abe-80fb-5ca88de5e2f0@group-C626CE820278-LeaderElection142 got exception when requesting votes: java.util.concurrent.ExecutionException: org.apache.ratis.thirdparty.io.grpc.StatusRuntimeException: UNAVAILABLE: io exception
2025-10-22 08:25:05,824 [1c036820-4dbe-4abe-80fb-5ca88de5e2f0@group-C626CE820278-LeaderElection142] INFO  impl.LeaderElection (LeaderElection.java:logAndReturn(206)) - 1c036820-4dbe-4abe-80fb-5ca88de5e2f0@group-C626CE820278-LeaderElection142: PRE_VOTE REJECTED received 0 response(s) and 2 exception(s):
2025-10-22 08:25:05,824 [1c036820-4dbe-4abe-80fb-5ca88de5e2f0@group-C626CE820278-LeaderElection142] INFO  impl.LeaderElection (LogUtils.java:infoOrTrace(142)) -   Exception 0: java.util.concurrent.ExecutionException: org.apache.ratis.thirdparty.io.grpc.StatusRuntimeException: UNAVAILABLE: io exception
2025-10-22 08:25:05,824 [1c036820-4dbe-4abe-80fb-5ca88de5e2f0@group-C626CE820278-LeaderElection142] INFO  impl.LeaderElection (LogUtils.java:infoOrTrace(142)) -   Exception 1: java.util.concurrent.ExecutionException: org.apache.ratis.thirdparty.io.grpc.StatusRuntimeException: UNAVAILABLE: io exception
2025-10-22 08:25:05,825 [1c036820-4dbe-4abe-80fb-5ca88de5e2f0@group-C626CE820278-LeaderElection142] INFO  impl.LeaderElection (LeaderElection.java:askForVotes(450)) - 1c036820-4dbe-4abe-80fb-5ca88de5e2f0@group-C626CE820278-LeaderElection142 PRE_VOTE round 0: result REJECTED
2025-10-22 08:25:05,825 [1c036820-4dbe-4abe-80fb-5ca88de5e2f0@group-C626CE820278-LeaderElection142] INFO  server.RaftServer$Division (RaftServerImpl.java:setRole(392)) - 1c036820-4dbe-4abe-80fb-5ca88de5e2f0@group-C626CE820278: changes role from CANDIDATE to FOLLOWER at term 1 for REJECTED
2025-10-22 08:25:05,825 [1c036820-4dbe-4abe-80fb-5ca88de5e2f0@group-C626CE820278-LeaderElection142] INFO  impl.RoleInfo (RoleInfo.java:shutdownLeaderElection(141)) - 1c036820-4dbe-4abe-80fb-5ca88de5e2f0: shutdown 1c036820-4dbe-4abe-80fb-5ca88de5e2f0@group-C626CE820278-LeaderElection142
2025-10-22 08:25:05,825 [1c036820-4dbe-4abe-80fb-5ca88de5e2f0@group-C626CE820278-LeaderElection142] INFO  impl.RoleInfo (RoleInfo.java:updateAndGet(148)) - 1c036820-4dbe-4abe-80fb-5ca88de5e2f0: start 1c036820-4dbe-4abe-80fb-5ca88de5e2f0@group-C626CE820278-FollowerState
2025-10-22 08:25:06,092 [1c036820-4dbe-4abe-80fb-5ca88de5e2f0@group-5E2F154B5BDB-FollowerState] INFO  impl.FollowerState (FollowerState.java:runImpl(161)) - 1c036820-4dbe-4abe-80fb-5ca88de5e2f0@group-5E2F154B5BDB-FollowerState: change to CANDIDATE, lastRpcElapsedTime:1112363074ns, electionTimeout:1112ms
2025-10-22 08:25:06,093 [1c036820-4dbe-4abe-80fb-5ca88de5e2f0@group-5E2F154B5BDB-FollowerState] INFO  impl.RoleInfo (RoleInfo.java:shutdownFollowerState(121)) - 1c036820-4dbe-4abe-80fb-5ca88de5e2f0: shutdown 1c036820-4dbe-4abe-80fb-5ca88de5e2f0@group-5E2F154B5BDB-FollowerState
2025-10-22 08:25:06,093 [1c036820-4dbe-4abe-80fb-5ca88de5e2f0@group-5E2F154B5BDB-FollowerState] INFO  server.RaftServer$Division (RaftServerImpl.java:setRole(392)) - 1c036820-4dbe-4abe-80fb-5ca88de5e2f0@group-5E2F154B5BDB: changes role from  FOLLOWER to CANDIDATE at term 2 for changeToCandidate
2025-10-22 08:25:06,093 [1c036820-4dbe-4abe-80fb-5ca88de5e2f0@group-5E2F154B5BDB-FollowerState] INFO  impl.RoleInfo (RoleInfo.java:updateAndGet(148)) - 1c036820-4dbe-4abe-80fb-5ca88de5e2f0: start 1c036820-4dbe-4abe-80fb-5ca88de5e2f0@group-5E2F154B5BDB-LeaderElection143
2025-10-22 08:25:06,093 [1c036820-4dbe-4abe-80fb-5ca88de5e2f0@group-5E2F154B5BDB-LeaderElection143] INFO  impl.LeaderElection (LeaderElection.java:askForVotes(448)) - 1c036820-4dbe-4abe-80fb-5ca88de5e2f0@group-5E2F154B5BDB-LeaderElection143 PRE_VOTE round 0: submit vote requests at term 2 for conf: {index: 1, cur=peers:[4d8a2798-959e-416b-b534-19c13b55a760|127.0.0.1:15023, 1c036820-4dbe-4abe-80fb-5ca88de5e2f0|127.0.0.1:15015, 40df8fc4-149d-40c0-897d-2844034d8141|127.0.0.1:15031]|listeners:[], old=null}
2025-10-22 08:25:06,094 [1c036820-4dbe-4abe-80fb-5ca88de5e2f0@group-5E2F154B5BDB-LeaderElection143] INFO  impl.LeaderElection (LogUtils.java:infoOrTrace(142)) - 1c036820-4dbe-4abe-80fb-5ca88de5e2f0@group-5E2F154B5BDB-LeaderElection143 got exception when requesting votes: java.util.concurrent.ExecutionException: org.apache.ratis.thirdparty.io.grpc.StatusRuntimeException: UNAVAILABLE: io exception
2025-10-22 08:25:06,094 [1c036820-4dbe-4abe-80fb-5ca88de5e2f0@group-5E2F154B5BDB-LeaderElection143] INFO  impl.LeaderElection (LogUtils.java:infoOrTrace(142)) - 1c036820-4dbe-4abe-80fb-5ca88de5e2f0@group-5E2F154B5BDB-LeaderElection143 got exception when requesting votes: java.util.concurrent.ExecutionException: org.apache.ratis.thirdparty.io.grpc.StatusRuntimeException: UNAVAILABLE: io exception
2025-10-22 08:25:06,094 [1c036820-4dbe-4abe-80fb-5ca88de5e2f0@group-5E2F154B5BDB-LeaderElection143] INFO  impl.LeaderElection (LeaderElection.java:logAndReturn(206)) - 1c036820-4dbe-4abe-80fb-5ca88de5e2f0@group-5E2F154B5BDB-LeaderElection143: PRE_VOTE REJECTED received 0 response(s) and 2 exception(s):
2025-10-22 08:25:06,094 [1c036820-4dbe-4abe-80fb-5ca88de5e2f0@group-5E2F154B5BDB-LeaderElection143] INFO  impl.LeaderElection (LogUtils.java:infoOrTrace(142)) -   Exception 0: java.util.concurrent.ExecutionException: org.apache.ratis.thirdparty.io.grpc.StatusRuntimeException: UNAVAILABLE: io exception
2025-10-22 08:25:06,094 [1c036820-4dbe-4abe-80fb-5ca88de5e2f0@group-5E2F154B5BDB-LeaderElection143] INFO  impl.LeaderElection (LogUtils.java:infoOrTrace(142)) -   Exception 1: java.util.concurrent.ExecutionException: org.apache.ratis.thirdparty.io.grpc.StatusRuntimeException: UNAVAILABLE: io exception
2025-10-22 08:25:06,094 [1c036820-4dbe-4abe-80fb-5ca88de5e2f0@group-5E2F154B5BDB-LeaderElection143] INFO  impl.LeaderElection (LeaderElection.java:askForVotes(450)) - 1c036820-4dbe-4abe-80fb-5ca88de5e2f0@group-5E2F154B5BDB-LeaderElection143 PRE_VOTE round 0: result REJECTED
2025-10-22 08:25:06,094 [1c036820-4dbe-4abe-80fb-5ca88de5e2f0@group-5E2F154B5BDB-LeaderElection143] INFO  server.RaftServer$Division (RaftServerImpl.java:setRole(392)) - 1c036820-4dbe-4abe-80fb-5ca88de5e2f0@group-5E2F154B5BDB: changes role from CANDIDATE to FOLLOWER at term 2 for REJECTED
2025-10-22 08:25:06,094 [1c036820-4dbe-4abe-80fb-5ca88de5e2f0@group-5E2F154B5BDB-LeaderElection143] INFO  impl.RoleInfo (RoleInfo.java:shutdownLeaderElection(141)) - 1c036820-4dbe-4abe-80fb-5ca88de5e2f0: shutdown 1c036820-4dbe-4abe-80fb-5ca88de5e2f0@group-5E2F154B5BDB-LeaderElection143
2025-10-22 08:25:06,094 [1c036820-4dbe-4abe-80fb-5ca88de5e2f0@group-5E2F154B5BDB-LeaderElection143] INFO  impl.RoleInfo (RoleInfo.java:updateAndGet(148)) - 1c036820-4dbe-4abe-80fb-5ca88de5e2f0: start 1c036820-4dbe-4abe-80fb-5ca88de5e2f0@group-5E2F154B5BDB-FollowerState
2025-10-22 08:25:06,898 [1c036820-4dbe-4abe-80fb-5ca88de5e2f0@group-C626CE820278-FollowerState] INFO  impl.FollowerState (FollowerState.java:runImpl(161)) - 1c036820-4dbe-4abe-80fb-5ca88de5e2f0@group-C626CE820278-FollowerState: change to CANDIDATE, lastRpcElapsedTime:1073245273ns, electionTimeout:1073ms
2025-10-22 08:25:06,898 [1c036820-4dbe-4abe-80fb-5ca88de5e2f0@group-C626CE820278-FollowerState] INFO  impl.RoleInfo (RoleInfo.java:shutdownFollowerState(121)) - 1c036820-4dbe-4abe-80fb-5ca88de5e2f0: shutdown 1c036820-4dbe-4abe-80fb-5ca88de5e2f0@group-C626CE820278-FollowerState
2025-10-22 08:25:06,898 [1c036820-4dbe-4abe-80fb-5ca88de5e2f0@group-C626CE820278-FollowerState] INFO  server.RaftServer$Division (RaftServerImpl.java:setRole(392)) - 1c036820-4dbe-4abe-80fb-5ca88de5e2f0@group-C626CE820278: changes role from  FOLLOWER to CANDIDATE at term 1 for changeToCandidate
2025-10-22 08:25:06,898 [1c036820-4dbe-4abe-80fb-5ca88de5e2f0@group-C626CE820278-FollowerState] INFO  impl.RoleInfo (RoleInfo.java:updateAndGet(148)) - 1c036820-4dbe-4abe-80fb-5ca88de5e2f0: start 1c036820-4dbe-4abe-80fb-5ca88de5e2f0@group-C626CE820278-LeaderElection144
2025-10-22 08:25:06,899 [1c036820-4dbe-4abe-80fb-5ca88de5e2f0@group-C626CE820278-LeaderElection144] INFO  impl.LeaderElection (LeaderElection.java:askForVotes(448)) - 1c036820-4dbe-4abe-80fb-5ca88de5e2f0@group-C626CE820278-LeaderElection144 PRE_VOTE round 0: submit vote requests at term 1 for conf: {index: 0, cur=peers:[4d8a2798-959e-416b-b534-19c13b55a760|127.0.0.1:15023, 1c036820-4dbe-4abe-80fb-5ca88de5e2f0|127.0.0.1:15015, 40df8fc4-149d-40c0-897d-2844034d8141|127.0.0.1:15031]|listeners:[], old=null}
2025-10-22 08:25:06,899 [1c036820-4dbe-4abe-80fb-5ca88de5e2f0@group-C626CE820278-LeaderElection144] INFO  impl.LeaderElection (LogUtils.java:infoOrTrace(142)) - 1c036820-4dbe-4abe-80fb-5ca88de5e2f0@group-C626CE820278-LeaderElection144 got exception when requesting votes: java.util.concurrent.ExecutionException: org.apache.ratis.thirdparty.io.grpc.StatusRuntimeException: UNAVAILABLE: io exception
2025-10-22 08:25:06,899 [1c036820-4dbe-4abe-80fb-5ca88de5e2f0@group-C626CE820278-LeaderElection144] INFO  impl.LeaderElection (LogUtils.java:infoOrTrace(142)) - 1c036820-4dbe-4abe-80fb-5ca88de5e2f0@group-C626CE820278-LeaderElection144 got exception when requesting votes: java.util.concurrent.ExecutionException: org.apache.ratis.thirdparty.io.grpc.StatusRuntimeException: UNAVAILABLE: io exception
2025-10-22 08:25:06,899 [1c036820-4dbe-4abe-80fb-5ca88de5e2f0@group-C626CE820278-LeaderElection144] INFO  impl.LeaderElection (LeaderElection.java:logAndReturn(206)) - 1c036820-4dbe-4abe-80fb-5ca88de5e2f0@group-C626CE820278-LeaderElection144: PRE_VOTE REJECTED received 0 response(s) and 2 exception(s):
2025-10-22 08:25:06,899 [1c036820-4dbe-4abe-80fb-5ca88de5e2f0@group-C626CE820278-LeaderElection144] INFO  impl.LeaderElection (LogUtils.java:infoOrTrace(142)) -   Exception 0: java.util.concurrent.ExecutionException: org.apache.ratis.thirdparty.io.grpc.StatusRuntimeException: UNAVAILABLE: io exception
2025-10-22 08:25:06,899 [1c036820-4dbe-4abe-80fb-5ca88de5e2f0@group-C626CE820278-LeaderElection144] INFO  impl.LeaderElection (LogUtils.java:infoOrTrace(142)) -   Exception 1: java.util.concurrent.ExecutionException: org.apache.ratis.thirdparty.io.grpc.StatusRuntimeException: UNAVAILABLE: io exception
2025-10-22 08:25:06,899 [1c036820-4dbe-4abe-80fb-5ca88de5e2f0@group-C626CE820278-LeaderElection144] INFO  impl.LeaderElection (LeaderElection.java:askForVotes(450)) - 1c036820-4dbe-4abe-80fb-5ca88de5e2f0@group-C626CE820278-LeaderElection144 PRE_VOTE round 0: result REJECTED
2025-10-22 08:25:06,899 [1c036820-4dbe-4abe-80fb-5ca88de5e2f0@group-C626CE820278-LeaderElection144] INFO  server.RaftServer$Division (RaftServerImpl.java:setRole(392)) - 1c036820-4dbe-4abe-80fb-5ca88de5e2f0@group-C626CE820278: changes role from CANDIDATE to FOLLOWER at term 1 for REJECTED
2025-10-22 08:25:06,899 [1c036820-4dbe-4abe-80fb-5ca88de5e2f0@group-C626CE820278-LeaderElection144] INFO  impl.RoleInfo (RoleInfo.java:shutdownLeaderElection(141)) - 1c036820-4dbe-4abe-80fb-5ca88de5e2f0: shutdown 1c036820-4dbe-4abe-80fb-5ca88de5e2f0@group-C626CE820278-LeaderElection144
2025-10-22 08:25:06,899 [1c036820-4dbe-4abe-80fb-5ca88de5e2f0@group-C626CE820278-LeaderElection144] INFO  impl.RoleInfo (RoleInfo.java:updateAndGet(148)) - 1c036820-4dbe-4abe-80fb-5ca88de5e2f0: start 1c036820-4dbe-4abe-80fb-5ca88de5e2f0@group-C626CE820278-FollowerState
2025-10-22 08:25:07,160 [1c036820-4dbe-4abe-80fb-5ca88de5e2f0@group-5E2F154B5BDB-FollowerState] INFO  impl.FollowerState (FollowerState.java:runImpl(161)) - 1c036820-4dbe-4abe-80fb-5ca88de5e2f0@group-5E2F154B5BDB-FollowerState: change to CANDIDATE, lastRpcElapsedTime:1066283116ns, electionTimeout:1066ms
2025-10-22 08:25:07,160 [1c036820-4dbe-4abe-80fb-5ca88de5e2f0@group-5E2F154B5BDB-FollowerState] INFO  impl.RoleInfo (RoleInfo.java:shutdownFollowerState(121)) - 1c036820-4dbe-4abe-80fb-5ca88de5e2f0: shutdown 1c036820-4dbe-4abe-80fb-5ca88de5e2f0@group-5E2F154B5BDB-FollowerState
2025-10-22 08:25:07,161 [1c036820-4dbe-4abe-80fb-5ca88de5e2f0@group-5E2F154B5BDB-FollowerState] INFO  server.RaftServer$Division (RaftServerImpl.java:setRole(392)) - 1c036820-4dbe-4abe-80fb-5ca88de5e2f0@group-5E2F154B5BDB: changes role from  FOLLOWER to CANDIDATE at term 2 for changeToCandidate
2025-10-22 08:25:07,161 [1c036820-4dbe-4abe-80fb-5ca88de5e2f0@group-5E2F154B5BDB-FollowerState] INFO  impl.RoleInfo (RoleInfo.java:updateAndGet(148)) - 1c036820-4dbe-4abe-80fb-5ca88de5e2f0: start 1c036820-4dbe-4abe-80fb-5ca88de5e2f0@group-5E2F154B5BDB-LeaderElection145
2025-10-22 08:25:07,161 [1c036820-4dbe-4abe-80fb-5ca88de5e2f0@group-5E2F154B5BDB-LeaderElection145] INFO  impl.LeaderElection (LeaderElection.java:askForVotes(448)) - 1c036820-4dbe-4abe-80fb-5ca88de5e2f0@group-5E2F154B5BDB-LeaderElection145 PRE_VOTE round 0: submit vote requests at term 2 for conf: {index: 1, cur=peers:[4d8a2798-959e-416b-b534-19c13b55a760|127.0.0.1:15023, 1c036820-4dbe-4abe-80fb-5ca88de5e2f0|127.0.0.1:15015, 40df8fc4-149d-40c0-897d-2844034d8141|127.0.0.1:15031]|listeners:[], old=null}
2025-10-22 08:25:07,162 [1c036820-4dbe-4abe-80fb-5ca88de5e2f0@group-5E2F154B5BDB-LeaderElection145] INFO  impl.LeaderElection (LogUtils.java:infoOrTrace(142)) - 1c036820-4dbe-4abe-80fb-5ca88de5e2f0@group-5E2F154B5BDB-LeaderElection145 got exception when requesting votes: java.util.concurrent.ExecutionException: org.apache.ratis.thirdparty.io.grpc.StatusRuntimeException: UNAVAILABLE: io exception
2025-10-22 08:25:07,162 [1c036820-4dbe-4abe-80fb-5ca88de5e2f0@group-5E2F154B5BDB-LeaderElection145] INFO  impl.LeaderElection (LogUtils.java:infoOrTrace(142)) - 1c036820-4dbe-4abe-80fb-5ca88de5e2f0@group-5E2F154B5BDB-LeaderElection145 got exception when requesting votes: java.util.concurrent.ExecutionException: org.apache.ratis.thirdparty.io.grpc.StatusRuntimeException: UNAVAILABLE: io exception
2025-10-22 08:25:07,162 [1c036820-4dbe-4abe-80fb-5ca88de5e2f0@group-5E2F154B5BDB-LeaderElection145] INFO  impl.LeaderElection (LeaderElection.java:logAndReturn(206)) - 1c036820-4dbe-4abe-80fb-5ca88de5e2f0@group-5E2F154B5BDB-LeaderElection145: PRE_VOTE REJECTED received 0 response(s) and 2 exception(s):
2025-10-22 08:25:07,162 [1c036820-4dbe-4abe-80fb-5ca88de5e2f0@group-5E2F154B5BDB-LeaderElection145] INFO  impl.LeaderElection (LogUtils.java:infoOrTrace(142)) -   Exception 0: java.util.concurrent.ExecutionException: org.apache.ratis.thirdparty.io.grpc.StatusRuntimeException: UNAVAILABLE: io exception
2025-10-22 08:25:07,162 [1c036820-4dbe-4abe-80fb-5ca88de5e2f0@group-5E2F154B5BDB-LeaderElection145] INFO  impl.LeaderElection (LogUtils.java:infoOrTrace(142)) -   Exception 1: java.util.concurrent.ExecutionException: org.apache.ratis.thirdparty.io.grpc.StatusRuntimeException: UNAVAILABLE: io exception
2025-10-22 08:25:07,162 [1c036820-4dbe-4abe-80fb-5ca88de5e2f0@group-5E2F154B5BDB-LeaderElection145] INFO  impl.LeaderElection (LeaderElection.java:askForVotes(450)) - 1c036820-4dbe-4abe-80fb-5ca88de5e2f0@group-5E2F154B5BDB-LeaderElection145 PRE_VOTE round 0: result REJECTED
2025-10-22 08:25:07,162 [1c036820-4dbe-4abe-80fb-5ca88de5e2f0@group-5E2F154B5BDB-LeaderElection145] INFO  server.RaftServer$Division (RaftServerImpl.java:setRole(392)) - 1c036820-4dbe-4abe-80fb-5ca88de5e2f0@group-5E2F154B5BDB: changes role from CANDIDATE to FOLLOWER at term 2 for REJECTED
2025-10-22 08:25:07,162 [1c036820-4dbe-4abe-80fb-5ca88de5e2f0@group-5E2F154B5BDB-LeaderElection145] INFO  impl.RoleInfo (RoleInfo.java:shutdownLeaderElection(141)) - 1c036820-4dbe-4abe-80fb-5ca88de5e2f0: shutdown 1c036820-4dbe-4abe-80fb-5ca88de5e2f0@group-5E2F154B5BDB-LeaderElection145
2025-10-22 08:25:07,162 [1c036820-4dbe-4abe-80fb-5ca88de5e2f0@group-5E2F154B5BDB-LeaderElection145] INFO  impl.RoleInfo (RoleInfo.java:updateAndGet(148)) - 1c036820-4dbe-4abe-80fb-5ca88de5e2f0: start 1c036820-4dbe-4abe-80fb-5ca88de5e2f0@group-5E2F154B5BDB-FollowerState
2025-10-22 08:25:07,680 [grpc-default-executor-5] ERROR impl.OrderedAsync (OrderedAsync.java:lambda$null$6(215)) -  client-E7D2C87CB263: Failed* RaftClientRequest:client-E7D2C87CB263->1c036820-4dbe-4abe-80fb-5ca88de5e2f0@group-5E2F154B5BDB, cid=40, seq=1*, Watch(0), null
java.util.concurrent.CompletionException: org.apache.ratis.protocol.exceptions.NotLeaderException: Server 1c036820-4dbe-4abe-80fb-5ca88de5e2f0@group-5E2F154B5BDB is not the leader
	at java.base/java.util.concurrent.CompletableFuture.encodeThrowable(CompletableFuture.java:332)
	at java.base/java.util.concurrent.CompletableFuture.completeThrowable(CompletableFuture.java:347)
	at java.base/java.util.concurrent.CompletableFuture$UniAccept.tryFire(CompletableFuture.java:708)
	at java.base/java.util.concurrent.CompletableFuture.postComplete(CompletableFuture.java:510)
	at java.base/java.util.concurrent.CompletableFuture.completeExceptionally(CompletableFuture.java:2194)
	at org.apache.ratis.grpc.client.GrpcClientProtocolClient$AsyncStreamObservers.completeReplyExceptionally(GrpcClientProtocolClient.java:397)
	at org.apache.ratis.grpc.client.GrpcClientProtocolClient$AsyncStreamObservers.access$000(GrpcClientProtocolClient.java:303)
	at org.apache.ratis.grpc.client.GrpcClientProtocolClient$AsyncStreamObservers$1.onNext(GrpcClientProtocolClient.java:317)
	at org.apache.ratis.grpc.client.GrpcClientProtocolClient$AsyncStreamObservers$1.onNext(GrpcClientProtocolClient.java:308)
	at org.apache.ratis.thirdparty.io.grpc.stub.ClientCalls$StreamObserverToCallListenerAdapter.onMessage(ClientCalls.java:551)
	at org.apache.ratis.thirdparty.io.grpc.ForwardingClientCallListener.onMessage(ForwardingClientCallListener.java:33)
	at org.apache.ratis.thirdparty.io.grpc.internal.ClientCallImpl$ClientStreamListenerImpl$1MessagesAvailable.runInternal(ClientCallImpl.java:661)
	at org.apache.ratis.thirdparty.io.grpc.internal.ClientCallImpl$ClientStreamListenerImpl$1MessagesAvailable.runInContext(ClientCallImpl.java:648)
	at org.apache.ratis.thirdparty.io.grpc.internal.ContextRunnable.run(ContextRunnable.java:37)
	at org.apache.ratis.thirdparty.io.grpc.internal.SerializingExecutor.run(SerializingExecutor.java:133)
	at java.base/java.util.concurrent.ThreadPoolExecutor.runWorker(ThreadPoolExecutor.java:1144)
	at java.base/java.util.concurrent.ThreadPoolExecutor$Worker.run(ThreadPoolExecutor.java:642)
	at java.base/java.lang.Thread.run(Thread.java:1583)
Caused by: org.apache.ratis.protocol.exceptions.NotLeaderException: Server 1c036820-4dbe-4abe-80fb-5ca88de5e2f0@group-5E2F154B5BDB is not the leader
	at org.apache.ratis.client.impl.ClientProtoUtils.toRaftClientReply(ClientProtoUtils.java:402)
	at org.apache.ratis.grpc.client.GrpcClientProtocolClient$AsyncStreamObservers$1.onNext(GrpcClientProtocolClient.java:313)
	... 10 more
2025-10-22 08:25:07,681 [grpc-default-executor-5] ERROR impl.OrderedAsync (OrderedAsync.java:lambda$send$4(181)) - Failed to send request, message=null
java.util.concurrent.CompletionException: org.apache.ratis.protocol.exceptions.RaftRetryFailureException: Failed RaftClientRequest:client-E7D2C87CB263->1c036820-4dbe-4abe-80fb-5ca88de5e2f0@group-5E2F154B5BDB, cid=40, seq=1*, Watch(0), null for 7 attempts with RequestTypeDependentRetryPolicy{WRITE->ExceptionDependentRetry(maxAttempts=2147483647; defaultPolicy=MultipleLinearRandomRetry[5x5s, 5x10s, 5x15s, 5x20s, 5x25s, 10x60s]; map={org.apache.ratis.protocol.exceptions.GroupMismatchException->NoRetry, org.apache.ratis.protocol.exceptions.NotReplicatedException->NoRetry, org.apache.ratis.protocol.exceptions.ResourceUnavailableException->org.apache.ratis.retry.ExponentialBackoffRetry@2261e2d2, org.apache.ratis.protocol.exceptions.StateMachineException->NoRetry, org.apache.ratis.protocol.exceptions.TimeoutIOException->org.apache.ratis.retry.ExponentialBackoffRetry@2261e2d2}), WATCH->ExceptionDependentRetry(maxAttempts=2147483647; defaultPolicy=MultipleLinearRandomRetry[5x5s, 5x10s, 5x15s, 5x20s, 5x25s, 10x60s]; map={org.apache.ratis.protocol.exceptions.GroupMismatchException->NoRetry, org.apache.ratis.protocol.exceptions.NotReplicatedException->NoRetry, org.apache.ratis.protocol.exceptions.ResourceUnavailableException->org.apache.ratis.retry.ExponentialBackoffRetry@2261e2d2, org.apache.ratis.protocol.exceptions.StateMachineException->NoRetry, org.apache.ratis.protocol.exceptions.TimeoutIOException->NoRetry})}
	at java.base/java.util.concurrent.CompletableFuture.encodeThrowable(CompletableFuture.java:332)
	at java.base/java.util.concurrent.CompletableFuture.completeThrowable(CompletableFuture.java:347)
	at java.base/java.util.concurrent.CompletableFuture$UniApply.tryFire(CompletableFuture.java:636)
	at java.base/java.util.concurrent.CompletableFuture.postComplete(CompletableFuture.java:510)
	at java.base/java.util.concurrent.CompletableFuture.completeExceptionally(CompletableFuture.java:2194)
	at org.apache.ratis.client.impl.OrderedAsync$PendingOrderedRequest.fail(OrderedAsync.java:111)
	at org.apache.ratis.util.SlidingWindow$Client.fail(SlidingWindow.java:395)
	at org.apache.ratis.client.impl.OrderedAsync.failAllAsyncRequests(OrderedAsync.java:155)
	at org.apache.ratis.client.impl.OrderedAsync.handleException(OrderedAsync.java:239)
	at org.apache.ratis.client.impl.OrderedAsync.lambda$sendRequestWithRetry$7(OrderedAsync.java:217)
	at java.base/java.util.concurrent.CompletableFuture.uniExceptionally(CompletableFuture.java:990)
	at java.base/java.util.concurrent.CompletableFuture$UniExceptionally.tryFire(CompletableFuture.java:974)
	at java.base/java.util.concurrent.CompletableFuture.postComplete(CompletableFuture.java:510)
	at java.base/java.util.concurrent.CompletableFuture.completeExceptionally(CompletableFuture.java:2194)
	at org.apache.ratis.grpc.client.GrpcClientProtocolClient$AsyncStreamObservers.completeReplyExceptionally(GrpcClientProtocolClient.java:397)
	at org.apache.ratis.grpc.client.GrpcClientProtocolClient$AsyncStreamObservers.access$000(GrpcClientProtocolClient.java:303)
	at org.apache.ratis.grpc.client.GrpcClientProtocolClient$AsyncStreamObservers$1.onNext(GrpcClientProtocolClient.java:317)
	at org.apache.ratis.grpc.client.GrpcClientProtocolClient$AsyncStreamObservers$1.onNext(GrpcClientProtocolClient.java:308)
	at org.apache.ratis.thirdparty.io.grpc.stub.ClientCalls$StreamObserverToCallListenerAdapter.onMessage(ClientCalls.java:551)
	at org.apache.ratis.thirdparty.io.grpc.ForwardingClientCallListener.onMessage(ForwardingClientCallListener.java:33)
	at org.apache.ratis.thirdparty.io.grpc.internal.ClientCallImpl$ClientStreamListenerImpl$1MessagesAvailable.runInternal(ClientCallImpl.java:661)
	at org.apache.ratis.thirdparty.io.grpc.internal.ClientCallImpl$ClientStreamListenerImpl$1MessagesAvailable.runInContext(ClientCallImpl.java:648)
	at org.apache.ratis.thirdparty.io.grpc.internal.ContextRunnable.run(ContextRunnable.java:37)
	at org.apache.ratis.thirdparty.io.grpc.internal.SerializingExecutor.run(SerializingExecutor.java:133)
	at java.base/java.util.concurrent.ThreadPoolExecutor.runWorker(ThreadPoolExecutor.java:1144)
	at java.base/java.util.concurrent.ThreadPoolExecutor$Worker.run(ThreadPoolExecutor.java:642)
	at java.base/java.lang.Thread.run(Thread.java:1583)
Caused by: org.apache.ratis.protocol.exceptions.RaftRetryFailureException: Failed RaftClientRequest:client-E7D2C87CB263->1c036820-4dbe-4abe-80fb-5ca88de5e2f0@group-5E2F154B5BDB, cid=40, seq=1*, Watch(0), null for 7 attempts with RequestTypeDependentRetryPolicy{WRITE->ExceptionDependentRetry(maxAttempts=2147483647; defaultPolicy=MultipleLinearRandomRetry[5x5s, 5x10s, 5x15s, 5x20s, 5x25s, 10x60s]; map={org.apache.ratis.protocol.exceptions.GroupMismatchException->NoRetry, org.apache.ratis.protocol.exceptions.NotReplicatedException->NoRetry, org.apache.ratis.protocol.exceptions.ResourceUnavailableException->org.apache.ratis.retry.ExponentialBackoffRetry@2261e2d2, org.apache.ratis.protocol.exceptions.StateMachineException->NoRetry, org.apache.ratis.protocol.exceptions.TimeoutIOException->org.apache.ratis.retry.ExponentialBackoffRetry@2261e2d2}), WATCH->ExceptionDependentRetry(maxAttempts=2147483647; defaultPolicy=MultipleLinearRandomRetry[5x5s, 5x10s, 5x15s, 5x20s, 5x25s, 10x60s]; map={org.apache.ratis.protocol.exceptions.GroupMismatchException->NoRetry, org.apache.ratis.protocol.exceptions.NotReplicatedException->NoRetry, org.apache.ratis.protocol.exceptions.ResourceUnavailableException->org.apache.ratis.retry.ExponentialBackoffRetry@2261e2d2, org.apache.ratis.protocol.exceptions.StateMachineException->NoRetry, org.apache.ratis.protocol.exceptions.TimeoutIOException->NoRetry})}
	at org.apache.ratis.client.impl.RaftClientImpl.noMoreRetries(RaftClientImpl.java:352)
	... 19 more
Caused by: org.apache.ratis.protocol.exceptions.NotLeaderException: Server 1c036820-4dbe-4abe-80fb-5ca88de5e2f0@group-5E2F154B5BDB is not the leader
	at org.apache.ratis.client.impl.ClientProtoUtils.toRaftClientReply(ClientProtoUtils.java:402)
	at org.apache.ratis.grpc.client.GrpcClientProtocolClient$AsyncStreamObservers$1.onNext(GrpcClientProtocolClient.java:313)
	... 10 more
2025-10-22 08:25:07,681 [grpc-default-executor-5] ERROR impl.OrderedAsync (OrderedAsync.java:lambda$send$4(179)) - Failed to send request, message=cmdType: WriteChunk traceID: "" containerID: 5 datanodeUuid: "4d8a2798-959e-416b-b534-19c13b55a760" writeChunk { blockID { containerID: 5 localID: 115816896921600005 blockCommitSequenceId: 0 replicaIndex: 0 } chunkData { chunkName: "115816896921600005_chunk_1" offset: 0 len: 524288 } } version: 3, data.size=524288 due to java.util.concurrent.CompletionException: org.apache.ratis.protocol.exceptions.AlreadyClosedException: SlidingWindow$Client:client-E7D2C87CB263->RAFT is closed.
2025-10-22 08:25:07,682 [grpc-default-executor-5] ERROR impl.OrderedAsync (OrderedAsync.java:lambda$send$4(179)) - Failed to send request, message=cmdType: PutBlock traceID: "" containerID: 5 datanodeUuid: "4d8a2798-959e-416b-b534-19c13b55a760" putBlock { blockData { blockID { containerID: 5 localID: 115816896921600005 blockCommitSequenceId: 0 } metadata { key: "TYPE" value: "KEY" } chunks { chunkName: "115816896921600005_chunk_1" offset: 0 len: 524288 } } eof: true } version: 3, data.size=0 due to java.util.concurrent.CompletionException: org.apache.ratis.protocol.exceptions.AlreadyClosedException: SlidingWindow$Client:client-E7D2C87CB263->RAFT is closed.
2025-10-22 08:25:07,682 [ForkJoinPool-1-worker-1] WARN  io.KeyOutputStream (KeyOutputStream.java:handleExceptionInternal(377)) - Encountered exception java.io.IOException: Unexpected Storage Container Exception: java.util.concurrent.CompletionException: Failed to write chunk 115816896921600005_chunk_1 into block conID: 5 locID: 115816896921600005 bcsId: 0 replicaIndex: null on the pipeline Pipeline{ Id: 991bfa6b-f7e5-4a03-b9a5-5e2f154b5bdb, Nodes: [ {4d8a2798-959e-416b-b534-19c13b55a760(localhost/127.0.0.1), ReplicaIndex: 0}, {40df8fc4-149d-40c0-897d-2844034d8141(localhost/127.0.0.1), ReplicaIndex: 0}, {1c036820-4dbe-4abe-80fb-5ca88de5e2f0(localhost/127.0.0.1), ReplicaIndex: 0},], ReplicationConfig: RATIS/THREE, State:OPEN, leaderId:1c036820-4dbe-4abe-80fb-5ca88de5e2f0, CreationTimestamp2025-10-22T08:23:41.659Z[Etc/UTC]}. The last committed block length is 0, uncommitted data length is 524288 retry count 0
2025-10-22 08:25:07,712 [ForkJoinPool-1-worker-1] INFO  io.BlockOutputStreamEntry (BlockOutputStreamEntry.java:writeOnRetry(192)) - BlockOutputStreamEntry:fff81173-1193-49f9-994e-e3d5e05c1a0c conID: 2 locID: 115816896921600006 bcsId: 0 replicaIndex: null: Finish retrying with len 524288, currentPosition 524288
2025-10-22 08:25:07,712 [ForkJoinPool-1-worker-1] INFO  io.BlockOutputStreamEntry (BlockOutputStreamEntry.java:finishRetryHandling(141)) - BlockOutputStreamEntry:fff81173-1193-49f9-994e-e3d5e05c1a0c conID: 2 locID: 115816896921600006 bcsId: 0 replicaIndex: null: Exiting retry handling mode
]]></system-out>
  </testcase>
  <testcase name="testBlockWritesWithDnFailures" classname="org.apache.hadoop.ozone.client.rpc.TestFailureHandlingByClient" time="42.604">
    <system-out><![CDATA[2025-10-22 08:25:07,760 [ForkJoinPool-1-worker-1] WARN  dropwizard3.Dm3MetricRegistriesImpl (Dm3MetricRegistriesImpl.java:addReporterRegistration(114)) - New reporters are added after registries were created. Some metrics will be missing from the reporter. Please add reporter before adding any new registry.
2025-10-22 08:25:07,760 [ForkJoinPool-1-worker-1] WARN  dropwizard3.Dm3MetricRegistriesImpl (Dm3MetricRegistriesImpl.java:addReporterRegistration(114)) - New reporters are added after registries were created. Some metrics will be missing from the reporter. Please add reporter before adding any new registry.
2025-10-22 08:25:07,790 [ForkJoinPool-1-worker-1] INFO  ozone.HddsDatanodeService (HddsDatanodeService.java:start(236)) - HddsDatanodeService 4d8a2798-959e-416b-b534-19c13b55a760(localhost/127.0.0.1)
2025-10-22 08:25:07,792 [ForkJoinPool-1-worker-1] INFO  upgrade.AbstractLayoutVersionManager (AbstractLayoutVersionManager.java:init(80)) - Initializing Layout version manager with metadata layout = WITNESSED_CONTAINER_DB_PROTO_VALUE (version = 9), software layout = WITNESSED_CONTAINER_DB_PROTO_VALUE (version = 9)
2025-10-22 08:25:07,792 [ForkJoinPool-1-worker-1] INFO  statemachine.DatanodeStateMachine (DatanodeStateMachine.java:getEndPointTaskThreadPoolSize(321)) - Datanode State Machine Task Thread Pool size 2
2025-10-22 08:25:07,796 [ForkJoinPool-1-worker-1] INFO  volume.HddsVolume (HddsVolume.java:<init>(162)) - HddsVolume: { id=DS-4aaa098a-486e-4441-80f0-7688bb8bbdde dir=/home/runner/work/ozone/ozone/hadoop-ozone/integration-test/target/test-dir/MiniOzoneClusterImpl-a412b9f6-7d8b-4de3-a85c-9946bceaa3a0/ozone-metadata/datanode-2/data-0/hdds type=DISK capacity=9222449699674390527 used=0 available=9222449699674390527 minFree=184448985434423296 committed=0 }
2025-10-22 08:25:07,796 [ForkJoinPool-1-worker-1] INFO  volume.MutableVolumeSet (MutableVolumeSet.java:initializeVolumeSet(175)) - Added Volume : /home/runner/work/ozone/ozone/hadoop-ozone/integration-test/target/test-dir/MiniOzoneClusterImpl-a412b9f6-7d8b-4de3-a85c-9946bceaa3a0/ozone-metadata/datanode-2/data-0/hdds to VolumeSet
2025-10-22 08:25:07,797 [ForkJoinPool-1-worker-1] INFO  volume.MutableVolumeSet (MutableVolumeSet.java:initializeVolumeSet(175)) - Added Volume : /home/runner/work/ozone/ozone/hadoop-ozone/integration-test/target/test-dir/MiniOzoneClusterImpl-a412b9f6-7d8b-4de3-a85c-9946bceaa3a0/ozone-metadata/datanode-2/ratis to VolumeSet
2025-10-22 08:25:07,815 [ForkJoinPool.commonPool-worker-2] INFO  utils.DatanodeStoreCache (DatanodeStoreCache.java:addDB(70)) - Added db /home/runner/work/ozone/ozone/hadoop-ozone/integration-test/target/test-dir/MiniOzoneClusterImpl-a412b9f6-7d8b-4de3-a85c-9946bceaa3a0/ozone-metadata/datanode-2/data-0/hdds/a412b9f6-7d8b-4de3-a85c-9946bceaa3a0/DS-4aaa098a-486e-4441-80f0-7688bb8bbdde/container.db to cache
2025-10-22 08:25:07,815 [ForkJoinPool.commonPool-worker-2] INFO  volume.HddsVolume (HddsVolume.java:loadDbStore(517)) - SchemaV3 db is loaded at /home/runner/work/ozone/ozone/hadoop-ozone/integration-test/target/test-dir/MiniOzoneClusterImpl-a412b9f6-7d8b-4de3-a85c-9946bceaa3a0/ozone-metadata/datanode-2/data-0/hdds/a412b9f6-7d8b-4de3-a85c-9946bceaa3a0/DS-4aaa098a-486e-4441-80f0-7688bb8bbdde/container.db for volume DS-4aaa098a-486e-4441-80f0-7688bb8bbdde
2025-10-22 08:25:07,815 [ForkJoinPool-1-worker-1] INFO  ozoneimpl.OzoneContainer (HddsVolumeUtil.java:loadAllHddsVolumeDbStore(102)) - Load 1 volumes DbStore cost: 18ms
2025-10-22 08:25:07,816 [ForkJoinPool-1-worker-1] WARN  db.DBStoreBuilder (DBStoreBuilder.java:getDBDirPath(157)) - ozone.scm.datanode.id.dir is not configured. We recommend adding this setting. Falling back to ozone.metadata.dirs instead.
2025-10-22 08:25:07,817 [ForkJoinPool-1-worker-1] WARN  db.DBStoreBuilder (DBStoreBuilder.java:getDBDirPath(157)) - ozone.scm.datanode.id.dir is not configured. We recommend adding this setting. Falling back to ozone.metadata.dirs instead.
2025-10-22 08:25:07,825 [ForkJoinPool-1-worker-1] INFO  impl.FilePerChunkStrategy (FilePerChunkStrategy.java:<init>(79)) - ozone.chunk.read.mapped.buffer.max.count is load with 0
2025-10-22 08:25:07,825 [ForkJoinPool-1-worker-1] INFO  impl.FilePerBlockStrategy (FilePerBlockStrategy.java:<init>(88)) - ozone.chunk.read.mapped.buffer.max.count is load with 0
2025-10-22 08:25:07,825 [ForkJoinPool-1-worker-1] INFO  server.RaftServerConfigKeys (ConfUtils.java:logGet(62)) - raft.server.log.appender.buffer.byte-limit = 33554432 (custom)
2025-10-22 08:25:07,827 [ForkJoinPool-1-worker-1] INFO  grpc.GrpcConfigKeys (ConfUtils.java:logFallback(69)) - raft.grpc.admin.host = null (fallback to raft.grpc.server.host)
2025-10-22 08:25:07,827 [ForkJoinPool-1-worker-1] INFO  grpc.GrpcConfigKeys (ConfUtils.java:logGet(62)) - raft.grpc.admin.port = 15022 (custom)
2025-10-22 08:25:07,827 [ForkJoinPool-1-worker-1] INFO  grpc.GrpcConfigKeys (ConfUtils.java:logFallback(69)) - raft.grpc.client.host = null (fallback to raft.grpc.server.host)
2025-10-22 08:25:07,827 [ForkJoinPool-1-worker-1] INFO  grpc.GrpcConfigKeys (ConfUtils.java:logGet(62)) - raft.grpc.client.port = 15021 (custom)
2025-10-22 08:25:07,827 [ForkJoinPool-1-worker-1] INFO  grpc.GrpcConfigKeys (ConfUtils.java:logGet(62)) - raft.grpc.server.port = 15023 (custom)
2025-10-22 08:25:07,827 [ForkJoinPool-1-worker-1] INFO  server.GrpcServicesImpl (ConfUtils.java:logGet(62)) - raft.grpc.message.size.max = 34603008 (custom)
2025-10-22 08:25:07,827 [ForkJoinPool-1-worker-1] INFO  server.GrpcServicesImpl (ConfUtils.java:logGet(62)) - raft.grpc.flow.control.window = 5MB (=5242880) (custom)
2025-10-22 08:25:07,827 [ForkJoinPool-1-worker-1] INFO  server.RaftServerConfigKeys (ConfUtils.java:logGet(62)) - raft.server.log.appender.buffer.byte-limit = 33554432 (custom)
2025-10-22 08:25:07,829 [ForkJoinPool-1-worker-1] INFO  netty.NettyUtils (NettyUtils.java:newEventLoopGroup(74)) - Create EpollEventLoopGroup for 4d8a2798-959e-416b-b534-19c13b55a760-NettyServerStreamRpc-bossGroup; Thread size is 0.
2025-10-22 08:25:07,829 [ForkJoinPool-1-worker-1] INFO  netty.NettyUtils (NettyUtils.java:newEventLoopGroup(74)) - Create EpollEventLoopGroup for 4d8a2798-959e-416b-b534-19c13b55a760-NettyServerStreamRpc-workerGroup; Thread size is 0.
2025-10-22 08:25:07,830 [ForkJoinPool-1-worker-1] INFO  netty.NettyConfigKeys$DataStream (ConfUtils.java:logGet(62)) - raft.netty.dataStream.port = 15024 (custom)
2025-10-22 08:25:07,830 [ForkJoinPool-1-worker-1] INFO  server.RaftServerConfigKeys (ConfUtils.java:logGet(62)) - raft.server.storage.dir = [/home/runner/work/ozone/ozone/hadoop-ozone/integration-test/target/test-dir/MiniOzoneClusterImpl-a412b9f6-7d8b-4de3-a85c-9946bceaa3a0/ozone-metadata/datanode-2/ratis] (custom)
2025-10-22 08:25:07,830 [4d8a2798-959e-416b-b534-19c13b55a760-NettyServerStreamRpc-bossGroup--thread1] INFO  logging.LoggingHandler (AbstractInternalLogger.java:log(148)) - [id: 0xa1b39cd8] REGISTERED
2025-10-22 08:25:07,830 [4d8a2798-959e-416b-b534-19c13b55a760-NettyServerStreamRpc-bossGroup--thread1] INFO  logging.LoggingHandler (AbstractInternalLogger.java:log(148)) - [id: 0xa1b39cd8] BIND: 0.0.0.0/0.0.0.0:15024
2025-10-22 08:25:07,831 [4d8a2798-959e-416b-b534-19c13b55a760-impl-thread1] INFO  server.RaftServer (RaftServerProxy.java:initGroupDir(270)) - 4d8a2798-959e-416b-b534-19c13b55a760: found a subdirectory /home/runner/work/ozone/ozone/hadoop-ozone/integration-test/target/test-dir/MiniOzoneClusterImpl-a412b9f6-7d8b-4de3-a85c-9946bceaa3a0/ozone-metadata/datanode-2/ratis/28d7a56f-ff21-46bd-bc35-c626ce820278
2025-10-22 08:25:07,831 [4d8a2798-959e-416b-b534-19c13b55a760-NettyServerStreamRpc-bossGroup--thread1] INFO  logging.LoggingHandler (AbstractInternalLogger.java:log(148)) - [id: 0xa1b39cd8, L:/0.0.0.0:15024] ACTIVE
2025-10-22 08:25:07,831 [4d8a2798-959e-416b-b534-19c13b55a760-impl-thread1] INFO  server.RaftServer (RaftServerProxy.java:addNew(105)) - 4d8a2798-959e-416b-b534-19c13b55a760: addNew group-C626CE820278:[] returns group-C626CE820278:java.util.concurrent.CompletableFuture@7ea3fb35[Not completed]
2025-10-22 08:25:07,831 [4d8a2798-959e-416b-b534-19c13b55a760-impl-thread1] INFO  server.RaftServer (RaftServerProxy.java:initGroupDir(270)) - 4d8a2798-959e-416b-b534-19c13b55a760: found a subdirectory /home/runner/work/ozone/ozone/hadoop-ozone/integration-test/target/test-dir/MiniOzoneClusterImpl-a412b9f6-7d8b-4de3-a85c-9946bceaa3a0/ozone-metadata/datanode-2/ratis/tmp
2025-10-22 08:25:07,831 [4d8a2798-959e-416b-b534-19c13b55a760-impl-thread1] INFO  server.RaftServer (RaftServerProxy.java:initGroupDir(275)) - 4d8a2798-959e-416b-b534-19c13b55a760: The directory /home/runner/work/ozone/ozone/hadoop-ozone/integration-test/target/test-dir/MiniOzoneClusterImpl-a412b9f6-7d8b-4de3-a85c-9946bceaa3a0/ozone-metadata/datanode-2/ratis/tmp is not a group directory; ignoring it. 
2025-10-22 08:25:07,831 [4d8a2798-959e-416b-b534-19c13b55a760-impl-thread1] INFO  server.RaftServer (RaftServerProxy.java:initGroupDir(270)) - 4d8a2798-959e-416b-b534-19c13b55a760: found a subdirectory /home/runner/work/ozone/ozone/hadoop-ozone/integration-test/target/test-dir/MiniOzoneClusterImpl-a412b9f6-7d8b-4de3-a85c-9946bceaa3a0/ozone-metadata/datanode-2/ratis/991bfa6b-f7e5-4a03-b9a5-5e2f154b5bdb
2025-10-22 08:25:07,831 [4d8a2798-959e-416b-b534-19c13b55a760-impl-thread1] INFO  server.RaftServer (RaftServerProxy.java:addNew(105)) - 4d8a2798-959e-416b-b534-19c13b55a760: addNew group-5E2F154B5BDB:[] returns group-5E2F154B5BDB:java.util.concurrent.CompletableFuture@749d605[Not completed]
2025-10-22 08:25:07,831 [4d8a2798-959e-416b-b534-19c13b55a760-impl-thread1] INFO  server.RaftServer (RaftServerProxy.java:initGroupDir(270)) - 4d8a2798-959e-416b-b534-19c13b55a760: found a subdirectory /home/runner/work/ozone/ozone/hadoop-ozone/integration-test/target/test-dir/MiniOzoneClusterImpl-a412b9f6-7d8b-4de3-a85c-9946bceaa3a0/ozone-metadata/datanode-2/ratis/0ab6beb1-ecd4-4a22-8092-c080f8b16968
2025-10-22 08:25:07,831 [4d8a2798-959e-416b-b534-19c13b55a760-impl-thread1] INFO  server.RaftServer (RaftServerProxy.java:addNew(105)) - 4d8a2798-959e-416b-b534-19c13b55a760: addNew group-C080F8B16968:[] returns group-C080F8B16968:java.util.concurrent.CompletableFuture@4f974163[Not completed]
2025-10-22 08:25:07,831 [ForkJoinPool-1-worker-1] INFO  replication.ReplicationServer (ReplicationServer.java:<init>(84)) - Initializing replication server with thread count = 10 queue length = 4096
2025-10-22 08:25:07,832 [4d8a2798-959e-416b-b534-19c13b55a760-groupManagement] INFO  server.RaftServer$Division (RaftServerImpl.java:<init>(268)) - 4d8a2798-959e-416b-b534-19c13b55a760: new RaftServerImpl for group-C626CE820278:[] with ContainerStateMachine:uninitialized
2025-10-22 08:25:07,832 [ForkJoinPool-1-worker-1] INFO  server.XceiverServerGrpc (XceiverServerGrpc.java:<init>(129)) - GrpcServer channel type EpollServerSocketChannel
2025-10-22 08:25:07,832 [4d8a2798-959e-416b-b534-19c13b55a760-groupManagement] INFO  server.RaftServer$Division (ServerState.java:<init>(114)) - 4d8a2798-959e-416b-b534-19c13b55a760@group-C626CE820278: ConfigurationManager, init=conf: {index: -1, cur=peers:[]|listeners:[], old=null}, confs=<EMPTY_MAP>
2025-10-22 08:25:07,833 [ForkJoinPool-1-worker-1] INFO  replication.ReplicationSupervisor (ReplicationSupervisor.java:build(169)) - Initializing replication supervisor with thread count = 10
2025-10-22 08:25:07,834 [ForkJoinPool-1-worker-1] INFO  replication.ReplicationSupervisor (ReplicationSupervisor.java:nodeStateUpdated(358)) - Node state updated to IN_SERVICE, scaling executor pool size to 10
2025-10-22 08:25:07,837 [ForkJoinPool-1-worker-1] INFO  http.BaseHttpServer (BaseHttpServer.java:newHttpServer2BuilderForOzone(227)) - Starting Web-server for hddsDatanode at: http://0.0.0.0:15018
2025-10-22 08:25:07,838 [ForkJoinPool-1-worker-1] INFO  http.BaseHttpServer (BaseHttpServer.java:<init>(105)) - Hadoop Security Enabled: false Ozone Security Enabled: false Ozone HTTP Security Enabled: false 
2025-10-22 08:25:07,839 [4d8a2798-959e-416b-b534-19c13b55a760-groupManagement] INFO  server.RaftServer$Division (RaftServerImpl.java:<init>(268)) - 4d8a2798-959e-416b-b534-19c13b55a760: new RaftServerImpl for group-5E2F154B5BDB:[] with ContainerStateMachine:uninitialized
2025-10-22 08:25:07,839 [ForkJoinPool-1-worker-1] WARN  server.AuthenticationFilter (AuthenticationFilter.java:constructSecretProvider(240)) - Unable to initialize FileSignerSecretProvider, falling back to use random secrets. Reason: Could not read signature secret file: /home/runner/hadoop-http-auth-signature-secret
2025-10-22 08:25:07,839 [4d8a2798-959e-416b-b534-19c13b55a760-groupManagement] INFO  server.RaftServer$Division (ServerState.java:<init>(114)) - 4d8a2798-959e-416b-b534-19c13b55a760@group-5E2F154B5BDB: ConfigurationManager, init=conf: {index: -1, cur=peers:[]|listeners:[], old=null}, confs=<EMPTY_MAP>
2025-10-22 08:25:07,842 [ForkJoinPool-1-worker-1] INFO  http.HttpServer2 (HttpServer2.java:addGlobalFilter(1040)) - Added global filter 'safety' (class=org.apache.hadoop.hdds.server.http.HttpServer2$QuotingInputFilter)
2025-10-22 08:25:07,843 [ForkJoinPool-1-worker-1] INFO  http.HttpServer2 (HttpServer2.java:addFilter(1016)) - Added filter static_user_filter (class=org.apache.hadoop.http.lib.StaticUserWebFilter$StaticUserFilter) to context hddsDatanode
2025-10-22 08:25:07,843 [ForkJoinPool-1-worker-1] INFO  http.HttpServer2 (HttpServer2.java:addFilter(1024)) - Added filter static_user_filter (class=org.apache.hadoop.http.lib.StaticUserWebFilter$StaticUserFilter) to context logs
2025-10-22 08:25:07,843 [ForkJoinPool-1-worker-1] INFO  http.HttpServer2 (HttpServer2.java:addFilter(1024)) - Added filter static_user_filter (class=org.apache.hadoop.http.lib.StaticUserWebFilter$StaticUserFilter) to context static
2025-10-22 08:25:07,843 [ForkJoinPool-1-worker-1] INFO  http.BaseHttpServer (BaseHttpServer.java:<init>(193)) - HTTP server of hddsDatanode uses base directory /home/runner/work/ozone/ozone/hadoop-ozone/integration-test/target/test-dir/MiniOzoneClusterImpl-a412b9f6-7d8b-4de3-a85c-9946bceaa3a0/scm/ozone-metadata/webserver
2025-10-22 08:25:07,844 [ForkJoinPool-1-worker-1] INFO  http.HttpServer2 (HttpServer2.java:bindListener(1240)) - Jetty bound to port 15018
2025-10-22 08:25:07,844 [ForkJoinPool-1-worker-1] INFO  server.Server (Server.java:doStart(375)) - jetty-9.4.58.v20250814; built: 2025-08-14T02:28:49.637Z; git: 8f1440587e9e4ae7db3d74cf205643f3d707148d; jvm 21.0.8+9-LTS
2025-10-22 08:25:07,845 [4d8a2798-959e-416b-b534-19c13b55a760-groupManagement] INFO  server.RaftServer$Division (RaftServerImpl.java:<init>(268)) - 4d8a2798-959e-416b-b534-19c13b55a760: new RaftServerImpl for group-C080F8B16968:[] with ContainerStateMachine:uninitialized
2025-10-22 08:25:07,845 [4d8a2798-959e-416b-b534-19c13b55a760-groupManagement] INFO  server.RaftServer$Division (ServerState.java:<init>(114)) - 4d8a2798-959e-416b-b534-19c13b55a760@group-C080F8B16968: ConfigurationManager, init=conf: {index: -1, cur=peers:[]|listeners:[], old=null}, confs=<EMPTY_MAP>
2025-10-22 08:25:07,847 [ForkJoinPool-1-worker-1] INFO  server.session (DefaultSessionIdManager.java:doStart(334)) - DefaultSessionIdManager workerName=node0
2025-10-22 08:25:07,847 [ForkJoinPool-1-worker-1] INFO  server.session (DefaultSessionIdManager.java:doStart(339)) - No SessionScavenger set, using defaults
2025-10-22 08:25:07,847 [ForkJoinPool-1-worker-1] INFO  server.session (HouseKeeper.java:startScavenging(132)) - node0 Scavenging every 600000ms
2025-10-22 08:25:07,848 [ForkJoinPool-1-worker-1] INFO  handler.ContextHandler (ContextHandler.java:doStart(921)) - Started o.e.j.s.ServletContextHandler@3440a975{logs,/logs,file:///home/runner/work/ozone/ozone/hadoop-ozone/integration-test/target/log,AVAILABLE}
2025-10-22 08:25:07,848 [ForkJoinPool-1-worker-1] INFO  handler.ContextHandler (ContextHandler.java:doStart(921)) - Started o.e.j.s.ServletContextHandler@3b231538{static,/static,jar:file:/home/runner/work/ozone/ozone/hadoop-hdds/container-service/target/hdds-container-service-2.1.0-SNAPSHOT.jar!/webapps/static,AVAILABLE}
2025-10-22 08:25:07,982 [1c036820-4dbe-4abe-80fb-5ca88de5e2f0@group-C626CE820278-FollowerState] INFO  impl.FollowerState (FollowerState.java:runImpl(161)) - 1c036820-4dbe-4abe-80fb-5ca88de5e2f0@group-C626CE820278-FollowerState: change to CANDIDATE, lastRpcElapsedTime:1082312440ns, electionTimeout:1082ms
2025-10-22 08:25:07,982 [1c036820-4dbe-4abe-80fb-5ca88de5e2f0@group-C626CE820278-FollowerState] INFO  impl.RoleInfo (RoleInfo.java:shutdownFollowerState(121)) - 1c036820-4dbe-4abe-80fb-5ca88de5e2f0: shutdown 1c036820-4dbe-4abe-80fb-5ca88de5e2f0@group-C626CE820278-FollowerState
2025-10-22 08:25:07,982 [1c036820-4dbe-4abe-80fb-5ca88de5e2f0@group-C626CE820278-FollowerState] INFO  server.RaftServer$Division (RaftServerImpl.java:setRole(392)) - 1c036820-4dbe-4abe-80fb-5ca88de5e2f0@group-C626CE820278: changes role from  FOLLOWER to CANDIDATE at term 1 for changeToCandidate
2025-10-22 08:25:07,982 [1c036820-4dbe-4abe-80fb-5ca88de5e2f0@group-C626CE820278-FollowerState] INFO  impl.RoleInfo (RoleInfo.java:updateAndGet(148)) - 1c036820-4dbe-4abe-80fb-5ca88de5e2f0: start 1c036820-4dbe-4abe-80fb-5ca88de5e2f0@group-C626CE820278-LeaderElection146
2025-10-22 08:25:07,983 [1c036820-4dbe-4abe-80fb-5ca88de5e2f0@group-C626CE820278-LeaderElection146] INFO  impl.LeaderElection (LeaderElection.java:askForVotes(448)) - 1c036820-4dbe-4abe-80fb-5ca88de5e2f0@group-C626CE820278-LeaderElection146 PRE_VOTE round 0: submit vote requests at term 1 for conf: {index: 0, cur=peers:[4d8a2798-959e-416b-b534-19c13b55a760|127.0.0.1:15023, 1c036820-4dbe-4abe-80fb-5ca88de5e2f0|127.0.0.1:15015, 40df8fc4-149d-40c0-897d-2844034d8141|127.0.0.1:15031]|listeners:[], old=null}
2025-10-22 08:25:07,983 [1c036820-4dbe-4abe-80fb-5ca88de5e2f0@group-C626CE820278-LeaderElection146] INFO  impl.LeaderElection (LogUtils.java:infoOrTrace(142)) - 1c036820-4dbe-4abe-80fb-5ca88de5e2f0@group-C626CE820278-LeaderElection146 got exception when requesting votes: java.util.concurrent.ExecutionException: org.apache.ratis.thirdparty.io.grpc.StatusRuntimeException: UNAVAILABLE: io exception
2025-10-22 08:25:07,983 [1c036820-4dbe-4abe-80fb-5ca88de5e2f0@group-C626CE820278-LeaderElection146] INFO  impl.LeaderElection (LogUtils.java:infoOrTrace(142)) - 1c036820-4dbe-4abe-80fb-5ca88de5e2f0@group-C626CE820278-LeaderElection146 got exception when requesting votes: java.util.concurrent.ExecutionException: org.apache.ratis.thirdparty.io.grpc.StatusRuntimeException: UNAVAILABLE: io exception
2025-10-22 08:25:07,983 [1c036820-4dbe-4abe-80fb-5ca88de5e2f0@group-C626CE820278-LeaderElection146] INFO  impl.LeaderElection (LeaderElection.java:logAndReturn(206)) - 1c036820-4dbe-4abe-80fb-5ca88de5e2f0@group-C626CE820278-LeaderElection146: PRE_VOTE REJECTED received 0 response(s) and 2 exception(s):
2025-10-22 08:25:07,983 [1c036820-4dbe-4abe-80fb-5ca88de5e2f0@group-C626CE820278-LeaderElection146] INFO  impl.LeaderElection (LogUtils.java:infoOrTrace(142)) -   Exception 0: java.util.concurrent.ExecutionException: org.apache.ratis.thirdparty.io.grpc.StatusRuntimeException: UNAVAILABLE: io exception
2025-10-22 08:25:07,983 [1c036820-4dbe-4abe-80fb-5ca88de5e2f0@group-C626CE820278-LeaderElection146] INFO  impl.LeaderElection (LogUtils.java:infoOrTrace(142)) -   Exception 1: java.util.concurrent.ExecutionException: org.apache.ratis.thirdparty.io.grpc.StatusRuntimeException: UNAVAILABLE: io exception
2025-10-22 08:25:07,984 [1c036820-4dbe-4abe-80fb-5ca88de5e2f0@group-C626CE820278-LeaderElection146] INFO  impl.LeaderElection (LeaderElection.java:askForVotes(450)) - 1c036820-4dbe-4abe-80fb-5ca88de5e2f0@group-C626CE820278-LeaderElection146 PRE_VOTE round 0: result REJECTED
2025-10-22 08:25:07,984 [1c036820-4dbe-4abe-80fb-5ca88de5e2f0@group-C626CE820278-LeaderElection146] INFO  server.RaftServer$Division (RaftServerImpl.java:setRole(392)) - 1c036820-4dbe-4abe-80fb-5ca88de5e2f0@group-C626CE820278: changes role from CANDIDATE to FOLLOWER at term 1 for REJECTED
2025-10-22 08:25:07,984 [1c036820-4dbe-4abe-80fb-5ca88de5e2f0@group-C626CE820278-LeaderElection146] INFO  impl.RoleInfo (RoleInfo.java:shutdownLeaderElection(141)) - 1c036820-4dbe-4abe-80fb-5ca88de5e2f0: shutdown 1c036820-4dbe-4abe-80fb-5ca88de5e2f0@group-C626CE820278-LeaderElection146
2025-10-22 08:25:07,984 [1c036820-4dbe-4abe-80fb-5ca88de5e2f0@group-C626CE820278-LeaderElection146] INFO  impl.RoleInfo (RoleInfo.java:updateAndGet(148)) - 1c036820-4dbe-4abe-80fb-5ca88de5e2f0: start 1c036820-4dbe-4abe-80fb-5ca88de5e2f0@group-C626CE820278-FollowerState
2025-10-22 08:25:08,006 [ForkJoinPool-1-worker-1] INFO  handler.ContextHandler (ContextHandler.java:doStart(921)) - Started o.e.j.w.WebAppContext@4e498fe2{hddsDatanode,/,file:///home/runner/work/ozone/ozone/hadoop-ozone/integration-test/target/test-dir/MiniOzoneClusterImpl-a412b9f6-7d8b-4de3-a85c-9946bceaa3a0/scm/ozone-metadata/webserver/jetty-0_0_0_0-15018-hdds-container-service-2_1_0-SNAPSHOT_jar-_-any-17643376127711561398/webapp/,AVAILABLE}{jar:file:/home/runner/work/ozone/ozone/hadoop-hdds/container-service/target/hdds-container-service-2.1.0-SNAPSHOT.jar!/webapps/hddsDatanode}
2025-10-22 08:25:08,007 [ForkJoinPool-1-worker-1] INFO  server.AbstractConnector (AbstractConnector.java:doStart(333)) - Started ServerConnector@5a76b6bf{HTTP/1.1, (http/1.1)}{0.0.0.0:15018}
2025-10-22 08:25:08,007 [ForkJoinPool-1-worker-1] INFO  server.Server (Server.java:doStart(415)) - Started @99604ms
2025-10-22 08:25:08,007 [ForkJoinPool-1-worker-1] WARN  impl.MetricsSystemImpl (MetricsSystemImpl.java:register(279)) - Sink prometheus already exists!
2025-10-22 08:25:08,008 [ForkJoinPool-1-worker-1] INFO  http.BaseHttpServer (BaseHttpServer.java:updateConnectorAddress(357)) - HTTP server of hddsDatanode listening at http://localhost:15018
2025-10-22 08:25:08,008 [ForkJoinPool-1-worker-1] INFO  ipc.CallQueueManager (CallQueueManager.java:<init>(93)) - Using callQueue: class java.util.concurrent.LinkedBlockingQueue, queueCapacity: 1000, scheduler: class org.apache.hadoop.ipc.DefaultRpcScheduler, ipcBackoff: false, ipcFailOver: false.
2025-10-22 08:25:08,008 [ForkJoinPool-1-worker-1] INFO  ipc.Server (Server.java:<init>(1438)) - Listener at 0.0.0.0:15019
2025-10-22 08:25:08,009 [Socket Reader #1 for port 15019] INFO  ipc.Server (Server.java:run(1474)) - Starting Socket Reader #1 for port 15019
2025-10-22 08:25:08,009 [Socket Reader #2 for port 15019] INFO  ipc.Server (Server.java:run(1474)) - Starting Socket Reader #2 for port 15019
2025-10-22 08:25:08,009 [Socket Reader #3 for port 15019] INFO  ipc.Server (Server.java:run(1474)) - Starting Socket Reader #3 for port 15019
2025-10-22 08:25:08,009 [Socket Reader #4 for port 15019] INFO  ipc.Server (Server.java:run(1474)) - Starting Socket Reader #4 for port 15019
2025-10-22 08:25:08,010 [Socket Reader #5 for port 15019] INFO  ipc.Server (Server.java:run(1474)) - Starting Socket Reader #5 for port 15019
2025-10-22 08:25:08,010 [Socket Reader #6 for port 15019] INFO  ipc.Server (Server.java:run(1474)) - Starting Socket Reader #6 for port 15019
2025-10-22 08:25:08,011 [Socket Reader #7 for port 15019] INFO  ipc.Server (Server.java:run(1474)) - Starting Socket Reader #7 for port 15019
2025-10-22 08:25:08,011 [Socket Reader #8 for port 15019] INFO  ipc.Server (Server.java:run(1474)) - Starting Socket Reader #8 for port 15019
2025-10-22 08:25:08,011 [Socket Reader #9 for port 15019] INFO  ipc.Server (Server.java:run(1474)) - Starting Socket Reader #9 for port 15019
2025-10-22 08:25:08,011 [Socket Reader #10 for port 15019] INFO  ipc.Server (Server.java:run(1474)) - Starting Socket Reader #10 for port 15019
2025-10-22 08:25:08,013 [ForkJoinPool-1-worker-1] INFO  ozone.HddsDatanodeService (HddsDatanodeService.java:start(333)) - Datanode start with admins: [admin, runner]
2025-10-22 08:25:08,013 [ForkJoinPool-1-worker-1] INFO  ozone.HddsDatanodeClientProtocolServer (HddsDatanodeClientProtocolServer.java:start(76)) - RPC server for Client /0.0.0.0:15019
2025-10-22 08:25:08,013 [IPC Server Responder] INFO  ipc.Server (Server.java:run(1713)) - IPC Server Responder: starting
2025-10-22 08:25:08,014 [IPC Server listener on 15019] INFO  ipc.Server (Server.java:run(1553)) - IPC Server listener on 15019: starting
2025-10-22 08:25:08,017 [4d8a2798-959e-416b-b534-19c13b55a760-DatanodeStateMachineDaemonThread] INFO  statemachine.DatanodeStateMachine (DatanodeStateMachine.java:startStateMachineThread(363)) - Ozone container server started.
2025-10-22 08:25:08,017 [ForkJoinPool-1-worker-1] WARN  dropwizard3.Dm3MetricRegistriesImpl (Dm3MetricRegistriesImpl.java:addReporterRegistration(114)) - New reporters are added after registries were created. Some metrics will be missing from the reporter. Please add reporter before adding any new registry.
2025-10-22 08:25:08,017 [ForkJoinPool-1-worker-1] WARN  dropwizard3.Dm3MetricRegistriesImpl (Dm3MetricRegistriesImpl.java:addReporterRegistration(114)) - New reporters are added after registries were created. Some metrics will be missing from the reporter. Please add reporter before adding any new registry.
2025-10-22 08:25:08,021 [4d8a2798-959e-416b-b534-19c13b55a760-DatanodeStateMachineTaskThread-0] INFO  datanode.InitDatanodeState (InitDatanodeState.java:persistContainerDatanodeDetails(139)) - DatanodeDetails is persisted to /home/runner/work/ozone/ozone/hadoop-ozone/integration-test/target/test-dir/MiniOzoneClusterImpl-a412b9f6-7d8b-4de3-a85c-9946bceaa3a0/ozone-metadata/datanode-2/ozone-metadata/datanode.id
2025-10-22 08:25:08,039 [ForkJoinPool-1-worker-1] INFO  ozone.HddsDatanodeService (HddsDatanodeService.java:start(236)) - HddsDatanodeService 40df8fc4-149d-40c0-897d-2844034d8141(localhost/127.0.0.1)
2025-10-22 08:25:08,040 [ForkJoinPool-1-worker-1] INFO  upgrade.AbstractLayoutVersionManager (AbstractLayoutVersionManager.java:init(80)) - Initializing Layout version manager with metadata layout = WITNESSED_CONTAINER_DB_PROTO_VALUE (version = 9), software layout = WITNESSED_CONTAINER_DB_PROTO_VALUE (version = 9)
2025-10-22 08:25:08,041 [ForkJoinPool-1-worker-1] INFO  statemachine.DatanodeStateMachine (DatanodeStateMachine.java:getEndPointTaskThreadPoolSize(321)) - Datanode State Machine Task Thread Pool size 2
2025-10-22 08:25:08,043 [ForkJoinPool-1-worker-1] INFO  volume.HddsVolume (HddsVolume.java:<init>(162)) - HddsVolume: { id=DS-bebc18f0-1165-45db-a91a-4f24542d176c dir=/home/runner/work/ozone/ozone/hadoop-ozone/integration-test/target/test-dir/MiniOzoneClusterImpl-a412b9f6-7d8b-4de3-a85c-9946bceaa3a0/ozone-metadata/datanode-3/data-0/hdds type=DISK capacity=9222449699674390527 used=0 available=9222449699674390527 minFree=184448985434423296 committed=0 }
2025-10-22 08:25:08,043 [ForkJoinPool-1-worker-1] INFO  volume.MutableVolumeSet (MutableVolumeSet.java:initializeVolumeSet(175)) - Added Volume : /home/runner/work/ozone/ozone/hadoop-ozone/integration-test/target/test-dir/MiniOzoneClusterImpl-a412b9f6-7d8b-4de3-a85c-9946bceaa3a0/ozone-metadata/datanode-3/data-0/hdds to VolumeSet
2025-10-22 08:25:08,044 [ForkJoinPool-1-worker-1] INFO  volume.MutableVolumeSet (MutableVolumeSet.java:initializeVolumeSet(175)) - Added Volume : /home/runner/work/ozone/ozone/hadoop-ozone/integration-test/target/test-dir/MiniOzoneClusterImpl-a412b9f6-7d8b-4de3-a85c-9946bceaa3a0/ozone-metadata/datanode-3/ratis to VolumeSet
2025-10-22 08:25:08,062 [ForkJoinPool.commonPool-worker-2] INFO  utils.DatanodeStoreCache (DatanodeStoreCache.java:addDB(70)) - Added db /home/runner/work/ozone/ozone/hadoop-ozone/integration-test/target/test-dir/MiniOzoneClusterImpl-a412b9f6-7d8b-4de3-a85c-9946bceaa3a0/ozone-metadata/datanode-3/data-0/hdds/a412b9f6-7d8b-4de3-a85c-9946bceaa3a0/DS-bebc18f0-1165-45db-a91a-4f24542d176c/container.db to cache
2025-10-22 08:25:08,062 [ForkJoinPool.commonPool-worker-2] INFO  volume.HddsVolume (HddsVolume.java:loadDbStore(517)) - SchemaV3 db is loaded at /home/runner/work/ozone/ozone/hadoop-ozone/integration-test/target/test-dir/MiniOzoneClusterImpl-a412b9f6-7d8b-4de3-a85c-9946bceaa3a0/ozone-metadata/datanode-3/data-0/hdds/a412b9f6-7d8b-4de3-a85c-9946bceaa3a0/DS-bebc18f0-1165-45db-a91a-4f24542d176c/container.db for volume DS-bebc18f0-1165-45db-a91a-4f24542d176c
2025-10-22 08:25:08,062 [ForkJoinPool-1-worker-1] INFO  ozoneimpl.OzoneContainer (HddsVolumeUtil.java:loadAllHddsVolumeDbStore(102)) - Load 1 volumes DbStore cost: 17ms
2025-10-22 08:25:08,063 [ForkJoinPool-1-worker-1] WARN  db.DBStoreBuilder (DBStoreBuilder.java:getDBDirPath(157)) - ozone.scm.datanode.id.dir is not configured. We recommend adding this setting. Falling back to ozone.metadata.dirs instead.
2025-10-22 08:25:08,064 [ForkJoinPool-1-worker-1] WARN  db.DBStoreBuilder (DBStoreBuilder.java:getDBDirPath(157)) - ozone.scm.datanode.id.dir is not configured. We recommend adding this setting. Falling back to ozone.metadata.dirs instead.
2025-10-22 08:25:08,073 [ForkJoinPool-1-worker-1] INFO  impl.FilePerChunkStrategy (FilePerChunkStrategy.java:<init>(79)) - ozone.chunk.read.mapped.buffer.max.count is load with 0
2025-10-22 08:25:08,073 [ForkJoinPool-1-worker-1] INFO  impl.FilePerBlockStrategy (FilePerBlockStrategy.java:<init>(88)) - ozone.chunk.read.mapped.buffer.max.count is load with 0
2025-10-22 08:25:08,074 [ForkJoinPool-1-worker-1] INFO  server.RaftServerConfigKeys (ConfUtils.java:logGet(62)) - raft.server.log.appender.buffer.byte-limit = 33554432 (custom)
2025-10-22 08:25:08,075 [ForkJoinPool-1-worker-1] INFO  grpc.GrpcConfigKeys (ConfUtils.java:logFallback(69)) - raft.grpc.admin.host = null (fallback to raft.grpc.server.host)
2025-10-22 08:25:08,075 [ForkJoinPool-1-worker-1] INFO  grpc.GrpcConfigKeys (ConfUtils.java:logGet(62)) - raft.grpc.admin.port = 15030 (custom)
2025-10-22 08:25:08,075 [ForkJoinPool-1-worker-1] INFO  grpc.GrpcConfigKeys (ConfUtils.java:logFallback(69)) - raft.grpc.client.host = null (fallback to raft.grpc.server.host)
2025-10-22 08:25:08,075 [ForkJoinPool-1-worker-1] INFO  grpc.GrpcConfigKeys (ConfUtils.java:logGet(62)) - raft.grpc.client.port = 15029 (custom)
2025-10-22 08:25:08,075 [ForkJoinPool-1-worker-1] INFO  grpc.GrpcConfigKeys (ConfUtils.java:logGet(62)) - raft.grpc.server.port = 15031 (custom)
2025-10-22 08:25:08,075 [ForkJoinPool-1-worker-1] INFO  server.GrpcServicesImpl (ConfUtils.java:logGet(62)) - raft.grpc.message.size.max = 34603008 (custom)
2025-10-22 08:25:08,075 [ForkJoinPool-1-worker-1] INFO  server.GrpcServicesImpl (ConfUtils.java:logGet(62)) - raft.grpc.flow.control.window = 5MB (=5242880) (custom)
2025-10-22 08:25:08,076 [ForkJoinPool-1-worker-1] INFO  server.RaftServerConfigKeys (ConfUtils.java:logGet(62)) - raft.server.log.appender.buffer.byte-limit = 33554432 (custom)
2025-10-22 08:25:08,077 [ForkJoinPool-1-worker-1] INFO  netty.NettyUtils (NettyUtils.java:newEventLoopGroup(74)) - Create EpollEventLoopGroup for 40df8fc4-149d-40c0-897d-2844034d8141-NettyServerStreamRpc-bossGroup; Thread size is 0.
2025-10-22 08:25:08,077 [ForkJoinPool-1-worker-1] INFO  netty.NettyUtils (NettyUtils.java:newEventLoopGroup(74)) - Create EpollEventLoopGroup for 40df8fc4-149d-40c0-897d-2844034d8141-NettyServerStreamRpc-workerGroup; Thread size is 0.
2025-10-22 08:25:08,078 [ForkJoinPool-1-worker-1] INFO  netty.NettyConfigKeys$DataStream (ConfUtils.java:logGet(62)) - raft.netty.dataStream.port = 15032 (custom)
2025-10-22 08:25:08,078 [ForkJoinPool-1-worker-1] INFO  server.RaftServerConfigKeys (ConfUtils.java:logGet(62)) - raft.server.storage.dir = [/home/runner/work/ozone/ozone/hadoop-ozone/integration-test/target/test-dir/MiniOzoneClusterImpl-a412b9f6-7d8b-4de3-a85c-9946bceaa3a0/ozone-metadata/datanode-3/ratis] (custom)
2025-10-22 08:25:08,079 [40df8fc4-149d-40c0-897d-2844034d8141-NettyServerStreamRpc-bossGroup--thread1] INFO  logging.LoggingHandler (AbstractInternalLogger.java:log(148)) - [id: 0xa581a024] REGISTERED
2025-10-22 08:25:08,079 [40df8fc4-149d-40c0-897d-2844034d8141-NettyServerStreamRpc-bossGroup--thread1] INFO  logging.LoggingHandler (AbstractInternalLogger.java:log(148)) - [id: 0xa581a024] BIND: 0.0.0.0/0.0.0.0:15032
2025-10-22 08:25:08,079 [40df8fc4-149d-40c0-897d-2844034d8141-NettyServerStreamRpc-bossGroup--thread1] INFO  logging.LoggingHandler (AbstractInternalLogger.java:log(148)) - [id: 0xa581a024, L:/0.0.0.0:15032] ACTIVE
2025-10-22 08:25:08,079 [40df8fc4-149d-40c0-897d-2844034d8141-impl-thread1] INFO  server.RaftServer (RaftServerProxy.java:initGroupDir(270)) - 40df8fc4-149d-40c0-897d-2844034d8141: found a subdirectory /home/runner/work/ozone/ozone/hadoop-ozone/integration-test/target/test-dir/MiniOzoneClusterImpl-a412b9f6-7d8b-4de3-a85c-9946bceaa3a0/ozone-metadata/datanode-3/ratis/28d7a56f-ff21-46bd-bc35-c626ce820278
2025-10-22 08:25:08,079 [40df8fc4-149d-40c0-897d-2844034d8141-impl-thread1] INFO  server.RaftServer (RaftServerProxy.java:addNew(105)) - 40df8fc4-149d-40c0-897d-2844034d8141: addNew group-C626CE820278:[] returns group-C626CE820278:java.util.concurrent.CompletableFuture@2e5188a8[Not completed]
2025-10-22 08:25:08,079 [40df8fc4-149d-40c0-897d-2844034d8141-impl-thread1] INFO  server.RaftServer (RaftServerProxy.java:initGroupDir(270)) - 40df8fc4-149d-40c0-897d-2844034d8141: found a subdirectory /home/runner/work/ozone/ozone/hadoop-ozone/integration-test/target/test-dir/MiniOzoneClusterImpl-a412b9f6-7d8b-4de3-a85c-9946bceaa3a0/ozone-metadata/datanode-3/ratis/tmp
2025-10-22 08:25:08,079 [40df8fc4-149d-40c0-897d-2844034d8141-impl-thread1] INFO  server.RaftServer (RaftServerProxy.java:initGroupDir(275)) - 40df8fc4-149d-40c0-897d-2844034d8141: The directory /home/runner/work/ozone/ozone/hadoop-ozone/integration-test/target/test-dir/MiniOzoneClusterImpl-a412b9f6-7d8b-4de3-a85c-9946bceaa3a0/ozone-metadata/datanode-3/ratis/tmp is not a group directory; ignoring it. 
2025-10-22 08:25:08,079 [40df8fc4-149d-40c0-897d-2844034d8141-impl-thread1] INFO  server.RaftServer (RaftServerProxy.java:initGroupDir(270)) - 40df8fc4-149d-40c0-897d-2844034d8141: found a subdirectory /home/runner/work/ozone/ozone/hadoop-ozone/integration-test/target/test-dir/MiniOzoneClusterImpl-a412b9f6-7d8b-4de3-a85c-9946bceaa3a0/ozone-metadata/datanode-3/ratis/991bfa6b-f7e5-4a03-b9a5-5e2f154b5bdb
2025-10-22 08:25:08,080 [40df8fc4-149d-40c0-897d-2844034d8141-impl-thread1] INFO  server.RaftServer (RaftServerProxy.java:addNew(105)) - 40df8fc4-149d-40c0-897d-2844034d8141: addNew group-5E2F154B5BDB:[] returns group-5E2F154B5BDB:java.util.concurrent.CompletableFuture@14467074[Not completed]
2025-10-22 08:25:08,080 [40df8fc4-149d-40c0-897d-2844034d8141-impl-thread1] INFO  server.RaftServer (RaftServerProxy.java:initGroupDir(270)) - 40df8fc4-149d-40c0-897d-2844034d8141: found a subdirectory /home/runner/work/ozone/ozone/hadoop-ozone/integration-test/target/test-dir/MiniOzoneClusterImpl-a412b9f6-7d8b-4de3-a85c-9946bceaa3a0/ozone-metadata/datanode-3/ratis/c0547fc6-e5bf-43f2-a43a-dd56fe3b4e76
2025-10-22 08:25:08,080 [40df8fc4-149d-40c0-897d-2844034d8141-impl-thread1] INFO  server.RaftServer (RaftServerProxy.java:addNew(105)) - 40df8fc4-149d-40c0-897d-2844034d8141: addNew group-DD56FE3B4E76:[] returns group-DD56FE3B4E76:java.util.concurrent.CompletableFuture@1fb50075[Not completed]
2025-10-22 08:25:08,080 [ForkJoinPool-1-worker-1] INFO  replication.ReplicationServer (ReplicationServer.java:<init>(84)) - Initializing replication server with thread count = 10 queue length = 4096
2025-10-22 08:25:08,081 [40df8fc4-149d-40c0-897d-2844034d8141-groupManagement] INFO  server.RaftServer$Division (RaftServerImpl.java:<init>(268)) - 40df8fc4-149d-40c0-897d-2844034d8141: new RaftServerImpl for group-C626CE820278:[] with ContainerStateMachine:uninitialized
2025-10-22 08:25:08,081 [ForkJoinPool-1-worker-1] INFO  server.XceiverServerGrpc (XceiverServerGrpc.java:<init>(129)) - GrpcServer channel type EpollServerSocketChannel
2025-10-22 08:25:08,081 [40df8fc4-149d-40c0-897d-2844034d8141-groupManagement] INFO  server.RaftServer$Division (ServerState.java:<init>(114)) - 40df8fc4-149d-40c0-897d-2844034d8141@group-C626CE820278: ConfigurationManager, init=conf: {index: -1, cur=peers:[]|listeners:[], old=null}, confs=<EMPTY_MAP>
2025-10-22 08:25:08,082 [ForkJoinPool-1-worker-1] INFO  replication.ReplicationSupervisor (ReplicationSupervisor.java:build(169)) - Initializing replication supervisor with thread count = 10
2025-10-22 08:25:08,082 [ForkJoinPool-1-worker-1] INFO  replication.ReplicationSupervisor (ReplicationSupervisor.java:nodeStateUpdated(358)) - Node state updated to IN_SERVICE, scaling executor pool size to 10
2025-10-22 08:25:08,086 [40df8fc4-149d-40c0-897d-2844034d8141-groupManagement] INFO  server.RaftServer$Division (RaftServerImpl.java:<init>(268)) - 40df8fc4-149d-40c0-897d-2844034d8141: new RaftServerImpl for group-5E2F154B5BDB:[] with ContainerStateMachine:uninitialized
2025-10-22 08:25:08,087 [40df8fc4-149d-40c0-897d-2844034d8141-groupManagement] INFO  server.RaftServer$Division (ServerState.java:<init>(114)) - 40df8fc4-149d-40c0-897d-2844034d8141@group-5E2F154B5BDB: ConfigurationManager, init=conf: {index: -1, cur=peers:[]|listeners:[], old=null}, confs=<EMPTY_MAP>
2025-10-22 08:25:08,087 [ForkJoinPool-1-worker-1] INFO  http.BaseHttpServer (BaseHttpServer.java:newHttpServer2BuilderForOzone(227)) - Starting Web-server for hddsDatanode at: http://0.0.0.0:15026
2025-10-22 08:25:08,088 [ForkJoinPool-1-worker-1] INFO  http.BaseHttpServer (BaseHttpServer.java:<init>(105)) - Hadoop Security Enabled: false Ozone Security Enabled: false Ozone HTTP Security Enabled: false 
2025-10-22 08:25:08,089 [ForkJoinPool-1-worker-1] WARN  server.AuthenticationFilter (AuthenticationFilter.java:constructSecretProvider(240)) - Unable to initialize FileSignerSecretProvider, falling back to use random secrets. Reason: Could not read signature secret file: /home/runner/hadoop-http-auth-signature-secret
2025-10-22 08:25:08,092 [40df8fc4-149d-40c0-897d-2844034d8141-groupManagement] INFO  server.RaftServer$Division (RaftServerImpl.java:<init>(268)) - 40df8fc4-149d-40c0-897d-2844034d8141: new RaftServerImpl for group-DD56FE3B4E76:[] with ContainerStateMachine:uninitialized
2025-10-22 08:25:08,092 [40df8fc4-149d-40c0-897d-2844034d8141-groupManagement] INFO  server.RaftServer$Division (ServerState.java:<init>(114)) - 40df8fc4-149d-40c0-897d-2844034d8141@group-DD56FE3B4E76: ConfigurationManager, init=conf: {index: -1, cur=peers:[]|listeners:[], old=null}, confs=<EMPTY_MAP>
2025-10-22 08:25:08,094 [ForkJoinPool-1-worker-1] INFO  http.HttpServer2 (HttpServer2.java:addGlobalFilter(1040)) - Added global filter 'safety' (class=org.apache.hadoop.hdds.server.http.HttpServer2$QuotingInputFilter)
2025-10-22 08:25:08,095 [ForkJoinPool-1-worker-1] INFO  http.HttpServer2 (HttpServer2.java:addFilter(1016)) - Added filter static_user_filter (class=org.apache.hadoop.http.lib.StaticUserWebFilter$StaticUserFilter) to context hddsDatanode
2025-10-22 08:25:08,095 [ForkJoinPool-1-worker-1] INFO  http.HttpServer2 (HttpServer2.java:addFilter(1024)) - Added filter static_user_filter (class=org.apache.hadoop.http.lib.StaticUserWebFilter$StaticUserFilter) to context logs
2025-10-22 08:25:08,096 [ForkJoinPool-1-worker-1] INFO  http.HttpServer2 (HttpServer2.java:addFilter(1024)) - Added filter static_user_filter (class=org.apache.hadoop.http.lib.StaticUserWebFilter$StaticUserFilter) to context static
2025-10-22 08:25:08,096 [ForkJoinPool-1-worker-1] INFO  http.BaseHttpServer (BaseHttpServer.java:<init>(193)) - HTTP server of hddsDatanode uses base directory /home/runner/work/ozone/ozone/hadoop-ozone/integration-test/target/test-dir/MiniOzoneClusterImpl-a412b9f6-7d8b-4de3-a85c-9946bceaa3a0/scm/ozone-metadata/webserver
2025-10-22 08:25:08,097 [ForkJoinPool-1-worker-1] INFO  http.HttpServer2 (HttpServer2.java:bindListener(1240)) - Jetty bound to port 15026
2025-10-22 08:25:08,097 [ForkJoinPool-1-worker-1] INFO  server.Server (Server.java:doStart(375)) - jetty-9.4.58.v20250814; built: 2025-08-14T02:28:49.637Z; git: 8f1440587e9e4ae7db3d74cf205643f3d707148d; jvm 21.0.8+9-LTS
2025-10-22 08:25:08,099 [ForkJoinPool-1-worker-1] INFO  server.session (DefaultSessionIdManager.java:doStart(334)) - DefaultSessionIdManager workerName=node0
2025-10-22 08:25:08,099 [ForkJoinPool-1-worker-1] INFO  server.session (DefaultSessionIdManager.java:doStart(339)) - No SessionScavenger set, using defaults
2025-10-22 08:25:08,099 [ForkJoinPool-1-worker-1] INFO  server.session (HouseKeeper.java:startScavenging(132)) - node0 Scavenging every 600000ms
2025-10-22 08:25:08,100 [ForkJoinPool-1-worker-1] INFO  handler.ContextHandler (ContextHandler.java:doStart(921)) - Started o.e.j.s.ServletContextHandler@12a98846{logs,/logs,file:///home/runner/work/ozone/ozone/hadoop-ozone/integration-test/target/log,AVAILABLE}
2025-10-22 08:25:08,101 [ForkJoinPool-1-worker-1] INFO  handler.ContextHandler (ContextHandler.java:doStart(921)) - Started o.e.j.s.ServletContextHandler@734c0003{static,/static,jar:file:/home/runner/work/ozone/ozone/hadoop-hdds/container-service/target/hdds-container-service-2.1.0-SNAPSHOT.jar!/webapps/static,AVAILABLE}
2025-10-22 08:25:08,263 [1c036820-4dbe-4abe-80fb-5ca88de5e2f0@group-5E2F154B5BDB-FollowerState] INFO  impl.FollowerState (FollowerState.java:runImpl(161)) - 1c036820-4dbe-4abe-80fb-5ca88de5e2f0@group-5E2F154B5BDB-FollowerState: change to CANDIDATE, lastRpcElapsedTime:1101388966ns, electionTimeout:1101ms
2025-10-22 08:25:08,263 [1c036820-4dbe-4abe-80fb-5ca88de5e2f0@group-5E2F154B5BDB-FollowerState] INFO  impl.RoleInfo (RoleInfo.java:shutdownFollowerState(121)) - 1c036820-4dbe-4abe-80fb-5ca88de5e2f0: shutdown 1c036820-4dbe-4abe-80fb-5ca88de5e2f0@group-5E2F154B5BDB-FollowerState
2025-10-22 08:25:08,264 [1c036820-4dbe-4abe-80fb-5ca88de5e2f0@group-5E2F154B5BDB-FollowerState] INFO  server.RaftServer$Division (RaftServerImpl.java:setRole(392)) - 1c036820-4dbe-4abe-80fb-5ca88de5e2f0@group-5E2F154B5BDB: changes role from  FOLLOWER to CANDIDATE at term 2 for changeToCandidate
2025-10-22 08:25:08,264 [1c036820-4dbe-4abe-80fb-5ca88de5e2f0@group-5E2F154B5BDB-FollowerState] INFO  impl.RoleInfo (RoleInfo.java:updateAndGet(148)) - 1c036820-4dbe-4abe-80fb-5ca88de5e2f0: start 1c036820-4dbe-4abe-80fb-5ca88de5e2f0@group-5E2F154B5BDB-LeaderElection147
2025-10-22 08:25:08,264 [1c036820-4dbe-4abe-80fb-5ca88de5e2f0@group-5E2F154B5BDB-LeaderElection147] INFO  impl.LeaderElection (LeaderElection.java:askForVotes(448)) - 1c036820-4dbe-4abe-80fb-5ca88de5e2f0@group-5E2F154B5BDB-LeaderElection147 PRE_VOTE round 0: submit vote requests at term 2 for conf: {index: 1, cur=peers:[4d8a2798-959e-416b-b534-19c13b55a760|127.0.0.1:15023, 1c036820-4dbe-4abe-80fb-5ca88de5e2f0|127.0.0.1:15015, 40df8fc4-149d-40c0-897d-2844034d8141|127.0.0.1:15031]|listeners:[], old=null}
2025-10-22 08:25:08,265 [1c036820-4dbe-4abe-80fb-5ca88de5e2f0@group-5E2F154B5BDB-LeaderElection147] INFO  impl.LeaderElection (LogUtils.java:infoOrTrace(142)) - 1c036820-4dbe-4abe-80fb-5ca88de5e2f0@group-5E2F154B5BDB-LeaderElection147 got exception when requesting votes: java.util.concurrent.ExecutionException: org.apache.ratis.thirdparty.io.grpc.StatusRuntimeException: UNAVAILABLE: io exception
2025-10-22 08:25:08,265 [1c036820-4dbe-4abe-80fb-5ca88de5e2f0@group-5E2F154B5BDB-LeaderElection147] INFO  impl.LeaderElection (LogUtils.java:infoOrTrace(142)) - 1c036820-4dbe-4abe-80fb-5ca88de5e2f0@group-5E2F154B5BDB-LeaderElection147 got exception when requesting votes: java.util.concurrent.ExecutionException: org.apache.ratis.thirdparty.io.grpc.StatusRuntimeException: UNAVAILABLE: io exception
2025-10-22 08:25:08,265 [1c036820-4dbe-4abe-80fb-5ca88de5e2f0@group-5E2F154B5BDB-LeaderElection147] INFO  impl.LeaderElection (LeaderElection.java:logAndReturn(206)) - 1c036820-4dbe-4abe-80fb-5ca88de5e2f0@group-5E2F154B5BDB-LeaderElection147: PRE_VOTE REJECTED received 0 response(s) and 2 exception(s):
2025-10-22 08:25:08,265 [1c036820-4dbe-4abe-80fb-5ca88de5e2f0@group-5E2F154B5BDB-LeaderElection147] INFO  impl.LeaderElection (LogUtils.java:infoOrTrace(142)) -   Exception 0: java.util.concurrent.ExecutionException: org.apache.ratis.thirdparty.io.grpc.StatusRuntimeException: UNAVAILABLE: io exception
2025-10-22 08:25:08,265 [1c036820-4dbe-4abe-80fb-5ca88de5e2f0@group-5E2F154B5BDB-LeaderElection147] INFO  impl.LeaderElection (LogUtils.java:infoOrTrace(142)) -   Exception 1: java.util.concurrent.ExecutionException: org.apache.ratis.thirdparty.io.grpc.StatusRuntimeException: UNAVAILABLE: io exception
2025-10-22 08:25:08,265 [1c036820-4dbe-4abe-80fb-5ca88de5e2f0@group-5E2F154B5BDB-LeaderElection147] INFO  impl.LeaderElection (LeaderElection.java:askForVotes(450)) - 1c036820-4dbe-4abe-80fb-5ca88de5e2f0@group-5E2F154B5BDB-LeaderElection147 PRE_VOTE round 0: result REJECTED
2025-10-22 08:25:08,265 [1c036820-4dbe-4abe-80fb-5ca88de5e2f0@group-5E2F154B5BDB-LeaderElection147] INFO  server.RaftServer$Division (RaftServerImpl.java:setRole(392)) - 1c036820-4dbe-4abe-80fb-5ca88de5e2f0@group-5E2F154B5BDB: changes role from CANDIDATE to FOLLOWER at term 2 for REJECTED
2025-10-22 08:25:08,266 [1c036820-4dbe-4abe-80fb-5ca88de5e2f0@group-5E2F154B5BDB-LeaderElection147] INFO  impl.RoleInfo (RoleInfo.java:shutdownLeaderElection(141)) - 1c036820-4dbe-4abe-80fb-5ca88de5e2f0: shutdown 1c036820-4dbe-4abe-80fb-5ca88de5e2f0@group-5E2F154B5BDB-LeaderElection147
2025-10-22 08:25:08,266 [1c036820-4dbe-4abe-80fb-5ca88de5e2f0@group-5E2F154B5BDB-LeaderElection147] INFO  impl.RoleInfo (RoleInfo.java:updateAndGet(148)) - 1c036820-4dbe-4abe-80fb-5ca88de5e2f0: start 1c036820-4dbe-4abe-80fb-5ca88de5e2f0@group-5E2F154B5BDB-FollowerState
2025-10-22 08:25:08,297 [ForkJoinPool-1-worker-1] INFO  handler.ContextHandler (ContextHandler.java:doStart(921)) - Started o.e.j.w.WebAppContext@24783d83{hddsDatanode,/,file:///home/runner/work/ozone/ozone/hadoop-ozone/integration-test/target/test-dir/MiniOzoneClusterImpl-a412b9f6-7d8b-4de3-a85c-9946bceaa3a0/scm/ozone-metadata/webserver/jetty-0_0_0_0-15026-hdds-container-service-2_1_0-SNAPSHOT_jar-_-any-17949649175647562058/webapp/,AVAILABLE}{jar:file:/home/runner/work/ozone/ozone/hadoop-hdds/container-service/target/hdds-container-service-2.1.0-SNAPSHOT.jar!/webapps/hddsDatanode}
2025-10-22 08:25:08,298 [ForkJoinPool-1-worker-1] INFO  server.AbstractConnector (AbstractConnector.java:doStart(333)) - Started ServerConnector@705a6607{HTTP/1.1, (http/1.1)}{0.0.0.0:15026}
2025-10-22 08:25:08,298 [ForkJoinPool-1-worker-1] INFO  server.Server (Server.java:doStart(415)) - Started @99895ms
2025-10-22 08:25:08,298 [ForkJoinPool-1-worker-1] WARN  impl.MetricsSystemImpl (MetricsSystemImpl.java:register(279)) - Sink prometheus already exists!
2025-10-22 08:25:08,298 [ForkJoinPool-1-worker-1] INFO  http.BaseHttpServer (BaseHttpServer.java:updateConnectorAddress(357)) - HTTP server of hddsDatanode listening at http://localhost:15026
2025-10-22 08:25:08,298 [ForkJoinPool-1-worker-1] INFO  ipc.CallQueueManager (CallQueueManager.java:<init>(93)) - Using callQueue: class java.util.concurrent.LinkedBlockingQueue, queueCapacity: 1000, scheduler: class org.apache.hadoop.ipc.DefaultRpcScheduler, ipcBackoff: false, ipcFailOver: false.
2025-10-22 08:25:08,298 [ForkJoinPool-1-worker-1] INFO  ipc.Server (Server.java:<init>(1438)) - Listener at 0.0.0.0:15027
2025-10-22 08:25:08,299 [Socket Reader #1 for port 15027] INFO  ipc.Server (Server.java:run(1474)) - Starting Socket Reader #1 for port 15027
2025-10-22 08:25:08,299 [Socket Reader #2 for port 15027] INFO  ipc.Server (Server.java:run(1474)) - Starting Socket Reader #2 for port 15027
2025-10-22 08:25:08,299 [Socket Reader #3 for port 15027] INFO  ipc.Server (Server.java:run(1474)) - Starting Socket Reader #3 for port 15027
2025-10-22 08:25:08,299 [Socket Reader #4 for port 15027] INFO  ipc.Server (Server.java:run(1474)) - Starting Socket Reader #4 for port 15027
2025-10-22 08:25:08,299 [Socket Reader #5 for port 15027] INFO  ipc.Server (Server.java:run(1474)) - Starting Socket Reader #5 for port 15027
2025-10-22 08:25:08,299 [Socket Reader #6 for port 15027] INFO  ipc.Server (Server.java:run(1474)) - Starting Socket Reader #6 for port 15027
2025-10-22 08:25:08,300 [Socket Reader #7 for port 15027] INFO  ipc.Server (Server.java:run(1474)) - Starting Socket Reader #7 for port 15027
2025-10-22 08:25:08,300 [Socket Reader #8 for port 15027] INFO  ipc.Server (Server.java:run(1474)) - Starting Socket Reader #8 for port 15027
2025-10-22 08:25:08,300 [Socket Reader #9 for port 15027] INFO  ipc.Server (Server.java:run(1474)) - Starting Socket Reader #9 for port 15027
2025-10-22 08:25:08,300 [Socket Reader #10 for port 15027] INFO  ipc.Server (Server.java:run(1474)) - Starting Socket Reader #10 for port 15027
2025-10-22 08:25:08,302 [ForkJoinPool-1-worker-1] INFO  ozone.HddsDatanodeService (HddsDatanodeService.java:start(333)) - Datanode start with admins: [admin, runner]
2025-10-22 08:25:08,302 [ForkJoinPool-1-worker-1] INFO  ozone.HddsDatanodeClientProtocolServer (HddsDatanodeClientProtocolServer.java:start(76)) - RPC server for Client /0.0.0.0:15027
2025-10-22 08:25:08,302 [IPC Server Responder] INFO  ipc.Server (Server.java:run(1713)) - IPC Server Responder: starting
2025-10-22 08:25:08,302 [IPC Server listener on 15027] INFO  ipc.Server (Server.java:run(1553)) - IPC Server listener on 15027: starting
2025-10-22 08:25:08,304 [ForkJoinPool-1-worker-1] INFO  ozone.MiniOzoneClusterImpl (MiniOzoneClusterImpl.java:lambda$waitForClusterToBeReady$0(181)) - Nodes are ready. Got 10 of 10 DN Heartbeats.
2025-10-22 08:25:08,304 [ForkJoinPool-1-worker-1] INFO  ozone.MiniOzoneClusterImpl (MiniOzoneClusterImpl.java:lambda$waitForClusterToBeReady$0(184)) - Cluster exits safe mode
2025-10-22 08:25:08,304 [ForkJoinPool-1-worker-1] INFO  ozone.MiniOzoneClusterImpl (MiniOzoneClusterImpl.java:lambda$waitForClusterToBeReady$0(186)) - SCM became leader
2025-10-22 08:25:08,304 [40df8fc4-149d-40c0-897d-2844034d8141-DatanodeStateMachineDaemonThread] INFO  statemachine.DatanodeStateMachine (DatanodeStateMachine.java:startStateMachineThread(363)) - Ozone container server started.
2025-10-22 08:25:08,308 [40df8fc4-149d-40c0-897d-2844034d8141-DatanodeStateMachineTaskThread-0] INFO  datanode.InitDatanodeState (InitDatanodeState.java:persistContainerDatanodeDetails(139)) - DatanodeDetails is persisted to /home/runner/work/ozone/ozone/hadoop-ozone/integration-test/target/test-dir/MiniOzoneClusterImpl-a412b9f6-7d8b-4de3-a85c-9946bceaa3a0/ozone-metadata/datanode-3/ozone-metadata/datanode.id
2025-10-22 08:25:08,385 [ForkJoinPool-1-worker-1] INFO  ozoneimpl.OzoneContainer (OzoneContainer.java:stop(568)) - Attempting to stop container services.
2025-10-22 08:25:08,386 [ContainerMetadataScanner] WARN  ozoneimpl.AbstractBackgroundContainerScanner (AbstractBackgroundContainerScanner.java:handleRemainingSleep(136)) - Background container scan was interrupted.
2025-10-22 08:25:08,386 [ContainerMetadataScanner] INFO  ozoneimpl.AbstractBackgroundContainerScanner (AbstractBackgroundContainerScanner.java:run(63)) - org.apache.hadoop.ozone.container.ozoneimpl.BackgroundContainerMetadataScanner@63d9fff3 exiting.
2025-10-22 08:25:08,386 [ForkJoinPool-1-worker-1] INFO  ozoneimpl.BackgroundContainerDataScanner (BackgroundContainerDataScanner.java:shutdown(87)) - ContainerDataScanner(/home/runner/work/ozone/ozone/hadoop-ozone/integration-test/target/test-dir/MiniOzoneClusterImpl-a412b9f6-7d8b-4de3-a85c-9946bceaa3a0/ozone-metadata/datanode-8/data-0/hdds) is shutting down. 
2025-10-22 08:25:08,386 [ContainerDataScanner(/home/runner/work/ozone/ozone/hadoop-ozone/integration-test/target/test-dir/MiniOzoneClusterImpl-a412b9f6-7d8b-4de3-a85c-9946bceaa3a0/ozone-metadata/datanode-8/data-0/hdds)] WARN  ozoneimpl.AbstractBackgroundContainerScanner (AbstractBackgroundContainerScanner.java:handleRemainingSleep(136)) - Background container scan was interrupted.
2025-10-22 08:25:08,386 [ContainerDataScanner(/home/runner/work/ozone/ozone/hadoop-ozone/integration-test/target/test-dir/MiniOzoneClusterImpl-a412b9f6-7d8b-4de3-a85c-9946bceaa3a0/ozone-metadata/datanode-8/data-0/hdds)] INFO  ozoneimpl.AbstractBackgroundContainerScanner (AbstractBackgroundContainerScanner.java:run(63)) - ContainerDataScanner(/home/runner/work/ozone/ozone/hadoop-ozone/integration-test/target/test-dir/MiniOzoneClusterImpl-a412b9f6-7d8b-4de3-a85c-9946bceaa3a0/ozone-metadata/datanode-8/data-0/hdds, DS-1ec53189-a8d9-456e-823c-b078e2857cda) exiting.
2025-10-22 08:25:08,386 [ForkJoinPool-1-worker-1] INFO  ozoneimpl.OnDemandContainerScanner (OnDemandContainerScanner.java:shutdown(141)) - On-demand container scanner is shutting down.
2025-10-22 08:25:08,387 [ForkJoinPool-1-worker-1] INFO  ratis.XceiverServerRatis (XceiverServerRatis.java:stop(594)) - Closing XceiverServerRatis(0cab5a7d-6f40-474c-9abd-0651cf30726e)
2025-10-22 08:25:08,387 [ForkJoinPool-1-worker-1] INFO  server.RaftServer (RaftServerProxy.java:lambda$close$9(422)) - 0cab5a7d-6f40-474c-9abd-0651cf30726e: close
2025-10-22 08:25:08,387 [0cab5a7d-6f40-474c-9abd-0651cf30726e-impl-thread2] INFO  server.RaftServer$Division (RaftServerImpl.java:lambda$close$1(527)) - 0cab5a7d-6f40-474c-9abd-0651cf30726e@group-E8ADAFC04A7A: shutdown
2025-10-22 08:25:08,388 [0cab5a7d-6f40-474c-9abd-0651cf30726e-impl-thread2] INFO  util.JmxRegister (JmxRegister.java:unregister(74)) - Successfully un-registered JMX Bean with object name Ratis:service=RaftServer,group=group-E8ADAFC04A7A,id=0cab5a7d-6f40-474c-9abd-0651cf30726e
2025-10-22 08:25:08,388 [0cab5a7d-6f40-474c-9abd-0651cf30726e-impl-thread2] INFO  impl.RoleInfo (RoleInfo.java:shutdownLeaderState(103)) - 0cab5a7d-6f40-474c-9abd-0651cf30726e: shutdown 0cab5a7d-6f40-474c-9abd-0651cf30726e@group-E8ADAFC04A7A-LeaderStateImpl
2025-10-22 08:25:08,388 [0cab5a7d-6f40-474c-9abd-0651cf30726e-impl-thread2] INFO  impl.PendingRequests (PendingRequests.java:sendNotLeaderResponses(287)) - 0cab5a7d-6f40-474c-9abd-0651cf30726e@group-E8ADAFC04A7A-PendingRequests: sendNotLeaderResponses
2025-10-22 08:25:08,387 [0cab5a7d-6f40-474c-9abd-0651cf30726e-impl-thread3] INFO  server.RaftServer$Division (RaftServerImpl.java:lambda$close$1(527)) - 0cab5a7d-6f40-474c-9abd-0651cf30726e@group-45121E95117A: shutdown
2025-10-22 08:25:08,389 [0cab5a7d-6f40-474c-9abd-0651cf30726e-impl-thread3] INFO  util.JmxRegister (JmxRegister.java:unregister(74)) - Successfully un-registered JMX Bean with object name Ratis:service=RaftServer,group=group-45121E95117A,id=0cab5a7d-6f40-474c-9abd-0651cf30726e
2025-10-22 08:25:08,389 [0cab5a7d-6f40-474c-9abd-0651cf30726e-impl-thread3] INFO  impl.RoleInfo (RoleInfo.java:shutdownFollowerState(121)) - 0cab5a7d-6f40-474c-9abd-0651cf30726e: shutdown 0cab5a7d-6f40-474c-9abd-0651cf30726e@group-45121E95117A-FollowerState
2025-10-22 08:25:08,389 [0cab5a7d-6f40-474c-9abd-0651cf30726e-impl-thread3] INFO  impl.StateMachineUpdater (StateMachineUpdater.java:stopAndJoin(163)) - 0cab5a7d-6f40-474c-9abd-0651cf30726e@group-45121E95117A-StateMachineUpdater: set stopIndex = 6
2025-10-22 08:25:08,389 [0cab5a7d-6f40-474c-9abd-0651cf30726e@group-E8ADAFC04A7A->9d21e184-bccf-4583-95a7-0fe616dd3b4b-GrpcLogAppender-LogAppenderDaemon] WARN  server.GrpcLogAppender (GrpcLogAppender.java:mayWait(300)) - 0cab5a7d-6f40-474c-9abd-0651cf30726e@group-E8ADAFC04A7A->9d21e184-bccf-4583-95a7-0fe616dd3b4b-GrpcLogAppender: Wait interrupted by java.lang.InterruptedException
2025-10-22 08:25:08,389 [0cab5a7d-6f40-474c-9abd-0651cf30726e@group-E8ADAFC04A7A->8aba082c-257b-43e3-ba61-5d436c5b38fa-GrpcLogAppender-LogAppenderDaemon] WARN  server.GrpcLogAppender (GrpcLogAppender.java:mayWait(300)) - 0cab5a7d-6f40-474c-9abd-0651cf30726e@group-E8ADAFC04A7A->8aba082c-257b-43e3-ba61-5d436c5b38fa-GrpcLogAppender: Wait interrupted by java.lang.InterruptedException
2025-10-22 08:25:08,389 [0cab5a7d-6f40-474c-9abd-0651cf30726e@group-45121E95117A-StateMachineUpdater] INFO  ratis.ContainerStateMachine (ContainerStateMachine.java:takeSnapshot(427)) - group-45121E95117A: Taking a snapshot at:(t:1, i:6) file /home/runner/work/ozone/ozone/hadoop-ozone/integration-test/target/test-dir/MiniOzoneClusterImpl-a412b9f6-7d8b-4de3-a85c-9946bceaa3a0/ozone-metadata/datanode-8/ratis/967bd5c3-d4b6-4c7a-afa3-45121e95117a/sm/snapshot.1_6
2025-10-22 08:25:08,389 [ForkJoinPool-1-worker-1] INFO  server.GrpcServicesImpl (GrpcServicesImpl.java:closeImpl(355)) - 0cab5a7d-6f40-474c-9abd-0651cf30726e: shutdown server org.apache.ratis.grpc.server.GrpcClientProtocolService now
2025-10-22 08:25:08,390 [0cab5a7d-6f40-474c-9abd-0651cf30726e-impl-thread4] INFO  server.RaftServer$Division (RaftServerImpl.java:lambda$close$1(527)) - 0cab5a7d-6f40-474c-9abd-0651cf30726e@group-EE76401C21D3: shutdown
2025-10-22 08:25:08,391 [0cab5a7d-6f40-474c-9abd-0651cf30726e-impl-thread4] INFO  util.JmxRegister (JmxRegister.java:unregister(74)) - Successfully un-registered JMX Bean with object name Ratis:service=RaftServer,group=group-EE76401C21D3,id=0cab5a7d-6f40-474c-9abd-0651cf30726e
2025-10-22 08:25:08,391 [0cab5a7d-6f40-474c-9abd-0651cf30726e-impl-thread4] INFO  impl.RoleInfo (RoleInfo.java:shutdownLeaderState(103)) - 0cab5a7d-6f40-474c-9abd-0651cf30726e: shutdown 0cab5a7d-6f40-474c-9abd-0651cf30726e@group-EE76401C21D3-LeaderStateImpl
2025-10-22 08:25:08,391 [0cab5a7d-6f40-474c-9abd-0651cf30726e-impl-thread4] INFO  impl.PendingRequests (PendingRequests.java:sendNotLeaderResponses(287)) - 0cab5a7d-6f40-474c-9abd-0651cf30726e@group-EE76401C21D3-PendingRequests: sendNotLeaderResponses
2025-10-22 08:25:08,390 [grpc-default-executor-1] INFO  server.GrpcServerProtocolService (GrpcServerProtocolService.java:lambda$onCompleted$6(171)) - 9d21e184-bccf-4583-95a7-0fe616dd3b4b: Completed APPEND_ENTRIES, lastRequest: null 
2025-10-22 08:25:08,390 [grpc-default-executor-5] INFO  server.GrpcServerProtocolService (GrpcServerProtocolService.java:lambda$onCompleted$6(171)) - 8aba082c-257b-43e3-ba61-5d436c5b38fa: Completed APPEND_ENTRIES, lastRequest: null 
2025-10-22 08:25:08,391 [Thread-1836] INFO  server.GrpcServerProtocolClient (GrpcServerProtocolClient.java:close(105)) - 8aba082c-257b-43e3-ba61-5d436c5b38fa Close channels
2025-10-22 08:25:08,391 [Thread-1835] INFO  server.GrpcServerProtocolClient (GrpcServerProtocolClient.java:close(105)) - 9d21e184-bccf-4583-95a7-0fe616dd3b4b Close channels
2025-10-22 08:25:08,393 [grpc-default-executor-1] INFO  server.GrpcServerProtocolService (GrpcServerProtocolService.java:lambda$null$7(175)) - 9d21e184-bccf-4583-95a7-0fe616dd3b4b: Completed APPEND_ENTRIES, lastReply: serverReply {
  requestorId: "0cab5a7d-6f40-474c-9abd-0651cf30726e"
  replyId: "9d21e184-bccf-4583-95a7-0fe616dd3b4b"
  raftGroupId {
    id: "\332\256f\001\336IAW\263q\350\255\257\300Jz"
  }
  callId: 182
  success: true
}
term: 1
nextIndex: 7
followerCommit: 6
matchIndex: 18446744073709551615
isHearbeat: true
 
2025-10-22 08:25:08,391 [0cab5a7d-6f40-474c-9abd-0651cf30726e@group-45121E95117A-FollowerState] INFO  impl.FollowerState (FollowerState.java:runImpl(170)) - 0cab5a7d-6f40-474c-9abd-0651cf30726e@group-45121E95117A-FollowerState was interrupted
2025-10-22 08:25:08,391 [0cab5a7d-6f40-474c-9abd-0651cf30726e@group-45121E95117A-StateMachineUpdater] INFO  ratis.ContainerStateMachine (ContainerStateMachine.java:takeSnapshot(436)) - group-45121E95117A: Finished taking a snapshot at:(t:1, i:6) file:/home/runner/work/ozone/ozone/hadoop-ozone/integration-test/target/test-dir/MiniOzoneClusterImpl-a412b9f6-7d8b-4de3-a85c-9946bceaa3a0/ozone-metadata/datanode-8/ratis/967bd5c3-d4b6-4c7a-afa3-45121e95117a/sm/snapshot.1_6 took: 2 ms
2025-10-22 08:25:08,393 [grpc-default-executor-5] INFO  server.GrpcServerProtocolService (GrpcServerProtocolService.java:lambda$null$7(175)) - 8aba082c-257b-43e3-ba61-5d436c5b38fa: Completed APPEND_ENTRIES, lastReply: serverReply {
  requestorId: "0cab5a7d-6f40-474c-9abd-0651cf30726e"
  replyId: "8aba082c-257b-43e3-ba61-5d436c5b38fa"
  raftGroupId {
    id: "\332\256f\001\336IAW\263q\350\255\257\300Jz"
  }
  callId: 175
  success: true
}
term: 1
nextIndex: 7
followerCommit: 6
matchIndex: 18446744073709551615
isHearbeat: true
 
2025-10-22 08:25:08,394 [0cab5a7d-6f40-474c-9abd-0651cf30726e@group-45121E95117A-StateMachineUpdater] INFO  impl.StateMachineUpdater (StateMachineUpdater.java:takeSnapshot(307)) - 0cab5a7d-6f40-474c-9abd-0651cf30726e@group-45121E95117A-StateMachineUpdater: Took a snapshot at index 6
2025-10-22 08:25:08,394 [0cab5a7d-6f40-474c-9abd-0651cf30726e@group-45121E95117A-StateMachineUpdater] INFO  impl.StateMachineUpdater (StateMachineUpdater.java:lambda$new$0(101)) - 0cab5a7d-6f40-474c-9abd-0651cf30726e@group-45121E95117A-StateMachineUpdater: snapshotIndex: updateIncreasingly -1 -> 6
2025-10-22 08:25:08,394 [0cab5a7d-6f40-474c-9abd-0651cf30726e@group-45121E95117A-StateMachineUpdater] INFO  impl.StateMachineUpdater (StateMachineUpdater.java:stop(140)) - 0cab5a7d-6f40-474c-9abd-0651cf30726e@group-45121E95117A-StateMachineUpdater: closing ContainerStateMachine, lastApplied=(t:1, i:6)
2025-10-22 08:25:08,395 [0cab5a7d-6f40-474c-9abd-0651cf30726e-impl-thread2] INFO  impl.StateMachineUpdater (StateMachineUpdater.java:stopAndJoin(163)) - 0cab5a7d-6f40-474c-9abd-0651cf30726e@group-E8ADAFC04A7A-StateMachineUpdater: set stopIndex = 6
2025-10-22 08:25:08,395 [0cab5a7d-6f40-474c-9abd-0651cf30726e@group-E8ADAFC04A7A-StateMachineUpdater] INFO  ratis.ContainerStateMachine (ContainerStateMachine.java:takeSnapshot(427)) - group-E8ADAFC04A7A: Taking a snapshot at:(t:1, i:6) file /home/runner/work/ozone/ozone/hadoop-ozone/integration-test/target/test-dir/MiniOzoneClusterImpl-a412b9f6-7d8b-4de3-a85c-9946bceaa3a0/ozone-metadata/datanode-8/ratis/daae6601-de49-4157-b371-e8adafc04a7a/sm/snapshot.1_6
2025-10-22 08:25:08,396 [0cab5a7d-6f40-474c-9abd-0651cf30726e@group-45121E95117A-cacheEviction-AwaitToRun] INFO  util.AwaitToRun (AwaitToRun.java:run(49)) - 0cab5a7d-6f40-474c-9abd-0651cf30726e@group-45121E95117A-cacheEviction-AwaitToRun-AwaitForSignal is interrupted
2025-10-22 08:25:08,397 [0cab5a7d-6f40-474c-9abd-0651cf30726e@group-EE76401C21D3-StateMachineUpdater] INFO  ratis.ContainerStateMachine (ContainerStateMachine.java:takeSnapshot(427)) - group-EE76401C21D3: Taking a snapshot at:(t:1, i:0) file /home/runner/work/ozone/ozone/hadoop-ozone/integration-test/target/test-dir/MiniOzoneClusterImpl-a412b9f6-7d8b-4de3-a85c-9946bceaa3a0/ozone-metadata/datanode-8/ratis/f4bcb322-ee1f-41bd-9c2f-ee76401c21d3/sm/snapshot.1_0
2025-10-22 08:25:08,397 [0cab5a7d-6f40-474c-9abd-0651cf30726e@group-E8ADAFC04A7A-StateMachineUpdater] INFO  ratis.ContainerStateMachine (ContainerStateMachine.java:takeSnapshot(436)) - group-E8ADAFC04A7A: Finished taking a snapshot at:(t:1, i:6) file:/home/runner/work/ozone/ozone/hadoop-ozone/integration-test/target/test-dir/MiniOzoneClusterImpl-a412b9f6-7d8b-4de3-a85c-9946bceaa3a0/ozone-metadata/datanode-8/ratis/daae6601-de49-4157-b371-e8adafc04a7a/sm/snapshot.1_6 took: 2 ms
2025-10-22 08:25:08,397 [grpc-default-executor-2] INFO  server.GrpcLogAppender (GrpcLogAppender.java:onCompleted(558)) - 0cab5a7d-6f40-474c-9abd-0651cf30726e@group-E8ADAFC04A7A->8aba082c-257b-43e3-ba61-5d436c5b38fa-AppendLogResponseHandler: follower responses appendEntries COMPLETED
2025-10-22 08:25:08,397 [0cab5a7d-6f40-474c-9abd-0651cf30726e@group-E8ADAFC04A7A-StateMachineUpdater] INFO  impl.StateMachineUpdater (StateMachineUpdater.java:takeSnapshot(307)) - 0cab5a7d-6f40-474c-9abd-0651cf30726e@group-E8ADAFC04A7A-StateMachineUpdater: Took a snapshot at index 6
2025-10-22 08:25:08,397 [0cab5a7d-6f40-474c-9abd-0651cf30726e@group-E8ADAFC04A7A-StateMachineUpdater] INFO  impl.StateMachineUpdater (StateMachineUpdater.java:lambda$new$0(101)) - 0cab5a7d-6f40-474c-9abd-0651cf30726e@group-E8ADAFC04A7A-StateMachineUpdater: snapshotIndex: updateIncreasingly -1 -> 6
2025-10-22 08:25:08,397 [grpc-default-executor-0] INFO  server.GrpcLogAppender (GrpcLogAppender.java:onCompleted(558)) - 0cab5a7d-6f40-474c-9abd-0651cf30726e@group-E8ADAFC04A7A->9d21e184-bccf-4583-95a7-0fe616dd3b4b-AppendLogResponseHandler: follower responses appendEntries COMPLETED
2025-10-22 08:25:08,397 [0cab5a7d-6f40-474c-9abd-0651cf30726e-impl-thread4] INFO  impl.StateMachineUpdater (StateMachineUpdater.java:stopAndJoin(163)) - 0cab5a7d-6f40-474c-9abd-0651cf30726e@group-EE76401C21D3-StateMachineUpdater: set stopIndex = 0
2025-10-22 08:25:08,397 [0cab5a7d-6f40-474c-9abd-0651cf30726e@group-E8ADAFC04A7A-StateMachineUpdater] INFO  impl.StateMachineUpdater (StateMachineUpdater.java:stop(140)) - 0cab5a7d-6f40-474c-9abd-0651cf30726e@group-E8ADAFC04A7A-StateMachineUpdater: closing ContainerStateMachine, lastApplied=(t:1, i:6)
2025-10-22 08:25:08,397 [grpc-default-executor-0] WARN  server.GrpcLogAppender (GrpcLogAppender.java:resetClient(237)) - 0cab5a7d-6f40-474c-9abd-0651cf30726e@group-E8ADAFC04A7A->9d21e184-bccf-4583-95a7-0fe616dd3b4b-GrpcLogAppender: Failed to getClient for 9d21e184-bccf-4583-95a7-0fe616dd3b4b
org.apache.ratis.protocol.exceptions.AlreadyClosedException: 0cab5a7d-6f40-474c-9abd-0651cf30726e is already CLOSED
	at org.apache.ratis.util.PeerProxyMap$PeerAndProxy.getProxy(PeerProxyMap.java:67)
	at org.apache.ratis.util.PeerProxyMap.getProxy(PeerProxyMap.java:124)
	at org.apache.ratis.grpc.server.GrpcLogAppender.getClient(GrpcLogAppender.java:207)
	at org.apache.ratis.grpc.server.GrpcLogAppender.resetClient(GrpcLogAppender.java:212)
	at org.apache.ratis.grpc.server.GrpcLogAppender.access$800(GrpcLogAppender.java:70)
	at org.apache.ratis.grpc.server.GrpcLogAppender$AppendLogResponseHandler.onCompleted(GrpcLogAppender.java:559)
	at org.apache.ratis.thirdparty.io.grpc.stub.ClientCalls$StreamObserverToCallListenerAdapter.onClose(ClientCalls.java:562)
	at org.apache.ratis.thirdparty.io.grpc.internal.ClientCallImpl.closeObserver(ClientCallImpl.java:565)
	at org.apache.ratis.thirdparty.io.grpc.internal.ClientCallImpl.access$100(ClientCallImpl.java:72)
	at org.apache.ratis.thirdparty.io.grpc.internal.ClientCallImpl$ClientStreamListenerImpl$1StreamClosed.runInternal(ClientCallImpl.java:733)
	at org.apache.ratis.thirdparty.io.grpc.internal.ClientCallImpl$ClientStreamListenerImpl$1StreamClosed.runInContext(ClientCallImpl.java:714)
	at org.apache.ratis.thirdparty.io.grpc.internal.ContextRunnable.run(ContextRunnable.java:37)
	at org.apache.ratis.thirdparty.io.grpc.internal.SerializingExecutor.run(SerializingExecutor.java:133)
	at java.base/java.util.concurrent.ThreadPoolExecutor.runWorker(ThreadPoolExecutor.java:1144)
	at java.base/java.util.concurrent.ThreadPoolExecutor$Worker.run(ThreadPoolExecutor.java:642)
	at java.base/java.lang.Thread.run(Thread.java:1583)
2025-10-22 08:25:08,397 [0cab5a7d-6f40-474c-9abd-0651cf30726e@group-E8ADAFC04A7A-cacheEviction-AwaitToRun] INFO  util.AwaitToRun (AwaitToRun.java:run(49)) - 0cab5a7d-6f40-474c-9abd-0651cf30726e@group-E8ADAFC04A7A-cacheEviction-AwaitToRun-AwaitForSignal is interrupted
2025-10-22 08:25:08,398 [0cab5a7d-6f40-474c-9abd-0651cf30726e@group-EE76401C21D3-StateMachineUpdater] INFO  ratis.ContainerStateMachine (ContainerStateMachine.java:takeSnapshot(436)) - group-EE76401C21D3: Finished taking a snapshot at:(t:1, i:0) file:/home/runner/work/ozone/ozone/hadoop-ozone/integration-test/target/test-dir/MiniOzoneClusterImpl-a412b9f6-7d8b-4de3-a85c-9946bceaa3a0/ozone-metadata/datanode-8/ratis/f4bcb322-ee1f-41bd-9c2f-ee76401c21d3/sm/snapshot.1_0 took: 1 ms
2025-10-22 08:25:08,398 [0cab5a7d-6f40-474c-9abd-0651cf30726e@group-EE76401C21D3-StateMachineUpdater] INFO  impl.StateMachineUpdater (StateMachineUpdater.java:takeSnapshot(307)) - 0cab5a7d-6f40-474c-9abd-0651cf30726e@group-EE76401C21D3-StateMachineUpdater: Took a snapshot at index 0
2025-10-22 08:25:08,398 [0cab5a7d-6f40-474c-9abd-0651cf30726e@group-EE76401C21D3-StateMachineUpdater] INFO  impl.StateMachineUpdater (StateMachineUpdater.java:lambda$new$0(101)) - 0cab5a7d-6f40-474c-9abd-0651cf30726e@group-EE76401C21D3-StateMachineUpdater: snapshotIndex: updateIncreasingly -1 -> 0
2025-10-22 08:25:08,398 [0cab5a7d-6f40-474c-9abd-0651cf30726e@group-EE76401C21D3-StateMachineUpdater] INFO  impl.StateMachineUpdater (StateMachineUpdater.java:stop(140)) - 0cab5a7d-6f40-474c-9abd-0651cf30726e@group-EE76401C21D3-StateMachineUpdater: closing ContainerStateMachine, lastApplied=(t:1, i:0)
2025-10-22 08:25:08,398 [grpc-default-executor-2] WARN  server.GrpcLogAppender (GrpcLogAppender.java:resetClient(237)) - 0cab5a7d-6f40-474c-9abd-0651cf30726e@group-E8ADAFC04A7A->8aba082c-257b-43e3-ba61-5d436c5b38fa-GrpcLogAppender: Failed to getClient for 8aba082c-257b-43e3-ba61-5d436c5b38fa
org.apache.ratis.protocol.exceptions.AlreadyClosedException: 0cab5a7d-6f40-474c-9abd-0651cf30726e is already CLOSED
	at org.apache.ratis.util.PeerProxyMap$PeerAndProxy.getProxy(PeerProxyMap.java:67)
	at org.apache.ratis.util.PeerProxyMap.getProxy(PeerProxyMap.java:124)
	at org.apache.ratis.grpc.server.GrpcLogAppender.getClient(GrpcLogAppender.java:207)
	at org.apache.ratis.grpc.server.GrpcLogAppender.resetClient(GrpcLogAppender.java:212)
	at org.apache.ratis.grpc.server.GrpcLogAppender.access$800(GrpcLogAppender.java:70)
	at org.apache.ratis.grpc.server.GrpcLogAppender$AppendLogResponseHandler.onCompleted(GrpcLogAppender.java:559)
	at org.apache.ratis.thirdparty.io.grpc.stub.ClientCalls$StreamObserverToCallListenerAdapter.onClose(ClientCalls.java:562)
	at org.apache.ratis.thirdparty.io.grpc.internal.DelayedClientCall$DelayedListener$3.run(DelayedClientCall.java:489)
	at org.apache.ratis.thirdparty.io.grpc.internal.DelayedClientCall$DelayedListener.delayOrExecute(DelayedClientCall.java:453)
	at org.apache.ratis.thirdparty.io.grpc.internal.DelayedClientCall$DelayedListener.onClose(DelayedClientCall.java:486)
	at org.apache.ratis.thirdparty.io.grpc.internal.ClientCallImpl.closeObserver(ClientCallImpl.java:565)
	at org.apache.ratis.thirdparty.io.grpc.internal.ClientCallImpl.access$100(ClientCallImpl.java:72)
	at org.apache.ratis.thirdparty.io.grpc.internal.ClientCallImpl$ClientStreamListenerImpl$1StreamClosed.runInternal(ClientCallImpl.java:733)
	at org.apache.ratis.thirdparty.io.grpc.internal.ClientCallImpl$ClientStreamListenerImpl$1StreamClosed.runInContext(ClientCallImpl.java:714)
	at org.apache.ratis.thirdparty.io.grpc.internal.ContextRunnable.run(ContextRunnable.java:37)
	at org.apache.ratis.thirdparty.io.grpc.internal.SerializingExecutor.run(SerializingExecutor.java:133)
	at java.base/java.util.concurrent.ThreadPoolExecutor.runWorker(ThreadPoolExecutor.java:1144)
	at java.base/java.util.concurrent.ThreadPoolExecutor$Worker.run(ThreadPoolExecutor.java:642)
	at java.base/java.lang.Thread.run(Thread.java:1583)
2025-10-22 08:25:08,398 [grpc-default-executor-1] INFO  server.GrpcLogAppender (GrpcLogAppender.java:onCompleted(558)) - 0cab5a7d-6f40-474c-9abd-0651cf30726e@group-E8ADAFC04A7A->8aba082c-257b-43e3-ba61-5d436c5b38fa-AppendLogResponseHandler: follower responses appendEntries COMPLETED
2025-10-22 08:25:08,398 [0cab5a7d-6f40-474c-9abd-0651cf30726e@group-EE76401C21D3-cacheEviction-AwaitToRun] INFO  util.AwaitToRun (AwaitToRun.java:run(49)) - 0cab5a7d-6f40-474c-9abd-0651cf30726e@group-EE76401C21D3-cacheEviction-AwaitToRun-AwaitForSignal is interrupted
2025-10-22 08:25:08,398 [grpc-default-executor-1] WARN  server.GrpcLogAppender (GrpcLogAppender.java:resetClient(237)) - 0cab5a7d-6f40-474c-9abd-0651cf30726e@group-E8ADAFC04A7A->8aba082c-257b-43e3-ba61-5d436c5b38fa-GrpcLogAppender: Failed to getClient for 8aba082c-257b-43e3-ba61-5d436c5b38fa
org.apache.ratis.protocol.exceptions.AlreadyClosedException: 0cab5a7d-6f40-474c-9abd-0651cf30726e is already CLOSED
	at org.apache.ratis.util.PeerProxyMap$PeerAndProxy.getProxy(PeerProxyMap.java:67)
	at org.apache.ratis.util.PeerProxyMap.getProxy(PeerProxyMap.java:124)
	at org.apache.ratis.grpc.server.GrpcLogAppender.getClient(GrpcLogAppender.java:207)
	at org.apache.ratis.grpc.server.GrpcLogAppender.resetClient(GrpcLogAppender.java:212)
	at org.apache.ratis.grpc.server.GrpcLogAppender.access$800(GrpcLogAppender.java:70)
	at org.apache.ratis.grpc.server.GrpcLogAppender$AppendLogResponseHandler.onCompleted(GrpcLogAppender.java:559)
	at org.apache.ratis.thirdparty.io.grpc.stub.ClientCalls$StreamObserverToCallListenerAdapter.onClose(ClientCalls.java:562)
	at org.apache.ratis.thirdparty.io.grpc.internal.ClientCallImpl.closeObserver(ClientCallImpl.java:565)
	at org.apache.ratis.thirdparty.io.grpc.internal.ClientCallImpl.access$100(ClientCallImpl.java:72)
	at org.apache.ratis.thirdparty.io.grpc.internal.ClientCallImpl$ClientStreamListenerImpl$1StreamClosed.runInternal(ClientCallImpl.java:733)
	at org.apache.ratis.thirdparty.io.grpc.internal.ClientCallImpl$ClientStreamListenerImpl$1StreamClosed.runInContext(ClientCallImpl.java:714)
	at org.apache.ratis.thirdparty.io.grpc.internal.ContextRunnable.run(ContextRunnable.java:37)
	at org.apache.ratis.thirdparty.io.grpc.internal.SerializingExecutor.run(SerializingExecutor.java:133)
	at java.base/java.util.concurrent.ThreadPoolExecutor.runWorker(ThreadPoolExecutor.java:1144)
	at java.base/java.util.concurrent.ThreadPoolExecutor$Worker.run(ThreadPoolExecutor.java:642)
	at java.base/java.lang.Thread.run(Thread.java:1583)
2025-10-22 08:25:08,399 [grpc-default-executor-0] INFO  server.GrpcLogAppender (GrpcLogAppender.java:onCompleted(558)) - 0cab5a7d-6f40-474c-9abd-0651cf30726e@group-E8ADAFC04A7A->9d21e184-bccf-4583-95a7-0fe616dd3b4b-AppendLogResponseHandler: follower responses appendEntries COMPLETED
2025-10-22 08:25:08,399 [grpc-default-executor-0] WARN  server.GrpcLogAppender (GrpcLogAppender.java:resetClient(237)) - 0cab5a7d-6f40-474c-9abd-0651cf30726e@group-E8ADAFC04A7A->9d21e184-bccf-4583-95a7-0fe616dd3b4b-GrpcLogAppender: Failed to getClient for 9d21e184-bccf-4583-95a7-0fe616dd3b4b
org.apache.ratis.protocol.exceptions.AlreadyClosedException: 0cab5a7d-6f40-474c-9abd-0651cf30726e is already CLOSED
	at org.apache.ratis.util.PeerProxyMap$PeerAndProxy.getProxy(PeerProxyMap.java:67)
	at org.apache.ratis.util.PeerProxyMap.getProxy(PeerProxyMap.java:124)
	at org.apache.ratis.grpc.server.GrpcLogAppender.getClient(GrpcLogAppender.java:207)
	at org.apache.ratis.grpc.server.GrpcLogAppender.resetClient(GrpcLogAppender.java:212)
	at org.apache.ratis.grpc.server.GrpcLogAppender.access$800(GrpcLogAppender.java:70)
	at org.apache.ratis.grpc.server.GrpcLogAppender$AppendLogResponseHandler.onCompleted(GrpcLogAppender.java:559)
	at org.apache.ratis.thirdparty.io.grpc.stub.ClientCalls$StreamObserverToCallListenerAdapter.onClose(ClientCalls.java:562)
	at org.apache.ratis.thirdparty.io.grpc.internal.DelayedClientCall$DelayedListener$3.run(DelayedClientCall.java:489)
	at org.apache.ratis.thirdparty.io.grpc.internal.DelayedClientCall$DelayedListener.delayOrExecute(DelayedClientCall.java:453)
	at org.apache.ratis.thirdparty.io.grpc.internal.DelayedClientCall$DelayedListener.onClose(DelayedClientCall.java:486)
	at org.apache.ratis.thirdparty.io.grpc.internal.ClientCallImpl.closeObserver(ClientCallImpl.java:565)
	at org.apache.ratis.thirdparty.io.grpc.internal.ClientCallImpl.access$100(ClientCallImpl.java:72)
	at org.apache.ratis.thirdparty.io.grpc.internal.ClientCallImpl$ClientStreamListenerImpl$1StreamClosed.runInternal(ClientCallImpl.java:733)
	at org.apache.ratis.thirdparty.io.grpc.internal.ClientCallImpl$ClientStreamListenerImpl$1StreamClosed.runInContext(ClientCallImpl.java:714)
	at org.apache.ratis.thirdparty.io.grpc.internal.ContextRunnable.run(ContextRunnable.java:37)
	at org.apache.ratis.thirdparty.io.grpc.internal.SerializingExecutor.run(SerializingExecutor.java:133)
	at java.base/java.util.concurrent.ThreadPoolExecutor.runWorker(ThreadPoolExecutor.java:1144)
	at java.base/java.util.concurrent.ThreadPoolExecutor$Worker.run(ThreadPoolExecutor.java:642)
	at java.base/java.lang.Thread.run(Thread.java:1583)
2025-10-22 08:25:08,399 [ForkJoinPool-1-worker-1] INFO  server.GrpcServicesImpl (GrpcServicesImpl.java:closeImpl(364)) - 0cab5a7d-6f40-474c-9abd-0651cf30726e: shutdown server org.apache.ratis.grpc.server.GrpcClientProtocolService successfully
2025-10-22 08:25:08,400 [ForkJoinPool-1-worker-1] INFO  server.GrpcServicesImpl (GrpcServicesImpl.java:closeImpl(355)) - 0cab5a7d-6f40-474c-9abd-0651cf30726e: shutdown server GrpcServerProtocolService now
2025-10-22 08:25:08,401 [grpc-default-executor-5] WARN  server.GrpcServerProtocolService (LogUtils.java:warn(127)) - 0cab5a7d-6f40-474c-9abd-0651cf30726e: APPEND_ENTRIES onError, lastRequest: null: org.apache.ratis.thirdparty.io.grpc.StatusRuntimeException: CANCELLED: client cancelled
2025-10-22 08:25:08,401 [grpc-default-executor-2] WARN  server.GrpcLogAppender (LogUtils.java:warn(127)) - 8aba082c-257b-43e3-ba61-5d436c5b38fa@group-45121E95117A->0cab5a7d-6f40-474c-9abd-0651cf30726e-AppendLogResponseHandler: Failed appendEntries: org.apache.ratis.thirdparty.io.grpc.StatusRuntimeException: CANCELLED: RST_STREAM closed stream. HTTP/2 error code: CANCEL
2025-10-22 08:25:08,401 [grpc-default-executor-2] WARN  server.GrpcLogAppender (GrpcLogAppender.java:lambda$resetClient$1(228)) - 8aba082c-257b-43e3-ba61-5d436c5b38fa@group-45121E95117A->0cab5a7d-6f40-474c-9abd-0651cf30726e-GrpcLogAppender: Follower failed (request=null, errorCount=1); keep nextIndex (8) unchanged and retry.
2025-10-22 08:25:08,401 [ForkJoinPool-1-worker-1] INFO  server.GrpcServicesImpl (GrpcServicesImpl.java:closeImpl(364)) - 0cab5a7d-6f40-474c-9abd-0651cf30726e: shutdown server GrpcServerProtocolService successfully
2025-10-22 08:25:08,401 [grpc-default-executor-1] WARN  server.GrpcServerProtocolService (LogUtils.java:warn(127)) - 0cab5a7d-6f40-474c-9abd-0651cf30726e: APPEND_ENTRIES onError, lastRequest: 8aba082c-257b-43e3-ba61-5d436c5b38fa->0cab5a7d-6f40-474c-9abd-0651cf30726e#176-t1,previous=(t:1, i:6),leaderCommit=6,initializing? false,entries: size=1, first=(t:1, i:7), METADATAENTRY(c:4): org.apache.ratis.thirdparty.io.grpc.StatusRuntimeException: CANCELLED: client cancelled
2025-10-22 08:25:08,401 [ForkJoinPool-1-worker-1] INFO  server.GrpcServicesImpl (GrpcServicesImpl.java:closeImpl(355)) - 0cab5a7d-6f40-474c-9abd-0651cf30726e: shutdown server org.apache.ratis.grpc.server.GrpcAdminProtocolService now
2025-10-22 08:25:08,401 [ForkJoinPool-1-worker-1] INFO  server.GrpcServicesImpl (GrpcServicesImpl.java:closeImpl(364)) - 0cab5a7d-6f40-474c-9abd-0651cf30726e: shutdown server org.apache.ratis.grpc.server.GrpcAdminProtocolService successfully
2025-10-22 08:25:08,406 [0cab5a7d-6f40-474c-9abd-0651cf30726e-NettyServerStreamRpc-bossGroup--thread1] INFO  logging.LoggingHandler (AbstractInternalLogger.java:log(148)) - [id: 0xe6f026f7, L:/0.0.0.0:15072] CLOSE
2025-10-22 08:25:08,406 [0cab5a7d-6f40-474c-9abd-0651cf30726e-NettyServerStreamRpc-bossGroup--thread1] INFO  logging.LoggingHandler (AbstractInternalLogger.java:log(148)) - [id: 0xe6f026f7, L:/0.0.0.0:15072] INACTIVE
2025-10-22 08:25:08,406 [0cab5a7d-6f40-474c-9abd-0651cf30726e-NettyServerStreamRpc-bossGroup--thread1] INFO  logging.LoggingHandler (AbstractInternalLogger.java:log(148)) - [id: 0xe6f026f7, L:/0.0.0.0:15072] UNREGISTERED
2025-10-22 08:25:08,520 [4d8a2798-959e-416b-b534-19c13b55a760-ContainerReader-0] INFO  ozoneimpl.ContainerReader (ContainerReader.java:readVolume(147)) - Start to verify containers on volume /home/runner/work/ozone/ozone/hadoop-ozone/integration-test/target/test-dir/MiniOzoneClusterImpl-a412b9f6-7d8b-4de3-a85c-9946bceaa3a0/ozone-metadata/datanode-2/data-0/hdds
2025-10-22 08:25:08,523 [4d8a2798-959e-416b-b534-19c13b55a760-ContainerReader-0] WARN  helpers.KeyValueContainerUtil (KeyValueContainerUtil.java:populateContainerMetadata(329)) - Missing pendingDeleteBlockCount from metadata: recalculate them from block table
2025-10-22 08:25:08,524 [4d8a2798-959e-416b-b534-19c13b55a760-ContainerReader-0] INFO  ozoneimpl.ContainerReader (ContainerReader.java:readVolume(177)) - Finish verifying containers on volume /home/runner/work/ozone/ozone/hadoop-ozone/integration-test/target/test-dir/MiniOzoneClusterImpl-a412b9f6-7d8b-4de3-a85c-9946bceaa3a0/ozone-metadata/datanode-2/data-0/hdds
2025-10-22 08:25:08,525 [4d8a2798-959e-416b-b534-19c13b55a760-EndpointStateMachineTaskThread-/0.0.0.0:15002-0 ] INFO  ozoneimpl.OzoneContainer (OzoneContainer.java:buildContainerSet(359)) - Build ContainerSet costs 0s
2025-10-22 08:25:08,525 [4d8a2798-959e-416b-b534-19c13b55a760-EndpointStateMachineTaskThread-/0.0.0.0:15002-0 ] INFO  volume.ThrottledAsyncChecker (ThrottledAsyncChecker.java:schedule(138)) - Scheduling a check for /home/runner/work/ozone/ozone/hadoop-ozone/integration-test/target/test-dir/MiniOzoneClusterImpl-a412b9f6-7d8b-4de3-a85c-9946bceaa3a0/ozone-metadata/datanode-2/data-0/hdds
2025-10-22 08:25:08,526 [4d8a2798-959e-416b-b534-19c13b55a760-EndpointStateMachineTaskThread-/0.0.0.0:15002-0 ] INFO  volume.StorageVolumeChecker (StorageVolumeChecker.java:checkAllVolumes(231)) - Scheduled health check for volume /home/runner/work/ozone/ozone/hadoop-ozone/integration-test/target/test-dir/MiniOzoneClusterImpl-a412b9f6-7d8b-4de3-a85c-9946bceaa3a0/ozone-metadata/datanode-2/data-0/hdds
2025-10-22 08:25:08,529 [4d8a2798-959e-416b-b534-19c13b55a760-EndpointStateMachineTaskThread-/0.0.0.0:15002-0 ] INFO  volume.ThrottledAsyncChecker (ThrottledAsyncChecker.java:schedule(138)) - Scheduling a check for /home/runner/work/ozone/ozone/hadoop-ozone/integration-test/target/test-dir/MiniOzoneClusterImpl-a412b9f6-7d8b-4de3-a85c-9946bceaa3a0/ozone-metadata/datanode-2/ratis
2025-10-22 08:25:08,529 [4d8a2798-959e-416b-b534-19c13b55a760-EndpointStateMachineTaskThread-/0.0.0.0:15002-0 ] INFO  volume.StorageVolumeChecker (StorageVolumeChecker.java:checkAllVolumes(231)) - Scheduled health check for volume /home/runner/work/ozone/ozone/hadoop-ozone/integration-test/target/test-dir/MiniOzoneClusterImpl-a412b9f6-7d8b-4de3-a85c-9946bceaa3a0/ozone-metadata/datanode-2/ratis
2025-10-22 08:25:08,530 [4d8a2798-959e-416b-b534-19c13b55a760-EndpointStateMachineTaskThread-/0.0.0.0:15002-0 ] INFO  ozoneimpl.OzoneContainer (OzoneContainer.java:start(544)) - Attempting to start container services.
2025-10-22 08:25:08,531 [ContainerDataScanner(/home/runner/work/ozone/ozone/hadoop-ozone/integration-test/target/test-dir/MiniOzoneClusterImpl-a412b9f6-7d8b-4de3-a85c-9946bceaa3a0/ozone-metadata/datanode-2/data-0/hdds)] INFO  ozoneimpl.AbstractBackgroundContainerScanner (AbstractBackgroundContainerScanner.java:runIteration(89)) - Completed an iteration in 0 minutes. Number of iterations (since the data-node restart) : 1, Number of containers scanned in this iteration : 0, Number of unhealthy containers found in this iteration : 0
2025-10-22 08:25:08,531 [4d8a2798-959e-416b-b534-19c13b55a760-EndpointStateMachineTaskThread-/0.0.0.0:15002-0 ] INFO  replication.ReplicationServer (ReplicationServer.java:start(137)) - ReplicationServer is started using port 15025
2025-10-22 08:25:08,532 [4d8a2798-959e-416b-b534-19c13b55a760-EndpointStateMachineTaskThread-/0.0.0.0:15002-0 ] INFO  ratis.XceiverServerRatis (XceiverServerRatis.java:start(559)) - Starting XceiverServerRatis(4d8a2798-959e-416b-b534-19c13b55a760)
2025-10-22 08:25:08,533 [4d8a2798-959e-416b-b534-19c13b55a760-impl-thread1] INFO  server.RaftServerConfigKeys (ConfUtils.java:logGet(62)) - raft.server.storage.dir = [/home/runner/work/ozone/ozone/hadoop-ozone/integration-test/target/test-dir/MiniOzoneClusterImpl-a412b9f6-7d8b-4de3-a85c-9946bceaa3a0/ozone-metadata/datanode-2/ratis] (custom)
2025-10-22 08:25:08,533 [ContainerMetadataScanner] INFO  ozoneimpl.AbstractBackgroundContainerScanner (AbstractBackgroundContainerScanner.java:runIteration(89)) - Completed an iteration in 0 minutes. Number of iterations (since the data-node restart) : 1, Number of containers scanned in this iteration : 1, Number of unhealthy containers found in this iteration : 0
2025-10-22 08:25:08,533 [4d8a2798-959e-416b-b534-19c13b55a760-impl-thread2] INFO  storage.RaftStorageDirectory (RaftStorageDirectoryImpl.java:tryLock(229)) - Lock on /home/runner/work/ozone/ozone/hadoop-ozone/integration-test/target/test-dir/MiniOzoneClusterImpl-a412b9f6-7d8b-4de3-a85c-9946bceaa3a0/ozone-metadata/datanode-2/ratis/991bfa6b-f7e5-4a03-b9a5-5e2f154b5bdb/in_use.lock acquired by nodename 57193@localhost
2025-10-22 08:25:08,534 [4d8a2798-959e-416b-b534-19c13b55a760-impl-thread3] INFO  storage.RaftStorageDirectory (RaftStorageDirectoryImpl.java:tryLock(229)) - Lock on /home/runner/work/ozone/ozone/hadoop-ozone/integration-test/target/test-dir/MiniOzoneClusterImpl-a412b9f6-7d8b-4de3-a85c-9946bceaa3a0/ozone-metadata/datanode-2/ratis/28d7a56f-ff21-46bd-bc35-c626ce820278/in_use.lock acquired by nodename 57193@localhost
2025-10-22 08:25:08,534 [4d8a2798-959e-416b-b534-19c13b55a760-impl-thread2] INFO  storage.RaftStorage (RaftStorageImpl.java:analyzeAndRecoverStorage(118)) - Read RaftStorageMetadata{term=2, votedFor=1c036820-4dbe-4abe-80fb-5ca88de5e2f0} from /home/runner/work/ozone/ozone/hadoop-ozone/integration-test/target/test-dir/MiniOzoneClusterImpl-a412b9f6-7d8b-4de3-a85c-9946bceaa3a0/ozone-metadata/datanode-2/ratis/991bfa6b-f7e5-4a03-b9a5-5e2f154b5bdb/current/raft-meta
2025-10-22 08:25:08,533 [4d8a2798-959e-416b-b534-19c13b55a760-impl-thread1] INFO  storage.RaftStorageDirectory (RaftStorageDirectoryImpl.java:tryLock(229)) - Lock on /home/runner/work/ozone/ozone/hadoop-ozone/integration-test/target/test-dir/MiniOzoneClusterImpl-a412b9f6-7d8b-4de3-a85c-9946bceaa3a0/ozone-metadata/datanode-2/ratis/0ab6beb1-ecd4-4a22-8092-c080f8b16968/in_use.lock acquired by nodename 57193@localhost
2025-10-22 08:25:08,534 [4d8a2798-959e-416b-b534-19c13b55a760-impl-thread3] INFO  storage.RaftStorage (RaftStorageImpl.java:analyzeAndRecoverStorage(118)) - Read RaftStorageMetadata{term=1, votedFor=40df8fc4-149d-40c0-897d-2844034d8141} from /home/runner/work/ozone/ozone/hadoop-ozone/integration-test/target/test-dir/MiniOzoneClusterImpl-a412b9f6-7d8b-4de3-a85c-9946bceaa3a0/ozone-metadata/datanode-2/ratis/28d7a56f-ff21-46bd-bc35-c626ce820278/current/raft-meta
2025-10-22 08:25:08,534 [4d8a2798-959e-416b-b534-19c13b55a760-impl-thread1] INFO  storage.RaftStorage (RaftStorageImpl.java:analyzeAndRecoverStorage(118)) - Read RaftStorageMetadata{term=2, votedFor=4d8a2798-959e-416b-b534-19c13b55a760} from /home/runner/work/ozone/ozone/hadoop-ozone/integration-test/target/test-dir/MiniOzoneClusterImpl-a412b9f6-7d8b-4de3-a85c-9946bceaa3a0/ozone-metadata/datanode-2/ratis/0ab6beb1-ecd4-4a22-8092-c080f8b16968/current/raft-meta
2025-10-22 08:25:08,534 [4d8a2798-959e-416b-b534-19c13b55a760-impl-thread2] INFO  server.RaftServer$Division (ServerState.java:setRaftConf(386)) - 4d8a2798-959e-416b-b534-19c13b55a760@group-5E2F154B5BDB: set configuration conf: {index: 1, cur=peers:[4d8a2798-959e-416b-b534-19c13b55a760|127.0.0.1:15023, 1c036820-4dbe-4abe-80fb-5ca88de5e2f0|127.0.0.1:15015, 40df8fc4-149d-40c0-897d-2844034d8141|127.0.0.1:15031]|listeners:[], old=null}
2025-10-22 08:25:08,535 [4d8a2798-959e-416b-b534-19c13b55a760-impl-thread1] INFO  server.RaftServer$Division (ServerState.java:setRaftConf(386)) - 4d8a2798-959e-416b-b534-19c13b55a760@group-C080F8B16968: set configuration conf: {index: 1, cur=peers:[4d8a2798-959e-416b-b534-19c13b55a760|127.0.0.1:15023]|listeners:[], old=null}
2025-10-22 08:25:08,535 [4d8a2798-959e-416b-b534-19c13b55a760-impl-thread1] INFO  ratis.ContainerStateMachine (ContainerStateMachine.java:initialize(339)) - 4d8a2798-959e-416b-b534-19c13b55a760: initialize group-C080F8B16968
2025-10-22 08:25:08,535 [4d8a2798-959e-416b-b534-19c13b55a760-impl-thread2] INFO  ratis.ContainerStateMachine (ContainerStateMachine.java:initialize(339)) - 4d8a2798-959e-416b-b534-19c13b55a760: initialize group-5E2F154B5BDB
2025-10-22 08:25:08,534 [4d8a2798-959e-416b-b534-19c13b55a760-impl-thread3] INFO  server.RaftServer$Division (ServerState.java:setRaftConf(386)) - 4d8a2798-959e-416b-b534-19c13b55a760@group-C626CE820278: set configuration conf: {index: 0, cur=peers:[4d8a2798-959e-416b-b534-19c13b55a760|127.0.0.1:15023, 1c036820-4dbe-4abe-80fb-5ca88de5e2f0|127.0.0.1:15015, 40df8fc4-149d-40c0-897d-2844034d8141|127.0.0.1:15031]|listeners:[], old=null}
2025-10-22 08:25:08,535 [4d8a2798-959e-416b-b534-19c13b55a760-impl-thread2] INFO  ratis.ContainerStateMachine (ContainerStateMachine.java:loadSnapshot(356)) - group-5E2F154B5BDB: Setting the last applied index to (t:2, i:2)
2025-10-22 08:25:08,535 [4d8a2798-959e-416b-b534-19c13b55a760-impl-thread3] INFO  ratis.ContainerStateMachine (ContainerStateMachine.java:initialize(339)) - 4d8a2798-959e-416b-b534-19c13b55a760: initialize group-C626CE820278
2025-10-22 08:25:08,535 [4d8a2798-959e-416b-b534-19c13b55a760-impl-thread3] INFO  ratis.ContainerStateMachine (ContainerStateMachine.java:loadSnapshot(356)) - group-C626CE820278: Setting the last applied index to (t:1, i:2)
2025-10-22 08:25:08,535 [4d8a2798-959e-416b-b534-19c13b55a760-impl-thread2] INFO  server.RaftServerConfigKeys (ConfUtils.java:logGet(62)) - raft.server.log.appender.buffer.byte-limit = 33554432 (custom)
2025-10-22 08:25:08,535 [4d8a2798-959e-416b-b534-19c13b55a760-impl-thread3] INFO  server.RaftServerConfigKeys (ConfUtils.java:logGet(62)) - raft.server.log.appender.buffer.byte-limit = 33554432 (custom)
2025-10-22 08:25:08,535 [4d8a2798-959e-416b-b534-19c13b55a760-impl-thread1] INFO  ratis.ContainerStateMachine (ContainerStateMachine.java:loadSnapshot(356)) - group-C080F8B16968: Setting the last applied index to (t:2, i:2)
2025-10-22 08:25:08,536 [4d8a2798-959e-416b-b534-19c13b55a760-impl-thread1] INFO  server.RaftServerConfigKeys (ConfUtils.java:logGet(62)) - raft.server.log.appender.buffer.byte-limit = 33554432 (custom)
2025-10-22 08:25:08,548 [4d8a2798-959e-416b-b534-19c13b55a760-impl-thread2] INFO  server.RaftServerConfigKeys (ConfUtils.java:logGet(62)) - raft.server.log.segment.size.max = 67108864 (custom)
2025-10-22 08:25:08,548 [4d8a2798-959e-416b-b534-19c13b55a760-impl-thread1] INFO  server.RaftServerConfigKeys (ConfUtils.java:logGet(62)) - raft.server.log.segment.size.max = 67108864 (custom)
2025-10-22 08:25:08,548 [4d8a2798-959e-416b-b534-19c13b55a760-impl-thread3] INFO  server.RaftServerConfigKeys (ConfUtils.java:logGet(62)) - raft.server.log.segment.size.max = 67108864 (custom)
2025-10-22 08:25:08,550 [4d8a2798-959e-416b-b534-19c13b55a760-impl-thread2] INFO  server.RaftServerConfigKeys (ConfUtils.java:logGet(62)) - raft.server.log.appender.buffer.byte-limit = 33554432 (custom)
2025-10-22 08:25:08,550 [4d8a2798-959e-416b-b534-19c13b55a760-impl-thread1] INFO  server.RaftServerConfigKeys (ConfUtils.java:logGet(62)) - raft.server.log.appender.buffer.byte-limit = 33554432 (custom)
2025-10-22 08:25:08,550 [4d8a2798-959e-416b-b534-19c13b55a760-impl-thread3] INFO  server.RaftServerConfigKeys (ConfUtils.java:logGet(62)) - raft.server.log.appender.buffer.byte-limit = 33554432 (custom)
2025-10-22 08:25:08,550 [4d8a2798-959e-416b-b534-19c13b55a760-impl-thread2] INFO  util.AwaitToRun (AwaitToRun.java:start(81)) - Thread[#2591,4d8a2798-959e-416b-b534-19c13b55a760@group-5E2F154B5BDB-cacheEviction-AwaitToRun,5,main] started
2025-10-22 08:25:08,550 [4d8a2798-959e-416b-b534-19c13b55a760-impl-thread2] INFO  segmented.SegmentedRaftLogWorker (SegmentedRaftLogWorker.java:<init>(190)) - new 4d8a2798-959e-416b-b534-19c13b55a760@group-5E2F154B5BDB-SegmentedRaftLogWorker for RaftStorageImpl:Storage Directory /home/runner/work/ozone/ozone/hadoop-ozone/integration-test/target/test-dir/MiniOzoneClusterImpl-a412b9f6-7d8b-4de3-a85c-9946bceaa3a0/ozone-metadata/datanode-2/ratis/991bfa6b-f7e5-4a03-b9a5-5e2f154b5bdb
2025-10-22 08:25:08,550 [4d8a2798-959e-416b-b534-19c13b55a760-impl-thread1] INFO  util.AwaitToRun (AwaitToRun.java:start(81)) - Thread[#2592,4d8a2798-959e-416b-b534-19c13b55a760@group-C080F8B16968-cacheEviction-AwaitToRun,5,main] started
2025-10-22 08:25:08,550 [4d8a2798-959e-416b-b534-19c13b55a760-impl-thread1] INFO  segmented.SegmentedRaftLogWorker (SegmentedRaftLogWorker.java:<init>(190)) - new 4d8a2798-959e-416b-b534-19c13b55a760@group-C080F8B16968-SegmentedRaftLogWorker for RaftStorageImpl:Storage Directory /home/runner/work/ozone/ozone/hadoop-ozone/integration-test/target/test-dir/MiniOzoneClusterImpl-a412b9f6-7d8b-4de3-a85c-9946bceaa3a0/ozone-metadata/datanode-2/ratis/0ab6beb1-ecd4-4a22-8092-c080f8b16968
2025-10-22 08:25:08,550 [4d8a2798-959e-416b-b534-19c13b55a760-impl-thread1] INFO  server.RaftServerConfigKeys (ConfUtils.java:logGet(62)) - raft.server.log.queue.byte-limit = 4294967296 (custom)
2025-10-22 08:25:08,550 [4d8a2798-959e-416b-b534-19c13b55a760-impl-thread2] INFO  server.RaftServerConfigKeys (ConfUtils.java:logGet(62)) - raft.server.log.queue.byte-limit = 4294967296 (custom)
2025-10-22 08:25:08,550 [4d8a2798-959e-416b-b534-19c13b55a760-impl-thread2] INFO  server.RaftServerConfigKeys (ConfUtils.java:logGet(62)) - raft.server.log.segment.size.max = 67108864 (custom)
2025-10-22 08:25:08,551 [4d8a2798-959e-416b-b534-19c13b55a760-impl-thread2] INFO  server.RaftServerConfigKeys (ConfUtils.java:logGet(62)) - raft.server.log.preallocated.size = 4194304 (custom)
2025-10-22 08:25:08,551 [4d8a2798-959e-416b-b534-19c13b55a760-impl-thread3] INFO  util.AwaitToRun (AwaitToRun.java:start(81)) - Thread[#2593,4d8a2798-959e-416b-b534-19c13b55a760@group-C626CE820278-cacheEviction-AwaitToRun,5,main] started
2025-10-22 08:25:08,551 [4d8a2798-959e-416b-b534-19c13b55a760-impl-thread3] INFO  segmented.SegmentedRaftLogWorker (SegmentedRaftLogWorker.java:<init>(190)) - new 4d8a2798-959e-416b-b534-19c13b55a760@group-C626CE820278-SegmentedRaftLogWorker for RaftStorageImpl:Storage Directory /home/runner/work/ozone/ozone/hadoop-ozone/integration-test/target/test-dir/MiniOzoneClusterImpl-a412b9f6-7d8b-4de3-a85c-9946bceaa3a0/ozone-metadata/datanode-2/ratis/28d7a56f-ff21-46bd-bc35-c626ce820278
2025-10-22 08:25:08,551 [4d8a2798-959e-416b-b534-19c13b55a760-impl-thread3] INFO  server.RaftServerConfigKeys (ConfUtils.java:logGet(62)) - raft.server.log.queue.byte-limit = 4294967296 (custom)
2025-10-22 08:25:08,551 [4d8a2798-959e-416b-b534-19c13b55a760-impl-thread3] INFO  server.RaftServerConfigKeys (ConfUtils.java:logGet(62)) - raft.server.log.segment.size.max = 67108864 (custom)
2025-10-22 08:25:08,551 [4d8a2798-959e-416b-b534-19c13b55a760-impl-thread3] INFO  server.RaftServerConfigKeys (ConfUtils.java:logGet(62)) - raft.server.log.preallocated.size = 4194304 (custom)
2025-10-22 08:25:08,550 [4d8a2798-959e-416b-b534-19c13b55a760-impl-thread1] INFO  server.RaftServerConfigKeys (ConfUtils.java:logGet(62)) - raft.server.log.segment.size.max = 67108864 (custom)
2025-10-22 08:25:08,551 [4d8a2798-959e-416b-b534-19c13b55a760-impl-thread1] INFO  server.RaftServerConfigKeys (ConfUtils.java:logGet(62)) - raft.server.log.preallocated.size = 4194304 (custom)
2025-10-22 08:25:08,552 [4d8a2798-959e-416b-b534-19c13b55a760-impl-thread2] INFO  server.RaftServerConfigKeys (ConfUtils.java:logGet(62)) - raft.server.log.write.buffer.size = 33554440 (custom)
2025-10-22 08:25:08,552 [4d8a2798-959e-416b-b534-19c13b55a760-impl-thread3] INFO  server.RaftServerConfigKeys (ConfUtils.java:logGet(62)) - raft.server.log.write.buffer.size = 33554440 (custom)
2025-10-22 08:25:08,552 [4d8a2798-959e-416b-b534-19c13b55a760-impl-thread1] INFO  server.RaftServerConfigKeys (ConfUtils.java:logGet(62)) - raft.server.log.write.buffer.size = 33554440 (custom)
2025-10-22 08:25:08,557 [4d8a2798-959e-416b-b534-19c13b55a760-impl-thread2] INFO  server.RaftServerConfigKeys (ConfUtils.java:logGet(62)) - raft.server.log.appender.buffer.byte-limit = 33554432 (custom)
2025-10-22 08:25:08,558 [4d8a2798-959e-416b-b534-19c13b55a760-impl-thread2] INFO  server.RaftServer$Division (ServerState.java:setRaftConf(386)) - 4d8a2798-959e-416b-b534-19c13b55a760@group-5E2F154B5BDB: set configuration conf: {index: 0, cur=peers:[4d8a2798-959e-416b-b534-19c13b55a760|127.0.0.1:15023, 1c036820-4dbe-4abe-80fb-5ca88de5e2f0|127.0.0.1:15015, 40df8fc4-149d-40c0-897d-2844034d8141|127.0.0.1:15031]|listeners:[], old=null}
2025-10-22 08:25:08,559 [4d8a2798-959e-416b-b534-19c13b55a760-impl-thread2] INFO  segmented.LogSegment (LogSegment.java:loadSegment(171)) - Successfully read 1 entries from segment file /home/runner/work/ozone/ozone/hadoop-ozone/integration-test/target/test-dir/MiniOzoneClusterImpl-a412b9f6-7d8b-4de3-a85c-9946bceaa3a0/ozone-metadata/datanode-2/ratis/991bfa6b-f7e5-4a03-b9a5-5e2f154b5bdb/current/log_0-0
2025-10-22 08:25:08,559 [4d8a2798-959e-416b-b534-19c13b55a760-impl-thread2] INFO  server.RaftServer$Division (ServerState.java:setRaftConf(386)) - 4d8a2798-959e-416b-b534-19c13b55a760@group-5E2F154B5BDB: set configuration conf: {index: 1, cur=peers:[4d8a2798-959e-416b-b534-19c13b55a760|127.0.0.1:15023, 1c036820-4dbe-4abe-80fb-5ca88de5e2f0|127.0.0.1:15015, 40df8fc4-149d-40c0-897d-2844034d8141|127.0.0.1:15031]|listeners:[], old=null}
2025-10-22 08:25:08,559 [4d8a2798-959e-416b-b534-19c13b55a760-impl-thread3] INFO  server.RaftServerConfigKeys (ConfUtils.java:logGet(62)) - raft.server.log.appender.buffer.byte-limit = 33554432 (custom)
2025-10-22 08:25:08,559 [4d8a2798-959e-416b-b534-19c13b55a760-impl-thread2] INFO  segmented.LogSegment (LogSegment.java:loadSegment(171)) - Successfully read 2 entries from segment file /home/runner/work/ozone/ozone/hadoop-ozone/integration-test/target/test-dir/MiniOzoneClusterImpl-a412b9f6-7d8b-4de3-a85c-9946bceaa3a0/ozone-metadata/datanode-2/ratis/991bfa6b-f7e5-4a03-b9a5-5e2f154b5bdb/current/log_inprogress_1
2025-10-22 08:25:08,559 [4d8a2798-959e-416b-b534-19c13b55a760-impl-thread3] INFO  server.RaftServer$Division (ServerState.java:setRaftConf(386)) - 4d8a2798-959e-416b-b534-19c13b55a760@group-C626CE820278: set configuration conf: {index: 0, cur=peers:[4d8a2798-959e-416b-b534-19c13b55a760|127.0.0.1:15023, 1c036820-4dbe-4abe-80fb-5ca88de5e2f0|127.0.0.1:15015, 40df8fc4-149d-40c0-897d-2844034d8141|127.0.0.1:15031]|listeners:[], old=null}
2025-10-22 08:25:08,560 [4d8a2798-959e-416b-b534-19c13b55a760-impl-thread2] INFO  segmented.SegmentedRaftLogWorker (SegmentedRaftLogWorker.java:lambda$new$0(141)) - 4d8a2798-959e-416b-b534-19c13b55a760@group-5E2F154B5BDB-SegmentedRaftLogWorker: flushIndex: setUnconditionally 0 -> 2
2025-10-22 08:25:08,560 [4d8a2798-959e-416b-b534-19c13b55a760-impl-thread1] INFO  server.RaftServerConfigKeys (ConfUtils.java:logGet(62)) - raft.server.log.appender.buffer.byte-limit = 33554432 (custom)
2025-10-22 08:25:08,560 [4d8a2798-959e-416b-b534-19c13b55a760-impl-thread2] INFO  segmented.BufferedWriteChannel (BufferedWriteChannel.java:open(61)) - open log_inprogress_1 (append) at position 366
2025-10-22 08:25:08,560 [4d8a2798-959e-416b-b534-19c13b55a760-impl-thread3] INFO  segmented.LogSegment (LogSegment.java:loadSegment(171)) - Successfully read 5 entries from segment file /home/runner/work/ozone/ozone/hadoop-ozone/integration-test/target/test-dir/MiniOzoneClusterImpl-a412b9f6-7d8b-4de3-a85c-9946bceaa3a0/ozone-metadata/datanode-2/ratis/28d7a56f-ff21-46bd-bc35-c626ce820278/current/log_inprogress_0
2025-10-22 08:25:08,560 [4d8a2798-959e-416b-b534-19c13b55a760-impl-thread3] INFO  segmented.SegmentedRaftLogWorker (SegmentedRaftLogWorker.java:lambda$new$0(141)) - 4d8a2798-959e-416b-b534-19c13b55a760@group-C626CE820278-SegmentedRaftLogWorker: flushIndex: setUnconditionally 0 -> 4
2025-10-22 08:25:08,560 [4d8a2798-959e-416b-b534-19c13b55a760-impl-thread3] INFO  segmented.SegmentedRaftLogWorker (SegmentedRaftLogWorker.java:lambda$new$0(141)) - 4d8a2798-959e-416b-b534-19c13b55a760@group-C626CE820278-SegmentedRaftLogWorker: safeCacheEvictIndex: setUnconditionally 0 -> -1
2025-10-22 08:25:08,560 [4d8a2798-959e-416b-b534-19c13b55a760-impl-thread3] INFO  segmented.BufferedWriteChannel (BufferedWriteChannel.java:open(61)) - open log_inprogress_0 (append) at position 1544
2025-10-22 08:25:08,561 [4d8a2798-959e-416b-b534-19c13b55a760-impl-thread2] INFO  server.RaftServer$Division (RaftServerImpl.java:start(405)) - 4d8a2798-959e-416b-b534-19c13b55a760@group-5E2F154B5BDB: start as a follower, conf=conf: {index: 1, cur=peers:[4d8a2798-959e-416b-b534-19c13b55a760|127.0.0.1:15023, 1c036820-4dbe-4abe-80fb-5ca88de5e2f0|127.0.0.1:15015, 40df8fc4-149d-40c0-897d-2844034d8141|127.0.0.1:15031]|listeners:[], old=null}
2025-10-22 08:25:08,561 [4d8a2798-959e-416b-b534-19c13b55a760-impl-thread2] INFO  server.RaftServer$Division (RaftServerImpl.java:setRole(392)) - 4d8a2798-959e-416b-b534-19c13b55a760@group-5E2F154B5BDB: changes role from      null to FOLLOWER at term 2 for startAsFollower
2025-10-22 08:25:08,561 [4d8a2798-959e-416b-b534-19c13b55a760-impl-thread2] INFO  impl.RoleInfo (RoleInfo.java:updateAndGet(148)) - 4d8a2798-959e-416b-b534-19c13b55a760: start 4d8a2798-959e-416b-b534-19c13b55a760@group-5E2F154B5BDB-FollowerState
2025-10-22 08:25:08,560 [4d8a2798-959e-416b-b534-19c13b55a760-impl-thread1] INFO  server.RaftServer$Division (ServerState.java:setRaftConf(386)) - 4d8a2798-959e-416b-b534-19c13b55a760@group-C080F8B16968: set configuration conf: {index: 0, cur=peers:[4d8a2798-959e-416b-b534-19c13b55a760|127.0.0.1:15023]|listeners:[], old=null}
2025-10-22 08:25:08,561 [4d8a2798-959e-416b-b534-19c13b55a760-impl-thread1] INFO  segmented.LogSegment (LogSegment.java:loadSegment(171)) - Successfully read 1 entries from segment file /home/runner/work/ozone/ozone/hadoop-ozone/integration-test/target/test-dir/MiniOzoneClusterImpl-a412b9f6-7d8b-4de3-a85c-9946bceaa3a0/ozone-metadata/datanode-2/ratis/0ab6beb1-ecd4-4a22-8092-c080f8b16968/current/log_0-0
2025-10-22 08:25:08,561 [4d8a2798-959e-416b-b534-19c13b55a760-impl-thread1] INFO  server.RaftServer$Division (ServerState.java:setRaftConf(386)) - 4d8a2798-959e-416b-b534-19c13b55a760@group-C080F8B16968: set configuration conf: {index: 1, cur=peers:[4d8a2798-959e-416b-b534-19c13b55a760|127.0.0.1:15023]|listeners:[], old=null}
2025-10-22 08:25:08,561 [4d8a2798-959e-416b-b534-19c13b55a760-impl-thread1] INFO  segmented.LogSegment (LogSegment.java:loadSegment(171)) - Successfully read 2 entries from segment file /home/runner/work/ozone/ozone/hadoop-ozone/integration-test/target/test-dir/MiniOzoneClusterImpl-a412b9f6-7d8b-4de3-a85c-9946bceaa3a0/ozone-metadata/datanode-2/ratis/0ab6beb1-ecd4-4a22-8092-c080f8b16968/current/log_inprogress_1
2025-10-22 08:25:08,561 [4d8a2798-959e-416b-b534-19c13b55a760-impl-thread1] INFO  segmented.SegmentedRaftLogWorker (SegmentedRaftLogWorker.java:lambda$new$0(141)) - 4d8a2798-959e-416b-b534-19c13b55a760@group-C080F8B16968-SegmentedRaftLogWorker: flushIndex: setUnconditionally 0 -> 2
2025-10-22 08:25:08,561 [4d8a2798-959e-416b-b534-19c13b55a760-impl-thread1] INFO  segmented.BufferedWriteChannel (BufferedWriteChannel.java:open(61)) - open log_inprogress_1 (append) at position 144
2025-10-22 08:25:08,562 [4d8a2798-959e-416b-b534-19c13b55a760-impl-thread2] INFO  util.JmxRegister (JmxRegister.java:tryRegister(44)) - Successfully registered JMX Bean with object name Ratis:service=RaftServer,group=group-5E2F154B5BDB,id=4d8a2798-959e-416b-b534-19c13b55a760
2025-10-22 08:25:08,562 [4d8a2798-959e-416b-b534-19c13b55a760-impl-thread2] INFO  util.JmxRegister (JmxRegister.java:register(58)) - register mxBean class org.apache.ratis.server.impl.RaftServerJmxAdapter as Ratis:service=RaftServer,group=group-5E2F154B5BDB,id=4d8a2798-959e-416b-b534-19c13b55a760
2025-10-22 08:25:08,563 [4d8a2798-959e-416b-b534-19c13b55a760-impl-thread2] INFO  server.RaftServer$Division (RaftServerImpl.java:start(419)) - 4d8a2798-959e-416b-b534-19c13b55a760@group-5E2F154B5BDB: Successfully started.
2025-10-22 08:25:08,564 [4d8a2798-959e-416b-b534-19c13b55a760-impl-thread3] INFO  server.RaftServer$Division (RaftServerImpl.java:start(405)) - 4d8a2798-959e-416b-b534-19c13b55a760@group-C626CE820278: start as a follower, conf=conf: {index: 0, cur=peers:[4d8a2798-959e-416b-b534-19c13b55a760|127.0.0.1:15023, 1c036820-4dbe-4abe-80fb-5ca88de5e2f0|127.0.0.1:15015, 40df8fc4-149d-40c0-897d-2844034d8141|127.0.0.1:15031]|listeners:[], old=null}
2025-10-22 08:25:08,564 [4d8a2798-959e-416b-b534-19c13b55a760-impl-thread3] INFO  server.RaftServer$Division (RaftServerImpl.java:setRole(392)) - 4d8a2798-959e-416b-b534-19c13b55a760@group-C626CE820278: changes role from      null to FOLLOWER at term 1 for startAsFollower
2025-10-22 08:25:08,564 [4d8a2798-959e-416b-b534-19c13b55a760-impl-thread3] INFO  impl.RoleInfo (RoleInfo.java:updateAndGet(148)) - 4d8a2798-959e-416b-b534-19c13b55a760: start 4d8a2798-959e-416b-b534-19c13b55a760@group-C626CE820278-FollowerState
2025-10-22 08:25:08,564 [4d8a2798-959e-416b-b534-19c13b55a760-impl-thread1] INFO  server.RaftServer$Division (RaftServerImpl.java:start(405)) - 4d8a2798-959e-416b-b534-19c13b55a760@group-C080F8B16968: start as a follower, conf=conf: {index: 1, cur=peers:[4d8a2798-959e-416b-b534-19c13b55a760|127.0.0.1:15023]|listeners:[], old=null}
2025-10-22 08:25:08,564 [4d8a2798-959e-416b-b534-19c13b55a760-impl-thread3] INFO  util.JmxRegister (JmxRegister.java:tryRegister(44)) - Successfully registered JMX Bean with object name Ratis:service=RaftServer,group=group-C626CE820278,id=4d8a2798-959e-416b-b534-19c13b55a760
2025-10-22 08:25:08,564 [4d8a2798-959e-416b-b534-19c13b55a760-impl-thread3] INFO  util.JmxRegister (JmxRegister.java:register(58)) - register mxBean class org.apache.ratis.server.impl.RaftServerJmxAdapter as Ratis:service=RaftServer,group=group-C626CE820278,id=4d8a2798-959e-416b-b534-19c13b55a760
2025-10-22 08:25:08,564 [4d8a2798-959e-416b-b534-19c13b55a760-impl-thread1] INFO  server.RaftServer$Division (RaftServerImpl.java:setRole(392)) - 4d8a2798-959e-416b-b534-19c13b55a760@group-C080F8B16968: changes role from      null to FOLLOWER at term 2 for startAsFollower
2025-10-22 08:25:08,564 [4d8a2798-959e-416b-b534-19c13b55a760-impl-thread1] INFO  impl.RoleInfo (RoleInfo.java:updateAndGet(148)) - 4d8a2798-959e-416b-b534-19c13b55a760: start 4d8a2798-959e-416b-b534-19c13b55a760@group-C080F8B16968-FollowerState
2025-10-22 08:25:08,564 [4d8a2798-959e-416b-b534-19c13b55a760-impl-thread1] INFO  util.JmxRegister (JmxRegister.java:tryRegister(44)) - Successfully registered JMX Bean with object name Ratis:service=RaftServer,group=group-C080F8B16968,id=4d8a2798-959e-416b-b534-19c13b55a760
2025-10-22 08:25:08,564 [4d8a2798-959e-416b-b534-19c13b55a760-impl-thread1] INFO  util.JmxRegister (JmxRegister.java:register(58)) - register mxBean class org.apache.ratis.server.impl.RaftServerJmxAdapter as Ratis:service=RaftServer,group=group-C080F8B16968,id=4d8a2798-959e-416b-b534-19c13b55a760
2025-10-22 08:25:08,565 [4d8a2798-959e-416b-b534-19c13b55a760-impl-thread3] INFO  server.RaftServer$Division (RaftServerImpl.java:start(419)) - 4d8a2798-959e-416b-b534-19c13b55a760@group-C626CE820278: Successfully started.
2025-10-22 08:25:08,565 [4d8a2798-959e-416b-b534-19c13b55a760-impl-thread1] INFO  server.RaftServer$Division (RaftServerImpl.java:start(419)) - 4d8a2798-959e-416b-b534-19c13b55a760@group-C080F8B16968: Successfully started.
2025-10-22 08:25:08,565 [4d8a2798-959e-416b-b534-19c13b55a760-EndpointStateMachineTaskThread-/0.0.0.0:15002-0 ] INFO  server.RaftServer (RaftServerProxy.java:startImpl(412)) - 4d8a2798-959e-416b-b534-19c13b55a760: start RPC server
2025-10-22 08:25:08,566 [4d8a2798-959e-416b-b534-19c13b55a760-EndpointStateMachineTaskThread-/0.0.0.0:15002-0 ] INFO  server.GrpcServicesImpl (GrpcServicesImpl.java:startImpl(346)) - 4d8a2798-959e-416b-b534-19c13b55a760: GrpcServicesImpl started, listening on 15021
2025-10-22 08:25:08,566 [4d8a2798-959e-416b-b534-19c13b55a760-EndpointStateMachineTaskThread-/0.0.0.0:15002-0 ] INFO  server.GrpcServicesImpl (GrpcServicesImpl.java:startImpl(346)) - 4d8a2798-959e-416b-b534-19c13b55a760: GrpcServicesImpl started, listening on 15023
2025-10-22 08:25:08,566 [4d8a2798-959e-416b-b534-19c13b55a760-EndpointStateMachineTaskThread-/0.0.0.0:15002-0 ] INFO  server.GrpcServicesImpl (GrpcServicesImpl.java:startImpl(346)) - 4d8a2798-959e-416b-b534-19c13b55a760: GrpcServicesImpl started, listening on 15022
2025-10-22 08:25:08,566 [4d8a2798-959e-416b-b534-19c13b55a760-EndpointStateMachineTaskThread-/0.0.0.0:15002-0 ] INFO  ratis.XceiverServerRatis (XceiverServerRatis.java:getRealPort(586)) - XceiverServerRatis(4d8a2798-959e-416b-b534-19c13b55a760) is started using port RATIS=15021
2025-10-22 08:25:08,566 [4d8a2798-959e-416b-b534-19c13b55a760-EndpointStateMachineTaskThread-/0.0.0.0:15002-0 ] INFO  ratis.XceiverServerRatis (XceiverServerRatis.java:getRealPort(586)) - XceiverServerRatis(4d8a2798-959e-416b-b534-19c13b55a760) is started using port RATIS_ADMIN=15022
2025-10-22 08:25:08,566 [4d8a2798-959e-416b-b534-19c13b55a760-EndpointStateMachineTaskThread-/0.0.0.0:15002-0 ] INFO  ratis.XceiverServerRatis (XceiverServerRatis.java:getRealPort(586)) - XceiverServerRatis(4d8a2798-959e-416b-b534-19c13b55a760) is started using port RATIS_SERVER=15023
2025-10-22 08:25:08,567 [4d8a2798-959e-416b-b534-19c13b55a760-EndpointStateMachineTaskThread-/0.0.0.0:15002-0 ] INFO  ratis.XceiverServerRatis (XceiverServerRatis.java:getRealPort(586)) - XceiverServerRatis(4d8a2798-959e-416b-b534-19c13b55a760) is started using port RATIS_DATASTREAM=15024
2025-10-22 08:25:08,566 [JvmPauseMonitor15] INFO  util.JvmPauseMonitor (JvmPauseMonitor.java:run(146)) - JvmPauseMonitor-4d8a2798-959e-416b-b534-19c13b55a760: Started
2025-10-22 08:25:08,567 [4d8a2798-959e-416b-b534-19c13b55a760-EndpointStateMachineTaskThread-/0.0.0.0:15002-0 ] INFO  utils.BackgroundService (BackgroundService.java:start(119)) - Starting service BlockDeletingService with interval 60000 milliseconds
2025-10-22 08:25:08,567 [4d8a2798-959e-416b-b534-19c13b55a760-EndpointStateMachineTaskThread-/0.0.0.0:15002-0 ] INFO  utils.BackgroundService (BackgroundService.java:start(119)) - Starting service StaleRecoveringContainerScrubbingService with interval 60000 milliseconds
2025-10-22 08:25:08,716 [0cab5a7d-6f40-474c-9abd-0651cf30726e-impl-thread4] INFO  segmented.SegmentedRaftLogWorker (SegmentedRaftLogWorker.java:close(254)) - 0cab5a7d-6f40-474c-9abd-0651cf30726e@group-EE76401C21D3-SegmentedRaftLogWorker close()
2025-10-22 08:25:08,716 [0cab5a7d-6f40-474c-9abd-0651cf30726e-impl-thread4] INFO  ratis.ContainerStateMachine (ContainerStateMachine.java:notifyServerShutdown(1038)) - group-EE76401C21D3 is closed by HddsDatanodeService
2025-10-22 08:25:08,808 [40df8fc4-149d-40c0-897d-2844034d8141-ContainerReader-0] INFO  ozoneimpl.ContainerReader (ContainerReader.java:readVolume(147)) - Start to verify containers on volume /home/runner/work/ozone/ozone/hadoop-ozone/integration-test/target/test-dir/MiniOzoneClusterImpl-a412b9f6-7d8b-4de3-a85c-9946bceaa3a0/ozone-metadata/datanode-3/data-0/hdds
2025-10-22 08:25:08,811 [40df8fc4-149d-40c0-897d-2844034d8141-ContainerReader-0] WARN  helpers.KeyValueContainerUtil (KeyValueContainerUtil.java:populateContainerMetadata(329)) - Missing pendingDeleteBlockCount from metadata: recalculate them from block table
2025-10-22 08:25:08,813 [40df8fc4-149d-40c0-897d-2844034d8141-ContainerReader-0] INFO  ozoneimpl.ContainerReader (ContainerReader.java:readVolume(177)) - Finish verifying containers on volume /home/runner/work/ozone/ozone/hadoop-ozone/integration-test/target/test-dir/MiniOzoneClusterImpl-a412b9f6-7d8b-4de3-a85c-9946bceaa3a0/ozone-metadata/datanode-3/data-0/hdds
2025-10-22 08:25:08,813 [40df8fc4-149d-40c0-897d-2844034d8141-EndpointStateMachineTaskThread-/0.0.0.0:15002-0 ] INFO  ozoneimpl.OzoneContainer (OzoneContainer.java:buildContainerSet(359)) - Build ContainerSet costs 0s
2025-10-22 08:25:08,813 [40df8fc4-149d-40c0-897d-2844034d8141-EndpointStateMachineTaskThread-/0.0.0.0:15002-0 ] INFO  volume.ThrottledAsyncChecker (ThrottledAsyncChecker.java:schedule(138)) - Scheduling a check for /home/runner/work/ozone/ozone/hadoop-ozone/integration-test/target/test-dir/MiniOzoneClusterImpl-a412b9f6-7d8b-4de3-a85c-9946bceaa3a0/ozone-metadata/datanode-3/data-0/hdds
2025-10-22 08:25:08,814 [40df8fc4-149d-40c0-897d-2844034d8141-EndpointStateMachineTaskThread-/0.0.0.0:15002-0 ] INFO  volume.StorageVolumeChecker (StorageVolumeChecker.java:checkAllVolumes(231)) - Scheduled health check for volume /home/runner/work/ozone/ozone/hadoop-ozone/integration-test/target/test-dir/MiniOzoneClusterImpl-a412b9f6-7d8b-4de3-a85c-9946bceaa3a0/ozone-metadata/datanode-3/data-0/hdds
2025-10-22 08:25:08,817 [40df8fc4-149d-40c0-897d-2844034d8141-EndpointStateMachineTaskThread-/0.0.0.0:15002-0 ] INFO  volume.ThrottledAsyncChecker (ThrottledAsyncChecker.java:schedule(138)) - Scheduling a check for /home/runner/work/ozone/ozone/hadoop-ozone/integration-test/target/test-dir/MiniOzoneClusterImpl-a412b9f6-7d8b-4de3-a85c-9946bceaa3a0/ozone-metadata/datanode-3/ratis
2025-10-22 08:25:08,817 [40df8fc4-149d-40c0-897d-2844034d8141-EndpointStateMachineTaskThread-/0.0.0.0:15002-0 ] INFO  volume.StorageVolumeChecker (StorageVolumeChecker.java:checkAllVolumes(231)) - Scheduled health check for volume /home/runner/work/ozone/ozone/hadoop-ozone/integration-test/target/test-dir/MiniOzoneClusterImpl-a412b9f6-7d8b-4de3-a85c-9946bceaa3a0/ozone-metadata/datanode-3/ratis
2025-10-22 08:25:08,818 [40df8fc4-149d-40c0-897d-2844034d8141-EndpointStateMachineTaskThread-/0.0.0.0:15002-0 ] INFO  ozoneimpl.OzoneContainer (OzoneContainer.java:start(544)) - Attempting to start container services.
2025-10-22 08:25:08,819 [ContainerDataScanner(/home/runner/work/ozone/ozone/hadoop-ozone/integration-test/target/test-dir/MiniOzoneClusterImpl-a412b9f6-7d8b-4de3-a85c-9946bceaa3a0/ozone-metadata/datanode-3/data-0/hdds)] INFO  ozoneimpl.AbstractBackgroundContainerScanner (AbstractBackgroundContainerScanner.java:runIteration(89)) - Completed an iteration in 0 minutes. Number of iterations (since the data-node restart) : 1, Number of containers scanned in this iteration : 0, Number of unhealthy containers found in this iteration : 0
2025-10-22 08:25:08,819 [40df8fc4-149d-40c0-897d-2844034d8141-EndpointStateMachineTaskThread-/0.0.0.0:15002-0 ] INFO  replication.ReplicationServer (ReplicationServer.java:start(137)) - ReplicationServer is started using port 15033
2025-10-22 08:25:08,820 [40df8fc4-149d-40c0-897d-2844034d8141-EndpointStateMachineTaskThread-/0.0.0.0:15002-0 ] INFO  ratis.XceiverServerRatis (XceiverServerRatis.java:start(559)) - Starting XceiverServerRatis(40df8fc4-149d-40c0-897d-2844034d8141)
2025-10-22 08:25:08,821 [ContainerMetadataScanner] INFO  ozoneimpl.AbstractBackgroundContainerScanner (AbstractBackgroundContainerScanner.java:runIteration(89)) - Completed an iteration in 0 minutes. Number of iterations (since the data-node restart) : 1, Number of containers scanned in this iteration : 1, Number of unhealthy containers found in this iteration : 0
2025-10-22 08:25:08,821 [40df8fc4-149d-40c0-897d-2844034d8141-impl-thread2] INFO  server.RaftServerConfigKeys (ConfUtils.java:logGet(62)) - raft.server.storage.dir = [/home/runner/work/ozone/ozone/hadoop-ozone/integration-test/target/test-dir/MiniOzoneClusterImpl-a412b9f6-7d8b-4de3-a85c-9946bceaa3a0/ozone-metadata/datanode-3/ratis] (custom)
2025-10-22 08:25:08,822 [40df8fc4-149d-40c0-897d-2844034d8141-impl-thread2] INFO  storage.RaftStorageDirectory (RaftStorageDirectoryImpl.java:tryLock(229)) - Lock on /home/runner/work/ozone/ozone/hadoop-ozone/integration-test/target/test-dir/MiniOzoneClusterImpl-a412b9f6-7d8b-4de3-a85c-9946bceaa3a0/ozone-metadata/datanode-3/ratis/28d7a56f-ff21-46bd-bc35-c626ce820278/in_use.lock acquired by nodename 57193@localhost
2025-10-22 08:25:08,822 [40df8fc4-149d-40c0-897d-2844034d8141-impl-thread1] INFO  storage.RaftStorageDirectory (RaftStorageDirectoryImpl.java:tryLock(229)) - Lock on /home/runner/work/ozone/ozone/hadoop-ozone/integration-test/target/test-dir/MiniOzoneClusterImpl-a412b9f6-7d8b-4de3-a85c-9946bceaa3a0/ozone-metadata/datanode-3/ratis/991bfa6b-f7e5-4a03-b9a5-5e2f154b5bdb/in_use.lock acquired by nodename 57193@localhost
2025-10-22 08:25:08,822 [40df8fc4-149d-40c0-897d-2844034d8141-impl-thread2] INFO  storage.RaftStorage (RaftStorageImpl.java:analyzeAndRecoverStorage(118)) - Read RaftStorageMetadata{term=1, votedFor=40df8fc4-149d-40c0-897d-2844034d8141} from /home/runner/work/ozone/ozone/hadoop-ozone/integration-test/target/test-dir/MiniOzoneClusterImpl-a412b9f6-7d8b-4de3-a85c-9946bceaa3a0/ozone-metadata/datanode-3/ratis/28d7a56f-ff21-46bd-bc35-c626ce820278/current/raft-meta
2025-10-22 08:25:08,823 [40df8fc4-149d-40c0-897d-2844034d8141-impl-thread3] INFO  storage.RaftStorageDirectory (RaftStorageDirectoryImpl.java:tryLock(229)) - Lock on /home/runner/work/ozone/ozone/hadoop-ozone/integration-test/target/test-dir/MiniOzoneClusterImpl-a412b9f6-7d8b-4de3-a85c-9946bceaa3a0/ozone-metadata/datanode-3/ratis/c0547fc6-e5bf-43f2-a43a-dd56fe3b4e76/in_use.lock acquired by nodename 57193@localhost
2025-10-22 08:25:08,823 [40df8fc4-149d-40c0-897d-2844034d8141-impl-thread1] INFO  storage.RaftStorage (RaftStorageImpl.java:analyzeAndRecoverStorage(118)) - Read RaftStorageMetadata{term=2, votedFor=1c036820-4dbe-4abe-80fb-5ca88de5e2f0} from /home/runner/work/ozone/ozone/hadoop-ozone/integration-test/target/test-dir/MiniOzoneClusterImpl-a412b9f6-7d8b-4de3-a85c-9946bceaa3a0/ozone-metadata/datanode-3/ratis/991bfa6b-f7e5-4a03-b9a5-5e2f154b5bdb/current/raft-meta
2025-10-22 08:25:08,823 [40df8fc4-149d-40c0-897d-2844034d8141-impl-thread3] INFO  storage.RaftStorage (RaftStorageImpl.java:analyzeAndRecoverStorage(118)) - Read RaftStorageMetadata{term=1, votedFor=40df8fc4-149d-40c0-897d-2844034d8141} from /home/runner/work/ozone/ozone/hadoop-ozone/integration-test/target/test-dir/MiniOzoneClusterImpl-a412b9f6-7d8b-4de3-a85c-9946bceaa3a0/ozone-metadata/datanode-3/ratis/c0547fc6-e5bf-43f2-a43a-dd56fe3b4e76/current/raft-meta
2025-10-22 08:25:08,823 [40df8fc4-149d-40c0-897d-2844034d8141-impl-thread3] INFO  server.RaftServer$Division (ServerState.java:setRaftConf(386)) - 40df8fc4-149d-40c0-897d-2844034d8141@group-DD56FE3B4E76: set configuration conf: {index: 0, cur=peers:[40df8fc4-149d-40c0-897d-2844034d8141|127.0.0.1:15031]|listeners:[], old=null}
2025-10-22 08:25:08,823 [40df8fc4-149d-40c0-897d-2844034d8141-impl-thread2] INFO  server.RaftServer$Division (ServerState.java:setRaftConf(386)) - 40df8fc4-149d-40c0-897d-2844034d8141@group-C626CE820278: set configuration conf: {index: 0, cur=peers:[4d8a2798-959e-416b-b534-19c13b55a760|127.0.0.1:15023, 1c036820-4dbe-4abe-80fb-5ca88de5e2f0|127.0.0.1:15015, 40df8fc4-149d-40c0-897d-2844034d8141|127.0.0.1:15031]|listeners:[], old=null}
2025-10-22 08:25:08,823 [40df8fc4-149d-40c0-897d-2844034d8141-impl-thread3] INFO  ratis.ContainerStateMachine (ContainerStateMachine.java:initialize(339)) - 40df8fc4-149d-40c0-897d-2844034d8141: initialize group-DD56FE3B4E76
2025-10-22 08:25:08,823 [40df8fc4-149d-40c0-897d-2844034d8141-impl-thread2] INFO  ratis.ContainerStateMachine (ContainerStateMachine.java:initialize(339)) - 40df8fc4-149d-40c0-897d-2844034d8141: initialize group-C626CE820278
2025-10-22 08:25:08,823 [40df8fc4-149d-40c0-897d-2844034d8141-impl-thread2] INFO  ratis.ContainerStateMachine (ContainerStateMachine.java:loadSnapshot(356)) - group-C626CE820278: Setting the last applied index to (t:1, i:4)
2025-10-22 08:25:08,824 [40df8fc4-149d-40c0-897d-2844034d8141-impl-thread2] INFO  server.RaftServerConfigKeys (ConfUtils.java:logGet(62)) - raft.server.log.appender.buffer.byte-limit = 33554432 (custom)
2025-10-22 08:25:08,823 [40df8fc4-149d-40c0-897d-2844034d8141-impl-thread1] INFO  server.RaftServer$Division (ServerState.java:setRaftConf(386)) - 40df8fc4-149d-40c0-897d-2844034d8141@group-5E2F154B5BDB: set configuration conf: {index: 1, cur=peers:[4d8a2798-959e-416b-b534-19c13b55a760|127.0.0.1:15023, 1c036820-4dbe-4abe-80fb-5ca88de5e2f0|127.0.0.1:15015, 40df8fc4-149d-40c0-897d-2844034d8141|127.0.0.1:15031]|listeners:[], old=null}
2025-10-22 08:25:08,824 [40df8fc4-149d-40c0-897d-2844034d8141-impl-thread1] INFO  ratis.ContainerStateMachine (ContainerStateMachine.java:initialize(339)) - 40df8fc4-149d-40c0-897d-2844034d8141: initialize group-5E2F154B5BDB
2025-10-22 08:25:08,824 [40df8fc4-149d-40c0-897d-2844034d8141-impl-thread1] INFO  ratis.ContainerStateMachine (ContainerStateMachine.java:loadSnapshot(356)) - group-5E2F154B5BDB: Setting the last applied index to (t:2, i:2)
2025-10-22 08:25:08,824 [40df8fc4-149d-40c0-897d-2844034d8141-impl-thread1] INFO  server.RaftServerConfigKeys (ConfUtils.java:logGet(62)) - raft.server.log.appender.buffer.byte-limit = 33554432 (custom)
2025-10-22 08:25:08,823 [40df8fc4-149d-40c0-897d-2844034d8141-impl-thread3] INFO  ratis.ContainerStateMachine (ContainerStateMachine.java:loadSnapshot(356)) - group-DD56FE3B4E76: Setting the last applied index to (t:1, i:0)
2025-10-22 08:25:08,825 [40df8fc4-149d-40c0-897d-2844034d8141-impl-thread3] INFO  server.RaftServerConfigKeys (ConfUtils.java:logGet(62)) - raft.server.log.appender.buffer.byte-limit = 33554432 (custom)
2025-10-22 08:25:08,831 [40df8fc4-149d-40c0-897d-2844034d8141-impl-thread2] INFO  server.RaftServerConfigKeys (ConfUtils.java:logGet(62)) - raft.server.log.segment.size.max = 67108864 (custom)
2025-10-22 08:25:08,833 [40df8fc4-149d-40c0-897d-2844034d8141-impl-thread2] INFO  server.RaftServerConfigKeys (ConfUtils.java:logGet(62)) - raft.server.log.appender.buffer.byte-limit = 33554432 (custom)
2025-10-22 08:25:08,833 [40df8fc4-149d-40c0-897d-2844034d8141-impl-thread2] INFO  util.AwaitToRun (AwaitToRun.java:start(81)) - Thread[#2623,40df8fc4-149d-40c0-897d-2844034d8141@group-C626CE820278-cacheEviction-AwaitToRun,5,main] started
2025-10-22 08:25:08,833 [40df8fc4-149d-40c0-897d-2844034d8141-impl-thread2] INFO  segmented.SegmentedRaftLogWorker (SegmentedRaftLogWorker.java:<init>(190)) - new 40df8fc4-149d-40c0-897d-2844034d8141@group-C626CE820278-SegmentedRaftLogWorker for RaftStorageImpl:Storage Directory /home/runner/work/ozone/ozone/hadoop-ozone/integration-test/target/test-dir/MiniOzoneClusterImpl-a412b9f6-7d8b-4de3-a85c-9946bceaa3a0/ozone-metadata/datanode-3/ratis/28d7a56f-ff21-46bd-bc35-c626ce820278
2025-10-22 08:25:08,833 [40df8fc4-149d-40c0-897d-2844034d8141-impl-thread2] INFO  server.RaftServerConfigKeys (ConfUtils.java:logGet(62)) - raft.server.log.queue.byte-limit = 4294967296 (custom)
2025-10-22 08:25:08,833 [40df8fc4-149d-40c0-897d-2844034d8141-impl-thread2] INFO  server.RaftServerConfigKeys (ConfUtils.java:logGet(62)) - raft.server.log.segment.size.max = 67108864 (custom)
2025-10-22 08:25:08,833 [40df8fc4-149d-40c0-897d-2844034d8141-impl-thread2] INFO  server.RaftServerConfigKeys (ConfUtils.java:logGet(62)) - raft.server.log.preallocated.size = 4194304 (custom)
2025-10-22 08:25:08,834 [40df8fc4-149d-40c0-897d-2844034d8141-impl-thread3] INFO  server.RaftServerConfigKeys (ConfUtils.java:logGet(62)) - raft.server.log.segment.size.max = 67108864 (custom)
2025-10-22 08:25:08,835 [40df8fc4-149d-40c0-897d-2844034d8141-impl-thread1] INFO  server.RaftServerConfigKeys (ConfUtils.java:logGet(62)) - raft.server.log.segment.size.max = 67108864 (custom)
2025-10-22 08:25:08,835 [40df8fc4-149d-40c0-897d-2844034d8141-impl-thread2] INFO  server.RaftServerConfigKeys (ConfUtils.java:logGet(62)) - raft.server.log.write.buffer.size = 33554440 (custom)
2025-10-22 08:25:08,835 [40df8fc4-149d-40c0-897d-2844034d8141-impl-thread3] INFO  server.RaftServerConfigKeys (ConfUtils.java:logGet(62)) - raft.server.log.appender.buffer.byte-limit = 33554432 (custom)
2025-10-22 08:25:08,836 [40df8fc4-149d-40c0-897d-2844034d8141-impl-thread1] INFO  server.RaftServerConfigKeys (ConfUtils.java:logGet(62)) - raft.server.log.appender.buffer.byte-limit = 33554432 (custom)
2025-10-22 08:25:08,836 [40df8fc4-149d-40c0-897d-2844034d8141-impl-thread3] INFO  util.AwaitToRun (AwaitToRun.java:start(81)) - Thread[#2624,40df8fc4-149d-40c0-897d-2844034d8141@group-DD56FE3B4E76-cacheEviction-AwaitToRun,5,main] started
2025-10-22 08:25:08,836 [40df8fc4-149d-40c0-897d-2844034d8141-impl-thread3] INFO  segmented.SegmentedRaftLogWorker (SegmentedRaftLogWorker.java:<init>(190)) - new 40df8fc4-149d-40c0-897d-2844034d8141@group-DD56FE3B4E76-SegmentedRaftLogWorker for RaftStorageImpl:Storage Directory /home/runner/work/ozone/ozone/hadoop-ozone/integration-test/target/test-dir/MiniOzoneClusterImpl-a412b9f6-7d8b-4de3-a85c-9946bceaa3a0/ozone-metadata/datanode-3/ratis/c0547fc6-e5bf-43f2-a43a-dd56fe3b4e76
2025-10-22 08:25:08,836 [40df8fc4-149d-40c0-897d-2844034d8141-impl-thread3] INFO  server.RaftServerConfigKeys (ConfUtils.java:logGet(62)) - raft.server.log.queue.byte-limit = 4294967296 (custom)
2025-10-22 08:25:08,836 [40df8fc4-149d-40c0-897d-2844034d8141-impl-thread3] INFO  server.RaftServerConfigKeys (ConfUtils.java:logGet(62)) - raft.server.log.segment.size.max = 67108864 (custom)
2025-10-22 08:25:08,836 [40df8fc4-149d-40c0-897d-2844034d8141-impl-thread3] INFO  server.RaftServerConfigKeys (ConfUtils.java:logGet(62)) - raft.server.log.preallocated.size = 4194304 (custom)
2025-10-22 08:25:08,837 [40df8fc4-149d-40c0-897d-2844034d8141-impl-thread1] INFO  util.AwaitToRun (AwaitToRun.java:start(81)) - Thread[#2625,40df8fc4-149d-40c0-897d-2844034d8141@group-5E2F154B5BDB-cacheEviction-AwaitToRun,5,main] started
2025-10-22 08:25:08,837 [40df8fc4-149d-40c0-897d-2844034d8141-impl-thread1] INFO  segmented.SegmentedRaftLogWorker (SegmentedRaftLogWorker.java:<init>(190)) - new 40df8fc4-149d-40c0-897d-2844034d8141@group-5E2F154B5BDB-SegmentedRaftLogWorker for RaftStorageImpl:Storage Directory /home/runner/work/ozone/ozone/hadoop-ozone/integration-test/target/test-dir/MiniOzoneClusterImpl-a412b9f6-7d8b-4de3-a85c-9946bceaa3a0/ozone-metadata/datanode-3/ratis/991bfa6b-f7e5-4a03-b9a5-5e2f154b5bdb
2025-10-22 08:25:08,837 [40df8fc4-149d-40c0-897d-2844034d8141-impl-thread1] INFO  server.RaftServerConfigKeys (ConfUtils.java:logGet(62)) - raft.server.log.queue.byte-limit = 4294967296 (custom)
2025-10-22 08:25:08,837 [40df8fc4-149d-40c0-897d-2844034d8141-impl-thread1] INFO  server.RaftServerConfigKeys (ConfUtils.java:logGet(62)) - raft.server.log.segment.size.max = 67108864 (custom)
2025-10-22 08:25:08,837 [40df8fc4-149d-40c0-897d-2844034d8141-impl-thread1] INFO  server.RaftServerConfigKeys (ConfUtils.java:logGet(62)) - raft.server.log.preallocated.size = 4194304 (custom)
2025-10-22 08:25:08,837 [40df8fc4-149d-40c0-897d-2844034d8141-impl-thread1] INFO  server.RaftServerConfigKeys (ConfUtils.java:logGet(62)) - raft.server.log.write.buffer.size = 33554440 (custom)
2025-10-22 08:25:08,837 [40df8fc4-149d-40c0-897d-2844034d8141-impl-thread3] INFO  server.RaftServerConfigKeys (ConfUtils.java:logGet(62)) - raft.server.log.write.buffer.size = 33554440 (custom)
2025-10-22 08:25:08,842 [40df8fc4-149d-40c0-897d-2844034d8141-impl-thread2] INFO  server.RaftServerConfigKeys (ConfUtils.java:logGet(62)) - raft.server.log.appender.buffer.byte-limit = 33554432 (custom)
2025-10-22 08:25:08,843 [40df8fc4-149d-40c0-897d-2844034d8141-impl-thread3] INFO  server.RaftServerConfigKeys (ConfUtils.java:logGet(62)) - raft.server.log.appender.buffer.byte-limit = 33554432 (custom)
2025-10-22 08:25:08,843 [40df8fc4-149d-40c0-897d-2844034d8141-impl-thread2] INFO  server.RaftServer$Division (ServerState.java:setRaftConf(386)) - 40df8fc4-149d-40c0-897d-2844034d8141@group-C626CE820278: set configuration conf: {index: 0, cur=peers:[4d8a2798-959e-416b-b534-19c13b55a760|127.0.0.1:15023, 1c036820-4dbe-4abe-80fb-5ca88de5e2f0|127.0.0.1:15015, 40df8fc4-149d-40c0-897d-2844034d8141|127.0.0.1:15031]|listeners:[], old=null}
2025-10-22 08:25:08,843 [40df8fc4-149d-40c0-897d-2844034d8141-impl-thread1] INFO  server.RaftServerConfigKeys (ConfUtils.java:logGet(62)) - raft.server.log.appender.buffer.byte-limit = 33554432 (custom)
2025-10-22 08:25:08,843 [40df8fc4-149d-40c0-897d-2844034d8141-impl-thread3] INFO  server.RaftServer$Division (ServerState.java:setRaftConf(386)) - 40df8fc4-149d-40c0-897d-2844034d8141@group-DD56FE3B4E76: set configuration conf: {index: 0, cur=peers:[40df8fc4-149d-40c0-897d-2844034d8141|127.0.0.1:15031]|listeners:[], old=null}
2025-10-22 08:25:08,843 [40df8fc4-149d-40c0-897d-2844034d8141-impl-thread3] INFO  segmented.LogSegment (LogSegment.java:loadSegment(171)) - Successfully read 1 entries from segment file /home/runner/work/ozone/ozone/hadoop-ozone/integration-test/target/test-dir/MiniOzoneClusterImpl-a412b9f6-7d8b-4de3-a85c-9946bceaa3a0/ozone-metadata/datanode-3/ratis/c0547fc6-e5bf-43f2-a43a-dd56fe3b4e76/current/log_inprogress_0
2025-10-22 08:25:08,843 [40df8fc4-149d-40c0-897d-2844034d8141-impl-thread1] INFO  server.RaftServer$Division (ServerState.java:setRaftConf(386)) - 40df8fc4-149d-40c0-897d-2844034d8141@group-5E2F154B5BDB: set configuration conf: {index: 0, cur=peers:[4d8a2798-959e-416b-b534-19c13b55a760|127.0.0.1:15023, 1c036820-4dbe-4abe-80fb-5ca88de5e2f0|127.0.0.1:15015, 40df8fc4-149d-40c0-897d-2844034d8141|127.0.0.1:15031]|listeners:[], old=null}
2025-10-22 08:25:08,844 [40df8fc4-149d-40c0-897d-2844034d8141-impl-thread1] INFO  segmented.LogSegment (LogSegment.java:loadSegment(171)) - Successfully read 1 entries from segment file /home/runner/work/ozone/ozone/hadoop-ozone/integration-test/target/test-dir/MiniOzoneClusterImpl-a412b9f6-7d8b-4de3-a85c-9946bceaa3a0/ozone-metadata/datanode-3/ratis/991bfa6b-f7e5-4a03-b9a5-5e2f154b5bdb/current/log_0-0
2025-10-22 08:25:08,843 [40df8fc4-149d-40c0-897d-2844034d8141-impl-thread2] INFO  segmented.LogSegment (LogSegment.java:loadSegment(171)) - Successfully read 5 entries from segment file /home/runner/work/ozone/ozone/hadoop-ozone/integration-test/target/test-dir/MiniOzoneClusterImpl-a412b9f6-7d8b-4de3-a85c-9946bceaa3a0/ozone-metadata/datanode-3/ratis/28d7a56f-ff21-46bd-bc35-c626ce820278/current/log_inprogress_0
2025-10-22 08:25:08,844 [40df8fc4-149d-40c0-897d-2844034d8141-impl-thread2] INFO  segmented.SegmentedRaftLogWorker (SegmentedRaftLogWorker.java:lambda$new$0(141)) - 40df8fc4-149d-40c0-897d-2844034d8141@group-C626CE820278-SegmentedRaftLogWorker: flushIndex: setUnconditionally 0 -> 4
2025-10-22 08:25:08,844 [40df8fc4-149d-40c0-897d-2844034d8141-impl-thread2] INFO  segmented.SegmentedRaftLogWorker (SegmentedRaftLogWorker.java:lambda$new$0(141)) - 40df8fc4-149d-40c0-897d-2844034d8141@group-C626CE820278-SegmentedRaftLogWorker: safeCacheEvictIndex: setUnconditionally 0 -> -1
2025-10-22 08:25:08,844 [40df8fc4-149d-40c0-897d-2844034d8141-impl-thread1] INFO  server.RaftServer$Division (ServerState.java:setRaftConf(386)) - 40df8fc4-149d-40c0-897d-2844034d8141@group-5E2F154B5BDB: set configuration conf: {index: 1, cur=peers:[4d8a2798-959e-416b-b534-19c13b55a760|127.0.0.1:15023, 1c036820-4dbe-4abe-80fb-5ca88de5e2f0|127.0.0.1:15015, 40df8fc4-149d-40c0-897d-2844034d8141|127.0.0.1:15031]|listeners:[], old=null}
2025-10-22 08:25:08,843 [40df8fc4-149d-40c0-897d-2844034d8141-impl-thread3] INFO  segmented.SegmentedRaftLogWorker (SegmentedRaftLogWorker.java:lambda$new$0(141)) - 40df8fc4-149d-40c0-897d-2844034d8141@group-DD56FE3B4E76-SegmentedRaftLogWorker: safeCacheEvictIndex: setUnconditionally 0 -> -1
2025-10-22 08:25:08,844 [40df8fc4-149d-40c0-897d-2844034d8141-impl-thread1] INFO  segmented.LogSegment (LogSegment.java:loadSegment(171)) - Successfully read 2 entries from segment file /home/runner/work/ozone/ozone/hadoop-ozone/integration-test/target/test-dir/MiniOzoneClusterImpl-a412b9f6-7d8b-4de3-a85c-9946bceaa3a0/ozone-metadata/datanode-3/ratis/991bfa6b-f7e5-4a03-b9a5-5e2f154b5bdb/current/log_inprogress_1
2025-10-22 08:25:08,844 [40df8fc4-149d-40c0-897d-2844034d8141-impl-thread1] INFO  segmented.SegmentedRaftLogWorker (SegmentedRaftLogWorker.java:lambda$new$0(141)) - 40df8fc4-149d-40c0-897d-2844034d8141@group-5E2F154B5BDB-SegmentedRaftLogWorker: flushIndex: setUnconditionally 0 -> 2
2025-10-22 08:25:08,844 [40df8fc4-149d-40c0-897d-2844034d8141-impl-thread1] INFO  segmented.BufferedWriteChannel (BufferedWriteChannel.java:open(61)) - open log_inprogress_1 (append) at position 366
2025-10-22 08:25:08,844 [40df8fc4-149d-40c0-897d-2844034d8141-impl-thread2] INFO  segmented.BufferedWriteChannel (BufferedWriteChannel.java:open(61)) - open log_inprogress_0 (append) at position 1544
2025-10-22 08:25:08,844 [40df8fc4-149d-40c0-897d-2844034d8141-impl-thread3] INFO  segmented.BufferedWriteChannel (BufferedWriteChannel.java:open(61)) - open log_inprogress_0 (append) at position 129
2025-10-22 08:25:08,844 [40df8fc4-149d-40c0-897d-2844034d8141-impl-thread1] INFO  server.RaftServer$Division (RaftServerImpl.java:start(405)) - 40df8fc4-149d-40c0-897d-2844034d8141@group-5E2F154B5BDB: start as a follower, conf=conf: {index: 1, cur=peers:[4d8a2798-959e-416b-b534-19c13b55a760|127.0.0.1:15023, 1c036820-4dbe-4abe-80fb-5ca88de5e2f0|127.0.0.1:15015, 40df8fc4-149d-40c0-897d-2844034d8141|127.0.0.1:15031]|listeners:[], old=null}
2025-10-22 08:25:08,845 [40df8fc4-149d-40c0-897d-2844034d8141-impl-thread1] INFO  server.RaftServer$Division (RaftServerImpl.java:setRole(392)) - 40df8fc4-149d-40c0-897d-2844034d8141@group-5E2F154B5BDB: changes role from      null to FOLLOWER at term 2 for startAsFollower
2025-10-22 08:25:08,845 [40df8fc4-149d-40c0-897d-2844034d8141-impl-thread1] INFO  impl.RoleInfo (RoleInfo.java:updateAndGet(148)) - 40df8fc4-149d-40c0-897d-2844034d8141: start 40df8fc4-149d-40c0-897d-2844034d8141@group-5E2F154B5BDB-FollowerState
2025-10-22 08:25:08,845 [40df8fc4-149d-40c0-897d-2844034d8141-impl-thread3] INFO  server.RaftServer$Division (RaftServerImpl.java:start(405)) - 40df8fc4-149d-40c0-897d-2844034d8141@group-DD56FE3B4E76: start as a follower, conf=conf: {index: 0, cur=peers:[40df8fc4-149d-40c0-897d-2844034d8141|127.0.0.1:15031]|listeners:[], old=null}
2025-10-22 08:25:08,845 [40df8fc4-149d-40c0-897d-2844034d8141-impl-thread3] INFO  server.RaftServer$Division (RaftServerImpl.java:setRole(392)) - 40df8fc4-149d-40c0-897d-2844034d8141@group-DD56FE3B4E76: changes role from      null to FOLLOWER at term 1 for startAsFollower
2025-10-22 08:25:08,845 [40df8fc4-149d-40c0-897d-2844034d8141-impl-thread3] INFO  impl.RoleInfo (RoleInfo.java:updateAndGet(148)) - 40df8fc4-149d-40c0-897d-2844034d8141: start 40df8fc4-149d-40c0-897d-2844034d8141@group-DD56FE3B4E76-FollowerState
2025-10-22 08:25:08,845 [40df8fc4-149d-40c0-897d-2844034d8141-impl-thread2] INFO  server.RaftServer$Division (RaftServerImpl.java:start(405)) - 40df8fc4-149d-40c0-897d-2844034d8141@group-C626CE820278: start as a follower, conf=conf: {index: 0, cur=peers:[4d8a2798-959e-416b-b534-19c13b55a760|127.0.0.1:15023, 1c036820-4dbe-4abe-80fb-5ca88de5e2f0|127.0.0.1:15015, 40df8fc4-149d-40c0-897d-2844034d8141|127.0.0.1:15031]|listeners:[], old=null}
2025-10-22 08:25:08,845 [40df8fc4-149d-40c0-897d-2844034d8141-impl-thread3] INFO  util.JmxRegister (JmxRegister.java:tryRegister(44)) - Successfully registered JMX Bean with object name Ratis:service=RaftServer,group=group-DD56FE3B4E76,id=40df8fc4-149d-40c0-897d-2844034d8141
2025-10-22 08:25:08,845 [40df8fc4-149d-40c0-897d-2844034d8141-impl-thread3] INFO  util.JmxRegister (JmxRegister.java:register(58)) - register mxBean class org.apache.ratis.server.impl.RaftServerJmxAdapter as Ratis:service=RaftServer,group=group-DD56FE3B4E76,id=40df8fc4-149d-40c0-897d-2844034d8141
2025-10-22 08:25:08,845 [40df8fc4-149d-40c0-897d-2844034d8141-impl-thread1] INFO  util.JmxRegister (JmxRegister.java:tryRegister(44)) - Successfully registered JMX Bean with object name Ratis:service=RaftServer,group=group-5E2F154B5BDB,id=40df8fc4-149d-40c0-897d-2844034d8141
2025-10-22 08:25:08,845 [40df8fc4-149d-40c0-897d-2844034d8141-impl-thread1] INFO  util.JmxRegister (JmxRegister.java:register(58)) - register mxBean class org.apache.ratis.server.impl.RaftServerJmxAdapter as Ratis:service=RaftServer,group=group-5E2F154B5BDB,id=40df8fc4-149d-40c0-897d-2844034d8141
2025-10-22 08:25:08,845 [40df8fc4-149d-40c0-897d-2844034d8141-impl-thread2] INFO  server.RaftServer$Division (RaftServerImpl.java:setRole(392)) - 40df8fc4-149d-40c0-897d-2844034d8141@group-C626CE820278: changes role from      null to FOLLOWER at term 1 for startAsFollower
2025-10-22 08:25:08,846 [40df8fc4-149d-40c0-897d-2844034d8141-impl-thread2] INFO  impl.RoleInfo (RoleInfo.java:updateAndGet(148)) - 40df8fc4-149d-40c0-897d-2844034d8141: start 40df8fc4-149d-40c0-897d-2844034d8141@group-C626CE820278-FollowerState
2025-10-22 08:25:08,846 [40df8fc4-149d-40c0-897d-2844034d8141-impl-thread2] INFO  util.JmxRegister (JmxRegister.java:tryRegister(44)) - Successfully registered JMX Bean with object name Ratis:service=RaftServer,group=group-C626CE820278,id=40df8fc4-149d-40c0-897d-2844034d8141
2025-10-22 08:25:08,846 [40df8fc4-149d-40c0-897d-2844034d8141-impl-thread2] INFO  util.JmxRegister (JmxRegister.java:register(58)) - register mxBean class org.apache.ratis.server.impl.RaftServerJmxAdapter as Ratis:service=RaftServer,group=group-C626CE820278,id=40df8fc4-149d-40c0-897d-2844034d8141
2025-10-22 08:25:08,847 [40df8fc4-149d-40c0-897d-2844034d8141-impl-thread1] INFO  server.RaftServer$Division (RaftServerImpl.java:start(419)) - 40df8fc4-149d-40c0-897d-2844034d8141@group-5E2F154B5BDB: Successfully started.
2025-10-22 08:25:08,847 [40df8fc4-149d-40c0-897d-2844034d8141-impl-thread3] INFO  server.RaftServer$Division (RaftServerImpl.java:start(419)) - 40df8fc4-149d-40c0-897d-2844034d8141@group-DD56FE3B4E76: Successfully started.
2025-10-22 08:25:08,847 [40df8fc4-149d-40c0-897d-2844034d8141-impl-thread2] INFO  server.RaftServer$Division (RaftServerImpl.java:start(419)) - 40df8fc4-149d-40c0-897d-2844034d8141@group-C626CE820278: Successfully started.
2025-10-22 08:25:08,847 [40df8fc4-149d-40c0-897d-2844034d8141-EndpointStateMachineTaskThread-/0.0.0.0:15002-0 ] INFO  server.RaftServer (RaftServerProxy.java:startImpl(412)) - 40df8fc4-149d-40c0-897d-2844034d8141: start RPC server
2025-10-22 08:25:08,848 [40df8fc4-149d-40c0-897d-2844034d8141-EndpointStateMachineTaskThread-/0.0.0.0:15002-0 ] INFO  server.GrpcServicesImpl (GrpcServicesImpl.java:startImpl(346)) - 40df8fc4-149d-40c0-897d-2844034d8141: GrpcServicesImpl started, listening on 15029
2025-10-22 08:25:08,848 [40df8fc4-149d-40c0-897d-2844034d8141-EndpointStateMachineTaskThread-/0.0.0.0:15002-0 ] INFO  server.GrpcServicesImpl (GrpcServicesImpl.java:startImpl(346)) - 40df8fc4-149d-40c0-897d-2844034d8141: GrpcServicesImpl started, listening on 15031
2025-10-22 08:25:08,848 [40df8fc4-149d-40c0-897d-2844034d8141-EndpointStateMachineTaskThread-/0.0.0.0:15002-0 ] INFO  server.GrpcServicesImpl (GrpcServicesImpl.java:startImpl(346)) - 40df8fc4-149d-40c0-897d-2844034d8141: GrpcServicesImpl started, listening on 15030
2025-10-22 08:25:08,849 [JvmPauseMonitor16] INFO  util.JvmPauseMonitor (JvmPauseMonitor.java:run(146)) - JvmPauseMonitor-40df8fc4-149d-40c0-897d-2844034d8141: Started
2025-10-22 08:25:08,849 [40df8fc4-149d-40c0-897d-2844034d8141-EndpointStateMachineTaskThread-/0.0.0.0:15002-0 ] INFO  ratis.XceiverServerRatis (XceiverServerRatis.java:getRealPort(586)) - XceiverServerRatis(40df8fc4-149d-40c0-897d-2844034d8141) is started using port RATIS=15029
2025-10-22 08:25:08,849 [40df8fc4-149d-40c0-897d-2844034d8141-EndpointStateMachineTaskThread-/0.0.0.0:15002-0 ] INFO  ratis.XceiverServerRatis (XceiverServerRatis.java:getRealPort(586)) - XceiverServerRatis(40df8fc4-149d-40c0-897d-2844034d8141) is started using port RATIS_ADMIN=15030
2025-10-22 08:25:08,849 [40df8fc4-149d-40c0-897d-2844034d8141-EndpointStateMachineTaskThread-/0.0.0.0:15002-0 ] INFO  ratis.XceiverServerRatis (XceiverServerRatis.java:getRealPort(586)) - XceiverServerRatis(40df8fc4-149d-40c0-897d-2844034d8141) is started using port RATIS_SERVER=15031
2025-10-22 08:25:08,849 [40df8fc4-149d-40c0-897d-2844034d8141-EndpointStateMachineTaskThread-/0.0.0.0:15002-0 ] INFO  ratis.XceiverServerRatis (XceiverServerRatis.java:getRealPort(586)) - XceiverServerRatis(40df8fc4-149d-40c0-897d-2844034d8141) is started using port RATIS_DATASTREAM=15032
2025-10-22 08:25:08,849 [40df8fc4-149d-40c0-897d-2844034d8141-EndpointStateMachineTaskThread-/0.0.0.0:15002-0 ] INFO  utils.BackgroundService (BackgroundService.java:start(119)) - Starting service BlockDeletingService with interval 60000 milliseconds
2025-10-22 08:25:08,850 [40df8fc4-149d-40c0-897d-2844034d8141-EndpointStateMachineTaskThread-/0.0.0.0:15002-0 ] INFO  utils.BackgroundService (BackgroundService.java:start(119)) - Starting service StaleRecoveringContainerScrubbingService with interval 60000 milliseconds
2025-10-22 08:25:09,132 [1c036820-4dbe-4abe-80fb-5ca88de5e2f0@group-C626CE820278-FollowerState] INFO  impl.FollowerState (FollowerState.java:runImpl(161)) - 1c036820-4dbe-4abe-80fb-5ca88de5e2f0@group-C626CE820278-FollowerState: change to CANDIDATE, lastRpcElapsedTime:1148343085ns, electionTimeout:1148ms
2025-10-22 08:25:09,132 [1c036820-4dbe-4abe-80fb-5ca88de5e2f0@group-C626CE820278-FollowerState] INFO  impl.RoleInfo (RoleInfo.java:shutdownFollowerState(121)) - 1c036820-4dbe-4abe-80fb-5ca88de5e2f0: shutdown 1c036820-4dbe-4abe-80fb-5ca88de5e2f0@group-C626CE820278-FollowerState
2025-10-22 08:25:09,132 [1c036820-4dbe-4abe-80fb-5ca88de5e2f0@group-C626CE820278-FollowerState] INFO  server.RaftServer$Division (RaftServerImpl.java:setRole(392)) - 1c036820-4dbe-4abe-80fb-5ca88de5e2f0@group-C626CE820278: changes role from  FOLLOWER to CANDIDATE at term 1 for changeToCandidate
2025-10-22 08:25:09,132 [1c036820-4dbe-4abe-80fb-5ca88de5e2f0@group-C626CE820278-FollowerState] INFO  impl.RoleInfo (RoleInfo.java:updateAndGet(148)) - 1c036820-4dbe-4abe-80fb-5ca88de5e2f0: start 1c036820-4dbe-4abe-80fb-5ca88de5e2f0@group-C626CE820278-LeaderElection148
2025-10-22 08:25:09,133 [1c036820-4dbe-4abe-80fb-5ca88de5e2f0@group-C626CE820278-LeaderElection148] INFO  impl.LeaderElection (LeaderElection.java:askForVotes(448)) - 1c036820-4dbe-4abe-80fb-5ca88de5e2f0@group-C626CE820278-LeaderElection148 PRE_VOTE round 0: submit vote requests at term 1 for conf: {index: 0, cur=peers:[4d8a2798-959e-416b-b534-19c13b55a760|127.0.0.1:15023, 1c036820-4dbe-4abe-80fb-5ca88de5e2f0|127.0.0.1:15015, 40df8fc4-149d-40c0-897d-2844034d8141|127.0.0.1:15031]|listeners:[], old=null}
2025-10-22 08:25:09,133 [1c036820-4dbe-4abe-80fb-5ca88de5e2f0@group-C626CE820278-LeaderElection148] INFO  impl.LeaderElection (LogUtils.java:infoOrTrace(142)) - 1c036820-4dbe-4abe-80fb-5ca88de5e2f0@group-C626CE820278-LeaderElection148 got exception when requesting votes: java.util.concurrent.ExecutionException: org.apache.ratis.thirdparty.io.grpc.StatusRuntimeException: UNAVAILABLE: io exception
2025-10-22 08:25:09,133 [1c036820-4dbe-4abe-80fb-5ca88de5e2f0@group-C626CE820278-LeaderElection148] INFO  impl.LeaderElection (LogUtils.java:infoOrTrace(142)) - 1c036820-4dbe-4abe-80fb-5ca88de5e2f0@group-C626CE820278-LeaderElection148 got exception when requesting votes: java.util.concurrent.ExecutionException: org.apache.ratis.thirdparty.io.grpc.StatusRuntimeException: UNAVAILABLE: io exception
2025-10-22 08:25:09,133 [1c036820-4dbe-4abe-80fb-5ca88de5e2f0@group-C626CE820278-LeaderElection148] INFO  impl.LeaderElection (LeaderElection.java:logAndReturn(206)) - 1c036820-4dbe-4abe-80fb-5ca88de5e2f0@group-C626CE820278-LeaderElection148: PRE_VOTE REJECTED received 0 response(s) and 2 exception(s):
2025-10-22 08:25:09,134 [1c036820-4dbe-4abe-80fb-5ca88de5e2f0@group-C626CE820278-LeaderElection148] INFO  impl.LeaderElection (LogUtils.java:infoOrTrace(142)) -   Exception 0: java.util.concurrent.ExecutionException: org.apache.ratis.thirdparty.io.grpc.StatusRuntimeException: UNAVAILABLE: io exception
2025-10-22 08:25:09,134 [1c036820-4dbe-4abe-80fb-5ca88de5e2f0@group-C626CE820278-LeaderElection148] INFO  impl.LeaderElection (LogUtils.java:infoOrTrace(142)) -   Exception 1: java.util.concurrent.ExecutionException: org.apache.ratis.thirdparty.io.grpc.StatusRuntimeException: UNAVAILABLE: io exception
2025-10-22 08:25:09,134 [1c036820-4dbe-4abe-80fb-5ca88de5e2f0@group-C626CE820278-LeaderElection148] INFO  impl.LeaderElection (LeaderElection.java:askForVotes(450)) - 1c036820-4dbe-4abe-80fb-5ca88de5e2f0@group-C626CE820278-LeaderElection148 PRE_VOTE round 0: result REJECTED
2025-10-22 08:25:09,134 [1c036820-4dbe-4abe-80fb-5ca88de5e2f0@group-C626CE820278-LeaderElection148] INFO  server.RaftServer$Division (RaftServerImpl.java:setRole(392)) - 1c036820-4dbe-4abe-80fb-5ca88de5e2f0@group-C626CE820278: changes role from CANDIDATE to FOLLOWER at term 1 for REJECTED
2025-10-22 08:25:09,134 [1c036820-4dbe-4abe-80fb-5ca88de5e2f0@group-C626CE820278-LeaderElection148] INFO  impl.RoleInfo (RoleInfo.java:shutdownLeaderElection(141)) - 1c036820-4dbe-4abe-80fb-5ca88de5e2f0: shutdown 1c036820-4dbe-4abe-80fb-5ca88de5e2f0@group-C626CE820278-LeaderElection148
2025-10-22 08:25:09,134 [1c036820-4dbe-4abe-80fb-5ca88de5e2f0@group-C626CE820278-LeaderElection148] INFO  impl.RoleInfo (RoleInfo.java:updateAndGet(148)) - 1c036820-4dbe-4abe-80fb-5ca88de5e2f0: start 1c036820-4dbe-4abe-80fb-5ca88de5e2f0@group-C626CE820278-FollowerState
2025-10-22 08:25:09,375 [0cab5a7d-6f40-474c-9abd-0651cf30726e-impl-thread3] INFO  segmented.SegmentedRaftLogWorker (SegmentedRaftLogWorker.java:close(254)) - 0cab5a7d-6f40-474c-9abd-0651cf30726e@group-45121E95117A-SegmentedRaftLogWorker close()
2025-10-22 08:25:09,375 [0cab5a7d-6f40-474c-9abd-0651cf30726e-impl-thread3] INFO  ratis.ContainerStateMachine (ContainerStateMachine.java:notifyServerShutdown(1038)) - group-45121E95117A is closed by HddsDatanodeService
2025-10-22 08:25:09,398 [0cab5a7d-6f40-474c-9abd-0651cf30726e-impl-thread2] INFO  segmented.SegmentedRaftLogWorker (SegmentedRaftLogWorker.java:close(254)) - 0cab5a7d-6f40-474c-9abd-0651cf30726e@group-E8ADAFC04A7A-SegmentedRaftLogWorker close()
2025-10-22 08:25:09,399 [0cab5a7d-6f40-474c-9abd-0651cf30726e-impl-thread2] INFO  ratis.ContainerStateMachine (ContainerStateMachine.java:notifyServerShutdown(1038)) - group-E8ADAFC04A7A is closed by HddsDatanodeService
2025-10-22 08:25:09,399 [JvmPauseMonitor10] INFO  util.JvmPauseMonitor (JvmPauseMonitor.java:run(152)) - JvmPauseMonitor-0cab5a7d-6f40-474c-9abd-0651cf30726e: Stopped
2025-10-22 08:25:09,416 [1c036820-4dbe-4abe-80fb-5ca88de5e2f0@group-5E2F154B5BDB-FollowerState] INFO  impl.FollowerState (FollowerState.java:runImpl(161)) - 1c036820-4dbe-4abe-80fb-5ca88de5e2f0@group-5E2F154B5BDB-FollowerState: change to CANDIDATE, lastRpcElapsedTime:1150543154ns, electionTimeout:1150ms
2025-10-22 08:25:09,416 [1c036820-4dbe-4abe-80fb-5ca88de5e2f0@group-5E2F154B5BDB-FollowerState] INFO  impl.RoleInfo (RoleInfo.java:shutdownFollowerState(121)) - 1c036820-4dbe-4abe-80fb-5ca88de5e2f0: shutdown 1c036820-4dbe-4abe-80fb-5ca88de5e2f0@group-5E2F154B5BDB-FollowerState
2025-10-22 08:25:09,416 [1c036820-4dbe-4abe-80fb-5ca88de5e2f0@group-5E2F154B5BDB-FollowerState] INFO  server.RaftServer$Division (RaftServerImpl.java:setRole(392)) - 1c036820-4dbe-4abe-80fb-5ca88de5e2f0@group-5E2F154B5BDB: changes role from  FOLLOWER to CANDIDATE at term 2 for changeToCandidate
2025-10-22 08:25:09,416 [1c036820-4dbe-4abe-80fb-5ca88de5e2f0@group-5E2F154B5BDB-FollowerState] INFO  impl.RoleInfo (RoleInfo.java:updateAndGet(148)) - 1c036820-4dbe-4abe-80fb-5ca88de5e2f0: start 1c036820-4dbe-4abe-80fb-5ca88de5e2f0@group-5E2F154B5BDB-LeaderElection149
2025-10-22 08:25:09,417 [1c036820-4dbe-4abe-80fb-5ca88de5e2f0@group-5E2F154B5BDB-LeaderElection149] INFO  impl.LeaderElection (LeaderElection.java:askForVotes(448)) - 1c036820-4dbe-4abe-80fb-5ca88de5e2f0@group-5E2F154B5BDB-LeaderElection149 PRE_VOTE round 0: submit vote requests at term 2 for conf: {index: 1, cur=peers:[4d8a2798-959e-416b-b534-19c13b55a760|127.0.0.1:15023, 1c036820-4dbe-4abe-80fb-5ca88de5e2f0|127.0.0.1:15015, 40df8fc4-149d-40c0-897d-2844034d8141|127.0.0.1:15031]|listeners:[], old=null}
2025-10-22 08:25:09,417 [1c036820-4dbe-4abe-80fb-5ca88de5e2f0@group-5E2F154B5BDB-LeaderElection149] INFO  impl.LeaderElection (LogUtils.java:infoOrTrace(142)) - 1c036820-4dbe-4abe-80fb-5ca88de5e2f0@group-5E2F154B5BDB-LeaderElection149 got exception when requesting votes: java.util.concurrent.ExecutionException: org.apache.ratis.thirdparty.io.grpc.StatusRuntimeException: UNAVAILABLE: io exception
2025-10-22 08:25:09,417 [1c036820-4dbe-4abe-80fb-5ca88de5e2f0@group-5E2F154B5BDB-LeaderElection149] INFO  impl.LeaderElection (LogUtils.java:infoOrTrace(142)) - 1c036820-4dbe-4abe-80fb-5ca88de5e2f0@group-5E2F154B5BDB-LeaderElection149 got exception when requesting votes: java.util.concurrent.ExecutionException: org.apache.ratis.thirdparty.io.grpc.StatusRuntimeException: UNAVAILABLE: io exception
2025-10-22 08:25:09,417 [1c036820-4dbe-4abe-80fb-5ca88de5e2f0@group-5E2F154B5BDB-LeaderElection149] INFO  impl.LeaderElection (LeaderElection.java:logAndReturn(206)) - 1c036820-4dbe-4abe-80fb-5ca88de5e2f0@group-5E2F154B5BDB-LeaderElection149: PRE_VOTE REJECTED received 0 response(s) and 2 exception(s):
2025-10-22 08:25:09,417 [1c036820-4dbe-4abe-80fb-5ca88de5e2f0@group-5E2F154B5BDB-LeaderElection149] INFO  impl.LeaderElection (LogUtils.java:infoOrTrace(142)) -   Exception 0: java.util.concurrent.ExecutionException: org.apache.ratis.thirdparty.io.grpc.StatusRuntimeException: UNAVAILABLE: io exception
2025-10-22 08:25:09,417 [1c036820-4dbe-4abe-80fb-5ca88de5e2f0@group-5E2F154B5BDB-LeaderElection149] INFO  impl.LeaderElection (LogUtils.java:infoOrTrace(142)) -   Exception 1: java.util.concurrent.ExecutionException: org.apache.ratis.thirdparty.io.grpc.StatusRuntimeException: UNAVAILABLE: io exception
2025-10-22 08:25:09,417 [1c036820-4dbe-4abe-80fb-5ca88de5e2f0@group-5E2F154B5BDB-LeaderElection149] INFO  impl.LeaderElection (LeaderElection.java:askForVotes(450)) - 1c036820-4dbe-4abe-80fb-5ca88de5e2f0@group-5E2F154B5BDB-LeaderElection149 PRE_VOTE round 0: result REJECTED
2025-10-22 08:25:09,417 [1c036820-4dbe-4abe-80fb-5ca88de5e2f0@group-5E2F154B5BDB-LeaderElection149] INFO  server.RaftServer$Division (RaftServerImpl.java:setRole(392)) - 1c036820-4dbe-4abe-80fb-5ca88de5e2f0@group-5E2F154B5BDB: changes role from CANDIDATE to FOLLOWER at term 2 for REJECTED
2025-10-22 08:25:09,417 [1c036820-4dbe-4abe-80fb-5ca88de5e2f0@group-5E2F154B5BDB-LeaderElection149] INFO  impl.RoleInfo (RoleInfo.java:shutdownLeaderElection(141)) - 1c036820-4dbe-4abe-80fb-5ca88de5e2f0: shutdown 1c036820-4dbe-4abe-80fb-5ca88de5e2f0@group-5E2F154B5BDB-LeaderElection149
2025-10-22 08:25:09,417 [1c036820-4dbe-4abe-80fb-5ca88de5e2f0@group-5E2F154B5BDB-LeaderElection149] INFO  impl.RoleInfo (RoleInfo.java:updateAndGet(148)) - 1c036820-4dbe-4abe-80fb-5ca88de5e2f0: start 1c036820-4dbe-4abe-80fb-5ca88de5e2f0@group-5E2F154B5BDB-FollowerState
2025-10-22 08:25:09,573 [9d21e184-bccf-4583-95a7-0fe616dd3b4b@group-E8ADAFC04A7A-FollowerState] INFO  impl.FollowerState (FollowerState.java:runImpl(161)) - 9d21e184-bccf-4583-95a7-0fe616dd3b4b@group-E8ADAFC04A7A-FollowerState: change to CANDIDATE, lastRpcElapsedTime:1576236940ns, electionTimeout:1026ms
2025-10-22 08:25:09,573 [9d21e184-bccf-4583-95a7-0fe616dd3b4b@group-E8ADAFC04A7A-FollowerState] INFO  impl.RoleInfo (RoleInfo.java:shutdownFollowerState(121)) - 9d21e184-bccf-4583-95a7-0fe616dd3b4b: shutdown 9d21e184-bccf-4583-95a7-0fe616dd3b4b@group-E8ADAFC04A7A-FollowerState
2025-10-22 08:25:09,573 [9d21e184-bccf-4583-95a7-0fe616dd3b4b@group-E8ADAFC04A7A-FollowerState] INFO  server.RaftServer$Division (RaftServerImpl.java:setRole(392)) - 9d21e184-bccf-4583-95a7-0fe616dd3b4b@group-E8ADAFC04A7A: changes role from  FOLLOWER to CANDIDATE at term 1 for changeToCandidate
2025-10-22 08:25:09,573 [9d21e184-bccf-4583-95a7-0fe616dd3b4b@group-E8ADAFC04A7A-FollowerState] INFO  impl.RoleInfo (RoleInfo.java:updateAndGet(148)) - 9d21e184-bccf-4583-95a7-0fe616dd3b4b: start 9d21e184-bccf-4583-95a7-0fe616dd3b4b@group-E8ADAFC04A7A-LeaderElection150
2025-10-22 08:25:09,573 [9d21e184-bccf-4583-95a7-0fe616dd3b4b@group-E8ADAFC04A7A-LeaderElection150] INFO  server.RaftServer$Division (ServerState.java:setLeader(272)) - 9d21e184-bccf-4583-95a7-0fe616dd3b4b@group-E8ADAFC04A7A: change Leader from 0cab5a7d-6f40-474c-9abd-0651cf30726e to null at term 1 for PRE_VOTE
2025-10-22 08:25:09,573 [9d21e184-bccf-4583-95a7-0fe616dd3b4b@group-E8ADAFC04A7A-LeaderElection150] INFO  impl.LeaderElection (LeaderElection.java:askForVotes(448)) - 9d21e184-bccf-4583-95a7-0fe616dd3b4b@group-E8ADAFC04A7A-LeaderElection150 PRE_VOTE round 0: submit vote requests at term 1 for conf: {index: 0, cur=peers:[9d21e184-bccf-4583-95a7-0fe616dd3b4b|127.0.0.1:15079, 8aba082c-257b-43e3-ba61-5d436c5b38fa|127.0.0.1:15063, 0cab5a7d-6f40-474c-9abd-0651cf30726e|127.0.0.1:15071]|listeners:[], old=null}
2025-10-22 08:25:09,574 [9d21e184-bccf-4583-95a7-0fe616dd3b4b@group-E8ADAFC04A7A-LeaderElection150-1] INFO  server.GrpcServerProtocolClient (GrpcServerProtocolClient.java:<init>(65)) - Build channel for 8aba082c-257b-43e3-ba61-5d436c5b38fa|127.0.0.1:15063
2025-10-22 08:25:09,574 [9d21e184-bccf-4583-95a7-0fe616dd3b4b@group-E8ADAFC04A7A-LeaderElection150-2] INFO  server.GrpcServerProtocolClient (GrpcServerProtocolClient.java:<init>(65)) - Build channel for 0cab5a7d-6f40-474c-9abd-0651cf30726e|127.0.0.1:15071
2025-10-22 08:25:09,576 [9d21e184-bccf-4583-95a7-0fe616dd3b4b@group-E8ADAFC04A7A-LeaderElection150] INFO  impl.LeaderElection (LogUtils.java:infoOrTrace(142)) - 9d21e184-bccf-4583-95a7-0fe616dd3b4b@group-E8ADAFC04A7A-LeaderElection150 got exception when requesting votes: java.util.concurrent.ExecutionException: org.apache.ratis.thirdparty.io.grpc.StatusRuntimeException: UNAVAILABLE: io exception
2025-10-22 08:25:09,578 [grpc-default-executor-5] INFO  server.RaftServer$Division (RaftServerImpl.java:requestVote(1421)) - 8aba082c-257b-43e3-ba61-5d436c5b38fa@group-E8ADAFC04A7A: receive requestVote(PRE_VOTE, 9d21e184-bccf-4583-95a7-0fe616dd3b4b, group-E8ADAFC04A7A, 1, (t:1, i:6))
2025-10-22 08:25:09,578 [grpc-default-executor-5] INFO  impl.VoteContext (VoteContext.java:log(49)) - 8aba082c-257b-43e3-ba61-5d436c5b38fa@group-E8ADAFC04A7A-FOLLOWER: accept PRE_VOTE from 9d21e184-bccf-4583-95a7-0fe616dd3b4b: our priority 0 <= candidate's priority 0
2025-10-22 08:25:09,578 [grpc-default-executor-5] INFO  server.RaftServer$Division (RaftServerImpl.java:requestVote(1455)) - 8aba082c-257b-43e3-ba61-5d436c5b38fa@group-E8ADAFC04A7A replies to PRE_VOTE vote request: 9d21e184-bccf-4583-95a7-0fe616dd3b4b<-8aba082c-257b-43e3-ba61-5d436c5b38fa#0:OK-t1-last:(t:1, i:6). Peer's state: 8aba082c-257b-43e3-ba61-5d436c5b38fa@group-E8ADAFC04A7A:t1, leader=0cab5a7d-6f40-474c-9abd-0651cf30726e, voted=0cab5a7d-6f40-474c-9abd-0651cf30726e, raftlog=Memoized:8aba082c-257b-43e3-ba61-5d436c5b38fa@group-E8ADAFC04A7A-SegmentedRaftLog:OPENED:c6:last(t:1, i:6), conf=conf: {index: 0, cur=peers:[9d21e184-bccf-4583-95a7-0fe616dd3b4b|127.0.0.1:15079, 8aba082c-257b-43e3-ba61-5d436c5b38fa|127.0.0.1:15063, 0cab5a7d-6f40-474c-9abd-0651cf30726e|127.0.0.1:15071]|listeners:[], old=null}
2025-10-22 08:25:09,579 [9d21e184-bccf-4583-95a7-0fe616dd3b4b@group-E8ADAFC04A7A-LeaderElection150] INFO  impl.LeaderElection (LeaderElection.java:logAndReturn(206)) - 9d21e184-bccf-4583-95a7-0fe616dd3b4b@group-E8ADAFC04A7A-LeaderElection150: PRE_VOTE PASSED received 1 response(s) and 1 exception(s):
2025-10-22 08:25:09,579 [9d21e184-bccf-4583-95a7-0fe616dd3b4b@group-E8ADAFC04A7A-LeaderElection150] INFO  impl.LeaderElection (LeaderElection.java:logAndReturn(210)) -   Response 0: 9d21e184-bccf-4583-95a7-0fe616dd3b4b<-8aba082c-257b-43e3-ba61-5d436c5b38fa#0:OK-t1-last:(t:1, i:6)
2025-10-22 08:25:09,579 [9d21e184-bccf-4583-95a7-0fe616dd3b4b@group-E8ADAFC04A7A-LeaderElection150] INFO  impl.LeaderElection (LogUtils.java:infoOrTrace(142)) -   Exception 1: java.util.concurrent.ExecutionException: org.apache.ratis.thirdparty.io.grpc.StatusRuntimeException: UNAVAILABLE: io exception
2025-10-22 08:25:09,579 [9d21e184-bccf-4583-95a7-0fe616dd3b4b@group-E8ADAFC04A7A-LeaderElection150] INFO  impl.LeaderElection (LeaderElection.java:askForVotes(450)) - 9d21e184-bccf-4583-95a7-0fe616dd3b4b@group-E8ADAFC04A7A-LeaderElection150 PRE_VOTE round 0: result PASSED
2025-10-22 08:25:09,580 [9d21e184-bccf-4583-95a7-0fe616dd3b4b@group-E8ADAFC04A7A-LeaderElection150] INFO  impl.LeaderElection (LeaderElection.java:askForVotes(448)) - 9d21e184-bccf-4583-95a7-0fe616dd3b4b@group-E8ADAFC04A7A-LeaderElection150 ELECTION round 0: submit vote requests at term 2 for conf: {index: 0, cur=peers:[9d21e184-bccf-4583-95a7-0fe616dd3b4b|127.0.0.1:15079, 8aba082c-257b-43e3-ba61-5d436c5b38fa|127.0.0.1:15063, 0cab5a7d-6f40-474c-9abd-0651cf30726e|127.0.0.1:15071]|listeners:[], old=null}
2025-10-22 08:25:09,581 [9d21e184-bccf-4583-95a7-0fe616dd3b4b@group-E8ADAFC04A7A-LeaderElection150] INFO  impl.LeaderElection (LogUtils.java:infoOrTrace(142)) - 9d21e184-bccf-4583-95a7-0fe616dd3b4b@group-E8ADAFC04A7A-LeaderElection150 got exception when requesting votes: java.util.concurrent.ExecutionException: org.apache.ratis.thirdparty.io.grpc.StatusRuntimeException: UNAVAILABLE: io exception
2025-10-22 08:25:09,581 [grpc-default-executor-5] INFO  server.RaftServer$Division (RaftServerImpl.java:requestVote(1421)) - 8aba082c-257b-43e3-ba61-5d436c5b38fa@group-E8ADAFC04A7A: receive requestVote(ELECTION, 9d21e184-bccf-4583-95a7-0fe616dd3b4b, group-E8ADAFC04A7A, 2, (t:1, i:6))
2025-10-22 08:25:09,581 [grpc-default-executor-5] INFO  impl.VoteContext (VoteContext.java:log(49)) - 8aba082c-257b-43e3-ba61-5d436c5b38fa@group-E8ADAFC04A7A-FOLLOWER: accept ELECTION from 9d21e184-bccf-4583-95a7-0fe616dd3b4b: our priority 0 <= candidate's priority 0
2025-10-22 08:25:09,581 [grpc-default-executor-5] INFO  server.RaftServer$Division (RaftServerImpl.java:setRole(392)) - 8aba082c-257b-43e3-ba61-5d436c5b38fa@group-E8ADAFC04A7A: changes role from  FOLLOWER to FOLLOWER at term 1 for candidate:9d21e184-bccf-4583-95a7-0fe616dd3b4b
2025-10-22 08:25:09,581 [grpc-default-executor-5] INFO  impl.RoleInfo (RoleInfo.java:shutdownFollowerState(121)) - 8aba082c-257b-43e3-ba61-5d436c5b38fa: shutdown 8aba082c-257b-43e3-ba61-5d436c5b38fa@group-E8ADAFC04A7A-FollowerState
2025-10-22 08:25:09,581 [grpc-default-executor-5] INFO  server.RaftServer$Division (ServerState.java:setLeader(272)) - 8aba082c-257b-43e3-ba61-5d436c5b38fa@group-E8ADAFC04A7A: change Leader from 0cab5a7d-6f40-474c-9abd-0651cf30726e to null at term 2 for updateCurrentTerm
2025-10-22 08:25:09,581 [grpc-default-executor-5] INFO  impl.RoleInfo (RoleInfo.java:updateAndGet(148)) - 8aba082c-257b-43e3-ba61-5d436c5b38fa: start 8aba082c-257b-43e3-ba61-5d436c5b38fa@group-E8ADAFC04A7A-FollowerState
2025-10-22 08:25:09,582 [8aba082c-257b-43e3-ba61-5d436c5b38fa@group-E8ADAFC04A7A-FollowerState] INFO  impl.FollowerState (FollowerState.java:runImpl(170)) - 8aba082c-257b-43e3-ba61-5d436c5b38fa@group-E8ADAFC04A7A-FollowerState was interrupted
2025-10-22 08:25:09,582 [grpc-default-executor-5] INFO  server.RaftServer$Division (RaftServerImpl.java:requestVote(1455)) - 8aba082c-257b-43e3-ba61-5d436c5b38fa@group-E8ADAFC04A7A replies to ELECTION vote request: 9d21e184-bccf-4583-95a7-0fe616dd3b4b<-8aba082c-257b-43e3-ba61-5d436c5b38fa#0:OK-t2-last:(t:1, i:6). Peer's state: 8aba082c-257b-43e3-ba61-5d436c5b38fa@group-E8ADAFC04A7A:t2, leader=null, voted=9d21e184-bccf-4583-95a7-0fe616dd3b4b, raftlog=Memoized:8aba082c-257b-43e3-ba61-5d436c5b38fa@group-E8ADAFC04A7A-SegmentedRaftLog:OPENED:c6:last(t:1, i:6), conf=conf: {index: 0, cur=peers:[9d21e184-bccf-4583-95a7-0fe616dd3b4b|127.0.0.1:15079, 8aba082c-257b-43e3-ba61-5d436c5b38fa|127.0.0.1:15063, 0cab5a7d-6f40-474c-9abd-0651cf30726e|127.0.0.1:15071]|listeners:[], old=null}
2025-10-22 08:25:09,583 [9d21e184-bccf-4583-95a7-0fe616dd3b4b@group-E8ADAFC04A7A-LeaderElection150] INFO  impl.LeaderElection (LeaderElection.java:logAndReturn(206)) - 9d21e184-bccf-4583-95a7-0fe616dd3b4b@group-E8ADAFC04A7A-LeaderElection150: ELECTION PASSED received 1 response(s) and 1 exception(s):
2025-10-22 08:25:09,583 [9d21e184-bccf-4583-95a7-0fe616dd3b4b@group-E8ADAFC04A7A-LeaderElection150] INFO  impl.LeaderElection (LeaderElection.java:logAndReturn(210)) -   Response 0: 9d21e184-bccf-4583-95a7-0fe616dd3b4b<-8aba082c-257b-43e3-ba61-5d436c5b38fa#0:OK-t2-last:(t:1, i:6)
2025-10-22 08:25:09,583 [9d21e184-bccf-4583-95a7-0fe616dd3b4b@group-E8ADAFC04A7A-LeaderElection150] INFO  impl.LeaderElection (LogUtils.java:infoOrTrace(142)) -   Exception 1: java.util.concurrent.ExecutionException: org.apache.ratis.thirdparty.io.grpc.StatusRuntimeException: UNAVAILABLE: io exception
2025-10-22 08:25:09,583 [9d21e184-bccf-4583-95a7-0fe616dd3b4b@group-E8ADAFC04A7A-LeaderElection150] INFO  impl.LeaderElection (LeaderElection.java:askForVotes(450)) - 9d21e184-bccf-4583-95a7-0fe616dd3b4b@group-E8ADAFC04A7A-LeaderElection150 ELECTION round 0: result PASSED
2025-10-22 08:25:09,583 [9d21e184-bccf-4583-95a7-0fe616dd3b4b@group-E8ADAFC04A7A-LeaderElection150] INFO  impl.RoleInfo (RoleInfo.java:shutdownLeaderElection(141)) - 9d21e184-bccf-4583-95a7-0fe616dd3b4b: shutdown 9d21e184-bccf-4583-95a7-0fe616dd3b4b@group-E8ADAFC04A7A-LeaderElection150
2025-10-22 08:25:09,583 [9d21e184-bccf-4583-95a7-0fe616dd3b4b@group-E8ADAFC04A7A-LeaderElection150] INFO  server.RaftServer$Division (RaftServerImpl.java:setRole(392)) - 9d21e184-bccf-4583-95a7-0fe616dd3b4b@group-E8ADAFC04A7A: changes role from CANDIDATE to LEADER at term 2 for changeToLeader
2025-10-22 08:25:09,583 [9d21e184-bccf-4583-95a7-0fe616dd3b4b@group-E8ADAFC04A7A-LeaderElection150] INFO  server.RaftServerConfigKeys (ConfUtils.java:logFallback(69)) - raft.server.staging.timeout = 3600ms (fallback to raft.server.rpc.timeout.max)
2025-10-22 08:25:09,584 [9d21e184-bccf-4583-95a7-0fe616dd3b4b@group-E8ADAFC04A7A-LeaderElection150] INFO  server.RaftServerConfigKeys (ConfUtils.java:logGet(62)) - raft.server.write.byte-limit = 1024 M (=1073741824) (custom)
2025-10-22 08:25:09,585 [9d21e184-bccf-4583-95a7-0fe616dd3b4b@group-E8ADAFC04A7A-LeaderElection150] INFO  server.RaftServerConfigKeys (ConfUtils.java:logGet(62)) - raft.server.log.appender.buffer.byte-limit = 33554432 (custom)
2025-10-22 08:25:09,585 [9d21e184-bccf-4583-95a7-0fe616dd3b4b@group-E8ADAFC04A7A-LeaderElection150] INFO  server.RaftServerConfigKeys (ConfUtils.java:logGet(62)) - raft.server.log.appender.buffer.byte-limit = 33554432 (custom)
2025-10-22 08:25:09,586 [9d21e184-bccf-4583-95a7-0fe616dd3b4b@group-E8ADAFC04A7A-LeaderElection150] INFO  impl.RoleInfo (RoleInfo.java:updateAndGet(148)) - 9d21e184-bccf-4583-95a7-0fe616dd3b4b: start 9d21e184-bccf-4583-95a7-0fe616dd3b4b@group-E8ADAFC04A7A-LeaderStateImpl
2025-10-22 08:25:09,586 [9d21e184-bccf-4583-95a7-0fe616dd3b4b@group-E8ADAFC04A7A-LeaderElection150] INFO  ratis.XceiverServerRatis (XceiverServerRatis.java:handleLeaderChangedNotification(940)) - Leader change notification received for group: group-E8ADAFC04A7A with new leaderId: 9d21e184-bccf-4583-95a7-0fe616dd3b4b
2025-10-22 08:25:09,586 [9d21e184-bccf-4583-95a7-0fe616dd3b4b@group-E8ADAFC04A7A-LeaderElection150] INFO  server.RaftServer$Division (ServerState.java:setLeader(272)) - 9d21e184-bccf-4583-95a7-0fe616dd3b4b@group-E8ADAFC04A7A: change Leader from null to 9d21e184-bccf-4583-95a7-0fe616dd3b4b at term 2 for becomeLeader, leader elected after 12ms
2025-10-22 08:25:09,586 [9d21e184-bccf-4583-95a7-0fe616dd3b4b@group-E8ADAFC04A7A-LeaderElection150] INFO  segmented.SegmentedRaftLogWorker (SegmentedRaftLogWorker.java:rollLogSegment(445)) - 9d21e184-bccf-4583-95a7-0fe616dd3b4b@group-E8ADAFC04A7A-SegmentedRaftLogWorker: Rolling segment log-0_6 to index:6
2025-10-22 08:25:09,587 [9d21e184-bccf-4583-95a7-0fe616dd3b4b@group-E8ADAFC04A7A-LeaderElection150] INFO  server.RaftServer$Division (ServerState.java:setRaftConf(386)) - 9d21e184-bccf-4583-95a7-0fe616dd3b4b@group-E8ADAFC04A7A: set configuration conf: {index: 7, cur=peers:[9d21e184-bccf-4583-95a7-0fe616dd3b4b|127.0.0.1:15079, 8aba082c-257b-43e3-ba61-5d436c5b38fa|127.0.0.1:15063, 0cab5a7d-6f40-474c-9abd-0651cf30726e|127.0.0.1:15071]|listeners:[], old=null}
2025-10-22 08:25:09,588 [9d21e184-bccf-4583-95a7-0fe616dd3b4b@group-E8ADAFC04A7A-SegmentedRaftLogWorker] INFO  segmented.SegmentedRaftLogWorker (SegmentedRaftLogWorker.java:execute(604)) - 9d21e184-bccf-4583-95a7-0fe616dd3b4b@group-E8ADAFC04A7A-SegmentedRaftLogWorker: Rolled log segment from /home/runner/work/ozone/ozone/hadoop-ozone/integration-test/target/test-dir/MiniOzoneClusterImpl-a412b9f6-7d8b-4de3-a85c-9946bceaa3a0/ozone-metadata/datanode-9/ratis/daae6601-de49-4157-b371-e8adafc04a7a/current/log_inprogress_0 to /home/runner/work/ozone/ozone/hadoop-ozone/integration-test/target/test-dir/MiniOzoneClusterImpl-a412b9f6-7d8b-4de3-a85c-9946bceaa3a0/ozone-metadata/datanode-9/ratis/daae6601-de49-4157-b371-e8adafc04a7a/current/log_0-6
2025-10-22 08:25:09,588 [9d21e184-bccf-4583-95a7-0fe616dd3b4b@group-E8ADAFC04A7A-SegmentedRaftLogWorker] INFO  segmented.BufferedWriteChannel (BufferedWriteChannel.java:open(61)) - open log_inprogress_7 at position 0
2025-10-22 08:25:09,589 [grpc-default-executor-0] WARN  server.GrpcLogAppender (LogUtils.java:warn(127)) - 9d21e184-bccf-4583-95a7-0fe616dd3b4b@group-E8ADAFC04A7A->0cab5a7d-6f40-474c-9abd-0651cf30726e-AppendLogResponseHandler: Failed appendEntries: org.apache.ratis.thirdparty.io.grpc.StatusRuntimeException: UNAVAILABLE: io exception
  Caused by: org.apache.ratis.thirdparty.io.netty.channel.AbstractChannel$AnnotatedConnectException: finishConnect(..) failed: Connection refused: /127.0.0.1:15071
  Caused by: java.net.ConnectException: finishConnect(..) failed: Connection refused
2025-10-22 08:25:09,589 [grpc-default-executor-0] WARN  server.GrpcLogAppender (GrpcLogAppender.java:lambda$resetClient$1(228)) - 9d21e184-bccf-4583-95a7-0fe616dd3b4b@group-E8ADAFC04A7A->0cab5a7d-6f40-474c-9abd-0651cf30726e-GrpcLogAppender: Follower failed (request=null, errorCount=1); keep nextIndex (7) unchanged and retry.
2025-10-22 08:25:09,593 [grpc-default-executor-5] INFO  ratis.XceiverServerRatis (XceiverServerRatis.java:handleLeaderChangedNotification(940)) - Leader change notification received for group: group-E8ADAFC04A7A with new leaderId: 9d21e184-bccf-4583-95a7-0fe616dd3b4b
2025-10-22 08:25:09,593 [grpc-default-executor-5] INFO  server.RaftServer$Division (ServerState.java:setLeader(272)) - 8aba082c-257b-43e3-ba61-5d436c5b38fa@group-E8ADAFC04A7A: change Leader from null to 9d21e184-bccf-4583-95a7-0fe616dd3b4b at term 2 for appendEntries, leader elected after 11ms
2025-10-22 08:25:09,594 [9d21e184-bccf-4583-95a7-0fe616dd3b4b@group-E8ADAFC04A7A-SegmentedRaftLogWorker] INFO  segmented.SegmentedRaftLogWorker (SegmentedRaftLogWorker.java:execute(647)) - 9d21e184-bccf-4583-95a7-0fe616dd3b4b@group-E8ADAFC04A7A-SegmentedRaftLogWorker: created new log segment /home/runner/work/ozone/ozone/hadoop-ozone/integration-test/target/test-dir/MiniOzoneClusterImpl-a412b9f6-7d8b-4de3-a85c-9946bceaa3a0/ozone-metadata/datanode-9/ratis/daae6601-de49-4157-b371-e8adafc04a7a/current/log_inprogress_7
2025-10-22 08:25:09,595 [grpc-default-executor-5] INFO  server.RaftServer$Division (ServerState.java:setRaftConf(386)) - 8aba082c-257b-43e3-ba61-5d436c5b38fa@group-E8ADAFC04A7A: set configuration conf: {index: 7, cur=peers:[9d21e184-bccf-4583-95a7-0fe616dd3b4b|127.0.0.1:15079, 8aba082c-257b-43e3-ba61-5d436c5b38fa|127.0.0.1:15063, 0cab5a7d-6f40-474c-9abd-0651cf30726e|127.0.0.1:15071]|listeners:[], old=null}
2025-10-22 08:25:09,595 [grpc-default-executor-5] INFO  segmented.SegmentedRaftLogWorker (SegmentedRaftLogWorker.java:rollLogSegment(445)) - 8aba082c-257b-43e3-ba61-5d436c5b38fa@group-E8ADAFC04A7A-SegmentedRaftLogWorker: Rolling segment log-0_6 to index:6
2025-10-22 08:25:09,596 [8aba082c-257b-43e3-ba61-5d436c5b38fa@group-E8ADAFC04A7A-SegmentedRaftLogWorker] INFO  segmented.SegmentedRaftLogWorker (SegmentedRaftLogWorker.java:execute(604)) - 8aba082c-257b-43e3-ba61-5d436c5b38fa@group-E8ADAFC04A7A-SegmentedRaftLogWorker: Rolled log segment from /home/runner/work/ozone/ozone/hadoop-ozone/integration-test/target/test-dir/MiniOzoneClusterImpl-a412b9f6-7d8b-4de3-a85c-9946bceaa3a0/ozone-metadata/datanode-7/ratis/daae6601-de49-4157-b371-e8adafc04a7a/current/log_inprogress_0 to /home/runner/work/ozone/ozone/hadoop-ozone/integration-test/target/test-dir/MiniOzoneClusterImpl-a412b9f6-7d8b-4de3-a85c-9946bceaa3a0/ozone-metadata/datanode-7/ratis/daae6601-de49-4157-b371-e8adafc04a7a/current/log_0-6
2025-10-22 08:25:09,596 [8aba082c-257b-43e3-ba61-5d436c5b38fa@group-E8ADAFC04A7A-SegmentedRaftLogWorker] INFO  segmented.BufferedWriteChannel (BufferedWriteChannel.java:open(61)) - open log_inprogress_7 at position 0
2025-10-22 08:25:09,602 [8aba082c-257b-43e3-ba61-5d436c5b38fa@group-E8ADAFC04A7A-SegmentedRaftLogWorker] INFO  segmented.SegmentedRaftLogWorker (SegmentedRaftLogWorker.java:execute(647)) - 8aba082c-257b-43e3-ba61-5d436c5b38fa@group-E8ADAFC04A7A-SegmentedRaftLogWorker: created new log segment /home/runner/work/ozone/ozone/hadoop-ozone/integration-test/target/test-dir/MiniOzoneClusterImpl-a412b9f6-7d8b-4de3-a85c-9946bceaa3a0/ozone-metadata/datanode-7/ratis/daae6601-de49-4157-b371-e8adafc04a7a/current/log_inprogress_7
2025-10-22 08:25:09,604 [grpc-default-executor-2] WARN  server.GrpcLogAppender (GrpcLogAppender.java:lambda$resetClient$1(228)) - 9d21e184-bccf-4583-95a7-0fe616dd3b4b@group-E8ADAFC04A7A->0cab5a7d-6f40-474c-9abd-0651cf30726e-GrpcLogAppender: Follower failed (request=null, errorCount=5); keep nextIndex (9) unchanged and retry.
2025-10-22 08:25:09,605 [9d21e184-bccf-4583-95a7-0fe616dd3b4b@group-E8ADAFC04A7A-StateMachineUpdater] INFO  server.RaftServer$Division (LeaderStateImpl.java:checkStartIndex(309)) - Leader 9d21e184-bccf-4583-95a7-0fe616dd3b4b@group-E8ADAFC04A7A-LeaderStateImpl is ready since appliedIndex == startIndex == 7
2025-10-22 08:25:09,621 [4d8a2798-959e-416b-b534-19c13b55a760@group-C626CE820278-FollowerState] INFO  impl.FollowerState (FollowerState.java:runImpl(161)) - 4d8a2798-959e-416b-b534-19c13b55a760@group-C626CE820278-FollowerState: change to CANDIDATE, lastRpcElapsedTime:1057692798ns, electionTimeout:1057ms
2025-10-22 08:25:09,621 [4d8a2798-959e-416b-b534-19c13b55a760@group-C626CE820278-FollowerState] INFO  impl.RoleInfo (RoleInfo.java:shutdownFollowerState(121)) - 4d8a2798-959e-416b-b534-19c13b55a760: shutdown 4d8a2798-959e-416b-b534-19c13b55a760@group-C626CE820278-FollowerState
2025-10-22 08:25:09,622 [4d8a2798-959e-416b-b534-19c13b55a760@group-C626CE820278-FollowerState] INFO  server.RaftServer$Division (RaftServerImpl.java:setRole(392)) - 4d8a2798-959e-416b-b534-19c13b55a760@group-C626CE820278: changes role from  FOLLOWER to CANDIDATE at term 1 for changeToCandidate
2025-10-22 08:25:09,622 [4d8a2798-959e-416b-b534-19c13b55a760@group-C626CE820278-FollowerState] INFO  impl.RoleInfo (RoleInfo.java:updateAndGet(148)) - 4d8a2798-959e-416b-b534-19c13b55a760: start 4d8a2798-959e-416b-b534-19c13b55a760@group-C626CE820278-LeaderElection151
2025-10-22 08:25:09,622 [4d8a2798-959e-416b-b534-19c13b55a760@group-C626CE820278-LeaderElection151] INFO  impl.LeaderElection (LeaderElection.java:askForVotes(448)) - 4d8a2798-959e-416b-b534-19c13b55a760@group-C626CE820278-LeaderElection151 PRE_VOTE round 0: submit vote requests at term 1 for conf: {index: 0, cur=peers:[4d8a2798-959e-416b-b534-19c13b55a760|127.0.0.1:15023, 1c036820-4dbe-4abe-80fb-5ca88de5e2f0|127.0.0.1:15015, 40df8fc4-149d-40c0-897d-2844034d8141|127.0.0.1:15031]|listeners:[], old=null}
2025-10-22 08:25:09,622 [4d8a2798-959e-416b-b534-19c13b55a760@group-C626CE820278-LeaderElection151-1] INFO  server.GrpcServerProtocolClient (GrpcServerProtocolClient.java:<init>(65)) - Build channel for 1c036820-4dbe-4abe-80fb-5ca88de5e2f0|127.0.0.1:15015
2025-10-22 08:25:09,622 [4d8a2798-959e-416b-b534-19c13b55a760@group-C626CE820278-LeaderElection151-2] INFO  server.GrpcServerProtocolClient (GrpcServerProtocolClient.java:<init>(65)) - Build channel for 40df8fc4-149d-40c0-897d-2844034d8141|127.0.0.1:15031
2025-10-22 08:25:09,625 [grpc-default-executor-2] INFO  server.RaftServer$Division (RaftServerImpl.java:requestVote(1421)) - 1c036820-4dbe-4abe-80fb-5ca88de5e2f0@group-C626CE820278: receive requestVote(PRE_VOTE, 4d8a2798-959e-416b-b534-19c13b55a760, group-C626CE820278, 1, (t:1, i:4))
2025-10-22 08:25:09,625 [grpc-default-executor-2] INFO  impl.VoteContext (VoteContext.java:log(49)) - 1c036820-4dbe-4abe-80fb-5ca88de5e2f0@group-C626CE820278-FOLLOWER: accept PRE_VOTE from 4d8a2798-959e-416b-b534-19c13b55a760: our priority 0 <= candidate's priority 0
2025-10-22 08:25:09,626 [grpc-default-executor-2] INFO  server.RaftServer$Division (RaftServerImpl.java:requestVote(1455)) - 1c036820-4dbe-4abe-80fb-5ca88de5e2f0@group-C626CE820278 replies to PRE_VOTE vote request: 4d8a2798-959e-416b-b534-19c13b55a760<-1c036820-4dbe-4abe-80fb-5ca88de5e2f0#0:OK-t1-last:(t:1, i:4). Peer's state: 1c036820-4dbe-4abe-80fb-5ca88de5e2f0@group-C626CE820278:t1, leader=null, voted=40df8fc4-149d-40c0-897d-2844034d8141, raftlog=Memoized:1c036820-4dbe-4abe-80fb-5ca88de5e2f0@group-C626CE820278-SegmentedRaftLog:OPENED:c4:last(t:1, i:4), conf=conf: {index: 0, cur=peers:[4d8a2798-959e-416b-b534-19c13b55a760|127.0.0.1:15023, 1c036820-4dbe-4abe-80fb-5ca88de5e2f0|127.0.0.1:15015, 40df8fc4-149d-40c0-897d-2844034d8141|127.0.0.1:15031]|listeners:[], old=null}
2025-10-22 08:25:09,625 [grpc-default-executor-5] INFO  server.RaftServer$Division (RaftServerImpl.java:requestVote(1421)) - 40df8fc4-149d-40c0-897d-2844034d8141@group-C626CE820278: receive requestVote(PRE_VOTE, 4d8a2798-959e-416b-b534-19c13b55a760, group-C626CE820278, 1, (t:1, i:4))
2025-10-22 08:25:09,626 [grpc-default-executor-5] INFO  impl.VoteContext (VoteContext.java:log(49)) - 40df8fc4-149d-40c0-897d-2844034d8141@group-C626CE820278-FOLLOWER: reject PRE_VOTE from 4d8a2798-959e-416b-b534-19c13b55a760: our priority 1 > candidate's priority 0
2025-10-22 08:25:09,626 [grpc-default-executor-5] INFO  server.RaftServer$Division (RaftServerImpl.java:requestVote(1455)) - 40df8fc4-149d-40c0-897d-2844034d8141@group-C626CE820278 replies to PRE_VOTE vote request: 4d8a2798-959e-416b-b534-19c13b55a760<-40df8fc4-149d-40c0-897d-2844034d8141#0:FAIL-t1-last:(t:1, i:4). Peer's state: 40df8fc4-149d-40c0-897d-2844034d8141@group-C626CE820278:t1, leader=null, voted=40df8fc4-149d-40c0-897d-2844034d8141, raftlog=Memoized:40df8fc4-149d-40c0-897d-2844034d8141@group-C626CE820278-SegmentedRaftLog:OPENED:c4:last(t:1, i:4), conf=conf: {index: 0, cur=peers:[4d8a2798-959e-416b-b534-19c13b55a760|127.0.0.1:15023, 1c036820-4dbe-4abe-80fb-5ca88de5e2f0|127.0.0.1:15015, 40df8fc4-149d-40c0-897d-2844034d8141|127.0.0.1:15031]|listeners:[], old=null}
2025-10-22 08:25:09,626 [4d8a2798-959e-416b-b534-19c13b55a760@group-C080F8B16968-FollowerState] INFO  impl.FollowerState (FollowerState.java:runImpl(161)) - 4d8a2798-959e-416b-b534-19c13b55a760@group-C080F8B16968-FollowerState: change to CANDIDATE, lastRpcElapsedTime:1062481172ns, electionTimeout:1062ms
2025-10-22 08:25:09,627 [4d8a2798-959e-416b-b534-19c13b55a760@group-C080F8B16968-FollowerState] INFO  impl.RoleInfo (RoleInfo.java:shutdownFollowerState(121)) - 4d8a2798-959e-416b-b534-19c13b55a760: shutdown 4d8a2798-959e-416b-b534-19c13b55a760@group-C080F8B16968-FollowerState
2025-10-22 08:25:09,627 [4d8a2798-959e-416b-b534-19c13b55a760@group-C080F8B16968-FollowerState] INFO  server.RaftServer$Division (RaftServerImpl.java:setRole(392)) - 4d8a2798-959e-416b-b534-19c13b55a760@group-C080F8B16968: changes role from  FOLLOWER to CANDIDATE at term 2 for changeToCandidate
2025-10-22 08:25:09,627 [4d8a2798-959e-416b-b534-19c13b55a760@group-C080F8B16968-FollowerState] INFO  impl.RoleInfo (RoleInfo.java:updateAndGet(148)) - 4d8a2798-959e-416b-b534-19c13b55a760: start 4d8a2798-959e-416b-b534-19c13b55a760@group-C080F8B16968-LeaderElection152
2025-10-22 08:25:09,627 [4d8a2798-959e-416b-b534-19c13b55a760@group-C080F8B16968-LeaderElection152] INFO  impl.LeaderElection (LeaderElection.java:askForVotes(448)) - 4d8a2798-959e-416b-b534-19c13b55a760@group-C080F8B16968-LeaderElection152 PRE_VOTE round 0: submit vote requests at term 2 for conf: {index: 1, cur=peers:[4d8a2798-959e-416b-b534-19c13b55a760|127.0.0.1:15023]|listeners:[], old=null}
2025-10-22 08:25:09,627 [4d8a2798-959e-416b-b534-19c13b55a760@group-C080F8B16968-LeaderElection152] INFO  impl.LeaderElection (LeaderElection.java:askForVotes(450)) - 4d8a2798-959e-416b-b534-19c13b55a760@group-C080F8B16968-LeaderElection152 PRE_VOTE round 0: result PASSED (term=2)
2025-10-22 08:25:09,627 [4d8a2798-959e-416b-b534-19c13b55a760@group-C626CE820278-LeaderElection151] INFO  impl.LeaderElection (LeaderElection.java:logAndReturn(206)) - 4d8a2798-959e-416b-b534-19c13b55a760@group-C626CE820278-LeaderElection151: PRE_VOTE REJECTED received 2 response(s) and 0 exception(s):
2025-10-22 08:25:09,628 [4d8a2798-959e-416b-b534-19c13b55a760@group-C626CE820278-LeaderElection151] INFO  impl.LeaderElection (LeaderElection.java:logAndReturn(210)) -   Response 0: 4d8a2798-959e-416b-b534-19c13b55a760<-1c036820-4dbe-4abe-80fb-5ca88de5e2f0#0:OK-t1-last:(t:1, i:4)
2025-10-22 08:25:09,628 [4d8a2798-959e-416b-b534-19c13b55a760@group-C626CE820278-LeaderElection151] INFO  impl.LeaderElection (LeaderElection.java:logAndReturn(210)) -   Response 1: 4d8a2798-959e-416b-b534-19c13b55a760<-40df8fc4-149d-40c0-897d-2844034d8141#0:FAIL-t1-last:(t:1, i:4)
2025-10-22 08:25:09,628 [4d8a2798-959e-416b-b534-19c13b55a760@group-C626CE820278-LeaderElection151] INFO  impl.LeaderElection (LeaderElection.java:askForVotes(450)) - 4d8a2798-959e-416b-b534-19c13b55a760@group-C626CE820278-LeaderElection151 PRE_VOTE round 0: result REJECTED
2025-10-22 08:25:09,628 [4d8a2798-959e-416b-b534-19c13b55a760@group-C626CE820278-LeaderElection151] INFO  server.RaftServer$Division (RaftServerImpl.java:setRole(392)) - 4d8a2798-959e-416b-b534-19c13b55a760@group-C626CE820278: changes role from CANDIDATE to FOLLOWER at term 1 for REJECTED
2025-10-22 08:25:09,628 [4d8a2798-959e-416b-b534-19c13b55a760@group-C626CE820278-LeaderElection151] INFO  impl.RoleInfo (RoleInfo.java:shutdownLeaderElection(141)) - 4d8a2798-959e-416b-b534-19c13b55a760: shutdown 4d8a2798-959e-416b-b534-19c13b55a760@group-C626CE820278-LeaderElection151
2025-10-22 08:25:09,628 [4d8a2798-959e-416b-b534-19c13b55a760@group-C626CE820278-LeaderElection151] INFO  impl.RoleInfo (RoleInfo.java:updateAndGet(148)) - 4d8a2798-959e-416b-b534-19c13b55a760: start 4d8a2798-959e-416b-b534-19c13b55a760@group-C626CE820278-FollowerState
2025-10-22 08:25:09,628 [4d8a2798-959e-416b-b534-19c13b55a760@group-C626CE820278-LeaderElection151] INFO  server.RaftServer$Division (RaftServerImpl.java:setFirstElection(576)) - 4d8a2798-959e-416b-b534-19c13b55a760@group-C626CE820278: set firstElectionSinceStartup to false for REJECTED
2025-10-22 08:25:09,629 [4d8a2798-959e-416b-b534-19c13b55a760@group-C080F8B16968-LeaderElection152] INFO  impl.LeaderElection (LeaderElection.java:askForVotes(448)) - 4d8a2798-959e-416b-b534-19c13b55a760@group-C080F8B16968-LeaderElection152 ELECTION round 0: submit vote requests at term 3 for conf: {index: 1, cur=peers:[4d8a2798-959e-416b-b534-19c13b55a760|127.0.0.1:15023]|listeners:[], old=null}
2025-10-22 08:25:09,629 [4d8a2798-959e-416b-b534-19c13b55a760@group-C080F8B16968-LeaderElection152] INFO  impl.LeaderElection (LeaderElection.java:askForVotes(450)) - 4d8a2798-959e-416b-b534-19c13b55a760@group-C080F8B16968-LeaderElection152 ELECTION round 0: result PASSED (term=3)
2025-10-22 08:25:09,629 [4d8a2798-959e-416b-b534-19c13b55a760@group-C080F8B16968-LeaderElection152] INFO  impl.RoleInfo (RoleInfo.java:shutdownLeaderElection(141)) - 4d8a2798-959e-416b-b534-19c13b55a760: shutdown 4d8a2798-959e-416b-b534-19c13b55a760@group-C080F8B16968-LeaderElection152
2025-10-22 08:25:09,629 [4d8a2798-959e-416b-b534-19c13b55a760@group-C080F8B16968-LeaderElection152] INFO  server.RaftServer$Division (RaftServerImpl.java:setRole(392)) - 4d8a2798-959e-416b-b534-19c13b55a760@group-C080F8B16968: changes role from CANDIDATE to LEADER at term 3 for changeToLeader
2025-10-22 08:25:09,629 [4d8a2798-959e-416b-b534-19c13b55a760@group-C080F8B16968-LeaderElection152] INFO  server.RaftServerConfigKeys (ConfUtils.java:logFallback(69)) - raft.server.staging.timeout = 3600ms (fallback to raft.server.rpc.timeout.max)
2025-10-22 08:25:09,629 [4d8a2798-959e-416b-b534-19c13b55a760@group-C080F8B16968-LeaderElection152] INFO  server.RaftServerConfigKeys (ConfUtils.java:logGet(62)) - raft.server.write.byte-limit = 1024 M (=1073741824) (custom)
2025-10-22 08:25:09,630 [4d8a2798-959e-416b-b534-19c13b55a760@group-C080F8B16968-LeaderElection152] INFO  impl.RoleInfo (RoleInfo.java:updateAndGet(148)) - 4d8a2798-959e-416b-b534-19c13b55a760: start 4d8a2798-959e-416b-b534-19c13b55a760@group-C080F8B16968-LeaderStateImpl
2025-10-22 08:25:09,630 [4d8a2798-959e-416b-b534-19c13b55a760@group-C080F8B16968-LeaderElection152] INFO  server.RaftServer$Division (RaftServerImpl.java:setFirstElection(576)) - 4d8a2798-959e-416b-b534-19c13b55a760@group-C080F8B16968: set firstElectionSinceStartup to false for becomeLeader
2025-10-22 08:25:09,630 [4d8a2798-959e-416b-b534-19c13b55a760@group-C080F8B16968-LeaderElection152] INFO  ratis.XceiverServerRatis (XceiverServerRatis.java:handleLeaderChangedNotification(940)) - Leader change notification received for group: group-C080F8B16968 with new leaderId: 4d8a2798-959e-416b-b534-19c13b55a760
2025-10-22 08:25:09,630 [4d8a2798-959e-416b-b534-19c13b55a760@group-C080F8B16968-LeaderElection152] INFO  server.RaftServer$Division (ServerState.java:setLeader(272)) - 4d8a2798-959e-416b-b534-19c13b55a760@group-C080F8B16968: change Leader from null to 4d8a2798-959e-416b-b534-19c13b55a760 at term 3 for becomeLeader, leader elected after 1784ms
2025-10-22 08:25:09,630 [4d8a2798-959e-416b-b534-19c13b55a760@group-C080F8B16968-LeaderElection152] INFO  segmented.SegmentedRaftLogWorker (SegmentedRaftLogWorker.java:rollLogSegment(445)) - 4d8a2798-959e-416b-b534-19c13b55a760@group-C080F8B16968-SegmentedRaftLogWorker: Rolling segment log-1_2 to index:2
2025-10-22 08:25:09,631 [4d8a2798-959e-416b-b534-19c13b55a760@group-C080F8B16968-SegmentedRaftLogWorker] INFO  segmented.SegmentedRaftLogWorker (SegmentedRaftLogWorker.java:execute(604)) - 4d8a2798-959e-416b-b534-19c13b55a760@group-C080F8B16968-SegmentedRaftLogWorker: Rolled log segment from /home/runner/work/ozone/ozone/hadoop-ozone/integration-test/target/test-dir/MiniOzoneClusterImpl-a412b9f6-7d8b-4de3-a85c-9946bceaa3a0/ozone-metadata/datanode-2/ratis/0ab6beb1-ecd4-4a22-8092-c080f8b16968/current/log_inprogress_1 to /home/runner/work/ozone/ozone/hadoop-ozone/integration-test/target/test-dir/MiniOzoneClusterImpl-a412b9f6-7d8b-4de3-a85c-9946bceaa3a0/ozone-metadata/datanode-2/ratis/0ab6beb1-ecd4-4a22-8092-c080f8b16968/current/log_1-2
2025-10-22 08:25:09,631 [4d8a2798-959e-416b-b534-19c13b55a760@group-C080F8B16968-SegmentedRaftLogWorker] INFO  segmented.BufferedWriteChannel (BufferedWriteChannel.java:open(61)) - open log_inprogress_3 at position 0
2025-10-22 08:25:09,631 [4d8a2798-959e-416b-b534-19c13b55a760@group-C080F8B16968-LeaderElection152] INFO  server.RaftServer$Division (ServerState.java:setRaftConf(386)) - 4d8a2798-959e-416b-b534-19c13b55a760@group-C080F8B16968: set configuration conf: {index: 3, cur=peers:[4d8a2798-959e-416b-b534-19c13b55a760|127.0.0.1:15023]|listeners:[], old=null}
2025-10-22 08:25:09,637 [4d8a2798-959e-416b-b534-19c13b55a760@group-C080F8B16968-SegmentedRaftLogWorker] INFO  segmented.SegmentedRaftLogWorker (SegmentedRaftLogWorker.java:execute(647)) - 4d8a2798-959e-416b-b534-19c13b55a760@group-C080F8B16968-SegmentedRaftLogWorker: created new log segment /home/runner/work/ozone/ozone/hadoop-ozone/integration-test/target/test-dir/MiniOzoneClusterImpl-a412b9f6-7d8b-4de3-a85c-9946bceaa3a0/ozone-metadata/datanode-2/ratis/0ab6beb1-ecd4-4a22-8092-c080f8b16968/current/log_inprogress_3
2025-10-22 08:25:09,638 [4d8a2798-959e-416b-b534-19c13b55a760@group-C080F8B16968-StateMachineUpdater] INFO  server.RaftServer$Division (LeaderStateImpl.java:checkStartIndex(309)) - Leader 4d8a2798-959e-416b-b534-19c13b55a760@group-C080F8B16968-LeaderStateImpl is ready since appliedIndex == startIndex == 3
2025-10-22 08:25:09,745 [4d8a2798-959e-416b-b534-19c13b55a760@group-5E2F154B5BDB-FollowerState] INFO  impl.FollowerState (FollowerState.java:runImpl(161)) - 4d8a2798-959e-416b-b534-19c13b55a760@group-5E2F154B5BDB-FollowerState: change to CANDIDATE, lastRpcElapsedTime:1184280603ns, electionTimeout:1183ms
2025-10-22 08:25:09,745 [4d8a2798-959e-416b-b534-19c13b55a760@group-5E2F154B5BDB-FollowerState] INFO  impl.RoleInfo (RoleInfo.java:shutdownFollowerState(121)) - 4d8a2798-959e-416b-b534-19c13b55a760: shutdown 4d8a2798-959e-416b-b534-19c13b55a760@group-5E2F154B5BDB-FollowerState
2025-10-22 08:25:09,745 [4d8a2798-959e-416b-b534-19c13b55a760@group-5E2F154B5BDB-FollowerState] INFO  server.RaftServer$Division (RaftServerImpl.java:setRole(392)) - 4d8a2798-959e-416b-b534-19c13b55a760@group-5E2F154B5BDB: changes role from  FOLLOWER to CANDIDATE at term 2 for changeToCandidate
2025-10-22 08:25:09,745 [4d8a2798-959e-416b-b534-19c13b55a760@group-5E2F154B5BDB-FollowerState] INFO  impl.RoleInfo (RoleInfo.java:updateAndGet(148)) - 4d8a2798-959e-416b-b534-19c13b55a760: start 4d8a2798-959e-416b-b534-19c13b55a760@group-5E2F154B5BDB-LeaderElection153
2025-10-22 08:25:09,746 [4d8a2798-959e-416b-b534-19c13b55a760@group-5E2F154B5BDB-LeaderElection153] INFO  impl.LeaderElection (LeaderElection.java:askForVotes(448)) - 4d8a2798-959e-416b-b534-19c13b55a760@group-5E2F154B5BDB-LeaderElection153 PRE_VOTE round 0: submit vote requests at term 2 for conf: {index: 1, cur=peers:[4d8a2798-959e-416b-b534-19c13b55a760|127.0.0.1:15023, 1c036820-4dbe-4abe-80fb-5ca88de5e2f0|127.0.0.1:15015, 40df8fc4-149d-40c0-897d-2844034d8141|127.0.0.1:15031]|listeners:[], old=null}
2025-10-22 08:25:09,747 [grpc-default-executor-5] INFO  server.RaftServer$Division (RaftServerImpl.java:requestVote(1421)) - 1c036820-4dbe-4abe-80fb-5ca88de5e2f0@group-5E2F154B5BDB: receive requestVote(PRE_VOTE, 4d8a2798-959e-416b-b534-19c13b55a760, group-5E2F154B5BDB, 2, (t:2, i:2))
2025-10-22 08:25:09,747 [grpc-default-executor-2] INFO  server.RaftServer$Division (RaftServerImpl.java:requestVote(1421)) - 40df8fc4-149d-40c0-897d-2844034d8141@group-5E2F154B5BDB: receive requestVote(PRE_VOTE, 4d8a2798-959e-416b-b534-19c13b55a760, group-5E2F154B5BDB, 2, (t:2, i:2))
2025-10-22 08:25:09,747 [grpc-default-executor-5] INFO  impl.VoteContext (VoteContext.java:log(49)) - 1c036820-4dbe-4abe-80fb-5ca88de5e2f0@group-5E2F154B5BDB-FOLLOWER: reject PRE_VOTE from 4d8a2798-959e-416b-b534-19c13b55a760: our priority 1 > candidate's priority 0
2025-10-22 08:25:09,747 [grpc-default-executor-2] INFO  impl.VoteContext (VoteContext.java:log(49)) - 40df8fc4-149d-40c0-897d-2844034d8141@group-5E2F154B5BDB-FOLLOWER: accept PRE_VOTE from 4d8a2798-959e-416b-b534-19c13b55a760: our priority 0 <= candidate's priority 0
2025-10-22 08:25:09,747 [grpc-default-executor-5] INFO  server.RaftServer$Division (RaftServerImpl.java:requestVote(1455)) - 1c036820-4dbe-4abe-80fb-5ca88de5e2f0@group-5E2F154B5BDB replies to PRE_VOTE vote request: 4d8a2798-959e-416b-b534-19c13b55a760<-1c036820-4dbe-4abe-80fb-5ca88de5e2f0#0:FAIL-t2-last:(t:2, i:2). Peer's state: 1c036820-4dbe-4abe-80fb-5ca88de5e2f0@group-5E2F154B5BDB:t2, leader=null, voted=1c036820-4dbe-4abe-80fb-5ca88de5e2f0, raftlog=Memoized:1c036820-4dbe-4abe-80fb-5ca88de5e2f0@group-5E2F154B5BDB-SegmentedRaftLog:OPENED:c2:last(t:2, i:2), conf=conf: {index: 1, cur=peers:[4d8a2798-959e-416b-b534-19c13b55a760|127.0.0.1:15023, 1c036820-4dbe-4abe-80fb-5ca88de5e2f0|127.0.0.1:15015, 40df8fc4-149d-40c0-897d-2844034d8141|127.0.0.1:15031]|listeners:[], old=null}
2025-10-22 08:25:09,747 [grpc-default-executor-2] INFO  server.RaftServer$Division (RaftServerImpl.java:requestVote(1455)) - 40df8fc4-149d-40c0-897d-2844034d8141@group-5E2F154B5BDB replies to PRE_VOTE vote request: 4d8a2798-959e-416b-b534-19c13b55a760<-40df8fc4-149d-40c0-897d-2844034d8141#0:OK-t2-last:(t:2, i:2). Peer's state: 40df8fc4-149d-40c0-897d-2844034d8141@group-5E2F154B5BDB:t2, leader=null, voted=1c036820-4dbe-4abe-80fb-5ca88de5e2f0, raftlog=Memoized:40df8fc4-149d-40c0-897d-2844034d8141@group-5E2F154B5BDB-SegmentedRaftLog:OPENED:c2:last(t:2, i:2), conf=conf: {index: 1, cur=peers:[4d8a2798-959e-416b-b534-19c13b55a760|127.0.0.1:15023, 1c036820-4dbe-4abe-80fb-5ca88de5e2f0|127.0.0.1:15015, 40df8fc4-149d-40c0-897d-2844034d8141|127.0.0.1:15031]|listeners:[], old=null}
2025-10-22 08:25:09,748 [4d8a2798-959e-416b-b534-19c13b55a760@group-5E2F154B5BDB-LeaderElection153] INFO  impl.LeaderElection (LeaderElection.java:logAndReturn(206)) - 4d8a2798-959e-416b-b534-19c13b55a760@group-5E2F154B5BDB-LeaderElection153: PRE_VOTE REJECTED received 2 response(s) and 0 exception(s):
2025-10-22 08:25:09,748 [4d8a2798-959e-416b-b534-19c13b55a760@group-5E2F154B5BDB-LeaderElection153] INFO  impl.LeaderElection (LeaderElection.java:logAndReturn(210)) -   Response 0: 4d8a2798-959e-416b-b534-19c13b55a760<-1c036820-4dbe-4abe-80fb-5ca88de5e2f0#0:FAIL-t2-last:(t:2, i:2)
2025-10-22 08:25:09,748 [4d8a2798-959e-416b-b534-19c13b55a760@group-5E2F154B5BDB-LeaderElection153] INFO  impl.LeaderElection (LeaderElection.java:logAndReturn(210)) -   Response 1: 4d8a2798-959e-416b-b534-19c13b55a760<-40df8fc4-149d-40c0-897d-2844034d8141#0:OK-t2-last:(t:2, i:2)
2025-10-22 08:25:09,748 [4d8a2798-959e-416b-b534-19c13b55a760@group-5E2F154B5BDB-LeaderElection153] INFO  impl.LeaderElection (LeaderElection.java:askForVotes(450)) - 4d8a2798-959e-416b-b534-19c13b55a760@group-5E2F154B5BDB-LeaderElection153 PRE_VOTE round 0: result REJECTED
2025-10-22 08:25:09,748 [4d8a2798-959e-416b-b534-19c13b55a760@group-5E2F154B5BDB-LeaderElection153] INFO  server.RaftServer$Division (RaftServerImpl.java:setRole(392)) - 4d8a2798-959e-416b-b534-19c13b55a760@group-5E2F154B5BDB: changes role from CANDIDATE to FOLLOWER at term 2 for REJECTED
2025-10-22 08:25:09,748 [4d8a2798-959e-416b-b534-19c13b55a760@group-5E2F154B5BDB-LeaderElection153] INFO  impl.RoleInfo (RoleInfo.java:shutdownLeaderElection(141)) - 4d8a2798-959e-416b-b534-19c13b55a760: shutdown 4d8a2798-959e-416b-b534-19c13b55a760@group-5E2F154B5BDB-LeaderElection153
2025-10-22 08:25:09,748 [4d8a2798-959e-416b-b534-19c13b55a760@group-5E2F154B5BDB-LeaderElection153] INFO  impl.RoleInfo (RoleInfo.java:updateAndGet(148)) - 4d8a2798-959e-416b-b534-19c13b55a760: start 4d8a2798-959e-416b-b534-19c13b55a760@group-5E2F154B5BDB-FollowerState
2025-10-22 08:25:09,748 [4d8a2798-959e-416b-b534-19c13b55a760@group-5E2F154B5BDB-LeaderElection153] INFO  server.RaftServer$Division (RaftServerImpl.java:setFirstElection(576)) - 4d8a2798-959e-416b-b534-19c13b55a760@group-5E2F154B5BDB: set firstElectionSinceStartup to false for REJECTED
2025-10-22 08:25:09,925 [40df8fc4-149d-40c0-897d-2844034d8141@group-DD56FE3B4E76-FollowerState] INFO  impl.FollowerState (FollowerState.java:runImpl(161)) - 40df8fc4-149d-40c0-897d-2844034d8141@group-DD56FE3B4E76-FollowerState: change to CANDIDATE, lastRpcElapsedTime:1080366391ns, electionTimeout:1080ms
2025-10-22 08:25:09,925 [40df8fc4-149d-40c0-897d-2844034d8141@group-DD56FE3B4E76-FollowerState] INFO  impl.RoleInfo (RoleInfo.java:shutdownFollowerState(121)) - 40df8fc4-149d-40c0-897d-2844034d8141: shutdown 40df8fc4-149d-40c0-897d-2844034d8141@group-DD56FE3B4E76-FollowerState
2025-10-22 08:25:09,925 [40df8fc4-149d-40c0-897d-2844034d8141@group-DD56FE3B4E76-FollowerState] INFO  server.RaftServer$Division (RaftServerImpl.java:setRole(392)) - 40df8fc4-149d-40c0-897d-2844034d8141@group-DD56FE3B4E76: changes role from  FOLLOWER to CANDIDATE at term 1 for changeToCandidate
2025-10-22 08:25:09,925 [40df8fc4-149d-40c0-897d-2844034d8141@group-DD56FE3B4E76-FollowerState] INFO  impl.RoleInfo (RoleInfo.java:updateAndGet(148)) - 40df8fc4-149d-40c0-897d-2844034d8141: start 40df8fc4-149d-40c0-897d-2844034d8141@group-DD56FE3B4E76-LeaderElection154
2025-10-22 08:25:09,926 [40df8fc4-149d-40c0-897d-2844034d8141@group-DD56FE3B4E76-LeaderElection154] INFO  impl.LeaderElection (LeaderElection.java:askForVotes(448)) - 40df8fc4-149d-40c0-897d-2844034d8141@group-DD56FE3B4E76-LeaderElection154 PRE_VOTE round 0: submit vote requests at term 1 for conf: {index: 0, cur=peers:[40df8fc4-149d-40c0-897d-2844034d8141|127.0.0.1:15031]|listeners:[], old=null}
2025-10-22 08:25:09,926 [40df8fc4-149d-40c0-897d-2844034d8141@group-DD56FE3B4E76-LeaderElection154] INFO  impl.LeaderElection (LeaderElection.java:askForVotes(450)) - 40df8fc4-149d-40c0-897d-2844034d8141@group-DD56FE3B4E76-LeaderElection154 PRE_VOTE round 0: result PASSED (term=1)
2025-10-22 08:25:09,927 [40df8fc4-149d-40c0-897d-2844034d8141@group-DD56FE3B4E76-LeaderElection154] INFO  impl.LeaderElection (LeaderElection.java:askForVotes(448)) - 40df8fc4-149d-40c0-897d-2844034d8141@group-DD56FE3B4E76-LeaderElection154 ELECTION round 0: submit vote requests at term 2 for conf: {index: 0, cur=peers:[40df8fc4-149d-40c0-897d-2844034d8141|127.0.0.1:15031]|listeners:[], old=null}
2025-10-22 08:25:09,927 [40df8fc4-149d-40c0-897d-2844034d8141@group-DD56FE3B4E76-LeaderElection154] INFO  impl.LeaderElection (LeaderElection.java:askForVotes(450)) - 40df8fc4-149d-40c0-897d-2844034d8141@group-DD56FE3B4E76-LeaderElection154 ELECTION round 0: result PASSED (term=2)
2025-10-22 08:25:09,927 [40df8fc4-149d-40c0-897d-2844034d8141@group-DD56FE3B4E76-LeaderElection154] INFO  impl.RoleInfo (RoleInfo.java:shutdownLeaderElection(141)) - 40df8fc4-149d-40c0-897d-2844034d8141: shutdown 40df8fc4-149d-40c0-897d-2844034d8141@group-DD56FE3B4E76-LeaderElection154
2025-10-22 08:25:09,927 [40df8fc4-149d-40c0-897d-2844034d8141@group-DD56FE3B4E76-LeaderElection154] INFO  server.RaftServer$Division (RaftServerImpl.java:setRole(392)) - 40df8fc4-149d-40c0-897d-2844034d8141@group-DD56FE3B4E76: changes role from CANDIDATE to LEADER at term 2 for changeToLeader
2025-10-22 08:25:09,927 [40df8fc4-149d-40c0-897d-2844034d8141@group-DD56FE3B4E76-LeaderElection154] INFO  server.RaftServerConfigKeys (ConfUtils.java:logFallback(69)) - raft.server.staging.timeout = 3600ms (fallback to raft.server.rpc.timeout.max)
2025-10-22 08:25:09,927 [40df8fc4-149d-40c0-897d-2844034d8141@group-DD56FE3B4E76-LeaderElection154] INFO  server.RaftServerConfigKeys (ConfUtils.java:logGet(62)) - raft.server.write.byte-limit = 1024 M (=1073741824) (custom)
2025-10-22 08:25:09,928 [40df8fc4-149d-40c0-897d-2844034d8141@group-DD56FE3B4E76-LeaderElection154] INFO  impl.RoleInfo (RoleInfo.java:updateAndGet(148)) - 40df8fc4-149d-40c0-897d-2844034d8141: start 40df8fc4-149d-40c0-897d-2844034d8141@group-DD56FE3B4E76-LeaderStateImpl
2025-10-22 08:25:09,928 [40df8fc4-149d-40c0-897d-2844034d8141@group-DD56FE3B4E76-LeaderElection154] INFO  server.RaftServer$Division (RaftServerImpl.java:setFirstElection(576)) - 40df8fc4-149d-40c0-897d-2844034d8141@group-DD56FE3B4E76: set firstElectionSinceStartup to false for becomeLeader
2025-10-22 08:25:09,928 [40df8fc4-149d-40c0-897d-2844034d8141@group-DD56FE3B4E76-LeaderElection154] INFO  ratis.XceiverServerRatis (XceiverServerRatis.java:handleLeaderChangedNotification(940)) - Leader change notification received for group: group-DD56FE3B4E76 with new leaderId: 40df8fc4-149d-40c0-897d-2844034d8141
2025-10-22 08:25:09,928 [40df8fc4-149d-40c0-897d-2844034d8141@group-DD56FE3B4E76-LeaderElection154] INFO  server.RaftServer$Division (ServerState.java:setLeader(272)) - 40df8fc4-149d-40c0-897d-2844034d8141@group-DD56FE3B4E76: change Leader from null to 40df8fc4-149d-40c0-897d-2844034d8141 at term 2 for becomeLeader, leader elected after 1835ms
2025-10-22 08:25:09,928 [40df8fc4-149d-40c0-897d-2844034d8141@group-DD56FE3B4E76-LeaderElection154] INFO  segmented.SegmentedRaftLogWorker (SegmentedRaftLogWorker.java:rollLogSegment(445)) - 40df8fc4-149d-40c0-897d-2844034d8141@group-DD56FE3B4E76-SegmentedRaftLogWorker: Rolling segment log-0_0 to index:0
2025-10-22 08:25:09,929 [40df8fc4-149d-40c0-897d-2844034d8141@group-DD56FE3B4E76-LeaderElection154] INFO  server.RaftServer$Division (ServerState.java:setRaftConf(386)) - 40df8fc4-149d-40c0-897d-2844034d8141@group-DD56FE3B4E76: set configuration conf: {index: 1, cur=peers:[40df8fc4-149d-40c0-897d-2844034d8141|127.0.0.1:15031]|listeners:[], old=null}
2025-10-22 08:25:09,929 [40df8fc4-149d-40c0-897d-2844034d8141@group-DD56FE3B4E76-SegmentedRaftLogWorker] INFO  segmented.SegmentedRaftLogWorker (SegmentedRaftLogWorker.java:execute(604)) - 40df8fc4-149d-40c0-897d-2844034d8141@group-DD56FE3B4E76-SegmentedRaftLogWorker: Rolled log segment from /home/runner/work/ozone/ozone/hadoop-ozone/integration-test/target/test-dir/MiniOzoneClusterImpl-a412b9f6-7d8b-4de3-a85c-9946bceaa3a0/ozone-metadata/datanode-3/ratis/c0547fc6-e5bf-43f2-a43a-dd56fe3b4e76/current/log_inprogress_0 to /home/runner/work/ozone/ozone/hadoop-ozone/integration-test/target/test-dir/MiniOzoneClusterImpl-a412b9f6-7d8b-4de3-a85c-9946bceaa3a0/ozone-metadata/datanode-3/ratis/c0547fc6-e5bf-43f2-a43a-dd56fe3b4e76/current/log_0-0
2025-10-22 08:25:09,929 [40df8fc4-149d-40c0-897d-2844034d8141@group-DD56FE3B4E76-SegmentedRaftLogWorker] INFO  segmented.BufferedWriteChannel (BufferedWriteChannel.java:open(61)) - open log_inprogress_1 at position 0
2025-10-22 08:25:09,935 [40df8fc4-149d-40c0-897d-2844034d8141@group-DD56FE3B4E76-SegmentedRaftLogWorker] INFO  segmented.SegmentedRaftLogWorker (SegmentedRaftLogWorker.java:execute(647)) - 40df8fc4-149d-40c0-897d-2844034d8141@group-DD56FE3B4E76-SegmentedRaftLogWorker: created new log segment /home/runner/work/ozone/ozone/hadoop-ozone/integration-test/target/test-dir/MiniOzoneClusterImpl-a412b9f6-7d8b-4de3-a85c-9946bceaa3a0/ozone-metadata/datanode-3/ratis/c0547fc6-e5bf-43f2-a43a-dd56fe3b4e76/current/log_inprogress_1
2025-10-22 08:25:09,936 [40df8fc4-149d-40c0-897d-2844034d8141@group-DD56FE3B4E76-StateMachineUpdater] INFO  server.RaftServer$Division (LeaderStateImpl.java:checkStartIndex(309)) - Leader 40df8fc4-149d-40c0-897d-2844034d8141@group-DD56FE3B4E76-LeaderStateImpl is ready since appliedIndex == startIndex == 1
2025-10-22 08:25:09,987 [40df8fc4-149d-40c0-897d-2844034d8141@group-C626CE820278-FollowerState] INFO  impl.FollowerState (FollowerState.java:runImpl(161)) - 40df8fc4-149d-40c0-897d-2844034d8141@group-C626CE820278-FollowerState: change to CANDIDATE, lastRpcElapsedTime:1141455416ns, electionTimeout:1141ms
2025-10-22 08:25:09,987 [40df8fc4-149d-40c0-897d-2844034d8141@group-C626CE820278-FollowerState] INFO  impl.RoleInfo (RoleInfo.java:shutdownFollowerState(121)) - 40df8fc4-149d-40c0-897d-2844034d8141: shutdown 40df8fc4-149d-40c0-897d-2844034d8141@group-C626CE820278-FollowerState
2025-10-22 08:25:09,987 [40df8fc4-149d-40c0-897d-2844034d8141@group-C626CE820278-FollowerState] INFO  server.RaftServer$Division (RaftServerImpl.java:setRole(392)) - 40df8fc4-149d-40c0-897d-2844034d8141@group-C626CE820278: changes role from  FOLLOWER to CANDIDATE at term 1 for changeToCandidate
2025-10-22 08:25:09,987 [40df8fc4-149d-40c0-897d-2844034d8141@group-C626CE820278-FollowerState] INFO  impl.RoleInfo (RoleInfo.java:updateAndGet(148)) - 40df8fc4-149d-40c0-897d-2844034d8141: start 40df8fc4-149d-40c0-897d-2844034d8141@group-C626CE820278-LeaderElection155
2025-10-22 08:25:09,988 [40df8fc4-149d-40c0-897d-2844034d8141@group-C626CE820278-LeaderElection155] INFO  impl.LeaderElection (LeaderElection.java:askForVotes(448)) - 40df8fc4-149d-40c0-897d-2844034d8141@group-C626CE820278-LeaderElection155 PRE_VOTE round 0: submit vote requests at term 1 for conf: {index: 0, cur=peers:[4d8a2798-959e-416b-b534-19c13b55a760|127.0.0.1:15023, 1c036820-4dbe-4abe-80fb-5ca88de5e2f0|127.0.0.1:15015, 40df8fc4-149d-40c0-897d-2844034d8141|127.0.0.1:15031]|listeners:[], old=null}
2025-10-22 08:25:09,988 [40df8fc4-149d-40c0-897d-2844034d8141@group-C626CE820278-LeaderElection155-1] INFO  server.GrpcServerProtocolClient (GrpcServerProtocolClient.java:<init>(65)) - Build channel for 4d8a2798-959e-416b-b534-19c13b55a760|127.0.0.1:15023
2025-10-22 08:25:09,988 [40df8fc4-149d-40c0-897d-2844034d8141@group-C626CE820278-LeaderElection155-2] INFO  server.GrpcServerProtocolClient (GrpcServerProtocolClient.java:<init>(65)) - Build channel for 1c036820-4dbe-4abe-80fb-5ca88de5e2f0|127.0.0.1:15015
2025-10-22 08:25:09,992 [grpc-default-executor-5] INFO  server.RaftServer$Division (RaftServerImpl.java:requestVote(1421)) - 1c036820-4dbe-4abe-80fb-5ca88de5e2f0@group-C626CE820278: receive requestVote(PRE_VOTE, 40df8fc4-149d-40c0-897d-2844034d8141, group-C626CE820278, 1, (t:1, i:4))
2025-10-22 08:25:09,992 [grpc-default-executor-5] INFO  impl.VoteContext (VoteContext.java:log(49)) - 1c036820-4dbe-4abe-80fb-5ca88de5e2f0@group-C626CE820278-FOLLOWER: accept PRE_VOTE from 40df8fc4-149d-40c0-897d-2844034d8141: our priority 0 <= candidate's priority 1
2025-10-22 08:25:09,992 [grpc-default-executor-2] INFO  server.RaftServer$Division (RaftServerImpl.java:requestVote(1421)) - 4d8a2798-959e-416b-b534-19c13b55a760@group-C626CE820278: receive requestVote(PRE_VOTE, 40df8fc4-149d-40c0-897d-2844034d8141, group-C626CE820278, 1, (t:1, i:4))
2025-10-22 08:25:09,992 [grpc-default-executor-2] INFO  impl.VoteContext (VoteContext.java:log(49)) - 4d8a2798-959e-416b-b534-19c13b55a760@group-C626CE820278-FOLLOWER: accept PRE_VOTE from 40df8fc4-149d-40c0-897d-2844034d8141: our priority 0 <= candidate's priority 1
2025-10-22 08:25:09,992 [grpc-default-executor-2] INFO  server.RaftServer$Division (RaftServerImpl.java:requestVote(1455)) - 4d8a2798-959e-416b-b534-19c13b55a760@group-C626CE820278 replies to PRE_VOTE vote request: 40df8fc4-149d-40c0-897d-2844034d8141<-4d8a2798-959e-416b-b534-19c13b55a760#0:OK-t1-last:(t:1, i:4). Peer's state: 4d8a2798-959e-416b-b534-19c13b55a760@group-C626CE820278:t1, leader=null, voted=40df8fc4-149d-40c0-897d-2844034d8141, raftlog=Memoized:4d8a2798-959e-416b-b534-19c13b55a760@group-C626CE820278-SegmentedRaftLog:OPENED:c2:last(t:1, i:4), conf=conf: {index: 0, cur=peers:[4d8a2798-959e-416b-b534-19c13b55a760|127.0.0.1:15023, 1c036820-4dbe-4abe-80fb-5ca88de5e2f0|127.0.0.1:15015, 40df8fc4-149d-40c0-897d-2844034d8141|127.0.0.1:15031]|listeners:[], old=null}
2025-10-22 08:25:09,992 [grpc-default-executor-5] INFO  server.RaftServer$Division (RaftServerImpl.java:requestVote(1455)) - 1c036820-4dbe-4abe-80fb-5ca88de5e2f0@group-C626CE820278 replies to PRE_VOTE vote request: 40df8fc4-149d-40c0-897d-2844034d8141<-1c036820-4dbe-4abe-80fb-5ca88de5e2f0#0:OK-t1-last:(t:1, i:4). Peer's state: 1c036820-4dbe-4abe-80fb-5ca88de5e2f0@group-C626CE820278:t1, leader=null, voted=40df8fc4-149d-40c0-897d-2844034d8141, raftlog=Memoized:1c036820-4dbe-4abe-80fb-5ca88de5e2f0@group-C626CE820278-SegmentedRaftLog:OPENED:c4:last(t:1, i:4), conf=conf: {index: 0, cur=peers:[4d8a2798-959e-416b-b534-19c13b55a760|127.0.0.1:15023, 1c036820-4dbe-4abe-80fb-5ca88de5e2f0|127.0.0.1:15015, 40df8fc4-149d-40c0-897d-2844034d8141|127.0.0.1:15031]|listeners:[], old=null}
2025-10-22 08:25:09,993 [40df8fc4-149d-40c0-897d-2844034d8141@group-C626CE820278-LeaderElection155] INFO  impl.LeaderElection (LeaderElection.java:logAndReturn(206)) - 40df8fc4-149d-40c0-897d-2844034d8141@group-C626CE820278-LeaderElection155: PRE_VOTE PASSED received 1 response(s) and 0 exception(s):
2025-10-22 08:25:09,993 [40df8fc4-149d-40c0-897d-2844034d8141@group-C626CE820278-LeaderElection155] INFO  impl.LeaderElection (LeaderElection.java:logAndReturn(210)) -   Response 0: 40df8fc4-149d-40c0-897d-2844034d8141<-4d8a2798-959e-416b-b534-19c13b55a760#0:OK-t1-last:(t:1, i:4)
2025-10-22 08:25:09,993 [40df8fc4-149d-40c0-897d-2844034d8141@group-C626CE820278-LeaderElection155] INFO  impl.LeaderElection (LeaderElection.java:askForVotes(450)) - 40df8fc4-149d-40c0-897d-2844034d8141@group-C626CE820278-LeaderElection155 PRE_VOTE round 0: result PASSED
2025-10-22 08:25:09,994 [40df8fc4-149d-40c0-897d-2844034d8141@group-C626CE820278-LeaderElection155] INFO  impl.LeaderElection (LeaderElection.java:askForVotes(448)) - 40df8fc4-149d-40c0-897d-2844034d8141@group-C626CE820278-LeaderElection155 ELECTION round 0: submit vote requests at term 2 for conf: {index: 0, cur=peers:[4d8a2798-959e-416b-b534-19c13b55a760|127.0.0.1:15023, 1c036820-4dbe-4abe-80fb-5ca88de5e2f0|127.0.0.1:15015, 40df8fc4-149d-40c0-897d-2844034d8141|127.0.0.1:15031]|listeners:[], old=null}
2025-10-22 08:25:09,995 [grpc-default-executor-5] INFO  server.RaftServer$Division (RaftServerImpl.java:requestVote(1421)) - 4d8a2798-959e-416b-b534-19c13b55a760@group-C626CE820278: receive requestVote(ELECTION, 40df8fc4-149d-40c0-897d-2844034d8141, group-C626CE820278, 2, (t:1, i:4))
2025-10-22 08:25:09,995 [grpc-default-executor-5] INFO  impl.VoteContext (VoteContext.java:log(49)) - 4d8a2798-959e-416b-b534-19c13b55a760@group-C626CE820278-FOLLOWER: accept ELECTION from 40df8fc4-149d-40c0-897d-2844034d8141: our priority 0 <= candidate's priority 1
2025-10-22 08:25:09,995 [grpc-default-executor-5] INFO  server.RaftServer$Division (RaftServerImpl.java:setRole(392)) - 4d8a2798-959e-416b-b534-19c13b55a760@group-C626CE820278: changes role from  FOLLOWER to FOLLOWER at term 1 for candidate:40df8fc4-149d-40c0-897d-2844034d8141
2025-10-22 08:25:09,995 [grpc-default-executor-5] INFO  impl.RoleInfo (RoleInfo.java:shutdownFollowerState(121)) - 4d8a2798-959e-416b-b534-19c13b55a760: shutdown 4d8a2798-959e-416b-b534-19c13b55a760@group-C626CE820278-FollowerState
2025-10-22 08:25:09,995 [grpc-default-executor-5] INFO  impl.RoleInfo (RoleInfo.java:updateAndGet(148)) - 4d8a2798-959e-416b-b534-19c13b55a760: start 4d8a2798-959e-416b-b534-19c13b55a760@group-C626CE820278-FollowerState
2025-10-22 08:25:09,995 [4d8a2798-959e-416b-b534-19c13b55a760@group-C626CE820278-FollowerState] INFO  impl.FollowerState (FollowerState.java:runImpl(170)) - 4d8a2798-959e-416b-b534-19c13b55a760@group-C626CE820278-FollowerState was interrupted
2025-10-22 08:25:09,995 [grpc-default-executor-2] INFO  server.RaftServer$Division (RaftServerImpl.java:requestVote(1421)) - 1c036820-4dbe-4abe-80fb-5ca88de5e2f0@group-C626CE820278: receive requestVote(ELECTION, 40df8fc4-149d-40c0-897d-2844034d8141, group-C626CE820278, 2, (t:1, i:4))
2025-10-22 08:25:09,995 [grpc-default-executor-2] INFO  impl.VoteContext (VoteContext.java:log(49)) - 1c036820-4dbe-4abe-80fb-5ca88de5e2f0@group-C626CE820278-FOLLOWER: accept ELECTION from 40df8fc4-149d-40c0-897d-2844034d8141: our priority 0 <= candidate's priority 1
2025-10-22 08:25:09,995 [grpc-default-executor-2] INFO  server.RaftServer$Division (RaftServerImpl.java:setRole(392)) - 1c036820-4dbe-4abe-80fb-5ca88de5e2f0@group-C626CE820278: changes role from  FOLLOWER to FOLLOWER at term 1 for candidate:40df8fc4-149d-40c0-897d-2844034d8141
2025-10-22 08:25:09,995 [grpc-default-executor-2] INFO  impl.RoleInfo (RoleInfo.java:shutdownFollowerState(121)) - 1c036820-4dbe-4abe-80fb-5ca88de5e2f0: shutdown 1c036820-4dbe-4abe-80fb-5ca88de5e2f0@group-C626CE820278-FollowerState
2025-10-22 08:25:09,995 [grpc-default-executor-2] INFO  impl.RoleInfo (RoleInfo.java:updateAndGet(148)) - 1c036820-4dbe-4abe-80fb-5ca88de5e2f0: start 1c036820-4dbe-4abe-80fb-5ca88de5e2f0@group-C626CE820278-FollowerState
2025-10-22 08:25:09,996 [1c036820-4dbe-4abe-80fb-5ca88de5e2f0@group-C626CE820278-FollowerState] INFO  impl.FollowerState (FollowerState.java:runImpl(170)) - 1c036820-4dbe-4abe-80fb-5ca88de5e2f0@group-C626CE820278-FollowerState was interrupted
2025-10-22 08:25:09,996 [grpc-default-executor-5] INFO  server.RaftServer$Division (RaftServerImpl.java:requestVote(1455)) - 4d8a2798-959e-416b-b534-19c13b55a760@group-C626CE820278 replies to ELECTION vote request: 40df8fc4-149d-40c0-897d-2844034d8141<-4d8a2798-959e-416b-b534-19c13b55a760#0:OK-t2-last:(t:1, i:4). Peer's state: 4d8a2798-959e-416b-b534-19c13b55a760@group-C626CE820278:t2, leader=null, voted=40df8fc4-149d-40c0-897d-2844034d8141, raftlog=Memoized:4d8a2798-959e-416b-b534-19c13b55a760@group-C626CE820278-SegmentedRaftLog:OPENED:c2:last(t:1, i:4), conf=conf: {index: 0, cur=peers:[4d8a2798-959e-416b-b534-19c13b55a760|127.0.0.1:15023, 1c036820-4dbe-4abe-80fb-5ca88de5e2f0|127.0.0.1:15015, 40df8fc4-149d-40c0-897d-2844034d8141|127.0.0.1:15031]|listeners:[], old=null}
2025-10-22 08:25:09,997 [40df8fc4-149d-40c0-897d-2844034d8141@group-C626CE820278-LeaderElection155] INFO  impl.LeaderElection (LeaderElection.java:logAndReturn(206)) - 40df8fc4-149d-40c0-897d-2844034d8141@group-C626CE820278-LeaderElection155: ELECTION PASSED received 1 response(s) and 0 exception(s):
2025-10-22 08:25:09,997 [40df8fc4-149d-40c0-897d-2844034d8141@group-C626CE820278-LeaderElection155] INFO  impl.LeaderElection (LeaderElection.java:logAndReturn(210)) -   Response 0: 40df8fc4-149d-40c0-897d-2844034d8141<-4d8a2798-959e-416b-b534-19c13b55a760#0:OK-t2-last:(t:1, i:4)
2025-10-22 08:25:09,997 [40df8fc4-149d-40c0-897d-2844034d8141@group-C626CE820278-LeaderElection155] INFO  impl.LeaderElection (LeaderElection.java:askForVotes(450)) - 40df8fc4-149d-40c0-897d-2844034d8141@group-C626CE820278-LeaderElection155 ELECTION round 0: result PASSED
2025-10-22 08:25:09,997 [40df8fc4-149d-40c0-897d-2844034d8141@group-C626CE820278-LeaderElection155] INFO  impl.RoleInfo (RoleInfo.java:shutdownLeaderElection(141)) - 40df8fc4-149d-40c0-897d-2844034d8141: shutdown 40df8fc4-149d-40c0-897d-2844034d8141@group-C626CE820278-LeaderElection155
2025-10-22 08:25:09,997 [40df8fc4-149d-40c0-897d-2844034d8141@group-C626CE820278-LeaderElection155] INFO  server.RaftServer$Division (RaftServerImpl.java:setRole(392)) - 40df8fc4-149d-40c0-897d-2844034d8141@group-C626CE820278: changes role from CANDIDATE to LEADER at term 2 for changeToLeader
2025-10-22 08:25:09,997 [40df8fc4-149d-40c0-897d-2844034d8141@group-C626CE820278-LeaderElection155] INFO  server.RaftServerConfigKeys (ConfUtils.java:logFallback(69)) - raft.server.staging.timeout = 3600ms (fallback to raft.server.rpc.timeout.max)
2025-10-22 08:25:09,997 [40df8fc4-149d-40c0-897d-2844034d8141@group-C626CE820278-LeaderElection155] INFO  server.RaftServerConfigKeys (ConfUtils.java:logGet(62)) - raft.server.write.byte-limit = 1024 M (=1073741824) (custom)
2025-10-22 08:25:09,997 [grpc-default-executor-2] INFO  server.RaftServer$Division (RaftServerImpl.java:requestVote(1455)) - 1c036820-4dbe-4abe-80fb-5ca88de5e2f0@group-C626CE820278 replies to ELECTION vote request: 40df8fc4-149d-40c0-897d-2844034d8141<-1c036820-4dbe-4abe-80fb-5ca88de5e2f0#0:OK-t2-last:(t:1, i:4). Peer's state: 1c036820-4dbe-4abe-80fb-5ca88de5e2f0@group-C626CE820278:t2, leader=null, voted=40df8fc4-149d-40c0-897d-2844034d8141, raftlog=Memoized:1c036820-4dbe-4abe-80fb-5ca88de5e2f0@group-C626CE820278-SegmentedRaftLog:OPENED:c4:last(t:1, i:4), conf=conf: {index: 0, cur=peers:[4d8a2798-959e-416b-b534-19c13b55a760|127.0.0.1:15023, 1c036820-4dbe-4abe-80fb-5ca88de5e2f0|127.0.0.1:15015, 40df8fc4-149d-40c0-897d-2844034d8141|127.0.0.1:15031]|listeners:[], old=null}
2025-10-22 08:25:09,999 [40df8fc4-149d-40c0-897d-2844034d8141@group-C626CE820278-LeaderElection155] INFO  server.RaftServerConfigKeys (ConfUtils.java:logGet(62)) - raft.server.log.appender.buffer.byte-limit = 33554432 (custom)
2025-10-22 08:25:10,000 [40df8fc4-149d-40c0-897d-2844034d8141@group-C626CE820278-LeaderElection155] INFO  server.RaftServerConfigKeys (ConfUtils.java:logGet(62)) - raft.server.log.appender.buffer.byte-limit = 33554432 (custom)
2025-10-22 08:25:10,000 [40df8fc4-149d-40c0-897d-2844034d8141@group-C626CE820278-LeaderElection155] INFO  impl.RoleInfo (RoleInfo.java:updateAndGet(148)) - 40df8fc4-149d-40c0-897d-2844034d8141: start 40df8fc4-149d-40c0-897d-2844034d8141@group-C626CE820278-LeaderStateImpl
2025-10-22 08:25:10,000 [40df8fc4-149d-40c0-897d-2844034d8141@group-C626CE820278-LeaderElection155] INFO  server.RaftServer$Division (RaftServerImpl.java:setFirstElection(576)) - 40df8fc4-149d-40c0-897d-2844034d8141@group-C626CE820278: set firstElectionSinceStartup to false for becomeLeader
2025-10-22 08:25:10,000 [40df8fc4-149d-40c0-897d-2844034d8141@group-C626CE820278-LeaderElection155] INFO  ratis.XceiverServerRatis (XceiverServerRatis.java:handleLeaderChangedNotification(940)) - Leader change notification received for group: group-C626CE820278 with new leaderId: 40df8fc4-149d-40c0-897d-2844034d8141
2025-10-22 08:25:10,000 [40df8fc4-149d-40c0-897d-2844034d8141@group-C626CE820278-LeaderElection155] INFO  server.RaftServer$Division (ServerState.java:setLeader(272)) - 40df8fc4-149d-40c0-897d-2844034d8141@group-C626CE820278: change Leader from null to 40df8fc4-149d-40c0-897d-2844034d8141 at term 2 for becomeLeader, leader elected after 1919ms
2025-10-22 08:25:10,000 [40df8fc4-149d-40c0-897d-2844034d8141@group-C626CE820278-LeaderElection155] INFO  segmented.SegmentedRaftLogWorker (SegmentedRaftLogWorker.java:rollLogSegment(445)) - 40df8fc4-149d-40c0-897d-2844034d8141@group-C626CE820278-SegmentedRaftLogWorker: Rolling segment log-0_4 to index:4
2025-10-22 08:25:10,001 [40df8fc4-149d-40c0-897d-2844034d8141@group-C626CE820278-LeaderElection155] INFO  server.RaftServer$Division (ServerState.java:setRaftConf(386)) - 40df8fc4-149d-40c0-897d-2844034d8141@group-C626CE820278: set configuration conf: {index: 5, cur=peers:[4d8a2798-959e-416b-b534-19c13b55a760|127.0.0.1:15023, 1c036820-4dbe-4abe-80fb-5ca88de5e2f0|127.0.0.1:15015, 40df8fc4-149d-40c0-897d-2844034d8141|127.0.0.1:15031]|listeners:[], old=null}
2025-10-22 08:25:10,002 [40df8fc4-149d-40c0-897d-2844034d8141@group-C626CE820278-SegmentedRaftLogWorker] INFO  segmented.SegmentedRaftLogWorker (SegmentedRaftLogWorker.java:execute(604)) - 40df8fc4-149d-40c0-897d-2844034d8141@group-C626CE820278-SegmentedRaftLogWorker: Rolled log segment from /home/runner/work/ozone/ozone/hadoop-ozone/integration-test/target/test-dir/MiniOzoneClusterImpl-a412b9f6-7d8b-4de3-a85c-9946bceaa3a0/ozone-metadata/datanode-3/ratis/28d7a56f-ff21-46bd-bc35-c626ce820278/current/log_inprogress_0 to /home/runner/work/ozone/ozone/hadoop-ozone/integration-test/target/test-dir/MiniOzoneClusterImpl-a412b9f6-7d8b-4de3-a85c-9946bceaa3a0/ozone-metadata/datanode-3/ratis/28d7a56f-ff21-46bd-bc35-c626ce820278/current/log_0-4
2025-10-22 08:25:10,002 [40df8fc4-149d-40c0-897d-2844034d8141@group-C626CE820278-SegmentedRaftLogWorker] INFO  segmented.BufferedWriteChannel (BufferedWriteChannel.java:open(61)) - open log_inprogress_5 at position 0
2025-10-22 08:25:10,004 [grpc-default-executor-8] INFO  ratis.XceiverServerRatis (XceiverServerRatis.java:handleLeaderChangedNotification(940)) - Leader change notification received for group: group-C626CE820278 with new leaderId: 40df8fc4-149d-40c0-897d-2844034d8141
2025-10-22 08:25:10,004 [grpc-default-executor-8] INFO  server.RaftServer$Division (ServerState.java:setLeader(272)) - 1c036820-4dbe-4abe-80fb-5ca88de5e2f0@group-C626CE820278: change Leader from null to 40df8fc4-149d-40c0-897d-2844034d8141 at term 2 for appendEntries, leader elected after 45864ms
2025-10-22 08:25:10,005 [grpc-default-executor-5] INFO  ratis.XceiverServerRatis (XceiverServerRatis.java:handleLeaderChangedNotification(940)) - Leader change notification received for group: group-C626CE820278 with new leaderId: 40df8fc4-149d-40c0-897d-2844034d8141
2025-10-22 08:25:10,006 [grpc-default-executor-5] INFO  server.RaftServer$Division (ServerState.java:setLeader(272)) - 4d8a2798-959e-416b-b534-19c13b55a760@group-C626CE820278: change Leader from null to 40df8fc4-149d-40c0-897d-2844034d8141 at term 2 for appendEntries, leader elected after 2173ms
2025-10-22 08:25:10,006 [grpc-default-executor-2] INFO  server.RaftServer$Division (ServerState.java:setRaftConf(386)) - 4d8a2798-959e-416b-b534-19c13b55a760@group-C626CE820278: set configuration conf: {index: 5, cur=peers:[4d8a2798-959e-416b-b534-19c13b55a760|127.0.0.1:15023, 1c036820-4dbe-4abe-80fb-5ca88de5e2f0|127.0.0.1:15015, 40df8fc4-149d-40c0-897d-2844034d8141|127.0.0.1:15031]|listeners:[], old=null}
2025-10-22 08:25:10,006 [grpc-default-executor-2] INFO  segmented.SegmentedRaftLogWorker (SegmentedRaftLogWorker.java:rollLogSegment(445)) - 4d8a2798-959e-416b-b534-19c13b55a760@group-C626CE820278-SegmentedRaftLogWorker: Rolling segment log-0_4 to index:4
2025-10-22 08:25:10,006 [grpc-default-executor-7] INFO  server.RaftServer$Division (ServerState.java:setRaftConf(386)) - 1c036820-4dbe-4abe-80fb-5ca88de5e2f0@group-C626CE820278: set configuration conf: {index: 5, cur=peers:[4d8a2798-959e-416b-b534-19c13b55a760|127.0.0.1:15023, 1c036820-4dbe-4abe-80fb-5ca88de5e2f0|127.0.0.1:15015, 40df8fc4-149d-40c0-897d-2844034d8141|127.0.0.1:15031]|listeners:[], old=null}
2025-10-22 08:25:10,006 [grpc-default-executor-7] INFO  segmented.SegmentedRaftLogWorker (SegmentedRaftLogWorker.java:rollLogSegment(445)) - 1c036820-4dbe-4abe-80fb-5ca88de5e2f0@group-C626CE820278-SegmentedRaftLogWorker: Rolling segment log-0_4 to index:4
2025-10-22 08:25:10,007 [4d8a2798-959e-416b-b534-19c13b55a760@group-C626CE820278-SegmentedRaftLogWorker] INFO  segmented.SegmentedRaftLogWorker (SegmentedRaftLogWorker.java:execute(604)) - 4d8a2798-959e-416b-b534-19c13b55a760@group-C626CE820278-SegmentedRaftLogWorker: Rolled log segment from /home/runner/work/ozone/ozone/hadoop-ozone/integration-test/target/test-dir/MiniOzoneClusterImpl-a412b9f6-7d8b-4de3-a85c-9946bceaa3a0/ozone-metadata/datanode-2/ratis/28d7a56f-ff21-46bd-bc35-c626ce820278/current/log_inprogress_0 to /home/runner/work/ozone/ozone/hadoop-ozone/integration-test/target/test-dir/MiniOzoneClusterImpl-a412b9f6-7d8b-4de3-a85c-9946bceaa3a0/ozone-metadata/datanode-2/ratis/28d7a56f-ff21-46bd-bc35-c626ce820278/current/log_0-4
2025-10-22 08:25:10,007 [4d8a2798-959e-416b-b534-19c13b55a760@group-C626CE820278-SegmentedRaftLogWorker] INFO  segmented.BufferedWriteChannel (BufferedWriteChannel.java:open(61)) - open log_inprogress_5 at position 0
2025-10-22 08:25:10,009 [1c036820-4dbe-4abe-80fb-5ca88de5e2f0@group-C626CE820278-SegmentedRaftLogWorker] INFO  segmented.SegmentedRaftLogWorker (SegmentedRaftLogWorker.java:execute(604)) - 1c036820-4dbe-4abe-80fb-5ca88de5e2f0@group-C626CE820278-SegmentedRaftLogWorker: Rolled log segment from /home/runner/work/ozone/ozone/hadoop-ozone/integration-test/target/test-dir/MiniOzoneClusterImpl-a412b9f6-7d8b-4de3-a85c-9946bceaa3a0/ozone-metadata/datanode-1/ratis/28d7a56f-ff21-46bd-bc35-c626ce820278/current/log_inprogress_0 to /home/runner/work/ozone/ozone/hadoop-ozone/integration-test/target/test-dir/MiniOzoneClusterImpl-a412b9f6-7d8b-4de3-a85c-9946bceaa3a0/ozone-metadata/datanode-1/ratis/28d7a56f-ff21-46bd-bc35-c626ce820278/current/log_0-4
2025-10-22 08:25:10,009 [1c036820-4dbe-4abe-80fb-5ca88de5e2f0@group-C626CE820278-SegmentedRaftLogWorker] INFO  segmented.BufferedWriteChannel (BufferedWriteChannel.java:open(61)) - open log_inprogress_5 at position 0
2025-10-22 08:25:10,009 [40df8fc4-149d-40c0-897d-2844034d8141@group-C626CE820278-SegmentedRaftLogWorker] INFO  segmented.SegmentedRaftLogWorker (SegmentedRaftLogWorker.java:execute(647)) - 40df8fc4-149d-40c0-897d-2844034d8141@group-C626CE820278-SegmentedRaftLogWorker: created new log segment /home/runner/work/ozone/ozone/hadoop-ozone/integration-test/target/test-dir/MiniOzoneClusterImpl-a412b9f6-7d8b-4de3-a85c-9946bceaa3a0/ozone-metadata/datanode-3/ratis/28d7a56f-ff21-46bd-bc35-c626ce820278/current/log_inprogress_5
2025-10-22 08:25:10,013 [4d8a2798-959e-416b-b534-19c13b55a760@group-C626CE820278-SegmentedRaftLogWorker] INFO  segmented.SegmentedRaftLogWorker (SegmentedRaftLogWorker.java:execute(647)) - 4d8a2798-959e-416b-b534-19c13b55a760@group-C626CE820278-SegmentedRaftLogWorker: created new log segment /home/runner/work/ozone/ozone/hadoop-ozone/integration-test/target/test-dir/MiniOzoneClusterImpl-a412b9f6-7d8b-4de3-a85c-9946bceaa3a0/ozone-metadata/datanode-2/ratis/28d7a56f-ff21-46bd-bc35-c626ce820278/current/log_inprogress_5
2025-10-22 08:25:10,015 [1c036820-4dbe-4abe-80fb-5ca88de5e2f0@group-C626CE820278-SegmentedRaftLogWorker] INFO  segmented.SegmentedRaftLogWorker (SegmentedRaftLogWorker.java:execute(647)) - 1c036820-4dbe-4abe-80fb-5ca88de5e2f0@group-C626CE820278-SegmentedRaftLogWorker: created new log segment /home/runner/work/ozone/ozone/hadoop-ozone/integration-test/target/test-dir/MiniOzoneClusterImpl-a412b9f6-7d8b-4de3-a85c-9946bceaa3a0/ozone-metadata/datanode-1/ratis/28d7a56f-ff21-46bd-bc35-c626ce820278/current/log_inprogress_5
2025-10-22 08:25:10,017 [40df8fc4-149d-40c0-897d-2844034d8141@group-C626CE820278-StateMachineUpdater] INFO  server.RaftServer$Division (LeaderStateImpl.java:checkStartIndex(309)) - Leader 40df8fc4-149d-40c0-897d-2844034d8141@group-C626CE820278-LeaderStateImpl is ready since appliedIndex == startIndex == 5
2025-10-22 08:25:10,562 [1c036820-4dbe-4abe-80fb-5ca88de5e2f0@group-5E2F154B5BDB-FollowerState] INFO  impl.FollowerState (FollowerState.java:runImpl(161)) - 1c036820-4dbe-4abe-80fb-5ca88de5e2f0@group-5E2F154B5BDB-FollowerState: change to CANDIDATE, lastRpcElapsedTime:1144284900ns, electionTimeout:1144ms
2025-10-22 08:25:10,562 [1c036820-4dbe-4abe-80fb-5ca88de5e2f0@group-5E2F154B5BDB-FollowerState] INFO  impl.RoleInfo (RoleInfo.java:shutdownFollowerState(121)) - 1c036820-4dbe-4abe-80fb-5ca88de5e2f0: shutdown 1c036820-4dbe-4abe-80fb-5ca88de5e2f0@group-5E2F154B5BDB-FollowerState
2025-10-22 08:25:10,562 [1c036820-4dbe-4abe-80fb-5ca88de5e2f0@group-5E2F154B5BDB-FollowerState] INFO  server.RaftServer$Division (RaftServerImpl.java:setRole(392)) - 1c036820-4dbe-4abe-80fb-5ca88de5e2f0@group-5E2F154B5BDB: changes role from  FOLLOWER to CANDIDATE at term 2 for changeToCandidate
2025-10-22 08:25:10,562 [1c036820-4dbe-4abe-80fb-5ca88de5e2f0@group-5E2F154B5BDB-FollowerState] INFO  impl.RoleInfo (RoleInfo.java:updateAndGet(148)) - 1c036820-4dbe-4abe-80fb-5ca88de5e2f0: start 1c036820-4dbe-4abe-80fb-5ca88de5e2f0@group-5E2F154B5BDB-LeaderElection156
2025-10-22 08:25:10,562 [1c036820-4dbe-4abe-80fb-5ca88de5e2f0@group-5E2F154B5BDB-LeaderElection156] INFO  impl.LeaderElection (LeaderElection.java:askForVotes(448)) - 1c036820-4dbe-4abe-80fb-5ca88de5e2f0@group-5E2F154B5BDB-LeaderElection156 PRE_VOTE round 0: submit vote requests at term 2 for conf: {index: 1, cur=peers:[4d8a2798-959e-416b-b534-19c13b55a760|127.0.0.1:15023, 1c036820-4dbe-4abe-80fb-5ca88de5e2f0|127.0.0.1:15015, 40df8fc4-149d-40c0-897d-2844034d8141|127.0.0.1:15031]|listeners:[], old=null}
2025-10-22 08:25:10,563 [1c036820-4dbe-4abe-80fb-5ca88de5e2f0@group-5E2F154B5BDB-LeaderElection156] INFO  impl.LeaderElection (LogUtils.java:infoOrTrace(142)) - 1c036820-4dbe-4abe-80fb-5ca88de5e2f0@group-5E2F154B5BDB-LeaderElection156 got exception when requesting votes: java.util.concurrent.ExecutionException: org.apache.ratis.thirdparty.io.grpc.StatusRuntimeException: UNAVAILABLE: io exception
2025-10-22 08:25:10,563 [1c036820-4dbe-4abe-80fb-5ca88de5e2f0@group-5E2F154B5BDB-LeaderElection156] INFO  impl.LeaderElection (LogUtils.java:infoOrTrace(142)) - 1c036820-4dbe-4abe-80fb-5ca88de5e2f0@group-5E2F154B5BDB-LeaderElection156 got exception when requesting votes: java.util.concurrent.ExecutionException: org.apache.ratis.thirdparty.io.grpc.StatusRuntimeException: UNAVAILABLE: io exception
2025-10-22 08:25:10,563 [1c036820-4dbe-4abe-80fb-5ca88de5e2f0@group-5E2F154B5BDB-LeaderElection156] INFO  impl.LeaderElection (LeaderElection.java:logAndReturn(206)) - 1c036820-4dbe-4abe-80fb-5ca88de5e2f0@group-5E2F154B5BDB-LeaderElection156: PRE_VOTE REJECTED received 0 response(s) and 2 exception(s):
2025-10-22 08:25:10,563 [1c036820-4dbe-4abe-80fb-5ca88de5e2f0@group-5E2F154B5BDB-LeaderElection156] INFO  impl.LeaderElection (LogUtils.java:infoOrTrace(142)) -   Exception 0: java.util.concurrent.ExecutionException: org.apache.ratis.thirdparty.io.grpc.StatusRuntimeException: UNAVAILABLE: io exception
2025-10-22 08:25:10,563 [1c036820-4dbe-4abe-80fb-5ca88de5e2f0@group-5E2F154B5BDB-LeaderElection156] INFO  impl.LeaderElection (LogUtils.java:infoOrTrace(142)) -   Exception 1: java.util.concurrent.ExecutionException: org.apache.ratis.thirdparty.io.grpc.StatusRuntimeException: UNAVAILABLE: io exception
2025-10-22 08:25:10,563 [1c036820-4dbe-4abe-80fb-5ca88de5e2f0@group-5E2F154B5BDB-LeaderElection156] INFO  impl.LeaderElection (LeaderElection.java:askForVotes(450)) - 1c036820-4dbe-4abe-80fb-5ca88de5e2f0@group-5E2F154B5BDB-LeaderElection156 PRE_VOTE round 0: result REJECTED
2025-10-22 08:25:10,563 [1c036820-4dbe-4abe-80fb-5ca88de5e2f0@group-5E2F154B5BDB-LeaderElection156] INFO  server.RaftServer$Division (RaftServerImpl.java:setRole(392)) - 1c036820-4dbe-4abe-80fb-5ca88de5e2f0@group-5E2F154B5BDB: changes role from CANDIDATE to FOLLOWER at term 2 for REJECTED
2025-10-22 08:25:10,563 [1c036820-4dbe-4abe-80fb-5ca88de5e2f0@group-5E2F154B5BDB-LeaderElection156] INFO  impl.RoleInfo (RoleInfo.java:shutdownLeaderElection(141)) - 1c036820-4dbe-4abe-80fb-5ca88de5e2f0: shutdown 1c036820-4dbe-4abe-80fb-5ca88de5e2f0@group-5E2F154B5BDB-LeaderElection156
2025-10-22 08:25:10,563 [1c036820-4dbe-4abe-80fb-5ca88de5e2f0@group-5E2F154B5BDB-LeaderElection156] INFO  impl.RoleInfo (RoleInfo.java:updateAndGet(148)) - 1c036820-4dbe-4abe-80fb-5ca88de5e2f0: start 1c036820-4dbe-4abe-80fb-5ca88de5e2f0@group-5E2F154B5BDB-FollowerState
2025-10-22 08:25:10,876 [40df8fc4-149d-40c0-897d-2844034d8141@group-5E2F154B5BDB-FollowerState] INFO  impl.FollowerState (FollowerState.java:runImpl(161)) - 40df8fc4-149d-40c0-897d-2844034d8141@group-5E2F154B5BDB-FollowerState: change to CANDIDATE, lastRpcElapsedTime:1128456492ns, electionTimeout:1021ms
2025-10-22 08:25:10,876 [40df8fc4-149d-40c0-897d-2844034d8141@group-5E2F154B5BDB-FollowerState] INFO  impl.RoleInfo (RoleInfo.java:shutdownFollowerState(121)) - 40df8fc4-149d-40c0-897d-2844034d8141: shutdown 40df8fc4-149d-40c0-897d-2844034d8141@group-5E2F154B5BDB-FollowerState
2025-10-22 08:25:10,876 [40df8fc4-149d-40c0-897d-2844034d8141@group-5E2F154B5BDB-FollowerState] INFO  server.RaftServer$Division (RaftServerImpl.java:setRole(392)) - 40df8fc4-149d-40c0-897d-2844034d8141@group-5E2F154B5BDB: changes role from  FOLLOWER to CANDIDATE at term 2 for changeToCandidate
2025-10-22 08:25:10,876 [40df8fc4-149d-40c0-897d-2844034d8141@group-5E2F154B5BDB-FollowerState] INFO  impl.RoleInfo (RoleInfo.java:updateAndGet(148)) - 40df8fc4-149d-40c0-897d-2844034d8141: start 40df8fc4-149d-40c0-897d-2844034d8141@group-5E2F154B5BDB-LeaderElection157
2025-10-22 08:25:10,876 [40df8fc4-149d-40c0-897d-2844034d8141@group-5E2F154B5BDB-LeaderElection157] INFO  impl.LeaderElection (LeaderElection.java:askForVotes(448)) - 40df8fc4-149d-40c0-897d-2844034d8141@group-5E2F154B5BDB-LeaderElection157 PRE_VOTE round 0: submit vote requests at term 2 for conf: {index: 1, cur=peers:[4d8a2798-959e-416b-b534-19c13b55a760|127.0.0.1:15023, 1c036820-4dbe-4abe-80fb-5ca88de5e2f0|127.0.0.1:15015, 40df8fc4-149d-40c0-897d-2844034d8141|127.0.0.1:15031]|listeners:[], old=null}
2025-10-22 08:25:10,878 [grpc-default-executor-2] INFO  server.RaftServer$Division (RaftServerImpl.java:requestVote(1421)) - 4d8a2798-959e-416b-b534-19c13b55a760@group-5E2F154B5BDB: receive requestVote(PRE_VOTE, 40df8fc4-149d-40c0-897d-2844034d8141, group-5E2F154B5BDB, 2, (t:2, i:2))
2025-10-22 08:25:10,878 [grpc-default-executor-2] INFO  impl.VoteContext (VoteContext.java:log(49)) - 4d8a2798-959e-416b-b534-19c13b55a760@group-5E2F154B5BDB-FOLLOWER: accept PRE_VOTE from 40df8fc4-149d-40c0-897d-2844034d8141: our priority 0 <= candidate's priority 0
2025-10-22 08:25:10,878 [grpc-default-executor-7] INFO  server.RaftServer$Division (RaftServerImpl.java:requestVote(1421)) - 1c036820-4dbe-4abe-80fb-5ca88de5e2f0@group-5E2F154B5BDB: receive requestVote(PRE_VOTE, 40df8fc4-149d-40c0-897d-2844034d8141, group-5E2F154B5BDB, 2, (t:2, i:2))
2025-10-22 08:25:10,878 [grpc-default-executor-7] INFO  impl.VoteContext (VoteContext.java:log(49)) - 1c036820-4dbe-4abe-80fb-5ca88de5e2f0@group-5E2F154B5BDB-FOLLOWER: reject PRE_VOTE from 40df8fc4-149d-40c0-897d-2844034d8141: our priority 1 > candidate's priority 0
2025-10-22 08:25:10,878 [grpc-default-executor-7] INFO  server.RaftServer$Division (RaftServerImpl.java:requestVote(1455)) - 1c036820-4dbe-4abe-80fb-5ca88de5e2f0@group-5E2F154B5BDB replies to PRE_VOTE vote request: 40df8fc4-149d-40c0-897d-2844034d8141<-1c036820-4dbe-4abe-80fb-5ca88de5e2f0#0:FAIL-t2-last:(t:2, i:2). Peer's state: 1c036820-4dbe-4abe-80fb-5ca88de5e2f0@group-5E2F154B5BDB:t2, leader=null, voted=1c036820-4dbe-4abe-80fb-5ca88de5e2f0, raftlog=Memoized:1c036820-4dbe-4abe-80fb-5ca88de5e2f0@group-5E2F154B5BDB-SegmentedRaftLog:OPENED:c2:last(t:2, i:2), conf=conf: {index: 1, cur=peers:[4d8a2798-959e-416b-b534-19c13b55a760|127.0.0.1:15023, 1c036820-4dbe-4abe-80fb-5ca88de5e2f0|127.0.0.1:15015, 40df8fc4-149d-40c0-897d-2844034d8141|127.0.0.1:15031]|listeners:[], old=null}
2025-10-22 08:25:10,878 [grpc-default-executor-2] INFO  server.RaftServer$Division (RaftServerImpl.java:requestVote(1455)) - 4d8a2798-959e-416b-b534-19c13b55a760@group-5E2F154B5BDB replies to PRE_VOTE vote request: 40df8fc4-149d-40c0-897d-2844034d8141<-4d8a2798-959e-416b-b534-19c13b55a760#0:OK-t2-last:(t:2, i:2). Peer's state: 4d8a2798-959e-416b-b534-19c13b55a760@group-5E2F154B5BDB:t2, leader=null, voted=1c036820-4dbe-4abe-80fb-5ca88de5e2f0, raftlog=Memoized:4d8a2798-959e-416b-b534-19c13b55a760@group-5E2F154B5BDB-SegmentedRaftLog:OPENED:c2:last(t:2, i:2), conf=conf: {index: 1, cur=peers:[4d8a2798-959e-416b-b534-19c13b55a760|127.0.0.1:15023, 1c036820-4dbe-4abe-80fb-5ca88de5e2f0|127.0.0.1:15015, 40df8fc4-149d-40c0-897d-2844034d8141|127.0.0.1:15031]|listeners:[], old=null}
2025-10-22 08:25:10,879 [40df8fc4-149d-40c0-897d-2844034d8141@group-5E2F154B5BDB-LeaderElection157] INFO  impl.LeaderElection (LeaderElection.java:logAndReturn(206)) - 40df8fc4-149d-40c0-897d-2844034d8141@group-5E2F154B5BDB-LeaderElection157: PRE_VOTE REJECTED received 2 response(s) and 0 exception(s):
2025-10-22 08:25:10,879 [40df8fc4-149d-40c0-897d-2844034d8141@group-5E2F154B5BDB-LeaderElection157] INFO  impl.LeaderElection (LeaderElection.java:logAndReturn(210)) -   Response 0: 40df8fc4-149d-40c0-897d-2844034d8141<-4d8a2798-959e-416b-b534-19c13b55a760#0:OK-t2-last:(t:2, i:2)
2025-10-22 08:25:10,879 [40df8fc4-149d-40c0-897d-2844034d8141@group-5E2F154B5BDB-LeaderElection157] INFO  impl.LeaderElection (LeaderElection.java:logAndReturn(210)) -   Response 1: 40df8fc4-149d-40c0-897d-2844034d8141<-1c036820-4dbe-4abe-80fb-5ca88de5e2f0#0:FAIL-t2-last:(t:2, i:2)
2025-10-22 08:25:10,879 [40df8fc4-149d-40c0-897d-2844034d8141@group-5E2F154B5BDB-LeaderElection157] INFO  impl.LeaderElection (LeaderElection.java:askForVotes(450)) - 40df8fc4-149d-40c0-897d-2844034d8141@group-5E2F154B5BDB-LeaderElection157 PRE_VOTE round 0: result REJECTED
2025-10-22 08:25:10,879 [40df8fc4-149d-40c0-897d-2844034d8141@group-5E2F154B5BDB-LeaderElection157] INFO  server.RaftServer$Division (RaftServerImpl.java:setRole(392)) - 40df8fc4-149d-40c0-897d-2844034d8141@group-5E2F154B5BDB: changes role from CANDIDATE to FOLLOWER at term 2 for REJECTED
2025-10-22 08:25:10,879 [40df8fc4-149d-40c0-897d-2844034d8141@group-5E2F154B5BDB-LeaderElection157] INFO  impl.RoleInfo (RoleInfo.java:shutdownLeaderElection(141)) - 40df8fc4-149d-40c0-897d-2844034d8141: shutdown 40df8fc4-149d-40c0-897d-2844034d8141@group-5E2F154B5BDB-LeaderElection157
2025-10-22 08:25:10,879 [40df8fc4-149d-40c0-897d-2844034d8141@group-5E2F154B5BDB-LeaderElection157] INFO  impl.RoleInfo (RoleInfo.java:updateAndGet(148)) - 40df8fc4-149d-40c0-897d-2844034d8141: start 40df8fc4-149d-40c0-897d-2844034d8141@group-5E2F154B5BDB-FollowerState
2025-10-22 08:25:10,879 [40df8fc4-149d-40c0-897d-2844034d8141@group-5E2F154B5BDB-LeaderElection157] INFO  server.RaftServer$Division (RaftServerImpl.java:setFirstElection(576)) - 40df8fc4-149d-40c0-897d-2844034d8141@group-5E2F154B5BDB: set firstElectionSinceStartup to false for REJECTED
2025-10-22 08:25:11,402 [ForkJoinPool-1-worker-1] INFO  utils.DatanodeStoreCache (DatanodeStoreCache.java:shutdownCache(110)) - Skip clearing cache in mini cluster mode. Entries left: [/home/runner/work/ozone/ozone/hadoop-ozone/integration-test/target/test-dir/MiniOzoneClusterImpl-a412b9f6-7d8b-4de3-a85c-9946bceaa3a0/ozone-metadata/datanode-1/data-0/hdds/a412b9f6-7d8b-4de3-a85c-9946bceaa3a0/DS-a07e098a-6398-480b-9efd-d3f505e7661c/container.db, /home/runner/work/ozone/ozone/hadoop-ozone/integration-test/target/test-dir/MiniOzoneClusterImpl-a412b9f6-7d8b-4de3-a85c-9946bceaa3a0/ozone-metadata/datanode-10/data-0/hdds/a412b9f6-7d8b-4de3-a85c-9946bceaa3a0/DS-8a3798d9-2bb5-458f-b08b-fc94b9fc23ce/container.db, /home/runner/work/ozone/ozone/hadoop-ozone/integration-test/target/test-dir/MiniOzoneClusterImpl-a412b9f6-7d8b-4de3-a85c-9946bceaa3a0/ozone-metadata/datanode-2/data-0/hdds/a412b9f6-7d8b-4de3-a85c-9946bceaa3a0/DS-4aaa098a-486e-4441-80f0-7688bb8bbdde/container.db, /home/runner/work/ozone/ozone/hadoop-ozone/integration-test/target/test-dir/MiniOzoneClusterImpl-a412b9f6-7d8b-4de3-a85c-9946bceaa3a0/ozone-metadata/datanode-3/data-0/hdds/a412b9f6-7d8b-4de3-a85c-9946bceaa3a0/DS-bebc18f0-1165-45db-a91a-4f24542d176c/container.db, /home/runner/work/ozone/ozone/hadoop-ozone/integration-test/target/test-dir/MiniOzoneClusterImpl-a412b9f6-7d8b-4de3-a85c-9946bceaa3a0/ozone-metadata/datanode-4/data-0/hdds/a412b9f6-7d8b-4de3-a85c-9946bceaa3a0/DS-5d7e6087-1900-4b55-988c-16336b0b4c63/container.db, /home/runner/work/ozone/ozone/hadoop-ozone/integration-test/target/test-dir/MiniOzoneClusterImpl-a412b9f6-7d8b-4de3-a85c-9946bceaa3a0/ozone-metadata/datanode-5/data-0/hdds/a412b9f6-7d8b-4de3-a85c-9946bceaa3a0/DS-ca10d0ba-335c-4c88-91c2-e630968cb905/container.db, /home/runner/work/ozone/ozone/hadoop-ozone/integration-test/target/test-dir/MiniOzoneClusterImpl-a412b9f6-7d8b-4de3-a85c-9946bceaa3a0/ozone-metadata/datanode-6/data-0/hdds/a412b9f6-7d8b-4de3-a85c-9946bceaa3a0/DS-4a321f51-abfc-498c-a23e-1fd398dcf1d8/container.db, /home/runner/work/ozone/ozone/hadoop-ozone/integration-test/target/test-dir/MiniOzoneClusterImpl-a412b9f6-7d8b-4de3-a85c-9946bceaa3a0/ozone-metadata/datanode-7/data-0/hdds/a412b9f6-7d8b-4de3-a85c-9946bceaa3a0/DS-2f6f67bf-9efa-4b7c-aaf0-b55f90e251b4/container.db, /home/runner/work/ozone/ozone/hadoop-ozone/integration-test/target/test-dir/MiniOzoneClusterImpl-a412b9f6-7d8b-4de3-a85c-9946bceaa3a0/ozone-metadata/datanode-8/data-0/hdds/a412b9f6-7d8b-4de3-a85c-9946bceaa3a0/DS-1ec53189-a8d9-456e-823c-b078e2857cda/container.db, /home/runner/work/ozone/ozone/hadoop-ozone/integration-test/target/test-dir/MiniOzoneClusterImpl-a412b9f6-7d8b-4de3-a85c-9946bceaa3a0/ozone-metadata/datanode-9/data-0/hdds/a412b9f6-7d8b-4de3-a85c-9946bceaa3a0/DS-2a9dbd48-deb6-4f23-96bb-1f0c806128cb/container.db]
2025-10-22 08:25:11,403 [ForkJoinPool-1-worker-1] INFO  utils.DatanodeStoreCache (DatanodeStoreCache.java:removeDB(104)) - Removed db /home/runner/work/ozone/ozone/hadoop-ozone/integration-test/target/test-dir/MiniOzoneClusterImpl-a412b9f6-7d8b-4de3-a85c-9946bceaa3a0/ozone-metadata/datanode-8/data-0/hdds/a412b9f6-7d8b-4de3-a85c-9946bceaa3a0/DS-1ec53189-a8d9-456e-823c-b078e2857cda/container.db from cache
2025-10-22 08:25:11,403 [ForkJoinPool-1-worker-1] INFO  volume.HddsVolume (HddsVolume.java:closeDbStore(609)) - SchemaV3 db is stopped at /home/runner/work/ozone/ozone/hadoop-ozone/integration-test/target/test-dir/MiniOzoneClusterImpl-a412b9f6-7d8b-4de3-a85c-9946bceaa3a0/ozone-metadata/datanode-8/data-0/hdds/a412b9f6-7d8b-4de3-a85c-9946bceaa3a0/DS-1ec53189-a8d9-456e-823c-b078e2857cda/container.db for volume DS-1ec53189-a8d9-456e-823c-b078e2857cda
2025-10-22 08:25:11,403 [ForkJoinPool-1-worker-1] INFO  utils.BackgroundService (BackgroundService.java:shutdown(195)) - Shutting down service BlockDeletingService
2025-10-22 08:25:11,404 [ForkJoinPool-1-worker-1] INFO  utils.BackgroundService (BackgroundService.java:shutdown(195)) - Shutting down service StaleRecoveringContainerScrubbingService
2025-10-22 08:25:11,405 [ForkJoinPool-1-worker-1] INFO  statemachine.DatanodeStateMachine (DatanodeStateMachine.java:stopDaemon(654)) - Ozone container server stopped.
2025-10-22 08:25:11,421 [ForkJoinPool-1-worker-1] INFO  handler.ContextHandler (ContextHandler.java:doStop(1159)) - Stopped o.e.j.w.WebAppContext@6cf7ec51{hddsDatanode,/,null,STOPPED}{jar:file:/home/runner/work/ozone/ozone/hadoop-hdds/container-service/target/hdds-container-service-2.1.0-SNAPSHOT.jar!/webapps/hddsDatanode}
2025-10-22 08:25:11,421 [ForkJoinPool-1-worker-1] INFO  server.AbstractConnector (AbstractConnector.java:doStop(383)) - Stopped ServerConnector@f93c58d{HTTP/1.1, (http/1.1)}{0.0.0.0:15066}
2025-10-22 08:25:11,422 [ForkJoinPool-1-worker-1] INFO  server.session (HouseKeeper.java:stopScavenging(149)) - node0 Stopped scavenging
2025-10-22 08:25:11,422 [ForkJoinPool-1-worker-1] INFO  handler.ContextHandler (ContextHandler.java:doStop(1159)) - Stopped o.e.j.s.ServletContextHandler@45ab5b24{static,/static,jar:file:/home/runner/work/ozone/ozone/hadoop-hdds/container-service/target/hdds-container-service-2.1.0-SNAPSHOT.jar!/webapps/static,STOPPED}
2025-10-22 08:25:11,422 [ForkJoinPool-1-worker-1] INFO  handler.ContextHandler (ContextHandler.java:doStop(1159)) - Stopped o.e.j.s.ServletContextHandler@3b09b201{logs,/logs,file:///home/runner/work/ozone/ozone/hadoop-ozone/integration-test/target/log,STOPPED}
2025-10-22 08:25:11,423 [ForkJoinPool-1-worker-1] INFO  ozone.HddsDatanodeClientProtocolServer (HddsDatanodeClientProtocolServer.java:stop(82)) - Stopping the RPC server for Client Protocol
2025-10-22 08:25:11,423 [ForkJoinPool-1-worker-1] INFO  ipc.Server (Server.java:stop(3697)) - Stopping server on 15067
2025-10-22 08:25:11,425 [IPC Server Responder] INFO  ipc.Server (Server.java:run(1718)) - Stopping IPC Server Responder
2025-10-22 08:25:11,425 [IPC Server listener on 15067] INFO  ipc.Server (Server.java:run(1585)) - Stopping IPC Server listener on 15067
2025-10-22 08:25:11,427 [ForkJoinPool-1-worker-1] INFO  ozoneimpl.OzoneContainer (OzoneContainer.java:stop(568)) - Attempting to stop container services.
2025-10-22 08:25:11,427 [ContainerMetadataScanner] WARN  ozoneimpl.AbstractBackgroundContainerScanner (AbstractBackgroundContainerScanner.java:handleRemainingSleep(136)) - Background container scan was interrupted.
2025-10-22 08:25:11,427 [ContainerMetadataScanner] INFO  ozoneimpl.AbstractBackgroundContainerScanner (AbstractBackgroundContainerScanner.java:run(63)) - org.apache.hadoop.ozone.container.ozoneimpl.BackgroundContainerMetadataScanner@7d3e3f88 exiting.
2025-10-22 08:25:11,427 [ForkJoinPool-1-worker-1] INFO  ozoneimpl.BackgroundContainerDataScanner (BackgroundContainerDataScanner.java:shutdown(87)) - ContainerDataScanner(/home/runner/work/ozone/ozone/hadoop-ozone/integration-test/target/test-dir/MiniOzoneClusterImpl-a412b9f6-7d8b-4de3-a85c-9946bceaa3a0/ozone-metadata/datanode-9/data-0/hdds) is shutting down. 
2025-10-22 08:25:11,428 [ContainerDataScanner(/home/runner/work/ozone/ozone/hadoop-ozone/integration-test/target/test-dir/MiniOzoneClusterImpl-a412b9f6-7d8b-4de3-a85c-9946bceaa3a0/ozone-metadata/datanode-9/data-0/hdds)] WARN  ozoneimpl.AbstractBackgroundContainerScanner (AbstractBackgroundContainerScanner.java:handleRemainingSleep(136)) - Background container scan was interrupted.
2025-10-22 08:25:11,428 [ContainerDataScanner(/home/runner/work/ozone/ozone/hadoop-ozone/integration-test/target/test-dir/MiniOzoneClusterImpl-a412b9f6-7d8b-4de3-a85c-9946bceaa3a0/ozone-metadata/datanode-9/data-0/hdds)] INFO  ozoneimpl.AbstractBackgroundContainerScanner (AbstractBackgroundContainerScanner.java:run(63)) - ContainerDataScanner(/home/runner/work/ozone/ozone/hadoop-ozone/integration-test/target/test-dir/MiniOzoneClusterImpl-a412b9f6-7d8b-4de3-a85c-9946bceaa3a0/ozone-metadata/datanode-9/data-0/hdds, DS-2a9dbd48-deb6-4f23-96bb-1f0c806128cb) exiting.
2025-10-22 08:25:11,428 [ForkJoinPool-1-worker-1] INFO  ozoneimpl.OnDemandContainerScanner (OnDemandContainerScanner.java:shutdown(141)) - On-demand container scanner is shutting down.
2025-10-22 08:25:11,428 [ForkJoinPool-1-worker-1] INFO  ratis.XceiverServerRatis (XceiverServerRatis.java:stop(594)) - Closing XceiverServerRatis(9d21e184-bccf-4583-95a7-0fe616dd3b4b)
2025-10-22 08:25:11,429 [ForkJoinPool-1-worker-1] INFO  server.RaftServer (RaftServerProxy.java:lambda$close$9(422)) - 9d21e184-bccf-4583-95a7-0fe616dd3b4b: close
2025-10-22 08:25:11,429 [9d21e184-bccf-4583-95a7-0fe616dd3b4b-impl-thread2] INFO  server.RaftServer$Division (RaftServerImpl.java:lambda$close$1(527)) - 9d21e184-bccf-4583-95a7-0fe616dd3b4b@group-80CFAE06F78A: shutdown
2025-10-22 08:25:11,429 [9d21e184-bccf-4583-95a7-0fe616dd3b4b-impl-thread2] INFO  util.JmxRegister (JmxRegister.java:unregister(74)) - Successfully un-registered JMX Bean with object name Ratis:service=RaftServer,group=group-80CFAE06F78A,id=9d21e184-bccf-4583-95a7-0fe616dd3b4b
2025-10-22 08:25:11,429 [9d21e184-bccf-4583-95a7-0fe616dd3b4b-impl-thread2] INFO  impl.RoleInfo (RoleInfo.java:shutdownLeaderState(103)) - 9d21e184-bccf-4583-95a7-0fe616dd3b4b: shutdown 9d21e184-bccf-4583-95a7-0fe616dd3b4b@group-80CFAE06F78A-LeaderStateImpl
2025-10-22 08:25:11,429 [ForkJoinPool-1-worker-1] INFO  server.GrpcServicesImpl (GrpcServicesImpl.java:closeImpl(355)) - 9d21e184-bccf-4583-95a7-0fe616dd3b4b: shutdown server org.apache.ratis.grpc.server.GrpcClientProtocolService now
2025-10-22 08:25:11,430 [9d21e184-bccf-4583-95a7-0fe616dd3b4b-impl-thread4] INFO  server.RaftServer$Division (RaftServerImpl.java:lambda$close$1(527)) - 9d21e184-bccf-4583-95a7-0fe616dd3b4b@group-45121E95117A: shutdown
2025-10-22 08:25:11,430 [9d21e184-bccf-4583-95a7-0fe616dd3b4b-impl-thread4] INFO  util.JmxRegister (JmxRegister.java:unregister(74)) - Successfully un-registered JMX Bean with object name Ratis:service=RaftServer,group=group-45121E95117A,id=9d21e184-bccf-4583-95a7-0fe616dd3b4b
2025-10-22 08:25:11,430 [9d21e184-bccf-4583-95a7-0fe616dd3b4b-impl-thread4] INFO  impl.RoleInfo (RoleInfo.java:shutdownFollowerState(121)) - 9d21e184-bccf-4583-95a7-0fe616dd3b4b: shutdown 9d21e184-bccf-4583-95a7-0fe616dd3b4b@group-45121E95117A-FollowerState
2025-10-22 08:25:11,430 [9d21e184-bccf-4583-95a7-0fe616dd3b4b-impl-thread4] INFO  impl.StateMachineUpdater (StateMachineUpdater.java:stopAndJoin(163)) - 9d21e184-bccf-4583-95a7-0fe616dd3b4b@group-45121E95117A-StateMachineUpdater: set stopIndex = 7
2025-10-22 08:25:11,429 [9d21e184-bccf-4583-95a7-0fe616dd3b4b-impl-thread3] INFO  server.RaftServer$Division (RaftServerImpl.java:lambda$close$1(527)) - 9d21e184-bccf-4583-95a7-0fe616dd3b4b@group-E8ADAFC04A7A: shutdown
2025-10-22 08:25:11,430 [9d21e184-bccf-4583-95a7-0fe616dd3b4b-impl-thread3] INFO  util.JmxRegister (JmxRegister.java:unregister(74)) - Successfully un-registered JMX Bean with object name Ratis:service=RaftServer,group=group-E8ADAFC04A7A,id=9d21e184-bccf-4583-95a7-0fe616dd3b4b
2025-10-22 08:25:11,430 [9d21e184-bccf-4583-95a7-0fe616dd3b4b-impl-thread3] INFO  impl.RoleInfo (RoleInfo.java:shutdownLeaderState(103)) - 9d21e184-bccf-4583-95a7-0fe616dd3b4b: shutdown 9d21e184-bccf-4583-95a7-0fe616dd3b4b@group-E8ADAFC04A7A-LeaderStateImpl
2025-10-22 08:25:11,430 [9d21e184-bccf-4583-95a7-0fe616dd3b4b-impl-thread3] INFO  impl.PendingRequests (PendingRequests.java:sendNotLeaderResponses(287)) - 9d21e184-bccf-4583-95a7-0fe616dd3b4b@group-E8ADAFC04A7A-PendingRequests: sendNotLeaderResponses
2025-10-22 08:25:11,430 [9d21e184-bccf-4583-95a7-0fe616dd3b4b@group-E8ADAFC04A7A->0cab5a7d-6f40-474c-9abd-0651cf30726e-GrpcLogAppender-LogAppenderDaemon] WARN  server.GrpcLogAppender (GrpcLogAppender.java:mayWait(300)) - 9d21e184-bccf-4583-95a7-0fe616dd3b4b@group-E8ADAFC04A7A->0cab5a7d-6f40-474c-9abd-0651cf30726e-GrpcLogAppender: Wait interrupted by java.lang.InterruptedException
2025-10-22 08:25:11,431 [Thread-1964] INFO  server.GrpcServerProtocolClient (GrpcServerProtocolClient.java:close(105)) - 8aba082c-257b-43e3-ba61-5d436c5b38fa Close channels
2025-10-22 08:25:11,429 [9d21e184-bccf-4583-95a7-0fe616dd3b4b-impl-thread2] INFO  impl.PendingRequests (PendingRequests.java:sendNotLeaderResponses(287)) - 9d21e184-bccf-4583-95a7-0fe616dd3b4b@group-80CFAE06F78A-PendingRequests: sendNotLeaderResponses
2025-10-22 08:25:11,431 [Thread-1965] INFO  server.GrpcServerProtocolClient (GrpcServerProtocolClient.java:close(105)) - 0cab5a7d-6f40-474c-9abd-0651cf30726e Close channels
2025-10-22 08:25:11,431 [9d21e184-bccf-4583-95a7-0fe616dd3b4b@group-45121E95117A-FollowerState] INFO  impl.FollowerState (FollowerState.java:runImpl(170)) - 9d21e184-bccf-4583-95a7-0fe616dd3b4b@group-45121E95117A-FollowerState was interrupted
2025-10-22 08:25:11,432 [9d21e184-bccf-4583-95a7-0fe616dd3b4b@group-45121E95117A-StateMachineUpdater] INFO  ratis.ContainerStateMachine (ContainerStateMachine.java:takeSnapshot(427)) - group-45121E95117A: Taking a snapshot at:(t:1, i:7) file /home/runner/work/ozone/ozone/hadoop-ozone/integration-test/target/test-dir/MiniOzoneClusterImpl-a412b9f6-7d8b-4de3-a85c-9946bceaa3a0/ozone-metadata/datanode-9/ratis/967bd5c3-d4b6-4c7a-afa3-45121e95117a/sm/snapshot.1_7
2025-10-22 08:25:11,432 [9d21e184-bccf-4583-95a7-0fe616dd3b4b-impl-thread2] INFO  impl.StateMachineUpdater (StateMachineUpdater.java:stopAndJoin(163)) - 9d21e184-bccf-4583-95a7-0fe616dd3b4b@group-80CFAE06F78A-StateMachineUpdater: set stopIndex = 0
2025-10-22 08:25:11,432 [9d21e184-bccf-4583-95a7-0fe616dd3b4b@group-E8ADAFC04A7A->8aba082c-257b-43e3-ba61-5d436c5b38fa-GrpcLogAppender-LogAppenderDaemon] WARN  server.GrpcLogAppender (GrpcLogAppender.java:mayWait(300)) - 9d21e184-bccf-4583-95a7-0fe616dd3b4b@group-E8ADAFC04A7A->8aba082c-257b-43e3-ba61-5d436c5b38fa-GrpcLogAppender: Wait interrupted by java.lang.InterruptedException
2025-10-22 08:25:11,432 [9d21e184-bccf-4583-95a7-0fe616dd3b4b@group-80CFAE06F78A-StateMachineUpdater] INFO  ratis.ContainerStateMachine (ContainerStateMachine.java:takeSnapshot(427)) - group-80CFAE06F78A: Taking a snapshot at:(t:1, i:0) file /home/runner/work/ozone/ozone/hadoop-ozone/integration-test/target/test-dir/MiniOzoneClusterImpl-a412b9f6-7d8b-4de3-a85c-9946bceaa3a0/ozone-metadata/datanode-9/ratis/8aa17952-bc55-4375-bee5-80cfae06f78a/sm/snapshot.1_0
2025-10-22 08:25:11,433 [9d21e184-bccf-4583-95a7-0fe616dd3b4b-impl-thread3] INFO  impl.StateMachineUpdater (StateMachineUpdater.java:stopAndJoin(163)) - 9d21e184-bccf-4583-95a7-0fe616dd3b4b@group-E8ADAFC04A7A-StateMachineUpdater: set stopIndex = 8
2025-10-22 08:25:11,433 [9d21e184-bccf-4583-95a7-0fe616dd3b4b@group-80CFAE06F78A-StateMachineUpdater] INFO  ratis.ContainerStateMachine (ContainerStateMachine.java:takeSnapshot(436)) - group-80CFAE06F78A: Finished taking a snapshot at:(t:1, i:0) file:/home/runner/work/ozone/ozone/hadoop-ozone/integration-test/target/test-dir/MiniOzoneClusterImpl-a412b9f6-7d8b-4de3-a85c-9946bceaa3a0/ozone-metadata/datanode-9/ratis/8aa17952-bc55-4375-bee5-80cfae06f78a/sm/snapshot.1_0 took: 1 ms
2025-10-22 08:25:11,433 [9d21e184-bccf-4583-95a7-0fe616dd3b4b@group-45121E95117A-StateMachineUpdater] INFO  ratis.ContainerStateMachine (ContainerStateMachine.java:takeSnapshot(436)) - group-45121E95117A: Finished taking a snapshot at:(t:1, i:7) file:/home/runner/work/ozone/ozone/hadoop-ozone/integration-test/target/test-dir/MiniOzoneClusterImpl-a412b9f6-7d8b-4de3-a85c-9946bceaa3a0/ozone-metadata/datanode-9/ratis/967bd5c3-d4b6-4c7a-afa3-45121e95117a/sm/snapshot.1_7 took: 1 ms
2025-10-22 08:25:11,433 [9d21e184-bccf-4583-95a7-0fe616dd3b4b@group-80CFAE06F78A-StateMachineUpdater] INFO  impl.StateMachineUpdater (StateMachineUpdater.java:takeSnapshot(307)) - 9d21e184-bccf-4583-95a7-0fe616dd3b4b@group-80CFAE06F78A-StateMachineUpdater: Took a snapshot at index 0
2025-10-22 08:25:11,433 [9d21e184-bccf-4583-95a7-0fe616dd3b4b@group-45121E95117A-StateMachineUpdater] INFO  impl.StateMachineUpdater (StateMachineUpdater.java:takeSnapshot(307)) - 9d21e184-bccf-4583-95a7-0fe616dd3b4b@group-45121E95117A-StateMachineUpdater: Took a snapshot at index 7
2025-10-22 08:25:11,434 [9d21e184-bccf-4583-95a7-0fe616dd3b4b@group-E8ADAFC04A7A-StateMachineUpdater] INFO  ratis.ContainerStateMachine (ContainerStateMachine.java:takeSnapshot(427)) - group-E8ADAFC04A7A: Taking a snapshot at:(t:2, i:8) file /home/runner/work/ozone/ozone/hadoop-ozone/integration-test/target/test-dir/MiniOzoneClusterImpl-a412b9f6-7d8b-4de3-a85c-9946bceaa3a0/ozone-metadata/datanode-9/ratis/daae6601-de49-4157-b371-e8adafc04a7a/sm/snapshot.2_8
2025-10-22 08:25:11,434 [9d21e184-bccf-4583-95a7-0fe616dd3b4b@group-45121E95117A-StateMachineUpdater] INFO  impl.StateMachineUpdater (StateMachineUpdater.java:lambda$new$0(101)) - 9d21e184-bccf-4583-95a7-0fe616dd3b4b@group-45121E95117A-StateMachineUpdater: snapshotIndex: updateIncreasingly -1 -> 7
2025-10-22 08:25:11,434 [grpc-default-executor-5] INFO  server.GrpcLogAppender (GrpcLogAppender.java:onCompleted(558)) - 9d21e184-bccf-4583-95a7-0fe616dd3b4b@group-E8ADAFC04A7A->8aba082c-257b-43e3-ba61-5d436c5b38fa-AppendLogResponseHandler: follower responses appendEntries COMPLETED
2025-10-22 08:25:11,434 [9d21e184-bccf-4583-95a7-0fe616dd3b4b@group-80CFAE06F78A-StateMachineUpdater] INFO  impl.StateMachineUpdater (StateMachineUpdater.java:lambda$new$0(101)) - 9d21e184-bccf-4583-95a7-0fe616dd3b4b@group-80CFAE06F78A-StateMachineUpdater: snapshotIndex: updateIncreasingly -1 -> 0
2025-10-22 08:25:11,434 [grpc-default-executor-7] INFO  server.GrpcLogAppender (GrpcLogAppender.java:onCompleted(558)) - 9d21e184-bccf-4583-95a7-0fe616dd3b4b@group-E8ADAFC04A7A->8aba082c-257b-43e3-ba61-5d436c5b38fa-AppendLogResponseHandler: follower responses appendEntries COMPLETED
2025-10-22 08:25:11,434 [grpc-default-executor-7] WARN  server.GrpcLogAppender (GrpcLogAppender.java:resetClient(237)) - 9d21e184-bccf-4583-95a7-0fe616dd3b4b@group-E8ADAFC04A7A->8aba082c-257b-43e3-ba61-5d436c5b38fa-GrpcLogAppender: Failed to getClient for 8aba082c-257b-43e3-ba61-5d436c5b38fa
org.apache.ratis.protocol.exceptions.AlreadyClosedException: 9d21e184-bccf-4583-95a7-0fe616dd3b4b is already CLOSED
	at org.apache.ratis.util.PeerProxyMap$PeerAndProxy.getProxy(PeerProxyMap.java:67)
	at org.apache.ratis.util.PeerProxyMap.getProxy(PeerProxyMap.java:124)
	at org.apache.ratis.grpc.server.GrpcLogAppender.getClient(GrpcLogAppender.java:207)
	at org.apache.ratis.grpc.server.GrpcLogAppender.resetClient(GrpcLogAppender.java:212)
	at org.apache.ratis.grpc.server.GrpcLogAppender.access$800(GrpcLogAppender.java:70)
	at org.apache.ratis.grpc.server.GrpcLogAppender$AppendLogResponseHandler.onCompleted(GrpcLogAppender.java:559)
	at org.apache.ratis.thirdparty.io.grpc.stub.ClientCalls$StreamObserverToCallListenerAdapter.onClose(ClientCalls.java:562)
	at org.apache.ratis.thirdparty.io.grpc.internal.DelayedClientCall$DelayedListener$3.run(DelayedClientCall.java:489)
	at org.apache.ratis.thirdparty.io.grpc.internal.DelayedClientCall$DelayedListener.delayOrExecute(DelayedClientCall.java:453)
	at org.apache.ratis.thirdparty.io.grpc.internal.DelayedClientCall$DelayedListener.onClose(DelayedClientCall.java:486)
	at org.apache.ratis.thirdparty.io.grpc.internal.ClientCallImpl.closeObserver(ClientCallImpl.java:565)
	at org.apache.ratis.thirdparty.io.grpc.internal.ClientCallImpl.access$100(ClientCallImpl.java:72)
	at org.apache.ratis.thirdparty.io.grpc.internal.ClientCallImpl$ClientStreamListenerImpl$1StreamClosed.runInternal(ClientCallImpl.java:733)
	at org.apache.ratis.thirdparty.io.grpc.internal.ClientCallImpl$ClientStreamListenerImpl$1StreamClosed.runInContext(ClientCallImpl.java:714)
	at org.apache.ratis.thirdparty.io.grpc.internal.ContextRunnable.run(ContextRunnable.java:37)
	at org.apache.ratis.thirdparty.io.grpc.internal.SerializingExecutor.run(SerializingExecutor.java:133)
	at java.base/java.util.concurrent.ThreadPoolExecutor.runWorker(ThreadPoolExecutor.java:1144)
	at java.base/java.util.concurrent.ThreadPoolExecutor$Worker.run(ThreadPoolExecutor.java:642)
	at java.base/java.lang.Thread.run(Thread.java:1583)
2025-10-22 08:25:11,434 [grpc-default-executor-5] WARN  server.GrpcLogAppender (GrpcLogAppender.java:resetClient(237)) - 9d21e184-bccf-4583-95a7-0fe616dd3b4b@group-E8ADAFC04A7A->8aba082c-257b-43e3-ba61-5d436c5b38fa-GrpcLogAppender: Failed to getClient for 8aba082c-257b-43e3-ba61-5d436c5b38fa
org.apache.ratis.protocol.exceptions.AlreadyClosedException: 9d21e184-bccf-4583-95a7-0fe616dd3b4b is already CLOSED
	at org.apache.ratis.util.PeerProxyMap$PeerAndProxy.getProxy(PeerProxyMap.java:67)
	at org.apache.ratis.util.PeerProxyMap.getProxy(PeerProxyMap.java:124)
	at org.apache.ratis.grpc.server.GrpcLogAppender.getClient(GrpcLogAppender.java:207)
	at org.apache.ratis.grpc.server.GrpcLogAppender.resetClient(GrpcLogAppender.java:212)
	at org.apache.ratis.grpc.server.GrpcLogAppender.access$800(GrpcLogAppender.java:70)
	at org.apache.ratis.grpc.server.GrpcLogAppender$AppendLogResponseHandler.onCompleted(GrpcLogAppender.java:559)
	at org.apache.ratis.thirdparty.io.grpc.stub.ClientCalls$StreamObserverToCallListenerAdapter.onClose(ClientCalls.java:562)
	at org.apache.ratis.thirdparty.io.grpc.internal.ClientCallImpl.closeObserver(ClientCallImpl.java:565)
	at org.apache.ratis.thirdparty.io.grpc.internal.ClientCallImpl.access$100(ClientCallImpl.java:72)
	at org.apache.ratis.thirdparty.io.grpc.internal.ClientCallImpl$ClientStreamListenerImpl$1StreamClosed.runInternal(ClientCallImpl.java:733)
	at org.apache.ratis.thirdparty.io.grpc.internal.ClientCallImpl$ClientStreamListenerImpl$1StreamClosed.runInContext(ClientCallImpl.java:714)
	at org.apache.ratis.thirdparty.io.grpc.internal.ContextRunnable.run(ContextRunnable.java:37)
	at org.apache.ratis.thirdparty.io.grpc.internal.SerializingExecutor.run(SerializingExecutor.java:133)
	at java.base/java.util.concurrent.ThreadPoolExecutor.runWorker(ThreadPoolExecutor.java:1144)
	at java.base/java.util.concurrent.ThreadPoolExecutor$Worker.run(ThreadPoolExecutor.java:642)
	at java.base/java.lang.Thread.run(Thread.java:1583)
2025-10-22 08:25:11,434 [9d21e184-bccf-4583-95a7-0fe616dd3b4b@group-45121E95117A-StateMachineUpdater] INFO  impl.StateMachineUpdater (StateMachineUpdater.java:stop(140)) - 9d21e184-bccf-4583-95a7-0fe616dd3b4b@group-45121E95117A-StateMachineUpdater: closing ContainerStateMachine, lastApplied=(t:1, i:7)
2025-10-22 08:25:11,434 [ForkJoinPool-1-worker-1] INFO  server.GrpcServicesImpl (GrpcServicesImpl.java:closeImpl(364)) - 9d21e184-bccf-4583-95a7-0fe616dd3b4b: shutdown server org.apache.ratis.grpc.server.GrpcClientProtocolService successfully
2025-10-22 08:25:11,435 [ForkJoinPool-1-worker-1] INFO  server.GrpcServicesImpl (GrpcServicesImpl.java:closeImpl(355)) - 9d21e184-bccf-4583-95a7-0fe616dd3b4b: shutdown server GrpcServerProtocolService now
2025-10-22 08:25:11,435 [9d21e184-bccf-4583-95a7-0fe616dd3b4b@group-80CFAE06F78A-StateMachineUpdater] INFO  impl.StateMachineUpdater (StateMachineUpdater.java:stop(140)) - 9d21e184-bccf-4583-95a7-0fe616dd3b4b@group-80CFAE06F78A-StateMachineUpdater: closing ContainerStateMachine, lastApplied=(t:1, i:0)
2025-10-22 08:25:11,435 [9d21e184-bccf-4583-95a7-0fe616dd3b4b@group-E8ADAFC04A7A-StateMachineUpdater] INFO  ratis.ContainerStateMachine (ContainerStateMachine.java:takeSnapshot(436)) - group-E8ADAFC04A7A: Finished taking a snapshot at:(t:2, i:8) file:/home/runner/work/ozone/ozone/hadoop-ozone/integration-test/target/test-dir/MiniOzoneClusterImpl-a412b9f6-7d8b-4de3-a85c-9946bceaa3a0/ozone-metadata/datanode-9/ratis/daae6601-de49-4157-b371-e8adafc04a7a/sm/snapshot.2_8 took: 1 ms
2025-10-22 08:25:11,435 [9d21e184-bccf-4583-95a7-0fe616dd3b4b@group-E8ADAFC04A7A-StateMachineUpdater] INFO  impl.StateMachineUpdater (StateMachineUpdater.java:takeSnapshot(307)) - 9d21e184-bccf-4583-95a7-0fe616dd3b4b@group-E8ADAFC04A7A-StateMachineUpdater: Took a snapshot at index 8
2025-10-22 08:25:11,435 [9d21e184-bccf-4583-95a7-0fe616dd3b4b@group-E8ADAFC04A7A-StateMachineUpdater] INFO  impl.StateMachineUpdater (StateMachineUpdater.java:lambda$new$0(101)) - 9d21e184-bccf-4583-95a7-0fe616dd3b4b@group-E8ADAFC04A7A-StateMachineUpdater: snapshotIndex: updateIncreasingly -1 -> 8
2025-10-22 08:25:11,435 [9d21e184-bccf-4583-95a7-0fe616dd3b4b@group-E8ADAFC04A7A-StateMachineUpdater] INFO  impl.StateMachineUpdater (StateMachineUpdater.java:stop(140)) - 9d21e184-bccf-4583-95a7-0fe616dd3b4b@group-E8ADAFC04A7A-StateMachineUpdater: closing ContainerStateMachine, lastApplied=(t:2, i:8)
2025-10-22 08:25:11,436 [9d21e184-bccf-4583-95a7-0fe616dd3b4b@group-45121E95117A-cacheEviction-AwaitToRun] INFO  util.AwaitToRun (AwaitToRun.java:run(49)) - 9d21e184-bccf-4583-95a7-0fe616dd3b4b@group-45121E95117A-cacheEviction-AwaitToRun-AwaitForSignal is interrupted
2025-10-22 08:25:11,436 [9d21e184-bccf-4583-95a7-0fe616dd3b4b@group-80CFAE06F78A-cacheEviction-AwaitToRun] INFO  util.AwaitToRun (AwaitToRun.java:run(49)) - 9d21e184-bccf-4583-95a7-0fe616dd3b4b@group-80CFAE06F78A-cacheEviction-AwaitToRun-AwaitForSignal is interrupted
2025-10-22 08:25:11,436 [9d21e184-bccf-4583-95a7-0fe616dd3b4b@group-E8ADAFC04A7A-cacheEviction-AwaitToRun] INFO  util.AwaitToRun (AwaitToRun.java:run(49)) - 9d21e184-bccf-4583-95a7-0fe616dd3b4b@group-E8ADAFC04A7A-cacheEviction-AwaitToRun-AwaitForSignal is interrupted
2025-10-22 08:25:11,437 [grpc-default-executor-2] WARN  server.GrpcServerProtocolService (LogUtils.java:warn(127)) - 9d21e184-bccf-4583-95a7-0fe616dd3b4b: APPEND_ENTRIES onError, lastRequest: null: org.apache.ratis.thirdparty.io.grpc.StatusRuntimeException: CANCELLED: client cancelled
2025-10-22 08:25:11,437 [grpc-default-executor-5] WARN  server.GrpcServerProtocolService (LogUtils.java:warn(127)) - 9d21e184-bccf-4583-95a7-0fe616dd3b4b: APPEND_ENTRIES onError, lastRequest: 8aba082c-257b-43e3-ba61-5d436c5b38fa->9d21e184-bccf-4583-95a7-0fe616dd3b4b#176-t1,previous=(t:1, i:6),leaderCommit=6,initializing? false,entries: size=1, first=(t:1, i:7), METADATAENTRY(c:4): org.apache.ratis.thirdparty.io.grpc.StatusRuntimeException: CANCELLED: client cancelled
2025-10-22 08:25:11,437 [ForkJoinPool-1-worker-1] INFO  server.GrpcServicesImpl (GrpcServicesImpl.java:closeImpl(364)) - 9d21e184-bccf-4583-95a7-0fe616dd3b4b: shutdown server GrpcServerProtocolService successfully
2025-10-22 08:25:11,437 [ForkJoinPool-1-worker-1] INFO  server.GrpcServicesImpl (GrpcServicesImpl.java:closeImpl(355)) - 9d21e184-bccf-4583-95a7-0fe616dd3b4b: shutdown server org.apache.ratis.grpc.server.GrpcAdminProtocolService now
2025-10-22 08:25:11,437 [ForkJoinPool-1-worker-1] INFO  server.GrpcServicesImpl (GrpcServicesImpl.java:closeImpl(364)) - 9d21e184-bccf-4583-95a7-0fe616dd3b4b: shutdown server org.apache.ratis.grpc.server.GrpcAdminProtocolService successfully
2025-10-22 08:25:11,438 [grpc-default-executor-5] WARN  server.GrpcLogAppender (GrpcLogAppender.java:lambda$resetClient$1(228)) - 8aba082c-257b-43e3-ba61-5d436c5b38fa@group-45121E95117A->9d21e184-bccf-4583-95a7-0fe616dd3b4b-GrpcLogAppender: Follower failed (request=null, errorCount=1); keep nextIndex (8) unchanged and retry.
2025-10-22 08:25:11,438 [grpc-default-executor-7] WARN  server.GrpcLogAppender (LogUtils.java:warn(127)) - 8aba082c-257b-43e3-ba61-5d436c5b38fa@group-45121E95117A->9d21e184-bccf-4583-95a7-0fe616dd3b4b-AppendLogResponseHandler: Failed appendEntries: org.apache.ratis.thirdparty.io.grpc.StatusRuntimeException: CANCELLED: RST_STREAM closed stream. HTTP/2 error code: CANCEL
2025-10-22 08:25:11,443 [9d21e184-bccf-4583-95a7-0fe616dd3b4b-NettyServerStreamRpc-bossGroup--thread1] INFO  logging.LoggingHandler (AbstractInternalLogger.java:log(148)) - [id: 0x83e89403, L:/0.0.0.0:15080] CLOSE
2025-10-22 08:25:11,443 [9d21e184-bccf-4583-95a7-0fe616dd3b4b-NettyServerStreamRpc-bossGroup--thread1] INFO  logging.LoggingHandler (AbstractInternalLogger.java:log(148)) - [id: 0x83e89403, L:/0.0.0.0:15080] INACTIVE
2025-10-22 08:25:11,443 [9d21e184-bccf-4583-95a7-0fe616dd3b4b-NettyServerStreamRpc-bossGroup--thread1] INFO  logging.LoggingHandler (AbstractInternalLogger.java:log(148)) - [id: 0x83e89403, L:/0.0.0.0:15080] UNREGISTERED
2025-10-22 08:25:11,597 [1c036820-4dbe-4abe-80fb-5ca88de5e2f0@group-5E2F154B5BDB-FollowerState] INFO  impl.FollowerState (FollowerState.java:runImpl(161)) - 1c036820-4dbe-4abe-80fb-5ca88de5e2f0@group-5E2F154B5BDB-FollowerState: change to CANDIDATE, lastRpcElapsedTime:1033357545ns, electionTimeout:1033ms
2025-10-22 08:25:11,597 [1c036820-4dbe-4abe-80fb-5ca88de5e2f0@group-5E2F154B5BDB-FollowerState] INFO  impl.RoleInfo (RoleInfo.java:shutdownFollowerState(121)) - 1c036820-4dbe-4abe-80fb-5ca88de5e2f0: shutdown 1c036820-4dbe-4abe-80fb-5ca88de5e2f0@group-5E2F154B5BDB-FollowerState
2025-10-22 08:25:11,597 [1c036820-4dbe-4abe-80fb-5ca88de5e2f0@group-5E2F154B5BDB-FollowerState] INFO  server.RaftServer$Division (RaftServerImpl.java:setRole(392)) - 1c036820-4dbe-4abe-80fb-5ca88de5e2f0@group-5E2F154B5BDB: changes role from  FOLLOWER to CANDIDATE at term 2 for changeToCandidate
2025-10-22 08:25:11,597 [1c036820-4dbe-4abe-80fb-5ca88de5e2f0@group-5E2F154B5BDB-FollowerState] INFO  impl.RoleInfo (RoleInfo.java:updateAndGet(148)) - 1c036820-4dbe-4abe-80fb-5ca88de5e2f0: start 1c036820-4dbe-4abe-80fb-5ca88de5e2f0@group-5E2F154B5BDB-LeaderElection158
2025-10-22 08:25:11,597 [1c036820-4dbe-4abe-80fb-5ca88de5e2f0@group-5E2F154B5BDB-LeaderElection158] INFO  impl.LeaderElection (LeaderElection.java:askForVotes(448)) - 1c036820-4dbe-4abe-80fb-5ca88de5e2f0@group-5E2F154B5BDB-LeaderElection158 PRE_VOTE round 0: submit vote requests at term 2 for conf: {index: 1, cur=peers:[4d8a2798-959e-416b-b534-19c13b55a760|127.0.0.1:15023, 1c036820-4dbe-4abe-80fb-5ca88de5e2f0|127.0.0.1:15015, 40df8fc4-149d-40c0-897d-2844034d8141|127.0.0.1:15031]|listeners:[], old=null}
2025-10-22 08:25:11,598 [1c036820-4dbe-4abe-80fb-5ca88de5e2f0@group-5E2F154B5BDB-LeaderElection158] INFO  impl.LeaderElection (LogUtils.java:infoOrTrace(142)) - 1c036820-4dbe-4abe-80fb-5ca88de5e2f0@group-5E2F154B5BDB-LeaderElection158 got exception when requesting votes: java.util.concurrent.ExecutionException: org.apache.ratis.thirdparty.io.grpc.StatusRuntimeException: UNAVAILABLE: io exception
2025-10-22 08:25:11,598 [1c036820-4dbe-4abe-80fb-5ca88de5e2f0@group-5E2F154B5BDB-LeaderElection158] INFO  impl.LeaderElection (LogUtils.java:infoOrTrace(142)) - 1c036820-4dbe-4abe-80fb-5ca88de5e2f0@group-5E2F154B5BDB-LeaderElection158 got exception when requesting votes: java.util.concurrent.ExecutionException: org.apache.ratis.thirdparty.io.grpc.StatusRuntimeException: UNAVAILABLE: io exception
2025-10-22 08:25:11,598 [1c036820-4dbe-4abe-80fb-5ca88de5e2f0@group-5E2F154B5BDB-LeaderElection158] INFO  impl.LeaderElection (LeaderElection.java:logAndReturn(206)) - 1c036820-4dbe-4abe-80fb-5ca88de5e2f0@group-5E2F154B5BDB-LeaderElection158: PRE_VOTE REJECTED received 0 response(s) and 2 exception(s):
2025-10-22 08:25:11,598 [1c036820-4dbe-4abe-80fb-5ca88de5e2f0@group-5E2F154B5BDB-LeaderElection158] INFO  impl.LeaderElection (LogUtils.java:infoOrTrace(142)) -   Exception 0: java.util.concurrent.ExecutionException: org.apache.ratis.thirdparty.io.grpc.StatusRuntimeException: UNAVAILABLE: io exception
2025-10-22 08:25:11,598 [1c036820-4dbe-4abe-80fb-5ca88de5e2f0@group-5E2F154B5BDB-LeaderElection158] INFO  impl.LeaderElection (LogUtils.java:infoOrTrace(142)) -   Exception 1: java.util.concurrent.ExecutionException: org.apache.ratis.thirdparty.io.grpc.StatusRuntimeException: UNAVAILABLE: io exception
2025-10-22 08:25:11,598 [1c036820-4dbe-4abe-80fb-5ca88de5e2f0@group-5E2F154B5BDB-LeaderElection158] INFO  impl.LeaderElection (LeaderElection.java:askForVotes(450)) - 1c036820-4dbe-4abe-80fb-5ca88de5e2f0@group-5E2F154B5BDB-LeaderElection158 PRE_VOTE round 0: result REJECTED
2025-10-22 08:25:11,598 [1c036820-4dbe-4abe-80fb-5ca88de5e2f0@group-5E2F154B5BDB-LeaderElection158] INFO  server.RaftServer$Division (RaftServerImpl.java:setRole(392)) - 1c036820-4dbe-4abe-80fb-5ca88de5e2f0@group-5E2F154B5BDB: changes role from CANDIDATE to FOLLOWER at term 2 for REJECTED
2025-10-22 08:25:11,598 [1c036820-4dbe-4abe-80fb-5ca88de5e2f0@group-5E2F154B5BDB-LeaderElection158] INFO  impl.RoleInfo (RoleInfo.java:shutdownLeaderElection(141)) - 1c036820-4dbe-4abe-80fb-5ca88de5e2f0: shutdown 1c036820-4dbe-4abe-80fb-5ca88de5e2f0@group-5E2F154B5BDB-LeaderElection158
2025-10-22 08:25:11,598 [1c036820-4dbe-4abe-80fb-5ca88de5e2f0@group-5E2F154B5BDB-LeaderElection158] INFO  impl.RoleInfo (RoleInfo.java:updateAndGet(148)) - 1c036820-4dbe-4abe-80fb-5ca88de5e2f0: start 1c036820-4dbe-4abe-80fb-5ca88de5e2f0@group-5E2F154B5BDB-FollowerState
2025-10-22 08:25:11,605 [9d21e184-bccf-4583-95a7-0fe616dd3b4b-impl-thread3] INFO  segmented.SegmentedRaftLogWorker (SegmentedRaftLogWorker.java:close(254)) - 9d21e184-bccf-4583-95a7-0fe616dd3b4b@group-E8ADAFC04A7A-SegmentedRaftLogWorker close()
2025-10-22 08:25:11,605 [9d21e184-bccf-4583-95a7-0fe616dd3b4b-impl-thread3] INFO  ratis.ContainerStateMachine (ContainerStateMachine.java:notifyServerShutdown(1038)) - group-E8ADAFC04A7A is closed by HddsDatanodeService
2025-10-22 08:25:11,967 [9d21e184-bccf-4583-95a7-0fe616dd3b4b-impl-thread2] INFO  segmented.SegmentedRaftLogWorker (SegmentedRaftLogWorker.java:close(254)) - 9d21e184-bccf-4583-95a7-0fe616dd3b4b@group-80CFAE06F78A-SegmentedRaftLogWorker close()
2025-10-22 08:25:11,967 [9d21e184-bccf-4583-95a7-0fe616dd3b4b-impl-thread2] INFO  ratis.ContainerStateMachine (ContainerStateMachine.java:notifyServerShutdown(1038)) - group-80CFAE06F78A is closed by HddsDatanodeService
2025-10-22 08:25:11,998 [4d8a2798-959e-416b-b534-19c13b55a760@group-5E2F154B5BDB-FollowerState] INFO  impl.FollowerState (FollowerState.java:runImpl(161)) - 4d8a2798-959e-416b-b534-19c13b55a760@group-5E2F154B5BDB-FollowerState: change to CANDIDATE, lastRpcElapsedTime:1119753508ns, electionTimeout:1074ms
2025-10-22 08:25:11,998 [4d8a2798-959e-416b-b534-19c13b55a760@group-5E2F154B5BDB-FollowerState] INFO  impl.RoleInfo (RoleInfo.java:shutdownFollowerState(121)) - 4d8a2798-959e-416b-b534-19c13b55a760: shutdown 4d8a2798-959e-416b-b534-19c13b55a760@group-5E2F154B5BDB-FollowerState
2025-10-22 08:25:11,998 [4d8a2798-959e-416b-b534-19c13b55a760@group-5E2F154B5BDB-FollowerState] INFO  server.RaftServer$Division (RaftServerImpl.java:setRole(392)) - 4d8a2798-959e-416b-b534-19c13b55a760@group-5E2F154B5BDB: changes role from  FOLLOWER to CANDIDATE at term 2 for changeToCandidate
2025-10-22 08:25:11,998 [4d8a2798-959e-416b-b534-19c13b55a760@group-5E2F154B5BDB-FollowerState] INFO  impl.RoleInfo (RoleInfo.java:updateAndGet(148)) - 4d8a2798-959e-416b-b534-19c13b55a760: start 4d8a2798-959e-416b-b534-19c13b55a760@group-5E2F154B5BDB-LeaderElection159
2025-10-22 08:25:11,998 [4d8a2798-959e-416b-b534-19c13b55a760@group-5E2F154B5BDB-LeaderElection159] INFO  impl.LeaderElection (LeaderElection.java:askForVotes(448)) - 4d8a2798-959e-416b-b534-19c13b55a760@group-5E2F154B5BDB-LeaderElection159 PRE_VOTE round 0: submit vote requests at term 2 for conf: {index: 1, cur=peers:[4d8a2798-959e-416b-b534-19c13b55a760|127.0.0.1:15023, 1c036820-4dbe-4abe-80fb-5ca88de5e2f0|127.0.0.1:15015, 40df8fc4-149d-40c0-897d-2844034d8141|127.0.0.1:15031]|listeners:[], old=null}
2025-10-22 08:25:12,000 [grpc-default-executor-8] INFO  server.RaftServer$Division (RaftServerImpl.java:requestVote(1421)) - 40df8fc4-149d-40c0-897d-2844034d8141@group-5E2F154B5BDB: receive requestVote(PRE_VOTE, 4d8a2798-959e-416b-b534-19c13b55a760, group-5E2F154B5BDB, 2, (t:2, i:2))
2025-10-22 08:25:12,000 [grpc-default-executor-8] INFO  impl.VoteContext (VoteContext.java:log(49)) - 40df8fc4-149d-40c0-897d-2844034d8141@group-5E2F154B5BDB-FOLLOWER: accept PRE_VOTE from 4d8a2798-959e-416b-b534-19c13b55a760: our priority 0 <= candidate's priority 0
2025-10-22 08:25:12,000 [grpc-default-executor-8] INFO  server.RaftServer$Division (RaftServerImpl.java:requestVote(1455)) - 40df8fc4-149d-40c0-897d-2844034d8141@group-5E2F154B5BDB replies to PRE_VOTE vote request: 4d8a2798-959e-416b-b534-19c13b55a760<-40df8fc4-149d-40c0-897d-2844034d8141#0:OK-t2-last:(t:2, i:2). Peer's state: 40df8fc4-149d-40c0-897d-2844034d8141@group-5E2F154B5BDB:t2, leader=null, voted=1c036820-4dbe-4abe-80fb-5ca88de5e2f0, raftlog=Memoized:40df8fc4-149d-40c0-897d-2844034d8141@group-5E2F154B5BDB-SegmentedRaftLog:OPENED:c2:last(t:2, i:2), conf=conf: {index: 1, cur=peers:[4d8a2798-959e-416b-b534-19c13b55a760|127.0.0.1:15023, 1c036820-4dbe-4abe-80fb-5ca88de5e2f0|127.0.0.1:15015, 40df8fc4-149d-40c0-897d-2844034d8141|127.0.0.1:15031]|listeners:[], old=null}
2025-10-22 08:25:12,000 [grpc-default-executor-2] INFO  server.RaftServer$Division (RaftServerImpl.java:requestVote(1421)) - 1c036820-4dbe-4abe-80fb-5ca88de5e2f0@group-5E2F154B5BDB: receive requestVote(PRE_VOTE, 4d8a2798-959e-416b-b534-19c13b55a760, group-5E2F154B5BDB, 2, (t:2, i:2))
2025-10-22 08:25:12,001 [grpc-default-executor-2] INFO  impl.VoteContext (VoteContext.java:log(49)) - 1c036820-4dbe-4abe-80fb-5ca88de5e2f0@group-5E2F154B5BDB-FOLLOWER: reject PRE_VOTE from 4d8a2798-959e-416b-b534-19c13b55a760: our priority 1 > candidate's priority 0
2025-10-22 08:25:12,001 [grpc-default-executor-2] INFO  server.RaftServer$Division (RaftServerImpl.java:requestVote(1455)) - 1c036820-4dbe-4abe-80fb-5ca88de5e2f0@group-5E2F154B5BDB replies to PRE_VOTE vote request: 4d8a2798-959e-416b-b534-19c13b55a760<-1c036820-4dbe-4abe-80fb-5ca88de5e2f0#0:FAIL-t2-last:(t:2, i:2). Peer's state: 1c036820-4dbe-4abe-80fb-5ca88de5e2f0@group-5E2F154B5BDB:t2, leader=null, voted=1c036820-4dbe-4abe-80fb-5ca88de5e2f0, raftlog=Memoized:1c036820-4dbe-4abe-80fb-5ca88de5e2f0@group-5E2F154B5BDB-SegmentedRaftLog:OPENED:c2:last(t:2, i:2), conf=conf: {index: 1, cur=peers:[4d8a2798-959e-416b-b534-19c13b55a760|127.0.0.1:15023, 1c036820-4dbe-4abe-80fb-5ca88de5e2f0|127.0.0.1:15015, 40df8fc4-149d-40c0-897d-2844034d8141|127.0.0.1:15031]|listeners:[], old=null}
2025-10-22 08:25:12,001 [4d8a2798-959e-416b-b534-19c13b55a760@group-5E2F154B5BDB-LeaderElection159] INFO  impl.LeaderElection (LeaderElection.java:logAndReturn(206)) - 4d8a2798-959e-416b-b534-19c13b55a760@group-5E2F154B5BDB-LeaderElection159: PRE_VOTE REJECTED received 2 response(s) and 0 exception(s):
2025-10-22 08:25:12,001 [4d8a2798-959e-416b-b534-19c13b55a760@group-5E2F154B5BDB-LeaderElection159] INFO  impl.LeaderElection (LeaderElection.java:logAndReturn(210)) -   Response 0: 4d8a2798-959e-416b-b534-19c13b55a760<-1c036820-4dbe-4abe-80fb-5ca88de5e2f0#0:FAIL-t2-last:(t:2, i:2)
2025-10-22 08:25:12,001 [4d8a2798-959e-416b-b534-19c13b55a760@group-5E2F154B5BDB-LeaderElection159] INFO  impl.LeaderElection (LeaderElection.java:logAndReturn(210)) -   Response 1: 4d8a2798-959e-416b-b534-19c13b55a760<-40df8fc4-149d-40c0-897d-2844034d8141#0:OK-t2-last:(t:2, i:2)
2025-10-22 08:25:12,001 [4d8a2798-959e-416b-b534-19c13b55a760@group-5E2F154B5BDB-LeaderElection159] INFO  impl.LeaderElection (LeaderElection.java:askForVotes(450)) - 4d8a2798-959e-416b-b534-19c13b55a760@group-5E2F154B5BDB-LeaderElection159 PRE_VOTE round 0: result REJECTED
2025-10-22 08:25:12,001 [4d8a2798-959e-416b-b534-19c13b55a760@group-5E2F154B5BDB-LeaderElection159] INFO  server.RaftServer$Division (RaftServerImpl.java:setRole(392)) - 4d8a2798-959e-416b-b534-19c13b55a760@group-5E2F154B5BDB: changes role from CANDIDATE to FOLLOWER at term 2 for REJECTED
2025-10-22 08:25:12,001 [4d8a2798-959e-416b-b534-19c13b55a760@group-5E2F154B5BDB-LeaderElection159] INFO  impl.RoleInfo (RoleInfo.java:shutdownLeaderElection(141)) - 4d8a2798-959e-416b-b534-19c13b55a760: shutdown 4d8a2798-959e-416b-b534-19c13b55a760@group-5E2F154B5BDB-LeaderElection159
2025-10-22 08:25:12,002 [4d8a2798-959e-416b-b534-19c13b55a760@group-5E2F154B5BDB-LeaderElection159] INFO  impl.RoleInfo (RoleInfo.java:updateAndGet(148)) - 4d8a2798-959e-416b-b534-19c13b55a760: start 4d8a2798-959e-416b-b534-19c13b55a760@group-5E2F154B5BDB-FollowerState
2025-10-22 08:25:12,379 [9d21e184-bccf-4583-95a7-0fe616dd3b4b-impl-thread4] INFO  segmented.SegmentedRaftLogWorker (SegmentedRaftLogWorker.java:close(254)) - 9d21e184-bccf-4583-95a7-0fe616dd3b4b@group-45121E95117A-SegmentedRaftLogWorker close()
2025-10-22 08:25:12,380 [9d21e184-bccf-4583-95a7-0fe616dd3b4b-impl-thread4] INFO  ratis.ContainerStateMachine (ContainerStateMachine.java:notifyServerShutdown(1038)) - group-45121E95117A is closed by HddsDatanodeService
2025-10-22 08:25:12,380 [JvmPauseMonitor11] INFO  util.JvmPauseMonitor (JvmPauseMonitor.java:run(152)) - JvmPauseMonitor-9d21e184-bccf-4583-95a7-0fe616dd3b4b: Stopped
2025-10-22 08:25:12,719 [1c036820-4dbe-4abe-80fb-5ca88de5e2f0@group-5E2F154B5BDB-FollowerState] INFO  impl.FollowerState (FollowerState.java:runImpl(161)) - 1c036820-4dbe-4abe-80fb-5ca88de5e2f0@group-5E2F154B5BDB-FollowerState: change to CANDIDATE, lastRpcElapsedTime:1120285586ns, electionTimeout:1120ms
2025-10-22 08:25:12,719 [1c036820-4dbe-4abe-80fb-5ca88de5e2f0@group-5E2F154B5BDB-FollowerState] INFO  impl.RoleInfo (RoleInfo.java:shutdownFollowerState(121)) - 1c036820-4dbe-4abe-80fb-5ca88de5e2f0: shutdown 1c036820-4dbe-4abe-80fb-5ca88de5e2f0@group-5E2F154B5BDB-FollowerState
2025-10-22 08:25:12,719 [1c036820-4dbe-4abe-80fb-5ca88de5e2f0@group-5E2F154B5BDB-FollowerState] INFO  server.RaftServer$Division (RaftServerImpl.java:setRole(392)) - 1c036820-4dbe-4abe-80fb-5ca88de5e2f0@group-5E2F154B5BDB: changes role from  FOLLOWER to CANDIDATE at term 2 for changeToCandidate
2025-10-22 08:25:12,719 [1c036820-4dbe-4abe-80fb-5ca88de5e2f0@group-5E2F154B5BDB-FollowerState] INFO  impl.RoleInfo (RoleInfo.java:updateAndGet(148)) - 1c036820-4dbe-4abe-80fb-5ca88de5e2f0: start 1c036820-4dbe-4abe-80fb-5ca88de5e2f0@group-5E2F154B5BDB-LeaderElection160
2025-10-22 08:25:12,719 [1c036820-4dbe-4abe-80fb-5ca88de5e2f0@group-5E2F154B5BDB-LeaderElection160] INFO  impl.LeaderElection (LeaderElection.java:askForVotes(448)) - 1c036820-4dbe-4abe-80fb-5ca88de5e2f0@group-5E2F154B5BDB-LeaderElection160 PRE_VOTE round 0: submit vote requests at term 2 for conf: {index: 1, cur=peers:[4d8a2798-959e-416b-b534-19c13b55a760|127.0.0.1:15023, 1c036820-4dbe-4abe-80fb-5ca88de5e2f0|127.0.0.1:15015, 40df8fc4-149d-40c0-897d-2844034d8141|127.0.0.1:15031]|listeners:[], old=null}
2025-10-22 08:25:12,720 [1c036820-4dbe-4abe-80fb-5ca88de5e2f0@group-5E2F154B5BDB-LeaderElection160] INFO  impl.LeaderElection (LogUtils.java:infoOrTrace(142)) - 1c036820-4dbe-4abe-80fb-5ca88de5e2f0@group-5E2F154B5BDB-LeaderElection160 got exception when requesting votes: java.util.concurrent.ExecutionException: org.apache.ratis.thirdparty.io.grpc.StatusRuntimeException: UNAVAILABLE: io exception
2025-10-22 08:25:12,720 [1c036820-4dbe-4abe-80fb-5ca88de5e2f0@group-5E2F154B5BDB-LeaderElection160] INFO  impl.LeaderElection (LogUtils.java:infoOrTrace(142)) - 1c036820-4dbe-4abe-80fb-5ca88de5e2f0@group-5E2F154B5BDB-LeaderElection160 got exception when requesting votes: java.util.concurrent.ExecutionException: org.apache.ratis.thirdparty.io.grpc.StatusRuntimeException: UNAVAILABLE: io exception
2025-10-22 08:25:12,720 [1c036820-4dbe-4abe-80fb-5ca88de5e2f0@group-5E2F154B5BDB-LeaderElection160] INFO  impl.LeaderElection (LeaderElection.java:logAndReturn(206)) - 1c036820-4dbe-4abe-80fb-5ca88de5e2f0@group-5E2F154B5BDB-LeaderElection160: PRE_VOTE REJECTED received 0 response(s) and 2 exception(s):
2025-10-22 08:25:12,720 [1c036820-4dbe-4abe-80fb-5ca88de5e2f0@group-5E2F154B5BDB-LeaderElection160] INFO  impl.LeaderElection (LogUtils.java:infoOrTrace(142)) -   Exception 0: java.util.concurrent.ExecutionException: org.apache.ratis.thirdparty.io.grpc.StatusRuntimeException: UNAVAILABLE: io exception
2025-10-22 08:25:12,720 [1c036820-4dbe-4abe-80fb-5ca88de5e2f0@group-5E2F154B5BDB-LeaderElection160] INFO  impl.LeaderElection (LogUtils.java:infoOrTrace(142)) -   Exception 1: java.util.concurrent.ExecutionException: org.apache.ratis.thirdparty.io.grpc.StatusRuntimeException: UNAVAILABLE: io exception
2025-10-22 08:25:12,720 [1c036820-4dbe-4abe-80fb-5ca88de5e2f0@group-5E2F154B5BDB-LeaderElection160] INFO  impl.LeaderElection (LeaderElection.java:askForVotes(450)) - 1c036820-4dbe-4abe-80fb-5ca88de5e2f0@group-5E2F154B5BDB-LeaderElection160 PRE_VOTE round 0: result REJECTED
2025-10-22 08:25:12,720 [1c036820-4dbe-4abe-80fb-5ca88de5e2f0@group-5E2F154B5BDB-LeaderElection160] INFO  server.RaftServer$Division (RaftServerImpl.java:setRole(392)) - 1c036820-4dbe-4abe-80fb-5ca88de5e2f0@group-5E2F154B5BDB: changes role from CANDIDATE to FOLLOWER at term 2 for REJECTED
2025-10-22 08:25:12,720 [1c036820-4dbe-4abe-80fb-5ca88de5e2f0@group-5E2F154B5BDB-LeaderElection160] INFO  impl.RoleInfo (RoleInfo.java:shutdownLeaderElection(141)) - 1c036820-4dbe-4abe-80fb-5ca88de5e2f0: shutdown 1c036820-4dbe-4abe-80fb-5ca88de5e2f0@group-5E2F154B5BDB-LeaderElection160
2025-10-22 08:25:12,720 [1c036820-4dbe-4abe-80fb-5ca88de5e2f0@group-5E2F154B5BDB-LeaderElection160] INFO  impl.RoleInfo (RoleInfo.java:updateAndGet(148)) - 1c036820-4dbe-4abe-80fb-5ca88de5e2f0: start 1c036820-4dbe-4abe-80fb-5ca88de5e2f0@group-5E2F154B5BDB-FollowerState
2025-10-22 08:25:12,847 [8aba082c-257b-43e3-ba61-5d436c5b38fa@group-E8ADAFC04A7A-FollowerState] INFO  impl.FollowerState (FollowerState.java:runImpl(161)) - 8aba082c-257b-43e3-ba61-5d436c5b38fa@group-E8ADAFC04A7A-FollowerState: change to CANDIDATE, lastRpcElapsedTime:1739828870ns, electionTimeout:1007ms
2025-10-22 08:25:12,847 [8aba082c-257b-43e3-ba61-5d436c5b38fa@group-E8ADAFC04A7A-FollowerState] INFO  impl.RoleInfo (RoleInfo.java:shutdownFollowerState(121)) - 8aba082c-257b-43e3-ba61-5d436c5b38fa: shutdown 8aba082c-257b-43e3-ba61-5d436c5b38fa@group-E8ADAFC04A7A-FollowerState
2025-10-22 08:25:12,848 [8aba082c-257b-43e3-ba61-5d436c5b38fa@group-E8ADAFC04A7A-FollowerState] INFO  server.RaftServer$Division (RaftServerImpl.java:setRole(392)) - 8aba082c-257b-43e3-ba61-5d436c5b38fa@group-E8ADAFC04A7A: changes role from  FOLLOWER to CANDIDATE at term 2 for changeToCandidate
2025-10-22 08:25:12,848 [8aba082c-257b-43e3-ba61-5d436c5b38fa@group-E8ADAFC04A7A-FollowerState] INFO  impl.RoleInfo (RoleInfo.java:updateAndGet(148)) - 8aba082c-257b-43e3-ba61-5d436c5b38fa: start 8aba082c-257b-43e3-ba61-5d436c5b38fa@group-E8ADAFC04A7A-LeaderElection161
2025-10-22 08:25:12,848 [8aba082c-257b-43e3-ba61-5d436c5b38fa@group-E8ADAFC04A7A-LeaderElection161] INFO  server.RaftServer$Division (ServerState.java:setLeader(272)) - 8aba082c-257b-43e3-ba61-5d436c5b38fa@group-E8ADAFC04A7A: change Leader from 9d21e184-bccf-4583-95a7-0fe616dd3b4b to null at term 2 for PRE_VOTE
2025-10-22 08:25:12,848 [8aba082c-257b-43e3-ba61-5d436c5b38fa@group-E8ADAFC04A7A-LeaderElection161] INFO  impl.LeaderElection (LeaderElection.java:askForVotes(448)) - 8aba082c-257b-43e3-ba61-5d436c5b38fa@group-E8ADAFC04A7A-LeaderElection161 PRE_VOTE round 0: submit vote requests at term 2 for conf: {index: 7, cur=peers:[9d21e184-bccf-4583-95a7-0fe616dd3b4b|127.0.0.1:15079, 8aba082c-257b-43e3-ba61-5d436c5b38fa|127.0.0.1:15063, 0cab5a7d-6f40-474c-9abd-0651cf30726e|127.0.0.1:15071]|listeners:[], old=null}
2025-10-22 08:25:12,849 [8aba082c-257b-43e3-ba61-5d436c5b38fa@group-E8ADAFC04A7A-LeaderElection161] INFO  impl.LeaderElection (LogUtils.java:infoOrTrace(142)) - 8aba082c-257b-43e3-ba61-5d436c5b38fa@group-E8ADAFC04A7A-LeaderElection161 got exception when requesting votes: java.util.concurrent.ExecutionException: org.apache.ratis.thirdparty.io.grpc.StatusRuntimeException: UNAVAILABLE: io exception
2025-10-22 08:25:12,849 [8aba082c-257b-43e3-ba61-5d436c5b38fa@group-E8ADAFC04A7A-LeaderElection161] INFO  impl.LeaderElection (LogUtils.java:infoOrTrace(142)) - 8aba082c-257b-43e3-ba61-5d436c5b38fa@group-E8ADAFC04A7A-LeaderElection161 got exception when requesting votes: java.util.concurrent.ExecutionException: org.apache.ratis.thirdparty.io.grpc.StatusRuntimeException: UNAVAILABLE: io exception
2025-10-22 08:25:12,849 [8aba082c-257b-43e3-ba61-5d436c5b38fa@group-E8ADAFC04A7A-LeaderElection161] INFO  impl.LeaderElection (LeaderElection.java:logAndReturn(206)) - 8aba082c-257b-43e3-ba61-5d436c5b38fa@group-E8ADAFC04A7A-LeaderElection161: PRE_VOTE REJECTED received 0 response(s) and 2 exception(s):
2025-10-22 08:25:12,849 [8aba082c-257b-43e3-ba61-5d436c5b38fa@group-E8ADAFC04A7A-LeaderElection161] INFO  impl.LeaderElection (LogUtils.java:infoOrTrace(142)) -   Exception 0: java.util.concurrent.ExecutionException: org.apache.ratis.thirdparty.io.grpc.StatusRuntimeException: UNAVAILABLE: io exception
2025-10-22 08:25:12,849 [8aba082c-257b-43e3-ba61-5d436c5b38fa@group-E8ADAFC04A7A-LeaderElection161] INFO  impl.LeaderElection (LogUtils.java:infoOrTrace(142)) -   Exception 1: java.util.concurrent.ExecutionException: org.apache.ratis.thirdparty.io.grpc.StatusRuntimeException: UNAVAILABLE: io exception
2025-10-22 08:25:12,849 [8aba082c-257b-43e3-ba61-5d436c5b38fa@group-E8ADAFC04A7A-LeaderElection161] INFO  impl.LeaderElection (LeaderElection.java:askForVotes(450)) - 8aba082c-257b-43e3-ba61-5d436c5b38fa@group-E8ADAFC04A7A-LeaderElection161 PRE_VOTE round 0: result REJECTED
2025-10-22 08:25:12,849 [8aba082c-257b-43e3-ba61-5d436c5b38fa@group-E8ADAFC04A7A-LeaderElection161] INFO  server.RaftServer$Division (RaftServerImpl.java:setRole(392)) - 8aba082c-257b-43e3-ba61-5d436c5b38fa@group-E8ADAFC04A7A: changes role from CANDIDATE to FOLLOWER at term 2 for REJECTED
2025-10-22 08:25:12,849 [8aba082c-257b-43e3-ba61-5d436c5b38fa@group-E8ADAFC04A7A-LeaderElection161] INFO  impl.RoleInfo (RoleInfo.java:shutdownLeaderElection(141)) - 8aba082c-257b-43e3-ba61-5d436c5b38fa: shutdown 8aba082c-257b-43e3-ba61-5d436c5b38fa@group-E8ADAFC04A7A-LeaderElection161
2025-10-22 08:25:12,849 [8aba082c-257b-43e3-ba61-5d436c5b38fa@group-E8ADAFC04A7A-LeaderElection161] INFO  impl.RoleInfo (RoleInfo.java:updateAndGet(148)) - 8aba082c-257b-43e3-ba61-5d436c5b38fa: start 8aba082c-257b-43e3-ba61-5d436c5b38fa@group-E8ADAFC04A7A-FollowerState
2025-10-22 08:25:13,138 [40df8fc4-149d-40c0-897d-2844034d8141@group-5E2F154B5BDB-FollowerState] INFO  impl.FollowerState (FollowerState.java:runImpl(161)) - 40df8fc4-149d-40c0-897d-2844034d8141@group-5E2F154B5BDB-FollowerState: change to CANDIDATE, lastRpcElapsedTime:1137777105ns, electionTimeout:1123ms
2025-10-22 08:25:13,138 [40df8fc4-149d-40c0-897d-2844034d8141@group-5E2F154B5BDB-FollowerState] INFO  impl.RoleInfo (RoleInfo.java:shutdownFollowerState(121)) - 40df8fc4-149d-40c0-897d-2844034d8141: shutdown 40df8fc4-149d-40c0-897d-2844034d8141@group-5E2F154B5BDB-FollowerState
2025-10-22 08:25:13,138 [40df8fc4-149d-40c0-897d-2844034d8141@group-5E2F154B5BDB-FollowerState] INFO  server.RaftServer$Division (RaftServerImpl.java:setRole(392)) - 40df8fc4-149d-40c0-897d-2844034d8141@group-5E2F154B5BDB: changes role from  FOLLOWER to CANDIDATE at term 2 for changeToCandidate
2025-10-22 08:25:13,138 [40df8fc4-149d-40c0-897d-2844034d8141@group-5E2F154B5BDB-FollowerState] INFO  impl.RoleInfo (RoleInfo.java:updateAndGet(148)) - 40df8fc4-149d-40c0-897d-2844034d8141: start 40df8fc4-149d-40c0-897d-2844034d8141@group-5E2F154B5BDB-LeaderElection162
2025-10-22 08:25:13,138 [40df8fc4-149d-40c0-897d-2844034d8141@group-5E2F154B5BDB-LeaderElection162] INFO  impl.LeaderElection (LeaderElection.java:askForVotes(448)) - 40df8fc4-149d-40c0-897d-2844034d8141@group-5E2F154B5BDB-LeaderElection162 PRE_VOTE round 0: submit vote requests at term 2 for conf: {index: 1, cur=peers:[4d8a2798-959e-416b-b534-19c13b55a760|127.0.0.1:15023, 1c036820-4dbe-4abe-80fb-5ca88de5e2f0|127.0.0.1:15015, 40df8fc4-149d-40c0-897d-2844034d8141|127.0.0.1:15031]|listeners:[], old=null}
2025-10-22 08:25:13,140 [grpc-default-executor-2] INFO  server.RaftServer$Division (RaftServerImpl.java:requestVote(1421)) - 4d8a2798-959e-416b-b534-19c13b55a760@group-5E2F154B5BDB: receive requestVote(PRE_VOTE, 40df8fc4-149d-40c0-897d-2844034d8141, group-5E2F154B5BDB, 2, (t:2, i:2))
2025-10-22 08:25:13,140 [grpc-default-executor-7] INFO  server.RaftServer$Division (RaftServerImpl.java:requestVote(1421)) - 1c036820-4dbe-4abe-80fb-5ca88de5e2f0@group-5E2F154B5BDB: receive requestVote(PRE_VOTE, 40df8fc4-149d-40c0-897d-2844034d8141, group-5E2F154B5BDB, 2, (t:2, i:2))
2025-10-22 08:25:13,140 [grpc-default-executor-7] INFO  impl.VoteContext (VoteContext.java:log(49)) - 1c036820-4dbe-4abe-80fb-5ca88de5e2f0@group-5E2F154B5BDB-FOLLOWER: reject PRE_VOTE from 40df8fc4-149d-40c0-897d-2844034d8141: our priority 1 > candidate's priority 0
2025-10-22 08:25:13,140 [grpc-default-executor-2] INFO  impl.VoteContext (VoteContext.java:log(49)) - 4d8a2798-959e-416b-b534-19c13b55a760@group-5E2F154B5BDB-FOLLOWER: accept PRE_VOTE from 40df8fc4-149d-40c0-897d-2844034d8141: our priority 0 <= candidate's priority 0
2025-10-22 08:25:13,140 [grpc-default-executor-7] INFO  server.RaftServer$Division (RaftServerImpl.java:requestVote(1455)) - 1c036820-4dbe-4abe-80fb-5ca88de5e2f0@group-5E2F154B5BDB replies to PRE_VOTE vote request: 40df8fc4-149d-40c0-897d-2844034d8141<-1c036820-4dbe-4abe-80fb-5ca88de5e2f0#0:FAIL-t2-last:(t:2, i:2). Peer's state: 1c036820-4dbe-4abe-80fb-5ca88de5e2f0@group-5E2F154B5BDB:t2, leader=null, voted=1c036820-4dbe-4abe-80fb-5ca88de5e2f0, raftlog=Memoized:1c036820-4dbe-4abe-80fb-5ca88de5e2f0@group-5E2F154B5BDB-SegmentedRaftLog:OPENED:c2:last(t:2, i:2), conf=conf: {index: 1, cur=peers:[4d8a2798-959e-416b-b534-19c13b55a760|127.0.0.1:15023, 1c036820-4dbe-4abe-80fb-5ca88de5e2f0|127.0.0.1:15015, 40df8fc4-149d-40c0-897d-2844034d8141|127.0.0.1:15031]|listeners:[], old=null}
2025-10-22 08:25:13,140 [grpc-default-executor-2] INFO  server.RaftServer$Division (RaftServerImpl.java:requestVote(1455)) - 4d8a2798-959e-416b-b534-19c13b55a760@group-5E2F154B5BDB replies to PRE_VOTE vote request: 40df8fc4-149d-40c0-897d-2844034d8141<-4d8a2798-959e-416b-b534-19c13b55a760#0:OK-t2-last:(t:2, i:2). Peer's state: 4d8a2798-959e-416b-b534-19c13b55a760@group-5E2F154B5BDB:t2, leader=null, voted=1c036820-4dbe-4abe-80fb-5ca88de5e2f0, raftlog=Memoized:4d8a2798-959e-416b-b534-19c13b55a760@group-5E2F154B5BDB-SegmentedRaftLog:OPENED:c2:last(t:2, i:2), conf=conf: {index: 1, cur=peers:[4d8a2798-959e-416b-b534-19c13b55a760|127.0.0.1:15023, 1c036820-4dbe-4abe-80fb-5ca88de5e2f0|127.0.0.1:15015, 40df8fc4-149d-40c0-897d-2844034d8141|127.0.0.1:15031]|listeners:[], old=null}
2025-10-22 08:25:13,141 [40df8fc4-149d-40c0-897d-2844034d8141@group-5E2F154B5BDB-LeaderElection162] INFO  impl.LeaderElection (LeaderElection.java:logAndReturn(206)) - 40df8fc4-149d-40c0-897d-2844034d8141@group-5E2F154B5BDB-LeaderElection162: PRE_VOTE REJECTED received 1 response(s) and 0 exception(s):
2025-10-22 08:25:13,141 [40df8fc4-149d-40c0-897d-2844034d8141@group-5E2F154B5BDB-LeaderElection162] INFO  impl.LeaderElection (LeaderElection.java:logAndReturn(210)) -   Response 0: 40df8fc4-149d-40c0-897d-2844034d8141<-1c036820-4dbe-4abe-80fb-5ca88de5e2f0#0:FAIL-t2-last:(t:2, i:2)
2025-10-22 08:25:13,141 [40df8fc4-149d-40c0-897d-2844034d8141@group-5E2F154B5BDB-LeaderElection162] INFO  impl.LeaderElection (LeaderElection.java:askForVotes(450)) - 40df8fc4-149d-40c0-897d-2844034d8141@group-5E2F154B5BDB-LeaderElection162 PRE_VOTE round 0: result REJECTED
2025-10-22 08:25:13,141 [40df8fc4-149d-40c0-897d-2844034d8141@group-5E2F154B5BDB-LeaderElection162] INFO  server.RaftServer$Division (RaftServerImpl.java:setRole(392)) - 40df8fc4-149d-40c0-897d-2844034d8141@group-5E2F154B5BDB: changes role from CANDIDATE to FOLLOWER at term 2 for REJECTED
2025-10-22 08:25:13,141 [40df8fc4-149d-40c0-897d-2844034d8141@group-5E2F154B5BDB-LeaderElection162] INFO  impl.RoleInfo (RoleInfo.java:shutdownLeaderElection(141)) - 40df8fc4-149d-40c0-897d-2844034d8141: shutdown 40df8fc4-149d-40c0-897d-2844034d8141@group-5E2F154B5BDB-LeaderElection162
2025-10-22 08:25:13,141 [40df8fc4-149d-40c0-897d-2844034d8141@group-5E2F154B5BDB-LeaderElection162] INFO  impl.RoleInfo (RoleInfo.java:updateAndGet(148)) - 40df8fc4-149d-40c0-897d-2844034d8141: start 40df8fc4-149d-40c0-897d-2844034d8141@group-5E2F154B5BDB-FollowerState
2025-10-22 08:25:13,178 [8aba082c-257b-43e3-ba61-5d436c5b38fa@group-45121E95117A-LeaderStateImpl] WARN  server.RaftServer$Division (LeaderStateImpl.java:checkLeadership(1121)) - 8aba082c-257b-43e3-ba61-5d436c5b38fa@group-45121E95117A-LeaderStateImpl: Lost leadership on term: 1. Election timeout: 1200ms. In charge for: 86631ms. Conf: conf: {index: 0, cur=peers:[9d21e184-bccf-4583-95a7-0fe616dd3b4b|127.0.0.1:15079, 8aba082c-257b-43e3-ba61-5d436c5b38fa|127.0.0.1:15063, 0cab5a7d-6f40-474c-9abd-0651cf30726e|127.0.0.1:15071]|listeners:[], old=null}
2025-10-22 08:25:13,179 [8aba082c-257b-43e3-ba61-5d436c5b38fa@group-45121E95117A-LeaderStateImpl] WARN  server.RaftServer$Division (LeaderStateImpl.java:lambda$checkLeadership$20(1125)) - Follower 8aba082c-257b-43e3-ba61-5d436c5b38fa@group-45121E95117A->9d21e184-bccf-4583-95a7-0fe616dd3b4b(c7,m7,n8, caughtUp=true, lastRpcSendTime=286, lastRpcResponseTime=1795)
2025-10-22 08:25:13,179 [8aba082c-257b-43e3-ba61-5d436c5b38fa@group-45121E95117A-LeaderStateImpl] WARN  server.RaftServer$Division (LeaderStateImpl.java:lambda$checkLeadership$20(1125)) - Follower 8aba082c-257b-43e3-ba61-5d436c5b38fa@group-45121E95117A->0cab5a7d-6f40-474c-9abd-0651cf30726e(c6,m7,n8, caughtUp=true, lastRpcSendTime=435, lastRpcResponseTime=4804)
2025-10-22 08:25:13,179 [8aba082c-257b-43e3-ba61-5d436c5b38fa@group-45121E95117A-LeaderStateImpl] INFO  server.RaftServer$Division (RaftServerImpl.java:setRole(392)) - 8aba082c-257b-43e3-ba61-5d436c5b38fa@group-45121E95117A: changes role from    LEADER to FOLLOWER at term 1 for StepDownReason:LOST_MAJORITY_HEARTBEATS
2025-10-22 08:25:13,179 [8aba082c-257b-43e3-ba61-5d436c5b38fa@group-45121E95117A-LeaderStateImpl] INFO  impl.RoleInfo (RoleInfo.java:shutdownLeaderState(103)) - 8aba082c-257b-43e3-ba61-5d436c5b38fa: shutdown 8aba082c-257b-43e3-ba61-5d436c5b38fa@group-45121E95117A-LeaderStateImpl
2025-10-22 08:25:13,179 [8aba082c-257b-43e3-ba61-5d436c5b38fa@group-45121E95117A->0cab5a7d-6f40-474c-9abd-0651cf30726e-GrpcLogAppender-LogAppenderDaemon] WARN  server.GrpcLogAppender (GrpcLogAppender.java:mayWait(300)) - 8aba082c-257b-43e3-ba61-5d436c5b38fa@group-45121E95117A->0cab5a7d-6f40-474c-9abd-0651cf30726e-GrpcLogAppender: Wait interrupted by java.lang.InterruptedException
2025-10-22 08:25:13,179 [8aba082c-257b-43e3-ba61-5d436c5b38fa@group-45121E95117A-LeaderStateImpl] INFO  impl.PendingRequests (PendingRequests.java:sendNotLeaderResponses(287)) - 8aba082c-257b-43e3-ba61-5d436c5b38fa@group-45121E95117A-PendingRequests: sendNotLeaderResponses
2025-10-22 08:25:13,179 [8aba082c-257b-43e3-ba61-5d436c5b38fa@group-45121E95117A->9d21e184-bccf-4583-95a7-0fe616dd3b4b-GrpcLogAppender-LogAppenderDaemon] WARN  server.GrpcLogAppender (GrpcLogAppender.java:mayWait(300)) - 8aba082c-257b-43e3-ba61-5d436c5b38fa@group-45121E95117A->9d21e184-bccf-4583-95a7-0fe616dd3b4b-GrpcLogAppender: Wait interrupted by java.lang.InterruptedException
2025-10-22 08:25:13,180 [8aba082c-257b-43e3-ba61-5d436c5b38fa@group-45121E95117A-LeaderStateImpl] INFO  server.RaftServer$Division (ServerState.java:setLeader(272)) - 8aba082c-257b-43e3-ba61-5d436c5b38fa@group-45121E95117A: change Leader from 8aba082c-257b-43e3-ba61-5d436c5b38fa to null at term 1 for StepDownReason:LOST_MAJORITY_HEARTBEATS
2025-10-22 08:25:13,180 [8aba082c-257b-43e3-ba61-5d436c5b38fa@group-45121E95117A-LeaderStateImpl] INFO  impl.RoleInfo (RoleInfo.java:updateAndGet(148)) - 8aba082c-257b-43e3-ba61-5d436c5b38fa: start 8aba082c-257b-43e3-ba61-5d436c5b38fa@group-45121E95117A-FollowerState
2025-10-22 08:25:13,391 [timer7] INFO  server.GrpcServerProtocolService (GrpcServerProtocolService.java:lambda$onCompleted$6(171)) - 8aba082c-257b-43e3-ba61-5d436c5b38fa: Completed APPEND_ENTRIES, lastRequest: null  (Repeated 4 times in the last 5.001s)
2025-10-22 08:25:13,392 [timer0] INFO  server.GrpcServerProtocolService (GrpcServerProtocolService.java:lambda$onCompleted$6(171)) - 9d21e184-bccf-4583-95a7-0fe616dd3b4b: Completed APPEND_ENTRIES, lastRequest: 0cab5a7d-6f40-474c-9abd-0651cf30726e->9d21e184-bccf-4583-95a7-0fe616dd3b4b#99-t1,previous=(t:1, i:5),leaderCommit=5,initializing? false,entries: size=1, first=(t:1, i:6), METADATAENTRY(c:5)  (Repeated 2 times in the last 5.002s)
2025-10-22 08:25:13,394 [timer1] INFO  server.GrpcServerProtocolService (GrpcServerProtocolService.java:lambda$null$7(175)) - 9d21e184-bccf-4583-95a7-0fe616dd3b4b: Completed APPEND_ENTRIES, lastReply: null  (Repeated 2 times in the last 5.002s)
2025-10-22 08:25:13,395 [timer2] INFO  server.GrpcServerProtocolService (GrpcServerProtocolService.java:lambda$null$7(175)) - 8aba082c-257b-43e3-ba61-5d436c5b38fa: Completed APPEND_ENTRIES, lastReply: serverReply {
  requestorId: "9d21e184-bccf-4583-95a7-0fe616dd3b4b"
  replyId: "8aba082c-257b-43e3-ba61-5d436c5b38fa"
  raftGroupId {
    id: "\332\256f\001\336IAW\263q\350\255\257\300Jz"
  }
  callId: 6
  success: true
}
term: 2
nextIndex: 9
followerCommit: 8
matchIndex: 18446744073709551615
isHearbeat: true
  (Repeated 4 times in the last 5.003s)
2025-10-22 08:25:13,401 [timer4] WARN  server.GrpcLogAppender (GrpcLogAppender.java:lambda$resetClient$1(228)) - 8aba082c-257b-43e3-ba61-5d436c5b38fa@group-45121E95117A->0cab5a7d-6f40-474c-9abd-0651cf30726e-GrpcLogAppender: Follower failed (request=null, errorCount=18); keep nextIndex (8) unchanged and retry. (Repeated 21 times in the last 5.000s)
2025-10-22 08:25:13,402 [timer3] WARN  server.GrpcLogAppender (LogUtils.java:warn(127)) - 8aba082c-257b-43e3-ba61-5d436c5b38fa@group-45121E95117A->0cab5a7d-6f40-474c-9abd-0651cf30726e-AppendLogResponseHandler: Failed appendEntries (Repeated 18 times in the last 5.001s): org.apache.ratis.thirdparty.io.grpc.StatusRuntimeException: UNAVAILABLE: io exception
  Caused by: org.apache.ratis.thirdparty.io.netty.channel.AbstractChannel$AnnotatedConnectException: finishConnect(..) failed: Connection refused: /127.0.0.1:15071
  Caused by: java.net.ConnectException: finishConnect(..) failed: Connection refused
2025-10-22 08:25:13,876 [1c036820-4dbe-4abe-80fb-5ca88de5e2f0@group-5E2F154B5BDB-FollowerState] INFO  impl.FollowerState (FollowerState.java:runImpl(161)) - 1c036820-4dbe-4abe-80fb-5ca88de5e2f0@group-5E2F154B5BDB-FollowerState: change to CANDIDATE, lastRpcElapsedTime:1155281856ns, electionTimeout:1155ms
2025-10-22 08:25:13,876 [1c036820-4dbe-4abe-80fb-5ca88de5e2f0@group-5E2F154B5BDB-FollowerState] INFO  impl.RoleInfo (RoleInfo.java:shutdownFollowerState(121)) - 1c036820-4dbe-4abe-80fb-5ca88de5e2f0: shutdown 1c036820-4dbe-4abe-80fb-5ca88de5e2f0@group-5E2F154B5BDB-FollowerState
2025-10-22 08:25:13,876 [1c036820-4dbe-4abe-80fb-5ca88de5e2f0@group-5E2F154B5BDB-FollowerState] INFO  server.RaftServer$Division (RaftServerImpl.java:setRole(392)) - 1c036820-4dbe-4abe-80fb-5ca88de5e2f0@group-5E2F154B5BDB: changes role from  FOLLOWER to CANDIDATE at term 2 for changeToCandidate
2025-10-22 08:25:13,876 [1c036820-4dbe-4abe-80fb-5ca88de5e2f0@group-5E2F154B5BDB-FollowerState] INFO  impl.RoleInfo (RoleInfo.java:updateAndGet(148)) - 1c036820-4dbe-4abe-80fb-5ca88de5e2f0: start 1c036820-4dbe-4abe-80fb-5ca88de5e2f0@group-5E2F154B5BDB-LeaderElection163
2025-10-22 08:25:13,876 [1c036820-4dbe-4abe-80fb-5ca88de5e2f0@group-5E2F154B5BDB-LeaderElection163] INFO  impl.LeaderElection (LeaderElection.java:askForVotes(448)) - 1c036820-4dbe-4abe-80fb-5ca88de5e2f0@group-5E2F154B5BDB-LeaderElection163 PRE_VOTE round 0: submit vote requests at term 2 for conf: {index: 1, cur=peers:[4d8a2798-959e-416b-b534-19c13b55a760|127.0.0.1:15023, 1c036820-4dbe-4abe-80fb-5ca88de5e2f0|127.0.0.1:15015, 40df8fc4-149d-40c0-897d-2844034d8141|127.0.0.1:15031]|listeners:[], old=null}
2025-10-22 08:25:13,877 [1c036820-4dbe-4abe-80fb-5ca88de5e2f0@group-5E2F154B5BDB-LeaderElection163] INFO  impl.LeaderElection (LogUtils.java:infoOrTrace(142)) - 1c036820-4dbe-4abe-80fb-5ca88de5e2f0@group-5E2F154B5BDB-LeaderElection163 got exception when requesting votes: java.util.concurrent.ExecutionException: org.apache.ratis.thirdparty.io.grpc.StatusRuntimeException: UNAVAILABLE: io exception
2025-10-22 08:25:13,877 [1c036820-4dbe-4abe-80fb-5ca88de5e2f0@group-5E2F154B5BDB-LeaderElection163] INFO  impl.LeaderElection (LogUtils.java:infoOrTrace(142)) - 1c036820-4dbe-4abe-80fb-5ca88de5e2f0@group-5E2F154B5BDB-LeaderElection163 got exception when requesting votes: java.util.concurrent.ExecutionException: org.apache.ratis.thirdparty.io.grpc.StatusRuntimeException: UNAVAILABLE: io exception
2025-10-22 08:25:13,877 [1c036820-4dbe-4abe-80fb-5ca88de5e2f0@group-5E2F154B5BDB-LeaderElection163] INFO  impl.LeaderElection (LeaderElection.java:logAndReturn(206)) - 1c036820-4dbe-4abe-80fb-5ca88de5e2f0@group-5E2F154B5BDB-LeaderElection163: PRE_VOTE REJECTED received 0 response(s) and 2 exception(s):
2025-10-22 08:25:13,877 [1c036820-4dbe-4abe-80fb-5ca88de5e2f0@group-5E2F154B5BDB-LeaderElection163] INFO  impl.LeaderElection (LogUtils.java:infoOrTrace(142)) -   Exception 0: java.util.concurrent.ExecutionException: org.apache.ratis.thirdparty.io.grpc.StatusRuntimeException: UNAVAILABLE: io exception
2025-10-22 08:25:13,877 [1c036820-4dbe-4abe-80fb-5ca88de5e2f0@group-5E2F154B5BDB-LeaderElection163] INFO  impl.LeaderElection (LogUtils.java:infoOrTrace(142)) -   Exception 1: java.util.concurrent.ExecutionException: org.apache.ratis.thirdparty.io.grpc.StatusRuntimeException: UNAVAILABLE: io exception
2025-10-22 08:25:13,877 [1c036820-4dbe-4abe-80fb-5ca88de5e2f0@group-5E2F154B5BDB-LeaderElection163] INFO  impl.LeaderElection (LeaderElection.java:askForVotes(450)) - 1c036820-4dbe-4abe-80fb-5ca88de5e2f0@group-5E2F154B5BDB-LeaderElection163 PRE_VOTE round 0: result REJECTED
2025-10-22 08:25:13,877 [1c036820-4dbe-4abe-80fb-5ca88de5e2f0@group-5E2F154B5BDB-LeaderElection163] INFO  server.RaftServer$Division (RaftServerImpl.java:setRole(392)) - 1c036820-4dbe-4abe-80fb-5ca88de5e2f0@group-5E2F154B5BDB: changes role from CANDIDATE to FOLLOWER at term 2 for REJECTED
2025-10-22 08:25:13,877 [1c036820-4dbe-4abe-80fb-5ca88de5e2f0@group-5E2F154B5BDB-LeaderElection163] INFO  impl.RoleInfo (RoleInfo.java:shutdownLeaderElection(141)) - 1c036820-4dbe-4abe-80fb-5ca88de5e2f0: shutdown 1c036820-4dbe-4abe-80fb-5ca88de5e2f0@group-5E2F154B5BDB-LeaderElection163
2025-10-22 08:25:13,877 [1c036820-4dbe-4abe-80fb-5ca88de5e2f0@group-5E2F154B5BDB-LeaderElection163] INFO  impl.RoleInfo (RoleInfo.java:updateAndGet(148)) - 1c036820-4dbe-4abe-80fb-5ca88de5e2f0: start 1c036820-4dbe-4abe-80fb-5ca88de5e2f0@group-5E2F154B5BDB-FollowerState
2025-10-22 08:25:13,885 [8aba082c-257b-43e3-ba61-5d436c5b38fa@group-E8ADAFC04A7A-FollowerState] INFO  impl.FollowerState (FollowerState.java:runImpl(161)) - 8aba082c-257b-43e3-ba61-5d436c5b38fa@group-E8ADAFC04A7A-FollowerState: change to CANDIDATE, lastRpcElapsedTime:1036303678ns, electionTimeout:1036ms
2025-10-22 08:25:13,885 [8aba082c-257b-43e3-ba61-5d436c5b38fa@group-E8ADAFC04A7A-FollowerState] INFO  impl.RoleInfo (RoleInfo.java:shutdownFollowerState(121)) - 8aba082c-257b-43e3-ba61-5d436c5b38fa: shutdown 8aba082c-257b-43e3-ba61-5d436c5b38fa@group-E8ADAFC04A7A-FollowerState
2025-10-22 08:25:13,885 [8aba082c-257b-43e3-ba61-5d436c5b38fa@group-E8ADAFC04A7A-FollowerState] INFO  server.RaftServer$Division (RaftServerImpl.java:setRole(392)) - 8aba082c-257b-43e3-ba61-5d436c5b38fa@group-E8ADAFC04A7A: changes role from  FOLLOWER to CANDIDATE at term 2 for changeToCandidate
2025-10-22 08:25:13,886 [8aba082c-257b-43e3-ba61-5d436c5b38fa@group-E8ADAFC04A7A-FollowerState] INFO  impl.RoleInfo (RoleInfo.java:updateAndGet(148)) - 8aba082c-257b-43e3-ba61-5d436c5b38fa: start 8aba082c-257b-43e3-ba61-5d436c5b38fa@group-E8ADAFC04A7A-LeaderElection164
2025-10-22 08:25:13,886 [8aba082c-257b-43e3-ba61-5d436c5b38fa@group-E8ADAFC04A7A-LeaderElection164] INFO  impl.LeaderElection (LeaderElection.java:askForVotes(448)) - 8aba082c-257b-43e3-ba61-5d436c5b38fa@group-E8ADAFC04A7A-LeaderElection164 PRE_VOTE round 0: submit vote requests at term 2 for conf: {index: 7, cur=peers:[9d21e184-bccf-4583-95a7-0fe616dd3b4b|127.0.0.1:15079, 8aba082c-257b-43e3-ba61-5d436c5b38fa|127.0.0.1:15063, 0cab5a7d-6f40-474c-9abd-0651cf30726e|127.0.0.1:15071]|listeners:[], old=null}
2025-10-22 08:25:13,886 [8aba082c-257b-43e3-ba61-5d436c5b38fa@group-E8ADAFC04A7A-LeaderElection164] INFO  impl.LeaderElection (LogUtils.java:infoOrTrace(142)) - 8aba082c-257b-43e3-ba61-5d436c5b38fa@group-E8ADAFC04A7A-LeaderElection164 got exception when requesting votes: java.util.concurrent.ExecutionException: org.apache.ratis.thirdparty.io.grpc.StatusRuntimeException: UNAVAILABLE: io exception
2025-10-22 08:25:13,886 [8aba082c-257b-43e3-ba61-5d436c5b38fa@group-E8ADAFC04A7A-LeaderElection164] INFO  impl.LeaderElection (LogUtils.java:infoOrTrace(142)) - 8aba082c-257b-43e3-ba61-5d436c5b38fa@group-E8ADAFC04A7A-LeaderElection164 got exception when requesting votes: java.util.concurrent.ExecutionException: org.apache.ratis.thirdparty.io.grpc.StatusRuntimeException: UNAVAILABLE: io exception
2025-10-22 08:25:13,886 [8aba082c-257b-43e3-ba61-5d436c5b38fa@group-E8ADAFC04A7A-LeaderElection164] INFO  impl.LeaderElection (LeaderElection.java:logAndReturn(206)) - 8aba082c-257b-43e3-ba61-5d436c5b38fa@group-E8ADAFC04A7A-LeaderElection164: PRE_VOTE REJECTED received 0 response(s) and 2 exception(s):
2025-10-22 08:25:13,886 [8aba082c-257b-43e3-ba61-5d436c5b38fa@group-E8ADAFC04A7A-LeaderElection164] INFO  impl.LeaderElection (LogUtils.java:infoOrTrace(142)) -   Exception 0: java.util.concurrent.ExecutionException: org.apache.ratis.thirdparty.io.grpc.StatusRuntimeException: UNAVAILABLE: io exception
2025-10-22 08:25:13,886 [8aba082c-257b-43e3-ba61-5d436c5b38fa@group-E8ADAFC04A7A-LeaderElection164] INFO  impl.LeaderElection (LogUtils.java:infoOrTrace(142)) -   Exception 1: java.util.concurrent.ExecutionException: org.apache.ratis.thirdparty.io.grpc.StatusRuntimeException: UNAVAILABLE: io exception
2025-10-22 08:25:13,886 [8aba082c-257b-43e3-ba61-5d436c5b38fa@group-E8ADAFC04A7A-LeaderElection164] INFO  impl.LeaderElection (LeaderElection.java:askForVotes(450)) - 8aba082c-257b-43e3-ba61-5d436c5b38fa@group-E8ADAFC04A7A-LeaderElection164 PRE_VOTE round 0: result REJECTED
2025-10-22 08:25:13,886 [8aba082c-257b-43e3-ba61-5d436c5b38fa@group-E8ADAFC04A7A-LeaderElection164] INFO  server.RaftServer$Division (RaftServerImpl.java:setRole(392)) - 8aba082c-257b-43e3-ba61-5d436c5b38fa@group-E8ADAFC04A7A: changes role from CANDIDATE to FOLLOWER at term 2 for REJECTED
2025-10-22 08:25:13,886 [8aba082c-257b-43e3-ba61-5d436c5b38fa@group-E8ADAFC04A7A-LeaderElection164] INFO  impl.RoleInfo (RoleInfo.java:shutdownLeaderElection(141)) - 8aba082c-257b-43e3-ba61-5d436c5b38fa: shutdown 8aba082c-257b-43e3-ba61-5d436c5b38fa@group-E8ADAFC04A7A-LeaderElection164
2025-10-22 08:25:13,887 [8aba082c-257b-43e3-ba61-5d436c5b38fa@group-E8ADAFC04A7A-LeaderElection164] INFO  impl.RoleInfo (RoleInfo.java:updateAndGet(148)) - 8aba082c-257b-43e3-ba61-5d436c5b38fa: start 8aba082c-257b-43e3-ba61-5d436c5b38fa@group-E8ADAFC04A7A-FollowerState
2025-10-22 08:25:14,250 [8aba082c-257b-43e3-ba61-5d436c5b38fa@group-45121E95117A-FollowerState] INFO  impl.FollowerState (FollowerState.java:lostMajorityHeartbeatsRecently(113)) - 8aba082c-257b-43e3-ba61-5d436c5b38fa@group-45121E95117A-FollowerState: Skipping leader election since it stepped down recently (elapsed = 1069ms < waitTime = 10s)
2025-10-22 08:25:14,264 [4d8a2798-959e-416b-b534-19c13b55a760@group-5E2F154B5BDB-FollowerState] INFO  impl.FollowerState (FollowerState.java:runImpl(161)) - 4d8a2798-959e-416b-b534-19c13b55a760@group-5E2F154B5BDB-FollowerState: change to CANDIDATE, lastRpcElapsedTime:1124028415ns, electionTimeout:1070ms
2025-10-22 08:25:14,264 [4d8a2798-959e-416b-b534-19c13b55a760@group-5E2F154B5BDB-FollowerState] INFO  impl.RoleInfo (RoleInfo.java:shutdownFollowerState(121)) - 4d8a2798-959e-416b-b534-19c13b55a760: shutdown 4d8a2798-959e-416b-b534-19c13b55a760@group-5E2F154B5BDB-FollowerState
2025-10-22 08:25:14,264 [4d8a2798-959e-416b-b534-19c13b55a760@group-5E2F154B5BDB-FollowerState] INFO  server.RaftServer$Division (RaftServerImpl.java:setRole(392)) - 4d8a2798-959e-416b-b534-19c13b55a760@group-5E2F154B5BDB: changes role from  FOLLOWER to CANDIDATE at term 2 for changeToCandidate
2025-10-22 08:25:14,265 [4d8a2798-959e-416b-b534-19c13b55a760@group-5E2F154B5BDB-FollowerState] INFO  impl.RoleInfo (RoleInfo.java:updateAndGet(148)) - 4d8a2798-959e-416b-b534-19c13b55a760: start 4d8a2798-959e-416b-b534-19c13b55a760@group-5E2F154B5BDB-LeaderElection165
2025-10-22 08:25:14,265 [4d8a2798-959e-416b-b534-19c13b55a760@group-5E2F154B5BDB-LeaderElection165] INFO  impl.LeaderElection (LeaderElection.java:askForVotes(448)) - 4d8a2798-959e-416b-b534-19c13b55a760@group-5E2F154B5BDB-LeaderElection165 PRE_VOTE round 0: submit vote requests at term 2 for conf: {index: 1, cur=peers:[4d8a2798-959e-416b-b534-19c13b55a760|127.0.0.1:15023, 1c036820-4dbe-4abe-80fb-5ca88de5e2f0|127.0.0.1:15015, 40df8fc4-149d-40c0-897d-2844034d8141|127.0.0.1:15031]|listeners:[], old=null}
2025-10-22 08:25:14,266 [grpc-default-executor-2] INFO  server.RaftServer$Division (RaftServerImpl.java:requestVote(1421)) - 40df8fc4-149d-40c0-897d-2844034d8141@group-5E2F154B5BDB: receive requestVote(PRE_VOTE, 4d8a2798-959e-416b-b534-19c13b55a760, group-5E2F154B5BDB, 2, (t:2, i:2))
2025-10-22 08:25:14,266 [grpc-default-executor-7] INFO  server.RaftServer$Division (RaftServerImpl.java:requestVote(1421)) - 1c036820-4dbe-4abe-80fb-5ca88de5e2f0@group-5E2F154B5BDB: receive requestVote(PRE_VOTE, 4d8a2798-959e-416b-b534-19c13b55a760, group-5E2F154B5BDB, 2, (t:2, i:2))
2025-10-22 08:25:14,267 [grpc-default-executor-7] INFO  impl.VoteContext (VoteContext.java:log(49)) - 1c036820-4dbe-4abe-80fb-5ca88de5e2f0@group-5E2F154B5BDB-FOLLOWER: reject PRE_VOTE from 4d8a2798-959e-416b-b534-19c13b55a760: our priority 1 > candidate's priority 0
2025-10-22 08:25:14,267 [grpc-default-executor-7] INFO  server.RaftServer$Division (RaftServerImpl.java:requestVote(1455)) - 1c036820-4dbe-4abe-80fb-5ca88de5e2f0@group-5E2F154B5BDB replies to PRE_VOTE vote request: 4d8a2798-959e-416b-b534-19c13b55a760<-1c036820-4dbe-4abe-80fb-5ca88de5e2f0#0:FAIL-t2-last:(t:2, i:2). Peer's state: 1c036820-4dbe-4abe-80fb-5ca88de5e2f0@group-5E2F154B5BDB:t2, leader=null, voted=1c036820-4dbe-4abe-80fb-5ca88de5e2f0, raftlog=Memoized:1c036820-4dbe-4abe-80fb-5ca88de5e2f0@group-5E2F154B5BDB-SegmentedRaftLog:OPENED:c2:last(t:2, i:2), conf=conf: {index: 1, cur=peers:[4d8a2798-959e-416b-b534-19c13b55a760|127.0.0.1:15023, 1c036820-4dbe-4abe-80fb-5ca88de5e2f0|127.0.0.1:15015, 40df8fc4-149d-40c0-897d-2844034d8141|127.0.0.1:15031]|listeners:[], old=null}
2025-10-22 08:25:14,267 [grpc-default-executor-2] INFO  impl.VoteContext (VoteContext.java:log(49)) - 40df8fc4-149d-40c0-897d-2844034d8141@group-5E2F154B5BDB-FOLLOWER: accept PRE_VOTE from 4d8a2798-959e-416b-b534-19c13b55a760: our priority 0 <= candidate's priority 0
2025-10-22 08:25:14,267 [grpc-default-executor-2] INFO  server.RaftServer$Division (RaftServerImpl.java:requestVote(1455)) - 40df8fc4-149d-40c0-897d-2844034d8141@group-5E2F154B5BDB replies to PRE_VOTE vote request: 4d8a2798-959e-416b-b534-19c13b55a760<-40df8fc4-149d-40c0-897d-2844034d8141#0:OK-t2-last:(t:2, i:2). Peer's state: 40df8fc4-149d-40c0-897d-2844034d8141@group-5E2F154B5BDB:t2, leader=null, voted=1c036820-4dbe-4abe-80fb-5ca88de5e2f0, raftlog=Memoized:40df8fc4-149d-40c0-897d-2844034d8141@group-5E2F154B5BDB-SegmentedRaftLog:OPENED:c2:last(t:2, i:2), conf=conf: {index: 1, cur=peers:[4d8a2798-959e-416b-b534-19c13b55a760|127.0.0.1:15023, 1c036820-4dbe-4abe-80fb-5ca88de5e2f0|127.0.0.1:15015, 40df8fc4-149d-40c0-897d-2844034d8141|127.0.0.1:15031]|listeners:[], old=null}
2025-10-22 08:25:14,268 [4d8a2798-959e-416b-b534-19c13b55a760@group-5E2F154B5BDB-LeaderElection165] INFO  impl.LeaderElection (LeaderElection.java:logAndReturn(206)) - 4d8a2798-959e-416b-b534-19c13b55a760@group-5E2F154B5BDB-LeaderElection165: PRE_VOTE REJECTED received 2 response(s) and 0 exception(s):
2025-10-22 08:25:14,268 [4d8a2798-959e-416b-b534-19c13b55a760@group-5E2F154B5BDB-LeaderElection165] INFO  impl.LeaderElection (LeaderElection.java:logAndReturn(210)) -   Response 0: 4d8a2798-959e-416b-b534-19c13b55a760<-1c036820-4dbe-4abe-80fb-5ca88de5e2f0#0:FAIL-t2-last:(t:2, i:2)
2025-10-22 08:25:14,268 [4d8a2798-959e-416b-b534-19c13b55a760@group-5E2F154B5BDB-LeaderElection165] INFO  impl.LeaderElection (LeaderElection.java:logAndReturn(210)) -   Response 1: 4d8a2798-959e-416b-b534-19c13b55a760<-40df8fc4-149d-40c0-897d-2844034d8141#0:OK-t2-last:(t:2, i:2)
2025-10-22 08:25:14,268 [4d8a2798-959e-416b-b534-19c13b55a760@group-5E2F154B5BDB-LeaderElection165] INFO  impl.LeaderElection (LeaderElection.java:askForVotes(450)) - 4d8a2798-959e-416b-b534-19c13b55a760@group-5E2F154B5BDB-LeaderElection165 PRE_VOTE round 0: result REJECTED
2025-10-22 08:25:14,268 [4d8a2798-959e-416b-b534-19c13b55a760@group-5E2F154B5BDB-LeaderElection165] INFO  server.RaftServer$Division (RaftServerImpl.java:setRole(392)) - 4d8a2798-959e-416b-b534-19c13b55a760@group-5E2F154B5BDB: changes role from CANDIDATE to FOLLOWER at term 2 for REJECTED
2025-10-22 08:25:14,268 [4d8a2798-959e-416b-b534-19c13b55a760@group-5E2F154B5BDB-LeaderElection165] INFO  impl.RoleInfo (RoleInfo.java:shutdownLeaderElection(141)) - 4d8a2798-959e-416b-b534-19c13b55a760: shutdown 4d8a2798-959e-416b-b534-19c13b55a760@group-5E2F154B5BDB-LeaderElection165
2025-10-22 08:25:14,268 [4d8a2798-959e-416b-b534-19c13b55a760@group-5E2F154B5BDB-LeaderElection165] INFO  impl.RoleInfo (RoleInfo.java:updateAndGet(148)) - 4d8a2798-959e-416b-b534-19c13b55a760: start 4d8a2798-959e-416b-b534-19c13b55a760@group-5E2F154B5BDB-FollowerState
2025-10-22 08:25:14,383 [ForkJoinPool-1-worker-1] INFO  utils.DatanodeStoreCache (DatanodeStoreCache.java:shutdownCache(110)) - Skip clearing cache in mini cluster mode. Entries left: [/home/runner/work/ozone/ozone/hadoop-ozone/integration-test/target/test-dir/MiniOzoneClusterImpl-a412b9f6-7d8b-4de3-a85c-9946bceaa3a0/ozone-metadata/datanode-1/data-0/hdds/a412b9f6-7d8b-4de3-a85c-9946bceaa3a0/DS-a07e098a-6398-480b-9efd-d3f505e7661c/container.db, /home/runner/work/ozone/ozone/hadoop-ozone/integration-test/target/test-dir/MiniOzoneClusterImpl-a412b9f6-7d8b-4de3-a85c-9946bceaa3a0/ozone-metadata/datanode-10/data-0/hdds/a412b9f6-7d8b-4de3-a85c-9946bceaa3a0/DS-8a3798d9-2bb5-458f-b08b-fc94b9fc23ce/container.db, /home/runner/work/ozone/ozone/hadoop-ozone/integration-test/target/test-dir/MiniOzoneClusterImpl-a412b9f6-7d8b-4de3-a85c-9946bceaa3a0/ozone-metadata/datanode-2/data-0/hdds/a412b9f6-7d8b-4de3-a85c-9946bceaa3a0/DS-4aaa098a-486e-4441-80f0-7688bb8bbdde/container.db, /home/runner/work/ozone/ozone/hadoop-ozone/integration-test/target/test-dir/MiniOzoneClusterImpl-a412b9f6-7d8b-4de3-a85c-9946bceaa3a0/ozone-metadata/datanode-3/data-0/hdds/a412b9f6-7d8b-4de3-a85c-9946bceaa3a0/DS-bebc18f0-1165-45db-a91a-4f24542d176c/container.db, /home/runner/work/ozone/ozone/hadoop-ozone/integration-test/target/test-dir/MiniOzoneClusterImpl-a412b9f6-7d8b-4de3-a85c-9946bceaa3a0/ozone-metadata/datanode-4/data-0/hdds/a412b9f6-7d8b-4de3-a85c-9946bceaa3a0/DS-5d7e6087-1900-4b55-988c-16336b0b4c63/container.db, /home/runner/work/ozone/ozone/hadoop-ozone/integration-test/target/test-dir/MiniOzoneClusterImpl-a412b9f6-7d8b-4de3-a85c-9946bceaa3a0/ozone-metadata/datanode-5/data-0/hdds/a412b9f6-7d8b-4de3-a85c-9946bceaa3a0/DS-ca10d0ba-335c-4c88-91c2-e630968cb905/container.db, /home/runner/work/ozone/ozone/hadoop-ozone/integration-test/target/test-dir/MiniOzoneClusterImpl-a412b9f6-7d8b-4de3-a85c-9946bceaa3a0/ozone-metadata/datanode-6/data-0/hdds/a412b9f6-7d8b-4de3-a85c-9946bceaa3a0/DS-4a321f51-abfc-498c-a23e-1fd398dcf1d8/container.db, /home/runner/work/ozone/ozone/hadoop-ozone/integration-test/target/test-dir/MiniOzoneClusterImpl-a412b9f6-7d8b-4de3-a85c-9946bceaa3a0/ozone-metadata/datanode-7/data-0/hdds/a412b9f6-7d8b-4de3-a85c-9946bceaa3a0/DS-2f6f67bf-9efa-4b7c-aaf0-b55f90e251b4/container.db, /home/runner/work/ozone/ozone/hadoop-ozone/integration-test/target/test-dir/MiniOzoneClusterImpl-a412b9f6-7d8b-4de3-a85c-9946bceaa3a0/ozone-metadata/datanode-9/data-0/hdds/a412b9f6-7d8b-4de3-a85c-9946bceaa3a0/DS-2a9dbd48-deb6-4f23-96bb-1f0c806128cb/container.db]
2025-10-22 08:25:14,385 [ForkJoinPool-1-worker-1] INFO  utils.DatanodeStoreCache (DatanodeStoreCache.java:removeDB(104)) - Removed db /home/runner/work/ozone/ozone/hadoop-ozone/integration-test/target/test-dir/MiniOzoneClusterImpl-a412b9f6-7d8b-4de3-a85c-9946bceaa3a0/ozone-metadata/datanode-9/data-0/hdds/a412b9f6-7d8b-4de3-a85c-9946bceaa3a0/DS-2a9dbd48-deb6-4f23-96bb-1f0c806128cb/container.db from cache
2025-10-22 08:25:14,385 [ForkJoinPool-1-worker-1] INFO  volume.HddsVolume (HddsVolume.java:closeDbStore(609)) - SchemaV3 db is stopped at /home/runner/work/ozone/ozone/hadoop-ozone/integration-test/target/test-dir/MiniOzoneClusterImpl-a412b9f6-7d8b-4de3-a85c-9946bceaa3a0/ozone-metadata/datanode-9/data-0/hdds/a412b9f6-7d8b-4de3-a85c-9946bceaa3a0/DS-2a9dbd48-deb6-4f23-96bb-1f0c806128cb/container.db for volume DS-2a9dbd48-deb6-4f23-96bb-1f0c806128cb
2025-10-22 08:25:14,385 [ForkJoinPool-1-worker-1] INFO  utils.BackgroundService (BackgroundService.java:shutdown(195)) - Shutting down service BlockDeletingService
2025-10-22 08:25:14,386 [ForkJoinPool-1-worker-1] INFO  utils.BackgroundService (BackgroundService.java:shutdown(195)) - Shutting down service StaleRecoveringContainerScrubbingService
2025-10-22 08:25:14,387 [ForkJoinPool-1-worker-1] INFO  statemachine.DatanodeStateMachine (DatanodeStateMachine.java:stopDaemon(654)) - Ozone container server stopped.
2025-10-22 08:25:14,403 [ForkJoinPool-1-worker-1] INFO  handler.ContextHandler (ContextHandler.java:doStop(1159)) - Stopped o.e.j.w.WebAppContext@7e3fa987{hddsDatanode,/,null,STOPPED}{jar:file:/home/runner/work/ozone/ozone/hadoop-hdds/container-service/target/hdds-container-service-2.1.0-SNAPSHOT.jar!/webapps/hddsDatanode}
2025-10-22 08:25:14,404 [ForkJoinPool-1-worker-1] INFO  server.AbstractConnector (AbstractConnector.java:doStop(383)) - Stopped ServerConnector@12d4d33d{HTTP/1.1, (http/1.1)}{0.0.0.0:15074}
2025-10-22 08:25:14,404 [ForkJoinPool-1-worker-1] INFO  server.session (HouseKeeper.java:stopScavenging(149)) - node0 Stopped scavenging
2025-10-22 08:25:14,404 [ForkJoinPool-1-worker-1] INFO  handler.ContextHandler (ContextHandler.java:doStop(1159)) - Stopped o.e.j.s.ServletContextHandler@77dcc0{static,/static,jar:file:/home/runner/work/ozone/ozone/hadoop-hdds/container-service/target/hdds-container-service-2.1.0-SNAPSHOT.jar!/webapps/static,STOPPED}
2025-10-22 08:25:14,404 [ForkJoinPool-1-worker-1] INFO  handler.ContextHandler (ContextHandler.java:doStop(1159)) - Stopped o.e.j.s.ServletContextHandler@555901b5{logs,/logs,file:///home/runner/work/ozone/ozone/hadoop-ozone/integration-test/target/log,STOPPED}
2025-10-22 08:25:14,405 [ForkJoinPool-1-worker-1] INFO  ozone.HddsDatanodeClientProtocolServer (HddsDatanodeClientProtocolServer.java:stop(82)) - Stopping the RPC server for Client Protocol
2025-10-22 08:25:14,405 [ForkJoinPool-1-worker-1] INFO  ipc.Server (Server.java:stop(3697)) - Stopping server on 15075
2025-10-22 08:25:14,406 [IPC Server listener on 15075] INFO  ipc.Server (Server.java:run(1585)) - Stopping IPC Server listener on 15075
2025-10-22 08:25:14,406 [IPC Server Responder] INFO  ipc.Server (Server.java:run(1718)) - Stopping IPC Server Responder
2025-10-22 08:25:14,408 [ForkJoinPool-1-worker-1] ERROR impl.OrderedAsync (OrderedAsync.java:lambda$null$6(215)) -  client-2101DF798DA8: Failed* RaftClientRequest:client-2101DF798DA8->8aba082c-257b-43e3-ba61-5d436c5b38fa@group-45121E95117A, cid=54, seq=6, RW, cmdType: WriteChunk traceID: "" containerID: 6 datanodeUuid: "0cab5a7d-6f40-474c-9abd-0651cf30726e" writeChunk { blockID { containerID: 6 localID: 115816896921600007 blockCommitSequenceId: 4 replicaIndex: 0 } chunkData { chunkName: "115816896921600007_chunk_3" offset: 2097152 len: 524288 } } version: 3, data.size=524288
java.util.concurrent.CompletionException: org.apache.ratis.protocol.exceptions.AlreadyClosedException: client-2101DF798DA8->8aba082c-257b-43e3-ba61-5d436c5b38fa is closed.
	at java.base/java.util.concurrent.CompletableFuture.encodeThrowable(CompletableFuture.java:332)
	at java.base/java.util.concurrent.CompletableFuture.uniAcceptNow(CompletableFuture.java:747)
	at java.base/java.util.concurrent.CompletableFuture.uniAcceptStage(CompletableFuture.java:735)
	at java.base/java.util.concurrent.CompletableFuture.thenAccept(CompletableFuture.java:2214)
	at org.apache.ratis.client.impl.OrderedAsync.sendRequestWithRetry(OrderedAsync.java:206)
	at org.apache.ratis.util.SlidingWindow$Client.sendOrDelayRequest(SlidingWindow.java:306)
	at org.apache.ratis.util.SlidingWindow$Client.submitNewRequest(SlidingWindow.java:294)
	at org.apache.ratis.client.impl.OrderedAsync.send(OrderedAsync.java:173)
	at org.apache.ratis.client.impl.AsyncImpl.send(AsyncImpl.java:41)
	at org.apache.ratis.client.impl.AsyncImpl.send(AsyncImpl.java:46)
	at org.apache.ratis.client.api.AsyncApi.send(AsyncApi.java:46)
	at org.apache.hadoop.hdds.scm.XceiverClientRatis.lambda$sendRequestAsync$3(XceiverClientRatis.java:270)
	at org.apache.hadoop.hdds.tracing.TracingUtil.executeInSpan(TracingUtil.java:205)
	at org.apache.hadoop.hdds.tracing.TracingUtil.executeInNewSpan(TracingUtil.java:195)
	at org.apache.hadoop.hdds.scm.XceiverClientRatis.sendRequestAsync(XceiverClientRatis.java:255)
	at org.apache.hadoop.hdds.scm.XceiverClientRatis.sendCommandAsync(XceiverClientRatis.java:368)
	at org.apache.hadoop.hdds.scm.storage.ContainerProtocolCalls.writeChunkAsync(ContainerProtocolCalls.java:470)
	at org.apache.hadoop.hdds.scm.storage.BlockOutputStream.writeChunkToContainer(BlockOutputStream.java:965)
	at org.apache.hadoop.hdds.scm.storage.BlockOutputStream.writeChunk(BlockOutputStream.java:663)
	at org.apache.hadoop.hdds.scm.storage.BlockOutputStream.handleFlushInternalSynchronized(BlockOutputStream.java:754)
	at org.apache.hadoop.hdds.scm.storage.BlockOutputStream.lambda$handleFlushInternal$8(BlockOutputStream.java:703)
	at org.apache.hadoop.ozone.util.MetricUtil.captureLatencyNs(MetricUtil.java:45)
	at org.apache.hadoop.hdds.scm.storage.BlockOutputStream.handleFlushInternal(BlockOutputStream.java:702)
	at org.apache.hadoop.hdds.scm.storage.BlockOutputStream.handleFlush(BlockOutputStream.java:678)
	at org.apache.hadoop.hdds.scm.storage.BlockOutputStream.close(BlockOutputStream.java:789)
	at org.apache.hadoop.ozone.client.io.BlockOutputStreamEntry.close(BlockOutputStreamEntry.java:217)
	at org.apache.hadoop.ozone.client.io.KeyOutputStream.handleStreamAction(KeyOutputStream.java:613)
	at org.apache.hadoop.ozone.client.io.KeyOutputStream.handleFlushOrClose(KeyOutputStream.java:581)
	at org.apache.hadoop.ozone.client.io.KeyOutputStream.closeInternal(KeyOutputStream.java:647)
	at org.apache.hadoop.ozone.client.io.KeyOutputStream.doInWriteLock(KeyOutputStream.java:251)
	at org.apache.hadoop.ozone.client.io.KeyOutputStream.close(KeyOutputStream.java:638)
	at org.apache.hadoop.ozone.client.io.OzoneOutputStream.close(OzoneOutputStream.java:104)
	at org.apache.hadoop.ozone.client.rpc.TestFailureHandlingByClient.testBlockWritesWithDnFailures(TestFailureHandlingByClient.java:214)
	at java.base/jdk.internal.reflect.DirectMethodHandleAccessor.invoke(DirectMethodHandleAccessor.java:103)
	at java.base/java.lang.reflect.Method.invoke(Method.java:580)
	at org.junit.platform.commons.util.ReflectionUtils.invokeMethod(ReflectionUtils.java:786)
	at org.junit.platform.commons.support.ReflectionSupport.invokeMethod(ReflectionSupport.java:514)
	at org.junit.jupiter.engine.execution.MethodInvocation.proceed(MethodInvocation.java:60)
	at org.junit.jupiter.engine.execution.InvocationInterceptorChain$ValidatingInvocation.proceed(InvocationInterceptorChain.java:131)
	at org.junit.jupiter.engine.extension.SameThreadTimeoutInvocation.proceed(SameThreadTimeoutInvocation.java:49)
	at org.junit.jupiter.engine.extension.TimeoutExtension.intercept(TimeoutExtension.java:161)
	at org.junit.jupiter.engine.extension.TimeoutExtension.interceptTestableMethod(TimeoutExtension.java:152)
	at org.junit.jupiter.engine.extension.TimeoutExtension.interceptTestMethod(TimeoutExtension.java:91)
	at org.junit.jupiter.engine.execution.InterceptingExecutableInvoker$ReflectiveInterceptorCall.lambda$ofVoidMethod$0(InterceptingExecutableInvoker.java:112)
	at org.junit.jupiter.engine.execution.InterceptingExecutableInvoker.lambda$invoke$0(InterceptingExecutableInvoker.java:94)
	at org.junit.jupiter.engine.execution.InvocationInterceptorChain$InterceptedInvocation.proceed(InvocationInterceptorChain.java:106)
	at org.junit.jupiter.engine.execution.InvocationInterceptorChain.proceed(InvocationInterceptorChain.java:64)
	at org.junit.jupiter.engine.execution.InvocationInterceptorChain.chainAndInvoke(InvocationInterceptorChain.java:45)
	at org.junit.jupiter.engine.execution.InvocationInterceptorChain.invoke(InvocationInterceptorChain.java:37)
	at org.junit.jupiter.engine.execution.InterceptingExecutableInvoker.invoke(InterceptingExecutableInvoker.java:93)
	at org.junit.jupiter.engine.execution.InterceptingExecutableInvoker.invoke(InterceptingExecutableInvoker.java:87)
	at org.junit.jupiter.engine.descriptor.TestMethodTestDescriptor.lambda$invokeTestMethod$4(TestMethodTestDescriptor.java:221)
	at org.junit.platform.engine.support.hierarchical.ThrowableCollector.execute(ThrowableCollector.java:73)
	at org.junit.jupiter.engine.descriptor.TestMethodTestDescriptor.invokeTestMethod(TestMethodTestDescriptor.java:217)
	at org.junit.jupiter.engine.descriptor.TestMethodTestDescriptor.execute(TestMethodTestDescriptor.java:159)
	at org.junit.jupiter.engine.descriptor.TestMethodTestDescriptor.execute(TestMethodTestDescriptor.java:70)
	at org.junit.platform.engine.support.hierarchical.NodeTestTask.lambda$executeRecursively$6(NodeTestTask.java:157)
	at org.junit.platform.engine.support.hierarchical.ThrowableCollector.execute(ThrowableCollector.java:73)
	at org.junit.platform.engine.support.hierarchical.NodeTestTask.lambda$executeRecursively$8(NodeTestTask.java:147)
	at org.junit.platform.engine.support.hierarchical.Node.around(Node.java:137)
	at org.junit.platform.engine.support.hierarchical.NodeTestTask.lambda$executeRecursively$9(NodeTestTask.java:145)
	at org.junit.platform.engine.support.hierarchical.ThrowableCollector.execute(ThrowableCollector.java:73)
	at org.junit.platform.engine.support.hierarchical.NodeTestTask.executeRecursively(NodeTestTask.java:144)
	at org.junit.platform.engine.support.hierarchical.NodeTestTask.execute(NodeTestTask.java:101)
	at org.junit.platform.engine.support.hierarchical.ForkJoinPoolHierarchicalTestExecutorService$ExclusiveTask.exec(ForkJoinPoolHierarchicalTestExecutorService.java:274)
	at org.junit.platform.engine.support.hierarchical.ForkJoinPoolHierarchicalTestExecutorService$ExclusiveTask.execSync(ForkJoinPoolHierarchicalTestExecutorService.java:247)
	at org.junit.platform.engine.support.hierarchical.ForkJoinPoolHierarchicalTestExecutorService.executeSync(ForkJoinPoolHierarchicalTestExecutorService.java:194)
	at org.junit.platform.engine.support.hierarchical.ForkJoinPoolHierarchicalTestExecutorService.invokeAll(ForkJoinPoolHierarchicalTestExecutorService.java:166)
	at org.junit.platform.engine.support.hierarchical.NodeTestTask.lambda$executeRecursively$6(NodeTestTask.java:161)
	at org.junit.platform.engine.support.hierarchical.ThrowableCollector.execute(ThrowableCollector.java:73)
	at org.junit.platform.engine.support.hierarchical.NodeTestTask.lambda$executeRecursively$8(NodeTestTask.java:147)
	at org.junit.platform.engine.support.hierarchical.Node.around(Node.java:137)
	at org.junit.platform.engine.support.hierarchical.NodeTestTask.lambda$executeRecursively$9(NodeTestTask.java:145)
	at org.junit.platform.engine.support.hierarchical.ThrowableCollector.execute(ThrowableCollector.java:73)
	at org.junit.platform.engine.support.hierarchical.NodeTestTask.executeRecursively(NodeTestTask.java:144)
	at org.junit.platform.engine.support.hierarchical.NodeTestTask.execute(NodeTestTask.java:101)
	at org.junit.platform.engine.support.hierarchical.ForkJoinPoolHierarchicalTestExecutorService$ExclusiveTask.exec(ForkJoinPoolHierarchicalTestExecutorService.java:274)
	at org.junit.platform.engine.support.hierarchical.ForkJoinPoolHierarchicalTestExecutorService$ExclusiveTask.execSync(ForkJoinPoolHierarchicalTestExecutorService.java:247)
	at org.junit.platform.engine.support.hierarchical.ForkJoinPoolHierarchicalTestExecutorService.invokeAll(ForkJoinPoolHierarchicalTestExecutorService.java:159)
	at org.junit.platform.engine.support.hierarchical.NodeTestTask.lambda$executeRecursively$6(NodeTestTask.java:161)
	at org.junit.platform.engine.support.hierarchical.ThrowableCollector.execute(ThrowableCollector.java:73)
	at org.junit.platform.engine.support.hierarchical.NodeTestTask.lambda$executeRecursively$8(NodeTestTask.java:147)
	at org.junit.platform.engine.support.hierarchical.Node.around(Node.java:137)
	at org.junit.platform.engine.support.hierarchical.NodeTestTask.lambda$executeRecursively$9(NodeTestTask.java:145)
	at org.junit.platform.engine.support.hierarchical.ThrowableCollector.execute(ThrowableCollector.java:73)
	at org.junit.platform.engine.support.hierarchical.NodeTestTask.executeRecursively(NodeTestTask.java:144)
	at org.junit.platform.engine.support.hierarchical.NodeTestTask.execute(NodeTestTask.java:101)
	at org.junit.platform.engine.support.hierarchical.ForkJoinPoolHierarchicalTestExecutorService$ExclusiveTask.exec(ForkJoinPoolHierarchicalTestExecutorService.java:274)
	at java.base/java.util.concurrent.ForkJoinTask.doExec(ForkJoinTask.java:387)
	at java.base/java.util.concurrent.ForkJoinPool$WorkQueue.topLevelExec(ForkJoinPool.java:1312)
	at java.base/java.util.concurrent.ForkJoinPool.scan(ForkJoinPool.java:1843)
	at java.base/java.util.concurrent.ForkJoinPool.runWorker(ForkJoinPool.java:1808)
	at java.base/java.util.concurrent.ForkJoinWorkerThread.run(ForkJoinWorkerThread.java:188)
Caused by: org.apache.ratis.protocol.exceptions.AlreadyClosedException: client-2101DF798DA8->8aba082c-257b-43e3-ba61-5d436c5b38fa is closed.
	at org.apache.ratis.grpc.client.GrpcClientProtocolClient$AsyncStreamObservers.onNext(GrpcClientProtocolClient.java:352)
	at org.apache.ratis.grpc.client.GrpcClientRpc.sendRequestAsync(GrpcClientRpc.java:71)
	... 89 more
2025-10-22 08:25:14,590 [timer6] WARN  server.GrpcLogAppender (LogUtils.java:warn(127)) - 9d21e184-bccf-4583-95a7-0fe616dd3b4b@group-E8ADAFC04A7A->0cab5a7d-6f40-474c-9abd-0651cf30726e-AppendLogResponseHandler: Failed appendEntries (Repeated 14 times in the last 5.001s): org.apache.ratis.thirdparty.io.grpc.StatusRuntimeException: UNAVAILABLE: io exception
  Caused by: org.apache.ratis.thirdparty.io.netty.channel.AbstractChannel$AnnotatedConnectException: finishConnect(..) failed: Connection refused: /127.0.0.1:15071
  Caused by: java.net.ConnectException: finishConnect(..) failed: Connection refused
2025-10-22 08:25:14,605 [timer4] WARN  server.GrpcLogAppender (GrpcLogAppender.java:lambda$resetClient$1(228)) - 9d21e184-bccf-4583-95a7-0fe616dd3b4b@group-E8ADAFC04A7A->0cab5a7d-6f40-474c-9abd-0651cf30726e-GrpcLogAppender: Follower failed (request=null, errorCount=14); keep nextIndex (9) unchanged and retry. (Repeated 10 times in the last 5.000s)
2025-10-22 08:25:14,921 [1c036820-4dbe-4abe-80fb-5ca88de5e2f0@group-5E2F154B5BDB-FollowerState] INFO  impl.FollowerState (FollowerState.java:runImpl(161)) - 1c036820-4dbe-4abe-80fb-5ca88de5e2f0@group-5E2F154B5BDB-FollowerState: change to CANDIDATE, lastRpcElapsedTime:1043319564ns, electionTimeout:1043ms
2025-10-22 08:25:14,921 [1c036820-4dbe-4abe-80fb-5ca88de5e2f0@group-5E2F154B5BDB-FollowerState] INFO  impl.RoleInfo (RoleInfo.java:shutdownFollowerState(121)) - 1c036820-4dbe-4abe-80fb-5ca88de5e2f0: shutdown 1c036820-4dbe-4abe-80fb-5ca88de5e2f0@group-5E2F154B5BDB-FollowerState
2025-10-22 08:25:14,921 [1c036820-4dbe-4abe-80fb-5ca88de5e2f0@group-5E2F154B5BDB-FollowerState] INFO  server.RaftServer$Division (RaftServerImpl.java:setRole(392)) - 1c036820-4dbe-4abe-80fb-5ca88de5e2f0@group-5E2F154B5BDB: changes role from  FOLLOWER to CANDIDATE at term 2 for changeToCandidate
2025-10-22 08:25:14,921 [1c036820-4dbe-4abe-80fb-5ca88de5e2f0@group-5E2F154B5BDB-FollowerState] INFO  impl.RoleInfo (RoleInfo.java:updateAndGet(148)) - 1c036820-4dbe-4abe-80fb-5ca88de5e2f0: start 1c036820-4dbe-4abe-80fb-5ca88de5e2f0@group-5E2F154B5BDB-LeaderElection166
2025-10-22 08:25:14,921 [1c036820-4dbe-4abe-80fb-5ca88de5e2f0@group-5E2F154B5BDB-LeaderElection166] INFO  impl.LeaderElection (LeaderElection.java:askForVotes(448)) - 1c036820-4dbe-4abe-80fb-5ca88de5e2f0@group-5E2F154B5BDB-LeaderElection166 PRE_VOTE round 0: submit vote requests at term 2 for conf: {index: 1, cur=peers:[4d8a2798-959e-416b-b534-19c13b55a760|127.0.0.1:15023, 1c036820-4dbe-4abe-80fb-5ca88de5e2f0|127.0.0.1:15015, 40df8fc4-149d-40c0-897d-2844034d8141|127.0.0.1:15031]|listeners:[], old=null}
2025-10-22 08:25:14,922 [1c036820-4dbe-4abe-80fb-5ca88de5e2f0@group-5E2F154B5BDB-LeaderElection166] INFO  impl.LeaderElection (LogUtils.java:infoOrTrace(142)) - 1c036820-4dbe-4abe-80fb-5ca88de5e2f0@group-5E2F154B5BDB-LeaderElection166 got exception when requesting votes: java.util.concurrent.ExecutionException: org.apache.ratis.thirdparty.io.grpc.StatusRuntimeException: UNAVAILABLE: io exception
2025-10-22 08:25:14,922 [1c036820-4dbe-4abe-80fb-5ca88de5e2f0@group-5E2F154B5BDB-LeaderElection166] INFO  impl.LeaderElection (LogUtils.java:infoOrTrace(142)) - 1c036820-4dbe-4abe-80fb-5ca88de5e2f0@group-5E2F154B5BDB-LeaderElection166 got exception when requesting votes: java.util.concurrent.ExecutionException: org.apache.ratis.thirdparty.io.grpc.StatusRuntimeException: UNAVAILABLE: io exception
2025-10-22 08:25:14,922 [1c036820-4dbe-4abe-80fb-5ca88de5e2f0@group-5E2F154B5BDB-LeaderElection166] INFO  impl.LeaderElection (LeaderElection.java:logAndReturn(206)) - 1c036820-4dbe-4abe-80fb-5ca88de5e2f0@group-5E2F154B5BDB-LeaderElection166: PRE_VOTE REJECTED received 0 response(s) and 2 exception(s):
2025-10-22 08:25:14,922 [1c036820-4dbe-4abe-80fb-5ca88de5e2f0@group-5E2F154B5BDB-LeaderElection166] INFO  impl.LeaderElection (LogUtils.java:infoOrTrace(142)) -   Exception 0: java.util.concurrent.ExecutionException: org.apache.ratis.thirdparty.io.grpc.StatusRuntimeException: UNAVAILABLE: io exception
2025-10-22 08:25:14,922 [1c036820-4dbe-4abe-80fb-5ca88de5e2f0@group-5E2F154B5BDB-LeaderElection166] INFO  impl.LeaderElection (LogUtils.java:infoOrTrace(142)) -   Exception 1: java.util.concurrent.ExecutionException: org.apache.ratis.thirdparty.io.grpc.StatusRuntimeException: UNAVAILABLE: io exception
2025-10-22 08:25:14,922 [1c036820-4dbe-4abe-80fb-5ca88de5e2f0@group-5E2F154B5BDB-LeaderElection166] INFO  impl.LeaderElection (LeaderElection.java:askForVotes(450)) - 1c036820-4dbe-4abe-80fb-5ca88de5e2f0@group-5E2F154B5BDB-LeaderElection166 PRE_VOTE round 0: result REJECTED
2025-10-22 08:25:14,922 [1c036820-4dbe-4abe-80fb-5ca88de5e2f0@group-5E2F154B5BDB-LeaderElection166] INFO  server.RaftServer$Division (RaftServerImpl.java:setRole(392)) - 1c036820-4dbe-4abe-80fb-5ca88de5e2f0@group-5E2F154B5BDB: changes role from CANDIDATE to FOLLOWER at term 2 for REJECTED
2025-10-22 08:25:14,922 [1c036820-4dbe-4abe-80fb-5ca88de5e2f0@group-5E2F154B5BDB-LeaderElection166] INFO  impl.RoleInfo (RoleInfo.java:shutdownLeaderElection(141)) - 1c036820-4dbe-4abe-80fb-5ca88de5e2f0: shutdown 1c036820-4dbe-4abe-80fb-5ca88de5e2f0@group-5E2F154B5BDB-LeaderElection166
2025-10-22 08:25:14,923 [1c036820-4dbe-4abe-80fb-5ca88de5e2f0@group-5E2F154B5BDB-LeaderElection166] INFO  impl.RoleInfo (RoleInfo.java:updateAndGet(148)) - 1c036820-4dbe-4abe-80fb-5ca88de5e2f0: start 1c036820-4dbe-4abe-80fb-5ca88de5e2f0@group-5E2F154B5BDB-FollowerState
2025-10-22 08:25:15,079 [8aba082c-257b-43e3-ba61-5d436c5b38fa@group-E8ADAFC04A7A-FollowerState] INFO  impl.FollowerState (FollowerState.java:runImpl(161)) - 8aba082c-257b-43e3-ba61-5d436c5b38fa@group-E8ADAFC04A7A-FollowerState: change to CANDIDATE, lastRpcElapsedTime:1192310558ns, electionTimeout:1192ms
2025-10-22 08:25:15,079 [8aba082c-257b-43e3-ba61-5d436c5b38fa@group-E8ADAFC04A7A-FollowerState] INFO  impl.RoleInfo (RoleInfo.java:shutdownFollowerState(121)) - 8aba082c-257b-43e3-ba61-5d436c5b38fa: shutdown 8aba082c-257b-43e3-ba61-5d436c5b38fa@group-E8ADAFC04A7A-FollowerState
2025-10-22 08:25:15,079 [8aba082c-257b-43e3-ba61-5d436c5b38fa@group-E8ADAFC04A7A-FollowerState] INFO  server.RaftServer$Division (RaftServerImpl.java:setRole(392)) - 8aba082c-257b-43e3-ba61-5d436c5b38fa@group-E8ADAFC04A7A: changes role from  FOLLOWER to CANDIDATE at term 2 for changeToCandidate
2025-10-22 08:25:15,079 [8aba082c-257b-43e3-ba61-5d436c5b38fa@group-E8ADAFC04A7A-FollowerState] INFO  impl.RoleInfo (RoleInfo.java:updateAndGet(148)) - 8aba082c-257b-43e3-ba61-5d436c5b38fa: start 8aba082c-257b-43e3-ba61-5d436c5b38fa@group-E8ADAFC04A7A-LeaderElection167
2025-10-22 08:25:15,080 [8aba082c-257b-43e3-ba61-5d436c5b38fa@group-E8ADAFC04A7A-LeaderElection167] INFO  impl.LeaderElection (LeaderElection.java:askForVotes(448)) - 8aba082c-257b-43e3-ba61-5d436c5b38fa@group-E8ADAFC04A7A-LeaderElection167 PRE_VOTE round 0: submit vote requests at term 2 for conf: {index: 7, cur=peers:[9d21e184-bccf-4583-95a7-0fe616dd3b4b|127.0.0.1:15079, 8aba082c-257b-43e3-ba61-5d436c5b38fa|127.0.0.1:15063, 0cab5a7d-6f40-474c-9abd-0651cf30726e|127.0.0.1:15071]|listeners:[], old=null}
2025-10-22 08:25:15,080 [8aba082c-257b-43e3-ba61-5d436c5b38fa@group-E8ADAFC04A7A-LeaderElection167] INFO  impl.LeaderElection (LogUtils.java:infoOrTrace(142)) - 8aba082c-257b-43e3-ba61-5d436c5b38fa@group-E8ADAFC04A7A-LeaderElection167 got exception when requesting votes: java.util.concurrent.ExecutionException: org.apache.ratis.thirdparty.io.grpc.StatusRuntimeException: UNAVAILABLE: io exception
2025-10-22 08:25:15,080 [8aba082c-257b-43e3-ba61-5d436c5b38fa@group-E8ADAFC04A7A-LeaderElection167] INFO  impl.LeaderElection (LogUtils.java:infoOrTrace(142)) - 8aba082c-257b-43e3-ba61-5d436c5b38fa@group-E8ADAFC04A7A-LeaderElection167 got exception when requesting votes: java.util.concurrent.ExecutionException: org.apache.ratis.thirdparty.io.grpc.StatusRuntimeException: UNAVAILABLE: io exception
2025-10-22 08:25:15,080 [8aba082c-257b-43e3-ba61-5d436c5b38fa@group-E8ADAFC04A7A-LeaderElection167] INFO  impl.LeaderElection (LeaderElection.java:logAndReturn(206)) - 8aba082c-257b-43e3-ba61-5d436c5b38fa@group-E8ADAFC04A7A-LeaderElection167: PRE_VOTE REJECTED received 0 response(s) and 2 exception(s):
2025-10-22 08:25:15,080 [8aba082c-257b-43e3-ba61-5d436c5b38fa@group-E8ADAFC04A7A-LeaderElection167] INFO  impl.LeaderElection (LogUtils.java:infoOrTrace(142)) -   Exception 0: java.util.concurrent.ExecutionException: org.apache.ratis.thirdparty.io.grpc.StatusRuntimeException: UNAVAILABLE: io exception
2025-10-22 08:25:15,080 [8aba082c-257b-43e3-ba61-5d436c5b38fa@group-E8ADAFC04A7A-LeaderElection167] INFO  impl.LeaderElection (LogUtils.java:infoOrTrace(142)) -   Exception 1: java.util.concurrent.ExecutionException: org.apache.ratis.thirdparty.io.grpc.StatusRuntimeException: UNAVAILABLE: io exception
2025-10-22 08:25:15,080 [8aba082c-257b-43e3-ba61-5d436c5b38fa@group-E8ADAFC04A7A-LeaderElection167] INFO  impl.LeaderElection (LeaderElection.java:askForVotes(450)) - 8aba082c-257b-43e3-ba61-5d436c5b38fa@group-E8ADAFC04A7A-LeaderElection167 PRE_VOTE round 0: result REJECTED
2025-10-22 08:25:15,080 [8aba082c-257b-43e3-ba61-5d436c5b38fa@group-E8ADAFC04A7A-LeaderElection167] INFO  server.RaftServer$Division (RaftServerImpl.java:setRole(392)) - 8aba082c-257b-43e3-ba61-5d436c5b38fa@group-E8ADAFC04A7A: changes role from CANDIDATE to FOLLOWER at term 2 for REJECTED
2025-10-22 08:25:15,080 [8aba082c-257b-43e3-ba61-5d436c5b38fa@group-E8ADAFC04A7A-LeaderElection167] INFO  impl.RoleInfo (RoleInfo.java:shutdownLeaderElection(141)) - 8aba082c-257b-43e3-ba61-5d436c5b38fa: shutdown 8aba082c-257b-43e3-ba61-5d436c5b38fa@group-E8ADAFC04A7A-LeaderElection167
2025-10-22 08:25:15,080 [8aba082c-257b-43e3-ba61-5d436c5b38fa@group-E8ADAFC04A7A-LeaderElection167] INFO  impl.RoleInfo (RoleInfo.java:updateAndGet(148)) - 8aba082c-257b-43e3-ba61-5d436c5b38fa: start 8aba082c-257b-43e3-ba61-5d436c5b38fa@group-E8ADAFC04A7A-FollowerState
2025-10-22 08:25:15,317 [40df8fc4-149d-40c0-897d-2844034d8141@group-5E2F154B5BDB-FollowerState] INFO  impl.FollowerState (FollowerState.java:runImpl(161)) - 40df8fc4-149d-40c0-897d-2844034d8141@group-5E2F154B5BDB-FollowerState: change to CANDIDATE, lastRpcElapsedTime:1049823484ns, electionTimeout:1031ms
2025-10-22 08:25:15,317 [40df8fc4-149d-40c0-897d-2844034d8141@group-5E2F154B5BDB-FollowerState] INFO  impl.RoleInfo (RoleInfo.java:shutdownFollowerState(121)) - 40df8fc4-149d-40c0-897d-2844034d8141: shutdown 40df8fc4-149d-40c0-897d-2844034d8141@group-5E2F154B5BDB-FollowerState
2025-10-22 08:25:15,317 [40df8fc4-149d-40c0-897d-2844034d8141@group-5E2F154B5BDB-FollowerState] INFO  server.RaftServer$Division (RaftServerImpl.java:setRole(392)) - 40df8fc4-149d-40c0-897d-2844034d8141@group-5E2F154B5BDB: changes role from  FOLLOWER to CANDIDATE at term 2 for changeToCandidate
2025-10-22 08:25:15,317 [40df8fc4-149d-40c0-897d-2844034d8141@group-5E2F154B5BDB-FollowerState] INFO  impl.RoleInfo (RoleInfo.java:updateAndGet(148)) - 40df8fc4-149d-40c0-897d-2844034d8141: start 40df8fc4-149d-40c0-897d-2844034d8141@group-5E2F154B5BDB-LeaderElection168
2025-10-22 08:25:15,317 [40df8fc4-149d-40c0-897d-2844034d8141@group-5E2F154B5BDB-LeaderElection168] INFO  impl.LeaderElection (LeaderElection.java:askForVotes(448)) - 40df8fc4-149d-40c0-897d-2844034d8141@group-5E2F154B5BDB-LeaderElection168 PRE_VOTE round 0: submit vote requests at term 2 for conf: {index: 1, cur=peers:[4d8a2798-959e-416b-b534-19c13b55a760|127.0.0.1:15023, 1c036820-4dbe-4abe-80fb-5ca88de5e2f0|127.0.0.1:15015, 40df8fc4-149d-40c0-897d-2844034d8141|127.0.0.1:15031]|listeners:[], old=null}
2025-10-22 08:25:15,319 [grpc-default-executor-7] INFO  server.RaftServer$Division (RaftServerImpl.java:requestVote(1421)) - 4d8a2798-959e-416b-b534-19c13b55a760@group-5E2F154B5BDB: receive requestVote(PRE_VOTE, 40df8fc4-149d-40c0-897d-2844034d8141, group-5E2F154B5BDB, 2, (t:2, i:2))
2025-10-22 08:25:15,319 [grpc-default-executor-2] INFO  server.RaftServer$Division (RaftServerImpl.java:requestVote(1421)) - 1c036820-4dbe-4abe-80fb-5ca88de5e2f0@group-5E2F154B5BDB: receive requestVote(PRE_VOTE, 40df8fc4-149d-40c0-897d-2844034d8141, group-5E2F154B5BDB, 2, (t:2, i:2))
2025-10-22 08:25:15,319 [grpc-default-executor-7] INFO  impl.VoteContext (VoteContext.java:log(49)) - 4d8a2798-959e-416b-b534-19c13b55a760@group-5E2F154B5BDB-FOLLOWER: accept PRE_VOTE from 40df8fc4-149d-40c0-897d-2844034d8141: our priority 0 <= candidate's priority 0
2025-10-22 08:25:15,319 [grpc-default-executor-7] INFO  server.RaftServer$Division (RaftServerImpl.java:requestVote(1455)) - 4d8a2798-959e-416b-b534-19c13b55a760@group-5E2F154B5BDB replies to PRE_VOTE vote request: 40df8fc4-149d-40c0-897d-2844034d8141<-4d8a2798-959e-416b-b534-19c13b55a760#0:OK-t2-last:(t:2, i:2). Peer's state: 4d8a2798-959e-416b-b534-19c13b55a760@group-5E2F154B5BDB:t2, leader=null, voted=1c036820-4dbe-4abe-80fb-5ca88de5e2f0, raftlog=Memoized:4d8a2798-959e-416b-b534-19c13b55a760@group-5E2F154B5BDB-SegmentedRaftLog:OPENED:c2:last(t:2, i:2), conf=conf: {index: 1, cur=peers:[4d8a2798-959e-416b-b534-19c13b55a760|127.0.0.1:15023, 1c036820-4dbe-4abe-80fb-5ca88de5e2f0|127.0.0.1:15015, 40df8fc4-149d-40c0-897d-2844034d8141|127.0.0.1:15031]|listeners:[], old=null}
2025-10-22 08:25:15,319 [grpc-default-executor-2] INFO  impl.VoteContext (VoteContext.java:log(49)) - 1c036820-4dbe-4abe-80fb-5ca88de5e2f0@group-5E2F154B5BDB-FOLLOWER: reject PRE_VOTE from 40df8fc4-149d-40c0-897d-2844034d8141: our priority 1 > candidate's priority 0
2025-10-22 08:25:15,319 [grpc-default-executor-2] INFO  server.RaftServer$Division (RaftServerImpl.java:requestVote(1455)) - 1c036820-4dbe-4abe-80fb-5ca88de5e2f0@group-5E2F154B5BDB replies to PRE_VOTE vote request: 40df8fc4-149d-40c0-897d-2844034d8141<-1c036820-4dbe-4abe-80fb-5ca88de5e2f0#0:FAIL-t2-last:(t:2, i:2). Peer's state: 1c036820-4dbe-4abe-80fb-5ca88de5e2f0@group-5E2F154B5BDB:t2, leader=null, voted=1c036820-4dbe-4abe-80fb-5ca88de5e2f0, raftlog=Memoized:1c036820-4dbe-4abe-80fb-5ca88de5e2f0@group-5E2F154B5BDB-SegmentedRaftLog:OPENED:c2:last(t:2, i:2), conf=conf: {index: 1, cur=peers:[4d8a2798-959e-416b-b534-19c13b55a760|127.0.0.1:15023, 1c036820-4dbe-4abe-80fb-5ca88de5e2f0|127.0.0.1:15015, 40df8fc4-149d-40c0-897d-2844034d8141|127.0.0.1:15031]|listeners:[], old=null}
2025-10-22 08:25:15,320 [40df8fc4-149d-40c0-897d-2844034d8141@group-5E2F154B5BDB-LeaderElection168] INFO  impl.LeaderElection (LeaderElection.java:logAndReturn(206)) - 40df8fc4-149d-40c0-897d-2844034d8141@group-5E2F154B5BDB-LeaderElection168: PRE_VOTE REJECTED received 1 response(s) and 0 exception(s):
2025-10-22 08:25:15,320 [40df8fc4-149d-40c0-897d-2844034d8141@group-5E2F154B5BDB-LeaderElection168] INFO  impl.LeaderElection (LeaderElection.java:logAndReturn(210)) -   Response 0: 40df8fc4-149d-40c0-897d-2844034d8141<-1c036820-4dbe-4abe-80fb-5ca88de5e2f0#0:FAIL-t2-last:(t:2, i:2)
2025-10-22 08:25:15,320 [40df8fc4-149d-40c0-897d-2844034d8141@group-5E2F154B5BDB-LeaderElection168] INFO  impl.LeaderElection (LeaderElection.java:askForVotes(450)) - 40df8fc4-149d-40c0-897d-2844034d8141@group-5E2F154B5BDB-LeaderElection168 PRE_VOTE round 0: result REJECTED
2025-10-22 08:25:15,320 [40df8fc4-149d-40c0-897d-2844034d8141@group-5E2F154B5BDB-LeaderElection168] INFO  server.RaftServer$Division (RaftServerImpl.java:setRole(392)) - 40df8fc4-149d-40c0-897d-2844034d8141@group-5E2F154B5BDB: changes role from CANDIDATE to FOLLOWER at term 2 for REJECTED
2025-10-22 08:25:15,320 [40df8fc4-149d-40c0-897d-2844034d8141@group-5E2F154B5BDB-LeaderElection168] INFO  impl.RoleInfo (RoleInfo.java:shutdownLeaderElection(141)) - 40df8fc4-149d-40c0-897d-2844034d8141: shutdown 40df8fc4-149d-40c0-897d-2844034d8141@group-5E2F154B5BDB-LeaderElection168
2025-10-22 08:25:15,320 [40df8fc4-149d-40c0-897d-2844034d8141@group-5E2F154B5BDB-LeaderElection168] INFO  impl.RoleInfo (RoleInfo.java:updateAndGet(148)) - 40df8fc4-149d-40c0-897d-2844034d8141: start 40df8fc4-149d-40c0-897d-2844034d8141@group-5E2F154B5BDB-FollowerState
2025-10-22 08:25:15,381 [8aba082c-257b-43e3-ba61-5d436c5b38fa@group-45121E95117A-FollowerState] INFO  impl.FollowerState (FollowerState.java:lostMajorityHeartbeatsRecently(113)) - 8aba082c-257b-43e3-ba61-5d436c5b38fa@group-45121E95117A-FollowerState: Skipping leader election since it stepped down recently (elapsed = 2200ms < waitTime = 10s)
2025-10-22 08:25:16,082 [1c036820-4dbe-4abe-80fb-5ca88de5e2f0@group-5E2F154B5BDB-FollowerState] INFO  impl.FollowerState (FollowerState.java:runImpl(161)) - 1c036820-4dbe-4abe-80fb-5ca88de5e2f0@group-5E2F154B5BDB-FollowerState: change to CANDIDATE, lastRpcElapsedTime:1159273734ns, electionTimeout:1159ms
2025-10-22 08:25:16,082 [1c036820-4dbe-4abe-80fb-5ca88de5e2f0@group-5E2F154B5BDB-FollowerState] INFO  impl.RoleInfo (RoleInfo.java:shutdownFollowerState(121)) - 1c036820-4dbe-4abe-80fb-5ca88de5e2f0: shutdown 1c036820-4dbe-4abe-80fb-5ca88de5e2f0@group-5E2F154B5BDB-FollowerState
2025-10-22 08:25:16,082 [1c036820-4dbe-4abe-80fb-5ca88de5e2f0@group-5E2F154B5BDB-FollowerState] INFO  server.RaftServer$Division (RaftServerImpl.java:setRole(392)) - 1c036820-4dbe-4abe-80fb-5ca88de5e2f0@group-5E2F154B5BDB: changes role from  FOLLOWER to CANDIDATE at term 2 for changeToCandidate
2025-10-22 08:25:16,082 [1c036820-4dbe-4abe-80fb-5ca88de5e2f0@group-5E2F154B5BDB-FollowerState] INFO  impl.RoleInfo (RoleInfo.java:updateAndGet(148)) - 1c036820-4dbe-4abe-80fb-5ca88de5e2f0: start 1c036820-4dbe-4abe-80fb-5ca88de5e2f0@group-5E2F154B5BDB-LeaderElection169
2025-10-22 08:25:16,082 [1c036820-4dbe-4abe-80fb-5ca88de5e2f0@group-5E2F154B5BDB-LeaderElection169] INFO  impl.LeaderElection (LeaderElection.java:askForVotes(448)) - 1c036820-4dbe-4abe-80fb-5ca88de5e2f0@group-5E2F154B5BDB-LeaderElection169 PRE_VOTE round 0: submit vote requests at term 2 for conf: {index: 1, cur=peers:[4d8a2798-959e-416b-b534-19c13b55a760|127.0.0.1:15023, 1c036820-4dbe-4abe-80fb-5ca88de5e2f0|127.0.0.1:15015, 40df8fc4-149d-40c0-897d-2844034d8141|127.0.0.1:15031]|listeners:[], old=null}
2025-10-22 08:25:16,083 [1c036820-4dbe-4abe-80fb-5ca88de5e2f0@group-5E2F154B5BDB-LeaderElection169] INFO  impl.LeaderElection (LogUtils.java:infoOrTrace(142)) - 1c036820-4dbe-4abe-80fb-5ca88de5e2f0@group-5E2F154B5BDB-LeaderElection169 got exception when requesting votes: java.util.concurrent.ExecutionException: org.apache.ratis.thirdparty.io.grpc.StatusRuntimeException: UNAVAILABLE: io exception
2025-10-22 08:25:16,083 [1c036820-4dbe-4abe-80fb-5ca88de5e2f0@group-5E2F154B5BDB-LeaderElection169] INFO  impl.LeaderElection (LogUtils.java:infoOrTrace(142)) - 1c036820-4dbe-4abe-80fb-5ca88de5e2f0@group-5E2F154B5BDB-LeaderElection169 got exception when requesting votes: java.util.concurrent.ExecutionException: org.apache.ratis.thirdparty.io.grpc.StatusRuntimeException: UNAVAILABLE: io exception
2025-10-22 08:25:16,083 [1c036820-4dbe-4abe-80fb-5ca88de5e2f0@group-5E2F154B5BDB-LeaderElection169] INFO  impl.LeaderElection (LeaderElection.java:logAndReturn(206)) - 1c036820-4dbe-4abe-80fb-5ca88de5e2f0@group-5E2F154B5BDB-LeaderElection169: PRE_VOTE REJECTED received 0 response(s) and 2 exception(s):
2025-10-22 08:25:16,083 [1c036820-4dbe-4abe-80fb-5ca88de5e2f0@group-5E2F154B5BDB-LeaderElection169] INFO  impl.LeaderElection (LogUtils.java:infoOrTrace(142)) -   Exception 0: java.util.concurrent.ExecutionException: org.apache.ratis.thirdparty.io.grpc.StatusRuntimeException: UNAVAILABLE: io exception
2025-10-22 08:25:16,083 [1c036820-4dbe-4abe-80fb-5ca88de5e2f0@group-5E2F154B5BDB-LeaderElection169] INFO  impl.LeaderElection (LogUtils.java:infoOrTrace(142)) -   Exception 1: java.util.concurrent.ExecutionException: org.apache.ratis.thirdparty.io.grpc.StatusRuntimeException: UNAVAILABLE: io exception
2025-10-22 08:25:16,083 [1c036820-4dbe-4abe-80fb-5ca88de5e2f0@group-5E2F154B5BDB-LeaderElection169] INFO  impl.LeaderElection (LeaderElection.java:askForVotes(450)) - 1c036820-4dbe-4abe-80fb-5ca88de5e2f0@group-5E2F154B5BDB-LeaderElection169 PRE_VOTE round 0: result REJECTED
2025-10-22 08:25:16,083 [1c036820-4dbe-4abe-80fb-5ca88de5e2f0@group-5E2F154B5BDB-LeaderElection169] INFO  server.RaftServer$Division (RaftServerImpl.java:setRole(392)) - 1c036820-4dbe-4abe-80fb-5ca88de5e2f0@group-5E2F154B5BDB: changes role from CANDIDATE to FOLLOWER at term 2 for REJECTED
2025-10-22 08:25:16,083 [1c036820-4dbe-4abe-80fb-5ca88de5e2f0@group-5E2F154B5BDB-LeaderElection169] INFO  impl.RoleInfo (RoleInfo.java:shutdownLeaderElection(141)) - 1c036820-4dbe-4abe-80fb-5ca88de5e2f0: shutdown 1c036820-4dbe-4abe-80fb-5ca88de5e2f0@group-5E2F154B5BDB-LeaderElection169
2025-10-22 08:25:16,083 [1c036820-4dbe-4abe-80fb-5ca88de5e2f0@group-5E2F154B5BDB-LeaderElection169] INFO  impl.RoleInfo (RoleInfo.java:updateAndGet(148)) - 1c036820-4dbe-4abe-80fb-5ca88de5e2f0: start 1c036820-4dbe-4abe-80fb-5ca88de5e2f0@group-5E2F154B5BDB-FollowerState
2025-10-22 08:25:16,265 [8aba082c-257b-43e3-ba61-5d436c5b38fa@group-E8ADAFC04A7A-FollowerState] INFO  impl.FollowerState (FollowerState.java:runImpl(161)) - 8aba082c-257b-43e3-ba61-5d436c5b38fa@group-E8ADAFC04A7A-FollowerState: change to CANDIDATE, lastRpcElapsedTime:1184358711ns, electionTimeout:1184ms
2025-10-22 08:25:16,265 [8aba082c-257b-43e3-ba61-5d436c5b38fa@group-E8ADAFC04A7A-FollowerState] INFO  impl.RoleInfo (RoleInfo.java:shutdownFollowerState(121)) - 8aba082c-257b-43e3-ba61-5d436c5b38fa: shutdown 8aba082c-257b-43e3-ba61-5d436c5b38fa@group-E8ADAFC04A7A-FollowerState
2025-10-22 08:25:16,265 [8aba082c-257b-43e3-ba61-5d436c5b38fa@group-E8ADAFC04A7A-FollowerState] INFO  server.RaftServer$Division (RaftServerImpl.java:setRole(392)) - 8aba082c-257b-43e3-ba61-5d436c5b38fa@group-E8ADAFC04A7A: changes role from  FOLLOWER to CANDIDATE at term 2 for changeToCandidate
2025-10-22 08:25:16,265 [8aba082c-257b-43e3-ba61-5d436c5b38fa@group-E8ADAFC04A7A-FollowerState] INFO  impl.RoleInfo (RoleInfo.java:updateAndGet(148)) - 8aba082c-257b-43e3-ba61-5d436c5b38fa: start 8aba082c-257b-43e3-ba61-5d436c5b38fa@group-E8ADAFC04A7A-LeaderElection170
2025-10-22 08:25:16,265 [8aba082c-257b-43e3-ba61-5d436c5b38fa@group-E8ADAFC04A7A-LeaderElection170] INFO  impl.LeaderElection (LeaderElection.java:askForVotes(448)) - 8aba082c-257b-43e3-ba61-5d436c5b38fa@group-E8ADAFC04A7A-LeaderElection170 PRE_VOTE round 0: submit vote requests at term 2 for conf: {index: 7, cur=peers:[9d21e184-bccf-4583-95a7-0fe616dd3b4b|127.0.0.1:15079, 8aba082c-257b-43e3-ba61-5d436c5b38fa|127.0.0.1:15063, 0cab5a7d-6f40-474c-9abd-0651cf30726e|127.0.0.1:15071]|listeners:[], old=null}
2025-10-22 08:25:16,266 [8aba082c-257b-43e3-ba61-5d436c5b38fa@group-E8ADAFC04A7A-LeaderElection170] INFO  impl.LeaderElection (LogUtils.java:infoOrTrace(142)) - 8aba082c-257b-43e3-ba61-5d436c5b38fa@group-E8ADAFC04A7A-LeaderElection170 got exception when requesting votes: java.util.concurrent.ExecutionException: org.apache.ratis.thirdparty.io.grpc.StatusRuntimeException: UNAVAILABLE: io exception
2025-10-22 08:25:16,266 [8aba082c-257b-43e3-ba61-5d436c5b38fa@group-E8ADAFC04A7A-LeaderElection170] INFO  impl.LeaderElection (LogUtils.java:infoOrTrace(142)) - 8aba082c-257b-43e3-ba61-5d436c5b38fa@group-E8ADAFC04A7A-LeaderElection170 got exception when requesting votes: java.util.concurrent.ExecutionException: org.apache.ratis.thirdparty.io.grpc.StatusRuntimeException: UNAVAILABLE: io exception
2025-10-22 08:25:16,266 [8aba082c-257b-43e3-ba61-5d436c5b38fa@group-E8ADAFC04A7A-LeaderElection170] INFO  impl.LeaderElection (LeaderElection.java:logAndReturn(206)) - 8aba082c-257b-43e3-ba61-5d436c5b38fa@group-E8ADAFC04A7A-LeaderElection170: PRE_VOTE REJECTED received 0 response(s) and 2 exception(s):
2025-10-22 08:25:16,266 [8aba082c-257b-43e3-ba61-5d436c5b38fa@group-E8ADAFC04A7A-LeaderElection170] INFO  impl.LeaderElection (LogUtils.java:infoOrTrace(142)) -   Exception 0: java.util.concurrent.ExecutionException: org.apache.ratis.thirdparty.io.grpc.StatusRuntimeException: UNAVAILABLE: io exception
2025-10-22 08:25:16,266 [8aba082c-257b-43e3-ba61-5d436c5b38fa@group-E8ADAFC04A7A-LeaderElection170] INFO  impl.LeaderElection (LogUtils.java:infoOrTrace(142)) -   Exception 1: java.util.concurrent.ExecutionException: org.apache.ratis.thirdparty.io.grpc.StatusRuntimeException: UNAVAILABLE: io exception
2025-10-22 08:25:16,266 [8aba082c-257b-43e3-ba61-5d436c5b38fa@group-E8ADAFC04A7A-LeaderElection170] INFO  impl.LeaderElection (LeaderElection.java:askForVotes(450)) - 8aba082c-257b-43e3-ba61-5d436c5b38fa@group-E8ADAFC04A7A-LeaderElection170 PRE_VOTE round 0: result REJECTED
2025-10-22 08:25:16,266 [8aba082c-257b-43e3-ba61-5d436c5b38fa@group-E8ADAFC04A7A-LeaderElection170] INFO  server.RaftServer$Division (RaftServerImpl.java:setRole(392)) - 8aba082c-257b-43e3-ba61-5d436c5b38fa@group-E8ADAFC04A7A: changes role from CANDIDATE to FOLLOWER at term 2 for REJECTED
2025-10-22 08:25:16,266 [8aba082c-257b-43e3-ba61-5d436c5b38fa@group-E8ADAFC04A7A-LeaderElection170] INFO  impl.RoleInfo (RoleInfo.java:shutdownLeaderElection(141)) - 8aba082c-257b-43e3-ba61-5d436c5b38fa: shutdown 8aba082c-257b-43e3-ba61-5d436c5b38fa@group-E8ADAFC04A7A-LeaderElection170
2025-10-22 08:25:16,266 [8aba082c-257b-43e3-ba61-5d436c5b38fa@group-E8ADAFC04A7A-LeaderElection170] INFO  impl.RoleInfo (RoleInfo.java:updateAndGet(148)) - 8aba082c-257b-43e3-ba61-5d436c5b38fa: start 8aba082c-257b-43e3-ba61-5d436c5b38fa@group-E8ADAFC04A7A-FollowerState
2025-10-22 08:25:16,362 [40df8fc4-149d-40c0-897d-2844034d8141@group-5E2F154B5BDB-FollowerState] INFO  impl.FollowerState (FollowerState.java:runImpl(161)) - 40df8fc4-149d-40c0-897d-2844034d8141@group-5E2F154B5BDB-FollowerState: change to CANDIDATE, lastRpcElapsedTime:1042450789ns, electionTimeout:1042ms
2025-10-22 08:25:16,363 [40df8fc4-149d-40c0-897d-2844034d8141@group-5E2F154B5BDB-FollowerState] INFO  impl.RoleInfo (RoleInfo.java:shutdownFollowerState(121)) - 40df8fc4-149d-40c0-897d-2844034d8141: shutdown 40df8fc4-149d-40c0-897d-2844034d8141@group-5E2F154B5BDB-FollowerState
2025-10-22 08:25:16,363 [40df8fc4-149d-40c0-897d-2844034d8141@group-5E2F154B5BDB-FollowerState] INFO  server.RaftServer$Division (RaftServerImpl.java:setRole(392)) - 40df8fc4-149d-40c0-897d-2844034d8141@group-5E2F154B5BDB: changes role from  FOLLOWER to CANDIDATE at term 2 for changeToCandidate
2025-10-22 08:25:16,363 [40df8fc4-149d-40c0-897d-2844034d8141@group-5E2F154B5BDB-FollowerState] INFO  impl.RoleInfo (RoleInfo.java:updateAndGet(148)) - 40df8fc4-149d-40c0-897d-2844034d8141: start 40df8fc4-149d-40c0-897d-2844034d8141@group-5E2F154B5BDB-LeaderElection171
2025-10-22 08:25:16,363 [40df8fc4-149d-40c0-897d-2844034d8141@group-5E2F154B5BDB-LeaderElection171] INFO  impl.LeaderElection (LeaderElection.java:askForVotes(448)) - 40df8fc4-149d-40c0-897d-2844034d8141@group-5E2F154B5BDB-LeaderElection171 PRE_VOTE round 0: submit vote requests at term 2 for conf: {index: 1, cur=peers:[4d8a2798-959e-416b-b534-19c13b55a760|127.0.0.1:15023, 1c036820-4dbe-4abe-80fb-5ca88de5e2f0|127.0.0.1:15015, 40df8fc4-149d-40c0-897d-2844034d8141|127.0.0.1:15031]|listeners:[], old=null}
2025-10-22 08:25:16,365 [grpc-default-executor-8] INFO  server.RaftServer$Division (RaftServerImpl.java:requestVote(1421)) - 4d8a2798-959e-416b-b534-19c13b55a760@group-5E2F154B5BDB: receive requestVote(PRE_VOTE, 40df8fc4-149d-40c0-897d-2844034d8141, group-5E2F154B5BDB, 2, (t:2, i:2))
2025-10-22 08:25:16,365 [grpc-default-executor-7] INFO  server.RaftServer$Division (RaftServerImpl.java:requestVote(1421)) - 1c036820-4dbe-4abe-80fb-5ca88de5e2f0@group-5E2F154B5BDB: receive requestVote(PRE_VOTE, 40df8fc4-149d-40c0-897d-2844034d8141, group-5E2F154B5BDB, 2, (t:2, i:2))
2025-10-22 08:25:16,365 [grpc-default-executor-7] INFO  impl.VoteContext (VoteContext.java:log(49)) - 1c036820-4dbe-4abe-80fb-5ca88de5e2f0@group-5E2F154B5BDB-FOLLOWER: reject PRE_VOTE from 40df8fc4-149d-40c0-897d-2844034d8141: our priority 1 > candidate's priority 0
2025-10-22 08:25:16,365 [grpc-default-executor-8] INFO  impl.VoteContext (VoteContext.java:log(49)) - 4d8a2798-959e-416b-b534-19c13b55a760@group-5E2F154B5BDB-FOLLOWER: accept PRE_VOTE from 40df8fc4-149d-40c0-897d-2844034d8141: our priority 0 <= candidate's priority 0
2025-10-22 08:25:16,365 [grpc-default-executor-7] INFO  server.RaftServer$Division (RaftServerImpl.java:requestVote(1455)) - 1c036820-4dbe-4abe-80fb-5ca88de5e2f0@group-5E2F154B5BDB replies to PRE_VOTE vote request: 40df8fc4-149d-40c0-897d-2844034d8141<-1c036820-4dbe-4abe-80fb-5ca88de5e2f0#0:FAIL-t2-last:(t:2, i:2). Peer's state: 1c036820-4dbe-4abe-80fb-5ca88de5e2f0@group-5E2F154B5BDB:t2, leader=null, voted=1c036820-4dbe-4abe-80fb-5ca88de5e2f0, raftlog=Memoized:1c036820-4dbe-4abe-80fb-5ca88de5e2f0@group-5E2F154B5BDB-SegmentedRaftLog:OPENED:c2:last(t:2, i:2), conf=conf: {index: 1, cur=peers:[4d8a2798-959e-416b-b534-19c13b55a760|127.0.0.1:15023, 1c036820-4dbe-4abe-80fb-5ca88de5e2f0|127.0.0.1:15015, 40df8fc4-149d-40c0-897d-2844034d8141|127.0.0.1:15031]|listeners:[], old=null}
2025-10-22 08:25:16,365 [grpc-default-executor-8] INFO  server.RaftServer$Division (RaftServerImpl.java:requestVote(1455)) - 4d8a2798-959e-416b-b534-19c13b55a760@group-5E2F154B5BDB replies to PRE_VOTE vote request: 40df8fc4-149d-40c0-897d-2844034d8141<-4d8a2798-959e-416b-b534-19c13b55a760#0:OK-t2-last:(t:2, i:2). Peer's state: 4d8a2798-959e-416b-b534-19c13b55a760@group-5E2F154B5BDB:t2, leader=null, voted=1c036820-4dbe-4abe-80fb-5ca88de5e2f0, raftlog=Memoized:4d8a2798-959e-416b-b534-19c13b55a760@group-5E2F154B5BDB-SegmentedRaftLog:OPENED:c2:last(t:2, i:2), conf=conf: {index: 1, cur=peers:[4d8a2798-959e-416b-b534-19c13b55a760|127.0.0.1:15023, 1c036820-4dbe-4abe-80fb-5ca88de5e2f0|127.0.0.1:15015, 40df8fc4-149d-40c0-897d-2844034d8141|127.0.0.1:15031]|listeners:[], old=null}
2025-10-22 08:25:16,366 [40df8fc4-149d-40c0-897d-2844034d8141@group-5E2F154B5BDB-LeaderElection171] INFO  impl.LeaderElection (LeaderElection.java:logAndReturn(206)) - 40df8fc4-149d-40c0-897d-2844034d8141@group-5E2F154B5BDB-LeaderElection171: PRE_VOTE REJECTED received 2 response(s) and 0 exception(s):
2025-10-22 08:25:16,366 [40df8fc4-149d-40c0-897d-2844034d8141@group-5E2F154B5BDB-LeaderElection171] INFO  impl.LeaderElection (LeaderElection.java:logAndReturn(210)) -   Response 0: 40df8fc4-149d-40c0-897d-2844034d8141<-4d8a2798-959e-416b-b534-19c13b55a760#0:OK-t2-last:(t:2, i:2)
2025-10-22 08:25:16,366 [40df8fc4-149d-40c0-897d-2844034d8141@group-5E2F154B5BDB-LeaderElection171] INFO  impl.LeaderElection (LeaderElection.java:logAndReturn(210)) -   Response 1: 40df8fc4-149d-40c0-897d-2844034d8141<-1c036820-4dbe-4abe-80fb-5ca88de5e2f0#0:FAIL-t2-last:(t:2, i:2)
2025-10-22 08:25:16,366 [40df8fc4-149d-40c0-897d-2844034d8141@group-5E2F154B5BDB-LeaderElection171] INFO  impl.LeaderElection (LeaderElection.java:askForVotes(450)) - 40df8fc4-149d-40c0-897d-2844034d8141@group-5E2F154B5BDB-LeaderElection171 PRE_VOTE round 0: result REJECTED
2025-10-22 08:25:16,366 [40df8fc4-149d-40c0-897d-2844034d8141@group-5E2F154B5BDB-LeaderElection171] INFO  server.RaftServer$Division (RaftServerImpl.java:setRole(392)) - 40df8fc4-149d-40c0-897d-2844034d8141@group-5E2F154B5BDB: changes role from CANDIDATE to FOLLOWER at term 2 for REJECTED
2025-10-22 08:25:16,366 [40df8fc4-149d-40c0-897d-2844034d8141@group-5E2F154B5BDB-LeaderElection171] INFO  impl.RoleInfo (RoleInfo.java:shutdownLeaderElection(141)) - 40df8fc4-149d-40c0-897d-2844034d8141: shutdown 40df8fc4-149d-40c0-897d-2844034d8141@group-5E2F154B5BDB-LeaderElection171
2025-10-22 08:25:16,366 [40df8fc4-149d-40c0-897d-2844034d8141@group-5E2F154B5BDB-LeaderElection171] INFO  impl.RoleInfo (RoleInfo.java:updateAndGet(148)) - 40df8fc4-149d-40c0-897d-2844034d8141: start 40df8fc4-149d-40c0-897d-2844034d8141@group-5E2F154B5BDB-FollowerState
2025-10-22 08:25:16,438 [timer0] WARN  server.GrpcLogAppender (LogUtils.java:warn(127)) - 8aba082c-257b-43e3-ba61-5d436c5b38fa@group-45121E95117A->9d21e184-bccf-4583-95a7-0fe616dd3b4b-AppendLogResponseHandler: Failed appendEntries (Repeated 12 times in the last 5.000s): org.apache.ratis.thirdparty.io.grpc.StatusRuntimeException: UNAVAILABLE: io exception
  Caused by: org.apache.ratis.thirdparty.io.netty.channel.AbstractChannel$AnnotatedConnectException: finishConnect(..) failed: Connection refused: /127.0.0.1:15079
  Caused by: java.net.ConnectException: finishConnect(..) failed: Connection refused
2025-10-22 08:25:16,439 [timer7] WARN  server.GrpcLogAppender (GrpcLogAppender.java:lambda$resetClient$1(228)) - 8aba082c-257b-43e3-ba61-5d436c5b38fa@group-45121E95117A->9d21e184-bccf-4583-95a7-0fe616dd3b4b-GrpcLogAppender: Follower failed (request=null, errorCount=12); keep nextIndex (8) unchanged and retry. (Repeated 12 times in the last 5.001s)
2025-10-22 08:25:16,471 [8aba082c-257b-43e3-ba61-5d436c5b38fa@group-45121E95117A-FollowerState] INFO  impl.FollowerState (FollowerState.java:lostMajorityHeartbeatsRecently(113)) - 8aba082c-257b-43e3-ba61-5d436c5b38fa@group-45121E95117A-FollowerState: Skipping leader election since it stepped down recently (elapsed = 3290ms < waitTime = 10s)
2025-10-22 08:25:17,085 [1c036820-4dbe-4abe-80fb-5ca88de5e2f0@group-5E2F154B5BDB-FollowerState] INFO  impl.FollowerState (FollowerState.java:runImpl(161)) - 1c036820-4dbe-4abe-80fb-5ca88de5e2f0@group-5E2F154B5BDB-FollowerState: change to CANDIDATE, lastRpcElapsedTime:1001285500ns, electionTimeout:1001ms
2025-10-22 08:25:17,085 [1c036820-4dbe-4abe-80fb-5ca88de5e2f0@group-5E2F154B5BDB-FollowerState] INFO  impl.RoleInfo (RoleInfo.java:shutdownFollowerState(121)) - 1c036820-4dbe-4abe-80fb-5ca88de5e2f0: shutdown 1c036820-4dbe-4abe-80fb-5ca88de5e2f0@group-5E2F154B5BDB-FollowerState
2025-10-22 08:25:17,085 [1c036820-4dbe-4abe-80fb-5ca88de5e2f0@group-5E2F154B5BDB-FollowerState] INFO  server.RaftServer$Division (RaftServerImpl.java:setRole(392)) - 1c036820-4dbe-4abe-80fb-5ca88de5e2f0@group-5E2F154B5BDB: changes role from  FOLLOWER to CANDIDATE at term 2 for changeToCandidate
2025-10-22 08:25:17,085 [1c036820-4dbe-4abe-80fb-5ca88de5e2f0@group-5E2F154B5BDB-FollowerState] INFO  impl.RoleInfo (RoleInfo.java:updateAndGet(148)) - 1c036820-4dbe-4abe-80fb-5ca88de5e2f0: start 1c036820-4dbe-4abe-80fb-5ca88de5e2f0@group-5E2F154B5BDB-LeaderElection172
2025-10-22 08:25:17,085 [1c036820-4dbe-4abe-80fb-5ca88de5e2f0@group-5E2F154B5BDB-LeaderElection172] INFO  impl.LeaderElection (LeaderElection.java:askForVotes(448)) - 1c036820-4dbe-4abe-80fb-5ca88de5e2f0@group-5E2F154B5BDB-LeaderElection172 PRE_VOTE round 0: submit vote requests at term 2 for conf: {index: 1, cur=peers:[4d8a2798-959e-416b-b534-19c13b55a760|127.0.0.1:15023, 1c036820-4dbe-4abe-80fb-5ca88de5e2f0|127.0.0.1:15015, 40df8fc4-149d-40c0-897d-2844034d8141|127.0.0.1:15031]|listeners:[], old=null}
2025-10-22 08:25:17,086 [1c036820-4dbe-4abe-80fb-5ca88de5e2f0@group-5E2F154B5BDB-LeaderElection172] INFO  impl.LeaderElection (LogUtils.java:infoOrTrace(142)) - 1c036820-4dbe-4abe-80fb-5ca88de5e2f0@group-5E2F154B5BDB-LeaderElection172 got exception when requesting votes: java.util.concurrent.ExecutionException: org.apache.ratis.thirdparty.io.grpc.StatusRuntimeException: UNAVAILABLE: io exception
2025-10-22 08:25:17,086 [1c036820-4dbe-4abe-80fb-5ca88de5e2f0@group-5E2F154B5BDB-LeaderElection172] INFO  impl.LeaderElection (LogUtils.java:infoOrTrace(142)) - 1c036820-4dbe-4abe-80fb-5ca88de5e2f0@group-5E2F154B5BDB-LeaderElection172 got exception when requesting votes: java.util.concurrent.ExecutionException: org.apache.ratis.thirdparty.io.grpc.StatusRuntimeException: UNAVAILABLE: io exception
2025-10-22 08:25:17,086 [1c036820-4dbe-4abe-80fb-5ca88de5e2f0@group-5E2F154B5BDB-LeaderElection172] INFO  impl.LeaderElection (LeaderElection.java:logAndReturn(206)) - 1c036820-4dbe-4abe-80fb-5ca88de5e2f0@group-5E2F154B5BDB-LeaderElection172: PRE_VOTE REJECTED received 0 response(s) and 2 exception(s):
2025-10-22 08:25:17,086 [1c036820-4dbe-4abe-80fb-5ca88de5e2f0@group-5E2F154B5BDB-LeaderElection172] INFO  impl.LeaderElection (LogUtils.java:infoOrTrace(142)) -   Exception 0: java.util.concurrent.ExecutionException: org.apache.ratis.thirdparty.io.grpc.StatusRuntimeException: UNAVAILABLE: io exception
2025-10-22 08:25:17,086 [1c036820-4dbe-4abe-80fb-5ca88de5e2f0@group-5E2F154B5BDB-LeaderElection172] INFO  impl.LeaderElection (LogUtils.java:infoOrTrace(142)) -   Exception 1: java.util.concurrent.ExecutionException: org.apache.ratis.thirdparty.io.grpc.StatusRuntimeException: UNAVAILABLE: io exception
2025-10-22 08:25:17,086 [1c036820-4dbe-4abe-80fb-5ca88de5e2f0@group-5E2F154B5BDB-LeaderElection172] INFO  impl.LeaderElection (LeaderElection.java:askForVotes(450)) - 1c036820-4dbe-4abe-80fb-5ca88de5e2f0@group-5E2F154B5BDB-LeaderElection172 PRE_VOTE round 0: result REJECTED
2025-10-22 08:25:17,086 [1c036820-4dbe-4abe-80fb-5ca88de5e2f0@group-5E2F154B5BDB-LeaderElection172] INFO  server.RaftServer$Division (RaftServerImpl.java:setRole(392)) - 1c036820-4dbe-4abe-80fb-5ca88de5e2f0@group-5E2F154B5BDB: changes role from CANDIDATE to FOLLOWER at term 2 for REJECTED
2025-10-22 08:25:17,086 [1c036820-4dbe-4abe-80fb-5ca88de5e2f0@group-5E2F154B5BDB-LeaderElection172] INFO  impl.RoleInfo (RoleInfo.java:shutdownLeaderElection(141)) - 1c036820-4dbe-4abe-80fb-5ca88de5e2f0: shutdown 1c036820-4dbe-4abe-80fb-5ca88de5e2f0@group-5E2F154B5BDB-LeaderElection172
2025-10-22 08:25:17,086 [1c036820-4dbe-4abe-80fb-5ca88de5e2f0@group-5E2F154B5BDB-LeaderElection172] INFO  impl.RoleInfo (RoleInfo.java:updateAndGet(148)) - 1c036820-4dbe-4abe-80fb-5ca88de5e2f0: start 1c036820-4dbe-4abe-80fb-5ca88de5e2f0@group-5E2F154B5BDB-FollowerState
2025-10-22 08:25:17,337 [8aba082c-257b-43e3-ba61-5d436c5b38fa@group-E8ADAFC04A7A-FollowerState] INFO  impl.FollowerState (FollowerState.java:runImpl(161)) - 8aba082c-257b-43e3-ba61-5d436c5b38fa@group-E8ADAFC04A7A-FollowerState: change to CANDIDATE, lastRpcElapsedTime:1070292957ns, electionTimeout:1070ms
2025-10-22 08:25:17,337 [8aba082c-257b-43e3-ba61-5d436c5b38fa@group-E8ADAFC04A7A-FollowerState] INFO  impl.RoleInfo (RoleInfo.java:shutdownFollowerState(121)) - 8aba082c-257b-43e3-ba61-5d436c5b38fa: shutdown 8aba082c-257b-43e3-ba61-5d436c5b38fa@group-E8ADAFC04A7A-FollowerState
2025-10-22 08:25:17,337 [8aba082c-257b-43e3-ba61-5d436c5b38fa@group-E8ADAFC04A7A-FollowerState] INFO  server.RaftServer$Division (RaftServerImpl.java:setRole(392)) - 8aba082c-257b-43e3-ba61-5d436c5b38fa@group-E8ADAFC04A7A: changes role from  FOLLOWER to CANDIDATE at term 2 for changeToCandidate
2025-10-22 08:25:17,337 [8aba082c-257b-43e3-ba61-5d436c5b38fa@group-E8ADAFC04A7A-FollowerState] INFO  impl.RoleInfo (RoleInfo.java:updateAndGet(148)) - 8aba082c-257b-43e3-ba61-5d436c5b38fa: start 8aba082c-257b-43e3-ba61-5d436c5b38fa@group-E8ADAFC04A7A-LeaderElection173
2025-10-22 08:25:17,337 [8aba082c-257b-43e3-ba61-5d436c5b38fa@group-E8ADAFC04A7A-LeaderElection173] INFO  impl.LeaderElection (LeaderElection.java:askForVotes(448)) - 8aba082c-257b-43e3-ba61-5d436c5b38fa@group-E8ADAFC04A7A-LeaderElection173 PRE_VOTE round 0: submit vote requests at term 2 for conf: {index: 7, cur=peers:[9d21e184-bccf-4583-95a7-0fe616dd3b4b|127.0.0.1:15079, 8aba082c-257b-43e3-ba61-5d436c5b38fa|127.0.0.1:15063, 0cab5a7d-6f40-474c-9abd-0651cf30726e|127.0.0.1:15071]|listeners:[], old=null}
2025-10-22 08:25:17,338 [8aba082c-257b-43e3-ba61-5d436c5b38fa@group-E8ADAFC04A7A-LeaderElection173] INFO  impl.LeaderElection (LogUtils.java:infoOrTrace(142)) - 8aba082c-257b-43e3-ba61-5d436c5b38fa@group-E8ADAFC04A7A-LeaderElection173 got exception when requesting votes: java.util.concurrent.ExecutionException: org.apache.ratis.thirdparty.io.grpc.StatusRuntimeException: UNAVAILABLE: io exception
2025-10-22 08:25:17,338 [8aba082c-257b-43e3-ba61-5d436c5b38fa@group-E8ADAFC04A7A-LeaderElection173] INFO  impl.LeaderElection (LogUtils.java:infoOrTrace(142)) - 8aba082c-257b-43e3-ba61-5d436c5b38fa@group-E8ADAFC04A7A-LeaderElection173 got exception when requesting votes: java.util.concurrent.ExecutionException: org.apache.ratis.thirdparty.io.grpc.StatusRuntimeException: UNAVAILABLE: io exception
2025-10-22 08:25:17,338 [8aba082c-257b-43e3-ba61-5d436c5b38fa@group-E8ADAFC04A7A-LeaderElection173] INFO  impl.LeaderElection (LeaderElection.java:logAndReturn(206)) - 8aba082c-257b-43e3-ba61-5d436c5b38fa@group-E8ADAFC04A7A-LeaderElection173: PRE_VOTE REJECTED received 0 response(s) and 2 exception(s):
2025-10-22 08:25:17,338 [8aba082c-257b-43e3-ba61-5d436c5b38fa@group-E8ADAFC04A7A-LeaderElection173] INFO  impl.LeaderElection (LogUtils.java:infoOrTrace(142)) -   Exception 0: java.util.concurrent.ExecutionException: org.apache.ratis.thirdparty.io.grpc.StatusRuntimeException: UNAVAILABLE: io exception
2025-10-22 08:25:17,338 [8aba082c-257b-43e3-ba61-5d436c5b38fa@group-E8ADAFC04A7A-LeaderElection173] INFO  impl.LeaderElection (LogUtils.java:infoOrTrace(142)) -   Exception 1: java.util.concurrent.ExecutionException: org.apache.ratis.thirdparty.io.grpc.StatusRuntimeException: UNAVAILABLE: io exception
2025-10-22 08:25:17,339 [8aba082c-257b-43e3-ba61-5d436c5b38fa@group-E8ADAFC04A7A-LeaderElection173] INFO  impl.LeaderElection (LeaderElection.java:askForVotes(450)) - 8aba082c-257b-43e3-ba61-5d436c5b38fa@group-E8ADAFC04A7A-LeaderElection173 PRE_VOTE round 0: result REJECTED
2025-10-22 08:25:17,339 [8aba082c-257b-43e3-ba61-5d436c5b38fa@group-E8ADAFC04A7A-LeaderElection173] INFO  server.RaftServer$Division (RaftServerImpl.java:setRole(392)) - 8aba082c-257b-43e3-ba61-5d436c5b38fa@group-E8ADAFC04A7A: changes role from CANDIDATE to FOLLOWER at term 2 for REJECTED
2025-10-22 08:25:17,339 [8aba082c-257b-43e3-ba61-5d436c5b38fa@group-E8ADAFC04A7A-LeaderElection173] INFO  impl.RoleInfo (RoleInfo.java:shutdownLeaderElection(141)) - 8aba082c-257b-43e3-ba61-5d436c5b38fa: shutdown 8aba082c-257b-43e3-ba61-5d436c5b38fa@group-E8ADAFC04A7A-LeaderElection173
2025-10-22 08:25:17,339 [8aba082c-257b-43e3-ba61-5d436c5b38fa@group-E8ADAFC04A7A-LeaderElection173] INFO  impl.RoleInfo (RoleInfo.java:updateAndGet(148)) - 8aba082c-257b-43e3-ba61-5d436c5b38fa: start 8aba082c-257b-43e3-ba61-5d436c5b38fa@group-E8ADAFC04A7A-FollowerState
2025-10-22 08:25:17,478 [4d8a2798-959e-416b-b534-19c13b55a760@group-5E2F154B5BDB-FollowerState] INFO  impl.FollowerState (FollowerState.java:runImpl(161)) - 4d8a2798-959e-416b-b534-19c13b55a760@group-5E2F154B5BDB-FollowerState: change to CANDIDATE, lastRpcElapsedTime:1112602743ns, electionTimeout:1018ms
2025-10-22 08:25:17,478 [4d8a2798-959e-416b-b534-19c13b55a760@group-5E2F154B5BDB-FollowerState] INFO  impl.RoleInfo (RoleInfo.java:shutdownFollowerState(121)) - 4d8a2798-959e-416b-b534-19c13b55a760: shutdown 4d8a2798-959e-416b-b534-19c13b55a760@group-5E2F154B5BDB-FollowerState
2025-10-22 08:25:17,478 [4d8a2798-959e-416b-b534-19c13b55a760@group-5E2F154B5BDB-FollowerState] INFO  server.RaftServer$Division (RaftServerImpl.java:setRole(392)) - 4d8a2798-959e-416b-b534-19c13b55a760@group-5E2F154B5BDB: changes role from  FOLLOWER to CANDIDATE at term 2 for changeToCandidate
2025-10-22 08:25:17,478 [4d8a2798-959e-416b-b534-19c13b55a760@group-5E2F154B5BDB-FollowerState] INFO  impl.RoleInfo (RoleInfo.java:updateAndGet(148)) - 4d8a2798-959e-416b-b534-19c13b55a760: start 4d8a2798-959e-416b-b534-19c13b55a760@group-5E2F154B5BDB-LeaderElection174
2025-10-22 08:25:17,478 [4d8a2798-959e-416b-b534-19c13b55a760@group-5E2F154B5BDB-LeaderElection174] INFO  impl.LeaderElection (LeaderElection.java:askForVotes(448)) - 4d8a2798-959e-416b-b534-19c13b55a760@group-5E2F154B5BDB-LeaderElection174 PRE_VOTE round 0: submit vote requests at term 2 for conf: {index: 1, cur=peers:[4d8a2798-959e-416b-b534-19c13b55a760|127.0.0.1:15023, 1c036820-4dbe-4abe-80fb-5ca88de5e2f0|127.0.0.1:15015, 40df8fc4-149d-40c0-897d-2844034d8141|127.0.0.1:15031]|listeners:[], old=null}
2025-10-22 08:25:17,480 [grpc-default-executor-8] INFO  server.RaftServer$Division (RaftServerImpl.java:requestVote(1421)) - 40df8fc4-149d-40c0-897d-2844034d8141@group-5E2F154B5BDB: receive requestVote(PRE_VOTE, 4d8a2798-959e-416b-b534-19c13b55a760, group-5E2F154B5BDB, 2, (t:2, i:2))
2025-10-22 08:25:17,480 [grpc-default-executor-7] INFO  server.RaftServer$Division (RaftServerImpl.java:requestVote(1421)) - 1c036820-4dbe-4abe-80fb-5ca88de5e2f0@group-5E2F154B5BDB: receive requestVote(PRE_VOTE, 4d8a2798-959e-416b-b534-19c13b55a760, group-5E2F154B5BDB, 2, (t:2, i:2))
2025-10-22 08:25:17,480 [grpc-default-executor-7] INFO  impl.VoteContext (VoteContext.java:log(49)) - 1c036820-4dbe-4abe-80fb-5ca88de5e2f0@group-5E2F154B5BDB-FOLLOWER: reject PRE_VOTE from 4d8a2798-959e-416b-b534-19c13b55a760: our priority 1 > candidate's priority 0
2025-10-22 08:25:17,480 [grpc-default-executor-8] INFO  impl.VoteContext (VoteContext.java:log(49)) - 40df8fc4-149d-40c0-897d-2844034d8141@group-5E2F154B5BDB-FOLLOWER: accept PRE_VOTE from 4d8a2798-959e-416b-b534-19c13b55a760: our priority 0 <= candidate's priority 0
2025-10-22 08:25:17,480 [grpc-default-executor-8] INFO  server.RaftServer$Division (RaftServerImpl.java:requestVote(1455)) - 40df8fc4-149d-40c0-897d-2844034d8141@group-5E2F154B5BDB replies to PRE_VOTE vote request: 4d8a2798-959e-416b-b534-19c13b55a760<-40df8fc4-149d-40c0-897d-2844034d8141#0:OK-t2-last:(t:2, i:2). Peer's state: 40df8fc4-149d-40c0-897d-2844034d8141@group-5E2F154B5BDB:t2, leader=null, voted=1c036820-4dbe-4abe-80fb-5ca88de5e2f0, raftlog=Memoized:40df8fc4-149d-40c0-897d-2844034d8141@group-5E2F154B5BDB-SegmentedRaftLog:OPENED:c2:last(t:2, i:2), conf=conf: {index: 1, cur=peers:[4d8a2798-959e-416b-b534-19c13b55a760|127.0.0.1:15023, 1c036820-4dbe-4abe-80fb-5ca88de5e2f0|127.0.0.1:15015, 40df8fc4-149d-40c0-897d-2844034d8141|127.0.0.1:15031]|listeners:[], old=null}
2025-10-22 08:25:17,480 [grpc-default-executor-7] INFO  server.RaftServer$Division (RaftServerImpl.java:requestVote(1455)) - 1c036820-4dbe-4abe-80fb-5ca88de5e2f0@group-5E2F154B5BDB replies to PRE_VOTE vote request: 4d8a2798-959e-416b-b534-19c13b55a760<-1c036820-4dbe-4abe-80fb-5ca88de5e2f0#0:FAIL-t2-last:(t:2, i:2). Peer's state: 1c036820-4dbe-4abe-80fb-5ca88de5e2f0@group-5E2F154B5BDB:t2, leader=null, voted=1c036820-4dbe-4abe-80fb-5ca88de5e2f0, raftlog=Memoized:1c036820-4dbe-4abe-80fb-5ca88de5e2f0@group-5E2F154B5BDB-SegmentedRaftLog:OPENED:c2:last(t:2, i:2), conf=conf: {index: 1, cur=peers:[4d8a2798-959e-416b-b534-19c13b55a760|127.0.0.1:15023, 1c036820-4dbe-4abe-80fb-5ca88de5e2f0|127.0.0.1:15015, 40df8fc4-149d-40c0-897d-2844034d8141|127.0.0.1:15031]|listeners:[], old=null}
2025-10-22 08:25:17,481 [4d8a2798-959e-416b-b534-19c13b55a760@group-5E2F154B5BDB-LeaderElection174] INFO  impl.LeaderElection (LeaderElection.java:logAndReturn(206)) - 4d8a2798-959e-416b-b534-19c13b55a760@group-5E2F154B5BDB-LeaderElection174: PRE_VOTE REJECTED received 1 response(s) and 0 exception(s):
2025-10-22 08:25:17,481 [4d8a2798-959e-416b-b534-19c13b55a760@group-5E2F154B5BDB-LeaderElection174] INFO  impl.LeaderElection (LeaderElection.java:logAndReturn(210)) -   Response 0: 4d8a2798-959e-416b-b534-19c13b55a760<-1c036820-4dbe-4abe-80fb-5ca88de5e2f0#0:FAIL-t2-last:(t:2, i:2)
2025-10-22 08:25:17,481 [4d8a2798-959e-416b-b534-19c13b55a760@group-5E2F154B5BDB-LeaderElection174] INFO  impl.LeaderElection (LeaderElection.java:askForVotes(450)) - 4d8a2798-959e-416b-b534-19c13b55a760@group-5E2F154B5BDB-LeaderElection174 PRE_VOTE round 0: result REJECTED
2025-10-22 08:25:17,481 [4d8a2798-959e-416b-b534-19c13b55a760@group-5E2F154B5BDB-LeaderElection174] INFO  server.RaftServer$Division (RaftServerImpl.java:setRole(392)) - 4d8a2798-959e-416b-b534-19c13b55a760@group-5E2F154B5BDB: changes role from CANDIDATE to FOLLOWER at term 2 for REJECTED
2025-10-22 08:25:17,481 [4d8a2798-959e-416b-b534-19c13b55a760@group-5E2F154B5BDB-LeaderElection174] INFO  impl.RoleInfo (RoleInfo.java:shutdownLeaderElection(141)) - 4d8a2798-959e-416b-b534-19c13b55a760: shutdown 4d8a2798-959e-416b-b534-19c13b55a760@group-5E2F154B5BDB-LeaderElection174
2025-10-22 08:25:17,481 [4d8a2798-959e-416b-b534-19c13b55a760@group-5E2F154B5BDB-LeaderElection174] INFO  impl.RoleInfo (RoleInfo.java:updateAndGet(148)) - 4d8a2798-959e-416b-b534-19c13b55a760: start 4d8a2798-959e-416b-b534-19c13b55a760@group-5E2F154B5BDB-FollowerState
2025-10-22 08:25:17,586 [8aba082c-257b-43e3-ba61-5d436c5b38fa@group-45121E95117A-FollowerState] INFO  impl.FollowerState (FollowerState.java:lostMajorityHeartbeatsRecently(113)) - 8aba082c-257b-43e3-ba61-5d436c5b38fa@group-45121E95117A-FollowerState: Skipping leader election since it stepped down recently (elapsed = 4406ms < waitTime = 10s)
2025-10-22 08:25:18,179 [1c036820-4dbe-4abe-80fb-5ca88de5e2f0@group-5E2F154B5BDB-FollowerState] INFO  impl.FollowerState (FollowerState.java:runImpl(161)) - 1c036820-4dbe-4abe-80fb-5ca88de5e2f0@group-5E2F154B5BDB-FollowerState: change to CANDIDATE, lastRpcElapsedTime:1092287923ns, electionTimeout:1092ms
2025-10-22 08:25:18,179 [1c036820-4dbe-4abe-80fb-5ca88de5e2f0@group-5E2F154B5BDB-FollowerState] INFO  impl.RoleInfo (RoleInfo.java:shutdownFollowerState(121)) - 1c036820-4dbe-4abe-80fb-5ca88de5e2f0: shutdown 1c036820-4dbe-4abe-80fb-5ca88de5e2f0@group-5E2F154B5BDB-FollowerState
2025-10-22 08:25:18,179 [1c036820-4dbe-4abe-80fb-5ca88de5e2f0@group-5E2F154B5BDB-FollowerState] INFO  server.RaftServer$Division (RaftServerImpl.java:setRole(392)) - 1c036820-4dbe-4abe-80fb-5ca88de5e2f0@group-5E2F154B5BDB: changes role from  FOLLOWER to CANDIDATE at term 2 for changeToCandidate
2025-10-22 08:25:18,179 [1c036820-4dbe-4abe-80fb-5ca88de5e2f0@group-5E2F154B5BDB-FollowerState] INFO  impl.RoleInfo (RoleInfo.java:updateAndGet(148)) - 1c036820-4dbe-4abe-80fb-5ca88de5e2f0: start 1c036820-4dbe-4abe-80fb-5ca88de5e2f0@group-5E2F154B5BDB-LeaderElection175
2025-10-22 08:25:18,179 [1c036820-4dbe-4abe-80fb-5ca88de5e2f0@group-5E2F154B5BDB-LeaderElection175] INFO  impl.LeaderElection (LeaderElection.java:askForVotes(448)) - 1c036820-4dbe-4abe-80fb-5ca88de5e2f0@group-5E2F154B5BDB-LeaderElection175 PRE_VOTE round 0: submit vote requests at term 2 for conf: {index: 1, cur=peers:[4d8a2798-959e-416b-b534-19c13b55a760|127.0.0.1:15023, 1c036820-4dbe-4abe-80fb-5ca88de5e2f0|127.0.0.1:15015, 40df8fc4-149d-40c0-897d-2844034d8141|127.0.0.1:15031]|listeners:[], old=null}
2025-10-22 08:25:18,180 [1c036820-4dbe-4abe-80fb-5ca88de5e2f0@group-5E2F154B5BDB-LeaderElection175] INFO  impl.LeaderElection (LogUtils.java:infoOrTrace(142)) - 1c036820-4dbe-4abe-80fb-5ca88de5e2f0@group-5E2F154B5BDB-LeaderElection175 got exception when requesting votes: java.util.concurrent.ExecutionException: org.apache.ratis.thirdparty.io.grpc.StatusRuntimeException: UNAVAILABLE: io exception
2025-10-22 08:25:18,181 [grpc-default-executor-8] INFO  server.RaftServer$Division (RaftServerImpl.java:requestVote(1421)) - 4d8a2798-959e-416b-b534-19c13b55a760@group-5E2F154B5BDB: receive requestVote(PRE_VOTE, 1c036820-4dbe-4abe-80fb-5ca88de5e2f0, group-5E2F154B5BDB, 2, (t:2, i:2))
2025-10-22 08:25:18,181 [grpc-default-executor-8] INFO  impl.VoteContext (VoteContext.java:log(49)) - 4d8a2798-959e-416b-b534-19c13b55a760@group-5E2F154B5BDB-FOLLOWER: accept PRE_VOTE from 1c036820-4dbe-4abe-80fb-5ca88de5e2f0: our priority 0 <= candidate's priority 1
2025-10-22 08:25:18,181 [grpc-default-executor-8] INFO  server.RaftServer$Division (RaftServerImpl.java:requestVote(1455)) - 4d8a2798-959e-416b-b534-19c13b55a760@group-5E2F154B5BDB replies to PRE_VOTE vote request: 1c036820-4dbe-4abe-80fb-5ca88de5e2f0<-4d8a2798-959e-416b-b534-19c13b55a760#0:OK-t2-last:(t:2, i:2). Peer's state: 4d8a2798-959e-416b-b534-19c13b55a760@group-5E2F154B5BDB:t2, leader=null, voted=1c036820-4dbe-4abe-80fb-5ca88de5e2f0, raftlog=Memoized:4d8a2798-959e-416b-b534-19c13b55a760@group-5E2F154B5BDB-SegmentedRaftLog:OPENED:c2:last(t:2, i:2), conf=conf: {index: 1, cur=peers:[4d8a2798-959e-416b-b534-19c13b55a760|127.0.0.1:15023, 1c036820-4dbe-4abe-80fb-5ca88de5e2f0|127.0.0.1:15015, 40df8fc4-149d-40c0-897d-2844034d8141|127.0.0.1:15031]|listeners:[], old=null}
2025-10-22 08:25:18,181 [1c036820-4dbe-4abe-80fb-5ca88de5e2f0@group-5E2F154B5BDB-LeaderElection175] INFO  impl.LeaderElection (LeaderElection.java:logAndReturn(206)) - 1c036820-4dbe-4abe-80fb-5ca88de5e2f0@group-5E2F154B5BDB-LeaderElection175: PRE_VOTE PASSED received 1 response(s) and 1 exception(s):
2025-10-22 08:25:18,181 [1c036820-4dbe-4abe-80fb-5ca88de5e2f0@group-5E2F154B5BDB-LeaderElection175] INFO  impl.LeaderElection (LeaderElection.java:logAndReturn(210)) -   Response 0: 1c036820-4dbe-4abe-80fb-5ca88de5e2f0<-4d8a2798-959e-416b-b534-19c13b55a760#0:OK-t2-last:(t:2, i:2)
2025-10-22 08:25:18,182 [1c036820-4dbe-4abe-80fb-5ca88de5e2f0@group-5E2F154B5BDB-LeaderElection175] INFO  impl.LeaderElection (LogUtils.java:infoOrTrace(142)) -   Exception 1: java.util.concurrent.ExecutionException: org.apache.ratis.thirdparty.io.grpc.StatusRuntimeException: UNAVAILABLE: io exception
2025-10-22 08:25:18,182 [1c036820-4dbe-4abe-80fb-5ca88de5e2f0@group-5E2F154B5BDB-LeaderElection175] INFO  impl.LeaderElection (LeaderElection.java:askForVotes(450)) - 1c036820-4dbe-4abe-80fb-5ca88de5e2f0@group-5E2F154B5BDB-LeaderElection175 PRE_VOTE round 0: result PASSED
2025-10-22 08:25:18,183 [1c036820-4dbe-4abe-80fb-5ca88de5e2f0@group-5E2F154B5BDB-LeaderElection175] INFO  impl.LeaderElection (LeaderElection.java:askForVotes(448)) - 1c036820-4dbe-4abe-80fb-5ca88de5e2f0@group-5E2F154B5BDB-LeaderElection175 ELECTION round 0: submit vote requests at term 3 for conf: {index: 1, cur=peers:[4d8a2798-959e-416b-b534-19c13b55a760|127.0.0.1:15023, 1c036820-4dbe-4abe-80fb-5ca88de5e2f0|127.0.0.1:15015, 40df8fc4-149d-40c0-897d-2844034d8141|127.0.0.1:15031]|listeners:[], old=null}
2025-10-22 08:25:18,184 [1c036820-4dbe-4abe-80fb-5ca88de5e2f0@group-5E2F154B5BDB-LeaderElection175] INFO  impl.LeaderElection (LogUtils.java:infoOrTrace(142)) - 1c036820-4dbe-4abe-80fb-5ca88de5e2f0@group-5E2F154B5BDB-LeaderElection175 got exception when requesting votes: java.util.concurrent.ExecutionException: org.apache.ratis.thirdparty.io.grpc.StatusRuntimeException: UNAVAILABLE: io exception
2025-10-22 08:25:18,184 [grpc-default-executor-8] INFO  server.RaftServer$Division (RaftServerImpl.java:requestVote(1421)) - 4d8a2798-959e-416b-b534-19c13b55a760@group-5E2F154B5BDB: receive requestVote(ELECTION, 1c036820-4dbe-4abe-80fb-5ca88de5e2f0, group-5E2F154B5BDB, 3, (t:2, i:2))
2025-10-22 08:25:18,184 [grpc-default-executor-8] INFO  impl.VoteContext (VoteContext.java:log(49)) - 4d8a2798-959e-416b-b534-19c13b55a760@group-5E2F154B5BDB-FOLLOWER: accept ELECTION from 1c036820-4dbe-4abe-80fb-5ca88de5e2f0: our priority 0 <= candidate's priority 1
2025-10-22 08:25:18,184 [grpc-default-executor-8] INFO  server.RaftServer$Division (RaftServerImpl.java:setRole(392)) - 4d8a2798-959e-416b-b534-19c13b55a760@group-5E2F154B5BDB: changes role from  FOLLOWER to FOLLOWER at term 2 for candidate:1c036820-4dbe-4abe-80fb-5ca88de5e2f0
2025-10-22 08:25:18,184 [grpc-default-executor-8] INFO  impl.RoleInfo (RoleInfo.java:shutdownFollowerState(121)) - 4d8a2798-959e-416b-b534-19c13b55a760: shutdown 4d8a2798-959e-416b-b534-19c13b55a760@group-5E2F154B5BDB-FollowerState
2025-10-22 08:25:18,185 [4d8a2798-959e-416b-b534-19c13b55a760@group-5E2F154B5BDB-FollowerState] INFO  impl.FollowerState (FollowerState.java:runImpl(170)) - 4d8a2798-959e-416b-b534-19c13b55a760@group-5E2F154B5BDB-FollowerState was interrupted
2025-10-22 08:25:18,185 [grpc-default-executor-8] INFO  impl.RoleInfo (RoleInfo.java:updateAndGet(148)) - 4d8a2798-959e-416b-b534-19c13b55a760: start 4d8a2798-959e-416b-b534-19c13b55a760@group-5E2F154B5BDB-FollowerState
2025-10-22 08:25:18,186 [grpc-default-executor-8] INFO  server.RaftServer$Division (RaftServerImpl.java:requestVote(1455)) - 4d8a2798-959e-416b-b534-19c13b55a760@group-5E2F154B5BDB replies to ELECTION vote request: 1c036820-4dbe-4abe-80fb-5ca88de5e2f0<-4d8a2798-959e-416b-b534-19c13b55a760#0:OK-t3-last:(t:2, i:2). Peer's state: 4d8a2798-959e-416b-b534-19c13b55a760@group-5E2F154B5BDB:t3, leader=null, voted=1c036820-4dbe-4abe-80fb-5ca88de5e2f0, raftlog=Memoized:4d8a2798-959e-416b-b534-19c13b55a760@group-5E2F154B5BDB-SegmentedRaftLog:OPENED:c2:last(t:2, i:2), conf=conf: {index: 1, cur=peers:[4d8a2798-959e-416b-b534-19c13b55a760|127.0.0.1:15023, 1c036820-4dbe-4abe-80fb-5ca88de5e2f0|127.0.0.1:15015, 40df8fc4-149d-40c0-897d-2844034d8141|127.0.0.1:15031]|listeners:[], old=null}
2025-10-22 08:25:18,186 [1c036820-4dbe-4abe-80fb-5ca88de5e2f0@group-5E2F154B5BDB-LeaderElection175] INFO  impl.LeaderElection (LeaderElection.java:logAndReturn(206)) - 1c036820-4dbe-4abe-80fb-5ca88de5e2f0@group-5E2F154B5BDB-LeaderElection175: ELECTION PASSED received 1 response(s) and 1 exception(s):
2025-10-22 08:25:18,186 [1c036820-4dbe-4abe-80fb-5ca88de5e2f0@group-5E2F154B5BDB-LeaderElection175] INFO  impl.LeaderElection (LeaderElection.java:logAndReturn(210)) -   Response 0: 1c036820-4dbe-4abe-80fb-5ca88de5e2f0<-4d8a2798-959e-416b-b534-19c13b55a760#0:OK-t3-last:(t:2, i:2)
2025-10-22 08:25:18,186 [1c036820-4dbe-4abe-80fb-5ca88de5e2f0@group-5E2F154B5BDB-LeaderElection175] INFO  impl.LeaderElection (LogUtils.java:infoOrTrace(142)) -   Exception 1: java.util.concurrent.ExecutionException: org.apache.ratis.thirdparty.io.grpc.StatusRuntimeException: UNAVAILABLE: io exception
2025-10-22 08:25:18,186 [1c036820-4dbe-4abe-80fb-5ca88de5e2f0@group-5E2F154B5BDB-LeaderElection175] INFO  impl.LeaderElection (LeaderElection.java:askForVotes(450)) - 1c036820-4dbe-4abe-80fb-5ca88de5e2f0@group-5E2F154B5BDB-LeaderElection175 ELECTION round 0: result PASSED
2025-10-22 08:25:18,186 [1c036820-4dbe-4abe-80fb-5ca88de5e2f0@group-5E2F154B5BDB-LeaderElection175] INFO  impl.RoleInfo (RoleInfo.java:shutdownLeaderElection(141)) - 1c036820-4dbe-4abe-80fb-5ca88de5e2f0: shutdown 1c036820-4dbe-4abe-80fb-5ca88de5e2f0@group-5E2F154B5BDB-LeaderElection175
2025-10-22 08:25:18,186 [1c036820-4dbe-4abe-80fb-5ca88de5e2f0@group-5E2F154B5BDB-LeaderElection175] INFO  server.RaftServer$Division (RaftServerImpl.java:setRole(392)) - 1c036820-4dbe-4abe-80fb-5ca88de5e2f0@group-5E2F154B5BDB: changes role from CANDIDATE to LEADER at term 3 for changeToLeader
2025-10-22 08:25:18,186 [1c036820-4dbe-4abe-80fb-5ca88de5e2f0@group-5E2F154B5BDB-LeaderElection175] INFO  server.RaftServerConfigKeys (ConfUtils.java:logFallback(69)) - raft.server.staging.timeout = 3600ms (fallback to raft.server.rpc.timeout.max)
2025-10-22 08:25:18,187 [1c036820-4dbe-4abe-80fb-5ca88de5e2f0@group-5E2F154B5BDB-LeaderElection175] INFO  server.RaftServerConfigKeys (ConfUtils.java:logGet(62)) - raft.server.write.byte-limit = 1024 M (=1073741824) (custom)
2025-10-22 08:25:18,188 [1c036820-4dbe-4abe-80fb-5ca88de5e2f0@group-5E2F154B5BDB-LeaderElection175] INFO  server.RaftServerConfigKeys (ConfUtils.java:logGet(62)) - raft.server.log.appender.buffer.byte-limit = 33554432 (custom)
2025-10-22 08:25:18,189 [1c036820-4dbe-4abe-80fb-5ca88de5e2f0@group-5E2F154B5BDB-LeaderElection175] INFO  server.RaftServerConfigKeys (ConfUtils.java:logGet(62)) - raft.server.log.appender.buffer.byte-limit = 33554432 (custom)
2025-10-22 08:25:18,189 [1c036820-4dbe-4abe-80fb-5ca88de5e2f0@group-5E2F154B5BDB-LeaderElection175] INFO  impl.RoleInfo (RoleInfo.java:updateAndGet(148)) - 1c036820-4dbe-4abe-80fb-5ca88de5e2f0: start 1c036820-4dbe-4abe-80fb-5ca88de5e2f0@group-5E2F154B5BDB-LeaderStateImpl
2025-10-22 08:25:18,189 [1c036820-4dbe-4abe-80fb-5ca88de5e2f0@group-5E2F154B5BDB-LeaderElection175] INFO  ratis.XceiverServerRatis (XceiverServerRatis.java:handleLeaderChangedNotification(940)) - Leader change notification received for group: group-5E2F154B5BDB with new leaderId: 1c036820-4dbe-4abe-80fb-5ca88de5e2f0
2025-10-22 08:25:18,189 [1c036820-4dbe-4abe-80fb-5ca88de5e2f0@group-5E2F154B5BDB-LeaderElection175] INFO  server.RaftServer$Division (ServerState.java:setLeader(272)) - 1c036820-4dbe-4abe-80fb-5ca88de5e2f0@group-5E2F154B5BDB: change Leader from null to 1c036820-4dbe-4abe-80fb-5ca88de5e2f0 at term 3 for becomeLeader, leader elected after 45031ms
2025-10-22 08:25:18,189 [1c036820-4dbe-4abe-80fb-5ca88de5e2f0@group-5E2F154B5BDB-LeaderElection175] INFO  segmented.SegmentedRaftLogWorker (SegmentedRaftLogWorker.java:rollLogSegment(445)) - 1c036820-4dbe-4abe-80fb-5ca88de5e2f0@group-5E2F154B5BDB-SegmentedRaftLogWorker: Rolling segment log-1_2 to index:2
2025-10-22 08:25:18,190 [1c036820-4dbe-4abe-80fb-5ca88de5e2f0@group-5E2F154B5BDB-LeaderElection175] INFO  server.RaftServer$Division (ServerState.java:setRaftConf(386)) - 1c036820-4dbe-4abe-80fb-5ca88de5e2f0@group-5E2F154B5BDB: set configuration conf: {index: 3, cur=peers:[4d8a2798-959e-416b-b534-19c13b55a760|127.0.0.1:15023, 1c036820-4dbe-4abe-80fb-5ca88de5e2f0|127.0.0.1:15015, 40df8fc4-149d-40c0-897d-2844034d8141|127.0.0.1:15031]|listeners:[], old=null}
2025-10-22 08:25:18,191 [1c036820-4dbe-4abe-80fb-5ca88de5e2f0@group-5E2F154B5BDB-SegmentedRaftLogWorker] INFO  segmented.SegmentedRaftLogWorker (SegmentedRaftLogWorker.java:execute(604)) - 1c036820-4dbe-4abe-80fb-5ca88de5e2f0@group-5E2F154B5BDB-SegmentedRaftLogWorker: Rolled log segment from /home/runner/work/ozone/ozone/hadoop-ozone/integration-test/target/test-dir/MiniOzoneClusterImpl-a412b9f6-7d8b-4de3-a85c-9946bceaa3a0/ozone-metadata/datanode-1/ratis/991bfa6b-f7e5-4a03-b9a5-5e2f154b5bdb/current/log_inprogress_1 to /home/runner/work/ozone/ozone/hadoop-ozone/integration-test/target/test-dir/MiniOzoneClusterImpl-a412b9f6-7d8b-4de3-a85c-9946bceaa3a0/ozone-metadata/datanode-1/ratis/991bfa6b-f7e5-4a03-b9a5-5e2f154b5bdb/current/log_1-2
2025-10-22 08:25:18,191 [1c036820-4dbe-4abe-80fb-5ca88de5e2f0@group-5E2F154B5BDB-SegmentedRaftLogWorker] INFO  segmented.BufferedWriteChannel (BufferedWriteChannel.java:open(61)) - open log_inprogress_3 at position 0
2025-10-22 08:25:18,191 [grpc-default-executor-8] WARN  server.GrpcLogAppender (LogUtils.java:warn(127)) - 1c036820-4dbe-4abe-80fb-5ca88de5e2f0@group-5E2F154B5BDB->40df8fc4-149d-40c0-897d-2844034d8141-AppendLogResponseHandler: Failed appendEntries: org.apache.ratis.thirdparty.io.grpc.StatusRuntimeException: UNAVAILABLE: io exception
  Caused by: org.apache.ratis.thirdparty.io.netty.channel.AbstractChannel$AnnotatedConnectException: finishConnect(..) failed: Connection refused: /127.0.0.1:15031
  Caused by: java.net.ConnectException: finishConnect(..) failed: Connection refused
2025-10-22 08:25:18,192 [grpc-default-executor-8] WARN  server.GrpcLogAppender (GrpcLogAppender.java:lambda$resetClient$1(228)) - 1c036820-4dbe-4abe-80fb-5ca88de5e2f0@group-5E2F154B5BDB->40df8fc4-149d-40c0-897d-2844034d8141-GrpcLogAppender: Follower failed (request=null, errorCount=1); keep nextIndex (3) unchanged and retry.
2025-10-22 08:25:18,193 [grpc-default-executor-2] INFO  ratis.XceiverServerRatis (XceiverServerRatis.java:handleLeaderChangedNotification(940)) - Leader change notification received for group: group-5E2F154B5BDB with new leaderId: 1c036820-4dbe-4abe-80fb-5ca88de5e2f0
2025-10-22 08:25:18,193 [grpc-default-executor-2] INFO  server.RaftServer$Division (ServerState.java:setLeader(272)) - 4d8a2798-959e-416b-b534-19c13b55a760@group-5E2F154B5BDB: change Leader from null to 1c036820-4dbe-4abe-80fb-5ca88de5e2f0 at term 3 for appendEntries, leader elected after 10354ms
2025-10-22 08:25:18,194 [grpc-default-executor-8] WARN  server.GrpcLogAppender (GrpcLogAppender.java:lambda$resetClient$1(228)) - 1c036820-4dbe-4abe-80fb-5ca88de5e2f0@group-5E2F154B5BDB->40df8fc4-149d-40c0-897d-2844034d8141-GrpcLogAppender: Follower failed (request=null, errorCount=2); keep nextIndex (4) unchanged and retry.
2025-10-22 08:25:18,195 [grpc-default-executor-8] INFO  server.RaftServer$Division (ServerState.java:setRaftConf(386)) - 4d8a2798-959e-416b-b534-19c13b55a760@group-5E2F154B5BDB: set configuration conf: {index: 3, cur=peers:[4d8a2798-959e-416b-b534-19c13b55a760|127.0.0.1:15023, 1c036820-4dbe-4abe-80fb-5ca88de5e2f0|127.0.0.1:15015, 40df8fc4-149d-40c0-897d-2844034d8141|127.0.0.1:15031]|listeners:[], old=null}
2025-10-22 08:25:18,195 [grpc-default-executor-8] INFO  segmented.SegmentedRaftLogWorker (SegmentedRaftLogWorker.java:rollLogSegment(445)) - 4d8a2798-959e-416b-b534-19c13b55a760@group-5E2F154B5BDB-SegmentedRaftLogWorker: Rolling segment log-1_2 to index:2
2025-10-22 08:25:18,196 [4d8a2798-959e-416b-b534-19c13b55a760@group-5E2F154B5BDB-SegmentedRaftLogWorker] INFO  segmented.SegmentedRaftLogWorker (SegmentedRaftLogWorker.java:execute(604)) - 4d8a2798-959e-416b-b534-19c13b55a760@group-5E2F154B5BDB-SegmentedRaftLogWorker: Rolled log segment from /home/runner/work/ozone/ozone/hadoop-ozone/integration-test/target/test-dir/MiniOzoneClusterImpl-a412b9f6-7d8b-4de3-a85c-9946bceaa3a0/ozone-metadata/datanode-2/ratis/991bfa6b-f7e5-4a03-b9a5-5e2f154b5bdb/current/log_inprogress_1 to /home/runner/work/ozone/ozone/hadoop-ozone/integration-test/target/test-dir/MiniOzoneClusterImpl-a412b9f6-7d8b-4de3-a85c-9946bceaa3a0/ozone-metadata/datanode-2/ratis/991bfa6b-f7e5-4a03-b9a5-5e2f154b5bdb/current/log_1-2
2025-10-22 08:25:18,196 [4d8a2798-959e-416b-b534-19c13b55a760@group-5E2F154B5BDB-SegmentedRaftLogWorker] INFO  segmented.BufferedWriteChannel (BufferedWriteChannel.java:open(61)) - open log_inprogress_3 at position 0
2025-10-22 08:25:18,197 [grpc-default-executor-7] INFO  ratis.XceiverServerRatis (XceiverServerRatis.java:handleLeaderChangedNotification(940)) - Leader change notification received for group: group-5E2F154B5BDB with new leaderId: 1c036820-4dbe-4abe-80fb-5ca88de5e2f0
2025-10-22 08:25:18,197 [grpc-default-executor-7] INFO  server.RaftServer$Division (ServerState.java:setLeader(272)) - 40df8fc4-149d-40c0-897d-2844034d8141@group-5E2F154B5BDB: change Leader from null to 1c036820-4dbe-4abe-80fb-5ca88de5e2f0 at term 3 for appendEntries, leader elected after 10110ms
2025-10-22 08:25:18,198 [1c036820-4dbe-4abe-80fb-5ca88de5e2f0@group-5E2F154B5BDB-SegmentedRaftLogWorker] INFO  segmented.SegmentedRaftLogWorker (SegmentedRaftLogWorker.java:execute(647)) - 1c036820-4dbe-4abe-80fb-5ca88de5e2f0@group-5E2F154B5BDB-SegmentedRaftLogWorker: created new log segment /home/runner/work/ozone/ozone/hadoop-ozone/integration-test/target/test-dir/MiniOzoneClusterImpl-a412b9f6-7d8b-4de3-a85c-9946bceaa3a0/ozone-metadata/datanode-1/ratis/991bfa6b-f7e5-4a03-b9a5-5e2f154b5bdb/current/log_inprogress_3
2025-10-22 08:25:18,202 [4d8a2798-959e-416b-b534-19c13b55a760@group-5E2F154B5BDB-SegmentedRaftLogWorker] INFO  segmented.SegmentedRaftLogWorker (SegmentedRaftLogWorker.java:execute(647)) - 4d8a2798-959e-416b-b534-19c13b55a760@group-5E2F154B5BDB-SegmentedRaftLogWorker: created new log segment /home/runner/work/ozone/ozone/hadoop-ozone/integration-test/target/test-dir/MiniOzoneClusterImpl-a412b9f6-7d8b-4de3-a85c-9946bceaa3a0/ozone-metadata/datanode-2/ratis/991bfa6b-f7e5-4a03-b9a5-5e2f154b5bdb/current/log_inprogress_3
2025-10-22 08:25:18,204 [1c036820-4dbe-4abe-80fb-5ca88de5e2f0@group-5E2F154B5BDB-StateMachineUpdater] INFO  server.RaftServer$Division (LeaderStateImpl.java:checkStartIndex(309)) - Leader 1c036820-4dbe-4abe-80fb-5ca88de5e2f0@group-5E2F154B5BDB-LeaderStateImpl is ready since appliedIndex == startIndex == 3
2025-10-22 08:25:18,205 [grpc-default-executor-8] INFO  server.RaftServer$Division (RaftServerImpl.java:checkInconsistentAppendEntries(1673)) - 40df8fc4-149d-40c0-897d-2844034d8141@group-5E2F154B5BDB: Failed appendEntries as previous log entry ((t:3, i:3)) is not found
2025-10-22 08:25:18,205 [grpc-default-executor-8] INFO  server.RaftServer$Division (RaftServerImpl.java:appendEntriesAsync(1594)) - 40df8fc4-149d-40c0-897d-2844034d8141@group-5E2F154B5BDB: appendEntries* reply 1c036820-4dbe-4abe-80fb-5ca88de5e2f0<-40df8fc4-149d-40c0-897d-2844034d8141#21:FAIL-t3,INCONSISTENCY,nextIndex=3,followerCommit=2,matchIndex=-1
2025-10-22 08:25:18,208 [grpc-default-executor-8] WARN  server.GrpcLogAppender (GrpcLogAppender.java:lambda$onNextImpl$0(527)) - 1c036820-4dbe-4abe-80fb-5ca88de5e2f0@group-5E2F154B5BDB->40df8fc4-149d-40c0-897d-2844034d8141-AppendLogResponseHandler: received INCONSISTENCY reply with nextIndex 3, errorCount=1, request=AppendEntriesRequest:cid=21,entriesCount=1,entry=(t:3, i:4) 
2025-10-22 08:25:18,209 [grpc-default-executor-8] INFO  leader.FollowerInfo (FollowerInfoImpl.java:info(70)) - 1c036820-4dbe-4abe-80fb-5ca88de5e2f0@group-5E2F154B5BDB->40df8fc4-149d-40c0-897d-2844034d8141: setNextIndex nextIndex: updateUnconditionally 5 -> 3
2025-10-22 08:25:18,209 [grpc-default-executor-8] INFO  server.RaftServer$Division (ServerState.java:setRaftConf(386)) - 40df8fc4-149d-40c0-897d-2844034d8141@group-5E2F154B5BDB: set configuration conf: {index: 3, cur=peers:[4d8a2798-959e-416b-b534-19c13b55a760|127.0.0.1:15023, 1c036820-4dbe-4abe-80fb-5ca88de5e2f0|127.0.0.1:15015, 40df8fc4-149d-40c0-897d-2844034d8141|127.0.0.1:15031]|listeners:[], old=null}
2025-10-22 08:25:18,209 [grpc-default-executor-8] INFO  segmented.SegmentedRaftLogWorker (SegmentedRaftLogWorker.java:rollLogSegment(445)) - 40df8fc4-149d-40c0-897d-2844034d8141@group-5E2F154B5BDB-SegmentedRaftLogWorker: Rolling segment log-1_2 to index:2
2025-10-22 08:25:18,210 [40df8fc4-149d-40c0-897d-2844034d8141@group-5E2F154B5BDB-SegmentedRaftLogWorker] INFO  segmented.SegmentedRaftLogWorker (SegmentedRaftLogWorker.java:execute(604)) - 40df8fc4-149d-40c0-897d-2844034d8141@group-5E2F154B5BDB-SegmentedRaftLogWorker: Rolled log segment from /home/runner/work/ozone/ozone/hadoop-ozone/integration-test/target/test-dir/MiniOzoneClusterImpl-a412b9f6-7d8b-4de3-a85c-9946bceaa3a0/ozone-metadata/datanode-3/ratis/991bfa6b-f7e5-4a03-b9a5-5e2f154b5bdb/current/log_inprogress_1 to /home/runner/work/ozone/ozone/hadoop-ozone/integration-test/target/test-dir/MiniOzoneClusterImpl-a412b9f6-7d8b-4de3-a85c-9946bceaa3a0/ozone-metadata/datanode-3/ratis/991bfa6b-f7e5-4a03-b9a5-5e2f154b5bdb/current/log_1-2
2025-10-22 08:25:18,210 [40df8fc4-149d-40c0-897d-2844034d8141@group-5E2F154B5BDB-SegmentedRaftLogWorker] INFO  segmented.BufferedWriteChannel (BufferedWriteChannel.java:open(61)) - open log_inprogress_3 at position 0
2025-10-22 08:25:18,215 [40df8fc4-149d-40c0-897d-2844034d8141@group-5E2F154B5BDB-SegmentedRaftLogWorker] INFO  segmented.SegmentedRaftLogWorker (SegmentedRaftLogWorker.java:execute(647)) - 40df8fc4-149d-40c0-897d-2844034d8141@group-5E2F154B5BDB-SegmentedRaftLogWorker: created new log segment /home/runner/work/ozone/ozone/hadoop-ozone/integration-test/target/test-dir/MiniOzoneClusterImpl-a412b9f6-7d8b-4de3-a85c-9946bceaa3a0/ozone-metadata/datanode-3/ratis/991bfa6b-f7e5-4a03-b9a5-5e2f154b5bdb/current/log_inprogress_3
2025-10-22 08:25:18,419 [8aba082c-257b-43e3-ba61-5d436c5b38fa@group-E8ADAFC04A7A-FollowerState] INFO  impl.FollowerState (FollowerState.java:runImpl(161)) - 8aba082c-257b-43e3-ba61-5d436c5b38fa@group-E8ADAFC04A7A-FollowerState: change to CANDIDATE, lastRpcElapsedTime:1080364368ns, electionTimeout:1080ms
2025-10-22 08:25:18,419 [8aba082c-257b-43e3-ba61-5d436c5b38fa@group-E8ADAFC04A7A-FollowerState] INFO  impl.RoleInfo (RoleInfo.java:shutdownFollowerState(121)) - 8aba082c-257b-43e3-ba61-5d436c5b38fa: shutdown 8aba082c-257b-43e3-ba61-5d436c5b38fa@group-E8ADAFC04A7A-FollowerState
2025-10-22 08:25:18,419 [8aba082c-257b-43e3-ba61-5d436c5b38fa@group-E8ADAFC04A7A-FollowerState] INFO  server.RaftServer$Division (RaftServerImpl.java:setRole(392)) - 8aba082c-257b-43e3-ba61-5d436c5b38fa@group-E8ADAFC04A7A: changes role from  FOLLOWER to CANDIDATE at term 2 for changeToCandidate
2025-10-22 08:25:18,419 [8aba082c-257b-43e3-ba61-5d436c5b38fa@group-E8ADAFC04A7A-FollowerState] INFO  impl.RoleInfo (RoleInfo.java:updateAndGet(148)) - 8aba082c-257b-43e3-ba61-5d436c5b38fa: start 8aba082c-257b-43e3-ba61-5d436c5b38fa@group-E8ADAFC04A7A-LeaderElection176
2025-10-22 08:25:18,420 [8aba082c-257b-43e3-ba61-5d436c5b38fa@group-E8ADAFC04A7A-LeaderElection176] INFO  impl.LeaderElection (LeaderElection.java:askForVotes(448)) - 8aba082c-257b-43e3-ba61-5d436c5b38fa@group-E8ADAFC04A7A-LeaderElection176 PRE_VOTE round 0: submit vote requests at term 2 for conf: {index: 7, cur=peers:[9d21e184-bccf-4583-95a7-0fe616dd3b4b|127.0.0.1:15079, 8aba082c-257b-43e3-ba61-5d436c5b38fa|127.0.0.1:15063, 0cab5a7d-6f40-474c-9abd-0651cf30726e|127.0.0.1:15071]|listeners:[], old=null}
2025-10-22 08:25:18,420 [8aba082c-257b-43e3-ba61-5d436c5b38fa@group-E8ADAFC04A7A-LeaderElection176] INFO  impl.LeaderElection (LogUtils.java:infoOrTrace(142)) - 8aba082c-257b-43e3-ba61-5d436c5b38fa@group-E8ADAFC04A7A-LeaderElection176 got exception when requesting votes: java.util.concurrent.ExecutionException: org.apache.ratis.thirdparty.io.grpc.StatusRuntimeException: UNAVAILABLE: io exception
2025-10-22 08:25:18,420 [8aba082c-257b-43e3-ba61-5d436c5b38fa@group-E8ADAFC04A7A-LeaderElection176] INFO  impl.LeaderElection (LogUtils.java:infoOrTrace(142)) - 8aba082c-257b-43e3-ba61-5d436c5b38fa@group-E8ADAFC04A7A-LeaderElection176 got exception when requesting votes: java.util.concurrent.ExecutionException: org.apache.ratis.thirdparty.io.grpc.StatusRuntimeException: UNAVAILABLE: io exception
2025-10-22 08:25:18,420 [8aba082c-257b-43e3-ba61-5d436c5b38fa@group-E8ADAFC04A7A-LeaderElection176] INFO  impl.LeaderElection (LeaderElection.java:logAndReturn(206)) - 8aba082c-257b-43e3-ba61-5d436c5b38fa@group-E8ADAFC04A7A-LeaderElection176: PRE_VOTE REJECTED received 0 response(s) and 2 exception(s):
2025-10-22 08:25:18,420 [8aba082c-257b-43e3-ba61-5d436c5b38fa@group-E8ADAFC04A7A-LeaderElection176] INFO  impl.LeaderElection (LogUtils.java:infoOrTrace(142)) -   Exception 0: java.util.concurrent.ExecutionException: org.apache.ratis.thirdparty.io.grpc.StatusRuntimeException: UNAVAILABLE: io exception
2025-10-22 08:25:18,420 [8aba082c-257b-43e3-ba61-5d436c5b38fa@group-E8ADAFC04A7A-LeaderElection176] INFO  impl.LeaderElection (LogUtils.java:infoOrTrace(142)) -   Exception 1: java.util.concurrent.ExecutionException: org.apache.ratis.thirdparty.io.grpc.StatusRuntimeException: UNAVAILABLE: io exception
2025-10-22 08:25:18,420 [8aba082c-257b-43e3-ba61-5d436c5b38fa@group-E8ADAFC04A7A-LeaderElection176] INFO  impl.LeaderElection (LeaderElection.java:askForVotes(450)) - 8aba082c-257b-43e3-ba61-5d436c5b38fa@group-E8ADAFC04A7A-LeaderElection176 PRE_VOTE round 0: result REJECTED
2025-10-22 08:25:18,421 [8aba082c-257b-43e3-ba61-5d436c5b38fa@group-E8ADAFC04A7A-LeaderElection176] INFO  server.RaftServer$Division (RaftServerImpl.java:setRole(392)) - 8aba082c-257b-43e3-ba61-5d436c5b38fa@group-E8ADAFC04A7A: changes role from CANDIDATE to FOLLOWER at term 2 for REJECTED
2025-10-22 08:25:18,421 [8aba082c-257b-43e3-ba61-5d436c5b38fa@group-E8ADAFC04A7A-LeaderElection176] INFO  impl.RoleInfo (RoleInfo.java:shutdownLeaderElection(141)) - 8aba082c-257b-43e3-ba61-5d436c5b38fa: shutdown 8aba082c-257b-43e3-ba61-5d436c5b38fa@group-E8ADAFC04A7A-LeaderElection176
2025-10-22 08:25:18,421 [8aba082c-257b-43e3-ba61-5d436c5b38fa@group-E8ADAFC04A7A-LeaderElection176] INFO  impl.RoleInfo (RoleInfo.java:updateAndGet(148)) - 8aba082c-257b-43e3-ba61-5d436c5b38fa: start 8aba082c-257b-43e3-ba61-5d436c5b38fa@group-E8ADAFC04A7A-FollowerState
2025-10-22 08:25:18,751 [8aba082c-257b-43e3-ba61-5d436c5b38fa@group-45121E95117A-FollowerState] INFO  impl.FollowerState (FollowerState.java:lostMajorityHeartbeatsRecently(113)) - 8aba082c-257b-43e3-ba61-5d436c5b38fa@group-45121E95117A-FollowerState: Skipping leader election since it stepped down recently (elapsed = 5570ms < waitTime = 10s)
2025-10-22 08:25:19,438 [8aba082c-257b-43e3-ba61-5d436c5b38fa@group-E8ADAFC04A7A-FollowerState] INFO  impl.FollowerState (FollowerState.java:runImpl(161)) - 8aba082c-257b-43e3-ba61-5d436c5b38fa@group-E8ADAFC04A7A-FollowerState: change to CANDIDATE, lastRpcElapsedTime:1017409906ns, electionTimeout:1017ms
2025-10-22 08:25:19,438 [8aba082c-257b-43e3-ba61-5d436c5b38fa@group-E8ADAFC04A7A-FollowerState] INFO  impl.RoleInfo (RoleInfo.java:shutdownFollowerState(121)) - 8aba082c-257b-43e3-ba61-5d436c5b38fa: shutdown 8aba082c-257b-43e3-ba61-5d436c5b38fa@group-E8ADAFC04A7A-FollowerState
2025-10-22 08:25:19,438 [8aba082c-257b-43e3-ba61-5d436c5b38fa@group-E8ADAFC04A7A-FollowerState] INFO  server.RaftServer$Division (RaftServerImpl.java:setRole(392)) - 8aba082c-257b-43e3-ba61-5d436c5b38fa@group-E8ADAFC04A7A: changes role from  FOLLOWER to CANDIDATE at term 2 for changeToCandidate
2025-10-22 08:25:19,438 [8aba082c-257b-43e3-ba61-5d436c5b38fa@group-E8ADAFC04A7A-FollowerState] INFO  impl.RoleInfo (RoleInfo.java:updateAndGet(148)) - 8aba082c-257b-43e3-ba61-5d436c5b38fa: start 8aba082c-257b-43e3-ba61-5d436c5b38fa@group-E8ADAFC04A7A-LeaderElection177
2025-10-22 08:25:19,439 [8aba082c-257b-43e3-ba61-5d436c5b38fa@group-E8ADAFC04A7A-LeaderElection177] INFO  impl.LeaderElection (LeaderElection.java:askForVotes(448)) - 8aba082c-257b-43e3-ba61-5d436c5b38fa@group-E8ADAFC04A7A-LeaderElection177 PRE_VOTE round 0: submit vote requests at term 2 for conf: {index: 7, cur=peers:[9d21e184-bccf-4583-95a7-0fe616dd3b4b|127.0.0.1:15079, 8aba082c-257b-43e3-ba61-5d436c5b38fa|127.0.0.1:15063, 0cab5a7d-6f40-474c-9abd-0651cf30726e|127.0.0.1:15071]|listeners:[], old=null}
2025-10-22 08:25:19,439 [8aba082c-257b-43e3-ba61-5d436c5b38fa@group-E8ADAFC04A7A-LeaderElection177] INFO  impl.LeaderElection (LogUtils.java:infoOrTrace(142)) - 8aba082c-257b-43e3-ba61-5d436c5b38fa@group-E8ADAFC04A7A-LeaderElection177 got exception when requesting votes: java.util.concurrent.ExecutionException: org.apache.ratis.thirdparty.io.grpc.StatusRuntimeException: UNAVAILABLE: io exception
2025-10-22 08:25:19,439 [8aba082c-257b-43e3-ba61-5d436c5b38fa@group-E8ADAFC04A7A-LeaderElection177] INFO  impl.LeaderElection (LogUtils.java:infoOrTrace(142)) - 8aba082c-257b-43e3-ba61-5d436c5b38fa@group-E8ADAFC04A7A-LeaderElection177 got exception when requesting votes: java.util.concurrent.ExecutionException: org.apache.ratis.thirdparty.io.grpc.StatusRuntimeException: UNAVAILABLE: io exception
2025-10-22 08:25:19,439 [8aba082c-257b-43e3-ba61-5d436c5b38fa@group-E8ADAFC04A7A-LeaderElection177] INFO  impl.LeaderElection (LeaderElection.java:logAndReturn(206)) - 8aba082c-257b-43e3-ba61-5d436c5b38fa@group-E8ADAFC04A7A-LeaderElection177: PRE_VOTE REJECTED received 0 response(s) and 2 exception(s):
2025-10-22 08:25:19,439 [8aba082c-257b-43e3-ba61-5d436c5b38fa@group-E8ADAFC04A7A-LeaderElection177] INFO  impl.LeaderElection (LogUtils.java:infoOrTrace(142)) -   Exception 0: java.util.concurrent.ExecutionException: org.apache.ratis.thirdparty.io.grpc.StatusRuntimeException: UNAVAILABLE: io exception
2025-10-22 08:25:19,439 [8aba082c-257b-43e3-ba61-5d436c5b38fa@group-E8ADAFC04A7A-LeaderElection177] INFO  impl.LeaderElection (LogUtils.java:infoOrTrace(142)) -   Exception 1: java.util.concurrent.ExecutionException: org.apache.ratis.thirdparty.io.grpc.StatusRuntimeException: UNAVAILABLE: io exception
2025-10-22 08:25:19,440 [8aba082c-257b-43e3-ba61-5d436c5b38fa@group-E8ADAFC04A7A-LeaderElection177] INFO  impl.LeaderElection (LeaderElection.java:askForVotes(450)) - 8aba082c-257b-43e3-ba61-5d436c5b38fa@group-E8ADAFC04A7A-LeaderElection177 PRE_VOTE round 0: result REJECTED
2025-10-22 08:25:19,440 [8aba082c-257b-43e3-ba61-5d436c5b38fa@group-E8ADAFC04A7A-LeaderElection177] INFO  server.RaftServer$Division (RaftServerImpl.java:setRole(392)) - 8aba082c-257b-43e3-ba61-5d436c5b38fa@group-E8ADAFC04A7A: changes role from CANDIDATE to FOLLOWER at term 2 for REJECTED
2025-10-22 08:25:19,440 [8aba082c-257b-43e3-ba61-5d436c5b38fa@group-E8ADAFC04A7A-LeaderElection177] INFO  impl.RoleInfo (RoleInfo.java:shutdownLeaderElection(141)) - 8aba082c-257b-43e3-ba61-5d436c5b38fa: shutdown 8aba082c-257b-43e3-ba61-5d436c5b38fa@group-E8ADAFC04A7A-LeaderElection177
2025-10-22 08:25:19,440 [8aba082c-257b-43e3-ba61-5d436c5b38fa@group-E8ADAFC04A7A-LeaderElection177] INFO  impl.RoleInfo (RoleInfo.java:updateAndGet(148)) - 8aba082c-257b-43e3-ba61-5d436c5b38fa: start 8aba082c-257b-43e3-ba61-5d436c5b38fa@group-E8ADAFC04A7A-FollowerState
2025-10-22 08:25:19,865 [8aba082c-257b-43e3-ba61-5d436c5b38fa@group-45121E95117A-FollowerState] INFO  impl.FollowerState (FollowerState.java:lostMajorityHeartbeatsRecently(113)) - 8aba082c-257b-43e3-ba61-5d436c5b38fa@group-45121E95117A-FollowerState: Skipping leader election since it stepped down recently (elapsed = 6684ms < waitTime = 10s)
2025-10-22 08:25:20,475 [8aba082c-257b-43e3-ba61-5d436c5b38fa@group-E8ADAFC04A7A-FollowerState] INFO  impl.FollowerState (FollowerState.java:runImpl(161)) - 8aba082c-257b-43e3-ba61-5d436c5b38fa@group-E8ADAFC04A7A-FollowerState: change to CANDIDATE, lastRpcElapsedTime:1035299778ns, electionTimeout:1035ms
2025-10-22 08:25:20,475 [8aba082c-257b-43e3-ba61-5d436c5b38fa@group-E8ADAFC04A7A-FollowerState] INFO  impl.RoleInfo (RoleInfo.java:shutdownFollowerState(121)) - 8aba082c-257b-43e3-ba61-5d436c5b38fa: shutdown 8aba082c-257b-43e3-ba61-5d436c5b38fa@group-E8ADAFC04A7A-FollowerState
2025-10-22 08:25:20,475 [8aba082c-257b-43e3-ba61-5d436c5b38fa@group-E8ADAFC04A7A-FollowerState] INFO  server.RaftServer$Division (RaftServerImpl.java:setRole(392)) - 8aba082c-257b-43e3-ba61-5d436c5b38fa@group-E8ADAFC04A7A: changes role from  FOLLOWER to CANDIDATE at term 2 for changeToCandidate
2025-10-22 08:25:20,476 [8aba082c-257b-43e3-ba61-5d436c5b38fa@group-E8ADAFC04A7A-FollowerState] INFO  impl.RoleInfo (RoleInfo.java:updateAndGet(148)) - 8aba082c-257b-43e3-ba61-5d436c5b38fa: start 8aba082c-257b-43e3-ba61-5d436c5b38fa@group-E8ADAFC04A7A-LeaderElection178
2025-10-22 08:25:20,476 [8aba082c-257b-43e3-ba61-5d436c5b38fa@group-E8ADAFC04A7A-LeaderElection178] INFO  impl.LeaderElection (LeaderElection.java:askForVotes(448)) - 8aba082c-257b-43e3-ba61-5d436c5b38fa@group-E8ADAFC04A7A-LeaderElection178 PRE_VOTE round 0: submit vote requests at term 2 for conf: {index: 7, cur=peers:[9d21e184-bccf-4583-95a7-0fe616dd3b4b|127.0.0.1:15079, 8aba082c-257b-43e3-ba61-5d436c5b38fa|127.0.0.1:15063, 0cab5a7d-6f40-474c-9abd-0651cf30726e|127.0.0.1:15071]|listeners:[], old=null}
2025-10-22 08:25:20,477 [8aba082c-257b-43e3-ba61-5d436c5b38fa@group-E8ADAFC04A7A-LeaderElection178] INFO  impl.LeaderElection (LogUtils.java:infoOrTrace(142)) - 8aba082c-257b-43e3-ba61-5d436c5b38fa@group-E8ADAFC04A7A-LeaderElection178 got exception when requesting votes: java.util.concurrent.ExecutionException: org.apache.ratis.thirdparty.io.grpc.StatusRuntimeException: UNAVAILABLE: io exception
2025-10-22 08:25:20,477 [8aba082c-257b-43e3-ba61-5d436c5b38fa@group-E8ADAFC04A7A-LeaderElection178] INFO  impl.LeaderElection (LogUtils.java:infoOrTrace(142)) - 8aba082c-257b-43e3-ba61-5d436c5b38fa@group-E8ADAFC04A7A-LeaderElection178 got exception when requesting votes: java.util.concurrent.ExecutionException: org.apache.ratis.thirdparty.io.grpc.StatusRuntimeException: UNAVAILABLE: io exception
2025-10-22 08:25:20,477 [8aba082c-257b-43e3-ba61-5d436c5b38fa@group-E8ADAFC04A7A-LeaderElection178] INFO  impl.LeaderElection (LeaderElection.java:logAndReturn(206)) - 8aba082c-257b-43e3-ba61-5d436c5b38fa@group-E8ADAFC04A7A-LeaderElection178: PRE_VOTE REJECTED received 0 response(s) and 2 exception(s):
2025-10-22 08:25:20,477 [8aba082c-257b-43e3-ba61-5d436c5b38fa@group-E8ADAFC04A7A-LeaderElection178] INFO  impl.LeaderElection (LogUtils.java:infoOrTrace(142)) -   Exception 0: java.util.concurrent.ExecutionException: org.apache.ratis.thirdparty.io.grpc.StatusRuntimeException: UNAVAILABLE: io exception
2025-10-22 08:25:20,477 [8aba082c-257b-43e3-ba61-5d436c5b38fa@group-E8ADAFC04A7A-LeaderElection178] INFO  impl.LeaderElection (LogUtils.java:infoOrTrace(142)) -   Exception 1: java.util.concurrent.ExecutionException: org.apache.ratis.thirdparty.io.grpc.StatusRuntimeException: UNAVAILABLE: io exception
2025-10-22 08:25:20,477 [8aba082c-257b-43e3-ba61-5d436c5b38fa@group-E8ADAFC04A7A-LeaderElection178] INFO  impl.LeaderElection (LeaderElection.java:askForVotes(450)) - 8aba082c-257b-43e3-ba61-5d436c5b38fa@group-E8ADAFC04A7A-LeaderElection178 PRE_VOTE round 0: result REJECTED
2025-10-22 08:25:20,477 [8aba082c-257b-43e3-ba61-5d436c5b38fa@group-E8ADAFC04A7A-LeaderElection178] INFO  server.RaftServer$Division (RaftServerImpl.java:setRole(392)) - 8aba082c-257b-43e3-ba61-5d436c5b38fa@group-E8ADAFC04A7A: changes role from CANDIDATE to FOLLOWER at term 2 for REJECTED
2025-10-22 08:25:20,477 [8aba082c-257b-43e3-ba61-5d436c5b38fa@group-E8ADAFC04A7A-LeaderElection178] INFO  impl.RoleInfo (RoleInfo.java:shutdownLeaderElection(141)) - 8aba082c-257b-43e3-ba61-5d436c5b38fa: shutdown 8aba082c-257b-43e3-ba61-5d436c5b38fa@group-E8ADAFC04A7A-LeaderElection178
2025-10-22 08:25:20,477 [8aba082c-257b-43e3-ba61-5d436c5b38fa@group-E8ADAFC04A7A-LeaderElection178] INFO  impl.RoleInfo (RoleInfo.java:updateAndGet(148)) - 8aba082c-257b-43e3-ba61-5d436c5b38fa: start 8aba082c-257b-43e3-ba61-5d436c5b38fa@group-E8ADAFC04A7A-FollowerState
2025-10-22 08:25:21,020 [8aba082c-257b-43e3-ba61-5d436c5b38fa@group-45121E95117A-FollowerState] INFO  impl.FollowerState (FollowerState.java:lostMajorityHeartbeatsRecently(113)) - 8aba082c-257b-43e3-ba61-5d436c5b38fa@group-45121E95117A-FollowerState: Skipping leader election since it stepped down recently (elapsed = 7839ms < waitTime = 10s)
2025-10-22 08:25:21,539 [8aba082c-257b-43e3-ba61-5d436c5b38fa@group-E8ADAFC04A7A-FollowerState] INFO  impl.FollowerState (FollowerState.java:runImpl(161)) - 8aba082c-257b-43e3-ba61-5d436c5b38fa@group-E8ADAFC04A7A-FollowerState: change to CANDIDATE, lastRpcElapsedTime:1062295230ns, electionTimeout:1062ms
2025-10-22 08:25:21,539 [8aba082c-257b-43e3-ba61-5d436c5b38fa@group-E8ADAFC04A7A-FollowerState] INFO  impl.RoleInfo (RoleInfo.java:shutdownFollowerState(121)) - 8aba082c-257b-43e3-ba61-5d436c5b38fa: shutdown 8aba082c-257b-43e3-ba61-5d436c5b38fa@group-E8ADAFC04A7A-FollowerState
2025-10-22 08:25:21,540 [8aba082c-257b-43e3-ba61-5d436c5b38fa@group-E8ADAFC04A7A-FollowerState] INFO  server.RaftServer$Division (RaftServerImpl.java:setRole(392)) - 8aba082c-257b-43e3-ba61-5d436c5b38fa@group-E8ADAFC04A7A: changes role from  FOLLOWER to CANDIDATE at term 2 for changeToCandidate
2025-10-22 08:25:21,540 [8aba082c-257b-43e3-ba61-5d436c5b38fa@group-E8ADAFC04A7A-FollowerState] INFO  impl.RoleInfo (RoleInfo.java:updateAndGet(148)) - 8aba082c-257b-43e3-ba61-5d436c5b38fa: start 8aba082c-257b-43e3-ba61-5d436c5b38fa@group-E8ADAFC04A7A-LeaderElection179
2025-10-22 08:25:21,540 [8aba082c-257b-43e3-ba61-5d436c5b38fa@group-E8ADAFC04A7A-LeaderElection179] INFO  impl.LeaderElection (LeaderElection.java:askForVotes(448)) - 8aba082c-257b-43e3-ba61-5d436c5b38fa@group-E8ADAFC04A7A-LeaderElection179 PRE_VOTE round 0: submit vote requests at term 2 for conf: {index: 7, cur=peers:[9d21e184-bccf-4583-95a7-0fe616dd3b4b|127.0.0.1:15079, 8aba082c-257b-43e3-ba61-5d436c5b38fa|127.0.0.1:15063, 0cab5a7d-6f40-474c-9abd-0651cf30726e|127.0.0.1:15071]|listeners:[], old=null}
2025-10-22 08:25:21,540 [8aba082c-257b-43e3-ba61-5d436c5b38fa@group-E8ADAFC04A7A-LeaderElection179] INFO  impl.LeaderElection (LogUtils.java:infoOrTrace(142)) - 8aba082c-257b-43e3-ba61-5d436c5b38fa@group-E8ADAFC04A7A-LeaderElection179 got exception when requesting votes: java.util.concurrent.ExecutionException: org.apache.ratis.thirdparty.io.grpc.StatusRuntimeException: UNAVAILABLE: io exception
2025-10-22 08:25:21,540 [8aba082c-257b-43e3-ba61-5d436c5b38fa@group-E8ADAFC04A7A-LeaderElection179] INFO  impl.LeaderElection (LogUtils.java:infoOrTrace(142)) - 8aba082c-257b-43e3-ba61-5d436c5b38fa@group-E8ADAFC04A7A-LeaderElection179 got exception when requesting votes: java.util.concurrent.ExecutionException: org.apache.ratis.thirdparty.io.grpc.StatusRuntimeException: UNAVAILABLE: io exception
2025-10-22 08:25:21,541 [8aba082c-257b-43e3-ba61-5d436c5b38fa@group-E8ADAFC04A7A-LeaderElection179] INFO  impl.LeaderElection (LeaderElection.java:logAndReturn(206)) - 8aba082c-257b-43e3-ba61-5d436c5b38fa@group-E8ADAFC04A7A-LeaderElection179: PRE_VOTE REJECTED received 0 response(s) and 2 exception(s):
2025-10-22 08:25:21,541 [8aba082c-257b-43e3-ba61-5d436c5b38fa@group-E8ADAFC04A7A-LeaderElection179] INFO  impl.LeaderElection (LogUtils.java:infoOrTrace(142)) -   Exception 0: java.util.concurrent.ExecutionException: org.apache.ratis.thirdparty.io.grpc.StatusRuntimeException: UNAVAILABLE: io exception
2025-10-22 08:25:21,541 [8aba082c-257b-43e3-ba61-5d436c5b38fa@group-E8ADAFC04A7A-LeaderElection179] INFO  impl.LeaderElection (LogUtils.java:infoOrTrace(142)) -   Exception 1: java.util.concurrent.ExecutionException: org.apache.ratis.thirdparty.io.grpc.StatusRuntimeException: UNAVAILABLE: io exception
2025-10-22 08:25:21,541 [8aba082c-257b-43e3-ba61-5d436c5b38fa@group-E8ADAFC04A7A-LeaderElection179] INFO  impl.LeaderElection (LeaderElection.java:askForVotes(450)) - 8aba082c-257b-43e3-ba61-5d436c5b38fa@group-E8ADAFC04A7A-LeaderElection179 PRE_VOTE round 0: result REJECTED
2025-10-22 08:25:21,541 [8aba082c-257b-43e3-ba61-5d436c5b38fa@group-E8ADAFC04A7A-LeaderElection179] INFO  server.RaftServer$Division (RaftServerImpl.java:setRole(392)) - 8aba082c-257b-43e3-ba61-5d436c5b38fa@group-E8ADAFC04A7A: changes role from CANDIDATE to FOLLOWER at term 2 for REJECTED
2025-10-22 08:25:21,541 [8aba082c-257b-43e3-ba61-5d436c5b38fa@group-E8ADAFC04A7A-LeaderElection179] INFO  impl.RoleInfo (RoleInfo.java:shutdownLeaderElection(141)) - 8aba082c-257b-43e3-ba61-5d436c5b38fa: shutdown 8aba082c-257b-43e3-ba61-5d436c5b38fa@group-E8ADAFC04A7A-LeaderElection179
2025-10-22 08:25:21,541 [8aba082c-257b-43e3-ba61-5d436c5b38fa@group-E8ADAFC04A7A-LeaderElection179] INFO  impl.RoleInfo (RoleInfo.java:updateAndGet(148)) - 8aba082c-257b-43e3-ba61-5d436c5b38fa: start 8aba082c-257b-43e3-ba61-5d436c5b38fa@group-E8ADAFC04A7A-FollowerState
2025-10-22 08:25:21,614 [grpc-default-executor-2] ERROR impl.OrderedAsync (OrderedAsync.java:lambda$null$6(215)) -  client-2101DF798DA8: Failed* RaftClientRequest:client-2101DF798DA8->0cab5a7d-6f40-474c-9abd-0651cf30726e@group-45121E95117A, cid=54, seq=6*, RW, cmdType: WriteChunk traceID: "" containerID: 6 datanodeUuid: "0cab5a7d-6f40-474c-9abd-0651cf30726e" writeChunk { blockID { containerID: 6 localID: 115816896921600007 blockCommitSequenceId: 4 replicaIndex: 0 } chunkData { chunkName: "115816896921600007_chunk_3" offset: 2097152 len: 524288 } } version: 3, data.size=524288
java.util.concurrent.CompletionException: java.io.IOException: org.apache.ratis.thirdparty.io.grpc.StatusRuntimeException: UNAVAILABLE: io exception
	at java.base/java.util.concurrent.CompletableFuture.encodeThrowable(CompletableFuture.java:332)
	at java.base/java.util.concurrent.CompletableFuture.completeThrowable(CompletableFuture.java:347)
	at java.base/java.util.concurrent.CompletableFuture$UniAccept.tryFire(CompletableFuture.java:708)
	at java.base/java.util.concurrent.CompletableFuture.postComplete(CompletableFuture.java:510)
	at java.base/java.util.concurrent.CompletableFuture.completeExceptionally(CompletableFuture.java:2194)
	at org.apache.ratis.grpc.client.GrpcClientProtocolClient$AsyncStreamObservers.completeReplyExceptionally(GrpcClientProtocolClient.java:397)
	at org.apache.ratis.grpc.client.GrpcClientProtocolClient$AsyncStreamObservers.access$000(GrpcClientProtocolClient.java:303)
	at org.apache.ratis.grpc.client.GrpcClientProtocolClient$AsyncStreamObservers$1.onError(GrpcClientProtocolClient.java:334)
	at org.apache.ratis.thirdparty.io.grpc.stub.ClientCalls$StreamObserverToCallListenerAdapter.onClose(ClientCalls.java:564)
	at org.apache.ratis.thirdparty.io.grpc.PartialForwardingClientCallListener.onClose(PartialForwardingClientCallListener.java:39)
	at org.apache.ratis.thirdparty.io.grpc.ForwardingClientCallListener.onClose(ForwardingClientCallListener.java:23)
	at org.apache.ratis.grpc.metrics.intercept.client.MetricClientCallListener.onClose(MetricClientCallListener.java:47)
	at org.apache.ratis.thirdparty.io.grpc.internal.ClientCallImpl.closeObserver(ClientCallImpl.java:565)
	at org.apache.ratis.thirdparty.io.grpc.internal.ClientCallImpl.access$100(ClientCallImpl.java:72)
	at org.apache.ratis.thirdparty.io.grpc.internal.ClientCallImpl$ClientStreamListenerImpl$1StreamClosed.runInternal(ClientCallImpl.java:733)
	at org.apache.ratis.thirdparty.io.grpc.internal.ClientCallImpl$ClientStreamListenerImpl$1StreamClosed.runInContext(ClientCallImpl.java:714)
	at org.apache.ratis.thirdparty.io.grpc.internal.ContextRunnable.run(ContextRunnable.java:37)
	at org.apache.ratis.thirdparty.io.grpc.internal.SerializingExecutor.run(SerializingExecutor.java:133)
	at java.base/java.util.concurrent.ThreadPoolExecutor.runWorker(ThreadPoolExecutor.java:1144)
	at java.base/java.util.concurrent.ThreadPoolExecutor$Worker.run(ThreadPoolExecutor.java:642)
	at java.base/java.lang.Thread.run(Thread.java:1583)
Caused by: java.io.IOException: org.apache.ratis.thirdparty.io.grpc.StatusRuntimeException: UNAVAILABLE: io exception
	at org.apache.ratis.grpc.GrpcUtil.unwrapException(GrpcUtil.java:99)
	at org.apache.ratis.grpc.GrpcUtil.unwrapIOException(GrpcUtil.java:159)
	at org.apache.ratis.grpc.client.GrpcClientProtocolClient$AsyncStreamObservers$1.onError(GrpcClientProtocolClient.java:333)
	... 13 more
Caused by: org.apache.ratis.thirdparty.io.grpc.StatusRuntimeException: UNAVAILABLE: io exception
	at org.apache.ratis.thirdparty.io.grpc.Status.asRuntimeException(Status.java:532)
	... 13 more
Caused by: org.apache.ratis.thirdparty.io.netty.channel.AbstractChannel$AnnotatedConnectException: finishConnect(..) failed: Connection refused: /127.0.0.1:15069
Caused by: java.net.ConnectException: finishConnect(..) failed: Connection refused
	at org.apache.ratis.thirdparty.io.netty.channel.unix.Errors.newConnectException0(Errors.java:166)
	at org.apache.ratis.thirdparty.io.netty.channel.unix.Errors.handleConnectErrno(Errors.java:131)
	at org.apache.ratis.thirdparty.io.netty.channel.unix.Socket.finishConnect(Socket.java:359)
	at org.apache.ratis.thirdparty.io.netty.channel.epoll.AbstractEpollChannel$AbstractEpollUnsafe.doFinishConnect(AbstractEpollChannel.java:715)
	at org.apache.ratis.thirdparty.io.netty.channel.epoll.AbstractEpollChannel$AbstractEpollUnsafe.finishConnect(AbstractEpollChannel.java:692)
	at org.apache.ratis.thirdparty.io.netty.channel.epoll.AbstractEpollChannel$AbstractEpollUnsafe.epollOutReady(AbstractEpollChannel.java:567)
	at org.apache.ratis.thirdparty.io.netty.channel.epoll.EpollEventLoop.processReady(EpollEventLoop.java:491)
	at org.apache.ratis.thirdparty.io.netty.channel.epoll.EpollEventLoop.run(EpollEventLoop.java:399)
	at org.apache.ratis.thirdparty.io.netty.util.concurrent.SingleThreadEventExecutor$4.run(SingleThreadEventExecutor.java:998)
	at org.apache.ratis.thirdparty.io.netty.util.internal.ThreadExecutorMap$2.run(ThreadExecutorMap.java:74)
	at org.apache.ratis.thirdparty.io.netty.util.concurrent.FastThreadLocalRunnable.run(FastThreadLocalRunnable.java:30)
	at java.base/java.lang.Thread.run(Thread.java:1583)
2025-10-22 08:25:22,181 [8aba082c-257b-43e3-ba61-5d436c5b38fa@group-45121E95117A-FollowerState] INFO  impl.FollowerState (FollowerState.java:lostMajorityHeartbeatsRecently(113)) - 8aba082c-257b-43e3-ba61-5d436c5b38fa@group-45121E95117A-FollowerState: Skipping leader election since it stepped down recently (elapsed = 9000ms < waitTime = 10s)
2025-10-22 08:25:22,713 [8aba082c-257b-43e3-ba61-5d436c5b38fa@group-E8ADAFC04A7A-FollowerState] INFO  impl.FollowerState (FollowerState.java:runImpl(161)) - 8aba082c-257b-43e3-ba61-5d436c5b38fa@group-E8ADAFC04A7A-FollowerState: change to CANDIDATE, lastRpcElapsedTime:1172298343ns, electionTimeout:1172ms
2025-10-22 08:25:22,713 [8aba082c-257b-43e3-ba61-5d436c5b38fa@group-E8ADAFC04A7A-FollowerState] INFO  impl.RoleInfo (RoleInfo.java:shutdownFollowerState(121)) - 8aba082c-257b-43e3-ba61-5d436c5b38fa: shutdown 8aba082c-257b-43e3-ba61-5d436c5b38fa@group-E8ADAFC04A7A-FollowerState
2025-10-22 08:25:22,713 [8aba082c-257b-43e3-ba61-5d436c5b38fa@group-E8ADAFC04A7A-FollowerState] INFO  server.RaftServer$Division (RaftServerImpl.java:setRole(392)) - 8aba082c-257b-43e3-ba61-5d436c5b38fa@group-E8ADAFC04A7A: changes role from  FOLLOWER to CANDIDATE at term 2 for changeToCandidate
2025-10-22 08:25:22,713 [8aba082c-257b-43e3-ba61-5d436c5b38fa@group-E8ADAFC04A7A-FollowerState] INFO  impl.RoleInfo (RoleInfo.java:updateAndGet(148)) - 8aba082c-257b-43e3-ba61-5d436c5b38fa: start 8aba082c-257b-43e3-ba61-5d436c5b38fa@group-E8ADAFC04A7A-LeaderElection180
2025-10-22 08:25:22,714 [8aba082c-257b-43e3-ba61-5d436c5b38fa@group-E8ADAFC04A7A-LeaderElection180] INFO  impl.LeaderElection (LeaderElection.java:askForVotes(448)) - 8aba082c-257b-43e3-ba61-5d436c5b38fa@group-E8ADAFC04A7A-LeaderElection180 PRE_VOTE round 0: submit vote requests at term 2 for conf: {index: 7, cur=peers:[9d21e184-bccf-4583-95a7-0fe616dd3b4b|127.0.0.1:15079, 8aba082c-257b-43e3-ba61-5d436c5b38fa|127.0.0.1:15063, 0cab5a7d-6f40-474c-9abd-0651cf30726e|127.0.0.1:15071]|listeners:[], old=null}
2025-10-22 08:25:22,714 [8aba082c-257b-43e3-ba61-5d436c5b38fa@group-E8ADAFC04A7A-LeaderElection180] INFO  impl.LeaderElection (LogUtils.java:infoOrTrace(142)) - 8aba082c-257b-43e3-ba61-5d436c5b38fa@group-E8ADAFC04A7A-LeaderElection180 got exception when requesting votes: java.util.concurrent.ExecutionException: org.apache.ratis.thirdparty.io.grpc.StatusRuntimeException: UNAVAILABLE: io exception
2025-10-22 08:25:22,714 [8aba082c-257b-43e3-ba61-5d436c5b38fa@group-E8ADAFC04A7A-LeaderElection180] INFO  impl.LeaderElection (LogUtils.java:infoOrTrace(142)) - 8aba082c-257b-43e3-ba61-5d436c5b38fa@group-E8ADAFC04A7A-LeaderElection180 got exception when requesting votes: java.util.concurrent.ExecutionException: org.apache.ratis.thirdparty.io.grpc.StatusRuntimeException: UNAVAILABLE: io exception
2025-10-22 08:25:22,714 [8aba082c-257b-43e3-ba61-5d436c5b38fa@group-E8ADAFC04A7A-LeaderElection180] INFO  impl.LeaderElection (LeaderElection.java:logAndReturn(206)) - 8aba082c-257b-43e3-ba61-5d436c5b38fa@group-E8ADAFC04A7A-LeaderElection180: PRE_VOTE REJECTED received 0 response(s) and 2 exception(s):
2025-10-22 08:25:22,714 [8aba082c-257b-43e3-ba61-5d436c5b38fa@group-E8ADAFC04A7A-LeaderElection180] INFO  impl.LeaderElection (LogUtils.java:infoOrTrace(142)) -   Exception 0: java.util.concurrent.ExecutionException: org.apache.ratis.thirdparty.io.grpc.StatusRuntimeException: UNAVAILABLE: io exception
2025-10-22 08:25:22,714 [8aba082c-257b-43e3-ba61-5d436c5b38fa@group-E8ADAFC04A7A-LeaderElection180] INFO  impl.LeaderElection (LogUtils.java:infoOrTrace(142)) -   Exception 1: java.util.concurrent.ExecutionException: org.apache.ratis.thirdparty.io.grpc.StatusRuntimeException: UNAVAILABLE: io exception
2025-10-22 08:25:22,714 [8aba082c-257b-43e3-ba61-5d436c5b38fa@group-E8ADAFC04A7A-LeaderElection180] INFO  impl.LeaderElection (LeaderElection.java:askForVotes(450)) - 8aba082c-257b-43e3-ba61-5d436c5b38fa@group-E8ADAFC04A7A-LeaderElection180 PRE_VOTE round 0: result REJECTED
2025-10-22 08:25:22,715 [8aba082c-257b-43e3-ba61-5d436c5b38fa@group-E8ADAFC04A7A-LeaderElection180] INFO  server.RaftServer$Division (RaftServerImpl.java:setRole(392)) - 8aba082c-257b-43e3-ba61-5d436c5b38fa@group-E8ADAFC04A7A: changes role from CANDIDATE to FOLLOWER at term 2 for REJECTED
2025-10-22 08:25:22,715 [8aba082c-257b-43e3-ba61-5d436c5b38fa@group-E8ADAFC04A7A-LeaderElection180] INFO  impl.RoleInfo (RoleInfo.java:shutdownLeaderElection(141)) - 8aba082c-257b-43e3-ba61-5d436c5b38fa: shutdown 8aba082c-257b-43e3-ba61-5d436c5b38fa@group-E8ADAFC04A7A-LeaderElection180
2025-10-22 08:25:22,715 [8aba082c-257b-43e3-ba61-5d436c5b38fa@group-E8ADAFC04A7A-LeaderElection180] INFO  impl.RoleInfo (RoleInfo.java:updateAndGet(148)) - 8aba082c-257b-43e3-ba61-5d436c5b38fa: start 8aba082c-257b-43e3-ba61-5d436c5b38fa@group-E8ADAFC04A7A-FollowerState
2025-10-22 08:25:23,191 [timer5] WARN  server.GrpcLogAppender (LogUtils.java:warn(127)) - 1c036820-4dbe-4abe-80fb-5ca88de5e2f0@group-5E2F154B5BDB->40df8fc4-149d-40c0-897d-2844034d8141-AppendLogResponseHandler: Failed appendEntries (Repeated 2 times in the last 5.000s): org.apache.ratis.thirdparty.io.grpc.StatusRuntimeException: UNAVAILABLE: io exception
  Caused by: org.apache.ratis.thirdparty.io.netty.channel.AbstractChannel$AnnotatedConnectException: finishConnect(..) failed: Connection refused: /127.0.0.1:15031
  Caused by: java.net.ConnectException: finishConnect(..) failed: Connection refused
2025-10-22 08:25:23,192 [8aba082c-257b-43e3-ba61-5d436c5b38fa@group-45121E95117A-FollowerState] INFO  impl.FollowerState (FollowerState.java:runImpl(161)) - 8aba082c-257b-43e3-ba61-5d436c5b38fa@group-45121E95117A-FollowerState: change to CANDIDATE, lastRpcElapsedTime:10012005711ns, electionTimeout:1011ms
2025-10-22 08:25:23,193 [8aba082c-257b-43e3-ba61-5d436c5b38fa@group-45121E95117A-FollowerState] INFO  impl.RoleInfo (RoleInfo.java:shutdownFollowerState(121)) - 8aba082c-257b-43e3-ba61-5d436c5b38fa: shutdown 8aba082c-257b-43e3-ba61-5d436c5b38fa@group-45121E95117A-FollowerState
2025-10-22 08:25:23,193 [8aba082c-257b-43e3-ba61-5d436c5b38fa@group-45121E95117A-FollowerState] INFO  server.RaftServer$Division (RaftServerImpl.java:setRole(392)) - 8aba082c-257b-43e3-ba61-5d436c5b38fa@group-45121E95117A: changes role from  FOLLOWER to CANDIDATE at term 1 for changeToCandidate
2025-10-22 08:25:23,193 [8aba082c-257b-43e3-ba61-5d436c5b38fa@group-45121E95117A-FollowerState] INFO  impl.RoleInfo (RoleInfo.java:updateAndGet(148)) - 8aba082c-257b-43e3-ba61-5d436c5b38fa: start 8aba082c-257b-43e3-ba61-5d436c5b38fa@group-45121E95117A-LeaderElection181
2025-10-22 08:25:23,193 [8aba082c-257b-43e3-ba61-5d436c5b38fa@group-45121E95117A-LeaderElection181] INFO  impl.LeaderElection (LeaderElection.java:askForVotes(448)) - 8aba082c-257b-43e3-ba61-5d436c5b38fa@group-45121E95117A-LeaderElection181 PRE_VOTE round 0: submit vote requests at term 1 for conf: {index: 0, cur=peers:[9d21e184-bccf-4583-95a7-0fe616dd3b4b|127.0.0.1:15079, 8aba082c-257b-43e3-ba61-5d436c5b38fa|127.0.0.1:15063, 0cab5a7d-6f40-474c-9abd-0651cf30726e|127.0.0.1:15071]|listeners:[], old=null}
2025-10-22 08:25:23,194 [8aba082c-257b-43e3-ba61-5d436c5b38fa@group-45121E95117A-LeaderElection181] INFO  impl.LeaderElection (LogUtils.java:infoOrTrace(142)) - 8aba082c-257b-43e3-ba61-5d436c5b38fa@group-45121E95117A-LeaderElection181 got exception when requesting votes: java.util.concurrent.ExecutionException: org.apache.ratis.thirdparty.io.grpc.StatusRuntimeException: UNAVAILABLE: io exception
2025-10-22 08:25:23,194 [8aba082c-257b-43e3-ba61-5d436c5b38fa@group-45121E95117A-LeaderElection181] INFO  impl.LeaderElection (LogUtils.java:infoOrTrace(142)) - 8aba082c-257b-43e3-ba61-5d436c5b38fa@group-45121E95117A-LeaderElection181 got exception when requesting votes: java.util.concurrent.ExecutionException: org.apache.ratis.thirdparty.io.grpc.StatusRuntimeException: UNAVAILABLE: io exception
2025-10-22 08:25:23,194 [8aba082c-257b-43e3-ba61-5d436c5b38fa@group-45121E95117A-LeaderElection181] INFO  impl.LeaderElection (LeaderElection.java:logAndReturn(206)) - 8aba082c-257b-43e3-ba61-5d436c5b38fa@group-45121E95117A-LeaderElection181: PRE_VOTE REJECTED received 0 response(s) and 2 exception(s):
2025-10-22 08:25:23,194 [8aba082c-257b-43e3-ba61-5d436c5b38fa@group-45121E95117A-LeaderElection181] INFO  impl.LeaderElection (LogUtils.java:infoOrTrace(142)) -   Exception 0: java.util.concurrent.ExecutionException: org.apache.ratis.thirdparty.io.grpc.StatusRuntimeException: UNAVAILABLE: io exception
2025-10-22 08:25:23,194 [8aba082c-257b-43e3-ba61-5d436c5b38fa@group-45121E95117A-LeaderElection181] INFO  impl.LeaderElection (LogUtils.java:infoOrTrace(142)) -   Exception 1: java.util.concurrent.ExecutionException: org.apache.ratis.thirdparty.io.grpc.StatusRuntimeException: UNAVAILABLE: io exception
2025-10-22 08:25:23,194 [8aba082c-257b-43e3-ba61-5d436c5b38fa@group-45121E95117A-LeaderElection181] INFO  impl.LeaderElection (LeaderElection.java:askForVotes(450)) - 8aba082c-257b-43e3-ba61-5d436c5b38fa@group-45121E95117A-LeaderElection181 PRE_VOTE round 0: result REJECTED
2025-10-22 08:25:23,194 [8aba082c-257b-43e3-ba61-5d436c5b38fa@group-45121E95117A-LeaderElection181] INFO  server.RaftServer$Division (RaftServerImpl.java:setRole(392)) - 8aba082c-257b-43e3-ba61-5d436c5b38fa@group-45121E95117A: changes role from CANDIDATE to FOLLOWER at term 1 for REJECTED
2025-10-22 08:25:23,194 [8aba082c-257b-43e3-ba61-5d436c5b38fa@group-45121E95117A-LeaderElection181] INFO  impl.RoleInfo (RoleInfo.java:shutdownLeaderElection(141)) - 8aba082c-257b-43e3-ba61-5d436c5b38fa: shutdown 8aba082c-257b-43e3-ba61-5d436c5b38fa@group-45121E95117A-LeaderElection181
2025-10-22 08:25:23,194 [8aba082c-257b-43e3-ba61-5d436c5b38fa@group-45121E95117A-LeaderElection181] INFO  impl.RoleInfo (RoleInfo.java:updateAndGet(148)) - 8aba082c-257b-43e3-ba61-5d436c5b38fa: start 8aba082c-257b-43e3-ba61-5d436c5b38fa@group-45121E95117A-FollowerState
2025-10-22 08:25:23,869 [8aba082c-257b-43e3-ba61-5d436c5b38fa@group-E8ADAFC04A7A-FollowerState] INFO  impl.FollowerState (FollowerState.java:runImpl(161)) - 8aba082c-257b-43e3-ba61-5d436c5b38fa@group-E8ADAFC04A7A-FollowerState: change to CANDIDATE, lastRpcElapsedTime:1154299799ns, electionTimeout:1154ms
2025-10-22 08:25:23,869 [8aba082c-257b-43e3-ba61-5d436c5b38fa@group-E8ADAFC04A7A-FollowerState] INFO  impl.RoleInfo (RoleInfo.java:shutdownFollowerState(121)) - 8aba082c-257b-43e3-ba61-5d436c5b38fa: shutdown 8aba082c-257b-43e3-ba61-5d436c5b38fa@group-E8ADAFC04A7A-FollowerState
2025-10-22 08:25:23,869 [8aba082c-257b-43e3-ba61-5d436c5b38fa@group-E8ADAFC04A7A-FollowerState] INFO  server.RaftServer$Division (RaftServerImpl.java:setRole(392)) - 8aba082c-257b-43e3-ba61-5d436c5b38fa@group-E8ADAFC04A7A: changes role from  FOLLOWER to CANDIDATE at term 2 for changeToCandidate
2025-10-22 08:25:23,869 [8aba082c-257b-43e3-ba61-5d436c5b38fa@group-E8ADAFC04A7A-FollowerState] INFO  impl.RoleInfo (RoleInfo.java:updateAndGet(148)) - 8aba082c-257b-43e3-ba61-5d436c5b38fa: start 8aba082c-257b-43e3-ba61-5d436c5b38fa@group-E8ADAFC04A7A-LeaderElection182
2025-10-22 08:25:23,870 [8aba082c-257b-43e3-ba61-5d436c5b38fa@group-E8ADAFC04A7A-LeaderElection182] INFO  impl.LeaderElection (LeaderElection.java:askForVotes(448)) - 8aba082c-257b-43e3-ba61-5d436c5b38fa@group-E8ADAFC04A7A-LeaderElection182 PRE_VOTE round 0: submit vote requests at term 2 for conf: {index: 7, cur=peers:[9d21e184-bccf-4583-95a7-0fe616dd3b4b|127.0.0.1:15079, 8aba082c-257b-43e3-ba61-5d436c5b38fa|127.0.0.1:15063, 0cab5a7d-6f40-474c-9abd-0651cf30726e|127.0.0.1:15071]|listeners:[], old=null}
2025-10-22 08:25:23,870 [8aba082c-257b-43e3-ba61-5d436c5b38fa@group-E8ADAFC04A7A-LeaderElection182] INFO  impl.LeaderElection (LogUtils.java:infoOrTrace(142)) - 8aba082c-257b-43e3-ba61-5d436c5b38fa@group-E8ADAFC04A7A-LeaderElection182 got exception when requesting votes: java.util.concurrent.ExecutionException: org.apache.ratis.thirdparty.io.grpc.StatusRuntimeException: UNAVAILABLE: io exception
2025-10-22 08:25:23,870 [8aba082c-257b-43e3-ba61-5d436c5b38fa@group-E8ADAFC04A7A-LeaderElection182] INFO  impl.LeaderElection (LogUtils.java:infoOrTrace(142)) - 8aba082c-257b-43e3-ba61-5d436c5b38fa@group-E8ADAFC04A7A-LeaderElection182 got exception when requesting votes: java.util.concurrent.ExecutionException: org.apache.ratis.thirdparty.io.grpc.StatusRuntimeException: UNAVAILABLE: io exception
2025-10-22 08:25:23,870 [8aba082c-257b-43e3-ba61-5d436c5b38fa@group-E8ADAFC04A7A-LeaderElection182] INFO  impl.LeaderElection (LeaderElection.java:logAndReturn(206)) - 8aba082c-257b-43e3-ba61-5d436c5b38fa@group-E8ADAFC04A7A-LeaderElection182: PRE_VOTE REJECTED received 0 response(s) and 2 exception(s):
2025-10-22 08:25:23,870 [8aba082c-257b-43e3-ba61-5d436c5b38fa@group-E8ADAFC04A7A-LeaderElection182] INFO  impl.LeaderElection (LogUtils.java:infoOrTrace(142)) -   Exception 0: java.util.concurrent.ExecutionException: org.apache.ratis.thirdparty.io.grpc.StatusRuntimeException: UNAVAILABLE: io exception
2025-10-22 08:25:23,870 [8aba082c-257b-43e3-ba61-5d436c5b38fa@group-E8ADAFC04A7A-LeaderElection182] INFO  impl.LeaderElection (LogUtils.java:infoOrTrace(142)) -   Exception 1: java.util.concurrent.ExecutionException: org.apache.ratis.thirdparty.io.grpc.StatusRuntimeException: UNAVAILABLE: io exception
2025-10-22 08:25:23,870 [8aba082c-257b-43e3-ba61-5d436c5b38fa@group-E8ADAFC04A7A-LeaderElection182] INFO  impl.LeaderElection (LeaderElection.java:askForVotes(450)) - 8aba082c-257b-43e3-ba61-5d436c5b38fa@group-E8ADAFC04A7A-LeaderElection182 PRE_VOTE round 0: result REJECTED
2025-10-22 08:25:23,870 [8aba082c-257b-43e3-ba61-5d436c5b38fa@group-E8ADAFC04A7A-LeaderElection182] INFO  server.RaftServer$Division (RaftServerImpl.java:setRole(392)) - 8aba082c-257b-43e3-ba61-5d436c5b38fa@group-E8ADAFC04A7A: changes role from CANDIDATE to FOLLOWER at term 2 for REJECTED
2025-10-22 08:25:23,871 [8aba082c-257b-43e3-ba61-5d436c5b38fa@group-E8ADAFC04A7A-LeaderElection182] INFO  impl.RoleInfo (RoleInfo.java:shutdownLeaderElection(141)) - 8aba082c-257b-43e3-ba61-5d436c5b38fa: shutdown 8aba082c-257b-43e3-ba61-5d436c5b38fa@group-E8ADAFC04A7A-LeaderElection182
2025-10-22 08:25:23,871 [8aba082c-257b-43e3-ba61-5d436c5b38fa@group-E8ADAFC04A7A-LeaderElection182] INFO  impl.RoleInfo (RoleInfo.java:updateAndGet(148)) - 8aba082c-257b-43e3-ba61-5d436c5b38fa: start 8aba082c-257b-43e3-ba61-5d436c5b38fa@group-E8ADAFC04A7A-FollowerState
2025-10-22 08:25:24,322 [8aba082c-257b-43e3-ba61-5d436c5b38fa@group-45121E95117A-FollowerState] INFO  impl.FollowerState (FollowerState.java:runImpl(161)) - 8aba082c-257b-43e3-ba61-5d436c5b38fa@group-45121E95117A-FollowerState: change to CANDIDATE, lastRpcElapsedTime:1128333800ns, electionTimeout:1128ms
2025-10-22 08:25:24,322 [8aba082c-257b-43e3-ba61-5d436c5b38fa@group-45121E95117A-FollowerState] INFO  impl.RoleInfo (RoleInfo.java:shutdownFollowerState(121)) - 8aba082c-257b-43e3-ba61-5d436c5b38fa: shutdown 8aba082c-257b-43e3-ba61-5d436c5b38fa@group-45121E95117A-FollowerState
2025-10-22 08:25:24,322 [8aba082c-257b-43e3-ba61-5d436c5b38fa@group-45121E95117A-FollowerState] INFO  server.RaftServer$Division (RaftServerImpl.java:setRole(392)) - 8aba082c-257b-43e3-ba61-5d436c5b38fa@group-45121E95117A: changes role from  FOLLOWER to CANDIDATE at term 1 for changeToCandidate
2025-10-22 08:25:24,323 [8aba082c-257b-43e3-ba61-5d436c5b38fa@group-45121E95117A-FollowerState] INFO  impl.RoleInfo (RoleInfo.java:updateAndGet(148)) - 8aba082c-257b-43e3-ba61-5d436c5b38fa: start 8aba082c-257b-43e3-ba61-5d436c5b38fa@group-45121E95117A-LeaderElection183
2025-10-22 08:25:24,323 [8aba082c-257b-43e3-ba61-5d436c5b38fa@group-45121E95117A-LeaderElection183] INFO  impl.LeaderElection (LeaderElection.java:askForVotes(448)) - 8aba082c-257b-43e3-ba61-5d436c5b38fa@group-45121E95117A-LeaderElection183 PRE_VOTE round 0: submit vote requests at term 1 for conf: {index: 0, cur=peers:[9d21e184-bccf-4583-95a7-0fe616dd3b4b|127.0.0.1:15079, 8aba082c-257b-43e3-ba61-5d436c5b38fa|127.0.0.1:15063, 0cab5a7d-6f40-474c-9abd-0651cf30726e|127.0.0.1:15071]|listeners:[], old=null}
2025-10-22 08:25:24,323 [8aba082c-257b-43e3-ba61-5d436c5b38fa@group-45121E95117A-LeaderElection183] INFO  impl.LeaderElection (LogUtils.java:infoOrTrace(142)) - 8aba082c-257b-43e3-ba61-5d436c5b38fa@group-45121E95117A-LeaderElection183 got exception when requesting votes: java.util.concurrent.ExecutionException: org.apache.ratis.thirdparty.io.grpc.StatusRuntimeException: UNAVAILABLE: io exception
2025-10-22 08:25:24,323 [8aba082c-257b-43e3-ba61-5d436c5b38fa@group-45121E95117A-LeaderElection183] INFO  impl.LeaderElection (LogUtils.java:infoOrTrace(142)) - 8aba082c-257b-43e3-ba61-5d436c5b38fa@group-45121E95117A-LeaderElection183 got exception when requesting votes: java.util.concurrent.ExecutionException: org.apache.ratis.thirdparty.io.grpc.StatusRuntimeException: UNAVAILABLE: io exception
2025-10-22 08:25:24,323 [8aba082c-257b-43e3-ba61-5d436c5b38fa@group-45121E95117A-LeaderElection183] INFO  impl.LeaderElection (LeaderElection.java:logAndReturn(206)) - 8aba082c-257b-43e3-ba61-5d436c5b38fa@group-45121E95117A-LeaderElection183: PRE_VOTE REJECTED received 0 response(s) and 2 exception(s):
2025-10-22 08:25:24,323 [8aba082c-257b-43e3-ba61-5d436c5b38fa@group-45121E95117A-LeaderElection183] INFO  impl.LeaderElection (LogUtils.java:infoOrTrace(142)) -   Exception 0: java.util.concurrent.ExecutionException: org.apache.ratis.thirdparty.io.grpc.StatusRuntimeException: UNAVAILABLE: io exception
2025-10-22 08:25:24,323 [8aba082c-257b-43e3-ba61-5d436c5b38fa@group-45121E95117A-LeaderElection183] INFO  impl.LeaderElection (LogUtils.java:infoOrTrace(142)) -   Exception 1: java.util.concurrent.ExecutionException: org.apache.ratis.thirdparty.io.grpc.StatusRuntimeException: UNAVAILABLE: io exception
2025-10-22 08:25:24,323 [8aba082c-257b-43e3-ba61-5d436c5b38fa@group-45121E95117A-LeaderElection183] INFO  impl.LeaderElection (LeaderElection.java:askForVotes(450)) - 8aba082c-257b-43e3-ba61-5d436c5b38fa@group-45121E95117A-LeaderElection183 PRE_VOTE round 0: result REJECTED
2025-10-22 08:25:24,324 [8aba082c-257b-43e3-ba61-5d436c5b38fa@group-45121E95117A-LeaderElection183] INFO  server.RaftServer$Division (RaftServerImpl.java:setRole(392)) - 8aba082c-257b-43e3-ba61-5d436c5b38fa@group-45121E95117A: changes role from CANDIDATE to FOLLOWER at term 1 for REJECTED
2025-10-22 08:25:24,324 [8aba082c-257b-43e3-ba61-5d436c5b38fa@group-45121E95117A-LeaderElection183] INFO  impl.RoleInfo (RoleInfo.java:shutdownLeaderElection(141)) - 8aba082c-257b-43e3-ba61-5d436c5b38fa: shutdown 8aba082c-257b-43e3-ba61-5d436c5b38fa@group-45121E95117A-LeaderElection183
2025-10-22 08:25:24,324 [8aba082c-257b-43e3-ba61-5d436c5b38fa@group-45121E95117A-LeaderElection183] INFO  impl.RoleInfo (RoleInfo.java:updateAndGet(148)) - 8aba082c-257b-43e3-ba61-5d436c5b38fa: start 8aba082c-257b-43e3-ba61-5d436c5b38fa@group-45121E95117A-FollowerState
2025-10-22 08:25:24,876 [8aba082c-257b-43e3-ba61-5d436c5b38fa@group-E8ADAFC04A7A-FollowerState] INFO  impl.FollowerState (FollowerState.java:runImpl(161)) - 8aba082c-257b-43e3-ba61-5d436c5b38fa@group-E8ADAFC04A7A-FollowerState: change to CANDIDATE, lastRpcElapsedTime:1005345305ns, electionTimeout:1005ms
2025-10-22 08:25:24,876 [8aba082c-257b-43e3-ba61-5d436c5b38fa@group-E8ADAFC04A7A-FollowerState] INFO  impl.RoleInfo (RoleInfo.java:shutdownFollowerState(121)) - 8aba082c-257b-43e3-ba61-5d436c5b38fa: shutdown 8aba082c-257b-43e3-ba61-5d436c5b38fa@group-E8ADAFC04A7A-FollowerState
2025-10-22 08:25:24,876 [8aba082c-257b-43e3-ba61-5d436c5b38fa@group-E8ADAFC04A7A-FollowerState] INFO  server.RaftServer$Division (RaftServerImpl.java:setRole(392)) - 8aba082c-257b-43e3-ba61-5d436c5b38fa@group-E8ADAFC04A7A: changes role from  FOLLOWER to CANDIDATE at term 2 for changeToCandidate
2025-10-22 08:25:24,876 [8aba082c-257b-43e3-ba61-5d436c5b38fa@group-E8ADAFC04A7A-FollowerState] INFO  impl.RoleInfo (RoleInfo.java:updateAndGet(148)) - 8aba082c-257b-43e3-ba61-5d436c5b38fa: start 8aba082c-257b-43e3-ba61-5d436c5b38fa@group-E8ADAFC04A7A-LeaderElection184
2025-10-22 08:25:24,877 [8aba082c-257b-43e3-ba61-5d436c5b38fa@group-E8ADAFC04A7A-LeaderElection184] INFO  impl.LeaderElection (LeaderElection.java:askForVotes(448)) - 8aba082c-257b-43e3-ba61-5d436c5b38fa@group-E8ADAFC04A7A-LeaderElection184 PRE_VOTE round 0: submit vote requests at term 2 for conf: {index: 7, cur=peers:[9d21e184-bccf-4583-95a7-0fe616dd3b4b|127.0.0.1:15079, 8aba082c-257b-43e3-ba61-5d436c5b38fa|127.0.0.1:15063, 0cab5a7d-6f40-474c-9abd-0651cf30726e|127.0.0.1:15071]|listeners:[], old=null}
2025-10-22 08:25:24,877 [8aba082c-257b-43e3-ba61-5d436c5b38fa@group-E8ADAFC04A7A-LeaderElection184] INFO  impl.LeaderElection (LogUtils.java:infoOrTrace(142)) - 8aba082c-257b-43e3-ba61-5d436c5b38fa@group-E8ADAFC04A7A-LeaderElection184 got exception when requesting votes: java.util.concurrent.ExecutionException: org.apache.ratis.thirdparty.io.grpc.StatusRuntimeException: UNAVAILABLE: io exception
2025-10-22 08:25:24,877 [8aba082c-257b-43e3-ba61-5d436c5b38fa@group-E8ADAFC04A7A-LeaderElection184] INFO  impl.LeaderElection (LogUtils.java:infoOrTrace(142)) - 8aba082c-257b-43e3-ba61-5d436c5b38fa@group-E8ADAFC04A7A-LeaderElection184 got exception when requesting votes: java.util.concurrent.ExecutionException: org.apache.ratis.thirdparty.io.grpc.StatusRuntimeException: UNAVAILABLE: io exception
2025-10-22 08:25:24,877 [8aba082c-257b-43e3-ba61-5d436c5b38fa@group-E8ADAFC04A7A-LeaderElection184] INFO  impl.LeaderElection (LeaderElection.java:logAndReturn(206)) - 8aba082c-257b-43e3-ba61-5d436c5b38fa@group-E8ADAFC04A7A-LeaderElection184: PRE_VOTE REJECTED received 0 response(s) and 2 exception(s):
2025-10-22 08:25:24,877 [8aba082c-257b-43e3-ba61-5d436c5b38fa@group-E8ADAFC04A7A-LeaderElection184] INFO  impl.LeaderElection (LogUtils.java:infoOrTrace(142)) -   Exception 0: java.util.concurrent.ExecutionException: org.apache.ratis.thirdparty.io.grpc.StatusRuntimeException: UNAVAILABLE: io exception
2025-10-22 08:25:24,877 [8aba082c-257b-43e3-ba61-5d436c5b38fa@group-E8ADAFC04A7A-LeaderElection184] INFO  impl.LeaderElection (LogUtils.java:infoOrTrace(142)) -   Exception 1: java.util.concurrent.ExecutionException: org.apache.ratis.thirdparty.io.grpc.StatusRuntimeException: UNAVAILABLE: io exception
2025-10-22 08:25:24,877 [8aba082c-257b-43e3-ba61-5d436c5b38fa@group-E8ADAFC04A7A-LeaderElection184] INFO  impl.LeaderElection (LeaderElection.java:askForVotes(450)) - 8aba082c-257b-43e3-ba61-5d436c5b38fa@group-E8ADAFC04A7A-LeaderElection184 PRE_VOTE round 0: result REJECTED
2025-10-22 08:25:24,877 [8aba082c-257b-43e3-ba61-5d436c5b38fa@group-E8ADAFC04A7A-LeaderElection184] INFO  server.RaftServer$Division (RaftServerImpl.java:setRole(392)) - 8aba082c-257b-43e3-ba61-5d436c5b38fa@group-E8ADAFC04A7A: changes role from CANDIDATE to FOLLOWER at term 2 for REJECTED
2025-10-22 08:25:24,878 [8aba082c-257b-43e3-ba61-5d436c5b38fa@group-E8ADAFC04A7A-LeaderElection184] INFO  impl.RoleInfo (RoleInfo.java:shutdownLeaderElection(141)) - 8aba082c-257b-43e3-ba61-5d436c5b38fa: shutdown 8aba082c-257b-43e3-ba61-5d436c5b38fa@group-E8ADAFC04A7A-LeaderElection184
2025-10-22 08:25:24,878 [8aba082c-257b-43e3-ba61-5d436c5b38fa@group-E8ADAFC04A7A-LeaderElection184] INFO  impl.RoleInfo (RoleInfo.java:updateAndGet(148)) - 8aba082c-257b-43e3-ba61-5d436c5b38fa: start 8aba082c-257b-43e3-ba61-5d436c5b38fa@group-E8ADAFC04A7A-FollowerState
2025-10-22 08:25:25,407 [8aba082c-257b-43e3-ba61-5d436c5b38fa@group-45121E95117A-FollowerState] INFO  impl.FollowerState (FollowerState.java:runImpl(161)) - 8aba082c-257b-43e3-ba61-5d436c5b38fa@group-45121E95117A-FollowerState: change to CANDIDATE, lastRpcElapsedTime:1083307950ns, electionTimeout:1083ms
2025-10-22 08:25:25,407 [8aba082c-257b-43e3-ba61-5d436c5b38fa@group-45121E95117A-FollowerState] INFO  impl.RoleInfo (RoleInfo.java:shutdownFollowerState(121)) - 8aba082c-257b-43e3-ba61-5d436c5b38fa: shutdown 8aba082c-257b-43e3-ba61-5d436c5b38fa@group-45121E95117A-FollowerState
2025-10-22 08:25:25,407 [8aba082c-257b-43e3-ba61-5d436c5b38fa@group-45121E95117A-FollowerState] INFO  server.RaftServer$Division (RaftServerImpl.java:setRole(392)) - 8aba082c-257b-43e3-ba61-5d436c5b38fa@group-45121E95117A: changes role from  FOLLOWER to CANDIDATE at term 1 for changeToCandidate
2025-10-22 08:25:25,407 [8aba082c-257b-43e3-ba61-5d436c5b38fa@group-45121E95117A-FollowerState] INFO  impl.RoleInfo (RoleInfo.java:updateAndGet(148)) - 8aba082c-257b-43e3-ba61-5d436c5b38fa: start 8aba082c-257b-43e3-ba61-5d436c5b38fa@group-45121E95117A-LeaderElection185
2025-10-22 08:25:25,408 [8aba082c-257b-43e3-ba61-5d436c5b38fa@group-45121E95117A-LeaderElection185] INFO  impl.LeaderElection (LeaderElection.java:askForVotes(448)) - 8aba082c-257b-43e3-ba61-5d436c5b38fa@group-45121E95117A-LeaderElection185 PRE_VOTE round 0: submit vote requests at term 1 for conf: {index: 0, cur=peers:[9d21e184-bccf-4583-95a7-0fe616dd3b4b|127.0.0.1:15079, 8aba082c-257b-43e3-ba61-5d436c5b38fa|127.0.0.1:15063, 0cab5a7d-6f40-474c-9abd-0651cf30726e|127.0.0.1:15071]|listeners:[], old=null}
2025-10-22 08:25:25,408 [8aba082c-257b-43e3-ba61-5d436c5b38fa@group-45121E95117A-LeaderElection185] INFO  impl.LeaderElection (LogUtils.java:infoOrTrace(142)) - 8aba082c-257b-43e3-ba61-5d436c5b38fa@group-45121E95117A-LeaderElection185 got exception when requesting votes: java.util.concurrent.ExecutionException: org.apache.ratis.thirdparty.io.grpc.StatusRuntimeException: UNAVAILABLE: io exception
2025-10-22 08:25:25,408 [8aba082c-257b-43e3-ba61-5d436c5b38fa@group-45121E95117A-LeaderElection185] INFO  impl.LeaderElection (LogUtils.java:infoOrTrace(142)) - 8aba082c-257b-43e3-ba61-5d436c5b38fa@group-45121E95117A-LeaderElection185 got exception when requesting votes: java.util.concurrent.ExecutionException: org.apache.ratis.thirdparty.io.grpc.StatusRuntimeException: UNAVAILABLE: io exception
2025-10-22 08:25:25,408 [8aba082c-257b-43e3-ba61-5d436c5b38fa@group-45121E95117A-LeaderElection185] INFO  impl.LeaderElection (LeaderElection.java:logAndReturn(206)) - 8aba082c-257b-43e3-ba61-5d436c5b38fa@group-45121E95117A-LeaderElection185: PRE_VOTE REJECTED received 0 response(s) and 2 exception(s):
2025-10-22 08:25:25,408 [8aba082c-257b-43e3-ba61-5d436c5b38fa@group-45121E95117A-LeaderElection185] INFO  impl.LeaderElection (LogUtils.java:infoOrTrace(142)) -   Exception 0: java.util.concurrent.ExecutionException: org.apache.ratis.thirdparty.io.grpc.StatusRuntimeException: UNAVAILABLE: io exception
2025-10-22 08:25:25,408 [8aba082c-257b-43e3-ba61-5d436c5b38fa@group-45121E95117A-LeaderElection185] INFO  impl.LeaderElection (LogUtils.java:infoOrTrace(142)) -   Exception 1: java.util.concurrent.ExecutionException: org.apache.ratis.thirdparty.io.grpc.StatusRuntimeException: UNAVAILABLE: io exception
2025-10-22 08:25:25,408 [8aba082c-257b-43e3-ba61-5d436c5b38fa@group-45121E95117A-LeaderElection185] INFO  impl.LeaderElection (LeaderElection.java:askForVotes(450)) - 8aba082c-257b-43e3-ba61-5d436c5b38fa@group-45121E95117A-LeaderElection185 PRE_VOTE round 0: result REJECTED
2025-10-22 08:25:25,408 [8aba082c-257b-43e3-ba61-5d436c5b38fa@group-45121E95117A-LeaderElection185] INFO  server.RaftServer$Division (RaftServerImpl.java:setRole(392)) - 8aba082c-257b-43e3-ba61-5d436c5b38fa@group-45121E95117A: changes role from CANDIDATE to FOLLOWER at term 1 for REJECTED
2025-10-22 08:25:25,408 [8aba082c-257b-43e3-ba61-5d436c5b38fa@group-45121E95117A-LeaderElection185] INFO  impl.RoleInfo (RoleInfo.java:shutdownLeaderElection(141)) - 8aba082c-257b-43e3-ba61-5d436c5b38fa: shutdown 8aba082c-257b-43e3-ba61-5d436c5b38fa@group-45121E95117A-LeaderElection185
2025-10-22 08:25:25,408 [8aba082c-257b-43e3-ba61-5d436c5b38fa@group-45121E95117A-LeaderElection185] INFO  impl.RoleInfo (RoleInfo.java:updateAndGet(148)) - 8aba082c-257b-43e3-ba61-5d436c5b38fa: start 8aba082c-257b-43e3-ba61-5d436c5b38fa@group-45121E95117A-FollowerState
2025-10-22 08:25:26,022 [8aba082c-257b-43e3-ba61-5d436c5b38fa@group-E8ADAFC04A7A-FollowerState] INFO  impl.FollowerState (FollowerState.java:runImpl(161)) - 8aba082c-257b-43e3-ba61-5d436c5b38fa@group-E8ADAFC04A7A-FollowerState: change to CANDIDATE, lastRpcElapsedTime:1144338582ns, electionTimeout:1144ms
2025-10-22 08:25:26,022 [8aba082c-257b-43e3-ba61-5d436c5b38fa@group-E8ADAFC04A7A-FollowerState] INFO  impl.RoleInfo (RoleInfo.java:shutdownFollowerState(121)) - 8aba082c-257b-43e3-ba61-5d436c5b38fa: shutdown 8aba082c-257b-43e3-ba61-5d436c5b38fa@group-E8ADAFC04A7A-FollowerState
2025-10-22 08:25:26,022 [8aba082c-257b-43e3-ba61-5d436c5b38fa@group-E8ADAFC04A7A-FollowerState] INFO  server.RaftServer$Division (RaftServerImpl.java:setRole(392)) - 8aba082c-257b-43e3-ba61-5d436c5b38fa@group-E8ADAFC04A7A: changes role from  FOLLOWER to CANDIDATE at term 2 for changeToCandidate
2025-10-22 08:25:26,022 [8aba082c-257b-43e3-ba61-5d436c5b38fa@group-E8ADAFC04A7A-FollowerState] INFO  impl.RoleInfo (RoleInfo.java:updateAndGet(148)) - 8aba082c-257b-43e3-ba61-5d436c5b38fa: start 8aba082c-257b-43e3-ba61-5d436c5b38fa@group-E8ADAFC04A7A-LeaderElection186
2025-10-22 08:25:26,023 [8aba082c-257b-43e3-ba61-5d436c5b38fa@group-E8ADAFC04A7A-LeaderElection186] INFO  impl.LeaderElection (LeaderElection.java:askForVotes(448)) - 8aba082c-257b-43e3-ba61-5d436c5b38fa@group-E8ADAFC04A7A-LeaderElection186 PRE_VOTE round 0: submit vote requests at term 2 for conf: {index: 7, cur=peers:[9d21e184-bccf-4583-95a7-0fe616dd3b4b|127.0.0.1:15079, 8aba082c-257b-43e3-ba61-5d436c5b38fa|127.0.0.1:15063, 0cab5a7d-6f40-474c-9abd-0651cf30726e|127.0.0.1:15071]|listeners:[], old=null}
2025-10-22 08:25:26,023 [8aba082c-257b-43e3-ba61-5d436c5b38fa@group-E8ADAFC04A7A-LeaderElection186] INFO  impl.LeaderElection (LogUtils.java:infoOrTrace(142)) - 8aba082c-257b-43e3-ba61-5d436c5b38fa@group-E8ADAFC04A7A-LeaderElection186 got exception when requesting votes: java.util.concurrent.ExecutionException: org.apache.ratis.thirdparty.io.grpc.StatusRuntimeException: UNAVAILABLE: io exception
2025-10-22 08:25:26,023 [8aba082c-257b-43e3-ba61-5d436c5b38fa@group-E8ADAFC04A7A-LeaderElection186] INFO  impl.LeaderElection (LogUtils.java:infoOrTrace(142)) - 8aba082c-257b-43e3-ba61-5d436c5b38fa@group-E8ADAFC04A7A-LeaderElection186 got exception when requesting votes: java.util.concurrent.ExecutionException: org.apache.ratis.thirdparty.io.grpc.StatusRuntimeException: UNAVAILABLE: io exception
2025-10-22 08:25:26,023 [8aba082c-257b-43e3-ba61-5d436c5b38fa@group-E8ADAFC04A7A-LeaderElection186] INFO  impl.LeaderElection (LeaderElection.java:logAndReturn(206)) - 8aba082c-257b-43e3-ba61-5d436c5b38fa@group-E8ADAFC04A7A-LeaderElection186: PRE_VOTE REJECTED received 0 response(s) and 2 exception(s):
2025-10-22 08:25:26,023 [8aba082c-257b-43e3-ba61-5d436c5b38fa@group-E8ADAFC04A7A-LeaderElection186] INFO  impl.LeaderElection (LogUtils.java:infoOrTrace(142)) -   Exception 0: java.util.concurrent.ExecutionException: org.apache.ratis.thirdparty.io.grpc.StatusRuntimeException: UNAVAILABLE: io exception
2025-10-22 08:25:26,023 [8aba082c-257b-43e3-ba61-5d436c5b38fa@group-E8ADAFC04A7A-LeaderElection186] INFO  impl.LeaderElection (LogUtils.java:infoOrTrace(142)) -   Exception 1: java.util.concurrent.ExecutionException: org.apache.ratis.thirdparty.io.grpc.StatusRuntimeException: UNAVAILABLE: io exception
2025-10-22 08:25:26,024 [8aba082c-257b-43e3-ba61-5d436c5b38fa@group-E8ADAFC04A7A-LeaderElection186] INFO  impl.LeaderElection (LeaderElection.java:askForVotes(450)) - 8aba082c-257b-43e3-ba61-5d436c5b38fa@group-E8ADAFC04A7A-LeaderElection186 PRE_VOTE round 0: result REJECTED
2025-10-22 08:25:26,024 [8aba082c-257b-43e3-ba61-5d436c5b38fa@group-E8ADAFC04A7A-LeaderElection186] INFO  server.RaftServer$Division (RaftServerImpl.java:setRole(392)) - 8aba082c-257b-43e3-ba61-5d436c5b38fa@group-E8ADAFC04A7A: changes role from CANDIDATE to FOLLOWER at term 2 for REJECTED
2025-10-22 08:25:26,024 [8aba082c-257b-43e3-ba61-5d436c5b38fa@group-E8ADAFC04A7A-LeaderElection186] INFO  impl.RoleInfo (RoleInfo.java:shutdownLeaderElection(141)) - 8aba082c-257b-43e3-ba61-5d436c5b38fa: shutdown 8aba082c-257b-43e3-ba61-5d436c5b38fa@group-E8ADAFC04A7A-LeaderElection186
2025-10-22 08:25:26,024 [8aba082c-257b-43e3-ba61-5d436c5b38fa@group-E8ADAFC04A7A-LeaderElection186] INFO  impl.RoleInfo (RoleInfo.java:updateAndGet(148)) - 8aba082c-257b-43e3-ba61-5d436c5b38fa: start 8aba082c-257b-43e3-ba61-5d436c5b38fa@group-E8ADAFC04A7A-FollowerState
2025-10-22 08:25:26,426 [8aba082c-257b-43e3-ba61-5d436c5b38fa@group-45121E95117A-FollowerState] INFO  impl.FollowerState (FollowerState.java:runImpl(161)) - 8aba082c-257b-43e3-ba61-5d436c5b38fa@group-45121E95117A-FollowerState: change to CANDIDATE, lastRpcElapsedTime:1017266604ns, electionTimeout:1017ms
2025-10-22 08:25:26,426 [8aba082c-257b-43e3-ba61-5d436c5b38fa@group-45121E95117A-FollowerState] INFO  impl.RoleInfo (RoleInfo.java:shutdownFollowerState(121)) - 8aba082c-257b-43e3-ba61-5d436c5b38fa: shutdown 8aba082c-257b-43e3-ba61-5d436c5b38fa@group-45121E95117A-FollowerState
2025-10-22 08:25:26,426 [8aba082c-257b-43e3-ba61-5d436c5b38fa@group-45121E95117A-FollowerState] INFO  server.RaftServer$Division (RaftServerImpl.java:setRole(392)) - 8aba082c-257b-43e3-ba61-5d436c5b38fa@group-45121E95117A: changes role from  FOLLOWER to CANDIDATE at term 1 for changeToCandidate
2025-10-22 08:25:26,426 [8aba082c-257b-43e3-ba61-5d436c5b38fa@group-45121E95117A-FollowerState] INFO  impl.RoleInfo (RoleInfo.java:updateAndGet(148)) - 8aba082c-257b-43e3-ba61-5d436c5b38fa: start 8aba082c-257b-43e3-ba61-5d436c5b38fa@group-45121E95117A-LeaderElection187
2025-10-22 08:25:26,426 [8aba082c-257b-43e3-ba61-5d436c5b38fa@group-45121E95117A-LeaderElection187] INFO  impl.LeaderElection (LeaderElection.java:askForVotes(448)) - 8aba082c-257b-43e3-ba61-5d436c5b38fa@group-45121E95117A-LeaderElection187 PRE_VOTE round 0: submit vote requests at term 1 for conf: {index: 0, cur=peers:[9d21e184-bccf-4583-95a7-0fe616dd3b4b|127.0.0.1:15079, 8aba082c-257b-43e3-ba61-5d436c5b38fa|127.0.0.1:15063, 0cab5a7d-6f40-474c-9abd-0651cf30726e|127.0.0.1:15071]|listeners:[], old=null}
2025-10-22 08:25:26,427 [8aba082c-257b-43e3-ba61-5d436c5b38fa@group-45121E95117A-LeaderElection187] INFO  impl.LeaderElection (LogUtils.java:infoOrTrace(142)) - 8aba082c-257b-43e3-ba61-5d436c5b38fa@group-45121E95117A-LeaderElection187 got exception when requesting votes: java.util.concurrent.ExecutionException: org.apache.ratis.thirdparty.io.grpc.StatusRuntimeException: UNAVAILABLE: io exception
2025-10-22 08:25:26,427 [8aba082c-257b-43e3-ba61-5d436c5b38fa@group-45121E95117A-LeaderElection187] INFO  impl.LeaderElection (LogUtils.java:infoOrTrace(142)) - 8aba082c-257b-43e3-ba61-5d436c5b38fa@group-45121E95117A-LeaderElection187 got exception when requesting votes: java.util.concurrent.ExecutionException: org.apache.ratis.thirdparty.io.grpc.StatusRuntimeException: UNAVAILABLE: io exception
2025-10-22 08:25:26,427 [8aba082c-257b-43e3-ba61-5d436c5b38fa@group-45121E95117A-LeaderElection187] INFO  impl.LeaderElection (LeaderElection.java:logAndReturn(206)) - 8aba082c-257b-43e3-ba61-5d436c5b38fa@group-45121E95117A-LeaderElection187: PRE_VOTE REJECTED received 0 response(s) and 2 exception(s):
2025-10-22 08:25:26,427 [8aba082c-257b-43e3-ba61-5d436c5b38fa@group-45121E95117A-LeaderElection187] INFO  impl.LeaderElection (LogUtils.java:infoOrTrace(142)) -   Exception 0: java.util.concurrent.ExecutionException: org.apache.ratis.thirdparty.io.grpc.StatusRuntimeException: UNAVAILABLE: io exception
2025-10-22 08:25:26,427 [8aba082c-257b-43e3-ba61-5d436c5b38fa@group-45121E95117A-LeaderElection187] INFO  impl.LeaderElection (LogUtils.java:infoOrTrace(142)) -   Exception 1: java.util.concurrent.ExecutionException: org.apache.ratis.thirdparty.io.grpc.StatusRuntimeException: UNAVAILABLE: io exception
2025-10-22 08:25:26,427 [8aba082c-257b-43e3-ba61-5d436c5b38fa@group-45121E95117A-LeaderElection187] INFO  impl.LeaderElection (LeaderElection.java:askForVotes(450)) - 8aba082c-257b-43e3-ba61-5d436c5b38fa@group-45121E95117A-LeaderElection187 PRE_VOTE round 0: result REJECTED
2025-10-22 08:25:26,427 [8aba082c-257b-43e3-ba61-5d436c5b38fa@group-45121E95117A-LeaderElection187] INFO  server.RaftServer$Division (RaftServerImpl.java:setRole(392)) - 8aba082c-257b-43e3-ba61-5d436c5b38fa@group-45121E95117A: changes role from CANDIDATE to FOLLOWER at term 1 for REJECTED
2025-10-22 08:25:26,427 [8aba082c-257b-43e3-ba61-5d436c5b38fa@group-45121E95117A-LeaderElection187] INFO  impl.RoleInfo (RoleInfo.java:shutdownLeaderElection(141)) - 8aba082c-257b-43e3-ba61-5d436c5b38fa: shutdown 8aba082c-257b-43e3-ba61-5d436c5b38fa@group-45121E95117A-LeaderElection187
2025-10-22 08:25:26,427 [8aba082c-257b-43e3-ba61-5d436c5b38fa@group-45121E95117A-LeaderElection187] INFO  impl.RoleInfo (RoleInfo.java:updateAndGet(148)) - 8aba082c-257b-43e3-ba61-5d436c5b38fa: start 8aba082c-257b-43e3-ba61-5d436c5b38fa@group-45121E95117A-FollowerState
2025-10-22 08:25:27,024 [8aba082c-257b-43e3-ba61-5d436c5b38fa@group-E8ADAFC04A7A-FollowerState] INFO  impl.FollowerState (FollowerState.java:runImpl(161)) - 8aba082c-257b-43e3-ba61-5d436c5b38fa@group-E8ADAFC04A7A-FollowerState: change to CANDIDATE, lastRpcElapsedTime:1000343110ns, electionTimeout:1000ms
2025-10-22 08:25:27,024 [8aba082c-257b-43e3-ba61-5d436c5b38fa@group-E8ADAFC04A7A-FollowerState] INFO  impl.RoleInfo (RoleInfo.java:shutdownFollowerState(121)) - 8aba082c-257b-43e3-ba61-5d436c5b38fa: shutdown 8aba082c-257b-43e3-ba61-5d436c5b38fa@group-E8ADAFC04A7A-FollowerState
2025-10-22 08:25:27,024 [8aba082c-257b-43e3-ba61-5d436c5b38fa@group-E8ADAFC04A7A-FollowerState] INFO  server.RaftServer$Division (RaftServerImpl.java:setRole(392)) - 8aba082c-257b-43e3-ba61-5d436c5b38fa@group-E8ADAFC04A7A: changes role from  FOLLOWER to CANDIDATE at term 2 for changeToCandidate
2025-10-22 08:25:27,024 [8aba082c-257b-43e3-ba61-5d436c5b38fa@group-E8ADAFC04A7A-FollowerState] INFO  impl.RoleInfo (RoleInfo.java:updateAndGet(148)) - 8aba082c-257b-43e3-ba61-5d436c5b38fa: start 8aba082c-257b-43e3-ba61-5d436c5b38fa@group-E8ADAFC04A7A-LeaderElection188
2025-10-22 08:25:27,025 [8aba082c-257b-43e3-ba61-5d436c5b38fa@group-E8ADAFC04A7A-LeaderElection188] INFO  impl.LeaderElection (LeaderElection.java:askForVotes(448)) - 8aba082c-257b-43e3-ba61-5d436c5b38fa@group-E8ADAFC04A7A-LeaderElection188 PRE_VOTE round 0: submit vote requests at term 2 for conf: {index: 7, cur=peers:[9d21e184-bccf-4583-95a7-0fe616dd3b4b|127.0.0.1:15079, 8aba082c-257b-43e3-ba61-5d436c5b38fa|127.0.0.1:15063, 0cab5a7d-6f40-474c-9abd-0651cf30726e|127.0.0.1:15071]|listeners:[], old=null}
2025-10-22 08:25:27,025 [8aba082c-257b-43e3-ba61-5d436c5b38fa@group-E8ADAFC04A7A-LeaderElection188] INFO  impl.LeaderElection (LogUtils.java:infoOrTrace(142)) - 8aba082c-257b-43e3-ba61-5d436c5b38fa@group-E8ADAFC04A7A-LeaderElection188 got exception when requesting votes: java.util.concurrent.ExecutionException: org.apache.ratis.thirdparty.io.grpc.StatusRuntimeException: UNAVAILABLE: io exception
2025-10-22 08:25:27,025 [8aba082c-257b-43e3-ba61-5d436c5b38fa@group-E8ADAFC04A7A-LeaderElection188] INFO  impl.LeaderElection (LogUtils.java:infoOrTrace(142)) - 8aba082c-257b-43e3-ba61-5d436c5b38fa@group-E8ADAFC04A7A-LeaderElection188 got exception when requesting votes: java.util.concurrent.ExecutionException: org.apache.ratis.thirdparty.io.grpc.StatusRuntimeException: UNAVAILABLE: io exception
2025-10-22 08:25:27,025 [8aba082c-257b-43e3-ba61-5d436c5b38fa@group-E8ADAFC04A7A-LeaderElection188] INFO  impl.LeaderElection (LeaderElection.java:logAndReturn(206)) - 8aba082c-257b-43e3-ba61-5d436c5b38fa@group-E8ADAFC04A7A-LeaderElection188: PRE_VOTE REJECTED received 0 response(s) and 2 exception(s):
2025-10-22 08:25:27,025 [8aba082c-257b-43e3-ba61-5d436c5b38fa@group-E8ADAFC04A7A-LeaderElection188] INFO  impl.LeaderElection (LogUtils.java:infoOrTrace(142)) -   Exception 0: java.util.concurrent.ExecutionException: org.apache.ratis.thirdparty.io.grpc.StatusRuntimeException: UNAVAILABLE: io exception
2025-10-22 08:25:27,025 [8aba082c-257b-43e3-ba61-5d436c5b38fa@group-E8ADAFC04A7A-LeaderElection188] INFO  impl.LeaderElection (LogUtils.java:infoOrTrace(142)) -   Exception 1: java.util.concurrent.ExecutionException: org.apache.ratis.thirdparty.io.grpc.StatusRuntimeException: UNAVAILABLE: io exception
2025-10-22 08:25:27,025 [8aba082c-257b-43e3-ba61-5d436c5b38fa@group-E8ADAFC04A7A-LeaderElection188] INFO  impl.LeaderElection (LeaderElection.java:askForVotes(450)) - 8aba082c-257b-43e3-ba61-5d436c5b38fa@group-E8ADAFC04A7A-LeaderElection188 PRE_VOTE round 0: result REJECTED
2025-10-22 08:25:27,026 [8aba082c-257b-43e3-ba61-5d436c5b38fa@group-E8ADAFC04A7A-LeaderElection188] INFO  server.RaftServer$Division (RaftServerImpl.java:setRole(392)) - 8aba082c-257b-43e3-ba61-5d436c5b38fa@group-E8ADAFC04A7A: changes role from CANDIDATE to FOLLOWER at term 2 for REJECTED
2025-10-22 08:25:27,026 [8aba082c-257b-43e3-ba61-5d436c5b38fa@group-E8ADAFC04A7A-LeaderElection188] INFO  impl.RoleInfo (RoleInfo.java:shutdownLeaderElection(141)) - 8aba082c-257b-43e3-ba61-5d436c5b38fa: shutdown 8aba082c-257b-43e3-ba61-5d436c5b38fa@group-E8ADAFC04A7A-LeaderElection188
2025-10-22 08:25:27,026 [8aba082c-257b-43e3-ba61-5d436c5b38fa@group-E8ADAFC04A7A-LeaderElection188] INFO  impl.RoleInfo (RoleInfo.java:updateAndGet(148)) - 8aba082c-257b-43e3-ba61-5d436c5b38fa: start 8aba082c-257b-43e3-ba61-5d436c5b38fa@group-E8ADAFC04A7A-FollowerState
2025-10-22 08:25:27,540 [grpc-default-executor-8] ERROR impl.OrderedAsync (OrderedAsync.java:lambda$null$6(215)) -  client-2101DF798DA8: Failed* RaftClientRequest:client-2101DF798DA8->9d21e184-bccf-4583-95a7-0fe616dd3b4b@group-45121E95117A, cid=54, seq=6*, RW, cmdType: WriteChunk traceID: "" containerID: 6 datanodeUuid: "0cab5a7d-6f40-474c-9abd-0651cf30726e" writeChunk { blockID { containerID: 6 localID: 115816896921600007 blockCommitSequenceId: 4 replicaIndex: 0 } chunkData { chunkName: "115816896921600007_chunk_3" offset: 2097152 len: 524288 } } version: 3, data.size=524288
java.util.concurrent.CompletionException: java.io.IOException: org.apache.ratis.thirdparty.io.grpc.StatusRuntimeException: UNAVAILABLE: io exception
	at java.base/java.util.concurrent.CompletableFuture.encodeThrowable(CompletableFuture.java:332)
	at java.base/java.util.concurrent.CompletableFuture.completeThrowable(CompletableFuture.java:347)
	at java.base/java.util.concurrent.CompletableFuture$UniAccept.tryFire(CompletableFuture.java:708)
	at java.base/java.util.concurrent.CompletableFuture.postComplete(CompletableFuture.java:510)
	at java.base/java.util.concurrent.CompletableFuture.completeExceptionally(CompletableFuture.java:2194)
	at org.apache.ratis.grpc.client.GrpcClientProtocolClient$AsyncStreamObservers.completeReplyExceptionally(GrpcClientProtocolClient.java:397)
	at org.apache.ratis.grpc.client.GrpcClientProtocolClient$AsyncStreamObservers.access$000(GrpcClientProtocolClient.java:303)
	at org.apache.ratis.grpc.client.GrpcClientProtocolClient$AsyncStreamObservers$1.onError(GrpcClientProtocolClient.java:334)
	at org.apache.ratis.thirdparty.io.grpc.stub.ClientCalls$StreamObserverToCallListenerAdapter.onClose(ClientCalls.java:564)
	at org.apache.ratis.thirdparty.io.grpc.PartialForwardingClientCallListener.onClose(PartialForwardingClientCallListener.java:39)
	at org.apache.ratis.thirdparty.io.grpc.ForwardingClientCallListener.onClose(ForwardingClientCallListener.java:23)
	at org.apache.ratis.grpc.metrics.intercept.client.MetricClientCallListener.onClose(MetricClientCallListener.java:47)
	at org.apache.ratis.thirdparty.io.grpc.internal.ClientCallImpl.closeObserver(ClientCallImpl.java:565)
	at org.apache.ratis.thirdparty.io.grpc.internal.ClientCallImpl.access$100(ClientCallImpl.java:72)
	at org.apache.ratis.thirdparty.io.grpc.internal.ClientCallImpl$ClientStreamListenerImpl$1StreamClosed.runInternal(ClientCallImpl.java:733)
	at org.apache.ratis.thirdparty.io.grpc.internal.ClientCallImpl$ClientStreamListenerImpl$1StreamClosed.runInContext(ClientCallImpl.java:714)
	at org.apache.ratis.thirdparty.io.grpc.internal.ContextRunnable.run(ContextRunnable.java:37)
	at org.apache.ratis.thirdparty.io.grpc.internal.SerializingExecutor.run(SerializingExecutor.java:133)
	at java.base/java.util.concurrent.ThreadPoolExecutor.runWorker(ThreadPoolExecutor.java:1144)
	at java.base/java.util.concurrent.ThreadPoolExecutor$Worker.run(ThreadPoolExecutor.java:642)
	at java.base/java.lang.Thread.run(Thread.java:1583)
Caused by: java.io.IOException: org.apache.ratis.thirdparty.io.grpc.StatusRuntimeException: UNAVAILABLE: io exception
	at org.apache.ratis.grpc.GrpcUtil.unwrapException(GrpcUtil.java:99)
	at org.apache.ratis.grpc.GrpcUtil.unwrapIOException(GrpcUtil.java:159)
	at org.apache.ratis.grpc.client.GrpcClientProtocolClient$AsyncStreamObservers$1.onError(GrpcClientProtocolClient.java:333)
	... 13 more
Caused by: org.apache.ratis.thirdparty.io.grpc.StatusRuntimeException: UNAVAILABLE: io exception
	at org.apache.ratis.thirdparty.io.grpc.Status.asRuntimeException(Status.java:532)
	... 13 more
Caused by: org.apache.ratis.thirdparty.io.netty.channel.AbstractChannel$AnnotatedConnectException: finishConnect(..) failed: Connection refused: /127.0.0.1:15077
Caused by: java.net.ConnectException: finishConnect(..) failed: Connection refused
	at org.apache.ratis.thirdparty.io.netty.channel.unix.Errors.newConnectException0(Errors.java:166)
	at org.apache.ratis.thirdparty.io.netty.channel.unix.Errors.handleConnectErrno(Errors.java:131)
	at org.apache.ratis.thirdparty.io.netty.channel.unix.Socket.finishConnect(Socket.java:359)
	at org.apache.ratis.thirdparty.io.netty.channel.epoll.AbstractEpollChannel$AbstractEpollUnsafe.doFinishConnect(AbstractEpollChannel.java:715)
	at org.apache.ratis.thirdparty.io.netty.channel.epoll.AbstractEpollChannel$AbstractEpollUnsafe.finishConnect(AbstractEpollChannel.java:692)
	at org.apache.ratis.thirdparty.io.netty.channel.epoll.AbstractEpollChannel$AbstractEpollUnsafe.epollOutReady(AbstractEpollChannel.java:567)
	at org.apache.ratis.thirdparty.io.netty.channel.epoll.EpollEventLoop.processReady(EpollEventLoop.java:491)
	at org.apache.ratis.thirdparty.io.netty.channel.epoll.EpollEventLoop.run(EpollEventLoop.java:399)
	at org.apache.ratis.thirdparty.io.netty.util.concurrent.SingleThreadEventExecutor$4.run(SingleThreadEventExecutor.java:998)
	at org.apache.ratis.thirdparty.io.netty.util.internal.ThreadExecutorMap$2.run(ThreadExecutorMap.java:74)
	at org.apache.ratis.thirdparty.io.netty.util.concurrent.FastThreadLocalRunnable.run(FastThreadLocalRunnable.java:30)
	at java.base/java.lang.Thread.run(Thread.java:1583)
2025-10-22 08:25:27,608 [8aba082c-257b-43e3-ba61-5d436c5b38fa@group-45121E95117A-FollowerState] INFO  impl.FollowerState (FollowerState.java:runImpl(161)) - 8aba082c-257b-43e3-ba61-5d436c5b38fa@group-45121E95117A-FollowerState: change to CANDIDATE, lastRpcElapsedTime:1180287464ns, electionTimeout:1180ms
2025-10-22 08:25:27,608 [8aba082c-257b-43e3-ba61-5d436c5b38fa@group-45121E95117A-FollowerState] INFO  impl.RoleInfo (RoleInfo.java:shutdownFollowerState(121)) - 8aba082c-257b-43e3-ba61-5d436c5b38fa: shutdown 8aba082c-257b-43e3-ba61-5d436c5b38fa@group-45121E95117A-FollowerState
2025-10-22 08:25:27,608 [8aba082c-257b-43e3-ba61-5d436c5b38fa@group-45121E95117A-FollowerState] INFO  server.RaftServer$Division (RaftServerImpl.java:setRole(392)) - 8aba082c-257b-43e3-ba61-5d436c5b38fa@group-45121E95117A: changes role from  FOLLOWER to CANDIDATE at term 1 for changeToCandidate
2025-10-22 08:25:27,608 [8aba082c-257b-43e3-ba61-5d436c5b38fa@group-45121E95117A-FollowerState] INFO  impl.RoleInfo (RoleInfo.java:updateAndGet(148)) - 8aba082c-257b-43e3-ba61-5d436c5b38fa: start 8aba082c-257b-43e3-ba61-5d436c5b38fa@group-45121E95117A-LeaderElection189
2025-10-22 08:25:27,608 [8aba082c-257b-43e3-ba61-5d436c5b38fa@group-45121E95117A-LeaderElection189] INFO  impl.LeaderElection (LeaderElection.java:askForVotes(448)) - 8aba082c-257b-43e3-ba61-5d436c5b38fa@group-45121E95117A-LeaderElection189 PRE_VOTE round 0: submit vote requests at term 1 for conf: {index: 0, cur=peers:[9d21e184-bccf-4583-95a7-0fe616dd3b4b|127.0.0.1:15079, 8aba082c-257b-43e3-ba61-5d436c5b38fa|127.0.0.1:15063, 0cab5a7d-6f40-474c-9abd-0651cf30726e|127.0.0.1:15071]|listeners:[], old=null}
2025-10-22 08:25:27,609 [8aba082c-257b-43e3-ba61-5d436c5b38fa@group-45121E95117A-LeaderElection189] INFO  impl.LeaderElection (LogUtils.java:infoOrTrace(142)) - 8aba082c-257b-43e3-ba61-5d436c5b38fa@group-45121E95117A-LeaderElection189 got exception when requesting votes: java.util.concurrent.ExecutionException: org.apache.ratis.thirdparty.io.grpc.StatusRuntimeException: UNAVAILABLE: io exception
2025-10-22 08:25:27,609 [8aba082c-257b-43e3-ba61-5d436c5b38fa@group-45121E95117A-LeaderElection189] INFO  impl.LeaderElection (LogUtils.java:infoOrTrace(142)) - 8aba082c-257b-43e3-ba61-5d436c5b38fa@group-45121E95117A-LeaderElection189 got exception when requesting votes: java.util.concurrent.ExecutionException: org.apache.ratis.thirdparty.io.grpc.StatusRuntimeException: UNAVAILABLE: io exception
2025-10-22 08:25:27,609 [8aba082c-257b-43e3-ba61-5d436c5b38fa@group-45121E95117A-LeaderElection189] INFO  impl.LeaderElection (LeaderElection.java:logAndReturn(206)) - 8aba082c-257b-43e3-ba61-5d436c5b38fa@group-45121E95117A-LeaderElection189: PRE_VOTE REJECTED received 0 response(s) and 2 exception(s):
2025-10-22 08:25:27,609 [8aba082c-257b-43e3-ba61-5d436c5b38fa@group-45121E95117A-LeaderElection189] INFO  impl.LeaderElection (LogUtils.java:infoOrTrace(142)) -   Exception 0: java.util.concurrent.ExecutionException: org.apache.ratis.thirdparty.io.grpc.StatusRuntimeException: UNAVAILABLE: io exception
2025-10-22 08:25:27,609 [8aba082c-257b-43e3-ba61-5d436c5b38fa@group-45121E95117A-LeaderElection189] INFO  impl.LeaderElection (LogUtils.java:infoOrTrace(142)) -   Exception 1: java.util.concurrent.ExecutionException: org.apache.ratis.thirdparty.io.grpc.StatusRuntimeException: UNAVAILABLE: io exception
2025-10-22 08:25:27,609 [8aba082c-257b-43e3-ba61-5d436c5b38fa@group-45121E95117A-LeaderElection189] INFO  impl.LeaderElection (LeaderElection.java:askForVotes(450)) - 8aba082c-257b-43e3-ba61-5d436c5b38fa@group-45121E95117A-LeaderElection189 PRE_VOTE round 0: result REJECTED
2025-10-22 08:25:27,609 [8aba082c-257b-43e3-ba61-5d436c5b38fa@group-45121E95117A-LeaderElection189] INFO  server.RaftServer$Division (RaftServerImpl.java:setRole(392)) - 8aba082c-257b-43e3-ba61-5d436c5b38fa@group-45121E95117A: changes role from CANDIDATE to FOLLOWER at term 1 for REJECTED
2025-10-22 08:25:27,609 [8aba082c-257b-43e3-ba61-5d436c5b38fa@group-45121E95117A-LeaderElection189] INFO  impl.RoleInfo (RoleInfo.java:shutdownLeaderElection(141)) - 8aba082c-257b-43e3-ba61-5d436c5b38fa: shutdown 8aba082c-257b-43e3-ba61-5d436c5b38fa@group-45121E95117A-LeaderElection189
2025-10-22 08:25:27,609 [8aba082c-257b-43e3-ba61-5d436c5b38fa@group-45121E95117A-LeaderElection189] INFO  impl.RoleInfo (RoleInfo.java:updateAndGet(148)) - 8aba082c-257b-43e3-ba61-5d436c5b38fa: start 8aba082c-257b-43e3-ba61-5d436c5b38fa@group-45121E95117A-FollowerState
2025-10-22 08:25:28,072 [8aba082c-257b-43e3-ba61-5d436c5b38fa@group-E8ADAFC04A7A-FollowerState] INFO  impl.FollowerState (FollowerState.java:runImpl(161)) - 8aba082c-257b-43e3-ba61-5d436c5b38fa@group-E8ADAFC04A7A-FollowerState: change to CANDIDATE, lastRpcElapsedTime:1046290420ns, electionTimeout:1046ms
2025-10-22 08:25:28,072 [8aba082c-257b-43e3-ba61-5d436c5b38fa@group-E8ADAFC04A7A-FollowerState] INFO  impl.RoleInfo (RoleInfo.java:shutdownFollowerState(121)) - 8aba082c-257b-43e3-ba61-5d436c5b38fa: shutdown 8aba082c-257b-43e3-ba61-5d436c5b38fa@group-E8ADAFC04A7A-FollowerState
2025-10-22 08:25:28,072 [8aba082c-257b-43e3-ba61-5d436c5b38fa@group-E8ADAFC04A7A-FollowerState] INFO  server.RaftServer$Division (RaftServerImpl.java:setRole(392)) - 8aba082c-257b-43e3-ba61-5d436c5b38fa@group-E8ADAFC04A7A: changes role from  FOLLOWER to CANDIDATE at term 2 for changeToCandidate
2025-10-22 08:25:28,072 [8aba082c-257b-43e3-ba61-5d436c5b38fa@group-E8ADAFC04A7A-FollowerState] INFO  impl.RoleInfo (RoleInfo.java:updateAndGet(148)) - 8aba082c-257b-43e3-ba61-5d436c5b38fa: start 8aba082c-257b-43e3-ba61-5d436c5b38fa@group-E8ADAFC04A7A-LeaderElection190
2025-10-22 08:25:28,073 [8aba082c-257b-43e3-ba61-5d436c5b38fa@group-E8ADAFC04A7A-LeaderElection190] INFO  impl.LeaderElection (LeaderElection.java:askForVotes(448)) - 8aba082c-257b-43e3-ba61-5d436c5b38fa@group-E8ADAFC04A7A-LeaderElection190 PRE_VOTE round 0: submit vote requests at term 2 for conf: {index: 7, cur=peers:[9d21e184-bccf-4583-95a7-0fe616dd3b4b|127.0.0.1:15079, 8aba082c-257b-43e3-ba61-5d436c5b38fa|127.0.0.1:15063, 0cab5a7d-6f40-474c-9abd-0651cf30726e|127.0.0.1:15071]|listeners:[], old=null}
2025-10-22 08:25:28,073 [8aba082c-257b-43e3-ba61-5d436c5b38fa@group-E8ADAFC04A7A-LeaderElection190] INFO  impl.LeaderElection (LogUtils.java:infoOrTrace(142)) - 8aba082c-257b-43e3-ba61-5d436c5b38fa@group-E8ADAFC04A7A-LeaderElection190 got exception when requesting votes: java.util.concurrent.ExecutionException: org.apache.ratis.thirdparty.io.grpc.StatusRuntimeException: UNAVAILABLE: io exception
2025-10-22 08:25:28,073 [8aba082c-257b-43e3-ba61-5d436c5b38fa@group-E8ADAFC04A7A-LeaderElection190] INFO  impl.LeaderElection (LogUtils.java:infoOrTrace(142)) - 8aba082c-257b-43e3-ba61-5d436c5b38fa@group-E8ADAFC04A7A-LeaderElection190 got exception when requesting votes: java.util.concurrent.ExecutionException: org.apache.ratis.thirdparty.io.grpc.StatusRuntimeException: UNAVAILABLE: io exception
2025-10-22 08:25:28,073 [8aba082c-257b-43e3-ba61-5d436c5b38fa@group-E8ADAFC04A7A-LeaderElection190] INFO  impl.LeaderElection (LeaderElection.java:logAndReturn(206)) - 8aba082c-257b-43e3-ba61-5d436c5b38fa@group-E8ADAFC04A7A-LeaderElection190: PRE_VOTE REJECTED received 0 response(s) and 2 exception(s):
2025-10-22 08:25:28,073 [8aba082c-257b-43e3-ba61-5d436c5b38fa@group-E8ADAFC04A7A-LeaderElection190] INFO  impl.LeaderElection (LogUtils.java:infoOrTrace(142)) -   Exception 0: java.util.concurrent.ExecutionException: org.apache.ratis.thirdparty.io.grpc.StatusRuntimeException: UNAVAILABLE: io exception
2025-10-22 08:25:28,073 [8aba082c-257b-43e3-ba61-5d436c5b38fa@group-E8ADAFC04A7A-LeaderElection190] INFO  impl.LeaderElection (LogUtils.java:infoOrTrace(142)) -   Exception 1: java.util.concurrent.ExecutionException: org.apache.ratis.thirdparty.io.grpc.StatusRuntimeException: UNAVAILABLE: io exception
2025-10-22 08:25:28,073 [8aba082c-257b-43e3-ba61-5d436c5b38fa@group-E8ADAFC04A7A-LeaderElection190] INFO  impl.LeaderElection (LeaderElection.java:askForVotes(450)) - 8aba082c-257b-43e3-ba61-5d436c5b38fa@group-E8ADAFC04A7A-LeaderElection190 PRE_VOTE round 0: result REJECTED
2025-10-22 08:25:28,073 [8aba082c-257b-43e3-ba61-5d436c5b38fa@group-E8ADAFC04A7A-LeaderElection190] INFO  server.RaftServer$Division (RaftServerImpl.java:setRole(392)) - 8aba082c-257b-43e3-ba61-5d436c5b38fa@group-E8ADAFC04A7A: changes role from CANDIDATE to FOLLOWER at term 2 for REJECTED
2025-10-22 08:25:28,073 [8aba082c-257b-43e3-ba61-5d436c5b38fa@group-E8ADAFC04A7A-LeaderElection190] INFO  impl.RoleInfo (RoleInfo.java:shutdownLeaderElection(141)) - 8aba082c-257b-43e3-ba61-5d436c5b38fa: shutdown 8aba082c-257b-43e3-ba61-5d436c5b38fa@group-E8ADAFC04A7A-LeaderElection190
2025-10-22 08:25:28,073 [8aba082c-257b-43e3-ba61-5d436c5b38fa@group-E8ADAFC04A7A-LeaderElection190] INFO  impl.RoleInfo (RoleInfo.java:updateAndGet(148)) - 8aba082c-257b-43e3-ba61-5d436c5b38fa: start 8aba082c-257b-43e3-ba61-5d436c5b38fa@group-E8ADAFC04A7A-FollowerState
2025-10-22 08:25:28,627 [8aba082c-257b-43e3-ba61-5d436c5b38fa@group-45121E95117A-FollowerState] INFO  impl.FollowerState (FollowerState.java:runImpl(161)) - 8aba082c-257b-43e3-ba61-5d436c5b38fa@group-45121E95117A-FollowerState: change to CANDIDATE, lastRpcElapsedTime:1017360769ns, electionTimeout:1017ms
2025-10-22 08:25:28,627 [8aba082c-257b-43e3-ba61-5d436c5b38fa@group-45121E95117A-FollowerState] INFO  impl.RoleInfo (RoleInfo.java:shutdownFollowerState(121)) - 8aba082c-257b-43e3-ba61-5d436c5b38fa: shutdown 8aba082c-257b-43e3-ba61-5d436c5b38fa@group-45121E95117A-FollowerState
2025-10-22 08:25:28,627 [8aba082c-257b-43e3-ba61-5d436c5b38fa@group-45121E95117A-FollowerState] INFO  server.RaftServer$Division (RaftServerImpl.java:setRole(392)) - 8aba082c-257b-43e3-ba61-5d436c5b38fa@group-45121E95117A: changes role from  FOLLOWER to CANDIDATE at term 1 for changeToCandidate
2025-10-22 08:25:28,627 [8aba082c-257b-43e3-ba61-5d436c5b38fa@group-45121E95117A-FollowerState] INFO  impl.RoleInfo (RoleInfo.java:updateAndGet(148)) - 8aba082c-257b-43e3-ba61-5d436c5b38fa: start 8aba082c-257b-43e3-ba61-5d436c5b38fa@group-45121E95117A-LeaderElection191
2025-10-22 08:25:28,627 [8aba082c-257b-43e3-ba61-5d436c5b38fa@group-45121E95117A-LeaderElection191] INFO  impl.LeaderElection (LeaderElection.java:askForVotes(448)) - 8aba082c-257b-43e3-ba61-5d436c5b38fa@group-45121E95117A-LeaderElection191 PRE_VOTE round 0: submit vote requests at term 1 for conf: {index: 0, cur=peers:[9d21e184-bccf-4583-95a7-0fe616dd3b4b|127.0.0.1:15079, 8aba082c-257b-43e3-ba61-5d436c5b38fa|127.0.0.1:15063, 0cab5a7d-6f40-474c-9abd-0651cf30726e|127.0.0.1:15071]|listeners:[], old=null}
2025-10-22 08:25:28,628 [8aba082c-257b-43e3-ba61-5d436c5b38fa@group-45121E95117A-LeaderElection191] INFO  impl.LeaderElection (LogUtils.java:infoOrTrace(142)) - 8aba082c-257b-43e3-ba61-5d436c5b38fa@group-45121E95117A-LeaderElection191 got exception when requesting votes: java.util.concurrent.ExecutionException: org.apache.ratis.thirdparty.io.grpc.StatusRuntimeException: UNAVAILABLE: io exception
2025-10-22 08:25:28,628 [8aba082c-257b-43e3-ba61-5d436c5b38fa@group-45121E95117A-LeaderElection191] INFO  impl.LeaderElection (LogUtils.java:infoOrTrace(142)) - 8aba082c-257b-43e3-ba61-5d436c5b38fa@group-45121E95117A-LeaderElection191 got exception when requesting votes: java.util.concurrent.ExecutionException: org.apache.ratis.thirdparty.io.grpc.StatusRuntimeException: UNAVAILABLE: io exception
2025-10-22 08:25:28,628 [8aba082c-257b-43e3-ba61-5d436c5b38fa@group-45121E95117A-LeaderElection191] INFO  impl.LeaderElection (LeaderElection.java:logAndReturn(206)) - 8aba082c-257b-43e3-ba61-5d436c5b38fa@group-45121E95117A-LeaderElection191: PRE_VOTE REJECTED received 0 response(s) and 2 exception(s):
2025-10-22 08:25:28,628 [8aba082c-257b-43e3-ba61-5d436c5b38fa@group-45121E95117A-LeaderElection191] INFO  impl.LeaderElection (LogUtils.java:infoOrTrace(142)) -   Exception 0: java.util.concurrent.ExecutionException: org.apache.ratis.thirdparty.io.grpc.StatusRuntimeException: UNAVAILABLE: io exception
2025-10-22 08:25:28,628 [8aba082c-257b-43e3-ba61-5d436c5b38fa@group-45121E95117A-LeaderElection191] INFO  impl.LeaderElection (LogUtils.java:infoOrTrace(142)) -   Exception 1: java.util.concurrent.ExecutionException: org.apache.ratis.thirdparty.io.grpc.StatusRuntimeException: UNAVAILABLE: io exception
2025-10-22 08:25:28,628 [8aba082c-257b-43e3-ba61-5d436c5b38fa@group-45121E95117A-LeaderElection191] INFO  impl.LeaderElection (LeaderElection.java:askForVotes(450)) - 8aba082c-257b-43e3-ba61-5d436c5b38fa@group-45121E95117A-LeaderElection191 PRE_VOTE round 0: result REJECTED
2025-10-22 08:25:28,628 [8aba082c-257b-43e3-ba61-5d436c5b38fa@group-45121E95117A-LeaderElection191] INFO  server.RaftServer$Division (RaftServerImpl.java:setRole(392)) - 8aba082c-257b-43e3-ba61-5d436c5b38fa@group-45121E95117A: changes role from CANDIDATE to FOLLOWER at term 1 for REJECTED
2025-10-22 08:25:28,628 [8aba082c-257b-43e3-ba61-5d436c5b38fa@group-45121E95117A-LeaderElection191] INFO  impl.RoleInfo (RoleInfo.java:shutdownLeaderElection(141)) - 8aba082c-257b-43e3-ba61-5d436c5b38fa: shutdown 8aba082c-257b-43e3-ba61-5d436c5b38fa@group-45121E95117A-LeaderElection191
2025-10-22 08:25:28,628 [8aba082c-257b-43e3-ba61-5d436c5b38fa@group-45121E95117A-LeaderElection191] INFO  impl.RoleInfo (RoleInfo.java:updateAndGet(148)) - 8aba082c-257b-43e3-ba61-5d436c5b38fa: start 8aba082c-257b-43e3-ba61-5d436c5b38fa@group-45121E95117A-FollowerState
2025-10-22 08:25:29,164 [8aba082c-257b-43e3-ba61-5d436c5b38fa@group-E8ADAFC04A7A-FollowerState] INFO  impl.FollowerState (FollowerState.java:runImpl(161)) - 8aba082c-257b-43e3-ba61-5d436c5b38fa@group-E8ADAFC04A7A-FollowerState: change to CANDIDATE, lastRpcElapsedTime:1090268742ns, electionTimeout:1090ms
2025-10-22 08:25:29,164 [8aba082c-257b-43e3-ba61-5d436c5b38fa@group-E8ADAFC04A7A-FollowerState] INFO  impl.RoleInfo (RoleInfo.java:shutdownFollowerState(121)) - 8aba082c-257b-43e3-ba61-5d436c5b38fa: shutdown 8aba082c-257b-43e3-ba61-5d436c5b38fa@group-E8ADAFC04A7A-FollowerState
2025-10-22 08:25:29,164 [8aba082c-257b-43e3-ba61-5d436c5b38fa@group-E8ADAFC04A7A-FollowerState] INFO  server.RaftServer$Division (RaftServerImpl.java:setRole(392)) - 8aba082c-257b-43e3-ba61-5d436c5b38fa@group-E8ADAFC04A7A: changes role from  FOLLOWER to CANDIDATE at term 2 for changeToCandidate
2025-10-22 08:25:29,164 [8aba082c-257b-43e3-ba61-5d436c5b38fa@group-E8ADAFC04A7A-FollowerState] INFO  impl.RoleInfo (RoleInfo.java:updateAndGet(148)) - 8aba082c-257b-43e3-ba61-5d436c5b38fa: start 8aba082c-257b-43e3-ba61-5d436c5b38fa@group-E8ADAFC04A7A-LeaderElection192
2025-10-22 08:25:29,164 [8aba082c-257b-43e3-ba61-5d436c5b38fa@group-E8ADAFC04A7A-LeaderElection192] INFO  impl.LeaderElection (LeaderElection.java:askForVotes(448)) - 8aba082c-257b-43e3-ba61-5d436c5b38fa@group-E8ADAFC04A7A-LeaderElection192 PRE_VOTE round 0: submit vote requests at term 2 for conf: {index: 7, cur=peers:[9d21e184-bccf-4583-95a7-0fe616dd3b4b|127.0.0.1:15079, 8aba082c-257b-43e3-ba61-5d436c5b38fa|127.0.0.1:15063, 0cab5a7d-6f40-474c-9abd-0651cf30726e|127.0.0.1:15071]|listeners:[], old=null}
2025-10-22 08:25:29,165 [8aba082c-257b-43e3-ba61-5d436c5b38fa@group-E8ADAFC04A7A-LeaderElection192] INFO  impl.LeaderElection (LogUtils.java:infoOrTrace(142)) - 8aba082c-257b-43e3-ba61-5d436c5b38fa@group-E8ADAFC04A7A-LeaderElection192 got exception when requesting votes: java.util.concurrent.ExecutionException: org.apache.ratis.thirdparty.io.grpc.StatusRuntimeException: UNAVAILABLE: io exception
2025-10-22 08:25:29,165 [8aba082c-257b-43e3-ba61-5d436c5b38fa@group-E8ADAFC04A7A-LeaderElection192] INFO  impl.LeaderElection (LogUtils.java:infoOrTrace(142)) - 8aba082c-257b-43e3-ba61-5d436c5b38fa@group-E8ADAFC04A7A-LeaderElection192 got exception when requesting votes: java.util.concurrent.ExecutionException: org.apache.ratis.thirdparty.io.grpc.StatusRuntimeException: UNAVAILABLE: io exception
2025-10-22 08:25:29,165 [8aba082c-257b-43e3-ba61-5d436c5b38fa@group-E8ADAFC04A7A-LeaderElection192] INFO  impl.LeaderElection (LeaderElection.java:logAndReturn(206)) - 8aba082c-257b-43e3-ba61-5d436c5b38fa@group-E8ADAFC04A7A-LeaderElection192: PRE_VOTE REJECTED received 0 response(s) and 2 exception(s):
2025-10-22 08:25:29,165 [8aba082c-257b-43e3-ba61-5d436c5b38fa@group-E8ADAFC04A7A-LeaderElection192] INFO  impl.LeaderElection (LogUtils.java:infoOrTrace(142)) -   Exception 0: java.util.concurrent.ExecutionException: org.apache.ratis.thirdparty.io.grpc.StatusRuntimeException: UNAVAILABLE: io exception
2025-10-22 08:25:29,165 [8aba082c-257b-43e3-ba61-5d436c5b38fa@group-E8ADAFC04A7A-LeaderElection192] INFO  impl.LeaderElection (LogUtils.java:infoOrTrace(142)) -   Exception 1: java.util.concurrent.ExecutionException: org.apache.ratis.thirdparty.io.grpc.StatusRuntimeException: UNAVAILABLE: io exception
2025-10-22 08:25:29,165 [8aba082c-257b-43e3-ba61-5d436c5b38fa@group-E8ADAFC04A7A-LeaderElection192] INFO  impl.LeaderElection (LeaderElection.java:askForVotes(450)) - 8aba082c-257b-43e3-ba61-5d436c5b38fa@group-E8ADAFC04A7A-LeaderElection192 PRE_VOTE round 0: result REJECTED
2025-10-22 08:25:29,165 [8aba082c-257b-43e3-ba61-5d436c5b38fa@group-E8ADAFC04A7A-LeaderElection192] INFO  server.RaftServer$Division (RaftServerImpl.java:setRole(392)) - 8aba082c-257b-43e3-ba61-5d436c5b38fa@group-E8ADAFC04A7A: changes role from CANDIDATE to FOLLOWER at term 2 for REJECTED
2025-10-22 08:25:29,165 [8aba082c-257b-43e3-ba61-5d436c5b38fa@group-E8ADAFC04A7A-LeaderElection192] INFO  impl.RoleInfo (RoleInfo.java:shutdownLeaderElection(141)) - 8aba082c-257b-43e3-ba61-5d436c5b38fa: shutdown 8aba082c-257b-43e3-ba61-5d436c5b38fa@group-E8ADAFC04A7A-LeaderElection192
2025-10-22 08:25:29,165 [8aba082c-257b-43e3-ba61-5d436c5b38fa@group-E8ADAFC04A7A-LeaderElection192] INFO  impl.RoleInfo (RoleInfo.java:updateAndGet(148)) - 8aba082c-257b-43e3-ba61-5d436c5b38fa: start 8aba082c-257b-43e3-ba61-5d436c5b38fa@group-E8ADAFC04A7A-FollowerState
2025-10-22 08:25:29,650 [8aba082c-257b-43e3-ba61-5d436c5b38fa@group-45121E95117A-FollowerState] INFO  impl.FollowerState (FollowerState.java:runImpl(161)) - 8aba082c-257b-43e3-ba61-5d436c5b38fa@group-45121E95117A-FollowerState: change to CANDIDATE, lastRpcElapsedTime:1021290096ns, electionTimeout:1021ms
2025-10-22 08:25:29,650 [8aba082c-257b-43e3-ba61-5d436c5b38fa@group-45121E95117A-FollowerState] INFO  impl.RoleInfo (RoleInfo.java:shutdownFollowerState(121)) - 8aba082c-257b-43e3-ba61-5d436c5b38fa: shutdown 8aba082c-257b-43e3-ba61-5d436c5b38fa@group-45121E95117A-FollowerState
2025-10-22 08:25:29,650 [8aba082c-257b-43e3-ba61-5d436c5b38fa@group-45121E95117A-FollowerState] INFO  server.RaftServer$Division (RaftServerImpl.java:setRole(392)) - 8aba082c-257b-43e3-ba61-5d436c5b38fa@group-45121E95117A: changes role from  FOLLOWER to CANDIDATE at term 1 for changeToCandidate
2025-10-22 08:25:29,650 [8aba082c-257b-43e3-ba61-5d436c5b38fa@group-45121E95117A-FollowerState] INFO  impl.RoleInfo (RoleInfo.java:updateAndGet(148)) - 8aba082c-257b-43e3-ba61-5d436c5b38fa: start 8aba082c-257b-43e3-ba61-5d436c5b38fa@group-45121E95117A-LeaderElection193
2025-10-22 08:25:29,650 [8aba082c-257b-43e3-ba61-5d436c5b38fa@group-45121E95117A-LeaderElection193] INFO  impl.LeaderElection (LeaderElection.java:askForVotes(448)) - 8aba082c-257b-43e3-ba61-5d436c5b38fa@group-45121E95117A-LeaderElection193 PRE_VOTE round 0: submit vote requests at term 1 for conf: {index: 0, cur=peers:[9d21e184-bccf-4583-95a7-0fe616dd3b4b|127.0.0.1:15079, 8aba082c-257b-43e3-ba61-5d436c5b38fa|127.0.0.1:15063, 0cab5a7d-6f40-474c-9abd-0651cf30726e|127.0.0.1:15071]|listeners:[], old=null}
2025-10-22 08:25:29,651 [8aba082c-257b-43e3-ba61-5d436c5b38fa@group-45121E95117A-LeaderElection193] INFO  impl.LeaderElection (LogUtils.java:infoOrTrace(142)) - 8aba082c-257b-43e3-ba61-5d436c5b38fa@group-45121E95117A-LeaderElection193 got exception when requesting votes: java.util.concurrent.ExecutionException: org.apache.ratis.thirdparty.io.grpc.StatusRuntimeException: UNAVAILABLE: io exception
2025-10-22 08:25:29,651 [8aba082c-257b-43e3-ba61-5d436c5b38fa@group-45121E95117A-LeaderElection193] INFO  impl.LeaderElection (LogUtils.java:infoOrTrace(142)) - 8aba082c-257b-43e3-ba61-5d436c5b38fa@group-45121E95117A-LeaderElection193 got exception when requesting votes: java.util.concurrent.ExecutionException: org.apache.ratis.thirdparty.io.grpc.StatusRuntimeException: UNAVAILABLE: io exception
2025-10-22 08:25:29,651 [8aba082c-257b-43e3-ba61-5d436c5b38fa@group-45121E95117A-LeaderElection193] INFO  impl.LeaderElection (LeaderElection.java:logAndReturn(206)) - 8aba082c-257b-43e3-ba61-5d436c5b38fa@group-45121E95117A-LeaderElection193: PRE_VOTE REJECTED received 0 response(s) and 2 exception(s):
2025-10-22 08:25:29,651 [8aba082c-257b-43e3-ba61-5d436c5b38fa@group-45121E95117A-LeaderElection193] INFO  impl.LeaderElection (LogUtils.java:infoOrTrace(142)) -   Exception 0: java.util.concurrent.ExecutionException: org.apache.ratis.thirdparty.io.grpc.StatusRuntimeException: UNAVAILABLE: io exception
2025-10-22 08:25:29,651 [8aba082c-257b-43e3-ba61-5d436c5b38fa@group-45121E95117A-LeaderElection193] INFO  impl.LeaderElection (LogUtils.java:infoOrTrace(142)) -   Exception 1: java.util.concurrent.ExecutionException: org.apache.ratis.thirdparty.io.grpc.StatusRuntimeException: UNAVAILABLE: io exception
2025-10-22 08:25:29,651 [8aba082c-257b-43e3-ba61-5d436c5b38fa@group-45121E95117A-LeaderElection193] INFO  impl.LeaderElection (LeaderElection.java:askForVotes(450)) - 8aba082c-257b-43e3-ba61-5d436c5b38fa@group-45121E95117A-LeaderElection193 PRE_VOTE round 0: result REJECTED
2025-10-22 08:25:29,651 [8aba082c-257b-43e3-ba61-5d436c5b38fa@group-45121E95117A-LeaderElection193] INFO  server.RaftServer$Division (RaftServerImpl.java:setRole(392)) - 8aba082c-257b-43e3-ba61-5d436c5b38fa@group-45121E95117A: changes role from CANDIDATE to FOLLOWER at term 1 for REJECTED
2025-10-22 08:25:29,651 [8aba082c-257b-43e3-ba61-5d436c5b38fa@group-45121E95117A-LeaderElection193] INFO  impl.RoleInfo (RoleInfo.java:shutdownLeaderElection(141)) - 8aba082c-257b-43e3-ba61-5d436c5b38fa: shutdown 8aba082c-257b-43e3-ba61-5d436c5b38fa@group-45121E95117A-LeaderElection193
2025-10-22 08:25:29,651 [8aba082c-257b-43e3-ba61-5d436c5b38fa@group-45121E95117A-LeaderElection193] INFO  impl.RoleInfo (RoleInfo.java:updateAndGet(148)) - 8aba082c-257b-43e3-ba61-5d436c5b38fa: start 8aba082c-257b-43e3-ba61-5d436c5b38fa@group-45121E95117A-FollowerState
2025-10-22 08:25:30,351 [8aba082c-257b-43e3-ba61-5d436c5b38fa@group-E8ADAFC04A7A-FollowerState] INFO  impl.FollowerState (FollowerState.java:runImpl(161)) - 8aba082c-257b-43e3-ba61-5d436c5b38fa@group-E8ADAFC04A7A-FollowerState: change to CANDIDATE, lastRpcElapsedTime:1185267901ns, electionTimeout:1185ms
2025-10-22 08:25:30,351 [8aba082c-257b-43e3-ba61-5d436c5b38fa@group-E8ADAFC04A7A-FollowerState] INFO  impl.RoleInfo (RoleInfo.java:shutdownFollowerState(121)) - 8aba082c-257b-43e3-ba61-5d436c5b38fa: shutdown 8aba082c-257b-43e3-ba61-5d436c5b38fa@group-E8ADAFC04A7A-FollowerState
2025-10-22 08:25:30,351 [8aba082c-257b-43e3-ba61-5d436c5b38fa@group-E8ADAFC04A7A-FollowerState] INFO  server.RaftServer$Division (RaftServerImpl.java:setRole(392)) - 8aba082c-257b-43e3-ba61-5d436c5b38fa@group-E8ADAFC04A7A: changes role from  FOLLOWER to CANDIDATE at term 2 for changeToCandidate
2025-10-22 08:25:30,351 [8aba082c-257b-43e3-ba61-5d436c5b38fa@group-E8ADAFC04A7A-FollowerState] INFO  impl.RoleInfo (RoleInfo.java:updateAndGet(148)) - 8aba082c-257b-43e3-ba61-5d436c5b38fa: start 8aba082c-257b-43e3-ba61-5d436c5b38fa@group-E8ADAFC04A7A-LeaderElection194
2025-10-22 08:25:30,351 [8aba082c-257b-43e3-ba61-5d436c5b38fa@group-E8ADAFC04A7A-LeaderElection194] INFO  impl.LeaderElection (LeaderElection.java:askForVotes(448)) - 8aba082c-257b-43e3-ba61-5d436c5b38fa@group-E8ADAFC04A7A-LeaderElection194 PRE_VOTE round 0: submit vote requests at term 2 for conf: {index: 7, cur=peers:[9d21e184-bccf-4583-95a7-0fe616dd3b4b|127.0.0.1:15079, 8aba082c-257b-43e3-ba61-5d436c5b38fa|127.0.0.1:15063, 0cab5a7d-6f40-474c-9abd-0651cf30726e|127.0.0.1:15071]|listeners:[], old=null}
2025-10-22 08:25:30,352 [8aba082c-257b-43e3-ba61-5d436c5b38fa@group-E8ADAFC04A7A-LeaderElection194] INFO  impl.LeaderElection (LogUtils.java:infoOrTrace(142)) - 8aba082c-257b-43e3-ba61-5d436c5b38fa@group-E8ADAFC04A7A-LeaderElection194 got exception when requesting votes: java.util.concurrent.ExecutionException: org.apache.ratis.thirdparty.io.grpc.StatusRuntimeException: UNAVAILABLE: io exception
2025-10-22 08:25:30,352 [8aba082c-257b-43e3-ba61-5d436c5b38fa@group-E8ADAFC04A7A-LeaderElection194] INFO  impl.LeaderElection (LogUtils.java:infoOrTrace(142)) - 8aba082c-257b-43e3-ba61-5d436c5b38fa@group-E8ADAFC04A7A-LeaderElection194 got exception when requesting votes: java.util.concurrent.ExecutionException: org.apache.ratis.thirdparty.io.grpc.StatusRuntimeException: UNAVAILABLE: io exception
2025-10-22 08:25:30,352 [8aba082c-257b-43e3-ba61-5d436c5b38fa@group-E8ADAFC04A7A-LeaderElection194] INFO  impl.LeaderElection (LeaderElection.java:logAndReturn(206)) - 8aba082c-257b-43e3-ba61-5d436c5b38fa@group-E8ADAFC04A7A-LeaderElection194: PRE_VOTE REJECTED received 0 response(s) and 2 exception(s):
2025-10-22 08:25:30,352 [8aba082c-257b-43e3-ba61-5d436c5b38fa@group-E8ADAFC04A7A-LeaderElection194] INFO  impl.LeaderElection (LogUtils.java:infoOrTrace(142)) -   Exception 0: java.util.concurrent.ExecutionException: org.apache.ratis.thirdparty.io.grpc.StatusRuntimeException: UNAVAILABLE: io exception
2025-10-22 08:25:30,352 [8aba082c-257b-43e3-ba61-5d436c5b38fa@group-E8ADAFC04A7A-LeaderElection194] INFO  impl.LeaderElection (LogUtils.java:infoOrTrace(142)) -   Exception 1: java.util.concurrent.ExecutionException: org.apache.ratis.thirdparty.io.grpc.StatusRuntimeException: UNAVAILABLE: io exception
2025-10-22 08:25:30,352 [8aba082c-257b-43e3-ba61-5d436c5b38fa@group-E8ADAFC04A7A-LeaderElection194] INFO  impl.LeaderElection (LeaderElection.java:askForVotes(450)) - 8aba082c-257b-43e3-ba61-5d436c5b38fa@group-E8ADAFC04A7A-LeaderElection194 PRE_VOTE round 0: result REJECTED
2025-10-22 08:25:30,352 [8aba082c-257b-43e3-ba61-5d436c5b38fa@group-E8ADAFC04A7A-LeaderElection194] INFO  server.RaftServer$Division (RaftServerImpl.java:setRole(392)) - 8aba082c-257b-43e3-ba61-5d436c5b38fa@group-E8ADAFC04A7A: changes role from CANDIDATE to FOLLOWER at term 2 for REJECTED
2025-10-22 08:25:30,352 [8aba082c-257b-43e3-ba61-5d436c5b38fa@group-E8ADAFC04A7A-LeaderElection194] INFO  impl.RoleInfo (RoleInfo.java:shutdownLeaderElection(141)) - 8aba082c-257b-43e3-ba61-5d436c5b38fa: shutdown 8aba082c-257b-43e3-ba61-5d436c5b38fa@group-E8ADAFC04A7A-LeaderElection194
2025-10-22 08:25:30,352 [8aba082c-257b-43e3-ba61-5d436c5b38fa@group-E8ADAFC04A7A-LeaderElection194] INFO  impl.RoleInfo (RoleInfo.java:updateAndGet(148)) - 8aba082c-257b-43e3-ba61-5d436c5b38fa: start 8aba082c-257b-43e3-ba61-5d436c5b38fa@group-E8ADAFC04A7A-FollowerState
2025-10-22 08:25:30,743 [8aba082c-257b-43e3-ba61-5d436c5b38fa@group-45121E95117A-FollowerState] INFO  impl.FollowerState (FollowerState.java:runImpl(161)) - 8aba082c-257b-43e3-ba61-5d436c5b38fa@group-45121E95117A-FollowerState: change to CANDIDATE, lastRpcElapsedTime:1092279123ns, electionTimeout:1092ms
2025-10-22 08:25:30,744 [8aba082c-257b-43e3-ba61-5d436c5b38fa@group-45121E95117A-FollowerState] INFO  impl.RoleInfo (RoleInfo.java:shutdownFollowerState(121)) - 8aba082c-257b-43e3-ba61-5d436c5b38fa: shutdown 8aba082c-257b-43e3-ba61-5d436c5b38fa@group-45121E95117A-FollowerState
2025-10-22 08:25:30,744 [8aba082c-257b-43e3-ba61-5d436c5b38fa@group-45121E95117A-FollowerState] INFO  server.RaftServer$Division (RaftServerImpl.java:setRole(392)) - 8aba082c-257b-43e3-ba61-5d436c5b38fa@group-45121E95117A: changes role from  FOLLOWER to CANDIDATE at term 1 for changeToCandidate
2025-10-22 08:25:30,744 [8aba082c-257b-43e3-ba61-5d436c5b38fa@group-45121E95117A-FollowerState] INFO  impl.RoleInfo (RoleInfo.java:updateAndGet(148)) - 8aba082c-257b-43e3-ba61-5d436c5b38fa: start 8aba082c-257b-43e3-ba61-5d436c5b38fa@group-45121E95117A-LeaderElection195
2025-10-22 08:25:30,744 [8aba082c-257b-43e3-ba61-5d436c5b38fa@group-45121E95117A-LeaderElection195] INFO  impl.LeaderElection (LeaderElection.java:askForVotes(448)) - 8aba082c-257b-43e3-ba61-5d436c5b38fa@group-45121E95117A-LeaderElection195 PRE_VOTE round 0: submit vote requests at term 1 for conf: {index: 0, cur=peers:[9d21e184-bccf-4583-95a7-0fe616dd3b4b|127.0.0.1:15079, 8aba082c-257b-43e3-ba61-5d436c5b38fa|127.0.0.1:15063, 0cab5a7d-6f40-474c-9abd-0651cf30726e|127.0.0.1:15071]|listeners:[], old=null}
2025-10-22 08:25:30,745 [8aba082c-257b-43e3-ba61-5d436c5b38fa@group-45121E95117A-LeaderElection195] INFO  impl.LeaderElection (LogUtils.java:infoOrTrace(142)) - 8aba082c-257b-43e3-ba61-5d436c5b38fa@group-45121E95117A-LeaderElection195 got exception when requesting votes: java.util.concurrent.ExecutionException: org.apache.ratis.thirdparty.io.grpc.StatusRuntimeException: UNAVAILABLE: io exception
2025-10-22 08:25:30,745 [8aba082c-257b-43e3-ba61-5d436c5b38fa@group-45121E95117A-LeaderElection195] INFO  impl.LeaderElection (LogUtils.java:infoOrTrace(142)) - 8aba082c-257b-43e3-ba61-5d436c5b38fa@group-45121E95117A-LeaderElection195 got exception when requesting votes: java.util.concurrent.ExecutionException: org.apache.ratis.thirdparty.io.grpc.StatusRuntimeException: UNAVAILABLE: io exception
2025-10-22 08:25:30,745 [8aba082c-257b-43e3-ba61-5d436c5b38fa@group-45121E95117A-LeaderElection195] INFO  impl.LeaderElection (LeaderElection.java:logAndReturn(206)) - 8aba082c-257b-43e3-ba61-5d436c5b38fa@group-45121E95117A-LeaderElection195: PRE_VOTE REJECTED received 0 response(s) and 2 exception(s):
2025-10-22 08:25:30,745 [8aba082c-257b-43e3-ba61-5d436c5b38fa@group-45121E95117A-LeaderElection195] INFO  impl.LeaderElection (LogUtils.java:infoOrTrace(142)) -   Exception 0: java.util.concurrent.ExecutionException: org.apache.ratis.thirdparty.io.grpc.StatusRuntimeException: UNAVAILABLE: io exception
2025-10-22 08:25:30,745 [8aba082c-257b-43e3-ba61-5d436c5b38fa@group-45121E95117A-LeaderElection195] INFO  impl.LeaderElection (LogUtils.java:infoOrTrace(142)) -   Exception 1: java.util.concurrent.ExecutionException: org.apache.ratis.thirdparty.io.grpc.StatusRuntimeException: UNAVAILABLE: io exception
2025-10-22 08:25:30,745 [8aba082c-257b-43e3-ba61-5d436c5b38fa@group-45121E95117A-LeaderElection195] INFO  impl.LeaderElection (LeaderElection.java:askForVotes(450)) - 8aba082c-257b-43e3-ba61-5d436c5b38fa@group-45121E95117A-LeaderElection195 PRE_VOTE round 0: result REJECTED
2025-10-22 08:25:30,745 [8aba082c-257b-43e3-ba61-5d436c5b38fa@group-45121E95117A-LeaderElection195] INFO  server.RaftServer$Division (RaftServerImpl.java:setRole(392)) - 8aba082c-257b-43e3-ba61-5d436c5b38fa@group-45121E95117A: changes role from CANDIDATE to FOLLOWER at term 1 for REJECTED
2025-10-22 08:25:30,745 [8aba082c-257b-43e3-ba61-5d436c5b38fa@group-45121E95117A-LeaderElection195] INFO  impl.RoleInfo (RoleInfo.java:shutdownLeaderElection(141)) - 8aba082c-257b-43e3-ba61-5d436c5b38fa: shutdown 8aba082c-257b-43e3-ba61-5d436c5b38fa@group-45121E95117A-LeaderElection195
2025-10-22 08:25:30,745 [8aba082c-257b-43e3-ba61-5d436c5b38fa@group-45121E95117A-LeaderElection195] INFO  impl.RoleInfo (RoleInfo.java:updateAndGet(148)) - 8aba082c-257b-43e3-ba61-5d436c5b38fa: start 8aba082c-257b-43e3-ba61-5d436c5b38fa@group-45121E95117A-FollowerState
2025-10-22 08:25:31,380 [8aba082c-257b-43e3-ba61-5d436c5b38fa@group-E8ADAFC04A7A-FollowerState] INFO  impl.FollowerState (FollowerState.java:runImpl(161)) - 8aba082c-257b-43e3-ba61-5d436c5b38fa@group-E8ADAFC04A7A-FollowerState: change to CANDIDATE, lastRpcElapsedTime:1027271926ns, electionTimeout:1027ms
2025-10-22 08:25:31,380 [8aba082c-257b-43e3-ba61-5d436c5b38fa@group-E8ADAFC04A7A-FollowerState] INFO  impl.RoleInfo (RoleInfo.java:shutdownFollowerState(121)) - 8aba082c-257b-43e3-ba61-5d436c5b38fa: shutdown 8aba082c-257b-43e3-ba61-5d436c5b38fa@group-E8ADAFC04A7A-FollowerState
2025-10-22 08:25:31,380 [8aba082c-257b-43e3-ba61-5d436c5b38fa@group-E8ADAFC04A7A-FollowerState] INFO  server.RaftServer$Division (RaftServerImpl.java:setRole(392)) - 8aba082c-257b-43e3-ba61-5d436c5b38fa@group-E8ADAFC04A7A: changes role from  FOLLOWER to CANDIDATE at term 2 for changeToCandidate
2025-10-22 08:25:31,380 [8aba082c-257b-43e3-ba61-5d436c5b38fa@group-E8ADAFC04A7A-FollowerState] INFO  impl.RoleInfo (RoleInfo.java:updateAndGet(148)) - 8aba082c-257b-43e3-ba61-5d436c5b38fa: start 8aba082c-257b-43e3-ba61-5d436c5b38fa@group-E8ADAFC04A7A-LeaderElection196
2025-10-22 08:25:31,380 [8aba082c-257b-43e3-ba61-5d436c5b38fa@group-E8ADAFC04A7A-LeaderElection196] INFO  impl.LeaderElection (LeaderElection.java:askForVotes(448)) - 8aba082c-257b-43e3-ba61-5d436c5b38fa@group-E8ADAFC04A7A-LeaderElection196 PRE_VOTE round 0: submit vote requests at term 2 for conf: {index: 7, cur=peers:[9d21e184-bccf-4583-95a7-0fe616dd3b4b|127.0.0.1:15079, 8aba082c-257b-43e3-ba61-5d436c5b38fa|127.0.0.1:15063, 0cab5a7d-6f40-474c-9abd-0651cf30726e|127.0.0.1:15071]|listeners:[], old=null}
2025-10-22 08:25:31,381 [8aba082c-257b-43e3-ba61-5d436c5b38fa@group-E8ADAFC04A7A-LeaderElection196] INFO  impl.LeaderElection (LogUtils.java:infoOrTrace(142)) - 8aba082c-257b-43e3-ba61-5d436c5b38fa@group-E8ADAFC04A7A-LeaderElection196 got exception when requesting votes: java.util.concurrent.ExecutionException: org.apache.ratis.thirdparty.io.grpc.StatusRuntimeException: UNAVAILABLE: io exception
2025-10-22 08:25:31,381 [8aba082c-257b-43e3-ba61-5d436c5b38fa@group-E8ADAFC04A7A-LeaderElection196] INFO  impl.LeaderElection (LogUtils.java:infoOrTrace(142)) - 8aba082c-257b-43e3-ba61-5d436c5b38fa@group-E8ADAFC04A7A-LeaderElection196 got exception when requesting votes: java.util.concurrent.ExecutionException: org.apache.ratis.thirdparty.io.grpc.StatusRuntimeException: UNAVAILABLE: io exception
2025-10-22 08:25:31,381 [8aba082c-257b-43e3-ba61-5d436c5b38fa@group-E8ADAFC04A7A-LeaderElection196] INFO  impl.LeaderElection (LeaderElection.java:logAndReturn(206)) - 8aba082c-257b-43e3-ba61-5d436c5b38fa@group-E8ADAFC04A7A-LeaderElection196: PRE_VOTE REJECTED received 0 response(s) and 2 exception(s):
2025-10-22 08:25:31,381 [8aba082c-257b-43e3-ba61-5d436c5b38fa@group-E8ADAFC04A7A-LeaderElection196] INFO  impl.LeaderElection (LogUtils.java:infoOrTrace(142)) -   Exception 0: java.util.concurrent.ExecutionException: org.apache.ratis.thirdparty.io.grpc.StatusRuntimeException: UNAVAILABLE: io exception
2025-10-22 08:25:31,381 [8aba082c-257b-43e3-ba61-5d436c5b38fa@group-E8ADAFC04A7A-LeaderElection196] INFO  impl.LeaderElection (LogUtils.java:infoOrTrace(142)) -   Exception 1: java.util.concurrent.ExecutionException: org.apache.ratis.thirdparty.io.grpc.StatusRuntimeException: UNAVAILABLE: io exception
2025-10-22 08:25:31,381 [8aba082c-257b-43e3-ba61-5d436c5b38fa@group-E8ADAFC04A7A-LeaderElection196] INFO  impl.LeaderElection (LeaderElection.java:askForVotes(450)) - 8aba082c-257b-43e3-ba61-5d436c5b38fa@group-E8ADAFC04A7A-LeaderElection196 PRE_VOTE round 0: result REJECTED
2025-10-22 08:25:31,381 [8aba082c-257b-43e3-ba61-5d436c5b38fa@group-E8ADAFC04A7A-LeaderElection196] INFO  server.RaftServer$Division (RaftServerImpl.java:setRole(392)) - 8aba082c-257b-43e3-ba61-5d436c5b38fa@group-E8ADAFC04A7A: changes role from CANDIDATE to FOLLOWER at term 2 for REJECTED
2025-10-22 08:25:31,381 [8aba082c-257b-43e3-ba61-5d436c5b38fa@group-E8ADAFC04A7A-LeaderElection196] INFO  impl.RoleInfo (RoleInfo.java:shutdownLeaderElection(141)) - 8aba082c-257b-43e3-ba61-5d436c5b38fa: shutdown 8aba082c-257b-43e3-ba61-5d436c5b38fa@group-E8ADAFC04A7A-LeaderElection196
2025-10-22 08:25:31,381 [8aba082c-257b-43e3-ba61-5d436c5b38fa@group-E8ADAFC04A7A-LeaderElection196] INFO  impl.RoleInfo (RoleInfo.java:updateAndGet(148)) - 8aba082c-257b-43e3-ba61-5d436c5b38fa: start 8aba082c-257b-43e3-ba61-5d436c5b38fa@group-E8ADAFC04A7A-FollowerState
2025-10-22 08:25:31,812 [8aba082c-257b-43e3-ba61-5d436c5b38fa@group-45121E95117A-FollowerState] INFO  impl.FollowerState (FollowerState.java:runImpl(161)) - 8aba082c-257b-43e3-ba61-5d436c5b38fa@group-45121E95117A-FollowerState: change to CANDIDATE, lastRpcElapsedTime:1067291673ns, electionTimeout:1067ms
2025-10-22 08:25:31,812 [8aba082c-257b-43e3-ba61-5d436c5b38fa@group-45121E95117A-FollowerState] INFO  impl.RoleInfo (RoleInfo.java:shutdownFollowerState(121)) - 8aba082c-257b-43e3-ba61-5d436c5b38fa: shutdown 8aba082c-257b-43e3-ba61-5d436c5b38fa@group-45121E95117A-FollowerState
2025-10-22 08:25:31,812 [8aba082c-257b-43e3-ba61-5d436c5b38fa@group-45121E95117A-FollowerState] INFO  server.RaftServer$Division (RaftServerImpl.java:setRole(392)) - 8aba082c-257b-43e3-ba61-5d436c5b38fa@group-45121E95117A: changes role from  FOLLOWER to CANDIDATE at term 1 for changeToCandidate
2025-10-22 08:25:31,813 [8aba082c-257b-43e3-ba61-5d436c5b38fa@group-45121E95117A-FollowerState] INFO  impl.RoleInfo (RoleInfo.java:updateAndGet(148)) - 8aba082c-257b-43e3-ba61-5d436c5b38fa: start 8aba082c-257b-43e3-ba61-5d436c5b38fa@group-45121E95117A-LeaderElection197
2025-10-22 08:25:31,813 [8aba082c-257b-43e3-ba61-5d436c5b38fa@group-45121E95117A-LeaderElection197] INFO  impl.LeaderElection (LeaderElection.java:askForVotes(448)) - 8aba082c-257b-43e3-ba61-5d436c5b38fa@group-45121E95117A-LeaderElection197 PRE_VOTE round 0: submit vote requests at term 1 for conf: {index: 0, cur=peers:[9d21e184-bccf-4583-95a7-0fe616dd3b4b|127.0.0.1:15079, 8aba082c-257b-43e3-ba61-5d436c5b38fa|127.0.0.1:15063, 0cab5a7d-6f40-474c-9abd-0651cf30726e|127.0.0.1:15071]|listeners:[], old=null}
2025-10-22 08:25:31,813 [8aba082c-257b-43e3-ba61-5d436c5b38fa@group-45121E95117A-LeaderElection197] INFO  impl.LeaderElection (LogUtils.java:infoOrTrace(142)) - 8aba082c-257b-43e3-ba61-5d436c5b38fa@group-45121E95117A-LeaderElection197 got exception when requesting votes: java.util.concurrent.ExecutionException: org.apache.ratis.thirdparty.io.grpc.StatusRuntimeException: UNAVAILABLE: io exception
2025-10-22 08:25:31,813 [8aba082c-257b-43e3-ba61-5d436c5b38fa@group-45121E95117A-LeaderElection197] INFO  impl.LeaderElection (LogUtils.java:infoOrTrace(142)) - 8aba082c-257b-43e3-ba61-5d436c5b38fa@group-45121E95117A-LeaderElection197 got exception when requesting votes: java.util.concurrent.ExecutionException: org.apache.ratis.thirdparty.io.grpc.StatusRuntimeException: UNAVAILABLE: io exception
2025-10-22 08:25:31,814 [8aba082c-257b-43e3-ba61-5d436c5b38fa@group-45121E95117A-LeaderElection197] INFO  impl.LeaderElection (LeaderElection.java:logAndReturn(206)) - 8aba082c-257b-43e3-ba61-5d436c5b38fa@group-45121E95117A-LeaderElection197: PRE_VOTE REJECTED received 0 response(s) and 2 exception(s):
2025-10-22 08:25:31,814 [8aba082c-257b-43e3-ba61-5d436c5b38fa@group-45121E95117A-LeaderElection197] INFO  impl.LeaderElection (LogUtils.java:infoOrTrace(142)) -   Exception 0: java.util.concurrent.ExecutionException: org.apache.ratis.thirdparty.io.grpc.StatusRuntimeException: UNAVAILABLE: io exception
2025-10-22 08:25:31,814 [8aba082c-257b-43e3-ba61-5d436c5b38fa@group-45121E95117A-LeaderElection197] INFO  impl.LeaderElection (LogUtils.java:infoOrTrace(142)) -   Exception 1: java.util.concurrent.ExecutionException: org.apache.ratis.thirdparty.io.grpc.StatusRuntimeException: UNAVAILABLE: io exception
2025-10-22 08:25:31,814 [8aba082c-257b-43e3-ba61-5d436c5b38fa@group-45121E95117A-LeaderElection197] INFO  impl.LeaderElection (LeaderElection.java:askForVotes(450)) - 8aba082c-257b-43e3-ba61-5d436c5b38fa@group-45121E95117A-LeaderElection197 PRE_VOTE round 0: result REJECTED
2025-10-22 08:25:31,814 [8aba082c-257b-43e3-ba61-5d436c5b38fa@group-45121E95117A-LeaderElection197] INFO  server.RaftServer$Division (RaftServerImpl.java:setRole(392)) - 8aba082c-257b-43e3-ba61-5d436c5b38fa@group-45121E95117A: changes role from CANDIDATE to FOLLOWER at term 1 for REJECTED
2025-10-22 08:25:31,814 [8aba082c-257b-43e3-ba61-5d436c5b38fa@group-45121E95117A-LeaderElection197] INFO  impl.RoleInfo (RoleInfo.java:shutdownLeaderElection(141)) - 8aba082c-257b-43e3-ba61-5d436c5b38fa: shutdown 8aba082c-257b-43e3-ba61-5d436c5b38fa@group-45121E95117A-LeaderElection197
2025-10-22 08:25:31,814 [8aba082c-257b-43e3-ba61-5d436c5b38fa@group-45121E95117A-LeaderElection197] INFO  impl.RoleInfo (RoleInfo.java:updateAndGet(148)) - 8aba082c-257b-43e3-ba61-5d436c5b38fa: start 8aba082c-257b-43e3-ba61-5d436c5b38fa@group-45121E95117A-FollowerState
2025-10-22 08:25:32,392 [8aba082c-257b-43e3-ba61-5d436c5b38fa@group-E8ADAFC04A7A-FollowerState] INFO  impl.FollowerState (FollowerState.java:runImpl(161)) - 8aba082c-257b-43e3-ba61-5d436c5b38fa@group-E8ADAFC04A7A-FollowerState: change to CANDIDATE, lastRpcElapsedTime:1011269377ns, electionTimeout:1011ms
2025-10-22 08:25:32,393 [8aba082c-257b-43e3-ba61-5d436c5b38fa@group-E8ADAFC04A7A-FollowerState] INFO  impl.RoleInfo (RoleInfo.java:shutdownFollowerState(121)) - 8aba082c-257b-43e3-ba61-5d436c5b38fa: shutdown 8aba082c-257b-43e3-ba61-5d436c5b38fa@group-E8ADAFC04A7A-FollowerState
2025-10-22 08:25:32,393 [8aba082c-257b-43e3-ba61-5d436c5b38fa@group-E8ADAFC04A7A-FollowerState] INFO  server.RaftServer$Division (RaftServerImpl.java:setRole(392)) - 8aba082c-257b-43e3-ba61-5d436c5b38fa@group-E8ADAFC04A7A: changes role from  FOLLOWER to CANDIDATE at term 2 for changeToCandidate
2025-10-22 08:25:32,393 [8aba082c-257b-43e3-ba61-5d436c5b38fa@group-E8ADAFC04A7A-FollowerState] INFO  impl.RoleInfo (RoleInfo.java:updateAndGet(148)) - 8aba082c-257b-43e3-ba61-5d436c5b38fa: start 8aba082c-257b-43e3-ba61-5d436c5b38fa@group-E8ADAFC04A7A-LeaderElection198
2025-10-22 08:25:32,393 [8aba082c-257b-43e3-ba61-5d436c5b38fa@group-E8ADAFC04A7A-LeaderElection198] INFO  impl.LeaderElection (LeaderElection.java:askForVotes(448)) - 8aba082c-257b-43e3-ba61-5d436c5b38fa@group-E8ADAFC04A7A-LeaderElection198 PRE_VOTE round 0: submit vote requests at term 2 for conf: {index: 7, cur=peers:[9d21e184-bccf-4583-95a7-0fe616dd3b4b|127.0.0.1:15079, 8aba082c-257b-43e3-ba61-5d436c5b38fa|127.0.0.1:15063, 0cab5a7d-6f40-474c-9abd-0651cf30726e|127.0.0.1:15071]|listeners:[], old=null}
2025-10-22 08:25:32,394 [8aba082c-257b-43e3-ba61-5d436c5b38fa@group-E8ADAFC04A7A-LeaderElection198] INFO  impl.LeaderElection (LogUtils.java:infoOrTrace(142)) - 8aba082c-257b-43e3-ba61-5d436c5b38fa@group-E8ADAFC04A7A-LeaderElection198 got exception when requesting votes: java.util.concurrent.ExecutionException: org.apache.ratis.thirdparty.io.grpc.StatusRuntimeException: UNAVAILABLE: io exception
2025-10-22 08:25:32,394 [8aba082c-257b-43e3-ba61-5d436c5b38fa@group-E8ADAFC04A7A-LeaderElection198] INFO  impl.LeaderElection (LogUtils.java:infoOrTrace(142)) - 8aba082c-257b-43e3-ba61-5d436c5b38fa@group-E8ADAFC04A7A-LeaderElection198 got exception when requesting votes: java.util.concurrent.ExecutionException: org.apache.ratis.thirdparty.io.grpc.StatusRuntimeException: UNAVAILABLE: io exception
2025-10-22 08:25:32,394 [8aba082c-257b-43e3-ba61-5d436c5b38fa@group-E8ADAFC04A7A-LeaderElection198] INFO  impl.LeaderElection (LeaderElection.java:logAndReturn(206)) - 8aba082c-257b-43e3-ba61-5d436c5b38fa@group-E8ADAFC04A7A-LeaderElection198: PRE_VOTE REJECTED received 0 response(s) and 2 exception(s):
2025-10-22 08:25:32,394 [8aba082c-257b-43e3-ba61-5d436c5b38fa@group-E8ADAFC04A7A-LeaderElection198] INFO  impl.LeaderElection (LogUtils.java:infoOrTrace(142)) -   Exception 0: java.util.concurrent.ExecutionException: org.apache.ratis.thirdparty.io.grpc.StatusRuntimeException: UNAVAILABLE: io exception
2025-10-22 08:25:32,394 [8aba082c-257b-43e3-ba61-5d436c5b38fa@group-E8ADAFC04A7A-LeaderElection198] INFO  impl.LeaderElection (LogUtils.java:infoOrTrace(142)) -   Exception 1: java.util.concurrent.ExecutionException: org.apache.ratis.thirdparty.io.grpc.StatusRuntimeException: UNAVAILABLE: io exception
2025-10-22 08:25:32,394 [8aba082c-257b-43e3-ba61-5d436c5b38fa@group-E8ADAFC04A7A-LeaderElection198] INFO  impl.LeaderElection (LeaderElection.java:askForVotes(450)) - 8aba082c-257b-43e3-ba61-5d436c5b38fa@group-E8ADAFC04A7A-LeaderElection198 PRE_VOTE round 0: result REJECTED
2025-10-22 08:25:32,394 [8aba082c-257b-43e3-ba61-5d436c5b38fa@group-E8ADAFC04A7A-LeaderElection198] INFO  server.RaftServer$Division (RaftServerImpl.java:setRole(392)) - 8aba082c-257b-43e3-ba61-5d436c5b38fa@group-E8ADAFC04A7A: changes role from CANDIDATE to FOLLOWER at term 2 for REJECTED
2025-10-22 08:25:32,394 [8aba082c-257b-43e3-ba61-5d436c5b38fa@group-E8ADAFC04A7A-LeaderElection198] INFO  impl.RoleInfo (RoleInfo.java:shutdownLeaderElection(141)) - 8aba082c-257b-43e3-ba61-5d436c5b38fa: shutdown 8aba082c-257b-43e3-ba61-5d436c5b38fa@group-E8ADAFC04A7A-LeaderElection198
2025-10-22 08:25:32,394 [8aba082c-257b-43e3-ba61-5d436c5b38fa@group-E8ADAFC04A7A-LeaderElection198] INFO  impl.RoleInfo (RoleInfo.java:updateAndGet(148)) - 8aba082c-257b-43e3-ba61-5d436c5b38fa: start 8aba082c-257b-43e3-ba61-5d436c5b38fa@group-E8ADAFC04A7A-FollowerState
2025-10-22 08:25:32,541 [timer2] ERROR impl.OrderedAsync (OrderedAsync.java:lambda$null$6(215)) -  (Repeated 2 times in the last 5.001s) client-2101DF798DA8: Failed* RaftClientRequest:client-2101DF798DA8->0cab5a7d-6f40-474c-9abd-0651cf30726e@group-45121E95117A, cid=54, seq=6*, RW, cmdType: WriteChunk traceID: "" containerID: 6 datanodeUuid: "0cab5a7d-6f40-474c-9abd-0651cf30726e" writeChunk { blockID { containerID: 6 localID: 115816896921600007 blockCommitSequenceId: 4 replicaIndex: 0 } chunkData { chunkName: "115816896921600007_chunk_3" offset: 2097152 len: 524288 } } version: 3, data.size=524288
java.util.concurrent.CompletionException: java.io.IOException: org.apache.ratis.thirdparty.io.grpc.StatusRuntimeException: UNAVAILABLE: io exception
	at java.base/java.util.concurrent.CompletableFuture.encodeThrowable(CompletableFuture.java:332)
	at java.base/java.util.concurrent.CompletableFuture.completeThrowable(CompletableFuture.java:347)
	at java.base/java.util.concurrent.CompletableFuture$UniAccept.tryFire(CompletableFuture.java:708)
	at java.base/java.util.concurrent.CompletableFuture.postComplete(CompletableFuture.java:510)
	at java.base/java.util.concurrent.CompletableFuture.completeExceptionally(CompletableFuture.java:2194)
	at org.apache.ratis.grpc.client.GrpcClientProtocolClient$AsyncStreamObservers.completeReplyExceptionally(GrpcClientProtocolClient.java:397)
	at org.apache.ratis.grpc.client.GrpcClientProtocolClient$AsyncStreamObservers.access$000(GrpcClientProtocolClient.java:303)
	at org.apache.ratis.grpc.client.GrpcClientProtocolClient$AsyncStreamObservers$1.onError(GrpcClientProtocolClient.java:334)
	at org.apache.ratis.thirdparty.io.grpc.stub.ClientCalls$StreamObserverToCallListenerAdapter.onClose(ClientCalls.java:564)
	at org.apache.ratis.thirdparty.io.grpc.PartialForwardingClientCallListener.onClose(PartialForwardingClientCallListener.java:39)
	at org.apache.ratis.thirdparty.io.grpc.ForwardingClientCallListener.onClose(ForwardingClientCallListener.java:23)
	at org.apache.ratis.grpc.metrics.intercept.client.MetricClientCallListener.onClose(MetricClientCallListener.java:47)
	at org.apache.ratis.thirdparty.io.grpc.internal.ClientCallImpl.closeObserver(ClientCallImpl.java:565)
	at org.apache.ratis.thirdparty.io.grpc.internal.ClientCallImpl.access$100(ClientCallImpl.java:72)
	at org.apache.ratis.thirdparty.io.grpc.internal.ClientCallImpl$ClientStreamListenerImpl$1StreamClosed.runInternal(ClientCallImpl.java:733)
	at org.apache.ratis.thirdparty.io.grpc.internal.ClientCallImpl$ClientStreamListenerImpl$1StreamClosed.runInContext(ClientCallImpl.java:714)
	at org.apache.ratis.thirdparty.io.grpc.internal.ContextRunnable.run(ContextRunnable.java:37)
	at org.apache.ratis.thirdparty.io.grpc.internal.SerializingExecutor.run(SerializingExecutor.java:133)
	at java.base/java.util.concurrent.ThreadPoolExecutor.runWorker(ThreadPoolExecutor.java:1144)
	at java.base/java.util.concurrent.ThreadPoolExecutor$Worker.run(ThreadPoolExecutor.java:642)
	at java.base/java.lang.Thread.run(Thread.java:1583)
Caused by: java.io.IOException: org.apache.ratis.thirdparty.io.grpc.StatusRuntimeException: UNAVAILABLE: io exception
	at org.apache.ratis.grpc.GrpcUtil.unwrapException(GrpcUtil.java:99)
	at org.apache.ratis.grpc.GrpcUtil.unwrapIOException(GrpcUtil.java:159)
	at org.apache.ratis.grpc.client.GrpcClientProtocolClient$AsyncStreamObservers$1.onError(GrpcClientProtocolClient.java:333)
	... 13 more
Caused by: org.apache.ratis.thirdparty.io.grpc.StatusRuntimeException: UNAVAILABLE: io exception
	at org.apache.ratis.thirdparty.io.grpc.Status.asRuntimeException(Status.java:532)
	... 13 more
Caused by: org.apache.ratis.thirdparty.io.netty.channel.AbstractChannel$AnnotatedConnectException: finishConnect(..) failed: Connection refused: /127.0.0.1:15069
Caused by: java.net.ConnectException: finishConnect(..) failed: Connection refused
	at org.apache.ratis.thirdparty.io.netty.channel.unix.Errors.newConnectException0(Errors.java:166)
	at org.apache.ratis.thirdparty.io.netty.channel.unix.Errors.handleConnectErrno(Errors.java:131)
	at org.apache.ratis.thirdparty.io.netty.channel.unix.Socket.finishConnect(Socket.java:359)
	at org.apache.ratis.thirdparty.io.netty.channel.epoll.AbstractEpollChannel$AbstractEpollUnsafe.doFinishConnect(AbstractEpollChannel.java:715)
	at org.apache.ratis.thirdparty.io.netty.channel.epoll.AbstractEpollChannel$AbstractEpollUnsafe.finishConnect(AbstractEpollChannel.java:692)
	at org.apache.ratis.thirdparty.io.netty.channel.epoll.AbstractEpollChannel$AbstractEpollUnsafe.epollOutReady(AbstractEpollChannel.java:567)
	at org.apache.ratis.thirdparty.io.netty.channel.epoll.EpollEventLoop.processReady(EpollEventLoop.java:491)
	at org.apache.ratis.thirdparty.io.netty.channel.epoll.EpollEventLoop.run(EpollEventLoop.java:399)
	at org.apache.ratis.thirdparty.io.netty.util.concurrent.SingleThreadEventExecutor$4.run(SingleThreadEventExecutor.java:998)
	at org.apache.ratis.thirdparty.io.netty.util.internal.ThreadExecutorMap$2.run(ThreadExecutorMap.java:74)
	at org.apache.ratis.thirdparty.io.netty.util.concurrent.FastThreadLocalRunnable.run(FastThreadLocalRunnable.java:30)
	at java.base/java.lang.Thread.run(Thread.java:1583)
2025-10-22 08:25:32,829 [8aba082c-257b-43e3-ba61-5d436c5b38fa@group-45121E95117A-FollowerState] INFO  impl.FollowerState (FollowerState.java:runImpl(161)) - 8aba082c-257b-43e3-ba61-5d436c5b38fa@group-45121E95117A-FollowerState: change to CANDIDATE, lastRpcElapsedTime:1015314929ns, electionTimeout:1015ms
2025-10-22 08:25:32,829 [8aba082c-257b-43e3-ba61-5d436c5b38fa@group-45121E95117A-FollowerState] INFO  impl.RoleInfo (RoleInfo.java:shutdownFollowerState(121)) - 8aba082c-257b-43e3-ba61-5d436c5b38fa: shutdown 8aba082c-257b-43e3-ba61-5d436c5b38fa@group-45121E95117A-FollowerState
2025-10-22 08:25:32,829 [8aba082c-257b-43e3-ba61-5d436c5b38fa@group-45121E95117A-FollowerState] INFO  server.RaftServer$Division (RaftServerImpl.java:setRole(392)) - 8aba082c-257b-43e3-ba61-5d436c5b38fa@group-45121E95117A: changes role from  FOLLOWER to CANDIDATE at term 1 for changeToCandidate
2025-10-22 08:25:32,829 [8aba082c-257b-43e3-ba61-5d436c5b38fa@group-45121E95117A-FollowerState] INFO  impl.RoleInfo (RoleInfo.java:updateAndGet(148)) - 8aba082c-257b-43e3-ba61-5d436c5b38fa: start 8aba082c-257b-43e3-ba61-5d436c5b38fa@group-45121E95117A-LeaderElection199
2025-10-22 08:25:32,830 [8aba082c-257b-43e3-ba61-5d436c5b38fa@group-45121E95117A-LeaderElection199] INFO  impl.LeaderElection (LeaderElection.java:askForVotes(448)) - 8aba082c-257b-43e3-ba61-5d436c5b38fa@group-45121E95117A-LeaderElection199 PRE_VOTE round 0: submit vote requests at term 1 for conf: {index: 0, cur=peers:[9d21e184-bccf-4583-95a7-0fe616dd3b4b|127.0.0.1:15079, 8aba082c-257b-43e3-ba61-5d436c5b38fa|127.0.0.1:15063, 0cab5a7d-6f40-474c-9abd-0651cf30726e|127.0.0.1:15071]|listeners:[], old=null}
2025-10-22 08:25:32,830 [8aba082c-257b-43e3-ba61-5d436c5b38fa@group-45121E95117A-LeaderElection199] INFO  impl.LeaderElection (LogUtils.java:infoOrTrace(142)) - 8aba082c-257b-43e3-ba61-5d436c5b38fa@group-45121E95117A-LeaderElection199 got exception when requesting votes: java.util.concurrent.ExecutionException: org.apache.ratis.thirdparty.io.grpc.StatusRuntimeException: UNAVAILABLE: io exception
2025-10-22 08:25:32,830 [8aba082c-257b-43e3-ba61-5d436c5b38fa@group-45121E95117A-LeaderElection199] INFO  impl.LeaderElection (LogUtils.java:infoOrTrace(142)) - 8aba082c-257b-43e3-ba61-5d436c5b38fa@group-45121E95117A-LeaderElection199 got exception when requesting votes: java.util.concurrent.ExecutionException: org.apache.ratis.thirdparty.io.grpc.StatusRuntimeException: UNAVAILABLE: io exception
2025-10-22 08:25:32,830 [8aba082c-257b-43e3-ba61-5d436c5b38fa@group-45121E95117A-LeaderElection199] INFO  impl.LeaderElection (LeaderElection.java:logAndReturn(206)) - 8aba082c-257b-43e3-ba61-5d436c5b38fa@group-45121E95117A-LeaderElection199: PRE_VOTE REJECTED received 0 response(s) and 2 exception(s):
2025-10-22 08:25:32,830 [8aba082c-257b-43e3-ba61-5d436c5b38fa@group-45121E95117A-LeaderElection199] INFO  impl.LeaderElection (LogUtils.java:infoOrTrace(142)) -   Exception 0: java.util.concurrent.ExecutionException: org.apache.ratis.thirdparty.io.grpc.StatusRuntimeException: UNAVAILABLE: io exception
2025-10-22 08:25:32,831 [8aba082c-257b-43e3-ba61-5d436c5b38fa@group-45121E95117A-LeaderElection199] INFO  impl.LeaderElection (LogUtils.java:infoOrTrace(142)) -   Exception 1: java.util.concurrent.ExecutionException: org.apache.ratis.thirdparty.io.grpc.StatusRuntimeException: UNAVAILABLE: io exception
2025-10-22 08:25:32,831 [8aba082c-257b-43e3-ba61-5d436c5b38fa@group-45121E95117A-LeaderElection199] INFO  impl.LeaderElection (LeaderElection.java:askForVotes(450)) - 8aba082c-257b-43e3-ba61-5d436c5b38fa@group-45121E95117A-LeaderElection199 PRE_VOTE round 0: result REJECTED
2025-10-22 08:25:32,831 [8aba082c-257b-43e3-ba61-5d436c5b38fa@group-45121E95117A-LeaderElection199] INFO  server.RaftServer$Division (RaftServerImpl.java:setRole(392)) - 8aba082c-257b-43e3-ba61-5d436c5b38fa@group-45121E95117A: changes role from CANDIDATE to FOLLOWER at term 1 for REJECTED
2025-10-22 08:25:32,831 [8aba082c-257b-43e3-ba61-5d436c5b38fa@group-45121E95117A-LeaderElection199] INFO  impl.RoleInfo (RoleInfo.java:shutdownLeaderElection(141)) - 8aba082c-257b-43e3-ba61-5d436c5b38fa: shutdown 8aba082c-257b-43e3-ba61-5d436c5b38fa@group-45121E95117A-LeaderElection199
2025-10-22 08:25:32,831 [8aba082c-257b-43e3-ba61-5d436c5b38fa@group-45121E95117A-LeaderElection199] INFO  impl.RoleInfo (RoleInfo.java:updateAndGet(148)) - 8aba082c-257b-43e3-ba61-5d436c5b38fa: start 8aba082c-257b-43e3-ba61-5d436c5b38fa@group-45121E95117A-FollowerState
2025-10-22 08:25:33,505 [8aba082c-257b-43e3-ba61-5d436c5b38fa@group-E8ADAFC04A7A-FollowerState] INFO  impl.FollowerState (FollowerState.java:runImpl(161)) - 8aba082c-257b-43e3-ba61-5d436c5b38fa@group-E8ADAFC04A7A-FollowerState: change to CANDIDATE, lastRpcElapsedTime:1111274186ns, electionTimeout:1111ms
2025-10-22 08:25:33,506 [8aba082c-257b-43e3-ba61-5d436c5b38fa@group-E8ADAFC04A7A-FollowerState] INFO  impl.RoleInfo (RoleInfo.java:shutdownFollowerState(121)) - 8aba082c-257b-43e3-ba61-5d436c5b38fa: shutdown 8aba082c-257b-43e3-ba61-5d436c5b38fa@group-E8ADAFC04A7A-FollowerState
2025-10-22 08:25:33,506 [8aba082c-257b-43e3-ba61-5d436c5b38fa@group-E8ADAFC04A7A-FollowerState] INFO  server.RaftServer$Division (RaftServerImpl.java:setRole(392)) - 8aba082c-257b-43e3-ba61-5d436c5b38fa@group-E8ADAFC04A7A: changes role from  FOLLOWER to CANDIDATE at term 2 for changeToCandidate
2025-10-22 08:25:33,506 [8aba082c-257b-43e3-ba61-5d436c5b38fa@group-E8ADAFC04A7A-FollowerState] INFO  impl.RoleInfo (RoleInfo.java:updateAndGet(148)) - 8aba082c-257b-43e3-ba61-5d436c5b38fa: start 8aba082c-257b-43e3-ba61-5d436c5b38fa@group-E8ADAFC04A7A-LeaderElection200
2025-10-22 08:25:33,506 [8aba082c-257b-43e3-ba61-5d436c5b38fa@group-E8ADAFC04A7A-LeaderElection200] INFO  impl.LeaderElection (LeaderElection.java:askForVotes(448)) - 8aba082c-257b-43e3-ba61-5d436c5b38fa@group-E8ADAFC04A7A-LeaderElection200 PRE_VOTE round 0: submit vote requests at term 2 for conf: {index: 7, cur=peers:[9d21e184-bccf-4583-95a7-0fe616dd3b4b|127.0.0.1:15079, 8aba082c-257b-43e3-ba61-5d436c5b38fa|127.0.0.1:15063, 0cab5a7d-6f40-474c-9abd-0651cf30726e|127.0.0.1:15071]|listeners:[], old=null}
2025-10-22 08:25:33,507 [8aba082c-257b-43e3-ba61-5d436c5b38fa@group-E8ADAFC04A7A-LeaderElection200] INFO  impl.LeaderElection (LogUtils.java:infoOrTrace(142)) - 8aba082c-257b-43e3-ba61-5d436c5b38fa@group-E8ADAFC04A7A-LeaderElection200 got exception when requesting votes: java.util.concurrent.ExecutionException: org.apache.ratis.thirdparty.io.grpc.StatusRuntimeException: UNAVAILABLE: io exception
2025-10-22 08:25:33,507 [8aba082c-257b-43e3-ba61-5d436c5b38fa@group-E8ADAFC04A7A-LeaderElection200] INFO  impl.LeaderElection (LogUtils.java:infoOrTrace(142)) - 8aba082c-257b-43e3-ba61-5d436c5b38fa@group-E8ADAFC04A7A-LeaderElection200 got exception when requesting votes: java.util.concurrent.ExecutionException: org.apache.ratis.thirdparty.io.grpc.StatusRuntimeException: UNAVAILABLE: io exception
2025-10-22 08:25:33,507 [8aba082c-257b-43e3-ba61-5d436c5b38fa@group-E8ADAFC04A7A-LeaderElection200] INFO  impl.LeaderElection (LeaderElection.java:logAndReturn(206)) - 8aba082c-257b-43e3-ba61-5d436c5b38fa@group-E8ADAFC04A7A-LeaderElection200: PRE_VOTE REJECTED received 0 response(s) and 2 exception(s):
2025-10-22 08:25:33,507 [8aba082c-257b-43e3-ba61-5d436c5b38fa@group-E8ADAFC04A7A-LeaderElection200] INFO  impl.LeaderElection (LogUtils.java:infoOrTrace(142)) -   Exception 0: java.util.concurrent.ExecutionException: org.apache.ratis.thirdparty.io.grpc.StatusRuntimeException: UNAVAILABLE: io exception
2025-10-22 08:25:33,507 [8aba082c-257b-43e3-ba61-5d436c5b38fa@group-E8ADAFC04A7A-LeaderElection200] INFO  impl.LeaderElection (LogUtils.java:infoOrTrace(142)) -   Exception 1: java.util.concurrent.ExecutionException: org.apache.ratis.thirdparty.io.grpc.StatusRuntimeException: UNAVAILABLE: io exception
2025-10-22 08:25:33,507 [8aba082c-257b-43e3-ba61-5d436c5b38fa@group-E8ADAFC04A7A-LeaderElection200] INFO  impl.LeaderElection (LeaderElection.java:askForVotes(450)) - 8aba082c-257b-43e3-ba61-5d436c5b38fa@group-E8ADAFC04A7A-LeaderElection200 PRE_VOTE round 0: result REJECTED
2025-10-22 08:25:33,507 [8aba082c-257b-43e3-ba61-5d436c5b38fa@group-E8ADAFC04A7A-LeaderElection200] INFO  server.RaftServer$Division (RaftServerImpl.java:setRole(392)) - 8aba082c-257b-43e3-ba61-5d436c5b38fa@group-E8ADAFC04A7A: changes role from CANDIDATE to FOLLOWER at term 2 for REJECTED
2025-10-22 08:25:33,507 [8aba082c-257b-43e3-ba61-5d436c5b38fa@group-E8ADAFC04A7A-LeaderElection200] INFO  impl.RoleInfo (RoleInfo.java:shutdownLeaderElection(141)) - 8aba082c-257b-43e3-ba61-5d436c5b38fa: shutdown 8aba082c-257b-43e3-ba61-5d436c5b38fa@group-E8ADAFC04A7A-LeaderElection200
2025-10-22 08:25:33,507 [8aba082c-257b-43e3-ba61-5d436c5b38fa@group-E8ADAFC04A7A-LeaderElection200] INFO  impl.RoleInfo (RoleInfo.java:updateAndGet(148)) - 8aba082c-257b-43e3-ba61-5d436c5b38fa: start 8aba082c-257b-43e3-ba61-5d436c5b38fa@group-E8ADAFC04A7A-FollowerState
2025-10-22 08:25:33,976 [8aba082c-257b-43e3-ba61-5d436c5b38fa@group-45121E95117A-FollowerState] INFO  impl.FollowerState (FollowerState.java:runImpl(161)) - 8aba082c-257b-43e3-ba61-5d436c5b38fa@group-45121E95117A-FollowerState: change to CANDIDATE, lastRpcElapsedTime:1145459709ns, electionTimeout:1145ms
2025-10-22 08:25:33,976 [8aba082c-257b-43e3-ba61-5d436c5b38fa@group-45121E95117A-FollowerState] INFO  impl.RoleInfo (RoleInfo.java:shutdownFollowerState(121)) - 8aba082c-257b-43e3-ba61-5d436c5b38fa: shutdown 8aba082c-257b-43e3-ba61-5d436c5b38fa@group-45121E95117A-FollowerState
2025-10-22 08:25:33,976 [8aba082c-257b-43e3-ba61-5d436c5b38fa@group-45121E95117A-FollowerState] INFO  server.RaftServer$Division (RaftServerImpl.java:setRole(392)) - 8aba082c-257b-43e3-ba61-5d436c5b38fa@group-45121E95117A: changes role from  FOLLOWER to CANDIDATE at term 1 for changeToCandidate
2025-10-22 08:25:33,976 [8aba082c-257b-43e3-ba61-5d436c5b38fa@group-45121E95117A-FollowerState] INFO  impl.RoleInfo (RoleInfo.java:updateAndGet(148)) - 8aba082c-257b-43e3-ba61-5d436c5b38fa: start 8aba082c-257b-43e3-ba61-5d436c5b38fa@group-45121E95117A-LeaderElection201
2025-10-22 08:25:33,977 [8aba082c-257b-43e3-ba61-5d436c5b38fa@group-45121E95117A-LeaderElection201] INFO  impl.LeaderElection (LeaderElection.java:askForVotes(448)) - 8aba082c-257b-43e3-ba61-5d436c5b38fa@group-45121E95117A-LeaderElection201 PRE_VOTE round 0: submit vote requests at term 1 for conf: {index: 0, cur=peers:[9d21e184-bccf-4583-95a7-0fe616dd3b4b|127.0.0.1:15079, 8aba082c-257b-43e3-ba61-5d436c5b38fa|127.0.0.1:15063, 0cab5a7d-6f40-474c-9abd-0651cf30726e|127.0.0.1:15071]|listeners:[], old=null}
2025-10-22 08:25:33,977 [8aba082c-257b-43e3-ba61-5d436c5b38fa@group-45121E95117A-LeaderElection201] INFO  impl.LeaderElection (LogUtils.java:infoOrTrace(142)) - 8aba082c-257b-43e3-ba61-5d436c5b38fa@group-45121E95117A-LeaderElection201 got exception when requesting votes: java.util.concurrent.ExecutionException: org.apache.ratis.thirdparty.io.grpc.StatusRuntimeException: UNAVAILABLE: io exception
2025-10-22 08:25:33,977 [8aba082c-257b-43e3-ba61-5d436c5b38fa@group-45121E95117A-LeaderElection201] INFO  impl.LeaderElection (LogUtils.java:infoOrTrace(142)) - 8aba082c-257b-43e3-ba61-5d436c5b38fa@group-45121E95117A-LeaderElection201 got exception when requesting votes: java.util.concurrent.ExecutionException: org.apache.ratis.thirdparty.io.grpc.StatusRuntimeException: UNAVAILABLE: io exception
2025-10-22 08:25:33,977 [8aba082c-257b-43e3-ba61-5d436c5b38fa@group-45121E95117A-LeaderElection201] INFO  impl.LeaderElection (LeaderElection.java:logAndReturn(206)) - 8aba082c-257b-43e3-ba61-5d436c5b38fa@group-45121E95117A-LeaderElection201: PRE_VOTE REJECTED received 0 response(s) and 2 exception(s):
2025-10-22 08:25:33,977 [8aba082c-257b-43e3-ba61-5d436c5b38fa@group-45121E95117A-LeaderElection201] INFO  impl.LeaderElection (LogUtils.java:infoOrTrace(142)) -   Exception 0: java.util.concurrent.ExecutionException: org.apache.ratis.thirdparty.io.grpc.StatusRuntimeException: UNAVAILABLE: io exception
2025-10-22 08:25:33,977 [8aba082c-257b-43e3-ba61-5d436c5b38fa@group-45121E95117A-LeaderElection201] INFO  impl.LeaderElection (LogUtils.java:infoOrTrace(142)) -   Exception 1: java.util.concurrent.ExecutionException: org.apache.ratis.thirdparty.io.grpc.StatusRuntimeException: UNAVAILABLE: io exception
2025-10-22 08:25:33,978 [8aba082c-257b-43e3-ba61-5d436c5b38fa@group-45121E95117A-LeaderElection201] INFO  impl.LeaderElection (LeaderElection.java:askForVotes(450)) - 8aba082c-257b-43e3-ba61-5d436c5b38fa@group-45121E95117A-LeaderElection201 PRE_VOTE round 0: result REJECTED
2025-10-22 08:25:33,978 [8aba082c-257b-43e3-ba61-5d436c5b38fa@group-45121E95117A-LeaderElection201] INFO  server.RaftServer$Division (RaftServerImpl.java:setRole(392)) - 8aba082c-257b-43e3-ba61-5d436c5b38fa@group-45121E95117A: changes role from CANDIDATE to FOLLOWER at term 1 for REJECTED
2025-10-22 08:25:33,978 [8aba082c-257b-43e3-ba61-5d436c5b38fa@group-45121E95117A-LeaderElection201] INFO  impl.RoleInfo (RoleInfo.java:shutdownLeaderElection(141)) - 8aba082c-257b-43e3-ba61-5d436c5b38fa: shutdown 8aba082c-257b-43e3-ba61-5d436c5b38fa@group-45121E95117A-LeaderElection201
2025-10-22 08:25:33,978 [8aba082c-257b-43e3-ba61-5d436c5b38fa@group-45121E95117A-LeaderElection201] INFO  impl.RoleInfo (RoleInfo.java:updateAndGet(148)) - 8aba082c-257b-43e3-ba61-5d436c5b38fa: start 8aba082c-257b-43e3-ba61-5d436c5b38fa@group-45121E95117A-FollowerState
2025-10-22 08:25:34,560 [8aba082c-257b-43e3-ba61-5d436c5b38fa@group-E8ADAFC04A7A-FollowerState] INFO  impl.FollowerState (FollowerState.java:runImpl(161)) - 8aba082c-257b-43e3-ba61-5d436c5b38fa@group-E8ADAFC04A7A-FollowerState: change to CANDIDATE, lastRpcElapsedTime:1053272714ns, electionTimeout:1053ms
2025-10-22 08:25:34,561 [8aba082c-257b-43e3-ba61-5d436c5b38fa@group-E8ADAFC04A7A-FollowerState] INFO  impl.RoleInfo (RoleInfo.java:shutdownFollowerState(121)) - 8aba082c-257b-43e3-ba61-5d436c5b38fa: shutdown 8aba082c-257b-43e3-ba61-5d436c5b38fa@group-E8ADAFC04A7A-FollowerState
2025-10-22 08:25:34,561 [8aba082c-257b-43e3-ba61-5d436c5b38fa@group-E8ADAFC04A7A-FollowerState] INFO  server.RaftServer$Division (RaftServerImpl.java:setRole(392)) - 8aba082c-257b-43e3-ba61-5d436c5b38fa@group-E8ADAFC04A7A: changes role from  FOLLOWER to CANDIDATE at term 2 for changeToCandidate
2025-10-22 08:25:34,561 [8aba082c-257b-43e3-ba61-5d436c5b38fa@group-E8ADAFC04A7A-FollowerState] INFO  impl.RoleInfo (RoleInfo.java:updateAndGet(148)) - 8aba082c-257b-43e3-ba61-5d436c5b38fa: start 8aba082c-257b-43e3-ba61-5d436c5b38fa@group-E8ADAFC04A7A-LeaderElection202
2025-10-22 08:25:34,561 [8aba082c-257b-43e3-ba61-5d436c5b38fa@group-E8ADAFC04A7A-LeaderElection202] INFO  impl.LeaderElection (LeaderElection.java:askForVotes(448)) - 8aba082c-257b-43e3-ba61-5d436c5b38fa@group-E8ADAFC04A7A-LeaderElection202 PRE_VOTE round 0: submit vote requests at term 2 for conf: {index: 7, cur=peers:[9d21e184-bccf-4583-95a7-0fe616dd3b4b|127.0.0.1:15079, 8aba082c-257b-43e3-ba61-5d436c5b38fa|127.0.0.1:15063, 0cab5a7d-6f40-474c-9abd-0651cf30726e|127.0.0.1:15071]|listeners:[], old=null}
2025-10-22 08:25:34,562 [8aba082c-257b-43e3-ba61-5d436c5b38fa@group-E8ADAFC04A7A-LeaderElection202] INFO  impl.LeaderElection (LogUtils.java:infoOrTrace(142)) - 8aba082c-257b-43e3-ba61-5d436c5b38fa@group-E8ADAFC04A7A-LeaderElection202 got exception when requesting votes: java.util.concurrent.ExecutionException: org.apache.ratis.thirdparty.io.grpc.StatusRuntimeException: UNAVAILABLE: io exception
2025-10-22 08:25:34,562 [8aba082c-257b-43e3-ba61-5d436c5b38fa@group-E8ADAFC04A7A-LeaderElection202] INFO  impl.LeaderElection (LogUtils.java:infoOrTrace(142)) - 8aba082c-257b-43e3-ba61-5d436c5b38fa@group-E8ADAFC04A7A-LeaderElection202 got exception when requesting votes: java.util.concurrent.ExecutionException: org.apache.ratis.thirdparty.io.grpc.StatusRuntimeException: UNAVAILABLE: io exception
2025-10-22 08:25:34,562 [8aba082c-257b-43e3-ba61-5d436c5b38fa@group-E8ADAFC04A7A-LeaderElection202] INFO  impl.LeaderElection (LeaderElection.java:logAndReturn(206)) - 8aba082c-257b-43e3-ba61-5d436c5b38fa@group-E8ADAFC04A7A-LeaderElection202: PRE_VOTE REJECTED received 0 response(s) and 2 exception(s):
2025-10-22 08:25:34,562 [8aba082c-257b-43e3-ba61-5d436c5b38fa@group-E8ADAFC04A7A-LeaderElection202] INFO  impl.LeaderElection (LogUtils.java:infoOrTrace(142)) -   Exception 0: java.util.concurrent.ExecutionException: org.apache.ratis.thirdparty.io.grpc.StatusRuntimeException: UNAVAILABLE: io exception
2025-10-22 08:25:34,562 [8aba082c-257b-43e3-ba61-5d436c5b38fa@group-E8ADAFC04A7A-LeaderElection202] INFO  impl.LeaderElection (LogUtils.java:infoOrTrace(142)) -   Exception 1: java.util.concurrent.ExecutionException: org.apache.ratis.thirdparty.io.grpc.StatusRuntimeException: UNAVAILABLE: io exception
2025-10-22 08:25:34,562 [8aba082c-257b-43e3-ba61-5d436c5b38fa@group-E8ADAFC04A7A-LeaderElection202] INFO  impl.LeaderElection (LeaderElection.java:askForVotes(450)) - 8aba082c-257b-43e3-ba61-5d436c5b38fa@group-E8ADAFC04A7A-LeaderElection202 PRE_VOTE round 0: result REJECTED
2025-10-22 08:25:34,562 [8aba082c-257b-43e3-ba61-5d436c5b38fa@group-E8ADAFC04A7A-LeaderElection202] INFO  server.RaftServer$Division (RaftServerImpl.java:setRole(392)) - 8aba082c-257b-43e3-ba61-5d436c5b38fa@group-E8ADAFC04A7A: changes role from CANDIDATE to FOLLOWER at term 2 for REJECTED
2025-10-22 08:25:34,562 [8aba082c-257b-43e3-ba61-5d436c5b38fa@group-E8ADAFC04A7A-LeaderElection202] INFO  impl.RoleInfo (RoleInfo.java:shutdownLeaderElection(141)) - 8aba082c-257b-43e3-ba61-5d436c5b38fa: shutdown 8aba082c-257b-43e3-ba61-5d436c5b38fa@group-E8ADAFC04A7A-LeaderElection202
2025-10-22 08:25:34,562 [8aba082c-257b-43e3-ba61-5d436c5b38fa@group-E8ADAFC04A7A-LeaderElection202] INFO  impl.RoleInfo (RoleInfo.java:updateAndGet(148)) - 8aba082c-257b-43e3-ba61-5d436c5b38fa: start 8aba082c-257b-43e3-ba61-5d436c5b38fa@group-E8ADAFC04A7A-FollowerState
2025-10-22 08:25:34,743 [865d5785-f699-439e-a1bb-b7d8c2e8d3c0-server-thread1] INFO  server.RaftServer$Division (RaftServerImpl.java:takeSnapshotAsync(1241)) - 865d5785-f699-439e-a1bb-b7d8c2e8d3c0@group-9946BCEAA3A0: takeSnapshotAsync SnapshotManagementRequest:client-C8689AE735B2->865d5785-f699-439e-a1bb-b7d8c2e8d3c0@group-9946BCEAA3A0, cid=43, seq=null, RO, null, Create:
2025-10-22 08:25:34,744 [865d5785-f699-439e-a1bb-b7d8c2e8d3c0-server-thread1] INFO  server.RaftServerConfigKeys (ConfUtils.java:logGet(62)) - raft.server.snapshot.creation.gap = 1024 (default)
2025-10-22 08:25:35,081 [grpc-default-executor-2] ERROR impl.OrderedAsync (OrderedAsync.java:lambda$null$6(215)) -  client-2101DF798DA8: Failed* RaftClientRequest:client-2101DF798DA8->8aba082c-257b-43e3-ba61-5d436c5b38fa@group-45121E95117A, cid=54, seq=6*, RW, cmdType: WriteChunk traceID: "" containerID: 6 datanodeUuid: "0cab5a7d-6f40-474c-9abd-0651cf30726e" writeChunk { blockID { containerID: 6 localID: 115816896921600007 blockCommitSequenceId: 4 replicaIndex: 0 } chunkData { chunkName: "115816896921600007_chunk_3" offset: 2097152 len: 524288 } } version: 3, data.size=524288
java.util.concurrent.CompletionException: org.apache.ratis.protocol.exceptions.NotLeaderException: Server 8aba082c-257b-43e3-ba61-5d436c5b38fa@group-45121E95117A is not the leader
	at java.base/java.util.concurrent.CompletableFuture.encodeThrowable(CompletableFuture.java:332)
	at java.base/java.util.concurrent.CompletableFuture.completeThrowable(CompletableFuture.java:347)
	at java.base/java.util.concurrent.CompletableFuture$UniAccept.tryFire(CompletableFuture.java:708)
	at java.base/java.util.concurrent.CompletableFuture.postComplete(CompletableFuture.java:510)
	at java.base/java.util.concurrent.CompletableFuture.completeExceptionally(CompletableFuture.java:2194)
	at org.apache.ratis.grpc.client.GrpcClientProtocolClient$AsyncStreamObservers.completeReplyExceptionally(GrpcClientProtocolClient.java:397)
	at org.apache.ratis.grpc.client.GrpcClientProtocolClient$AsyncStreamObservers.access$000(GrpcClientProtocolClient.java:303)
	at org.apache.ratis.grpc.client.GrpcClientProtocolClient$AsyncStreamObservers$1.onNext(GrpcClientProtocolClient.java:317)
	at org.apache.ratis.grpc.client.GrpcClientProtocolClient$AsyncStreamObservers$1.onNext(GrpcClientProtocolClient.java:308)
	at org.apache.ratis.thirdparty.io.grpc.stub.ClientCalls$StreamObserverToCallListenerAdapter.onMessage(ClientCalls.java:551)
	at org.apache.ratis.thirdparty.io.grpc.ForwardingClientCallListener.onMessage(ForwardingClientCallListener.java:33)
	at org.apache.ratis.thirdparty.io.grpc.internal.ClientCallImpl$ClientStreamListenerImpl$1MessagesAvailable.runInternal(ClientCallImpl.java:661)
	at org.apache.ratis.thirdparty.io.grpc.internal.ClientCallImpl$ClientStreamListenerImpl$1MessagesAvailable.runInContext(ClientCallImpl.java:648)
	at org.apache.ratis.thirdparty.io.grpc.internal.ContextRunnable.run(ContextRunnable.java:37)
	at org.apache.ratis.thirdparty.io.grpc.internal.SerializingExecutor.run(SerializingExecutor.java:133)
	at java.base/java.util.concurrent.ThreadPoolExecutor.runWorker(ThreadPoolExecutor.java:1144)
	at java.base/java.util.concurrent.ThreadPoolExecutor$Worker.run(ThreadPoolExecutor.java:642)
	at java.base/java.lang.Thread.run(Thread.java:1583)
Caused by: org.apache.ratis.protocol.exceptions.NotLeaderException: Server 8aba082c-257b-43e3-ba61-5d436c5b38fa@group-45121E95117A is not the leader
	at org.apache.ratis.client.impl.ClientProtoUtils.toRaftClientReply(ClientProtoUtils.java:402)
	at org.apache.ratis.grpc.client.GrpcClientProtocolClient$AsyncStreamObservers$1.onNext(GrpcClientProtocolClient.java:313)
	... 10 more
2025-10-22 08:25:35,099 [8aba082c-257b-43e3-ba61-5d436c5b38fa@group-45121E95117A-FollowerState] INFO  impl.FollowerState (FollowerState.java:runImpl(161)) - 8aba082c-257b-43e3-ba61-5d436c5b38fa@group-45121E95117A-FollowerState: change to CANDIDATE, lastRpcElapsedTime:1121274402ns, electionTimeout:1121ms
2025-10-22 08:25:35,099 [8aba082c-257b-43e3-ba61-5d436c5b38fa@group-45121E95117A-FollowerState] INFO  impl.RoleInfo (RoleInfo.java:shutdownFollowerState(121)) - 8aba082c-257b-43e3-ba61-5d436c5b38fa: shutdown 8aba082c-257b-43e3-ba61-5d436c5b38fa@group-45121E95117A-FollowerState
2025-10-22 08:25:35,099 [8aba082c-257b-43e3-ba61-5d436c5b38fa@group-45121E95117A-FollowerState] INFO  server.RaftServer$Division (RaftServerImpl.java:setRole(392)) - 8aba082c-257b-43e3-ba61-5d436c5b38fa@group-45121E95117A: changes role from  FOLLOWER to CANDIDATE at term 1 for changeToCandidate
2025-10-22 08:25:35,099 [8aba082c-257b-43e3-ba61-5d436c5b38fa@group-45121E95117A-FollowerState] INFO  impl.RoleInfo (RoleInfo.java:updateAndGet(148)) - 8aba082c-257b-43e3-ba61-5d436c5b38fa: start 8aba082c-257b-43e3-ba61-5d436c5b38fa@group-45121E95117A-LeaderElection203
2025-10-22 08:25:35,100 [8aba082c-257b-43e3-ba61-5d436c5b38fa@group-45121E95117A-LeaderElection203] INFO  impl.LeaderElection (LeaderElection.java:askForVotes(448)) - 8aba082c-257b-43e3-ba61-5d436c5b38fa@group-45121E95117A-LeaderElection203 PRE_VOTE round 0: submit vote requests at term 1 for conf: {index: 0, cur=peers:[9d21e184-bccf-4583-95a7-0fe616dd3b4b|127.0.0.1:15079, 8aba082c-257b-43e3-ba61-5d436c5b38fa|127.0.0.1:15063, 0cab5a7d-6f40-474c-9abd-0651cf30726e|127.0.0.1:15071]|listeners:[], old=null}
2025-10-22 08:25:35,100 [8aba082c-257b-43e3-ba61-5d436c5b38fa@group-45121E95117A-LeaderElection203] INFO  impl.LeaderElection (LogUtils.java:infoOrTrace(142)) - 8aba082c-257b-43e3-ba61-5d436c5b38fa@group-45121E95117A-LeaderElection203 got exception when requesting votes: java.util.concurrent.ExecutionException: org.apache.ratis.thirdparty.io.grpc.StatusRuntimeException: UNAVAILABLE: io exception
2025-10-22 08:25:35,100 [8aba082c-257b-43e3-ba61-5d436c5b38fa@group-45121E95117A-LeaderElection203] INFO  impl.LeaderElection (LogUtils.java:infoOrTrace(142)) - 8aba082c-257b-43e3-ba61-5d436c5b38fa@group-45121E95117A-LeaderElection203 got exception when requesting votes: java.util.concurrent.ExecutionException: org.apache.ratis.thirdparty.io.grpc.StatusRuntimeException: UNAVAILABLE: io exception
2025-10-22 08:25:35,100 [8aba082c-257b-43e3-ba61-5d436c5b38fa@group-45121E95117A-LeaderElection203] INFO  impl.LeaderElection (LeaderElection.java:logAndReturn(206)) - 8aba082c-257b-43e3-ba61-5d436c5b38fa@group-45121E95117A-LeaderElection203: PRE_VOTE REJECTED received 0 response(s) and 2 exception(s):
2025-10-22 08:25:35,100 [8aba082c-257b-43e3-ba61-5d436c5b38fa@group-45121E95117A-LeaderElection203] INFO  impl.LeaderElection (LogUtils.java:infoOrTrace(142)) -   Exception 0: java.util.concurrent.ExecutionException: org.apache.ratis.thirdparty.io.grpc.StatusRuntimeException: UNAVAILABLE: io exception
2025-10-22 08:25:35,100 [8aba082c-257b-43e3-ba61-5d436c5b38fa@group-45121E95117A-LeaderElection203] INFO  impl.LeaderElection (LogUtils.java:infoOrTrace(142)) -   Exception 1: java.util.concurrent.ExecutionException: org.apache.ratis.thirdparty.io.grpc.StatusRuntimeException: UNAVAILABLE: io exception
2025-10-22 08:25:35,100 [8aba082c-257b-43e3-ba61-5d436c5b38fa@group-45121E95117A-LeaderElection203] INFO  impl.LeaderElection (LeaderElection.java:askForVotes(450)) - 8aba082c-257b-43e3-ba61-5d436c5b38fa@group-45121E95117A-LeaderElection203 PRE_VOTE round 0: result REJECTED
2025-10-22 08:25:35,100 [8aba082c-257b-43e3-ba61-5d436c5b38fa@group-45121E95117A-LeaderElection203] INFO  server.RaftServer$Division (RaftServerImpl.java:setRole(392)) - 8aba082c-257b-43e3-ba61-5d436c5b38fa@group-45121E95117A: changes role from CANDIDATE to FOLLOWER at term 1 for REJECTED
2025-10-22 08:25:35,100 [8aba082c-257b-43e3-ba61-5d436c5b38fa@group-45121E95117A-LeaderElection203] INFO  impl.RoleInfo (RoleInfo.java:shutdownLeaderElection(141)) - 8aba082c-257b-43e3-ba61-5d436c5b38fa: shutdown 8aba082c-257b-43e3-ba61-5d436c5b38fa@group-45121E95117A-LeaderElection203
2025-10-22 08:25:35,101 [8aba082c-257b-43e3-ba61-5d436c5b38fa@group-45121E95117A-LeaderElection203] INFO  impl.RoleInfo (RoleInfo.java:updateAndGet(148)) - 8aba082c-257b-43e3-ba61-5d436c5b38fa: start 8aba082c-257b-43e3-ba61-5d436c5b38fa@group-45121E95117A-FollowerState
2025-10-22 08:25:35,672 [8aba082c-257b-43e3-ba61-5d436c5b38fa@group-E8ADAFC04A7A-FollowerState] INFO  impl.FollowerState (FollowerState.java:runImpl(161)) - 8aba082c-257b-43e3-ba61-5d436c5b38fa@group-E8ADAFC04A7A-FollowerState: change to CANDIDATE, lastRpcElapsedTime:1109388951ns, electionTimeout:1109ms
2025-10-22 08:25:35,672 [8aba082c-257b-43e3-ba61-5d436c5b38fa@group-E8ADAFC04A7A-FollowerState] INFO  impl.RoleInfo (RoleInfo.java:shutdownFollowerState(121)) - 8aba082c-257b-43e3-ba61-5d436c5b38fa: shutdown 8aba082c-257b-43e3-ba61-5d436c5b38fa@group-E8ADAFC04A7A-FollowerState
2025-10-22 08:25:35,672 [8aba082c-257b-43e3-ba61-5d436c5b38fa@group-E8ADAFC04A7A-FollowerState] INFO  server.RaftServer$Division (RaftServerImpl.java:setRole(392)) - 8aba082c-257b-43e3-ba61-5d436c5b38fa@group-E8ADAFC04A7A: changes role from  FOLLOWER to CANDIDATE at term 2 for changeToCandidate
2025-10-22 08:25:35,672 [8aba082c-257b-43e3-ba61-5d436c5b38fa@group-E8ADAFC04A7A-FollowerState] INFO  impl.RoleInfo (RoleInfo.java:updateAndGet(148)) - 8aba082c-257b-43e3-ba61-5d436c5b38fa: start 8aba082c-257b-43e3-ba61-5d436c5b38fa@group-E8ADAFC04A7A-LeaderElection204
2025-10-22 08:25:35,672 [8aba082c-257b-43e3-ba61-5d436c5b38fa@group-E8ADAFC04A7A-LeaderElection204] INFO  impl.LeaderElection (LeaderElection.java:askForVotes(448)) - 8aba082c-257b-43e3-ba61-5d436c5b38fa@group-E8ADAFC04A7A-LeaderElection204 PRE_VOTE round 0: submit vote requests at term 2 for conf: {index: 7, cur=peers:[9d21e184-bccf-4583-95a7-0fe616dd3b4b|127.0.0.1:15079, 8aba082c-257b-43e3-ba61-5d436c5b38fa|127.0.0.1:15063, 0cab5a7d-6f40-474c-9abd-0651cf30726e|127.0.0.1:15071]|listeners:[], old=null}
2025-10-22 08:25:35,673 [8aba082c-257b-43e3-ba61-5d436c5b38fa@group-E8ADAFC04A7A-LeaderElection204] INFO  impl.LeaderElection (LogUtils.java:infoOrTrace(142)) - 8aba082c-257b-43e3-ba61-5d436c5b38fa@group-E8ADAFC04A7A-LeaderElection204 got exception when requesting votes: java.util.concurrent.ExecutionException: org.apache.ratis.thirdparty.io.grpc.StatusRuntimeException: UNAVAILABLE: io exception
2025-10-22 08:25:35,673 [8aba082c-257b-43e3-ba61-5d436c5b38fa@group-E8ADAFC04A7A-LeaderElection204] INFO  impl.LeaderElection (LogUtils.java:infoOrTrace(142)) - 8aba082c-257b-43e3-ba61-5d436c5b38fa@group-E8ADAFC04A7A-LeaderElection204 got exception when requesting votes: java.util.concurrent.ExecutionException: org.apache.ratis.thirdparty.io.grpc.StatusRuntimeException: UNAVAILABLE: io exception
2025-10-22 08:25:35,673 [8aba082c-257b-43e3-ba61-5d436c5b38fa@group-E8ADAFC04A7A-LeaderElection204] INFO  impl.LeaderElection (LeaderElection.java:logAndReturn(206)) - 8aba082c-257b-43e3-ba61-5d436c5b38fa@group-E8ADAFC04A7A-LeaderElection204: PRE_VOTE REJECTED received 0 response(s) and 2 exception(s):
2025-10-22 08:25:35,673 [8aba082c-257b-43e3-ba61-5d436c5b38fa@group-E8ADAFC04A7A-LeaderElection204] INFO  impl.LeaderElection (LogUtils.java:infoOrTrace(142)) -   Exception 0: java.util.concurrent.ExecutionException: org.apache.ratis.thirdparty.io.grpc.StatusRuntimeException: UNAVAILABLE: io exception
2025-10-22 08:25:35,673 [8aba082c-257b-43e3-ba61-5d436c5b38fa@group-E8ADAFC04A7A-LeaderElection204] INFO  impl.LeaderElection (LogUtils.java:infoOrTrace(142)) -   Exception 1: java.util.concurrent.ExecutionException: org.apache.ratis.thirdparty.io.grpc.StatusRuntimeException: UNAVAILABLE: io exception
2025-10-22 08:25:35,673 [8aba082c-257b-43e3-ba61-5d436c5b38fa@group-E8ADAFC04A7A-LeaderElection204] INFO  impl.LeaderElection (LeaderElection.java:askForVotes(450)) - 8aba082c-257b-43e3-ba61-5d436c5b38fa@group-E8ADAFC04A7A-LeaderElection204 PRE_VOTE round 0: result REJECTED
2025-10-22 08:25:35,673 [8aba082c-257b-43e3-ba61-5d436c5b38fa@group-E8ADAFC04A7A-LeaderElection204] INFO  server.RaftServer$Division (RaftServerImpl.java:setRole(392)) - 8aba082c-257b-43e3-ba61-5d436c5b38fa@group-E8ADAFC04A7A: changes role from CANDIDATE to FOLLOWER at term 2 for REJECTED
2025-10-22 08:25:35,673 [8aba082c-257b-43e3-ba61-5d436c5b38fa@group-E8ADAFC04A7A-LeaderElection204] INFO  impl.RoleInfo (RoleInfo.java:shutdownLeaderElection(141)) - 8aba082c-257b-43e3-ba61-5d436c5b38fa: shutdown 8aba082c-257b-43e3-ba61-5d436c5b38fa@group-E8ADAFC04A7A-LeaderElection204
2025-10-22 08:25:35,673 [8aba082c-257b-43e3-ba61-5d436c5b38fa@group-E8ADAFC04A7A-LeaderElection204] INFO  impl.RoleInfo (RoleInfo.java:updateAndGet(148)) - 8aba082c-257b-43e3-ba61-5d436c5b38fa: start 8aba082c-257b-43e3-ba61-5d436c5b38fa@group-E8ADAFC04A7A-FollowerState
2025-10-22 08:25:36,106 [8aba082c-257b-43e3-ba61-5d436c5b38fa@group-45121E95117A-FollowerState] INFO  impl.FollowerState (FollowerState.java:runImpl(161)) - 8aba082c-257b-43e3-ba61-5d436c5b38fa@group-45121E95117A-FollowerState: change to CANDIDATE, lastRpcElapsedTime:1005261281ns, electionTimeout:1005ms
2025-10-22 08:25:36,106 [8aba082c-257b-43e3-ba61-5d436c5b38fa@group-45121E95117A-FollowerState] INFO  impl.RoleInfo (RoleInfo.java:shutdownFollowerState(121)) - 8aba082c-257b-43e3-ba61-5d436c5b38fa: shutdown 8aba082c-257b-43e3-ba61-5d436c5b38fa@group-45121E95117A-FollowerState
2025-10-22 08:25:36,106 [8aba082c-257b-43e3-ba61-5d436c5b38fa@group-45121E95117A-FollowerState] INFO  server.RaftServer$Division (RaftServerImpl.java:setRole(392)) - 8aba082c-257b-43e3-ba61-5d436c5b38fa@group-45121E95117A: changes role from  FOLLOWER to CANDIDATE at term 1 for changeToCandidate
2025-10-22 08:25:36,106 [8aba082c-257b-43e3-ba61-5d436c5b38fa@group-45121E95117A-FollowerState] INFO  impl.RoleInfo (RoleInfo.java:updateAndGet(148)) - 8aba082c-257b-43e3-ba61-5d436c5b38fa: start 8aba082c-257b-43e3-ba61-5d436c5b38fa@group-45121E95117A-LeaderElection205
2025-10-22 08:25:36,106 [8aba082c-257b-43e3-ba61-5d436c5b38fa@group-45121E95117A-LeaderElection205] INFO  impl.LeaderElection (LeaderElection.java:askForVotes(448)) - 8aba082c-257b-43e3-ba61-5d436c5b38fa@group-45121E95117A-LeaderElection205 PRE_VOTE round 0: submit vote requests at term 1 for conf: {index: 0, cur=peers:[9d21e184-bccf-4583-95a7-0fe616dd3b4b|127.0.0.1:15079, 8aba082c-257b-43e3-ba61-5d436c5b38fa|127.0.0.1:15063, 0cab5a7d-6f40-474c-9abd-0651cf30726e|127.0.0.1:15071]|listeners:[], old=null}
2025-10-22 08:25:36,107 [8aba082c-257b-43e3-ba61-5d436c5b38fa@group-45121E95117A-LeaderElection205] INFO  impl.LeaderElection (LogUtils.java:infoOrTrace(142)) - 8aba082c-257b-43e3-ba61-5d436c5b38fa@group-45121E95117A-LeaderElection205 got exception when requesting votes: java.util.concurrent.ExecutionException: org.apache.ratis.thirdparty.io.grpc.StatusRuntimeException: UNAVAILABLE: io exception
2025-10-22 08:25:36,107 [8aba082c-257b-43e3-ba61-5d436c5b38fa@group-45121E95117A-LeaderElection205] INFO  impl.LeaderElection (LogUtils.java:infoOrTrace(142)) - 8aba082c-257b-43e3-ba61-5d436c5b38fa@group-45121E95117A-LeaderElection205 got exception when requesting votes: java.util.concurrent.ExecutionException: org.apache.ratis.thirdparty.io.grpc.StatusRuntimeException: UNAVAILABLE: io exception
2025-10-22 08:25:36,107 [8aba082c-257b-43e3-ba61-5d436c5b38fa@group-45121E95117A-LeaderElection205] INFO  impl.LeaderElection (LeaderElection.java:logAndReturn(206)) - 8aba082c-257b-43e3-ba61-5d436c5b38fa@group-45121E95117A-LeaderElection205: PRE_VOTE REJECTED received 0 response(s) and 2 exception(s):
2025-10-22 08:25:36,107 [8aba082c-257b-43e3-ba61-5d436c5b38fa@group-45121E95117A-LeaderElection205] INFO  impl.LeaderElection (LogUtils.java:infoOrTrace(142)) -   Exception 0: java.util.concurrent.ExecutionException: org.apache.ratis.thirdparty.io.grpc.StatusRuntimeException: UNAVAILABLE: io exception
2025-10-22 08:25:36,107 [8aba082c-257b-43e3-ba61-5d436c5b38fa@group-45121E95117A-LeaderElection205] INFO  impl.LeaderElection (LogUtils.java:infoOrTrace(142)) -   Exception 1: java.util.concurrent.ExecutionException: org.apache.ratis.thirdparty.io.grpc.StatusRuntimeException: UNAVAILABLE: io exception
2025-10-22 08:25:36,107 [8aba082c-257b-43e3-ba61-5d436c5b38fa@group-45121E95117A-LeaderElection205] INFO  impl.LeaderElection (LeaderElection.java:askForVotes(450)) - 8aba082c-257b-43e3-ba61-5d436c5b38fa@group-45121E95117A-LeaderElection205 PRE_VOTE round 0: result REJECTED
2025-10-22 08:25:36,107 [8aba082c-257b-43e3-ba61-5d436c5b38fa@group-45121E95117A-LeaderElection205] INFO  server.RaftServer$Division (RaftServerImpl.java:setRole(392)) - 8aba082c-257b-43e3-ba61-5d436c5b38fa@group-45121E95117A: changes role from CANDIDATE to FOLLOWER at term 1 for REJECTED
2025-10-22 08:25:36,107 [8aba082c-257b-43e3-ba61-5d436c5b38fa@group-45121E95117A-LeaderElection205] INFO  impl.RoleInfo (RoleInfo.java:shutdownLeaderElection(141)) - 8aba082c-257b-43e3-ba61-5d436c5b38fa: shutdown 8aba082c-257b-43e3-ba61-5d436c5b38fa@group-45121E95117A-LeaderElection205
2025-10-22 08:25:36,107 [8aba082c-257b-43e3-ba61-5d436c5b38fa@group-45121E95117A-LeaderElection205] INFO  impl.RoleInfo (RoleInfo.java:updateAndGet(148)) - 8aba082c-257b-43e3-ba61-5d436c5b38fa: start 8aba082c-257b-43e3-ba61-5d436c5b38fa@group-45121E95117A-FollowerState
2025-10-22 08:25:36,848 [8aba082c-257b-43e3-ba61-5d436c5b38fa@group-E8ADAFC04A7A-FollowerState] INFO  impl.FollowerState (FollowerState.java:runImpl(161)) - 8aba082c-257b-43e3-ba61-5d436c5b38fa@group-E8ADAFC04A7A-FollowerState: change to CANDIDATE, lastRpcElapsedTime:1175296015ns, electionTimeout:1175ms
2025-10-22 08:25:36,848 [8aba082c-257b-43e3-ba61-5d436c5b38fa@group-E8ADAFC04A7A-FollowerState] INFO  impl.RoleInfo (RoleInfo.java:shutdownFollowerState(121)) - 8aba082c-257b-43e3-ba61-5d436c5b38fa: shutdown 8aba082c-257b-43e3-ba61-5d436c5b38fa@group-E8ADAFC04A7A-FollowerState
2025-10-22 08:25:36,848 [8aba082c-257b-43e3-ba61-5d436c5b38fa@group-E8ADAFC04A7A-FollowerState] INFO  server.RaftServer$Division (RaftServerImpl.java:setRole(392)) - 8aba082c-257b-43e3-ba61-5d436c5b38fa@group-E8ADAFC04A7A: changes role from  FOLLOWER to CANDIDATE at term 2 for changeToCandidate
2025-10-22 08:25:36,849 [8aba082c-257b-43e3-ba61-5d436c5b38fa@group-E8ADAFC04A7A-FollowerState] INFO  impl.RoleInfo (RoleInfo.java:updateAndGet(148)) - 8aba082c-257b-43e3-ba61-5d436c5b38fa: start 8aba082c-257b-43e3-ba61-5d436c5b38fa@group-E8ADAFC04A7A-LeaderElection206
2025-10-22 08:25:36,849 [8aba082c-257b-43e3-ba61-5d436c5b38fa@group-E8ADAFC04A7A-LeaderElection206] INFO  impl.LeaderElection (LeaderElection.java:askForVotes(448)) - 8aba082c-257b-43e3-ba61-5d436c5b38fa@group-E8ADAFC04A7A-LeaderElection206 PRE_VOTE round 0: submit vote requests at term 2 for conf: {index: 7, cur=peers:[9d21e184-bccf-4583-95a7-0fe616dd3b4b|127.0.0.1:15079, 8aba082c-257b-43e3-ba61-5d436c5b38fa|127.0.0.1:15063, 0cab5a7d-6f40-474c-9abd-0651cf30726e|127.0.0.1:15071]|listeners:[], old=null}
2025-10-22 08:25:36,849 [8aba082c-257b-43e3-ba61-5d436c5b38fa@group-E8ADAFC04A7A-LeaderElection206] INFO  impl.LeaderElection (LogUtils.java:infoOrTrace(142)) - 8aba082c-257b-43e3-ba61-5d436c5b38fa@group-E8ADAFC04A7A-LeaderElection206 got exception when requesting votes: java.util.concurrent.ExecutionException: org.apache.ratis.thirdparty.io.grpc.StatusRuntimeException: UNAVAILABLE: io exception
2025-10-22 08:25:36,849 [8aba082c-257b-43e3-ba61-5d436c5b38fa@group-E8ADAFC04A7A-LeaderElection206] INFO  impl.LeaderElection (LogUtils.java:infoOrTrace(142)) - 8aba082c-257b-43e3-ba61-5d436c5b38fa@group-E8ADAFC04A7A-LeaderElection206 got exception when requesting votes: java.util.concurrent.ExecutionException: org.apache.ratis.thirdparty.io.grpc.StatusRuntimeException: UNAVAILABLE: io exception
2025-10-22 08:25:36,850 [8aba082c-257b-43e3-ba61-5d436c5b38fa@group-E8ADAFC04A7A-LeaderElection206] INFO  impl.LeaderElection (LeaderElection.java:logAndReturn(206)) - 8aba082c-257b-43e3-ba61-5d436c5b38fa@group-E8ADAFC04A7A-LeaderElection206: PRE_VOTE REJECTED received 0 response(s) and 2 exception(s):
2025-10-22 08:25:36,850 [8aba082c-257b-43e3-ba61-5d436c5b38fa@group-E8ADAFC04A7A-LeaderElection206] INFO  impl.LeaderElection (LogUtils.java:infoOrTrace(142)) -   Exception 0: java.util.concurrent.ExecutionException: org.apache.ratis.thirdparty.io.grpc.StatusRuntimeException: UNAVAILABLE: io exception
2025-10-22 08:25:36,850 [8aba082c-257b-43e3-ba61-5d436c5b38fa@group-E8ADAFC04A7A-LeaderElection206] INFO  impl.LeaderElection (LogUtils.java:infoOrTrace(142)) -   Exception 1: java.util.concurrent.ExecutionException: org.apache.ratis.thirdparty.io.grpc.StatusRuntimeException: UNAVAILABLE: io exception
2025-10-22 08:25:36,850 [8aba082c-257b-43e3-ba61-5d436c5b38fa@group-E8ADAFC04A7A-LeaderElection206] INFO  impl.LeaderElection (LeaderElection.java:askForVotes(450)) - 8aba082c-257b-43e3-ba61-5d436c5b38fa@group-E8ADAFC04A7A-LeaderElection206 PRE_VOTE round 0: result REJECTED
2025-10-22 08:25:36,850 [8aba082c-257b-43e3-ba61-5d436c5b38fa@group-E8ADAFC04A7A-LeaderElection206] INFO  server.RaftServer$Division (RaftServerImpl.java:setRole(392)) - 8aba082c-257b-43e3-ba61-5d436c5b38fa@group-E8ADAFC04A7A: changes role from CANDIDATE to FOLLOWER at term 2 for REJECTED
2025-10-22 08:25:36,850 [8aba082c-257b-43e3-ba61-5d436c5b38fa@group-E8ADAFC04A7A-LeaderElection206] INFO  impl.RoleInfo (RoleInfo.java:shutdownLeaderElection(141)) - 8aba082c-257b-43e3-ba61-5d436c5b38fa: shutdown 8aba082c-257b-43e3-ba61-5d436c5b38fa@group-E8ADAFC04A7A-LeaderElection206
2025-10-22 08:25:36,850 [8aba082c-257b-43e3-ba61-5d436c5b38fa@group-E8ADAFC04A7A-LeaderElection206] INFO  impl.RoleInfo (RoleInfo.java:updateAndGet(148)) - 8aba082c-257b-43e3-ba61-5d436c5b38fa: start 8aba082c-257b-43e3-ba61-5d436c5b38fa@group-E8ADAFC04A7A-FollowerState
2025-10-22 08:25:37,265 [8aba082c-257b-43e3-ba61-5d436c5b38fa@group-45121E95117A-FollowerState] INFO  impl.FollowerState (FollowerState.java:runImpl(161)) - 8aba082c-257b-43e3-ba61-5d436c5b38fa@group-45121E95117A-FollowerState: change to CANDIDATE, lastRpcElapsedTime:1158385228ns, electionTimeout:1158ms
2025-10-22 08:25:37,266 [8aba082c-257b-43e3-ba61-5d436c5b38fa@group-45121E95117A-FollowerState] INFO  impl.RoleInfo (RoleInfo.java:shutdownFollowerState(121)) - 8aba082c-257b-43e3-ba61-5d436c5b38fa: shutdown 8aba082c-257b-43e3-ba61-5d436c5b38fa@group-45121E95117A-FollowerState
2025-10-22 08:25:37,266 [8aba082c-257b-43e3-ba61-5d436c5b38fa@group-45121E95117A-FollowerState] INFO  server.RaftServer$Division (RaftServerImpl.java:setRole(392)) - 8aba082c-257b-43e3-ba61-5d436c5b38fa@group-45121E95117A: changes role from  FOLLOWER to CANDIDATE at term 1 for changeToCandidate
2025-10-22 08:25:37,266 [8aba082c-257b-43e3-ba61-5d436c5b38fa@group-45121E95117A-FollowerState] INFO  impl.RoleInfo (RoleInfo.java:updateAndGet(148)) - 8aba082c-257b-43e3-ba61-5d436c5b38fa: start 8aba082c-257b-43e3-ba61-5d436c5b38fa@group-45121E95117A-LeaderElection207
2025-10-22 08:25:37,266 [8aba082c-257b-43e3-ba61-5d436c5b38fa@group-45121E95117A-LeaderElection207] INFO  impl.LeaderElection (LeaderElection.java:askForVotes(448)) - 8aba082c-257b-43e3-ba61-5d436c5b38fa@group-45121E95117A-LeaderElection207 PRE_VOTE round 0: submit vote requests at term 1 for conf: {index: 0, cur=peers:[9d21e184-bccf-4583-95a7-0fe616dd3b4b|127.0.0.1:15079, 8aba082c-257b-43e3-ba61-5d436c5b38fa|127.0.0.1:15063, 0cab5a7d-6f40-474c-9abd-0651cf30726e|127.0.0.1:15071]|listeners:[], old=null}
2025-10-22 08:25:37,266 [8aba082c-257b-43e3-ba61-5d436c5b38fa@group-45121E95117A-LeaderElection207] INFO  impl.LeaderElection (LogUtils.java:infoOrTrace(142)) - 8aba082c-257b-43e3-ba61-5d436c5b38fa@group-45121E95117A-LeaderElection207 got exception when requesting votes: java.util.concurrent.ExecutionException: org.apache.ratis.thirdparty.io.grpc.StatusRuntimeException: UNAVAILABLE: io exception
2025-10-22 08:25:37,267 [8aba082c-257b-43e3-ba61-5d436c5b38fa@group-45121E95117A-LeaderElection207] INFO  impl.LeaderElection (LogUtils.java:infoOrTrace(142)) - 8aba082c-257b-43e3-ba61-5d436c5b38fa@group-45121E95117A-LeaderElection207 got exception when requesting votes: java.util.concurrent.ExecutionException: org.apache.ratis.thirdparty.io.grpc.StatusRuntimeException: UNAVAILABLE: io exception
2025-10-22 08:25:37,267 [8aba082c-257b-43e3-ba61-5d436c5b38fa@group-45121E95117A-LeaderElection207] INFO  impl.LeaderElection (LeaderElection.java:logAndReturn(206)) - 8aba082c-257b-43e3-ba61-5d436c5b38fa@group-45121E95117A-LeaderElection207: PRE_VOTE REJECTED received 0 response(s) and 2 exception(s):
2025-10-22 08:25:37,267 [8aba082c-257b-43e3-ba61-5d436c5b38fa@group-45121E95117A-LeaderElection207] INFO  impl.LeaderElection (LogUtils.java:infoOrTrace(142)) -   Exception 0: java.util.concurrent.ExecutionException: org.apache.ratis.thirdparty.io.grpc.StatusRuntimeException: UNAVAILABLE: io exception
2025-10-22 08:25:37,267 [8aba082c-257b-43e3-ba61-5d436c5b38fa@group-45121E95117A-LeaderElection207] INFO  impl.LeaderElection (LogUtils.java:infoOrTrace(142)) -   Exception 1: java.util.concurrent.ExecutionException: org.apache.ratis.thirdparty.io.grpc.StatusRuntimeException: UNAVAILABLE: io exception
2025-10-22 08:25:37,267 [8aba082c-257b-43e3-ba61-5d436c5b38fa@group-45121E95117A-LeaderElection207] INFO  impl.LeaderElection (LeaderElection.java:askForVotes(450)) - 8aba082c-257b-43e3-ba61-5d436c5b38fa@group-45121E95117A-LeaderElection207 PRE_VOTE round 0: result REJECTED
2025-10-22 08:25:37,267 [8aba082c-257b-43e3-ba61-5d436c5b38fa@group-45121E95117A-LeaderElection207] INFO  server.RaftServer$Division (RaftServerImpl.java:setRole(392)) - 8aba082c-257b-43e3-ba61-5d436c5b38fa@group-45121E95117A: changes role from CANDIDATE to FOLLOWER at term 1 for REJECTED
2025-10-22 08:25:37,267 [8aba082c-257b-43e3-ba61-5d436c5b38fa@group-45121E95117A-LeaderElection207] INFO  impl.RoleInfo (RoleInfo.java:shutdownLeaderElection(141)) - 8aba082c-257b-43e3-ba61-5d436c5b38fa: shutdown 8aba082c-257b-43e3-ba61-5d436c5b38fa@group-45121E95117A-LeaderElection207
2025-10-22 08:25:37,267 [8aba082c-257b-43e3-ba61-5d436c5b38fa@group-45121E95117A-LeaderElection207] INFO  impl.RoleInfo (RoleInfo.java:updateAndGet(148)) - 8aba082c-257b-43e3-ba61-5d436c5b38fa: start 8aba082c-257b-43e3-ba61-5d436c5b38fa@group-45121E95117A-FollowerState
2025-10-22 08:25:38,043 [8aba082c-257b-43e3-ba61-5d436c5b38fa@group-E8ADAFC04A7A-FollowerState] INFO  impl.FollowerState (FollowerState.java:runImpl(161)) - 8aba082c-257b-43e3-ba61-5d436c5b38fa@group-E8ADAFC04A7A-FollowerState: change to CANDIDATE, lastRpcElapsedTime:1193277685ns, electionTimeout:1193ms
2025-10-22 08:25:38,043 [8aba082c-257b-43e3-ba61-5d436c5b38fa@group-E8ADAFC04A7A-FollowerState] INFO  impl.RoleInfo (RoleInfo.java:shutdownFollowerState(121)) - 8aba082c-257b-43e3-ba61-5d436c5b38fa: shutdown 8aba082c-257b-43e3-ba61-5d436c5b38fa@group-E8ADAFC04A7A-FollowerState
2025-10-22 08:25:38,043 [8aba082c-257b-43e3-ba61-5d436c5b38fa@group-E8ADAFC04A7A-FollowerState] INFO  server.RaftServer$Division (RaftServerImpl.java:setRole(392)) - 8aba082c-257b-43e3-ba61-5d436c5b38fa@group-E8ADAFC04A7A: changes role from  FOLLOWER to CANDIDATE at term 2 for changeToCandidate
2025-10-22 08:25:38,043 [8aba082c-257b-43e3-ba61-5d436c5b38fa@group-E8ADAFC04A7A-FollowerState] INFO  impl.RoleInfo (RoleInfo.java:updateAndGet(148)) - 8aba082c-257b-43e3-ba61-5d436c5b38fa: start 8aba082c-257b-43e3-ba61-5d436c5b38fa@group-E8ADAFC04A7A-LeaderElection208
2025-10-22 08:25:38,044 [8aba082c-257b-43e3-ba61-5d436c5b38fa@group-E8ADAFC04A7A-LeaderElection208] INFO  impl.LeaderElection (LeaderElection.java:askForVotes(448)) - 8aba082c-257b-43e3-ba61-5d436c5b38fa@group-E8ADAFC04A7A-LeaderElection208 PRE_VOTE round 0: submit vote requests at term 2 for conf: {index: 7, cur=peers:[9d21e184-bccf-4583-95a7-0fe616dd3b4b|127.0.0.1:15079, 8aba082c-257b-43e3-ba61-5d436c5b38fa|127.0.0.1:15063, 0cab5a7d-6f40-474c-9abd-0651cf30726e|127.0.0.1:15071]|listeners:[], old=null}
2025-10-22 08:25:38,044 [8aba082c-257b-43e3-ba61-5d436c5b38fa@group-E8ADAFC04A7A-LeaderElection208] INFO  impl.LeaderElection (LogUtils.java:infoOrTrace(142)) - 8aba082c-257b-43e3-ba61-5d436c5b38fa@group-E8ADAFC04A7A-LeaderElection208 got exception when requesting votes: java.util.concurrent.ExecutionException: org.apache.ratis.thirdparty.io.grpc.StatusRuntimeException: UNAVAILABLE: io exception
2025-10-22 08:25:38,044 [8aba082c-257b-43e3-ba61-5d436c5b38fa@group-E8ADAFC04A7A-LeaderElection208] INFO  impl.LeaderElection (LogUtils.java:infoOrTrace(142)) - 8aba082c-257b-43e3-ba61-5d436c5b38fa@group-E8ADAFC04A7A-LeaderElection208 got exception when requesting votes: java.util.concurrent.ExecutionException: org.apache.ratis.thirdparty.io.grpc.StatusRuntimeException: UNAVAILABLE: io exception
2025-10-22 08:25:38,044 [8aba082c-257b-43e3-ba61-5d436c5b38fa@group-E8ADAFC04A7A-LeaderElection208] INFO  impl.LeaderElection (LeaderElection.java:logAndReturn(206)) - 8aba082c-257b-43e3-ba61-5d436c5b38fa@group-E8ADAFC04A7A-LeaderElection208: PRE_VOTE REJECTED received 0 response(s) and 2 exception(s):
2025-10-22 08:25:38,044 [8aba082c-257b-43e3-ba61-5d436c5b38fa@group-E8ADAFC04A7A-LeaderElection208] INFO  impl.LeaderElection (LogUtils.java:infoOrTrace(142)) -   Exception 0: java.util.concurrent.ExecutionException: org.apache.ratis.thirdparty.io.grpc.StatusRuntimeException: UNAVAILABLE: io exception
2025-10-22 08:25:38,044 [8aba082c-257b-43e3-ba61-5d436c5b38fa@group-E8ADAFC04A7A-LeaderElection208] INFO  impl.LeaderElection (LogUtils.java:infoOrTrace(142)) -   Exception 1: java.util.concurrent.ExecutionException: org.apache.ratis.thirdparty.io.grpc.StatusRuntimeException: UNAVAILABLE: io exception
2025-10-22 08:25:38,044 [8aba082c-257b-43e3-ba61-5d436c5b38fa@group-E8ADAFC04A7A-LeaderElection208] INFO  impl.LeaderElection (LeaderElection.java:askForVotes(450)) - 8aba082c-257b-43e3-ba61-5d436c5b38fa@group-E8ADAFC04A7A-LeaderElection208 PRE_VOTE round 0: result REJECTED
2025-10-22 08:25:38,045 [8aba082c-257b-43e3-ba61-5d436c5b38fa@group-E8ADAFC04A7A-LeaderElection208] INFO  server.RaftServer$Division (RaftServerImpl.java:setRole(392)) - 8aba082c-257b-43e3-ba61-5d436c5b38fa@group-E8ADAFC04A7A: changes role from CANDIDATE to FOLLOWER at term 2 for REJECTED
2025-10-22 08:25:38,045 [8aba082c-257b-43e3-ba61-5d436c5b38fa@group-E8ADAFC04A7A-LeaderElection208] INFO  impl.RoleInfo (RoleInfo.java:shutdownLeaderElection(141)) - 8aba082c-257b-43e3-ba61-5d436c5b38fa: shutdown 8aba082c-257b-43e3-ba61-5d436c5b38fa@group-E8ADAFC04A7A-LeaderElection208
2025-10-22 08:25:38,045 [8aba082c-257b-43e3-ba61-5d436c5b38fa@group-E8ADAFC04A7A-LeaderElection208] INFO  impl.RoleInfo (RoleInfo.java:updateAndGet(148)) - 8aba082c-257b-43e3-ba61-5d436c5b38fa: start 8aba082c-257b-43e3-ba61-5d436c5b38fa@group-E8ADAFC04A7A-FollowerState
2025-10-22 08:25:38,395 [8aba082c-257b-43e3-ba61-5d436c5b38fa@group-45121E95117A-FollowerState] INFO  impl.FollowerState (FollowerState.java:runImpl(161)) - 8aba082c-257b-43e3-ba61-5d436c5b38fa@group-45121E95117A-FollowerState: change to CANDIDATE, lastRpcElapsedTime:1128249007ns, electionTimeout:1128ms
2025-10-22 08:25:38,395 [8aba082c-257b-43e3-ba61-5d436c5b38fa@group-45121E95117A-FollowerState] INFO  impl.RoleInfo (RoleInfo.java:shutdownFollowerState(121)) - 8aba082c-257b-43e3-ba61-5d436c5b38fa: shutdown 8aba082c-257b-43e3-ba61-5d436c5b38fa@group-45121E95117A-FollowerState
2025-10-22 08:25:38,395 [8aba082c-257b-43e3-ba61-5d436c5b38fa@group-45121E95117A-FollowerState] INFO  server.RaftServer$Division (RaftServerImpl.java:setRole(392)) - 8aba082c-257b-43e3-ba61-5d436c5b38fa@group-45121E95117A: changes role from  FOLLOWER to CANDIDATE at term 1 for changeToCandidate
2025-10-22 08:25:38,395 [8aba082c-257b-43e3-ba61-5d436c5b38fa@group-45121E95117A-FollowerState] INFO  impl.RoleInfo (RoleInfo.java:updateAndGet(148)) - 8aba082c-257b-43e3-ba61-5d436c5b38fa: start 8aba082c-257b-43e3-ba61-5d436c5b38fa@group-45121E95117A-LeaderElection209
2025-10-22 08:25:38,396 [8aba082c-257b-43e3-ba61-5d436c5b38fa@group-45121E95117A-LeaderElection209] INFO  impl.LeaderElection (LeaderElection.java:askForVotes(448)) - 8aba082c-257b-43e3-ba61-5d436c5b38fa@group-45121E95117A-LeaderElection209 PRE_VOTE round 0: submit vote requests at term 1 for conf: {index: 0, cur=peers:[9d21e184-bccf-4583-95a7-0fe616dd3b4b|127.0.0.1:15079, 8aba082c-257b-43e3-ba61-5d436c5b38fa|127.0.0.1:15063, 0cab5a7d-6f40-474c-9abd-0651cf30726e|127.0.0.1:15071]|listeners:[], old=null}
2025-10-22 08:25:38,396 [8aba082c-257b-43e3-ba61-5d436c5b38fa@group-45121E95117A-LeaderElection209] INFO  impl.LeaderElection (LogUtils.java:infoOrTrace(142)) - 8aba082c-257b-43e3-ba61-5d436c5b38fa@group-45121E95117A-LeaderElection209 got exception when requesting votes: java.util.concurrent.ExecutionException: org.apache.ratis.thirdparty.io.grpc.StatusRuntimeException: UNAVAILABLE: io exception
2025-10-22 08:25:38,396 [8aba082c-257b-43e3-ba61-5d436c5b38fa@group-45121E95117A-LeaderElection209] INFO  impl.LeaderElection (LogUtils.java:infoOrTrace(142)) - 8aba082c-257b-43e3-ba61-5d436c5b38fa@group-45121E95117A-LeaderElection209 got exception when requesting votes: java.util.concurrent.ExecutionException: org.apache.ratis.thirdparty.io.grpc.StatusRuntimeException: UNAVAILABLE: io exception
2025-10-22 08:25:38,396 [8aba082c-257b-43e3-ba61-5d436c5b38fa@group-45121E95117A-LeaderElection209] INFO  impl.LeaderElection (LeaderElection.java:logAndReturn(206)) - 8aba082c-257b-43e3-ba61-5d436c5b38fa@group-45121E95117A-LeaderElection209: PRE_VOTE REJECTED received 0 response(s) and 2 exception(s):
2025-10-22 08:25:38,396 [8aba082c-257b-43e3-ba61-5d436c5b38fa@group-45121E95117A-LeaderElection209] INFO  impl.LeaderElection (LogUtils.java:infoOrTrace(142)) -   Exception 0: java.util.concurrent.ExecutionException: org.apache.ratis.thirdparty.io.grpc.StatusRuntimeException: UNAVAILABLE: io exception
2025-10-22 08:25:38,396 [8aba082c-257b-43e3-ba61-5d436c5b38fa@group-45121E95117A-LeaderElection209] INFO  impl.LeaderElection (LogUtils.java:infoOrTrace(142)) -   Exception 1: java.util.concurrent.ExecutionException: org.apache.ratis.thirdparty.io.grpc.StatusRuntimeException: UNAVAILABLE: io exception
2025-10-22 08:25:38,396 [8aba082c-257b-43e3-ba61-5d436c5b38fa@group-45121E95117A-LeaderElection209] INFO  impl.LeaderElection (LeaderElection.java:askForVotes(450)) - 8aba082c-257b-43e3-ba61-5d436c5b38fa@group-45121E95117A-LeaderElection209 PRE_VOTE round 0: result REJECTED
2025-10-22 08:25:38,396 [8aba082c-257b-43e3-ba61-5d436c5b38fa@group-45121E95117A-LeaderElection209] INFO  server.RaftServer$Division (RaftServerImpl.java:setRole(392)) - 8aba082c-257b-43e3-ba61-5d436c5b38fa@group-45121E95117A: changes role from CANDIDATE to FOLLOWER at term 1 for REJECTED
2025-10-22 08:25:38,396 [8aba082c-257b-43e3-ba61-5d436c5b38fa@group-45121E95117A-LeaderElection209] INFO  impl.RoleInfo (RoleInfo.java:shutdownLeaderElection(141)) - 8aba082c-257b-43e3-ba61-5d436c5b38fa: shutdown 8aba082c-257b-43e3-ba61-5d436c5b38fa@group-45121E95117A-LeaderElection209
2025-10-22 08:25:38,396 [8aba082c-257b-43e3-ba61-5d436c5b38fa@group-45121E95117A-LeaderElection209] INFO  impl.RoleInfo (RoleInfo.java:updateAndGet(148)) - 8aba082c-257b-43e3-ba61-5d436c5b38fa: start 8aba082c-257b-43e3-ba61-5d436c5b38fa@group-45121E95117A-FollowerState
2025-10-22 08:25:38,755 [grpc-default-executor-8] ERROR impl.OrderedAsync (OrderedAsync.java:lambda$null$6(215)) -  client-2101DF798DA8: Failed* RaftClientRequest:client-2101DF798DA8->9d21e184-bccf-4583-95a7-0fe616dd3b4b@group-45121E95117A, cid=54, seq=6*, RW, cmdType: WriteChunk traceID: "" containerID: 6 datanodeUuid: "0cab5a7d-6f40-474c-9abd-0651cf30726e" writeChunk { blockID { containerID: 6 localID: 115816896921600007 blockCommitSequenceId: 4 replicaIndex: 0 } chunkData { chunkName: "115816896921600007_chunk_3" offset: 2097152 len: 524288 } } version: 3, data.size=524288
java.util.concurrent.CompletionException: java.io.IOException: org.apache.ratis.thirdparty.io.grpc.StatusRuntimeException: UNAVAILABLE: io exception
	at java.base/java.util.concurrent.CompletableFuture.encodeThrowable(CompletableFuture.java:332)
	at java.base/java.util.concurrent.CompletableFuture.completeThrowable(CompletableFuture.java:347)
	at java.base/java.util.concurrent.CompletableFuture$UniAccept.tryFire(CompletableFuture.java:708)
	at java.base/java.util.concurrent.CompletableFuture.postComplete(CompletableFuture.java:510)
	at java.base/java.util.concurrent.CompletableFuture.completeExceptionally(CompletableFuture.java:2194)
	at org.apache.ratis.grpc.client.GrpcClientProtocolClient$AsyncStreamObservers.completeReplyExceptionally(GrpcClientProtocolClient.java:397)
	at org.apache.ratis.grpc.client.GrpcClientProtocolClient$AsyncStreamObservers.access$000(GrpcClientProtocolClient.java:303)
	at org.apache.ratis.grpc.client.GrpcClientProtocolClient$AsyncStreamObservers$1.onError(GrpcClientProtocolClient.java:334)
	at org.apache.ratis.thirdparty.io.grpc.stub.ClientCalls$StreamObserverToCallListenerAdapter.onClose(ClientCalls.java:564)
	at org.apache.ratis.thirdparty.io.grpc.PartialForwardingClientCallListener.onClose(PartialForwardingClientCallListener.java:39)
	at org.apache.ratis.thirdparty.io.grpc.ForwardingClientCallListener.onClose(ForwardingClientCallListener.java:23)
	at org.apache.ratis.grpc.metrics.intercept.client.MetricClientCallListener.onClose(MetricClientCallListener.java:47)
	at org.apache.ratis.thirdparty.io.grpc.internal.ClientCallImpl.closeObserver(ClientCallImpl.java:565)
	at org.apache.ratis.thirdparty.io.grpc.internal.ClientCallImpl.access$100(ClientCallImpl.java:72)
	at org.apache.ratis.thirdparty.io.grpc.internal.ClientCallImpl$ClientStreamListenerImpl$1StreamClosed.runInternal(ClientCallImpl.java:733)
	at org.apache.ratis.thirdparty.io.grpc.internal.ClientCallImpl$ClientStreamListenerImpl$1StreamClosed.runInContext(ClientCallImpl.java:714)
	at org.apache.ratis.thirdparty.io.grpc.internal.ContextRunnable.run(ContextRunnable.java:37)
	at org.apache.ratis.thirdparty.io.grpc.internal.SerializingExecutor.run(SerializingExecutor.java:133)
	at java.base/java.util.concurrent.ThreadPoolExecutor.runWorker(ThreadPoolExecutor.java:1144)
	at java.base/java.util.concurrent.ThreadPoolExecutor$Worker.run(ThreadPoolExecutor.java:642)
	at java.base/java.lang.Thread.run(Thread.java:1583)
Caused by: java.io.IOException: org.apache.ratis.thirdparty.io.grpc.StatusRuntimeException: UNAVAILABLE: io exception
	at org.apache.ratis.grpc.GrpcUtil.unwrapException(GrpcUtil.java:99)
	at org.apache.ratis.grpc.GrpcUtil.unwrapIOException(GrpcUtil.java:159)
	at org.apache.ratis.grpc.client.GrpcClientProtocolClient$AsyncStreamObservers$1.onError(GrpcClientProtocolClient.java:333)
	... 13 more
Caused by: org.apache.ratis.thirdparty.io.grpc.StatusRuntimeException: UNAVAILABLE: io exception
	at org.apache.ratis.thirdparty.io.grpc.Status.asRuntimeException(Status.java:532)
	... 13 more
Caused by: org.apache.ratis.thirdparty.io.netty.channel.AbstractChannel$AnnotatedConnectException: finishConnect(..) failed: Connection refused: /127.0.0.1:15077
Caused by: java.net.ConnectException: finishConnect(..) failed: Connection refused
	at org.apache.ratis.thirdparty.io.netty.channel.unix.Errors.newConnectException0(Errors.java:166)
	at org.apache.ratis.thirdparty.io.netty.channel.unix.Errors.handleConnectErrno(Errors.java:131)
	at org.apache.ratis.thirdparty.io.netty.channel.unix.Socket.finishConnect(Socket.java:359)
	at org.apache.ratis.thirdparty.io.netty.channel.epoll.AbstractEpollChannel$AbstractEpollUnsafe.doFinishConnect(AbstractEpollChannel.java:715)
	at org.apache.ratis.thirdparty.io.netty.channel.epoll.AbstractEpollChannel$AbstractEpollUnsafe.finishConnect(AbstractEpollChannel.java:692)
	at org.apache.ratis.thirdparty.io.netty.channel.epoll.AbstractEpollChannel$AbstractEpollUnsafe.epollOutReady(AbstractEpollChannel.java:567)
	at org.apache.ratis.thirdparty.io.netty.channel.epoll.EpollEventLoop.processReady(EpollEventLoop.java:491)
	at org.apache.ratis.thirdparty.io.netty.channel.epoll.EpollEventLoop.run(EpollEventLoop.java:399)
	at org.apache.ratis.thirdparty.io.netty.util.concurrent.SingleThreadEventExecutor$4.run(SingleThreadEventExecutor.java:998)
	at org.apache.ratis.thirdparty.io.netty.util.internal.ThreadExecutorMap$2.run(ThreadExecutorMap.java:74)
	at org.apache.ratis.thirdparty.io.netty.util.concurrent.FastThreadLocalRunnable.run(FastThreadLocalRunnable.java:30)
	at java.base/java.lang.Thread.run(Thread.java:1583)
2025-10-22 08:25:39,160 [8aba082c-257b-43e3-ba61-5d436c5b38fa@group-E8ADAFC04A7A-FollowerState] INFO  impl.FollowerState (FollowerState.java:runImpl(161)) - 8aba082c-257b-43e3-ba61-5d436c5b38fa@group-E8ADAFC04A7A-FollowerState: change to CANDIDATE, lastRpcElapsedTime:1115281529ns, electionTimeout:1115ms
2025-10-22 08:25:39,160 [8aba082c-257b-43e3-ba61-5d436c5b38fa@group-E8ADAFC04A7A-FollowerState] INFO  impl.RoleInfo (RoleInfo.java:shutdownFollowerState(121)) - 8aba082c-257b-43e3-ba61-5d436c5b38fa: shutdown 8aba082c-257b-43e3-ba61-5d436c5b38fa@group-E8ADAFC04A7A-FollowerState
2025-10-22 08:25:39,160 [8aba082c-257b-43e3-ba61-5d436c5b38fa@group-E8ADAFC04A7A-FollowerState] INFO  server.RaftServer$Division (RaftServerImpl.java:setRole(392)) - 8aba082c-257b-43e3-ba61-5d436c5b38fa@group-E8ADAFC04A7A: changes role from  FOLLOWER to CANDIDATE at term 2 for changeToCandidate
2025-10-22 08:25:39,160 [8aba082c-257b-43e3-ba61-5d436c5b38fa@group-E8ADAFC04A7A-FollowerState] INFO  impl.RoleInfo (RoleInfo.java:updateAndGet(148)) - 8aba082c-257b-43e3-ba61-5d436c5b38fa: start 8aba082c-257b-43e3-ba61-5d436c5b38fa@group-E8ADAFC04A7A-LeaderElection210
2025-10-22 08:25:39,161 [8aba082c-257b-43e3-ba61-5d436c5b38fa@group-E8ADAFC04A7A-LeaderElection210] INFO  impl.LeaderElection (LeaderElection.java:askForVotes(448)) - 8aba082c-257b-43e3-ba61-5d436c5b38fa@group-E8ADAFC04A7A-LeaderElection210 PRE_VOTE round 0: submit vote requests at term 2 for conf: {index: 7, cur=peers:[9d21e184-bccf-4583-95a7-0fe616dd3b4b|127.0.0.1:15079, 8aba082c-257b-43e3-ba61-5d436c5b38fa|127.0.0.1:15063, 0cab5a7d-6f40-474c-9abd-0651cf30726e|127.0.0.1:15071]|listeners:[], old=null}
2025-10-22 08:25:39,161 [8aba082c-257b-43e3-ba61-5d436c5b38fa@group-E8ADAFC04A7A-LeaderElection210] INFO  impl.LeaderElection (LogUtils.java:infoOrTrace(142)) - 8aba082c-257b-43e3-ba61-5d436c5b38fa@group-E8ADAFC04A7A-LeaderElection210 got exception when requesting votes: java.util.concurrent.ExecutionException: org.apache.ratis.thirdparty.io.grpc.StatusRuntimeException: UNAVAILABLE: io exception
2025-10-22 08:25:39,162 [8aba082c-257b-43e3-ba61-5d436c5b38fa@group-E8ADAFC04A7A-LeaderElection210] INFO  impl.LeaderElection (LogUtils.java:infoOrTrace(142)) - 8aba082c-257b-43e3-ba61-5d436c5b38fa@group-E8ADAFC04A7A-LeaderElection210 got exception when requesting votes: java.util.concurrent.ExecutionException: org.apache.ratis.thirdparty.io.grpc.StatusRuntimeException: UNAVAILABLE: io exception
2025-10-22 08:25:39,162 [8aba082c-257b-43e3-ba61-5d436c5b38fa@group-E8ADAFC04A7A-LeaderElection210] INFO  impl.LeaderElection (LeaderElection.java:logAndReturn(206)) - 8aba082c-257b-43e3-ba61-5d436c5b38fa@group-E8ADAFC04A7A-LeaderElection210: PRE_VOTE REJECTED received 0 response(s) and 2 exception(s):
2025-10-22 08:25:39,162 [8aba082c-257b-43e3-ba61-5d436c5b38fa@group-E8ADAFC04A7A-LeaderElection210] INFO  impl.LeaderElection (LogUtils.java:infoOrTrace(142)) -   Exception 0: java.util.concurrent.ExecutionException: org.apache.ratis.thirdparty.io.grpc.StatusRuntimeException: UNAVAILABLE: io exception
2025-10-22 08:25:39,162 [8aba082c-257b-43e3-ba61-5d436c5b38fa@group-E8ADAFC04A7A-LeaderElection210] INFO  impl.LeaderElection (LogUtils.java:infoOrTrace(142)) -   Exception 1: java.util.concurrent.ExecutionException: org.apache.ratis.thirdparty.io.grpc.StatusRuntimeException: UNAVAILABLE: io exception
2025-10-22 08:25:39,162 [8aba082c-257b-43e3-ba61-5d436c5b38fa@group-E8ADAFC04A7A-LeaderElection210] INFO  impl.LeaderElection (LeaderElection.java:askForVotes(450)) - 8aba082c-257b-43e3-ba61-5d436c5b38fa@group-E8ADAFC04A7A-LeaderElection210 PRE_VOTE round 0: result REJECTED
2025-10-22 08:25:39,162 [8aba082c-257b-43e3-ba61-5d436c5b38fa@group-E8ADAFC04A7A-LeaderElection210] INFO  server.RaftServer$Division (RaftServerImpl.java:setRole(392)) - 8aba082c-257b-43e3-ba61-5d436c5b38fa@group-E8ADAFC04A7A: changes role from CANDIDATE to FOLLOWER at term 2 for REJECTED
2025-10-22 08:25:39,162 [8aba082c-257b-43e3-ba61-5d436c5b38fa@group-E8ADAFC04A7A-LeaderElection210] INFO  impl.RoleInfo (RoleInfo.java:shutdownLeaderElection(141)) - 8aba082c-257b-43e3-ba61-5d436c5b38fa: shutdown 8aba082c-257b-43e3-ba61-5d436c5b38fa@group-E8ADAFC04A7A-LeaderElection210
2025-10-22 08:25:39,162 [8aba082c-257b-43e3-ba61-5d436c5b38fa@group-E8ADAFC04A7A-LeaderElection210] INFO  impl.RoleInfo (RoleInfo.java:updateAndGet(148)) - 8aba082c-257b-43e3-ba61-5d436c5b38fa: start 8aba082c-257b-43e3-ba61-5d436c5b38fa@group-E8ADAFC04A7A-FollowerState
2025-10-22 08:25:39,386 [om1-KeyDeletingService#3] INFO  service.KeyDeletingService (KeyDeletingService.java:processKeyDeletes(151)) - Send 1 key(s) to SCM, first 1 keys: [PurgedKey{blockGroup=BlockGroup[groupID='/datanodefailurehandlingtest/datanodefailurehandlingtest/fff81173-1193-49f9-994e-e3d5e05c1a0c/-9223372036854772992/0', blockIDs=[conID: 5 locID: 115816896921600005 bcsId: 0 replicaIndex: null]], volume='datanodefailurehandlingtest', bucket='datanodefailurehandlingtest', bucketId=-9223372036854775296, purgedBytes=12582912, isCommittedKey=false, deleteKeyName='/datanodefailurehandlingtest/datanodefailurehandlingtest/fff81173-1193-49f9-994e-e3d5e05c1a0c/-9223372036854772992'}]
2025-10-22 08:25:39,396 [IPC Server handler 5 on default port 15001] INFO  ha.SequenceIdGenerator (SequenceIdGenerator.java:getNextId(135)) - Allocate a batch for delTxnId, change lastId from 0 to 1000.
2025-10-22 08:25:39,409 [om1-KeyDeletingService#3] INFO  service.KeyDeletingService (KeyDeletingService.java:processKeyDeletes(158)) - 1 BlockGroup deletion are acked by SCM in 23 ms
2025-10-22 08:25:39,438 [om1-OMStateMachineApplyTransactionThread - 0] INFO  audit.AuditLogger (AuditLogger.java:refreshDebugCmdSet(133)) - Refresh DebugCmdSet for OMSystemAudit to [].
2025-10-22 08:25:39,440 [om1-KeyDeletingService#3] INFO  service.KeyDeletingService (KeyDeletingService.java:processKeyDeletes(166)) - Blocks for 1 (out of 1) keys are deleted from DB in 31 ms. Limit per task is 50000.
2025-10-22 08:25:39,578 [8aba082c-257b-43e3-ba61-5d436c5b38fa@group-45121E95117A-FollowerState] INFO  impl.FollowerState (FollowerState.java:runImpl(161)) - 8aba082c-257b-43e3-ba61-5d436c5b38fa@group-45121E95117A-FollowerState: change to CANDIDATE, lastRpcElapsedTime:1181374555ns, electionTimeout:1181ms
2025-10-22 08:25:39,578 [8aba082c-257b-43e3-ba61-5d436c5b38fa@group-45121E95117A-FollowerState] INFO  impl.RoleInfo (RoleInfo.java:shutdownFollowerState(121)) - 8aba082c-257b-43e3-ba61-5d436c5b38fa: shutdown 8aba082c-257b-43e3-ba61-5d436c5b38fa@group-45121E95117A-FollowerState
2025-10-22 08:25:39,578 [8aba082c-257b-43e3-ba61-5d436c5b38fa@group-45121E95117A-FollowerState] INFO  server.RaftServer$Division (RaftServerImpl.java:setRole(392)) - 8aba082c-257b-43e3-ba61-5d436c5b38fa@group-45121E95117A: changes role from  FOLLOWER to CANDIDATE at term 1 for changeToCandidate
2025-10-22 08:25:39,578 [8aba082c-257b-43e3-ba61-5d436c5b38fa@group-45121E95117A-FollowerState] INFO  impl.RoleInfo (RoleInfo.java:updateAndGet(148)) - 8aba082c-257b-43e3-ba61-5d436c5b38fa: start 8aba082c-257b-43e3-ba61-5d436c5b38fa@group-45121E95117A-LeaderElection211
2025-10-22 08:25:39,579 [8aba082c-257b-43e3-ba61-5d436c5b38fa@group-45121E95117A-LeaderElection211] INFO  impl.LeaderElection (LeaderElection.java:askForVotes(448)) - 8aba082c-257b-43e3-ba61-5d436c5b38fa@group-45121E95117A-LeaderElection211 PRE_VOTE round 0: submit vote requests at term 1 for conf: {index: 0, cur=peers:[9d21e184-bccf-4583-95a7-0fe616dd3b4b|127.0.0.1:15079, 8aba082c-257b-43e3-ba61-5d436c5b38fa|127.0.0.1:15063, 0cab5a7d-6f40-474c-9abd-0651cf30726e|127.0.0.1:15071]|listeners:[], old=null}
2025-10-22 08:25:39,579 [8aba082c-257b-43e3-ba61-5d436c5b38fa@group-45121E95117A-LeaderElection211] INFO  impl.LeaderElection (LogUtils.java:infoOrTrace(142)) - 8aba082c-257b-43e3-ba61-5d436c5b38fa@group-45121E95117A-LeaderElection211 got exception when requesting votes: java.util.concurrent.ExecutionException: org.apache.ratis.thirdparty.io.grpc.StatusRuntimeException: UNAVAILABLE: io exception
2025-10-22 08:25:39,579 [8aba082c-257b-43e3-ba61-5d436c5b38fa@group-45121E95117A-LeaderElection211] INFO  impl.LeaderElection (LogUtils.java:infoOrTrace(142)) - 8aba082c-257b-43e3-ba61-5d436c5b38fa@group-45121E95117A-LeaderElection211 got exception when requesting votes: java.util.concurrent.ExecutionException: org.apache.ratis.thirdparty.io.grpc.StatusRuntimeException: UNAVAILABLE: io exception
2025-10-22 08:25:39,579 [8aba082c-257b-43e3-ba61-5d436c5b38fa@group-45121E95117A-LeaderElection211] INFO  impl.LeaderElection (LeaderElection.java:logAndReturn(206)) - 8aba082c-257b-43e3-ba61-5d436c5b38fa@group-45121E95117A-LeaderElection211: PRE_VOTE REJECTED received 0 response(s) and 2 exception(s):
2025-10-22 08:25:39,579 [8aba082c-257b-43e3-ba61-5d436c5b38fa@group-45121E95117A-LeaderElection211] INFO  impl.LeaderElection (LogUtils.java:infoOrTrace(142)) -   Exception 0: java.util.concurrent.ExecutionException: org.apache.ratis.thirdparty.io.grpc.StatusRuntimeException: UNAVAILABLE: io exception
2025-10-22 08:25:39,579 [8aba082c-257b-43e3-ba61-5d436c5b38fa@group-45121E95117A-LeaderElection211] INFO  impl.LeaderElection (LogUtils.java:infoOrTrace(142)) -   Exception 1: java.util.concurrent.ExecutionException: org.apache.ratis.thirdparty.io.grpc.StatusRuntimeException: UNAVAILABLE: io exception
2025-10-22 08:25:39,579 [8aba082c-257b-43e3-ba61-5d436c5b38fa@group-45121E95117A-LeaderElection211] INFO  impl.LeaderElection (LeaderElection.java:askForVotes(450)) - 8aba082c-257b-43e3-ba61-5d436c5b38fa@group-45121E95117A-LeaderElection211 PRE_VOTE round 0: result REJECTED
2025-10-22 08:25:39,579 [8aba082c-257b-43e3-ba61-5d436c5b38fa@group-45121E95117A-LeaderElection211] INFO  server.RaftServer$Division (RaftServerImpl.java:setRole(392)) - 8aba082c-257b-43e3-ba61-5d436c5b38fa@group-45121E95117A: changes role from CANDIDATE to FOLLOWER at term 1 for REJECTED
2025-10-22 08:25:39,579 [8aba082c-257b-43e3-ba61-5d436c5b38fa@group-45121E95117A-LeaderElection211] INFO  impl.RoleInfo (RoleInfo.java:shutdownLeaderElection(141)) - 8aba082c-257b-43e3-ba61-5d436c5b38fa: shutdown 8aba082c-257b-43e3-ba61-5d436c5b38fa@group-45121E95117A-LeaderElection211
2025-10-22 08:25:39,579 [8aba082c-257b-43e3-ba61-5d436c5b38fa@group-45121E95117A-LeaderElection211] INFO  impl.RoleInfo (RoleInfo.java:updateAndGet(148)) - 8aba082c-257b-43e3-ba61-5d436c5b38fa: start 8aba082c-257b-43e3-ba61-5d436c5b38fa@group-45121E95117A-FollowerState
2025-10-22 08:25:40,221 [8aba082c-257b-43e3-ba61-5d436c5b38fa@group-E8ADAFC04A7A-FollowerState] INFO  impl.FollowerState (FollowerState.java:runImpl(161)) - 8aba082c-257b-43e3-ba61-5d436c5b38fa@group-E8ADAFC04A7A-FollowerState: change to CANDIDATE, lastRpcElapsedTime:1059387091ns, electionTimeout:1059ms
2025-10-22 08:25:40,221 [8aba082c-257b-43e3-ba61-5d436c5b38fa@group-E8ADAFC04A7A-FollowerState] INFO  impl.RoleInfo (RoleInfo.java:shutdownFollowerState(121)) - 8aba082c-257b-43e3-ba61-5d436c5b38fa: shutdown 8aba082c-257b-43e3-ba61-5d436c5b38fa@group-E8ADAFC04A7A-FollowerState
2025-10-22 08:25:40,222 [8aba082c-257b-43e3-ba61-5d436c5b38fa@group-E8ADAFC04A7A-FollowerState] INFO  server.RaftServer$Division (RaftServerImpl.java:setRole(392)) - 8aba082c-257b-43e3-ba61-5d436c5b38fa@group-E8ADAFC04A7A: changes role from  FOLLOWER to CANDIDATE at term 2 for changeToCandidate
2025-10-22 08:25:40,222 [8aba082c-257b-43e3-ba61-5d436c5b38fa@group-E8ADAFC04A7A-FollowerState] INFO  impl.RoleInfo (RoleInfo.java:updateAndGet(148)) - 8aba082c-257b-43e3-ba61-5d436c5b38fa: start 8aba082c-257b-43e3-ba61-5d436c5b38fa@group-E8ADAFC04A7A-LeaderElection212
2025-10-22 08:25:40,222 [8aba082c-257b-43e3-ba61-5d436c5b38fa@group-E8ADAFC04A7A-LeaderElection212] INFO  impl.LeaderElection (LeaderElection.java:askForVotes(448)) - 8aba082c-257b-43e3-ba61-5d436c5b38fa@group-E8ADAFC04A7A-LeaderElection212 PRE_VOTE round 0: submit vote requests at term 2 for conf: {index: 7, cur=peers:[9d21e184-bccf-4583-95a7-0fe616dd3b4b|127.0.0.1:15079, 8aba082c-257b-43e3-ba61-5d436c5b38fa|127.0.0.1:15063, 0cab5a7d-6f40-474c-9abd-0651cf30726e|127.0.0.1:15071]|listeners:[], old=null}
2025-10-22 08:25:40,222 [8aba082c-257b-43e3-ba61-5d436c5b38fa@group-E8ADAFC04A7A-LeaderElection212] INFO  impl.LeaderElection (LogUtils.java:infoOrTrace(142)) - 8aba082c-257b-43e3-ba61-5d436c5b38fa@group-E8ADAFC04A7A-LeaderElection212 got exception when requesting votes: java.util.concurrent.ExecutionException: org.apache.ratis.thirdparty.io.grpc.StatusRuntimeException: UNAVAILABLE: io exception
2025-10-22 08:25:40,222 [8aba082c-257b-43e3-ba61-5d436c5b38fa@group-E8ADAFC04A7A-LeaderElection212] INFO  impl.LeaderElection (LogUtils.java:infoOrTrace(142)) - 8aba082c-257b-43e3-ba61-5d436c5b38fa@group-E8ADAFC04A7A-LeaderElection212 got exception when requesting votes: java.util.concurrent.ExecutionException: org.apache.ratis.thirdparty.io.grpc.StatusRuntimeException: UNAVAILABLE: io exception
2025-10-22 08:25:40,223 [8aba082c-257b-43e3-ba61-5d436c5b38fa@group-E8ADAFC04A7A-LeaderElection212] INFO  impl.LeaderElection (LeaderElection.java:logAndReturn(206)) - 8aba082c-257b-43e3-ba61-5d436c5b38fa@group-E8ADAFC04A7A-LeaderElection212: PRE_VOTE REJECTED received 0 response(s) and 2 exception(s):
2025-10-22 08:25:40,223 [8aba082c-257b-43e3-ba61-5d436c5b38fa@group-E8ADAFC04A7A-LeaderElection212] INFO  impl.LeaderElection (LogUtils.java:infoOrTrace(142)) -   Exception 0: java.util.concurrent.ExecutionException: org.apache.ratis.thirdparty.io.grpc.StatusRuntimeException: UNAVAILABLE: io exception
2025-10-22 08:25:40,223 [8aba082c-257b-43e3-ba61-5d436c5b38fa@group-E8ADAFC04A7A-LeaderElection212] INFO  impl.LeaderElection (LogUtils.java:infoOrTrace(142)) -   Exception 1: java.util.concurrent.ExecutionException: org.apache.ratis.thirdparty.io.grpc.StatusRuntimeException: UNAVAILABLE: io exception
2025-10-22 08:25:40,223 [8aba082c-257b-43e3-ba61-5d436c5b38fa@group-E8ADAFC04A7A-LeaderElection212] INFO  impl.LeaderElection (LeaderElection.java:askForVotes(450)) - 8aba082c-257b-43e3-ba61-5d436c5b38fa@group-E8ADAFC04A7A-LeaderElection212 PRE_VOTE round 0: result REJECTED
2025-10-22 08:25:40,223 [8aba082c-257b-43e3-ba61-5d436c5b38fa@group-E8ADAFC04A7A-LeaderElection212] INFO  server.RaftServer$Division (RaftServerImpl.java:setRole(392)) - 8aba082c-257b-43e3-ba61-5d436c5b38fa@group-E8ADAFC04A7A: changes role from CANDIDATE to FOLLOWER at term 2 for REJECTED
2025-10-22 08:25:40,223 [8aba082c-257b-43e3-ba61-5d436c5b38fa@group-E8ADAFC04A7A-LeaderElection212] INFO  impl.RoleInfo (RoleInfo.java:shutdownLeaderElection(141)) - 8aba082c-257b-43e3-ba61-5d436c5b38fa: shutdown 8aba082c-257b-43e3-ba61-5d436c5b38fa@group-E8ADAFC04A7A-LeaderElection212
2025-10-22 08:25:40,223 [8aba082c-257b-43e3-ba61-5d436c5b38fa@group-E8ADAFC04A7A-LeaderElection212] INFO  impl.RoleInfo (RoleInfo.java:updateAndGet(148)) - 8aba082c-257b-43e3-ba61-5d436c5b38fa: start 8aba082c-257b-43e3-ba61-5d436c5b38fa@group-E8ADAFC04A7A-FollowerState
2025-10-22 08:25:40,742 [8aba082c-257b-43e3-ba61-5d436c5b38fa@group-45121E95117A-FollowerState] INFO  impl.FollowerState (FollowerState.java:runImpl(161)) - 8aba082c-257b-43e3-ba61-5d436c5b38fa@group-45121E95117A-FollowerState: change to CANDIDATE, lastRpcElapsedTime:1162330385ns, electionTimeout:1162ms
2025-10-22 08:25:40,742 [8aba082c-257b-43e3-ba61-5d436c5b38fa@group-45121E95117A-FollowerState] INFO  impl.RoleInfo (RoleInfo.java:shutdownFollowerState(121)) - 8aba082c-257b-43e3-ba61-5d436c5b38fa: shutdown 8aba082c-257b-43e3-ba61-5d436c5b38fa@group-45121E95117A-FollowerState
2025-10-22 08:25:40,742 [8aba082c-257b-43e3-ba61-5d436c5b38fa@group-45121E95117A-FollowerState] INFO  server.RaftServer$Division (RaftServerImpl.java:setRole(392)) - 8aba082c-257b-43e3-ba61-5d436c5b38fa@group-45121E95117A: changes role from  FOLLOWER to CANDIDATE at term 1 for changeToCandidate
2025-10-22 08:25:40,742 [8aba082c-257b-43e3-ba61-5d436c5b38fa@group-45121E95117A-FollowerState] INFO  impl.RoleInfo (RoleInfo.java:updateAndGet(148)) - 8aba082c-257b-43e3-ba61-5d436c5b38fa: start 8aba082c-257b-43e3-ba61-5d436c5b38fa@group-45121E95117A-LeaderElection213
2025-10-22 08:25:40,742 [8aba082c-257b-43e3-ba61-5d436c5b38fa@group-45121E95117A-LeaderElection213] INFO  impl.LeaderElection (LeaderElection.java:askForVotes(448)) - 8aba082c-257b-43e3-ba61-5d436c5b38fa@group-45121E95117A-LeaderElection213 PRE_VOTE round 0: submit vote requests at term 1 for conf: {index: 0, cur=peers:[9d21e184-bccf-4583-95a7-0fe616dd3b4b|127.0.0.1:15079, 8aba082c-257b-43e3-ba61-5d436c5b38fa|127.0.0.1:15063, 0cab5a7d-6f40-474c-9abd-0651cf30726e|127.0.0.1:15071]|listeners:[], old=null}
2025-10-22 08:25:40,743 [8aba082c-257b-43e3-ba61-5d436c5b38fa@group-45121E95117A-LeaderElection213] INFO  impl.LeaderElection (LogUtils.java:infoOrTrace(142)) - 8aba082c-257b-43e3-ba61-5d436c5b38fa@group-45121E95117A-LeaderElection213 got exception when requesting votes: java.util.concurrent.ExecutionException: org.apache.ratis.thirdparty.io.grpc.StatusRuntimeException: UNAVAILABLE: io exception
2025-10-22 08:25:40,743 [8aba082c-257b-43e3-ba61-5d436c5b38fa@group-45121E95117A-LeaderElection213] INFO  impl.LeaderElection (LogUtils.java:infoOrTrace(142)) - 8aba082c-257b-43e3-ba61-5d436c5b38fa@group-45121E95117A-LeaderElection213 got exception when requesting votes: java.util.concurrent.ExecutionException: org.apache.ratis.thirdparty.io.grpc.StatusRuntimeException: UNAVAILABLE: io exception
2025-10-22 08:25:40,743 [8aba082c-257b-43e3-ba61-5d436c5b38fa@group-45121E95117A-LeaderElection213] INFO  impl.LeaderElection (LeaderElection.java:logAndReturn(206)) - 8aba082c-257b-43e3-ba61-5d436c5b38fa@group-45121E95117A-LeaderElection213: PRE_VOTE REJECTED received 0 response(s) and 2 exception(s):
2025-10-22 08:25:40,743 [8aba082c-257b-43e3-ba61-5d436c5b38fa@group-45121E95117A-LeaderElection213] INFO  impl.LeaderElection (LogUtils.java:infoOrTrace(142)) -   Exception 0: java.util.concurrent.ExecutionException: org.apache.ratis.thirdparty.io.grpc.StatusRuntimeException: UNAVAILABLE: io exception
2025-10-22 08:25:40,743 [8aba082c-257b-43e3-ba61-5d436c5b38fa@group-45121E95117A-LeaderElection213] INFO  impl.LeaderElection (LogUtils.java:infoOrTrace(142)) -   Exception 1: java.util.concurrent.ExecutionException: org.apache.ratis.thirdparty.io.grpc.StatusRuntimeException: UNAVAILABLE: io exception
2025-10-22 08:25:40,743 [8aba082c-257b-43e3-ba61-5d436c5b38fa@group-45121E95117A-LeaderElection213] INFO  impl.LeaderElection (LeaderElection.java:askForVotes(450)) - 8aba082c-257b-43e3-ba61-5d436c5b38fa@group-45121E95117A-LeaderElection213 PRE_VOTE round 0: result REJECTED
2025-10-22 08:25:40,743 [8aba082c-257b-43e3-ba61-5d436c5b38fa@group-45121E95117A-LeaderElection213] INFO  server.RaftServer$Division (RaftServerImpl.java:setRole(392)) - 8aba082c-257b-43e3-ba61-5d436c5b38fa@group-45121E95117A: changes role from CANDIDATE to FOLLOWER at term 1 for REJECTED
2025-10-22 08:25:40,743 [8aba082c-257b-43e3-ba61-5d436c5b38fa@group-45121E95117A-LeaderElection213] INFO  impl.RoleInfo (RoleInfo.java:shutdownLeaderElection(141)) - 8aba082c-257b-43e3-ba61-5d436c5b38fa: shutdown 8aba082c-257b-43e3-ba61-5d436c5b38fa@group-45121E95117A-LeaderElection213
2025-10-22 08:25:40,743 [8aba082c-257b-43e3-ba61-5d436c5b38fa@group-45121E95117A-LeaderElection213] INFO  impl.RoleInfo (RoleInfo.java:updateAndGet(148)) - 8aba082c-257b-43e3-ba61-5d436c5b38fa: start 8aba082c-257b-43e3-ba61-5d436c5b38fa@group-45121E95117A-FollowerState
2025-10-22 08:25:41,370 [8aba082c-257b-43e3-ba61-5d436c5b38fa@group-E8ADAFC04A7A-FollowerState] INFO  impl.FollowerState (FollowerState.java:runImpl(161)) - 8aba082c-257b-43e3-ba61-5d436c5b38fa@group-E8ADAFC04A7A-FollowerState: change to CANDIDATE, lastRpcElapsedTime:1147421238ns, electionTimeout:1147ms
2025-10-22 08:25:41,370 [8aba082c-257b-43e3-ba61-5d436c5b38fa@group-E8ADAFC04A7A-FollowerState] INFO  impl.RoleInfo (RoleInfo.java:shutdownFollowerState(121)) - 8aba082c-257b-43e3-ba61-5d436c5b38fa: shutdown 8aba082c-257b-43e3-ba61-5d436c5b38fa@group-E8ADAFC04A7A-FollowerState
2025-10-22 08:25:41,370 [8aba082c-257b-43e3-ba61-5d436c5b38fa@group-E8ADAFC04A7A-FollowerState] INFO  server.RaftServer$Division (RaftServerImpl.java:setRole(392)) - 8aba082c-257b-43e3-ba61-5d436c5b38fa@group-E8ADAFC04A7A: changes role from  FOLLOWER to CANDIDATE at term 2 for changeToCandidate
2025-10-22 08:25:41,371 [8aba082c-257b-43e3-ba61-5d436c5b38fa@group-E8ADAFC04A7A-FollowerState] INFO  impl.RoleInfo (RoleInfo.java:updateAndGet(148)) - 8aba082c-257b-43e3-ba61-5d436c5b38fa: start 8aba082c-257b-43e3-ba61-5d436c5b38fa@group-E8ADAFC04A7A-LeaderElection214
2025-10-22 08:25:41,371 [8aba082c-257b-43e3-ba61-5d436c5b38fa@group-E8ADAFC04A7A-LeaderElection214] INFO  impl.LeaderElection (LeaderElection.java:askForVotes(448)) - 8aba082c-257b-43e3-ba61-5d436c5b38fa@group-E8ADAFC04A7A-LeaderElection214 PRE_VOTE round 0: submit vote requests at term 2 for conf: {index: 7, cur=peers:[9d21e184-bccf-4583-95a7-0fe616dd3b4b|127.0.0.1:15079, 8aba082c-257b-43e3-ba61-5d436c5b38fa|127.0.0.1:15063, 0cab5a7d-6f40-474c-9abd-0651cf30726e|127.0.0.1:15071]|listeners:[], old=null}
2025-10-22 08:25:41,371 [8aba082c-257b-43e3-ba61-5d436c5b38fa@group-E8ADAFC04A7A-LeaderElection214] INFO  impl.LeaderElection (LogUtils.java:infoOrTrace(142)) - 8aba082c-257b-43e3-ba61-5d436c5b38fa@group-E8ADAFC04A7A-LeaderElection214 got exception when requesting votes: java.util.concurrent.ExecutionException: org.apache.ratis.thirdparty.io.grpc.StatusRuntimeException: UNAVAILABLE: io exception
2025-10-22 08:25:41,371 [8aba082c-257b-43e3-ba61-5d436c5b38fa@group-E8ADAFC04A7A-LeaderElection214] INFO  impl.LeaderElection (LogUtils.java:infoOrTrace(142)) - 8aba082c-257b-43e3-ba61-5d436c5b38fa@group-E8ADAFC04A7A-LeaderElection214 got exception when requesting votes: java.util.concurrent.ExecutionException: org.apache.ratis.thirdparty.io.grpc.StatusRuntimeException: UNAVAILABLE: io exception
2025-10-22 08:25:41,371 [8aba082c-257b-43e3-ba61-5d436c5b38fa@group-E8ADAFC04A7A-LeaderElection214] INFO  impl.LeaderElection (LeaderElection.java:logAndReturn(206)) - 8aba082c-257b-43e3-ba61-5d436c5b38fa@group-E8ADAFC04A7A-LeaderElection214: PRE_VOTE REJECTED received 0 response(s) and 2 exception(s):
2025-10-22 08:25:41,371 [8aba082c-257b-43e3-ba61-5d436c5b38fa@group-E8ADAFC04A7A-LeaderElection214] INFO  impl.LeaderElection (LogUtils.java:infoOrTrace(142)) -   Exception 0: java.util.concurrent.ExecutionException: org.apache.ratis.thirdparty.io.grpc.StatusRuntimeException: UNAVAILABLE: io exception
2025-10-22 08:25:41,372 [8aba082c-257b-43e3-ba61-5d436c5b38fa@group-E8ADAFC04A7A-LeaderElection214] INFO  impl.LeaderElection (LogUtils.java:infoOrTrace(142)) -   Exception 1: java.util.concurrent.ExecutionException: org.apache.ratis.thirdparty.io.grpc.StatusRuntimeException: UNAVAILABLE: io exception
2025-10-22 08:25:41,372 [8aba082c-257b-43e3-ba61-5d436c5b38fa@group-E8ADAFC04A7A-LeaderElection214] INFO  impl.LeaderElection (LeaderElection.java:askForVotes(450)) - 8aba082c-257b-43e3-ba61-5d436c5b38fa@group-E8ADAFC04A7A-LeaderElection214 PRE_VOTE round 0: result REJECTED
2025-10-22 08:25:41,372 [8aba082c-257b-43e3-ba61-5d436c5b38fa@group-E8ADAFC04A7A-LeaderElection214] INFO  server.RaftServer$Division (RaftServerImpl.java:setRole(392)) - 8aba082c-257b-43e3-ba61-5d436c5b38fa@group-E8ADAFC04A7A: changes role from CANDIDATE to FOLLOWER at term 2 for REJECTED
2025-10-22 08:25:41,372 [8aba082c-257b-43e3-ba61-5d436c5b38fa@group-E8ADAFC04A7A-LeaderElection214] INFO  impl.RoleInfo (RoleInfo.java:shutdownLeaderElection(141)) - 8aba082c-257b-43e3-ba61-5d436c5b38fa: shutdown 8aba082c-257b-43e3-ba61-5d436c5b38fa@group-E8ADAFC04A7A-LeaderElection214
2025-10-22 08:25:41,372 [8aba082c-257b-43e3-ba61-5d436c5b38fa@group-E8ADAFC04A7A-LeaderElection214] INFO  impl.RoleInfo (RoleInfo.java:updateAndGet(148)) - 8aba082c-257b-43e3-ba61-5d436c5b38fa: start 8aba082c-257b-43e3-ba61-5d436c5b38fa@group-E8ADAFC04A7A-FollowerState
2025-10-22 08:25:41,754 [8aba082c-257b-43e3-ba61-5d436c5b38fa@group-45121E95117A-FollowerState] INFO  impl.FollowerState (FollowerState.java:runImpl(161)) - 8aba082c-257b-43e3-ba61-5d436c5b38fa@group-45121E95117A-FollowerState: change to CANDIDATE, lastRpcElapsedTime:1010351385ns, electionTimeout:1010ms
2025-10-22 08:25:41,754 [8aba082c-257b-43e3-ba61-5d436c5b38fa@group-45121E95117A-FollowerState] INFO  impl.RoleInfo (RoleInfo.java:shutdownFollowerState(121)) - 8aba082c-257b-43e3-ba61-5d436c5b38fa: shutdown 8aba082c-257b-43e3-ba61-5d436c5b38fa@group-45121E95117A-FollowerState
2025-10-22 08:25:41,754 [8aba082c-257b-43e3-ba61-5d436c5b38fa@group-45121E95117A-FollowerState] INFO  server.RaftServer$Division (RaftServerImpl.java:setRole(392)) - 8aba082c-257b-43e3-ba61-5d436c5b38fa@group-45121E95117A: changes role from  FOLLOWER to CANDIDATE at term 1 for changeToCandidate
2025-10-22 08:25:41,754 [8aba082c-257b-43e3-ba61-5d436c5b38fa@group-45121E95117A-FollowerState] INFO  impl.RoleInfo (RoleInfo.java:updateAndGet(148)) - 8aba082c-257b-43e3-ba61-5d436c5b38fa: start 8aba082c-257b-43e3-ba61-5d436c5b38fa@group-45121E95117A-LeaderElection215
2025-10-22 08:25:41,754 [8aba082c-257b-43e3-ba61-5d436c5b38fa@group-45121E95117A-LeaderElection215] INFO  impl.LeaderElection (LeaderElection.java:askForVotes(448)) - 8aba082c-257b-43e3-ba61-5d436c5b38fa@group-45121E95117A-LeaderElection215 PRE_VOTE round 0: submit vote requests at term 1 for conf: {index: 0, cur=peers:[9d21e184-bccf-4583-95a7-0fe616dd3b4b|127.0.0.1:15079, 8aba082c-257b-43e3-ba61-5d436c5b38fa|127.0.0.1:15063, 0cab5a7d-6f40-474c-9abd-0651cf30726e|127.0.0.1:15071]|listeners:[], old=null}
2025-10-22 08:25:41,755 [8aba082c-257b-43e3-ba61-5d436c5b38fa@group-45121E95117A-LeaderElection215] INFO  impl.LeaderElection (LogUtils.java:infoOrTrace(142)) - 8aba082c-257b-43e3-ba61-5d436c5b38fa@group-45121E95117A-LeaderElection215 got exception when requesting votes: java.util.concurrent.ExecutionException: org.apache.ratis.thirdparty.io.grpc.StatusRuntimeException: UNAVAILABLE: io exception
2025-10-22 08:25:41,755 [8aba082c-257b-43e3-ba61-5d436c5b38fa@group-45121E95117A-LeaderElection215] INFO  impl.LeaderElection (LogUtils.java:infoOrTrace(142)) - 8aba082c-257b-43e3-ba61-5d436c5b38fa@group-45121E95117A-LeaderElection215 got exception when requesting votes: java.util.concurrent.ExecutionException: org.apache.ratis.thirdparty.io.grpc.StatusRuntimeException: UNAVAILABLE: io exception
2025-10-22 08:25:41,755 [8aba082c-257b-43e3-ba61-5d436c5b38fa@group-45121E95117A-LeaderElection215] INFO  impl.LeaderElection (LeaderElection.java:logAndReturn(206)) - 8aba082c-257b-43e3-ba61-5d436c5b38fa@group-45121E95117A-LeaderElection215: PRE_VOTE REJECTED received 0 response(s) and 2 exception(s):
2025-10-22 08:25:41,755 [8aba082c-257b-43e3-ba61-5d436c5b38fa@group-45121E95117A-LeaderElection215] INFO  impl.LeaderElection (LogUtils.java:infoOrTrace(142)) -   Exception 0: java.util.concurrent.ExecutionException: org.apache.ratis.thirdparty.io.grpc.StatusRuntimeException: UNAVAILABLE: io exception
2025-10-22 08:25:41,755 [8aba082c-257b-43e3-ba61-5d436c5b38fa@group-45121E95117A-LeaderElection215] INFO  impl.LeaderElection (LogUtils.java:infoOrTrace(142)) -   Exception 1: java.util.concurrent.ExecutionException: org.apache.ratis.thirdparty.io.grpc.StatusRuntimeException: UNAVAILABLE: io exception
2025-10-22 08:25:41,755 [8aba082c-257b-43e3-ba61-5d436c5b38fa@group-45121E95117A-LeaderElection215] INFO  impl.LeaderElection (LeaderElection.java:askForVotes(450)) - 8aba082c-257b-43e3-ba61-5d436c5b38fa@group-45121E95117A-LeaderElection215 PRE_VOTE round 0: result REJECTED
2025-10-22 08:25:41,755 [8aba082c-257b-43e3-ba61-5d436c5b38fa@group-45121E95117A-LeaderElection215] INFO  server.RaftServer$Division (RaftServerImpl.java:setRole(392)) - 8aba082c-257b-43e3-ba61-5d436c5b38fa@group-45121E95117A: changes role from CANDIDATE to FOLLOWER at term 1 for REJECTED
2025-10-22 08:25:41,755 [8aba082c-257b-43e3-ba61-5d436c5b38fa@group-45121E95117A-LeaderElection215] INFO  impl.RoleInfo (RoleInfo.java:shutdownLeaderElection(141)) - 8aba082c-257b-43e3-ba61-5d436c5b38fa: shutdown 8aba082c-257b-43e3-ba61-5d436c5b38fa@group-45121E95117A-LeaderElection215
2025-10-22 08:25:41,755 [8aba082c-257b-43e3-ba61-5d436c5b38fa@group-45121E95117A-LeaderElection215] INFO  impl.RoleInfo (RoleInfo.java:updateAndGet(148)) - 8aba082c-257b-43e3-ba61-5d436c5b38fa: start 8aba082c-257b-43e3-ba61-5d436c5b38fa@group-45121E95117A-FollowerState
2025-10-22 08:25:42,491 [8aba082c-257b-43e3-ba61-5d436c5b38fa@group-E8ADAFC04A7A-FollowerState] INFO  impl.FollowerState (FollowerState.java:runImpl(161)) - 8aba082c-257b-43e3-ba61-5d436c5b38fa@group-E8ADAFC04A7A-FollowerState: change to CANDIDATE, lastRpcElapsedTime:1119282634ns, electionTimeout:1119ms
2025-10-22 08:25:42,491 [8aba082c-257b-43e3-ba61-5d436c5b38fa@group-E8ADAFC04A7A-FollowerState] INFO  impl.RoleInfo (RoleInfo.java:shutdownFollowerState(121)) - 8aba082c-257b-43e3-ba61-5d436c5b38fa: shutdown 8aba082c-257b-43e3-ba61-5d436c5b38fa@group-E8ADAFC04A7A-FollowerState
2025-10-22 08:25:42,491 [8aba082c-257b-43e3-ba61-5d436c5b38fa@group-E8ADAFC04A7A-FollowerState] INFO  server.RaftServer$Division (RaftServerImpl.java:setRole(392)) - 8aba082c-257b-43e3-ba61-5d436c5b38fa@group-E8ADAFC04A7A: changes role from  FOLLOWER to CANDIDATE at term 2 for changeToCandidate
2025-10-22 08:25:42,491 [8aba082c-257b-43e3-ba61-5d436c5b38fa@group-E8ADAFC04A7A-FollowerState] INFO  impl.RoleInfo (RoleInfo.java:updateAndGet(148)) - 8aba082c-257b-43e3-ba61-5d436c5b38fa: start 8aba082c-257b-43e3-ba61-5d436c5b38fa@group-E8ADAFC04A7A-LeaderElection216
2025-10-22 08:25:42,492 [8aba082c-257b-43e3-ba61-5d436c5b38fa@group-E8ADAFC04A7A-LeaderElection216] INFO  impl.LeaderElection (LeaderElection.java:askForVotes(448)) - 8aba082c-257b-43e3-ba61-5d436c5b38fa@group-E8ADAFC04A7A-LeaderElection216 PRE_VOTE round 0: submit vote requests at term 2 for conf: {index: 7, cur=peers:[9d21e184-bccf-4583-95a7-0fe616dd3b4b|127.0.0.1:15079, 8aba082c-257b-43e3-ba61-5d436c5b38fa|127.0.0.1:15063, 0cab5a7d-6f40-474c-9abd-0651cf30726e|127.0.0.1:15071]|listeners:[], old=null}
2025-10-22 08:25:42,492 [8aba082c-257b-43e3-ba61-5d436c5b38fa@group-E8ADAFC04A7A-LeaderElection216] INFO  impl.LeaderElection (LogUtils.java:infoOrTrace(142)) - 8aba082c-257b-43e3-ba61-5d436c5b38fa@group-E8ADAFC04A7A-LeaderElection216 got exception when requesting votes: java.util.concurrent.ExecutionException: org.apache.ratis.thirdparty.io.grpc.StatusRuntimeException: UNAVAILABLE: io exception
2025-10-22 08:25:42,492 [8aba082c-257b-43e3-ba61-5d436c5b38fa@group-E8ADAFC04A7A-LeaderElection216] INFO  impl.LeaderElection (LogUtils.java:infoOrTrace(142)) - 8aba082c-257b-43e3-ba61-5d436c5b38fa@group-E8ADAFC04A7A-LeaderElection216 got exception when requesting votes: java.util.concurrent.ExecutionException: org.apache.ratis.thirdparty.io.grpc.StatusRuntimeException: UNAVAILABLE: io exception
2025-10-22 08:25:42,492 [8aba082c-257b-43e3-ba61-5d436c5b38fa@group-E8ADAFC04A7A-LeaderElection216] INFO  impl.LeaderElection (LeaderElection.java:logAndReturn(206)) - 8aba082c-257b-43e3-ba61-5d436c5b38fa@group-E8ADAFC04A7A-LeaderElection216: PRE_VOTE REJECTED received 0 response(s) and 2 exception(s):
2025-10-22 08:25:42,492 [8aba082c-257b-43e3-ba61-5d436c5b38fa@group-E8ADAFC04A7A-LeaderElection216] INFO  impl.LeaderElection (LogUtils.java:infoOrTrace(142)) -   Exception 0: java.util.concurrent.ExecutionException: org.apache.ratis.thirdparty.io.grpc.StatusRuntimeException: UNAVAILABLE: io exception
2025-10-22 08:25:42,492 [8aba082c-257b-43e3-ba61-5d436c5b38fa@group-E8ADAFC04A7A-LeaderElection216] INFO  impl.LeaderElection (LogUtils.java:infoOrTrace(142)) -   Exception 1: java.util.concurrent.ExecutionException: org.apache.ratis.thirdparty.io.grpc.StatusRuntimeException: UNAVAILABLE: io exception
2025-10-22 08:25:42,492 [8aba082c-257b-43e3-ba61-5d436c5b38fa@group-E8ADAFC04A7A-LeaderElection216] INFO  impl.LeaderElection (LeaderElection.java:askForVotes(450)) - 8aba082c-257b-43e3-ba61-5d436c5b38fa@group-E8ADAFC04A7A-LeaderElection216 PRE_VOTE round 0: result REJECTED
2025-10-22 08:25:42,492 [8aba082c-257b-43e3-ba61-5d436c5b38fa@group-E8ADAFC04A7A-LeaderElection216] INFO  server.RaftServer$Division (RaftServerImpl.java:setRole(392)) - 8aba082c-257b-43e3-ba61-5d436c5b38fa@group-E8ADAFC04A7A: changes role from CANDIDATE to FOLLOWER at term 2 for REJECTED
2025-10-22 08:25:42,493 [8aba082c-257b-43e3-ba61-5d436c5b38fa@group-E8ADAFC04A7A-LeaderElection216] INFO  impl.RoleInfo (RoleInfo.java:shutdownLeaderElection(141)) - 8aba082c-257b-43e3-ba61-5d436c5b38fa: shutdown 8aba082c-257b-43e3-ba61-5d436c5b38fa@group-E8ADAFC04A7A-LeaderElection216
2025-10-22 08:25:42,493 [8aba082c-257b-43e3-ba61-5d436c5b38fa@group-E8ADAFC04A7A-LeaderElection216] INFO  impl.RoleInfo (RoleInfo.java:updateAndGet(148)) - 8aba082c-257b-43e3-ba61-5d436c5b38fa: start 8aba082c-257b-43e3-ba61-5d436c5b38fa@group-E8ADAFC04A7A-FollowerState
2025-10-22 08:25:42,833 [8aba082c-257b-43e3-ba61-5d436c5b38fa@group-45121E95117A-FollowerState] INFO  impl.FollowerState (FollowerState.java:runImpl(161)) - 8aba082c-257b-43e3-ba61-5d436c5b38fa@group-45121E95117A-FollowerState: change to CANDIDATE, lastRpcElapsedTime:1077334226ns, electionTimeout:1077ms
2025-10-22 08:25:42,833 [8aba082c-257b-43e3-ba61-5d436c5b38fa@group-45121E95117A-FollowerState] INFO  impl.RoleInfo (RoleInfo.java:shutdownFollowerState(121)) - 8aba082c-257b-43e3-ba61-5d436c5b38fa: shutdown 8aba082c-257b-43e3-ba61-5d436c5b38fa@group-45121E95117A-FollowerState
2025-10-22 08:25:42,833 [8aba082c-257b-43e3-ba61-5d436c5b38fa@group-45121E95117A-FollowerState] INFO  server.RaftServer$Division (RaftServerImpl.java:setRole(392)) - 8aba082c-257b-43e3-ba61-5d436c5b38fa@group-45121E95117A: changes role from  FOLLOWER to CANDIDATE at term 1 for changeToCandidate
2025-10-22 08:25:42,833 [8aba082c-257b-43e3-ba61-5d436c5b38fa@group-45121E95117A-FollowerState] INFO  impl.RoleInfo (RoleInfo.java:updateAndGet(148)) - 8aba082c-257b-43e3-ba61-5d436c5b38fa: start 8aba082c-257b-43e3-ba61-5d436c5b38fa@group-45121E95117A-LeaderElection217
2025-10-22 08:25:42,833 [8aba082c-257b-43e3-ba61-5d436c5b38fa@group-45121E95117A-LeaderElection217] INFO  impl.LeaderElection (LeaderElection.java:askForVotes(448)) - 8aba082c-257b-43e3-ba61-5d436c5b38fa@group-45121E95117A-LeaderElection217 PRE_VOTE round 0: submit vote requests at term 1 for conf: {index: 0, cur=peers:[9d21e184-bccf-4583-95a7-0fe616dd3b4b|127.0.0.1:15079, 8aba082c-257b-43e3-ba61-5d436c5b38fa|127.0.0.1:15063, 0cab5a7d-6f40-474c-9abd-0651cf30726e|127.0.0.1:15071]|listeners:[], old=null}
2025-10-22 08:25:42,834 [8aba082c-257b-43e3-ba61-5d436c5b38fa@group-45121E95117A-LeaderElection217] INFO  impl.LeaderElection (LogUtils.java:infoOrTrace(142)) - 8aba082c-257b-43e3-ba61-5d436c5b38fa@group-45121E95117A-LeaderElection217 got exception when requesting votes: java.util.concurrent.ExecutionException: org.apache.ratis.thirdparty.io.grpc.StatusRuntimeException: UNAVAILABLE: io exception
2025-10-22 08:25:42,834 [8aba082c-257b-43e3-ba61-5d436c5b38fa@group-45121E95117A-LeaderElection217] INFO  impl.LeaderElection (LogUtils.java:infoOrTrace(142)) - 8aba082c-257b-43e3-ba61-5d436c5b38fa@group-45121E95117A-LeaderElection217 got exception when requesting votes: java.util.concurrent.ExecutionException: org.apache.ratis.thirdparty.io.grpc.StatusRuntimeException: UNAVAILABLE: io exception
2025-10-22 08:25:42,834 [8aba082c-257b-43e3-ba61-5d436c5b38fa@group-45121E95117A-LeaderElection217] INFO  impl.LeaderElection (LeaderElection.java:logAndReturn(206)) - 8aba082c-257b-43e3-ba61-5d436c5b38fa@group-45121E95117A-LeaderElection217: PRE_VOTE REJECTED received 0 response(s) and 2 exception(s):
2025-10-22 08:25:42,834 [8aba082c-257b-43e3-ba61-5d436c5b38fa@group-45121E95117A-LeaderElection217] INFO  impl.LeaderElection (LogUtils.java:infoOrTrace(142)) -   Exception 0: java.util.concurrent.ExecutionException: org.apache.ratis.thirdparty.io.grpc.StatusRuntimeException: UNAVAILABLE: io exception
2025-10-22 08:25:42,834 [8aba082c-257b-43e3-ba61-5d436c5b38fa@group-45121E95117A-LeaderElection217] INFO  impl.LeaderElection (LogUtils.java:infoOrTrace(142)) -   Exception 1: java.util.concurrent.ExecutionException: org.apache.ratis.thirdparty.io.grpc.StatusRuntimeException: UNAVAILABLE: io exception
2025-10-22 08:25:42,834 [8aba082c-257b-43e3-ba61-5d436c5b38fa@group-45121E95117A-LeaderElection217] INFO  impl.LeaderElection (LeaderElection.java:askForVotes(450)) - 8aba082c-257b-43e3-ba61-5d436c5b38fa@group-45121E95117A-LeaderElection217 PRE_VOTE round 0: result REJECTED
2025-10-22 08:25:42,834 [8aba082c-257b-43e3-ba61-5d436c5b38fa@group-45121E95117A-LeaderElection217] INFO  server.RaftServer$Division (RaftServerImpl.java:setRole(392)) - 8aba082c-257b-43e3-ba61-5d436c5b38fa@group-45121E95117A: changes role from CANDIDATE to FOLLOWER at term 1 for REJECTED
2025-10-22 08:25:42,834 [8aba082c-257b-43e3-ba61-5d436c5b38fa@group-45121E95117A-LeaderElection217] INFO  impl.RoleInfo (RoleInfo.java:shutdownLeaderElection(141)) - 8aba082c-257b-43e3-ba61-5d436c5b38fa: shutdown 8aba082c-257b-43e3-ba61-5d436c5b38fa@group-45121E95117A-LeaderElection217
2025-10-22 08:25:42,834 [8aba082c-257b-43e3-ba61-5d436c5b38fa@group-45121E95117A-LeaderElection217] INFO  impl.RoleInfo (RoleInfo.java:updateAndGet(148)) - 8aba082c-257b-43e3-ba61-5d436c5b38fa: start 8aba082c-257b-43e3-ba61-5d436c5b38fa@group-45121E95117A-FollowerState
2025-10-22 08:25:42,861 [grpc-default-executor-8] ERROR impl.OrderedAsync (OrderedAsync.java:lambda$null$6(215)) -  client-2101DF798DA8: Failed* RaftClientRequest:client-2101DF798DA8->8aba082c-257b-43e3-ba61-5d436c5b38fa@group-45121E95117A, cid=54, seq=6*, RW, cmdType: WriteChunk traceID: "" containerID: 6 datanodeUuid: "0cab5a7d-6f40-474c-9abd-0651cf30726e" writeChunk { blockID { containerID: 6 localID: 115816896921600007 blockCommitSequenceId: 4 replicaIndex: 0 } chunkData { chunkName: "115816896921600007_chunk_3" offset: 2097152 len: 524288 } } version: 3, data.size=524288
java.util.concurrent.CompletionException: org.apache.ratis.protocol.exceptions.NotLeaderException: Server 8aba082c-257b-43e3-ba61-5d436c5b38fa@group-45121E95117A is not the leader
	at java.base/java.util.concurrent.CompletableFuture.encodeThrowable(CompletableFuture.java:332)
	at java.base/java.util.concurrent.CompletableFuture.completeThrowable(CompletableFuture.java:347)
	at java.base/java.util.concurrent.CompletableFuture$UniAccept.tryFire(CompletableFuture.java:708)
	at java.base/java.util.concurrent.CompletableFuture.postComplete(CompletableFuture.java:510)
	at java.base/java.util.concurrent.CompletableFuture.completeExceptionally(CompletableFuture.java:2194)
	at org.apache.ratis.grpc.client.GrpcClientProtocolClient$AsyncStreamObservers.completeReplyExceptionally(GrpcClientProtocolClient.java:397)
	at org.apache.ratis.grpc.client.GrpcClientProtocolClient$AsyncStreamObservers.access$000(GrpcClientProtocolClient.java:303)
	at org.apache.ratis.grpc.client.GrpcClientProtocolClient$AsyncStreamObservers$1.onNext(GrpcClientProtocolClient.java:317)
	at org.apache.ratis.grpc.client.GrpcClientProtocolClient$AsyncStreamObservers$1.onNext(GrpcClientProtocolClient.java:308)
	at org.apache.ratis.thirdparty.io.grpc.stub.ClientCalls$StreamObserverToCallListenerAdapter.onMessage(ClientCalls.java:551)
	at org.apache.ratis.thirdparty.io.grpc.ForwardingClientCallListener.onMessage(ForwardingClientCallListener.java:33)
	at org.apache.ratis.thirdparty.io.grpc.internal.ClientCallImpl$ClientStreamListenerImpl$1MessagesAvailable.runInternal(ClientCallImpl.java:661)
	at org.apache.ratis.thirdparty.io.grpc.internal.ClientCallImpl$ClientStreamListenerImpl$1MessagesAvailable.runInContext(ClientCallImpl.java:648)
	at org.apache.ratis.thirdparty.io.grpc.internal.ContextRunnable.run(ContextRunnable.java:37)
	at org.apache.ratis.thirdparty.io.grpc.internal.SerializingExecutor.run(SerializingExecutor.java:133)
	at java.base/java.util.concurrent.ThreadPoolExecutor.runWorker(ThreadPoolExecutor.java:1144)
	at java.base/java.util.concurrent.ThreadPoolExecutor$Worker.run(ThreadPoolExecutor.java:642)
	at java.base/java.lang.Thread.run(Thread.java:1583)
Caused by: org.apache.ratis.protocol.exceptions.NotLeaderException: Server 8aba082c-257b-43e3-ba61-5d436c5b38fa@group-45121E95117A is not the leader
	at org.apache.ratis.client.impl.ClientProtoUtils.toRaftClientReply(ClientProtoUtils.java:402)
	at org.apache.ratis.grpc.client.GrpcClientProtocolClient$AsyncStreamObservers$1.onNext(GrpcClientProtocolClient.java:313)
	... 10 more
2025-10-22 08:25:43,640 [8aba082c-257b-43e3-ba61-5d436c5b38fa@group-E8ADAFC04A7A-FollowerState] INFO  impl.FollowerState (FollowerState.java:runImpl(161)) - 8aba082c-257b-43e3-ba61-5d436c5b38fa@group-E8ADAFC04A7A-FollowerState: change to CANDIDATE, lastRpcElapsedTime:1147284972ns, electionTimeout:1147ms
2025-10-22 08:25:43,640 [8aba082c-257b-43e3-ba61-5d436c5b38fa@group-E8ADAFC04A7A-FollowerState] INFO  impl.RoleInfo (RoleInfo.java:shutdownFollowerState(121)) - 8aba082c-257b-43e3-ba61-5d436c5b38fa: shutdown 8aba082c-257b-43e3-ba61-5d436c5b38fa@group-E8ADAFC04A7A-FollowerState
2025-10-22 08:25:43,640 [8aba082c-257b-43e3-ba61-5d436c5b38fa@group-E8ADAFC04A7A-FollowerState] INFO  server.RaftServer$Division (RaftServerImpl.java:setRole(392)) - 8aba082c-257b-43e3-ba61-5d436c5b38fa@group-E8ADAFC04A7A: changes role from  FOLLOWER to CANDIDATE at term 2 for changeToCandidate
2025-10-22 08:25:43,640 [8aba082c-257b-43e3-ba61-5d436c5b38fa@group-E8ADAFC04A7A-FollowerState] INFO  impl.RoleInfo (RoleInfo.java:updateAndGet(148)) - 8aba082c-257b-43e3-ba61-5d436c5b38fa: start 8aba082c-257b-43e3-ba61-5d436c5b38fa@group-E8ADAFC04A7A-LeaderElection218
2025-10-22 08:25:43,641 [8aba082c-257b-43e3-ba61-5d436c5b38fa@group-E8ADAFC04A7A-LeaderElection218] INFO  impl.LeaderElection (LeaderElection.java:askForVotes(448)) - 8aba082c-257b-43e3-ba61-5d436c5b38fa@group-E8ADAFC04A7A-LeaderElection218 PRE_VOTE round 0: submit vote requests at term 2 for conf: {index: 7, cur=peers:[9d21e184-bccf-4583-95a7-0fe616dd3b4b|127.0.0.1:15079, 8aba082c-257b-43e3-ba61-5d436c5b38fa|127.0.0.1:15063, 0cab5a7d-6f40-474c-9abd-0651cf30726e|127.0.0.1:15071]|listeners:[], old=null}
2025-10-22 08:25:43,641 [8aba082c-257b-43e3-ba61-5d436c5b38fa@group-E8ADAFC04A7A-LeaderElection218] INFO  impl.LeaderElection (LogUtils.java:infoOrTrace(142)) - 8aba082c-257b-43e3-ba61-5d436c5b38fa@group-E8ADAFC04A7A-LeaderElection218 got exception when requesting votes: java.util.concurrent.ExecutionException: org.apache.ratis.thirdparty.io.grpc.StatusRuntimeException: UNAVAILABLE: io exception
2025-10-22 08:25:43,641 [8aba082c-257b-43e3-ba61-5d436c5b38fa@group-E8ADAFC04A7A-LeaderElection218] INFO  impl.LeaderElection (LogUtils.java:infoOrTrace(142)) - 8aba082c-257b-43e3-ba61-5d436c5b38fa@group-E8ADAFC04A7A-LeaderElection218 got exception when requesting votes: java.util.concurrent.ExecutionException: org.apache.ratis.thirdparty.io.grpc.StatusRuntimeException: UNAVAILABLE: io exception
2025-10-22 08:25:43,641 [8aba082c-257b-43e3-ba61-5d436c5b38fa@group-E8ADAFC04A7A-LeaderElection218] INFO  impl.LeaderElection (LeaderElection.java:logAndReturn(206)) - 8aba082c-257b-43e3-ba61-5d436c5b38fa@group-E8ADAFC04A7A-LeaderElection218: PRE_VOTE REJECTED received 0 response(s) and 2 exception(s):
2025-10-22 08:25:43,641 [8aba082c-257b-43e3-ba61-5d436c5b38fa@group-E8ADAFC04A7A-LeaderElection218] INFO  impl.LeaderElection (LogUtils.java:infoOrTrace(142)) -   Exception 0: java.util.concurrent.ExecutionException: org.apache.ratis.thirdparty.io.grpc.StatusRuntimeException: UNAVAILABLE: io exception
2025-10-22 08:25:43,641 [8aba082c-257b-43e3-ba61-5d436c5b38fa@group-E8ADAFC04A7A-LeaderElection218] INFO  impl.LeaderElection (LogUtils.java:infoOrTrace(142)) -   Exception 1: java.util.concurrent.ExecutionException: org.apache.ratis.thirdparty.io.grpc.StatusRuntimeException: UNAVAILABLE: io exception
2025-10-22 08:25:43,641 [8aba082c-257b-43e3-ba61-5d436c5b38fa@group-E8ADAFC04A7A-LeaderElection218] INFO  impl.LeaderElection (LeaderElection.java:askForVotes(450)) - 8aba082c-257b-43e3-ba61-5d436c5b38fa@group-E8ADAFC04A7A-LeaderElection218 PRE_VOTE round 0: result REJECTED
2025-10-22 08:25:43,642 [8aba082c-257b-43e3-ba61-5d436c5b38fa@group-E8ADAFC04A7A-LeaderElection218] INFO  server.RaftServer$Division (RaftServerImpl.java:setRole(392)) - 8aba082c-257b-43e3-ba61-5d436c5b38fa@group-E8ADAFC04A7A: changes role from CANDIDATE to FOLLOWER at term 2 for REJECTED
2025-10-22 08:25:43,642 [8aba082c-257b-43e3-ba61-5d436c5b38fa@group-E8ADAFC04A7A-LeaderElection218] INFO  impl.RoleInfo (RoleInfo.java:shutdownLeaderElection(141)) - 8aba082c-257b-43e3-ba61-5d436c5b38fa: shutdown 8aba082c-257b-43e3-ba61-5d436c5b38fa@group-E8ADAFC04A7A-LeaderElection218
2025-10-22 08:25:43,642 [8aba082c-257b-43e3-ba61-5d436c5b38fa@group-E8ADAFC04A7A-LeaderElection218] INFO  impl.RoleInfo (RoleInfo.java:updateAndGet(148)) - 8aba082c-257b-43e3-ba61-5d436c5b38fa: start 8aba082c-257b-43e3-ba61-5d436c5b38fa@group-E8ADAFC04A7A-FollowerState
2025-10-22 08:25:44,024 [8aba082c-257b-43e3-ba61-5d436c5b38fa@group-45121E95117A-FollowerState] INFO  impl.FollowerState (FollowerState.java:runImpl(161)) - 8aba082c-257b-43e3-ba61-5d436c5b38fa@group-45121E95117A-FollowerState: change to CANDIDATE, lastRpcElapsedTime:1190251927ns, electionTimeout:1190ms
2025-10-22 08:25:44,025 [8aba082c-257b-43e3-ba61-5d436c5b38fa@group-45121E95117A-FollowerState] INFO  impl.RoleInfo (RoleInfo.java:shutdownFollowerState(121)) - 8aba082c-257b-43e3-ba61-5d436c5b38fa: shutdown 8aba082c-257b-43e3-ba61-5d436c5b38fa@group-45121E95117A-FollowerState
2025-10-22 08:25:44,025 [8aba082c-257b-43e3-ba61-5d436c5b38fa@group-45121E95117A-FollowerState] INFO  server.RaftServer$Division (RaftServerImpl.java:setRole(392)) - 8aba082c-257b-43e3-ba61-5d436c5b38fa@group-45121E95117A: changes role from  FOLLOWER to CANDIDATE at term 1 for changeToCandidate
2025-10-22 08:25:44,025 [8aba082c-257b-43e3-ba61-5d436c5b38fa@group-45121E95117A-FollowerState] INFO  impl.RoleInfo (RoleInfo.java:updateAndGet(148)) - 8aba082c-257b-43e3-ba61-5d436c5b38fa: start 8aba082c-257b-43e3-ba61-5d436c5b38fa@group-45121E95117A-LeaderElection219
2025-10-22 08:25:44,025 [8aba082c-257b-43e3-ba61-5d436c5b38fa@group-45121E95117A-LeaderElection219] INFO  impl.LeaderElection (LeaderElection.java:askForVotes(448)) - 8aba082c-257b-43e3-ba61-5d436c5b38fa@group-45121E95117A-LeaderElection219 PRE_VOTE round 0: submit vote requests at term 1 for conf: {index: 0, cur=peers:[9d21e184-bccf-4583-95a7-0fe616dd3b4b|127.0.0.1:15079, 8aba082c-257b-43e3-ba61-5d436c5b38fa|127.0.0.1:15063, 0cab5a7d-6f40-474c-9abd-0651cf30726e|127.0.0.1:15071]|listeners:[], old=null}
2025-10-22 08:25:44,026 [8aba082c-257b-43e3-ba61-5d436c5b38fa@group-45121E95117A-LeaderElection219] INFO  impl.LeaderElection (LogUtils.java:infoOrTrace(142)) - 8aba082c-257b-43e3-ba61-5d436c5b38fa@group-45121E95117A-LeaderElection219 got exception when requesting votes: java.util.concurrent.ExecutionException: org.apache.ratis.thirdparty.io.grpc.StatusRuntimeException: UNAVAILABLE: io exception
2025-10-22 08:25:44,026 [8aba082c-257b-43e3-ba61-5d436c5b38fa@group-45121E95117A-LeaderElection219] INFO  impl.LeaderElection (LogUtils.java:infoOrTrace(142)) - 8aba082c-257b-43e3-ba61-5d436c5b38fa@group-45121E95117A-LeaderElection219 got exception when requesting votes: java.util.concurrent.ExecutionException: org.apache.ratis.thirdparty.io.grpc.StatusRuntimeException: UNAVAILABLE: io exception
2025-10-22 08:25:44,026 [8aba082c-257b-43e3-ba61-5d436c5b38fa@group-45121E95117A-LeaderElection219] INFO  impl.LeaderElection (LeaderElection.java:logAndReturn(206)) - 8aba082c-257b-43e3-ba61-5d436c5b38fa@group-45121E95117A-LeaderElection219: PRE_VOTE REJECTED received 0 response(s) and 2 exception(s):
2025-10-22 08:25:44,026 [8aba082c-257b-43e3-ba61-5d436c5b38fa@group-45121E95117A-LeaderElection219] INFO  impl.LeaderElection (LogUtils.java:infoOrTrace(142)) -   Exception 0: java.util.concurrent.ExecutionException: org.apache.ratis.thirdparty.io.grpc.StatusRuntimeException: UNAVAILABLE: io exception
2025-10-22 08:25:44,026 [8aba082c-257b-43e3-ba61-5d436c5b38fa@group-45121E95117A-LeaderElection219] INFO  impl.LeaderElection (LogUtils.java:infoOrTrace(142)) -   Exception 1: java.util.concurrent.ExecutionException: org.apache.ratis.thirdparty.io.grpc.StatusRuntimeException: UNAVAILABLE: io exception
2025-10-22 08:25:44,026 [8aba082c-257b-43e3-ba61-5d436c5b38fa@group-45121E95117A-LeaderElection219] INFO  impl.LeaderElection (LeaderElection.java:askForVotes(450)) - 8aba082c-257b-43e3-ba61-5d436c5b38fa@group-45121E95117A-LeaderElection219 PRE_VOTE round 0: result REJECTED
2025-10-22 08:25:44,026 [8aba082c-257b-43e3-ba61-5d436c5b38fa@group-45121E95117A-LeaderElection219] INFO  server.RaftServer$Division (RaftServerImpl.java:setRole(392)) - 8aba082c-257b-43e3-ba61-5d436c5b38fa@group-45121E95117A: changes role from CANDIDATE to FOLLOWER at term 1 for REJECTED
2025-10-22 08:25:44,026 [8aba082c-257b-43e3-ba61-5d436c5b38fa@group-45121E95117A-LeaderElection219] INFO  impl.RoleInfo (RoleInfo.java:shutdownLeaderElection(141)) - 8aba082c-257b-43e3-ba61-5d436c5b38fa: shutdown 8aba082c-257b-43e3-ba61-5d436c5b38fa@group-45121E95117A-LeaderElection219
2025-10-22 08:25:44,026 [8aba082c-257b-43e3-ba61-5d436c5b38fa@group-45121E95117A-LeaderElection219] INFO  impl.RoleInfo (RoleInfo.java:updateAndGet(148)) - 8aba082c-257b-43e3-ba61-5d436c5b38fa: start 8aba082c-257b-43e3-ba61-5d436c5b38fa@group-45121E95117A-FollowerState
2025-10-22 08:25:44,709 [8aba082c-257b-43e3-ba61-5d436c5b38fa@group-E8ADAFC04A7A-FollowerState] INFO  impl.FollowerState (FollowerState.java:runImpl(161)) - 8aba082c-257b-43e3-ba61-5d436c5b38fa@group-E8ADAFC04A7A-FollowerState: change to CANDIDATE, lastRpcElapsedTime:1067268586ns, electionTimeout:1067ms
2025-10-22 08:25:44,709 [8aba082c-257b-43e3-ba61-5d436c5b38fa@group-E8ADAFC04A7A-FollowerState] INFO  impl.RoleInfo (RoleInfo.java:shutdownFollowerState(121)) - 8aba082c-257b-43e3-ba61-5d436c5b38fa: shutdown 8aba082c-257b-43e3-ba61-5d436c5b38fa@group-E8ADAFC04A7A-FollowerState
2025-10-22 08:25:44,709 [8aba082c-257b-43e3-ba61-5d436c5b38fa@group-E8ADAFC04A7A-FollowerState] INFO  server.RaftServer$Division (RaftServerImpl.java:setRole(392)) - 8aba082c-257b-43e3-ba61-5d436c5b38fa@group-E8ADAFC04A7A: changes role from  FOLLOWER to CANDIDATE at term 2 for changeToCandidate
2025-10-22 08:25:44,709 [8aba082c-257b-43e3-ba61-5d436c5b38fa@group-E8ADAFC04A7A-FollowerState] INFO  impl.RoleInfo (RoleInfo.java:updateAndGet(148)) - 8aba082c-257b-43e3-ba61-5d436c5b38fa: start 8aba082c-257b-43e3-ba61-5d436c5b38fa@group-E8ADAFC04A7A-LeaderElection220
2025-10-22 08:25:44,710 [8aba082c-257b-43e3-ba61-5d436c5b38fa@group-E8ADAFC04A7A-LeaderElection220] INFO  impl.LeaderElection (LeaderElection.java:askForVotes(448)) - 8aba082c-257b-43e3-ba61-5d436c5b38fa@group-E8ADAFC04A7A-LeaderElection220 PRE_VOTE round 0: submit vote requests at term 2 for conf: {index: 7, cur=peers:[9d21e184-bccf-4583-95a7-0fe616dd3b4b|127.0.0.1:15079, 8aba082c-257b-43e3-ba61-5d436c5b38fa|127.0.0.1:15063, 0cab5a7d-6f40-474c-9abd-0651cf30726e|127.0.0.1:15071]|listeners:[], old=null}
2025-10-22 08:25:44,710 [8aba082c-257b-43e3-ba61-5d436c5b38fa@group-E8ADAFC04A7A-LeaderElection220] INFO  impl.LeaderElection (LogUtils.java:infoOrTrace(142)) - 8aba082c-257b-43e3-ba61-5d436c5b38fa@group-E8ADAFC04A7A-LeaderElection220 got exception when requesting votes: java.util.concurrent.ExecutionException: org.apache.ratis.thirdparty.io.grpc.StatusRuntimeException: UNAVAILABLE: io exception
2025-10-22 08:25:44,710 [8aba082c-257b-43e3-ba61-5d436c5b38fa@group-E8ADAFC04A7A-LeaderElection220] INFO  impl.LeaderElection (LogUtils.java:infoOrTrace(142)) - 8aba082c-257b-43e3-ba61-5d436c5b38fa@group-E8ADAFC04A7A-LeaderElection220 got exception when requesting votes: java.util.concurrent.ExecutionException: org.apache.ratis.thirdparty.io.grpc.StatusRuntimeException: UNAVAILABLE: io exception
2025-10-22 08:25:44,710 [8aba082c-257b-43e3-ba61-5d436c5b38fa@group-E8ADAFC04A7A-LeaderElection220] INFO  impl.LeaderElection (LeaderElection.java:logAndReturn(206)) - 8aba082c-257b-43e3-ba61-5d436c5b38fa@group-E8ADAFC04A7A-LeaderElection220: PRE_VOTE REJECTED received 0 response(s) and 2 exception(s):
2025-10-22 08:25:44,710 [8aba082c-257b-43e3-ba61-5d436c5b38fa@group-E8ADAFC04A7A-LeaderElection220] INFO  impl.LeaderElection (LogUtils.java:infoOrTrace(142)) -   Exception 0: java.util.concurrent.ExecutionException: org.apache.ratis.thirdparty.io.grpc.StatusRuntimeException: UNAVAILABLE: io exception
2025-10-22 08:25:44,710 [8aba082c-257b-43e3-ba61-5d436c5b38fa@group-E8ADAFC04A7A-LeaderElection220] INFO  impl.LeaderElection (LogUtils.java:infoOrTrace(142)) -   Exception 1: java.util.concurrent.ExecutionException: org.apache.ratis.thirdparty.io.grpc.StatusRuntimeException: UNAVAILABLE: io exception
2025-10-22 08:25:44,710 [8aba082c-257b-43e3-ba61-5d436c5b38fa@group-E8ADAFC04A7A-LeaderElection220] INFO  impl.LeaderElection (LeaderElection.java:askForVotes(450)) - 8aba082c-257b-43e3-ba61-5d436c5b38fa@group-E8ADAFC04A7A-LeaderElection220 PRE_VOTE round 0: result REJECTED
2025-10-22 08:25:44,710 [8aba082c-257b-43e3-ba61-5d436c5b38fa@group-E8ADAFC04A7A-LeaderElection220] INFO  server.RaftServer$Division (RaftServerImpl.java:setRole(392)) - 8aba082c-257b-43e3-ba61-5d436c5b38fa@group-E8ADAFC04A7A: changes role from CANDIDATE to FOLLOWER at term 2 for REJECTED
2025-10-22 08:25:44,711 [8aba082c-257b-43e3-ba61-5d436c5b38fa@group-E8ADAFC04A7A-LeaderElection220] INFO  impl.RoleInfo (RoleInfo.java:shutdownLeaderElection(141)) - 8aba082c-257b-43e3-ba61-5d436c5b38fa: shutdown 8aba082c-257b-43e3-ba61-5d436c5b38fa@group-E8ADAFC04A7A-LeaderElection220
2025-10-22 08:25:44,711 [8aba082c-257b-43e3-ba61-5d436c5b38fa@group-E8ADAFC04A7A-LeaderElection220] INFO  impl.RoleInfo (RoleInfo.java:updateAndGet(148)) - 8aba082c-257b-43e3-ba61-5d436c5b38fa: start 8aba082c-257b-43e3-ba61-5d436c5b38fa@group-E8ADAFC04A7A-FollowerState
2025-10-22 08:25:45,206 [8aba082c-257b-43e3-ba61-5d436c5b38fa@group-45121E95117A-FollowerState] INFO  impl.FollowerState (FollowerState.java:runImpl(161)) - 8aba082c-257b-43e3-ba61-5d436c5b38fa@group-45121E95117A-FollowerState: change to CANDIDATE, lastRpcElapsedTime:1180339064ns, electionTimeout:1180ms
2025-10-22 08:25:45,206 [8aba082c-257b-43e3-ba61-5d436c5b38fa@group-45121E95117A-FollowerState] INFO  impl.RoleInfo (RoleInfo.java:shutdownFollowerState(121)) - 8aba082c-257b-43e3-ba61-5d436c5b38fa: shutdown 8aba082c-257b-43e3-ba61-5d436c5b38fa@group-45121E95117A-FollowerState
2025-10-22 08:25:45,207 [8aba082c-257b-43e3-ba61-5d436c5b38fa@group-45121E95117A-FollowerState] INFO  server.RaftServer$Division (RaftServerImpl.java:setRole(392)) - 8aba082c-257b-43e3-ba61-5d436c5b38fa@group-45121E95117A: changes role from  FOLLOWER to CANDIDATE at term 1 for changeToCandidate
2025-10-22 08:25:45,207 [8aba082c-257b-43e3-ba61-5d436c5b38fa@group-45121E95117A-FollowerState] INFO  impl.RoleInfo (RoleInfo.java:updateAndGet(148)) - 8aba082c-257b-43e3-ba61-5d436c5b38fa: start 8aba082c-257b-43e3-ba61-5d436c5b38fa@group-45121E95117A-LeaderElection221
2025-10-22 08:25:45,207 [8aba082c-257b-43e3-ba61-5d436c5b38fa@group-45121E95117A-LeaderElection221] INFO  impl.LeaderElection (LeaderElection.java:askForVotes(448)) - 8aba082c-257b-43e3-ba61-5d436c5b38fa@group-45121E95117A-LeaderElection221 PRE_VOTE round 0: submit vote requests at term 1 for conf: {index: 0, cur=peers:[9d21e184-bccf-4583-95a7-0fe616dd3b4b|127.0.0.1:15079, 8aba082c-257b-43e3-ba61-5d436c5b38fa|127.0.0.1:15063, 0cab5a7d-6f40-474c-9abd-0651cf30726e|127.0.0.1:15071]|listeners:[], old=null}
2025-10-22 08:25:45,207 [8aba082c-257b-43e3-ba61-5d436c5b38fa@group-45121E95117A-LeaderElection221] INFO  impl.LeaderElection (LogUtils.java:infoOrTrace(142)) - 8aba082c-257b-43e3-ba61-5d436c5b38fa@group-45121E95117A-LeaderElection221 got exception when requesting votes: java.util.concurrent.ExecutionException: org.apache.ratis.thirdparty.io.grpc.StatusRuntimeException: UNAVAILABLE: io exception
2025-10-22 08:25:45,207 [8aba082c-257b-43e3-ba61-5d436c5b38fa@group-45121E95117A-LeaderElection221] INFO  impl.LeaderElection (LogUtils.java:infoOrTrace(142)) - 8aba082c-257b-43e3-ba61-5d436c5b38fa@group-45121E95117A-LeaderElection221 got exception when requesting votes: java.util.concurrent.ExecutionException: org.apache.ratis.thirdparty.io.grpc.StatusRuntimeException: UNAVAILABLE: io exception
2025-10-22 08:25:45,208 [8aba082c-257b-43e3-ba61-5d436c5b38fa@group-45121E95117A-LeaderElection221] INFO  impl.LeaderElection (LeaderElection.java:logAndReturn(206)) - 8aba082c-257b-43e3-ba61-5d436c5b38fa@group-45121E95117A-LeaderElection221: PRE_VOTE REJECTED received 0 response(s) and 2 exception(s):
2025-10-22 08:25:45,208 [8aba082c-257b-43e3-ba61-5d436c5b38fa@group-45121E95117A-LeaderElection221] INFO  impl.LeaderElection (LogUtils.java:infoOrTrace(142)) -   Exception 0: java.util.concurrent.ExecutionException: org.apache.ratis.thirdparty.io.grpc.StatusRuntimeException: UNAVAILABLE: io exception
2025-10-22 08:25:45,208 [8aba082c-257b-43e3-ba61-5d436c5b38fa@group-45121E95117A-LeaderElection221] INFO  impl.LeaderElection (LogUtils.java:infoOrTrace(142)) -   Exception 1: java.util.concurrent.ExecutionException: org.apache.ratis.thirdparty.io.grpc.StatusRuntimeException: UNAVAILABLE: io exception
2025-10-22 08:25:45,208 [8aba082c-257b-43e3-ba61-5d436c5b38fa@group-45121E95117A-LeaderElection221] INFO  impl.LeaderElection (LeaderElection.java:askForVotes(450)) - 8aba082c-257b-43e3-ba61-5d436c5b38fa@group-45121E95117A-LeaderElection221 PRE_VOTE round 0: result REJECTED
2025-10-22 08:25:45,208 [8aba082c-257b-43e3-ba61-5d436c5b38fa@group-45121E95117A-LeaderElection221] INFO  server.RaftServer$Division (RaftServerImpl.java:setRole(392)) - 8aba082c-257b-43e3-ba61-5d436c5b38fa@group-45121E95117A: changes role from CANDIDATE to FOLLOWER at term 1 for REJECTED
2025-10-22 08:25:45,208 [8aba082c-257b-43e3-ba61-5d436c5b38fa@group-45121E95117A-LeaderElection221] INFO  impl.RoleInfo (RoleInfo.java:shutdownLeaderElection(141)) - 8aba082c-257b-43e3-ba61-5d436c5b38fa: shutdown 8aba082c-257b-43e3-ba61-5d436c5b38fa@group-45121E95117A-LeaderElection221
2025-10-22 08:25:45,208 [8aba082c-257b-43e3-ba61-5d436c5b38fa@group-45121E95117A-LeaderElection221] INFO  impl.RoleInfo (RoleInfo.java:updateAndGet(148)) - 8aba082c-257b-43e3-ba61-5d436c5b38fa: start 8aba082c-257b-43e3-ba61-5d436c5b38fa@group-45121E95117A-FollowerState
2025-10-22 08:25:45,775 [8aba082c-257b-43e3-ba61-5d436c5b38fa@group-E8ADAFC04A7A-FollowerState] INFO  impl.FollowerState (FollowerState.java:runImpl(161)) - 8aba082c-257b-43e3-ba61-5d436c5b38fa@group-E8ADAFC04A7A-FollowerState: change to CANDIDATE, lastRpcElapsedTime:1064358092ns, electionTimeout:1064ms
2025-10-22 08:25:45,775 [8aba082c-257b-43e3-ba61-5d436c5b38fa@group-E8ADAFC04A7A-FollowerState] INFO  impl.RoleInfo (RoleInfo.java:shutdownFollowerState(121)) - 8aba082c-257b-43e3-ba61-5d436c5b38fa: shutdown 8aba082c-257b-43e3-ba61-5d436c5b38fa@group-E8ADAFC04A7A-FollowerState
2025-10-22 08:25:45,775 [8aba082c-257b-43e3-ba61-5d436c5b38fa@group-E8ADAFC04A7A-FollowerState] INFO  server.RaftServer$Division (RaftServerImpl.java:setRole(392)) - 8aba082c-257b-43e3-ba61-5d436c5b38fa@group-E8ADAFC04A7A: changes role from  FOLLOWER to CANDIDATE at term 2 for changeToCandidate
2025-10-22 08:25:45,775 [8aba082c-257b-43e3-ba61-5d436c5b38fa@group-E8ADAFC04A7A-FollowerState] INFO  impl.RoleInfo (RoleInfo.java:updateAndGet(148)) - 8aba082c-257b-43e3-ba61-5d436c5b38fa: start 8aba082c-257b-43e3-ba61-5d436c5b38fa@group-E8ADAFC04A7A-LeaderElection222
2025-10-22 08:25:45,776 [8aba082c-257b-43e3-ba61-5d436c5b38fa@group-E8ADAFC04A7A-LeaderElection222] INFO  impl.LeaderElection (LeaderElection.java:askForVotes(448)) - 8aba082c-257b-43e3-ba61-5d436c5b38fa@group-E8ADAFC04A7A-LeaderElection222 PRE_VOTE round 0: submit vote requests at term 2 for conf: {index: 7, cur=peers:[9d21e184-bccf-4583-95a7-0fe616dd3b4b|127.0.0.1:15079, 8aba082c-257b-43e3-ba61-5d436c5b38fa|127.0.0.1:15063, 0cab5a7d-6f40-474c-9abd-0651cf30726e|127.0.0.1:15071]|listeners:[], old=null}
2025-10-22 08:25:45,776 [8aba082c-257b-43e3-ba61-5d436c5b38fa@group-E8ADAFC04A7A-LeaderElection222] INFO  impl.LeaderElection (LogUtils.java:infoOrTrace(142)) - 8aba082c-257b-43e3-ba61-5d436c5b38fa@group-E8ADAFC04A7A-LeaderElection222 got exception when requesting votes: java.util.concurrent.ExecutionException: org.apache.ratis.thirdparty.io.grpc.StatusRuntimeException: UNAVAILABLE: io exception
2025-10-22 08:25:45,776 [8aba082c-257b-43e3-ba61-5d436c5b38fa@group-E8ADAFC04A7A-LeaderElection222] INFO  impl.LeaderElection (LogUtils.java:infoOrTrace(142)) - 8aba082c-257b-43e3-ba61-5d436c5b38fa@group-E8ADAFC04A7A-LeaderElection222 got exception when requesting votes: java.util.concurrent.ExecutionException: org.apache.ratis.thirdparty.io.grpc.StatusRuntimeException: UNAVAILABLE: io exception
2025-10-22 08:25:45,776 [8aba082c-257b-43e3-ba61-5d436c5b38fa@group-E8ADAFC04A7A-LeaderElection222] INFO  impl.LeaderElection (LeaderElection.java:logAndReturn(206)) - 8aba082c-257b-43e3-ba61-5d436c5b38fa@group-E8ADAFC04A7A-LeaderElection222: PRE_VOTE REJECTED received 0 response(s) and 2 exception(s):
2025-10-22 08:25:45,776 [8aba082c-257b-43e3-ba61-5d436c5b38fa@group-E8ADAFC04A7A-LeaderElection222] INFO  impl.LeaderElection (LogUtils.java:infoOrTrace(142)) -   Exception 0: java.util.concurrent.ExecutionException: org.apache.ratis.thirdparty.io.grpc.StatusRuntimeException: UNAVAILABLE: io exception
2025-10-22 08:25:45,776 [8aba082c-257b-43e3-ba61-5d436c5b38fa@group-E8ADAFC04A7A-LeaderElection222] INFO  impl.LeaderElection (LogUtils.java:infoOrTrace(142)) -   Exception 1: java.util.concurrent.ExecutionException: org.apache.ratis.thirdparty.io.grpc.StatusRuntimeException: UNAVAILABLE: io exception
2025-10-22 08:25:45,776 [8aba082c-257b-43e3-ba61-5d436c5b38fa@group-E8ADAFC04A7A-LeaderElection222] INFO  impl.LeaderElection (LeaderElection.java:askForVotes(450)) - 8aba082c-257b-43e3-ba61-5d436c5b38fa@group-E8ADAFC04A7A-LeaderElection222 PRE_VOTE round 0: result REJECTED
2025-10-22 08:25:45,776 [8aba082c-257b-43e3-ba61-5d436c5b38fa@group-E8ADAFC04A7A-LeaderElection222] INFO  server.RaftServer$Division (RaftServerImpl.java:setRole(392)) - 8aba082c-257b-43e3-ba61-5d436c5b38fa@group-E8ADAFC04A7A: changes role from CANDIDATE to FOLLOWER at term 2 for REJECTED
2025-10-22 08:25:45,777 [8aba082c-257b-43e3-ba61-5d436c5b38fa@group-E8ADAFC04A7A-LeaderElection222] INFO  impl.RoleInfo (RoleInfo.java:shutdownLeaderElection(141)) - 8aba082c-257b-43e3-ba61-5d436c5b38fa: shutdown 8aba082c-257b-43e3-ba61-5d436c5b38fa@group-E8ADAFC04A7A-LeaderElection222
2025-10-22 08:25:45,777 [8aba082c-257b-43e3-ba61-5d436c5b38fa@group-E8ADAFC04A7A-LeaderElection222] INFO  impl.RoleInfo (RoleInfo.java:updateAndGet(148)) - 8aba082c-257b-43e3-ba61-5d436c5b38fa: start 8aba082c-257b-43e3-ba61-5d436c5b38fa@group-E8ADAFC04A7A-FollowerState
2025-10-22 08:25:46,252 [8aba082c-257b-43e3-ba61-5d436c5b38fa@group-45121E95117A-FollowerState] INFO  impl.FollowerState (FollowerState.java:runImpl(161)) - 8aba082c-257b-43e3-ba61-5d436c5b38fa@group-45121E95117A-FollowerState: change to CANDIDATE, lastRpcElapsedTime:1044264718ns, electionTimeout:1044ms
2025-10-22 08:25:46,252 [8aba082c-257b-43e3-ba61-5d436c5b38fa@group-45121E95117A-FollowerState] INFO  impl.RoleInfo (RoleInfo.java:shutdownFollowerState(121)) - 8aba082c-257b-43e3-ba61-5d436c5b38fa: shutdown 8aba082c-257b-43e3-ba61-5d436c5b38fa@group-45121E95117A-FollowerState
2025-10-22 08:25:46,252 [8aba082c-257b-43e3-ba61-5d436c5b38fa@group-45121E95117A-FollowerState] INFO  server.RaftServer$Division (RaftServerImpl.java:setRole(392)) - 8aba082c-257b-43e3-ba61-5d436c5b38fa@group-45121E95117A: changes role from  FOLLOWER to CANDIDATE at term 1 for changeToCandidate
2025-10-22 08:25:46,252 [8aba082c-257b-43e3-ba61-5d436c5b38fa@group-45121E95117A-FollowerState] INFO  impl.RoleInfo (RoleInfo.java:updateAndGet(148)) - 8aba082c-257b-43e3-ba61-5d436c5b38fa: start 8aba082c-257b-43e3-ba61-5d436c5b38fa@group-45121E95117A-LeaderElection223
2025-10-22 08:25:46,253 [8aba082c-257b-43e3-ba61-5d436c5b38fa@group-45121E95117A-LeaderElection223] INFO  impl.LeaderElection (LeaderElection.java:askForVotes(448)) - 8aba082c-257b-43e3-ba61-5d436c5b38fa@group-45121E95117A-LeaderElection223 PRE_VOTE round 0: submit vote requests at term 1 for conf: {index: 0, cur=peers:[9d21e184-bccf-4583-95a7-0fe616dd3b4b|127.0.0.1:15079, 8aba082c-257b-43e3-ba61-5d436c5b38fa|127.0.0.1:15063, 0cab5a7d-6f40-474c-9abd-0651cf30726e|127.0.0.1:15071]|listeners:[], old=null}
2025-10-22 08:25:46,254 [8aba082c-257b-43e3-ba61-5d436c5b38fa@group-45121E95117A-LeaderElection223] INFO  impl.LeaderElection (LogUtils.java:infoOrTrace(142)) - 8aba082c-257b-43e3-ba61-5d436c5b38fa@group-45121E95117A-LeaderElection223 got exception when requesting votes: java.util.concurrent.ExecutionException: org.apache.ratis.thirdparty.io.grpc.StatusRuntimeException: UNAVAILABLE: io exception
2025-10-22 08:25:46,254 [8aba082c-257b-43e3-ba61-5d436c5b38fa@group-45121E95117A-LeaderElection223] INFO  impl.LeaderElection (LogUtils.java:infoOrTrace(142)) - 8aba082c-257b-43e3-ba61-5d436c5b38fa@group-45121E95117A-LeaderElection223 got exception when requesting votes: java.util.concurrent.ExecutionException: org.apache.ratis.thirdparty.io.grpc.StatusRuntimeException: UNAVAILABLE: io exception
2025-10-22 08:25:46,254 [8aba082c-257b-43e3-ba61-5d436c5b38fa@group-45121E95117A-LeaderElection223] INFO  impl.LeaderElection (LeaderElection.java:logAndReturn(206)) - 8aba082c-257b-43e3-ba61-5d436c5b38fa@group-45121E95117A-LeaderElection223: PRE_VOTE REJECTED received 0 response(s) and 2 exception(s):
2025-10-22 08:25:46,254 [8aba082c-257b-43e3-ba61-5d436c5b38fa@group-45121E95117A-LeaderElection223] INFO  impl.LeaderElection (LogUtils.java:infoOrTrace(142)) -   Exception 0: java.util.concurrent.ExecutionException: org.apache.ratis.thirdparty.io.grpc.StatusRuntimeException: UNAVAILABLE: io exception
2025-10-22 08:25:46,254 [8aba082c-257b-43e3-ba61-5d436c5b38fa@group-45121E95117A-LeaderElection223] INFO  impl.LeaderElection (LogUtils.java:infoOrTrace(142)) -   Exception 1: java.util.concurrent.ExecutionException: org.apache.ratis.thirdparty.io.grpc.StatusRuntimeException: UNAVAILABLE: io exception
2025-10-22 08:25:46,254 [8aba082c-257b-43e3-ba61-5d436c5b38fa@group-45121E95117A-LeaderElection223] INFO  impl.LeaderElection (LeaderElection.java:askForVotes(450)) - 8aba082c-257b-43e3-ba61-5d436c5b38fa@group-45121E95117A-LeaderElection223 PRE_VOTE round 0: result REJECTED
2025-10-22 08:25:46,254 [8aba082c-257b-43e3-ba61-5d436c5b38fa@group-45121E95117A-LeaderElection223] INFO  server.RaftServer$Division (RaftServerImpl.java:setRole(392)) - 8aba082c-257b-43e3-ba61-5d436c5b38fa@group-45121E95117A: changes role from CANDIDATE to FOLLOWER at term 1 for REJECTED
2025-10-22 08:25:46,254 [8aba082c-257b-43e3-ba61-5d436c5b38fa@group-45121E95117A-LeaderElection223] INFO  impl.RoleInfo (RoleInfo.java:shutdownLeaderElection(141)) - 8aba082c-257b-43e3-ba61-5d436c5b38fa: shutdown 8aba082c-257b-43e3-ba61-5d436c5b38fa@group-45121E95117A-LeaderElection223
2025-10-22 08:25:46,254 [8aba082c-257b-43e3-ba61-5d436c5b38fa@group-45121E95117A-LeaderElection223] INFO  impl.RoleInfo (RoleInfo.java:updateAndGet(148)) - 8aba082c-257b-43e3-ba61-5d436c5b38fa: start 8aba082c-257b-43e3-ba61-5d436c5b38fa@group-45121E95117A-FollowerState
2025-10-22 08:25:46,939 [8aba082c-257b-43e3-ba61-5d436c5b38fa@group-E8ADAFC04A7A-FollowerState] INFO  impl.FollowerState (FollowerState.java:runImpl(161)) - 8aba082c-257b-43e3-ba61-5d436c5b38fa@group-E8ADAFC04A7A-FollowerState: change to CANDIDATE, lastRpcElapsedTime:1162281777ns, electionTimeout:1162ms
2025-10-22 08:25:46,939 [8aba082c-257b-43e3-ba61-5d436c5b38fa@group-E8ADAFC04A7A-FollowerState] INFO  impl.RoleInfo (RoleInfo.java:shutdownFollowerState(121)) - 8aba082c-257b-43e3-ba61-5d436c5b38fa: shutdown 8aba082c-257b-43e3-ba61-5d436c5b38fa@group-E8ADAFC04A7A-FollowerState
2025-10-22 08:25:46,939 [8aba082c-257b-43e3-ba61-5d436c5b38fa@group-E8ADAFC04A7A-FollowerState] INFO  server.RaftServer$Division (RaftServerImpl.java:setRole(392)) - 8aba082c-257b-43e3-ba61-5d436c5b38fa@group-E8ADAFC04A7A: changes role from  FOLLOWER to CANDIDATE at term 2 for changeToCandidate
2025-10-22 08:25:46,939 [8aba082c-257b-43e3-ba61-5d436c5b38fa@group-E8ADAFC04A7A-FollowerState] INFO  impl.RoleInfo (RoleInfo.java:updateAndGet(148)) - 8aba082c-257b-43e3-ba61-5d436c5b38fa: start 8aba082c-257b-43e3-ba61-5d436c5b38fa@group-E8ADAFC04A7A-LeaderElection224
2025-10-22 08:25:46,940 [8aba082c-257b-43e3-ba61-5d436c5b38fa@group-E8ADAFC04A7A-LeaderElection224] INFO  impl.LeaderElection (LeaderElection.java:askForVotes(448)) - 8aba082c-257b-43e3-ba61-5d436c5b38fa@group-E8ADAFC04A7A-LeaderElection224 PRE_VOTE round 0: submit vote requests at term 2 for conf: {index: 7, cur=peers:[9d21e184-bccf-4583-95a7-0fe616dd3b4b|127.0.0.1:15079, 8aba082c-257b-43e3-ba61-5d436c5b38fa|127.0.0.1:15063, 0cab5a7d-6f40-474c-9abd-0651cf30726e|127.0.0.1:15071]|listeners:[], old=null}
2025-10-22 08:25:46,940 [8aba082c-257b-43e3-ba61-5d436c5b38fa@group-E8ADAFC04A7A-LeaderElection224] INFO  impl.LeaderElection (LogUtils.java:infoOrTrace(142)) - 8aba082c-257b-43e3-ba61-5d436c5b38fa@group-E8ADAFC04A7A-LeaderElection224 got exception when requesting votes: java.util.concurrent.ExecutionException: org.apache.ratis.thirdparty.io.grpc.StatusRuntimeException: UNAVAILABLE: io exception
2025-10-22 08:25:46,940 [8aba082c-257b-43e3-ba61-5d436c5b38fa@group-E8ADAFC04A7A-LeaderElection224] INFO  impl.LeaderElection (LogUtils.java:infoOrTrace(142)) - 8aba082c-257b-43e3-ba61-5d436c5b38fa@group-E8ADAFC04A7A-LeaderElection224 got exception when requesting votes: java.util.concurrent.ExecutionException: org.apache.ratis.thirdparty.io.grpc.StatusRuntimeException: UNAVAILABLE: io exception
2025-10-22 08:25:46,940 [8aba082c-257b-43e3-ba61-5d436c5b38fa@group-E8ADAFC04A7A-LeaderElection224] INFO  impl.LeaderElection (LeaderElection.java:logAndReturn(206)) - 8aba082c-257b-43e3-ba61-5d436c5b38fa@group-E8ADAFC04A7A-LeaderElection224: PRE_VOTE REJECTED received 0 response(s) and 2 exception(s):
2025-10-22 08:25:46,940 [8aba082c-257b-43e3-ba61-5d436c5b38fa@group-E8ADAFC04A7A-LeaderElection224] INFO  impl.LeaderElection (LogUtils.java:infoOrTrace(142)) -   Exception 0: java.util.concurrent.ExecutionException: org.apache.ratis.thirdparty.io.grpc.StatusRuntimeException: UNAVAILABLE: io exception
2025-10-22 08:25:46,940 [8aba082c-257b-43e3-ba61-5d436c5b38fa@group-E8ADAFC04A7A-LeaderElection224] INFO  impl.LeaderElection (LogUtils.java:infoOrTrace(142)) -   Exception 1: java.util.concurrent.ExecutionException: org.apache.ratis.thirdparty.io.grpc.StatusRuntimeException: UNAVAILABLE: io exception
2025-10-22 08:25:46,940 [8aba082c-257b-43e3-ba61-5d436c5b38fa@group-E8ADAFC04A7A-LeaderElection224] INFO  impl.LeaderElection (LeaderElection.java:askForVotes(450)) - 8aba082c-257b-43e3-ba61-5d436c5b38fa@group-E8ADAFC04A7A-LeaderElection224 PRE_VOTE round 0: result REJECTED
2025-10-22 08:25:46,940 [8aba082c-257b-43e3-ba61-5d436c5b38fa@group-E8ADAFC04A7A-LeaderElection224] INFO  server.RaftServer$Division (RaftServerImpl.java:setRole(392)) - 8aba082c-257b-43e3-ba61-5d436c5b38fa@group-E8ADAFC04A7A: changes role from CANDIDATE to FOLLOWER at term 2 for REJECTED
2025-10-22 08:25:46,940 [8aba082c-257b-43e3-ba61-5d436c5b38fa@group-E8ADAFC04A7A-LeaderElection224] INFO  impl.RoleInfo (RoleInfo.java:shutdownLeaderElection(141)) - 8aba082c-257b-43e3-ba61-5d436c5b38fa: shutdown 8aba082c-257b-43e3-ba61-5d436c5b38fa@group-E8ADAFC04A7A-LeaderElection224
2025-10-22 08:25:46,941 [8aba082c-257b-43e3-ba61-5d436c5b38fa@group-E8ADAFC04A7A-LeaderElection224] INFO  impl.RoleInfo (RoleInfo.java:updateAndGet(148)) - 8aba082c-257b-43e3-ba61-5d436c5b38fa: start 8aba082c-257b-43e3-ba61-5d436c5b38fa@group-E8ADAFC04A7A-FollowerState
2025-10-22 08:25:47,454 [8aba082c-257b-43e3-ba61-5d436c5b38fa@group-45121E95117A-FollowerState] INFO  impl.FollowerState (FollowerState.java:runImpl(161)) - 8aba082c-257b-43e3-ba61-5d436c5b38fa@group-45121E95117A-FollowerState: change to CANDIDATE, lastRpcElapsedTime:1200317149ns, electionTimeout:1200ms
2025-10-22 08:25:47,455 [8aba082c-257b-43e3-ba61-5d436c5b38fa@group-45121E95117A-FollowerState] INFO  impl.RoleInfo (RoleInfo.java:shutdownFollowerState(121)) - 8aba082c-257b-43e3-ba61-5d436c5b38fa: shutdown 8aba082c-257b-43e3-ba61-5d436c5b38fa@group-45121E95117A-FollowerState
2025-10-22 08:25:47,455 [8aba082c-257b-43e3-ba61-5d436c5b38fa@group-45121E95117A-FollowerState] INFO  server.RaftServer$Division (RaftServerImpl.java:setRole(392)) - 8aba082c-257b-43e3-ba61-5d436c5b38fa@group-45121E95117A: changes role from  FOLLOWER to CANDIDATE at term 1 for changeToCandidate
2025-10-22 08:25:47,455 [8aba082c-257b-43e3-ba61-5d436c5b38fa@group-45121E95117A-FollowerState] INFO  impl.RoleInfo (RoleInfo.java:updateAndGet(148)) - 8aba082c-257b-43e3-ba61-5d436c5b38fa: start 8aba082c-257b-43e3-ba61-5d436c5b38fa@group-45121E95117A-LeaderElection225
2025-10-22 08:25:47,455 [8aba082c-257b-43e3-ba61-5d436c5b38fa@group-45121E95117A-LeaderElection225] INFO  impl.LeaderElection (LeaderElection.java:askForVotes(448)) - 8aba082c-257b-43e3-ba61-5d436c5b38fa@group-45121E95117A-LeaderElection225 PRE_VOTE round 0: submit vote requests at term 1 for conf: {index: 0, cur=peers:[9d21e184-bccf-4583-95a7-0fe616dd3b4b|127.0.0.1:15079, 8aba082c-257b-43e3-ba61-5d436c5b38fa|127.0.0.1:15063, 0cab5a7d-6f40-474c-9abd-0651cf30726e|127.0.0.1:15071]|listeners:[], old=null}
2025-10-22 08:25:47,456 [8aba082c-257b-43e3-ba61-5d436c5b38fa@group-45121E95117A-LeaderElection225] INFO  impl.LeaderElection (LogUtils.java:infoOrTrace(142)) - 8aba082c-257b-43e3-ba61-5d436c5b38fa@group-45121E95117A-LeaderElection225 got exception when requesting votes: java.util.concurrent.ExecutionException: org.apache.ratis.thirdparty.io.grpc.StatusRuntimeException: UNAVAILABLE: io exception
2025-10-22 08:25:47,456 [8aba082c-257b-43e3-ba61-5d436c5b38fa@group-45121E95117A-LeaderElection225] INFO  impl.LeaderElection (LogUtils.java:infoOrTrace(142)) - 8aba082c-257b-43e3-ba61-5d436c5b38fa@group-45121E95117A-LeaderElection225 got exception when requesting votes: java.util.concurrent.ExecutionException: org.apache.ratis.thirdparty.io.grpc.StatusRuntimeException: UNAVAILABLE: io exception
2025-10-22 08:25:47,456 [8aba082c-257b-43e3-ba61-5d436c5b38fa@group-45121E95117A-LeaderElection225] INFO  impl.LeaderElection (LeaderElection.java:logAndReturn(206)) - 8aba082c-257b-43e3-ba61-5d436c5b38fa@group-45121E95117A-LeaderElection225: PRE_VOTE REJECTED received 0 response(s) and 2 exception(s):
2025-10-22 08:25:47,456 [8aba082c-257b-43e3-ba61-5d436c5b38fa@group-45121E95117A-LeaderElection225] INFO  impl.LeaderElection (LogUtils.java:infoOrTrace(142)) -   Exception 0: java.util.concurrent.ExecutionException: org.apache.ratis.thirdparty.io.grpc.StatusRuntimeException: UNAVAILABLE: io exception
2025-10-22 08:25:47,456 [8aba082c-257b-43e3-ba61-5d436c5b38fa@group-45121E95117A-LeaderElection225] INFO  impl.LeaderElection (LogUtils.java:infoOrTrace(142)) -   Exception 1: java.util.concurrent.ExecutionException: org.apache.ratis.thirdparty.io.grpc.StatusRuntimeException: UNAVAILABLE: io exception
2025-10-22 08:25:47,456 [8aba082c-257b-43e3-ba61-5d436c5b38fa@group-45121E95117A-LeaderElection225] INFO  impl.LeaderElection (LeaderElection.java:askForVotes(450)) - 8aba082c-257b-43e3-ba61-5d436c5b38fa@group-45121E95117A-LeaderElection225 PRE_VOTE round 0: result REJECTED
2025-10-22 08:25:47,456 [8aba082c-257b-43e3-ba61-5d436c5b38fa@group-45121E95117A-LeaderElection225] INFO  server.RaftServer$Division (RaftServerImpl.java:setRole(392)) - 8aba082c-257b-43e3-ba61-5d436c5b38fa@group-45121E95117A: changes role from CANDIDATE to FOLLOWER at term 1 for REJECTED
2025-10-22 08:25:47,456 [8aba082c-257b-43e3-ba61-5d436c5b38fa@group-45121E95117A-LeaderElection225] INFO  impl.RoleInfo (RoleInfo.java:shutdownLeaderElection(141)) - 8aba082c-257b-43e3-ba61-5d436c5b38fa: shutdown 8aba082c-257b-43e3-ba61-5d436c5b38fa@group-45121E95117A-LeaderElection225
2025-10-22 08:25:47,456 [8aba082c-257b-43e3-ba61-5d436c5b38fa@group-45121E95117A-LeaderElection225] INFO  impl.RoleInfo (RoleInfo.java:updateAndGet(148)) - 8aba082c-257b-43e3-ba61-5d436c5b38fa: start 8aba082c-257b-43e3-ba61-5d436c5b38fa@group-45121E95117A-FollowerState
2025-10-22 08:25:48,071 [8aba082c-257b-43e3-ba61-5d436c5b38fa@group-E8ADAFC04A7A-FollowerState] INFO  impl.FollowerState (FollowerState.java:runImpl(161)) - 8aba082c-257b-43e3-ba61-5d436c5b38fa@group-E8ADAFC04A7A-FollowerState: change to CANDIDATE, lastRpcElapsedTime:1130275859ns, electionTimeout:1130ms
2025-10-22 08:25:48,071 [8aba082c-257b-43e3-ba61-5d436c5b38fa@group-E8ADAFC04A7A-FollowerState] INFO  impl.RoleInfo (RoleInfo.java:shutdownFollowerState(121)) - 8aba082c-257b-43e3-ba61-5d436c5b38fa: shutdown 8aba082c-257b-43e3-ba61-5d436c5b38fa@group-E8ADAFC04A7A-FollowerState
2025-10-22 08:25:48,071 [8aba082c-257b-43e3-ba61-5d436c5b38fa@group-E8ADAFC04A7A-FollowerState] INFO  server.RaftServer$Division (RaftServerImpl.java:setRole(392)) - 8aba082c-257b-43e3-ba61-5d436c5b38fa@group-E8ADAFC04A7A: changes role from  FOLLOWER to CANDIDATE at term 2 for changeToCandidate
2025-10-22 08:25:48,071 [8aba082c-257b-43e3-ba61-5d436c5b38fa@group-E8ADAFC04A7A-FollowerState] INFO  impl.RoleInfo (RoleInfo.java:updateAndGet(148)) - 8aba082c-257b-43e3-ba61-5d436c5b38fa: start 8aba082c-257b-43e3-ba61-5d436c5b38fa@group-E8ADAFC04A7A-LeaderElection226
2025-10-22 08:25:48,071 [8aba082c-257b-43e3-ba61-5d436c5b38fa@group-E8ADAFC04A7A-LeaderElection226] INFO  impl.LeaderElection (LeaderElection.java:askForVotes(448)) - 8aba082c-257b-43e3-ba61-5d436c5b38fa@group-E8ADAFC04A7A-LeaderElection226 PRE_VOTE round 0: submit vote requests at term 2 for conf: {index: 7, cur=peers:[9d21e184-bccf-4583-95a7-0fe616dd3b4b|127.0.0.1:15079, 8aba082c-257b-43e3-ba61-5d436c5b38fa|127.0.0.1:15063, 0cab5a7d-6f40-474c-9abd-0651cf30726e|127.0.0.1:15071]|listeners:[], old=null}
2025-10-22 08:25:48,072 [8aba082c-257b-43e3-ba61-5d436c5b38fa@group-E8ADAFC04A7A-LeaderElection226] INFO  impl.LeaderElection (LogUtils.java:infoOrTrace(142)) - 8aba082c-257b-43e3-ba61-5d436c5b38fa@group-E8ADAFC04A7A-LeaderElection226 got exception when requesting votes: java.util.concurrent.ExecutionException: org.apache.ratis.thirdparty.io.grpc.StatusRuntimeException: UNAVAILABLE: io exception
2025-10-22 08:25:48,072 [8aba082c-257b-43e3-ba61-5d436c5b38fa@group-E8ADAFC04A7A-LeaderElection226] INFO  impl.LeaderElection (LogUtils.java:infoOrTrace(142)) - 8aba082c-257b-43e3-ba61-5d436c5b38fa@group-E8ADAFC04A7A-LeaderElection226 got exception when requesting votes: java.util.concurrent.ExecutionException: org.apache.ratis.thirdparty.io.grpc.StatusRuntimeException: UNAVAILABLE: io exception
2025-10-22 08:25:48,072 [8aba082c-257b-43e3-ba61-5d436c5b38fa@group-E8ADAFC04A7A-LeaderElection226] INFO  impl.LeaderElection (LeaderElection.java:logAndReturn(206)) - 8aba082c-257b-43e3-ba61-5d436c5b38fa@group-E8ADAFC04A7A-LeaderElection226: PRE_VOTE REJECTED received 0 response(s) and 2 exception(s):
2025-10-22 08:25:48,072 [8aba082c-257b-43e3-ba61-5d436c5b38fa@group-E8ADAFC04A7A-LeaderElection226] INFO  impl.LeaderElection (LogUtils.java:infoOrTrace(142)) -   Exception 0: java.util.concurrent.ExecutionException: org.apache.ratis.thirdparty.io.grpc.StatusRuntimeException: UNAVAILABLE: io exception
2025-10-22 08:25:48,072 [8aba082c-257b-43e3-ba61-5d436c5b38fa@group-E8ADAFC04A7A-LeaderElection226] INFO  impl.LeaderElection (LogUtils.java:infoOrTrace(142)) -   Exception 1: java.util.concurrent.ExecutionException: org.apache.ratis.thirdparty.io.grpc.StatusRuntimeException: UNAVAILABLE: io exception
2025-10-22 08:25:48,072 [8aba082c-257b-43e3-ba61-5d436c5b38fa@group-E8ADAFC04A7A-LeaderElection226] INFO  impl.LeaderElection (LeaderElection.java:askForVotes(450)) - 8aba082c-257b-43e3-ba61-5d436c5b38fa@group-E8ADAFC04A7A-LeaderElection226 PRE_VOTE round 0: result REJECTED
2025-10-22 08:25:48,072 [8aba082c-257b-43e3-ba61-5d436c5b38fa@group-E8ADAFC04A7A-LeaderElection226] INFO  server.RaftServer$Division (RaftServerImpl.java:setRole(392)) - 8aba082c-257b-43e3-ba61-5d436c5b38fa@group-E8ADAFC04A7A: changes role from CANDIDATE to FOLLOWER at term 2 for REJECTED
2025-10-22 08:25:48,072 [8aba082c-257b-43e3-ba61-5d436c5b38fa@group-E8ADAFC04A7A-LeaderElection226] INFO  impl.RoleInfo (RoleInfo.java:shutdownLeaderElection(141)) - 8aba082c-257b-43e3-ba61-5d436c5b38fa: shutdown 8aba082c-257b-43e3-ba61-5d436c5b38fa@group-E8ADAFC04A7A-LeaderElection226
2025-10-22 08:25:48,072 [8aba082c-257b-43e3-ba61-5d436c5b38fa@group-E8ADAFC04A7A-LeaderElection226] INFO  impl.RoleInfo (RoleInfo.java:updateAndGet(148)) - 8aba082c-257b-43e3-ba61-5d436c5b38fa: start 8aba082c-257b-43e3-ba61-5d436c5b38fa@group-E8ADAFC04A7A-FollowerState
2025-10-22 08:25:48,459 [8aba082c-257b-43e3-ba61-5d436c5b38fa@group-45121E95117A-FollowerState] INFO  impl.FollowerState (FollowerState.java:runImpl(161)) - 8aba082c-257b-43e3-ba61-5d436c5b38fa@group-45121E95117A-FollowerState: change to CANDIDATE, lastRpcElapsedTime:1003267273ns, electionTimeout:1003ms
2025-10-22 08:25:48,459 [8aba082c-257b-43e3-ba61-5d436c5b38fa@group-45121E95117A-FollowerState] INFO  impl.RoleInfo (RoleInfo.java:shutdownFollowerState(121)) - 8aba082c-257b-43e3-ba61-5d436c5b38fa: shutdown 8aba082c-257b-43e3-ba61-5d436c5b38fa@group-45121E95117A-FollowerState
2025-10-22 08:25:48,459 [8aba082c-257b-43e3-ba61-5d436c5b38fa@group-45121E95117A-FollowerState] INFO  server.RaftServer$Division (RaftServerImpl.java:setRole(392)) - 8aba082c-257b-43e3-ba61-5d436c5b38fa@group-45121E95117A: changes role from  FOLLOWER to CANDIDATE at term 1 for changeToCandidate
2025-10-22 08:25:48,460 [8aba082c-257b-43e3-ba61-5d436c5b38fa@group-45121E95117A-FollowerState] INFO  impl.RoleInfo (RoleInfo.java:updateAndGet(148)) - 8aba082c-257b-43e3-ba61-5d436c5b38fa: start 8aba082c-257b-43e3-ba61-5d436c5b38fa@group-45121E95117A-LeaderElection227
2025-10-22 08:25:48,460 [8aba082c-257b-43e3-ba61-5d436c5b38fa@group-45121E95117A-LeaderElection227] INFO  impl.LeaderElection (LeaderElection.java:askForVotes(448)) - 8aba082c-257b-43e3-ba61-5d436c5b38fa@group-45121E95117A-LeaderElection227 PRE_VOTE round 0: submit vote requests at term 1 for conf: {index: 0, cur=peers:[9d21e184-bccf-4583-95a7-0fe616dd3b4b|127.0.0.1:15079, 8aba082c-257b-43e3-ba61-5d436c5b38fa|127.0.0.1:15063, 0cab5a7d-6f40-474c-9abd-0651cf30726e|127.0.0.1:15071]|listeners:[], old=null}
2025-10-22 08:25:48,460 [8aba082c-257b-43e3-ba61-5d436c5b38fa@group-45121E95117A-LeaderElection227] INFO  impl.LeaderElection (LogUtils.java:infoOrTrace(142)) - 8aba082c-257b-43e3-ba61-5d436c5b38fa@group-45121E95117A-LeaderElection227 got exception when requesting votes: java.util.concurrent.ExecutionException: org.apache.ratis.thirdparty.io.grpc.StatusRuntimeException: UNAVAILABLE: io exception
2025-10-22 08:25:48,461 [8aba082c-257b-43e3-ba61-5d436c5b38fa@group-45121E95117A-LeaderElection227] INFO  impl.LeaderElection (LogUtils.java:infoOrTrace(142)) - 8aba082c-257b-43e3-ba61-5d436c5b38fa@group-45121E95117A-LeaderElection227 got exception when requesting votes: java.util.concurrent.ExecutionException: org.apache.ratis.thirdparty.io.grpc.StatusRuntimeException: UNAVAILABLE: io exception
2025-10-22 08:25:48,461 [8aba082c-257b-43e3-ba61-5d436c5b38fa@group-45121E95117A-LeaderElection227] INFO  impl.LeaderElection (LeaderElection.java:logAndReturn(206)) - 8aba082c-257b-43e3-ba61-5d436c5b38fa@group-45121E95117A-LeaderElection227: PRE_VOTE REJECTED received 0 response(s) and 2 exception(s):
2025-10-22 08:25:48,461 [8aba082c-257b-43e3-ba61-5d436c5b38fa@group-45121E95117A-LeaderElection227] INFO  impl.LeaderElection (LogUtils.java:infoOrTrace(142)) -   Exception 0: java.util.concurrent.ExecutionException: org.apache.ratis.thirdparty.io.grpc.StatusRuntimeException: UNAVAILABLE: io exception
2025-10-22 08:25:48,461 [8aba082c-257b-43e3-ba61-5d436c5b38fa@group-45121E95117A-LeaderElection227] INFO  impl.LeaderElection (LogUtils.java:infoOrTrace(142)) -   Exception 1: java.util.concurrent.ExecutionException: org.apache.ratis.thirdparty.io.grpc.StatusRuntimeException: UNAVAILABLE: io exception
2025-10-22 08:25:48,461 [8aba082c-257b-43e3-ba61-5d436c5b38fa@group-45121E95117A-LeaderElection227] INFO  impl.LeaderElection (LeaderElection.java:askForVotes(450)) - 8aba082c-257b-43e3-ba61-5d436c5b38fa@group-45121E95117A-LeaderElection227 PRE_VOTE round 0: result REJECTED
2025-10-22 08:25:48,461 [8aba082c-257b-43e3-ba61-5d436c5b38fa@group-45121E95117A-LeaderElection227] INFO  server.RaftServer$Division (RaftServerImpl.java:setRole(392)) - 8aba082c-257b-43e3-ba61-5d436c5b38fa@group-45121E95117A: changes role from CANDIDATE to FOLLOWER at term 1 for REJECTED
2025-10-22 08:25:48,461 [8aba082c-257b-43e3-ba61-5d436c5b38fa@group-45121E95117A-LeaderElection227] INFO  impl.RoleInfo (RoleInfo.java:shutdownLeaderElection(141)) - 8aba082c-257b-43e3-ba61-5d436c5b38fa: shutdown 8aba082c-257b-43e3-ba61-5d436c5b38fa@group-45121E95117A-LeaderElection227
2025-10-22 08:25:48,461 [8aba082c-257b-43e3-ba61-5d436c5b38fa@group-45121E95117A-LeaderElection227] INFO  impl.RoleInfo (RoleInfo.java:updateAndGet(148)) - 8aba082c-257b-43e3-ba61-5d436c5b38fa: start 8aba082c-257b-43e3-ba61-5d436c5b38fa@group-45121E95117A-FollowerState
2025-10-22 08:25:49,158 [8aba082c-257b-43e3-ba61-5d436c5b38fa@group-E8ADAFC04A7A-FollowerState] INFO  impl.FollowerState (FollowerState.java:runImpl(161)) - 8aba082c-257b-43e3-ba61-5d436c5b38fa@group-E8ADAFC04A7A-FollowerState: change to CANDIDATE, lastRpcElapsedTime:1085280268ns, electionTimeout:1085ms
2025-10-22 08:25:49,158 [8aba082c-257b-43e3-ba61-5d436c5b38fa@group-E8ADAFC04A7A-FollowerState] INFO  impl.RoleInfo (RoleInfo.java:shutdownFollowerState(121)) - 8aba082c-257b-43e3-ba61-5d436c5b38fa: shutdown 8aba082c-257b-43e3-ba61-5d436c5b38fa@group-E8ADAFC04A7A-FollowerState
2025-10-22 08:25:49,158 [8aba082c-257b-43e3-ba61-5d436c5b38fa@group-E8ADAFC04A7A-FollowerState] INFO  server.RaftServer$Division (RaftServerImpl.java:setRole(392)) - 8aba082c-257b-43e3-ba61-5d436c5b38fa@group-E8ADAFC04A7A: changes role from  FOLLOWER to CANDIDATE at term 2 for changeToCandidate
2025-10-22 08:25:49,158 [8aba082c-257b-43e3-ba61-5d436c5b38fa@group-E8ADAFC04A7A-FollowerState] INFO  impl.RoleInfo (RoleInfo.java:updateAndGet(148)) - 8aba082c-257b-43e3-ba61-5d436c5b38fa: start 8aba082c-257b-43e3-ba61-5d436c5b38fa@group-E8ADAFC04A7A-LeaderElection228
2025-10-22 08:25:49,158 [8aba082c-257b-43e3-ba61-5d436c5b38fa@group-E8ADAFC04A7A-LeaderElection228] INFO  impl.LeaderElection (LeaderElection.java:askForVotes(448)) - 8aba082c-257b-43e3-ba61-5d436c5b38fa@group-E8ADAFC04A7A-LeaderElection228 PRE_VOTE round 0: submit vote requests at term 2 for conf: {index: 7, cur=peers:[9d21e184-bccf-4583-95a7-0fe616dd3b4b|127.0.0.1:15079, 8aba082c-257b-43e3-ba61-5d436c5b38fa|127.0.0.1:15063, 0cab5a7d-6f40-474c-9abd-0651cf30726e|127.0.0.1:15071]|listeners:[], old=null}
2025-10-22 08:25:49,159 [8aba082c-257b-43e3-ba61-5d436c5b38fa@group-E8ADAFC04A7A-LeaderElection228] INFO  impl.LeaderElection (LogUtils.java:infoOrTrace(142)) - 8aba082c-257b-43e3-ba61-5d436c5b38fa@group-E8ADAFC04A7A-LeaderElection228 got exception when requesting votes: java.util.concurrent.ExecutionException: org.apache.ratis.thirdparty.io.grpc.StatusRuntimeException: UNAVAILABLE: io exception
2025-10-22 08:25:49,159 [8aba082c-257b-43e3-ba61-5d436c5b38fa@group-E8ADAFC04A7A-LeaderElection228] INFO  impl.LeaderElection (LogUtils.java:infoOrTrace(142)) - 8aba082c-257b-43e3-ba61-5d436c5b38fa@group-E8ADAFC04A7A-LeaderElection228 got exception when requesting votes: java.util.concurrent.ExecutionException: org.apache.ratis.thirdparty.io.grpc.StatusRuntimeException: UNAVAILABLE: io exception
2025-10-22 08:25:49,159 [8aba082c-257b-43e3-ba61-5d436c5b38fa@group-E8ADAFC04A7A-LeaderElection228] INFO  impl.LeaderElection (LeaderElection.java:logAndReturn(206)) - 8aba082c-257b-43e3-ba61-5d436c5b38fa@group-E8ADAFC04A7A-LeaderElection228: PRE_VOTE REJECTED received 0 response(s) and 2 exception(s):
2025-10-22 08:25:49,160 [8aba082c-257b-43e3-ba61-5d436c5b38fa@group-E8ADAFC04A7A-LeaderElection228] INFO  impl.LeaderElection (LogUtils.java:infoOrTrace(142)) -   Exception 0: java.util.concurrent.ExecutionException: org.apache.ratis.thirdparty.io.grpc.StatusRuntimeException: UNAVAILABLE: io exception
2025-10-22 08:25:49,160 [8aba082c-257b-43e3-ba61-5d436c5b38fa@group-E8ADAFC04A7A-LeaderElection228] INFO  impl.LeaderElection (LogUtils.java:infoOrTrace(142)) -   Exception 1: java.util.concurrent.ExecutionException: org.apache.ratis.thirdparty.io.grpc.StatusRuntimeException: UNAVAILABLE: io exception
2025-10-22 08:25:49,160 [8aba082c-257b-43e3-ba61-5d436c5b38fa@group-E8ADAFC04A7A-LeaderElection228] INFO  impl.LeaderElection (LeaderElection.java:askForVotes(450)) - 8aba082c-257b-43e3-ba61-5d436c5b38fa@group-E8ADAFC04A7A-LeaderElection228 PRE_VOTE round 0: result REJECTED
2025-10-22 08:25:49,160 [8aba082c-257b-43e3-ba61-5d436c5b38fa@group-E8ADAFC04A7A-LeaderElection228] INFO  server.RaftServer$Division (RaftServerImpl.java:setRole(392)) - 8aba082c-257b-43e3-ba61-5d436c5b38fa@group-E8ADAFC04A7A: changes role from CANDIDATE to FOLLOWER at term 2 for REJECTED
2025-10-22 08:25:49,160 [8aba082c-257b-43e3-ba61-5d436c5b38fa@group-E8ADAFC04A7A-LeaderElection228] INFO  impl.RoleInfo (RoleInfo.java:shutdownLeaderElection(141)) - 8aba082c-257b-43e3-ba61-5d436c5b38fa: shutdown 8aba082c-257b-43e3-ba61-5d436c5b38fa@group-E8ADAFC04A7A-LeaderElection228
2025-10-22 08:25:49,160 [8aba082c-257b-43e3-ba61-5d436c5b38fa@group-E8ADAFC04A7A-LeaderElection228] INFO  impl.RoleInfo (RoleInfo.java:updateAndGet(148)) - 8aba082c-257b-43e3-ba61-5d436c5b38fa: start 8aba082c-257b-43e3-ba61-5d436c5b38fa@group-E8ADAFC04A7A-FollowerState
2025-10-22 08:25:49,623 [8aba082c-257b-43e3-ba61-5d436c5b38fa@group-45121E95117A-FollowerState] INFO  impl.FollowerState (FollowerState.java:runImpl(161)) - 8aba082c-257b-43e3-ba61-5d436c5b38fa@group-45121E95117A-FollowerState: change to CANDIDATE, lastRpcElapsedTime:1162253704ns, electionTimeout:1162ms
2025-10-22 08:25:49,623 [8aba082c-257b-43e3-ba61-5d436c5b38fa@group-45121E95117A-FollowerState] INFO  impl.RoleInfo (RoleInfo.java:shutdownFollowerState(121)) - 8aba082c-257b-43e3-ba61-5d436c5b38fa: shutdown 8aba082c-257b-43e3-ba61-5d436c5b38fa@group-45121E95117A-FollowerState
2025-10-22 08:25:49,623 [8aba082c-257b-43e3-ba61-5d436c5b38fa@group-45121E95117A-FollowerState] INFO  server.RaftServer$Division (RaftServerImpl.java:setRole(392)) - 8aba082c-257b-43e3-ba61-5d436c5b38fa@group-45121E95117A: changes role from  FOLLOWER to CANDIDATE at term 1 for changeToCandidate
2025-10-22 08:25:49,623 [8aba082c-257b-43e3-ba61-5d436c5b38fa@group-45121E95117A-FollowerState] INFO  impl.RoleInfo (RoleInfo.java:updateAndGet(148)) - 8aba082c-257b-43e3-ba61-5d436c5b38fa: start 8aba082c-257b-43e3-ba61-5d436c5b38fa@group-45121E95117A-LeaderElection229
2025-10-22 08:25:49,624 [8aba082c-257b-43e3-ba61-5d436c5b38fa@group-45121E95117A-LeaderElection229] INFO  impl.LeaderElection (LeaderElection.java:askForVotes(448)) - 8aba082c-257b-43e3-ba61-5d436c5b38fa@group-45121E95117A-LeaderElection229 PRE_VOTE round 0: submit vote requests at term 1 for conf: {index: 0, cur=peers:[9d21e184-bccf-4583-95a7-0fe616dd3b4b|127.0.0.1:15079, 8aba082c-257b-43e3-ba61-5d436c5b38fa|127.0.0.1:15063, 0cab5a7d-6f40-474c-9abd-0651cf30726e|127.0.0.1:15071]|listeners:[], old=null}
2025-10-22 08:25:49,624 [8aba082c-257b-43e3-ba61-5d436c5b38fa@group-45121E95117A-LeaderElection229] INFO  impl.LeaderElection (LogUtils.java:infoOrTrace(142)) - 8aba082c-257b-43e3-ba61-5d436c5b38fa@group-45121E95117A-LeaderElection229 got exception when requesting votes: java.util.concurrent.ExecutionException: org.apache.ratis.thirdparty.io.grpc.StatusRuntimeException: UNAVAILABLE: io exception
2025-10-22 08:25:49,625 [8aba082c-257b-43e3-ba61-5d436c5b38fa@group-45121E95117A-LeaderElection229] INFO  impl.LeaderElection (LogUtils.java:infoOrTrace(142)) - 8aba082c-257b-43e3-ba61-5d436c5b38fa@group-45121E95117A-LeaderElection229 got exception when requesting votes: java.util.concurrent.ExecutionException: org.apache.ratis.thirdparty.io.grpc.StatusRuntimeException: UNAVAILABLE: io exception
2025-10-22 08:25:49,625 [8aba082c-257b-43e3-ba61-5d436c5b38fa@group-45121E95117A-LeaderElection229] INFO  impl.LeaderElection (LeaderElection.java:logAndReturn(206)) - 8aba082c-257b-43e3-ba61-5d436c5b38fa@group-45121E95117A-LeaderElection229: PRE_VOTE REJECTED received 0 response(s) and 2 exception(s):
2025-10-22 08:25:49,625 [8aba082c-257b-43e3-ba61-5d436c5b38fa@group-45121E95117A-LeaderElection229] INFO  impl.LeaderElection (LogUtils.java:infoOrTrace(142)) -   Exception 0: java.util.concurrent.ExecutionException: org.apache.ratis.thirdparty.io.grpc.StatusRuntimeException: UNAVAILABLE: io exception
2025-10-22 08:25:49,625 [8aba082c-257b-43e3-ba61-5d436c5b38fa@group-45121E95117A-LeaderElection229] INFO  impl.LeaderElection (LogUtils.java:infoOrTrace(142)) -   Exception 1: java.util.concurrent.ExecutionException: org.apache.ratis.thirdparty.io.grpc.StatusRuntimeException: UNAVAILABLE: io exception
2025-10-22 08:25:49,625 [8aba082c-257b-43e3-ba61-5d436c5b38fa@group-45121E95117A-LeaderElection229] INFO  impl.LeaderElection (LeaderElection.java:askForVotes(450)) - 8aba082c-257b-43e3-ba61-5d436c5b38fa@group-45121E95117A-LeaderElection229 PRE_VOTE round 0: result REJECTED
2025-10-22 08:25:49,625 [8aba082c-257b-43e3-ba61-5d436c5b38fa@group-45121E95117A-LeaderElection229] INFO  server.RaftServer$Division (RaftServerImpl.java:setRole(392)) - 8aba082c-257b-43e3-ba61-5d436c5b38fa@group-45121E95117A: changes role from CANDIDATE to FOLLOWER at term 1 for REJECTED
2025-10-22 08:25:49,625 [8aba082c-257b-43e3-ba61-5d436c5b38fa@group-45121E95117A-LeaderElection229] INFO  impl.RoleInfo (RoleInfo.java:shutdownLeaderElection(141)) - 8aba082c-257b-43e3-ba61-5d436c5b38fa: shutdown 8aba082c-257b-43e3-ba61-5d436c5b38fa@group-45121E95117A-LeaderElection229
2025-10-22 08:25:49,625 [8aba082c-257b-43e3-ba61-5d436c5b38fa@group-45121E95117A-LeaderElection229] INFO  impl.RoleInfo (RoleInfo.java:updateAndGet(148)) - 8aba082c-257b-43e3-ba61-5d436c5b38fa: start 8aba082c-257b-43e3-ba61-5d436c5b38fa@group-45121E95117A-FollowerState
2025-10-22 08:25:50,230 [grpc-default-executor-2] ERROR impl.OrderedAsync (OrderedAsync.java:lambda$null$6(215)) -  client-2101DF798DA8: Failed* RaftClientRequest:client-2101DF798DA8->0cab5a7d-6f40-474c-9abd-0651cf30726e@group-45121E95117A, cid=54, seq=6*, RW, cmdType: WriteChunk traceID: "" containerID: 6 datanodeUuid: "0cab5a7d-6f40-474c-9abd-0651cf30726e" writeChunk { blockID { containerID: 6 localID: 115816896921600007 blockCommitSequenceId: 4 replicaIndex: 0 } chunkData { chunkName: "115816896921600007_chunk_3" offset: 2097152 len: 524288 } } version: 3, data.size=524288
java.util.concurrent.CompletionException: java.io.IOException: org.apache.ratis.thirdparty.io.grpc.StatusRuntimeException: UNAVAILABLE: io exception
	at java.base/java.util.concurrent.CompletableFuture.encodeThrowable(CompletableFuture.java:332)
	at java.base/java.util.concurrent.CompletableFuture.completeThrowable(CompletableFuture.java:347)
	at java.base/java.util.concurrent.CompletableFuture$UniAccept.tryFire(CompletableFuture.java:708)
	at java.base/java.util.concurrent.CompletableFuture.postComplete(CompletableFuture.java:510)
	at java.base/java.util.concurrent.CompletableFuture.completeExceptionally(CompletableFuture.java:2194)
	at org.apache.ratis.grpc.client.GrpcClientProtocolClient$AsyncStreamObservers.completeReplyExceptionally(GrpcClientProtocolClient.java:397)
	at org.apache.ratis.grpc.client.GrpcClientProtocolClient$AsyncStreamObservers.access$000(GrpcClientProtocolClient.java:303)
	at org.apache.ratis.grpc.client.GrpcClientProtocolClient$AsyncStreamObservers$1.onError(GrpcClientProtocolClient.java:334)
	at org.apache.ratis.thirdparty.io.grpc.stub.ClientCalls$StreamObserverToCallListenerAdapter.onClose(ClientCalls.java:564)
	at org.apache.ratis.thirdparty.io.grpc.PartialForwardingClientCallListener.onClose(PartialForwardingClientCallListener.java:39)
	at org.apache.ratis.thirdparty.io.grpc.ForwardingClientCallListener.onClose(ForwardingClientCallListener.java:23)
	at org.apache.ratis.grpc.metrics.intercept.client.MetricClientCallListener.onClose(MetricClientCallListener.java:47)
	at org.apache.ratis.thirdparty.io.grpc.internal.DelayedClientCall$DelayedListener$3.run(DelayedClientCall.java:489)
	at org.apache.ratis.thirdparty.io.grpc.internal.DelayedClientCall$DelayedListener.delayOrExecute(DelayedClientCall.java:453)
	at org.apache.ratis.thirdparty.io.grpc.internal.DelayedClientCall$DelayedListener.onClose(DelayedClientCall.java:486)
	at org.apache.ratis.thirdparty.io.grpc.internal.ClientCallImpl.closeObserver(ClientCallImpl.java:565)
	at org.apache.ratis.thirdparty.io.grpc.internal.ClientCallImpl.access$100(ClientCallImpl.java:72)
	at org.apache.ratis.thirdparty.io.grpc.internal.ClientCallImpl$ClientStreamListenerImpl$1StreamClosed.runInternal(ClientCallImpl.java:733)
	at org.apache.ratis.thirdparty.io.grpc.internal.ClientCallImpl$ClientStreamListenerImpl$1StreamClosed.runInContext(ClientCallImpl.java:714)
	at org.apache.ratis.thirdparty.io.grpc.internal.ContextRunnable.run(ContextRunnable.java:37)
	at org.apache.ratis.thirdparty.io.grpc.internal.SerializingExecutor.run(SerializingExecutor.java:133)
	at java.base/java.util.concurrent.ThreadPoolExecutor.runWorker(ThreadPoolExecutor.java:1144)
	at java.base/java.util.concurrent.ThreadPoolExecutor$Worker.run(ThreadPoolExecutor.java:642)
	at java.base/java.lang.Thread.run(Thread.java:1583)
Caused by: java.io.IOException: org.apache.ratis.thirdparty.io.grpc.StatusRuntimeException: UNAVAILABLE: io exception
	at org.apache.ratis.grpc.GrpcUtil.unwrapException(GrpcUtil.java:99)
	at org.apache.ratis.grpc.GrpcUtil.unwrapIOException(GrpcUtil.java:159)
	at org.apache.ratis.grpc.client.GrpcClientProtocolClient$AsyncStreamObservers$1.onError(GrpcClientProtocolClient.java:333)
	... 16 more
Caused by: org.apache.ratis.thirdparty.io.grpc.StatusRuntimeException: UNAVAILABLE: io exception
	at org.apache.ratis.thirdparty.io.grpc.Status.asRuntimeException(Status.java:532)
	... 16 more
Caused by: org.apache.ratis.thirdparty.io.netty.channel.AbstractChannel$AnnotatedConnectException: finishConnect(..) failed: Connection refused: /127.0.0.1:15069
Caused by: java.net.ConnectException: finishConnect(..) failed: Connection refused
	at org.apache.ratis.thirdparty.io.netty.channel.unix.Errors.newConnectException0(Errors.java:166)
	at org.apache.ratis.thirdparty.io.netty.channel.unix.Errors.handleConnectErrno(Errors.java:131)
	at org.apache.ratis.thirdparty.io.netty.channel.unix.Socket.finishConnect(Socket.java:359)
	at org.apache.ratis.thirdparty.io.netty.channel.epoll.AbstractEpollChannel$AbstractEpollUnsafe.doFinishConnect(AbstractEpollChannel.java:715)
	at org.apache.ratis.thirdparty.io.netty.channel.epoll.AbstractEpollChannel$AbstractEpollUnsafe.finishConnect(AbstractEpollChannel.java:692)
	at org.apache.ratis.thirdparty.io.netty.channel.epoll.AbstractEpollChannel$AbstractEpollUnsafe.epollOutReady(AbstractEpollChannel.java:567)
	at org.apache.ratis.thirdparty.io.netty.channel.epoll.EpollEventLoop.processReady(EpollEventLoop.java:491)
	at org.apache.ratis.thirdparty.io.netty.channel.epoll.EpollEventLoop.run(EpollEventLoop.java:399)
	at org.apache.ratis.thirdparty.io.netty.util.concurrent.SingleThreadEventExecutor$4.run(SingleThreadEventExecutor.java:998)
	at org.apache.ratis.thirdparty.io.netty.util.internal.ThreadExecutorMap$2.run(ThreadExecutorMap.java:74)
	at org.apache.ratis.thirdparty.io.netty.util.concurrent.FastThreadLocalRunnable.run(FastThreadLocalRunnable.java:30)
	at java.base/java.lang.Thread.run(Thread.java:1583)
2025-10-22 08:25:50,231 [grpc-default-executor-2] ERROR impl.OrderedAsync (OrderedAsync.java:lambda$send$4(181)) - Failed to send request, message=cmdType: WriteChunk traceID: "" containerID: 6 datanodeUuid: "0cab5a7d-6f40-474c-9abd-0651cf30726e" writeChunk { blockID { containerID: 6 localID: 115816896921600007 blockCommitSequenceId: 4 replicaIndex: 0 } chunkData { chunkName: "115816896921600007_chunk_3" offset: 2097152 len: 524288 } } version: 3, data.size=524288
java.util.concurrent.CompletionException: org.apache.ratis.protocol.exceptions.RaftRetryFailureException: Failed RaftClientRequest:client-2101DF798DA8->0cab5a7d-6f40-474c-9abd-0651cf30726e@group-45121E95117A, cid=54, seq=6*, RW, cmdType: WriteChunk traceID: "" containerID: 6 datanodeUuid: "0cab5a7d-6f40-474c-9abd-0651cf30726e" writeChunk { blockID { containerID: 6 localID: 115816896921600007 blockCommitSequenceId: 4 replicaIndex: 0 } chunkData { chunkName: "115816896921600007_chunk_3" offset: 2097152 len: 524288 } } version: 3, data.size=524288 for 8 attempts with RequestTypeDependentRetryPolicy{WRITE->ExceptionDependentRetry(maxAttempts=2147483647; defaultPolicy=MultipleLinearRandomRetry[5x5s, 5x10s, 5x15s, 5x20s, 5x25s, 10x60s]; map={org.apache.ratis.protocol.exceptions.GroupMismatchException->NoRetry, org.apache.ratis.protocol.exceptions.NotReplicatedException->NoRetry, org.apache.ratis.protocol.exceptions.ResourceUnavailableException->org.apache.ratis.retry.ExponentialBackoffRetry@3647bbdf, org.apache.ratis.protocol.exceptions.StateMachineException->NoRetry, org.apache.ratis.protocol.exceptions.TimeoutIOException->org.apache.ratis.retry.ExponentialBackoffRetry@3647bbdf}), WATCH->ExceptionDependentRetry(maxAttempts=2147483647; defaultPolicy=MultipleLinearRandomRetry[5x5s, 5x10s, 5x15s, 5x20s, 5x25s, 10x60s]; map={org.apache.ratis.protocol.exceptions.GroupMismatchException->NoRetry, org.apache.ratis.protocol.exceptions.NotReplicatedException->NoRetry, org.apache.ratis.protocol.exceptions.ResourceUnavailableException->org.apache.ratis.retry.ExponentialBackoffRetry@3647bbdf, org.apache.ratis.protocol.exceptions.StateMachineException->NoRetry, org.apache.ratis.protocol.exceptions.TimeoutIOException->NoRetry})}
	at java.base/java.util.concurrent.CompletableFuture.encodeThrowable(CompletableFuture.java:332)
	at java.base/java.util.concurrent.CompletableFuture.completeThrowable(CompletableFuture.java:347)
	at java.base/java.util.concurrent.CompletableFuture$UniApply.tryFire(CompletableFuture.java:636)
	at java.base/java.util.concurrent.CompletableFuture.postComplete(CompletableFuture.java:510)
	at java.base/java.util.concurrent.CompletableFuture.completeExceptionally(CompletableFuture.java:2194)
	at org.apache.ratis.client.impl.OrderedAsync$PendingOrderedRequest.fail(OrderedAsync.java:111)
	at org.apache.ratis.util.SlidingWindow$Client.fail(SlidingWindow.java:395)
	at org.apache.ratis.client.impl.OrderedAsync.failAllAsyncRequests(OrderedAsync.java:155)
	at org.apache.ratis.client.impl.OrderedAsync.handleException(OrderedAsync.java:239)
	at org.apache.ratis.client.impl.OrderedAsync.lambda$sendRequestWithRetry$7(OrderedAsync.java:217)
	at java.base/java.util.concurrent.CompletableFuture.uniExceptionally(CompletableFuture.java:990)
	at java.base/java.util.concurrent.CompletableFuture$UniExceptionally.tryFire(CompletableFuture.java:974)
	at java.base/java.util.concurrent.CompletableFuture.postComplete(CompletableFuture.java:510)
	at java.base/java.util.concurrent.CompletableFuture.completeExceptionally(CompletableFuture.java:2194)
	at org.apache.ratis.grpc.client.GrpcClientProtocolClient$AsyncStreamObservers.completeReplyExceptionally(GrpcClientProtocolClient.java:397)
	at org.apache.ratis.grpc.client.GrpcClientProtocolClient$AsyncStreamObservers.access$000(GrpcClientProtocolClient.java:303)
	at org.apache.ratis.grpc.client.GrpcClientProtocolClient$AsyncStreamObservers$1.onError(GrpcClientProtocolClient.java:334)
	at org.apache.ratis.thirdparty.io.grpc.stub.ClientCalls$StreamObserverToCallListenerAdapter.onClose(ClientCalls.java:564)
	at org.apache.ratis.thirdparty.io.grpc.PartialForwardingClientCallListener.onClose(PartialForwardingClientCallListener.java:39)
	at org.apache.ratis.thirdparty.io.grpc.ForwardingClientCallListener.onClose(ForwardingClientCallListener.java:23)
	at org.apache.ratis.grpc.metrics.intercept.client.MetricClientCallListener.onClose(MetricClientCallListener.java:47)
	at org.apache.ratis.thirdparty.io.grpc.internal.DelayedClientCall$DelayedListener$3.run(DelayedClientCall.java:489)
	at org.apache.ratis.thirdparty.io.grpc.internal.DelayedClientCall$DelayedListener.delayOrExecute(DelayedClientCall.java:453)
	at org.apache.ratis.thirdparty.io.grpc.internal.DelayedClientCall$DelayedListener.onClose(DelayedClientCall.java:486)
	at org.apache.ratis.thirdparty.io.grpc.internal.ClientCallImpl.closeObserver(ClientCallImpl.java:565)
	at org.apache.ratis.thirdparty.io.grpc.internal.ClientCallImpl.access$100(ClientCallImpl.java:72)
	at org.apache.ratis.thirdparty.io.grpc.internal.ClientCallImpl$ClientStreamListenerImpl$1StreamClosed.runInternal(ClientCallImpl.java:733)
	at org.apache.ratis.thirdparty.io.grpc.internal.ClientCallImpl$ClientStreamListenerImpl$1StreamClosed.runInContext(ClientCallImpl.java:714)
	at org.apache.ratis.thirdparty.io.grpc.internal.ContextRunnable.run(ContextRunnable.java:37)
	at org.apache.ratis.thirdparty.io.grpc.internal.SerializingExecutor.run(SerializingExecutor.java:133)
	at java.base/java.util.concurrent.ThreadPoolExecutor.runWorker(ThreadPoolExecutor.java:1144)
	at java.base/java.util.concurrent.ThreadPoolExecutor$Worker.run(ThreadPoolExecutor.java:642)
	at java.base/java.lang.Thread.run(Thread.java:1583)
Caused by: org.apache.ratis.protocol.exceptions.RaftRetryFailureException: Failed RaftClientRequest:client-2101DF798DA8->0cab5a7d-6f40-474c-9abd-0651cf30726e@group-45121E95117A, cid=54, seq=6*, RW, cmdType: WriteChunk traceID: "" containerID: 6 datanodeUuid: "0cab5a7d-6f40-474c-9abd-0651cf30726e" writeChunk { blockID { containerID: 6 localID: 115816896921600007 blockCommitSequenceId: 4 replicaIndex: 0 } chunkData { chunkName: "115816896921600007_chunk_3" offset: 2097152 len: 524288 } } version: 3, data.size=524288 for 8 attempts with RequestTypeDependentRetryPolicy{WRITE->ExceptionDependentRetry(maxAttempts=2147483647; defaultPolicy=MultipleLinearRandomRetry[5x5s, 5x10s, 5x15s, 5x20s, 5x25s, 10x60s]; map={org.apache.ratis.protocol.exceptions.GroupMismatchException->NoRetry, org.apache.ratis.protocol.exceptions.NotReplicatedException->NoRetry, org.apache.ratis.protocol.exceptions.ResourceUnavailableException->org.apache.ratis.retry.ExponentialBackoffRetry@3647bbdf, org.apache.ratis.protocol.exceptions.StateMachineException->NoRetry, org.apache.ratis.protocol.exceptions.TimeoutIOException->org.apache.ratis.retry.ExponentialBackoffRetry@3647bbdf}), WATCH->ExceptionDependentRetry(maxAttempts=2147483647; defaultPolicy=MultipleLinearRandomRetry[5x5s, 5x10s, 5x15s, 5x20s, 5x25s, 10x60s]; map={org.apache.ratis.protocol.exceptions.GroupMismatchException->NoRetry, org.apache.ratis.protocol.exceptions.NotReplicatedException->NoRetry, org.apache.ratis.protocol.exceptions.ResourceUnavailableException->org.apache.ratis.retry.ExponentialBackoffRetry@3647bbdf, org.apache.ratis.protocol.exceptions.StateMachineException->NoRetry, org.apache.ratis.protocol.exceptions.TimeoutIOException->NoRetry})}
	at org.apache.ratis.client.impl.RaftClientImpl.noMoreRetries(RaftClientImpl.java:352)
	... 25 more
Caused by: java.io.IOException: org.apache.ratis.thirdparty.io.grpc.StatusRuntimeException: UNAVAILABLE: io exception
	at org.apache.ratis.grpc.GrpcUtil.unwrapException(GrpcUtil.java:99)
	at org.apache.ratis.grpc.GrpcUtil.unwrapIOException(GrpcUtil.java:159)
	at org.apache.ratis.grpc.client.GrpcClientProtocolClient$AsyncStreamObservers$1.onError(GrpcClientProtocolClient.java:333)
	... 16 more
Caused by: org.apache.ratis.thirdparty.io.grpc.StatusRuntimeException: UNAVAILABLE: io exception
	at org.apache.ratis.thirdparty.io.grpc.Status.asRuntimeException(Status.java:532)
	... 16 more
Caused by: org.apache.ratis.thirdparty.io.netty.channel.AbstractChannel$AnnotatedConnectException: finishConnect(..) failed: Connection refused: /127.0.0.1:15069
Caused by: java.net.ConnectException: finishConnect(..) failed: Connection refused
	at org.apache.ratis.thirdparty.io.netty.channel.unix.Errors.newConnectException0(Errors.java:166)
	at org.apache.ratis.thirdparty.io.netty.channel.unix.Errors.handleConnectErrno(Errors.java:131)
	at org.apache.ratis.thirdparty.io.netty.channel.unix.Socket.finishConnect(Socket.java:359)
	at org.apache.ratis.thirdparty.io.netty.channel.epoll.AbstractEpollChannel$AbstractEpollUnsafe.doFinishConnect(AbstractEpollChannel.java:715)
	at org.apache.ratis.thirdparty.io.netty.channel.epoll.AbstractEpollChannel$AbstractEpollUnsafe.finishConnect(AbstractEpollChannel.java:692)
	at org.apache.ratis.thirdparty.io.netty.channel.epoll.AbstractEpollChannel$AbstractEpollUnsafe.epollOutReady(AbstractEpollChannel.java:567)
	at org.apache.ratis.thirdparty.io.netty.channel.epoll.EpollEventLoop.processReady(EpollEventLoop.java:491)
	at org.apache.ratis.thirdparty.io.netty.channel.epoll.EpollEventLoop.run(EpollEventLoop.java:399)
	at org.apache.ratis.thirdparty.io.netty.util.concurrent.SingleThreadEventExecutor$4.run(SingleThreadEventExecutor.java:998)
	at org.apache.ratis.thirdparty.io.netty.util.internal.ThreadExecutorMap$2.run(ThreadExecutorMap.java:74)
	at org.apache.ratis.thirdparty.io.netty.util.concurrent.FastThreadLocalRunnable.run(FastThreadLocalRunnable.java:30)
	at java.base/java.lang.Thread.run(Thread.java:1583)
2025-10-22 08:25:50,232 [grpc-default-executor-2] ERROR impl.OrderedAsync (OrderedAsync.java:lambda$send$4(179)) - Failed to send request, message=cmdType: PutBlock traceID: "" containerID: 6 datanodeUuid: "0cab5a7d-6f40-474c-9abd-0651cf30726e" putBlock { blockData { blockID { containerID: 6 localID: 115816896921600007 blockCommitSequenceId: 0 } metadata { key: "TYPE" value: "KEY" } chunks { chunkName: "115816896921600007_chunk_1" offset: 0 len: 1048576 } chunks { chunkName: "115816896921600007_chunk_2" offset: 1048576 len: 1048576 } chunks { chunkName: "115816896921600007_chunk_3" offset: 2097152 len: 524288 } } eof: true } version: 3, data.size=0 due to java.util.concurrent.CompletionException: org.apache.ratis.protocol.exceptions.AlreadyClosedException: SlidingWindow$Client:client-2101DF798DA8->RAFT is closed.
2025-10-22 08:25:50,232 [ForkJoinPool-1-worker-1] WARN  io.KeyOutputStream (KeyOutputStream.java:handleExceptionInternal(377)) - Encountered exception java.io.IOException: Unexpected Storage Container Exception: java.util.concurrent.CompletionException: Failed to write chunk 115816896921600007_chunk_3 into block conID: 6 locID: 115816896921600007 bcsId: 4 replicaIndex: null on the pipeline Pipeline{ Id: 967bd5c3-d4b6-4c7a-afa3-45121e95117a, Nodes: [ {0cab5a7d-6f40-474c-9abd-0651cf30726e(localhost/127.0.0.1), ReplicaIndex: 0}, {9d21e184-bccf-4583-95a7-0fe616dd3b4b(localhost/127.0.0.1), ReplicaIndex: 0}, {8aba082c-257b-43e3-ba61-5d436c5b38fa(localhost/127.0.0.1), ReplicaIndex: 0},], ReplicationConfig: RATIS/THREE, State:OPEN, leaderId:8aba082c-257b-43e3-ba61-5d436c5b38fa, CreationTimestamp2025-10-22T08:23:43.283Z[Etc/UTC]}. The last committed block length is 2097152, uncommitted data length is 524288 retry count 0
2025-10-22 08:25:50,269 [ForkJoinPool-1-worker-1] INFO  io.BlockOutputStreamEntry (BlockOutputStreamEntry.java:writeOnRetry(192)) - BlockOutputStreamEntry:593cd63d-9a3e-4878-8ef5-1595157d046b conID: 7 locID: 115816896921600008 bcsId: 0 replicaIndex: null: Finish retrying with len 524288, currentPosition 524288
2025-10-22 08:25:50,270 [ForkJoinPool-1-worker-1] INFO  io.BlockOutputStreamEntry (BlockOutputStreamEntry.java:finishRetryHandling(141)) - BlockOutputStreamEntry:593cd63d-9a3e-4878-8ef5-1595157d046b conID: 7 locID: 115816896921600008 bcsId: 0 replicaIndex: null: Exiting retry handling mode
2025-10-22 08:25:50,313 [8aba082c-257b-43e3-ba61-5d436c5b38fa@group-E8ADAFC04A7A-FollowerState] INFO  impl.FollowerState (FollowerState.java:runImpl(161)) - 8aba082c-257b-43e3-ba61-5d436c5b38fa@group-E8ADAFC04A7A-FollowerState: change to CANDIDATE, lastRpcElapsedTime:1153507400ns, electionTimeout:1153ms
2025-10-22 08:25:50,314 [8aba082c-257b-43e3-ba61-5d436c5b38fa@group-E8ADAFC04A7A-FollowerState] INFO  impl.RoleInfo (RoleInfo.java:shutdownFollowerState(121)) - 8aba082c-257b-43e3-ba61-5d436c5b38fa: shutdown 8aba082c-257b-43e3-ba61-5d436c5b38fa@group-E8ADAFC04A7A-FollowerState
2025-10-22 08:25:50,314 [8aba082c-257b-43e3-ba61-5d436c5b38fa@group-E8ADAFC04A7A-FollowerState] INFO  server.RaftServer$Division (RaftServerImpl.java:setRole(392)) - 8aba082c-257b-43e3-ba61-5d436c5b38fa@group-E8ADAFC04A7A: changes role from  FOLLOWER to CANDIDATE at term 2 for changeToCandidate
2025-10-22 08:25:50,314 [8aba082c-257b-43e3-ba61-5d436c5b38fa@group-E8ADAFC04A7A-FollowerState] INFO  impl.RoleInfo (RoleInfo.java:updateAndGet(148)) - 8aba082c-257b-43e3-ba61-5d436c5b38fa: start 8aba082c-257b-43e3-ba61-5d436c5b38fa@group-E8ADAFC04A7A-LeaderElection230
2025-10-22 08:25:50,316 [8aba082c-257b-43e3-ba61-5d436c5b38fa@group-E8ADAFC04A7A-LeaderElection230] INFO  impl.LeaderElection (LeaderElection.java:askForVotes(448)) - 8aba082c-257b-43e3-ba61-5d436c5b38fa@group-E8ADAFC04A7A-LeaderElection230 PRE_VOTE round 0: submit vote requests at term 2 for conf: {index: 7, cur=peers:[9d21e184-bccf-4583-95a7-0fe616dd3b4b|127.0.0.1:15079, 8aba082c-257b-43e3-ba61-5d436c5b38fa|127.0.0.1:15063, 0cab5a7d-6f40-474c-9abd-0651cf30726e|127.0.0.1:15071]|listeners:[], old=null}
2025-10-22 08:25:50,318 [8aba082c-257b-43e3-ba61-5d436c5b38fa@group-E8ADAFC04A7A-LeaderElection230] INFO  impl.LeaderElection (LogUtils.java:infoOrTrace(142)) - 8aba082c-257b-43e3-ba61-5d436c5b38fa@group-E8ADAFC04A7A-LeaderElection230 got exception when requesting votes: java.util.concurrent.ExecutionException: org.apache.ratis.thirdparty.io.grpc.StatusRuntimeException: UNAVAILABLE: io exception
2025-10-22 08:25:50,318 [8aba082c-257b-43e3-ba61-5d436c5b38fa@group-E8ADAFC04A7A-LeaderElection230] INFO  impl.LeaderElection (LogUtils.java:infoOrTrace(142)) - 8aba082c-257b-43e3-ba61-5d436c5b38fa@group-E8ADAFC04A7A-LeaderElection230 got exception when requesting votes: java.util.concurrent.ExecutionException: org.apache.ratis.thirdparty.io.grpc.StatusRuntimeException: UNAVAILABLE: io exception
2025-10-22 08:25:50,318 [8aba082c-257b-43e3-ba61-5d436c5b38fa@group-E8ADAFC04A7A-LeaderElection230] INFO  impl.LeaderElection (LeaderElection.java:logAndReturn(206)) - 8aba082c-257b-43e3-ba61-5d436c5b38fa@group-E8ADAFC04A7A-LeaderElection230: PRE_VOTE REJECTED received 0 response(s) and 2 exception(s):
2025-10-22 08:25:50,318 [8aba082c-257b-43e3-ba61-5d436c5b38fa@group-E8ADAFC04A7A-LeaderElection230] INFO  impl.LeaderElection (LogUtils.java:infoOrTrace(142)) -   Exception 0: java.util.concurrent.ExecutionException: org.apache.ratis.thirdparty.io.grpc.StatusRuntimeException: UNAVAILABLE: io exception
2025-10-22 08:25:50,318 [8aba082c-257b-43e3-ba61-5d436c5b38fa@group-E8ADAFC04A7A-LeaderElection230] INFO  impl.LeaderElection (LogUtils.java:infoOrTrace(142)) -   Exception 1: java.util.concurrent.ExecutionException: org.apache.ratis.thirdparty.io.grpc.StatusRuntimeException: UNAVAILABLE: io exception
2025-10-22 08:25:50,319 [8aba082c-257b-43e3-ba61-5d436c5b38fa@group-E8ADAFC04A7A-LeaderElection230] INFO  impl.LeaderElection (LeaderElection.java:askForVotes(450)) - 8aba082c-257b-43e3-ba61-5d436c5b38fa@group-E8ADAFC04A7A-LeaderElection230 PRE_VOTE round 0: result REJECTED
2025-10-22 08:25:50,319 [8aba082c-257b-43e3-ba61-5d436c5b38fa@group-E8ADAFC04A7A-LeaderElection230] INFO  server.RaftServer$Division (RaftServerImpl.java:setRole(392)) - 8aba082c-257b-43e3-ba61-5d436c5b38fa@group-E8ADAFC04A7A: changes role from CANDIDATE to FOLLOWER at term 2 for REJECTED
2025-10-22 08:25:50,319 [8aba082c-257b-43e3-ba61-5d436c5b38fa@group-E8ADAFC04A7A-LeaderElection230] INFO  impl.RoleInfo (RoleInfo.java:shutdownLeaderElection(141)) - 8aba082c-257b-43e3-ba61-5d436c5b38fa: shutdown 8aba082c-257b-43e3-ba61-5d436c5b38fa@group-E8ADAFC04A7A-LeaderElection230
2025-10-22 08:25:50,319 [8aba082c-257b-43e3-ba61-5d436c5b38fa@group-E8ADAFC04A7A-LeaderElection230] INFO  impl.RoleInfo (RoleInfo.java:updateAndGet(148)) - 8aba082c-257b-43e3-ba61-5d436c5b38fa: start 8aba082c-257b-43e3-ba61-5d436c5b38fa@group-E8ADAFC04A7A-FollowerState
]]></system-out>
  </testcase>
  <testcase name="testDatanodeExclusionWithMajorityCommit(ReplicationLevel)[1]" classname="org.apache.hadoop.ozone.client.rpc.TestFailureHandlingByClient" time="17.907">
    <failure message="&#10;Expecting empty but was: [Pipeline-daae6601-de49-4157-b371-e8adafc04a7a]" type="java.lang.AssertionError"><![CDATA[java.lang.AssertionError: 

Expecting empty but was: [Pipeline-daae6601-de49-4157-b371-e8adafc04a7a]
	at org.apache.hadoop.ozone.client.rpc.TestFailureHandlingByClient.testDatanodeExclusionWithMajorityCommit(TestFailureHandlingByClient.java:474)
	at java.base/java.lang.reflect.Method.invoke(Method.java:580)
	at java.base/java.util.Optional.ifPresent(Optional.java:178)
	at java.base/java.util.stream.ForEachOps$ForEachOp$OfRef.accept(ForEachOps.java:184)
	at java.base/java.util.stream.ReferencePipeline$3$1.accept(ReferencePipeline.java:197)
	at java.base/java.util.stream.ForEachOps$ForEachOp$OfRef.accept(ForEachOps.java:184)
	at java.base/java.util.stream.ForEachOps$ForEachOp$OfRef.accept(ForEachOps.java:184)
	at java.base/java.util.stream.ReferencePipeline$3$1.accept(ReferencePipeline.java:197)
	at java.base/java.util.Iterator.forEachRemaining(Iterator.java:133)
	at java.base/java.util.Spliterators$IteratorSpliterator.forEachRemaining(Spliterators.java:1939)
	at java.base/java.util.stream.AbstractPipeline.copyInto(AbstractPipeline.java:509)
	at java.base/java.util.stream.AbstractPipeline.wrapAndCopyInto(AbstractPipeline.java:499)
	at java.base/java.util.stream.ForEachOps$ForEachOp.evaluateSequential(ForEachOps.java:151)
	at java.base/java.util.stream.ForEachOps$ForEachOp$OfRef.evaluateSequential(ForEachOps.java:174)
	at java.base/java.util.stream.AbstractPipeline.evaluate(AbstractPipeline.java:234)
	at java.base/java.util.stream.ReferencePipeline.forEach(ReferencePipeline.java:596)
	at java.base/java.util.stream.ReferencePipeline$7$1.accept(ReferencePipeline.java:276)
	at java.base/java.util.ArrayList$ArrayListSpliterator.forEachRemaining(ArrayList.java:1708)
	at java.base/java.util.stream.AbstractPipeline.copyInto(AbstractPipeline.java:509)
	at java.base/java.util.stream.AbstractPipeline.wrapAndCopyInto(AbstractPipeline.java:499)
	at java.base/java.util.stream.ForEachOps$ForEachOp.evaluateSequential(ForEachOps.java:151)
	at java.base/java.util.stream.ForEachOps$ForEachOp$OfRef.evaluateSequential(ForEachOps.java:174)
	at java.base/java.util.stream.AbstractPipeline.evaluate(AbstractPipeline.java:234)
	at java.base/java.util.stream.ReferencePipeline.forEach(ReferencePipeline.java:596)
	at java.base/java.util.stream.ReferencePipeline$7$1.accept(ReferencePipeline.java:276)
	at java.base/java.util.stream.ReferencePipeline$3$1.accept(ReferencePipeline.java:197)
	at java.base/java.util.stream.ReferencePipeline$3$1.accept(ReferencePipeline.java:197)
	at java.base/java.util.stream.ReferencePipeline$3$1.accept(ReferencePipeline.java:197)
	at java.base/java.util.ArrayList$ArrayListSpliterator.forEachRemaining(ArrayList.java:1708)
	at java.base/java.util.stream.AbstractPipeline.copyInto(AbstractPipeline.java:509)
	at java.base/java.util.stream.AbstractPipeline.wrapAndCopyInto(AbstractPipeline.java:499)
	at java.base/java.util.stream.ForEachOps$ForEachOp.evaluateSequential(ForEachOps.java:151)
	at java.base/java.util.stream.ForEachOps$ForEachOp$OfRef.evaluateSequential(ForEachOps.java:174)
	at java.base/java.util.stream.AbstractPipeline.evaluate(AbstractPipeline.java:234)
	at java.base/java.util.stream.ReferencePipeline.forEach(ReferencePipeline.java:596)
	at java.base/java.util.concurrent.ForkJoinTask.doExec(ForkJoinTask.java:387)
	at java.base/java.util.concurrent.ForkJoinPool$WorkQueue.topLevelExec(ForkJoinPool.java:1312)
	at java.base/java.util.concurrent.ForkJoinPool.scan(ForkJoinPool.java:1843)
	at java.base/java.util.concurrent.ForkJoinPool.runWorker(ForkJoinPool.java:1808)
	at java.base/java.util.concurrent.ForkJoinWorkerThread.run(ForkJoinWorkerThread.java:188)
]]></failure>
    <system-out><![CDATA[2025-10-22 08:25:50,400 [ForkJoinPool-1-worker-1] WARN  dropwizard3.Dm3MetricRegistriesImpl (Dm3MetricRegistriesImpl.java:addReporterRegistration(114)) - New reporters are added after registries were created. Some metrics will be missing from the reporter. Please add reporter before adding any new registry.
2025-10-22 08:25:50,400 [ForkJoinPool-1-worker-1] WARN  dropwizard3.Dm3MetricRegistriesImpl (Dm3MetricRegistriesImpl.java:addReporterRegistration(114)) - New reporters are added after registries were created. Some metrics will be missing from the reporter. Please add reporter before adding any new registry.
2025-10-22 08:25:50,449 [ForkJoinPool-1-worker-1] INFO  ozone.HddsDatanodeService (HddsDatanodeService.java:start(236)) - HddsDatanodeService 0cab5a7d-6f40-474c-9abd-0651cf30726e(localhost/127.0.0.1)
2025-10-22 08:25:50,453 [ForkJoinPool-1-worker-1] INFO  upgrade.AbstractLayoutVersionManager (AbstractLayoutVersionManager.java:init(80)) - Initializing Layout version manager with metadata layout = WITNESSED_CONTAINER_DB_PROTO_VALUE (version = 9), software layout = WITNESSED_CONTAINER_DB_PROTO_VALUE (version = 9)
2025-10-22 08:25:50,454 [ForkJoinPool-1-worker-1] INFO  statemachine.DatanodeStateMachine (DatanodeStateMachine.java:getEndPointTaskThreadPoolSize(321)) - Datanode State Machine Task Thread Pool size 2
2025-10-22 08:25:50,460 [ForkJoinPool-1-worker-1] INFO  volume.HddsVolume (HddsVolume.java:<init>(162)) - HddsVolume: { id=DS-1ec53189-a8d9-456e-823c-b078e2857cda dir=/home/runner/work/ozone/ozone/hadoop-ozone/integration-test/target/test-dir/MiniOzoneClusterImpl-a412b9f6-7d8b-4de3-a85c-9946bceaa3a0/ozone-metadata/datanode-8/data-0/hdds type=DISK capacity=9222449699674390527 used=0 available=9222449699674390527 minFree=184448985434423296 committed=0 }
2025-10-22 08:25:50,460 [ForkJoinPool-1-worker-1] INFO  volume.MutableVolumeSet (MutableVolumeSet.java:initializeVolumeSet(175)) - Added Volume : /home/runner/work/ozone/ozone/hadoop-ozone/integration-test/target/test-dir/MiniOzoneClusterImpl-a412b9f6-7d8b-4de3-a85c-9946bceaa3a0/ozone-metadata/datanode-8/data-0/hdds to VolumeSet
2025-10-22 08:25:50,461 [ForkJoinPool-1-worker-1] INFO  volume.MutableVolumeSet (MutableVolumeSet.java:initializeVolumeSet(175)) - Added Volume : /home/runner/work/ozone/ozone/hadoop-ozone/integration-test/target/test-dir/MiniOzoneClusterImpl-a412b9f6-7d8b-4de3-a85c-9946bceaa3a0/ozone-metadata/datanode-8/ratis to VolumeSet
2025-10-22 08:25:50,480 [ForkJoinPool.commonPool-worker-2] INFO  utils.DatanodeStoreCache (DatanodeStoreCache.java:addDB(70)) - Added db /home/runner/work/ozone/ozone/hadoop-ozone/integration-test/target/test-dir/MiniOzoneClusterImpl-a412b9f6-7d8b-4de3-a85c-9946bceaa3a0/ozone-metadata/datanode-8/data-0/hdds/a412b9f6-7d8b-4de3-a85c-9946bceaa3a0/DS-1ec53189-a8d9-456e-823c-b078e2857cda/container.db to cache
2025-10-22 08:25:50,480 [ForkJoinPool.commonPool-worker-2] INFO  volume.HddsVolume (HddsVolume.java:loadDbStore(517)) - SchemaV3 db is loaded at /home/runner/work/ozone/ozone/hadoop-ozone/integration-test/target/test-dir/MiniOzoneClusterImpl-a412b9f6-7d8b-4de3-a85c-9946bceaa3a0/ozone-metadata/datanode-8/data-0/hdds/a412b9f6-7d8b-4de3-a85c-9946bceaa3a0/DS-1ec53189-a8d9-456e-823c-b078e2857cda/container.db for volume DS-1ec53189-a8d9-456e-823c-b078e2857cda
2025-10-22 08:25:50,481 [ForkJoinPool-1-worker-1] INFO  ozoneimpl.OzoneContainer (HddsVolumeUtil.java:loadAllHddsVolumeDbStore(102)) - Load 1 volumes DbStore cost: 18ms
2025-10-22 08:25:50,481 [ForkJoinPool-1-worker-1] WARN  db.DBStoreBuilder (DBStoreBuilder.java:getDBDirPath(157)) - ozone.scm.datanode.id.dir is not configured. We recommend adding this setting. Falling back to ozone.metadata.dirs instead.
2025-10-22 08:25:50,482 [ForkJoinPool-1-worker-1] WARN  db.DBStoreBuilder (DBStoreBuilder.java:getDBDirPath(157)) - ozone.scm.datanode.id.dir is not configured. We recommend adding this setting. Falling back to ozone.metadata.dirs instead.
2025-10-22 08:25:50,492 [ForkJoinPool-1-worker-1] INFO  impl.FilePerChunkStrategy (FilePerChunkStrategy.java:<init>(79)) - ozone.chunk.read.mapped.buffer.max.count is load with 0
2025-10-22 08:25:50,492 [ForkJoinPool-1-worker-1] INFO  impl.FilePerBlockStrategy (FilePerBlockStrategy.java:<init>(88)) - ozone.chunk.read.mapped.buffer.max.count is load with 0
2025-10-22 08:25:50,493 [ForkJoinPool-1-worker-1] INFO  server.RaftServerConfigKeys (ConfUtils.java:logGet(62)) - raft.server.log.appender.buffer.byte-limit = 33554432 (custom)
2025-10-22 08:25:50,495 [ForkJoinPool-1-worker-1] INFO  grpc.GrpcConfigKeys (ConfUtils.java:logFallback(69)) - raft.grpc.admin.host = null (fallback to raft.grpc.server.host)
2025-10-22 08:25:50,495 [ForkJoinPool-1-worker-1] INFO  grpc.GrpcConfigKeys (ConfUtils.java:logGet(62)) - raft.grpc.admin.port = 15070 (custom)
2025-10-22 08:25:50,495 [ForkJoinPool-1-worker-1] INFO  grpc.GrpcConfigKeys (ConfUtils.java:logFallback(69)) - raft.grpc.client.host = null (fallback to raft.grpc.server.host)
2025-10-22 08:25:50,496 [ForkJoinPool-1-worker-1] INFO  grpc.GrpcConfigKeys (ConfUtils.java:logGet(62)) - raft.grpc.client.port = 15069 (custom)
2025-10-22 08:25:50,496 [ForkJoinPool-1-worker-1] INFO  grpc.GrpcConfigKeys (ConfUtils.java:logGet(62)) - raft.grpc.server.port = 15071 (custom)
2025-10-22 08:25:50,496 [ForkJoinPool-1-worker-1] INFO  server.GrpcServicesImpl (ConfUtils.java:logGet(62)) - raft.grpc.message.size.max = 34603008 (custom)
2025-10-22 08:25:50,496 [ForkJoinPool-1-worker-1] INFO  server.GrpcServicesImpl (ConfUtils.java:logGet(62)) - raft.grpc.flow.control.window = 5MB (=5242880) (custom)
2025-10-22 08:25:50,496 [ForkJoinPool-1-worker-1] INFO  server.RaftServerConfigKeys (ConfUtils.java:logGet(62)) - raft.server.log.appender.buffer.byte-limit = 33554432 (custom)
2025-10-22 08:25:50,498 [ForkJoinPool-1-worker-1] INFO  netty.NettyUtils (NettyUtils.java:newEventLoopGroup(74)) - Create EpollEventLoopGroup for 0cab5a7d-6f40-474c-9abd-0651cf30726e-NettyServerStreamRpc-bossGroup; Thread size is 0.
2025-10-22 08:25:50,499 [ForkJoinPool-1-worker-1] INFO  netty.NettyUtils (NettyUtils.java:newEventLoopGroup(74)) - Create EpollEventLoopGroup for 0cab5a7d-6f40-474c-9abd-0651cf30726e-NettyServerStreamRpc-workerGroup; Thread size is 0.
2025-10-22 08:25:50,499 [ForkJoinPool-1-worker-1] INFO  netty.NettyConfigKeys$DataStream (ConfUtils.java:logGet(62)) - raft.netty.dataStream.port = 15072 (custom)
2025-10-22 08:25:50,500 [ForkJoinPool-1-worker-1] INFO  server.RaftServerConfigKeys (ConfUtils.java:logGet(62)) - raft.server.storage.dir = [/home/runner/work/ozone/ozone/hadoop-ozone/integration-test/target/test-dir/MiniOzoneClusterImpl-a412b9f6-7d8b-4de3-a85c-9946bceaa3a0/ozone-metadata/datanode-8/ratis] (custom)
2025-10-22 08:25:50,501 [0cab5a7d-6f40-474c-9abd-0651cf30726e-NettyServerStreamRpc-bossGroup--thread1] INFO  logging.LoggingHandler (AbstractInternalLogger.java:log(148)) - [id: 0xc0a35e13] REGISTERED
2025-10-22 08:25:50,501 [0cab5a7d-6f40-474c-9abd-0651cf30726e-NettyServerStreamRpc-bossGroup--thread1] INFO  logging.LoggingHandler (AbstractInternalLogger.java:log(148)) - [id: 0xc0a35e13] BIND: 0.0.0.0/0.0.0.0:15072
2025-10-22 08:25:50,501 [0cab5a7d-6f40-474c-9abd-0651cf30726e-NettyServerStreamRpc-bossGroup--thread1] INFO  logging.LoggingHandler (AbstractInternalLogger.java:log(148)) - [id: 0xc0a35e13, L:/0.0.0.0:15072] ACTIVE
2025-10-22 08:25:50,502 [0cab5a7d-6f40-474c-9abd-0651cf30726e-impl-thread1] INFO  server.RaftServer (RaftServerProxy.java:initGroupDir(270)) - 0cab5a7d-6f40-474c-9abd-0651cf30726e: found a subdirectory /home/runner/work/ozone/ozone/hadoop-ozone/integration-test/target/test-dir/MiniOzoneClusterImpl-a412b9f6-7d8b-4de3-a85c-9946bceaa3a0/ozone-metadata/datanode-8/ratis/tmp
2025-10-22 08:25:50,502 [0cab5a7d-6f40-474c-9abd-0651cf30726e-impl-thread1] INFO  server.RaftServer (RaftServerProxy.java:initGroupDir(275)) - 0cab5a7d-6f40-474c-9abd-0651cf30726e: The directory /home/runner/work/ozone/ozone/hadoop-ozone/integration-test/target/test-dir/MiniOzoneClusterImpl-a412b9f6-7d8b-4de3-a85c-9946bceaa3a0/ozone-metadata/datanode-8/ratis/tmp is not a group directory; ignoring it. 
2025-10-22 08:25:50,502 [0cab5a7d-6f40-474c-9abd-0651cf30726e-impl-thread1] INFO  server.RaftServer (RaftServerProxy.java:initGroupDir(270)) - 0cab5a7d-6f40-474c-9abd-0651cf30726e: found a subdirectory /home/runner/work/ozone/ozone/hadoop-ozone/integration-test/target/test-dir/MiniOzoneClusterImpl-a412b9f6-7d8b-4de3-a85c-9946bceaa3a0/ozone-metadata/datanode-8/ratis/f4bcb322-ee1f-41bd-9c2f-ee76401c21d3
2025-10-22 08:25:50,502 [0cab5a7d-6f40-474c-9abd-0651cf30726e-impl-thread1] INFO  server.RaftServer (RaftServerProxy.java:addNew(105)) - 0cab5a7d-6f40-474c-9abd-0651cf30726e: addNew group-EE76401C21D3:[] returns group-EE76401C21D3:java.util.concurrent.CompletableFuture@11439725[Not completed]
2025-10-22 08:25:50,502 [0cab5a7d-6f40-474c-9abd-0651cf30726e-impl-thread1] INFO  server.RaftServer (RaftServerProxy.java:initGroupDir(270)) - 0cab5a7d-6f40-474c-9abd-0651cf30726e: found a subdirectory /home/runner/work/ozone/ozone/hadoop-ozone/integration-test/target/test-dir/MiniOzoneClusterImpl-a412b9f6-7d8b-4de3-a85c-9946bceaa3a0/ozone-metadata/datanode-8/ratis/967bd5c3-d4b6-4c7a-afa3-45121e95117a
2025-10-22 08:25:50,502 [0cab5a7d-6f40-474c-9abd-0651cf30726e-impl-thread1] INFO  server.RaftServer (RaftServerProxy.java:addNew(105)) - 0cab5a7d-6f40-474c-9abd-0651cf30726e: addNew group-45121E95117A:[] returns group-45121E95117A:java.util.concurrent.CompletableFuture@42ad914[Not completed]
2025-10-22 08:25:50,503 [0cab5a7d-6f40-474c-9abd-0651cf30726e-impl-thread1] INFO  server.RaftServer (RaftServerProxy.java:initGroupDir(270)) - 0cab5a7d-6f40-474c-9abd-0651cf30726e: found a subdirectory /home/runner/work/ozone/ozone/hadoop-ozone/integration-test/target/test-dir/MiniOzoneClusterImpl-a412b9f6-7d8b-4de3-a85c-9946bceaa3a0/ozone-metadata/datanode-8/ratis/daae6601-de49-4157-b371-e8adafc04a7a
2025-10-22 08:25:50,503 [0cab5a7d-6f40-474c-9abd-0651cf30726e-impl-thread1] INFO  server.RaftServer (RaftServerProxy.java:addNew(105)) - 0cab5a7d-6f40-474c-9abd-0651cf30726e: addNew group-E8ADAFC04A7A:[] returns group-E8ADAFC04A7A:java.util.concurrent.CompletableFuture@209822e2[Not completed]
2025-10-22 08:25:50,504 [ForkJoinPool-1-worker-1] INFO  replication.ReplicationServer (ReplicationServer.java:<init>(84)) - Initializing replication server with thread count = 10 queue length = 4096
2025-10-22 08:25:50,504 [0cab5a7d-6f40-474c-9abd-0651cf30726e-groupManagement] INFO  server.RaftServer$Division (RaftServerImpl.java:<init>(268)) - 0cab5a7d-6f40-474c-9abd-0651cf30726e: new RaftServerImpl for group-EE76401C21D3:[] with ContainerStateMachine:uninitialized
2025-10-22 08:25:50,504 [0cab5a7d-6f40-474c-9abd-0651cf30726e-groupManagement] INFO  server.RaftServer$Division (ServerState.java:<init>(114)) - 0cab5a7d-6f40-474c-9abd-0651cf30726e@group-EE76401C21D3: ConfigurationManager, init=conf: {index: -1, cur=peers:[]|listeners:[], old=null}, confs=<EMPTY_MAP>
2025-10-22 08:25:50,505 [ForkJoinPool-1-worker-1] INFO  server.XceiverServerGrpc (XceiverServerGrpc.java:<init>(129)) - GrpcServer channel type EpollServerSocketChannel
2025-10-22 08:25:50,507 [ForkJoinPool-1-worker-1] INFO  replication.ReplicationSupervisor (ReplicationSupervisor.java:build(169)) - Initializing replication supervisor with thread count = 10
2025-10-22 08:25:50,507 [ForkJoinPool-1-worker-1] INFO  replication.ReplicationSupervisor (ReplicationSupervisor.java:nodeStateUpdated(358)) - Node state updated to IN_SERVICE, scaling executor pool size to 10
2025-10-22 08:25:50,509 [0cab5a7d-6f40-474c-9abd-0651cf30726e-groupManagement] INFO  server.RaftServer$Division (RaftServerImpl.java:<init>(268)) - 0cab5a7d-6f40-474c-9abd-0651cf30726e: new RaftServerImpl for group-45121E95117A:[] with ContainerStateMachine:uninitialized
2025-10-22 08:25:50,510 [0cab5a7d-6f40-474c-9abd-0651cf30726e-groupManagement] INFO  server.RaftServer$Division (ServerState.java:<init>(114)) - 0cab5a7d-6f40-474c-9abd-0651cf30726e@group-45121E95117A: ConfigurationManager, init=conf: {index: -1, cur=peers:[]|listeners:[], old=null}, confs=<EMPTY_MAP>
2025-10-22 08:25:50,512 [ForkJoinPool-1-worker-1] INFO  http.BaseHttpServer (BaseHttpServer.java:newHttpServer2BuilderForOzone(227)) - Starting Web-server for hddsDatanode at: http://0.0.0.0:15066
2025-10-22 08:25:50,513 [ForkJoinPool-1-worker-1] INFO  http.BaseHttpServer (BaseHttpServer.java:<init>(105)) - Hadoop Security Enabled: false Ozone Security Enabled: false Ozone HTTP Security Enabled: false 
2025-10-22 08:25:50,514 [0cab5a7d-6f40-474c-9abd-0651cf30726e-groupManagement] INFO  server.RaftServer$Division (RaftServerImpl.java:<init>(268)) - 0cab5a7d-6f40-474c-9abd-0651cf30726e: new RaftServerImpl for group-E8ADAFC04A7A:[] with ContainerStateMachine:uninitialized
2025-10-22 08:25:50,514 [0cab5a7d-6f40-474c-9abd-0651cf30726e-groupManagement] INFO  server.RaftServer$Division (ServerState.java:<init>(114)) - 0cab5a7d-6f40-474c-9abd-0651cf30726e@group-E8ADAFC04A7A: ConfigurationManager, init=conf: {index: -1, cur=peers:[]|listeners:[], old=null}, confs=<EMPTY_MAP>
2025-10-22 08:25:50,515 [ForkJoinPool-1-worker-1] WARN  server.AuthenticationFilter (AuthenticationFilter.java:constructSecretProvider(240)) - Unable to initialize FileSignerSecretProvider, falling back to use random secrets. Reason: Could not read signature secret file: /home/runner/hadoop-http-auth-signature-secret
2025-10-22 08:25:50,520 [ForkJoinPool-1-worker-1] INFO  http.HttpServer2 (HttpServer2.java:addGlobalFilter(1040)) - Added global filter 'safety' (class=org.apache.hadoop.hdds.server.http.HttpServer2$QuotingInputFilter)
2025-10-22 08:25:50,521 [ForkJoinPool-1-worker-1] INFO  http.HttpServer2 (HttpServer2.java:addFilter(1016)) - Added filter static_user_filter (class=org.apache.hadoop.http.lib.StaticUserWebFilter$StaticUserFilter) to context hddsDatanode
2025-10-22 08:25:50,521 [ForkJoinPool-1-worker-1] INFO  http.HttpServer2 (HttpServer2.java:addFilter(1024)) - Added filter static_user_filter (class=org.apache.hadoop.http.lib.StaticUserWebFilter$StaticUserFilter) to context static
2025-10-22 08:25:50,521 [ForkJoinPool-1-worker-1] INFO  http.HttpServer2 (HttpServer2.java:addFilter(1024)) - Added filter static_user_filter (class=org.apache.hadoop.http.lib.StaticUserWebFilter$StaticUserFilter) to context logs
2025-10-22 08:25:50,522 [ForkJoinPool-1-worker-1] INFO  http.BaseHttpServer (BaseHttpServer.java:<init>(193)) - HTTP server of hddsDatanode uses base directory /home/runner/work/ozone/ozone/hadoop-ozone/integration-test/target/test-dir/MiniOzoneClusterImpl-a412b9f6-7d8b-4de3-a85c-9946bceaa3a0/scm/ozone-metadata/webserver
2025-10-22 08:25:50,523 [ForkJoinPool-1-worker-1] INFO  http.HttpServer2 (HttpServer2.java:bindListener(1240)) - Jetty bound to port 15066
2025-10-22 08:25:50,523 [ForkJoinPool-1-worker-1] INFO  server.Server (Server.java:doStart(375)) - jetty-9.4.58.v20250814; built: 2025-08-14T02:28:49.637Z; git: 8f1440587e9e4ae7db3d74cf205643f3d707148d; jvm 21.0.8+9-LTS
2025-10-22 08:25:50,525 [ForkJoinPool-1-worker-1] INFO  server.session (DefaultSessionIdManager.java:doStart(334)) - DefaultSessionIdManager workerName=node0
2025-10-22 08:25:50,525 [ForkJoinPool-1-worker-1] INFO  server.session (DefaultSessionIdManager.java:doStart(339)) - No SessionScavenger set, using defaults
2025-10-22 08:25:50,526 [ForkJoinPool-1-worker-1] INFO  server.session (HouseKeeper.java:startScavenging(132)) - node0 Scavenging every 660000ms
2025-10-22 08:25:50,526 [ForkJoinPool-1-worker-1] INFO  handler.ContextHandler (ContextHandler.java:doStart(921)) - Started o.e.j.s.ServletContextHandler@1810ab2c{logs,/logs,file:///home/runner/work/ozone/ozone/hadoop-ozone/integration-test/target/log,AVAILABLE}
2025-10-22 08:25:50,527 [ForkJoinPool-1-worker-1] INFO  handler.ContextHandler (ContextHandler.java:doStart(921)) - Started o.e.j.s.ServletContextHandler@61b5f0b0{static,/static,jar:file:/home/runner/work/ozone/ozone/hadoop-hdds/container-service/target/hdds-container-service-2.1.0-SNAPSHOT.jar!/webapps/static,AVAILABLE}
2025-10-22 08:25:50,684 [ForkJoinPool-1-worker-1] INFO  handler.ContextHandler (ContextHandler.java:doStart(921)) - Started o.e.j.w.WebAppContext@255e63b4{hddsDatanode,/,file:///home/runner/work/ozone/ozone/hadoop-ozone/integration-test/target/test-dir/MiniOzoneClusterImpl-a412b9f6-7d8b-4de3-a85c-9946bceaa3a0/scm/ozone-metadata/webserver/jetty-0_0_0_0-15066-hdds-container-service-2_1_0-SNAPSHOT_jar-_-any-4751379789916497412/webapp/,AVAILABLE}{jar:file:/home/runner/work/ozone/ozone/hadoop-hdds/container-service/target/hdds-container-service-2.1.0-SNAPSHOT.jar!/webapps/hddsDatanode}
2025-10-22 08:25:50,684 [ForkJoinPool-1-worker-1] INFO  server.AbstractConnector (AbstractConnector.java:doStart(333)) - Started ServerConnector@63cc4b07{HTTP/1.1, (http/1.1)}{0.0.0.0:15066}
2025-10-22 08:25:50,685 [ForkJoinPool-1-worker-1] INFO  server.Server (Server.java:doStart(415)) - Started @142282ms
2025-10-22 08:25:50,685 [ForkJoinPool-1-worker-1] WARN  impl.MetricsSystemImpl (MetricsSystemImpl.java:register(279)) - Sink prometheus already exists!
2025-10-22 08:25:50,685 [ForkJoinPool-1-worker-1] INFO  http.BaseHttpServer (BaseHttpServer.java:updateConnectorAddress(357)) - HTTP server of hddsDatanode listening at http://localhost:15066
2025-10-22 08:25:50,686 [ForkJoinPool-1-worker-1] INFO  ipc.CallQueueManager (CallQueueManager.java:<init>(93)) - Using callQueue: class java.util.concurrent.LinkedBlockingQueue, queueCapacity: 1000, scheduler: class org.apache.hadoop.ipc.DefaultRpcScheduler, ipcBackoff: false, ipcFailOver: false.
2025-10-22 08:25:50,686 [ForkJoinPool-1-worker-1] INFO  ipc.Server (Server.java:<init>(1438)) - Listener at 0.0.0.0:15067
2025-10-22 08:25:50,686 [Socket Reader #1 for port 15067] INFO  ipc.Server (Server.java:run(1474)) - Starting Socket Reader #1 for port 15067
2025-10-22 08:25:50,687 [Socket Reader #2 for port 15067] INFO  ipc.Server (Server.java:run(1474)) - Starting Socket Reader #2 for port 15067
2025-10-22 08:25:50,687 [Socket Reader #3 for port 15067] INFO  ipc.Server (Server.java:run(1474)) - Starting Socket Reader #3 for port 15067
2025-10-22 08:25:50,687 [Socket Reader #4 for port 15067] INFO  ipc.Server (Server.java:run(1474)) - Starting Socket Reader #4 for port 15067
2025-10-22 08:25:50,687 [Socket Reader #5 for port 15067] INFO  ipc.Server (Server.java:run(1474)) - Starting Socket Reader #5 for port 15067
2025-10-22 08:25:50,687 [Socket Reader #6 for port 15067] INFO  ipc.Server (Server.java:run(1474)) - Starting Socket Reader #6 for port 15067
2025-10-22 08:25:50,688 [Socket Reader #7 for port 15067] INFO  ipc.Server (Server.java:run(1474)) - Starting Socket Reader #7 for port 15067
2025-10-22 08:25:50,688 [Socket Reader #8 for port 15067] INFO  ipc.Server (Server.java:run(1474)) - Starting Socket Reader #8 for port 15067
2025-10-22 08:25:50,688 [Socket Reader #9 for port 15067] INFO  ipc.Server (Server.java:run(1474)) - Starting Socket Reader #9 for port 15067
2025-10-22 08:25:50,688 [Socket Reader #10 for port 15067] INFO  ipc.Server (Server.java:run(1474)) - Starting Socket Reader #10 for port 15067
2025-10-22 08:25:50,690 [ForkJoinPool-1-worker-1] INFO  ozone.HddsDatanodeService (HddsDatanodeService.java:start(333)) - Datanode start with admins: [admin, runner]
2025-10-22 08:25:50,690 [ForkJoinPool-1-worker-1] INFO  ozone.HddsDatanodeClientProtocolServer (HddsDatanodeClientProtocolServer.java:start(76)) - RPC server for Client /0.0.0.0:15067
2025-10-22 08:25:50,691 [IPC Server Responder] INFO  ipc.Server (Server.java:run(1713)) - IPC Server Responder: starting
2025-10-22 08:25:50,691 [IPC Server listener on 15067] INFO  ipc.Server (Server.java:run(1553)) - IPC Server listener on 15067: starting
2025-10-22 08:25:50,693 [0cab5a7d-6f40-474c-9abd-0651cf30726e-DatanodeStateMachineDaemonThread] INFO  statemachine.DatanodeStateMachine (DatanodeStateMachine.java:startStateMachineThread(363)) - Ozone container server started.
2025-10-22 08:25:50,694 [ForkJoinPool-1-worker-1] WARN  dropwizard3.Dm3MetricRegistriesImpl (Dm3MetricRegistriesImpl.java:addReporterRegistration(114)) - New reporters are added after registries were created. Some metrics will be missing from the reporter. Please add reporter before adding any new registry.
2025-10-22 08:25:50,694 [ForkJoinPool-1-worker-1] WARN  dropwizard3.Dm3MetricRegistriesImpl (Dm3MetricRegistriesImpl.java:addReporterRegistration(114)) - New reporters are added after registries were created. Some metrics will be missing from the reporter. Please add reporter before adding any new registry.
2025-10-22 08:25:50,696 [0cab5a7d-6f40-474c-9abd-0651cf30726e-DatanodeStateMachineTaskThread-0] INFO  datanode.InitDatanodeState (InitDatanodeState.java:persistContainerDatanodeDetails(139)) - DatanodeDetails is persisted to /home/runner/work/ozone/ozone/hadoop-ozone/integration-test/target/test-dir/MiniOzoneClusterImpl-a412b9f6-7d8b-4de3-a85c-9946bceaa3a0/ozone-metadata/datanode-8/ozone-metadata/datanode.id
2025-10-22 08:25:50,712 [ForkJoinPool-1-worker-1] INFO  ozone.HddsDatanodeService (HddsDatanodeService.java:start(236)) - HddsDatanodeService 9d21e184-bccf-4583-95a7-0fe616dd3b4b(localhost/127.0.0.1)
2025-10-22 08:25:50,713 [ForkJoinPool-1-worker-1] INFO  upgrade.AbstractLayoutVersionManager (AbstractLayoutVersionManager.java:init(80)) - Initializing Layout version manager with metadata layout = WITNESSED_CONTAINER_DB_PROTO_VALUE (version = 9), software layout = WITNESSED_CONTAINER_DB_PROTO_VALUE (version = 9)
2025-10-22 08:25:50,713 [ForkJoinPool-1-worker-1] INFO  statemachine.DatanodeStateMachine (DatanodeStateMachine.java:getEndPointTaskThreadPoolSize(321)) - Datanode State Machine Task Thread Pool size 2
2025-10-22 08:25:50,716 [ForkJoinPool-1-worker-1] INFO  volume.HddsVolume (HddsVolume.java:<init>(162)) - HddsVolume: { id=DS-2a9dbd48-deb6-4f23-96bb-1f0c806128cb dir=/home/runner/work/ozone/ozone/hadoop-ozone/integration-test/target/test-dir/MiniOzoneClusterImpl-a412b9f6-7d8b-4de3-a85c-9946bceaa3a0/ozone-metadata/datanode-9/data-0/hdds type=DISK capacity=9222449699674390527 used=0 available=9222449699674390527 minFree=184448985434423296 committed=0 }
2025-10-22 08:25:50,716 [ForkJoinPool-1-worker-1] INFO  volume.MutableVolumeSet (MutableVolumeSet.java:initializeVolumeSet(175)) - Added Volume : /home/runner/work/ozone/ozone/hadoop-ozone/integration-test/target/test-dir/MiniOzoneClusterImpl-a412b9f6-7d8b-4de3-a85c-9946bceaa3a0/ozone-metadata/datanode-9/data-0/hdds to VolumeSet
2025-10-22 08:25:50,717 [ForkJoinPool-1-worker-1] INFO  volume.MutableVolumeSet (MutableVolumeSet.java:initializeVolumeSet(175)) - Added Volume : /home/runner/work/ozone/ozone/hadoop-ozone/integration-test/target/test-dir/MiniOzoneClusterImpl-a412b9f6-7d8b-4de3-a85c-9946bceaa3a0/ozone-metadata/datanode-9/ratis to VolumeSet
2025-10-22 08:25:50,730 [ForkJoinPool.commonPool-worker-2] INFO  utils.DatanodeStoreCache (DatanodeStoreCache.java:addDB(70)) - Added db /home/runner/work/ozone/ozone/hadoop-ozone/integration-test/target/test-dir/MiniOzoneClusterImpl-a412b9f6-7d8b-4de3-a85c-9946bceaa3a0/ozone-metadata/datanode-9/data-0/hdds/a412b9f6-7d8b-4de3-a85c-9946bceaa3a0/DS-2a9dbd48-deb6-4f23-96bb-1f0c806128cb/container.db to cache
2025-10-22 08:25:50,730 [ForkJoinPool.commonPool-worker-2] INFO  volume.HddsVolume (HddsVolume.java:loadDbStore(517)) - SchemaV3 db is loaded at /home/runner/work/ozone/ozone/hadoop-ozone/integration-test/target/test-dir/MiniOzoneClusterImpl-a412b9f6-7d8b-4de3-a85c-9946bceaa3a0/ozone-metadata/datanode-9/data-0/hdds/a412b9f6-7d8b-4de3-a85c-9946bceaa3a0/DS-2a9dbd48-deb6-4f23-96bb-1f0c806128cb/container.db for volume DS-2a9dbd48-deb6-4f23-96bb-1f0c806128cb
2025-10-22 08:25:50,730 [ForkJoinPool-1-worker-1] INFO  ozoneimpl.OzoneContainer (HddsVolumeUtil.java:loadAllHddsVolumeDbStore(102)) - Load 1 volumes DbStore cost: 13ms
2025-10-22 08:25:50,730 [ForkJoinPool-1-worker-1] WARN  db.DBStoreBuilder (DBStoreBuilder.java:getDBDirPath(157)) - ozone.scm.datanode.id.dir is not configured. We recommend adding this setting. Falling back to ozone.metadata.dirs instead.
2025-10-22 08:25:50,731 [ForkJoinPool-1-worker-1] WARN  db.DBStoreBuilder (DBStoreBuilder.java:getDBDirPath(157)) - ozone.scm.datanode.id.dir is not configured. We recommend adding this setting. Falling back to ozone.metadata.dirs instead.
2025-10-22 08:25:50,739 [ForkJoinPool-1-worker-1] INFO  impl.FilePerChunkStrategy (FilePerChunkStrategy.java:<init>(79)) - ozone.chunk.read.mapped.buffer.max.count is load with 0
2025-10-22 08:25:50,739 [ForkJoinPool-1-worker-1] INFO  impl.FilePerBlockStrategy (FilePerBlockStrategy.java:<init>(88)) - ozone.chunk.read.mapped.buffer.max.count is load with 0
2025-10-22 08:25:50,740 [ForkJoinPool-1-worker-1] INFO  server.RaftServerConfigKeys (ConfUtils.java:logGet(62)) - raft.server.log.appender.buffer.byte-limit = 33554432 (custom)
2025-10-22 08:25:50,741 [ForkJoinPool-1-worker-1] INFO  grpc.GrpcConfigKeys (ConfUtils.java:logFallback(69)) - raft.grpc.admin.host = null (fallback to raft.grpc.server.host)
2025-10-22 08:25:50,741 [ForkJoinPool-1-worker-1] INFO  grpc.GrpcConfigKeys (ConfUtils.java:logGet(62)) - raft.grpc.admin.port = 15078 (custom)
2025-10-22 08:25:50,741 [ForkJoinPool-1-worker-1] INFO  grpc.GrpcConfigKeys (ConfUtils.java:logFallback(69)) - raft.grpc.client.host = null (fallback to raft.grpc.server.host)
2025-10-22 08:25:50,741 [ForkJoinPool-1-worker-1] INFO  grpc.GrpcConfigKeys (ConfUtils.java:logGet(62)) - raft.grpc.client.port = 15077 (custom)
2025-10-22 08:25:50,741 [ForkJoinPool-1-worker-1] INFO  grpc.GrpcConfigKeys (ConfUtils.java:logGet(62)) - raft.grpc.server.port = 15079 (custom)
2025-10-22 08:25:50,741 [ForkJoinPool-1-worker-1] INFO  server.GrpcServicesImpl (ConfUtils.java:logGet(62)) - raft.grpc.message.size.max = 34603008 (custom)
2025-10-22 08:25:50,741 [ForkJoinPool-1-worker-1] INFO  server.GrpcServicesImpl (ConfUtils.java:logGet(62)) - raft.grpc.flow.control.window = 5MB (=5242880) (custom)
2025-10-22 08:25:50,742 [ForkJoinPool-1-worker-1] INFO  server.RaftServerConfigKeys (ConfUtils.java:logGet(62)) - raft.server.log.appender.buffer.byte-limit = 33554432 (custom)
2025-10-22 08:25:50,743 [ForkJoinPool-1-worker-1] INFO  netty.NettyUtils (NettyUtils.java:newEventLoopGroup(74)) - Create EpollEventLoopGroup for 9d21e184-bccf-4583-95a7-0fe616dd3b4b-NettyServerStreamRpc-bossGroup; Thread size is 0.
2025-10-22 08:25:50,743 [ForkJoinPool-1-worker-1] INFO  netty.NettyUtils (NettyUtils.java:newEventLoopGroup(74)) - Create EpollEventLoopGroup for 9d21e184-bccf-4583-95a7-0fe616dd3b4b-NettyServerStreamRpc-workerGroup; Thread size is 0.
2025-10-22 08:25:50,743 [ForkJoinPool-1-worker-1] INFO  netty.NettyConfigKeys$DataStream (ConfUtils.java:logGet(62)) - raft.netty.dataStream.port = 15080 (custom)
2025-10-22 08:25:50,744 [ForkJoinPool-1-worker-1] INFO  server.RaftServerConfigKeys (ConfUtils.java:logGet(62)) - raft.server.storage.dir = [/home/runner/work/ozone/ozone/hadoop-ozone/integration-test/target/test-dir/MiniOzoneClusterImpl-a412b9f6-7d8b-4de3-a85c-9946bceaa3a0/ozone-metadata/datanode-9/ratis] (custom)
2025-10-22 08:25:50,744 [9d21e184-bccf-4583-95a7-0fe616dd3b4b-NettyServerStreamRpc-bossGroup--thread1] INFO  logging.LoggingHandler (AbstractInternalLogger.java:log(148)) - [id: 0xc064bdd9] REGISTERED
2025-10-22 08:25:50,744 [9d21e184-bccf-4583-95a7-0fe616dd3b4b-NettyServerStreamRpc-bossGroup--thread1] INFO  logging.LoggingHandler (AbstractInternalLogger.java:log(148)) - [id: 0xc064bdd9] BIND: 0.0.0.0/0.0.0.0:15080
2025-10-22 08:25:50,744 [9d21e184-bccf-4583-95a7-0fe616dd3b4b-NettyServerStreamRpc-bossGroup--thread1] INFO  logging.LoggingHandler (AbstractInternalLogger.java:log(148)) - [id: 0xc064bdd9, L:/0.0.0.0:15080] ACTIVE
2025-10-22 08:25:50,744 [9d21e184-bccf-4583-95a7-0fe616dd3b4b-impl-thread1] INFO  server.RaftServer (RaftServerProxy.java:initGroupDir(270)) - 9d21e184-bccf-4583-95a7-0fe616dd3b4b: found a subdirectory /home/runner/work/ozone/ozone/hadoop-ozone/integration-test/target/test-dir/MiniOzoneClusterImpl-a412b9f6-7d8b-4de3-a85c-9946bceaa3a0/ozone-metadata/datanode-9/ratis/8aa17952-bc55-4375-bee5-80cfae06f78a
2025-10-22 08:25:50,745 [9d21e184-bccf-4583-95a7-0fe616dd3b4b-impl-thread1] INFO  server.RaftServer (RaftServerProxy.java:addNew(105)) - 9d21e184-bccf-4583-95a7-0fe616dd3b4b: addNew group-80CFAE06F78A:[] returns group-80CFAE06F78A:java.util.concurrent.CompletableFuture@1ad69f91[Not completed]
2025-10-22 08:25:50,745 [9d21e184-bccf-4583-95a7-0fe616dd3b4b-impl-thread1] INFO  server.RaftServer (RaftServerProxy.java:initGroupDir(270)) - 9d21e184-bccf-4583-95a7-0fe616dd3b4b: found a subdirectory /home/runner/work/ozone/ozone/hadoop-ozone/integration-test/target/test-dir/MiniOzoneClusterImpl-a412b9f6-7d8b-4de3-a85c-9946bceaa3a0/ozone-metadata/datanode-9/ratis/tmp
2025-10-22 08:25:50,745 [9d21e184-bccf-4583-95a7-0fe616dd3b4b-impl-thread1] INFO  server.RaftServer (RaftServerProxy.java:initGroupDir(275)) - 9d21e184-bccf-4583-95a7-0fe616dd3b4b: The directory /home/runner/work/ozone/ozone/hadoop-ozone/integration-test/target/test-dir/MiniOzoneClusterImpl-a412b9f6-7d8b-4de3-a85c-9946bceaa3a0/ozone-metadata/datanode-9/ratis/tmp is not a group directory; ignoring it. 
2025-10-22 08:25:50,745 [9d21e184-bccf-4583-95a7-0fe616dd3b4b-impl-thread1] INFO  server.RaftServer (RaftServerProxy.java:initGroupDir(270)) - 9d21e184-bccf-4583-95a7-0fe616dd3b4b: found a subdirectory /home/runner/work/ozone/ozone/hadoop-ozone/integration-test/target/test-dir/MiniOzoneClusterImpl-a412b9f6-7d8b-4de3-a85c-9946bceaa3a0/ozone-metadata/datanode-9/ratis/967bd5c3-d4b6-4c7a-afa3-45121e95117a
2025-10-22 08:25:50,745 [9d21e184-bccf-4583-95a7-0fe616dd3b4b-impl-thread1] INFO  server.RaftServer (RaftServerProxy.java:addNew(105)) - 9d21e184-bccf-4583-95a7-0fe616dd3b4b: addNew group-45121E95117A:[] returns group-45121E95117A:java.util.concurrent.CompletableFuture@2cc7322d[Not completed]
2025-10-22 08:25:50,745 [9d21e184-bccf-4583-95a7-0fe616dd3b4b-impl-thread1] INFO  server.RaftServer (RaftServerProxy.java:initGroupDir(270)) - 9d21e184-bccf-4583-95a7-0fe616dd3b4b: found a subdirectory /home/runner/work/ozone/ozone/hadoop-ozone/integration-test/target/test-dir/MiniOzoneClusterImpl-a412b9f6-7d8b-4de3-a85c-9946bceaa3a0/ozone-metadata/datanode-9/ratis/daae6601-de49-4157-b371-e8adafc04a7a
2025-10-22 08:25:50,745 [9d21e184-bccf-4583-95a7-0fe616dd3b4b-impl-thread1] INFO  server.RaftServer (RaftServerProxy.java:addNew(105)) - 9d21e184-bccf-4583-95a7-0fe616dd3b4b: addNew group-E8ADAFC04A7A:[] returns group-E8ADAFC04A7A:java.util.concurrent.CompletableFuture@2b06a4da[Not completed]
2025-10-22 08:25:50,745 [ForkJoinPool-1-worker-1] INFO  replication.ReplicationServer (ReplicationServer.java:<init>(84)) - Initializing replication server with thread count = 10 queue length = 4096
2025-10-22 08:25:50,746 [9d21e184-bccf-4583-95a7-0fe616dd3b4b-groupManagement] INFO  server.RaftServer$Division (RaftServerImpl.java:<init>(268)) - 9d21e184-bccf-4583-95a7-0fe616dd3b4b: new RaftServerImpl for group-80CFAE06F78A:[] with ContainerStateMachine:uninitialized
2025-10-22 08:25:50,746 [ForkJoinPool-1-worker-1] INFO  server.XceiverServerGrpc (XceiverServerGrpc.java:<init>(129)) - GrpcServer channel type EpollServerSocketChannel
2025-10-22 08:25:50,746 [9d21e184-bccf-4583-95a7-0fe616dd3b4b-groupManagement] INFO  server.RaftServer$Division (ServerState.java:<init>(114)) - 9d21e184-bccf-4583-95a7-0fe616dd3b4b@group-80CFAE06F78A: ConfigurationManager, init=conf: {index: -1, cur=peers:[]|listeners:[], old=null}, confs=<EMPTY_MAP>
2025-10-22 08:25:50,747 [ForkJoinPool-1-worker-1] INFO  replication.ReplicationSupervisor (ReplicationSupervisor.java:build(169)) - Initializing replication supervisor with thread count = 10
2025-10-22 08:25:50,747 [ForkJoinPool-1-worker-1] INFO  replication.ReplicationSupervisor (ReplicationSupervisor.java:nodeStateUpdated(358)) - Node state updated to IN_SERVICE, scaling executor pool size to 10
2025-10-22 08:25:50,750 [9d21e184-bccf-4583-95a7-0fe616dd3b4b-groupManagement] INFO  server.RaftServer$Division (RaftServerImpl.java:<init>(268)) - 9d21e184-bccf-4583-95a7-0fe616dd3b4b: new RaftServerImpl for group-45121E95117A:[] with ContainerStateMachine:uninitialized
2025-10-22 08:25:50,750 [9d21e184-bccf-4583-95a7-0fe616dd3b4b-groupManagement] INFO  server.RaftServer$Division (ServerState.java:<init>(114)) - 9d21e184-bccf-4583-95a7-0fe616dd3b4b@group-45121E95117A: ConfigurationManager, init=conf: {index: -1, cur=peers:[]|listeners:[], old=null}, confs=<EMPTY_MAP>
2025-10-22 08:25:50,750 [ForkJoinPool-1-worker-1] INFO  http.BaseHttpServer (BaseHttpServer.java:newHttpServer2BuilderForOzone(227)) - Starting Web-server for hddsDatanode at: http://0.0.0.0:15074
2025-10-22 08:25:50,750 [ForkJoinPool-1-worker-1] INFO  http.BaseHttpServer (BaseHttpServer.java:<init>(105)) - Hadoop Security Enabled: false Ozone Security Enabled: false Ozone HTTP Security Enabled: false 
2025-10-22 08:25:50,752 [ForkJoinPool-1-worker-1] WARN  server.AuthenticationFilter (AuthenticationFilter.java:constructSecretProvider(240)) - Unable to initialize FileSignerSecretProvider, falling back to use random secrets. Reason: Could not read signature secret file: /home/runner/hadoop-http-auth-signature-secret
2025-10-22 08:25:50,754 [ForkJoinPool-1-worker-1] INFO  http.HttpServer2 (HttpServer2.java:addGlobalFilter(1040)) - Added global filter 'safety' (class=org.apache.hadoop.hdds.server.http.HttpServer2$QuotingInputFilter)
2025-10-22 08:25:50,755 [ForkJoinPool-1-worker-1] INFO  http.HttpServer2 (HttpServer2.java:addFilter(1016)) - Added filter static_user_filter (class=org.apache.hadoop.http.lib.StaticUserWebFilter$StaticUserFilter) to context hddsDatanode
2025-10-22 08:25:50,755 [ForkJoinPool-1-worker-1] INFO  http.HttpServer2 (HttpServer2.java:addFilter(1024)) - Added filter static_user_filter (class=org.apache.hadoop.http.lib.StaticUserWebFilter$StaticUserFilter) to context static
2025-10-22 08:25:50,755 [ForkJoinPool-1-worker-1] INFO  http.HttpServer2 (HttpServer2.java:addFilter(1024)) - Added filter static_user_filter (class=org.apache.hadoop.http.lib.StaticUserWebFilter$StaticUserFilter) to context logs
2025-10-22 08:25:50,756 [ForkJoinPool-1-worker-1] INFO  http.BaseHttpServer (BaseHttpServer.java:<init>(193)) - HTTP server of hddsDatanode uses base directory /home/runner/work/ozone/ozone/hadoop-ozone/integration-test/target/test-dir/MiniOzoneClusterImpl-a412b9f6-7d8b-4de3-a85c-9946bceaa3a0/scm/ozone-metadata/webserver
2025-10-22 08:25:50,756 [ForkJoinPool-1-worker-1] INFO  http.HttpServer2 (HttpServer2.java:bindListener(1240)) - Jetty bound to port 15074
2025-10-22 08:25:50,756 [ForkJoinPool-1-worker-1] INFO  server.Server (Server.java:doStart(375)) - jetty-9.4.58.v20250814; built: 2025-08-14T02:28:49.637Z; git: 8f1440587e9e4ae7db3d74cf205643f3d707148d; jvm 21.0.8+9-LTS
2025-10-22 08:25:50,757 [9d21e184-bccf-4583-95a7-0fe616dd3b4b-groupManagement] INFO  server.RaftServer$Division (RaftServerImpl.java:<init>(268)) - 9d21e184-bccf-4583-95a7-0fe616dd3b4b: new RaftServerImpl for group-E8ADAFC04A7A:[] with ContainerStateMachine:uninitialized
2025-10-22 08:25:50,757 [9d21e184-bccf-4583-95a7-0fe616dd3b4b-groupManagement] INFO  server.RaftServer$Division (ServerState.java:<init>(114)) - 9d21e184-bccf-4583-95a7-0fe616dd3b4b@group-E8ADAFC04A7A: ConfigurationManager, init=conf: {index: -1, cur=peers:[]|listeners:[], old=null}, confs=<EMPTY_MAP>
2025-10-22 08:25:50,758 [ForkJoinPool-1-worker-1] INFO  server.session (DefaultSessionIdManager.java:doStart(334)) - DefaultSessionIdManager workerName=node0
2025-10-22 08:25:50,759 [ForkJoinPool-1-worker-1] INFO  server.session (DefaultSessionIdManager.java:doStart(339)) - No SessionScavenger set, using defaults
2025-10-22 08:25:50,759 [ForkJoinPool-1-worker-1] INFO  server.session (HouseKeeper.java:startScavenging(132)) - node0 Scavenging every 600000ms
2025-10-22 08:25:50,760 [ForkJoinPool-1-worker-1] INFO  handler.ContextHandler (ContextHandler.java:doStart(921)) - Started o.e.j.s.ServletContextHandler@42c7cb3b{logs,/logs,file:///home/runner/work/ozone/ozone/hadoop-ozone/integration-test/target/log,AVAILABLE}
2025-10-22 08:25:50,761 [ForkJoinPool-1-worker-1] INFO  handler.ContextHandler (ContextHandler.java:doStart(921)) - Started o.e.j.s.ServletContextHandler@10d441ed{static,/static,jar:file:/home/runner/work/ozone/ozone/hadoop-hdds/container-service/target/hdds-container-service-2.1.0-SNAPSHOT.jar!/webapps/static,AVAILABLE}
2025-10-22 08:25:50,769 [8aba082c-257b-43e3-ba61-5d436c5b38fa@group-45121E95117A-FollowerState] INFO  impl.FollowerState (FollowerState.java:runImpl(161)) - 8aba082c-257b-43e3-ba61-5d436c5b38fa@group-45121E95117A-FollowerState: change to CANDIDATE, lastRpcElapsedTime:1144426526ns, electionTimeout:1144ms
2025-10-22 08:25:50,769 [8aba082c-257b-43e3-ba61-5d436c5b38fa@group-45121E95117A-FollowerState] INFO  impl.RoleInfo (RoleInfo.java:shutdownFollowerState(121)) - 8aba082c-257b-43e3-ba61-5d436c5b38fa: shutdown 8aba082c-257b-43e3-ba61-5d436c5b38fa@group-45121E95117A-FollowerState
2025-10-22 08:25:50,770 [8aba082c-257b-43e3-ba61-5d436c5b38fa@group-45121E95117A-FollowerState] INFO  server.RaftServer$Division (RaftServerImpl.java:setRole(392)) - 8aba082c-257b-43e3-ba61-5d436c5b38fa@group-45121E95117A: changes role from  FOLLOWER to CANDIDATE at term 1 for changeToCandidate
2025-10-22 08:25:50,770 [8aba082c-257b-43e3-ba61-5d436c5b38fa@group-45121E95117A-FollowerState] INFO  impl.RoleInfo (RoleInfo.java:updateAndGet(148)) - 8aba082c-257b-43e3-ba61-5d436c5b38fa: start 8aba082c-257b-43e3-ba61-5d436c5b38fa@group-45121E95117A-LeaderElection231
2025-10-22 08:25:50,770 [8aba082c-257b-43e3-ba61-5d436c5b38fa@group-45121E95117A-LeaderElection231] INFO  impl.LeaderElection (LeaderElection.java:askForVotes(448)) - 8aba082c-257b-43e3-ba61-5d436c5b38fa@group-45121E95117A-LeaderElection231 PRE_VOTE round 0: submit vote requests at term 1 for conf: {index: 0, cur=peers:[9d21e184-bccf-4583-95a7-0fe616dd3b4b|127.0.0.1:15079, 8aba082c-257b-43e3-ba61-5d436c5b38fa|127.0.0.1:15063, 0cab5a7d-6f40-474c-9abd-0651cf30726e|127.0.0.1:15071]|listeners:[], old=null}
2025-10-22 08:25:50,771 [8aba082c-257b-43e3-ba61-5d436c5b38fa@group-45121E95117A-LeaderElection231] INFO  impl.LeaderElection (LogUtils.java:infoOrTrace(142)) - 8aba082c-257b-43e3-ba61-5d436c5b38fa@group-45121E95117A-LeaderElection231 got exception when requesting votes: java.util.concurrent.ExecutionException: org.apache.ratis.thirdparty.io.grpc.StatusRuntimeException: UNAVAILABLE: io exception
2025-10-22 08:25:50,771 [8aba082c-257b-43e3-ba61-5d436c5b38fa@group-45121E95117A-LeaderElection231] INFO  impl.LeaderElection (LogUtils.java:infoOrTrace(142)) - 8aba082c-257b-43e3-ba61-5d436c5b38fa@group-45121E95117A-LeaderElection231 got exception when requesting votes: java.util.concurrent.ExecutionException: org.apache.ratis.thirdparty.io.grpc.StatusRuntimeException: UNAVAILABLE: io exception
2025-10-22 08:25:50,771 [8aba082c-257b-43e3-ba61-5d436c5b38fa@group-45121E95117A-LeaderElection231] INFO  impl.LeaderElection (LeaderElection.java:logAndReturn(206)) - 8aba082c-257b-43e3-ba61-5d436c5b38fa@group-45121E95117A-LeaderElection231: PRE_VOTE REJECTED received 0 response(s) and 2 exception(s):
2025-10-22 08:25:50,771 [8aba082c-257b-43e3-ba61-5d436c5b38fa@group-45121E95117A-LeaderElection231] INFO  impl.LeaderElection (LogUtils.java:infoOrTrace(142)) -   Exception 0: java.util.concurrent.ExecutionException: org.apache.ratis.thirdparty.io.grpc.StatusRuntimeException: UNAVAILABLE: io exception
2025-10-22 08:25:50,771 [8aba082c-257b-43e3-ba61-5d436c5b38fa@group-45121E95117A-LeaderElection231] INFO  impl.LeaderElection (LogUtils.java:infoOrTrace(142)) -   Exception 1: java.util.concurrent.ExecutionException: org.apache.ratis.thirdparty.io.grpc.StatusRuntimeException: UNAVAILABLE: io exception
2025-10-22 08:25:50,771 [8aba082c-257b-43e3-ba61-5d436c5b38fa@group-45121E95117A-LeaderElection231] INFO  impl.LeaderElection (LeaderElection.java:askForVotes(450)) - 8aba082c-257b-43e3-ba61-5d436c5b38fa@group-45121E95117A-LeaderElection231 PRE_VOTE round 0: result REJECTED
2025-10-22 08:25:50,771 [8aba082c-257b-43e3-ba61-5d436c5b38fa@group-45121E95117A-LeaderElection231] INFO  server.RaftServer$Division (RaftServerImpl.java:setRole(392)) - 8aba082c-257b-43e3-ba61-5d436c5b38fa@group-45121E95117A: changes role from CANDIDATE to FOLLOWER at term 1 for REJECTED
2025-10-22 08:25:50,771 [8aba082c-257b-43e3-ba61-5d436c5b38fa@group-45121E95117A-LeaderElection231] INFO  impl.RoleInfo (RoleInfo.java:shutdownLeaderElection(141)) - 8aba082c-257b-43e3-ba61-5d436c5b38fa: shutdown 8aba082c-257b-43e3-ba61-5d436c5b38fa@group-45121E95117A-LeaderElection231
2025-10-22 08:25:50,771 [8aba082c-257b-43e3-ba61-5d436c5b38fa@group-45121E95117A-LeaderElection231] INFO  impl.RoleInfo (RoleInfo.java:updateAndGet(148)) - 8aba082c-257b-43e3-ba61-5d436c5b38fa: start 8aba082c-257b-43e3-ba61-5d436c5b38fa@group-45121E95117A-FollowerState
2025-10-22 08:25:50,917 [ForkJoinPool-1-worker-1] INFO  handler.ContextHandler (ContextHandler.java:doStart(921)) - Started o.e.j.w.WebAppContext@270c91e5{hddsDatanode,/,file:///home/runner/work/ozone/ozone/hadoop-ozone/integration-test/target/test-dir/MiniOzoneClusterImpl-a412b9f6-7d8b-4de3-a85c-9946bceaa3a0/scm/ozone-metadata/webserver/jetty-0_0_0_0-15074-hdds-container-service-2_1_0-SNAPSHOT_jar-_-any-10019564782365934236/webapp/,AVAILABLE}{jar:file:/home/runner/work/ozone/ozone/hadoop-hdds/container-service/target/hdds-container-service-2.1.0-SNAPSHOT.jar!/webapps/hddsDatanode}
2025-10-22 08:25:50,917 [ForkJoinPool-1-worker-1] INFO  server.AbstractConnector (AbstractConnector.java:doStart(333)) - Started ServerConnector@54c329f3{HTTP/1.1, (http/1.1)}{0.0.0.0:15074}
2025-10-22 08:25:50,917 [ForkJoinPool-1-worker-1] INFO  server.Server (Server.java:doStart(415)) - Started @142514ms
2025-10-22 08:25:50,918 [ForkJoinPool-1-worker-1] WARN  impl.MetricsSystemImpl (MetricsSystemImpl.java:register(279)) - Sink prometheus already exists!
2025-10-22 08:25:50,918 [ForkJoinPool-1-worker-1] INFO  http.BaseHttpServer (BaseHttpServer.java:updateConnectorAddress(357)) - HTTP server of hddsDatanode listening at http://localhost:15074
2025-10-22 08:25:50,918 [ForkJoinPool-1-worker-1] INFO  ipc.CallQueueManager (CallQueueManager.java:<init>(93)) - Using callQueue: class java.util.concurrent.LinkedBlockingQueue, queueCapacity: 1000, scheduler: class org.apache.hadoop.ipc.DefaultRpcScheduler, ipcBackoff: false, ipcFailOver: false.
2025-10-22 08:25:50,918 [ForkJoinPool-1-worker-1] INFO  ipc.Server (Server.java:<init>(1438)) - Listener at 0.0.0.0:15075
2025-10-22 08:25:50,919 [Socket Reader #1 for port 15075] INFO  ipc.Server (Server.java:run(1474)) - Starting Socket Reader #1 for port 15075
2025-10-22 08:25:50,919 [Socket Reader #2 for port 15075] INFO  ipc.Server (Server.java:run(1474)) - Starting Socket Reader #2 for port 15075
2025-10-22 08:25:50,919 [Socket Reader #3 for port 15075] INFO  ipc.Server (Server.java:run(1474)) - Starting Socket Reader #3 for port 15075
2025-10-22 08:25:50,919 [Socket Reader #4 for port 15075] INFO  ipc.Server (Server.java:run(1474)) - Starting Socket Reader #4 for port 15075
2025-10-22 08:25:50,920 [Socket Reader #5 for port 15075] INFO  ipc.Server (Server.java:run(1474)) - Starting Socket Reader #5 for port 15075
2025-10-22 08:25:50,920 [Socket Reader #6 for port 15075] INFO  ipc.Server (Server.java:run(1474)) - Starting Socket Reader #6 for port 15075
2025-10-22 08:25:50,920 [Socket Reader #7 for port 15075] INFO  ipc.Server (Server.java:run(1474)) - Starting Socket Reader #7 for port 15075
2025-10-22 08:25:50,920 [Socket Reader #8 for port 15075] INFO  ipc.Server (Server.java:run(1474)) - Starting Socket Reader #8 for port 15075
2025-10-22 08:25:50,921 [Socket Reader #9 for port 15075] INFO  ipc.Server (Server.java:run(1474)) - Starting Socket Reader #9 for port 15075
2025-10-22 08:25:50,921 [Socket Reader #10 for port 15075] INFO  ipc.Server (Server.java:run(1474)) - Starting Socket Reader #10 for port 15075
2025-10-22 08:25:50,922 [ForkJoinPool-1-worker-1] INFO  ozone.HddsDatanodeService (HddsDatanodeService.java:start(333)) - Datanode start with admins: [admin, runner]
2025-10-22 08:25:50,922 [ForkJoinPool-1-worker-1] INFO  ozone.HddsDatanodeClientProtocolServer (HddsDatanodeClientProtocolServer.java:start(76)) - RPC server for Client /0.0.0.0:15075
2025-10-22 08:25:50,923 [IPC Server Responder] INFO  ipc.Server (Server.java:run(1713)) - IPC Server Responder: starting
2025-10-22 08:25:50,923 [IPC Server listener on 15075] INFO  ipc.Server (Server.java:run(1553)) - IPC Server listener on 15075: starting
2025-10-22 08:25:50,925 [ForkJoinPool-1-worker-1] INFO  ozone.MiniOzoneClusterImpl (MiniOzoneClusterImpl.java:lambda$waitForClusterToBeReady$0(181)) - Nodes are ready. Got 10 of 10 DN Heartbeats.
2025-10-22 08:25:50,925 [ForkJoinPool-1-worker-1] INFO  ozone.MiniOzoneClusterImpl (MiniOzoneClusterImpl.java:lambda$waitForClusterToBeReady$0(184)) - Cluster exits safe mode
2025-10-22 08:25:50,925 [ForkJoinPool-1-worker-1] INFO  ozone.MiniOzoneClusterImpl (MiniOzoneClusterImpl.java:lambda$waitForClusterToBeReady$0(186)) - SCM became leader
2025-10-22 08:25:50,927 [9d21e184-bccf-4583-95a7-0fe616dd3b4b-DatanodeStateMachineDaemonThread] INFO  statemachine.DatanodeStateMachine (DatanodeStateMachine.java:startStateMachineThread(363)) - Ozone container server started.
2025-10-22 08:25:50,931 [9d21e184-bccf-4583-95a7-0fe616dd3b4b-DatanodeStateMachineTaskThread-0] INFO  datanode.InitDatanodeState (InitDatanodeState.java:persistContainerDatanodeDetails(139)) - DatanodeDetails is persisted to /home/runner/work/ozone/ozone/hadoop-ozone/integration-test/target/test-dir/MiniOzoneClusterImpl-a412b9f6-7d8b-4de3-a85c-9946bceaa3a0/ozone-metadata/datanode-9/ozone-metadata/datanode.id
2025-10-22 08:25:50,962 [grpc-default-executor-8] ERROR impl.OrderedAsync (OrderedAsync.java:lambda$null$6(215)) -  client-072C84751998: Failed* RaftClientRequest:client-072C84751998->9d21e184-bccf-4583-95a7-0fe616dd3b4b@group-E8ADAFC04A7A, cid=61, seq=1*, Watch(0), null
java.util.concurrent.CompletionException: java.io.IOException: org.apache.ratis.thirdparty.io.grpc.StatusRuntimeException: UNAVAILABLE: io exception
	at java.base/java.util.concurrent.CompletableFuture.encodeThrowable(CompletableFuture.java:332)
	at java.base/java.util.concurrent.CompletableFuture.completeThrowable(CompletableFuture.java:347)
	at java.base/java.util.concurrent.CompletableFuture$UniAccept.tryFire(CompletableFuture.java:708)
	at java.base/java.util.concurrent.CompletableFuture.postComplete(CompletableFuture.java:510)
	at java.base/java.util.concurrent.CompletableFuture.completeExceptionally(CompletableFuture.java:2194)
	at org.apache.ratis.grpc.client.GrpcClientProtocolClient$AsyncStreamObservers.completeReplyExceptionally(GrpcClientProtocolClient.java:397)
	at org.apache.ratis.grpc.client.GrpcClientProtocolClient$AsyncStreamObservers.access$000(GrpcClientProtocolClient.java:303)
	at org.apache.ratis.grpc.client.GrpcClientProtocolClient$AsyncStreamObservers$1.onError(GrpcClientProtocolClient.java:334)
	at org.apache.ratis.thirdparty.io.grpc.stub.ClientCalls$StreamObserverToCallListenerAdapter.onClose(ClientCalls.java:564)
	at org.apache.ratis.thirdparty.io.grpc.PartialForwardingClientCallListener.onClose(PartialForwardingClientCallListener.java:39)
	at org.apache.ratis.thirdparty.io.grpc.ForwardingClientCallListener.onClose(ForwardingClientCallListener.java:23)
	at org.apache.ratis.grpc.metrics.intercept.client.MetricClientCallListener.onClose(MetricClientCallListener.java:47)
	at org.apache.ratis.thirdparty.io.grpc.internal.ClientCallImpl.closeObserver(ClientCallImpl.java:565)
	at org.apache.ratis.thirdparty.io.grpc.internal.ClientCallImpl.access$100(ClientCallImpl.java:72)
	at org.apache.ratis.thirdparty.io.grpc.internal.ClientCallImpl$ClientStreamListenerImpl$1StreamClosed.runInternal(ClientCallImpl.java:733)
	at org.apache.ratis.thirdparty.io.grpc.internal.ClientCallImpl$ClientStreamListenerImpl$1StreamClosed.runInContext(ClientCallImpl.java:714)
	at org.apache.ratis.thirdparty.io.grpc.internal.ContextRunnable.run(ContextRunnable.java:37)
	at org.apache.ratis.thirdparty.io.grpc.internal.SerializingExecutor.run(SerializingExecutor.java:133)
	at java.base/java.util.concurrent.ThreadPoolExecutor.runWorker(ThreadPoolExecutor.java:1144)
	at java.base/java.util.concurrent.ThreadPoolExecutor$Worker.run(ThreadPoolExecutor.java:642)
	at java.base/java.lang.Thread.run(Thread.java:1583)
Caused by: java.io.IOException: org.apache.ratis.thirdparty.io.grpc.StatusRuntimeException: UNAVAILABLE: io exception
	at org.apache.ratis.grpc.GrpcUtil.unwrapException(GrpcUtil.java:99)
	at org.apache.ratis.grpc.GrpcUtil.unwrapIOException(GrpcUtil.java:159)
	at org.apache.ratis.grpc.client.GrpcClientProtocolClient$AsyncStreamObservers$1.onError(GrpcClientProtocolClient.java:333)
	... 13 more
Caused by: org.apache.ratis.thirdparty.io.grpc.StatusRuntimeException: UNAVAILABLE: io exception
	at org.apache.ratis.thirdparty.io.grpc.Status.asRuntimeException(Status.java:532)
	... 13 more
Caused by: org.apache.ratis.thirdparty.io.netty.channel.AbstractChannel$AnnotatedConnectException: finishConnect(..) failed: Connection refused: /127.0.0.1:15077
Caused by: java.net.ConnectException: finishConnect(..) failed: Connection refused
	at org.apache.ratis.thirdparty.io.netty.channel.unix.Errors.newConnectException0(Errors.java:166)
	at org.apache.ratis.thirdparty.io.netty.channel.unix.Errors.handleConnectErrno(Errors.java:131)
	at org.apache.ratis.thirdparty.io.netty.channel.unix.Socket.finishConnect(Socket.java:359)
	at org.apache.ratis.thirdparty.io.netty.channel.epoll.AbstractEpollChannel$AbstractEpollUnsafe.doFinishConnect(AbstractEpollChannel.java:715)
	at org.apache.ratis.thirdparty.io.netty.channel.epoll.AbstractEpollChannel$AbstractEpollUnsafe.finishConnect(AbstractEpollChannel.java:692)
	at org.apache.ratis.thirdparty.io.netty.channel.epoll.AbstractEpollChannel$AbstractEpollUnsafe.epollOutReady(AbstractEpollChannel.java:567)
	at org.apache.ratis.thirdparty.io.netty.channel.epoll.EpollEventLoop.processReady(EpollEventLoop.java:491)
	at org.apache.ratis.thirdparty.io.netty.channel.epoll.EpollEventLoop.run(EpollEventLoop.java:399)
	at org.apache.ratis.thirdparty.io.netty.util.concurrent.SingleThreadEventExecutor$4.run(SingleThreadEventExecutor.java:998)
	at org.apache.ratis.thirdparty.io.netty.util.internal.ThreadExecutorMap$2.run(ThreadExecutorMap.java:74)
	at org.apache.ratis.thirdparty.io.netty.util.concurrent.FastThreadLocalRunnable.run(FastThreadLocalRunnable.java:30)
	at java.base/java.lang.Thread.run(Thread.java:1583)
2025-10-22 08:25:51,196 [0cab5a7d-6f40-474c-9abd-0651cf30726e-ContainerReader-0] INFO  ozoneimpl.ContainerReader (ContainerReader.java:readVolume(147)) - Start to verify containers on volume /home/runner/work/ozone/ozone/hadoop-ozone/integration-test/target/test-dir/MiniOzoneClusterImpl-a412b9f6-7d8b-4de3-a85c-9946bceaa3a0/ozone-metadata/datanode-8/data-0/hdds
2025-10-22 08:25:51,199 [0cab5a7d-6f40-474c-9abd-0651cf30726e-ContainerReader-0] WARN  helpers.KeyValueContainerUtil (KeyValueContainerUtil.java:populateContainerMetadata(329)) - Missing pendingDeleteBlockCount from metadata: recalculate them from block table
2025-10-22 08:25:51,201 [0cab5a7d-6f40-474c-9abd-0651cf30726e-ContainerReader-0] WARN  helpers.KeyValueContainerUtil (KeyValueContainerUtil.java:populateContainerMetadata(329)) - Missing pendingDeleteBlockCount from metadata: recalculate them from block table
2025-10-22 08:25:51,203 [0cab5a7d-6f40-474c-9abd-0651cf30726e-ContainerReader-0] INFO  ozoneimpl.ContainerReader (ContainerReader.java:readVolume(177)) - Finish verifying containers on volume /home/runner/work/ozone/ozone/hadoop-ozone/integration-test/target/test-dir/MiniOzoneClusterImpl-a412b9f6-7d8b-4de3-a85c-9946bceaa3a0/ozone-metadata/datanode-8/data-0/hdds
2025-10-22 08:25:51,204 [0cab5a7d-6f40-474c-9abd-0651cf30726e-EndpointStateMachineTaskThread-/0.0.0.0:15002-0 ] INFO  ozoneimpl.OzoneContainer (OzoneContainer.java:buildContainerSet(359)) - Build ContainerSet costs 0s
2025-10-22 08:25:51,204 [0cab5a7d-6f40-474c-9abd-0651cf30726e-EndpointStateMachineTaskThread-/0.0.0.0:15002-0 ] INFO  volume.ThrottledAsyncChecker (ThrottledAsyncChecker.java:schedule(138)) - Scheduling a check for /home/runner/work/ozone/ozone/hadoop-ozone/integration-test/target/test-dir/MiniOzoneClusterImpl-a412b9f6-7d8b-4de3-a85c-9946bceaa3a0/ozone-metadata/datanode-8/data-0/hdds
2025-10-22 08:25:51,204 [0cab5a7d-6f40-474c-9abd-0651cf30726e-EndpointStateMachineTaskThread-/0.0.0.0:15002-0 ] INFO  volume.StorageVolumeChecker (StorageVolumeChecker.java:checkAllVolumes(231)) - Scheduled health check for volume /home/runner/work/ozone/ozone/hadoop-ozone/integration-test/target/test-dir/MiniOzoneClusterImpl-a412b9f6-7d8b-4de3-a85c-9946bceaa3a0/ozone-metadata/datanode-8/data-0/hdds
2025-10-22 08:25:51,208 [0cab5a7d-6f40-474c-9abd-0651cf30726e-EndpointStateMachineTaskThread-/0.0.0.0:15002-0 ] INFO  volume.ThrottledAsyncChecker (ThrottledAsyncChecker.java:schedule(138)) - Scheduling a check for /home/runner/work/ozone/ozone/hadoop-ozone/integration-test/target/test-dir/MiniOzoneClusterImpl-a412b9f6-7d8b-4de3-a85c-9946bceaa3a0/ozone-metadata/datanode-8/ratis
2025-10-22 08:25:51,208 [0cab5a7d-6f40-474c-9abd-0651cf30726e-EndpointStateMachineTaskThread-/0.0.0.0:15002-0 ] INFO  volume.StorageVolumeChecker (StorageVolumeChecker.java:checkAllVolumes(231)) - Scheduled health check for volume /home/runner/work/ozone/ozone/hadoop-ozone/integration-test/target/test-dir/MiniOzoneClusterImpl-a412b9f6-7d8b-4de3-a85c-9946bceaa3a0/ozone-metadata/datanode-8/ratis
2025-10-22 08:25:51,208 [0cab5a7d-6f40-474c-9abd-0651cf30726e-EndpointStateMachineTaskThread-/0.0.0.0:15002-0 ] INFO  ozoneimpl.OzoneContainer (OzoneContainer.java:start(544)) - Attempting to start container services.
2025-10-22 08:25:51,210 [0cab5a7d-6f40-474c-9abd-0651cf30726e-EndpointStateMachineTaskThread-/0.0.0.0:15002-0 ] INFO  replication.ReplicationServer (ReplicationServer.java:start(137)) - ReplicationServer is started using port 15073
2025-10-22 08:25:51,210 [0cab5a7d-6f40-474c-9abd-0651cf30726e-EndpointStateMachineTaskThread-/0.0.0.0:15002-0 ] INFO  ratis.XceiverServerRatis (XceiverServerRatis.java:start(559)) - Starting XceiverServerRatis(0cab5a7d-6f40-474c-9abd-0651cf30726e)
2025-10-22 08:25:51,211 [0cab5a7d-6f40-474c-9abd-0651cf30726e-impl-thread1] INFO  server.RaftServerConfigKeys (ConfUtils.java:logGet(62)) - raft.server.storage.dir = [/home/runner/work/ozone/ozone/hadoop-ozone/integration-test/target/test-dir/MiniOzoneClusterImpl-a412b9f6-7d8b-4de3-a85c-9946bceaa3a0/ozone-metadata/datanode-8/ratis] (custom)
2025-10-22 08:25:51,212 [0cab5a7d-6f40-474c-9abd-0651cf30726e-impl-thread1] INFO  storage.RaftStorageDirectory (RaftStorageDirectoryImpl.java:tryLock(229)) - Lock on /home/runner/work/ozone/ozone/hadoop-ozone/integration-test/target/test-dir/MiniOzoneClusterImpl-a412b9f6-7d8b-4de3-a85c-9946bceaa3a0/ozone-metadata/datanode-8/ratis/daae6601-de49-4157-b371-e8adafc04a7a/in_use.lock acquired by nodename 57193@localhost
2025-10-22 08:25:51,213 [0cab5a7d-6f40-474c-9abd-0651cf30726e-impl-thread3] INFO  storage.RaftStorageDirectory (RaftStorageDirectoryImpl.java:tryLock(229)) - Lock on /home/runner/work/ozone/ozone/hadoop-ozone/integration-test/target/test-dir/MiniOzoneClusterImpl-a412b9f6-7d8b-4de3-a85c-9946bceaa3a0/ozone-metadata/datanode-8/ratis/967bd5c3-d4b6-4c7a-afa3-45121e95117a/in_use.lock acquired by nodename 57193@localhost
2025-10-22 08:25:51,213 [0cab5a7d-6f40-474c-9abd-0651cf30726e-impl-thread3] INFO  storage.RaftStorage (RaftStorageImpl.java:analyzeAndRecoverStorage(118)) - Read RaftStorageMetadata{term=1, votedFor=8aba082c-257b-43e3-ba61-5d436c5b38fa} from /home/runner/work/ozone/ozone/hadoop-ozone/integration-test/target/test-dir/MiniOzoneClusterImpl-a412b9f6-7d8b-4de3-a85c-9946bceaa3a0/ozone-metadata/datanode-8/ratis/967bd5c3-d4b6-4c7a-afa3-45121e95117a/current/raft-meta
2025-10-22 08:25:51,213 [0cab5a7d-6f40-474c-9abd-0651cf30726e-impl-thread3] INFO  server.RaftServer$Division (ServerState.java:setRaftConf(386)) - 0cab5a7d-6f40-474c-9abd-0651cf30726e@group-45121E95117A: set configuration conf: {index: 0, cur=peers:[9d21e184-bccf-4583-95a7-0fe616dd3b4b|127.0.0.1:15079, 8aba082c-257b-43e3-ba61-5d436c5b38fa|127.0.0.1:15063, 0cab5a7d-6f40-474c-9abd-0651cf30726e|127.0.0.1:15071]|listeners:[], old=null}
2025-10-22 08:25:51,214 [ContainerMetadataScanner] INFO  ozoneimpl.AbstractBackgroundContainerScanner (AbstractBackgroundContainerScanner.java:runIteration(89)) - Completed an iteration in 0 minutes. Number of iterations (since the data-node restart) : 1, Number of containers scanned in this iteration : 2, Number of unhealthy containers found in this iteration : 0
2025-10-22 08:25:51,215 [0cab5a7d-6f40-474c-9abd-0651cf30726e-impl-thread1] INFO  storage.RaftStorage (RaftStorageImpl.java:analyzeAndRecoverStorage(118)) - Read RaftStorageMetadata{term=1, votedFor=0cab5a7d-6f40-474c-9abd-0651cf30726e} from /home/runner/work/ozone/ozone/hadoop-ozone/integration-test/target/test-dir/MiniOzoneClusterImpl-a412b9f6-7d8b-4de3-a85c-9946bceaa3a0/ozone-metadata/datanode-8/ratis/daae6601-de49-4157-b371-e8adafc04a7a/current/raft-meta
2025-10-22 08:25:51,215 [0cab5a7d-6f40-474c-9abd-0651cf30726e-impl-thread1] INFO  server.RaftServer$Division (ServerState.java:setRaftConf(386)) - 0cab5a7d-6f40-474c-9abd-0651cf30726e@group-E8ADAFC04A7A: set configuration conf: {index: 0, cur=peers:[9d21e184-bccf-4583-95a7-0fe616dd3b4b|127.0.0.1:15079, 8aba082c-257b-43e3-ba61-5d436c5b38fa|127.0.0.1:15063, 0cab5a7d-6f40-474c-9abd-0651cf30726e|127.0.0.1:15071]|listeners:[], old=null}
2025-10-22 08:25:51,215 [0cab5a7d-6f40-474c-9abd-0651cf30726e-impl-thread1] INFO  ratis.ContainerStateMachine (ContainerStateMachine.java:initialize(339)) - 0cab5a7d-6f40-474c-9abd-0651cf30726e: initialize group-E8ADAFC04A7A
2025-10-22 08:25:51,215 [0cab5a7d-6f40-474c-9abd-0651cf30726e-impl-thread1] INFO  ratis.ContainerStateMachine (ContainerStateMachine.java:loadSnapshot(356)) - group-E8ADAFC04A7A: Setting the last applied index to (t:1, i:6)
2025-10-22 08:25:51,215 [0cab5a7d-6f40-474c-9abd-0651cf30726e-impl-thread1] INFO  server.RaftServerConfigKeys (ConfUtils.java:logGet(62)) - raft.server.log.appender.buffer.byte-limit = 33554432 (custom)
2025-10-22 08:25:51,216 [0cab5a7d-6f40-474c-9abd-0651cf30726e-impl-thread3] INFO  ratis.ContainerStateMachine (ContainerStateMachine.java:initialize(339)) - 0cab5a7d-6f40-474c-9abd-0651cf30726e: initialize group-45121E95117A
2025-10-22 08:25:51,216 [0cab5a7d-6f40-474c-9abd-0651cf30726e-impl-thread3] INFO  ratis.ContainerStateMachine (ContainerStateMachine.java:loadSnapshot(356)) - group-45121E95117A: Setting the last applied index to (t:1, i:6)
2025-10-22 08:25:51,216 [0cab5a7d-6f40-474c-9abd-0651cf30726e-impl-thread3] INFO  server.RaftServerConfigKeys (ConfUtils.java:logGet(62)) - raft.server.log.appender.buffer.byte-limit = 33554432 (custom)
2025-10-22 08:25:51,217 [0cab5a7d-6f40-474c-9abd-0651cf30726e-impl-thread2] INFO  storage.RaftStorageDirectory (RaftStorageDirectoryImpl.java:tryLock(229)) - Lock on /home/runner/work/ozone/ozone/hadoop-ozone/integration-test/target/test-dir/MiniOzoneClusterImpl-a412b9f6-7d8b-4de3-a85c-9946bceaa3a0/ozone-metadata/datanode-8/ratis/f4bcb322-ee1f-41bd-9c2f-ee76401c21d3/in_use.lock acquired by nodename 57193@localhost
2025-10-22 08:25:51,218 [0cab5a7d-6f40-474c-9abd-0651cf30726e-impl-thread2] INFO  storage.RaftStorage (RaftStorageImpl.java:analyzeAndRecoverStorage(118)) - Read RaftStorageMetadata{term=1, votedFor=0cab5a7d-6f40-474c-9abd-0651cf30726e} from /home/runner/work/ozone/ozone/hadoop-ozone/integration-test/target/test-dir/MiniOzoneClusterImpl-a412b9f6-7d8b-4de3-a85c-9946bceaa3a0/ozone-metadata/datanode-8/ratis/f4bcb322-ee1f-41bd-9c2f-ee76401c21d3/current/raft-meta
2025-10-22 08:25:51,218 [0cab5a7d-6f40-474c-9abd-0651cf30726e-impl-thread2] INFO  server.RaftServer$Division (ServerState.java:setRaftConf(386)) - 0cab5a7d-6f40-474c-9abd-0651cf30726e@group-EE76401C21D3: set configuration conf: {index: 0, cur=peers:[0cab5a7d-6f40-474c-9abd-0651cf30726e|127.0.0.1:15071]|listeners:[], old=null}
2025-10-22 08:25:51,218 [0cab5a7d-6f40-474c-9abd-0651cf30726e-impl-thread2] INFO  ratis.ContainerStateMachine (ContainerStateMachine.java:initialize(339)) - 0cab5a7d-6f40-474c-9abd-0651cf30726e: initialize group-EE76401C21D3
2025-10-22 08:25:51,218 [0cab5a7d-6f40-474c-9abd-0651cf30726e-impl-thread2] INFO  ratis.ContainerStateMachine (ContainerStateMachine.java:loadSnapshot(356)) - group-EE76401C21D3: Setting the last applied index to (t:1, i:0)
2025-10-22 08:25:51,218 [0cab5a7d-6f40-474c-9abd-0651cf30726e-impl-thread2] INFO  server.RaftServerConfigKeys (ConfUtils.java:logGet(62)) - raft.server.log.appender.buffer.byte-limit = 33554432 (custom)
2025-10-22 08:25:51,218 [0cab5a7d-6f40-474c-9abd-0651cf30726e-impl-thread3] INFO  server.RaftServerConfigKeys (ConfUtils.java:logGet(62)) - raft.server.log.segment.size.max = 67108864 (custom)
2025-10-22 08:25:51,220 [ContainerDataScanner(/home/runner/work/ozone/ozone/hadoop-ozone/integration-test/target/test-dir/MiniOzoneClusterImpl-a412b9f6-7d8b-4de3-a85c-9946bceaa3a0/ozone-metadata/datanode-8/data-0/hdds)] INFO  ozoneimpl.AbstractBackgroundContainerScanner (AbstractBackgroundContainerScanner.java:runIteration(89)) - Completed an iteration in 0 minutes. Number of iterations (since the data-node restart) : 1, Number of containers scanned in this iteration : 1, Number of unhealthy containers found in this iteration : 0
2025-10-22 08:25:51,221 [0cab5a7d-6f40-474c-9abd-0651cf30726e-impl-thread3] INFO  server.RaftServerConfigKeys (ConfUtils.java:logGet(62)) - raft.server.log.appender.buffer.byte-limit = 33554432 (custom)
2025-10-22 08:25:51,222 [0cab5a7d-6f40-474c-9abd-0651cf30726e-impl-thread2] INFO  server.RaftServerConfigKeys (ConfUtils.java:logGet(62)) - raft.server.log.segment.size.max = 67108864 (custom)
2025-10-22 08:25:51,222 [0cab5a7d-6f40-474c-9abd-0651cf30726e-impl-thread3] INFO  util.AwaitToRun (AwaitToRun.java:start(81)) - Thread[#3197,0cab5a7d-6f40-474c-9abd-0651cf30726e@group-45121E95117A-cacheEviction-AwaitToRun,5,main] started
2025-10-22 08:25:51,222 [0cab5a7d-6f40-474c-9abd-0651cf30726e-impl-thread3] INFO  segmented.SegmentedRaftLogWorker (SegmentedRaftLogWorker.java:<init>(190)) - new 0cab5a7d-6f40-474c-9abd-0651cf30726e@group-45121E95117A-SegmentedRaftLogWorker for RaftStorageImpl:Storage Directory /home/runner/work/ozone/ozone/hadoop-ozone/integration-test/target/test-dir/MiniOzoneClusterImpl-a412b9f6-7d8b-4de3-a85c-9946bceaa3a0/ozone-metadata/datanode-8/ratis/967bd5c3-d4b6-4c7a-afa3-45121e95117a
2025-10-22 08:25:51,222 [0cab5a7d-6f40-474c-9abd-0651cf30726e-impl-thread3] INFO  server.RaftServerConfigKeys (ConfUtils.java:logGet(62)) - raft.server.log.queue.byte-limit = 4294967296 (custom)
2025-10-22 08:25:51,222 [0cab5a7d-6f40-474c-9abd-0651cf30726e-impl-thread3] INFO  server.RaftServerConfigKeys (ConfUtils.java:logGet(62)) - raft.server.log.segment.size.max = 67108864 (custom)
2025-10-22 08:25:51,223 [0cab5a7d-6f40-474c-9abd-0651cf30726e-impl-thread3] INFO  server.RaftServerConfigKeys (ConfUtils.java:logGet(62)) - raft.server.log.preallocated.size = 4194304 (custom)
2025-10-22 08:25:51,225 [0cab5a7d-6f40-474c-9abd-0651cf30726e-impl-thread2] INFO  server.RaftServerConfigKeys (ConfUtils.java:logGet(62)) - raft.server.log.appender.buffer.byte-limit = 33554432 (custom)
2025-10-22 08:25:51,226 [0cab5a7d-6f40-474c-9abd-0651cf30726e-impl-thread1] INFO  server.RaftServerConfigKeys (ConfUtils.java:logGet(62)) - raft.server.log.segment.size.max = 67108864 (custom)
2025-10-22 08:25:51,226 [0cab5a7d-6f40-474c-9abd-0651cf30726e-impl-thread2] INFO  util.AwaitToRun (AwaitToRun.java:start(81)) - Thread[#3198,0cab5a7d-6f40-474c-9abd-0651cf30726e@group-EE76401C21D3-cacheEviction-AwaitToRun,5,main] started
2025-10-22 08:25:51,226 [0cab5a7d-6f40-474c-9abd-0651cf30726e-impl-thread2] INFO  segmented.SegmentedRaftLogWorker (SegmentedRaftLogWorker.java:<init>(190)) - new 0cab5a7d-6f40-474c-9abd-0651cf30726e@group-EE76401C21D3-SegmentedRaftLogWorker for RaftStorageImpl:Storage Directory /home/runner/work/ozone/ozone/hadoop-ozone/integration-test/target/test-dir/MiniOzoneClusterImpl-a412b9f6-7d8b-4de3-a85c-9946bceaa3a0/ozone-metadata/datanode-8/ratis/f4bcb322-ee1f-41bd-9c2f-ee76401c21d3
2025-10-22 08:25:51,226 [0cab5a7d-6f40-474c-9abd-0651cf30726e-impl-thread2] INFO  server.RaftServerConfigKeys (ConfUtils.java:logGet(62)) - raft.server.log.queue.byte-limit = 4294967296 (custom)
2025-10-22 08:25:51,226 [0cab5a7d-6f40-474c-9abd-0651cf30726e-impl-thread2] INFO  server.RaftServerConfigKeys (ConfUtils.java:logGet(62)) - raft.server.log.segment.size.max = 67108864 (custom)
2025-10-22 08:25:51,226 [0cab5a7d-6f40-474c-9abd-0651cf30726e-impl-thread2] INFO  server.RaftServerConfigKeys (ConfUtils.java:logGet(62)) - raft.server.log.preallocated.size = 4194304 (custom)
2025-10-22 08:25:51,226 [0cab5a7d-6f40-474c-9abd-0651cf30726e-impl-thread3] INFO  server.RaftServerConfigKeys (ConfUtils.java:logGet(62)) - raft.server.log.write.buffer.size = 33554440 (custom)
2025-10-22 08:25:51,226 [0cab5a7d-6f40-474c-9abd-0651cf30726e-impl-thread2] INFO  server.RaftServerConfigKeys (ConfUtils.java:logGet(62)) - raft.server.log.write.buffer.size = 33554440 (custom)
2025-10-22 08:25:51,227 [0cab5a7d-6f40-474c-9abd-0651cf30726e-impl-thread1] INFO  server.RaftServerConfigKeys (ConfUtils.java:logGet(62)) - raft.server.log.appender.buffer.byte-limit = 33554432 (custom)
2025-10-22 08:25:51,228 [0cab5a7d-6f40-474c-9abd-0651cf30726e-impl-thread1] INFO  util.AwaitToRun (AwaitToRun.java:start(81)) - Thread[#3199,0cab5a7d-6f40-474c-9abd-0651cf30726e@group-E8ADAFC04A7A-cacheEviction-AwaitToRun,5,main] started
2025-10-22 08:25:51,228 [0cab5a7d-6f40-474c-9abd-0651cf30726e-impl-thread1] INFO  segmented.SegmentedRaftLogWorker (SegmentedRaftLogWorker.java:<init>(190)) - new 0cab5a7d-6f40-474c-9abd-0651cf30726e@group-E8ADAFC04A7A-SegmentedRaftLogWorker for RaftStorageImpl:Storage Directory /home/runner/work/ozone/ozone/hadoop-ozone/integration-test/target/test-dir/MiniOzoneClusterImpl-a412b9f6-7d8b-4de3-a85c-9946bceaa3a0/ozone-metadata/datanode-8/ratis/daae6601-de49-4157-b371-e8adafc04a7a
2025-10-22 08:25:51,228 [0cab5a7d-6f40-474c-9abd-0651cf30726e-impl-thread1] INFO  server.RaftServerConfigKeys (ConfUtils.java:logGet(62)) - raft.server.log.queue.byte-limit = 4294967296 (custom)
2025-10-22 08:25:51,228 [0cab5a7d-6f40-474c-9abd-0651cf30726e-impl-thread1] INFO  server.RaftServerConfigKeys (ConfUtils.java:logGet(62)) - raft.server.log.segment.size.max = 67108864 (custom)
2025-10-22 08:25:51,229 [0cab5a7d-6f40-474c-9abd-0651cf30726e-impl-thread1] INFO  server.RaftServerConfigKeys (ConfUtils.java:logGet(62)) - raft.server.log.preallocated.size = 4194304 (custom)
2025-10-22 08:25:51,229 [0cab5a7d-6f40-474c-9abd-0651cf30726e-impl-thread1] INFO  server.RaftServerConfigKeys (ConfUtils.java:logGet(62)) - raft.server.log.write.buffer.size = 33554440 (custom)
2025-10-22 08:25:51,233 [0cab5a7d-6f40-474c-9abd-0651cf30726e-impl-thread2] INFO  server.RaftServerConfigKeys (ConfUtils.java:logGet(62)) - raft.server.log.appender.buffer.byte-limit = 33554432 (custom)
2025-10-22 08:25:51,234 [0cab5a7d-6f40-474c-9abd-0651cf30726e-impl-thread3] INFO  server.RaftServerConfigKeys (ConfUtils.java:logGet(62)) - raft.server.log.appender.buffer.byte-limit = 33554432 (custom)
2025-10-22 08:25:51,234 [0cab5a7d-6f40-474c-9abd-0651cf30726e-impl-thread2] INFO  server.RaftServer$Division (ServerState.java:setRaftConf(386)) - 0cab5a7d-6f40-474c-9abd-0651cf30726e@group-EE76401C21D3: set configuration conf: {index: 0, cur=peers:[0cab5a7d-6f40-474c-9abd-0651cf30726e|127.0.0.1:15071]|listeners:[], old=null}
2025-10-22 08:25:51,234 [0cab5a7d-6f40-474c-9abd-0651cf30726e-impl-thread3] INFO  server.RaftServer$Division (ServerState.java:setRaftConf(386)) - 0cab5a7d-6f40-474c-9abd-0651cf30726e@group-45121E95117A: set configuration conf: {index: 0, cur=peers:[9d21e184-bccf-4583-95a7-0fe616dd3b4b|127.0.0.1:15079, 8aba082c-257b-43e3-ba61-5d436c5b38fa|127.0.0.1:15063, 0cab5a7d-6f40-474c-9abd-0651cf30726e|127.0.0.1:15071]|listeners:[], old=null}
2025-10-22 08:25:51,235 [0cab5a7d-6f40-474c-9abd-0651cf30726e-impl-thread2] INFO  segmented.LogSegment (LogSegment.java:loadSegment(171)) - Successfully read 1 entries from segment file /home/runner/work/ozone/ozone/hadoop-ozone/integration-test/target/test-dir/MiniOzoneClusterImpl-a412b9f6-7d8b-4de3-a85c-9946bceaa3a0/ozone-metadata/datanode-8/ratis/f4bcb322-ee1f-41bd-9c2f-ee76401c21d3/current/log_inprogress_0
2025-10-22 08:25:51,235 [0cab5a7d-6f40-474c-9abd-0651cf30726e-impl-thread2] INFO  segmented.SegmentedRaftLogWorker (SegmentedRaftLogWorker.java:lambda$new$0(141)) - 0cab5a7d-6f40-474c-9abd-0651cf30726e@group-EE76401C21D3-SegmentedRaftLogWorker: safeCacheEvictIndex: setUnconditionally 0 -> -1
2025-10-22 08:25:51,235 [0cab5a7d-6f40-474c-9abd-0651cf30726e-impl-thread2] INFO  segmented.BufferedWriteChannel (BufferedWriteChannel.java:open(61)) - open log_inprogress_0 (append) at position 129
2025-10-22 08:25:51,235 [0cab5a7d-6f40-474c-9abd-0651cf30726e-impl-thread3] INFO  segmented.LogSegment (LogSegment.java:loadSegment(171)) - Successfully read 8 entries from segment file /home/runner/work/ozone/ozone/hadoop-ozone/integration-test/target/test-dir/MiniOzoneClusterImpl-a412b9f6-7d8b-4de3-a85c-9946bceaa3a0/ozone-metadata/datanode-8/ratis/967bd5c3-d4b6-4c7a-afa3-45121e95117a/current/log_inprogress_0
2025-10-22 08:25:51,235 [0cab5a7d-6f40-474c-9abd-0651cf30726e-impl-thread3] INFO  segmented.SegmentedRaftLogWorker (SegmentedRaftLogWorker.java:lambda$new$0(141)) - 0cab5a7d-6f40-474c-9abd-0651cf30726e@group-45121E95117A-SegmentedRaftLogWorker: flushIndex: setUnconditionally 0 -> 7
2025-10-22 08:25:51,235 [0cab5a7d-6f40-474c-9abd-0651cf30726e-impl-thread3] INFO  segmented.SegmentedRaftLogWorker (SegmentedRaftLogWorker.java:lambda$new$0(141)) - 0cab5a7d-6f40-474c-9abd-0651cf30726e@group-45121E95117A-SegmentedRaftLogWorker: safeCacheEvictIndex: setUnconditionally 0 -> -1
2025-10-22 08:25:51,235 [0cab5a7d-6f40-474c-9abd-0651cf30726e-impl-thread2] INFO  server.RaftServer$Division (RaftServerImpl.java:start(405)) - 0cab5a7d-6f40-474c-9abd-0651cf30726e@group-EE76401C21D3: start as a follower, conf=conf: {index: 0, cur=peers:[0cab5a7d-6f40-474c-9abd-0651cf30726e|127.0.0.1:15071]|listeners:[], old=null}
2025-10-22 08:25:51,235 [0cab5a7d-6f40-474c-9abd-0651cf30726e-impl-thread1] INFO  server.RaftServerConfigKeys (ConfUtils.java:logGet(62)) - raft.server.log.appender.buffer.byte-limit = 33554432 (custom)
2025-10-22 08:25:51,235 [0cab5a7d-6f40-474c-9abd-0651cf30726e-impl-thread2] INFO  server.RaftServer$Division (RaftServerImpl.java:setRole(392)) - 0cab5a7d-6f40-474c-9abd-0651cf30726e@group-EE76401C21D3: changes role from      null to FOLLOWER at term 1 for startAsFollower
2025-10-22 08:25:51,235 [0cab5a7d-6f40-474c-9abd-0651cf30726e-impl-thread2] INFO  impl.RoleInfo (RoleInfo.java:updateAndGet(148)) - 0cab5a7d-6f40-474c-9abd-0651cf30726e: start 0cab5a7d-6f40-474c-9abd-0651cf30726e@group-EE76401C21D3-FollowerState
2025-10-22 08:25:51,235 [0cab5a7d-6f40-474c-9abd-0651cf30726e-impl-thread3] INFO  segmented.BufferedWriteChannel (BufferedWriteChannel.java:open(61)) - open log_inprogress_0 (append) at position 3158
2025-10-22 08:25:51,236 [0cab5a7d-6f40-474c-9abd-0651cf30726e-impl-thread1] INFO  server.RaftServer$Division (ServerState.java:setRaftConf(386)) - 0cab5a7d-6f40-474c-9abd-0651cf30726e@group-E8ADAFC04A7A: set configuration conf: {index: 0, cur=peers:[9d21e184-bccf-4583-95a7-0fe616dd3b4b|127.0.0.1:15079, 8aba082c-257b-43e3-ba61-5d436c5b38fa|127.0.0.1:15063, 0cab5a7d-6f40-474c-9abd-0651cf30726e|127.0.0.1:15071]|listeners:[], old=null}
2025-10-22 08:25:51,236 [0cab5a7d-6f40-474c-9abd-0651cf30726e-impl-thread2] INFO  util.JmxRegister (JmxRegister.java:tryRegister(44)) - Successfully registered JMX Bean with object name Ratis:service=RaftServer,group=group-EE76401C21D3,id=0cab5a7d-6f40-474c-9abd-0651cf30726e
2025-10-22 08:25:51,236 [0cab5a7d-6f40-474c-9abd-0651cf30726e-impl-thread2] INFO  util.JmxRegister (JmxRegister.java:register(58)) - register mxBean class org.apache.ratis.server.impl.RaftServerJmxAdapter as Ratis:service=RaftServer,group=group-EE76401C21D3,id=0cab5a7d-6f40-474c-9abd-0651cf30726e
2025-10-22 08:25:51,236 [0cab5a7d-6f40-474c-9abd-0651cf30726e-impl-thread3] INFO  server.RaftServer$Division (RaftServerImpl.java:start(405)) - 0cab5a7d-6f40-474c-9abd-0651cf30726e@group-45121E95117A: start as a follower, conf=conf: {index: 0, cur=peers:[9d21e184-bccf-4583-95a7-0fe616dd3b4b|127.0.0.1:15079, 8aba082c-257b-43e3-ba61-5d436c5b38fa|127.0.0.1:15063, 0cab5a7d-6f40-474c-9abd-0651cf30726e|127.0.0.1:15071]|listeners:[], old=null}
2025-10-22 08:25:51,236 [0cab5a7d-6f40-474c-9abd-0651cf30726e-impl-thread1] INFO  segmented.LogSegment (LogSegment.java:loadSegment(171)) - Successfully read 7 entries from segment file /home/runner/work/ozone/ozone/hadoop-ozone/integration-test/target/test-dir/MiniOzoneClusterImpl-a412b9f6-7d8b-4de3-a85c-9946bceaa3a0/ozone-metadata/datanode-8/ratis/daae6601-de49-4157-b371-e8adafc04a7a/current/log_inprogress_0
2025-10-22 08:25:51,236 [0cab5a7d-6f40-474c-9abd-0651cf30726e-impl-thread3] INFO  server.RaftServer$Division (RaftServerImpl.java:setRole(392)) - 0cab5a7d-6f40-474c-9abd-0651cf30726e@group-45121E95117A: changes role from      null to FOLLOWER at term 1 for startAsFollower
2025-10-22 08:25:51,236 [0cab5a7d-6f40-474c-9abd-0651cf30726e-impl-thread1] INFO  segmented.SegmentedRaftLogWorker (SegmentedRaftLogWorker.java:lambda$new$0(141)) - 0cab5a7d-6f40-474c-9abd-0651cf30726e@group-E8ADAFC04A7A-SegmentedRaftLogWorker: flushIndex: setUnconditionally 0 -> 6
2025-10-22 08:25:51,236 [0cab5a7d-6f40-474c-9abd-0651cf30726e-impl-thread3] INFO  impl.RoleInfo (RoleInfo.java:updateAndGet(148)) - 0cab5a7d-6f40-474c-9abd-0651cf30726e: start 0cab5a7d-6f40-474c-9abd-0651cf30726e@group-45121E95117A-FollowerState
2025-10-22 08:25:51,236 [0cab5a7d-6f40-474c-9abd-0651cf30726e-impl-thread1] INFO  segmented.SegmentedRaftLogWorker (SegmentedRaftLogWorker.java:lambda$new$0(141)) - 0cab5a7d-6f40-474c-9abd-0651cf30726e@group-E8ADAFC04A7A-SegmentedRaftLogWorker: safeCacheEvictIndex: setUnconditionally 0 -> -1
2025-10-22 08:25:51,236 [0cab5a7d-6f40-474c-9abd-0651cf30726e-impl-thread1] INFO  segmented.BufferedWriteChannel (BufferedWriteChannel.java:open(61)) - open log_inprogress_0 (append) at position 1677
2025-10-22 08:25:51,236 [0cab5a7d-6f40-474c-9abd-0651cf30726e-impl-thread3] INFO  util.JmxRegister (JmxRegister.java:tryRegister(44)) - Successfully registered JMX Bean with object name Ratis:service=RaftServer,group=group-45121E95117A,id=0cab5a7d-6f40-474c-9abd-0651cf30726e
2025-10-22 08:25:51,236 [0cab5a7d-6f40-474c-9abd-0651cf30726e-impl-thread1] INFO  server.RaftServer$Division (RaftServerImpl.java:start(405)) - 0cab5a7d-6f40-474c-9abd-0651cf30726e@group-E8ADAFC04A7A: start as a follower, conf=conf: {index: 0, cur=peers:[9d21e184-bccf-4583-95a7-0fe616dd3b4b|127.0.0.1:15079, 8aba082c-257b-43e3-ba61-5d436c5b38fa|127.0.0.1:15063, 0cab5a7d-6f40-474c-9abd-0651cf30726e|127.0.0.1:15071]|listeners:[], old=null}
2025-10-22 08:25:51,236 [0cab5a7d-6f40-474c-9abd-0651cf30726e-impl-thread3] INFO  util.JmxRegister (JmxRegister.java:register(58)) - register mxBean class org.apache.ratis.server.impl.RaftServerJmxAdapter as Ratis:service=RaftServer,group=group-45121E95117A,id=0cab5a7d-6f40-474c-9abd-0651cf30726e
2025-10-22 08:25:51,236 [0cab5a7d-6f40-474c-9abd-0651cf30726e-impl-thread1] INFO  server.RaftServer$Division (RaftServerImpl.java:setRole(392)) - 0cab5a7d-6f40-474c-9abd-0651cf30726e@group-E8ADAFC04A7A: changes role from      null to FOLLOWER at term 1 for startAsFollower
2025-10-22 08:25:51,237 [0cab5a7d-6f40-474c-9abd-0651cf30726e-impl-thread2] INFO  server.RaftServer$Division (RaftServerImpl.java:start(419)) - 0cab5a7d-6f40-474c-9abd-0651cf30726e@group-EE76401C21D3: Successfully started.
2025-10-22 08:25:51,237 [0cab5a7d-6f40-474c-9abd-0651cf30726e-impl-thread1] INFO  impl.RoleInfo (RoleInfo.java:updateAndGet(148)) - 0cab5a7d-6f40-474c-9abd-0651cf30726e: start 0cab5a7d-6f40-474c-9abd-0651cf30726e@group-E8ADAFC04A7A-FollowerState
2025-10-22 08:25:51,237 [0cab5a7d-6f40-474c-9abd-0651cf30726e-impl-thread3] INFO  server.RaftServer$Division (RaftServerImpl.java:start(419)) - 0cab5a7d-6f40-474c-9abd-0651cf30726e@group-45121E95117A: Successfully started.
2025-10-22 08:25:51,237 [0cab5a7d-6f40-474c-9abd-0651cf30726e-impl-thread1] INFO  util.JmxRegister (JmxRegister.java:tryRegister(44)) - Successfully registered JMX Bean with object name Ratis:service=RaftServer,group=group-E8ADAFC04A7A,id=0cab5a7d-6f40-474c-9abd-0651cf30726e
2025-10-22 08:25:51,237 [0cab5a7d-6f40-474c-9abd-0651cf30726e-impl-thread1] INFO  util.JmxRegister (JmxRegister.java:register(58)) - register mxBean class org.apache.ratis.server.impl.RaftServerJmxAdapter as Ratis:service=RaftServer,group=group-E8ADAFC04A7A,id=0cab5a7d-6f40-474c-9abd-0651cf30726e
2025-10-22 08:25:51,238 [0cab5a7d-6f40-474c-9abd-0651cf30726e-impl-thread1] INFO  server.RaftServer$Division (RaftServerImpl.java:start(419)) - 0cab5a7d-6f40-474c-9abd-0651cf30726e@group-E8ADAFC04A7A: Successfully started.
2025-10-22 08:25:51,238 [0cab5a7d-6f40-474c-9abd-0651cf30726e-EndpointStateMachineTaskThread-/0.0.0.0:15002-0 ] INFO  server.RaftServer (RaftServerProxy.java:startImpl(412)) - 0cab5a7d-6f40-474c-9abd-0651cf30726e: start RPC server
2025-10-22 08:25:51,238 [0cab5a7d-6f40-474c-9abd-0651cf30726e-EndpointStateMachineTaskThread-/0.0.0.0:15002-0 ] INFO  server.GrpcServicesImpl (GrpcServicesImpl.java:startImpl(346)) - 0cab5a7d-6f40-474c-9abd-0651cf30726e: GrpcServicesImpl started, listening on 15069
2025-10-22 08:25:51,239 [0cab5a7d-6f40-474c-9abd-0651cf30726e-EndpointStateMachineTaskThread-/0.0.0.0:15002-0 ] INFO  server.GrpcServicesImpl (GrpcServicesImpl.java:startImpl(346)) - 0cab5a7d-6f40-474c-9abd-0651cf30726e: GrpcServicesImpl started, listening on 15071
2025-10-22 08:25:51,239 [0cab5a7d-6f40-474c-9abd-0651cf30726e-EndpointStateMachineTaskThread-/0.0.0.0:15002-0 ] INFO  server.GrpcServicesImpl (GrpcServicesImpl.java:startImpl(346)) - 0cab5a7d-6f40-474c-9abd-0651cf30726e: GrpcServicesImpl started, listening on 15070
2025-10-22 08:25:51,239 [0cab5a7d-6f40-474c-9abd-0651cf30726e-EndpointStateMachineTaskThread-/0.0.0.0:15002-0 ] INFO  ratis.XceiverServerRatis (XceiverServerRatis.java:getRealPort(586)) - XceiverServerRatis(0cab5a7d-6f40-474c-9abd-0651cf30726e) is started using port RATIS=15069
2025-10-22 08:25:51,239 [JvmPauseMonitor17] INFO  util.JvmPauseMonitor (JvmPauseMonitor.java:run(146)) - JvmPauseMonitor-0cab5a7d-6f40-474c-9abd-0651cf30726e: Started
2025-10-22 08:25:51,239 [0cab5a7d-6f40-474c-9abd-0651cf30726e-EndpointStateMachineTaskThread-/0.0.0.0:15002-0 ] INFO  ratis.XceiverServerRatis (XceiverServerRatis.java:getRealPort(586)) - XceiverServerRatis(0cab5a7d-6f40-474c-9abd-0651cf30726e) is started using port RATIS_ADMIN=15070
2025-10-22 08:25:51,239 [0cab5a7d-6f40-474c-9abd-0651cf30726e-EndpointStateMachineTaskThread-/0.0.0.0:15002-0 ] INFO  ratis.XceiverServerRatis (XceiverServerRatis.java:getRealPort(586)) - XceiverServerRatis(0cab5a7d-6f40-474c-9abd-0651cf30726e) is started using port RATIS_SERVER=15071
2025-10-22 08:25:51,239 [0cab5a7d-6f40-474c-9abd-0651cf30726e-EndpointStateMachineTaskThread-/0.0.0.0:15002-0 ] INFO  ratis.XceiverServerRatis (XceiverServerRatis.java:getRealPort(586)) - XceiverServerRatis(0cab5a7d-6f40-474c-9abd-0651cf30726e) is started using port RATIS_DATASTREAM=15072
2025-10-22 08:25:51,240 [0cab5a7d-6f40-474c-9abd-0651cf30726e-EndpointStateMachineTaskThread-/0.0.0.0:15002-0 ] INFO  utils.BackgroundService (BackgroundService.java:start(119)) - Starting service BlockDeletingService with interval 60000 milliseconds
2025-10-22 08:25:51,240 [0cab5a7d-6f40-474c-9abd-0651cf30726e-EndpointStateMachineTaskThread-/0.0.0.0:15002-0 ] INFO  utils.BackgroundService (BackgroundService.java:start(119)) - Starting service StaleRecoveringContainerScrubbingService with interval 60000 milliseconds
2025-10-22 08:25:51,407 [8aba082c-257b-43e3-ba61-5d436c5b38fa@group-E8ADAFC04A7A-FollowerState] INFO  impl.FollowerState (FollowerState.java:runImpl(161)) - 8aba082c-257b-43e3-ba61-5d436c5b38fa@group-E8ADAFC04A7A-FollowerState: change to CANDIDATE, lastRpcElapsedTime:1087796266ns, electionTimeout:1086ms
2025-10-22 08:25:51,407 [8aba082c-257b-43e3-ba61-5d436c5b38fa@group-E8ADAFC04A7A-FollowerState] INFO  impl.RoleInfo (RoleInfo.java:shutdownFollowerState(121)) - 8aba082c-257b-43e3-ba61-5d436c5b38fa: shutdown 8aba082c-257b-43e3-ba61-5d436c5b38fa@group-E8ADAFC04A7A-FollowerState
2025-10-22 08:25:51,407 [8aba082c-257b-43e3-ba61-5d436c5b38fa@group-E8ADAFC04A7A-FollowerState] INFO  server.RaftServer$Division (RaftServerImpl.java:setRole(392)) - 8aba082c-257b-43e3-ba61-5d436c5b38fa@group-E8ADAFC04A7A: changes role from  FOLLOWER to CANDIDATE at term 2 for changeToCandidate
2025-10-22 08:25:51,407 [8aba082c-257b-43e3-ba61-5d436c5b38fa@group-E8ADAFC04A7A-FollowerState] INFO  impl.RoleInfo (RoleInfo.java:updateAndGet(148)) - 8aba082c-257b-43e3-ba61-5d436c5b38fa: start 8aba082c-257b-43e3-ba61-5d436c5b38fa@group-E8ADAFC04A7A-LeaderElection232
2025-10-22 08:25:51,407 [8aba082c-257b-43e3-ba61-5d436c5b38fa@group-E8ADAFC04A7A-LeaderElection232] INFO  impl.LeaderElection (LeaderElection.java:askForVotes(448)) - 8aba082c-257b-43e3-ba61-5d436c5b38fa@group-E8ADAFC04A7A-LeaderElection232 PRE_VOTE round 0: submit vote requests at term 2 for conf: {index: 7, cur=peers:[9d21e184-bccf-4583-95a7-0fe616dd3b4b|127.0.0.1:15079, 8aba082c-257b-43e3-ba61-5d436c5b38fa|127.0.0.1:15063, 0cab5a7d-6f40-474c-9abd-0651cf30726e|127.0.0.1:15071]|listeners:[], old=null}
2025-10-22 08:25:51,408 [8aba082c-257b-43e3-ba61-5d436c5b38fa@group-E8ADAFC04A7A-LeaderElection232] INFO  impl.LeaderElection (LogUtils.java:infoOrTrace(142)) - 8aba082c-257b-43e3-ba61-5d436c5b38fa@group-E8ADAFC04A7A-LeaderElection232 got exception when requesting votes: java.util.concurrent.ExecutionException: org.apache.ratis.thirdparty.io.grpc.StatusRuntimeException: UNAVAILABLE: io exception
2025-10-22 08:25:51,408 [8aba082c-257b-43e3-ba61-5d436c5b38fa@group-E8ADAFC04A7A-LeaderElection232] INFO  impl.LeaderElection (LogUtils.java:infoOrTrace(142)) - 8aba082c-257b-43e3-ba61-5d436c5b38fa@group-E8ADAFC04A7A-LeaderElection232 got exception when requesting votes: java.util.concurrent.ExecutionException: org.apache.ratis.thirdparty.io.grpc.StatusRuntimeException: UNAVAILABLE: io exception
2025-10-22 08:25:51,408 [8aba082c-257b-43e3-ba61-5d436c5b38fa@group-E8ADAFC04A7A-LeaderElection232] INFO  impl.LeaderElection (LeaderElection.java:logAndReturn(206)) - 8aba082c-257b-43e3-ba61-5d436c5b38fa@group-E8ADAFC04A7A-LeaderElection232: PRE_VOTE REJECTED received 0 response(s) and 2 exception(s):
2025-10-22 08:25:51,408 [8aba082c-257b-43e3-ba61-5d436c5b38fa@group-E8ADAFC04A7A-LeaderElection232] INFO  impl.LeaderElection (LogUtils.java:infoOrTrace(142)) -   Exception 0: java.util.concurrent.ExecutionException: org.apache.ratis.thirdparty.io.grpc.StatusRuntimeException: UNAVAILABLE: io exception
2025-10-22 08:25:51,408 [8aba082c-257b-43e3-ba61-5d436c5b38fa@group-E8ADAFC04A7A-LeaderElection232] INFO  impl.LeaderElection (LogUtils.java:infoOrTrace(142)) -   Exception 1: java.util.concurrent.ExecutionException: org.apache.ratis.thirdparty.io.grpc.StatusRuntimeException: UNAVAILABLE: io exception
2025-10-22 08:25:51,408 [8aba082c-257b-43e3-ba61-5d436c5b38fa@group-E8ADAFC04A7A-LeaderElection232] INFO  impl.LeaderElection (LeaderElection.java:askForVotes(450)) - 8aba082c-257b-43e3-ba61-5d436c5b38fa@group-E8ADAFC04A7A-LeaderElection232 PRE_VOTE round 0: result REJECTED
2025-10-22 08:25:51,408 [8aba082c-257b-43e3-ba61-5d436c5b38fa@group-E8ADAFC04A7A-LeaderElection232] INFO  server.RaftServer$Division (RaftServerImpl.java:setRole(392)) - 8aba082c-257b-43e3-ba61-5d436c5b38fa@group-E8ADAFC04A7A: changes role from CANDIDATE to FOLLOWER at term 2 for REJECTED
2025-10-22 08:25:51,408 [8aba082c-257b-43e3-ba61-5d436c5b38fa@group-E8ADAFC04A7A-LeaderElection232] INFO  impl.RoleInfo (RoleInfo.java:shutdownLeaderElection(141)) - 8aba082c-257b-43e3-ba61-5d436c5b38fa: shutdown 8aba082c-257b-43e3-ba61-5d436c5b38fa@group-E8ADAFC04A7A-LeaderElection232
2025-10-22 08:25:51,408 [8aba082c-257b-43e3-ba61-5d436c5b38fa@group-E8ADAFC04A7A-LeaderElection232] INFO  impl.RoleInfo (RoleInfo.java:updateAndGet(148)) - 8aba082c-257b-43e3-ba61-5d436c5b38fa: start 8aba082c-257b-43e3-ba61-5d436c5b38fa@group-E8ADAFC04A7A-FollowerState
2025-10-22 08:25:51,430 [9d21e184-bccf-4583-95a7-0fe616dd3b4b-ContainerReader-0] INFO  ozoneimpl.ContainerReader (ContainerReader.java:readVolume(147)) - Start to verify containers on volume /home/runner/work/ozone/ozone/hadoop-ozone/integration-test/target/test-dir/MiniOzoneClusterImpl-a412b9f6-7d8b-4de3-a85c-9946bceaa3a0/ozone-metadata/datanode-9/data-0/hdds
2025-10-22 08:25:51,433 [9d21e184-bccf-4583-95a7-0fe616dd3b4b-ContainerReader-0] WARN  helpers.KeyValueContainerUtil (KeyValueContainerUtil.java:populateContainerMetadata(329)) - Missing pendingDeleteBlockCount from metadata: recalculate them from block table
2025-10-22 08:25:51,435 [9d21e184-bccf-4583-95a7-0fe616dd3b4b-ContainerReader-0] WARN  helpers.KeyValueContainerUtil (KeyValueContainerUtil.java:populateContainerMetadata(329)) - Missing pendingDeleteBlockCount from metadata: recalculate them from block table
2025-10-22 08:25:51,437 [9d21e184-bccf-4583-95a7-0fe616dd3b4b-ContainerReader-0] INFO  ozoneimpl.ContainerReader (ContainerReader.java:readVolume(177)) - Finish verifying containers on volume /home/runner/work/ozone/ozone/hadoop-ozone/integration-test/target/test-dir/MiniOzoneClusterImpl-a412b9f6-7d8b-4de3-a85c-9946bceaa3a0/ozone-metadata/datanode-9/data-0/hdds
2025-10-22 08:25:51,437 [9d21e184-bccf-4583-95a7-0fe616dd3b4b-EndpointStateMachineTaskThread-/0.0.0.0:15002-0 ] INFO  ozoneimpl.OzoneContainer (OzoneContainer.java:buildContainerSet(359)) - Build ContainerSet costs 0s
2025-10-22 08:25:51,437 [9d21e184-bccf-4583-95a7-0fe616dd3b4b-EndpointStateMachineTaskThread-/0.0.0.0:15002-0 ] INFO  volume.ThrottledAsyncChecker (ThrottledAsyncChecker.java:schedule(138)) - Scheduling a check for /home/runner/work/ozone/ozone/hadoop-ozone/integration-test/target/test-dir/MiniOzoneClusterImpl-a412b9f6-7d8b-4de3-a85c-9946bceaa3a0/ozone-metadata/datanode-9/data-0/hdds
2025-10-22 08:25:51,438 [9d21e184-bccf-4583-95a7-0fe616dd3b4b-EndpointStateMachineTaskThread-/0.0.0.0:15002-0 ] INFO  volume.StorageVolumeChecker (StorageVolumeChecker.java:checkAllVolumes(231)) - Scheduled health check for volume /home/runner/work/ozone/ozone/hadoop-ozone/integration-test/target/test-dir/MiniOzoneClusterImpl-a412b9f6-7d8b-4de3-a85c-9946bceaa3a0/ozone-metadata/datanode-9/data-0/hdds
2025-10-22 08:25:51,441 [9d21e184-bccf-4583-95a7-0fe616dd3b4b-EndpointStateMachineTaskThread-/0.0.0.0:15002-0 ] INFO  volume.ThrottledAsyncChecker (ThrottledAsyncChecker.java:schedule(138)) - Scheduling a check for /home/runner/work/ozone/ozone/hadoop-ozone/integration-test/target/test-dir/MiniOzoneClusterImpl-a412b9f6-7d8b-4de3-a85c-9946bceaa3a0/ozone-metadata/datanode-9/ratis
2025-10-22 08:25:51,441 [9d21e184-bccf-4583-95a7-0fe616dd3b4b-EndpointStateMachineTaskThread-/0.0.0.0:15002-0 ] INFO  volume.StorageVolumeChecker (StorageVolumeChecker.java:checkAllVolumes(231)) - Scheduled health check for volume /home/runner/work/ozone/ozone/hadoop-ozone/integration-test/target/test-dir/MiniOzoneClusterImpl-a412b9f6-7d8b-4de3-a85c-9946bceaa3a0/ozone-metadata/datanode-9/ratis
2025-10-22 08:25:51,442 [9d21e184-bccf-4583-95a7-0fe616dd3b4b-EndpointStateMachineTaskThread-/0.0.0.0:15002-0 ] INFO  ozoneimpl.OzoneContainer (OzoneContainer.java:start(544)) - Attempting to start container services.
2025-10-22 08:25:51,443 [9d21e184-bccf-4583-95a7-0fe616dd3b4b-EndpointStateMachineTaskThread-/0.0.0.0:15002-0 ] INFO  replication.ReplicationServer (ReplicationServer.java:start(137)) - ReplicationServer is started using port 15081
2025-10-22 08:25:51,444 [9d21e184-bccf-4583-95a7-0fe616dd3b4b-EndpointStateMachineTaskThread-/0.0.0.0:15002-0 ] INFO  ratis.XceiverServerRatis (XceiverServerRatis.java:start(559)) - Starting XceiverServerRatis(9d21e184-bccf-4583-95a7-0fe616dd3b4b)
2025-10-22 08:25:51,445 [9d21e184-bccf-4583-95a7-0fe616dd3b4b-impl-thread1] INFO  server.RaftServerConfigKeys (ConfUtils.java:logGet(62)) - raft.server.storage.dir = [/home/runner/work/ozone/ozone/hadoop-ozone/integration-test/target/test-dir/MiniOzoneClusterImpl-a412b9f6-7d8b-4de3-a85c-9946bceaa3a0/ozone-metadata/datanode-9/ratis] (custom)
2025-10-22 08:25:51,445 [ContainerMetadataScanner] INFO  ozoneimpl.AbstractBackgroundContainerScanner (AbstractBackgroundContainerScanner.java:runIteration(89)) - Completed an iteration in 0 minutes. Number of iterations (since the data-node restart) : 1, Number of containers scanned in this iteration : 2, Number of unhealthy containers found in this iteration : 0
2025-10-22 08:25:51,446 [9d21e184-bccf-4583-95a7-0fe616dd3b4b-impl-thread1] INFO  storage.RaftStorageDirectory (RaftStorageDirectoryImpl.java:tryLock(229)) - Lock on /home/runner/work/ozone/ozone/hadoop-ozone/integration-test/target/test-dir/MiniOzoneClusterImpl-a412b9f6-7d8b-4de3-a85c-9946bceaa3a0/ozone-metadata/datanode-9/ratis/8aa17952-bc55-4375-bee5-80cfae06f78a/in_use.lock acquired by nodename 57193@localhost
2025-10-22 08:25:51,446 [9d21e184-bccf-4583-95a7-0fe616dd3b4b-impl-thread1] INFO  storage.RaftStorage (RaftStorageImpl.java:analyzeAndRecoverStorage(118)) - Read RaftStorageMetadata{term=1, votedFor=9d21e184-bccf-4583-95a7-0fe616dd3b4b} from /home/runner/work/ozone/ozone/hadoop-ozone/integration-test/target/test-dir/MiniOzoneClusterImpl-a412b9f6-7d8b-4de3-a85c-9946bceaa3a0/ozone-metadata/datanode-9/ratis/8aa17952-bc55-4375-bee5-80cfae06f78a/current/raft-meta
2025-10-22 08:25:51,446 [9d21e184-bccf-4583-95a7-0fe616dd3b4b-impl-thread1] INFO  server.RaftServer$Division (ServerState.java:setRaftConf(386)) - 9d21e184-bccf-4583-95a7-0fe616dd3b4b@group-80CFAE06F78A: set configuration conf: {index: 0, cur=peers:[9d21e184-bccf-4583-95a7-0fe616dd3b4b|127.0.0.1:15079]|listeners:[], old=null}
2025-10-22 08:25:51,446 [9d21e184-bccf-4583-95a7-0fe616dd3b4b-impl-thread1] INFO  ratis.ContainerStateMachine (ContainerStateMachine.java:initialize(339)) - 9d21e184-bccf-4583-95a7-0fe616dd3b4b: initialize group-80CFAE06F78A
2025-10-22 08:25:51,446 [9d21e184-bccf-4583-95a7-0fe616dd3b4b-impl-thread1] INFO  ratis.ContainerStateMachine (ContainerStateMachine.java:loadSnapshot(356)) - group-80CFAE06F78A: Setting the last applied index to (t:1, i:0)
2025-10-22 08:25:51,447 [9d21e184-bccf-4583-95a7-0fe616dd3b4b-impl-thread1] INFO  server.RaftServerConfigKeys (ConfUtils.java:logGet(62)) - raft.server.log.appender.buffer.byte-limit = 33554432 (custom)
2025-10-22 08:25:51,448 [9d21e184-bccf-4583-95a7-0fe616dd3b4b-impl-thread1] INFO  server.RaftServerConfigKeys (ConfUtils.java:logGet(62)) - raft.server.log.segment.size.max = 67108864 (custom)
2025-10-22 08:25:51,448 [9d21e184-bccf-4583-95a7-0fe616dd3b4b-impl-thread3] INFO  storage.RaftStorageDirectory (RaftStorageDirectoryImpl.java:tryLock(229)) - Lock on /home/runner/work/ozone/ozone/hadoop-ozone/integration-test/target/test-dir/MiniOzoneClusterImpl-a412b9f6-7d8b-4de3-a85c-9946bceaa3a0/ozone-metadata/datanode-9/ratis/967bd5c3-d4b6-4c7a-afa3-45121e95117a/in_use.lock acquired by nodename 57193@localhost
2025-10-22 08:25:51,448 [9d21e184-bccf-4583-95a7-0fe616dd3b4b-impl-thread2] INFO  storage.RaftStorageDirectory (RaftStorageDirectoryImpl.java:tryLock(229)) - Lock on /home/runner/work/ozone/ozone/hadoop-ozone/integration-test/target/test-dir/MiniOzoneClusterImpl-a412b9f6-7d8b-4de3-a85c-9946bceaa3a0/ozone-metadata/datanode-9/ratis/daae6601-de49-4157-b371-e8adafc04a7a/in_use.lock acquired by nodename 57193@localhost
2025-10-22 08:25:51,449 [9d21e184-bccf-4583-95a7-0fe616dd3b4b-impl-thread3] INFO  storage.RaftStorage (RaftStorageImpl.java:analyzeAndRecoverStorage(118)) - Read RaftStorageMetadata{term=1, votedFor=8aba082c-257b-43e3-ba61-5d436c5b38fa} from /home/runner/work/ozone/ozone/hadoop-ozone/integration-test/target/test-dir/MiniOzoneClusterImpl-a412b9f6-7d8b-4de3-a85c-9946bceaa3a0/ozone-metadata/datanode-9/ratis/967bd5c3-d4b6-4c7a-afa3-45121e95117a/current/raft-meta
2025-10-22 08:25:51,449 [9d21e184-bccf-4583-95a7-0fe616dd3b4b-impl-thread2] INFO  storage.RaftStorage (RaftStorageImpl.java:analyzeAndRecoverStorage(118)) - Read RaftStorageMetadata{term=2, votedFor=9d21e184-bccf-4583-95a7-0fe616dd3b4b} from /home/runner/work/ozone/ozone/hadoop-ozone/integration-test/target/test-dir/MiniOzoneClusterImpl-a412b9f6-7d8b-4de3-a85c-9946bceaa3a0/ozone-metadata/datanode-9/ratis/daae6601-de49-4157-b371-e8adafc04a7a/current/raft-meta
2025-10-22 08:25:51,449 [9d21e184-bccf-4583-95a7-0fe616dd3b4b-impl-thread3] INFO  server.RaftServer$Division (ServerState.java:setRaftConf(386)) - 9d21e184-bccf-4583-95a7-0fe616dd3b4b@group-45121E95117A: set configuration conf: {index: 0, cur=peers:[9d21e184-bccf-4583-95a7-0fe616dd3b4b|127.0.0.1:15079, 8aba082c-257b-43e3-ba61-5d436c5b38fa|127.0.0.1:15063, 0cab5a7d-6f40-474c-9abd-0651cf30726e|127.0.0.1:15071]|listeners:[], old=null}
2025-10-22 08:25:51,449 [9d21e184-bccf-4583-95a7-0fe616dd3b4b-impl-thread2] INFO  server.RaftServer$Division (ServerState.java:setRaftConf(386)) - 9d21e184-bccf-4583-95a7-0fe616dd3b4b@group-E8ADAFC04A7A: set configuration conf: {index: 7, cur=peers:[9d21e184-bccf-4583-95a7-0fe616dd3b4b|127.0.0.1:15079, 8aba082c-257b-43e3-ba61-5d436c5b38fa|127.0.0.1:15063, 0cab5a7d-6f40-474c-9abd-0651cf30726e|127.0.0.1:15071]|listeners:[], old=null}
2025-10-22 08:25:51,449 [9d21e184-bccf-4583-95a7-0fe616dd3b4b-impl-thread3] INFO  ratis.ContainerStateMachine (ContainerStateMachine.java:initialize(339)) - 9d21e184-bccf-4583-95a7-0fe616dd3b4b: initialize group-45121E95117A
2025-10-22 08:25:51,449 [9d21e184-bccf-4583-95a7-0fe616dd3b4b-impl-thread3] INFO  ratis.ContainerStateMachine (ContainerStateMachine.java:loadSnapshot(356)) - group-45121E95117A: Setting the last applied index to (t:1, i:7)
2025-10-22 08:25:51,449 [9d21e184-bccf-4583-95a7-0fe616dd3b4b-impl-thread2] INFO  ratis.ContainerStateMachine (ContainerStateMachine.java:initialize(339)) - 9d21e184-bccf-4583-95a7-0fe616dd3b4b: initialize group-E8ADAFC04A7A
2025-10-22 08:25:51,449 [9d21e184-bccf-4583-95a7-0fe616dd3b4b-impl-thread2] INFO  ratis.ContainerStateMachine (ContainerStateMachine.java:loadSnapshot(356)) - group-E8ADAFC04A7A: Setting the last applied index to (t:2, i:8)
2025-10-22 08:25:51,449 [9d21e184-bccf-4583-95a7-0fe616dd3b4b-impl-thread3] INFO  server.RaftServerConfigKeys (ConfUtils.java:logGet(62)) - raft.server.log.appender.buffer.byte-limit = 33554432 (custom)
2025-10-22 08:25:51,449 [9d21e184-bccf-4583-95a7-0fe616dd3b4b-impl-thread2] INFO  server.RaftServerConfigKeys (ConfUtils.java:logGet(62)) - raft.server.log.appender.buffer.byte-limit = 33554432 (custom)
2025-10-22 08:25:51,452 [ContainerDataScanner(/home/runner/work/ozone/ozone/hadoop-ozone/integration-test/target/test-dir/MiniOzoneClusterImpl-a412b9f6-7d8b-4de3-a85c-9946bceaa3a0/ozone-metadata/datanode-9/data-0/hdds)] INFO  ozoneimpl.AbstractBackgroundContainerScanner (AbstractBackgroundContainerScanner.java:runIteration(89)) - Completed an iteration in 0 minutes. Number of iterations (since the data-node restart) : 1, Number of containers scanned in this iteration : 1, Number of unhealthy containers found in this iteration : 0
2025-10-22 08:25:51,452 [9d21e184-bccf-4583-95a7-0fe616dd3b4b-impl-thread1] INFO  server.RaftServerConfigKeys (ConfUtils.java:logGet(62)) - raft.server.log.appender.buffer.byte-limit = 33554432 (custom)
2025-10-22 08:25:51,452 [9d21e184-bccf-4583-95a7-0fe616dd3b4b-impl-thread3] INFO  server.RaftServerConfigKeys (ConfUtils.java:logGet(62)) - raft.server.log.segment.size.max = 67108864 (custom)
2025-10-22 08:25:51,452 [9d21e184-bccf-4583-95a7-0fe616dd3b4b-impl-thread1] INFO  util.AwaitToRun (AwaitToRun.java:start(81)) - Thread[#3233,9d21e184-bccf-4583-95a7-0fe616dd3b4b@group-80CFAE06F78A-cacheEviction-AwaitToRun,5,main] started
2025-10-22 08:25:51,452 [9d21e184-bccf-4583-95a7-0fe616dd3b4b-impl-thread1] INFO  segmented.SegmentedRaftLogWorker (SegmentedRaftLogWorker.java:<init>(190)) - new 9d21e184-bccf-4583-95a7-0fe616dd3b4b@group-80CFAE06F78A-SegmentedRaftLogWorker for RaftStorageImpl:Storage Directory /home/runner/work/ozone/ozone/hadoop-ozone/integration-test/target/test-dir/MiniOzoneClusterImpl-a412b9f6-7d8b-4de3-a85c-9946bceaa3a0/ozone-metadata/datanode-9/ratis/8aa17952-bc55-4375-bee5-80cfae06f78a
2025-10-22 08:25:51,453 [9d21e184-bccf-4583-95a7-0fe616dd3b4b-impl-thread1] INFO  server.RaftServerConfigKeys (ConfUtils.java:logGet(62)) - raft.server.log.queue.byte-limit = 4294967296 (custom)
2025-10-22 08:25:51,453 [9d21e184-bccf-4583-95a7-0fe616dd3b4b-impl-thread1] INFO  server.RaftServerConfigKeys (ConfUtils.java:logGet(62)) - raft.server.log.segment.size.max = 67108864 (custom)
2025-10-22 08:25:51,453 [9d21e184-bccf-4583-95a7-0fe616dd3b4b-impl-thread1] INFO  server.RaftServerConfigKeys (ConfUtils.java:logGet(62)) - raft.server.log.preallocated.size = 4194304 (custom)
2025-10-22 08:25:51,455 [9d21e184-bccf-4583-95a7-0fe616dd3b4b-impl-thread3] INFO  server.RaftServerConfigKeys (ConfUtils.java:logGet(62)) - raft.server.log.appender.buffer.byte-limit = 33554432 (custom)
2025-10-22 08:25:51,455 [9d21e184-bccf-4583-95a7-0fe616dd3b4b-impl-thread1] INFO  server.RaftServerConfigKeys (ConfUtils.java:logGet(62)) - raft.server.log.write.buffer.size = 33554440 (custom)
2025-10-22 08:25:51,455 [9d21e184-bccf-4583-95a7-0fe616dd3b4b-impl-thread3] INFO  util.AwaitToRun (AwaitToRun.java:start(81)) - Thread[#3234,9d21e184-bccf-4583-95a7-0fe616dd3b4b@group-45121E95117A-cacheEviction-AwaitToRun,5,main] started
2025-10-22 08:25:51,456 [9d21e184-bccf-4583-95a7-0fe616dd3b4b-impl-thread3] INFO  segmented.SegmentedRaftLogWorker (SegmentedRaftLogWorker.java:<init>(190)) - new 9d21e184-bccf-4583-95a7-0fe616dd3b4b@group-45121E95117A-SegmentedRaftLogWorker for RaftStorageImpl:Storage Directory /home/runner/work/ozone/ozone/hadoop-ozone/integration-test/target/test-dir/MiniOzoneClusterImpl-a412b9f6-7d8b-4de3-a85c-9946bceaa3a0/ozone-metadata/datanode-9/ratis/967bd5c3-d4b6-4c7a-afa3-45121e95117a
2025-10-22 08:25:51,456 [9d21e184-bccf-4583-95a7-0fe616dd3b4b-impl-thread2] INFO  server.RaftServerConfigKeys (ConfUtils.java:logGet(62)) - raft.server.log.segment.size.max = 67108864 (custom)
2025-10-22 08:25:51,456 [9d21e184-bccf-4583-95a7-0fe616dd3b4b-impl-thread3] INFO  server.RaftServerConfigKeys (ConfUtils.java:logGet(62)) - raft.server.log.queue.byte-limit = 4294967296 (custom)
2025-10-22 08:25:51,456 [9d21e184-bccf-4583-95a7-0fe616dd3b4b-impl-thread3] INFO  server.RaftServerConfigKeys (ConfUtils.java:logGet(62)) - raft.server.log.segment.size.max = 67108864 (custom)
2025-10-22 08:25:51,456 [9d21e184-bccf-4583-95a7-0fe616dd3b4b-impl-thread3] INFO  server.RaftServerConfigKeys (ConfUtils.java:logGet(62)) - raft.server.log.preallocated.size = 4194304 (custom)
2025-10-22 08:25:51,456 [9d21e184-bccf-4583-95a7-0fe616dd3b4b-impl-thread2] INFO  server.RaftServerConfigKeys (ConfUtils.java:logGet(62)) - raft.server.log.appender.buffer.byte-limit = 33554432 (custom)
2025-10-22 08:25:51,456 [9d21e184-bccf-4583-95a7-0fe616dd3b4b-impl-thread3] INFO  server.RaftServerConfigKeys (ConfUtils.java:logGet(62)) - raft.server.log.write.buffer.size = 33554440 (custom)
2025-10-22 08:25:51,457 [9d21e184-bccf-4583-95a7-0fe616dd3b4b-impl-thread2] INFO  util.AwaitToRun (AwaitToRun.java:start(81)) - Thread[#3235,9d21e184-bccf-4583-95a7-0fe616dd3b4b@group-E8ADAFC04A7A-cacheEviction-AwaitToRun,5,main] started
2025-10-22 08:25:51,458 [9d21e184-bccf-4583-95a7-0fe616dd3b4b-impl-thread2] INFO  segmented.SegmentedRaftLogWorker (SegmentedRaftLogWorker.java:<init>(190)) - new 9d21e184-bccf-4583-95a7-0fe616dd3b4b@group-E8ADAFC04A7A-SegmentedRaftLogWorker for RaftStorageImpl:Storage Directory /home/runner/work/ozone/ozone/hadoop-ozone/integration-test/target/test-dir/MiniOzoneClusterImpl-a412b9f6-7d8b-4de3-a85c-9946bceaa3a0/ozone-metadata/datanode-9/ratis/daae6601-de49-4157-b371-e8adafc04a7a
2025-10-22 08:25:51,458 [9d21e184-bccf-4583-95a7-0fe616dd3b4b-impl-thread2] INFO  server.RaftServerConfigKeys (ConfUtils.java:logGet(62)) - raft.server.log.queue.byte-limit = 4294967296 (custom)
2025-10-22 08:25:51,458 [9d21e184-bccf-4583-95a7-0fe616dd3b4b-impl-thread2] INFO  server.RaftServerConfigKeys (ConfUtils.java:logGet(62)) - raft.server.log.segment.size.max = 67108864 (custom)
2025-10-22 08:25:51,458 [9d21e184-bccf-4583-95a7-0fe616dd3b4b-impl-thread2] INFO  server.RaftServerConfigKeys (ConfUtils.java:logGet(62)) - raft.server.log.preallocated.size = 4194304 (custom)
2025-10-22 08:25:51,458 [9d21e184-bccf-4583-95a7-0fe616dd3b4b-impl-thread2] INFO  server.RaftServerConfigKeys (ConfUtils.java:logGet(62)) - raft.server.log.write.buffer.size = 33554440 (custom)
2025-10-22 08:25:51,462 [9d21e184-bccf-4583-95a7-0fe616dd3b4b-impl-thread3] INFO  server.RaftServerConfigKeys (ConfUtils.java:logGet(62)) - raft.server.log.appender.buffer.byte-limit = 33554432 (custom)
2025-10-22 08:25:51,462 [9d21e184-bccf-4583-95a7-0fe616dd3b4b-impl-thread1] INFO  server.RaftServerConfigKeys (ConfUtils.java:logGet(62)) - raft.server.log.appender.buffer.byte-limit = 33554432 (custom)
2025-10-22 08:25:51,462 [9d21e184-bccf-4583-95a7-0fe616dd3b4b-impl-thread3] INFO  server.RaftServer$Division (ServerState.java:setRaftConf(386)) - 9d21e184-bccf-4583-95a7-0fe616dd3b4b@group-45121E95117A: set configuration conf: {index: 0, cur=peers:[9d21e184-bccf-4583-95a7-0fe616dd3b4b|127.0.0.1:15079, 8aba082c-257b-43e3-ba61-5d436c5b38fa|127.0.0.1:15063, 0cab5a7d-6f40-474c-9abd-0651cf30726e|127.0.0.1:15071]|listeners:[], old=null}
2025-10-22 08:25:51,462 [9d21e184-bccf-4583-95a7-0fe616dd3b4b-impl-thread1] INFO  server.RaftServer$Division (ServerState.java:setRaftConf(386)) - 9d21e184-bccf-4583-95a7-0fe616dd3b4b@group-80CFAE06F78A: set configuration conf: {index: 0, cur=peers:[9d21e184-bccf-4583-95a7-0fe616dd3b4b|127.0.0.1:15079]|listeners:[], old=null}
2025-10-22 08:25:51,463 [9d21e184-bccf-4583-95a7-0fe616dd3b4b-impl-thread1] INFO  segmented.LogSegment (LogSegment.java:loadSegment(171)) - Successfully read 1 entries from segment file /home/runner/work/ozone/ozone/hadoop-ozone/integration-test/target/test-dir/MiniOzoneClusterImpl-a412b9f6-7d8b-4de3-a85c-9946bceaa3a0/ozone-metadata/datanode-9/ratis/8aa17952-bc55-4375-bee5-80cfae06f78a/current/log_inprogress_0
2025-10-22 08:25:51,463 [9d21e184-bccf-4583-95a7-0fe616dd3b4b-impl-thread1] INFO  segmented.SegmentedRaftLogWorker (SegmentedRaftLogWorker.java:lambda$new$0(141)) - 9d21e184-bccf-4583-95a7-0fe616dd3b4b@group-80CFAE06F78A-SegmentedRaftLogWorker: safeCacheEvictIndex: setUnconditionally 0 -> -1
2025-10-22 08:25:51,463 [9d21e184-bccf-4583-95a7-0fe616dd3b4b-impl-thread1] INFO  segmented.BufferedWriteChannel (BufferedWriteChannel.java:open(61)) - open log_inprogress_0 (append) at position 129
2025-10-22 08:25:51,463 [9d21e184-bccf-4583-95a7-0fe616dd3b4b-impl-thread3] INFO  segmented.LogSegment (LogSegment.java:loadSegment(171)) - Successfully read 8 entries from segment file /home/runner/work/ozone/ozone/hadoop-ozone/integration-test/target/test-dir/MiniOzoneClusterImpl-a412b9f6-7d8b-4de3-a85c-9946bceaa3a0/ozone-metadata/datanode-9/ratis/967bd5c3-d4b6-4c7a-afa3-45121e95117a/current/log_inprogress_0
2025-10-22 08:25:51,463 [9d21e184-bccf-4583-95a7-0fe616dd3b4b-impl-thread3] INFO  segmented.SegmentedRaftLogWorker (SegmentedRaftLogWorker.java:lambda$new$0(141)) - 9d21e184-bccf-4583-95a7-0fe616dd3b4b@group-45121E95117A-SegmentedRaftLogWorker: flushIndex: setUnconditionally 0 -> 7
2025-10-22 08:25:51,463 [9d21e184-bccf-4583-95a7-0fe616dd3b4b-impl-thread3] INFO  segmented.SegmentedRaftLogWorker (SegmentedRaftLogWorker.java:lambda$new$0(141)) - 9d21e184-bccf-4583-95a7-0fe616dd3b4b@group-45121E95117A-SegmentedRaftLogWorker: safeCacheEvictIndex: setUnconditionally 0 -> -1
2025-10-22 08:25:51,463 [9d21e184-bccf-4583-95a7-0fe616dd3b4b-impl-thread3] INFO  segmented.BufferedWriteChannel (BufferedWriteChannel.java:open(61)) - open log_inprogress_0 (append) at position 3158
2025-10-22 08:25:51,464 [9d21e184-bccf-4583-95a7-0fe616dd3b4b-impl-thread1] INFO  server.RaftServer$Division (RaftServerImpl.java:start(405)) - 9d21e184-bccf-4583-95a7-0fe616dd3b4b@group-80CFAE06F78A: start as a follower, conf=conf: {index: 0, cur=peers:[9d21e184-bccf-4583-95a7-0fe616dd3b4b|127.0.0.1:15079]|listeners:[], old=null}
2025-10-22 08:25:51,464 [9d21e184-bccf-4583-95a7-0fe616dd3b4b-impl-thread1] INFO  server.RaftServer$Division (RaftServerImpl.java:setRole(392)) - 9d21e184-bccf-4583-95a7-0fe616dd3b4b@group-80CFAE06F78A: changes role from      null to FOLLOWER at term 1 for startAsFollower
2025-10-22 08:25:51,464 [9d21e184-bccf-4583-95a7-0fe616dd3b4b-impl-thread1] INFO  impl.RoleInfo (RoleInfo.java:updateAndGet(148)) - 9d21e184-bccf-4583-95a7-0fe616dd3b4b: start 9d21e184-bccf-4583-95a7-0fe616dd3b4b@group-80CFAE06F78A-FollowerState
2025-10-22 08:25:51,464 [9d21e184-bccf-4583-95a7-0fe616dd3b4b-impl-thread3] INFO  server.RaftServer$Division (RaftServerImpl.java:start(405)) - 9d21e184-bccf-4583-95a7-0fe616dd3b4b@group-45121E95117A: start as a follower, conf=conf: {index: 0, cur=peers:[9d21e184-bccf-4583-95a7-0fe616dd3b4b|127.0.0.1:15079, 8aba082c-257b-43e3-ba61-5d436c5b38fa|127.0.0.1:15063, 0cab5a7d-6f40-474c-9abd-0651cf30726e|127.0.0.1:15071]|listeners:[], old=null}
2025-10-22 08:25:51,464 [9d21e184-bccf-4583-95a7-0fe616dd3b4b-impl-thread3] INFO  server.RaftServer$Division (RaftServerImpl.java:setRole(392)) - 9d21e184-bccf-4583-95a7-0fe616dd3b4b@group-45121E95117A: changes role from      null to FOLLOWER at term 1 for startAsFollower
2025-10-22 08:25:51,464 [9d21e184-bccf-4583-95a7-0fe616dd3b4b-impl-thread3] INFO  impl.RoleInfo (RoleInfo.java:updateAndGet(148)) - 9d21e184-bccf-4583-95a7-0fe616dd3b4b: start 9d21e184-bccf-4583-95a7-0fe616dd3b4b@group-45121E95117A-FollowerState
2025-10-22 08:25:51,467 [9d21e184-bccf-4583-95a7-0fe616dd3b4b-impl-thread2] INFO  server.RaftServerConfigKeys (ConfUtils.java:logGet(62)) - raft.server.log.appender.buffer.byte-limit = 33554432 (custom)
2025-10-22 08:25:51,467 [9d21e184-bccf-4583-95a7-0fe616dd3b4b-impl-thread1] INFO  util.JmxRegister (JmxRegister.java:tryRegister(44)) - Successfully registered JMX Bean with object name Ratis:service=RaftServer,group=group-80CFAE06F78A,id=9d21e184-bccf-4583-95a7-0fe616dd3b4b
2025-10-22 08:25:51,468 [9d21e184-bccf-4583-95a7-0fe616dd3b4b-impl-thread1] INFO  util.JmxRegister (JmxRegister.java:register(58)) - register mxBean class org.apache.ratis.server.impl.RaftServerJmxAdapter as Ratis:service=RaftServer,group=group-80CFAE06F78A,id=9d21e184-bccf-4583-95a7-0fe616dd3b4b
2025-10-22 08:25:51,468 [9d21e184-bccf-4583-95a7-0fe616dd3b4b-impl-thread2] INFO  server.RaftServer$Division (ServerState.java:setRaftConf(386)) - 9d21e184-bccf-4583-95a7-0fe616dd3b4b@group-E8ADAFC04A7A: set configuration conf: {index: 0, cur=peers:[9d21e184-bccf-4583-95a7-0fe616dd3b4b|127.0.0.1:15079, 8aba082c-257b-43e3-ba61-5d436c5b38fa|127.0.0.1:15063, 0cab5a7d-6f40-474c-9abd-0651cf30726e|127.0.0.1:15071]|listeners:[], old=null}
2025-10-22 08:25:51,468 [9d21e184-bccf-4583-95a7-0fe616dd3b4b-impl-thread3] INFO  util.JmxRegister (JmxRegister.java:tryRegister(44)) - Successfully registered JMX Bean with object name Ratis:service=RaftServer,group=group-45121E95117A,id=9d21e184-bccf-4583-95a7-0fe616dd3b4b
2025-10-22 08:25:51,468 [9d21e184-bccf-4583-95a7-0fe616dd3b4b-impl-thread3] INFO  util.JmxRegister (JmxRegister.java:register(58)) - register mxBean class org.apache.ratis.server.impl.RaftServerJmxAdapter as Ratis:service=RaftServer,group=group-45121E95117A,id=9d21e184-bccf-4583-95a7-0fe616dd3b4b
2025-10-22 08:25:51,468 [9d21e184-bccf-4583-95a7-0fe616dd3b4b-impl-thread2] INFO  segmented.LogSegment (LogSegment.java:loadSegment(171)) - Successfully read 7 entries from segment file /home/runner/work/ozone/ozone/hadoop-ozone/integration-test/target/test-dir/MiniOzoneClusterImpl-a412b9f6-7d8b-4de3-a85c-9946bceaa3a0/ozone-metadata/datanode-9/ratis/daae6601-de49-4157-b371-e8adafc04a7a/current/log_0-6
2025-10-22 08:25:51,469 [9d21e184-bccf-4583-95a7-0fe616dd3b4b-impl-thread2] INFO  server.RaftServer$Division (ServerState.java:setRaftConf(386)) - 9d21e184-bccf-4583-95a7-0fe616dd3b4b@group-E8ADAFC04A7A: set configuration conf: {index: 7, cur=peers:[9d21e184-bccf-4583-95a7-0fe616dd3b4b|127.0.0.1:15079, 8aba082c-257b-43e3-ba61-5d436c5b38fa|127.0.0.1:15063, 0cab5a7d-6f40-474c-9abd-0651cf30726e|127.0.0.1:15071]|listeners:[], old=null}
2025-10-22 08:25:51,469 [9d21e184-bccf-4583-95a7-0fe616dd3b4b-impl-thread2] INFO  segmented.LogSegment (LogSegment.java:loadSegment(171)) - Successfully read 2 entries from segment file /home/runner/work/ozone/ozone/hadoop-ozone/integration-test/target/test-dir/MiniOzoneClusterImpl-a412b9f6-7d8b-4de3-a85c-9946bceaa3a0/ozone-metadata/datanode-9/ratis/daae6601-de49-4157-b371-e8adafc04a7a/current/log_inprogress_7
2025-10-22 08:25:51,469 [9d21e184-bccf-4583-95a7-0fe616dd3b4b-impl-thread2] INFO  segmented.SegmentedRaftLogWorker (SegmentedRaftLogWorker.java:lambda$new$0(141)) - 9d21e184-bccf-4583-95a7-0fe616dd3b4b@group-E8ADAFC04A7A-SegmentedRaftLogWorker: flushIndex: setUnconditionally 0 -> 8
2025-10-22 08:25:51,469 [9d21e184-bccf-4583-95a7-0fe616dd3b4b-impl-thread2] INFO  segmented.SegmentedRaftLogWorker (SegmentedRaftLogWorker.java:lambda$new$0(141)) - 9d21e184-bccf-4583-95a7-0fe616dd3b4b@group-E8ADAFC04A7A-SegmentedRaftLogWorker: safeCacheEvictIndex: setUnconditionally 0 -> 6
2025-10-22 08:25:51,469 [9d21e184-bccf-4583-95a7-0fe616dd3b4b-impl-thread2] INFO  segmented.BufferedWriteChannel (BufferedWriteChannel.java:open(61)) - open log_inprogress_7 (append) at position 366
2025-10-22 08:25:51,469 [9d21e184-bccf-4583-95a7-0fe616dd3b4b-impl-thread3] INFO  server.RaftServer$Division (RaftServerImpl.java:start(419)) - 9d21e184-bccf-4583-95a7-0fe616dd3b4b@group-45121E95117A: Successfully started.
2025-10-22 08:25:51,470 [9d21e184-bccf-4583-95a7-0fe616dd3b4b-impl-thread2] INFO  server.RaftServer$Division (RaftServerImpl.java:start(405)) - 9d21e184-bccf-4583-95a7-0fe616dd3b4b@group-E8ADAFC04A7A: start as a follower, conf=conf: {index: 7, cur=peers:[9d21e184-bccf-4583-95a7-0fe616dd3b4b|127.0.0.1:15079, 8aba082c-257b-43e3-ba61-5d436c5b38fa|127.0.0.1:15063, 0cab5a7d-6f40-474c-9abd-0651cf30726e|127.0.0.1:15071]|listeners:[], old=null}
2025-10-22 08:25:51,470 [9d21e184-bccf-4583-95a7-0fe616dd3b4b-impl-thread2] INFO  server.RaftServer$Division (RaftServerImpl.java:setRole(392)) - 9d21e184-bccf-4583-95a7-0fe616dd3b4b@group-E8ADAFC04A7A: changes role from      null to FOLLOWER at term 2 for startAsFollower
2025-10-22 08:25:51,470 [9d21e184-bccf-4583-95a7-0fe616dd3b4b-impl-thread2] INFO  impl.RoleInfo (RoleInfo.java:updateAndGet(148)) - 9d21e184-bccf-4583-95a7-0fe616dd3b4b: start 9d21e184-bccf-4583-95a7-0fe616dd3b4b@group-E8ADAFC04A7A-FollowerState
2025-10-22 08:25:51,470 [9d21e184-bccf-4583-95a7-0fe616dd3b4b-impl-thread1] INFO  server.RaftServer$Division (RaftServerImpl.java:start(419)) - 9d21e184-bccf-4583-95a7-0fe616dd3b4b@group-80CFAE06F78A: Successfully started.
2025-10-22 08:25:51,470 [9d21e184-bccf-4583-95a7-0fe616dd3b4b-impl-thread2] INFO  util.JmxRegister (JmxRegister.java:tryRegister(44)) - Successfully registered JMX Bean with object name Ratis:service=RaftServer,group=group-E8ADAFC04A7A,id=9d21e184-bccf-4583-95a7-0fe616dd3b4b
2025-10-22 08:25:51,470 [9d21e184-bccf-4583-95a7-0fe616dd3b4b-impl-thread2] INFO  util.JmxRegister (JmxRegister.java:register(58)) - register mxBean class org.apache.ratis.server.impl.RaftServerJmxAdapter as Ratis:service=RaftServer,group=group-E8ADAFC04A7A,id=9d21e184-bccf-4583-95a7-0fe616dd3b4b
2025-10-22 08:25:51,471 [9d21e184-bccf-4583-95a7-0fe616dd3b4b-impl-thread2] INFO  server.RaftServer$Division (RaftServerImpl.java:start(419)) - 9d21e184-bccf-4583-95a7-0fe616dd3b4b@group-E8ADAFC04A7A: Successfully started.
2025-10-22 08:25:51,471 [9d21e184-bccf-4583-95a7-0fe616dd3b4b-EndpointStateMachineTaskThread-/0.0.0.0:15002-0 ] INFO  server.RaftServer (RaftServerProxy.java:startImpl(412)) - 9d21e184-bccf-4583-95a7-0fe616dd3b4b: start RPC server
2025-10-22 08:25:51,471 [9d21e184-bccf-4583-95a7-0fe616dd3b4b-EndpointStateMachineTaskThread-/0.0.0.0:15002-0 ] INFO  server.GrpcServicesImpl (GrpcServicesImpl.java:startImpl(346)) - 9d21e184-bccf-4583-95a7-0fe616dd3b4b: GrpcServicesImpl started, listening on 15077
2025-10-22 08:25:51,471 [9d21e184-bccf-4583-95a7-0fe616dd3b4b-EndpointStateMachineTaskThread-/0.0.0.0:15002-0 ] INFO  server.GrpcServicesImpl (GrpcServicesImpl.java:startImpl(346)) - 9d21e184-bccf-4583-95a7-0fe616dd3b4b: GrpcServicesImpl started, listening on 15079
2025-10-22 08:25:51,472 [9d21e184-bccf-4583-95a7-0fe616dd3b4b-EndpointStateMachineTaskThread-/0.0.0.0:15002-0 ] INFO  server.GrpcServicesImpl (GrpcServicesImpl.java:startImpl(346)) - 9d21e184-bccf-4583-95a7-0fe616dd3b4b: GrpcServicesImpl started, listening on 15078
2025-10-22 08:25:51,472 [9d21e184-bccf-4583-95a7-0fe616dd3b4b-EndpointStateMachineTaskThread-/0.0.0.0:15002-0 ] INFO  ratis.XceiverServerRatis (XceiverServerRatis.java:getRealPort(586)) - XceiverServerRatis(9d21e184-bccf-4583-95a7-0fe616dd3b4b) is started using port RATIS=15077
2025-10-22 08:25:51,472 [9d21e184-bccf-4583-95a7-0fe616dd3b4b-EndpointStateMachineTaskThread-/0.0.0.0:15002-0 ] INFO  ratis.XceiverServerRatis (XceiverServerRatis.java:getRealPort(586)) - XceiverServerRatis(9d21e184-bccf-4583-95a7-0fe616dd3b4b) is started using port RATIS_ADMIN=15078
2025-10-22 08:25:51,472 [JvmPauseMonitor18] INFO  util.JvmPauseMonitor (JvmPauseMonitor.java:run(146)) - JvmPauseMonitor-9d21e184-bccf-4583-95a7-0fe616dd3b4b: Started
2025-10-22 08:25:51,472 [9d21e184-bccf-4583-95a7-0fe616dd3b4b-EndpointStateMachineTaskThread-/0.0.0.0:15002-0 ] INFO  ratis.XceiverServerRatis (XceiverServerRatis.java:getRealPort(586)) - XceiverServerRatis(9d21e184-bccf-4583-95a7-0fe616dd3b4b) is started using port RATIS_SERVER=15079
2025-10-22 08:25:51,472 [9d21e184-bccf-4583-95a7-0fe616dd3b4b-EndpointStateMachineTaskThread-/0.0.0.0:15002-0 ] INFO  ratis.XceiverServerRatis (XceiverServerRatis.java:getRealPort(586)) - XceiverServerRatis(9d21e184-bccf-4583-95a7-0fe616dd3b4b) is started using port RATIS_DATASTREAM=15080
2025-10-22 08:25:51,473 [9d21e184-bccf-4583-95a7-0fe616dd3b4b-EndpointStateMachineTaskThread-/0.0.0.0:15002-0 ] INFO  utils.BackgroundService (BackgroundService.java:start(119)) - Starting service BlockDeletingService with interval 60000 milliseconds
2025-10-22 08:25:51,473 [9d21e184-bccf-4583-95a7-0fe616dd3b4b-EndpointStateMachineTaskThread-/0.0.0.0:15002-0 ] INFO  utils.BackgroundService (BackgroundService.java:start(119)) - Starting service StaleRecoveringContainerScrubbingService with interval 60000 milliseconds
2025-10-22 08:25:51,953 [8aba082c-257b-43e3-ba61-5d436c5b38fa@group-45121E95117A-FollowerState] INFO  impl.FollowerState (FollowerState.java:runImpl(161)) - 8aba082c-257b-43e3-ba61-5d436c5b38fa@group-45121E95117A-FollowerState: change to CANDIDATE, lastRpcElapsedTime:1181380377ns, electionTimeout:1181ms
2025-10-22 08:25:51,953 [8aba082c-257b-43e3-ba61-5d436c5b38fa@group-45121E95117A-FollowerState] INFO  impl.RoleInfo (RoleInfo.java:shutdownFollowerState(121)) - 8aba082c-257b-43e3-ba61-5d436c5b38fa: shutdown 8aba082c-257b-43e3-ba61-5d436c5b38fa@group-45121E95117A-FollowerState
2025-10-22 08:25:51,953 [8aba082c-257b-43e3-ba61-5d436c5b38fa@group-45121E95117A-FollowerState] INFO  server.RaftServer$Division (RaftServerImpl.java:setRole(392)) - 8aba082c-257b-43e3-ba61-5d436c5b38fa@group-45121E95117A: changes role from  FOLLOWER to CANDIDATE at term 1 for changeToCandidate
2025-10-22 08:25:51,953 [8aba082c-257b-43e3-ba61-5d436c5b38fa@group-45121E95117A-FollowerState] INFO  impl.RoleInfo (RoleInfo.java:updateAndGet(148)) - 8aba082c-257b-43e3-ba61-5d436c5b38fa: start 8aba082c-257b-43e3-ba61-5d436c5b38fa@group-45121E95117A-LeaderElection233
2025-10-22 08:25:51,953 [8aba082c-257b-43e3-ba61-5d436c5b38fa@group-45121E95117A-LeaderElection233] INFO  impl.LeaderElection (LeaderElection.java:askForVotes(448)) - 8aba082c-257b-43e3-ba61-5d436c5b38fa@group-45121E95117A-LeaderElection233 PRE_VOTE round 0: submit vote requests at term 1 for conf: {index: 0, cur=peers:[9d21e184-bccf-4583-95a7-0fe616dd3b4b|127.0.0.1:15079, 8aba082c-257b-43e3-ba61-5d436c5b38fa|127.0.0.1:15063, 0cab5a7d-6f40-474c-9abd-0651cf30726e|127.0.0.1:15071]|listeners:[], old=null}
2025-10-22 08:25:51,954 [8aba082c-257b-43e3-ba61-5d436c5b38fa@group-45121E95117A-LeaderElection233] INFO  impl.LeaderElection (LogUtils.java:infoOrTrace(142)) - 8aba082c-257b-43e3-ba61-5d436c5b38fa@group-45121E95117A-LeaderElection233 got exception when requesting votes: java.util.concurrent.ExecutionException: org.apache.ratis.thirdparty.io.grpc.StatusRuntimeException: UNAVAILABLE: io exception
2025-10-22 08:25:51,954 [8aba082c-257b-43e3-ba61-5d436c5b38fa@group-45121E95117A-LeaderElection233] INFO  impl.LeaderElection (LogUtils.java:infoOrTrace(142)) - 8aba082c-257b-43e3-ba61-5d436c5b38fa@group-45121E95117A-LeaderElection233 got exception when requesting votes: java.util.concurrent.ExecutionException: org.apache.ratis.thirdparty.io.grpc.StatusRuntimeException: UNAVAILABLE: io exception
2025-10-22 08:25:51,954 [8aba082c-257b-43e3-ba61-5d436c5b38fa@group-45121E95117A-LeaderElection233] INFO  impl.LeaderElection (LeaderElection.java:logAndReturn(206)) - 8aba082c-257b-43e3-ba61-5d436c5b38fa@group-45121E95117A-LeaderElection233: PRE_VOTE REJECTED received 0 response(s) and 2 exception(s):
2025-10-22 08:25:51,954 [8aba082c-257b-43e3-ba61-5d436c5b38fa@group-45121E95117A-LeaderElection233] INFO  impl.LeaderElection (LogUtils.java:infoOrTrace(142)) -   Exception 0: java.util.concurrent.ExecutionException: org.apache.ratis.thirdparty.io.grpc.StatusRuntimeException: UNAVAILABLE: io exception
2025-10-22 08:25:51,954 [8aba082c-257b-43e3-ba61-5d436c5b38fa@group-45121E95117A-LeaderElection233] INFO  impl.LeaderElection (LogUtils.java:infoOrTrace(142)) -   Exception 1: java.util.concurrent.ExecutionException: org.apache.ratis.thirdparty.io.grpc.StatusRuntimeException: UNAVAILABLE: io exception
2025-10-22 08:25:51,954 [8aba082c-257b-43e3-ba61-5d436c5b38fa@group-45121E95117A-LeaderElection233] INFO  impl.LeaderElection (LeaderElection.java:askForVotes(450)) - 8aba082c-257b-43e3-ba61-5d436c5b38fa@group-45121E95117A-LeaderElection233 PRE_VOTE round 0: result REJECTED
2025-10-22 08:25:51,954 [8aba082c-257b-43e3-ba61-5d436c5b38fa@group-45121E95117A-LeaderElection233] INFO  server.RaftServer$Division (RaftServerImpl.java:setRole(392)) - 8aba082c-257b-43e3-ba61-5d436c5b38fa@group-45121E95117A: changes role from CANDIDATE to FOLLOWER at term 1 for REJECTED
2025-10-22 08:25:51,954 [8aba082c-257b-43e3-ba61-5d436c5b38fa@group-45121E95117A-LeaderElection233] INFO  impl.RoleInfo (RoleInfo.java:shutdownLeaderElection(141)) - 8aba082c-257b-43e3-ba61-5d436c5b38fa: shutdown 8aba082c-257b-43e3-ba61-5d436c5b38fa@group-45121E95117A-LeaderElection233
2025-10-22 08:25:51,954 [8aba082c-257b-43e3-ba61-5d436c5b38fa@group-45121E95117A-LeaderElection233] INFO  impl.RoleInfo (RoleInfo.java:updateAndGet(148)) - 8aba082c-257b-43e3-ba61-5d436c5b38fa: start 8aba082c-257b-43e3-ba61-5d436c5b38fa@group-45121E95117A-FollowerState
2025-10-22 08:25:52,327 [0cab5a7d-6f40-474c-9abd-0651cf30726e@group-E8ADAFC04A7A-FollowerState] INFO  impl.FollowerState (FollowerState.java:runImpl(161)) - 0cab5a7d-6f40-474c-9abd-0651cf30726e@group-E8ADAFC04A7A-FollowerState: change to CANDIDATE, lastRpcElapsedTime:1090523100ns, electionTimeout:1090ms
2025-10-22 08:25:52,327 [0cab5a7d-6f40-474c-9abd-0651cf30726e@group-E8ADAFC04A7A-FollowerState] INFO  impl.RoleInfo (RoleInfo.java:shutdownFollowerState(121)) - 0cab5a7d-6f40-474c-9abd-0651cf30726e: shutdown 0cab5a7d-6f40-474c-9abd-0651cf30726e@group-E8ADAFC04A7A-FollowerState
2025-10-22 08:25:52,327 [0cab5a7d-6f40-474c-9abd-0651cf30726e@group-E8ADAFC04A7A-FollowerState] INFO  server.RaftServer$Division (RaftServerImpl.java:setRole(392)) - 0cab5a7d-6f40-474c-9abd-0651cf30726e@group-E8ADAFC04A7A: changes role from  FOLLOWER to CANDIDATE at term 1 for changeToCandidate
2025-10-22 08:25:52,327 [0cab5a7d-6f40-474c-9abd-0651cf30726e@group-E8ADAFC04A7A-FollowerState] INFO  impl.RoleInfo (RoleInfo.java:updateAndGet(148)) - 0cab5a7d-6f40-474c-9abd-0651cf30726e: start 0cab5a7d-6f40-474c-9abd-0651cf30726e@group-E8ADAFC04A7A-LeaderElection234
2025-10-22 08:25:52,328 [0cab5a7d-6f40-474c-9abd-0651cf30726e@group-E8ADAFC04A7A-LeaderElection234] INFO  impl.LeaderElection (LeaderElection.java:askForVotes(448)) - 0cab5a7d-6f40-474c-9abd-0651cf30726e@group-E8ADAFC04A7A-LeaderElection234 PRE_VOTE round 0: submit vote requests at term 1 for conf: {index: 0, cur=peers:[9d21e184-bccf-4583-95a7-0fe616dd3b4b|127.0.0.1:15079, 8aba082c-257b-43e3-ba61-5d436c5b38fa|127.0.0.1:15063, 0cab5a7d-6f40-474c-9abd-0651cf30726e|127.0.0.1:15071]|listeners:[], old=null}
2025-10-22 08:25:52,328 [0cab5a7d-6f40-474c-9abd-0651cf30726e@group-E8ADAFC04A7A-LeaderElection234-1] INFO  server.GrpcServerProtocolClient (GrpcServerProtocolClient.java:<init>(65)) - Build channel for 9d21e184-bccf-4583-95a7-0fe616dd3b4b|127.0.0.1:15079
2025-10-22 08:25:52,328 [0cab5a7d-6f40-474c-9abd-0651cf30726e@group-E8ADAFC04A7A-LeaderElection234-2] INFO  server.GrpcServerProtocolClient (GrpcServerProtocolClient.java:<init>(65)) - Build channel for 8aba082c-257b-43e3-ba61-5d436c5b38fa|127.0.0.1:15063
2025-10-22 08:25:52,331 [grpc-default-executor-8] INFO  server.RaftServer$Division (RaftServerImpl.java:requestVote(1421)) - 8aba082c-257b-43e3-ba61-5d436c5b38fa@group-E8ADAFC04A7A: receive requestVote(PRE_VOTE, 0cab5a7d-6f40-474c-9abd-0651cf30726e, group-E8ADAFC04A7A, 1, (t:1, i:6))
2025-10-22 08:25:52,331 [grpc-default-executor-5] INFO  server.RaftServer$Division (RaftServerImpl.java:requestVote(1421)) - 9d21e184-bccf-4583-95a7-0fe616dd3b4b@group-E8ADAFC04A7A: receive requestVote(PRE_VOTE, 0cab5a7d-6f40-474c-9abd-0651cf30726e, group-E8ADAFC04A7A, 1, (t:1, i:6))
2025-10-22 08:25:52,331 [grpc-default-executor-8] INFO  impl.VoteContext (VoteContext.java:log(49)) - 8aba082c-257b-43e3-ba61-5d436c5b38fa@group-E8ADAFC04A7A-FOLLOWER: reject PRE_VOTE from 0cab5a7d-6f40-474c-9abd-0651cf30726e: our last entry (t:2, i:8) > candidate's last entry (t:1, i:6)
2025-10-22 08:25:52,331 [grpc-default-executor-5] INFO  impl.VoteContext (VoteContext.java:log(49)) - 9d21e184-bccf-4583-95a7-0fe616dd3b4b@group-E8ADAFC04A7A-FOLLOWER: reject PRE_VOTE from 0cab5a7d-6f40-474c-9abd-0651cf30726e: our last entry (t:2, i:8) > candidate's last entry (t:1, i:6)
2025-10-22 08:25:52,332 [grpc-default-executor-5] INFO  server.RaftServer$Division (RaftServerImpl.java:requestVote(1455)) - 9d21e184-bccf-4583-95a7-0fe616dd3b4b@group-E8ADAFC04A7A replies to PRE_VOTE vote request: 0cab5a7d-6f40-474c-9abd-0651cf30726e<-9d21e184-bccf-4583-95a7-0fe616dd3b4b#0:FAIL-t2-last:(t:2, i:8). Peer's state: 9d21e184-bccf-4583-95a7-0fe616dd3b4b@group-E8ADAFC04A7A:t2, leader=null, voted=9d21e184-bccf-4583-95a7-0fe616dd3b4b, raftlog=Memoized:9d21e184-bccf-4583-95a7-0fe616dd3b4b@group-E8ADAFC04A7A-SegmentedRaftLog:OPENED:c8:last(t:2, i:8), conf=conf: {index: 7, cur=peers:[9d21e184-bccf-4583-95a7-0fe616dd3b4b|127.0.0.1:15079, 8aba082c-257b-43e3-ba61-5d436c5b38fa|127.0.0.1:15063, 0cab5a7d-6f40-474c-9abd-0651cf30726e|127.0.0.1:15071]|listeners:[], old=null}
2025-10-22 08:25:52,332 [grpc-default-executor-8] INFO  server.RaftServer$Division (RaftServerImpl.java:requestVote(1455)) - 8aba082c-257b-43e3-ba61-5d436c5b38fa@group-E8ADAFC04A7A replies to PRE_VOTE vote request: 0cab5a7d-6f40-474c-9abd-0651cf30726e<-8aba082c-257b-43e3-ba61-5d436c5b38fa#0:FAIL-t2-last:(t:2, i:8). Peer's state: 8aba082c-257b-43e3-ba61-5d436c5b38fa@group-E8ADAFC04A7A:t2, leader=null, voted=9d21e184-bccf-4583-95a7-0fe616dd3b4b, raftlog=Memoized:8aba082c-257b-43e3-ba61-5d436c5b38fa@group-E8ADAFC04A7A-SegmentedRaftLog:OPENED:c8:last(t:2, i:8), conf=conf: {index: 7, cur=peers:[9d21e184-bccf-4583-95a7-0fe616dd3b4b|127.0.0.1:15079, 8aba082c-257b-43e3-ba61-5d436c5b38fa|127.0.0.1:15063, 0cab5a7d-6f40-474c-9abd-0651cf30726e|127.0.0.1:15071]|listeners:[], old=null}
2025-10-22 08:25:52,332 [0cab5a7d-6f40-474c-9abd-0651cf30726e@group-E8ADAFC04A7A-LeaderElection234] INFO  impl.LeaderElection (LeaderElection.java:logAndReturn(206)) - 0cab5a7d-6f40-474c-9abd-0651cf30726e@group-E8ADAFC04A7A-LeaderElection234: PRE_VOTE DISCOVERED_A_NEW_TERM (term=2) received 1 response(s) and 0 exception(s):
2025-10-22 08:25:52,332 [0cab5a7d-6f40-474c-9abd-0651cf30726e@group-E8ADAFC04A7A-LeaderElection234] INFO  impl.LeaderElection (LeaderElection.java:logAndReturn(210)) -   Response 0: 0cab5a7d-6f40-474c-9abd-0651cf30726e<-8aba082c-257b-43e3-ba61-5d436c5b38fa#0:FAIL-t2-last:(t:2, i:8)
2025-10-22 08:25:52,332 [0cab5a7d-6f40-474c-9abd-0651cf30726e@group-E8ADAFC04A7A-LeaderElection234] INFO  impl.LeaderElection (LeaderElection.java:askForVotes(450)) - 0cab5a7d-6f40-474c-9abd-0651cf30726e@group-E8ADAFC04A7A-LeaderElection234 PRE_VOTE round 0: result DISCOVERED_A_NEW_TERM (term=2)
2025-10-22 08:25:52,332 [0cab5a7d-6f40-474c-9abd-0651cf30726e@group-E8ADAFC04A7A-LeaderElection234] INFO  server.RaftServer$Division (RaftServerImpl.java:setRole(392)) - 0cab5a7d-6f40-474c-9abd-0651cf30726e@group-E8ADAFC04A7A: changes role from CANDIDATE to FOLLOWER at term 1 for DISCOVERED_A_NEW_TERM (term=2)
2025-10-22 08:25:52,332 [0cab5a7d-6f40-474c-9abd-0651cf30726e@group-E8ADAFC04A7A-LeaderElection234] INFO  impl.RoleInfo (RoleInfo.java:shutdownLeaderElection(141)) - 0cab5a7d-6f40-474c-9abd-0651cf30726e: shutdown 0cab5a7d-6f40-474c-9abd-0651cf30726e@group-E8ADAFC04A7A-LeaderElection234
2025-10-22 08:25:52,332 [0cab5a7d-6f40-474c-9abd-0651cf30726e@group-E8ADAFC04A7A-LeaderElection234] INFO  impl.RoleInfo (RoleInfo.java:updateAndGet(148)) - 0cab5a7d-6f40-474c-9abd-0651cf30726e: start 0cab5a7d-6f40-474c-9abd-0651cf30726e@group-E8ADAFC04A7A-FollowerState
2025-10-22 08:25:52,333 [0cab5a7d-6f40-474c-9abd-0651cf30726e@group-E8ADAFC04A7A-LeaderElection234] INFO  server.RaftServer$Division (RaftServerImpl.java:setFirstElection(576)) - 0cab5a7d-6f40-474c-9abd-0651cf30726e@group-E8ADAFC04A7A: set firstElectionSinceStartup to false for DISCOVERED_A_NEW_TERM (term=2)
2025-10-22 08:25:52,402 [0cab5a7d-6f40-474c-9abd-0651cf30726e@group-EE76401C21D3-FollowerState] INFO  impl.FollowerState (FollowerState.java:runImpl(161)) - 0cab5a7d-6f40-474c-9abd-0651cf30726e@group-EE76401C21D3-FollowerState: change to CANDIDATE, lastRpcElapsedTime:1166504128ns, electionTimeout:1166ms
2025-10-22 08:25:52,402 [0cab5a7d-6f40-474c-9abd-0651cf30726e@group-EE76401C21D3-FollowerState] INFO  impl.RoleInfo (RoleInfo.java:shutdownFollowerState(121)) - 0cab5a7d-6f40-474c-9abd-0651cf30726e: shutdown 0cab5a7d-6f40-474c-9abd-0651cf30726e@group-EE76401C21D3-FollowerState
2025-10-22 08:25:52,402 [0cab5a7d-6f40-474c-9abd-0651cf30726e@group-EE76401C21D3-FollowerState] INFO  server.RaftServer$Division (RaftServerImpl.java:setRole(392)) - 0cab5a7d-6f40-474c-9abd-0651cf30726e@group-EE76401C21D3: changes role from  FOLLOWER to CANDIDATE at term 1 for changeToCandidate
2025-10-22 08:25:52,402 [0cab5a7d-6f40-474c-9abd-0651cf30726e@group-EE76401C21D3-FollowerState] INFO  impl.RoleInfo (RoleInfo.java:updateAndGet(148)) - 0cab5a7d-6f40-474c-9abd-0651cf30726e: start 0cab5a7d-6f40-474c-9abd-0651cf30726e@group-EE76401C21D3-LeaderElection235
2025-10-22 08:25:52,402 [0cab5a7d-6f40-474c-9abd-0651cf30726e@group-EE76401C21D3-LeaderElection235] INFO  impl.LeaderElection (LeaderElection.java:askForVotes(448)) - 0cab5a7d-6f40-474c-9abd-0651cf30726e@group-EE76401C21D3-LeaderElection235 PRE_VOTE round 0: submit vote requests at term 1 for conf: {index: 0, cur=peers:[0cab5a7d-6f40-474c-9abd-0651cf30726e|127.0.0.1:15071]|listeners:[], old=null}
2025-10-22 08:25:52,403 [0cab5a7d-6f40-474c-9abd-0651cf30726e@group-EE76401C21D3-LeaderElection235] INFO  impl.LeaderElection (LeaderElection.java:askForVotes(450)) - 0cab5a7d-6f40-474c-9abd-0651cf30726e@group-EE76401C21D3-LeaderElection235 PRE_VOTE round 0: result PASSED (term=1)
2025-10-22 08:25:52,404 [0cab5a7d-6f40-474c-9abd-0651cf30726e@group-EE76401C21D3-LeaderElection235] INFO  impl.LeaderElection (LeaderElection.java:askForVotes(448)) - 0cab5a7d-6f40-474c-9abd-0651cf30726e@group-EE76401C21D3-LeaderElection235 ELECTION round 0: submit vote requests at term 2 for conf: {index: 0, cur=peers:[0cab5a7d-6f40-474c-9abd-0651cf30726e|127.0.0.1:15071]|listeners:[], old=null}
2025-10-22 08:25:52,404 [0cab5a7d-6f40-474c-9abd-0651cf30726e@group-EE76401C21D3-LeaderElection235] INFO  impl.LeaderElection (LeaderElection.java:askForVotes(450)) - 0cab5a7d-6f40-474c-9abd-0651cf30726e@group-EE76401C21D3-LeaderElection235 ELECTION round 0: result PASSED (term=2)
2025-10-22 08:25:52,404 [0cab5a7d-6f40-474c-9abd-0651cf30726e@group-EE76401C21D3-LeaderElection235] INFO  impl.RoleInfo (RoleInfo.java:shutdownLeaderElection(141)) - 0cab5a7d-6f40-474c-9abd-0651cf30726e: shutdown 0cab5a7d-6f40-474c-9abd-0651cf30726e@group-EE76401C21D3-LeaderElection235
2025-10-22 08:25:52,404 [0cab5a7d-6f40-474c-9abd-0651cf30726e@group-EE76401C21D3-LeaderElection235] INFO  server.RaftServer$Division (RaftServerImpl.java:setRole(392)) - 0cab5a7d-6f40-474c-9abd-0651cf30726e@group-EE76401C21D3: changes role from CANDIDATE to LEADER at term 2 for changeToLeader
2025-10-22 08:25:52,404 [0cab5a7d-6f40-474c-9abd-0651cf30726e@group-EE76401C21D3-LeaderElection235] INFO  server.RaftServerConfigKeys (ConfUtils.java:logFallback(69)) - raft.server.staging.timeout = 3600ms (fallback to raft.server.rpc.timeout.max)
2025-10-22 08:25:52,404 [0cab5a7d-6f40-474c-9abd-0651cf30726e@group-EE76401C21D3-LeaderElection235] INFO  server.RaftServerConfigKeys (ConfUtils.java:logGet(62)) - raft.server.write.byte-limit = 1024 M (=1073741824) (custom)
2025-10-22 08:25:52,405 [0cab5a7d-6f40-474c-9abd-0651cf30726e@group-EE76401C21D3-LeaderElection235] INFO  impl.RoleInfo (RoleInfo.java:updateAndGet(148)) - 0cab5a7d-6f40-474c-9abd-0651cf30726e: start 0cab5a7d-6f40-474c-9abd-0651cf30726e@group-EE76401C21D3-LeaderStateImpl
2025-10-22 08:25:52,405 [0cab5a7d-6f40-474c-9abd-0651cf30726e@group-EE76401C21D3-LeaderElection235] INFO  server.RaftServer$Division (RaftServerImpl.java:setFirstElection(576)) - 0cab5a7d-6f40-474c-9abd-0651cf30726e@group-EE76401C21D3: set firstElectionSinceStartup to false for becomeLeader
2025-10-22 08:25:52,405 [0cab5a7d-6f40-474c-9abd-0651cf30726e@group-EE76401C21D3-LeaderElection235] INFO  ratis.XceiverServerRatis (XceiverServerRatis.java:handleLeaderChangedNotification(940)) - Leader change notification received for group: group-EE76401C21D3 with new leaderId: 0cab5a7d-6f40-474c-9abd-0651cf30726e
2025-10-22 08:25:52,405 [0cab5a7d-6f40-474c-9abd-0651cf30726e@group-EE76401C21D3-LeaderElection235] INFO  server.RaftServer$Division (ServerState.java:setLeader(272)) - 0cab5a7d-6f40-474c-9abd-0651cf30726e@group-EE76401C21D3: change Leader from null to 0cab5a7d-6f40-474c-9abd-0651cf30726e at term 2 for becomeLeader, leader elected after 1900ms
2025-10-22 08:25:52,405 [0cab5a7d-6f40-474c-9abd-0651cf30726e@group-EE76401C21D3-LeaderElection235] INFO  segmented.SegmentedRaftLogWorker (SegmentedRaftLogWorker.java:rollLogSegment(445)) - 0cab5a7d-6f40-474c-9abd-0651cf30726e@group-EE76401C21D3-SegmentedRaftLogWorker: Rolling segment log-0_0 to index:0
2025-10-22 08:25:52,406 [0cab5a7d-6f40-474c-9abd-0651cf30726e@group-EE76401C21D3-LeaderElection235] INFO  server.RaftServer$Division (ServerState.java:setRaftConf(386)) - 0cab5a7d-6f40-474c-9abd-0651cf30726e@group-EE76401C21D3: set configuration conf: {index: 1, cur=peers:[0cab5a7d-6f40-474c-9abd-0651cf30726e|127.0.0.1:15071]|listeners:[], old=null}
2025-10-22 08:25:52,406 [0cab5a7d-6f40-474c-9abd-0651cf30726e@group-EE76401C21D3-SegmentedRaftLogWorker] INFO  segmented.SegmentedRaftLogWorker (SegmentedRaftLogWorker.java:execute(604)) - 0cab5a7d-6f40-474c-9abd-0651cf30726e@group-EE76401C21D3-SegmentedRaftLogWorker: Rolled log segment from /home/runner/work/ozone/ozone/hadoop-ozone/integration-test/target/test-dir/MiniOzoneClusterImpl-a412b9f6-7d8b-4de3-a85c-9946bceaa3a0/ozone-metadata/datanode-8/ratis/f4bcb322-ee1f-41bd-9c2f-ee76401c21d3/current/log_inprogress_0 to /home/runner/work/ozone/ozone/hadoop-ozone/integration-test/target/test-dir/MiniOzoneClusterImpl-a412b9f6-7d8b-4de3-a85c-9946bceaa3a0/ozone-metadata/datanode-8/ratis/f4bcb322-ee1f-41bd-9c2f-ee76401c21d3/current/log_0-0
2025-10-22 08:25:52,406 [0cab5a7d-6f40-474c-9abd-0651cf30726e@group-EE76401C21D3-SegmentedRaftLogWorker] INFO  segmented.BufferedWriteChannel (BufferedWriteChannel.java:open(61)) - open log_inprogress_1 at position 0
2025-10-22 08:25:52,412 [0cab5a7d-6f40-474c-9abd-0651cf30726e@group-EE76401C21D3-SegmentedRaftLogWorker] INFO  segmented.SegmentedRaftLogWorker (SegmentedRaftLogWorker.java:execute(647)) - 0cab5a7d-6f40-474c-9abd-0651cf30726e@group-EE76401C21D3-SegmentedRaftLogWorker: created new log segment /home/runner/work/ozone/ozone/hadoop-ozone/integration-test/target/test-dir/MiniOzoneClusterImpl-a412b9f6-7d8b-4de3-a85c-9946bceaa3a0/ozone-metadata/datanode-8/ratis/f4bcb322-ee1f-41bd-9c2f-ee76401c21d3/current/log_inprogress_1
2025-10-22 08:25:52,413 [0cab5a7d-6f40-474c-9abd-0651cf30726e@group-EE76401C21D3-StateMachineUpdater] INFO  server.RaftServer$Division (LeaderStateImpl.java:checkStartIndex(309)) - Leader 0cab5a7d-6f40-474c-9abd-0651cf30726e@group-EE76401C21D3-LeaderStateImpl is ready since appliedIndex == startIndex == 1
2025-10-22 08:25:52,427 [0cab5a7d-6f40-474c-9abd-0651cf30726e@group-45121E95117A-FollowerState] INFO  impl.FollowerState (FollowerState.java:runImpl(161)) - 0cab5a7d-6f40-474c-9abd-0651cf30726e@group-45121E95117A-FollowerState: change to CANDIDATE, lastRpcElapsedTime:1191421672ns, electionTimeout:1191ms
2025-10-22 08:25:52,427 [0cab5a7d-6f40-474c-9abd-0651cf30726e@group-45121E95117A-FollowerState] INFO  impl.RoleInfo (RoleInfo.java:shutdownFollowerState(121)) - 0cab5a7d-6f40-474c-9abd-0651cf30726e: shutdown 0cab5a7d-6f40-474c-9abd-0651cf30726e@group-45121E95117A-FollowerState
2025-10-22 08:25:52,427 [0cab5a7d-6f40-474c-9abd-0651cf30726e@group-45121E95117A-FollowerState] INFO  server.RaftServer$Division (RaftServerImpl.java:setRole(392)) - 0cab5a7d-6f40-474c-9abd-0651cf30726e@group-45121E95117A: changes role from  FOLLOWER to CANDIDATE at term 1 for changeToCandidate
2025-10-22 08:25:52,428 [0cab5a7d-6f40-474c-9abd-0651cf30726e@group-45121E95117A-FollowerState] INFO  impl.RoleInfo (RoleInfo.java:updateAndGet(148)) - 0cab5a7d-6f40-474c-9abd-0651cf30726e: start 0cab5a7d-6f40-474c-9abd-0651cf30726e@group-45121E95117A-LeaderElection236
2025-10-22 08:25:52,428 [0cab5a7d-6f40-474c-9abd-0651cf30726e@group-45121E95117A-LeaderElection236] INFO  impl.LeaderElection (LeaderElection.java:askForVotes(448)) - 0cab5a7d-6f40-474c-9abd-0651cf30726e@group-45121E95117A-LeaderElection236 PRE_VOTE round 0: submit vote requests at term 1 for conf: {index: 0, cur=peers:[9d21e184-bccf-4583-95a7-0fe616dd3b4b|127.0.0.1:15079, 8aba082c-257b-43e3-ba61-5d436c5b38fa|127.0.0.1:15063, 0cab5a7d-6f40-474c-9abd-0651cf30726e|127.0.0.1:15071]|listeners:[], old=null}
2025-10-22 08:25:52,429 [grpc-default-executor-8] INFO  server.RaftServer$Division (RaftServerImpl.java:requestVote(1421)) - 9d21e184-bccf-4583-95a7-0fe616dd3b4b@group-45121E95117A: receive requestVote(PRE_VOTE, 0cab5a7d-6f40-474c-9abd-0651cf30726e, group-45121E95117A, 1, (t:1, i:7))
2025-10-22 08:25:52,429 [grpc-default-executor-5] INFO  server.RaftServer$Division (RaftServerImpl.java:requestVote(1421)) - 8aba082c-257b-43e3-ba61-5d436c5b38fa@group-45121E95117A: receive requestVote(PRE_VOTE, 0cab5a7d-6f40-474c-9abd-0651cf30726e, group-45121E95117A, 1, (t:1, i:7))
2025-10-22 08:25:52,429 [grpc-default-executor-8] INFO  impl.VoteContext (VoteContext.java:log(49)) - 9d21e184-bccf-4583-95a7-0fe616dd3b4b@group-45121E95117A-FOLLOWER: accept PRE_VOTE from 0cab5a7d-6f40-474c-9abd-0651cf30726e: our priority 0 <= candidate's priority 0
2025-10-22 08:25:52,429 [grpc-default-executor-5] INFO  impl.VoteContext (VoteContext.java:log(49)) - 8aba082c-257b-43e3-ba61-5d436c5b38fa@group-45121E95117A-FOLLOWER: reject PRE_VOTE from 0cab5a7d-6f40-474c-9abd-0651cf30726e: our priority 1 > candidate's priority 0
2025-10-22 08:25:52,429 [grpc-default-executor-8] INFO  server.RaftServer$Division (RaftServerImpl.java:requestVote(1455)) - 9d21e184-bccf-4583-95a7-0fe616dd3b4b@group-45121E95117A replies to PRE_VOTE vote request: 0cab5a7d-6f40-474c-9abd-0651cf30726e<-9d21e184-bccf-4583-95a7-0fe616dd3b4b#0:OK-t1-last:(t:1, i:7). Peer's state: 9d21e184-bccf-4583-95a7-0fe616dd3b4b@group-45121E95117A:t1, leader=null, voted=8aba082c-257b-43e3-ba61-5d436c5b38fa, raftlog=Memoized:9d21e184-bccf-4583-95a7-0fe616dd3b4b@group-45121E95117A-SegmentedRaftLog:OPENED:c7:last(t:1, i:7), conf=conf: {index: 0, cur=peers:[9d21e184-bccf-4583-95a7-0fe616dd3b4b|127.0.0.1:15079, 8aba082c-257b-43e3-ba61-5d436c5b38fa|127.0.0.1:15063, 0cab5a7d-6f40-474c-9abd-0651cf30726e|127.0.0.1:15071]|listeners:[], old=null}
2025-10-22 08:25:52,429 [grpc-default-executor-5] INFO  server.RaftServer$Division (RaftServerImpl.java:requestVote(1455)) - 8aba082c-257b-43e3-ba61-5d436c5b38fa@group-45121E95117A replies to PRE_VOTE vote request: 0cab5a7d-6f40-474c-9abd-0651cf30726e<-8aba082c-257b-43e3-ba61-5d436c5b38fa#0:FAIL-t1-last:(t:1, i:7). Peer's state: 8aba082c-257b-43e3-ba61-5d436c5b38fa@group-45121E95117A:t1, leader=null, voted=8aba082c-257b-43e3-ba61-5d436c5b38fa, raftlog=Memoized:8aba082c-257b-43e3-ba61-5d436c5b38fa@group-45121E95117A-SegmentedRaftLog:OPENED:c7:last(t:1, i:7), conf=conf: {index: 0, cur=peers:[9d21e184-bccf-4583-95a7-0fe616dd3b4b|127.0.0.1:15079, 8aba082c-257b-43e3-ba61-5d436c5b38fa|127.0.0.1:15063, 0cab5a7d-6f40-474c-9abd-0651cf30726e|127.0.0.1:15071]|listeners:[], old=null}
2025-10-22 08:25:52,430 [0cab5a7d-6f40-474c-9abd-0651cf30726e@group-45121E95117A-LeaderElection236] INFO  impl.LeaderElection (LeaderElection.java:logAndReturn(206)) - 0cab5a7d-6f40-474c-9abd-0651cf30726e@group-45121E95117A-LeaderElection236: PRE_VOTE REJECTED received 2 response(s) and 0 exception(s):
2025-10-22 08:25:52,430 [0cab5a7d-6f40-474c-9abd-0651cf30726e@group-45121E95117A-LeaderElection236] INFO  impl.LeaderElection (LeaderElection.java:logAndReturn(210)) -   Response 0: 0cab5a7d-6f40-474c-9abd-0651cf30726e<-9d21e184-bccf-4583-95a7-0fe616dd3b4b#0:OK-t1-last:(t:1, i:7)
2025-10-22 08:25:52,430 [0cab5a7d-6f40-474c-9abd-0651cf30726e@group-45121E95117A-LeaderElection236] INFO  impl.LeaderElection (LeaderElection.java:logAndReturn(210)) -   Response 1: 0cab5a7d-6f40-474c-9abd-0651cf30726e<-8aba082c-257b-43e3-ba61-5d436c5b38fa#0:FAIL-t1-last:(t:1, i:7)
2025-10-22 08:25:52,430 [0cab5a7d-6f40-474c-9abd-0651cf30726e@group-45121E95117A-LeaderElection236] INFO  impl.LeaderElection (LeaderElection.java:askForVotes(450)) - 0cab5a7d-6f40-474c-9abd-0651cf30726e@group-45121E95117A-LeaderElection236 PRE_VOTE round 0: result REJECTED
2025-10-22 08:25:52,430 [0cab5a7d-6f40-474c-9abd-0651cf30726e@group-45121E95117A-LeaderElection236] INFO  server.RaftServer$Division (RaftServerImpl.java:setRole(392)) - 0cab5a7d-6f40-474c-9abd-0651cf30726e@group-45121E95117A: changes role from CANDIDATE to FOLLOWER at term 1 for REJECTED
2025-10-22 08:25:52,430 [0cab5a7d-6f40-474c-9abd-0651cf30726e@group-45121E95117A-LeaderElection236] INFO  impl.RoleInfo (RoleInfo.java:shutdownLeaderElection(141)) - 0cab5a7d-6f40-474c-9abd-0651cf30726e: shutdown 0cab5a7d-6f40-474c-9abd-0651cf30726e@group-45121E95117A-LeaderElection236
2025-10-22 08:25:52,430 [0cab5a7d-6f40-474c-9abd-0651cf30726e@group-45121E95117A-LeaderElection236] INFO  impl.RoleInfo (RoleInfo.java:updateAndGet(148)) - 0cab5a7d-6f40-474c-9abd-0651cf30726e: start 0cab5a7d-6f40-474c-9abd-0651cf30726e@group-45121E95117A-FollowerState
2025-10-22 08:25:52,430 [0cab5a7d-6f40-474c-9abd-0651cf30726e@group-45121E95117A-LeaderElection236] INFO  server.RaftServer$Division (RaftServerImpl.java:setFirstElection(576)) - 0cab5a7d-6f40-474c-9abd-0651cf30726e@group-45121E95117A: set firstElectionSinceStartup to false for REJECTED
2025-10-22 08:25:52,437 [8aba082c-257b-43e3-ba61-5d436c5b38fa@group-E8ADAFC04A7A-FollowerState] INFO  impl.FollowerState (FollowerState.java:runImpl(161)) - 8aba082c-257b-43e3-ba61-5d436c5b38fa@group-E8ADAFC04A7A-FollowerState: change to CANDIDATE, lastRpcElapsedTime:1029268385ns, electionTimeout:1029ms
2025-10-22 08:25:52,437 [8aba082c-257b-43e3-ba61-5d436c5b38fa@group-E8ADAFC04A7A-FollowerState] INFO  impl.RoleInfo (RoleInfo.java:shutdownFollowerState(121)) - 8aba082c-257b-43e3-ba61-5d436c5b38fa: shutdown 8aba082c-257b-43e3-ba61-5d436c5b38fa@group-E8ADAFC04A7A-FollowerState
2025-10-22 08:25:52,438 [8aba082c-257b-43e3-ba61-5d436c5b38fa@group-E8ADAFC04A7A-FollowerState] INFO  server.RaftServer$Division (RaftServerImpl.java:setRole(392)) - 8aba082c-257b-43e3-ba61-5d436c5b38fa@group-E8ADAFC04A7A: changes role from  FOLLOWER to CANDIDATE at term 2 for changeToCandidate
2025-10-22 08:25:52,438 [8aba082c-257b-43e3-ba61-5d436c5b38fa@group-E8ADAFC04A7A-FollowerState] INFO  impl.RoleInfo (RoleInfo.java:updateAndGet(148)) - 8aba082c-257b-43e3-ba61-5d436c5b38fa: start 8aba082c-257b-43e3-ba61-5d436c5b38fa@group-E8ADAFC04A7A-LeaderElection237
2025-10-22 08:25:52,438 [8aba082c-257b-43e3-ba61-5d436c5b38fa@group-E8ADAFC04A7A-LeaderElection237] INFO  impl.LeaderElection (LeaderElection.java:askForVotes(448)) - 8aba082c-257b-43e3-ba61-5d436c5b38fa@group-E8ADAFC04A7A-LeaderElection237 PRE_VOTE round 0: submit vote requests at term 2 for conf: {index: 7, cur=peers:[9d21e184-bccf-4583-95a7-0fe616dd3b4b|127.0.0.1:15079, 8aba082c-257b-43e3-ba61-5d436c5b38fa|127.0.0.1:15063, 0cab5a7d-6f40-474c-9abd-0651cf30726e|127.0.0.1:15071]|listeners:[], old=null}
2025-10-22 08:25:52,438 [8aba082c-257b-43e3-ba61-5d436c5b38fa@group-E8ADAFC04A7A-LeaderElection237] INFO  impl.LeaderElection (LogUtils.java:infoOrTrace(142)) - 8aba082c-257b-43e3-ba61-5d436c5b38fa@group-E8ADAFC04A7A-LeaderElection237 got exception when requesting votes: java.util.concurrent.ExecutionException: org.apache.ratis.thirdparty.io.grpc.StatusRuntimeException: UNAVAILABLE: io exception
2025-10-22 08:25:52,438 [8aba082c-257b-43e3-ba61-5d436c5b38fa@group-E8ADAFC04A7A-LeaderElection237] INFO  impl.LeaderElection (LogUtils.java:infoOrTrace(142)) - 8aba082c-257b-43e3-ba61-5d436c5b38fa@group-E8ADAFC04A7A-LeaderElection237 got exception when requesting votes: java.util.concurrent.ExecutionException: org.apache.ratis.thirdparty.io.grpc.StatusRuntimeException: UNAVAILABLE: io exception
2025-10-22 08:25:52,438 [8aba082c-257b-43e3-ba61-5d436c5b38fa@group-E8ADAFC04A7A-LeaderElection237] INFO  impl.LeaderElection (LeaderElection.java:logAndReturn(206)) - 8aba082c-257b-43e3-ba61-5d436c5b38fa@group-E8ADAFC04A7A-LeaderElection237: PRE_VOTE REJECTED received 0 response(s) and 2 exception(s):
2025-10-22 08:25:52,438 [8aba082c-257b-43e3-ba61-5d436c5b38fa@group-E8ADAFC04A7A-LeaderElection237] INFO  impl.LeaderElection (LogUtils.java:infoOrTrace(142)) -   Exception 0: java.util.concurrent.ExecutionException: org.apache.ratis.thirdparty.io.grpc.StatusRuntimeException: UNAVAILABLE: io exception
2025-10-22 08:25:52,439 [8aba082c-257b-43e3-ba61-5d436c5b38fa@group-E8ADAFC04A7A-LeaderElection237] INFO  impl.LeaderElection (LogUtils.java:infoOrTrace(142)) -   Exception 1: java.util.concurrent.ExecutionException: org.apache.ratis.thirdparty.io.grpc.StatusRuntimeException: UNAVAILABLE: io exception
2025-10-22 08:25:52,439 [8aba082c-257b-43e3-ba61-5d436c5b38fa@group-E8ADAFC04A7A-LeaderElection237] INFO  impl.LeaderElection (LeaderElection.java:askForVotes(450)) - 8aba082c-257b-43e3-ba61-5d436c5b38fa@group-E8ADAFC04A7A-LeaderElection237 PRE_VOTE round 0: result REJECTED
2025-10-22 08:25:52,439 [8aba082c-257b-43e3-ba61-5d436c5b38fa@group-E8ADAFC04A7A-LeaderElection237] INFO  server.RaftServer$Division (RaftServerImpl.java:setRole(392)) - 8aba082c-257b-43e3-ba61-5d436c5b38fa@group-E8ADAFC04A7A: changes role from CANDIDATE to FOLLOWER at term 2 for REJECTED
2025-10-22 08:25:52,439 [8aba082c-257b-43e3-ba61-5d436c5b38fa@group-E8ADAFC04A7A-LeaderElection237] INFO  impl.RoleInfo (RoleInfo.java:shutdownLeaderElection(141)) - 8aba082c-257b-43e3-ba61-5d436c5b38fa: shutdown 8aba082c-257b-43e3-ba61-5d436c5b38fa@group-E8ADAFC04A7A-LeaderElection237
2025-10-22 08:25:52,439 [8aba082c-257b-43e3-ba61-5d436c5b38fa@group-E8ADAFC04A7A-LeaderElection237] INFO  impl.RoleInfo (RoleInfo.java:updateAndGet(148)) - 8aba082c-257b-43e3-ba61-5d436c5b38fa: start 8aba082c-257b-43e3-ba61-5d436c5b38fa@group-E8ADAFC04A7A-FollowerState
2025-10-22 08:25:52,504 [9d21e184-bccf-4583-95a7-0fe616dd3b4b@group-80CFAE06F78A-FollowerState] INFO  impl.FollowerState (FollowerState.java:runImpl(161)) - 9d21e184-bccf-4583-95a7-0fe616dd3b4b@group-80CFAE06F78A-FollowerState: change to CANDIDATE, lastRpcElapsedTime:1040606488ns, electionTimeout:1037ms
2025-10-22 08:25:52,504 [9d21e184-bccf-4583-95a7-0fe616dd3b4b@group-80CFAE06F78A-FollowerState] INFO  impl.RoleInfo (RoleInfo.java:shutdownFollowerState(121)) - 9d21e184-bccf-4583-95a7-0fe616dd3b4b: shutdown 9d21e184-bccf-4583-95a7-0fe616dd3b4b@group-80CFAE06F78A-FollowerState
2025-10-22 08:25:52,504 [9d21e184-bccf-4583-95a7-0fe616dd3b4b@group-80CFAE06F78A-FollowerState] INFO  server.RaftServer$Division (RaftServerImpl.java:setRole(392)) - 9d21e184-bccf-4583-95a7-0fe616dd3b4b@group-80CFAE06F78A: changes role from  FOLLOWER to CANDIDATE at term 1 for changeToCandidate
2025-10-22 08:25:52,505 [9d21e184-bccf-4583-95a7-0fe616dd3b4b@group-80CFAE06F78A-FollowerState] INFO  impl.RoleInfo (RoleInfo.java:updateAndGet(148)) - 9d21e184-bccf-4583-95a7-0fe616dd3b4b: start 9d21e184-bccf-4583-95a7-0fe616dd3b4b@group-80CFAE06F78A-LeaderElection238
2025-10-22 08:25:52,505 [9d21e184-bccf-4583-95a7-0fe616dd3b4b@group-80CFAE06F78A-LeaderElection238] INFO  impl.LeaderElection (LeaderElection.java:askForVotes(448)) - 9d21e184-bccf-4583-95a7-0fe616dd3b4b@group-80CFAE06F78A-LeaderElection238 PRE_VOTE round 0: submit vote requests at term 1 for conf: {index: 0, cur=peers:[9d21e184-bccf-4583-95a7-0fe616dd3b4b|127.0.0.1:15079]|listeners:[], old=null}
2025-10-22 08:25:52,505 [9d21e184-bccf-4583-95a7-0fe616dd3b4b@group-80CFAE06F78A-LeaderElection238] INFO  impl.LeaderElection (LeaderElection.java:askForVotes(450)) - 9d21e184-bccf-4583-95a7-0fe616dd3b4b@group-80CFAE06F78A-LeaderElection238 PRE_VOTE round 0: result PASSED (term=1)
2025-10-22 08:25:52,506 [9d21e184-bccf-4583-95a7-0fe616dd3b4b@group-80CFAE06F78A-LeaderElection238] INFO  impl.LeaderElection (LeaderElection.java:askForVotes(448)) - 9d21e184-bccf-4583-95a7-0fe616dd3b4b@group-80CFAE06F78A-LeaderElection238 ELECTION round 0: submit vote requests at term 2 for conf: {index: 0, cur=peers:[9d21e184-bccf-4583-95a7-0fe616dd3b4b|127.0.0.1:15079]|listeners:[], old=null}
2025-10-22 08:25:52,506 [9d21e184-bccf-4583-95a7-0fe616dd3b4b@group-80CFAE06F78A-LeaderElection238] INFO  impl.LeaderElection (LeaderElection.java:askForVotes(450)) - 9d21e184-bccf-4583-95a7-0fe616dd3b4b@group-80CFAE06F78A-LeaderElection238 ELECTION round 0: result PASSED (term=2)
2025-10-22 08:25:52,506 [9d21e184-bccf-4583-95a7-0fe616dd3b4b@group-80CFAE06F78A-LeaderElection238] INFO  impl.RoleInfo (RoleInfo.java:shutdownLeaderElection(141)) - 9d21e184-bccf-4583-95a7-0fe616dd3b4b: shutdown 9d21e184-bccf-4583-95a7-0fe616dd3b4b@group-80CFAE06F78A-LeaderElection238
2025-10-22 08:25:52,506 [9d21e184-bccf-4583-95a7-0fe616dd3b4b@group-80CFAE06F78A-LeaderElection238] INFO  server.RaftServer$Division (RaftServerImpl.java:setRole(392)) - 9d21e184-bccf-4583-95a7-0fe616dd3b4b@group-80CFAE06F78A: changes role from CANDIDATE to LEADER at term 2 for changeToLeader
2025-10-22 08:25:52,506 [9d21e184-bccf-4583-95a7-0fe616dd3b4b@group-80CFAE06F78A-LeaderElection238] INFO  server.RaftServerConfigKeys (ConfUtils.java:logFallback(69)) - raft.server.staging.timeout = 3600ms (fallback to raft.server.rpc.timeout.max)
2025-10-22 08:25:52,507 [9d21e184-bccf-4583-95a7-0fe616dd3b4b@group-80CFAE06F78A-LeaderElection238] INFO  server.RaftServerConfigKeys (ConfUtils.java:logGet(62)) - raft.server.write.byte-limit = 1024 M (=1073741824) (custom)
2025-10-22 08:25:52,507 [9d21e184-bccf-4583-95a7-0fe616dd3b4b@group-80CFAE06F78A-LeaderElection238] INFO  impl.RoleInfo (RoleInfo.java:updateAndGet(148)) - 9d21e184-bccf-4583-95a7-0fe616dd3b4b: start 9d21e184-bccf-4583-95a7-0fe616dd3b4b@group-80CFAE06F78A-LeaderStateImpl
2025-10-22 08:25:52,507 [9d21e184-bccf-4583-95a7-0fe616dd3b4b@group-80CFAE06F78A-LeaderElection238] INFO  server.RaftServer$Division (RaftServerImpl.java:setFirstElection(576)) - 9d21e184-bccf-4583-95a7-0fe616dd3b4b@group-80CFAE06F78A: set firstElectionSinceStartup to false for becomeLeader
2025-10-22 08:25:52,507 [9d21e184-bccf-4583-95a7-0fe616dd3b4b@group-80CFAE06F78A-LeaderElection238] INFO  ratis.XceiverServerRatis (XceiverServerRatis.java:handleLeaderChangedNotification(940)) - Leader change notification received for group: group-80CFAE06F78A with new leaderId: 9d21e184-bccf-4583-95a7-0fe616dd3b4b
2025-10-22 08:25:52,508 [9d21e184-bccf-4583-95a7-0fe616dd3b4b@group-80CFAE06F78A-LeaderElection238] INFO  server.RaftServer$Division (ServerState.java:setLeader(272)) - 9d21e184-bccf-4583-95a7-0fe616dd3b4b@group-80CFAE06F78A: change Leader from null to 9d21e184-bccf-4583-95a7-0fe616dd3b4b at term 2 for becomeLeader, leader elected after 1761ms
2025-10-22 08:25:52,508 [9d21e184-bccf-4583-95a7-0fe616dd3b4b@group-80CFAE06F78A-LeaderElection238] INFO  segmented.SegmentedRaftLogWorker (SegmentedRaftLogWorker.java:rollLogSegment(445)) - 9d21e184-bccf-4583-95a7-0fe616dd3b4b@group-80CFAE06F78A-SegmentedRaftLogWorker: Rolling segment log-0_0 to index:0
2025-10-22 08:25:52,508 [9d21e184-bccf-4583-95a7-0fe616dd3b4b@group-80CFAE06F78A-LeaderElection238] INFO  server.RaftServer$Division (ServerState.java:setRaftConf(386)) - 9d21e184-bccf-4583-95a7-0fe616dd3b4b@group-80CFAE06F78A: set configuration conf: {index: 1, cur=peers:[9d21e184-bccf-4583-95a7-0fe616dd3b4b|127.0.0.1:15079]|listeners:[], old=null}
2025-10-22 08:25:52,508 [9d21e184-bccf-4583-95a7-0fe616dd3b4b@group-80CFAE06F78A-SegmentedRaftLogWorker] INFO  segmented.SegmentedRaftLogWorker (SegmentedRaftLogWorker.java:execute(604)) - 9d21e184-bccf-4583-95a7-0fe616dd3b4b@group-80CFAE06F78A-SegmentedRaftLogWorker: Rolled log segment from /home/runner/work/ozone/ozone/hadoop-ozone/integration-test/target/test-dir/MiniOzoneClusterImpl-a412b9f6-7d8b-4de3-a85c-9946bceaa3a0/ozone-metadata/datanode-9/ratis/8aa17952-bc55-4375-bee5-80cfae06f78a/current/log_inprogress_0 to /home/runner/work/ozone/ozone/hadoop-ozone/integration-test/target/test-dir/MiniOzoneClusterImpl-a412b9f6-7d8b-4de3-a85c-9946bceaa3a0/ozone-metadata/datanode-9/ratis/8aa17952-bc55-4375-bee5-80cfae06f78a/current/log_0-0
2025-10-22 08:25:52,509 [9d21e184-bccf-4583-95a7-0fe616dd3b4b@group-80CFAE06F78A-SegmentedRaftLogWorker] INFO  segmented.BufferedWriteChannel (BufferedWriteChannel.java:open(61)) - open log_inprogress_1 at position 0
2025-10-22 08:25:52,515 [9d21e184-bccf-4583-95a7-0fe616dd3b4b@group-80CFAE06F78A-SegmentedRaftLogWorker] INFO  segmented.SegmentedRaftLogWorker (SegmentedRaftLogWorker.java:execute(647)) - 9d21e184-bccf-4583-95a7-0fe616dd3b4b@group-80CFAE06F78A-SegmentedRaftLogWorker: created new log segment /home/runner/work/ozone/ozone/hadoop-ozone/integration-test/target/test-dir/MiniOzoneClusterImpl-a412b9f6-7d8b-4de3-a85c-9946bceaa3a0/ozone-metadata/datanode-9/ratis/8aa17952-bc55-4375-bee5-80cfae06f78a/current/log_inprogress_1
2025-10-22 08:25:52,516 [9d21e184-bccf-4583-95a7-0fe616dd3b4b@group-80CFAE06F78A-StateMachineUpdater] INFO  server.RaftServer$Division (LeaderStateImpl.java:checkStartIndex(309)) - Leader 9d21e184-bccf-4583-95a7-0fe616dd3b4b@group-80CFAE06F78A-LeaderStateImpl is ready since appliedIndex == startIndex == 1
2025-10-22 08:25:52,668 [9d21e184-bccf-4583-95a7-0fe616dd3b4b@group-E8ADAFC04A7A-FollowerState] INFO  impl.FollowerState (FollowerState.java:runImpl(161)) - 9d21e184-bccf-4583-95a7-0fe616dd3b4b@group-E8ADAFC04A7A-FollowerState: change to CANDIDATE, lastRpcElapsedTime:1198706814ns, electionTimeout:1198ms
2025-10-22 08:25:52,669 [9d21e184-bccf-4583-95a7-0fe616dd3b4b@group-E8ADAFC04A7A-FollowerState] INFO  impl.RoleInfo (RoleInfo.java:shutdownFollowerState(121)) - 9d21e184-bccf-4583-95a7-0fe616dd3b4b: shutdown 9d21e184-bccf-4583-95a7-0fe616dd3b4b@group-E8ADAFC04A7A-FollowerState
2025-10-22 08:25:52,669 [9d21e184-bccf-4583-95a7-0fe616dd3b4b@group-E8ADAFC04A7A-FollowerState] INFO  server.RaftServer$Division (RaftServerImpl.java:setRole(392)) - 9d21e184-bccf-4583-95a7-0fe616dd3b4b@group-E8ADAFC04A7A: changes role from  FOLLOWER to CANDIDATE at term 2 for changeToCandidate
2025-10-22 08:25:52,669 [9d21e184-bccf-4583-95a7-0fe616dd3b4b@group-E8ADAFC04A7A-FollowerState] INFO  impl.RoleInfo (RoleInfo.java:updateAndGet(148)) - 9d21e184-bccf-4583-95a7-0fe616dd3b4b: start 9d21e184-bccf-4583-95a7-0fe616dd3b4b@group-E8ADAFC04A7A-LeaderElection239
2025-10-22 08:25:52,669 [9d21e184-bccf-4583-95a7-0fe616dd3b4b@group-E8ADAFC04A7A-LeaderElection239] INFO  impl.LeaderElection (LeaderElection.java:askForVotes(448)) - 9d21e184-bccf-4583-95a7-0fe616dd3b4b@group-E8ADAFC04A7A-LeaderElection239 PRE_VOTE round 0: submit vote requests at term 2 for conf: {index: 7, cur=peers:[9d21e184-bccf-4583-95a7-0fe616dd3b4b|127.0.0.1:15079, 8aba082c-257b-43e3-ba61-5d436c5b38fa|127.0.0.1:15063, 0cab5a7d-6f40-474c-9abd-0651cf30726e|127.0.0.1:15071]|listeners:[], old=null}
2025-10-22 08:25:52,669 [9d21e184-bccf-4583-95a7-0fe616dd3b4b@group-E8ADAFC04A7A-LeaderElection239-1] INFO  server.GrpcServerProtocolClient (GrpcServerProtocolClient.java:<init>(65)) - Build channel for 8aba082c-257b-43e3-ba61-5d436c5b38fa|127.0.0.1:15063
2025-10-22 08:25:52,669 [9d21e184-bccf-4583-95a7-0fe616dd3b4b@group-E8ADAFC04A7A-LeaderElection239-2] INFO  server.GrpcServerProtocolClient (GrpcServerProtocolClient.java:<init>(65)) - Build channel for 0cab5a7d-6f40-474c-9abd-0651cf30726e|127.0.0.1:15071
2025-10-22 08:25:52,672 [grpc-default-executor-5] INFO  server.RaftServer$Division (RaftServerImpl.java:requestVote(1421)) - 8aba082c-257b-43e3-ba61-5d436c5b38fa@group-E8ADAFC04A7A: receive requestVote(PRE_VOTE, 9d21e184-bccf-4583-95a7-0fe616dd3b4b, group-E8ADAFC04A7A, 2, (t:2, i:8))
2025-10-22 08:25:52,672 [grpc-default-executor-5] INFO  impl.VoteContext (VoteContext.java:log(49)) - 8aba082c-257b-43e3-ba61-5d436c5b38fa@group-E8ADAFC04A7A-FOLLOWER: accept PRE_VOTE from 9d21e184-bccf-4583-95a7-0fe616dd3b4b: our priority 0 <= candidate's priority 0
2025-10-22 08:25:52,672 [grpc-default-executor-8] INFO  server.RaftServer$Division (RaftServerImpl.java:requestVote(1421)) - 0cab5a7d-6f40-474c-9abd-0651cf30726e@group-E8ADAFC04A7A: receive requestVote(PRE_VOTE, 9d21e184-bccf-4583-95a7-0fe616dd3b4b, group-E8ADAFC04A7A, 2, (t:2, i:8))
2025-10-22 08:25:52,672 [grpc-default-executor-5] INFO  server.RaftServer$Division (RaftServerImpl.java:requestVote(1455)) - 8aba082c-257b-43e3-ba61-5d436c5b38fa@group-E8ADAFC04A7A replies to PRE_VOTE vote request: 9d21e184-bccf-4583-95a7-0fe616dd3b4b<-8aba082c-257b-43e3-ba61-5d436c5b38fa#0:OK-t2-last:(t:2, i:8). Peer's state: 8aba082c-257b-43e3-ba61-5d436c5b38fa@group-E8ADAFC04A7A:t2, leader=null, voted=9d21e184-bccf-4583-95a7-0fe616dd3b4b, raftlog=Memoized:8aba082c-257b-43e3-ba61-5d436c5b38fa@group-E8ADAFC04A7A-SegmentedRaftLog:OPENED:c8:last(t:2, i:8), conf=conf: {index: 7, cur=peers:[9d21e184-bccf-4583-95a7-0fe616dd3b4b|127.0.0.1:15079, 8aba082c-257b-43e3-ba61-5d436c5b38fa|127.0.0.1:15063, 0cab5a7d-6f40-474c-9abd-0651cf30726e|127.0.0.1:15071]|listeners:[], old=null}
2025-10-22 08:25:52,672 [grpc-default-executor-8] INFO  impl.VoteContext (VoteContext.java:log(49)) - 0cab5a7d-6f40-474c-9abd-0651cf30726e@group-E8ADAFC04A7A-FOLLOWER: accept PRE_VOTE from 9d21e184-bccf-4583-95a7-0fe616dd3b4b: our last entry (t:1, i:6) < candidate's last entry (t:2, i:8)
2025-10-22 08:25:52,673 [grpc-default-executor-8] INFO  server.RaftServer$Division (RaftServerImpl.java:requestVote(1455)) - 0cab5a7d-6f40-474c-9abd-0651cf30726e@group-E8ADAFC04A7A replies to PRE_VOTE vote request: 9d21e184-bccf-4583-95a7-0fe616dd3b4b<-0cab5a7d-6f40-474c-9abd-0651cf30726e#0:OK-t2-last:(t:1, i:6). Peer's state: 0cab5a7d-6f40-474c-9abd-0651cf30726e@group-E8ADAFC04A7A:t2, leader=null, voted=null, raftlog=Memoized:0cab5a7d-6f40-474c-9abd-0651cf30726e@group-E8ADAFC04A7A-SegmentedRaftLog:OPENED:c6:last(t:1, i:6), conf=conf: {index: 0, cur=peers:[9d21e184-bccf-4583-95a7-0fe616dd3b4b|127.0.0.1:15079, 8aba082c-257b-43e3-ba61-5d436c5b38fa|127.0.0.1:15063, 0cab5a7d-6f40-474c-9abd-0651cf30726e|127.0.0.1:15071]|listeners:[], old=null}
2025-10-22 08:25:52,673 [9d21e184-bccf-4583-95a7-0fe616dd3b4b@group-E8ADAFC04A7A-LeaderElection239] INFO  impl.LeaderElection (LeaderElection.java:logAndReturn(206)) - 9d21e184-bccf-4583-95a7-0fe616dd3b4b@group-E8ADAFC04A7A-LeaderElection239: PRE_VOTE PASSED received 2 response(s) and 0 exception(s):
2025-10-22 08:25:52,673 [9d21e184-bccf-4583-95a7-0fe616dd3b4b@group-E8ADAFC04A7A-LeaderElection239] INFO  impl.LeaderElection (LeaderElection.java:logAndReturn(210)) -   Response 0: 9d21e184-bccf-4583-95a7-0fe616dd3b4b<-8aba082c-257b-43e3-ba61-5d436c5b38fa#0:OK-t2-last:(t:2, i:8)
2025-10-22 08:25:52,673 [9d21e184-bccf-4583-95a7-0fe616dd3b4b@group-E8ADAFC04A7A-LeaderElection239] INFO  impl.LeaderElection (LeaderElection.java:logAndReturn(210)) -   Response 1: 9d21e184-bccf-4583-95a7-0fe616dd3b4b<-0cab5a7d-6f40-474c-9abd-0651cf30726e#0:OK-t2-last:(t:1, i:6)
2025-10-22 08:25:52,674 [9d21e184-bccf-4583-95a7-0fe616dd3b4b@group-E8ADAFC04A7A-LeaderElection239] INFO  impl.LeaderElection (LeaderElection.java:askForVotes(450)) - 9d21e184-bccf-4583-95a7-0fe616dd3b4b@group-E8ADAFC04A7A-LeaderElection239 PRE_VOTE round 0: result PASSED
2025-10-22 08:25:52,675 [9d21e184-bccf-4583-95a7-0fe616dd3b4b@group-E8ADAFC04A7A-LeaderElection239] INFO  impl.LeaderElection (LeaderElection.java:askForVotes(448)) - 9d21e184-bccf-4583-95a7-0fe616dd3b4b@group-E8ADAFC04A7A-LeaderElection239 ELECTION round 0: submit vote requests at term 3 for conf: {index: 7, cur=peers:[9d21e184-bccf-4583-95a7-0fe616dd3b4b|127.0.0.1:15079, 8aba082c-257b-43e3-ba61-5d436c5b38fa|127.0.0.1:15063, 0cab5a7d-6f40-474c-9abd-0651cf30726e|127.0.0.1:15071]|listeners:[], old=null}
2025-10-22 08:25:52,675 [grpc-default-executor-8] INFO  server.RaftServer$Division (RaftServerImpl.java:requestVote(1421)) - 8aba082c-257b-43e3-ba61-5d436c5b38fa@group-E8ADAFC04A7A: receive requestVote(ELECTION, 9d21e184-bccf-4583-95a7-0fe616dd3b4b, group-E8ADAFC04A7A, 3, (t:2, i:8))
2025-10-22 08:25:52,675 [grpc-default-executor-8] INFO  impl.VoteContext (VoteContext.java:log(49)) - 8aba082c-257b-43e3-ba61-5d436c5b38fa@group-E8ADAFC04A7A-FOLLOWER: accept ELECTION from 9d21e184-bccf-4583-95a7-0fe616dd3b4b: our priority 0 <= candidate's priority 0
2025-10-22 08:25:52,675 [grpc-default-executor-8] INFO  server.RaftServer$Division (RaftServerImpl.java:setRole(392)) - 8aba082c-257b-43e3-ba61-5d436c5b38fa@group-E8ADAFC04A7A: changes role from  FOLLOWER to FOLLOWER at term 2 for candidate:9d21e184-bccf-4583-95a7-0fe616dd3b4b
2025-10-22 08:25:52,676 [grpc-default-executor-8] INFO  impl.RoleInfo (RoleInfo.java:shutdownFollowerState(121)) - 8aba082c-257b-43e3-ba61-5d436c5b38fa: shutdown 8aba082c-257b-43e3-ba61-5d436c5b38fa@group-E8ADAFC04A7A-FollowerState
2025-10-22 08:25:52,676 [grpc-default-executor-8] INFO  impl.RoleInfo (RoleInfo.java:updateAndGet(148)) - 8aba082c-257b-43e3-ba61-5d436c5b38fa: start 8aba082c-257b-43e3-ba61-5d436c5b38fa@group-E8ADAFC04A7A-FollowerState
2025-10-22 08:25:52,676 [8aba082c-257b-43e3-ba61-5d436c5b38fa@group-E8ADAFC04A7A-FollowerState] INFO  impl.FollowerState (FollowerState.java:runImpl(170)) - 8aba082c-257b-43e3-ba61-5d436c5b38fa@group-E8ADAFC04A7A-FollowerState was interrupted
2025-10-22 08:25:52,675 [grpc-default-executor-5] INFO  server.RaftServer$Division (RaftServerImpl.java:requestVote(1421)) - 0cab5a7d-6f40-474c-9abd-0651cf30726e@group-E8ADAFC04A7A: receive requestVote(ELECTION, 9d21e184-bccf-4583-95a7-0fe616dd3b4b, group-E8ADAFC04A7A, 3, (t:2, i:8))
2025-10-22 08:25:52,676 [grpc-default-executor-5] INFO  impl.VoteContext (VoteContext.java:log(49)) - 0cab5a7d-6f40-474c-9abd-0651cf30726e@group-E8ADAFC04A7A-FOLLOWER: accept ELECTION from 9d21e184-bccf-4583-95a7-0fe616dd3b4b: our last entry (t:1, i:6) < candidate's last entry (t:2, i:8)
2025-10-22 08:25:52,676 [grpc-default-executor-5] INFO  server.RaftServer$Division (RaftServerImpl.java:setRole(392)) - 0cab5a7d-6f40-474c-9abd-0651cf30726e@group-E8ADAFC04A7A: changes role from  FOLLOWER to FOLLOWER at term 2 for candidate:9d21e184-bccf-4583-95a7-0fe616dd3b4b
2025-10-22 08:25:52,676 [grpc-default-executor-5] INFO  impl.RoleInfo (RoleInfo.java:shutdownFollowerState(121)) - 0cab5a7d-6f40-474c-9abd-0651cf30726e: shutdown 0cab5a7d-6f40-474c-9abd-0651cf30726e@group-E8ADAFC04A7A-FollowerState
2025-10-22 08:25:52,676 [grpc-default-executor-5] INFO  impl.RoleInfo (RoleInfo.java:updateAndGet(148)) - 0cab5a7d-6f40-474c-9abd-0651cf30726e: start 0cab5a7d-6f40-474c-9abd-0651cf30726e@group-E8ADAFC04A7A-FollowerState
2025-10-22 08:25:52,676 [0cab5a7d-6f40-474c-9abd-0651cf30726e@group-E8ADAFC04A7A-FollowerState] INFO  impl.FollowerState (FollowerState.java:runImpl(170)) - 0cab5a7d-6f40-474c-9abd-0651cf30726e@group-E8ADAFC04A7A-FollowerState was interrupted
2025-10-22 08:25:52,677 [grpc-default-executor-8] INFO  server.RaftServer$Division (RaftServerImpl.java:requestVote(1455)) - 8aba082c-257b-43e3-ba61-5d436c5b38fa@group-E8ADAFC04A7A replies to ELECTION vote request: 9d21e184-bccf-4583-95a7-0fe616dd3b4b<-8aba082c-257b-43e3-ba61-5d436c5b38fa#0:OK-t3-last:(t:2, i:8). Peer's state: 8aba082c-257b-43e3-ba61-5d436c5b38fa@group-E8ADAFC04A7A:t3, leader=null, voted=9d21e184-bccf-4583-95a7-0fe616dd3b4b, raftlog=Memoized:8aba082c-257b-43e3-ba61-5d436c5b38fa@group-E8ADAFC04A7A-SegmentedRaftLog:OPENED:c8:last(t:2, i:8), conf=conf: {index: 7, cur=peers:[9d21e184-bccf-4583-95a7-0fe616dd3b4b|127.0.0.1:15079, 8aba082c-257b-43e3-ba61-5d436c5b38fa|127.0.0.1:15063, 0cab5a7d-6f40-474c-9abd-0651cf30726e|127.0.0.1:15071]|listeners:[], old=null}
2025-10-22 08:25:52,677 [grpc-default-executor-5] INFO  server.RaftServer$Division (RaftServerImpl.java:requestVote(1455)) - 0cab5a7d-6f40-474c-9abd-0651cf30726e@group-E8ADAFC04A7A replies to ELECTION vote request: 9d21e184-bccf-4583-95a7-0fe616dd3b4b<-0cab5a7d-6f40-474c-9abd-0651cf30726e#0:OK-t3-last:(t:1, i:6). Peer's state: 0cab5a7d-6f40-474c-9abd-0651cf30726e@group-E8ADAFC04A7A:t3, leader=null, voted=9d21e184-bccf-4583-95a7-0fe616dd3b4b, raftlog=Memoized:0cab5a7d-6f40-474c-9abd-0651cf30726e@group-E8ADAFC04A7A-SegmentedRaftLog:OPENED:c6:last(t:1, i:6), conf=conf: {index: 0, cur=peers:[9d21e184-bccf-4583-95a7-0fe616dd3b4b|127.0.0.1:15079, 8aba082c-257b-43e3-ba61-5d436c5b38fa|127.0.0.1:15063, 0cab5a7d-6f40-474c-9abd-0651cf30726e|127.0.0.1:15071]|listeners:[], old=null}
2025-10-22 08:25:52,678 [9d21e184-bccf-4583-95a7-0fe616dd3b4b@group-E8ADAFC04A7A-LeaderElection239] INFO  impl.LeaderElection (LeaderElection.java:logAndReturn(206)) - 9d21e184-bccf-4583-95a7-0fe616dd3b4b@group-E8ADAFC04A7A-LeaderElection239: ELECTION PASSED received 2 response(s) and 0 exception(s):
2025-10-22 08:25:52,678 [9d21e184-bccf-4583-95a7-0fe616dd3b4b@group-E8ADAFC04A7A-LeaderElection239] INFO  impl.LeaderElection (LeaderElection.java:logAndReturn(210)) -   Response 0: 9d21e184-bccf-4583-95a7-0fe616dd3b4b<-8aba082c-257b-43e3-ba61-5d436c5b38fa#0:OK-t3-last:(t:2, i:8)
2025-10-22 08:25:52,678 [9d21e184-bccf-4583-95a7-0fe616dd3b4b@group-E8ADAFC04A7A-LeaderElection239] INFO  impl.LeaderElection (LeaderElection.java:logAndReturn(210)) -   Response 1: 9d21e184-bccf-4583-95a7-0fe616dd3b4b<-0cab5a7d-6f40-474c-9abd-0651cf30726e#0:OK-t3-last:(t:1, i:6)
2025-10-22 08:25:52,678 [9d21e184-bccf-4583-95a7-0fe616dd3b4b@group-E8ADAFC04A7A-LeaderElection239] INFO  impl.LeaderElection (LeaderElection.java:askForVotes(450)) - 9d21e184-bccf-4583-95a7-0fe616dd3b4b@group-E8ADAFC04A7A-LeaderElection239 ELECTION round 0: result PASSED
2025-10-22 08:25:52,678 [9d21e184-bccf-4583-95a7-0fe616dd3b4b@group-E8ADAFC04A7A-LeaderElection239] INFO  impl.RoleInfo (RoleInfo.java:shutdownLeaderElection(141)) - 9d21e184-bccf-4583-95a7-0fe616dd3b4b: shutdown 9d21e184-bccf-4583-95a7-0fe616dd3b4b@group-E8ADAFC04A7A-LeaderElection239
2025-10-22 08:25:52,678 [9d21e184-bccf-4583-95a7-0fe616dd3b4b@group-E8ADAFC04A7A-LeaderElection239] INFO  server.RaftServer$Division (RaftServerImpl.java:setRole(392)) - 9d21e184-bccf-4583-95a7-0fe616dd3b4b@group-E8ADAFC04A7A: changes role from CANDIDATE to LEADER at term 3 for changeToLeader
2025-10-22 08:25:52,678 [9d21e184-bccf-4583-95a7-0fe616dd3b4b@group-E8ADAFC04A7A-LeaderElection239] INFO  server.RaftServerConfigKeys (ConfUtils.java:logFallback(69)) - raft.server.staging.timeout = 3600ms (fallback to raft.server.rpc.timeout.max)
2025-10-22 08:25:52,678 [9d21e184-bccf-4583-95a7-0fe616dd3b4b@group-E8ADAFC04A7A-LeaderElection239] INFO  server.RaftServerConfigKeys (ConfUtils.java:logGet(62)) - raft.server.write.byte-limit = 1024 M (=1073741824) (custom)
2025-10-22 08:25:52,680 [9d21e184-bccf-4583-95a7-0fe616dd3b4b@group-E8ADAFC04A7A-LeaderElection239] INFO  server.RaftServerConfigKeys (ConfUtils.java:logGet(62)) - raft.server.log.appender.buffer.byte-limit = 33554432 (custom)
2025-10-22 08:25:52,681 [9d21e184-bccf-4583-95a7-0fe616dd3b4b@group-E8ADAFC04A7A-LeaderElection239] INFO  server.RaftServerConfigKeys (ConfUtils.java:logGet(62)) - raft.server.log.appender.buffer.byte-limit = 33554432 (custom)
2025-10-22 08:25:52,681 [9d21e184-bccf-4583-95a7-0fe616dd3b4b@group-E8ADAFC04A7A-LeaderElection239] INFO  impl.RoleInfo (RoleInfo.java:updateAndGet(148)) - 9d21e184-bccf-4583-95a7-0fe616dd3b4b: start 9d21e184-bccf-4583-95a7-0fe616dd3b4b@group-E8ADAFC04A7A-LeaderStateImpl
2025-10-22 08:25:52,681 [9d21e184-bccf-4583-95a7-0fe616dd3b4b@group-E8ADAFC04A7A-LeaderElection239] INFO  server.RaftServer$Division (RaftServerImpl.java:setFirstElection(576)) - 9d21e184-bccf-4583-95a7-0fe616dd3b4b@group-E8ADAFC04A7A: set firstElectionSinceStartup to false for becomeLeader
2025-10-22 08:25:52,681 [9d21e184-bccf-4583-95a7-0fe616dd3b4b@group-E8ADAFC04A7A-LeaderElection239] INFO  ratis.XceiverServerRatis (XceiverServerRatis.java:handleLeaderChangedNotification(940)) - Leader change notification received for group: group-E8ADAFC04A7A with new leaderId: 9d21e184-bccf-4583-95a7-0fe616dd3b4b
2025-10-22 08:25:52,681 [9d21e184-bccf-4583-95a7-0fe616dd3b4b@group-E8ADAFC04A7A-LeaderElection239] INFO  server.RaftServer$Division (ServerState.java:setLeader(272)) - 9d21e184-bccf-4583-95a7-0fe616dd3b4b@group-E8ADAFC04A7A: change Leader from null to 9d21e184-bccf-4583-95a7-0fe616dd3b4b at term 3 for becomeLeader, leader elected after 1924ms
2025-10-22 08:25:52,682 [9d21e184-bccf-4583-95a7-0fe616dd3b4b@group-E8ADAFC04A7A-LeaderElection239] INFO  segmented.SegmentedRaftLogWorker (SegmentedRaftLogWorker.java:rollLogSegment(445)) - 9d21e184-bccf-4583-95a7-0fe616dd3b4b@group-E8ADAFC04A7A-SegmentedRaftLogWorker: Rolling segment log-7_8 to index:8
2025-10-22 08:25:52,682 [9d21e184-bccf-4583-95a7-0fe616dd3b4b@group-E8ADAFC04A7A-LeaderElection239] INFO  server.RaftServer$Division (ServerState.java:setRaftConf(386)) - 9d21e184-bccf-4583-95a7-0fe616dd3b4b@group-E8ADAFC04A7A: set configuration conf: {index: 9, cur=peers:[9d21e184-bccf-4583-95a7-0fe616dd3b4b|127.0.0.1:15079, 8aba082c-257b-43e3-ba61-5d436c5b38fa|127.0.0.1:15063, 0cab5a7d-6f40-474c-9abd-0651cf30726e|127.0.0.1:15071]|listeners:[], old=null}
2025-10-22 08:25:52,682 [9d21e184-bccf-4583-95a7-0fe616dd3b4b@group-E8ADAFC04A7A-SegmentedRaftLogWorker] INFO  segmented.SegmentedRaftLogWorker (SegmentedRaftLogWorker.java:execute(604)) - 9d21e184-bccf-4583-95a7-0fe616dd3b4b@group-E8ADAFC04A7A-SegmentedRaftLogWorker: Rolled log segment from /home/runner/work/ozone/ozone/hadoop-ozone/integration-test/target/test-dir/MiniOzoneClusterImpl-a412b9f6-7d8b-4de3-a85c-9946bceaa3a0/ozone-metadata/datanode-9/ratis/daae6601-de49-4157-b371-e8adafc04a7a/current/log_inprogress_7 to /home/runner/work/ozone/ozone/hadoop-ozone/integration-test/target/test-dir/MiniOzoneClusterImpl-a412b9f6-7d8b-4de3-a85c-9946bceaa3a0/ozone-metadata/datanode-9/ratis/daae6601-de49-4157-b371-e8adafc04a7a/current/log_7-8
2025-10-22 08:25:52,682 [9d21e184-bccf-4583-95a7-0fe616dd3b4b@group-E8ADAFC04A7A-SegmentedRaftLogWorker] INFO  segmented.BufferedWriteChannel (BufferedWriteChannel.java:open(61)) - open log_inprogress_9 at position 0
2025-10-22 08:25:52,686 [grpc-default-executor-8] INFO  ratis.XceiverServerRatis (XceiverServerRatis.java:handleLeaderChangedNotification(940)) - Leader change notification received for group: group-E8ADAFC04A7A with new leaderId: 9d21e184-bccf-4583-95a7-0fe616dd3b4b
2025-10-22 08:25:52,687 [grpc-default-executor-8] INFO  server.RaftServer$Division (ServerState.java:setLeader(272)) - 0cab5a7d-6f40-474c-9abd-0651cf30726e@group-E8ADAFC04A7A: change Leader from null to 9d21e184-bccf-4583-95a7-0fe616dd3b4b at term 3 for appendEntries, leader elected after 2171ms
2025-10-22 08:25:52,687 [grpc-default-executor-8] INFO  server.RaftServer$Division (RaftServerImpl.java:checkInconsistentAppendEntries(1673)) - 0cab5a7d-6f40-474c-9abd-0651cf30726e@group-E8ADAFC04A7A: Failed appendEntries as previous log entry ((t:2, i:8)) is not found
2025-10-22 08:25:52,687 [grpc-default-executor-8] INFO  server.RaftServer$Division (RaftServerImpl.java:appendEntriesAsync(1594)) - 0cab5a7d-6f40-474c-9abd-0651cf30726e@group-E8ADAFC04A7A: appendEntries* reply 9d21e184-bccf-4583-95a7-0fe616dd3b4b<-0cab5a7d-6f40-474c-9abd-0651cf30726e#0:FAIL-t3,INCONSISTENCY,nextIndex=7,followerCommit=6,matchIndex=-1
2025-10-22 08:25:52,688 [grpc-default-executor-8] WARN  server.GrpcLogAppender (GrpcLogAppender.java:lambda$onNextImpl$0(527)) - 9d21e184-bccf-4583-95a7-0fe616dd3b4b@group-E8ADAFC04A7A->0cab5a7d-6f40-474c-9abd-0651cf30726e-AppendLogResponseHandler: received INCONSISTENCY reply with nextIndex 7, errorCount=1, request=AppendEntriesRequest:cid=0,entriesCount=0 
2025-10-22 08:25:52,689 [grpc-default-executor-8] INFO  leader.FollowerInfo (FollowerInfoImpl.java:info(70)) - 9d21e184-bccf-4583-95a7-0fe616dd3b4b@group-E8ADAFC04A7A->0cab5a7d-6f40-474c-9abd-0651cf30726e: setNextIndex nextIndex: updateUnconditionally 10 -> 7
2025-10-22 08:25:52,689 [grpc-default-executor-2] INFO  server.RaftServer$Division (RaftServerImpl.java:checkInconsistentAppendEntries(1673)) - 0cab5a7d-6f40-474c-9abd-0651cf30726e@group-E8ADAFC04A7A: Failed appendEntries as previous log entry ((t:2, i:8)) is not found
2025-10-22 08:25:52,689 [grpc-default-executor-2] INFO  server.RaftServer$Division (RaftServerImpl.java:appendEntriesAsync(1594)) - 0cab5a7d-6f40-474c-9abd-0651cf30726e@group-E8ADAFC04A7A: appendEntries* reply 9d21e184-bccf-4583-95a7-0fe616dd3b4b<-0cab5a7d-6f40-474c-9abd-0651cf30726e#1:FAIL-t3,INCONSISTENCY,nextIndex=7,followerCommit=6,matchIndex=-1
2025-10-22 08:25:52,689 [9d21e184-bccf-4583-95a7-0fe616dd3b4b@group-E8ADAFC04A7A-SegmentedRaftLogWorker] INFO  segmented.SegmentedRaftLogWorker (SegmentedRaftLogWorker.java:execute(647)) - 9d21e184-bccf-4583-95a7-0fe616dd3b4b@group-E8ADAFC04A7A-SegmentedRaftLogWorker: created new log segment /home/runner/work/ozone/ozone/hadoop-ozone/integration-test/target/test-dir/MiniOzoneClusterImpl-a412b9f6-7d8b-4de3-a85c-9946bceaa3a0/ozone-metadata/datanode-9/ratis/daae6601-de49-4157-b371-e8adafc04a7a/current/log_inprogress_9
2025-10-22 08:25:52,690 [grpc-default-executor-5] INFO  ratis.XceiverServerRatis (XceiverServerRatis.java:handleLeaderChangedNotification(940)) - Leader change notification received for group: group-E8ADAFC04A7A with new leaderId: 9d21e184-bccf-4583-95a7-0fe616dd3b4b
2025-10-22 08:25:52,690 [grpc-default-executor-5] INFO  server.RaftServer$Division (ServerState.java:setLeader(272)) - 8aba082c-257b-43e3-ba61-5d436c5b38fa@group-E8ADAFC04A7A: change Leader from null to 9d21e184-bccf-4583-95a7-0fe616dd3b4b at term 3 for appendEntries, leader elected after 39841ms
2025-10-22 08:25:52,690 [grpc-default-executor-2] INFO  leader.FollowerInfo (FollowerInfoImpl.java:info(70)) - 9d21e184-bccf-4583-95a7-0fe616dd3b4b@group-E8ADAFC04A7A->0cab5a7d-6f40-474c-9abd-0651cf30726e: setNextIndex nextIndex: updateUnconditionally 10 -> 7
2025-10-22 08:25:52,690 [grpc-default-executor-8] INFO  server.RaftServer$Division (ServerState.java:setRaftConf(386)) - 0cab5a7d-6f40-474c-9abd-0651cf30726e@group-E8ADAFC04A7A: set configuration conf: {index: 7, cur=peers:[9d21e184-bccf-4583-95a7-0fe616dd3b4b|127.0.0.1:15079, 8aba082c-257b-43e3-ba61-5d436c5b38fa|127.0.0.1:15063, 0cab5a7d-6f40-474c-9abd-0651cf30726e|127.0.0.1:15071]|listeners:[], old=null}
2025-10-22 08:25:52,690 [grpc-default-executor-8] INFO  server.RaftServer$Division (ServerState.java:setRaftConf(386)) - 0cab5a7d-6f40-474c-9abd-0651cf30726e@group-E8ADAFC04A7A: set configuration conf: {index: 9, cur=peers:[9d21e184-bccf-4583-95a7-0fe616dd3b4b|127.0.0.1:15079, 8aba082c-257b-43e3-ba61-5d436c5b38fa|127.0.0.1:15063, 0cab5a7d-6f40-474c-9abd-0651cf30726e|127.0.0.1:15071]|listeners:[], old=null}
2025-10-22 08:25:52,690 [grpc-default-executor-8] INFO  segmented.SegmentedRaftLogWorker (SegmentedRaftLogWorker.java:rollLogSegment(445)) - 0cab5a7d-6f40-474c-9abd-0651cf30726e@group-E8ADAFC04A7A-SegmentedRaftLogWorker: Rolling segment log-0_6 to index:6
2025-10-22 08:25:52,690 [grpc-default-executor-8] INFO  segmented.SegmentedRaftLogWorker (SegmentedRaftLogWorker.java:rollLogSegment(445)) - 0cab5a7d-6f40-474c-9abd-0651cf30726e@group-E8ADAFC04A7A-SegmentedRaftLogWorker: Rolling segment log-7_8 to index:8
2025-10-22 08:25:52,691 [grpc-default-executor-5] INFO  server.RaftServer$Division (ServerState.java:setRaftConf(386)) - 8aba082c-257b-43e3-ba61-5d436c5b38fa@group-E8ADAFC04A7A: set configuration conf: {index: 9, cur=peers:[9d21e184-bccf-4583-95a7-0fe616dd3b4b|127.0.0.1:15079, 8aba082c-257b-43e3-ba61-5d436c5b38fa|127.0.0.1:15063, 0cab5a7d-6f40-474c-9abd-0651cf30726e|127.0.0.1:15071]|listeners:[], old=null}
2025-10-22 08:25:52,691 [grpc-default-executor-5] INFO  segmented.SegmentedRaftLogWorker (SegmentedRaftLogWorker.java:rollLogSegment(445)) - 8aba082c-257b-43e3-ba61-5d436c5b38fa@group-E8ADAFC04A7A-SegmentedRaftLogWorker: Rolling segment log-7_8 to index:8
2025-10-22 08:25:52,691 [0cab5a7d-6f40-474c-9abd-0651cf30726e@group-E8ADAFC04A7A-SegmentedRaftLogWorker] INFO  segmented.SegmentedRaftLogWorker (SegmentedRaftLogWorker.java:execute(604)) - 0cab5a7d-6f40-474c-9abd-0651cf30726e@group-E8ADAFC04A7A-SegmentedRaftLogWorker: Rolled log segment from /home/runner/work/ozone/ozone/hadoop-ozone/integration-test/target/test-dir/MiniOzoneClusterImpl-a412b9f6-7d8b-4de3-a85c-9946bceaa3a0/ozone-metadata/datanode-8/ratis/daae6601-de49-4157-b371-e8adafc04a7a/current/log_inprogress_0 to /home/runner/work/ozone/ozone/hadoop-ozone/integration-test/target/test-dir/MiniOzoneClusterImpl-a412b9f6-7d8b-4de3-a85c-9946bceaa3a0/ozone-metadata/datanode-8/ratis/daae6601-de49-4157-b371-e8adafc04a7a/current/log_0-6
2025-10-22 08:25:52,691 [0cab5a7d-6f40-474c-9abd-0651cf30726e@group-E8ADAFC04A7A-SegmentedRaftLogWorker] INFO  segmented.BufferedWriteChannel (BufferedWriteChannel.java:open(61)) - open log_inprogress_7 at position 0
2025-10-22 08:25:52,692 [grpc-default-executor-2] INFO  server.RaftServer$Division (ServerState.java:setRaftConf(386)) - 0cab5a7d-6f40-474c-9abd-0651cf30726e@group-E8ADAFC04A7A: set configuration conf: {index: 7, cur=peers:[9d21e184-bccf-4583-95a7-0fe616dd3b4b|127.0.0.1:15079, 8aba082c-257b-43e3-ba61-5d436c5b38fa|127.0.0.1:15063, 0cab5a7d-6f40-474c-9abd-0651cf30726e|127.0.0.1:15071]|listeners:[], old=null}
2025-10-22 08:25:52,692 [grpc-default-executor-2] INFO  server.RaftServer$Division (ServerState.java:setRaftConf(386)) - 0cab5a7d-6f40-474c-9abd-0651cf30726e@group-E8ADAFC04A7A: set configuration conf: {index: 9, cur=peers:[9d21e184-bccf-4583-95a7-0fe616dd3b4b|127.0.0.1:15079, 8aba082c-257b-43e3-ba61-5d436c5b38fa|127.0.0.1:15063, 0cab5a7d-6f40-474c-9abd-0651cf30726e|127.0.0.1:15071]|listeners:[], old=null}
2025-10-22 08:25:52,693 [8aba082c-257b-43e3-ba61-5d436c5b38fa@group-E8ADAFC04A7A-SegmentedRaftLogWorker] INFO  segmented.SegmentedRaftLogWorker (SegmentedRaftLogWorker.java:execute(604)) - 8aba082c-257b-43e3-ba61-5d436c5b38fa@group-E8ADAFC04A7A-SegmentedRaftLogWorker: Rolled log segment from /home/runner/work/ozone/ozone/hadoop-ozone/integration-test/target/test-dir/MiniOzoneClusterImpl-a412b9f6-7d8b-4de3-a85c-9946bceaa3a0/ozone-metadata/datanode-7/ratis/daae6601-de49-4157-b371-e8adafc04a7a/current/log_inprogress_7 to /home/runner/work/ozone/ozone/hadoop-ozone/integration-test/target/test-dir/MiniOzoneClusterImpl-a412b9f6-7d8b-4de3-a85c-9946bceaa3a0/ozone-metadata/datanode-7/ratis/daae6601-de49-4157-b371-e8adafc04a7a/current/log_7-8
2025-10-22 08:25:52,693 [8aba082c-257b-43e3-ba61-5d436c5b38fa@group-E8ADAFC04A7A-SegmentedRaftLogWorker] INFO  segmented.BufferedWriteChannel (BufferedWriteChannel.java:open(61)) - open log_inprogress_9 at position 0
2025-10-22 08:25:52,698 [0cab5a7d-6f40-474c-9abd-0651cf30726e@group-E8ADAFC04A7A-SegmentedRaftLogWorker] INFO  segmented.SegmentedRaftLogWorker (SegmentedRaftLogWorker.java:execute(647)) - 0cab5a7d-6f40-474c-9abd-0651cf30726e@group-E8ADAFC04A7A-SegmentedRaftLogWorker: created new log segment /home/runner/work/ozone/ozone/hadoop-ozone/integration-test/target/test-dir/MiniOzoneClusterImpl-a412b9f6-7d8b-4de3-a85c-9946bceaa3a0/ozone-metadata/datanode-8/ratis/daae6601-de49-4157-b371-e8adafc04a7a/current/log_inprogress_7
2025-10-22 08:25:52,699 [8aba082c-257b-43e3-ba61-5d436c5b38fa@group-E8ADAFC04A7A-SegmentedRaftLogWorker] INFO  segmented.SegmentedRaftLogWorker (SegmentedRaftLogWorker.java:execute(647)) - 8aba082c-257b-43e3-ba61-5d436c5b38fa@group-E8ADAFC04A7A-SegmentedRaftLogWorker: created new log segment /home/runner/work/ozone/ozone/hadoop-ozone/integration-test/target/test-dir/MiniOzoneClusterImpl-a412b9f6-7d8b-4de3-a85c-9946bceaa3a0/ozone-metadata/datanode-7/ratis/daae6601-de49-4157-b371-e8adafc04a7a/current/log_inprogress_9
2025-10-22 08:25:52,700 [0cab5a7d-6f40-474c-9abd-0651cf30726e@group-E8ADAFC04A7A-SegmentedRaftLogWorker] INFO  segmented.SegmentedRaftLogWorker (SegmentedRaftLogWorker.java:execute(604)) - 0cab5a7d-6f40-474c-9abd-0651cf30726e@group-E8ADAFC04A7A-SegmentedRaftLogWorker: Rolled log segment from /home/runner/work/ozone/ozone/hadoop-ozone/integration-test/target/test-dir/MiniOzoneClusterImpl-a412b9f6-7d8b-4de3-a85c-9946bceaa3a0/ozone-metadata/datanode-8/ratis/daae6601-de49-4157-b371-e8adafc04a7a/current/log_inprogress_7 to /home/runner/work/ozone/ozone/hadoop-ozone/integration-test/target/test-dir/MiniOzoneClusterImpl-a412b9f6-7d8b-4de3-a85c-9946bceaa3a0/ozone-metadata/datanode-8/ratis/daae6601-de49-4157-b371-e8adafc04a7a/current/log_7-8
2025-10-22 08:25:52,700 [0cab5a7d-6f40-474c-9abd-0651cf30726e@group-E8ADAFC04A7A-SegmentedRaftLogWorker] INFO  segmented.BufferedWriteChannel (BufferedWriteChannel.java:open(61)) - open log_inprogress_9 at position 0
2025-10-22 08:25:52,702 [9d21e184-bccf-4583-95a7-0fe616dd3b4b@group-E8ADAFC04A7A-StateMachineUpdater] INFO  server.RaftServer$Division (LeaderStateImpl.java:checkStartIndex(309)) - Leader 9d21e184-bccf-4583-95a7-0fe616dd3b4b@group-E8ADAFC04A7A-LeaderStateImpl is ready since appliedIndex == startIndex == 9
2025-10-22 08:25:52,706 [0cab5a7d-6f40-474c-9abd-0651cf30726e@group-E8ADAFC04A7A-SegmentedRaftLogWorker] INFO  segmented.SegmentedRaftLogWorker (SegmentedRaftLogWorker.java:execute(647)) - 0cab5a7d-6f40-474c-9abd-0651cf30726e@group-E8ADAFC04A7A-SegmentedRaftLogWorker: created new log segment /home/runner/work/ozone/ozone/hadoop-ozone/integration-test/target/test-dir/MiniOzoneClusterImpl-a412b9f6-7d8b-4de3-a85c-9946bceaa3a0/ozone-metadata/datanode-8/ratis/daae6601-de49-4157-b371-e8adafc04a7a/current/log_inprogress_9
2025-10-22 08:25:53,132 [8aba082c-257b-43e3-ba61-5d436c5b38fa@group-45121E95117A-FollowerState] INFO  impl.FollowerState (FollowerState.java:runImpl(161)) - 8aba082c-257b-43e3-ba61-5d436c5b38fa@group-45121E95117A-FollowerState: change to CANDIDATE, lastRpcElapsedTime:1178312731ns, electionTimeout:1178ms
2025-10-22 08:25:53,133 [8aba082c-257b-43e3-ba61-5d436c5b38fa@group-45121E95117A-FollowerState] INFO  impl.RoleInfo (RoleInfo.java:shutdownFollowerState(121)) - 8aba082c-257b-43e3-ba61-5d436c5b38fa: shutdown 8aba082c-257b-43e3-ba61-5d436c5b38fa@group-45121E95117A-FollowerState
2025-10-22 08:25:53,133 [8aba082c-257b-43e3-ba61-5d436c5b38fa@group-45121E95117A-FollowerState] INFO  server.RaftServer$Division (RaftServerImpl.java:setRole(392)) - 8aba082c-257b-43e3-ba61-5d436c5b38fa@group-45121E95117A: changes role from  FOLLOWER to CANDIDATE at term 1 for changeToCandidate
2025-10-22 08:25:53,133 [8aba082c-257b-43e3-ba61-5d436c5b38fa@group-45121E95117A-FollowerState] INFO  impl.RoleInfo (RoleInfo.java:updateAndGet(148)) - 8aba082c-257b-43e3-ba61-5d436c5b38fa: start 8aba082c-257b-43e3-ba61-5d436c5b38fa@group-45121E95117A-LeaderElection240
2025-10-22 08:25:53,133 [8aba082c-257b-43e3-ba61-5d436c5b38fa@group-45121E95117A-LeaderElection240] INFO  impl.LeaderElection (LeaderElection.java:askForVotes(448)) - 8aba082c-257b-43e3-ba61-5d436c5b38fa@group-45121E95117A-LeaderElection240 PRE_VOTE round 0: submit vote requests at term 1 for conf: {index: 0, cur=peers:[9d21e184-bccf-4583-95a7-0fe616dd3b4b|127.0.0.1:15079, 8aba082c-257b-43e3-ba61-5d436c5b38fa|127.0.0.1:15063, 0cab5a7d-6f40-474c-9abd-0651cf30726e|127.0.0.1:15071]|listeners:[], old=null}
2025-10-22 08:25:53,134 [8aba082c-257b-43e3-ba61-5d436c5b38fa@group-45121E95117A-LeaderElection240] INFO  impl.LeaderElection (LogUtils.java:infoOrTrace(142)) - 8aba082c-257b-43e3-ba61-5d436c5b38fa@group-45121E95117A-LeaderElection240 got exception when requesting votes: java.util.concurrent.ExecutionException: org.apache.ratis.thirdparty.io.grpc.StatusRuntimeException: UNAVAILABLE: io exception
2025-10-22 08:25:53,134 [8aba082c-257b-43e3-ba61-5d436c5b38fa@group-45121E95117A-LeaderElection240] INFO  impl.LeaderElection (LogUtils.java:infoOrTrace(142)) - 8aba082c-257b-43e3-ba61-5d436c5b38fa@group-45121E95117A-LeaderElection240 got exception when requesting votes: java.util.concurrent.ExecutionException: org.apache.ratis.thirdparty.io.grpc.StatusRuntimeException: UNAVAILABLE: io exception
2025-10-22 08:25:53,134 [8aba082c-257b-43e3-ba61-5d436c5b38fa@group-45121E95117A-LeaderElection240] INFO  impl.LeaderElection (LeaderElection.java:logAndReturn(206)) - 8aba082c-257b-43e3-ba61-5d436c5b38fa@group-45121E95117A-LeaderElection240: PRE_VOTE REJECTED received 0 response(s) and 2 exception(s):
2025-10-22 08:25:53,134 [8aba082c-257b-43e3-ba61-5d436c5b38fa@group-45121E95117A-LeaderElection240] INFO  impl.LeaderElection (LogUtils.java:infoOrTrace(142)) -   Exception 0: java.util.concurrent.ExecutionException: org.apache.ratis.thirdparty.io.grpc.StatusRuntimeException: UNAVAILABLE: io exception
2025-10-22 08:25:53,134 [8aba082c-257b-43e3-ba61-5d436c5b38fa@group-45121E95117A-LeaderElection240] INFO  impl.LeaderElection (LogUtils.java:infoOrTrace(142)) -   Exception 1: java.util.concurrent.ExecutionException: org.apache.ratis.thirdparty.io.grpc.StatusRuntimeException: UNAVAILABLE: io exception
2025-10-22 08:25:53,134 [8aba082c-257b-43e3-ba61-5d436c5b38fa@group-45121E95117A-LeaderElection240] INFO  impl.LeaderElection (LeaderElection.java:askForVotes(450)) - 8aba082c-257b-43e3-ba61-5d436c5b38fa@group-45121E95117A-LeaderElection240 PRE_VOTE round 0: result REJECTED
2025-10-22 08:25:53,134 [8aba082c-257b-43e3-ba61-5d436c5b38fa@group-45121E95117A-LeaderElection240] INFO  server.RaftServer$Division (RaftServerImpl.java:setRole(392)) - 8aba082c-257b-43e3-ba61-5d436c5b38fa@group-45121E95117A: changes role from CANDIDATE to FOLLOWER at term 1 for REJECTED
2025-10-22 08:25:53,134 [8aba082c-257b-43e3-ba61-5d436c5b38fa@group-45121E95117A-LeaderElection240] INFO  impl.RoleInfo (RoleInfo.java:shutdownLeaderElection(141)) - 8aba082c-257b-43e3-ba61-5d436c5b38fa: shutdown 8aba082c-257b-43e3-ba61-5d436c5b38fa@group-45121E95117A-LeaderElection240
2025-10-22 08:25:53,134 [8aba082c-257b-43e3-ba61-5d436c5b38fa@group-45121E95117A-LeaderElection240] INFO  impl.RoleInfo (RoleInfo.java:updateAndGet(148)) - 8aba082c-257b-43e3-ba61-5d436c5b38fa: start 8aba082c-257b-43e3-ba61-5d436c5b38fa@group-45121E95117A-FollowerState
2025-10-22 08:25:53,499 [0cab5a7d-6f40-474c-9abd-0651cf30726e@group-45121E95117A-FollowerState] INFO  impl.FollowerState (FollowerState.java:runImpl(161)) - 0cab5a7d-6f40-474c-9abd-0651cf30726e@group-45121E95117A-FollowerState: change to CANDIDATE, lastRpcElapsedTime:1068424136ns, electionTimeout:1068ms
2025-10-22 08:25:53,499 [0cab5a7d-6f40-474c-9abd-0651cf30726e@group-45121E95117A-FollowerState] INFO  impl.RoleInfo (RoleInfo.java:shutdownFollowerState(121)) - 0cab5a7d-6f40-474c-9abd-0651cf30726e: shutdown 0cab5a7d-6f40-474c-9abd-0651cf30726e@group-45121E95117A-FollowerState
2025-10-22 08:25:53,499 [0cab5a7d-6f40-474c-9abd-0651cf30726e@group-45121E95117A-FollowerState] INFO  server.RaftServer$Division (RaftServerImpl.java:setRole(392)) - 0cab5a7d-6f40-474c-9abd-0651cf30726e@group-45121E95117A: changes role from  FOLLOWER to CANDIDATE at term 1 for changeToCandidate
2025-10-22 08:25:53,499 [0cab5a7d-6f40-474c-9abd-0651cf30726e@group-45121E95117A-FollowerState] INFO  impl.RoleInfo (RoleInfo.java:updateAndGet(148)) - 0cab5a7d-6f40-474c-9abd-0651cf30726e: start 0cab5a7d-6f40-474c-9abd-0651cf30726e@group-45121E95117A-LeaderElection241
2025-10-22 08:25:53,499 [0cab5a7d-6f40-474c-9abd-0651cf30726e@group-45121E95117A-LeaderElection241] INFO  impl.LeaderElection (LeaderElection.java:askForVotes(448)) - 0cab5a7d-6f40-474c-9abd-0651cf30726e@group-45121E95117A-LeaderElection241 PRE_VOTE round 0: submit vote requests at term 1 for conf: {index: 0, cur=peers:[9d21e184-bccf-4583-95a7-0fe616dd3b4b|127.0.0.1:15079, 8aba082c-257b-43e3-ba61-5d436c5b38fa|127.0.0.1:15063, 0cab5a7d-6f40-474c-9abd-0651cf30726e|127.0.0.1:15071]|listeners:[], old=null}
2025-10-22 08:25:53,501 [grpc-default-executor-5] INFO  server.RaftServer$Division (RaftServerImpl.java:requestVote(1421)) - 8aba082c-257b-43e3-ba61-5d436c5b38fa@group-45121E95117A: receive requestVote(PRE_VOTE, 0cab5a7d-6f40-474c-9abd-0651cf30726e, group-45121E95117A, 1, (t:1, i:7))
2025-10-22 08:25:53,501 [grpc-default-executor-5] INFO  impl.VoteContext (VoteContext.java:log(49)) - 8aba082c-257b-43e3-ba61-5d436c5b38fa@group-45121E95117A-FOLLOWER: reject PRE_VOTE from 0cab5a7d-6f40-474c-9abd-0651cf30726e: our priority 1 > candidate's priority 0
2025-10-22 08:25:53,501 [grpc-default-executor-5] INFO  server.RaftServer$Division (RaftServerImpl.java:requestVote(1455)) - 8aba082c-257b-43e3-ba61-5d436c5b38fa@group-45121E95117A replies to PRE_VOTE vote request: 0cab5a7d-6f40-474c-9abd-0651cf30726e<-8aba082c-257b-43e3-ba61-5d436c5b38fa#0:FAIL-t1-last:(t:1, i:7). Peer's state: 8aba082c-257b-43e3-ba61-5d436c5b38fa@group-45121E95117A:t1, leader=null, voted=8aba082c-257b-43e3-ba61-5d436c5b38fa, raftlog=Memoized:8aba082c-257b-43e3-ba61-5d436c5b38fa@group-45121E95117A-SegmentedRaftLog:OPENED:c7:last(t:1, i:7), conf=conf: {index: 0, cur=peers:[9d21e184-bccf-4583-95a7-0fe616dd3b4b|127.0.0.1:15079, 8aba082c-257b-43e3-ba61-5d436c5b38fa|127.0.0.1:15063, 0cab5a7d-6f40-474c-9abd-0651cf30726e|127.0.0.1:15071]|listeners:[], old=null}
2025-10-22 08:25:53,501 [grpc-default-executor-2] INFO  server.RaftServer$Division (RaftServerImpl.java:requestVote(1421)) - 9d21e184-bccf-4583-95a7-0fe616dd3b4b@group-45121E95117A: receive requestVote(PRE_VOTE, 0cab5a7d-6f40-474c-9abd-0651cf30726e, group-45121E95117A, 1, (t:1, i:7))
2025-10-22 08:25:53,501 [grpc-default-executor-2] INFO  impl.VoteContext (VoteContext.java:log(49)) - 9d21e184-bccf-4583-95a7-0fe616dd3b4b@group-45121E95117A-FOLLOWER: accept PRE_VOTE from 0cab5a7d-6f40-474c-9abd-0651cf30726e: our priority 0 <= candidate's priority 0
2025-10-22 08:25:53,501 [grpc-default-executor-2] INFO  server.RaftServer$Division (RaftServerImpl.java:requestVote(1455)) - 9d21e184-bccf-4583-95a7-0fe616dd3b4b@group-45121E95117A replies to PRE_VOTE vote request: 0cab5a7d-6f40-474c-9abd-0651cf30726e<-9d21e184-bccf-4583-95a7-0fe616dd3b4b#0:OK-t1-last:(t:1, i:7). Peer's state: 9d21e184-bccf-4583-95a7-0fe616dd3b4b@group-45121E95117A:t1, leader=null, voted=8aba082c-257b-43e3-ba61-5d436c5b38fa, raftlog=Memoized:9d21e184-bccf-4583-95a7-0fe616dd3b4b@group-45121E95117A-SegmentedRaftLog:OPENED:c7:last(t:1, i:7), conf=conf: {index: 0, cur=peers:[9d21e184-bccf-4583-95a7-0fe616dd3b4b|127.0.0.1:15079, 8aba082c-257b-43e3-ba61-5d436c5b38fa|127.0.0.1:15063, 0cab5a7d-6f40-474c-9abd-0651cf30726e|127.0.0.1:15071]|listeners:[], old=null}
2025-10-22 08:25:53,502 [0cab5a7d-6f40-474c-9abd-0651cf30726e@group-45121E95117A-LeaderElection241] INFO  impl.LeaderElection (LeaderElection.java:logAndReturn(206)) - 0cab5a7d-6f40-474c-9abd-0651cf30726e@group-45121E95117A-LeaderElection241: PRE_VOTE REJECTED received 1 response(s) and 0 exception(s):
2025-10-22 08:25:53,502 [0cab5a7d-6f40-474c-9abd-0651cf30726e@group-45121E95117A-LeaderElection241] INFO  impl.LeaderElection (LeaderElection.java:logAndReturn(210)) -   Response 0: 0cab5a7d-6f40-474c-9abd-0651cf30726e<-8aba082c-257b-43e3-ba61-5d436c5b38fa#0:FAIL-t1-last:(t:1, i:7)
2025-10-22 08:25:53,502 [0cab5a7d-6f40-474c-9abd-0651cf30726e@group-45121E95117A-LeaderElection241] INFO  impl.LeaderElection (LeaderElection.java:askForVotes(450)) - 0cab5a7d-6f40-474c-9abd-0651cf30726e@group-45121E95117A-LeaderElection241 PRE_VOTE round 0: result REJECTED
2025-10-22 08:25:53,502 [0cab5a7d-6f40-474c-9abd-0651cf30726e@group-45121E95117A-LeaderElection241] INFO  server.RaftServer$Division (RaftServerImpl.java:setRole(392)) - 0cab5a7d-6f40-474c-9abd-0651cf30726e@group-45121E95117A: changes role from CANDIDATE to FOLLOWER at term 1 for REJECTED
2025-10-22 08:25:53,502 [0cab5a7d-6f40-474c-9abd-0651cf30726e@group-45121E95117A-LeaderElection241] INFO  impl.RoleInfo (RoleInfo.java:shutdownLeaderElection(141)) - 0cab5a7d-6f40-474c-9abd-0651cf30726e: shutdown 0cab5a7d-6f40-474c-9abd-0651cf30726e@group-45121E95117A-LeaderElection241
2025-10-22 08:25:53,502 [0cab5a7d-6f40-474c-9abd-0651cf30726e@group-45121E95117A-LeaderElection241] INFO  impl.RoleInfo (RoleInfo.java:updateAndGet(148)) - 0cab5a7d-6f40-474c-9abd-0651cf30726e: start 0cab5a7d-6f40-474c-9abd-0651cf30726e@group-45121E95117A-FollowerState
2025-10-22 08:25:53,553 [grpc-default-executor-2] ERROR impl.OrderedAsync (OrderedAsync.java:lambda$null$6(215)) -  client-072C84751998: Failed* RaftClientRequest:client-072C84751998->8aba082c-257b-43e3-ba61-5d436c5b38fa@group-E8ADAFC04A7A, cid=61, seq=1*, Watch(0), null
java.util.concurrent.CompletionException: org.apache.ratis.protocol.exceptions.NotLeaderException: Server 8aba082c-257b-43e3-ba61-5d436c5b38fa@group-E8ADAFC04A7A is not the leader, suggested leader is: 9d21e184-bccf-4583-95a7-0fe616dd3b4b|127.0.0.1:15079
	at java.base/java.util.concurrent.CompletableFuture.encodeThrowable(CompletableFuture.java:332)
	at java.base/java.util.concurrent.CompletableFuture.completeThrowable(CompletableFuture.java:347)
	at java.base/java.util.concurrent.CompletableFuture$UniAccept.tryFire(CompletableFuture.java:708)
	at java.base/java.util.concurrent.CompletableFuture.postComplete(CompletableFuture.java:510)
	at java.base/java.util.concurrent.CompletableFuture.completeExceptionally(CompletableFuture.java:2194)
	at org.apache.ratis.grpc.client.GrpcClientProtocolClient$AsyncStreamObservers.completeReplyExceptionally(GrpcClientProtocolClient.java:397)
	at org.apache.ratis.grpc.client.GrpcClientProtocolClient$AsyncStreamObservers.access$000(GrpcClientProtocolClient.java:303)
	at org.apache.ratis.grpc.client.GrpcClientProtocolClient$AsyncStreamObservers$1.onNext(GrpcClientProtocolClient.java:317)
	at org.apache.ratis.grpc.client.GrpcClientProtocolClient$AsyncStreamObservers$1.onNext(GrpcClientProtocolClient.java:308)
	at org.apache.ratis.thirdparty.io.grpc.stub.ClientCalls$StreamObserverToCallListenerAdapter.onMessage(ClientCalls.java:551)
	at org.apache.ratis.thirdparty.io.grpc.ForwardingClientCallListener.onMessage(ForwardingClientCallListener.java:33)
	at org.apache.ratis.thirdparty.io.grpc.internal.ClientCallImpl$ClientStreamListenerImpl$1MessagesAvailable.runInternal(ClientCallImpl.java:661)
	at org.apache.ratis.thirdparty.io.grpc.internal.ClientCallImpl$ClientStreamListenerImpl$1MessagesAvailable.runInContext(ClientCallImpl.java:648)
	at org.apache.ratis.thirdparty.io.grpc.internal.ContextRunnable.run(ContextRunnable.java:37)
	at org.apache.ratis.thirdparty.io.grpc.internal.SerializingExecutor.run(SerializingExecutor.java:133)
	at java.base/java.util.concurrent.ThreadPoolExecutor.runWorker(ThreadPoolExecutor.java:1144)
	at java.base/java.util.concurrent.ThreadPoolExecutor$Worker.run(ThreadPoolExecutor.java:642)
	at java.base/java.lang.Thread.run(Thread.java:1583)
Caused by: org.apache.ratis.protocol.exceptions.NotLeaderException: Server 8aba082c-257b-43e3-ba61-5d436c5b38fa@group-E8ADAFC04A7A is not the leader, suggested leader is: 9d21e184-bccf-4583-95a7-0fe616dd3b4b|127.0.0.1:15079
	at org.apache.ratis.client.impl.ClientProtoUtils.toRaftClientReply(ClientProtoUtils.java:402)
	at org.apache.ratis.grpc.client.GrpcClientProtocolClient$AsyncStreamObservers$1.onNext(GrpcClientProtocolClient.java:313)
	... 10 more
2025-10-22 08:25:53,580 [ForkJoinPool-1-worker-1] INFO  ozoneimpl.OzoneContainer (OzoneContainer.java:stop(568)) - Attempting to stop container services.
2025-10-22 08:25:53,581 [ContainerMetadataScanner] WARN  ozoneimpl.AbstractBackgroundContainerScanner (AbstractBackgroundContainerScanner.java:handleRemainingSleep(136)) - Background container scan was interrupted.
2025-10-22 08:25:53,581 [ContainerMetadataScanner] INFO  ozoneimpl.AbstractBackgroundContainerScanner (AbstractBackgroundContainerScanner.java:run(63)) - org.apache.hadoop.ozone.container.ozoneimpl.BackgroundContainerMetadataScanner@358f2b8b exiting.
2025-10-22 08:25:53,581 [ForkJoinPool-1-worker-1] INFO  ozoneimpl.BackgroundContainerDataScanner (BackgroundContainerDataScanner.java:shutdown(87)) - ContainerDataScanner(/home/runner/work/ozone/ozone/hadoop-ozone/integration-test/target/test-dir/MiniOzoneClusterImpl-a412b9f6-7d8b-4de3-a85c-9946bceaa3a0/ozone-metadata/datanode-8/data-0/hdds) is shutting down. 
2025-10-22 08:25:53,581 [ContainerDataScanner(/home/runner/work/ozone/ozone/hadoop-ozone/integration-test/target/test-dir/MiniOzoneClusterImpl-a412b9f6-7d8b-4de3-a85c-9946bceaa3a0/ozone-metadata/datanode-8/data-0/hdds)] WARN  ozoneimpl.AbstractBackgroundContainerScanner (AbstractBackgroundContainerScanner.java:handleRemainingSleep(136)) - Background container scan was interrupted.
2025-10-22 08:25:53,581 [ContainerDataScanner(/home/runner/work/ozone/ozone/hadoop-ozone/integration-test/target/test-dir/MiniOzoneClusterImpl-a412b9f6-7d8b-4de3-a85c-9946bceaa3a0/ozone-metadata/datanode-8/data-0/hdds)] INFO  ozoneimpl.AbstractBackgroundContainerScanner (AbstractBackgroundContainerScanner.java:run(63)) - ContainerDataScanner(/home/runner/work/ozone/ozone/hadoop-ozone/integration-test/target/test-dir/MiniOzoneClusterImpl-a412b9f6-7d8b-4de3-a85c-9946bceaa3a0/ozone-metadata/datanode-8/data-0/hdds, DS-1ec53189-a8d9-456e-823c-b078e2857cda) exiting.
2025-10-22 08:25:53,581 [ForkJoinPool-1-worker-1] INFO  ozoneimpl.OnDemandContainerScanner (OnDemandContainerScanner.java:shutdown(141)) - On-demand container scanner is shutting down.
2025-10-22 08:25:53,582 [ForkJoinPool-1-worker-1] INFO  ratis.XceiverServerRatis (XceiverServerRatis.java:stop(594)) - Closing XceiverServerRatis(0cab5a7d-6f40-474c-9abd-0651cf30726e)
2025-10-22 08:25:53,582 [ForkJoinPool-1-worker-1] INFO  server.RaftServer (RaftServerProxy.java:lambda$close$9(422)) - 0cab5a7d-6f40-474c-9abd-0651cf30726e: close
2025-10-22 08:25:53,582 [ForkJoinPool-1-worker-1] INFO  server.GrpcServicesImpl (GrpcServicesImpl.java:closeImpl(355)) - 0cab5a7d-6f40-474c-9abd-0651cf30726e: shutdown server org.apache.ratis.grpc.server.GrpcClientProtocolService now
2025-10-22 08:25:53,582 [0cab5a7d-6f40-474c-9abd-0651cf30726e-impl-thread1] INFO  server.RaftServer$Division (RaftServerImpl.java:lambda$close$1(527)) - 0cab5a7d-6f40-474c-9abd-0651cf30726e@group-E8ADAFC04A7A: shutdown
2025-10-22 08:25:53,582 [0cab5a7d-6f40-474c-9abd-0651cf30726e-impl-thread1] INFO  util.JmxRegister (JmxRegister.java:unregister(74)) - Successfully un-registered JMX Bean with object name Ratis:service=RaftServer,group=group-E8ADAFC04A7A,id=0cab5a7d-6f40-474c-9abd-0651cf30726e
2025-10-22 08:25:53,582 [0cab5a7d-6f40-474c-9abd-0651cf30726e-impl-thread1] INFO  impl.RoleInfo (RoleInfo.java:shutdownFollowerState(121)) - 0cab5a7d-6f40-474c-9abd-0651cf30726e: shutdown 0cab5a7d-6f40-474c-9abd-0651cf30726e@group-E8ADAFC04A7A-FollowerState
2025-10-22 08:25:53,582 [0cab5a7d-6f40-474c-9abd-0651cf30726e-impl-thread2] INFO  server.RaftServer$Division (RaftServerImpl.java:lambda$close$1(527)) - 0cab5a7d-6f40-474c-9abd-0651cf30726e@group-45121E95117A: shutdown
2025-10-22 08:25:53,582 [0cab5a7d-6f40-474c-9abd-0651cf30726e-impl-thread2] INFO  util.JmxRegister (JmxRegister.java:unregister(74)) - Successfully un-registered JMX Bean with object name Ratis:service=RaftServer,group=group-45121E95117A,id=0cab5a7d-6f40-474c-9abd-0651cf30726e
2025-10-22 08:25:53,583 [0cab5a7d-6f40-474c-9abd-0651cf30726e-impl-thread2] INFO  impl.RoleInfo (RoleInfo.java:shutdownFollowerState(121)) - 0cab5a7d-6f40-474c-9abd-0651cf30726e: shutdown 0cab5a7d-6f40-474c-9abd-0651cf30726e@group-45121E95117A-FollowerState
2025-10-22 08:25:53,583 [0cab5a7d-6f40-474c-9abd-0651cf30726e-impl-thread2] INFO  impl.StateMachineUpdater (StateMachineUpdater.java:stopAndJoin(163)) - 0cab5a7d-6f40-474c-9abd-0651cf30726e@group-45121E95117A-StateMachineUpdater: set stopIndex = 6
2025-10-22 08:25:53,582 [0cab5a7d-6f40-474c-9abd-0651cf30726e-impl-thread3] INFO  server.RaftServer$Division (RaftServerImpl.java:lambda$close$1(527)) - 0cab5a7d-6f40-474c-9abd-0651cf30726e@group-EE76401C21D3: shutdown
2025-10-22 08:25:53,583 [0cab5a7d-6f40-474c-9abd-0651cf30726e-impl-thread3] INFO  util.JmxRegister (JmxRegister.java:unregister(74)) - Successfully un-registered JMX Bean with object name Ratis:service=RaftServer,group=group-EE76401C21D3,id=0cab5a7d-6f40-474c-9abd-0651cf30726e
2025-10-22 08:25:53,583 [0cab5a7d-6f40-474c-9abd-0651cf30726e-impl-thread3] INFO  impl.RoleInfo (RoleInfo.java:shutdownLeaderState(103)) - 0cab5a7d-6f40-474c-9abd-0651cf30726e: shutdown 0cab5a7d-6f40-474c-9abd-0651cf30726e@group-EE76401C21D3-LeaderStateImpl
2025-10-22 08:25:53,583 [0cab5a7d-6f40-474c-9abd-0651cf30726e-impl-thread3] INFO  impl.PendingRequests (PendingRequests.java:sendNotLeaderResponses(287)) - 0cab5a7d-6f40-474c-9abd-0651cf30726e@group-EE76401C21D3-PendingRequests: sendNotLeaderResponses
2025-10-22 08:25:53,583 [0cab5a7d-6f40-474c-9abd-0651cf30726e@group-45121E95117A-FollowerState] INFO  impl.FollowerState (FollowerState.java:runImpl(170)) - 0cab5a7d-6f40-474c-9abd-0651cf30726e@group-45121E95117A-FollowerState was interrupted
2025-10-22 08:25:53,583 [Thread-2469] INFO  server.GrpcServerProtocolClient (GrpcServerProtocolClient.java:close(105)) - 9d21e184-bccf-4583-95a7-0fe616dd3b4b Close channels
2025-10-22 08:25:53,584 [Thread-2470] INFO  server.GrpcServerProtocolClient (GrpcServerProtocolClient.java:close(105)) - 8aba082c-257b-43e3-ba61-5d436c5b38fa Close channels
2025-10-22 08:25:53,584 [0cab5a7d-6f40-474c-9abd-0651cf30726e-impl-thread3] INFO  impl.StateMachineUpdater (StateMachineUpdater.java:stopAndJoin(163)) - 0cab5a7d-6f40-474c-9abd-0651cf30726e@group-EE76401C21D3-StateMachineUpdater: set stopIndex = 2
2025-10-22 08:25:53,584 [0cab5a7d-6f40-474c-9abd-0651cf30726e@group-E8ADAFC04A7A-FollowerState] INFO  impl.FollowerState (FollowerState.java:runImpl(170)) - 0cab5a7d-6f40-474c-9abd-0651cf30726e@group-E8ADAFC04A7A-FollowerState was interrupted
2025-10-22 08:25:53,584 [0cab5a7d-6f40-474c-9abd-0651cf30726e-impl-thread1] INFO  impl.StateMachineUpdater (StateMachineUpdater.java:stopAndJoin(163)) - 0cab5a7d-6f40-474c-9abd-0651cf30726e@group-E8ADAFC04A7A-StateMachineUpdater: set stopIndex = 12
2025-10-22 08:25:53,584 [0cab5a7d-6f40-474c-9abd-0651cf30726e@group-EE76401C21D3-StateMachineUpdater] INFO  ratis.ContainerStateMachine (ContainerStateMachine.java:takeSnapshot(427)) - group-EE76401C21D3: Taking a snapshot at:(t:2, i:2) file /home/runner/work/ozone/ozone/hadoop-ozone/integration-test/target/test-dir/MiniOzoneClusterImpl-a412b9f6-7d8b-4de3-a85c-9946bceaa3a0/ozone-metadata/datanode-8/ratis/f4bcb322-ee1f-41bd-9c2f-ee76401c21d3/sm/snapshot.2_2
2025-10-22 08:25:53,584 [ForkJoinPool-1-worker-1] INFO  server.GrpcServicesImpl (GrpcServicesImpl.java:closeImpl(364)) - 0cab5a7d-6f40-474c-9abd-0651cf30726e: shutdown server org.apache.ratis.grpc.server.GrpcClientProtocolService successfully
2025-10-22 08:25:53,584 [0cab5a7d-6f40-474c-9abd-0651cf30726e@group-E8ADAFC04A7A-StateMachineUpdater] INFO  ratis.ContainerStateMachine (ContainerStateMachine.java:takeSnapshot(427)) - group-E8ADAFC04A7A: Taking a snapshot at:(t:3, i:12) file /home/runner/work/ozone/ozone/hadoop-ozone/integration-test/target/test-dir/MiniOzoneClusterImpl-a412b9f6-7d8b-4de3-a85c-9946bceaa3a0/ozone-metadata/datanode-8/ratis/daae6601-de49-4157-b371-e8adafc04a7a/sm/snapshot.3_12
2025-10-22 08:25:53,585 [ForkJoinPool-1-worker-1] INFO  server.GrpcServicesImpl (GrpcServicesImpl.java:closeImpl(355)) - 0cab5a7d-6f40-474c-9abd-0651cf30726e: shutdown server GrpcServerProtocolService now
2025-10-22 08:25:53,584 [0cab5a7d-6f40-474c-9abd-0651cf30726e@group-45121E95117A-StateMachineUpdater] INFO  impl.StateMachineUpdater (StateMachineUpdater.java:stop(140)) - 0cab5a7d-6f40-474c-9abd-0651cf30726e@group-45121E95117A-StateMachineUpdater: closing ContainerStateMachine, lastApplied=(t:1, i:6)
2025-10-22 08:25:53,585 [0cab5a7d-6f40-474c-9abd-0651cf30726e@group-EE76401C21D3-StateMachineUpdater] INFO  ratis.ContainerStateMachine (ContainerStateMachine.java:takeSnapshot(436)) - group-EE76401C21D3: Finished taking a snapshot at:(t:2, i:2) file:/home/runner/work/ozone/ozone/hadoop-ozone/integration-test/target/test-dir/MiniOzoneClusterImpl-a412b9f6-7d8b-4de3-a85c-9946bceaa3a0/ozone-metadata/datanode-8/ratis/f4bcb322-ee1f-41bd-9c2f-ee76401c21d3/sm/snapshot.2_2 took: 1 ms
2025-10-22 08:25:53,586 [0cab5a7d-6f40-474c-9abd-0651cf30726e@group-E8ADAFC04A7A-StateMachineUpdater] INFO  ratis.ContainerStateMachine (ContainerStateMachine.java:takeSnapshot(436)) - group-E8ADAFC04A7A: Finished taking a snapshot at:(t:3, i:12) file:/home/runner/work/ozone/ozone/hadoop-ozone/integration-test/target/test-dir/MiniOzoneClusterImpl-a412b9f6-7d8b-4de3-a85c-9946bceaa3a0/ozone-metadata/datanode-8/ratis/daae6601-de49-4157-b371-e8adafc04a7a/sm/snapshot.3_12 took: 2 ms
2025-10-22 08:25:53,586 [0cab5a7d-6f40-474c-9abd-0651cf30726e@group-E8ADAFC04A7A-StateMachineUpdater] INFO  impl.StateMachineUpdater (StateMachineUpdater.java:takeSnapshot(307)) - 0cab5a7d-6f40-474c-9abd-0651cf30726e@group-E8ADAFC04A7A-StateMachineUpdater: Took a snapshot at index 12
2025-10-22 08:25:53,586 [0cab5a7d-6f40-474c-9abd-0651cf30726e@group-EE76401C21D3-StateMachineUpdater] INFO  impl.StateMachineUpdater (StateMachineUpdater.java:takeSnapshot(307)) - 0cab5a7d-6f40-474c-9abd-0651cf30726e@group-EE76401C21D3-StateMachineUpdater: Took a snapshot at index 2
2025-10-22 08:25:53,586 [0cab5a7d-6f40-474c-9abd-0651cf30726e@group-E8ADAFC04A7A-StateMachineUpdater] INFO  impl.StateMachineUpdater (StateMachineUpdater.java:lambda$new$0(101)) - 0cab5a7d-6f40-474c-9abd-0651cf30726e@group-E8ADAFC04A7A-StateMachineUpdater: snapshotIndex: updateIncreasingly 6 -> 12
2025-10-22 08:25:53,586 [0cab5a7d-6f40-474c-9abd-0651cf30726e@group-45121E95117A-cacheEviction-AwaitToRun] INFO  util.AwaitToRun (AwaitToRun.java:run(49)) - 0cab5a7d-6f40-474c-9abd-0651cf30726e@group-45121E95117A-cacheEviction-AwaitToRun-AwaitForSignal is interrupted
2025-10-22 08:25:53,586 [0cab5a7d-6f40-474c-9abd-0651cf30726e@group-E8ADAFC04A7A-StateMachineUpdater] INFO  impl.StateMachineUpdater (StateMachineUpdater.java:stop(140)) - 0cab5a7d-6f40-474c-9abd-0651cf30726e@group-E8ADAFC04A7A-StateMachineUpdater: closing ContainerStateMachine, lastApplied=(t:3, i:12)
2025-10-22 08:25:53,586 [0cab5a7d-6f40-474c-9abd-0651cf30726e@group-E8ADAFC04A7A-cacheEviction-AwaitToRun] INFO  util.AwaitToRun (AwaitToRun.java:run(49)) - 0cab5a7d-6f40-474c-9abd-0651cf30726e@group-E8ADAFC04A7A-cacheEviction-AwaitToRun-AwaitForSignal is interrupted
2025-10-22 08:25:53,586 [0cab5a7d-6f40-474c-9abd-0651cf30726e@group-EE76401C21D3-StateMachineUpdater] INFO  impl.StateMachineUpdater (StateMachineUpdater.java:lambda$new$0(101)) - 0cab5a7d-6f40-474c-9abd-0651cf30726e@group-EE76401C21D3-StateMachineUpdater: snapshotIndex: updateIncreasingly 0 -> 2
2025-10-22 08:25:53,587 [ForkJoinPool-1-worker-1] INFO  server.GrpcServicesImpl (GrpcServicesImpl.java:closeImpl(364)) - 0cab5a7d-6f40-474c-9abd-0651cf30726e: shutdown server GrpcServerProtocolService successfully
2025-10-22 08:25:53,587 [ForkJoinPool-1-worker-1] INFO  server.GrpcServicesImpl (GrpcServicesImpl.java:closeImpl(355)) - 0cab5a7d-6f40-474c-9abd-0651cf30726e: shutdown server org.apache.ratis.grpc.server.GrpcAdminProtocolService now
2025-10-22 08:25:53,587 [grpc-default-executor-3] WARN  server.GrpcServerProtocolService (LogUtils.java:warn(127)) - 0cab5a7d-6f40-474c-9abd-0651cf30726e: APPEND_ENTRIES onError, lastRequest: 9d21e184-bccf-4583-95a7-0fe616dd3b4b->0cab5a7d-6f40-474c-9abd-0651cf30726e#15-t3,previous=(t:3, i:12),leaderCommit=12,initializing? false,entries: size=2, first=(t:3, i:13), METADATAENTRY(c:11): org.apache.ratis.thirdparty.io.grpc.StatusRuntimeException: CANCELLED: client cancelled
2025-10-22 08:25:53,587 [grpc-default-executor-7] WARN  server.GrpcLogAppender (GrpcLogAppender.java:lambda$resetClient$1(228)) - 9d21e184-bccf-4583-95a7-0fe616dd3b4b@group-E8ADAFC04A7A->0cab5a7d-6f40-474c-9abd-0651cf30726e-GrpcLogAppender: Follower failed (request=null, errorCount=1); keep nextIndex (15) unchanged and retry.
2025-10-22 08:25:53,587 [grpc-default-executor-5] WARN  server.GrpcLogAppender (LogUtils.java:warn(127)) - 9d21e184-bccf-4583-95a7-0fe616dd3b4b@group-E8ADAFC04A7A->0cab5a7d-6f40-474c-9abd-0651cf30726e-AppendLogResponseHandler: Failed appendEntries: org.apache.ratis.thirdparty.io.grpc.StatusRuntimeException: CANCELLED: RST_STREAM closed stream. HTTP/2 error code: CANCEL
2025-10-22 08:25:53,587 [grpc-default-executor-2] WARN  server.GrpcServerProtocolService (LogUtils.java:warn(127)) - 0cab5a7d-6f40-474c-9abd-0651cf30726e: APPEND_ENTRIES onError, lastRequest: null: org.apache.ratis.thirdparty.io.grpc.StatusRuntimeException: CANCELLED: client cancelled
2025-10-22 08:25:53,588 [ForkJoinPool-1-worker-1] INFO  server.GrpcServicesImpl (GrpcServicesImpl.java:closeImpl(364)) - 0cab5a7d-6f40-474c-9abd-0651cf30726e: shutdown server org.apache.ratis.grpc.server.GrpcAdminProtocolService successfully
2025-10-22 08:25:53,587 [0cab5a7d-6f40-474c-9abd-0651cf30726e@group-EE76401C21D3-StateMachineUpdater] INFO  impl.StateMachineUpdater (StateMachineUpdater.java:stop(140)) - 0cab5a7d-6f40-474c-9abd-0651cf30726e@group-EE76401C21D3-StateMachineUpdater: closing ContainerStateMachine, lastApplied=(t:2, i:2)
2025-10-22 08:25:53,588 [0cab5a7d-6f40-474c-9abd-0651cf30726e@group-EE76401C21D3-cacheEviction-AwaitToRun] INFO  util.AwaitToRun (AwaitToRun.java:run(49)) - 0cab5a7d-6f40-474c-9abd-0651cf30726e@group-EE76401C21D3-cacheEviction-AwaitToRun-AwaitForSignal is interrupted
2025-10-22 08:25:53,588 [0cab5a7d-6f40-474c-9abd-0651cf30726e-NettyServerStreamRpc-bossGroup--thread1] INFO  logging.LoggingHandler (AbstractInternalLogger.java:log(148)) - [id: 0xc0a35e13, L:/0.0.0.0:15072] CLOSE
2025-10-22 08:25:53,588 [0cab5a7d-6f40-474c-9abd-0651cf30726e-NettyServerStreamRpc-bossGroup--thread1] INFO  logging.LoggingHandler (AbstractInternalLogger.java:log(148)) - [id: 0xc0a35e13, L:/0.0.0.0:15072] INACTIVE
2025-10-22 08:25:53,588 [0cab5a7d-6f40-474c-9abd-0651cf30726e-NettyServerStreamRpc-bossGroup--thread1] INFO  logging.LoggingHandler (AbstractInternalLogger.java:log(148)) - [id: 0xc0a35e13, L:/0.0.0.0:15072] UNREGISTERED
2025-10-22 08:25:54,161 [8aba082c-257b-43e3-ba61-5d436c5b38fa@group-45121E95117A-FollowerState] INFO  impl.FollowerState (FollowerState.java:runImpl(161)) - 8aba082c-257b-43e3-ba61-5d436c5b38fa@group-45121E95117A-FollowerState: change to CANDIDATE, lastRpcElapsedTime:1027319635ns, electionTimeout:1027ms
2025-10-22 08:25:54,161 [8aba082c-257b-43e3-ba61-5d436c5b38fa@group-45121E95117A-FollowerState] INFO  impl.RoleInfo (RoleInfo.java:shutdownFollowerState(121)) - 8aba082c-257b-43e3-ba61-5d436c5b38fa: shutdown 8aba082c-257b-43e3-ba61-5d436c5b38fa@group-45121E95117A-FollowerState
2025-10-22 08:25:54,161 [8aba082c-257b-43e3-ba61-5d436c5b38fa@group-45121E95117A-FollowerState] INFO  server.RaftServer$Division (RaftServerImpl.java:setRole(392)) - 8aba082c-257b-43e3-ba61-5d436c5b38fa@group-45121E95117A: changes role from  FOLLOWER to CANDIDATE at term 1 for changeToCandidate
2025-10-22 08:25:54,162 [8aba082c-257b-43e3-ba61-5d436c5b38fa@group-45121E95117A-FollowerState] INFO  impl.RoleInfo (RoleInfo.java:updateAndGet(148)) - 8aba082c-257b-43e3-ba61-5d436c5b38fa: start 8aba082c-257b-43e3-ba61-5d436c5b38fa@group-45121E95117A-LeaderElection242
2025-10-22 08:25:54,162 [8aba082c-257b-43e3-ba61-5d436c5b38fa@group-45121E95117A-LeaderElection242] INFO  impl.LeaderElection (LeaderElection.java:askForVotes(448)) - 8aba082c-257b-43e3-ba61-5d436c5b38fa@group-45121E95117A-LeaderElection242 PRE_VOTE round 0: submit vote requests at term 1 for conf: {index: 0, cur=peers:[9d21e184-bccf-4583-95a7-0fe616dd3b4b|127.0.0.1:15079, 8aba082c-257b-43e3-ba61-5d436c5b38fa|127.0.0.1:15063, 0cab5a7d-6f40-474c-9abd-0651cf30726e|127.0.0.1:15071]|listeners:[], old=null}
2025-10-22 08:25:54,162 [8aba082c-257b-43e3-ba61-5d436c5b38fa@group-45121E95117A-LeaderElection242] INFO  impl.LeaderElection (LogUtils.java:infoOrTrace(142)) - 8aba082c-257b-43e3-ba61-5d436c5b38fa@group-45121E95117A-LeaderElection242 got exception when requesting votes: java.util.concurrent.ExecutionException: org.apache.ratis.thirdparty.io.grpc.StatusRuntimeException: UNAVAILABLE: io exception
2025-10-22 08:25:54,163 [8aba082c-257b-43e3-ba61-5d436c5b38fa@group-45121E95117A-LeaderElection242] INFO  impl.LeaderElection (LogUtils.java:infoOrTrace(142)) - 8aba082c-257b-43e3-ba61-5d436c5b38fa@group-45121E95117A-LeaderElection242 got exception when requesting votes: java.util.concurrent.ExecutionException: org.apache.ratis.thirdparty.io.grpc.StatusRuntimeException: UNAVAILABLE: io exception
2025-10-22 08:25:54,163 [8aba082c-257b-43e3-ba61-5d436c5b38fa@group-45121E95117A-LeaderElection242] INFO  impl.LeaderElection (LeaderElection.java:logAndReturn(206)) - 8aba082c-257b-43e3-ba61-5d436c5b38fa@group-45121E95117A-LeaderElection242: PRE_VOTE REJECTED received 0 response(s) and 2 exception(s):
2025-10-22 08:25:54,163 [8aba082c-257b-43e3-ba61-5d436c5b38fa@group-45121E95117A-LeaderElection242] INFO  impl.LeaderElection (LogUtils.java:infoOrTrace(142)) -   Exception 0: java.util.concurrent.ExecutionException: org.apache.ratis.thirdparty.io.grpc.StatusRuntimeException: UNAVAILABLE: io exception
2025-10-22 08:25:54,163 [8aba082c-257b-43e3-ba61-5d436c5b38fa@group-45121E95117A-LeaderElection242] INFO  impl.LeaderElection (LogUtils.java:infoOrTrace(142)) -   Exception 1: java.util.concurrent.ExecutionException: org.apache.ratis.thirdparty.io.grpc.StatusRuntimeException: UNAVAILABLE: io exception
2025-10-22 08:25:54,163 [8aba082c-257b-43e3-ba61-5d436c5b38fa@group-45121E95117A-LeaderElection242] INFO  impl.LeaderElection (LeaderElection.java:askForVotes(450)) - 8aba082c-257b-43e3-ba61-5d436c5b38fa@group-45121E95117A-LeaderElection242 PRE_VOTE round 0: result REJECTED
2025-10-22 08:25:54,163 [8aba082c-257b-43e3-ba61-5d436c5b38fa@group-45121E95117A-LeaderElection242] INFO  server.RaftServer$Division (RaftServerImpl.java:setRole(392)) - 8aba082c-257b-43e3-ba61-5d436c5b38fa@group-45121E95117A: changes role from CANDIDATE to FOLLOWER at term 1 for REJECTED
2025-10-22 08:25:54,163 [8aba082c-257b-43e3-ba61-5d436c5b38fa@group-45121E95117A-LeaderElection242] INFO  impl.RoleInfo (RoleInfo.java:shutdownLeaderElection(141)) - 8aba082c-257b-43e3-ba61-5d436c5b38fa: shutdown 8aba082c-257b-43e3-ba61-5d436c5b38fa@group-45121E95117A-LeaderElection242
2025-10-22 08:25:54,163 [8aba082c-257b-43e3-ba61-5d436c5b38fa@group-45121E95117A-LeaderElection242] INFO  impl.RoleInfo (RoleInfo.java:updateAndGet(148)) - 8aba082c-257b-43e3-ba61-5d436c5b38fa: start 8aba082c-257b-43e3-ba61-5d436c5b38fa@group-45121E95117A-FollowerState
2025-10-22 08:25:54,237 [0cab5a7d-6f40-474c-9abd-0651cf30726e-impl-thread2] INFO  segmented.SegmentedRaftLogWorker (SegmentedRaftLogWorker.java:close(254)) - 0cab5a7d-6f40-474c-9abd-0651cf30726e@group-45121E95117A-SegmentedRaftLogWorker close()
2025-10-22 08:25:54,237 [0cab5a7d-6f40-474c-9abd-0651cf30726e-impl-thread2] INFO  ratis.ContainerStateMachine (ContainerStateMachine.java:notifyServerShutdown(1038)) - group-45121E95117A is closed by HddsDatanodeService
2025-10-22 08:25:54,414 [0cab5a7d-6f40-474c-9abd-0651cf30726e-impl-thread3] INFO  segmented.SegmentedRaftLogWorker (SegmentedRaftLogWorker.java:close(254)) - 0cab5a7d-6f40-474c-9abd-0651cf30726e@group-EE76401C21D3-SegmentedRaftLogWorker close()
2025-10-22 08:25:54,414 [0cab5a7d-6f40-474c-9abd-0651cf30726e-impl-thread3] INFO  ratis.ContainerStateMachine (ContainerStateMachine.java:notifyServerShutdown(1038)) - group-EE76401C21D3 is closed by HddsDatanodeService
2025-10-22 08:25:54,576 [0cab5a7d-6f40-474c-9abd-0651cf30726e-impl-thread1] INFO  segmented.SegmentedRaftLogWorker (SegmentedRaftLogWorker.java:close(254)) - 0cab5a7d-6f40-474c-9abd-0651cf30726e@group-E8ADAFC04A7A-SegmentedRaftLogWorker close()
2025-10-22 08:25:54,576 [0cab5a7d-6f40-474c-9abd-0651cf30726e-impl-thread1] INFO  ratis.ContainerStateMachine (ContainerStateMachine.java:notifyServerShutdown(1038)) - group-E8ADAFC04A7A is closed by HddsDatanodeService
2025-10-22 08:25:54,576 [JvmPauseMonitor17] INFO  util.JvmPauseMonitor (JvmPauseMonitor.java:run(152)) - JvmPauseMonitor-0cab5a7d-6f40-474c-9abd-0651cf30726e: Stopped
2025-10-22 08:25:54,620 [9d21e184-bccf-4583-95a7-0fe616dd3b4b@group-45121E95117A-FollowerState] INFO  impl.FollowerState (FollowerState.java:runImpl(161)) - 9d21e184-bccf-4583-95a7-0fe616dd3b4b@group-45121E95117A-FollowerState: change to CANDIDATE, lastRpcElapsedTime:1119414597ns, electionTimeout:1024ms
2025-10-22 08:25:54,620 [9d21e184-bccf-4583-95a7-0fe616dd3b4b@group-45121E95117A-FollowerState] INFO  impl.RoleInfo (RoleInfo.java:shutdownFollowerState(121)) - 9d21e184-bccf-4583-95a7-0fe616dd3b4b: shutdown 9d21e184-bccf-4583-95a7-0fe616dd3b4b@group-45121E95117A-FollowerState
2025-10-22 08:25:54,620 [9d21e184-bccf-4583-95a7-0fe616dd3b4b@group-45121E95117A-FollowerState] INFO  server.RaftServer$Division (RaftServerImpl.java:setRole(392)) - 9d21e184-bccf-4583-95a7-0fe616dd3b4b@group-45121E95117A: changes role from  FOLLOWER to CANDIDATE at term 1 for changeToCandidate
2025-10-22 08:25:54,621 [9d21e184-bccf-4583-95a7-0fe616dd3b4b@group-45121E95117A-FollowerState] INFO  impl.RoleInfo (RoleInfo.java:updateAndGet(148)) - 9d21e184-bccf-4583-95a7-0fe616dd3b4b: start 9d21e184-bccf-4583-95a7-0fe616dd3b4b@group-45121E95117A-LeaderElection243
2025-10-22 08:25:54,621 [9d21e184-bccf-4583-95a7-0fe616dd3b4b@group-45121E95117A-LeaderElection243] INFO  impl.LeaderElection (LeaderElection.java:askForVotes(448)) - 9d21e184-bccf-4583-95a7-0fe616dd3b4b@group-45121E95117A-LeaderElection243 PRE_VOTE round 0: submit vote requests at term 1 for conf: {index: 0, cur=peers:[9d21e184-bccf-4583-95a7-0fe616dd3b4b|127.0.0.1:15079, 8aba082c-257b-43e3-ba61-5d436c5b38fa|127.0.0.1:15063, 0cab5a7d-6f40-474c-9abd-0651cf30726e|127.0.0.1:15071]|listeners:[], old=null}
2025-10-22 08:25:54,621 [9d21e184-bccf-4583-95a7-0fe616dd3b4b@group-45121E95117A-LeaderElection243] INFO  impl.LeaderElection (LogUtils.java:infoOrTrace(142)) - 9d21e184-bccf-4583-95a7-0fe616dd3b4b@group-45121E95117A-LeaderElection243 got exception when requesting votes: java.util.concurrent.ExecutionException: org.apache.ratis.thirdparty.io.grpc.StatusRuntimeException: UNAVAILABLE: io exception
2025-10-22 08:25:54,622 [grpc-default-executor-3] INFO  server.RaftServer$Division (RaftServerImpl.java:requestVote(1421)) - 8aba082c-257b-43e3-ba61-5d436c5b38fa@group-45121E95117A: receive requestVote(PRE_VOTE, 9d21e184-bccf-4583-95a7-0fe616dd3b4b, group-45121E95117A, 1, (t:1, i:7))
2025-10-22 08:25:54,622 [grpc-default-executor-3] INFO  impl.VoteContext (VoteContext.java:log(49)) - 8aba082c-257b-43e3-ba61-5d436c5b38fa@group-45121E95117A-FOLLOWER: reject PRE_VOTE from 9d21e184-bccf-4583-95a7-0fe616dd3b4b: our priority 1 > candidate's priority 0
2025-10-22 08:25:54,622 [grpc-default-executor-3] INFO  server.RaftServer$Division (RaftServerImpl.java:requestVote(1455)) - 8aba082c-257b-43e3-ba61-5d436c5b38fa@group-45121E95117A replies to PRE_VOTE vote request: 9d21e184-bccf-4583-95a7-0fe616dd3b4b<-8aba082c-257b-43e3-ba61-5d436c5b38fa#0:FAIL-t1-last:(t:1, i:7). Peer's state: 8aba082c-257b-43e3-ba61-5d436c5b38fa@group-45121E95117A:t1, leader=null, voted=8aba082c-257b-43e3-ba61-5d436c5b38fa, raftlog=Memoized:8aba082c-257b-43e3-ba61-5d436c5b38fa@group-45121E95117A-SegmentedRaftLog:OPENED:c7:last(t:1, i:7), conf=conf: {index: 0, cur=peers:[9d21e184-bccf-4583-95a7-0fe616dd3b4b|127.0.0.1:15079, 8aba082c-257b-43e3-ba61-5d436c5b38fa|127.0.0.1:15063, 0cab5a7d-6f40-474c-9abd-0651cf30726e|127.0.0.1:15071]|listeners:[], old=null}
2025-10-22 08:25:54,622 [9d21e184-bccf-4583-95a7-0fe616dd3b4b@group-45121E95117A-LeaderElection243] INFO  impl.LeaderElection (LeaderElection.java:logAndReturn(206)) - 9d21e184-bccf-4583-95a7-0fe616dd3b4b@group-45121E95117A-LeaderElection243: PRE_VOTE REJECTED received 1 response(s) and 1 exception(s):
2025-10-22 08:25:54,622 [9d21e184-bccf-4583-95a7-0fe616dd3b4b@group-45121E95117A-LeaderElection243] INFO  impl.LeaderElection (LeaderElection.java:logAndReturn(210)) -   Response 0: 9d21e184-bccf-4583-95a7-0fe616dd3b4b<-8aba082c-257b-43e3-ba61-5d436c5b38fa#0:FAIL-t1-last:(t:1, i:7)
2025-10-22 08:25:54,623 [9d21e184-bccf-4583-95a7-0fe616dd3b4b@group-45121E95117A-LeaderElection243] INFO  impl.LeaderElection (LogUtils.java:infoOrTrace(142)) -   Exception 1: java.util.concurrent.ExecutionException: org.apache.ratis.thirdparty.io.grpc.StatusRuntimeException: UNAVAILABLE: io exception
2025-10-22 08:25:54,623 [9d21e184-bccf-4583-95a7-0fe616dd3b4b@group-45121E95117A-LeaderElection243] INFO  impl.LeaderElection (LeaderElection.java:askForVotes(450)) - 9d21e184-bccf-4583-95a7-0fe616dd3b4b@group-45121E95117A-LeaderElection243 PRE_VOTE round 0: result REJECTED
2025-10-22 08:25:54,623 [9d21e184-bccf-4583-95a7-0fe616dd3b4b@group-45121E95117A-LeaderElection243] INFO  server.RaftServer$Division (RaftServerImpl.java:setRole(392)) - 9d21e184-bccf-4583-95a7-0fe616dd3b4b@group-45121E95117A: changes role from CANDIDATE to FOLLOWER at term 1 for REJECTED
2025-10-22 08:25:54,623 [9d21e184-bccf-4583-95a7-0fe616dd3b4b@group-45121E95117A-LeaderElection243] INFO  impl.RoleInfo (RoleInfo.java:shutdownLeaderElection(141)) - 9d21e184-bccf-4583-95a7-0fe616dd3b4b: shutdown 9d21e184-bccf-4583-95a7-0fe616dd3b4b@group-45121E95117A-LeaderElection243
2025-10-22 08:25:54,623 [9d21e184-bccf-4583-95a7-0fe616dd3b4b@group-45121E95117A-LeaderElection243] INFO  impl.RoleInfo (RoleInfo.java:updateAndGet(148)) - 9d21e184-bccf-4583-95a7-0fe616dd3b4b: start 9d21e184-bccf-4583-95a7-0fe616dd3b4b@group-45121E95117A-FollowerState
2025-10-22 08:25:54,623 [9d21e184-bccf-4583-95a7-0fe616dd3b4b@group-45121E95117A-LeaderElection243] INFO  server.RaftServer$Division (RaftServerImpl.java:setFirstElection(576)) - 9d21e184-bccf-4583-95a7-0fe616dd3b4b@group-45121E95117A: set firstElectionSinceStartup to false for REJECTED
2025-10-22 08:25:54,777 [9d21e184-bccf-4583-95a7-0fe616dd3b4b@group-E8ADAFC04A7A-LeaderStateImpl] INFO  impl.TransferLeadership (TransferLeadership.java:tryTransferLeadership(258)) - 9d21e184-bccf-4583-95a7-0fe616dd3b4b@group-E8ADAFC04A7A: start transferring leadership to 0cab5a7d-6f40-474c-9abd-0651cf30726e
2025-10-22 08:25:54,777 [9d21e184-bccf-4583-95a7-0fe616dd3b4b@group-E8ADAFC04A7A-LeaderStateImpl] INFO  impl.TransferLeadership (TransferLeadership.java:sendStartLeaderElection(210)) - 9d21e184-bccf-4583-95a7-0fe616dd3b4b@group-E8ADAFC04A7A: sendStartLeaderElection to follower 0cab5a7d-6f40-474c-9abd-0651cf30726e, lastEntry=(t:3, i:14)
2025-10-22 08:25:54,779 [9d21e184-bccf-4583-95a7-0fe616dd3b4b@group-E8ADAFC04A7A-LeaderStateImpl] INFO  impl.TransferLeadership (TransferLeadership.java:tryTransferLeadership(266)) - 9d21e184-bccf-4583-95a7-0fe616dd3b4b@group-E8ADAFC04A7A: SUCCESS sent StartLeaderElection to transferee 0cab5a7d-6f40-474c-9abd-0651cf30726e immediately as it already has up-to-date log
2025-10-22 08:25:54,779 [9d21e184-bccf-4583-95a7-0fe616dd3b4b-server-thread1] WARN  impl.TransferLeadership (TransferLeadership.java:lambda$sendStartLeaderElection$2(227)) - 9d21e184-bccf-4583-95a7-0fe616dd3b4b@group-E8ADAFC04A7A: Failed to startLeaderElection for 0cab5a7d-6f40-474c-9abd-0651cf30726e
java.util.concurrent.CompletionException: org.apache.ratis.thirdparty.io.grpc.StatusRuntimeException: UNAVAILABLE: io exception
	at java.base/java.util.concurrent.CompletableFuture.encodeThrowable(CompletableFuture.java:315)
	at java.base/java.util.concurrent.CompletableFuture.completeThrowable(CompletableFuture.java:320)
	at java.base/java.util.concurrent.CompletableFuture$AsyncSupply.run(CompletableFuture.java:1770)
	at java.base/java.util.concurrent.ThreadPoolExecutor.runWorker(ThreadPoolExecutor.java:1144)
	at java.base/java.util.concurrent.ThreadPoolExecutor$Worker.run(ThreadPoolExecutor.java:642)
	at java.base/java.lang.Thread.run(Thread.java:1583)
Caused by: org.apache.ratis.thirdparty.io.grpc.StatusRuntimeException: UNAVAILABLE: io exception
	at org.apache.ratis.thirdparty.io.grpc.stub.ClientCalls.toStatusRuntimeException(ClientCalls.java:351)
	at org.apache.ratis.thirdparty.io.grpc.stub.ClientCalls.getUnchecked(ClientCalls.java:332)
	at org.apache.ratis.thirdparty.io.grpc.stub.ClientCalls.blockingUnaryCall(ClientCalls.java:174)
	at org.apache.ratis.proto.grpc.RaftServerProtocolServiceGrpc$RaftServerProtocolServiceBlockingStub.startLeaderElection(RaftServerProtocolServiceGrpc.java:422)
	at org.apache.ratis.grpc.server.GrpcServerProtocolClient.startLeaderElection(GrpcServerProtocolClient.java:123)
	at org.apache.ratis.grpc.server.GrpcServicesImpl.startLeaderElection(GrpcServicesImpl.java:423)
	at org.apache.ratis.server.impl.TransferLeadership.lambda$sendStartLeaderElection$1(TransferLeadership.java:218)
	at java.base/java.util.concurrent.CompletableFuture$AsyncSupply.run(CompletableFuture.java:1768)
	... 3 more
Caused by: org.apache.ratis.thirdparty.io.netty.channel.AbstractChannel$AnnotatedConnectException: finishConnect(..) failed: Connection refused: /127.0.0.1:15071
Caused by: java.net.ConnectException: finishConnect(..) failed: Connection refused
	at org.apache.ratis.thirdparty.io.netty.channel.unix.Errors.newConnectException0(Errors.java:166)
	at org.apache.ratis.thirdparty.io.netty.channel.unix.Errors.handleConnectErrno(Errors.java:131)
	at org.apache.ratis.thirdparty.io.netty.channel.unix.Socket.finishConnect(Socket.java:359)
	at org.apache.ratis.thirdparty.io.netty.channel.epoll.AbstractEpollChannel$AbstractEpollUnsafe.doFinishConnect(AbstractEpollChannel.java:715)
	at org.apache.ratis.thirdparty.io.netty.channel.epoll.AbstractEpollChannel$AbstractEpollUnsafe.finishConnect(AbstractEpollChannel.java:692)
	at org.apache.ratis.thirdparty.io.netty.channel.epoll.AbstractEpollChannel$AbstractEpollUnsafe.epollOutReady(AbstractEpollChannel.java:567)
	at org.apache.ratis.thirdparty.io.netty.channel.epoll.EpollEventLoop.processReady(EpollEventLoop.java:491)
	at org.apache.ratis.thirdparty.io.netty.channel.epoll.EpollEventLoop.run(EpollEventLoop.java:399)
	at org.apache.ratis.thirdparty.io.netty.util.concurrent.SingleThreadEventExecutor$4.run(SingleThreadEventExecutor.java:998)
	at org.apache.ratis.thirdparty.io.netty.util.internal.ThreadExecutorMap$2.run(ThreadExecutorMap.java:74)
	at org.apache.ratis.thirdparty.io.netty.util.concurrent.FastThreadLocalRunnable.run(FastThreadLocalRunnable.java:30)
	at java.base/java.lang.Thread.run(Thread.java:1583)
2025-10-22 08:25:55,251 [8aba082c-257b-43e3-ba61-5d436c5b38fa@group-45121E95117A-FollowerState] INFO  impl.FollowerState (FollowerState.java:runImpl(161)) - 8aba082c-257b-43e3-ba61-5d436c5b38fa@group-45121E95117A-FollowerState: change to CANDIDATE, lastRpcElapsedTime:1088319552ns, electionTimeout:1088ms
2025-10-22 08:25:55,251 [8aba082c-257b-43e3-ba61-5d436c5b38fa@group-45121E95117A-FollowerState] INFO  impl.RoleInfo (RoleInfo.java:shutdownFollowerState(121)) - 8aba082c-257b-43e3-ba61-5d436c5b38fa: shutdown 8aba082c-257b-43e3-ba61-5d436c5b38fa@group-45121E95117A-FollowerState
2025-10-22 08:25:55,251 [8aba082c-257b-43e3-ba61-5d436c5b38fa@group-45121E95117A-FollowerState] INFO  server.RaftServer$Division (RaftServerImpl.java:setRole(392)) - 8aba082c-257b-43e3-ba61-5d436c5b38fa@group-45121E95117A: changes role from  FOLLOWER to CANDIDATE at term 1 for changeToCandidate
2025-10-22 08:25:55,251 [8aba082c-257b-43e3-ba61-5d436c5b38fa@group-45121E95117A-FollowerState] INFO  impl.RoleInfo (RoleInfo.java:updateAndGet(148)) - 8aba082c-257b-43e3-ba61-5d436c5b38fa: start 8aba082c-257b-43e3-ba61-5d436c5b38fa@group-45121E95117A-LeaderElection244
2025-10-22 08:25:55,252 [8aba082c-257b-43e3-ba61-5d436c5b38fa@group-45121E95117A-LeaderElection244] INFO  impl.LeaderElection (LeaderElection.java:askForVotes(448)) - 8aba082c-257b-43e3-ba61-5d436c5b38fa@group-45121E95117A-LeaderElection244 PRE_VOTE round 0: submit vote requests at term 1 for conf: {index: 0, cur=peers:[9d21e184-bccf-4583-95a7-0fe616dd3b4b|127.0.0.1:15079, 8aba082c-257b-43e3-ba61-5d436c5b38fa|127.0.0.1:15063, 0cab5a7d-6f40-474c-9abd-0651cf30726e|127.0.0.1:15071]|listeners:[], old=null}
2025-10-22 08:25:55,252 [8aba082c-257b-43e3-ba61-5d436c5b38fa@group-45121E95117A-LeaderElection244] INFO  impl.LeaderElection (LogUtils.java:infoOrTrace(142)) - 8aba082c-257b-43e3-ba61-5d436c5b38fa@group-45121E95117A-LeaderElection244 got exception when requesting votes: java.util.concurrent.ExecutionException: org.apache.ratis.thirdparty.io.grpc.StatusRuntimeException: UNAVAILABLE: io exception
2025-10-22 08:25:55,252 [8aba082c-257b-43e3-ba61-5d436c5b38fa@group-45121E95117A-LeaderElection244] INFO  impl.LeaderElection (LogUtils.java:infoOrTrace(142)) - 8aba082c-257b-43e3-ba61-5d436c5b38fa@group-45121E95117A-LeaderElection244 got exception when requesting votes: java.util.concurrent.ExecutionException: org.apache.ratis.thirdparty.io.grpc.StatusRuntimeException: UNAVAILABLE: io exception
2025-10-22 08:25:55,252 [8aba082c-257b-43e3-ba61-5d436c5b38fa@group-45121E95117A-LeaderElection244] INFO  impl.LeaderElection (LeaderElection.java:logAndReturn(206)) - 8aba082c-257b-43e3-ba61-5d436c5b38fa@group-45121E95117A-LeaderElection244: PRE_VOTE REJECTED received 0 response(s) and 2 exception(s):
2025-10-22 08:25:55,252 [8aba082c-257b-43e3-ba61-5d436c5b38fa@group-45121E95117A-LeaderElection244] INFO  impl.LeaderElection (LogUtils.java:infoOrTrace(142)) -   Exception 0: java.util.concurrent.ExecutionException: org.apache.ratis.thirdparty.io.grpc.StatusRuntimeException: UNAVAILABLE: io exception
2025-10-22 08:25:55,252 [8aba082c-257b-43e3-ba61-5d436c5b38fa@group-45121E95117A-LeaderElection244] INFO  impl.LeaderElection (LogUtils.java:infoOrTrace(142)) -   Exception 1: java.util.concurrent.ExecutionException: org.apache.ratis.thirdparty.io.grpc.StatusRuntimeException: UNAVAILABLE: io exception
2025-10-22 08:25:55,252 [8aba082c-257b-43e3-ba61-5d436c5b38fa@group-45121E95117A-LeaderElection244] INFO  impl.LeaderElection (LeaderElection.java:askForVotes(450)) - 8aba082c-257b-43e3-ba61-5d436c5b38fa@group-45121E95117A-LeaderElection244 PRE_VOTE round 0: result REJECTED
2025-10-22 08:25:55,253 [8aba082c-257b-43e3-ba61-5d436c5b38fa@group-45121E95117A-LeaderElection244] INFO  server.RaftServer$Division (RaftServerImpl.java:setRole(392)) - 8aba082c-257b-43e3-ba61-5d436c5b38fa@group-45121E95117A: changes role from CANDIDATE to FOLLOWER at term 1 for REJECTED
2025-10-22 08:25:55,253 [8aba082c-257b-43e3-ba61-5d436c5b38fa@group-45121E95117A-LeaderElection244] INFO  impl.RoleInfo (RoleInfo.java:shutdownLeaderElection(141)) - 8aba082c-257b-43e3-ba61-5d436c5b38fa: shutdown 8aba082c-257b-43e3-ba61-5d436c5b38fa@group-45121E95117A-LeaderElection244
2025-10-22 08:25:55,253 [8aba082c-257b-43e3-ba61-5d436c5b38fa@group-45121E95117A-LeaderElection244] INFO  impl.RoleInfo (RoleInfo.java:updateAndGet(148)) - 8aba082c-257b-43e3-ba61-5d436c5b38fa: start 8aba082c-257b-43e3-ba61-5d436c5b38fa@group-45121E95117A-FollowerState
2025-10-22 08:25:55,792 [9d21e184-bccf-4583-95a7-0fe616dd3b4b@group-45121E95117A-FollowerState] INFO  impl.FollowerState (FollowerState.java:runImpl(161)) - 9d21e184-bccf-4583-95a7-0fe616dd3b4b@group-45121E95117A-FollowerState: change to CANDIDATE, lastRpcElapsedTime:1169294274ns, electionTimeout:1169ms
2025-10-22 08:25:55,792 [9d21e184-bccf-4583-95a7-0fe616dd3b4b@group-45121E95117A-FollowerState] INFO  impl.RoleInfo (RoleInfo.java:shutdownFollowerState(121)) - 9d21e184-bccf-4583-95a7-0fe616dd3b4b: shutdown 9d21e184-bccf-4583-95a7-0fe616dd3b4b@group-45121E95117A-FollowerState
2025-10-22 08:25:55,792 [9d21e184-bccf-4583-95a7-0fe616dd3b4b@group-45121E95117A-FollowerState] INFO  server.RaftServer$Division (RaftServerImpl.java:setRole(392)) - 9d21e184-bccf-4583-95a7-0fe616dd3b4b@group-45121E95117A: changes role from  FOLLOWER to CANDIDATE at term 1 for changeToCandidate
2025-10-22 08:25:55,792 [9d21e184-bccf-4583-95a7-0fe616dd3b4b@group-45121E95117A-FollowerState] INFO  impl.RoleInfo (RoleInfo.java:updateAndGet(148)) - 9d21e184-bccf-4583-95a7-0fe616dd3b4b: start 9d21e184-bccf-4583-95a7-0fe616dd3b4b@group-45121E95117A-LeaderElection245
2025-10-22 08:25:55,793 [9d21e184-bccf-4583-95a7-0fe616dd3b4b@group-45121E95117A-LeaderElection245] INFO  impl.LeaderElection (LeaderElection.java:askForVotes(448)) - 9d21e184-bccf-4583-95a7-0fe616dd3b4b@group-45121E95117A-LeaderElection245 PRE_VOTE round 0: submit vote requests at term 1 for conf: {index: 0, cur=peers:[9d21e184-bccf-4583-95a7-0fe616dd3b4b|127.0.0.1:15079, 8aba082c-257b-43e3-ba61-5d436c5b38fa|127.0.0.1:15063, 0cab5a7d-6f40-474c-9abd-0651cf30726e|127.0.0.1:15071]|listeners:[], old=null}
2025-10-22 08:25:55,793 [9d21e184-bccf-4583-95a7-0fe616dd3b4b@group-45121E95117A-LeaderElection245] INFO  impl.LeaderElection (LogUtils.java:infoOrTrace(142)) - 9d21e184-bccf-4583-95a7-0fe616dd3b4b@group-45121E95117A-LeaderElection245 got exception when requesting votes: java.util.concurrent.ExecutionException: org.apache.ratis.thirdparty.io.grpc.StatusRuntimeException: UNAVAILABLE: io exception
2025-10-22 08:25:55,794 [grpc-default-executor-7] INFO  server.RaftServer$Division (RaftServerImpl.java:requestVote(1421)) - 8aba082c-257b-43e3-ba61-5d436c5b38fa@group-45121E95117A: receive requestVote(PRE_VOTE, 9d21e184-bccf-4583-95a7-0fe616dd3b4b, group-45121E95117A, 1, (t:1, i:7))
2025-10-22 08:25:55,794 [grpc-default-executor-7] INFO  impl.VoteContext (VoteContext.java:log(49)) - 8aba082c-257b-43e3-ba61-5d436c5b38fa@group-45121E95117A-FOLLOWER: reject PRE_VOTE from 9d21e184-bccf-4583-95a7-0fe616dd3b4b: our priority 1 > candidate's priority 0
2025-10-22 08:25:55,794 [grpc-default-executor-7] INFO  server.RaftServer$Division (RaftServerImpl.java:requestVote(1455)) - 8aba082c-257b-43e3-ba61-5d436c5b38fa@group-45121E95117A replies to PRE_VOTE vote request: 9d21e184-bccf-4583-95a7-0fe616dd3b4b<-8aba082c-257b-43e3-ba61-5d436c5b38fa#0:FAIL-t1-last:(t:1, i:7). Peer's state: 8aba082c-257b-43e3-ba61-5d436c5b38fa@group-45121E95117A:t1, leader=null, voted=8aba082c-257b-43e3-ba61-5d436c5b38fa, raftlog=Memoized:8aba082c-257b-43e3-ba61-5d436c5b38fa@group-45121E95117A-SegmentedRaftLog:OPENED:c7:last(t:1, i:7), conf=conf: {index: 0, cur=peers:[9d21e184-bccf-4583-95a7-0fe616dd3b4b|127.0.0.1:15079, 8aba082c-257b-43e3-ba61-5d436c5b38fa|127.0.0.1:15063, 0cab5a7d-6f40-474c-9abd-0651cf30726e|127.0.0.1:15071]|listeners:[], old=null}
2025-10-22 08:25:55,794 [9d21e184-bccf-4583-95a7-0fe616dd3b4b@group-45121E95117A-LeaderElection245] INFO  impl.LeaderElection (LeaderElection.java:logAndReturn(206)) - 9d21e184-bccf-4583-95a7-0fe616dd3b4b@group-45121E95117A-LeaderElection245: PRE_VOTE REJECTED received 1 response(s) and 1 exception(s):
2025-10-22 08:25:55,794 [9d21e184-bccf-4583-95a7-0fe616dd3b4b@group-45121E95117A-LeaderElection245] INFO  impl.LeaderElection (LeaderElection.java:logAndReturn(210)) -   Response 0: 9d21e184-bccf-4583-95a7-0fe616dd3b4b<-8aba082c-257b-43e3-ba61-5d436c5b38fa#0:FAIL-t1-last:(t:1, i:7)
2025-10-22 08:25:55,794 [9d21e184-bccf-4583-95a7-0fe616dd3b4b@group-45121E95117A-LeaderElection245] INFO  impl.LeaderElection (LogUtils.java:infoOrTrace(142)) -   Exception 1: java.util.concurrent.ExecutionException: org.apache.ratis.thirdparty.io.grpc.StatusRuntimeException: UNAVAILABLE: io exception
2025-10-22 08:25:55,794 [9d21e184-bccf-4583-95a7-0fe616dd3b4b@group-45121E95117A-LeaderElection245] INFO  impl.LeaderElection (LeaderElection.java:askForVotes(450)) - 9d21e184-bccf-4583-95a7-0fe616dd3b4b@group-45121E95117A-LeaderElection245 PRE_VOTE round 0: result REJECTED
2025-10-22 08:25:55,794 [9d21e184-bccf-4583-95a7-0fe616dd3b4b@group-45121E95117A-LeaderElection245] INFO  server.RaftServer$Division (RaftServerImpl.java:setRole(392)) - 9d21e184-bccf-4583-95a7-0fe616dd3b4b@group-45121E95117A: changes role from CANDIDATE to FOLLOWER at term 1 for REJECTED
2025-10-22 08:25:55,795 [9d21e184-bccf-4583-95a7-0fe616dd3b4b@group-45121E95117A-LeaderElection245] INFO  impl.RoleInfo (RoleInfo.java:shutdownLeaderElection(141)) - 9d21e184-bccf-4583-95a7-0fe616dd3b4b: shutdown 9d21e184-bccf-4583-95a7-0fe616dd3b4b@group-45121E95117A-LeaderElection245
2025-10-22 08:25:55,795 [9d21e184-bccf-4583-95a7-0fe616dd3b4b@group-45121E95117A-LeaderElection245] INFO  impl.RoleInfo (RoleInfo.java:updateAndGet(148)) - 9d21e184-bccf-4583-95a7-0fe616dd3b4b: start 9d21e184-bccf-4583-95a7-0fe616dd3b4b@group-45121E95117A-FollowerState
2025-10-22 08:25:55,979 [9d21e184-bccf-4583-95a7-0fe616dd3b4b@group-E8ADAFC04A7A-LeaderStateImpl] INFO  impl.TransferLeadership (TransferLeadership.java:tryTransferLeadership(258)) - 9d21e184-bccf-4583-95a7-0fe616dd3b4b@group-E8ADAFC04A7A: start transferring leadership to 0cab5a7d-6f40-474c-9abd-0651cf30726e
2025-10-22 08:25:55,979 [9d21e184-bccf-4583-95a7-0fe616dd3b4b@group-E8ADAFC04A7A-LeaderStateImpl] INFO  impl.TransferLeadership (TransferLeadership.java:sendStartLeaderElection(210)) - 9d21e184-bccf-4583-95a7-0fe616dd3b4b@group-E8ADAFC04A7A: sendStartLeaderElection to follower 0cab5a7d-6f40-474c-9abd-0651cf30726e, lastEntry=(t:3, i:14)
2025-10-22 08:25:55,980 [9d21e184-bccf-4583-95a7-0fe616dd3b4b@group-E8ADAFC04A7A-LeaderStateImpl] INFO  impl.TransferLeadership (TransferLeadership.java:tryTransferLeadership(266)) - 9d21e184-bccf-4583-95a7-0fe616dd3b4b@group-E8ADAFC04A7A: SUCCESS sent StartLeaderElection to transferee 0cab5a7d-6f40-474c-9abd-0651cf30726e immediately as it already has up-to-date log
2025-10-22 08:25:55,980 [9d21e184-bccf-4583-95a7-0fe616dd3b4b-server-thread1] WARN  impl.TransferLeadership (TransferLeadership.java:lambda$sendStartLeaderElection$2(227)) - 9d21e184-bccf-4583-95a7-0fe616dd3b4b@group-E8ADAFC04A7A: Failed to startLeaderElection for 0cab5a7d-6f40-474c-9abd-0651cf30726e
java.util.concurrent.CompletionException: org.apache.ratis.thirdparty.io.grpc.StatusRuntimeException: UNAVAILABLE: io exception
	at java.base/java.util.concurrent.CompletableFuture.encodeThrowable(CompletableFuture.java:315)
	at java.base/java.util.concurrent.CompletableFuture.completeThrowable(CompletableFuture.java:320)
	at java.base/java.util.concurrent.CompletableFuture$AsyncSupply.run(CompletableFuture.java:1770)
	at java.base/java.util.concurrent.ThreadPoolExecutor.runWorker(ThreadPoolExecutor.java:1144)
	at java.base/java.util.concurrent.ThreadPoolExecutor$Worker.run(ThreadPoolExecutor.java:642)
	at java.base/java.lang.Thread.run(Thread.java:1583)
Caused by: org.apache.ratis.thirdparty.io.grpc.StatusRuntimeException: UNAVAILABLE: io exception
	at org.apache.ratis.thirdparty.io.grpc.stub.ClientCalls.toStatusRuntimeException(ClientCalls.java:351)
	at org.apache.ratis.thirdparty.io.grpc.stub.ClientCalls.getUnchecked(ClientCalls.java:332)
	at org.apache.ratis.thirdparty.io.grpc.stub.ClientCalls.blockingUnaryCall(ClientCalls.java:174)
	at org.apache.ratis.proto.grpc.RaftServerProtocolServiceGrpc$RaftServerProtocolServiceBlockingStub.startLeaderElection(RaftServerProtocolServiceGrpc.java:422)
	at org.apache.ratis.grpc.server.GrpcServerProtocolClient.startLeaderElection(GrpcServerProtocolClient.java:123)
	at org.apache.ratis.grpc.server.GrpcServicesImpl.startLeaderElection(GrpcServicesImpl.java:423)
	at org.apache.ratis.server.impl.TransferLeadership.lambda$sendStartLeaderElection$1(TransferLeadership.java:218)
	at java.base/java.util.concurrent.CompletableFuture$AsyncSupply.run(CompletableFuture.java:1768)
	... 3 more
Caused by: org.apache.ratis.thirdparty.io.netty.channel.AbstractChannel$AnnotatedConnectException: finishConnect(..) failed: Connection refused: /127.0.0.1:15071
Caused by: java.net.ConnectException: finishConnect(..) failed: Connection refused
	at org.apache.ratis.thirdparty.io.netty.channel.unix.Errors.newConnectException0(Errors.java:166)
	at org.apache.ratis.thirdparty.io.netty.channel.unix.Errors.handleConnectErrno(Errors.java:131)
	at org.apache.ratis.thirdparty.io.netty.channel.unix.Socket.finishConnect(Socket.java:359)
	at org.apache.ratis.thirdparty.io.netty.channel.epoll.AbstractEpollChannel$AbstractEpollUnsafe.doFinishConnect(AbstractEpollChannel.java:715)
	at org.apache.ratis.thirdparty.io.netty.channel.epoll.AbstractEpollChannel$AbstractEpollUnsafe.finishConnect(AbstractEpollChannel.java:692)
	at org.apache.ratis.thirdparty.io.netty.channel.epoll.AbstractEpollChannel$AbstractEpollUnsafe.epollOutReady(AbstractEpollChannel.java:567)
	at org.apache.ratis.thirdparty.io.netty.channel.epoll.EpollEventLoop.processReady(EpollEventLoop.java:491)
	at org.apache.ratis.thirdparty.io.netty.channel.epoll.EpollEventLoop.run(EpollEventLoop.java:399)
	at org.apache.ratis.thirdparty.io.netty.util.concurrent.SingleThreadEventExecutor$4.run(SingleThreadEventExecutor.java:998)
	at org.apache.ratis.thirdparty.io.netty.util.internal.ThreadExecutorMap$2.run(ThreadExecutorMap.java:74)
	at org.apache.ratis.thirdparty.io.netty.util.concurrent.FastThreadLocalRunnable.run(FastThreadLocalRunnable.java:30)
	at java.base/java.lang.Thread.run(Thread.java:1583)
2025-10-22 08:25:56,404 [8aba082c-257b-43e3-ba61-5d436c5b38fa@group-45121E95117A-FollowerState] INFO  impl.FollowerState (FollowerState.java:runImpl(161)) - 8aba082c-257b-43e3-ba61-5d436c5b38fa@group-45121E95117A-FollowerState: change to CANDIDATE, lastRpcElapsedTime:1151318374ns, electionTimeout:1151ms
2025-10-22 08:25:56,404 [8aba082c-257b-43e3-ba61-5d436c5b38fa@group-45121E95117A-FollowerState] INFO  impl.RoleInfo (RoleInfo.java:shutdownFollowerState(121)) - 8aba082c-257b-43e3-ba61-5d436c5b38fa: shutdown 8aba082c-257b-43e3-ba61-5d436c5b38fa@group-45121E95117A-FollowerState
2025-10-22 08:25:56,404 [8aba082c-257b-43e3-ba61-5d436c5b38fa@group-45121E95117A-FollowerState] INFO  server.RaftServer$Division (RaftServerImpl.java:setRole(392)) - 8aba082c-257b-43e3-ba61-5d436c5b38fa@group-45121E95117A: changes role from  FOLLOWER to CANDIDATE at term 1 for changeToCandidate
2025-10-22 08:25:56,404 [8aba082c-257b-43e3-ba61-5d436c5b38fa@group-45121E95117A-FollowerState] INFO  impl.RoleInfo (RoleInfo.java:updateAndGet(148)) - 8aba082c-257b-43e3-ba61-5d436c5b38fa: start 8aba082c-257b-43e3-ba61-5d436c5b38fa@group-45121E95117A-LeaderElection246
2025-10-22 08:25:56,405 [8aba082c-257b-43e3-ba61-5d436c5b38fa@group-45121E95117A-LeaderElection246] INFO  impl.LeaderElection (LeaderElection.java:askForVotes(448)) - 8aba082c-257b-43e3-ba61-5d436c5b38fa@group-45121E95117A-LeaderElection246 PRE_VOTE round 0: submit vote requests at term 1 for conf: {index: 0, cur=peers:[9d21e184-bccf-4583-95a7-0fe616dd3b4b|127.0.0.1:15079, 8aba082c-257b-43e3-ba61-5d436c5b38fa|127.0.0.1:15063, 0cab5a7d-6f40-474c-9abd-0651cf30726e|127.0.0.1:15071]|listeners:[], old=null}
2025-10-22 08:25:56,405 [8aba082c-257b-43e3-ba61-5d436c5b38fa@group-45121E95117A-LeaderElection246] INFO  impl.LeaderElection (LogUtils.java:infoOrTrace(142)) - 8aba082c-257b-43e3-ba61-5d436c5b38fa@group-45121E95117A-LeaderElection246 got exception when requesting votes: java.util.concurrent.ExecutionException: org.apache.ratis.thirdparty.io.grpc.StatusRuntimeException: UNAVAILABLE: io exception
2025-10-22 08:25:56,405 [8aba082c-257b-43e3-ba61-5d436c5b38fa@group-45121E95117A-LeaderElection246] INFO  impl.LeaderElection (LogUtils.java:infoOrTrace(142)) - 8aba082c-257b-43e3-ba61-5d436c5b38fa@group-45121E95117A-LeaderElection246 got exception when requesting votes: java.util.concurrent.ExecutionException: org.apache.ratis.thirdparty.io.grpc.StatusRuntimeException: UNAVAILABLE: io exception
2025-10-22 08:25:56,405 [8aba082c-257b-43e3-ba61-5d436c5b38fa@group-45121E95117A-LeaderElection246] INFO  impl.LeaderElection (LeaderElection.java:logAndReturn(206)) - 8aba082c-257b-43e3-ba61-5d436c5b38fa@group-45121E95117A-LeaderElection246: PRE_VOTE REJECTED received 0 response(s) and 2 exception(s):
2025-10-22 08:25:56,405 [8aba082c-257b-43e3-ba61-5d436c5b38fa@group-45121E95117A-LeaderElection246] INFO  impl.LeaderElection (LogUtils.java:infoOrTrace(142)) -   Exception 0: java.util.concurrent.ExecutionException: org.apache.ratis.thirdparty.io.grpc.StatusRuntimeException: UNAVAILABLE: io exception
2025-10-22 08:25:56,405 [8aba082c-257b-43e3-ba61-5d436c5b38fa@group-45121E95117A-LeaderElection246] INFO  impl.LeaderElection (LogUtils.java:infoOrTrace(142)) -   Exception 1: java.util.concurrent.ExecutionException: org.apache.ratis.thirdparty.io.grpc.StatusRuntimeException: UNAVAILABLE: io exception
2025-10-22 08:25:56,405 [8aba082c-257b-43e3-ba61-5d436c5b38fa@group-45121E95117A-LeaderElection246] INFO  impl.LeaderElection (LeaderElection.java:askForVotes(450)) - 8aba082c-257b-43e3-ba61-5d436c5b38fa@group-45121E95117A-LeaderElection246 PRE_VOTE round 0: result REJECTED
2025-10-22 08:25:56,405 [8aba082c-257b-43e3-ba61-5d436c5b38fa@group-45121E95117A-LeaderElection246] INFO  server.RaftServer$Division (RaftServerImpl.java:setRole(392)) - 8aba082c-257b-43e3-ba61-5d436c5b38fa@group-45121E95117A: changes role from CANDIDATE to FOLLOWER at term 1 for REJECTED
2025-10-22 08:25:56,406 [8aba082c-257b-43e3-ba61-5d436c5b38fa@group-45121E95117A-LeaderElection246] INFO  impl.RoleInfo (RoleInfo.java:shutdownLeaderElection(141)) - 8aba082c-257b-43e3-ba61-5d436c5b38fa: shutdown 8aba082c-257b-43e3-ba61-5d436c5b38fa@group-45121E95117A-LeaderElection246
2025-10-22 08:25:56,406 [8aba082c-257b-43e3-ba61-5d436c5b38fa@group-45121E95117A-LeaderElection246] INFO  impl.RoleInfo (RoleInfo.java:updateAndGet(148)) - 8aba082c-257b-43e3-ba61-5d436c5b38fa: start 8aba082c-257b-43e3-ba61-5d436c5b38fa@group-45121E95117A-FollowerState
2025-10-22 08:25:56,580 [ForkJoinPool-1-worker-1] INFO  utils.DatanodeStoreCache (DatanodeStoreCache.java:shutdownCache(110)) - Skip clearing cache in mini cluster mode. Entries left: [/home/runner/work/ozone/ozone/hadoop-ozone/integration-test/target/test-dir/MiniOzoneClusterImpl-a412b9f6-7d8b-4de3-a85c-9946bceaa3a0/ozone-metadata/datanode-1/data-0/hdds/a412b9f6-7d8b-4de3-a85c-9946bceaa3a0/DS-a07e098a-6398-480b-9efd-d3f505e7661c/container.db, /home/runner/work/ozone/ozone/hadoop-ozone/integration-test/target/test-dir/MiniOzoneClusterImpl-a412b9f6-7d8b-4de3-a85c-9946bceaa3a0/ozone-metadata/datanode-10/data-0/hdds/a412b9f6-7d8b-4de3-a85c-9946bceaa3a0/DS-8a3798d9-2bb5-458f-b08b-fc94b9fc23ce/container.db, /home/runner/work/ozone/ozone/hadoop-ozone/integration-test/target/test-dir/MiniOzoneClusterImpl-a412b9f6-7d8b-4de3-a85c-9946bceaa3a0/ozone-metadata/datanode-2/data-0/hdds/a412b9f6-7d8b-4de3-a85c-9946bceaa3a0/DS-4aaa098a-486e-4441-80f0-7688bb8bbdde/container.db, /home/runner/work/ozone/ozone/hadoop-ozone/integration-test/target/test-dir/MiniOzoneClusterImpl-a412b9f6-7d8b-4de3-a85c-9946bceaa3a0/ozone-metadata/datanode-3/data-0/hdds/a412b9f6-7d8b-4de3-a85c-9946bceaa3a0/DS-bebc18f0-1165-45db-a91a-4f24542d176c/container.db, /home/runner/work/ozone/ozone/hadoop-ozone/integration-test/target/test-dir/MiniOzoneClusterImpl-a412b9f6-7d8b-4de3-a85c-9946bceaa3a0/ozone-metadata/datanode-4/data-0/hdds/a412b9f6-7d8b-4de3-a85c-9946bceaa3a0/DS-5d7e6087-1900-4b55-988c-16336b0b4c63/container.db, /home/runner/work/ozone/ozone/hadoop-ozone/integration-test/target/test-dir/MiniOzoneClusterImpl-a412b9f6-7d8b-4de3-a85c-9946bceaa3a0/ozone-metadata/datanode-5/data-0/hdds/a412b9f6-7d8b-4de3-a85c-9946bceaa3a0/DS-ca10d0ba-335c-4c88-91c2-e630968cb905/container.db, /home/runner/work/ozone/ozone/hadoop-ozone/integration-test/target/test-dir/MiniOzoneClusterImpl-a412b9f6-7d8b-4de3-a85c-9946bceaa3a0/ozone-metadata/datanode-6/data-0/hdds/a412b9f6-7d8b-4de3-a85c-9946bceaa3a0/DS-4a321f51-abfc-498c-a23e-1fd398dcf1d8/container.db, /home/runner/work/ozone/ozone/hadoop-ozone/integration-test/target/test-dir/MiniOzoneClusterImpl-a412b9f6-7d8b-4de3-a85c-9946bceaa3a0/ozone-metadata/datanode-7/data-0/hdds/a412b9f6-7d8b-4de3-a85c-9946bceaa3a0/DS-2f6f67bf-9efa-4b7c-aaf0-b55f90e251b4/container.db, /home/runner/work/ozone/ozone/hadoop-ozone/integration-test/target/test-dir/MiniOzoneClusterImpl-a412b9f6-7d8b-4de3-a85c-9946bceaa3a0/ozone-metadata/datanode-8/data-0/hdds/a412b9f6-7d8b-4de3-a85c-9946bceaa3a0/DS-1ec53189-a8d9-456e-823c-b078e2857cda/container.db, /home/runner/work/ozone/ozone/hadoop-ozone/integration-test/target/test-dir/MiniOzoneClusterImpl-a412b9f6-7d8b-4de3-a85c-9946bceaa3a0/ozone-metadata/datanode-9/data-0/hdds/a412b9f6-7d8b-4de3-a85c-9946bceaa3a0/DS-2a9dbd48-deb6-4f23-96bb-1f0c806128cb/container.db]
2025-10-22 08:25:56,581 [ForkJoinPool-1-worker-1] INFO  utils.DatanodeStoreCache (DatanodeStoreCache.java:removeDB(104)) - Removed db /home/runner/work/ozone/ozone/hadoop-ozone/integration-test/target/test-dir/MiniOzoneClusterImpl-a412b9f6-7d8b-4de3-a85c-9946bceaa3a0/ozone-metadata/datanode-8/data-0/hdds/a412b9f6-7d8b-4de3-a85c-9946bceaa3a0/DS-1ec53189-a8d9-456e-823c-b078e2857cda/container.db from cache
2025-10-22 08:25:56,581 [ForkJoinPool-1-worker-1] INFO  volume.HddsVolume (HddsVolume.java:closeDbStore(609)) - SchemaV3 db is stopped at /home/runner/work/ozone/ozone/hadoop-ozone/integration-test/target/test-dir/MiniOzoneClusterImpl-a412b9f6-7d8b-4de3-a85c-9946bceaa3a0/ozone-metadata/datanode-8/data-0/hdds/a412b9f6-7d8b-4de3-a85c-9946bceaa3a0/DS-1ec53189-a8d9-456e-823c-b078e2857cda/container.db for volume DS-1ec53189-a8d9-456e-823c-b078e2857cda
2025-10-22 08:25:56,581 [ForkJoinPool-1-worker-1] INFO  utils.BackgroundService (BackgroundService.java:shutdown(195)) - Shutting down service BlockDeletingService
2025-10-22 08:25:56,582 [ForkJoinPool-1-worker-1] INFO  utils.BackgroundService (BackgroundService.java:shutdown(195)) - Shutting down service StaleRecoveringContainerScrubbingService
2025-10-22 08:25:56,583 [ForkJoinPool-1-worker-1] INFO  statemachine.DatanodeStateMachine (DatanodeStateMachine.java:stopDaemon(654)) - Ozone container server stopped.
2025-10-22 08:25:56,599 [ForkJoinPool-1-worker-1] INFO  handler.ContextHandler (ContextHandler.java:doStop(1159)) - Stopped o.e.j.w.WebAppContext@255e63b4{hddsDatanode,/,null,STOPPED}{jar:file:/home/runner/work/ozone/ozone/hadoop-hdds/container-service/target/hdds-container-service-2.1.0-SNAPSHOT.jar!/webapps/hddsDatanode}
2025-10-22 08:25:56,600 [ForkJoinPool-1-worker-1] INFO  server.AbstractConnector (AbstractConnector.java:doStop(383)) - Stopped ServerConnector@63cc4b07{HTTP/1.1, (http/1.1)}{0.0.0.0:15066}
2025-10-22 08:25:56,600 [ForkJoinPool-1-worker-1] INFO  server.session (HouseKeeper.java:stopScavenging(149)) - node0 Stopped scavenging
2025-10-22 08:25:56,601 [ForkJoinPool-1-worker-1] INFO  handler.ContextHandler (ContextHandler.java:doStop(1159)) - Stopped o.e.j.s.ServletContextHandler@61b5f0b0{static,/static,jar:file:/home/runner/work/ozone/ozone/hadoop-hdds/container-service/target/hdds-container-service-2.1.0-SNAPSHOT.jar!/webapps/static,STOPPED}
2025-10-22 08:25:56,601 [ForkJoinPool-1-worker-1] INFO  handler.ContextHandler (ContextHandler.java:doStop(1159)) - Stopped o.e.j.s.ServletContextHandler@1810ab2c{logs,/logs,file:///home/runner/work/ozone/ozone/hadoop-ozone/integration-test/target/log,STOPPED}
2025-10-22 08:25:56,601 [ForkJoinPool-1-worker-1] INFO  ozone.HddsDatanodeClientProtocolServer (HddsDatanodeClientProtocolServer.java:stop(82)) - Stopping the RPC server for Client Protocol
2025-10-22 08:25:56,601 [ForkJoinPool-1-worker-1] INFO  ipc.Server (Server.java:stop(3697)) - Stopping server on 15067
2025-10-22 08:25:56,603 [IPC Server Responder] INFO  ipc.Server (Server.java:run(1718)) - Stopping IPC Server Responder
2025-10-22 08:25:56,603 [IPC Server listener on 15067] INFO  ipc.Server (Server.java:run(1585)) - Stopping IPC Server listener on 15067
2025-10-22 08:25:56,614 [grpc-default-executor-3] ERROR impl.OrderedAsync (OrderedAsync.java:lambda$send$4(181)) - Failed to send request, message=cmdType: WriteChunk traceID: "" containerID: 8 datanodeUuid: "0cab5a7d-6f40-474c-9abd-0651cf30726e" writeChunk { blockID { containerID: 8 localID: 115816896921600009 blockCommitSequenceId: 12 replicaIndex: 0 } chunkData { chunkName: "115816896921600009_chunk_2" offset: 1048576 len: 1048576 } } version: 3, data.size=1048576
java.util.concurrent.CompletionException: org.apache.ratis.protocol.exceptions.LeaderSteppingDownException: 9d21e184-bccf-4583-95a7-0fe616dd3b4b@group-E8ADAFC04A7A is stepping down
	at org.apache.ratis.client.impl.RaftClientImpl.handleRaftException(RaftClientImpl.java:373)
	at org.apache.ratis.client.impl.OrderedAsync.lambda$send$3(OrderedAsync.java:175)
	at java.base/java.util.concurrent.CompletableFuture$UniApply.tryFire(CompletableFuture.java:646)
	at java.base/java.util.concurrent.CompletableFuture.postComplete(CompletableFuture.java:510)
	at java.base/java.util.concurrent.CompletableFuture.complete(CompletableFuture.java:2179)
	at org.apache.ratis.client.impl.OrderedAsync$PendingOrderedRequest.setReply(OrderedAsync.java:105)
	at org.apache.ratis.client.impl.OrderedAsync$PendingOrderedRequest.setReply(OrderedAsync.java:66)
	at org.apache.ratis.util.SlidingWindow$RequestMap.setReply(SlidingWindow.java:147)
	at org.apache.ratis.util.SlidingWindow$Client.receiveReply(SlidingWindow.java:351)
	at org.apache.ratis.client.impl.OrderedAsync.lambda$sendRequestWithRetry$5(OrderedAsync.java:210)
	at java.base/java.util.concurrent.CompletableFuture$UniAccept.tryFire(CompletableFuture.java:718)
	at java.base/java.util.concurrent.CompletableFuture.postComplete(CompletableFuture.java:510)
	at java.base/java.util.concurrent.CompletableFuture.complete(CompletableFuture.java:2179)
	at org.apache.ratis.grpc.client.GrpcClientProtocolClient$AsyncStreamObservers$1.lambda$onNext$0(GrpcClientProtocolClient.java:325)
	at java.base/java.util.Optional.ifPresent(Optional.java:178)
	at org.apache.ratis.grpc.client.GrpcClientProtocolClient$AsyncStreamObservers.handleReplyFuture(GrpcClientProtocolClient.java:381)
	at org.apache.ratis.grpc.client.GrpcClientProtocolClient$AsyncStreamObservers.access$100(GrpcClientProtocolClient.java:303)
	at org.apache.ratis.grpc.client.GrpcClientProtocolClient$AsyncStreamObservers$1.onNext(GrpcClientProtocolClient.java:325)
	at org.apache.ratis.grpc.client.GrpcClientProtocolClient$AsyncStreamObservers$1.onNext(GrpcClientProtocolClient.java:308)
	at org.apache.ratis.thirdparty.io.grpc.stub.ClientCalls$StreamObserverToCallListenerAdapter.onMessage(ClientCalls.java:551)
	at org.apache.ratis.thirdparty.io.grpc.ForwardingClientCallListener.onMessage(ForwardingClientCallListener.java:33)
	at org.apache.ratis.thirdparty.io.grpc.internal.ClientCallImpl$ClientStreamListenerImpl$1MessagesAvailable.runInternal(ClientCallImpl.java:661)
	at org.apache.ratis.thirdparty.io.grpc.internal.ClientCallImpl$ClientStreamListenerImpl$1MessagesAvailable.runInContext(ClientCallImpl.java:648)
	at org.apache.ratis.thirdparty.io.grpc.internal.ContextRunnable.run(ContextRunnable.java:37)
	at org.apache.ratis.thirdparty.io.grpc.internal.SerializingExecutor.run(SerializingExecutor.java:133)
	at java.base/java.util.concurrent.ThreadPoolExecutor.runWorker(ThreadPoolExecutor.java:1144)
	at java.base/java.util.concurrent.ThreadPoolExecutor$Worker.run(ThreadPoolExecutor.java:642)
	at java.base/java.lang.Thread.run(Thread.java:1583)
Caused by: org.apache.ratis.protocol.exceptions.LeaderSteppingDownException: 9d21e184-bccf-4583-95a7-0fe616dd3b4b@group-E8ADAFC04A7A is stepping down
	at org.apache.ratis.server.impl.RaftServerImpl.checkLeaderState(RaftServerImpl.java:784)
	at org.apache.ratis.server.impl.RaftServerImpl.checkLeaderState(RaftServerImpl.java:755)
	at org.apache.ratis.server.impl.RaftServerImpl.writeAsyncImpl(RaftServerImpl.java:972)
	at org.apache.ratis.server.impl.RaftServerImpl.writeAsync(RaftServerImpl.java:960)
	at org.apache.ratis.server.impl.RaftServerImpl.replyFuture(RaftServerImpl.java:953)
	at org.apache.ratis.server.impl.RaftServerImpl.submitClientRequestAsync(RaftServerImpl.java:930)
	at org.apache.ratis.server.impl.RaftServerImpl.lambda$null$11(RaftServerImpl.java:919)
	at org.apache.ratis.util.JavaUtils.callAsUnchecked(JavaUtils.java:118)
	at org.apache.ratis.server.impl.RaftServerImpl.lambda$executeSubmitClientRequestAsync$12(RaftServerImpl.java:919)
	at java.base/java.util.concurrent.CompletableFuture$AsyncSupply.run(CompletableFuture.java:1768)
	... 3 more
2025-10-22 08:25:56,615 [grpc-default-executor-3] ERROR impl.OrderedAsync (OrderedAsync.java:lambda$send$4(181)) - Failed to send request, message=cmdType: PutBlock traceID: "" containerID: 8 datanodeUuid: "0cab5a7d-6f40-474c-9abd-0651cf30726e" putBlock { blockData { blockID { containerID: 8 localID: 115816896921600009 blockCommitSequenceId: 0 } metadata { key: "TYPE" value: "KEY" } chunks { chunkName: "115816896921600009_chunk_1" offset: 0 len: 1048576 } chunks { chunkName: "115816896921600009_chunk_2" offset: 1048576 len: 1048576 } } eof: false } version: 3, data.size=0
java.util.concurrent.CompletionException: org.apache.ratis.protocol.exceptions.LeaderSteppingDownException: 9d21e184-bccf-4583-95a7-0fe616dd3b4b@group-E8ADAFC04A7A is stepping down
	at org.apache.ratis.client.impl.RaftClientImpl.handleRaftException(RaftClientImpl.java:373)
	at org.apache.ratis.client.impl.OrderedAsync.lambda$send$3(OrderedAsync.java:175)
	at java.base/java.util.concurrent.CompletableFuture$UniApply.tryFire(CompletableFuture.java:646)
	at java.base/java.util.concurrent.CompletableFuture.postComplete(CompletableFuture.java:510)
	at java.base/java.util.concurrent.CompletableFuture.complete(CompletableFuture.java:2179)
	at org.apache.ratis.client.impl.OrderedAsync$PendingOrderedRequest.setReply(OrderedAsync.java:105)
	at org.apache.ratis.client.impl.OrderedAsync$PendingOrderedRequest.setReply(OrderedAsync.java:66)
	at org.apache.ratis.util.SlidingWindow$RequestMap.setReply(SlidingWindow.java:147)
	at org.apache.ratis.util.SlidingWindow$Client.receiveReply(SlidingWindow.java:351)
	at org.apache.ratis.client.impl.OrderedAsync.lambda$sendRequestWithRetry$5(OrderedAsync.java:210)
	at java.base/java.util.concurrent.CompletableFuture$UniAccept.tryFire(CompletableFuture.java:718)
	at java.base/java.util.concurrent.CompletableFuture.postComplete(CompletableFuture.java:510)
	at java.base/java.util.concurrent.CompletableFuture.complete(CompletableFuture.java:2179)
	at org.apache.ratis.grpc.client.GrpcClientProtocolClient$AsyncStreamObservers$1.lambda$onNext$0(GrpcClientProtocolClient.java:325)
	at java.base/java.util.Optional.ifPresent(Optional.java:178)
	at org.apache.ratis.grpc.client.GrpcClientProtocolClient$AsyncStreamObservers.handleReplyFuture(GrpcClientProtocolClient.java:381)
	at org.apache.ratis.grpc.client.GrpcClientProtocolClient$AsyncStreamObservers.access$100(GrpcClientProtocolClient.java:303)
	at org.apache.ratis.grpc.client.GrpcClientProtocolClient$AsyncStreamObservers$1.onNext(GrpcClientProtocolClient.java:325)
	at org.apache.ratis.grpc.client.GrpcClientProtocolClient$AsyncStreamObservers$1.onNext(GrpcClientProtocolClient.java:308)
	at org.apache.ratis.thirdparty.io.grpc.stub.ClientCalls$StreamObserverToCallListenerAdapter.onMessage(ClientCalls.java:551)
	at org.apache.ratis.thirdparty.io.grpc.ForwardingClientCallListener.onMessage(ForwardingClientCallListener.java:33)
	at org.apache.ratis.thirdparty.io.grpc.internal.ClientCallImpl$ClientStreamListenerImpl$1MessagesAvailable.runInternal(ClientCallImpl.java:661)
	at org.apache.ratis.thirdparty.io.grpc.internal.ClientCallImpl$ClientStreamListenerImpl$1MessagesAvailable.runInContext(ClientCallImpl.java:648)
	at org.apache.ratis.thirdparty.io.grpc.internal.ContextRunnable.run(ContextRunnable.java:37)
	at org.apache.ratis.thirdparty.io.grpc.internal.SerializingExecutor.run(SerializingExecutor.java:133)
	at java.base/java.util.concurrent.ThreadPoolExecutor.runWorker(ThreadPoolExecutor.java:1144)
	at java.base/java.util.concurrent.ThreadPoolExecutor$Worker.run(ThreadPoolExecutor.java:642)
	at java.base/java.lang.Thread.run(Thread.java:1583)
Caused by: org.apache.ratis.protocol.exceptions.LeaderSteppingDownException: 9d21e184-bccf-4583-95a7-0fe616dd3b4b@group-E8ADAFC04A7A is stepping down
	at org.apache.ratis.server.impl.RaftServerImpl.checkLeaderState(RaftServerImpl.java:784)
	at org.apache.ratis.server.impl.RaftServerImpl.checkLeaderState(RaftServerImpl.java:755)
	at org.apache.ratis.server.impl.RaftServerImpl.writeAsyncImpl(RaftServerImpl.java:972)
	at org.apache.ratis.server.impl.RaftServerImpl.writeAsync(RaftServerImpl.java:960)
	at org.apache.ratis.server.impl.RaftServerImpl.replyFuture(RaftServerImpl.java:953)
	at org.apache.ratis.server.impl.RaftServerImpl.submitClientRequestAsync(RaftServerImpl.java:930)
	at org.apache.ratis.server.impl.RaftServerImpl.lambda$null$11(RaftServerImpl.java:919)
	at org.apache.ratis.util.JavaUtils.callAsUnchecked(JavaUtils.java:118)
	at org.apache.ratis.server.impl.RaftServerImpl.lambda$executeSubmitClientRequestAsync$12(RaftServerImpl.java:919)
	at java.base/java.util.concurrent.CompletableFuture$AsyncSupply.run(CompletableFuture.java:1768)
	... 3 more
2025-10-22 08:25:56,616 [grpc-default-executor-3] ERROR impl.OrderedAsync (OrderedAsync.java:lambda$send$4(181)) - Failed to send request, message=cmdType: WriteChunk traceID: "" containerID: 8 datanodeUuid: "0cab5a7d-6f40-474c-9abd-0651cf30726e" writeChunk { blockID { containerID: 8 localID: 115816896921600009 blockCommitSequenceId: 12 replicaIndex: 0 } chunkData { chunkName: "115816896921600009_chunk_3" offset: 2097152 len: 1048576 } } version: 3, data.size=1048576
java.util.concurrent.CompletionException: org.apache.ratis.protocol.exceptions.LeaderSteppingDownException: 9d21e184-bccf-4583-95a7-0fe616dd3b4b@group-E8ADAFC04A7A is stepping down
	at org.apache.ratis.client.impl.RaftClientImpl.handleRaftException(RaftClientImpl.java:373)
	at org.apache.ratis.client.impl.OrderedAsync.lambda$send$3(OrderedAsync.java:175)
	at java.base/java.util.concurrent.CompletableFuture$UniApply.tryFire(CompletableFuture.java:646)
	at java.base/java.util.concurrent.CompletableFuture.postComplete(CompletableFuture.java:510)
	at java.base/java.util.concurrent.CompletableFuture.complete(CompletableFuture.java:2179)
	at org.apache.ratis.client.impl.OrderedAsync$PendingOrderedRequest.setReply(OrderedAsync.java:105)
	at org.apache.ratis.client.impl.OrderedAsync$PendingOrderedRequest.setReply(OrderedAsync.java:66)
	at org.apache.ratis.util.SlidingWindow$RequestMap.setReply(SlidingWindow.java:147)
	at org.apache.ratis.util.SlidingWindow$Client.receiveReply(SlidingWindow.java:351)
	at org.apache.ratis.client.impl.OrderedAsync.lambda$sendRequestWithRetry$5(OrderedAsync.java:210)
	at java.base/java.util.concurrent.CompletableFuture$UniAccept.tryFire(CompletableFuture.java:718)
	at java.base/java.util.concurrent.CompletableFuture.postComplete(CompletableFuture.java:510)
	at java.base/java.util.concurrent.CompletableFuture.complete(CompletableFuture.java:2179)
	at org.apache.ratis.grpc.client.GrpcClientProtocolClient$AsyncStreamObservers$1.lambda$onNext$0(GrpcClientProtocolClient.java:325)
	at java.base/java.util.Optional.ifPresent(Optional.java:178)
	at org.apache.ratis.grpc.client.GrpcClientProtocolClient$AsyncStreamObservers.handleReplyFuture(GrpcClientProtocolClient.java:381)
	at org.apache.ratis.grpc.client.GrpcClientProtocolClient$AsyncStreamObservers.access$100(GrpcClientProtocolClient.java:303)
	at org.apache.ratis.grpc.client.GrpcClientProtocolClient$AsyncStreamObservers$1.onNext(GrpcClientProtocolClient.java:325)
	at org.apache.ratis.grpc.client.GrpcClientProtocolClient$AsyncStreamObservers$1.onNext(GrpcClientProtocolClient.java:308)
	at org.apache.ratis.thirdparty.io.grpc.stub.ClientCalls$StreamObserverToCallListenerAdapter.onMessage(ClientCalls.java:551)
	at org.apache.ratis.thirdparty.io.grpc.ForwardingClientCallListener.onMessage(ForwardingClientCallListener.java:33)
	at org.apache.ratis.thirdparty.io.grpc.internal.ClientCallImpl$ClientStreamListenerImpl$1MessagesAvailable.runInternal(ClientCallImpl.java:661)
	at org.apache.ratis.thirdparty.io.grpc.internal.ClientCallImpl$ClientStreamListenerImpl$1MessagesAvailable.runInContext(ClientCallImpl.java:648)
	at org.apache.ratis.thirdparty.io.grpc.internal.ContextRunnable.run(ContextRunnable.java:37)
	at org.apache.ratis.thirdparty.io.grpc.internal.SerializingExecutor.run(SerializingExecutor.java:133)
	at java.base/java.util.concurrent.ThreadPoolExecutor.runWorker(ThreadPoolExecutor.java:1144)
	at java.base/java.util.concurrent.ThreadPoolExecutor$Worker.run(ThreadPoolExecutor.java:642)
	at java.base/java.lang.Thread.run(Thread.java:1583)
Caused by: org.apache.ratis.protocol.exceptions.LeaderSteppingDownException: 9d21e184-bccf-4583-95a7-0fe616dd3b4b@group-E8ADAFC04A7A is stepping down
	at org.apache.ratis.server.impl.RaftServerImpl.checkLeaderState(RaftServerImpl.java:784)
	at org.apache.ratis.server.impl.RaftServerImpl.checkLeaderState(RaftServerImpl.java:755)
	at org.apache.ratis.server.impl.RaftServerImpl.writeAsyncImpl(RaftServerImpl.java:972)
	at org.apache.ratis.server.impl.RaftServerImpl.writeAsync(RaftServerImpl.java:960)
	at org.apache.ratis.server.impl.RaftServerImpl.replyFuture(RaftServerImpl.java:953)
	at org.apache.ratis.server.impl.RaftServerImpl.submitClientRequestAsync(RaftServerImpl.java:930)
	at org.apache.ratis.server.impl.RaftServerImpl.lambda$null$11(RaftServerImpl.java:919)
	at org.apache.ratis.util.JavaUtils.callAsUnchecked(JavaUtils.java:118)
	at org.apache.ratis.server.impl.RaftServerImpl.lambda$executeSubmitClientRequestAsync$12(RaftServerImpl.java:919)
	at java.base/java.util.concurrent.CompletableFuture$AsyncSupply.run(CompletableFuture.java:1768)
	... 3 more
2025-10-22 08:25:56,617 [grpc-default-executor-3] ERROR impl.OrderedAsync (OrderedAsync.java:lambda$send$4(181)) - Failed to send request, message=cmdType: PutBlock traceID: "" containerID: 8 datanodeUuid: "0cab5a7d-6f40-474c-9abd-0651cf30726e" putBlock { blockData { blockID { containerID: 8 localID: 115816896921600009 blockCommitSequenceId: 0 } metadata { key: "TYPE" value: "KEY" } chunks { chunkName: "115816896921600009_chunk_1" offset: 0 len: 1048576 } chunks { chunkName: "115816896921600009_chunk_2" offset: 1048576 len: 1048576 } chunks { chunkName: "115816896921600009_chunk_3" offset: 2097152 len: 1048576 } } eof: false } version: 3, data.size=0
java.util.concurrent.CompletionException: org.apache.ratis.protocol.exceptions.LeaderSteppingDownException: 9d21e184-bccf-4583-95a7-0fe616dd3b4b@group-E8ADAFC04A7A is stepping down
	at org.apache.ratis.client.impl.RaftClientImpl.handleRaftException(RaftClientImpl.java:373)
	at org.apache.ratis.client.impl.OrderedAsync.lambda$send$3(OrderedAsync.java:175)
	at java.base/java.util.concurrent.CompletableFuture$UniApply.tryFire(CompletableFuture.java:646)
	at java.base/java.util.concurrent.CompletableFuture.postComplete(CompletableFuture.java:510)
	at java.base/java.util.concurrent.CompletableFuture.complete(CompletableFuture.java:2179)
	at org.apache.ratis.client.impl.OrderedAsync$PendingOrderedRequest.setReply(OrderedAsync.java:105)
	at org.apache.ratis.client.impl.OrderedAsync$PendingOrderedRequest.setReply(OrderedAsync.java:66)
	at org.apache.ratis.util.SlidingWindow$RequestMap.setReply(SlidingWindow.java:147)
	at org.apache.ratis.util.SlidingWindow$Client.receiveReply(SlidingWindow.java:351)
	at org.apache.ratis.client.impl.OrderedAsync.lambda$sendRequestWithRetry$5(OrderedAsync.java:210)
	at java.base/java.util.concurrent.CompletableFuture$UniAccept.tryFire(CompletableFuture.java:718)
	at java.base/java.util.concurrent.CompletableFuture.postComplete(CompletableFuture.java:510)
	at java.base/java.util.concurrent.CompletableFuture.complete(CompletableFuture.java:2179)
	at org.apache.ratis.grpc.client.GrpcClientProtocolClient$AsyncStreamObservers$1.lambda$onNext$0(GrpcClientProtocolClient.java:325)
	at java.base/java.util.Optional.ifPresent(Optional.java:178)
	at org.apache.ratis.grpc.client.GrpcClientProtocolClient$AsyncStreamObservers.handleReplyFuture(GrpcClientProtocolClient.java:381)
	at org.apache.ratis.grpc.client.GrpcClientProtocolClient$AsyncStreamObservers.access$100(GrpcClientProtocolClient.java:303)
	at org.apache.ratis.grpc.client.GrpcClientProtocolClient$AsyncStreamObservers$1.onNext(GrpcClientProtocolClient.java:325)
	at org.apache.ratis.grpc.client.GrpcClientProtocolClient$AsyncStreamObservers$1.onNext(GrpcClientProtocolClient.java:308)
	at org.apache.ratis.thirdparty.io.grpc.stub.ClientCalls$StreamObserverToCallListenerAdapter.onMessage(ClientCalls.java:551)
	at org.apache.ratis.thirdparty.io.grpc.ForwardingClientCallListener.onMessage(ForwardingClientCallListener.java:33)
	at org.apache.ratis.thirdparty.io.grpc.internal.ClientCallImpl$ClientStreamListenerImpl$1MessagesAvailable.runInternal(ClientCallImpl.java:661)
	at org.apache.ratis.thirdparty.io.grpc.internal.ClientCallImpl$ClientStreamListenerImpl$1MessagesAvailable.runInContext(ClientCallImpl.java:648)
	at org.apache.ratis.thirdparty.io.grpc.internal.ContextRunnable.run(ContextRunnable.java:37)
	at org.apache.ratis.thirdparty.io.grpc.internal.SerializingExecutor.run(SerializingExecutor.java:133)
	at java.base/java.util.concurrent.ThreadPoolExecutor.runWorker(ThreadPoolExecutor.java:1144)
	at java.base/java.util.concurrent.ThreadPoolExecutor$Worker.run(ThreadPoolExecutor.java:642)
	at java.base/java.lang.Thread.run(Thread.java:1583)
Caused by: org.apache.ratis.protocol.exceptions.LeaderSteppingDownException: 9d21e184-bccf-4583-95a7-0fe616dd3b4b@group-E8ADAFC04A7A is stepping down
	at org.apache.ratis.server.impl.RaftServerImpl.checkLeaderState(RaftServerImpl.java:784)
	at org.apache.ratis.server.impl.RaftServerImpl.checkLeaderState(RaftServerImpl.java:755)
	at org.apache.ratis.server.impl.RaftServerImpl.writeAsyncImpl(RaftServerImpl.java:972)
	at org.apache.ratis.server.impl.RaftServerImpl.writeAsync(RaftServerImpl.java:960)
	at org.apache.ratis.server.impl.RaftServerImpl.replyFuture(RaftServerImpl.java:953)
	at org.apache.ratis.server.impl.RaftServerImpl.submitClientRequestAsync(RaftServerImpl.java:930)
	at org.apache.ratis.server.impl.RaftServerImpl.lambda$null$11(RaftServerImpl.java:919)
	at org.apache.ratis.util.JavaUtils.callAsUnchecked(JavaUtils.java:118)
	at org.apache.ratis.server.impl.RaftServerImpl.lambda$executeSubmitClientRequestAsync$12(RaftServerImpl.java:919)
	at java.base/java.util.concurrent.CompletableFuture$AsyncSupply.run(CompletableFuture.java:1768)
	... 3 more
2025-10-22 08:25:56,618 [ForkJoinPool-1-worker-1] WARN  io.KeyOutputStream (KeyOutputStream.java:handleExceptionInternal(377)) - Encountered exception java.io.IOException: Unexpected Storage Container Exception: java.util.concurrent.CompletionException: Failed to write chunk 115816896921600009_chunk_2 into block conID: 8 locID: 115816896921600009 bcsId: 12 replicaIndex: null on the pipeline Pipeline{ Id: daae6601-de49-4157-b371-e8adafc04a7a, Nodes: [ {0cab5a7d-6f40-474c-9abd-0651cf30726e(localhost/127.0.0.1), ReplicaIndex: 0}, {9d21e184-bccf-4583-95a7-0fe616dd3b4b(localhost/127.0.0.1), ReplicaIndex: 0}, {8aba082c-257b-43e3-ba61-5d436c5b38fa(localhost/127.0.0.1), ReplicaIndex: 0},], ReplicationConfig: RATIS/THREE, State:OPEN, leaderId:9d21e184-bccf-4583-95a7-0fe616dd3b4b, CreationTimestamp2025-10-22T08:23:43.278Z[Etc/UTC]}. The last committed block length is 1048576, uncommitted data length is 2097152 retry count 0
2025-10-22 08:25:56,631 [grpc-default-executor-3] ERROR impl.OrderedAsync (OrderedAsync.java:lambda$null$6(215)) -  client-BAD593AD1202: Failed* RaftClientRequest:client-BAD593AD1202->8aba082c-257b-43e3-ba61-5d436c5b38fa@group-45121E95117A, cid=68, seq=1*, Watch(0), null
java.util.concurrent.CompletionException: org.apache.ratis.protocol.exceptions.NotLeaderException: Server 8aba082c-257b-43e3-ba61-5d436c5b38fa@group-45121E95117A is not the leader
	at java.base/java.util.concurrent.CompletableFuture.encodeThrowable(CompletableFuture.java:332)
	at java.base/java.util.concurrent.CompletableFuture.completeThrowable(CompletableFuture.java:347)
	at java.base/java.util.concurrent.CompletableFuture$UniAccept.tryFire(CompletableFuture.java:708)
	at java.base/java.util.concurrent.CompletableFuture.postComplete(CompletableFuture.java:510)
	at java.base/java.util.concurrent.CompletableFuture.completeExceptionally(CompletableFuture.java:2194)
	at org.apache.ratis.grpc.client.GrpcClientProtocolClient$AsyncStreamObservers.completeReplyExceptionally(GrpcClientProtocolClient.java:397)
	at org.apache.ratis.grpc.client.GrpcClientProtocolClient$AsyncStreamObservers.access$000(GrpcClientProtocolClient.java:303)
	at org.apache.ratis.grpc.client.GrpcClientProtocolClient$AsyncStreamObservers$1.onNext(GrpcClientProtocolClient.java:317)
	at org.apache.ratis.grpc.client.GrpcClientProtocolClient$AsyncStreamObservers$1.onNext(GrpcClientProtocolClient.java:308)
	at org.apache.ratis.thirdparty.io.grpc.stub.ClientCalls$StreamObserverToCallListenerAdapter.onMessage(ClientCalls.java:551)
	at org.apache.ratis.thirdparty.io.grpc.ForwardingClientCallListener.onMessage(ForwardingClientCallListener.java:33)
	at org.apache.ratis.thirdparty.io.grpc.internal.ClientCallImpl$ClientStreamListenerImpl$1MessagesAvailable.runInternal(ClientCallImpl.java:661)
	at org.apache.ratis.thirdparty.io.grpc.internal.ClientCallImpl$ClientStreamListenerImpl$1MessagesAvailable.runInContext(ClientCallImpl.java:648)
	at org.apache.ratis.thirdparty.io.grpc.internal.ContextRunnable.run(ContextRunnable.java:37)
	at org.apache.ratis.thirdparty.io.grpc.internal.SerializingExecutor.run(SerializingExecutor.java:133)
	at java.base/java.util.concurrent.ThreadPoolExecutor.runWorker(ThreadPoolExecutor.java:1144)
	at java.base/java.util.concurrent.ThreadPoolExecutor$Worker.run(ThreadPoolExecutor.java:642)
	at java.base/java.lang.Thread.run(Thread.java:1583)
Caused by: org.apache.ratis.protocol.exceptions.NotLeaderException: Server 8aba082c-257b-43e3-ba61-5d436c5b38fa@group-45121E95117A is not the leader
	at org.apache.ratis.client.impl.ClientProtoUtils.toRaftClientReply(ClientProtoUtils.java:402)
	at org.apache.ratis.grpc.client.GrpcClientProtocolClient$AsyncStreamObservers$1.onNext(GrpcClientProtocolClient.java:313)
	... 10 more
2025-10-22 08:25:56,841 [9d21e184-bccf-4583-95a7-0fe616dd3b4b@group-45121E95117A-FollowerState] INFO  impl.FollowerState (FollowerState.java:runImpl(161)) - 9d21e184-bccf-4583-95a7-0fe616dd3b4b@group-45121E95117A-FollowerState: change to CANDIDATE, lastRpcElapsedTime:1046287029ns, electionTimeout:1046ms
2025-10-22 08:25:56,841 [9d21e184-bccf-4583-95a7-0fe616dd3b4b@group-45121E95117A-FollowerState] INFO  impl.RoleInfo (RoleInfo.java:shutdownFollowerState(121)) - 9d21e184-bccf-4583-95a7-0fe616dd3b4b: shutdown 9d21e184-bccf-4583-95a7-0fe616dd3b4b@group-45121E95117A-FollowerState
2025-10-22 08:25:56,841 [9d21e184-bccf-4583-95a7-0fe616dd3b4b@group-45121E95117A-FollowerState] INFO  server.RaftServer$Division (RaftServerImpl.java:setRole(392)) - 9d21e184-bccf-4583-95a7-0fe616dd3b4b@group-45121E95117A: changes role from  FOLLOWER to CANDIDATE at term 1 for changeToCandidate
2025-10-22 08:25:56,841 [9d21e184-bccf-4583-95a7-0fe616dd3b4b@group-45121E95117A-FollowerState] INFO  impl.RoleInfo (RoleInfo.java:updateAndGet(148)) - 9d21e184-bccf-4583-95a7-0fe616dd3b4b: start 9d21e184-bccf-4583-95a7-0fe616dd3b4b@group-45121E95117A-LeaderElection247
2025-10-22 08:25:56,841 [9d21e184-bccf-4583-95a7-0fe616dd3b4b@group-45121E95117A-LeaderElection247] INFO  impl.LeaderElection (LeaderElection.java:askForVotes(448)) - 9d21e184-bccf-4583-95a7-0fe616dd3b4b@group-45121E95117A-LeaderElection247 PRE_VOTE round 0: submit vote requests at term 1 for conf: {index: 0, cur=peers:[9d21e184-bccf-4583-95a7-0fe616dd3b4b|127.0.0.1:15079, 8aba082c-257b-43e3-ba61-5d436c5b38fa|127.0.0.1:15063, 0cab5a7d-6f40-474c-9abd-0651cf30726e|127.0.0.1:15071]|listeners:[], old=null}
2025-10-22 08:25:56,842 [9d21e184-bccf-4583-95a7-0fe616dd3b4b@group-45121E95117A-LeaderElection247] INFO  impl.LeaderElection (LogUtils.java:infoOrTrace(142)) - 9d21e184-bccf-4583-95a7-0fe616dd3b4b@group-45121E95117A-LeaderElection247 got exception when requesting votes: java.util.concurrent.ExecutionException: org.apache.ratis.thirdparty.io.grpc.StatusRuntimeException: UNAVAILABLE: io exception
2025-10-22 08:25:56,842 [grpc-default-executor-3] INFO  server.RaftServer$Division (RaftServerImpl.java:requestVote(1421)) - 8aba082c-257b-43e3-ba61-5d436c5b38fa@group-45121E95117A: receive requestVote(PRE_VOTE, 9d21e184-bccf-4583-95a7-0fe616dd3b4b, group-45121E95117A, 1, (t:1, i:7))
2025-10-22 08:25:56,843 [grpc-default-executor-3] INFO  impl.VoteContext (VoteContext.java:log(49)) - 8aba082c-257b-43e3-ba61-5d436c5b38fa@group-45121E95117A-FOLLOWER: reject PRE_VOTE from 9d21e184-bccf-4583-95a7-0fe616dd3b4b: our priority 1 > candidate's priority 0
2025-10-22 08:25:56,843 [grpc-default-executor-3] INFO  server.RaftServer$Division (RaftServerImpl.java:requestVote(1455)) - 8aba082c-257b-43e3-ba61-5d436c5b38fa@group-45121E95117A replies to PRE_VOTE vote request: 9d21e184-bccf-4583-95a7-0fe616dd3b4b<-8aba082c-257b-43e3-ba61-5d436c5b38fa#0:FAIL-t1-last:(t:1, i:7). Peer's state: 8aba082c-257b-43e3-ba61-5d436c5b38fa@group-45121E95117A:t1, leader=null, voted=8aba082c-257b-43e3-ba61-5d436c5b38fa, raftlog=Memoized:8aba082c-257b-43e3-ba61-5d436c5b38fa@group-45121E95117A-SegmentedRaftLog:OPENED:c7:last(t:1, i:7), conf=conf: {index: 0, cur=peers:[9d21e184-bccf-4583-95a7-0fe616dd3b4b|127.0.0.1:15079, 8aba082c-257b-43e3-ba61-5d436c5b38fa|127.0.0.1:15063, 0cab5a7d-6f40-474c-9abd-0651cf30726e|127.0.0.1:15071]|listeners:[], old=null}
2025-10-22 08:25:56,843 [9d21e184-bccf-4583-95a7-0fe616dd3b4b@group-45121E95117A-LeaderElection247] INFO  impl.LeaderElection (LeaderElection.java:logAndReturn(206)) - 9d21e184-bccf-4583-95a7-0fe616dd3b4b@group-45121E95117A-LeaderElection247: PRE_VOTE REJECTED received 1 response(s) and 1 exception(s):
2025-10-22 08:25:56,843 [9d21e184-bccf-4583-95a7-0fe616dd3b4b@group-45121E95117A-LeaderElection247] INFO  impl.LeaderElection (LeaderElection.java:logAndReturn(210)) -   Response 0: 9d21e184-bccf-4583-95a7-0fe616dd3b4b<-8aba082c-257b-43e3-ba61-5d436c5b38fa#0:FAIL-t1-last:(t:1, i:7)
2025-10-22 08:25:56,843 [9d21e184-bccf-4583-95a7-0fe616dd3b4b@group-45121E95117A-LeaderElection247] INFO  impl.LeaderElection (LogUtils.java:infoOrTrace(142)) -   Exception 1: java.util.concurrent.ExecutionException: org.apache.ratis.thirdparty.io.grpc.StatusRuntimeException: UNAVAILABLE: io exception
2025-10-22 08:25:56,843 [9d21e184-bccf-4583-95a7-0fe616dd3b4b@group-45121E95117A-LeaderElection247] INFO  impl.LeaderElection (LeaderElection.java:askForVotes(450)) - 9d21e184-bccf-4583-95a7-0fe616dd3b4b@group-45121E95117A-LeaderElection247 PRE_VOTE round 0: result REJECTED
2025-10-22 08:25:56,843 [9d21e184-bccf-4583-95a7-0fe616dd3b4b@group-45121E95117A-LeaderElection247] INFO  server.RaftServer$Division (RaftServerImpl.java:setRole(392)) - 9d21e184-bccf-4583-95a7-0fe616dd3b4b@group-45121E95117A: changes role from CANDIDATE to FOLLOWER at term 1 for REJECTED
2025-10-22 08:25:56,843 [9d21e184-bccf-4583-95a7-0fe616dd3b4b@group-45121E95117A-LeaderElection247] INFO  impl.RoleInfo (RoleInfo.java:shutdownLeaderElection(141)) - 9d21e184-bccf-4583-95a7-0fe616dd3b4b: shutdown 9d21e184-bccf-4583-95a7-0fe616dd3b4b@group-45121E95117A-LeaderElection247
2025-10-22 08:25:56,843 [9d21e184-bccf-4583-95a7-0fe616dd3b4b@group-45121E95117A-LeaderElection247] INFO  impl.RoleInfo (RoleInfo.java:updateAndGet(148)) - 9d21e184-bccf-4583-95a7-0fe616dd3b4b: start 9d21e184-bccf-4583-95a7-0fe616dd3b4b@group-45121E95117A-FollowerState
2025-10-22 08:25:57,180 [9d21e184-bccf-4583-95a7-0fe616dd3b4b@group-E8ADAFC04A7A-LeaderStateImpl] INFO  impl.TransferLeadership (TransferLeadership.java:tryTransferLeadership(258)) - 9d21e184-bccf-4583-95a7-0fe616dd3b4b@group-E8ADAFC04A7A: start transferring leadership to 0cab5a7d-6f40-474c-9abd-0651cf30726e
2025-10-22 08:25:57,180 [9d21e184-bccf-4583-95a7-0fe616dd3b4b@group-E8ADAFC04A7A-LeaderStateImpl] INFO  impl.TransferLeadership (TransferLeadership.java:sendStartLeaderElection(210)) - 9d21e184-bccf-4583-95a7-0fe616dd3b4b@group-E8ADAFC04A7A: sendStartLeaderElection to follower 0cab5a7d-6f40-474c-9abd-0651cf30726e, lastEntry=(t:3, i:14)
2025-10-22 08:25:57,180 [9d21e184-bccf-4583-95a7-0fe616dd3b4b@group-E8ADAFC04A7A-LeaderStateImpl] INFO  impl.TransferLeadership (TransferLeadership.java:tryTransferLeadership(266)) - 9d21e184-bccf-4583-95a7-0fe616dd3b4b@group-E8ADAFC04A7A: SUCCESS sent StartLeaderElection to transferee 0cab5a7d-6f40-474c-9abd-0651cf30726e immediately as it already has up-to-date log
2025-10-22 08:25:57,180 [9d21e184-bccf-4583-95a7-0fe616dd3b4b-server-thread1] WARN  impl.TransferLeadership (TransferLeadership.java:lambda$sendStartLeaderElection$2(227)) - 9d21e184-bccf-4583-95a7-0fe616dd3b4b@group-E8ADAFC04A7A: Failed to startLeaderElection for 0cab5a7d-6f40-474c-9abd-0651cf30726e
java.util.concurrent.CompletionException: org.apache.ratis.thirdparty.io.grpc.StatusRuntimeException: UNAVAILABLE: io exception
	at java.base/java.util.concurrent.CompletableFuture.encodeThrowable(CompletableFuture.java:315)
	at java.base/java.util.concurrent.CompletableFuture.completeThrowable(CompletableFuture.java:320)
	at java.base/java.util.concurrent.CompletableFuture$AsyncSupply.run(CompletableFuture.java:1770)
	at java.base/java.util.concurrent.ThreadPoolExecutor.runWorker(ThreadPoolExecutor.java:1144)
	at java.base/java.util.concurrent.ThreadPoolExecutor$Worker.run(ThreadPoolExecutor.java:642)
	at java.base/java.lang.Thread.run(Thread.java:1583)
Caused by: org.apache.ratis.thirdparty.io.grpc.StatusRuntimeException: UNAVAILABLE: io exception
	at org.apache.ratis.thirdparty.io.grpc.stub.ClientCalls.toStatusRuntimeException(ClientCalls.java:351)
	at org.apache.ratis.thirdparty.io.grpc.stub.ClientCalls.getUnchecked(ClientCalls.java:332)
	at org.apache.ratis.thirdparty.io.grpc.stub.ClientCalls.blockingUnaryCall(ClientCalls.java:174)
	at org.apache.ratis.proto.grpc.RaftServerProtocolServiceGrpc$RaftServerProtocolServiceBlockingStub.startLeaderElection(RaftServerProtocolServiceGrpc.java:422)
	at org.apache.ratis.grpc.server.GrpcServerProtocolClient.startLeaderElection(GrpcServerProtocolClient.java:123)
	at org.apache.ratis.grpc.server.GrpcServicesImpl.startLeaderElection(GrpcServicesImpl.java:423)
	at org.apache.ratis.server.impl.TransferLeadership.lambda$sendStartLeaderElection$1(TransferLeadership.java:218)
	at java.base/java.util.concurrent.CompletableFuture$AsyncSupply.run(CompletableFuture.java:1768)
	... 3 more
Caused by: org.apache.ratis.thirdparty.io.netty.channel.AbstractChannel$AnnotatedConnectException: finishConnect(..) failed: Connection refused: /127.0.0.1:15071
Caused by: java.net.ConnectException: finishConnect(..) failed: Connection refused
	at org.apache.ratis.thirdparty.io.netty.channel.unix.Errors.newConnectException0(Errors.java:166)
	at org.apache.ratis.thirdparty.io.netty.channel.unix.Errors.handleConnectErrno(Errors.java:131)
	at org.apache.ratis.thirdparty.io.netty.channel.unix.Socket.finishConnect(Socket.java:359)
	at org.apache.ratis.thirdparty.io.netty.channel.epoll.AbstractEpollChannel$AbstractEpollUnsafe.doFinishConnect(AbstractEpollChannel.java:715)
	at org.apache.ratis.thirdparty.io.netty.channel.epoll.AbstractEpollChannel$AbstractEpollUnsafe.finishConnect(AbstractEpollChannel.java:692)
	at org.apache.ratis.thirdparty.io.netty.channel.epoll.AbstractEpollChannel$AbstractEpollUnsafe.epollOutReady(AbstractEpollChannel.java:567)
	at org.apache.ratis.thirdparty.io.netty.channel.epoll.EpollEventLoop.processReady(EpollEventLoop.java:491)
	at org.apache.ratis.thirdparty.io.netty.channel.epoll.EpollEventLoop.run(EpollEventLoop.java:399)
	at org.apache.ratis.thirdparty.io.netty.util.concurrent.SingleThreadEventExecutor$4.run(SingleThreadEventExecutor.java:998)
	at org.apache.ratis.thirdparty.io.netty.util.internal.ThreadExecutorMap$2.run(ThreadExecutorMap.java:74)
	at org.apache.ratis.thirdparty.io.netty.util.concurrent.FastThreadLocalRunnable.run(FastThreadLocalRunnable.java:30)
	at java.base/java.lang.Thread.run(Thread.java:1583)
2025-10-22 08:25:57,499 [8aba082c-257b-43e3-ba61-5d436c5b38fa@group-45121E95117A-FollowerState] INFO  impl.FollowerState (FollowerState.java:runImpl(161)) - 8aba082c-257b-43e3-ba61-5d436c5b38fa@group-45121E95117A-FollowerState: change to CANDIDATE, lastRpcElapsedTime:1093268043ns, electionTimeout:1093ms
2025-10-22 08:25:57,499 [8aba082c-257b-43e3-ba61-5d436c5b38fa@group-45121E95117A-FollowerState] INFO  impl.RoleInfo (RoleInfo.java:shutdownFollowerState(121)) - 8aba082c-257b-43e3-ba61-5d436c5b38fa: shutdown 8aba082c-257b-43e3-ba61-5d436c5b38fa@group-45121E95117A-FollowerState
2025-10-22 08:25:57,499 [8aba082c-257b-43e3-ba61-5d436c5b38fa@group-45121E95117A-FollowerState] INFO  server.RaftServer$Division (RaftServerImpl.java:setRole(392)) - 8aba082c-257b-43e3-ba61-5d436c5b38fa@group-45121E95117A: changes role from  FOLLOWER to CANDIDATE at term 1 for changeToCandidate
2025-10-22 08:25:57,499 [8aba082c-257b-43e3-ba61-5d436c5b38fa@group-45121E95117A-FollowerState] INFO  impl.RoleInfo (RoleInfo.java:updateAndGet(148)) - 8aba082c-257b-43e3-ba61-5d436c5b38fa: start 8aba082c-257b-43e3-ba61-5d436c5b38fa@group-45121E95117A-LeaderElection248
2025-10-22 08:25:57,500 [8aba082c-257b-43e3-ba61-5d436c5b38fa@group-45121E95117A-LeaderElection248] INFO  impl.LeaderElection (LeaderElection.java:askForVotes(448)) - 8aba082c-257b-43e3-ba61-5d436c5b38fa@group-45121E95117A-LeaderElection248 PRE_VOTE round 0: submit vote requests at term 1 for conf: {index: 0, cur=peers:[9d21e184-bccf-4583-95a7-0fe616dd3b4b|127.0.0.1:15079, 8aba082c-257b-43e3-ba61-5d436c5b38fa|127.0.0.1:15063, 0cab5a7d-6f40-474c-9abd-0651cf30726e|127.0.0.1:15071]|listeners:[], old=null}
2025-10-22 08:25:57,500 [8aba082c-257b-43e3-ba61-5d436c5b38fa@group-45121E95117A-LeaderElection248] INFO  impl.LeaderElection (LogUtils.java:infoOrTrace(142)) - 8aba082c-257b-43e3-ba61-5d436c5b38fa@group-45121E95117A-LeaderElection248 got exception when requesting votes: java.util.concurrent.ExecutionException: org.apache.ratis.thirdparty.io.grpc.StatusRuntimeException: UNAVAILABLE: io exception
2025-10-22 08:25:57,501 [grpc-default-executor-3] INFO  server.RaftServer$Division (RaftServerImpl.java:requestVote(1421)) - 9d21e184-bccf-4583-95a7-0fe616dd3b4b@group-45121E95117A: receive requestVote(PRE_VOTE, 8aba082c-257b-43e3-ba61-5d436c5b38fa, group-45121E95117A, 1, (t:1, i:7))
2025-10-22 08:25:57,501 [grpc-default-executor-3] INFO  impl.VoteContext (VoteContext.java:log(49)) - 9d21e184-bccf-4583-95a7-0fe616dd3b4b@group-45121E95117A-FOLLOWER: accept PRE_VOTE from 8aba082c-257b-43e3-ba61-5d436c5b38fa: our priority 0 <= candidate's priority 1
2025-10-22 08:25:57,501 [grpc-default-executor-3] INFO  server.RaftServer$Division (RaftServerImpl.java:requestVote(1455)) - 9d21e184-bccf-4583-95a7-0fe616dd3b4b@group-45121E95117A replies to PRE_VOTE vote request: 8aba082c-257b-43e3-ba61-5d436c5b38fa<-9d21e184-bccf-4583-95a7-0fe616dd3b4b#0:OK-t1-last:(t:1, i:7). Peer's state: 9d21e184-bccf-4583-95a7-0fe616dd3b4b@group-45121E95117A:t1, leader=null, voted=8aba082c-257b-43e3-ba61-5d436c5b38fa, raftlog=Memoized:9d21e184-bccf-4583-95a7-0fe616dd3b4b@group-45121E95117A-SegmentedRaftLog:OPENED:c7:last(t:1, i:7), conf=conf: {index: 0, cur=peers:[9d21e184-bccf-4583-95a7-0fe616dd3b4b|127.0.0.1:15079, 8aba082c-257b-43e3-ba61-5d436c5b38fa|127.0.0.1:15063, 0cab5a7d-6f40-474c-9abd-0651cf30726e|127.0.0.1:15071]|listeners:[], old=null}
2025-10-22 08:25:57,501 [8aba082c-257b-43e3-ba61-5d436c5b38fa@group-45121E95117A-LeaderElection248] INFO  impl.LeaderElection (LeaderElection.java:logAndReturn(206)) - 8aba082c-257b-43e3-ba61-5d436c5b38fa@group-45121E95117A-LeaderElection248: PRE_VOTE PASSED received 1 response(s) and 1 exception(s):
2025-10-22 08:25:57,502 [8aba082c-257b-43e3-ba61-5d436c5b38fa@group-45121E95117A-LeaderElection248] INFO  impl.LeaderElection (LeaderElection.java:logAndReturn(210)) -   Response 0: 8aba082c-257b-43e3-ba61-5d436c5b38fa<-9d21e184-bccf-4583-95a7-0fe616dd3b4b#0:OK-t1-last:(t:1, i:7)
2025-10-22 08:25:57,502 [8aba082c-257b-43e3-ba61-5d436c5b38fa@group-45121E95117A-LeaderElection248] INFO  impl.LeaderElection (LogUtils.java:infoOrTrace(142)) -   Exception 1: java.util.concurrent.ExecutionException: org.apache.ratis.thirdparty.io.grpc.StatusRuntimeException: UNAVAILABLE: io exception
2025-10-22 08:25:57,502 [8aba082c-257b-43e3-ba61-5d436c5b38fa@group-45121E95117A-LeaderElection248] INFO  impl.LeaderElection (LeaderElection.java:askForVotes(450)) - 8aba082c-257b-43e3-ba61-5d436c5b38fa@group-45121E95117A-LeaderElection248 PRE_VOTE round 0: result PASSED
2025-10-22 08:25:57,503 [8aba082c-257b-43e3-ba61-5d436c5b38fa@group-45121E95117A-LeaderElection248] INFO  impl.LeaderElection (LeaderElection.java:askForVotes(448)) - 8aba082c-257b-43e3-ba61-5d436c5b38fa@group-45121E95117A-LeaderElection248 ELECTION round 0: submit vote requests at term 2 for conf: {index: 0, cur=peers:[9d21e184-bccf-4583-95a7-0fe616dd3b4b|127.0.0.1:15079, 8aba082c-257b-43e3-ba61-5d436c5b38fa|127.0.0.1:15063, 0cab5a7d-6f40-474c-9abd-0651cf30726e|127.0.0.1:15071]|listeners:[], old=null}
2025-10-22 08:25:57,503 [8aba082c-257b-43e3-ba61-5d436c5b38fa@group-45121E95117A-LeaderElection248] INFO  impl.LeaderElection (LogUtils.java:infoOrTrace(142)) - 8aba082c-257b-43e3-ba61-5d436c5b38fa@group-45121E95117A-LeaderElection248 got exception when requesting votes: java.util.concurrent.ExecutionException: org.apache.ratis.thirdparty.io.grpc.StatusRuntimeException: UNAVAILABLE: io exception
2025-10-22 08:25:57,504 [grpc-default-executor-3] INFO  server.RaftServer$Division (RaftServerImpl.java:requestVote(1421)) - 9d21e184-bccf-4583-95a7-0fe616dd3b4b@group-45121E95117A: receive requestVote(ELECTION, 8aba082c-257b-43e3-ba61-5d436c5b38fa, group-45121E95117A, 2, (t:1, i:7))
2025-10-22 08:25:57,504 [grpc-default-executor-3] INFO  impl.VoteContext (VoteContext.java:log(49)) - 9d21e184-bccf-4583-95a7-0fe616dd3b4b@group-45121E95117A-FOLLOWER: accept ELECTION from 8aba082c-257b-43e3-ba61-5d436c5b38fa: our priority 0 <= candidate's priority 1
2025-10-22 08:25:57,504 [grpc-default-executor-3] INFO  server.RaftServer$Division (RaftServerImpl.java:setRole(392)) - 9d21e184-bccf-4583-95a7-0fe616dd3b4b@group-45121E95117A: changes role from  FOLLOWER to FOLLOWER at term 1 for candidate:8aba082c-257b-43e3-ba61-5d436c5b38fa
2025-10-22 08:25:57,504 [grpc-default-executor-3] INFO  impl.RoleInfo (RoleInfo.java:shutdownFollowerState(121)) - 9d21e184-bccf-4583-95a7-0fe616dd3b4b: shutdown 9d21e184-bccf-4583-95a7-0fe616dd3b4b@group-45121E95117A-FollowerState
2025-10-22 08:25:57,504 [grpc-default-executor-3] INFO  impl.RoleInfo (RoleInfo.java:updateAndGet(148)) - 9d21e184-bccf-4583-95a7-0fe616dd3b4b: start 9d21e184-bccf-4583-95a7-0fe616dd3b4b@group-45121E95117A-FollowerState
2025-10-22 08:25:57,504 [9d21e184-bccf-4583-95a7-0fe616dd3b4b@group-45121E95117A-FollowerState] INFO  impl.FollowerState (FollowerState.java:runImpl(170)) - 9d21e184-bccf-4583-95a7-0fe616dd3b4b@group-45121E95117A-FollowerState was interrupted
2025-10-22 08:25:57,505 [grpc-default-executor-3] INFO  server.RaftServer$Division (RaftServerImpl.java:requestVote(1455)) - 9d21e184-bccf-4583-95a7-0fe616dd3b4b@group-45121E95117A replies to ELECTION vote request: 8aba082c-257b-43e3-ba61-5d436c5b38fa<-9d21e184-bccf-4583-95a7-0fe616dd3b4b#0:OK-t2-last:(t:1, i:7). Peer's state: 9d21e184-bccf-4583-95a7-0fe616dd3b4b@group-45121E95117A:t2, leader=null, voted=8aba082c-257b-43e3-ba61-5d436c5b38fa, raftlog=Memoized:9d21e184-bccf-4583-95a7-0fe616dd3b4b@group-45121E95117A-SegmentedRaftLog:OPENED:c7:last(t:1, i:7), conf=conf: {index: 0, cur=peers:[9d21e184-bccf-4583-95a7-0fe616dd3b4b|127.0.0.1:15079, 8aba082c-257b-43e3-ba61-5d436c5b38fa|127.0.0.1:15063, 0cab5a7d-6f40-474c-9abd-0651cf30726e|127.0.0.1:15071]|listeners:[], old=null}
2025-10-22 08:25:57,505 [8aba082c-257b-43e3-ba61-5d436c5b38fa@group-45121E95117A-LeaderElection248] INFO  impl.LeaderElection (LeaderElection.java:logAndReturn(206)) - 8aba082c-257b-43e3-ba61-5d436c5b38fa@group-45121E95117A-LeaderElection248: ELECTION PASSED received 1 response(s) and 1 exception(s):
2025-10-22 08:25:57,505 [8aba082c-257b-43e3-ba61-5d436c5b38fa@group-45121E95117A-LeaderElection248] INFO  impl.LeaderElection (LeaderElection.java:logAndReturn(210)) -   Response 0: 8aba082c-257b-43e3-ba61-5d436c5b38fa<-9d21e184-bccf-4583-95a7-0fe616dd3b4b#0:OK-t2-last:(t:1, i:7)
2025-10-22 08:25:57,505 [8aba082c-257b-43e3-ba61-5d436c5b38fa@group-45121E95117A-LeaderElection248] INFO  impl.LeaderElection (LogUtils.java:infoOrTrace(142)) -   Exception 1: java.util.concurrent.ExecutionException: org.apache.ratis.thirdparty.io.grpc.StatusRuntimeException: UNAVAILABLE: io exception
2025-10-22 08:25:57,505 [8aba082c-257b-43e3-ba61-5d436c5b38fa@group-45121E95117A-LeaderElection248] INFO  impl.LeaderElection (LeaderElection.java:askForVotes(450)) - 8aba082c-257b-43e3-ba61-5d436c5b38fa@group-45121E95117A-LeaderElection248 ELECTION round 0: result PASSED
2025-10-22 08:25:57,505 [8aba082c-257b-43e3-ba61-5d436c5b38fa@group-45121E95117A-LeaderElection248] INFO  impl.RoleInfo (RoleInfo.java:shutdownLeaderElection(141)) - 8aba082c-257b-43e3-ba61-5d436c5b38fa: shutdown 8aba082c-257b-43e3-ba61-5d436c5b38fa@group-45121E95117A-LeaderElection248
2025-10-22 08:25:57,506 [8aba082c-257b-43e3-ba61-5d436c5b38fa@group-45121E95117A-LeaderElection248] INFO  server.RaftServer$Division (RaftServerImpl.java:setRole(392)) - 8aba082c-257b-43e3-ba61-5d436c5b38fa@group-45121E95117A: changes role from CANDIDATE to LEADER at term 2 for changeToLeader
2025-10-22 08:25:57,506 [8aba082c-257b-43e3-ba61-5d436c5b38fa@group-45121E95117A-LeaderElection248] INFO  server.RaftServerConfigKeys (ConfUtils.java:logFallback(69)) - raft.server.staging.timeout = 3600ms (fallback to raft.server.rpc.timeout.max)
2025-10-22 08:25:57,506 [8aba082c-257b-43e3-ba61-5d436c5b38fa@group-45121E95117A-LeaderElection248] INFO  server.RaftServerConfigKeys (ConfUtils.java:logGet(62)) - raft.server.write.byte-limit = 1024 M (=1073741824) (custom)
2025-10-22 08:25:57,507 [8aba082c-257b-43e3-ba61-5d436c5b38fa@group-45121E95117A-LeaderElection248] INFO  server.RaftServerConfigKeys (ConfUtils.java:logGet(62)) - raft.server.log.appender.buffer.byte-limit = 33554432 (custom)
2025-10-22 08:25:57,508 [8aba082c-257b-43e3-ba61-5d436c5b38fa@group-45121E95117A-LeaderElection248] INFO  server.RaftServerConfigKeys (ConfUtils.java:logGet(62)) - raft.server.log.appender.buffer.byte-limit = 33554432 (custom)
2025-10-22 08:25:57,508 [8aba082c-257b-43e3-ba61-5d436c5b38fa@group-45121E95117A-LeaderElection248] INFO  impl.RoleInfo (RoleInfo.java:updateAndGet(148)) - 8aba082c-257b-43e3-ba61-5d436c5b38fa: start 8aba082c-257b-43e3-ba61-5d436c5b38fa@group-45121E95117A-LeaderStateImpl
2025-10-22 08:25:57,508 [8aba082c-257b-43e3-ba61-5d436c5b38fa@group-45121E95117A-LeaderElection248] INFO  ratis.XceiverServerRatis (XceiverServerRatis.java:handleLeaderChangedNotification(940)) - Leader change notification received for group: group-45121E95117A with new leaderId: 8aba082c-257b-43e3-ba61-5d436c5b38fa
2025-10-22 08:25:57,508 [8aba082c-257b-43e3-ba61-5d436c5b38fa@group-45121E95117A-LeaderElection248] INFO  server.RaftServer$Division (ServerState.java:setLeader(272)) - 8aba082c-257b-43e3-ba61-5d436c5b38fa@group-45121E95117A: change Leader from null to 8aba082c-257b-43e3-ba61-5d436c5b38fa at term 2 for becomeLeader, leader elected after 44327ms
2025-10-22 08:25:57,508 [8aba082c-257b-43e3-ba61-5d436c5b38fa@group-45121E95117A-LeaderElection248] INFO  segmented.SegmentedRaftLogWorker (SegmentedRaftLogWorker.java:rollLogSegment(445)) - 8aba082c-257b-43e3-ba61-5d436c5b38fa@group-45121E95117A-SegmentedRaftLogWorker: Rolling segment log-0_7 to index:7
2025-10-22 08:25:57,508 [8aba082c-257b-43e3-ba61-5d436c5b38fa@group-45121E95117A-LeaderElection248] INFO  server.RaftServer$Division (ServerState.java:setRaftConf(386)) - 8aba082c-257b-43e3-ba61-5d436c5b38fa@group-45121E95117A: set configuration conf: {index: 8, cur=peers:[9d21e184-bccf-4583-95a7-0fe616dd3b4b|127.0.0.1:15079, 8aba082c-257b-43e3-ba61-5d436c5b38fa|127.0.0.1:15063, 0cab5a7d-6f40-474c-9abd-0651cf30726e|127.0.0.1:15071]|listeners:[], old=null}
2025-10-22 08:25:57,510 [grpc-default-executor-3] WARN  server.GrpcLogAppender (LogUtils.java:warn(127)) - 8aba082c-257b-43e3-ba61-5d436c5b38fa@group-45121E95117A->0cab5a7d-6f40-474c-9abd-0651cf30726e-AppendLogResponseHandler: Failed appendEntries: org.apache.ratis.thirdparty.io.grpc.StatusRuntimeException: UNAVAILABLE: io exception
  Caused by: org.apache.ratis.thirdparty.io.netty.channel.AbstractChannel$AnnotatedConnectException: finishConnect(..) failed: Connection refused: /127.0.0.1:15071
  Caused by: java.net.ConnectException: finishConnect(..) failed: Connection refused
2025-10-22 08:25:57,510 [8aba082c-257b-43e3-ba61-5d436c5b38fa@group-45121E95117A-SegmentedRaftLogWorker] INFO  segmented.SegmentedRaftLogWorker (SegmentedRaftLogWorker.java:execute(604)) - 8aba082c-257b-43e3-ba61-5d436c5b38fa@group-45121E95117A-SegmentedRaftLogWorker: Rolled log segment from /home/runner/work/ozone/ozone/hadoop-ozone/integration-test/target/test-dir/MiniOzoneClusterImpl-a412b9f6-7d8b-4de3-a85c-9946bceaa3a0/ozone-metadata/datanode-7/ratis/967bd5c3-d4b6-4c7a-afa3-45121e95117a/current/log_inprogress_0 to /home/runner/work/ozone/ozone/hadoop-ozone/integration-test/target/test-dir/MiniOzoneClusterImpl-a412b9f6-7d8b-4de3-a85c-9946bceaa3a0/ozone-metadata/datanode-7/ratis/967bd5c3-d4b6-4c7a-afa3-45121e95117a/current/log_0-7
2025-10-22 08:25:57,510 [8aba082c-257b-43e3-ba61-5d436c5b38fa@group-45121E95117A-SegmentedRaftLogWorker] INFO  segmented.BufferedWriteChannel (BufferedWriteChannel.java:open(61)) - open log_inprogress_8 at position 0
2025-10-22 08:25:57,510 [grpc-default-executor-3] WARN  server.GrpcLogAppender (GrpcLogAppender.java:lambda$resetClient$1(228)) - 8aba082c-257b-43e3-ba61-5d436c5b38fa@group-45121E95117A->0cab5a7d-6f40-474c-9abd-0651cf30726e-GrpcLogAppender: Follower failed (request=null, errorCount=1); keep nextIndex (8) unchanged and retry.
2025-10-22 08:25:57,512 [grpc-default-executor-3] INFO  ratis.XceiverServerRatis (XceiverServerRatis.java:handleLeaderChangedNotification(940)) - Leader change notification received for group: group-45121E95117A with new leaderId: 8aba082c-257b-43e3-ba61-5d436c5b38fa
2025-10-22 08:25:57,512 [grpc-default-executor-3] INFO  server.RaftServer$Division (ServerState.java:setLeader(272)) - 9d21e184-bccf-4583-95a7-0fe616dd3b4b@group-45121E95117A: change Leader from null to 8aba082c-257b-43e3-ba61-5d436c5b38fa at term 2 for appendEntries, leader elected after 6761ms
2025-10-22 08:25:57,512 [grpc-default-executor-3] INFO  server.RaftServer$Division (ServerState.java:setRaftConf(386)) - 9d21e184-bccf-4583-95a7-0fe616dd3b4b@group-45121E95117A: set configuration conf: {index: 8, cur=peers:[9d21e184-bccf-4583-95a7-0fe616dd3b4b|127.0.0.1:15079, 8aba082c-257b-43e3-ba61-5d436c5b38fa|127.0.0.1:15063, 0cab5a7d-6f40-474c-9abd-0651cf30726e|127.0.0.1:15071]|listeners:[], old=null}
2025-10-22 08:25:57,512 [grpc-default-executor-3] INFO  segmented.SegmentedRaftLogWorker (SegmentedRaftLogWorker.java:rollLogSegment(445)) - 9d21e184-bccf-4583-95a7-0fe616dd3b4b@group-45121E95117A-SegmentedRaftLogWorker: Rolling segment log-0_7 to index:7
2025-10-22 08:25:57,513 [9d21e184-bccf-4583-95a7-0fe616dd3b4b@group-45121E95117A-SegmentedRaftLogWorker] INFO  segmented.SegmentedRaftLogWorker (SegmentedRaftLogWorker.java:execute(604)) - 9d21e184-bccf-4583-95a7-0fe616dd3b4b@group-45121E95117A-SegmentedRaftLogWorker: Rolled log segment from /home/runner/work/ozone/ozone/hadoop-ozone/integration-test/target/test-dir/MiniOzoneClusterImpl-a412b9f6-7d8b-4de3-a85c-9946bceaa3a0/ozone-metadata/datanode-9/ratis/967bd5c3-d4b6-4c7a-afa3-45121e95117a/current/log_inprogress_0 to /home/runner/work/ozone/ozone/hadoop-ozone/integration-test/target/test-dir/MiniOzoneClusterImpl-a412b9f6-7d8b-4de3-a85c-9946bceaa3a0/ozone-metadata/datanode-9/ratis/967bd5c3-d4b6-4c7a-afa3-45121e95117a/current/log_0-7
2025-10-22 08:25:57,513 [grpc-default-executor-3] WARN  server.GrpcLogAppender (GrpcLogAppender.java:lambda$resetClient$1(228)) - 8aba082c-257b-43e3-ba61-5d436c5b38fa@group-45121E95117A->0cab5a7d-6f40-474c-9abd-0651cf30726e-GrpcLogAppender: Follower failed (request=null, errorCount=3); keep nextIndex (9) unchanged and retry.
2025-10-22 08:25:57,514 [9d21e184-bccf-4583-95a7-0fe616dd3b4b@group-45121E95117A-SegmentedRaftLogWorker] INFO  segmented.BufferedWriteChannel (BufferedWriteChannel.java:open(61)) - open log_inprogress_8 at position 0
2025-10-22 08:25:57,517 [8aba082c-257b-43e3-ba61-5d436c5b38fa@group-45121E95117A-SegmentedRaftLogWorker] INFO  segmented.SegmentedRaftLogWorker (SegmentedRaftLogWorker.java:execute(647)) - 8aba082c-257b-43e3-ba61-5d436c5b38fa@group-45121E95117A-SegmentedRaftLogWorker: created new log segment /home/runner/work/ozone/ozone/hadoop-ozone/integration-test/target/test-dir/MiniOzoneClusterImpl-a412b9f6-7d8b-4de3-a85c-9946bceaa3a0/ozone-metadata/datanode-7/ratis/967bd5c3-d4b6-4c7a-afa3-45121e95117a/current/log_inprogress_8
2025-10-22 08:25:57,520 [9d21e184-bccf-4583-95a7-0fe616dd3b4b@group-45121E95117A-SegmentedRaftLogWorker] INFO  segmented.SegmentedRaftLogWorker (SegmentedRaftLogWorker.java:execute(647)) - 9d21e184-bccf-4583-95a7-0fe616dd3b4b@group-45121E95117A-SegmentedRaftLogWorker: created new log segment /home/runner/work/ozone/ozone/hadoop-ozone/integration-test/target/test-dir/MiniOzoneClusterImpl-a412b9f6-7d8b-4de3-a85c-9946bceaa3a0/ozone-metadata/datanode-9/ratis/967bd5c3-d4b6-4c7a-afa3-45121e95117a/current/log_inprogress_8
2025-10-22 08:25:57,522 [grpc-default-executor-5] WARN  server.GrpcLogAppender (GrpcLogAppender.java:lambda$resetClient$1(228)) - 8aba082c-257b-43e3-ba61-5d436c5b38fa@group-45121E95117A->0cab5a7d-6f40-474c-9abd-0651cf30726e-GrpcLogAppender: Follower failed (request=null, errorCount=5); keep nextIndex (10) unchanged and retry.
2025-10-22 08:25:57,525 [8aba082c-257b-43e3-ba61-5d436c5b38fa@group-45121E95117A-StateMachineUpdater] INFO  server.RaftServer$Division (LeaderStateImpl.java:checkStartIndex(309)) - Leader 8aba082c-257b-43e3-ba61-5d436c5b38fa@group-45121E95117A-LeaderStateImpl is ready since appliedIndex == startIndex == 8
2025-10-22 08:25:57,689 [timer6] WARN  server.GrpcLogAppender (GrpcLogAppender.java:lambda$onNextImpl$0(527)) - 9d21e184-bccf-4583-95a7-0fe616dd3b4b@group-E8ADAFC04A7A->0cab5a7d-6f40-474c-9abd-0651cf30726e-AppendLogResponseHandler: received INCONSISTENCY reply with nextIndex 7, errorCount=2, request=null  (Repeated 2 times in the last 5.001s)
2025-10-22 08:25:58,380 [9d21e184-bccf-4583-95a7-0fe616dd3b4b@group-E8ADAFC04A7A-LeaderStateImpl] INFO  impl.TransferLeadership (TransferLeadership.java:tryTransferLeadership(258)) - 9d21e184-bccf-4583-95a7-0fe616dd3b4b@group-E8ADAFC04A7A: start transferring leadership to 0cab5a7d-6f40-474c-9abd-0651cf30726e
2025-10-22 08:25:58,381 [9d21e184-bccf-4583-95a7-0fe616dd3b4b@group-E8ADAFC04A7A-LeaderStateImpl] INFO  impl.TransferLeadership (TransferLeadership.java:sendStartLeaderElection(210)) - 9d21e184-bccf-4583-95a7-0fe616dd3b4b@group-E8ADAFC04A7A: sendStartLeaderElection to follower 0cab5a7d-6f40-474c-9abd-0651cf30726e, lastEntry=(t:3, i:14)
2025-10-22 08:25:58,381 [9d21e184-bccf-4583-95a7-0fe616dd3b4b@group-E8ADAFC04A7A-LeaderStateImpl] INFO  impl.TransferLeadership (TransferLeadership.java:tryTransferLeadership(266)) - 9d21e184-bccf-4583-95a7-0fe616dd3b4b@group-E8ADAFC04A7A: SUCCESS sent StartLeaderElection to transferee 0cab5a7d-6f40-474c-9abd-0651cf30726e immediately as it already has up-to-date log
2025-10-22 08:25:58,381 [9d21e184-bccf-4583-95a7-0fe616dd3b4b-server-thread1] WARN  impl.TransferLeadership (TransferLeadership.java:lambda$sendStartLeaderElection$2(227)) - 9d21e184-bccf-4583-95a7-0fe616dd3b4b@group-E8ADAFC04A7A: Failed to startLeaderElection for 0cab5a7d-6f40-474c-9abd-0651cf30726e
java.util.concurrent.CompletionException: org.apache.ratis.thirdparty.io.grpc.StatusRuntimeException: UNAVAILABLE: io exception
	at java.base/java.util.concurrent.CompletableFuture.encodeThrowable(CompletableFuture.java:315)
	at java.base/java.util.concurrent.CompletableFuture.completeThrowable(CompletableFuture.java:320)
	at java.base/java.util.concurrent.CompletableFuture$AsyncSupply.run(CompletableFuture.java:1770)
	at java.base/java.util.concurrent.ThreadPoolExecutor.runWorker(ThreadPoolExecutor.java:1144)
	at java.base/java.util.concurrent.ThreadPoolExecutor$Worker.run(ThreadPoolExecutor.java:642)
	at java.base/java.lang.Thread.run(Thread.java:1583)
Caused by: org.apache.ratis.thirdparty.io.grpc.StatusRuntimeException: UNAVAILABLE: io exception
	at org.apache.ratis.thirdparty.io.grpc.stub.ClientCalls.toStatusRuntimeException(ClientCalls.java:351)
	at org.apache.ratis.thirdparty.io.grpc.stub.ClientCalls.getUnchecked(ClientCalls.java:332)
	at org.apache.ratis.thirdparty.io.grpc.stub.ClientCalls.blockingUnaryCall(ClientCalls.java:174)
	at org.apache.ratis.proto.grpc.RaftServerProtocolServiceGrpc$RaftServerProtocolServiceBlockingStub.startLeaderElection(RaftServerProtocolServiceGrpc.java:422)
	at org.apache.ratis.grpc.server.GrpcServerProtocolClient.startLeaderElection(GrpcServerProtocolClient.java:123)
	at org.apache.ratis.grpc.server.GrpcServicesImpl.startLeaderElection(GrpcServicesImpl.java:423)
	at org.apache.ratis.server.impl.TransferLeadership.lambda$sendStartLeaderElection$1(TransferLeadership.java:218)
	at java.base/java.util.concurrent.CompletableFuture$AsyncSupply.run(CompletableFuture.java:1768)
	... 3 more
Caused by: org.apache.ratis.thirdparty.io.netty.channel.AbstractChannel$AnnotatedConnectException: finishConnect(..) failed: Connection refused: /127.0.0.1:15071
Caused by: java.net.ConnectException: finishConnect(..) failed: Connection refused
	at org.apache.ratis.thirdparty.io.netty.channel.unix.Errors.newConnectException0(Errors.java:166)
	at org.apache.ratis.thirdparty.io.netty.channel.unix.Errors.handleConnectErrno(Errors.java:131)
	at org.apache.ratis.thirdparty.io.netty.channel.unix.Socket.finishConnect(Socket.java:359)
	at org.apache.ratis.thirdparty.io.netty.channel.epoll.AbstractEpollChannel$AbstractEpollUnsafe.doFinishConnect(AbstractEpollChannel.java:715)
	at org.apache.ratis.thirdparty.io.netty.channel.epoll.AbstractEpollChannel$AbstractEpollUnsafe.finishConnect(AbstractEpollChannel.java:692)
	at org.apache.ratis.thirdparty.io.netty.channel.epoll.AbstractEpollChannel$AbstractEpollUnsafe.epollOutReady(AbstractEpollChannel.java:567)
	at org.apache.ratis.thirdparty.io.netty.channel.epoll.EpollEventLoop.processReady(EpollEventLoop.java:491)
	at org.apache.ratis.thirdparty.io.netty.channel.epoll.EpollEventLoop.run(EpollEventLoop.java:399)
	at org.apache.ratis.thirdparty.io.netty.util.concurrent.SingleThreadEventExecutor$4.run(SingleThreadEventExecutor.java:998)
	at org.apache.ratis.thirdparty.io.netty.util.internal.ThreadExecutorMap$2.run(ThreadExecutorMap.java:74)
	at org.apache.ratis.thirdparty.io.netty.util.concurrent.FastThreadLocalRunnable.run(FastThreadLocalRunnable.java:30)
	at java.base/java.lang.Thread.run(Thread.java:1583)
2025-10-22 08:25:58,588 [timer2] WARN  server.GrpcLogAppender (LogUtils.java:warn(127)) - 9d21e184-bccf-4583-95a7-0fe616dd3b4b@group-E8ADAFC04A7A->0cab5a7d-6f40-474c-9abd-0651cf30726e-AppendLogResponseHandler: Failed appendEntries (Repeated 20 times in the last 5.001s): org.apache.ratis.thirdparty.io.grpc.StatusRuntimeException: UNAVAILABLE: io exception
  Caused by: org.apache.ratis.thirdparty.io.netty.channel.AbstractChannel$AnnotatedConnectException: finishConnect(..) failed: Connection refused: /127.0.0.1:15071
  Caused by: java.net.ConnectException: finishConnect(..) failed: Connection refused
2025-10-22 08:25:58,589 [timer3] WARN  server.GrpcLogAppender (GrpcLogAppender.java:lambda$resetClient$1(228)) - 9d21e184-bccf-4583-95a7-0fe616dd3b4b@group-E8ADAFC04A7A->0cab5a7d-6f40-474c-9abd-0651cf30726e-GrpcLogAppender: Follower failed (request=null, errorCount=20); keep nextIndex (15) unchanged and retry. (Repeated 20 times in the last 5.002s)
2025-10-22 08:25:59,180 [grpc-default-executor-2] WARN  server.GrpcLogAppender (LogUtils.java:warn(127)) - 9d21e184-bccf-4583-95a7-0fe616dd3b4b@group-E8ADAFC04A7A->0cab5a7d-6f40-474c-9abd-0651cf30726e-AppendLogResponseHandler: Failed appendEntries: org.apache.ratis.thirdparty.io.grpc.StatusRuntimeException: UNAVAILABLE: io exception
  Caused by: org.apache.ratis.thirdparty.io.netty.channel.AbstractChannel$AnnotatedConnectException: finishConnect(..) failed: Connection refused: /127.0.0.1:15071
  Caused by: java.net.ConnectException: finishConnect(..) failed: Connection refused
2025-10-22 08:25:59,180 [grpc-default-executor-5] WARN  server.GrpcLogAppender (GrpcLogAppender.java:lambda$resetClient$1(228)) - 9d21e184-bccf-4583-95a7-0fe616dd3b4b@group-E8ADAFC04A7A->0cab5a7d-6f40-474c-9abd-0651cf30726e-GrpcLogAppender: Follower failed (request=null, errorCount=21); keep nextIndex (15) unchanged and retry.
2025-10-22 08:25:59,581 [9d21e184-bccf-4583-95a7-0fe616dd3b4b@group-E8ADAFC04A7A-LeaderStateImpl] INFO  impl.TransferLeadership (TransferLeadership.java:tryTransferLeadership(258)) - 9d21e184-bccf-4583-95a7-0fe616dd3b4b@group-E8ADAFC04A7A: start transferring leadership to 0cab5a7d-6f40-474c-9abd-0651cf30726e
2025-10-22 08:25:59,581 [9d21e184-bccf-4583-95a7-0fe616dd3b4b@group-E8ADAFC04A7A-LeaderStateImpl] INFO  impl.TransferLeadership (TransferLeadership.java:sendStartLeaderElection(210)) - 9d21e184-bccf-4583-95a7-0fe616dd3b4b@group-E8ADAFC04A7A: sendStartLeaderElection to follower 0cab5a7d-6f40-474c-9abd-0651cf30726e, lastEntry=(t:3, i:14)
2025-10-22 08:25:59,581 [9d21e184-bccf-4583-95a7-0fe616dd3b4b@group-E8ADAFC04A7A-LeaderStateImpl] INFO  impl.TransferLeadership (TransferLeadership.java:tryTransferLeadership(266)) - 9d21e184-bccf-4583-95a7-0fe616dd3b4b@group-E8ADAFC04A7A: SUCCESS sent StartLeaderElection to transferee 0cab5a7d-6f40-474c-9abd-0651cf30726e immediately as it already has up-to-date log
2025-10-22 08:25:59,581 [9d21e184-bccf-4583-95a7-0fe616dd3b4b-server-thread1] WARN  impl.TransferLeadership (TransferLeadership.java:lambda$sendStartLeaderElection$2(227)) - 9d21e184-bccf-4583-95a7-0fe616dd3b4b@group-E8ADAFC04A7A: Failed to startLeaderElection for 0cab5a7d-6f40-474c-9abd-0651cf30726e
java.util.concurrent.CompletionException: org.apache.ratis.thirdparty.io.grpc.StatusRuntimeException: UNAVAILABLE: io exception
	at java.base/java.util.concurrent.CompletableFuture.encodeThrowable(CompletableFuture.java:315)
	at java.base/java.util.concurrent.CompletableFuture.completeThrowable(CompletableFuture.java:320)
	at java.base/java.util.concurrent.CompletableFuture$AsyncSupply.run(CompletableFuture.java:1770)
	at java.base/java.util.concurrent.ThreadPoolExecutor.runWorker(ThreadPoolExecutor.java:1144)
	at java.base/java.util.concurrent.ThreadPoolExecutor$Worker.run(ThreadPoolExecutor.java:642)
	at java.base/java.lang.Thread.run(Thread.java:1583)
Caused by: org.apache.ratis.thirdparty.io.grpc.StatusRuntimeException: UNAVAILABLE: io exception
	at org.apache.ratis.thirdparty.io.grpc.stub.ClientCalls.toStatusRuntimeException(ClientCalls.java:351)
	at org.apache.ratis.thirdparty.io.grpc.stub.ClientCalls.getUnchecked(ClientCalls.java:332)
	at org.apache.ratis.thirdparty.io.grpc.stub.ClientCalls.blockingUnaryCall(ClientCalls.java:174)
	at org.apache.ratis.proto.grpc.RaftServerProtocolServiceGrpc$RaftServerProtocolServiceBlockingStub.startLeaderElection(RaftServerProtocolServiceGrpc.java:422)
	at org.apache.ratis.grpc.server.GrpcServerProtocolClient.startLeaderElection(GrpcServerProtocolClient.java:123)
	at org.apache.ratis.grpc.server.GrpcServicesImpl.startLeaderElection(GrpcServicesImpl.java:423)
	at org.apache.ratis.server.impl.TransferLeadership.lambda$sendStartLeaderElection$1(TransferLeadership.java:218)
	at java.base/java.util.concurrent.CompletableFuture$AsyncSupply.run(CompletableFuture.java:1768)
	... 3 more
Caused by: org.apache.ratis.thirdparty.io.netty.channel.AbstractChannel$AnnotatedConnectException: finishConnect(..) failed: Connection refused: /127.0.0.1:15071
Caused by: java.net.ConnectException: finishConnect(..) failed: Connection refused
	at org.apache.ratis.thirdparty.io.netty.channel.unix.Errors.newConnectException0(Errors.java:166)
	at org.apache.ratis.thirdparty.io.netty.channel.unix.Errors.handleConnectErrno(Errors.java:131)
	at org.apache.ratis.thirdparty.io.netty.channel.unix.Socket.finishConnect(Socket.java:359)
	at org.apache.ratis.thirdparty.io.netty.channel.epoll.AbstractEpollChannel$AbstractEpollUnsafe.doFinishConnect(AbstractEpollChannel.java:715)
	at org.apache.ratis.thirdparty.io.netty.channel.epoll.AbstractEpollChannel$AbstractEpollUnsafe.finishConnect(AbstractEpollChannel.java:692)
	at org.apache.ratis.thirdparty.io.netty.channel.epoll.AbstractEpollChannel$AbstractEpollUnsafe.epollOutReady(AbstractEpollChannel.java:567)
	at org.apache.ratis.thirdparty.io.netty.channel.epoll.EpollEventLoop.processReady(EpollEventLoop.java:491)
	at org.apache.ratis.thirdparty.io.netty.channel.epoll.EpollEventLoop.run(EpollEventLoop.java:399)
	at org.apache.ratis.thirdparty.io.netty.util.concurrent.SingleThreadEventExecutor$4.run(SingleThreadEventExecutor.java:998)
	at org.apache.ratis.thirdparty.io.netty.util.internal.ThreadExecutorMap$2.run(ThreadExecutorMap.java:74)
	at org.apache.ratis.thirdparty.io.netty.util.concurrent.FastThreadLocalRunnable.run(FastThreadLocalRunnable.java:30)
	at java.base/java.lang.Thread.run(Thread.java:1583)
2025-10-22 08:26:00,781 [9d21e184-bccf-4583-95a7-0fe616dd3b4b@group-E8ADAFC04A7A-LeaderStateImpl] INFO  impl.TransferLeadership (TransferLeadership.java:tryTransferLeadership(258)) - 9d21e184-bccf-4583-95a7-0fe616dd3b4b@group-E8ADAFC04A7A: start transferring leadership to 0cab5a7d-6f40-474c-9abd-0651cf30726e
2025-10-22 08:26:00,781 [9d21e184-bccf-4583-95a7-0fe616dd3b4b@group-E8ADAFC04A7A-LeaderStateImpl] INFO  impl.TransferLeadership (TransferLeadership.java:sendStartLeaderElection(210)) - 9d21e184-bccf-4583-95a7-0fe616dd3b4b@group-E8ADAFC04A7A: sendStartLeaderElection to follower 0cab5a7d-6f40-474c-9abd-0651cf30726e, lastEntry=(t:3, i:14)
2025-10-22 08:26:00,782 [9d21e184-bccf-4583-95a7-0fe616dd3b4b@group-E8ADAFC04A7A-LeaderStateImpl] INFO  impl.TransferLeadership (TransferLeadership.java:tryTransferLeadership(266)) - 9d21e184-bccf-4583-95a7-0fe616dd3b4b@group-E8ADAFC04A7A: SUCCESS sent StartLeaderElection to transferee 0cab5a7d-6f40-474c-9abd-0651cf30726e immediately as it already has up-to-date log
2025-10-22 08:26:00,782 [9d21e184-bccf-4583-95a7-0fe616dd3b4b-server-thread1] WARN  impl.TransferLeadership (TransferLeadership.java:lambda$sendStartLeaderElection$2(227)) - 9d21e184-bccf-4583-95a7-0fe616dd3b4b@group-E8ADAFC04A7A: Failed to startLeaderElection for 0cab5a7d-6f40-474c-9abd-0651cf30726e
java.util.concurrent.CompletionException: org.apache.ratis.thirdparty.io.grpc.StatusRuntimeException: UNAVAILABLE: io exception
	at java.base/java.util.concurrent.CompletableFuture.encodeThrowable(CompletableFuture.java:315)
	at java.base/java.util.concurrent.CompletableFuture.completeThrowable(CompletableFuture.java:320)
	at java.base/java.util.concurrent.CompletableFuture$AsyncSupply.run(CompletableFuture.java:1770)
	at java.base/java.util.concurrent.ThreadPoolExecutor.runWorker(ThreadPoolExecutor.java:1144)
	at java.base/java.util.concurrent.ThreadPoolExecutor$Worker.run(ThreadPoolExecutor.java:642)
	at java.base/java.lang.Thread.run(Thread.java:1583)
Caused by: org.apache.ratis.thirdparty.io.grpc.StatusRuntimeException: UNAVAILABLE: io exception
	at org.apache.ratis.thirdparty.io.grpc.stub.ClientCalls.toStatusRuntimeException(ClientCalls.java:351)
	at org.apache.ratis.thirdparty.io.grpc.stub.ClientCalls.getUnchecked(ClientCalls.java:332)
	at org.apache.ratis.thirdparty.io.grpc.stub.ClientCalls.blockingUnaryCall(ClientCalls.java:174)
	at org.apache.ratis.proto.grpc.RaftServerProtocolServiceGrpc$RaftServerProtocolServiceBlockingStub.startLeaderElection(RaftServerProtocolServiceGrpc.java:422)
	at org.apache.ratis.grpc.server.GrpcServerProtocolClient.startLeaderElection(GrpcServerProtocolClient.java:123)
	at org.apache.ratis.grpc.server.GrpcServicesImpl.startLeaderElection(GrpcServicesImpl.java:423)
	at org.apache.ratis.server.impl.TransferLeadership.lambda$sendStartLeaderElection$1(TransferLeadership.java:218)
	at java.base/java.util.concurrent.CompletableFuture$AsyncSupply.run(CompletableFuture.java:1768)
	... 3 more
Caused by: org.apache.ratis.thirdparty.io.netty.channel.AbstractChannel$AnnotatedConnectException: finishConnect(..) failed: Connection refused: /127.0.0.1:15071
Caused by: java.net.ConnectException: finishConnect(..) failed: Connection refused
	at org.apache.ratis.thirdparty.io.netty.channel.unix.Errors.newConnectException0(Errors.java:166)
	at org.apache.ratis.thirdparty.io.netty.channel.unix.Errors.handleConnectErrno(Errors.java:131)
	at org.apache.ratis.thirdparty.io.netty.channel.unix.Socket.finishConnect(Socket.java:359)
	at org.apache.ratis.thirdparty.io.netty.channel.epoll.AbstractEpollChannel$AbstractEpollUnsafe.doFinishConnect(AbstractEpollChannel.java:715)
	at org.apache.ratis.thirdparty.io.netty.channel.epoll.AbstractEpollChannel$AbstractEpollUnsafe.finishConnect(AbstractEpollChannel.java:692)
	at org.apache.ratis.thirdparty.io.netty.channel.epoll.AbstractEpollChannel$AbstractEpollUnsafe.epollOutReady(AbstractEpollChannel.java:567)
	at org.apache.ratis.thirdparty.io.netty.channel.epoll.EpollEventLoop.processReady(EpollEventLoop.java:491)
	at org.apache.ratis.thirdparty.io.netty.channel.epoll.EpollEventLoop.run(EpollEventLoop.java:399)
	at org.apache.ratis.thirdparty.io.netty.util.concurrent.SingleThreadEventExecutor$4.run(SingleThreadEventExecutor.java:998)
	at org.apache.ratis.thirdparty.io.netty.util.internal.ThreadExecutorMap$2.run(ThreadExecutorMap.java:74)
	at org.apache.ratis.thirdparty.io.netty.util.concurrent.FastThreadLocalRunnable.run(FastThreadLocalRunnable.java:30)
	at java.base/java.lang.Thread.run(Thread.java:1583)
2025-10-22 08:26:01,982 [9d21e184-bccf-4583-95a7-0fe616dd3b4b@group-E8ADAFC04A7A-LeaderStateImpl] INFO  impl.TransferLeadership (TransferLeadership.java:tryTransferLeadership(258)) - 9d21e184-bccf-4583-95a7-0fe616dd3b4b@group-E8ADAFC04A7A: start transferring leadership to 0cab5a7d-6f40-474c-9abd-0651cf30726e
2025-10-22 08:26:01,982 [9d21e184-bccf-4583-95a7-0fe616dd3b4b@group-E8ADAFC04A7A-LeaderStateImpl] INFO  impl.TransferLeadership (TransferLeadership.java:sendStartLeaderElection(210)) - 9d21e184-bccf-4583-95a7-0fe616dd3b4b@group-E8ADAFC04A7A: sendStartLeaderElection to follower 0cab5a7d-6f40-474c-9abd-0651cf30726e, lastEntry=(t:3, i:14)
2025-10-22 08:26:01,982 [9d21e184-bccf-4583-95a7-0fe616dd3b4b@group-E8ADAFC04A7A-LeaderStateImpl] INFO  impl.TransferLeadership (TransferLeadership.java:tryTransferLeadership(266)) - 9d21e184-bccf-4583-95a7-0fe616dd3b4b@group-E8ADAFC04A7A: SUCCESS sent StartLeaderElection to transferee 0cab5a7d-6f40-474c-9abd-0651cf30726e immediately as it already has up-to-date log
2025-10-22 08:26:01,982 [9d21e184-bccf-4583-95a7-0fe616dd3b4b-server-thread1] WARN  impl.TransferLeadership (TransferLeadership.java:lambda$sendStartLeaderElection$2(227)) - 9d21e184-bccf-4583-95a7-0fe616dd3b4b@group-E8ADAFC04A7A: Failed to startLeaderElection for 0cab5a7d-6f40-474c-9abd-0651cf30726e
java.util.concurrent.CompletionException: org.apache.ratis.thirdparty.io.grpc.StatusRuntimeException: UNAVAILABLE: io exception
	at java.base/java.util.concurrent.CompletableFuture.encodeThrowable(CompletableFuture.java:315)
	at java.base/java.util.concurrent.CompletableFuture.completeThrowable(CompletableFuture.java:320)
	at java.base/java.util.concurrent.CompletableFuture$AsyncSupply.run(CompletableFuture.java:1770)
	at java.base/java.util.concurrent.ThreadPoolExecutor.runWorker(ThreadPoolExecutor.java:1144)
	at java.base/java.util.concurrent.ThreadPoolExecutor$Worker.run(ThreadPoolExecutor.java:642)
	at java.base/java.lang.Thread.run(Thread.java:1583)
Caused by: org.apache.ratis.thirdparty.io.grpc.StatusRuntimeException: UNAVAILABLE: io exception
	at org.apache.ratis.thirdparty.io.grpc.stub.ClientCalls.toStatusRuntimeException(ClientCalls.java:351)
	at org.apache.ratis.thirdparty.io.grpc.stub.ClientCalls.getUnchecked(ClientCalls.java:332)
	at org.apache.ratis.thirdparty.io.grpc.stub.ClientCalls.blockingUnaryCall(ClientCalls.java:174)
	at org.apache.ratis.proto.grpc.RaftServerProtocolServiceGrpc$RaftServerProtocolServiceBlockingStub.startLeaderElection(RaftServerProtocolServiceGrpc.java:422)
	at org.apache.ratis.grpc.server.GrpcServerProtocolClient.startLeaderElection(GrpcServerProtocolClient.java:123)
	at org.apache.ratis.grpc.server.GrpcServicesImpl.startLeaderElection(GrpcServicesImpl.java:423)
	at org.apache.ratis.server.impl.TransferLeadership.lambda$sendStartLeaderElection$1(TransferLeadership.java:218)
	at java.base/java.util.concurrent.CompletableFuture$AsyncSupply.run(CompletableFuture.java:1768)
	... 3 more
Caused by: org.apache.ratis.thirdparty.io.netty.channel.AbstractChannel$AnnotatedConnectException: finishConnect(..) failed: Connection refused: /127.0.0.1:15071
Caused by: java.net.ConnectException: finishConnect(..) failed: Connection refused
	at org.apache.ratis.thirdparty.io.netty.channel.unix.Errors.newConnectException0(Errors.java:166)
	at org.apache.ratis.thirdparty.io.netty.channel.unix.Errors.handleConnectErrno(Errors.java:131)
	at org.apache.ratis.thirdparty.io.netty.channel.unix.Socket.finishConnect(Socket.java:359)
	at org.apache.ratis.thirdparty.io.netty.channel.epoll.AbstractEpollChannel$AbstractEpollUnsafe.doFinishConnect(AbstractEpollChannel.java:715)
	at org.apache.ratis.thirdparty.io.netty.channel.epoll.AbstractEpollChannel$AbstractEpollUnsafe.finishConnect(AbstractEpollChannel.java:692)
	at org.apache.ratis.thirdparty.io.netty.channel.epoll.AbstractEpollChannel$AbstractEpollUnsafe.epollOutReady(AbstractEpollChannel.java:567)
	at org.apache.ratis.thirdparty.io.netty.channel.epoll.EpollEventLoop.processReady(EpollEventLoop.java:491)
	at org.apache.ratis.thirdparty.io.netty.channel.epoll.EpollEventLoop.run(EpollEventLoop.java:399)
	at org.apache.ratis.thirdparty.io.netty.util.concurrent.SingleThreadEventExecutor$4.run(SingleThreadEventExecutor.java:998)
	at org.apache.ratis.thirdparty.io.netty.util.internal.ThreadExecutorMap$2.run(ThreadExecutorMap.java:74)
	at org.apache.ratis.thirdparty.io.netty.util.concurrent.FastThreadLocalRunnable.run(FastThreadLocalRunnable.java:30)
	at java.base/java.lang.Thread.run(Thread.java:1583)
2025-10-22 08:26:02,510 [timer0] WARN  server.GrpcLogAppender (LogUtils.java:warn(127)) - 8aba082c-257b-43e3-ba61-5d436c5b38fa@group-45121E95117A->0cab5a7d-6f40-474c-9abd-0651cf30726e-AppendLogResponseHandler: Failed appendEntries (Repeated 20 times in the last 5.001s): org.apache.ratis.thirdparty.io.grpc.StatusRuntimeException: UNAVAILABLE: io exception
  Caused by: org.apache.ratis.thirdparty.io.netty.channel.AbstractChannel$AnnotatedConnectException: finishConnect(..) failed: Connection refused: /127.0.0.1:15071
  Caused by: java.net.ConnectException: finishConnect(..) failed: Connection refused
2025-10-22 08:26:02,511 [timer1] WARN  server.GrpcLogAppender (GrpcLogAppender.java:lambda$resetClient$1(228)) - 8aba082c-257b-43e3-ba61-5d436c5b38fa@group-45121E95117A->0cab5a7d-6f40-474c-9abd-0651cf30726e-GrpcLogAppender: Follower failed (request=null, errorCount=2); keep nextIndex (8) unchanged and retry. (Repeated 2 times in the last 5.000s)
2025-10-22 08:26:02,513 [timer5] WARN  server.GrpcLogAppender (GrpcLogAppender.java:lambda$resetClient$1(228)) - 8aba082c-257b-43e3-ba61-5d436c5b38fa@group-45121E95117A->0cab5a7d-6f40-474c-9abd-0651cf30726e-GrpcLogAppender: Follower failed (request=null, errorCount=4); keep nextIndex (9) unchanged and retry. (Repeated 2 times in the last 5.000s)
2025-10-22 08:26:02,522 [timer0] WARN  server.GrpcLogAppender (GrpcLogAppender.java:lambda$resetClient$1(228)) - 8aba082c-257b-43e3-ba61-5d436c5b38fa@group-45121E95117A->0cab5a7d-6f40-474c-9abd-0651cf30726e-GrpcLogAppender: Follower failed (request=null, errorCount=20); keep nextIndex (10) unchanged and retry. (Repeated 16 times in the last 4.999s)
2025-10-22 08:26:02,706 [grpc-default-executor-5] WARN  server.GrpcLogAppender (LogUtils.java:warn(127)) - 8aba082c-257b-43e3-ba61-5d436c5b38fa@group-45121E95117A->0cab5a7d-6f40-474c-9abd-0651cf30726e-AppendLogResponseHandler: Failed appendEntries: org.apache.ratis.thirdparty.io.grpc.StatusRuntimeException: UNAVAILABLE: io exception
  Caused by: org.apache.ratis.thirdparty.io.netty.channel.AbstractChannel$AnnotatedConnectException: finishConnect(..) failed: Connection refused: /127.0.0.1:15071
  Caused by: java.net.ConnectException: finishConnect(..) failed: Connection refused
2025-10-22 08:26:02,706 [grpc-default-executor-2] WARN  server.GrpcLogAppender (GrpcLogAppender.java:lambda$resetClient$1(228)) - 8aba082c-257b-43e3-ba61-5d436c5b38fa@group-45121E95117A->0cab5a7d-6f40-474c-9abd-0651cf30726e-GrpcLogAppender: Follower failed (request=null, errorCount=21); keep nextIndex (10) unchanged and retry.
2025-10-22 08:26:03,182 [9d21e184-bccf-4583-95a7-0fe616dd3b4b@group-E8ADAFC04A7A-LeaderStateImpl] INFO  impl.TransferLeadership (TransferLeadership.java:tryTransferLeadership(258)) - 9d21e184-bccf-4583-95a7-0fe616dd3b4b@group-E8ADAFC04A7A: start transferring leadership to 0cab5a7d-6f40-474c-9abd-0651cf30726e
2025-10-22 08:26:03,182 [9d21e184-bccf-4583-95a7-0fe616dd3b4b@group-E8ADAFC04A7A-LeaderStateImpl] INFO  impl.TransferLeadership (TransferLeadership.java:sendStartLeaderElection(210)) - 9d21e184-bccf-4583-95a7-0fe616dd3b4b@group-E8ADAFC04A7A: sendStartLeaderElection to follower 0cab5a7d-6f40-474c-9abd-0651cf30726e, lastEntry=(t:3, i:14)
2025-10-22 08:26:03,183 [9d21e184-bccf-4583-95a7-0fe616dd3b4b@group-E8ADAFC04A7A-LeaderStateImpl] INFO  impl.TransferLeadership (TransferLeadership.java:tryTransferLeadership(266)) - 9d21e184-bccf-4583-95a7-0fe616dd3b4b@group-E8ADAFC04A7A: SUCCESS sent StartLeaderElection to transferee 0cab5a7d-6f40-474c-9abd-0651cf30726e immediately as it already has up-to-date log
2025-10-22 08:26:03,183 [9d21e184-bccf-4583-95a7-0fe616dd3b4b-server-thread1] WARN  impl.TransferLeadership (TransferLeadership.java:lambda$sendStartLeaderElection$2(227)) - 9d21e184-bccf-4583-95a7-0fe616dd3b4b@group-E8ADAFC04A7A: Failed to startLeaderElection for 0cab5a7d-6f40-474c-9abd-0651cf30726e
java.util.concurrent.CompletionException: org.apache.ratis.thirdparty.io.grpc.StatusRuntimeException: UNAVAILABLE: io exception
	at java.base/java.util.concurrent.CompletableFuture.encodeThrowable(CompletableFuture.java:315)
	at java.base/java.util.concurrent.CompletableFuture.completeThrowable(CompletableFuture.java:320)
	at java.base/java.util.concurrent.CompletableFuture$AsyncSupply.run(CompletableFuture.java:1770)
	at java.base/java.util.concurrent.ThreadPoolExecutor.runWorker(ThreadPoolExecutor.java:1144)
	at java.base/java.util.concurrent.ThreadPoolExecutor$Worker.run(ThreadPoolExecutor.java:642)
	at java.base/java.lang.Thread.run(Thread.java:1583)
Caused by: org.apache.ratis.thirdparty.io.grpc.StatusRuntimeException: UNAVAILABLE: io exception
	at org.apache.ratis.thirdparty.io.grpc.stub.ClientCalls.toStatusRuntimeException(ClientCalls.java:351)
	at org.apache.ratis.thirdparty.io.grpc.stub.ClientCalls.getUnchecked(ClientCalls.java:332)
	at org.apache.ratis.thirdparty.io.grpc.stub.ClientCalls.blockingUnaryCall(ClientCalls.java:174)
	at org.apache.ratis.proto.grpc.RaftServerProtocolServiceGrpc$RaftServerProtocolServiceBlockingStub.startLeaderElection(RaftServerProtocolServiceGrpc.java:422)
	at org.apache.ratis.grpc.server.GrpcServerProtocolClient.startLeaderElection(GrpcServerProtocolClient.java:123)
	at org.apache.ratis.grpc.server.GrpcServicesImpl.startLeaderElection(GrpcServicesImpl.java:423)
	at org.apache.ratis.server.impl.TransferLeadership.lambda$sendStartLeaderElection$1(TransferLeadership.java:218)
	at java.base/java.util.concurrent.CompletableFuture$AsyncSupply.run(CompletableFuture.java:1768)
	... 3 more
Caused by: org.apache.ratis.thirdparty.io.netty.channel.AbstractChannel$AnnotatedConnectException: finishConnect(..) failed: Connection refused: /127.0.0.1:15071
Caused by: java.net.ConnectException: finishConnect(..) failed: Connection refused
	at org.apache.ratis.thirdparty.io.netty.channel.unix.Errors.newConnectException0(Errors.java:166)
	at org.apache.ratis.thirdparty.io.netty.channel.unix.Errors.handleConnectErrno(Errors.java:131)
	at org.apache.ratis.thirdparty.io.netty.channel.unix.Socket.finishConnect(Socket.java:359)
	at org.apache.ratis.thirdparty.io.netty.channel.epoll.AbstractEpollChannel$AbstractEpollUnsafe.doFinishConnect(AbstractEpollChannel.java:715)
	at org.apache.ratis.thirdparty.io.netty.channel.epoll.AbstractEpollChannel$AbstractEpollUnsafe.finishConnect(AbstractEpollChannel.java:692)
	at org.apache.ratis.thirdparty.io.netty.channel.epoll.AbstractEpollChannel$AbstractEpollUnsafe.epollOutReady(AbstractEpollChannel.java:567)
	at org.apache.ratis.thirdparty.io.netty.channel.epoll.EpollEventLoop.processReady(EpollEventLoop.java:491)
	at org.apache.ratis.thirdparty.io.netty.channel.epoll.EpollEventLoop.run(EpollEventLoop.java:399)
	at org.apache.ratis.thirdparty.io.netty.util.concurrent.SingleThreadEventExecutor$4.run(SingleThreadEventExecutor.java:998)
	at org.apache.ratis.thirdparty.io.netty.util.internal.ThreadExecutorMap$2.run(ThreadExecutorMap.java:74)
	at org.apache.ratis.thirdparty.io.netty.util.concurrent.FastThreadLocalRunnable.run(FastThreadLocalRunnable.java:30)
	at java.base/java.lang.Thread.run(Thread.java:1583)
2025-10-22 08:26:03,325 [grpc-default-executor-3] ERROR impl.OrderedAsync (OrderedAsync.java:lambda$null$6(215)) -  client-BAD593AD1202: Failed* RaftClientRequest:client-BAD593AD1202->0cab5a7d-6f40-474c-9abd-0651cf30726e@group-45121E95117A, cid=68, seq=1*, Watch(0), null
java.util.concurrent.CompletionException: java.io.IOException: org.apache.ratis.thirdparty.io.grpc.StatusRuntimeException: UNAVAILABLE: io exception
	at java.base/java.util.concurrent.CompletableFuture.encodeThrowable(CompletableFuture.java:332)
	at java.base/java.util.concurrent.CompletableFuture.completeThrowable(CompletableFuture.java:347)
	at java.base/java.util.concurrent.CompletableFuture$UniAccept.tryFire(CompletableFuture.java:708)
	at java.base/java.util.concurrent.CompletableFuture.postComplete(CompletableFuture.java:510)
	at java.base/java.util.concurrent.CompletableFuture.completeExceptionally(CompletableFuture.java:2194)
	at org.apache.ratis.grpc.client.GrpcClientProtocolClient$AsyncStreamObservers.completeReplyExceptionally(GrpcClientProtocolClient.java:397)
	at org.apache.ratis.grpc.client.GrpcClientProtocolClient$AsyncStreamObservers.access$000(GrpcClientProtocolClient.java:303)
	at org.apache.ratis.grpc.client.GrpcClientProtocolClient$AsyncStreamObservers$1.onError(GrpcClientProtocolClient.java:334)
	at org.apache.ratis.thirdparty.io.grpc.stub.ClientCalls$StreamObserverToCallListenerAdapter.onClose(ClientCalls.java:564)
	at org.apache.ratis.thirdparty.io.grpc.PartialForwardingClientCallListener.onClose(PartialForwardingClientCallListener.java:39)
	at org.apache.ratis.thirdparty.io.grpc.ForwardingClientCallListener.onClose(ForwardingClientCallListener.java:23)
	at org.apache.ratis.grpc.metrics.intercept.client.MetricClientCallListener.onClose(MetricClientCallListener.java:47)
	at org.apache.ratis.thirdparty.io.grpc.internal.ClientCallImpl.closeObserver(ClientCallImpl.java:565)
	at org.apache.ratis.thirdparty.io.grpc.internal.ClientCallImpl.access$100(ClientCallImpl.java:72)
	at org.apache.ratis.thirdparty.io.grpc.internal.ClientCallImpl$ClientStreamListenerImpl$1StreamClosed.runInternal(ClientCallImpl.java:733)
	at org.apache.ratis.thirdparty.io.grpc.internal.ClientCallImpl$ClientStreamListenerImpl$1StreamClosed.runInContext(ClientCallImpl.java:714)
	at org.apache.ratis.thirdparty.io.grpc.internal.ContextRunnable.run(ContextRunnable.java:37)
	at org.apache.ratis.thirdparty.io.grpc.internal.SerializingExecutor.run(SerializingExecutor.java:133)
	at java.base/java.util.concurrent.ThreadPoolExecutor.runWorker(ThreadPoolExecutor.java:1144)
	at java.base/java.util.concurrent.ThreadPoolExecutor$Worker.run(ThreadPoolExecutor.java:642)
	at java.base/java.lang.Thread.run(Thread.java:1583)
Caused by: java.io.IOException: org.apache.ratis.thirdparty.io.grpc.StatusRuntimeException: UNAVAILABLE: io exception
	at org.apache.ratis.grpc.GrpcUtil.unwrapException(GrpcUtil.java:99)
	at org.apache.ratis.grpc.GrpcUtil.unwrapIOException(GrpcUtil.java:159)
	at org.apache.ratis.grpc.client.GrpcClientProtocolClient$AsyncStreamObservers$1.onError(GrpcClientProtocolClient.java:333)
	... 13 more
Caused by: org.apache.ratis.thirdparty.io.grpc.StatusRuntimeException: UNAVAILABLE: io exception
	at org.apache.ratis.thirdparty.io.grpc.Status.asRuntimeException(Status.java:532)
	... 13 more
Caused by: org.apache.ratis.thirdparty.io.netty.channel.AbstractChannel$AnnotatedConnectException: finishConnect(..) failed: Connection refused: /127.0.0.1:15069
Caused by: java.net.ConnectException: finishConnect(..) failed: Connection refused
	at org.apache.ratis.thirdparty.io.netty.channel.unix.Errors.newConnectException0(Errors.java:166)
	at org.apache.ratis.thirdparty.io.netty.channel.unix.Errors.handleConnectErrno(Errors.java:131)
	at org.apache.ratis.thirdparty.io.netty.channel.unix.Socket.finishConnect(Socket.java:359)
	at org.apache.ratis.thirdparty.io.netty.channel.epoll.AbstractEpollChannel$AbstractEpollUnsafe.doFinishConnect(AbstractEpollChannel.java:715)
	at org.apache.ratis.thirdparty.io.netty.channel.epoll.AbstractEpollChannel$AbstractEpollUnsafe.finishConnect(AbstractEpollChannel.java:692)
	at org.apache.ratis.thirdparty.io.netty.channel.epoll.AbstractEpollChannel$AbstractEpollUnsafe.epollOutReady(AbstractEpollChannel.java:567)
	at org.apache.ratis.thirdparty.io.netty.channel.epoll.EpollEventLoop.processReady(EpollEventLoop.java:491)
	at org.apache.ratis.thirdparty.io.netty.channel.epoll.EpollEventLoop.run(EpollEventLoop.java:399)
	at org.apache.ratis.thirdparty.io.netty.util.concurrent.SingleThreadEventExecutor$4.run(SingleThreadEventExecutor.java:998)
	at org.apache.ratis.thirdparty.io.netty.util.internal.ThreadExecutorMap$2.run(ThreadExecutorMap.java:74)
	at org.apache.ratis.thirdparty.io.netty.util.concurrent.FastThreadLocalRunnable.run(FastThreadLocalRunnable.java:30)
	at java.base/java.lang.Thread.run(Thread.java:1583)
2025-10-22 08:26:04,180 [timer3] WARN  server.GrpcLogAppender (LogUtils.java:warn(127)) - 9d21e184-bccf-4583-95a7-0fe616dd3b4b@group-E8ADAFC04A7A->0cab5a7d-6f40-474c-9abd-0651cf30726e-AppendLogResponseHandler: Failed appendEntries (Repeated 12 times in the last 5.000s): org.apache.ratis.thirdparty.io.grpc.StatusRuntimeException: UNAVAILABLE: io exception
  Caused by: org.apache.ratis.thirdparty.io.netty.channel.AbstractChannel$AnnotatedConnectException: finishConnect(..) failed: Connection refused: /127.0.0.1:15071
  Caused by: java.net.ConnectException: finishConnect(..) failed: Connection refused
2025-10-22 08:26:04,181 [timer4] WARN  server.GrpcLogAppender (GrpcLogAppender.java:lambda$resetClient$1(228)) - 9d21e184-bccf-4583-95a7-0fe616dd3b4b@group-E8ADAFC04A7A->0cab5a7d-6f40-474c-9abd-0651cf30726e-GrpcLogAppender: Follower failed (request=null, errorCount=32); keep nextIndex (15) unchanged and retry. (Repeated 12 times in the last 5.001s)
2025-10-22 08:26:04,383 [9d21e184-bccf-4583-95a7-0fe616dd3b4b@group-E8ADAFC04A7A-LeaderStateImpl] INFO  impl.TransferLeadership (TransferLeadership.java:tryTransferLeadership(258)) - 9d21e184-bccf-4583-95a7-0fe616dd3b4b@group-E8ADAFC04A7A: start transferring leadership to 0cab5a7d-6f40-474c-9abd-0651cf30726e
2025-10-22 08:26:04,383 [9d21e184-bccf-4583-95a7-0fe616dd3b4b@group-E8ADAFC04A7A-LeaderStateImpl] INFO  impl.TransferLeadership (TransferLeadership.java:sendStartLeaderElection(210)) - 9d21e184-bccf-4583-95a7-0fe616dd3b4b@group-E8ADAFC04A7A: sendStartLeaderElection to follower 0cab5a7d-6f40-474c-9abd-0651cf30726e, lastEntry=(t:3, i:14)
2025-10-22 08:26:04,383 [9d21e184-bccf-4583-95a7-0fe616dd3b4b@group-E8ADAFC04A7A-LeaderStateImpl] INFO  impl.TransferLeadership (TransferLeadership.java:tryTransferLeadership(266)) - 9d21e184-bccf-4583-95a7-0fe616dd3b4b@group-E8ADAFC04A7A: SUCCESS sent StartLeaderElection to transferee 0cab5a7d-6f40-474c-9abd-0651cf30726e immediately as it already has up-to-date log
2025-10-22 08:26:04,383 [9d21e184-bccf-4583-95a7-0fe616dd3b4b-server-thread1] WARN  impl.TransferLeadership (TransferLeadership.java:lambda$sendStartLeaderElection$2(227)) - 9d21e184-bccf-4583-95a7-0fe616dd3b4b@group-E8ADAFC04A7A: Failed to startLeaderElection for 0cab5a7d-6f40-474c-9abd-0651cf30726e
java.util.concurrent.CompletionException: org.apache.ratis.thirdparty.io.grpc.StatusRuntimeException: UNAVAILABLE: io exception
	at java.base/java.util.concurrent.CompletableFuture.encodeThrowable(CompletableFuture.java:315)
	at java.base/java.util.concurrent.CompletableFuture.completeThrowable(CompletableFuture.java:320)
	at java.base/java.util.concurrent.CompletableFuture$AsyncSupply.run(CompletableFuture.java:1770)
	at java.base/java.util.concurrent.ThreadPoolExecutor.runWorker(ThreadPoolExecutor.java:1144)
	at java.base/java.util.concurrent.ThreadPoolExecutor$Worker.run(ThreadPoolExecutor.java:642)
	at java.base/java.lang.Thread.run(Thread.java:1583)
Caused by: org.apache.ratis.thirdparty.io.grpc.StatusRuntimeException: UNAVAILABLE: io exception
	at org.apache.ratis.thirdparty.io.grpc.stub.ClientCalls.toStatusRuntimeException(ClientCalls.java:351)
	at org.apache.ratis.thirdparty.io.grpc.stub.ClientCalls.getUnchecked(ClientCalls.java:332)
	at org.apache.ratis.thirdparty.io.grpc.stub.ClientCalls.blockingUnaryCall(ClientCalls.java:174)
	at org.apache.ratis.proto.grpc.RaftServerProtocolServiceGrpc$RaftServerProtocolServiceBlockingStub.startLeaderElection(RaftServerProtocolServiceGrpc.java:422)
	at org.apache.ratis.grpc.server.GrpcServerProtocolClient.startLeaderElection(GrpcServerProtocolClient.java:123)
	at org.apache.ratis.grpc.server.GrpcServicesImpl.startLeaderElection(GrpcServicesImpl.java:423)
	at org.apache.ratis.server.impl.TransferLeadership.lambda$sendStartLeaderElection$1(TransferLeadership.java:218)
	at java.base/java.util.concurrent.CompletableFuture$AsyncSupply.run(CompletableFuture.java:1768)
	... 3 more
Caused by: org.apache.ratis.thirdparty.io.netty.channel.AbstractChannel$AnnotatedConnectException: finishConnect(..) failed: Connection refused: /127.0.0.1:15071
Caused by: java.net.ConnectException: finishConnect(..) failed: Connection refused
	at org.apache.ratis.thirdparty.io.netty.channel.unix.Errors.newConnectException0(Errors.java:166)
	at org.apache.ratis.thirdparty.io.netty.channel.unix.Errors.handleConnectErrno(Errors.java:131)
	at org.apache.ratis.thirdparty.io.netty.channel.unix.Socket.finishConnect(Socket.java:359)
	at org.apache.ratis.thirdparty.io.netty.channel.epoll.AbstractEpollChannel$AbstractEpollUnsafe.doFinishConnect(AbstractEpollChannel.java:715)
	at org.apache.ratis.thirdparty.io.netty.channel.epoll.AbstractEpollChannel$AbstractEpollUnsafe.finishConnect(AbstractEpollChannel.java:692)
	at org.apache.ratis.thirdparty.io.netty.channel.epoll.AbstractEpollChannel$AbstractEpollUnsafe.epollOutReady(AbstractEpollChannel.java:567)
	at org.apache.ratis.thirdparty.io.netty.channel.epoll.EpollEventLoop.processReady(EpollEventLoop.java:491)
	at org.apache.ratis.thirdparty.io.netty.channel.epoll.EpollEventLoop.run(EpollEventLoop.java:399)
	at org.apache.ratis.thirdparty.io.netty.util.concurrent.SingleThreadEventExecutor$4.run(SingleThreadEventExecutor.java:998)
	at org.apache.ratis.thirdparty.io.netty.util.internal.ThreadExecutorMap$2.run(ThreadExecutorMap.java:74)
	at org.apache.ratis.thirdparty.io.netty.util.concurrent.FastThreadLocalRunnable.run(FastThreadLocalRunnable.java:30)
	at java.base/java.lang.Thread.run(Thread.java:1583)
2025-10-22 08:26:05,583 [9d21e184-bccf-4583-95a7-0fe616dd3b4b@group-E8ADAFC04A7A-LeaderStateImpl] INFO  impl.TransferLeadership (TransferLeadership.java:tryTransferLeadership(258)) - 9d21e184-bccf-4583-95a7-0fe616dd3b4b@group-E8ADAFC04A7A: start transferring leadership to 0cab5a7d-6f40-474c-9abd-0651cf30726e
2025-10-22 08:26:05,583 [9d21e184-bccf-4583-95a7-0fe616dd3b4b@group-E8ADAFC04A7A-LeaderStateImpl] INFO  impl.TransferLeadership (TransferLeadership.java:sendStartLeaderElection(210)) - 9d21e184-bccf-4583-95a7-0fe616dd3b4b@group-E8ADAFC04A7A: sendStartLeaderElection to follower 0cab5a7d-6f40-474c-9abd-0651cf30726e, lastEntry=(t:3, i:14)
2025-10-22 08:26:05,583 [9d21e184-bccf-4583-95a7-0fe616dd3b4b@group-E8ADAFC04A7A-LeaderStateImpl] INFO  impl.TransferLeadership (TransferLeadership.java:tryTransferLeadership(266)) - 9d21e184-bccf-4583-95a7-0fe616dd3b4b@group-E8ADAFC04A7A: SUCCESS sent StartLeaderElection to transferee 0cab5a7d-6f40-474c-9abd-0651cf30726e immediately as it already has up-to-date log
2025-10-22 08:26:05,584 [9d21e184-bccf-4583-95a7-0fe616dd3b4b-server-thread1] WARN  impl.TransferLeadership (TransferLeadership.java:lambda$sendStartLeaderElection$2(227)) - 9d21e184-bccf-4583-95a7-0fe616dd3b4b@group-E8ADAFC04A7A: Failed to startLeaderElection for 0cab5a7d-6f40-474c-9abd-0651cf30726e
java.util.concurrent.CompletionException: org.apache.ratis.thirdparty.io.grpc.StatusRuntimeException: UNAVAILABLE: io exception
	at java.base/java.util.concurrent.CompletableFuture.encodeThrowable(CompletableFuture.java:315)
	at java.base/java.util.concurrent.CompletableFuture.completeThrowable(CompletableFuture.java:320)
	at java.base/java.util.concurrent.CompletableFuture$AsyncSupply.run(CompletableFuture.java:1770)
	at java.base/java.util.concurrent.ThreadPoolExecutor.runWorker(ThreadPoolExecutor.java:1144)
	at java.base/java.util.concurrent.ThreadPoolExecutor$Worker.run(ThreadPoolExecutor.java:642)
	at java.base/java.lang.Thread.run(Thread.java:1583)
Caused by: org.apache.ratis.thirdparty.io.grpc.StatusRuntimeException: UNAVAILABLE: io exception
	at org.apache.ratis.thirdparty.io.grpc.stub.ClientCalls.toStatusRuntimeException(ClientCalls.java:351)
	at org.apache.ratis.thirdparty.io.grpc.stub.ClientCalls.getUnchecked(ClientCalls.java:332)
	at org.apache.ratis.thirdparty.io.grpc.stub.ClientCalls.blockingUnaryCall(ClientCalls.java:174)
	at org.apache.ratis.proto.grpc.RaftServerProtocolServiceGrpc$RaftServerProtocolServiceBlockingStub.startLeaderElection(RaftServerProtocolServiceGrpc.java:422)
	at org.apache.ratis.grpc.server.GrpcServerProtocolClient.startLeaderElection(GrpcServerProtocolClient.java:123)
	at org.apache.ratis.grpc.server.GrpcServicesImpl.startLeaderElection(GrpcServicesImpl.java:423)
	at org.apache.ratis.server.impl.TransferLeadership.lambda$sendStartLeaderElection$1(TransferLeadership.java:218)
	at java.base/java.util.concurrent.CompletableFuture$AsyncSupply.run(CompletableFuture.java:1768)
	... 3 more
Caused by: org.apache.ratis.thirdparty.io.netty.channel.AbstractChannel$AnnotatedConnectException: finishConnect(..) failed: Connection refused: /127.0.0.1:15071
Caused by: java.net.ConnectException: finishConnect(..) failed: Connection refused
	at org.apache.ratis.thirdparty.io.netty.channel.unix.Errors.newConnectException0(Errors.java:166)
	at org.apache.ratis.thirdparty.io.netty.channel.unix.Errors.handleConnectErrno(Errors.java:131)
	at org.apache.ratis.thirdparty.io.netty.channel.unix.Socket.finishConnect(Socket.java:359)
	at org.apache.ratis.thirdparty.io.netty.channel.epoll.AbstractEpollChannel$AbstractEpollUnsafe.doFinishConnect(AbstractEpollChannel.java:715)
	at org.apache.ratis.thirdparty.io.netty.channel.epoll.AbstractEpollChannel$AbstractEpollUnsafe.finishConnect(AbstractEpollChannel.java:692)
	at org.apache.ratis.thirdparty.io.netty.channel.epoll.AbstractEpollChannel$AbstractEpollUnsafe.epollOutReady(AbstractEpollChannel.java:567)
	at org.apache.ratis.thirdparty.io.netty.channel.epoll.EpollEventLoop.processReady(EpollEventLoop.java:491)
	at org.apache.ratis.thirdparty.io.netty.channel.epoll.EpollEventLoop.run(EpollEventLoop.java:399)
	at org.apache.ratis.thirdparty.io.netty.util.concurrent.SingleThreadEventExecutor$4.run(SingleThreadEventExecutor.java:998)
	at org.apache.ratis.thirdparty.io.netty.util.internal.ThreadExecutorMap$2.run(ThreadExecutorMap.java:74)
	at org.apache.ratis.thirdparty.io.netty.util.concurrent.FastThreadLocalRunnable.run(FastThreadLocalRunnable.java:30)
	at java.base/java.lang.Thread.run(Thread.java:1583)
2025-10-22 08:26:06,784 [9d21e184-bccf-4583-95a7-0fe616dd3b4b@group-E8ADAFC04A7A-LeaderStateImpl] INFO  impl.TransferLeadership (TransferLeadership.java:tryTransferLeadership(258)) - 9d21e184-bccf-4583-95a7-0fe616dd3b4b@group-E8ADAFC04A7A: start transferring leadership to 0cab5a7d-6f40-474c-9abd-0651cf30726e
2025-10-22 08:26:06,784 [9d21e184-bccf-4583-95a7-0fe616dd3b4b@group-E8ADAFC04A7A-LeaderStateImpl] INFO  impl.TransferLeadership (TransferLeadership.java:sendStartLeaderElection(210)) - 9d21e184-bccf-4583-95a7-0fe616dd3b4b@group-E8ADAFC04A7A: sendStartLeaderElection to follower 0cab5a7d-6f40-474c-9abd-0651cf30726e, lastEntry=(t:3, i:14)
2025-10-22 08:26:06,784 [9d21e184-bccf-4583-95a7-0fe616dd3b4b@group-E8ADAFC04A7A-LeaderStateImpl] INFO  impl.TransferLeadership (TransferLeadership.java:tryTransferLeadership(266)) - 9d21e184-bccf-4583-95a7-0fe616dd3b4b@group-E8ADAFC04A7A: SUCCESS sent StartLeaderElection to transferee 0cab5a7d-6f40-474c-9abd-0651cf30726e immediately as it already has up-to-date log
2025-10-22 08:26:06,784 [9d21e184-bccf-4583-95a7-0fe616dd3b4b-server-thread1] WARN  impl.TransferLeadership (TransferLeadership.java:lambda$sendStartLeaderElection$2(227)) - 9d21e184-bccf-4583-95a7-0fe616dd3b4b@group-E8ADAFC04A7A: Failed to startLeaderElection for 0cab5a7d-6f40-474c-9abd-0651cf30726e
java.util.concurrent.CompletionException: org.apache.ratis.thirdparty.io.grpc.StatusRuntimeException: UNAVAILABLE: io exception
	at java.base/java.util.concurrent.CompletableFuture.encodeThrowable(CompletableFuture.java:315)
	at java.base/java.util.concurrent.CompletableFuture.completeThrowable(CompletableFuture.java:320)
	at java.base/java.util.concurrent.CompletableFuture$AsyncSupply.run(CompletableFuture.java:1770)
	at java.base/java.util.concurrent.ThreadPoolExecutor.runWorker(ThreadPoolExecutor.java:1144)
	at java.base/java.util.concurrent.ThreadPoolExecutor$Worker.run(ThreadPoolExecutor.java:642)
	at java.base/java.lang.Thread.run(Thread.java:1583)
Caused by: org.apache.ratis.thirdparty.io.grpc.StatusRuntimeException: UNAVAILABLE: io exception
	at org.apache.ratis.thirdparty.io.grpc.stub.ClientCalls.toStatusRuntimeException(ClientCalls.java:351)
	at org.apache.ratis.thirdparty.io.grpc.stub.ClientCalls.getUnchecked(ClientCalls.java:332)
	at org.apache.ratis.thirdparty.io.grpc.stub.ClientCalls.blockingUnaryCall(ClientCalls.java:174)
	at org.apache.ratis.proto.grpc.RaftServerProtocolServiceGrpc$RaftServerProtocolServiceBlockingStub.startLeaderElection(RaftServerProtocolServiceGrpc.java:422)
	at org.apache.ratis.grpc.server.GrpcServerProtocolClient.startLeaderElection(GrpcServerProtocolClient.java:123)
	at org.apache.ratis.grpc.server.GrpcServicesImpl.startLeaderElection(GrpcServicesImpl.java:423)
	at org.apache.ratis.server.impl.TransferLeadership.lambda$sendStartLeaderElection$1(TransferLeadership.java:218)
	at java.base/java.util.concurrent.CompletableFuture$AsyncSupply.run(CompletableFuture.java:1768)
	... 3 more
Caused by: org.apache.ratis.thirdparty.io.netty.channel.AbstractChannel$AnnotatedConnectException: finishConnect(..) failed: Connection refused: /127.0.0.1:15071
Caused by: java.net.ConnectException: finishConnect(..) failed: Connection refused
	at org.apache.ratis.thirdparty.io.netty.channel.unix.Errors.newConnectException0(Errors.java:166)
	at org.apache.ratis.thirdparty.io.netty.channel.unix.Errors.handleConnectErrno(Errors.java:131)
	at org.apache.ratis.thirdparty.io.netty.channel.unix.Socket.finishConnect(Socket.java:359)
	at org.apache.ratis.thirdparty.io.netty.channel.epoll.AbstractEpollChannel$AbstractEpollUnsafe.doFinishConnect(AbstractEpollChannel.java:715)
	at org.apache.ratis.thirdparty.io.netty.channel.epoll.AbstractEpollChannel$AbstractEpollUnsafe.finishConnect(AbstractEpollChannel.java:692)
	at org.apache.ratis.thirdparty.io.netty.channel.epoll.AbstractEpollChannel$AbstractEpollUnsafe.epollOutReady(AbstractEpollChannel.java:567)
	at org.apache.ratis.thirdparty.io.netty.channel.epoll.EpollEventLoop.processReady(EpollEventLoop.java:491)
	at org.apache.ratis.thirdparty.io.netty.channel.epoll.EpollEventLoop.run(EpollEventLoop.java:399)
	at org.apache.ratis.thirdparty.io.netty.util.concurrent.SingleThreadEventExecutor$4.run(SingleThreadEventExecutor.java:998)
	at org.apache.ratis.thirdparty.io.netty.util.internal.ThreadExecutorMap$2.run(ThreadExecutorMap.java:74)
	at org.apache.ratis.thirdparty.io.netty.util.concurrent.FastThreadLocalRunnable.run(FastThreadLocalRunnable.java:30)
	at java.base/java.lang.Thread.run(Thread.java:1583)
2025-10-22 08:26:07,706 [timer0] WARN  server.GrpcLogAppender (LogUtils.java:warn(127)) - 8aba082c-257b-43e3-ba61-5d436c5b38fa@group-45121E95117A->0cab5a7d-6f40-474c-9abd-0651cf30726e-AppendLogResponseHandler: Failed appendEntries (Repeated 10 times in the last 5.000s): org.apache.ratis.thirdparty.io.grpc.StatusRuntimeException: UNAVAILABLE: io exception
  Caused by: org.apache.ratis.thirdparty.io.netty.channel.AbstractChannel$AnnotatedConnectException: finishConnect(..) failed: Connection refused: /127.0.0.1:15071
  Caused by: java.net.ConnectException: finishConnect(..) failed: Connection refused
2025-10-22 08:26:07,706 [timer1] WARN  server.GrpcLogAppender (GrpcLogAppender.java:lambda$resetClient$1(228)) - 8aba082c-257b-43e3-ba61-5d436c5b38fa@group-45121E95117A->0cab5a7d-6f40-474c-9abd-0651cf30726e-GrpcLogAppender: Follower failed (request=null, errorCount=30); keep nextIndex (10) unchanged and retry. (Repeated 10 times in the last 5.000s)
2025-10-22 08:26:07,756 [grpc-default-executor-3] WARN  server.GrpcLogAppender (LogUtils.java:warn(127)) - 8aba082c-257b-43e3-ba61-5d436c5b38fa@group-45121E95117A->0cab5a7d-6f40-474c-9abd-0651cf30726e-AppendLogResponseHandler: Failed appendEntries: org.apache.ratis.thirdparty.io.grpc.StatusRuntimeException: UNAVAILABLE: io exception
  Caused by: org.apache.ratis.thirdparty.io.netty.channel.AbstractChannel$AnnotatedConnectException: finishConnect(..) failed: Connection refused: /127.0.0.1:15071
  Caused by: java.net.ConnectException: finishConnect(..) failed: Connection refused
2025-10-22 08:26:07,757 [grpc-default-executor-5] WARN  server.GrpcLogAppender (GrpcLogAppender.java:lambda$resetClient$1(228)) - 8aba082c-257b-43e3-ba61-5d436c5b38fa@group-45121E95117A->0cab5a7d-6f40-474c-9abd-0651cf30726e-GrpcLogAppender: Follower failed (request=null, errorCount=31); keep nextIndex (10) unchanged and retry.
2025-10-22 08:26:07,984 [9d21e184-bccf-4583-95a7-0fe616dd3b4b@group-E8ADAFC04A7A-LeaderStateImpl] INFO  impl.TransferLeadership (TransferLeadership.java:tryTransferLeadership(258)) - 9d21e184-bccf-4583-95a7-0fe616dd3b4b@group-E8ADAFC04A7A: start transferring leadership to 0cab5a7d-6f40-474c-9abd-0651cf30726e
2025-10-22 08:26:07,984 [9d21e184-bccf-4583-95a7-0fe616dd3b4b@group-E8ADAFC04A7A-LeaderStateImpl] INFO  impl.TransferLeadership (TransferLeadership.java:sendStartLeaderElection(210)) - 9d21e184-bccf-4583-95a7-0fe616dd3b4b@group-E8ADAFC04A7A: sendStartLeaderElection to follower 0cab5a7d-6f40-474c-9abd-0651cf30726e, lastEntry=(t:3, i:14)
2025-10-22 08:26:07,984 [9d21e184-bccf-4583-95a7-0fe616dd3b4b@group-E8ADAFC04A7A-LeaderStateImpl] INFO  impl.TransferLeadership (TransferLeadership.java:tryTransferLeadership(266)) - 9d21e184-bccf-4583-95a7-0fe616dd3b4b@group-E8ADAFC04A7A: SUCCESS sent StartLeaderElection to transferee 0cab5a7d-6f40-474c-9abd-0651cf30726e immediately as it already has up-to-date log
2025-10-22 08:26:07,984 [9d21e184-bccf-4583-95a7-0fe616dd3b4b-server-thread1] WARN  impl.TransferLeadership (TransferLeadership.java:lambda$sendStartLeaderElection$2(227)) - 9d21e184-bccf-4583-95a7-0fe616dd3b4b@group-E8ADAFC04A7A: Failed to startLeaderElection for 0cab5a7d-6f40-474c-9abd-0651cf30726e
java.util.concurrent.CompletionException: org.apache.ratis.thirdparty.io.grpc.StatusRuntimeException: UNAVAILABLE: io exception
	at java.base/java.util.concurrent.CompletableFuture.encodeThrowable(CompletableFuture.java:315)
	at java.base/java.util.concurrent.CompletableFuture.completeThrowable(CompletableFuture.java:320)
	at java.base/java.util.concurrent.CompletableFuture$AsyncSupply.run(CompletableFuture.java:1770)
	at java.base/java.util.concurrent.ThreadPoolExecutor.runWorker(ThreadPoolExecutor.java:1144)
	at java.base/java.util.concurrent.ThreadPoolExecutor$Worker.run(ThreadPoolExecutor.java:642)
	at java.base/java.lang.Thread.run(Thread.java:1583)
Caused by: org.apache.ratis.thirdparty.io.grpc.StatusRuntimeException: UNAVAILABLE: io exception
	at org.apache.ratis.thirdparty.io.grpc.stub.ClientCalls.toStatusRuntimeException(ClientCalls.java:351)
	at org.apache.ratis.thirdparty.io.grpc.stub.ClientCalls.getUnchecked(ClientCalls.java:332)
	at org.apache.ratis.thirdparty.io.grpc.stub.ClientCalls.blockingUnaryCall(ClientCalls.java:174)
	at org.apache.ratis.proto.grpc.RaftServerProtocolServiceGrpc$RaftServerProtocolServiceBlockingStub.startLeaderElection(RaftServerProtocolServiceGrpc.java:422)
	at org.apache.ratis.grpc.server.GrpcServerProtocolClient.startLeaderElection(GrpcServerProtocolClient.java:123)
	at org.apache.ratis.grpc.server.GrpcServicesImpl.startLeaderElection(GrpcServicesImpl.java:423)
	at org.apache.ratis.server.impl.TransferLeadership.lambda$sendStartLeaderElection$1(TransferLeadership.java:218)
	at java.base/java.util.concurrent.CompletableFuture$AsyncSupply.run(CompletableFuture.java:1768)
	... 3 more
Caused by: org.apache.ratis.thirdparty.io.netty.channel.AbstractChannel$AnnotatedConnectException: finishConnect(..) failed: Connection refused: /127.0.0.1:15071
Caused by: java.net.ConnectException: finishConnect(..) failed: Connection refused
	at org.apache.ratis.thirdparty.io.netty.channel.unix.Errors.newConnectException0(Errors.java:166)
	at org.apache.ratis.thirdparty.io.netty.channel.unix.Errors.handleConnectErrno(Errors.java:131)
	at org.apache.ratis.thirdparty.io.netty.channel.unix.Socket.finishConnect(Socket.java:359)
	at org.apache.ratis.thirdparty.io.netty.channel.epoll.AbstractEpollChannel$AbstractEpollUnsafe.doFinishConnect(AbstractEpollChannel.java:715)
	at org.apache.ratis.thirdparty.io.netty.channel.epoll.AbstractEpollChannel$AbstractEpollUnsafe.finishConnect(AbstractEpollChannel.java:692)
	at org.apache.ratis.thirdparty.io.netty.channel.epoll.AbstractEpollChannel$AbstractEpollUnsafe.epollOutReady(AbstractEpollChannel.java:567)
	at org.apache.ratis.thirdparty.io.netty.channel.epoll.EpollEventLoop.processReady(EpollEventLoop.java:491)
	at org.apache.ratis.thirdparty.io.netty.channel.epoll.EpollEventLoop.run(EpollEventLoop.java:399)
	at org.apache.ratis.thirdparty.io.netty.util.concurrent.SingleThreadEventExecutor$4.run(SingleThreadEventExecutor.java:998)
	at org.apache.ratis.thirdparty.io.netty.util.internal.ThreadExecutorMap$2.run(ThreadExecutorMap.java:74)
	at org.apache.ratis.thirdparty.io.netty.util.concurrent.FastThreadLocalRunnable.run(FastThreadLocalRunnable.java:30)
	at java.base/java.lang.Thread.run(Thread.java:1583)
2025-10-22 08:26:08,257 [grpc-default-executor-5] ERROR impl.OrderedAsync (OrderedAsync.java:lambda$null$6(215)) -  client-BAD593AD1202: Failed* RaftClientRequest:client-BAD593AD1202->9d21e184-bccf-4583-95a7-0fe616dd3b4b@group-45121E95117A, cid=68, seq=1*, Watch(0), null
java.util.concurrent.CompletionException: org.apache.ratis.protocol.exceptions.NotLeaderException: Server 9d21e184-bccf-4583-95a7-0fe616dd3b4b@group-45121E95117A is not the leader, suggested leader is: 8aba082c-257b-43e3-ba61-5d436c5b38fa|127.0.0.1:15063
	at java.base/java.util.concurrent.CompletableFuture.encodeThrowable(CompletableFuture.java:332)
	at java.base/java.util.concurrent.CompletableFuture.completeThrowable(CompletableFuture.java:347)
	at java.base/java.util.concurrent.CompletableFuture$UniAccept.tryFire(CompletableFuture.java:708)
	at java.base/java.util.concurrent.CompletableFuture.postComplete(CompletableFuture.java:510)
	at java.base/java.util.concurrent.CompletableFuture.completeExceptionally(CompletableFuture.java:2194)
	at org.apache.ratis.grpc.client.GrpcClientProtocolClient$AsyncStreamObservers.completeReplyExceptionally(GrpcClientProtocolClient.java:397)
	at org.apache.ratis.grpc.client.GrpcClientProtocolClient$AsyncStreamObservers.access$000(GrpcClientProtocolClient.java:303)
	at org.apache.ratis.grpc.client.GrpcClientProtocolClient$AsyncStreamObservers$1.onNext(GrpcClientProtocolClient.java:317)
	at org.apache.ratis.grpc.client.GrpcClientProtocolClient$AsyncStreamObservers$1.onNext(GrpcClientProtocolClient.java:308)
	at org.apache.ratis.thirdparty.io.grpc.stub.ClientCalls$StreamObserverToCallListenerAdapter.onMessage(ClientCalls.java:551)
	at org.apache.ratis.thirdparty.io.grpc.ForwardingClientCallListener.onMessage(ForwardingClientCallListener.java:33)
	at org.apache.ratis.thirdparty.io.grpc.internal.ClientCallImpl$ClientStreamListenerImpl$1MessagesAvailable.runInternal(ClientCallImpl.java:661)
	at org.apache.ratis.thirdparty.io.grpc.internal.ClientCallImpl$ClientStreamListenerImpl$1MessagesAvailable.runInContext(ClientCallImpl.java:648)
	at org.apache.ratis.thirdparty.io.grpc.internal.ContextRunnable.run(ContextRunnable.java:37)
	at org.apache.ratis.thirdparty.io.grpc.internal.SerializingExecutor.run(SerializingExecutor.java:133)
	at java.base/java.util.concurrent.ThreadPoolExecutor.runWorker(ThreadPoolExecutor.java:1144)
	at java.base/java.util.concurrent.ThreadPoolExecutor$Worker.run(ThreadPoolExecutor.java:642)
	at java.base/java.lang.Thread.run(Thread.java:1583)
Caused by: org.apache.ratis.protocol.exceptions.NotLeaderException: Server 9d21e184-bccf-4583-95a7-0fe616dd3b4b@group-45121E95117A is not the leader, suggested leader is: 8aba082c-257b-43e3-ba61-5d436c5b38fa|127.0.0.1:15063
	at org.apache.ratis.client.impl.ClientProtoUtils.toRaftClientReply(ClientProtoUtils.java:402)
	at org.apache.ratis.grpc.client.GrpcClientProtocolClient$AsyncStreamObservers$1.onNext(GrpcClientProtocolClient.java:313)
	... 10 more
2025-10-22 08:26:08,276 [grpc-default-executor-2] WARN  server.GrpcLogAppender (GrpcLogAppender.java:lambda$resetClient$1(228)) - 8aba082c-257b-43e3-ba61-5d436c5b38fa@group-45121E95117A->0cab5a7d-6f40-474c-9abd-0651cf30726e-GrpcLogAppender: Follower failed (request=null, errorCount=35); keep nextIndex (13) unchanged and retry.
2025-10-22 08:26:08,278 [grpc-default-executor-7] WARN  server.GrpcLogAppender (GrpcLogAppender.java:lambda$resetClient$1(228)) - 8aba082c-257b-43e3-ba61-5d436c5b38fa@group-45121E95117A->0cab5a7d-6f40-474c-9abd-0651cf30726e-GrpcLogAppender: Follower failed (request=null, errorCount=37); keep nextIndex (14) unchanged and retry.
2025-10-22 08:26:08,284 [grpc-default-executor-7] WARN  server.GrpcLogAppender (GrpcLogAppender.java:lambda$resetClient$1(228)) - 8aba082c-257b-43e3-ba61-5d436c5b38fa@group-45121E95117A->0cab5a7d-6f40-474c-9abd-0651cf30726e-GrpcLogAppender: Follower failed (request=null, errorCount=39); keep nextIndex (15) unchanged and retry.
2025-10-22 08:26:08,286 [grpc-default-executor-5] WARN  server.GrpcLogAppender (GrpcLogAppender.java:lambda$resetClient$1(228)) - 8aba082c-257b-43e3-ba61-5d436c5b38fa@group-45121E95117A->0cab5a7d-6f40-474c-9abd-0651cf30726e-GrpcLogAppender: Follower failed (request=null, errorCount=41); keep nextIndex (16) unchanged and retry.
2025-10-22 08:26:08,290 [grpc-default-executor-3] WARN  server.GrpcLogAppender (GrpcLogAppender.java:lambda$resetClient$1(228)) - 8aba082c-257b-43e3-ba61-5d436c5b38fa@group-45121E95117A->0cab5a7d-6f40-474c-9abd-0651cf30726e-GrpcLogAppender: Follower failed (request=null, errorCount=43); keep nextIndex (17) unchanged and retry.
2025-10-22 08:26:08,292 [grpc-default-executor-3] WARN  server.GrpcLogAppender (GrpcLogAppender.java:lambda$resetClient$1(228)) - 8aba082c-257b-43e3-ba61-5d436c5b38fa@group-45121E95117A->0cab5a7d-6f40-474c-9abd-0651cf30726e-GrpcLogAppender: Follower failed (request=null, errorCount=45); keep nextIndex (18) unchanged and retry.
2025-10-22 08:26:08,295 [ForkJoinPool-1-worker-1] INFO  io.BlockOutputStreamEntry (BlockOutputStreamEntry.java:writeOnRetry(192)) - BlockOutputStreamEntry:9a65567f-31c5-45e0-93c1-b930472fdbfe conID: 9 locID: 115816896921600010 bcsId: 0 replicaIndex: null: Finish retrying with len 2097152, currentPosition 2097152
2025-10-22 08:26:08,295 [ForkJoinPool-1-worker-1] INFO  io.BlockOutputStreamEntry (BlockOutputStreamEntry.java:finishRetryHandling(141)) - BlockOutputStreamEntry:9a65567f-31c5-45e0-93c1-b930472fdbfe conID: 9 locID: 115816896921600010 bcsId: 0 replicaIndex: null: Exiting retry handling mode
]]></system-out>
  </testcase>
  <testcase name="testDatanodeExclusionWithMajorityCommit(ReplicationLevel)[2]" classname="org.apache.hadoop.ozone.client.rpc.TestFailureHandlingByClient" time="9.676">
    <system-out><![CDATA[2025-10-22 08:26:08,311 [ForkJoinPool-1-worker-1] WARN  dropwizard3.Dm3MetricRegistriesImpl (Dm3MetricRegistriesImpl.java:addReporterRegistration(114)) - New reporters are added after registries were created. Some metrics will be missing from the reporter. Please add reporter before adding any new registry.
2025-10-22 08:26:08,311 [ForkJoinPool-1-worker-1] WARN  dropwizard3.Dm3MetricRegistriesImpl (Dm3MetricRegistriesImpl.java:addReporterRegistration(114)) - New reporters are added after registries were created. Some metrics will be missing from the reporter. Please add reporter before adding any new registry.
2025-10-22 08:26:08,342 [ForkJoinPool-1-worker-1] INFO  ozone.HddsDatanodeService (HddsDatanodeService.java:start(236)) - HddsDatanodeService 0cab5a7d-6f40-474c-9abd-0651cf30726e(localhost/127.0.0.1)
2025-10-22 08:26:08,344 [ForkJoinPool-1-worker-1] INFO  upgrade.AbstractLayoutVersionManager (AbstractLayoutVersionManager.java:init(80)) - Initializing Layout version manager with metadata layout = WITNESSED_CONTAINER_DB_PROTO_VALUE (version = 9), software layout = WITNESSED_CONTAINER_DB_PROTO_VALUE (version = 9)
2025-10-22 08:26:08,344 [ForkJoinPool-1-worker-1] INFO  statemachine.DatanodeStateMachine (DatanodeStateMachine.java:getEndPointTaskThreadPoolSize(321)) - Datanode State Machine Task Thread Pool size 2
2025-10-22 08:26:08,347 [ForkJoinPool-1-worker-1] INFO  volume.HddsVolume (HddsVolume.java:<init>(162)) - HddsVolume: { id=DS-1ec53189-a8d9-456e-823c-b078e2857cda dir=/home/runner/work/ozone/ozone/hadoop-ozone/integration-test/target/test-dir/MiniOzoneClusterImpl-a412b9f6-7d8b-4de3-a85c-9946bceaa3a0/ozone-metadata/datanode-8/data-0/hdds type=DISK capacity=9222449699674390527 used=0 available=9222449699674390527 minFree=184448985434423296 committed=0 }
2025-10-22 08:26:08,347 [ForkJoinPool-1-worker-1] INFO  volume.MutableVolumeSet (MutableVolumeSet.java:initializeVolumeSet(175)) - Added Volume : /home/runner/work/ozone/ozone/hadoop-ozone/integration-test/target/test-dir/MiniOzoneClusterImpl-a412b9f6-7d8b-4de3-a85c-9946bceaa3a0/ozone-metadata/datanode-8/data-0/hdds to VolumeSet
2025-10-22 08:26:08,348 [ForkJoinPool-1-worker-1] INFO  volume.MutableVolumeSet (MutableVolumeSet.java:initializeVolumeSet(175)) - Added Volume : /home/runner/work/ozone/ozone/hadoop-ozone/integration-test/target/test-dir/MiniOzoneClusterImpl-a412b9f6-7d8b-4de3-a85c-9946bceaa3a0/ozone-metadata/datanode-8/ratis to VolumeSet
2025-10-22 08:26:08,367 [grpc-default-executor-5] WARN  server.GrpcLogAppender (LogUtils.java:warn(127)) - 9d21e184-bccf-4583-95a7-0fe616dd3b4b@group-E8ADAFC04A7A->0cab5a7d-6f40-474c-9abd-0651cf30726e-AppendLogResponseHandler: Failed appendEntries: org.apache.ratis.thirdparty.io.grpc.StatusRuntimeException: UNAVAILABLE: io exception
  Caused by: org.apache.ratis.thirdparty.io.netty.channel.AbstractChannel$AnnotatedConnectException: finishConnect(..) failed: Connection refused: /127.0.0.1:15071
  Caused by: java.net.ConnectException: finishConnect(..) failed: Connection refused
2025-10-22 08:26:08,387 [ForkJoinPool.commonPool-worker-2] INFO  utils.DatanodeStoreCache (DatanodeStoreCache.java:addDB(70)) - Added db /home/runner/work/ozone/ozone/hadoop-ozone/integration-test/target/test-dir/MiniOzoneClusterImpl-a412b9f6-7d8b-4de3-a85c-9946bceaa3a0/ozone-metadata/datanode-8/data-0/hdds/a412b9f6-7d8b-4de3-a85c-9946bceaa3a0/DS-1ec53189-a8d9-456e-823c-b078e2857cda/container.db to cache
2025-10-22 08:26:08,387 [ForkJoinPool.commonPool-worker-2] INFO  volume.HddsVolume (HddsVolume.java:loadDbStore(517)) - SchemaV3 db is loaded at /home/runner/work/ozone/ozone/hadoop-ozone/integration-test/target/test-dir/MiniOzoneClusterImpl-a412b9f6-7d8b-4de3-a85c-9946bceaa3a0/ozone-metadata/datanode-8/data-0/hdds/a412b9f6-7d8b-4de3-a85c-9946bceaa3a0/DS-1ec53189-a8d9-456e-823c-b078e2857cda/container.db for volume DS-1ec53189-a8d9-456e-823c-b078e2857cda
2025-10-22 08:26:08,387 [ForkJoinPool-1-worker-1] INFO  ozoneimpl.OzoneContainer (HddsVolumeUtil.java:loadAllHddsVolumeDbStore(102)) - Load 1 volumes DbStore cost: 38ms
2025-10-22 08:26:08,388 [ForkJoinPool-1-worker-1] WARN  db.DBStoreBuilder (DBStoreBuilder.java:getDBDirPath(157)) - ozone.scm.datanode.id.dir is not configured. We recommend adding this setting. Falling back to ozone.metadata.dirs instead.
2025-10-22 08:26:08,389 [ForkJoinPool-1-worker-1] WARN  db.DBStoreBuilder (DBStoreBuilder.java:getDBDirPath(157)) - ozone.scm.datanode.id.dir is not configured. We recommend adding this setting. Falling back to ozone.metadata.dirs instead.
2025-10-22 08:26:08,401 [ForkJoinPool-1-worker-1] INFO  impl.FilePerChunkStrategy (FilePerChunkStrategy.java:<init>(79)) - ozone.chunk.read.mapped.buffer.max.count is load with 0
2025-10-22 08:26:08,401 [ForkJoinPool-1-worker-1] INFO  impl.FilePerBlockStrategy (FilePerBlockStrategy.java:<init>(88)) - ozone.chunk.read.mapped.buffer.max.count is load with 0
2025-10-22 08:26:08,402 [ForkJoinPool-1-worker-1] INFO  server.RaftServerConfigKeys (ConfUtils.java:logGet(62)) - raft.server.log.appender.buffer.byte-limit = 33554432 (custom)
2025-10-22 08:26:08,403 [ForkJoinPool-1-worker-1] INFO  grpc.GrpcConfigKeys (ConfUtils.java:logFallback(69)) - raft.grpc.admin.host = null (fallback to raft.grpc.server.host)
2025-10-22 08:26:08,404 [ForkJoinPool-1-worker-1] INFO  grpc.GrpcConfigKeys (ConfUtils.java:logGet(62)) - raft.grpc.admin.port = 15070 (custom)
2025-10-22 08:26:08,404 [ForkJoinPool-1-worker-1] INFO  grpc.GrpcConfigKeys (ConfUtils.java:logFallback(69)) - raft.grpc.client.host = null (fallback to raft.grpc.server.host)
2025-10-22 08:26:08,404 [ForkJoinPool-1-worker-1] INFO  grpc.GrpcConfigKeys (ConfUtils.java:logGet(62)) - raft.grpc.client.port = 15069 (custom)
2025-10-22 08:26:08,404 [ForkJoinPool-1-worker-1] INFO  grpc.GrpcConfigKeys (ConfUtils.java:logGet(62)) - raft.grpc.server.port = 15071 (custom)
2025-10-22 08:26:08,404 [ForkJoinPool-1-worker-1] INFO  server.GrpcServicesImpl (ConfUtils.java:logGet(62)) - raft.grpc.message.size.max = 34603008 (custom)
2025-10-22 08:26:08,404 [ForkJoinPool-1-worker-1] INFO  server.GrpcServicesImpl (ConfUtils.java:logGet(62)) - raft.grpc.flow.control.window = 5MB (=5242880) (custom)
2025-10-22 08:26:08,404 [ForkJoinPool-1-worker-1] INFO  server.RaftServerConfigKeys (ConfUtils.java:logGet(62)) - raft.server.log.appender.buffer.byte-limit = 33554432 (custom)
2025-10-22 08:26:08,407 [ForkJoinPool-1-worker-1] INFO  netty.NettyUtils (NettyUtils.java:newEventLoopGroup(74)) - Create EpollEventLoopGroup for 0cab5a7d-6f40-474c-9abd-0651cf30726e-NettyServerStreamRpc-bossGroup; Thread size is 0.
2025-10-22 08:26:08,408 [ForkJoinPool-1-worker-1] INFO  netty.NettyUtils (NettyUtils.java:newEventLoopGroup(74)) - Create EpollEventLoopGroup for 0cab5a7d-6f40-474c-9abd-0651cf30726e-NettyServerStreamRpc-workerGroup; Thread size is 0.
2025-10-22 08:26:08,408 [ForkJoinPool-1-worker-1] INFO  netty.NettyConfigKeys$DataStream (ConfUtils.java:logGet(62)) - raft.netty.dataStream.port = 15072 (custom)
2025-10-22 08:26:08,409 [ForkJoinPool-1-worker-1] INFO  server.RaftServerConfigKeys (ConfUtils.java:logGet(62)) - raft.server.storage.dir = [/home/runner/work/ozone/ozone/hadoop-ozone/integration-test/target/test-dir/MiniOzoneClusterImpl-a412b9f6-7d8b-4de3-a85c-9946bceaa3a0/ozone-metadata/datanode-8/ratis] (custom)
2025-10-22 08:26:08,409 [0cab5a7d-6f40-474c-9abd-0651cf30726e-NettyServerStreamRpc-bossGroup--thread1] INFO  logging.LoggingHandler (AbstractInternalLogger.java:log(148)) - [id: 0x442a919f] REGISTERED
2025-10-22 08:26:08,410 [0cab5a7d-6f40-474c-9abd-0651cf30726e-NettyServerStreamRpc-bossGroup--thread1] INFO  logging.LoggingHandler (AbstractInternalLogger.java:log(148)) - [id: 0x442a919f] BIND: 0.0.0.0/0.0.0.0:15072
2025-10-22 08:26:08,410 [0cab5a7d-6f40-474c-9abd-0651cf30726e-NettyServerStreamRpc-bossGroup--thread1] INFO  logging.LoggingHandler (AbstractInternalLogger.java:log(148)) - [id: 0x442a919f, L:/0.0.0.0:15072] ACTIVE
2025-10-22 08:26:08,409 [0cab5a7d-6f40-474c-9abd-0651cf30726e-impl-thread1] INFO  server.RaftServer (RaftServerProxy.java:initGroupDir(270)) - 0cab5a7d-6f40-474c-9abd-0651cf30726e: found a subdirectory /home/runner/work/ozone/ozone/hadoop-ozone/integration-test/target/test-dir/MiniOzoneClusterImpl-a412b9f6-7d8b-4de3-a85c-9946bceaa3a0/ozone-metadata/datanode-8/ratis/tmp
2025-10-22 08:26:08,411 [0cab5a7d-6f40-474c-9abd-0651cf30726e-impl-thread1] INFO  server.RaftServer (RaftServerProxy.java:initGroupDir(275)) - 0cab5a7d-6f40-474c-9abd-0651cf30726e: The directory /home/runner/work/ozone/ozone/hadoop-ozone/integration-test/target/test-dir/MiniOzoneClusterImpl-a412b9f6-7d8b-4de3-a85c-9946bceaa3a0/ozone-metadata/datanode-8/ratis/tmp is not a group directory; ignoring it. 
2025-10-22 08:26:08,411 [0cab5a7d-6f40-474c-9abd-0651cf30726e-impl-thread1] INFO  server.RaftServer (RaftServerProxy.java:initGroupDir(270)) - 0cab5a7d-6f40-474c-9abd-0651cf30726e: found a subdirectory /home/runner/work/ozone/ozone/hadoop-ozone/integration-test/target/test-dir/MiniOzoneClusterImpl-a412b9f6-7d8b-4de3-a85c-9946bceaa3a0/ozone-metadata/datanode-8/ratis/f4bcb322-ee1f-41bd-9c2f-ee76401c21d3
2025-10-22 08:26:08,411 [0cab5a7d-6f40-474c-9abd-0651cf30726e-impl-thread1] INFO  server.RaftServer (RaftServerProxy.java:addNew(105)) - 0cab5a7d-6f40-474c-9abd-0651cf30726e: addNew group-EE76401C21D3:[] returns group-EE76401C21D3:java.util.concurrent.CompletableFuture@374b334e[Not completed]
2025-10-22 08:26:08,411 [0cab5a7d-6f40-474c-9abd-0651cf30726e-impl-thread1] INFO  server.RaftServer (RaftServerProxy.java:initGroupDir(270)) - 0cab5a7d-6f40-474c-9abd-0651cf30726e: found a subdirectory /home/runner/work/ozone/ozone/hadoop-ozone/integration-test/target/test-dir/MiniOzoneClusterImpl-a412b9f6-7d8b-4de3-a85c-9946bceaa3a0/ozone-metadata/datanode-8/ratis/967bd5c3-d4b6-4c7a-afa3-45121e95117a
2025-10-22 08:26:08,411 [0cab5a7d-6f40-474c-9abd-0651cf30726e-impl-thread1] INFO  server.RaftServer (RaftServerProxy.java:addNew(105)) - 0cab5a7d-6f40-474c-9abd-0651cf30726e: addNew group-45121E95117A:[] returns group-45121E95117A:java.util.concurrent.CompletableFuture@414c04f4[Not completed]
2025-10-22 08:26:08,411 [0cab5a7d-6f40-474c-9abd-0651cf30726e-impl-thread1] INFO  server.RaftServer (RaftServerProxy.java:initGroupDir(270)) - 0cab5a7d-6f40-474c-9abd-0651cf30726e: found a subdirectory /home/runner/work/ozone/ozone/hadoop-ozone/integration-test/target/test-dir/MiniOzoneClusterImpl-a412b9f6-7d8b-4de3-a85c-9946bceaa3a0/ozone-metadata/datanode-8/ratis/daae6601-de49-4157-b371-e8adafc04a7a
2025-10-22 08:26:08,411 [0cab5a7d-6f40-474c-9abd-0651cf30726e-impl-thread1] INFO  server.RaftServer (RaftServerProxy.java:addNew(105)) - 0cab5a7d-6f40-474c-9abd-0651cf30726e: addNew group-E8ADAFC04A7A:[] returns group-E8ADAFC04A7A:java.util.concurrent.CompletableFuture@6362039[Not completed]
2025-10-22 08:26:08,413 [0cab5a7d-6f40-474c-9abd-0651cf30726e-groupManagement] INFO  server.RaftServer$Division (RaftServerImpl.java:<init>(268)) - 0cab5a7d-6f40-474c-9abd-0651cf30726e: new RaftServerImpl for group-EE76401C21D3:[] with ContainerStateMachine:uninitialized
2025-10-22 08:26:08,413 [0cab5a7d-6f40-474c-9abd-0651cf30726e-groupManagement] INFO  server.RaftServer$Division (ServerState.java:<init>(114)) - 0cab5a7d-6f40-474c-9abd-0651cf30726e@group-EE76401C21D3: ConfigurationManager, init=conf: {index: -1, cur=peers:[]|listeners:[], old=null}, confs=<EMPTY_MAP>
2025-10-22 08:26:08,414 [ForkJoinPool-1-worker-1] INFO  replication.ReplicationServer (ReplicationServer.java:<init>(84)) - Initializing replication server with thread count = 10 queue length = 4096
2025-10-22 08:26:08,415 [ForkJoinPool-1-worker-1] INFO  server.XceiverServerGrpc (XceiverServerGrpc.java:<init>(129)) - GrpcServer channel type EpollServerSocketChannel
2025-10-22 08:26:08,417 [ForkJoinPool-1-worker-1] INFO  replication.ReplicationSupervisor (ReplicationSupervisor.java:build(169)) - Initializing replication supervisor with thread count = 10
2025-10-22 08:26:08,417 [ForkJoinPool-1-worker-1] INFO  replication.ReplicationSupervisor (ReplicationSupervisor.java:nodeStateUpdated(358)) - Node state updated to IN_SERVICE, scaling executor pool size to 10
2025-10-22 08:26:08,418 [0cab5a7d-6f40-474c-9abd-0651cf30726e-groupManagement] INFO  server.RaftServer$Division (RaftServerImpl.java:<init>(268)) - 0cab5a7d-6f40-474c-9abd-0651cf30726e: new RaftServerImpl for group-45121E95117A:[] with ContainerStateMachine:uninitialized
2025-10-22 08:26:08,418 [0cab5a7d-6f40-474c-9abd-0651cf30726e-groupManagement] INFO  server.RaftServer$Division (ServerState.java:<init>(114)) - 0cab5a7d-6f40-474c-9abd-0651cf30726e@group-45121E95117A: ConfigurationManager, init=conf: {index: -1, cur=peers:[]|listeners:[], old=null}, confs=<EMPTY_MAP>
2025-10-22 08:26:08,424 [ForkJoinPool-1-worker-1] INFO  http.BaseHttpServer (BaseHttpServer.java:newHttpServer2BuilderForOzone(227)) - Starting Web-server for hddsDatanode at: http://0.0.0.0:15066
2025-10-22 08:26:08,425 [ForkJoinPool-1-worker-1] INFO  http.BaseHttpServer (BaseHttpServer.java:<init>(105)) - Hadoop Security Enabled: false Ozone Security Enabled: false Ozone HTTP Security Enabled: false 
2025-10-22 08:26:08,425 [0cab5a7d-6f40-474c-9abd-0651cf30726e-groupManagement] INFO  server.RaftServer$Division (RaftServerImpl.java:<init>(268)) - 0cab5a7d-6f40-474c-9abd-0651cf30726e: new RaftServerImpl for group-E8ADAFC04A7A:[] with ContainerStateMachine:uninitialized
2025-10-22 08:26:08,426 [0cab5a7d-6f40-474c-9abd-0651cf30726e-groupManagement] INFO  server.RaftServer$Division (ServerState.java:<init>(114)) - 0cab5a7d-6f40-474c-9abd-0651cf30726e@group-E8ADAFC04A7A: ConfigurationManager, init=conf: {index: -1, cur=peers:[]|listeners:[], old=null}, confs=<EMPTY_MAP>
2025-10-22 08:26:08,426 [ForkJoinPool-1-worker-1] WARN  server.AuthenticationFilter (AuthenticationFilter.java:constructSecretProvider(240)) - Unable to initialize FileSignerSecretProvider, falling back to use random secrets. Reason: Could not read signature secret file: /home/runner/hadoop-http-auth-signature-secret
2025-10-22 08:26:08,431 [ForkJoinPool-1-worker-1] INFO  http.HttpServer2 (HttpServer2.java:addGlobalFilter(1040)) - Added global filter 'safety' (class=org.apache.hadoop.hdds.server.http.HttpServer2$QuotingInputFilter)
2025-10-22 08:26:08,432 [ForkJoinPool-1-worker-1] INFO  http.HttpServer2 (HttpServer2.java:addFilter(1016)) - Added filter static_user_filter (class=org.apache.hadoop.http.lib.StaticUserWebFilter$StaticUserFilter) to context hddsDatanode
2025-10-22 08:26:08,432 [ForkJoinPool-1-worker-1] INFO  http.HttpServer2 (HttpServer2.java:addFilter(1024)) - Added filter static_user_filter (class=org.apache.hadoop.http.lib.StaticUserWebFilter$StaticUserFilter) to context static
2025-10-22 08:26:08,432 [ForkJoinPool-1-worker-1] INFO  http.HttpServer2 (HttpServer2.java:addFilter(1024)) - Added filter static_user_filter (class=org.apache.hadoop.http.lib.StaticUserWebFilter$StaticUserFilter) to context logs
2025-10-22 08:26:08,433 [ForkJoinPool-1-worker-1] INFO  http.BaseHttpServer (BaseHttpServer.java:<init>(193)) - HTTP server of hddsDatanode uses base directory /home/runner/work/ozone/ozone/hadoop-ozone/integration-test/target/test-dir/MiniOzoneClusterImpl-a412b9f6-7d8b-4de3-a85c-9946bceaa3a0/scm/ozone-metadata/webserver
2025-10-22 08:26:08,433 [ForkJoinPool-1-worker-1] INFO  http.HttpServer2 (HttpServer2.java:bindListener(1240)) - Jetty bound to port 15066
2025-10-22 08:26:08,433 [ForkJoinPool-1-worker-1] INFO  server.Server (Server.java:doStart(375)) - jetty-9.4.58.v20250814; built: 2025-08-14T02:28:49.637Z; git: 8f1440587e9e4ae7db3d74cf205643f3d707148d; jvm 21.0.8+9-LTS
2025-10-22 08:26:08,437 [ForkJoinPool-1-worker-1] INFO  server.session (DefaultSessionIdManager.java:doStart(334)) - DefaultSessionIdManager workerName=node0
2025-10-22 08:26:08,437 [ForkJoinPool-1-worker-1] INFO  server.session (DefaultSessionIdManager.java:doStart(339)) - No SessionScavenger set, using defaults
2025-10-22 08:26:08,437 [ForkJoinPool-1-worker-1] INFO  server.session (HouseKeeper.java:startScavenging(132)) - node0 Scavenging every 600000ms
2025-10-22 08:26:08,438 [ForkJoinPool-1-worker-1] INFO  handler.ContextHandler (ContextHandler.java:doStart(921)) - Started o.e.j.s.ServletContextHandler@492fe28{logs,/logs,file:///home/runner/work/ozone/ozone/hadoop-ozone/integration-test/target/log,AVAILABLE}
2025-10-22 08:26:08,439 [ForkJoinPool-1-worker-1] INFO  handler.ContextHandler (ContextHandler.java:doStart(921)) - Started o.e.j.s.ServletContextHandler@372f47cb{static,/static,jar:file:/home/runner/work/ozone/ozone/hadoop-hdds/container-service/target/hdds-container-service-2.1.0-SNAPSHOT.jar!/webapps/static,AVAILABLE}
2025-10-22 08:26:08,628 [ForkJoinPool-1-worker-1] INFO  handler.ContextHandler (ContextHandler.java:doStart(921)) - Started o.e.j.w.WebAppContext@23492a07{hddsDatanode,/,file:///home/runner/work/ozone/ozone/hadoop-ozone/integration-test/target/test-dir/MiniOzoneClusterImpl-a412b9f6-7d8b-4de3-a85c-9946bceaa3a0/scm/ozone-metadata/webserver/jetty-0_0_0_0-15066-hdds-container-service-2_1_0-SNAPSHOT_jar-_-any-10383971624924418286/webapp/,AVAILABLE}{jar:file:/home/runner/work/ozone/ozone/hadoop-hdds/container-service/target/hdds-container-service-2.1.0-SNAPSHOT.jar!/webapps/hddsDatanode}
2025-10-22 08:26:08,629 [ForkJoinPool-1-worker-1] INFO  server.AbstractConnector (AbstractConnector.java:doStart(333)) - Started ServerConnector@4f34bbdf{HTTP/1.1, (http/1.1)}{0.0.0.0:15066}
2025-10-22 08:26:08,629 [ForkJoinPool-1-worker-1] INFO  server.Server (Server.java:doStart(415)) - Started @160226ms
2025-10-22 08:26:08,629 [ForkJoinPool-1-worker-1] WARN  impl.MetricsSystemImpl (MetricsSystemImpl.java:register(279)) - Sink prometheus already exists!
2025-10-22 08:26:08,629 [ForkJoinPool-1-worker-1] INFO  http.BaseHttpServer (BaseHttpServer.java:updateConnectorAddress(357)) - HTTP server of hddsDatanode listening at http://localhost:15066
2025-10-22 08:26:08,630 [ForkJoinPool-1-worker-1] INFO  ipc.CallQueueManager (CallQueueManager.java:<init>(93)) - Using callQueue: class java.util.concurrent.LinkedBlockingQueue, queueCapacity: 1000, scheduler: class org.apache.hadoop.ipc.DefaultRpcScheduler, ipcBackoff: false, ipcFailOver: false.
2025-10-22 08:26:08,630 [ForkJoinPool-1-worker-1] INFO  ipc.Server (Server.java:<init>(1438)) - Listener at 0.0.0.0:15067
2025-10-22 08:26:08,630 [Socket Reader #1 for port 15067] INFO  ipc.Server (Server.java:run(1474)) - Starting Socket Reader #1 for port 15067
2025-10-22 08:26:08,630 [Socket Reader #2 for port 15067] INFO  ipc.Server (Server.java:run(1474)) - Starting Socket Reader #2 for port 15067
2025-10-22 08:26:08,631 [Socket Reader #3 for port 15067] INFO  ipc.Server (Server.java:run(1474)) - Starting Socket Reader #3 for port 15067
2025-10-22 08:26:08,631 [Socket Reader #4 for port 15067] INFO  ipc.Server (Server.java:run(1474)) - Starting Socket Reader #4 for port 15067
2025-10-22 08:26:08,631 [Socket Reader #5 for port 15067] INFO  ipc.Server (Server.java:run(1474)) - Starting Socket Reader #5 for port 15067
2025-10-22 08:26:08,631 [Socket Reader #6 for port 15067] INFO  ipc.Server (Server.java:run(1474)) - Starting Socket Reader #6 for port 15067
2025-10-22 08:26:08,631 [Socket Reader #7 for port 15067] INFO  ipc.Server (Server.java:run(1474)) - Starting Socket Reader #7 for port 15067
2025-10-22 08:26:08,631 [Socket Reader #8 for port 15067] INFO  ipc.Server (Server.java:run(1474)) - Starting Socket Reader #8 for port 15067
2025-10-22 08:26:08,632 [Socket Reader #9 for port 15067] INFO  ipc.Server (Server.java:run(1474)) - Starting Socket Reader #9 for port 15067
2025-10-22 08:26:08,632 [Socket Reader #10 for port 15067] INFO  ipc.Server (Server.java:run(1474)) - Starting Socket Reader #10 for port 15067
2025-10-22 08:26:08,633 [ForkJoinPool-1-worker-1] INFO  ozone.HddsDatanodeService (HddsDatanodeService.java:start(333)) - Datanode start with admins: [admin, runner]
2025-10-22 08:26:08,633 [ForkJoinPool-1-worker-1] INFO  ozone.HddsDatanodeClientProtocolServer (HddsDatanodeClientProtocolServer.java:start(76)) - RPC server for Client /0.0.0.0:15067
2025-10-22 08:26:08,634 [IPC Server Responder] INFO  ipc.Server (Server.java:run(1713)) - IPC Server Responder: starting
2025-10-22 08:26:08,634 [IPC Server listener on 15067] INFO  ipc.Server (Server.java:run(1553)) - IPC Server listener on 15067: starting
2025-10-22 08:26:08,635 [ForkJoinPool-1-worker-1] INFO  ozone.MiniOzoneClusterImpl (MiniOzoneClusterImpl.java:lambda$waitForClusterToBeReady$0(181)) - Nodes are ready. Got 10 of 10 DN Heartbeats.
2025-10-22 08:26:08,635 [ForkJoinPool-1-worker-1] INFO  ozone.MiniOzoneClusterImpl (MiniOzoneClusterImpl.java:lambda$waitForClusterToBeReady$0(184)) - Cluster exits safe mode
2025-10-22 08:26:08,635 [ForkJoinPool-1-worker-1] INFO  ozone.MiniOzoneClusterImpl (MiniOzoneClusterImpl.java:lambda$waitForClusterToBeReady$0(186)) - SCM became leader
2025-10-22 08:26:08,636 [0cab5a7d-6f40-474c-9abd-0651cf30726e-DatanodeStateMachineDaemonThread] INFO  statemachine.DatanodeStateMachine (DatanodeStateMachine.java:startStateMachineThread(363)) - Ozone container server started.
2025-10-22 08:26:08,640 [0cab5a7d-6f40-474c-9abd-0651cf30726e-DatanodeStateMachineTaskThread-0] INFO  datanode.InitDatanodeState (InitDatanodeState.java:persistContainerDatanodeDetails(139)) - DatanodeDetails is persisted to /home/runner/work/ozone/ozone/hadoop-ozone/integration-test/target/test-dir/MiniOzoneClusterImpl-a412b9f6-7d8b-4de3-a85c-9946bceaa3a0/ozone-metadata/datanode-8/ozone-metadata/datanode.id
2025-10-22 08:26:08,690 [ForkJoinPool-1-worker-1] INFO  ozoneimpl.OzoneContainer (OzoneContainer.java:stop(568)) - Attempting to stop container services.
2025-10-22 08:26:08,690 [ContainerMetadataScanner] WARN  ozoneimpl.AbstractBackgroundContainerScanner (AbstractBackgroundContainerScanner.java:handleRemainingSleep(136)) - Background container scan was interrupted.
2025-10-22 08:26:08,690 [ContainerMetadataScanner] INFO  ozoneimpl.AbstractBackgroundContainerScanner (AbstractBackgroundContainerScanner.java:run(63)) - org.apache.hadoop.ozone.container.ozoneimpl.BackgroundContainerMetadataScanner@3d663f35 exiting.
2025-10-22 08:26:08,690 [ForkJoinPool-1-worker-1] INFO  ozoneimpl.BackgroundContainerDataScanner (BackgroundContainerDataScanner.java:shutdown(87)) - ContainerDataScanner(/home/runner/work/ozone/ozone/hadoop-ozone/integration-test/target/test-dir/MiniOzoneClusterImpl-a412b9f6-7d8b-4de3-a85c-9946bceaa3a0/ozone-metadata/datanode-2/data-0/hdds) is shutting down. 
2025-10-22 08:26:08,691 [ContainerDataScanner(/home/runner/work/ozone/ozone/hadoop-ozone/integration-test/target/test-dir/MiniOzoneClusterImpl-a412b9f6-7d8b-4de3-a85c-9946bceaa3a0/ozone-metadata/datanode-2/data-0/hdds)] WARN  ozoneimpl.AbstractBackgroundContainerScanner (AbstractBackgroundContainerScanner.java:handleRemainingSleep(136)) - Background container scan was interrupted.
2025-10-22 08:26:08,691 [ContainerDataScanner(/home/runner/work/ozone/ozone/hadoop-ozone/integration-test/target/test-dir/MiniOzoneClusterImpl-a412b9f6-7d8b-4de3-a85c-9946bceaa3a0/ozone-metadata/datanode-2/data-0/hdds)] INFO  ozoneimpl.AbstractBackgroundContainerScanner (AbstractBackgroundContainerScanner.java:run(63)) - ContainerDataScanner(/home/runner/work/ozone/ozone/hadoop-ozone/integration-test/target/test-dir/MiniOzoneClusterImpl-a412b9f6-7d8b-4de3-a85c-9946bceaa3a0/ozone-metadata/datanode-2/data-0/hdds, DS-4aaa098a-486e-4441-80f0-7688bb8bbdde) exiting.
2025-10-22 08:26:08,691 [ForkJoinPool-1-worker-1] INFO  ozoneimpl.OnDemandContainerScanner (OnDemandContainerScanner.java:shutdown(141)) - On-demand container scanner is shutting down.
2025-10-22 08:26:08,691 [ForkJoinPool-1-worker-1] INFO  ratis.XceiverServerRatis (XceiverServerRatis.java:stop(594)) - Closing XceiverServerRatis(4d8a2798-959e-416b-b534-19c13b55a760)
2025-10-22 08:26:08,691 [ForkJoinPool-1-worker-1] INFO  server.RaftServer (RaftServerProxy.java:lambda$close$9(422)) - 4d8a2798-959e-416b-b534-19c13b55a760: close
2025-10-22 08:26:08,692 [4d8a2798-959e-416b-b534-19c13b55a760-impl-thread4] INFO  server.RaftServer$Division (RaftServerImpl.java:lambda$close$1(527)) - 4d8a2798-959e-416b-b534-19c13b55a760@group-C080F8B16968: shutdown
2025-10-22 08:26:08,692 [4d8a2798-959e-416b-b534-19c13b55a760-impl-thread4] INFO  util.JmxRegister (JmxRegister.java:unregister(74)) - Successfully un-registered JMX Bean with object name Ratis:service=RaftServer,group=group-C080F8B16968,id=4d8a2798-959e-416b-b534-19c13b55a760
2025-10-22 08:26:08,692 [4d8a2798-959e-416b-b534-19c13b55a760-impl-thread4] INFO  impl.RoleInfo (RoleInfo.java:shutdownLeaderState(103)) - 4d8a2798-959e-416b-b534-19c13b55a760: shutdown 4d8a2798-959e-416b-b534-19c13b55a760@group-C080F8B16968-LeaderStateImpl
2025-10-22 08:26:08,692 [4d8a2798-959e-416b-b534-19c13b55a760-impl-thread4] INFO  impl.PendingRequests (PendingRequests.java:sendNotLeaderResponses(287)) - 4d8a2798-959e-416b-b534-19c13b55a760@group-C080F8B16968-PendingRequests: sendNotLeaderResponses
2025-10-22 08:26:08,692 [4d8a2798-959e-416b-b534-19c13b55a760-impl-thread6] INFO  server.RaftServer$Division (RaftServerImpl.java:lambda$close$1(527)) - 4d8a2798-959e-416b-b534-19c13b55a760@group-C626CE820278: shutdown
2025-10-22 08:26:08,692 [ForkJoinPool-1-worker-1] INFO  server.GrpcServicesImpl (GrpcServicesImpl.java:closeImpl(355)) - 4d8a2798-959e-416b-b534-19c13b55a760: shutdown server org.apache.ratis.grpc.server.GrpcClientProtocolService now
2025-10-22 08:26:08,692 [4d8a2798-959e-416b-b534-19c13b55a760-impl-thread5] INFO  server.RaftServer$Division (RaftServerImpl.java:lambda$close$1(527)) - 4d8a2798-959e-416b-b534-19c13b55a760@group-5E2F154B5BDB: shutdown
2025-10-22 08:26:08,692 [4d8a2798-959e-416b-b534-19c13b55a760-impl-thread5] INFO  util.JmxRegister (JmxRegister.java:unregister(74)) - Successfully un-registered JMX Bean with object name Ratis:service=RaftServer,group=group-5E2F154B5BDB,id=4d8a2798-959e-416b-b534-19c13b55a760
2025-10-22 08:26:08,692 [4d8a2798-959e-416b-b534-19c13b55a760-impl-thread5] INFO  impl.RoleInfo (RoleInfo.java:shutdownFollowerState(121)) - 4d8a2798-959e-416b-b534-19c13b55a760: shutdown 4d8a2798-959e-416b-b534-19c13b55a760@group-5E2F154B5BDB-FollowerState
2025-10-22 08:26:08,693 [4d8a2798-959e-416b-b534-19c13b55a760-impl-thread5] INFO  impl.StateMachineUpdater (StateMachineUpdater.java:stopAndJoin(163)) - 4d8a2798-959e-416b-b534-19c13b55a760@group-5E2F154B5BDB-StateMachineUpdater: set stopIndex = 6
2025-10-22 08:26:08,692 [4d8a2798-959e-416b-b534-19c13b55a760-impl-thread6] INFO  util.JmxRegister (JmxRegister.java:unregister(74)) - Successfully un-registered JMX Bean with object name Ratis:service=RaftServer,group=group-C626CE820278,id=4d8a2798-959e-416b-b534-19c13b55a760
2025-10-22 08:26:08,693 [4d8a2798-959e-416b-b534-19c13b55a760-impl-thread6] INFO  impl.RoleInfo (RoleInfo.java:shutdownFollowerState(121)) - 4d8a2798-959e-416b-b534-19c13b55a760: shutdown 4d8a2798-959e-416b-b534-19c13b55a760@group-C626CE820278-FollowerState
2025-10-22 08:26:08,693 [4d8a2798-959e-416b-b534-19c13b55a760-impl-thread6] INFO  impl.StateMachineUpdater (StateMachineUpdater.java:stopAndJoin(163)) - 4d8a2798-959e-416b-b534-19c13b55a760@group-C626CE820278-StateMachineUpdater: set stopIndex = 6
2025-10-22 08:26:08,693 [4d8a2798-959e-416b-b534-19c13b55a760@group-5E2F154B5BDB-StateMachineUpdater] INFO  ratis.ContainerStateMachine (ContainerStateMachine.java:takeSnapshot(427)) - group-5E2F154B5BDB: Taking a snapshot at:(t:3, i:6) file /home/runner/work/ozone/ozone/hadoop-ozone/integration-test/target/test-dir/MiniOzoneClusterImpl-a412b9f6-7d8b-4de3-a85c-9946bceaa3a0/ozone-metadata/datanode-2/ratis/991bfa6b-f7e5-4a03-b9a5-5e2f154b5bdb/sm/snapshot.3_6
2025-10-22 08:26:08,693 [4d8a2798-959e-416b-b534-19c13b55a760@group-C626CE820278-StateMachineUpdater] INFO  ratis.ContainerStateMachine (ContainerStateMachine.java:takeSnapshot(427)) - group-C626CE820278: Taking a snapshot at:(t:2, i:6) file /home/runner/work/ozone/ozone/hadoop-ozone/integration-test/target/test-dir/MiniOzoneClusterImpl-a412b9f6-7d8b-4de3-a85c-9946bceaa3a0/ozone-metadata/datanode-2/ratis/28d7a56f-ff21-46bd-bc35-c626ce820278/sm/snapshot.2_6
2025-10-22 08:26:08,693 [4d8a2798-959e-416b-b534-19c13b55a760@group-C626CE820278-FollowerState] INFO  impl.FollowerState (FollowerState.java:runImpl(170)) - 4d8a2798-959e-416b-b534-19c13b55a760@group-C626CE820278-FollowerState was interrupted
2025-10-22 08:26:08,694 [4d8a2798-959e-416b-b534-19c13b55a760-impl-thread4] INFO  impl.StateMachineUpdater (StateMachineUpdater.java:stopAndJoin(163)) - 4d8a2798-959e-416b-b534-19c13b55a760@group-C080F8B16968-StateMachineUpdater: set stopIndex = 4
2025-10-22 08:26:08,694 [4d8a2798-959e-416b-b534-19c13b55a760@group-C080F8B16968-StateMachineUpdater] INFO  ratis.ContainerStateMachine (ContainerStateMachine.java:takeSnapshot(427)) - group-C080F8B16968: Taking a snapshot at:(t:3, i:4) file /home/runner/work/ozone/ozone/hadoop-ozone/integration-test/target/test-dir/MiniOzoneClusterImpl-a412b9f6-7d8b-4de3-a85c-9946bceaa3a0/ozone-metadata/datanode-2/ratis/0ab6beb1-ecd4-4a22-8092-c080f8b16968/sm/snapshot.3_4
2025-10-22 08:26:08,695 [4d8a2798-959e-416b-b534-19c13b55a760@group-5E2F154B5BDB-FollowerState] INFO  impl.FollowerState (FollowerState.java:runImpl(170)) - 4d8a2798-959e-416b-b534-19c13b55a760@group-5E2F154B5BDB-FollowerState was interrupted
2025-10-22 08:26:08,695 [4d8a2798-959e-416b-b534-19c13b55a760@group-C626CE820278-StateMachineUpdater] INFO  ratis.ContainerStateMachine (ContainerStateMachine.java:takeSnapshot(436)) - group-C626CE820278: Finished taking a snapshot at:(t:2, i:6) file:/home/runner/work/ozone/ozone/hadoop-ozone/integration-test/target/test-dir/MiniOzoneClusterImpl-a412b9f6-7d8b-4de3-a85c-9946bceaa3a0/ozone-metadata/datanode-2/ratis/28d7a56f-ff21-46bd-bc35-c626ce820278/sm/snapshot.2_6 took: 2 ms
2025-10-22 08:26:08,695 [4d8a2798-959e-416b-b534-19c13b55a760@group-C626CE820278-StateMachineUpdater] INFO  impl.StateMachineUpdater (StateMachineUpdater.java:takeSnapshot(307)) - 4d8a2798-959e-416b-b534-19c13b55a760@group-C626CE820278-StateMachineUpdater: Took a snapshot at index 6
2025-10-22 08:26:08,695 [4d8a2798-959e-416b-b534-19c13b55a760@group-5E2F154B5BDB-StateMachineUpdater] INFO  ratis.ContainerStateMachine (ContainerStateMachine.java:takeSnapshot(436)) - group-5E2F154B5BDB: Finished taking a snapshot at:(t:3, i:6) file:/home/runner/work/ozone/ozone/hadoop-ozone/integration-test/target/test-dir/MiniOzoneClusterImpl-a412b9f6-7d8b-4de3-a85c-9946bceaa3a0/ozone-metadata/datanode-2/ratis/991bfa6b-f7e5-4a03-b9a5-5e2f154b5bdb/sm/snapshot.3_6 took: 3 ms
2025-10-22 08:26:08,696 [Thread-2561] INFO  server.GrpcServerProtocolClient (GrpcServerProtocolClient.java:close(105)) - 1c036820-4dbe-4abe-80fb-5ca88de5e2f0 Close channels
2025-10-22 08:26:08,695 [4d8a2798-959e-416b-b534-19c13b55a760@group-C080F8B16968-StateMachineUpdater] INFO  ratis.ContainerStateMachine (ContainerStateMachine.java:takeSnapshot(436)) - group-C080F8B16968: Finished taking a snapshot at:(t:3, i:4) file:/home/runner/work/ozone/ozone/hadoop-ozone/integration-test/target/test-dir/MiniOzoneClusterImpl-a412b9f6-7d8b-4de3-a85c-9946bceaa3a0/ozone-metadata/datanode-2/ratis/0ab6beb1-ecd4-4a22-8092-c080f8b16968/sm/snapshot.3_4 took: 1 ms
2025-10-22 08:26:08,696 [4d8a2798-959e-416b-b534-19c13b55a760@group-C626CE820278-StateMachineUpdater] INFO  impl.StateMachineUpdater (StateMachineUpdater.java:lambda$new$0(101)) - 4d8a2798-959e-416b-b534-19c13b55a760@group-C626CE820278-StateMachineUpdater: snapshotIndex: updateIncreasingly 2 -> 6
2025-10-22 08:26:08,696 [4d8a2798-959e-416b-b534-19c13b55a760@group-C080F8B16968-StateMachineUpdater] INFO  impl.StateMachineUpdater (StateMachineUpdater.java:takeSnapshot(307)) - 4d8a2798-959e-416b-b534-19c13b55a760@group-C080F8B16968-StateMachineUpdater: Took a snapshot at index 4
2025-10-22 08:26:08,696 [4d8a2798-959e-416b-b534-19c13b55a760@group-C080F8B16968-StateMachineUpdater] INFO  impl.StateMachineUpdater (StateMachineUpdater.java:lambda$new$0(101)) - 4d8a2798-959e-416b-b534-19c13b55a760@group-C080F8B16968-StateMachineUpdater: snapshotIndex: updateIncreasingly 2 -> 4
2025-10-22 08:26:08,696 [4d8a2798-959e-416b-b534-19c13b55a760@group-C080F8B16968-StateMachineUpdater] INFO  impl.StateMachineUpdater (StateMachineUpdater.java:stop(140)) - 4d8a2798-959e-416b-b534-19c13b55a760@group-C080F8B16968-StateMachineUpdater: closing ContainerStateMachine, lastApplied=(t:3, i:4)
2025-10-22 08:26:08,697 [Thread-2562] INFO  server.GrpcServerProtocolClient (GrpcServerProtocolClient.java:close(105)) - 40df8fc4-149d-40c0-897d-2844034d8141 Close channels
2025-10-22 08:26:08,697 [4d8a2798-959e-416b-b534-19c13b55a760@group-C626CE820278-StateMachineUpdater] INFO  impl.StateMachineUpdater (StateMachineUpdater.java:stop(140)) - 4d8a2798-959e-416b-b534-19c13b55a760@group-C626CE820278-StateMachineUpdater: closing ContainerStateMachine, lastApplied=(t:2, i:6)
2025-10-22 08:26:08,696 [4d8a2798-959e-416b-b534-19c13b55a760@group-5E2F154B5BDB-StateMachineUpdater] INFO  impl.StateMachineUpdater (StateMachineUpdater.java:takeSnapshot(307)) - 4d8a2798-959e-416b-b534-19c13b55a760@group-5E2F154B5BDB-StateMachineUpdater: Took a snapshot at index 6
2025-10-22 08:26:08,697 [ForkJoinPool-1-worker-1] INFO  server.GrpcServicesImpl (GrpcServicesImpl.java:closeImpl(364)) - 4d8a2798-959e-416b-b534-19c13b55a760: shutdown server org.apache.ratis.grpc.server.GrpcClientProtocolService successfully
2025-10-22 08:26:08,697 [ForkJoinPool-1-worker-1] INFO  server.GrpcServicesImpl (GrpcServicesImpl.java:closeImpl(355)) - 4d8a2798-959e-416b-b534-19c13b55a760: shutdown server GrpcServerProtocolService now
2025-10-22 08:26:08,697 [4d8a2798-959e-416b-b534-19c13b55a760@group-C080F8B16968-cacheEviction-AwaitToRun] INFO  util.AwaitToRun (AwaitToRun.java:run(49)) - 4d8a2798-959e-416b-b534-19c13b55a760@group-C080F8B16968-cacheEviction-AwaitToRun-AwaitForSignal is interrupted
2025-10-22 08:26:08,698 [4d8a2798-959e-416b-b534-19c13b55a760@group-C626CE820278-cacheEviction-AwaitToRun] INFO  util.AwaitToRun (AwaitToRun.java:run(49)) - 4d8a2798-959e-416b-b534-19c13b55a760@group-C626CE820278-cacheEviction-AwaitToRun-AwaitForSignal is interrupted
2025-10-22 08:26:08,698 [4d8a2798-959e-416b-b534-19c13b55a760@group-5E2F154B5BDB-StateMachineUpdater] INFO  impl.StateMachineUpdater (StateMachineUpdater.java:lambda$new$0(101)) - 4d8a2798-959e-416b-b534-19c13b55a760@group-5E2F154B5BDB-StateMachineUpdater: snapshotIndex: updateIncreasingly 2 -> 6
2025-10-22 08:26:08,698 [4d8a2798-959e-416b-b534-19c13b55a760@group-5E2F154B5BDB-StateMachineUpdater] INFO  impl.StateMachineUpdater (StateMachineUpdater.java:stop(140)) - 4d8a2798-959e-416b-b534-19c13b55a760@group-5E2F154B5BDB-StateMachineUpdater: closing ContainerStateMachine, lastApplied=(t:3, i:6)
2025-10-22 08:26:08,698 [grpc-default-executor-8] WARN  server.GrpcServerProtocolService (LogUtils.java:warn(127)) - 4d8a2798-959e-416b-b534-19c13b55a760: APPEND_ENTRIES onError, lastRequest: 1c036820-4dbe-4abe-80fb-5ca88de5e2f0->4d8a2798-959e-416b-b534-19c13b55a760#111-t3,previous=(t:3, i:7),leaderCommit=6,initializing? false,entries: size=1, first=(t:3, i:8), METADATAENTRY(c:6): org.apache.ratis.thirdparty.io.grpc.StatusRuntimeException: CANCELLED: client cancelled
2025-10-22 08:26:08,699 [grpc-default-executor-5] WARN  server.GrpcServerProtocolService (LogUtils.java:warn(127)) - 4d8a2798-959e-416b-b534-19c13b55a760: APPEND_ENTRIES onError, lastRequest: null: org.apache.ratis.thirdparty.io.grpc.StatusRuntimeException: CANCELLED: client cancelled
2025-10-22 08:26:08,699 [grpc-default-executor-2] WARN  server.GrpcLogAppender (LogUtils.java:warn(127)) - 1c036820-4dbe-4abe-80fb-5ca88de5e2f0@group-5E2F154B5BDB->4d8a2798-959e-416b-b534-19c13b55a760-AppendLogResponseHandler: Failed appendEntries: org.apache.ratis.thirdparty.io.grpc.StatusRuntimeException: CANCELLED: RST_STREAM closed stream. HTTP/2 error code: CANCEL
2025-10-22 08:26:08,699 [4d8a2798-959e-416b-b534-19c13b55a760@group-5E2F154B5BDB-cacheEviction-AwaitToRun] INFO  util.AwaitToRun (AwaitToRun.java:run(49)) - 4d8a2798-959e-416b-b534-19c13b55a760@group-5E2F154B5BDB-cacheEviction-AwaitToRun-AwaitForSignal is interrupted
2025-10-22 08:26:08,699 [ForkJoinPool-1-worker-1] INFO  server.GrpcServicesImpl (GrpcServicesImpl.java:closeImpl(364)) - 4d8a2798-959e-416b-b534-19c13b55a760: shutdown server GrpcServerProtocolService successfully
2025-10-22 08:26:08,699 [ForkJoinPool-1-worker-1] INFO  server.GrpcServicesImpl (GrpcServicesImpl.java:closeImpl(355)) - 4d8a2798-959e-416b-b534-19c13b55a760: shutdown server org.apache.ratis.grpc.server.GrpcAdminProtocolService now
2025-10-22 08:26:08,699 [grpc-default-executor-2] WARN  server.GrpcLogAppender (GrpcLogAppender.java:lambda$resetClient$1(228)) - 1c036820-4dbe-4abe-80fb-5ca88de5e2f0@group-5E2F154B5BDB->4d8a2798-959e-416b-b534-19c13b55a760-GrpcLogAppender: Follower failed (request=null, errorCount=1); keep nextIndex (9) unchanged and retry.
2025-10-22 08:26:08,700 [grpc-default-executor-3] WARN  server.GrpcServerProtocolService (LogUtils.java:warn(127)) - 4d8a2798-959e-416b-b534-19c13b55a760: APPEND_ENTRIES onError, lastRequest: 40df8fc4-149d-40c0-897d-2844034d8141->4d8a2798-959e-416b-b534-19c13b55a760#3-t2,previous=(t:2, i:5),leaderCommit=5,initializing? false,entries: size=1, first=(t:2, i:6), METADATAENTRY(c:5): org.apache.ratis.thirdparty.io.grpc.StatusRuntimeException: CANCELLED: client cancelled
2025-10-22 08:26:08,700 [grpc-default-executor-0] WARN  server.GrpcServerProtocolService (LogUtils.java:warn(127)) - 4d8a2798-959e-416b-b534-19c13b55a760: APPEND_ENTRIES onError, lastRequest: null: org.apache.ratis.thirdparty.io.grpc.StatusRuntimeException: CANCELLED: client cancelled
2025-10-22 08:26:08,700 [grpc-default-executor-5] WARN  server.GrpcLogAppender (LogUtils.java:warn(127)) - 40df8fc4-149d-40c0-897d-2844034d8141@group-C626CE820278->4d8a2798-959e-416b-b534-19c13b55a760-AppendLogResponseHandler: Failed appendEntries: org.apache.ratis.thirdparty.io.grpc.StatusRuntimeException: CANCELLED: RST_STREAM closed stream. HTTP/2 error code: CANCEL
2025-10-22 08:26:08,700 [grpc-default-executor-5] WARN  server.GrpcLogAppender (GrpcLogAppender.java:lambda$resetClient$1(228)) - 40df8fc4-149d-40c0-897d-2844034d8141@group-C626CE820278->4d8a2798-959e-416b-b534-19c13b55a760-GrpcLogAppender: Follower failed (request=null, errorCount=1); keep nextIndex (7) unchanged and retry.
2025-10-22 08:26:08,700 [ForkJoinPool-1-worker-1] INFO  server.GrpcServicesImpl (GrpcServicesImpl.java:closeImpl(364)) - 4d8a2798-959e-416b-b534-19c13b55a760: shutdown server org.apache.ratis.grpc.server.GrpcAdminProtocolService successfully
2025-10-22 08:26:08,701 [4d8a2798-959e-416b-b534-19c13b55a760-NettyServerStreamRpc-bossGroup--thread1] INFO  logging.LoggingHandler (AbstractInternalLogger.java:log(148)) - [id: 0xa1b39cd8, L:/0.0.0.0:15024] CLOSE
2025-10-22 08:26:08,701 [4d8a2798-959e-416b-b534-19c13b55a760-NettyServerStreamRpc-bossGroup--thread1] INFO  logging.LoggingHandler (AbstractInternalLogger.java:log(148)) - [id: 0xa1b39cd8, L:/0.0.0.0:15024] INACTIVE
2025-10-22 08:26:08,701 [4d8a2798-959e-416b-b534-19c13b55a760-NettyServerStreamRpc-bossGroup--thread1] INFO  logging.LoggingHandler (AbstractInternalLogger.java:log(148)) - [id: 0xa1b39cd8, L:/0.0.0.0:15024] UNREGISTERED
2025-10-22 08:26:09,021 [4d8a2798-959e-416b-b534-19c13b55a760-impl-thread6] INFO  segmented.SegmentedRaftLogWorker (SegmentedRaftLogWorker.java:close(254)) - 4d8a2798-959e-416b-b534-19c13b55a760@group-C626CE820278-SegmentedRaftLogWorker close()
2025-10-22 08:26:09,021 [4d8a2798-959e-416b-b534-19c13b55a760-impl-thread6] INFO  ratis.ContainerStateMachine (ContainerStateMachine.java:notifyServerShutdown(1038)) - group-C626CE820278 is closed by HddsDatanodeService
2025-10-22 08:26:09,139 [0cab5a7d-6f40-474c-9abd-0651cf30726e-ContainerReader-0] INFO  ozoneimpl.ContainerReader (ContainerReader.java:readVolume(147)) - Start to verify containers on volume /home/runner/work/ozone/ozone/hadoop-ozone/integration-test/target/test-dir/MiniOzoneClusterImpl-a412b9f6-7d8b-4de3-a85c-9946bceaa3a0/ozone-metadata/datanode-8/data-0/hdds
2025-10-22 08:26:09,141 [0cab5a7d-6f40-474c-9abd-0651cf30726e-ContainerReader-0] WARN  helpers.KeyValueContainerUtil (KeyValueContainerUtil.java:populateContainerMetadata(329)) - Missing pendingDeleteBlockCount from metadata: recalculate them from block table
2025-10-22 08:26:09,143 [0cab5a7d-6f40-474c-9abd-0651cf30726e-ContainerReader-0] WARN  helpers.KeyValueContainerUtil (KeyValueContainerUtil.java:populateContainerMetadata(329)) - Missing pendingDeleteBlockCount from metadata: recalculate them from block table
2025-10-22 08:26:09,145 [0cab5a7d-6f40-474c-9abd-0651cf30726e-ContainerReader-0] WARN  helpers.KeyValueContainerUtil (KeyValueContainerUtil.java:populateContainerMetadata(329)) - Missing pendingDeleteBlockCount from metadata: recalculate them from block table
2025-10-22 08:26:09,147 [0cab5a7d-6f40-474c-9abd-0651cf30726e-ContainerReader-0] INFO  ozoneimpl.ContainerReader (ContainerReader.java:readVolume(177)) - Finish verifying containers on volume /home/runner/work/ozone/ozone/hadoop-ozone/integration-test/target/test-dir/MiniOzoneClusterImpl-a412b9f6-7d8b-4de3-a85c-9946bceaa3a0/ozone-metadata/datanode-8/data-0/hdds
2025-10-22 08:26:09,147 [0cab5a7d-6f40-474c-9abd-0651cf30726e-EndpointStateMachineTaskThread-/0.0.0.0:15002-0 ] INFO  ozoneimpl.OzoneContainer (OzoneContainer.java:buildContainerSet(359)) - Build ContainerSet costs 0s
2025-10-22 08:26:09,147 [0cab5a7d-6f40-474c-9abd-0651cf30726e-EndpointStateMachineTaskThread-/0.0.0.0:15002-0 ] INFO  volume.ThrottledAsyncChecker (ThrottledAsyncChecker.java:schedule(138)) - Scheduling a check for /home/runner/work/ozone/ozone/hadoop-ozone/integration-test/target/test-dir/MiniOzoneClusterImpl-a412b9f6-7d8b-4de3-a85c-9946bceaa3a0/ozone-metadata/datanode-8/data-0/hdds
2025-10-22 08:26:09,148 [0cab5a7d-6f40-474c-9abd-0651cf30726e-EndpointStateMachineTaskThread-/0.0.0.0:15002-0 ] INFO  volume.StorageVolumeChecker (StorageVolumeChecker.java:checkAllVolumes(231)) - Scheduled health check for volume /home/runner/work/ozone/ozone/hadoop-ozone/integration-test/target/test-dir/MiniOzoneClusterImpl-a412b9f6-7d8b-4de3-a85c-9946bceaa3a0/ozone-metadata/datanode-8/data-0/hdds
2025-10-22 08:26:09,151 [0cab5a7d-6f40-474c-9abd-0651cf30726e-EndpointStateMachineTaskThread-/0.0.0.0:15002-0 ] INFO  volume.ThrottledAsyncChecker (ThrottledAsyncChecker.java:schedule(138)) - Scheduling a check for /home/runner/work/ozone/ozone/hadoop-ozone/integration-test/target/test-dir/MiniOzoneClusterImpl-a412b9f6-7d8b-4de3-a85c-9946bceaa3a0/ozone-metadata/datanode-8/ratis
2025-10-22 08:26:09,151 [0cab5a7d-6f40-474c-9abd-0651cf30726e-EndpointStateMachineTaskThread-/0.0.0.0:15002-0 ] INFO  volume.StorageVolumeChecker (StorageVolumeChecker.java:checkAllVolumes(231)) - Scheduled health check for volume /home/runner/work/ozone/ozone/hadoop-ozone/integration-test/target/test-dir/MiniOzoneClusterImpl-a412b9f6-7d8b-4de3-a85c-9946bceaa3a0/ozone-metadata/datanode-8/ratis
2025-10-22 08:26:09,152 [0cab5a7d-6f40-474c-9abd-0651cf30726e-EndpointStateMachineTaskThread-/0.0.0.0:15002-0 ] INFO  ozoneimpl.OzoneContainer (OzoneContainer.java:start(544)) - Attempting to start container services.
2025-10-22 08:26:09,153 [ContainerDataScanner(/home/runner/work/ozone/ozone/hadoop-ozone/integration-test/target/test-dir/MiniOzoneClusterImpl-a412b9f6-7d8b-4de3-a85c-9946bceaa3a0/ozone-metadata/datanode-8/data-0/hdds)] INFO  ozoneimpl.AbstractBackgroundContainerScanner (AbstractBackgroundContainerScanner.java:runIteration(89)) - Completed an iteration in 0 minutes. Number of iterations (since the data-node restart) : 1, Number of containers scanned in this iteration : 0, Number of unhealthy containers found in this iteration : 0
2025-10-22 08:26:09,153 [0cab5a7d-6f40-474c-9abd-0651cf30726e-EndpointStateMachineTaskThread-/0.0.0.0:15002-0 ] INFO  replication.ReplicationServer (ReplicationServer.java:start(137)) - ReplicationServer is started using port 15073
2025-10-22 08:26:09,153 [0cab5a7d-6f40-474c-9abd-0651cf30726e-EndpointStateMachineTaskThread-/0.0.0.0:15002-0 ] INFO  ratis.XceiverServerRatis (XceiverServerRatis.java:start(559)) - Starting XceiverServerRatis(0cab5a7d-6f40-474c-9abd-0651cf30726e)
2025-10-22 08:26:09,155 [0cab5a7d-6f40-474c-9abd-0651cf30726e-impl-thread1] INFO  storage.RaftStorageDirectory (RaftStorageDirectoryImpl.java:tryLock(229)) - Lock on /home/runner/work/ozone/ozone/hadoop-ozone/integration-test/target/test-dir/MiniOzoneClusterImpl-a412b9f6-7d8b-4de3-a85c-9946bceaa3a0/ozone-metadata/datanode-8/ratis/daae6601-de49-4157-b371-e8adafc04a7a/in_use.lock acquired by nodename 57193@localhost
2025-10-22 08:26:09,156 [0cab5a7d-6f40-474c-9abd-0651cf30726e-impl-thread2] INFO  storage.RaftStorageDirectory (RaftStorageDirectoryImpl.java:tryLock(229)) - Lock on /home/runner/work/ozone/ozone/hadoop-ozone/integration-test/target/test-dir/MiniOzoneClusterImpl-a412b9f6-7d8b-4de3-a85c-9946bceaa3a0/ozone-metadata/datanode-8/ratis/f4bcb322-ee1f-41bd-9c2f-ee76401c21d3/in_use.lock acquired by nodename 57193@localhost
2025-10-22 08:26:09,156 [0cab5a7d-6f40-474c-9abd-0651cf30726e-impl-thread1] INFO  storage.RaftStorage (RaftStorageImpl.java:analyzeAndRecoverStorage(118)) - Read RaftStorageMetadata{term=3, votedFor=9d21e184-bccf-4583-95a7-0fe616dd3b4b} from /home/runner/work/ozone/ozone/hadoop-ozone/integration-test/target/test-dir/MiniOzoneClusterImpl-a412b9f6-7d8b-4de3-a85c-9946bceaa3a0/ozone-metadata/datanode-8/ratis/daae6601-de49-4157-b371-e8adafc04a7a/current/raft-meta
2025-10-22 08:26:09,156 [ContainerMetadataScanner] INFO  ozoneimpl.AbstractBackgroundContainerScanner (AbstractBackgroundContainerScanner.java:runIteration(89)) - Completed an iteration in 0 minutes. Number of iterations (since the data-node restart) : 1, Number of containers scanned in this iteration : 2, Number of unhealthy containers found in this iteration : 0
2025-10-22 08:26:09,156 [0cab5a7d-6f40-474c-9abd-0651cf30726e-impl-thread1] INFO  server.RaftServer$Division (ServerState.java:setRaftConf(386)) - 0cab5a7d-6f40-474c-9abd-0651cf30726e@group-E8ADAFC04A7A: set configuration conf: {index: 9, cur=peers:[9d21e184-bccf-4583-95a7-0fe616dd3b4b|127.0.0.1:15079, 8aba082c-257b-43e3-ba61-5d436c5b38fa|127.0.0.1:15063, 0cab5a7d-6f40-474c-9abd-0651cf30726e|127.0.0.1:15071]|listeners:[], old=null}
2025-10-22 08:26:09,156 [0cab5a7d-6f40-474c-9abd-0651cf30726e-impl-thread3] INFO  storage.RaftStorageDirectory (RaftStorageDirectoryImpl.java:tryLock(229)) - Lock on /home/runner/work/ozone/ozone/hadoop-ozone/integration-test/target/test-dir/MiniOzoneClusterImpl-a412b9f6-7d8b-4de3-a85c-9946bceaa3a0/ozone-metadata/datanode-8/ratis/967bd5c3-d4b6-4c7a-afa3-45121e95117a/in_use.lock acquired by nodename 57193@localhost
2025-10-22 08:26:09,156 [0cab5a7d-6f40-474c-9abd-0651cf30726e-impl-thread1] INFO  ratis.ContainerStateMachine (ContainerStateMachine.java:initialize(339)) - 0cab5a7d-6f40-474c-9abd-0651cf30726e: initialize group-E8ADAFC04A7A
2025-10-22 08:26:09,156 [0cab5a7d-6f40-474c-9abd-0651cf30726e-impl-thread1] INFO  ratis.ContainerStateMachine (ContainerStateMachine.java:loadSnapshot(356)) - group-E8ADAFC04A7A: Setting the last applied index to (t:3, i:12)
2025-10-22 08:26:09,157 [0cab5a7d-6f40-474c-9abd-0651cf30726e-impl-thread1] INFO  server.RaftServerConfigKeys (ConfUtils.java:logGet(62)) - raft.server.log.appender.buffer.byte-limit = 33554432 (custom)
2025-10-22 08:26:09,156 [0cab5a7d-6f40-474c-9abd-0651cf30726e-impl-thread2] INFO  storage.RaftStorage (RaftStorageImpl.java:analyzeAndRecoverStorage(118)) - Read RaftStorageMetadata{term=2, votedFor=0cab5a7d-6f40-474c-9abd-0651cf30726e} from /home/runner/work/ozone/ozone/hadoop-ozone/integration-test/target/test-dir/MiniOzoneClusterImpl-a412b9f6-7d8b-4de3-a85c-9946bceaa3a0/ozone-metadata/datanode-8/ratis/f4bcb322-ee1f-41bd-9c2f-ee76401c21d3/current/raft-meta
2025-10-22 08:26:09,158 [0cab5a7d-6f40-474c-9abd-0651cf30726e-impl-thread2] INFO  server.RaftServer$Division (ServerState.java:setRaftConf(386)) - 0cab5a7d-6f40-474c-9abd-0651cf30726e@group-EE76401C21D3: set configuration conf: {index: 1, cur=peers:[0cab5a7d-6f40-474c-9abd-0651cf30726e|127.0.0.1:15071]|listeners:[], old=null}
2025-10-22 08:26:09,158 [0cab5a7d-6f40-474c-9abd-0651cf30726e-impl-thread2] INFO  ratis.ContainerStateMachine (ContainerStateMachine.java:initialize(339)) - 0cab5a7d-6f40-474c-9abd-0651cf30726e: initialize group-EE76401C21D3
2025-10-22 08:26:09,159 [0cab5a7d-6f40-474c-9abd-0651cf30726e-impl-thread2] INFO  ratis.ContainerStateMachine (ContainerStateMachine.java:loadSnapshot(356)) - group-EE76401C21D3: Setting the last applied index to (t:2, i:2)
2025-10-22 08:26:09,159 [0cab5a7d-6f40-474c-9abd-0651cf30726e-impl-thread2] INFO  server.RaftServerConfigKeys (ConfUtils.java:logGet(62)) - raft.server.log.appender.buffer.byte-limit = 33554432 (custom)
2025-10-22 08:26:09,156 [0cab5a7d-6f40-474c-9abd-0651cf30726e-impl-thread3] INFO  storage.RaftStorage (RaftStorageImpl.java:analyzeAndRecoverStorage(118)) - Read RaftStorageMetadata{term=1, votedFor=8aba082c-257b-43e3-ba61-5d436c5b38fa} from /home/runner/work/ozone/ozone/hadoop-ozone/integration-test/target/test-dir/MiniOzoneClusterImpl-a412b9f6-7d8b-4de3-a85c-9946bceaa3a0/ozone-metadata/datanode-8/ratis/967bd5c3-d4b6-4c7a-afa3-45121e95117a/current/raft-meta
2025-10-22 08:26:09,159 [0cab5a7d-6f40-474c-9abd-0651cf30726e-impl-thread3] INFO  server.RaftServer$Division (ServerState.java:setRaftConf(386)) - 0cab5a7d-6f40-474c-9abd-0651cf30726e@group-45121E95117A: set configuration conf: {index: 0, cur=peers:[9d21e184-bccf-4583-95a7-0fe616dd3b4b|127.0.0.1:15079, 8aba082c-257b-43e3-ba61-5d436c5b38fa|127.0.0.1:15063, 0cab5a7d-6f40-474c-9abd-0651cf30726e|127.0.0.1:15071]|listeners:[], old=null}
2025-10-22 08:26:09,159 [0cab5a7d-6f40-474c-9abd-0651cf30726e-impl-thread3] INFO  ratis.ContainerStateMachine (ContainerStateMachine.java:initialize(339)) - 0cab5a7d-6f40-474c-9abd-0651cf30726e: initialize group-45121E95117A
2025-10-22 08:26:09,159 [0cab5a7d-6f40-474c-9abd-0651cf30726e-impl-thread3] INFO  ratis.ContainerStateMachine (ContainerStateMachine.java:loadSnapshot(356)) - group-45121E95117A: Setting the last applied index to (t:1, i:6)
2025-10-22 08:26:09,160 [0cab5a7d-6f40-474c-9abd-0651cf30726e-impl-thread3] INFO  server.RaftServerConfigKeys (ConfUtils.java:logGet(62)) - raft.server.log.appender.buffer.byte-limit = 33554432 (custom)
2025-10-22 08:26:09,159 [0cab5a7d-6f40-474c-9abd-0651cf30726e-impl-thread1] INFO  server.RaftServerConfigKeys (ConfUtils.java:logGet(62)) - raft.server.log.segment.size.max = 67108864 (custom)
2025-10-22 08:26:09,161 [0cab5a7d-6f40-474c-9abd-0651cf30726e-impl-thread1] INFO  server.RaftServerConfigKeys (ConfUtils.java:logGet(62)) - raft.server.log.appender.buffer.byte-limit = 33554432 (custom)
2025-10-22 08:26:09,162 [0cab5a7d-6f40-474c-9abd-0651cf30726e-impl-thread1] INFO  util.AwaitToRun (AwaitToRun.java:start(81)) - Thread[#3469,0cab5a7d-6f40-474c-9abd-0651cf30726e@group-E8ADAFC04A7A-cacheEviction-AwaitToRun,5,main] started
2025-10-22 08:26:09,162 [0cab5a7d-6f40-474c-9abd-0651cf30726e-impl-thread1] INFO  segmented.SegmentedRaftLogWorker (SegmentedRaftLogWorker.java:<init>(190)) - new 0cab5a7d-6f40-474c-9abd-0651cf30726e@group-E8ADAFC04A7A-SegmentedRaftLogWorker for RaftStorageImpl:Storage Directory /home/runner/work/ozone/ozone/hadoop-ozone/integration-test/target/test-dir/MiniOzoneClusterImpl-a412b9f6-7d8b-4de3-a85c-9946bceaa3a0/ozone-metadata/datanode-8/ratis/daae6601-de49-4157-b371-e8adafc04a7a
2025-10-22 08:26:09,162 [0cab5a7d-6f40-474c-9abd-0651cf30726e-impl-thread1] INFO  server.RaftServerConfigKeys (ConfUtils.java:logGet(62)) - raft.server.log.queue.byte-limit = 4294967296 (custom)
2025-10-22 08:26:09,162 [0cab5a7d-6f40-474c-9abd-0651cf30726e-impl-thread1] INFO  server.RaftServerConfigKeys (ConfUtils.java:logGet(62)) - raft.server.log.segment.size.max = 67108864 (custom)
2025-10-22 08:26:09,163 [0cab5a7d-6f40-474c-9abd-0651cf30726e-impl-thread1] INFO  server.RaftServerConfigKeys (ConfUtils.java:logGet(62)) - raft.server.log.preallocated.size = 4194304 (custom)
2025-10-22 08:26:09,164 [0cab5a7d-6f40-474c-9abd-0651cf30726e-impl-thread2] INFO  server.RaftServerConfigKeys (ConfUtils.java:logGet(62)) - raft.server.log.segment.size.max = 67108864 (custom)
2025-10-22 08:26:09,164 [0cab5a7d-6f40-474c-9abd-0651cf30726e-impl-thread2] INFO  server.RaftServerConfigKeys (ConfUtils.java:logGet(62)) - raft.server.log.appender.buffer.byte-limit = 33554432 (custom)
2025-10-22 08:26:09,167 [0cab5a7d-6f40-474c-9abd-0651cf30726e-impl-thread1] INFO  server.RaftServerConfigKeys (ConfUtils.java:logGet(62)) - raft.server.log.write.buffer.size = 33554440 (custom)
2025-10-22 08:26:09,168 [0cab5a7d-6f40-474c-9abd-0651cf30726e-impl-thread3] INFO  server.RaftServerConfigKeys (ConfUtils.java:logGet(62)) - raft.server.log.segment.size.max = 67108864 (custom)
2025-10-22 08:26:09,168 [0cab5a7d-6f40-474c-9abd-0651cf30726e-impl-thread3] INFO  server.RaftServerConfigKeys (ConfUtils.java:logGet(62)) - raft.server.log.appender.buffer.byte-limit = 33554432 (custom)
2025-10-22 08:26:09,168 [0cab5a7d-6f40-474c-9abd-0651cf30726e-impl-thread2] INFO  util.AwaitToRun (AwaitToRun.java:start(81)) - Thread[#3470,0cab5a7d-6f40-474c-9abd-0651cf30726e@group-EE76401C21D3-cacheEviction-AwaitToRun,5,main] started
2025-10-22 08:26:09,169 [0cab5a7d-6f40-474c-9abd-0651cf30726e-impl-thread2] INFO  segmented.SegmentedRaftLogWorker (SegmentedRaftLogWorker.java:<init>(190)) - new 0cab5a7d-6f40-474c-9abd-0651cf30726e@group-EE76401C21D3-SegmentedRaftLogWorker for RaftStorageImpl:Storage Directory /home/runner/work/ozone/ozone/hadoop-ozone/integration-test/target/test-dir/MiniOzoneClusterImpl-a412b9f6-7d8b-4de3-a85c-9946bceaa3a0/ozone-metadata/datanode-8/ratis/f4bcb322-ee1f-41bd-9c2f-ee76401c21d3
2025-10-22 08:26:09,169 [0cab5a7d-6f40-474c-9abd-0651cf30726e-impl-thread2] INFO  server.RaftServerConfigKeys (ConfUtils.java:logGet(62)) - raft.server.log.queue.byte-limit = 4294967296 (custom)
2025-10-22 08:26:09,169 [0cab5a7d-6f40-474c-9abd-0651cf30726e-impl-thread2] INFO  server.RaftServerConfigKeys (ConfUtils.java:logGet(62)) - raft.server.log.segment.size.max = 67108864 (custom)
2025-10-22 08:26:09,169 [0cab5a7d-6f40-474c-9abd-0651cf30726e-impl-thread2] INFO  server.RaftServerConfigKeys (ConfUtils.java:logGet(62)) - raft.server.log.preallocated.size = 4194304 (custom)
2025-10-22 08:26:09,169 [0cab5a7d-6f40-474c-9abd-0651cf30726e-impl-thread2] INFO  server.RaftServerConfigKeys (ConfUtils.java:logGet(62)) - raft.server.log.write.buffer.size = 33554440 (custom)
2025-10-22 08:26:09,172 [0cab5a7d-6f40-474c-9abd-0651cf30726e-impl-thread3] INFO  util.AwaitToRun (AwaitToRun.java:start(81)) - Thread[#3471,0cab5a7d-6f40-474c-9abd-0651cf30726e@group-45121E95117A-cacheEviction-AwaitToRun,5,main] started
2025-10-22 08:26:09,172 [0cab5a7d-6f40-474c-9abd-0651cf30726e-impl-thread3] INFO  segmented.SegmentedRaftLogWorker (SegmentedRaftLogWorker.java:<init>(190)) - new 0cab5a7d-6f40-474c-9abd-0651cf30726e@group-45121E95117A-SegmentedRaftLogWorker for RaftStorageImpl:Storage Directory /home/runner/work/ozone/ozone/hadoop-ozone/integration-test/target/test-dir/MiniOzoneClusterImpl-a412b9f6-7d8b-4de3-a85c-9946bceaa3a0/ozone-metadata/datanode-8/ratis/967bd5c3-d4b6-4c7a-afa3-45121e95117a
2025-10-22 08:26:09,173 [0cab5a7d-6f40-474c-9abd-0651cf30726e-impl-thread3] INFO  server.RaftServerConfigKeys (ConfUtils.java:logGet(62)) - raft.server.log.queue.byte-limit = 4294967296 (custom)
2025-10-22 08:26:09,173 [0cab5a7d-6f40-474c-9abd-0651cf30726e-impl-thread3] INFO  server.RaftServerConfigKeys (ConfUtils.java:logGet(62)) - raft.server.log.segment.size.max = 67108864 (custom)
2025-10-22 08:26:09,173 [0cab5a7d-6f40-474c-9abd-0651cf30726e-impl-thread3] INFO  server.RaftServerConfigKeys (ConfUtils.java:logGet(62)) - raft.server.log.preallocated.size = 4194304 (custom)
2025-10-22 08:26:09,173 [0cab5a7d-6f40-474c-9abd-0651cf30726e-impl-thread3] INFO  server.RaftServerConfigKeys (ConfUtils.java:logGet(62)) - raft.server.log.write.buffer.size = 33554440 (custom)
2025-10-22 08:26:09,175 [0cab5a7d-6f40-474c-9abd-0651cf30726e-impl-thread2] INFO  server.RaftServerConfigKeys (ConfUtils.java:logGet(62)) - raft.server.log.appender.buffer.byte-limit = 33554432 (custom)
2025-10-22 08:26:09,176 [0cab5a7d-6f40-474c-9abd-0651cf30726e-impl-thread2] INFO  server.RaftServer$Division (ServerState.java:setRaftConf(386)) - 0cab5a7d-6f40-474c-9abd-0651cf30726e@group-EE76401C21D3: set configuration conf: {index: 0, cur=peers:[0cab5a7d-6f40-474c-9abd-0651cf30726e|127.0.0.1:15071]|listeners:[], old=null}
2025-10-22 08:26:09,176 [0cab5a7d-6f40-474c-9abd-0651cf30726e-impl-thread2] INFO  segmented.LogSegment (LogSegment.java:loadSegment(171)) - Successfully read 1 entries from segment file /home/runner/work/ozone/ozone/hadoop-ozone/integration-test/target/test-dir/MiniOzoneClusterImpl-a412b9f6-7d8b-4de3-a85c-9946bceaa3a0/ozone-metadata/datanode-8/ratis/f4bcb322-ee1f-41bd-9c2f-ee76401c21d3/current/log_0-0
2025-10-22 08:26:09,177 [0cab5a7d-6f40-474c-9abd-0651cf30726e-impl-thread2] INFO  server.RaftServer$Division (ServerState.java:setRaftConf(386)) - 0cab5a7d-6f40-474c-9abd-0651cf30726e@group-EE76401C21D3: set configuration conf: {index: 1, cur=peers:[0cab5a7d-6f40-474c-9abd-0651cf30726e|127.0.0.1:15071]|listeners:[], old=null}
2025-10-22 08:26:09,177 [0cab5a7d-6f40-474c-9abd-0651cf30726e-impl-thread2] INFO  segmented.LogSegment (LogSegment.java:loadSegment(171)) - Successfully read 2 entries from segment file /home/runner/work/ozone/ozone/hadoop-ozone/integration-test/target/test-dir/MiniOzoneClusterImpl-a412b9f6-7d8b-4de3-a85c-9946bceaa3a0/ozone-metadata/datanode-8/ratis/f4bcb322-ee1f-41bd-9c2f-ee76401c21d3/current/log_inprogress_1
2025-10-22 08:26:09,177 [0cab5a7d-6f40-474c-9abd-0651cf30726e-impl-thread2] INFO  segmented.SegmentedRaftLogWorker (SegmentedRaftLogWorker.java:lambda$new$0(141)) - 0cab5a7d-6f40-474c-9abd-0651cf30726e@group-EE76401C21D3-SegmentedRaftLogWorker: flushIndex: setUnconditionally 0 -> 2
2025-10-22 08:26:09,177 [0cab5a7d-6f40-474c-9abd-0651cf30726e-impl-thread2] INFO  segmented.BufferedWriteChannel (BufferedWriteChannel.java:open(61)) - open log_inprogress_1 (append) at position 144
2025-10-22 08:26:09,175 [0cab5a7d-6f40-474c-9abd-0651cf30726e-impl-thread1] INFO  server.RaftServerConfigKeys (ConfUtils.java:logGet(62)) - raft.server.log.appender.buffer.byte-limit = 33554432 (custom)
2025-10-22 08:26:09,177 [0cab5a7d-6f40-474c-9abd-0651cf30726e-impl-thread1] INFO  server.RaftServer$Division (ServerState.java:setRaftConf(386)) - 0cab5a7d-6f40-474c-9abd-0651cf30726e@group-E8ADAFC04A7A: set configuration conf: {index: 0, cur=peers:[9d21e184-bccf-4583-95a7-0fe616dd3b4b|127.0.0.1:15079, 8aba082c-257b-43e3-ba61-5d436c5b38fa|127.0.0.1:15063, 0cab5a7d-6f40-474c-9abd-0651cf30726e|127.0.0.1:15071]|listeners:[], old=null}
2025-10-22 08:26:09,178 [0cab5a7d-6f40-474c-9abd-0651cf30726e-impl-thread1] INFO  segmented.LogSegment (LogSegment.java:loadSegment(171)) - Successfully read 7 entries from segment file /home/runner/work/ozone/ozone/hadoop-ozone/integration-test/target/test-dir/MiniOzoneClusterImpl-a412b9f6-7d8b-4de3-a85c-9946bceaa3a0/ozone-metadata/datanode-8/ratis/daae6601-de49-4157-b371-e8adafc04a7a/current/log_0-6
2025-10-22 08:26:09,178 [0cab5a7d-6f40-474c-9abd-0651cf30726e-impl-thread1] INFO  server.RaftServer$Division (ServerState.java:setRaftConf(386)) - 0cab5a7d-6f40-474c-9abd-0651cf30726e@group-E8ADAFC04A7A: set configuration conf: {index: 7, cur=peers:[9d21e184-bccf-4583-95a7-0fe616dd3b4b|127.0.0.1:15079, 8aba082c-257b-43e3-ba61-5d436c5b38fa|127.0.0.1:15063, 0cab5a7d-6f40-474c-9abd-0651cf30726e|127.0.0.1:15071]|listeners:[], old=null}
2025-10-22 08:26:09,178 [0cab5a7d-6f40-474c-9abd-0651cf30726e-impl-thread1] INFO  segmented.LogSegment (LogSegment.java:loadSegment(171)) - Successfully read 2 entries from segment file /home/runner/work/ozone/ozone/hadoop-ozone/integration-test/target/test-dir/MiniOzoneClusterImpl-a412b9f6-7d8b-4de3-a85c-9946bceaa3a0/ozone-metadata/datanode-8/ratis/daae6601-de49-4157-b371-e8adafc04a7a/current/log_7-8
2025-10-22 08:26:09,178 [0cab5a7d-6f40-474c-9abd-0651cf30726e-impl-thread1] INFO  server.RaftServer$Division (ServerState.java:setRaftConf(386)) - 0cab5a7d-6f40-474c-9abd-0651cf30726e@group-E8ADAFC04A7A: set configuration conf: {index: 9, cur=peers:[9d21e184-bccf-4583-95a7-0fe616dd3b4b|127.0.0.1:15079, 8aba082c-257b-43e3-ba61-5d436c5b38fa|127.0.0.1:15063, 0cab5a7d-6f40-474c-9abd-0651cf30726e|127.0.0.1:15071]|listeners:[], old=null}
2025-10-22 08:26:09,179 [0cab5a7d-6f40-474c-9abd-0651cf30726e-impl-thread1] INFO  segmented.LogSegment (LogSegment.java:loadSegment(171)) - Successfully read 6 entries from segment file /home/runner/work/ozone/ozone/hadoop-ozone/integration-test/target/test-dir/MiniOzoneClusterImpl-a412b9f6-7d8b-4de3-a85c-9946bceaa3a0/ozone-metadata/datanode-8/ratis/daae6601-de49-4157-b371-e8adafc04a7a/current/log_inprogress_9
2025-10-22 08:26:09,179 [0cab5a7d-6f40-474c-9abd-0651cf30726e-impl-thread1] INFO  segmented.SegmentedRaftLogWorker (SegmentedRaftLogWorker.java:lambda$new$0(141)) - 0cab5a7d-6f40-474c-9abd-0651cf30726e@group-E8ADAFC04A7A-SegmentedRaftLogWorker: flushIndex: setUnconditionally 0 -> 14
2025-10-22 08:26:09,179 [0cab5a7d-6f40-474c-9abd-0651cf30726e-impl-thread1] INFO  segmented.SegmentedRaftLogWorker (SegmentedRaftLogWorker.java:lambda$new$0(141)) - 0cab5a7d-6f40-474c-9abd-0651cf30726e@group-E8ADAFC04A7A-SegmentedRaftLogWorker: safeCacheEvictIndex: setUnconditionally 0 -> 8
2025-10-22 08:26:09,179 [0cab5a7d-6f40-474c-9abd-0651cf30726e-impl-thread1] INFO  segmented.BufferedWriteChannel (BufferedWriteChannel.java:open(61)) - open log_inprogress_9 (append) at position 1559
2025-10-22 08:26:09,179 [0cab5a7d-6f40-474c-9abd-0651cf30726e-impl-thread2] INFO  server.RaftServer$Division (RaftServerImpl.java:start(405)) - 0cab5a7d-6f40-474c-9abd-0651cf30726e@group-EE76401C21D3: start as a follower, conf=conf: {index: 1, cur=peers:[0cab5a7d-6f40-474c-9abd-0651cf30726e|127.0.0.1:15071]|listeners:[], old=null}
2025-10-22 08:26:09,179 [0cab5a7d-6f40-474c-9abd-0651cf30726e-impl-thread2] INFO  server.RaftServer$Division (RaftServerImpl.java:setRole(392)) - 0cab5a7d-6f40-474c-9abd-0651cf30726e@group-EE76401C21D3: changes role from      null to FOLLOWER at term 2 for startAsFollower
2025-10-22 08:26:09,179 [0cab5a7d-6f40-474c-9abd-0651cf30726e-impl-thread2] INFO  impl.RoleInfo (RoleInfo.java:updateAndGet(148)) - 0cab5a7d-6f40-474c-9abd-0651cf30726e: start 0cab5a7d-6f40-474c-9abd-0651cf30726e@group-EE76401C21D3-FollowerState
2025-10-22 08:26:09,181 [0cab5a7d-6f40-474c-9abd-0651cf30726e-impl-thread3] INFO  server.RaftServerConfigKeys (ConfUtils.java:logGet(62)) - raft.server.log.appender.buffer.byte-limit = 33554432 (custom)
2025-10-22 08:26:09,181 [0cab5a7d-6f40-474c-9abd-0651cf30726e-impl-thread3] INFO  server.RaftServer$Division (ServerState.java:setRaftConf(386)) - 0cab5a7d-6f40-474c-9abd-0651cf30726e@group-45121E95117A: set configuration conf: {index: 0, cur=peers:[9d21e184-bccf-4583-95a7-0fe616dd3b4b|127.0.0.1:15079, 8aba082c-257b-43e3-ba61-5d436c5b38fa|127.0.0.1:15063, 0cab5a7d-6f40-474c-9abd-0651cf30726e|127.0.0.1:15071]|listeners:[], old=null}
2025-10-22 08:26:09,182 [0cab5a7d-6f40-474c-9abd-0651cf30726e-impl-thread2] INFO  util.JmxRegister (JmxRegister.java:tryRegister(44)) - Successfully registered JMX Bean with object name Ratis:service=RaftServer,group=group-EE76401C21D3,id=0cab5a7d-6f40-474c-9abd-0651cf30726e
2025-10-22 08:26:09,182 [0cab5a7d-6f40-474c-9abd-0651cf30726e-impl-thread2] INFO  util.JmxRegister (JmxRegister.java:register(58)) - register mxBean class org.apache.ratis.server.impl.RaftServerJmxAdapter as Ratis:service=RaftServer,group=group-EE76401C21D3,id=0cab5a7d-6f40-474c-9abd-0651cf30726e
2025-10-22 08:26:09,182 [0cab5a7d-6f40-474c-9abd-0651cf30726e-impl-thread3] INFO  segmented.LogSegment (LogSegment.java:loadSegment(171)) - Successfully read 8 entries from segment file /home/runner/work/ozone/ozone/hadoop-ozone/integration-test/target/test-dir/MiniOzoneClusterImpl-a412b9f6-7d8b-4de3-a85c-9946bceaa3a0/ozone-metadata/datanode-8/ratis/967bd5c3-d4b6-4c7a-afa3-45121e95117a/current/log_inprogress_0
2025-10-22 08:26:09,182 [0cab5a7d-6f40-474c-9abd-0651cf30726e-impl-thread1] INFO  server.RaftServer$Division (RaftServerImpl.java:start(405)) - 0cab5a7d-6f40-474c-9abd-0651cf30726e@group-E8ADAFC04A7A: start as a follower, conf=conf: {index: 9, cur=peers:[9d21e184-bccf-4583-95a7-0fe616dd3b4b|127.0.0.1:15079, 8aba082c-257b-43e3-ba61-5d436c5b38fa|127.0.0.1:15063, 0cab5a7d-6f40-474c-9abd-0651cf30726e|127.0.0.1:15071]|listeners:[], old=null}
2025-10-22 08:26:09,183 [0cab5a7d-6f40-474c-9abd-0651cf30726e-impl-thread3] INFO  segmented.SegmentedRaftLogWorker (SegmentedRaftLogWorker.java:lambda$new$0(141)) - 0cab5a7d-6f40-474c-9abd-0651cf30726e@group-45121E95117A-SegmentedRaftLogWorker: flushIndex: setUnconditionally 0 -> 7
2025-10-22 08:26:09,183 [0cab5a7d-6f40-474c-9abd-0651cf30726e-impl-thread3] INFO  segmented.SegmentedRaftLogWorker (SegmentedRaftLogWorker.java:lambda$new$0(141)) - 0cab5a7d-6f40-474c-9abd-0651cf30726e@group-45121E95117A-SegmentedRaftLogWorker: safeCacheEvictIndex: setUnconditionally 0 -> -1
2025-10-22 08:26:09,183 [0cab5a7d-6f40-474c-9abd-0651cf30726e-impl-thread3] INFO  segmented.BufferedWriteChannel (BufferedWriteChannel.java:open(61)) - open log_inprogress_0 (append) at position 3158
2025-10-22 08:26:09,183 [0cab5a7d-6f40-474c-9abd-0651cf30726e-impl-thread3] INFO  server.RaftServer$Division (RaftServerImpl.java:start(405)) - 0cab5a7d-6f40-474c-9abd-0651cf30726e@group-45121E95117A: start as a follower, conf=conf: {index: 0, cur=peers:[9d21e184-bccf-4583-95a7-0fe616dd3b4b|127.0.0.1:15079, 8aba082c-257b-43e3-ba61-5d436c5b38fa|127.0.0.1:15063, 0cab5a7d-6f40-474c-9abd-0651cf30726e|127.0.0.1:15071]|listeners:[], old=null}
2025-10-22 08:26:09,183 [0cab5a7d-6f40-474c-9abd-0651cf30726e-impl-thread3] INFO  server.RaftServer$Division (RaftServerImpl.java:setRole(392)) - 0cab5a7d-6f40-474c-9abd-0651cf30726e@group-45121E95117A: changes role from      null to FOLLOWER at term 1 for startAsFollower
2025-10-22 08:26:09,183 [0cab5a7d-6f40-474c-9abd-0651cf30726e-impl-thread3] INFO  impl.RoleInfo (RoleInfo.java:updateAndGet(148)) - 0cab5a7d-6f40-474c-9abd-0651cf30726e: start 0cab5a7d-6f40-474c-9abd-0651cf30726e@group-45121E95117A-FollowerState
2025-10-22 08:26:09,183 [0cab5a7d-6f40-474c-9abd-0651cf30726e-impl-thread1] INFO  server.RaftServer$Division (RaftServerImpl.java:setRole(392)) - 0cab5a7d-6f40-474c-9abd-0651cf30726e@group-E8ADAFC04A7A: changes role from      null to FOLLOWER at term 3 for startAsFollower
2025-10-22 08:26:09,183 [0cab5a7d-6f40-474c-9abd-0651cf30726e-impl-thread1] INFO  impl.RoleInfo (RoleInfo.java:updateAndGet(148)) - 0cab5a7d-6f40-474c-9abd-0651cf30726e: start 0cab5a7d-6f40-474c-9abd-0651cf30726e@group-E8ADAFC04A7A-FollowerState
2025-10-22 08:26:09,183 [0cab5a7d-6f40-474c-9abd-0651cf30726e-impl-thread3] INFO  util.JmxRegister (JmxRegister.java:tryRegister(44)) - Successfully registered JMX Bean with object name Ratis:service=RaftServer,group=group-45121E95117A,id=0cab5a7d-6f40-474c-9abd-0651cf30726e
2025-10-22 08:26:09,183 [0cab5a7d-6f40-474c-9abd-0651cf30726e-impl-thread3] INFO  util.JmxRegister (JmxRegister.java:register(58)) - register mxBean class org.apache.ratis.server.impl.RaftServerJmxAdapter as Ratis:service=RaftServer,group=group-45121E95117A,id=0cab5a7d-6f40-474c-9abd-0651cf30726e
2025-10-22 08:26:09,184 [0cab5a7d-6f40-474c-9abd-0651cf30726e-impl-thread3] INFO  server.RaftServer$Division (RaftServerImpl.java:start(419)) - 0cab5a7d-6f40-474c-9abd-0651cf30726e@group-45121E95117A: Successfully started.
2025-10-22 08:26:09,184 [9d21e184-bccf-4583-95a7-0fe616dd3b4b@group-E8ADAFC04A7A-LeaderStateImpl] INFO  impl.TransferLeadership (TransferLeadership.java:tryTransferLeadership(258)) - 9d21e184-bccf-4583-95a7-0fe616dd3b4b@group-E8ADAFC04A7A: start transferring leadership to 0cab5a7d-6f40-474c-9abd-0651cf30726e
2025-10-22 08:26:09,184 [0cab5a7d-6f40-474c-9abd-0651cf30726e-impl-thread2] INFO  server.RaftServer$Division (RaftServerImpl.java:start(419)) - 0cab5a7d-6f40-474c-9abd-0651cf30726e@group-EE76401C21D3: Successfully started.
2025-10-22 08:26:09,185 [9d21e184-bccf-4583-95a7-0fe616dd3b4b@group-E8ADAFC04A7A-LeaderStateImpl] INFO  impl.TransferLeadership (TransferLeadership.java:sendStartLeaderElection(210)) - 9d21e184-bccf-4583-95a7-0fe616dd3b4b@group-E8ADAFC04A7A: sendStartLeaderElection to follower 0cab5a7d-6f40-474c-9abd-0651cf30726e, lastEntry=(t:3, i:14)
2025-10-22 08:26:09,185 [9d21e184-bccf-4583-95a7-0fe616dd3b4b@group-E8ADAFC04A7A-LeaderStateImpl] INFO  impl.TransferLeadership (TransferLeadership.java:tryTransferLeadership(266)) - 9d21e184-bccf-4583-95a7-0fe616dd3b4b@group-E8ADAFC04A7A: SUCCESS sent StartLeaderElection to transferee 0cab5a7d-6f40-474c-9abd-0651cf30726e immediately as it already has up-to-date log
2025-10-22 08:26:09,185 [9d21e184-bccf-4583-95a7-0fe616dd3b4b-server-thread1] WARN  impl.TransferLeadership (TransferLeadership.java:lambda$sendStartLeaderElection$2(227)) - 9d21e184-bccf-4583-95a7-0fe616dd3b4b@group-E8ADAFC04A7A: Failed to startLeaderElection for 0cab5a7d-6f40-474c-9abd-0651cf30726e
java.util.concurrent.CompletionException: org.apache.ratis.thirdparty.io.grpc.StatusRuntimeException: UNAVAILABLE: io exception
	at java.base/java.util.concurrent.CompletableFuture.encodeThrowable(CompletableFuture.java:315)
	at java.base/java.util.concurrent.CompletableFuture.completeThrowable(CompletableFuture.java:320)
	at java.base/java.util.concurrent.CompletableFuture$AsyncSupply.run(CompletableFuture.java:1770)
	at java.base/java.util.concurrent.ThreadPoolExecutor.runWorker(ThreadPoolExecutor.java:1144)
	at java.base/java.util.concurrent.ThreadPoolExecutor$Worker.run(ThreadPoolExecutor.java:642)
	at java.base/java.lang.Thread.run(Thread.java:1583)
Caused by: org.apache.ratis.thirdparty.io.grpc.StatusRuntimeException: UNAVAILABLE: io exception
	at org.apache.ratis.thirdparty.io.grpc.stub.ClientCalls.toStatusRuntimeException(ClientCalls.java:351)
	at org.apache.ratis.thirdparty.io.grpc.stub.ClientCalls.getUnchecked(ClientCalls.java:332)
	at org.apache.ratis.thirdparty.io.grpc.stub.ClientCalls.blockingUnaryCall(ClientCalls.java:174)
	at org.apache.ratis.proto.grpc.RaftServerProtocolServiceGrpc$RaftServerProtocolServiceBlockingStub.startLeaderElection(RaftServerProtocolServiceGrpc.java:422)
	at org.apache.ratis.grpc.server.GrpcServerProtocolClient.startLeaderElection(GrpcServerProtocolClient.java:123)
	at org.apache.ratis.grpc.server.GrpcServicesImpl.startLeaderElection(GrpcServicesImpl.java:423)
	at org.apache.ratis.server.impl.TransferLeadership.lambda$sendStartLeaderElection$1(TransferLeadership.java:218)
	at java.base/java.util.concurrent.CompletableFuture$AsyncSupply.run(CompletableFuture.java:1768)
	... 3 more
Caused by: org.apache.ratis.thirdparty.io.netty.channel.AbstractChannel$AnnotatedConnectException: finishConnect(..) failed: Connection refused: /127.0.0.1:15071
Caused by: java.net.ConnectException: finishConnect(..) failed: Connection refused
	at org.apache.ratis.thirdparty.io.netty.channel.unix.Errors.newConnectException0(Errors.java:166)
	at org.apache.ratis.thirdparty.io.netty.channel.unix.Errors.handleConnectErrno(Errors.java:131)
	at org.apache.ratis.thirdparty.io.netty.channel.unix.Socket.finishConnect(Socket.java:359)
	at org.apache.ratis.thirdparty.io.netty.channel.epoll.AbstractEpollChannel$AbstractEpollUnsafe.doFinishConnect(AbstractEpollChannel.java:715)
	at org.apache.ratis.thirdparty.io.netty.channel.epoll.AbstractEpollChannel$AbstractEpollUnsafe.finishConnect(AbstractEpollChannel.java:692)
	at org.apache.ratis.thirdparty.io.netty.channel.epoll.AbstractEpollChannel$AbstractEpollUnsafe.epollOutReady(AbstractEpollChannel.java:567)
	at org.apache.ratis.thirdparty.io.netty.channel.epoll.EpollEventLoop.processReady(EpollEventLoop.java:491)
	at org.apache.ratis.thirdparty.io.netty.channel.epoll.EpollEventLoop.run(EpollEventLoop.java:399)
	at org.apache.ratis.thirdparty.io.netty.util.concurrent.SingleThreadEventExecutor$4.run(SingleThreadEventExecutor.java:998)
	at org.apache.ratis.thirdparty.io.netty.util.internal.ThreadExecutorMap$2.run(ThreadExecutorMap.java:74)
	at org.apache.ratis.thirdparty.io.netty.util.concurrent.FastThreadLocalRunnable.run(FastThreadLocalRunnable.java:30)
	at java.base/java.lang.Thread.run(Thread.java:1583)
2025-10-22 08:26:09,185 [0cab5a7d-6f40-474c-9abd-0651cf30726e-impl-thread1] INFO  util.JmxRegister (JmxRegister.java:tryRegister(44)) - Successfully registered JMX Bean with object name Ratis:service=RaftServer,group=group-E8ADAFC04A7A,id=0cab5a7d-6f40-474c-9abd-0651cf30726e
2025-10-22 08:26:09,185 [0cab5a7d-6f40-474c-9abd-0651cf30726e-impl-thread1] INFO  util.JmxRegister (JmxRegister.java:register(58)) - register mxBean class org.apache.ratis.server.impl.RaftServerJmxAdapter as Ratis:service=RaftServer,group=group-E8ADAFC04A7A,id=0cab5a7d-6f40-474c-9abd-0651cf30726e
2025-10-22 08:26:09,186 [0cab5a7d-6f40-474c-9abd-0651cf30726e-impl-thread1] INFO  server.RaftServer$Division (RaftServerImpl.java:start(419)) - 0cab5a7d-6f40-474c-9abd-0651cf30726e@group-E8ADAFC04A7A: Successfully started.
2025-10-22 08:26:09,186 [0cab5a7d-6f40-474c-9abd-0651cf30726e-EndpointStateMachineTaskThread-/0.0.0.0:15002-0 ] INFO  server.RaftServer (RaftServerProxy.java:startImpl(412)) - 0cab5a7d-6f40-474c-9abd-0651cf30726e: start RPC server
2025-10-22 08:26:09,188 [0cab5a7d-6f40-474c-9abd-0651cf30726e-EndpointStateMachineTaskThread-/0.0.0.0:15002-0 ] INFO  server.GrpcServicesImpl (GrpcServicesImpl.java:startImpl(346)) - 0cab5a7d-6f40-474c-9abd-0651cf30726e: GrpcServicesImpl started, listening on 15069
2025-10-22 08:26:09,188 [0cab5a7d-6f40-474c-9abd-0651cf30726e-EndpointStateMachineTaskThread-/0.0.0.0:15002-0 ] INFO  server.GrpcServicesImpl (GrpcServicesImpl.java:startImpl(346)) - 0cab5a7d-6f40-474c-9abd-0651cf30726e: GrpcServicesImpl started, listening on 15071
2025-10-22 08:26:09,189 [0cab5a7d-6f40-474c-9abd-0651cf30726e-EndpointStateMachineTaskThread-/0.0.0.0:15002-0 ] INFO  server.GrpcServicesImpl (GrpcServicesImpl.java:startImpl(346)) - 0cab5a7d-6f40-474c-9abd-0651cf30726e: GrpcServicesImpl started, listening on 15070
2025-10-22 08:26:09,189 [0cab5a7d-6f40-474c-9abd-0651cf30726e-EndpointStateMachineTaskThread-/0.0.0.0:15002-0 ] INFO  ratis.XceiverServerRatis (XceiverServerRatis.java:getRealPort(586)) - XceiverServerRatis(0cab5a7d-6f40-474c-9abd-0651cf30726e) is started using port RATIS=15069
2025-10-22 08:26:09,189 [0cab5a7d-6f40-474c-9abd-0651cf30726e-EndpointStateMachineTaskThread-/0.0.0.0:15002-0 ] INFO  ratis.XceiverServerRatis (XceiverServerRatis.java:getRealPort(586)) - XceiverServerRatis(0cab5a7d-6f40-474c-9abd-0651cf30726e) is started using port RATIS_ADMIN=15070
2025-10-22 08:26:09,189 [0cab5a7d-6f40-474c-9abd-0651cf30726e-EndpointStateMachineTaskThread-/0.0.0.0:15002-0 ] INFO  ratis.XceiverServerRatis (XceiverServerRatis.java:getRealPort(586)) - XceiverServerRatis(0cab5a7d-6f40-474c-9abd-0651cf30726e) is started using port RATIS_SERVER=15071
2025-10-22 08:26:09,189 [0cab5a7d-6f40-474c-9abd-0651cf30726e-EndpointStateMachineTaskThread-/0.0.0.0:15002-0 ] INFO  ratis.XceiverServerRatis (XceiverServerRatis.java:getRealPort(586)) - XceiverServerRatis(0cab5a7d-6f40-474c-9abd-0651cf30726e) is started using port RATIS_DATASTREAM=15072
2025-10-22 08:26:09,190 [JvmPauseMonitor19] INFO  util.JvmPauseMonitor (JvmPauseMonitor.java:run(146)) - JvmPauseMonitor-0cab5a7d-6f40-474c-9abd-0651cf30726e: Started
2025-10-22 08:26:09,191 [0cab5a7d-6f40-474c-9abd-0651cf30726e-EndpointStateMachineTaskThread-/0.0.0.0:15002-0 ] INFO  utils.BackgroundService (BackgroundService.java:start(119)) - Starting service BlockDeletingService with interval 60000 milliseconds
2025-10-22 08:26:09,191 [0cab5a7d-6f40-474c-9abd-0651cf30726e-EndpointStateMachineTaskThread-/0.0.0.0:15002-0 ] INFO  utils.BackgroundService (BackgroundService.java:start(119)) - Starting service StaleRecoveringContainerScrubbingService with interval 60000 milliseconds
2025-10-22 08:26:09,643 [4d8a2798-959e-416b-b534-19c13b55a760-impl-thread4] INFO  segmented.SegmentedRaftLogWorker (SegmentedRaftLogWorker.java:close(254)) - 4d8a2798-959e-416b-b534-19c13b55a760@group-C080F8B16968-SegmentedRaftLogWorker close()
2025-10-22 08:26:09,643 [4d8a2798-959e-416b-b534-19c13b55a760-impl-thread4] INFO  ratis.ContainerStateMachine (ContainerStateMachine.java:notifyServerShutdown(1038)) - group-C080F8B16968 is closed by HddsDatanodeService
2025-10-22 08:26:09,686 [4d8a2798-959e-416b-b534-19c13b55a760-impl-thread5] INFO  segmented.SegmentedRaftLogWorker (SegmentedRaftLogWorker.java:close(254)) - 4d8a2798-959e-416b-b534-19c13b55a760@group-5E2F154B5BDB-SegmentedRaftLogWorker close()
2025-10-22 08:26:09,687 [4d8a2798-959e-416b-b534-19c13b55a760-impl-thread5] INFO  ratis.ContainerStateMachine (ContainerStateMachine.java:notifyServerShutdown(1038)) - group-5E2F154B5BDB is closed by HddsDatanodeService
2025-10-22 08:26:09,687 [JvmPauseMonitor15] INFO  util.JvmPauseMonitor (JvmPauseMonitor.java:run(152)) - JvmPauseMonitor-4d8a2798-959e-416b-b534-19c13b55a760: Stopped
2025-10-22 08:26:10,188 [0cab5a7d-6f40-474c-9abd-0651cf30726e@group-45121E95117A-FollowerState] INFO  impl.FollowerState (FollowerState.java:runImpl(161)) - 0cab5a7d-6f40-474c-9abd-0651cf30726e@group-45121E95117A-FollowerState: change to CANDIDATE, lastRpcElapsedTime:1005102208ns, electionTimeout:1004ms
2025-10-22 08:26:10,188 [0cab5a7d-6f40-474c-9abd-0651cf30726e@group-45121E95117A-FollowerState] INFO  impl.RoleInfo (RoleInfo.java:shutdownFollowerState(121)) - 0cab5a7d-6f40-474c-9abd-0651cf30726e: shutdown 0cab5a7d-6f40-474c-9abd-0651cf30726e@group-45121E95117A-FollowerState
2025-10-22 08:26:10,188 [0cab5a7d-6f40-474c-9abd-0651cf30726e@group-45121E95117A-FollowerState] INFO  server.RaftServer$Division (RaftServerImpl.java:setRole(392)) - 0cab5a7d-6f40-474c-9abd-0651cf30726e@group-45121E95117A: changes role from  FOLLOWER to CANDIDATE at term 1 for changeToCandidate
2025-10-22 08:26:10,188 [0cab5a7d-6f40-474c-9abd-0651cf30726e@group-45121E95117A-FollowerState] INFO  impl.RoleInfo (RoleInfo.java:updateAndGet(148)) - 0cab5a7d-6f40-474c-9abd-0651cf30726e: start 0cab5a7d-6f40-474c-9abd-0651cf30726e@group-45121E95117A-LeaderElection249
2025-10-22 08:26:10,189 [0cab5a7d-6f40-474c-9abd-0651cf30726e@group-45121E95117A-LeaderElection249] INFO  impl.LeaderElection (LeaderElection.java:askForVotes(448)) - 0cab5a7d-6f40-474c-9abd-0651cf30726e@group-45121E95117A-LeaderElection249 PRE_VOTE round 0: submit vote requests at term 1 for conf: {index: 0, cur=peers:[9d21e184-bccf-4583-95a7-0fe616dd3b4b|127.0.0.1:15079, 8aba082c-257b-43e3-ba61-5d436c5b38fa|127.0.0.1:15063, 0cab5a7d-6f40-474c-9abd-0651cf30726e|127.0.0.1:15071]|listeners:[], old=null}
2025-10-22 08:26:10,189 [0cab5a7d-6f40-474c-9abd-0651cf30726e@group-45121E95117A-LeaderElection249-1] INFO  server.GrpcServerProtocolClient (GrpcServerProtocolClient.java:<init>(65)) - Build channel for 9d21e184-bccf-4583-95a7-0fe616dd3b4b|127.0.0.1:15079
2025-10-22 08:26:10,189 [0cab5a7d-6f40-474c-9abd-0651cf30726e@group-45121E95117A-LeaderElection249-2] INFO  server.GrpcServerProtocolClient (GrpcServerProtocolClient.java:<init>(65)) - Build channel for 8aba082c-257b-43e3-ba61-5d436c5b38fa|127.0.0.1:15063
2025-10-22 08:26:10,192 [grpc-default-executor-3] INFO  server.RaftServer$Division (RaftServerImpl.java:requestVote(1421)) - 8aba082c-257b-43e3-ba61-5d436c5b38fa@group-45121E95117A: receive requestVote(PRE_VOTE, 0cab5a7d-6f40-474c-9abd-0651cf30726e, group-45121E95117A, 1, (t:1, i:7))
2025-10-22 08:26:10,192 [grpc-default-executor-5] INFO  server.RaftServer$Division (RaftServerImpl.java:requestVote(1421)) - 9d21e184-bccf-4583-95a7-0fe616dd3b4b@group-45121E95117A: receive requestVote(PRE_VOTE, 0cab5a7d-6f40-474c-9abd-0651cf30726e, group-45121E95117A, 1, (t:1, i:7))
2025-10-22 08:26:10,192 [grpc-default-executor-5] INFO  impl.VoteContext (VoteContext.java:log(49)) - 9d21e184-bccf-4583-95a7-0fe616dd3b4b@group-45121E95117A-FOLLOWER: reject PRE_VOTE from 0cab5a7d-6f40-474c-9abd-0651cf30726e: this server is a follower and still has a valid leader 8aba082c-257b-43e3-ba61-5d436c5b38fa different than the candidate 0cab5a7d-6f40-474c-9abd-0651cf30726e
2025-10-22 08:26:10,192 [grpc-default-executor-5] INFO  server.RaftServer$Division (RaftServerImpl.java:requestVote(1455)) - 9d21e184-bccf-4583-95a7-0fe616dd3b4b@group-45121E95117A replies to PRE_VOTE vote request: 0cab5a7d-6f40-474c-9abd-0651cf30726e<-9d21e184-bccf-4583-95a7-0fe616dd3b4b#0:FAIL-t2-last:(t:2, i:17). Peer's state: 9d21e184-bccf-4583-95a7-0fe616dd3b4b@group-45121E95117A:t2, leader=8aba082c-257b-43e3-ba61-5d436c5b38fa, voted=8aba082c-257b-43e3-ba61-5d436c5b38fa, raftlog=Memoized:9d21e184-bccf-4583-95a7-0fe616dd3b4b@group-45121E95117A-SegmentedRaftLog:OPENED:c17:last(t:2, i:17), conf=conf: {index: 8, cur=peers:[9d21e184-bccf-4583-95a7-0fe616dd3b4b|127.0.0.1:15079, 8aba082c-257b-43e3-ba61-5d436c5b38fa|127.0.0.1:15063, 0cab5a7d-6f40-474c-9abd-0651cf30726e|127.0.0.1:15071]|listeners:[], old=null}
2025-10-22 08:26:10,193 [grpc-default-executor-3] INFO  impl.VoteContext (VoteContext.java:log(49)) - 8aba082c-257b-43e3-ba61-5d436c5b38fa@group-45121E95117A-LEADER: reject PRE_VOTE from 0cab5a7d-6f40-474c-9abd-0651cf30726e: this server is the leader and still has leadership
2025-10-22 08:26:10,193 [grpc-default-executor-3] INFO  server.RaftServer$Division (RaftServerImpl.java:requestVote(1455)) - 8aba082c-257b-43e3-ba61-5d436c5b38fa@group-45121E95117A replies to PRE_VOTE vote request: 0cab5a7d-6f40-474c-9abd-0651cf30726e<-8aba082c-257b-43e3-ba61-5d436c5b38fa#0:FAIL-t2-last:(t:2, i:17). Peer's state: 8aba082c-257b-43e3-ba61-5d436c5b38fa@group-45121E95117A:t2, leader=8aba082c-257b-43e3-ba61-5d436c5b38fa, voted=8aba082c-257b-43e3-ba61-5d436c5b38fa, raftlog=Memoized:8aba082c-257b-43e3-ba61-5d436c5b38fa@group-45121E95117A-SegmentedRaftLog:OPENED:c17:last(t:2, i:17), conf=conf: {index: 8, cur=peers:[9d21e184-bccf-4583-95a7-0fe616dd3b4b|127.0.0.1:15079, 8aba082c-257b-43e3-ba61-5d436c5b38fa|127.0.0.1:15063, 0cab5a7d-6f40-474c-9abd-0651cf30726e|127.0.0.1:15071]|listeners:[], old=null}
2025-10-22 08:26:10,193 [0cab5a7d-6f40-474c-9abd-0651cf30726e@group-45121E95117A-LeaderElection249] INFO  impl.LeaderElection (LeaderElection.java:logAndReturn(206)) - 0cab5a7d-6f40-474c-9abd-0651cf30726e@group-45121E95117A-LeaderElection249: PRE_VOTE DISCOVERED_A_NEW_TERM (term=2) received 1 response(s) and 0 exception(s):
2025-10-22 08:26:10,193 [0cab5a7d-6f40-474c-9abd-0651cf30726e@group-45121E95117A-LeaderElection249] INFO  impl.LeaderElection (LeaderElection.java:logAndReturn(210)) -   Response 0: 0cab5a7d-6f40-474c-9abd-0651cf30726e<-9d21e184-bccf-4583-95a7-0fe616dd3b4b#0:FAIL-t2-last:(t:2, i:17)
2025-10-22 08:26:10,193 [0cab5a7d-6f40-474c-9abd-0651cf30726e@group-45121E95117A-LeaderElection249] INFO  impl.LeaderElection (LeaderElection.java:askForVotes(450)) - 0cab5a7d-6f40-474c-9abd-0651cf30726e@group-45121E95117A-LeaderElection249 PRE_VOTE round 0: result DISCOVERED_A_NEW_TERM (term=2)
2025-10-22 08:26:10,193 [0cab5a7d-6f40-474c-9abd-0651cf30726e@group-45121E95117A-LeaderElection249] INFO  server.RaftServer$Division (RaftServerImpl.java:setRole(392)) - 0cab5a7d-6f40-474c-9abd-0651cf30726e@group-45121E95117A: changes role from CANDIDATE to FOLLOWER at term 1 for DISCOVERED_A_NEW_TERM (term=2)
2025-10-22 08:26:10,194 [0cab5a7d-6f40-474c-9abd-0651cf30726e@group-45121E95117A-LeaderElection249] INFO  impl.RoleInfo (RoleInfo.java:shutdownLeaderElection(141)) - 0cab5a7d-6f40-474c-9abd-0651cf30726e: shutdown 0cab5a7d-6f40-474c-9abd-0651cf30726e@group-45121E95117A-LeaderElection249
2025-10-22 08:26:10,194 [0cab5a7d-6f40-474c-9abd-0651cf30726e@group-45121E95117A-LeaderElection249] INFO  impl.RoleInfo (RoleInfo.java:updateAndGet(148)) - 0cab5a7d-6f40-474c-9abd-0651cf30726e: start 0cab5a7d-6f40-474c-9abd-0651cf30726e@group-45121E95117A-FollowerState
2025-10-22 08:26:10,194 [0cab5a7d-6f40-474c-9abd-0651cf30726e@group-45121E95117A-LeaderElection249] INFO  server.RaftServer$Division (RaftServerImpl.java:setFirstElection(576)) - 0cab5a7d-6f40-474c-9abd-0651cf30726e@group-45121E95117A: set firstElectionSinceStartup to false for DISCOVERED_A_NEW_TERM (term=2)
2025-10-22 08:26:10,347 [0cab5a7d-6f40-474c-9abd-0651cf30726e@group-EE76401C21D3-FollowerState] INFO  impl.FollowerState (FollowerState.java:runImpl(161)) - 0cab5a7d-6f40-474c-9abd-0651cf30726e@group-EE76401C21D3-FollowerState: change to CANDIDATE, lastRpcElapsedTime:1168093878ns, electionTimeout:1165ms
2025-10-22 08:26:10,347 [0cab5a7d-6f40-474c-9abd-0651cf30726e@group-EE76401C21D3-FollowerState] INFO  impl.RoleInfo (RoleInfo.java:shutdownFollowerState(121)) - 0cab5a7d-6f40-474c-9abd-0651cf30726e: shutdown 0cab5a7d-6f40-474c-9abd-0651cf30726e@group-EE76401C21D3-FollowerState
2025-10-22 08:26:10,347 [0cab5a7d-6f40-474c-9abd-0651cf30726e@group-EE76401C21D3-FollowerState] INFO  server.RaftServer$Division (RaftServerImpl.java:setRole(392)) - 0cab5a7d-6f40-474c-9abd-0651cf30726e@group-EE76401C21D3: changes role from  FOLLOWER to CANDIDATE at term 2 for changeToCandidate
2025-10-22 08:26:10,348 [0cab5a7d-6f40-474c-9abd-0651cf30726e@group-EE76401C21D3-FollowerState] INFO  impl.RoleInfo (RoleInfo.java:updateAndGet(148)) - 0cab5a7d-6f40-474c-9abd-0651cf30726e: start 0cab5a7d-6f40-474c-9abd-0651cf30726e@group-EE76401C21D3-LeaderElection250
2025-10-22 08:26:10,348 [0cab5a7d-6f40-474c-9abd-0651cf30726e@group-E8ADAFC04A7A-FollowerState] INFO  impl.FollowerState (FollowerState.java:runImpl(161)) - 0cab5a7d-6f40-474c-9abd-0651cf30726e@group-E8ADAFC04A7A-FollowerState: change to CANDIDATE, lastRpcElapsedTime:1164436231ns, electionTimeout:1162ms
2025-10-22 08:26:10,348 [0cab5a7d-6f40-474c-9abd-0651cf30726e@group-E8ADAFC04A7A-FollowerState] INFO  impl.RoleInfo (RoleInfo.java:shutdownFollowerState(121)) - 0cab5a7d-6f40-474c-9abd-0651cf30726e: shutdown 0cab5a7d-6f40-474c-9abd-0651cf30726e@group-E8ADAFC04A7A-FollowerState
2025-10-22 08:26:10,348 [0cab5a7d-6f40-474c-9abd-0651cf30726e@group-E8ADAFC04A7A-FollowerState] INFO  server.RaftServer$Division (RaftServerImpl.java:setRole(392)) - 0cab5a7d-6f40-474c-9abd-0651cf30726e@group-E8ADAFC04A7A: changes role from  FOLLOWER to CANDIDATE at term 3 for changeToCandidate
2025-10-22 08:26:10,348 [0cab5a7d-6f40-474c-9abd-0651cf30726e@group-E8ADAFC04A7A-FollowerState] INFO  impl.RoleInfo (RoleInfo.java:updateAndGet(148)) - 0cab5a7d-6f40-474c-9abd-0651cf30726e: start 0cab5a7d-6f40-474c-9abd-0651cf30726e@group-E8ADAFC04A7A-LeaderElection251
2025-10-22 08:26:10,348 [0cab5a7d-6f40-474c-9abd-0651cf30726e@group-EE76401C21D3-LeaderElection250] INFO  impl.LeaderElection (LeaderElection.java:askForVotes(448)) - 0cab5a7d-6f40-474c-9abd-0651cf30726e@group-EE76401C21D3-LeaderElection250 PRE_VOTE round 0: submit vote requests at term 2 for conf: {index: 1, cur=peers:[0cab5a7d-6f40-474c-9abd-0651cf30726e|127.0.0.1:15071]|listeners:[], old=null}
2025-10-22 08:26:10,348 [0cab5a7d-6f40-474c-9abd-0651cf30726e@group-E8ADAFC04A7A-LeaderElection251] INFO  impl.LeaderElection (LeaderElection.java:askForVotes(448)) - 0cab5a7d-6f40-474c-9abd-0651cf30726e@group-E8ADAFC04A7A-LeaderElection251 PRE_VOTE round 0: submit vote requests at term 3 for conf: {index: 9, cur=peers:[9d21e184-bccf-4583-95a7-0fe616dd3b4b|127.0.0.1:15079, 8aba082c-257b-43e3-ba61-5d436c5b38fa|127.0.0.1:15063, 0cab5a7d-6f40-474c-9abd-0651cf30726e|127.0.0.1:15071]|listeners:[], old=null}
2025-10-22 08:26:10,348 [0cab5a7d-6f40-474c-9abd-0651cf30726e@group-EE76401C21D3-LeaderElection250] INFO  impl.LeaderElection (LeaderElection.java:askForVotes(450)) - 0cab5a7d-6f40-474c-9abd-0651cf30726e@group-EE76401C21D3-LeaderElection250 PRE_VOTE round 0: result PASSED (term=2)
2025-10-22 08:26:10,349 [grpc-default-executor-5] INFO  server.RaftServer$Division (RaftServerImpl.java:requestVote(1421)) - 9d21e184-bccf-4583-95a7-0fe616dd3b4b@group-E8ADAFC04A7A: receive requestVote(PRE_VOTE, 0cab5a7d-6f40-474c-9abd-0651cf30726e, group-E8ADAFC04A7A, 3, (t:3, i:14))
2025-10-22 08:26:10,349 [grpc-default-executor-5] INFO  impl.VoteContext (VoteContext.java:log(49)) - 9d21e184-bccf-4583-95a7-0fe616dd3b4b@group-E8ADAFC04A7A-LEADER: reject PRE_VOTE from 0cab5a7d-6f40-474c-9abd-0651cf30726e: this server is the leader and still has leadership
2025-10-22 08:26:10,349 [grpc-default-executor-3] INFO  server.RaftServer$Division (RaftServerImpl.java:requestVote(1421)) - 8aba082c-257b-43e3-ba61-5d436c5b38fa@group-E8ADAFC04A7A: receive requestVote(PRE_VOTE, 0cab5a7d-6f40-474c-9abd-0651cf30726e, group-E8ADAFC04A7A, 3, (t:3, i:14))
2025-10-22 08:26:10,350 [grpc-default-executor-3] INFO  impl.VoteContext (VoteContext.java:log(49)) - 8aba082c-257b-43e3-ba61-5d436c5b38fa@group-E8ADAFC04A7A-FOLLOWER: reject PRE_VOTE from 0cab5a7d-6f40-474c-9abd-0651cf30726e: this server is a follower and still has a valid leader 9d21e184-bccf-4583-95a7-0fe616dd3b4b different than the candidate 0cab5a7d-6f40-474c-9abd-0651cf30726e
2025-10-22 08:26:10,350 [grpc-default-executor-3] INFO  server.RaftServer$Division (RaftServerImpl.java:requestVote(1455)) - 8aba082c-257b-43e3-ba61-5d436c5b38fa@group-E8ADAFC04A7A replies to PRE_VOTE vote request: 0cab5a7d-6f40-474c-9abd-0651cf30726e<-8aba082c-257b-43e3-ba61-5d436c5b38fa#0:FAIL-t3-last:(t:3, i:14). Peer's state: 8aba082c-257b-43e3-ba61-5d436c5b38fa@group-E8ADAFC04A7A:t3, leader=9d21e184-bccf-4583-95a7-0fe616dd3b4b, voted=9d21e184-bccf-4583-95a7-0fe616dd3b4b, raftlog=Memoized:8aba082c-257b-43e3-ba61-5d436c5b38fa@group-E8ADAFC04A7A-SegmentedRaftLog:OPENED:c14:last(t:3, i:14), conf=conf: {index: 9, cur=peers:[9d21e184-bccf-4583-95a7-0fe616dd3b4b|127.0.0.1:15079, 8aba082c-257b-43e3-ba61-5d436c5b38fa|127.0.0.1:15063, 0cab5a7d-6f40-474c-9abd-0651cf30726e|127.0.0.1:15071]|listeners:[], old=null}
2025-10-22 08:26:10,350 [0cab5a7d-6f40-474c-9abd-0651cf30726e@group-EE76401C21D3-LeaderElection250] INFO  impl.LeaderElection (LeaderElection.java:askForVotes(448)) - 0cab5a7d-6f40-474c-9abd-0651cf30726e@group-EE76401C21D3-LeaderElection250 ELECTION round 0: submit vote requests at term 3 for conf: {index: 1, cur=peers:[0cab5a7d-6f40-474c-9abd-0651cf30726e|127.0.0.1:15071]|listeners:[], old=null}
2025-10-22 08:26:10,350 [0cab5a7d-6f40-474c-9abd-0651cf30726e@group-EE76401C21D3-LeaderElection250] INFO  impl.LeaderElection (LeaderElection.java:askForVotes(450)) - 0cab5a7d-6f40-474c-9abd-0651cf30726e@group-EE76401C21D3-LeaderElection250 ELECTION round 0: result PASSED (term=3)
2025-10-22 08:26:10,350 [0cab5a7d-6f40-474c-9abd-0651cf30726e@group-EE76401C21D3-LeaderElection250] INFO  impl.RoleInfo (RoleInfo.java:shutdownLeaderElection(141)) - 0cab5a7d-6f40-474c-9abd-0651cf30726e: shutdown 0cab5a7d-6f40-474c-9abd-0651cf30726e@group-EE76401C21D3-LeaderElection250
2025-10-22 08:26:10,350 [0cab5a7d-6f40-474c-9abd-0651cf30726e@group-EE76401C21D3-LeaderElection250] INFO  server.RaftServer$Division (RaftServerImpl.java:setRole(392)) - 0cab5a7d-6f40-474c-9abd-0651cf30726e@group-EE76401C21D3: changes role from CANDIDATE to LEADER at term 3 for changeToLeader
2025-10-22 08:26:10,350 [0cab5a7d-6f40-474c-9abd-0651cf30726e@group-EE76401C21D3-LeaderElection250] INFO  server.RaftServerConfigKeys (ConfUtils.java:logFallback(69)) - raft.server.staging.timeout = 3600ms (fallback to raft.server.rpc.timeout.max)
2025-10-22 08:26:10,350 [grpc-default-executor-5] INFO  server.RaftServer$Division (RaftServerImpl.java:requestVote(1455)) - 9d21e184-bccf-4583-95a7-0fe616dd3b4b@group-E8ADAFC04A7A replies to PRE_VOTE vote request: 0cab5a7d-6f40-474c-9abd-0651cf30726e<-9d21e184-bccf-4583-95a7-0fe616dd3b4b#0:FAIL-t3-last:(t:3, i:14). Peer's state: 9d21e184-bccf-4583-95a7-0fe616dd3b4b@group-E8ADAFC04A7A:t3, leader=9d21e184-bccf-4583-95a7-0fe616dd3b4b, voted=9d21e184-bccf-4583-95a7-0fe616dd3b4b, raftlog=Memoized:9d21e184-bccf-4583-95a7-0fe616dd3b4b@group-E8ADAFC04A7A-SegmentedRaftLog:OPENED:c14:last(t:3, i:14), conf=conf: {index: 9, cur=peers:[9d21e184-bccf-4583-95a7-0fe616dd3b4b|127.0.0.1:15079, 8aba082c-257b-43e3-ba61-5d436c5b38fa|127.0.0.1:15063, 0cab5a7d-6f40-474c-9abd-0651cf30726e|127.0.0.1:15071]|listeners:[], old=null}
2025-10-22 08:26:10,350 [0cab5a7d-6f40-474c-9abd-0651cf30726e@group-EE76401C21D3-LeaderElection250] INFO  server.RaftServerConfigKeys (ConfUtils.java:logGet(62)) - raft.server.write.byte-limit = 1024 M (=1073741824) (custom)
2025-10-22 08:26:10,351 [0cab5a7d-6f40-474c-9abd-0651cf30726e@group-EE76401C21D3-LeaderElection250] INFO  impl.RoleInfo (RoleInfo.java:updateAndGet(148)) - 0cab5a7d-6f40-474c-9abd-0651cf30726e: start 0cab5a7d-6f40-474c-9abd-0651cf30726e@group-EE76401C21D3-LeaderStateImpl
2025-10-22 08:26:10,351 [0cab5a7d-6f40-474c-9abd-0651cf30726e@group-EE76401C21D3-LeaderElection250] INFO  server.RaftServer$Division (RaftServerImpl.java:setFirstElection(576)) - 0cab5a7d-6f40-474c-9abd-0651cf30726e@group-EE76401C21D3: set firstElectionSinceStartup to false for becomeLeader
2025-10-22 08:26:10,351 [0cab5a7d-6f40-474c-9abd-0651cf30726e@group-EE76401C21D3-LeaderElection250] INFO  ratis.XceiverServerRatis (XceiverServerRatis.java:handleLeaderChangedNotification(940)) - Leader change notification received for group: group-EE76401C21D3 with new leaderId: 0cab5a7d-6f40-474c-9abd-0651cf30726e
2025-10-22 08:26:10,351 [0cab5a7d-6f40-474c-9abd-0651cf30726e@group-EE76401C21D3-LeaderElection250] INFO  server.RaftServer$Division (ServerState.java:setLeader(272)) - 0cab5a7d-6f40-474c-9abd-0651cf30726e@group-EE76401C21D3: change Leader from null to 0cab5a7d-6f40-474c-9abd-0651cf30726e at term 3 for becomeLeader, leader elected after 1938ms
2025-10-22 08:26:10,352 [0cab5a7d-6f40-474c-9abd-0651cf30726e@group-EE76401C21D3-LeaderElection250] INFO  segmented.SegmentedRaftLogWorker (SegmentedRaftLogWorker.java:rollLogSegment(445)) - 0cab5a7d-6f40-474c-9abd-0651cf30726e@group-EE76401C21D3-SegmentedRaftLogWorker: Rolling segment log-1_2 to index:2
2025-10-22 08:26:10,352 [0cab5a7d-6f40-474c-9abd-0651cf30726e@group-EE76401C21D3-LeaderElection250] INFO  server.RaftServer$Division (ServerState.java:setRaftConf(386)) - 0cab5a7d-6f40-474c-9abd-0651cf30726e@group-EE76401C21D3: set configuration conf: {index: 3, cur=peers:[0cab5a7d-6f40-474c-9abd-0651cf30726e|127.0.0.1:15071]|listeners:[], old=null}
2025-10-22 08:26:10,352 [0cab5a7d-6f40-474c-9abd-0651cf30726e@group-EE76401C21D3-SegmentedRaftLogWorker] INFO  segmented.SegmentedRaftLogWorker (SegmentedRaftLogWorker.java:execute(604)) - 0cab5a7d-6f40-474c-9abd-0651cf30726e@group-EE76401C21D3-SegmentedRaftLogWorker: Rolled log segment from /home/runner/work/ozone/ozone/hadoop-ozone/integration-test/target/test-dir/MiniOzoneClusterImpl-a412b9f6-7d8b-4de3-a85c-9946bceaa3a0/ozone-metadata/datanode-8/ratis/f4bcb322-ee1f-41bd-9c2f-ee76401c21d3/current/log_inprogress_1 to /home/runner/work/ozone/ozone/hadoop-ozone/integration-test/target/test-dir/MiniOzoneClusterImpl-a412b9f6-7d8b-4de3-a85c-9946bceaa3a0/ozone-metadata/datanode-8/ratis/f4bcb322-ee1f-41bd-9c2f-ee76401c21d3/current/log_1-2
2025-10-22 08:26:10,352 [0cab5a7d-6f40-474c-9abd-0651cf30726e@group-E8ADAFC04A7A-LeaderElection251] INFO  impl.LeaderElection (LeaderElection.java:waitForResults(573)) - rejectedPeers: [8aba082c-257b-43e3-ba61-5d436c5b38fa, 9d21e184-bccf-4583-95a7-0fe616dd3b4b], emptyCommit? false
2025-10-22 08:26:10,353 [0cab5a7d-6f40-474c-9abd-0651cf30726e@group-E8ADAFC04A7A-LeaderElection251] INFO  impl.LeaderElection (LeaderElection.java:logAndReturn(206)) - 0cab5a7d-6f40-474c-9abd-0651cf30726e@group-E8ADAFC04A7A-LeaderElection251: PRE_VOTE REJECTED received 2 response(s) and 0 exception(s):
2025-10-22 08:26:10,353 [0cab5a7d-6f40-474c-9abd-0651cf30726e@group-E8ADAFC04A7A-LeaderElection251] INFO  impl.LeaderElection (LeaderElection.java:logAndReturn(210)) -   Response 0: 0cab5a7d-6f40-474c-9abd-0651cf30726e<-9d21e184-bccf-4583-95a7-0fe616dd3b4b#0:FAIL-t3-last:(t:3, i:14)
2025-10-22 08:26:10,353 [0cab5a7d-6f40-474c-9abd-0651cf30726e@group-E8ADAFC04A7A-LeaderElection251] INFO  impl.LeaderElection (LeaderElection.java:logAndReturn(210)) -   Response 1: 0cab5a7d-6f40-474c-9abd-0651cf30726e<-8aba082c-257b-43e3-ba61-5d436c5b38fa#0:FAIL-t3-last:(t:3, i:14)
2025-10-22 08:26:10,353 [0cab5a7d-6f40-474c-9abd-0651cf30726e@group-EE76401C21D3-SegmentedRaftLogWorker] INFO  segmented.BufferedWriteChannel (BufferedWriteChannel.java:open(61)) - open log_inprogress_3 at position 0
2025-10-22 08:26:10,353 [0cab5a7d-6f40-474c-9abd-0651cf30726e@group-E8ADAFC04A7A-LeaderElection251] INFO  impl.LeaderElection (LeaderElection.java:askForVotes(450)) - 0cab5a7d-6f40-474c-9abd-0651cf30726e@group-E8ADAFC04A7A-LeaderElection251 PRE_VOTE round 0: result REJECTED
2025-10-22 08:26:10,354 [0cab5a7d-6f40-474c-9abd-0651cf30726e@group-E8ADAFC04A7A-LeaderElection251] INFO  server.RaftServer$Division (RaftServerImpl.java:setRole(392)) - 0cab5a7d-6f40-474c-9abd-0651cf30726e@group-E8ADAFC04A7A: changes role from CANDIDATE to FOLLOWER at term 3 for REJECTED
2025-10-22 08:26:10,354 [0cab5a7d-6f40-474c-9abd-0651cf30726e@group-E8ADAFC04A7A-LeaderElection251] INFO  impl.RoleInfo (RoleInfo.java:shutdownLeaderElection(141)) - 0cab5a7d-6f40-474c-9abd-0651cf30726e: shutdown 0cab5a7d-6f40-474c-9abd-0651cf30726e@group-E8ADAFC04A7A-LeaderElection251
2025-10-22 08:26:10,354 [0cab5a7d-6f40-474c-9abd-0651cf30726e@group-E8ADAFC04A7A-LeaderElection251] INFO  impl.RoleInfo (RoleInfo.java:updateAndGet(148)) - 0cab5a7d-6f40-474c-9abd-0651cf30726e: start 0cab5a7d-6f40-474c-9abd-0651cf30726e@group-E8ADAFC04A7A-FollowerState
2025-10-22 08:26:10,354 [0cab5a7d-6f40-474c-9abd-0651cf30726e@group-E8ADAFC04A7A-LeaderElection251] INFO  server.RaftServer$Division (RaftServerImpl.java:setFirstElection(576)) - 0cab5a7d-6f40-474c-9abd-0651cf30726e@group-E8ADAFC04A7A: set firstElectionSinceStartup to false for REJECTED
2025-10-22 08:26:10,359 [0cab5a7d-6f40-474c-9abd-0651cf30726e@group-EE76401C21D3-SegmentedRaftLogWorker] INFO  segmented.SegmentedRaftLogWorker (SegmentedRaftLogWorker.java:execute(647)) - 0cab5a7d-6f40-474c-9abd-0651cf30726e@group-EE76401C21D3-SegmentedRaftLogWorker: created new log segment /home/runner/work/ozone/ozone/hadoop-ozone/integration-test/target/test-dir/MiniOzoneClusterImpl-a412b9f6-7d8b-4de3-a85c-9946bceaa3a0/ozone-metadata/datanode-8/ratis/f4bcb322-ee1f-41bd-9c2f-ee76401c21d3/current/log_inprogress_3
2025-10-22 08:26:10,362 [0cab5a7d-6f40-474c-9abd-0651cf30726e@group-EE76401C21D3-StateMachineUpdater] INFO  server.RaftServer$Division (LeaderStateImpl.java:checkStartIndex(309)) - Leader 0cab5a7d-6f40-474c-9abd-0651cf30726e@group-EE76401C21D3-LeaderStateImpl is ready since appliedIndex == startIndex == 3
2025-10-22 08:26:10,385 [9d21e184-bccf-4583-95a7-0fe616dd3b4b@group-E8ADAFC04A7A-LeaderStateImpl] INFO  impl.TransferLeadership (TransferLeadership.java:tryTransferLeadership(258)) - 9d21e184-bccf-4583-95a7-0fe616dd3b4b@group-E8ADAFC04A7A: start transferring leadership to 0cab5a7d-6f40-474c-9abd-0651cf30726e
2025-10-22 08:26:10,385 [9d21e184-bccf-4583-95a7-0fe616dd3b4b@group-E8ADAFC04A7A-LeaderStateImpl] INFO  impl.TransferLeadership (TransferLeadership.java:sendStartLeaderElection(210)) - 9d21e184-bccf-4583-95a7-0fe616dd3b4b@group-E8ADAFC04A7A: sendStartLeaderElection to follower 0cab5a7d-6f40-474c-9abd-0651cf30726e, lastEntry=(t:3, i:14)
2025-10-22 08:26:10,385 [9d21e184-bccf-4583-95a7-0fe616dd3b4b@group-E8ADAFC04A7A-LeaderStateImpl] INFO  impl.TransferLeadership (TransferLeadership.java:tryTransferLeadership(266)) - 9d21e184-bccf-4583-95a7-0fe616dd3b4b@group-E8ADAFC04A7A: SUCCESS sent StartLeaderElection to transferee 0cab5a7d-6f40-474c-9abd-0651cf30726e immediately as it already has up-to-date log
2025-10-22 08:26:10,386 [grpc-default-executor-3] INFO  impl.RoleInfo (RoleInfo.java:shutdownFollowerState(121)) - 0cab5a7d-6f40-474c-9abd-0651cf30726e: shutdown 0cab5a7d-6f40-474c-9abd-0651cf30726e@group-E8ADAFC04A7A-FollowerState
2025-10-22 08:26:10,386 [grpc-default-executor-3] INFO  server.RaftServer$Division (RaftServerImpl.java:setRole(392)) - 0cab5a7d-6f40-474c-9abd-0651cf30726e@group-E8ADAFC04A7A: changes role from  FOLLOWER to CANDIDATE at term 3 for changeToCandidate
2025-10-22 08:26:10,386 [0cab5a7d-6f40-474c-9abd-0651cf30726e@group-E8ADAFC04A7A-FollowerState] INFO  impl.FollowerState (FollowerState.java:runImpl(170)) - 0cab5a7d-6f40-474c-9abd-0651cf30726e@group-E8ADAFC04A7A-FollowerState was interrupted
2025-10-22 08:26:10,388 [grpc-default-executor-3] INFO  impl.RoleInfo (RoleInfo.java:updateAndGet(148)) - 0cab5a7d-6f40-474c-9abd-0651cf30726e: start 0cab5a7d-6f40-474c-9abd-0651cf30726e@group-E8ADAFC04A7A-LeaderElection252
2025-10-22 08:26:10,388 [0cab5a7d-6f40-474c-9abd-0651cf30726e@group-E8ADAFC04A7A-LeaderElection252] INFO  impl.LeaderElection (LeaderElection.java:askForVotes(448)) - 0cab5a7d-6f40-474c-9abd-0651cf30726e@group-E8ADAFC04A7A-LeaderElection252 ELECTION round 0: submit vote requests at term 4 for conf: {index: 9, cur=peers:[9d21e184-bccf-4583-95a7-0fe616dd3b4b|127.0.0.1:15079, 8aba082c-257b-43e3-ba61-5d436c5b38fa|127.0.0.1:15063, 0cab5a7d-6f40-474c-9abd-0651cf30726e|127.0.0.1:15071]|listeners:[], old=null}
2025-10-22 08:26:10,389 [grpc-default-executor-5] INFO  server.RaftServer$Division (RaftServerImpl.java:requestVote(1421)) - 9d21e184-bccf-4583-95a7-0fe616dd3b4b@group-E8ADAFC04A7A: receive requestVote(ELECTION, 0cab5a7d-6f40-474c-9abd-0651cf30726e, group-E8ADAFC04A7A, 4, (t:3, i:14))
2025-10-22 08:26:10,389 [grpc-default-executor-5] INFO  impl.VoteContext (VoteContext.java:log(49)) - 9d21e184-bccf-4583-95a7-0fe616dd3b4b@group-E8ADAFC04A7A-LEADER: accept ELECTION from 0cab5a7d-6f40-474c-9abd-0651cf30726e: our priority 0 <= candidate's priority 1
2025-10-22 08:26:10,389 [grpc-default-executor-5] INFO  server.RaftServer$Division (RaftServerImpl.java:setRole(392)) - 9d21e184-bccf-4583-95a7-0fe616dd3b4b@group-E8ADAFC04A7A: changes role from    LEADER to FOLLOWER at term 3 for candidate:0cab5a7d-6f40-474c-9abd-0651cf30726e
2025-10-22 08:26:10,389 [grpc-default-executor-5] INFO  impl.RoleInfo (RoleInfo.java:shutdownLeaderState(103)) - 9d21e184-bccf-4583-95a7-0fe616dd3b4b: shutdown 9d21e184-bccf-4583-95a7-0fe616dd3b4b@group-E8ADAFC04A7A-LeaderStateImpl
2025-10-22 08:26:10,389 [9d21e184-bccf-4583-95a7-0fe616dd3b4b@group-E8ADAFC04A7A->0cab5a7d-6f40-474c-9abd-0651cf30726e-GrpcLogAppender-LogAppenderDaemon] WARN  server.GrpcLogAppender (GrpcLogAppender.java:mayWait(300)) - 9d21e184-bccf-4583-95a7-0fe616dd3b4b@group-E8ADAFC04A7A->0cab5a7d-6f40-474c-9abd-0651cf30726e-GrpcLogAppender: Wait interrupted by java.lang.InterruptedException
2025-10-22 08:26:10,390 [9d21e184-bccf-4583-95a7-0fe616dd3b4b@group-E8ADAFC04A7A->8aba082c-257b-43e3-ba61-5d436c5b38fa-GrpcLogAppender-LogAppenderDaemon] WARN  server.GrpcLogAppender (GrpcLogAppender.java:mayWait(300)) - 9d21e184-bccf-4583-95a7-0fe616dd3b4b@group-E8ADAFC04A7A->8aba082c-257b-43e3-ba61-5d436c5b38fa-GrpcLogAppender: Wait interrupted by java.lang.InterruptedException
2025-10-22 08:26:10,389 [grpc-default-executor-5] INFO  impl.PendingRequests (PendingRequests.java:sendNotLeaderResponses(287)) - 9d21e184-bccf-4583-95a7-0fe616dd3b4b@group-E8ADAFC04A7A-PendingRequests: sendNotLeaderResponses
2025-10-22 08:26:10,390 [grpc-default-executor-3] INFO  server.RaftServer$Division (RaftServerImpl.java:requestVote(1421)) - 8aba082c-257b-43e3-ba61-5d436c5b38fa@group-E8ADAFC04A7A: receive requestVote(ELECTION, 0cab5a7d-6f40-474c-9abd-0651cf30726e, group-E8ADAFC04A7A, 4, (t:3, i:14))
2025-10-22 08:26:10,390 [grpc-default-executor-3] INFO  impl.VoteContext (VoteContext.java:log(49)) - 8aba082c-257b-43e3-ba61-5d436c5b38fa@group-E8ADAFC04A7A-FOLLOWER: accept ELECTION from 0cab5a7d-6f40-474c-9abd-0651cf30726e: our priority 0 <= candidate's priority 1
2025-10-22 08:26:10,390 [grpc-default-executor-3] INFO  server.RaftServer$Division (RaftServerImpl.java:setRole(392)) - 8aba082c-257b-43e3-ba61-5d436c5b38fa@group-E8ADAFC04A7A: changes role from  FOLLOWER to FOLLOWER at term 3 for candidate:0cab5a7d-6f40-474c-9abd-0651cf30726e
2025-10-22 08:26:10,390 [grpc-default-executor-3] INFO  impl.RoleInfo (RoleInfo.java:shutdownFollowerState(121)) - 8aba082c-257b-43e3-ba61-5d436c5b38fa: shutdown 8aba082c-257b-43e3-ba61-5d436c5b38fa@group-E8ADAFC04A7A-FollowerState
2025-10-22 08:26:10,390 [grpc-default-executor-3] INFO  server.RaftServer$Division (ServerState.java:setLeader(272)) - 8aba082c-257b-43e3-ba61-5d436c5b38fa@group-E8ADAFC04A7A: change Leader from 9d21e184-bccf-4583-95a7-0fe616dd3b4b to null at term 4 for updateCurrentTerm
2025-10-22 08:26:10,390 [grpc-default-executor-3] INFO  impl.RoleInfo (RoleInfo.java:updateAndGet(148)) - 8aba082c-257b-43e3-ba61-5d436c5b38fa: start 8aba082c-257b-43e3-ba61-5d436c5b38fa@group-E8ADAFC04A7A-FollowerState
2025-10-22 08:26:10,391 [grpc-default-executor-5] INFO  server.RaftServer$Division (ServerState.java:setLeader(272)) - 9d21e184-bccf-4583-95a7-0fe616dd3b4b@group-E8ADAFC04A7A: change Leader from 9d21e184-bccf-4583-95a7-0fe616dd3b4b to null at term 3 for candidate:0cab5a7d-6f40-474c-9abd-0651cf30726e
2025-10-22 08:26:10,391 [grpc-default-executor-5] INFO  impl.RoleInfo (RoleInfo.java:updateAndGet(148)) - 9d21e184-bccf-4583-95a7-0fe616dd3b4b: start 9d21e184-bccf-4583-95a7-0fe616dd3b4b@group-E8ADAFC04A7A-FollowerState
2025-10-22 08:26:10,391 [grpc-default-executor-8] INFO  server.GrpcServerProtocolService (GrpcServerProtocolService.java:lambda$null$7(175)) - 8aba082c-257b-43e3-ba61-5d436c5b38fa: Completed APPEND_ENTRIES, lastReply: null 
2025-10-22 08:26:10,391 [grpc-default-executor-0] INFO  server.GrpcServerProtocolService (GrpcServerProtocolService.java:lambda$onCompleted$6(171)) - 8aba082c-257b-43e3-ba61-5d436c5b38fa: Completed APPEND_ENTRIES, lastRequest: null 
2025-10-22 08:26:10,392 [9d21e184-bccf-4583-95a7-0fe616dd3b4b-server-thread1] INFO  impl.TransferLeadership (TransferLeadership.java:lambda$sendStartLeaderElection$2(224)) - 9d21e184-bccf-4583-95a7-0fe616dd3b4b@group-E8ADAFC04A7A: Received startLeaderElection reply from 0cab5a7d-6f40-474c-9abd-0651cf30726e: success? true
2025-10-22 08:26:10,392 [grpc-default-executor-8] INFO  server.GrpcLogAppender (GrpcLogAppender.java:onCompleted(558)) - 9d21e184-bccf-4583-95a7-0fe616dd3b4b@group-E8ADAFC04A7A->8aba082c-257b-43e3-ba61-5d436c5b38fa-AppendLogResponseHandler: follower responses appendEntries COMPLETED
2025-10-22 08:26:10,392 [grpc-default-executor-2] INFO  server.GrpcLogAppender (GrpcLogAppender.java:onCompleted(558)) - 9d21e184-bccf-4583-95a7-0fe616dd3b4b@group-E8ADAFC04A7A->8aba082c-257b-43e3-ba61-5d436c5b38fa-AppendLogResponseHandler: follower responses appendEntries COMPLETED
2025-10-22 08:26:10,391 [8aba082c-257b-43e3-ba61-5d436c5b38fa@group-E8ADAFC04A7A-FollowerState] INFO  impl.FollowerState (FollowerState.java:runImpl(170)) - 8aba082c-257b-43e3-ba61-5d436c5b38fa@group-E8ADAFC04A7A-FollowerState was interrupted
2025-10-22 08:26:10,394 [grpc-default-executor-3] INFO  server.RaftServer$Division (RaftServerImpl.java:requestVote(1455)) - 8aba082c-257b-43e3-ba61-5d436c5b38fa@group-E8ADAFC04A7A replies to ELECTION vote request: 0cab5a7d-6f40-474c-9abd-0651cf30726e<-8aba082c-257b-43e3-ba61-5d436c5b38fa#0:OK-t4-last:(t:3, i:14). Peer's state: 8aba082c-257b-43e3-ba61-5d436c5b38fa@group-E8ADAFC04A7A:t4, leader=null, voted=0cab5a7d-6f40-474c-9abd-0651cf30726e, raftlog=Memoized:8aba082c-257b-43e3-ba61-5d436c5b38fa@group-E8ADAFC04A7A-SegmentedRaftLog:OPENED:c14:last(t:3, i:14), conf=conf: {index: 9, cur=peers:[9d21e184-bccf-4583-95a7-0fe616dd3b4b|127.0.0.1:15079, 8aba082c-257b-43e3-ba61-5d436c5b38fa|127.0.0.1:15063, 0cab5a7d-6f40-474c-9abd-0651cf30726e|127.0.0.1:15071]|listeners:[], old=null}
2025-10-22 08:26:10,394 [grpc-default-executor-5] INFO  server.RaftServer$Division (RaftServerImpl.java:requestVote(1455)) - 9d21e184-bccf-4583-95a7-0fe616dd3b4b@group-E8ADAFC04A7A replies to ELECTION vote request: 0cab5a7d-6f40-474c-9abd-0651cf30726e<-9d21e184-bccf-4583-95a7-0fe616dd3b4b#0:OK-t4-last:(t:3, i:14). Peer's state: 9d21e184-bccf-4583-95a7-0fe616dd3b4b@group-E8ADAFC04A7A:t4, leader=null, voted=0cab5a7d-6f40-474c-9abd-0651cf30726e, raftlog=Memoized:9d21e184-bccf-4583-95a7-0fe616dd3b4b@group-E8ADAFC04A7A-SegmentedRaftLog:OPENED:c14:last(t:3, i:14), conf=conf: {index: 9, cur=peers:[9d21e184-bccf-4583-95a7-0fe616dd3b4b|127.0.0.1:15079, 8aba082c-257b-43e3-ba61-5d436c5b38fa|127.0.0.1:15063, 0cab5a7d-6f40-474c-9abd-0651cf30726e|127.0.0.1:15071]|listeners:[], old=null}
2025-10-22 08:26:10,395 [0cab5a7d-6f40-474c-9abd-0651cf30726e@group-E8ADAFC04A7A-LeaderElection252] INFO  impl.LeaderElection (LeaderElection.java:logAndReturn(206)) - 0cab5a7d-6f40-474c-9abd-0651cf30726e@group-E8ADAFC04A7A-LeaderElection252: ELECTION PASSED received 1 response(s) and 0 exception(s):
2025-10-22 08:26:10,395 [0cab5a7d-6f40-474c-9abd-0651cf30726e@group-E8ADAFC04A7A-LeaderElection252] INFO  impl.LeaderElection (LeaderElection.java:logAndReturn(210)) -   Response 0: 0cab5a7d-6f40-474c-9abd-0651cf30726e<-8aba082c-257b-43e3-ba61-5d436c5b38fa#0:OK-t4-last:(t:3, i:14)
2025-10-22 08:26:10,395 [0cab5a7d-6f40-474c-9abd-0651cf30726e@group-E8ADAFC04A7A-LeaderElection252] INFO  impl.LeaderElection (LeaderElection.java:askForVotes(450)) - 0cab5a7d-6f40-474c-9abd-0651cf30726e@group-E8ADAFC04A7A-LeaderElection252 ELECTION round 0: result PASSED
2025-10-22 08:26:10,395 [0cab5a7d-6f40-474c-9abd-0651cf30726e@group-E8ADAFC04A7A-LeaderElection252] INFO  impl.RoleInfo (RoleInfo.java:shutdownLeaderElection(141)) - 0cab5a7d-6f40-474c-9abd-0651cf30726e: shutdown 0cab5a7d-6f40-474c-9abd-0651cf30726e@group-E8ADAFC04A7A-LeaderElection252
2025-10-22 08:26:10,395 [0cab5a7d-6f40-474c-9abd-0651cf30726e@group-E8ADAFC04A7A-LeaderElection252] INFO  server.RaftServer$Division (RaftServerImpl.java:setRole(392)) - 0cab5a7d-6f40-474c-9abd-0651cf30726e@group-E8ADAFC04A7A: changes role from CANDIDATE to LEADER at term 4 for changeToLeader
2025-10-22 08:26:10,395 [0cab5a7d-6f40-474c-9abd-0651cf30726e@group-E8ADAFC04A7A-LeaderElection252] INFO  server.RaftServerConfigKeys (ConfUtils.java:logFallback(69)) - raft.server.staging.timeout = 3600ms (fallback to raft.server.rpc.timeout.max)
2025-10-22 08:26:10,395 [0cab5a7d-6f40-474c-9abd-0651cf30726e@group-E8ADAFC04A7A-LeaderElection252] INFO  server.RaftServerConfigKeys (ConfUtils.java:logGet(62)) - raft.server.write.byte-limit = 1024 M (=1073741824) (custom)
2025-10-22 08:26:10,397 [0cab5a7d-6f40-474c-9abd-0651cf30726e@group-E8ADAFC04A7A-LeaderElection252] INFO  server.RaftServerConfigKeys (ConfUtils.java:logGet(62)) - raft.server.log.appender.buffer.byte-limit = 33554432 (custom)
2025-10-22 08:26:10,398 [0cab5a7d-6f40-474c-9abd-0651cf30726e@group-E8ADAFC04A7A-LeaderElection252] INFO  server.RaftServerConfigKeys (ConfUtils.java:logGet(62)) - raft.server.log.appender.buffer.byte-limit = 33554432 (custom)
2025-10-22 08:26:10,398 [0cab5a7d-6f40-474c-9abd-0651cf30726e@group-E8ADAFC04A7A-LeaderElection252] INFO  impl.RoleInfo (RoleInfo.java:updateAndGet(148)) - 0cab5a7d-6f40-474c-9abd-0651cf30726e: start 0cab5a7d-6f40-474c-9abd-0651cf30726e@group-E8ADAFC04A7A-LeaderStateImpl
2025-10-22 08:26:10,398 [0cab5a7d-6f40-474c-9abd-0651cf30726e@group-E8ADAFC04A7A-LeaderElection252] INFO  ratis.XceiverServerRatis (XceiverServerRatis.java:handleLeaderChangedNotification(940)) - Leader change notification received for group: group-E8ADAFC04A7A with new leaderId: 0cab5a7d-6f40-474c-9abd-0651cf30726e
2025-10-22 08:26:10,399 [0cab5a7d-6f40-474c-9abd-0651cf30726e@group-E8ADAFC04A7A-LeaderElection252] INFO  server.RaftServer$Division (ServerState.java:setLeader(272)) - 0cab5a7d-6f40-474c-9abd-0651cf30726e@group-E8ADAFC04A7A: change Leader from null to 0cab5a7d-6f40-474c-9abd-0651cf30726e at term 4 for becomeLeader, leader elected after 1972ms
2025-10-22 08:26:10,399 [0cab5a7d-6f40-474c-9abd-0651cf30726e@group-E8ADAFC04A7A-LeaderElection252] INFO  segmented.SegmentedRaftLogWorker (SegmentedRaftLogWorker.java:rollLogSegment(445)) - 0cab5a7d-6f40-474c-9abd-0651cf30726e@group-E8ADAFC04A7A-SegmentedRaftLogWorker: Rolling segment log-9_14 to index:14
2025-10-22 08:26:10,399 [0cab5a7d-6f40-474c-9abd-0651cf30726e@group-E8ADAFC04A7A-SegmentedRaftLogWorker] INFO  segmented.SegmentedRaftLogWorker (SegmentedRaftLogWorker.java:execute(604)) - 0cab5a7d-6f40-474c-9abd-0651cf30726e@group-E8ADAFC04A7A-SegmentedRaftLogWorker: Rolled log segment from /home/runner/work/ozone/ozone/hadoop-ozone/integration-test/target/test-dir/MiniOzoneClusterImpl-a412b9f6-7d8b-4de3-a85c-9946bceaa3a0/ozone-metadata/datanode-8/ratis/daae6601-de49-4157-b371-e8adafc04a7a/current/log_inprogress_9 to /home/runner/work/ozone/ozone/hadoop-ozone/integration-test/target/test-dir/MiniOzoneClusterImpl-a412b9f6-7d8b-4de3-a85c-9946bceaa3a0/ozone-metadata/datanode-8/ratis/daae6601-de49-4157-b371-e8adafc04a7a/current/log_9-14
2025-10-22 08:26:10,400 [0cab5a7d-6f40-474c-9abd-0651cf30726e@group-E8ADAFC04A7A-SegmentedRaftLogWorker] INFO  segmented.BufferedWriteChannel (BufferedWriteChannel.java:open(61)) - open log_inprogress_15 at position 0
2025-10-22 08:26:10,400 [0cab5a7d-6f40-474c-9abd-0651cf30726e@group-E8ADAFC04A7A-LeaderElection252] INFO  server.RaftServer$Division (ServerState.java:setRaftConf(386)) - 0cab5a7d-6f40-474c-9abd-0651cf30726e@group-E8ADAFC04A7A: set configuration conf: {index: 15, cur=peers:[9d21e184-bccf-4583-95a7-0fe616dd3b4b|127.0.0.1:15079, 8aba082c-257b-43e3-ba61-5d436c5b38fa|127.0.0.1:15063, 0cab5a7d-6f40-474c-9abd-0651cf30726e|127.0.0.1:15071]|listeners:[], old=null}
2025-10-22 08:26:10,406 [grpc-default-executor-2] INFO  ratis.XceiverServerRatis (XceiverServerRatis.java:handleLeaderChangedNotification(940)) - Leader change notification received for group: group-E8ADAFC04A7A with new leaderId: 0cab5a7d-6f40-474c-9abd-0651cf30726e
2025-10-22 08:26:10,406 [grpc-default-executor-2] INFO  server.RaftServer$Division (ServerState.java:setLeader(272)) - 9d21e184-bccf-4583-95a7-0fe616dd3b4b@group-E8ADAFC04A7A: change Leader from null to 0cab5a7d-6f40-474c-9abd-0651cf30726e at term 4 for appendEntries, leader elected after 15ms
2025-10-22 08:26:10,407 [grpc-default-executor-3] INFO  ratis.XceiverServerRatis (XceiverServerRatis.java:handleLeaderChangedNotification(940)) - Leader change notification received for group: group-E8ADAFC04A7A with new leaderId: 0cab5a7d-6f40-474c-9abd-0651cf30726e
2025-10-22 08:26:10,407 [grpc-default-executor-3] INFO  server.RaftServer$Division (ServerState.java:setLeader(272)) - 8aba082c-257b-43e3-ba61-5d436c5b38fa@group-E8ADAFC04A7A: change Leader from null to 0cab5a7d-6f40-474c-9abd-0651cf30726e at term 4 for appendEntries, leader elected after 16ms
2025-10-22 08:26:10,407 [grpc-default-executor-3] INFO  server.RaftServer$Division (ServerState.java:setRaftConf(386)) - 8aba082c-257b-43e3-ba61-5d436c5b38fa@group-E8ADAFC04A7A: set configuration conf: {index: 15, cur=peers:[9d21e184-bccf-4583-95a7-0fe616dd3b4b|127.0.0.1:15079, 8aba082c-257b-43e3-ba61-5d436c5b38fa|127.0.0.1:15063, 0cab5a7d-6f40-474c-9abd-0651cf30726e|127.0.0.1:15071]|listeners:[], old=null}
2025-10-22 08:26:10,407 [grpc-default-executor-3] INFO  segmented.SegmentedRaftLogWorker (SegmentedRaftLogWorker.java:rollLogSegment(445)) - 8aba082c-257b-43e3-ba61-5d436c5b38fa@group-E8ADAFC04A7A-SegmentedRaftLogWorker: Rolling segment log-9_14 to index:14
2025-10-22 08:26:10,407 [grpc-default-executor-5] INFO  server.RaftServer$Division (ServerState.java:setRaftConf(386)) - 9d21e184-bccf-4583-95a7-0fe616dd3b4b@group-E8ADAFC04A7A: set configuration conf: {index: 15, cur=peers:[9d21e184-bccf-4583-95a7-0fe616dd3b4b|127.0.0.1:15079, 8aba082c-257b-43e3-ba61-5d436c5b38fa|127.0.0.1:15063, 0cab5a7d-6f40-474c-9abd-0651cf30726e|127.0.0.1:15071]|listeners:[], old=null}
2025-10-22 08:26:10,407 [grpc-default-executor-5] INFO  segmented.SegmentedRaftLogWorker (SegmentedRaftLogWorker.java:rollLogSegment(445)) - 9d21e184-bccf-4583-95a7-0fe616dd3b4b@group-E8ADAFC04A7A-SegmentedRaftLogWorker: Rolling segment log-9_14 to index:14
2025-10-22 08:26:10,410 [9d21e184-bccf-4583-95a7-0fe616dd3b4b@group-E8ADAFC04A7A-SegmentedRaftLogWorker] INFO  segmented.SegmentedRaftLogWorker (SegmentedRaftLogWorker.java:execute(604)) - 9d21e184-bccf-4583-95a7-0fe616dd3b4b@group-E8ADAFC04A7A-SegmentedRaftLogWorker: Rolled log segment from /home/runner/work/ozone/ozone/hadoop-ozone/integration-test/target/test-dir/MiniOzoneClusterImpl-a412b9f6-7d8b-4de3-a85c-9946bceaa3a0/ozone-metadata/datanode-9/ratis/daae6601-de49-4157-b371-e8adafc04a7a/current/log_inprogress_9 to /home/runner/work/ozone/ozone/hadoop-ozone/integration-test/target/test-dir/MiniOzoneClusterImpl-a412b9f6-7d8b-4de3-a85c-9946bceaa3a0/ozone-metadata/datanode-9/ratis/daae6601-de49-4157-b371-e8adafc04a7a/current/log_9-14
2025-10-22 08:26:10,410 [9d21e184-bccf-4583-95a7-0fe616dd3b4b@group-E8ADAFC04A7A-SegmentedRaftLogWorker] INFO  segmented.BufferedWriteChannel (BufferedWriteChannel.java:open(61)) - open log_inprogress_15 at position 0
2025-10-22 08:26:10,410 [8aba082c-257b-43e3-ba61-5d436c5b38fa@group-E8ADAFC04A7A-SegmentedRaftLogWorker] INFO  segmented.SegmentedRaftLogWorker (SegmentedRaftLogWorker.java:execute(604)) - 8aba082c-257b-43e3-ba61-5d436c5b38fa@group-E8ADAFC04A7A-SegmentedRaftLogWorker: Rolled log segment from /home/runner/work/ozone/ozone/hadoop-ozone/integration-test/target/test-dir/MiniOzoneClusterImpl-a412b9f6-7d8b-4de3-a85c-9946bceaa3a0/ozone-metadata/datanode-7/ratis/daae6601-de49-4157-b371-e8adafc04a7a/current/log_inprogress_9 to /home/runner/work/ozone/ozone/hadoop-ozone/integration-test/target/test-dir/MiniOzoneClusterImpl-a412b9f6-7d8b-4de3-a85c-9946bceaa3a0/ozone-metadata/datanode-7/ratis/daae6601-de49-4157-b371-e8adafc04a7a/current/log_9-14
2025-10-22 08:26:10,411 [8aba082c-257b-43e3-ba61-5d436c5b38fa@group-E8ADAFC04A7A-SegmentedRaftLogWorker] INFO  segmented.BufferedWriteChannel (BufferedWriteChannel.java:open(61)) - open log_inprogress_15 at position 0
2025-10-22 08:26:10,414 [0cab5a7d-6f40-474c-9abd-0651cf30726e@group-E8ADAFC04A7A-SegmentedRaftLogWorker] INFO  segmented.SegmentedRaftLogWorker (SegmentedRaftLogWorker.java:execute(647)) - 0cab5a7d-6f40-474c-9abd-0651cf30726e@group-E8ADAFC04A7A-SegmentedRaftLogWorker: created new log segment /home/runner/work/ozone/ozone/hadoop-ozone/integration-test/target/test-dir/MiniOzoneClusterImpl-a412b9f6-7d8b-4de3-a85c-9946bceaa3a0/ozone-metadata/datanode-8/ratis/daae6601-de49-4157-b371-e8adafc04a7a/current/log_inprogress_15
2025-10-22 08:26:10,418 [9d21e184-bccf-4583-95a7-0fe616dd3b4b@group-E8ADAFC04A7A-SegmentedRaftLogWorker] INFO  segmented.SegmentedRaftLogWorker (SegmentedRaftLogWorker.java:execute(647)) - 9d21e184-bccf-4583-95a7-0fe616dd3b4b@group-E8ADAFC04A7A-SegmentedRaftLogWorker: created new log segment /home/runner/work/ozone/ozone/hadoop-ozone/integration-test/target/test-dir/MiniOzoneClusterImpl-a412b9f6-7d8b-4de3-a85c-9946bceaa3a0/ozone-metadata/datanode-9/ratis/daae6601-de49-4157-b371-e8adafc04a7a/current/log_inprogress_15
2025-10-22 08:26:10,418 [8aba082c-257b-43e3-ba61-5d436c5b38fa@group-E8ADAFC04A7A-SegmentedRaftLogWorker] INFO  segmented.SegmentedRaftLogWorker (SegmentedRaftLogWorker.java:execute(647)) - 8aba082c-257b-43e3-ba61-5d436c5b38fa@group-E8ADAFC04A7A-SegmentedRaftLogWorker: created new log segment /home/runner/work/ozone/ozone/hadoop-ozone/integration-test/target/test-dir/MiniOzoneClusterImpl-a412b9f6-7d8b-4de3-a85c-9946bceaa3a0/ozone-metadata/datanode-7/ratis/daae6601-de49-4157-b371-e8adafc04a7a/current/log_inprogress_15
2025-10-22 08:26:10,421 [0cab5a7d-6f40-474c-9abd-0651cf30726e@group-E8ADAFC04A7A-StateMachineUpdater] INFO  server.RaftServer$Division (LeaderStateImpl.java:checkStartIndex(309)) - Leader 0cab5a7d-6f40-474c-9abd-0651cf30726e@group-E8ADAFC04A7A-LeaderStateImpl is ready since appliedIndex == startIndex == 15
2025-10-22 08:26:11,367 [0cab5a7d-6f40-474c-9abd-0651cf30726e@group-45121E95117A-FollowerState] INFO  impl.FollowerState (FollowerState.java:runImpl(161)) - 0cab5a7d-6f40-474c-9abd-0651cf30726e@group-45121E95117A-FollowerState: change to CANDIDATE, lastRpcElapsedTime:1173465529ns, electionTimeout:1173ms
2025-10-22 08:26:11,367 [0cab5a7d-6f40-474c-9abd-0651cf30726e@group-45121E95117A-FollowerState] INFO  impl.RoleInfo (RoleInfo.java:shutdownFollowerState(121)) - 0cab5a7d-6f40-474c-9abd-0651cf30726e: shutdown 0cab5a7d-6f40-474c-9abd-0651cf30726e@group-45121E95117A-FollowerState
2025-10-22 08:26:11,367 [0cab5a7d-6f40-474c-9abd-0651cf30726e@group-45121E95117A-FollowerState] INFO  server.RaftServer$Division (RaftServerImpl.java:setRole(392)) - 0cab5a7d-6f40-474c-9abd-0651cf30726e@group-45121E95117A: changes role from  FOLLOWER to CANDIDATE at term 2 for changeToCandidate
2025-10-22 08:26:11,367 [0cab5a7d-6f40-474c-9abd-0651cf30726e@group-45121E95117A-FollowerState] INFO  impl.RoleInfo (RoleInfo.java:updateAndGet(148)) - 0cab5a7d-6f40-474c-9abd-0651cf30726e: start 0cab5a7d-6f40-474c-9abd-0651cf30726e@group-45121E95117A-LeaderElection253
2025-10-22 08:26:11,368 [0cab5a7d-6f40-474c-9abd-0651cf30726e@group-45121E95117A-LeaderElection253] INFO  impl.LeaderElection (LeaderElection.java:askForVotes(448)) - 0cab5a7d-6f40-474c-9abd-0651cf30726e@group-45121E95117A-LeaderElection253 PRE_VOTE round 0: submit vote requests at term 2 for conf: {index: 0, cur=peers:[9d21e184-bccf-4583-95a7-0fe616dd3b4b|127.0.0.1:15079, 8aba082c-257b-43e3-ba61-5d436c5b38fa|127.0.0.1:15063, 0cab5a7d-6f40-474c-9abd-0651cf30726e|127.0.0.1:15071]|listeners:[], old=null}
2025-10-22 08:26:11,369 [grpc-default-executor-2] INFO  server.RaftServer$Division (RaftServerImpl.java:requestVote(1421)) - 8aba082c-257b-43e3-ba61-5d436c5b38fa@group-45121E95117A: receive requestVote(PRE_VOTE, 0cab5a7d-6f40-474c-9abd-0651cf30726e, group-45121E95117A, 2, (t:1, i:7))
2025-10-22 08:26:11,369 [grpc-default-executor-2] INFO  impl.VoteContext (VoteContext.java:log(49)) - 8aba082c-257b-43e3-ba61-5d436c5b38fa@group-45121E95117A-LEADER: reject PRE_VOTE from 0cab5a7d-6f40-474c-9abd-0651cf30726e: this server is the leader and still has leadership
2025-10-22 08:26:11,369 [grpc-default-executor-2] INFO  server.RaftServer$Division (RaftServerImpl.java:requestVote(1455)) - 8aba082c-257b-43e3-ba61-5d436c5b38fa@group-45121E95117A replies to PRE_VOTE vote request: 0cab5a7d-6f40-474c-9abd-0651cf30726e<-8aba082c-257b-43e3-ba61-5d436c5b38fa#0:FAIL-t2-last:(t:2, i:17). Peer's state: 8aba082c-257b-43e3-ba61-5d436c5b38fa@group-45121E95117A:t2, leader=8aba082c-257b-43e3-ba61-5d436c5b38fa, voted=8aba082c-257b-43e3-ba61-5d436c5b38fa, raftlog=Memoized:8aba082c-257b-43e3-ba61-5d436c5b38fa@group-45121E95117A-SegmentedRaftLog:OPENED:c17:last(t:2, i:17), conf=conf: {index: 8, cur=peers:[9d21e184-bccf-4583-95a7-0fe616dd3b4b|127.0.0.1:15079, 8aba082c-257b-43e3-ba61-5d436c5b38fa|127.0.0.1:15063, 0cab5a7d-6f40-474c-9abd-0651cf30726e|127.0.0.1:15071]|listeners:[], old=null}
2025-10-22 08:26:11,369 [grpc-default-executor-3] INFO  server.RaftServer$Division (RaftServerImpl.java:requestVote(1421)) - 9d21e184-bccf-4583-95a7-0fe616dd3b4b@group-45121E95117A: receive requestVote(PRE_VOTE, 0cab5a7d-6f40-474c-9abd-0651cf30726e, group-45121E95117A, 2, (t:1, i:7))
2025-10-22 08:26:11,370 [grpc-default-executor-3] INFO  impl.VoteContext (VoteContext.java:log(49)) - 9d21e184-bccf-4583-95a7-0fe616dd3b4b@group-45121E95117A-FOLLOWER: reject PRE_VOTE from 0cab5a7d-6f40-474c-9abd-0651cf30726e: this server is a follower and still has a valid leader 8aba082c-257b-43e3-ba61-5d436c5b38fa different than the candidate 0cab5a7d-6f40-474c-9abd-0651cf30726e
2025-10-22 08:26:11,370 [grpc-default-executor-3] INFO  server.RaftServer$Division (RaftServerImpl.java:requestVote(1455)) - 9d21e184-bccf-4583-95a7-0fe616dd3b4b@group-45121E95117A replies to PRE_VOTE vote request: 0cab5a7d-6f40-474c-9abd-0651cf30726e<-9d21e184-bccf-4583-95a7-0fe616dd3b4b#0:FAIL-t2-last:(t:2, i:17). Peer's state: 9d21e184-bccf-4583-95a7-0fe616dd3b4b@group-45121E95117A:t2, leader=8aba082c-257b-43e3-ba61-5d436c5b38fa, voted=8aba082c-257b-43e3-ba61-5d436c5b38fa, raftlog=Memoized:9d21e184-bccf-4583-95a7-0fe616dd3b4b@group-45121E95117A-SegmentedRaftLog:OPENED:c17:last(t:2, i:17), conf=conf: {index: 8, cur=peers:[9d21e184-bccf-4583-95a7-0fe616dd3b4b|127.0.0.1:15079, 8aba082c-257b-43e3-ba61-5d436c5b38fa|127.0.0.1:15063, 0cab5a7d-6f40-474c-9abd-0651cf30726e|127.0.0.1:15071]|listeners:[], old=null}
2025-10-22 08:26:11,370 [0cab5a7d-6f40-474c-9abd-0651cf30726e@group-45121E95117A-LeaderElection253] INFO  impl.LeaderElection (LeaderElection.java:logAndReturn(206)) - 0cab5a7d-6f40-474c-9abd-0651cf30726e@group-45121E95117A-LeaderElection253: PRE_VOTE REJECTED received 1 response(s) and 0 exception(s):
2025-10-22 08:26:11,370 [0cab5a7d-6f40-474c-9abd-0651cf30726e@group-45121E95117A-LeaderElection253] INFO  impl.LeaderElection (LeaderElection.java:logAndReturn(210)) -   Response 0: 0cab5a7d-6f40-474c-9abd-0651cf30726e<-8aba082c-257b-43e3-ba61-5d436c5b38fa#0:FAIL-t2-last:(t:2, i:17)
2025-10-22 08:26:11,370 [0cab5a7d-6f40-474c-9abd-0651cf30726e@group-45121E95117A-LeaderElection253] INFO  impl.LeaderElection (LeaderElection.java:askForVotes(450)) - 0cab5a7d-6f40-474c-9abd-0651cf30726e@group-45121E95117A-LeaderElection253 PRE_VOTE round 0: result REJECTED
2025-10-22 08:26:11,370 [0cab5a7d-6f40-474c-9abd-0651cf30726e@group-45121E95117A-LeaderElection253] INFO  server.RaftServer$Division (RaftServerImpl.java:setRole(392)) - 0cab5a7d-6f40-474c-9abd-0651cf30726e@group-45121E95117A: changes role from CANDIDATE to FOLLOWER at term 2 for REJECTED
2025-10-22 08:26:11,370 [0cab5a7d-6f40-474c-9abd-0651cf30726e@group-45121E95117A-LeaderElection253] INFO  impl.RoleInfo (RoleInfo.java:shutdownLeaderElection(141)) - 0cab5a7d-6f40-474c-9abd-0651cf30726e: shutdown 0cab5a7d-6f40-474c-9abd-0651cf30726e@group-45121E95117A-LeaderElection253
2025-10-22 08:26:11,370 [0cab5a7d-6f40-474c-9abd-0651cf30726e@group-45121E95117A-LeaderElection253] INFO  impl.RoleInfo (RoleInfo.java:updateAndGet(148)) - 0cab5a7d-6f40-474c-9abd-0651cf30726e: start 0cab5a7d-6f40-474c-9abd-0651cf30726e@group-45121E95117A-FollowerState
2025-10-22 08:26:11,690 [ForkJoinPool-1-worker-1] INFO  utils.DatanodeStoreCache (DatanodeStoreCache.java:shutdownCache(110)) - Skip clearing cache in mini cluster mode. Entries left: [/home/runner/work/ozone/ozone/hadoop-ozone/integration-test/target/test-dir/MiniOzoneClusterImpl-a412b9f6-7d8b-4de3-a85c-9946bceaa3a0/ozone-metadata/datanode-1/data-0/hdds/a412b9f6-7d8b-4de3-a85c-9946bceaa3a0/DS-a07e098a-6398-480b-9efd-d3f505e7661c/container.db, /home/runner/work/ozone/ozone/hadoop-ozone/integration-test/target/test-dir/MiniOzoneClusterImpl-a412b9f6-7d8b-4de3-a85c-9946bceaa3a0/ozone-metadata/datanode-10/data-0/hdds/a412b9f6-7d8b-4de3-a85c-9946bceaa3a0/DS-8a3798d9-2bb5-458f-b08b-fc94b9fc23ce/container.db, /home/runner/work/ozone/ozone/hadoop-ozone/integration-test/target/test-dir/MiniOzoneClusterImpl-a412b9f6-7d8b-4de3-a85c-9946bceaa3a0/ozone-metadata/datanode-2/data-0/hdds/a412b9f6-7d8b-4de3-a85c-9946bceaa3a0/DS-4aaa098a-486e-4441-80f0-7688bb8bbdde/container.db, /home/runner/work/ozone/ozone/hadoop-ozone/integration-test/target/test-dir/MiniOzoneClusterImpl-a412b9f6-7d8b-4de3-a85c-9946bceaa3a0/ozone-metadata/datanode-3/data-0/hdds/a412b9f6-7d8b-4de3-a85c-9946bceaa3a0/DS-bebc18f0-1165-45db-a91a-4f24542d176c/container.db, /home/runner/work/ozone/ozone/hadoop-ozone/integration-test/target/test-dir/MiniOzoneClusterImpl-a412b9f6-7d8b-4de3-a85c-9946bceaa3a0/ozone-metadata/datanode-4/data-0/hdds/a412b9f6-7d8b-4de3-a85c-9946bceaa3a0/DS-5d7e6087-1900-4b55-988c-16336b0b4c63/container.db, /home/runner/work/ozone/ozone/hadoop-ozone/integration-test/target/test-dir/MiniOzoneClusterImpl-a412b9f6-7d8b-4de3-a85c-9946bceaa3a0/ozone-metadata/datanode-5/data-0/hdds/a412b9f6-7d8b-4de3-a85c-9946bceaa3a0/DS-ca10d0ba-335c-4c88-91c2-e630968cb905/container.db, /home/runner/work/ozone/ozone/hadoop-ozone/integration-test/target/test-dir/MiniOzoneClusterImpl-a412b9f6-7d8b-4de3-a85c-9946bceaa3a0/ozone-metadata/datanode-6/data-0/hdds/a412b9f6-7d8b-4de3-a85c-9946bceaa3a0/DS-4a321f51-abfc-498c-a23e-1fd398dcf1d8/container.db, /home/runner/work/ozone/ozone/hadoop-ozone/integration-test/target/test-dir/MiniOzoneClusterImpl-a412b9f6-7d8b-4de3-a85c-9946bceaa3a0/ozone-metadata/datanode-7/data-0/hdds/a412b9f6-7d8b-4de3-a85c-9946bceaa3a0/DS-2f6f67bf-9efa-4b7c-aaf0-b55f90e251b4/container.db, /home/runner/work/ozone/ozone/hadoop-ozone/integration-test/target/test-dir/MiniOzoneClusterImpl-a412b9f6-7d8b-4de3-a85c-9946bceaa3a0/ozone-metadata/datanode-8/data-0/hdds/a412b9f6-7d8b-4de3-a85c-9946bceaa3a0/DS-1ec53189-a8d9-456e-823c-b078e2857cda/container.db, /home/runner/work/ozone/ozone/hadoop-ozone/integration-test/target/test-dir/MiniOzoneClusterImpl-a412b9f6-7d8b-4de3-a85c-9946bceaa3a0/ozone-metadata/datanode-9/data-0/hdds/a412b9f6-7d8b-4de3-a85c-9946bceaa3a0/DS-2a9dbd48-deb6-4f23-96bb-1f0c806128cb/container.db]
2025-10-22 08:26:11,691 [ForkJoinPool-1-worker-1] INFO  utils.DatanodeStoreCache (DatanodeStoreCache.java:removeDB(104)) - Removed db /home/runner/work/ozone/ozone/hadoop-ozone/integration-test/target/test-dir/MiniOzoneClusterImpl-a412b9f6-7d8b-4de3-a85c-9946bceaa3a0/ozone-metadata/datanode-2/data-0/hdds/a412b9f6-7d8b-4de3-a85c-9946bceaa3a0/DS-4aaa098a-486e-4441-80f0-7688bb8bbdde/container.db from cache
2025-10-22 08:26:11,692 [ForkJoinPool-1-worker-1] INFO  volume.HddsVolume (HddsVolume.java:closeDbStore(609)) - SchemaV3 db is stopped at /home/runner/work/ozone/ozone/hadoop-ozone/integration-test/target/test-dir/MiniOzoneClusterImpl-a412b9f6-7d8b-4de3-a85c-9946bceaa3a0/ozone-metadata/datanode-2/data-0/hdds/a412b9f6-7d8b-4de3-a85c-9946bceaa3a0/DS-4aaa098a-486e-4441-80f0-7688bb8bbdde/container.db for volume DS-4aaa098a-486e-4441-80f0-7688bb8bbdde
2025-10-22 08:26:11,692 [ForkJoinPool-1-worker-1] INFO  utils.BackgroundService (BackgroundService.java:shutdown(195)) - Shutting down service BlockDeletingService
2025-10-22 08:26:11,692 [ForkJoinPool-1-worker-1] INFO  utils.BackgroundService (BackgroundService.java:shutdown(195)) - Shutting down service StaleRecoveringContainerScrubbingService
2025-10-22 08:26:11,694 [ForkJoinPool-1-worker-1] INFO  statemachine.DatanodeStateMachine (DatanodeStateMachine.java:stopDaemon(654)) - Ozone container server stopped.
2025-10-22 08:26:11,709 [ForkJoinPool-1-worker-1] INFO  handler.ContextHandler (ContextHandler.java:doStop(1159)) - Stopped o.e.j.w.WebAppContext@4e498fe2{hddsDatanode,/,null,STOPPED}{jar:file:/home/runner/work/ozone/ozone/hadoop-hdds/container-service/target/hdds-container-service-2.1.0-SNAPSHOT.jar!/webapps/hddsDatanode}
2025-10-22 08:26:11,710 [ForkJoinPool-1-worker-1] INFO  server.AbstractConnector (AbstractConnector.java:doStop(383)) - Stopped ServerConnector@5a76b6bf{HTTP/1.1, (http/1.1)}{0.0.0.0:15018}
2025-10-22 08:26:11,710 [ForkJoinPool-1-worker-1] INFO  server.session (HouseKeeper.java:stopScavenging(149)) - node0 Stopped scavenging
2025-10-22 08:26:11,711 [ForkJoinPool-1-worker-1] INFO  handler.ContextHandler (ContextHandler.java:doStop(1159)) - Stopped o.e.j.s.ServletContextHandler@3b231538{static,/static,jar:file:/home/runner/work/ozone/ozone/hadoop-hdds/container-service/target/hdds-container-service-2.1.0-SNAPSHOT.jar!/webapps/static,STOPPED}
2025-10-22 08:26:11,711 [ForkJoinPool-1-worker-1] INFO  handler.ContextHandler (ContextHandler.java:doStop(1159)) - Stopped o.e.j.s.ServletContextHandler@3440a975{logs,/logs,file:///home/runner/work/ozone/ozone/hadoop-ozone/integration-test/target/log,STOPPED}
2025-10-22 08:26:11,712 [ForkJoinPool-1-worker-1] INFO  ozone.HddsDatanodeClientProtocolServer (HddsDatanodeClientProtocolServer.java:stop(82)) - Stopping the RPC server for Client Protocol
2025-10-22 08:26:11,712 [ForkJoinPool-1-worker-1] INFO  ipc.Server (Server.java:stop(3697)) - Stopping server on 15019
2025-10-22 08:26:11,713 [IPC Server listener on 15019] INFO  ipc.Server (Server.java:run(1585)) - Stopping IPC Server listener on 15019
2025-10-22 08:26:11,713 [IPC Server Responder] INFO  ipc.Server (Server.java:run(1718)) - Stopping IPC Server Responder
2025-10-22 08:26:11,720 [grpc-default-executor-2] WARN  server.GrpcLogAppender (GrpcLogAppender.java:lambda$resetClient$1(228)) - 1c036820-4dbe-4abe-80fb-5ca88de5e2f0@group-5E2F154B5BDB->4d8a2798-959e-416b-b534-19c13b55a760-GrpcLogAppender: Follower failed (request=null, errorCount=15); keep nextIndex (10) unchanged and retry.
2025-10-22 08:26:11,723 [grpc-default-executor-5] WARN  server.GrpcLogAppender (GrpcLogAppender.java:lambda$resetClient$1(228)) - 1c036820-4dbe-4abe-80fb-5ca88de5e2f0@group-5E2F154B5BDB->4d8a2798-959e-416b-b534-19c13b55a760-GrpcLogAppender: Follower failed (request=null, errorCount=17); keep nextIndex (12) unchanged and retry.
2025-10-22 08:26:11,726 [grpc-default-executor-3] WARN  server.GrpcLogAppender (GrpcLogAppender.java:lambda$resetClient$1(228)) - 1c036820-4dbe-4abe-80fb-5ca88de5e2f0@group-5E2F154B5BDB->4d8a2798-959e-416b-b534-19c13b55a760-GrpcLogAppender: Follower failed (request=null, errorCount=19); keep nextIndex (14) unchanged and retry.
2025-10-22 08:26:11,731 [grpc-default-executor-5] WARN  server.GrpcLogAppender (GrpcLogAppender.java:lambda$resetClient$1(228)) - 1c036820-4dbe-4abe-80fb-5ca88de5e2f0@group-5E2F154B5BDB->4d8a2798-959e-416b-b534-19c13b55a760-GrpcLogAppender: Follower failed (request=null, errorCount=21); keep nextIndex (16) unchanged and retry.
2025-10-22 08:26:12,434 [0cab5a7d-6f40-474c-9abd-0651cf30726e@group-45121E95117A-FollowerState] INFO  impl.FollowerState (FollowerState.java:runImpl(161)) - 0cab5a7d-6f40-474c-9abd-0651cf30726e@group-45121E95117A-FollowerState: change to CANDIDATE, lastRpcElapsedTime:1063311071ns, electionTimeout:1063ms
2025-10-22 08:26:12,434 [0cab5a7d-6f40-474c-9abd-0651cf30726e@group-45121E95117A-FollowerState] INFO  impl.RoleInfo (RoleInfo.java:shutdownFollowerState(121)) - 0cab5a7d-6f40-474c-9abd-0651cf30726e: shutdown 0cab5a7d-6f40-474c-9abd-0651cf30726e@group-45121E95117A-FollowerState
2025-10-22 08:26:12,434 [0cab5a7d-6f40-474c-9abd-0651cf30726e@group-45121E95117A-FollowerState] INFO  server.RaftServer$Division (RaftServerImpl.java:setRole(392)) - 0cab5a7d-6f40-474c-9abd-0651cf30726e@group-45121E95117A: changes role from  FOLLOWER to CANDIDATE at term 2 for changeToCandidate
2025-10-22 08:26:12,434 [0cab5a7d-6f40-474c-9abd-0651cf30726e@group-45121E95117A-FollowerState] INFO  impl.RoleInfo (RoleInfo.java:updateAndGet(148)) - 0cab5a7d-6f40-474c-9abd-0651cf30726e: start 0cab5a7d-6f40-474c-9abd-0651cf30726e@group-45121E95117A-LeaderElection254
2025-10-22 08:26:12,434 [0cab5a7d-6f40-474c-9abd-0651cf30726e@group-45121E95117A-LeaderElection254] INFO  impl.LeaderElection (LeaderElection.java:askForVotes(448)) - 0cab5a7d-6f40-474c-9abd-0651cf30726e@group-45121E95117A-LeaderElection254 PRE_VOTE round 0: submit vote requests at term 2 for conf: {index: 0, cur=peers:[9d21e184-bccf-4583-95a7-0fe616dd3b4b|127.0.0.1:15079, 8aba082c-257b-43e3-ba61-5d436c5b38fa|127.0.0.1:15063, 0cab5a7d-6f40-474c-9abd-0651cf30726e|127.0.0.1:15071]|listeners:[], old=null}
2025-10-22 08:26:12,436 [grpc-default-executor-3] INFO  server.RaftServer$Division (RaftServerImpl.java:requestVote(1421)) - 8aba082c-257b-43e3-ba61-5d436c5b38fa@group-45121E95117A: receive requestVote(PRE_VOTE, 0cab5a7d-6f40-474c-9abd-0651cf30726e, group-45121E95117A, 2, (t:1, i:7))
2025-10-22 08:26:12,436 [grpc-default-executor-3] INFO  impl.VoteContext (VoteContext.java:log(49)) - 8aba082c-257b-43e3-ba61-5d436c5b38fa@group-45121E95117A-LEADER: reject PRE_VOTE from 0cab5a7d-6f40-474c-9abd-0651cf30726e: this server is the leader and still has leadership
2025-10-22 08:26:12,436 [grpc-default-executor-5] INFO  server.RaftServer$Division (RaftServerImpl.java:requestVote(1421)) - 9d21e184-bccf-4583-95a7-0fe616dd3b4b@group-45121E95117A: receive requestVote(PRE_VOTE, 0cab5a7d-6f40-474c-9abd-0651cf30726e, group-45121E95117A, 2, (t:1, i:7))
2025-10-22 08:26:12,436 [grpc-default-executor-5] INFO  impl.VoteContext (VoteContext.java:log(49)) - 9d21e184-bccf-4583-95a7-0fe616dd3b4b@group-45121E95117A-FOLLOWER: reject PRE_VOTE from 0cab5a7d-6f40-474c-9abd-0651cf30726e: this server is a follower and still has a valid leader 8aba082c-257b-43e3-ba61-5d436c5b38fa different than the candidate 0cab5a7d-6f40-474c-9abd-0651cf30726e
2025-10-22 08:26:12,436 [grpc-default-executor-5] INFO  server.RaftServer$Division (RaftServerImpl.java:requestVote(1455)) - 9d21e184-bccf-4583-95a7-0fe616dd3b4b@group-45121E95117A replies to PRE_VOTE vote request: 0cab5a7d-6f40-474c-9abd-0651cf30726e<-9d21e184-bccf-4583-95a7-0fe616dd3b4b#0:FAIL-t2-last:(t:2, i:17). Peer's state: 9d21e184-bccf-4583-95a7-0fe616dd3b4b@group-45121E95117A:t2, leader=8aba082c-257b-43e3-ba61-5d436c5b38fa, voted=8aba082c-257b-43e3-ba61-5d436c5b38fa, raftlog=Memoized:9d21e184-bccf-4583-95a7-0fe616dd3b4b@group-45121E95117A-SegmentedRaftLog:OPENED:c17:last(t:2, i:17), conf=conf: {index: 8, cur=peers:[9d21e184-bccf-4583-95a7-0fe616dd3b4b|127.0.0.1:15079, 8aba082c-257b-43e3-ba61-5d436c5b38fa|127.0.0.1:15063, 0cab5a7d-6f40-474c-9abd-0651cf30726e|127.0.0.1:15071]|listeners:[], old=null}
2025-10-22 08:26:12,436 [grpc-default-executor-3] INFO  server.RaftServer$Division (RaftServerImpl.java:requestVote(1455)) - 8aba082c-257b-43e3-ba61-5d436c5b38fa@group-45121E95117A replies to PRE_VOTE vote request: 0cab5a7d-6f40-474c-9abd-0651cf30726e<-8aba082c-257b-43e3-ba61-5d436c5b38fa#0:FAIL-t2-last:(t:2, i:17). Peer's state: 8aba082c-257b-43e3-ba61-5d436c5b38fa@group-45121E95117A:t2, leader=8aba082c-257b-43e3-ba61-5d436c5b38fa, voted=8aba082c-257b-43e3-ba61-5d436c5b38fa, raftlog=Memoized:8aba082c-257b-43e3-ba61-5d436c5b38fa@group-45121E95117A-SegmentedRaftLog:OPENED:c17:last(t:2, i:17), conf=conf: {index: 8, cur=peers:[9d21e184-bccf-4583-95a7-0fe616dd3b4b|127.0.0.1:15079, 8aba082c-257b-43e3-ba61-5d436c5b38fa|127.0.0.1:15063, 0cab5a7d-6f40-474c-9abd-0651cf30726e|127.0.0.1:15071]|listeners:[], old=null}
2025-10-22 08:26:12,437 [0cab5a7d-6f40-474c-9abd-0651cf30726e@group-45121E95117A-LeaderElection254] INFO  impl.LeaderElection (LeaderElection.java:logAndReturn(206)) - 0cab5a7d-6f40-474c-9abd-0651cf30726e@group-45121E95117A-LeaderElection254: PRE_VOTE REJECTED received 1 response(s) and 0 exception(s):
2025-10-22 08:26:12,437 [0cab5a7d-6f40-474c-9abd-0651cf30726e@group-45121E95117A-LeaderElection254] INFO  impl.LeaderElection (LeaderElection.java:logAndReturn(210)) -   Response 0: 0cab5a7d-6f40-474c-9abd-0651cf30726e<-8aba082c-257b-43e3-ba61-5d436c5b38fa#0:FAIL-t2-last:(t:2, i:17)
2025-10-22 08:26:12,437 [0cab5a7d-6f40-474c-9abd-0651cf30726e@group-45121E95117A-LeaderElection254] INFO  impl.LeaderElection (LeaderElection.java:askForVotes(450)) - 0cab5a7d-6f40-474c-9abd-0651cf30726e@group-45121E95117A-LeaderElection254 PRE_VOTE round 0: result REJECTED
2025-10-22 08:26:12,437 [0cab5a7d-6f40-474c-9abd-0651cf30726e@group-45121E95117A-LeaderElection254] INFO  server.RaftServer$Division (RaftServerImpl.java:setRole(392)) - 0cab5a7d-6f40-474c-9abd-0651cf30726e@group-45121E95117A: changes role from CANDIDATE to FOLLOWER at term 2 for REJECTED
2025-10-22 08:26:12,437 [0cab5a7d-6f40-474c-9abd-0651cf30726e@group-45121E95117A-LeaderElection254] INFO  impl.RoleInfo (RoleInfo.java:shutdownLeaderElection(141)) - 0cab5a7d-6f40-474c-9abd-0651cf30726e: shutdown 0cab5a7d-6f40-474c-9abd-0651cf30726e@group-45121E95117A-LeaderElection254
2025-10-22 08:26:12,437 [0cab5a7d-6f40-474c-9abd-0651cf30726e@group-45121E95117A-LeaderElection254] INFO  impl.RoleInfo (RoleInfo.java:updateAndGet(148)) - 0cab5a7d-6f40-474c-9abd-0651cf30726e: start 0cab5a7d-6f40-474c-9abd-0651cf30726e@group-45121E95117A-FollowerState
2025-10-22 08:26:12,757 [timer2] WARN  server.GrpcLogAppender (LogUtils.java:warn(127)) - 8aba082c-257b-43e3-ba61-5d436c5b38fa@group-45121E95117A->0cab5a7d-6f40-474c-9abd-0651cf30726e-AppendLogResponseHandler: Failed appendEntries (Repeated 18 times in the last 5.000s): org.apache.ratis.thirdparty.io.grpc.StatusRuntimeException: UNAVAILABLE: io exception
  Caused by: org.apache.ratis.thirdparty.io.netty.channel.AbstractChannel$AnnotatedConnectException: finishConnect(..) failed: Connection refused: /127.0.0.1:15071
  Caused by: java.net.ConnectException: finishConnect(..) failed: Connection refused
2025-10-22 08:26:12,757 [timer3] WARN  server.GrpcLogAppender (GrpcLogAppender.java:lambda$resetClient$1(228)) - 8aba082c-257b-43e3-ba61-5d436c5b38fa@group-45121E95117A->0cab5a7d-6f40-474c-9abd-0651cf30726e-GrpcLogAppender: Follower failed (request=null, errorCount=34); keep nextIndex (10) unchanged and retry. (Repeated 4 times in the last 5.000s)
2025-10-22 08:26:13,276 [timer4] WARN  server.GrpcLogAppender (GrpcLogAppender.java:lambda$resetClient$1(228)) - 8aba082c-257b-43e3-ba61-5d436c5b38fa@group-45121E95117A->0cab5a7d-6f40-474c-9abd-0651cf30726e-GrpcLogAppender: Follower failed (request=null, errorCount=36); keep nextIndex (13) unchanged and retry. (Repeated 2 times in the last 5.000s)
2025-10-22 08:26:13,278 [timer7] WARN  server.GrpcLogAppender (GrpcLogAppender.java:lambda$resetClient$1(228)) - 8aba082c-257b-43e3-ba61-5d436c5b38fa@group-45121E95117A->0cab5a7d-6f40-474c-9abd-0651cf30726e-GrpcLogAppender: Follower failed (request=null, errorCount=38); keep nextIndex (14) unchanged and retry. (Repeated 2 times in the last 5.000s)
2025-10-22 08:26:13,284 [timer5] WARN  server.GrpcLogAppender (GrpcLogAppender.java:lambda$resetClient$1(228)) - 9d21e184-bccf-4583-95a7-0fe616dd3b4b@group-E8ADAFC04A7A->0cab5a7d-6f40-474c-9abd-0651cf30726e-GrpcLogAppender: Follower failed (request=null, errorCount=34); keep nextIndex (15) unchanged and retry. (Repeated 4 times in the last 5.000s)
2025-10-22 08:26:13,286 [timer0] WARN  server.GrpcLogAppender (GrpcLogAppender.java:lambda$resetClient$1(228)) - 8aba082c-257b-43e3-ba61-5d436c5b38fa@group-45121E95117A->0cab5a7d-6f40-474c-9abd-0651cf30726e-GrpcLogAppender: Follower failed (request=null, errorCount=42); keep nextIndex (16) unchanged and retry. (Repeated 2 times in the last 5.000s)
2025-10-22 08:26:13,290 [timer3] WARN  server.GrpcLogAppender (GrpcLogAppender.java:lambda$resetClient$1(228)) - 8aba082c-257b-43e3-ba61-5d436c5b38fa@group-45121E95117A->0cab5a7d-6f40-474c-9abd-0651cf30726e-GrpcLogAppender: Follower failed (request=null, errorCount=44); keep nextIndex (17) unchanged and retry. (Repeated 2 times in the last 5.000s)
2025-10-22 08:26:13,292 [timer5] WARN  server.GrpcLogAppender (GrpcLogAppender.java:lambda$resetClient$1(228)) - 8aba082c-257b-43e3-ba61-5d436c5b38fa@group-45121E95117A->0cab5a7d-6f40-474c-9abd-0651cf30726e-GrpcLogAppender: Follower failed (request=null, errorCount=48); keep nextIndex (18) unchanged and retry. (Repeated 4 times in the last 5.000s)
2025-10-22 08:26:13,367 [timer7] WARN  server.GrpcLogAppender (LogUtils.java:warn(127)) - 9d21e184-bccf-4583-95a7-0fe616dd3b4b@group-E8ADAFC04A7A->0cab5a7d-6f40-474c-9abd-0651cf30726e-AppendLogResponseHandler: Failed appendEntries (Repeated 2 times in the last 5.000s): org.apache.ratis.thirdparty.io.grpc.StatusRuntimeException: UNAVAILABLE: io exception
  Caused by: org.apache.ratis.thirdparty.io.netty.channel.AbstractChannel$AnnotatedConnectException: finishConnect(..) failed: Connection refused: /127.0.0.1:15071
  Caused by: java.net.ConnectException: finishConnect(..) failed: Connection refused
2025-10-22 08:26:13,554 [0cab5a7d-6f40-474c-9abd-0651cf30726e@group-45121E95117A-FollowerState] INFO  impl.FollowerState (FollowerState.java:runImpl(161)) - 0cab5a7d-6f40-474c-9abd-0651cf30726e@group-45121E95117A-FollowerState: change to CANDIDATE, lastRpcElapsedTime:1117367195ns, electionTimeout:1117ms
2025-10-22 08:26:13,554 [0cab5a7d-6f40-474c-9abd-0651cf30726e@group-45121E95117A-FollowerState] INFO  impl.RoleInfo (RoleInfo.java:shutdownFollowerState(121)) - 0cab5a7d-6f40-474c-9abd-0651cf30726e: shutdown 0cab5a7d-6f40-474c-9abd-0651cf30726e@group-45121E95117A-FollowerState
2025-10-22 08:26:13,555 [0cab5a7d-6f40-474c-9abd-0651cf30726e@group-45121E95117A-FollowerState] INFO  server.RaftServer$Division (RaftServerImpl.java:setRole(392)) - 0cab5a7d-6f40-474c-9abd-0651cf30726e@group-45121E95117A: changes role from  FOLLOWER to CANDIDATE at term 2 for changeToCandidate
2025-10-22 08:26:13,555 [0cab5a7d-6f40-474c-9abd-0651cf30726e@group-45121E95117A-FollowerState] INFO  impl.RoleInfo (RoleInfo.java:updateAndGet(148)) - 0cab5a7d-6f40-474c-9abd-0651cf30726e: start 0cab5a7d-6f40-474c-9abd-0651cf30726e@group-45121E95117A-LeaderElection255
2025-10-22 08:26:13,555 [0cab5a7d-6f40-474c-9abd-0651cf30726e@group-45121E95117A-LeaderElection255] INFO  impl.LeaderElection (LeaderElection.java:askForVotes(448)) - 0cab5a7d-6f40-474c-9abd-0651cf30726e@group-45121E95117A-LeaderElection255 PRE_VOTE round 0: submit vote requests at term 2 for conf: {index: 0, cur=peers:[9d21e184-bccf-4583-95a7-0fe616dd3b4b|127.0.0.1:15079, 8aba082c-257b-43e3-ba61-5d436c5b38fa|127.0.0.1:15063, 0cab5a7d-6f40-474c-9abd-0651cf30726e|127.0.0.1:15071]|listeners:[], old=null}
2025-10-22 08:26:13,556 [grpc-default-executor-5] INFO  server.RaftServer$Division (RaftServerImpl.java:requestVote(1421)) - 8aba082c-257b-43e3-ba61-5d436c5b38fa@group-45121E95117A: receive requestVote(PRE_VOTE, 0cab5a7d-6f40-474c-9abd-0651cf30726e, group-45121E95117A, 2, (t:1, i:7))
2025-10-22 08:26:13,556 [grpc-default-executor-3] INFO  server.RaftServer$Division (RaftServerImpl.java:requestVote(1421)) - 9d21e184-bccf-4583-95a7-0fe616dd3b4b@group-45121E95117A: receive requestVote(PRE_VOTE, 0cab5a7d-6f40-474c-9abd-0651cf30726e, group-45121E95117A, 2, (t:1, i:7))
2025-10-22 08:26:13,556 [grpc-default-executor-5] INFO  impl.VoteContext (VoteContext.java:log(49)) - 8aba082c-257b-43e3-ba61-5d436c5b38fa@group-45121E95117A-LEADER: reject PRE_VOTE from 0cab5a7d-6f40-474c-9abd-0651cf30726e: this server is the leader and still has leadership
2025-10-22 08:26:13,556 [grpc-default-executor-3] INFO  impl.VoteContext (VoteContext.java:log(49)) - 9d21e184-bccf-4583-95a7-0fe616dd3b4b@group-45121E95117A-FOLLOWER: reject PRE_VOTE from 0cab5a7d-6f40-474c-9abd-0651cf30726e: this server is a follower and still has a valid leader 8aba082c-257b-43e3-ba61-5d436c5b38fa different than the candidate 0cab5a7d-6f40-474c-9abd-0651cf30726e
2025-10-22 08:26:13,556 [grpc-default-executor-5] INFO  server.RaftServer$Division (RaftServerImpl.java:requestVote(1455)) - 8aba082c-257b-43e3-ba61-5d436c5b38fa@group-45121E95117A replies to PRE_VOTE vote request: 0cab5a7d-6f40-474c-9abd-0651cf30726e<-8aba082c-257b-43e3-ba61-5d436c5b38fa#0:FAIL-t2-last:(t:2, i:17). Peer's state: 8aba082c-257b-43e3-ba61-5d436c5b38fa@group-45121E95117A:t2, leader=8aba082c-257b-43e3-ba61-5d436c5b38fa, voted=8aba082c-257b-43e3-ba61-5d436c5b38fa, raftlog=Memoized:8aba082c-257b-43e3-ba61-5d436c5b38fa@group-45121E95117A-SegmentedRaftLog:OPENED:c17:last(t:2, i:17), conf=conf: {index: 8, cur=peers:[9d21e184-bccf-4583-95a7-0fe616dd3b4b|127.0.0.1:15079, 8aba082c-257b-43e3-ba61-5d436c5b38fa|127.0.0.1:15063, 0cab5a7d-6f40-474c-9abd-0651cf30726e|127.0.0.1:15071]|listeners:[], old=null}
2025-10-22 08:26:13,556 [grpc-default-executor-3] INFO  server.RaftServer$Division (RaftServerImpl.java:requestVote(1455)) - 9d21e184-bccf-4583-95a7-0fe616dd3b4b@group-45121E95117A replies to PRE_VOTE vote request: 0cab5a7d-6f40-474c-9abd-0651cf30726e<-9d21e184-bccf-4583-95a7-0fe616dd3b4b#0:FAIL-t2-last:(t:2, i:17). Peer's state: 9d21e184-bccf-4583-95a7-0fe616dd3b4b@group-45121E95117A:t2, leader=8aba082c-257b-43e3-ba61-5d436c5b38fa, voted=8aba082c-257b-43e3-ba61-5d436c5b38fa, raftlog=Memoized:9d21e184-bccf-4583-95a7-0fe616dd3b4b@group-45121E95117A-SegmentedRaftLog:OPENED:c17:last(t:2, i:17), conf=conf: {index: 8, cur=peers:[9d21e184-bccf-4583-95a7-0fe616dd3b4b|127.0.0.1:15079, 8aba082c-257b-43e3-ba61-5d436c5b38fa|127.0.0.1:15063, 0cab5a7d-6f40-474c-9abd-0651cf30726e|127.0.0.1:15071]|listeners:[], old=null}
2025-10-22 08:26:13,557 [0cab5a7d-6f40-474c-9abd-0651cf30726e@group-45121E95117A-LeaderElection255] INFO  impl.LeaderElection (LeaderElection.java:logAndReturn(206)) - 0cab5a7d-6f40-474c-9abd-0651cf30726e@group-45121E95117A-LeaderElection255: PRE_VOTE REJECTED received 2 response(s) and 0 exception(s):
2025-10-22 08:26:13,558 [0cab5a7d-6f40-474c-9abd-0651cf30726e@group-45121E95117A-LeaderElection255] INFO  impl.LeaderElection (LeaderElection.java:logAndReturn(210)) -   Response 0: 0cab5a7d-6f40-474c-9abd-0651cf30726e<-9d21e184-bccf-4583-95a7-0fe616dd3b4b#0:FAIL-t2-last:(t:2, i:17)
2025-10-22 08:26:13,558 [0cab5a7d-6f40-474c-9abd-0651cf30726e@group-45121E95117A-LeaderElection255] INFO  impl.LeaderElection (LeaderElection.java:logAndReturn(210)) -   Response 1: 0cab5a7d-6f40-474c-9abd-0651cf30726e<-8aba082c-257b-43e3-ba61-5d436c5b38fa#0:FAIL-t2-last:(t:2, i:17)
2025-10-22 08:26:13,558 [0cab5a7d-6f40-474c-9abd-0651cf30726e@group-45121E95117A-LeaderElection255] INFO  impl.LeaderElection (LeaderElection.java:askForVotes(450)) - 0cab5a7d-6f40-474c-9abd-0651cf30726e@group-45121E95117A-LeaderElection255 PRE_VOTE round 0: result REJECTED
2025-10-22 08:26:13,558 [0cab5a7d-6f40-474c-9abd-0651cf30726e@group-45121E95117A-LeaderElection255] INFO  server.RaftServer$Division (RaftServerImpl.java:setRole(392)) - 0cab5a7d-6f40-474c-9abd-0651cf30726e@group-45121E95117A: changes role from CANDIDATE to FOLLOWER at term 2 for REJECTED
2025-10-22 08:26:13,558 [0cab5a7d-6f40-474c-9abd-0651cf30726e@group-45121E95117A-LeaderElection255] INFO  impl.RoleInfo (RoleInfo.java:shutdownLeaderElection(141)) - 0cab5a7d-6f40-474c-9abd-0651cf30726e: shutdown 0cab5a7d-6f40-474c-9abd-0651cf30726e@group-45121E95117A-LeaderElection255
2025-10-22 08:26:13,558 [0cab5a7d-6f40-474c-9abd-0651cf30726e@group-45121E95117A-LeaderElection255] INFO  impl.RoleInfo (RoleInfo.java:updateAndGet(148)) - 0cab5a7d-6f40-474c-9abd-0651cf30726e: start 0cab5a7d-6f40-474c-9abd-0651cf30726e@group-45121E95117A-FollowerState
2025-10-22 08:26:13,699 [timer3] WARN  server.GrpcLogAppender (LogUtils.java:warn(127)) - 1c036820-4dbe-4abe-80fb-5ca88de5e2f0@group-5E2F154B5BDB->4d8a2798-959e-416b-b534-19c13b55a760-AppendLogResponseHandler: Failed appendEntries (Repeated 26 times in the last 5.000s): org.apache.ratis.thirdparty.io.grpc.StatusRuntimeException: UNAVAILABLE: io exception
  Caused by: org.apache.ratis.thirdparty.io.netty.channel.AbstractChannel$AnnotatedConnectException: finishConnect(..) failed: Connection refused: /127.0.0.1:15023
  Caused by: java.net.ConnectException: finishConnect(..) failed: Connection refused
2025-10-22 08:26:13,700 [timer6] WARN  server.GrpcLogAppender (GrpcLogAppender.java:lambda$resetClient$1(228)) - 40df8fc4-149d-40c0-897d-2844034d8141@group-C626CE820278->4d8a2798-959e-416b-b534-19c13b55a760-GrpcLogAppender: Follower failed (request=null, errorCount=18); keep nextIndex (7) unchanged and retry. (Repeated 18 times in the last 4.999s)
2025-10-22 08:26:13,700 [timer4] WARN  server.GrpcLogAppender (GrpcLogAppender.java:lambda$resetClient$1(228)) - 1c036820-4dbe-4abe-80fb-5ca88de5e2f0@group-5E2F154B5BDB->4d8a2798-959e-416b-b534-19c13b55a760-GrpcLogAppender: Follower failed (request=null, errorCount=14); keep nextIndex (9) unchanged and retry. (Repeated 14 times in the last 5.001s)
2025-10-22 08:26:13,700 [timer5] WARN  server.GrpcLogAppender (LogUtils.java:warn(127)) - 40df8fc4-149d-40c0-897d-2844034d8141@group-C626CE820278->4d8a2798-959e-416b-b534-19c13b55a760-AppendLogResponseHandler: Failed appendEntries (Repeated 18 times in the last 5.000s): org.apache.ratis.thirdparty.io.grpc.StatusRuntimeException: UNAVAILABLE: io exception
  Caused by: org.apache.ratis.thirdparty.io.netty.channel.AbstractChannel$AnnotatedConnectException: finishConnect(..) failed: Connection refused: /127.0.0.1:15023
  Caused by: java.net.ConnectException: finishConnect(..) failed: Connection refused
2025-10-22 08:26:14,091 [grpc-default-executor-5] WARN  server.GrpcLogAppender (LogUtils.java:warn(127)) - 40df8fc4-149d-40c0-897d-2844034d8141@group-C626CE820278->4d8a2798-959e-416b-b534-19c13b55a760-AppendLogResponseHandler: Failed appendEntries: org.apache.ratis.thirdparty.io.grpc.StatusRuntimeException: UNAVAILABLE: io exception
  Caused by: org.apache.ratis.thirdparty.io.netty.channel.AbstractChannel$AnnotatedConnectException: finishConnect(..) failed: Connection refused: /127.0.0.1:15023
  Caused by: java.net.ConnectException: finishConnect(..) failed: Connection refused
2025-10-22 08:26:14,091 [grpc-default-executor-3] WARN  server.GrpcLogAppender (GrpcLogAppender.java:lambda$resetClient$1(228)) - 40df8fc4-149d-40c0-897d-2844034d8141@group-C626CE820278->4d8a2798-959e-416b-b534-19c13b55a760-GrpcLogAppender: Follower failed (request=null, errorCount=19); keep nextIndex (7) unchanged and retry.
2025-10-22 08:26:14,237 [grpc-default-executor-3] WARN  server.GrpcLogAppender (LogUtils.java:warn(127)) - 1c036820-4dbe-4abe-80fb-5ca88de5e2f0@group-5E2F154B5BDB->4d8a2798-959e-416b-b534-19c13b55a760-AppendLogResponseHandler: Failed appendEntries: org.apache.ratis.thirdparty.io.grpc.StatusRuntimeException: UNAVAILABLE: io exception
  Caused by: org.apache.ratis.thirdparty.io.netty.channel.AbstractChannel$AnnotatedConnectException: finishConnect(..) failed: Connection refused: /127.0.0.1:15023
  Caused by: java.net.ConnectException: finishConnect(..) failed: Connection refused
2025-10-22 08:26:14,286 [LeakDetector-OzoneClientObject1] WARN  client.OzoneClientFactory (HddsUtils.java:reportLeak(902)) - OzoneClient is not closed properly
StackTrace for unclosed instance: org.apache.hadoop.ozone.client.OzoneClientFactory.getRpcClient(OzoneClientFactory.java:176)
org.apache.hadoop.ozone.client.OzoneClientFactory.getRpcClient(OzoneClientFactory.java:161)
org.apache.hadoop.ozone.client.rpc.TestFailureHandlingByClient.testDatanodeExclusionWithMajorityCommit(TestFailureHandlingByClient.java:430)
java.base/jdk.internal.reflect.DirectMethodHandleAccessor.invoke(DirectMethodHandleAccessor.java:103)
java.base/java.lang.reflect.Method.invoke(Method.java:580)
org.junit.platform.commons.util.ReflectionUtils.invokeMethod(ReflectionUtils.java:786)
org.junit.platform.commons.support.ReflectionSupport.invokeMethod(ReflectionSupport.java:514)
org.junit.jupiter.engine.execution.MethodInvocation.proceed(MethodInvocation.java:60)
org.junit.jupiter.engine.execution.InvocationInterceptorChain$ValidatingInvocation.proceed(InvocationInterceptorChain.java:131)
org.junit.jupiter.engine.extension.SameThreadTimeoutInvocation.proceed(SameThreadTimeoutInvocation.java:49)
org.junit.jupiter.engine.extension.TimeoutExtension.intercept(TimeoutExtension.java:161)
org.junit.jupiter.engine.extension.TimeoutExtension.interceptTestableMethod(TimeoutExtension.java:152)
org.junit.jupiter.engine.extension.TimeoutExtension.interceptTestTemplateMethod(TimeoutExtension.java:99)
org.junit.jupiter.engine.execution.InterceptingExecutableInvoker$ReflectiveInterceptorCall.lambda$ofVoidMethod$0(InterceptingExecutableInvoker.java:112)
org.junit.jupiter.engine.execution.InterceptingExecutableInvoker.lambda$invoke$0(InterceptingExecutableInvoker.java:94)
org.junit.jupiter.engine.execution.InvocationInterceptorChain$InterceptedInvocation.proceed(InvocationInterceptorChain.java:106)
org.junit.jupiter.engine.execution.InvocationInterceptorChain.proceed(InvocationInterceptorChain.java:64)
org.junit.jupiter.engine.execution.InvocationInterceptorChain.chainAndInvoke(InvocationInterceptorChain.java:45)
org.junit.jupiter.engine.execution.InvocationInterceptorChain.invoke(InvocationInterceptorChain.java:37)
org.junit.jupiter.engine.execution.InterceptingExecutableInvoker.invoke(InterceptingExecutableInvoker.java:93)
org.junit.jupiter.engine.execution.InterceptingExecutableInvoker.invoke(InterceptingExecutableInvoker.java:87)
org.junit.jupiter.engine.descriptor.TestMethodTestDescriptor.lambda$invokeTestMethod$4(TestMethodTestDescriptor.java:221)
org.junit.platform.engine.support.hierarchical.ThrowableCollector.execute(ThrowableCollector.java:73)
org.junit.jupiter.engine.descriptor.TestMethodTestDescriptor.invokeTestMethod(TestMethodTestDescriptor.java:217)
org.junit.jupiter.engine.descriptor.TestMethodTestDescriptor.execute(TestMethodTestDescriptor.java:159)
org.junit.jupiter.engine.descriptor.TestMethodTestDescriptor.execute(TestMethodTestDescriptor.java:70)
org.junit.platform.engine.support.hierarchical.NodeTestTask.lambda$executeRecursively$6(NodeTestTask.java:157)
org.junit.platform.engine.support.hierarchical.ThrowableCollector.execute(ThrowableCollector.java:73)
org.junit.platform.engine.support.hierarchical.NodeTestTask.lambda$executeRecursively$8(NodeTestTask.java:147)
org.junit.platform.engine.support.hierarchical.Node.around(Node.java:137)
org.junit.platform.engine.support.hierarchical.NodeTestTask.lambda$executeRecursively$9(NodeTestTask.java:145)
org.junit.platform.engine.support.hierarchical.ThrowableCollector.execute(ThrowableCollector.java:73)
org.junit.platform.engine.support.hierarchical.NodeTestTask.executeRecursively(NodeTestTask.java:144)
org.junit.platform.engine.support.hierarchical.NodeTestTask.execute(NodeTestTask.java:101)
org.junit.platform.engine.support.hierarchical.ForkJoinPoolHierarchicalTestExecutorService$ExclusiveTask.exec(ForkJoinPoolHierarchicalTestExecutorService.java:274)
org.junit.platform.engine.support.hierarchical.ForkJoinPoolHierarchicalTestExecutorService$ExclusiveTask.execSync(ForkJoinPoolHierarchicalTestExecutorService.java:247)
org.junit.platform.engine.support.hierarchical.ForkJoinPoolHierarchicalTestExecutorService.submit(ForkJoinPoolHierarchicalTestExecutorService.java:148)
org.junit.platform.engine.support.hierarchical.NodeTestTask$DefaultDynamicTestExecutor.execute(NodeTestTask.java:232)
org.junit.platform.engine.support.hierarchical.NodeTestTask$DefaultDynamicTestExecutor.execute(NodeTestTask.java:210)
org.junit.jupiter.engine.descriptor.TemplateExecutor.execute(TemplateExecutor.java:98)
org.junit.jupiter.engine.descriptor.TemplateExecutor.lambda$executeForProvider$0(TemplateExecutor.java:61)
java.base/java.util.Optional.ifPresent(Optional.java:178)
org.junit.jupiter.engine.descriptor.TemplateExecutor.lambda$executeForProvider$1(TemplateExecutor.java:61)
java.base/java.util.stream.ForEachOps$ForEachOp$OfRef.accept(ForEachOps.java:184)
java.base/java.util.stream.ReferencePipeline$3$1.accept(ReferencePipeline.java:197)
java.base/java.util.stream.ForEachOps$ForEachOp$OfRef.accept(ForEachOps.java:184)
java.base/java.util.stream.ForEachOps$ForEachOp$OfRef.accept(ForEachOps.java:184)
java.base/java.util.stream.ReferencePipeline$3$1.accept(ReferencePipeline.java:197)
java.base/java.util.Iterator.forEachRemaining(Iterator.java:133)
java.base/java.util.Spliterators$IteratorSpliterator.forEachRemaining(Spliterators.java:1939)
java.base/java.util.stream.AbstractPipeline.copyInto(AbstractPipeline.java:509)
java.base/java.util.stream.AbstractPipeline.wrapAndCopyInto(AbstractPipeline.java:499)
java.base/java.util.stream.ForEachOps$ForEachOp.evaluateSequential(ForEachOps.java:151)
java.base/java.util.stream.ForEachOps$ForEachOp$OfRef.evaluateSequential(ForEachOps.java:174)
java.base/java.util.stream.AbstractPipeline.evaluate(AbstractPipeline.java:234)
java.base/java.util.stream.ReferencePipeline.forEach(ReferencePipeline.java:596)
java.base/java.util.stream.ReferencePipeline$7$1.accept(ReferencePipeline.java:276)
java.base/java.util.ArrayList$ArrayListSpliterator.forEachRemaining(ArrayList.java:1708)
java.base/java.util.stream.AbstractPipeline.copyInto(AbstractPipeline.java:509)
java.base/java.util.stream.AbstractPipeline.wrapAndCopyInto(AbstractPipeline.java:499)
java.base/java.util.stream.ForEachOps$ForEachOp.evaluateSequential(ForEachOps.java:151)
java.base/java.util.stream.ForEachOps$ForEachOp$OfRef.evaluateSequential(ForEachOps.java:174)
java.base/java.util.stream.AbstractPipeline.evaluate(AbstractPipeline.java:234)
java.base/java.util.stream.ReferencePipeline.forEach(ReferencePipeline.java:596)
java.base/java.util.stream.ReferencePipeline$7$1.accept(ReferencePipeline.java:276)
java.base/java.util.stream.ReferencePipeline$3$1.accept(ReferencePipeline.java:197)
java.base/java.util.stream.ReferencePipeline$3$1.accept(ReferencePipeline.java:197)
java.base/java.util.stream.ReferencePipeline$3$1.accept(ReferencePipeline.java:197)
java.base/java.util.ArrayList$ArrayListSpliterator.forEachRemaining(ArrayList.java:1708)
java.base/java.util.stream.AbstractPipeline.copyInto(AbstractPipeline.java:509)
java.base/java.util.stream.AbstractPipeline.wrapAndCopyInto(AbstractPipeline.java:499)
java.base/java.util.stream.ForEachOps$ForEachOp.evaluateSequential(ForEachOps.java:151)
java.base/java.util.stream.ForEachOps$ForEachOp$OfRef.evaluateSequential(ForEachOps.java:174)
java.base/java.util.stream.AbstractPipeline.evaluate(AbstractPipeline.java:234)
java.base/java.util.stream.ReferencePipeline.forEach(ReferencePipeline.java:596)
org.junit.jupiter.engine.descriptor.TemplateExecutor.executeForProvider(TemplateExecutor.java:59)
org.junit.jupiter.engine.descriptor.TemplateExecutor.execute(TemplateExecutor.java:48)
org.junit.jupiter.engine.descriptor.TestTemplateTestDescriptor.execute(TestTemplateTestDescriptor.java:112)
org.junit.jupiter.engine.descriptor.TestTemplateTestDescriptor.execute(TestTemplateTestDescriptor.java:40)
org.junit.platform.engine.support.hierarchical.NodeTestTask.lambda$executeRecursively$6(NodeTestTask.java:157)
org.junit.platform.engine.support.hierarchical.ThrowableCollector.execute(ThrowableCollector.java:73)
org.junit.platform.engine.support.hierarchical.NodeTestTask.lambda$executeRecursively$8(NodeTestTask.java:147)
org.junit.platform.engine.support.hierarchical.Node.around(Node.java:137)
org.junit.platform.engine.support.hierarchical.NodeTestTask.lambda$executeRecursively$9(NodeTestTask.java:145)
org.junit.platform.engine.support.hierarchical.ThrowableCollector.execute(ThrowableCollector.java:73)
org.junit.platform.engine.support.hierarchical.NodeTestTask.executeRecursively(NodeTestTask.java:144)
org.junit.platform.engine.support.hierarchical.NodeTestTask.execute(NodeTestTask.java:101)
org.junit.platform.engine.support.hierarchical.ForkJoinPoolHierarchicalTestExecutorService$ExclusiveTask.exec(ForkJoinPoolHierarchicalTestExecutorService.java:274)
org.junit.platform.engine.support.hierarchical.ForkJoinPoolHierarchicalTestExecutorService$ExclusiveTask.execSync(ForkJoinPoolHierarchicalTestExecutorService.java:247)
org.junit.platform.engine.support.hierarchical.ForkJoinPoolHierarchicalTestExecutorService.executeSync(ForkJoinPoolHierarchicalTestExecutorService.java:194)
org.junit.platform.engine.support.hierarchical.ForkJoinPoolHierarchicalTestExecutorService.invokeAll(ForkJoinPoolHierarchicalTestExecutorService.java:166)
org.junit.platform.engine.support.hierarchical.NodeTestTask.lambda$executeRecursively$6(NodeTestTask.java:161)
org.junit.platform.engine.support.hierarchical.ThrowableCollector.execute(ThrowableCollector.java:73)
org.junit.platform.engine.support.hierarchical.NodeTestTask.lambda$executeRecursively$8(NodeTestTask.java:147)
org.junit.platform.engine.support.hierarchical.Node.around(Node.java:137)
org.junit.platform.engine.support.hierarchical.NodeTestTask.lambda$executeRecursively$9(NodeTestTask.java:145)
org.junit.platform.engine.support.hierarchical.ThrowableCollector.execute(ThrowableCollector.java:73)
org.junit.platform.engine.support.hierarchical.NodeTestTask.executeRecursively(NodeTestTask.java:144)
org.junit.platform.engine.support.hierarchical.NodeTestTask.execute(NodeTestTask.java:101)
org.junit.platform.engine.support.hierarchical.ForkJoinPoolHierarchicalTestExecutorService$ExclusiveTask.exec(ForkJoinPoolHierarchicalTestExecutorService.java:274)
org.junit.platform.engine.support.hierarchical.ForkJoinPoolHierarchicalTestExecutorService$ExclusiveTask.execSync(ForkJoinPoolHierarchicalTestExecutorService.java:247)
org.junit.platform.engine.support.hierarchical.ForkJoinPoolHierarchicalTestExecutorService.invokeAll(ForkJoinPoolHierarchicalTestExecutorService.java:159)
org.junit.platform.engine.support.hierarchical.NodeTestTask.lambda$executeRecursively$6(NodeTestTask.java:161)
org.junit.platform.engine.support.hierarchical.ThrowableCollector.execute(ThrowableCollector.java:73)
org.junit.platform.engine.support.hierarchical.NodeTestTask.lambda$executeRecursively$8(NodeTestTask.java:147)
org.junit.platform.engine.support.hierarchical.Node.around(Node.java:137)
org.junit.platform.engine.support.hierarchical.NodeTestTask.lambda$executeRecursively$9(NodeTestTask.java:145)
org.junit.platform.engine.support.hierarchical.ThrowableCollector.execute(ThrowableCollector.java:73)
org.junit.platform.engine.support.hierarchical.NodeTestTask.executeRecursively(NodeTestTask.java:144)
org.junit.platform.engine.support.hierarchical.NodeTestTask.execute(NodeTestTask.java:101)
org.junit.platform.engine.support.hierarchical.ForkJoinPoolHierarchicalTestExecutorService$ExclusiveTask.exec(ForkJoinPoolHierarchicalTestExecutorService.java:274)
java.base/java.util.concurrent.ForkJoinTask.doExec(ForkJoinTask.java:387)
java.base/java.util.concurrent.ForkJoinPool$WorkQueue.topLevelExec(ForkJoinPool.java:1312)
java.base/java.util.concurrent.ForkJoinPool.scan(ForkJoinPool.java:1843)
java.base/java.util.concurrent.ForkJoinPool.runWorker(ForkJoinPool.java:1808)
java.base/java.util.concurrent.ForkJoinWorkerThread.run(ForkJoinWorkerThread.java:188)

2025-10-22 08:26:14,286 [Finalizer] WARN  db.CodecBuffer (CodecBuffer.java:detectLeaks(281)) - LEAK 1: [0<=0<=1048576: ], refCnt=1, capacity=1048576 allocation:
org.apache.hadoop.hdds.utils.db.CodecBuffer.<init>(CodecBuffer.java:53)
org.apache.hadoop.hdds.utils.db.CodecBuffer$LeakDetector$1.<init>(CodecBuffer.java:100)
org.apache.hadoop.hdds.utils.db.CodecBuffer$LeakDetector.newCodecBuffer(CodecBuffer.java:100)
org.apache.hadoop.hdds.utils.db.CodecBuffer$Factory.newCodecBuffer(CodecBuffer.java:93)
org.apache.hadoop.hdds.utils.db.CodecBuffer$Factory.newCodecBuffer(CodecBuffer.java:89)
org.apache.hadoop.hdds.utils.db.CodecBuffer.allocate(CodecBuffer.java:204)
org.apache.hadoop.hdds.utils.db.CodecBuffer.allocateDirect(CodecBuffer.java:212)
org.apache.hadoop.ozone.common.ChunkBuffer.allocate(ChunkBuffer.java:48)
org.apache.hadoop.hdds.scm.storage.BufferPool.allocateBuffer(BufferPool.java:98)
org.apache.hadoop.hdds.scm.storage.BlockOutputStream.allocateNewBufferIfNeeded(BlockOutputStream.java:427)
org.apache.hadoop.hdds.scm.storage.BlockOutputStream.write(BlockOutputStream.java:384)
org.apache.hadoop.ozone.client.io.BlockOutputStreamEntry.write(BlockOutputStreamEntry.java:183)
org.apache.hadoop.ozone.client.io.KeyOutputStream.writeToOutputStream(KeyOutputStream.java:298)
org.apache.hadoop.ozone.client.io.KeyOutputStream.handleWrite(KeyOutputStream.java:274)
org.apache.hadoop.ozone.client.io.KeyOutputStream.lambda$write$1(KeyOutputStream.java:240)
org.apache.hadoop.ozone.client.io.KeyOutputStream.doInWriteLock(KeyOutputStream.java:251)
org.apache.hadoop.ozone.client.io.KeyOutputStream.write(KeyOutputStream.java:239)
org.apache.hadoop.ozone.client.io.OzoneOutputStream.write(OzoneOutputStream.java:93)
java.base/java.io.OutputStream.write(OutputStream.java:124)
org.apache.hadoop.ozone.client.rpc.TestFailureHandlingByClient.testDatanodeExclusionWithMajorityCommit(TestFailureHandlingByClient.java:466)
java.base/jdk.internal.reflect.DirectMethodHandleAccessor.invoke(DirectMethodHandleAccessor.java:103)
java.base/java.lang.reflect.Method.invoke(Method.java:580)
org.junit.platform.commons.util.ReflectionUtils.invokeMethod(ReflectionUtils.java:786)
org.junit.platform.commons.support.ReflectionSupport.invokeMethod(ReflectionSupport.java:514)
org.junit.jupiter.engine.execution.MethodInvocation.proceed(MethodInvocation.java:60)
org.junit.jupiter.engine.execution.InvocationInterceptorChain$ValidatingInvocation.proceed(InvocationInterceptorChain.java:131)
org.junit.jupiter.engine.extension.SameThreadTimeoutInvocation.proceed(SameThreadTimeoutInvocation.java:49)
org.junit.jupiter.engine.extension.TimeoutExtension.intercept(TimeoutExtension.java:161)
org.junit.jupiter.engine.extension.TimeoutExtension.interceptTestableMethod(TimeoutExtension.java:152)
org.junit.jupiter.engine.extension.TimeoutExtension.interceptTestTemplateMethod(TimeoutExtension.java:99)
org.junit.jupiter.engine.execution.InterceptingExecutableInvoker$ReflectiveInterceptorCall.lambda$ofVoidMethod$0(InterceptingExecutableInvoker.java:112)
org.junit.jupiter.engine.execution.InterceptingExecutableInvoker.lambda$invoke$0(InterceptingExecutableInvoker.java:94)
org.junit.jupiter.engine.execution.InvocationInterceptorChain$InterceptedInvocation.proceed(InvocationInterceptorChain.java:106)
org.junit.jupiter.engine.execution.InvocationInterceptorChain.proceed(InvocationInterceptorChain.java:64)
org.junit.jupiter.engine.execution.InvocationInterceptorChain.chainAndInvoke(InvocationInterceptorChain.java:45)
org.junit.jupiter.engine.execution.InvocationInterceptorChain.invoke(InvocationInterceptorChain.java:37)
org.junit.jupiter.engine.execution.InterceptingExecutableInvoker.invoke(InterceptingExecutableInvoker.java:93)
org.junit.jupiter.engine.execution.InterceptingExecutableInvoker.invoke(InterceptingExecutableInvoker.java:87)
org.junit.jupiter.engine.descriptor.TestMethodTestDescriptor.lambda$invokeTestMethod$4(TestMethodTestDescriptor.java:221)
org.junit.platform.engine.support.hierarchical.ThrowableCollector.execute(ThrowableCollector.java:73)
org.junit.jupiter.engine.descriptor.TestMethodTestDescriptor.invokeTestMethod(TestMethodTestDescriptor.java:217)
org.junit.jupiter.engine.descriptor.TestMethodTestDescriptor.execute(TestMethodTestDescriptor.java:159)
org.junit.jupiter.engine.descriptor.TestMethodTestDescriptor.execute(TestMethodTestDescriptor.java:70)
org.junit.platform.engine.support.hierarchical.NodeTestTask.lambda$executeRecursively$6(NodeTestTask.java:157)
org.junit.platform.engine.support.hierarchical.ThrowableCollector.execute(ThrowableCollector.java:73)
org.junit.platform.engine.support.hierarchical.NodeTestTask.lambda$executeRecursively$8(NodeTestTask.java:147)
org.junit.platform.engine.support.hierarchical.Node.around(Node.java:137)
org.junit.platform.engine.support.hierarchical.NodeTestTask.lambda$executeRecursively$9(NodeTestTask.java:145)
org.junit.platform.engine.support.hierarchical.ThrowableCollector.execute(ThrowableCollector.java:73)
org.junit.platform.engine.support.hierarchical.NodeTestTask.executeRecursively(NodeTestTask.java:144)
org.junit.platform.engine.support.hierarchical.NodeTestTask.execute(NodeTestTask.java:101)
org.junit.platform.engine.support.hierarchical.ForkJoinPoolHierarchicalTestExecutorService$ExclusiveTask.exec(ForkJoinPoolHierarchicalTestExecutorService.java:274)
org.junit.platform.engine.support.hierarchical.ForkJoinPoolHierarchicalTestExecutorService$ExclusiveTask.execSync(ForkJoinPoolHierarchicalTestExecutorService.java:247)
org.junit.platform.engine.support.hierarchical.ForkJoinPoolHierarchicalTestExecutorService.submit(ForkJoinPoolHierarchicalTestExecutorService.java:148)
org.junit.platform.engine.support.hierarchical.NodeTestTask$DefaultDynamicTestExecutor.execute(NodeTestTask.java:232)
org.junit.platform.engine.support.hierarchical.NodeTestTask$DefaultDynamicTestExecutor.execute(NodeTestTask.java:210)
org.junit.jupiter.engine.descriptor.TemplateExecutor.execute(TemplateExecutor.java:98)
org.junit.jupiter.engine.descriptor.TemplateExecutor.lambda$executeForProvider$0(TemplateExecutor.java:61)
java.base/java.util.Optional.ifPresent(Optional.java:178)
org.junit.jupiter.engine.descriptor.TemplateExecutor.lambda$executeForProvider$1(TemplateExecutor.java:61)
java.base/java.util.stream.ForEachOps$ForEachOp$OfRef.accept(ForEachOps.java:184)
java.base/java.util.stream.ReferencePipeline$3$1.accept(ReferencePipeline.java:197)
java.base/java.util.stream.ForEachOps$ForEachOp$OfRef.accept(ForEachOps.java:184)
java.base/java.util.stream.ForEachOps$ForEachOp$OfRef.accept(ForEachOps.java:184)
java.base/java.util.stream.ReferencePipeline$3$1.accept(ReferencePipeline.java:197)
java.base/java.util.Iterator.forEachRemaining(Iterator.java:133)
java.base/java.util.Spliterators$IteratorSpliterator.forEachRemaining(Spliterators.java:1939)
java.base/java.util.stream.AbstractPipeline.copyInto(AbstractPipeline.java:509)
java.base/java.util.stream.AbstractPipeline.wrapAndCopyInto(AbstractPipeline.java:499)
java.base/java.util.stream.ForEachOps$ForEachOp.evaluateSequential(ForEachOps.java:151)
java.base/java.util.stream.ForEachOps$ForEachOp$OfRef.evaluateSequential(ForEachOps.java:174)
java.base/java.util.stream.AbstractPipeline.evaluate(AbstractPipeline.java:234)
java.base/java.util.stream.ReferencePipeline.forEach(ReferencePipeline.java:596)
java.base/java.util.stream.ReferencePipeline$7$1.accept(ReferencePipeline.java:276)
java.base/java.util.ArrayList$ArrayListSpliterator.forEachRemaining(ArrayList.java:1708)
java.base/java.util.stream.AbstractPipeline.copyInto(AbstractPipeline.java:509)
java.base/java.util.stream.AbstractPipeline.wrapAndCopyInto(AbstractPipeline.java:499)
java.base/java.util.stream.ForEachOps$ForEachOp.evaluateSequential(ForEachOps.java:151)
java.base/java.util.stream.ForEachOps$ForEachOp$OfRef.evaluateSequential(ForEachOps.java:174)
java.base/java.util.stream.AbstractPipeline.evaluate(AbstractPipeline.java:234)
java.base/java.util.stream.ReferencePipeline.forEach(ReferencePipeline.java:596)
java.base/java.util.stream.ReferencePipeline$7$1.accept(ReferencePipeline.java:276)
java.base/java.util.stream.ReferencePipeline$3$1.accept(ReferencePipeline.java:197)
java.base/java.util.stream.ReferencePipeline$3$1.accept(ReferencePipeline.java:197)
java.base/java.util.stream.ReferencePipeline$3$1.accept(ReferencePipeline.java:197)
java.base/java.util.ArrayList$ArrayListSpliterator.forEachRemaining(ArrayList.java:1708)
java.base/java.util.stream.AbstractPipeline.copyInto(AbstractPipeline.java:509)
java.base/java.util.stream.AbstractPipeline.wrapAndCopyInto(AbstractPipeline.java:499)
java.base/java.util.stream.ForEachOps$ForEachOp.evaluateSequential(ForEachOps.java:151)
java.base/java.util.stream.ForEachOps$ForEachOp$OfRef.evaluateSequential(ForEachOps.java:174)
java.base/java.util.stream.AbstractPipeline.evaluate(AbstractPipeline.java:234)
java.base/java.util.stream.ReferencePipeline.forEach(ReferencePipeline.java:596)
org.junit.jupiter.engine.descriptor.TemplateExecutor.executeForProvider(TemplateExecutor.java:59)
org.junit.jupiter.engine.descriptor.TemplateExecutor.execute(TemplateExecutor.java:48)
org.junit.jupiter.engine.descriptor.TestTemplateTestDescriptor.execute(TestTemplateTestDescriptor.java:112)
org.junit.jupiter.engine.descriptor.TestTemplateTestDescriptor.execute(TestTemplateTestDescriptor.java:40)
org.junit.platform.engine.support.hierarchical.NodeTestTask.lambda$executeRecursively$6(NodeTestTask.java:157)
org.junit.platform.engine.support.hierarchical.ThrowableCollector.execute(ThrowableCollector.java:73)
org.junit.platform.engine.support.hierarchical.NodeTestTask.lambda$executeRecursively$8(NodeTestTask.java:147)
org.junit.platform.engine.support.hierarchical.Node.around(Node.java:137)
org.junit.platform.engine.support.hierarchical.NodeTestTask.lambda$executeRecursively$9(NodeTestTask.java:145)
org.junit.platform.engine.support.hierarchical.ThrowableCollector.execute(ThrowableCollector.java:73)
org.junit.platform.engine.support.hierarchical.NodeTestTask.executeRecursively(NodeTestTask.java:144)
org.junit.platform.engine.support.hierarchical.NodeTestTask.execute(NodeTestTask.java:101)
org.junit.platform.engine.support.hierarchical.ForkJoinPoolHierarchicalTestExecutorService$ExclusiveTask.exec(ForkJoinPoolHierarchicalTestExecutorService.java:274)
org.junit.platform.engine.support.hierarchical.ForkJoinPoolHierarchicalTestExecutorService$ExclusiveTask.execSync(ForkJoinPoolHierarchicalTestExecutorService.java:247)
org.junit.platform.engine.support.hierarchical.ForkJoinPoolHierarchicalTestExecutorService.executeSync(ForkJoinPoolHierarchicalTestExecutorService.java:194)
org.junit.platform.engine.support.hierarchical.ForkJoinPoolHierarchicalTestExecutorService.invokeAll(ForkJoinPoolHierarchicalTestExecutorService.java:166)
org.junit.platform.engine.support.hierarchical.NodeTestTask.lambda$executeRecursively$6(NodeTestTask.java:161)
org.junit.platform.engine.support.hierarchical.ThrowableCollector.execute(ThrowableCollector.java:73)
org.junit.platform.engine.support.hierarchical.NodeTestTask.lambda$executeRecursively$8(NodeTestTask.java:147)
org.junit.platform.engine.support.hierarchical.Node.around(Node.java:137)
org.junit.platform.engine.support.hierarchical.NodeTestTask.lambda$executeRecursively$9(NodeTestTask.java:145)
org.junit.platform.engine.support.hierarchical.ThrowableCollector.execute(ThrowableCollector.java:73)
org.junit.platform.engine.support.hierarchical.NodeTestTask.executeRecursively(NodeTestTask.java:144)
org.junit.platform.engine.support.hierarchical.NodeTestTask.execute(NodeTestTask.java:101)
org.junit.platform.engine.support.hierarchical.ForkJoinPoolHierarchicalTestExecutorService$ExclusiveTask.exec(ForkJoinPoolHierarchicalTestExecutorService.java:274)
org.junit.platform.engine.support.hierarchical.ForkJoinPoolHierarchicalTestExecutorService$ExclusiveTask.execSync(ForkJoinPoolHierarchicalTestExecutorService.java:247)
org.junit.platform.engine.support.hierarchical.ForkJoinPoolHierarchicalTestExecutorService.invokeAll(ForkJoinPoolHierarchicalTestExecutorService.java:159)
org.junit.platform.engine.support.hierarchical.NodeTestTask.lambda$executeRecursively$6(NodeTestTask.java:161)
org.junit.platform.engine.support.hierarchical.ThrowableCollector.execute(ThrowableCollector.java:73)
org.junit.platform.engine.support.hierarchical.NodeTestTask.lambda$executeRecursively$8(NodeTestTask.java:147)
org.junit.platform.engine.support.hierarchical.Node.around(Node.java:137)
org.junit.platform.engine.support.hierarchical.NodeTestTask.lambda$executeRecursively$9(NodeTestTask.java:145)
org.junit.platform.engine.support.hierarchical.ThrowableCollector.execute(ThrowableCollector.java:73)
org.junit.platform.engine.support.hierarchical.NodeTestTask.executeRecursively(NodeTestTask.java:144)
org.junit.platform.engine.support.hierarchical.NodeTestTask.execute(NodeTestTask.java:101)
org.junit.platform.engine.support.hierarchical.ForkJoinPoolHierarchicalTestExecutorService$ExclusiveTask.exec(ForkJoinPoolHierarchicalTestExecutorService.java:274)
java.base/java.util.concurrent.ForkJoinTask.doExec(ForkJoinTask.java:387)
java.base/java.util.concurrent.ForkJoinPool$WorkQueue.topLevelExec(ForkJoinPool.java:1312)
java.base/java.util.concurrent.ForkJoinPool.scan(ForkJoinPool.java:1843)
java.base/java.util.concurrent.ForkJoinPool.runWorker(ForkJoinPool.java:1808)
java.base/java.util.concurrent.ForkJoinWorkerThread.run(ForkJoinWorkerThread.java:188)

2025-10-22 08:26:14,287 [Finalizer] WARN  db.CodecBuffer (CodecBuffer.java:detectLeaks(281)) - LEAK 2: [0<=0<=1048576: ], refCnt=1, capacity=1048576 allocation:
org.apache.hadoop.hdds.utils.db.CodecBuffer.<init>(CodecBuffer.java:53)
org.apache.hadoop.hdds.utils.db.CodecBuffer$LeakDetector$1.<init>(CodecBuffer.java:100)
org.apache.hadoop.hdds.utils.db.CodecBuffer$LeakDetector.newCodecBuffer(CodecBuffer.java:100)
org.apache.hadoop.hdds.utils.db.CodecBuffer$Factory.newCodecBuffer(CodecBuffer.java:93)
org.apache.hadoop.hdds.utils.db.CodecBuffer$Factory.newCodecBuffer(CodecBuffer.java:89)
org.apache.hadoop.hdds.utils.db.CodecBuffer.allocate(CodecBuffer.java:204)
org.apache.hadoop.hdds.utils.db.CodecBuffer.allocateDirect(CodecBuffer.java:212)
org.apache.hadoop.ozone.common.ChunkBuffer.allocate(ChunkBuffer.java:48)
org.apache.hadoop.hdds.scm.storage.BufferPool.allocateBuffer(BufferPool.java:98)
org.apache.hadoop.hdds.scm.storage.BlockOutputStream.allocateNewBufferIfNeeded(BlockOutputStream.java:427)
org.apache.hadoop.hdds.scm.storage.BlockOutputStream.write(BlockOutputStream.java:384)
org.apache.hadoop.ozone.client.io.BlockOutputStreamEntry.write(BlockOutputStreamEntry.java:183)
org.apache.hadoop.ozone.client.io.KeyOutputStream.writeToOutputStream(KeyOutputStream.java:298)
org.apache.hadoop.ozone.client.io.KeyOutputStream.handleWrite(KeyOutputStream.java:274)
org.apache.hadoop.ozone.client.io.KeyOutputStream.lambda$write$1(KeyOutputStream.java:240)
org.apache.hadoop.ozone.client.io.KeyOutputStream.doInWriteLock(KeyOutputStream.java:251)
org.apache.hadoop.ozone.client.io.KeyOutputStream.write(KeyOutputStream.java:239)
org.apache.hadoop.ozone.client.io.OzoneOutputStream.write(OzoneOutputStream.java:93)
java.base/java.io.OutputStream.write(OutputStream.java:124)
org.apache.hadoop.ozone.client.rpc.TestFailureHandlingByClient.testDatanodeExclusionWithMajorityCommit(TestFailureHandlingByClient.java:448)
java.base/jdk.internal.reflect.DirectMethodHandleAccessor.invoke(DirectMethodHandleAccessor.java:103)
java.base/java.lang.reflect.Method.invoke(Method.java:580)
org.junit.platform.commons.util.ReflectionUtils.invokeMethod(ReflectionUtils.java:786)
org.junit.platform.commons.support.ReflectionSupport.invokeMethod(ReflectionSupport.java:514)
org.junit.jupiter.engine.execution.MethodInvocation.proceed(MethodInvocation.java:60)
org.junit.jupiter.engine.execution.InvocationInterceptorChain$ValidatingInvocation.proceed(InvocationInterceptorChain.java:131)
org.junit.jupiter.engine.extension.SameThreadTimeoutInvocation.proceed(SameThreadTimeoutInvocation.java:49)
org.junit.jupiter.engine.extension.TimeoutExtension.intercept(TimeoutExtension.java:161)
org.junit.jupiter.engine.extension.TimeoutExtension.interceptTestableMethod(TimeoutExtension.java:152)
org.junit.jupiter.engine.extension.TimeoutExtension.interceptTestTemplateMethod(TimeoutExtension.java:99)
org.junit.jupiter.engine.execution.InterceptingExecutableInvoker$ReflectiveInterceptorCall.lambda$ofVoidMethod$0(InterceptingExecutableInvoker.java:112)
org.junit.jupiter.engine.execution.InterceptingExecutableInvoker.lambda$invoke$0(InterceptingExecutableInvoker.java:94)
org.junit.jupiter.engine.execution.InvocationInterceptorChain$InterceptedInvocation.proceed(InvocationInterceptorChain.java:106)
org.junit.jupiter.engine.execution.InvocationInterceptorChain.proceed(InvocationInterceptorChain.java:64)
org.junit.jupiter.engine.execution.InvocationInterceptorChain.chainAndInvoke(InvocationInterceptorChain.java:45)
org.junit.jupiter.engine.execution.InvocationInterceptorChain.invoke(InvocationInterceptorChain.java:37)
org.junit.jupiter.engine.execution.InterceptingExecutableInvoker.invoke(InterceptingExecutableInvoker.java:93)
org.junit.jupiter.engine.execution.InterceptingExecutableInvoker.invoke(InterceptingExecutableInvoker.java:87)
org.junit.jupiter.engine.descriptor.TestMethodTestDescriptor.lambda$invokeTestMethod$4(TestMethodTestDescriptor.java:221)
org.junit.platform.engine.support.hierarchical.ThrowableCollector.execute(ThrowableCollector.java:73)
org.junit.jupiter.engine.descriptor.TestMethodTestDescriptor.invokeTestMethod(TestMethodTestDescriptor.java:217)
org.junit.jupiter.engine.descriptor.TestMethodTestDescriptor.execute(TestMethodTestDescriptor.java:159)
org.junit.jupiter.engine.descriptor.TestMethodTestDescriptor.execute(TestMethodTestDescriptor.java:70)
org.junit.platform.engine.support.hierarchical.NodeTestTask.lambda$executeRecursively$6(NodeTestTask.java:157)
org.junit.platform.engine.support.hierarchical.ThrowableCollector.execute(ThrowableCollector.java:73)
org.junit.platform.engine.support.hierarchical.NodeTestTask.lambda$executeRecursively$8(NodeTestTask.java:147)
org.junit.platform.engine.support.hierarchical.Node.around(Node.java:137)
org.junit.platform.engine.support.hierarchical.NodeTestTask.lambda$executeRecursively$9(NodeTestTask.java:145)
org.junit.platform.engine.support.hierarchical.ThrowableCollector.execute(ThrowableCollector.java:73)
org.junit.platform.engine.support.hierarchical.NodeTestTask.executeRecursively(NodeTestTask.java:144)
org.junit.platform.engine.support.hierarchical.NodeTestTask.execute(NodeTestTask.java:101)
org.junit.platform.engine.support.hierarchical.ForkJoinPoolHierarchicalTestExecutorService$ExclusiveTask.exec(ForkJoinPoolHierarchicalTestExecutorService.java:274)
org.junit.platform.engine.support.hierarchical.ForkJoinPoolHierarchicalTestExecutorService$ExclusiveTask.execSync(ForkJoinPoolHierarchicalTestExecutorService.java:247)
org.junit.platform.engine.support.hierarchical.ForkJoinPoolHierarchicalTestExecutorService.submit(ForkJoinPoolHierarchicalTestExecutorService.java:148)
org.junit.platform.engine.support.hierarchical.NodeTestTask$DefaultDynamicTestExecutor.execute(NodeTestTask.java:232)
org.junit.platform.engine.support.hierarchical.NodeTestTask$DefaultDynamicTestExecutor.execute(NodeTestTask.java:210)
org.junit.jupiter.engine.descriptor.TemplateExecutor.execute(TemplateExecutor.java:98)
org.junit.jupiter.engine.descriptor.TemplateExecutor.lambda$executeForProvider$0(TemplateExecutor.java:61)
java.base/java.util.Optional.ifPresent(Optional.java:178)
org.junit.jupiter.engine.descriptor.TemplateExecutor.lambda$executeForProvider$1(TemplateExecutor.java:61)
java.base/java.util.stream.ForEachOps$ForEachOp$OfRef.accept(ForEachOps.java:184)
java.base/java.util.stream.ReferencePipeline$3$1.accept(ReferencePipeline.java:197)
java.base/java.util.stream.ForEachOps$ForEachOp$OfRef.accept(ForEachOps.java:184)
java.base/java.util.stream.ForEachOps$ForEachOp$OfRef.accept(ForEachOps.java:184)
java.base/java.util.stream.ReferencePipeline$3$1.accept(ReferencePipeline.java:197)
java.base/java.util.Iterator.forEachRemaining(Iterator.java:133)
java.base/java.util.Spliterators$IteratorSpliterator.forEachRemaining(Spliterators.java:1939)
java.base/java.util.stream.AbstractPipeline.copyInto(AbstractPipeline.java:509)
java.base/java.util.stream.AbstractPipeline.wrapAndCopyInto(AbstractPipeline.java:499)
java.base/java.util.stream.ForEachOps$ForEachOp.evaluateSequential(ForEachOps.java:151)
java.base/java.util.stream.ForEachOps$ForEachOp$OfRef.evaluateSequential(ForEachOps.java:174)
java.base/java.util.stream.AbstractPipeline.evaluate(AbstractPipeline.java:234)
java.base/java.util.stream.ReferencePipeline.forEach(ReferencePipeline.java:596)
java.base/java.util.stream.ReferencePipeline$7$1.accept(ReferencePipeline.java:276)
java.base/java.util.ArrayList$ArrayListSpliterator.forEachRemaining(ArrayList.java:1708)
java.base/java.util.stream.AbstractPipeline.copyInto(AbstractPipeline.java:509)
java.base/java.util.stream.AbstractPipeline.wrapAndCopyInto(AbstractPipeline.java:499)
java.base/java.util.stream.ForEachOps$ForEachOp.evaluateSequential(ForEachOps.java:151)
java.base/java.util.stream.ForEachOps$ForEachOp$OfRef.evaluateSequential(ForEachOps.java:174)
java.base/java.util.stream.AbstractPipeline.evaluate(AbstractPipeline.java:234)
java.base/java.util.stream.ReferencePipeline.forEach(ReferencePipeline.java:596)
java.base/java.util.stream.ReferencePipeline$7$1.accept(ReferencePipeline.java:276)
java.base/java.util.stream.ReferencePipeline$3$1.accept(ReferencePipeline.java:197)
java.base/java.util.stream.ReferencePipeline$3$1.accept(ReferencePipeline.java:197)
java.base/java.util.stream.ReferencePipeline$3$1.accept(ReferencePipeline.java:197)
java.base/java.util.ArrayList$ArrayListSpliterator.forEachRemaining(ArrayList.java:1708)
java.base/java.util.stream.AbstractPipeline.copyInto(AbstractPipeline.java:509)
java.base/java.util.stream.AbstractPipeline.wrapAndCopyInto(AbstractPipeline.java:499)
java.base/java.util.stream.ForEachOps$ForEachOp.evaluateSequential(ForEachOps.java:151)
java.base/java.util.stream.ForEachOps$ForEachOp$OfRef.evaluateSequential(ForEachOps.java:174)
java.base/java.util.stream.AbstractPipeline.evaluate(AbstractPipeline.java:234)
java.base/java.util.stream.ReferencePipeline.forEach(ReferencePipeline.java:596)
org.junit.jupiter.engine.descriptor.TemplateExecutor.executeForProvider(TemplateExecutor.java:59)
org.junit.jupiter.engine.descriptor.TemplateExecutor.execute(TemplateExecutor.java:48)
org.junit.jupiter.engine.descriptor.TestTemplateTestDescriptor.execute(TestTemplateTestDescriptor.java:112)
org.junit.jupiter.engine.descriptor.TestTemplateTestDescriptor.execute(TestTemplateTestDescriptor.java:40)
org.junit.platform.engine.support.hierarchical.NodeTestTask.lambda$executeRecursively$6(NodeTestTask.java:157)
org.junit.platform.engine.support.hierarchical.ThrowableCollector.execute(ThrowableCollector.java:73)
org.junit.platform.engine.support.hierarchical.NodeTestTask.lambda$executeRecursively$8(NodeTestTask.java:147)
org.junit.platform.engine.support.hierarchical.Node.around(Node.java:137)
org.junit.platform.engine.support.hierarchical.NodeTestTask.lambda$executeRecursively$9(NodeTestTask.java:145)
org.junit.platform.engine.support.hierarchical.ThrowableCollector.execute(ThrowableCollector.java:73)
org.junit.platform.engine.support.hierarchical.NodeTestTask.executeRecursively(NodeTestTask.java:144)
org.junit.platform.engine.support.hierarchical.NodeTestTask.execute(NodeTestTask.java:101)
org.junit.platform.engine.support.hierarchical.ForkJoinPoolHierarchicalTestExecutorService$ExclusiveTask.exec(ForkJoinPoolHierarchicalTestExecutorService.java:274)
org.junit.platform.engine.support.hierarchical.ForkJoinPoolHierarchicalTestExecutorService$ExclusiveTask.execSync(ForkJoinPoolHierarchicalTestExecutorService.java:247)
org.junit.platform.engine.support.hierarchical.ForkJoinPoolHierarchicalTestExecutorService.executeSync(ForkJoinPoolHierarchicalTestExecutorService.java:194)
org.junit.platform.engine.support.hierarchical.ForkJoinPoolHierarchicalTestExecutorService.invokeAll(ForkJoinPoolHierarchicalTestExecutorService.java:166)
org.junit.platform.engine.support.hierarchical.NodeTestTask.lambda$executeRecursively$6(NodeTestTask.java:161)
org.junit.platform.engine.support.hierarchical.ThrowableCollector.execute(ThrowableCollector.java:73)
org.junit.platform.engine.support.hierarchical.NodeTestTask.lambda$executeRecursively$8(NodeTestTask.java:147)
org.junit.platform.engine.support.hierarchical.Node.around(Node.java:137)
org.junit.platform.engine.support.hierarchical.NodeTestTask.lambda$executeRecursively$9(NodeTestTask.java:145)
org.junit.platform.engine.support.hierarchical.ThrowableCollector.execute(ThrowableCollector.java:73)
org.junit.platform.engine.support.hierarchical.NodeTestTask.executeRecursively(NodeTestTask.java:144)
org.junit.platform.engine.support.hierarchical.NodeTestTask.execute(NodeTestTask.java:101)
org.junit.platform.engine.support.hierarchical.ForkJoinPoolHierarchicalTestExecutorService$ExclusiveTask.exec(ForkJoinPoolHierarchicalTestExecutorService.java:274)
org.junit.platform.engine.support.hierarchical.ForkJoinPoolHierarchicalTestExecutorService$ExclusiveTask.execSync(ForkJoinPoolHierarchicalTestExecutorService.java:247)
org.junit.platform.engine.support.hierarchical.ForkJoinPoolHierarchicalTestExecutorService.invokeAll(ForkJoinPoolHierarchicalTestExecutorService.java:159)
org.junit.platform.engine.support.hierarchical.NodeTestTask.lambda$executeRecursively$6(NodeTestTask.java:161)
org.junit.platform.engine.support.hierarchical.ThrowableCollector.execute(ThrowableCollector.java:73)
org.junit.platform.engine.support.hierarchical.NodeTestTask.lambda$executeRecursively$8(NodeTestTask.java:147)
org.junit.platform.engine.support.hierarchical.Node.around(Node.java:137)
org.junit.platform.engine.support.hierarchical.NodeTestTask.lambda$executeRecursively$9(NodeTestTask.java:145)
org.junit.platform.engine.support.hierarchical.ThrowableCollector.execute(ThrowableCollector.java:73)
org.junit.platform.engine.support.hierarchical.NodeTestTask.executeRecursively(NodeTestTask.java:144)
org.junit.platform.engine.support.hierarchical.NodeTestTask.execute(NodeTestTask.java:101)
org.junit.platform.engine.support.hierarchical.ForkJoinPoolHierarchicalTestExecutorService$ExclusiveTask.exec(ForkJoinPoolHierarchicalTestExecutorService.java:274)
java.base/java.util.concurrent.ForkJoinTask.doExec(ForkJoinTask.java:387)
java.base/java.util.concurrent.ForkJoinPool$WorkQueue.topLevelExec(ForkJoinPool.java:1312)
java.base/java.util.concurrent.ForkJoinPool.scan(ForkJoinPool.java:1843)
java.base/java.util.concurrent.ForkJoinPool.runWorker(ForkJoinPool.java:1808)
java.base/java.util.concurrent.ForkJoinWorkerThread.run(ForkJoinWorkerThread.java:188)

2025-10-22 08:26:14,732 [ForkJoinPool.commonPool-worker-2] WARN  scm.XceiverClientRatis (XceiverClientRatis.java:lambda$watchForCommit$6(313)) - ALL_COMMITTED way commit failed on pipeline Pipeline{ Id: 991bfa6b-f7e5-4a03-b9a5-5e2f154b5bdb, Nodes: [ {4d8a2798-959e-416b-b534-19c13b55a760(localhost/127.0.0.1), ReplicaIndex: 0}, {40df8fc4-149d-40c0-897d-2844034d8141(localhost/127.0.0.1), ReplicaIndex: 0}, {1c036820-4dbe-4abe-80fb-5ca88de5e2f0(localhost/127.0.0.1), ReplicaIndex: 0},], ReplicationConfig: RATIS/THREE, State:OPEN, leaderId:1c036820-4dbe-4abe-80fb-5ca88de5e2f0, CreationTimestamp2025-10-22T08:23:41.659Z[Etc/UTC]}
java.util.concurrent.CompletionException: org.apache.ratis.protocol.exceptions.TimeoutIOException: client-DD470CA6E865->1c036820-4dbe-4abe-80fb-5ca88de5e2f0 request #82 timeout 3000ms
	at java.base/java.util.concurrent.CompletableFuture.encodeThrowable(CompletableFuture.java:332)
	at java.base/java.util.concurrent.CompletableFuture.completeThrowable(CompletableFuture.java:347)
	at java.base/java.util.concurrent.CompletableFuture$UniApply.tryFire(CompletableFuture.java:636)
	at java.base/java.util.concurrent.CompletableFuture.postComplete(CompletableFuture.java:510)
	at java.base/java.util.concurrent.CompletableFuture.completeExceptionally(CompletableFuture.java:2194)
	at org.apache.ratis.client.impl.UnorderedAsync.lambda$sendRequestWithRetry$4(UnorderedAsync.java:102)
	at java.base/java.util.concurrent.CompletableFuture.uniWhenComplete(CompletableFuture.java:863)
	at java.base/java.util.concurrent.CompletableFuture$UniWhenComplete.tryFire(CompletableFuture.java:841)
	at java.base/java.util.concurrent.CompletableFuture$Completion.exec(CompletableFuture.java:483)
	at java.base/java.util.concurrent.ForkJoinTask.doExec(ForkJoinTask.java:387)
	at java.base/java.util.concurrent.ForkJoinPool$WorkQueue.topLevelExec(ForkJoinPool.java:1312)
	at java.base/java.util.concurrent.ForkJoinPool.scan(ForkJoinPool.java:1843)
	at java.base/java.util.concurrent.ForkJoinPool.runWorker(ForkJoinPool.java:1808)
	at java.base/java.util.concurrent.ForkJoinWorkerThread.run(ForkJoinWorkerThread.java:188)
Caused by: org.apache.ratis.protocol.exceptions.TimeoutIOException: client-DD470CA6E865->1c036820-4dbe-4abe-80fb-5ca88de5e2f0 request #82 timeout 3000ms
	at org.apache.ratis.grpc.client.GrpcClientProtocolClient$AsyncStreamObservers.lambda$timeoutCheck$5(GrpcClientProtocolClient.java:377)
	at java.base/java.util.Optional.ifPresent(Optional.java:178)
	at org.apache.ratis.grpc.client.GrpcClientProtocolClient$AsyncStreamObservers.handleReplyFuture(GrpcClientProtocolClient.java:381)
	at org.apache.ratis.grpc.client.GrpcClientProtocolClient$AsyncStreamObservers.timeoutCheck(GrpcClientProtocolClient.java:376)
	at org.apache.ratis.grpc.client.GrpcClientProtocolClient$AsyncStreamObservers.lambda$onNext$1(GrpcClientProtocolClient.java:365)
	at org.apache.ratis.util.TimeoutTimer.lambda$onTimeout$2(TimeoutTimer.java:101)
	at org.apache.ratis.util.LogUtils.runAndLog(LogUtils.java:38)
	at org.apache.ratis.util.LogUtils$1.run(LogUtils.java:78)
	at org.apache.ratis.util.TimeoutTimer$Task.run(TimeoutTimer.java:55)
	at java.base/java.util.TimerThread.mainLoop(Timer.java:566)
	at java.base/java.util.TimerThread.run(Timer.java:516)
2025-10-22 08:26:14,734 [ForkJoinPool.commonPool-worker-2] INFO  scm.XceiverClientRatis (XceiverClientRatis.java:lambda$handleFailedAllCommit$8(348)) - Could not commit index 10 on pipeline Pipeline{ Id: 991bfa6b-f7e5-4a03-b9a5-5e2f154b5bdb, Nodes: [ {4d8a2798-959e-416b-b534-19c13b55a760(localhost/127.0.0.1), ReplicaIndex: 0}, {40df8fc4-149d-40c0-897d-2844034d8141(localhost/127.0.0.1), ReplicaIndex: 0}, {1c036820-4dbe-4abe-80fb-5ca88de5e2f0(localhost/127.0.0.1), ReplicaIndex: 0},], ReplicationConfig: RATIS/THREE, State:OPEN, leaderId:1c036820-4dbe-4abe-80fb-5ca88de5e2f0, CreationTimestamp2025-10-22T08:23:41.659Z[Etc/UTC]} to all the nodes. Server 4d8a2798-959e-416b-b534-19c13b55a760 has failed. Committed by majority.
2025-10-22 08:26:14,734 [ForkJoinPool.commonPool-worker-2] WARN  storage.BlockOutputStream (BlockOutputStream.java:checkReply(557)) - Failed to commit BlockId conID: 10 locID: 115816896921600011 bcsId: 12 replicaIndex: null on Pipeline{ Id: 991bfa6b-f7e5-4a03-b9a5-5e2f154b5bdb, Nodes: [ {4d8a2798-959e-416b-b534-19c13b55a760(localhost/127.0.0.1), ReplicaIndex: 0}, {40df8fc4-149d-40c0-897d-2844034d8141(localhost/127.0.0.1), ReplicaIndex: 0}, {1c036820-4dbe-4abe-80fb-5ca88de5e2f0(localhost/127.0.0.1), ReplicaIndex: 0},], ReplicationConfig: RATIS/THREE, State:OPEN, leaderId:1c036820-4dbe-4abe-80fb-5ca88de5e2f0, CreationTimestamp2025-10-22T08:23:41.659Z[Etc/UTC]}. Failed nodes: [4d8a2798-959e-416b-b534-19c13b55a760(null/null)]
2025-10-22 08:26:14,734 [ForkJoinPool.commonPool-worker-2] WARN  scm.XceiverClientRatis (XceiverClientRatis.java:lambda$watchForCommit$6(313)) - ALL_COMMITTED way commit failed on pipeline Pipeline{ Id: 991bfa6b-f7e5-4a03-b9a5-5e2f154b5bdb, Nodes: [ {4d8a2798-959e-416b-b534-19c13b55a760(localhost/127.0.0.1), ReplicaIndex: 0}, {40df8fc4-149d-40c0-897d-2844034d8141(localhost/127.0.0.1), ReplicaIndex: 0}, {1c036820-4dbe-4abe-80fb-5ca88de5e2f0(localhost/127.0.0.1), ReplicaIndex: 0},], ReplicationConfig: RATIS/THREE, State:OPEN, leaderId:1c036820-4dbe-4abe-80fb-5ca88de5e2f0, CreationTimestamp2025-10-22T08:23:41.659Z[Etc/UTC]}
java.util.concurrent.CompletionException: org.apache.ratis.protocol.exceptions.TimeoutIOException: client-DD470CA6E865->1c036820-4dbe-4abe-80fb-5ca88de5e2f0 request #83 timeout 3000ms
	at java.base/java.util.concurrent.CompletableFuture.encodeThrowable(CompletableFuture.java:332)
	at java.base/java.util.concurrent.CompletableFuture.completeThrowable(CompletableFuture.java:347)
	at java.base/java.util.concurrent.CompletableFuture$UniApply.tryFire(CompletableFuture.java:636)
	at java.base/java.util.concurrent.CompletableFuture.postComplete(CompletableFuture.java:510)
	at java.base/java.util.concurrent.CompletableFuture.completeExceptionally(CompletableFuture.java:2194)
	at org.apache.ratis.client.impl.UnorderedAsync.lambda$sendRequestWithRetry$4(UnorderedAsync.java:102)
	at java.base/java.util.concurrent.CompletableFuture.uniWhenComplete(CompletableFuture.java:863)
	at java.base/java.util.concurrent.CompletableFuture$UniWhenComplete.tryFire(CompletableFuture.java:841)
	at java.base/java.util.concurrent.CompletableFuture$Completion.exec(CompletableFuture.java:483)
	at java.base/java.util.concurrent.ForkJoinTask.doExec(ForkJoinTask.java:387)
	at java.base/java.util.concurrent.ForkJoinPool$WorkQueue.topLevelExec(ForkJoinPool.java:1312)
	at java.base/java.util.concurrent.ForkJoinPool.scan(ForkJoinPool.java:1843)
	at java.base/java.util.concurrent.ForkJoinPool.runWorker(ForkJoinPool.java:1808)
	at java.base/java.util.concurrent.ForkJoinWorkerThread.run(ForkJoinWorkerThread.java:188)
Caused by: org.apache.ratis.protocol.exceptions.TimeoutIOException: client-DD470CA6E865->1c036820-4dbe-4abe-80fb-5ca88de5e2f0 request #83 timeout 3000ms
	at org.apache.ratis.grpc.client.GrpcClientProtocolClient$AsyncStreamObservers.lambda$timeoutCheck$5(GrpcClientProtocolClient.java:377)
	at java.base/java.util.Optional.ifPresent(Optional.java:178)
	at org.apache.ratis.grpc.client.GrpcClientProtocolClient$AsyncStreamObservers.handleReplyFuture(GrpcClientProtocolClient.java:381)
	at org.apache.ratis.grpc.client.GrpcClientProtocolClient$AsyncStreamObservers.timeoutCheck(GrpcClientProtocolClient.java:376)
	at org.apache.ratis.grpc.client.GrpcClientProtocolClient$AsyncStreamObservers.lambda$onNext$1(GrpcClientProtocolClient.java:365)
	at org.apache.ratis.util.TimeoutTimer.lambda$onTimeout$2(TimeoutTimer.java:101)
	at org.apache.ratis.util.LogUtils.runAndLog(LogUtils.java:38)
	at org.apache.ratis.util.LogUtils$1.run(LogUtils.java:78)
	at org.apache.ratis.util.TimeoutTimer$Task.run(TimeoutTimer.java:55)
	at java.base/java.util.TimerThread.mainLoop(Timer.java:566)
	at java.base/java.util.TimerThread.run(Timer.java:516)
2025-10-22 08:26:14,735 [ForkJoinPool.commonPool-worker-2] INFO  scm.XceiverClientRatis (XceiverClientRatis.java:lambda$handleFailedAllCommit$8(348)) - Could not commit index 12 on pipeline Pipeline{ Id: 991bfa6b-f7e5-4a03-b9a5-5e2f154b5bdb, Nodes: [ {4d8a2798-959e-416b-b534-19c13b55a760(localhost/127.0.0.1), ReplicaIndex: 0}, {40df8fc4-149d-40c0-897d-2844034d8141(localhost/127.0.0.1), ReplicaIndex: 0}, {1c036820-4dbe-4abe-80fb-5ca88de5e2f0(localhost/127.0.0.1), ReplicaIndex: 0},], ReplicationConfig: RATIS/THREE, State:OPEN, leaderId:1c036820-4dbe-4abe-80fb-5ca88de5e2f0, CreationTimestamp2025-10-22T08:23:41.659Z[Etc/UTC]} to all the nodes. Server 4d8a2798-959e-416b-b534-19c13b55a760 has failed. Committed by majority.
2025-10-22 08:26:14,735 [ForkJoinPool.commonPool-worker-2] WARN  storage.BlockOutputStream (BlockOutputStream.java:checkReply(557)) - Failed to commit BlockId conID: 10 locID: 115816896921600011 bcsId: 12 replicaIndex: null on Pipeline{ Id: 991bfa6b-f7e5-4a03-b9a5-5e2f154b5bdb, Nodes: [ {4d8a2798-959e-416b-b534-19c13b55a760(localhost/127.0.0.1), ReplicaIndex: 0}, {40df8fc4-149d-40c0-897d-2844034d8141(localhost/127.0.0.1), ReplicaIndex: 0}, {1c036820-4dbe-4abe-80fb-5ca88de5e2f0(localhost/127.0.0.1), ReplicaIndex: 0},], ReplicationConfig: RATIS/THREE, State:OPEN, leaderId:1c036820-4dbe-4abe-80fb-5ca88de5e2f0, CreationTimestamp2025-10-22T08:23:41.659Z[Etc/UTC]}. Failed nodes: [4d8a2798-959e-416b-b534-19c13b55a760(null/null)]
2025-10-22 08:26:14,737 [0cab5a7d-6f40-474c-9abd-0651cf30726e@group-45121E95117A-FollowerState] INFO  impl.FollowerState (FollowerState.java:runImpl(161)) - 0cab5a7d-6f40-474c-9abd-0651cf30726e@group-45121E95117A-FollowerState: change to CANDIDATE, lastRpcElapsedTime:1179463837ns, electionTimeout:1179ms
2025-10-22 08:26:14,737 [0cab5a7d-6f40-474c-9abd-0651cf30726e@group-45121E95117A-FollowerState] INFO  impl.RoleInfo (RoleInfo.java:shutdownFollowerState(121)) - 0cab5a7d-6f40-474c-9abd-0651cf30726e: shutdown 0cab5a7d-6f40-474c-9abd-0651cf30726e@group-45121E95117A-FollowerState
2025-10-22 08:26:14,737 [0cab5a7d-6f40-474c-9abd-0651cf30726e@group-45121E95117A-FollowerState] INFO  server.RaftServer$Division (RaftServerImpl.java:setRole(392)) - 0cab5a7d-6f40-474c-9abd-0651cf30726e@group-45121E95117A: changes role from  FOLLOWER to CANDIDATE at term 2 for changeToCandidate
2025-10-22 08:26:14,738 [0cab5a7d-6f40-474c-9abd-0651cf30726e@group-45121E95117A-FollowerState] INFO  impl.RoleInfo (RoleInfo.java:updateAndGet(148)) - 0cab5a7d-6f40-474c-9abd-0651cf30726e: start 0cab5a7d-6f40-474c-9abd-0651cf30726e@group-45121E95117A-LeaderElection256
2025-10-22 08:26:14,738 [0cab5a7d-6f40-474c-9abd-0651cf30726e@group-45121E95117A-LeaderElection256] INFO  impl.LeaderElection (LeaderElection.java:askForVotes(448)) - 0cab5a7d-6f40-474c-9abd-0651cf30726e@group-45121E95117A-LeaderElection256 PRE_VOTE round 0: submit vote requests at term 2 for conf: {index: 0, cur=peers:[9d21e184-bccf-4583-95a7-0fe616dd3b4b|127.0.0.1:15079, 8aba082c-257b-43e3-ba61-5d436c5b38fa|127.0.0.1:15063, 0cab5a7d-6f40-474c-9abd-0651cf30726e|127.0.0.1:15071]|listeners:[], old=null}
2025-10-22 08:26:14,740 [grpc-default-executor-3] WARN  server.GrpcLogAppender (GrpcLogAppender.java:lambda$resetClient$1(228)) - 1c036820-4dbe-4abe-80fb-5ca88de5e2f0@group-5E2F154B5BDB->4d8a2798-959e-416b-b534-19c13b55a760-GrpcLogAppender: Follower failed (request=null, errorCount=31); keep nextIndex (18) unchanged and retry.
2025-10-22 08:26:14,741 [grpc-default-executor-5] INFO  server.RaftServer$Division (RaftServerImpl.java:requestVote(1421)) - 9d21e184-bccf-4583-95a7-0fe616dd3b4b@group-45121E95117A: receive requestVote(PRE_VOTE, 0cab5a7d-6f40-474c-9abd-0651cf30726e, group-45121E95117A, 2, (t:1, i:7))
2025-10-22 08:26:14,741 [grpc-default-executor-5] INFO  impl.VoteContext (VoteContext.java:log(49)) - 9d21e184-bccf-4583-95a7-0fe616dd3b4b@group-45121E95117A-FOLLOWER: reject PRE_VOTE from 0cab5a7d-6f40-474c-9abd-0651cf30726e: this server is a follower and still has a valid leader 8aba082c-257b-43e3-ba61-5d436c5b38fa different than the candidate 0cab5a7d-6f40-474c-9abd-0651cf30726e
2025-10-22 08:26:14,741 [grpc-default-executor-5] INFO  server.RaftServer$Division (RaftServerImpl.java:requestVote(1455)) - 9d21e184-bccf-4583-95a7-0fe616dd3b4b@group-45121E95117A replies to PRE_VOTE vote request: 0cab5a7d-6f40-474c-9abd-0651cf30726e<-9d21e184-bccf-4583-95a7-0fe616dd3b4b#0:FAIL-t2-last:(t:2, i:17). Peer's state: 9d21e184-bccf-4583-95a7-0fe616dd3b4b@group-45121E95117A:t2, leader=8aba082c-257b-43e3-ba61-5d436c5b38fa, voted=8aba082c-257b-43e3-ba61-5d436c5b38fa, raftlog=Memoized:9d21e184-bccf-4583-95a7-0fe616dd3b4b@group-45121E95117A-SegmentedRaftLog:OPENED:c17:last(t:2, i:17), conf=conf: {index: 8, cur=peers:[9d21e184-bccf-4583-95a7-0fe616dd3b4b|127.0.0.1:15079, 8aba082c-257b-43e3-ba61-5d436c5b38fa|127.0.0.1:15063, 0cab5a7d-6f40-474c-9abd-0651cf30726e|127.0.0.1:15071]|listeners:[], old=null}
2025-10-22 08:26:14,741 [grpc-default-executor-8] INFO  server.RaftServer$Division (RaftServerImpl.java:requestVote(1421)) - 8aba082c-257b-43e3-ba61-5d436c5b38fa@group-45121E95117A: receive requestVote(PRE_VOTE, 0cab5a7d-6f40-474c-9abd-0651cf30726e, group-45121E95117A, 2, (t:1, i:7))
2025-10-22 08:26:14,741 [grpc-default-executor-8] INFO  impl.VoteContext (VoteContext.java:log(49)) - 8aba082c-257b-43e3-ba61-5d436c5b38fa@group-45121E95117A-LEADER: reject PRE_VOTE from 0cab5a7d-6f40-474c-9abd-0651cf30726e: this server is the leader and still has leadership
2025-10-22 08:26:14,741 [grpc-default-executor-8] INFO  server.RaftServer$Division (RaftServerImpl.java:requestVote(1455)) - 8aba082c-257b-43e3-ba61-5d436c5b38fa@group-45121E95117A replies to PRE_VOTE vote request: 0cab5a7d-6f40-474c-9abd-0651cf30726e<-8aba082c-257b-43e3-ba61-5d436c5b38fa#0:FAIL-t2-last:(t:2, i:17). Peer's state: 8aba082c-257b-43e3-ba61-5d436c5b38fa@group-45121E95117A:t2, leader=8aba082c-257b-43e3-ba61-5d436c5b38fa, voted=8aba082c-257b-43e3-ba61-5d436c5b38fa, raftlog=Memoized:8aba082c-257b-43e3-ba61-5d436c5b38fa@group-45121E95117A-SegmentedRaftLog:OPENED:c17:last(t:2, i:17), conf=conf: {index: 8, cur=peers:[9d21e184-bccf-4583-95a7-0fe616dd3b4b|127.0.0.1:15079, 8aba082c-257b-43e3-ba61-5d436c5b38fa|127.0.0.1:15063, 0cab5a7d-6f40-474c-9abd-0651cf30726e|127.0.0.1:15071]|listeners:[], old=null}
2025-10-22 08:26:14,743 [0cab5a7d-6f40-474c-9abd-0651cf30726e@group-45121E95117A-LeaderElection256] INFO  impl.LeaderElection (LeaderElection.java:logAndReturn(206)) - 0cab5a7d-6f40-474c-9abd-0651cf30726e@group-45121E95117A-LeaderElection256: PRE_VOTE REJECTED received 1 response(s) and 0 exception(s):
2025-10-22 08:26:14,743 [0cab5a7d-6f40-474c-9abd-0651cf30726e@group-45121E95117A-LeaderElection256] INFO  impl.LeaderElection (LeaderElection.java:logAndReturn(210)) -   Response 0: 0cab5a7d-6f40-474c-9abd-0651cf30726e<-8aba082c-257b-43e3-ba61-5d436c5b38fa#0:FAIL-t2-last:(t:2, i:17)
2025-10-22 08:26:14,743 [0cab5a7d-6f40-474c-9abd-0651cf30726e@group-45121E95117A-LeaderElection256] INFO  impl.LeaderElection (LeaderElection.java:askForVotes(450)) - 0cab5a7d-6f40-474c-9abd-0651cf30726e@group-45121E95117A-LeaderElection256 PRE_VOTE round 0: result REJECTED
2025-10-22 08:26:14,744 [0cab5a7d-6f40-474c-9abd-0651cf30726e@group-45121E95117A-LeaderElection256] INFO  server.RaftServer$Division (RaftServerImpl.java:setRole(392)) - 0cab5a7d-6f40-474c-9abd-0651cf30726e@group-45121E95117A: changes role from CANDIDATE to FOLLOWER at term 2 for REJECTED
2025-10-22 08:26:14,744 [0cab5a7d-6f40-474c-9abd-0651cf30726e@group-45121E95117A-LeaderElection256] INFO  impl.RoleInfo (RoleInfo.java:shutdownLeaderElection(141)) - 0cab5a7d-6f40-474c-9abd-0651cf30726e: shutdown 0cab5a7d-6f40-474c-9abd-0651cf30726e@group-45121E95117A-LeaderElection256
2025-10-22 08:26:14,745 [0cab5a7d-6f40-474c-9abd-0651cf30726e@group-45121E95117A-LeaderElection256] INFO  impl.RoleInfo (RoleInfo.java:updateAndGet(148)) - 0cab5a7d-6f40-474c-9abd-0651cf30726e: start 0cab5a7d-6f40-474c-9abd-0651cf30726e@group-45121E95117A-FollowerState
2025-10-22 08:26:14,982 [null-request--thread2] INFO  server.GrpcClientProtocolService (GrpcClientProtocolService.java:lambda$processClientRequest$0(284)) - Failed RaftClientRequest:client-DD470CA6E865->1c036820-4dbe-4abe-80fb-5ca88de5e2f0@group-5E2F154B5BDB, cid=83, seq=null, Watch-ALL_COMMITTED(12), Message:<EMPTY>, reply=RaftClientReply:client-DD470CA6E865->1c036820-4dbe-4abe-80fb-5ca88de5e2f0@group-5E2F154B5BDB, cid=83, FAILED org.apache.ratis.protocol.exceptions.NotReplicatedException: Request with call Id 83 and log index 12 is not yet replicated to ALL_COMMITTED, logIndex=12, commits[1c036820-4dbe-4abe-80fb-5ca88de5e2f0:c17, 4d8a2798-959e-416b-b534-19c13b55a760:c6, 40df8fc4-149d-40c0-897d-2844034d8141:c16]
2025-10-22 08:26:14,984 [null-request--thread2] INFO  server.GrpcClientProtocolService (GrpcClientProtocolService.java:lambda$processClientRequest$0(284)) - Failed RaftClientRequest:client-DD470CA6E865->1c036820-4dbe-4abe-80fb-5ca88de5e2f0@group-5E2F154B5BDB, cid=82, seq=null, Watch-ALL_COMMITTED(10), Message:<EMPTY>, reply=RaftClientReply:client-DD470CA6E865->1c036820-4dbe-4abe-80fb-5ca88de5e2f0@group-5E2F154B5BDB, cid=82, FAILED org.apache.ratis.protocol.exceptions.NotReplicatedException: Request with call Id 82 and log index 10 is not yet replicated to ALL_COMMITTED, logIndex=10, commits[1c036820-4dbe-4abe-80fb-5ca88de5e2f0:c17, 4d8a2798-959e-416b-b534-19c13b55a760:c6, 40df8fc4-149d-40c0-897d-2844034d8141:c16]
2025-10-22 08:26:15,391 [timer2] INFO  server.GrpcServerProtocolService (GrpcServerProtocolService.java:lambda$onCompleted$6(171)) - 8aba082c-257b-43e3-ba61-5d436c5b38fa: Completed APPEND_ENTRIES, lastRequest: 9d21e184-bccf-4583-95a7-0fe616dd3b4b->8aba082c-257b-43e3-ba61-5d436c5b38fa#9-t3,previous=(t:3, i:12),leaderCommit=12,initializing? false,entries: size=2, first=(t:3, i:13), METADATAENTRY(c:11)  (Repeated 2 times in the last 5.000s)
2025-10-22 08:26:15,392 [timer1] INFO  server.GrpcServerProtocolService (GrpcServerProtocolService.java:lambda$null$7(175)) - 8aba082c-257b-43e3-ba61-5d436c5b38fa: Completed APPEND_ENTRIES, lastReply: serverReply {
  requestorId: "9d21e184-bccf-4583-95a7-0fe616dd3b4b"
  replyId: "8aba082c-257b-43e3-ba61-5d436c5b38fa"
  raftGroupId {
    id: "\332\256f\001\336IAW\263q\350\255\257\300Jz"
  }
  callId: 43
  success: true
}
term: 3
nextIndex: 15
followerCommit: 14
matchIndex: 18446744073709551615
isHearbeat: true
  (Repeated 2 times in the last 5.000s)
2025-10-22 08:26:15,744 [grpc-default-executor-8] INFO  ratis.XceiverServerRatis (XceiverServerRatis.java:handleLeaderChangedNotification(940)) - Leader change notification received for group: group-45121E95117A with new leaderId: 8aba082c-257b-43e3-ba61-5d436c5b38fa
2025-10-22 08:26:15,744 [grpc-default-executor-8] INFO  server.RaftServer$Division (ServerState.java:setLeader(272)) - 0cab5a7d-6f40-474c-9abd-0651cf30726e@group-45121E95117A: change Leader from null to 8aba082c-257b-43e3-ba61-5d436c5b38fa at term 2 for appendEntries, leader elected after 7325ms
2025-10-22 08:26:15,744 [grpc-default-executor-8] INFO  server.RaftServer$Division (RaftServerImpl.java:checkInconsistentAppendEntries(1673)) - 0cab5a7d-6f40-474c-9abd-0651cf30726e@group-45121E95117A: Failed appendEntries as previous log entry ((t:2, i:17)) is not found
2025-10-22 08:26:15,744 [grpc-default-executor-8] INFO  server.RaftServer$Division (RaftServerImpl.java:appendEntriesAsync(1594)) - 0cab5a7d-6f40-474c-9abd-0651cf30726e@group-45121E95117A: appendEntries* reply 8aba082c-257b-43e3-ba61-5d436c5b38fa<-0cab5a7d-6f40-474c-9abd-0651cf30726e#1374:FAIL-t2,INCONSISTENCY,nextIndex=8,followerCommit=6,matchIndex=-1
2025-10-22 08:26:15,745 [grpc-default-executor-8] WARN  server.GrpcLogAppender (GrpcLogAppender.java:lambda$onNextImpl$0(527)) - 8aba082c-257b-43e3-ba61-5d436c5b38fa@group-45121E95117A->0cab5a7d-6f40-474c-9abd-0651cf30726e-AppendLogResponseHandler: received INCONSISTENCY reply with nextIndex 8, errorCount=49, request=AppendEntriesRequest:cid=1374,entriesCount=0 
2025-10-22 08:26:15,745 [grpc-default-executor-8] INFO  leader.FollowerInfo (FollowerInfoImpl.java:info(70)) - 8aba082c-257b-43e3-ba61-5d436c5b38fa@group-45121E95117A->0cab5a7d-6f40-474c-9abd-0651cf30726e: setNextIndex nextIndex: updateUnconditionally 18 -> 8
2025-10-22 08:26:15,760 [grpc-default-executor-8] INFO  server.RaftServer$Division (ServerState.java:setRaftConf(386)) - 0cab5a7d-6f40-474c-9abd-0651cf30726e@group-45121E95117A: set configuration conf: {index: 8, cur=peers:[9d21e184-bccf-4583-95a7-0fe616dd3b4b|127.0.0.1:15079, 8aba082c-257b-43e3-ba61-5d436c5b38fa|127.0.0.1:15063, 0cab5a7d-6f40-474c-9abd-0651cf30726e|127.0.0.1:15071]|listeners:[], old=null}
2025-10-22 08:26:15,761 [grpc-default-executor-8] INFO  segmented.SegmentedRaftLogWorker (SegmentedRaftLogWorker.java:rollLogSegment(445)) - 0cab5a7d-6f40-474c-9abd-0651cf30726e@group-45121E95117A-SegmentedRaftLogWorker: Rolling segment log-0_7 to index:7
2025-10-22 08:26:15,762 [0cab5a7d-6f40-474c-9abd-0651cf30726e@group-45121E95117A-SegmentedRaftLogWorker] INFO  segmented.SegmentedRaftLogWorker (SegmentedRaftLogWorker.java:execute(604)) - 0cab5a7d-6f40-474c-9abd-0651cf30726e@group-45121E95117A-SegmentedRaftLogWorker: Rolled log segment from /home/runner/work/ozone/ozone/hadoop-ozone/integration-test/target/test-dir/MiniOzoneClusterImpl-a412b9f6-7d8b-4de3-a85c-9946bceaa3a0/ozone-metadata/datanode-8/ratis/967bd5c3-d4b6-4c7a-afa3-45121e95117a/current/log_inprogress_0 to /home/runner/work/ozone/ozone/hadoop-ozone/integration-test/target/test-dir/MiniOzoneClusterImpl-a412b9f6-7d8b-4de3-a85c-9946bceaa3a0/ozone-metadata/datanode-8/ratis/967bd5c3-d4b6-4c7a-afa3-45121e95117a/current/log_0-7
2025-10-22 08:26:15,763 [0cab5a7d-6f40-474c-9abd-0651cf30726e@group-45121E95117A-SegmentedRaftLogWorker] INFO  segmented.BufferedWriteChannel (BufferedWriteChannel.java:open(61)) - open log_inprogress_8 at position 0
2025-10-22 08:26:15,770 [0cab5a7d-6f40-474c-9abd-0651cf30726e@group-45121E95117A-SegmentedRaftLogWorker] INFO  segmented.SegmentedRaftLogWorker (SegmentedRaftLogWorker.java:execute(647)) - 0cab5a7d-6f40-474c-9abd-0651cf30726e@group-45121E95117A-SegmentedRaftLogWorker: created new log segment /home/runner/work/ozone/ozone/hadoop-ozone/integration-test/target/test-dir/MiniOzoneClusterImpl-a412b9f6-7d8b-4de3-a85c-9946bceaa3a0/ozone-metadata/datanode-8/ratis/967bd5c3-d4b6-4c7a-afa3-45121e95117a/current/log_inprogress_8
2025-10-22 08:26:16,720 [timer3] WARN  server.GrpcLogAppender (GrpcLogAppender.java:lambda$resetClient$1(228)) - 1c036820-4dbe-4abe-80fb-5ca88de5e2f0@group-5E2F154B5BDB->4d8a2798-959e-416b-b534-19c13b55a760-GrpcLogAppender: Follower failed (request=null, errorCount=16); keep nextIndex (10) unchanged and retry. (Repeated 2 times in the last 5.000s)
2025-10-22 08:26:16,723 [timer6] WARN  server.GrpcLogAppender (GrpcLogAppender.java:lambda$resetClient$1(228)) - 1c036820-4dbe-4abe-80fb-5ca88de5e2f0@group-5E2F154B5BDB->4d8a2798-959e-416b-b534-19c13b55a760-GrpcLogAppender: Follower failed (request=null, errorCount=18); keep nextIndex (12) unchanged and retry. (Repeated 2 times in the last 5.000s)
2025-10-22 08:26:16,727 [timer2] WARN  server.GrpcLogAppender (GrpcLogAppender.java:lambda$resetClient$1(228)) - 1c036820-4dbe-4abe-80fb-5ca88de5e2f0@group-5E2F154B5BDB->4d8a2798-959e-416b-b534-19c13b55a760-GrpcLogAppender: Follower failed (request=null, errorCount=20); keep nextIndex (14) unchanged and retry. (Repeated 2 times in the last 5.001s)
2025-10-22 08:26:16,732 [timer0] WARN  server.GrpcLogAppender (GrpcLogAppender.java:lambda$resetClient$1(228)) - 1c036820-4dbe-4abe-80fb-5ca88de5e2f0@group-5E2F154B5BDB->4d8a2798-959e-416b-b534-19c13b55a760-GrpcLogAppender: Follower failed (request=null, errorCount=30); keep nextIndex (16) unchanged and retry. (Repeated 10 times in the last 5.001s)
2025-10-22 08:26:17,743 [ForkJoinPool.commonPool-worker-2] WARN  scm.XceiverClientRatis (XceiverClientRatis.java:lambda$watchForCommit$6(313)) - ALL_COMMITTED way commit failed on pipeline Pipeline{ Id: 991bfa6b-f7e5-4a03-b9a5-5e2f154b5bdb, Nodes: [ {4d8a2798-959e-416b-b534-19c13b55a760(localhost/127.0.0.1), ReplicaIndex: 0}, {40df8fc4-149d-40c0-897d-2844034d8141(localhost/127.0.0.1), ReplicaIndex: 0}, {1c036820-4dbe-4abe-80fb-5ca88de5e2f0(localhost/127.0.0.1), ReplicaIndex: 0},], ReplicationConfig: RATIS/THREE, State:OPEN, leaderId:1c036820-4dbe-4abe-80fb-5ca88de5e2f0, CreationTimestamp2025-10-22T08:23:41.659Z[Etc/UTC]}
java.util.concurrent.CompletionException: org.apache.ratis.protocol.exceptions.TimeoutIOException: client-DD470CA6E865->1c036820-4dbe-4abe-80fb-5ca88de5e2f0 request #87 timeout 3000ms
	at java.base/java.util.concurrent.CompletableFuture.encodeThrowable(CompletableFuture.java:332)
	at java.base/java.util.concurrent.CompletableFuture.completeThrowable(CompletableFuture.java:347)
	at java.base/java.util.concurrent.CompletableFuture$UniApply.tryFire(CompletableFuture.java:636)
	at java.base/java.util.concurrent.CompletableFuture.postComplete(CompletableFuture.java:510)
	at java.base/java.util.concurrent.CompletableFuture.completeExceptionally(CompletableFuture.java:2194)
	at org.apache.ratis.client.impl.UnorderedAsync.lambda$sendRequestWithRetry$4(UnorderedAsync.java:102)
	at java.base/java.util.concurrent.CompletableFuture.uniWhenComplete(CompletableFuture.java:863)
	at java.base/java.util.concurrent.CompletableFuture$UniWhenComplete.tryFire(CompletableFuture.java:841)
	at java.base/java.util.concurrent.CompletableFuture$Completion.exec(CompletableFuture.java:483)
	at java.base/java.util.concurrent.ForkJoinTask.doExec(ForkJoinTask.java:387)
	at java.base/java.util.concurrent.ForkJoinPool$WorkQueue.topLevelExec(ForkJoinPool.java:1312)
	at java.base/java.util.concurrent.ForkJoinPool.scan(ForkJoinPool.java:1843)
	at java.base/java.util.concurrent.ForkJoinPool.runWorker(ForkJoinPool.java:1808)
	at java.base/java.util.concurrent.ForkJoinWorkerThread.run(ForkJoinWorkerThread.java:188)
Caused by: org.apache.ratis.protocol.exceptions.TimeoutIOException: client-DD470CA6E865->1c036820-4dbe-4abe-80fb-5ca88de5e2f0 request #87 timeout 3000ms
	at org.apache.ratis.grpc.client.GrpcClientProtocolClient$AsyncStreamObservers.lambda$timeoutCheck$5(GrpcClientProtocolClient.java:377)
	at java.base/java.util.Optional.ifPresent(Optional.java:178)
	at org.apache.ratis.grpc.client.GrpcClientProtocolClient$AsyncStreamObservers.handleReplyFuture(GrpcClientProtocolClient.java:381)
	at org.apache.ratis.grpc.client.GrpcClientProtocolClient$AsyncStreamObservers.timeoutCheck(GrpcClientProtocolClient.java:376)
	at org.apache.ratis.grpc.client.GrpcClientProtocolClient$AsyncStreamObservers.lambda$onNext$1(GrpcClientProtocolClient.java:365)
	at org.apache.ratis.util.TimeoutTimer.lambda$onTimeout$2(TimeoutTimer.java:101)
	at org.apache.ratis.util.LogUtils.runAndLog(LogUtils.java:38)
	at org.apache.ratis.util.LogUtils$1.run(LogUtils.java:78)
	at org.apache.ratis.util.TimeoutTimer$Task.run(TimeoutTimer.java:55)
	at java.base/java.util.TimerThread.mainLoop(Timer.java:566)
	at java.base/java.util.TimerThread.run(Timer.java:516)
2025-10-22 08:26:17,745 [ForkJoinPool.commonPool-worker-2] INFO  scm.XceiverClientRatis (XceiverClientRatis.java:lambda$handleFailedAllCommit$8(348)) - Could not commit index 16 on pipeline Pipeline{ Id: 991bfa6b-f7e5-4a03-b9a5-5e2f154b5bdb, Nodes: [ {4d8a2798-959e-416b-b534-19c13b55a760(localhost/127.0.0.1), ReplicaIndex: 0}, {40df8fc4-149d-40c0-897d-2844034d8141(localhost/127.0.0.1), ReplicaIndex: 0}, {1c036820-4dbe-4abe-80fb-5ca88de5e2f0(localhost/127.0.0.1), ReplicaIndex: 0},], ReplicationConfig: RATIS/THREE, State:OPEN, leaderId:1c036820-4dbe-4abe-80fb-5ca88de5e2f0, CreationTimestamp2025-10-22T08:23:41.659Z[Etc/UTC]} to all the nodes. Server 4d8a2798-959e-416b-b534-19c13b55a760 has failed. Committed by majority.
2025-10-22 08:26:17,745 [ForkJoinPool.commonPool-worker-2] WARN  storage.BlockOutputStream (BlockOutputStream.java:checkReply(557)) - Failed to commit BlockId conID: 10 locID: 115816896921600011 bcsId: 12 replicaIndex: null on Pipeline{ Id: 991bfa6b-f7e5-4a03-b9a5-5e2f154b5bdb, Nodes: [ {4d8a2798-959e-416b-b534-19c13b55a760(localhost/127.0.0.1), ReplicaIndex: 0}, {40df8fc4-149d-40c0-897d-2844034d8141(localhost/127.0.0.1), ReplicaIndex: 0}, {1c036820-4dbe-4abe-80fb-5ca88de5e2f0(localhost/127.0.0.1), ReplicaIndex: 0},], ReplicationConfig: RATIS/THREE, State:OPEN, leaderId:1c036820-4dbe-4abe-80fb-5ca88de5e2f0, CreationTimestamp2025-10-22T08:23:41.659Z[Etc/UTC]}. Failed nodes: [4d8a2798-959e-416b-b534-19c13b55a760(null/null)]
2025-10-22 08:26:17,982 [null-request--thread2] INFO  server.GrpcClientProtocolService (GrpcClientProtocolService.java:lambda$processClientRequest$0(284)) - Failed RaftClientRequest:client-DD470CA6E865->1c036820-4dbe-4abe-80fb-5ca88de5e2f0@group-5E2F154B5BDB, cid=87, seq=null, Watch-ALL_COMMITTED(16), Message:<EMPTY>, reply=RaftClientReply:client-DD470CA6E865->1c036820-4dbe-4abe-80fb-5ca88de5e2f0@group-5E2F154B5BDB, cid=87, FAILED org.apache.ratis.protocol.exceptions.NotReplicatedException: Request with call Id 87 and log index 16 is not yet replicated to ALL_COMMITTED, logIndex=16, commits[1c036820-4dbe-4abe-80fb-5ca88de5e2f0:c17, 4d8a2798-959e-416b-b534-19c13b55a760:c6, 40df8fc4-149d-40c0-897d-2844034d8141:c17]
]]></system-out>
  </testcase>
  <testcase name="" classname="org.apache.hadoop.ozone.client.rpc.TestFailureHandlingByClient" time="168.852">
    <failure message="Found 2 leaked objects, check logs" type="java.lang.AssertionError"><![CDATA[java.lang.AssertionError: Found 2 leaked objects, check logs
	at org.apache.hadoop.hdds.utils.db.CodecBuffer.assertNoLeaks(CodecBuffer.java:238)
	at org.apache.hadoop.hdds.utils.db.CodecTestUtil.gc(CodecTestUtil.java:54)
	at org.apache.hadoop.ozone.MiniOzoneClusterImpl.shutdown(MiniOzoneClusterImpl.java:374)
	at org.apache.hadoop.ozone.client.rpc.TestFailureHandlingByClient.shutdown(TestFailureHandlingByClient.java:179)
	at java.base/java.lang.reflect.Method.invoke(Method.java:580)
	at java.base/java.util.ArrayList.forEach(ArrayList.java:1596)
	at java.base/java.util.Collections$UnmodifiableCollection.forEach(Collections.java:1117)
	at java.base/java.util.concurrent.ForkJoinTask.doExec(ForkJoinTask.java:387)
	at java.base/java.util.concurrent.ForkJoinPool$WorkQueue.topLevelExec(ForkJoinPool.java:1312)
	at java.base/java.util.concurrent.ForkJoinPool.scan(ForkJoinPool.java:1843)
	at java.base/java.util.concurrent.ForkJoinPool.runWorker(ForkJoinPool.java:1808)
	at java.base/java.util.concurrent.ForkJoinWorkerThread.run(ForkJoinWorkerThread.java:188)
]]></failure>
    <system-out><![CDATA[2025-10-22 08:26:17,993 [ForkJoinPool-1-worker-1] INFO  ozone.MiniOzoneClusterImpl (MiniOzoneClusterImpl.java:shutdown(373)) - Shutting down the Mini Ozone Cluster
2025-10-22 08:26:17,994 [ForkJoinPool-1-worker-1] INFO  db.CodecTestUtil (CodecTestUtil.java:gc(50)) - gc 0
]]></system-out>
  </testcase>
</testsuite>