<?xml version="1.0" encoding="UTF-8"?>
<testsuite xmlns:xsi="http://www.w3.org/2001/XMLSchema-instance" xsi:noNamespaceSchemaLocation="https://maven.apache.org/surefire/maven-surefire-plugin/xsd/surefire-test-report.xsd" name="org.apache.hadoop.ozone.client.rpc.TestWatchForCommit" time="238.932" tests="4" errors="1" skipped="0" failures="0">
  <properties>
    <property name="awt.toolkit" value="sun.awt.X11.XToolkit"/>
    <property name="file.encoding.pkg" value="sun.io"/>
    <property name="java.specification.version" value="1.8"/>
    <property name="sun.cpu.isalist" value=""/>
    <property name="sun.jnu.encoding" value="UTF-8"/>
    <property name="java.class.path" value="/home/runner/work/ozone/ozone/mnt/ozone/hadoop-ozone/integration-test/target/test-classes:/home/runner/work/ozone/ozone/mnt/ozone/hadoop-ozone/integration-test/target/classes:/home/runner/.m2/repository/org/apache/ozone/ozone-common/1.2.0-SNAPSHOT/ozone-common-1.2.0-SNAPSHOT.jar:/home/runner/.m2/repository/org/apache/commons/commons-compress/1.20/commons-compress-1.20.jar:/home/runner/.m2/repository/org/apache/ozone/hdds-common/1.2.0-SNAPSHOT/hdds-common-1.2.0-SNAPSHOT.jar:/home/runner/.m2/repository/org/apache/ozone/hdds-client/1.2.0-SNAPSHOT/hdds-client-1.2.0-SNAPSHOT.jar:/home/runner/.m2/repository/org/apache/ozone/ozone-interface-client/1.2.0-SNAPSHOT/ozone-interface-client-1.2.0-SNAPSHOT.jar:/home/runner/.m2/repository/org/apache/ozone/hdds-test-utils/1.2.0-SNAPSHOT/hdds-test-utils-1.2.0-SNAPSHOT.jar:/home/runner/.m2/repository/com/google/guava/guava/30.1.1-jre/guava-30.1.1-jre.jar:/home/runner/.m2/repository/com/google/guava/failureaccess/1.0.1/failureaccess-1.0.1.jar:/home/runner/.m2/repository/com/google/guava/listenablefuture/9999.0-empty-to-avoid-conflict-with-guava/listenablefuture-9999.0-empty-to-avoid-conflict-with-guava.jar:/home/runner/.m2/repository/com/google/code/findbugs/jsr305/3.0.0/jsr305-3.0.0.jar:/home/runner/.m2/repository/org/checkerframework/checker-qual/3.8.0/checker-qual-3.8.0.jar:/home/runner/.m2/repository/com/google/errorprone/error_prone_annotations/2.2.0/error_prone_annotations-2.2.0.jar:/home/runner/.m2/repository/com/google/j2objc/j2objc-annotations/1.3/j2objc-annotations-1.3.jar:/home/runner/.m2/repository/commons-io/commons-io/2.8.0/commons-io-2.8.0.jar:/home/runner/.m2/repository/commons-logging/commons-logging/1.2/commons-logging-1.2.jar:/home/runner/.m2/repository/log4j/log4j/1.2.17/log4j-1.2.17.jar:/home/runner/.m2/repository/org/slf4j/slf4j-api/1.7.30/slf4j-api-1.7.30.jar:/home/runner/.m2/repository/org/apache/ozone/hdds-server-scm/1.2.0-SNAPSHOT/hdds-server-scm-1.2.0-SNAPSHOT.jar:/home/runner/.m2/repository/org/apache/ozone/hdds-container-service/1.2.0-SNAPSHOT/hdds-container-service-1.2.0-SNAPSHOT.jar:/home/runner/.m2/repository/org/apache/ozone/hdds-hadoop-dependency-server/1.2.0-SNAPSHOT/hdds-hadoop-dependency-server-1.2.0-SNAPSHOT.jar:/home/runner/.m2/repository/org/apache/hadoop/hadoop-hdfs/3.3.1/hadoop-hdfs-3.3.1.jar:/home/runner/.m2/repository/org/apache/ozone/hdds-server-framework/1.2.0-SNAPSHOT/hdds-server-framework-1.2.0-SNAPSHOT.jar:/home/runner/.m2/repository/org/apache/ozone/hdds-interface-server/1.2.0-SNAPSHOT/hdds-interface-server-1.2.0-SNAPSHOT.jar:/home/runner/.m2/repository/org/eclipse/jetty/jetty-servlet/9.4.35.v20201120/jetty-servlet-9.4.35.v20201120.jar:/home/runner/.m2/repository/org/eclipse/jetty/jetty-security/9.4.35.v20201120/jetty-security-9.4.35.v20201120.jar:/home/runner/.m2/repository/org/rocksdb/rocksdbjni/6.20.3/rocksdbjni-6.20.3.jar:/home/runner/.m2/repository/io/prometheus/simpleclient_dropwizard/0.7.0/simpleclient_dropwizard-0.7.0.jar:/home/runner/.m2/repository/io/prometheus/simpleclient/0.7.0/simpleclient-0.7.0.jar:/home/runner/.m2/repository/io/prometheus/simpleclient_common/0.7.0/simpleclient_common-0.7.0.jar:/home/runner/.m2/repository/com/fasterxml/jackson/datatype/jackson-datatype-jsr310/2.12.1/jackson-datatype-jsr310-2.12.1.jar:/home/runner/.m2/repository/io/dropwizard/metrics/metrics-core/3.2.4/metrics-core-3.2.4.jar:/home/runner/.m2/repository/org/apache/hadoop/hadoop-hdfs-client/3.3.1/hadoop-hdfs-client-3.3.1.jar:/home/runner/.m2/repository/org/bouncycastle/bcprov-jdk15on/1.67/bcprov-jdk15on-1.67.jar:/home/runner/.m2/repository/com/google/protobuf/protobuf-java/2.5.0/protobuf-java-2.5.0.jar:/home/runner/.m2/repository/org/apache/ozone/ozone-manager/1.2.0-SNAPSHOT/ozone-manager-1.2.0-SNAPSHOT.jar:/home/runner/.m2/repository/org/aspectj/aspectjrt/1.8.9/aspectjrt-1.8.9.jar:/home/runner/.m2/repository/org/aspectj/aspectjweaver/1.8.9/aspectjweaver-1.8.9.jar:/home/runner/.m2/repository/org/apache/ozone/hdds-interface-client/1.2.0-SNAPSHOT/hdds-interface-client-1.2.0-SNAPSHOT.jar:/home/runner/.m2/repository/org/apache/hadoop/thirdparty/hadoop-shaded-protobuf_3_7/1.1.1/hadoop-shaded-protobuf_3_7-1.1.1.jar:/home/runner/.m2/repository/org/apache/ratis/ratis-thirdparty-misc/0.7.0-a398b19-SNAPSHOT/ratis-thirdparty-misc-0.7.0-a398b19-SNAPSHOT.jar:/home/runner/.m2/repository/org/apache/ozone/ozone-interface-storage/1.2.0-SNAPSHOT/ozone-interface-storage-1.2.0-SNAPSHOT.jar:/home/runner/.m2/repository/org/reflections/reflections/0.9.11/reflections-0.9.11.jar:/home/runner/.m2/repository/org/apache/hadoop/hadoop-minikdc/3.3.1/hadoop-minikdc-3.3.1.jar:/home/runner/.m2/repository/org/apache/kerby/kerb-simplekdc/1.0.1/kerb-simplekdc-1.0.1.jar:/home/runner/.m2/repository/org/apache/kerby/kerb-client/1.0.1/kerb-client-1.0.1.jar:/home/runner/.m2/repository/org/apache/kerby/kerby-config/1.0.1/kerby-config-1.0.1.jar:/home/runner/.m2/repository/org/apache/kerby/kerb-common/1.0.1/kerb-common-1.0.1.jar:/home/runner/.m2/repository/org/apache/kerby/kerb-crypto/1.0.1/kerb-crypto-1.0.1.jar:/home/runner/.m2/repository/org/apache/kerby/kerb-util/1.0.1/kerb-util-1.0.1.jar:/home/runner/.m2/repository/org/apache/kerby/token-provider/1.0.1/token-provider-1.0.1.jar:/home/runner/.m2/repository/org/apache/kerby/kerb-admin/1.0.1/kerb-admin-1.0.1.jar:/home/runner/.m2/repository/org/apache/kerby/kerb-server/1.0.1/kerb-server-1.0.1.jar:/home/runner/.m2/repository/org/apache/kerby/kerb-identity/1.0.1/kerb-identity-1.0.1.jar:/home/runner/.m2/repository/org/apache/kerby/kerby-xdr/1.0.1/kerby-xdr-1.0.1.jar:/home/runner/.m2/repository/org/slf4j/slf4j-log4j12/1.7.30/slf4j-log4j12-1.7.30.jar:/home/runner/.m2/repository/org/apache/ozone/ozone-s3gateway/1.2.0-SNAPSHOT/ozone-s3gateway-1.2.0-SNAPSHOT.jar:/home/runner/.m2/repository/org/javassist/javassist/3.21.0-GA/javassist-3.21.0-GA.jar:/home/runner/.m2/repository/org/jboss/weld/servlet/weld-servlet/2.4.7.Final/weld-servlet-2.4.7.Final.jar:/home/runner/.m2/repository/org/glassfish/jersey/containers/jersey-container-servlet-core/2.33/jersey-container-servlet-core-2.33.jar:/home/runner/.m2/repository/org/glassfish/hk2/external/jakarta.inject/2.6.1/jakarta.inject-2.6.1.jar:/home/runner/.m2/repository/org/glassfish/jersey/core/jersey-common/2.33/jersey-common-2.33.jar:/home/runner/.m2/repository/jakarta/ws/rs/jakarta.ws.rs-api/2.1.6/jakarta.ws.rs-api-2.1.6.jar:/home/runner/.m2/repository/org/glassfish/jersey/ext/cdi/jersey-cdi1x/2.33/jersey-cdi1x-2.33.jar:/home/runner/.m2/repository/org/glassfish/jersey/inject/jersey-hk2/2.33/jersey-hk2-2.33.jar:/home/runner/.m2/repository/org/glassfish/hk2/hk2-locator/2.6.1/hk2-locator-2.6.1.jar:/home/runner/.m2/repository/org/glassfish/jersey/media/jersey-media-jaxb/2.33/jersey-media-jaxb-2.33.jar:/home/runner/.m2/repository/org/glassfish/hk2/osgi-resource-locator/1.0.3/osgi-resource-locator-1.0.3.jar:/home/runner/.m2/repository/org/glassfish/hk2/hk2-api/2.5.0/hk2-api-2.5.0.jar:/home/runner/.m2/repository/org/glassfish/hk2/hk2-utils/2.5.0/hk2-utils-2.5.0.jar:/home/runner/.m2/repository/org/glassfish/hk2/external/aopalliance-repackaged/2.5.0/aopalliance-repackaged-2.5.0.jar:/home/runner/.m2/repository/com/fasterxml/jackson/dataformat/jackson-dataformat-xml/2.12.1/jackson-dataformat-xml-2.12.1.jar:/home/runner/.m2/repository/com/fasterxml/jackson/core/jackson-core/2.12.1/jackson-core-2.12.1.jar:/home/runner/.m2/repository/com/fasterxml/jackson/module/jackson-module-jaxb-annotations/2.12.1/jackson-module-jaxb-annotations-2.12.1.jar:/home/runner/.m2/repository/jakarta/xml/bind/jakarta.xml.bind-api/2.3.2/jakarta.xml.bind-api-2.3.2.jar:/home/runner/.m2/repository/org/codehaus/woodstox/stax2-api/3.1.4/stax2-api-3.1.4.jar:/home/runner/.m2/repository/com/fasterxml/woodstox/woodstox-core/5.0.3/woodstox-core-5.0.3.jar:/home/runner/.m2/repository/javax/enterprise/cdi-api/1.2/cdi-api-1.2.jar:/home/runner/.m2/repository/javax/el/javax.el-api/3.0.0/javax.el-api-3.0.0.jar:/home/runner/.m2/repository/javax/interceptor/javax.interceptor-api/1.2/javax.interceptor-api-1.2.jar:/home/runner/.m2/repository/javax/inject/javax.inject/1/javax.inject-1.jar:/home/runner/.m2/repository/javax/xml/bind/jaxb-api/2.3.0/jaxb-api-2.3.0.jar:/home/runner/.m2/repository/org/glassfish/jaxb/jaxb-runtime/2.3.0.1/jaxb-runtime-2.3.0.1.jar:/home/runner/.m2/repository/org/glassfish/jaxb/jaxb-core/2.3.0.1/jaxb-core-2.3.0.1.jar:/home/runner/.m2/repository/org/glassfish/jaxb/txw2/2.3.0.1/txw2-2.3.0.1.jar:/home/runner/.m2/repository/com/sun/istack/istack-commons-runtime/3.0.5/istack-commons-runtime-3.0.5.jar:/home/runner/.m2/repository/org/jvnet/staxex/stax-ex/1.7.8/stax-ex-1.7.8.jar:/home/runner/.m2/repository/com/sun/xml/fastinfoset/FastInfoset/1.2.13/FastInfoset-1.2.13.jar:/home/runner/.m2/repository/javax/activation/activation/1.1.1/activation-1.1.1.jar:/home/runner/.m2/repository/org/apache/ozone/ozone-csi/1.2.0-SNAPSHOT/ozone-csi-1.2.0-SNAPSHOT.jar:/home/runner/.m2/repository/com/google/protobuf/protobuf-java-util/3.12.0/protobuf-java-util-3.12.0.jar:/home/runner/.m2/repository/com/google/code/gson/gson/2.2.4/gson-2.2.4.jar:/home/runner/.m2/repository/org/apache/ozone/hdds-config/1.2.0-SNAPSHOT/hdds-config-1.2.0-SNAPSHOT.jar:/home/runner/.m2/repository/io/grpc/grpc-netty/1.33.0/grpc-netty-1.33.0.jar:/home/runner/.m2/repository/io/grpc/grpc-core/1.33.0/grpc-core-1.33.0.jar:/home/runner/.m2/repository/com/google/android/annotations/4.1.1.4/annotations-4.1.1.4.jar:/home/runner/.m2/repository/io/netty/netty-codec-http2/4.1.63.Final/netty-codec-http2-4.1.63.Final.jar:/home/runner/.m2/repository/io/netty/netty-codec-http/4.1.63.Final/netty-codec-http-4.1.63.Final.jar:/home/runner/.m2/repository/io/netty/netty-handler-proxy/4.1.63.Final/netty-handler-proxy-4.1.63.Final.jar:/home/runner/.m2/repository/io/netty/netty-codec-socks/4.1.63.Final/netty-codec-socks-4.1.63.Final.jar:/home/runner/.m2/repository/io/perfmark/perfmark-api/0.19.0/perfmark-api-0.19.0.jar:/home/runner/.m2/repository/org/codehaus/mojo/animal-sniffer-annotations/1.18/animal-sniffer-annotations-1.18.jar:/home/runner/.m2/repository/io/netty/netty-transport-native-epoll/4.1.63.Final/netty-transport-native-epoll-4.1.63.Final.jar:/home/runner/.m2/repository/io/netty/netty-common/4.1.63.Final/netty-common-4.1.63.Final.jar:/home/runner/.m2/repository/io/netty/netty-buffer/4.1.63.Final/netty-buffer-4.1.63.Final.jar:/home/runner/.m2/repository/io/netty/netty-transport-native-unix-common/4.1.63.Final/netty-transport-native-unix-common-4.1.63.Final.jar:/home/runner/.m2/repository/io/grpc/grpc-protobuf/1.33.0/grpc-protobuf-1.33.0.jar:/home/runner/.m2/repository/io/grpc/grpc-api/1.33.0/grpc-api-1.33.0.jar:/home/runner/.m2/repository/io/grpc/grpc-context/1.33.0/grpc-context-1.33.0.jar:/home/runner/.m2/repository/com/google/api/grpc/proto-google-common-protos/1.17.0/proto-google-common-protos-1.17.0.jar:/home/runner/.m2/repository/io/grpc/grpc-protobuf-lite/1.33.0/grpc-protobuf-lite-1.33.0.jar:/home/runner/.m2/repository/io/grpc/grpc-stub/1.33.0/grpc-stub-1.33.0.jar:/home/runner/.m2/repository/org/apache/ozone/ozone-recon/1.2.0-SNAPSHOT/ozone-recon-1.2.0-SNAPSHOT.jar:/home/runner/.m2/repository/org/apache/ozone/ozone-reconcodegen/1.2.0-SNAPSHOT/ozone-reconcodegen-1.2.0-SNAPSHOT.jar:/home/runner/.m2/repository/com/google/inject/extensions/guice-multibindings/4.0/guice-multibindings-4.0.jar:/home/runner/.m2/repository/com/google/inject/guice/4.0/guice-4.0.jar:/home/runner/.m2/repository/aopalliance/aopalliance/1.0/aopalliance-1.0.jar:/home/runner/.m2/repository/com/google/inject/extensions/guice-assistedinject/4.0/guice-assistedinject-4.0.jar:/home/runner/.m2/repository/com/google/inject/extensions/guice-servlet/4.0/guice-servlet-4.0.jar:/home/runner/.m2/repository/org/glassfish/jersey/containers/jersey-container-servlet/2.33/jersey-container-servlet-2.33.jar:/home/runner/.m2/repository/org/glassfish/hk2/guice-bridge/2.5.0/guice-bridge-2.5.0.jar:/home/runner/.m2/repository/org/glassfish/jersey/core/jersey-server/2.33/jersey-server-2.33.jar:/home/runner/.m2/repository/org/glassfish/jersey/core/jersey-client/2.33/jersey-client-2.33.jar:/home/runner/.m2/repository/jakarta/annotation/jakarta.annotation-api/1.3.5/jakarta.annotation-api-1.3.5.jar:/home/runner/.m2/repository/jakarta/validation/jakarta.validation-api/2.0.2/jakarta.validation-api-2.0.2.jar:/home/runner/.m2/repository/org/glassfish/jersey/media/jersey-media-json-jackson/2.33/jersey-media-json-jackson-2.33.jar:/home/runner/.m2/repository/org/glassfish/jersey/ext/jersey-entity-filtering/2.33/jersey-entity-filtering-2.33.jar:/home/runner/.m2/repository/org/jooq/jooq/3.11.10/jooq-3.11.10.jar:/home/runner/.m2/repository/org/jooq/jooq-meta/3.11.10/jooq-meta-3.11.10.jar:/home/runner/.m2/repository/org/jooq/jooq-codegen/3.11.10/jooq-codegen-3.11.10.jar:/home/runner/.m2/repository/com/jolbox/bonecp/0.8.0.RELEASE/bonecp-0.8.0.RELEASE.jar:/home/runner/.m2/repository/org/apache/derby/derby/10.14.2.0/derby-10.14.2.0.jar:/home/runner/.m2/repository/org/xerial/sqlite-jdbc/3.25.2/sqlite-jdbc-3.25.2.jar:/home/runner/.m2/repository/org/springframework/spring-jdbc/5.2.11.RELEASE/spring-jdbc-5.2.11.RELEASE.jar:/home/runner/.m2/repository/org/springframework/spring-beans/5.2.11.RELEASE/spring-beans-5.2.11.RELEASE.jar:/home/runner/.m2/repository/org/springframework/spring-core/5.2.11.RELEASE/spring-core-5.2.11.RELEASE.jar:/home/runner/.m2/repository/org/springframework/spring-jcl/5.2.11.RELEASE/spring-jcl-5.2.11.RELEASE.jar:/home/runner/.m2/repository/org/springframework/spring-tx/5.2.11.RELEASE/spring-tx-5.2.11.RELEASE.jar:/home/runner/.m2/repository/org/apache/ozone/ozone-client/1.2.0-SNAPSHOT/ozone-client-1.2.0-SNAPSHOT.jar:/home/runner/.m2/repository/org/apache/ozone/ozone-filesystem/1.2.0-SNAPSHOT/ozone-filesystem-1.2.0-SNAPSHOT.jar:/home/runner/.m2/repository/org/apache/ozone/ozone-filesystem-common/1.2.0-SNAPSHOT/ozone-filesystem-common-1.2.0-SNAPSHOT.jar:/home/runner/.m2/repository/org/apache/ozone/ozone-tools/1.2.0-SNAPSHOT/ozone-tools-1.2.0-SNAPSHOT.jar:/home/runner/.m2/repository/org/apache/ratis/ratis-tools/2.1.0-ff8aa66-SNAPSHOT/ratis-tools-2.1.0-ff8aa66-SNAPSHOT.jar:/home/runner/.m2/repository/org/apache/ratis/ratis-proto/2.1.0-ff8aa66-SNAPSHOT/ratis-proto-2.1.0-ff8aa66-SNAPSHOT.jar:/home/runner/.m2/repository/org/apache/ratis/ratis-common/2.1.0-ff8aa66-SNAPSHOT/ratis-common-2.1.0-ff8aa66-SNAPSHOT.jar:/home/runner/.m2/repository/com/amazonaws/aws-java-sdk-core/1.11.901/aws-java-sdk-core-1.11.901.jar:/home/runner/.m2/repository/org/apache/httpcomponents/httpclient/4.5.13/httpclient-4.5.13.jar:/home/runner/.m2/repository/org/apache/httpcomponents/httpcore/4.4.13/httpcore-4.4.13.jar:/home/runner/.m2/repository/software/amazon/ion/ion-java/1.0.2/ion-java-1.0.2.jar:/home/runner/.m2/repository/com/fasterxml/jackson/dataformat/jackson-dataformat-cbor/2.12.1/jackson-dataformat-cbor-2.12.1.jar:/home/runner/.m2/repository/joda-time/joda-time/2.8.1/joda-time-2.8.1.jar:/home/runner/.m2/repository/com/amazonaws/aws-java-sdk-s3/1.11.901/aws-java-sdk-s3-1.11.901.jar:/home/runner/.m2/repository/com/amazonaws/aws-java-sdk-kms/1.11.901/aws-java-sdk-kms-1.11.901.jar:/home/runner/.m2/repository/com/amazonaws/jmespath-java/1.11.901/jmespath-java-1.11.901.jar:/home/runner/.m2/repository/org/kohsuke/metainf-services/metainf-services/1.8/metainf-services-1.8.jar:/home/runner/.m2/repository/org/apache/ozone/hdds-tools/1.2.0-SNAPSHOT/hdds-tools-1.2.0-SNAPSHOT.jar:/home/runner/.m2/repository/commons-cli/commons-cli/1.2/commons-cli-1.2.jar:/home/runner/.m2/repository/org/apache/commons/commons-lang3/3.7/commons-lang3-3.7.jar:/home/runner/.m2/repository/org/apache/ozone/ozone-manager/1.2.0-SNAPSHOT/ozone-manager-1.2.0-SNAPSHOT-tests.jar:/home/runner/.m2/repository/org/apache/ozone/hdds-common/1.2.0-SNAPSHOT/hdds-common-1.2.0-SNAPSHOT-tests.jar:/home/runner/.m2/repository/org/apache/ozone/hdds-hadoop-dependency-client/1.2.0-SNAPSHOT/hdds-hadoop-dependency-client-1.2.0-SNAPSHOT.jar:/home/runner/.m2/repository/info/picocli/picocli/4.4.0/picocli-4.4.0.jar:/home/runner/.m2/repository/com/fasterxml/jackson/core/jackson-annotations/2.12.1/jackson-annotations-2.12.1.jar:/home/runner/.m2/repository/javax/annotation/javax.annotation-api/1.2/javax.annotation-api-1.2.jar:/home/runner/.m2/repository/org/apache/ratis/ratis-server/2.1.0-ff8aa66-SNAPSHOT/ratis-server-2.1.0-ff8aa66-SNAPSHOT.jar:/home/runner/.m2/repository/org/apache/ratis/ratis-client/2.1.0-ff8aa66-SNAPSHOT/ratis-client-2.1.0-ff8aa66-SNAPSHOT.jar:/home/runner/.m2/repository/org/apache/ratis/ratis-server-api/2.1.0-ff8aa66-SNAPSHOT/ratis-server-api-2.1.0-ff8aa66-SNAPSHOT.jar:/home/runner/.m2/repository/org/apache/ratis/ratis-metrics/2.1.0-ff8aa66-SNAPSHOT/ratis-metrics-2.1.0-ff8aa66-SNAPSHOT.jar:/home/runner/.m2/repository/org/apache/ratis/ratis-netty/2.1.0-ff8aa66-SNAPSHOT/ratis-netty-2.1.0-ff8aa66-SNAPSHOT.jar:/home/runner/.m2/repository/org/apache/ratis/ratis-grpc/2.1.0-ff8aa66-SNAPSHOT/ratis-grpc-2.1.0-ff8aa66-SNAPSHOT.jar:/home/runner/.m2/repository/org/apache/logging/log4j/log4j-api/2.13.3/log4j-api-2.13.3.jar:/home/runner/.m2/repository/org/apache/logging/log4j/log4j-core/2.13.3/log4j-core-2.13.3.jar:/home/runner/.m2/repository/com/lmax/disruptor/3.4.2/disruptor-3.4.2.jar:/home/runner/.m2/repository/org/apache/commons/commons-pool2/2.6.0/commons-pool2-2.6.0.jar:/home/runner/.m2/repository/org/bouncycastle/bcpkix-jdk15on/1.67/bcpkix-jdk15on-1.67.jar:/home/runner/.m2/repository/commons-validator/commons-validator/1.6/commons-validator-1.6.jar:/home/runner/.m2/repository/commons-beanutils/commons-beanutils/1.9.4/commons-beanutils-1.9.4.jar:/home/runner/.m2/repository/commons-digester/commons-digester/1.8.1/commons-digester-1.8.1.jar:/home/runner/.m2/repository/commons-collections/commons-collections/3.2.2/commons-collections-3.2.2.jar:/home/runner/.m2/repository/io/jaegertracing/jaeger-client/1.6.0/jaeger-client-1.6.0.jar:/home/runner/.m2/repository/io/jaegertracing/jaeger-thrift/1.6.0/jaeger-thrift-1.6.0.jar:/home/runner/.m2/repository/org/apache/thrift/libthrift/0.14.1/libthrift-0.14.1.jar:/home/runner/.m2/repository/com/squareup/okhttp3/okhttp/4.9.0/okhttp-4.9.0.jar:/home/runner/.m2/repository/com/squareup/okio/okio/2.8.0/okio-2.8.0.jar:/home/runner/.m2/repository/io/jaegertracing/jaeger-core/1.6.0/jaeger-core-1.6.0.jar:/home/runner/.m2/repository/io/jaegertracing/jaeger-tracerresolver/1.6.0/jaeger-tracerresolver-1.6.0.jar:/home/runner/.m2/repository/io/opentracing/contrib/opentracing-tracerresolver/0.1.8/opentracing-tracerresolver-0.1.8.jar:/home/runner/.m2/repository/org/jetbrains/kotlin/kotlin-stdlib/1.4.31/kotlin-stdlib-1.4.31.jar:/home/runner/.m2/repository/org/jetbrains/kotlin/kotlin-stdlib-common/1.4.31/kotlin-stdlib-common-1.4.31.jar:/home/runner/.m2/repository/org/jetbrains/annotations/13.0/annotations-13.0.jar:/home/runner/.m2/repository/io/opentracing/opentracing-util/0.33.0/opentracing-util-0.33.0.jar:/home/runner/.m2/repository/io/opentracing/opentracing-api/0.33.0/opentracing-api-0.33.0.jar:/home/runner/.m2/repository/io/opentracing/opentracing-noop/0.33.0/opentracing-noop-0.33.0.jar:/home/runner/.m2/repository/org/yaml/snakeyaml/1.26/snakeyaml-1.26.jar:/home/runner/.m2/repository/org/apache/ozone/hdds-interface-admin/1.2.0-SNAPSHOT/hdds-interface-admin-1.2.0-SNAPSHOT.jar:/home/runner/.m2/repository/junit/junit/4.13.1/junit-4.13.1.jar:/home/runner/.m2/repository/org/hamcrest/hamcrest-core/1.3/hamcrest-core-1.3.jar:/home/runner/.m2/repository/org/junit/jupiter/junit-jupiter-api/5.7.0/junit-jupiter-api-5.7.0.jar:/home/runner/.m2/repository/org/apiguardian/apiguardian-api/1.1.0/apiguardian-api-1.1.0.jar:/home/runner/.m2/repository/org/opentest4j/opentest4j/1.2.0/opentest4j-1.2.0.jar:/home/runner/.m2/repository/org/junit/platform/junit-platform-commons/1.7.0/junit-platform-commons-1.7.0.jar:/home/runner/.m2/repository/org/junit/jupiter/junit-jupiter-engine/5.7.0/junit-jupiter-engine-5.7.0.jar:/home/runner/.m2/repository/org/junit/platform/junit-platform-engine/1.7.0/junit-platform-engine-1.7.0.jar:/home/runner/.m2/repository/org/junit/vintage/junit-vintage-engine/5.7.0/junit-vintage-engine-5.7.0.jar:/home/runner/.m2/repository/org/junit/platform/junit-platform-launcher/1.7.0/junit-platform-launcher-1.7.0.jar:/home/runner/.m2/repository/org/openjdk/jmh/jmh-core/1.19/jmh-core-1.19.jar:/home/runner/.m2/repository/net/sf/jopt-simple/jopt-simple/4.6/jopt-simple-4.6.jar:/home/runner/.m2/repository/org/apache/commons/commons-math3/3.1.1/commons-math3-3.1.1.jar:/home/runner/.m2/repository/org/openjdk/jmh/jmh-generator-annprocess/1.19/jmh-generator-annprocess-1.19.jar:/home/runner/.m2/repository/org/mockito/mockito-core/2.28.2/mockito-core-2.28.2.jar:/home/runner/.m2/repository/net/bytebuddy/byte-buddy/1.9.10/byte-buddy-1.9.10.jar:/home/runner/.m2/repository/net/bytebuddy/byte-buddy-agent/1.9.10/byte-buddy-agent-1.9.10.jar:/home/runner/.m2/repository/org/objenesis/objenesis/1.0/objenesis-1.0.jar:/home/runner/.m2/repository/org/apache/hadoop/hadoop-kms/3.3.1/hadoop-kms-3.3.1.jar:/home/runner/.m2/repository/org/apache/hadoop/hadoop-auth/3.3.1/hadoop-auth-3.3.1.jar:/home/runner/.m2/repository/com/nimbusds/nimbus-jose-jwt/7.9/nimbus-jose-jwt-7.9.jar:/home/runner/.m2/repository/com/github/stephenc/jcip/jcip-annotations/1.0-1/jcip-annotations-1.0-1.jar:/home/runner/.m2/repository/net/minidev/json-smart/2.3/json-smart-2.3.jar:/home/runner/.m2/repository/net/minidev/accessors-smart/1.2/accessors-smart-1.2.jar:/home/runner/.m2/repository/org/ow2/asm/asm/5.0.4/asm-5.0.4.jar:/home/runner/.m2/repository/org/apache/zookeeper/zookeeper/3.5.6/zookeeper-3.5.6.jar:/home/runner/.m2/repository/org/apache/zookeeper/zookeeper-jute/3.5.6/zookeeper-jute-3.5.6.jar:/home/runner/.m2/repository/org/apache/yetus/audience-annotations/0.5.0/audience-annotations-0.5.0.jar:/home/runner/.m2/repository/org/apache/curator/curator-framework/4.2.0/curator-framework-4.2.0.jar:/home/runner/.m2/repository/org/apache/hadoop/thirdparty/hadoop-shaded-guava/1.1.1/hadoop-shaded-guava-1.1.1.jar:/home/runner/.m2/repository/com/sun/jersey/jersey-core/1.19/jersey-core-1.19.jar:/home/runner/.m2/repository/javax/ws/rs/jsr311-api/1.1.1/jsr311-api-1.1.1.jar:/home/runner/.m2/repository/com/sun/jersey/jersey-server/1.19/jersey-server-1.19.jar:/home/runner/.m2/repository/javax/servlet/javax.servlet-api/3.1.0/javax.servlet-api-3.1.0.jar:/home/runner/.m2/repository/org/eclipse/jetty/jetty-server/9.4.35.v20201120/jetty-server-9.4.35.v20201120.jar:/home/runner/.m2/repository/org/eclipse/jetty/jetty-http/9.4.35.v20201120/jetty-http-9.4.35.v20201120.jar:/home/runner/.m2/repository/org/eclipse/jetty/jetty-io/9.4.35.v20201120/jetty-io-9.4.35.v20201120.jar:/home/runner/.m2/repository/org/eclipse/jetty/jetty-webapp/9.4.35.v20201120/jetty-webapp-9.4.35.v20201120.jar:/home/runner/.m2/repository/org/eclipse/jetty/jetty-xml/9.4.35.v20201120/jetty-xml-9.4.35.v20201120.jar:/home/runner/.m2/repository/org/apache/hadoop/hadoop-common/3.3.1/hadoop-common-3.3.1.jar:/home/runner/.m2/repository/commons-net/commons-net/3.6/commons-net-3.6.jar:/home/runner/.m2/repository/jakarta/activation/jakarta.activation-api/1.2.1/jakarta.activation-api-1.2.1.jar:/home/runner/.m2/repository/com/sun/jersey/jersey-servlet/1.19/jersey-servlet-1.19.jar:/home/runner/.m2/repository/com/sun/jersey/jersey-json/1.19/jersey-json-1.19.jar:/home/runner/.m2/repository/org/codehaus/jettison/jettison/1.1/jettison-1.1.jar:/home/runner/.m2/repository/com/sun/xml/bind/jaxb-impl/2.2.3-1/jaxb-impl-2.2.3-1.jar:/home/runner/.m2/repository/org/codehaus/jackson/jackson-jaxrs/1.9.2/jackson-jaxrs-1.9.2.jar:/home/runner/.m2/repository/org/codehaus/jackson/jackson-xc/1.9.2/jackson-xc-1.9.2.jar:/home/runner/.m2/repository/org/apache/commons/commons-configuration2/2.1.1/commons-configuration2-2.1.1.jar:/home/runner/.m2/repository/org/apache/commons/commons-text/1.4/commons-text-1.4.jar:/home/runner/.m2/repository/com/google/re2j/re2j/1.1/re2j-1.1.jar:/home/runner/.m2/repository/com/jcraft/jsch/0.1.54/jsch-0.1.54.jar:/home/runner/.m2/repository/org/apache/curator/curator-client/4.2.0/curator-client-4.2.0.jar:/home/runner/.m2/repository/org/apache/curator/curator-recipes/4.2.0/curator-recipes-4.2.0.jar:/home/runner/.m2/repository/org/apache/kerby/kerb-core/1.0.1/kerb-core-1.0.1.jar:/home/runner/.m2/repository/org/apache/kerby/kerby-pkix/1.0.1/kerby-pkix-1.0.1.jar:/home/runner/.m2/repository/org/apache/kerby/kerby-asn1/1.0.1/kerby-asn1-1.0.1.jar:/home/runner/.m2/repository/org/apache/kerby/kerby-util/1.0.1/kerby-util-1.0.1.jar:/home/runner/.m2/repository/dnsjava/dnsjava/2.1.7/dnsjava-2.1.7.jar:/home/runner/.m2/repository/org/xerial/snappy/snappy-java/1.1.8.2/snappy-java-1.1.8.2.jar:/home/runner/.m2/repository/org/slf4j/jul-to-slf4j/1.7.30/jul-to-slf4j-1.7.30.jar:/home/runner/.m2/repository/org/eclipse/jetty/jetty-util/9.4.35.v20201120/jetty-util-9.4.35.v20201120.jar:/home/runner/.m2/repository/com/fasterxml/jackson/core/jackson-databind/2.12.1/jackson-databind-2.12.1.jar:/home/runner/.m2/repository/org/apache/hadoop/hadoop-kms/3.3.1/hadoop-kms-3.3.1-tests.jar:/home/runner/.m2/repository/org/apache/ozone/hdds-server-scm/1.2.0-SNAPSHOT/hdds-server-scm-1.2.0-SNAPSHOT-tests.jar:/home/runner/.m2/repository/org/apache/ozone/hdds-container-service/1.2.0-SNAPSHOT/hdds-container-service-1.2.0-SNAPSHOT-tests.jar:/home/runner/.m2/repository/commons-codec/commons-codec/1.11/commons-codec-1.11.jar:/home/runner/.m2/repository/io/netty/netty-transport/4.1.63.Final/netty-transport-4.1.63.Final.jar:/home/runner/.m2/repository/io/netty/netty-resolver/4.1.63.Final/netty-resolver-4.1.63.Final.jar:/home/runner/.m2/repository/io/netty/netty-codec/4.1.63.Final/netty-codec-4.1.63.Final.jar:/home/runner/.m2/repository/io/netty/netty-handler/4.1.63.Final/netty-handler-4.1.63.Final.jar:/home/runner/.m2/repository/org/apache/ozone/hdds-hadoop-dependency-test/1.2.0-SNAPSHOT/hdds-hadoop-dependency-test-1.2.0-SNAPSHOT.jar:/home/runner/.m2/repository/org/apache/hadoop/hadoop-common/3.3.1/hadoop-common-3.3.1-tests.jar:/home/runner/.m2/repository/org/assertj/assertj-core/3.12.2/assertj-core-3.12.2.jar:/home/runner/.m2/repository/org/apache/hadoop/hadoop-hdfs/3.3.1/hadoop-hdfs-3.3.1-tests.jar:/home/runner/.m2/repository/org/eclipse/jetty/jetty-util-ajax/9.4.35.v20201120/jetty-util-ajax-9.4.35.v20201120.jar:/home/runner/.m2/repository/commons-daemon/commons-daemon/1.0.13/commons-daemon-1.0.13.jar:/home/runner/.m2/repository/io/netty/netty/3.10.6.Final/netty-3.10.6.Final.jar:/home/runner/.m2/repository/io/netty/netty-all/4.1.63.Final/netty-all-4.1.63.Final.jar:/home/runner/.m2/repository/org/apache/htrace/htrace-core4/4.1.0-incubating/htrace-core4-4.1.0-incubating.jar:/home/runner/.m2/repository/org/fusesource/leveldbjni/leveldbjni-all/1.8/leveldbjni-all-1.8.jar:/home/runner/.m2/repository/org/apache/hadoop/hadoop-distcp/3.3.1/hadoop-distcp-3.3.1.jar:/home/runner/.m2/repository/org/apache/hadoop/hadoop-mapreduce-client-jobclient/3.3.1/hadoop-mapreduce-client-jobclient-3.3.1.jar:/home/runner/.m2/repository/org/apache/hadoop/hadoop-mapreduce-client-common/3.3.1/hadoop-mapreduce-client-common-3.3.1.jar:/home/runner/.m2/repository/org/apache/hadoop/hadoop-yarn-common/3.3.1/hadoop-yarn-common-3.3.1.jar:/home/runner/.m2/repository/org/apache/hadoop/hadoop-yarn-api/3.3.1/hadoop-yarn-api-3.3.1.jar:/home/runner/.m2/repository/com/sun/jersey/jersey-client/1.19/jersey-client-1.19.jar:/home/runner/.m2/repository/com/sun/jersey/contribs/jersey-guice/1.19/jersey-guice-1.19.jar:/home/runner/.m2/repository/com/fasterxml/jackson/jaxrs/jackson-jaxrs-json-provider/2.12.1/jackson-jaxrs-json-provider-2.12.1.jar:/home/runner/.m2/repository/com/fasterxml/jackson/jaxrs/jackson-jaxrs-base/2.12.1/jackson-jaxrs-base-2.12.1.jar:/home/runner/.m2/repository/org/apache/hadoop/hadoop-yarn-client/3.3.1/hadoop-yarn-client-3.3.1.jar:/home/runner/.m2/repository/org/eclipse/jetty/websocket/websocket-client/9.4.40.v20210413/websocket-client-9.4.40.v20210413.jar:/home/runner/.m2/repository/org/eclipse/jetty/jetty-client/9.4.40.v20210413/jetty-client-9.4.40.v20210413.jar:/home/runner/.m2/repository/org/eclipse/jetty/websocket/websocket-common/9.4.40.v20210413/websocket-common-9.4.40.v20210413.jar:/home/runner/.m2/repository/org/eclipse/jetty/websocket/websocket-api/9.4.40.v20210413/websocket-api-9.4.40.v20210413.jar:/home/runner/.m2/repository/org/jline/jline/3.9.0/jline-3.9.0.jar:/home/runner/.m2/repository/org/apache/hadoop/hadoop-mapreduce-client-core/3.3.1/hadoop-mapreduce-client-core-3.3.1.jar:/home/runner/.m2/repository/org/apache/avro/avro/1.7.7/avro-1.7.7.jar:/home/runner/.m2/repository/org/codehaus/jackson/jackson-core-asl/1.9.13/jackson-core-asl-1.9.13.jar:/home/runner/.m2/repository/org/codehaus/jackson/jackson-mapper-asl/1.9.13/jackson-mapper-asl-1.9.13.jar:/home/runner/.m2/repository/com/thoughtworks/paranamer/paranamer/2.3/paranamer-2.3.jar:/home/runner/.m2/repository/org/apache/hadoop/hadoop-annotations/3.3.1/hadoop-annotations-3.3.1.jar:/usr/lib/jvm/adoptopenjdk-8-hotspot-amd64/jre/../lib/tools.jar:/home/runner/.m2/repository/org/apache/hadoop/hadoop-distcp/3.3.1/hadoop-distcp-3.3.1-tests.jar:"/>
    <property name="java.vm.vendor" value="AdoptOpenJDK"/>
    <property name="sun.arch.data.model" value="64"/>
    <property name="test.build.dir" value="/home/runner/work/ozone/ozone/mnt/ozone/hadoop-ozone/integration-test/target/test-dir"/>
    <property name="test.cache.data" value=""/>
    <property name="java.vendor.url" value="https://adoptopenjdk.net/"/>
    <property name="user.timezone" value=""/>
    <property name="java.vm.specification.version" value="1.8"/>
    <property name="os.name" value="Linux"/>
    <property name="test.build.data" value="/home/runner/work/ozone/ozone/mnt/ozone/hadoop-ozone/integration-test/target/test-dir"/>
    <property name="sun.java.launcher" value="SUN_STANDARD"/>
    <property name="sun.boot.library.path" value="/usr/lib/jvm/adoptopenjdk-8-hotspot-amd64/jre/lib/amd64"/>
    <property name="sun.java.command" value="/home/runner/work/ozone/ozone/mnt/ozone/hadoop-ozone/integration-test/target/surefire/surefirebooter4805986274731033114.jar /home/runner/work/ozone/ozone/mnt/ozone/hadoop-ozone/integration-test/target/surefire 2021-07-17T00-53-37_705-jvmRun1 surefire7331720718492275090tmp surefire_251042491192251307331tmp"/>
    <property name="surefire.test.class.path" value="/home/runner/work/ozone/ozone/mnt/ozone/hadoop-ozone/integration-test/target/test-classes:/home/runner/work/ozone/ozone/mnt/ozone/hadoop-ozone/integration-test/target/classes:/home/runner/.m2/repository/org/apache/ozone/ozone-common/1.2.0-SNAPSHOT/ozone-common-1.2.0-SNAPSHOT.jar:/home/runner/.m2/repository/org/apache/commons/commons-compress/1.20/commons-compress-1.20.jar:/home/runner/.m2/repository/org/apache/ozone/hdds-common/1.2.0-SNAPSHOT/hdds-common-1.2.0-SNAPSHOT.jar:/home/runner/.m2/repository/org/apache/ozone/hdds-client/1.2.0-SNAPSHOT/hdds-client-1.2.0-SNAPSHOT.jar:/home/runner/.m2/repository/org/apache/ozone/ozone-interface-client/1.2.0-SNAPSHOT/ozone-interface-client-1.2.0-SNAPSHOT.jar:/home/runner/.m2/repository/org/apache/ozone/hdds-test-utils/1.2.0-SNAPSHOT/hdds-test-utils-1.2.0-SNAPSHOT.jar:/home/runner/.m2/repository/com/google/guava/guava/30.1.1-jre/guava-30.1.1-jre.jar:/home/runner/.m2/repository/com/google/guava/failureaccess/1.0.1/failureaccess-1.0.1.jar:/home/runner/.m2/repository/com/google/guava/listenablefuture/9999.0-empty-to-avoid-conflict-with-guava/listenablefuture-9999.0-empty-to-avoid-conflict-with-guava.jar:/home/runner/.m2/repository/com/google/code/findbugs/jsr305/3.0.0/jsr305-3.0.0.jar:/home/runner/.m2/repository/org/checkerframework/checker-qual/3.8.0/checker-qual-3.8.0.jar:/home/runner/.m2/repository/com/google/errorprone/error_prone_annotations/2.2.0/error_prone_annotations-2.2.0.jar:/home/runner/.m2/repository/com/google/j2objc/j2objc-annotations/1.3/j2objc-annotations-1.3.jar:/home/runner/.m2/repository/commons-io/commons-io/2.8.0/commons-io-2.8.0.jar:/home/runner/.m2/repository/commons-logging/commons-logging/1.2/commons-logging-1.2.jar:/home/runner/.m2/repository/log4j/log4j/1.2.17/log4j-1.2.17.jar:/home/runner/.m2/repository/org/slf4j/slf4j-api/1.7.30/slf4j-api-1.7.30.jar:/home/runner/.m2/repository/org/apache/ozone/hdds-server-scm/1.2.0-SNAPSHOT/hdds-server-scm-1.2.0-SNAPSHOT.jar:/home/runner/.m2/repository/org/apache/ozone/hdds-container-service/1.2.0-SNAPSHOT/hdds-container-service-1.2.0-SNAPSHOT.jar:/home/runner/.m2/repository/org/apache/ozone/hdds-hadoop-dependency-server/1.2.0-SNAPSHOT/hdds-hadoop-dependency-server-1.2.0-SNAPSHOT.jar:/home/runner/.m2/repository/org/apache/hadoop/hadoop-hdfs/3.3.1/hadoop-hdfs-3.3.1.jar:/home/runner/.m2/repository/org/apache/ozone/hdds-server-framework/1.2.0-SNAPSHOT/hdds-server-framework-1.2.0-SNAPSHOT.jar:/home/runner/.m2/repository/org/apache/ozone/hdds-interface-server/1.2.0-SNAPSHOT/hdds-interface-server-1.2.0-SNAPSHOT.jar:/home/runner/.m2/repository/org/eclipse/jetty/jetty-servlet/9.4.35.v20201120/jetty-servlet-9.4.35.v20201120.jar:/home/runner/.m2/repository/org/eclipse/jetty/jetty-security/9.4.35.v20201120/jetty-security-9.4.35.v20201120.jar:/home/runner/.m2/repository/org/rocksdb/rocksdbjni/6.20.3/rocksdbjni-6.20.3.jar:/home/runner/.m2/repository/io/prometheus/simpleclient_dropwizard/0.7.0/simpleclient_dropwizard-0.7.0.jar:/home/runner/.m2/repository/io/prometheus/simpleclient/0.7.0/simpleclient-0.7.0.jar:/home/runner/.m2/repository/io/prometheus/simpleclient_common/0.7.0/simpleclient_common-0.7.0.jar:/home/runner/.m2/repository/com/fasterxml/jackson/datatype/jackson-datatype-jsr310/2.12.1/jackson-datatype-jsr310-2.12.1.jar:/home/runner/.m2/repository/io/dropwizard/metrics/metrics-core/3.2.4/metrics-core-3.2.4.jar:/home/runner/.m2/repository/org/apache/hadoop/hadoop-hdfs-client/3.3.1/hadoop-hdfs-client-3.3.1.jar:/home/runner/.m2/repository/org/bouncycastle/bcprov-jdk15on/1.67/bcprov-jdk15on-1.67.jar:/home/runner/.m2/repository/com/google/protobuf/protobuf-java/2.5.0/protobuf-java-2.5.0.jar:/home/runner/.m2/repository/org/apache/ozone/ozone-manager/1.2.0-SNAPSHOT/ozone-manager-1.2.0-SNAPSHOT.jar:/home/runner/.m2/repository/org/aspectj/aspectjrt/1.8.9/aspectjrt-1.8.9.jar:/home/runner/.m2/repository/org/aspectj/aspectjweaver/1.8.9/aspectjweaver-1.8.9.jar:/home/runner/.m2/repository/org/apache/ozone/hdds-interface-client/1.2.0-SNAPSHOT/hdds-interface-client-1.2.0-SNAPSHOT.jar:/home/runner/.m2/repository/org/apache/hadoop/thirdparty/hadoop-shaded-protobuf_3_7/1.1.1/hadoop-shaded-protobuf_3_7-1.1.1.jar:/home/runner/.m2/repository/org/apache/ratis/ratis-thirdparty-misc/0.7.0-a398b19-SNAPSHOT/ratis-thirdparty-misc-0.7.0-a398b19-SNAPSHOT.jar:/home/runner/.m2/repository/org/apache/ozone/ozone-interface-storage/1.2.0-SNAPSHOT/ozone-interface-storage-1.2.0-SNAPSHOT.jar:/home/runner/.m2/repository/org/reflections/reflections/0.9.11/reflections-0.9.11.jar:/home/runner/.m2/repository/org/apache/hadoop/hadoop-minikdc/3.3.1/hadoop-minikdc-3.3.1.jar:/home/runner/.m2/repository/org/apache/kerby/kerb-simplekdc/1.0.1/kerb-simplekdc-1.0.1.jar:/home/runner/.m2/repository/org/apache/kerby/kerb-client/1.0.1/kerb-client-1.0.1.jar:/home/runner/.m2/repository/org/apache/kerby/kerby-config/1.0.1/kerby-config-1.0.1.jar:/home/runner/.m2/repository/org/apache/kerby/kerb-common/1.0.1/kerb-common-1.0.1.jar:/home/runner/.m2/repository/org/apache/kerby/kerb-crypto/1.0.1/kerb-crypto-1.0.1.jar:/home/runner/.m2/repository/org/apache/kerby/kerb-util/1.0.1/kerb-util-1.0.1.jar:/home/runner/.m2/repository/org/apache/kerby/token-provider/1.0.1/token-provider-1.0.1.jar:/home/runner/.m2/repository/org/apache/kerby/kerb-admin/1.0.1/kerb-admin-1.0.1.jar:/home/runner/.m2/repository/org/apache/kerby/kerb-server/1.0.1/kerb-server-1.0.1.jar:/home/runner/.m2/repository/org/apache/kerby/kerb-identity/1.0.1/kerb-identity-1.0.1.jar:/home/runner/.m2/repository/org/apache/kerby/kerby-xdr/1.0.1/kerby-xdr-1.0.1.jar:/home/runner/.m2/repository/org/slf4j/slf4j-log4j12/1.7.30/slf4j-log4j12-1.7.30.jar:/home/runner/.m2/repository/org/apache/ozone/ozone-s3gateway/1.2.0-SNAPSHOT/ozone-s3gateway-1.2.0-SNAPSHOT.jar:/home/runner/.m2/repository/org/javassist/javassist/3.21.0-GA/javassist-3.21.0-GA.jar:/home/runner/.m2/repository/org/jboss/weld/servlet/weld-servlet/2.4.7.Final/weld-servlet-2.4.7.Final.jar:/home/runner/.m2/repository/org/glassfish/jersey/containers/jersey-container-servlet-core/2.33/jersey-container-servlet-core-2.33.jar:/home/runner/.m2/repository/org/glassfish/hk2/external/jakarta.inject/2.6.1/jakarta.inject-2.6.1.jar:/home/runner/.m2/repository/org/glassfish/jersey/core/jersey-common/2.33/jersey-common-2.33.jar:/home/runner/.m2/repository/jakarta/ws/rs/jakarta.ws.rs-api/2.1.6/jakarta.ws.rs-api-2.1.6.jar:/home/runner/.m2/repository/org/glassfish/jersey/ext/cdi/jersey-cdi1x/2.33/jersey-cdi1x-2.33.jar:/home/runner/.m2/repository/org/glassfish/jersey/inject/jersey-hk2/2.33/jersey-hk2-2.33.jar:/home/runner/.m2/repository/org/glassfish/hk2/hk2-locator/2.6.1/hk2-locator-2.6.1.jar:/home/runner/.m2/repository/org/glassfish/jersey/media/jersey-media-jaxb/2.33/jersey-media-jaxb-2.33.jar:/home/runner/.m2/repository/org/glassfish/hk2/osgi-resource-locator/1.0.3/osgi-resource-locator-1.0.3.jar:/home/runner/.m2/repository/org/glassfish/hk2/hk2-api/2.5.0/hk2-api-2.5.0.jar:/home/runner/.m2/repository/org/glassfish/hk2/hk2-utils/2.5.0/hk2-utils-2.5.0.jar:/home/runner/.m2/repository/org/glassfish/hk2/external/aopalliance-repackaged/2.5.0/aopalliance-repackaged-2.5.0.jar:/home/runner/.m2/repository/com/fasterxml/jackson/dataformat/jackson-dataformat-xml/2.12.1/jackson-dataformat-xml-2.12.1.jar:/home/runner/.m2/repository/com/fasterxml/jackson/core/jackson-core/2.12.1/jackson-core-2.12.1.jar:/home/runner/.m2/repository/com/fasterxml/jackson/module/jackson-module-jaxb-annotations/2.12.1/jackson-module-jaxb-annotations-2.12.1.jar:/home/runner/.m2/repository/jakarta/xml/bind/jakarta.xml.bind-api/2.3.2/jakarta.xml.bind-api-2.3.2.jar:/home/runner/.m2/repository/org/codehaus/woodstox/stax2-api/3.1.4/stax2-api-3.1.4.jar:/home/runner/.m2/repository/com/fasterxml/woodstox/woodstox-core/5.0.3/woodstox-core-5.0.3.jar:/home/runner/.m2/repository/javax/enterprise/cdi-api/1.2/cdi-api-1.2.jar:/home/runner/.m2/repository/javax/el/javax.el-api/3.0.0/javax.el-api-3.0.0.jar:/home/runner/.m2/repository/javax/interceptor/javax.interceptor-api/1.2/javax.interceptor-api-1.2.jar:/home/runner/.m2/repository/javax/inject/javax.inject/1/javax.inject-1.jar:/home/runner/.m2/repository/javax/xml/bind/jaxb-api/2.3.0/jaxb-api-2.3.0.jar:/home/runner/.m2/repository/org/glassfish/jaxb/jaxb-runtime/2.3.0.1/jaxb-runtime-2.3.0.1.jar:/home/runner/.m2/repository/org/glassfish/jaxb/jaxb-core/2.3.0.1/jaxb-core-2.3.0.1.jar:/home/runner/.m2/repository/org/glassfish/jaxb/txw2/2.3.0.1/txw2-2.3.0.1.jar:/home/runner/.m2/repository/com/sun/istack/istack-commons-runtime/3.0.5/istack-commons-runtime-3.0.5.jar:/home/runner/.m2/repository/org/jvnet/staxex/stax-ex/1.7.8/stax-ex-1.7.8.jar:/home/runner/.m2/repository/com/sun/xml/fastinfoset/FastInfoset/1.2.13/FastInfoset-1.2.13.jar:/home/runner/.m2/repository/javax/activation/activation/1.1.1/activation-1.1.1.jar:/home/runner/.m2/repository/org/apache/ozone/ozone-csi/1.2.0-SNAPSHOT/ozone-csi-1.2.0-SNAPSHOT.jar:/home/runner/.m2/repository/com/google/protobuf/protobuf-java-util/3.12.0/protobuf-java-util-3.12.0.jar:/home/runner/.m2/repository/com/google/code/gson/gson/2.2.4/gson-2.2.4.jar:/home/runner/.m2/repository/org/apache/ozone/hdds-config/1.2.0-SNAPSHOT/hdds-config-1.2.0-SNAPSHOT.jar:/home/runner/.m2/repository/io/grpc/grpc-netty/1.33.0/grpc-netty-1.33.0.jar:/home/runner/.m2/repository/io/grpc/grpc-core/1.33.0/grpc-core-1.33.0.jar:/home/runner/.m2/repository/com/google/android/annotations/4.1.1.4/annotations-4.1.1.4.jar:/home/runner/.m2/repository/io/netty/netty-codec-http2/4.1.63.Final/netty-codec-http2-4.1.63.Final.jar:/home/runner/.m2/repository/io/netty/netty-codec-http/4.1.63.Final/netty-codec-http-4.1.63.Final.jar:/home/runner/.m2/repository/io/netty/netty-handler-proxy/4.1.63.Final/netty-handler-proxy-4.1.63.Final.jar:/home/runner/.m2/repository/io/netty/netty-codec-socks/4.1.63.Final/netty-codec-socks-4.1.63.Final.jar:/home/runner/.m2/repository/io/perfmark/perfmark-api/0.19.0/perfmark-api-0.19.0.jar:/home/runner/.m2/repository/org/codehaus/mojo/animal-sniffer-annotations/1.18/animal-sniffer-annotations-1.18.jar:/home/runner/.m2/repository/io/netty/netty-transport-native-epoll/4.1.63.Final/netty-transport-native-epoll-4.1.63.Final.jar:/home/runner/.m2/repository/io/netty/netty-common/4.1.63.Final/netty-common-4.1.63.Final.jar:/home/runner/.m2/repository/io/netty/netty-buffer/4.1.63.Final/netty-buffer-4.1.63.Final.jar:/home/runner/.m2/repository/io/netty/netty-transport-native-unix-common/4.1.63.Final/netty-transport-native-unix-common-4.1.63.Final.jar:/home/runner/.m2/repository/io/grpc/grpc-protobuf/1.33.0/grpc-protobuf-1.33.0.jar:/home/runner/.m2/repository/io/grpc/grpc-api/1.33.0/grpc-api-1.33.0.jar:/home/runner/.m2/repository/io/grpc/grpc-context/1.33.0/grpc-context-1.33.0.jar:/home/runner/.m2/repository/com/google/api/grpc/proto-google-common-protos/1.17.0/proto-google-common-protos-1.17.0.jar:/home/runner/.m2/repository/io/grpc/grpc-protobuf-lite/1.33.0/grpc-protobuf-lite-1.33.0.jar:/home/runner/.m2/repository/io/grpc/grpc-stub/1.33.0/grpc-stub-1.33.0.jar:/home/runner/.m2/repository/org/apache/ozone/ozone-recon/1.2.0-SNAPSHOT/ozone-recon-1.2.0-SNAPSHOT.jar:/home/runner/.m2/repository/org/apache/ozone/ozone-reconcodegen/1.2.0-SNAPSHOT/ozone-reconcodegen-1.2.0-SNAPSHOT.jar:/home/runner/.m2/repository/com/google/inject/extensions/guice-multibindings/4.0/guice-multibindings-4.0.jar:/home/runner/.m2/repository/com/google/inject/guice/4.0/guice-4.0.jar:/home/runner/.m2/repository/aopalliance/aopalliance/1.0/aopalliance-1.0.jar:/home/runner/.m2/repository/com/google/inject/extensions/guice-assistedinject/4.0/guice-assistedinject-4.0.jar:/home/runner/.m2/repository/com/google/inject/extensions/guice-servlet/4.0/guice-servlet-4.0.jar:/home/runner/.m2/repository/org/glassfish/jersey/containers/jersey-container-servlet/2.33/jersey-container-servlet-2.33.jar:/home/runner/.m2/repository/org/glassfish/hk2/guice-bridge/2.5.0/guice-bridge-2.5.0.jar:/home/runner/.m2/repository/org/glassfish/jersey/core/jersey-server/2.33/jersey-server-2.33.jar:/home/runner/.m2/repository/org/glassfish/jersey/core/jersey-client/2.33/jersey-client-2.33.jar:/home/runner/.m2/repository/jakarta/annotation/jakarta.annotation-api/1.3.5/jakarta.annotation-api-1.3.5.jar:/home/runner/.m2/repository/jakarta/validation/jakarta.validation-api/2.0.2/jakarta.validation-api-2.0.2.jar:/home/runner/.m2/repository/org/glassfish/jersey/media/jersey-media-json-jackson/2.33/jersey-media-json-jackson-2.33.jar:/home/runner/.m2/repository/org/glassfish/jersey/ext/jersey-entity-filtering/2.33/jersey-entity-filtering-2.33.jar:/home/runner/.m2/repository/org/jooq/jooq/3.11.10/jooq-3.11.10.jar:/home/runner/.m2/repository/org/jooq/jooq-meta/3.11.10/jooq-meta-3.11.10.jar:/home/runner/.m2/repository/org/jooq/jooq-codegen/3.11.10/jooq-codegen-3.11.10.jar:/home/runner/.m2/repository/com/jolbox/bonecp/0.8.0.RELEASE/bonecp-0.8.0.RELEASE.jar:/home/runner/.m2/repository/org/apache/derby/derby/10.14.2.0/derby-10.14.2.0.jar:/home/runner/.m2/repository/org/xerial/sqlite-jdbc/3.25.2/sqlite-jdbc-3.25.2.jar:/home/runner/.m2/repository/org/springframework/spring-jdbc/5.2.11.RELEASE/spring-jdbc-5.2.11.RELEASE.jar:/home/runner/.m2/repository/org/springframework/spring-beans/5.2.11.RELEASE/spring-beans-5.2.11.RELEASE.jar:/home/runner/.m2/repository/org/springframework/spring-core/5.2.11.RELEASE/spring-core-5.2.11.RELEASE.jar:/home/runner/.m2/repository/org/springframework/spring-jcl/5.2.11.RELEASE/spring-jcl-5.2.11.RELEASE.jar:/home/runner/.m2/repository/org/springframework/spring-tx/5.2.11.RELEASE/spring-tx-5.2.11.RELEASE.jar:/home/runner/.m2/repository/org/apache/ozone/ozone-client/1.2.0-SNAPSHOT/ozone-client-1.2.0-SNAPSHOT.jar:/home/runner/.m2/repository/org/apache/ozone/ozone-filesystem/1.2.0-SNAPSHOT/ozone-filesystem-1.2.0-SNAPSHOT.jar:/home/runner/.m2/repository/org/apache/ozone/ozone-filesystem-common/1.2.0-SNAPSHOT/ozone-filesystem-common-1.2.0-SNAPSHOT.jar:/home/runner/.m2/repository/org/apache/ozone/ozone-tools/1.2.0-SNAPSHOT/ozone-tools-1.2.0-SNAPSHOT.jar:/home/runner/.m2/repository/org/apache/ratis/ratis-tools/2.1.0-ff8aa66-SNAPSHOT/ratis-tools-2.1.0-ff8aa66-SNAPSHOT.jar:/home/runner/.m2/repository/org/apache/ratis/ratis-proto/2.1.0-ff8aa66-SNAPSHOT/ratis-proto-2.1.0-ff8aa66-SNAPSHOT.jar:/home/runner/.m2/repository/org/apache/ratis/ratis-common/2.1.0-ff8aa66-SNAPSHOT/ratis-common-2.1.0-ff8aa66-SNAPSHOT.jar:/home/runner/.m2/repository/com/amazonaws/aws-java-sdk-core/1.11.901/aws-java-sdk-core-1.11.901.jar:/home/runner/.m2/repository/org/apache/httpcomponents/httpclient/4.5.13/httpclient-4.5.13.jar:/home/runner/.m2/repository/org/apache/httpcomponents/httpcore/4.4.13/httpcore-4.4.13.jar:/home/runner/.m2/repository/software/amazon/ion/ion-java/1.0.2/ion-java-1.0.2.jar:/home/runner/.m2/repository/com/fasterxml/jackson/dataformat/jackson-dataformat-cbor/2.12.1/jackson-dataformat-cbor-2.12.1.jar:/home/runner/.m2/repository/joda-time/joda-time/2.8.1/joda-time-2.8.1.jar:/home/runner/.m2/repository/com/amazonaws/aws-java-sdk-s3/1.11.901/aws-java-sdk-s3-1.11.901.jar:/home/runner/.m2/repository/com/amazonaws/aws-java-sdk-kms/1.11.901/aws-java-sdk-kms-1.11.901.jar:/home/runner/.m2/repository/com/amazonaws/jmespath-java/1.11.901/jmespath-java-1.11.901.jar:/home/runner/.m2/repository/org/kohsuke/metainf-services/metainf-services/1.8/metainf-services-1.8.jar:/home/runner/.m2/repository/org/apache/ozone/hdds-tools/1.2.0-SNAPSHOT/hdds-tools-1.2.0-SNAPSHOT.jar:/home/runner/.m2/repository/commons-cli/commons-cli/1.2/commons-cli-1.2.jar:/home/runner/.m2/repository/org/apache/commons/commons-lang3/3.7/commons-lang3-3.7.jar:/home/runner/.m2/repository/org/apache/ozone/ozone-manager/1.2.0-SNAPSHOT/ozone-manager-1.2.0-SNAPSHOT-tests.jar:/home/runner/.m2/repository/org/apache/ozone/hdds-common/1.2.0-SNAPSHOT/hdds-common-1.2.0-SNAPSHOT-tests.jar:/home/runner/.m2/repository/org/apache/ozone/hdds-hadoop-dependency-client/1.2.0-SNAPSHOT/hdds-hadoop-dependency-client-1.2.0-SNAPSHOT.jar:/home/runner/.m2/repository/info/picocli/picocli/4.4.0/picocli-4.4.0.jar:/home/runner/.m2/repository/com/fasterxml/jackson/core/jackson-annotations/2.12.1/jackson-annotations-2.12.1.jar:/home/runner/.m2/repository/javax/annotation/javax.annotation-api/1.2/javax.annotation-api-1.2.jar:/home/runner/.m2/repository/org/apache/ratis/ratis-server/2.1.0-ff8aa66-SNAPSHOT/ratis-server-2.1.0-ff8aa66-SNAPSHOT.jar:/home/runner/.m2/repository/org/apache/ratis/ratis-client/2.1.0-ff8aa66-SNAPSHOT/ratis-client-2.1.0-ff8aa66-SNAPSHOT.jar:/home/runner/.m2/repository/org/apache/ratis/ratis-server-api/2.1.0-ff8aa66-SNAPSHOT/ratis-server-api-2.1.0-ff8aa66-SNAPSHOT.jar:/home/runner/.m2/repository/org/apache/ratis/ratis-metrics/2.1.0-ff8aa66-SNAPSHOT/ratis-metrics-2.1.0-ff8aa66-SNAPSHOT.jar:/home/runner/.m2/repository/org/apache/ratis/ratis-netty/2.1.0-ff8aa66-SNAPSHOT/ratis-netty-2.1.0-ff8aa66-SNAPSHOT.jar:/home/runner/.m2/repository/org/apache/ratis/ratis-grpc/2.1.0-ff8aa66-SNAPSHOT/ratis-grpc-2.1.0-ff8aa66-SNAPSHOT.jar:/home/runner/.m2/repository/org/apache/logging/log4j/log4j-api/2.13.3/log4j-api-2.13.3.jar:/home/runner/.m2/repository/org/apache/logging/log4j/log4j-core/2.13.3/log4j-core-2.13.3.jar:/home/runner/.m2/repository/com/lmax/disruptor/3.4.2/disruptor-3.4.2.jar:/home/runner/.m2/repository/org/apache/commons/commons-pool2/2.6.0/commons-pool2-2.6.0.jar:/home/runner/.m2/repository/org/bouncycastle/bcpkix-jdk15on/1.67/bcpkix-jdk15on-1.67.jar:/home/runner/.m2/repository/commons-validator/commons-validator/1.6/commons-validator-1.6.jar:/home/runner/.m2/repository/commons-beanutils/commons-beanutils/1.9.4/commons-beanutils-1.9.4.jar:/home/runner/.m2/repository/commons-digester/commons-digester/1.8.1/commons-digester-1.8.1.jar:/home/runner/.m2/repository/commons-collections/commons-collections/3.2.2/commons-collections-3.2.2.jar:/home/runner/.m2/repository/io/jaegertracing/jaeger-client/1.6.0/jaeger-client-1.6.0.jar:/home/runner/.m2/repository/io/jaegertracing/jaeger-thrift/1.6.0/jaeger-thrift-1.6.0.jar:/home/runner/.m2/repository/org/apache/thrift/libthrift/0.14.1/libthrift-0.14.1.jar:/home/runner/.m2/repository/com/squareup/okhttp3/okhttp/4.9.0/okhttp-4.9.0.jar:/home/runner/.m2/repository/com/squareup/okio/okio/2.8.0/okio-2.8.0.jar:/home/runner/.m2/repository/io/jaegertracing/jaeger-core/1.6.0/jaeger-core-1.6.0.jar:/home/runner/.m2/repository/io/jaegertracing/jaeger-tracerresolver/1.6.0/jaeger-tracerresolver-1.6.0.jar:/home/runner/.m2/repository/io/opentracing/contrib/opentracing-tracerresolver/0.1.8/opentracing-tracerresolver-0.1.8.jar:/home/runner/.m2/repository/org/jetbrains/kotlin/kotlin-stdlib/1.4.31/kotlin-stdlib-1.4.31.jar:/home/runner/.m2/repository/org/jetbrains/kotlin/kotlin-stdlib-common/1.4.31/kotlin-stdlib-common-1.4.31.jar:/home/runner/.m2/repository/org/jetbrains/annotations/13.0/annotations-13.0.jar:/home/runner/.m2/repository/io/opentracing/opentracing-util/0.33.0/opentracing-util-0.33.0.jar:/home/runner/.m2/repository/io/opentracing/opentracing-api/0.33.0/opentracing-api-0.33.0.jar:/home/runner/.m2/repository/io/opentracing/opentracing-noop/0.33.0/opentracing-noop-0.33.0.jar:/home/runner/.m2/repository/org/yaml/snakeyaml/1.26/snakeyaml-1.26.jar:/home/runner/.m2/repository/org/apache/ozone/hdds-interface-admin/1.2.0-SNAPSHOT/hdds-interface-admin-1.2.0-SNAPSHOT.jar:/home/runner/.m2/repository/junit/junit/4.13.1/junit-4.13.1.jar:/home/runner/.m2/repository/org/hamcrest/hamcrest-core/1.3/hamcrest-core-1.3.jar:/home/runner/.m2/repository/org/junit/jupiter/junit-jupiter-api/5.7.0/junit-jupiter-api-5.7.0.jar:/home/runner/.m2/repository/org/apiguardian/apiguardian-api/1.1.0/apiguardian-api-1.1.0.jar:/home/runner/.m2/repository/org/opentest4j/opentest4j/1.2.0/opentest4j-1.2.0.jar:/home/runner/.m2/repository/org/junit/platform/junit-platform-commons/1.7.0/junit-platform-commons-1.7.0.jar:/home/runner/.m2/repository/org/junit/jupiter/junit-jupiter-engine/5.7.0/junit-jupiter-engine-5.7.0.jar:/home/runner/.m2/repository/org/junit/platform/junit-platform-engine/1.7.0/junit-platform-engine-1.7.0.jar:/home/runner/.m2/repository/org/junit/vintage/junit-vintage-engine/5.7.0/junit-vintage-engine-5.7.0.jar:/home/runner/.m2/repository/org/junit/platform/junit-platform-launcher/1.7.0/junit-platform-launcher-1.7.0.jar:/home/runner/.m2/repository/org/openjdk/jmh/jmh-core/1.19/jmh-core-1.19.jar:/home/runner/.m2/repository/net/sf/jopt-simple/jopt-simple/4.6/jopt-simple-4.6.jar:/home/runner/.m2/repository/org/apache/commons/commons-math3/3.1.1/commons-math3-3.1.1.jar:/home/runner/.m2/repository/org/openjdk/jmh/jmh-generator-annprocess/1.19/jmh-generator-annprocess-1.19.jar:/home/runner/.m2/repository/org/mockito/mockito-core/2.28.2/mockito-core-2.28.2.jar:/home/runner/.m2/repository/net/bytebuddy/byte-buddy/1.9.10/byte-buddy-1.9.10.jar:/home/runner/.m2/repository/net/bytebuddy/byte-buddy-agent/1.9.10/byte-buddy-agent-1.9.10.jar:/home/runner/.m2/repository/org/objenesis/objenesis/1.0/objenesis-1.0.jar:/home/runner/.m2/repository/org/apache/hadoop/hadoop-kms/3.3.1/hadoop-kms-3.3.1.jar:/home/runner/.m2/repository/org/apache/hadoop/hadoop-auth/3.3.1/hadoop-auth-3.3.1.jar:/home/runner/.m2/repository/com/nimbusds/nimbus-jose-jwt/7.9/nimbus-jose-jwt-7.9.jar:/home/runner/.m2/repository/com/github/stephenc/jcip/jcip-annotations/1.0-1/jcip-annotations-1.0-1.jar:/home/runner/.m2/repository/net/minidev/json-smart/2.3/json-smart-2.3.jar:/home/runner/.m2/repository/net/minidev/accessors-smart/1.2/accessors-smart-1.2.jar:/home/runner/.m2/repository/org/ow2/asm/asm/5.0.4/asm-5.0.4.jar:/home/runner/.m2/repository/org/apache/zookeeper/zookeeper/3.5.6/zookeeper-3.5.6.jar:/home/runner/.m2/repository/org/apache/zookeeper/zookeeper-jute/3.5.6/zookeeper-jute-3.5.6.jar:/home/runner/.m2/repository/org/apache/yetus/audience-annotations/0.5.0/audience-annotations-0.5.0.jar:/home/runner/.m2/repository/org/apache/curator/curator-framework/4.2.0/curator-framework-4.2.0.jar:/home/runner/.m2/repository/org/apache/hadoop/thirdparty/hadoop-shaded-guava/1.1.1/hadoop-shaded-guava-1.1.1.jar:/home/runner/.m2/repository/com/sun/jersey/jersey-core/1.19/jersey-core-1.19.jar:/home/runner/.m2/repository/javax/ws/rs/jsr311-api/1.1.1/jsr311-api-1.1.1.jar:/home/runner/.m2/repository/com/sun/jersey/jersey-server/1.19/jersey-server-1.19.jar:/home/runner/.m2/repository/javax/servlet/javax.servlet-api/3.1.0/javax.servlet-api-3.1.0.jar:/home/runner/.m2/repository/org/eclipse/jetty/jetty-server/9.4.35.v20201120/jetty-server-9.4.35.v20201120.jar:/home/runner/.m2/repository/org/eclipse/jetty/jetty-http/9.4.35.v20201120/jetty-http-9.4.35.v20201120.jar:/home/runner/.m2/repository/org/eclipse/jetty/jetty-io/9.4.35.v20201120/jetty-io-9.4.35.v20201120.jar:/home/runner/.m2/repository/org/eclipse/jetty/jetty-webapp/9.4.35.v20201120/jetty-webapp-9.4.35.v20201120.jar:/home/runner/.m2/repository/org/eclipse/jetty/jetty-xml/9.4.35.v20201120/jetty-xml-9.4.35.v20201120.jar:/home/runner/.m2/repository/org/apache/hadoop/hadoop-common/3.3.1/hadoop-common-3.3.1.jar:/home/runner/.m2/repository/commons-net/commons-net/3.6/commons-net-3.6.jar:/home/runner/.m2/repository/jakarta/activation/jakarta.activation-api/1.2.1/jakarta.activation-api-1.2.1.jar:/home/runner/.m2/repository/com/sun/jersey/jersey-servlet/1.19/jersey-servlet-1.19.jar:/home/runner/.m2/repository/com/sun/jersey/jersey-json/1.19/jersey-json-1.19.jar:/home/runner/.m2/repository/org/codehaus/jettison/jettison/1.1/jettison-1.1.jar:/home/runner/.m2/repository/com/sun/xml/bind/jaxb-impl/2.2.3-1/jaxb-impl-2.2.3-1.jar:/home/runner/.m2/repository/org/codehaus/jackson/jackson-jaxrs/1.9.2/jackson-jaxrs-1.9.2.jar:/home/runner/.m2/repository/org/codehaus/jackson/jackson-xc/1.9.2/jackson-xc-1.9.2.jar:/home/runner/.m2/repository/org/apache/commons/commons-configuration2/2.1.1/commons-configuration2-2.1.1.jar:/home/runner/.m2/repository/org/apache/commons/commons-text/1.4/commons-text-1.4.jar:/home/runner/.m2/repository/com/google/re2j/re2j/1.1/re2j-1.1.jar:/home/runner/.m2/repository/com/jcraft/jsch/0.1.54/jsch-0.1.54.jar:/home/runner/.m2/repository/org/apache/curator/curator-client/4.2.0/curator-client-4.2.0.jar:/home/runner/.m2/repository/org/apache/curator/curator-recipes/4.2.0/curator-recipes-4.2.0.jar:/home/runner/.m2/repository/org/apache/kerby/kerb-core/1.0.1/kerb-core-1.0.1.jar:/home/runner/.m2/repository/org/apache/kerby/kerby-pkix/1.0.1/kerby-pkix-1.0.1.jar:/home/runner/.m2/repository/org/apache/kerby/kerby-asn1/1.0.1/kerby-asn1-1.0.1.jar:/home/runner/.m2/repository/org/apache/kerby/kerby-util/1.0.1/kerby-util-1.0.1.jar:/home/runner/.m2/repository/dnsjava/dnsjava/2.1.7/dnsjava-2.1.7.jar:/home/runner/.m2/repository/org/xerial/snappy/snappy-java/1.1.8.2/snappy-java-1.1.8.2.jar:/home/runner/.m2/repository/org/slf4j/jul-to-slf4j/1.7.30/jul-to-slf4j-1.7.30.jar:/home/runner/.m2/repository/org/eclipse/jetty/jetty-util/9.4.35.v20201120/jetty-util-9.4.35.v20201120.jar:/home/runner/.m2/repository/com/fasterxml/jackson/core/jackson-databind/2.12.1/jackson-databind-2.12.1.jar:/home/runner/.m2/repository/org/apache/hadoop/hadoop-kms/3.3.1/hadoop-kms-3.3.1-tests.jar:/home/runner/.m2/repository/org/apache/ozone/hdds-server-scm/1.2.0-SNAPSHOT/hdds-server-scm-1.2.0-SNAPSHOT-tests.jar:/home/runner/.m2/repository/org/apache/ozone/hdds-container-service/1.2.0-SNAPSHOT/hdds-container-service-1.2.0-SNAPSHOT-tests.jar:/home/runner/.m2/repository/commons-codec/commons-codec/1.11/commons-codec-1.11.jar:/home/runner/.m2/repository/io/netty/netty-transport/4.1.63.Final/netty-transport-4.1.63.Final.jar:/home/runner/.m2/repository/io/netty/netty-resolver/4.1.63.Final/netty-resolver-4.1.63.Final.jar:/home/runner/.m2/repository/io/netty/netty-codec/4.1.63.Final/netty-codec-4.1.63.Final.jar:/home/runner/.m2/repository/io/netty/netty-handler/4.1.63.Final/netty-handler-4.1.63.Final.jar:/home/runner/.m2/repository/org/apache/ozone/hdds-hadoop-dependency-test/1.2.0-SNAPSHOT/hdds-hadoop-dependency-test-1.2.0-SNAPSHOT.jar:/home/runner/.m2/repository/org/apache/hadoop/hadoop-common/3.3.1/hadoop-common-3.3.1-tests.jar:/home/runner/.m2/repository/org/assertj/assertj-core/3.12.2/assertj-core-3.12.2.jar:/home/runner/.m2/repository/org/apache/hadoop/hadoop-hdfs/3.3.1/hadoop-hdfs-3.3.1-tests.jar:/home/runner/.m2/repository/org/eclipse/jetty/jetty-util-ajax/9.4.35.v20201120/jetty-util-ajax-9.4.35.v20201120.jar:/home/runner/.m2/repository/commons-daemon/commons-daemon/1.0.13/commons-daemon-1.0.13.jar:/home/runner/.m2/repository/io/netty/netty/3.10.6.Final/netty-3.10.6.Final.jar:/home/runner/.m2/repository/io/netty/netty-all/4.1.63.Final/netty-all-4.1.63.Final.jar:/home/runner/.m2/repository/org/apache/htrace/htrace-core4/4.1.0-incubating/htrace-core4-4.1.0-incubating.jar:/home/runner/.m2/repository/org/fusesource/leveldbjni/leveldbjni-all/1.8/leveldbjni-all-1.8.jar:/home/runner/.m2/repository/org/apache/hadoop/hadoop-distcp/3.3.1/hadoop-distcp-3.3.1.jar:/home/runner/.m2/repository/org/apache/hadoop/hadoop-mapreduce-client-jobclient/3.3.1/hadoop-mapreduce-client-jobclient-3.3.1.jar:/home/runner/.m2/repository/org/apache/hadoop/hadoop-mapreduce-client-common/3.3.1/hadoop-mapreduce-client-common-3.3.1.jar:/home/runner/.m2/repository/org/apache/hadoop/hadoop-yarn-common/3.3.1/hadoop-yarn-common-3.3.1.jar:/home/runner/.m2/repository/org/apache/hadoop/hadoop-yarn-api/3.3.1/hadoop-yarn-api-3.3.1.jar:/home/runner/.m2/repository/com/sun/jersey/jersey-client/1.19/jersey-client-1.19.jar:/home/runner/.m2/repository/com/sun/jersey/contribs/jersey-guice/1.19/jersey-guice-1.19.jar:/home/runner/.m2/repository/com/fasterxml/jackson/jaxrs/jackson-jaxrs-json-provider/2.12.1/jackson-jaxrs-json-provider-2.12.1.jar:/home/runner/.m2/repository/com/fasterxml/jackson/jaxrs/jackson-jaxrs-base/2.12.1/jackson-jaxrs-base-2.12.1.jar:/home/runner/.m2/repository/org/apache/hadoop/hadoop-yarn-client/3.3.1/hadoop-yarn-client-3.3.1.jar:/home/runner/.m2/repository/org/eclipse/jetty/websocket/websocket-client/9.4.40.v20210413/websocket-client-9.4.40.v20210413.jar:/home/runner/.m2/repository/org/eclipse/jetty/jetty-client/9.4.40.v20210413/jetty-client-9.4.40.v20210413.jar:/home/runner/.m2/repository/org/eclipse/jetty/websocket/websocket-common/9.4.40.v20210413/websocket-common-9.4.40.v20210413.jar:/home/runner/.m2/repository/org/eclipse/jetty/websocket/websocket-api/9.4.40.v20210413/websocket-api-9.4.40.v20210413.jar:/home/runner/.m2/repository/org/jline/jline/3.9.0/jline-3.9.0.jar:/home/runner/.m2/repository/org/apache/hadoop/hadoop-mapreduce-client-core/3.3.1/hadoop-mapreduce-client-core-3.3.1.jar:/home/runner/.m2/repository/org/apache/avro/avro/1.7.7/avro-1.7.7.jar:/home/runner/.m2/repository/org/codehaus/jackson/jackson-core-asl/1.9.13/jackson-core-asl-1.9.13.jar:/home/runner/.m2/repository/org/codehaus/jackson/jackson-mapper-asl/1.9.13/jackson-mapper-asl-1.9.13.jar:/home/runner/.m2/repository/com/thoughtworks/paranamer/paranamer/2.3/paranamer-2.3.jar:/home/runner/.m2/repository/org/apache/hadoop/hadoop-annotations/3.3.1/hadoop-annotations-3.3.1.jar:/usr/lib/jvm/adoptopenjdk-8-hotspot-amd64/jre/../lib/tools.jar:/home/runner/.m2/repository/org/apache/hadoop/hadoop-distcp/3.3.1/hadoop-distcp-3.3.1-tests.jar:"/>
    <property name="sun.cpu.endian" value="little"/>
    <property name="user.home" value="/home/runner"/>
    <property name="user.language" value="en"/>
    <property name="java.specification.vendor" value="Oracle Corporation"/>
    <property name="java.home" value="/usr/lib/jvm/adoptopenjdk-8-hotspot-amd64/jre"/>
    <property name="java.security.krb5.conf" value="/home/runner/work/ozone/ozone/mnt/ozone/hadoop-ozone/integration-test/target/test-classes/krb5.conf"/>
    <property name="basedir" value="/home/runner/work/ozone/ozone/mnt/ozone/hadoop-ozone/integration-test"/>
    <property name="file.separator" value="/"/>
    <property name="line.separator" value="&#10;"/>
    <property name="java.vm.specification.vendor" value="Oracle Corporation"/>
    <property name="java.specification.name" value="Java Platform API Specification"/>
    <property name="java.awt.graphicsenv" value="sun.awt.X11GraphicsEnvironment"/>
    <property name="skip.installnpx" value="true"/>
    <property name="surefire.real.class.path" value="/home/runner/work/ozone/ozone/mnt/ozone/hadoop-ozone/integration-test/target/surefire/surefirebooter4805986274731033114.jar:/home/runner/.m2/repository/org/jacoco/org.jacoco.agent/0.8.5/org.jacoco.agent-0.8.5-runtime.jar"/>
    <property name="hadoop.log.dir" value="/home/runner/work/ozone/ozone/mnt/ozone/hadoop-ozone/integration-test/target/log"/>
    <property name="sun.boot.class.path" value="/usr/lib/jvm/adoptopenjdk-8-hotspot-amd64/jre/lib/resources.jar:/usr/lib/jvm/adoptopenjdk-8-hotspot-amd64/jre/lib/rt.jar:/usr/lib/jvm/adoptopenjdk-8-hotspot-amd64/jre/lib/sunrsasign.jar:/usr/lib/jvm/adoptopenjdk-8-hotspot-amd64/jre/lib/jsse.jar:/usr/lib/jvm/adoptopenjdk-8-hotspot-amd64/jre/lib/jce.jar:/usr/lib/jvm/adoptopenjdk-8-hotspot-amd64/jre/lib/charsets.jar:/usr/lib/jvm/adoptopenjdk-8-hotspot-amd64/jre/lib/jfr.jar:/usr/lib/jvm/adoptopenjdk-8-hotspot-amd64/jre/classes"/>
    <property name="sun.management.compiler" value="HotSpot 64-Bit Tiered Compilers"/>
    <property name="skip.npx" value="true"/>
    <property name="java.runtime.version" value="1.8.0_292-b10"/>
    <property name="java.net.preferIPv4Stack" value="true"/>
    <property name="user.name" value="runner"/>
    <property name="path.separator" value=":"/>
    <property name="java.security.egd" value="file:///dev/urandom"/>
    <property name="os.version" value="5.4.0-1051-azure"/>
    <property name="java.endorsed.dirs" value="/usr/lib/jvm/adoptopenjdk-8-hotspot-amd64/jre/lib/endorsed"/>
    <property name="java.runtime.name" value="OpenJDK Runtime Environment"/>
    <property name="file.encoding" value="UTF-8"/>
    <property name="java.vm.name" value="OpenJDK 64-Bit Server VM"/>
    <property name="test.build.webapps" value=""/>
    <property name="localRepository" value="/home/runner/.m2/repository"/>
    <property name="java.vendor.url.bug" value="https://github.com/AdoptOpenJDK/openjdk-support/issues"/>
    <property name="java.io.tmpdir" value="/tmp"/>
    <property name="require.test.libhadoop" value=""/>
    <property name="java.version" value="1.8.0_292"/>
    <property name="user.dir" value="/home/runner/work/ozone/ozone/mnt/ozone/hadoop-ozone/integration-test"/>
    <property name="os.arch" value="amd64"/>
    <property name="java.vm.specification.name" value="Java Virtual Machine Specification"/>
    <property name="test.build.classes" value="/home/runner/work/ozone/ozone/mnt/ozone/hadoop-ozone/integration-test/target/test-classes"/>
    <property name="java.awt.printerjob" value="sun.print.PSPrinterJob"/>
    <property name="sun.os.patch.level" value="unknown"/>
    <property name="hadoop.tmp.dir" value="/home/runner/work/ozone/ozone/mnt/ozone/hadoop-ozone/integration-test/target/tmp"/>
    <property name="java.library.path" value="/usr/java/packages/lib/amd64:/usr/lib64:/lib64:/lib:/usr/lib"/>
    <property name="java.vm.info" value="mixed mode"/>
    <property name="java.vendor" value="AdoptOpenJDK"/>
    <property name="java.vm.version" value="25.292-b10"/>
    <property name="java.ext.dirs" value="/usr/lib/jvm/adoptopenjdk-8-hotspot-amd64/jre/lib/ext:/usr/java/packages/lib/ext"/>
    <property name="sun.io.unicode.encoding" value="UnicodeLittle"/>
    <property name="java.class.version" value="52.0"/>
  </properties>
  <testcase name="testWatchForCommitWithKeyWrite" classname="org.apache.hadoop.ozone.client.rpc.TestWatchForCommit" time="69.818"/>
  <testcase name="testWatchForCommitForRetryfailure" classname="org.apache.hadoop.ozone.client.rpc.TestWatchForCommit" time="72.204"/>
  <testcase name="testWatchForCommitForGroupMismatchException" classname="org.apache.hadoop.ozone.client.rpc.TestWatchForCommit" time="54.214">
    <error message="org.apache.ratis.protocol.exceptions.AlreadyClosedException: SlidingWindow$Client:client-D82BC3E18D48-&gt;RAFT is closed." type="java.util.concurrent.ExecutionException">java.util.concurrent.ExecutionException: org.apache.ratis.protocol.exceptions.AlreadyClosedException: SlidingWindow$Client:client-D82BC3E18D48->RAFT is closed.
	at java.util.concurrent.CompletableFuture.reportGet(CompletableFuture.java:357)
	at java.util.concurrent.CompletableFuture.get(CompletableFuture.java:1908)
	at org.apache.hadoop.ozone.client.rpc.TestWatchForCommit.testWatchForCommitForGroupMismatchException(TestWatchForCommit.java:353)
	at sun.reflect.NativeMethodAccessorImpl.invoke0(Native Method)
	at sun.reflect.NativeMethodAccessorImpl.invoke(NativeMethodAccessorImpl.java:62)
	at sun.reflect.DelegatingMethodAccessorImpl.invoke(DelegatingMethodAccessorImpl.java:43)
	at java.lang.reflect.Method.invoke(Method.java:498)
	at org.junit.runners.model.FrameworkMethod$1.runReflectiveCall(FrameworkMethod.java:59)
	at org.junit.internal.runners.model.ReflectiveCallable.run(ReflectiveCallable.java:12)
	at org.junit.runners.model.FrameworkMethod.invokeExplosively(FrameworkMethod.java:56)
	at org.junit.internal.runners.statements.InvokeMethod.evaluate(InvokeMethod.java:17)
	at org.junit.internal.runners.statements.RunBefores.evaluate(RunBefores.java:26)
	at org.junit.internal.runners.statements.RunAfters.evaluate(RunAfters.java:27)
	at org.junit.runners.ParentRunner$3.evaluate(ParentRunner.java:306)
	at org.junit.runners.BlockJUnit4ClassRunner$1.evaluate(BlockJUnit4ClassRunner.java:100)
	at org.junit.runners.ParentRunner.runLeaf(ParentRunner.java:366)
	at org.junit.runners.BlockJUnit4ClassRunner.runChild(BlockJUnit4ClassRunner.java:103)
	at org.junit.runners.BlockJUnit4ClassRunner.runChild(BlockJUnit4ClassRunner.java:63)
	at org.junit.runners.ParentRunner$4.run(ParentRunner.java:331)
	at org.junit.runners.ParentRunner$1.schedule(ParentRunner.java:79)
	at org.junit.runners.ParentRunner.runChildren(ParentRunner.java:329)
	at org.junit.runners.ParentRunner.access$100(ParentRunner.java:66)
	at org.junit.runners.ParentRunner$2.evaluate(ParentRunner.java:293)
	at org.junit.runners.ParentRunner$3.evaluate(ParentRunner.java:306)
	at org.junit.runners.ParentRunner.run(ParentRunner.java:413)
	at org.junit.runner.JUnitCore.run(JUnitCore.java:137)
	at org.junit.runner.JUnitCore.run(JUnitCore.java:115)
	at org.junit.vintage.engine.execution.RunnerExecutor.execute(RunnerExecutor.java:43)
	at java.util.stream.ForEachOps$ForEachOp$OfRef.accept(ForEachOps.java:183)
	at java.util.stream.ReferencePipeline$3$1.accept(ReferencePipeline.java:193)
	at java.util.Iterator.forEachRemaining(Iterator.java:116)
	at java.util.Spliterators$IteratorSpliterator.forEachRemaining(Spliterators.java:1801)
	at java.util.stream.AbstractPipeline.copyInto(AbstractPipeline.java:482)
	at java.util.stream.AbstractPipeline.wrapAndCopyInto(AbstractPipeline.java:472)
	at java.util.stream.ForEachOps$ForEachOp.evaluateSequential(ForEachOps.java:150)
	at java.util.stream.ForEachOps$ForEachOp$OfRef.evaluateSequential(ForEachOps.java:173)
	at java.util.stream.AbstractPipeline.evaluate(AbstractPipeline.java:234)
	at java.util.stream.ReferencePipeline.forEach(ReferencePipeline.java:485)
	at org.junit.vintage.engine.VintageTestEngine.executeAllChildren(VintageTestEngine.java:82)
	at org.junit.vintage.engine.VintageTestEngine.execute(VintageTestEngine.java:73)
	at org.junit.platform.launcher.core.EngineExecutionOrchestrator.execute(EngineExecutionOrchestrator.java:108)
	at org.junit.platform.launcher.core.EngineExecutionOrchestrator.execute(EngineExecutionOrchestrator.java:88)
	at org.junit.platform.launcher.core.EngineExecutionOrchestrator.lambda$execute$0(EngineExecutionOrchestrator.java:54)
	at org.junit.platform.launcher.core.EngineExecutionOrchestrator.withInterceptedStreams(EngineExecutionOrchestrator.java:67)
	at org.junit.platform.launcher.core.EngineExecutionOrchestrator.execute(EngineExecutionOrchestrator.java:52)
	at org.junit.platform.launcher.core.DefaultLauncher.execute(DefaultLauncher.java:96)
	at org.junit.platform.launcher.core.DefaultLauncher.execute(DefaultLauncher.java:75)
	at org.apache.maven.surefire.junitplatform.JUnitPlatformProvider.invokeAllTests(JUnitPlatformProvider.java:142)
	at org.apache.maven.surefire.junitplatform.JUnitPlatformProvider.invoke(JUnitPlatformProvider.java:113)
	at org.apache.maven.surefire.booter.ForkedBooter.invokeProviderInSameClassLoader(ForkedBooter.java:384)
	at org.apache.maven.surefire.booter.ForkedBooter.runSuitesInProcess(ForkedBooter.java:345)
	at org.apache.maven.surefire.booter.ForkedBooter.execute(ForkedBooter.java:126)
	at org.apache.maven.surefire.booter.ForkedBooter.main(ForkedBooter.java:418)
Caused by: org.apache.ratis.protocol.exceptions.AlreadyClosedException: SlidingWindow$Client:client-D82BC3E18D48->RAFT is closed.
	at org.apache.ratis.util.SlidingWindow$Client.alreadyClosed(SlidingWindow.java:378)
	at org.apache.ratis.util.SlidingWindow$Client.fail(SlidingWindow.java:366)
	at org.apache.ratis.client.impl.OrderedAsync.failAllAsyncRequests(OrderedAsync.java:148)
	at org.apache.ratis.client.impl.OrderedAsync.handleAsyncRetryFailure(OrderedAsync.java:152)
	at org.apache.ratis.client.impl.OrderedAsync.lambda$sendRequest$10(OrderedAsync.java:252)
	at java.util.concurrent.CompletableFuture.uniExceptionally(CompletableFuture.java:884)
	at java.util.concurrent.CompletableFuture$UniExceptionally.tryFire(CompletableFuture.java:866)
	at java.util.concurrent.CompletableFuture.postComplete(CompletableFuture.java:488)
	at java.util.concurrent.CompletableFuture.completeExceptionally(CompletableFuture.java:1990)
	at org.apache.ratis.grpc.client.GrpcClientProtocolClient$AsyncStreamObservers.completeReplyExceptionally(GrpcClientProtocolClient.java:388)
	at org.apache.ratis.grpc.client.GrpcClientProtocolClient$AsyncStreamObservers.access$000(GrpcClientProtocolClient.java:294)
	at org.apache.ratis.grpc.client.GrpcClientProtocolClient$AsyncStreamObservers$1.onNext(GrpcClientProtocolClient.java:308)
	at org.apache.ratis.grpc.client.GrpcClientProtocolClient$AsyncStreamObservers$1.onNext(GrpcClientProtocolClient.java:299)
	at org.apache.ratis.thirdparty.io.grpc.stub.ClientCalls$StreamObserverToCallListenerAdapter.onMessage(ClientCalls.java:465)
	at org.apache.ratis.thirdparty.io.grpc.ForwardingClientCallListener.onMessage(ForwardingClientCallListener.java:33)
	at org.apache.ratis.thirdparty.io.grpc.internal.DelayedClientCall$DelayedListener.onMessage(DelayedClientCall.java:447)
	at org.apache.ratis.thirdparty.io.grpc.internal.ClientCallImpl$ClientStreamListenerImpl$1MessagesAvailable.runInternal(ClientCallImpl.java:715)
	at org.apache.ratis.thirdparty.io.grpc.internal.ClientCallImpl$ClientStreamListenerImpl$1MessagesAvailable.runInContext(ClientCallImpl.java:700)
	at org.apache.ratis.thirdparty.io.grpc.internal.ContextRunnable.run(ContextRunnable.java:37)
	at org.apache.ratis.thirdparty.io.grpc.internal.SerializingExecutor.run(SerializingExecutor.java:123)
	at java.util.concurrent.ThreadPoolExecutor.runWorker(ThreadPoolExecutor.java:1149)
	at java.util.concurrent.ThreadPoolExecutor$Worker.run(ThreadPoolExecutor.java:624)
	at java.lang.Thread.run(Thread.java:748)
Caused by: org.apache.ratis.protocol.exceptions.RaftRetryFailureException: Failed RaftClientRequest:client-D82BC3E18D48->817716dc-74d9-44e3-96f4-247fb6d3bd86@group-18EA97DC0098, cid=52, seq=1*, Watch(0), null for 3 attempts with RequestTypeDependentRetryPolicy{WRITE->org.apache.ratis.retry.ExceptionDependentRetry@15ccbc26, WATCH->org.apache.ratis.retry.ExceptionDependentRetry@5be12f29}
	at org.apache.ratis.client.impl.RaftClientImpl.noMoreRetries(RaftClientImpl.java:254)
	... 20 more
Caused by: org.apache.ratis.protocol.exceptions.NotLeaderException: Server 817716dc-74d9-44e3-96f4-247fb6d3bd86@group-18EA97DC0098 is not the leader
	at org.apache.ratis.client.impl.ClientProtoUtils.toRaftClientReply(ClientProtoUtils.java:368)
	at org.apache.ratis.grpc.client.GrpcClientProtocolClient$AsyncStreamObservers$1.onNext(GrpcClientProtocolClient.java:304)
	... 11 more
</error>
    <system-out><![CDATA[2021-07-17 01:44:28,842 [Listener at 127.0.0.1/39453] WARN  server.ServerUtils (ServerUtils.java:getScmDbDir(148)) - ozone.scm.db.dirs is not configured. We recommend adding this setting. Falling back to ozone.metadata.dirs instead.
2021-07-17 01:44:28,844 [Listener at 127.0.0.1/39453] INFO  ha.SCMHANodeDetails (SCMHANodeDetails.java:loadSCMHAConfig(157)) - ServiceID for StorageContainerManager is null
2021-07-17 01:44:28,844 [Listener at 127.0.0.1/39453] INFO  ha.SCMHANodeDetails (SCMHANodeDetails.java:loadSCMHAConfig(162)) - ozone.scm.default.service.id is not defined, falling back to ozone.scm.service.ids to find serviceID for StorageContainerManager if it is HA enabled cluster
2021-07-17 01:44:28,844 [Listener at 127.0.0.1/39453] WARN  server.ServerUtils (ServerUtils.java:getScmDbDir(148)) - ozone.scm.db.dirs is not configured. We recommend adding this setting. Falling back to ozone.metadata.dirs instead.
2021-07-17 01:44:28,844 [Listener at 127.0.0.1/39453] INFO  upgrade.AbstractLayoutVersionManager (AbstractLayoutVersionManager.java:init(70)) - Initializing Layout version manager with metadata layout = SCM_HA (version = 2), software layout = SCM_HA (version = 2)
2021-07-17 01:44:28,876 [Listener at 127.0.0.1/39453] INFO  reflections.Reflections (Reflections.java:scan(232)) - Reflections took 31 ms to scan 7 urls, producing 119 keys and 271 values 
2021-07-17 01:44:28,877 [Listener at 127.0.0.1/39453] WARN  utils.HAUtils (HAUtils.java:getMetaDir(342)) - ozone.scm.db.dirs is not configured. We recommend adding this setting. Falling back to ozone.metadata.dirs instead.
2021-07-17 01:44:28,878 [Listener at 127.0.0.1/39453] WARN  db.DBStoreBuilder (DBStoreBuilder.java:applyDBDefinition(145)) - ozone.scm.db.dirs is not configured. We recommend adding this setting. Falling back to ozone.metadata.dirs instead.
2021-07-17 01:44:28,933 [Listener at 127.0.0.1/39453] INFO  net.NodeSchemaLoader (NodeSchemaLoader.java:loadSchemaFromFile(129)) - Loading schema from [jar:file:/home/runner/.m2/repository/org/apache/ozone/hdds-common/1.2.0-SNAPSHOT/hdds-common-1.2.0-SNAPSHOT.jar!/network-topology-default.xml]
2021-07-17 01:44:28,933 [Listener at 127.0.0.1/39453] INFO  net.NodeSchemaLoader (NodeSchemaLoader.java:loadSchema(176)) - Loading network topology layer schema file
2021-07-17 01:44:28,936 [Listener at 127.0.0.1/39453] INFO  ha.SequenceIdGenerator (SequenceIdGenerator.java:upgradeToSequenceId(327)) - upgrade localId to 107544261427200000
2021-07-17 01:44:28,936 [Listener at 127.0.0.1/39453] INFO  ha.SequenceIdGenerator (SequenceIdGenerator.java:upgradeToSequenceId(337)) - upgrade delTxnId to 0
2021-07-17 01:44:28,936 [Listener at 127.0.0.1/39453] INFO  ha.SequenceIdGenerator (SequenceIdGenerator.java:upgradeToSequenceId(351)) - upgrade containerId to 0
2021-07-17 01:44:28,936 [Listener at 127.0.0.1/39453] INFO  ha.SequenceIdGenerator (SequenceIdGenerator.java:<init>(217)) - Init the HA SequenceIdGenerator.
2021-07-17 01:44:28,937 [Listener at 127.0.0.1/39453] INFO  node.SCMNodeManager (SCMNodeManager.java:<init>(141)) - Entering startup safe mode.
2021-07-17 01:44:28,937 [Listener at 127.0.0.1/39453] INFO  algorithms.ContainerPlacementPolicyFactory (ContainerPlacementPolicyFactory.java:getPolicy(60)) - Create container placement policy of type org.apache.hadoop.hdds.scm.container.placement.algorithms.SCMContainerPlacementRandom
2021-07-17 01:44:28,937 [Listener at 127.0.0.1/39453] INFO  pipeline.PipelineStateManager (PipelineStateManagerV2Impl.java:initialize(78)) - No pipeline exists in current db
2021-07-17 01:44:28,937 [Listener at 127.0.0.1/39453] INFO  algorithms.LeaderChoosePolicyFactory (LeaderChoosePolicyFactory.java:getPolicy(57)) - Create leader choose policy of type org.apache.hadoop.hdds.scm.pipeline.leader.choose.algorithms.MinLeaderCountChoosePolicy
2021-07-17 01:44:28,938 [Listener at 127.0.0.1/39453] INFO  ha.SCMServiceManager (SCMServiceManager.java:register(43)) - Registering service BackgroundPipelineCreator.
2021-07-17 01:44:28,938 [Listener at 127.0.0.1/39453] INFO  pipeline.BackgroundPipelineCreator (BackgroundPipelineCreatorV2.java:start(130)) - Starting RatisPipelineUtilsThread.
2021-07-17 01:44:28,938 [Listener at 127.0.0.1/39453] INFO  algorithms.PipelineChoosePolicyFactory (PipelineChoosePolicyFactory.java:createPipelineChoosePolicyFromClass(73)) - Create pipeline choose policy of type org.apache.hadoop.hdds.scm.pipeline.choose.algorithms.RandomPipelineChoosePolicy
2021-07-17 01:44:28,939 [Listener at 127.0.0.1/39453] INFO  ha.SCMServiceManager (SCMServiceManager.java:register(43)) - Registering service SCMBlockDeletingService.
2021-07-17 01:44:28,939 [Listener at 127.0.0.1/39453] INFO  ha.SCMServiceManager (SCMServiceManager.java:register(43)) - Registering service ReplicationManager.
2021-07-17 01:44:28,939 [Listener at 127.0.0.1/39453] INFO  container.ReplicationManager (ReplicationManager.java:start(220)) - Starting Replication Monitor Thread.
2021-07-17 01:44:28,942 [ReplicationMonitor] INFO  container.ReplicationManager (ReplicationManager.java:run(284)) - Replication Monitor Thread took 0 milliseconds for processing 0 containers.
2021-07-17 01:44:28,943 [Listener at 127.0.0.1/39453] INFO  safemode.ContainerSafeModeRule (ContainerSafeModeRule.java:<init>(89)) - containers with one replica threshold count 0
2021-07-17 01:44:28,943 [Listener at 127.0.0.1/39453] INFO  safemode.HealthyPipelineSafeModeRule (HealthyPipelineSafeModeRule.java:initializeRule(156)) - Total pipeline count is 0, healthy pipeline threshold count is 1
2021-07-17 01:44:28,943 [Listener at 127.0.0.1/39453] INFO  safemode.OneReplicaPipelineSafeModeRule (OneReplicaPipelineSafeModeRule.java:initializeRule(180)) - Total pipeline count is 0, pipeline's with at least one datanode reported threshold count is 0
2021-07-17 01:44:28,943 [Listener at 127.0.0.1/39453] INFO  ipc.CallQueueManager (CallQueueManager.java:<init>(90)) - Using callQueue: class java.util.concurrent.LinkedBlockingQueue, queueCapacity: 2000, scheduler: class org.apache.hadoop.ipc.DefaultRpcScheduler, ipcBackoff: false.
2021-07-17 01:44:28,944 [Socket Reader #1 for port 0] INFO  ipc.Server (Server.java:run(1265)) - Starting Socket Reader #1 for port 0
2021-07-17 01:44:28,947 [Listener at 0.0.0.0/40423] INFO  ipc.CallQueueManager (CallQueueManager.java:<init>(90)) - Using callQueue: class java.util.concurrent.LinkedBlockingQueue, queueCapacity: 2000, scheduler: class org.apache.hadoop.ipc.DefaultRpcScheduler, ipcBackoff: false.
2021-07-17 01:44:28,947 [Socket Reader #1 for port 0] INFO  ipc.Server (Server.java:run(1265)) - Starting Socket Reader #1 for port 0
2021-07-17 01:44:28,951 [Listener at 0.0.0.0/37961] INFO  ipc.CallQueueManager (CallQueueManager.java:<init>(90)) - Using callQueue: class java.util.concurrent.LinkedBlockingQueue, queueCapacity: 2000, scheduler: class org.apache.hadoop.ipc.DefaultRpcScheduler, ipcBackoff: false.
2021-07-17 01:44:28,951 [Socket Reader #1 for port 0] INFO  ipc.Server (Server.java:run(1265)) - Starting Socket Reader #1 for port 0
2021-07-17 01:44:28,969 [Listener at 0.0.0.0/34011] INFO  server.StorageContainerManager (StorageContainerManager.java:<init>(378)) - 
Container Balancer status:
Key                            Value
Running                        true
Container Balancer Configuration values:
Key                            Value
Threshold                      0.1
Max Datanodes to Balance       5
Max Size to Move               10737418240B

2021-07-17 01:44:28,969 [Listener at 0.0.0.0/34011] WARN  events.EventQueue (EventQueue.java:fireEvent(194)) - No event handler registered for event TypedEvent{payloadType=SafeModeStatus, name='Safe mode status'}
2021-07-17 01:44:28,969 [Listener at 0.0.0.0/34011] INFO  ha.SCMContext (SCMContext.java:updateSafeModeStatus(205)) - Update SafeModeStatus from SafeModeStatus{safeModeStatus=true, preCheckPassed=false} to SafeModeStatus{safeModeStatus=true, preCheckPassed=false}.
2021-07-17 01:44:28,969 [Listener at 0.0.0.0/34011] INFO  server.StorageContainerManager (StorageContainerManager.java:start(1242)) - StorageContainerLocationProtocol RPC server is listening at /0.0.0.0:34011
2021-07-17 01:44:28,970 [Listener at 0.0.0.0/34011] WARN  impl.MetricsConfig (MetricsConfig.java:loadFirst(136)) - Cannot locate configuration: tried hadoop-metrics2-storagecontainermanager.properties,hadoop-metrics2.properties
2021-07-17 01:44:28,971 [Listener at 0.0.0.0/34011] INFO  impl.MetricsSystemImpl (MetricsSystemImpl.java:startTimer(378)) - Scheduled Metric snapshot period at 10 second(s).
2021-07-17 01:44:28,971 [Listener at 0.0.0.0/34011] INFO  impl.MetricsSystemImpl (MetricsSystemImpl.java:start(191)) - StorageContainerManager metrics system started
2021-07-17 01:44:28,990 [Listener at 0.0.0.0/34011] INFO  impl.MetricsSinkAdapter (MetricsSinkAdapter.java:start(204)) - Sink prometheus started
2021-07-17 01:44:28,992 [Listener at 0.0.0.0/34011] INFO  impl.MetricsSystemImpl (MetricsSystemImpl.java:registerSink(305)) - Registered sink prometheus
2021-07-17 01:44:29,007 [Listener at 0.0.0.0/34011] INFO  server.SCMClientProtocolServer (SCMClientProtocolServer.java:start(165)) - RPC server for Client  is listening at /0.0.0.0:34011
2021-07-17 01:44:29,007 [IPC Server Responder] INFO  ipc.Server (Server.java:run(1507)) - IPC Server Responder: starting
2021-07-17 01:44:29,010 [IPC Server listener on 0] INFO  ipc.Server (Server.java:run(1344)) - IPC Server listener on 0: starting
2021-07-17 01:44:29,020 [Listener at 0.0.0.0/34011] INFO  server.StorageContainerManager (StorageContainerManager.java:start(1257)) - ScmBlockLocationProtocol RPC server is listening at /0.0.0.0:37961
2021-07-17 01:44:29,020 [Listener at 0.0.0.0/34011] INFO  server.SCMBlockProtocolServer (SCMBlockProtocolServer.java:start(151)) - RPC server for Block Protocol is listening at /0.0.0.0:37961
2021-07-17 01:44:29,020 [IPC Server Responder] INFO  ipc.Server (Server.java:run(1507)) - IPC Server Responder: starting
2021-07-17 01:44:29,022 [IPC Server listener on 0] INFO  ipc.Server (Server.java:run(1344)) - IPC Server listener on 0: starting
2021-07-17 01:44:29,032 [Listener at 0.0.0.0/34011] INFO  server.StorageContainerManager (StorageContainerManager.java:start(1263)) - ScmDatanodeProtocl RPC server is listening at /0.0.0.0:40423
2021-07-17 01:44:29,032 [Listener at 0.0.0.0/34011] INFO  server.SCMDatanodeProtocolServer (SCMDatanodeProtocolServer.java:start(181)) - RPC server for DataNodes is listening at /0.0.0.0:40423
2021-07-17 01:44:29,032 [IPC Server Responder] INFO  ipc.Server (Server.java:run(1507)) - IPC Server Responder: starting
2021-07-17 01:44:29,032 [IPC Server listener on 0] INFO  ipc.Server (Server.java:run(1344)) - IPC Server listener on 0: starting
2021-07-17 01:44:29,040 [org.apache.hadoop.util.JvmPauseMonitor$Monitor@2d015de5] INFO  util.JvmPauseMonitor (JvmPauseMonitor.java:run(188)) - Starting JVM pause monitor
2021-07-17 01:44:29,041 [Listener at 0.0.0.0/34011] INFO  http.BaseHttpServer (BaseHttpServer.java:newHttpServer2BuilderForOzone(209)) - Starting Web-server for scm at: http://0.0.0.0:0
2021-07-17 01:44:29,041 [Listener at 0.0.0.0/34011] INFO  http.BaseHttpServer (BaseHttpServer.java:<init>(107)) - Hadoop Security Enabled: false Ozone Security Enabled: false Ozone HTTP Security Enabled: false 
2021-07-17 01:44:29,042 [Listener at 0.0.0.0/34011] INFO  server.AuthenticationFilter (AuthenticationFilter.java:constructSecretProvider(240)) - Unable to initialize FileSignerSecretProvider, falling back to use random secrets.
2021-07-17 01:44:29,042 [Listener at 0.0.0.0/34011] WARN  http.HttpRequestLog (HttpRequestLog.java:getRequestLog(103)) - Jetty request log can only be enabled using Log4j
2021-07-17 01:44:29,043 [Listener at 0.0.0.0/34011] INFO  http.HttpServer2 (HttpServer2.java:addGlobalFilter(1020)) - Added global filter 'safety' (class=org.apache.hadoop.hdds.server.http.HttpServer2$QuotingInputFilter)
2021-07-17 01:44:29,044 [Listener at 0.0.0.0/34011] INFO  http.HttpServer2 (HttpServer2.java:addFilter(996)) - Added filter static_user_filter (class=org.apache.hadoop.http.lib.StaticUserWebFilter$StaticUserFilter) to context scm
2021-07-17 01:44:29,044 [Listener at 0.0.0.0/34011] INFO  http.HttpServer2 (HttpServer2.java:addFilter(1004)) - Added filter static_user_filter (class=org.apache.hadoop.http.lib.StaticUserWebFilter$StaticUserFilter) to context logs
2021-07-17 01:44:29,044 [Listener at 0.0.0.0/34011] INFO  http.HttpServer2 (HttpServer2.java:addFilter(1004)) - Added filter static_user_filter (class=org.apache.hadoop.http.lib.StaticUserWebFilter$StaticUserFilter) to context static
2021-07-17 01:44:29,045 [Listener at 0.0.0.0/34011] INFO  http.HttpServer2 (HttpServer2.java:bindListener(1238)) - Jetty bound to port 34151
2021-07-17 01:44:29,045 [Listener at 0.0.0.0/34011] INFO  server.Server (Server.java:doStart(375)) - jetty-9.4.35.v20201120; built: 2020-11-20T21:17:03.964Z; git: bdc54f03a5e0a7e280fab27f55c3c75ee8da89fb; jvm 1.8.0_292-b10
2021-07-17 01:44:29,046 [Listener at 0.0.0.0/34011] INFO  server.session (DefaultSessionIdManager.java:doStart(334)) - DefaultSessionIdManager workerName=node0
2021-07-17 01:44:29,046 [Listener at 0.0.0.0/34011] INFO  server.session (DefaultSessionIdManager.java:doStart(339)) - No SessionScavenger set, using defaults
2021-07-17 01:44:29,046 [Listener at 0.0.0.0/34011] INFO  server.session (HouseKeeper.java:startScavenging(132)) - node0 Scavenging every 660000ms
2021-07-17 01:44:29,047 [Listener at 0.0.0.0/34011] INFO  handler.ContextHandler (ContextHandler.java:doStart(916)) - Started o.e.j.s.ServletContextHandler@c696c5d{logs,/logs,file:///home/runner/work/ozone/ozone/mnt/ozone/hadoop-ozone/integration-test/target/log,AVAILABLE}
2021-07-17 01:44:29,047 [Listener at 0.0.0.0/34011] INFO  handler.ContextHandler (ContextHandler.java:doStart(916)) - Started o.e.j.s.ServletContextHandler@60c38c44{static,/static,file:///home/runner/work/ozone/ozone/mnt/ozone/hadoop-ozone/integration-test/target/test-classes/webapps/static,AVAILABLE}
2021-07-17 01:44:29,049 [Listener at 0.0.0.0/34011] INFO  handler.ContextHandler (ContextHandler.java:doStart(916)) - Started o.e.j.w.WebAppContext@368f3392{scm,/,file:///home/runner/work/ozone/ozone/mnt/ozone/hadoop-ozone/integration-test/target/test-classes/webapps/scm/,AVAILABLE}{file:/home/runner/work/ozone/ozone/mnt/ozone/hadoop-ozone/integration-test/target/test-classes/webapps/scm}
2021-07-17 01:44:29,050 [Listener at 0.0.0.0/34011] INFO  server.AbstractConnector (AbstractConnector.java:doStart(331)) - Started ServerConnector@51e65fd{HTTP/1.1, (http/1.1)}{0.0.0.0:34151}
2021-07-17 01:44:29,050 [Listener at 0.0.0.0/34011] INFO  server.Server (Server.java:doStart(415)) - Started @143153ms
2021-07-17 01:44:29,050 [Listener at 0.0.0.0/34011] WARN  impl.MetricsSystemImpl (MetricsSystemImpl.java:register(279)) - Sink prometheus already exists!
2021-07-17 01:44:29,051 [Listener at 0.0.0.0/34011] INFO  http.BaseHttpServer (BaseHttpServer.java:updateConnectorAddress(329)) - HTTP server of scm listening at http://0.0.0.0:34151
2021-07-17 01:44:29,051 [Listener at 0.0.0.0/34011] WARN  server.ServerUtils (ServerUtils.java:getDBPath(225)) - ozone.om.db.dirs is not configured. We recommend adding this setting. Falling back to ozone.metadata.dirs instead.
2021-07-17 01:44:29,052 [Listener at 0.0.0.0/34011] INFO  ha.OMHANodeDetails (OMHANodeDetails.java:loadOMHAConfig(105)) - ozone.om.internal.service.id is not defined, falling back to ozone.om.service.ids to find serviceID for OzoneManager if it is HA enabled cluster
2021-07-17 01:44:29,052 [Listener at 0.0.0.0/34011] INFO  ha.OMHANodeDetails (OMHANodeDetails.java:loadOMHAConfig(212)) - Configuration does not have ozone.om.address set. Falling back to the default OM address /127.0.0.1:0
2021-07-17 01:44:29,052 [Listener at 0.0.0.0/34011] INFO  ha.OMHANodeDetails (OMHANodeDetails.java:getOMNodeDetails(240)) - OM Service ID is not set. Setting it to the default ID: omServiceIdDefault
2021-07-17 01:44:29,053 [Listener at 0.0.0.0/34011] INFO  ha.OMHANodeDetails (OMHANodeDetails.java:getOMNodeDetails(247)) - OM Node ID is not set. Setting it to the default ID: om1
2021-07-17 01:44:29,053 [Listener at 0.0.0.0/34011] WARN  server.ServerUtils (ServerUtils.java:getDBPath(225)) - ozone.om.db.dirs is not configured. We recommend adding this setting. Falling back to ozone.metadata.dirs instead.
2021-07-17 01:44:29,053 [Listener at 0.0.0.0/34011] INFO  upgrade.AbstractLayoutVersionManager (AbstractLayoutVersionManager.java:init(70)) - Initializing Layout version manager with metadata layout = INITIAL_VERSION (version = 0), software layout = INITIAL_VERSION (version = 0)
2021-07-17 01:44:29,091 [Listener at 0.0.0.0/34011] INFO  reflections.Reflections (Reflections.java:scan(232)) - Reflections took 37 ms to scan 2 urls, producing 130 keys and 340 values [using 2 cores]
2021-07-17 01:44:29,091 [Listener at 0.0.0.0/34011] INFO  upgrade.OMLayoutVersionManager (OMLayoutVersionManager.java:lambda$0(116)) - Skipping Upgrade Action MockOmUpgradeAction since it has been finalized.
2021-07-17 01:44:29,091 [Listener at 0.0.0.0/34011] WARN  server.ServerUtils (ServerUtils.java:getDBPath(225)) - ozone.om.db.dirs is not configured. We recommend adding this setting. Falling back to ozone.metadata.dirs instead.
2021-07-17 01:44:29,097 [Listener at 0.0.0.0/34011] WARN  server.ServerUtils (ServerUtils.java:getDBPath(225)) - ozone.om.db.dirs is not configured. We recommend adding this setting. Falling back to ozone.metadata.dirs instead.
2021-07-17 01:44:29,098 [Listener at 0.0.0.0/34011] INFO  codec.OmKeyInfoCodec (OmKeyInfoCodec.java:<init>(51)) - OmKeyInfoCodec ignorePipeline = true
2021-07-17 01:44:29,098 [Listener at 0.0.0.0/34011] INFO  codec.RepeatedOmKeyInfoCodec (RepeatedOmKeyInfoCodec.java:<init>(42)) - RepeatedOmKeyInfoCodec ignorePipeline = true
2021-07-17 01:44:29,190 [Listener at 0.0.0.0/34011] INFO  om.OzoneManager (OzoneManager.java:addS3GVolumeToDB(3901)) - Created Volume s3v With Owner runner required for S3Gateway operations.
2021-07-17 01:44:29,190 [Listener at 0.0.0.0/34011] WARN  server.ServerUtils (ServerUtils.java:getDefaultRatisDirectory(237)) - Storage directory for Ratis is not configured. It is a good idea to map this to an SSD disk. Falling back to ozone.metadata.dirs
2021-07-17 01:44:29,190 [Listener at 0.0.0.0/34011] WARN  ratis.OzoneManagerRatisServer (OzoneManagerRatisServer.java:getOMRatisSnapshotDirectory(654)) - ozone.om.ratis.snapshot.dir is not configured. Falling back to ozone.metadata.dirs config
2021-07-17 01:44:29,190 [Listener at 0.0.0.0/34011] WARN  server.ServerUtils (ServerUtils.java:getDefaultRatisDirectory(237)) - Storage directory for Ratis is not configured. It is a good idea to map this to an SSD disk. Falling back to ozone.metadata.dirs
2021-07-17 01:44:29,192 [Listener at 0.0.0.0/34011] INFO  ratis.OzoneManagerRatisServer (OzoneManagerRatisServer.java:<init>(308)) - Instantiating OM Ratis server with GroupID: omServiceIdDefault and Raft Peers: localhost:9872
2021-07-17 01:44:29,192 [Listener at 0.0.0.0/34011] INFO  ratis.OzoneManagerStateMachine (OzoneManagerStateMachine.java:loadSnapshotInfoFromDB(575)) - LastAppliedIndex is set from TransactionInfo from OM DB as (t:0, i:~)
2021-07-17 01:44:29,193 [Listener at 0.0.0.0/34011] INFO  server.RaftServer (ConfUtils.java:logGet(44)) - raft.rpc.type = GRPC (default)
2021-07-17 01:44:29,193 [Listener at 0.0.0.0/34011] INFO  grpc.GrpcFactory (GrpcFactory.java:checkPooledByteBufAllocatorUseCacheForAllThreads(48)) - PERFORMANCE WARNING: useCacheForAllThreads is true that may cause Netty to create a lot garbage objects and, as a result, trigger GC.
	It is recommended to disable useCacheForAllThreads by setting -Dorg.apache.ratis.thirdparty.io.netty.allocator.useCacheForAllThreads=false in command line.
2021-07-17 01:44:29,193 [Listener at 0.0.0.0/34011] INFO  grpc.GrpcConfigKeys (ConfUtils.java:logGet(44)) - raft.grpc.admin.port = -1 (default)
2021-07-17 01:44:29,193 [Listener at 0.0.0.0/34011] INFO  grpc.GrpcConfigKeys (ConfUtils.java:logGet(44)) - raft.grpc.server.port = 9872 (custom)
2021-07-17 01:44:29,193 [Listener at 0.0.0.0/34011] INFO  grpc.GrpcConfigKeys (ConfUtils.java:logGet(44)) - raft.grpc.client.port = -1 (default)
2021-07-17 01:44:29,193 [Listener at 0.0.0.0/34011] INFO  grpc.GrpcConfigKeys (ConfUtils.java:logGet(44)) - raft.grpc.server.port = 9872 (custom)
2021-07-17 01:44:29,193 [Listener at 0.0.0.0/34011] INFO  grpc.GrpcConfigKeys (ConfUtils.java:logGet(44)) - raft.grpc.server.port = 9872 (custom)
2021-07-17 01:44:29,194 [Listener at 0.0.0.0/34011] INFO  server.GrpcService (ConfUtils.java:logGet(44)) - raft.grpc.message.size.max = 33554432 (custom)
2021-07-17 01:44:29,194 [Listener at 0.0.0.0/34011] INFO  server.RaftServerConfigKeys (ConfUtils.java:logGet(44)) - raft.server.log.appender.buffer.byte-limit = 33554432 (custom)
2021-07-17 01:44:29,194 [Listener at 0.0.0.0/34011] INFO  server.GrpcService (ConfUtils.java:logGet(44)) - raft.grpc.flow.control.window = 1MB (=1048576) (default)
2021-07-17 01:44:29,194 [Listener at 0.0.0.0/34011] INFO  server.RaftServerConfigKeys (ConfUtils.java:logGet(44)) - raft.server.rpc.request.timeout = 3000ms (default)
2021-07-17 01:44:29,195 [Listener at 0.0.0.0/34011] INFO  impl.DataStreamServerImpl (ConfUtils.java:logGet(44)) - raft.datastream.type = DISABLED (default)
2021-07-17 01:44:29,195 [Listener at 0.0.0.0/34011] INFO  server.RaftServerConfigKeys (ConfUtils.java:logGet(44)) - raft.server.rpc.slowness.timeout = 120s (custom)
2021-07-17 01:44:29,195 [Listener at 0.0.0.0/34011] INFO  server.RaftServerConfigKeys (ConfUtils.java:logGet(44)) - raft.server.leaderelection.leader.step-down.wait-time = 10s (default)
2021-07-17 01:44:29,195 [Listener at 0.0.0.0/34011] INFO  server.RaftServerConfigKeys (ConfUtils.java:logGet(44)) - raft.server.storage.dir = [/home/runner/work/ozone/ozone/mnt/ozone/hadoop-ozone/integration-test/target/test-dir/MiniOzoneClusterImpl-ab53e13c-b7a0-452c-aef0-b95992dbe1a2/ozone-meta/ratis] (custom)
2021-07-17 01:44:29,196 [Listener at 0.0.0.0/34011] INFO  server.RaftServer (RaftServerProxy.java:addNew(95)) - om1: addNew group-C5BA1605619E:[om1|rpc:localhost:9872|priority:0] returns group-C5BA1605619E:java.util.concurrent.CompletableFuture@31a78026[Not completed]
2021-07-17 01:44:29,196 [Listener at 0.0.0.0/34011] INFO  om.OzoneManager (OzoneManager.java:initializeRatisServer(1366)) - OzoneManager Ratis server initialized at port 9872
2021-07-17 01:44:29,197 [Listener at 0.0.0.0/34011] INFO  ipc.CallQueueManager (CallQueueManager.java:<init>(90)) - Using callQueue: class java.util.concurrent.LinkedBlockingQueue, queueCapacity: 2000, scheduler: class org.apache.hadoop.ipc.DefaultRpcScheduler, ipcBackoff: false.
2021-07-17 01:44:29,199 [pool-514-thread-1] INFO  server.RaftServer$Division (RaftServerImpl.java:<init>(180)) - om1: new RaftServerImpl for group-C5BA1605619E:[om1|rpc:localhost:9872|priority:0] with OzoneManagerStateMachine:uninitialized
2021-07-17 01:44:29,199 [Socket Reader #1 for port 0] INFO  ipc.Server (Server.java:run(1265)) - Starting Socket Reader #1 for port 0
2021-07-17 01:44:29,205 [pool-514-thread-1] INFO  server.RaftServerConfigKeys (ConfUtils.java:logGet(44)) - raft.server.rpc.timeout.min = 1s (custom)
2021-07-17 01:44:29,205 [pool-514-thread-1] INFO  server.RaftServerConfigKeys (ConfUtils.java:logGet(44)) - raft.server.rpc.timeout.max = 1200ms (custom)
2021-07-17 01:44:29,205 [pool-514-thread-1] INFO  server.RaftServerConfigKeys (ConfUtils.java:logGet(44)) - raft.server.rpc.sleep.time = 25ms (default)
2021-07-17 01:44:29,205 [pool-514-thread-1] INFO  server.RaftServerConfigKeys (ConfUtils.java:logGet(44)) - raft.server.rpc.slowness.timeout = 120s (custom)
2021-07-17 01:44:29,205 [pool-514-thread-1] INFO  server.RaftServerConfigKeys (ConfUtils.java:logGet(44)) - raft.server.leaderelection.leader.step-down.wait-time = 10s (default)
2021-07-17 01:44:29,205 [pool-514-thread-1] INFO  server.RaftServerConfigKeys (ConfUtils.java:logGet(44)) - raft.server.sleep.deviation.threshold = 300ms (default)
2021-07-17 01:44:29,205 [pool-514-thread-1] INFO  server.RaftServerConfigKeys (ConfUtils.java:logGet(44)) - raft.server.log.appender.install.snapshot.enabled = false (custom)
2021-07-17 01:44:29,205 [pool-514-thread-1] INFO  server.RaftServer$Division (ServerState.java:<init>(105)) - om1@group-C5BA1605619E: ConfigurationManager, init=-1: [om1|rpc:localhost:9872|priority:0], old=null, confs=<EMPTY_MAP>
2021-07-17 01:44:29,205 [pool-514-thread-1] INFO  server.RaftServerConfigKeys (ConfUtils.java:logGet(44)) - raft.server.storage.dir = [/home/runner/work/ozone/ozone/mnt/ozone/hadoop-ozone/integration-test/target/test-dir/MiniOzoneClusterImpl-ab53e13c-b7a0-452c-aef0-b95992dbe1a2/ozone-meta/ratis] (custom)
2021-07-17 01:44:29,205 [pool-514-thread-1] INFO  server.RaftServerConfigKeys (ConfUtils.java:logGet(44)) - raft.server.log.corruption.policy = EXCEPTION (default)
2021-07-17 01:44:29,205 [pool-514-thread-1] INFO  storage.RaftStorageDirectory (RaftStorageDirectoryImpl.java:analyzeStorage(132)) - The storage directory /home/runner/work/ozone/ozone/mnt/ozone/hadoop-ozone/integration-test/target/test-dir/MiniOzoneClusterImpl-ab53e13c-b7a0-452c-aef0-b95992dbe1a2/ozone-meta/ratis/bf265839-605b-3f16-9796-c5ba1605619e does not exist. Creating ...
2021-07-17 01:44:29,206 [pool-514-thread-1] INFO  storage.RaftStorageDirectory (RaftStorageDirectoryImpl.java:tryLock(215)) - Lock on /home/runner/work/ozone/ozone/mnt/ozone/hadoop-ozone/integration-test/target/test-dir/MiniOzoneClusterImpl-ab53e13c-b7a0-452c-aef0-b95992dbe1a2/ozone-meta/ratis/bf265839-605b-3f16-9796-c5ba1605619e/in_use.lock acquired by nodename 8908@fv-az52-843
2021-07-17 01:44:29,210 [pool-514-thread-1] INFO  storage.RaftStorage (RaftStorageImpl.java:format(87)) - Storage directory /home/runner/work/ozone/ozone/mnt/ozone/hadoop-ozone/integration-test/target/test-dir/MiniOzoneClusterImpl-ab53e13c-b7a0-452c-aef0-b95992dbe1a2/ozone-meta/ratis/bf265839-605b-3f16-9796-c5ba1605619e has been successfully formatted.
2021-07-17 01:44:29,211 [pool-514-thread-1] INFO  server.RaftServerConfigKeys (ConfUtils.java:logGet(44)) - raft.server.notification.no-leader.timeout = 120s (custom)
2021-07-17 01:44:29,211 [pool-514-thread-1] INFO  server.RaftServerConfigKeys (ConfUtils.java:logGet(44)) - raft.server.log.use.memory = false (default)
2021-07-17 01:44:29,211 [pool-514-thread-1] INFO  server.RaftServerConfigKeys (ConfUtils.java:logGet(44)) - raft.server.log.purge.gap = 1000000 (custom)
2021-07-17 01:44:29,211 [pool-514-thread-1] INFO  server.RaftServerConfigKeys (ConfUtils.java:logGet(44)) - raft.server.log.appender.buffer.byte-limit = 33554432 (custom)
2021-07-17 01:44:29,211 [pool-514-thread-1] INFO  metrics.RatisMetrics (RatisMetrics.java:lambda$create$0(36)) - Creating Metrics Registry : ratis.log_worker.om1@group-C5BA1605619E
2021-07-17 01:44:29,213 [pool-514-thread-1] INFO  server.RaftServerConfigKeys (ConfUtils.java:logGet(44)) - raft.server.log.segment.size.max = 4194304 (custom)
2021-07-17 01:44:29,213 [pool-514-thread-1] INFO  server.RaftServerConfigKeys (ConfUtils.java:logGet(44)) - raft.server.log.segment.cache.num.max = 2 (custom)
2021-07-17 01:44:29,213 [pool-514-thread-1] INFO  server.RaftServerConfigKeys (ConfUtils.java:logGet(44)) - raft.server.log.segment.cache.size.max = 200MB (=209715200) (default)
2021-07-17 01:44:29,213 [pool-514-thread-1] INFO  segmented.SegmentedRaftLogWorker (SegmentedRaftLogWorker.java:<init>(182)) - new om1@group-C5BA1605619E-SegmentedRaftLogWorker for RaftStorageImpl:Storage Directory /home/runner/work/ozone/ozone/mnt/ozone/hadoop-ozone/integration-test/target/test-dir/MiniOzoneClusterImpl-ab53e13c-b7a0-452c-aef0-b95992dbe1a2/ozone-meta/ratis/bf265839-605b-3f16-9796-c5ba1605619e
2021-07-17 01:44:29,213 [pool-514-thread-1] INFO  server.RaftServerConfigKeys (ConfUtils.java:logGet(44)) - raft.server.log.queue.byte-limit = 64MB (=67108864) (default)
2021-07-17 01:44:29,214 [pool-514-thread-1] INFO  server.RaftServerConfigKeys (ConfUtils.java:logGet(44)) - raft.server.log.queue.element-limit = 4096 (default)
2021-07-17 01:44:29,214 [pool-514-thread-1] INFO  server.RaftServerConfigKeys (ConfUtils.java:logGet(44)) - raft.server.log.segment.size.max = 4194304 (custom)
2021-07-17 01:44:29,214 [pool-514-thread-1] INFO  server.RaftServerConfigKeys (ConfUtils.java:logGet(44)) - raft.server.log.preallocated.size = 4194304 (custom)
2021-07-17 01:44:29,214 [pool-514-thread-1] INFO  server.RaftServerConfigKeys (ConfUtils.java:logGet(44)) - raft.server.log.force.sync.num = 128 (default)
2021-07-17 01:44:29,214 [pool-514-thread-1] INFO  server.RaftServerConfigKeys (ConfUtils.java:logGet(44)) - raft.server.log.statemachine.data.sync = true (default)
2021-07-17 01:44:29,214 [pool-514-thread-1] INFO  server.RaftServerConfigKeys (ConfUtils.java:logGet(44)) - raft.server.log.statemachine.data.sync.timeout = 10s (default)
2021-07-17 01:44:29,214 [pool-514-thread-1] INFO  server.RaftServerConfigKeys (ConfUtils.java:logGet(44)) - raft.server.log.statemachine.data.sync.timeout.retry = -1 (default)
2021-07-17 01:44:29,215 [pool-514-thread-1] INFO  server.RaftServerConfigKeys (ConfUtils.java:logGet(44)) - raft.server.log.write.buffer.size = 64KB (=65536) (default)
2021-07-17 01:44:29,216 [pool-514-thread-1] INFO  server.RaftServerConfigKeys (ConfUtils.java:logGet(44)) - raft.server.log.statemachine.data.caching.enabled = false (default)
2021-07-17 01:44:29,216 [Listener at 127.0.0.1/42341] INFO  om.OzoneManager (OzoneManager.java:initFSOLayout(4107)) - Configured ozone.om.metadata.layout=SIMPLE and disabled optimized OM FS operations
2021-07-17 01:44:29,217 [pool-514-thread-1] INFO  segmented.SegmentedRaftLogWorker (SegmentedRaftLogWorker.java:lambda$new$0(133)) - om1@group-C5BA1605619E-SegmentedRaftLogWorker: flushIndex: setUnconditionally 0 -> -1
2021-07-17 01:44:29,217 [pool-514-thread-1] INFO  segmented.SegmentedRaftLogWorker (SegmentedRaftLogWorker.java:lambda$new$0(133)) - om1@group-C5BA1605619E-SegmentedRaftLogWorker: safeCacheEvictIndex: setUnconditionally 0 -> -1
2021-07-17 01:44:29,217 [Listener at 127.0.0.1/42341] INFO  impl.MetricsSystemImpl (MetricsSystemImpl.java:init(158)) - OzoneManager metrics system started (again)
2021-07-17 01:44:29,217 [pool-514-thread-1] INFO  server.RaftServerConfigKeys (ConfUtils.java:logGet(44)) - raft.server.snapshot.auto.trigger.enabled = true (custom)
2021-07-17 01:44:29,217 [pool-514-thread-1] INFO  server.RaftServerConfigKeys (ConfUtils.java:logGet(44)) - raft.server.snapshot.auto.trigger.threshold = 400000 (default)
2021-07-17 01:44:29,217 [pool-514-thread-1] INFO  server.RaftServerConfigKeys (ConfUtils.java:logGet(44)) - raft.server.snapshot.retention.file.num = -1 (default)
2021-07-17 01:44:29,217 [pool-514-thread-1] INFO  server.RaftServerConfigKeys (ConfUtils.java:logGet(44)) - raft.server.log.purge.upto.snapshot.index = true (custom)
2021-07-17 01:44:29,217 [pool-514-thread-1] INFO  server.RaftServerConfigKeys (ConfUtils.java:logGet(44)) - raft.server.retrycache.expirytime = 300s (custom)
2021-07-17 01:44:29,217 [pool-514-thread-1] INFO  server.RaftServerConfigKeys (ConfUtils.java:logGet(44)) - raft.server.retrycache.statistics.expirytime = 100μs (default)
2021-07-17 01:44:29,217 [pool-514-thread-1] INFO  metrics.RatisMetrics (RatisMetrics.java:lambda$create$0(36)) - Creating Metrics Registry : ratis.leader_election.om1@group-C5BA1605619E
2021-07-17 01:44:29,218 [pool-514-thread-1] INFO  metrics.RatisMetrics (RatisMetrics.java:lambda$create$0(36)) - Creating Metrics Registry : ratis.server.om1@group-C5BA1605619E
2021-07-17 01:44:29,229 [Listener at 127.0.0.1/42341] INFO  om.OzoneManager (OzoneManager.java:start(1157)) - OzoneManager RPC server is listening at localhost/127.0.0.1:42341
2021-07-17 01:44:29,229 [Listener at 127.0.0.1/42341] INFO  ratis.OzoneManagerRatisServer (OzoneManagerRatisServer.java:start(408)) - Starting OzoneManagerRatisServer om1 at port 9872
2021-07-17 01:44:29,229 [Listener at 127.0.0.1/42341] INFO  server.RaftServer$Division (RaftServerImpl.java:start(295)) - om1@group-C5BA1605619E: start as a follower, conf=-1: [om1|rpc:localhost:9872|priority:0], old=null
2021-07-17 01:44:29,229 [Listener at 127.0.0.1/42341] INFO  server.RaftServer$Division (RaftServerImpl.java:setRole(284)) - om1@group-C5BA1605619E: changes role from      null to FOLLOWER at term 0 for startAsFollower
2021-07-17 01:44:29,230 [Listener at 127.0.0.1/42341] INFO  impl.RoleInfo (RoleInfo.java:updateAndGet(130)) - om1: start om1@group-C5BA1605619E-FollowerState
2021-07-17 01:44:29,230 [Listener at 127.0.0.1/42341] INFO  util.JmxRegister (JmxRegister.java:tryRegister(44)) - Successfully registered JMX Bean with object name Ratis:service=RaftServer,group=group-C5BA1605619E,id=om1
2021-07-17 01:44:29,230 [Listener at 127.0.0.1/42341] INFO  metrics.RatisMetrics (RatisMetrics.java:lambda$create$0(36)) - Creating Metrics Registry : ratis.state_machine.om1@group-C5BA1605619E
2021-07-17 01:44:29,231 [Listener at 127.0.0.1/42341] INFO  server.RaftServer (RaftServerProxy.java:lambda$start$5(374)) - om1: start RPC server
2021-07-17 01:44:29,231 [Listener at 127.0.0.1/42341] INFO  server.GrpcService (GrpcService.java:startImpl(253)) - om1: GrpcService started, listening on 9872
2021-07-17 01:44:29,232 [Listener at 127.0.0.1/42341] INFO  om.OzoneManager (OzoneManager.java:start(1175)) - Version File has different layout version (0) than OM DB (null). That is expected if this OM has never been finalized to a newer layout version.
2021-07-17 01:44:29,232 [org.apache.ratis.util.JvmPauseMonitor$$Lambda$525/732148902@4120dd8d] INFO  util.JvmPauseMonitor (JvmPauseMonitor.java:run(103)) - JvmPauseMonitor-om1: Started
2021-07-17 01:44:29,233 [Listener at 127.0.0.1/42341] INFO  http.BaseHttpServer (BaseHttpServer.java:newHttpServer2BuilderForOzone(209)) - Starting Web-server for ozoneManager at: http://0.0.0.0:0
2021-07-17 01:44:29,233 [Listener at 127.0.0.1/42341] INFO  http.BaseHttpServer (BaseHttpServer.java:<init>(107)) - Hadoop Security Enabled: false Ozone Security Enabled: false Ozone HTTP Security Enabled: false 
2021-07-17 01:44:29,234 [Listener at 127.0.0.1/42341] INFO  server.AuthenticationFilter (AuthenticationFilter.java:constructSecretProvider(240)) - Unable to initialize FileSignerSecretProvider, falling back to use random secrets.
2021-07-17 01:44:29,235 [Listener at 127.0.0.1/42341] WARN  http.HttpRequestLog (HttpRequestLog.java:getRequestLog(103)) - Jetty request log can only be enabled using Log4j
2021-07-17 01:44:29,236 [Listener at 127.0.0.1/42341] INFO  http.HttpServer2 (HttpServer2.java:addGlobalFilter(1020)) - Added global filter 'safety' (class=org.apache.hadoop.hdds.server.http.HttpServer2$QuotingInputFilter)
2021-07-17 01:44:29,236 [Listener at 127.0.0.1/42341] INFO  http.HttpServer2 (HttpServer2.java:addFilter(996)) - Added filter static_user_filter (class=org.apache.hadoop.http.lib.StaticUserWebFilter$StaticUserFilter) to context ozoneManager
2021-07-17 01:44:29,236 [Listener at 127.0.0.1/42341] INFO  http.HttpServer2 (HttpServer2.java:addFilter(1004)) - Added filter static_user_filter (class=org.apache.hadoop.http.lib.StaticUserWebFilter$StaticUserFilter) to context logs
2021-07-17 01:44:29,236 [Listener at 127.0.0.1/42341] INFO  http.HttpServer2 (HttpServer2.java:addFilter(1004)) - Added filter static_user_filter (class=org.apache.hadoop.http.lib.StaticUserWebFilter$StaticUserFilter) to context static
2021-07-17 01:44:29,237 [Listener at 127.0.0.1/42341] INFO  http.HttpServer2 (HttpServer2.java:bindListener(1238)) - Jetty bound to port 34259
2021-07-17 01:44:29,237 [Listener at 127.0.0.1/42341] INFO  server.Server (Server.java:doStart(375)) - jetty-9.4.35.v20201120; built: 2020-11-20T21:17:03.964Z; git: bdc54f03a5e0a7e280fab27f55c3c75ee8da89fb; jvm 1.8.0_292-b10
2021-07-17 01:44:29,238 [Listener at 127.0.0.1/42341] INFO  server.session (DefaultSessionIdManager.java:doStart(334)) - DefaultSessionIdManager workerName=node0
2021-07-17 01:44:29,238 [Listener at 127.0.0.1/42341] INFO  server.session (DefaultSessionIdManager.java:doStart(339)) - No SessionScavenger set, using defaults
2021-07-17 01:44:29,238 [Listener at 127.0.0.1/42341] INFO  server.session (HouseKeeper.java:startScavenging(132)) - node0 Scavenging every 660000ms
2021-07-17 01:44:29,239 [Listener at 127.0.0.1/42341] INFO  handler.ContextHandler (ContextHandler.java:doStart(916)) - Started o.e.j.s.ServletContextHandler@8e3fa5{logs,/logs,file:///home/runner/work/ozone/ozone/mnt/ozone/hadoop-ozone/integration-test/target/log,AVAILABLE}
2021-07-17 01:44:29,239 [Listener at 127.0.0.1/42341] INFO  handler.ContextHandler (ContextHandler.java:doStart(916)) - Started o.e.j.s.ServletContextHandler@1ccffb23{static,/static,file:///home/runner/work/ozone/ozone/mnt/ozone/hadoop-ozone/integration-test/target/test-classes/webapps/static,AVAILABLE}
2021-07-17 01:44:29,241 [Listener at 127.0.0.1/42341] INFO  handler.ContextHandler (ContextHandler.java:doStart(916)) - Started o.e.j.w.WebAppContext@7ab8c934{ozoneManager,/,file:///home/runner/work/ozone/ozone/mnt/ozone/hadoop-ozone/integration-test/target/test-classes/webapps/ozoneManager/,AVAILABLE}{file:/home/runner/work/ozone/ozone/mnt/ozone/hadoop-ozone/integration-test/target/test-classes/webapps/ozoneManager}
2021-07-17 01:44:29,242 [Listener at 127.0.0.1/42341] INFO  server.AbstractConnector (AbstractConnector.java:doStart(331)) - Started ServerConnector@2c684f4e{HTTP/1.1, (http/1.1)}{0.0.0.0:34259}
2021-07-17 01:44:29,242 [Listener at 127.0.0.1/42341] INFO  server.Server (Server.java:doStart(415)) - Started @143345ms
2021-07-17 01:44:29,242 [Listener at 127.0.0.1/42341] WARN  impl.MetricsSystemImpl (MetricsSystemImpl.java:register(279)) - Sink prometheus already exists!
2021-07-17 01:44:29,243 [Listener at 127.0.0.1/42341] INFO  http.BaseHttpServer (BaseHttpServer.java:updateConnectorAddress(329)) - HTTP server of ozoneManager listening at http://0.0.0.0:34259
2021-07-17 01:44:29,243 [IPC Server Responder] INFO  ipc.Server (Server.java:run(1507)) - IPC Server Responder: starting
2021-07-17 01:44:29,247 [IPC Server listener on 0] INFO  ipc.Server (Server.java:run(1344)) - IPC Server listener on 0: starting
2021-07-17 01:44:29,254 [Listener at 127.0.0.1/42341] INFO  om.OzoneManager (OzoneManager.java:startTrashEmptier(1306)) - Trash Interval set to 0. Files deleted will not move to trash
2021-07-17 01:44:29,254 [org.apache.hadoop.util.JvmPauseMonitor$Monitor@1fc2da2b] INFO  util.JvmPauseMonitor (JvmPauseMonitor.java:run(188)) - Starting JVM pause monitor
2021-07-17 01:44:29,296 [Listener at 127.0.0.1/42341] INFO  impl.MetricsSystemImpl (MetricsSystemImpl.java:init(158)) - HddsDatanode metrics system started (again)
2021-07-17 01:44:29,311 [Listener at 127.0.0.1/42341] INFO  ozone.HddsDatanodeService (HddsDatanodeService.java:start(234)) - HddsDatanodeService host:fv-az52-843.jaak54zke33upnjmlridiqi2vb.bx.internal.cloudapp.net ip:10.1.0.46
2021-07-17 01:44:29,325 [Listener at 127.0.0.1/42341] INFO  upgrade.AbstractLayoutVersionManager (AbstractLayoutVersionManager.java:init(70)) - Initializing Layout version manager with metadata layout = SCM_HA (version = 2), software layout = SCM_HA (version = 2)
2021-07-17 01:44:29,358 [Listener at 127.0.0.1/42341] INFO  reflections.Reflections (Reflections.java:scan(232)) - Reflections took 32 ms to scan 7 urls, producing 119 keys and 271 values 
2021-07-17 01:44:29,363 [Listener at 127.0.0.1/42341] INFO  volume.HddsVolume (HddsVolume.java:<init>(120)) - Creating HddsVolume: /home/runner/work/ozone/ozone/mnt/ozone/hadoop-ozone/integration-test/target/test-dir/MiniOzoneClusterImpl-ab53e13c-b7a0-452c-aef0-b95992dbe1a2/datanode-0/data-0/containers/hdds of storage type : DISK capacity : 9223372036854775807
2021-07-17 01:44:29,363 [Listener at 127.0.0.1/42341] INFO  volume.MutableVolumeSet (MutableVolumeSet.java:initializeVolumeSet(181)) - Added Volume : /home/runner/work/ozone/ozone/mnt/ozone/hadoop-ozone/integration-test/target/test-dir/MiniOzoneClusterImpl-ab53e13c-b7a0-452c-aef0-b95992dbe1a2/datanode-0/data-0/containers/hdds to VolumeSet
2021-07-17 01:44:29,363 [Listener at 127.0.0.1/42341] INFO  volume.ThrottledAsyncChecker (ThrottledAsyncChecker.java:schedule(141)) - Scheduling a check for /home/runner/work/ozone/ozone/mnt/ozone/hadoop-ozone/integration-test/target/test-dir/MiniOzoneClusterImpl-ab53e13c-b7a0-452c-aef0-b95992dbe1a2/datanode-0/data-0/containers/hdds
2021-07-17 01:44:29,366 [Listener at 127.0.0.1/42341] INFO  volume.StorageVolumeChecker (StorageVolumeChecker.java:checkAllVolumes(203)) - Scheduled health check for volume /home/runner/work/ozone/ozone/mnt/ozone/hadoop-ozone/integration-test/target/test-dir/MiniOzoneClusterImpl-ab53e13c-b7a0-452c-aef0-b95992dbe1a2/datanode-0/data-0/containers/hdds
2021-07-17 01:44:29,378 [Listener at 127.0.0.1/42341] INFO  volume.MutableVolumeSet (MutableVolumeSet.java:initializeVolumeSet(181)) - Added Volume : /home/runner/work/ozone/ozone/mnt/ozone/hadoop-ozone/integration-test/target/test-dir/MiniOzoneClusterImpl-ab53e13c-b7a0-452c-aef0-b95992dbe1a2/datanode-0/data/ratis to VolumeSet
2021-07-17 01:44:29,378 [Listener at 127.0.0.1/42341] INFO  volume.ThrottledAsyncChecker (ThrottledAsyncChecker.java:schedule(141)) - Scheduling a check for /home/runner/work/ozone/ozone/mnt/ozone/hadoop-ozone/integration-test/target/test-dir/MiniOzoneClusterImpl-ab53e13c-b7a0-452c-aef0-b95992dbe1a2/datanode-0/data/ratis
2021-07-17 01:44:29,379 [Listener at 127.0.0.1/42341] INFO  volume.StorageVolumeChecker (StorageVolumeChecker.java:checkAllVolumes(203)) - Scheduled health check for volume /home/runner/work/ozone/ozone/mnt/ozone/hadoop-ozone/integration-test/target/test-dir/MiniOzoneClusterImpl-ab53e13c-b7a0-452c-aef0-b95992dbe1a2/datanode-0/data/ratis
2021-07-17 01:44:29,390 [Listener at 127.0.0.1/42341] INFO  ozoneimpl.ContainerReader (ContainerReader.java:<init>(98)) - Running in upgrade mode:true
2021-07-17 01:44:29,391 [Thread-1217] INFO  ozoneimpl.ContainerReader (ContainerReader.java:readVolume(142)) - Start to verify containers on volume /home/runner/work/ozone/ozone/mnt/ozone/hadoop-ozone/integration-test/target/test-dir/MiniOzoneClusterImpl-ab53e13c-b7a0-452c-aef0-b95992dbe1a2/datanode-0/data-0/containers/hdds
2021-07-17 01:44:29,391 [Thread-1217] INFO  ozoneimpl.ContainerReader (ContainerReader.java:readVolume(174)) - Finish verifying containers on volume /home/runner/work/ozone/ozone/mnt/ozone/hadoop-ozone/integration-test/target/test-dir/MiniOzoneClusterImpl-ab53e13c-b7a0-452c-aef0-b95992dbe1a2/datanode-0/data-0/containers/hdds
2021-07-17 01:44:29,391 [Listener at 127.0.0.1/42341] INFO  ozoneimpl.OzoneContainer (OzoneContainer.java:buildContainerSet(237)) - Build ContainerSet costs 0s
2021-07-17 01:44:29,392 [Listener at 127.0.0.1/42341] INFO  server.RaftServer (ConfUtils.java:logGet(44)) - raft.rpc.type = GRPC (default)
2021-07-17 01:44:29,393 [Listener at 127.0.0.1/42341] INFO  grpc.GrpcFactory (GrpcFactory.java:checkPooledByteBufAllocatorUseCacheForAllThreads(48)) - PERFORMANCE WARNING: useCacheForAllThreads is true that may cause Netty to create a lot garbage objects and, as a result, trigger GC.
	It is recommended to disable useCacheForAllThreads by setting -Dorg.apache.ratis.thirdparty.io.netty.allocator.useCacheForAllThreads=false in command line.
2021-07-17 01:44:29,393 [Listener at 127.0.0.1/42341] INFO  grpc.GrpcConfigKeys (ConfUtils.java:logGet(44)) - raft.grpc.admin.port = 0 (custom)
2021-07-17 01:44:29,393 [Listener at 127.0.0.1/42341] INFO  grpc.GrpcConfigKeys (ConfUtils.java:logGet(44)) - raft.grpc.client.port = 0 (custom)
2021-07-17 01:44:29,393 [Listener at 127.0.0.1/42341] INFO  grpc.GrpcConfigKeys (ConfUtils.java:logGet(44)) - raft.grpc.server.port = 0 (default)
2021-07-17 01:44:29,393 [Listener at 127.0.0.1/42341] INFO  server.GrpcService (ConfUtils.java:logGet(44)) - raft.grpc.message.size.max = 32MB (=33554432) (custom)
2021-07-17 01:44:29,393 [Listener at 127.0.0.1/42341] INFO  server.RaftServerConfigKeys (ConfUtils.java:logGet(44)) - raft.server.log.appender.buffer.byte-limit = 33554432 (custom)
2021-07-17 01:44:29,393 [Listener at 127.0.0.1/42341] INFO  server.GrpcService (ConfUtils.java:logGet(44)) - raft.grpc.flow.control.window = 5MB (=5242880) (custom)
2021-07-17 01:44:29,393 [Listener at 127.0.0.1/42341] INFO  server.RaftServerConfigKeys (ConfUtils.java:logGet(44)) - raft.server.rpc.request.timeout = 3000ms (default)
2021-07-17 01:44:29,394 [Listener at 127.0.0.1/42341] INFO  impl.DataStreamServerImpl (ConfUtils.java:logGet(44)) - raft.datastream.type = DISABLED (default)
2021-07-17 01:44:29,394 [Listener at 127.0.0.1/42341] INFO  server.RaftServerConfigKeys (ConfUtils.java:logGet(44)) - raft.server.rpc.slowness.timeout = 300000ms (custom)
2021-07-17 01:44:29,394 [Listener at 127.0.0.1/42341] INFO  server.RaftServerConfigKeys (ConfUtils.java:logGet(44)) - raft.server.leaderelection.leader.step-down.wait-time = 10s (default)
2021-07-17 01:44:29,395 [Listener at 127.0.0.1/42341] INFO  server.RaftServerConfigKeys (ConfUtils.java:logGet(44)) - raft.server.storage.dir = [/home/runner/work/ozone/ozone/mnt/ozone/hadoop-ozone/integration-test/target/test-dir/MiniOzoneClusterImpl-ab53e13c-b7a0-452c-aef0-b95992dbe1a2/datanode-0/data/ratis] (custom)
2021-07-17 01:44:29,397 [Listener at 127.0.0.1/42341] INFO  http.BaseHttpServer (BaseHttpServer.java:newHttpServer2BuilderForOzone(209)) - Starting Web-server for hddsDatanode at: http://0.0.0.0:0
2021-07-17 01:44:29,397 [Listener at 127.0.0.1/42341] INFO  http.BaseHttpServer (BaseHttpServer.java:<init>(107)) - Hadoop Security Enabled: false Ozone Security Enabled: false Ozone HTTP Security Enabled: false 
2021-07-17 01:44:29,398 [Listener at 127.0.0.1/42341] INFO  server.AuthenticationFilter (AuthenticationFilter.java:constructSecretProvider(240)) - Unable to initialize FileSignerSecretProvider, falling back to use random secrets.
2021-07-17 01:44:29,398 [Listener at 127.0.0.1/42341] WARN  http.HttpRequestLog (HttpRequestLog.java:getRequestLog(103)) - Jetty request log can only be enabled using Log4j
2021-07-17 01:44:29,399 [Listener at 127.0.0.1/42341] INFO  http.HttpServer2 (HttpServer2.java:addGlobalFilter(1020)) - Added global filter 'safety' (class=org.apache.hadoop.hdds.server.http.HttpServer2$QuotingInputFilter)
2021-07-17 01:44:29,399 [Listener at 127.0.0.1/42341] INFO  http.HttpServer2 (HttpServer2.java:addFilter(996)) - Added filter static_user_filter (class=org.apache.hadoop.http.lib.StaticUserWebFilter$StaticUserFilter) to context hddsDatanode
2021-07-17 01:44:29,400 [Listener at 127.0.0.1/42341] INFO  http.HttpServer2 (HttpServer2.java:addFilter(1004)) - Added filter static_user_filter (class=org.apache.hadoop.http.lib.StaticUserWebFilter$StaticUserFilter) to context static
2021-07-17 01:44:29,400 [Listener at 127.0.0.1/42341] INFO  http.HttpServer2 (HttpServer2.java:addFilter(1004)) - Added filter static_user_filter (class=org.apache.hadoop.http.lib.StaticUserWebFilter$StaticUserFilter) to context logs
2021-07-17 01:44:29,400 [Listener at 127.0.0.1/42341] INFO  http.HttpServer2 (HttpServer2.java:bindListener(1238)) - Jetty bound to port 36763
2021-07-17 01:44:29,400 [Listener at 127.0.0.1/42341] INFO  server.Server (Server.java:doStart(375)) - jetty-9.4.35.v20201120; built: 2020-11-20T21:17:03.964Z; git: bdc54f03a5e0a7e280fab27f55c3c75ee8da89fb; jvm 1.8.0_292-b10
2021-07-17 01:44:29,402 [Listener at 127.0.0.1/42341] INFO  server.session (DefaultSessionIdManager.java:doStart(334)) - DefaultSessionIdManager workerName=node0
2021-07-17 01:44:29,402 [Listener at 127.0.0.1/42341] INFO  server.session (DefaultSessionIdManager.java:doStart(339)) - No SessionScavenger set, using defaults
2021-07-17 01:44:29,402 [Listener at 127.0.0.1/42341] INFO  server.session (HouseKeeper.java:startScavenging(132)) - node0 Scavenging every 660000ms
2021-07-17 01:44:29,403 [Listener at 127.0.0.1/42341] INFO  handler.ContextHandler (ContextHandler.java:doStart(916)) - Started o.e.j.s.ServletContextHandler@34e7b058{logs,/logs,file:///home/runner/work/ozone/ozone/mnt/ozone/hadoop-ozone/integration-test/target/log,AVAILABLE}
2021-07-17 01:44:29,403 [Listener at 127.0.0.1/42341] INFO  handler.ContextHandler (ContextHandler.java:doStart(916)) - Started o.e.j.s.ServletContextHandler@3e4bca9{static,/static,jar:file:/home/runner/.m2/repository/org/apache/ozone/hdds-container-service/1.2.0-SNAPSHOT/hdds-container-service-1.2.0-SNAPSHOT.jar!/webapps/static,AVAILABLE}
2021-07-17 01:44:29,440 [Listener at 127.0.0.1/42341] INFO  handler.ContextHandler (ContextHandler.java:doStart(916)) - Started o.e.j.w.WebAppContext@158c9da0{hddsDatanode,/,file:///tmp/jetty-0_0_0_0-36763-hdds-container-service-1_2_0-SNAPSHOT_jar-_-any-6865861211929609859/webapp/,AVAILABLE}{jar:file:/home/runner/.m2/repository/org/apache/ozone/hdds-container-service/1.2.0-SNAPSHOT/hdds-container-service-1.2.0-SNAPSHOT.jar!/webapps/hddsDatanode}
2021-07-17 01:44:29,442 [Listener at 127.0.0.1/42341] INFO  server.AbstractConnector (AbstractConnector.java:doStart(331)) - Started ServerConnector@251c5444{HTTP/1.1, (http/1.1)}{0.0.0.0:36763}
2021-07-17 01:44:29,442 [Listener at 127.0.0.1/42341] INFO  server.Server (Server.java:doStart(415)) - Started @143545ms
2021-07-17 01:44:29,442 [Listener at 127.0.0.1/42341] WARN  impl.MetricsSystemImpl (MetricsSystemImpl.java:register(279)) - Sink prometheus already exists!
2021-07-17 01:44:29,442 [Listener at 127.0.0.1/42341] INFO  http.BaseHttpServer (BaseHttpServer.java:updateConnectorAddress(329)) - HTTP server of hddsDatanode listening at http://0.0.0.0:36763
2021-07-17 01:44:29,446 [Listener at 127.0.0.1/42341] INFO  impl.MetricsSystemImpl (MetricsSystemImpl.java:init(158)) - HddsDatanode metrics system started (again)
2021-07-17 01:44:29,458 [Listener at 127.0.0.1/42341] INFO  ozone.HddsDatanodeService (HddsDatanodeService.java:start(234)) - HddsDatanodeService host:fv-az52-843.jaak54zke33upnjmlridiqi2vb.bx.internal.cloudapp.net ip:10.1.0.46
2021-07-17 01:44:29,462 [org.apache.hadoop.util.JvmPauseMonitor$Monitor@41fe75df] INFO  util.JvmPauseMonitor (JvmPauseMonitor.java:run(188)) - Starting JVM pause monitor
2021-07-17 01:44:29,465 [Datanode State Machine Task Thread - 0] INFO  datanode.InitDatanodeState (InitDatanodeState.java:persistContainerDatanodeDetails(145)) - DatanodeDetails is persisted to /home/runner/work/ozone/ozone/mnt/ozone/hadoop-ozone/integration-test/target/test-dir/MiniOzoneClusterImpl-ab53e13c-b7a0-452c-aef0-b95992dbe1a2/datanode-0/meta/datanode.id
2021-07-17 01:44:29,474 [Listener at 127.0.0.1/42341] INFO  upgrade.AbstractLayoutVersionManager (AbstractLayoutVersionManager.java:init(70)) - Initializing Layout version manager with metadata layout = SCM_HA (version = 2), software layout = SCM_HA (version = 2)
2021-07-17 01:44:29,506 [Listener at 127.0.0.1/42341] INFO  reflections.Reflections (Reflections.java:scan(232)) - Reflections took 31 ms to scan 7 urls, producing 119 keys and 271 values 
2021-07-17 01:44:29,510 [Listener at 127.0.0.1/42341] INFO  volume.HddsVolume (HddsVolume.java:<init>(120)) - Creating HddsVolume: /home/runner/work/ozone/ozone/mnt/ozone/hadoop-ozone/integration-test/target/test-dir/MiniOzoneClusterImpl-ab53e13c-b7a0-452c-aef0-b95992dbe1a2/datanode-1/data-0/containers/hdds of storage type : DISK capacity : 9223372036854775807
2021-07-17 01:44:29,510 [Listener at 127.0.0.1/42341] INFO  volume.MutableVolumeSet (MutableVolumeSet.java:initializeVolumeSet(181)) - Added Volume : /home/runner/work/ozone/ozone/mnt/ozone/hadoop-ozone/integration-test/target/test-dir/MiniOzoneClusterImpl-ab53e13c-b7a0-452c-aef0-b95992dbe1a2/datanode-1/data-0/containers/hdds to VolumeSet
2021-07-17 01:44:29,510 [Listener at 127.0.0.1/42341] INFO  volume.ThrottledAsyncChecker (ThrottledAsyncChecker.java:schedule(141)) - Scheduling a check for /home/runner/work/ozone/ozone/mnt/ozone/hadoop-ozone/integration-test/target/test-dir/MiniOzoneClusterImpl-ab53e13c-b7a0-452c-aef0-b95992dbe1a2/datanode-1/data-0/containers/hdds
2021-07-17 01:44:29,512 [Listener at 127.0.0.1/42341] INFO  volume.StorageVolumeChecker (StorageVolumeChecker.java:checkAllVolumes(203)) - Scheduled health check for volume /home/runner/work/ozone/ozone/mnt/ozone/hadoop-ozone/integration-test/target/test-dir/MiniOzoneClusterImpl-ab53e13c-b7a0-452c-aef0-b95992dbe1a2/datanode-1/data-0/containers/hdds
2021-07-17 01:44:29,524 [Listener at 127.0.0.1/42341] INFO  volume.MutableVolumeSet (MutableVolumeSet.java:initializeVolumeSet(181)) - Added Volume : /home/runner/work/ozone/ozone/mnt/ozone/hadoop-ozone/integration-test/target/test-dir/MiniOzoneClusterImpl-ab53e13c-b7a0-452c-aef0-b95992dbe1a2/datanode-1/data/ratis to VolumeSet
2021-07-17 01:44:29,525 [Listener at 127.0.0.1/42341] INFO  volume.ThrottledAsyncChecker (ThrottledAsyncChecker.java:schedule(141)) - Scheduling a check for /home/runner/work/ozone/ozone/mnt/ozone/hadoop-ozone/integration-test/target/test-dir/MiniOzoneClusterImpl-ab53e13c-b7a0-452c-aef0-b95992dbe1a2/datanode-1/data/ratis
2021-07-17 01:44:29,525 [Listener at 127.0.0.1/42341] INFO  volume.StorageVolumeChecker (StorageVolumeChecker.java:checkAllVolumes(203)) - Scheduled health check for volume /home/runner/work/ozone/ozone/mnt/ozone/hadoop-ozone/integration-test/target/test-dir/MiniOzoneClusterImpl-ab53e13c-b7a0-452c-aef0-b95992dbe1a2/datanode-1/data/ratis
2021-07-17 01:44:29,536 [Listener at 127.0.0.1/42341] INFO  ozoneimpl.ContainerReader (ContainerReader.java:<init>(98)) - Running in upgrade mode:true
2021-07-17 01:44:29,537 [Thread-1228] INFO  ozoneimpl.ContainerReader (ContainerReader.java:readVolume(142)) - Start to verify containers on volume /home/runner/work/ozone/ozone/mnt/ozone/hadoop-ozone/integration-test/target/test-dir/MiniOzoneClusterImpl-ab53e13c-b7a0-452c-aef0-b95992dbe1a2/datanode-1/data-0/containers/hdds
2021-07-17 01:44:29,537 [Thread-1228] INFO  ozoneimpl.ContainerReader (ContainerReader.java:readVolume(174)) - Finish verifying containers on volume /home/runner/work/ozone/ozone/mnt/ozone/hadoop-ozone/integration-test/target/test-dir/MiniOzoneClusterImpl-ab53e13c-b7a0-452c-aef0-b95992dbe1a2/datanode-1/data-0/containers/hdds
2021-07-17 01:44:29,537 [Listener at 127.0.0.1/42341] INFO  ozoneimpl.OzoneContainer (OzoneContainer.java:buildContainerSet(237)) - Build ContainerSet costs 0s
2021-07-17 01:44:29,539 [Listener at 127.0.0.1/42341] INFO  server.RaftServer (ConfUtils.java:logGet(44)) - raft.rpc.type = GRPC (default)
2021-07-17 01:44:29,539 [Listener at 127.0.0.1/42341] INFO  grpc.GrpcFactory (GrpcFactory.java:checkPooledByteBufAllocatorUseCacheForAllThreads(48)) - PERFORMANCE WARNING: useCacheForAllThreads is true that may cause Netty to create a lot garbage objects and, as a result, trigger GC.
	It is recommended to disable useCacheForAllThreads by setting -Dorg.apache.ratis.thirdparty.io.netty.allocator.useCacheForAllThreads=false in command line.
2021-07-17 01:44:29,539 [Listener at 127.0.0.1/42341] INFO  grpc.GrpcConfigKeys (ConfUtils.java:logGet(44)) - raft.grpc.admin.port = 0 (custom)
2021-07-17 01:44:29,539 [Listener at 127.0.0.1/42341] INFO  grpc.GrpcConfigKeys (ConfUtils.java:logGet(44)) - raft.grpc.client.port = 0 (custom)
2021-07-17 01:44:29,540 [Listener at 127.0.0.1/42341] INFO  grpc.GrpcConfigKeys (ConfUtils.java:logGet(44)) - raft.grpc.server.port = 0 (default)
2021-07-17 01:44:29,540 [Listener at 127.0.0.1/42341] INFO  server.GrpcService (ConfUtils.java:logGet(44)) - raft.grpc.message.size.max = 32MB (=33554432) (custom)
2021-07-17 01:44:29,540 [Listener at 127.0.0.1/42341] INFO  server.RaftServerConfigKeys (ConfUtils.java:logGet(44)) - raft.server.log.appender.buffer.byte-limit = 33554432 (custom)
2021-07-17 01:44:29,540 [Listener at 127.0.0.1/42341] INFO  server.GrpcService (ConfUtils.java:logGet(44)) - raft.grpc.flow.control.window = 5MB (=5242880) (custom)
2021-07-17 01:44:29,540 [Listener at 127.0.0.1/42341] INFO  server.RaftServerConfigKeys (ConfUtils.java:logGet(44)) - raft.server.rpc.request.timeout = 3000ms (default)
2021-07-17 01:44:29,541 [Listener at 127.0.0.1/42341] INFO  impl.DataStreamServerImpl (ConfUtils.java:logGet(44)) - raft.datastream.type = DISABLED (default)
2021-07-17 01:44:29,541 [Listener at 127.0.0.1/42341] INFO  server.RaftServerConfigKeys (ConfUtils.java:logGet(44)) - raft.server.rpc.slowness.timeout = 300000ms (custom)
2021-07-17 01:44:29,541 [Listener at 127.0.0.1/42341] INFO  server.RaftServerConfigKeys (ConfUtils.java:logGet(44)) - raft.server.leaderelection.leader.step-down.wait-time = 10s (default)
2021-07-17 01:44:29,541 [Listener at 127.0.0.1/42341] INFO  server.RaftServerConfigKeys (ConfUtils.java:logGet(44)) - raft.server.storage.dir = [/home/runner/work/ozone/ozone/mnt/ozone/hadoop-ozone/integration-test/target/test-dir/MiniOzoneClusterImpl-ab53e13c-b7a0-452c-aef0-b95992dbe1a2/datanode-1/data/ratis] (custom)
2021-07-17 01:44:29,544 [Listener at 127.0.0.1/42341] INFO  http.BaseHttpServer (BaseHttpServer.java:newHttpServer2BuilderForOzone(209)) - Starting Web-server for hddsDatanode at: http://0.0.0.0:0
2021-07-17 01:44:29,544 [Listener at 127.0.0.1/42341] INFO  http.BaseHttpServer (BaseHttpServer.java:<init>(107)) - Hadoop Security Enabled: false Ozone Security Enabled: false Ozone HTTP Security Enabled: false 
2021-07-17 01:44:29,545 [Listener at 127.0.0.1/42341] INFO  server.AuthenticationFilter (AuthenticationFilter.java:constructSecretProvider(240)) - Unable to initialize FileSignerSecretProvider, falling back to use random secrets.
2021-07-17 01:44:29,545 [Listener at 127.0.0.1/42341] WARN  http.HttpRequestLog (HttpRequestLog.java:getRequestLog(103)) - Jetty request log can only be enabled using Log4j
2021-07-17 01:44:29,546 [Listener at 127.0.0.1/42341] INFO  http.HttpServer2 (HttpServer2.java:addGlobalFilter(1020)) - Added global filter 'safety' (class=org.apache.hadoop.hdds.server.http.HttpServer2$QuotingInputFilter)
2021-07-17 01:44:29,546 [Listener at 127.0.0.1/42341] INFO  http.HttpServer2 (HttpServer2.java:addFilter(996)) - Added filter static_user_filter (class=org.apache.hadoop.http.lib.StaticUserWebFilter$StaticUserFilter) to context hddsDatanode
2021-07-17 01:44:29,546 [Listener at 127.0.0.1/42341] INFO  http.HttpServer2 (HttpServer2.java:addFilter(1004)) - Added filter static_user_filter (class=org.apache.hadoop.http.lib.StaticUserWebFilter$StaticUserFilter) to context static
2021-07-17 01:44:29,546 [Listener at 127.0.0.1/42341] INFO  http.HttpServer2 (HttpServer2.java:addFilter(1004)) - Added filter static_user_filter (class=org.apache.hadoop.http.lib.StaticUserWebFilter$StaticUserFilter) to context logs
2021-07-17 01:44:29,547 [Listener at 127.0.0.1/42341] INFO  http.HttpServer2 (HttpServer2.java:bindListener(1238)) - Jetty bound to port 36407
2021-07-17 01:44:29,547 [Listener at 127.0.0.1/42341] INFO  server.Server (Server.java:doStart(375)) - jetty-9.4.35.v20201120; built: 2020-11-20T21:17:03.964Z; git: bdc54f03a5e0a7e280fab27f55c3c75ee8da89fb; jvm 1.8.0_292-b10
2021-07-17 01:44:29,555 [Listener at 127.0.0.1/42341] INFO  server.session (DefaultSessionIdManager.java:doStart(334)) - DefaultSessionIdManager workerName=node0
2021-07-17 01:44:29,555 [Listener at 127.0.0.1/42341] INFO  server.session (DefaultSessionIdManager.java:doStart(339)) - No SessionScavenger set, using defaults
2021-07-17 01:44:29,555 [Listener at 127.0.0.1/42341] INFO  server.session (HouseKeeper.java:startScavenging(132)) - node0 Scavenging every 600000ms
2021-07-17 01:44:29,556 [Listener at 127.0.0.1/42341] INFO  handler.ContextHandler (ContextHandler.java:doStart(916)) - Started o.e.j.s.ServletContextHandler@3ab833c5{logs,/logs,file:///home/runner/work/ozone/ozone/mnt/ozone/hadoop-ozone/integration-test/target/log,AVAILABLE}
2021-07-17 01:44:29,556 [Listener at 127.0.0.1/42341] INFO  handler.ContextHandler (ContextHandler.java:doStart(916)) - Started o.e.j.s.ServletContextHandler@5b6b484c{static,/static,jar:file:/home/runner/.m2/repository/org/apache/ozone/hdds-container-service/1.2.0-SNAPSHOT/hdds-container-service-1.2.0-SNAPSHOT.jar!/webapps/static,AVAILABLE}
2021-07-17 01:44:29,594 [Listener at 127.0.0.1/42341] INFO  handler.ContextHandler (ContextHandler.java:doStart(916)) - Started o.e.j.w.WebAppContext@37126e48{hddsDatanode,/,file:///tmp/jetty-0_0_0_0-36407-hdds-container-service-1_2_0-SNAPSHOT_jar-_-any-126226387248868392/webapp/,AVAILABLE}{jar:file:/home/runner/.m2/repository/org/apache/ozone/hdds-container-service/1.2.0-SNAPSHOT/hdds-container-service-1.2.0-SNAPSHOT.jar!/webapps/hddsDatanode}
2021-07-17 01:44:29,595 [Listener at 127.0.0.1/42341] INFO  server.AbstractConnector (AbstractConnector.java:doStart(331)) - Started ServerConnector@64fe3584{HTTP/1.1, (http/1.1)}{0.0.0.0:36407}
2021-07-17 01:44:29,595 [Listener at 127.0.0.1/42341] INFO  server.Server (Server.java:doStart(415)) - Started @143698ms
2021-07-17 01:44:29,595 [Listener at 127.0.0.1/42341] WARN  impl.MetricsSystemImpl (MetricsSystemImpl.java:register(279)) - Sink prometheus already exists!
2021-07-17 01:44:29,596 [Listener at 127.0.0.1/42341] INFO  http.BaseHttpServer (BaseHttpServer.java:updateConnectorAddress(329)) - HTTP server of hddsDatanode listening at http://0.0.0.0:36407
2021-07-17 01:44:29,597 [Listener at 127.0.0.1/42341] INFO  impl.MetricsSystemImpl (MetricsSystemImpl.java:init(158)) - HddsDatanode metrics system started (again)
2021-07-17 01:44:29,610 [org.apache.hadoop.util.JvmPauseMonitor$Monitor@b1d7d10] INFO  util.JvmPauseMonitor (JvmPauseMonitor.java:run(188)) - Starting JVM pause monitor
2021-07-17 01:44:29,610 [Listener at 127.0.0.1/42341] INFO  ozone.HddsDatanodeService (HddsDatanodeService.java:start(234)) - HddsDatanodeService host:fv-az52-843.jaak54zke33upnjmlridiqi2vb.bx.internal.cloudapp.net ip:10.1.0.46
2021-07-17 01:44:29,615 [Datanode State Machine Task Thread - 0] INFO  datanode.InitDatanodeState (InitDatanodeState.java:persistContainerDatanodeDetails(145)) - DatanodeDetails is persisted to /home/runner/work/ozone/ozone/mnt/ozone/hadoop-ozone/integration-test/target/test-dir/MiniOzoneClusterImpl-ab53e13c-b7a0-452c-aef0-b95992dbe1a2/datanode-1/meta/datanode.id
2021-07-17 01:44:29,624 [Listener at 127.0.0.1/42341] INFO  upgrade.AbstractLayoutVersionManager (AbstractLayoutVersionManager.java:init(70)) - Initializing Layout version manager with metadata layout = SCM_HA (version = 2), software layout = SCM_HA (version = 2)
2021-07-17 01:44:29,656 [Listener at 127.0.0.1/42341] INFO  reflections.Reflections (Reflections.java:scan(232)) - Reflections took 31 ms to scan 7 urls, producing 119 keys and 271 values 
2021-07-17 01:44:29,659 [Listener at 127.0.0.1/42341] INFO  volume.HddsVolume (HddsVolume.java:<init>(120)) - Creating HddsVolume: /home/runner/work/ozone/ozone/mnt/ozone/hadoop-ozone/integration-test/target/test-dir/MiniOzoneClusterImpl-ab53e13c-b7a0-452c-aef0-b95992dbe1a2/datanode-2/data-0/containers/hdds of storage type : DISK capacity : 9223372036854775807
2021-07-17 01:44:29,659 [Listener at 127.0.0.1/42341] INFO  volume.MutableVolumeSet (MutableVolumeSet.java:initializeVolumeSet(181)) - Added Volume : /home/runner/work/ozone/ozone/mnt/ozone/hadoop-ozone/integration-test/target/test-dir/MiniOzoneClusterImpl-ab53e13c-b7a0-452c-aef0-b95992dbe1a2/datanode-2/data-0/containers/hdds to VolumeSet
2021-07-17 01:44:29,659 [Listener at 127.0.0.1/42341] INFO  volume.ThrottledAsyncChecker (ThrottledAsyncChecker.java:schedule(141)) - Scheduling a check for /home/runner/work/ozone/ozone/mnt/ozone/hadoop-ozone/integration-test/target/test-dir/MiniOzoneClusterImpl-ab53e13c-b7a0-452c-aef0-b95992dbe1a2/datanode-2/data-0/containers/hdds
2021-07-17 01:44:29,660 [Listener at 127.0.0.1/42341] INFO  volume.StorageVolumeChecker (StorageVolumeChecker.java:checkAllVolumes(203)) - Scheduled health check for volume /home/runner/work/ozone/ozone/mnt/ozone/hadoop-ozone/integration-test/target/test-dir/MiniOzoneClusterImpl-ab53e13c-b7a0-452c-aef0-b95992dbe1a2/datanode-2/data-0/containers/hdds
2021-07-17 01:44:29,672 [Listener at 127.0.0.1/42341] INFO  volume.MutableVolumeSet (MutableVolumeSet.java:initializeVolumeSet(181)) - Added Volume : /home/runner/work/ozone/ozone/mnt/ozone/hadoop-ozone/integration-test/target/test-dir/MiniOzoneClusterImpl-ab53e13c-b7a0-452c-aef0-b95992dbe1a2/datanode-2/data/ratis to VolumeSet
2021-07-17 01:44:29,673 [Listener at 127.0.0.1/42341] INFO  volume.ThrottledAsyncChecker (ThrottledAsyncChecker.java:schedule(141)) - Scheduling a check for /home/runner/work/ozone/ozone/mnt/ozone/hadoop-ozone/integration-test/target/test-dir/MiniOzoneClusterImpl-ab53e13c-b7a0-452c-aef0-b95992dbe1a2/datanode-2/data/ratis
2021-07-17 01:44:29,673 [Listener at 127.0.0.1/42341] INFO  volume.StorageVolumeChecker (StorageVolumeChecker.java:checkAllVolumes(203)) - Scheduled health check for volume /home/runner/work/ozone/ozone/mnt/ozone/hadoop-ozone/integration-test/target/test-dir/MiniOzoneClusterImpl-ab53e13c-b7a0-452c-aef0-b95992dbe1a2/datanode-2/data/ratis
2021-07-17 01:44:29,684 [Listener at 127.0.0.1/42341] INFO  ozoneimpl.ContainerReader (ContainerReader.java:<init>(98)) - Running in upgrade mode:true
2021-07-17 01:44:29,685 [Thread-1239] INFO  ozoneimpl.ContainerReader (ContainerReader.java:readVolume(142)) - Start to verify containers on volume /home/runner/work/ozone/ozone/mnt/ozone/hadoop-ozone/integration-test/target/test-dir/MiniOzoneClusterImpl-ab53e13c-b7a0-452c-aef0-b95992dbe1a2/datanode-2/data-0/containers/hdds
2021-07-17 01:44:29,685 [Thread-1239] INFO  ozoneimpl.ContainerReader (ContainerReader.java:readVolume(174)) - Finish verifying containers on volume /home/runner/work/ozone/ozone/mnt/ozone/hadoop-ozone/integration-test/target/test-dir/MiniOzoneClusterImpl-ab53e13c-b7a0-452c-aef0-b95992dbe1a2/datanode-2/data-0/containers/hdds
2021-07-17 01:44:29,685 [Listener at 127.0.0.1/42341] INFO  ozoneimpl.OzoneContainer (OzoneContainer.java:buildContainerSet(237)) - Build ContainerSet costs 0s
2021-07-17 01:44:29,686 [Listener at 127.0.0.1/42341] INFO  server.RaftServer (ConfUtils.java:logGet(44)) - raft.rpc.type = GRPC (default)
2021-07-17 01:44:29,686 [Listener at 127.0.0.1/42341] INFO  grpc.GrpcFactory (GrpcFactory.java:checkPooledByteBufAllocatorUseCacheForAllThreads(48)) - PERFORMANCE WARNING: useCacheForAllThreads is true that may cause Netty to create a lot garbage objects and, as a result, trigger GC.
	It is recommended to disable useCacheForAllThreads by setting -Dorg.apache.ratis.thirdparty.io.netty.allocator.useCacheForAllThreads=false in command line.
2021-07-17 01:44:29,687 [Listener at 127.0.0.1/42341] INFO  grpc.GrpcConfigKeys (ConfUtils.java:logGet(44)) - raft.grpc.admin.port = 0 (custom)
2021-07-17 01:44:29,687 [Listener at 127.0.0.1/42341] INFO  grpc.GrpcConfigKeys (ConfUtils.java:logGet(44)) - raft.grpc.client.port = 0 (custom)
2021-07-17 01:44:29,687 [Listener at 127.0.0.1/42341] INFO  grpc.GrpcConfigKeys (ConfUtils.java:logGet(44)) - raft.grpc.server.port = 0 (default)
2021-07-17 01:44:29,687 [Listener at 127.0.0.1/42341] INFO  server.GrpcService (ConfUtils.java:logGet(44)) - raft.grpc.message.size.max = 32MB (=33554432) (custom)
2021-07-17 01:44:29,687 [Listener at 127.0.0.1/42341] INFO  server.RaftServerConfigKeys (ConfUtils.java:logGet(44)) - raft.server.log.appender.buffer.byte-limit = 33554432 (custom)
2021-07-17 01:44:29,687 [Listener at 127.0.0.1/42341] INFO  server.GrpcService (ConfUtils.java:logGet(44)) - raft.grpc.flow.control.window = 5MB (=5242880) (custom)
2021-07-17 01:44:29,687 [Listener at 127.0.0.1/42341] INFO  server.RaftServerConfigKeys (ConfUtils.java:logGet(44)) - raft.server.rpc.request.timeout = 3000ms (default)
2021-07-17 01:44:29,688 [Listener at 127.0.0.1/42341] INFO  impl.DataStreamServerImpl (ConfUtils.java:logGet(44)) - raft.datastream.type = DISABLED (default)
2021-07-17 01:44:29,688 [Listener at 127.0.0.1/42341] INFO  server.RaftServerConfigKeys (ConfUtils.java:logGet(44)) - raft.server.rpc.slowness.timeout = 300000ms (custom)
2021-07-17 01:44:29,688 [Listener at 127.0.0.1/42341] INFO  server.RaftServerConfigKeys (ConfUtils.java:logGet(44)) - raft.server.leaderelection.leader.step-down.wait-time = 10s (default)
2021-07-17 01:44:29,689 [Listener at 127.0.0.1/42341] INFO  server.RaftServerConfigKeys (ConfUtils.java:logGet(44)) - raft.server.storage.dir = [/home/runner/work/ozone/ozone/mnt/ozone/hadoop-ozone/integration-test/target/test-dir/MiniOzoneClusterImpl-ab53e13c-b7a0-452c-aef0-b95992dbe1a2/datanode-2/data/ratis] (custom)
2021-07-17 01:44:29,691 [Listener at 127.0.0.1/42341] INFO  http.BaseHttpServer (BaseHttpServer.java:newHttpServer2BuilderForOzone(209)) - Starting Web-server for hddsDatanode at: http://0.0.0.0:0
2021-07-17 01:44:29,691 [Listener at 127.0.0.1/42341] INFO  http.BaseHttpServer (BaseHttpServer.java:<init>(107)) - Hadoop Security Enabled: false Ozone Security Enabled: false Ozone HTTP Security Enabled: false 
2021-07-17 01:44:29,692 [Listener at 127.0.0.1/42341] INFO  server.AuthenticationFilter (AuthenticationFilter.java:constructSecretProvider(240)) - Unable to initialize FileSignerSecretProvider, falling back to use random secrets.
2021-07-17 01:44:29,692 [Listener at 127.0.0.1/42341] WARN  http.HttpRequestLog (HttpRequestLog.java:getRequestLog(103)) - Jetty request log can only be enabled using Log4j
2021-07-17 01:44:29,693 [Listener at 127.0.0.1/42341] INFO  http.HttpServer2 (HttpServer2.java:addGlobalFilter(1020)) - Added global filter 'safety' (class=org.apache.hadoop.hdds.server.http.HttpServer2$QuotingInputFilter)
2021-07-17 01:44:29,693 [Listener at 127.0.0.1/42341] INFO  http.HttpServer2 (HttpServer2.java:addFilter(996)) - Added filter static_user_filter (class=org.apache.hadoop.http.lib.StaticUserWebFilter$StaticUserFilter) to context hddsDatanode
2021-07-17 01:44:29,693 [Listener at 127.0.0.1/42341] INFO  http.HttpServer2 (HttpServer2.java:addFilter(1004)) - Added filter static_user_filter (class=org.apache.hadoop.http.lib.StaticUserWebFilter$StaticUserFilter) to context logs
2021-07-17 01:44:29,693 [Listener at 127.0.0.1/42341] INFO  http.HttpServer2 (HttpServer2.java:addFilter(1004)) - Added filter static_user_filter (class=org.apache.hadoop.http.lib.StaticUserWebFilter$StaticUserFilter) to context static
2021-07-17 01:44:29,694 [Listener at 127.0.0.1/42341] INFO  http.HttpServer2 (HttpServer2.java:bindListener(1238)) - Jetty bound to port 35937
2021-07-17 01:44:29,694 [Listener at 127.0.0.1/42341] INFO  server.Server (Server.java:doStart(375)) - jetty-9.4.35.v20201120; built: 2020-11-20T21:17:03.964Z; git: bdc54f03a5e0a7e280fab27f55c3c75ee8da89fb; jvm 1.8.0_292-b10
2021-07-17 01:44:29,695 [Listener at 127.0.0.1/42341] INFO  server.session (DefaultSessionIdManager.java:doStart(334)) - DefaultSessionIdManager workerName=node0
2021-07-17 01:44:29,696 [Listener at 127.0.0.1/42341] INFO  server.session (DefaultSessionIdManager.java:doStart(339)) - No SessionScavenger set, using defaults
2021-07-17 01:44:29,696 [Listener at 127.0.0.1/42341] INFO  server.session (HouseKeeper.java:startScavenging(132)) - node0 Scavenging every 660000ms
2021-07-17 01:44:29,696 [Listener at 127.0.0.1/42341] INFO  handler.ContextHandler (ContextHandler.java:doStart(916)) - Started o.e.j.s.ServletContextHandler@3fd5e7c8{logs,/logs,file:///home/runner/work/ozone/ozone/mnt/ozone/hadoop-ozone/integration-test/target/log,AVAILABLE}
2021-07-17 01:44:29,697 [Listener at 127.0.0.1/42341] INFO  handler.ContextHandler (ContextHandler.java:doStart(916)) - Started o.e.j.s.ServletContextHandler@558f4b31{static,/static,jar:file:/home/runner/.m2/repository/org/apache/ozone/hdds-container-service/1.2.0-SNAPSHOT/hdds-container-service-1.2.0-SNAPSHOT.jar!/webapps/static,AVAILABLE}
2021-07-17 01:44:29,735 [Listener at 127.0.0.1/42341] INFO  handler.ContextHandler (ContextHandler.java:doStart(916)) - Started o.e.j.w.WebAppContext@c6bd5bf{hddsDatanode,/,file:///tmp/jetty-0_0_0_0-35937-hdds-container-service-1_2_0-SNAPSHOT_jar-_-any-4103751162446751716/webapp/,AVAILABLE}{jar:file:/home/runner/.m2/repository/org/apache/ozone/hdds-container-service/1.2.0-SNAPSHOT/hdds-container-service-1.2.0-SNAPSHOT.jar!/webapps/hddsDatanode}
2021-07-17 01:44:29,736 [Listener at 127.0.0.1/42341] INFO  server.AbstractConnector (AbstractConnector.java:doStart(331)) - Started ServerConnector@e9dab3c{HTTP/1.1, (http/1.1)}{0.0.0.0:35937}
2021-07-17 01:44:29,736 [Listener at 127.0.0.1/42341] INFO  server.Server (Server.java:doStart(415)) - Started @143839ms
2021-07-17 01:44:29,736 [Listener at 127.0.0.1/42341] WARN  impl.MetricsSystemImpl (MetricsSystemImpl.java:register(279)) - Sink prometheus already exists!
2021-07-17 01:44:29,737 [Listener at 127.0.0.1/42341] INFO  http.BaseHttpServer (BaseHttpServer.java:updateConnectorAddress(329)) - HTTP server of hddsDatanode listening at http://0.0.0.0:35937
2021-07-17 01:44:29,740 [Listener at 127.0.0.1/42341] INFO  impl.MetricsSystemImpl (MetricsSystemImpl.java:init(158)) - HddsDatanode metrics system started (again)
2021-07-17 01:44:29,751 [org.apache.hadoop.util.JvmPauseMonitor$Monitor@25650aaa] INFO  util.JvmPauseMonitor (JvmPauseMonitor.java:run(188)) - Starting JVM pause monitor
2021-07-17 01:44:29,752 [Listener at 127.0.0.1/42341] INFO  ozone.HddsDatanodeService (HddsDatanodeService.java:start(234)) - HddsDatanodeService host:fv-az52-843.jaak54zke33upnjmlridiqi2vb.bx.internal.cloudapp.net ip:10.1.0.46
2021-07-17 01:44:29,753 [Datanode State Machine Task Thread - 0] INFO  datanode.InitDatanodeState (InitDatanodeState.java:persistContainerDatanodeDetails(145)) - DatanodeDetails is persisted to /home/runner/work/ozone/ozone/mnt/ozone/hadoop-ozone/integration-test/target/test-dir/MiniOzoneClusterImpl-ab53e13c-b7a0-452c-aef0-b95992dbe1a2/datanode-2/meta/datanode.id
2021-07-17 01:44:29,764 [Listener at 127.0.0.1/42341] INFO  upgrade.AbstractLayoutVersionManager (AbstractLayoutVersionManager.java:init(70)) - Initializing Layout version manager with metadata layout = SCM_HA (version = 2), software layout = SCM_HA (version = 2)
2021-07-17 01:44:29,796 [Listener at 127.0.0.1/42341] INFO  reflections.Reflections (Reflections.java:scan(232)) - Reflections took 31 ms to scan 7 urls, producing 119 keys and 271 values 
2021-07-17 01:44:29,798 [Listener at 127.0.0.1/42341] INFO  volume.HddsVolume (HddsVolume.java:<init>(120)) - Creating HddsVolume: /home/runner/work/ozone/ozone/mnt/ozone/hadoop-ozone/integration-test/target/test-dir/MiniOzoneClusterImpl-ab53e13c-b7a0-452c-aef0-b95992dbe1a2/datanode-3/data-0/containers/hdds of storage type : DISK capacity : 9223372036854775807
2021-07-17 01:44:29,799 [Listener at 127.0.0.1/42341] INFO  volume.MutableVolumeSet (MutableVolumeSet.java:initializeVolumeSet(181)) - Added Volume : /home/runner/work/ozone/ozone/mnt/ozone/hadoop-ozone/integration-test/target/test-dir/MiniOzoneClusterImpl-ab53e13c-b7a0-452c-aef0-b95992dbe1a2/datanode-3/data-0/containers/hdds to VolumeSet
2021-07-17 01:44:29,799 [Listener at 127.0.0.1/42341] INFO  volume.ThrottledAsyncChecker (ThrottledAsyncChecker.java:schedule(141)) - Scheduling a check for /home/runner/work/ozone/ozone/mnt/ozone/hadoop-ozone/integration-test/target/test-dir/MiniOzoneClusterImpl-ab53e13c-b7a0-452c-aef0-b95992dbe1a2/datanode-3/data-0/containers/hdds
2021-07-17 01:44:29,800 [Listener at 127.0.0.1/42341] INFO  volume.StorageVolumeChecker (StorageVolumeChecker.java:checkAllVolumes(203)) - Scheduled health check for volume /home/runner/work/ozone/ozone/mnt/ozone/hadoop-ozone/integration-test/target/test-dir/MiniOzoneClusterImpl-ab53e13c-b7a0-452c-aef0-b95992dbe1a2/datanode-3/data-0/containers/hdds
2021-07-17 01:44:29,812 [Listener at 127.0.0.1/42341] INFO  volume.MutableVolumeSet (MutableVolumeSet.java:initializeVolumeSet(181)) - Added Volume : /home/runner/work/ozone/ozone/mnt/ozone/hadoop-ozone/integration-test/target/test-dir/MiniOzoneClusterImpl-ab53e13c-b7a0-452c-aef0-b95992dbe1a2/datanode-3/data/ratis to VolumeSet
2021-07-17 01:44:29,812 [Listener at 127.0.0.1/42341] INFO  volume.ThrottledAsyncChecker (ThrottledAsyncChecker.java:schedule(141)) - Scheduling a check for /home/runner/work/ozone/ozone/mnt/ozone/hadoop-ozone/integration-test/target/test-dir/MiniOzoneClusterImpl-ab53e13c-b7a0-452c-aef0-b95992dbe1a2/datanode-3/data/ratis
2021-07-17 01:44:29,812 [Listener at 127.0.0.1/42341] INFO  volume.StorageVolumeChecker (StorageVolumeChecker.java:checkAllVolumes(203)) - Scheduled health check for volume /home/runner/work/ozone/ozone/mnt/ozone/hadoop-ozone/integration-test/target/test-dir/MiniOzoneClusterImpl-ab53e13c-b7a0-452c-aef0-b95992dbe1a2/datanode-3/data/ratis
2021-07-17 01:44:29,824 [Listener at 127.0.0.1/42341] INFO  ozoneimpl.ContainerReader (ContainerReader.java:<init>(98)) - Running in upgrade mode:true
2021-07-17 01:44:29,824 [Thread-1250] INFO  ozoneimpl.ContainerReader (ContainerReader.java:readVolume(142)) - Start to verify containers on volume /home/runner/work/ozone/ozone/mnt/ozone/hadoop-ozone/integration-test/target/test-dir/MiniOzoneClusterImpl-ab53e13c-b7a0-452c-aef0-b95992dbe1a2/datanode-3/data-0/containers/hdds
2021-07-17 01:44:29,825 [Thread-1250] INFO  ozoneimpl.ContainerReader (ContainerReader.java:readVolume(174)) - Finish verifying containers on volume /home/runner/work/ozone/ozone/mnt/ozone/hadoop-ozone/integration-test/target/test-dir/MiniOzoneClusterImpl-ab53e13c-b7a0-452c-aef0-b95992dbe1a2/datanode-3/data-0/containers/hdds
2021-07-17 01:44:29,825 [Listener at 127.0.0.1/42341] INFO  ozoneimpl.OzoneContainer (OzoneContainer.java:buildContainerSet(237)) - Build ContainerSet costs 0s
2021-07-17 01:44:29,826 [Listener at 127.0.0.1/42341] INFO  server.RaftServer (ConfUtils.java:logGet(44)) - raft.rpc.type = GRPC (default)
2021-07-17 01:44:29,826 [Listener at 127.0.0.1/42341] INFO  grpc.GrpcFactory (GrpcFactory.java:checkPooledByteBufAllocatorUseCacheForAllThreads(48)) - PERFORMANCE WARNING: useCacheForAllThreads is true that may cause Netty to create a lot garbage objects and, as a result, trigger GC.
	It is recommended to disable useCacheForAllThreads by setting -Dorg.apache.ratis.thirdparty.io.netty.allocator.useCacheForAllThreads=false in command line.
2021-07-17 01:44:29,827 [Listener at 127.0.0.1/42341] INFO  grpc.GrpcConfigKeys (ConfUtils.java:logGet(44)) - raft.grpc.admin.port = 0 (custom)
2021-07-17 01:44:29,827 [Listener at 127.0.0.1/42341] INFO  grpc.GrpcConfigKeys (ConfUtils.java:logGet(44)) - raft.grpc.client.port = 0 (custom)
2021-07-17 01:44:29,827 [Listener at 127.0.0.1/42341] INFO  grpc.GrpcConfigKeys (ConfUtils.java:logGet(44)) - raft.grpc.server.port = 0 (default)
2021-07-17 01:44:29,827 [Listener at 127.0.0.1/42341] INFO  server.GrpcService (ConfUtils.java:logGet(44)) - raft.grpc.message.size.max = 32MB (=33554432) (custom)
2021-07-17 01:44:29,827 [Listener at 127.0.0.1/42341] INFO  server.RaftServerConfigKeys (ConfUtils.java:logGet(44)) - raft.server.log.appender.buffer.byte-limit = 33554432 (custom)
2021-07-17 01:44:29,827 [Listener at 127.0.0.1/42341] INFO  server.GrpcService (ConfUtils.java:logGet(44)) - raft.grpc.flow.control.window = 5MB (=5242880) (custom)
2021-07-17 01:44:29,827 [Listener at 127.0.0.1/42341] INFO  server.RaftServerConfigKeys (ConfUtils.java:logGet(44)) - raft.server.rpc.request.timeout = 3000ms (default)
2021-07-17 01:44:29,828 [Listener at 127.0.0.1/42341] INFO  impl.DataStreamServerImpl (ConfUtils.java:logGet(44)) - raft.datastream.type = DISABLED (default)
2021-07-17 01:44:29,828 [Listener at 127.0.0.1/42341] INFO  server.RaftServerConfigKeys (ConfUtils.java:logGet(44)) - raft.server.rpc.slowness.timeout = 300000ms (custom)
2021-07-17 01:44:29,828 [Listener at 127.0.0.1/42341] INFO  server.RaftServerConfigKeys (ConfUtils.java:logGet(44)) - raft.server.leaderelection.leader.step-down.wait-time = 10s (default)
2021-07-17 01:44:29,829 [Listener at 127.0.0.1/42341] INFO  server.RaftServerConfigKeys (ConfUtils.java:logGet(44)) - raft.server.storage.dir = [/home/runner/work/ozone/ozone/mnt/ozone/hadoop-ozone/integration-test/target/test-dir/MiniOzoneClusterImpl-ab53e13c-b7a0-452c-aef0-b95992dbe1a2/datanode-3/data/ratis] (custom)
2021-07-17 01:44:29,831 [Listener at 127.0.0.1/42341] INFO  http.BaseHttpServer (BaseHttpServer.java:newHttpServer2BuilderForOzone(209)) - Starting Web-server for hddsDatanode at: http://0.0.0.0:0
2021-07-17 01:44:29,831 [Listener at 127.0.0.1/42341] INFO  http.BaseHttpServer (BaseHttpServer.java:<init>(107)) - Hadoop Security Enabled: false Ozone Security Enabled: false Ozone HTTP Security Enabled: false 
2021-07-17 01:44:29,832 [Listener at 127.0.0.1/42341] INFO  server.AuthenticationFilter (AuthenticationFilter.java:constructSecretProvider(240)) - Unable to initialize FileSignerSecretProvider, falling back to use random secrets.
2021-07-17 01:44:29,835 [Listener at 127.0.0.1/42341] WARN  http.HttpRequestLog (HttpRequestLog.java:getRequestLog(103)) - Jetty request log can only be enabled using Log4j
2021-07-17 01:44:29,835 [Listener at 127.0.0.1/42341] INFO  http.HttpServer2 (HttpServer2.java:addGlobalFilter(1020)) - Added global filter 'safety' (class=org.apache.hadoop.hdds.server.http.HttpServer2$QuotingInputFilter)
2021-07-17 01:44:29,836 [Listener at 127.0.0.1/42341] INFO  http.HttpServer2 (HttpServer2.java:addFilter(996)) - Added filter static_user_filter (class=org.apache.hadoop.http.lib.StaticUserWebFilter$StaticUserFilter) to context hddsDatanode
2021-07-17 01:44:29,836 [Listener at 127.0.0.1/42341] INFO  http.HttpServer2 (HttpServer2.java:addFilter(1004)) - Added filter static_user_filter (class=org.apache.hadoop.http.lib.StaticUserWebFilter$StaticUserFilter) to context logs
2021-07-17 01:44:29,836 [Listener at 127.0.0.1/42341] INFO  http.HttpServer2 (HttpServer2.java:addFilter(1004)) - Added filter static_user_filter (class=org.apache.hadoop.http.lib.StaticUserWebFilter$StaticUserFilter) to context static
2021-07-17 01:44:29,836 [Listener at 127.0.0.1/42341] INFO  http.HttpServer2 (HttpServer2.java:bindListener(1238)) - Jetty bound to port 37081
2021-07-17 01:44:29,837 [Listener at 127.0.0.1/42341] INFO  server.Server (Server.java:doStart(375)) - jetty-9.4.35.v20201120; built: 2020-11-20T21:17:03.964Z; git: bdc54f03a5e0a7e280fab27f55c3c75ee8da89fb; jvm 1.8.0_292-b10
2021-07-17 01:44:29,838 [Listener at 127.0.0.1/42341] INFO  server.session (DefaultSessionIdManager.java:doStart(334)) - DefaultSessionIdManager workerName=node0
2021-07-17 01:44:29,838 [Listener at 127.0.0.1/42341] INFO  server.session (DefaultSessionIdManager.java:doStart(339)) - No SessionScavenger set, using defaults
2021-07-17 01:44:29,838 [Listener at 127.0.0.1/42341] INFO  server.session (HouseKeeper.java:startScavenging(132)) - node0 Scavenging every 660000ms
2021-07-17 01:44:29,839 [Listener at 127.0.0.1/42341] INFO  handler.ContextHandler (ContextHandler.java:doStart(916)) - Started o.e.j.s.ServletContextHandler@2240db82{logs,/logs,file:///home/runner/work/ozone/ozone/mnt/ozone/hadoop-ozone/integration-test/target/log,AVAILABLE}
2021-07-17 01:44:29,839 [Listener at 127.0.0.1/42341] INFO  handler.ContextHandler (ContextHandler.java:doStart(916)) - Started o.e.j.s.ServletContextHandler@7ac2db4c{static,/static,jar:file:/home/runner/.m2/repository/org/apache/ozone/hdds-container-service/1.2.0-SNAPSHOT/hdds-container-service-1.2.0-SNAPSHOT.jar!/webapps/static,AVAILABLE}
2021-07-17 01:44:29,877 [Listener at 127.0.0.1/42341] INFO  handler.ContextHandler (ContextHandler.java:doStart(916)) - Started o.e.j.w.WebAppContext@65258683{hddsDatanode,/,file:///tmp/jetty-0_0_0_0-37081-hdds-container-service-1_2_0-SNAPSHOT_jar-_-any-291066453744546586/webapp/,AVAILABLE}{jar:file:/home/runner/.m2/repository/org/apache/ozone/hdds-container-service/1.2.0-SNAPSHOT/hdds-container-service-1.2.0-SNAPSHOT.jar!/webapps/hddsDatanode}
2021-07-17 01:44:29,879 [Listener at 127.0.0.1/42341] INFO  server.AbstractConnector (AbstractConnector.java:doStart(331)) - Started ServerConnector@259615df{HTTP/1.1, (http/1.1)}{0.0.0.0:37081}
2021-07-17 01:44:29,879 [Listener at 127.0.0.1/42341] INFO  server.Server (Server.java:doStart(415)) - Started @143982ms
2021-07-17 01:44:29,879 [Listener at 127.0.0.1/42341] WARN  impl.MetricsSystemImpl (MetricsSystemImpl.java:register(279)) - Sink prometheus already exists!
2021-07-17 01:44:29,880 [Listener at 127.0.0.1/42341] INFO  http.BaseHttpServer (BaseHttpServer.java:updateConnectorAddress(329)) - HTTP server of hddsDatanode listening at http://0.0.0.0:37081
2021-07-17 01:44:29,883 [Listener at 127.0.0.1/42341] INFO  impl.MetricsSystemImpl (MetricsSystemImpl.java:init(158)) - HddsDatanode metrics system started (again)
2021-07-17 01:44:29,895 [Listener at 127.0.0.1/42341] INFO  ozone.HddsDatanodeService (HddsDatanodeService.java:start(234)) - HddsDatanodeService host:fv-az52-843.jaak54zke33upnjmlridiqi2vb.bx.internal.cloudapp.net ip:10.1.0.46
2021-07-17 01:44:29,896 [org.apache.hadoop.util.JvmPauseMonitor$Monitor@3b87ba01] INFO  util.JvmPauseMonitor (JvmPauseMonitor.java:run(188)) - Starting JVM pause monitor
2021-07-17 01:44:29,897 [Datanode State Machine Task Thread - 0] INFO  datanode.InitDatanodeState (InitDatanodeState.java:persistContainerDatanodeDetails(145)) - DatanodeDetails is persisted to /home/runner/work/ozone/ozone/mnt/ozone/hadoop-ozone/integration-test/target/test-dir/MiniOzoneClusterImpl-ab53e13c-b7a0-452c-aef0-b95992dbe1a2/datanode-3/meta/datanode.id
2021-07-17 01:44:29,913 [Listener at 127.0.0.1/42341] INFO  upgrade.AbstractLayoutVersionManager (AbstractLayoutVersionManager.java:init(70)) - Initializing Layout version manager with metadata layout = SCM_HA (version = 2), software layout = SCM_HA (version = 2)
2021-07-17 01:44:29,946 [Listener at 127.0.0.1/42341] INFO  reflections.Reflections (Reflections.java:scan(232)) - Reflections took 32 ms to scan 7 urls, producing 119 keys and 271 values 
2021-07-17 01:44:29,948 [Listener at 127.0.0.1/42341] INFO  volume.HddsVolume (HddsVolume.java:<init>(120)) - Creating HddsVolume: /home/runner/work/ozone/ozone/mnt/ozone/hadoop-ozone/integration-test/target/test-dir/MiniOzoneClusterImpl-ab53e13c-b7a0-452c-aef0-b95992dbe1a2/datanode-4/data-0/containers/hdds of storage type : DISK capacity : 9223372036854775807
2021-07-17 01:44:29,948 [Listener at 127.0.0.1/42341] INFO  volume.MutableVolumeSet (MutableVolumeSet.java:initializeVolumeSet(181)) - Added Volume : /home/runner/work/ozone/ozone/mnt/ozone/hadoop-ozone/integration-test/target/test-dir/MiniOzoneClusterImpl-ab53e13c-b7a0-452c-aef0-b95992dbe1a2/datanode-4/data-0/containers/hdds to VolumeSet
2021-07-17 01:44:29,948 [Listener at 127.0.0.1/42341] INFO  volume.ThrottledAsyncChecker (ThrottledAsyncChecker.java:schedule(141)) - Scheduling a check for /home/runner/work/ozone/ozone/mnt/ozone/hadoop-ozone/integration-test/target/test-dir/MiniOzoneClusterImpl-ab53e13c-b7a0-452c-aef0-b95992dbe1a2/datanode-4/data-0/containers/hdds
2021-07-17 01:44:29,949 [Listener at 127.0.0.1/42341] INFO  volume.StorageVolumeChecker (StorageVolumeChecker.java:checkAllVolumes(203)) - Scheduled health check for volume /home/runner/work/ozone/ozone/mnt/ozone/hadoop-ozone/integration-test/target/test-dir/MiniOzoneClusterImpl-ab53e13c-b7a0-452c-aef0-b95992dbe1a2/datanode-4/data-0/containers/hdds
2021-07-17 01:44:29,961 [Listener at 127.0.0.1/42341] INFO  volume.MutableVolumeSet (MutableVolumeSet.java:initializeVolumeSet(181)) - Added Volume : /home/runner/work/ozone/ozone/mnt/ozone/hadoop-ozone/integration-test/target/test-dir/MiniOzoneClusterImpl-ab53e13c-b7a0-452c-aef0-b95992dbe1a2/datanode-4/data/ratis to VolumeSet
2021-07-17 01:44:29,961 [Listener at 127.0.0.1/42341] INFO  volume.ThrottledAsyncChecker (ThrottledAsyncChecker.java:schedule(141)) - Scheduling a check for /home/runner/work/ozone/ozone/mnt/ozone/hadoop-ozone/integration-test/target/test-dir/MiniOzoneClusterImpl-ab53e13c-b7a0-452c-aef0-b95992dbe1a2/datanode-4/data/ratis
2021-07-17 01:44:29,961 [Listener at 127.0.0.1/42341] INFO  volume.StorageVolumeChecker (StorageVolumeChecker.java:checkAllVolumes(203)) - Scheduled health check for volume /home/runner/work/ozone/ozone/mnt/ozone/hadoop-ozone/integration-test/target/test-dir/MiniOzoneClusterImpl-ab53e13c-b7a0-452c-aef0-b95992dbe1a2/datanode-4/data/ratis
2021-07-17 01:44:29,972 [Listener at 127.0.0.1/42341] INFO  ozoneimpl.ContainerReader (ContainerReader.java:<init>(98)) - Running in upgrade mode:true
2021-07-17 01:44:29,973 [Thread-1261] INFO  ozoneimpl.ContainerReader (ContainerReader.java:readVolume(142)) - Start to verify containers on volume /home/runner/work/ozone/ozone/mnt/ozone/hadoop-ozone/integration-test/target/test-dir/MiniOzoneClusterImpl-ab53e13c-b7a0-452c-aef0-b95992dbe1a2/datanode-4/data-0/containers/hdds
2021-07-17 01:44:29,973 [Thread-1261] INFO  ozoneimpl.ContainerReader (ContainerReader.java:readVolume(174)) - Finish verifying containers on volume /home/runner/work/ozone/ozone/mnt/ozone/hadoop-ozone/integration-test/target/test-dir/MiniOzoneClusterImpl-ab53e13c-b7a0-452c-aef0-b95992dbe1a2/datanode-4/data-0/containers/hdds
2021-07-17 01:44:29,973 [Listener at 127.0.0.1/42341] INFO  ozoneimpl.OzoneContainer (OzoneContainer.java:buildContainerSet(237)) - Build ContainerSet costs 0s
2021-07-17 01:44:29,974 [Listener at 127.0.0.1/42341] INFO  server.RaftServer (ConfUtils.java:logGet(44)) - raft.rpc.type = GRPC (default)
2021-07-17 01:44:29,975 [Listener at 127.0.0.1/42341] INFO  grpc.GrpcFactory (GrpcFactory.java:checkPooledByteBufAllocatorUseCacheForAllThreads(48)) - PERFORMANCE WARNING: useCacheForAllThreads is true that may cause Netty to create a lot garbage objects and, as a result, trigger GC.
	It is recommended to disable useCacheForAllThreads by setting -Dorg.apache.ratis.thirdparty.io.netty.allocator.useCacheForAllThreads=false in command line.
2021-07-17 01:44:29,975 [Listener at 127.0.0.1/42341] INFO  grpc.GrpcConfigKeys (ConfUtils.java:logGet(44)) - raft.grpc.admin.port = 0 (custom)
2021-07-17 01:44:29,975 [Listener at 127.0.0.1/42341] INFO  grpc.GrpcConfigKeys (ConfUtils.java:logGet(44)) - raft.grpc.client.port = 0 (custom)
2021-07-17 01:44:29,975 [Listener at 127.0.0.1/42341] INFO  grpc.GrpcConfigKeys (ConfUtils.java:logGet(44)) - raft.grpc.server.port = 0 (default)
2021-07-17 01:44:29,975 [Listener at 127.0.0.1/42341] INFO  server.GrpcService (ConfUtils.java:logGet(44)) - raft.grpc.message.size.max = 32MB (=33554432) (custom)
2021-07-17 01:44:29,975 [Listener at 127.0.0.1/42341] INFO  server.RaftServerConfigKeys (ConfUtils.java:logGet(44)) - raft.server.log.appender.buffer.byte-limit = 33554432 (custom)
2021-07-17 01:44:29,975 [Listener at 127.0.0.1/42341] INFO  server.GrpcService (ConfUtils.java:logGet(44)) - raft.grpc.flow.control.window = 5MB (=5242880) (custom)
2021-07-17 01:44:29,975 [Listener at 127.0.0.1/42341] INFO  server.RaftServerConfigKeys (ConfUtils.java:logGet(44)) - raft.server.rpc.request.timeout = 3000ms (default)
2021-07-17 01:44:29,976 [Listener at 127.0.0.1/42341] INFO  impl.DataStreamServerImpl (ConfUtils.java:logGet(44)) - raft.datastream.type = DISABLED (default)
2021-07-17 01:44:29,977 [Listener at 127.0.0.1/42341] INFO  server.RaftServerConfigKeys (ConfUtils.java:logGet(44)) - raft.server.rpc.slowness.timeout = 300000ms (custom)
2021-07-17 01:44:29,977 [Listener at 127.0.0.1/42341] INFO  server.RaftServerConfigKeys (ConfUtils.java:logGet(44)) - raft.server.leaderelection.leader.step-down.wait-time = 10s (default)
2021-07-17 01:44:29,977 [Listener at 127.0.0.1/42341] INFO  server.RaftServerConfigKeys (ConfUtils.java:logGet(44)) - raft.server.storage.dir = [/home/runner/work/ozone/ozone/mnt/ozone/hadoop-ozone/integration-test/target/test-dir/MiniOzoneClusterImpl-ab53e13c-b7a0-452c-aef0-b95992dbe1a2/datanode-4/data/ratis] (custom)
2021-07-17 01:44:29,979 [Listener at 127.0.0.1/42341] INFO  http.BaseHttpServer (BaseHttpServer.java:newHttpServer2BuilderForOzone(209)) - Starting Web-server for hddsDatanode at: http://0.0.0.0:0
2021-07-17 01:44:29,979 [Listener at 127.0.0.1/42341] INFO  http.BaseHttpServer (BaseHttpServer.java:<init>(107)) - Hadoop Security Enabled: false Ozone Security Enabled: false Ozone HTTP Security Enabled: false 
2021-07-17 01:44:29,980 [Listener at 127.0.0.1/42341] INFO  server.AuthenticationFilter (AuthenticationFilter.java:constructSecretProvider(240)) - Unable to initialize FileSignerSecretProvider, falling back to use random secrets.
2021-07-17 01:44:29,980 [Listener at 127.0.0.1/42341] WARN  http.HttpRequestLog (HttpRequestLog.java:getRequestLog(103)) - Jetty request log can only be enabled using Log4j
2021-07-17 01:44:29,981 [Listener at 127.0.0.1/42341] INFO  http.HttpServer2 (HttpServer2.java:addGlobalFilter(1020)) - Added global filter 'safety' (class=org.apache.hadoop.hdds.server.http.HttpServer2$QuotingInputFilter)
2021-07-17 01:44:29,981 [Listener at 127.0.0.1/42341] INFO  http.HttpServer2 (HttpServer2.java:addFilter(996)) - Added filter static_user_filter (class=org.apache.hadoop.http.lib.StaticUserWebFilter$StaticUserFilter) to context hddsDatanode
2021-07-17 01:44:29,982 [Listener at 127.0.0.1/42341] INFO  http.HttpServer2 (HttpServer2.java:addFilter(1004)) - Added filter static_user_filter (class=org.apache.hadoop.http.lib.StaticUserWebFilter$StaticUserFilter) to context logs
2021-07-17 01:44:29,982 [Listener at 127.0.0.1/42341] INFO  http.HttpServer2 (HttpServer2.java:addFilter(1004)) - Added filter static_user_filter (class=org.apache.hadoop.http.lib.StaticUserWebFilter$StaticUserFilter) to context static
2021-07-17 01:44:29,982 [Listener at 127.0.0.1/42341] INFO  http.HttpServer2 (HttpServer2.java:bindListener(1238)) - Jetty bound to port 35341
2021-07-17 01:44:29,982 [Listener at 127.0.0.1/42341] INFO  server.Server (Server.java:doStart(375)) - jetty-9.4.35.v20201120; built: 2020-11-20T21:17:03.964Z; git: bdc54f03a5e0a7e280fab27f55c3c75ee8da89fb; jvm 1.8.0_292-b10
2021-07-17 01:44:29,983 [Listener at 127.0.0.1/42341] INFO  server.session (DefaultSessionIdManager.java:doStart(334)) - DefaultSessionIdManager workerName=node0
2021-07-17 01:44:29,983 [Listener at 127.0.0.1/42341] INFO  server.session (DefaultSessionIdManager.java:doStart(339)) - No SessionScavenger set, using defaults
2021-07-17 01:44:29,984 [Listener at 127.0.0.1/42341] INFO  server.session (HouseKeeper.java:startScavenging(132)) - node0 Scavenging every 660000ms
2021-07-17 01:44:29,984 [Listener at 127.0.0.1/42341] INFO  handler.ContextHandler (ContextHandler.java:doStart(916)) - Started o.e.j.s.ServletContextHandler@7f415ae0{logs,/logs,file:///home/runner/work/ozone/ozone/mnt/ozone/hadoop-ozone/integration-test/target/log,AVAILABLE}
2021-07-17 01:44:29,984 [Listener at 127.0.0.1/42341] INFO  handler.ContextHandler (ContextHandler.java:doStart(916)) - Started o.e.j.s.ServletContextHandler@413eb0a6{static,/static,jar:file:/home/runner/.m2/repository/org/apache/ozone/hdds-container-service/1.2.0-SNAPSHOT/hdds-container-service-1.2.0-SNAPSHOT.jar!/webapps/static,AVAILABLE}
2021-07-17 01:44:30,022 [Listener at 127.0.0.1/42341] INFO  handler.ContextHandler (ContextHandler.java:doStart(916)) - Started o.e.j.w.WebAppContext@42553ed4{hddsDatanode,/,file:///tmp/jetty-0_0_0_0-35341-hdds-container-service-1_2_0-SNAPSHOT_jar-_-any-8906651884558772953/webapp/,AVAILABLE}{jar:file:/home/runner/.m2/repository/org/apache/ozone/hdds-container-service/1.2.0-SNAPSHOT/hdds-container-service-1.2.0-SNAPSHOT.jar!/webapps/hddsDatanode}
2021-07-17 01:44:30,024 [Listener at 127.0.0.1/42341] INFO  server.AbstractConnector (AbstractConnector.java:doStart(331)) - Started ServerConnector@5c8b824c{HTTP/1.1, (http/1.1)}{0.0.0.0:35341}
2021-07-17 01:44:30,024 [Listener at 127.0.0.1/42341] INFO  server.Server (Server.java:doStart(415)) - Started @144127ms
2021-07-17 01:44:30,024 [Listener at 127.0.0.1/42341] WARN  impl.MetricsSystemImpl (MetricsSystemImpl.java:register(279)) - Sink prometheus already exists!
2021-07-17 01:44:30,025 [Listener at 127.0.0.1/42341] INFO  http.BaseHttpServer (BaseHttpServer.java:updateConnectorAddress(329)) - HTTP server of hddsDatanode listening at http://0.0.0.0:35341
2021-07-17 01:44:30,027 [Listener at 127.0.0.1/42341] INFO  impl.MetricsSystemImpl (MetricsSystemImpl.java:init(158)) - HddsDatanode metrics system started (again)
2021-07-17 01:44:30,031 [org.apache.hadoop.util.JvmPauseMonitor$Monitor@5845fed7] INFO  util.JvmPauseMonitor (JvmPauseMonitor.java:run(188)) - Starting JVM pause monitor
2021-07-17 01:44:30,034 [Datanode State Machine Task Thread - 0] INFO  datanode.InitDatanodeState (InitDatanodeState.java:persistContainerDatanodeDetails(145)) - DatanodeDetails is persisted to /home/runner/work/ozone/ozone/mnt/ozone/hadoop-ozone/integration-test/target/test-dir/MiniOzoneClusterImpl-ab53e13c-b7a0-452c-aef0-b95992dbe1a2/datanode-4/meta/datanode.id
2021-07-17 01:44:30,039 [Listener at 127.0.0.1/42341] INFO  ozone.HddsDatanodeService (HddsDatanodeService.java:start(234)) - HddsDatanodeService host:fv-az52-843.jaak54zke33upnjmlridiqi2vb.bx.internal.cloudapp.net ip:10.1.0.46
2021-07-17 01:44:30,052 [Listener at 127.0.0.1/42341] INFO  upgrade.AbstractLayoutVersionManager (AbstractLayoutVersionManager.java:init(70)) - Initializing Layout version manager with metadata layout = SCM_HA (version = 2), software layout = SCM_HA (version = 2)
2021-07-17 01:44:30,083 [Listener at 127.0.0.1/42341] INFO  reflections.Reflections (Reflections.java:scan(232)) - Reflections took 30 ms to scan 7 urls, producing 119 keys and 271 values 
2021-07-17 01:44:30,086 [Listener at 127.0.0.1/42341] INFO  volume.HddsVolume (HddsVolume.java:<init>(120)) - Creating HddsVolume: /home/runner/work/ozone/ozone/mnt/ozone/hadoop-ozone/integration-test/target/test-dir/MiniOzoneClusterImpl-ab53e13c-b7a0-452c-aef0-b95992dbe1a2/datanode-5/data-0/containers/hdds of storage type : DISK capacity : 9223372036854775807
2021-07-17 01:44:30,087 [Listener at 127.0.0.1/42341] INFO  volume.MutableVolumeSet (MutableVolumeSet.java:initializeVolumeSet(181)) - Added Volume : /home/runner/work/ozone/ozone/mnt/ozone/hadoop-ozone/integration-test/target/test-dir/MiniOzoneClusterImpl-ab53e13c-b7a0-452c-aef0-b95992dbe1a2/datanode-5/data-0/containers/hdds to VolumeSet
2021-07-17 01:44:30,087 [Listener at 127.0.0.1/42341] INFO  volume.ThrottledAsyncChecker (ThrottledAsyncChecker.java:schedule(141)) - Scheduling a check for /home/runner/work/ozone/ozone/mnt/ozone/hadoop-ozone/integration-test/target/test-dir/MiniOzoneClusterImpl-ab53e13c-b7a0-452c-aef0-b95992dbe1a2/datanode-5/data-0/containers/hdds
2021-07-17 01:44:30,087 [Listener at 127.0.0.1/42341] INFO  volume.StorageVolumeChecker (StorageVolumeChecker.java:checkAllVolumes(203)) - Scheduled health check for volume /home/runner/work/ozone/ozone/mnt/ozone/hadoop-ozone/integration-test/target/test-dir/MiniOzoneClusterImpl-ab53e13c-b7a0-452c-aef0-b95992dbe1a2/datanode-5/data-0/containers/hdds
2021-07-17 01:44:30,099 [Listener at 127.0.0.1/42341] INFO  volume.MutableVolumeSet (MutableVolumeSet.java:initializeVolumeSet(181)) - Added Volume : /home/runner/work/ozone/ozone/mnt/ozone/hadoop-ozone/integration-test/target/test-dir/MiniOzoneClusterImpl-ab53e13c-b7a0-452c-aef0-b95992dbe1a2/datanode-5/data/ratis to VolumeSet
2021-07-17 01:44:30,099 [Listener at 127.0.0.1/42341] INFO  volume.ThrottledAsyncChecker (ThrottledAsyncChecker.java:schedule(141)) - Scheduling a check for /home/runner/work/ozone/ozone/mnt/ozone/hadoop-ozone/integration-test/target/test-dir/MiniOzoneClusterImpl-ab53e13c-b7a0-452c-aef0-b95992dbe1a2/datanode-5/data/ratis
2021-07-17 01:44:30,100 [Listener at 127.0.0.1/42341] INFO  volume.StorageVolumeChecker (StorageVolumeChecker.java:checkAllVolumes(203)) - Scheduled health check for volume /home/runner/work/ozone/ozone/mnt/ozone/hadoop-ozone/integration-test/target/test-dir/MiniOzoneClusterImpl-ab53e13c-b7a0-452c-aef0-b95992dbe1a2/datanode-5/data/ratis
2021-07-17 01:44:30,111 [Listener at 127.0.0.1/42341] INFO  ozoneimpl.ContainerReader (ContainerReader.java:<init>(98)) - Running in upgrade mode:true
2021-07-17 01:44:30,112 [Thread-1272] INFO  ozoneimpl.ContainerReader (ContainerReader.java:readVolume(142)) - Start to verify containers on volume /home/runner/work/ozone/ozone/mnt/ozone/hadoop-ozone/integration-test/target/test-dir/MiniOzoneClusterImpl-ab53e13c-b7a0-452c-aef0-b95992dbe1a2/datanode-5/data-0/containers/hdds
2021-07-17 01:44:30,112 [Thread-1272] INFO  ozoneimpl.ContainerReader (ContainerReader.java:readVolume(174)) - Finish verifying containers on volume /home/runner/work/ozone/ozone/mnt/ozone/hadoop-ozone/integration-test/target/test-dir/MiniOzoneClusterImpl-ab53e13c-b7a0-452c-aef0-b95992dbe1a2/datanode-5/data-0/containers/hdds
2021-07-17 01:44:30,112 [Listener at 127.0.0.1/42341] INFO  ozoneimpl.OzoneContainer (OzoneContainer.java:buildContainerSet(237)) - Build ContainerSet costs 0s
2021-07-17 01:44:30,114 [Listener at 127.0.0.1/42341] INFO  server.RaftServer (ConfUtils.java:logGet(44)) - raft.rpc.type = GRPC (default)
2021-07-17 01:44:30,114 [Listener at 127.0.0.1/42341] INFO  grpc.GrpcFactory (GrpcFactory.java:checkPooledByteBufAllocatorUseCacheForAllThreads(48)) - PERFORMANCE WARNING: useCacheForAllThreads is true that may cause Netty to create a lot garbage objects and, as a result, trigger GC.
	It is recommended to disable useCacheForAllThreads by setting -Dorg.apache.ratis.thirdparty.io.netty.allocator.useCacheForAllThreads=false in command line.
2021-07-17 01:44:30,114 [Listener at 127.0.0.1/42341] INFO  grpc.GrpcConfigKeys (ConfUtils.java:logGet(44)) - raft.grpc.admin.port = 0 (custom)
2021-07-17 01:44:30,114 [Listener at 127.0.0.1/42341] INFO  grpc.GrpcConfigKeys (ConfUtils.java:logGet(44)) - raft.grpc.client.port = 0 (custom)
2021-07-17 01:44:30,115 [Listener at 127.0.0.1/42341] INFO  grpc.GrpcConfigKeys (ConfUtils.java:logGet(44)) - raft.grpc.server.port = 0 (default)
2021-07-17 01:44:30,115 [Listener at 127.0.0.1/42341] INFO  server.GrpcService (ConfUtils.java:logGet(44)) - raft.grpc.message.size.max = 32MB (=33554432) (custom)
2021-07-17 01:44:30,115 [Listener at 127.0.0.1/42341] INFO  server.RaftServerConfigKeys (ConfUtils.java:logGet(44)) - raft.server.log.appender.buffer.byte-limit = 33554432 (custom)
2021-07-17 01:44:30,115 [Listener at 127.0.0.1/42341] INFO  server.GrpcService (ConfUtils.java:logGet(44)) - raft.grpc.flow.control.window = 5MB (=5242880) (custom)
2021-07-17 01:44:30,115 [Listener at 127.0.0.1/42341] INFO  server.RaftServerConfigKeys (ConfUtils.java:logGet(44)) - raft.server.rpc.request.timeout = 3000ms (default)
2021-07-17 01:44:30,116 [Listener at 127.0.0.1/42341] INFO  impl.DataStreamServerImpl (ConfUtils.java:logGet(44)) - raft.datastream.type = DISABLED (default)
2021-07-17 01:44:30,116 [Listener at 127.0.0.1/42341] INFO  server.RaftServerConfigKeys (ConfUtils.java:logGet(44)) - raft.server.rpc.slowness.timeout = 300000ms (custom)
2021-07-17 01:44:30,116 [Listener at 127.0.0.1/42341] INFO  server.RaftServerConfigKeys (ConfUtils.java:logGet(44)) - raft.server.leaderelection.leader.step-down.wait-time = 10s (default)
2021-07-17 01:44:30,116 [Listener at 127.0.0.1/42341] INFO  server.RaftServerConfigKeys (ConfUtils.java:logGet(44)) - raft.server.storage.dir = [/home/runner/work/ozone/ozone/mnt/ozone/hadoop-ozone/integration-test/target/test-dir/MiniOzoneClusterImpl-ab53e13c-b7a0-452c-aef0-b95992dbe1a2/datanode-5/data/ratis] (custom)
2021-07-17 01:44:30,119 [Listener at 127.0.0.1/42341] INFO  http.BaseHttpServer (BaseHttpServer.java:newHttpServer2BuilderForOzone(209)) - Starting Web-server for hddsDatanode at: http://0.0.0.0:0
2021-07-17 01:44:30,119 [Listener at 127.0.0.1/42341] INFO  http.BaseHttpServer (BaseHttpServer.java:<init>(107)) - Hadoop Security Enabled: false Ozone Security Enabled: false Ozone HTTP Security Enabled: false 
2021-07-17 01:44:30,120 [Listener at 127.0.0.1/42341] INFO  server.AuthenticationFilter (AuthenticationFilter.java:constructSecretProvider(240)) - Unable to initialize FileSignerSecretProvider, falling back to use random secrets.
2021-07-17 01:44:30,120 [Listener at 127.0.0.1/42341] WARN  http.HttpRequestLog (HttpRequestLog.java:getRequestLog(103)) - Jetty request log can only be enabled using Log4j
2021-07-17 01:44:30,121 [Listener at 127.0.0.1/42341] INFO  http.HttpServer2 (HttpServer2.java:addGlobalFilter(1020)) - Added global filter 'safety' (class=org.apache.hadoop.hdds.server.http.HttpServer2$QuotingInputFilter)
2021-07-17 01:44:30,121 [Listener at 127.0.0.1/42341] INFO  http.HttpServer2 (HttpServer2.java:addFilter(996)) - Added filter static_user_filter (class=org.apache.hadoop.http.lib.StaticUserWebFilter$StaticUserFilter) to context hddsDatanode
2021-07-17 01:44:30,121 [Listener at 127.0.0.1/42341] INFO  http.HttpServer2 (HttpServer2.java:addFilter(1004)) - Added filter static_user_filter (class=org.apache.hadoop.http.lib.StaticUserWebFilter$StaticUserFilter) to context static
2021-07-17 01:44:30,121 [Listener at 127.0.0.1/42341] INFO  http.HttpServer2 (HttpServer2.java:addFilter(1004)) - Added filter static_user_filter (class=org.apache.hadoop.http.lib.StaticUserWebFilter$StaticUserFilter) to context logs
2021-07-17 01:44:30,122 [Listener at 127.0.0.1/42341] INFO  http.HttpServer2 (HttpServer2.java:bindListener(1238)) - Jetty bound to port 34837
2021-07-17 01:44:30,122 [Listener at 127.0.0.1/42341] INFO  server.Server (Server.java:doStart(375)) - jetty-9.4.35.v20201120; built: 2020-11-20T21:17:03.964Z; git: bdc54f03a5e0a7e280fab27f55c3c75ee8da89fb; jvm 1.8.0_292-b10
2021-07-17 01:44:30,123 [Listener at 127.0.0.1/42341] INFO  server.session (DefaultSessionIdManager.java:doStart(334)) - DefaultSessionIdManager workerName=node0
2021-07-17 01:44:30,123 [Listener at 127.0.0.1/42341] INFO  server.session (DefaultSessionIdManager.java:doStart(339)) - No SessionScavenger set, using defaults
2021-07-17 01:44:30,123 [Listener at 127.0.0.1/42341] INFO  server.session (HouseKeeper.java:startScavenging(132)) - node0 Scavenging every 600000ms
2021-07-17 01:44:30,124 [Listener at 127.0.0.1/42341] INFO  handler.ContextHandler (ContextHandler.java:doStart(916)) - Started o.e.j.s.ServletContextHandler@138d1051{logs,/logs,file:///home/runner/work/ozone/ozone/mnt/ozone/hadoop-ozone/integration-test/target/log,AVAILABLE}
2021-07-17 01:44:30,124 [Listener at 127.0.0.1/42341] INFO  handler.ContextHandler (ContextHandler.java:doStart(916)) - Started o.e.j.s.ServletContextHandler@f409a57{static,/static,jar:file:/home/runner/.m2/repository/org/apache/ozone/hdds-container-service/1.2.0-SNAPSHOT/hdds-container-service-1.2.0-SNAPSHOT.jar!/webapps/static,AVAILABLE}
2021-07-17 01:44:30,162 [Listener at 127.0.0.1/42341] INFO  handler.ContextHandler (ContextHandler.java:doStart(916)) - Started o.e.j.w.WebAppContext@5779503f{hddsDatanode,/,file:///tmp/jetty-0_0_0_0-34837-hdds-container-service-1_2_0-SNAPSHOT_jar-_-any-4814458990008744183/webapp/,AVAILABLE}{jar:file:/home/runner/.m2/repository/org/apache/ozone/hdds-container-service/1.2.0-SNAPSHOT/hdds-container-service-1.2.0-SNAPSHOT.jar!/webapps/hddsDatanode}
2021-07-17 01:44:30,163 [Listener at 127.0.0.1/42341] INFO  server.AbstractConnector (AbstractConnector.java:doStart(331)) - Started ServerConnector@55db7027{HTTP/1.1, (http/1.1)}{0.0.0.0:34837}
2021-07-17 01:44:30,163 [Listener at 127.0.0.1/42341] INFO  server.Server (Server.java:doStart(415)) - Started @144266ms
2021-07-17 01:44:30,164 [Listener at 127.0.0.1/42341] WARN  impl.MetricsSystemImpl (MetricsSystemImpl.java:register(279)) - Sink prometheus already exists!
2021-07-17 01:44:30,164 [Listener at 127.0.0.1/42341] INFO  http.BaseHttpServer (BaseHttpServer.java:updateConnectorAddress(329)) - HTTP server of hddsDatanode listening at http://0.0.0.0:34837
2021-07-17 01:44:30,165 [Listener at 127.0.0.1/42341] INFO  impl.MetricsSystemImpl (MetricsSystemImpl.java:init(158)) - HddsDatanode metrics system started (again)
2021-07-17 01:44:30,179 [Listener at 127.0.0.1/42341] INFO  ozone.HddsDatanodeService (HddsDatanodeService.java:start(234)) - HddsDatanodeService host:fv-az52-843.jaak54zke33upnjmlridiqi2vb.bx.internal.cloudapp.net ip:10.1.0.46
2021-07-17 01:44:30,186 [org.apache.hadoop.util.JvmPauseMonitor$Monitor@f2e141a] INFO  util.JvmPauseMonitor (JvmPauseMonitor.java:run(188)) - Starting JVM pause monitor
2021-07-17 01:44:30,187 [Datanode State Machine Task Thread - 0] INFO  datanode.InitDatanodeState (InitDatanodeState.java:persistContainerDatanodeDetails(145)) - DatanodeDetails is persisted to /home/runner/work/ozone/ozone/mnt/ozone/hadoop-ozone/integration-test/target/test-dir/MiniOzoneClusterImpl-ab53e13c-b7a0-452c-aef0-b95992dbe1a2/datanode-5/meta/datanode.id
2021-07-17 01:44:30,196 [Listener at 127.0.0.1/42341] INFO  upgrade.AbstractLayoutVersionManager (AbstractLayoutVersionManager.java:init(70)) - Initializing Layout version manager with metadata layout = SCM_HA (version = 2), software layout = SCM_HA (version = 2)
2021-07-17 01:44:30,228 [Listener at 127.0.0.1/42341] INFO  reflections.Reflections (Reflections.java:scan(232)) - Reflections took 31 ms to scan 7 urls, producing 119 keys and 271 values 
2021-07-17 01:44:30,234 [Listener at 127.0.0.1/42341] INFO  volume.HddsVolume (HddsVolume.java:<init>(120)) - Creating HddsVolume: /home/runner/work/ozone/ozone/mnt/ozone/hadoop-ozone/integration-test/target/test-dir/MiniOzoneClusterImpl-ab53e13c-b7a0-452c-aef0-b95992dbe1a2/datanode-6/data-0/containers/hdds of storage type : DISK capacity : 9223372036854775807
2021-07-17 01:44:30,234 [Listener at 127.0.0.1/42341] INFO  volume.MutableVolumeSet (MutableVolumeSet.java:initializeVolumeSet(181)) - Added Volume : /home/runner/work/ozone/ozone/mnt/ozone/hadoop-ozone/integration-test/target/test-dir/MiniOzoneClusterImpl-ab53e13c-b7a0-452c-aef0-b95992dbe1a2/datanode-6/data-0/containers/hdds to VolumeSet
2021-07-17 01:44:30,234 [Listener at 127.0.0.1/42341] INFO  volume.ThrottledAsyncChecker (ThrottledAsyncChecker.java:schedule(141)) - Scheduling a check for /home/runner/work/ozone/ozone/mnt/ozone/hadoop-ozone/integration-test/target/test-dir/MiniOzoneClusterImpl-ab53e13c-b7a0-452c-aef0-b95992dbe1a2/datanode-6/data-0/containers/hdds
2021-07-17 01:44:30,235 [Listener at 127.0.0.1/42341] INFO  volume.StorageVolumeChecker (StorageVolumeChecker.java:checkAllVolumes(203)) - Scheduled health check for volume /home/runner/work/ozone/ozone/mnt/ozone/hadoop-ozone/integration-test/target/test-dir/MiniOzoneClusterImpl-ab53e13c-b7a0-452c-aef0-b95992dbe1a2/datanode-6/data-0/containers/hdds
2021-07-17 01:44:30,247 [Listener at 127.0.0.1/42341] INFO  volume.MutableVolumeSet (MutableVolumeSet.java:initializeVolumeSet(181)) - Added Volume : /home/runner/work/ozone/ozone/mnt/ozone/hadoop-ozone/integration-test/target/test-dir/MiniOzoneClusterImpl-ab53e13c-b7a0-452c-aef0-b95992dbe1a2/datanode-6/data/ratis to VolumeSet
2021-07-17 01:44:30,247 [Listener at 127.0.0.1/42341] INFO  volume.ThrottledAsyncChecker (ThrottledAsyncChecker.java:schedule(141)) - Scheduling a check for /home/runner/work/ozone/ozone/mnt/ozone/hadoop-ozone/integration-test/target/test-dir/MiniOzoneClusterImpl-ab53e13c-b7a0-452c-aef0-b95992dbe1a2/datanode-6/data/ratis
2021-07-17 01:44:30,247 [Listener at 127.0.0.1/42341] INFO  volume.StorageVolumeChecker (StorageVolumeChecker.java:checkAllVolumes(203)) - Scheduled health check for volume /home/runner/work/ozone/ozone/mnt/ozone/hadoop-ozone/integration-test/target/test-dir/MiniOzoneClusterImpl-ab53e13c-b7a0-452c-aef0-b95992dbe1a2/datanode-6/data/ratis
2021-07-17 01:44:30,259 [Listener at 127.0.0.1/42341] INFO  ozoneimpl.ContainerReader (ContainerReader.java:<init>(98)) - Running in upgrade mode:true
2021-07-17 01:44:30,259 [Thread-1283] INFO  ozoneimpl.ContainerReader (ContainerReader.java:readVolume(142)) - Start to verify containers on volume /home/runner/work/ozone/ozone/mnt/ozone/hadoop-ozone/integration-test/target/test-dir/MiniOzoneClusterImpl-ab53e13c-b7a0-452c-aef0-b95992dbe1a2/datanode-6/data-0/containers/hdds
2021-07-17 01:44:30,259 [Thread-1283] INFO  ozoneimpl.ContainerReader (ContainerReader.java:readVolume(174)) - Finish verifying containers on volume /home/runner/work/ozone/ozone/mnt/ozone/hadoop-ozone/integration-test/target/test-dir/MiniOzoneClusterImpl-ab53e13c-b7a0-452c-aef0-b95992dbe1a2/datanode-6/data-0/containers/hdds
2021-07-17 01:44:30,259 [Listener at 127.0.0.1/42341] INFO  ozoneimpl.OzoneContainer (OzoneContainer.java:buildContainerSet(237)) - Build ContainerSet costs 0s
2021-07-17 01:44:30,261 [Listener at 127.0.0.1/42341] INFO  server.RaftServer (ConfUtils.java:logGet(44)) - raft.rpc.type = GRPC (default)
2021-07-17 01:44:30,261 [Listener at 127.0.0.1/42341] INFO  grpc.GrpcFactory (GrpcFactory.java:checkPooledByteBufAllocatorUseCacheForAllThreads(48)) - PERFORMANCE WARNING: useCacheForAllThreads is true that may cause Netty to create a lot garbage objects and, as a result, trigger GC.
	It is recommended to disable useCacheForAllThreads by setting -Dorg.apache.ratis.thirdparty.io.netty.allocator.useCacheForAllThreads=false in command line.
2021-07-17 01:44:30,261 [Listener at 127.0.0.1/42341] INFO  grpc.GrpcConfigKeys (ConfUtils.java:logGet(44)) - raft.grpc.admin.port = 0 (custom)
2021-07-17 01:44:30,261 [Listener at 127.0.0.1/42341] INFO  grpc.GrpcConfigKeys (ConfUtils.java:logGet(44)) - raft.grpc.client.port = 0 (custom)
2021-07-17 01:44:30,261 [Listener at 127.0.0.1/42341] INFO  grpc.GrpcConfigKeys (ConfUtils.java:logGet(44)) - raft.grpc.server.port = 0 (default)
2021-07-17 01:44:30,262 [Listener at 127.0.0.1/42341] INFO  server.GrpcService (ConfUtils.java:logGet(44)) - raft.grpc.message.size.max = 32MB (=33554432) (custom)
2021-07-17 01:44:30,262 [Listener at 127.0.0.1/42341] INFO  server.RaftServerConfigKeys (ConfUtils.java:logGet(44)) - raft.server.log.appender.buffer.byte-limit = 33554432 (custom)
2021-07-17 01:44:30,262 [Listener at 127.0.0.1/42341] INFO  server.GrpcService (ConfUtils.java:logGet(44)) - raft.grpc.flow.control.window = 5MB (=5242880) (custom)
2021-07-17 01:44:30,262 [Listener at 127.0.0.1/42341] INFO  server.RaftServerConfigKeys (ConfUtils.java:logGet(44)) - raft.server.rpc.request.timeout = 3000ms (default)
2021-07-17 01:44:30,263 [Listener at 127.0.0.1/42341] INFO  impl.DataStreamServerImpl (ConfUtils.java:logGet(44)) - raft.datastream.type = DISABLED (default)
2021-07-17 01:44:30,263 [Listener at 127.0.0.1/42341] INFO  server.RaftServerConfigKeys (ConfUtils.java:logGet(44)) - raft.server.rpc.slowness.timeout = 300000ms (custom)
2021-07-17 01:44:30,263 [Listener at 127.0.0.1/42341] INFO  server.RaftServerConfigKeys (ConfUtils.java:logGet(44)) - raft.server.leaderelection.leader.step-down.wait-time = 10s (default)
2021-07-17 01:44:30,263 [Listener at 127.0.0.1/42341] INFO  server.RaftServerConfigKeys (ConfUtils.java:logGet(44)) - raft.server.storage.dir = [/home/runner/work/ozone/ozone/mnt/ozone/hadoop-ozone/integration-test/target/test-dir/MiniOzoneClusterImpl-ab53e13c-b7a0-452c-aef0-b95992dbe1a2/datanode-6/data/ratis] (custom)
2021-07-17 01:44:30,266 [Listener at 127.0.0.1/42341] INFO  http.BaseHttpServer (BaseHttpServer.java:newHttpServer2BuilderForOzone(209)) - Starting Web-server for hddsDatanode at: http://0.0.0.0:0
2021-07-17 01:44:30,266 [Listener at 127.0.0.1/42341] INFO  http.BaseHttpServer (BaseHttpServer.java:<init>(107)) - Hadoop Security Enabled: false Ozone Security Enabled: false Ozone HTTP Security Enabled: false 
2021-07-17 01:44:30,267 [Listener at 127.0.0.1/42341] INFO  server.AuthenticationFilter (AuthenticationFilter.java:constructSecretProvider(240)) - Unable to initialize FileSignerSecretProvider, falling back to use random secrets.
2021-07-17 01:44:30,267 [Listener at 127.0.0.1/42341] WARN  http.HttpRequestLog (HttpRequestLog.java:getRequestLog(103)) - Jetty request log can only be enabled using Log4j
2021-07-17 01:44:30,268 [Listener at 127.0.0.1/42341] INFO  http.HttpServer2 (HttpServer2.java:addGlobalFilter(1020)) - Added global filter 'safety' (class=org.apache.hadoop.hdds.server.http.HttpServer2$QuotingInputFilter)
2021-07-17 01:44:30,268 [Listener at 127.0.0.1/42341] INFO  http.HttpServer2 (HttpServer2.java:addFilter(996)) - Added filter static_user_filter (class=org.apache.hadoop.http.lib.StaticUserWebFilter$StaticUserFilter) to context hddsDatanode
2021-07-17 01:44:30,268 [Listener at 127.0.0.1/42341] INFO  http.HttpServer2 (HttpServer2.java:addFilter(1004)) - Added filter static_user_filter (class=org.apache.hadoop.http.lib.StaticUserWebFilter$StaticUserFilter) to context static
2021-07-17 01:44:30,268 [Listener at 127.0.0.1/42341] INFO  http.HttpServer2 (HttpServer2.java:addFilter(1004)) - Added filter static_user_filter (class=org.apache.hadoop.http.lib.StaticUserWebFilter$StaticUserFilter) to context logs
2021-07-17 01:44:30,269 [Listener at 127.0.0.1/42341] INFO  http.HttpServer2 (HttpServer2.java:bindListener(1238)) - Jetty bound to port 38089
2021-07-17 01:44:30,269 [Listener at 127.0.0.1/42341] INFO  server.Server (Server.java:doStart(375)) - jetty-9.4.35.v20201120; built: 2020-11-20T21:17:03.964Z; git: bdc54f03a5e0a7e280fab27f55c3c75ee8da89fb; jvm 1.8.0_292-b10
2021-07-17 01:44:30,270 [Listener at 127.0.0.1/42341] INFO  server.session (DefaultSessionIdManager.java:doStart(334)) - DefaultSessionIdManager workerName=node0
2021-07-17 01:44:30,270 [Listener at 127.0.0.1/42341] INFO  server.session (DefaultSessionIdManager.java:doStart(339)) - No SessionScavenger set, using defaults
2021-07-17 01:44:30,270 [Listener at 127.0.0.1/42341] INFO  server.session (HouseKeeper.java:startScavenging(132)) - node0 Scavenging every 660000ms
2021-07-17 01:44:30,271 [Listener at 127.0.0.1/42341] INFO  handler.ContextHandler (ContextHandler.java:doStart(916)) - Started o.e.j.s.ServletContextHandler@435687c8{logs,/logs,file:///home/runner/work/ozone/ozone/mnt/ozone/hadoop-ozone/integration-test/target/log,AVAILABLE}
2021-07-17 01:44:30,271 [Listener at 127.0.0.1/42341] INFO  handler.ContextHandler (ContextHandler.java:doStart(916)) - Started o.e.j.s.ServletContextHandler@b9de1fd{static,/static,jar:file:/home/runner/.m2/repository/org/apache/ozone/hdds-container-service/1.2.0-SNAPSHOT/hdds-container-service-1.2.0-SNAPSHOT.jar!/webapps/static,AVAILABLE}
2021-07-17 01:44:30,309 [Listener at 127.0.0.1/42341] INFO  handler.ContextHandler (ContextHandler.java:doStart(916)) - Started o.e.j.w.WebAppContext@725fc764{hddsDatanode,/,file:///tmp/jetty-0_0_0_0-38089-hdds-container-service-1_2_0-SNAPSHOT_jar-_-any-6338727403499365916/webapp/,AVAILABLE}{jar:file:/home/runner/.m2/repository/org/apache/ozone/hdds-container-service/1.2.0-SNAPSHOT/hdds-container-service-1.2.0-SNAPSHOT.jar!/webapps/hddsDatanode}
2021-07-17 01:44:30,311 [Listener at 127.0.0.1/42341] INFO  server.AbstractConnector (AbstractConnector.java:doStart(331)) - Started ServerConnector@486e2733{HTTP/1.1, (http/1.1)}{0.0.0.0:38089}
2021-07-17 01:44:30,311 [Listener at 127.0.0.1/42341] INFO  server.Server (Server.java:doStart(415)) - Started @144414ms
2021-07-17 01:44:30,311 [Listener at 127.0.0.1/42341] WARN  impl.MetricsSystemImpl (MetricsSystemImpl.java:register(279)) - Sink prometheus already exists!
2021-07-17 01:44:30,311 [Listener at 127.0.0.1/42341] INFO  http.BaseHttpServer (BaseHttpServer.java:updateConnectorAddress(329)) - HTTP server of hddsDatanode listening at http://0.0.0.0:38089
2021-07-17 01:44:30,313 [Listener at 127.0.0.1/42341] INFO  impl.MetricsSystemImpl (MetricsSystemImpl.java:init(158)) - HddsDatanode metrics system started (again)
2021-07-17 01:44:30,325 [Listener at 127.0.0.1/42341] INFO  ozone.HddsDatanodeService (HddsDatanodeService.java:start(234)) - HddsDatanodeService host:fv-az52-843.jaak54zke33upnjmlridiqi2vb.bx.internal.cloudapp.net ip:10.1.0.46
2021-07-17 01:44:30,326 [org.apache.hadoop.util.JvmPauseMonitor$Monitor@532ab107] INFO  util.JvmPauseMonitor (JvmPauseMonitor.java:run(188)) - Starting JVM pause monitor
2021-07-17 01:44:30,328 [Datanode State Machine Task Thread - 0] INFO  datanode.InitDatanodeState (InitDatanodeState.java:persistContainerDatanodeDetails(145)) - DatanodeDetails is persisted to /home/runner/work/ozone/ozone/mnt/ozone/hadoop-ozone/integration-test/target/test-dir/MiniOzoneClusterImpl-ab53e13c-b7a0-452c-aef0-b95992dbe1a2/datanode-6/meta/datanode.id
2021-07-17 01:44:30,337 [om1@group-C5BA1605619E-FollowerState] INFO  impl.FollowerState (FollowerState.java:run(134)) - om1@group-C5BA1605619E-FollowerState: change to CANDIDATE, lastRpcElapsedTime:1106957785ns, electionTimeout:1105ms
2021-07-17 01:44:30,337 [om1@group-C5BA1605619E-FollowerState] INFO  impl.RoleInfo (RoleInfo.java:shutdownFollowerState(108)) - om1: shutdown om1@group-C5BA1605619E-FollowerState
2021-07-17 01:44:30,337 [om1@group-C5BA1605619E-FollowerState] INFO  server.RaftServer$Division (RaftServerImpl.java:setRole(284)) - om1@group-C5BA1605619E: changes role from  FOLLOWER to CANDIDATE at term 0 for changeToCandidate
2021-07-17 01:44:30,337 [om1@group-C5BA1605619E-FollowerState] INFO  server.RaftServerConfigKeys (ConfUtils.java:logGet(44)) - raft.server.leaderelection.pre-vote = false (custom)
2021-07-17 01:44:30,337 [om1@group-C5BA1605619E-FollowerState] INFO  impl.RoleInfo (RoleInfo.java:updateAndGet(130)) - om1: start om1@group-C5BA1605619E-LeaderElection50
2021-07-17 01:44:30,340 [Listener at 127.0.0.1/42341] INFO  upgrade.AbstractLayoutVersionManager (AbstractLayoutVersionManager.java:init(70)) - Initializing Layout version manager with metadata layout = SCM_HA (version = 2), software layout = SCM_HA (version = 2)
2021-07-17 01:44:30,344 [om1@group-C5BA1605619E-LeaderElection50] INFO  impl.LeaderElection (LeaderElection.java:askForVotes(306)) - om1@group-C5BA1605619E-LeaderElection50 ELECTION round 0: submit vote requests at term 1 for -1: [om1|rpc:localhost:9872|priority:0], old=null
2021-07-17 01:44:30,344 [om1@group-C5BA1605619E-LeaderElection50] INFO  impl.LeaderElection (LeaderElection.java:askForVotes(308)) - om1@group-C5BA1605619E-LeaderElection50 ELECTION round 0: result PASSED (term=1)
2021-07-17 01:44:30,344 [om1@group-C5BA1605619E-LeaderElection50] INFO  impl.RoleInfo (RoleInfo.java:shutdownLeaderElection(121)) - om1: shutdown om1@group-C5BA1605619E-LeaderElection50
2021-07-17 01:44:30,344 [om1@group-C5BA1605619E-LeaderElection50] INFO  server.RaftServer$Division (RaftServerImpl.java:setRole(284)) - om1@group-C5BA1605619E: changes role from CANDIDATE to LEADER at term 1 for changeToLeader
2021-07-17 01:44:30,344 [om1@group-C5BA1605619E-LeaderElection50] INFO  server.RaftServer$Division (ServerState.java:setLeader(271)) - om1@group-C5BA1605619E: change Leader from null to om1 at term 1 for becomeLeader, leader elected after 1133ms
2021-07-17 01:44:30,344 [om1@group-C5BA1605619E-LeaderElection50] INFO  server.RaftServerConfigKeys (ConfUtils.java:logGet(44)) - raft.server.staging.catchup.gap = 1000 (default)
2021-07-17 01:44:30,346 [om1@group-C5BA1605619E-LeaderElection50] INFO  metrics.RatisMetrics (RatisMetrics.java:lambda$create$0(36)) - Creating Metrics Registry : ratis.log_appender.om1@group-C5BA1605619E
2021-07-17 01:44:30,346 [om1@group-C5BA1605619E-LeaderElection50] INFO  server.RaftServerConfigKeys (ConfUtils.java:logGet(44)) - raft.server.write.element-limit = 4096 (default)
2021-07-17 01:44:30,346 [om1@group-C5BA1605619E-LeaderElection50] INFO  server.RaftServerConfigKeys (ConfUtils.java:logGet(44)) - raft.server.write.byte-limit = 64MB (=67108864) (default)
2021-07-17 01:44:30,347 [om1@group-C5BA1605619E-LeaderElection50] INFO  server.RaftServerConfigKeys (ConfUtils.java:logGet(44)) - raft.server.watch.timeout = 10s (default)
2021-07-17 01:44:30,347 [om1@group-C5BA1605619E-LeaderElection50] INFO  server.RaftServerConfigKeys (ConfUtils.java:logGet(44)) - raft.server.watch.timeout.denomination = 1s (default)
2021-07-17 01:44:30,347 [om1@group-C5BA1605619E-LeaderElection50] INFO  server.RaftServerConfigKeys (ConfUtils.java:logGet(44)) - raft.server.watch.element-limit = 65536 (default)
2021-07-17 01:44:30,348 [om1@group-C5BA1605619E-LeaderElection50] INFO  impl.RoleInfo (RoleInfo.java:updateAndGet(130)) - om1: start om1@group-C5BA1605619E-LeaderStateImpl
2021-07-17 01:44:30,348 [om1@group-C5BA1605619E-LeaderElection50] INFO  segmented.SegmentedRaftLogWorker (SegmentedRaftLogWorker.java:startLogSegment(394)) - om1@group-C5BA1605619E-SegmentedRaftLogWorker: Starting segment from index:0
2021-07-17 01:44:30,354 [om1@group-C5BA1605619E-SegmentedRaftLogWorker] INFO  segmented.SegmentedRaftLogWorker (SegmentedRaftLogWorker.java:execute(601)) - om1@group-C5BA1605619E-SegmentedRaftLogWorker: created new log segment /home/runner/work/ozone/ozone/mnt/ozone/hadoop-ozone/integration-test/target/test-dir/MiniOzoneClusterImpl-ab53e13c-b7a0-452c-aef0-b95992dbe1a2/ozone-meta/ratis/bf265839-605b-3f16-9796-c5ba1605619e/current/log_inprogress_0
2021-07-17 01:44:30,371 [om1@group-C5BA1605619E-LeaderElection50] INFO  server.RaftServer$Division (ServerState.java:setRaftConf(373)) - om1@group-C5BA1605619E: set configuration 0: [om1|rpc:localhost:9872|admin:|client:|dataStream:|priority:0], old=null
2021-07-17 01:44:30,397 [Listener at 127.0.0.1/42341] INFO  reflections.Reflections (Reflections.java:scan(232)) - Reflections took 56 ms to scan 7 urls, producing 119 keys and 271 values 
2021-07-17 01:44:30,402 [Listener at 127.0.0.1/42341] INFO  volume.HddsVolume (HddsVolume.java:<init>(120)) - Creating HddsVolume: /home/runner/work/ozone/ozone/mnt/ozone/hadoop-ozone/integration-test/target/test-dir/MiniOzoneClusterImpl-ab53e13c-b7a0-452c-aef0-b95992dbe1a2/datanode-7/data-0/containers/hdds of storage type : DISK capacity : 9223372036854775807
2021-07-17 01:44:30,402 [Listener at 127.0.0.1/42341] INFO  volume.MutableVolumeSet (MutableVolumeSet.java:initializeVolumeSet(181)) - Added Volume : /home/runner/work/ozone/ozone/mnt/ozone/hadoop-ozone/integration-test/target/test-dir/MiniOzoneClusterImpl-ab53e13c-b7a0-452c-aef0-b95992dbe1a2/datanode-7/data-0/containers/hdds to VolumeSet
2021-07-17 01:44:30,402 [Listener at 127.0.0.1/42341] INFO  volume.ThrottledAsyncChecker (ThrottledAsyncChecker.java:schedule(141)) - Scheduling a check for /home/runner/work/ozone/ozone/mnt/ozone/hadoop-ozone/integration-test/target/test-dir/MiniOzoneClusterImpl-ab53e13c-b7a0-452c-aef0-b95992dbe1a2/datanode-7/data-0/containers/hdds
2021-07-17 01:44:30,403 [Listener at 127.0.0.1/42341] INFO  volume.StorageVolumeChecker (StorageVolumeChecker.java:checkAllVolumes(203)) - Scheduled health check for volume /home/runner/work/ozone/ozone/mnt/ozone/hadoop-ozone/integration-test/target/test-dir/MiniOzoneClusterImpl-ab53e13c-b7a0-452c-aef0-b95992dbe1a2/datanode-7/data-0/containers/hdds
2021-07-17 01:44:30,419 [Listener at 127.0.0.1/42341] INFO  volume.MutableVolumeSet (MutableVolumeSet.java:initializeVolumeSet(181)) - Added Volume : /home/runner/work/ozone/ozone/mnt/ozone/hadoop-ozone/integration-test/target/test-dir/MiniOzoneClusterImpl-ab53e13c-b7a0-452c-aef0-b95992dbe1a2/datanode-7/data/ratis to VolumeSet
2021-07-17 01:44:30,420 [Listener at 127.0.0.1/42341] INFO  volume.ThrottledAsyncChecker (ThrottledAsyncChecker.java:schedule(141)) - Scheduling a check for /home/runner/work/ozone/ozone/mnt/ozone/hadoop-ozone/integration-test/target/test-dir/MiniOzoneClusterImpl-ab53e13c-b7a0-452c-aef0-b95992dbe1a2/datanode-7/data/ratis
2021-07-17 01:44:30,423 [Listener at 127.0.0.1/42341] INFO  volume.StorageVolumeChecker (StorageVolumeChecker.java:checkAllVolumes(203)) - Scheduled health check for volume /home/runner/work/ozone/ozone/mnt/ozone/hadoop-ozone/integration-test/target/test-dir/MiniOzoneClusterImpl-ab53e13c-b7a0-452c-aef0-b95992dbe1a2/datanode-7/data/ratis
2021-07-17 01:44:30,435 [Listener at 127.0.0.1/42341] INFO  ozoneimpl.ContainerReader (ContainerReader.java:<init>(98)) - Running in upgrade mode:true
2021-07-17 01:44:30,435 [Thread-1296] INFO  ozoneimpl.ContainerReader (ContainerReader.java:readVolume(142)) - Start to verify containers on volume /home/runner/work/ozone/ozone/mnt/ozone/hadoop-ozone/integration-test/target/test-dir/MiniOzoneClusterImpl-ab53e13c-b7a0-452c-aef0-b95992dbe1a2/datanode-7/data-0/containers/hdds
2021-07-17 01:44:30,435 [Thread-1296] INFO  ozoneimpl.ContainerReader (ContainerReader.java:readVolume(174)) - Finish verifying containers on volume /home/runner/work/ozone/ozone/mnt/ozone/hadoop-ozone/integration-test/target/test-dir/MiniOzoneClusterImpl-ab53e13c-b7a0-452c-aef0-b95992dbe1a2/datanode-7/data-0/containers/hdds
2021-07-17 01:44:30,435 [Listener at 127.0.0.1/42341] INFO  ozoneimpl.OzoneContainer (OzoneContainer.java:buildContainerSet(237)) - Build ContainerSet costs 0s
2021-07-17 01:44:30,437 [Listener at 127.0.0.1/42341] INFO  server.RaftServer (ConfUtils.java:logGet(44)) - raft.rpc.type = GRPC (default)
2021-07-17 01:44:30,437 [Listener at 127.0.0.1/42341] INFO  grpc.GrpcFactory (GrpcFactory.java:checkPooledByteBufAllocatorUseCacheForAllThreads(48)) - PERFORMANCE WARNING: useCacheForAllThreads is true that may cause Netty to create a lot garbage objects and, as a result, trigger GC.
	It is recommended to disable useCacheForAllThreads by setting -Dorg.apache.ratis.thirdparty.io.netty.allocator.useCacheForAllThreads=false in command line.
2021-07-17 01:44:30,437 [Listener at 127.0.0.1/42341] INFO  grpc.GrpcConfigKeys (ConfUtils.java:logGet(44)) - raft.grpc.admin.port = 0 (custom)
2021-07-17 01:44:30,437 [Listener at 127.0.0.1/42341] INFO  grpc.GrpcConfigKeys (ConfUtils.java:logGet(44)) - raft.grpc.client.port = 0 (custom)
2021-07-17 01:44:30,437 [Listener at 127.0.0.1/42341] INFO  grpc.GrpcConfigKeys (ConfUtils.java:logGet(44)) - raft.grpc.server.port = 0 (default)
2021-07-17 01:44:30,437 [Listener at 127.0.0.1/42341] INFO  server.GrpcService (ConfUtils.java:logGet(44)) - raft.grpc.message.size.max = 32MB (=33554432) (custom)
2021-07-17 01:44:30,437 [Listener at 127.0.0.1/42341] INFO  server.RaftServerConfigKeys (ConfUtils.java:logGet(44)) - raft.server.log.appender.buffer.byte-limit = 33554432 (custom)
2021-07-17 01:44:30,437 [Listener at 127.0.0.1/42341] INFO  server.GrpcService (ConfUtils.java:logGet(44)) - raft.grpc.flow.control.window = 5MB (=5242880) (custom)
2021-07-17 01:44:30,438 [Listener at 127.0.0.1/42341] INFO  server.RaftServerConfigKeys (ConfUtils.java:logGet(44)) - raft.server.rpc.request.timeout = 3000ms (default)
2021-07-17 01:44:30,439 [Listener at 127.0.0.1/42341] INFO  impl.DataStreamServerImpl (ConfUtils.java:logGet(44)) - raft.datastream.type = DISABLED (default)
2021-07-17 01:44:30,439 [Listener at 127.0.0.1/42341] INFO  server.RaftServerConfigKeys (ConfUtils.java:logGet(44)) - raft.server.rpc.slowness.timeout = 300000ms (custom)
2021-07-17 01:44:30,439 [Listener at 127.0.0.1/42341] INFO  server.RaftServerConfigKeys (ConfUtils.java:logGet(44)) - raft.server.leaderelection.leader.step-down.wait-time = 10s (default)
2021-07-17 01:44:30,439 [Listener at 127.0.0.1/42341] INFO  server.RaftServerConfigKeys (ConfUtils.java:logGet(44)) - raft.server.storage.dir = [/home/runner/work/ozone/ozone/mnt/ozone/hadoop-ozone/integration-test/target/test-dir/MiniOzoneClusterImpl-ab53e13c-b7a0-452c-aef0-b95992dbe1a2/datanode-7/data/ratis] (custom)
2021-07-17 01:44:30,442 [Listener at 127.0.0.1/42341] INFO  http.BaseHttpServer (BaseHttpServer.java:newHttpServer2BuilderForOzone(209)) - Starting Web-server for hddsDatanode at: http://0.0.0.0:0
2021-07-17 01:44:30,443 [Listener at 127.0.0.1/42341] INFO  http.BaseHttpServer (BaseHttpServer.java:<init>(107)) - Hadoop Security Enabled: false Ozone Security Enabled: false Ozone HTTP Security Enabled: false 
2021-07-17 01:44:30,443 [Listener at 127.0.0.1/42341] INFO  server.AuthenticationFilter (AuthenticationFilter.java:constructSecretProvider(240)) - Unable to initialize FileSignerSecretProvider, falling back to use random secrets.
2021-07-17 01:44:30,445 [Listener at 127.0.0.1/42341] WARN  http.HttpRequestLog (HttpRequestLog.java:getRequestLog(103)) - Jetty request log can only be enabled using Log4j
2021-07-17 01:44:30,446 [Listener at 127.0.0.1/42341] INFO  http.HttpServer2 (HttpServer2.java:addGlobalFilter(1020)) - Added global filter 'safety' (class=org.apache.hadoop.hdds.server.http.HttpServer2$QuotingInputFilter)
2021-07-17 01:44:30,446 [Listener at 127.0.0.1/42341] INFO  http.HttpServer2 (HttpServer2.java:addFilter(996)) - Added filter static_user_filter (class=org.apache.hadoop.http.lib.StaticUserWebFilter$StaticUserFilter) to context hddsDatanode
2021-07-17 01:44:30,446 [Listener at 127.0.0.1/42341] INFO  http.HttpServer2 (HttpServer2.java:addFilter(1004)) - Added filter static_user_filter (class=org.apache.hadoop.http.lib.StaticUserWebFilter$StaticUserFilter) to context logs
2021-07-17 01:44:30,446 [Listener at 127.0.0.1/42341] INFO  http.HttpServer2 (HttpServer2.java:addFilter(1004)) - Added filter static_user_filter (class=org.apache.hadoop.http.lib.StaticUserWebFilter$StaticUserFilter) to context static
2021-07-17 01:44:30,447 [Listener at 127.0.0.1/42341] INFO  http.HttpServer2 (HttpServer2.java:bindListener(1238)) - Jetty bound to port 44831
2021-07-17 01:44:30,447 [Listener at 127.0.0.1/42341] INFO  server.Server (Server.java:doStart(375)) - jetty-9.4.35.v20201120; built: 2020-11-20T21:17:03.964Z; git: bdc54f03a5e0a7e280fab27f55c3c75ee8da89fb; jvm 1.8.0_292-b10
2021-07-17 01:44:30,450 [Listener at 127.0.0.1/42341] INFO  server.session (DefaultSessionIdManager.java:doStart(334)) - DefaultSessionIdManager workerName=node0
2021-07-17 01:44:30,450 [Listener at 127.0.0.1/42341] INFO  server.session (DefaultSessionIdManager.java:doStart(339)) - No SessionScavenger set, using defaults
2021-07-17 01:44:30,450 [Listener at 127.0.0.1/42341] INFO  server.session (HouseKeeper.java:startScavenging(132)) - node0 Scavenging every 660000ms
2021-07-17 01:44:30,454 [Listener at 127.0.0.1/42341] INFO  handler.ContextHandler (ContextHandler.java:doStart(916)) - Started o.e.j.s.ServletContextHandler@3a77a5b2{logs,/logs,file:///home/runner/work/ozone/ozone/mnt/ozone/hadoop-ozone/integration-test/target/log,AVAILABLE}
2021-07-17 01:44:30,454 [Listener at 127.0.0.1/42341] INFO  handler.ContextHandler (ContextHandler.java:doStart(916)) - Started o.e.j.s.ServletContextHandler@1ab79170{static,/static,jar:file:/home/runner/.m2/repository/org/apache/ozone/hdds-container-service/1.2.0-SNAPSHOT/hdds-container-service-1.2.0-SNAPSHOT.jar!/webapps/static,AVAILABLE}
2021-07-17 01:44:30,493 [Listener at 127.0.0.1/42341] INFO  handler.ContextHandler (ContextHandler.java:doStart(916)) - Started o.e.j.w.WebAppContext@46e9a4f6{hddsDatanode,/,file:///tmp/jetty-0_0_0_0-44831-hdds-container-service-1_2_0-SNAPSHOT_jar-_-any-297098611655755815/webapp/,AVAILABLE}{jar:file:/home/runner/.m2/repository/org/apache/ozone/hdds-container-service/1.2.0-SNAPSHOT/hdds-container-service-1.2.0-SNAPSHOT.jar!/webapps/hddsDatanode}
2021-07-17 01:44:30,495 [Listener at 127.0.0.1/42341] INFO  server.AbstractConnector (AbstractConnector.java:doStart(331)) - Started ServerConnector@78b2c7e3{HTTP/1.1, (http/1.1)}{0.0.0.0:44831}
2021-07-17 01:44:30,495 [Listener at 127.0.0.1/42341] INFO  server.Server (Server.java:doStart(415)) - Started @144598ms
2021-07-17 01:44:30,495 [Listener at 127.0.0.1/42341] WARN  impl.MetricsSystemImpl (MetricsSystemImpl.java:register(279)) - Sink prometheus already exists!
2021-07-17 01:44:30,496 [Listener at 127.0.0.1/42341] INFO  http.BaseHttpServer (BaseHttpServer.java:updateConnectorAddress(329)) - HTTP server of hddsDatanode listening at http://0.0.0.0:44831
2021-07-17 01:44:30,498 [Listener at 127.0.0.1/42341] INFO  impl.MetricsSystemImpl (MetricsSystemImpl.java:init(158)) - HddsDatanode metrics system started (again)
2021-07-17 01:44:30,506 [org.apache.hadoop.util.JvmPauseMonitor$Monitor@12dcaac1] INFO  util.JvmPauseMonitor (JvmPauseMonitor.java:run(188)) - Starting JVM pause monitor
2021-07-17 01:44:30,511 [Datanode State Machine Task Thread - 0] INFO  datanode.InitDatanodeState (InitDatanodeState.java:persistContainerDatanodeDetails(145)) - DatanodeDetails is persisted to /home/runner/work/ozone/ozone/mnt/ozone/hadoop-ozone/integration-test/target/test-dir/MiniOzoneClusterImpl-ab53e13c-b7a0-452c-aef0-b95992dbe1a2/datanode-7/meta/datanode.id
2021-07-17 01:44:30,517 [Listener at 127.0.0.1/42341] INFO  ozone.HddsDatanodeService (HddsDatanodeService.java:start(234)) - HddsDatanodeService host:fv-az52-843.jaak54zke33upnjmlridiqi2vb.bx.internal.cloudapp.net ip:10.1.0.46
2021-07-17 01:44:30,535 [Listener at 127.0.0.1/42341] INFO  upgrade.AbstractLayoutVersionManager (AbstractLayoutVersionManager.java:init(70)) - Initializing Layout version manager with metadata layout = SCM_HA (version = 2), software layout = SCM_HA (version = 2)
2021-07-17 01:44:30,567 [Listener at 127.0.0.1/42341] INFO  reflections.Reflections (Reflections.java:scan(232)) - Reflections took 31 ms to scan 7 urls, producing 119 keys and 271 values 
2021-07-17 01:44:30,570 [Listener at 127.0.0.1/42341] INFO  volume.HddsVolume (HddsVolume.java:<init>(120)) - Creating HddsVolume: /home/runner/work/ozone/ozone/mnt/ozone/hadoop-ozone/integration-test/target/test-dir/MiniOzoneClusterImpl-ab53e13c-b7a0-452c-aef0-b95992dbe1a2/datanode-8/data-0/containers/hdds of storage type : DISK capacity : 9223372036854775807
2021-07-17 01:44:30,570 [Listener at 127.0.0.1/42341] INFO  volume.MutableVolumeSet (MutableVolumeSet.java:initializeVolumeSet(181)) - Added Volume : /home/runner/work/ozone/ozone/mnt/ozone/hadoop-ozone/integration-test/target/test-dir/MiniOzoneClusterImpl-ab53e13c-b7a0-452c-aef0-b95992dbe1a2/datanode-8/data-0/containers/hdds to VolumeSet
2021-07-17 01:44:30,570 [Listener at 127.0.0.1/42341] INFO  volume.ThrottledAsyncChecker (ThrottledAsyncChecker.java:schedule(141)) - Scheduling a check for /home/runner/work/ozone/ozone/mnt/ozone/hadoop-ozone/integration-test/target/test-dir/MiniOzoneClusterImpl-ab53e13c-b7a0-452c-aef0-b95992dbe1a2/datanode-8/data-0/containers/hdds
2021-07-17 01:44:30,571 [Listener at 127.0.0.1/42341] INFO  volume.StorageVolumeChecker (StorageVolumeChecker.java:checkAllVolumes(203)) - Scheduled health check for volume /home/runner/work/ozone/ozone/mnt/ozone/hadoop-ozone/integration-test/target/test-dir/MiniOzoneClusterImpl-ab53e13c-b7a0-452c-aef0-b95992dbe1a2/datanode-8/data-0/containers/hdds
2021-07-17 01:44:30,582 [Listener at 127.0.0.1/42341] INFO  volume.MutableVolumeSet (MutableVolumeSet.java:initializeVolumeSet(181)) - Added Volume : /home/runner/work/ozone/ozone/mnt/ozone/hadoop-ozone/integration-test/target/test-dir/MiniOzoneClusterImpl-ab53e13c-b7a0-452c-aef0-b95992dbe1a2/datanode-8/data/ratis to VolumeSet
2021-07-17 01:44:30,583 [Listener at 127.0.0.1/42341] INFO  volume.ThrottledAsyncChecker (ThrottledAsyncChecker.java:schedule(141)) - Scheduling a check for /home/runner/work/ozone/ozone/mnt/ozone/hadoop-ozone/integration-test/target/test-dir/MiniOzoneClusterImpl-ab53e13c-b7a0-452c-aef0-b95992dbe1a2/datanode-8/data/ratis
2021-07-17 01:44:30,583 [Listener at 127.0.0.1/42341] INFO  volume.StorageVolumeChecker (StorageVolumeChecker.java:checkAllVolumes(203)) - Scheduled health check for volume /home/runner/work/ozone/ozone/mnt/ozone/hadoop-ozone/integration-test/target/test-dir/MiniOzoneClusterImpl-ab53e13c-b7a0-452c-aef0-b95992dbe1a2/datanode-8/data/ratis
2021-07-17 01:44:30,594 [Listener at 127.0.0.1/42341] INFO  ozoneimpl.ContainerReader (ContainerReader.java:<init>(98)) - Running in upgrade mode:true
2021-07-17 01:44:30,595 [Thread-1307] INFO  ozoneimpl.ContainerReader (ContainerReader.java:readVolume(142)) - Start to verify containers on volume /home/runner/work/ozone/ozone/mnt/ozone/hadoop-ozone/integration-test/target/test-dir/MiniOzoneClusterImpl-ab53e13c-b7a0-452c-aef0-b95992dbe1a2/datanode-8/data-0/containers/hdds
2021-07-17 01:44:30,595 [Thread-1307] INFO  ozoneimpl.ContainerReader (ContainerReader.java:readVolume(174)) - Finish verifying containers on volume /home/runner/work/ozone/ozone/mnt/ozone/hadoop-ozone/integration-test/target/test-dir/MiniOzoneClusterImpl-ab53e13c-b7a0-452c-aef0-b95992dbe1a2/datanode-8/data-0/containers/hdds
2021-07-17 01:44:30,595 [Listener at 127.0.0.1/42341] INFO  ozoneimpl.OzoneContainer (OzoneContainer.java:buildContainerSet(237)) - Build ContainerSet costs 0s
2021-07-17 01:44:30,596 [Listener at 127.0.0.1/42341] INFO  server.RaftServer (ConfUtils.java:logGet(44)) - raft.rpc.type = GRPC (default)
2021-07-17 01:44:30,596 [Listener at 127.0.0.1/42341] INFO  grpc.GrpcFactory (GrpcFactory.java:checkPooledByteBufAllocatorUseCacheForAllThreads(48)) - PERFORMANCE WARNING: useCacheForAllThreads is true that may cause Netty to create a lot garbage objects and, as a result, trigger GC.
	It is recommended to disable useCacheForAllThreads by setting -Dorg.apache.ratis.thirdparty.io.netty.allocator.useCacheForAllThreads=false in command line.
2021-07-17 01:44:30,596 [Listener at 127.0.0.1/42341] INFO  grpc.GrpcConfigKeys (ConfUtils.java:logGet(44)) - raft.grpc.admin.port = 0 (custom)
2021-07-17 01:44:30,597 [Listener at 127.0.0.1/42341] INFO  grpc.GrpcConfigKeys (ConfUtils.java:logGet(44)) - raft.grpc.client.port = 0 (custom)
2021-07-17 01:44:30,597 [Listener at 127.0.0.1/42341] INFO  grpc.GrpcConfigKeys (ConfUtils.java:logGet(44)) - raft.grpc.server.port = 0 (default)
2021-07-17 01:44:30,597 [Listener at 127.0.0.1/42341] INFO  server.GrpcService (ConfUtils.java:logGet(44)) - raft.grpc.message.size.max = 32MB (=33554432) (custom)
2021-07-17 01:44:30,597 [Listener at 127.0.0.1/42341] INFO  server.RaftServerConfigKeys (ConfUtils.java:logGet(44)) - raft.server.log.appender.buffer.byte-limit = 33554432 (custom)
2021-07-17 01:44:30,597 [Listener at 127.0.0.1/42341] INFO  server.GrpcService (ConfUtils.java:logGet(44)) - raft.grpc.flow.control.window = 5MB (=5242880) (custom)
2021-07-17 01:44:30,597 [Listener at 127.0.0.1/42341] INFO  server.RaftServerConfigKeys (ConfUtils.java:logGet(44)) - raft.server.rpc.request.timeout = 3000ms (default)
2021-07-17 01:44:30,598 [Listener at 127.0.0.1/42341] INFO  impl.DataStreamServerImpl (ConfUtils.java:logGet(44)) - raft.datastream.type = DISABLED (default)
2021-07-17 01:44:30,598 [Listener at 127.0.0.1/42341] INFO  server.RaftServerConfigKeys (ConfUtils.java:logGet(44)) - raft.server.rpc.slowness.timeout = 300000ms (custom)
2021-07-17 01:44:30,598 [Listener at 127.0.0.1/42341] INFO  server.RaftServerConfigKeys (ConfUtils.java:logGet(44)) - raft.server.leaderelection.leader.step-down.wait-time = 10s (default)
2021-07-17 01:44:30,598 [Listener at 127.0.0.1/42341] INFO  server.RaftServerConfigKeys (ConfUtils.java:logGet(44)) - raft.server.storage.dir = [/home/runner/work/ozone/ozone/mnt/ozone/hadoop-ozone/integration-test/target/test-dir/MiniOzoneClusterImpl-ab53e13c-b7a0-452c-aef0-b95992dbe1a2/datanode-8/data/ratis] (custom)
2021-07-17 01:44:30,600 [Listener at 127.0.0.1/42341] INFO  http.BaseHttpServer (BaseHttpServer.java:newHttpServer2BuilderForOzone(209)) - Starting Web-server for hddsDatanode at: http://0.0.0.0:0
2021-07-17 01:44:30,601 [Listener at 127.0.0.1/42341] INFO  http.BaseHttpServer (BaseHttpServer.java:<init>(107)) - Hadoop Security Enabled: false Ozone Security Enabled: false Ozone HTTP Security Enabled: false 
2021-07-17 01:44:30,601 [Listener at 127.0.0.1/42341] INFO  server.AuthenticationFilter (AuthenticationFilter.java:constructSecretProvider(240)) - Unable to initialize FileSignerSecretProvider, falling back to use random secrets.
2021-07-17 01:44:30,602 [Listener at 127.0.0.1/42341] WARN  http.HttpRequestLog (HttpRequestLog.java:getRequestLog(103)) - Jetty request log can only be enabled using Log4j
2021-07-17 01:44:30,602 [Listener at 127.0.0.1/42341] INFO  http.HttpServer2 (HttpServer2.java:addGlobalFilter(1020)) - Added global filter 'safety' (class=org.apache.hadoop.hdds.server.http.HttpServer2$QuotingInputFilter)
2021-07-17 01:44:30,603 [Listener at 127.0.0.1/42341] INFO  http.HttpServer2 (HttpServer2.java:addFilter(996)) - Added filter static_user_filter (class=org.apache.hadoop.http.lib.StaticUserWebFilter$StaticUserFilter) to context hddsDatanode
2021-07-17 01:44:30,603 [Listener at 127.0.0.1/42341] INFO  http.HttpServer2 (HttpServer2.java:addFilter(1004)) - Added filter static_user_filter (class=org.apache.hadoop.http.lib.StaticUserWebFilter$StaticUserFilter) to context logs
2021-07-17 01:44:30,603 [Listener at 127.0.0.1/42341] INFO  http.HttpServer2 (HttpServer2.java:addFilter(1004)) - Added filter static_user_filter (class=org.apache.hadoop.http.lib.StaticUserWebFilter$StaticUserFilter) to context static
2021-07-17 01:44:30,603 [Listener at 127.0.0.1/42341] INFO  http.HttpServer2 (HttpServer2.java:bindListener(1238)) - Jetty bound to port 33675
2021-07-17 01:44:30,603 [Listener at 127.0.0.1/42341] INFO  server.Server (Server.java:doStart(375)) - jetty-9.4.35.v20201120; built: 2020-11-20T21:17:03.964Z; git: bdc54f03a5e0a7e280fab27f55c3c75ee8da89fb; jvm 1.8.0_292-b10
2021-07-17 01:44:30,604 [Listener at 127.0.0.1/42341] INFO  server.session (DefaultSessionIdManager.java:doStart(334)) - DefaultSessionIdManager workerName=node0
2021-07-17 01:44:30,604 [Listener at 127.0.0.1/42341] INFO  server.session (DefaultSessionIdManager.java:doStart(339)) - No SessionScavenger set, using defaults
2021-07-17 01:44:30,605 [Listener at 127.0.0.1/42341] INFO  server.session (HouseKeeper.java:startScavenging(132)) - node0 Scavenging every 600000ms
2021-07-17 01:44:30,605 [Listener at 127.0.0.1/42341] INFO  handler.ContextHandler (ContextHandler.java:doStart(916)) - Started o.e.j.s.ServletContextHandler@1fa3f72{logs,/logs,file:///home/runner/work/ozone/ozone/mnt/ozone/hadoop-ozone/integration-test/target/log,AVAILABLE}
2021-07-17 01:44:30,605 [Listener at 127.0.0.1/42341] INFO  handler.ContextHandler (ContextHandler.java:doStart(916)) - Started o.e.j.s.ServletContextHandler@49029e1d{static,/static,jar:file:/home/runner/.m2/repository/org/apache/ozone/hdds-container-service/1.2.0-SNAPSHOT/hdds-container-service-1.2.0-SNAPSHOT.jar!/webapps/static,AVAILABLE}
2021-07-17 01:44:30,643 [Listener at 127.0.0.1/42341] INFO  handler.ContextHandler (ContextHandler.java:doStart(916)) - Started o.e.j.w.WebAppContext@35007ef{hddsDatanode,/,file:///tmp/jetty-0_0_0_0-33675-hdds-container-service-1_2_0-SNAPSHOT_jar-_-any-8171698677521885192/webapp/,AVAILABLE}{jar:file:/home/runner/.m2/repository/org/apache/ozone/hdds-container-service/1.2.0-SNAPSHOT/hdds-container-service-1.2.0-SNAPSHOT.jar!/webapps/hddsDatanode}
2021-07-17 01:44:30,644 [Listener at 127.0.0.1/42341] INFO  server.AbstractConnector (AbstractConnector.java:doStart(331)) - Started ServerConnector@7ca6dbbd{HTTP/1.1, (http/1.1)}{0.0.0.0:33675}
2021-07-17 01:44:30,644 [Listener at 127.0.0.1/42341] INFO  server.Server (Server.java:doStart(415)) - Started @144747ms
2021-07-17 01:44:30,644 [Listener at 127.0.0.1/42341] WARN  impl.MetricsSystemImpl (MetricsSystemImpl.java:register(279)) - Sink prometheus already exists!
2021-07-17 01:44:30,645 [Listener at 127.0.0.1/42341] INFO  http.BaseHttpServer (BaseHttpServer.java:updateConnectorAddress(329)) - HTTP server of hddsDatanode listening at http://0.0.0.0:33675
2021-07-17 01:44:30,647 [Listener at 127.0.0.1/42341] INFO  ozone.MiniOzoneClusterImpl (MiniOzoneClusterImpl.java:lambda$waitForClusterToBeReady$0(230)) - Waiting for nodes to be ready. Got 0 of 9 DN Heartbeats.
2021-07-17 01:44:30,647 [Listener at 127.0.0.1/42341] INFO  ozone.MiniOzoneClusterImpl (MiniOzoneClusterImpl.java:lambda$waitForClusterToBeReady$0(233)) - Waiting for cluster to exit safe mode
2021-07-17 01:44:30,647 [Listener at 127.0.0.1/42341] INFO  ozone.MiniOzoneClusterImpl (MiniOzoneClusterImpl.java:lambda$waitForClusterToBeReady$0(235)) - SCM became leader
2021-07-17 01:44:30,650 [org.apache.hadoop.util.JvmPauseMonitor$Monitor@7a3dd1de] INFO  util.JvmPauseMonitor (JvmPauseMonitor.java:run(188)) - Starting JVM pause monitor
2021-07-17 01:44:30,651 [Datanode State Machine Task Thread - 0] INFO  datanode.InitDatanodeState (InitDatanodeState.java:persistContainerDatanodeDetails(145)) - DatanodeDetails is persisted to /home/runner/work/ozone/ozone/mnt/ozone/hadoop-ozone/integration-test/target/test-dir/MiniOzoneClusterImpl-ab53e13c-b7a0-452c-aef0-b95992dbe1a2/datanode-8/meta/datanode.id
2021-07-17 01:44:31,468 [EndpointStateMachine task thread for /0.0.0.0:40423 - 0 ] INFO  ozoneimpl.OzoneContainer (OzoneContainer.java:start(305)) - Attempting to start container services.
2021-07-17 01:44:31,468 [EndpointStateMachine task thread for /0.0.0.0:40423 - 0 ] INFO  ozoneimpl.OzoneContainer (OzoneContainer.java:startContainerScrub(250)) - Background container scanner has been disabled.
2021-07-17 01:44:31,469 [EndpointStateMachine task thread for /0.0.0.0:40423 - 0 ] INFO  replication.ReplicationServer (ReplicationServer.java:start(106)) - ReplicationServer is started using port 34883
2021-07-17 01:44:31,469 [EndpointStateMachine task thread for /0.0.0.0:40423 - 0 ] INFO  ratis.XceiverServerRatis (XceiverServerRatis.java:start(478)) - Starting XceiverServerRatis 817716dc-74d9-44e3-96f4-247fb6d3bd86
2021-07-17 01:44:31,470 [EndpointStateMachine task thread for /0.0.0.0:40423 - 0 ] INFO  server.RaftServer (RaftServerProxy.java:lambda$start$5(374)) - 817716dc-74d9-44e3-96f4-247fb6d3bd86: start RPC server
2021-07-17 01:44:31,471 [EndpointStateMachine task thread for /0.0.0.0:40423 - 0 ] INFO  server.GrpcService (GrpcService.java:startImpl(253)) - 817716dc-74d9-44e3-96f4-247fb6d3bd86: GrpcService started, listening on 37853
2021-07-17 01:44:31,471 [EndpointStateMachine task thread for /0.0.0.0:40423 - 0 ] INFO  ratis.XceiverServerRatis (XceiverServerRatis.java:getRealPort(499)) - XceiverServerRatis 817716dc-74d9-44e3-96f4-247fb6d3bd86 is started using port 37853 for RATIS
2021-07-17 01:44:31,471 [org.apache.ratis.util.JvmPauseMonitor$$Lambda$525/732148902@627ca157] INFO  util.JvmPauseMonitor (JvmPauseMonitor.java:run(103)) - JvmPauseMonitor-817716dc-74d9-44e3-96f4-247fb6d3bd86: Started
2021-07-17 01:44:31,471 [EndpointStateMachine task thread for /0.0.0.0:40423 - 0 ] INFO  ratis.XceiverServerRatis (XceiverServerRatis.java:getRealPort(499)) - XceiverServerRatis 817716dc-74d9-44e3-96f4-247fb6d3bd86 is started using port 37853 for RATIS_ADMIN
2021-07-17 01:44:31,471 [EndpointStateMachine task thread for /0.0.0.0:40423 - 0 ] INFO  ratis.XceiverServerRatis (XceiverServerRatis.java:getRealPort(499)) - XceiverServerRatis 817716dc-74d9-44e3-96f4-247fb6d3bd86 is started using port 37853 for RATIS_SERVER
2021-07-17 01:44:31,471 [EndpointStateMachine task thread for /0.0.0.0:40423 - 0 ] INFO  server.XceiverServerGrpc (XceiverServerGrpc.java:start(135)) - XceiverServerGrpc 817716dc-74d9-44e3-96f4-247fb6d3bd86 is started using port 46507
2021-07-17 01:44:31,613 [EndpointStateMachine task thread for /0.0.0.0:40423 - 0 ] INFO  ozoneimpl.OzoneContainer (OzoneContainer.java:start(305)) - Attempting to start container services.
2021-07-17 01:44:31,613 [EndpointStateMachine task thread for /0.0.0.0:40423 - 0 ] INFO  ozoneimpl.OzoneContainer (OzoneContainer.java:startContainerScrub(250)) - Background container scanner has been disabled.
2021-07-17 01:44:31,615 [EndpointStateMachine task thread for /0.0.0.0:40423 - 0 ] INFO  replication.ReplicationServer (ReplicationServer.java:start(106)) - ReplicationServer is started using port 44387
2021-07-17 01:44:31,618 [EndpointStateMachine task thread for /0.0.0.0:40423 - 0 ] INFO  ratis.XceiverServerRatis (XceiverServerRatis.java:start(478)) - Starting XceiverServerRatis b32faf46-69b0-41ce-b187-d9527561eeb9
2021-07-17 01:44:31,618 [EndpointStateMachine task thread for /0.0.0.0:40423 - 0 ] INFO  server.RaftServer (RaftServerProxy.java:lambda$start$5(374)) - b32faf46-69b0-41ce-b187-d9527561eeb9: start RPC server
2021-07-17 01:44:31,619 [EndpointStateMachine task thread for /0.0.0.0:40423 - 0 ] INFO  server.GrpcService (GrpcService.java:startImpl(253)) - b32faf46-69b0-41ce-b187-d9527561eeb9: GrpcService started, listening on 42083
2021-07-17 01:44:31,619 [EndpointStateMachine task thread for /0.0.0.0:40423 - 0 ] INFO  ratis.XceiverServerRatis (XceiverServerRatis.java:getRealPort(499)) - XceiverServerRatis b32faf46-69b0-41ce-b187-d9527561eeb9 is started using port 42083 for RATIS
2021-07-17 01:44:31,619 [EndpointStateMachine task thread for /0.0.0.0:40423 - 0 ] INFO  ratis.XceiverServerRatis (XceiverServerRatis.java:getRealPort(499)) - XceiverServerRatis b32faf46-69b0-41ce-b187-d9527561eeb9 is started using port 42083 for RATIS_ADMIN
2021-07-17 01:44:31,619 [EndpointStateMachine task thread for /0.0.0.0:40423 - 0 ] INFO  ratis.XceiverServerRatis (XceiverServerRatis.java:getRealPort(499)) - XceiverServerRatis b32faf46-69b0-41ce-b187-d9527561eeb9 is started using port 42083 for RATIS_SERVER
2021-07-17 01:44:31,619 [org.apache.ratis.util.JvmPauseMonitor$$Lambda$525/732148902@1ea4a8a5] INFO  util.JvmPauseMonitor (JvmPauseMonitor.java:run(103)) - JvmPauseMonitor-b32faf46-69b0-41ce-b187-d9527561eeb9: Started
2021-07-17 01:44:31,619 [EndpointStateMachine task thread for /0.0.0.0:40423 - 0 ] INFO  server.XceiverServerGrpc (XceiverServerGrpc.java:start(135)) - XceiverServerGrpc b32faf46-69b0-41ce-b187-d9527561eeb9 is started using port 33573
2021-07-17 01:44:31,647 [Listener at 127.0.0.1/42341] INFO  ozone.MiniOzoneClusterImpl (MiniOzoneClusterImpl.java:lambda$waitForClusterToBeReady$0(230)) - Waiting for nodes to be ready. Got 0 of 9 DN Heartbeats.
2021-07-17 01:44:31,648 [Listener at 127.0.0.1/42341] INFO  ozone.MiniOzoneClusterImpl (MiniOzoneClusterImpl.java:lambda$waitForClusterToBeReady$0(233)) - Waiting for cluster to exit safe mode
2021-07-17 01:44:31,648 [Listener at 127.0.0.1/42341] INFO  ozone.MiniOzoneClusterImpl (MiniOzoneClusterImpl.java:lambda$waitForClusterToBeReady$0(235)) - SCM became leader
2021-07-17 01:44:31,752 [EndpointStateMachine task thread for /0.0.0.0:40423 - 0 ] INFO  ozoneimpl.OzoneContainer (OzoneContainer.java:start(305)) - Attempting to start container services.
2021-07-17 01:44:31,753 [EndpointStateMachine task thread for /0.0.0.0:40423 - 0 ] INFO  ozoneimpl.OzoneContainer (OzoneContainer.java:startContainerScrub(250)) - Background container scanner has been disabled.
2021-07-17 01:44:31,753 [EndpointStateMachine task thread for /0.0.0.0:40423 - 0 ] INFO  replication.ReplicationServer (ReplicationServer.java:start(106)) - ReplicationServer is started using port 45345
2021-07-17 01:44:31,754 [EndpointStateMachine task thread for /0.0.0.0:40423 - 0 ] INFO  ratis.XceiverServerRatis (XceiverServerRatis.java:start(478)) - Starting XceiverServerRatis 30d49bb6-b206-443f-92f8-de1941ac4061
2021-07-17 01:44:31,764 [EndpointStateMachine task thread for /0.0.0.0:40423 - 0 ] INFO  server.RaftServer (RaftServerProxy.java:lambda$start$5(374)) - 30d49bb6-b206-443f-92f8-de1941ac4061: start RPC server
2021-07-17 01:44:31,765 [EndpointStateMachine task thread for /0.0.0.0:40423 - 0 ] INFO  server.GrpcService (GrpcService.java:startImpl(253)) - 30d49bb6-b206-443f-92f8-de1941ac4061: GrpcService started, listening on 40535
2021-07-17 01:44:31,765 [EndpointStateMachine task thread for /0.0.0.0:40423 - 0 ] INFO  ratis.XceiverServerRatis (XceiverServerRatis.java:getRealPort(499)) - XceiverServerRatis 30d49bb6-b206-443f-92f8-de1941ac4061 is started using port 40535 for RATIS
2021-07-17 01:44:31,765 [EndpointStateMachine task thread for /0.0.0.0:40423 - 0 ] INFO  ratis.XceiverServerRatis (XceiverServerRatis.java:getRealPort(499)) - XceiverServerRatis 30d49bb6-b206-443f-92f8-de1941ac4061 is started using port 40535 for RATIS_ADMIN
2021-07-17 01:44:31,765 [EndpointStateMachine task thread for /0.0.0.0:40423 - 0 ] INFO  ratis.XceiverServerRatis (XceiverServerRatis.java:getRealPort(499)) - XceiverServerRatis 30d49bb6-b206-443f-92f8-de1941ac4061 is started using port 40535 for RATIS_SERVER
2021-07-17 01:44:31,765 [org.apache.ratis.util.JvmPauseMonitor$$Lambda$525/732148902@4e76e5d1] INFO  util.JvmPauseMonitor (JvmPauseMonitor.java:run(103)) - JvmPauseMonitor-30d49bb6-b206-443f-92f8-de1941ac4061: Started
2021-07-17 01:44:31,766 [EndpointStateMachine task thread for /0.0.0.0:40423 - 0 ] INFO  server.XceiverServerGrpc (XceiverServerGrpc.java:start(135)) - XceiverServerGrpc 30d49bb6-b206-443f-92f8-de1941ac4061 is started using port 36317
2021-07-17 01:44:31,898 [EndpointStateMachine task thread for /0.0.0.0:40423 - 0 ] INFO  ozoneimpl.OzoneContainer (OzoneContainer.java:start(305)) - Attempting to start container services.
2021-07-17 01:44:31,898 [EndpointStateMachine task thread for /0.0.0.0:40423 - 0 ] INFO  ozoneimpl.OzoneContainer (OzoneContainer.java:startContainerScrub(250)) - Background container scanner has been disabled.
2021-07-17 01:44:31,898 [EndpointStateMachine task thread for /0.0.0.0:40423 - 0 ] INFO  replication.ReplicationServer (ReplicationServer.java:start(106)) - ReplicationServer is started using port 39729
2021-07-17 01:44:31,898 [EndpointStateMachine task thread for /0.0.0.0:40423 - 0 ] INFO  ratis.XceiverServerRatis (XceiverServerRatis.java:start(478)) - Starting XceiverServerRatis 8befdf63-f118-4996-8ccb-439953d58c5e
2021-07-17 01:44:31,899 [EndpointStateMachine task thread for /0.0.0.0:40423 - 0 ] INFO  server.RaftServer (RaftServerProxy.java:lambda$start$5(374)) - 8befdf63-f118-4996-8ccb-439953d58c5e: start RPC server
2021-07-17 01:44:31,900 [EndpointStateMachine task thread for /0.0.0.0:40423 - 0 ] INFO  server.GrpcService (GrpcService.java:startImpl(253)) - 8befdf63-f118-4996-8ccb-439953d58c5e: GrpcService started, listening on 43351
2021-07-17 01:44:31,900 [EndpointStateMachine task thread for /0.0.0.0:40423 - 0 ] INFO  ratis.XceiverServerRatis (XceiverServerRatis.java:getRealPort(499)) - XceiverServerRatis 8befdf63-f118-4996-8ccb-439953d58c5e is started using port 43351 for RATIS
2021-07-17 01:44:31,900 [EndpointStateMachine task thread for /0.0.0.0:40423 - 0 ] INFO  ratis.XceiverServerRatis (XceiverServerRatis.java:getRealPort(499)) - XceiverServerRatis 8befdf63-f118-4996-8ccb-439953d58c5e is started using port 43351 for RATIS_ADMIN
2021-07-17 01:44:31,900 [org.apache.ratis.util.JvmPauseMonitor$$Lambda$525/732148902@2dbadc67] INFO  util.JvmPauseMonitor (JvmPauseMonitor.java:run(103)) - JvmPauseMonitor-8befdf63-f118-4996-8ccb-439953d58c5e: Started
2021-07-17 01:44:31,900 [EndpointStateMachine task thread for /0.0.0.0:40423 - 0 ] INFO  ratis.XceiverServerRatis (XceiverServerRatis.java:getRealPort(499)) - XceiverServerRatis 8befdf63-f118-4996-8ccb-439953d58c5e is started using port 43351 for RATIS_SERVER
2021-07-17 01:44:31,900 [EndpointStateMachine task thread for /0.0.0.0:40423 - 0 ] INFO  server.XceiverServerGrpc (XceiverServerGrpc.java:start(135)) - XceiverServerGrpc 8befdf63-f118-4996-8ccb-439953d58c5e is started using port 36951
2021-07-17 01:44:32,034 [EndpointStateMachine task thread for /0.0.0.0:40423 - 0 ] INFO  ozoneimpl.OzoneContainer (OzoneContainer.java:start(305)) - Attempting to start container services.
2021-07-17 01:44:32,034 [EndpointStateMachine task thread for /0.0.0.0:40423 - 0 ] INFO  ozoneimpl.OzoneContainer (OzoneContainer.java:startContainerScrub(250)) - Background container scanner has been disabled.
2021-07-17 01:44:32,035 [EndpointStateMachine task thread for /0.0.0.0:40423 - 0 ] INFO  replication.ReplicationServer (ReplicationServer.java:start(106)) - ReplicationServer is started using port 39683
2021-07-17 01:44:32,035 [EndpointStateMachine task thread for /0.0.0.0:40423 - 0 ] INFO  ratis.XceiverServerRatis (XceiverServerRatis.java:start(478)) - Starting XceiverServerRatis 90710055-331b-448d-a626-ec94cfb52e3b
2021-07-17 01:44:32,039 [EndpointStateMachine task thread for /0.0.0.0:40423 - 0 ] INFO  server.RaftServer (RaftServerProxy.java:lambda$start$5(374)) - 90710055-331b-448d-a626-ec94cfb52e3b: start RPC server
2021-07-17 01:44:32,043 [EndpointStateMachine task thread for /0.0.0.0:40423 - 0 ] INFO  server.GrpcService (GrpcService.java:startImpl(253)) - 90710055-331b-448d-a626-ec94cfb52e3b: GrpcService started, listening on 37627
2021-07-17 01:44:32,043 [EndpointStateMachine task thread for /0.0.0.0:40423 - 0 ] INFO  ratis.XceiverServerRatis (XceiverServerRatis.java:getRealPort(499)) - XceiverServerRatis 90710055-331b-448d-a626-ec94cfb52e3b is started using port 37627 for RATIS
2021-07-17 01:44:32,043 [EndpointStateMachine task thread for /0.0.0.0:40423 - 0 ] INFO  ratis.XceiverServerRatis (XceiverServerRatis.java:getRealPort(499)) - XceiverServerRatis 90710055-331b-448d-a626-ec94cfb52e3b is started using port 37627 for RATIS_ADMIN
2021-07-17 01:44:32,043 [EndpointStateMachine task thread for /0.0.0.0:40423 - 0 ] INFO  ratis.XceiverServerRatis (XceiverServerRatis.java:getRealPort(499)) - XceiverServerRatis 90710055-331b-448d-a626-ec94cfb52e3b is started using port 37627 for RATIS_SERVER
2021-07-17 01:44:32,043 [org.apache.ratis.util.JvmPauseMonitor$$Lambda$525/732148902@255963d4] INFO  util.JvmPauseMonitor (JvmPauseMonitor.java:run(103)) - JvmPauseMonitor-90710055-331b-448d-a626-ec94cfb52e3b: Started
2021-07-17 01:44:32,043 [EndpointStateMachine task thread for /0.0.0.0:40423 - 0 ] INFO  server.XceiverServerGrpc (XceiverServerGrpc.java:start(135)) - XceiverServerGrpc 90710055-331b-448d-a626-ec94cfb52e3b is started using port 43685
2021-07-17 01:44:32,191 [EndpointStateMachine task thread for /0.0.0.0:40423 - 0 ] INFO  ozoneimpl.OzoneContainer (OzoneContainer.java:start(305)) - Attempting to start container services.
2021-07-17 01:44:32,191 [EndpointStateMachine task thread for /0.0.0.0:40423 - 0 ] INFO  ozoneimpl.OzoneContainer (OzoneContainer.java:startContainerScrub(250)) - Background container scanner has been disabled.
2021-07-17 01:44:32,192 [EndpointStateMachine task thread for /0.0.0.0:40423 - 0 ] INFO  replication.ReplicationServer (ReplicationServer.java:start(106)) - ReplicationServer is started using port 33633
2021-07-17 01:44:32,192 [EndpointStateMachine task thread for /0.0.0.0:40423 - 0 ] INFO  ratis.XceiverServerRatis (XceiverServerRatis.java:start(478)) - Starting XceiverServerRatis 10a21550-a5a0-488e-a6a8-a727859c68fc
2021-07-17 01:44:32,197 [EndpointStateMachine task thread for /0.0.0.0:40423 - 0 ] INFO  server.RaftServer (RaftServerProxy.java:lambda$start$5(374)) - 10a21550-a5a0-488e-a6a8-a727859c68fc: start RPC server
2021-07-17 01:44:32,197 [EndpointStateMachine task thread for /0.0.0.0:40423 - 0 ] INFO  server.GrpcService (GrpcService.java:startImpl(253)) - 10a21550-a5a0-488e-a6a8-a727859c68fc: GrpcService started, listening on 43097
2021-07-17 01:44:32,197 [EndpointStateMachine task thread for /0.0.0.0:40423 - 0 ] INFO  ratis.XceiverServerRatis (XceiverServerRatis.java:getRealPort(499)) - XceiverServerRatis 10a21550-a5a0-488e-a6a8-a727859c68fc is started using port 43097 for RATIS
2021-07-17 01:44:32,197 [org.apache.ratis.util.JvmPauseMonitor$$Lambda$525/732148902@2e263354] INFO  util.JvmPauseMonitor (JvmPauseMonitor.java:run(103)) - JvmPauseMonitor-10a21550-a5a0-488e-a6a8-a727859c68fc: Started
2021-07-17 01:44:32,197 [EndpointStateMachine task thread for /0.0.0.0:40423 - 0 ] INFO  ratis.XceiverServerRatis (XceiverServerRatis.java:getRealPort(499)) - XceiverServerRatis 10a21550-a5a0-488e-a6a8-a727859c68fc is started using port 43097 for RATIS_ADMIN
2021-07-17 01:44:32,197 [EndpointStateMachine task thread for /0.0.0.0:40423 - 0 ] INFO  ratis.XceiverServerRatis (XceiverServerRatis.java:getRealPort(499)) - XceiverServerRatis 10a21550-a5a0-488e-a6a8-a727859c68fc is started using port 43097 for RATIS_SERVER
2021-07-17 01:44:32,198 [EndpointStateMachine task thread for /0.0.0.0:40423 - 0 ] INFO  server.XceiverServerGrpc (XceiverServerGrpc.java:start(135)) - XceiverServerGrpc 10a21550-a5a0-488e-a6a8-a727859c68fc is started using port 35893
2021-07-17 01:44:32,329 [EndpointStateMachine task thread for /0.0.0.0:40423 - 0 ] INFO  ozoneimpl.OzoneContainer (OzoneContainer.java:start(305)) - Attempting to start container services.
2021-07-17 01:44:32,329 [EndpointStateMachine task thread for /0.0.0.0:40423 - 0 ] INFO  ozoneimpl.OzoneContainer (OzoneContainer.java:startContainerScrub(250)) - Background container scanner has been disabled.
2021-07-17 01:44:32,330 [EndpointStateMachine task thread for /0.0.0.0:40423 - 0 ] INFO  replication.ReplicationServer (ReplicationServer.java:start(106)) - ReplicationServer is started using port 41259
2021-07-17 01:44:32,330 [EndpointStateMachine task thread for /0.0.0.0:40423 - 0 ] INFO  ratis.XceiverServerRatis (XceiverServerRatis.java:start(478)) - Starting XceiverServerRatis 2cdc0689-27ad-48f6-b58d-8766a5040b34
2021-07-17 01:44:32,330 [EndpointStateMachine task thread for /0.0.0.0:40423 - 0 ] INFO  server.RaftServer (RaftServerProxy.java:lambda$start$5(374)) - 2cdc0689-27ad-48f6-b58d-8766a5040b34: start RPC server
2021-07-17 01:44:32,331 [EndpointStateMachine task thread for /0.0.0.0:40423 - 0 ] INFO  server.GrpcService (GrpcService.java:startImpl(253)) - 2cdc0689-27ad-48f6-b58d-8766a5040b34: GrpcService started, listening on 33475
2021-07-17 01:44:32,331 [EndpointStateMachine task thread for /0.0.0.0:40423 - 0 ] INFO  ratis.XceiverServerRatis (XceiverServerRatis.java:getRealPort(499)) - XceiverServerRatis 2cdc0689-27ad-48f6-b58d-8766a5040b34 is started using port 33475 for RATIS
2021-07-17 01:44:32,331 [EndpointStateMachine task thread for /0.0.0.0:40423 - 0 ] INFO  ratis.XceiverServerRatis (XceiverServerRatis.java:getRealPort(499)) - XceiverServerRatis 2cdc0689-27ad-48f6-b58d-8766a5040b34 is started using port 33475 for RATIS_ADMIN
2021-07-17 01:44:32,331 [EndpointStateMachine task thread for /0.0.0.0:40423 - 0 ] INFO  ratis.XceiverServerRatis (XceiverServerRatis.java:getRealPort(499)) - XceiverServerRatis 2cdc0689-27ad-48f6-b58d-8766a5040b34 is started using port 33475 for RATIS_SERVER
2021-07-17 01:44:32,331 [org.apache.ratis.util.JvmPauseMonitor$$Lambda$525/732148902@5ebfd3e1] INFO  util.JvmPauseMonitor (JvmPauseMonitor.java:run(103)) - JvmPauseMonitor-2cdc0689-27ad-48f6-b58d-8766a5040b34: Started
2021-07-17 01:44:32,331 [EndpointStateMachine task thread for /0.0.0.0:40423 - 0 ] INFO  server.XceiverServerGrpc (XceiverServerGrpc.java:start(135)) - XceiverServerGrpc 2cdc0689-27ad-48f6-b58d-8766a5040b34 is started using port 32995
2021-07-17 01:44:32,509 [EndpointStateMachine task thread for /0.0.0.0:40423 - 0 ] INFO  ozoneimpl.OzoneContainer (OzoneContainer.java:start(305)) - Attempting to start container services.
2021-07-17 01:44:32,509 [EndpointStateMachine task thread for /0.0.0.0:40423 - 0 ] INFO  ozoneimpl.OzoneContainer (OzoneContainer.java:startContainerScrub(250)) - Background container scanner has been disabled.
2021-07-17 01:44:32,510 [EndpointStateMachine task thread for /0.0.0.0:40423 - 0 ] INFO  replication.ReplicationServer (ReplicationServer.java:start(106)) - ReplicationServer is started using port 33303
2021-07-17 01:44:32,510 [EndpointStateMachine task thread for /0.0.0.0:40423 - 0 ] INFO  ratis.XceiverServerRatis (XceiverServerRatis.java:start(478)) - Starting XceiverServerRatis 155d2fb2-0dbf-48e7-822f-44a07ee5e1e6
2021-07-17 01:44:32,510 [EndpointStateMachine task thread for /0.0.0.0:40423 - 0 ] INFO  server.RaftServer (RaftServerProxy.java:lambda$start$5(374)) - 155d2fb2-0dbf-48e7-822f-44a07ee5e1e6: start RPC server
2021-07-17 01:44:32,511 [EndpointStateMachine task thread for /0.0.0.0:40423 - 0 ] INFO  server.GrpcService (GrpcService.java:startImpl(253)) - 155d2fb2-0dbf-48e7-822f-44a07ee5e1e6: GrpcService started, listening on 42075
2021-07-17 01:44:32,511 [EndpointStateMachine task thread for /0.0.0.0:40423 - 0 ] INFO  ratis.XceiverServerRatis (XceiverServerRatis.java:getRealPort(499)) - XceiverServerRatis 155d2fb2-0dbf-48e7-822f-44a07ee5e1e6 is started using port 42075 for RATIS
2021-07-17 01:44:32,511 [EndpointStateMachine task thread for /0.0.0.0:40423 - 0 ] INFO  ratis.XceiverServerRatis (XceiverServerRatis.java:getRealPort(499)) - XceiverServerRatis 155d2fb2-0dbf-48e7-822f-44a07ee5e1e6 is started using port 42075 for RATIS_ADMIN
2021-07-17 01:44:32,511 [org.apache.ratis.util.JvmPauseMonitor$$Lambda$525/732148902@2f560b09] INFO  util.JvmPauseMonitor (JvmPauseMonitor.java:run(103)) - JvmPauseMonitor-155d2fb2-0dbf-48e7-822f-44a07ee5e1e6: Started
2021-07-17 01:44:32,511 [EndpointStateMachine task thread for /0.0.0.0:40423 - 0 ] INFO  ratis.XceiverServerRatis (XceiverServerRatis.java:getRealPort(499)) - XceiverServerRatis 155d2fb2-0dbf-48e7-822f-44a07ee5e1e6 is started using port 42075 for RATIS_SERVER
2021-07-17 01:44:32,512 [EndpointStateMachine task thread for /0.0.0.0:40423 - 0 ] INFO  server.XceiverServerGrpc (XceiverServerGrpc.java:start(135)) - XceiverServerGrpc 155d2fb2-0dbf-48e7-822f-44a07ee5e1e6 is started using port 39691
2021-07-17 01:44:32,648 [Listener at 127.0.0.1/42341] INFO  ozone.MiniOzoneClusterImpl (MiniOzoneClusterImpl.java:lambda$waitForClusterToBeReady$0(230)) - Waiting for nodes to be ready. Got 0 of 9 DN Heartbeats.
2021-07-17 01:44:32,648 [Listener at 127.0.0.1/42341] INFO  ozone.MiniOzoneClusterImpl (MiniOzoneClusterImpl.java:lambda$waitForClusterToBeReady$0(233)) - Waiting for cluster to exit safe mode
2021-07-17 01:44:32,648 [Listener at 127.0.0.1/42341] INFO  ozone.MiniOzoneClusterImpl (MiniOzoneClusterImpl.java:lambda$waitForClusterToBeReady$0(235)) - SCM became leader
2021-07-17 01:44:32,653 [EndpointStateMachine task thread for /0.0.0.0:40423 - 0 ] INFO  ozoneimpl.OzoneContainer (OzoneContainer.java:start(305)) - Attempting to start container services.
2021-07-17 01:44:32,653 [EndpointStateMachine task thread for /0.0.0.0:40423 - 0 ] INFO  ozoneimpl.OzoneContainer (OzoneContainer.java:startContainerScrub(250)) - Background container scanner has been disabled.
2021-07-17 01:44:32,654 [EndpointStateMachine task thread for /0.0.0.0:40423 - 0 ] INFO  replication.ReplicationServer (ReplicationServer.java:start(106)) - ReplicationServer is started using port 41759
2021-07-17 01:44:32,654 [EndpointStateMachine task thread for /0.0.0.0:40423 - 0 ] INFO  ratis.XceiverServerRatis (XceiverServerRatis.java:start(478)) - Starting XceiverServerRatis 6357416b-3a0c-4a85-a83f-939eb676dba2
2021-07-17 01:44:32,654 [EndpointStateMachine task thread for /0.0.0.0:40423 - 0 ] INFO  server.RaftServer (RaftServerProxy.java:lambda$start$5(374)) - 6357416b-3a0c-4a85-a83f-939eb676dba2: start RPC server
2021-07-17 01:44:32,655 [EndpointStateMachine task thread for /0.0.0.0:40423 - 0 ] INFO  server.GrpcService (GrpcService.java:startImpl(253)) - 6357416b-3a0c-4a85-a83f-939eb676dba2: GrpcService started, listening on 37413
2021-07-17 01:44:32,655 [EndpointStateMachine task thread for /0.0.0.0:40423 - 0 ] INFO  ratis.XceiverServerRatis (XceiverServerRatis.java:getRealPort(499)) - XceiverServerRatis 6357416b-3a0c-4a85-a83f-939eb676dba2 is started using port 37413 for RATIS
2021-07-17 01:44:32,655 [EndpointStateMachine task thread for /0.0.0.0:40423 - 0 ] INFO  ratis.XceiverServerRatis (XceiverServerRatis.java:getRealPort(499)) - XceiverServerRatis 6357416b-3a0c-4a85-a83f-939eb676dba2 is started using port 37413 for RATIS_ADMIN
2021-07-17 01:44:32,655 [org.apache.ratis.util.JvmPauseMonitor$$Lambda$525/732148902@3f9d7e0] INFO  util.JvmPauseMonitor (JvmPauseMonitor.java:run(103)) - JvmPauseMonitor-6357416b-3a0c-4a85-a83f-939eb676dba2: Started
2021-07-17 01:44:32,655 [EndpointStateMachine task thread for /0.0.0.0:40423 - 0 ] INFO  ratis.XceiverServerRatis (XceiverServerRatis.java:getRealPort(499)) - XceiverServerRatis 6357416b-3a0c-4a85-a83f-939eb676dba2 is started using port 37413 for RATIS_SERVER
2021-07-17 01:44:32,655 [EndpointStateMachine task thread for /0.0.0.0:40423 - 0 ] INFO  server.XceiverServerGrpc (XceiverServerGrpc.java:start(135)) - XceiverServerGrpc 6357416b-3a0c-4a85-a83f-939eb676dba2 is started using port 41669
2021-07-17 01:44:33,464 [IPC Server handler 2 on default port 40423] INFO  net.NetworkTopologyImpl (NetworkTopologyImpl.java:add(112)) - Added a new node: /default-rack/817716dc-74d9-44e3-96f4-247fb6d3bd86
2021-07-17 01:44:33,464 [IPC Server handler 2 on default port 40423] INFO  node.SCMNodeManager (SCMNodeManager.java:register(386)) - Registered Data node : 817716dc-74d9-44e3-96f4-247fb6d3bd86{ip: 10.1.0.46, host: fv-az52-843.jaak54zke33upnjmlridiqi2vb.bx.internal.cloudapp.net, ports: [REPLICATION=34883, RATIS=37853, RATIS_ADMIN=37853, RATIS_SERVER=37853, STANDALONE=46507], networkLocation: /default-rack, certSerialId: null, persistedOpState: null, persistedOpStateExpiryEpochSec: 0}
2021-07-17 01:44:33,473 [EventQueue-NewNodeForNewNodeHandler] INFO  pipeline.BackgroundPipelineCreator (BackgroundPipelineCreatorV2.java:notifyEventTriggered(285)) - trigger a one-shot run on RatisPipelineUtilsThread.
2021-07-17 01:44:33,473 [EventQueue-NodeRegistrationContainerReportForContainerSafeModeRule] INFO  safemode.SCMSafeModeManager (SCMSafeModeManager.java:validateSafeModeExitRules(204)) - ContainerSafeModeRule rule is successfully validated
2021-07-17 01:44:33,473 [EventQueue-NodeRegistrationContainerReportForDataNodeSafeModeRule] INFO  safemode.SCMSafeModeManager (DataNodeSafeModeRule.java:process(71)) - SCM in safe mode. 1 DataNodes registered, 3 required.
2021-07-17 01:44:33,473 [RatisPipelineUtilsThread - 0] INFO  pipeline.RatisPipelineProvider (RatisPipelineProvider.java:lambda$create$0(183)) - Sending CreatePipelineCommand for pipeline:PipelineID=5249ef88-a7f1-4b24-a64b-0a3857e4c501 to datanode:817716dc-74d9-44e3-96f4-247fb6d3bd86
2021-07-17 01:44:33,474 [EventQueue-PipelineReportForOneReplicaPipelineSafeModeRule] INFO  safemode.SCMSafeModeManager (SCMSafeModeManager.java:validateSafeModeExitRules(204)) - AtleastOneDatanodeReportedRule rule is successfully validated
2021-07-17 01:44:33,475 [RatisPipelineUtilsThread - 0] INFO  pipeline.PipelineStateManager (PipelineStateManagerV2Impl.java:addPipeline(101)) - Created pipeline Pipeline[ Id: 5249ef88-a7f1-4b24-a64b-0a3857e4c501, Nodes: 817716dc-74d9-44e3-96f4-247fb6d3bd86{ip: 10.1.0.46, host: fv-az52-843.jaak54zke33upnjmlridiqi2vb.bx.internal.cloudapp.net, ports: [REPLICATION=34883, RATIS=37853, RATIS_ADMIN=37853, RATIS_SERVER=37853, STANDALONE=46507], networkLocation: /default-rack, certSerialId: null, persistedOpState: IN_SERVICE, persistedOpStateExpiryEpochSec: 0}, ReplicationConfig: RATIS/ONE, State:ALLOCATED, leaderId:, CreationTimestamp2021-07-17T01:44:33.473Z[Etc/UTC]].
2021-07-17 01:44:33,611 [IPC Server handler 3 on default port 40423] INFO  net.NetworkTopologyImpl (NetworkTopologyImpl.java:add(112)) - Added a new node: /default-rack/b32faf46-69b0-41ce-b187-d9527561eeb9
2021-07-17 01:44:33,611 [IPC Server handler 3 on default port 40423] INFO  node.SCMNodeManager (SCMNodeManager.java:register(386)) - Registered Data node : b32faf46-69b0-41ce-b187-d9527561eeb9{ip: 10.1.0.46, host: fv-az52-843.jaak54zke33upnjmlridiqi2vb.bx.internal.cloudapp.net, ports: [REPLICATION=44387, RATIS=42083, RATIS_ADMIN=42083, RATIS_SERVER=42083, STANDALONE=33573], networkLocation: /default-rack, certSerialId: null, persistedOpState: null, persistedOpStateExpiryEpochSec: 0}
2021-07-17 01:44:33,612 [EventQueue-NewNodeForNewNodeHandler] INFO  pipeline.BackgroundPipelineCreator (BackgroundPipelineCreatorV2.java:notifyEventTriggered(285)) - trigger a one-shot run on RatisPipelineUtilsThread.
2021-07-17 01:44:33,612 [EventQueue-NodeRegistrationContainerReportForDataNodeSafeModeRule] INFO  safemode.SCMSafeModeManager (DataNodeSafeModeRule.java:process(71)) - SCM in safe mode. 2 DataNodes registered, 3 required.
2021-07-17 01:44:33,612 [RatisPipelineUtilsThread - 0] INFO  pipeline.RatisPipelineProvider (RatisPipelineProvider.java:lambda$create$0(183)) - Sending CreatePipelineCommand for pipeline:PipelineID=d89eed4d-18d6-463a-bc26-ded385be976b to datanode:b32faf46-69b0-41ce-b187-d9527561eeb9
2021-07-17 01:44:33,613 [RatisPipelineUtilsThread - 0] INFO  pipeline.PipelineStateManager (PipelineStateManagerV2Impl.java:addPipeline(101)) - Created pipeline Pipeline[ Id: d89eed4d-18d6-463a-bc26-ded385be976b, Nodes: b32faf46-69b0-41ce-b187-d9527561eeb9{ip: 10.1.0.46, host: fv-az52-843.jaak54zke33upnjmlridiqi2vb.bx.internal.cloudapp.net, ports: [REPLICATION=44387, RATIS=42083, RATIS_ADMIN=42083, RATIS_SERVER=42083, STANDALONE=33573], networkLocation: /default-rack, certSerialId: null, persistedOpState: IN_SERVICE, persistedOpStateExpiryEpochSec: 0}, ReplicationConfig: RATIS/ONE, State:ALLOCATED, leaderId:, CreationTimestamp2021-07-17T01:44:33.612Z[Etc/UTC]].
2021-07-17 01:44:33,649 [Listener at 127.0.0.1/42341] INFO  ozone.MiniOzoneClusterImpl (MiniOzoneClusterImpl.java:lambda$waitForClusterToBeReady$0(230)) - Waiting for nodes to be ready. Got 2 of 9 DN Heartbeats.
2021-07-17 01:44:33,649 [Listener at 127.0.0.1/42341] INFO  ozone.MiniOzoneClusterImpl (MiniOzoneClusterImpl.java:lambda$waitForClusterToBeReady$0(233)) - Waiting for cluster to exit safe mode
2021-07-17 01:44:33,649 [Listener at 127.0.0.1/42341] INFO  ozone.MiniOzoneClusterImpl (MiniOzoneClusterImpl.java:lambda$waitForClusterToBeReady$0(235)) - SCM became leader
2021-07-17 01:44:33,752 [IPC Server handler 6 on default port 40423] INFO  net.NetworkTopologyImpl (NetworkTopologyImpl.java:add(112)) - Added a new node: /default-rack/30d49bb6-b206-443f-92f8-de1941ac4061
2021-07-17 01:44:33,752 [IPC Server handler 6 on default port 40423] INFO  node.SCMNodeManager (SCMNodeManager.java:register(386)) - Registered Data node : 30d49bb6-b206-443f-92f8-de1941ac4061{ip: 10.1.0.46, host: fv-az52-843.jaak54zke33upnjmlridiqi2vb.bx.internal.cloudapp.net, ports: [REPLICATION=45345, RATIS=40535, RATIS_ADMIN=40535, RATIS_SERVER=40535, STANDALONE=36317], networkLocation: /default-rack, certSerialId: null, persistedOpState: null, persistedOpStateExpiryEpochSec: 0}
2021-07-17 01:44:33,752 [EventQueue-NewNodeForNewNodeHandler] INFO  pipeline.BackgroundPipelineCreator (BackgroundPipelineCreatorV2.java:notifyEventTriggered(285)) - trigger a one-shot run on RatisPipelineUtilsThread.
2021-07-17 01:44:33,753 [EventQueue-NodeRegistrationContainerReportForDataNodeSafeModeRule] INFO  safemode.SCMSafeModeManager (DataNodeSafeModeRule.java:process(71)) - SCM in safe mode. 3 DataNodes registered, 3 required.
2021-07-17 01:44:33,753 [EventQueue-NodeRegistrationContainerReportForDataNodeSafeModeRule] INFO  safemode.SCMSafeModeManager (SCMSafeModeManager.java:validateSafeModeExitRules(204)) - DataNodeSafeModeRule rule is successfully validated
2021-07-17 01:44:33,753 [EventQueue-NodeRegistrationContainerReportForDataNodeSafeModeRule] INFO  safemode.SCMSafeModeManager (SCMSafeModeManager.java:completePreCheck(233)) - All SCM safe mode pre check rules have passed
2021-07-17 01:44:33,753 [EventQueue-NodeRegistrationContainerReportForDataNodeSafeModeRule] WARN  events.EventQueue (EventQueue.java:fireEvent(194)) - No event handler registered for event TypedEvent{payloadType=SafeModeStatus, name='Safe mode status'}
2021-07-17 01:44:33,753 [EventQueue-NodeRegistrationContainerReportForDataNodeSafeModeRule] INFO  ha.SCMContext (SCMContext.java:updateSafeModeStatus(205)) - Update SafeModeStatus from SafeModeStatus{safeModeStatus=true, preCheckPassed=false} to SafeModeStatus{safeModeStatus=true, preCheckPassed=true}.
2021-07-17 01:44:33,753 [EventQueue-NodeRegistrationContainerReportForDataNodeSafeModeRule] INFO  pipeline.BackgroundPipelineCreator (BackgroundPipelineCreatorV2.java:notifyEventTriggered(285)) - trigger a one-shot run on RatisPipelineUtilsThread.
2021-07-17 01:44:33,753 [RatisPipelineUtilsThread - 0] INFO  pipeline.RatisPipelineProvider (RatisPipelineProvider.java:lambda$create$0(183)) - Sending CreatePipelineCommand for pipeline:PipelineID=308d6815-5698-44e4-a3f7-5883ecda4f1a to datanode:30d49bb6-b206-443f-92f8-de1941ac4061
2021-07-17 01:44:33,754 [RatisPipelineUtilsThread - 0] INFO  pipeline.PipelineStateManager (PipelineStateManagerV2Impl.java:addPipeline(101)) - Created pipeline Pipeline[ Id: 308d6815-5698-44e4-a3f7-5883ecda4f1a, Nodes: 30d49bb6-b206-443f-92f8-de1941ac4061{ip: 10.1.0.46, host: fv-az52-843.jaak54zke33upnjmlridiqi2vb.bx.internal.cloudapp.net, ports: [REPLICATION=45345, RATIS=40535, RATIS_ADMIN=40535, RATIS_SERVER=40535, STANDALONE=36317], networkLocation: /default-rack, certSerialId: null, persistedOpState: IN_SERVICE, persistedOpStateExpiryEpochSec: 0}, ReplicationConfig: RATIS/ONE, State:ALLOCATED, leaderId:, CreationTimestamp2021-07-17T01:44:33.753Z[Etc/UTC]].
2021-07-17 01:44:33,754 [RatisPipelineUtilsThread - 0] INFO  pipeline.RatisPipelineProvider (RatisPipelineProvider.java:lambda$create$0(183)) - Sending CreatePipelineCommand for pipeline:PipelineID=29f43b99-e021-4e88-bda1-18ea97dc0098 to datanode:817716dc-74d9-44e3-96f4-247fb6d3bd86
2021-07-17 01:44:33,754 [RatisPipelineUtilsThread - 0] INFO  pipeline.RatisPipelineProvider (RatisPipelineProvider.java:lambda$create$0(183)) - Sending CreatePipelineCommand for pipeline:PipelineID=29f43b99-e021-4e88-bda1-18ea97dc0098 to datanode:b32faf46-69b0-41ce-b187-d9527561eeb9
2021-07-17 01:44:33,754 [RatisPipelineUtilsThread - 0] INFO  pipeline.RatisPipelineProvider (RatisPipelineProvider.java:lambda$create$0(183)) - Sending CreatePipelineCommand for pipeline:PipelineID=29f43b99-e021-4e88-bda1-18ea97dc0098 to datanode:30d49bb6-b206-443f-92f8-de1941ac4061
2021-07-17 01:44:33,755 [RatisPipelineUtilsThread - 0] INFO  pipeline.PipelineStateManager (PipelineStateManagerV2Impl.java:addPipeline(101)) - Created pipeline Pipeline[ Id: 29f43b99-e021-4e88-bda1-18ea97dc0098, Nodes: 817716dc-74d9-44e3-96f4-247fb6d3bd86{ip: 10.1.0.46, host: fv-az52-843.jaak54zke33upnjmlridiqi2vb.bx.internal.cloudapp.net, ports: [REPLICATION=34883, RATIS=37853, RATIS_ADMIN=37853, RATIS_SERVER=37853, STANDALONE=46507], networkLocation: /default-rack, certSerialId: null, persistedOpState: IN_SERVICE, persistedOpStateExpiryEpochSec: 0}b32faf46-69b0-41ce-b187-d9527561eeb9{ip: 10.1.0.46, host: fv-az52-843.jaak54zke33upnjmlridiqi2vb.bx.internal.cloudapp.net, ports: [REPLICATION=44387, RATIS=42083, RATIS_ADMIN=42083, RATIS_SERVER=42083, STANDALONE=33573], networkLocation: /default-rack, certSerialId: null, persistedOpState: IN_SERVICE, persistedOpStateExpiryEpochSec: 0}30d49bb6-b206-443f-92f8-de1941ac4061{ip: 10.1.0.46, host: fv-az52-843.jaak54zke33upnjmlridiqi2vb.bx.internal.cloudapp.net, ports: [REPLICATION=45345, RATIS=40535, RATIS_ADMIN=40535, RATIS_SERVER=40535, STANDALONE=36317], networkLocation: /default-rack, certSerialId: null, persistedOpState: IN_SERVICE, persistedOpStateExpiryEpochSec: 0}, ReplicationConfig: RATIS/THREE, State:ALLOCATED, leaderId:, CreationTimestamp2021-07-17T01:44:33.754Z[Etc/UTC]].
2021-07-17 01:44:33,896 [IPC Server handler 7 on default port 40423] INFO  net.NetworkTopologyImpl (NetworkTopologyImpl.java:add(112)) - Added a new node: /default-rack/8befdf63-f118-4996-8ccb-439953d58c5e
2021-07-17 01:44:33,896 [IPC Server handler 7 on default port 40423] INFO  node.SCMNodeManager (SCMNodeManager.java:register(386)) - Registered Data node : 8befdf63-f118-4996-8ccb-439953d58c5e{ip: 10.1.0.46, host: fv-az52-843.jaak54zke33upnjmlridiqi2vb.bx.internal.cloudapp.net, ports: [REPLICATION=39729, RATIS=43351, RATIS_ADMIN=43351, RATIS_SERVER=43351, STANDALONE=36951], networkLocation: /default-rack, certSerialId: null, persistedOpState: null, persistedOpStateExpiryEpochSec: 0}
2021-07-17 01:44:33,896 [EventQueue-NewNodeForNewNodeHandler] INFO  pipeline.BackgroundPipelineCreator (BackgroundPipelineCreatorV2.java:notifyEventTriggered(285)) - trigger a one-shot run on RatisPipelineUtilsThread.
2021-07-17 01:44:33,898 [RatisPipelineUtilsThread - 0] INFO  pipeline.RatisPipelineProvider (RatisPipelineProvider.java:lambda$create$0(183)) - Sending CreatePipelineCommand for pipeline:PipelineID=eb96b381-bce4-4690-90b6-5d96dbac4262 to datanode:8befdf63-f118-4996-8ccb-439953d58c5e
2021-07-17 01:44:33,898 [RatisPipelineUtilsThread - 0] INFO  pipeline.PipelineStateManager (PipelineStateManagerV2Impl.java:addPipeline(101)) - Created pipeline Pipeline[ Id: eb96b381-bce4-4690-90b6-5d96dbac4262, Nodes: 8befdf63-f118-4996-8ccb-439953d58c5e{ip: 10.1.0.46, host: fv-az52-843.jaak54zke33upnjmlridiqi2vb.bx.internal.cloudapp.net, ports: [REPLICATION=39729, RATIS=43351, RATIS_ADMIN=43351, RATIS_SERVER=43351, STANDALONE=36951], networkLocation: /default-rack, certSerialId: null, persistedOpState: IN_SERVICE, persistedOpStateExpiryEpochSec: 0}, ReplicationConfig: RATIS/ONE, State:ALLOCATED, leaderId:, CreationTimestamp2021-07-17T01:44:33.897Z[Etc/UTC]].
2021-07-17 01:44:34,035 [IPC Server handler 8 on default port 40423] INFO  net.NetworkTopologyImpl (NetworkTopologyImpl.java:add(112)) - Added a new node: /default-rack/90710055-331b-448d-a626-ec94cfb52e3b
2021-07-17 01:44:34,035 [IPC Server handler 8 on default port 40423] INFO  node.SCMNodeManager (SCMNodeManager.java:register(386)) - Registered Data node : 90710055-331b-448d-a626-ec94cfb52e3b{ip: 10.1.0.46, host: fv-az52-843.jaak54zke33upnjmlridiqi2vb.bx.internal.cloudapp.net, ports: [REPLICATION=39683, RATIS=37627, RATIS_ADMIN=37627, RATIS_SERVER=37627, STANDALONE=43685], networkLocation: /default-rack, certSerialId: null, persistedOpState: null, persistedOpStateExpiryEpochSec: 0}
2021-07-17 01:44:34,035 [EventQueue-NewNodeForNewNodeHandler] INFO  pipeline.BackgroundPipelineCreator (BackgroundPipelineCreatorV2.java:notifyEventTriggered(285)) - trigger a one-shot run on RatisPipelineUtilsThread.
2021-07-17 01:44:34,038 [RatisPipelineUtilsThread - 0] INFO  pipeline.RatisPipelineProvider (RatisPipelineProvider.java:lambda$create$0(183)) - Sending CreatePipelineCommand for pipeline:PipelineID=7ac12946-c7d0-4d9a-ac15-3f4b6fffb2c9 to datanode:90710055-331b-448d-a626-ec94cfb52e3b
2021-07-17 01:44:34,038 [RatisPipelineUtilsThread - 0] INFO  pipeline.PipelineStateManager (PipelineStateManagerV2Impl.java:addPipeline(101)) - Created pipeline Pipeline[ Id: 7ac12946-c7d0-4d9a-ac15-3f4b6fffb2c9, Nodes: 90710055-331b-448d-a626-ec94cfb52e3b{ip: 10.1.0.46, host: fv-az52-843.jaak54zke33upnjmlridiqi2vb.bx.internal.cloudapp.net, ports: [REPLICATION=39683, RATIS=37627, RATIS_ADMIN=37627, RATIS_SERVER=37627, STANDALONE=43685], networkLocation: /default-rack, certSerialId: null, persistedOpState: IN_SERVICE, persistedOpStateExpiryEpochSec: 0}, ReplicationConfig: RATIS/ONE, State:ALLOCATED, leaderId:, CreationTimestamp2021-07-17T01:44:34.038Z[Etc/UTC]].
2021-07-17 01:44:34,187 [IPC Server handler 1 on default port 40423] INFO  net.NetworkTopologyImpl (NetworkTopologyImpl.java:add(112)) - Added a new node: /default-rack/10a21550-a5a0-488e-a6a8-a727859c68fc
2021-07-17 01:44:34,188 [IPC Server handler 1 on default port 40423] INFO  node.SCMNodeManager (SCMNodeManager.java:register(386)) - Registered Data node : 10a21550-a5a0-488e-a6a8-a727859c68fc{ip: 10.1.0.46, host: fv-az52-843.jaak54zke33upnjmlridiqi2vb.bx.internal.cloudapp.net, ports: [REPLICATION=33633, RATIS=43097, RATIS_ADMIN=43097, RATIS_SERVER=43097, STANDALONE=35893], networkLocation: /default-rack, certSerialId: null, persistedOpState: null, persistedOpStateExpiryEpochSec: 0}
2021-07-17 01:44:34,188 [EventQueue-NewNodeForNewNodeHandler] INFO  pipeline.BackgroundPipelineCreator (BackgroundPipelineCreatorV2.java:notifyEventTriggered(285)) - trigger a one-shot run on RatisPipelineUtilsThread.
2021-07-17 01:44:34,189 [RatisPipelineUtilsThread - 0] INFO  pipeline.RatisPipelineProvider (RatisPipelineProvider.java:lambda$create$0(183)) - Sending CreatePipelineCommand for pipeline:PipelineID=942a632f-8ff6-439b-9c03-6d74cca93b1d to datanode:10a21550-a5a0-488e-a6a8-a727859c68fc
2021-07-17 01:44:34,189 [RatisPipelineUtilsThread - 0] INFO  pipeline.PipelineStateManager (PipelineStateManagerV2Impl.java:addPipeline(101)) - Created pipeline Pipeline[ Id: 942a632f-8ff6-439b-9c03-6d74cca93b1d, Nodes: 10a21550-a5a0-488e-a6a8-a727859c68fc{ip: 10.1.0.46, host: fv-az52-843.jaak54zke33upnjmlridiqi2vb.bx.internal.cloudapp.net, ports: [REPLICATION=33633, RATIS=43097, RATIS_ADMIN=43097, RATIS_SERVER=43097, STANDALONE=35893], networkLocation: /default-rack, certSerialId: null, persistedOpState: IN_SERVICE, persistedOpStateExpiryEpochSec: 0}, ReplicationConfig: RATIS/ONE, State:ALLOCATED, leaderId:, CreationTimestamp2021-07-17T01:44:34.189Z[Etc/UTC]].
2021-07-17 01:44:34,189 [RatisPipelineUtilsThread - 0] INFO  pipeline.RatisPipelineProvider (RatisPipelineProvider.java:lambda$create$0(183)) - Sending CreatePipelineCommand for pipeline:PipelineID=722d4e1a-d5fd-4c8a-902a-70810ab09c8b to datanode:90710055-331b-448d-a626-ec94cfb52e3b
2021-07-17 01:44:34,189 [RatisPipelineUtilsThread - 0] INFO  pipeline.RatisPipelineProvider (RatisPipelineProvider.java:lambda$create$0(183)) - Sending CreatePipelineCommand for pipeline:PipelineID=722d4e1a-d5fd-4c8a-902a-70810ab09c8b to datanode:10a21550-a5a0-488e-a6a8-a727859c68fc
2021-07-17 01:44:34,190 [RatisPipelineUtilsThread - 0] INFO  pipeline.RatisPipelineProvider (RatisPipelineProvider.java:lambda$create$0(183)) - Sending CreatePipelineCommand for pipeline:PipelineID=722d4e1a-d5fd-4c8a-902a-70810ab09c8b to datanode:8befdf63-f118-4996-8ccb-439953d58c5e
2021-07-17 01:44:34,190 [RatisPipelineUtilsThread - 0] INFO  pipeline.PipelineStateManager (PipelineStateManagerV2Impl.java:addPipeline(101)) - Created pipeline Pipeline[ Id: 722d4e1a-d5fd-4c8a-902a-70810ab09c8b, Nodes: 90710055-331b-448d-a626-ec94cfb52e3b{ip: 10.1.0.46, host: fv-az52-843.jaak54zke33upnjmlridiqi2vb.bx.internal.cloudapp.net, ports: [REPLICATION=39683, RATIS=37627, RATIS_ADMIN=37627, RATIS_SERVER=37627, STANDALONE=43685], networkLocation: /default-rack, certSerialId: null, persistedOpState: IN_SERVICE, persistedOpStateExpiryEpochSec: 0}10a21550-a5a0-488e-a6a8-a727859c68fc{ip: 10.1.0.46, host: fv-az52-843.jaak54zke33upnjmlridiqi2vb.bx.internal.cloudapp.net, ports: [REPLICATION=33633, RATIS=43097, RATIS_ADMIN=43097, RATIS_SERVER=43097, STANDALONE=35893], networkLocation: /default-rack, certSerialId: null, persistedOpState: IN_SERVICE, persistedOpStateExpiryEpochSec: 0}8befdf63-f118-4996-8ccb-439953d58c5e{ip: 10.1.0.46, host: fv-az52-843.jaak54zke33upnjmlridiqi2vb.bx.internal.cloudapp.net, ports: [REPLICATION=39729, RATIS=43351, RATIS_ADMIN=43351, RATIS_SERVER=43351, STANDALONE=36951], networkLocation: /default-rack, certSerialId: null, persistedOpState: IN_SERVICE, persistedOpStateExpiryEpochSec: 0}, ReplicationConfig: RATIS/THREE, State:ALLOCATED, leaderId:, CreationTimestamp2021-07-17T01:44:34.189Z[Etc/UTC]].
2021-07-17 01:44:34,327 [IPC Server handler 0 on default port 40423] INFO  net.NetworkTopologyImpl (NetworkTopologyImpl.java:add(112)) - Added a new node: /default-rack/2cdc0689-27ad-48f6-b58d-8766a5040b34
2021-07-17 01:44:34,327 [IPC Server handler 0 on default port 40423] INFO  node.SCMNodeManager (SCMNodeManager.java:register(386)) - Registered Data node : 2cdc0689-27ad-48f6-b58d-8766a5040b34{ip: 10.1.0.46, host: fv-az52-843.jaak54zke33upnjmlridiqi2vb.bx.internal.cloudapp.net, ports: [REPLICATION=41259, RATIS=33475, RATIS_ADMIN=33475, RATIS_SERVER=33475, STANDALONE=32995], networkLocation: /default-rack, certSerialId: null, persistedOpState: null, persistedOpStateExpiryEpochSec: 0}
2021-07-17 01:44:34,327 [EventQueue-NewNodeForNewNodeHandler] INFO  pipeline.BackgroundPipelineCreator (BackgroundPipelineCreatorV2.java:notifyEventTriggered(285)) - trigger a one-shot run on RatisPipelineUtilsThread.
2021-07-17 01:44:34,328 [RatisPipelineUtilsThread - 0] INFO  pipeline.RatisPipelineProvider (RatisPipelineProvider.java:lambda$create$0(183)) - Sending CreatePipelineCommand for pipeline:PipelineID=c514fdd9-771e-4f20-8e01-66dc1415f9a3 to datanode:2cdc0689-27ad-48f6-b58d-8766a5040b34
2021-07-17 01:44:34,329 [RatisPipelineUtilsThread - 0] INFO  pipeline.PipelineStateManager (PipelineStateManagerV2Impl.java:addPipeline(101)) - Created pipeline Pipeline[ Id: c514fdd9-771e-4f20-8e01-66dc1415f9a3, Nodes: 2cdc0689-27ad-48f6-b58d-8766a5040b34{ip: 10.1.0.46, host: fv-az52-843.jaak54zke33upnjmlridiqi2vb.bx.internal.cloudapp.net, ports: [REPLICATION=41259, RATIS=33475, RATIS_ADMIN=33475, RATIS_SERVER=33475, STANDALONE=32995], networkLocation: /default-rack, certSerialId: null, persistedOpState: IN_SERVICE, persistedOpStateExpiryEpochSec: 0}, ReplicationConfig: RATIS/ONE, State:ALLOCATED, leaderId:, CreationTimestamp2021-07-17T01:44:34.328Z[Etc/UTC]].
2021-07-17 01:44:34,508 [IPC Server handler 3 on default port 40423] INFO  net.NetworkTopologyImpl (NetworkTopologyImpl.java:add(112)) - Added a new node: /default-rack/155d2fb2-0dbf-48e7-822f-44a07ee5e1e6
2021-07-17 01:44:34,509 [IPC Server handler 3 on default port 40423] INFO  node.SCMNodeManager (SCMNodeManager.java:register(386)) - Registered Data node : 155d2fb2-0dbf-48e7-822f-44a07ee5e1e6{ip: 10.1.0.46, host: fv-az52-843.jaak54zke33upnjmlridiqi2vb.bx.internal.cloudapp.net, ports: [REPLICATION=33303, RATIS=42075, RATIS_ADMIN=42075, RATIS_SERVER=42075, STANDALONE=39691], networkLocation: /default-rack, certSerialId: null, persistedOpState: null, persistedOpStateExpiryEpochSec: 0}
2021-07-17 01:44:34,509 [EventQueue-NewNodeForNewNodeHandler] INFO  pipeline.BackgroundPipelineCreator (BackgroundPipelineCreatorV2.java:notifyEventTriggered(285)) - trigger a one-shot run on RatisPipelineUtilsThread.
2021-07-17 01:44:34,509 [RatisPipelineUtilsThread - 0] INFO  pipeline.RatisPipelineProvider (RatisPipelineProvider.java:lambda$create$0(183)) - Sending CreatePipelineCommand for pipeline:PipelineID=14ec7a35-9e34-4a5b-bdd3-b458c821c649 to datanode:155d2fb2-0dbf-48e7-822f-44a07ee5e1e6
2021-07-17 01:44:34,510 [RatisPipelineUtilsThread - 0] INFO  pipeline.PipelineStateManager (PipelineStateManagerV2Impl.java:addPipeline(101)) - Created pipeline Pipeline[ Id: 14ec7a35-9e34-4a5b-bdd3-b458c821c649, Nodes: 155d2fb2-0dbf-48e7-822f-44a07ee5e1e6{ip: 10.1.0.46, host: fv-az52-843.jaak54zke33upnjmlridiqi2vb.bx.internal.cloudapp.net, ports: [REPLICATION=33303, RATIS=42075, RATIS_ADMIN=42075, RATIS_SERVER=42075, STANDALONE=39691], networkLocation: /default-rack, certSerialId: null, persistedOpState: IN_SERVICE, persistedOpStateExpiryEpochSec: 0}, ReplicationConfig: RATIS/ONE, State:ALLOCATED, leaderId:, CreationTimestamp2021-07-17T01:44:34.509Z[Etc/UTC]].
2021-07-17 01:44:34,649 [Listener at 127.0.0.1/42341] INFO  ozone.MiniOzoneClusterImpl (MiniOzoneClusterImpl.java:lambda$waitForClusterToBeReady$0(230)) - Waiting for nodes to be ready. Got 8 of 9 DN Heartbeats.
2021-07-17 01:44:34,650 [Listener at 127.0.0.1/42341] INFO  ozone.MiniOzoneClusterImpl (MiniOzoneClusterImpl.java:lambda$waitForClusterToBeReady$0(233)) - Waiting for cluster to exit safe mode
2021-07-17 01:44:34,650 [Listener at 127.0.0.1/42341] INFO  ozone.MiniOzoneClusterImpl (MiniOzoneClusterImpl.java:lambda$waitForClusterToBeReady$0(235)) - SCM became leader
2021-07-17 01:44:34,652 [IPC Server handler 6 on default port 40423] INFO  net.NetworkTopologyImpl (NetworkTopologyImpl.java:add(112)) - Added a new node: /default-rack/6357416b-3a0c-4a85-a83f-939eb676dba2
2021-07-17 01:44:34,652 [IPC Server handler 6 on default port 40423] INFO  node.SCMNodeManager (SCMNodeManager.java:register(386)) - Registered Data node : 6357416b-3a0c-4a85-a83f-939eb676dba2{ip: 10.1.0.46, host: fv-az52-843.jaak54zke33upnjmlridiqi2vb.bx.internal.cloudapp.net, ports: [REPLICATION=41759, RATIS=37413, RATIS_ADMIN=37413, RATIS_SERVER=37413, STANDALONE=41669], networkLocation: /default-rack, certSerialId: null, persistedOpState: null, persistedOpStateExpiryEpochSec: 0}
2021-07-17 01:44:34,652 [EventQueue-NewNodeForNewNodeHandler] INFO  pipeline.BackgroundPipelineCreator (BackgroundPipelineCreatorV2.java:notifyEventTriggered(285)) - trigger a one-shot run on RatisPipelineUtilsThread.
2021-07-17 01:44:34,654 [RatisPipelineUtilsThread - 0] INFO  pipeline.RatisPipelineProvider (RatisPipelineProvider.java:lambda$create$0(183)) - Sending CreatePipelineCommand for pipeline:PipelineID=a6d5e2ac-eb74-493d-88fd-a2170d7a80c4 to datanode:6357416b-3a0c-4a85-a83f-939eb676dba2
2021-07-17 01:44:34,654 [RatisPipelineUtilsThread - 0] INFO  pipeline.PipelineStateManager (PipelineStateManagerV2Impl.java:addPipeline(101)) - Created pipeline Pipeline[ Id: a6d5e2ac-eb74-493d-88fd-a2170d7a80c4, Nodes: 6357416b-3a0c-4a85-a83f-939eb676dba2{ip: 10.1.0.46, host: fv-az52-843.jaak54zke33upnjmlridiqi2vb.bx.internal.cloudapp.net, ports: [REPLICATION=41759, RATIS=37413, RATIS_ADMIN=37413, RATIS_SERVER=37413, STANDALONE=41669], networkLocation: /default-rack, certSerialId: null, persistedOpState: IN_SERVICE, persistedOpStateExpiryEpochSec: 0}, ReplicationConfig: RATIS/ONE, State:ALLOCATED, leaderId:, CreationTimestamp2021-07-17T01:44:34.654Z[Etc/UTC]].
2021-07-17 01:44:34,655 [RatisPipelineUtilsThread - 0] INFO  pipeline.RatisPipelineProvider (RatisPipelineProvider.java:lambda$create$0(183)) - Sending CreatePipelineCommand for pipeline:PipelineID=12500e82-9553-4f92-b0c8-2359fae4794d to datanode:6357416b-3a0c-4a85-a83f-939eb676dba2
2021-07-17 01:44:34,655 [RatisPipelineUtilsThread - 0] INFO  pipeline.RatisPipelineProvider (RatisPipelineProvider.java:lambda$create$0(183)) - Sending CreatePipelineCommand for pipeline:PipelineID=12500e82-9553-4f92-b0c8-2359fae4794d to datanode:155d2fb2-0dbf-48e7-822f-44a07ee5e1e6
2021-07-17 01:44:34,655 [RatisPipelineUtilsThread - 0] INFO  pipeline.RatisPipelineProvider (RatisPipelineProvider.java:lambda$create$0(183)) - Sending CreatePipelineCommand for pipeline:PipelineID=12500e82-9553-4f92-b0c8-2359fae4794d to datanode:2cdc0689-27ad-48f6-b58d-8766a5040b34
2021-07-17 01:44:34,655 [RatisPipelineUtilsThread - 0] INFO  pipeline.PipelineStateManager (PipelineStateManagerV2Impl.java:addPipeline(101)) - Created pipeline Pipeline[ Id: 12500e82-9553-4f92-b0c8-2359fae4794d, Nodes: 6357416b-3a0c-4a85-a83f-939eb676dba2{ip: 10.1.0.46, host: fv-az52-843.jaak54zke33upnjmlridiqi2vb.bx.internal.cloudapp.net, ports: [REPLICATION=41759, RATIS=37413, RATIS_ADMIN=37413, RATIS_SERVER=37413, STANDALONE=41669], networkLocation: /default-rack, certSerialId: null, persistedOpState: IN_SERVICE, persistedOpStateExpiryEpochSec: 0}155d2fb2-0dbf-48e7-822f-44a07ee5e1e6{ip: 10.1.0.46, host: fv-az52-843.jaak54zke33upnjmlridiqi2vb.bx.internal.cloudapp.net, ports: [REPLICATION=33303, RATIS=42075, RATIS_ADMIN=42075, RATIS_SERVER=42075, STANDALONE=39691], networkLocation: /default-rack, certSerialId: null, persistedOpState: IN_SERVICE, persistedOpStateExpiryEpochSec: 0}2cdc0689-27ad-48f6-b58d-8766a5040b34{ip: 10.1.0.46, host: fv-az52-843.jaak54zke33upnjmlridiqi2vb.bx.internal.cloudapp.net, ports: [REPLICATION=41259, RATIS=33475, RATIS_ADMIN=33475, RATIS_SERVER=33475, STANDALONE=32995], networkLocation: /default-rack, certSerialId: null, persistedOpState: IN_SERVICE, persistedOpStateExpiryEpochSec: 0}, ReplicationConfig: RATIS/THREE, State:ALLOCATED, leaderId:, CreationTimestamp2021-07-17T01:44:34.655Z[Etc/UTC]].
2021-07-17 01:44:35,650 [Listener at 127.0.0.1/42341] INFO  ozone.MiniOzoneClusterImpl (MiniOzoneClusterImpl.java:lambda$waitForClusterToBeReady$0(230)) - Nodes are ready. Got 9 of 9 DN Heartbeats.
2021-07-17 01:44:35,650 [Listener at 127.0.0.1/42341] INFO  ozone.MiniOzoneClusterImpl (MiniOzoneClusterImpl.java:lambda$waitForClusterToBeReady$0(233)) - Waiting for cluster to exit safe mode
2021-07-17 01:44:35,650 [Listener at 127.0.0.1/42341] INFO  ozone.MiniOzoneClusterImpl (MiniOzoneClusterImpl.java:lambda$waitForClusterToBeReady$0(235)) - SCM became leader
2021-07-17 01:44:36,464 [Command processor thread] INFO  server.RaftServer (RaftServerProxy.java:addNew(95)) - 817716dc-74d9-44e3-96f4-247fb6d3bd86: addNew group-0A3857E4C501:[817716dc-74d9-44e3-96f4-247fb6d3bd86|rpc:10.1.0.46:37853|priority:1] returns group-0A3857E4C501:java.util.concurrent.CompletableFuture@44a51a43[Not completed]
2021-07-17 01:44:36,465 [pool-527-thread-1] INFO  server.RaftServer$Division (RaftServerImpl.java:<init>(180)) - 817716dc-74d9-44e3-96f4-247fb6d3bd86: new RaftServerImpl for group-0A3857E4C501:[817716dc-74d9-44e3-96f4-247fb6d3bd86|rpc:10.1.0.46:37853|priority:1] with ContainerStateMachine:uninitialized
2021-07-17 01:44:36,465 [pool-527-thread-1] INFO  server.RaftServerConfigKeys (ConfUtils.java:logGet(44)) - raft.server.rpc.timeout.min = 5s (custom)
2021-07-17 01:44:36,465 [pool-527-thread-1] INFO  server.RaftServerConfigKeys (ConfUtils.java:logGet(44)) - raft.server.rpc.timeout.max = 5200ms (custom)
2021-07-17 01:44:36,465 [pool-527-thread-1] INFO  server.RaftServerConfigKeys (ConfUtils.java:logGet(44)) - raft.server.rpc.sleep.time = 25ms (default)
2021-07-17 01:44:36,466 [pool-527-thread-1] INFO  server.RaftServerConfigKeys (ConfUtils.java:logGet(44)) - raft.server.rpc.slowness.timeout = 300000ms (custom)
2021-07-17 01:44:36,466 [pool-527-thread-1] INFO  server.RaftServerConfigKeys (ConfUtils.java:logGet(44)) - raft.server.leaderelection.leader.step-down.wait-time = 10s (default)
2021-07-17 01:44:36,466 [pool-527-thread-1] INFO  server.RaftServerConfigKeys (ConfUtils.java:logGet(44)) - raft.server.sleep.deviation.threshold = 300ms (default)
2021-07-17 01:44:36,466 [pool-527-thread-1] INFO  server.RaftServerConfigKeys (ConfUtils.java:logGet(44)) - raft.server.log.appender.install.snapshot.enabled = false (custom)
2021-07-17 01:44:36,466 [pool-527-thread-1] INFO  server.RaftServer$Division (ServerState.java:<init>(105)) - 817716dc-74d9-44e3-96f4-247fb6d3bd86@group-0A3857E4C501: ConfigurationManager, init=-1: [817716dc-74d9-44e3-96f4-247fb6d3bd86|rpc:10.1.0.46:37853|priority:1], old=null, confs=<EMPTY_MAP>
2021-07-17 01:44:36,466 [pool-527-thread-1] INFO  server.RaftServerConfigKeys (ConfUtils.java:logGet(44)) - raft.server.storage.dir = [/home/runner/work/ozone/ozone/mnt/ozone/hadoop-ozone/integration-test/target/test-dir/MiniOzoneClusterImpl-ab53e13c-b7a0-452c-aef0-b95992dbe1a2/datanode-0/data/ratis] (custom)
2021-07-17 01:44:36,466 [pool-527-thread-1] INFO  server.RaftServerConfigKeys (ConfUtils.java:logGet(44)) - raft.server.log.corruption.policy = EXCEPTION (default)
2021-07-17 01:44:36,466 [pool-527-thread-1] INFO  storage.RaftStorageDirectory (RaftStorageDirectoryImpl.java:analyzeStorage(132)) - The storage directory /home/runner/work/ozone/ozone/mnt/ozone/hadoop-ozone/integration-test/target/test-dir/MiniOzoneClusterImpl-ab53e13c-b7a0-452c-aef0-b95992dbe1a2/datanode-0/data/ratis/5249ef88-a7f1-4b24-a64b-0a3857e4c501 does not exist. Creating ...
2021-07-17 01:44:36,472 [pool-527-thread-1] INFO  storage.RaftStorageDirectory (RaftStorageDirectoryImpl.java:tryLock(215)) - Lock on /home/runner/work/ozone/ozone/mnt/ozone/hadoop-ozone/integration-test/target/test-dir/MiniOzoneClusterImpl-ab53e13c-b7a0-452c-aef0-b95992dbe1a2/datanode-0/data/ratis/5249ef88-a7f1-4b24-a64b-0a3857e4c501/in_use.lock acquired by nodename 8908@fv-az52-843
2021-07-17 01:44:36,479 [pool-527-thread-1] INFO  storage.RaftStorage (RaftStorageImpl.java:format(87)) - Storage directory /home/runner/work/ozone/ozone/mnt/ozone/hadoop-ozone/integration-test/target/test-dir/MiniOzoneClusterImpl-ab53e13c-b7a0-452c-aef0-b95992dbe1a2/datanode-0/data/ratis/5249ef88-a7f1-4b24-a64b-0a3857e4c501 has been successfully formatted.
2021-07-17 01:44:36,481 [pool-527-thread-1] INFO  ratis.ContainerStateMachine (ContainerStateMachine.java:loadSnapshot(223)) - group-0A3857E4C501: The snapshot info is null. Setting the last applied indexto:(t:0, i:~)
2021-07-17 01:44:36,481 [pool-527-thread-1] INFO  server.RaftServerConfigKeys (ConfUtils.java:logGet(44)) - raft.server.notification.no-leader.timeout = 300000ms (custom)
2021-07-17 01:44:36,482 [pool-527-thread-1] INFO  server.RaftServerConfigKeys (ConfUtils.java:logGet(44)) - raft.server.log.use.memory = false (default)
2021-07-17 01:44:36,482 [pool-527-thread-1] INFO  server.RaftServerConfigKeys (ConfUtils.java:logGet(44)) - raft.server.log.purge.gap = 1000000 (custom)
2021-07-17 01:44:36,482 [pool-527-thread-1] INFO  server.RaftServerConfigKeys (ConfUtils.java:logGet(44)) - raft.server.log.appender.buffer.byte-limit = 33554432 (custom)
2021-07-17 01:44:36,481 [Datanode State Machine Thread - 0] WARN  statemachine.StateContext (StateContext.java:execute(621)) - No available thread in pool for past 1 seconds.
2021-07-17 01:44:36,482 [pool-527-thread-1] INFO  metrics.RatisMetrics (RatisMetrics.java:lambda$create$0(36)) - Creating Metrics Registry : ratis.log_worker.817716dc-74d9-44e3-96f4-247fb6d3bd86@group-0A3857E4C501
2021-07-17 01:44:36,482 [EventQueue-PipelineReportForPipelineReportHandler] INFO  pipeline.PipelineManagerV2Impl (PipelineManagerV2Impl.java:openPipeline(283)) - Pipeline Pipeline[ Id: 5249ef88-a7f1-4b24-a64b-0a3857e4c501, Nodes: 817716dc-74d9-44e3-96f4-247fb6d3bd86{ip: 10.1.0.46, host: fv-az52-843.jaak54zke33upnjmlridiqi2vb.bx.internal.cloudapp.net, ports: [REPLICATION=34883, RATIS=37853, RATIS_ADMIN=37853, RATIS_SERVER=37853, STANDALONE=46507], networkLocation: /default-rack, certSerialId: null, persistedOpState: IN_SERVICE, persistedOpStateExpiryEpochSec: 0}, ReplicationConfig: RATIS/ONE, State:ALLOCATED, leaderId:817716dc-74d9-44e3-96f4-247fb6d3bd86, CreationTimestamp2021-07-17T01:44:33.473Z[Etc/UTC]] moved to OPEN state
2021-07-17 01:44:36,482 [pool-527-thread-1] INFO  server.RaftServerConfigKeys (ConfUtils.java:logGet(44)) - raft.server.log.segment.size.max = 1048576 (custom)
2021-07-17 01:44:36,484 [EventQueue-OpenPipelineForHealthyPipelineSafeModeRule] INFO  safemode.SCMSafeModeManager (HealthyPipelineSafeModeRule.java:process(124)) - SCM in safe mode. Healthy pipelines reported count is 0, required healthy pipeline reported count is 1
2021-07-17 01:44:36,485 [pool-527-thread-1] INFO  server.RaftServerConfigKeys (ConfUtils.java:logGet(44)) - raft.server.log.segment.cache.num.max = 2 (custom)
2021-07-17 01:44:36,485 [pool-527-thread-1] INFO  server.RaftServerConfigKeys (ConfUtils.java:logGet(44)) - raft.server.log.segment.cache.size.max = 200MB (=209715200) (default)
2021-07-17 01:44:36,485 [pool-527-thread-1] INFO  segmented.SegmentedRaftLogWorker (SegmentedRaftLogWorker.java:<init>(182)) - new 817716dc-74d9-44e3-96f4-247fb6d3bd86@group-0A3857E4C501-SegmentedRaftLogWorker for RaftStorageImpl:Storage Directory /home/runner/work/ozone/ozone/mnt/ozone/hadoop-ozone/integration-test/target/test-dir/MiniOzoneClusterImpl-ab53e13c-b7a0-452c-aef0-b95992dbe1a2/datanode-0/data/ratis/5249ef88-a7f1-4b24-a64b-0a3857e4c501
2021-07-17 01:44:36,486 [pool-527-thread-1] INFO  server.RaftServerConfigKeys (ConfUtils.java:logGet(44)) - raft.server.log.queue.byte-limit = 2147483647 (custom)
2021-07-17 01:44:36,486 [pool-527-thread-1] INFO  server.RaftServerConfigKeys (ConfUtils.java:logGet(44)) - raft.server.log.queue.element-limit = 1024 (custom)
2021-07-17 01:44:36,486 [pool-527-thread-1] INFO  server.RaftServerConfigKeys (ConfUtils.java:logGet(44)) - raft.server.log.segment.size.max = 1048576 (custom)
2021-07-17 01:44:36,486 [pool-527-thread-1] INFO  server.RaftServerConfigKeys (ConfUtils.java:logGet(44)) - raft.server.log.preallocated.size = 16384 (custom)
2021-07-17 01:44:36,486 [pool-527-thread-1] INFO  server.RaftServerConfigKeys (ConfUtils.java:logGet(44)) - raft.server.log.force.sync.num = 128 (default)
2021-07-17 01:44:36,486 [pool-527-thread-1] INFO  server.RaftServerConfigKeys (ConfUtils.java:logGet(44)) - raft.server.log.statemachine.data.sync = true (default)
2021-07-17 01:44:36,486 [pool-527-thread-1] INFO  server.RaftServerConfigKeys (ConfUtils.java:logGet(44)) - raft.server.log.statemachine.data.sync.timeout = 10s (default)
2021-07-17 01:44:36,486 [pool-527-thread-1] INFO  server.RaftServerConfigKeys (ConfUtils.java:logGet(44)) - raft.server.log.statemachine.data.sync.timeout.retry = -1 (default)
2021-07-17 01:44:36,487 [pool-527-thread-1] INFO  server.RaftServerConfigKeys (ConfUtils.java:logGet(44)) - raft.server.log.write.buffer.size = 1048576 (custom)
2021-07-17 01:44:36,487 [pool-527-thread-1] INFO  server.RaftServerConfigKeys (ConfUtils.java:logGet(44)) - raft.server.log.statemachine.data.caching.enabled = true (custom)
2021-07-17 01:44:36,488 [pool-527-thread-1] INFO  segmented.SegmentedRaftLogWorker (SegmentedRaftLogWorker.java:lambda$new$0(133)) - 817716dc-74d9-44e3-96f4-247fb6d3bd86@group-0A3857E4C501-SegmentedRaftLogWorker: flushIndex: setUnconditionally 0 -> -1
2021-07-17 01:44:36,488 [pool-527-thread-1] INFO  segmented.SegmentedRaftLogWorker (SegmentedRaftLogWorker.java:lambda$new$0(133)) - 817716dc-74d9-44e3-96f4-247fb6d3bd86@group-0A3857E4C501-SegmentedRaftLogWorker: safeCacheEvictIndex: setUnconditionally 0 -> -1
2021-07-17 01:44:36,490 [pool-527-thread-1] INFO  server.RaftServerConfigKeys (ConfUtils.java:logGet(44)) - raft.server.snapshot.auto.trigger.enabled = true (custom)
2021-07-17 01:44:36,490 [pool-527-thread-1] INFO  server.RaftServerConfigKeys (ConfUtils.java:logGet(44)) - raft.server.snapshot.auto.trigger.threshold = 10000 (custom)
2021-07-17 01:44:36,490 [pool-527-thread-1] INFO  server.RaftServerConfigKeys (ConfUtils.java:logGet(44)) - raft.server.snapshot.retention.file.num = 5 (custom)
2021-07-17 01:44:36,490 [pool-527-thread-1] INFO  server.RaftServerConfigKeys (ConfUtils.java:logGet(44)) - raft.server.log.purge.upto.snapshot.index = false (default)
2021-07-17 01:44:36,490 [pool-527-thread-1] INFO  server.RaftServerConfigKeys (ConfUtils.java:logGet(44)) - raft.server.retrycache.expirytime = 600000ms (custom)
2021-07-17 01:44:36,490 [pool-527-thread-1] INFO  server.RaftServerConfigKeys (ConfUtils.java:logGet(44)) - raft.server.retrycache.statistics.expirytime = 100μs (default)
2021-07-17 01:44:36,490 [pool-527-thread-1] INFO  metrics.RatisMetrics (RatisMetrics.java:lambda$create$0(36)) - Creating Metrics Registry : ratis.leader_election.817716dc-74d9-44e3-96f4-247fb6d3bd86@group-0A3857E4C501
2021-07-17 01:44:36,491 [pool-527-thread-1] INFO  metrics.RatisMetrics (RatisMetrics.java:lambda$create$0(36)) - Creating Metrics Registry : ratis.server.817716dc-74d9-44e3-96f4-247fb6d3bd86@group-0A3857E4C501
2021-07-17 01:44:36,492 [pool-527-thread-1] INFO  server.RaftServer$Division (RaftServerImpl.java:start(295)) - 817716dc-74d9-44e3-96f4-247fb6d3bd86@group-0A3857E4C501: start as a follower, conf=-1: [817716dc-74d9-44e3-96f4-247fb6d3bd86|rpc:10.1.0.46:37853|priority:1], old=null
2021-07-17 01:44:36,492 [pool-527-thread-1] INFO  server.RaftServer$Division (RaftServerImpl.java:setRole(284)) - 817716dc-74d9-44e3-96f4-247fb6d3bd86@group-0A3857E4C501: changes role from      null to FOLLOWER at term 0 for startAsFollower
2021-07-17 01:44:36,492 [pool-527-thread-1] INFO  impl.RoleInfo (RoleInfo.java:updateAndGet(130)) - 817716dc-74d9-44e3-96f4-247fb6d3bd86: start 817716dc-74d9-44e3-96f4-247fb6d3bd86@group-0A3857E4C501-FollowerState
2021-07-17 01:44:36,492 [pool-527-thread-1] INFO  util.JmxRegister (JmxRegister.java:tryRegister(44)) - Successfully registered JMX Bean with object name Ratis:service=RaftServer,group=group-0A3857E4C501,id=817716dc-74d9-44e3-96f4-247fb6d3bd86
2021-07-17 01:44:36,492 [pool-527-thread-1] INFO  metrics.RatisMetrics (RatisMetrics.java:lambda$create$0(36)) - Creating Metrics Registry : ratis.state_machine.817716dc-74d9-44e3-96f4-247fb6d3bd86@group-0A3857E4C501
2021-07-17 01:44:36,493 [Command processor thread] INFO  ratis.XceiverServerRatis (XceiverServerRatis.java:addGroup(759)) - Created group PipelineID=5249ef88-a7f1-4b24-a64b-0a3857e4c501
2021-07-17 01:44:36,493 [Command processor thread] INFO  commandhandler.CreatePipelineCommandHandler (CreatePipelineCommandHandler.java:handle(106)) - Created Pipeline RATIS ONE PipelineID=5249ef88-a7f1-4b24-a64b-0a3857e4c501.
2021-07-17 01:44:36,493 [Command processor thread] INFO  server.RaftServer (RaftServerProxy.java:addNew(95)) - 817716dc-74d9-44e3-96f4-247fb6d3bd86: addNew group-18EA97DC0098:[817716dc-74d9-44e3-96f4-247fb6d3bd86|rpc:10.1.0.46:37853|priority:0, 30d49bb6-b206-443f-92f8-de1941ac4061|rpc:10.1.0.46:40535|priority:1, b32faf46-69b0-41ce-b187-d9527561eeb9|rpc:10.1.0.46:42083|priority:0] returns group-18EA97DC0098:java.util.concurrent.CompletableFuture@409a960f[Not completed]
2021-07-17 01:44:36,494 [pool-527-thread-1] INFO  server.RaftServer$Division (RaftServerImpl.java:<init>(180)) - 817716dc-74d9-44e3-96f4-247fb6d3bd86: new RaftServerImpl for group-18EA97DC0098:[817716dc-74d9-44e3-96f4-247fb6d3bd86|rpc:10.1.0.46:37853|priority:0, 30d49bb6-b206-443f-92f8-de1941ac4061|rpc:10.1.0.46:40535|priority:1, b32faf46-69b0-41ce-b187-d9527561eeb9|rpc:10.1.0.46:42083|priority:0] with ContainerStateMachine:uninitialized
2021-07-17 01:44:36,494 [pool-527-thread-1] INFO  server.RaftServerConfigKeys (ConfUtils.java:logGet(44)) - raft.server.rpc.timeout.min = 5s (custom)
2021-07-17 01:44:36,494 [pool-527-thread-1] INFO  server.RaftServerConfigKeys (ConfUtils.java:logGet(44)) - raft.server.rpc.timeout.max = 5200ms (custom)
2021-07-17 01:44:36,494 [pool-527-thread-1] INFO  server.RaftServerConfigKeys (ConfUtils.java:logGet(44)) - raft.server.rpc.sleep.time = 25ms (default)
2021-07-17 01:44:36,494 [pool-527-thread-1] INFO  server.RaftServerConfigKeys (ConfUtils.java:logGet(44)) - raft.server.rpc.slowness.timeout = 300000ms (custom)
2021-07-17 01:44:36,494 [pool-527-thread-1] INFO  server.RaftServerConfigKeys (ConfUtils.java:logGet(44)) - raft.server.leaderelection.leader.step-down.wait-time = 10s (default)
2021-07-17 01:44:36,494 [pool-527-thread-1] INFO  server.RaftServerConfigKeys (ConfUtils.java:logGet(44)) - raft.server.sleep.deviation.threshold = 300ms (default)
2021-07-17 01:44:36,494 [pool-527-thread-1] INFO  server.RaftServerConfigKeys (ConfUtils.java:logGet(44)) - raft.server.log.appender.install.snapshot.enabled = false (custom)
2021-07-17 01:44:36,494 [pool-527-thread-1] INFO  server.RaftServer$Division (ServerState.java:<init>(105)) - 817716dc-74d9-44e3-96f4-247fb6d3bd86@group-18EA97DC0098: ConfigurationManager, init=-1: [817716dc-74d9-44e3-96f4-247fb6d3bd86|rpc:10.1.0.46:37853|priority:0, 30d49bb6-b206-443f-92f8-de1941ac4061|rpc:10.1.0.46:40535|priority:1, b32faf46-69b0-41ce-b187-d9527561eeb9|rpc:10.1.0.46:42083|priority:0], old=null, confs=<EMPTY_MAP>
2021-07-17 01:44:36,494 [pool-527-thread-1] INFO  server.RaftServerConfigKeys (ConfUtils.java:logGet(44)) - raft.server.storage.dir = [/home/runner/work/ozone/ozone/mnt/ozone/hadoop-ozone/integration-test/target/test-dir/MiniOzoneClusterImpl-ab53e13c-b7a0-452c-aef0-b95992dbe1a2/datanode-0/data/ratis] (custom)
2021-07-17 01:44:36,494 [pool-527-thread-1] INFO  server.RaftServerConfigKeys (ConfUtils.java:logGet(44)) - raft.server.log.corruption.policy = EXCEPTION (default)
2021-07-17 01:44:36,494 [pool-527-thread-1] INFO  storage.RaftStorageDirectory (RaftStorageDirectoryImpl.java:analyzeStorage(132)) - The storage directory /home/runner/work/ozone/ozone/mnt/ozone/hadoop-ozone/integration-test/target/test-dir/MiniOzoneClusterImpl-ab53e13c-b7a0-452c-aef0-b95992dbe1a2/datanode-0/data/ratis/29f43b99-e021-4e88-bda1-18ea97dc0098 does not exist. Creating ...
2021-07-17 01:44:36,495 [pool-527-thread-1] INFO  storage.RaftStorageDirectory (RaftStorageDirectoryImpl.java:tryLock(215)) - Lock on /home/runner/work/ozone/ozone/mnt/ozone/hadoop-ozone/integration-test/target/test-dir/MiniOzoneClusterImpl-ab53e13c-b7a0-452c-aef0-b95992dbe1a2/datanode-0/data/ratis/29f43b99-e021-4e88-bda1-18ea97dc0098/in_use.lock acquired by nodename 8908@fv-az52-843
2021-07-17 01:44:36,495 [pool-527-thread-1] INFO  storage.RaftStorage (RaftStorageImpl.java:format(87)) - Storage directory /home/runner/work/ozone/ozone/mnt/ozone/hadoop-ozone/integration-test/target/test-dir/MiniOzoneClusterImpl-ab53e13c-b7a0-452c-aef0-b95992dbe1a2/datanode-0/data/ratis/29f43b99-e021-4e88-bda1-18ea97dc0098 has been successfully formatted.
2021-07-17 01:44:36,496 [pool-527-thread-1] INFO  ratis.ContainerStateMachine (ContainerStateMachine.java:loadSnapshot(223)) - group-18EA97DC0098: The snapshot info is null. Setting the last applied indexto:(t:0, i:~)
2021-07-17 01:44:36,496 [Datanode State Machine Thread - 0] WARN  statemachine.StateContext (StateContext.java:execute(621)) - No available thread in pool for past 1 seconds.
2021-07-17 01:44:36,496 [pool-527-thread-1] INFO  server.RaftServerConfigKeys (ConfUtils.java:logGet(44)) - raft.server.notification.no-leader.timeout = 300000ms (custom)
2021-07-17 01:44:36,496 [pool-527-thread-1] INFO  server.RaftServerConfigKeys (ConfUtils.java:logGet(44)) - raft.server.log.use.memory = false (default)
2021-07-17 01:44:36,496 [pool-527-thread-1] INFO  server.RaftServerConfigKeys (ConfUtils.java:logGet(44)) - raft.server.log.purge.gap = 1000000 (custom)
2021-07-17 01:44:36,496 [pool-527-thread-1] INFO  server.RaftServerConfigKeys (ConfUtils.java:logGet(44)) - raft.server.log.appender.buffer.byte-limit = 33554432 (custom)
2021-07-17 01:44:36,496 [pool-527-thread-1] INFO  metrics.RatisMetrics (RatisMetrics.java:lambda$create$0(36)) - Creating Metrics Registry : ratis.log_worker.817716dc-74d9-44e3-96f4-247fb6d3bd86@group-18EA97DC0098
2021-07-17 01:44:36,496 [pool-527-thread-1] INFO  server.RaftServerConfigKeys (ConfUtils.java:logGet(44)) - raft.server.log.segment.size.max = 1048576 (custom)
2021-07-17 01:44:36,497 [EventQueue-OpenPipelineForHealthyPipelineSafeModeRule] INFO  safemode.SCMSafeModeManager (HealthyPipelineSafeModeRule.java:process(124)) - SCM in safe mode. Healthy pipelines reported count is 0, required healthy pipeline reported count is 1
2021-07-17 01:44:36,497 [pool-527-thread-1] INFO  server.RaftServerConfigKeys (ConfUtils.java:logGet(44)) - raft.server.log.segment.cache.num.max = 2 (custom)
2021-07-17 01:44:36,497 [pool-527-thread-1] INFO  server.RaftServerConfigKeys (ConfUtils.java:logGet(44)) - raft.server.log.segment.cache.size.max = 200MB (=209715200) (default)
2021-07-17 01:44:36,497 [pool-527-thread-1] INFO  segmented.SegmentedRaftLogWorker (SegmentedRaftLogWorker.java:<init>(182)) - new 817716dc-74d9-44e3-96f4-247fb6d3bd86@group-18EA97DC0098-SegmentedRaftLogWorker for RaftStorageImpl:Storage Directory /home/runner/work/ozone/ozone/mnt/ozone/hadoop-ozone/integration-test/target/test-dir/MiniOzoneClusterImpl-ab53e13c-b7a0-452c-aef0-b95992dbe1a2/datanode-0/data/ratis/29f43b99-e021-4e88-bda1-18ea97dc0098
2021-07-17 01:44:36,497 [pool-527-thread-1] INFO  server.RaftServerConfigKeys (ConfUtils.java:logGet(44)) - raft.server.log.queue.byte-limit = 2147483647 (custom)
2021-07-17 01:44:36,497 [pool-527-thread-1] INFO  server.RaftServerConfigKeys (ConfUtils.java:logGet(44)) - raft.server.log.queue.element-limit = 1024 (custom)
2021-07-17 01:44:36,497 [pool-527-thread-1] INFO  server.RaftServerConfigKeys (ConfUtils.java:logGet(44)) - raft.server.log.segment.size.max = 1048576 (custom)
2021-07-17 01:44:36,497 [pool-527-thread-1] INFO  server.RaftServerConfigKeys (ConfUtils.java:logGet(44)) - raft.server.log.preallocated.size = 16384 (custom)
2021-07-17 01:44:36,497 [pool-527-thread-1] INFO  server.RaftServerConfigKeys (ConfUtils.java:logGet(44)) - raft.server.log.force.sync.num = 128 (default)
2021-07-17 01:44:36,497 [pool-527-thread-1] INFO  server.RaftServerConfigKeys (ConfUtils.java:logGet(44)) - raft.server.log.statemachine.data.sync = true (default)
2021-07-17 01:44:36,497 [pool-527-thread-1] INFO  server.RaftServerConfigKeys (ConfUtils.java:logGet(44)) - raft.server.log.statemachine.data.sync.timeout = 10s (default)
2021-07-17 01:44:36,497 [pool-527-thread-1] INFO  server.RaftServerConfigKeys (ConfUtils.java:logGet(44)) - raft.server.log.statemachine.data.sync.timeout.retry = -1 (default)
2021-07-17 01:44:36,498 [pool-527-thread-1] INFO  server.RaftServerConfigKeys (ConfUtils.java:logGet(44)) - raft.server.log.write.buffer.size = 1048576 (custom)
2021-07-17 01:44:36,499 [pool-527-thread-1] INFO  server.RaftServerConfigKeys (ConfUtils.java:logGet(44)) - raft.server.log.statemachine.data.caching.enabled = true (custom)
2021-07-17 01:44:36,499 [pool-527-thread-1] INFO  segmented.SegmentedRaftLogWorker (SegmentedRaftLogWorker.java:lambda$new$0(133)) - 817716dc-74d9-44e3-96f4-247fb6d3bd86@group-18EA97DC0098-SegmentedRaftLogWorker: flushIndex: setUnconditionally 0 -> -1
2021-07-17 01:44:36,499 [pool-527-thread-1] INFO  segmented.SegmentedRaftLogWorker (SegmentedRaftLogWorker.java:lambda$new$0(133)) - 817716dc-74d9-44e3-96f4-247fb6d3bd86@group-18EA97DC0098-SegmentedRaftLogWorker: safeCacheEvictIndex: setUnconditionally 0 -> -1
2021-07-17 01:44:36,499 [pool-527-thread-1] INFO  server.RaftServerConfigKeys (ConfUtils.java:logGet(44)) - raft.server.snapshot.auto.trigger.enabled = true (custom)
2021-07-17 01:44:36,499 [pool-527-thread-1] INFO  server.RaftServerConfigKeys (ConfUtils.java:logGet(44)) - raft.server.snapshot.auto.trigger.threshold = 10000 (custom)
2021-07-17 01:44:36,499 [pool-527-thread-1] INFO  server.RaftServerConfigKeys (ConfUtils.java:logGet(44)) - raft.server.snapshot.retention.file.num = 5 (custom)
2021-07-17 01:44:36,499 [pool-527-thread-1] INFO  server.RaftServerConfigKeys (ConfUtils.java:logGet(44)) - raft.server.log.purge.upto.snapshot.index = false (default)
2021-07-17 01:44:36,499 [pool-527-thread-1] INFO  server.RaftServerConfigKeys (ConfUtils.java:logGet(44)) - raft.server.retrycache.expirytime = 600000ms (custom)
2021-07-17 01:44:36,499 [pool-527-thread-1] INFO  server.RaftServerConfigKeys (ConfUtils.java:logGet(44)) - raft.server.retrycache.statistics.expirytime = 100μs (default)
2021-07-17 01:44:36,500 [pool-527-thread-1] INFO  metrics.RatisMetrics (RatisMetrics.java:lambda$create$0(36)) - Creating Metrics Registry : ratis.leader_election.817716dc-74d9-44e3-96f4-247fb6d3bd86@group-18EA97DC0098
2021-07-17 01:44:36,500 [pool-527-thread-1] INFO  metrics.RatisMetrics (RatisMetrics.java:lambda$create$0(36)) - Creating Metrics Registry : ratis.server.817716dc-74d9-44e3-96f4-247fb6d3bd86@group-18EA97DC0098
2021-07-17 01:44:36,501 [pool-527-thread-1] INFO  server.RaftServer$Division (RaftServerImpl.java:start(295)) - 817716dc-74d9-44e3-96f4-247fb6d3bd86@group-18EA97DC0098: start as a follower, conf=-1: [817716dc-74d9-44e3-96f4-247fb6d3bd86|rpc:10.1.0.46:37853|priority:0, 30d49bb6-b206-443f-92f8-de1941ac4061|rpc:10.1.0.46:40535|priority:1, b32faf46-69b0-41ce-b187-d9527561eeb9|rpc:10.1.0.46:42083|priority:0], old=null
2021-07-17 01:44:36,501 [pool-527-thread-1] INFO  server.RaftServer$Division (RaftServerImpl.java:setRole(284)) - 817716dc-74d9-44e3-96f4-247fb6d3bd86@group-18EA97DC0098: changes role from      null to FOLLOWER at term 0 for startAsFollower
2021-07-17 01:44:36,501 [pool-527-thread-1] INFO  impl.RoleInfo (RoleInfo.java:updateAndGet(130)) - 817716dc-74d9-44e3-96f4-247fb6d3bd86: start 817716dc-74d9-44e3-96f4-247fb6d3bd86@group-18EA97DC0098-FollowerState
2021-07-17 01:44:36,501 [pool-527-thread-1] INFO  util.JmxRegister (JmxRegister.java:tryRegister(44)) - Successfully registered JMX Bean with object name Ratis:service=RaftServer,group=group-18EA97DC0098,id=817716dc-74d9-44e3-96f4-247fb6d3bd86
2021-07-17 01:44:36,501 [pool-527-thread-1] INFO  metrics.RatisMetrics (RatisMetrics.java:lambda$create$0(36)) - Creating Metrics Registry : ratis.state_machine.817716dc-74d9-44e3-96f4-247fb6d3bd86@group-18EA97DC0098
2021-07-17 01:44:36,502 [Command processor thread] INFO  ratis.XceiverServerRatis (XceiverServerRatis.java:addGroup(759)) - Created group PipelineID=29f43b99-e021-4e88-bda1-18ea97dc0098
2021-07-17 01:44:36,503 [Command processor thread] INFO  metrics.RatisMetrics (RatisMetrics.java:lambda$create$0(36)) - Creating Metrics Registry : ratis.client_message_metrics.client-5D19E58F6772->b32faf46-69b0-41ce-b187-d9527561eeb9
2021-07-17 01:44:36,507 [grpc-default-executor-3] INFO  metrics.RatisMetrics (RatisMetrics.java:lambda$create$0(36)) - Creating Metrics Registry : ratis.server_message_metrics.b32faf46-69b0-41ce-b187-d9527561eeb9
2021-07-17 01:44:36,514 [grpc-default-executor-3] INFO  server.RaftServer (RaftServerProxy.java:addNew(95)) - b32faf46-69b0-41ce-b187-d9527561eeb9: addNew group-18EA97DC0098:[817716dc-74d9-44e3-96f4-247fb6d3bd86|rpc:10.1.0.46:37853|dataStream:|priority:0, 30d49bb6-b206-443f-92f8-de1941ac4061|rpc:10.1.0.46:40535|dataStream:|priority:1, b32faf46-69b0-41ce-b187-d9527561eeb9|rpc:10.1.0.46:42083|dataStream:|priority:0] returns group-18EA97DC0098:java.util.concurrent.CompletableFuture@b47fa2c[Not completed]
2021-07-17 01:44:36,515 [pool-545-thread-1] INFO  server.RaftServer$Division (RaftServerImpl.java:<init>(180)) - b32faf46-69b0-41ce-b187-d9527561eeb9: new RaftServerImpl for group-18EA97DC0098:[817716dc-74d9-44e3-96f4-247fb6d3bd86|rpc:10.1.0.46:37853|dataStream:|priority:0, 30d49bb6-b206-443f-92f8-de1941ac4061|rpc:10.1.0.46:40535|dataStream:|priority:1, b32faf46-69b0-41ce-b187-d9527561eeb9|rpc:10.1.0.46:42083|dataStream:|priority:0] with ContainerStateMachine:uninitialized
2021-07-17 01:44:36,515 [pool-545-thread-1] INFO  server.RaftServerConfigKeys (ConfUtils.java:logGet(44)) - raft.server.rpc.timeout.min = 5s (custom)
2021-07-17 01:44:36,515 [pool-545-thread-1] INFO  server.RaftServerConfigKeys (ConfUtils.java:logGet(44)) - raft.server.rpc.timeout.max = 5200ms (custom)
2021-07-17 01:44:36,515 [pool-545-thread-1] INFO  server.RaftServerConfigKeys (ConfUtils.java:logGet(44)) - raft.server.rpc.sleep.time = 25ms (default)
2021-07-17 01:44:36,515 [pool-545-thread-1] INFO  server.RaftServerConfigKeys (ConfUtils.java:logGet(44)) - raft.server.rpc.slowness.timeout = 300000ms (custom)
2021-07-17 01:44:36,515 [pool-545-thread-1] INFO  server.RaftServerConfigKeys (ConfUtils.java:logGet(44)) - raft.server.leaderelection.leader.step-down.wait-time = 10s (default)
2021-07-17 01:44:36,515 [pool-545-thread-1] INFO  server.RaftServerConfigKeys (ConfUtils.java:logGet(44)) - raft.server.sleep.deviation.threshold = 300ms (default)
2021-07-17 01:44:36,515 [pool-545-thread-1] INFO  server.RaftServerConfigKeys (ConfUtils.java:logGet(44)) - raft.server.log.appender.install.snapshot.enabled = false (custom)
2021-07-17 01:44:36,515 [pool-545-thread-1] INFO  server.RaftServer$Division (ServerState.java:<init>(105)) - b32faf46-69b0-41ce-b187-d9527561eeb9@group-18EA97DC0098: ConfigurationManager, init=-1: [817716dc-74d9-44e3-96f4-247fb6d3bd86|rpc:10.1.0.46:37853|dataStream:|priority:0, 30d49bb6-b206-443f-92f8-de1941ac4061|rpc:10.1.0.46:40535|dataStream:|priority:1, b32faf46-69b0-41ce-b187-d9527561eeb9|rpc:10.1.0.46:42083|dataStream:|priority:0], old=null, confs=<EMPTY_MAP>
2021-07-17 01:44:36,515 [pool-545-thread-1] INFO  server.RaftServerConfigKeys (ConfUtils.java:logGet(44)) - raft.server.storage.dir = [/home/runner/work/ozone/ozone/mnt/ozone/hadoop-ozone/integration-test/target/test-dir/MiniOzoneClusterImpl-ab53e13c-b7a0-452c-aef0-b95992dbe1a2/datanode-1/data/ratis] (custom)
2021-07-17 01:44:36,515 [pool-545-thread-1] INFO  server.RaftServerConfigKeys (ConfUtils.java:logGet(44)) - raft.server.log.corruption.policy = EXCEPTION (default)
2021-07-17 01:44:36,516 [pool-545-thread-1] INFO  storage.RaftStorageDirectory (RaftStorageDirectoryImpl.java:analyzeStorage(132)) - The storage directory /home/runner/work/ozone/ozone/mnt/ozone/hadoop-ozone/integration-test/target/test-dir/MiniOzoneClusterImpl-ab53e13c-b7a0-452c-aef0-b95992dbe1a2/datanode-1/data/ratis/29f43b99-e021-4e88-bda1-18ea97dc0098 does not exist. Creating ...
2021-07-17 01:44:36,516 [pool-545-thread-1] INFO  storage.RaftStorageDirectory (RaftStorageDirectoryImpl.java:tryLock(215)) - Lock on /home/runner/work/ozone/ozone/mnt/ozone/hadoop-ozone/integration-test/target/test-dir/MiniOzoneClusterImpl-ab53e13c-b7a0-452c-aef0-b95992dbe1a2/datanode-1/data/ratis/29f43b99-e021-4e88-bda1-18ea97dc0098/in_use.lock acquired by nodename 8908@fv-az52-843
2021-07-17 01:44:36,517 [pool-545-thread-1] INFO  storage.RaftStorage (RaftStorageImpl.java:format(87)) - Storage directory /home/runner/work/ozone/ozone/mnt/ozone/hadoop-ozone/integration-test/target/test-dir/MiniOzoneClusterImpl-ab53e13c-b7a0-452c-aef0-b95992dbe1a2/datanode-1/data/ratis/29f43b99-e021-4e88-bda1-18ea97dc0098 has been successfully formatted.
2021-07-17 01:44:36,521 [pool-545-thread-1] INFO  ratis.ContainerStateMachine (ContainerStateMachine.java:loadSnapshot(223)) - group-18EA97DC0098: The snapshot info is null. Setting the last applied indexto:(t:0, i:~)
2021-07-17 01:44:36,521 [pool-545-thread-1] INFO  server.RaftServerConfigKeys (ConfUtils.java:logGet(44)) - raft.server.notification.no-leader.timeout = 300000ms (custom)
2021-07-17 01:44:36,521 [pool-545-thread-1] INFO  server.RaftServerConfigKeys (ConfUtils.java:logGet(44)) - raft.server.log.use.memory = false (default)
2021-07-17 01:44:36,521 [pool-545-thread-1] INFO  server.RaftServerConfigKeys (ConfUtils.java:logGet(44)) - raft.server.log.purge.gap = 1000000 (custom)
2021-07-17 01:44:36,521 [pool-545-thread-1] INFO  server.RaftServerConfigKeys (ConfUtils.java:logGet(44)) - raft.server.log.appender.buffer.byte-limit = 33554432 (custom)
2021-07-17 01:44:36,521 [pool-545-thread-1] INFO  metrics.RatisMetrics (RatisMetrics.java:lambda$create$0(36)) - Creating Metrics Registry : ratis.log_worker.b32faf46-69b0-41ce-b187-d9527561eeb9@group-18EA97DC0098
2021-07-17 01:44:36,521 [pool-545-thread-1] INFO  server.RaftServerConfigKeys (ConfUtils.java:logGet(44)) - raft.server.log.segment.size.max = 1048576 (custom)
2021-07-17 01:44:36,522 [pool-545-thread-1] INFO  server.RaftServerConfigKeys (ConfUtils.java:logGet(44)) - raft.server.log.segment.cache.num.max = 2 (custom)
2021-07-17 01:44:36,522 [pool-545-thread-1] INFO  server.RaftServerConfigKeys (ConfUtils.java:logGet(44)) - raft.server.log.segment.cache.size.max = 200MB (=209715200) (default)
2021-07-17 01:44:36,522 [pool-545-thread-1] INFO  segmented.SegmentedRaftLogWorker (SegmentedRaftLogWorker.java:<init>(182)) - new b32faf46-69b0-41ce-b187-d9527561eeb9@group-18EA97DC0098-SegmentedRaftLogWorker for RaftStorageImpl:Storage Directory /home/runner/work/ozone/ozone/mnt/ozone/hadoop-ozone/integration-test/target/test-dir/MiniOzoneClusterImpl-ab53e13c-b7a0-452c-aef0-b95992dbe1a2/datanode-1/data/ratis/29f43b99-e021-4e88-bda1-18ea97dc0098
2021-07-17 01:44:36,522 [pool-545-thread-1] INFO  server.RaftServerConfigKeys (ConfUtils.java:logGet(44)) - raft.server.log.queue.byte-limit = 2147483647 (custom)
2021-07-17 01:44:36,522 [pool-545-thread-1] INFO  server.RaftServerConfigKeys (ConfUtils.java:logGet(44)) - raft.server.log.queue.element-limit = 1024 (custom)
2021-07-17 01:44:36,522 [pool-545-thread-1] INFO  server.RaftServerConfigKeys (ConfUtils.java:logGet(44)) - raft.server.log.segment.size.max = 1048576 (custom)
2021-07-17 01:44:36,522 [pool-545-thread-1] INFO  server.RaftServerConfigKeys (ConfUtils.java:logGet(44)) - raft.server.log.preallocated.size = 16384 (custom)
2021-07-17 01:44:36,522 [pool-545-thread-1] INFO  server.RaftServerConfigKeys (ConfUtils.java:logGet(44)) - raft.server.log.force.sync.num = 128 (default)
2021-07-17 01:44:36,522 [pool-545-thread-1] INFO  server.RaftServerConfigKeys (ConfUtils.java:logGet(44)) - raft.server.log.statemachine.data.sync = true (default)
2021-07-17 01:44:36,522 [pool-545-thread-1] INFO  server.RaftServerConfigKeys (ConfUtils.java:logGet(44)) - raft.server.log.statemachine.data.sync.timeout = 10s (default)
2021-07-17 01:44:36,522 [pool-545-thread-1] INFO  server.RaftServerConfigKeys (ConfUtils.java:logGet(44)) - raft.server.log.statemachine.data.sync.timeout.retry = -1 (default)
2021-07-17 01:44:36,523 [pool-545-thread-1] INFO  server.RaftServerConfigKeys (ConfUtils.java:logGet(44)) - raft.server.log.write.buffer.size = 1048576 (custom)
2021-07-17 01:44:36,524 [pool-545-thread-1] INFO  server.RaftServerConfigKeys (ConfUtils.java:logGet(44)) - raft.server.log.statemachine.data.caching.enabled = true (custom)
2021-07-17 01:44:36,524 [pool-545-thread-1] INFO  segmented.SegmentedRaftLogWorker (SegmentedRaftLogWorker.java:lambda$new$0(133)) - b32faf46-69b0-41ce-b187-d9527561eeb9@group-18EA97DC0098-SegmentedRaftLogWorker: flushIndex: setUnconditionally 0 -> -1
2021-07-17 01:44:36,524 [pool-545-thread-1] INFO  segmented.SegmentedRaftLogWorker (SegmentedRaftLogWorker.java:lambda$new$0(133)) - b32faf46-69b0-41ce-b187-d9527561eeb9@group-18EA97DC0098-SegmentedRaftLogWorker: safeCacheEvictIndex: setUnconditionally 0 -> -1
2021-07-17 01:44:36,527 [pool-545-thread-1] INFO  server.RaftServerConfigKeys (ConfUtils.java:logGet(44)) - raft.server.snapshot.auto.trigger.enabled = true (custom)
2021-07-17 01:44:36,527 [pool-545-thread-1] INFO  server.RaftServerConfigKeys (ConfUtils.java:logGet(44)) - raft.server.snapshot.auto.trigger.threshold = 10000 (custom)
2021-07-17 01:44:36,527 [pool-545-thread-1] INFO  server.RaftServerConfigKeys (ConfUtils.java:logGet(44)) - raft.server.snapshot.retention.file.num = 5 (custom)
2021-07-17 01:44:36,527 [pool-545-thread-1] INFO  server.RaftServerConfigKeys (ConfUtils.java:logGet(44)) - raft.server.log.purge.upto.snapshot.index = false (default)
2021-07-17 01:44:36,527 [pool-545-thread-1] INFO  server.RaftServerConfigKeys (ConfUtils.java:logGet(44)) - raft.server.retrycache.expirytime = 600000ms (custom)
2021-07-17 01:44:36,527 [pool-545-thread-1] INFO  server.RaftServerConfigKeys (ConfUtils.java:logGet(44)) - raft.server.retrycache.statistics.expirytime = 100μs (default)
2021-07-17 01:44:36,527 [pool-545-thread-1] INFO  metrics.RatisMetrics (RatisMetrics.java:lambda$create$0(36)) - Creating Metrics Registry : ratis.leader_election.b32faf46-69b0-41ce-b187-d9527561eeb9@group-18EA97DC0098
2021-07-17 01:44:36,528 [pool-545-thread-1] INFO  metrics.RatisMetrics (RatisMetrics.java:lambda$create$0(36)) - Creating Metrics Registry : ratis.server.b32faf46-69b0-41ce-b187-d9527561eeb9@group-18EA97DC0098
2021-07-17 01:44:36,529 [pool-545-thread-1] INFO  server.RaftServer$Division (RaftServerImpl.java:start(295)) - b32faf46-69b0-41ce-b187-d9527561eeb9@group-18EA97DC0098: start as a follower, conf=-1: [817716dc-74d9-44e3-96f4-247fb6d3bd86|rpc:10.1.0.46:37853|dataStream:|priority:0, 30d49bb6-b206-443f-92f8-de1941ac4061|rpc:10.1.0.46:40535|dataStream:|priority:1, b32faf46-69b0-41ce-b187-d9527561eeb9|rpc:10.1.0.46:42083|dataStream:|priority:0], old=null
2021-07-17 01:44:36,529 [pool-545-thread-1] INFO  server.RaftServer$Division (RaftServerImpl.java:setRole(284)) - b32faf46-69b0-41ce-b187-d9527561eeb9@group-18EA97DC0098: changes role from      null to FOLLOWER at term 0 for startAsFollower
2021-07-17 01:44:36,529 [pool-545-thread-1] INFO  impl.RoleInfo (RoleInfo.java:updateAndGet(130)) - b32faf46-69b0-41ce-b187-d9527561eeb9: start b32faf46-69b0-41ce-b187-d9527561eeb9@group-18EA97DC0098-FollowerState
2021-07-17 01:44:36,529 [pool-545-thread-1] INFO  util.JmxRegister (JmxRegister.java:tryRegister(44)) - Successfully registered JMX Bean with object name Ratis:service=RaftServer,group=group-18EA97DC0098,id=b32faf46-69b0-41ce-b187-d9527561eeb9
2021-07-17 01:44:36,529 [pool-545-thread-1] INFO  metrics.RatisMetrics (RatisMetrics.java:lambda$create$0(36)) - Creating Metrics Registry : ratis.state_machine.b32faf46-69b0-41ce-b187-d9527561eeb9@group-18EA97DC0098
2021-07-17 01:44:36,536 [Command processor thread] INFO  metrics.RatisMetrics (RatisMetrics.java:lambda$create$0(36)) - Creating Metrics Registry : ratis.client_message_metrics.client-D57B09D73B5C->30d49bb6-b206-443f-92f8-de1941ac4061
2021-07-17 01:44:36,541 [grpc-default-executor-3] INFO  metrics.RatisMetrics (RatisMetrics.java:lambda$create$0(36)) - Creating Metrics Registry : ratis.server_message_metrics.30d49bb6-b206-443f-92f8-de1941ac4061
2021-07-17 01:44:36,542 [grpc-default-executor-3] INFO  server.RaftServer (RaftServerProxy.java:addNew(95)) - 30d49bb6-b206-443f-92f8-de1941ac4061: addNew group-18EA97DC0098:[817716dc-74d9-44e3-96f4-247fb6d3bd86|rpc:10.1.0.46:37853|dataStream:|priority:0, 30d49bb6-b206-443f-92f8-de1941ac4061|rpc:10.1.0.46:40535|dataStream:|priority:1, b32faf46-69b0-41ce-b187-d9527561eeb9|rpc:10.1.0.46:42083|dataStream:|priority:0] returns group-18EA97DC0098:java.util.concurrent.CompletableFuture@3e9b1c0f[Not completed]
2021-07-17 01:44:36,543 [pool-563-thread-1] INFO  server.RaftServer$Division (RaftServerImpl.java:<init>(180)) - 30d49bb6-b206-443f-92f8-de1941ac4061: new RaftServerImpl for group-18EA97DC0098:[817716dc-74d9-44e3-96f4-247fb6d3bd86|rpc:10.1.0.46:37853|dataStream:|priority:0, 30d49bb6-b206-443f-92f8-de1941ac4061|rpc:10.1.0.46:40535|dataStream:|priority:1, b32faf46-69b0-41ce-b187-d9527561eeb9|rpc:10.1.0.46:42083|dataStream:|priority:0] with ContainerStateMachine:uninitialized
2021-07-17 01:44:36,543 [pool-563-thread-1] INFO  server.RaftServerConfigKeys (ConfUtils.java:logGet(44)) - raft.server.rpc.timeout.min = 5s (custom)
2021-07-17 01:44:36,543 [pool-563-thread-1] INFO  server.RaftServerConfigKeys (ConfUtils.java:logGet(44)) - raft.server.rpc.timeout.max = 5200ms (custom)
2021-07-17 01:44:36,543 [pool-563-thread-1] INFO  server.RaftServerConfigKeys (ConfUtils.java:logGet(44)) - raft.server.rpc.sleep.time = 25ms (default)
2021-07-17 01:44:36,543 [pool-563-thread-1] INFO  server.RaftServerConfigKeys (ConfUtils.java:logGet(44)) - raft.server.rpc.slowness.timeout = 300000ms (custom)
2021-07-17 01:44:36,543 [pool-563-thread-1] INFO  server.RaftServerConfigKeys (ConfUtils.java:logGet(44)) - raft.server.leaderelection.leader.step-down.wait-time = 10s (default)
2021-07-17 01:44:36,543 [pool-563-thread-1] INFO  server.RaftServerConfigKeys (ConfUtils.java:logGet(44)) - raft.server.sleep.deviation.threshold = 300ms (default)
2021-07-17 01:44:36,543 [pool-563-thread-1] INFO  server.RaftServerConfigKeys (ConfUtils.java:logGet(44)) - raft.server.log.appender.install.snapshot.enabled = false (custom)
2021-07-17 01:44:36,543 [pool-563-thread-1] INFO  server.RaftServer$Division (ServerState.java:<init>(105)) - 30d49bb6-b206-443f-92f8-de1941ac4061@group-18EA97DC0098: ConfigurationManager, init=-1: [817716dc-74d9-44e3-96f4-247fb6d3bd86|rpc:10.1.0.46:37853|dataStream:|priority:0, 30d49bb6-b206-443f-92f8-de1941ac4061|rpc:10.1.0.46:40535|dataStream:|priority:1, b32faf46-69b0-41ce-b187-d9527561eeb9|rpc:10.1.0.46:42083|dataStream:|priority:0], old=null, confs=<EMPTY_MAP>
2021-07-17 01:44:36,543 [pool-563-thread-1] INFO  server.RaftServerConfigKeys (ConfUtils.java:logGet(44)) - raft.server.storage.dir = [/home/runner/work/ozone/ozone/mnt/ozone/hadoop-ozone/integration-test/target/test-dir/MiniOzoneClusterImpl-ab53e13c-b7a0-452c-aef0-b95992dbe1a2/datanode-2/data/ratis] (custom)
2021-07-17 01:44:36,543 [pool-563-thread-1] INFO  server.RaftServerConfigKeys (ConfUtils.java:logGet(44)) - raft.server.log.corruption.policy = EXCEPTION (default)
2021-07-17 01:44:36,544 [pool-563-thread-1] INFO  storage.RaftStorageDirectory (RaftStorageDirectoryImpl.java:analyzeStorage(132)) - The storage directory /home/runner/work/ozone/ozone/mnt/ozone/hadoop-ozone/integration-test/target/test-dir/MiniOzoneClusterImpl-ab53e13c-b7a0-452c-aef0-b95992dbe1a2/datanode-2/data/ratis/29f43b99-e021-4e88-bda1-18ea97dc0098 does not exist. Creating ...
2021-07-17 01:44:36,544 [pool-563-thread-1] INFO  storage.RaftStorageDirectory (RaftStorageDirectoryImpl.java:tryLock(215)) - Lock on /home/runner/work/ozone/ozone/mnt/ozone/hadoop-ozone/integration-test/target/test-dir/MiniOzoneClusterImpl-ab53e13c-b7a0-452c-aef0-b95992dbe1a2/datanode-2/data/ratis/29f43b99-e021-4e88-bda1-18ea97dc0098/in_use.lock acquired by nodename 8908@fv-az52-843
2021-07-17 01:44:36,545 [pool-563-thread-1] INFO  storage.RaftStorage (RaftStorageImpl.java:format(87)) - Storage directory /home/runner/work/ozone/ozone/mnt/ozone/hadoop-ozone/integration-test/target/test-dir/MiniOzoneClusterImpl-ab53e13c-b7a0-452c-aef0-b95992dbe1a2/datanode-2/data/ratis/29f43b99-e021-4e88-bda1-18ea97dc0098 has been successfully formatted.
2021-07-17 01:44:36,551 [pool-563-thread-1] INFO  ratis.ContainerStateMachine (ContainerStateMachine.java:loadSnapshot(223)) - group-18EA97DC0098: The snapshot info is null. Setting the last applied indexto:(t:0, i:~)
2021-07-17 01:44:36,552 [pool-563-thread-1] INFO  server.RaftServerConfigKeys (ConfUtils.java:logGet(44)) - raft.server.notification.no-leader.timeout = 300000ms (custom)
2021-07-17 01:44:36,552 [pool-563-thread-1] INFO  server.RaftServerConfigKeys (ConfUtils.java:logGet(44)) - raft.server.log.use.memory = false (default)
2021-07-17 01:44:36,552 [pool-563-thread-1] INFO  server.RaftServerConfigKeys (ConfUtils.java:logGet(44)) - raft.server.log.purge.gap = 1000000 (custom)
2021-07-17 01:44:36,552 [pool-563-thread-1] INFO  server.RaftServerConfigKeys (ConfUtils.java:logGet(44)) - raft.server.log.appender.buffer.byte-limit = 33554432 (custom)
2021-07-17 01:44:36,552 [pool-563-thread-1] INFO  metrics.RatisMetrics (RatisMetrics.java:lambda$create$0(36)) - Creating Metrics Registry : ratis.log_worker.30d49bb6-b206-443f-92f8-de1941ac4061@group-18EA97DC0098
2021-07-17 01:44:36,552 [pool-563-thread-1] INFO  server.RaftServerConfigKeys (ConfUtils.java:logGet(44)) - raft.server.log.segment.size.max = 1048576 (custom)
2021-07-17 01:44:36,553 [pool-563-thread-1] INFO  server.RaftServerConfigKeys (ConfUtils.java:logGet(44)) - raft.server.log.segment.cache.num.max = 2 (custom)
2021-07-17 01:44:36,553 [pool-563-thread-1] INFO  server.RaftServerConfigKeys (ConfUtils.java:logGet(44)) - raft.server.log.segment.cache.size.max = 200MB (=209715200) (default)
2021-07-17 01:44:36,553 [pool-563-thread-1] INFO  segmented.SegmentedRaftLogWorker (SegmentedRaftLogWorker.java:<init>(182)) - new 30d49bb6-b206-443f-92f8-de1941ac4061@group-18EA97DC0098-SegmentedRaftLogWorker for RaftStorageImpl:Storage Directory /home/runner/work/ozone/ozone/mnt/ozone/hadoop-ozone/integration-test/target/test-dir/MiniOzoneClusterImpl-ab53e13c-b7a0-452c-aef0-b95992dbe1a2/datanode-2/data/ratis/29f43b99-e021-4e88-bda1-18ea97dc0098
2021-07-17 01:44:36,553 [pool-563-thread-1] INFO  server.RaftServerConfigKeys (ConfUtils.java:logGet(44)) - raft.server.log.queue.byte-limit = 2147483647 (custom)
2021-07-17 01:44:36,553 [pool-563-thread-1] INFO  server.RaftServerConfigKeys (ConfUtils.java:logGet(44)) - raft.server.log.queue.element-limit = 1024 (custom)
2021-07-17 01:44:36,553 [pool-563-thread-1] INFO  server.RaftServerConfigKeys (ConfUtils.java:logGet(44)) - raft.server.log.segment.size.max = 1048576 (custom)
2021-07-17 01:44:36,553 [pool-563-thread-1] INFO  server.RaftServerConfigKeys (ConfUtils.java:logGet(44)) - raft.server.log.preallocated.size = 16384 (custom)
2021-07-17 01:44:36,553 [pool-563-thread-1] INFO  server.RaftServerConfigKeys (ConfUtils.java:logGet(44)) - raft.server.log.force.sync.num = 128 (default)
2021-07-17 01:44:36,553 [pool-563-thread-1] INFO  server.RaftServerConfigKeys (ConfUtils.java:logGet(44)) - raft.server.log.statemachine.data.sync = true (default)
2021-07-17 01:44:36,553 [pool-563-thread-1] INFO  server.RaftServerConfigKeys (ConfUtils.java:logGet(44)) - raft.server.log.statemachine.data.sync.timeout = 10s (default)
2021-07-17 01:44:36,553 [pool-563-thread-1] INFO  server.RaftServerConfigKeys (ConfUtils.java:logGet(44)) - raft.server.log.statemachine.data.sync.timeout.retry = -1 (default)
2021-07-17 01:44:36,554 [pool-563-thread-1] INFO  server.RaftServerConfigKeys (ConfUtils.java:logGet(44)) - raft.server.log.write.buffer.size = 1048576 (custom)
2021-07-17 01:44:36,555 [pool-563-thread-1] INFO  server.RaftServerConfigKeys (ConfUtils.java:logGet(44)) - raft.server.log.statemachine.data.caching.enabled = true (custom)
2021-07-17 01:44:36,555 [pool-563-thread-1] INFO  segmented.SegmentedRaftLogWorker (SegmentedRaftLogWorker.java:lambda$new$0(133)) - 30d49bb6-b206-443f-92f8-de1941ac4061@group-18EA97DC0098-SegmentedRaftLogWorker: flushIndex: setUnconditionally 0 -> -1
2021-07-17 01:44:36,555 [pool-563-thread-1] INFO  segmented.SegmentedRaftLogWorker (SegmentedRaftLogWorker.java:lambda$new$0(133)) - 30d49bb6-b206-443f-92f8-de1941ac4061@group-18EA97DC0098-SegmentedRaftLogWorker: safeCacheEvictIndex: setUnconditionally 0 -> -1
2021-07-17 01:44:36,555 [pool-563-thread-1] INFO  server.RaftServerConfigKeys (ConfUtils.java:logGet(44)) - raft.server.snapshot.auto.trigger.enabled = true (custom)
2021-07-17 01:44:36,555 [pool-563-thread-1] INFO  server.RaftServerConfigKeys (ConfUtils.java:logGet(44)) - raft.server.snapshot.auto.trigger.threshold = 10000 (custom)
2021-07-17 01:44:36,555 [pool-563-thread-1] INFO  server.RaftServerConfigKeys (ConfUtils.java:logGet(44)) - raft.server.snapshot.retention.file.num = 5 (custom)
2021-07-17 01:44:36,555 [pool-563-thread-1] INFO  server.RaftServerConfigKeys (ConfUtils.java:logGet(44)) - raft.server.log.purge.upto.snapshot.index = false (default)
2021-07-17 01:44:36,556 [pool-563-thread-1] INFO  server.RaftServerConfigKeys (ConfUtils.java:logGet(44)) - raft.server.retrycache.expirytime = 600000ms (custom)
2021-07-17 01:44:36,556 [pool-563-thread-1] INFO  server.RaftServerConfigKeys (ConfUtils.java:logGet(44)) - raft.server.retrycache.statistics.expirytime = 100μs (default)
2021-07-17 01:44:36,556 [pool-563-thread-1] INFO  metrics.RatisMetrics (RatisMetrics.java:lambda$create$0(36)) - Creating Metrics Registry : ratis.leader_election.30d49bb6-b206-443f-92f8-de1941ac4061@group-18EA97DC0098
2021-07-17 01:44:36,556 [pool-563-thread-1] INFO  metrics.RatisMetrics (RatisMetrics.java:lambda$create$0(36)) - Creating Metrics Registry : ratis.server.30d49bb6-b206-443f-92f8-de1941ac4061@group-18EA97DC0098
2021-07-17 01:44:36,557 [pool-563-thread-1] INFO  server.RaftServer$Division (RaftServerImpl.java:start(295)) - 30d49bb6-b206-443f-92f8-de1941ac4061@group-18EA97DC0098: start as a follower, conf=-1: [817716dc-74d9-44e3-96f4-247fb6d3bd86|rpc:10.1.0.46:37853|dataStream:|priority:0, 30d49bb6-b206-443f-92f8-de1941ac4061|rpc:10.1.0.46:40535|dataStream:|priority:1, b32faf46-69b0-41ce-b187-d9527561eeb9|rpc:10.1.0.46:42083|dataStream:|priority:0], old=null
2021-07-17 01:44:36,557 [pool-563-thread-1] INFO  server.RaftServer$Division (RaftServerImpl.java:setRole(284)) - 30d49bb6-b206-443f-92f8-de1941ac4061@group-18EA97DC0098: changes role from      null to FOLLOWER at term 0 for startAsFollower
2021-07-17 01:44:36,557 [pool-563-thread-1] INFO  impl.RoleInfo (RoleInfo.java:updateAndGet(130)) - 30d49bb6-b206-443f-92f8-de1941ac4061: start 30d49bb6-b206-443f-92f8-de1941ac4061@group-18EA97DC0098-FollowerState
2021-07-17 01:44:36,557 [pool-563-thread-1] INFO  util.JmxRegister (JmxRegister.java:tryRegister(44)) - Successfully registered JMX Bean with object name Ratis:service=RaftServer,group=group-18EA97DC0098,id=30d49bb6-b206-443f-92f8-de1941ac4061
2021-07-17 01:44:36,557 [pool-563-thread-1] INFO  metrics.RatisMetrics (RatisMetrics.java:lambda$create$0(36)) - Creating Metrics Registry : ratis.state_machine.30d49bb6-b206-443f-92f8-de1941ac4061@group-18EA97DC0098
2021-07-17 01:44:36,563 [Command processor thread] INFO  commandhandler.CreatePipelineCommandHandler (CreatePipelineCommandHandler.java:handle(106)) - Created Pipeline RATIS THREE PipelineID=29f43b99-e021-4e88-bda1-18ea97dc0098.
2021-07-17 01:44:36,610 [Command processor thread] INFO  server.RaftServer (RaftServerProxy.java:addNew(95)) - b32faf46-69b0-41ce-b187-d9527561eeb9: addNew group-DED385BE976B:[b32faf46-69b0-41ce-b187-d9527561eeb9|rpc:10.1.0.46:42083|priority:1] returns group-DED385BE976B:java.util.concurrent.CompletableFuture@63bf9691[Not completed]
2021-07-17 01:44:36,611 [pool-545-thread-1] INFO  server.RaftServer$Division (RaftServerImpl.java:<init>(180)) - b32faf46-69b0-41ce-b187-d9527561eeb9: new RaftServerImpl for group-DED385BE976B:[b32faf46-69b0-41ce-b187-d9527561eeb9|rpc:10.1.0.46:42083|priority:1] with ContainerStateMachine:uninitialized
2021-07-17 01:44:36,611 [pool-545-thread-1] INFO  server.RaftServerConfigKeys (ConfUtils.java:logGet(44)) - raft.server.rpc.timeout.min = 5s (custom)
2021-07-17 01:44:36,611 [pool-545-thread-1] INFO  server.RaftServerConfigKeys (ConfUtils.java:logGet(44)) - raft.server.rpc.timeout.max = 5200ms (custom)
2021-07-17 01:44:36,611 [pool-545-thread-1] INFO  server.RaftServerConfigKeys (ConfUtils.java:logGet(44)) - raft.server.rpc.sleep.time = 25ms (default)
2021-07-17 01:44:36,611 [pool-545-thread-1] INFO  server.RaftServerConfigKeys (ConfUtils.java:logGet(44)) - raft.server.rpc.slowness.timeout = 300000ms (custom)
2021-07-17 01:44:36,611 [pool-545-thread-1] INFO  server.RaftServerConfigKeys (ConfUtils.java:logGet(44)) - raft.server.leaderelection.leader.step-down.wait-time = 10s (default)
2021-07-17 01:44:36,611 [pool-545-thread-1] INFO  server.RaftServerConfigKeys (ConfUtils.java:logGet(44)) - raft.server.sleep.deviation.threshold = 300ms (default)
2021-07-17 01:44:36,611 [pool-545-thread-1] INFO  server.RaftServerConfigKeys (ConfUtils.java:logGet(44)) - raft.server.log.appender.install.snapshot.enabled = false (custom)
2021-07-17 01:44:36,611 [pool-545-thread-1] INFO  server.RaftServer$Division (ServerState.java:<init>(105)) - b32faf46-69b0-41ce-b187-d9527561eeb9@group-DED385BE976B: ConfigurationManager, init=-1: [b32faf46-69b0-41ce-b187-d9527561eeb9|rpc:10.1.0.46:42083|priority:1], old=null, confs=<EMPTY_MAP>
2021-07-17 01:44:36,612 [pool-545-thread-1] INFO  server.RaftServerConfigKeys (ConfUtils.java:logGet(44)) - raft.server.storage.dir = [/home/runner/work/ozone/ozone/mnt/ozone/hadoop-ozone/integration-test/target/test-dir/MiniOzoneClusterImpl-ab53e13c-b7a0-452c-aef0-b95992dbe1a2/datanode-1/data/ratis] (custom)
2021-07-17 01:44:36,612 [pool-545-thread-1] INFO  server.RaftServerConfigKeys (ConfUtils.java:logGet(44)) - raft.server.log.corruption.policy = EXCEPTION (default)
2021-07-17 01:44:36,612 [pool-545-thread-1] INFO  storage.RaftStorageDirectory (RaftStorageDirectoryImpl.java:analyzeStorage(132)) - The storage directory /home/runner/work/ozone/ozone/mnt/ozone/hadoop-ozone/integration-test/target/test-dir/MiniOzoneClusterImpl-ab53e13c-b7a0-452c-aef0-b95992dbe1a2/datanode-1/data/ratis/d89eed4d-18d6-463a-bc26-ded385be976b does not exist. Creating ...
2021-07-17 01:44:36,613 [pool-545-thread-1] INFO  storage.RaftStorageDirectory (RaftStorageDirectoryImpl.java:tryLock(215)) - Lock on /home/runner/work/ozone/ozone/mnt/ozone/hadoop-ozone/integration-test/target/test-dir/MiniOzoneClusterImpl-ab53e13c-b7a0-452c-aef0-b95992dbe1a2/datanode-1/data/ratis/d89eed4d-18d6-463a-bc26-ded385be976b/in_use.lock acquired by nodename 8908@fv-az52-843
2021-07-17 01:44:36,614 [pool-545-thread-1] INFO  storage.RaftStorage (RaftStorageImpl.java:format(87)) - Storage directory /home/runner/work/ozone/ozone/mnt/ozone/hadoop-ozone/integration-test/target/test-dir/MiniOzoneClusterImpl-ab53e13c-b7a0-452c-aef0-b95992dbe1a2/datanode-1/data/ratis/d89eed4d-18d6-463a-bc26-ded385be976b has been successfully formatted.
2021-07-17 01:44:36,614 [pool-545-thread-1] INFO  ratis.ContainerStateMachine (ContainerStateMachine.java:loadSnapshot(223)) - group-DED385BE976B: The snapshot info is null. Setting the last applied indexto:(t:0, i:~)
2021-07-17 01:44:36,614 [pool-545-thread-1] INFO  server.RaftServerConfigKeys (ConfUtils.java:logGet(44)) - raft.server.notification.no-leader.timeout = 300000ms (custom)
2021-07-17 01:44:36,615 [EventQueue-PipelineReportForPipelineReportHandler] INFO  pipeline.PipelineManagerV2Impl (PipelineManagerV2Impl.java:openPipeline(283)) - Pipeline Pipeline[ Id: d89eed4d-18d6-463a-bc26-ded385be976b, Nodes: b32faf46-69b0-41ce-b187-d9527561eeb9{ip: 10.1.0.46, host: fv-az52-843.jaak54zke33upnjmlridiqi2vb.bx.internal.cloudapp.net, ports: [REPLICATION=44387, RATIS=42083, RATIS_ADMIN=42083, RATIS_SERVER=42083, STANDALONE=33573], networkLocation: /default-rack, certSerialId: null, persistedOpState: IN_SERVICE, persistedOpStateExpiryEpochSec: 0}, ReplicationConfig: RATIS/ONE, State:ALLOCATED, leaderId:b32faf46-69b0-41ce-b187-d9527561eeb9, CreationTimestamp2021-07-17T01:44:33.612Z[Etc/UTC]] moved to OPEN state
2021-07-17 01:44:36,615 [pool-545-thread-1] INFO  server.RaftServerConfigKeys (ConfUtils.java:logGet(44)) - raft.server.log.use.memory = false (default)
2021-07-17 01:44:36,615 [pool-545-thread-1] INFO  server.RaftServerConfigKeys (ConfUtils.java:logGet(44)) - raft.server.log.purge.gap = 1000000 (custom)
2021-07-17 01:44:36,615 [pool-545-thread-1] INFO  server.RaftServerConfigKeys (ConfUtils.java:logGet(44)) - raft.server.log.appender.buffer.byte-limit = 33554432 (custom)
2021-07-17 01:44:36,615 [pool-545-thread-1] INFO  metrics.RatisMetrics (RatisMetrics.java:lambda$create$0(36)) - Creating Metrics Registry : ratis.log_worker.b32faf46-69b0-41ce-b187-d9527561eeb9@group-DED385BE976B
2021-07-17 01:44:36,615 [EventQueue-OpenPipelineForHealthyPipelineSafeModeRule] INFO  safemode.SCMSafeModeManager (HealthyPipelineSafeModeRule.java:process(124)) - SCM in safe mode. Healthy pipelines reported count is 0, required healthy pipeline reported count is 1
2021-07-17 01:44:36,616 [pool-545-thread-1] INFO  server.RaftServerConfigKeys (ConfUtils.java:logGet(44)) - raft.server.log.segment.size.max = 1048576 (custom)
2021-07-17 01:44:36,616 [pool-545-thread-1] INFO  server.RaftServerConfigKeys (ConfUtils.java:logGet(44)) - raft.server.log.segment.cache.num.max = 2 (custom)
2021-07-17 01:44:36,616 [pool-545-thread-1] INFO  server.RaftServerConfigKeys (ConfUtils.java:logGet(44)) - raft.server.log.segment.cache.size.max = 200MB (=209715200) (default)
2021-07-17 01:44:36,616 [pool-545-thread-1] INFO  segmented.SegmentedRaftLogWorker (SegmentedRaftLogWorker.java:<init>(182)) - new b32faf46-69b0-41ce-b187-d9527561eeb9@group-DED385BE976B-SegmentedRaftLogWorker for RaftStorageImpl:Storage Directory /home/runner/work/ozone/ozone/mnt/ozone/hadoop-ozone/integration-test/target/test-dir/MiniOzoneClusterImpl-ab53e13c-b7a0-452c-aef0-b95992dbe1a2/datanode-1/data/ratis/d89eed4d-18d6-463a-bc26-ded385be976b
2021-07-17 01:44:36,616 [pool-545-thread-1] INFO  server.RaftServerConfigKeys (ConfUtils.java:logGet(44)) - raft.server.log.queue.byte-limit = 2147483647 (custom)
2021-07-17 01:44:36,616 [pool-545-thread-1] INFO  server.RaftServerConfigKeys (ConfUtils.java:logGet(44)) - raft.server.log.queue.element-limit = 1024 (custom)
2021-07-17 01:44:36,616 [pool-545-thread-1] INFO  server.RaftServerConfigKeys (ConfUtils.java:logGet(44)) - raft.server.log.segment.size.max = 1048576 (custom)
2021-07-17 01:44:36,616 [pool-545-thread-1] INFO  server.RaftServerConfigKeys (ConfUtils.java:logGet(44)) - raft.server.log.preallocated.size = 16384 (custom)
2021-07-17 01:44:36,616 [pool-545-thread-1] INFO  server.RaftServerConfigKeys (ConfUtils.java:logGet(44)) - raft.server.log.force.sync.num = 128 (default)
2021-07-17 01:44:36,616 [pool-545-thread-1] INFO  server.RaftServerConfigKeys (ConfUtils.java:logGet(44)) - raft.server.log.statemachine.data.sync = true (default)
2021-07-17 01:44:36,617 [pool-545-thread-1] INFO  server.RaftServerConfigKeys (ConfUtils.java:logGet(44)) - raft.server.log.statemachine.data.sync.timeout = 10s (default)
2021-07-17 01:44:36,617 [pool-545-thread-1] INFO  server.RaftServerConfigKeys (ConfUtils.java:logGet(44)) - raft.server.log.statemachine.data.sync.timeout.retry = -1 (default)
2021-07-17 01:44:36,618 [pool-545-thread-1] INFO  server.RaftServerConfigKeys (ConfUtils.java:logGet(44)) - raft.server.log.write.buffer.size = 1048576 (custom)
2021-07-17 01:44:36,618 [pool-545-thread-1] INFO  server.RaftServerConfigKeys (ConfUtils.java:logGet(44)) - raft.server.log.statemachine.data.caching.enabled = true (custom)
2021-07-17 01:44:36,618 [pool-545-thread-1] INFO  segmented.SegmentedRaftLogWorker (SegmentedRaftLogWorker.java:lambda$new$0(133)) - b32faf46-69b0-41ce-b187-d9527561eeb9@group-DED385BE976B-SegmentedRaftLogWorker: flushIndex: setUnconditionally 0 -> -1
2021-07-17 01:44:36,618 [pool-545-thread-1] INFO  segmented.SegmentedRaftLogWorker (SegmentedRaftLogWorker.java:lambda$new$0(133)) - b32faf46-69b0-41ce-b187-d9527561eeb9@group-DED385BE976B-SegmentedRaftLogWorker: safeCacheEvictIndex: setUnconditionally 0 -> -1
2021-07-17 01:44:36,619 [pool-545-thread-1] INFO  server.RaftServerConfigKeys (ConfUtils.java:logGet(44)) - raft.server.snapshot.auto.trigger.enabled = true (custom)
2021-07-17 01:44:36,619 [pool-545-thread-1] INFO  server.RaftServerConfigKeys (ConfUtils.java:logGet(44)) - raft.server.snapshot.auto.trigger.threshold = 10000 (custom)
2021-07-17 01:44:36,619 [pool-545-thread-1] INFO  server.RaftServerConfigKeys (ConfUtils.java:logGet(44)) - raft.server.snapshot.retention.file.num = 5 (custom)
2021-07-17 01:44:36,619 [pool-545-thread-1] INFO  server.RaftServerConfigKeys (ConfUtils.java:logGet(44)) - raft.server.log.purge.upto.snapshot.index = false (default)
2021-07-17 01:44:36,619 [pool-545-thread-1] INFO  server.RaftServerConfigKeys (ConfUtils.java:logGet(44)) - raft.server.retrycache.expirytime = 600000ms (custom)
2021-07-17 01:44:36,619 [pool-545-thread-1] INFO  server.RaftServerConfigKeys (ConfUtils.java:logGet(44)) - raft.server.retrycache.statistics.expirytime = 100μs (default)
2021-07-17 01:44:36,619 [pool-545-thread-1] INFO  metrics.RatisMetrics (RatisMetrics.java:lambda$create$0(36)) - Creating Metrics Registry : ratis.leader_election.b32faf46-69b0-41ce-b187-d9527561eeb9@group-DED385BE976B
2021-07-17 01:44:36,619 [pool-545-thread-1] INFO  metrics.RatisMetrics (RatisMetrics.java:lambda$create$0(36)) - Creating Metrics Registry : ratis.server.b32faf46-69b0-41ce-b187-d9527561eeb9@group-DED385BE976B
2021-07-17 01:44:36,620 [pool-545-thread-1] INFO  server.RaftServer$Division (RaftServerImpl.java:start(295)) - b32faf46-69b0-41ce-b187-d9527561eeb9@group-DED385BE976B: start as a follower, conf=-1: [b32faf46-69b0-41ce-b187-d9527561eeb9|rpc:10.1.0.46:42083|priority:1], old=null
2021-07-17 01:44:36,620 [pool-545-thread-1] INFO  server.RaftServer$Division (RaftServerImpl.java:setRole(284)) - b32faf46-69b0-41ce-b187-d9527561eeb9@group-DED385BE976B: changes role from      null to FOLLOWER at term 0 for startAsFollower
2021-07-17 01:44:36,620 [pool-545-thread-1] INFO  impl.RoleInfo (RoleInfo.java:updateAndGet(130)) - b32faf46-69b0-41ce-b187-d9527561eeb9: start b32faf46-69b0-41ce-b187-d9527561eeb9@group-DED385BE976B-FollowerState
2021-07-17 01:44:36,620 [pool-545-thread-1] INFO  util.JmxRegister (JmxRegister.java:tryRegister(44)) - Successfully registered JMX Bean with object name Ratis:service=RaftServer,group=group-DED385BE976B,id=b32faf46-69b0-41ce-b187-d9527561eeb9
2021-07-17 01:44:36,621 [pool-545-thread-1] INFO  metrics.RatisMetrics (RatisMetrics.java:lambda$create$0(36)) - Creating Metrics Registry : ratis.state_machine.b32faf46-69b0-41ce-b187-d9527561eeb9@group-DED385BE976B
2021-07-17 01:44:36,621 [Command processor thread] INFO  ratis.XceiverServerRatis (XceiverServerRatis.java:addGroup(759)) - Created group PipelineID=d89eed4d-18d6-463a-bc26-ded385be976b
2021-07-17 01:44:36,621 [Command processor thread] INFO  commandhandler.CreatePipelineCommandHandler (CreatePipelineCommandHandler.java:handle(106)) - Created Pipeline RATIS ONE PipelineID=d89eed4d-18d6-463a-bc26-ded385be976b.
2021-07-17 01:44:36,651 [Listener at 127.0.0.1/42341] INFO  ozone.MiniOzoneClusterImpl (MiniOzoneClusterImpl.java:lambda$waitForClusterToBeReady$0(230)) - Nodes are ready. Got 9 of 9 DN Heartbeats.
2021-07-17 01:44:36,651 [Listener at 127.0.0.1/42341] INFO  ozone.MiniOzoneClusterImpl (MiniOzoneClusterImpl.java:lambda$waitForClusterToBeReady$0(233)) - Waiting for cluster to exit safe mode
2021-07-17 01:44:36,651 [Listener at 127.0.0.1/42341] INFO  ozone.MiniOzoneClusterImpl (MiniOzoneClusterImpl.java:lambda$waitForClusterToBeReady$0(235)) - SCM became leader
2021-07-17 01:44:36,750 [Command processor thread] INFO  server.RaftServer (RaftServerProxy.java:addNew(95)) - 30d49bb6-b206-443f-92f8-de1941ac4061: addNew group-5883ECDA4F1A:[30d49bb6-b206-443f-92f8-de1941ac4061|rpc:10.1.0.46:40535|priority:1] returns group-5883ECDA4F1A:java.util.concurrent.CompletableFuture@23f81d94[Not completed]
2021-07-17 01:44:36,751 [pool-563-thread-1] INFO  server.RaftServer$Division (RaftServerImpl.java:<init>(180)) - 30d49bb6-b206-443f-92f8-de1941ac4061: new RaftServerImpl for group-5883ECDA4F1A:[30d49bb6-b206-443f-92f8-de1941ac4061|rpc:10.1.0.46:40535|priority:1] with ContainerStateMachine:uninitialized
2021-07-17 01:44:36,751 [pool-563-thread-1] INFO  server.RaftServerConfigKeys (ConfUtils.java:logGet(44)) - raft.server.rpc.timeout.min = 5s (custom)
2021-07-17 01:44:36,751 [pool-563-thread-1] INFO  server.RaftServerConfigKeys (ConfUtils.java:logGet(44)) - raft.server.rpc.timeout.max = 5200ms (custom)
2021-07-17 01:44:36,751 [pool-563-thread-1] INFO  server.RaftServerConfigKeys (ConfUtils.java:logGet(44)) - raft.server.rpc.sleep.time = 25ms (default)
2021-07-17 01:44:36,751 [pool-563-thread-1] INFO  server.RaftServerConfigKeys (ConfUtils.java:logGet(44)) - raft.server.rpc.slowness.timeout = 300000ms (custom)
2021-07-17 01:44:36,751 [pool-563-thread-1] INFO  server.RaftServerConfigKeys (ConfUtils.java:logGet(44)) - raft.server.leaderelection.leader.step-down.wait-time = 10s (default)
2021-07-17 01:44:36,751 [pool-563-thread-1] INFO  server.RaftServerConfigKeys (ConfUtils.java:logGet(44)) - raft.server.sleep.deviation.threshold = 300ms (default)
2021-07-17 01:44:36,751 [pool-563-thread-1] INFO  server.RaftServerConfigKeys (ConfUtils.java:logGet(44)) - raft.server.log.appender.install.snapshot.enabled = false (custom)
2021-07-17 01:44:36,752 [pool-563-thread-1] INFO  server.RaftServer$Division (ServerState.java:<init>(105)) - 30d49bb6-b206-443f-92f8-de1941ac4061@group-5883ECDA4F1A: ConfigurationManager, init=-1: [30d49bb6-b206-443f-92f8-de1941ac4061|rpc:10.1.0.46:40535|priority:1], old=null, confs=<EMPTY_MAP>
2021-07-17 01:44:36,752 [pool-563-thread-1] INFO  server.RaftServerConfigKeys (ConfUtils.java:logGet(44)) - raft.server.storage.dir = [/home/runner/work/ozone/ozone/mnt/ozone/hadoop-ozone/integration-test/target/test-dir/MiniOzoneClusterImpl-ab53e13c-b7a0-452c-aef0-b95992dbe1a2/datanode-2/data/ratis] (custom)
2021-07-17 01:44:36,752 [pool-563-thread-1] INFO  server.RaftServerConfigKeys (ConfUtils.java:logGet(44)) - raft.server.log.corruption.policy = EXCEPTION (default)
2021-07-17 01:44:36,752 [pool-563-thread-1] INFO  storage.RaftStorageDirectory (RaftStorageDirectoryImpl.java:analyzeStorage(132)) - The storage directory /home/runner/work/ozone/ozone/mnt/ozone/hadoop-ozone/integration-test/target/test-dir/MiniOzoneClusterImpl-ab53e13c-b7a0-452c-aef0-b95992dbe1a2/datanode-2/data/ratis/308d6815-5698-44e4-a3f7-5883ecda4f1a does not exist. Creating ...
2021-07-17 01:44:36,753 [pool-563-thread-1] INFO  storage.RaftStorageDirectory (RaftStorageDirectoryImpl.java:tryLock(215)) - Lock on /home/runner/work/ozone/ozone/mnt/ozone/hadoop-ozone/integration-test/target/test-dir/MiniOzoneClusterImpl-ab53e13c-b7a0-452c-aef0-b95992dbe1a2/datanode-2/data/ratis/308d6815-5698-44e4-a3f7-5883ecda4f1a/in_use.lock acquired by nodename 8908@fv-az52-843
2021-07-17 01:44:36,754 [pool-563-thread-1] INFO  storage.RaftStorage (RaftStorageImpl.java:format(87)) - Storage directory /home/runner/work/ozone/ozone/mnt/ozone/hadoop-ozone/integration-test/target/test-dir/MiniOzoneClusterImpl-ab53e13c-b7a0-452c-aef0-b95992dbe1a2/datanode-2/data/ratis/308d6815-5698-44e4-a3f7-5883ecda4f1a has been successfully formatted.
2021-07-17 01:44:36,754 [Datanode State Machine Thread - 0] WARN  statemachine.StateContext (StateContext.java:execute(621)) - No available thread in pool for past 1 seconds.
2021-07-17 01:44:36,755 [pool-563-thread-1] INFO  ratis.ContainerStateMachine (ContainerStateMachine.java:loadSnapshot(223)) - group-5883ECDA4F1A: The snapshot info is null. Setting the last applied indexto:(t:0, i:~)
2021-07-17 01:44:36,755 [EventQueue-PipelineReportForPipelineReportHandler] INFO  pipeline.PipelineManagerV2Impl (PipelineManagerV2Impl.java:openPipeline(283)) - Pipeline Pipeline[ Id: 308d6815-5698-44e4-a3f7-5883ecda4f1a, Nodes: 30d49bb6-b206-443f-92f8-de1941ac4061{ip: 10.1.0.46, host: fv-az52-843.jaak54zke33upnjmlridiqi2vb.bx.internal.cloudapp.net, ports: [REPLICATION=45345, RATIS=40535, RATIS_ADMIN=40535, RATIS_SERVER=40535, STANDALONE=36317], networkLocation: /default-rack, certSerialId: null, persistedOpState: IN_SERVICE, persistedOpStateExpiryEpochSec: 0}, ReplicationConfig: RATIS/ONE, State:ALLOCATED, leaderId:30d49bb6-b206-443f-92f8-de1941ac4061, CreationTimestamp2021-07-17T01:44:33.753Z[Etc/UTC]] moved to OPEN state
2021-07-17 01:44:36,755 [EventQueue-OpenPipelineForHealthyPipelineSafeModeRule] INFO  safemode.SCMSafeModeManager (HealthyPipelineSafeModeRule.java:process(124)) - SCM in safe mode. Healthy pipelines reported count is 0, required healthy pipeline reported count is 1
2021-07-17 01:44:36,756 [pool-563-thread-1] INFO  server.RaftServerConfigKeys (ConfUtils.java:logGet(44)) - raft.server.notification.no-leader.timeout = 300000ms (custom)
2021-07-17 01:44:36,756 [pool-563-thread-1] INFO  server.RaftServerConfigKeys (ConfUtils.java:logGet(44)) - raft.server.log.use.memory = false (default)
2021-07-17 01:44:36,756 [pool-563-thread-1] INFO  server.RaftServerConfigKeys (ConfUtils.java:logGet(44)) - raft.server.log.purge.gap = 1000000 (custom)
2021-07-17 01:44:36,756 [pool-563-thread-1] INFO  server.RaftServerConfigKeys (ConfUtils.java:logGet(44)) - raft.server.log.appender.buffer.byte-limit = 33554432 (custom)
2021-07-17 01:44:36,756 [pool-563-thread-1] INFO  metrics.RatisMetrics (RatisMetrics.java:lambda$create$0(36)) - Creating Metrics Registry : ratis.log_worker.30d49bb6-b206-443f-92f8-de1941ac4061@group-5883ECDA4F1A
2021-07-17 01:44:36,756 [pool-563-thread-1] INFO  server.RaftServerConfigKeys (ConfUtils.java:logGet(44)) - raft.server.log.segment.size.max = 1048576 (custom)
2021-07-17 01:44:36,757 [pool-563-thread-1] INFO  server.RaftServerConfigKeys (ConfUtils.java:logGet(44)) - raft.server.log.segment.cache.num.max = 2 (custom)
2021-07-17 01:44:36,757 [pool-563-thread-1] INFO  server.RaftServerConfigKeys (ConfUtils.java:logGet(44)) - raft.server.log.segment.cache.size.max = 200MB (=209715200) (default)
2021-07-17 01:44:36,757 [pool-563-thread-1] INFO  segmented.SegmentedRaftLogWorker (SegmentedRaftLogWorker.java:<init>(182)) - new 30d49bb6-b206-443f-92f8-de1941ac4061@group-5883ECDA4F1A-SegmentedRaftLogWorker for RaftStorageImpl:Storage Directory /home/runner/work/ozone/ozone/mnt/ozone/hadoop-ozone/integration-test/target/test-dir/MiniOzoneClusterImpl-ab53e13c-b7a0-452c-aef0-b95992dbe1a2/datanode-2/data/ratis/308d6815-5698-44e4-a3f7-5883ecda4f1a
2021-07-17 01:44:36,757 [pool-563-thread-1] INFO  server.RaftServerConfigKeys (ConfUtils.java:logGet(44)) - raft.server.log.queue.byte-limit = 2147483647 (custom)
2021-07-17 01:44:36,757 [pool-563-thread-1] INFO  server.RaftServerConfigKeys (ConfUtils.java:logGet(44)) - raft.server.log.queue.element-limit = 1024 (custom)
2021-07-17 01:44:36,757 [pool-563-thread-1] INFO  server.RaftServerConfigKeys (ConfUtils.java:logGet(44)) - raft.server.log.segment.size.max = 1048576 (custom)
2021-07-17 01:44:36,757 [pool-563-thread-1] INFO  server.RaftServerConfigKeys (ConfUtils.java:logGet(44)) - raft.server.log.preallocated.size = 16384 (custom)
2021-07-17 01:44:36,757 [pool-563-thread-1] INFO  server.RaftServerConfigKeys (ConfUtils.java:logGet(44)) - raft.server.log.force.sync.num = 128 (default)
2021-07-17 01:44:36,757 [pool-563-thread-1] INFO  server.RaftServerConfigKeys (ConfUtils.java:logGet(44)) - raft.server.log.statemachine.data.sync = true (default)
2021-07-17 01:44:36,757 [pool-563-thread-1] INFO  server.RaftServerConfigKeys (ConfUtils.java:logGet(44)) - raft.server.log.statemachine.data.sync.timeout = 10s (default)
2021-07-17 01:44:36,757 [pool-563-thread-1] INFO  server.RaftServerConfigKeys (ConfUtils.java:logGet(44)) - raft.server.log.statemachine.data.sync.timeout.retry = -1 (default)
2021-07-17 01:44:36,759 [pool-563-thread-1] INFO  server.RaftServerConfigKeys (ConfUtils.java:logGet(44)) - raft.server.log.write.buffer.size = 1048576 (custom)
2021-07-17 01:44:36,759 [pool-563-thread-1] INFO  server.RaftServerConfigKeys (ConfUtils.java:logGet(44)) - raft.server.log.statemachine.data.caching.enabled = true (custom)
2021-07-17 01:44:36,759 [pool-563-thread-1] INFO  segmented.SegmentedRaftLogWorker (SegmentedRaftLogWorker.java:lambda$new$0(133)) - 30d49bb6-b206-443f-92f8-de1941ac4061@group-5883ECDA4F1A-SegmentedRaftLogWorker: flushIndex: setUnconditionally 0 -> -1
2021-07-17 01:44:36,759 [pool-563-thread-1] INFO  segmented.SegmentedRaftLogWorker (SegmentedRaftLogWorker.java:lambda$new$0(133)) - 30d49bb6-b206-443f-92f8-de1941ac4061@group-5883ECDA4F1A-SegmentedRaftLogWorker: safeCacheEvictIndex: setUnconditionally 0 -> -1
2021-07-17 01:44:36,760 [pool-563-thread-1] INFO  server.RaftServerConfigKeys (ConfUtils.java:logGet(44)) - raft.server.snapshot.auto.trigger.enabled = true (custom)
2021-07-17 01:44:36,760 [pool-563-thread-1] INFO  server.RaftServerConfigKeys (ConfUtils.java:logGet(44)) - raft.server.snapshot.auto.trigger.threshold = 10000 (custom)
2021-07-17 01:44:36,760 [pool-563-thread-1] INFO  server.RaftServerConfigKeys (ConfUtils.java:logGet(44)) - raft.server.snapshot.retention.file.num = 5 (custom)
2021-07-17 01:44:36,760 [pool-563-thread-1] INFO  server.RaftServerConfigKeys (ConfUtils.java:logGet(44)) - raft.server.log.purge.upto.snapshot.index = false (default)
2021-07-17 01:44:36,760 [pool-563-thread-1] INFO  server.RaftServerConfigKeys (ConfUtils.java:logGet(44)) - raft.server.retrycache.expirytime = 600000ms (custom)
2021-07-17 01:44:36,760 [pool-563-thread-1] INFO  server.RaftServerConfigKeys (ConfUtils.java:logGet(44)) - raft.server.retrycache.statistics.expirytime = 100μs (default)
2021-07-17 01:44:36,760 [pool-563-thread-1] INFO  metrics.RatisMetrics (RatisMetrics.java:lambda$create$0(36)) - Creating Metrics Registry : ratis.leader_election.30d49bb6-b206-443f-92f8-de1941ac4061@group-5883ECDA4F1A
2021-07-17 01:44:36,760 [pool-563-thread-1] INFO  metrics.RatisMetrics (RatisMetrics.java:lambda$create$0(36)) - Creating Metrics Registry : ratis.server.30d49bb6-b206-443f-92f8-de1941ac4061@group-5883ECDA4F1A
2021-07-17 01:44:36,761 [pool-563-thread-1] INFO  server.RaftServer$Division (RaftServerImpl.java:start(295)) - 30d49bb6-b206-443f-92f8-de1941ac4061@group-5883ECDA4F1A: start as a follower, conf=-1: [30d49bb6-b206-443f-92f8-de1941ac4061|rpc:10.1.0.46:40535|priority:1], old=null
2021-07-17 01:44:36,761 [pool-563-thread-1] INFO  server.RaftServer$Division (RaftServerImpl.java:setRole(284)) - 30d49bb6-b206-443f-92f8-de1941ac4061@group-5883ECDA4F1A: changes role from      null to FOLLOWER at term 0 for startAsFollower
2021-07-17 01:44:36,762 [pool-563-thread-1] INFO  impl.RoleInfo (RoleInfo.java:updateAndGet(130)) - 30d49bb6-b206-443f-92f8-de1941ac4061: start 30d49bb6-b206-443f-92f8-de1941ac4061@group-5883ECDA4F1A-FollowerState
2021-07-17 01:44:36,762 [pool-563-thread-1] INFO  util.JmxRegister (JmxRegister.java:tryRegister(44)) - Successfully registered JMX Bean with object name Ratis:service=RaftServer,group=group-5883ECDA4F1A,id=30d49bb6-b206-443f-92f8-de1941ac4061
2021-07-17 01:44:36,762 [pool-563-thread-1] INFO  metrics.RatisMetrics (RatisMetrics.java:lambda$create$0(36)) - Creating Metrics Registry : ratis.state_machine.30d49bb6-b206-443f-92f8-de1941ac4061@group-5883ECDA4F1A
2021-07-17 01:44:36,762 [Command processor thread] INFO  ratis.XceiverServerRatis (XceiverServerRatis.java:addGroup(759)) - Created group PipelineID=308d6815-5698-44e4-a3f7-5883ecda4f1a
2021-07-17 01:44:36,762 [Command processor thread] INFO  commandhandler.CreatePipelineCommandHandler (CreatePipelineCommandHandler.java:handle(106)) - Created Pipeline RATIS ONE PipelineID=308d6815-5698-44e4-a3f7-5883ecda4f1a.
2021-07-17 01:44:36,897 [Command processor thread] INFO  server.RaftServer (RaftServerProxy.java:addNew(95)) - 8befdf63-f118-4996-8ccb-439953d58c5e: addNew group-5D96DBAC4262:[8befdf63-f118-4996-8ccb-439953d58c5e|rpc:10.1.0.46:43351|priority:1] returns group-5D96DBAC4262:java.util.concurrent.CompletableFuture@3be510a0[Not completed]
2021-07-17 01:44:36,898 [pool-581-thread-1] INFO  server.RaftServer$Division (RaftServerImpl.java:<init>(180)) - 8befdf63-f118-4996-8ccb-439953d58c5e: new RaftServerImpl for group-5D96DBAC4262:[8befdf63-f118-4996-8ccb-439953d58c5e|rpc:10.1.0.46:43351|priority:1] with ContainerStateMachine:uninitialized
2021-07-17 01:44:36,898 [pool-581-thread-1] INFO  server.RaftServerConfigKeys (ConfUtils.java:logGet(44)) - raft.server.rpc.timeout.min = 5s (custom)
2021-07-17 01:44:36,898 [pool-581-thread-1] INFO  server.RaftServerConfigKeys (ConfUtils.java:logGet(44)) - raft.server.rpc.timeout.max = 5200ms (custom)
2021-07-17 01:44:36,898 [pool-581-thread-1] INFO  server.RaftServerConfigKeys (ConfUtils.java:logGet(44)) - raft.server.rpc.sleep.time = 25ms (default)
2021-07-17 01:44:36,898 [pool-581-thread-1] INFO  server.RaftServerConfigKeys (ConfUtils.java:logGet(44)) - raft.server.rpc.slowness.timeout = 300000ms (custom)
2021-07-17 01:44:36,898 [pool-581-thread-1] INFO  server.RaftServerConfigKeys (ConfUtils.java:logGet(44)) - raft.server.leaderelection.leader.step-down.wait-time = 10s (default)
2021-07-17 01:44:36,898 [pool-581-thread-1] INFO  server.RaftServerConfigKeys (ConfUtils.java:logGet(44)) - raft.server.sleep.deviation.threshold = 300ms (default)
2021-07-17 01:44:36,898 [pool-581-thread-1] INFO  server.RaftServerConfigKeys (ConfUtils.java:logGet(44)) - raft.server.log.appender.install.snapshot.enabled = false (custom)
2021-07-17 01:44:36,898 [pool-581-thread-1] INFO  server.RaftServer$Division (ServerState.java:<init>(105)) - 8befdf63-f118-4996-8ccb-439953d58c5e@group-5D96DBAC4262: ConfigurationManager, init=-1: [8befdf63-f118-4996-8ccb-439953d58c5e|rpc:10.1.0.46:43351|priority:1], old=null, confs=<EMPTY_MAP>
2021-07-17 01:44:36,898 [pool-581-thread-1] INFO  server.RaftServerConfigKeys (ConfUtils.java:logGet(44)) - raft.server.storage.dir = [/home/runner/work/ozone/ozone/mnt/ozone/hadoop-ozone/integration-test/target/test-dir/MiniOzoneClusterImpl-ab53e13c-b7a0-452c-aef0-b95992dbe1a2/datanode-3/data/ratis] (custom)
2021-07-17 01:44:36,898 [pool-581-thread-1] INFO  server.RaftServerConfigKeys (ConfUtils.java:logGet(44)) - raft.server.log.corruption.policy = EXCEPTION (default)
2021-07-17 01:44:36,898 [pool-581-thread-1] INFO  storage.RaftStorageDirectory (RaftStorageDirectoryImpl.java:analyzeStorage(132)) - The storage directory /home/runner/work/ozone/ozone/mnt/ozone/hadoop-ozone/integration-test/target/test-dir/MiniOzoneClusterImpl-ab53e13c-b7a0-452c-aef0-b95992dbe1a2/datanode-3/data/ratis/eb96b381-bce4-4690-90b6-5d96dbac4262 does not exist. Creating ...
2021-07-17 01:44:36,899 [pool-581-thread-1] INFO  storage.RaftStorageDirectory (RaftStorageDirectoryImpl.java:tryLock(215)) - Lock on /home/runner/work/ozone/ozone/mnt/ozone/hadoop-ozone/integration-test/target/test-dir/MiniOzoneClusterImpl-ab53e13c-b7a0-452c-aef0-b95992dbe1a2/datanode-3/data/ratis/eb96b381-bce4-4690-90b6-5d96dbac4262/in_use.lock acquired by nodename 8908@fv-az52-843
2021-07-17 01:44:36,900 [pool-581-thread-1] INFO  storage.RaftStorage (RaftStorageImpl.java:format(87)) - Storage directory /home/runner/work/ozone/ozone/mnt/ozone/hadoop-ozone/integration-test/target/test-dir/MiniOzoneClusterImpl-ab53e13c-b7a0-452c-aef0-b95992dbe1a2/datanode-3/data/ratis/eb96b381-bce4-4690-90b6-5d96dbac4262 has been successfully formatted.
2021-07-17 01:44:36,904 [pool-581-thread-1] INFO  ratis.ContainerStateMachine (ContainerStateMachine.java:loadSnapshot(223)) - group-5D96DBAC4262: The snapshot info is null. Setting the last applied indexto:(t:0, i:~)
2021-07-17 01:44:36,904 [Datanode State Machine Thread - 0] WARN  statemachine.StateContext (StateContext.java:execute(621)) - No available thread in pool for past 1 seconds.
2021-07-17 01:44:36,904 [pool-581-thread-1] INFO  server.RaftServerConfigKeys (ConfUtils.java:logGet(44)) - raft.server.notification.no-leader.timeout = 300000ms (custom)
2021-07-17 01:44:36,904 [pool-581-thread-1] INFO  server.RaftServerConfigKeys (ConfUtils.java:logGet(44)) - raft.server.log.use.memory = false (default)
2021-07-17 01:44:36,904 [pool-581-thread-1] INFO  server.RaftServerConfigKeys (ConfUtils.java:logGet(44)) - raft.server.log.purge.gap = 1000000 (custom)
2021-07-17 01:44:36,904 [pool-581-thread-1] INFO  server.RaftServerConfigKeys (ConfUtils.java:logGet(44)) - raft.server.log.appender.buffer.byte-limit = 33554432 (custom)
2021-07-17 01:44:36,904 [pool-581-thread-1] INFO  metrics.RatisMetrics (RatisMetrics.java:lambda$create$0(36)) - Creating Metrics Registry : ratis.log_worker.8befdf63-f118-4996-8ccb-439953d58c5e@group-5D96DBAC4262
2021-07-17 01:44:36,905 [EventQueue-PipelineReportForPipelineReportHandler] INFO  pipeline.PipelineManagerV2Impl (PipelineManagerV2Impl.java:openPipeline(283)) - Pipeline Pipeline[ Id: eb96b381-bce4-4690-90b6-5d96dbac4262, Nodes: 8befdf63-f118-4996-8ccb-439953d58c5e{ip: 10.1.0.46, host: fv-az52-843.jaak54zke33upnjmlridiqi2vb.bx.internal.cloudapp.net, ports: [REPLICATION=39729, RATIS=43351, RATIS_ADMIN=43351, RATIS_SERVER=43351, STANDALONE=36951], networkLocation: /default-rack, certSerialId: null, persistedOpState: IN_SERVICE, persistedOpStateExpiryEpochSec: 0}, ReplicationConfig: RATIS/ONE, State:ALLOCATED, leaderId:8befdf63-f118-4996-8ccb-439953d58c5e, CreationTimestamp2021-07-17T01:44:33.897Z[Etc/UTC]] moved to OPEN state
2021-07-17 01:44:36,905 [pool-581-thread-1] INFO  server.RaftServerConfigKeys (ConfUtils.java:logGet(44)) - raft.server.log.segment.size.max = 1048576 (custom)
2021-07-17 01:44:36,905 [EventQueue-OpenPipelineForHealthyPipelineSafeModeRule] INFO  safemode.SCMSafeModeManager (HealthyPipelineSafeModeRule.java:process(124)) - SCM in safe mode. Healthy pipelines reported count is 0, required healthy pipeline reported count is 1
2021-07-17 01:44:36,905 [pool-581-thread-1] INFO  server.RaftServerConfigKeys (ConfUtils.java:logGet(44)) - raft.server.log.segment.cache.num.max = 2 (custom)
2021-07-17 01:44:36,905 [pool-581-thread-1] INFO  server.RaftServerConfigKeys (ConfUtils.java:logGet(44)) - raft.server.log.segment.cache.size.max = 200MB (=209715200) (default)
2021-07-17 01:44:36,905 [pool-581-thread-1] INFO  segmented.SegmentedRaftLogWorker (SegmentedRaftLogWorker.java:<init>(182)) - new 8befdf63-f118-4996-8ccb-439953d58c5e@group-5D96DBAC4262-SegmentedRaftLogWorker for RaftStorageImpl:Storage Directory /home/runner/work/ozone/ozone/mnt/ozone/hadoop-ozone/integration-test/target/test-dir/MiniOzoneClusterImpl-ab53e13c-b7a0-452c-aef0-b95992dbe1a2/datanode-3/data/ratis/eb96b381-bce4-4690-90b6-5d96dbac4262
2021-07-17 01:44:36,905 [pool-581-thread-1] INFO  server.RaftServerConfigKeys (ConfUtils.java:logGet(44)) - raft.server.log.queue.byte-limit = 2147483647 (custom)
2021-07-17 01:44:36,905 [pool-581-thread-1] INFO  server.RaftServerConfigKeys (ConfUtils.java:logGet(44)) - raft.server.log.queue.element-limit = 1024 (custom)
2021-07-17 01:44:36,905 [pool-581-thread-1] INFO  server.RaftServerConfigKeys (ConfUtils.java:logGet(44)) - raft.server.log.segment.size.max = 1048576 (custom)
2021-07-17 01:44:36,905 [pool-581-thread-1] INFO  server.RaftServerConfigKeys (ConfUtils.java:logGet(44)) - raft.server.log.preallocated.size = 16384 (custom)
2021-07-17 01:44:36,905 [pool-581-thread-1] INFO  server.RaftServerConfigKeys (ConfUtils.java:logGet(44)) - raft.server.log.force.sync.num = 128 (default)
2021-07-17 01:44:36,905 [pool-581-thread-1] INFO  server.RaftServerConfigKeys (ConfUtils.java:logGet(44)) - raft.server.log.statemachine.data.sync = true (default)
2021-07-17 01:44:36,906 [pool-581-thread-1] INFO  server.RaftServerConfigKeys (ConfUtils.java:logGet(44)) - raft.server.log.statemachine.data.sync.timeout = 10s (default)
2021-07-17 01:44:36,906 [pool-581-thread-1] INFO  server.RaftServerConfigKeys (ConfUtils.java:logGet(44)) - raft.server.log.statemachine.data.sync.timeout.retry = -1 (default)
2021-07-17 01:44:36,907 [pool-581-thread-1] INFO  server.RaftServerConfigKeys (ConfUtils.java:logGet(44)) - raft.server.log.write.buffer.size = 1048576 (custom)
2021-07-17 01:44:36,907 [pool-581-thread-1] INFO  server.RaftServerConfigKeys (ConfUtils.java:logGet(44)) - raft.server.log.statemachine.data.caching.enabled = true (custom)
2021-07-17 01:44:36,907 [pool-581-thread-1] INFO  segmented.SegmentedRaftLogWorker (SegmentedRaftLogWorker.java:lambda$new$0(133)) - 8befdf63-f118-4996-8ccb-439953d58c5e@group-5D96DBAC4262-SegmentedRaftLogWorker: flushIndex: setUnconditionally 0 -> -1
2021-07-17 01:44:36,907 [pool-581-thread-1] INFO  segmented.SegmentedRaftLogWorker (SegmentedRaftLogWorker.java:lambda$new$0(133)) - 8befdf63-f118-4996-8ccb-439953d58c5e@group-5D96DBAC4262-SegmentedRaftLogWorker: safeCacheEvictIndex: setUnconditionally 0 -> -1
2021-07-17 01:44:36,908 [pool-581-thread-1] INFO  server.RaftServerConfigKeys (ConfUtils.java:logGet(44)) - raft.server.snapshot.auto.trigger.enabled = true (custom)
2021-07-17 01:44:36,908 [pool-581-thread-1] INFO  server.RaftServerConfigKeys (ConfUtils.java:logGet(44)) - raft.server.snapshot.auto.trigger.threshold = 10000 (custom)
2021-07-17 01:44:36,908 [pool-581-thread-1] INFO  server.RaftServerConfigKeys (ConfUtils.java:logGet(44)) - raft.server.snapshot.retention.file.num = 5 (custom)
2021-07-17 01:44:36,908 [pool-581-thread-1] INFO  server.RaftServerConfigKeys (ConfUtils.java:logGet(44)) - raft.server.log.purge.upto.snapshot.index = false (default)
2021-07-17 01:44:36,908 [pool-581-thread-1] INFO  server.RaftServerConfigKeys (ConfUtils.java:logGet(44)) - raft.server.retrycache.expirytime = 600000ms (custom)
2021-07-17 01:44:36,908 [pool-581-thread-1] INFO  server.RaftServerConfigKeys (ConfUtils.java:logGet(44)) - raft.server.retrycache.statistics.expirytime = 100μs (default)
2021-07-17 01:44:36,908 [pool-581-thread-1] INFO  metrics.RatisMetrics (RatisMetrics.java:lambda$create$0(36)) - Creating Metrics Registry : ratis.leader_election.8befdf63-f118-4996-8ccb-439953d58c5e@group-5D96DBAC4262
2021-07-17 01:44:36,908 [pool-581-thread-1] INFO  metrics.RatisMetrics (RatisMetrics.java:lambda$create$0(36)) - Creating Metrics Registry : ratis.server.8befdf63-f118-4996-8ccb-439953d58c5e@group-5D96DBAC4262
2021-07-17 01:44:36,909 [pool-581-thread-1] INFO  server.RaftServer$Division (RaftServerImpl.java:start(295)) - 8befdf63-f118-4996-8ccb-439953d58c5e@group-5D96DBAC4262: start as a follower, conf=-1: [8befdf63-f118-4996-8ccb-439953d58c5e|rpc:10.1.0.46:43351|priority:1], old=null
2021-07-17 01:44:36,909 [pool-581-thread-1] INFO  server.RaftServer$Division (RaftServerImpl.java:setRole(284)) - 8befdf63-f118-4996-8ccb-439953d58c5e@group-5D96DBAC4262: changes role from      null to FOLLOWER at term 0 for startAsFollower
2021-07-17 01:44:36,909 [pool-581-thread-1] INFO  impl.RoleInfo (RoleInfo.java:updateAndGet(130)) - 8befdf63-f118-4996-8ccb-439953d58c5e: start 8befdf63-f118-4996-8ccb-439953d58c5e@group-5D96DBAC4262-FollowerState
2021-07-17 01:44:36,910 [pool-581-thread-1] INFO  util.JmxRegister (JmxRegister.java:tryRegister(44)) - Successfully registered JMX Bean with object name Ratis:service=RaftServer,group=group-5D96DBAC4262,id=8befdf63-f118-4996-8ccb-439953d58c5e
2021-07-17 01:44:36,910 [pool-581-thread-1] INFO  metrics.RatisMetrics (RatisMetrics.java:lambda$create$0(36)) - Creating Metrics Registry : ratis.state_machine.8befdf63-f118-4996-8ccb-439953d58c5e@group-5D96DBAC4262
2021-07-17 01:44:36,910 [Command processor thread] INFO  ratis.XceiverServerRatis (XceiverServerRatis.java:addGroup(759)) - Created group PipelineID=eb96b381-bce4-4690-90b6-5d96dbac4262
2021-07-17 01:44:36,910 [Command processor thread] INFO  commandhandler.CreatePipelineCommandHandler (CreatePipelineCommandHandler.java:handle(106)) - Created Pipeline RATIS ONE PipelineID=eb96b381-bce4-4690-90b6-5d96dbac4262.
2021-07-17 01:44:36,910 [Command processor thread] INFO  server.RaftServer (RaftServerProxy.java:addNew(95)) - 8befdf63-f118-4996-8ccb-439953d58c5e: addNew group-70810AB09C8B:[10a21550-a5a0-488e-a6a8-a727859c68fc|rpc:10.1.0.46:43097|priority:1, 8befdf63-f118-4996-8ccb-439953d58c5e|rpc:10.1.0.46:43351|priority:0, 90710055-331b-448d-a626-ec94cfb52e3b|rpc:10.1.0.46:37627|priority:0] returns group-70810AB09C8B:java.util.concurrent.CompletableFuture@3fda9304[Not completed]
2021-07-17 01:44:36,911 [pool-581-thread-1] INFO  server.RaftServer$Division (RaftServerImpl.java:<init>(180)) - 8befdf63-f118-4996-8ccb-439953d58c5e: new RaftServerImpl for group-70810AB09C8B:[10a21550-a5a0-488e-a6a8-a727859c68fc|rpc:10.1.0.46:43097|priority:1, 8befdf63-f118-4996-8ccb-439953d58c5e|rpc:10.1.0.46:43351|priority:0, 90710055-331b-448d-a626-ec94cfb52e3b|rpc:10.1.0.46:37627|priority:0] with ContainerStateMachine:uninitialized
2021-07-17 01:44:36,911 [pool-581-thread-1] INFO  server.RaftServerConfigKeys (ConfUtils.java:logGet(44)) - raft.server.rpc.timeout.min = 5s (custom)
2021-07-17 01:44:36,911 [pool-581-thread-1] INFO  server.RaftServerConfigKeys (ConfUtils.java:logGet(44)) - raft.server.rpc.timeout.max = 5200ms (custom)
2021-07-17 01:44:36,911 [pool-581-thread-1] INFO  server.RaftServerConfigKeys (ConfUtils.java:logGet(44)) - raft.server.rpc.sleep.time = 25ms (default)
2021-07-17 01:44:36,911 [pool-581-thread-1] INFO  server.RaftServerConfigKeys (ConfUtils.java:logGet(44)) - raft.server.rpc.slowness.timeout = 300000ms (custom)
2021-07-17 01:44:36,911 [pool-581-thread-1] INFO  server.RaftServerConfigKeys (ConfUtils.java:logGet(44)) - raft.server.leaderelection.leader.step-down.wait-time = 10s (default)
2021-07-17 01:44:36,911 [pool-581-thread-1] INFO  server.RaftServerConfigKeys (ConfUtils.java:logGet(44)) - raft.server.sleep.deviation.threshold = 300ms (default)
2021-07-17 01:44:36,911 [pool-581-thread-1] INFO  server.RaftServerConfigKeys (ConfUtils.java:logGet(44)) - raft.server.log.appender.install.snapshot.enabled = false (custom)
2021-07-17 01:44:36,912 [pool-581-thread-1] INFO  server.RaftServer$Division (ServerState.java:<init>(105)) - 8befdf63-f118-4996-8ccb-439953d58c5e@group-70810AB09C8B: ConfigurationManager, init=-1: [10a21550-a5a0-488e-a6a8-a727859c68fc|rpc:10.1.0.46:43097|priority:1, 8befdf63-f118-4996-8ccb-439953d58c5e|rpc:10.1.0.46:43351|priority:0, 90710055-331b-448d-a626-ec94cfb52e3b|rpc:10.1.0.46:37627|priority:0], old=null, confs=<EMPTY_MAP>
2021-07-17 01:44:36,912 [pool-581-thread-1] INFO  server.RaftServerConfigKeys (ConfUtils.java:logGet(44)) - raft.server.storage.dir = [/home/runner/work/ozone/ozone/mnt/ozone/hadoop-ozone/integration-test/target/test-dir/MiniOzoneClusterImpl-ab53e13c-b7a0-452c-aef0-b95992dbe1a2/datanode-3/data/ratis] (custom)
2021-07-17 01:44:36,912 [pool-581-thread-1] INFO  server.RaftServerConfigKeys (ConfUtils.java:logGet(44)) - raft.server.log.corruption.policy = EXCEPTION (default)
2021-07-17 01:44:36,912 [pool-581-thread-1] INFO  storage.RaftStorageDirectory (RaftStorageDirectoryImpl.java:analyzeStorage(132)) - The storage directory /home/runner/work/ozone/ozone/mnt/ozone/hadoop-ozone/integration-test/target/test-dir/MiniOzoneClusterImpl-ab53e13c-b7a0-452c-aef0-b95992dbe1a2/datanode-3/data/ratis/722d4e1a-d5fd-4c8a-902a-70810ab09c8b does not exist. Creating ...
2021-07-17 01:44:36,912 [pool-581-thread-1] INFO  storage.RaftStorageDirectory (RaftStorageDirectoryImpl.java:tryLock(215)) - Lock on /home/runner/work/ozone/ozone/mnt/ozone/hadoop-ozone/integration-test/target/test-dir/MiniOzoneClusterImpl-ab53e13c-b7a0-452c-aef0-b95992dbe1a2/datanode-3/data/ratis/722d4e1a-d5fd-4c8a-902a-70810ab09c8b/in_use.lock acquired by nodename 8908@fv-az52-843
2021-07-17 01:44:36,913 [pool-581-thread-1] INFO  storage.RaftStorage (RaftStorageImpl.java:format(87)) - Storage directory /home/runner/work/ozone/ozone/mnt/ozone/hadoop-ozone/integration-test/target/test-dir/MiniOzoneClusterImpl-ab53e13c-b7a0-452c-aef0-b95992dbe1a2/datanode-3/data/ratis/722d4e1a-d5fd-4c8a-902a-70810ab09c8b has been successfully formatted.
2021-07-17 01:44:36,913 [pool-581-thread-1] INFO  ratis.ContainerStateMachine (ContainerStateMachine.java:loadSnapshot(223)) - group-70810AB09C8B: The snapshot info is null. Setting the last applied indexto:(t:0, i:~)
2021-07-17 01:44:36,913 [Datanode State Machine Thread - 0] WARN  statemachine.StateContext (StateContext.java:execute(621)) - No available thread in pool for past 1 seconds.
2021-07-17 01:44:36,914 [pool-581-thread-1] INFO  server.RaftServerConfigKeys (ConfUtils.java:logGet(44)) - raft.server.notification.no-leader.timeout = 300000ms (custom)
2021-07-17 01:44:36,914 [pool-581-thread-1] INFO  server.RaftServerConfigKeys (ConfUtils.java:logGet(44)) - raft.server.log.use.memory = false (default)
2021-07-17 01:44:36,914 [pool-581-thread-1] INFO  server.RaftServerConfigKeys (ConfUtils.java:logGet(44)) - raft.server.log.purge.gap = 1000000 (custom)
2021-07-17 01:44:36,914 [pool-581-thread-1] INFO  server.RaftServerConfigKeys (ConfUtils.java:logGet(44)) - raft.server.log.appender.buffer.byte-limit = 33554432 (custom)
2021-07-17 01:44:36,914 [pool-581-thread-1] INFO  metrics.RatisMetrics (RatisMetrics.java:lambda$create$0(36)) - Creating Metrics Registry : ratis.log_worker.8befdf63-f118-4996-8ccb-439953d58c5e@group-70810AB09C8B
2021-07-17 01:44:36,914 [EventQueue-OpenPipelineForHealthyPipelineSafeModeRule] INFO  safemode.SCMSafeModeManager (HealthyPipelineSafeModeRule.java:process(124)) - SCM in safe mode. Healthy pipelines reported count is 0, required healthy pipeline reported count is 1
2021-07-17 01:44:36,914 [pool-581-thread-1] INFO  server.RaftServerConfigKeys (ConfUtils.java:logGet(44)) - raft.server.log.segment.size.max = 1048576 (custom)
2021-07-17 01:44:36,915 [pool-581-thread-1] INFO  server.RaftServerConfigKeys (ConfUtils.java:logGet(44)) - raft.server.log.segment.cache.num.max = 2 (custom)
2021-07-17 01:44:36,915 [pool-581-thread-1] INFO  server.RaftServerConfigKeys (ConfUtils.java:logGet(44)) - raft.server.log.segment.cache.size.max = 200MB (=209715200) (default)
2021-07-17 01:44:36,915 [pool-581-thread-1] INFO  segmented.SegmentedRaftLogWorker (SegmentedRaftLogWorker.java:<init>(182)) - new 8befdf63-f118-4996-8ccb-439953d58c5e@group-70810AB09C8B-SegmentedRaftLogWorker for RaftStorageImpl:Storage Directory /home/runner/work/ozone/ozone/mnt/ozone/hadoop-ozone/integration-test/target/test-dir/MiniOzoneClusterImpl-ab53e13c-b7a0-452c-aef0-b95992dbe1a2/datanode-3/data/ratis/722d4e1a-d5fd-4c8a-902a-70810ab09c8b
2021-07-17 01:44:36,915 [pool-581-thread-1] INFO  server.RaftServerConfigKeys (ConfUtils.java:logGet(44)) - raft.server.log.queue.byte-limit = 2147483647 (custom)
2021-07-17 01:44:36,915 [pool-581-thread-1] INFO  server.RaftServerConfigKeys (ConfUtils.java:logGet(44)) - raft.server.log.queue.element-limit = 1024 (custom)
2021-07-17 01:44:36,915 [pool-581-thread-1] INFO  server.RaftServerConfigKeys (ConfUtils.java:logGet(44)) - raft.server.log.segment.size.max = 1048576 (custom)
2021-07-17 01:44:36,915 [pool-581-thread-1] INFO  server.RaftServerConfigKeys (ConfUtils.java:logGet(44)) - raft.server.log.preallocated.size = 16384 (custom)
2021-07-17 01:44:36,915 [pool-581-thread-1] INFO  server.RaftServerConfigKeys (ConfUtils.java:logGet(44)) - raft.server.log.force.sync.num = 128 (default)
2021-07-17 01:44:36,915 [pool-581-thread-1] INFO  server.RaftServerConfigKeys (ConfUtils.java:logGet(44)) - raft.server.log.statemachine.data.sync = true (default)
2021-07-17 01:44:36,915 [pool-581-thread-1] INFO  server.RaftServerConfigKeys (ConfUtils.java:logGet(44)) - raft.server.log.statemachine.data.sync.timeout = 10s (default)
2021-07-17 01:44:36,915 [pool-581-thread-1] INFO  server.RaftServerConfigKeys (ConfUtils.java:logGet(44)) - raft.server.log.statemachine.data.sync.timeout.retry = -1 (default)
2021-07-17 01:44:36,916 [pool-581-thread-1] INFO  server.RaftServerConfigKeys (ConfUtils.java:logGet(44)) - raft.server.log.write.buffer.size = 1048576 (custom)
2021-07-17 01:44:36,917 [pool-581-thread-1] INFO  server.RaftServerConfigKeys (ConfUtils.java:logGet(44)) - raft.server.log.statemachine.data.caching.enabled = true (custom)
2021-07-17 01:44:36,917 [pool-581-thread-1] INFO  segmented.SegmentedRaftLogWorker (SegmentedRaftLogWorker.java:lambda$new$0(133)) - 8befdf63-f118-4996-8ccb-439953d58c5e@group-70810AB09C8B-SegmentedRaftLogWorker: flushIndex: setUnconditionally 0 -> -1
2021-07-17 01:44:36,917 [pool-581-thread-1] INFO  segmented.SegmentedRaftLogWorker (SegmentedRaftLogWorker.java:lambda$new$0(133)) - 8befdf63-f118-4996-8ccb-439953d58c5e@group-70810AB09C8B-SegmentedRaftLogWorker: safeCacheEvictIndex: setUnconditionally 0 -> -1
2021-07-17 01:44:36,917 [pool-581-thread-1] INFO  server.RaftServerConfigKeys (ConfUtils.java:logGet(44)) - raft.server.snapshot.auto.trigger.enabled = true (custom)
2021-07-17 01:44:36,917 [pool-581-thread-1] INFO  server.RaftServerConfigKeys (ConfUtils.java:logGet(44)) - raft.server.snapshot.auto.trigger.threshold = 10000 (custom)
2021-07-17 01:44:36,917 [pool-581-thread-1] INFO  server.RaftServerConfigKeys (ConfUtils.java:logGet(44)) - raft.server.snapshot.retention.file.num = 5 (custom)
2021-07-17 01:44:36,917 [pool-581-thread-1] INFO  server.RaftServerConfigKeys (ConfUtils.java:logGet(44)) - raft.server.log.purge.upto.snapshot.index = false (default)
2021-07-17 01:44:36,918 [pool-581-thread-1] INFO  server.RaftServerConfigKeys (ConfUtils.java:logGet(44)) - raft.server.retrycache.expirytime = 600000ms (custom)
2021-07-17 01:44:36,918 [pool-581-thread-1] INFO  server.RaftServerConfigKeys (ConfUtils.java:logGet(44)) - raft.server.retrycache.statistics.expirytime = 100μs (default)
2021-07-17 01:44:36,918 [pool-581-thread-1] INFO  metrics.RatisMetrics (RatisMetrics.java:lambda$create$0(36)) - Creating Metrics Registry : ratis.leader_election.8befdf63-f118-4996-8ccb-439953d58c5e@group-70810AB09C8B
2021-07-17 01:44:36,918 [pool-581-thread-1] INFO  metrics.RatisMetrics (RatisMetrics.java:lambda$create$0(36)) - Creating Metrics Registry : ratis.server.8befdf63-f118-4996-8ccb-439953d58c5e@group-70810AB09C8B
2021-07-17 01:44:36,919 [pool-581-thread-1] INFO  server.RaftServer$Division (RaftServerImpl.java:start(295)) - 8befdf63-f118-4996-8ccb-439953d58c5e@group-70810AB09C8B: start as a follower, conf=-1: [10a21550-a5a0-488e-a6a8-a727859c68fc|rpc:10.1.0.46:43097|priority:1, 8befdf63-f118-4996-8ccb-439953d58c5e|rpc:10.1.0.46:43351|priority:0, 90710055-331b-448d-a626-ec94cfb52e3b|rpc:10.1.0.46:37627|priority:0], old=null
2021-07-17 01:44:36,919 [pool-581-thread-1] INFO  server.RaftServer$Division (RaftServerImpl.java:setRole(284)) - 8befdf63-f118-4996-8ccb-439953d58c5e@group-70810AB09C8B: changes role from      null to FOLLOWER at term 0 for startAsFollower
2021-07-17 01:44:36,919 [pool-581-thread-1] INFO  impl.RoleInfo (RoleInfo.java:updateAndGet(130)) - 8befdf63-f118-4996-8ccb-439953d58c5e: start 8befdf63-f118-4996-8ccb-439953d58c5e@group-70810AB09C8B-FollowerState
2021-07-17 01:44:36,922 [pool-581-thread-1] INFO  util.JmxRegister (JmxRegister.java:tryRegister(44)) - Successfully registered JMX Bean with object name Ratis:service=RaftServer,group=group-70810AB09C8B,id=8befdf63-f118-4996-8ccb-439953d58c5e
2021-07-17 01:44:36,922 [pool-581-thread-1] INFO  metrics.RatisMetrics (RatisMetrics.java:lambda$create$0(36)) - Creating Metrics Registry : ratis.state_machine.8befdf63-f118-4996-8ccb-439953d58c5e@group-70810AB09C8B
2021-07-17 01:44:36,923 [Command processor thread] INFO  ratis.XceiverServerRatis (XceiverServerRatis.java:addGroup(759)) - Created group PipelineID=722d4e1a-d5fd-4c8a-902a-70810ab09c8b
2021-07-17 01:44:36,924 [Command processor thread] INFO  metrics.RatisMetrics (RatisMetrics.java:lambda$create$0(36)) - Creating Metrics Registry : ratis.client_message_metrics.client-433E289F154E->90710055-331b-448d-a626-ec94cfb52e3b
2021-07-17 01:44:36,928 [grpc-default-executor-3] INFO  metrics.RatisMetrics (RatisMetrics.java:lambda$create$0(36)) - Creating Metrics Registry : ratis.server_message_metrics.90710055-331b-448d-a626-ec94cfb52e3b
2021-07-17 01:44:36,929 [grpc-default-executor-3] INFO  server.RaftServer (RaftServerProxy.java:addNew(95)) - 90710055-331b-448d-a626-ec94cfb52e3b: addNew group-70810AB09C8B:[10a21550-a5a0-488e-a6a8-a727859c68fc|rpc:10.1.0.46:43097|dataStream:|priority:1, 8befdf63-f118-4996-8ccb-439953d58c5e|rpc:10.1.0.46:43351|dataStream:|priority:0, 90710055-331b-448d-a626-ec94cfb52e3b|rpc:10.1.0.46:37627|dataStream:|priority:0] returns group-70810AB09C8B:java.util.concurrent.CompletableFuture@793b7bff[Not completed]
2021-07-17 01:44:36,932 [pool-599-thread-1] INFO  server.RaftServer$Division (RaftServerImpl.java:<init>(180)) - 90710055-331b-448d-a626-ec94cfb52e3b: new RaftServerImpl for group-70810AB09C8B:[10a21550-a5a0-488e-a6a8-a727859c68fc|rpc:10.1.0.46:43097|dataStream:|priority:1, 8befdf63-f118-4996-8ccb-439953d58c5e|rpc:10.1.0.46:43351|dataStream:|priority:0, 90710055-331b-448d-a626-ec94cfb52e3b|rpc:10.1.0.46:37627|dataStream:|priority:0] with ContainerStateMachine:uninitialized
2021-07-17 01:44:36,932 [pool-599-thread-1] INFO  server.RaftServerConfigKeys (ConfUtils.java:logGet(44)) - raft.server.rpc.timeout.min = 5s (custom)
2021-07-17 01:44:36,932 [pool-599-thread-1] INFO  server.RaftServerConfigKeys (ConfUtils.java:logGet(44)) - raft.server.rpc.timeout.max = 5200ms (custom)
2021-07-17 01:44:36,932 [pool-599-thread-1] INFO  server.RaftServerConfigKeys (ConfUtils.java:logGet(44)) - raft.server.rpc.sleep.time = 25ms (default)
2021-07-17 01:44:36,932 [pool-599-thread-1] INFO  server.RaftServerConfigKeys (ConfUtils.java:logGet(44)) - raft.server.rpc.slowness.timeout = 300000ms (custom)
2021-07-17 01:44:36,932 [pool-599-thread-1] INFO  server.RaftServerConfigKeys (ConfUtils.java:logGet(44)) - raft.server.leaderelection.leader.step-down.wait-time = 10s (default)
2021-07-17 01:44:36,932 [pool-599-thread-1] INFO  server.RaftServerConfigKeys (ConfUtils.java:logGet(44)) - raft.server.sleep.deviation.threshold = 300ms (default)
2021-07-17 01:44:36,932 [pool-599-thread-1] INFO  server.RaftServerConfigKeys (ConfUtils.java:logGet(44)) - raft.server.log.appender.install.snapshot.enabled = false (custom)
2021-07-17 01:44:36,932 [pool-599-thread-1] INFO  server.RaftServer$Division (ServerState.java:<init>(105)) - 90710055-331b-448d-a626-ec94cfb52e3b@group-70810AB09C8B: ConfigurationManager, init=-1: [10a21550-a5a0-488e-a6a8-a727859c68fc|rpc:10.1.0.46:43097|dataStream:|priority:1, 8befdf63-f118-4996-8ccb-439953d58c5e|rpc:10.1.0.46:43351|dataStream:|priority:0, 90710055-331b-448d-a626-ec94cfb52e3b|rpc:10.1.0.46:37627|dataStream:|priority:0], old=null, confs=<EMPTY_MAP>
2021-07-17 01:44:36,932 [pool-599-thread-1] INFO  server.RaftServerConfigKeys (ConfUtils.java:logGet(44)) - raft.server.storage.dir = [/home/runner/work/ozone/ozone/mnt/ozone/hadoop-ozone/integration-test/target/test-dir/MiniOzoneClusterImpl-ab53e13c-b7a0-452c-aef0-b95992dbe1a2/datanode-4/data/ratis] (custom)
2021-07-17 01:44:36,932 [pool-599-thread-1] INFO  server.RaftServerConfigKeys (ConfUtils.java:logGet(44)) - raft.server.log.corruption.policy = EXCEPTION (default)
2021-07-17 01:44:36,933 [pool-599-thread-1] INFO  storage.RaftStorageDirectory (RaftStorageDirectoryImpl.java:analyzeStorage(132)) - The storage directory /home/runner/work/ozone/ozone/mnt/ozone/hadoop-ozone/integration-test/target/test-dir/MiniOzoneClusterImpl-ab53e13c-b7a0-452c-aef0-b95992dbe1a2/datanode-4/data/ratis/722d4e1a-d5fd-4c8a-902a-70810ab09c8b does not exist. Creating ...
2021-07-17 01:44:36,933 [pool-599-thread-1] INFO  storage.RaftStorageDirectory (RaftStorageDirectoryImpl.java:tryLock(215)) - Lock on /home/runner/work/ozone/ozone/mnt/ozone/hadoop-ozone/integration-test/target/test-dir/MiniOzoneClusterImpl-ab53e13c-b7a0-452c-aef0-b95992dbe1a2/datanode-4/data/ratis/722d4e1a-d5fd-4c8a-902a-70810ab09c8b/in_use.lock acquired by nodename 8908@fv-az52-843
2021-07-17 01:44:36,934 [pool-599-thread-1] INFO  storage.RaftStorage (RaftStorageImpl.java:format(87)) - Storage directory /home/runner/work/ozone/ozone/mnt/ozone/hadoop-ozone/integration-test/target/test-dir/MiniOzoneClusterImpl-ab53e13c-b7a0-452c-aef0-b95992dbe1a2/datanode-4/data/ratis/722d4e1a-d5fd-4c8a-902a-70810ab09c8b has been successfully formatted.
2021-07-17 01:44:36,936 [Datanode State Machine Thread - 0] WARN  statemachine.StateContext (StateContext.java:execute(621)) - No available thread in pool for past 1 seconds.
2021-07-17 01:44:36,936 [pool-599-thread-1] INFO  ratis.ContainerStateMachine (ContainerStateMachine.java:loadSnapshot(223)) - group-70810AB09C8B: The snapshot info is null. Setting the last applied indexto:(t:0, i:~)
2021-07-17 01:44:36,937 [pool-599-thread-1] INFO  server.RaftServerConfigKeys (ConfUtils.java:logGet(44)) - raft.server.notification.no-leader.timeout = 300000ms (custom)
2021-07-17 01:44:36,937 [pool-599-thread-1] INFO  server.RaftServerConfigKeys (ConfUtils.java:logGet(44)) - raft.server.log.use.memory = false (default)
2021-07-17 01:44:36,937 [pool-599-thread-1] INFO  server.RaftServerConfigKeys (ConfUtils.java:logGet(44)) - raft.server.log.purge.gap = 1000000 (custom)
2021-07-17 01:44:36,937 [pool-599-thread-1] INFO  server.RaftServerConfigKeys (ConfUtils.java:logGet(44)) - raft.server.log.appender.buffer.byte-limit = 33554432 (custom)
2021-07-17 01:44:36,937 [pool-599-thread-1] INFO  metrics.RatisMetrics (RatisMetrics.java:lambda$create$0(36)) - Creating Metrics Registry : ratis.log_worker.90710055-331b-448d-a626-ec94cfb52e3b@group-70810AB09C8B
2021-07-17 01:44:36,938 [pool-599-thread-1] INFO  server.RaftServerConfigKeys (ConfUtils.java:logGet(44)) - raft.server.log.segment.size.max = 1048576 (custom)
2021-07-17 01:44:36,938 [pool-599-thread-1] INFO  server.RaftServerConfigKeys (ConfUtils.java:logGet(44)) - raft.server.log.segment.cache.num.max = 2 (custom)
2021-07-17 01:44:36,938 [pool-599-thread-1] INFO  server.RaftServerConfigKeys (ConfUtils.java:logGet(44)) - raft.server.log.segment.cache.size.max = 200MB (=209715200) (default)
2021-07-17 01:44:36,938 [pool-599-thread-1] INFO  segmented.SegmentedRaftLogWorker (SegmentedRaftLogWorker.java:<init>(182)) - new 90710055-331b-448d-a626-ec94cfb52e3b@group-70810AB09C8B-SegmentedRaftLogWorker for RaftStorageImpl:Storage Directory /home/runner/work/ozone/ozone/mnt/ozone/hadoop-ozone/integration-test/target/test-dir/MiniOzoneClusterImpl-ab53e13c-b7a0-452c-aef0-b95992dbe1a2/datanode-4/data/ratis/722d4e1a-d5fd-4c8a-902a-70810ab09c8b
2021-07-17 01:44:36,938 [pool-599-thread-1] INFO  server.RaftServerConfigKeys (ConfUtils.java:logGet(44)) - raft.server.log.queue.byte-limit = 2147483647 (custom)
2021-07-17 01:44:36,938 [pool-599-thread-1] INFO  server.RaftServerConfigKeys (ConfUtils.java:logGet(44)) - raft.server.log.queue.element-limit = 1024 (custom)
2021-07-17 01:44:36,938 [pool-599-thread-1] INFO  server.RaftServerConfigKeys (ConfUtils.java:logGet(44)) - raft.server.log.segment.size.max = 1048576 (custom)
2021-07-17 01:44:36,938 [pool-599-thread-1] INFO  server.RaftServerConfigKeys (ConfUtils.java:logGet(44)) - raft.server.log.preallocated.size = 16384 (custom)
2021-07-17 01:44:36,939 [pool-599-thread-1] INFO  server.RaftServerConfigKeys (ConfUtils.java:logGet(44)) - raft.server.log.force.sync.num = 128 (default)
2021-07-17 01:44:36,939 [pool-599-thread-1] INFO  server.RaftServerConfigKeys (ConfUtils.java:logGet(44)) - raft.server.log.statemachine.data.sync = true (default)
2021-07-17 01:44:36,939 [pool-599-thread-1] INFO  server.RaftServerConfigKeys (ConfUtils.java:logGet(44)) - raft.server.log.statemachine.data.sync.timeout = 10s (default)
2021-07-17 01:44:36,939 [pool-599-thread-1] INFO  server.RaftServerConfigKeys (ConfUtils.java:logGet(44)) - raft.server.log.statemachine.data.sync.timeout.retry = -1 (default)
2021-07-17 01:44:36,940 [pool-599-thread-1] INFO  server.RaftServerConfigKeys (ConfUtils.java:logGet(44)) - raft.server.log.write.buffer.size = 1048576 (custom)
2021-07-17 01:44:36,941 [pool-599-thread-1] INFO  server.RaftServerConfigKeys (ConfUtils.java:logGet(44)) - raft.server.log.statemachine.data.caching.enabled = true (custom)
2021-07-17 01:44:36,942 [pool-599-thread-1] INFO  segmented.SegmentedRaftLogWorker (SegmentedRaftLogWorker.java:lambda$new$0(133)) - 90710055-331b-448d-a626-ec94cfb52e3b@group-70810AB09C8B-SegmentedRaftLogWorker: flushIndex: setUnconditionally 0 -> -1
2021-07-17 01:44:36,942 [pool-599-thread-1] INFO  segmented.SegmentedRaftLogWorker (SegmentedRaftLogWorker.java:lambda$new$0(133)) - 90710055-331b-448d-a626-ec94cfb52e3b@group-70810AB09C8B-SegmentedRaftLogWorker: safeCacheEvictIndex: setUnconditionally 0 -> -1
2021-07-17 01:44:36,942 [pool-599-thread-1] INFO  server.RaftServerConfigKeys (ConfUtils.java:logGet(44)) - raft.server.snapshot.auto.trigger.enabled = true (custom)
2021-07-17 01:44:36,942 [pool-599-thread-1] INFO  server.RaftServerConfigKeys (ConfUtils.java:logGet(44)) - raft.server.snapshot.auto.trigger.threshold = 10000 (custom)
2021-07-17 01:44:36,942 [pool-599-thread-1] INFO  server.RaftServerConfigKeys (ConfUtils.java:logGet(44)) - raft.server.snapshot.retention.file.num = 5 (custom)
2021-07-17 01:44:36,942 [pool-599-thread-1] INFO  server.RaftServerConfigKeys (ConfUtils.java:logGet(44)) - raft.server.log.purge.upto.snapshot.index = false (default)
2021-07-17 01:44:36,942 [pool-599-thread-1] INFO  server.RaftServerConfigKeys (ConfUtils.java:logGet(44)) - raft.server.retrycache.expirytime = 600000ms (custom)
2021-07-17 01:44:36,942 [pool-599-thread-1] INFO  server.RaftServerConfigKeys (ConfUtils.java:logGet(44)) - raft.server.retrycache.statistics.expirytime = 100μs (default)
2021-07-17 01:44:36,942 [pool-599-thread-1] INFO  metrics.RatisMetrics (RatisMetrics.java:lambda$create$0(36)) - Creating Metrics Registry : ratis.leader_election.90710055-331b-448d-a626-ec94cfb52e3b@group-70810AB09C8B
2021-07-17 01:44:36,943 [pool-599-thread-1] INFO  metrics.RatisMetrics (RatisMetrics.java:lambda$create$0(36)) - Creating Metrics Registry : ratis.server.90710055-331b-448d-a626-ec94cfb52e3b@group-70810AB09C8B
2021-07-17 01:44:36,944 [pool-599-thread-1] INFO  server.RaftServer$Division (RaftServerImpl.java:start(295)) - 90710055-331b-448d-a626-ec94cfb52e3b@group-70810AB09C8B: start as a follower, conf=-1: [10a21550-a5a0-488e-a6a8-a727859c68fc|rpc:10.1.0.46:43097|dataStream:|priority:1, 8befdf63-f118-4996-8ccb-439953d58c5e|rpc:10.1.0.46:43351|dataStream:|priority:0, 90710055-331b-448d-a626-ec94cfb52e3b|rpc:10.1.0.46:37627|dataStream:|priority:0], old=null
2021-07-17 01:44:36,944 [pool-599-thread-1] INFO  server.RaftServer$Division (RaftServerImpl.java:setRole(284)) - 90710055-331b-448d-a626-ec94cfb52e3b@group-70810AB09C8B: changes role from      null to FOLLOWER at term 0 for startAsFollower
2021-07-17 01:44:36,944 [pool-599-thread-1] INFO  impl.RoleInfo (RoleInfo.java:updateAndGet(130)) - 90710055-331b-448d-a626-ec94cfb52e3b: start 90710055-331b-448d-a626-ec94cfb52e3b@group-70810AB09C8B-FollowerState
2021-07-17 01:44:36,944 [pool-599-thread-1] INFO  util.JmxRegister (JmxRegister.java:tryRegister(44)) - Successfully registered JMX Bean with object name Ratis:service=RaftServer,group=group-70810AB09C8B,id=90710055-331b-448d-a626-ec94cfb52e3b
2021-07-17 01:44:36,944 [pool-599-thread-1] INFO  metrics.RatisMetrics (RatisMetrics.java:lambda$create$0(36)) - Creating Metrics Registry : ratis.state_machine.90710055-331b-448d-a626-ec94cfb52e3b@group-70810AB09C8B
2021-07-17 01:44:36,950 [Command processor thread] INFO  metrics.RatisMetrics (RatisMetrics.java:lambda$create$0(36)) - Creating Metrics Registry : ratis.client_message_metrics.client-55EF1303D45B->10a21550-a5a0-488e-a6a8-a727859c68fc
2021-07-17 01:44:36,953 [grpc-default-executor-3] INFO  metrics.RatisMetrics (RatisMetrics.java:lambda$create$0(36)) - Creating Metrics Registry : ratis.server_message_metrics.10a21550-a5a0-488e-a6a8-a727859c68fc
2021-07-17 01:44:36,954 [grpc-default-executor-3] INFO  server.RaftServer (RaftServerProxy.java:addNew(95)) - 10a21550-a5a0-488e-a6a8-a727859c68fc: addNew group-70810AB09C8B:[10a21550-a5a0-488e-a6a8-a727859c68fc|rpc:10.1.0.46:43097|dataStream:|priority:1, 8befdf63-f118-4996-8ccb-439953d58c5e|rpc:10.1.0.46:43351|dataStream:|priority:0, 90710055-331b-448d-a626-ec94cfb52e3b|rpc:10.1.0.46:37627|dataStream:|priority:0] returns group-70810AB09C8B:java.util.concurrent.CompletableFuture@5c41e4c1[Not completed]
2021-07-17 01:44:36,955 [pool-617-thread-1] INFO  server.RaftServer$Division (RaftServerImpl.java:<init>(180)) - 10a21550-a5a0-488e-a6a8-a727859c68fc: new RaftServerImpl for group-70810AB09C8B:[10a21550-a5a0-488e-a6a8-a727859c68fc|rpc:10.1.0.46:43097|dataStream:|priority:1, 8befdf63-f118-4996-8ccb-439953d58c5e|rpc:10.1.0.46:43351|dataStream:|priority:0, 90710055-331b-448d-a626-ec94cfb52e3b|rpc:10.1.0.46:37627|dataStream:|priority:0] with ContainerStateMachine:uninitialized
2021-07-17 01:44:36,955 [pool-617-thread-1] INFO  server.RaftServerConfigKeys (ConfUtils.java:logGet(44)) - raft.server.rpc.timeout.min = 5s (custom)
2021-07-17 01:44:36,955 [pool-617-thread-1] INFO  server.RaftServerConfigKeys (ConfUtils.java:logGet(44)) - raft.server.rpc.timeout.max = 5200ms (custom)
2021-07-17 01:44:36,955 [pool-617-thread-1] INFO  server.RaftServerConfigKeys (ConfUtils.java:logGet(44)) - raft.server.rpc.sleep.time = 25ms (default)
2021-07-17 01:44:36,955 [pool-617-thread-1] INFO  server.RaftServerConfigKeys (ConfUtils.java:logGet(44)) - raft.server.rpc.slowness.timeout = 300000ms (custom)
2021-07-17 01:44:36,955 [pool-617-thread-1] INFO  server.RaftServerConfigKeys (ConfUtils.java:logGet(44)) - raft.server.leaderelection.leader.step-down.wait-time = 10s (default)
2021-07-17 01:44:36,955 [pool-617-thread-1] INFO  server.RaftServerConfigKeys (ConfUtils.java:logGet(44)) - raft.server.sleep.deviation.threshold = 300ms (default)
2021-07-17 01:44:36,955 [pool-617-thread-1] INFO  server.RaftServerConfigKeys (ConfUtils.java:logGet(44)) - raft.server.log.appender.install.snapshot.enabled = false (custom)
2021-07-17 01:44:36,955 [pool-617-thread-1] INFO  server.RaftServer$Division (ServerState.java:<init>(105)) - 10a21550-a5a0-488e-a6a8-a727859c68fc@group-70810AB09C8B: ConfigurationManager, init=-1: [10a21550-a5a0-488e-a6a8-a727859c68fc|rpc:10.1.0.46:43097|dataStream:|priority:1, 8befdf63-f118-4996-8ccb-439953d58c5e|rpc:10.1.0.46:43351|dataStream:|priority:0, 90710055-331b-448d-a626-ec94cfb52e3b|rpc:10.1.0.46:37627|dataStream:|priority:0], old=null, confs=<EMPTY_MAP>
2021-07-17 01:44:36,956 [pool-617-thread-1] INFO  server.RaftServerConfigKeys (ConfUtils.java:logGet(44)) - raft.server.storage.dir = [/home/runner/work/ozone/ozone/mnt/ozone/hadoop-ozone/integration-test/target/test-dir/MiniOzoneClusterImpl-ab53e13c-b7a0-452c-aef0-b95992dbe1a2/datanode-5/data/ratis] (custom)
2021-07-17 01:44:36,956 [pool-617-thread-1] INFO  server.RaftServerConfigKeys (ConfUtils.java:logGet(44)) - raft.server.log.corruption.policy = EXCEPTION (default)
2021-07-17 01:44:36,956 [pool-617-thread-1] INFO  storage.RaftStorageDirectory (RaftStorageDirectoryImpl.java:analyzeStorage(132)) - The storage directory /home/runner/work/ozone/ozone/mnt/ozone/hadoop-ozone/integration-test/target/test-dir/MiniOzoneClusterImpl-ab53e13c-b7a0-452c-aef0-b95992dbe1a2/datanode-5/data/ratis/722d4e1a-d5fd-4c8a-902a-70810ab09c8b does not exist. Creating ...
2021-07-17 01:44:36,958 [pool-617-thread-1] INFO  storage.RaftStorageDirectory (RaftStorageDirectoryImpl.java:tryLock(215)) - Lock on /home/runner/work/ozone/ozone/mnt/ozone/hadoop-ozone/integration-test/target/test-dir/MiniOzoneClusterImpl-ab53e13c-b7a0-452c-aef0-b95992dbe1a2/datanode-5/data/ratis/722d4e1a-d5fd-4c8a-902a-70810ab09c8b/in_use.lock acquired by nodename 8908@fv-az52-843
2021-07-17 01:44:36,959 [pool-617-thread-1] INFO  storage.RaftStorage (RaftStorageImpl.java:format(87)) - Storage directory /home/runner/work/ozone/ozone/mnt/ozone/hadoop-ozone/integration-test/target/test-dir/MiniOzoneClusterImpl-ab53e13c-b7a0-452c-aef0-b95992dbe1a2/datanode-5/data/ratis/722d4e1a-d5fd-4c8a-902a-70810ab09c8b has been successfully formatted.
2021-07-17 01:44:36,962 [Datanode State Machine Thread - 0] WARN  statemachine.StateContext (StateContext.java:execute(621)) - No available thread in pool for past 1 seconds.
2021-07-17 01:44:36,967 [pool-617-thread-1] INFO  ratis.ContainerStateMachine (ContainerStateMachine.java:loadSnapshot(223)) - group-70810AB09C8B: The snapshot info is null. Setting the last applied indexto:(t:0, i:~)
2021-07-17 01:44:36,968 [pool-617-thread-1] INFO  server.RaftServerConfigKeys (ConfUtils.java:logGet(44)) - raft.server.notification.no-leader.timeout = 300000ms (custom)
2021-07-17 01:44:36,970 [pool-617-thread-1] INFO  server.RaftServerConfigKeys (ConfUtils.java:logGet(44)) - raft.server.log.use.memory = false (default)
2021-07-17 01:44:36,970 [pool-617-thread-1] INFO  server.RaftServerConfigKeys (ConfUtils.java:logGet(44)) - raft.server.log.purge.gap = 1000000 (custom)
2021-07-17 01:44:36,970 [pool-617-thread-1] INFO  server.RaftServerConfigKeys (ConfUtils.java:logGet(44)) - raft.server.log.appender.buffer.byte-limit = 33554432 (custom)
2021-07-17 01:44:36,970 [pool-617-thread-1] INFO  metrics.RatisMetrics (RatisMetrics.java:lambda$create$0(36)) - Creating Metrics Registry : ratis.log_worker.10a21550-a5a0-488e-a6a8-a727859c68fc@group-70810AB09C8B
2021-07-17 01:44:36,970 [pool-617-thread-1] INFO  server.RaftServerConfigKeys (ConfUtils.java:logGet(44)) - raft.server.log.segment.size.max = 1048576 (custom)
2021-07-17 01:44:36,971 [pool-617-thread-1] INFO  server.RaftServerConfigKeys (ConfUtils.java:logGet(44)) - raft.server.log.segment.cache.num.max = 2 (custom)
2021-07-17 01:44:36,971 [pool-617-thread-1] INFO  server.RaftServerConfigKeys (ConfUtils.java:logGet(44)) - raft.server.log.segment.cache.size.max = 200MB (=209715200) (default)
2021-07-17 01:44:36,971 [pool-617-thread-1] INFO  segmented.SegmentedRaftLogWorker (SegmentedRaftLogWorker.java:<init>(182)) - new 10a21550-a5a0-488e-a6a8-a727859c68fc@group-70810AB09C8B-SegmentedRaftLogWorker for RaftStorageImpl:Storage Directory /home/runner/work/ozone/ozone/mnt/ozone/hadoop-ozone/integration-test/target/test-dir/MiniOzoneClusterImpl-ab53e13c-b7a0-452c-aef0-b95992dbe1a2/datanode-5/data/ratis/722d4e1a-d5fd-4c8a-902a-70810ab09c8b
2021-07-17 01:44:36,971 [pool-617-thread-1] INFO  server.RaftServerConfigKeys (ConfUtils.java:logGet(44)) - raft.server.log.queue.byte-limit = 2147483647 (custom)
2021-07-17 01:44:36,971 [pool-617-thread-1] INFO  server.RaftServerConfigKeys (ConfUtils.java:logGet(44)) - raft.server.log.queue.element-limit = 1024 (custom)
2021-07-17 01:44:36,971 [pool-617-thread-1] INFO  server.RaftServerConfigKeys (ConfUtils.java:logGet(44)) - raft.server.log.segment.size.max = 1048576 (custom)
2021-07-17 01:44:36,971 [pool-617-thread-1] INFO  server.RaftServerConfigKeys (ConfUtils.java:logGet(44)) - raft.server.log.preallocated.size = 16384 (custom)
2021-07-17 01:44:36,971 [pool-617-thread-1] INFO  server.RaftServerConfigKeys (ConfUtils.java:logGet(44)) - raft.server.log.force.sync.num = 128 (default)
2021-07-17 01:44:36,971 [pool-617-thread-1] INFO  server.RaftServerConfigKeys (ConfUtils.java:logGet(44)) - raft.server.log.statemachine.data.sync = true (default)
2021-07-17 01:44:36,971 [pool-617-thread-1] INFO  server.RaftServerConfigKeys (ConfUtils.java:logGet(44)) - raft.server.log.statemachine.data.sync.timeout = 10s (default)
2021-07-17 01:44:36,971 [pool-617-thread-1] INFO  server.RaftServerConfigKeys (ConfUtils.java:logGet(44)) - raft.server.log.statemachine.data.sync.timeout.retry = -1 (default)
2021-07-17 01:44:36,972 [pool-617-thread-1] INFO  server.RaftServerConfigKeys (ConfUtils.java:logGet(44)) - raft.server.log.write.buffer.size = 1048576 (custom)
2021-07-17 01:44:36,973 [pool-617-thread-1] INFO  server.RaftServerConfigKeys (ConfUtils.java:logGet(44)) - raft.server.log.statemachine.data.caching.enabled = true (custom)
2021-07-17 01:44:36,973 [pool-617-thread-1] INFO  segmented.SegmentedRaftLogWorker (SegmentedRaftLogWorker.java:lambda$new$0(133)) - 10a21550-a5a0-488e-a6a8-a727859c68fc@group-70810AB09C8B-SegmentedRaftLogWorker: flushIndex: setUnconditionally 0 -> -1
2021-07-17 01:44:36,973 [pool-617-thread-1] INFO  segmented.SegmentedRaftLogWorker (SegmentedRaftLogWorker.java:lambda$new$0(133)) - 10a21550-a5a0-488e-a6a8-a727859c68fc@group-70810AB09C8B-SegmentedRaftLogWorker: safeCacheEvictIndex: setUnconditionally 0 -> -1
2021-07-17 01:44:36,973 [pool-617-thread-1] INFO  server.RaftServerConfigKeys (ConfUtils.java:logGet(44)) - raft.server.snapshot.auto.trigger.enabled = true (custom)
2021-07-17 01:44:36,973 [pool-617-thread-1] INFO  server.RaftServerConfigKeys (ConfUtils.java:logGet(44)) - raft.server.snapshot.auto.trigger.threshold = 10000 (custom)
2021-07-17 01:44:36,973 [pool-617-thread-1] INFO  server.RaftServerConfigKeys (ConfUtils.java:logGet(44)) - raft.server.snapshot.retention.file.num = 5 (custom)
2021-07-17 01:44:36,973 [pool-617-thread-1] INFO  server.RaftServerConfigKeys (ConfUtils.java:logGet(44)) - raft.server.log.purge.upto.snapshot.index = false (default)
2021-07-17 01:44:36,973 [pool-617-thread-1] INFO  server.RaftServerConfigKeys (ConfUtils.java:logGet(44)) - raft.server.retrycache.expirytime = 600000ms (custom)
2021-07-17 01:44:36,973 [pool-617-thread-1] INFO  server.RaftServerConfigKeys (ConfUtils.java:logGet(44)) - raft.server.retrycache.statistics.expirytime = 100μs (default)
2021-07-17 01:44:36,974 [pool-617-thread-1] INFO  metrics.RatisMetrics (RatisMetrics.java:lambda$create$0(36)) - Creating Metrics Registry : ratis.leader_election.10a21550-a5a0-488e-a6a8-a727859c68fc@group-70810AB09C8B
2021-07-17 01:44:36,974 [pool-617-thread-1] INFO  metrics.RatisMetrics (RatisMetrics.java:lambda$create$0(36)) - Creating Metrics Registry : ratis.server.10a21550-a5a0-488e-a6a8-a727859c68fc@group-70810AB09C8B
2021-07-17 01:44:36,975 [pool-617-thread-1] INFO  server.RaftServer$Division (RaftServerImpl.java:start(295)) - 10a21550-a5a0-488e-a6a8-a727859c68fc@group-70810AB09C8B: start as a follower, conf=-1: [10a21550-a5a0-488e-a6a8-a727859c68fc|rpc:10.1.0.46:43097|dataStream:|priority:1, 8befdf63-f118-4996-8ccb-439953d58c5e|rpc:10.1.0.46:43351|dataStream:|priority:0, 90710055-331b-448d-a626-ec94cfb52e3b|rpc:10.1.0.46:37627|dataStream:|priority:0], old=null
2021-07-17 01:44:36,975 [pool-617-thread-1] INFO  server.RaftServer$Division (RaftServerImpl.java:setRole(284)) - 10a21550-a5a0-488e-a6a8-a727859c68fc@group-70810AB09C8B: changes role from      null to FOLLOWER at term 0 for startAsFollower
2021-07-17 01:44:36,975 [pool-617-thread-1] INFO  impl.RoleInfo (RoleInfo.java:updateAndGet(130)) - 10a21550-a5a0-488e-a6a8-a727859c68fc: start 10a21550-a5a0-488e-a6a8-a727859c68fc@group-70810AB09C8B-FollowerState
2021-07-17 01:44:36,975 [pool-617-thread-1] INFO  util.JmxRegister (JmxRegister.java:tryRegister(44)) - Successfully registered JMX Bean with object name Ratis:service=RaftServer,group=group-70810AB09C8B,id=10a21550-a5a0-488e-a6a8-a727859c68fc
2021-07-17 01:44:36,975 [pool-617-thread-1] INFO  metrics.RatisMetrics (RatisMetrics.java:lambda$create$0(36)) - Creating Metrics Registry : ratis.state_machine.10a21550-a5a0-488e-a6a8-a727859c68fc@group-70810AB09C8B
2021-07-17 01:44:36,983 [Command processor thread] INFO  commandhandler.CreatePipelineCommandHandler (CreatePipelineCommandHandler.java:handle(106)) - Created Pipeline RATIS THREE PipelineID=722d4e1a-d5fd-4c8a-902a-70810ab09c8b.
2021-07-17 01:44:37,032 [Command processor thread] INFO  server.RaftServer (RaftServerProxy.java:addNew(95)) - 90710055-331b-448d-a626-ec94cfb52e3b: addNew group-3F4B6FFFB2C9:[90710055-331b-448d-a626-ec94cfb52e3b|rpc:10.1.0.46:37627|priority:1] returns group-3F4B6FFFB2C9:java.util.concurrent.CompletableFuture@5f745be0[Not completed]
2021-07-17 01:44:37,032 [pool-599-thread-1] INFO  server.RaftServer$Division (RaftServerImpl.java:<init>(180)) - 90710055-331b-448d-a626-ec94cfb52e3b: new RaftServerImpl for group-3F4B6FFFB2C9:[90710055-331b-448d-a626-ec94cfb52e3b|rpc:10.1.0.46:37627|priority:1] with ContainerStateMachine:uninitialized
2021-07-17 01:44:37,032 [pool-599-thread-1] INFO  server.RaftServerConfigKeys (ConfUtils.java:logGet(44)) - raft.server.rpc.timeout.min = 5s (custom)
2021-07-17 01:44:37,033 [pool-599-thread-1] INFO  server.RaftServerConfigKeys (ConfUtils.java:logGet(44)) - raft.server.rpc.timeout.max = 5200ms (custom)
2021-07-17 01:44:37,033 [pool-599-thread-1] INFO  server.RaftServerConfigKeys (ConfUtils.java:logGet(44)) - raft.server.rpc.sleep.time = 25ms (default)
2021-07-17 01:44:37,033 [pool-599-thread-1] INFO  server.RaftServerConfigKeys (ConfUtils.java:logGet(44)) - raft.server.rpc.slowness.timeout = 300000ms (custom)
2021-07-17 01:44:37,033 [pool-599-thread-1] INFO  server.RaftServerConfigKeys (ConfUtils.java:logGet(44)) - raft.server.leaderelection.leader.step-down.wait-time = 10s (default)
2021-07-17 01:44:37,033 [pool-599-thread-1] INFO  server.RaftServerConfigKeys (ConfUtils.java:logGet(44)) - raft.server.sleep.deviation.threshold = 300ms (default)
2021-07-17 01:44:37,033 [pool-599-thread-1] INFO  server.RaftServerConfigKeys (ConfUtils.java:logGet(44)) - raft.server.log.appender.install.snapshot.enabled = false (custom)
2021-07-17 01:44:37,033 [pool-599-thread-1] INFO  server.RaftServer$Division (ServerState.java:<init>(105)) - 90710055-331b-448d-a626-ec94cfb52e3b@group-3F4B6FFFB2C9: ConfigurationManager, init=-1: [90710055-331b-448d-a626-ec94cfb52e3b|rpc:10.1.0.46:37627|priority:1], old=null, confs=<EMPTY_MAP>
2021-07-17 01:44:37,033 [pool-599-thread-1] INFO  server.RaftServerConfigKeys (ConfUtils.java:logGet(44)) - raft.server.storage.dir = [/home/runner/work/ozone/ozone/mnt/ozone/hadoop-ozone/integration-test/target/test-dir/MiniOzoneClusterImpl-ab53e13c-b7a0-452c-aef0-b95992dbe1a2/datanode-4/data/ratis] (custom)
2021-07-17 01:44:37,033 [pool-599-thread-1] INFO  server.RaftServerConfigKeys (ConfUtils.java:logGet(44)) - raft.server.log.corruption.policy = EXCEPTION (default)
2021-07-17 01:44:37,033 [pool-599-thread-1] INFO  storage.RaftStorageDirectory (RaftStorageDirectoryImpl.java:analyzeStorage(132)) - The storage directory /home/runner/work/ozone/ozone/mnt/ozone/hadoop-ozone/integration-test/target/test-dir/MiniOzoneClusterImpl-ab53e13c-b7a0-452c-aef0-b95992dbe1a2/datanode-4/data/ratis/7ac12946-c7d0-4d9a-ac15-3f4b6fffb2c9 does not exist. Creating ...
2021-07-17 01:44:37,034 [pool-599-thread-1] INFO  storage.RaftStorageDirectory (RaftStorageDirectoryImpl.java:tryLock(215)) - Lock on /home/runner/work/ozone/ozone/mnt/ozone/hadoop-ozone/integration-test/target/test-dir/MiniOzoneClusterImpl-ab53e13c-b7a0-452c-aef0-b95992dbe1a2/datanode-4/data/ratis/7ac12946-c7d0-4d9a-ac15-3f4b6fffb2c9/in_use.lock acquired by nodename 8908@fv-az52-843
2021-07-17 01:44:37,035 [pool-599-thread-1] INFO  storage.RaftStorage (RaftStorageImpl.java:format(87)) - Storage directory /home/runner/work/ozone/ozone/mnt/ozone/hadoop-ozone/integration-test/target/test-dir/MiniOzoneClusterImpl-ab53e13c-b7a0-452c-aef0-b95992dbe1a2/datanode-4/data/ratis/7ac12946-c7d0-4d9a-ac15-3f4b6fffb2c9 has been successfully formatted.
2021-07-17 01:44:37,035 [pool-599-thread-1] INFO  ratis.ContainerStateMachine (ContainerStateMachine.java:loadSnapshot(223)) - group-3F4B6FFFB2C9: The snapshot info is null. Setting the last applied indexto:(t:0, i:~)
2021-07-17 01:44:37,035 [pool-599-thread-1] INFO  server.RaftServerConfigKeys (ConfUtils.java:logGet(44)) - raft.server.notification.no-leader.timeout = 300000ms (custom)
2021-07-17 01:44:37,036 [pool-599-thread-1] INFO  server.RaftServerConfigKeys (ConfUtils.java:logGet(44)) - raft.server.log.use.memory = false (default)
2021-07-17 01:44:37,036 [pool-599-thread-1] INFO  server.RaftServerConfigKeys (ConfUtils.java:logGet(44)) - raft.server.log.purge.gap = 1000000 (custom)
2021-07-17 01:44:37,036 [pool-599-thread-1] INFO  server.RaftServerConfigKeys (ConfUtils.java:logGet(44)) - raft.server.log.appender.buffer.byte-limit = 33554432 (custom)
2021-07-17 01:44:37,036 [pool-599-thread-1] INFO  metrics.RatisMetrics (RatisMetrics.java:lambda$create$0(36)) - Creating Metrics Registry : ratis.log_worker.90710055-331b-448d-a626-ec94cfb52e3b@group-3F4B6FFFB2C9
2021-07-17 01:44:37,036 [pool-599-thread-1] INFO  server.RaftServerConfigKeys (ConfUtils.java:logGet(44)) - raft.server.log.segment.size.max = 1048576 (custom)
2021-07-17 01:44:37,036 [pool-599-thread-1] INFO  server.RaftServerConfigKeys (ConfUtils.java:logGet(44)) - raft.server.log.segment.cache.num.max = 2 (custom)
2021-07-17 01:44:37,036 [pool-599-thread-1] INFO  server.RaftServerConfigKeys (ConfUtils.java:logGet(44)) - raft.server.log.segment.cache.size.max = 200MB (=209715200) (default)
2021-07-17 01:44:37,036 [EventQueue-PipelineReportForPipelineReportHandler] INFO  pipeline.PipelineManagerV2Impl (PipelineManagerV2Impl.java:openPipeline(283)) - Pipeline Pipeline[ Id: 7ac12946-c7d0-4d9a-ac15-3f4b6fffb2c9, Nodes: 90710055-331b-448d-a626-ec94cfb52e3b{ip: 10.1.0.46, host: fv-az52-843.jaak54zke33upnjmlridiqi2vb.bx.internal.cloudapp.net, ports: [REPLICATION=39683, RATIS=37627, RATIS_ADMIN=37627, RATIS_SERVER=37627, STANDALONE=43685], networkLocation: /default-rack, certSerialId: null, persistedOpState: IN_SERVICE, persistedOpStateExpiryEpochSec: 0}, ReplicationConfig: RATIS/ONE, State:ALLOCATED, leaderId:90710055-331b-448d-a626-ec94cfb52e3b, CreationTimestamp2021-07-17T01:44:34.038Z[Etc/UTC]] moved to OPEN state
2021-07-17 01:44:37,036 [pool-599-thread-1] INFO  segmented.SegmentedRaftLogWorker (SegmentedRaftLogWorker.java:<init>(182)) - new 90710055-331b-448d-a626-ec94cfb52e3b@group-3F4B6FFFB2C9-SegmentedRaftLogWorker for RaftStorageImpl:Storage Directory /home/runner/work/ozone/ozone/mnt/ozone/hadoop-ozone/integration-test/target/test-dir/MiniOzoneClusterImpl-ab53e13c-b7a0-452c-aef0-b95992dbe1a2/datanode-4/data/ratis/7ac12946-c7d0-4d9a-ac15-3f4b6fffb2c9
2021-07-17 01:44:37,037 [pool-599-thread-1] INFO  server.RaftServerConfigKeys (ConfUtils.java:logGet(44)) - raft.server.log.queue.byte-limit = 2147483647 (custom)
2021-07-17 01:44:37,037 [pool-599-thread-1] INFO  server.RaftServerConfigKeys (ConfUtils.java:logGet(44)) - raft.server.log.queue.element-limit = 1024 (custom)
2021-07-17 01:44:37,037 [pool-599-thread-1] INFO  server.RaftServerConfigKeys (ConfUtils.java:logGet(44)) - raft.server.log.segment.size.max = 1048576 (custom)
2021-07-17 01:44:37,037 [pool-599-thread-1] INFO  server.RaftServerConfigKeys (ConfUtils.java:logGet(44)) - raft.server.log.preallocated.size = 16384 (custom)
2021-07-17 01:44:37,037 [pool-599-thread-1] INFO  server.RaftServerConfigKeys (ConfUtils.java:logGet(44)) - raft.server.log.force.sync.num = 128 (default)
2021-07-17 01:44:37,037 [pool-599-thread-1] INFO  server.RaftServerConfigKeys (ConfUtils.java:logGet(44)) - raft.server.log.statemachine.data.sync = true (default)
2021-07-17 01:44:37,037 [pool-599-thread-1] INFO  server.RaftServerConfigKeys (ConfUtils.java:logGet(44)) - raft.server.log.statemachine.data.sync.timeout = 10s (default)
2021-07-17 01:44:37,037 [EventQueue-OpenPipelineForHealthyPipelineSafeModeRule] INFO  safemode.SCMSafeModeManager (HealthyPipelineSafeModeRule.java:process(124)) - SCM in safe mode. Healthy pipelines reported count is 0, required healthy pipeline reported count is 1
2021-07-17 01:44:37,037 [pool-599-thread-1] INFO  server.RaftServerConfigKeys (ConfUtils.java:logGet(44)) - raft.server.log.statemachine.data.sync.timeout.retry = -1 (default)
2021-07-17 01:44:37,038 [pool-599-thread-1] INFO  server.RaftServerConfigKeys (ConfUtils.java:logGet(44)) - raft.server.log.write.buffer.size = 1048576 (custom)
2021-07-17 01:44:37,039 [pool-599-thread-1] INFO  server.RaftServerConfigKeys (ConfUtils.java:logGet(44)) - raft.server.log.statemachine.data.caching.enabled = true (custom)
2021-07-17 01:44:37,039 [pool-599-thread-1] INFO  segmented.SegmentedRaftLogWorker (SegmentedRaftLogWorker.java:lambda$new$0(133)) - 90710055-331b-448d-a626-ec94cfb52e3b@group-3F4B6FFFB2C9-SegmentedRaftLogWorker: flushIndex: setUnconditionally 0 -> -1
2021-07-17 01:44:37,039 [pool-599-thread-1] INFO  segmented.SegmentedRaftLogWorker (SegmentedRaftLogWorker.java:lambda$new$0(133)) - 90710055-331b-448d-a626-ec94cfb52e3b@group-3F4B6FFFB2C9-SegmentedRaftLogWorker: safeCacheEvictIndex: setUnconditionally 0 -> -1
2021-07-17 01:44:37,039 [pool-599-thread-1] INFO  server.RaftServerConfigKeys (ConfUtils.java:logGet(44)) - raft.server.snapshot.auto.trigger.enabled = true (custom)
2021-07-17 01:44:37,039 [pool-599-thread-1] INFO  server.RaftServerConfigKeys (ConfUtils.java:logGet(44)) - raft.server.snapshot.auto.trigger.threshold = 10000 (custom)
2021-07-17 01:44:37,039 [pool-599-thread-1] INFO  server.RaftServerConfigKeys (ConfUtils.java:logGet(44)) - raft.server.snapshot.retention.file.num = 5 (custom)
2021-07-17 01:44:37,039 [pool-599-thread-1] INFO  server.RaftServerConfigKeys (ConfUtils.java:logGet(44)) - raft.server.log.purge.upto.snapshot.index = false (default)
2021-07-17 01:44:37,039 [pool-599-thread-1] INFO  server.RaftServerConfigKeys (ConfUtils.java:logGet(44)) - raft.server.retrycache.expirytime = 600000ms (custom)
2021-07-17 01:44:37,039 [pool-599-thread-1] INFO  server.RaftServerConfigKeys (ConfUtils.java:logGet(44)) - raft.server.retrycache.statistics.expirytime = 100μs (default)
2021-07-17 01:44:37,039 [pool-599-thread-1] INFO  metrics.RatisMetrics (RatisMetrics.java:lambda$create$0(36)) - Creating Metrics Registry : ratis.leader_election.90710055-331b-448d-a626-ec94cfb52e3b@group-3F4B6FFFB2C9
2021-07-17 01:44:37,040 [pool-599-thread-1] INFO  metrics.RatisMetrics (RatisMetrics.java:lambda$create$0(36)) - Creating Metrics Registry : ratis.server.90710055-331b-448d-a626-ec94cfb52e3b@group-3F4B6FFFB2C9
2021-07-17 01:44:37,042 [pool-599-thread-1] INFO  server.RaftServer$Division (RaftServerImpl.java:start(295)) - 90710055-331b-448d-a626-ec94cfb52e3b@group-3F4B6FFFB2C9: start as a follower, conf=-1: [90710055-331b-448d-a626-ec94cfb52e3b|rpc:10.1.0.46:37627|priority:1], old=null
2021-07-17 01:44:37,042 [pool-599-thread-1] INFO  server.RaftServer$Division (RaftServerImpl.java:setRole(284)) - 90710055-331b-448d-a626-ec94cfb52e3b@group-3F4B6FFFB2C9: changes role from      null to FOLLOWER at term 0 for startAsFollower
2021-07-17 01:44:37,042 [pool-599-thread-1] INFO  impl.RoleInfo (RoleInfo.java:updateAndGet(130)) - 90710055-331b-448d-a626-ec94cfb52e3b: start 90710055-331b-448d-a626-ec94cfb52e3b@group-3F4B6FFFB2C9-FollowerState
2021-07-17 01:44:37,043 [pool-599-thread-1] INFO  util.JmxRegister (JmxRegister.java:tryRegister(44)) - Successfully registered JMX Bean with object name Ratis:service=RaftServer,group=group-3F4B6FFFB2C9,id=90710055-331b-448d-a626-ec94cfb52e3b
2021-07-17 01:44:37,043 [pool-599-thread-1] INFO  metrics.RatisMetrics (RatisMetrics.java:lambda$create$0(36)) - Creating Metrics Registry : ratis.state_machine.90710055-331b-448d-a626-ec94cfb52e3b@group-3F4B6FFFB2C9
2021-07-17 01:44:37,043 [Command processor thread] INFO  ratis.XceiverServerRatis (XceiverServerRatis.java:addGroup(759)) - Created group PipelineID=7ac12946-c7d0-4d9a-ac15-3f4b6fffb2c9
2021-07-17 01:44:37,043 [Command processor thread] INFO  commandhandler.CreatePipelineCommandHandler (CreatePipelineCommandHandler.java:handle(106)) - Created Pipeline RATIS ONE PipelineID=7ac12946-c7d0-4d9a-ac15-3f4b6fffb2c9.
2021-07-17 01:44:37,187 [Command processor thread] INFO  server.RaftServer (RaftServerProxy.java:addNew(95)) - 10a21550-a5a0-488e-a6a8-a727859c68fc: addNew group-6D74CCA93B1D:[10a21550-a5a0-488e-a6a8-a727859c68fc|rpc:10.1.0.46:43097|priority:1] returns group-6D74CCA93B1D:java.util.concurrent.CompletableFuture@71f63c40[Not completed]
2021-07-17 01:44:37,188 [pool-617-thread-1] INFO  server.RaftServer$Division (RaftServerImpl.java:<init>(180)) - 10a21550-a5a0-488e-a6a8-a727859c68fc: new RaftServerImpl for group-6D74CCA93B1D:[10a21550-a5a0-488e-a6a8-a727859c68fc|rpc:10.1.0.46:43097|priority:1] with ContainerStateMachine:uninitialized
2021-07-17 01:44:37,188 [pool-617-thread-1] INFO  server.RaftServerConfigKeys (ConfUtils.java:logGet(44)) - raft.server.rpc.timeout.min = 5s (custom)
2021-07-17 01:44:37,188 [pool-617-thread-1] INFO  server.RaftServerConfigKeys (ConfUtils.java:logGet(44)) - raft.server.rpc.timeout.max = 5200ms (custom)
2021-07-17 01:44:37,188 [pool-617-thread-1] INFO  server.RaftServerConfigKeys (ConfUtils.java:logGet(44)) - raft.server.rpc.sleep.time = 25ms (default)
2021-07-17 01:44:37,188 [pool-617-thread-1] INFO  server.RaftServerConfigKeys (ConfUtils.java:logGet(44)) - raft.server.rpc.slowness.timeout = 300000ms (custom)
2021-07-17 01:44:37,188 [pool-617-thread-1] INFO  server.RaftServerConfigKeys (ConfUtils.java:logGet(44)) - raft.server.leaderelection.leader.step-down.wait-time = 10s (default)
2021-07-17 01:44:37,188 [pool-617-thread-1] INFO  server.RaftServerConfigKeys (ConfUtils.java:logGet(44)) - raft.server.sleep.deviation.threshold = 300ms (default)
2021-07-17 01:44:37,188 [pool-617-thread-1] INFO  server.RaftServerConfigKeys (ConfUtils.java:logGet(44)) - raft.server.log.appender.install.snapshot.enabled = false (custom)
2021-07-17 01:44:37,188 [pool-617-thread-1] INFO  server.RaftServer$Division (ServerState.java:<init>(105)) - 10a21550-a5a0-488e-a6a8-a727859c68fc@group-6D74CCA93B1D: ConfigurationManager, init=-1: [10a21550-a5a0-488e-a6a8-a727859c68fc|rpc:10.1.0.46:43097|priority:1], old=null, confs=<EMPTY_MAP>
2021-07-17 01:44:37,188 [pool-617-thread-1] INFO  server.RaftServerConfigKeys (ConfUtils.java:logGet(44)) - raft.server.storage.dir = [/home/runner/work/ozone/ozone/mnt/ozone/hadoop-ozone/integration-test/target/test-dir/MiniOzoneClusterImpl-ab53e13c-b7a0-452c-aef0-b95992dbe1a2/datanode-5/data/ratis] (custom)
2021-07-17 01:44:37,188 [pool-617-thread-1] INFO  server.RaftServerConfigKeys (ConfUtils.java:logGet(44)) - raft.server.log.corruption.policy = EXCEPTION (default)
2021-07-17 01:44:37,189 [pool-617-thread-1] INFO  storage.RaftStorageDirectory (RaftStorageDirectoryImpl.java:analyzeStorage(132)) - The storage directory /home/runner/work/ozone/ozone/mnt/ozone/hadoop-ozone/integration-test/target/test-dir/MiniOzoneClusterImpl-ab53e13c-b7a0-452c-aef0-b95992dbe1a2/datanode-5/data/ratis/942a632f-8ff6-439b-9c03-6d74cca93b1d does not exist. Creating ...
2021-07-17 01:44:37,190 [pool-617-thread-1] INFO  storage.RaftStorageDirectory (RaftStorageDirectoryImpl.java:tryLock(215)) - Lock on /home/runner/work/ozone/ozone/mnt/ozone/hadoop-ozone/integration-test/target/test-dir/MiniOzoneClusterImpl-ab53e13c-b7a0-452c-aef0-b95992dbe1a2/datanode-5/data/ratis/942a632f-8ff6-439b-9c03-6d74cca93b1d/in_use.lock acquired by nodename 8908@fv-az52-843
2021-07-17 01:44:37,191 [pool-617-thread-1] INFO  storage.RaftStorage (RaftStorageImpl.java:format(87)) - Storage directory /home/runner/work/ozone/ozone/mnt/ozone/hadoop-ozone/integration-test/target/test-dir/MiniOzoneClusterImpl-ab53e13c-b7a0-452c-aef0-b95992dbe1a2/datanode-5/data/ratis/942a632f-8ff6-439b-9c03-6d74cca93b1d has been successfully formatted.
2021-07-17 01:44:37,191 [pool-617-thread-1] INFO  ratis.ContainerStateMachine (ContainerStateMachine.java:loadSnapshot(223)) - group-6D74CCA93B1D: The snapshot info is null. Setting the last applied indexto:(t:0, i:~)
2021-07-17 01:44:37,191 [pool-617-thread-1] INFO  server.RaftServerConfigKeys (ConfUtils.java:logGet(44)) - raft.server.notification.no-leader.timeout = 300000ms (custom)
2021-07-17 01:44:37,192 [EventQueue-PipelineReportForPipelineReportHandler] INFO  pipeline.PipelineManagerV2Impl (PipelineManagerV2Impl.java:openPipeline(283)) - Pipeline Pipeline[ Id: 942a632f-8ff6-439b-9c03-6d74cca93b1d, Nodes: 10a21550-a5a0-488e-a6a8-a727859c68fc{ip: 10.1.0.46, host: fv-az52-843.jaak54zke33upnjmlridiqi2vb.bx.internal.cloudapp.net, ports: [REPLICATION=33633, RATIS=43097, RATIS_ADMIN=43097, RATIS_SERVER=43097, STANDALONE=35893], networkLocation: /default-rack, certSerialId: null, persistedOpState: IN_SERVICE, persistedOpStateExpiryEpochSec: 0}, ReplicationConfig: RATIS/ONE, State:ALLOCATED, leaderId:10a21550-a5a0-488e-a6a8-a727859c68fc, CreationTimestamp2021-07-17T01:44:34.189Z[Etc/UTC]] moved to OPEN state
2021-07-17 01:44:37,192 [EventQueue-OpenPipelineForHealthyPipelineSafeModeRule] INFO  safemode.SCMSafeModeManager (HealthyPipelineSafeModeRule.java:process(124)) - SCM in safe mode. Healthy pipelines reported count is 0, required healthy pipeline reported count is 1
2021-07-17 01:44:37,192 [pool-617-thread-1] INFO  server.RaftServerConfigKeys (ConfUtils.java:logGet(44)) - raft.server.log.use.memory = false (default)
2021-07-17 01:44:37,192 [pool-617-thread-1] INFO  server.RaftServerConfigKeys (ConfUtils.java:logGet(44)) - raft.server.log.purge.gap = 1000000 (custom)
2021-07-17 01:44:37,192 [pool-617-thread-1] INFO  server.RaftServerConfigKeys (ConfUtils.java:logGet(44)) - raft.server.log.appender.buffer.byte-limit = 33554432 (custom)
2021-07-17 01:44:37,192 [pool-617-thread-1] INFO  metrics.RatisMetrics (RatisMetrics.java:lambda$create$0(36)) - Creating Metrics Registry : ratis.log_worker.10a21550-a5a0-488e-a6a8-a727859c68fc@group-6D74CCA93B1D
2021-07-17 01:44:37,193 [pool-617-thread-1] INFO  server.RaftServerConfigKeys (ConfUtils.java:logGet(44)) - raft.server.log.segment.size.max = 1048576 (custom)
2021-07-17 01:44:37,193 [pool-617-thread-1] INFO  server.RaftServerConfigKeys (ConfUtils.java:logGet(44)) - raft.server.log.segment.cache.num.max = 2 (custom)
2021-07-17 01:44:37,193 [pool-617-thread-1] INFO  server.RaftServerConfigKeys (ConfUtils.java:logGet(44)) - raft.server.log.segment.cache.size.max = 200MB (=209715200) (default)
2021-07-17 01:44:37,193 [pool-617-thread-1] INFO  segmented.SegmentedRaftLogWorker (SegmentedRaftLogWorker.java:<init>(182)) - new 10a21550-a5a0-488e-a6a8-a727859c68fc@group-6D74CCA93B1D-SegmentedRaftLogWorker for RaftStorageImpl:Storage Directory /home/runner/work/ozone/ozone/mnt/ozone/hadoop-ozone/integration-test/target/test-dir/MiniOzoneClusterImpl-ab53e13c-b7a0-452c-aef0-b95992dbe1a2/datanode-5/data/ratis/942a632f-8ff6-439b-9c03-6d74cca93b1d
2021-07-17 01:44:37,193 [pool-617-thread-1] INFO  server.RaftServerConfigKeys (ConfUtils.java:logGet(44)) - raft.server.log.queue.byte-limit = 2147483647 (custom)
2021-07-17 01:44:37,193 [pool-617-thread-1] INFO  server.RaftServerConfigKeys (ConfUtils.java:logGet(44)) - raft.server.log.queue.element-limit = 1024 (custom)
2021-07-17 01:44:37,193 [pool-617-thread-1] INFO  server.RaftServerConfigKeys (ConfUtils.java:logGet(44)) - raft.server.log.segment.size.max = 1048576 (custom)
2021-07-17 01:44:37,193 [pool-617-thread-1] INFO  server.RaftServerConfigKeys (ConfUtils.java:logGet(44)) - raft.server.log.preallocated.size = 16384 (custom)
2021-07-17 01:44:37,193 [pool-617-thread-1] INFO  server.RaftServerConfigKeys (ConfUtils.java:logGet(44)) - raft.server.log.force.sync.num = 128 (default)
2021-07-17 01:44:37,193 [pool-617-thread-1] INFO  server.RaftServerConfigKeys (ConfUtils.java:logGet(44)) - raft.server.log.statemachine.data.sync = true (default)
2021-07-17 01:44:37,194 [pool-617-thread-1] INFO  server.RaftServerConfigKeys (ConfUtils.java:logGet(44)) - raft.server.log.statemachine.data.sync.timeout = 10s (default)
2021-07-17 01:44:37,194 [pool-617-thread-1] INFO  server.RaftServerConfigKeys (ConfUtils.java:logGet(44)) - raft.server.log.statemachine.data.sync.timeout.retry = -1 (default)
2021-07-17 01:44:37,195 [pool-617-thread-1] INFO  server.RaftServerConfigKeys (ConfUtils.java:logGet(44)) - raft.server.log.write.buffer.size = 1048576 (custom)
2021-07-17 01:44:37,195 [pool-617-thread-1] INFO  server.RaftServerConfigKeys (ConfUtils.java:logGet(44)) - raft.server.log.statemachine.data.caching.enabled = true (custom)
2021-07-17 01:44:37,195 [pool-617-thread-1] INFO  segmented.SegmentedRaftLogWorker (SegmentedRaftLogWorker.java:lambda$new$0(133)) - 10a21550-a5a0-488e-a6a8-a727859c68fc@group-6D74CCA93B1D-SegmentedRaftLogWorker: flushIndex: setUnconditionally 0 -> -1
2021-07-17 01:44:37,195 [pool-617-thread-1] INFO  segmented.SegmentedRaftLogWorker (SegmentedRaftLogWorker.java:lambda$new$0(133)) - 10a21550-a5a0-488e-a6a8-a727859c68fc@group-6D74CCA93B1D-SegmentedRaftLogWorker: safeCacheEvictIndex: setUnconditionally 0 -> -1
2021-07-17 01:44:37,196 [pool-617-thread-1] INFO  server.RaftServerConfigKeys (ConfUtils.java:logGet(44)) - raft.server.snapshot.auto.trigger.enabled = true (custom)
2021-07-17 01:44:37,196 [pool-617-thread-1] INFO  server.RaftServerConfigKeys (ConfUtils.java:logGet(44)) - raft.server.snapshot.auto.trigger.threshold = 10000 (custom)
2021-07-17 01:44:37,196 [pool-617-thread-1] INFO  server.RaftServerConfigKeys (ConfUtils.java:logGet(44)) - raft.server.snapshot.retention.file.num = 5 (custom)
2021-07-17 01:44:37,196 [pool-617-thread-1] INFO  server.RaftServerConfigKeys (ConfUtils.java:logGet(44)) - raft.server.log.purge.upto.snapshot.index = false (default)
2021-07-17 01:44:37,196 [pool-617-thread-1] INFO  server.RaftServerConfigKeys (ConfUtils.java:logGet(44)) - raft.server.retrycache.expirytime = 600000ms (custom)
2021-07-17 01:44:37,196 [pool-617-thread-1] INFO  server.RaftServerConfigKeys (ConfUtils.java:logGet(44)) - raft.server.retrycache.statistics.expirytime = 100μs (default)
2021-07-17 01:44:37,196 [pool-617-thread-1] INFO  metrics.RatisMetrics (RatisMetrics.java:lambda$create$0(36)) - Creating Metrics Registry : ratis.leader_election.10a21550-a5a0-488e-a6a8-a727859c68fc@group-6D74CCA93B1D
2021-07-17 01:44:37,196 [pool-617-thread-1] INFO  metrics.RatisMetrics (RatisMetrics.java:lambda$create$0(36)) - Creating Metrics Registry : ratis.server.10a21550-a5a0-488e-a6a8-a727859c68fc@group-6D74CCA93B1D
2021-07-17 01:44:37,197 [pool-617-thread-1] INFO  server.RaftServer$Division (RaftServerImpl.java:start(295)) - 10a21550-a5a0-488e-a6a8-a727859c68fc@group-6D74CCA93B1D: start as a follower, conf=-1: [10a21550-a5a0-488e-a6a8-a727859c68fc|rpc:10.1.0.46:43097|priority:1], old=null
2021-07-17 01:44:37,197 [pool-617-thread-1] INFO  server.RaftServer$Division (RaftServerImpl.java:setRole(284)) - 10a21550-a5a0-488e-a6a8-a727859c68fc@group-6D74CCA93B1D: changes role from      null to FOLLOWER at term 0 for startAsFollower
2021-07-17 01:44:37,198 [pool-617-thread-1] INFO  impl.RoleInfo (RoleInfo.java:updateAndGet(130)) - 10a21550-a5a0-488e-a6a8-a727859c68fc: start 10a21550-a5a0-488e-a6a8-a727859c68fc@group-6D74CCA93B1D-FollowerState
2021-07-17 01:44:37,198 [pool-617-thread-1] INFO  util.JmxRegister (JmxRegister.java:tryRegister(44)) - Successfully registered JMX Bean with object name Ratis:service=RaftServer,group=group-6D74CCA93B1D,id=10a21550-a5a0-488e-a6a8-a727859c68fc
2021-07-17 01:44:37,198 [pool-617-thread-1] INFO  metrics.RatisMetrics (RatisMetrics.java:lambda$create$0(36)) - Creating Metrics Registry : ratis.state_machine.10a21550-a5a0-488e-a6a8-a727859c68fc@group-6D74CCA93B1D
2021-07-17 01:44:37,199 [Command processor thread] INFO  ratis.XceiverServerRatis (XceiverServerRatis.java:addGroup(759)) - Created group PipelineID=942a632f-8ff6-439b-9c03-6d74cca93b1d
2021-07-17 01:44:37,199 [Command processor thread] INFO  commandhandler.CreatePipelineCommandHandler (CreatePipelineCommandHandler.java:handle(106)) - Created Pipeline RATIS ONE PipelineID=942a632f-8ff6-439b-9c03-6d74cca93b1d.
2021-07-17 01:44:37,327 [Command processor thread] INFO  server.RaftServer (RaftServerProxy.java:addNew(95)) - 2cdc0689-27ad-48f6-b58d-8766a5040b34: addNew group-66DC1415F9A3:[2cdc0689-27ad-48f6-b58d-8766a5040b34|rpc:10.1.0.46:33475|priority:1] returns group-66DC1415F9A3:java.util.concurrent.CompletableFuture@22d68310[Not completed]
2021-07-17 01:44:37,328 [pool-635-thread-1] INFO  server.RaftServer$Division (RaftServerImpl.java:<init>(180)) - 2cdc0689-27ad-48f6-b58d-8766a5040b34: new RaftServerImpl for group-66DC1415F9A3:[2cdc0689-27ad-48f6-b58d-8766a5040b34|rpc:10.1.0.46:33475|priority:1] with ContainerStateMachine:uninitialized
2021-07-17 01:44:37,328 [pool-635-thread-1] INFO  server.RaftServerConfigKeys (ConfUtils.java:logGet(44)) - raft.server.rpc.timeout.min = 5s (custom)
2021-07-17 01:44:37,328 [pool-635-thread-1] INFO  server.RaftServerConfigKeys (ConfUtils.java:logGet(44)) - raft.server.rpc.timeout.max = 5200ms (custom)
2021-07-17 01:44:37,328 [pool-635-thread-1] INFO  server.RaftServerConfigKeys (ConfUtils.java:logGet(44)) - raft.server.rpc.sleep.time = 25ms (default)
2021-07-17 01:44:37,328 [pool-635-thread-1] INFO  server.RaftServerConfigKeys (ConfUtils.java:logGet(44)) - raft.server.rpc.slowness.timeout = 300000ms (custom)
2021-07-17 01:44:37,328 [pool-635-thread-1] INFO  server.RaftServerConfigKeys (ConfUtils.java:logGet(44)) - raft.server.leaderelection.leader.step-down.wait-time = 10s (default)
2021-07-17 01:44:37,328 [pool-635-thread-1] INFO  server.RaftServerConfigKeys (ConfUtils.java:logGet(44)) - raft.server.sleep.deviation.threshold = 300ms (default)
2021-07-17 01:44:37,328 [pool-635-thread-1] INFO  server.RaftServerConfigKeys (ConfUtils.java:logGet(44)) - raft.server.log.appender.install.snapshot.enabled = false (custom)
2021-07-17 01:44:37,328 [pool-635-thread-1] INFO  server.RaftServer$Division (ServerState.java:<init>(105)) - 2cdc0689-27ad-48f6-b58d-8766a5040b34@group-66DC1415F9A3: ConfigurationManager, init=-1: [2cdc0689-27ad-48f6-b58d-8766a5040b34|rpc:10.1.0.46:33475|priority:1], old=null, confs=<EMPTY_MAP>
2021-07-17 01:44:37,328 [pool-635-thread-1] INFO  server.RaftServerConfigKeys (ConfUtils.java:logGet(44)) - raft.server.storage.dir = [/home/runner/work/ozone/ozone/mnt/ozone/hadoop-ozone/integration-test/target/test-dir/MiniOzoneClusterImpl-ab53e13c-b7a0-452c-aef0-b95992dbe1a2/datanode-6/data/ratis] (custom)
2021-07-17 01:44:37,329 [pool-635-thread-1] INFO  server.RaftServerConfigKeys (ConfUtils.java:logGet(44)) - raft.server.log.corruption.policy = EXCEPTION (default)
2021-07-17 01:44:37,329 [pool-635-thread-1] INFO  storage.RaftStorageDirectory (RaftStorageDirectoryImpl.java:analyzeStorage(132)) - The storage directory /home/runner/work/ozone/ozone/mnt/ozone/hadoop-ozone/integration-test/target/test-dir/MiniOzoneClusterImpl-ab53e13c-b7a0-452c-aef0-b95992dbe1a2/datanode-6/data/ratis/c514fdd9-771e-4f20-8e01-66dc1415f9a3 does not exist. Creating ...
2021-07-17 01:44:37,329 [pool-635-thread-1] INFO  storage.RaftStorageDirectory (RaftStorageDirectoryImpl.java:tryLock(215)) - Lock on /home/runner/work/ozone/ozone/mnt/ozone/hadoop-ozone/integration-test/target/test-dir/MiniOzoneClusterImpl-ab53e13c-b7a0-452c-aef0-b95992dbe1a2/datanode-6/data/ratis/c514fdd9-771e-4f20-8e01-66dc1415f9a3/in_use.lock acquired by nodename 8908@fv-az52-843
2021-07-17 01:44:37,331 [pool-635-thread-1] INFO  storage.RaftStorage (RaftStorageImpl.java:format(87)) - Storage directory /home/runner/work/ozone/ozone/mnt/ozone/hadoop-ozone/integration-test/target/test-dir/MiniOzoneClusterImpl-ab53e13c-b7a0-452c-aef0-b95992dbe1a2/datanode-6/data/ratis/c514fdd9-771e-4f20-8e01-66dc1415f9a3 has been successfully formatted.
2021-07-17 01:44:37,333 [pool-635-thread-1] INFO  ratis.ContainerStateMachine (ContainerStateMachine.java:loadSnapshot(223)) - group-66DC1415F9A3: The snapshot info is null. Setting the last applied indexto:(t:0, i:~)
2021-07-17 01:44:37,333 [pool-635-thread-1] INFO  server.RaftServerConfigKeys (ConfUtils.java:logGet(44)) - raft.server.notification.no-leader.timeout = 300000ms (custom)
2021-07-17 01:44:37,333 [pool-635-thread-1] INFO  server.RaftServerConfigKeys (ConfUtils.java:logGet(44)) - raft.server.log.use.memory = false (default)
2021-07-17 01:44:37,334 [EventQueue-PipelineReportForPipelineReportHandler] INFO  pipeline.PipelineManagerV2Impl (PipelineManagerV2Impl.java:openPipeline(283)) - Pipeline Pipeline[ Id: c514fdd9-771e-4f20-8e01-66dc1415f9a3, Nodes: 2cdc0689-27ad-48f6-b58d-8766a5040b34{ip: 10.1.0.46, host: fv-az52-843.jaak54zke33upnjmlridiqi2vb.bx.internal.cloudapp.net, ports: [REPLICATION=41259, RATIS=33475, RATIS_ADMIN=33475, RATIS_SERVER=33475, STANDALONE=32995], networkLocation: /default-rack, certSerialId: null, persistedOpState: IN_SERVICE, persistedOpStateExpiryEpochSec: 0}, ReplicationConfig: RATIS/ONE, State:ALLOCATED, leaderId:2cdc0689-27ad-48f6-b58d-8766a5040b34, CreationTimestamp2021-07-17T01:44:34.328Z[Etc/UTC]] moved to OPEN state
2021-07-17 01:44:37,334 [pool-635-thread-1] INFO  server.RaftServerConfigKeys (ConfUtils.java:logGet(44)) - raft.server.log.purge.gap = 1000000 (custom)
2021-07-17 01:44:37,334 [pool-635-thread-1] INFO  server.RaftServerConfigKeys (ConfUtils.java:logGet(44)) - raft.server.log.appender.buffer.byte-limit = 33554432 (custom)
2021-07-17 01:44:37,334 [pool-635-thread-1] INFO  metrics.RatisMetrics (RatisMetrics.java:lambda$create$0(36)) - Creating Metrics Registry : ratis.log_worker.2cdc0689-27ad-48f6-b58d-8766a5040b34@group-66DC1415F9A3
2021-07-17 01:44:37,334 [EventQueue-OpenPipelineForHealthyPipelineSafeModeRule] INFO  safemode.SCMSafeModeManager (HealthyPipelineSafeModeRule.java:process(124)) - SCM in safe mode. Healthy pipelines reported count is 0, required healthy pipeline reported count is 1
2021-07-17 01:44:37,335 [pool-635-thread-1] INFO  server.RaftServerConfigKeys (ConfUtils.java:logGet(44)) - raft.server.log.segment.size.max = 1048576 (custom)
2021-07-17 01:44:37,335 [pool-635-thread-1] INFO  server.RaftServerConfigKeys (ConfUtils.java:logGet(44)) - raft.server.log.segment.cache.num.max = 2 (custom)
2021-07-17 01:44:37,335 [pool-635-thread-1] INFO  server.RaftServerConfigKeys (ConfUtils.java:logGet(44)) - raft.server.log.segment.cache.size.max = 200MB (=209715200) (default)
2021-07-17 01:44:37,336 [pool-635-thread-1] INFO  segmented.SegmentedRaftLogWorker (SegmentedRaftLogWorker.java:<init>(182)) - new 2cdc0689-27ad-48f6-b58d-8766a5040b34@group-66DC1415F9A3-SegmentedRaftLogWorker for RaftStorageImpl:Storage Directory /home/runner/work/ozone/ozone/mnt/ozone/hadoop-ozone/integration-test/target/test-dir/MiniOzoneClusterImpl-ab53e13c-b7a0-452c-aef0-b95992dbe1a2/datanode-6/data/ratis/c514fdd9-771e-4f20-8e01-66dc1415f9a3
2021-07-17 01:44:37,336 [pool-635-thread-1] INFO  server.RaftServerConfigKeys (ConfUtils.java:logGet(44)) - raft.server.log.queue.byte-limit = 2147483647 (custom)
2021-07-17 01:44:37,336 [pool-635-thread-1] INFO  server.RaftServerConfigKeys (ConfUtils.java:logGet(44)) - raft.server.log.queue.element-limit = 1024 (custom)
2021-07-17 01:44:37,336 [pool-635-thread-1] INFO  server.RaftServerConfigKeys (ConfUtils.java:logGet(44)) - raft.server.log.segment.size.max = 1048576 (custom)
2021-07-17 01:44:37,336 [pool-635-thread-1] INFO  server.RaftServerConfigKeys (ConfUtils.java:logGet(44)) - raft.server.log.preallocated.size = 16384 (custom)
2021-07-17 01:44:37,336 [pool-635-thread-1] INFO  server.RaftServerConfigKeys (ConfUtils.java:logGet(44)) - raft.server.log.force.sync.num = 128 (default)
2021-07-17 01:44:37,336 [pool-635-thread-1] INFO  server.RaftServerConfigKeys (ConfUtils.java:logGet(44)) - raft.server.log.statemachine.data.sync = true (default)
2021-07-17 01:44:37,336 [pool-635-thread-1] INFO  server.RaftServerConfigKeys (ConfUtils.java:logGet(44)) - raft.server.log.statemachine.data.sync.timeout = 10s (default)
2021-07-17 01:44:37,336 [pool-635-thread-1] INFO  server.RaftServerConfigKeys (ConfUtils.java:logGet(44)) - raft.server.log.statemachine.data.sync.timeout.retry = -1 (default)
2021-07-17 01:44:37,337 [pool-635-thread-1] INFO  server.RaftServerConfigKeys (ConfUtils.java:logGet(44)) - raft.server.log.write.buffer.size = 1048576 (custom)
2021-07-17 01:44:37,337 [pool-635-thread-1] INFO  server.RaftServerConfigKeys (ConfUtils.java:logGet(44)) - raft.server.log.statemachine.data.caching.enabled = true (custom)
2021-07-17 01:44:37,338 [pool-635-thread-1] INFO  segmented.SegmentedRaftLogWorker (SegmentedRaftLogWorker.java:lambda$new$0(133)) - 2cdc0689-27ad-48f6-b58d-8766a5040b34@group-66DC1415F9A3-SegmentedRaftLogWorker: flushIndex: setUnconditionally 0 -> -1
2021-07-17 01:44:37,338 [pool-635-thread-1] INFO  segmented.SegmentedRaftLogWorker (SegmentedRaftLogWorker.java:lambda$new$0(133)) - 2cdc0689-27ad-48f6-b58d-8766a5040b34@group-66DC1415F9A3-SegmentedRaftLogWorker: safeCacheEvictIndex: setUnconditionally 0 -> -1
2021-07-17 01:44:37,338 [pool-635-thread-1] INFO  server.RaftServerConfigKeys (ConfUtils.java:logGet(44)) - raft.server.snapshot.auto.trigger.enabled = true (custom)
2021-07-17 01:44:37,338 [pool-635-thread-1] INFO  server.RaftServerConfigKeys (ConfUtils.java:logGet(44)) - raft.server.snapshot.auto.trigger.threshold = 10000 (custom)
2021-07-17 01:44:37,338 [pool-635-thread-1] INFO  server.RaftServerConfigKeys (ConfUtils.java:logGet(44)) - raft.server.snapshot.retention.file.num = 5 (custom)
2021-07-17 01:44:37,338 [pool-635-thread-1] INFO  server.RaftServerConfigKeys (ConfUtils.java:logGet(44)) - raft.server.log.purge.upto.snapshot.index = false (default)
2021-07-17 01:44:37,338 [pool-635-thread-1] INFO  server.RaftServerConfigKeys (ConfUtils.java:logGet(44)) - raft.server.retrycache.expirytime = 600000ms (custom)
2021-07-17 01:44:37,338 [pool-635-thread-1] INFO  server.RaftServerConfigKeys (ConfUtils.java:logGet(44)) - raft.server.retrycache.statistics.expirytime = 100μs (default)
2021-07-17 01:44:37,338 [pool-635-thread-1] INFO  metrics.RatisMetrics (RatisMetrics.java:lambda$create$0(36)) - Creating Metrics Registry : ratis.leader_election.2cdc0689-27ad-48f6-b58d-8766a5040b34@group-66DC1415F9A3
2021-07-17 01:44:37,339 [pool-635-thread-1] INFO  metrics.RatisMetrics (RatisMetrics.java:lambda$create$0(36)) - Creating Metrics Registry : ratis.server.2cdc0689-27ad-48f6-b58d-8766a5040b34@group-66DC1415F9A3
2021-07-17 01:44:37,339 [pool-635-thread-1] INFO  server.RaftServer$Division (RaftServerImpl.java:start(295)) - 2cdc0689-27ad-48f6-b58d-8766a5040b34@group-66DC1415F9A3: start as a follower, conf=-1: [2cdc0689-27ad-48f6-b58d-8766a5040b34|rpc:10.1.0.46:33475|priority:1], old=null
2021-07-17 01:44:37,340 [pool-635-thread-1] INFO  server.RaftServer$Division (RaftServerImpl.java:setRole(284)) - 2cdc0689-27ad-48f6-b58d-8766a5040b34@group-66DC1415F9A3: changes role from      null to FOLLOWER at term 0 for startAsFollower
2021-07-17 01:44:37,340 [pool-635-thread-1] INFO  impl.RoleInfo (RoleInfo.java:updateAndGet(130)) - 2cdc0689-27ad-48f6-b58d-8766a5040b34: start 2cdc0689-27ad-48f6-b58d-8766a5040b34@group-66DC1415F9A3-FollowerState
2021-07-17 01:44:37,340 [pool-635-thread-1] INFO  util.JmxRegister (JmxRegister.java:tryRegister(44)) - Successfully registered JMX Bean with object name Ratis:service=RaftServer,group=group-66DC1415F9A3,id=2cdc0689-27ad-48f6-b58d-8766a5040b34
2021-07-17 01:44:37,340 [pool-635-thread-1] INFO  metrics.RatisMetrics (RatisMetrics.java:lambda$create$0(36)) - Creating Metrics Registry : ratis.state_machine.2cdc0689-27ad-48f6-b58d-8766a5040b34@group-66DC1415F9A3
2021-07-17 01:44:37,340 [Command processor thread] INFO  ratis.XceiverServerRatis (XceiverServerRatis.java:addGroup(759)) - Created group PipelineID=c514fdd9-771e-4f20-8e01-66dc1415f9a3
2021-07-17 01:44:37,340 [Command processor thread] INFO  commandhandler.CreatePipelineCommandHandler (CreatePipelineCommandHandler.java:handle(106)) - Created Pipeline RATIS ONE PipelineID=c514fdd9-771e-4f20-8e01-66dc1415f9a3.
2021-07-17 01:44:37,341 [Command processor thread] INFO  server.RaftServer (RaftServerProxy.java:addNew(95)) - 2cdc0689-27ad-48f6-b58d-8766a5040b34: addNew group-2359FAE4794D:[6357416b-3a0c-4a85-a83f-939eb676dba2|rpc:10.1.0.46:37413|priority:1, 155d2fb2-0dbf-48e7-822f-44a07ee5e1e6|rpc:10.1.0.46:42075|priority:0, 2cdc0689-27ad-48f6-b58d-8766a5040b34|rpc:10.1.0.46:33475|priority:0] returns group-2359FAE4794D:java.util.concurrent.CompletableFuture@26e91392[Not completed]
2021-07-17 01:44:37,341 [pool-635-thread-1] INFO  server.RaftServer$Division (RaftServerImpl.java:<init>(180)) - 2cdc0689-27ad-48f6-b58d-8766a5040b34: new RaftServerImpl for group-2359FAE4794D:[6357416b-3a0c-4a85-a83f-939eb676dba2|rpc:10.1.0.46:37413|priority:1, 155d2fb2-0dbf-48e7-822f-44a07ee5e1e6|rpc:10.1.0.46:42075|priority:0, 2cdc0689-27ad-48f6-b58d-8766a5040b34|rpc:10.1.0.46:33475|priority:0] with ContainerStateMachine:uninitialized
2021-07-17 01:44:37,341 [pool-635-thread-1] INFO  server.RaftServerConfigKeys (ConfUtils.java:logGet(44)) - raft.server.rpc.timeout.min = 5s (custom)
2021-07-17 01:44:37,341 [pool-635-thread-1] INFO  server.RaftServerConfigKeys (ConfUtils.java:logGet(44)) - raft.server.rpc.timeout.max = 5200ms (custom)
2021-07-17 01:44:37,341 [pool-635-thread-1] INFO  server.RaftServerConfigKeys (ConfUtils.java:logGet(44)) - raft.server.rpc.sleep.time = 25ms (default)
2021-07-17 01:44:37,341 [pool-635-thread-1] INFO  server.RaftServerConfigKeys (ConfUtils.java:logGet(44)) - raft.server.rpc.slowness.timeout = 300000ms (custom)
2021-07-17 01:44:37,341 [pool-635-thread-1] INFO  server.RaftServerConfigKeys (ConfUtils.java:logGet(44)) - raft.server.leaderelection.leader.step-down.wait-time = 10s (default)
2021-07-17 01:44:37,341 [pool-635-thread-1] INFO  server.RaftServerConfigKeys (ConfUtils.java:logGet(44)) - raft.server.sleep.deviation.threshold = 300ms (default)
2021-07-17 01:44:37,341 [pool-635-thread-1] INFO  server.RaftServerConfigKeys (ConfUtils.java:logGet(44)) - raft.server.log.appender.install.snapshot.enabled = false (custom)
2021-07-17 01:44:37,341 [pool-635-thread-1] INFO  server.RaftServer$Division (ServerState.java:<init>(105)) - 2cdc0689-27ad-48f6-b58d-8766a5040b34@group-2359FAE4794D: ConfigurationManager, init=-1: [6357416b-3a0c-4a85-a83f-939eb676dba2|rpc:10.1.0.46:37413|priority:1, 155d2fb2-0dbf-48e7-822f-44a07ee5e1e6|rpc:10.1.0.46:42075|priority:0, 2cdc0689-27ad-48f6-b58d-8766a5040b34|rpc:10.1.0.46:33475|priority:0], old=null, confs=<EMPTY_MAP>
2021-07-17 01:44:37,342 [pool-635-thread-1] INFO  server.RaftServerConfigKeys (ConfUtils.java:logGet(44)) - raft.server.storage.dir = [/home/runner/work/ozone/ozone/mnt/ozone/hadoop-ozone/integration-test/target/test-dir/MiniOzoneClusterImpl-ab53e13c-b7a0-452c-aef0-b95992dbe1a2/datanode-6/data/ratis] (custom)
2021-07-17 01:44:37,342 [pool-635-thread-1] INFO  server.RaftServerConfigKeys (ConfUtils.java:logGet(44)) - raft.server.log.corruption.policy = EXCEPTION (default)
2021-07-17 01:44:37,342 [pool-635-thread-1] INFO  storage.RaftStorageDirectory (RaftStorageDirectoryImpl.java:analyzeStorage(132)) - The storage directory /home/runner/work/ozone/ozone/mnt/ozone/hadoop-ozone/integration-test/target/test-dir/MiniOzoneClusterImpl-ab53e13c-b7a0-452c-aef0-b95992dbe1a2/datanode-6/data/ratis/12500e82-9553-4f92-b0c8-2359fae4794d does not exist. Creating ...
2021-07-17 01:44:37,342 [pool-635-thread-1] INFO  storage.RaftStorageDirectory (RaftStorageDirectoryImpl.java:tryLock(215)) - Lock on /home/runner/work/ozone/ozone/mnt/ozone/hadoop-ozone/integration-test/target/test-dir/MiniOzoneClusterImpl-ab53e13c-b7a0-452c-aef0-b95992dbe1a2/datanode-6/data/ratis/12500e82-9553-4f92-b0c8-2359fae4794d/in_use.lock acquired by nodename 8908@fv-az52-843
2021-07-17 01:44:37,343 [pool-635-thread-1] INFO  storage.RaftStorage (RaftStorageImpl.java:format(87)) - Storage directory /home/runner/work/ozone/ozone/mnt/ozone/hadoop-ozone/integration-test/target/test-dir/MiniOzoneClusterImpl-ab53e13c-b7a0-452c-aef0-b95992dbe1a2/datanode-6/data/ratis/12500e82-9553-4f92-b0c8-2359fae4794d has been successfully formatted.
2021-07-17 01:44:37,343 [pool-635-thread-1] INFO  ratis.ContainerStateMachine (ContainerStateMachine.java:loadSnapshot(223)) - group-2359FAE4794D: The snapshot info is null. Setting the last applied indexto:(t:0, i:~)
2021-07-17 01:44:37,343 [Datanode State Machine Thread - 0] WARN  statemachine.StateContext (StateContext.java:execute(621)) - No available thread in pool for past 1 seconds.
2021-07-17 01:44:37,343 [pool-635-thread-1] INFO  server.RaftServerConfigKeys (ConfUtils.java:logGet(44)) - raft.server.notification.no-leader.timeout = 300000ms (custom)
2021-07-17 01:44:37,344 [pool-635-thread-1] INFO  server.RaftServerConfigKeys (ConfUtils.java:logGet(44)) - raft.server.log.use.memory = false (default)
2021-07-17 01:44:37,344 [pool-635-thread-1] INFO  server.RaftServerConfigKeys (ConfUtils.java:logGet(44)) - raft.server.log.purge.gap = 1000000 (custom)
2021-07-17 01:44:37,344 [pool-635-thread-1] INFO  server.RaftServerConfigKeys (ConfUtils.java:logGet(44)) - raft.server.log.appender.buffer.byte-limit = 33554432 (custom)
2021-07-17 01:44:37,344 [pool-635-thread-1] INFO  metrics.RatisMetrics (RatisMetrics.java:lambda$create$0(36)) - Creating Metrics Registry : ratis.log_worker.2cdc0689-27ad-48f6-b58d-8766a5040b34@group-2359FAE4794D
2021-07-17 01:44:37,344 [pool-635-thread-1] INFO  server.RaftServerConfigKeys (ConfUtils.java:logGet(44)) - raft.server.log.segment.size.max = 1048576 (custom)
2021-07-17 01:44:37,344 [pool-635-thread-1] INFO  server.RaftServerConfigKeys (ConfUtils.java:logGet(44)) - raft.server.log.segment.cache.num.max = 2 (custom)
2021-07-17 01:44:37,344 [pool-635-thread-1] INFO  server.RaftServerConfigKeys (ConfUtils.java:logGet(44)) - raft.server.log.segment.cache.size.max = 200MB (=209715200) (default)
2021-07-17 01:44:37,344 [pool-635-thread-1] INFO  segmented.SegmentedRaftLogWorker (SegmentedRaftLogWorker.java:<init>(182)) - new 2cdc0689-27ad-48f6-b58d-8766a5040b34@group-2359FAE4794D-SegmentedRaftLogWorker for RaftStorageImpl:Storage Directory /home/runner/work/ozone/ozone/mnt/ozone/hadoop-ozone/integration-test/target/test-dir/MiniOzoneClusterImpl-ab53e13c-b7a0-452c-aef0-b95992dbe1a2/datanode-6/data/ratis/12500e82-9553-4f92-b0c8-2359fae4794d
2021-07-17 01:44:37,344 [pool-635-thread-1] INFO  server.RaftServerConfigKeys (ConfUtils.java:logGet(44)) - raft.server.log.queue.byte-limit = 2147483647 (custom)
2021-07-17 01:44:37,344 [pool-635-thread-1] INFO  server.RaftServerConfigKeys (ConfUtils.java:logGet(44)) - raft.server.log.queue.element-limit = 1024 (custom)
2021-07-17 01:44:37,344 [pool-635-thread-1] INFO  server.RaftServerConfigKeys (ConfUtils.java:logGet(44)) - raft.server.log.segment.size.max = 1048576 (custom)
2021-07-17 01:44:37,344 [pool-635-thread-1] INFO  server.RaftServerConfigKeys (ConfUtils.java:logGet(44)) - raft.server.log.preallocated.size = 16384 (custom)
2021-07-17 01:44:37,345 [pool-635-thread-1] INFO  server.RaftServerConfigKeys (ConfUtils.java:logGet(44)) - raft.server.log.force.sync.num = 128 (default)
2021-07-17 01:44:37,345 [pool-635-thread-1] INFO  server.RaftServerConfigKeys (ConfUtils.java:logGet(44)) - raft.server.log.statemachine.data.sync = true (default)
2021-07-17 01:44:37,345 [pool-635-thread-1] INFO  server.RaftServerConfigKeys (ConfUtils.java:logGet(44)) - raft.server.log.statemachine.data.sync.timeout = 10s (default)
2021-07-17 01:44:37,345 [pool-635-thread-1] INFO  server.RaftServerConfigKeys (ConfUtils.java:logGet(44)) - raft.server.log.statemachine.data.sync.timeout.retry = -1 (default)
2021-07-17 01:44:37,345 [EventQueue-OpenPipelineForHealthyPipelineSafeModeRule] INFO  safemode.SCMSafeModeManager (HealthyPipelineSafeModeRule.java:process(124)) - SCM in safe mode. Healthy pipelines reported count is 0, required healthy pipeline reported count is 1
2021-07-17 01:44:37,346 [pool-635-thread-1] INFO  server.RaftServerConfigKeys (ConfUtils.java:logGet(44)) - raft.server.log.write.buffer.size = 1048576 (custom)
2021-07-17 01:44:37,346 [pool-635-thread-1] INFO  server.RaftServerConfigKeys (ConfUtils.java:logGet(44)) - raft.server.log.statemachine.data.caching.enabled = true (custom)
2021-07-17 01:44:37,346 [pool-635-thread-1] INFO  segmented.SegmentedRaftLogWorker (SegmentedRaftLogWorker.java:lambda$new$0(133)) - 2cdc0689-27ad-48f6-b58d-8766a5040b34@group-2359FAE4794D-SegmentedRaftLogWorker: flushIndex: setUnconditionally 0 -> -1
2021-07-17 01:44:37,346 [pool-635-thread-1] INFO  segmented.SegmentedRaftLogWorker (SegmentedRaftLogWorker.java:lambda$new$0(133)) - 2cdc0689-27ad-48f6-b58d-8766a5040b34@group-2359FAE4794D-SegmentedRaftLogWorker: safeCacheEvictIndex: setUnconditionally 0 -> -1
2021-07-17 01:44:37,347 [pool-635-thread-1] INFO  server.RaftServerConfigKeys (ConfUtils.java:logGet(44)) - raft.server.snapshot.auto.trigger.enabled = true (custom)
2021-07-17 01:44:37,347 [pool-635-thread-1] INFO  server.RaftServerConfigKeys (ConfUtils.java:logGet(44)) - raft.server.snapshot.auto.trigger.threshold = 10000 (custom)
2021-07-17 01:44:37,347 [pool-635-thread-1] INFO  server.RaftServerConfigKeys (ConfUtils.java:logGet(44)) - raft.server.snapshot.retention.file.num = 5 (custom)
2021-07-17 01:44:37,347 [pool-635-thread-1] INFO  server.RaftServerConfigKeys (ConfUtils.java:logGet(44)) - raft.server.log.purge.upto.snapshot.index = false (default)
2021-07-17 01:44:37,347 [pool-635-thread-1] INFO  server.RaftServerConfigKeys (ConfUtils.java:logGet(44)) - raft.server.retrycache.expirytime = 600000ms (custom)
2021-07-17 01:44:37,347 [pool-635-thread-1] INFO  server.RaftServerConfigKeys (ConfUtils.java:logGet(44)) - raft.server.retrycache.statistics.expirytime = 100μs (default)
2021-07-17 01:44:37,347 [pool-635-thread-1] INFO  metrics.RatisMetrics (RatisMetrics.java:lambda$create$0(36)) - Creating Metrics Registry : ratis.leader_election.2cdc0689-27ad-48f6-b58d-8766a5040b34@group-2359FAE4794D
2021-07-17 01:44:37,347 [pool-635-thread-1] INFO  metrics.RatisMetrics (RatisMetrics.java:lambda$create$0(36)) - Creating Metrics Registry : ratis.server.2cdc0689-27ad-48f6-b58d-8766a5040b34@group-2359FAE4794D
2021-07-17 01:44:37,348 [pool-635-thread-1] INFO  server.RaftServer$Division (RaftServerImpl.java:start(295)) - 2cdc0689-27ad-48f6-b58d-8766a5040b34@group-2359FAE4794D: start as a follower, conf=-1: [6357416b-3a0c-4a85-a83f-939eb676dba2|rpc:10.1.0.46:37413|priority:1, 155d2fb2-0dbf-48e7-822f-44a07ee5e1e6|rpc:10.1.0.46:42075|priority:0, 2cdc0689-27ad-48f6-b58d-8766a5040b34|rpc:10.1.0.46:33475|priority:0], old=null
2021-07-17 01:44:37,348 [pool-635-thread-1] INFO  server.RaftServer$Division (RaftServerImpl.java:setRole(284)) - 2cdc0689-27ad-48f6-b58d-8766a5040b34@group-2359FAE4794D: changes role from      null to FOLLOWER at term 0 for startAsFollower
2021-07-17 01:44:37,348 [pool-635-thread-1] INFO  impl.RoleInfo (RoleInfo.java:updateAndGet(130)) - 2cdc0689-27ad-48f6-b58d-8766a5040b34: start 2cdc0689-27ad-48f6-b58d-8766a5040b34@group-2359FAE4794D-FollowerState
2021-07-17 01:44:37,348 [pool-635-thread-1] INFO  util.JmxRegister (JmxRegister.java:tryRegister(44)) - Successfully registered JMX Bean with object name Ratis:service=RaftServer,group=group-2359FAE4794D,id=2cdc0689-27ad-48f6-b58d-8766a5040b34
2021-07-17 01:44:37,349 [pool-635-thread-1] INFO  metrics.RatisMetrics (RatisMetrics.java:lambda$create$0(36)) - Creating Metrics Registry : ratis.state_machine.2cdc0689-27ad-48f6-b58d-8766a5040b34@group-2359FAE4794D
2021-07-17 01:44:37,349 [Command processor thread] INFO  ratis.XceiverServerRatis (XceiverServerRatis.java:addGroup(759)) - Created group PipelineID=12500e82-9553-4f92-b0c8-2359fae4794d
2021-07-17 01:44:37,350 [Command processor thread] INFO  metrics.RatisMetrics (RatisMetrics.java:lambda$create$0(36)) - Creating Metrics Registry : ratis.client_message_metrics.client-5A4841AACC04->6357416b-3a0c-4a85-a83f-939eb676dba2
2021-07-17 01:44:37,355 [grpc-default-executor-3] INFO  metrics.RatisMetrics (RatisMetrics.java:lambda$create$0(36)) - Creating Metrics Registry : ratis.server_message_metrics.6357416b-3a0c-4a85-a83f-939eb676dba2
2021-07-17 01:44:37,357 [grpc-default-executor-3] INFO  server.RaftServer (RaftServerProxy.java:addNew(95)) - 6357416b-3a0c-4a85-a83f-939eb676dba2: addNew group-2359FAE4794D:[6357416b-3a0c-4a85-a83f-939eb676dba2|rpc:10.1.0.46:37413|dataStream:|priority:1, 155d2fb2-0dbf-48e7-822f-44a07ee5e1e6|rpc:10.1.0.46:42075|dataStream:|priority:0, 2cdc0689-27ad-48f6-b58d-8766a5040b34|rpc:10.1.0.46:33475|dataStream:|priority:0] returns group-2359FAE4794D:java.util.concurrent.CompletableFuture@b80a631[Not completed]
2021-07-17 01:44:37,357 [pool-671-thread-1] INFO  server.RaftServer$Division (RaftServerImpl.java:<init>(180)) - 6357416b-3a0c-4a85-a83f-939eb676dba2: new RaftServerImpl for group-2359FAE4794D:[6357416b-3a0c-4a85-a83f-939eb676dba2|rpc:10.1.0.46:37413|dataStream:|priority:1, 155d2fb2-0dbf-48e7-822f-44a07ee5e1e6|rpc:10.1.0.46:42075|dataStream:|priority:0, 2cdc0689-27ad-48f6-b58d-8766a5040b34|rpc:10.1.0.46:33475|dataStream:|priority:0] with ContainerStateMachine:uninitialized
2021-07-17 01:44:37,358 [pool-671-thread-1] INFO  server.RaftServerConfigKeys (ConfUtils.java:logGet(44)) - raft.server.rpc.timeout.min = 5s (custom)
2021-07-17 01:44:37,358 [pool-671-thread-1] INFO  server.RaftServerConfigKeys (ConfUtils.java:logGet(44)) - raft.server.rpc.timeout.max = 5200ms (custom)
2021-07-17 01:44:37,358 [pool-671-thread-1] INFO  server.RaftServerConfigKeys (ConfUtils.java:logGet(44)) - raft.server.rpc.sleep.time = 25ms (default)
2021-07-17 01:44:37,358 [pool-671-thread-1] INFO  server.RaftServerConfigKeys (ConfUtils.java:logGet(44)) - raft.server.rpc.slowness.timeout = 300000ms (custom)
2021-07-17 01:44:37,358 [pool-671-thread-1] INFO  server.RaftServerConfigKeys (ConfUtils.java:logGet(44)) - raft.server.leaderelection.leader.step-down.wait-time = 10s (default)
2021-07-17 01:44:37,358 [pool-671-thread-1] INFO  server.RaftServerConfigKeys (ConfUtils.java:logGet(44)) - raft.server.sleep.deviation.threshold = 300ms (default)
2021-07-17 01:44:37,358 [pool-671-thread-1] INFO  server.RaftServerConfigKeys (ConfUtils.java:logGet(44)) - raft.server.log.appender.install.snapshot.enabled = false (custom)
2021-07-17 01:44:37,358 [pool-671-thread-1] INFO  server.RaftServer$Division (ServerState.java:<init>(105)) - 6357416b-3a0c-4a85-a83f-939eb676dba2@group-2359FAE4794D: ConfigurationManager, init=-1: [6357416b-3a0c-4a85-a83f-939eb676dba2|rpc:10.1.0.46:37413|dataStream:|priority:1, 155d2fb2-0dbf-48e7-822f-44a07ee5e1e6|rpc:10.1.0.46:42075|dataStream:|priority:0, 2cdc0689-27ad-48f6-b58d-8766a5040b34|rpc:10.1.0.46:33475|dataStream:|priority:0], old=null, confs=<EMPTY_MAP>
2021-07-17 01:44:37,358 [pool-671-thread-1] INFO  server.RaftServerConfigKeys (ConfUtils.java:logGet(44)) - raft.server.storage.dir = [/home/runner/work/ozone/ozone/mnt/ozone/hadoop-ozone/integration-test/target/test-dir/MiniOzoneClusterImpl-ab53e13c-b7a0-452c-aef0-b95992dbe1a2/datanode-8/data/ratis] (custom)
2021-07-17 01:44:37,359 [pool-671-thread-1] INFO  server.RaftServerConfigKeys (ConfUtils.java:logGet(44)) - raft.server.log.corruption.policy = EXCEPTION (default)
2021-07-17 01:44:37,359 [pool-671-thread-1] INFO  storage.RaftStorageDirectory (RaftStorageDirectoryImpl.java:analyzeStorage(132)) - The storage directory /home/runner/work/ozone/ozone/mnt/ozone/hadoop-ozone/integration-test/target/test-dir/MiniOzoneClusterImpl-ab53e13c-b7a0-452c-aef0-b95992dbe1a2/datanode-8/data/ratis/12500e82-9553-4f92-b0c8-2359fae4794d does not exist. Creating ...
2021-07-17 01:44:37,360 [pool-671-thread-1] INFO  storage.RaftStorageDirectory (RaftStorageDirectoryImpl.java:tryLock(215)) - Lock on /home/runner/work/ozone/ozone/mnt/ozone/hadoop-ozone/integration-test/target/test-dir/MiniOzoneClusterImpl-ab53e13c-b7a0-452c-aef0-b95992dbe1a2/datanode-8/data/ratis/12500e82-9553-4f92-b0c8-2359fae4794d/in_use.lock acquired by nodename 8908@fv-az52-843
2021-07-17 01:44:37,360 [pool-671-thread-1] INFO  storage.RaftStorage (RaftStorageImpl.java:format(87)) - Storage directory /home/runner/work/ozone/ozone/mnt/ozone/hadoop-ozone/integration-test/target/test-dir/MiniOzoneClusterImpl-ab53e13c-b7a0-452c-aef0-b95992dbe1a2/datanode-8/data/ratis/12500e82-9553-4f92-b0c8-2359fae4794d has been successfully formatted.
2021-07-17 01:44:37,362 [Datanode State Machine Thread - 0] WARN  statemachine.StateContext (StateContext.java:execute(621)) - No available thread in pool for past 1 seconds.
2021-07-17 01:44:37,362 [pool-671-thread-1] INFO  ratis.ContainerStateMachine (ContainerStateMachine.java:loadSnapshot(223)) - group-2359FAE4794D: The snapshot info is null. Setting the last applied indexto:(t:0, i:~)
2021-07-17 01:44:37,362 [pool-671-thread-1] INFO  server.RaftServerConfigKeys (ConfUtils.java:logGet(44)) - raft.server.notification.no-leader.timeout = 300000ms (custom)
2021-07-17 01:44:37,362 [pool-671-thread-1] INFO  server.RaftServerConfigKeys (ConfUtils.java:logGet(44)) - raft.server.log.use.memory = false (default)
2021-07-17 01:44:37,362 [pool-671-thread-1] INFO  server.RaftServerConfigKeys (ConfUtils.java:logGet(44)) - raft.server.log.purge.gap = 1000000 (custom)
2021-07-17 01:44:37,362 [pool-671-thread-1] INFO  server.RaftServerConfigKeys (ConfUtils.java:logGet(44)) - raft.server.log.appender.buffer.byte-limit = 33554432 (custom)
2021-07-17 01:44:37,362 [pool-671-thread-1] INFO  metrics.RatisMetrics (RatisMetrics.java:lambda$create$0(36)) - Creating Metrics Registry : ratis.log_worker.6357416b-3a0c-4a85-a83f-939eb676dba2@group-2359FAE4794D
2021-07-17 01:44:37,362 [pool-671-thread-1] INFO  server.RaftServerConfigKeys (ConfUtils.java:logGet(44)) - raft.server.log.segment.size.max = 1048576 (custom)
2021-07-17 01:44:37,363 [pool-671-thread-1] INFO  server.RaftServerConfigKeys (ConfUtils.java:logGet(44)) - raft.server.log.segment.cache.num.max = 2 (custom)
2021-07-17 01:44:37,363 [pool-671-thread-1] INFO  server.RaftServerConfigKeys (ConfUtils.java:logGet(44)) - raft.server.log.segment.cache.size.max = 200MB (=209715200) (default)
2021-07-17 01:44:37,363 [pool-671-thread-1] INFO  segmented.SegmentedRaftLogWorker (SegmentedRaftLogWorker.java:<init>(182)) - new 6357416b-3a0c-4a85-a83f-939eb676dba2@group-2359FAE4794D-SegmentedRaftLogWorker for RaftStorageImpl:Storage Directory /home/runner/work/ozone/ozone/mnt/ozone/hadoop-ozone/integration-test/target/test-dir/MiniOzoneClusterImpl-ab53e13c-b7a0-452c-aef0-b95992dbe1a2/datanode-8/data/ratis/12500e82-9553-4f92-b0c8-2359fae4794d
2021-07-17 01:44:37,363 [pool-671-thread-1] INFO  server.RaftServerConfigKeys (ConfUtils.java:logGet(44)) - raft.server.log.queue.byte-limit = 2147483647 (custom)
2021-07-17 01:44:37,363 [pool-671-thread-1] INFO  server.RaftServerConfigKeys (ConfUtils.java:logGet(44)) - raft.server.log.queue.element-limit = 1024 (custom)
2021-07-17 01:44:37,363 [pool-671-thread-1] INFO  server.RaftServerConfigKeys (ConfUtils.java:logGet(44)) - raft.server.log.segment.size.max = 1048576 (custom)
2021-07-17 01:44:37,363 [pool-671-thread-1] INFO  server.RaftServerConfigKeys (ConfUtils.java:logGet(44)) - raft.server.log.preallocated.size = 16384 (custom)
2021-07-17 01:44:37,363 [pool-671-thread-1] INFO  server.RaftServerConfigKeys (ConfUtils.java:logGet(44)) - raft.server.log.force.sync.num = 128 (default)
2021-07-17 01:44:37,363 [pool-671-thread-1] INFO  server.RaftServerConfigKeys (ConfUtils.java:logGet(44)) - raft.server.log.statemachine.data.sync = true (default)
2021-07-17 01:44:37,363 [pool-671-thread-1] INFO  server.RaftServerConfigKeys (ConfUtils.java:logGet(44)) - raft.server.log.statemachine.data.sync.timeout = 10s (default)
2021-07-17 01:44:37,363 [pool-671-thread-1] INFO  server.RaftServerConfigKeys (ConfUtils.java:logGet(44)) - raft.server.log.statemachine.data.sync.timeout.retry = -1 (default)
2021-07-17 01:44:37,364 [pool-671-thread-1] INFO  server.RaftServerConfigKeys (ConfUtils.java:logGet(44)) - raft.server.log.write.buffer.size = 1048576 (custom)
2021-07-17 01:44:37,365 [pool-671-thread-1] INFO  server.RaftServerConfigKeys (ConfUtils.java:logGet(44)) - raft.server.log.statemachine.data.caching.enabled = true (custom)
2021-07-17 01:44:37,365 [pool-671-thread-1] INFO  segmented.SegmentedRaftLogWorker (SegmentedRaftLogWorker.java:lambda$new$0(133)) - 6357416b-3a0c-4a85-a83f-939eb676dba2@group-2359FAE4794D-SegmentedRaftLogWorker: flushIndex: setUnconditionally 0 -> -1
2021-07-17 01:44:37,365 [pool-671-thread-1] INFO  segmented.SegmentedRaftLogWorker (SegmentedRaftLogWorker.java:lambda$new$0(133)) - 6357416b-3a0c-4a85-a83f-939eb676dba2@group-2359FAE4794D-SegmentedRaftLogWorker: safeCacheEvictIndex: setUnconditionally 0 -> -1
2021-07-17 01:44:37,365 [pool-671-thread-1] INFO  server.RaftServerConfigKeys (ConfUtils.java:logGet(44)) - raft.server.snapshot.auto.trigger.enabled = true (custom)
2021-07-17 01:44:37,365 [pool-671-thread-1] INFO  server.RaftServerConfigKeys (ConfUtils.java:logGet(44)) - raft.server.snapshot.auto.trigger.threshold = 10000 (custom)
2021-07-17 01:44:37,365 [pool-671-thread-1] INFO  server.RaftServerConfigKeys (ConfUtils.java:logGet(44)) - raft.server.snapshot.retention.file.num = 5 (custom)
2021-07-17 01:44:37,365 [pool-671-thread-1] INFO  server.RaftServerConfigKeys (ConfUtils.java:logGet(44)) - raft.server.log.purge.upto.snapshot.index = false (default)
2021-07-17 01:44:37,365 [pool-671-thread-1] INFO  server.RaftServerConfigKeys (ConfUtils.java:logGet(44)) - raft.server.retrycache.expirytime = 600000ms (custom)
2021-07-17 01:44:37,365 [pool-671-thread-1] INFO  server.RaftServerConfigKeys (ConfUtils.java:logGet(44)) - raft.server.retrycache.statistics.expirytime = 100μs (default)
2021-07-17 01:44:37,365 [pool-671-thread-1] INFO  metrics.RatisMetrics (RatisMetrics.java:lambda$create$0(36)) - Creating Metrics Registry : ratis.leader_election.6357416b-3a0c-4a85-a83f-939eb676dba2@group-2359FAE4794D
2021-07-17 01:44:37,366 [pool-671-thread-1] INFO  metrics.RatisMetrics (RatisMetrics.java:lambda$create$0(36)) - Creating Metrics Registry : ratis.server.6357416b-3a0c-4a85-a83f-939eb676dba2@group-2359FAE4794D
2021-07-17 01:44:37,367 [pool-671-thread-1] INFO  server.RaftServer$Division (RaftServerImpl.java:start(295)) - 6357416b-3a0c-4a85-a83f-939eb676dba2@group-2359FAE4794D: start as a follower, conf=-1: [6357416b-3a0c-4a85-a83f-939eb676dba2|rpc:10.1.0.46:37413|dataStream:|priority:1, 155d2fb2-0dbf-48e7-822f-44a07ee5e1e6|rpc:10.1.0.46:42075|dataStream:|priority:0, 2cdc0689-27ad-48f6-b58d-8766a5040b34|rpc:10.1.0.46:33475|dataStream:|priority:0], old=null
2021-07-17 01:44:37,367 [pool-671-thread-1] INFO  server.RaftServer$Division (RaftServerImpl.java:setRole(284)) - 6357416b-3a0c-4a85-a83f-939eb676dba2@group-2359FAE4794D: changes role from      null to FOLLOWER at term 0 for startAsFollower
2021-07-17 01:44:37,367 [pool-671-thread-1] INFO  impl.RoleInfo (RoleInfo.java:updateAndGet(130)) - 6357416b-3a0c-4a85-a83f-939eb676dba2: start 6357416b-3a0c-4a85-a83f-939eb676dba2@group-2359FAE4794D-FollowerState
2021-07-17 01:44:37,367 [pool-671-thread-1] INFO  util.JmxRegister (JmxRegister.java:tryRegister(44)) - Successfully registered JMX Bean with object name Ratis:service=RaftServer,group=group-2359FAE4794D,id=6357416b-3a0c-4a85-a83f-939eb676dba2
2021-07-17 01:44:37,367 [pool-671-thread-1] INFO  metrics.RatisMetrics (RatisMetrics.java:lambda$create$0(36)) - Creating Metrics Registry : ratis.state_machine.6357416b-3a0c-4a85-a83f-939eb676dba2@group-2359FAE4794D
2021-07-17 01:44:37,371 [Command processor thread] INFO  metrics.RatisMetrics (RatisMetrics.java:lambda$create$0(36)) - Creating Metrics Registry : ratis.client_message_metrics.client-0AE1B76C4A88->155d2fb2-0dbf-48e7-822f-44a07ee5e1e6
2021-07-17 01:44:37,374 [grpc-default-executor-3] INFO  metrics.RatisMetrics (RatisMetrics.java:lambda$create$0(36)) - Creating Metrics Registry : ratis.server_message_metrics.155d2fb2-0dbf-48e7-822f-44a07ee5e1e6
2021-07-17 01:44:37,376 [grpc-default-executor-3] INFO  server.RaftServer (RaftServerProxy.java:addNew(95)) - 155d2fb2-0dbf-48e7-822f-44a07ee5e1e6: addNew group-2359FAE4794D:[6357416b-3a0c-4a85-a83f-939eb676dba2|rpc:10.1.0.46:37413|dataStream:|priority:1, 155d2fb2-0dbf-48e7-822f-44a07ee5e1e6|rpc:10.1.0.46:42075|dataStream:|priority:0, 2cdc0689-27ad-48f6-b58d-8766a5040b34|rpc:10.1.0.46:33475|dataStream:|priority:0] returns group-2359FAE4794D:java.util.concurrent.CompletableFuture@21afb6ea[Not completed]
2021-07-17 01:44:37,376 [pool-653-thread-1] INFO  server.RaftServer$Division (RaftServerImpl.java:<init>(180)) - 155d2fb2-0dbf-48e7-822f-44a07ee5e1e6: new RaftServerImpl for group-2359FAE4794D:[6357416b-3a0c-4a85-a83f-939eb676dba2|rpc:10.1.0.46:37413|dataStream:|priority:1, 155d2fb2-0dbf-48e7-822f-44a07ee5e1e6|rpc:10.1.0.46:42075|dataStream:|priority:0, 2cdc0689-27ad-48f6-b58d-8766a5040b34|rpc:10.1.0.46:33475|dataStream:|priority:0] with ContainerStateMachine:uninitialized
2021-07-17 01:44:37,376 [pool-653-thread-1] INFO  server.RaftServerConfigKeys (ConfUtils.java:logGet(44)) - raft.server.rpc.timeout.min = 5s (custom)
2021-07-17 01:44:37,376 [pool-653-thread-1] INFO  server.RaftServerConfigKeys (ConfUtils.java:logGet(44)) - raft.server.rpc.timeout.max = 5200ms (custom)
2021-07-17 01:44:37,376 [pool-653-thread-1] INFO  server.RaftServerConfigKeys (ConfUtils.java:logGet(44)) - raft.server.rpc.sleep.time = 25ms (default)
2021-07-17 01:44:37,376 [pool-653-thread-1] INFO  server.RaftServerConfigKeys (ConfUtils.java:logGet(44)) - raft.server.rpc.slowness.timeout = 300000ms (custom)
2021-07-17 01:44:37,377 [pool-653-thread-1] INFO  server.RaftServerConfigKeys (ConfUtils.java:logGet(44)) - raft.server.leaderelection.leader.step-down.wait-time = 10s (default)
2021-07-17 01:44:37,377 [pool-653-thread-1] INFO  server.RaftServerConfigKeys (ConfUtils.java:logGet(44)) - raft.server.sleep.deviation.threshold = 300ms (default)
2021-07-17 01:44:37,377 [pool-653-thread-1] INFO  server.RaftServerConfigKeys (ConfUtils.java:logGet(44)) - raft.server.log.appender.install.snapshot.enabled = false (custom)
2021-07-17 01:44:37,377 [pool-653-thread-1] INFO  server.RaftServer$Division (ServerState.java:<init>(105)) - 155d2fb2-0dbf-48e7-822f-44a07ee5e1e6@group-2359FAE4794D: ConfigurationManager, init=-1: [6357416b-3a0c-4a85-a83f-939eb676dba2|rpc:10.1.0.46:37413|dataStream:|priority:1, 155d2fb2-0dbf-48e7-822f-44a07ee5e1e6|rpc:10.1.0.46:42075|dataStream:|priority:0, 2cdc0689-27ad-48f6-b58d-8766a5040b34|rpc:10.1.0.46:33475|dataStream:|priority:0], old=null, confs=<EMPTY_MAP>
2021-07-17 01:44:37,377 [pool-653-thread-1] INFO  server.RaftServerConfigKeys (ConfUtils.java:logGet(44)) - raft.server.storage.dir = [/home/runner/work/ozone/ozone/mnt/ozone/hadoop-ozone/integration-test/target/test-dir/MiniOzoneClusterImpl-ab53e13c-b7a0-452c-aef0-b95992dbe1a2/datanode-7/data/ratis] (custom)
2021-07-17 01:44:37,377 [pool-653-thread-1] INFO  server.RaftServerConfigKeys (ConfUtils.java:logGet(44)) - raft.server.log.corruption.policy = EXCEPTION (default)
2021-07-17 01:44:37,377 [pool-653-thread-1] INFO  storage.RaftStorageDirectory (RaftStorageDirectoryImpl.java:analyzeStorage(132)) - The storage directory /home/runner/work/ozone/ozone/mnt/ozone/hadoop-ozone/integration-test/target/test-dir/MiniOzoneClusterImpl-ab53e13c-b7a0-452c-aef0-b95992dbe1a2/datanode-7/data/ratis/12500e82-9553-4f92-b0c8-2359fae4794d does not exist. Creating ...
2021-07-17 01:44:37,378 [pool-653-thread-1] INFO  storage.RaftStorageDirectory (RaftStorageDirectoryImpl.java:tryLock(215)) - Lock on /home/runner/work/ozone/ozone/mnt/ozone/hadoop-ozone/integration-test/target/test-dir/MiniOzoneClusterImpl-ab53e13c-b7a0-452c-aef0-b95992dbe1a2/datanode-7/data/ratis/12500e82-9553-4f92-b0c8-2359fae4794d/in_use.lock acquired by nodename 8908@fv-az52-843
2021-07-17 01:44:37,379 [pool-653-thread-1] INFO  storage.RaftStorage (RaftStorageImpl.java:format(87)) - Storage directory /home/runner/work/ozone/ozone/mnt/ozone/hadoop-ozone/integration-test/target/test-dir/MiniOzoneClusterImpl-ab53e13c-b7a0-452c-aef0-b95992dbe1a2/datanode-7/data/ratis/12500e82-9553-4f92-b0c8-2359fae4794d has been successfully formatted.
2021-07-17 01:44:37,379 [pool-653-thread-1] INFO  ratis.ContainerStateMachine (ContainerStateMachine.java:loadSnapshot(223)) - group-2359FAE4794D: The snapshot info is null. Setting the last applied indexto:(t:0, i:~)
2021-07-17 01:44:37,380 [pool-653-thread-1] INFO  server.RaftServerConfigKeys (ConfUtils.java:logGet(44)) - raft.server.notification.no-leader.timeout = 300000ms (custom)
2021-07-17 01:44:37,380 [pool-653-thread-1] INFO  server.RaftServerConfigKeys (ConfUtils.java:logGet(44)) - raft.server.log.use.memory = false (default)
2021-07-17 01:44:37,380 [pool-653-thread-1] INFO  server.RaftServerConfigKeys (ConfUtils.java:logGet(44)) - raft.server.log.purge.gap = 1000000 (custom)
2021-07-17 01:44:37,381 [pool-653-thread-1] INFO  server.RaftServerConfigKeys (ConfUtils.java:logGet(44)) - raft.server.log.appender.buffer.byte-limit = 33554432 (custom)
2021-07-17 01:44:37,381 [pool-653-thread-1] INFO  metrics.RatisMetrics (RatisMetrics.java:lambda$create$0(36)) - Creating Metrics Registry : ratis.log_worker.155d2fb2-0dbf-48e7-822f-44a07ee5e1e6@group-2359FAE4794D
2021-07-17 01:44:37,381 [pool-653-thread-1] INFO  server.RaftServerConfigKeys (ConfUtils.java:logGet(44)) - raft.server.log.segment.size.max = 1048576 (custom)
2021-07-17 01:44:37,381 [pool-653-thread-1] INFO  server.RaftServerConfigKeys (ConfUtils.java:logGet(44)) - raft.server.log.segment.cache.num.max = 2 (custom)
2021-07-17 01:44:37,381 [pool-653-thread-1] INFO  server.RaftServerConfigKeys (ConfUtils.java:logGet(44)) - raft.server.log.segment.cache.size.max = 200MB (=209715200) (default)
2021-07-17 01:44:37,381 [pool-653-thread-1] INFO  segmented.SegmentedRaftLogWorker (SegmentedRaftLogWorker.java:<init>(182)) - new 155d2fb2-0dbf-48e7-822f-44a07ee5e1e6@group-2359FAE4794D-SegmentedRaftLogWorker for RaftStorageImpl:Storage Directory /home/runner/work/ozone/ozone/mnt/ozone/hadoop-ozone/integration-test/target/test-dir/MiniOzoneClusterImpl-ab53e13c-b7a0-452c-aef0-b95992dbe1a2/datanode-7/data/ratis/12500e82-9553-4f92-b0c8-2359fae4794d
2021-07-17 01:44:37,382 [pool-653-thread-1] INFO  server.RaftServerConfigKeys (ConfUtils.java:logGet(44)) - raft.server.log.queue.byte-limit = 2147483647 (custom)
2021-07-17 01:44:37,382 [pool-653-thread-1] INFO  server.RaftServerConfigKeys (ConfUtils.java:logGet(44)) - raft.server.log.queue.element-limit = 1024 (custom)
2021-07-17 01:44:37,382 [pool-653-thread-1] INFO  server.RaftServerConfigKeys (ConfUtils.java:logGet(44)) - raft.server.log.segment.size.max = 1048576 (custom)
2021-07-17 01:44:37,382 [pool-653-thread-1] INFO  server.RaftServerConfigKeys (ConfUtils.java:logGet(44)) - raft.server.log.preallocated.size = 16384 (custom)
2021-07-17 01:44:37,382 [pool-653-thread-1] INFO  server.RaftServerConfigKeys (ConfUtils.java:logGet(44)) - raft.server.log.force.sync.num = 128 (default)
2021-07-17 01:44:37,382 [pool-653-thread-1] INFO  server.RaftServerConfigKeys (ConfUtils.java:logGet(44)) - raft.server.log.statemachine.data.sync = true (default)
2021-07-17 01:44:37,382 [pool-653-thread-1] INFO  server.RaftServerConfigKeys (ConfUtils.java:logGet(44)) - raft.server.log.statemachine.data.sync.timeout = 10s (default)
2021-07-17 01:44:37,382 [pool-653-thread-1] INFO  server.RaftServerConfigKeys (ConfUtils.java:logGet(44)) - raft.server.log.statemachine.data.sync.timeout.retry = -1 (default)
2021-07-17 01:44:37,383 [pool-653-thread-1] INFO  server.RaftServerConfigKeys (ConfUtils.java:logGet(44)) - raft.server.log.write.buffer.size = 1048576 (custom)
2021-07-17 01:44:37,383 [pool-653-thread-1] INFO  server.RaftServerConfigKeys (ConfUtils.java:logGet(44)) - raft.server.log.statemachine.data.caching.enabled = true (custom)
2021-07-17 01:44:37,384 [pool-653-thread-1] INFO  segmented.SegmentedRaftLogWorker (SegmentedRaftLogWorker.java:lambda$new$0(133)) - 155d2fb2-0dbf-48e7-822f-44a07ee5e1e6@group-2359FAE4794D-SegmentedRaftLogWorker: flushIndex: setUnconditionally 0 -> -1
2021-07-17 01:44:37,384 [pool-653-thread-1] INFO  segmented.SegmentedRaftLogWorker (SegmentedRaftLogWorker.java:lambda$new$0(133)) - 155d2fb2-0dbf-48e7-822f-44a07ee5e1e6@group-2359FAE4794D-SegmentedRaftLogWorker: safeCacheEvictIndex: setUnconditionally 0 -> -1
2021-07-17 01:44:37,384 [pool-653-thread-1] INFO  server.RaftServerConfigKeys (ConfUtils.java:logGet(44)) - raft.server.snapshot.auto.trigger.enabled = true (custom)
2021-07-17 01:44:37,384 [pool-653-thread-1] INFO  server.RaftServerConfigKeys (ConfUtils.java:logGet(44)) - raft.server.snapshot.auto.trigger.threshold = 10000 (custom)
2021-07-17 01:44:37,384 [pool-653-thread-1] INFO  server.RaftServerConfigKeys (ConfUtils.java:logGet(44)) - raft.server.snapshot.retention.file.num = 5 (custom)
2021-07-17 01:44:37,384 [pool-653-thread-1] INFO  server.RaftServerConfigKeys (ConfUtils.java:logGet(44)) - raft.server.log.purge.upto.snapshot.index = false (default)
2021-07-17 01:44:37,384 [pool-653-thread-1] INFO  server.RaftServerConfigKeys (ConfUtils.java:logGet(44)) - raft.server.retrycache.expirytime = 600000ms (custom)
2021-07-17 01:44:37,384 [pool-653-thread-1] INFO  server.RaftServerConfigKeys (ConfUtils.java:logGet(44)) - raft.server.retrycache.statistics.expirytime = 100μs (default)
2021-07-17 01:44:37,384 [pool-653-thread-1] INFO  metrics.RatisMetrics (RatisMetrics.java:lambda$create$0(36)) - Creating Metrics Registry : ratis.leader_election.155d2fb2-0dbf-48e7-822f-44a07ee5e1e6@group-2359FAE4794D
2021-07-17 01:44:37,384 [pool-653-thread-1] INFO  metrics.RatisMetrics (RatisMetrics.java:lambda$create$0(36)) - Creating Metrics Registry : ratis.server.155d2fb2-0dbf-48e7-822f-44a07ee5e1e6@group-2359FAE4794D
2021-07-17 01:44:37,385 [pool-653-thread-1] INFO  server.RaftServer$Division (RaftServerImpl.java:start(295)) - 155d2fb2-0dbf-48e7-822f-44a07ee5e1e6@group-2359FAE4794D: start as a follower, conf=-1: [6357416b-3a0c-4a85-a83f-939eb676dba2|rpc:10.1.0.46:37413|dataStream:|priority:1, 155d2fb2-0dbf-48e7-822f-44a07ee5e1e6|rpc:10.1.0.46:42075|dataStream:|priority:0, 2cdc0689-27ad-48f6-b58d-8766a5040b34|rpc:10.1.0.46:33475|dataStream:|priority:0], old=null
2021-07-17 01:44:37,385 [pool-653-thread-1] INFO  server.RaftServer$Division (RaftServerImpl.java:setRole(284)) - 155d2fb2-0dbf-48e7-822f-44a07ee5e1e6@group-2359FAE4794D: changes role from      null to FOLLOWER at term 0 for startAsFollower
2021-07-17 01:44:37,386 [pool-653-thread-1] INFO  impl.RoleInfo (RoleInfo.java:updateAndGet(130)) - 155d2fb2-0dbf-48e7-822f-44a07ee5e1e6: start 155d2fb2-0dbf-48e7-822f-44a07ee5e1e6@group-2359FAE4794D-FollowerState
2021-07-17 01:44:37,386 [pool-653-thread-1] INFO  util.JmxRegister (JmxRegister.java:tryRegister(44)) - Successfully registered JMX Bean with object name Ratis:service=RaftServer,group=group-2359FAE4794D,id=155d2fb2-0dbf-48e7-822f-44a07ee5e1e6
2021-07-17 01:44:37,386 [pool-653-thread-1] INFO  metrics.RatisMetrics (RatisMetrics.java:lambda$create$0(36)) - Creating Metrics Registry : ratis.state_machine.155d2fb2-0dbf-48e7-822f-44a07ee5e1e6@group-2359FAE4794D
2021-07-17 01:44:37,394 [Command processor thread] INFO  commandhandler.CreatePipelineCommandHandler (CreatePipelineCommandHandler.java:handle(106)) - Created Pipeline RATIS THREE PipelineID=12500e82-9553-4f92-b0c8-2359fae4794d.
2021-07-17 01:44:37,508 [Command processor thread] INFO  server.RaftServer (RaftServerProxy.java:addNew(95)) - 155d2fb2-0dbf-48e7-822f-44a07ee5e1e6: addNew group-B458C821C649:[155d2fb2-0dbf-48e7-822f-44a07ee5e1e6|rpc:10.1.0.46:42075|priority:1] returns group-B458C821C649:java.util.concurrent.CompletableFuture@17e2d059[Not completed]
2021-07-17 01:44:37,509 [pool-653-thread-1] INFO  server.RaftServer$Division (RaftServerImpl.java:<init>(180)) - 155d2fb2-0dbf-48e7-822f-44a07ee5e1e6: new RaftServerImpl for group-B458C821C649:[155d2fb2-0dbf-48e7-822f-44a07ee5e1e6|rpc:10.1.0.46:42075|priority:1] with ContainerStateMachine:uninitialized
2021-07-17 01:44:37,509 [pool-653-thread-1] INFO  server.RaftServerConfigKeys (ConfUtils.java:logGet(44)) - raft.server.rpc.timeout.min = 5s (custom)
2021-07-17 01:44:37,509 [pool-653-thread-1] INFO  server.RaftServerConfigKeys (ConfUtils.java:logGet(44)) - raft.server.rpc.timeout.max = 5200ms (custom)
2021-07-17 01:44:37,509 [pool-653-thread-1] INFO  server.RaftServerConfigKeys (ConfUtils.java:logGet(44)) - raft.server.rpc.sleep.time = 25ms (default)
2021-07-17 01:44:37,509 [pool-653-thread-1] INFO  server.RaftServerConfigKeys (ConfUtils.java:logGet(44)) - raft.server.rpc.slowness.timeout = 300000ms (custom)
2021-07-17 01:44:37,509 [pool-653-thread-1] INFO  server.RaftServerConfigKeys (ConfUtils.java:logGet(44)) - raft.server.leaderelection.leader.step-down.wait-time = 10s (default)
2021-07-17 01:44:37,509 [pool-653-thread-1] INFO  server.RaftServerConfigKeys (ConfUtils.java:logGet(44)) - raft.server.sleep.deviation.threshold = 300ms (default)
2021-07-17 01:44:37,509 [pool-653-thread-1] INFO  server.RaftServerConfigKeys (ConfUtils.java:logGet(44)) - raft.server.log.appender.install.snapshot.enabled = false (custom)
2021-07-17 01:44:37,509 [pool-653-thread-1] INFO  server.RaftServer$Division (ServerState.java:<init>(105)) - 155d2fb2-0dbf-48e7-822f-44a07ee5e1e6@group-B458C821C649: ConfigurationManager, init=-1: [155d2fb2-0dbf-48e7-822f-44a07ee5e1e6|rpc:10.1.0.46:42075|priority:1], old=null, confs=<EMPTY_MAP>
2021-07-17 01:44:37,509 [pool-653-thread-1] INFO  server.RaftServerConfigKeys (ConfUtils.java:logGet(44)) - raft.server.storage.dir = [/home/runner/work/ozone/ozone/mnt/ozone/hadoop-ozone/integration-test/target/test-dir/MiniOzoneClusterImpl-ab53e13c-b7a0-452c-aef0-b95992dbe1a2/datanode-7/data/ratis] (custom)
2021-07-17 01:44:37,509 [pool-653-thread-1] INFO  server.RaftServerConfigKeys (ConfUtils.java:logGet(44)) - raft.server.log.corruption.policy = EXCEPTION (default)
2021-07-17 01:44:37,509 [pool-653-thread-1] INFO  storage.RaftStorageDirectory (RaftStorageDirectoryImpl.java:analyzeStorage(132)) - The storage directory /home/runner/work/ozone/ozone/mnt/ozone/hadoop-ozone/integration-test/target/test-dir/MiniOzoneClusterImpl-ab53e13c-b7a0-452c-aef0-b95992dbe1a2/datanode-7/data/ratis/14ec7a35-9e34-4a5b-bdd3-b458c821c649 does not exist. Creating ...
2021-07-17 01:44:37,510 [pool-653-thread-1] INFO  storage.RaftStorageDirectory (RaftStorageDirectoryImpl.java:tryLock(215)) - Lock on /home/runner/work/ozone/ozone/mnt/ozone/hadoop-ozone/integration-test/target/test-dir/MiniOzoneClusterImpl-ab53e13c-b7a0-452c-aef0-b95992dbe1a2/datanode-7/data/ratis/14ec7a35-9e34-4a5b-bdd3-b458c821c649/in_use.lock acquired by nodename 8908@fv-az52-843
2021-07-17 01:44:37,511 [pool-653-thread-1] INFO  storage.RaftStorage (RaftStorageImpl.java:format(87)) - Storage directory /home/runner/work/ozone/ozone/mnt/ozone/hadoop-ozone/integration-test/target/test-dir/MiniOzoneClusterImpl-ab53e13c-b7a0-452c-aef0-b95992dbe1a2/datanode-7/data/ratis/14ec7a35-9e34-4a5b-bdd3-b458c821c649 has been successfully formatted.
2021-07-17 01:44:37,511 [pool-653-thread-1] INFO  ratis.ContainerStateMachine (ContainerStateMachine.java:loadSnapshot(223)) - group-B458C821C649: The snapshot info is null. Setting the last applied indexto:(t:0, i:~)
2021-07-17 01:44:37,512 [pool-653-thread-1] INFO  server.RaftServerConfigKeys (ConfUtils.java:logGet(44)) - raft.server.notification.no-leader.timeout = 300000ms (custom)
2021-07-17 01:44:37,512 [pool-653-thread-1] INFO  server.RaftServerConfigKeys (ConfUtils.java:logGet(44)) - raft.server.log.use.memory = false (default)
2021-07-17 01:44:37,512 [pool-653-thread-1] INFO  server.RaftServerConfigKeys (ConfUtils.java:logGet(44)) - raft.server.log.purge.gap = 1000000 (custom)
2021-07-17 01:44:37,512 [pool-653-thread-1] INFO  server.RaftServerConfigKeys (ConfUtils.java:logGet(44)) - raft.server.log.appender.buffer.byte-limit = 33554432 (custom)
2021-07-17 01:44:37,512 [pool-653-thread-1] INFO  metrics.RatisMetrics (RatisMetrics.java:lambda$create$0(36)) - Creating Metrics Registry : ratis.log_worker.155d2fb2-0dbf-48e7-822f-44a07ee5e1e6@group-B458C821C649
2021-07-17 01:44:37,512 [EventQueue-PipelineReportForPipelineReportHandler] INFO  pipeline.PipelineManagerV2Impl (PipelineManagerV2Impl.java:openPipeline(283)) - Pipeline Pipeline[ Id: 14ec7a35-9e34-4a5b-bdd3-b458c821c649, Nodes: 155d2fb2-0dbf-48e7-822f-44a07ee5e1e6{ip: 10.1.0.46, host: fv-az52-843.jaak54zke33upnjmlridiqi2vb.bx.internal.cloudapp.net, ports: [REPLICATION=33303, RATIS=42075, RATIS_ADMIN=42075, RATIS_SERVER=42075, STANDALONE=39691], networkLocation: /default-rack, certSerialId: null, persistedOpState: IN_SERVICE, persistedOpStateExpiryEpochSec: 0}, ReplicationConfig: RATIS/ONE, State:ALLOCATED, leaderId:155d2fb2-0dbf-48e7-822f-44a07ee5e1e6, CreationTimestamp2021-07-17T01:44:34.509Z[Etc/UTC]] moved to OPEN state
2021-07-17 01:44:37,513 [pool-653-thread-1] INFO  server.RaftServerConfigKeys (ConfUtils.java:logGet(44)) - raft.server.log.segment.size.max = 1048576 (custom)
2021-07-17 01:44:37,513 [EventQueue-OpenPipelineForHealthyPipelineSafeModeRule] INFO  safemode.SCMSafeModeManager (HealthyPipelineSafeModeRule.java:process(124)) - SCM in safe mode. Healthy pipelines reported count is 0, required healthy pipeline reported count is 1
2021-07-17 01:44:37,515 [pool-653-thread-1] INFO  server.RaftServerConfigKeys (ConfUtils.java:logGet(44)) - raft.server.log.segment.cache.num.max = 2 (custom)
2021-07-17 01:44:37,515 [pool-653-thread-1] INFO  server.RaftServerConfigKeys (ConfUtils.java:logGet(44)) - raft.server.log.segment.cache.size.max = 200MB (=209715200) (default)
2021-07-17 01:44:37,515 [pool-653-thread-1] INFO  segmented.SegmentedRaftLogWorker (SegmentedRaftLogWorker.java:<init>(182)) - new 155d2fb2-0dbf-48e7-822f-44a07ee5e1e6@group-B458C821C649-SegmentedRaftLogWorker for RaftStorageImpl:Storage Directory /home/runner/work/ozone/ozone/mnt/ozone/hadoop-ozone/integration-test/target/test-dir/MiniOzoneClusterImpl-ab53e13c-b7a0-452c-aef0-b95992dbe1a2/datanode-7/data/ratis/14ec7a35-9e34-4a5b-bdd3-b458c821c649
2021-07-17 01:44:37,515 [pool-653-thread-1] INFO  server.RaftServerConfigKeys (ConfUtils.java:logGet(44)) - raft.server.log.queue.byte-limit = 2147483647 (custom)
2021-07-17 01:44:37,515 [pool-653-thread-1] INFO  server.RaftServerConfigKeys (ConfUtils.java:logGet(44)) - raft.server.log.queue.element-limit = 1024 (custom)
2021-07-17 01:44:37,515 [pool-653-thread-1] INFO  server.RaftServerConfigKeys (ConfUtils.java:logGet(44)) - raft.server.log.segment.size.max = 1048576 (custom)
2021-07-17 01:44:37,515 [pool-653-thread-1] INFO  server.RaftServerConfigKeys (ConfUtils.java:logGet(44)) - raft.server.log.preallocated.size = 16384 (custom)
2021-07-17 01:44:37,515 [pool-653-thread-1] INFO  server.RaftServerConfigKeys (ConfUtils.java:logGet(44)) - raft.server.log.force.sync.num = 128 (default)
2021-07-17 01:44:37,515 [pool-653-thread-1] INFO  server.RaftServerConfigKeys (ConfUtils.java:logGet(44)) - raft.server.log.statemachine.data.sync = true (default)
2021-07-17 01:44:37,515 [pool-653-thread-1] INFO  server.RaftServerConfigKeys (ConfUtils.java:logGet(44)) - raft.server.log.statemachine.data.sync.timeout = 10s (default)
2021-07-17 01:44:37,515 [pool-653-thread-1] INFO  server.RaftServerConfigKeys (ConfUtils.java:logGet(44)) - raft.server.log.statemachine.data.sync.timeout.retry = -1 (default)
2021-07-17 01:44:37,516 [pool-653-thread-1] INFO  server.RaftServerConfigKeys (ConfUtils.java:logGet(44)) - raft.server.log.write.buffer.size = 1048576 (custom)
2021-07-17 01:44:37,517 [pool-653-thread-1] INFO  server.RaftServerConfigKeys (ConfUtils.java:logGet(44)) - raft.server.log.statemachine.data.caching.enabled = true (custom)
2021-07-17 01:44:37,517 [pool-653-thread-1] INFO  segmented.SegmentedRaftLogWorker (SegmentedRaftLogWorker.java:lambda$new$0(133)) - 155d2fb2-0dbf-48e7-822f-44a07ee5e1e6@group-B458C821C649-SegmentedRaftLogWorker: flushIndex: setUnconditionally 0 -> -1
2021-07-17 01:44:37,517 [pool-653-thread-1] INFO  segmented.SegmentedRaftLogWorker (SegmentedRaftLogWorker.java:lambda$new$0(133)) - 155d2fb2-0dbf-48e7-822f-44a07ee5e1e6@group-B458C821C649-SegmentedRaftLogWorker: safeCacheEvictIndex: setUnconditionally 0 -> -1
2021-07-17 01:44:37,517 [pool-653-thread-1] INFO  server.RaftServerConfigKeys (ConfUtils.java:logGet(44)) - raft.server.snapshot.auto.trigger.enabled = true (custom)
2021-07-17 01:44:37,517 [pool-653-thread-1] INFO  server.RaftServerConfigKeys (ConfUtils.java:logGet(44)) - raft.server.snapshot.auto.trigger.threshold = 10000 (custom)
2021-07-17 01:44:37,517 [pool-653-thread-1] INFO  server.RaftServerConfigKeys (ConfUtils.java:logGet(44)) - raft.server.snapshot.retention.file.num = 5 (custom)
2021-07-17 01:44:37,517 [pool-653-thread-1] INFO  server.RaftServerConfigKeys (ConfUtils.java:logGet(44)) - raft.server.log.purge.upto.snapshot.index = false (default)
2021-07-17 01:44:37,517 [pool-653-thread-1] INFO  server.RaftServerConfigKeys (ConfUtils.java:logGet(44)) - raft.server.retrycache.expirytime = 600000ms (custom)
2021-07-17 01:44:37,517 [pool-653-thread-1] INFO  server.RaftServerConfigKeys (ConfUtils.java:logGet(44)) - raft.server.retrycache.statistics.expirytime = 100μs (default)
2021-07-17 01:44:37,517 [pool-653-thread-1] INFO  metrics.RatisMetrics (RatisMetrics.java:lambda$create$0(36)) - Creating Metrics Registry : ratis.leader_election.155d2fb2-0dbf-48e7-822f-44a07ee5e1e6@group-B458C821C649
2021-07-17 01:44:37,518 [pool-653-thread-1] INFO  metrics.RatisMetrics (RatisMetrics.java:lambda$create$0(36)) - Creating Metrics Registry : ratis.server.155d2fb2-0dbf-48e7-822f-44a07ee5e1e6@group-B458C821C649
2021-07-17 01:44:37,519 [pool-653-thread-1] INFO  server.RaftServer$Division (RaftServerImpl.java:start(295)) - 155d2fb2-0dbf-48e7-822f-44a07ee5e1e6@group-B458C821C649: start as a follower, conf=-1: [155d2fb2-0dbf-48e7-822f-44a07ee5e1e6|rpc:10.1.0.46:42075|priority:1], old=null
2021-07-17 01:44:37,519 [pool-653-thread-1] INFO  server.RaftServer$Division (RaftServerImpl.java:setRole(284)) - 155d2fb2-0dbf-48e7-822f-44a07ee5e1e6@group-B458C821C649: changes role from      null to FOLLOWER at term 0 for startAsFollower
2021-07-17 01:44:37,519 [pool-653-thread-1] INFO  impl.RoleInfo (RoleInfo.java:updateAndGet(130)) - 155d2fb2-0dbf-48e7-822f-44a07ee5e1e6: start 155d2fb2-0dbf-48e7-822f-44a07ee5e1e6@group-B458C821C649-FollowerState
2021-07-17 01:44:37,521 [pool-653-thread-1] INFO  util.JmxRegister (JmxRegister.java:tryRegister(44)) - Successfully registered JMX Bean with object name Ratis:service=RaftServer,group=group-B458C821C649,id=155d2fb2-0dbf-48e7-822f-44a07ee5e1e6
2021-07-17 01:44:37,521 [pool-653-thread-1] INFO  metrics.RatisMetrics (RatisMetrics.java:lambda$create$0(36)) - Creating Metrics Registry : ratis.state_machine.155d2fb2-0dbf-48e7-822f-44a07ee5e1e6@group-B458C821C649
2021-07-17 01:44:37,522 [Command processor thread] INFO  ratis.XceiverServerRatis (XceiverServerRatis.java:addGroup(759)) - Created group PipelineID=14ec7a35-9e34-4a5b-bdd3-b458c821c649
2021-07-17 01:44:37,522 [Command processor thread] INFO  commandhandler.CreatePipelineCommandHandler (CreatePipelineCommandHandler.java:handle(106)) - Created Pipeline RATIS ONE PipelineID=14ec7a35-9e34-4a5b-bdd3-b458c821c649.
2021-07-17 01:44:37,651 [Listener at 127.0.0.1/42341] INFO  ozone.MiniOzoneClusterImpl (MiniOzoneClusterImpl.java:lambda$waitForClusterToBeReady$0(230)) - Nodes are ready. Got 9 of 9 DN Heartbeats.
2021-07-17 01:44:37,651 [Listener at 127.0.0.1/42341] INFO  ozone.MiniOzoneClusterImpl (MiniOzoneClusterImpl.java:lambda$waitForClusterToBeReady$0(233)) - Waiting for cluster to exit safe mode
2021-07-17 01:44:37,651 [Listener at 127.0.0.1/42341] INFO  ozone.MiniOzoneClusterImpl (MiniOzoneClusterImpl.java:lambda$waitForClusterToBeReady$0(235)) - SCM became leader
2021-07-17 01:44:37,652 [pool-671-thread-1] INFO  server.RaftServer$Division (RaftServerImpl.java:<init>(180)) - 6357416b-3a0c-4a85-a83f-939eb676dba2: new RaftServerImpl for group-A2170D7A80C4:[6357416b-3a0c-4a85-a83f-939eb676dba2|rpc:10.1.0.46:37413|priority:1] with ContainerStateMachine:uninitialized
2021-07-17 01:44:37,652 [Command processor thread] INFO  server.RaftServer (RaftServerProxy.java:addNew(95)) - 6357416b-3a0c-4a85-a83f-939eb676dba2: addNew group-A2170D7A80C4:[6357416b-3a0c-4a85-a83f-939eb676dba2|rpc:10.1.0.46:37413|priority:1] returns group-A2170D7A80C4:java.util.concurrent.CompletableFuture@333d3531[Not completed]
2021-07-17 01:44:37,652 [pool-671-thread-1] INFO  server.RaftServerConfigKeys (ConfUtils.java:logGet(44)) - raft.server.rpc.timeout.min = 5s (custom)
2021-07-17 01:44:37,653 [pool-671-thread-1] INFO  server.RaftServerConfigKeys (ConfUtils.java:logGet(44)) - raft.server.rpc.timeout.max = 5200ms (custom)
2021-07-17 01:44:37,653 [pool-671-thread-1] INFO  server.RaftServerConfigKeys (ConfUtils.java:logGet(44)) - raft.server.rpc.sleep.time = 25ms (default)
2021-07-17 01:44:37,653 [pool-671-thread-1] INFO  server.RaftServerConfigKeys (ConfUtils.java:logGet(44)) - raft.server.rpc.slowness.timeout = 300000ms (custom)
2021-07-17 01:44:37,653 [pool-671-thread-1] INFO  server.RaftServerConfigKeys (ConfUtils.java:logGet(44)) - raft.server.leaderelection.leader.step-down.wait-time = 10s (default)
2021-07-17 01:44:37,653 [pool-671-thread-1] INFO  server.RaftServerConfigKeys (ConfUtils.java:logGet(44)) - raft.server.sleep.deviation.threshold = 300ms (default)
2021-07-17 01:44:37,653 [pool-671-thread-1] INFO  server.RaftServerConfigKeys (ConfUtils.java:logGet(44)) - raft.server.log.appender.install.snapshot.enabled = false (custom)
2021-07-17 01:44:37,653 [pool-671-thread-1] INFO  server.RaftServer$Division (ServerState.java:<init>(105)) - 6357416b-3a0c-4a85-a83f-939eb676dba2@group-A2170D7A80C4: ConfigurationManager, init=-1: [6357416b-3a0c-4a85-a83f-939eb676dba2|rpc:10.1.0.46:37413|priority:1], old=null, confs=<EMPTY_MAP>
2021-07-17 01:44:37,653 [pool-671-thread-1] INFO  server.RaftServerConfigKeys (ConfUtils.java:logGet(44)) - raft.server.storage.dir = [/home/runner/work/ozone/ozone/mnt/ozone/hadoop-ozone/integration-test/target/test-dir/MiniOzoneClusterImpl-ab53e13c-b7a0-452c-aef0-b95992dbe1a2/datanode-8/data/ratis] (custom)
2021-07-17 01:44:37,653 [pool-671-thread-1] INFO  server.RaftServerConfigKeys (ConfUtils.java:logGet(44)) - raft.server.log.corruption.policy = EXCEPTION (default)
2021-07-17 01:44:37,653 [pool-671-thread-1] INFO  storage.RaftStorageDirectory (RaftStorageDirectoryImpl.java:analyzeStorage(132)) - The storage directory /home/runner/work/ozone/ozone/mnt/ozone/hadoop-ozone/integration-test/target/test-dir/MiniOzoneClusterImpl-ab53e13c-b7a0-452c-aef0-b95992dbe1a2/datanode-8/data/ratis/a6d5e2ac-eb74-493d-88fd-a2170d7a80c4 does not exist. Creating ...
2021-07-17 01:44:37,654 [pool-671-thread-1] INFO  storage.RaftStorageDirectory (RaftStorageDirectoryImpl.java:tryLock(215)) - Lock on /home/runner/work/ozone/ozone/mnt/ozone/hadoop-ozone/integration-test/target/test-dir/MiniOzoneClusterImpl-ab53e13c-b7a0-452c-aef0-b95992dbe1a2/datanode-8/data/ratis/a6d5e2ac-eb74-493d-88fd-a2170d7a80c4/in_use.lock acquired by nodename 8908@fv-az52-843
2021-07-17 01:44:37,655 [pool-671-thread-1] INFO  storage.RaftStorage (RaftStorageImpl.java:format(87)) - Storage directory /home/runner/work/ozone/ozone/mnt/ozone/hadoop-ozone/integration-test/target/test-dir/MiniOzoneClusterImpl-ab53e13c-b7a0-452c-aef0-b95992dbe1a2/datanode-8/data/ratis/a6d5e2ac-eb74-493d-88fd-a2170d7a80c4 has been successfully formatted.
2021-07-17 01:44:37,656 [pool-671-thread-1] INFO  ratis.ContainerStateMachine (ContainerStateMachine.java:loadSnapshot(223)) - group-A2170D7A80C4: The snapshot info is null. Setting the last applied indexto:(t:0, i:~)
2021-07-17 01:44:37,656 [Datanode State Machine Thread - 0] WARN  statemachine.StateContext (StateContext.java:execute(621)) - No available thread in pool for past 1 seconds.
2021-07-17 01:44:37,656 [pool-671-thread-1] INFO  server.RaftServerConfigKeys (ConfUtils.java:logGet(44)) - raft.server.notification.no-leader.timeout = 300000ms (custom)
2021-07-17 01:44:37,656 [pool-671-thread-1] INFO  server.RaftServerConfigKeys (ConfUtils.java:logGet(44)) - raft.server.log.use.memory = false (default)
2021-07-17 01:44:37,656 [pool-671-thread-1] INFO  server.RaftServerConfigKeys (ConfUtils.java:logGet(44)) - raft.server.log.purge.gap = 1000000 (custom)
2021-07-17 01:44:37,656 [pool-671-thread-1] INFO  server.RaftServerConfigKeys (ConfUtils.java:logGet(44)) - raft.server.log.appender.buffer.byte-limit = 33554432 (custom)
2021-07-17 01:44:37,656 [pool-671-thread-1] INFO  metrics.RatisMetrics (RatisMetrics.java:lambda$create$0(36)) - Creating Metrics Registry : ratis.log_worker.6357416b-3a0c-4a85-a83f-939eb676dba2@group-A2170D7A80C4
2021-07-17 01:44:37,656 [EventQueue-PipelineReportForPipelineReportHandler] INFO  pipeline.PipelineManagerV2Impl (PipelineManagerV2Impl.java:openPipeline(283)) - Pipeline Pipeline[ Id: a6d5e2ac-eb74-493d-88fd-a2170d7a80c4, Nodes: 6357416b-3a0c-4a85-a83f-939eb676dba2{ip: 10.1.0.46, host: fv-az52-843.jaak54zke33upnjmlridiqi2vb.bx.internal.cloudapp.net, ports: [REPLICATION=41759, RATIS=37413, RATIS_ADMIN=37413, RATIS_SERVER=37413, STANDALONE=41669], networkLocation: /default-rack, certSerialId: null, persistedOpState: IN_SERVICE, persistedOpStateExpiryEpochSec: 0}, ReplicationConfig: RATIS/ONE, State:ALLOCATED, leaderId:6357416b-3a0c-4a85-a83f-939eb676dba2, CreationTimestamp2021-07-17T01:44:34.654Z[Etc/UTC]] moved to OPEN state
2021-07-17 01:44:37,657 [EventQueue-OpenPipelineForHealthyPipelineSafeModeRule] INFO  safemode.SCMSafeModeManager (HealthyPipelineSafeModeRule.java:process(124)) - SCM in safe mode. Healthy pipelines reported count is 0, required healthy pipeline reported count is 1
2021-07-17 01:44:37,657 [pool-671-thread-1] INFO  server.RaftServerConfigKeys (ConfUtils.java:logGet(44)) - raft.server.log.segment.size.max = 1048576 (custom)
2021-07-17 01:44:37,658 [pool-671-thread-1] INFO  server.RaftServerConfigKeys (ConfUtils.java:logGet(44)) - raft.server.log.segment.cache.num.max = 2 (custom)
2021-07-17 01:44:37,658 [pool-671-thread-1] INFO  server.RaftServerConfigKeys (ConfUtils.java:logGet(44)) - raft.server.log.segment.cache.size.max = 200MB (=209715200) (default)
2021-07-17 01:44:37,658 [pool-671-thread-1] INFO  segmented.SegmentedRaftLogWorker (SegmentedRaftLogWorker.java:<init>(182)) - new 6357416b-3a0c-4a85-a83f-939eb676dba2@group-A2170D7A80C4-SegmentedRaftLogWorker for RaftStorageImpl:Storage Directory /home/runner/work/ozone/ozone/mnt/ozone/hadoop-ozone/integration-test/target/test-dir/MiniOzoneClusterImpl-ab53e13c-b7a0-452c-aef0-b95992dbe1a2/datanode-8/data/ratis/a6d5e2ac-eb74-493d-88fd-a2170d7a80c4
2021-07-17 01:44:37,658 [pool-671-thread-1] INFO  server.RaftServerConfigKeys (ConfUtils.java:logGet(44)) - raft.server.log.queue.byte-limit = 2147483647 (custom)
2021-07-17 01:44:37,658 [pool-671-thread-1] INFO  server.RaftServerConfigKeys (ConfUtils.java:logGet(44)) - raft.server.log.queue.element-limit = 1024 (custom)
2021-07-17 01:44:37,658 [pool-671-thread-1] INFO  server.RaftServerConfigKeys (ConfUtils.java:logGet(44)) - raft.server.log.segment.size.max = 1048576 (custom)
2021-07-17 01:44:37,658 [pool-671-thread-1] INFO  server.RaftServerConfigKeys (ConfUtils.java:logGet(44)) - raft.server.log.preallocated.size = 16384 (custom)
2021-07-17 01:44:37,658 [pool-671-thread-1] INFO  server.RaftServerConfigKeys (ConfUtils.java:logGet(44)) - raft.server.log.force.sync.num = 128 (default)
2021-07-17 01:44:37,658 [pool-671-thread-1] INFO  server.RaftServerConfigKeys (ConfUtils.java:logGet(44)) - raft.server.log.statemachine.data.sync = true (default)
2021-07-17 01:44:37,658 [pool-671-thread-1] INFO  server.RaftServerConfigKeys (ConfUtils.java:logGet(44)) - raft.server.log.statemachine.data.sync.timeout = 10s (default)
2021-07-17 01:44:37,658 [pool-671-thread-1] INFO  server.RaftServerConfigKeys (ConfUtils.java:logGet(44)) - raft.server.log.statemachine.data.sync.timeout.retry = -1 (default)
2021-07-17 01:44:37,659 [pool-671-thread-1] INFO  server.RaftServerConfigKeys (ConfUtils.java:logGet(44)) - raft.server.log.write.buffer.size = 1048576 (custom)
2021-07-17 01:44:37,659 [pool-671-thread-1] INFO  server.RaftServerConfigKeys (ConfUtils.java:logGet(44)) - raft.server.log.statemachine.data.caching.enabled = true (custom)
2021-07-17 01:44:37,660 [pool-671-thread-1] INFO  segmented.SegmentedRaftLogWorker (SegmentedRaftLogWorker.java:lambda$new$0(133)) - 6357416b-3a0c-4a85-a83f-939eb676dba2@group-A2170D7A80C4-SegmentedRaftLogWorker: flushIndex: setUnconditionally 0 -> -1
2021-07-17 01:44:37,660 [pool-671-thread-1] INFO  segmented.SegmentedRaftLogWorker (SegmentedRaftLogWorker.java:lambda$new$0(133)) - 6357416b-3a0c-4a85-a83f-939eb676dba2@group-A2170D7A80C4-SegmentedRaftLogWorker: safeCacheEvictIndex: setUnconditionally 0 -> -1
2021-07-17 01:44:37,660 [pool-671-thread-1] INFO  server.RaftServerConfigKeys (ConfUtils.java:logGet(44)) - raft.server.snapshot.auto.trigger.enabled = true (custom)
2021-07-17 01:44:37,660 [pool-671-thread-1] INFO  server.RaftServerConfigKeys (ConfUtils.java:logGet(44)) - raft.server.snapshot.auto.trigger.threshold = 10000 (custom)
2021-07-17 01:44:37,660 [pool-671-thread-1] INFO  server.RaftServerConfigKeys (ConfUtils.java:logGet(44)) - raft.server.snapshot.retention.file.num = 5 (custom)
2021-07-17 01:44:37,660 [pool-671-thread-1] INFO  server.RaftServerConfigKeys (ConfUtils.java:logGet(44)) - raft.server.log.purge.upto.snapshot.index = false (default)
2021-07-17 01:44:37,660 [pool-671-thread-1] INFO  server.RaftServerConfigKeys (ConfUtils.java:logGet(44)) - raft.server.retrycache.expirytime = 600000ms (custom)
2021-07-17 01:44:37,660 [pool-671-thread-1] INFO  server.RaftServerConfigKeys (ConfUtils.java:logGet(44)) - raft.server.retrycache.statistics.expirytime = 100μs (default)
2021-07-17 01:44:37,660 [pool-671-thread-1] INFO  metrics.RatisMetrics (RatisMetrics.java:lambda$create$0(36)) - Creating Metrics Registry : ratis.leader_election.6357416b-3a0c-4a85-a83f-939eb676dba2@group-A2170D7A80C4
2021-07-17 01:44:37,661 [pool-671-thread-1] INFO  metrics.RatisMetrics (RatisMetrics.java:lambda$create$0(36)) - Creating Metrics Registry : ratis.server.6357416b-3a0c-4a85-a83f-939eb676dba2@group-A2170D7A80C4
2021-07-17 01:44:37,661 [pool-671-thread-1] INFO  server.RaftServer$Division (RaftServerImpl.java:start(295)) - 6357416b-3a0c-4a85-a83f-939eb676dba2@group-A2170D7A80C4: start as a follower, conf=-1: [6357416b-3a0c-4a85-a83f-939eb676dba2|rpc:10.1.0.46:37413|priority:1], old=null
2021-07-17 01:44:37,661 [pool-671-thread-1] INFO  server.RaftServer$Division (RaftServerImpl.java:setRole(284)) - 6357416b-3a0c-4a85-a83f-939eb676dba2@group-A2170D7A80C4: changes role from      null to FOLLOWER at term 0 for startAsFollower
2021-07-17 01:44:37,662 [pool-671-thread-1] INFO  impl.RoleInfo (RoleInfo.java:updateAndGet(130)) - 6357416b-3a0c-4a85-a83f-939eb676dba2: start 6357416b-3a0c-4a85-a83f-939eb676dba2@group-A2170D7A80C4-FollowerState
2021-07-17 01:44:37,662 [pool-671-thread-1] INFO  util.JmxRegister (JmxRegister.java:tryRegister(44)) - Successfully registered JMX Bean with object name Ratis:service=RaftServer,group=group-A2170D7A80C4,id=6357416b-3a0c-4a85-a83f-939eb676dba2
2021-07-17 01:44:37,662 [pool-671-thread-1] INFO  metrics.RatisMetrics (RatisMetrics.java:lambda$create$0(36)) - Creating Metrics Registry : ratis.state_machine.6357416b-3a0c-4a85-a83f-939eb676dba2@group-A2170D7A80C4
2021-07-17 01:44:37,662 [Command processor thread] INFO  ratis.XceiverServerRatis (XceiverServerRatis.java:addGroup(759)) - Created group PipelineID=a6d5e2ac-eb74-493d-88fd-a2170d7a80c4
2021-07-17 01:44:37,663 [Command processor thread] INFO  commandhandler.CreatePipelineCommandHandler (CreatePipelineCommandHandler.java:handle(106)) - Created Pipeline RATIS ONE PipelineID=a6d5e2ac-eb74-493d-88fd-a2170d7a80c4.
2021-07-17 01:44:38,652 [Listener at 127.0.0.1/42341] INFO  ozone.MiniOzoneClusterImpl (MiniOzoneClusterImpl.java:lambda$waitForClusterToBeReady$0(230)) - Nodes are ready. Got 9 of 9 DN Heartbeats.
2021-07-17 01:44:38,652 [Listener at 127.0.0.1/42341] INFO  ozone.MiniOzoneClusterImpl (MiniOzoneClusterImpl.java:lambda$waitForClusterToBeReady$0(233)) - Waiting for cluster to exit safe mode
2021-07-17 01:44:38,652 [Listener at 127.0.0.1/42341] INFO  ozone.MiniOzoneClusterImpl (MiniOzoneClusterImpl.java:lambda$waitForClusterToBeReady$0(235)) - SCM became leader
2021-07-17 01:44:39,653 [Listener at 127.0.0.1/42341] INFO  ozone.MiniOzoneClusterImpl (MiniOzoneClusterImpl.java:lambda$waitForClusterToBeReady$0(230)) - Nodes are ready. Got 9 of 9 DN Heartbeats.
2021-07-17 01:44:39,653 [Listener at 127.0.0.1/42341] INFO  ozone.MiniOzoneClusterImpl (MiniOzoneClusterImpl.java:lambda$waitForClusterToBeReady$0(233)) - Waiting for cluster to exit safe mode
2021-07-17 01:44:39,653 [Listener at 127.0.0.1/42341] INFO  ozone.MiniOzoneClusterImpl (MiniOzoneClusterImpl.java:lambda$waitForClusterToBeReady$0(235)) - SCM became leader
2021-07-17 01:44:40,653 [Listener at 127.0.0.1/42341] INFO  ozone.MiniOzoneClusterImpl (MiniOzoneClusterImpl.java:lambda$waitForClusterToBeReady$0(230)) - Nodes are ready. Got 9 of 9 DN Heartbeats.
2021-07-17 01:44:40,653 [Listener at 127.0.0.1/42341] INFO  ozone.MiniOzoneClusterImpl (MiniOzoneClusterImpl.java:lambda$waitForClusterToBeReady$0(233)) - Waiting for cluster to exit safe mode
2021-07-17 01:44:40,654 [Listener at 127.0.0.1/42341] INFO  ozone.MiniOzoneClusterImpl (MiniOzoneClusterImpl.java:lambda$waitForClusterToBeReady$0(235)) - SCM became leader
2021-07-17 01:44:41,494 [817716dc-74d9-44e3-96f4-247fb6d3bd86@group-0A3857E4C501-FollowerState] INFO  impl.FollowerState (FollowerState.java:run(134)) - 817716dc-74d9-44e3-96f4-247fb6d3bd86@group-0A3857E4C501-FollowerState: change to CANDIDATE, lastRpcElapsedTime:5002378523ns, electionTimeout:5002ms
2021-07-17 01:44:41,495 [817716dc-74d9-44e3-96f4-247fb6d3bd86@group-0A3857E4C501-FollowerState] INFO  impl.RoleInfo (RoleInfo.java:shutdownFollowerState(108)) - 817716dc-74d9-44e3-96f4-247fb6d3bd86: shutdown 817716dc-74d9-44e3-96f4-247fb6d3bd86@group-0A3857E4C501-FollowerState
2021-07-17 01:44:41,495 [817716dc-74d9-44e3-96f4-247fb6d3bd86@group-0A3857E4C501-FollowerState] INFO  server.RaftServer$Division (RaftServerImpl.java:setRole(284)) - 817716dc-74d9-44e3-96f4-247fb6d3bd86@group-0A3857E4C501: changes role from  FOLLOWER to CANDIDATE at term 0 for changeToCandidate
2021-07-17 01:44:41,496 [817716dc-74d9-44e3-96f4-247fb6d3bd86@group-0A3857E4C501-FollowerState] INFO  server.RaftServerConfigKeys (ConfUtils.java:logGet(44)) - raft.server.leaderelection.pre-vote = false (custom)
2021-07-17 01:44:41,496 [817716dc-74d9-44e3-96f4-247fb6d3bd86@group-0A3857E4C501-FollowerState] INFO  impl.RoleInfo (RoleInfo.java:updateAndGet(130)) - 817716dc-74d9-44e3-96f4-247fb6d3bd86: start 817716dc-74d9-44e3-96f4-247fb6d3bd86@group-0A3857E4C501-LeaderElection51
2021-07-17 01:44:41,500 [817716dc-74d9-44e3-96f4-247fb6d3bd86@group-0A3857E4C501-LeaderElection51] INFO  impl.LeaderElection (LeaderElection.java:askForVotes(306)) - 817716dc-74d9-44e3-96f4-247fb6d3bd86@group-0A3857E4C501-LeaderElection51 ELECTION round 0: submit vote requests at term 1 for -1: [817716dc-74d9-44e3-96f4-247fb6d3bd86|rpc:10.1.0.46:37853|priority:1], old=null
2021-07-17 01:44:41,500 [817716dc-74d9-44e3-96f4-247fb6d3bd86@group-0A3857E4C501-LeaderElection51] INFO  impl.LeaderElection (LeaderElection.java:askForVotes(308)) - 817716dc-74d9-44e3-96f4-247fb6d3bd86@group-0A3857E4C501-LeaderElection51 ELECTION round 0: result PASSED (term=1)
2021-07-17 01:44:41,500 [817716dc-74d9-44e3-96f4-247fb6d3bd86@group-0A3857E4C501-LeaderElection51] INFO  impl.RoleInfo (RoleInfo.java:shutdownLeaderElection(121)) - 817716dc-74d9-44e3-96f4-247fb6d3bd86: shutdown 817716dc-74d9-44e3-96f4-247fb6d3bd86@group-0A3857E4C501-LeaderElection51
2021-07-17 01:44:41,500 [817716dc-74d9-44e3-96f4-247fb6d3bd86@group-0A3857E4C501-LeaderElection51] INFO  server.RaftServer$Division (RaftServerImpl.java:setRole(284)) - 817716dc-74d9-44e3-96f4-247fb6d3bd86@group-0A3857E4C501: changes role from CANDIDATE to LEADER at term 1 for changeToLeader
2021-07-17 01:44:41,500 [817716dc-74d9-44e3-96f4-247fb6d3bd86@group-0A3857E4C501-LeaderElection51] INFO  ratis.XceiverServerRatis (XceiverServerRatis.java:handleLeaderChangedNotification(857)) - Leader change notification received for group: group-0A3857E4C501 with new leaderId: 817716dc-74d9-44e3-96f4-247fb6d3bd86
2021-07-17 01:44:41,500 [817716dc-74d9-44e3-96f4-247fb6d3bd86@group-0A3857E4C501-LeaderElection51] INFO  server.RaftServer$Division (ServerState.java:setLeader(271)) - 817716dc-74d9-44e3-96f4-247fb6d3bd86@group-0A3857E4C501: change Leader from null to 817716dc-74d9-44e3-96f4-247fb6d3bd86 at term 1 for becomeLeader, leader elected after 5019ms
2021-07-17 01:44:41,501 [817716dc-74d9-44e3-96f4-247fb6d3bd86@group-0A3857E4C501-LeaderElection51] INFO  server.RaftServerConfigKeys (ConfUtils.java:logGet(44)) - raft.server.staging.catchup.gap = 1000 (default)
2021-07-17 01:44:41,501 [Datanode State Machine Thread - 0] WARN  statemachine.StateContext (StateContext.java:execute(621)) - No available thread in pool for past 1 seconds.
2021-07-17 01:44:41,501 [817716dc-74d9-44e3-96f4-247fb6d3bd86@group-0A3857E4C501-LeaderElection51] INFO  metrics.RatisMetrics (RatisMetrics.java:lambda$create$0(36)) - Creating Metrics Registry : ratis.log_appender.817716dc-74d9-44e3-96f4-247fb6d3bd86@group-0A3857E4C501
2021-07-17 01:44:41,501 [817716dc-74d9-44e3-96f4-247fb6d3bd86@group-0A3857E4C501-LeaderElection51] INFO  server.RaftServerConfigKeys (ConfUtils.java:logGet(44)) - raft.server.write.element-limit = 1024 (custom)
2021-07-17 01:44:41,501 [817716dc-74d9-44e3-96f4-247fb6d3bd86@group-0A3857E4C501-LeaderElection51] INFO  server.RaftServerConfigKeys (ConfUtils.java:logGet(44)) - raft.server.write.byte-limit = 1073741824 (custom)
2021-07-17 01:44:41,501 [817716dc-74d9-44e3-96f4-247fb6d3bd86@group-0A3857E4C501-LeaderElection51] INFO  server.RaftServerConfigKeys (ConfUtils.java:logGet(44)) - raft.server.watch.timeout = 3000ms (custom)
2021-07-17 01:44:41,501 [817716dc-74d9-44e3-96f4-247fb6d3bd86@group-0A3857E4C501-LeaderElection51] INFO  server.RaftServerConfigKeys (ConfUtils.java:logGet(44)) - raft.server.watch.timeout.denomination = 1s (default)
2021-07-17 01:44:41,501 [817716dc-74d9-44e3-96f4-247fb6d3bd86@group-0A3857E4C501-LeaderElection51] INFO  server.RaftServerConfigKeys (ConfUtils.java:logGet(44)) - raft.server.watch.element-limit = 65536 (default)
2021-07-17 01:44:41,501 [817716dc-74d9-44e3-96f4-247fb6d3bd86@group-0A3857E4C501-LeaderElection51] INFO  impl.RoleInfo (RoleInfo.java:updateAndGet(130)) - 817716dc-74d9-44e3-96f4-247fb6d3bd86: start 817716dc-74d9-44e3-96f4-247fb6d3bd86@group-0A3857E4C501-LeaderStateImpl
2021-07-17 01:44:41,502 [817716dc-74d9-44e3-96f4-247fb6d3bd86@group-0A3857E4C501-LeaderElection51] INFO  segmented.SegmentedRaftLogWorker (SegmentedRaftLogWorker.java:startLogSegment(394)) - 817716dc-74d9-44e3-96f4-247fb6d3bd86@group-0A3857E4C501-SegmentedRaftLogWorker: Starting segment from index:0
2021-07-17 01:44:41,505 [EventQueue-OpenPipelineForHealthyPipelineSafeModeRule] INFO  safemode.SCMSafeModeManager (HealthyPipelineSafeModeRule.java:process(124)) - SCM in safe mode. Healthy pipelines reported count is 0, required healthy pipeline reported count is 1
2021-07-17 01:44:41,511 [817716dc-74d9-44e3-96f4-247fb6d3bd86@group-0A3857E4C501-LeaderElection51] INFO  server.RaftServer$Division (ServerState.java:setRaftConf(373)) - 817716dc-74d9-44e3-96f4-247fb6d3bd86@group-0A3857E4C501: set configuration 0: [817716dc-74d9-44e3-96f4-247fb6d3bd86|rpc:10.1.0.46:37853|dataStream:|priority:1], old=null
2021-07-17 01:44:41,512 [817716dc-74d9-44e3-96f4-247fb6d3bd86@group-0A3857E4C501-SegmentedRaftLogWorker] INFO  segmented.SegmentedRaftLogWorker (SegmentedRaftLogWorker.java:execute(601)) - 817716dc-74d9-44e3-96f4-247fb6d3bd86@group-0A3857E4C501-SegmentedRaftLogWorker: created new log segment /home/runner/work/ozone/ozone/mnt/ozone/hadoop-ozone/integration-test/target/test-dir/MiniOzoneClusterImpl-ab53e13c-b7a0-452c-aef0-b95992dbe1a2/datanode-0/data/ratis/5249ef88-a7f1-4b24-a64b-0a3857e4c501/current/log_inprogress_0
2021-07-17 01:44:41,598 [b32faf46-69b0-41ce-b187-d9527561eeb9@group-18EA97DC0098-FollowerState] INFO  impl.FollowerState (FollowerState.java:run(134)) - b32faf46-69b0-41ce-b187-d9527561eeb9@group-18EA97DC0098-FollowerState: change to CANDIDATE, lastRpcElapsedTime:5069168445ns, electionTimeout:5068ms
2021-07-17 01:44:41,599 [b32faf46-69b0-41ce-b187-d9527561eeb9@group-18EA97DC0098-FollowerState] INFO  impl.RoleInfo (RoleInfo.java:shutdownFollowerState(108)) - b32faf46-69b0-41ce-b187-d9527561eeb9: shutdown b32faf46-69b0-41ce-b187-d9527561eeb9@group-18EA97DC0098-FollowerState
2021-07-17 01:44:41,599 [b32faf46-69b0-41ce-b187-d9527561eeb9@group-18EA97DC0098-FollowerState] INFO  server.RaftServer$Division (RaftServerImpl.java:setRole(284)) - b32faf46-69b0-41ce-b187-d9527561eeb9@group-18EA97DC0098: changes role from  FOLLOWER to CANDIDATE at term 0 for changeToCandidate
2021-07-17 01:44:41,600 [b32faf46-69b0-41ce-b187-d9527561eeb9@group-18EA97DC0098-FollowerState] INFO  server.RaftServerConfigKeys (ConfUtils.java:logGet(44)) - raft.server.leaderelection.pre-vote = false (custom)
2021-07-17 01:44:41,600 [b32faf46-69b0-41ce-b187-d9527561eeb9@group-18EA97DC0098-FollowerState] INFO  impl.RoleInfo (RoleInfo.java:updateAndGet(130)) - b32faf46-69b0-41ce-b187-d9527561eeb9: start b32faf46-69b0-41ce-b187-d9527561eeb9@group-18EA97DC0098-LeaderElection52
2021-07-17 01:44:41,603 [b32faf46-69b0-41ce-b187-d9527561eeb9@group-18EA97DC0098-LeaderElection52] INFO  impl.LeaderElection (LeaderElection.java:askForVotes(306)) - b32faf46-69b0-41ce-b187-d9527561eeb9@group-18EA97DC0098-LeaderElection52 ELECTION round 0: submit vote requests at term 1 for -1: [817716dc-74d9-44e3-96f4-247fb6d3bd86|rpc:10.1.0.46:37853|dataStream:|priority:0, 30d49bb6-b206-443f-92f8-de1941ac4061|rpc:10.1.0.46:40535|dataStream:|priority:1, b32faf46-69b0-41ce-b187-d9527561eeb9|rpc:10.1.0.46:42083|dataStream:|priority:0], old=null
2021-07-17 01:44:41,608 [grpc-default-executor-3] INFO  metrics.RatisMetrics (RatisMetrics.java:lambda$create$0(36)) - Creating Metrics Registry : ratis.server_message_metrics.817716dc-74d9-44e3-96f4-247fb6d3bd86
2021-07-17 01:44:41,609 [grpc-default-executor-3] INFO  server.RaftServer$Division (RaftServerImpl.java:requestVote(1042)) - 817716dc-74d9-44e3-96f4-247fb6d3bd86@group-18EA97DC0098: receive requestVote(ELECTION, b32faf46-69b0-41ce-b187-d9527561eeb9, group-18EA97DC0098, 1, (t:0, i:0))
2021-07-17 01:44:41,609 [grpc-default-executor-3] INFO  impl.VoteContext (VoteContext.java:log(48)) - 817716dc-74d9-44e3-96f4-247fb6d3bd86@group-18EA97DC0098-FOLLOWER: accept ELECTION from b32faf46-69b0-41ce-b187-d9527561eeb9: our priority 0 <= candidate's priority 0
2021-07-17 01:44:41,609 [grpc-default-executor-3] INFO  server.RaftServer$Division (RaftServerImpl.java:setRole(284)) - 817716dc-74d9-44e3-96f4-247fb6d3bd86@group-18EA97DC0098: changes role from  FOLLOWER to FOLLOWER at term 1 for candidate:b32faf46-69b0-41ce-b187-d9527561eeb9
2021-07-17 01:44:41,610 [grpc-default-executor-3] INFO  impl.RoleInfo (RoleInfo.java:shutdownFollowerState(108)) - 817716dc-74d9-44e3-96f4-247fb6d3bd86: shutdown 817716dc-74d9-44e3-96f4-247fb6d3bd86@group-18EA97DC0098-FollowerState
2021-07-17 01:44:41,610 [grpc-default-executor-3] INFO  impl.RoleInfo (RoleInfo.java:updateAndGet(130)) - 817716dc-74d9-44e3-96f4-247fb6d3bd86: start 817716dc-74d9-44e3-96f4-247fb6d3bd86@group-18EA97DC0098-FollowerState
2021-07-17 01:44:41,610 [817716dc-74d9-44e3-96f4-247fb6d3bd86@group-18EA97DC0098-FollowerState] INFO  impl.FollowerState (FollowerState.java:run(143)) - 817716dc-74d9-44e3-96f4-247fb6d3bd86@group-18EA97DC0098-FollowerState was interrupted: {}
java.lang.InterruptedException: sleep interrupted
	at java.lang.Thread.sleep(Native Method)
	at java.lang.Thread.sleep(Thread.java:340)
	at java.util.concurrent.TimeUnit.sleep(TimeUnit.java:386)
	at org.apache.ratis.util.TimeDuration.sleep(TimeDuration.java:324)
	at org.apache.ratis.util.TimeDuration.sleep(TimeDuration.java:309)
	at org.apache.ratis.server.impl.FollowerState.run(FollowerState.java:118)
2021-07-17 01:44:41,615 [grpc-default-executor-3] INFO  server.RaftServer$Division (RaftServerImpl.java:requestVote(1074)) - 817716dc-74d9-44e3-96f4-247fb6d3bd86@group-18EA97DC0098 replies to ELECTION vote request: b32faf46-69b0-41ce-b187-d9527561eeb9<-817716dc-74d9-44e3-96f4-247fb6d3bd86#0:OK-t1. Peer's state: 817716dc-74d9-44e3-96f4-247fb6d3bd86@group-18EA97DC0098:t1, leader=null, voted=b32faf46-69b0-41ce-b187-d9527561eeb9, raftlog=817716dc-74d9-44e3-96f4-247fb6d3bd86@group-18EA97DC0098-SegmentedRaftLog:OPENED:c-1,f-1,i0, conf=-1: [817716dc-74d9-44e3-96f4-247fb6d3bd86|rpc:10.1.0.46:37853|priority:0, 30d49bb6-b206-443f-92f8-de1941ac4061|rpc:10.1.0.46:40535|priority:1, b32faf46-69b0-41ce-b187-d9527561eeb9|rpc:10.1.0.46:42083|priority:0], old=null
2021-07-17 01:44:41,616 [grpc-default-executor-1] INFO  server.RaftServer$Division (RaftServerImpl.java:requestVote(1042)) - 30d49bb6-b206-443f-92f8-de1941ac4061@group-18EA97DC0098: receive requestVote(ELECTION, b32faf46-69b0-41ce-b187-d9527561eeb9, group-18EA97DC0098, 1, (t:0, i:0))
2021-07-17 01:44:41,616 [grpc-default-executor-1] INFO  impl.VoteContext (VoteContext.java:log(48)) - 30d49bb6-b206-443f-92f8-de1941ac4061@group-18EA97DC0098-FOLLOWER: reject ELECTION from b32faf46-69b0-41ce-b187-d9527561eeb9: our priority 1 > candidate's priority 0
2021-07-17 01:44:41,616 [grpc-default-executor-1] INFO  server.RaftServer$Division (RaftServerImpl.java:setRole(284)) - 30d49bb6-b206-443f-92f8-de1941ac4061@group-18EA97DC0098: changes role from  FOLLOWER to FOLLOWER at term 1 for candidate:b32faf46-69b0-41ce-b187-d9527561eeb9
2021-07-17 01:44:41,616 [grpc-default-executor-1] INFO  impl.RoleInfo (RoleInfo.java:shutdownFollowerState(108)) - 30d49bb6-b206-443f-92f8-de1941ac4061: shutdown 30d49bb6-b206-443f-92f8-de1941ac4061@group-18EA97DC0098-FollowerState
2021-07-17 01:44:41,616 [grpc-default-executor-1] INFO  impl.RoleInfo (RoleInfo.java:updateAndGet(130)) - 30d49bb6-b206-443f-92f8-de1941ac4061: start 30d49bb6-b206-443f-92f8-de1941ac4061@group-18EA97DC0098-FollowerState
2021-07-17 01:44:41,616 [30d49bb6-b206-443f-92f8-de1941ac4061@group-18EA97DC0098-FollowerState] INFO  impl.FollowerState (FollowerState.java:run(143)) - 30d49bb6-b206-443f-92f8-de1941ac4061@group-18EA97DC0098-FollowerState was interrupted: {}
java.lang.InterruptedException: sleep interrupted
	at java.lang.Thread.sleep(Native Method)
	at java.lang.Thread.sleep(Thread.java:340)
	at java.util.concurrent.TimeUnit.sleep(TimeUnit.java:386)
	at org.apache.ratis.util.TimeDuration.sleep(TimeDuration.java:324)
	at org.apache.ratis.util.TimeDuration.sleep(TimeDuration.java:309)
	at org.apache.ratis.server.impl.FollowerState.run(FollowerState.java:118)
2021-07-17 01:44:41,620 [grpc-default-executor-1] INFO  server.RaftServer$Division (RaftServerImpl.java:requestVote(1074)) - 30d49bb6-b206-443f-92f8-de1941ac4061@group-18EA97DC0098 replies to ELECTION vote request: b32faf46-69b0-41ce-b187-d9527561eeb9<-30d49bb6-b206-443f-92f8-de1941ac4061#0:FAIL-t1. Peer's state: 30d49bb6-b206-443f-92f8-de1941ac4061@group-18EA97DC0098:t1, leader=null, voted=null, raftlog=30d49bb6-b206-443f-92f8-de1941ac4061@group-18EA97DC0098-SegmentedRaftLog:OPENED:c-1,f-1,i0, conf=-1: [817716dc-74d9-44e3-96f4-247fb6d3bd86|rpc:10.1.0.46:37853|dataStream:|priority:0, 30d49bb6-b206-443f-92f8-de1941ac4061|rpc:10.1.0.46:40535|dataStream:|priority:1, b32faf46-69b0-41ce-b187-d9527561eeb9|rpc:10.1.0.46:42083|dataStream:|priority:0], old=null
2021-07-17 01:44:41,621 [b32faf46-69b0-41ce-b187-d9527561eeb9@group-18EA97DC0098-LeaderElection52] INFO  impl.LeaderElection (LeaderElection.java:logAndReturn(89)) - b32faf46-69b0-41ce-b187-d9527561eeb9@group-18EA97DC0098-LeaderElection52: ELECTION REJECTED received 2 response(s) and 0 exception(s):
2021-07-17 01:44:41,621 [b32faf46-69b0-41ce-b187-d9527561eeb9@group-18EA97DC0098-LeaderElection52] INFO  impl.LeaderElection (LeaderElection.java:logAndReturn(93)) -   Response 0: b32faf46-69b0-41ce-b187-d9527561eeb9<-817716dc-74d9-44e3-96f4-247fb6d3bd86#0:OK-t1
2021-07-17 01:44:41,621 [b32faf46-69b0-41ce-b187-d9527561eeb9@group-18EA97DC0098-LeaderElection52] INFO  impl.LeaderElection (LeaderElection.java:logAndReturn(93)) -   Response 1: b32faf46-69b0-41ce-b187-d9527561eeb9<-30d49bb6-b206-443f-92f8-de1941ac4061#0:FAIL-t1
2021-07-17 01:44:41,621 [b32faf46-69b0-41ce-b187-d9527561eeb9@group-18EA97DC0098-LeaderElection52] INFO  impl.LeaderElection (LeaderElection.java:askForVotes(308)) - b32faf46-69b0-41ce-b187-d9527561eeb9@group-18EA97DC0098-LeaderElection52 ELECTION round 0: result REJECTED
2021-07-17 01:44:41,621 [b32faf46-69b0-41ce-b187-d9527561eeb9@group-18EA97DC0098-LeaderElection52] INFO  server.RaftServer$Division (RaftServerImpl.java:setRole(284)) - b32faf46-69b0-41ce-b187-d9527561eeb9@group-18EA97DC0098: changes role from CANDIDATE to FOLLOWER at term 1 for REJECTED
2021-07-17 01:44:41,621 [b32faf46-69b0-41ce-b187-d9527561eeb9@group-18EA97DC0098-LeaderElection52] INFO  impl.RoleInfo (RoleInfo.java:shutdownLeaderElection(121)) - b32faf46-69b0-41ce-b187-d9527561eeb9: shutdown b32faf46-69b0-41ce-b187-d9527561eeb9@group-18EA97DC0098-LeaderElection52
2021-07-17 01:44:41,621 [b32faf46-69b0-41ce-b187-d9527561eeb9@group-18EA97DC0098-LeaderElection52] INFO  impl.RoleInfo (RoleInfo.java:updateAndGet(130)) - b32faf46-69b0-41ce-b187-d9527561eeb9: start b32faf46-69b0-41ce-b187-d9527561eeb9@group-18EA97DC0098-FollowerState
2021-07-17 01:44:41,654 [b32faf46-69b0-41ce-b187-d9527561eeb9@group-DED385BE976B-FollowerState] INFO  impl.FollowerState (FollowerState.java:run(134)) - b32faf46-69b0-41ce-b187-d9527561eeb9@group-DED385BE976B-FollowerState: change to CANDIDATE, lastRpcElapsedTime:5033363557ns, electionTimeout:5033ms
2021-07-17 01:44:41,654 [Listener at 127.0.0.1/42341] INFO  ozone.MiniOzoneClusterImpl (MiniOzoneClusterImpl.java:lambda$waitForClusterToBeReady$0(230)) - Nodes are ready. Got 9 of 9 DN Heartbeats.
2021-07-17 01:44:41,654 [Listener at 127.0.0.1/42341] INFO  ozone.MiniOzoneClusterImpl (MiniOzoneClusterImpl.java:lambda$waitForClusterToBeReady$0(233)) - Waiting for cluster to exit safe mode
2021-07-17 01:44:41,654 [Listener at 127.0.0.1/42341] INFO  ozone.MiniOzoneClusterImpl (MiniOzoneClusterImpl.java:lambda$waitForClusterToBeReady$0(235)) - SCM became leader
2021-07-17 01:44:41,654 [b32faf46-69b0-41ce-b187-d9527561eeb9@group-DED385BE976B-FollowerState] INFO  impl.RoleInfo (RoleInfo.java:shutdownFollowerState(108)) - b32faf46-69b0-41ce-b187-d9527561eeb9: shutdown b32faf46-69b0-41ce-b187-d9527561eeb9@group-DED385BE976B-FollowerState
2021-07-17 01:44:41,654 [b32faf46-69b0-41ce-b187-d9527561eeb9@group-DED385BE976B-FollowerState] INFO  server.RaftServer$Division (RaftServerImpl.java:setRole(284)) - b32faf46-69b0-41ce-b187-d9527561eeb9@group-DED385BE976B: changes role from  FOLLOWER to CANDIDATE at term 0 for changeToCandidate
2021-07-17 01:44:41,654 [b32faf46-69b0-41ce-b187-d9527561eeb9@group-DED385BE976B-FollowerState] INFO  server.RaftServerConfigKeys (ConfUtils.java:logGet(44)) - raft.server.leaderelection.pre-vote = false (custom)
2021-07-17 01:44:41,654 [b32faf46-69b0-41ce-b187-d9527561eeb9@group-DED385BE976B-FollowerState] INFO  impl.RoleInfo (RoleInfo.java:updateAndGet(130)) - b32faf46-69b0-41ce-b187-d9527561eeb9: start b32faf46-69b0-41ce-b187-d9527561eeb9@group-DED385BE976B-LeaderElection53
2021-07-17 01:44:41,658 [b32faf46-69b0-41ce-b187-d9527561eeb9@group-DED385BE976B-LeaderElection53] INFO  impl.LeaderElection (LeaderElection.java:askForVotes(306)) - b32faf46-69b0-41ce-b187-d9527561eeb9@group-DED385BE976B-LeaderElection53 ELECTION round 0: submit vote requests at term 1 for -1: [b32faf46-69b0-41ce-b187-d9527561eeb9|rpc:10.1.0.46:42083|priority:1], old=null
2021-07-17 01:44:41,658 [b32faf46-69b0-41ce-b187-d9527561eeb9@group-DED385BE976B-LeaderElection53] INFO  impl.LeaderElection (LeaderElection.java:askForVotes(308)) - b32faf46-69b0-41ce-b187-d9527561eeb9@group-DED385BE976B-LeaderElection53 ELECTION round 0: result PASSED (term=1)
2021-07-17 01:44:41,658 [b32faf46-69b0-41ce-b187-d9527561eeb9@group-DED385BE976B-LeaderElection53] INFO  impl.RoleInfo (RoleInfo.java:shutdownLeaderElection(121)) - b32faf46-69b0-41ce-b187-d9527561eeb9: shutdown b32faf46-69b0-41ce-b187-d9527561eeb9@group-DED385BE976B-LeaderElection53
2021-07-17 01:44:41,658 [b32faf46-69b0-41ce-b187-d9527561eeb9@group-DED385BE976B-LeaderElection53] INFO  server.RaftServer$Division (RaftServerImpl.java:setRole(284)) - b32faf46-69b0-41ce-b187-d9527561eeb9@group-DED385BE976B: changes role from CANDIDATE to LEADER at term 1 for changeToLeader
2021-07-17 01:44:41,659 [b32faf46-69b0-41ce-b187-d9527561eeb9@group-DED385BE976B-LeaderElection53] INFO  ratis.XceiverServerRatis (XceiverServerRatis.java:handleLeaderChangedNotification(857)) - Leader change notification received for group: group-DED385BE976B with new leaderId: b32faf46-69b0-41ce-b187-d9527561eeb9
2021-07-17 01:44:41,659 [b32faf46-69b0-41ce-b187-d9527561eeb9@group-DED385BE976B-LeaderElection53] INFO  server.RaftServer$Division (ServerState.java:setLeader(271)) - b32faf46-69b0-41ce-b187-d9527561eeb9@group-DED385BE976B: change Leader from null to b32faf46-69b0-41ce-b187-d9527561eeb9 at term 1 for becomeLeader, leader elected after 5044ms
2021-07-17 01:44:41,659 [b32faf46-69b0-41ce-b187-d9527561eeb9@group-DED385BE976B-LeaderElection53] INFO  server.RaftServerConfigKeys (ConfUtils.java:logGet(44)) - raft.server.staging.catchup.gap = 1000 (default)
2021-07-17 01:44:41,659 [Datanode State Machine Thread - 0] WARN  statemachine.StateContext (StateContext.java:execute(621)) - No available thread in pool for past 1 seconds.
2021-07-17 01:44:41,659 [b32faf46-69b0-41ce-b187-d9527561eeb9@group-DED385BE976B-LeaderElection53] INFO  metrics.RatisMetrics (RatisMetrics.java:lambda$create$0(36)) - Creating Metrics Registry : ratis.log_appender.b32faf46-69b0-41ce-b187-d9527561eeb9@group-DED385BE976B
2021-07-17 01:44:41,659 [EventQueue-OpenPipelineForHealthyPipelineSafeModeRule] INFO  safemode.SCMSafeModeManager (HealthyPipelineSafeModeRule.java:process(124)) - SCM in safe mode. Healthy pipelines reported count is 0, required healthy pipeline reported count is 1
2021-07-17 01:44:41,659 [b32faf46-69b0-41ce-b187-d9527561eeb9@group-DED385BE976B-LeaderElection53] INFO  server.RaftServerConfigKeys (ConfUtils.java:logGet(44)) - raft.server.write.element-limit = 1024 (custom)
2021-07-17 01:44:41,660 [b32faf46-69b0-41ce-b187-d9527561eeb9@group-DED385BE976B-LeaderElection53] INFO  server.RaftServerConfigKeys (ConfUtils.java:logGet(44)) - raft.server.write.byte-limit = 1073741824 (custom)
2021-07-17 01:44:41,660 [b32faf46-69b0-41ce-b187-d9527561eeb9@group-DED385BE976B-LeaderElection53] INFO  server.RaftServerConfigKeys (ConfUtils.java:logGet(44)) - raft.server.watch.timeout = 3000ms (custom)
2021-07-17 01:44:41,660 [b32faf46-69b0-41ce-b187-d9527561eeb9@group-DED385BE976B-LeaderElection53] INFO  server.RaftServerConfigKeys (ConfUtils.java:logGet(44)) - raft.server.watch.timeout.denomination = 1s (default)
2021-07-17 01:44:41,660 [b32faf46-69b0-41ce-b187-d9527561eeb9@group-DED385BE976B-LeaderElection53] INFO  server.RaftServerConfigKeys (ConfUtils.java:logGet(44)) - raft.server.watch.element-limit = 65536 (default)
2021-07-17 01:44:41,660 [b32faf46-69b0-41ce-b187-d9527561eeb9@group-DED385BE976B-LeaderElection53] INFO  impl.RoleInfo (RoleInfo.java:updateAndGet(130)) - b32faf46-69b0-41ce-b187-d9527561eeb9: start b32faf46-69b0-41ce-b187-d9527561eeb9@group-DED385BE976B-LeaderStateImpl
2021-07-17 01:44:41,661 [b32faf46-69b0-41ce-b187-d9527561eeb9@group-DED385BE976B-LeaderElection53] INFO  segmented.SegmentedRaftLogWorker (SegmentedRaftLogWorker.java:startLogSegment(394)) - b32faf46-69b0-41ce-b187-d9527561eeb9@group-DED385BE976B-SegmentedRaftLogWorker: Starting segment from index:0
2021-07-17 01:44:41,661 [b32faf46-69b0-41ce-b187-d9527561eeb9@group-DED385BE976B-SegmentedRaftLogWorker] INFO  segmented.SegmentedRaftLogWorker (SegmentedRaftLogWorker.java:execute(601)) - b32faf46-69b0-41ce-b187-d9527561eeb9@group-DED385BE976B-SegmentedRaftLogWorker: created new log segment /home/runner/work/ozone/ozone/mnt/ozone/hadoop-ozone/integration-test/target/test-dir/MiniOzoneClusterImpl-ab53e13c-b7a0-452c-aef0-b95992dbe1a2/datanode-1/data/ratis/d89eed4d-18d6-463a-bc26-ded385be976b/current/log_inprogress_0
2021-07-17 01:44:41,665 [b32faf46-69b0-41ce-b187-d9527561eeb9@group-DED385BE976B-LeaderElection53] INFO  server.RaftServer$Division (ServerState.java:setRaftConf(373)) - b32faf46-69b0-41ce-b187-d9527561eeb9@group-DED385BE976B: set configuration 0: [b32faf46-69b0-41ce-b187-d9527561eeb9|rpc:10.1.0.46:42083|dataStream:|priority:1], old=null
2021-07-17 01:44:41,844 [30d49bb6-b206-443f-92f8-de1941ac4061@group-5883ECDA4F1A-FollowerState] INFO  impl.FollowerState (FollowerState.java:run(134)) - 30d49bb6-b206-443f-92f8-de1941ac4061@group-5883ECDA4F1A-FollowerState: change to CANDIDATE, lastRpcElapsedTime:5082114483ns, electionTimeout:5081ms
2021-07-17 01:44:41,844 [30d49bb6-b206-443f-92f8-de1941ac4061@group-5883ECDA4F1A-FollowerState] INFO  impl.RoleInfo (RoleInfo.java:shutdownFollowerState(108)) - 30d49bb6-b206-443f-92f8-de1941ac4061: shutdown 30d49bb6-b206-443f-92f8-de1941ac4061@group-5883ECDA4F1A-FollowerState
2021-07-17 01:44:41,844 [30d49bb6-b206-443f-92f8-de1941ac4061@group-5883ECDA4F1A-FollowerState] INFO  server.RaftServer$Division (RaftServerImpl.java:setRole(284)) - 30d49bb6-b206-443f-92f8-de1941ac4061@group-5883ECDA4F1A: changes role from  FOLLOWER to CANDIDATE at term 0 for changeToCandidate
2021-07-17 01:44:41,845 [30d49bb6-b206-443f-92f8-de1941ac4061@group-5883ECDA4F1A-FollowerState] INFO  server.RaftServerConfigKeys (ConfUtils.java:logGet(44)) - raft.server.leaderelection.pre-vote = false (custom)
2021-07-17 01:44:41,846 [30d49bb6-b206-443f-92f8-de1941ac4061@group-5883ECDA4F1A-FollowerState] INFO  impl.RoleInfo (RoleInfo.java:updateAndGet(130)) - 30d49bb6-b206-443f-92f8-de1941ac4061: start 30d49bb6-b206-443f-92f8-de1941ac4061@group-5883ECDA4F1A-LeaderElection54
2021-07-17 01:44:41,848 [30d49bb6-b206-443f-92f8-de1941ac4061@group-5883ECDA4F1A-LeaderElection54] INFO  impl.LeaderElection (LeaderElection.java:askForVotes(306)) - 30d49bb6-b206-443f-92f8-de1941ac4061@group-5883ECDA4F1A-LeaderElection54 ELECTION round 0: submit vote requests at term 1 for -1: [30d49bb6-b206-443f-92f8-de1941ac4061|rpc:10.1.0.46:40535|priority:1], old=null
2021-07-17 01:44:41,848 [30d49bb6-b206-443f-92f8-de1941ac4061@group-5883ECDA4F1A-LeaderElection54] INFO  impl.LeaderElection (LeaderElection.java:askForVotes(308)) - 30d49bb6-b206-443f-92f8-de1941ac4061@group-5883ECDA4F1A-LeaderElection54 ELECTION round 0: result PASSED (term=1)
2021-07-17 01:44:41,848 [30d49bb6-b206-443f-92f8-de1941ac4061@group-5883ECDA4F1A-LeaderElection54] INFO  impl.RoleInfo (RoleInfo.java:shutdownLeaderElection(121)) - 30d49bb6-b206-443f-92f8-de1941ac4061: shutdown 30d49bb6-b206-443f-92f8-de1941ac4061@group-5883ECDA4F1A-LeaderElection54
2021-07-17 01:44:41,848 [30d49bb6-b206-443f-92f8-de1941ac4061@group-5883ECDA4F1A-LeaderElection54] INFO  server.RaftServer$Division (RaftServerImpl.java:setRole(284)) - 30d49bb6-b206-443f-92f8-de1941ac4061@group-5883ECDA4F1A: changes role from CANDIDATE to LEADER at term 1 for changeToLeader
2021-07-17 01:44:41,848 [30d49bb6-b206-443f-92f8-de1941ac4061@group-5883ECDA4F1A-LeaderElection54] INFO  ratis.XceiverServerRatis (XceiverServerRatis.java:handleLeaderChangedNotification(857)) - Leader change notification received for group: group-5883ECDA4F1A with new leaderId: 30d49bb6-b206-443f-92f8-de1941ac4061
2021-07-17 01:44:41,849 [30d49bb6-b206-443f-92f8-de1941ac4061@group-5883ECDA4F1A-LeaderElection54] INFO  server.RaftServer$Division (ServerState.java:setLeader(271)) - 30d49bb6-b206-443f-92f8-de1941ac4061@group-5883ECDA4F1A: change Leader from null to 30d49bb6-b206-443f-92f8-de1941ac4061 at term 1 for becomeLeader, leader elected after 5093ms
2021-07-17 01:44:41,849 [30d49bb6-b206-443f-92f8-de1941ac4061@group-5883ECDA4F1A-LeaderElection54] INFO  server.RaftServerConfigKeys (ConfUtils.java:logGet(44)) - raft.server.staging.catchup.gap = 1000 (default)
2021-07-17 01:44:41,849 [30d49bb6-b206-443f-92f8-de1941ac4061@group-5883ECDA4F1A-LeaderElection54] INFO  metrics.RatisMetrics (RatisMetrics.java:lambda$create$0(36)) - Creating Metrics Registry : ratis.log_appender.30d49bb6-b206-443f-92f8-de1941ac4061@group-5883ECDA4F1A
2021-07-17 01:44:41,849 [30d49bb6-b206-443f-92f8-de1941ac4061@group-5883ECDA4F1A-LeaderElection54] INFO  server.RaftServerConfigKeys (ConfUtils.java:logGet(44)) - raft.server.write.element-limit = 1024 (custom)
2021-07-17 01:44:41,849 [30d49bb6-b206-443f-92f8-de1941ac4061@group-5883ECDA4F1A-LeaderElection54] INFO  server.RaftServerConfigKeys (ConfUtils.java:logGet(44)) - raft.server.write.byte-limit = 1073741824 (custom)
2021-07-17 01:44:41,850 [EventQueue-OpenPipelineForHealthyPipelineSafeModeRule] INFO  safemode.SCMSafeModeManager (HealthyPipelineSafeModeRule.java:process(124)) - SCM in safe mode. Healthy pipelines reported count is 0, required healthy pipeline reported count is 1
2021-07-17 01:44:41,850 [30d49bb6-b206-443f-92f8-de1941ac4061@group-5883ECDA4F1A-LeaderElection54] INFO  server.RaftServerConfigKeys (ConfUtils.java:logGet(44)) - raft.server.watch.timeout = 3000ms (custom)
2021-07-17 01:44:41,850 [30d49bb6-b206-443f-92f8-de1941ac4061@group-5883ECDA4F1A-LeaderElection54] INFO  server.RaftServerConfigKeys (ConfUtils.java:logGet(44)) - raft.server.watch.timeout.denomination = 1s (default)
2021-07-17 01:44:41,850 [30d49bb6-b206-443f-92f8-de1941ac4061@group-5883ECDA4F1A-LeaderElection54] INFO  server.RaftServerConfigKeys (ConfUtils.java:logGet(44)) - raft.server.watch.element-limit = 65536 (default)
2021-07-17 01:44:41,850 [30d49bb6-b206-443f-92f8-de1941ac4061@group-5883ECDA4F1A-LeaderElection54] INFO  impl.RoleInfo (RoleInfo.java:updateAndGet(130)) - 30d49bb6-b206-443f-92f8-de1941ac4061: start 30d49bb6-b206-443f-92f8-de1941ac4061@group-5883ECDA4F1A-LeaderStateImpl
2021-07-17 01:44:41,850 [30d49bb6-b206-443f-92f8-de1941ac4061@group-5883ECDA4F1A-LeaderElection54] INFO  segmented.SegmentedRaftLogWorker (SegmentedRaftLogWorker.java:startLogSegment(394)) - 30d49bb6-b206-443f-92f8-de1941ac4061@group-5883ECDA4F1A-SegmentedRaftLogWorker: Starting segment from index:0
2021-07-17 01:44:41,851 [30d49bb6-b206-443f-92f8-de1941ac4061@group-5883ECDA4F1A-LeaderElection54] INFO  server.RaftServer$Division (ServerState.java:setRaftConf(373)) - 30d49bb6-b206-443f-92f8-de1941ac4061@group-5883ECDA4F1A: set configuration 0: [30d49bb6-b206-443f-92f8-de1941ac4061|rpc:10.1.0.46:40535|dataStream:|priority:1], old=null
2021-07-17 01:44:41,852 [30d49bb6-b206-443f-92f8-de1941ac4061@group-5883ECDA4F1A-SegmentedRaftLogWorker] INFO  segmented.SegmentedRaftLogWorker (SegmentedRaftLogWorker.java:execute(601)) - 30d49bb6-b206-443f-92f8-de1941ac4061@group-5883ECDA4F1A-SegmentedRaftLogWorker: created new log segment /home/runner/work/ozone/ozone/mnt/ozone/hadoop-ozone/integration-test/target/test-dir/MiniOzoneClusterImpl-ab53e13c-b7a0-452c-aef0-b95992dbe1a2/datanode-2/data/ratis/308d6815-5698-44e4-a3f7-5883ecda4f1a/current/log_inprogress_0
2021-07-17 01:44:41,912 [8befdf63-f118-4996-8ccb-439953d58c5e@group-5D96DBAC4262-FollowerState] INFO  impl.FollowerState (FollowerState.java:run(134)) - 8befdf63-f118-4996-8ccb-439953d58c5e@group-5D96DBAC4262-FollowerState: change to CANDIDATE, lastRpcElapsedTime:5002369520ns, electionTimeout:5002ms
2021-07-17 01:44:41,912 [8befdf63-f118-4996-8ccb-439953d58c5e@group-5D96DBAC4262-FollowerState] INFO  impl.RoleInfo (RoleInfo.java:shutdownFollowerState(108)) - 8befdf63-f118-4996-8ccb-439953d58c5e: shutdown 8befdf63-f118-4996-8ccb-439953d58c5e@group-5D96DBAC4262-FollowerState
2021-07-17 01:44:41,912 [8befdf63-f118-4996-8ccb-439953d58c5e@group-5D96DBAC4262-FollowerState] INFO  server.RaftServer$Division (RaftServerImpl.java:setRole(284)) - 8befdf63-f118-4996-8ccb-439953d58c5e@group-5D96DBAC4262: changes role from  FOLLOWER to CANDIDATE at term 0 for changeToCandidate
2021-07-17 01:44:41,914 [8befdf63-f118-4996-8ccb-439953d58c5e@group-5D96DBAC4262-FollowerState] INFO  server.RaftServerConfigKeys (ConfUtils.java:logGet(44)) - raft.server.leaderelection.pre-vote = false (custom)
2021-07-17 01:44:41,914 [8befdf63-f118-4996-8ccb-439953d58c5e@group-5D96DBAC4262-FollowerState] INFO  impl.RoleInfo (RoleInfo.java:updateAndGet(130)) - 8befdf63-f118-4996-8ccb-439953d58c5e: start 8befdf63-f118-4996-8ccb-439953d58c5e@group-5D96DBAC4262-LeaderElection55
2021-07-17 01:44:41,919 [8befdf63-f118-4996-8ccb-439953d58c5e@group-5D96DBAC4262-LeaderElection55] INFO  impl.LeaderElection (LeaderElection.java:askForVotes(306)) - 8befdf63-f118-4996-8ccb-439953d58c5e@group-5D96DBAC4262-LeaderElection55 ELECTION round 0: submit vote requests at term 1 for -1: [8befdf63-f118-4996-8ccb-439953d58c5e|rpc:10.1.0.46:43351|priority:1], old=null
2021-07-17 01:44:41,919 [8befdf63-f118-4996-8ccb-439953d58c5e@group-5D96DBAC4262-LeaderElection55] INFO  impl.LeaderElection (LeaderElection.java:askForVotes(308)) - 8befdf63-f118-4996-8ccb-439953d58c5e@group-5D96DBAC4262-LeaderElection55 ELECTION round 0: result PASSED (term=1)
2021-07-17 01:44:41,919 [8befdf63-f118-4996-8ccb-439953d58c5e@group-5D96DBAC4262-LeaderElection55] INFO  impl.RoleInfo (RoleInfo.java:shutdownLeaderElection(121)) - 8befdf63-f118-4996-8ccb-439953d58c5e: shutdown 8befdf63-f118-4996-8ccb-439953d58c5e@group-5D96DBAC4262-LeaderElection55
2021-07-17 01:44:41,919 [8befdf63-f118-4996-8ccb-439953d58c5e@group-5D96DBAC4262-LeaderElection55] INFO  server.RaftServer$Division (RaftServerImpl.java:setRole(284)) - 8befdf63-f118-4996-8ccb-439953d58c5e@group-5D96DBAC4262: changes role from CANDIDATE to LEADER at term 1 for changeToLeader
2021-07-17 01:44:41,919 [8befdf63-f118-4996-8ccb-439953d58c5e@group-5D96DBAC4262-LeaderElection55] INFO  ratis.XceiverServerRatis (XceiverServerRatis.java:handleLeaderChangedNotification(857)) - Leader change notification received for group: group-5D96DBAC4262 with new leaderId: 8befdf63-f118-4996-8ccb-439953d58c5e
2021-07-17 01:44:41,920 [8befdf63-f118-4996-8ccb-439953d58c5e@group-5D96DBAC4262-LeaderElection55] INFO  server.RaftServer$Division (ServerState.java:setLeader(271)) - 8befdf63-f118-4996-8ccb-439953d58c5e@group-5D96DBAC4262: change Leader from null to 8befdf63-f118-4996-8ccb-439953d58c5e at term 1 for becomeLeader, leader elected after 5015ms
2021-07-17 01:44:41,920 [8befdf63-f118-4996-8ccb-439953d58c5e@group-5D96DBAC4262-LeaderElection55] INFO  server.RaftServerConfigKeys (ConfUtils.java:logGet(44)) - raft.server.staging.catchup.gap = 1000 (default)
2021-07-17 01:44:41,920 [8befdf63-f118-4996-8ccb-439953d58c5e@group-5D96DBAC4262-LeaderElection55] INFO  metrics.RatisMetrics (RatisMetrics.java:lambda$create$0(36)) - Creating Metrics Registry : ratis.log_appender.8befdf63-f118-4996-8ccb-439953d58c5e@group-5D96DBAC4262
2021-07-17 01:44:41,920 [8befdf63-f118-4996-8ccb-439953d58c5e@group-5D96DBAC4262-LeaderElection55] INFO  server.RaftServerConfigKeys (ConfUtils.java:logGet(44)) - raft.server.write.element-limit = 1024 (custom)
2021-07-17 01:44:41,920 [8befdf63-f118-4996-8ccb-439953d58c5e@group-5D96DBAC4262-LeaderElection55] INFO  server.RaftServerConfigKeys (ConfUtils.java:logGet(44)) - raft.server.write.byte-limit = 1073741824 (custom)
2021-07-17 01:44:41,921 [8befdf63-f118-4996-8ccb-439953d58c5e@group-5D96DBAC4262-LeaderElection55] INFO  server.RaftServerConfigKeys (ConfUtils.java:logGet(44)) - raft.server.watch.timeout = 3000ms (custom)
2021-07-17 01:44:41,921 [8befdf63-f118-4996-8ccb-439953d58c5e@group-5D96DBAC4262-LeaderElection55] INFO  server.RaftServerConfigKeys (ConfUtils.java:logGet(44)) - raft.server.watch.timeout.denomination = 1s (default)
2021-07-17 01:44:41,922 [8befdf63-f118-4996-8ccb-439953d58c5e@group-5D96DBAC4262-LeaderElection55] INFO  server.RaftServerConfigKeys (ConfUtils.java:logGet(44)) - raft.server.watch.element-limit = 65536 (default)
2021-07-17 01:44:41,922 [8befdf63-f118-4996-8ccb-439953d58c5e@group-5D96DBAC4262-LeaderElection55] INFO  impl.RoleInfo (RoleInfo.java:updateAndGet(130)) - 8befdf63-f118-4996-8ccb-439953d58c5e: start 8befdf63-f118-4996-8ccb-439953d58c5e@group-5D96DBAC4262-LeaderStateImpl
2021-07-17 01:44:41,922 [8befdf63-f118-4996-8ccb-439953d58c5e@group-5D96DBAC4262-LeaderElection55] INFO  segmented.SegmentedRaftLogWorker (SegmentedRaftLogWorker.java:startLogSegment(394)) - 8befdf63-f118-4996-8ccb-439953d58c5e@group-5D96DBAC4262-SegmentedRaftLogWorker: Starting segment from index:0
2021-07-17 01:44:41,922 [EventQueue-OpenPipelineForHealthyPipelineSafeModeRule] INFO  safemode.SCMSafeModeManager (HealthyPipelineSafeModeRule.java:process(124)) - SCM in safe mode. Healthy pipelines reported count is 0, required healthy pipeline reported count is 1
2021-07-17 01:44:41,924 [8befdf63-f118-4996-8ccb-439953d58c5e@group-5D96DBAC4262-SegmentedRaftLogWorker] INFO  segmented.SegmentedRaftLogWorker (SegmentedRaftLogWorker.java:execute(601)) - 8befdf63-f118-4996-8ccb-439953d58c5e@group-5D96DBAC4262-SegmentedRaftLogWorker: created new log segment /home/runner/work/ozone/ozone/mnt/ozone/hadoop-ozone/integration-test/target/test-dir/MiniOzoneClusterImpl-ab53e13c-b7a0-452c-aef0-b95992dbe1a2/datanode-3/data/ratis/eb96b381-bce4-4690-90b6-5d96dbac4262/current/log_inprogress_0
2021-07-17 01:44:41,924 [8befdf63-f118-4996-8ccb-439953d58c5e@group-5D96DBAC4262-LeaderElection55] INFO  server.RaftServer$Division (ServerState.java:setRaftConf(373)) - 8befdf63-f118-4996-8ccb-439953d58c5e@group-5D96DBAC4262: set configuration 0: [8befdf63-f118-4996-8ccb-439953d58c5e|rpc:10.1.0.46:43351|dataStream:|priority:1], old=null
2021-07-17 01:44:42,069 [8befdf63-f118-4996-8ccb-439953d58c5e@group-70810AB09C8B-FollowerState] INFO  impl.FollowerState (FollowerState.java:run(134)) - 8befdf63-f118-4996-8ccb-439953d58c5e@group-70810AB09C8B-FollowerState: change to CANDIDATE, lastRpcElapsedTime:5150307020ns, electionTimeout:5145ms
2021-07-17 01:44:42,070 [8befdf63-f118-4996-8ccb-439953d58c5e@group-70810AB09C8B-FollowerState] INFO  impl.RoleInfo (RoleInfo.java:shutdownFollowerState(108)) - 8befdf63-f118-4996-8ccb-439953d58c5e: shutdown 8befdf63-f118-4996-8ccb-439953d58c5e@group-70810AB09C8B-FollowerState
2021-07-17 01:44:42,070 [8befdf63-f118-4996-8ccb-439953d58c5e@group-70810AB09C8B-FollowerState] INFO  server.RaftServer$Division (RaftServerImpl.java:setRole(284)) - 8befdf63-f118-4996-8ccb-439953d58c5e@group-70810AB09C8B: changes role from  FOLLOWER to CANDIDATE at term 0 for changeToCandidate
2021-07-17 01:44:42,070 [8befdf63-f118-4996-8ccb-439953d58c5e@group-70810AB09C8B-FollowerState] INFO  server.RaftServerConfigKeys (ConfUtils.java:logGet(44)) - raft.server.leaderelection.pre-vote = false (custom)
2021-07-17 01:44:42,070 [8befdf63-f118-4996-8ccb-439953d58c5e@group-70810AB09C8B-FollowerState] INFO  impl.RoleInfo (RoleInfo.java:updateAndGet(130)) - 8befdf63-f118-4996-8ccb-439953d58c5e: start 8befdf63-f118-4996-8ccb-439953d58c5e@group-70810AB09C8B-LeaderElection56
2021-07-17 01:44:42,073 [8befdf63-f118-4996-8ccb-439953d58c5e@group-70810AB09C8B-LeaderElection56] INFO  impl.LeaderElection (LeaderElection.java:askForVotes(306)) - 8befdf63-f118-4996-8ccb-439953d58c5e@group-70810AB09C8B-LeaderElection56 ELECTION round 0: submit vote requests at term 1 for -1: [10a21550-a5a0-488e-a6a8-a727859c68fc|rpc:10.1.0.46:43097|priority:1, 8befdf63-f118-4996-8ccb-439953d58c5e|rpc:10.1.0.46:43351|priority:0, 90710055-331b-448d-a626-ec94cfb52e3b|rpc:10.1.0.46:37627|priority:0], old=null
2021-07-17 01:44:42,090 [grpc-default-executor-1] INFO  server.RaftServer$Division (RaftServerImpl.java:requestVote(1042)) - 90710055-331b-448d-a626-ec94cfb52e3b@group-70810AB09C8B: receive requestVote(ELECTION, 8befdf63-f118-4996-8ccb-439953d58c5e, group-70810AB09C8B, 1, (t:0, i:0))
2021-07-17 01:44:42,091 [grpc-default-executor-1] INFO  impl.VoteContext (VoteContext.java:log(48)) - 90710055-331b-448d-a626-ec94cfb52e3b@group-70810AB09C8B-FOLLOWER: accept ELECTION from 8befdf63-f118-4996-8ccb-439953d58c5e: our priority 0 <= candidate's priority 0
2021-07-17 01:44:42,091 [grpc-default-executor-1] INFO  server.RaftServer$Division (RaftServerImpl.java:setRole(284)) - 90710055-331b-448d-a626-ec94cfb52e3b@group-70810AB09C8B: changes role from  FOLLOWER to FOLLOWER at term 1 for candidate:8befdf63-f118-4996-8ccb-439953d58c5e
2021-07-17 01:44:42,091 [grpc-default-executor-1] INFO  impl.RoleInfo (RoleInfo.java:shutdownFollowerState(108)) - 90710055-331b-448d-a626-ec94cfb52e3b: shutdown 90710055-331b-448d-a626-ec94cfb52e3b@group-70810AB09C8B-FollowerState
2021-07-17 01:44:42,091 [grpc-default-executor-1] INFO  impl.RoleInfo (RoleInfo.java:updateAndGet(130)) - 90710055-331b-448d-a626-ec94cfb52e3b: start 90710055-331b-448d-a626-ec94cfb52e3b@group-70810AB09C8B-FollowerState
2021-07-17 01:44:42,091 [90710055-331b-448d-a626-ec94cfb52e3b@group-70810AB09C8B-FollowerState] INFO  impl.FollowerState (FollowerState.java:run(143)) - 90710055-331b-448d-a626-ec94cfb52e3b@group-70810AB09C8B-FollowerState was interrupted: {}
java.lang.InterruptedException: sleep interrupted
	at java.lang.Thread.sleep(Native Method)
	at java.lang.Thread.sleep(Thread.java:340)
	at java.util.concurrent.TimeUnit.sleep(TimeUnit.java:386)
	at org.apache.ratis.util.TimeDuration.sleep(TimeDuration.java:324)
	at org.apache.ratis.util.TimeDuration.sleep(TimeDuration.java:309)
	at org.apache.ratis.server.impl.FollowerState.run(FollowerState.java:118)
2021-07-17 01:44:42,095 [grpc-default-executor-1] INFO  server.RaftServer$Division (RaftServerImpl.java:requestVote(1074)) - 90710055-331b-448d-a626-ec94cfb52e3b@group-70810AB09C8B replies to ELECTION vote request: 8befdf63-f118-4996-8ccb-439953d58c5e<-90710055-331b-448d-a626-ec94cfb52e3b#0:OK-t1. Peer's state: 90710055-331b-448d-a626-ec94cfb52e3b@group-70810AB09C8B:t1, leader=null, voted=8befdf63-f118-4996-8ccb-439953d58c5e, raftlog=90710055-331b-448d-a626-ec94cfb52e3b@group-70810AB09C8B-SegmentedRaftLog:OPENED:c-1,f-1,i0, conf=-1: [10a21550-a5a0-488e-a6a8-a727859c68fc|rpc:10.1.0.46:43097|dataStream:|priority:1, 8befdf63-f118-4996-8ccb-439953d58c5e|rpc:10.1.0.46:43351|dataStream:|priority:0, 90710055-331b-448d-a626-ec94cfb52e3b|rpc:10.1.0.46:37627|dataStream:|priority:0], old=null
2021-07-17 01:44:42,096 [grpc-default-executor-3] INFO  server.RaftServer$Division (RaftServerImpl.java:requestVote(1042)) - 10a21550-a5a0-488e-a6a8-a727859c68fc@group-70810AB09C8B: receive requestVote(ELECTION, 8befdf63-f118-4996-8ccb-439953d58c5e, group-70810AB09C8B, 1, (t:0, i:0))
2021-07-17 01:44:42,096 [grpc-default-executor-3] INFO  impl.VoteContext (VoteContext.java:log(48)) - 10a21550-a5a0-488e-a6a8-a727859c68fc@group-70810AB09C8B-FOLLOWER: reject ELECTION from 8befdf63-f118-4996-8ccb-439953d58c5e: our priority 1 > candidate's priority 0
2021-07-17 01:44:42,096 [grpc-default-executor-3] INFO  server.RaftServer$Division (RaftServerImpl.java:setRole(284)) - 10a21550-a5a0-488e-a6a8-a727859c68fc@group-70810AB09C8B: changes role from  FOLLOWER to FOLLOWER at term 1 for candidate:8befdf63-f118-4996-8ccb-439953d58c5e
2021-07-17 01:44:42,096 [grpc-default-executor-3] INFO  impl.RoleInfo (RoleInfo.java:shutdownFollowerState(108)) - 10a21550-a5a0-488e-a6a8-a727859c68fc: shutdown 10a21550-a5a0-488e-a6a8-a727859c68fc@group-70810AB09C8B-FollowerState
2021-07-17 01:44:42,096 [grpc-default-executor-3] INFO  impl.RoleInfo (RoleInfo.java:updateAndGet(130)) - 10a21550-a5a0-488e-a6a8-a727859c68fc: start 10a21550-a5a0-488e-a6a8-a727859c68fc@group-70810AB09C8B-FollowerState
2021-07-17 01:44:42,096 [10a21550-a5a0-488e-a6a8-a727859c68fc@group-70810AB09C8B-FollowerState] INFO  impl.FollowerState (FollowerState.java:run(143)) - 10a21550-a5a0-488e-a6a8-a727859c68fc@group-70810AB09C8B-FollowerState was interrupted: {}
java.lang.InterruptedException: sleep interrupted
	at java.lang.Thread.sleep(Native Method)
	at java.lang.Thread.sleep(Thread.java:340)
	at java.util.concurrent.TimeUnit.sleep(TimeUnit.java:386)
	at org.apache.ratis.util.TimeDuration.sleep(TimeDuration.java:324)
	at org.apache.ratis.util.TimeDuration.sleep(TimeDuration.java:309)
	at org.apache.ratis.server.impl.FollowerState.run(FollowerState.java:118)
2021-07-17 01:44:42,097 [grpc-default-executor-3] INFO  server.RaftServer$Division (RaftServerImpl.java:requestVote(1074)) - 10a21550-a5a0-488e-a6a8-a727859c68fc@group-70810AB09C8B replies to ELECTION vote request: 8befdf63-f118-4996-8ccb-439953d58c5e<-10a21550-a5a0-488e-a6a8-a727859c68fc#0:FAIL-t1. Peer's state: 10a21550-a5a0-488e-a6a8-a727859c68fc@group-70810AB09C8B:t1, leader=null, voted=null, raftlog=10a21550-a5a0-488e-a6a8-a727859c68fc@group-70810AB09C8B-SegmentedRaftLog:OPENED:c-1,f-1,i0, conf=-1: [10a21550-a5a0-488e-a6a8-a727859c68fc|rpc:10.1.0.46:43097|dataStream:|priority:1, 8befdf63-f118-4996-8ccb-439953d58c5e|rpc:10.1.0.46:43351|dataStream:|priority:0, 90710055-331b-448d-a626-ec94cfb52e3b|rpc:10.1.0.46:37627|dataStream:|priority:0], old=null
2021-07-17 01:44:42,098 [90710055-331b-448d-a626-ec94cfb52e3b@group-3F4B6FFFB2C9-FollowerState] INFO  impl.FollowerState (FollowerState.java:run(134)) - 90710055-331b-448d-a626-ec94cfb52e3b@group-3F4B6FFFB2C9-FollowerState: change to CANDIDATE, lastRpcElapsedTime:5055682197ns, electionTimeout:5055ms
2021-07-17 01:44:42,098 [90710055-331b-448d-a626-ec94cfb52e3b@group-3F4B6FFFB2C9-FollowerState] INFO  impl.RoleInfo (RoleInfo.java:shutdownFollowerState(108)) - 90710055-331b-448d-a626-ec94cfb52e3b: shutdown 90710055-331b-448d-a626-ec94cfb52e3b@group-3F4B6FFFB2C9-FollowerState
2021-07-17 01:44:42,098 [90710055-331b-448d-a626-ec94cfb52e3b@group-3F4B6FFFB2C9-FollowerState] INFO  server.RaftServer$Division (RaftServerImpl.java:setRole(284)) - 90710055-331b-448d-a626-ec94cfb52e3b@group-3F4B6FFFB2C9: changes role from  FOLLOWER to CANDIDATE at term 0 for changeToCandidate
2021-07-17 01:44:42,099 [90710055-331b-448d-a626-ec94cfb52e3b@group-3F4B6FFFB2C9-FollowerState] INFO  server.RaftServerConfigKeys (ConfUtils.java:logGet(44)) - raft.server.leaderelection.pre-vote = false (custom)
2021-07-17 01:44:42,099 [90710055-331b-448d-a626-ec94cfb52e3b@group-3F4B6FFFB2C9-FollowerState] INFO  impl.RoleInfo (RoleInfo.java:updateAndGet(130)) - 90710055-331b-448d-a626-ec94cfb52e3b: start 90710055-331b-448d-a626-ec94cfb52e3b@group-3F4B6FFFB2C9-LeaderElection57
2021-07-17 01:44:42,099 [8befdf63-f118-4996-8ccb-439953d58c5e@group-70810AB09C8B-LeaderElection56] INFO  impl.LeaderElection (LeaderElection.java:logAndReturn(89)) - 8befdf63-f118-4996-8ccb-439953d58c5e@group-70810AB09C8B-LeaderElection56: ELECTION REJECTED received 1 response(s) and 0 exception(s):
2021-07-17 01:44:42,099 [8befdf63-f118-4996-8ccb-439953d58c5e@group-70810AB09C8B-LeaderElection56] INFO  impl.LeaderElection (LeaderElection.java:logAndReturn(93)) -   Response 0: 8befdf63-f118-4996-8ccb-439953d58c5e<-10a21550-a5a0-488e-a6a8-a727859c68fc#0:FAIL-t1
2021-07-17 01:44:42,100 [8befdf63-f118-4996-8ccb-439953d58c5e@group-70810AB09C8B-LeaderElection56] INFO  impl.LeaderElection (LeaderElection.java:askForVotes(308)) - 8befdf63-f118-4996-8ccb-439953d58c5e@group-70810AB09C8B-LeaderElection56 ELECTION round 0: result REJECTED
2021-07-17 01:44:42,100 [8befdf63-f118-4996-8ccb-439953d58c5e@group-70810AB09C8B-LeaderElection56] INFO  server.RaftServer$Division (RaftServerImpl.java:setRole(284)) - 8befdf63-f118-4996-8ccb-439953d58c5e@group-70810AB09C8B: changes role from CANDIDATE to FOLLOWER at term 1 for REJECTED
2021-07-17 01:44:42,100 [8befdf63-f118-4996-8ccb-439953d58c5e@group-70810AB09C8B-LeaderElection56] INFO  impl.RoleInfo (RoleInfo.java:shutdownLeaderElection(121)) - 8befdf63-f118-4996-8ccb-439953d58c5e: shutdown 8befdf63-f118-4996-8ccb-439953d58c5e@group-70810AB09C8B-LeaderElection56
2021-07-17 01:44:42,100 [8befdf63-f118-4996-8ccb-439953d58c5e@group-70810AB09C8B-LeaderElection56] INFO  impl.RoleInfo (RoleInfo.java:updateAndGet(130)) - 8befdf63-f118-4996-8ccb-439953d58c5e: start 8befdf63-f118-4996-8ccb-439953d58c5e@group-70810AB09C8B-FollowerState
2021-07-17 01:44:42,105 [90710055-331b-448d-a626-ec94cfb52e3b@group-3F4B6FFFB2C9-LeaderElection57] INFO  impl.LeaderElection (LeaderElection.java:askForVotes(306)) - 90710055-331b-448d-a626-ec94cfb52e3b@group-3F4B6FFFB2C9-LeaderElection57 ELECTION round 0: submit vote requests at term 1 for -1: [90710055-331b-448d-a626-ec94cfb52e3b|rpc:10.1.0.46:37627|priority:1], old=null
2021-07-17 01:44:42,105 [90710055-331b-448d-a626-ec94cfb52e3b@group-3F4B6FFFB2C9-LeaderElection57] INFO  impl.LeaderElection (LeaderElection.java:askForVotes(308)) - 90710055-331b-448d-a626-ec94cfb52e3b@group-3F4B6FFFB2C9-LeaderElection57 ELECTION round 0: result PASSED (term=1)
2021-07-17 01:44:42,105 [90710055-331b-448d-a626-ec94cfb52e3b@group-3F4B6FFFB2C9-LeaderElection57] INFO  impl.RoleInfo (RoleInfo.java:shutdownLeaderElection(121)) - 90710055-331b-448d-a626-ec94cfb52e3b: shutdown 90710055-331b-448d-a626-ec94cfb52e3b@group-3F4B6FFFB2C9-LeaderElection57
2021-07-17 01:44:42,105 [90710055-331b-448d-a626-ec94cfb52e3b@group-3F4B6FFFB2C9-LeaderElection57] INFO  server.RaftServer$Division (RaftServerImpl.java:setRole(284)) - 90710055-331b-448d-a626-ec94cfb52e3b@group-3F4B6FFFB2C9: changes role from CANDIDATE to LEADER at term 1 for changeToLeader
2021-07-17 01:44:42,105 [90710055-331b-448d-a626-ec94cfb52e3b@group-3F4B6FFFB2C9-LeaderElection57] INFO  ratis.XceiverServerRatis (XceiverServerRatis.java:handleLeaderChangedNotification(857)) - Leader change notification received for group: group-3F4B6FFFB2C9 with new leaderId: 90710055-331b-448d-a626-ec94cfb52e3b
2021-07-17 01:44:42,105 [Datanode State Machine Thread - 0] WARN  statemachine.StateContext (StateContext.java:execute(621)) - No available thread in pool for past 1 seconds.
2021-07-17 01:44:42,106 [90710055-331b-448d-a626-ec94cfb52e3b@group-3F4B6FFFB2C9-LeaderElection57] INFO  server.RaftServer$Division (ServerState.java:setLeader(271)) - 90710055-331b-448d-a626-ec94cfb52e3b@group-3F4B6FFFB2C9: change Leader from null to 90710055-331b-448d-a626-ec94cfb52e3b at term 1 for becomeLeader, leader elected after 5069ms
2021-07-17 01:44:42,106 [90710055-331b-448d-a626-ec94cfb52e3b@group-3F4B6FFFB2C9-LeaderElection57] INFO  server.RaftServerConfigKeys (ConfUtils.java:logGet(44)) - raft.server.staging.catchup.gap = 1000 (default)
2021-07-17 01:44:42,106 [90710055-331b-448d-a626-ec94cfb52e3b@group-3F4B6FFFB2C9-LeaderElection57] INFO  metrics.RatisMetrics (RatisMetrics.java:lambda$create$0(36)) - Creating Metrics Registry : ratis.log_appender.90710055-331b-448d-a626-ec94cfb52e3b@group-3F4B6FFFB2C9
2021-07-17 01:44:42,106 [90710055-331b-448d-a626-ec94cfb52e3b@group-3F4B6FFFB2C9-LeaderElection57] INFO  server.RaftServerConfigKeys (ConfUtils.java:logGet(44)) - raft.server.write.element-limit = 1024 (custom)
2021-07-17 01:44:42,106 [90710055-331b-448d-a626-ec94cfb52e3b@group-3F4B6FFFB2C9-LeaderElection57] INFO  server.RaftServerConfigKeys (ConfUtils.java:logGet(44)) - raft.server.write.byte-limit = 1073741824 (custom)
2021-07-17 01:44:42,106 [EventQueue-OpenPipelineForHealthyPipelineSafeModeRule] INFO  safemode.SCMSafeModeManager (HealthyPipelineSafeModeRule.java:process(124)) - SCM in safe mode. Healthy pipelines reported count is 0, required healthy pipeline reported count is 1
2021-07-17 01:44:42,107 [90710055-331b-448d-a626-ec94cfb52e3b@group-3F4B6FFFB2C9-LeaderElection57] INFO  server.RaftServerConfigKeys (ConfUtils.java:logGet(44)) - raft.server.watch.timeout = 3000ms (custom)
2021-07-17 01:44:42,107 [90710055-331b-448d-a626-ec94cfb52e3b@group-3F4B6FFFB2C9-LeaderElection57] INFO  server.RaftServerConfigKeys (ConfUtils.java:logGet(44)) - raft.server.watch.timeout.denomination = 1s (default)
2021-07-17 01:44:42,107 [90710055-331b-448d-a626-ec94cfb52e3b@group-3F4B6FFFB2C9-LeaderElection57] INFO  server.RaftServerConfigKeys (ConfUtils.java:logGet(44)) - raft.server.watch.element-limit = 65536 (default)
2021-07-17 01:44:42,107 [90710055-331b-448d-a626-ec94cfb52e3b@group-3F4B6FFFB2C9-LeaderElection57] INFO  impl.RoleInfo (RoleInfo.java:updateAndGet(130)) - 90710055-331b-448d-a626-ec94cfb52e3b: start 90710055-331b-448d-a626-ec94cfb52e3b@group-3F4B6FFFB2C9-LeaderStateImpl
2021-07-17 01:44:42,107 [90710055-331b-448d-a626-ec94cfb52e3b@group-3F4B6FFFB2C9-LeaderElection57] INFO  segmented.SegmentedRaftLogWorker (SegmentedRaftLogWorker.java:startLogSegment(394)) - 90710055-331b-448d-a626-ec94cfb52e3b@group-3F4B6FFFB2C9-SegmentedRaftLogWorker: Starting segment from index:0
2021-07-17 01:44:42,109 [90710055-331b-448d-a626-ec94cfb52e3b@group-3F4B6FFFB2C9-SegmentedRaftLogWorker] INFO  segmented.SegmentedRaftLogWorker (SegmentedRaftLogWorker.java:execute(601)) - 90710055-331b-448d-a626-ec94cfb52e3b@group-3F4B6FFFB2C9-SegmentedRaftLogWorker: created new log segment /home/runner/work/ozone/ozone/mnt/ozone/hadoop-ozone/integration-test/target/test-dir/MiniOzoneClusterImpl-ab53e13c-b7a0-452c-aef0-b95992dbe1a2/datanode-4/data/ratis/7ac12946-c7d0-4d9a-ac15-3f4b6fffb2c9/current/log_inprogress_0
2021-07-17 01:44:42,109 [90710055-331b-448d-a626-ec94cfb52e3b@group-3F4B6FFFB2C9-LeaderElection57] INFO  server.RaftServer$Division (ServerState.java:setRaftConf(373)) - 90710055-331b-448d-a626-ec94cfb52e3b@group-3F4B6FFFB2C9: set configuration 0: [90710055-331b-448d-a626-ec94cfb52e3b|rpc:10.1.0.46:37627|dataStream:|priority:1], old=null
2021-07-17 01:44:42,268 [10a21550-a5a0-488e-a6a8-a727859c68fc@group-6D74CCA93B1D-FollowerState] INFO  impl.FollowerState (FollowerState.java:run(134)) - 10a21550-a5a0-488e-a6a8-a727859c68fc@group-6D74CCA93B1D-FollowerState: change to CANDIDATE, lastRpcElapsedTime:5070054851ns, electionTimeout:5069ms
2021-07-17 01:44:42,268 [10a21550-a5a0-488e-a6a8-a727859c68fc@group-6D74CCA93B1D-FollowerState] INFO  impl.RoleInfo (RoleInfo.java:shutdownFollowerState(108)) - 10a21550-a5a0-488e-a6a8-a727859c68fc: shutdown 10a21550-a5a0-488e-a6a8-a727859c68fc@group-6D74CCA93B1D-FollowerState
2021-07-17 01:44:42,268 [10a21550-a5a0-488e-a6a8-a727859c68fc@group-6D74CCA93B1D-FollowerState] INFO  server.RaftServer$Division (RaftServerImpl.java:setRole(284)) - 10a21550-a5a0-488e-a6a8-a727859c68fc@group-6D74CCA93B1D: changes role from  FOLLOWER to CANDIDATE at term 0 for changeToCandidate
2021-07-17 01:44:42,269 [10a21550-a5a0-488e-a6a8-a727859c68fc@group-6D74CCA93B1D-FollowerState] INFO  server.RaftServerConfigKeys (ConfUtils.java:logGet(44)) - raft.server.leaderelection.pre-vote = false (custom)
2021-07-17 01:44:42,269 [10a21550-a5a0-488e-a6a8-a727859c68fc@group-6D74CCA93B1D-FollowerState] INFO  impl.RoleInfo (RoleInfo.java:updateAndGet(130)) - 10a21550-a5a0-488e-a6a8-a727859c68fc: start 10a21550-a5a0-488e-a6a8-a727859c68fc@group-6D74CCA93B1D-LeaderElection58
2021-07-17 01:44:42,273 [10a21550-a5a0-488e-a6a8-a727859c68fc@group-6D74CCA93B1D-LeaderElection58] INFO  impl.LeaderElection (LeaderElection.java:askForVotes(306)) - 10a21550-a5a0-488e-a6a8-a727859c68fc@group-6D74CCA93B1D-LeaderElection58 ELECTION round 0: submit vote requests at term 1 for -1: [10a21550-a5a0-488e-a6a8-a727859c68fc|rpc:10.1.0.46:43097|priority:1], old=null
2021-07-17 01:44:42,273 [10a21550-a5a0-488e-a6a8-a727859c68fc@group-6D74CCA93B1D-LeaderElection58] INFO  impl.LeaderElection (LeaderElection.java:askForVotes(308)) - 10a21550-a5a0-488e-a6a8-a727859c68fc@group-6D74CCA93B1D-LeaderElection58 ELECTION round 0: result PASSED (term=1)
2021-07-17 01:44:42,273 [10a21550-a5a0-488e-a6a8-a727859c68fc@group-6D74CCA93B1D-LeaderElection58] INFO  impl.RoleInfo (RoleInfo.java:shutdownLeaderElection(121)) - 10a21550-a5a0-488e-a6a8-a727859c68fc: shutdown 10a21550-a5a0-488e-a6a8-a727859c68fc@group-6D74CCA93B1D-LeaderElection58
2021-07-17 01:44:42,273 [10a21550-a5a0-488e-a6a8-a727859c68fc@group-6D74CCA93B1D-LeaderElection58] INFO  server.RaftServer$Division (RaftServerImpl.java:setRole(284)) - 10a21550-a5a0-488e-a6a8-a727859c68fc@group-6D74CCA93B1D: changes role from CANDIDATE to LEADER at term 1 for changeToLeader
2021-07-17 01:44:42,273 [10a21550-a5a0-488e-a6a8-a727859c68fc@group-6D74CCA93B1D-LeaderElection58] INFO  ratis.XceiverServerRatis (XceiverServerRatis.java:handleLeaderChangedNotification(857)) - Leader change notification received for group: group-6D74CCA93B1D with new leaderId: 10a21550-a5a0-488e-a6a8-a727859c68fc
2021-07-17 01:44:42,273 [10a21550-a5a0-488e-a6a8-a727859c68fc@group-6D74CCA93B1D-LeaderElection58] INFO  server.RaftServer$Division (ServerState.java:setLeader(271)) - 10a21550-a5a0-488e-a6a8-a727859c68fc@group-6D74CCA93B1D: change Leader from null to 10a21550-a5a0-488e-a6a8-a727859c68fc at term 1 for becomeLeader, leader elected after 5082ms
2021-07-17 01:44:42,273 [10a21550-a5a0-488e-a6a8-a727859c68fc@group-6D74CCA93B1D-LeaderElection58] INFO  server.RaftServerConfigKeys (ConfUtils.java:logGet(44)) - raft.server.staging.catchup.gap = 1000 (default)
2021-07-17 01:44:42,274 [10a21550-a5a0-488e-a6a8-a727859c68fc@group-6D74CCA93B1D-LeaderElection58] INFO  metrics.RatisMetrics (RatisMetrics.java:lambda$create$0(36)) - Creating Metrics Registry : ratis.log_appender.10a21550-a5a0-488e-a6a8-a727859c68fc@group-6D74CCA93B1D
2021-07-17 01:44:42,274 [Datanode State Machine Thread - 0] WARN  statemachine.StateContext (StateContext.java:execute(621)) - No available thread in pool for past 1 seconds.
2021-07-17 01:44:42,274 [10a21550-a5a0-488e-a6a8-a727859c68fc@group-6D74CCA93B1D-LeaderElection58] INFO  server.RaftServerConfigKeys (ConfUtils.java:logGet(44)) - raft.server.write.element-limit = 1024 (custom)
2021-07-17 01:44:42,274 [10a21550-a5a0-488e-a6a8-a727859c68fc@group-6D74CCA93B1D-LeaderElection58] INFO  server.RaftServerConfigKeys (ConfUtils.java:logGet(44)) - raft.server.write.byte-limit = 1073741824 (custom)
2021-07-17 01:44:42,274 [10a21550-a5a0-488e-a6a8-a727859c68fc@group-6D74CCA93B1D-LeaderElection58] INFO  server.RaftServerConfigKeys (ConfUtils.java:logGet(44)) - raft.server.watch.timeout = 3000ms (custom)
2021-07-17 01:44:42,274 [10a21550-a5a0-488e-a6a8-a727859c68fc@group-6D74CCA93B1D-LeaderElection58] INFO  server.RaftServerConfigKeys (ConfUtils.java:logGet(44)) - raft.server.watch.timeout.denomination = 1s (default)
2021-07-17 01:44:42,274 [10a21550-a5a0-488e-a6a8-a727859c68fc@group-6D74CCA93B1D-LeaderElection58] INFO  server.RaftServerConfigKeys (ConfUtils.java:logGet(44)) - raft.server.watch.element-limit = 65536 (default)
2021-07-17 01:44:42,275 [10a21550-a5a0-488e-a6a8-a727859c68fc@group-6D74CCA93B1D-LeaderElection58] INFO  impl.RoleInfo (RoleInfo.java:updateAndGet(130)) - 10a21550-a5a0-488e-a6a8-a727859c68fc: start 10a21550-a5a0-488e-a6a8-a727859c68fc@group-6D74CCA93B1D-LeaderStateImpl
2021-07-17 01:44:42,275 [EventQueue-OpenPipelineForHealthyPipelineSafeModeRule] INFO  safemode.SCMSafeModeManager (HealthyPipelineSafeModeRule.java:process(124)) - SCM in safe mode. Healthy pipelines reported count is 0, required healthy pipeline reported count is 1
2021-07-17 01:44:42,275 [10a21550-a5a0-488e-a6a8-a727859c68fc@group-6D74CCA93B1D-LeaderElection58] INFO  segmented.SegmentedRaftLogWorker (SegmentedRaftLogWorker.java:startLogSegment(394)) - 10a21550-a5a0-488e-a6a8-a727859c68fc@group-6D74CCA93B1D-SegmentedRaftLogWorker: Starting segment from index:0
2021-07-17 01:44:42,279 [10a21550-a5a0-488e-a6a8-a727859c68fc@group-6D74CCA93B1D-LeaderElection58] INFO  server.RaftServer$Division (ServerState.java:setRaftConf(373)) - 10a21550-a5a0-488e-a6a8-a727859c68fc@group-6D74CCA93B1D: set configuration 0: [10a21550-a5a0-488e-a6a8-a727859c68fc|rpc:10.1.0.46:43097|dataStream:|priority:1], old=null
2021-07-17 01:44:42,279 [10a21550-a5a0-488e-a6a8-a727859c68fc@group-6D74CCA93B1D-SegmentedRaftLogWorker] INFO  segmented.SegmentedRaftLogWorker (SegmentedRaftLogWorker.java:execute(601)) - 10a21550-a5a0-488e-a6a8-a727859c68fc@group-6D74CCA93B1D-SegmentedRaftLogWorker: created new log segment /home/runner/work/ozone/ozone/mnt/ozone/hadoop-ozone/integration-test/target/test-dir/MiniOzoneClusterImpl-ab53e13c-b7a0-452c-aef0-b95992dbe1a2/datanode-5/data/ratis/942a632f-8ff6-439b-9c03-6d74cca93b1d/current/log_inprogress_0
2021-07-17 01:44:42,438 [155d2fb2-0dbf-48e7-822f-44a07ee5e1e6@group-2359FAE4794D-FollowerState] INFO  impl.FollowerState (FollowerState.java:run(134)) - 155d2fb2-0dbf-48e7-822f-44a07ee5e1e6@group-2359FAE4794D-FollowerState: change to CANDIDATE, lastRpcElapsedTime:5052214158ns, electionTimeout:5051ms
2021-07-17 01:44:42,438 [155d2fb2-0dbf-48e7-822f-44a07ee5e1e6@group-2359FAE4794D-FollowerState] INFO  impl.RoleInfo (RoleInfo.java:shutdownFollowerState(108)) - 155d2fb2-0dbf-48e7-822f-44a07ee5e1e6: shutdown 155d2fb2-0dbf-48e7-822f-44a07ee5e1e6@group-2359FAE4794D-FollowerState
2021-07-17 01:44:42,438 [155d2fb2-0dbf-48e7-822f-44a07ee5e1e6@group-2359FAE4794D-FollowerState] INFO  server.RaftServer$Division (RaftServerImpl.java:setRole(284)) - 155d2fb2-0dbf-48e7-822f-44a07ee5e1e6@group-2359FAE4794D: changes role from  FOLLOWER to CANDIDATE at term 0 for changeToCandidate
2021-07-17 01:44:42,440 [155d2fb2-0dbf-48e7-822f-44a07ee5e1e6@group-2359FAE4794D-FollowerState] INFO  server.RaftServerConfigKeys (ConfUtils.java:logGet(44)) - raft.server.leaderelection.pre-vote = false (custom)
2021-07-17 01:44:42,440 [155d2fb2-0dbf-48e7-822f-44a07ee5e1e6@group-2359FAE4794D-FollowerState] INFO  impl.RoleInfo (RoleInfo.java:updateAndGet(130)) - 155d2fb2-0dbf-48e7-822f-44a07ee5e1e6: start 155d2fb2-0dbf-48e7-822f-44a07ee5e1e6@group-2359FAE4794D-LeaderElection59
2021-07-17 01:44:42,442 [155d2fb2-0dbf-48e7-822f-44a07ee5e1e6@group-2359FAE4794D-LeaderElection59] INFO  impl.LeaderElection (LeaderElection.java:askForVotes(306)) - 155d2fb2-0dbf-48e7-822f-44a07ee5e1e6@group-2359FAE4794D-LeaderElection59 ELECTION round 0: submit vote requests at term 1 for -1: [6357416b-3a0c-4a85-a83f-939eb676dba2|rpc:10.1.0.46:37413|dataStream:|priority:1, 155d2fb2-0dbf-48e7-822f-44a07ee5e1e6|rpc:10.1.0.46:42075|dataStream:|priority:0, 2cdc0689-27ad-48f6-b58d-8766a5040b34|rpc:10.1.0.46:33475|dataStream:|priority:0], old=null
2021-07-17 01:44:42,455 [grpc-default-executor-3] INFO  server.RaftServer$Division (RaftServerImpl.java:requestVote(1042)) - 6357416b-3a0c-4a85-a83f-939eb676dba2@group-2359FAE4794D: receive requestVote(ELECTION, 155d2fb2-0dbf-48e7-822f-44a07ee5e1e6, group-2359FAE4794D, 1, (t:0, i:0))
2021-07-17 01:44:42,455 [grpc-default-executor-3] INFO  impl.VoteContext (VoteContext.java:log(48)) - 6357416b-3a0c-4a85-a83f-939eb676dba2@group-2359FAE4794D-FOLLOWER: reject ELECTION from 155d2fb2-0dbf-48e7-822f-44a07ee5e1e6: our priority 1 > candidate's priority 0
2021-07-17 01:44:42,455 [grpc-default-executor-3] INFO  server.RaftServer$Division (RaftServerImpl.java:setRole(284)) - 6357416b-3a0c-4a85-a83f-939eb676dba2@group-2359FAE4794D: changes role from  FOLLOWER to FOLLOWER at term 1 for candidate:155d2fb2-0dbf-48e7-822f-44a07ee5e1e6
2021-07-17 01:44:42,455 [grpc-default-executor-3] INFO  impl.RoleInfo (RoleInfo.java:shutdownFollowerState(108)) - 6357416b-3a0c-4a85-a83f-939eb676dba2: shutdown 6357416b-3a0c-4a85-a83f-939eb676dba2@group-2359FAE4794D-FollowerState
2021-07-17 01:44:42,455 [grpc-default-executor-3] INFO  impl.RoleInfo (RoleInfo.java:updateAndGet(130)) - 6357416b-3a0c-4a85-a83f-939eb676dba2: start 6357416b-3a0c-4a85-a83f-939eb676dba2@group-2359FAE4794D-FollowerState
2021-07-17 01:44:42,455 [6357416b-3a0c-4a85-a83f-939eb676dba2@group-2359FAE4794D-FollowerState] INFO  impl.FollowerState (FollowerState.java:run(143)) - 6357416b-3a0c-4a85-a83f-939eb676dba2@group-2359FAE4794D-FollowerState was interrupted: {}
java.lang.InterruptedException: sleep interrupted
	at java.lang.Thread.sleep(Native Method)
	at java.lang.Thread.sleep(Thread.java:340)
	at java.util.concurrent.TimeUnit.sleep(TimeUnit.java:386)
	at org.apache.ratis.util.TimeDuration.sleep(TimeDuration.java:324)
	at org.apache.ratis.util.TimeDuration.sleep(TimeDuration.java:309)
	at org.apache.ratis.server.impl.FollowerState.run(FollowerState.java:118)
2021-07-17 01:44:42,458 [grpc-default-executor-3] INFO  server.RaftServer$Division (RaftServerImpl.java:requestVote(1074)) - 6357416b-3a0c-4a85-a83f-939eb676dba2@group-2359FAE4794D replies to ELECTION vote request: 155d2fb2-0dbf-48e7-822f-44a07ee5e1e6<-6357416b-3a0c-4a85-a83f-939eb676dba2#0:FAIL-t1. Peer's state: 6357416b-3a0c-4a85-a83f-939eb676dba2@group-2359FAE4794D:t1, leader=null, voted=null, raftlog=6357416b-3a0c-4a85-a83f-939eb676dba2@group-2359FAE4794D-SegmentedRaftLog:OPENED:c-1,f-1,i0, conf=-1: [6357416b-3a0c-4a85-a83f-939eb676dba2|rpc:10.1.0.46:37413|dataStream:|priority:1, 155d2fb2-0dbf-48e7-822f-44a07ee5e1e6|rpc:10.1.0.46:42075|dataStream:|priority:0, 2cdc0689-27ad-48f6-b58d-8766a5040b34|rpc:10.1.0.46:33475|dataStream:|priority:0], old=null
2021-07-17 01:44:42,458 [grpc-default-executor-1] INFO  metrics.RatisMetrics (RatisMetrics.java:lambda$create$0(36)) - Creating Metrics Registry : ratis.server_message_metrics.2cdc0689-27ad-48f6-b58d-8766a5040b34
2021-07-17 01:44:42,462 [155d2fb2-0dbf-48e7-822f-44a07ee5e1e6@group-2359FAE4794D-LeaderElection59] INFO  impl.LeaderElection (LeaderElection.java:logAndReturn(89)) - 155d2fb2-0dbf-48e7-822f-44a07ee5e1e6@group-2359FAE4794D-LeaderElection59: ELECTION REJECTED received 1 response(s) and 0 exception(s):
2021-07-17 01:44:42,462 [155d2fb2-0dbf-48e7-822f-44a07ee5e1e6@group-2359FAE4794D-LeaderElection59] INFO  impl.LeaderElection (LeaderElection.java:logAndReturn(93)) -   Response 0: 155d2fb2-0dbf-48e7-822f-44a07ee5e1e6<-6357416b-3a0c-4a85-a83f-939eb676dba2#0:FAIL-t1
2021-07-17 01:44:42,462 [grpc-default-executor-1] INFO  server.RaftServer$Division (RaftServerImpl.java:requestVote(1042)) - 2cdc0689-27ad-48f6-b58d-8766a5040b34@group-2359FAE4794D: receive requestVote(ELECTION, 155d2fb2-0dbf-48e7-822f-44a07ee5e1e6, group-2359FAE4794D, 1, (t:0, i:0))
2021-07-17 01:44:42,462 [155d2fb2-0dbf-48e7-822f-44a07ee5e1e6@group-2359FAE4794D-LeaderElection59] INFO  impl.LeaderElection (LeaderElection.java:askForVotes(308)) - 155d2fb2-0dbf-48e7-822f-44a07ee5e1e6@group-2359FAE4794D-LeaderElection59 ELECTION round 0: result REJECTED
2021-07-17 01:44:42,462 [grpc-default-executor-1] INFO  impl.VoteContext (VoteContext.java:log(48)) - 2cdc0689-27ad-48f6-b58d-8766a5040b34@group-2359FAE4794D-FOLLOWER: accept ELECTION from 155d2fb2-0dbf-48e7-822f-44a07ee5e1e6: our priority 0 <= candidate's priority 0
2021-07-17 01:44:42,463 [grpc-default-executor-1] INFO  server.RaftServer$Division (RaftServerImpl.java:setRole(284)) - 2cdc0689-27ad-48f6-b58d-8766a5040b34@group-2359FAE4794D: changes role from  FOLLOWER to FOLLOWER at term 1 for candidate:155d2fb2-0dbf-48e7-822f-44a07ee5e1e6
2021-07-17 01:44:42,463 [grpc-default-executor-1] INFO  impl.RoleInfo (RoleInfo.java:shutdownFollowerState(108)) - 2cdc0689-27ad-48f6-b58d-8766a5040b34: shutdown 2cdc0689-27ad-48f6-b58d-8766a5040b34@group-2359FAE4794D-FollowerState
2021-07-17 01:44:42,463 [155d2fb2-0dbf-48e7-822f-44a07ee5e1e6@group-2359FAE4794D-LeaderElection59] INFO  server.RaftServer$Division (RaftServerImpl.java:setRole(284)) - 155d2fb2-0dbf-48e7-822f-44a07ee5e1e6@group-2359FAE4794D: changes role from CANDIDATE to FOLLOWER at term 1 for REJECTED
2021-07-17 01:44:42,463 [155d2fb2-0dbf-48e7-822f-44a07ee5e1e6@group-2359FAE4794D-LeaderElection59] INFO  impl.RoleInfo (RoleInfo.java:shutdownLeaderElection(121)) - 155d2fb2-0dbf-48e7-822f-44a07ee5e1e6: shutdown 155d2fb2-0dbf-48e7-822f-44a07ee5e1e6@group-2359FAE4794D-LeaderElection59
2021-07-17 01:44:42,463 [2cdc0689-27ad-48f6-b58d-8766a5040b34@group-2359FAE4794D-FollowerState] INFO  impl.FollowerState (FollowerState.java:run(143)) - 2cdc0689-27ad-48f6-b58d-8766a5040b34@group-2359FAE4794D-FollowerState was interrupted: {}
java.lang.InterruptedException: sleep interrupted
	at java.lang.Thread.sleep(Native Method)
	at java.lang.Thread.sleep(Thread.java:340)
	at java.util.concurrent.TimeUnit.sleep(TimeUnit.java:386)
	at org.apache.ratis.util.TimeDuration.sleep(TimeDuration.java:324)
	at org.apache.ratis.util.TimeDuration.sleep(TimeDuration.java:309)
	at org.apache.ratis.server.impl.FollowerState.run(FollowerState.java:118)
2021-07-17 01:44:42,463 [grpc-default-executor-1] INFO  impl.RoleInfo (RoleInfo.java:updateAndGet(130)) - 2cdc0689-27ad-48f6-b58d-8766a5040b34: start 2cdc0689-27ad-48f6-b58d-8766a5040b34@group-2359FAE4794D-FollowerState
2021-07-17 01:44:42,463 [155d2fb2-0dbf-48e7-822f-44a07ee5e1e6@group-2359FAE4794D-LeaderElection59] INFO  impl.RoleInfo (RoleInfo.java:updateAndGet(130)) - 155d2fb2-0dbf-48e7-822f-44a07ee5e1e6: start 155d2fb2-0dbf-48e7-822f-44a07ee5e1e6@group-2359FAE4794D-FollowerState
2021-07-17 01:44:42,464 [grpc-default-executor-1] INFO  server.RaftServer$Division (RaftServerImpl.java:requestVote(1074)) - 2cdc0689-27ad-48f6-b58d-8766a5040b34@group-2359FAE4794D replies to ELECTION vote request: 155d2fb2-0dbf-48e7-822f-44a07ee5e1e6<-2cdc0689-27ad-48f6-b58d-8766a5040b34#0:OK-t1. Peer's state: 2cdc0689-27ad-48f6-b58d-8766a5040b34@group-2359FAE4794D:t1, leader=null, voted=155d2fb2-0dbf-48e7-822f-44a07ee5e1e6, raftlog=2cdc0689-27ad-48f6-b58d-8766a5040b34@group-2359FAE4794D-SegmentedRaftLog:OPENED:c-1,f-1,i0, conf=-1: [6357416b-3a0c-4a85-a83f-939eb676dba2|rpc:10.1.0.46:37413|priority:1, 155d2fb2-0dbf-48e7-822f-44a07ee5e1e6|rpc:10.1.0.46:42075|priority:0, 2cdc0689-27ad-48f6-b58d-8766a5040b34|rpc:10.1.0.46:33475|priority:0], old=null
2021-07-17 01:44:42,505 [2cdc0689-27ad-48f6-b58d-8766a5040b34@group-66DC1415F9A3-FollowerState] INFO  impl.FollowerState (FollowerState.java:run(134)) - 2cdc0689-27ad-48f6-b58d-8766a5040b34@group-66DC1415F9A3-FollowerState: change to CANDIDATE, lastRpcElapsedTime:5165038078ns, electionTimeout:5164ms
2021-07-17 01:44:42,505 [2cdc0689-27ad-48f6-b58d-8766a5040b34@group-66DC1415F9A3-FollowerState] INFO  impl.RoleInfo (RoleInfo.java:shutdownFollowerState(108)) - 2cdc0689-27ad-48f6-b58d-8766a5040b34: shutdown 2cdc0689-27ad-48f6-b58d-8766a5040b34@group-66DC1415F9A3-FollowerState
2021-07-17 01:44:42,505 [2cdc0689-27ad-48f6-b58d-8766a5040b34@group-66DC1415F9A3-FollowerState] INFO  server.RaftServer$Division (RaftServerImpl.java:setRole(284)) - 2cdc0689-27ad-48f6-b58d-8766a5040b34@group-66DC1415F9A3: changes role from  FOLLOWER to CANDIDATE at term 0 for changeToCandidate
2021-07-17 01:44:42,506 [2cdc0689-27ad-48f6-b58d-8766a5040b34@group-66DC1415F9A3-FollowerState] INFO  server.RaftServerConfigKeys (ConfUtils.java:logGet(44)) - raft.server.leaderelection.pre-vote = false (custom)
2021-07-17 01:44:42,506 [2cdc0689-27ad-48f6-b58d-8766a5040b34@group-66DC1415F9A3-FollowerState] INFO  impl.RoleInfo (RoleInfo.java:updateAndGet(130)) - 2cdc0689-27ad-48f6-b58d-8766a5040b34: start 2cdc0689-27ad-48f6-b58d-8766a5040b34@group-66DC1415F9A3-LeaderElection60
2021-07-17 01:44:42,509 [2cdc0689-27ad-48f6-b58d-8766a5040b34@group-66DC1415F9A3-LeaderElection60] INFO  impl.LeaderElection (LeaderElection.java:askForVotes(306)) - 2cdc0689-27ad-48f6-b58d-8766a5040b34@group-66DC1415F9A3-LeaderElection60 ELECTION round 0: submit vote requests at term 1 for -1: [2cdc0689-27ad-48f6-b58d-8766a5040b34|rpc:10.1.0.46:33475|priority:1], old=null
2021-07-17 01:44:42,509 [2cdc0689-27ad-48f6-b58d-8766a5040b34@group-66DC1415F9A3-LeaderElection60] INFO  impl.LeaderElection (LeaderElection.java:askForVotes(308)) - 2cdc0689-27ad-48f6-b58d-8766a5040b34@group-66DC1415F9A3-LeaderElection60 ELECTION round 0: result PASSED (term=1)
2021-07-17 01:44:42,509 [2cdc0689-27ad-48f6-b58d-8766a5040b34@group-66DC1415F9A3-LeaderElection60] INFO  impl.RoleInfo (RoleInfo.java:shutdownLeaderElection(121)) - 2cdc0689-27ad-48f6-b58d-8766a5040b34: shutdown 2cdc0689-27ad-48f6-b58d-8766a5040b34@group-66DC1415F9A3-LeaderElection60
2021-07-17 01:44:42,509 [2cdc0689-27ad-48f6-b58d-8766a5040b34@group-66DC1415F9A3-LeaderElection60] INFO  server.RaftServer$Division (RaftServerImpl.java:setRole(284)) - 2cdc0689-27ad-48f6-b58d-8766a5040b34@group-66DC1415F9A3: changes role from CANDIDATE to LEADER at term 1 for changeToLeader
2021-07-17 01:44:42,509 [2cdc0689-27ad-48f6-b58d-8766a5040b34@group-66DC1415F9A3-LeaderElection60] INFO  ratis.XceiverServerRatis (XceiverServerRatis.java:handleLeaderChangedNotification(857)) - Leader change notification received for group: group-66DC1415F9A3 with new leaderId: 2cdc0689-27ad-48f6-b58d-8766a5040b34
2021-07-17 01:44:42,509 [2cdc0689-27ad-48f6-b58d-8766a5040b34@group-66DC1415F9A3-LeaderElection60] INFO  server.RaftServer$Division (ServerState.java:setLeader(271)) - 2cdc0689-27ad-48f6-b58d-8766a5040b34@group-66DC1415F9A3: change Leader from null to 2cdc0689-27ad-48f6-b58d-8766a5040b34 at term 1 for becomeLeader, leader elected after 5175ms
2021-07-17 01:44:42,509 [2cdc0689-27ad-48f6-b58d-8766a5040b34@group-66DC1415F9A3-LeaderElection60] INFO  server.RaftServerConfigKeys (ConfUtils.java:logGet(44)) - raft.server.staging.catchup.gap = 1000 (default)
2021-07-17 01:44:42,509 [2cdc0689-27ad-48f6-b58d-8766a5040b34@group-66DC1415F9A3-LeaderElection60] INFO  metrics.RatisMetrics (RatisMetrics.java:lambda$create$0(36)) - Creating Metrics Registry : ratis.log_appender.2cdc0689-27ad-48f6-b58d-8766a5040b34@group-66DC1415F9A3
2021-07-17 01:44:42,510 [2cdc0689-27ad-48f6-b58d-8766a5040b34@group-66DC1415F9A3-LeaderElection60] INFO  server.RaftServerConfigKeys (ConfUtils.java:logGet(44)) - raft.server.write.element-limit = 1024 (custom)
2021-07-17 01:44:42,510 [2cdc0689-27ad-48f6-b58d-8766a5040b34@group-66DC1415F9A3-LeaderElection60] INFO  server.RaftServerConfigKeys (ConfUtils.java:logGet(44)) - raft.server.write.byte-limit = 1073741824 (custom)
2021-07-17 01:44:42,510 [EventQueue-OpenPipelineForHealthyPipelineSafeModeRule] INFO  safemode.SCMSafeModeManager (HealthyPipelineSafeModeRule.java:process(124)) - SCM in safe mode. Healthy pipelines reported count is 0, required healthy pipeline reported count is 1
2021-07-17 01:44:42,510 [2cdc0689-27ad-48f6-b58d-8766a5040b34@group-66DC1415F9A3-LeaderElection60] INFO  server.RaftServerConfigKeys (ConfUtils.java:logGet(44)) - raft.server.watch.timeout = 3000ms (custom)
2021-07-17 01:44:42,510 [2cdc0689-27ad-48f6-b58d-8766a5040b34@group-66DC1415F9A3-LeaderElection60] INFO  server.RaftServerConfigKeys (ConfUtils.java:logGet(44)) - raft.server.watch.timeout.denomination = 1s (default)
2021-07-17 01:44:42,510 [2cdc0689-27ad-48f6-b58d-8766a5040b34@group-66DC1415F9A3-LeaderElection60] INFO  server.RaftServerConfigKeys (ConfUtils.java:logGet(44)) - raft.server.watch.element-limit = 65536 (default)
2021-07-17 01:44:42,510 [2cdc0689-27ad-48f6-b58d-8766a5040b34@group-66DC1415F9A3-LeaderElection60] INFO  impl.RoleInfo (RoleInfo.java:updateAndGet(130)) - 2cdc0689-27ad-48f6-b58d-8766a5040b34: start 2cdc0689-27ad-48f6-b58d-8766a5040b34@group-66DC1415F9A3-LeaderStateImpl
2021-07-17 01:44:42,511 [2cdc0689-27ad-48f6-b58d-8766a5040b34@group-66DC1415F9A3-LeaderElection60] INFO  segmented.SegmentedRaftLogWorker (SegmentedRaftLogWorker.java:startLogSegment(394)) - 2cdc0689-27ad-48f6-b58d-8766a5040b34@group-66DC1415F9A3-SegmentedRaftLogWorker: Starting segment from index:0
2021-07-17 01:44:42,512 [2cdc0689-27ad-48f6-b58d-8766a5040b34@group-66DC1415F9A3-LeaderElection60] INFO  server.RaftServer$Division (ServerState.java:setRaftConf(373)) - 2cdc0689-27ad-48f6-b58d-8766a5040b34@group-66DC1415F9A3: set configuration 0: [2cdc0689-27ad-48f6-b58d-8766a5040b34|rpc:10.1.0.46:33475|dataStream:|priority:1], old=null
2021-07-17 01:44:42,513 [2cdc0689-27ad-48f6-b58d-8766a5040b34@group-66DC1415F9A3-SegmentedRaftLogWorker] INFO  segmented.SegmentedRaftLogWorker (SegmentedRaftLogWorker.java:execute(601)) - 2cdc0689-27ad-48f6-b58d-8766a5040b34@group-66DC1415F9A3-SegmentedRaftLogWorker: created new log segment /home/runner/work/ozone/ozone/mnt/ozone/hadoop-ozone/integration-test/target/test-dir/MiniOzoneClusterImpl-ab53e13c-b7a0-452c-aef0-b95992dbe1a2/datanode-6/data/ratis/c514fdd9-771e-4f20-8e01-66dc1415f9a3/current/log_inprogress_0
2021-07-17 01:44:42,654 [Listener at 127.0.0.1/42341] INFO  ozone.MiniOzoneClusterImpl (MiniOzoneClusterImpl.java:lambda$waitForClusterToBeReady$0(230)) - Nodes are ready. Got 9 of 9 DN Heartbeats.
2021-07-17 01:44:42,655 [Listener at 127.0.0.1/42341] INFO  ozone.MiniOzoneClusterImpl (MiniOzoneClusterImpl.java:lambda$waitForClusterToBeReady$0(233)) - Waiting for cluster to exit safe mode
2021-07-17 01:44:42,655 [Listener at 127.0.0.1/42341] INFO  ozone.MiniOzoneClusterImpl (MiniOzoneClusterImpl.java:lambda$waitForClusterToBeReady$0(235)) - SCM became leader
2021-07-17 01:44:42,660 [155d2fb2-0dbf-48e7-822f-44a07ee5e1e6@group-B458C821C649-FollowerState] INFO  impl.FollowerState (FollowerState.java:run(134)) - 155d2fb2-0dbf-48e7-822f-44a07ee5e1e6@group-B458C821C649-FollowerState: change to CANDIDATE, lastRpcElapsedTime:5141294320ns, electionTimeout:5141ms
2021-07-17 01:44:42,661 [155d2fb2-0dbf-48e7-822f-44a07ee5e1e6@group-B458C821C649-FollowerState] INFO  impl.RoleInfo (RoleInfo.java:shutdownFollowerState(108)) - 155d2fb2-0dbf-48e7-822f-44a07ee5e1e6: shutdown 155d2fb2-0dbf-48e7-822f-44a07ee5e1e6@group-B458C821C649-FollowerState
2021-07-17 01:44:42,661 [155d2fb2-0dbf-48e7-822f-44a07ee5e1e6@group-B458C821C649-FollowerState] INFO  server.RaftServer$Division (RaftServerImpl.java:setRole(284)) - 155d2fb2-0dbf-48e7-822f-44a07ee5e1e6@group-B458C821C649: changes role from  FOLLOWER to CANDIDATE at term 0 for changeToCandidate
2021-07-17 01:44:42,661 [155d2fb2-0dbf-48e7-822f-44a07ee5e1e6@group-B458C821C649-FollowerState] INFO  server.RaftServerConfigKeys (ConfUtils.java:logGet(44)) - raft.server.leaderelection.pre-vote = false (custom)
2021-07-17 01:44:42,661 [155d2fb2-0dbf-48e7-822f-44a07ee5e1e6@group-B458C821C649-FollowerState] INFO  impl.RoleInfo (RoleInfo.java:updateAndGet(130)) - 155d2fb2-0dbf-48e7-822f-44a07ee5e1e6: start 155d2fb2-0dbf-48e7-822f-44a07ee5e1e6@group-B458C821C649-LeaderElection61
2021-07-17 01:44:42,664 [155d2fb2-0dbf-48e7-822f-44a07ee5e1e6@group-B458C821C649-LeaderElection61] INFO  impl.LeaderElection (LeaderElection.java:askForVotes(306)) - 155d2fb2-0dbf-48e7-822f-44a07ee5e1e6@group-B458C821C649-LeaderElection61 ELECTION round 0: submit vote requests at term 1 for -1: [155d2fb2-0dbf-48e7-822f-44a07ee5e1e6|rpc:10.1.0.46:42075|priority:1], old=null
2021-07-17 01:44:42,664 [155d2fb2-0dbf-48e7-822f-44a07ee5e1e6@group-B458C821C649-LeaderElection61] INFO  impl.LeaderElection (LeaderElection.java:askForVotes(308)) - 155d2fb2-0dbf-48e7-822f-44a07ee5e1e6@group-B458C821C649-LeaderElection61 ELECTION round 0: result PASSED (term=1)
2021-07-17 01:44:42,664 [155d2fb2-0dbf-48e7-822f-44a07ee5e1e6@group-B458C821C649-LeaderElection61] INFO  impl.RoleInfo (RoleInfo.java:shutdownLeaderElection(121)) - 155d2fb2-0dbf-48e7-822f-44a07ee5e1e6: shutdown 155d2fb2-0dbf-48e7-822f-44a07ee5e1e6@group-B458C821C649-LeaderElection61
2021-07-17 01:44:42,664 [155d2fb2-0dbf-48e7-822f-44a07ee5e1e6@group-B458C821C649-LeaderElection61] INFO  server.RaftServer$Division (RaftServerImpl.java:setRole(284)) - 155d2fb2-0dbf-48e7-822f-44a07ee5e1e6@group-B458C821C649: changes role from CANDIDATE to LEADER at term 1 for changeToLeader
2021-07-17 01:44:42,664 [155d2fb2-0dbf-48e7-822f-44a07ee5e1e6@group-B458C821C649-LeaderElection61] INFO  ratis.XceiverServerRatis (XceiverServerRatis.java:handleLeaderChangedNotification(857)) - Leader change notification received for group: group-B458C821C649 with new leaderId: 155d2fb2-0dbf-48e7-822f-44a07ee5e1e6
2021-07-17 01:44:42,664 [155d2fb2-0dbf-48e7-822f-44a07ee5e1e6@group-B458C821C649-LeaderElection61] INFO  server.RaftServer$Division (ServerState.java:setLeader(271)) - 155d2fb2-0dbf-48e7-822f-44a07ee5e1e6@group-B458C821C649: change Leader from null to 155d2fb2-0dbf-48e7-822f-44a07ee5e1e6 at term 1 for becomeLeader, leader elected after 5152ms
2021-07-17 01:44:42,664 [155d2fb2-0dbf-48e7-822f-44a07ee5e1e6@group-B458C821C649-LeaderElection61] INFO  server.RaftServerConfigKeys (ConfUtils.java:logGet(44)) - raft.server.staging.catchup.gap = 1000 (default)
2021-07-17 01:44:42,664 [Datanode State Machine Thread - 0] WARN  statemachine.StateContext (StateContext.java:execute(621)) - No available thread in pool for past 1 seconds.
2021-07-17 01:44:42,664 [155d2fb2-0dbf-48e7-822f-44a07ee5e1e6@group-B458C821C649-LeaderElection61] INFO  metrics.RatisMetrics (RatisMetrics.java:lambda$create$0(36)) - Creating Metrics Registry : ratis.log_appender.155d2fb2-0dbf-48e7-822f-44a07ee5e1e6@group-B458C821C649
2021-07-17 01:44:42,664 [155d2fb2-0dbf-48e7-822f-44a07ee5e1e6@group-B458C821C649-LeaderElection61] INFO  server.RaftServerConfigKeys (ConfUtils.java:logGet(44)) - raft.server.write.element-limit = 1024 (custom)
2021-07-17 01:44:42,664 [155d2fb2-0dbf-48e7-822f-44a07ee5e1e6@group-B458C821C649-LeaderElection61] INFO  server.RaftServerConfigKeys (ConfUtils.java:logGet(44)) - raft.server.write.byte-limit = 1073741824 (custom)
2021-07-17 01:44:42,665 [EventQueue-OpenPipelineForHealthyPipelineSafeModeRule] INFO  safemode.SCMSafeModeManager (HealthyPipelineSafeModeRule.java:process(124)) - SCM in safe mode. Healthy pipelines reported count is 0, required healthy pipeline reported count is 1
2021-07-17 01:44:42,665 [155d2fb2-0dbf-48e7-822f-44a07ee5e1e6@group-B458C821C649-LeaderElection61] INFO  server.RaftServerConfigKeys (ConfUtils.java:logGet(44)) - raft.server.watch.timeout = 3000ms (custom)
2021-07-17 01:44:42,665 [155d2fb2-0dbf-48e7-822f-44a07ee5e1e6@group-B458C821C649-LeaderElection61] INFO  server.RaftServerConfigKeys (ConfUtils.java:logGet(44)) - raft.server.watch.timeout.denomination = 1s (default)
2021-07-17 01:44:42,665 [155d2fb2-0dbf-48e7-822f-44a07ee5e1e6@group-B458C821C649-LeaderElection61] INFO  server.RaftServerConfigKeys (ConfUtils.java:logGet(44)) - raft.server.watch.element-limit = 65536 (default)
2021-07-17 01:44:42,665 [155d2fb2-0dbf-48e7-822f-44a07ee5e1e6@group-B458C821C649-LeaderElection61] INFO  impl.RoleInfo (RoleInfo.java:updateAndGet(130)) - 155d2fb2-0dbf-48e7-822f-44a07ee5e1e6: start 155d2fb2-0dbf-48e7-822f-44a07ee5e1e6@group-B458C821C649-LeaderStateImpl
2021-07-17 01:44:42,665 [155d2fb2-0dbf-48e7-822f-44a07ee5e1e6@group-B458C821C649-LeaderElection61] INFO  segmented.SegmentedRaftLogWorker (SegmentedRaftLogWorker.java:startLogSegment(394)) - 155d2fb2-0dbf-48e7-822f-44a07ee5e1e6@group-B458C821C649-SegmentedRaftLogWorker: Starting segment from index:0
2021-07-17 01:44:42,666 [155d2fb2-0dbf-48e7-822f-44a07ee5e1e6@group-B458C821C649-SegmentedRaftLogWorker] INFO  segmented.SegmentedRaftLogWorker (SegmentedRaftLogWorker.java:execute(601)) - 155d2fb2-0dbf-48e7-822f-44a07ee5e1e6@group-B458C821C649-SegmentedRaftLogWorker: created new log segment /home/runner/work/ozone/ozone/mnt/ozone/hadoop-ozone/integration-test/target/test-dir/MiniOzoneClusterImpl-ab53e13c-b7a0-452c-aef0-b95992dbe1a2/datanode-7/data/ratis/14ec7a35-9e34-4a5b-bdd3-b458c821c649/current/log_inprogress_0
2021-07-17 01:44:42,668 [155d2fb2-0dbf-48e7-822f-44a07ee5e1e6@group-B458C821C649-LeaderElection61] INFO  server.RaftServer$Division (ServerState.java:setRaftConf(373)) - 155d2fb2-0dbf-48e7-822f-44a07ee5e1e6@group-B458C821C649: set configuration 0: [155d2fb2-0dbf-48e7-822f-44a07ee5e1e6|rpc:10.1.0.46:42075|dataStream:|priority:1], old=null
2021-07-17 01:44:42,723 [6357416b-3a0c-4a85-a83f-939eb676dba2@group-A2170D7A80C4-FollowerState] INFO  impl.FollowerState (FollowerState.java:run(134)) - 6357416b-3a0c-4a85-a83f-939eb676dba2@group-A2170D7A80C4-FollowerState: change to CANDIDATE, lastRpcElapsedTime:5061430456ns, electionTimeout:5061ms
2021-07-17 01:44:42,723 [6357416b-3a0c-4a85-a83f-939eb676dba2@group-A2170D7A80C4-FollowerState] INFO  impl.RoleInfo (RoleInfo.java:shutdownFollowerState(108)) - 6357416b-3a0c-4a85-a83f-939eb676dba2: shutdown 6357416b-3a0c-4a85-a83f-939eb676dba2@group-A2170D7A80C4-FollowerState
2021-07-17 01:44:42,723 [6357416b-3a0c-4a85-a83f-939eb676dba2@group-A2170D7A80C4-FollowerState] INFO  server.RaftServer$Division (RaftServerImpl.java:setRole(284)) - 6357416b-3a0c-4a85-a83f-939eb676dba2@group-A2170D7A80C4: changes role from  FOLLOWER to CANDIDATE at term 0 for changeToCandidate
2021-07-17 01:44:42,724 [6357416b-3a0c-4a85-a83f-939eb676dba2@group-A2170D7A80C4-FollowerState] INFO  server.RaftServerConfigKeys (ConfUtils.java:logGet(44)) - raft.server.leaderelection.pre-vote = false (custom)
2021-07-17 01:44:42,724 [6357416b-3a0c-4a85-a83f-939eb676dba2@group-A2170D7A80C4-FollowerState] INFO  impl.RoleInfo (RoleInfo.java:updateAndGet(130)) - 6357416b-3a0c-4a85-a83f-939eb676dba2: start 6357416b-3a0c-4a85-a83f-939eb676dba2@group-A2170D7A80C4-LeaderElection62
2021-07-17 01:44:42,726 [6357416b-3a0c-4a85-a83f-939eb676dba2@group-A2170D7A80C4-LeaderElection62] INFO  impl.LeaderElection (LeaderElection.java:askForVotes(306)) - 6357416b-3a0c-4a85-a83f-939eb676dba2@group-A2170D7A80C4-LeaderElection62 ELECTION round 0: submit vote requests at term 1 for -1: [6357416b-3a0c-4a85-a83f-939eb676dba2|rpc:10.1.0.46:37413|priority:1], old=null
2021-07-17 01:44:42,727 [6357416b-3a0c-4a85-a83f-939eb676dba2@group-A2170D7A80C4-LeaderElection62] INFO  impl.LeaderElection (LeaderElection.java:askForVotes(308)) - 6357416b-3a0c-4a85-a83f-939eb676dba2@group-A2170D7A80C4-LeaderElection62 ELECTION round 0: result PASSED (term=1)
2021-07-17 01:44:42,727 [6357416b-3a0c-4a85-a83f-939eb676dba2@group-A2170D7A80C4-LeaderElection62] INFO  impl.RoleInfo (RoleInfo.java:shutdownLeaderElection(121)) - 6357416b-3a0c-4a85-a83f-939eb676dba2: shutdown 6357416b-3a0c-4a85-a83f-939eb676dba2@group-A2170D7A80C4-LeaderElection62
2021-07-17 01:44:42,727 [6357416b-3a0c-4a85-a83f-939eb676dba2@group-A2170D7A80C4-LeaderElection62] INFO  server.RaftServer$Division (RaftServerImpl.java:setRole(284)) - 6357416b-3a0c-4a85-a83f-939eb676dba2@group-A2170D7A80C4: changes role from CANDIDATE to LEADER at term 1 for changeToLeader
2021-07-17 01:44:42,727 [6357416b-3a0c-4a85-a83f-939eb676dba2@group-A2170D7A80C4-LeaderElection62] INFO  ratis.XceiverServerRatis (XceiverServerRatis.java:handleLeaderChangedNotification(857)) - Leader change notification received for group: group-A2170D7A80C4 with new leaderId: 6357416b-3a0c-4a85-a83f-939eb676dba2
2021-07-17 01:44:42,727 [6357416b-3a0c-4a85-a83f-939eb676dba2@group-A2170D7A80C4-LeaderElection62] INFO  server.RaftServer$Division (ServerState.java:setLeader(271)) - 6357416b-3a0c-4a85-a83f-939eb676dba2@group-A2170D7A80C4: change Leader from null to 6357416b-3a0c-4a85-a83f-939eb676dba2 at term 1 for becomeLeader, leader elected after 5070ms
2021-07-17 01:44:42,727 [6357416b-3a0c-4a85-a83f-939eb676dba2@group-A2170D7A80C4-LeaderElection62] INFO  server.RaftServerConfigKeys (ConfUtils.java:logGet(44)) - raft.server.staging.catchup.gap = 1000 (default)
2021-07-17 01:44:42,727 [Datanode State Machine Thread - 0] WARN  statemachine.StateContext (StateContext.java:execute(621)) - No available thread in pool for past 1 seconds.
2021-07-17 01:44:42,727 [6357416b-3a0c-4a85-a83f-939eb676dba2@group-A2170D7A80C4-LeaderElection62] INFO  metrics.RatisMetrics (RatisMetrics.java:lambda$create$0(36)) - Creating Metrics Registry : ratis.log_appender.6357416b-3a0c-4a85-a83f-939eb676dba2@group-A2170D7A80C4
2021-07-17 01:44:42,727 [6357416b-3a0c-4a85-a83f-939eb676dba2@group-A2170D7A80C4-LeaderElection62] INFO  server.RaftServerConfigKeys (ConfUtils.java:logGet(44)) - raft.server.write.element-limit = 1024 (custom)
2021-07-17 01:44:42,727 [6357416b-3a0c-4a85-a83f-939eb676dba2@group-A2170D7A80C4-LeaderElection62] INFO  server.RaftServerConfigKeys (ConfUtils.java:logGet(44)) - raft.server.write.byte-limit = 1073741824 (custom)
2021-07-17 01:44:42,728 [6357416b-3a0c-4a85-a83f-939eb676dba2@group-A2170D7A80C4-LeaderElection62] INFO  server.RaftServerConfigKeys (ConfUtils.java:logGet(44)) - raft.server.watch.timeout = 3000ms (custom)
2021-07-17 01:44:42,728 [EventQueue-OpenPipelineForHealthyPipelineSafeModeRule] INFO  safemode.SCMSafeModeManager (HealthyPipelineSafeModeRule.java:process(124)) - SCM in safe mode. Healthy pipelines reported count is 0, required healthy pipeline reported count is 1
2021-07-17 01:44:42,728 [6357416b-3a0c-4a85-a83f-939eb676dba2@group-A2170D7A80C4-LeaderElection62] INFO  server.RaftServerConfigKeys (ConfUtils.java:logGet(44)) - raft.server.watch.timeout.denomination = 1s (default)
2021-07-17 01:44:42,728 [6357416b-3a0c-4a85-a83f-939eb676dba2@group-A2170D7A80C4-LeaderElection62] INFO  server.RaftServerConfigKeys (ConfUtils.java:logGet(44)) - raft.server.watch.element-limit = 65536 (default)
2021-07-17 01:44:42,728 [6357416b-3a0c-4a85-a83f-939eb676dba2@group-A2170D7A80C4-LeaderElection62] INFO  impl.RoleInfo (RoleInfo.java:updateAndGet(130)) - 6357416b-3a0c-4a85-a83f-939eb676dba2: start 6357416b-3a0c-4a85-a83f-939eb676dba2@group-A2170D7A80C4-LeaderStateImpl
2021-07-17 01:44:42,729 [6357416b-3a0c-4a85-a83f-939eb676dba2@group-A2170D7A80C4-LeaderElection62] INFO  segmented.SegmentedRaftLogWorker (SegmentedRaftLogWorker.java:startLogSegment(394)) - 6357416b-3a0c-4a85-a83f-939eb676dba2@group-A2170D7A80C4-SegmentedRaftLogWorker: Starting segment from index:0
2021-07-17 01:44:42,730 [6357416b-3a0c-4a85-a83f-939eb676dba2@group-A2170D7A80C4-SegmentedRaftLogWorker] INFO  segmented.SegmentedRaftLogWorker (SegmentedRaftLogWorker.java:execute(601)) - 6357416b-3a0c-4a85-a83f-939eb676dba2@group-A2170D7A80C4-SegmentedRaftLogWorker: created new log segment /home/runner/work/ozone/ozone/mnt/ozone/hadoop-ozone/integration-test/target/test-dir/MiniOzoneClusterImpl-ab53e13c-b7a0-452c-aef0-b95992dbe1a2/datanode-8/data/ratis/a6d5e2ac-eb74-493d-88fd-a2170d7a80c4/current/log_inprogress_0
2021-07-17 01:44:42,730 [6357416b-3a0c-4a85-a83f-939eb676dba2@group-A2170D7A80C4-LeaderElection62] INFO  server.RaftServer$Division (ServerState.java:setRaftConf(373)) - 6357416b-3a0c-4a85-a83f-939eb676dba2@group-A2170D7A80C4: set configuration 0: [6357416b-3a0c-4a85-a83f-939eb676dba2|rpc:10.1.0.46:37413|dataStream:|priority:1], old=null
2021-07-17 01:44:43,655 [Listener at 127.0.0.1/42341] INFO  ozone.MiniOzoneClusterImpl (MiniOzoneClusterImpl.java:lambda$waitForClusterToBeReady$0(230)) - Nodes are ready. Got 9 of 9 DN Heartbeats.
2021-07-17 01:44:43,655 [Listener at 127.0.0.1/42341] INFO  ozone.MiniOzoneClusterImpl (MiniOzoneClusterImpl.java:lambda$waitForClusterToBeReady$0(233)) - Waiting for cluster to exit safe mode
2021-07-17 01:44:43,655 [Listener at 127.0.0.1/42341] INFO  ozone.MiniOzoneClusterImpl (MiniOzoneClusterImpl.java:lambda$waitForClusterToBeReady$0(235)) - SCM became leader
2021-07-17 01:44:44,656 [Listener at 127.0.0.1/42341] INFO  ozone.MiniOzoneClusterImpl (MiniOzoneClusterImpl.java:lambda$waitForClusterToBeReady$0(230)) - Nodes are ready. Got 9 of 9 DN Heartbeats.
2021-07-17 01:44:44,656 [Listener at 127.0.0.1/42341] INFO  ozone.MiniOzoneClusterImpl (MiniOzoneClusterImpl.java:lambda$waitForClusterToBeReady$0(233)) - Waiting for cluster to exit safe mode
2021-07-17 01:44:44,656 [Listener at 127.0.0.1/42341] INFO  ozone.MiniOzoneClusterImpl (MiniOzoneClusterImpl.java:lambda$waitForClusterToBeReady$0(235)) - SCM became leader
2021-07-17 01:44:45,656 [Listener at 127.0.0.1/42341] INFO  ozone.MiniOzoneClusterImpl (MiniOzoneClusterImpl.java:lambda$waitForClusterToBeReady$0(230)) - Nodes are ready. Got 9 of 9 DN Heartbeats.
2021-07-17 01:44:45,656 [Listener at 127.0.0.1/42341] INFO  ozone.MiniOzoneClusterImpl (MiniOzoneClusterImpl.java:lambda$waitForClusterToBeReady$0(233)) - Waiting for cluster to exit safe mode
2021-07-17 01:44:45,657 [Listener at 127.0.0.1/42341] INFO  ozone.MiniOzoneClusterImpl (MiniOzoneClusterImpl.java:lambda$waitForClusterToBeReady$0(235)) - SCM became leader
2021-07-17 01:44:46,651 [30d49bb6-b206-443f-92f8-de1941ac4061@group-18EA97DC0098-FollowerState] INFO  impl.FollowerState (FollowerState.java:run(134)) - 30d49bb6-b206-443f-92f8-de1941ac4061@group-18EA97DC0098-FollowerState: change to CANDIDATE, lastRpcElapsedTime:5034502749ns, electionTimeout:5030ms
2021-07-17 01:44:46,651 [30d49bb6-b206-443f-92f8-de1941ac4061@group-18EA97DC0098-FollowerState] INFO  impl.RoleInfo (RoleInfo.java:shutdownFollowerState(108)) - 30d49bb6-b206-443f-92f8-de1941ac4061: shutdown 30d49bb6-b206-443f-92f8-de1941ac4061@group-18EA97DC0098-FollowerState
2021-07-17 01:44:46,651 [30d49bb6-b206-443f-92f8-de1941ac4061@group-18EA97DC0098-FollowerState] INFO  server.RaftServer$Division (RaftServerImpl.java:setRole(284)) - 30d49bb6-b206-443f-92f8-de1941ac4061@group-18EA97DC0098: changes role from  FOLLOWER to CANDIDATE at term 1 for changeToCandidate
2021-07-17 01:44:46,651 [30d49bb6-b206-443f-92f8-de1941ac4061@group-18EA97DC0098-FollowerState] INFO  server.RaftServerConfigKeys (ConfUtils.java:logGet(44)) - raft.server.leaderelection.pre-vote = false (custom)
2021-07-17 01:44:46,651 [30d49bb6-b206-443f-92f8-de1941ac4061@group-18EA97DC0098-FollowerState] INFO  impl.RoleInfo (RoleInfo.java:updateAndGet(130)) - 30d49bb6-b206-443f-92f8-de1941ac4061: start 30d49bb6-b206-443f-92f8-de1941ac4061@group-18EA97DC0098-LeaderElection63
2021-07-17 01:44:46,653 [30d49bb6-b206-443f-92f8-de1941ac4061@group-18EA97DC0098-LeaderElection63] INFO  impl.LeaderElection (LeaderElection.java:askForVotes(306)) - 30d49bb6-b206-443f-92f8-de1941ac4061@group-18EA97DC0098-LeaderElection63 ELECTION round 0: submit vote requests at term 2 for -1: [817716dc-74d9-44e3-96f4-247fb6d3bd86|rpc:10.1.0.46:37853|dataStream:|priority:0, 30d49bb6-b206-443f-92f8-de1941ac4061|rpc:10.1.0.46:40535|dataStream:|priority:1, b32faf46-69b0-41ce-b187-d9527561eeb9|rpc:10.1.0.46:42083|dataStream:|priority:0], old=null
2021-07-17 01:44:46,657 [Listener at 127.0.0.1/42341] INFO  ozone.MiniOzoneClusterImpl (MiniOzoneClusterImpl.java:lambda$waitForClusterToBeReady$0(230)) - Nodes are ready. Got 9 of 9 DN Heartbeats.
2021-07-17 01:44:46,657 [Listener at 127.0.0.1/42341] INFO  ozone.MiniOzoneClusterImpl (MiniOzoneClusterImpl.java:lambda$waitForClusterToBeReady$0(233)) - Waiting for cluster to exit safe mode
2021-07-17 01:44:46,657 [Listener at 127.0.0.1/42341] INFO  ozone.MiniOzoneClusterImpl (MiniOzoneClusterImpl.java:lambda$waitForClusterToBeReady$0(235)) - SCM became leader
2021-07-17 01:44:46,665 [grpc-default-executor-1] INFO  server.RaftServer$Division (RaftServerImpl.java:requestVote(1042)) - 817716dc-74d9-44e3-96f4-247fb6d3bd86@group-18EA97DC0098: receive requestVote(ELECTION, 30d49bb6-b206-443f-92f8-de1941ac4061, group-18EA97DC0098, 2, (t:0, i:0))
2021-07-17 01:44:46,668 [grpc-default-executor-1] INFO  impl.VoteContext (VoteContext.java:log(48)) - 817716dc-74d9-44e3-96f4-247fb6d3bd86@group-18EA97DC0098-FOLLOWER: accept ELECTION from 30d49bb6-b206-443f-92f8-de1941ac4061: our priority 0 <= candidate's priority 1
2021-07-17 01:44:46,668 [grpc-default-executor-1] INFO  server.RaftServer$Division (RaftServerImpl.java:setRole(284)) - 817716dc-74d9-44e3-96f4-247fb6d3bd86@group-18EA97DC0098: changes role from  FOLLOWER to FOLLOWER at term 2 for candidate:30d49bb6-b206-443f-92f8-de1941ac4061
2021-07-17 01:44:46,669 [grpc-default-executor-1] INFO  impl.RoleInfo (RoleInfo.java:shutdownFollowerState(108)) - 817716dc-74d9-44e3-96f4-247fb6d3bd86: shutdown 817716dc-74d9-44e3-96f4-247fb6d3bd86@group-18EA97DC0098-FollowerState
2021-07-17 01:44:46,669 [grpc-default-executor-1] INFO  impl.RoleInfo (RoleInfo.java:updateAndGet(130)) - 817716dc-74d9-44e3-96f4-247fb6d3bd86: start 817716dc-74d9-44e3-96f4-247fb6d3bd86@group-18EA97DC0098-FollowerState
2021-07-17 01:44:46,671 [grpc-default-executor-1] INFO  server.RaftServer$Division (RaftServerImpl.java:requestVote(1074)) - 817716dc-74d9-44e3-96f4-247fb6d3bd86@group-18EA97DC0098 replies to ELECTION vote request: 30d49bb6-b206-443f-92f8-de1941ac4061<-817716dc-74d9-44e3-96f4-247fb6d3bd86#0:OK-t2. Peer's state: 817716dc-74d9-44e3-96f4-247fb6d3bd86@group-18EA97DC0098:t2, leader=null, voted=30d49bb6-b206-443f-92f8-de1941ac4061, raftlog=817716dc-74d9-44e3-96f4-247fb6d3bd86@group-18EA97DC0098-SegmentedRaftLog:OPENED:c-1,f-1,i0, conf=-1: [817716dc-74d9-44e3-96f4-247fb6d3bd86|rpc:10.1.0.46:37853|priority:0, 30d49bb6-b206-443f-92f8-de1941ac4061|rpc:10.1.0.46:40535|priority:1, b32faf46-69b0-41ce-b187-d9527561eeb9|rpc:10.1.0.46:42083|priority:0], old=null
2021-07-17 01:44:46,672 [817716dc-74d9-44e3-96f4-247fb6d3bd86@group-18EA97DC0098-FollowerState] INFO  impl.FollowerState (FollowerState.java:run(134)) - 817716dc-74d9-44e3-96f4-247fb6d3bd86@group-18EA97DC0098-FollowerState: change to CANDIDATE, lastRpcElapsedTime:5057178494ns, electionTimeout:5054ms
2021-07-17 01:44:46,672 [817716dc-74d9-44e3-96f4-247fb6d3bd86@group-18EA97DC0098-FollowerState] INFO  impl.RoleInfo (RoleInfo.java:shutdownFollowerState(108)) - 817716dc-74d9-44e3-96f4-247fb6d3bd86: shutdown 817716dc-74d9-44e3-96f4-247fb6d3bd86@group-18EA97DC0098-FollowerState
2021-07-17 01:44:46,672 [817716dc-74d9-44e3-96f4-247fb6d3bd86@group-18EA97DC0098-FollowerState] INFO  server.RaftServer$Division (RaftServerImpl.java:setRole(284)) - 817716dc-74d9-44e3-96f4-247fb6d3bd86@group-18EA97DC0098: changes role from  FOLLOWER to CANDIDATE at term 2 for changeToCandidate
2021-07-17 01:44:46,672 [817716dc-74d9-44e3-96f4-247fb6d3bd86@group-18EA97DC0098-FollowerState] INFO  server.RaftServerConfigKeys (ConfUtils.java:logGet(44)) - raft.server.leaderelection.pre-vote = false (custom)
2021-07-17 01:44:46,672 [817716dc-74d9-44e3-96f4-247fb6d3bd86@group-18EA97DC0098-FollowerState] INFO  impl.RoleInfo (RoleInfo.java:updateAndGet(130)) - 817716dc-74d9-44e3-96f4-247fb6d3bd86: start 817716dc-74d9-44e3-96f4-247fb6d3bd86@group-18EA97DC0098-LeaderElection64
2021-07-17 01:44:46,679 [30d49bb6-b206-443f-92f8-de1941ac4061@group-18EA97DC0098-LeaderElection63] INFO  impl.LeaderElection (LeaderElection.java:logAndReturn(89)) - 30d49bb6-b206-443f-92f8-de1941ac4061@group-18EA97DC0098-LeaderElection63: ELECTION PASSED received 1 response(s) and 0 exception(s):
2021-07-17 01:44:46,679 [grpc-default-executor-3] INFO  server.RaftServer$Division (RaftServerImpl.java:requestVote(1042)) - b32faf46-69b0-41ce-b187-d9527561eeb9@group-18EA97DC0098: receive requestVote(ELECTION, 30d49bb6-b206-443f-92f8-de1941ac4061, group-18EA97DC0098, 2, (t:0, i:0))
2021-07-17 01:44:46,679 [30d49bb6-b206-443f-92f8-de1941ac4061@group-18EA97DC0098-LeaderElection63] INFO  impl.LeaderElection (LeaderElection.java:logAndReturn(93)) -   Response 0: 30d49bb6-b206-443f-92f8-de1941ac4061<-817716dc-74d9-44e3-96f4-247fb6d3bd86#0:OK-t2
2021-07-17 01:44:46,679 [grpc-default-executor-3] INFO  impl.VoteContext (VoteContext.java:log(48)) - b32faf46-69b0-41ce-b187-d9527561eeb9@group-18EA97DC0098-FOLLOWER: accept ELECTION from 30d49bb6-b206-443f-92f8-de1941ac4061: our priority 0 <= candidate's priority 1
2021-07-17 01:44:46,679 [grpc-default-executor-3] INFO  server.RaftServer$Division (RaftServerImpl.java:setRole(284)) - b32faf46-69b0-41ce-b187-d9527561eeb9@group-18EA97DC0098: changes role from  FOLLOWER to FOLLOWER at term 2 for candidate:30d49bb6-b206-443f-92f8-de1941ac4061
2021-07-17 01:44:46,679 [grpc-default-executor-3] INFO  impl.RoleInfo (RoleInfo.java:shutdownFollowerState(108)) - b32faf46-69b0-41ce-b187-d9527561eeb9: shutdown b32faf46-69b0-41ce-b187-d9527561eeb9@group-18EA97DC0098-FollowerState
2021-07-17 01:44:46,679 [30d49bb6-b206-443f-92f8-de1941ac4061@group-18EA97DC0098-LeaderElection63] INFO  impl.LeaderElection (LeaderElection.java:askForVotes(308)) - 30d49bb6-b206-443f-92f8-de1941ac4061@group-18EA97DC0098-LeaderElection63 ELECTION round 0: result PASSED
2021-07-17 01:44:46,679 [grpc-default-executor-3] INFO  impl.RoleInfo (RoleInfo.java:updateAndGet(130)) - b32faf46-69b0-41ce-b187-d9527561eeb9: start b32faf46-69b0-41ce-b187-d9527561eeb9@group-18EA97DC0098-FollowerState
2021-07-17 01:44:46,679 [30d49bb6-b206-443f-92f8-de1941ac4061@group-18EA97DC0098-LeaderElection63] INFO  impl.RoleInfo (RoleInfo.java:shutdownLeaderElection(121)) - 30d49bb6-b206-443f-92f8-de1941ac4061: shutdown 30d49bb6-b206-443f-92f8-de1941ac4061@group-18EA97DC0098-LeaderElection63
2021-07-17 01:44:46,679 [30d49bb6-b206-443f-92f8-de1941ac4061@group-18EA97DC0098-LeaderElection63] INFO  server.RaftServer$Division (RaftServerImpl.java:setRole(284)) - 30d49bb6-b206-443f-92f8-de1941ac4061@group-18EA97DC0098: changes role from CANDIDATE to LEADER at term 2 for changeToLeader
2021-07-17 01:44:46,679 [30d49bb6-b206-443f-92f8-de1941ac4061@group-18EA97DC0098-LeaderElection63] INFO  ratis.XceiverServerRatis (XceiverServerRatis.java:handleLeaderChangedNotification(857)) - Leader change notification received for group: group-18EA97DC0098 with new leaderId: 30d49bb6-b206-443f-92f8-de1941ac4061
2021-07-17 01:44:46,680 [b32faf46-69b0-41ce-b187-d9527561eeb9@group-18EA97DC0098-FollowerState] INFO  impl.FollowerState (FollowerState.java:run(143)) - b32faf46-69b0-41ce-b187-d9527561eeb9@group-18EA97DC0098-FollowerState was interrupted: {}
java.lang.InterruptedException: sleep interrupted
	at java.lang.Thread.sleep(Native Method)
	at java.lang.Thread.sleep(Thread.java:340)
	at java.util.concurrent.TimeUnit.sleep(TimeUnit.java:386)
	at org.apache.ratis.util.TimeDuration.sleep(TimeDuration.java:324)
	at org.apache.ratis.util.TimeDuration.sleep(TimeDuration.java:309)
	at org.apache.ratis.server.impl.FollowerState.run(FollowerState.java:118)
2021-07-17 01:44:46,680 [817716dc-74d9-44e3-96f4-247fb6d3bd86@group-18EA97DC0098-FollowerState] INFO  impl.FollowerState (FollowerState.java:run(143)) - 817716dc-74d9-44e3-96f4-247fb6d3bd86@group-18EA97DC0098-FollowerState was interrupted: {}
java.lang.InterruptedException: sleep interrupted
	at java.lang.Thread.sleep(Native Method)
	at java.lang.Thread.sleep(Thread.java:340)
	at java.util.concurrent.TimeUnit.sleep(TimeUnit.java:386)
	at org.apache.ratis.util.TimeDuration.sleep(TimeDuration.java:324)
	at org.apache.ratis.util.TimeDuration.sleep(TimeDuration.java:309)
	at org.apache.ratis.server.impl.FollowerState.run(FollowerState.java:118)
2021-07-17 01:44:46,689 [grpc-default-executor-3] INFO  server.RaftServer$Division (RaftServerImpl.java:requestVote(1074)) - b32faf46-69b0-41ce-b187-d9527561eeb9@group-18EA97DC0098 replies to ELECTION vote request: 30d49bb6-b206-443f-92f8-de1941ac4061<-b32faf46-69b0-41ce-b187-d9527561eeb9#0:OK-t2. Peer's state: b32faf46-69b0-41ce-b187-d9527561eeb9@group-18EA97DC0098:t2, leader=null, voted=30d49bb6-b206-443f-92f8-de1941ac4061, raftlog=b32faf46-69b0-41ce-b187-d9527561eeb9@group-18EA97DC0098-SegmentedRaftLog:OPENED:c-1,f-1,i0, conf=-1: [817716dc-74d9-44e3-96f4-247fb6d3bd86|rpc:10.1.0.46:37853|dataStream:|priority:0, 30d49bb6-b206-443f-92f8-de1941ac4061|rpc:10.1.0.46:40535|dataStream:|priority:1, b32faf46-69b0-41ce-b187-d9527561eeb9|rpc:10.1.0.46:42083|dataStream:|priority:0], old=null
2021-07-17 01:44:46,689 [30d49bb6-b206-443f-92f8-de1941ac4061@group-18EA97DC0098-LeaderElection63] INFO  server.RaftServer$Division (ServerState.java:setLeader(271)) - 30d49bb6-b206-443f-92f8-de1941ac4061@group-18EA97DC0098: change Leader from null to 30d49bb6-b206-443f-92f8-de1941ac4061 at term 2 for becomeLeader, leader elected after 10127ms
2021-07-17 01:44:46,689 [30d49bb6-b206-443f-92f8-de1941ac4061@group-18EA97DC0098-LeaderElection63] INFO  server.RaftServerConfigKeys (ConfUtils.java:logGet(44)) - raft.server.staging.catchup.gap = 1000 (default)
2021-07-17 01:44:46,689 [30d49bb6-b206-443f-92f8-de1941ac4061@group-18EA97DC0098-LeaderElection63] INFO  metrics.RatisMetrics (RatisMetrics.java:lambda$create$0(36)) - Creating Metrics Registry : ratis.log_appender.30d49bb6-b206-443f-92f8-de1941ac4061@group-18EA97DC0098
2021-07-17 01:44:46,689 [30d49bb6-b206-443f-92f8-de1941ac4061@group-18EA97DC0098-LeaderElection63] INFO  server.RaftServerConfigKeys (ConfUtils.java:logGet(44)) - raft.server.write.element-limit = 1024 (custom)
2021-07-17 01:44:46,689 [30d49bb6-b206-443f-92f8-de1941ac4061@group-18EA97DC0098-LeaderElection63] INFO  server.RaftServerConfigKeys (ConfUtils.java:logGet(44)) - raft.server.write.byte-limit = 1073741824 (custom)
2021-07-17 01:44:46,690 [30d49bb6-b206-443f-92f8-de1941ac4061@group-18EA97DC0098-LeaderElection63] INFO  server.RaftServerConfigKeys (ConfUtils.java:logGet(44)) - raft.server.watch.timeout = 3000ms (custom)
2021-07-17 01:44:46,690 [30d49bb6-b206-443f-92f8-de1941ac4061@group-18EA97DC0098-LeaderElection63] INFO  server.RaftServerConfigKeys (ConfUtils.java:logGet(44)) - raft.server.watch.timeout.denomination = 1s (default)
2021-07-17 01:44:46,690 [30d49bb6-b206-443f-92f8-de1941ac4061@group-18EA97DC0098-LeaderElection63] INFO  server.RaftServerConfigKeys (ConfUtils.java:logGet(44)) - raft.server.watch.element-limit = 65536 (default)
2021-07-17 01:44:46,690 [30d49bb6-b206-443f-92f8-de1941ac4061@group-18EA97DC0098-LeaderElection63] INFO  server.RaftServerConfigKeys (ConfUtils.java:logGet(44)) - raft.server.log.appender.snapshot.chunk.size.max = 16MB (=16777216) (default)
2021-07-17 01:44:46,690 [30d49bb6-b206-443f-92f8-de1941ac4061@group-18EA97DC0098-LeaderElection63] INFO  server.RaftServerConfigKeys (ConfUtils.java:logGet(44)) - raft.server.log.appender.buffer.byte-limit = 33554432 (custom)
2021-07-17 01:44:46,690 [30d49bb6-b206-443f-92f8-de1941ac4061@group-18EA97DC0098-LeaderElection63] INFO  server.RaftServerConfigKeys (ConfUtils.java:logGet(44)) - raft.server.log.appender.buffer.element-limit = 1 (custom)
2021-07-17 01:44:46,689 [Datanode State Machine Thread - 0] WARN  statemachine.StateContext (StateContext.java:execute(621)) - No available thread in pool for past 1 seconds.
2021-07-17 01:44:46,690 [30d49bb6-b206-443f-92f8-de1941ac4061@group-18EA97DC0098-LeaderElection63] INFO  grpc.GrpcConfigKeys (ConfUtils.java:logGet(44)) - raft.grpc.server.leader.outstanding.appends.max = 128 (default)
2021-07-17 01:44:46,690 [30d49bb6-b206-443f-92f8-de1941ac4061@group-18EA97DC0098-LeaderElection63] INFO  server.RaftServerConfigKeys (ConfUtils.java:logGet(44)) - raft.server.rpc.request.timeout = 3000ms (default)
2021-07-17 01:44:46,690 [30d49bb6-b206-443f-92f8-de1941ac4061@group-18EA97DC0098-LeaderElection63] INFO  server.RaftServerConfigKeys (ConfUtils.java:logGet(44)) - raft.server.log.appender.install.snapshot.enabled = false (custom)
2021-07-17 01:44:46,690 [30d49bb6-b206-443f-92f8-de1941ac4061@group-18EA97DC0098-LeaderElection63] INFO  metrics.RatisMetrics (RatisMetrics.java:lambda$create$0(36)) - Creating Metrics Registry : ratis_grpc.log_appender.30d49bb6-b206-443f-92f8-de1941ac4061@group-18EA97DC0098
2021-07-17 01:44:46,691 [EventQueue-PipelineReportForPipelineReportHandler] INFO  pipeline.PipelineManagerV2Impl (PipelineManagerV2Impl.java:openPipeline(283)) - Pipeline Pipeline[ Id: 29f43b99-e021-4e88-bda1-18ea97dc0098, Nodes: 817716dc-74d9-44e3-96f4-247fb6d3bd86{ip: 10.1.0.46, host: fv-az52-843.jaak54zke33upnjmlridiqi2vb.bx.internal.cloudapp.net, ports: [REPLICATION=34883, RATIS=37853, RATIS_ADMIN=37853, RATIS_SERVER=37853, STANDALONE=46507], networkLocation: /default-rack, certSerialId: null, persistedOpState: IN_SERVICE, persistedOpStateExpiryEpochSec: 0}b32faf46-69b0-41ce-b187-d9527561eeb9{ip: 10.1.0.46, host: fv-az52-843.jaak54zke33upnjmlridiqi2vb.bx.internal.cloudapp.net, ports: [REPLICATION=44387, RATIS=42083, RATIS_ADMIN=42083, RATIS_SERVER=42083, STANDALONE=33573], networkLocation: /default-rack, certSerialId: null, persistedOpState: IN_SERVICE, persistedOpStateExpiryEpochSec: 0}30d49bb6-b206-443f-92f8-de1941ac4061{ip: 10.1.0.46, host: fv-az52-843.jaak54zke33upnjmlridiqi2vb.bx.internal.cloudapp.net, ports: [REPLICATION=45345, RATIS=40535, RATIS_ADMIN=40535, RATIS_SERVER=40535, STANDALONE=36317], networkLocation: /default-rack, certSerialId: null, persistedOpState: IN_SERVICE, persistedOpStateExpiryEpochSec: 0}, ReplicationConfig: RATIS/THREE, State:ALLOCATED, leaderId:30d49bb6-b206-443f-92f8-de1941ac4061, CreationTimestamp2021-07-17T01:44:33.754Z[Etc/UTC]] moved to OPEN state
2021-07-17 01:44:46,691 [EventQueue-OpenPipelineForHealthyPipelineSafeModeRule] INFO  safemode.SCMSafeModeManager (HealthyPipelineSafeModeRule.java:process(124)) - SCM in safe mode. Healthy pipelines reported count is 0, required healthy pipeline reported count is 1
2021-07-17 01:44:46,691 [EventQueue-OpenPipelineForHealthyPipelineSafeModeRule] INFO  safemode.SCMSafeModeManager (HealthyPipelineSafeModeRule.java:process(124)) - SCM in safe mode. Healthy pipelines reported count is 1, required healthy pipeline reported count is 1
2021-07-17 01:44:46,692 [EventQueue-OpenPipelineForHealthyPipelineSafeModeRule] INFO  safemode.SCMSafeModeManager (SCMSafeModeManager.java:validateSafeModeExitRules(204)) - HealthyPipelineSafeModeRule rule is successfully validated
2021-07-17 01:44:46,692 [EventQueue-OpenPipelineForHealthyPipelineSafeModeRule] INFO  safemode.SCMSafeModeManager (SCMSafeModeManager.java:validateSafeModeExitRules(219)) - ScmSafeModeManager, all rules are successfully validated
2021-07-17 01:44:46,692 [EventQueue-OpenPipelineForHealthyPipelineSafeModeRule] INFO  safemode.SCMSafeModeManager (SCMSafeModeManager.java:exitSafeMode(248)) - SCM exiting safe mode.
2021-07-17 01:44:46,691 [30d49bb6-b206-443f-92f8-de1941ac4061@group-18EA97DC0098-LeaderElection63] INFO  server.RaftServerConfigKeys (ConfUtils.java:logGet(44)) - raft.server.log.appender.snapshot.chunk.size.max = 16MB (=16777216) (default)
2021-07-17 01:44:46,692 [30d49bb6-b206-443f-92f8-de1941ac4061@group-18EA97DC0098-LeaderElection63] INFO  server.RaftServerConfigKeys (ConfUtils.java:logGet(44)) - raft.server.log.appender.buffer.byte-limit = 33554432 (custom)
2021-07-17 01:44:46,692 [30d49bb6-b206-443f-92f8-de1941ac4061@group-18EA97DC0098-LeaderElection63] INFO  server.RaftServerConfigKeys (ConfUtils.java:logGet(44)) - raft.server.log.appender.buffer.element-limit = 1 (custom)
2021-07-17 01:44:46,692 [30d49bb6-b206-443f-92f8-de1941ac4061@group-18EA97DC0098-LeaderElection63] INFO  grpc.GrpcConfigKeys (ConfUtils.java:logGet(44)) - raft.grpc.server.leader.outstanding.appends.max = 128 (default)
2021-07-17 01:44:46,692 [30d49bb6-b206-443f-92f8-de1941ac4061@group-18EA97DC0098-LeaderElection63] INFO  server.RaftServerConfigKeys (ConfUtils.java:logGet(44)) - raft.server.rpc.request.timeout = 3000ms (default)
2021-07-17 01:44:46,692 [30d49bb6-b206-443f-92f8-de1941ac4061@group-18EA97DC0098-LeaderElection63] INFO  server.RaftServerConfigKeys (ConfUtils.java:logGet(44)) - raft.server.log.appender.install.snapshot.enabled = false (custom)
2021-07-17 01:44:46,694 [30d49bb6-b206-443f-92f8-de1941ac4061@group-18EA97DC0098-LeaderElection63] INFO  impl.RoleInfo (RoleInfo.java:updateAndGet(130)) - 30d49bb6-b206-443f-92f8-de1941ac4061: start 30d49bb6-b206-443f-92f8-de1941ac4061@group-18EA97DC0098-LeaderStateImpl
2021-07-17 01:44:46,692 [EventQueue-OpenPipelineForHealthyPipelineSafeModeRule] WARN  events.EventQueue (EventQueue.java:fireEvent(194)) - No event handler registered for event TypedEvent{payloadType=SafeModeStatus, name='Safe mode status'}
2021-07-17 01:44:46,695 [EventQueue-OpenPipelineForHealthyPipelineSafeModeRule] INFO  ha.SCMContext (SCMContext.java:updateSafeModeStatus(205)) - Update SafeModeStatus from SafeModeStatus{safeModeStatus=true, preCheckPassed=true} to SafeModeStatus{safeModeStatus=false, preCheckPassed=true}.
2021-07-17 01:44:46,695 [EventQueue-OpenPipelineForHealthyPipelineSafeModeRule] INFO  pipeline.BackgroundPipelineCreator (BackgroundPipelineCreatorV2.java:notifyStatusChanged(264)) - Service BackgroundPipelineCreator transitions to RUNNING.
2021-07-17 01:44:46,695 [EventQueue-OpenPipelineForHealthyPipelineSafeModeRule] INFO  container.ReplicationManager (ReplicationManager.java:notifyStatusChanged(1281)) - Service ReplicationManager transitions to RUNNING.
2021-07-17 01:44:46,695 [EventQueue-PipelineReportForOneReplicaPipelineSafeModeRule] INFO  safemode.SCMSafeModeManager (SCMSafeModeManager.java:validateSafeModeExitRules(219)) - ScmSafeModeManager, all rules are successfully validated
2021-07-17 01:44:46,695 [EventQueue-PipelineReportForOneReplicaPipelineSafeModeRule] INFO  safemode.SCMSafeModeManager (SCMSafeModeManager.java:exitSafeMode(248)) - SCM exiting safe mode.
2021-07-17 01:44:46,695 [EventQueue-PipelineReportForOneReplicaPipelineSafeModeRule] WARN  events.EventQueue (EventQueue.java:fireEvent(194)) - No event handler registered for event TypedEvent{payloadType=SafeModeStatus, name='Safe mode status'}
2021-07-17 01:44:46,695 [EventQueue-PipelineReportForOneReplicaPipelineSafeModeRule] INFO  ha.SCMContext (SCMContext.java:updateSafeModeStatus(205)) - Update SafeModeStatus from SafeModeStatus{safeModeStatus=false, preCheckPassed=true} to SafeModeStatus{safeModeStatus=false, preCheckPassed=true}.
2021-07-17 01:44:46,695 [30d49bb6-b206-443f-92f8-de1941ac4061@group-18EA97DC0098-LeaderElection63] INFO  segmented.SegmentedRaftLogWorker (SegmentedRaftLogWorker.java:startLogSegment(394)) - 30d49bb6-b206-443f-92f8-de1941ac4061@group-18EA97DC0098-SegmentedRaftLogWorker: Starting segment from index:0
2021-07-17 01:44:46,693 [817716dc-74d9-44e3-96f4-247fb6d3bd86@group-18EA97DC0098-LeaderElection64] INFO  impl.LeaderElection (LeaderElection.java:askForVotes(306)) - 817716dc-74d9-44e3-96f4-247fb6d3bd86@group-18EA97DC0098-LeaderElection64 ELECTION round 0: submit vote requests at term 3 for -1: [817716dc-74d9-44e3-96f4-247fb6d3bd86|rpc:10.1.0.46:37853|priority:0, 30d49bb6-b206-443f-92f8-de1941ac4061|rpc:10.1.0.46:40535|priority:1, b32faf46-69b0-41ce-b187-d9527561eeb9|rpc:10.1.0.46:42083|priority:0], old=null
2021-07-17 01:44:46,696 [30d49bb6-b206-443f-92f8-de1941ac4061@group-18EA97DC0098-SegmentedRaftLogWorker] INFO  segmented.SegmentedRaftLogWorker (SegmentedRaftLogWorker.java:execute(601)) - 30d49bb6-b206-443f-92f8-de1941ac4061@group-18EA97DC0098-SegmentedRaftLogWorker: created new log segment /home/runner/work/ozone/ozone/mnt/ozone/hadoop-ozone/integration-test/target/test-dir/MiniOzoneClusterImpl-ab53e13c-b7a0-452c-aef0-b95992dbe1a2/datanode-2/data/ratis/29f43b99-e021-4e88-bda1-18ea97dc0098/current/log_inprogress_0
2021-07-17 01:44:46,699 [30d49bb6-b206-443f-92f8-de1941ac4061@group-18EA97DC0098-LeaderElection63] INFO  server.RaftServer$Division (ServerState.java:setRaftConf(373)) - 30d49bb6-b206-443f-92f8-de1941ac4061@group-18EA97DC0098: set configuration 0: [817716dc-74d9-44e3-96f4-247fb6d3bd86|rpc:10.1.0.46:37853|dataStream:|priority:0, 30d49bb6-b206-443f-92f8-de1941ac4061|rpc:10.1.0.46:40535|dataStream:|priority:1, b32faf46-69b0-41ce-b187-d9527561eeb9|rpc:10.1.0.46:42083|dataStream:|priority:0], old=null
2021-07-17 01:44:46,719 [grpc-default-executor-1] INFO  ratis.XceiverServerRatis (XceiverServerRatis.java:handleLeaderChangedNotification(857)) - Leader change notification received for group: group-18EA97DC0098 with new leaderId: 30d49bb6-b206-443f-92f8-de1941ac4061
2021-07-17 01:44:46,719 [grpc-default-executor-1] INFO  server.RaftServer$Division (ServerState.java:setLeader(271)) - b32faf46-69b0-41ce-b187-d9527561eeb9@group-18EA97DC0098: change Leader from null to 30d49bb6-b206-443f-92f8-de1941ac4061 at term 2 for appendEntries, leader elected after 10198ms
2021-07-17 01:44:46,723 [grpc-default-executor-3] INFO  server.RaftServer$Division (RaftServerImpl.java:requestVote(1042)) - 30d49bb6-b206-443f-92f8-de1941ac4061@group-18EA97DC0098: receive requestVote(ELECTION, 817716dc-74d9-44e3-96f4-247fb6d3bd86, group-18EA97DC0098, 3, (t:0, i:0))
2021-07-17 01:44:46,723 [grpc-default-executor-3] INFO  impl.VoteContext (VoteContext.java:log(48)) - 30d49bb6-b206-443f-92f8-de1941ac4061@group-18EA97DC0098-LEADER: reject ELECTION from 817716dc-74d9-44e3-96f4-247fb6d3bd86: our last entry (t:2, i:0) > candidate's last entry (t:0, i:0)
2021-07-17 01:44:46,723 [grpc-default-executor-3] INFO  server.RaftServer$Division (ServerState.java:setLeader(271)) - 30d49bb6-b206-443f-92f8-de1941ac4061@group-18EA97DC0098: change Leader from 30d49bb6-b206-443f-92f8-de1941ac4061 to null at term 3 for updateCurrentTerm
2021-07-17 01:44:46,723 [grpc-default-executor-3] INFO  server.RaftServer$Division (RaftServerImpl.java:setRole(284)) - 30d49bb6-b206-443f-92f8-de1941ac4061@group-18EA97DC0098: changes role from    LEADER to FOLLOWER at term 3 for candidate:817716dc-74d9-44e3-96f4-247fb6d3bd86
2021-07-17 01:44:46,723 [grpc-default-executor-3] INFO  impl.RoleInfo (RoleInfo.java:shutdownLeaderState(91)) - 30d49bb6-b206-443f-92f8-de1941ac4061: shutdown 30d49bb6-b206-443f-92f8-de1941ac4061@group-18EA97DC0098-LeaderStateImpl
2021-07-17 01:44:46,723 [grpc-default-executor-3] INFO  metrics.RatisMetrics (RatisMetrics.java:unregister(43)) - Unregistering Metrics Registry : ratis_grpc.log_appender.30d49bb6-b206-443f-92f8-de1941ac4061@group-18EA97DC0098
2021-07-17 01:44:46,723 [grpc-default-executor-3] INFO  metrics.RatisMetrics (RatisMetrics.java:unregister(43)) - Unregistering Metrics Registry : ratis_grpc.log_appender.30d49bb6-b206-443f-92f8-de1941ac4061@group-18EA97DC0098
2021-07-17 01:44:46,724 [grpc-default-executor-3] INFO  impl.PendingRequests (PendingRequests.java:sendNotLeaderResponses(249)) - 30d49bb6-b206-443f-92f8-de1941ac4061@group-18EA97DC0098-PendingRequests: sendNotLeaderResponses
2021-07-17 01:44:46,724 [30d49bb6-b206-443f-92f8-de1941ac4061@group-18EA97DC0098->817716dc-74d9-44e3-96f4-247fb6d3bd86-GrpcLogAppender-LogAppenderDaemon] WARN  server.GrpcLogAppender (GrpcLogAppender.java:mayWait(175)) - 30d49bb6-b206-443f-92f8-de1941ac4061@group-18EA97DC0098->817716dc-74d9-44e3-96f4-247fb6d3bd86-GrpcLogAppender: Wait interrupted by java.lang.InterruptedException
2021-07-17 01:44:46,724 [grpc-default-executor-3] INFO  metrics.RatisMetrics (RatisMetrics.java:unregister(43)) - Unregistering Metrics Registry : ratis.log_appender.30d49bb6-b206-443f-92f8-de1941ac4061@group-18EA97DC0098
2021-07-17 01:44:46,724 [grpc-default-executor-3] INFO  metrics.RatisMetrics (RatisMetrics.java:unregister(43)) - Unregistering Metrics Registry : ratis.server.30d49bb6-b206-443f-92f8-de1941ac4061@group-18EA97DC0098
2021-07-17 01:44:46,724 [30d49bb6-b206-443f-92f8-de1941ac4061@group-18EA97DC0098->b32faf46-69b0-41ce-b187-d9527561eeb9-GrpcLogAppender-LogAppenderDaemon] WARN  server.GrpcLogAppender (GrpcLogAppender.java:mayWait(175)) - 30d49bb6-b206-443f-92f8-de1941ac4061@group-18EA97DC0098->b32faf46-69b0-41ce-b187-d9527561eeb9-GrpcLogAppender: Wait interrupted by java.lang.InterruptedException
2021-07-17 01:44:46,724 [grpc-default-executor-3] INFO  impl.RoleInfo (RoleInfo.java:updateAndGet(130)) - 30d49bb6-b206-443f-92f8-de1941ac4061: start 30d49bb6-b206-443f-92f8-de1941ac4061@group-18EA97DC0098-FollowerState
2021-07-17 01:44:46,724 [grpc-default-executor-4] INFO  server.RaftServer$Division (RaftServerImpl.java:requestVote(1042)) - b32faf46-69b0-41ce-b187-d9527561eeb9@group-18EA97DC0098: receive requestVote(ELECTION, 817716dc-74d9-44e3-96f4-247fb6d3bd86, group-18EA97DC0098, 3, (t:0, i:0))
2021-07-17 01:44:46,725 [grpc-default-executor-1] INFO  server.GrpcServerProtocolService (GrpcServerProtocolService.java:onCompleted(140)) - 817716dc-74d9-44e3-96f4-247fb6d3bd86: Completed APPEND_ENTRIES, lastRequest: 30d49bb6-b206-443f-92f8-de1941ac4061->817716dc-74d9-44e3-96f4-247fb6d3bd86#1-t2,previous=(t:0, i:0),leaderCommit=0,initializing? true,entries: size=1, first=(t:2, i:0), CONFIGURATIONENTRY
2021-07-17 01:44:46,727 [grpc-default-executor-0] INFO  server.RaftServer$Division (ServerState.java:setRaftConf(373)) - b32faf46-69b0-41ce-b187-d9527561eeb9@group-18EA97DC0098: set configuration 0: [817716dc-74d9-44e3-96f4-247fb6d3bd86|rpc:10.1.0.46:37853|dataStream:|priority:0, 30d49bb6-b206-443f-92f8-de1941ac4061|rpc:10.1.0.46:40535|dataStream:|priority:1, b32faf46-69b0-41ce-b187-d9527561eeb9|rpc:10.1.0.46:42083|dataStream:|priority:0], old=null
2021-07-17 01:44:46,727 [grpc-default-executor-0] INFO  segmented.SegmentedRaftLogWorker (SegmentedRaftLogWorker.java:startLogSegment(394)) - b32faf46-69b0-41ce-b187-d9527561eeb9@group-18EA97DC0098-SegmentedRaftLogWorker: Starting segment from index:0
2021-07-17 01:44:46,728 [grpc-default-executor-0] INFO  server.GrpcServerProtocolService (GrpcServerProtocolService.java:onCompleted(140)) - b32faf46-69b0-41ce-b187-d9527561eeb9: Completed APPEND_ENTRIES, lastRequest: 30d49bb6-b206-443f-92f8-de1941ac4061->b32faf46-69b0-41ce-b187-d9527561eeb9#1-t2,previous=(t:0, i:0),leaderCommit=0,initializing? true,entries: size=1, first=(t:2, i:0), CONFIGURATIONENTRY
2021-07-17 01:44:46,728 [grpc-default-executor-4] INFO  impl.VoteContext (VoteContext.java:log(48)) - b32faf46-69b0-41ce-b187-d9527561eeb9@group-18EA97DC0098-FOLLOWER: reject ELECTION from 817716dc-74d9-44e3-96f4-247fb6d3bd86: our last entry (t:2, i:0) > candidate's last entry (t:0, i:0)
2021-07-17 01:44:46,728 [grpc-default-executor-4] INFO  server.RaftServer$Division (ServerState.java:setLeader(271)) - b32faf46-69b0-41ce-b187-d9527561eeb9@group-18EA97DC0098: change Leader from 30d49bb6-b206-443f-92f8-de1941ac4061 to null at term 3 for updateCurrentTerm
2021-07-17 01:44:46,728 [grpc-default-executor-4] INFO  server.RaftServer$Division (RaftServerImpl.java:setRole(284)) - b32faf46-69b0-41ce-b187-d9527561eeb9@group-18EA97DC0098: changes role from  FOLLOWER to FOLLOWER at term 3 for candidate:817716dc-74d9-44e3-96f4-247fb6d3bd86
2021-07-17 01:44:46,728 [grpc-default-executor-4] INFO  impl.RoleInfo (RoleInfo.java:shutdownFollowerState(108)) - b32faf46-69b0-41ce-b187-d9527561eeb9: shutdown b32faf46-69b0-41ce-b187-d9527561eeb9@group-18EA97DC0098-FollowerState
2021-07-17 01:44:46,728 [grpc-default-executor-4] INFO  impl.RoleInfo (RoleInfo.java:updateAndGet(130)) - b32faf46-69b0-41ce-b187-d9527561eeb9: start b32faf46-69b0-41ce-b187-d9527561eeb9@group-18EA97DC0098-FollowerState
2021-07-17 01:44:46,729 [b32faf46-69b0-41ce-b187-d9527561eeb9@group-18EA97DC0098-FollowerState] INFO  impl.FollowerState (FollowerState.java:run(143)) - b32faf46-69b0-41ce-b187-d9527561eeb9@group-18EA97DC0098-FollowerState was interrupted: {}
java.lang.InterruptedException: sleep interrupted
	at java.lang.Thread.sleep(Native Method)
	at java.lang.Thread.sleep(Thread.java:340)
	at java.util.concurrent.TimeUnit.sleep(TimeUnit.java:386)
	at org.apache.ratis.util.TimeDuration.sleep(TimeDuration.java:324)
	at org.apache.ratis.util.TimeDuration.sleep(TimeDuration.java:309)
	at org.apache.ratis.server.impl.FollowerState.run(FollowerState.java:118)
2021-07-17 01:44:46,730 [grpc-default-executor-6] INFO  server.GrpcLogAppender (GrpcLogAppender.java:onCompleted(344)) - 30d49bb6-b206-443f-92f8-de1941ac4061@group-18EA97DC0098->b32faf46-69b0-41ce-b187-d9527561eeb9-AppendLogResponseHandler: follower responses appendEntries COMPLETED
2021-07-17 01:44:46,730 [grpc-default-executor-6] INFO  leader.FollowerInfo (FollowerInfoImpl.java:lambda$new$0(46)) - 30d49bb6-b206-443f-92f8-de1941ac4061@group-18EA97DC0098->b32faf46-69b0-41ce-b187-d9527561eeb9: nextIndex: updateUnconditionally 1 -> 0
2021-07-17 01:44:46,734 [grpc-default-executor-3] INFO  server.RaftServer$Division (RaftServerImpl.java:requestVote(1074)) - 30d49bb6-b206-443f-92f8-de1941ac4061@group-18EA97DC0098 replies to ELECTION vote request: 817716dc-74d9-44e3-96f4-247fb6d3bd86<-30d49bb6-b206-443f-92f8-de1941ac4061#0:FAIL-t3. Peer's state: 30d49bb6-b206-443f-92f8-de1941ac4061@group-18EA97DC0098:t3, leader=null, voted=null, raftlog=30d49bb6-b206-443f-92f8-de1941ac4061@group-18EA97DC0098-SegmentedRaftLog:OPENED:c0,f0,i0, conf=0: [817716dc-74d9-44e3-96f4-247fb6d3bd86|rpc:10.1.0.46:37853|dataStream:|priority:0, 30d49bb6-b206-443f-92f8-de1941ac4061|rpc:10.1.0.46:40535|dataStream:|priority:1, b32faf46-69b0-41ce-b187-d9527561eeb9|rpc:10.1.0.46:42083|dataStream:|priority:0], old=null
2021-07-17 01:44:46,734 [grpc-default-executor-5] INFO  server.GrpcLogAppender (GrpcLogAppender.java:onCompleted(344)) - 30d49bb6-b206-443f-92f8-de1941ac4061@group-18EA97DC0098->817716dc-74d9-44e3-96f4-247fb6d3bd86-AppendLogResponseHandler: follower responses appendEntries COMPLETED
2021-07-17 01:44:46,734 [grpc-default-executor-5] INFO  leader.FollowerInfo (FollowerInfoImpl.java:lambda$new$0(46)) - 30d49bb6-b206-443f-92f8-de1941ac4061@group-18EA97DC0098->817716dc-74d9-44e3-96f4-247fb6d3bd86: nextIndex: updateUnconditionally 1 -> 0
2021-07-17 01:44:46,734 [817716dc-74d9-44e3-96f4-247fb6d3bd86@group-18EA97DC0098-LeaderElection64] INFO  impl.LeaderElection (LeaderElection.java:logAndReturn(89)) - 817716dc-74d9-44e3-96f4-247fb6d3bd86@group-18EA97DC0098-LeaderElection64: ELECTION REJECTED received 1 response(s) and 0 exception(s):
2021-07-17 01:44:46,734 [817716dc-74d9-44e3-96f4-247fb6d3bd86@group-18EA97DC0098-LeaderElection64] INFO  impl.LeaderElection (LeaderElection.java:logAndReturn(93)) -   Response 0: 817716dc-74d9-44e3-96f4-247fb6d3bd86<-30d49bb6-b206-443f-92f8-de1941ac4061#0:FAIL-t3
2021-07-17 01:44:46,734 [817716dc-74d9-44e3-96f4-247fb6d3bd86@group-18EA97DC0098-LeaderElection64] INFO  impl.LeaderElection (LeaderElection.java:askForVotes(308)) - 817716dc-74d9-44e3-96f4-247fb6d3bd86@group-18EA97DC0098-LeaderElection64 ELECTION round 0: result REJECTED
2021-07-17 01:44:46,735 [817716dc-74d9-44e3-96f4-247fb6d3bd86@group-18EA97DC0098-LeaderElection64] INFO  server.RaftServer$Division (RaftServerImpl.java:setRole(284)) - 817716dc-74d9-44e3-96f4-247fb6d3bd86@group-18EA97DC0098: changes role from CANDIDATE to FOLLOWER at term 3 for REJECTED
2021-07-17 01:44:46,735 [817716dc-74d9-44e3-96f4-247fb6d3bd86@group-18EA97DC0098-LeaderElection64] INFO  impl.RoleInfo (RoleInfo.java:shutdownLeaderElection(121)) - 817716dc-74d9-44e3-96f4-247fb6d3bd86: shutdown 817716dc-74d9-44e3-96f4-247fb6d3bd86@group-18EA97DC0098-LeaderElection64
2021-07-17 01:44:46,735 [817716dc-74d9-44e3-96f4-247fb6d3bd86@group-18EA97DC0098-LeaderElection64] INFO  impl.RoleInfo (RoleInfo.java:updateAndGet(130)) - 817716dc-74d9-44e3-96f4-247fb6d3bd86: start 817716dc-74d9-44e3-96f4-247fb6d3bd86@group-18EA97DC0098-FollowerState
2021-07-17 01:44:46,735 [b32faf46-69b0-41ce-b187-d9527561eeb9@group-18EA97DC0098-SegmentedRaftLogWorker] INFO  segmented.SegmentedRaftLogWorker (SegmentedRaftLogWorker.java:execute(601)) - b32faf46-69b0-41ce-b187-d9527561eeb9@group-18EA97DC0098-SegmentedRaftLogWorker: created new log segment /home/runner/work/ozone/ozone/mnt/ozone/hadoop-ozone/integration-test/target/test-dir/MiniOzoneClusterImpl-ab53e13c-b7a0-452c-aef0-b95992dbe1a2/datanode-1/data/ratis/29f43b99-e021-4e88-bda1-18ea97dc0098/current/log_inprogress_0
2021-07-17 01:44:46,735 [grpc-default-executor-4] INFO  server.RaftServer$Division (RaftServerImpl.java:requestVote(1074)) - b32faf46-69b0-41ce-b187-d9527561eeb9@group-18EA97DC0098 replies to ELECTION vote request: 817716dc-74d9-44e3-96f4-247fb6d3bd86<-b32faf46-69b0-41ce-b187-d9527561eeb9#0:FAIL-t3. Peer's state: b32faf46-69b0-41ce-b187-d9527561eeb9@group-18EA97DC0098:t3, leader=null, voted=null, raftlog=b32faf46-69b0-41ce-b187-d9527561eeb9@group-18EA97DC0098-SegmentedRaftLog:OPENED:c-1,f-1,i0, conf=0: [817716dc-74d9-44e3-96f4-247fb6d3bd86|rpc:10.1.0.46:37853|dataStream:|priority:0, 30d49bb6-b206-443f-92f8-de1941ac4061|rpc:10.1.0.46:40535|dataStream:|priority:1, b32faf46-69b0-41ce-b187-d9527561eeb9|rpc:10.1.0.46:42083|dataStream:|priority:0], old=null
2021-07-17 01:44:47,120 [10a21550-a5a0-488e-a6a8-a727859c68fc@group-70810AB09C8B-FollowerState] INFO  impl.FollowerState (FollowerState.java:run(134)) - 10a21550-a5a0-488e-a6a8-a727859c68fc@group-70810AB09C8B-FollowerState: change to CANDIDATE, lastRpcElapsedTime:5023708930ns, electionTimeout:5015ms
2021-07-17 01:44:47,120 [10a21550-a5a0-488e-a6a8-a727859c68fc@group-70810AB09C8B-FollowerState] INFO  impl.RoleInfo (RoleInfo.java:shutdownFollowerState(108)) - 10a21550-a5a0-488e-a6a8-a727859c68fc: shutdown 10a21550-a5a0-488e-a6a8-a727859c68fc@group-70810AB09C8B-FollowerState
2021-07-17 01:44:47,120 [10a21550-a5a0-488e-a6a8-a727859c68fc@group-70810AB09C8B-FollowerState] INFO  server.RaftServer$Division (RaftServerImpl.java:setRole(284)) - 10a21550-a5a0-488e-a6a8-a727859c68fc@group-70810AB09C8B: changes role from  FOLLOWER to CANDIDATE at term 1 for changeToCandidate
2021-07-17 01:44:47,120 [10a21550-a5a0-488e-a6a8-a727859c68fc@group-70810AB09C8B-FollowerState] INFO  server.RaftServerConfigKeys (ConfUtils.java:logGet(44)) - raft.server.leaderelection.pre-vote = false (custom)
2021-07-17 01:44:47,120 [10a21550-a5a0-488e-a6a8-a727859c68fc@group-70810AB09C8B-FollowerState] INFO  impl.RoleInfo (RoleInfo.java:updateAndGet(130)) - 10a21550-a5a0-488e-a6a8-a727859c68fc: start 10a21550-a5a0-488e-a6a8-a727859c68fc@group-70810AB09C8B-LeaderElection65
2021-07-17 01:44:47,123 [10a21550-a5a0-488e-a6a8-a727859c68fc@group-70810AB09C8B-LeaderElection65] INFO  impl.LeaderElection (LeaderElection.java:askForVotes(306)) - 10a21550-a5a0-488e-a6a8-a727859c68fc@group-70810AB09C8B-LeaderElection65 ELECTION round 0: submit vote requests at term 2 for -1: [10a21550-a5a0-488e-a6a8-a727859c68fc|rpc:10.1.0.46:43097|dataStream:|priority:1, 8befdf63-f118-4996-8ccb-439953d58c5e|rpc:10.1.0.46:43351|dataStream:|priority:0, 90710055-331b-448d-a626-ec94cfb52e3b|rpc:10.1.0.46:37627|dataStream:|priority:0], old=null
2021-07-17 01:44:47,132 [grpc-default-executor-3] INFO  metrics.RatisMetrics (RatisMetrics.java:lambda$create$0(36)) - Creating Metrics Registry : ratis.server_message_metrics.8befdf63-f118-4996-8ccb-439953d58c5e
2021-07-17 01:44:47,134 [grpc-default-executor-3] INFO  server.RaftServer$Division (RaftServerImpl.java:requestVote(1042)) - 8befdf63-f118-4996-8ccb-439953d58c5e@group-70810AB09C8B: receive requestVote(ELECTION, 10a21550-a5a0-488e-a6a8-a727859c68fc, group-70810AB09C8B, 2, (t:0, i:0))
2021-07-17 01:44:47,134 [grpc-default-executor-3] INFO  impl.VoteContext (VoteContext.java:log(48)) - 8befdf63-f118-4996-8ccb-439953d58c5e@group-70810AB09C8B-FOLLOWER: accept ELECTION from 10a21550-a5a0-488e-a6a8-a727859c68fc: our priority 0 <= candidate's priority 1
2021-07-17 01:44:47,134 [grpc-default-executor-3] INFO  server.RaftServer$Division (RaftServerImpl.java:setRole(284)) - 8befdf63-f118-4996-8ccb-439953d58c5e@group-70810AB09C8B: changes role from  FOLLOWER to FOLLOWER at term 2 for candidate:10a21550-a5a0-488e-a6a8-a727859c68fc
2021-07-17 01:44:47,134 [grpc-default-executor-3] INFO  impl.RoleInfo (RoleInfo.java:shutdownFollowerState(108)) - 8befdf63-f118-4996-8ccb-439953d58c5e: shutdown 8befdf63-f118-4996-8ccb-439953d58c5e@group-70810AB09C8B-FollowerState
2021-07-17 01:44:47,134 [grpc-default-executor-3] INFO  impl.RoleInfo (RoleInfo.java:updateAndGet(130)) - 8befdf63-f118-4996-8ccb-439953d58c5e: start 8befdf63-f118-4996-8ccb-439953d58c5e@group-70810AB09C8B-FollowerState
2021-07-17 01:44:47,134 [8befdf63-f118-4996-8ccb-439953d58c5e@group-70810AB09C8B-FollowerState] INFO  impl.FollowerState (FollowerState.java:run(143)) - 8befdf63-f118-4996-8ccb-439953d58c5e@group-70810AB09C8B-FollowerState was interrupted: {}
java.lang.InterruptedException: sleep interrupted
	at java.lang.Thread.sleep(Native Method)
	at java.lang.Thread.sleep(Thread.java:340)
	at java.util.concurrent.TimeUnit.sleep(TimeUnit.java:386)
	at org.apache.ratis.util.TimeDuration.sleep(TimeDuration.java:324)
	at org.apache.ratis.util.TimeDuration.sleep(TimeDuration.java:309)
	at org.apache.ratis.server.impl.FollowerState.run(FollowerState.java:118)
2021-07-17 01:44:47,143 [grpc-default-executor-4] INFO  server.RaftServer$Division (RaftServerImpl.java:requestVote(1042)) - 90710055-331b-448d-a626-ec94cfb52e3b@group-70810AB09C8B: receive requestVote(ELECTION, 10a21550-a5a0-488e-a6a8-a727859c68fc, group-70810AB09C8B, 2, (t:0, i:0))
2021-07-17 01:44:47,144 [grpc-default-executor-4] INFO  impl.VoteContext (VoteContext.java:log(48)) - 90710055-331b-448d-a626-ec94cfb52e3b@group-70810AB09C8B-FOLLOWER: accept ELECTION from 10a21550-a5a0-488e-a6a8-a727859c68fc: our priority 0 <= candidate's priority 1
2021-07-17 01:44:47,144 [grpc-default-executor-4] INFO  server.RaftServer$Division (RaftServerImpl.java:setRole(284)) - 90710055-331b-448d-a626-ec94cfb52e3b@group-70810AB09C8B: changes role from  FOLLOWER to FOLLOWER at term 2 for candidate:10a21550-a5a0-488e-a6a8-a727859c68fc
2021-07-17 01:44:47,144 [grpc-default-executor-4] INFO  impl.RoleInfo (RoleInfo.java:shutdownFollowerState(108)) - 90710055-331b-448d-a626-ec94cfb52e3b: shutdown 90710055-331b-448d-a626-ec94cfb52e3b@group-70810AB09C8B-FollowerState
2021-07-17 01:44:47,144 [grpc-default-executor-3] INFO  server.RaftServer$Division (RaftServerImpl.java:requestVote(1074)) - 8befdf63-f118-4996-8ccb-439953d58c5e@group-70810AB09C8B replies to ELECTION vote request: 10a21550-a5a0-488e-a6a8-a727859c68fc<-8befdf63-f118-4996-8ccb-439953d58c5e#0:OK-t2. Peer's state: 8befdf63-f118-4996-8ccb-439953d58c5e@group-70810AB09C8B:t2, leader=null, voted=10a21550-a5a0-488e-a6a8-a727859c68fc, raftlog=8befdf63-f118-4996-8ccb-439953d58c5e@group-70810AB09C8B-SegmentedRaftLog:OPENED:c-1,f-1,i0, conf=-1: [10a21550-a5a0-488e-a6a8-a727859c68fc|rpc:10.1.0.46:43097|priority:1, 8befdf63-f118-4996-8ccb-439953d58c5e|rpc:10.1.0.46:43351|priority:0, 90710055-331b-448d-a626-ec94cfb52e3b|rpc:10.1.0.46:37627|priority:0], old=null
2021-07-17 01:44:47,144 [90710055-331b-448d-a626-ec94cfb52e3b@group-70810AB09C8B-FollowerState] INFO  impl.FollowerState (FollowerState.java:run(143)) - 90710055-331b-448d-a626-ec94cfb52e3b@group-70810AB09C8B-FollowerState was interrupted: {}
java.lang.InterruptedException: sleep interrupted
	at java.lang.Thread.sleep(Native Method)
	at java.lang.Thread.sleep(Thread.java:340)
	at java.util.concurrent.TimeUnit.sleep(TimeUnit.java:386)
	at org.apache.ratis.util.TimeDuration.sleep(TimeDuration.java:324)
	at org.apache.ratis.util.TimeDuration.sleep(TimeDuration.java:309)
	at org.apache.ratis.server.impl.FollowerState.run(FollowerState.java:118)
2021-07-17 01:44:47,144 [grpc-default-executor-4] INFO  impl.RoleInfo (RoleInfo.java:updateAndGet(130)) - 90710055-331b-448d-a626-ec94cfb52e3b: start 90710055-331b-448d-a626-ec94cfb52e3b@group-70810AB09C8B-FollowerState
2021-07-17 01:44:47,146 [grpc-default-executor-4] INFO  server.RaftServer$Division (RaftServerImpl.java:requestVote(1074)) - 90710055-331b-448d-a626-ec94cfb52e3b@group-70810AB09C8B replies to ELECTION vote request: 10a21550-a5a0-488e-a6a8-a727859c68fc<-90710055-331b-448d-a626-ec94cfb52e3b#0:OK-t2. Peer's state: 90710055-331b-448d-a626-ec94cfb52e3b@group-70810AB09C8B:t2, leader=null, voted=10a21550-a5a0-488e-a6a8-a727859c68fc, raftlog=90710055-331b-448d-a626-ec94cfb52e3b@group-70810AB09C8B-SegmentedRaftLog:OPENED:c-1,f-1,i0, conf=-1: [10a21550-a5a0-488e-a6a8-a727859c68fc|rpc:10.1.0.46:43097|dataStream:|priority:1, 8befdf63-f118-4996-8ccb-439953d58c5e|rpc:10.1.0.46:43351|dataStream:|priority:0, 90710055-331b-448d-a626-ec94cfb52e3b|rpc:10.1.0.46:37627|dataStream:|priority:0], old=null
2021-07-17 01:44:47,147 [10a21550-a5a0-488e-a6a8-a727859c68fc@group-70810AB09C8B-LeaderElection65] INFO  impl.LeaderElection (LeaderElection.java:logAndReturn(89)) - 10a21550-a5a0-488e-a6a8-a727859c68fc@group-70810AB09C8B-LeaderElection65: ELECTION PASSED received 1 response(s) and 0 exception(s):
2021-07-17 01:44:47,147 [10a21550-a5a0-488e-a6a8-a727859c68fc@group-70810AB09C8B-LeaderElection65] INFO  impl.LeaderElection (LeaderElection.java:logAndReturn(93)) -   Response 0: 10a21550-a5a0-488e-a6a8-a727859c68fc<-8befdf63-f118-4996-8ccb-439953d58c5e#0:OK-t2
2021-07-17 01:44:47,147 [10a21550-a5a0-488e-a6a8-a727859c68fc@group-70810AB09C8B-LeaderElection65] INFO  impl.LeaderElection (LeaderElection.java:askForVotes(308)) - 10a21550-a5a0-488e-a6a8-a727859c68fc@group-70810AB09C8B-LeaderElection65 ELECTION round 0: result PASSED
2021-07-17 01:44:47,147 [10a21550-a5a0-488e-a6a8-a727859c68fc@group-70810AB09C8B-LeaderElection65] INFO  impl.RoleInfo (RoleInfo.java:shutdownLeaderElection(121)) - 10a21550-a5a0-488e-a6a8-a727859c68fc: shutdown 10a21550-a5a0-488e-a6a8-a727859c68fc@group-70810AB09C8B-LeaderElection65
2021-07-17 01:44:47,147 [10a21550-a5a0-488e-a6a8-a727859c68fc@group-70810AB09C8B-LeaderElection65] INFO  server.RaftServer$Division (RaftServerImpl.java:setRole(284)) - 10a21550-a5a0-488e-a6a8-a727859c68fc@group-70810AB09C8B: changes role from CANDIDATE to LEADER at term 2 for changeToLeader
2021-07-17 01:44:47,147 [10a21550-a5a0-488e-a6a8-a727859c68fc@group-70810AB09C8B-LeaderElection65] INFO  ratis.XceiverServerRatis (XceiverServerRatis.java:handleLeaderChangedNotification(857)) - Leader change notification received for group: group-70810AB09C8B with new leaderId: 10a21550-a5a0-488e-a6a8-a727859c68fc
2021-07-17 01:44:47,147 [10a21550-a5a0-488e-a6a8-a727859c68fc@group-70810AB09C8B-LeaderElection65] INFO  server.RaftServer$Division (ServerState.java:setLeader(271)) - 10a21550-a5a0-488e-a6a8-a727859c68fc@group-70810AB09C8B: change Leader from null to 10a21550-a5a0-488e-a6a8-a727859c68fc at term 2 for becomeLeader, leader elected after 10179ms
2021-07-17 01:44:47,148 [10a21550-a5a0-488e-a6a8-a727859c68fc@group-70810AB09C8B-LeaderElection65] INFO  server.RaftServerConfigKeys (ConfUtils.java:logGet(44)) - raft.server.staging.catchup.gap = 1000 (default)
2021-07-17 01:44:47,148 [Datanode State Machine Thread - 0] WARN  statemachine.StateContext (StateContext.java:execute(621)) - No available thread in pool for past 1 seconds.
2021-07-17 01:44:47,148 [10a21550-a5a0-488e-a6a8-a727859c68fc@group-70810AB09C8B-LeaderElection65] INFO  metrics.RatisMetrics (RatisMetrics.java:lambda$create$0(36)) - Creating Metrics Registry : ratis.log_appender.10a21550-a5a0-488e-a6a8-a727859c68fc@group-70810AB09C8B
2021-07-17 01:44:47,148 [10a21550-a5a0-488e-a6a8-a727859c68fc@group-70810AB09C8B-LeaderElection65] INFO  server.RaftServerConfigKeys (ConfUtils.java:logGet(44)) - raft.server.write.element-limit = 1024 (custom)
2021-07-17 01:44:47,148 [10a21550-a5a0-488e-a6a8-a727859c68fc@group-70810AB09C8B-LeaderElection65] INFO  server.RaftServerConfigKeys (ConfUtils.java:logGet(44)) - raft.server.write.byte-limit = 1073741824 (custom)
2021-07-17 01:44:47,148 [10a21550-a5a0-488e-a6a8-a727859c68fc@group-70810AB09C8B-LeaderElection65] INFO  server.RaftServerConfigKeys (ConfUtils.java:logGet(44)) - raft.server.watch.timeout = 3000ms (custom)
2021-07-17 01:44:47,148 [10a21550-a5a0-488e-a6a8-a727859c68fc@group-70810AB09C8B-LeaderElection65] INFO  server.RaftServerConfigKeys (ConfUtils.java:logGet(44)) - raft.server.watch.timeout.denomination = 1s (default)
2021-07-17 01:44:47,148 [10a21550-a5a0-488e-a6a8-a727859c68fc@group-70810AB09C8B-LeaderElection65] INFO  server.RaftServerConfigKeys (ConfUtils.java:logGet(44)) - raft.server.watch.element-limit = 65536 (default)
2021-07-17 01:44:47,148 [10a21550-a5a0-488e-a6a8-a727859c68fc@group-70810AB09C8B-LeaderElection65] INFO  server.RaftServerConfigKeys (ConfUtils.java:logGet(44)) - raft.server.log.appender.snapshot.chunk.size.max = 16MB (=16777216) (default)
2021-07-17 01:44:47,148 [EventQueue-PipelineReportForPipelineReportHandler] INFO  pipeline.PipelineManagerV2Impl (PipelineManagerV2Impl.java:openPipeline(283)) - Pipeline Pipeline[ Id: 722d4e1a-d5fd-4c8a-902a-70810ab09c8b, Nodes: 90710055-331b-448d-a626-ec94cfb52e3b{ip: 10.1.0.46, host: fv-az52-843.jaak54zke33upnjmlridiqi2vb.bx.internal.cloudapp.net, ports: [REPLICATION=39683, RATIS=37627, RATIS_ADMIN=37627, RATIS_SERVER=37627, STANDALONE=43685], networkLocation: /default-rack, certSerialId: null, persistedOpState: IN_SERVICE, persistedOpStateExpiryEpochSec: 0}10a21550-a5a0-488e-a6a8-a727859c68fc{ip: 10.1.0.46, host: fv-az52-843.jaak54zke33upnjmlridiqi2vb.bx.internal.cloudapp.net, ports: [REPLICATION=33633, RATIS=43097, RATIS_ADMIN=43097, RATIS_SERVER=43097, STANDALONE=35893], networkLocation: /default-rack, certSerialId: null, persistedOpState: IN_SERVICE, persistedOpStateExpiryEpochSec: 0}8befdf63-f118-4996-8ccb-439953d58c5e{ip: 10.1.0.46, host: fv-az52-843.jaak54zke33upnjmlridiqi2vb.bx.internal.cloudapp.net, ports: [REPLICATION=39729, RATIS=43351, RATIS_ADMIN=43351, RATIS_SERVER=43351, STANDALONE=36951], networkLocation: /default-rack, certSerialId: null, persistedOpState: IN_SERVICE, persistedOpStateExpiryEpochSec: 0}, ReplicationConfig: RATIS/THREE, State:ALLOCATED, leaderId:10a21550-a5a0-488e-a6a8-a727859c68fc, CreationTimestamp2021-07-17T01:44:34.189Z[Etc/UTC]] moved to OPEN state
2021-07-17 01:44:47,148 [10a21550-a5a0-488e-a6a8-a727859c68fc@group-70810AB09C8B-LeaderElection65] INFO  server.RaftServerConfigKeys (ConfUtils.java:logGet(44)) - raft.server.log.appender.buffer.byte-limit = 33554432 (custom)
2021-07-17 01:44:47,149 [10a21550-a5a0-488e-a6a8-a727859c68fc@group-70810AB09C8B-LeaderElection65] INFO  server.RaftServerConfigKeys (ConfUtils.java:logGet(44)) - raft.server.log.appender.buffer.element-limit = 1 (custom)
2021-07-17 01:44:47,149 [10a21550-a5a0-488e-a6a8-a727859c68fc@group-70810AB09C8B-LeaderElection65] INFO  grpc.GrpcConfigKeys (ConfUtils.java:logGet(44)) - raft.grpc.server.leader.outstanding.appends.max = 128 (default)
2021-07-17 01:44:47,149 [10a21550-a5a0-488e-a6a8-a727859c68fc@group-70810AB09C8B-LeaderElection65] INFO  server.RaftServerConfigKeys (ConfUtils.java:logGet(44)) - raft.server.rpc.request.timeout = 3000ms (default)
2021-07-17 01:44:47,149 [10a21550-a5a0-488e-a6a8-a727859c68fc@group-70810AB09C8B-LeaderElection65] INFO  server.RaftServerConfigKeys (ConfUtils.java:logGet(44)) - raft.server.log.appender.install.snapshot.enabled = false (custom)
2021-07-17 01:44:47,149 [10a21550-a5a0-488e-a6a8-a727859c68fc@group-70810AB09C8B-LeaderElection65] INFO  metrics.RatisMetrics (RatisMetrics.java:lambda$create$0(36)) - Creating Metrics Registry : ratis_grpc.log_appender.10a21550-a5a0-488e-a6a8-a727859c68fc@group-70810AB09C8B
2021-07-17 01:44:47,150 [10a21550-a5a0-488e-a6a8-a727859c68fc@group-70810AB09C8B-LeaderElection65] INFO  server.RaftServerConfigKeys (ConfUtils.java:logGet(44)) - raft.server.log.appender.snapshot.chunk.size.max = 16MB (=16777216) (default)
2021-07-17 01:44:47,150 [10a21550-a5a0-488e-a6a8-a727859c68fc@group-70810AB09C8B-LeaderElection65] INFO  server.RaftServerConfigKeys (ConfUtils.java:logGet(44)) - raft.server.log.appender.buffer.byte-limit = 33554432 (custom)
2021-07-17 01:44:47,150 [10a21550-a5a0-488e-a6a8-a727859c68fc@group-70810AB09C8B-LeaderElection65] INFO  server.RaftServerConfigKeys (ConfUtils.java:logGet(44)) - raft.server.log.appender.buffer.element-limit = 1 (custom)
2021-07-17 01:44:47,150 [10a21550-a5a0-488e-a6a8-a727859c68fc@group-70810AB09C8B-LeaderElection65] INFO  grpc.GrpcConfigKeys (ConfUtils.java:logGet(44)) - raft.grpc.server.leader.outstanding.appends.max = 128 (default)
2021-07-17 01:44:47,150 [10a21550-a5a0-488e-a6a8-a727859c68fc@group-70810AB09C8B-LeaderElection65] INFO  server.RaftServerConfigKeys (ConfUtils.java:logGet(44)) - raft.server.rpc.request.timeout = 3000ms (default)
2021-07-17 01:44:47,150 [10a21550-a5a0-488e-a6a8-a727859c68fc@group-70810AB09C8B-LeaderElection65] INFO  server.RaftServerConfigKeys (ConfUtils.java:logGet(44)) - raft.server.log.appender.install.snapshot.enabled = false (custom)
2021-07-17 01:44:47,151 [10a21550-a5a0-488e-a6a8-a727859c68fc@group-70810AB09C8B-LeaderElection65] INFO  impl.RoleInfo (RoleInfo.java:updateAndGet(130)) - 10a21550-a5a0-488e-a6a8-a727859c68fc: start 10a21550-a5a0-488e-a6a8-a727859c68fc@group-70810AB09C8B-LeaderStateImpl
2021-07-17 01:44:47,152 [10a21550-a5a0-488e-a6a8-a727859c68fc@group-70810AB09C8B-LeaderElection65] INFO  segmented.SegmentedRaftLogWorker (SegmentedRaftLogWorker.java:startLogSegment(394)) - 10a21550-a5a0-488e-a6a8-a727859c68fc@group-70810AB09C8B-SegmentedRaftLogWorker: Starting segment from index:0
2021-07-17 01:44:47,153 [10a21550-a5a0-488e-a6a8-a727859c68fc@group-70810AB09C8B-SegmentedRaftLogWorker] INFO  segmented.SegmentedRaftLogWorker (SegmentedRaftLogWorker.java:execute(601)) - 10a21550-a5a0-488e-a6a8-a727859c68fc@group-70810AB09C8B-SegmentedRaftLogWorker: created new log segment /home/runner/work/ozone/ozone/mnt/ozone/hadoop-ozone/integration-test/target/test-dir/MiniOzoneClusterImpl-ab53e13c-b7a0-452c-aef0-b95992dbe1a2/datanode-5/data/ratis/722d4e1a-d5fd-4c8a-902a-70810ab09c8b/current/log_inprogress_0
2021-07-17 01:44:47,159 [10a21550-a5a0-488e-a6a8-a727859c68fc@group-70810AB09C8B-LeaderElection65] INFO  server.RaftServer$Division (ServerState.java:setRaftConf(373)) - 10a21550-a5a0-488e-a6a8-a727859c68fc@group-70810AB09C8B: set configuration 0: [10a21550-a5a0-488e-a6a8-a727859c68fc|rpc:10.1.0.46:43097|dataStream:|priority:1, 8befdf63-f118-4996-8ccb-439953d58c5e|rpc:10.1.0.46:43351|dataStream:|priority:0, 90710055-331b-448d-a626-ec94cfb52e3b|rpc:10.1.0.46:37627|dataStream:|priority:0], old=null
2021-07-17 01:44:47,160 [grpc-default-executor-4] INFO  ratis.XceiverServerRatis (XceiverServerRatis.java:handleLeaderChangedNotification(857)) - Leader change notification received for group: group-70810AB09C8B with new leaderId: 10a21550-a5a0-488e-a6a8-a727859c68fc
2021-07-17 01:44:47,160 [grpc-default-executor-4] INFO  server.RaftServer$Division (ServerState.java:setLeader(271)) - 8befdf63-f118-4996-8ccb-439953d58c5e@group-70810AB09C8B: change Leader from null to 10a21550-a5a0-488e-a6a8-a727859c68fc at term 2 for appendEntries, leader elected after 10246ms
2021-07-17 01:44:47,163 [grpc-default-executor-4] INFO  server.RaftServer$Division (ServerState.java:setRaftConf(373)) - 8befdf63-f118-4996-8ccb-439953d58c5e@group-70810AB09C8B: set configuration 0: [10a21550-a5a0-488e-a6a8-a727859c68fc|rpc:10.1.0.46:43097|dataStream:|priority:1, 8befdf63-f118-4996-8ccb-439953d58c5e|rpc:10.1.0.46:43351|dataStream:|priority:0, 90710055-331b-448d-a626-ec94cfb52e3b|rpc:10.1.0.46:37627|dataStream:|priority:0], old=null
2021-07-17 01:44:47,163 [grpc-default-executor-4] INFO  segmented.SegmentedRaftLogWorker (SegmentedRaftLogWorker.java:startLogSegment(394)) - 8befdf63-f118-4996-8ccb-439953d58c5e@group-70810AB09C8B-SegmentedRaftLogWorker: Starting segment from index:0
2021-07-17 01:44:47,165 [grpc-default-executor-5] INFO  ratis.XceiverServerRatis (XceiverServerRatis.java:handleLeaderChangedNotification(857)) - Leader change notification received for group: group-70810AB09C8B with new leaderId: 10a21550-a5a0-488e-a6a8-a727859c68fc
2021-07-17 01:44:47,165 [grpc-default-executor-5] INFO  server.RaftServer$Division (ServerState.java:setLeader(271)) - 90710055-331b-448d-a626-ec94cfb52e3b@group-70810AB09C8B: change Leader from null to 10a21550-a5a0-488e-a6a8-a727859c68fc at term 2 for appendEntries, leader elected after 10228ms
2021-07-17 01:44:47,167 [8befdf63-f118-4996-8ccb-439953d58c5e@group-70810AB09C8B-SegmentedRaftLogWorker] INFO  segmented.SegmentedRaftLogWorker (SegmentedRaftLogWorker.java:execute(601)) - 8befdf63-f118-4996-8ccb-439953d58c5e@group-70810AB09C8B-SegmentedRaftLogWorker: created new log segment /home/runner/work/ozone/ozone/mnt/ozone/hadoop-ozone/integration-test/target/test-dir/MiniOzoneClusterImpl-ab53e13c-b7a0-452c-aef0-b95992dbe1a2/datanode-3/data/ratis/722d4e1a-d5fd-4c8a-902a-70810ab09c8b/current/log_inprogress_0
2021-07-17 01:44:47,169 [grpc-default-executor-5] INFO  server.RaftServer$Division (ServerState.java:setRaftConf(373)) - 90710055-331b-448d-a626-ec94cfb52e3b@group-70810AB09C8B: set configuration 0: [10a21550-a5a0-488e-a6a8-a727859c68fc|rpc:10.1.0.46:43097|dataStream:|priority:1, 8befdf63-f118-4996-8ccb-439953d58c5e|rpc:10.1.0.46:43351|dataStream:|priority:0, 90710055-331b-448d-a626-ec94cfb52e3b|rpc:10.1.0.46:37627|dataStream:|priority:0], old=null
2021-07-17 01:44:47,170 [grpc-default-executor-5] INFO  segmented.SegmentedRaftLogWorker (SegmentedRaftLogWorker.java:startLogSegment(394)) - 90710055-331b-448d-a626-ec94cfb52e3b@group-70810AB09C8B-SegmentedRaftLogWorker: Starting segment from index:0
2021-07-17 01:44:47,171 [90710055-331b-448d-a626-ec94cfb52e3b@group-70810AB09C8B-SegmentedRaftLogWorker] INFO  segmented.SegmentedRaftLogWorker (SegmentedRaftLogWorker.java:execute(601)) - 90710055-331b-448d-a626-ec94cfb52e3b@group-70810AB09C8B-SegmentedRaftLogWorker: created new log segment /home/runner/work/ozone/ozone/mnt/ozone/hadoop-ozone/integration-test/target/test-dir/MiniOzoneClusterImpl-ab53e13c-b7a0-452c-aef0-b95992dbe1a2/datanode-4/data/ratis/722d4e1a-d5fd-4c8a-902a-70810ab09c8b/current/log_inprogress_0
2021-07-17 01:44:47,523 [2cdc0689-27ad-48f6-b58d-8766a5040b34@group-2359FAE4794D-FollowerState] INFO  impl.FollowerState (FollowerState.java:run(134)) - 2cdc0689-27ad-48f6-b58d-8766a5040b34@group-2359FAE4794D-FollowerState: change to CANDIDATE, lastRpcElapsedTime:5058832408ns, electionTimeout:5058ms
2021-07-17 01:44:47,523 [2cdc0689-27ad-48f6-b58d-8766a5040b34@group-2359FAE4794D-FollowerState] INFO  impl.RoleInfo (RoleInfo.java:shutdownFollowerState(108)) - 2cdc0689-27ad-48f6-b58d-8766a5040b34: shutdown 2cdc0689-27ad-48f6-b58d-8766a5040b34@group-2359FAE4794D-FollowerState
2021-07-17 01:44:47,523 [2cdc0689-27ad-48f6-b58d-8766a5040b34@group-2359FAE4794D-FollowerState] INFO  server.RaftServer$Division (RaftServerImpl.java:setRole(284)) - 2cdc0689-27ad-48f6-b58d-8766a5040b34@group-2359FAE4794D: changes role from  FOLLOWER to CANDIDATE at term 1 for changeToCandidate
2021-07-17 01:44:47,523 [2cdc0689-27ad-48f6-b58d-8766a5040b34@group-2359FAE4794D-FollowerState] INFO  server.RaftServerConfigKeys (ConfUtils.java:logGet(44)) - raft.server.leaderelection.pre-vote = false (custom)
2021-07-17 01:44:47,523 [2cdc0689-27ad-48f6-b58d-8766a5040b34@group-2359FAE4794D-FollowerState] INFO  impl.RoleInfo (RoleInfo.java:updateAndGet(130)) - 2cdc0689-27ad-48f6-b58d-8766a5040b34: start 2cdc0689-27ad-48f6-b58d-8766a5040b34@group-2359FAE4794D-LeaderElection66
2021-07-17 01:44:47,526 [2cdc0689-27ad-48f6-b58d-8766a5040b34@group-2359FAE4794D-LeaderElection66] INFO  impl.LeaderElection (LeaderElection.java:askForVotes(306)) - 2cdc0689-27ad-48f6-b58d-8766a5040b34@group-2359FAE4794D-LeaderElection66 ELECTION round 0: submit vote requests at term 2 for -1: [6357416b-3a0c-4a85-a83f-939eb676dba2|rpc:10.1.0.46:37413|priority:1, 155d2fb2-0dbf-48e7-822f-44a07ee5e1e6|rpc:10.1.0.46:42075|priority:0, 2cdc0689-27ad-48f6-b58d-8766a5040b34|rpc:10.1.0.46:33475|priority:0], old=null
2021-07-17 01:44:47,533 [grpc-default-executor-3] INFO  server.RaftServer$Division (RaftServerImpl.java:requestVote(1042)) - 6357416b-3a0c-4a85-a83f-939eb676dba2@group-2359FAE4794D: receive requestVote(ELECTION, 2cdc0689-27ad-48f6-b58d-8766a5040b34, group-2359FAE4794D, 2, (t:0, i:0))
2021-07-17 01:44:47,533 [grpc-default-executor-3] INFO  impl.VoteContext (VoteContext.java:log(48)) - 6357416b-3a0c-4a85-a83f-939eb676dba2@group-2359FAE4794D-FOLLOWER: reject ELECTION from 2cdc0689-27ad-48f6-b58d-8766a5040b34: our priority 1 > candidate's priority 0
2021-07-17 01:44:47,533 [grpc-default-executor-3] INFO  server.RaftServer$Division (RaftServerImpl.java:setRole(284)) - 6357416b-3a0c-4a85-a83f-939eb676dba2@group-2359FAE4794D: changes role from  FOLLOWER to FOLLOWER at term 2 for candidate:2cdc0689-27ad-48f6-b58d-8766a5040b34
2021-07-17 01:44:47,533 [grpc-default-executor-3] INFO  impl.RoleInfo (RoleInfo.java:shutdownFollowerState(108)) - 6357416b-3a0c-4a85-a83f-939eb676dba2: shutdown 6357416b-3a0c-4a85-a83f-939eb676dba2@group-2359FAE4794D-FollowerState
2021-07-17 01:44:47,533 [grpc-default-executor-3] INFO  impl.RoleInfo (RoleInfo.java:updateAndGet(130)) - 6357416b-3a0c-4a85-a83f-939eb676dba2: start 6357416b-3a0c-4a85-a83f-939eb676dba2@group-2359FAE4794D-FollowerState
2021-07-17 01:44:47,534 [6357416b-3a0c-4a85-a83f-939eb676dba2@group-2359FAE4794D-FollowerState] INFO  impl.FollowerState (FollowerState.java:run(143)) - 6357416b-3a0c-4a85-a83f-939eb676dba2@group-2359FAE4794D-FollowerState was interrupted: {}
java.lang.InterruptedException: sleep interrupted
	at java.lang.Thread.sleep(Native Method)
	at java.lang.Thread.sleep(Thread.java:340)
	at java.util.concurrent.TimeUnit.sleep(TimeUnit.java:386)
	at org.apache.ratis.util.TimeDuration.sleep(TimeDuration.java:324)
	at org.apache.ratis.util.TimeDuration.sleep(TimeDuration.java:309)
	at org.apache.ratis.server.impl.FollowerState.run(FollowerState.java:118)
2021-07-17 01:44:47,539 [grpc-default-executor-5] INFO  server.RaftServer$Division (RaftServerImpl.java:requestVote(1042)) - 155d2fb2-0dbf-48e7-822f-44a07ee5e1e6@group-2359FAE4794D: receive requestVote(ELECTION, 2cdc0689-27ad-48f6-b58d-8766a5040b34, group-2359FAE4794D, 2, (t:0, i:0))
2021-07-17 01:44:47,539 [grpc-default-executor-5] INFO  impl.VoteContext (VoteContext.java:log(48)) - 155d2fb2-0dbf-48e7-822f-44a07ee5e1e6@group-2359FAE4794D-FOLLOWER: accept ELECTION from 2cdc0689-27ad-48f6-b58d-8766a5040b34: our priority 0 <= candidate's priority 0
2021-07-17 01:44:47,539 [grpc-default-executor-5] INFO  server.RaftServer$Division (RaftServerImpl.java:setRole(284)) - 155d2fb2-0dbf-48e7-822f-44a07ee5e1e6@group-2359FAE4794D: changes role from  FOLLOWER to FOLLOWER at term 2 for candidate:2cdc0689-27ad-48f6-b58d-8766a5040b34
2021-07-17 01:44:47,539 [grpc-default-executor-5] INFO  impl.RoleInfo (RoleInfo.java:shutdownFollowerState(108)) - 155d2fb2-0dbf-48e7-822f-44a07ee5e1e6: shutdown 155d2fb2-0dbf-48e7-822f-44a07ee5e1e6@group-2359FAE4794D-FollowerState
2021-07-17 01:44:47,539 [grpc-default-executor-5] INFO  impl.RoleInfo (RoleInfo.java:updateAndGet(130)) - 155d2fb2-0dbf-48e7-822f-44a07ee5e1e6: start 155d2fb2-0dbf-48e7-822f-44a07ee5e1e6@group-2359FAE4794D-FollowerState
2021-07-17 01:44:47,539 [155d2fb2-0dbf-48e7-822f-44a07ee5e1e6@group-2359FAE4794D-FollowerState] INFO  impl.FollowerState (FollowerState.java:run(143)) - 155d2fb2-0dbf-48e7-822f-44a07ee5e1e6@group-2359FAE4794D-FollowerState was interrupted: {}
java.lang.InterruptedException: sleep interrupted
	at java.lang.Thread.sleep(Native Method)
	at java.lang.Thread.sleep(Thread.java:340)
	at java.util.concurrent.TimeUnit.sleep(TimeUnit.java:386)
	at org.apache.ratis.util.TimeDuration.sleep(TimeDuration.java:324)
	at org.apache.ratis.util.TimeDuration.sleep(TimeDuration.java:309)
	at org.apache.ratis.server.impl.FollowerState.run(FollowerState.java:118)
2021-07-17 01:44:47,540 [grpc-default-executor-3] INFO  server.RaftServer$Division (RaftServerImpl.java:requestVote(1074)) - 6357416b-3a0c-4a85-a83f-939eb676dba2@group-2359FAE4794D replies to ELECTION vote request: 2cdc0689-27ad-48f6-b58d-8766a5040b34<-6357416b-3a0c-4a85-a83f-939eb676dba2#0:FAIL-t2. Peer's state: 6357416b-3a0c-4a85-a83f-939eb676dba2@group-2359FAE4794D:t2, leader=null, voted=null, raftlog=6357416b-3a0c-4a85-a83f-939eb676dba2@group-2359FAE4794D-SegmentedRaftLog:OPENED:c-1,f-1,i0, conf=-1: [6357416b-3a0c-4a85-a83f-939eb676dba2|rpc:10.1.0.46:37413|dataStream:|priority:1, 155d2fb2-0dbf-48e7-822f-44a07ee5e1e6|rpc:10.1.0.46:42075|dataStream:|priority:0, 2cdc0689-27ad-48f6-b58d-8766a5040b34|rpc:10.1.0.46:33475|dataStream:|priority:0], old=null
2021-07-17 01:44:47,543 [grpc-default-executor-5] INFO  server.RaftServer$Division (RaftServerImpl.java:requestVote(1074)) - 155d2fb2-0dbf-48e7-822f-44a07ee5e1e6@group-2359FAE4794D replies to ELECTION vote request: 2cdc0689-27ad-48f6-b58d-8766a5040b34<-155d2fb2-0dbf-48e7-822f-44a07ee5e1e6#0:OK-t2. Peer's state: 155d2fb2-0dbf-48e7-822f-44a07ee5e1e6@group-2359FAE4794D:t2, leader=null, voted=2cdc0689-27ad-48f6-b58d-8766a5040b34, raftlog=155d2fb2-0dbf-48e7-822f-44a07ee5e1e6@group-2359FAE4794D-SegmentedRaftLog:OPENED:c-1,f-1,i0, conf=-1: [6357416b-3a0c-4a85-a83f-939eb676dba2|rpc:10.1.0.46:37413|dataStream:|priority:1, 155d2fb2-0dbf-48e7-822f-44a07ee5e1e6|rpc:10.1.0.46:42075|dataStream:|priority:0, 2cdc0689-27ad-48f6-b58d-8766a5040b34|rpc:10.1.0.46:33475|dataStream:|priority:0], old=null
2021-07-17 01:44:47,543 [2cdc0689-27ad-48f6-b58d-8766a5040b34@group-2359FAE4794D-LeaderElection66] INFO  impl.LeaderElection (LeaderElection.java:logAndReturn(89)) - 2cdc0689-27ad-48f6-b58d-8766a5040b34@group-2359FAE4794D-LeaderElection66: ELECTION REJECTED received 1 response(s) and 0 exception(s):
2021-07-17 01:44:47,543 [2cdc0689-27ad-48f6-b58d-8766a5040b34@group-2359FAE4794D-LeaderElection66] INFO  impl.LeaderElection (LeaderElection.java:logAndReturn(93)) -   Response 0: 2cdc0689-27ad-48f6-b58d-8766a5040b34<-6357416b-3a0c-4a85-a83f-939eb676dba2#0:FAIL-t2
2021-07-17 01:44:47,543 [2cdc0689-27ad-48f6-b58d-8766a5040b34@group-2359FAE4794D-LeaderElection66] INFO  impl.LeaderElection (LeaderElection.java:askForVotes(308)) - 2cdc0689-27ad-48f6-b58d-8766a5040b34@group-2359FAE4794D-LeaderElection66 ELECTION round 0: result REJECTED
2021-07-17 01:44:47,543 [2cdc0689-27ad-48f6-b58d-8766a5040b34@group-2359FAE4794D-LeaderElection66] INFO  server.RaftServer$Division (RaftServerImpl.java:setRole(284)) - 2cdc0689-27ad-48f6-b58d-8766a5040b34@group-2359FAE4794D: changes role from CANDIDATE to FOLLOWER at term 2 for REJECTED
2021-07-17 01:44:47,543 [2cdc0689-27ad-48f6-b58d-8766a5040b34@group-2359FAE4794D-LeaderElection66] INFO  impl.RoleInfo (RoleInfo.java:shutdownLeaderElection(121)) - 2cdc0689-27ad-48f6-b58d-8766a5040b34: shutdown 2cdc0689-27ad-48f6-b58d-8766a5040b34@group-2359FAE4794D-LeaderElection66
2021-07-17 01:44:47,543 [2cdc0689-27ad-48f6-b58d-8766a5040b34@group-2359FAE4794D-LeaderElection66] INFO  impl.RoleInfo (RoleInfo.java:updateAndGet(130)) - 2cdc0689-27ad-48f6-b58d-8766a5040b34: start 2cdc0689-27ad-48f6-b58d-8766a5040b34@group-2359FAE4794D-FollowerState
2021-07-17 01:44:47,657 [Listener at 127.0.0.1/42341] INFO  ozone.MiniOzoneClusterImpl (MiniOzoneClusterImpl.java:lambda$waitForClusterToBeReady$0(230)) - Nodes are ready. Got 9 of 9 DN Heartbeats.
2021-07-17 01:44:47,658 [Listener at 127.0.0.1/42341] INFO  ozone.MiniOzoneClusterImpl (MiniOzoneClusterImpl.java:lambda$waitForClusterToBeReady$0(233)) - Cluster exits safe mode
2021-07-17 01:44:47,658 [Listener at 127.0.0.1/42341] INFO  ozone.MiniOzoneClusterImpl (MiniOzoneClusterImpl.java:lambda$waitForClusterToBeReady$0(235)) - SCM became leader
2021-07-17 01:44:47,664 [Listener at 127.0.0.1/42341] INFO  rpc.RpcClient (RpcClient.java:createVolume(341)) - Creating Volume: watchforcommithandlingtest, with runner as owner and space quota set to -1 bytes, counts quota set to -1
2021-07-17 01:44:47,677 [OM StateMachine ApplyTransaction Thread - 0] INFO  volume.OMVolumeCreateRequest (OMVolumeCreateRequest.java:validateAndUpdateCache(195)) - created volume:watchforcommithandlingtest for user:runner
2021-07-17 01:44:47,683 [Listener at 127.0.0.1/42341] INFO  rpc.RpcClient (RpcClient.java:createBucket(500)) - Creating Bucket: watchforcommithandlingtest/watchforcommithandlingtest, with Versioning false and Storage Type set to DISK and Encryption set to false 
2021-07-17 01:44:47,689 [Listener at 127.0.0.1/42341] INFO  ozone.MiniOzoneClusterImpl (MiniOzoneClusterImpl.java:getStorageContainerLocationClient(341)) - Creating StorageContainerLocationProtocol RPC client with address /0.0.0.0:34011
2021-07-17 01:44:47,704 [IPC Server handler 0 on default port 34011] INFO  ha.SequenceIdGenerator (SequenceIdGenerator.java:getNextId(127)) - Allocate a batch for containerId, change lastId from 0 to 1000.
2021-07-17 01:44:47,707 [Listener at 127.0.0.1/42341] INFO  metrics.RatisMetrics (RatisMetrics.java:lambda$create$0(36)) - Creating Metrics Registry : ratis.client_message_metrics.client-D82BC3E18D48->30d49bb6-b206-443f-92f8-de1941ac4061
2021-07-17 01:44:51,576 [java.util.concurrent.ThreadPoolExecutor$Worker@6318d528[State = -1, empty queue]] INFO  metrics.RatisMetrics (RatisMetrics.java:lambda$create$0(36)) - Creating Metrics Registry : ratis.client_message_metrics.client-D82BC3E18D48->b32faf46-69b0-41ce-b187-d9527561eeb9
2021-07-17 01:44:51,737 [817716dc-74d9-44e3-96f4-247fb6d3bd86@group-18EA97DC0098-FollowerState] INFO  impl.FollowerState (FollowerState.java:run(134)) - 817716dc-74d9-44e3-96f4-247fb6d3bd86@group-18EA97DC0098-FollowerState: change to CANDIDATE, lastRpcElapsedTime:5002233778ns, electionTimeout:5001ms
2021-07-17 01:44:51,737 [817716dc-74d9-44e3-96f4-247fb6d3bd86@group-18EA97DC0098-FollowerState] INFO  impl.RoleInfo (RoleInfo.java:shutdownFollowerState(108)) - 817716dc-74d9-44e3-96f4-247fb6d3bd86: shutdown 817716dc-74d9-44e3-96f4-247fb6d3bd86@group-18EA97DC0098-FollowerState
2021-07-17 01:44:51,737 [817716dc-74d9-44e3-96f4-247fb6d3bd86@group-18EA97DC0098-FollowerState] INFO  server.RaftServer$Division (RaftServerImpl.java:setRole(284)) - 817716dc-74d9-44e3-96f4-247fb6d3bd86@group-18EA97DC0098: changes role from  FOLLOWER to CANDIDATE at term 3 for changeToCandidate
2021-07-17 01:44:51,737 [817716dc-74d9-44e3-96f4-247fb6d3bd86@group-18EA97DC0098-FollowerState] INFO  server.RaftServerConfigKeys (ConfUtils.java:logGet(44)) - raft.server.leaderelection.pre-vote = false (custom)
2021-07-17 01:44:51,737 [817716dc-74d9-44e3-96f4-247fb6d3bd86@group-18EA97DC0098-FollowerState] INFO  impl.RoleInfo (RoleInfo.java:updateAndGet(130)) - 817716dc-74d9-44e3-96f4-247fb6d3bd86: start 817716dc-74d9-44e3-96f4-247fb6d3bd86@group-18EA97DC0098-LeaderElection67
2021-07-17 01:44:51,741 [817716dc-74d9-44e3-96f4-247fb6d3bd86@group-18EA97DC0098-LeaderElection67] INFO  impl.LeaderElection (LeaderElection.java:askForVotes(306)) - 817716dc-74d9-44e3-96f4-247fb6d3bd86@group-18EA97DC0098-LeaderElection67 ELECTION round 0: submit vote requests at term 4 for -1: [817716dc-74d9-44e3-96f4-247fb6d3bd86|rpc:10.1.0.46:37853|priority:0, 30d49bb6-b206-443f-92f8-de1941ac4061|rpc:10.1.0.46:40535|priority:1, b32faf46-69b0-41ce-b187-d9527561eeb9|rpc:10.1.0.46:42083|priority:0], old=null
2021-07-17 01:44:51,744 [grpc-default-executor-4] INFO  server.RaftServer$Division (RaftServerImpl.java:requestVote(1042)) - 30d49bb6-b206-443f-92f8-de1941ac4061@group-18EA97DC0098: receive requestVote(ELECTION, 817716dc-74d9-44e3-96f4-247fb6d3bd86, group-18EA97DC0098, 4, (t:0, i:0))
2021-07-17 01:44:51,744 [grpc-default-executor-3] INFO  server.RaftServer$Division (RaftServerImpl.java:requestVote(1042)) - b32faf46-69b0-41ce-b187-d9527561eeb9@group-18EA97DC0098: receive requestVote(ELECTION, 817716dc-74d9-44e3-96f4-247fb6d3bd86, group-18EA97DC0098, 4, (t:0, i:0))
2021-07-17 01:44:51,744 [grpc-default-executor-4] INFO  impl.VoteContext (VoteContext.java:log(48)) - 30d49bb6-b206-443f-92f8-de1941ac4061@group-18EA97DC0098-FOLLOWER: reject ELECTION from 817716dc-74d9-44e3-96f4-247fb6d3bd86: our last entry (t:2, i:0) > candidate's last entry (t:0, i:0)
2021-07-17 01:44:51,744 [grpc-default-executor-4] INFO  server.RaftServer$Division (RaftServerImpl.java:setRole(284)) - 30d49bb6-b206-443f-92f8-de1941ac4061@group-18EA97DC0098: changes role from  FOLLOWER to FOLLOWER at term 4 for candidate:817716dc-74d9-44e3-96f4-247fb6d3bd86
2021-07-17 01:44:51,744 [grpc-default-executor-4] INFO  impl.RoleInfo (RoleInfo.java:shutdownFollowerState(108)) - 30d49bb6-b206-443f-92f8-de1941ac4061: shutdown 30d49bb6-b206-443f-92f8-de1941ac4061@group-18EA97DC0098-FollowerState
2021-07-17 01:44:51,744 [grpc-default-executor-4] INFO  impl.RoleInfo (RoleInfo.java:updateAndGet(130)) - 30d49bb6-b206-443f-92f8-de1941ac4061: start 30d49bb6-b206-443f-92f8-de1941ac4061@group-18EA97DC0098-FollowerState
2021-07-17 01:44:51,744 [grpc-default-executor-3] INFO  impl.VoteContext (VoteContext.java:log(48)) - b32faf46-69b0-41ce-b187-d9527561eeb9@group-18EA97DC0098-FOLLOWER: reject ELECTION from 817716dc-74d9-44e3-96f4-247fb6d3bd86: our last entry (t:2, i:0) > candidate's last entry (t:0, i:0)
2021-07-17 01:44:51,744 [grpc-default-executor-3] INFO  server.RaftServer$Division (RaftServerImpl.java:setRole(284)) - b32faf46-69b0-41ce-b187-d9527561eeb9@group-18EA97DC0098: changes role from  FOLLOWER to FOLLOWER at term 4 for candidate:817716dc-74d9-44e3-96f4-247fb6d3bd86
2021-07-17 01:44:51,745 [grpc-default-executor-3] INFO  impl.RoleInfo (RoleInfo.java:shutdownFollowerState(108)) - b32faf46-69b0-41ce-b187-d9527561eeb9: shutdown b32faf46-69b0-41ce-b187-d9527561eeb9@group-18EA97DC0098-FollowerState
2021-07-17 01:44:51,744 [30d49bb6-b206-443f-92f8-de1941ac4061@group-18EA97DC0098-FollowerState] INFO  impl.FollowerState (FollowerState.java:run(143)) - 30d49bb6-b206-443f-92f8-de1941ac4061@group-18EA97DC0098-FollowerState was interrupted: {}
java.lang.InterruptedException: sleep interrupted
	at java.lang.Thread.sleep(Native Method)
	at java.lang.Thread.sleep(Thread.java:340)
	at java.util.concurrent.TimeUnit.sleep(TimeUnit.java:386)
	at org.apache.ratis.util.TimeDuration.sleep(TimeDuration.java:324)
	at org.apache.ratis.util.TimeDuration.sleep(TimeDuration.java:309)
	at org.apache.ratis.server.impl.FollowerState.run(FollowerState.java:118)
2021-07-17 01:44:51,751 [grpc-default-executor-3] INFO  impl.RoleInfo (RoleInfo.java:updateAndGet(130)) - b32faf46-69b0-41ce-b187-d9527561eeb9: start b32faf46-69b0-41ce-b187-d9527561eeb9@group-18EA97DC0098-FollowerState
2021-07-17 01:44:51,752 [b32faf46-69b0-41ce-b187-d9527561eeb9@group-18EA97DC0098-FollowerState] INFO  impl.FollowerState (FollowerState.java:run(143)) - b32faf46-69b0-41ce-b187-d9527561eeb9@group-18EA97DC0098-FollowerState was interrupted: {}
java.lang.InterruptedException: sleep interrupted
	at java.lang.Thread.sleep(Native Method)
	at java.lang.Thread.sleep(Thread.java:340)
	at java.util.concurrent.TimeUnit.sleep(TimeUnit.java:386)
	at org.apache.ratis.util.TimeDuration.sleep(TimeDuration.java:324)
	at org.apache.ratis.util.TimeDuration.sleep(TimeDuration.java:309)
	at org.apache.ratis.server.impl.FollowerState.run(FollowerState.java:118)
2021-07-17 01:44:51,753 [grpc-default-executor-4] INFO  server.RaftServer$Division (RaftServerImpl.java:requestVote(1074)) - 30d49bb6-b206-443f-92f8-de1941ac4061@group-18EA97DC0098 replies to ELECTION vote request: 817716dc-74d9-44e3-96f4-247fb6d3bd86<-30d49bb6-b206-443f-92f8-de1941ac4061#0:FAIL-t4. Peer's state: 30d49bb6-b206-443f-92f8-de1941ac4061@group-18EA97DC0098:t4, leader=null, voted=null, raftlog=30d49bb6-b206-443f-92f8-de1941ac4061@group-18EA97DC0098-SegmentedRaftLog:OPENED:c0,f0,i0, conf=0: [817716dc-74d9-44e3-96f4-247fb6d3bd86|rpc:10.1.0.46:37853|dataStream:|priority:0, 30d49bb6-b206-443f-92f8-de1941ac4061|rpc:10.1.0.46:40535|dataStream:|priority:1, b32faf46-69b0-41ce-b187-d9527561eeb9|rpc:10.1.0.46:42083|dataStream:|priority:0], old=null
2021-07-17 01:44:51,753 [grpc-default-executor-3] INFO  server.RaftServer$Division (RaftServerImpl.java:requestVote(1074)) - b32faf46-69b0-41ce-b187-d9527561eeb9@group-18EA97DC0098 replies to ELECTION vote request: 817716dc-74d9-44e3-96f4-247fb6d3bd86<-b32faf46-69b0-41ce-b187-d9527561eeb9#0:FAIL-t4. Peer's state: b32faf46-69b0-41ce-b187-d9527561eeb9@group-18EA97DC0098:t4, leader=null, voted=null, raftlog=b32faf46-69b0-41ce-b187-d9527561eeb9@group-18EA97DC0098-SegmentedRaftLog:OPENED:c0,f0,i0, conf=0: [817716dc-74d9-44e3-96f4-247fb6d3bd86|rpc:10.1.0.46:37853|dataStream:|priority:0, 30d49bb6-b206-443f-92f8-de1941ac4061|rpc:10.1.0.46:40535|dataStream:|priority:1, b32faf46-69b0-41ce-b187-d9527561eeb9|rpc:10.1.0.46:42083|dataStream:|priority:0], old=null
2021-07-17 01:44:51,754 [817716dc-74d9-44e3-96f4-247fb6d3bd86@group-18EA97DC0098-LeaderElection67] INFO  impl.LeaderElection (LeaderElection.java:logAndReturn(89)) - 817716dc-74d9-44e3-96f4-247fb6d3bd86@group-18EA97DC0098-LeaderElection67: ELECTION REJECTED received 1 response(s) and 0 exception(s):
2021-07-17 01:44:51,754 [817716dc-74d9-44e3-96f4-247fb6d3bd86@group-18EA97DC0098-LeaderElection67] INFO  impl.LeaderElection (LeaderElection.java:logAndReturn(93)) -   Response 0: 817716dc-74d9-44e3-96f4-247fb6d3bd86<-30d49bb6-b206-443f-92f8-de1941ac4061#0:FAIL-t4
2021-07-17 01:44:51,754 [817716dc-74d9-44e3-96f4-247fb6d3bd86@group-18EA97DC0098-LeaderElection67] INFO  impl.LeaderElection (LeaderElection.java:askForVotes(308)) - 817716dc-74d9-44e3-96f4-247fb6d3bd86@group-18EA97DC0098-LeaderElection67 ELECTION round 0: result REJECTED
2021-07-17 01:44:51,754 [817716dc-74d9-44e3-96f4-247fb6d3bd86@group-18EA97DC0098-LeaderElection67] INFO  server.RaftServer$Division (RaftServerImpl.java:setRole(284)) - 817716dc-74d9-44e3-96f4-247fb6d3bd86@group-18EA97DC0098: changes role from CANDIDATE to FOLLOWER at term 4 for REJECTED
2021-07-17 01:44:51,754 [817716dc-74d9-44e3-96f4-247fb6d3bd86@group-18EA97DC0098-LeaderElection67] INFO  impl.RoleInfo (RoleInfo.java:shutdownLeaderElection(121)) - 817716dc-74d9-44e3-96f4-247fb6d3bd86: shutdown 817716dc-74d9-44e3-96f4-247fb6d3bd86@group-18EA97DC0098-LeaderElection67
2021-07-17 01:44:51,754 [817716dc-74d9-44e3-96f4-247fb6d3bd86@group-18EA97DC0098-LeaderElection67] INFO  impl.RoleInfo (RoleInfo.java:updateAndGet(130)) - 817716dc-74d9-44e3-96f4-247fb6d3bd86: start 817716dc-74d9-44e3-96f4-247fb6d3bd86@group-18EA97DC0098-FollowerState
2021-07-17 01:44:52,553 [6357416b-3a0c-4a85-a83f-939eb676dba2@group-2359FAE4794D-FollowerState] INFO  impl.FollowerState (FollowerState.java:run(134)) - 6357416b-3a0c-4a85-a83f-939eb676dba2@group-2359FAE4794D-FollowerState: change to CANDIDATE, lastRpcElapsedTime:5020092968ns, electionTimeout:5006ms
2021-07-17 01:44:52,554 [6357416b-3a0c-4a85-a83f-939eb676dba2@group-2359FAE4794D-FollowerState] INFO  impl.RoleInfo (RoleInfo.java:shutdownFollowerState(108)) - 6357416b-3a0c-4a85-a83f-939eb676dba2: shutdown 6357416b-3a0c-4a85-a83f-939eb676dba2@group-2359FAE4794D-FollowerState
2021-07-17 01:44:52,554 [6357416b-3a0c-4a85-a83f-939eb676dba2@group-2359FAE4794D-FollowerState] INFO  server.RaftServer$Division (RaftServerImpl.java:setRole(284)) - 6357416b-3a0c-4a85-a83f-939eb676dba2@group-2359FAE4794D: changes role from  FOLLOWER to CANDIDATE at term 2 for changeToCandidate
2021-07-17 01:44:52,554 [6357416b-3a0c-4a85-a83f-939eb676dba2@group-2359FAE4794D-FollowerState] INFO  server.RaftServerConfigKeys (ConfUtils.java:logGet(44)) - raft.server.leaderelection.pre-vote = false (custom)
2021-07-17 01:44:52,554 [6357416b-3a0c-4a85-a83f-939eb676dba2@group-2359FAE4794D-FollowerState] INFO  impl.RoleInfo (RoleInfo.java:updateAndGet(130)) - 6357416b-3a0c-4a85-a83f-939eb676dba2: start 6357416b-3a0c-4a85-a83f-939eb676dba2@group-2359FAE4794D-LeaderElection68
2021-07-17 01:44:52,557 [6357416b-3a0c-4a85-a83f-939eb676dba2@group-2359FAE4794D-LeaderElection68] INFO  impl.LeaderElection (LeaderElection.java:askForVotes(306)) - 6357416b-3a0c-4a85-a83f-939eb676dba2@group-2359FAE4794D-LeaderElection68 ELECTION round 0: submit vote requests at term 3 for -1: [6357416b-3a0c-4a85-a83f-939eb676dba2|rpc:10.1.0.46:37413|dataStream:|priority:1, 155d2fb2-0dbf-48e7-822f-44a07ee5e1e6|rpc:10.1.0.46:42075|dataStream:|priority:0, 2cdc0689-27ad-48f6-b58d-8766a5040b34|rpc:10.1.0.46:33475|dataStream:|priority:0], old=null
2021-07-17 01:44:52,572 [grpc-default-executor-4] INFO  server.RaftServer$Division (RaftServerImpl.java:requestVote(1042)) - 155d2fb2-0dbf-48e7-822f-44a07ee5e1e6@group-2359FAE4794D: receive requestVote(ELECTION, 6357416b-3a0c-4a85-a83f-939eb676dba2, group-2359FAE4794D, 3, (t:0, i:0))
2021-07-17 01:44:52,572 [grpc-default-executor-4] INFO  impl.VoteContext (VoteContext.java:log(48)) - 155d2fb2-0dbf-48e7-822f-44a07ee5e1e6@group-2359FAE4794D-FOLLOWER: accept ELECTION from 6357416b-3a0c-4a85-a83f-939eb676dba2: our priority 0 <= candidate's priority 1
2021-07-17 01:44:52,572 [grpc-default-executor-4] INFO  server.RaftServer$Division (RaftServerImpl.java:setRole(284)) - 155d2fb2-0dbf-48e7-822f-44a07ee5e1e6@group-2359FAE4794D: changes role from  FOLLOWER to FOLLOWER at term 3 for candidate:6357416b-3a0c-4a85-a83f-939eb676dba2
2021-07-17 01:44:52,572 [grpc-default-executor-4] INFO  impl.RoleInfo (RoleInfo.java:shutdownFollowerState(108)) - 155d2fb2-0dbf-48e7-822f-44a07ee5e1e6: shutdown 155d2fb2-0dbf-48e7-822f-44a07ee5e1e6@group-2359FAE4794D-FollowerState
2021-07-17 01:44:52,572 [grpc-default-executor-4] INFO  impl.RoleInfo (RoleInfo.java:updateAndGet(130)) - 155d2fb2-0dbf-48e7-822f-44a07ee5e1e6: start 155d2fb2-0dbf-48e7-822f-44a07ee5e1e6@group-2359FAE4794D-FollowerState
2021-07-17 01:44:52,572 [155d2fb2-0dbf-48e7-822f-44a07ee5e1e6@group-2359FAE4794D-FollowerState] INFO  impl.FollowerState (FollowerState.java:run(143)) - 155d2fb2-0dbf-48e7-822f-44a07ee5e1e6@group-2359FAE4794D-FollowerState was interrupted: {}
java.lang.InterruptedException: sleep interrupted
	at java.lang.Thread.sleep(Native Method)
	at java.lang.Thread.sleep(Thread.java:340)
	at java.util.concurrent.TimeUnit.sleep(TimeUnit.java:386)
	at org.apache.ratis.util.TimeDuration.sleep(TimeDuration.java:324)
	at org.apache.ratis.util.TimeDuration.sleep(TimeDuration.java:309)
	at org.apache.ratis.server.impl.FollowerState.run(FollowerState.java:118)
2021-07-17 01:44:52,582 [grpc-default-executor-3] INFO  server.RaftServer$Division (RaftServerImpl.java:requestVote(1042)) - 2cdc0689-27ad-48f6-b58d-8766a5040b34@group-2359FAE4794D: receive requestVote(ELECTION, 6357416b-3a0c-4a85-a83f-939eb676dba2, group-2359FAE4794D, 3, (t:0, i:0))
2021-07-17 01:44:52,582 [grpc-default-executor-4] INFO  server.RaftServer$Division (RaftServerImpl.java:requestVote(1074)) - 155d2fb2-0dbf-48e7-822f-44a07ee5e1e6@group-2359FAE4794D replies to ELECTION vote request: 6357416b-3a0c-4a85-a83f-939eb676dba2<-155d2fb2-0dbf-48e7-822f-44a07ee5e1e6#0:OK-t3. Peer's state: 155d2fb2-0dbf-48e7-822f-44a07ee5e1e6@group-2359FAE4794D:t3, leader=null, voted=6357416b-3a0c-4a85-a83f-939eb676dba2, raftlog=155d2fb2-0dbf-48e7-822f-44a07ee5e1e6@group-2359FAE4794D-SegmentedRaftLog:OPENED:c-1,f-1,i0, conf=-1: [6357416b-3a0c-4a85-a83f-939eb676dba2|rpc:10.1.0.46:37413|dataStream:|priority:1, 155d2fb2-0dbf-48e7-822f-44a07ee5e1e6|rpc:10.1.0.46:42075|dataStream:|priority:0, 2cdc0689-27ad-48f6-b58d-8766a5040b34|rpc:10.1.0.46:33475|dataStream:|priority:0], old=null
2021-07-17 01:44:52,582 [grpc-default-executor-3] INFO  impl.VoteContext (VoteContext.java:log(48)) - 2cdc0689-27ad-48f6-b58d-8766a5040b34@group-2359FAE4794D-FOLLOWER: accept ELECTION from 6357416b-3a0c-4a85-a83f-939eb676dba2: our priority 0 <= candidate's priority 1
2021-07-17 01:44:52,582 [grpc-default-executor-3] INFO  server.RaftServer$Division (RaftServerImpl.java:setRole(284)) - 2cdc0689-27ad-48f6-b58d-8766a5040b34@group-2359FAE4794D: changes role from  FOLLOWER to FOLLOWER at term 3 for candidate:6357416b-3a0c-4a85-a83f-939eb676dba2
2021-07-17 01:44:52,582 [grpc-default-executor-3] INFO  impl.RoleInfo (RoleInfo.java:shutdownFollowerState(108)) - 2cdc0689-27ad-48f6-b58d-8766a5040b34: shutdown 2cdc0689-27ad-48f6-b58d-8766a5040b34@group-2359FAE4794D-FollowerState
2021-07-17 01:44:52,582 [grpc-default-executor-3] INFO  impl.RoleInfo (RoleInfo.java:updateAndGet(130)) - 2cdc0689-27ad-48f6-b58d-8766a5040b34: start 2cdc0689-27ad-48f6-b58d-8766a5040b34@group-2359FAE4794D-FollowerState
2021-07-17 01:44:52,582 [2cdc0689-27ad-48f6-b58d-8766a5040b34@group-2359FAE4794D-FollowerState] INFO  impl.FollowerState (FollowerState.java:run(143)) - 2cdc0689-27ad-48f6-b58d-8766a5040b34@group-2359FAE4794D-FollowerState was interrupted: {}
java.lang.InterruptedException: sleep interrupted
	at java.lang.Thread.sleep(Native Method)
	at java.lang.Thread.sleep(Thread.java:340)
	at java.util.concurrent.TimeUnit.sleep(TimeUnit.java:386)
	at org.apache.ratis.util.TimeDuration.sleep(TimeDuration.java:324)
	at org.apache.ratis.util.TimeDuration.sleep(TimeDuration.java:309)
	at org.apache.ratis.server.impl.FollowerState.run(FollowerState.java:118)
2021-07-17 01:44:52,584 [6357416b-3a0c-4a85-a83f-939eb676dba2@group-2359FAE4794D-LeaderElection68] INFO  impl.LeaderElection (LeaderElection.java:logAndReturn(89)) - 6357416b-3a0c-4a85-a83f-939eb676dba2@group-2359FAE4794D-LeaderElection68: ELECTION PASSED received 1 response(s) and 0 exception(s):
2021-07-17 01:44:52,584 [6357416b-3a0c-4a85-a83f-939eb676dba2@group-2359FAE4794D-LeaderElection68] INFO  impl.LeaderElection (LeaderElection.java:logAndReturn(93)) -   Response 0: 6357416b-3a0c-4a85-a83f-939eb676dba2<-155d2fb2-0dbf-48e7-822f-44a07ee5e1e6#0:OK-t3
2021-07-17 01:44:52,584 [6357416b-3a0c-4a85-a83f-939eb676dba2@group-2359FAE4794D-LeaderElection68] INFO  impl.LeaderElection (LeaderElection.java:askForVotes(308)) - 6357416b-3a0c-4a85-a83f-939eb676dba2@group-2359FAE4794D-LeaderElection68 ELECTION round 0: result PASSED
2021-07-17 01:44:52,584 [6357416b-3a0c-4a85-a83f-939eb676dba2@group-2359FAE4794D-LeaderElection68] INFO  impl.RoleInfo (RoleInfo.java:shutdownLeaderElection(121)) - 6357416b-3a0c-4a85-a83f-939eb676dba2: shutdown 6357416b-3a0c-4a85-a83f-939eb676dba2@group-2359FAE4794D-LeaderElection68
2021-07-17 01:44:52,584 [6357416b-3a0c-4a85-a83f-939eb676dba2@group-2359FAE4794D-LeaderElection68] INFO  server.RaftServer$Division (RaftServerImpl.java:setRole(284)) - 6357416b-3a0c-4a85-a83f-939eb676dba2@group-2359FAE4794D: changes role from CANDIDATE to LEADER at term 3 for changeToLeader
2021-07-17 01:44:52,584 [6357416b-3a0c-4a85-a83f-939eb676dba2@group-2359FAE4794D-LeaderElection68] INFO  ratis.XceiverServerRatis (XceiverServerRatis.java:handleLeaderChangedNotification(857)) - Leader change notification received for group: group-2359FAE4794D with new leaderId: 6357416b-3a0c-4a85-a83f-939eb676dba2
2021-07-17 01:44:52,584 [6357416b-3a0c-4a85-a83f-939eb676dba2@group-2359FAE4794D-LeaderElection68] INFO  server.RaftServer$Division (ServerState.java:setLeader(271)) - 6357416b-3a0c-4a85-a83f-939eb676dba2@group-2359FAE4794D: change Leader from null to 6357416b-3a0c-4a85-a83f-939eb676dba2 at term 3 for becomeLeader, leader elected after 15221ms
2021-07-17 01:44:52,584 [6357416b-3a0c-4a85-a83f-939eb676dba2@group-2359FAE4794D-LeaderElection68] INFO  server.RaftServerConfigKeys (ConfUtils.java:logGet(44)) - raft.server.staging.catchup.gap = 1000 (default)
2021-07-17 01:44:52,584 [6357416b-3a0c-4a85-a83f-939eb676dba2@group-2359FAE4794D-LeaderElection68] INFO  metrics.RatisMetrics (RatisMetrics.java:lambda$create$0(36)) - Creating Metrics Registry : ratis.log_appender.6357416b-3a0c-4a85-a83f-939eb676dba2@group-2359FAE4794D
2021-07-17 01:44:52,585 [6357416b-3a0c-4a85-a83f-939eb676dba2@group-2359FAE4794D-LeaderElection68] INFO  server.RaftServerConfigKeys (ConfUtils.java:logGet(44)) - raft.server.write.element-limit = 1024 (custom)
2021-07-17 01:44:52,585 [6357416b-3a0c-4a85-a83f-939eb676dba2@group-2359FAE4794D-LeaderElection68] INFO  server.RaftServerConfigKeys (ConfUtils.java:logGet(44)) - raft.server.write.byte-limit = 1073741824 (custom)
2021-07-17 01:44:52,585 [6357416b-3a0c-4a85-a83f-939eb676dba2@group-2359FAE4794D-LeaderElection68] INFO  server.RaftServerConfigKeys (ConfUtils.java:logGet(44)) - raft.server.watch.timeout = 3000ms (custom)
2021-07-17 01:44:52,585 [6357416b-3a0c-4a85-a83f-939eb676dba2@group-2359FAE4794D-LeaderElection68] INFO  server.RaftServerConfigKeys (ConfUtils.java:logGet(44)) - raft.server.watch.timeout.denomination = 1s (default)
2021-07-17 01:44:52,585 [6357416b-3a0c-4a85-a83f-939eb676dba2@group-2359FAE4794D-LeaderElection68] INFO  server.RaftServerConfigKeys (ConfUtils.java:logGet(44)) - raft.server.watch.element-limit = 65536 (default)
2021-07-17 01:44:52,585 [6357416b-3a0c-4a85-a83f-939eb676dba2@group-2359FAE4794D-LeaderElection68] INFO  server.RaftServerConfigKeys (ConfUtils.java:logGet(44)) - raft.server.log.appender.snapshot.chunk.size.max = 16MB (=16777216) (default)
2021-07-17 01:44:52,585 [6357416b-3a0c-4a85-a83f-939eb676dba2@group-2359FAE4794D-LeaderElection68] INFO  server.RaftServerConfigKeys (ConfUtils.java:logGet(44)) - raft.server.log.appender.buffer.byte-limit = 33554432 (custom)
2021-07-17 01:44:52,585 [6357416b-3a0c-4a85-a83f-939eb676dba2@group-2359FAE4794D-LeaderElection68] INFO  server.RaftServerConfigKeys (ConfUtils.java:logGet(44)) - raft.server.log.appender.buffer.element-limit = 1 (custom)
2021-07-17 01:44:52,585 [6357416b-3a0c-4a85-a83f-939eb676dba2@group-2359FAE4794D-LeaderElection68] INFO  grpc.GrpcConfigKeys (ConfUtils.java:logGet(44)) - raft.grpc.server.leader.outstanding.appends.max = 128 (default)
2021-07-17 01:44:52,585 [6357416b-3a0c-4a85-a83f-939eb676dba2@group-2359FAE4794D-LeaderElection68] INFO  server.RaftServerConfigKeys (ConfUtils.java:logGet(44)) - raft.server.rpc.request.timeout = 3000ms (default)
2021-07-17 01:44:52,585 [6357416b-3a0c-4a85-a83f-939eb676dba2@group-2359FAE4794D-LeaderElection68] INFO  server.RaftServerConfigKeys (ConfUtils.java:logGet(44)) - raft.server.log.appender.install.snapshot.enabled = false (custom)
2021-07-17 01:44:52,585 [6357416b-3a0c-4a85-a83f-939eb676dba2@group-2359FAE4794D-LeaderElection68] INFO  metrics.RatisMetrics (RatisMetrics.java:lambda$create$0(36)) - Creating Metrics Registry : ratis_grpc.log_appender.6357416b-3a0c-4a85-a83f-939eb676dba2@group-2359FAE4794D
2021-07-17 01:44:52,586 [grpc-default-executor-3] INFO  server.RaftServer$Division (RaftServerImpl.java:requestVote(1074)) - 2cdc0689-27ad-48f6-b58d-8766a5040b34@group-2359FAE4794D replies to ELECTION vote request: 6357416b-3a0c-4a85-a83f-939eb676dba2<-2cdc0689-27ad-48f6-b58d-8766a5040b34#0:OK-t3. Peer's state: 2cdc0689-27ad-48f6-b58d-8766a5040b34@group-2359FAE4794D:t3, leader=null, voted=6357416b-3a0c-4a85-a83f-939eb676dba2, raftlog=2cdc0689-27ad-48f6-b58d-8766a5040b34@group-2359FAE4794D-SegmentedRaftLog:OPENED:c-1,f-1,i0, conf=-1: [6357416b-3a0c-4a85-a83f-939eb676dba2|rpc:10.1.0.46:37413|priority:1, 155d2fb2-0dbf-48e7-822f-44a07ee5e1e6|rpc:10.1.0.46:42075|priority:0, 2cdc0689-27ad-48f6-b58d-8766a5040b34|rpc:10.1.0.46:33475|priority:0], old=null
2021-07-17 01:44:52,588 [EventQueue-PipelineReportForPipelineReportHandler] INFO  pipeline.PipelineManagerV2Impl (PipelineManagerV2Impl.java:openPipeline(283)) - Pipeline Pipeline[ Id: 12500e82-9553-4f92-b0c8-2359fae4794d, Nodes: 6357416b-3a0c-4a85-a83f-939eb676dba2{ip: 10.1.0.46, host: fv-az52-843.jaak54zke33upnjmlridiqi2vb.bx.internal.cloudapp.net, ports: [REPLICATION=41759, RATIS=37413, RATIS_ADMIN=37413, RATIS_SERVER=37413, STANDALONE=41669], networkLocation: /default-rack, certSerialId: null, persistedOpState: IN_SERVICE, persistedOpStateExpiryEpochSec: 0}155d2fb2-0dbf-48e7-822f-44a07ee5e1e6{ip: 10.1.0.46, host: fv-az52-843.jaak54zke33upnjmlridiqi2vb.bx.internal.cloudapp.net, ports: [REPLICATION=33303, RATIS=42075, RATIS_ADMIN=42075, RATIS_SERVER=42075, STANDALONE=39691], networkLocation: /default-rack, certSerialId: null, persistedOpState: IN_SERVICE, persistedOpStateExpiryEpochSec: 0}2cdc0689-27ad-48f6-b58d-8766a5040b34{ip: 10.1.0.46, host: fv-az52-843.jaak54zke33upnjmlridiqi2vb.bx.internal.cloudapp.net, ports: [REPLICATION=41259, RATIS=33475, RATIS_ADMIN=33475, RATIS_SERVER=33475, STANDALONE=32995], networkLocation: /default-rack, certSerialId: null, persistedOpState: IN_SERVICE, persistedOpStateExpiryEpochSec: 0}, ReplicationConfig: RATIS/THREE, State:ALLOCATED, leaderId:6357416b-3a0c-4a85-a83f-939eb676dba2, CreationTimestamp2021-07-17T01:44:34.655Z[Etc/UTC]] moved to OPEN state
2021-07-17 01:44:52,589 [6357416b-3a0c-4a85-a83f-939eb676dba2@group-2359FAE4794D-LeaderElection68] INFO  server.RaftServerConfigKeys (ConfUtils.java:logGet(44)) - raft.server.log.appender.snapshot.chunk.size.max = 16MB (=16777216) (default)
2021-07-17 01:44:52,589 [6357416b-3a0c-4a85-a83f-939eb676dba2@group-2359FAE4794D-LeaderElection68] INFO  server.RaftServerConfigKeys (ConfUtils.java:logGet(44)) - raft.server.log.appender.buffer.byte-limit = 33554432 (custom)
2021-07-17 01:44:52,589 [6357416b-3a0c-4a85-a83f-939eb676dba2@group-2359FAE4794D-LeaderElection68] INFO  server.RaftServerConfigKeys (ConfUtils.java:logGet(44)) - raft.server.log.appender.buffer.element-limit = 1 (custom)
2021-07-17 01:44:52,589 [6357416b-3a0c-4a85-a83f-939eb676dba2@group-2359FAE4794D-LeaderElection68] INFO  grpc.GrpcConfigKeys (ConfUtils.java:logGet(44)) - raft.grpc.server.leader.outstanding.appends.max = 128 (default)
2021-07-17 01:44:52,589 [6357416b-3a0c-4a85-a83f-939eb676dba2@group-2359FAE4794D-LeaderElection68] INFO  server.RaftServerConfigKeys (ConfUtils.java:logGet(44)) - raft.server.rpc.request.timeout = 3000ms (default)
2021-07-17 01:44:52,589 [6357416b-3a0c-4a85-a83f-939eb676dba2@group-2359FAE4794D-LeaderElection68] INFO  server.RaftServerConfigKeys (ConfUtils.java:logGet(44)) - raft.server.log.appender.install.snapshot.enabled = false (custom)
2021-07-17 01:44:52,590 [6357416b-3a0c-4a85-a83f-939eb676dba2@group-2359FAE4794D-LeaderElection68] INFO  impl.RoleInfo (RoleInfo.java:updateAndGet(130)) - 6357416b-3a0c-4a85-a83f-939eb676dba2: start 6357416b-3a0c-4a85-a83f-939eb676dba2@group-2359FAE4794D-LeaderStateImpl
2021-07-17 01:44:52,591 [6357416b-3a0c-4a85-a83f-939eb676dba2@group-2359FAE4794D-LeaderElection68] INFO  segmented.SegmentedRaftLogWorker (SegmentedRaftLogWorker.java:startLogSegment(394)) - 6357416b-3a0c-4a85-a83f-939eb676dba2@group-2359FAE4794D-SegmentedRaftLogWorker: Starting segment from index:0
2021-07-17 01:44:52,592 [6357416b-3a0c-4a85-a83f-939eb676dba2@group-2359FAE4794D-SegmentedRaftLogWorker] INFO  segmented.SegmentedRaftLogWorker (SegmentedRaftLogWorker.java:execute(601)) - 6357416b-3a0c-4a85-a83f-939eb676dba2@group-2359FAE4794D-SegmentedRaftLogWorker: created new log segment /home/runner/work/ozone/ozone/mnt/ozone/hadoop-ozone/integration-test/target/test-dir/MiniOzoneClusterImpl-ab53e13c-b7a0-452c-aef0-b95992dbe1a2/datanode-8/data/ratis/12500e82-9553-4f92-b0c8-2359fae4794d/current/log_inprogress_0
2021-07-17 01:44:52,594 [grpc-default-executor-4] INFO  ratis.XceiverServerRatis (XceiverServerRatis.java:handleLeaderChangedNotification(857)) - Leader change notification received for group: group-2359FAE4794D with new leaderId: 6357416b-3a0c-4a85-a83f-939eb676dba2
2021-07-17 01:44:52,594 [grpc-default-executor-4] INFO  server.RaftServer$Division (ServerState.java:setLeader(271)) - 155d2fb2-0dbf-48e7-822f-44a07ee5e1e6@group-2359FAE4794D: change Leader from null to 6357416b-3a0c-4a85-a83f-939eb676dba2 at term 3 for appendEntries, leader elected after 15213ms
2021-07-17 01:44:52,595 [6357416b-3a0c-4a85-a83f-939eb676dba2@group-2359FAE4794D-LeaderElection68] INFO  server.RaftServer$Division (ServerState.java:setRaftConf(373)) - 6357416b-3a0c-4a85-a83f-939eb676dba2@group-2359FAE4794D: set configuration 0: [6357416b-3a0c-4a85-a83f-939eb676dba2|rpc:10.1.0.46:37413|dataStream:|priority:1, 155d2fb2-0dbf-48e7-822f-44a07ee5e1e6|rpc:10.1.0.46:42075|dataStream:|priority:0, 2cdc0689-27ad-48f6-b58d-8766a5040b34|rpc:10.1.0.46:33475|dataStream:|priority:0], old=null
2021-07-17 01:44:52,611 [grpc-default-executor-4] INFO  server.RaftServer$Division (ServerState.java:setRaftConf(373)) - 155d2fb2-0dbf-48e7-822f-44a07ee5e1e6@group-2359FAE4794D: set configuration 0: [6357416b-3a0c-4a85-a83f-939eb676dba2|rpc:10.1.0.46:37413|dataStream:|priority:1, 155d2fb2-0dbf-48e7-822f-44a07ee5e1e6|rpc:10.1.0.46:42075|dataStream:|priority:0, 2cdc0689-27ad-48f6-b58d-8766a5040b34|rpc:10.1.0.46:33475|dataStream:|priority:0], old=null
2021-07-17 01:44:52,611 [grpc-default-executor-4] INFO  segmented.SegmentedRaftLogWorker (SegmentedRaftLogWorker.java:startLogSegment(394)) - 155d2fb2-0dbf-48e7-822f-44a07ee5e1e6@group-2359FAE4794D-SegmentedRaftLogWorker: Starting segment from index:0
2021-07-17 01:44:52,613 [155d2fb2-0dbf-48e7-822f-44a07ee5e1e6@group-2359FAE4794D-SegmentedRaftLogWorker] INFO  segmented.SegmentedRaftLogWorker (SegmentedRaftLogWorker.java:execute(601)) - 155d2fb2-0dbf-48e7-822f-44a07ee5e1e6@group-2359FAE4794D-SegmentedRaftLogWorker: created new log segment /home/runner/work/ozone/ozone/mnt/ozone/hadoop-ozone/integration-test/target/test-dir/MiniOzoneClusterImpl-ab53e13c-b7a0-452c-aef0-b95992dbe1a2/datanode-7/data/ratis/12500e82-9553-4f92-b0c8-2359fae4794d/current/log_inprogress_0
2021-07-17 01:44:52,617 [grpc-default-executor-3] INFO  ratis.XceiverServerRatis (XceiverServerRatis.java:handleLeaderChangedNotification(857)) - Leader change notification received for group: group-2359FAE4794D with new leaderId: 6357416b-3a0c-4a85-a83f-939eb676dba2
2021-07-17 01:44:52,617 [grpc-default-executor-3] INFO  server.RaftServer$Division (ServerState.java:setLeader(271)) - 2cdc0689-27ad-48f6-b58d-8766a5040b34@group-2359FAE4794D: change Leader from null to 6357416b-3a0c-4a85-a83f-939eb676dba2 at term 3 for appendEntries, leader elected after 15273ms
2021-07-17 01:44:52,620 [grpc-default-executor-3] INFO  server.RaftServer$Division (ServerState.java:setRaftConf(373)) - 2cdc0689-27ad-48f6-b58d-8766a5040b34@group-2359FAE4794D: set configuration 0: [6357416b-3a0c-4a85-a83f-939eb676dba2|rpc:10.1.0.46:37413|dataStream:|priority:1, 155d2fb2-0dbf-48e7-822f-44a07ee5e1e6|rpc:10.1.0.46:42075|dataStream:|priority:0, 2cdc0689-27ad-48f6-b58d-8766a5040b34|rpc:10.1.0.46:33475|dataStream:|priority:0], old=null
2021-07-17 01:44:52,620 [grpc-default-executor-3] INFO  segmented.SegmentedRaftLogWorker (SegmentedRaftLogWorker.java:startLogSegment(394)) - 2cdc0689-27ad-48f6-b58d-8766a5040b34@group-2359FAE4794D-SegmentedRaftLogWorker: Starting segment from index:0
2021-07-17 01:44:52,621 [2cdc0689-27ad-48f6-b58d-8766a5040b34@group-2359FAE4794D-SegmentedRaftLogWorker] INFO  segmented.SegmentedRaftLogWorker (SegmentedRaftLogWorker.java:execute(601)) - 2cdc0689-27ad-48f6-b58d-8766a5040b34@group-2359FAE4794D-SegmentedRaftLogWorker: created new log segment /home/runner/work/ozone/ozone/mnt/ozone/hadoop-ozone/integration-test/target/test-dir/MiniOzoneClusterImpl-ab53e13c-b7a0-452c-aef0-b95992dbe1a2/datanode-6/data/ratis/12500e82-9553-4f92-b0c8-2359fae4794d/current/log_inprogress_0
2021-07-17 01:44:56,763 [b32faf46-69b0-41ce-b187-d9527561eeb9@group-18EA97DC0098-FollowerState] INFO  impl.FollowerState (FollowerState.java:run(134)) - b32faf46-69b0-41ce-b187-d9527561eeb9@group-18EA97DC0098-FollowerState: change to CANDIDATE, lastRpcElapsedTime:5011314055ns, electionTimeout:5008ms
2021-07-17 01:44:56,763 [b32faf46-69b0-41ce-b187-d9527561eeb9@group-18EA97DC0098-FollowerState] INFO  impl.RoleInfo (RoleInfo.java:shutdownFollowerState(108)) - b32faf46-69b0-41ce-b187-d9527561eeb9: shutdown b32faf46-69b0-41ce-b187-d9527561eeb9@group-18EA97DC0098-FollowerState
2021-07-17 01:44:56,763 [b32faf46-69b0-41ce-b187-d9527561eeb9@group-18EA97DC0098-FollowerState] INFO  server.RaftServer$Division (RaftServerImpl.java:setRole(284)) - b32faf46-69b0-41ce-b187-d9527561eeb9@group-18EA97DC0098: changes role from  FOLLOWER to CANDIDATE at term 4 for changeToCandidate
2021-07-17 01:44:56,763 [b32faf46-69b0-41ce-b187-d9527561eeb9@group-18EA97DC0098-FollowerState] INFO  server.RaftServerConfigKeys (ConfUtils.java:logGet(44)) - raft.server.leaderelection.pre-vote = false (custom)
2021-07-17 01:44:56,763 [b32faf46-69b0-41ce-b187-d9527561eeb9@group-18EA97DC0098-FollowerState] INFO  impl.RoleInfo (RoleInfo.java:updateAndGet(130)) - b32faf46-69b0-41ce-b187-d9527561eeb9: start b32faf46-69b0-41ce-b187-d9527561eeb9@group-18EA97DC0098-LeaderElection69
2021-07-17 01:44:56,766 [b32faf46-69b0-41ce-b187-d9527561eeb9@group-18EA97DC0098-LeaderElection69] INFO  impl.LeaderElection (LeaderElection.java:askForVotes(306)) - b32faf46-69b0-41ce-b187-d9527561eeb9@group-18EA97DC0098-LeaderElection69 ELECTION round 0: submit vote requests at term 5 for 0: [817716dc-74d9-44e3-96f4-247fb6d3bd86|rpc:10.1.0.46:37853|dataStream:|priority:0, 30d49bb6-b206-443f-92f8-de1941ac4061|rpc:10.1.0.46:40535|dataStream:|priority:1, b32faf46-69b0-41ce-b187-d9527561eeb9|rpc:10.1.0.46:42083|dataStream:|priority:0], old=null
2021-07-17 01:44:56,771 [grpc-default-executor-4] INFO  server.RaftServer$Division (RaftServerImpl.java:requestVote(1042)) - 30d49bb6-b206-443f-92f8-de1941ac4061@group-18EA97DC0098: receive requestVote(ELECTION, b32faf46-69b0-41ce-b187-d9527561eeb9, group-18EA97DC0098, 5, (t:2, i:0))
2021-07-17 01:44:56,771 [grpc-default-executor-4] INFO  impl.VoteContext (VoteContext.java:log(48)) - 30d49bb6-b206-443f-92f8-de1941ac4061@group-18EA97DC0098-FOLLOWER: reject ELECTION from b32faf46-69b0-41ce-b187-d9527561eeb9: our priority 1 > candidate's priority 0
2021-07-17 01:44:56,771 [grpc-default-executor-4] INFO  server.RaftServer$Division (RaftServerImpl.java:setRole(284)) - 30d49bb6-b206-443f-92f8-de1941ac4061@group-18EA97DC0098: changes role from  FOLLOWER to FOLLOWER at term 5 for candidate:b32faf46-69b0-41ce-b187-d9527561eeb9
2021-07-17 01:44:56,771 [grpc-default-executor-4] INFO  impl.RoleInfo (RoleInfo.java:shutdownFollowerState(108)) - 30d49bb6-b206-443f-92f8-de1941ac4061: shutdown 30d49bb6-b206-443f-92f8-de1941ac4061@group-18EA97DC0098-FollowerState
2021-07-17 01:44:56,772 [grpc-default-executor-4] INFO  impl.RoleInfo (RoleInfo.java:updateAndGet(130)) - 30d49bb6-b206-443f-92f8-de1941ac4061: start 30d49bb6-b206-443f-92f8-de1941ac4061@group-18EA97DC0098-FollowerState
2021-07-17 01:44:56,772 [30d49bb6-b206-443f-92f8-de1941ac4061@group-18EA97DC0098-FollowerState] INFO  impl.FollowerState (FollowerState.java:run(143)) - 30d49bb6-b206-443f-92f8-de1941ac4061@group-18EA97DC0098-FollowerState was interrupted: {}
java.lang.InterruptedException: sleep interrupted
	at java.lang.Thread.sleep(Native Method)
	at java.lang.Thread.sleep(Thread.java:340)
	at java.util.concurrent.TimeUnit.sleep(TimeUnit.java:386)
	at org.apache.ratis.util.TimeDuration.sleep(TimeDuration.java:324)
	at org.apache.ratis.util.TimeDuration.sleep(TimeDuration.java:309)
	at org.apache.ratis.server.impl.FollowerState.run(FollowerState.java:118)
2021-07-17 01:44:56,772 [grpc-default-executor-3] INFO  server.RaftServer$Division (RaftServerImpl.java:requestVote(1042)) - 817716dc-74d9-44e3-96f4-247fb6d3bd86@group-18EA97DC0098: receive requestVote(ELECTION, b32faf46-69b0-41ce-b187-d9527561eeb9, group-18EA97DC0098, 5, (t:2, i:0))
2021-07-17 01:44:56,772 [grpc-default-executor-3] INFO  impl.VoteContext (VoteContext.java:log(48)) - 817716dc-74d9-44e3-96f4-247fb6d3bd86@group-18EA97DC0098-FOLLOWER: accept ELECTION from b32faf46-69b0-41ce-b187-d9527561eeb9: our last entry null < candidate's last entry (t:2, i:0)
2021-07-17 01:44:56,772 [grpc-default-executor-3] INFO  server.RaftServer$Division (RaftServerImpl.java:setRole(284)) - 817716dc-74d9-44e3-96f4-247fb6d3bd86@group-18EA97DC0098: changes role from  FOLLOWER to FOLLOWER at term 5 for candidate:b32faf46-69b0-41ce-b187-d9527561eeb9
2021-07-17 01:44:56,772 [grpc-default-executor-3] INFO  impl.RoleInfo (RoleInfo.java:shutdownFollowerState(108)) - 817716dc-74d9-44e3-96f4-247fb6d3bd86: shutdown 817716dc-74d9-44e3-96f4-247fb6d3bd86@group-18EA97DC0098-FollowerState
2021-07-17 01:44:56,773 [grpc-default-executor-3] INFO  impl.RoleInfo (RoleInfo.java:updateAndGet(130)) - 817716dc-74d9-44e3-96f4-247fb6d3bd86: start 817716dc-74d9-44e3-96f4-247fb6d3bd86@group-18EA97DC0098-FollowerState
2021-07-17 01:44:56,773 [817716dc-74d9-44e3-96f4-247fb6d3bd86@group-18EA97DC0098-FollowerState] INFO  impl.FollowerState (FollowerState.java:run(143)) - 817716dc-74d9-44e3-96f4-247fb6d3bd86@group-18EA97DC0098-FollowerState was interrupted: {}
java.lang.InterruptedException: sleep interrupted
	at java.lang.Thread.sleep(Native Method)
	at java.lang.Thread.sleep(Thread.java:340)
	at java.util.concurrent.TimeUnit.sleep(TimeUnit.java:386)
	at org.apache.ratis.util.TimeDuration.sleep(TimeDuration.java:324)
	at org.apache.ratis.util.TimeDuration.sleep(TimeDuration.java:309)
	at org.apache.ratis.server.impl.FollowerState.run(FollowerState.java:118)
2021-07-17 01:44:56,775 [grpc-default-executor-4] INFO  server.RaftServer$Division (RaftServerImpl.java:requestVote(1074)) - 30d49bb6-b206-443f-92f8-de1941ac4061@group-18EA97DC0098 replies to ELECTION vote request: b32faf46-69b0-41ce-b187-d9527561eeb9<-30d49bb6-b206-443f-92f8-de1941ac4061#0:FAIL-t5. Peer's state: 30d49bb6-b206-443f-92f8-de1941ac4061@group-18EA97DC0098:t5, leader=null, voted=null, raftlog=30d49bb6-b206-443f-92f8-de1941ac4061@group-18EA97DC0098-SegmentedRaftLog:OPENED:c0,f0,i0, conf=0: [817716dc-74d9-44e3-96f4-247fb6d3bd86|rpc:10.1.0.46:37853|dataStream:|priority:0, 30d49bb6-b206-443f-92f8-de1941ac4061|rpc:10.1.0.46:40535|dataStream:|priority:1, b32faf46-69b0-41ce-b187-d9527561eeb9|rpc:10.1.0.46:42083|dataStream:|priority:0], old=null
2021-07-17 01:44:56,776 [b32faf46-69b0-41ce-b187-d9527561eeb9@group-18EA97DC0098-LeaderElection69] INFO  impl.LeaderElection (LeaderElection.java:logAndReturn(89)) - b32faf46-69b0-41ce-b187-d9527561eeb9@group-18EA97DC0098-LeaderElection69: ELECTION REJECTED received 1 response(s) and 0 exception(s):
2021-07-17 01:44:56,776 [grpc-default-executor-3] INFO  server.RaftServer$Division (RaftServerImpl.java:requestVote(1074)) - 817716dc-74d9-44e3-96f4-247fb6d3bd86@group-18EA97DC0098 replies to ELECTION vote request: b32faf46-69b0-41ce-b187-d9527561eeb9<-817716dc-74d9-44e3-96f4-247fb6d3bd86#0:OK-t5. Peer's state: 817716dc-74d9-44e3-96f4-247fb6d3bd86@group-18EA97DC0098:t5, leader=null, voted=b32faf46-69b0-41ce-b187-d9527561eeb9, raftlog=817716dc-74d9-44e3-96f4-247fb6d3bd86@group-18EA97DC0098-SegmentedRaftLog:OPENED:c-1,f-1,i0, conf=-1: [817716dc-74d9-44e3-96f4-247fb6d3bd86|rpc:10.1.0.46:37853|priority:0, 30d49bb6-b206-443f-92f8-de1941ac4061|rpc:10.1.0.46:40535|priority:1, b32faf46-69b0-41ce-b187-d9527561eeb9|rpc:10.1.0.46:42083|priority:0], old=null
2021-07-17 01:44:56,776 [b32faf46-69b0-41ce-b187-d9527561eeb9@group-18EA97DC0098-LeaderElection69] INFO  impl.LeaderElection (LeaderElection.java:logAndReturn(93)) -   Response 0: b32faf46-69b0-41ce-b187-d9527561eeb9<-30d49bb6-b206-443f-92f8-de1941ac4061#0:FAIL-t5
2021-07-17 01:44:56,776 [b32faf46-69b0-41ce-b187-d9527561eeb9@group-18EA97DC0098-LeaderElection69] INFO  impl.LeaderElection (LeaderElection.java:askForVotes(308)) - b32faf46-69b0-41ce-b187-d9527561eeb9@group-18EA97DC0098-LeaderElection69 ELECTION round 0: result REJECTED
2021-07-17 01:44:56,776 [b32faf46-69b0-41ce-b187-d9527561eeb9@group-18EA97DC0098-LeaderElection69] INFO  server.RaftServer$Division (RaftServerImpl.java:setRole(284)) - b32faf46-69b0-41ce-b187-d9527561eeb9@group-18EA97DC0098: changes role from CANDIDATE to FOLLOWER at term 5 for REJECTED
2021-07-17 01:44:56,776 [b32faf46-69b0-41ce-b187-d9527561eeb9@group-18EA97DC0098-LeaderElection69] INFO  impl.RoleInfo (RoleInfo.java:shutdownLeaderElection(121)) - b32faf46-69b0-41ce-b187-d9527561eeb9: shutdown b32faf46-69b0-41ce-b187-d9527561eeb9@group-18EA97DC0098-LeaderElection69
2021-07-17 01:44:56,776 [b32faf46-69b0-41ce-b187-d9527561eeb9@group-18EA97DC0098-LeaderElection69] INFO  impl.RoleInfo (RoleInfo.java:updateAndGet(130)) - b32faf46-69b0-41ce-b187-d9527561eeb9: start b32faf46-69b0-41ce-b187-d9527561eeb9@group-18EA97DC0098-FollowerState
2021-07-17 01:44:57,811 [java.util.concurrent.ThreadPoolExecutor$Worker@7e0b6b37[State = -1, empty queue]] INFO  metrics.RatisMetrics (RatisMetrics.java:lambda$create$0(36)) - Creating Metrics Registry : ratis.client_message_metrics.client-D82BC3E18D48->817716dc-74d9-44e3-96f4-247fb6d3bd86
2021-07-17 01:44:57,822 [Listener at 127.0.0.1/42341] INFO  ozone.MiniOzoneClusterImpl (MiniOzoneClusterImpl.java:shutdown(448)) - Shutting down the Mini Ozone Cluster
2021-07-17 01:44:57,822 [Listener at 127.0.0.1/42341] INFO  ozone.MiniOzoneClusterImpl (MiniOzoneClusterImpl.java:stop(463)) - Stopping the Mini Ozone Cluster
2021-07-17 01:44:57,822 [Listener at 127.0.0.1/42341] INFO  ozone.MiniOzoneClusterImpl (MiniOzoneClusterImpl.java:stopOM(545)) - Stopping the OzoneManager
2021-07-17 01:44:57,822 [Listener at 127.0.0.1/42341] INFO  ipc.Server (Server.java:stop(3414)) - Stopping server on 42341
2021-07-17 01:44:57,827 [IPC Server listener on 0] INFO  ipc.Server (Server.java:run(1376)) - Stopping IPC Server listener on 0
2021-07-17 01:44:57,828 [IPC Server Responder] INFO  ipc.Server (Server.java:run(1512)) - Stopping IPC Server Responder
2021-07-17 01:44:57,828 [Listener at 127.0.0.1/42341] INFO  server.RaftServer (RaftServerProxy.java:lambda$close$6(391)) - om1: close
2021-07-17 01:44:57,829 [Listener at 127.0.0.1/42341] INFO  server.RaftServer$Division (RaftServerImpl.java:lambda$close$4(406)) - om1@group-C5BA1605619E: shutdown
2021-07-17 01:44:57,829 [Listener at 127.0.0.1/42341] INFO  util.JmxRegister (JmxRegister.java:unregister(73)) - Successfully un-registered JMX Bean with object name Ratis:service=RaftServer,group=group-C5BA1605619E,id=om1
2021-07-17 01:44:57,829 [Listener at 127.0.0.1/42341] INFO  impl.RoleInfo (RoleInfo.java:shutdownLeaderState(91)) - om1: shutdown om1@group-C5BA1605619E-LeaderStateImpl
2021-07-17 01:44:57,829 [Listener at 127.0.0.1/42341] INFO  impl.PendingRequests (PendingRequests.java:sendNotLeaderResponses(249)) - om1@group-C5BA1605619E-PendingRequests: sendNotLeaderResponses
2021-07-17 01:44:57,831 [Listener at 127.0.0.1/42341] INFO  metrics.RatisMetrics (RatisMetrics.java:unregister(43)) - Unregistering Metrics Registry : ratis.log_appender.om1@group-C5BA1605619E
2021-07-17 01:44:57,831 [Listener at 127.0.0.1/42341] INFO  metrics.RatisMetrics (RatisMetrics.java:unregister(43)) - Unregistering Metrics Registry : ratis.server.om1@group-C5BA1605619E
2021-07-17 01:44:57,832 [Listener at 127.0.0.1/42341] INFO  impl.StateMachineUpdater (StateMachineUpdater.java:stopAndJoin(149)) - om1@group-C5BA1605619E-StateMachineUpdater: set stopIndex = 4
2021-07-17 01:44:57,832 [om1@group-C5BA1605619E-StateMachineUpdater] INFO  ratis.OzoneManagerStateMachine (OzoneManagerStateMachine.java:takeSnapshot(396)) - Current Snapshot Index (t:1, i:4)
2021-07-17 01:44:57,832 [om1@group-C5BA1605619E-StateMachineUpdater] INFO  impl.StateMachineUpdater (StateMachineUpdater.java:takeSnapshot(281)) - om1@group-C5BA1605619E-StateMachineUpdater: Took a snapshot at index 4
2021-07-17 01:44:57,832 [om1@group-C5BA1605619E-StateMachineUpdater] INFO  impl.StateMachineUpdater (StateMachineUpdater.java:lambda$new$0(89)) - om1@group-C5BA1605619E-StateMachineUpdater: snapshotIndex: updateIncreasingly -1 -> 4
2021-07-17 01:44:57,832 [om1@group-C5BA1605619E-StateMachineUpdater] INFO  metrics.RatisMetrics (RatisMetrics.java:unregister(43)) - Unregistering Metrics Registry : ratis.state_machine.om1@group-C5BA1605619E
2021-07-17 01:44:57,832 [Listener at 127.0.0.1/42341] INFO  server.RaftServer$Division (ServerState.java:close(405)) - om1@group-C5BA1605619E: closes. applyIndex: 4
2021-07-17 01:44:57,833 [om1@group-C5BA1605619E-SegmentedRaftLogWorker] INFO  segmented.SegmentedRaftLogWorker (SegmentedRaftLogWorker.java:run(327)) - om1@group-C5BA1605619E-SegmentedRaftLogWorker was interrupted, exiting. There are 0 tasks remaining in the queue.
2021-07-17 01:44:57,834 [Listener at 127.0.0.1/42341] INFO  segmented.SegmentedRaftLogWorker (SegmentedRaftLogWorker.java:close(237)) - om1@group-C5BA1605619E-SegmentedRaftLogWorker close()
2021-07-17 01:44:57,836 [Listener at 127.0.0.1/42341] INFO  metrics.RatisMetrics (RatisMetrics.java:unregister(43)) - Unregistering Metrics Registry : ratis.log_worker.om1@group-C5BA1605619E
2021-07-17 01:44:57,836 [Listener at 127.0.0.1/42341] INFO  metrics.RatisMetrics (RatisMetrics.java:unregister(43)) - Unregistering Metrics Registry : ratis.leader_election.om1@group-C5BA1605619E
2021-07-17 01:44:57,836 [Listener at 127.0.0.1/42341] INFO  metrics.RatisMetrics (RatisMetrics.java:unregister(43)) - Unregistering Metrics Registry : ratis.server.om1@group-C5BA1605619E
2021-07-17 01:44:57,836 [Listener at 127.0.0.1/42341] INFO  server.GrpcService (GrpcService.java:closeImpl(262)) - om1: shutdown server with port 9872 now
2021-07-17 01:44:57,837 [Listener at 127.0.0.1/42341] INFO  server.GrpcService (GrpcService.java:closeImpl(271)) - om1: shutdown server with port 9872 successfully
2021-07-17 01:44:57,837 [org.apache.ratis.util.JvmPauseMonitor$$Lambda$525/732148902@4120dd8d] INFO  util.JvmPauseMonitor (JvmPauseMonitor.java:run(109)) - JvmPauseMonitor-om1: Stopped
2021-07-17 01:44:57,837 [Listener at 127.0.0.1/42341] INFO  ratis.OzoneManagerDoubleBuffer (OzoneManagerDoubleBuffer.java:stop(437)) - Stopping OMDoubleBuffer flush thread
2021-07-17 01:44:57,837 [OMDoubleBufferFlushThread] INFO  ratis.OzoneManagerDoubleBuffer (OzoneManagerDoubleBuffer.java:flushTransactions(356)) - OMDoubleBuffer flush thread OMDoubleBufferFlushThread is interrupted and will exit. OMDoubleBufferFlushThread
2021-07-17 01:44:57,838 [Listener at 127.0.0.1/42341] INFO  utils.BackgroundService (BackgroundService.java:shutdown(132)) - Shutting down service KeyDeletingService
2021-07-17 01:44:57,838 [Listener at 127.0.0.1/42341] INFO  handler.ContextHandler (ContextHandler.java:doStop(1154)) - Stopped o.e.j.w.WebAppContext@7ab8c934{ozoneManager,/,null,STOPPED}{file:/home/runner/work/ozone/ozone/mnt/ozone/hadoop-ozone/integration-test/target/test-classes/webapps/ozoneManager}
2021-07-17 01:44:57,839 [Listener at 127.0.0.1/42341] INFO  server.AbstractConnector (AbstractConnector.java:doStop(381)) - Stopped ServerConnector@2c684f4e{HTTP/1.1, (http/1.1)}{0.0.0.0:0}
2021-07-17 01:44:57,839 [Listener at 127.0.0.1/42341] INFO  server.session (HouseKeeper.java:stopScavenging(149)) - node0 Stopped scavenging
2021-07-17 01:44:57,839 [Listener at 127.0.0.1/42341] INFO  handler.ContextHandler (ContextHandler.java:doStop(1154)) - Stopped o.e.j.s.ServletContextHandler@1ccffb23{static,/static,file:///home/runner/work/ozone/ozone/mnt/ozone/hadoop-ozone/integration-test/target/test-classes/webapps/static,STOPPED}
2021-07-17 01:44:57,839 [Listener at 127.0.0.1/42341] INFO  handler.ContextHandler (ContextHandler.java:doStop(1154)) - Stopped o.e.j.s.ServletContextHandler@8e3fa5{logs,/logs,file:///home/runner/work/ozone/ozone/mnt/ozone/hadoop-ozone/integration-test/target/log,STOPPED}
2021-07-17 01:44:57,844 [Listener at 127.0.0.1/42341] INFO  ozone.MiniOzoneClusterImpl (MiniOzoneClusterImpl.java:stopDatanodes(522)) - Stopping the HddsDatanodes
2021-07-17 01:44:58,106 [Datanode State Machine Thread - 0] INFO  statemachine.DatanodeStateMachine (DatanodeStateMachine.java:lambda$startDaemon$0(456)) - Ozone container server started.
2021-07-17 01:44:58,692 [Datanode State Machine Thread - 0] INFO  statemachine.DatanodeStateMachine (DatanodeStateMachine.java:lambda$startDaemon$0(456)) - Ozone container server started.
2021-07-17 01:45:01,815 [30d49bb6-b206-443f-92f8-de1941ac4061@group-18EA97DC0098-FollowerState] INFO  impl.FollowerState (FollowerState.java:run(134)) - 30d49bb6-b206-443f-92f8-de1941ac4061@group-18EA97DC0098-FollowerState: change to CANDIDATE, lastRpcElapsedTime:5043415982ns, electionTimeout:5042ms
2021-07-17 01:45:01,815 [30d49bb6-b206-443f-92f8-de1941ac4061@group-18EA97DC0098-FollowerState] INFO  impl.RoleInfo (RoleInfo.java:shutdownFollowerState(108)) - 30d49bb6-b206-443f-92f8-de1941ac4061: shutdown 30d49bb6-b206-443f-92f8-de1941ac4061@group-18EA97DC0098-FollowerState
2021-07-17 01:45:01,815 [30d49bb6-b206-443f-92f8-de1941ac4061@group-18EA97DC0098-FollowerState] INFO  server.RaftServer$Division (RaftServerImpl.java:setRole(284)) - 30d49bb6-b206-443f-92f8-de1941ac4061@group-18EA97DC0098: changes role from  FOLLOWER to CANDIDATE at term 5 for changeToCandidate
2021-07-17 01:45:01,815 [30d49bb6-b206-443f-92f8-de1941ac4061@group-18EA97DC0098-FollowerState] INFO  server.RaftServerConfigKeys (ConfUtils.java:logGet(44)) - raft.server.leaderelection.pre-vote = false (custom)
2021-07-17 01:45:01,815 [30d49bb6-b206-443f-92f8-de1941ac4061@group-18EA97DC0098-FollowerState] INFO  impl.RoleInfo (RoleInfo.java:updateAndGet(130)) - 30d49bb6-b206-443f-92f8-de1941ac4061: start 30d49bb6-b206-443f-92f8-de1941ac4061@group-18EA97DC0098-LeaderElection70
2021-07-17 01:45:01,818 [30d49bb6-b206-443f-92f8-de1941ac4061@group-18EA97DC0098-LeaderElection70] INFO  impl.LeaderElection (LeaderElection.java:askForVotes(306)) - 30d49bb6-b206-443f-92f8-de1941ac4061@group-18EA97DC0098-LeaderElection70 ELECTION round 0: submit vote requests at term 6 for 0: [817716dc-74d9-44e3-96f4-247fb6d3bd86|rpc:10.1.0.46:37853|dataStream:|priority:0, 30d49bb6-b206-443f-92f8-de1941ac4061|rpc:10.1.0.46:40535|dataStream:|priority:1, b32faf46-69b0-41ce-b187-d9527561eeb9|rpc:10.1.0.46:42083|dataStream:|priority:0], old=null
2021-07-17 01:45:01,820 [grpc-default-executor-3] INFO  server.RaftServer$Division (RaftServerImpl.java:requestVote(1042)) - 817716dc-74d9-44e3-96f4-247fb6d3bd86@group-18EA97DC0098: receive requestVote(ELECTION, 30d49bb6-b206-443f-92f8-de1941ac4061, group-18EA97DC0098, 6, (t:2, i:0))
2021-07-17 01:45:01,820 [grpc-default-executor-3] INFO  impl.VoteContext (VoteContext.java:log(48)) - 817716dc-74d9-44e3-96f4-247fb6d3bd86@group-18EA97DC0098-FOLLOWER: accept ELECTION from 30d49bb6-b206-443f-92f8-de1941ac4061: our last entry null < candidate's last entry (t:2, i:0)
2021-07-17 01:45:01,820 [grpc-default-executor-3] INFO  server.RaftServer$Division (RaftServerImpl.java:setRole(284)) - 817716dc-74d9-44e3-96f4-247fb6d3bd86@group-18EA97DC0098: changes role from  FOLLOWER to FOLLOWER at term 6 for candidate:30d49bb6-b206-443f-92f8-de1941ac4061
2021-07-17 01:45:01,820 [grpc-default-executor-3] INFO  impl.RoleInfo (RoleInfo.java:shutdownFollowerState(108)) - 817716dc-74d9-44e3-96f4-247fb6d3bd86: shutdown 817716dc-74d9-44e3-96f4-247fb6d3bd86@group-18EA97DC0098-FollowerState
2021-07-17 01:45:01,823 [grpc-default-executor-3] INFO  impl.RoleInfo (RoleInfo.java:updateAndGet(130)) - 817716dc-74d9-44e3-96f4-247fb6d3bd86: start 817716dc-74d9-44e3-96f4-247fb6d3bd86@group-18EA97DC0098-FollowerState
2021-07-17 01:45:01,823 [817716dc-74d9-44e3-96f4-247fb6d3bd86@group-18EA97DC0098-FollowerState] INFO  impl.FollowerState (FollowerState.java:run(143)) - 817716dc-74d9-44e3-96f4-247fb6d3bd86@group-18EA97DC0098-FollowerState was interrupted: {}
java.lang.InterruptedException: sleep interrupted
	at java.lang.Thread.sleep(Native Method)
	at java.lang.Thread.sleep(Thread.java:340)
	at java.util.concurrent.TimeUnit.sleep(TimeUnit.java:386)
	at org.apache.ratis.util.TimeDuration.sleep(TimeDuration.java:324)
	at org.apache.ratis.util.TimeDuration.sleep(TimeDuration.java:309)
	at org.apache.ratis.server.impl.FollowerState.run(FollowerState.java:118)
2021-07-17 01:45:01,828 [grpc-default-executor-3] INFO  server.RaftServer$Division (RaftServerImpl.java:requestVote(1074)) - 817716dc-74d9-44e3-96f4-247fb6d3bd86@group-18EA97DC0098 replies to ELECTION vote request: 30d49bb6-b206-443f-92f8-de1941ac4061<-817716dc-74d9-44e3-96f4-247fb6d3bd86#0:OK-t6. Peer's state: 817716dc-74d9-44e3-96f4-247fb6d3bd86@group-18EA97DC0098:t6, leader=null, voted=30d49bb6-b206-443f-92f8-de1941ac4061, raftlog=817716dc-74d9-44e3-96f4-247fb6d3bd86@group-18EA97DC0098-SegmentedRaftLog:OPENED:c-1,f-1,i0, conf=-1: [817716dc-74d9-44e3-96f4-247fb6d3bd86|rpc:10.1.0.46:37853|priority:0, 30d49bb6-b206-443f-92f8-de1941ac4061|rpc:10.1.0.46:40535|priority:1, b32faf46-69b0-41ce-b187-d9527561eeb9|rpc:10.1.0.46:42083|priority:0], old=null
2021-07-17 01:45:01,829 [30d49bb6-b206-443f-92f8-de1941ac4061@group-18EA97DC0098-LeaderElection70] INFO  impl.LeaderElection (LeaderElection.java:logAndReturn(89)) - 30d49bb6-b206-443f-92f8-de1941ac4061@group-18EA97DC0098-LeaderElection70: ELECTION PASSED received 1 response(s) and 0 exception(s):
2021-07-17 01:45:01,829 [30d49bb6-b206-443f-92f8-de1941ac4061@group-18EA97DC0098-LeaderElection70] INFO  impl.LeaderElection (LeaderElection.java:logAndReturn(93)) -   Response 0: 30d49bb6-b206-443f-92f8-de1941ac4061<-817716dc-74d9-44e3-96f4-247fb6d3bd86#0:OK-t6
2021-07-17 01:45:01,829 [30d49bb6-b206-443f-92f8-de1941ac4061@group-18EA97DC0098-LeaderElection70] INFO  impl.LeaderElection (LeaderElection.java:askForVotes(308)) - 30d49bb6-b206-443f-92f8-de1941ac4061@group-18EA97DC0098-LeaderElection70 ELECTION round 0: result PASSED
2021-07-17 01:45:01,829 [30d49bb6-b206-443f-92f8-de1941ac4061@group-18EA97DC0098-LeaderElection70] INFO  impl.RoleInfo (RoleInfo.java:shutdownLeaderElection(121)) - 30d49bb6-b206-443f-92f8-de1941ac4061: shutdown 30d49bb6-b206-443f-92f8-de1941ac4061@group-18EA97DC0098-LeaderElection70
2021-07-17 01:45:01,829 [30d49bb6-b206-443f-92f8-de1941ac4061@group-18EA97DC0098-LeaderElection70] INFO  server.RaftServer$Division (RaftServerImpl.java:setRole(284)) - 30d49bb6-b206-443f-92f8-de1941ac4061@group-18EA97DC0098: changes role from CANDIDATE to LEADER at term 6 for changeToLeader
2021-07-17 01:45:01,829 [30d49bb6-b206-443f-92f8-de1941ac4061@group-18EA97DC0098-LeaderElection70] INFO  ratis.XceiverServerRatis (XceiverServerRatis.java:handleLeaderChangedNotification(857)) - Leader change notification received for group: group-18EA97DC0098 with new leaderId: 30d49bb6-b206-443f-92f8-de1941ac4061
2021-07-17 01:45:01,829 [30d49bb6-b206-443f-92f8-de1941ac4061@group-18EA97DC0098-LeaderElection70] INFO  server.RaftServer$Division (ServerState.java:setLeader(271)) - 30d49bb6-b206-443f-92f8-de1941ac4061@group-18EA97DC0098: change Leader from null to 30d49bb6-b206-443f-92f8-de1941ac4061 at term 6 for becomeLeader, leader elected after 15105ms
2021-07-17 01:45:01,829 [30d49bb6-b206-443f-92f8-de1941ac4061@group-18EA97DC0098-LeaderElection70] INFO  server.RaftServerConfigKeys (ConfUtils.java:logGet(44)) - raft.server.staging.catchup.gap = 1000 (default)
2021-07-17 01:45:01,829 [30d49bb6-b206-443f-92f8-de1941ac4061@group-18EA97DC0098-LeaderElection70] INFO  metrics.RatisMetrics (RatisMetrics.java:lambda$create$0(36)) - Creating Metrics Registry : ratis.log_appender.30d49bb6-b206-443f-92f8-de1941ac4061@group-18EA97DC0098
2021-07-17 01:45:01,830 [30d49bb6-b206-443f-92f8-de1941ac4061@group-18EA97DC0098-LeaderElection70] INFO  server.RaftServerConfigKeys (ConfUtils.java:logGet(44)) - raft.server.write.element-limit = 1024 (custom)
2021-07-17 01:45:01,830 [30d49bb6-b206-443f-92f8-de1941ac4061@group-18EA97DC0098-LeaderElection70] INFO  server.RaftServerConfigKeys (ConfUtils.java:logGet(44)) - raft.server.write.byte-limit = 1073741824 (custom)
2021-07-17 01:45:01,830 [30d49bb6-b206-443f-92f8-de1941ac4061@group-18EA97DC0098-LeaderElection70] INFO  server.RaftServerConfigKeys (ConfUtils.java:logGet(44)) - raft.server.watch.timeout = 3000ms (custom)
2021-07-17 01:45:01,831 [30d49bb6-b206-443f-92f8-de1941ac4061@group-18EA97DC0098-LeaderElection70] INFO  server.RaftServerConfigKeys (ConfUtils.java:logGet(44)) - raft.server.watch.timeout.denomination = 1s (default)
2021-07-17 01:45:01,831 [30d49bb6-b206-443f-92f8-de1941ac4061@group-18EA97DC0098-LeaderElection70] INFO  server.RaftServerConfigKeys (ConfUtils.java:logGet(44)) - raft.server.watch.element-limit = 65536 (default)
2021-07-17 01:45:01,831 [30d49bb6-b206-443f-92f8-de1941ac4061@group-18EA97DC0098-LeaderElection70] INFO  server.RaftServerConfigKeys (ConfUtils.java:logGet(44)) - raft.server.log.appender.snapshot.chunk.size.max = 16MB (=16777216) (default)
2021-07-17 01:45:01,831 [30d49bb6-b206-443f-92f8-de1941ac4061@group-18EA97DC0098-LeaderElection70] INFO  server.RaftServerConfigKeys (ConfUtils.java:logGet(44)) - raft.server.log.appender.buffer.byte-limit = 33554432 (custom)
2021-07-17 01:45:01,831 [grpc-default-executor-3] INFO  server.RaftServer$Division (RaftServerImpl.java:requestVote(1042)) - b32faf46-69b0-41ce-b187-d9527561eeb9@group-18EA97DC0098: receive requestVote(ELECTION, 30d49bb6-b206-443f-92f8-de1941ac4061, group-18EA97DC0098, 6, (t:2, i:0))
2021-07-17 01:45:01,831 [30d49bb6-b206-443f-92f8-de1941ac4061@group-18EA97DC0098-LeaderElection70] INFO  server.RaftServerConfigKeys (ConfUtils.java:logGet(44)) - raft.server.log.appender.buffer.element-limit = 1 (custom)
2021-07-17 01:45:01,831 [grpc-default-executor-3] INFO  impl.VoteContext (VoteContext.java:log(48)) - b32faf46-69b0-41ce-b187-d9527561eeb9@group-18EA97DC0098-FOLLOWER: accept ELECTION from 30d49bb6-b206-443f-92f8-de1941ac4061: our priority 0 <= candidate's priority 1
2021-07-17 01:45:01,831 [30d49bb6-b206-443f-92f8-de1941ac4061@group-18EA97DC0098-LeaderElection70] INFO  grpc.GrpcConfigKeys (ConfUtils.java:logGet(44)) - raft.grpc.server.leader.outstanding.appends.max = 128 (default)
2021-07-17 01:45:01,831 [grpc-default-executor-3] INFO  server.RaftServer$Division (RaftServerImpl.java:setRole(284)) - b32faf46-69b0-41ce-b187-d9527561eeb9@group-18EA97DC0098: changes role from  FOLLOWER to FOLLOWER at term 6 for candidate:30d49bb6-b206-443f-92f8-de1941ac4061
2021-07-17 01:45:01,831 [grpc-default-executor-3] INFO  impl.RoleInfo (RoleInfo.java:shutdownFollowerState(108)) - b32faf46-69b0-41ce-b187-d9527561eeb9: shutdown b32faf46-69b0-41ce-b187-d9527561eeb9@group-18EA97DC0098-FollowerState
2021-07-17 01:45:01,831 [30d49bb6-b206-443f-92f8-de1941ac4061@group-18EA97DC0098-LeaderElection70] INFO  server.RaftServerConfigKeys (ConfUtils.java:logGet(44)) - raft.server.rpc.request.timeout = 3000ms (default)
2021-07-17 01:45:01,831 [grpc-default-executor-3] INFO  impl.RoleInfo (RoleInfo.java:updateAndGet(130)) - b32faf46-69b0-41ce-b187-d9527561eeb9: start b32faf46-69b0-41ce-b187-d9527561eeb9@group-18EA97DC0098-FollowerState
2021-07-17 01:45:01,832 [b32faf46-69b0-41ce-b187-d9527561eeb9@group-18EA97DC0098-FollowerState] INFO  impl.FollowerState (FollowerState.java:run(143)) - b32faf46-69b0-41ce-b187-d9527561eeb9@group-18EA97DC0098-FollowerState was interrupted: {}
java.lang.InterruptedException: sleep interrupted
	at java.lang.Thread.sleep(Native Method)
	at java.lang.Thread.sleep(Thread.java:340)
	at java.util.concurrent.TimeUnit.sleep(TimeUnit.java:386)
	at org.apache.ratis.util.TimeDuration.sleep(TimeDuration.java:324)
	at org.apache.ratis.util.TimeDuration.sleep(TimeDuration.java:309)
	at org.apache.ratis.server.impl.FollowerState.run(FollowerState.java:118)
2021-07-17 01:45:01,832 [30d49bb6-b206-443f-92f8-de1941ac4061@group-18EA97DC0098-LeaderElection70] INFO  server.RaftServerConfigKeys (ConfUtils.java:logGet(44)) - raft.server.log.appender.install.snapshot.enabled = false (custom)
2021-07-17 01:45:01,832 [30d49bb6-b206-443f-92f8-de1941ac4061@group-18EA97DC0098-LeaderElection70] INFO  metrics.RatisMetrics (RatisMetrics.java:lambda$create$0(36)) - Creating Metrics Registry : ratis_grpc.log_appender.30d49bb6-b206-443f-92f8-de1941ac4061@group-18EA97DC0098
2021-07-17 01:45:01,839 [grpc-default-executor-3] INFO  server.RaftServer$Division (RaftServerImpl.java:requestVote(1074)) - b32faf46-69b0-41ce-b187-d9527561eeb9@group-18EA97DC0098 replies to ELECTION vote request: 30d49bb6-b206-443f-92f8-de1941ac4061<-b32faf46-69b0-41ce-b187-d9527561eeb9#0:OK-t6. Peer's state: b32faf46-69b0-41ce-b187-d9527561eeb9@group-18EA97DC0098:t6, leader=null, voted=30d49bb6-b206-443f-92f8-de1941ac4061, raftlog=b32faf46-69b0-41ce-b187-d9527561eeb9@group-18EA97DC0098-SegmentedRaftLog:OPENED:c0,f0,i0, conf=0: [817716dc-74d9-44e3-96f4-247fb6d3bd86|rpc:10.1.0.46:37853|dataStream:|priority:0, 30d49bb6-b206-443f-92f8-de1941ac4061|rpc:10.1.0.46:40535|dataStream:|priority:1, b32faf46-69b0-41ce-b187-d9527561eeb9|rpc:10.1.0.46:42083|dataStream:|priority:0], old=null
2021-07-17 01:45:01,840 [30d49bb6-b206-443f-92f8-de1941ac4061@group-18EA97DC0098-LeaderElection70] INFO  server.RaftServerConfigKeys (ConfUtils.java:logGet(44)) - raft.server.log.appender.snapshot.chunk.size.max = 16MB (=16777216) (default)
2021-07-17 01:45:01,840 [30d49bb6-b206-443f-92f8-de1941ac4061@group-18EA97DC0098-LeaderElection70] INFO  server.RaftServerConfigKeys (ConfUtils.java:logGet(44)) - raft.server.log.appender.buffer.byte-limit = 33554432 (custom)
2021-07-17 01:45:01,840 [30d49bb6-b206-443f-92f8-de1941ac4061@group-18EA97DC0098-LeaderElection70] INFO  server.RaftServerConfigKeys (ConfUtils.java:logGet(44)) - raft.server.log.appender.buffer.element-limit = 1 (custom)
2021-07-17 01:45:01,840 [30d49bb6-b206-443f-92f8-de1941ac4061@group-18EA97DC0098-LeaderElection70] INFO  grpc.GrpcConfigKeys (ConfUtils.java:logGet(44)) - raft.grpc.server.leader.outstanding.appends.max = 128 (default)
2021-07-17 01:45:01,840 [30d49bb6-b206-443f-92f8-de1941ac4061@group-18EA97DC0098-LeaderElection70] INFO  server.RaftServerConfigKeys (ConfUtils.java:logGet(44)) - raft.server.rpc.request.timeout = 3000ms (default)
2021-07-17 01:45:01,840 [30d49bb6-b206-443f-92f8-de1941ac4061@group-18EA97DC0098-LeaderElection70] INFO  server.RaftServerConfigKeys (ConfUtils.java:logGet(44)) - raft.server.log.appender.install.snapshot.enabled = false (custom)
2021-07-17 01:45:01,841 [30d49bb6-b206-443f-92f8-de1941ac4061@group-18EA97DC0098-LeaderElection70] INFO  impl.RoleInfo (RoleInfo.java:updateAndGet(130)) - 30d49bb6-b206-443f-92f8-de1941ac4061: start 30d49bb6-b206-443f-92f8-de1941ac4061@group-18EA97DC0098-LeaderStateImpl
2021-07-17 01:45:01,841 [30d49bb6-b206-443f-92f8-de1941ac4061@group-18EA97DC0098-LeaderElection70] INFO  segmented.SegmentedRaftLogWorker (SegmentedRaftLogWorker.java:rollLogSegment(399)) - 30d49bb6-b206-443f-92f8-de1941ac4061@group-18EA97DC0098-SegmentedRaftLogWorker: Rolling segment log-0_0 to index:0
2021-07-17 01:45:01,843 [30d49bb6-b206-443f-92f8-de1941ac4061@group-18EA97DC0098-SegmentedRaftLogWorker] INFO  segmented.SegmentedRaftLogWorker (SegmentedRaftLogWorker.java:execute(558)) - 30d49bb6-b206-443f-92f8-de1941ac4061@group-18EA97DC0098-SegmentedRaftLogWorker: Rolled log segment from /home/runner/work/ozone/ozone/mnt/ozone/hadoop-ozone/integration-test/target/test-dir/MiniOzoneClusterImpl-ab53e13c-b7a0-452c-aef0-b95992dbe1a2/datanode-2/data/ratis/29f43b99-e021-4e88-bda1-18ea97dc0098/current/log_inprogress_0 to /home/runner/work/ozone/ozone/mnt/ozone/hadoop-ozone/integration-test/target/test-dir/MiniOzoneClusterImpl-ab53e13c-b7a0-452c-aef0-b95992dbe1a2/datanode-2/data/ratis/29f43b99-e021-4e88-bda1-18ea97dc0098/current/log_0-0
2021-07-17 01:45:01,843 [30d49bb6-b206-443f-92f8-de1941ac4061@group-18EA97DC0098-LeaderElection70] INFO  server.RaftServer$Division (ServerState.java:setRaftConf(373)) - 30d49bb6-b206-443f-92f8-de1941ac4061@group-18EA97DC0098: set configuration 1: [817716dc-74d9-44e3-96f4-247fb6d3bd86|rpc:10.1.0.46:37853|dataStream:|priority:0, 30d49bb6-b206-443f-92f8-de1941ac4061|rpc:10.1.0.46:40535|dataStream:|priority:1, b32faf46-69b0-41ce-b187-d9527561eeb9|rpc:10.1.0.46:42083|dataStream:|priority:0], old=null
2021-07-17 01:45:01,846 [grpc-default-executor-3] INFO  ratis.XceiverServerRatis (XceiverServerRatis.java:handleLeaderChangedNotification(857)) - Leader change notification received for group: group-18EA97DC0098 with new leaderId: 30d49bb6-b206-443f-92f8-de1941ac4061
2021-07-17 01:45:01,846 [grpc-default-executor-3] INFO  server.RaftServer$Division (ServerState.java:setLeader(271)) - 817716dc-74d9-44e3-96f4-247fb6d3bd86@group-18EA97DC0098: change Leader from null to 30d49bb6-b206-443f-92f8-de1941ac4061 at term 6 for appendEntries, leader elected after 25349ms
2021-07-17 01:45:01,846 [grpc-default-executor-3] INFO  server.RaftServer$Division (RaftServerImpl.java:checkInconsistentAppendEntries(1318)) - 817716dc-74d9-44e3-96f4-247fb6d3bd86@group-18EA97DC0098: Failed appendEntries as previous log entry ((t:2, i:0)) is not found
2021-07-17 01:45:01,846 [grpc-default-executor-3] INFO  server.RaftServer$Division (RaftServerImpl.java:checkInconsistentAppendEntries(1284)) - 817716dc-74d9-44e3-96f4-247fb6d3bd86@group-18EA97DC0098: inconsistency entries. Reply:30d49bb6-b206-443f-92f8-de1941ac4061<-817716dc-74d9-44e3-96f4-247fb6d3bd86#0:FAIL-t6,INCONSISTENCY,nextIndex=0,followerCommit=-1
2021-07-17 01:45:01,846 [grpc-default-executor-3] INFO  ratis.XceiverServerRatis (XceiverServerRatis.java:handleLeaderChangedNotification(857)) - Leader change notification received for group: group-18EA97DC0098 with new leaderId: 30d49bb6-b206-443f-92f8-de1941ac4061
2021-07-17 01:45:01,846 [grpc-default-executor-3] INFO  server.RaftServer$Division (ServerState.java:setLeader(271)) - b32faf46-69b0-41ce-b187-d9527561eeb9@group-18EA97DC0098: change Leader from null to 30d49bb6-b206-443f-92f8-de1941ac4061 at term 6 for appendEntries, leader elected after 15118ms
2021-07-17 01:45:01,847 [grpc-default-executor-5] INFO  server.RaftServer$Division (RaftServerImpl.java:checkInconsistentAppendEntries(1318)) - 817716dc-74d9-44e3-96f4-247fb6d3bd86@group-18EA97DC0098: Failed appendEntries as previous log entry ((t:2, i:0)) is not found
2021-07-17 01:45:01,847 [grpc-default-executor-5] INFO  server.RaftServer$Division (RaftServerImpl.java:checkInconsistentAppendEntries(1284)) - 817716dc-74d9-44e3-96f4-247fb6d3bd86@group-18EA97DC0098: inconsistency entries. Reply:30d49bb6-b206-443f-92f8-de1941ac4061<-817716dc-74d9-44e3-96f4-247fb6d3bd86#1:FAIL-t6,INCONSISTENCY,nextIndex=0,followerCommit=-1
2021-07-17 01:45:01,848 [grpc-default-executor-4] INFO  leader.FollowerInfo (FollowerInfoImpl.java:lambda$new$0(46)) - 30d49bb6-b206-443f-92f8-de1941ac4061@group-18EA97DC0098->817716dc-74d9-44e3-96f4-247fb6d3bd86: nextIndex: updateUnconditionally 2 -> 0
2021-07-17 01:45:01,849 [grpc-default-executor-3] INFO  server.RaftServer$Division (ServerState.java:setRaftConf(373)) - b32faf46-69b0-41ce-b187-d9527561eeb9@group-18EA97DC0098: set configuration 1: [817716dc-74d9-44e3-96f4-247fb6d3bd86|rpc:10.1.0.46:37853|dataStream:|priority:0, 30d49bb6-b206-443f-92f8-de1941ac4061|rpc:10.1.0.46:40535|dataStream:|priority:1, b32faf46-69b0-41ce-b187-d9527561eeb9|rpc:10.1.0.46:42083|dataStream:|priority:0], old=null
2021-07-17 01:45:01,849 [30d49bb6-b206-443f-92f8-de1941ac4061@group-18EA97DC0098-SegmentedRaftLogWorker] INFO  segmented.SegmentedRaftLogWorker (SegmentedRaftLogWorker.java:execute(601)) - 30d49bb6-b206-443f-92f8-de1941ac4061@group-18EA97DC0098-SegmentedRaftLogWorker: created new log segment /home/runner/work/ozone/ozone/mnt/ozone/hadoop-ozone/integration-test/target/test-dir/MiniOzoneClusterImpl-ab53e13c-b7a0-452c-aef0-b95992dbe1a2/datanode-2/data/ratis/29f43b99-e021-4e88-bda1-18ea97dc0098/current/log_inprogress_1
2021-07-17 01:45:01,849 [grpc-default-executor-3] INFO  segmented.SegmentedRaftLogWorker (SegmentedRaftLogWorker.java:rollLogSegment(399)) - b32faf46-69b0-41ce-b187-d9527561eeb9@group-18EA97DC0098-SegmentedRaftLogWorker: Rolling segment log-0_0 to index:0
2021-07-17 01:45:01,850 [b32faf46-69b0-41ce-b187-d9527561eeb9@group-18EA97DC0098-SegmentedRaftLogWorker] INFO  segmented.SegmentedRaftLogWorker (SegmentedRaftLogWorker.java:execute(558)) - b32faf46-69b0-41ce-b187-d9527561eeb9@group-18EA97DC0098-SegmentedRaftLogWorker: Rolled log segment from /home/runner/work/ozone/ozone/mnt/ozone/hadoop-ozone/integration-test/target/test-dir/MiniOzoneClusterImpl-ab53e13c-b7a0-452c-aef0-b95992dbe1a2/datanode-1/data/ratis/29f43b99-e021-4e88-bda1-18ea97dc0098/current/log_inprogress_0 to /home/runner/work/ozone/ozone/mnt/ozone/hadoop-ozone/integration-test/target/test-dir/MiniOzoneClusterImpl-ab53e13c-b7a0-452c-aef0-b95992dbe1a2/datanode-1/data/ratis/29f43b99-e021-4e88-bda1-18ea97dc0098/current/log_0-0
2021-07-17 01:45:01,850 [b32faf46-69b0-41ce-b187-d9527561eeb9@group-18EA97DC0098-SegmentedRaftLogWorker] INFO  segmented.SegmentedRaftLogWorker (SegmentedRaftLogWorker.java:execute(601)) - b32faf46-69b0-41ce-b187-d9527561eeb9@group-18EA97DC0098-SegmentedRaftLogWorker: created new log segment /home/runner/work/ozone/ozone/mnt/ozone/hadoop-ozone/integration-test/target/test-dir/MiniOzoneClusterImpl-ab53e13c-b7a0-452c-aef0-b95992dbe1a2/datanode-1/data/ratis/29f43b99-e021-4e88-bda1-18ea97dc0098/current/log_inprogress_1
2021-07-17 01:45:01,855 [grpc-default-executor-5] INFO  server.RaftServer$Division (ServerState.java:setRaftConf(373)) - 817716dc-74d9-44e3-96f4-247fb6d3bd86@group-18EA97DC0098: set configuration 0: [817716dc-74d9-44e3-96f4-247fb6d3bd86|rpc:10.1.0.46:37853|dataStream:|priority:0, 30d49bb6-b206-443f-92f8-de1941ac4061|rpc:10.1.0.46:40535|dataStream:|priority:1, b32faf46-69b0-41ce-b187-d9527561eeb9|rpc:10.1.0.46:42083|dataStream:|priority:0], old=null
2021-07-17 01:45:01,858 [grpc-default-executor-3] INFO  leader.FollowerInfo (FollowerInfoImpl.java:lambda$new$0(46)) - 30d49bb6-b206-443f-92f8-de1941ac4061@group-18EA97DC0098->817716dc-74d9-44e3-96f4-247fb6d3bd86: nextIndex: updateUnconditionally 2 -> 0
2021-07-17 01:45:01,860 [grpc-default-executor-5] INFO  segmented.SegmentedRaftLogWorker (SegmentedRaftLogWorker.java:startLogSegment(394)) - 817716dc-74d9-44e3-96f4-247fb6d3bd86@group-18EA97DC0098-SegmentedRaftLogWorker: Starting segment from index:0
2021-07-17 01:45:01,861 [grpc-default-executor-5] INFO  server.RaftServer$Division (ServerState.java:setRaftConf(373)) - 817716dc-74d9-44e3-96f4-247fb6d3bd86@group-18EA97DC0098: set configuration 1: [817716dc-74d9-44e3-96f4-247fb6d3bd86|rpc:10.1.0.46:37853|dataStream:|priority:0, 30d49bb6-b206-443f-92f8-de1941ac4061|rpc:10.1.0.46:40535|dataStream:|priority:1, b32faf46-69b0-41ce-b187-d9527561eeb9|rpc:10.1.0.46:42083|dataStream:|priority:0], old=null
2021-07-17 01:45:01,861 [grpc-default-executor-5] INFO  segmented.SegmentedRaftLogWorker (SegmentedRaftLogWorker.java:rollLogSegment(399)) - 817716dc-74d9-44e3-96f4-247fb6d3bd86@group-18EA97DC0098-SegmentedRaftLogWorker: Rolling segment log-0_0 to index:0
2021-07-17 01:45:01,861 [grpc-default-executor-5] INFO  server.RaftServer$Division (ServerState.java:setRaftConf(373)) - 817716dc-74d9-44e3-96f4-247fb6d3bd86@group-18EA97DC0098: set configuration 0: [817716dc-74d9-44e3-96f4-247fb6d3bd86|rpc:10.1.0.46:37853|dataStream:|priority:0, 30d49bb6-b206-443f-92f8-de1941ac4061|rpc:10.1.0.46:40535|dataStream:|priority:1, b32faf46-69b0-41ce-b187-d9527561eeb9|rpc:10.1.0.46:42083|dataStream:|priority:0], old=null
2021-07-17 01:45:01,862 [817716dc-74d9-44e3-96f4-247fb6d3bd86@group-18EA97DC0098-SegmentedRaftLogWorker] INFO  segmented.SegmentedRaftLogWorker (SegmentedRaftLogWorker.java:execute(601)) - 817716dc-74d9-44e3-96f4-247fb6d3bd86@group-18EA97DC0098-SegmentedRaftLogWorker: created new log segment /home/runner/work/ozone/ozone/mnt/ozone/hadoop-ozone/integration-test/target/test-dir/MiniOzoneClusterImpl-ab53e13c-b7a0-452c-aef0-b95992dbe1a2/datanode-0/data/ratis/29f43b99-e021-4e88-bda1-18ea97dc0098/current/log_inprogress_0
2021-07-17 01:45:01,867 [grpc-default-executor-5] INFO  server.RaftServer$Division (ServerState.java:setRaftConf(373)) - 817716dc-74d9-44e3-96f4-247fb6d3bd86@group-18EA97DC0098: set configuration 1: [817716dc-74d9-44e3-96f4-247fb6d3bd86|rpc:10.1.0.46:37853|dataStream:|priority:0, 30d49bb6-b206-443f-92f8-de1941ac4061|rpc:10.1.0.46:40535|dataStream:|priority:1, b32faf46-69b0-41ce-b187-d9527561eeb9|rpc:10.1.0.46:42083|dataStream:|priority:0], old=null
2021-07-17 01:45:01,868 [817716dc-74d9-44e3-96f4-247fb6d3bd86@group-18EA97DC0098-SegmentedRaftLogWorker] INFO  segmented.SegmentedRaftLogWorker (SegmentedRaftLogWorker.java:execute(558)) - 817716dc-74d9-44e3-96f4-247fb6d3bd86@group-18EA97DC0098-SegmentedRaftLogWorker: Rolled log segment from /home/runner/work/ozone/ozone/mnt/ozone/hadoop-ozone/integration-test/target/test-dir/MiniOzoneClusterImpl-ab53e13c-b7a0-452c-aef0-b95992dbe1a2/datanode-0/data/ratis/29f43b99-e021-4e88-bda1-18ea97dc0098/current/log_inprogress_0 to /home/runner/work/ozone/ozone/mnt/ozone/hadoop-ozone/integration-test/target/test-dir/MiniOzoneClusterImpl-ab53e13c-b7a0-452c-aef0-b95992dbe1a2/datanode-0/data/ratis/29f43b99-e021-4e88-bda1-18ea97dc0098/current/log_0-0
2021-07-17 01:45:01,869 [817716dc-74d9-44e3-96f4-247fb6d3bd86@group-18EA97DC0098-SegmentedRaftLogWorker] INFO  segmented.SegmentedRaftLogWorker (SegmentedRaftLogWorker.java:execute(601)) - 817716dc-74d9-44e3-96f4-247fb6d3bd86@group-18EA97DC0098-SegmentedRaftLogWorker: created new log segment /home/runner/work/ozone/ozone/mnt/ozone/hadoop-ozone/integration-test/target/test-dir/MiniOzoneClusterImpl-ab53e13c-b7a0-452c-aef0-b95992dbe1a2/datanode-0/data/ratis/29f43b99-e021-4e88-bda1-18ea97dc0098/current/log_inprogress_1
2021-07-17 01:45:02,845 [Listener at 127.0.0.1/42341] INFO  ozoneimpl.OzoneContainer (OzoneContainer.java:stop(326)) - Attempting to stop container services.
2021-07-17 01:45:02,845 [ForkJoinPool.commonPool-worker-0] INFO  ozoneimpl.OzoneContainer (OzoneContainer.java:stop(326)) - Attempting to stop container services.
2021-07-17 01:45:02,845 [ForkJoinPool.commonPool-worker-0] INFO  server.RaftServer (RaftServerProxy.java:lambda$close$6(391)) - 30d49bb6-b206-443f-92f8-de1941ac4061: close
2021-07-17 01:45:02,845 [Listener at 127.0.0.1/42341] INFO  server.RaftServer (RaftServerProxy.java:lambda$close$6(391)) - 90710055-331b-448d-a626-ec94cfb52e3b: close
2021-07-17 01:45:02,846 [ForkJoinPool.commonPool-worker-0] INFO  server.RaftServer$Division (RaftServerImpl.java:lambda$close$4(406)) - 30d49bb6-b206-443f-92f8-de1941ac4061@group-5883ECDA4F1A: shutdown
2021-07-17 01:45:02,846 [ForkJoinPool.commonPool-worker-0] INFO  util.JmxRegister (JmxRegister.java:unregister(73)) - Successfully un-registered JMX Bean with object name Ratis:service=RaftServer,group=group-5883ECDA4F1A,id=30d49bb6-b206-443f-92f8-de1941ac4061
2021-07-17 01:45:02,846 [ForkJoinPool.commonPool-worker-0] INFO  impl.RoleInfo (RoleInfo.java:shutdownLeaderState(91)) - 30d49bb6-b206-443f-92f8-de1941ac4061: shutdown 30d49bb6-b206-443f-92f8-de1941ac4061@group-5883ECDA4F1A-LeaderStateImpl
2021-07-17 01:45:02,846 [Listener at 127.0.0.1/42341] INFO  server.RaftServer$Division (RaftServerImpl.java:lambda$close$4(406)) - 90710055-331b-448d-a626-ec94cfb52e3b@group-70810AB09C8B: shutdown
2021-07-17 01:45:02,846 [Listener at 127.0.0.1/42341] INFO  util.JmxRegister (JmxRegister.java:unregister(73)) - Successfully un-registered JMX Bean with object name Ratis:service=RaftServer,group=group-70810AB09C8B,id=90710055-331b-448d-a626-ec94cfb52e3b
2021-07-17 01:45:02,846 [Listener at 127.0.0.1/42341] INFO  impl.RoleInfo (RoleInfo.java:shutdownFollowerState(108)) - 90710055-331b-448d-a626-ec94cfb52e3b: shutdown 90710055-331b-448d-a626-ec94cfb52e3b@group-70810AB09C8B-FollowerState
2021-07-17 01:45:02,846 [Listener at 127.0.0.1/42341] INFO  impl.StateMachineUpdater (StateMachineUpdater.java:stopAndJoin(149)) - 90710055-331b-448d-a626-ec94cfb52e3b@group-70810AB09C8B-StateMachineUpdater: set stopIndex = 0
2021-07-17 01:45:02,847 [90710055-331b-448d-a626-ec94cfb52e3b@group-70810AB09C8B-FollowerState] INFO  impl.FollowerState (FollowerState.java:run(143)) - 90710055-331b-448d-a626-ec94cfb52e3b@group-70810AB09C8B-FollowerState was interrupted: {}
java.lang.InterruptedException: sleep interrupted
	at java.lang.Thread.sleep(Native Method)
	at java.lang.Thread.sleep(Thread.java:340)
	at java.util.concurrent.TimeUnit.sleep(TimeUnit.java:386)
	at org.apache.ratis.util.TimeDuration.sleep(TimeDuration.java:324)
	at org.apache.ratis.util.TimeDuration.sleep(TimeDuration.java:309)
	at org.apache.ratis.server.impl.FollowerState.run(FollowerState.java:118)
2021-07-17 01:45:02,847 [90710055-331b-448d-a626-ec94cfb52e3b@group-70810AB09C8B-StateMachineUpdater] INFO  ratis.ContainerStateMachine (ContainerStateMachine.java:takeSnapshot(291)) - group-70810AB09C8B: Taking a snapshot at:(t:2, i:0) file /home/runner/work/ozone/ozone/mnt/ozone/hadoop-ozone/integration-test/target/test-dir/MiniOzoneClusterImpl-ab53e13c-b7a0-452c-aef0-b95992dbe1a2/datanode-4/data/ratis/722d4e1a-d5fd-4c8a-902a-70810ab09c8b/sm/snapshot.2_0
2021-07-17 01:45:02,846 [ForkJoinPool.commonPool-worker-0] INFO  impl.PendingRequests (PendingRequests.java:sendNotLeaderResponses(249)) - 30d49bb6-b206-443f-92f8-de1941ac4061@group-5883ECDA4F1A-PendingRequests: sendNotLeaderResponses
2021-07-17 01:45:02,847 [ForkJoinPool.commonPool-worker-0] INFO  metrics.RatisMetrics (RatisMetrics.java:unregister(43)) - Unregistering Metrics Registry : ratis.log_appender.30d49bb6-b206-443f-92f8-de1941ac4061@group-5883ECDA4F1A
2021-07-17 01:45:02,847 [ForkJoinPool.commonPool-worker-0] INFO  metrics.RatisMetrics (RatisMetrics.java:unregister(43)) - Unregistering Metrics Registry : ratis.server.30d49bb6-b206-443f-92f8-de1941ac4061@group-5883ECDA4F1A
2021-07-17 01:45:02,848 [ForkJoinPool.commonPool-worker-0] INFO  impl.StateMachineUpdater (StateMachineUpdater.java:stopAndJoin(149)) - 30d49bb6-b206-443f-92f8-de1941ac4061@group-5883ECDA4F1A-StateMachineUpdater: set stopIndex = 0
2021-07-17 01:45:02,848 [90710055-331b-448d-a626-ec94cfb52e3b@group-70810AB09C8B-StateMachineUpdater] INFO  ratis.ContainerStateMachine (ContainerStateMachine.java:takeSnapshot(302)) - group-70810AB09C8B: Finished taking a snapshot at:(t:2, i:0) file:/home/runner/work/ozone/ozone/mnt/ozone/hadoop-ozone/integration-test/target/test-dir/MiniOzoneClusterImpl-ab53e13c-b7a0-452c-aef0-b95992dbe1a2/datanode-4/data/ratis/722d4e1a-d5fd-4c8a-902a-70810ab09c8b/sm/snapshot.2_0 took: 1 ms
2021-07-17 01:45:02,848 [30d49bb6-b206-443f-92f8-de1941ac4061@group-5883ECDA4F1A-StateMachineUpdater] INFO  ratis.ContainerStateMachine (ContainerStateMachine.java:takeSnapshot(291)) - group-5883ECDA4F1A: Taking a snapshot at:(t:1, i:0) file /home/runner/work/ozone/ozone/mnt/ozone/hadoop-ozone/integration-test/target/test-dir/MiniOzoneClusterImpl-ab53e13c-b7a0-452c-aef0-b95992dbe1a2/datanode-2/data/ratis/308d6815-5698-44e4-a3f7-5883ecda4f1a/sm/snapshot.1_0
2021-07-17 01:45:02,848 [90710055-331b-448d-a626-ec94cfb52e3b@group-70810AB09C8B-StateMachineUpdater] INFO  impl.StateMachineUpdater (StateMachineUpdater.java:takeSnapshot(281)) - 90710055-331b-448d-a626-ec94cfb52e3b@group-70810AB09C8B-StateMachineUpdater: Took a snapshot at index 0
2021-07-17 01:45:02,848 [90710055-331b-448d-a626-ec94cfb52e3b@group-70810AB09C8B-StateMachineUpdater] INFO  impl.StateMachineUpdater (StateMachineUpdater.java:lambda$new$0(89)) - 90710055-331b-448d-a626-ec94cfb52e3b@group-70810AB09C8B-StateMachineUpdater: snapshotIndex: updateIncreasingly -1 -> 0
2021-07-17 01:45:02,848 [90710055-331b-448d-a626-ec94cfb52e3b@group-70810AB09C8B-StateMachineUpdater] INFO  metrics.RatisMetrics (RatisMetrics.java:unregister(43)) - Unregistering Metrics Registry : ratis.state_machine.90710055-331b-448d-a626-ec94cfb52e3b@group-70810AB09C8B
2021-07-17 01:45:02,848 [Listener at 127.0.0.1/42341] INFO  server.RaftServer$Division (ServerState.java:close(405)) - 90710055-331b-448d-a626-ec94cfb52e3b@group-70810AB09C8B: closes. applyIndex: 0
2021-07-17 01:45:02,849 [90710055-331b-448d-a626-ec94cfb52e3b@group-70810AB09C8B-SegmentedRaftLogWorker] INFO  segmented.SegmentedRaftLogWorker (SegmentedRaftLogWorker.java:run(327)) - 90710055-331b-448d-a626-ec94cfb52e3b@group-70810AB09C8B-SegmentedRaftLogWorker was interrupted, exiting. There are 0 tasks remaining in the queue.
2021-07-17 01:45:02,849 [30d49bb6-b206-443f-92f8-de1941ac4061@group-5883ECDA4F1A-StateMachineUpdater] INFO  ratis.ContainerStateMachine (ContainerStateMachine.java:takeSnapshot(302)) - group-5883ECDA4F1A: Finished taking a snapshot at:(t:1, i:0) file:/home/runner/work/ozone/ozone/mnt/ozone/hadoop-ozone/integration-test/target/test-dir/MiniOzoneClusterImpl-ab53e13c-b7a0-452c-aef0-b95992dbe1a2/datanode-2/data/ratis/308d6815-5698-44e4-a3f7-5883ecda4f1a/sm/snapshot.1_0 took: 0 ms
2021-07-17 01:45:02,850 [Listener at 127.0.0.1/42341] INFO  segmented.SegmentedRaftLogWorker (SegmentedRaftLogWorker.java:close(237)) - 90710055-331b-448d-a626-ec94cfb52e3b@group-70810AB09C8B-SegmentedRaftLogWorker close()
2021-07-17 01:45:02,850 [30d49bb6-b206-443f-92f8-de1941ac4061@group-5883ECDA4F1A-StateMachineUpdater] INFO  impl.StateMachineUpdater (StateMachineUpdater.java:takeSnapshot(281)) - 30d49bb6-b206-443f-92f8-de1941ac4061@group-5883ECDA4F1A-StateMachineUpdater: Took a snapshot at index 0
2021-07-17 01:45:02,851 [30d49bb6-b206-443f-92f8-de1941ac4061@group-5883ECDA4F1A-StateMachineUpdater] INFO  impl.StateMachineUpdater (StateMachineUpdater.java:lambda$new$0(89)) - 30d49bb6-b206-443f-92f8-de1941ac4061@group-5883ECDA4F1A-StateMachineUpdater: snapshotIndex: updateIncreasingly -1 -> 0
2021-07-17 01:45:02,851 [Listener at 127.0.0.1/42341] INFO  metrics.RatisMetrics (RatisMetrics.java:unregister(43)) - Unregistering Metrics Registry : ratis.log_worker.90710055-331b-448d-a626-ec94cfb52e3b@group-70810AB09C8B
2021-07-17 01:45:02,852 [30d49bb6-b206-443f-92f8-de1941ac4061@group-5883ECDA4F1A-StateMachineUpdater] INFO  metrics.RatisMetrics (RatisMetrics.java:unregister(43)) - Unregistering Metrics Registry : ratis.state_machine.30d49bb6-b206-443f-92f8-de1941ac4061@group-5883ECDA4F1A
2021-07-17 01:45:02,852 [Listener at 127.0.0.1/42341] INFO  metrics.RatisMetrics (RatisMetrics.java:unregister(43)) - Unregistering Metrics Registry : ratis.leader_election.90710055-331b-448d-a626-ec94cfb52e3b@group-70810AB09C8B
2021-07-17 01:45:02,852 [Listener at 127.0.0.1/42341] INFO  metrics.RatisMetrics (RatisMetrics.java:unregister(43)) - Unregistering Metrics Registry : ratis.server.90710055-331b-448d-a626-ec94cfb52e3b@group-70810AB09C8B
2021-07-17 01:45:02,852 [ForkJoinPool.commonPool-worker-0] INFO  server.RaftServer$Division (ServerState.java:close(405)) - 30d49bb6-b206-443f-92f8-de1941ac4061@group-5883ECDA4F1A: closes. applyIndex: 0
2021-07-17 01:45:02,852 [Listener at 127.0.0.1/42341] INFO  server.RaftServer$Division (RaftServerImpl.java:lambda$close$4(406)) - 90710055-331b-448d-a626-ec94cfb52e3b@group-3F4B6FFFB2C9: shutdown
2021-07-17 01:45:02,852 [30d49bb6-b206-443f-92f8-de1941ac4061@group-5883ECDA4F1A-SegmentedRaftLogWorker] INFO  segmented.SegmentedRaftLogWorker (SegmentedRaftLogWorker.java:run(327)) - 30d49bb6-b206-443f-92f8-de1941ac4061@group-5883ECDA4F1A-SegmentedRaftLogWorker was interrupted, exiting. There are 0 tasks remaining in the queue.
2021-07-17 01:45:02,852 [Listener at 127.0.0.1/42341] INFO  util.JmxRegister (JmxRegister.java:unregister(73)) - Successfully un-registered JMX Bean with object name Ratis:service=RaftServer,group=group-3F4B6FFFB2C9,id=90710055-331b-448d-a626-ec94cfb52e3b
2021-07-17 01:45:02,852 [Listener at 127.0.0.1/42341] INFO  impl.RoleInfo (RoleInfo.java:shutdownLeaderState(91)) - 90710055-331b-448d-a626-ec94cfb52e3b: shutdown 90710055-331b-448d-a626-ec94cfb52e3b@group-3F4B6FFFB2C9-LeaderStateImpl
2021-07-17 01:45:02,852 [Listener at 127.0.0.1/42341] INFO  impl.PendingRequests (PendingRequests.java:sendNotLeaderResponses(249)) - 90710055-331b-448d-a626-ec94cfb52e3b@group-3F4B6FFFB2C9-PendingRequests: sendNotLeaderResponses
2021-07-17 01:45:02,853 [Listener at 127.0.0.1/42341] INFO  metrics.RatisMetrics (RatisMetrics.java:unregister(43)) - Unregistering Metrics Registry : ratis.log_appender.90710055-331b-448d-a626-ec94cfb52e3b@group-3F4B6FFFB2C9
2021-07-17 01:45:02,853 [Listener at 127.0.0.1/42341] INFO  metrics.RatisMetrics (RatisMetrics.java:unregister(43)) - Unregistering Metrics Registry : ratis.server.90710055-331b-448d-a626-ec94cfb52e3b@group-3F4B6FFFB2C9
2021-07-17 01:45:02,853 [Listener at 127.0.0.1/42341] INFO  impl.StateMachineUpdater (StateMachineUpdater.java:stopAndJoin(149)) - 90710055-331b-448d-a626-ec94cfb52e3b@group-3F4B6FFFB2C9-StateMachineUpdater: set stopIndex = 0
2021-07-17 01:45:02,854 [90710055-331b-448d-a626-ec94cfb52e3b@group-3F4B6FFFB2C9-StateMachineUpdater] INFO  ratis.ContainerStateMachine (ContainerStateMachine.java:takeSnapshot(291)) - group-3F4B6FFFB2C9: Taking a snapshot at:(t:1, i:0) file /home/runner/work/ozone/ozone/mnt/ozone/hadoop-ozone/integration-test/target/test-dir/MiniOzoneClusterImpl-ab53e13c-b7a0-452c-aef0-b95992dbe1a2/datanode-4/data/ratis/7ac12946-c7d0-4d9a-ac15-3f4b6fffb2c9/sm/snapshot.1_0
2021-07-17 01:45:02,854 [90710055-331b-448d-a626-ec94cfb52e3b@group-3F4B6FFFB2C9-StateMachineUpdater] INFO  ratis.ContainerStateMachine (ContainerStateMachine.java:takeSnapshot(302)) - group-3F4B6FFFB2C9: Finished taking a snapshot at:(t:1, i:0) file:/home/runner/work/ozone/ozone/mnt/ozone/hadoop-ozone/integration-test/target/test-dir/MiniOzoneClusterImpl-ab53e13c-b7a0-452c-aef0-b95992dbe1a2/datanode-4/data/ratis/7ac12946-c7d0-4d9a-ac15-3f4b6fffb2c9/sm/snapshot.1_0 took: 0 ms
2021-07-17 01:45:02,854 [ForkJoinPool.commonPool-worker-0] INFO  segmented.SegmentedRaftLogWorker (SegmentedRaftLogWorker.java:close(237)) - 30d49bb6-b206-443f-92f8-de1941ac4061@group-5883ECDA4F1A-SegmentedRaftLogWorker close()
2021-07-17 01:45:02,854 [90710055-331b-448d-a626-ec94cfb52e3b@group-3F4B6FFFB2C9-StateMachineUpdater] INFO  impl.StateMachineUpdater (StateMachineUpdater.java:takeSnapshot(281)) - 90710055-331b-448d-a626-ec94cfb52e3b@group-3F4B6FFFB2C9-StateMachineUpdater: Took a snapshot at index 0
2021-07-17 01:45:02,855 [90710055-331b-448d-a626-ec94cfb52e3b@group-3F4B6FFFB2C9-StateMachineUpdater] INFO  impl.StateMachineUpdater (StateMachineUpdater.java:lambda$new$0(89)) - 90710055-331b-448d-a626-ec94cfb52e3b@group-3F4B6FFFB2C9-StateMachineUpdater: snapshotIndex: updateIncreasingly -1 -> 0
2021-07-17 01:45:02,855 [90710055-331b-448d-a626-ec94cfb52e3b@group-3F4B6FFFB2C9-StateMachineUpdater] INFO  metrics.RatisMetrics (RatisMetrics.java:unregister(43)) - Unregistering Metrics Registry : ratis.state_machine.90710055-331b-448d-a626-ec94cfb52e3b@group-3F4B6FFFB2C9
2021-07-17 01:45:02,855 [Listener at 127.0.0.1/42341] INFO  server.RaftServer$Division (ServerState.java:close(405)) - 90710055-331b-448d-a626-ec94cfb52e3b@group-3F4B6FFFB2C9: closes. applyIndex: 0
2021-07-17 01:45:02,856 [ForkJoinPool.commonPool-worker-0] INFO  metrics.RatisMetrics (RatisMetrics.java:unregister(43)) - Unregistering Metrics Registry : ratis.log_worker.30d49bb6-b206-443f-92f8-de1941ac4061@group-5883ECDA4F1A
2021-07-17 01:45:02,856 [ForkJoinPool.commonPool-worker-0] INFO  metrics.RatisMetrics (RatisMetrics.java:unregister(43)) - Unregistering Metrics Registry : ratis.leader_election.30d49bb6-b206-443f-92f8-de1941ac4061@group-5883ECDA4F1A
2021-07-17 01:45:02,856 [ForkJoinPool.commonPool-worker-0] INFO  metrics.RatisMetrics (RatisMetrics.java:unregister(43)) - Unregistering Metrics Registry : ratis.server.30d49bb6-b206-443f-92f8-de1941ac4061@group-5883ECDA4F1A
2021-07-17 01:45:02,856 [ForkJoinPool.commonPool-worker-0] INFO  server.RaftServer$Division (RaftServerImpl.java:lambda$close$4(406)) - 30d49bb6-b206-443f-92f8-de1941ac4061@group-18EA97DC0098: shutdown
2021-07-17 01:45:02,856 [ForkJoinPool.commonPool-worker-0] INFO  util.JmxRegister (JmxRegister.java:unregister(73)) - Successfully un-registered JMX Bean with object name Ratis:service=RaftServer,group=group-18EA97DC0098,id=30d49bb6-b206-443f-92f8-de1941ac4061
2021-07-17 01:45:02,856 [ForkJoinPool.commonPool-worker-0] INFO  impl.RoleInfo (RoleInfo.java:shutdownLeaderState(91)) - 30d49bb6-b206-443f-92f8-de1941ac4061: shutdown 30d49bb6-b206-443f-92f8-de1941ac4061@group-18EA97DC0098-LeaderStateImpl
2021-07-17 01:45:02,856 [ForkJoinPool.commonPool-worker-0] INFO  metrics.RatisMetrics (RatisMetrics.java:unregister(43)) - Unregistering Metrics Registry : ratis_grpc.log_appender.30d49bb6-b206-443f-92f8-de1941ac4061@group-18EA97DC0098
2021-07-17 01:45:02,856 [ForkJoinPool.commonPool-worker-0] INFO  metrics.RatisMetrics (RatisMetrics.java:unregister(43)) - Unregistering Metrics Registry : ratis_grpc.log_appender.30d49bb6-b206-443f-92f8-de1941ac4061@group-18EA97DC0098
2021-07-17 01:45:02,856 [30d49bb6-b206-443f-92f8-de1941ac4061@group-18EA97DC0098->817716dc-74d9-44e3-96f4-247fb6d3bd86-GrpcLogAppender-LogAppenderDaemon] WARN  server.GrpcLogAppender (GrpcLogAppender.java:mayWait(175)) - 30d49bb6-b206-443f-92f8-de1941ac4061@group-18EA97DC0098->817716dc-74d9-44e3-96f4-247fb6d3bd86-GrpcLogAppender: Wait interrupted by java.lang.InterruptedException
2021-07-17 01:45:02,856 [ForkJoinPool.commonPool-worker-0] INFO  impl.PendingRequests (PendingRequests.java:sendNotLeaderResponses(249)) - 30d49bb6-b206-443f-92f8-de1941ac4061@group-18EA97DC0098-PendingRequests: sendNotLeaderResponses
2021-07-17 01:45:02,857 [90710055-331b-448d-a626-ec94cfb52e3b@group-3F4B6FFFB2C9-SegmentedRaftLogWorker] INFO  segmented.SegmentedRaftLogWorker (SegmentedRaftLogWorker.java:run(327)) - 90710055-331b-448d-a626-ec94cfb52e3b@group-3F4B6FFFB2C9-SegmentedRaftLogWorker was interrupted, exiting. There are 0 tasks remaining in the queue.
2021-07-17 01:45:02,857 [grpc-default-executor-5] INFO  server.GrpcServerProtocolService (GrpcServerProtocolService.java:onCompleted(140)) - 817716dc-74d9-44e3-96f4-247fb6d3bd86: Completed APPEND_ENTRIES, lastRequest: 30d49bb6-b206-443f-92f8-de1941ac4061->817716dc-74d9-44e3-96f4-247fb6d3bd86#7-t6,previous=(t:6, i:1),leaderCommit=1,initializing? true,entries: size=1, first=(t:6, i:2), METADATAENTRY(c:1)
2021-07-17 01:45:02,857 [30d49bb6-b206-443f-92f8-de1941ac4061@group-18EA97DC0098->b32faf46-69b0-41ce-b187-d9527561eeb9-GrpcLogAppender-LogAppenderDaemon] WARN  server.GrpcLogAppender (GrpcLogAppender.java:mayWait(175)) - 30d49bb6-b206-443f-92f8-de1941ac4061@group-18EA97DC0098->b32faf46-69b0-41ce-b187-d9527561eeb9-GrpcLogAppender: Wait interrupted by java.lang.InterruptedException
2021-07-17 01:45:02,858 [grpc-default-executor-4] INFO  server.GrpcServerProtocolService (GrpcServerProtocolService.java:onCompleted(140)) - b32faf46-69b0-41ce-b187-d9527561eeb9: Completed APPEND_ENTRIES, lastRequest: 30d49bb6-b206-443f-92f8-de1941ac4061->b32faf46-69b0-41ce-b187-d9527561eeb9#2-t6,previous=(t:6, i:1),leaderCommit=1,initializing? true,entries: size=1, first=(t:6, i:2), METADATAENTRY(c:1)
2021-07-17 01:45:02,858 [grpc-default-executor-3] INFO  server.GrpcLogAppender (GrpcLogAppender.java:onCompleted(344)) - 30d49bb6-b206-443f-92f8-de1941ac4061@group-18EA97DC0098->817716dc-74d9-44e3-96f4-247fb6d3bd86-AppendLogResponseHandler: follower responses appendEntries COMPLETED
2021-07-17 01:45:02,858 [grpc-default-executor-3] INFO  leader.FollowerInfo (FollowerInfoImpl.java:lambda$new$0(46)) - 30d49bb6-b206-443f-92f8-de1941ac4061@group-18EA97DC0098->817716dc-74d9-44e3-96f4-247fb6d3bd86: nextIndex: updateUnconditionally 3 -> 2
2021-07-17 01:45:02,859 [Listener at 127.0.0.1/42341] INFO  segmented.SegmentedRaftLogWorker (SegmentedRaftLogWorker.java:close(237)) - 90710055-331b-448d-a626-ec94cfb52e3b@group-3F4B6FFFB2C9-SegmentedRaftLogWorker close()
2021-07-17 01:45:02,862 [grpc-default-executor-4] INFO  server.GrpcLogAppender (GrpcLogAppender.java:onCompleted(344)) - 30d49bb6-b206-443f-92f8-de1941ac4061@group-18EA97DC0098->b32faf46-69b0-41ce-b187-d9527561eeb9-AppendLogResponseHandler: follower responses appendEntries COMPLETED
2021-07-17 01:45:02,862 [grpc-default-executor-4] INFO  leader.FollowerInfo (FollowerInfoImpl.java:lambda$new$0(46)) - 30d49bb6-b206-443f-92f8-de1941ac4061@group-18EA97DC0098->b32faf46-69b0-41ce-b187-d9527561eeb9: nextIndex: updateUnconditionally 3 -> 2
2021-07-17 01:45:02,866 [Listener at 127.0.0.1/42341] INFO  metrics.RatisMetrics (RatisMetrics.java:unregister(43)) - Unregistering Metrics Registry : ratis.log_worker.90710055-331b-448d-a626-ec94cfb52e3b@group-3F4B6FFFB2C9
2021-07-17 01:45:02,867 [Listener at 127.0.0.1/42341] INFO  metrics.RatisMetrics (RatisMetrics.java:unregister(43)) - Unregistering Metrics Registry : ratis.leader_election.90710055-331b-448d-a626-ec94cfb52e3b@group-3F4B6FFFB2C9
2021-07-17 01:45:02,867 [Listener at 127.0.0.1/42341] INFO  metrics.RatisMetrics (RatisMetrics.java:unregister(43)) - Unregistering Metrics Registry : ratis.server.90710055-331b-448d-a626-ec94cfb52e3b@group-3F4B6FFFB2C9
2021-07-17 01:45:02,867 [ForkJoinPool.commonPool-worker-0] INFO  metrics.RatisMetrics (RatisMetrics.java:unregister(43)) - Unregistering Metrics Registry : ratis.log_appender.30d49bb6-b206-443f-92f8-de1941ac4061@group-18EA97DC0098
2021-07-17 01:45:02,867 [ForkJoinPool.commonPool-worker-0] INFO  metrics.RatisMetrics (RatisMetrics.java:unregister(43)) - Unregistering Metrics Registry : ratis.server.30d49bb6-b206-443f-92f8-de1941ac4061@group-18EA97DC0098
2021-07-17 01:45:02,868 [ForkJoinPool.commonPool-worker-0] INFO  impl.StateMachineUpdater (StateMachineUpdater.java:stopAndJoin(149)) - 30d49bb6-b206-443f-92f8-de1941ac4061@group-18EA97DC0098-StateMachineUpdater: set stopIndex = 2
2021-07-17 01:45:02,868 [Listener at 127.0.0.1/42341] INFO  server.GrpcService (GrpcService.java:closeImpl(262)) - 90710055-331b-448d-a626-ec94cfb52e3b: shutdown server with port 37627 now
2021-07-17 01:45:02,868 [30d49bb6-b206-443f-92f8-de1941ac4061@group-18EA97DC0098-StateMachineUpdater] INFO  ratis.ContainerStateMachine (ContainerStateMachine.java:takeSnapshot(291)) - group-18EA97DC0098: Taking a snapshot at:(t:6, i:2) file /home/runner/work/ozone/ozone/mnt/ozone/hadoop-ozone/integration-test/target/test-dir/MiniOzoneClusterImpl-ab53e13c-b7a0-452c-aef0-b95992dbe1a2/datanode-2/data/ratis/29f43b99-e021-4e88-bda1-18ea97dc0098/sm/snapshot.6_2
2021-07-17 01:45:02,869 [30d49bb6-b206-443f-92f8-de1941ac4061@group-18EA97DC0098-StateMachineUpdater] INFO  ratis.ContainerStateMachine (ContainerStateMachine.java:takeSnapshot(302)) - group-18EA97DC0098: Finished taking a snapshot at:(t:6, i:2) file:/home/runner/work/ozone/ozone/mnt/ozone/hadoop-ozone/integration-test/target/test-dir/MiniOzoneClusterImpl-ab53e13c-b7a0-452c-aef0-b95992dbe1a2/datanode-2/data/ratis/29f43b99-e021-4e88-bda1-18ea97dc0098/sm/snapshot.6_2 took: 1 ms
2021-07-17 01:45:02,869 [30d49bb6-b206-443f-92f8-de1941ac4061@group-18EA97DC0098-StateMachineUpdater] INFO  impl.StateMachineUpdater (StateMachineUpdater.java:takeSnapshot(281)) - 30d49bb6-b206-443f-92f8-de1941ac4061@group-18EA97DC0098-StateMachineUpdater: Took a snapshot at index 2
2021-07-17 01:45:02,869 [30d49bb6-b206-443f-92f8-de1941ac4061@group-18EA97DC0098-StateMachineUpdater] INFO  impl.StateMachineUpdater (StateMachineUpdater.java:lambda$new$0(89)) - 30d49bb6-b206-443f-92f8-de1941ac4061@group-18EA97DC0098-StateMachineUpdater: snapshotIndex: updateIncreasingly -1 -> 2
2021-07-17 01:45:02,869 [30d49bb6-b206-443f-92f8-de1941ac4061@group-18EA97DC0098-StateMachineUpdater] INFO  metrics.RatisMetrics (RatisMetrics.java:unregister(43)) - Unregistering Metrics Registry : ratis.state_machine.30d49bb6-b206-443f-92f8-de1941ac4061@group-18EA97DC0098
2021-07-17 01:45:02,869 [ForkJoinPool.commonPool-worker-0] INFO  server.RaftServer$Division (ServerState.java:close(405)) - 30d49bb6-b206-443f-92f8-de1941ac4061@group-18EA97DC0098: closes. applyIndex: 2
2021-07-17 01:45:02,870 [30d49bb6-b206-443f-92f8-de1941ac4061@group-18EA97DC0098-SegmentedRaftLogWorker] INFO  segmented.SegmentedRaftLogWorker (SegmentedRaftLogWorker.java:run(327)) - 30d49bb6-b206-443f-92f8-de1941ac4061@group-18EA97DC0098-SegmentedRaftLogWorker was interrupted, exiting. There are 0 tasks remaining in the queue.
2021-07-17 01:45:02,870 [ForkJoinPool.commonPool-worker-0] INFO  segmented.SegmentedRaftLogWorker (SegmentedRaftLogWorker.java:close(237)) - 30d49bb6-b206-443f-92f8-de1941ac4061@group-18EA97DC0098-SegmentedRaftLogWorker close()
2021-07-17 01:45:02,871 [grpc-default-executor-5] WARN  server.GrpcServerProtocolService (LogUtils.java:warn(122)) - 90710055-331b-448d-a626-ec94cfb52e3b: installSnapshot onError, lastRequest: 10a21550-a5a0-488e-a6a8-a727859c68fc->90710055-331b-448d-a626-ec94cfb52e3b#1-t2,previous=(t:0, i:0),leaderCommit=0,initializing? true,entries: size=1, first=(t:2, i:0), CONFIGURATIONENTRY: org.apache.ratis.thirdparty.io.grpc.StatusRuntimeException: CANCELLED: client cancelled
2021-07-17 01:45:02,871 [Listener at 127.0.0.1/42341] INFO  server.GrpcService (GrpcService.java:closeImpl(271)) - 90710055-331b-448d-a626-ec94cfb52e3b: shutdown server with port 37627 successfully
2021-07-17 01:45:02,871 [grpc-default-executor-5] WARN  server.GrpcLogAppender (LogUtils.java:warn(122)) - 10a21550-a5a0-488e-a6a8-a727859c68fc@group-70810AB09C8B->90710055-331b-448d-a626-ec94cfb52e3b-AppendLogResponseHandler: Failed appendEntries: org.apache.ratis.thirdparty.io.grpc.StatusRuntimeException: CANCELLED: HTTP/2 error code: CANCEL
Received Rst Stream
2021-07-17 01:45:02,871 [grpc-default-executor-5] WARN  server.GrpcLogAppender (GrpcLogAppender.java:resetClient(111)) - 10a21550-a5a0-488e-a6a8-a727859c68fc@group-70810AB09C8B->90710055-331b-448d-a626-ec94cfb52e3b-GrpcLogAppender: Leader has not got in touch with Follower 10a21550-a5a0-488e-a6a8-a727859c68fc@group-70810AB09C8B->90710055-331b-448d-a626-ec94cfb52e3b(c0,m0,n1, attendVote=true, lastRpcSendTime=684, lastRpcResponseTime=683) yet, just keep nextIndex unchanged and retry.
2021-07-17 01:45:02,872 [org.apache.ratis.util.JvmPauseMonitor$$Lambda$525/732148902@255963d4] INFO  util.JvmPauseMonitor (JvmPauseMonitor.java:run(109)) - JvmPauseMonitor-90710055-331b-448d-a626-ec94cfb52e3b: Stopped
2021-07-17 01:45:02,875 [Listener at 127.0.0.1/42341] INFO  utils.BackgroundService (BackgroundService.java:shutdown(132)) - Shutting down service BlockDeletingService
2021-07-17 01:45:02,876 [ForkJoinPool.commonPool-worker-0] INFO  metrics.RatisMetrics (RatisMetrics.java:unregister(43)) - Unregistering Metrics Registry : ratis.log_worker.30d49bb6-b206-443f-92f8-de1941ac4061@group-18EA97DC0098
2021-07-17 01:45:02,877 [ForkJoinPool.commonPool-worker-0] INFO  metrics.RatisMetrics (RatisMetrics.java:unregister(43)) - Unregistering Metrics Registry : ratis.leader_election.30d49bb6-b206-443f-92f8-de1941ac4061@group-18EA97DC0098
2021-07-17 01:45:02,877 [ForkJoinPool.commonPool-worker-0] INFO  metrics.RatisMetrics (RatisMetrics.java:unregister(43)) - Unregistering Metrics Registry : ratis.server.30d49bb6-b206-443f-92f8-de1941ac4061@group-18EA97DC0098
2021-07-17 01:45:02,877 [ForkJoinPool.commonPool-worker-0] INFO  server.GrpcService (GrpcService.java:closeImpl(262)) - 30d49bb6-b206-443f-92f8-de1941ac4061: shutdown server with port 40535 now
2021-07-17 01:45:02,877 [Listener at 127.0.0.1/42341] INFO  statemachine.DatanodeStateMachine (DatanodeStateMachine.java:stopDaemon(514)) - Ozone container server stopped.
2021-07-17 01:45:02,878 [Listener at 127.0.0.1/42341] INFO  handler.ContextHandler (ContextHandler.java:doStop(1154)) - Stopped o.e.j.w.WebAppContext@42553ed4{hddsDatanode,/,null,STOPPED}{jar:file:/home/runner/.m2/repository/org/apache/ozone/hdds-container-service/1.2.0-SNAPSHOT/hdds-container-service-1.2.0-SNAPSHOT.jar!/webapps/hddsDatanode}
2021-07-17 01:45:02,879 [Listener at 127.0.0.1/42341] INFO  server.AbstractConnector (AbstractConnector.java:doStop(381)) - Stopped ServerConnector@5c8b824c{HTTP/1.1, (http/1.1)}{0.0.0.0:0}
2021-07-17 01:45:02,879 [Listener at 127.0.0.1/42341] INFO  server.session (HouseKeeper.java:stopScavenging(149)) - node0 Stopped scavenging
2021-07-17 01:45:02,879 [Listener at 127.0.0.1/42341] INFO  handler.ContextHandler (ContextHandler.java:doStop(1154)) - Stopped o.e.j.s.ServletContextHandler@413eb0a6{static,/static,jar:file:/home/runner/.m2/repository/org/apache/ozone/hdds-container-service/1.2.0-SNAPSHOT/hdds-container-service-1.2.0-SNAPSHOT.jar!/webapps/static,STOPPED}
2021-07-17 01:45:02,879 [Listener at 127.0.0.1/42341] INFO  handler.ContextHandler (ContextHandler.java:doStop(1154)) - Stopped o.e.j.s.ServletContextHandler@7f415ae0{logs,/logs,file:///home/runner/work/ozone/ozone/mnt/ozone/hadoop-ozone/integration-test/target/log,STOPPED}
2021-07-17 01:45:02,897 [ForkJoinPool.commonPool-worker-0] INFO  server.GrpcService (GrpcService.java:closeImpl(271)) - 30d49bb6-b206-443f-92f8-de1941ac4061: shutdown server with port 40535 successfully
2021-07-17 01:45:02,898 [org.apache.ratis.util.JvmPauseMonitor$$Lambda$525/732148902@4e76e5d1] INFO  util.JvmPauseMonitor (JvmPauseMonitor.java:run(109)) - JvmPauseMonitor-30d49bb6-b206-443f-92f8-de1941ac4061: Stopped
2021-07-17 01:45:02,900 [ForkJoinPool.commonPool-worker-0] INFO  utils.BackgroundService (BackgroundService.java:shutdown(132)) - Shutting down service BlockDeletingService
2021-07-17 01:45:02,907 [ForkJoinPool.commonPool-worker-0] INFO  statemachine.DatanodeStateMachine (DatanodeStateMachine.java:stopDaemon(514)) - Ozone container server stopped.
2021-07-17 01:45:02,912 [ForkJoinPool.commonPool-worker-0] INFO  handler.ContextHandler (ContextHandler.java:doStop(1154)) - Stopped o.e.j.w.WebAppContext@c6bd5bf{hddsDatanode,/,null,STOPPED}{jar:file:/home/runner/.m2/repository/org/apache/ozone/hdds-container-service/1.2.0-SNAPSHOT/hdds-container-service-1.2.0-SNAPSHOT.jar!/webapps/hddsDatanode}
2021-07-17 01:45:02,913 [ForkJoinPool.commonPool-worker-0] INFO  server.AbstractConnector (AbstractConnector.java:doStop(381)) - Stopped ServerConnector@e9dab3c{HTTP/1.1, (http/1.1)}{0.0.0.0:0}
2021-07-17 01:45:02,913 [ForkJoinPool.commonPool-worker-0] INFO  server.session (HouseKeeper.java:stopScavenging(149)) - node0 Stopped scavenging
2021-07-17 01:45:02,913 [ForkJoinPool.commonPool-worker-0] INFO  handler.ContextHandler (ContextHandler.java:doStop(1154)) - Stopped o.e.j.s.ServletContextHandler@558f4b31{static,/static,jar:file:/home/runner/.m2/repository/org/apache/ozone/hdds-container-service/1.2.0-SNAPSHOT/hdds-container-service-1.2.0-SNAPSHOT.jar!/webapps/static,STOPPED}
2021-07-17 01:45:02,914 [ForkJoinPool.commonPool-worker-0] INFO  handler.ContextHandler (ContextHandler.java:doStop(1154)) - Stopped o.e.j.s.ServletContextHandler@3fd5e7c8{logs,/logs,file:///home/runner/work/ozone/ozone/mnt/ozone/hadoop-ozone/integration-test/target/log,STOPPED}
2021-07-17 01:45:02,928 [Datanode State Machine Thread - 0] INFO  statemachine.DatanodeStateMachine (DatanodeStateMachine.java:lambda$startDaemon$0(456)) - Ozone container server started.
2021-07-17 01:45:03,148 [Datanode State Machine Thread - 0] INFO  statemachine.DatanodeStateMachine (DatanodeStateMachine.java:lambda$startDaemon$0(456)) - Ozone container server started.
2021-07-17 01:45:04,689 [grpc-default-executor-4] WARN  server.GrpcLogAppender (LogUtils.java:warn(122)) - 10a21550-a5a0-488e-a6a8-a727859c68fc@group-70810AB09C8B->90710055-331b-448d-a626-ec94cfb52e3b-AppendLogResponseHandler: Failed appendEntries: org.apache.ratis.thirdparty.io.grpc.StatusRuntimeException: UNAVAILABLE: io exception
2021-07-17 01:45:04,689 [grpc-default-executor-4] WARN  server.GrpcLogAppender (GrpcLogAppender.java:resetClient(111)) - 10a21550-a5a0-488e-a6a8-a727859c68fc@group-70810AB09C8B->90710055-331b-448d-a626-ec94cfb52e3b-GrpcLogAppender: Leader has not got in touch with Follower 10a21550-a5a0-488e-a6a8-a727859c68fc@group-70810AB09C8B->90710055-331b-448d-a626-ec94cfb52e3b(c0,m0,n1, attendVote=true, lastRpcSendTime=0, lastRpcResponseTime=2501) yet, just keep nextIndex unchanged and retry.
2021-07-17 01:45:07,189 [grpc-default-executor-5] WARN  server.GrpcLogAppender (LogUtils.java:warn(122)) - 10a21550-a5a0-488e-a6a8-a727859c68fc@group-70810AB09C8B->90710055-331b-448d-a626-ec94cfb52e3b-AppendLogResponseHandler: Failed appendEntries: org.apache.ratis.thirdparty.io.grpc.StatusRuntimeException: UNAVAILABLE: io exception
2021-07-17 01:45:07,190 [grpc-default-executor-5] WARN  server.GrpcLogAppender (GrpcLogAppender.java:resetClient(111)) - 10a21550-a5a0-488e-a6a8-a727859c68fc@group-70810AB09C8B->90710055-331b-448d-a626-ec94cfb52e3b-GrpcLogAppender: Leader has not got in touch with Follower 10a21550-a5a0-488e-a6a8-a727859c68fc@group-70810AB09C8B->90710055-331b-448d-a626-ec94cfb52e3b(c0,m0,n1, attendVote=true, lastRpcSendTime=2501, lastRpcResponseTime=5001) yet, just keep nextIndex unchanged and retry.
2021-07-17 01:45:07,883 [Listener at 127.0.0.1/42341] INFO  ozoneimpl.OzoneContainer (OzoneContainer.java:stop(326)) - Attempting to stop container services.
2021-07-17 01:45:07,884 [Listener at 127.0.0.1/42341] INFO  server.RaftServer (RaftServerProxy.java:lambda$close$6(391)) - 10a21550-a5a0-488e-a6a8-a727859c68fc: close
2021-07-17 01:45:07,884 [Listener at 127.0.0.1/42341] INFO  server.RaftServer$Division (RaftServerImpl.java:lambda$close$4(406)) - 10a21550-a5a0-488e-a6a8-a727859c68fc@group-70810AB09C8B: shutdown
2021-07-17 01:45:07,884 [Listener at 127.0.0.1/42341] INFO  util.JmxRegister (JmxRegister.java:unregister(73)) - Successfully un-registered JMX Bean with object name Ratis:service=RaftServer,group=group-70810AB09C8B,id=10a21550-a5a0-488e-a6a8-a727859c68fc
2021-07-17 01:45:07,884 [Listener at 127.0.0.1/42341] INFO  impl.RoleInfo (RoleInfo.java:shutdownLeaderState(91)) - 10a21550-a5a0-488e-a6a8-a727859c68fc: shutdown 10a21550-a5a0-488e-a6a8-a727859c68fc@group-70810AB09C8B-LeaderStateImpl
2021-07-17 01:45:07,885 [Listener at 127.0.0.1/42341] INFO  metrics.RatisMetrics (RatisMetrics.java:unregister(43)) - Unregistering Metrics Registry : ratis_grpc.log_appender.10a21550-a5a0-488e-a6a8-a727859c68fc@group-70810AB09C8B
2021-07-17 01:45:07,885 [Listener at 127.0.0.1/42341] INFO  metrics.RatisMetrics (RatisMetrics.java:unregister(43)) - Unregistering Metrics Registry : ratis_grpc.log_appender.10a21550-a5a0-488e-a6a8-a727859c68fc@group-70810AB09C8B
2021-07-17 01:45:07,885 [Listener at 127.0.0.1/42341] INFO  impl.PendingRequests (PendingRequests.java:sendNotLeaderResponses(249)) - 10a21550-a5a0-488e-a6a8-a727859c68fc@group-70810AB09C8B-PendingRequests: sendNotLeaderResponses
2021-07-17 01:45:07,885 [10a21550-a5a0-488e-a6a8-a727859c68fc@group-70810AB09C8B->8befdf63-f118-4996-8ccb-439953d58c5e-GrpcLogAppender-LogAppenderDaemon] WARN  server.GrpcLogAppender (GrpcLogAppender.java:mayWait(175)) - 10a21550-a5a0-488e-a6a8-a727859c68fc@group-70810AB09C8B->8befdf63-f118-4996-8ccb-439953d58c5e-GrpcLogAppender: Wait interrupted by java.lang.InterruptedException
2021-07-17 01:45:07,885 [Listener at 127.0.0.1/42341] INFO  metrics.RatisMetrics (RatisMetrics.java:unregister(43)) - Unregistering Metrics Registry : ratis.log_appender.10a21550-a5a0-488e-a6a8-a727859c68fc@group-70810AB09C8B
2021-07-17 01:45:07,885 [Listener at 127.0.0.1/42341] INFO  metrics.RatisMetrics (RatisMetrics.java:unregister(43)) - Unregistering Metrics Registry : ratis.server.10a21550-a5a0-488e-a6a8-a727859c68fc@group-70810AB09C8B
2021-07-17 01:45:07,886 [grpc-default-executor-4] INFO  server.GrpcServerProtocolService (GrpcServerProtocolService.java:onCompleted(140)) - 8befdf63-f118-4996-8ccb-439953d58c5e: Completed APPEND_ENTRIES, lastRequest: 10a21550-a5a0-488e-a6a8-a727859c68fc->8befdf63-f118-4996-8ccb-439953d58c5e#1-t2,previous=(t:0, i:0),leaderCommit=-1,initializing? true,entries: size=1, first=(t:2, i:0), CONFIGURATIONENTRY
2021-07-17 01:45:07,887 [10a21550-a5a0-488e-a6a8-a727859c68fc@group-70810AB09C8B-StateMachineUpdater] INFO  ratis.ContainerStateMachine (ContainerStateMachine.java:takeSnapshot(291)) - group-70810AB09C8B: Taking a snapshot at:(t:2, i:0) file /home/runner/work/ozone/ozone/mnt/ozone/hadoop-ozone/integration-test/target/test-dir/MiniOzoneClusterImpl-ab53e13c-b7a0-452c-aef0-b95992dbe1a2/datanode-5/data/ratis/722d4e1a-d5fd-4c8a-902a-70810ab09c8b/sm/snapshot.2_0
2021-07-17 01:45:07,887 [Listener at 127.0.0.1/42341] INFO  impl.StateMachineUpdater (StateMachineUpdater.java:stopAndJoin(149)) - 10a21550-a5a0-488e-a6a8-a727859c68fc@group-70810AB09C8B-StateMachineUpdater: set stopIndex = 0
2021-07-17 01:45:07,887 [grpc-default-executor-5] INFO  server.GrpcLogAppender (GrpcLogAppender.java:onCompleted(344)) - 10a21550-a5a0-488e-a6a8-a727859c68fc@group-70810AB09C8B->8befdf63-f118-4996-8ccb-439953d58c5e-AppendLogResponseHandler: follower responses appendEntries COMPLETED
2021-07-17 01:45:07,887 [10a21550-a5a0-488e-a6a8-a727859c68fc@group-70810AB09C8B-StateMachineUpdater] INFO  ratis.ContainerStateMachine (ContainerStateMachine.java:takeSnapshot(302)) - group-70810AB09C8B: Finished taking a snapshot at:(t:2, i:0) file:/home/runner/work/ozone/ozone/mnt/ozone/hadoop-ozone/integration-test/target/test-dir/MiniOzoneClusterImpl-ab53e13c-b7a0-452c-aef0-b95992dbe1a2/datanode-5/data/ratis/722d4e1a-d5fd-4c8a-902a-70810ab09c8b/sm/snapshot.2_0 took: 1 ms
2021-07-17 01:45:07,887 [grpc-default-executor-5] INFO  leader.FollowerInfo (FollowerInfoImpl.java:lambda$new$0(46)) - 10a21550-a5a0-488e-a6a8-a727859c68fc@group-70810AB09C8B->8befdf63-f118-4996-8ccb-439953d58c5e: nextIndex: updateUnconditionally 1 -> 0
2021-07-17 01:45:07,887 [10a21550-a5a0-488e-a6a8-a727859c68fc@group-70810AB09C8B-StateMachineUpdater] INFO  impl.StateMachineUpdater (StateMachineUpdater.java:takeSnapshot(281)) - 10a21550-a5a0-488e-a6a8-a727859c68fc@group-70810AB09C8B-StateMachineUpdater: Took a snapshot at index 0
2021-07-17 01:45:07,887 [10a21550-a5a0-488e-a6a8-a727859c68fc@group-70810AB09C8B-StateMachineUpdater] INFO  impl.StateMachineUpdater (StateMachineUpdater.java:lambda$new$0(89)) - 10a21550-a5a0-488e-a6a8-a727859c68fc@group-70810AB09C8B-StateMachineUpdater: snapshotIndex: updateIncreasingly -1 -> 0
2021-07-17 01:45:07,888 [10a21550-a5a0-488e-a6a8-a727859c68fc@group-70810AB09C8B-StateMachineUpdater] INFO  metrics.RatisMetrics (RatisMetrics.java:unregister(43)) - Unregistering Metrics Registry : ratis.state_machine.10a21550-a5a0-488e-a6a8-a727859c68fc@group-70810AB09C8B
2021-07-17 01:45:07,888 [Listener at 127.0.0.1/42341] INFO  server.RaftServer$Division (ServerState.java:close(405)) - 10a21550-a5a0-488e-a6a8-a727859c68fc@group-70810AB09C8B: closes. applyIndex: 0
2021-07-17 01:45:07,888 [10a21550-a5a0-488e-a6a8-a727859c68fc@group-70810AB09C8B-SegmentedRaftLogWorker] INFO  segmented.SegmentedRaftLogWorker (SegmentedRaftLogWorker.java:run(327)) - 10a21550-a5a0-488e-a6a8-a727859c68fc@group-70810AB09C8B-SegmentedRaftLogWorker was interrupted, exiting. There are 0 tasks remaining in the queue.
2021-07-17 01:45:07,889 [Listener at 127.0.0.1/42341] INFO  segmented.SegmentedRaftLogWorker (SegmentedRaftLogWorker.java:close(237)) - 10a21550-a5a0-488e-a6a8-a727859c68fc@group-70810AB09C8B-SegmentedRaftLogWorker close()
2021-07-17 01:45:07,890 [Listener at 127.0.0.1/42341] INFO  metrics.RatisMetrics (RatisMetrics.java:unregister(43)) - Unregistering Metrics Registry : ratis.log_worker.10a21550-a5a0-488e-a6a8-a727859c68fc@group-70810AB09C8B
2021-07-17 01:45:07,891 [Listener at 127.0.0.1/42341] INFO  metrics.RatisMetrics (RatisMetrics.java:unregister(43)) - Unregistering Metrics Registry : ratis.leader_election.10a21550-a5a0-488e-a6a8-a727859c68fc@group-70810AB09C8B
2021-07-17 01:45:07,891 [Listener at 127.0.0.1/42341] INFO  metrics.RatisMetrics (RatisMetrics.java:unregister(43)) - Unregistering Metrics Registry : ratis.server.10a21550-a5a0-488e-a6a8-a727859c68fc@group-70810AB09C8B
2021-07-17 01:45:07,892 [Listener at 127.0.0.1/42341] INFO  server.RaftServer$Division (RaftServerImpl.java:lambda$close$4(406)) - 10a21550-a5a0-488e-a6a8-a727859c68fc@group-6D74CCA93B1D: shutdown
2021-07-17 01:45:07,892 [Listener at 127.0.0.1/42341] INFO  util.JmxRegister (JmxRegister.java:unregister(73)) - Successfully un-registered JMX Bean with object name Ratis:service=RaftServer,group=group-6D74CCA93B1D,id=10a21550-a5a0-488e-a6a8-a727859c68fc
2021-07-17 01:45:07,892 [Listener at 127.0.0.1/42341] INFO  impl.RoleInfo (RoleInfo.java:shutdownLeaderState(91)) - 10a21550-a5a0-488e-a6a8-a727859c68fc: shutdown 10a21550-a5a0-488e-a6a8-a727859c68fc@group-6D74CCA93B1D-LeaderStateImpl
2021-07-17 01:45:07,892 [Listener at 127.0.0.1/42341] INFO  impl.PendingRequests (PendingRequests.java:sendNotLeaderResponses(249)) - 10a21550-a5a0-488e-a6a8-a727859c68fc@group-6D74CCA93B1D-PendingRequests: sendNotLeaderResponses
2021-07-17 01:45:07,892 [Listener at 127.0.0.1/42341] INFO  metrics.RatisMetrics (RatisMetrics.java:unregister(43)) - Unregistering Metrics Registry : ratis.log_appender.10a21550-a5a0-488e-a6a8-a727859c68fc@group-6D74CCA93B1D
2021-07-17 01:45:07,892 [Listener at 127.0.0.1/42341] INFO  metrics.RatisMetrics (RatisMetrics.java:unregister(43)) - Unregistering Metrics Registry : ratis.server.10a21550-a5a0-488e-a6a8-a727859c68fc@group-6D74CCA93B1D
2021-07-17 01:45:07,893 [Listener at 127.0.0.1/42341] INFO  impl.StateMachineUpdater (StateMachineUpdater.java:stopAndJoin(149)) - 10a21550-a5a0-488e-a6a8-a727859c68fc@group-6D74CCA93B1D-StateMachineUpdater: set stopIndex = 0
2021-07-17 01:45:07,893 [10a21550-a5a0-488e-a6a8-a727859c68fc@group-6D74CCA93B1D-StateMachineUpdater] INFO  ratis.ContainerStateMachine (ContainerStateMachine.java:takeSnapshot(291)) - group-6D74CCA93B1D: Taking a snapshot at:(t:1, i:0) file /home/runner/work/ozone/ozone/mnt/ozone/hadoop-ozone/integration-test/target/test-dir/MiniOzoneClusterImpl-ab53e13c-b7a0-452c-aef0-b95992dbe1a2/datanode-5/data/ratis/942a632f-8ff6-439b-9c03-6d74cca93b1d/sm/snapshot.1_0
2021-07-17 01:45:07,894 [10a21550-a5a0-488e-a6a8-a727859c68fc@group-6D74CCA93B1D-StateMachineUpdater] INFO  ratis.ContainerStateMachine (ContainerStateMachine.java:takeSnapshot(302)) - group-6D74CCA93B1D: Finished taking a snapshot at:(t:1, i:0) file:/home/runner/work/ozone/ozone/mnt/ozone/hadoop-ozone/integration-test/target/test-dir/MiniOzoneClusterImpl-ab53e13c-b7a0-452c-aef0-b95992dbe1a2/datanode-5/data/ratis/942a632f-8ff6-439b-9c03-6d74cca93b1d/sm/snapshot.1_0 took: 1 ms
2021-07-17 01:45:07,894 [10a21550-a5a0-488e-a6a8-a727859c68fc@group-6D74CCA93B1D-StateMachineUpdater] INFO  impl.StateMachineUpdater (StateMachineUpdater.java:takeSnapshot(281)) - 10a21550-a5a0-488e-a6a8-a727859c68fc@group-6D74CCA93B1D-StateMachineUpdater: Took a snapshot at index 0
2021-07-17 01:45:07,894 [10a21550-a5a0-488e-a6a8-a727859c68fc@group-6D74CCA93B1D-StateMachineUpdater] INFO  impl.StateMachineUpdater (StateMachineUpdater.java:lambda$new$0(89)) - 10a21550-a5a0-488e-a6a8-a727859c68fc@group-6D74CCA93B1D-StateMachineUpdater: snapshotIndex: updateIncreasingly -1 -> 0
2021-07-17 01:45:07,894 [10a21550-a5a0-488e-a6a8-a727859c68fc@group-6D74CCA93B1D-StateMachineUpdater] INFO  metrics.RatisMetrics (RatisMetrics.java:unregister(43)) - Unregistering Metrics Registry : ratis.state_machine.10a21550-a5a0-488e-a6a8-a727859c68fc@group-6D74CCA93B1D
2021-07-17 01:45:07,894 [Listener at 127.0.0.1/42341] INFO  server.RaftServer$Division (ServerState.java:close(405)) - 10a21550-a5a0-488e-a6a8-a727859c68fc@group-6D74CCA93B1D: closes. applyIndex: 0
2021-07-17 01:45:07,894 [10a21550-a5a0-488e-a6a8-a727859c68fc@group-6D74CCA93B1D-SegmentedRaftLogWorker] INFO  segmented.SegmentedRaftLogWorker (SegmentedRaftLogWorker.java:run(327)) - 10a21550-a5a0-488e-a6a8-a727859c68fc@group-6D74CCA93B1D-SegmentedRaftLogWorker was interrupted, exiting. There are 0 tasks remaining in the queue.
2021-07-17 01:45:07,895 [Listener at 127.0.0.1/42341] INFO  segmented.SegmentedRaftLogWorker (SegmentedRaftLogWorker.java:close(237)) - 10a21550-a5a0-488e-a6a8-a727859c68fc@group-6D74CCA93B1D-SegmentedRaftLogWorker close()
2021-07-17 01:45:07,896 [Listener at 127.0.0.1/42341] INFO  metrics.RatisMetrics (RatisMetrics.java:unregister(43)) - Unregistering Metrics Registry : ratis.log_worker.10a21550-a5a0-488e-a6a8-a727859c68fc@group-6D74CCA93B1D
2021-07-17 01:45:07,896 [Listener at 127.0.0.1/42341] INFO  metrics.RatisMetrics (RatisMetrics.java:unregister(43)) - Unregistering Metrics Registry : ratis.leader_election.10a21550-a5a0-488e-a6a8-a727859c68fc@group-6D74CCA93B1D
2021-07-17 01:45:07,896 [Listener at 127.0.0.1/42341] INFO  metrics.RatisMetrics (RatisMetrics.java:unregister(43)) - Unregistering Metrics Registry : ratis.server.10a21550-a5a0-488e-a6a8-a727859c68fc@group-6D74CCA93B1D
2021-07-17 01:45:07,896 [Listener at 127.0.0.1/42341] INFO  server.GrpcService (GrpcService.java:closeImpl(262)) - 10a21550-a5a0-488e-a6a8-a727859c68fc: shutdown server with port 43097 now
2021-07-17 01:45:07,903 [Listener at 127.0.0.1/42341] INFO  server.GrpcService (GrpcService.java:closeImpl(271)) - 10a21550-a5a0-488e-a6a8-a727859c68fc: shutdown server with port 43097 successfully
2021-07-17 01:45:07,903 [org.apache.ratis.util.JvmPauseMonitor$$Lambda$525/732148902@2e263354] INFO  util.JvmPauseMonitor (JvmPauseMonitor.java:run(109)) - JvmPauseMonitor-10a21550-a5a0-488e-a6a8-a727859c68fc: Stopped
2021-07-17 01:45:07,904 [Listener at 127.0.0.1/42341] INFO  utils.BackgroundService (BackgroundService.java:shutdown(132)) - Shutting down service BlockDeletingService
2021-07-17 01:45:07,905 [Listener at 127.0.0.1/42341] INFO  statemachine.DatanodeStateMachine (DatanodeStateMachine.java:stopDaemon(514)) - Ozone container server stopped.
2021-07-17 01:45:07,906 [Listener at 127.0.0.1/42341] INFO  handler.ContextHandler (ContextHandler.java:doStop(1154)) - Stopped o.e.j.w.WebAppContext@5779503f{hddsDatanode,/,null,STOPPED}{jar:file:/home/runner/.m2/repository/org/apache/ozone/hdds-container-service/1.2.0-SNAPSHOT/hdds-container-service-1.2.0-SNAPSHOT.jar!/webapps/hddsDatanode}
2021-07-17 01:45:07,906 [Listener at 127.0.0.1/42341] INFO  server.AbstractConnector (AbstractConnector.java:doStop(381)) - Stopped ServerConnector@55db7027{HTTP/1.1, (http/1.1)}{0.0.0.0:0}
2021-07-17 01:45:07,906 [Listener at 127.0.0.1/42341] INFO  server.session (HouseKeeper.java:stopScavenging(149)) - node0 Stopped scavenging
2021-07-17 01:45:07,906 [Listener at 127.0.0.1/42341] INFO  handler.ContextHandler (ContextHandler.java:doStop(1154)) - Stopped o.e.j.s.ServletContextHandler@f409a57{static,/static,jar:file:/home/runner/.m2/repository/org/apache/ozone/hdds-container-service/1.2.0-SNAPSHOT/hdds-container-service-1.2.0-SNAPSHOT.jar!/webapps/static,STOPPED}
2021-07-17 01:45:07,907 [Listener at 127.0.0.1/42341] INFO  handler.ContextHandler (ContextHandler.java:doStop(1154)) - Stopped o.e.j.s.ServletContextHandler@138d1051{logs,/logs,file:///home/runner/work/ozone/ozone/mnt/ozone/hadoop-ozone/integration-test/target/log,STOPPED}
2021-07-17 01:45:07,915 [ForkJoinPool.commonPool-worker-0] INFO  ozoneimpl.OzoneContainer (OzoneContainer.java:stop(326)) - Attempting to stop container services.
2021-07-17 01:45:07,916 [ForkJoinPool.commonPool-worker-0] INFO  server.RaftServer (RaftServerProxy.java:lambda$close$6(391)) - 8befdf63-f118-4996-8ccb-439953d58c5e: close
2021-07-17 01:45:07,916 [ForkJoinPool.commonPool-worker-0] INFO  server.RaftServer$Division (RaftServerImpl.java:lambda$close$4(406)) - 8befdf63-f118-4996-8ccb-439953d58c5e@group-70810AB09C8B: shutdown
2021-07-17 01:45:07,916 [ForkJoinPool.commonPool-worker-0] INFO  util.JmxRegister (JmxRegister.java:unregister(73)) - Successfully un-registered JMX Bean with object name Ratis:service=RaftServer,group=group-70810AB09C8B,id=8befdf63-f118-4996-8ccb-439953d58c5e
2021-07-17 01:45:07,916 [ForkJoinPool.commonPool-worker-0] INFO  impl.RoleInfo (RoleInfo.java:shutdownFollowerState(108)) - 8befdf63-f118-4996-8ccb-439953d58c5e: shutdown 8befdf63-f118-4996-8ccb-439953d58c5e@group-70810AB09C8B-FollowerState
2021-07-17 01:45:07,916 [ForkJoinPool.commonPool-worker-0] INFO  impl.StateMachineUpdater (StateMachineUpdater.java:stopAndJoin(149)) - 8befdf63-f118-4996-8ccb-439953d58c5e@group-70810AB09C8B-StateMachineUpdater: set stopIndex = 0
2021-07-17 01:45:07,916 [8befdf63-f118-4996-8ccb-439953d58c5e@group-70810AB09C8B-FollowerState] INFO  impl.FollowerState (FollowerState.java:run(143)) - 8befdf63-f118-4996-8ccb-439953d58c5e@group-70810AB09C8B-FollowerState was interrupted: {}
java.lang.InterruptedException: sleep interrupted
	at java.lang.Thread.sleep(Native Method)
	at java.lang.Thread.sleep(Thread.java:340)
	at java.util.concurrent.TimeUnit.sleep(TimeUnit.java:386)
	at org.apache.ratis.util.TimeDuration.sleep(TimeDuration.java:324)
	at org.apache.ratis.util.TimeDuration.sleep(TimeDuration.java:309)
	at org.apache.ratis.server.impl.FollowerState.run(FollowerState.java:118)
2021-07-17 01:45:07,916 [8befdf63-f118-4996-8ccb-439953d58c5e@group-70810AB09C8B-StateMachineUpdater] INFO  ratis.ContainerStateMachine (ContainerStateMachine.java:takeSnapshot(291)) - group-70810AB09C8B: Taking a snapshot at:(t:2, i:0) file /home/runner/work/ozone/ozone/mnt/ozone/hadoop-ozone/integration-test/target/test-dir/MiniOzoneClusterImpl-ab53e13c-b7a0-452c-aef0-b95992dbe1a2/datanode-3/data/ratis/722d4e1a-d5fd-4c8a-902a-70810ab09c8b/sm/snapshot.2_0
2021-07-17 01:45:07,917 [8befdf63-f118-4996-8ccb-439953d58c5e@group-70810AB09C8B-StateMachineUpdater] INFO  ratis.ContainerStateMachine (ContainerStateMachine.java:takeSnapshot(302)) - group-70810AB09C8B: Finished taking a snapshot at:(t:2, i:0) file:/home/runner/work/ozone/ozone/mnt/ozone/hadoop-ozone/integration-test/target/test-dir/MiniOzoneClusterImpl-ab53e13c-b7a0-452c-aef0-b95992dbe1a2/datanode-3/data/ratis/722d4e1a-d5fd-4c8a-902a-70810ab09c8b/sm/snapshot.2_0 took: 1 ms
2021-07-17 01:45:07,917 [8befdf63-f118-4996-8ccb-439953d58c5e@group-70810AB09C8B-StateMachineUpdater] INFO  impl.StateMachineUpdater (StateMachineUpdater.java:takeSnapshot(281)) - 8befdf63-f118-4996-8ccb-439953d58c5e@group-70810AB09C8B-StateMachineUpdater: Took a snapshot at index 0
2021-07-17 01:45:07,917 [8befdf63-f118-4996-8ccb-439953d58c5e@group-70810AB09C8B-StateMachineUpdater] INFO  impl.StateMachineUpdater (StateMachineUpdater.java:lambda$new$0(89)) - 8befdf63-f118-4996-8ccb-439953d58c5e@group-70810AB09C8B-StateMachineUpdater: snapshotIndex: updateIncreasingly -1 -> 0
2021-07-17 01:45:07,917 [8befdf63-f118-4996-8ccb-439953d58c5e@group-70810AB09C8B-StateMachineUpdater] INFO  metrics.RatisMetrics (RatisMetrics.java:unregister(43)) - Unregistering Metrics Registry : ratis.state_machine.8befdf63-f118-4996-8ccb-439953d58c5e@group-70810AB09C8B
2021-07-17 01:45:07,917 [ForkJoinPool.commonPool-worker-0] INFO  server.RaftServer$Division (ServerState.java:close(405)) - 8befdf63-f118-4996-8ccb-439953d58c5e@group-70810AB09C8B: closes. applyIndex: 0
2021-07-17 01:45:07,918 [8befdf63-f118-4996-8ccb-439953d58c5e@group-70810AB09C8B-SegmentedRaftLogWorker] INFO  segmented.SegmentedRaftLogWorker (SegmentedRaftLogWorker.java:run(327)) - 8befdf63-f118-4996-8ccb-439953d58c5e@group-70810AB09C8B-SegmentedRaftLogWorker was interrupted, exiting. There are 0 tasks remaining in the queue.
2021-07-17 01:45:07,918 [ForkJoinPool.commonPool-worker-0] INFO  segmented.SegmentedRaftLogWorker (SegmentedRaftLogWorker.java:close(237)) - 8befdf63-f118-4996-8ccb-439953d58c5e@group-70810AB09C8B-SegmentedRaftLogWorker close()
2021-07-17 01:45:07,919 [ForkJoinPool.commonPool-worker-0] INFO  metrics.RatisMetrics (RatisMetrics.java:unregister(43)) - Unregistering Metrics Registry : ratis.log_worker.8befdf63-f118-4996-8ccb-439953d58c5e@group-70810AB09C8B
2021-07-17 01:45:07,919 [ForkJoinPool.commonPool-worker-0] INFO  metrics.RatisMetrics (RatisMetrics.java:unregister(43)) - Unregistering Metrics Registry : ratis.leader_election.8befdf63-f118-4996-8ccb-439953d58c5e@group-70810AB09C8B
2021-07-17 01:45:07,919 [ForkJoinPool.commonPool-worker-0] INFO  metrics.RatisMetrics (RatisMetrics.java:unregister(43)) - Unregistering Metrics Registry : ratis.server.8befdf63-f118-4996-8ccb-439953d58c5e@group-70810AB09C8B
2021-07-17 01:45:07,920 [ForkJoinPool.commonPool-worker-0] INFO  server.RaftServer$Division (RaftServerImpl.java:lambda$close$4(406)) - 8befdf63-f118-4996-8ccb-439953d58c5e@group-5D96DBAC4262: shutdown
2021-07-17 01:45:07,920 [ForkJoinPool.commonPool-worker-0] INFO  util.JmxRegister (JmxRegister.java:unregister(73)) - Successfully un-registered JMX Bean with object name Ratis:service=RaftServer,group=group-5D96DBAC4262,id=8befdf63-f118-4996-8ccb-439953d58c5e
2021-07-17 01:45:07,920 [ForkJoinPool.commonPool-worker-0] INFO  impl.RoleInfo (RoleInfo.java:shutdownLeaderState(91)) - 8befdf63-f118-4996-8ccb-439953d58c5e: shutdown 8befdf63-f118-4996-8ccb-439953d58c5e@group-5D96DBAC4262-LeaderStateImpl
2021-07-17 01:45:07,920 [ForkJoinPool.commonPool-worker-0] INFO  impl.PendingRequests (PendingRequests.java:sendNotLeaderResponses(249)) - 8befdf63-f118-4996-8ccb-439953d58c5e@group-5D96DBAC4262-PendingRequests: sendNotLeaderResponses
2021-07-17 01:45:07,920 [ForkJoinPool.commonPool-worker-0] INFO  metrics.RatisMetrics (RatisMetrics.java:unregister(43)) - Unregistering Metrics Registry : ratis.log_appender.8befdf63-f118-4996-8ccb-439953d58c5e@group-5D96DBAC4262
2021-07-17 01:45:07,920 [ForkJoinPool.commonPool-worker-0] INFO  metrics.RatisMetrics (RatisMetrics.java:unregister(43)) - Unregistering Metrics Registry : ratis.server.8befdf63-f118-4996-8ccb-439953d58c5e@group-5D96DBAC4262
2021-07-17 01:45:07,921 [ForkJoinPool.commonPool-worker-0] INFO  impl.StateMachineUpdater (StateMachineUpdater.java:stopAndJoin(149)) - 8befdf63-f118-4996-8ccb-439953d58c5e@group-5D96DBAC4262-StateMachineUpdater: set stopIndex = 0
2021-07-17 01:45:07,921 [8befdf63-f118-4996-8ccb-439953d58c5e@group-5D96DBAC4262-StateMachineUpdater] INFO  ratis.ContainerStateMachine (ContainerStateMachine.java:takeSnapshot(291)) - group-5D96DBAC4262: Taking a snapshot at:(t:1, i:0) file /home/runner/work/ozone/ozone/mnt/ozone/hadoop-ozone/integration-test/target/test-dir/MiniOzoneClusterImpl-ab53e13c-b7a0-452c-aef0-b95992dbe1a2/datanode-3/data/ratis/eb96b381-bce4-4690-90b6-5d96dbac4262/sm/snapshot.1_0
2021-07-17 01:45:07,921 [8befdf63-f118-4996-8ccb-439953d58c5e@group-5D96DBAC4262-StateMachineUpdater] INFO  ratis.ContainerStateMachine (ContainerStateMachine.java:takeSnapshot(302)) - group-5D96DBAC4262: Finished taking a snapshot at:(t:1, i:0) file:/home/runner/work/ozone/ozone/mnt/ozone/hadoop-ozone/integration-test/target/test-dir/MiniOzoneClusterImpl-ab53e13c-b7a0-452c-aef0-b95992dbe1a2/datanode-3/data/ratis/eb96b381-bce4-4690-90b6-5d96dbac4262/sm/snapshot.1_0 took: 0 ms
2021-07-17 01:45:07,921 [8befdf63-f118-4996-8ccb-439953d58c5e@group-5D96DBAC4262-StateMachineUpdater] INFO  impl.StateMachineUpdater (StateMachineUpdater.java:takeSnapshot(281)) - 8befdf63-f118-4996-8ccb-439953d58c5e@group-5D96DBAC4262-StateMachineUpdater: Took a snapshot at index 0
2021-07-17 01:45:07,921 [8befdf63-f118-4996-8ccb-439953d58c5e@group-5D96DBAC4262-StateMachineUpdater] INFO  impl.StateMachineUpdater (StateMachineUpdater.java:lambda$new$0(89)) - 8befdf63-f118-4996-8ccb-439953d58c5e@group-5D96DBAC4262-StateMachineUpdater: snapshotIndex: updateIncreasingly -1 -> 0
2021-07-17 01:45:07,921 [8befdf63-f118-4996-8ccb-439953d58c5e@group-5D96DBAC4262-StateMachineUpdater] INFO  metrics.RatisMetrics (RatisMetrics.java:unregister(43)) - Unregistering Metrics Registry : ratis.state_machine.8befdf63-f118-4996-8ccb-439953d58c5e@group-5D96DBAC4262
2021-07-17 01:45:07,922 [ForkJoinPool.commonPool-worker-0] INFO  server.RaftServer$Division (ServerState.java:close(405)) - 8befdf63-f118-4996-8ccb-439953d58c5e@group-5D96DBAC4262: closes. applyIndex: 0
2021-07-17 01:45:07,922 [8befdf63-f118-4996-8ccb-439953d58c5e@group-5D96DBAC4262-SegmentedRaftLogWorker] INFO  segmented.SegmentedRaftLogWorker (SegmentedRaftLogWorker.java:run(327)) - 8befdf63-f118-4996-8ccb-439953d58c5e@group-5D96DBAC4262-SegmentedRaftLogWorker was interrupted, exiting. There are 0 tasks remaining in the queue.
2021-07-17 01:45:07,922 [ForkJoinPool.commonPool-worker-0] INFO  segmented.SegmentedRaftLogWorker (SegmentedRaftLogWorker.java:close(237)) - 8befdf63-f118-4996-8ccb-439953d58c5e@group-5D96DBAC4262-SegmentedRaftLogWorker close()
2021-07-17 01:45:07,923 [ForkJoinPool.commonPool-worker-0] INFO  metrics.RatisMetrics (RatisMetrics.java:unregister(43)) - Unregistering Metrics Registry : ratis.log_worker.8befdf63-f118-4996-8ccb-439953d58c5e@group-5D96DBAC4262
2021-07-17 01:45:07,923 [ForkJoinPool.commonPool-worker-0] INFO  metrics.RatisMetrics (RatisMetrics.java:unregister(43)) - Unregistering Metrics Registry : ratis.leader_election.8befdf63-f118-4996-8ccb-439953d58c5e@group-5D96DBAC4262
2021-07-17 01:45:07,923 [ForkJoinPool.commonPool-worker-0] INFO  metrics.RatisMetrics (RatisMetrics.java:unregister(43)) - Unregistering Metrics Registry : ratis.server.8befdf63-f118-4996-8ccb-439953d58c5e@group-5D96DBAC4262
2021-07-17 01:45:07,923 [ForkJoinPool.commonPool-worker-0] INFO  server.GrpcService (GrpcService.java:closeImpl(262)) - 8befdf63-f118-4996-8ccb-439953d58c5e: shutdown server with port 43351 now
2021-07-17 01:45:07,925 [ForkJoinPool.commonPool-worker-0] INFO  server.GrpcService (GrpcService.java:closeImpl(271)) - 8befdf63-f118-4996-8ccb-439953d58c5e: shutdown server with port 43351 successfully
2021-07-17 01:45:07,925 [org.apache.ratis.util.JvmPauseMonitor$$Lambda$525/732148902@2dbadc67] INFO  util.JvmPauseMonitor (JvmPauseMonitor.java:run(109)) - JvmPauseMonitor-8befdf63-f118-4996-8ccb-439953d58c5e: Stopped
2021-07-17 01:45:07,927 [ForkJoinPool.commonPool-worker-0] INFO  utils.BackgroundService (BackgroundService.java:shutdown(132)) - Shutting down service BlockDeletingService
2021-07-17 01:45:07,928 [ForkJoinPool.commonPool-worker-0] INFO  statemachine.DatanodeStateMachine (DatanodeStateMachine.java:stopDaemon(514)) - Ozone container server stopped.
2021-07-17 01:45:07,930 [ForkJoinPool.commonPool-worker-0] INFO  handler.ContextHandler (ContextHandler.java:doStop(1154)) - Stopped o.e.j.w.WebAppContext@65258683{hddsDatanode,/,null,STOPPED}{jar:file:/home/runner/.m2/repository/org/apache/ozone/hdds-container-service/1.2.0-SNAPSHOT/hdds-container-service-1.2.0-SNAPSHOT.jar!/webapps/hddsDatanode}
2021-07-17 01:45:07,930 [ForkJoinPool.commonPool-worker-0] INFO  server.AbstractConnector (AbstractConnector.java:doStop(381)) - Stopped ServerConnector@259615df{HTTP/1.1, (http/1.1)}{0.0.0.0:0}
2021-07-17 01:45:07,930 [ForkJoinPool.commonPool-worker-0] INFO  server.session (HouseKeeper.java:stopScavenging(149)) - node0 Stopped scavenging
2021-07-17 01:45:07,931 [ForkJoinPool.commonPool-worker-0] INFO  handler.ContextHandler (ContextHandler.java:doStop(1154)) - Stopped o.e.j.s.ServletContextHandler@7ac2db4c{static,/static,jar:file:/home/runner/.m2/repository/org/apache/ozone/hdds-container-service/1.2.0-SNAPSHOT/hdds-container-service-1.2.0-SNAPSHOT.jar!/webapps/static,STOPPED}
2021-07-17 01:45:07,931 [ForkJoinPool.commonPool-worker-0] INFO  handler.ContextHandler (ContextHandler.java:doStop(1154)) - Stopped o.e.j.s.ServletContextHandler@2240db82{logs,/logs,file:///home/runner/work/ozone/ozone/mnt/ozone/hadoop-ozone/integration-test/target/log,STOPPED}
2021-07-17 01:45:08,507 [Datanode State Machine Thread - 0] INFO  statemachine.DatanodeStateMachine (DatanodeStateMachine.java:lambda$startDaemon$0(456)) - Ozone container server started.
2021-07-17 01:45:08,693 [Datanode State Machine Thread - 0] INFO  statemachine.DatanodeStateMachine (DatanodeStateMachine.java:lambda$startDaemon$0(456)) - Ozone container server started.
2021-07-17 01:45:12,091 [b32faf46-69b0-41ce-b187-d9527561eeb9@group-18EA97DC0098-FollowerState] INFO  impl.FollowerState (FollowerState.java:run(134)) - b32faf46-69b0-41ce-b187-d9527561eeb9@group-18EA97DC0098-FollowerState: change to CANDIDATE, lastRpcElapsedTime:10229131039ns, electionTimeout:5141ms
2021-07-17 01:45:12,091 [b32faf46-69b0-41ce-b187-d9527561eeb9@group-18EA97DC0098-FollowerState] INFO  impl.RoleInfo (RoleInfo.java:shutdownFollowerState(108)) - b32faf46-69b0-41ce-b187-d9527561eeb9: shutdown b32faf46-69b0-41ce-b187-d9527561eeb9@group-18EA97DC0098-FollowerState
2021-07-17 01:45:12,091 [b32faf46-69b0-41ce-b187-d9527561eeb9@group-18EA97DC0098-FollowerState] INFO  server.RaftServer$Division (RaftServerImpl.java:setRole(284)) - b32faf46-69b0-41ce-b187-d9527561eeb9@group-18EA97DC0098: changes role from  FOLLOWER to CANDIDATE at term 6 for changeToCandidate
2021-07-17 01:45:12,091 [b32faf46-69b0-41ce-b187-d9527561eeb9@group-18EA97DC0098-FollowerState] INFO  server.RaftServerConfigKeys (ConfUtils.java:logGet(44)) - raft.server.leaderelection.pre-vote = false (custom)
2021-07-17 01:45:12,091 [b32faf46-69b0-41ce-b187-d9527561eeb9@group-18EA97DC0098-FollowerState] INFO  impl.RoleInfo (RoleInfo.java:updateAndGet(130)) - b32faf46-69b0-41ce-b187-d9527561eeb9: start b32faf46-69b0-41ce-b187-d9527561eeb9@group-18EA97DC0098-LeaderElection71
2021-07-17 01:45:12,092 [b32faf46-69b0-41ce-b187-d9527561eeb9@group-18EA97DC0098-LeaderElection71] INFO  server.RaftServer$Division (ServerState.java:setLeader(271)) - b32faf46-69b0-41ce-b187-d9527561eeb9@group-18EA97DC0098: change Leader from 30d49bb6-b206-443f-92f8-de1941ac4061 to null at term 6 for ELECTION
2021-07-17 01:45:12,093 [b32faf46-69b0-41ce-b187-d9527561eeb9@group-18EA97DC0098-LeaderElection71] INFO  impl.LeaderElection (LeaderElection.java:askForVotes(306)) - b32faf46-69b0-41ce-b187-d9527561eeb9@group-18EA97DC0098-LeaderElection71 ELECTION round 0: submit vote requests at term 7 for 1: [817716dc-74d9-44e3-96f4-247fb6d3bd86|rpc:10.1.0.46:37853|dataStream:|priority:0, 30d49bb6-b206-443f-92f8-de1941ac4061|rpc:10.1.0.46:40535|dataStream:|priority:1, b32faf46-69b0-41ce-b187-d9527561eeb9|rpc:10.1.0.46:42083|dataStream:|priority:0], old=null
2021-07-17 01:45:12,097 [b32faf46-69b0-41ce-b187-d9527561eeb9@group-18EA97DC0098-LeaderElection71] INFO  impl.LeaderElection (LogUtils.java:infoOrTrace(137)) - b32faf46-69b0-41ce-b187-d9527561eeb9@group-18EA97DC0098-LeaderElection71 got exception when requesting votes: java.util.concurrent.ExecutionException: org.apache.ratis.thirdparty.io.grpc.StatusRuntimeException: UNAVAILABLE: io exception
2021-07-17 01:45:12,098 [grpc-default-executor-5] INFO  server.RaftServer$Division (RaftServerImpl.java:requestVote(1042)) - 817716dc-74d9-44e3-96f4-247fb6d3bd86@group-18EA97DC0098: receive requestVote(ELECTION, b32faf46-69b0-41ce-b187-d9527561eeb9, group-18EA97DC0098, 7, (t:6, i:2))
2021-07-17 01:45:12,098 [grpc-default-executor-5] INFO  impl.VoteContext (VoteContext.java:log(48)) - 817716dc-74d9-44e3-96f4-247fb6d3bd86@group-18EA97DC0098-FOLLOWER: accept ELECTION from b32faf46-69b0-41ce-b187-d9527561eeb9: our priority 0 <= candidate's priority 0
2021-07-17 01:45:12,098 [grpc-default-executor-5] INFO  server.RaftServer$Division (ServerState.java:setLeader(271)) - 817716dc-74d9-44e3-96f4-247fb6d3bd86@group-18EA97DC0098: change Leader from 30d49bb6-b206-443f-92f8-de1941ac4061 to null at term 7 for updateCurrentTerm
2021-07-17 01:45:12,098 [grpc-default-executor-5] INFO  server.RaftServer$Division (RaftServerImpl.java:setRole(284)) - 817716dc-74d9-44e3-96f4-247fb6d3bd86@group-18EA97DC0098: changes role from  FOLLOWER to FOLLOWER at term 7 for candidate:b32faf46-69b0-41ce-b187-d9527561eeb9
2021-07-17 01:45:12,098 [grpc-default-executor-5] INFO  impl.RoleInfo (RoleInfo.java:shutdownFollowerState(108)) - 817716dc-74d9-44e3-96f4-247fb6d3bd86: shutdown 817716dc-74d9-44e3-96f4-247fb6d3bd86@group-18EA97DC0098-FollowerState
2021-07-17 01:45:12,098 [grpc-default-executor-5] INFO  impl.RoleInfo (RoleInfo.java:updateAndGet(130)) - 817716dc-74d9-44e3-96f4-247fb6d3bd86: start 817716dc-74d9-44e3-96f4-247fb6d3bd86@group-18EA97DC0098-FollowerState
2021-07-17 01:45:12,099 [817716dc-74d9-44e3-96f4-247fb6d3bd86@group-18EA97DC0098-FollowerState] INFO  impl.FollowerState (FollowerState.java:run(143)) - 817716dc-74d9-44e3-96f4-247fb6d3bd86@group-18EA97DC0098-FollowerState was interrupted: {}
java.lang.InterruptedException: sleep interrupted
	at java.lang.Thread.sleep(Native Method)
	at java.lang.Thread.sleep(Thread.java:340)
	at java.util.concurrent.TimeUnit.sleep(TimeUnit.java:386)
	at org.apache.ratis.util.TimeDuration.sleep(TimeDuration.java:324)
	at org.apache.ratis.util.TimeDuration.sleep(TimeDuration.java:309)
	at org.apache.ratis.server.impl.FollowerState.run(FollowerState.java:118)
2021-07-17 01:45:12,103 [grpc-default-executor-5] INFO  server.RaftServer$Division (RaftServerImpl.java:requestVote(1074)) - 817716dc-74d9-44e3-96f4-247fb6d3bd86@group-18EA97DC0098 replies to ELECTION vote request: b32faf46-69b0-41ce-b187-d9527561eeb9<-817716dc-74d9-44e3-96f4-247fb6d3bd86#0:OK-t7. Peer's state: 817716dc-74d9-44e3-96f4-247fb6d3bd86@group-18EA97DC0098:t7, leader=null, voted=b32faf46-69b0-41ce-b187-d9527561eeb9, raftlog=817716dc-74d9-44e3-96f4-247fb6d3bd86@group-18EA97DC0098-SegmentedRaftLog:OPENED:c1,f2,i2, conf=1: [817716dc-74d9-44e3-96f4-247fb6d3bd86|rpc:10.1.0.46:37853|dataStream:|priority:0, 30d49bb6-b206-443f-92f8-de1941ac4061|rpc:10.1.0.46:40535|dataStream:|priority:1, b32faf46-69b0-41ce-b187-d9527561eeb9|rpc:10.1.0.46:42083|dataStream:|priority:0], old=null
2021-07-17 01:45:12,104 [b32faf46-69b0-41ce-b187-d9527561eeb9@group-18EA97DC0098-LeaderElection71] INFO  impl.LeaderElection (LeaderElection.java:logAndReturn(89)) - b32faf46-69b0-41ce-b187-d9527561eeb9@group-18EA97DC0098-LeaderElection71: ELECTION PASSED received 1 response(s) and 1 exception(s):
2021-07-17 01:45:12,104 [b32faf46-69b0-41ce-b187-d9527561eeb9@group-18EA97DC0098-LeaderElection71] INFO  impl.LeaderElection (LeaderElection.java:logAndReturn(93)) -   Response 0: b32faf46-69b0-41ce-b187-d9527561eeb9<-817716dc-74d9-44e3-96f4-247fb6d3bd86#0:OK-t7
2021-07-17 01:45:12,104 [b32faf46-69b0-41ce-b187-d9527561eeb9@group-18EA97DC0098-LeaderElection71] INFO  impl.LeaderElection (LogUtils.java:infoOrTrace(137)) -   Exception 1: java.util.concurrent.ExecutionException: org.apache.ratis.thirdparty.io.grpc.StatusRuntimeException: UNAVAILABLE: io exception
2021-07-17 01:45:12,104 [b32faf46-69b0-41ce-b187-d9527561eeb9@group-18EA97DC0098-LeaderElection71] INFO  impl.LeaderElection (LeaderElection.java:askForVotes(308)) - b32faf46-69b0-41ce-b187-d9527561eeb9@group-18EA97DC0098-LeaderElection71 ELECTION round 0: result PASSED
2021-07-17 01:45:12,104 [b32faf46-69b0-41ce-b187-d9527561eeb9@group-18EA97DC0098-LeaderElection71] INFO  impl.RoleInfo (RoleInfo.java:shutdownLeaderElection(121)) - b32faf46-69b0-41ce-b187-d9527561eeb9: shutdown b32faf46-69b0-41ce-b187-d9527561eeb9@group-18EA97DC0098-LeaderElection71
2021-07-17 01:45:12,104 [b32faf46-69b0-41ce-b187-d9527561eeb9@group-18EA97DC0098-LeaderElection71] INFO  server.RaftServer$Division (RaftServerImpl.java:setRole(284)) - b32faf46-69b0-41ce-b187-d9527561eeb9@group-18EA97DC0098: changes role from CANDIDATE to LEADER at term 7 for changeToLeader
2021-07-17 01:45:12,104 [b32faf46-69b0-41ce-b187-d9527561eeb9@group-18EA97DC0098-LeaderElection71] INFO  ratis.XceiverServerRatis (XceiverServerRatis.java:handleLeaderChangedNotification(857)) - Leader change notification received for group: group-18EA97DC0098 with new leaderId: b32faf46-69b0-41ce-b187-d9527561eeb9
2021-07-17 01:45:12,104 [b32faf46-69b0-41ce-b187-d9527561eeb9@group-18EA97DC0098-LeaderElection71] INFO  server.RaftServer$Division (ServerState.java:setLeader(271)) - b32faf46-69b0-41ce-b187-d9527561eeb9@group-18EA97DC0098: change Leader from null to b32faf46-69b0-41ce-b187-d9527561eeb9 at term 7 for becomeLeader, leader elected after 12ms
2021-07-17 01:45:12,104 [b32faf46-69b0-41ce-b187-d9527561eeb9@group-18EA97DC0098-LeaderElection71] INFO  server.RaftServerConfigKeys (ConfUtils.java:logGet(44)) - raft.server.staging.catchup.gap = 1000 (default)
2021-07-17 01:45:12,104 [Datanode State Machine Thread - 0] WARN  statemachine.StateContext (StateContext.java:execute(621)) - No available thread in pool for past 1 seconds.
2021-07-17 01:45:12,104 [b32faf46-69b0-41ce-b187-d9527561eeb9@group-18EA97DC0098-LeaderElection71] INFO  metrics.RatisMetrics (RatisMetrics.java:lambda$create$0(36)) - Creating Metrics Registry : ratis.log_appender.b32faf46-69b0-41ce-b187-d9527561eeb9@group-18EA97DC0098
2021-07-17 01:45:12,105 [b32faf46-69b0-41ce-b187-d9527561eeb9@group-18EA97DC0098-LeaderElection71] INFO  server.RaftServerConfigKeys (ConfUtils.java:logGet(44)) - raft.server.write.element-limit = 1024 (custom)
2021-07-17 01:45:12,105 [b32faf46-69b0-41ce-b187-d9527561eeb9@group-18EA97DC0098-LeaderElection71] INFO  server.RaftServerConfigKeys (ConfUtils.java:logGet(44)) - raft.server.write.byte-limit = 1073741824 (custom)
2021-07-17 01:45:12,105 [b32faf46-69b0-41ce-b187-d9527561eeb9@group-18EA97DC0098-LeaderElection71] INFO  server.RaftServerConfigKeys (ConfUtils.java:logGet(44)) - raft.server.watch.timeout = 3000ms (custom)
2021-07-17 01:45:12,105 [b32faf46-69b0-41ce-b187-d9527561eeb9@group-18EA97DC0098-LeaderElection71] INFO  server.RaftServerConfigKeys (ConfUtils.java:logGet(44)) - raft.server.watch.timeout.denomination = 1s (default)
2021-07-17 01:45:12,105 [b32faf46-69b0-41ce-b187-d9527561eeb9@group-18EA97DC0098-LeaderElection71] INFO  server.RaftServerConfigKeys (ConfUtils.java:logGet(44)) - raft.server.watch.element-limit = 65536 (default)
2021-07-17 01:45:12,105 [b32faf46-69b0-41ce-b187-d9527561eeb9@group-18EA97DC0098-LeaderElection71] INFO  server.RaftServerConfigKeys (ConfUtils.java:logGet(44)) - raft.server.log.appender.snapshot.chunk.size.max = 16MB (=16777216) (default)
2021-07-17 01:45:12,105 [b32faf46-69b0-41ce-b187-d9527561eeb9@group-18EA97DC0098-LeaderElection71] INFO  server.RaftServerConfigKeys (ConfUtils.java:logGet(44)) - raft.server.log.appender.buffer.byte-limit = 33554432 (custom)
2021-07-17 01:45:12,105 [b32faf46-69b0-41ce-b187-d9527561eeb9@group-18EA97DC0098-LeaderElection71] INFO  server.RaftServerConfigKeys (ConfUtils.java:logGet(44)) - raft.server.log.appender.buffer.element-limit = 1 (custom)
2021-07-17 01:45:12,105 [b32faf46-69b0-41ce-b187-d9527561eeb9@group-18EA97DC0098-LeaderElection71] INFO  grpc.GrpcConfigKeys (ConfUtils.java:logGet(44)) - raft.grpc.server.leader.outstanding.appends.max = 128 (default)
2021-07-17 01:45:12,105 [b32faf46-69b0-41ce-b187-d9527561eeb9@group-18EA97DC0098-LeaderElection71] INFO  server.RaftServerConfigKeys (ConfUtils.java:logGet(44)) - raft.server.rpc.request.timeout = 3000ms (default)
2021-07-17 01:45:12,105 [b32faf46-69b0-41ce-b187-d9527561eeb9@group-18EA97DC0098-LeaderElection71] INFO  server.RaftServerConfigKeys (ConfUtils.java:logGet(44)) - raft.server.log.appender.install.snapshot.enabled = false (custom)
2021-07-17 01:45:12,106 [b32faf46-69b0-41ce-b187-d9527561eeb9@group-18EA97DC0098-LeaderElection71] INFO  metrics.RatisMetrics (RatisMetrics.java:lambda$create$0(36)) - Creating Metrics Registry : ratis_grpc.log_appender.b32faf46-69b0-41ce-b187-d9527561eeb9@group-18EA97DC0098
2021-07-17 01:45:12,107 [b32faf46-69b0-41ce-b187-d9527561eeb9@group-18EA97DC0098-LeaderElection71] INFO  server.RaftServerConfigKeys (ConfUtils.java:logGet(44)) - raft.server.log.appender.snapshot.chunk.size.max = 16MB (=16777216) (default)
2021-07-17 01:45:12,107 [b32faf46-69b0-41ce-b187-d9527561eeb9@group-18EA97DC0098-LeaderElection71] INFO  server.RaftServerConfigKeys (ConfUtils.java:logGet(44)) - raft.server.log.appender.buffer.byte-limit = 33554432 (custom)
2021-07-17 01:45:12,107 [b32faf46-69b0-41ce-b187-d9527561eeb9@group-18EA97DC0098-LeaderElection71] INFO  server.RaftServerConfigKeys (ConfUtils.java:logGet(44)) - raft.server.log.appender.buffer.element-limit = 1 (custom)
2021-07-17 01:45:12,107 [b32faf46-69b0-41ce-b187-d9527561eeb9@group-18EA97DC0098-LeaderElection71] INFO  grpc.GrpcConfigKeys (ConfUtils.java:logGet(44)) - raft.grpc.server.leader.outstanding.appends.max = 128 (default)
2021-07-17 01:45:12,107 [b32faf46-69b0-41ce-b187-d9527561eeb9@group-18EA97DC0098-LeaderElection71] INFO  server.RaftServerConfigKeys (ConfUtils.java:logGet(44)) - raft.server.rpc.request.timeout = 3000ms (default)
2021-07-17 01:45:12,107 [b32faf46-69b0-41ce-b187-d9527561eeb9@group-18EA97DC0098-LeaderElection71] INFO  server.RaftServerConfigKeys (ConfUtils.java:logGet(44)) - raft.server.log.appender.install.snapshot.enabled = false (custom)
2021-07-17 01:45:12,108 [b32faf46-69b0-41ce-b187-d9527561eeb9@group-18EA97DC0098-LeaderElection71] INFO  impl.RoleInfo (RoleInfo.java:updateAndGet(130)) - b32faf46-69b0-41ce-b187-d9527561eeb9: start b32faf46-69b0-41ce-b187-d9527561eeb9@group-18EA97DC0098-LeaderStateImpl
2021-07-17 01:45:12,108 [b32faf46-69b0-41ce-b187-d9527561eeb9@group-18EA97DC0098-LeaderElection71] INFO  segmented.SegmentedRaftLogWorker (SegmentedRaftLogWorker.java:rollLogSegment(399)) - b32faf46-69b0-41ce-b187-d9527561eeb9@group-18EA97DC0098-SegmentedRaftLogWorker: Rolling segment log-1_2 to index:2
2021-07-17 01:45:12,109 [b32faf46-69b0-41ce-b187-d9527561eeb9@group-18EA97DC0098-SegmentedRaftLogWorker] INFO  segmented.SegmentedRaftLogWorker (SegmentedRaftLogWorker.java:execute(558)) - b32faf46-69b0-41ce-b187-d9527561eeb9@group-18EA97DC0098-SegmentedRaftLogWorker: Rolled log segment from /home/runner/work/ozone/ozone/mnt/ozone/hadoop-ozone/integration-test/target/test-dir/MiniOzoneClusterImpl-ab53e13c-b7a0-452c-aef0-b95992dbe1a2/datanode-1/data/ratis/29f43b99-e021-4e88-bda1-18ea97dc0098/current/log_inprogress_1 to /home/runner/work/ozone/ozone/mnt/ozone/hadoop-ozone/integration-test/target/test-dir/MiniOzoneClusterImpl-ab53e13c-b7a0-452c-aef0-b95992dbe1a2/datanode-1/data/ratis/29f43b99-e021-4e88-bda1-18ea97dc0098/current/log_1-2
2021-07-17 01:45:12,110 [b32faf46-69b0-41ce-b187-d9527561eeb9@group-18EA97DC0098-SegmentedRaftLogWorker] INFO  segmented.SegmentedRaftLogWorker (SegmentedRaftLogWorker.java:execute(601)) - b32faf46-69b0-41ce-b187-d9527561eeb9@group-18EA97DC0098-SegmentedRaftLogWorker: created new log segment /home/runner/work/ozone/ozone/mnt/ozone/hadoop-ozone/integration-test/target/test-dir/MiniOzoneClusterImpl-ab53e13c-b7a0-452c-aef0-b95992dbe1a2/datanode-1/data/ratis/29f43b99-e021-4e88-bda1-18ea97dc0098/current/log_inprogress_3
2021-07-17 01:45:12,119 [grpc-default-executor-5] INFO  ratis.XceiverServerRatis (XceiverServerRatis.java:handleLeaderChangedNotification(857)) - Leader change notification received for group: group-18EA97DC0098 with new leaderId: b32faf46-69b0-41ce-b187-d9527561eeb9
2021-07-17 01:45:12,119 [grpc-default-executor-5] INFO  server.RaftServer$Division (ServerState.java:setLeader(271)) - 817716dc-74d9-44e3-96f4-247fb6d3bd86@group-18EA97DC0098: change Leader from null to b32faf46-69b0-41ce-b187-d9527561eeb9 at term 7 for appendEntries, leader elected after 21ms
2021-07-17 01:45:12,120 [b32faf46-69b0-41ce-b187-d9527561eeb9@group-18EA97DC0098-LeaderElection71] INFO  server.RaftServer$Division (ServerState.java:setRaftConf(373)) - b32faf46-69b0-41ce-b187-d9527561eeb9@group-18EA97DC0098: set configuration 3: [817716dc-74d9-44e3-96f4-247fb6d3bd86|rpc:10.1.0.46:37853|dataStream:|priority:0, 30d49bb6-b206-443f-92f8-de1941ac4061|rpc:10.1.0.46:40535|dataStream:|priority:1, b32faf46-69b0-41ce-b187-d9527561eeb9|rpc:10.1.0.46:42083|dataStream:|priority:0], old=null
2021-07-17 01:45:12,120 [grpc-default-executor-4] WARN  server.GrpcLogAppender (LogUtils.java:warn(122)) - b32faf46-69b0-41ce-b187-d9527561eeb9@group-18EA97DC0098->30d49bb6-b206-443f-92f8-de1941ac4061-AppendLogResponseHandler: Failed appendEntries: org.apache.ratis.thirdparty.io.grpc.StatusRuntimeException: UNAVAILABLE: io exception
2021-07-17 01:45:12,129 [grpc-default-executor-4] WARN  server.GrpcLogAppender (GrpcLogAppender.java:resetClient(111)) - b32faf46-69b0-41ce-b187-d9527561eeb9@group-18EA97DC0098->30d49bb6-b206-443f-92f8-de1941ac4061-GrpcLogAppender: Leader has not got in touch with Follower b32faf46-69b0-41ce-b187-d9527561eeb9@group-18EA97DC0098->30d49bb6-b206-443f-92f8-de1941ac4061(c-1,m0,n4, attendVote=true, lastRpcSendTime=8, lastRpcResponseTime=5223) yet, just keep nextIndex unchanged and retry.
2021-07-17 01:45:12,130 [grpc-default-executor-5] INFO  server.RaftServer$Division (ServerState.java:setRaftConf(373)) - 817716dc-74d9-44e3-96f4-247fb6d3bd86@group-18EA97DC0098: set configuration 3: [817716dc-74d9-44e3-96f4-247fb6d3bd86|rpc:10.1.0.46:37853|dataStream:|priority:0, 30d49bb6-b206-443f-92f8-de1941ac4061|rpc:10.1.0.46:40535|dataStream:|priority:1, b32faf46-69b0-41ce-b187-d9527561eeb9|rpc:10.1.0.46:42083|dataStream:|priority:0], old=null
2021-07-17 01:45:12,130 [grpc-default-executor-5] INFO  segmented.SegmentedRaftLogWorker (SegmentedRaftLogWorker.java:rollLogSegment(399)) - 817716dc-74d9-44e3-96f4-247fb6d3bd86@group-18EA97DC0098-SegmentedRaftLogWorker: Rolling segment log-1_2 to index:2
2021-07-17 01:45:12,131 [817716dc-74d9-44e3-96f4-247fb6d3bd86@group-18EA97DC0098-SegmentedRaftLogWorker] INFO  segmented.SegmentedRaftLogWorker (SegmentedRaftLogWorker.java:execute(558)) - 817716dc-74d9-44e3-96f4-247fb6d3bd86@group-18EA97DC0098-SegmentedRaftLogWorker: Rolled log segment from /home/runner/work/ozone/ozone/mnt/ozone/hadoop-ozone/integration-test/target/test-dir/MiniOzoneClusterImpl-ab53e13c-b7a0-452c-aef0-b95992dbe1a2/datanode-0/data/ratis/29f43b99-e021-4e88-bda1-18ea97dc0098/current/log_inprogress_1 to /home/runner/work/ozone/ozone/mnt/ozone/hadoop-ozone/integration-test/target/test-dir/MiniOzoneClusterImpl-ab53e13c-b7a0-452c-aef0-b95992dbe1a2/datanode-0/data/ratis/29f43b99-e021-4e88-bda1-18ea97dc0098/current/log_1-2
2021-07-17 01:45:12,132 [817716dc-74d9-44e3-96f4-247fb6d3bd86@group-18EA97DC0098-SegmentedRaftLogWorker] INFO  segmented.SegmentedRaftLogWorker (SegmentedRaftLogWorker.java:execute(601)) - 817716dc-74d9-44e3-96f4-247fb6d3bd86@group-18EA97DC0098-SegmentedRaftLogWorker: created new log segment /home/runner/work/ozone/ozone/mnt/ozone/hadoop-ozone/integration-test/target/test-dir/MiniOzoneClusterImpl-ab53e13c-b7a0-452c-aef0-b95992dbe1a2/datanode-0/data/ratis/29f43b99-e021-4e88-bda1-18ea97dc0098/current/log_inprogress_3
2021-07-17 01:45:12,146 [grpc-default-executor-5] WARN  server.GrpcLogAppender (LogUtils.java:warn(122)) - b32faf46-69b0-41ce-b187-d9527561eeb9@group-18EA97DC0098->30d49bb6-b206-443f-92f8-de1941ac4061-AppendLogResponseHandler: Failed appendEntries: org.apache.ratis.thirdparty.io.grpc.StatusRuntimeException: UNAVAILABLE: io exception
2021-07-17 01:45:12,147 [grpc-default-executor-5] WARN  server.GrpcLogAppender (GrpcLogAppender.java:resetClient(111)) - b32faf46-69b0-41ce-b187-d9527561eeb9@group-18EA97DC0098->30d49bb6-b206-443f-92f8-de1941ac4061-GrpcLogAppender: Leader has not got in touch with Follower b32faf46-69b0-41ce-b187-d9527561eeb9@group-18EA97DC0098->30d49bb6-b206-443f-92f8-de1941ac4061(c-1,m0,n5, attendVote=true, lastRpcSendTime=26, lastRpcResponseTime=5241) yet, just keep nextIndex unchanged and retry.
2021-07-17 01:45:12,908 [Listener at 127.0.0.1/42341] INFO  ozoneimpl.OzoneContainer (OzoneContainer.java:stop(326)) - Attempting to stop container services.
2021-07-17 01:45:12,910 [Listener at 127.0.0.1/42341] INFO  server.RaftServer (RaftServerProxy.java:lambda$close$6(391)) - 155d2fb2-0dbf-48e7-822f-44a07ee5e1e6: close
2021-07-17 01:45:12,910 [Listener at 127.0.0.1/42341] INFO  server.RaftServer$Division (RaftServerImpl.java:lambda$close$4(406)) - 155d2fb2-0dbf-48e7-822f-44a07ee5e1e6@group-B458C821C649: shutdown
2021-07-17 01:45:12,911 [Listener at 127.0.0.1/42341] INFO  util.JmxRegister (JmxRegister.java:unregister(73)) - Successfully un-registered JMX Bean with object name Ratis:service=RaftServer,group=group-B458C821C649,id=155d2fb2-0dbf-48e7-822f-44a07ee5e1e6
2021-07-17 01:45:12,911 [Listener at 127.0.0.1/42341] INFO  impl.RoleInfo (RoleInfo.java:shutdownLeaderState(91)) - 155d2fb2-0dbf-48e7-822f-44a07ee5e1e6: shutdown 155d2fb2-0dbf-48e7-822f-44a07ee5e1e6@group-B458C821C649-LeaderStateImpl
2021-07-17 01:45:12,911 [Listener at 127.0.0.1/42341] INFO  impl.PendingRequests (PendingRequests.java:sendNotLeaderResponses(249)) - 155d2fb2-0dbf-48e7-822f-44a07ee5e1e6@group-B458C821C649-PendingRequests: sendNotLeaderResponses
2021-07-17 01:45:12,911 [Listener at 127.0.0.1/42341] INFO  metrics.RatisMetrics (RatisMetrics.java:unregister(43)) - Unregistering Metrics Registry : ratis.log_appender.155d2fb2-0dbf-48e7-822f-44a07ee5e1e6@group-B458C821C649
2021-07-17 01:45:12,911 [Listener at 127.0.0.1/42341] INFO  metrics.RatisMetrics (RatisMetrics.java:unregister(43)) - Unregistering Metrics Registry : ratis.server.155d2fb2-0dbf-48e7-822f-44a07ee5e1e6@group-B458C821C649
2021-07-17 01:45:12,912 [Listener at 127.0.0.1/42341] INFO  impl.StateMachineUpdater (StateMachineUpdater.java:stopAndJoin(149)) - 155d2fb2-0dbf-48e7-822f-44a07ee5e1e6@group-B458C821C649-StateMachineUpdater: set stopIndex = 0
2021-07-17 01:45:12,912 [155d2fb2-0dbf-48e7-822f-44a07ee5e1e6@group-B458C821C649-StateMachineUpdater] INFO  ratis.ContainerStateMachine (ContainerStateMachine.java:takeSnapshot(291)) - group-B458C821C649: Taking a snapshot at:(t:1, i:0) file /home/runner/work/ozone/ozone/mnt/ozone/hadoop-ozone/integration-test/target/test-dir/MiniOzoneClusterImpl-ab53e13c-b7a0-452c-aef0-b95992dbe1a2/datanode-7/data/ratis/14ec7a35-9e34-4a5b-bdd3-b458c821c649/sm/snapshot.1_0
2021-07-17 01:45:12,913 [155d2fb2-0dbf-48e7-822f-44a07ee5e1e6@group-B458C821C649-StateMachineUpdater] INFO  ratis.ContainerStateMachine (ContainerStateMachine.java:takeSnapshot(302)) - group-B458C821C649: Finished taking a snapshot at:(t:1, i:0) file:/home/runner/work/ozone/ozone/mnt/ozone/hadoop-ozone/integration-test/target/test-dir/MiniOzoneClusterImpl-ab53e13c-b7a0-452c-aef0-b95992dbe1a2/datanode-7/data/ratis/14ec7a35-9e34-4a5b-bdd3-b458c821c649/sm/snapshot.1_0 took: 1 ms
2021-07-17 01:45:12,913 [155d2fb2-0dbf-48e7-822f-44a07ee5e1e6@group-B458C821C649-StateMachineUpdater] INFO  impl.StateMachineUpdater (StateMachineUpdater.java:takeSnapshot(281)) - 155d2fb2-0dbf-48e7-822f-44a07ee5e1e6@group-B458C821C649-StateMachineUpdater: Took a snapshot at index 0
2021-07-17 01:45:12,913 [155d2fb2-0dbf-48e7-822f-44a07ee5e1e6@group-B458C821C649-StateMachineUpdater] INFO  impl.StateMachineUpdater (StateMachineUpdater.java:lambda$new$0(89)) - 155d2fb2-0dbf-48e7-822f-44a07ee5e1e6@group-B458C821C649-StateMachineUpdater: snapshotIndex: updateIncreasingly -1 -> 0
2021-07-17 01:45:12,913 [155d2fb2-0dbf-48e7-822f-44a07ee5e1e6@group-B458C821C649-StateMachineUpdater] INFO  metrics.RatisMetrics (RatisMetrics.java:unregister(43)) - Unregistering Metrics Registry : ratis.state_machine.155d2fb2-0dbf-48e7-822f-44a07ee5e1e6@group-B458C821C649
2021-07-17 01:45:12,913 [Listener at 127.0.0.1/42341] INFO  server.RaftServer$Division (ServerState.java:close(405)) - 155d2fb2-0dbf-48e7-822f-44a07ee5e1e6@group-B458C821C649: closes. applyIndex: 0
2021-07-17 01:45:12,914 [155d2fb2-0dbf-48e7-822f-44a07ee5e1e6@group-B458C821C649-SegmentedRaftLogWorker] INFO  segmented.SegmentedRaftLogWorker (SegmentedRaftLogWorker.java:run(327)) - 155d2fb2-0dbf-48e7-822f-44a07ee5e1e6@group-B458C821C649-SegmentedRaftLogWorker was interrupted, exiting. There are 0 tasks remaining in the queue.
2021-07-17 01:45:12,915 [Listener at 127.0.0.1/42341] INFO  segmented.SegmentedRaftLogWorker (SegmentedRaftLogWorker.java:close(237)) - 155d2fb2-0dbf-48e7-822f-44a07ee5e1e6@group-B458C821C649-SegmentedRaftLogWorker close()
2021-07-17 01:45:12,918 [Listener at 127.0.0.1/42341] INFO  metrics.RatisMetrics (RatisMetrics.java:unregister(43)) - Unregistering Metrics Registry : ratis.log_worker.155d2fb2-0dbf-48e7-822f-44a07ee5e1e6@group-B458C821C649
2021-07-17 01:45:12,918 [Listener at 127.0.0.1/42341] INFO  metrics.RatisMetrics (RatisMetrics.java:unregister(43)) - Unregistering Metrics Registry : ratis.leader_election.155d2fb2-0dbf-48e7-822f-44a07ee5e1e6@group-B458C821C649
2021-07-17 01:45:12,918 [Listener at 127.0.0.1/42341] INFO  metrics.RatisMetrics (RatisMetrics.java:unregister(43)) - Unregistering Metrics Registry : ratis.server.155d2fb2-0dbf-48e7-822f-44a07ee5e1e6@group-B458C821C649
2021-07-17 01:45:12,918 [Listener at 127.0.0.1/42341] INFO  server.RaftServer$Division (RaftServerImpl.java:lambda$close$4(406)) - 155d2fb2-0dbf-48e7-822f-44a07ee5e1e6@group-2359FAE4794D: shutdown
2021-07-17 01:45:12,918 [Listener at 127.0.0.1/42341] INFO  util.JmxRegister (JmxRegister.java:unregister(73)) - Successfully un-registered JMX Bean with object name Ratis:service=RaftServer,group=group-2359FAE4794D,id=155d2fb2-0dbf-48e7-822f-44a07ee5e1e6
2021-07-17 01:45:12,919 [Listener at 127.0.0.1/42341] INFO  impl.RoleInfo (RoleInfo.java:shutdownFollowerState(108)) - 155d2fb2-0dbf-48e7-822f-44a07ee5e1e6: shutdown 155d2fb2-0dbf-48e7-822f-44a07ee5e1e6@group-2359FAE4794D-FollowerState
2021-07-17 01:45:12,919 [155d2fb2-0dbf-48e7-822f-44a07ee5e1e6@group-2359FAE4794D-FollowerState] INFO  impl.FollowerState (FollowerState.java:run(143)) - 155d2fb2-0dbf-48e7-822f-44a07ee5e1e6@group-2359FAE4794D-FollowerState was interrupted: {}
java.lang.InterruptedException: sleep interrupted
	at java.lang.Thread.sleep(Native Method)
	at java.lang.Thread.sleep(Thread.java:340)
	at java.util.concurrent.TimeUnit.sleep(TimeUnit.java:386)
	at org.apache.ratis.util.TimeDuration.sleep(TimeDuration.java:324)
	at org.apache.ratis.util.TimeDuration.sleep(TimeDuration.java:309)
	at org.apache.ratis.server.impl.FollowerState.run(FollowerState.java:118)
2021-07-17 01:45:12,919 [155d2fb2-0dbf-48e7-822f-44a07ee5e1e6@group-2359FAE4794D-StateMachineUpdater] INFO  ratis.ContainerStateMachine (ContainerStateMachine.java:takeSnapshot(291)) - group-2359FAE4794D: Taking a snapshot at:(t:3, i:0) file /home/runner/work/ozone/ozone/mnt/ozone/hadoop-ozone/integration-test/target/test-dir/MiniOzoneClusterImpl-ab53e13c-b7a0-452c-aef0-b95992dbe1a2/datanode-7/data/ratis/12500e82-9553-4f92-b0c8-2359fae4794d/sm/snapshot.3_0
2021-07-17 01:45:12,919 [Listener at 127.0.0.1/42341] INFO  impl.StateMachineUpdater (StateMachineUpdater.java:stopAndJoin(149)) - 155d2fb2-0dbf-48e7-822f-44a07ee5e1e6@group-2359FAE4794D-StateMachineUpdater: set stopIndex = 0
2021-07-17 01:45:12,920 [155d2fb2-0dbf-48e7-822f-44a07ee5e1e6@group-2359FAE4794D-StateMachineUpdater] INFO  ratis.ContainerStateMachine (ContainerStateMachine.java:takeSnapshot(302)) - group-2359FAE4794D: Finished taking a snapshot at:(t:3, i:0) file:/home/runner/work/ozone/ozone/mnt/ozone/hadoop-ozone/integration-test/target/test-dir/MiniOzoneClusterImpl-ab53e13c-b7a0-452c-aef0-b95992dbe1a2/datanode-7/data/ratis/12500e82-9553-4f92-b0c8-2359fae4794d/sm/snapshot.3_0 took: 0 ms
2021-07-17 01:45:12,920 [155d2fb2-0dbf-48e7-822f-44a07ee5e1e6@group-2359FAE4794D-StateMachineUpdater] INFO  impl.StateMachineUpdater (StateMachineUpdater.java:takeSnapshot(281)) - 155d2fb2-0dbf-48e7-822f-44a07ee5e1e6@group-2359FAE4794D-StateMachineUpdater: Took a snapshot at index 0
2021-07-17 01:45:12,920 [155d2fb2-0dbf-48e7-822f-44a07ee5e1e6@group-2359FAE4794D-StateMachineUpdater] INFO  impl.StateMachineUpdater (StateMachineUpdater.java:lambda$new$0(89)) - 155d2fb2-0dbf-48e7-822f-44a07ee5e1e6@group-2359FAE4794D-StateMachineUpdater: snapshotIndex: updateIncreasingly -1 -> 0
2021-07-17 01:45:12,920 [155d2fb2-0dbf-48e7-822f-44a07ee5e1e6@group-2359FAE4794D-StateMachineUpdater] INFO  metrics.RatisMetrics (RatisMetrics.java:unregister(43)) - Unregistering Metrics Registry : ratis.state_machine.155d2fb2-0dbf-48e7-822f-44a07ee5e1e6@group-2359FAE4794D
2021-07-17 01:45:12,920 [Listener at 127.0.0.1/42341] INFO  server.RaftServer$Division (ServerState.java:close(405)) - 155d2fb2-0dbf-48e7-822f-44a07ee5e1e6@group-2359FAE4794D: closes. applyIndex: 0
2021-07-17 01:45:12,920 [155d2fb2-0dbf-48e7-822f-44a07ee5e1e6@group-2359FAE4794D-SegmentedRaftLogWorker] INFO  segmented.SegmentedRaftLogWorker (SegmentedRaftLogWorker.java:run(327)) - 155d2fb2-0dbf-48e7-822f-44a07ee5e1e6@group-2359FAE4794D-SegmentedRaftLogWorker was interrupted, exiting. There are 0 tasks remaining in the queue.
2021-07-17 01:45:12,920 [Listener at 127.0.0.1/42341] INFO  segmented.SegmentedRaftLogWorker (SegmentedRaftLogWorker.java:close(237)) - 155d2fb2-0dbf-48e7-822f-44a07ee5e1e6@group-2359FAE4794D-SegmentedRaftLogWorker close()
2021-07-17 01:45:12,921 [Listener at 127.0.0.1/42341] INFO  metrics.RatisMetrics (RatisMetrics.java:unregister(43)) - Unregistering Metrics Registry : ratis.log_worker.155d2fb2-0dbf-48e7-822f-44a07ee5e1e6@group-2359FAE4794D
2021-07-17 01:45:12,921 [Listener at 127.0.0.1/42341] INFO  metrics.RatisMetrics (RatisMetrics.java:unregister(43)) - Unregistering Metrics Registry : ratis.leader_election.155d2fb2-0dbf-48e7-822f-44a07ee5e1e6@group-2359FAE4794D
2021-07-17 01:45:12,921 [Listener at 127.0.0.1/42341] INFO  metrics.RatisMetrics (RatisMetrics.java:unregister(43)) - Unregistering Metrics Registry : ratis.server.155d2fb2-0dbf-48e7-822f-44a07ee5e1e6@group-2359FAE4794D
2021-07-17 01:45:12,922 [Listener at 127.0.0.1/42341] INFO  server.GrpcService (GrpcService.java:closeImpl(262)) - 155d2fb2-0dbf-48e7-822f-44a07ee5e1e6: shutdown server with port 42075 now
2021-07-17 01:45:12,923 [grpc-default-executor-4] WARN  server.GrpcServerProtocolService (LogUtils.java:warn(122)) - 155d2fb2-0dbf-48e7-822f-44a07ee5e1e6: installSnapshot onError, lastRequest: 6357416b-3a0c-4a85-a83f-939eb676dba2->155d2fb2-0dbf-48e7-822f-44a07ee5e1e6#1-t3,previous=(t:0, i:0),leaderCommit=-1,initializing? true,entries: size=1, first=(t:3, i:0), CONFIGURATIONENTRY: org.apache.ratis.thirdparty.io.grpc.StatusRuntimeException: CANCELLED: client cancelled
2021-07-17 01:45:12,924 [grpc-default-executor-4] WARN  server.GrpcLogAppender (LogUtils.java:warn(122)) - 6357416b-3a0c-4a85-a83f-939eb676dba2@group-2359FAE4794D->155d2fb2-0dbf-48e7-822f-44a07ee5e1e6-AppendLogResponseHandler: Failed appendEntries: org.apache.ratis.thirdparty.io.grpc.StatusRuntimeException: CANCELLED: HTTP/2 error code: CANCEL
Received Rst Stream
2021-07-17 01:45:12,925 [grpc-default-executor-4] WARN  server.GrpcLogAppender (GrpcLogAppender.java:resetClient(111)) - 6357416b-3a0c-4a85-a83f-939eb676dba2@group-2359FAE4794D->155d2fb2-0dbf-48e7-822f-44a07ee5e1e6-GrpcLogAppender: Leader has not got in touch with Follower 6357416b-3a0c-4a85-a83f-939eb676dba2@group-2359FAE4794D->155d2fb2-0dbf-48e7-822f-44a07ee5e1e6(c0,m0,n1, attendVote=true, lastRpcSendTime=280, lastRpcResponseTime=279) yet, just keep nextIndex unchanged and retry.
2021-07-17 01:45:12,927 [Listener at 127.0.0.1/42341] INFO  server.GrpcService (GrpcService.java:closeImpl(271)) - 155d2fb2-0dbf-48e7-822f-44a07ee5e1e6: shutdown server with port 42075 successfully
2021-07-17 01:45:12,927 [org.apache.ratis.util.JvmPauseMonitor$$Lambda$525/732148902@2f560b09] INFO  util.JvmPauseMonitor (JvmPauseMonitor.java:run(109)) - JvmPauseMonitor-155d2fb2-0dbf-48e7-822f-44a07ee5e1e6: Stopped
2021-07-17 01:45:12,928 [Listener at 127.0.0.1/42341] INFO  utils.BackgroundService (BackgroundService.java:shutdown(132)) - Shutting down service BlockDeletingService
2021-07-17 01:45:12,928 [Listener at 127.0.0.1/42341] INFO  statemachine.DatanodeStateMachine (DatanodeStateMachine.java:stopDaemon(514)) - Ozone container server stopped.
2021-07-17 01:45:12,929 [Listener at 127.0.0.1/42341] INFO  handler.ContextHandler (ContextHandler.java:doStop(1154)) - Stopped o.e.j.w.WebAppContext@46e9a4f6{hddsDatanode,/,null,STOPPED}{jar:file:/home/runner/.m2/repository/org/apache/ozone/hdds-container-service/1.2.0-SNAPSHOT/hdds-container-service-1.2.0-SNAPSHOT.jar!/webapps/hddsDatanode}
2021-07-17 01:45:12,930 [Listener at 127.0.0.1/42341] INFO  server.AbstractConnector (AbstractConnector.java:doStop(381)) - Stopped ServerConnector@78b2c7e3{HTTP/1.1, (http/1.1)}{0.0.0.0:0}
2021-07-17 01:45:12,930 [Listener at 127.0.0.1/42341] INFO  server.session (HouseKeeper.java:stopScavenging(149)) - node0 Stopped scavenging
2021-07-17 01:45:12,930 [Listener at 127.0.0.1/42341] INFO  handler.ContextHandler (ContextHandler.java:doStop(1154)) - Stopped o.e.j.s.ServletContextHandler@1ab79170{static,/static,jar:file:/home/runner/.m2/repository/org/apache/ozone/hdds-container-service/1.2.0-SNAPSHOT/hdds-container-service-1.2.0-SNAPSHOT.jar!/webapps/static,STOPPED}
2021-07-17 01:45:12,930 [Listener at 127.0.0.1/42341] INFO  handler.ContextHandler (ContextHandler.java:doStop(1154)) - Stopped o.e.j.s.ServletContextHandler@3a77a5b2{logs,/logs,file:///home/runner/work/ozone/ozone/mnt/ozone/hadoop-ozone/integration-test/target/log,STOPPED}
2021-07-17 01:45:12,933 [ForkJoinPool.commonPool-worker-0] INFO  ozoneimpl.OzoneContainer (OzoneContainer.java:stop(326)) - Attempting to stop container services.
2021-07-17 01:45:12,933 [ForkJoinPool.commonPool-worker-0] INFO  server.RaftServer (RaftServerProxy.java:lambda$close$6(391)) - 817716dc-74d9-44e3-96f4-247fb6d3bd86: close
2021-07-17 01:45:12,933 [ForkJoinPool.commonPool-worker-0] INFO  server.RaftServer$Division (RaftServerImpl.java:lambda$close$4(406)) - 817716dc-74d9-44e3-96f4-247fb6d3bd86@group-0A3857E4C501: shutdown
2021-07-17 01:45:12,933 [ForkJoinPool.commonPool-worker-0] INFO  util.JmxRegister (JmxRegister.java:unregister(73)) - Successfully un-registered JMX Bean with object name Ratis:service=RaftServer,group=group-0A3857E4C501,id=817716dc-74d9-44e3-96f4-247fb6d3bd86
2021-07-17 01:45:12,933 [ForkJoinPool.commonPool-worker-0] INFO  impl.RoleInfo (RoleInfo.java:shutdownLeaderState(91)) - 817716dc-74d9-44e3-96f4-247fb6d3bd86: shutdown 817716dc-74d9-44e3-96f4-247fb6d3bd86@group-0A3857E4C501-LeaderStateImpl
2021-07-17 01:45:12,933 [ForkJoinPool.commonPool-worker-0] INFO  impl.PendingRequests (PendingRequests.java:sendNotLeaderResponses(249)) - 817716dc-74d9-44e3-96f4-247fb6d3bd86@group-0A3857E4C501-PendingRequests: sendNotLeaderResponses
2021-07-17 01:45:12,933 [ForkJoinPool.commonPool-worker-0] INFO  metrics.RatisMetrics (RatisMetrics.java:unregister(43)) - Unregistering Metrics Registry : ratis.log_appender.817716dc-74d9-44e3-96f4-247fb6d3bd86@group-0A3857E4C501
2021-07-17 01:45:12,933 [ForkJoinPool.commonPool-worker-0] INFO  metrics.RatisMetrics (RatisMetrics.java:unregister(43)) - Unregistering Metrics Registry : ratis.server.817716dc-74d9-44e3-96f4-247fb6d3bd86@group-0A3857E4C501
2021-07-17 01:45:12,940 [ForkJoinPool.commonPool-worker-0] INFO  impl.StateMachineUpdater (StateMachineUpdater.java:stopAndJoin(149)) - 817716dc-74d9-44e3-96f4-247fb6d3bd86@group-0A3857E4C501-StateMachineUpdater: set stopIndex = 0
2021-07-17 01:45:12,940 [817716dc-74d9-44e3-96f4-247fb6d3bd86@group-0A3857E4C501-StateMachineUpdater] INFO  ratis.ContainerStateMachine (ContainerStateMachine.java:takeSnapshot(291)) - group-0A3857E4C501: Taking a snapshot at:(t:1, i:0) file /home/runner/work/ozone/ozone/mnt/ozone/hadoop-ozone/integration-test/target/test-dir/MiniOzoneClusterImpl-ab53e13c-b7a0-452c-aef0-b95992dbe1a2/datanode-0/data/ratis/5249ef88-a7f1-4b24-a64b-0a3857e4c501/sm/snapshot.1_0
2021-07-17 01:45:12,941 [817716dc-74d9-44e3-96f4-247fb6d3bd86@group-0A3857E4C501-StateMachineUpdater] INFO  ratis.ContainerStateMachine (ContainerStateMachine.java:takeSnapshot(302)) - group-0A3857E4C501: Finished taking a snapshot at:(t:1, i:0) file:/home/runner/work/ozone/ozone/mnt/ozone/hadoop-ozone/integration-test/target/test-dir/MiniOzoneClusterImpl-ab53e13c-b7a0-452c-aef0-b95992dbe1a2/datanode-0/data/ratis/5249ef88-a7f1-4b24-a64b-0a3857e4c501/sm/snapshot.1_0 took: 1 ms
2021-07-17 01:45:12,941 [817716dc-74d9-44e3-96f4-247fb6d3bd86@group-0A3857E4C501-StateMachineUpdater] INFO  impl.StateMachineUpdater (StateMachineUpdater.java:takeSnapshot(281)) - 817716dc-74d9-44e3-96f4-247fb6d3bd86@group-0A3857E4C501-StateMachineUpdater: Took a snapshot at index 0
2021-07-17 01:45:12,941 [817716dc-74d9-44e3-96f4-247fb6d3bd86@group-0A3857E4C501-StateMachineUpdater] INFO  impl.StateMachineUpdater (StateMachineUpdater.java:lambda$new$0(89)) - 817716dc-74d9-44e3-96f4-247fb6d3bd86@group-0A3857E4C501-StateMachineUpdater: snapshotIndex: updateIncreasingly -1 -> 0
2021-07-17 01:45:12,941 [817716dc-74d9-44e3-96f4-247fb6d3bd86@group-0A3857E4C501-StateMachineUpdater] INFO  metrics.RatisMetrics (RatisMetrics.java:unregister(43)) - Unregistering Metrics Registry : ratis.state_machine.817716dc-74d9-44e3-96f4-247fb6d3bd86@group-0A3857E4C501
2021-07-17 01:45:12,941 [ForkJoinPool.commonPool-worker-0] INFO  server.RaftServer$Division (ServerState.java:close(405)) - 817716dc-74d9-44e3-96f4-247fb6d3bd86@group-0A3857E4C501: closes. applyIndex: 0
2021-07-17 01:45:12,941 [817716dc-74d9-44e3-96f4-247fb6d3bd86@group-0A3857E4C501-SegmentedRaftLogWorker] INFO  segmented.SegmentedRaftLogWorker (SegmentedRaftLogWorker.java:run(327)) - 817716dc-74d9-44e3-96f4-247fb6d3bd86@group-0A3857E4C501-SegmentedRaftLogWorker was interrupted, exiting. There are 0 tasks remaining in the queue.
2021-07-17 01:45:12,942 [ForkJoinPool.commonPool-worker-0] INFO  segmented.SegmentedRaftLogWorker (SegmentedRaftLogWorker.java:close(237)) - 817716dc-74d9-44e3-96f4-247fb6d3bd86@group-0A3857E4C501-SegmentedRaftLogWorker close()
2021-07-17 01:45:12,954 [ForkJoinPool.commonPool-worker-0] INFO  metrics.RatisMetrics (RatisMetrics.java:unregister(43)) - Unregistering Metrics Registry : ratis.log_worker.817716dc-74d9-44e3-96f4-247fb6d3bd86@group-0A3857E4C501
2021-07-17 01:45:12,954 [ForkJoinPool.commonPool-worker-0] INFO  metrics.RatisMetrics (RatisMetrics.java:unregister(43)) - Unregistering Metrics Registry : ratis.leader_election.817716dc-74d9-44e3-96f4-247fb6d3bd86@group-0A3857E4C501
2021-07-17 01:45:12,954 [ForkJoinPool.commonPool-worker-0] INFO  metrics.RatisMetrics (RatisMetrics.java:unregister(43)) - Unregistering Metrics Registry : ratis.server.817716dc-74d9-44e3-96f4-247fb6d3bd86@group-0A3857E4C501
2021-07-17 01:45:12,954 [ForkJoinPool.commonPool-worker-0] INFO  server.RaftServer$Division (RaftServerImpl.java:lambda$close$4(406)) - 817716dc-74d9-44e3-96f4-247fb6d3bd86@group-18EA97DC0098: shutdown
2021-07-17 01:45:12,954 [ForkJoinPool.commonPool-worker-0] INFO  util.JmxRegister (JmxRegister.java:unregister(73)) - Successfully un-registered JMX Bean with object name Ratis:service=RaftServer,group=group-18EA97DC0098,id=817716dc-74d9-44e3-96f4-247fb6d3bd86
2021-07-17 01:45:12,954 [ForkJoinPool.commonPool-worker-0] INFO  impl.RoleInfo (RoleInfo.java:shutdownFollowerState(108)) - 817716dc-74d9-44e3-96f4-247fb6d3bd86: shutdown 817716dc-74d9-44e3-96f4-247fb6d3bd86@group-18EA97DC0098-FollowerState
2021-07-17 01:45:12,954 [ForkJoinPool.commonPool-worker-0] INFO  impl.StateMachineUpdater (StateMachineUpdater.java:stopAndJoin(149)) - 817716dc-74d9-44e3-96f4-247fb6d3bd86@group-18EA97DC0098-StateMachineUpdater: set stopIndex = 3
2021-07-17 01:45:12,955 [817716dc-74d9-44e3-96f4-247fb6d3bd86@group-18EA97DC0098-FollowerState] INFO  impl.FollowerState (FollowerState.java:run(143)) - 817716dc-74d9-44e3-96f4-247fb6d3bd86@group-18EA97DC0098-FollowerState was interrupted: {}
java.lang.InterruptedException: sleep interrupted
	at java.lang.Thread.sleep(Native Method)
	at java.lang.Thread.sleep(Thread.java:340)
	at java.util.concurrent.TimeUnit.sleep(TimeUnit.java:386)
	at org.apache.ratis.util.TimeDuration.sleep(TimeDuration.java:324)
	at org.apache.ratis.util.TimeDuration.sleep(TimeDuration.java:309)
	at org.apache.ratis.server.impl.FollowerState.run(FollowerState.java:118)
2021-07-17 01:45:12,955 [817716dc-74d9-44e3-96f4-247fb6d3bd86@group-18EA97DC0098-StateMachineUpdater] INFO  ratis.ContainerStateMachine (ContainerStateMachine.java:takeSnapshot(291)) - group-18EA97DC0098: Taking a snapshot at:(t:7, i:3) file /home/runner/work/ozone/ozone/mnt/ozone/hadoop-ozone/integration-test/target/test-dir/MiniOzoneClusterImpl-ab53e13c-b7a0-452c-aef0-b95992dbe1a2/datanode-0/data/ratis/29f43b99-e021-4e88-bda1-18ea97dc0098/sm/snapshot.7_3
2021-07-17 01:45:12,955 [817716dc-74d9-44e3-96f4-247fb6d3bd86@group-18EA97DC0098-StateMachineUpdater] INFO  ratis.ContainerStateMachine (ContainerStateMachine.java:takeSnapshot(302)) - group-18EA97DC0098: Finished taking a snapshot at:(t:7, i:3) file:/home/runner/work/ozone/ozone/mnt/ozone/hadoop-ozone/integration-test/target/test-dir/MiniOzoneClusterImpl-ab53e13c-b7a0-452c-aef0-b95992dbe1a2/datanode-0/data/ratis/29f43b99-e021-4e88-bda1-18ea97dc0098/sm/snapshot.7_3 took: 1 ms
2021-07-17 01:45:12,955 [817716dc-74d9-44e3-96f4-247fb6d3bd86@group-18EA97DC0098-StateMachineUpdater] INFO  impl.StateMachineUpdater (StateMachineUpdater.java:takeSnapshot(281)) - 817716dc-74d9-44e3-96f4-247fb6d3bd86@group-18EA97DC0098-StateMachineUpdater: Took a snapshot at index 3
2021-07-17 01:45:12,955 [817716dc-74d9-44e3-96f4-247fb6d3bd86@group-18EA97DC0098-StateMachineUpdater] INFO  impl.StateMachineUpdater (StateMachineUpdater.java:lambda$new$0(89)) - 817716dc-74d9-44e3-96f4-247fb6d3bd86@group-18EA97DC0098-StateMachineUpdater: snapshotIndex: updateIncreasingly -1 -> 3
2021-07-17 01:45:12,955 [817716dc-74d9-44e3-96f4-247fb6d3bd86@group-18EA97DC0098-StateMachineUpdater] INFO  metrics.RatisMetrics (RatisMetrics.java:unregister(43)) - Unregistering Metrics Registry : ratis.state_machine.817716dc-74d9-44e3-96f4-247fb6d3bd86@group-18EA97DC0098
2021-07-17 01:45:12,956 [ForkJoinPool.commonPool-worker-0] INFO  server.RaftServer$Division (ServerState.java:close(405)) - 817716dc-74d9-44e3-96f4-247fb6d3bd86@group-18EA97DC0098: closes. applyIndex: 3
2021-07-17 01:45:12,956 [817716dc-74d9-44e3-96f4-247fb6d3bd86@group-18EA97DC0098-SegmentedRaftLogWorker] INFO  segmented.SegmentedRaftLogWorker (SegmentedRaftLogWorker.java:run(327)) - 817716dc-74d9-44e3-96f4-247fb6d3bd86@group-18EA97DC0098-SegmentedRaftLogWorker was interrupted, exiting. There are 0 tasks remaining in the queue.
2021-07-17 01:45:12,956 [ForkJoinPool.commonPool-worker-0] INFO  segmented.SegmentedRaftLogWorker (SegmentedRaftLogWorker.java:close(237)) - 817716dc-74d9-44e3-96f4-247fb6d3bd86@group-18EA97DC0098-SegmentedRaftLogWorker close()
2021-07-17 01:45:12,964 [ForkJoinPool.commonPool-worker-0] INFO  metrics.RatisMetrics (RatisMetrics.java:unregister(43)) - Unregistering Metrics Registry : ratis.log_worker.817716dc-74d9-44e3-96f4-247fb6d3bd86@group-18EA97DC0098
2021-07-17 01:45:12,964 [ForkJoinPool.commonPool-worker-0] INFO  metrics.RatisMetrics (RatisMetrics.java:unregister(43)) - Unregistering Metrics Registry : ratis.leader_election.817716dc-74d9-44e3-96f4-247fb6d3bd86@group-18EA97DC0098
2021-07-17 01:45:12,964 [ForkJoinPool.commonPool-worker-0] INFO  metrics.RatisMetrics (RatisMetrics.java:unregister(43)) - Unregistering Metrics Registry : ratis.server.817716dc-74d9-44e3-96f4-247fb6d3bd86@group-18EA97DC0098
2021-07-17 01:45:12,965 [ForkJoinPool.commonPool-worker-0] INFO  server.GrpcService (GrpcService.java:closeImpl(262)) - 817716dc-74d9-44e3-96f4-247fb6d3bd86: shutdown server with port 37853 now
2021-07-17 01:45:12,966 [grpc-default-executor-1] WARN  client.GrpcClientProtocolService (LogUtils.java:warn(122)) - 0-OrderedRequestStreamObserver0: onError: org.apache.ratis.thirdparty.io.grpc.StatusRuntimeException: CANCELLED: client cancelled
2021-07-17 01:45:12,966 [grpc-default-executor-3] WARN  server.GrpcServerProtocolService (LogUtils.java:warn(122)) - 817716dc-74d9-44e3-96f4-247fb6d3bd86: installSnapshot onError, lastRequest: b32faf46-69b0-41ce-b187-d9527561eeb9->817716dc-74d9-44e3-96f4-247fb6d3bd86#2-t7,previous=(t:7, i:3),leaderCommit=3,initializing? true,entries: size=1, first=(t:7, i:4), METADATAENTRY(c:3): org.apache.ratis.thirdparty.io.grpc.StatusRuntimeException: CANCELLED: client cancelled
2021-07-17 01:45:12,979 [grpc-default-executor-5] WARN  server.GrpcLogAppender (LogUtils.java:warn(122)) - b32faf46-69b0-41ce-b187-d9527561eeb9@group-18EA97DC0098->817716dc-74d9-44e3-96f4-247fb6d3bd86-AppendLogResponseHandler: Failed appendEntries: org.apache.ratis.thirdparty.io.grpc.StatusRuntimeException: CANCELLED: HTTP/2 error code: CANCEL
Received Rst Stream
2021-07-17 01:45:12,979 [grpc-default-executor-5] INFO  leader.FollowerInfo (FollowerInfoImpl.java:lambda$new$0(46)) - b32faf46-69b0-41ce-b187-d9527561eeb9@group-18EA97DC0098->817716dc-74d9-44e3-96f4-247fb6d3bd86: nextIndex: updateUnconditionally 5 -> 4
2021-07-17 01:45:12,987 [grpc-default-executor-3] WARN  server.GrpcLogAppender (LogUtils.java:warn(122)) - b32faf46-69b0-41ce-b187-d9527561eeb9@group-18EA97DC0098->817716dc-74d9-44e3-96f4-247fb6d3bd86-AppendLogResponseHandler: Failed appendEntries: org.apache.ratis.thirdparty.io.grpc.StatusRuntimeException: UNAVAILABLE: io exception
2021-07-17 01:45:12,987 [grpc-default-executor-3] INFO  leader.FollowerInfo (FollowerInfoImpl.java:lambda$new$0(46)) - b32faf46-69b0-41ce-b187-d9527561eeb9@group-18EA97DC0098->817716dc-74d9-44e3-96f4-247fb6d3bd86: nextIndex: updateUnconditionally 5 -> 4
2021-07-17 01:45:13,006 [ForkJoinPool.commonPool-worker-0] INFO  server.GrpcService (GrpcService.java:closeImpl(271)) - 817716dc-74d9-44e3-96f4-247fb6d3bd86: shutdown server with port 37853 successfully
2021-07-17 01:45:13,006 [org.apache.ratis.util.JvmPauseMonitor$$Lambda$525/732148902@627ca157] INFO  util.JvmPauseMonitor (JvmPauseMonitor.java:run(109)) - JvmPauseMonitor-817716dc-74d9-44e3-96f4-247fb6d3bd86: Stopped
2021-07-17 01:45:13,019 [ForkJoinPool.commonPool-worker-0] INFO  utils.BackgroundService (BackgroundService.java:shutdown(132)) - Shutting down service BlockDeletingService
2021-07-17 01:45:13,019 [ForkJoinPool.commonPool-worker-0] INFO  statemachine.DatanodeStateMachine (DatanodeStateMachine.java:stopDaemon(514)) - Ozone container server stopped.
2021-07-17 01:45:13,021 [ForkJoinPool.commonPool-worker-0] INFO  handler.ContextHandler (ContextHandler.java:doStop(1154)) - Stopped o.e.j.w.WebAppContext@158c9da0{hddsDatanode,/,null,STOPPED}{jar:file:/home/runner/.m2/repository/org/apache/ozone/hdds-container-service/1.2.0-SNAPSHOT/hdds-container-service-1.2.0-SNAPSHOT.jar!/webapps/hddsDatanode}
2021-07-17 01:45:13,023 [ForkJoinPool.commonPool-worker-0] INFO  server.AbstractConnector (AbstractConnector.java:doStop(381)) - Stopped ServerConnector@251c5444{HTTP/1.1, (http/1.1)}{0.0.0.0:0}
2021-07-17 01:45:13,024 [ForkJoinPool.commonPool-worker-0] INFO  server.session (HouseKeeper.java:stopScavenging(149)) - node0 Stopped scavenging
2021-07-17 01:45:13,025 [ForkJoinPool.commonPool-worker-0] INFO  handler.ContextHandler (ContextHandler.java:doStop(1154)) - Stopped o.e.j.s.ServletContextHandler@3e4bca9{static,/static,jar:file:/home/runner/.m2/repository/org/apache/ozone/hdds-container-service/1.2.0-SNAPSHOT/hdds-container-service-1.2.0-SNAPSHOT.jar!/webapps/static,STOPPED}
2021-07-17 01:45:13,030 [ForkJoinPool.commonPool-worker-0] INFO  handler.ContextHandler (ContextHandler.java:doStop(1154)) - Stopped o.e.j.s.ServletContextHandler@34e7b058{logs,/logs,file:///home/runner/work/ozone/ozone/mnt/ozone/hadoop-ozone/integration-test/target/log,STOPPED}
2021-07-17 01:45:13,105 [Datanode State Machine Thread - 0] INFO  statemachine.DatanodeStateMachine (DatanodeStateMachine.java:lambda$startDaemon$0(456)) - Ozone container server started.
2021-07-17 01:45:13,602 [Datanode State Machine Thread - 0] INFO  statemachine.DatanodeStateMachine (DatanodeStateMachine.java:lambda$startDaemon$0(456)) - Ozone container server started.
2021-07-17 01:45:14,649 [grpc-default-executor-3] WARN  server.GrpcLogAppender (LogUtils.java:warn(122)) - b32faf46-69b0-41ce-b187-d9527561eeb9@group-18EA97DC0098->30d49bb6-b206-443f-92f8-de1941ac4061-AppendLogResponseHandler: Failed appendEntries: org.apache.ratis.thirdparty.io.grpc.StatusRuntimeException: UNAVAILABLE: io exception
2021-07-17 01:45:14,649 [grpc-default-executor-3] WARN  server.GrpcLogAppender (GrpcLogAppender.java:resetClient(111)) - b32faf46-69b0-41ce-b187-d9527561eeb9@group-18EA97DC0098->30d49bb6-b206-443f-92f8-de1941ac4061-GrpcLogAppender: Leader has not got in touch with Follower b32faf46-69b0-41ce-b187-d9527561eeb9@group-18EA97DC0098->30d49bb6-b206-443f-92f8-de1941ac4061(c-1,m0,n5, attendVote=true, lastRpcSendTime=0, lastRpcResponseTime=7744) yet, just keep nextIndex unchanged and retry.
2021-07-17 01:45:15,147 [grpc-default-executor-4] WARN  server.GrpcLogAppender (LogUtils.java:warn(122)) - 6357416b-3a0c-4a85-a83f-939eb676dba2@group-2359FAE4794D->155d2fb2-0dbf-48e7-822f-44a07ee5e1e6-AppendLogResponseHandler: Failed appendEntries: org.apache.ratis.thirdparty.io.grpc.StatusRuntimeException: UNAVAILABLE: io exception
2021-07-17 01:45:15,148 [grpc-default-executor-4] WARN  server.GrpcLogAppender (GrpcLogAppender.java:resetClient(111)) - 6357416b-3a0c-4a85-a83f-939eb676dba2@group-2359FAE4794D->155d2fb2-0dbf-48e7-822f-44a07ee5e1e6-GrpcLogAppender: Leader has not got in touch with Follower 6357416b-3a0c-4a85-a83f-939eb676dba2@group-2359FAE4794D->155d2fb2-0dbf-48e7-822f-44a07ee5e1e6(c0,m0,n1, attendVote=true, lastRpcSendTime=0, lastRpcResponseTime=2502) yet, just keep nextIndex unchanged and retry.
2021-07-17 01:45:15,491 [grpc-default-executor-4] WARN  server.GrpcLogAppender (LogUtils.java:warn(122)) - b32faf46-69b0-41ce-b187-d9527561eeb9@group-18EA97DC0098->817716dc-74d9-44e3-96f4-247fb6d3bd86-AppendLogResponseHandler: Failed appendEntries: org.apache.ratis.thirdparty.io.grpc.StatusRuntimeException: UNAVAILABLE: io exception
2021-07-17 01:45:15,491 [grpc-default-executor-4] INFO  leader.FollowerInfo (FollowerInfoImpl.java:lambda$new$0(46)) - b32faf46-69b0-41ce-b187-d9527561eeb9@group-18EA97DC0098->817716dc-74d9-44e3-96f4-247fb6d3bd86: nextIndex: updateUnconditionally 5 -> 4
2021-07-17 01:45:17,149 [grpc-default-executor-4] WARN  server.GrpcLogAppender (LogUtils.java:warn(122)) - b32faf46-69b0-41ce-b187-d9527561eeb9@group-18EA97DC0098->30d49bb6-b206-443f-92f8-de1941ac4061-AppendLogResponseHandler: Failed appendEntries: org.apache.ratis.thirdparty.io.grpc.StatusRuntimeException: UNAVAILABLE: io exception
2021-07-17 01:45:17,150 [grpc-default-executor-4] WARN  server.GrpcLogAppender (GrpcLogAppender.java:resetClient(111)) - b32faf46-69b0-41ce-b187-d9527561eeb9@group-18EA97DC0098->30d49bb6-b206-443f-92f8-de1941ac4061-GrpcLogAppender: Leader has not got in touch with Follower b32faf46-69b0-41ce-b187-d9527561eeb9@group-18EA97DC0098->30d49bb6-b206-443f-92f8-de1941ac4061(c-1,m0,n5, attendVote=true, lastRpcSendTime=2501, lastRpcResponseTime=10244) yet, just keep nextIndex unchanged and retry.
2021-07-17 01:45:17,357 [b32faf46-69b0-41ce-b187-d9527561eeb9@group-18EA97DC0098-LeaderStateImpl] WARN  server.RaftServer$Division (LeaderStateImpl.java:checkLeadership(944)) - b32faf46-69b0-41ce-b187-d9527561eeb9@group-18EA97DC0098-LeaderStateImpl: Lost leadership on term: 7. Election timeout: 5200ms. In charge for: 5252ms. Conf: 3: [817716dc-74d9-44e3-96f4-247fb6d3bd86|rpc:10.1.0.46:37853|dataStream:|priority:0, 30d49bb6-b206-443f-92f8-de1941ac4061|rpc:10.1.0.46:40535|dataStream:|priority:1, b32faf46-69b0-41ce-b187-d9527561eeb9|rpc:10.1.0.46:42083|dataStream:|priority:0], old=null
2021-07-17 01:45:17,358 [b32faf46-69b0-41ce-b187-d9527561eeb9@group-18EA97DC0098-LeaderStateImpl] WARN  server.RaftServer$Division (LeaderStateImpl.java:lambda$checkLeadership$15(948)) - Follower b32faf46-69b0-41ce-b187-d9527561eeb9@group-18EA97DC0098->817716dc-74d9-44e3-96f4-247fb6d3bd86(c3,m4,n4, attendVote=true, lastRpcSendTime=1867, lastRpcResponseTime=5202)
2021-07-17 01:45:17,358 [b32faf46-69b0-41ce-b187-d9527561eeb9@group-18EA97DC0098-LeaderStateImpl] WARN  server.RaftServer$Division (LeaderStateImpl.java:lambda$checkLeadership$15(948)) - Follower b32faf46-69b0-41ce-b187-d9527561eeb9@group-18EA97DC0098->30d49bb6-b206-443f-92f8-de1941ac4061(c-1,m0,n5, attendVote=true, lastRpcSendTime=208, lastRpcResponseTime=10452)
2021-07-17 01:45:17,358 [b32faf46-69b0-41ce-b187-d9527561eeb9@group-18EA97DC0098-LeaderStateImpl] INFO  server.RaftServer$Division (RaftServerImpl.java:setRole(284)) - b32faf46-69b0-41ce-b187-d9527561eeb9@group-18EA97DC0098: changes role from    LEADER to FOLLOWER at term 7 for StepDownReason:LOST_MAJORITY_HEARTBEATS
2021-07-17 01:45:17,358 [b32faf46-69b0-41ce-b187-d9527561eeb9@group-18EA97DC0098-LeaderStateImpl] INFO  impl.RoleInfo (RoleInfo.java:shutdownLeaderState(91)) - b32faf46-69b0-41ce-b187-d9527561eeb9: shutdown b32faf46-69b0-41ce-b187-d9527561eeb9@group-18EA97DC0098-LeaderStateImpl
2021-07-17 01:45:17,358 [b32faf46-69b0-41ce-b187-d9527561eeb9@group-18EA97DC0098-LeaderStateImpl] INFO  metrics.RatisMetrics (RatisMetrics.java:unregister(43)) - Unregistering Metrics Registry : ratis_grpc.log_appender.b32faf46-69b0-41ce-b187-d9527561eeb9@group-18EA97DC0098
2021-07-17 01:45:17,358 [b32faf46-69b0-41ce-b187-d9527561eeb9@group-18EA97DC0098-LeaderStateImpl] INFO  metrics.RatisMetrics (RatisMetrics.java:unregister(43)) - Unregistering Metrics Registry : ratis_grpc.log_appender.b32faf46-69b0-41ce-b187-d9527561eeb9@group-18EA97DC0098
2021-07-17 01:45:17,358 [b32faf46-69b0-41ce-b187-d9527561eeb9@group-18EA97DC0098-LeaderStateImpl] INFO  impl.PendingRequests (PendingRequests.java:sendNotLeaderResponses(249)) - b32faf46-69b0-41ce-b187-d9527561eeb9@group-18EA97DC0098-PendingRequests: sendNotLeaderResponses
2021-07-17 01:45:17,358 [b32faf46-69b0-41ce-b187-d9527561eeb9@group-18EA97DC0098-LeaderStateImpl] INFO  metrics.RatisMetrics (RatisMetrics.java:unregister(43)) - Unregistering Metrics Registry : ratis.log_appender.b32faf46-69b0-41ce-b187-d9527561eeb9@group-18EA97DC0098
2021-07-17 01:45:17,358 [b32faf46-69b0-41ce-b187-d9527561eeb9@group-18EA97DC0098-LeaderStateImpl] INFO  metrics.RatisMetrics (RatisMetrics.java:unregister(43)) - Unregistering Metrics Registry : ratis.server.b32faf46-69b0-41ce-b187-d9527561eeb9@group-18EA97DC0098
2021-07-17 01:45:17,359 [b32faf46-69b0-41ce-b187-d9527561eeb9@group-18EA97DC0098-LeaderStateImpl] INFO  impl.RoleInfo (RoleInfo.java:updateAndGet(130)) - b32faf46-69b0-41ce-b187-d9527561eeb9: start b32faf46-69b0-41ce-b187-d9527561eeb9@group-18EA97DC0098-FollowerState
2021-07-17 01:45:17,359 [b32faf46-69b0-41ce-b187-d9527561eeb9@group-18EA97DC0098->817716dc-74d9-44e3-96f4-247fb6d3bd86-GrpcLogAppender-LogAppenderDaemon] WARN  server.GrpcLogAppender (GrpcLogAppender.java:mayWait(175)) - b32faf46-69b0-41ce-b187-d9527561eeb9@group-18EA97DC0098->817716dc-74d9-44e3-96f4-247fb6d3bd86-GrpcLogAppender: Wait interrupted by java.lang.InterruptedException
2021-07-17 01:45:17,647 [grpc-default-executor-4] WARN  server.GrpcLogAppender (LogUtils.java:warn(122)) - 6357416b-3a0c-4a85-a83f-939eb676dba2@group-2359FAE4794D->155d2fb2-0dbf-48e7-822f-44a07ee5e1e6-AppendLogResponseHandler: Failed appendEntries: org.apache.ratis.thirdparty.io.grpc.StatusRuntimeException: UNAVAILABLE: io exception
2021-07-17 01:45:17,648 [grpc-default-executor-4] WARN  server.GrpcLogAppender (GrpcLogAppender.java:resetClient(111)) - 6357416b-3a0c-4a85-a83f-939eb676dba2@group-2359FAE4794D->155d2fb2-0dbf-48e7-822f-44a07ee5e1e6-GrpcLogAppender: Leader has not got in touch with Follower 6357416b-3a0c-4a85-a83f-939eb676dba2@group-2359FAE4794D->155d2fb2-0dbf-48e7-822f-44a07ee5e1e6(c0,m0,n1, attendVote=true, lastRpcSendTime=0, lastRpcResponseTime=5002) yet, just keep nextIndex unchanged and retry.
2021-07-17 01:45:17,933 [Listener at 127.0.0.1/42341] INFO  ozoneimpl.OzoneContainer (OzoneContainer.java:stop(326)) - Attempting to stop container services.
2021-07-17 01:45:17,933 [Listener at 127.0.0.1/42341] INFO  server.RaftServer (RaftServerProxy.java:lambda$close$6(391)) - 6357416b-3a0c-4a85-a83f-939eb676dba2: close
2021-07-17 01:45:17,934 [Listener at 127.0.0.1/42341] INFO  server.RaftServer$Division (RaftServerImpl.java:lambda$close$4(406)) - 6357416b-3a0c-4a85-a83f-939eb676dba2@group-A2170D7A80C4: shutdown
2021-07-17 01:45:17,934 [Listener at 127.0.0.1/42341] INFO  util.JmxRegister (JmxRegister.java:unregister(73)) - Successfully un-registered JMX Bean with object name Ratis:service=RaftServer,group=group-A2170D7A80C4,id=6357416b-3a0c-4a85-a83f-939eb676dba2
2021-07-17 01:45:17,934 [Listener at 127.0.0.1/42341] INFO  impl.RoleInfo (RoleInfo.java:shutdownLeaderState(91)) - 6357416b-3a0c-4a85-a83f-939eb676dba2: shutdown 6357416b-3a0c-4a85-a83f-939eb676dba2@group-A2170D7A80C4-LeaderStateImpl
2021-07-17 01:45:17,934 [Listener at 127.0.0.1/42341] INFO  impl.PendingRequests (PendingRequests.java:sendNotLeaderResponses(249)) - 6357416b-3a0c-4a85-a83f-939eb676dba2@group-A2170D7A80C4-PendingRequests: sendNotLeaderResponses
2021-07-17 01:45:17,934 [Listener at 127.0.0.1/42341] INFO  metrics.RatisMetrics (RatisMetrics.java:unregister(43)) - Unregistering Metrics Registry : ratis.log_appender.6357416b-3a0c-4a85-a83f-939eb676dba2@group-A2170D7A80C4
2021-07-17 01:45:17,934 [Listener at 127.0.0.1/42341] INFO  metrics.RatisMetrics (RatisMetrics.java:unregister(43)) - Unregistering Metrics Registry : ratis.server.6357416b-3a0c-4a85-a83f-939eb676dba2@group-A2170D7A80C4
2021-07-17 01:45:17,935 [Listener at 127.0.0.1/42341] INFO  impl.StateMachineUpdater (StateMachineUpdater.java:stopAndJoin(149)) - 6357416b-3a0c-4a85-a83f-939eb676dba2@group-A2170D7A80C4-StateMachineUpdater: set stopIndex = 0
2021-07-17 01:45:17,935 [6357416b-3a0c-4a85-a83f-939eb676dba2@group-A2170D7A80C4-StateMachineUpdater] INFO  ratis.ContainerStateMachine (ContainerStateMachine.java:takeSnapshot(291)) - group-A2170D7A80C4: Taking a snapshot at:(t:1, i:0) file /home/runner/work/ozone/ozone/mnt/ozone/hadoop-ozone/integration-test/target/test-dir/MiniOzoneClusterImpl-ab53e13c-b7a0-452c-aef0-b95992dbe1a2/datanode-8/data/ratis/a6d5e2ac-eb74-493d-88fd-a2170d7a80c4/sm/snapshot.1_0
2021-07-17 01:45:17,936 [6357416b-3a0c-4a85-a83f-939eb676dba2@group-A2170D7A80C4-StateMachineUpdater] INFO  ratis.ContainerStateMachine (ContainerStateMachine.java:takeSnapshot(302)) - group-A2170D7A80C4: Finished taking a snapshot at:(t:1, i:0) file:/home/runner/work/ozone/ozone/mnt/ozone/hadoop-ozone/integration-test/target/test-dir/MiniOzoneClusterImpl-ab53e13c-b7a0-452c-aef0-b95992dbe1a2/datanode-8/data/ratis/a6d5e2ac-eb74-493d-88fd-a2170d7a80c4/sm/snapshot.1_0 took: 1 ms
2021-07-17 01:45:17,937 [6357416b-3a0c-4a85-a83f-939eb676dba2@group-A2170D7A80C4-StateMachineUpdater] INFO  impl.StateMachineUpdater (StateMachineUpdater.java:takeSnapshot(281)) - 6357416b-3a0c-4a85-a83f-939eb676dba2@group-A2170D7A80C4-StateMachineUpdater: Took a snapshot at index 0
2021-07-17 01:45:17,937 [6357416b-3a0c-4a85-a83f-939eb676dba2@group-A2170D7A80C4-StateMachineUpdater] INFO  impl.StateMachineUpdater (StateMachineUpdater.java:lambda$new$0(89)) - 6357416b-3a0c-4a85-a83f-939eb676dba2@group-A2170D7A80C4-StateMachineUpdater: snapshotIndex: updateIncreasingly -1 -> 0
2021-07-17 01:45:17,937 [6357416b-3a0c-4a85-a83f-939eb676dba2@group-A2170D7A80C4-StateMachineUpdater] INFO  metrics.RatisMetrics (RatisMetrics.java:unregister(43)) - Unregistering Metrics Registry : ratis.state_machine.6357416b-3a0c-4a85-a83f-939eb676dba2@group-A2170D7A80C4
2021-07-17 01:45:17,937 [Listener at 127.0.0.1/42341] INFO  server.RaftServer$Division (ServerState.java:close(405)) - 6357416b-3a0c-4a85-a83f-939eb676dba2@group-A2170D7A80C4: closes. applyIndex: 0
2021-07-17 01:45:17,937 [6357416b-3a0c-4a85-a83f-939eb676dba2@group-A2170D7A80C4-SegmentedRaftLogWorker] INFO  segmented.SegmentedRaftLogWorker (SegmentedRaftLogWorker.java:run(327)) - 6357416b-3a0c-4a85-a83f-939eb676dba2@group-A2170D7A80C4-SegmentedRaftLogWorker was interrupted, exiting. There are 0 tasks remaining in the queue.
2021-07-17 01:45:17,937 [Listener at 127.0.0.1/42341] INFO  segmented.SegmentedRaftLogWorker (SegmentedRaftLogWorker.java:close(237)) - 6357416b-3a0c-4a85-a83f-939eb676dba2@group-A2170D7A80C4-SegmentedRaftLogWorker close()
2021-07-17 01:45:17,938 [Listener at 127.0.0.1/42341] INFO  metrics.RatisMetrics (RatisMetrics.java:unregister(43)) - Unregistering Metrics Registry : ratis.log_worker.6357416b-3a0c-4a85-a83f-939eb676dba2@group-A2170D7A80C4
2021-07-17 01:45:17,938 [Listener at 127.0.0.1/42341] INFO  metrics.RatisMetrics (RatisMetrics.java:unregister(43)) - Unregistering Metrics Registry : ratis.leader_election.6357416b-3a0c-4a85-a83f-939eb676dba2@group-A2170D7A80C4
2021-07-17 01:45:17,939 [Listener at 127.0.0.1/42341] INFO  metrics.RatisMetrics (RatisMetrics.java:unregister(43)) - Unregistering Metrics Registry : ratis.server.6357416b-3a0c-4a85-a83f-939eb676dba2@group-A2170D7A80C4
2021-07-17 01:45:17,939 [Listener at 127.0.0.1/42341] INFO  server.RaftServer$Division (RaftServerImpl.java:lambda$close$4(406)) - 6357416b-3a0c-4a85-a83f-939eb676dba2@group-2359FAE4794D: shutdown
2021-07-17 01:45:17,939 [Listener at 127.0.0.1/42341] INFO  util.JmxRegister (JmxRegister.java:unregister(73)) - Successfully un-registered JMX Bean with object name Ratis:service=RaftServer,group=group-2359FAE4794D,id=6357416b-3a0c-4a85-a83f-939eb676dba2
2021-07-17 01:45:17,939 [Listener at 127.0.0.1/42341] INFO  impl.RoleInfo (RoleInfo.java:shutdownLeaderState(91)) - 6357416b-3a0c-4a85-a83f-939eb676dba2: shutdown 6357416b-3a0c-4a85-a83f-939eb676dba2@group-2359FAE4794D-LeaderStateImpl
2021-07-17 01:45:17,939 [Listener at 127.0.0.1/42341] INFO  metrics.RatisMetrics (RatisMetrics.java:unregister(43)) - Unregistering Metrics Registry : ratis_grpc.log_appender.6357416b-3a0c-4a85-a83f-939eb676dba2@group-2359FAE4794D
2021-07-17 01:45:17,939 [Listener at 127.0.0.1/42341] INFO  metrics.RatisMetrics (RatisMetrics.java:unregister(43)) - Unregistering Metrics Registry : ratis_grpc.log_appender.6357416b-3a0c-4a85-a83f-939eb676dba2@group-2359FAE4794D
2021-07-17 01:45:17,939 [Listener at 127.0.0.1/42341] INFO  impl.PendingRequests (PendingRequests.java:sendNotLeaderResponses(249)) - 6357416b-3a0c-4a85-a83f-939eb676dba2@group-2359FAE4794D-PendingRequests: sendNotLeaderResponses
2021-07-17 01:45:17,939 [6357416b-3a0c-4a85-a83f-939eb676dba2@group-2359FAE4794D->2cdc0689-27ad-48f6-b58d-8766a5040b34-GrpcLogAppender-LogAppenderDaemon] WARN  server.GrpcLogAppender (GrpcLogAppender.java:mayWait(175)) - 6357416b-3a0c-4a85-a83f-939eb676dba2@group-2359FAE4794D->2cdc0689-27ad-48f6-b58d-8766a5040b34-GrpcLogAppender: Wait interrupted by java.lang.InterruptedException
2021-07-17 01:45:17,940 [Listener at 127.0.0.1/42341] INFO  metrics.RatisMetrics (RatisMetrics.java:unregister(43)) - Unregistering Metrics Registry : ratis.log_appender.6357416b-3a0c-4a85-a83f-939eb676dba2@group-2359FAE4794D
2021-07-17 01:45:17,940 [Listener at 127.0.0.1/42341] INFO  metrics.RatisMetrics (RatisMetrics.java:unregister(43)) - Unregistering Metrics Registry : ratis.server.6357416b-3a0c-4a85-a83f-939eb676dba2@group-2359FAE4794D
2021-07-17 01:45:17,940 [grpc-default-executor-4] INFO  server.GrpcServerProtocolService (GrpcServerProtocolService.java:onCompleted(140)) - 2cdc0689-27ad-48f6-b58d-8766a5040b34: Completed APPEND_ENTRIES, lastRequest: 6357416b-3a0c-4a85-a83f-939eb676dba2->2cdc0689-27ad-48f6-b58d-8766a5040b34#1-t3,previous=(t:0, i:0),leaderCommit=0,initializing? true,entries: size=1, first=(t:3, i:0), CONFIGURATIONENTRY
2021-07-17 01:45:17,941 [6357416b-3a0c-4a85-a83f-939eb676dba2@group-2359FAE4794D-StateMachineUpdater] INFO  ratis.ContainerStateMachine (ContainerStateMachine.java:takeSnapshot(291)) - group-2359FAE4794D: Taking a snapshot at:(t:3, i:0) file /home/runner/work/ozone/ozone/mnt/ozone/hadoop-ozone/integration-test/target/test-dir/MiniOzoneClusterImpl-ab53e13c-b7a0-452c-aef0-b95992dbe1a2/datanode-8/data/ratis/12500e82-9553-4f92-b0c8-2359fae4794d/sm/snapshot.3_0
2021-07-17 01:45:17,941 [Listener at 127.0.0.1/42341] INFO  impl.StateMachineUpdater (StateMachineUpdater.java:stopAndJoin(149)) - 6357416b-3a0c-4a85-a83f-939eb676dba2@group-2359FAE4794D-StateMachineUpdater: set stopIndex = 0
2021-07-17 01:45:17,941 [grpc-default-executor-3] INFO  server.GrpcLogAppender (GrpcLogAppender.java:onCompleted(344)) - 6357416b-3a0c-4a85-a83f-939eb676dba2@group-2359FAE4794D->2cdc0689-27ad-48f6-b58d-8766a5040b34-AppendLogResponseHandler: follower responses appendEntries COMPLETED
2021-07-17 01:45:17,941 [grpc-default-executor-3] INFO  leader.FollowerInfo (FollowerInfoImpl.java:lambda$new$0(46)) - 6357416b-3a0c-4a85-a83f-939eb676dba2@group-2359FAE4794D->2cdc0689-27ad-48f6-b58d-8766a5040b34: nextIndex: updateUnconditionally 1 -> 0
2021-07-17 01:45:17,941 [6357416b-3a0c-4a85-a83f-939eb676dba2@group-2359FAE4794D-StateMachineUpdater] INFO  ratis.ContainerStateMachine (ContainerStateMachine.java:takeSnapshot(302)) - group-2359FAE4794D: Finished taking a snapshot at:(t:3, i:0) file:/home/runner/work/ozone/ozone/mnt/ozone/hadoop-ozone/integration-test/target/test-dir/MiniOzoneClusterImpl-ab53e13c-b7a0-452c-aef0-b95992dbe1a2/datanode-8/data/ratis/12500e82-9553-4f92-b0c8-2359fae4794d/sm/snapshot.3_0 took: 0 ms
2021-07-17 01:45:17,942 [6357416b-3a0c-4a85-a83f-939eb676dba2@group-2359FAE4794D-StateMachineUpdater] INFO  impl.StateMachineUpdater (StateMachineUpdater.java:takeSnapshot(281)) - 6357416b-3a0c-4a85-a83f-939eb676dba2@group-2359FAE4794D-StateMachineUpdater: Took a snapshot at index 0
2021-07-17 01:45:17,942 [6357416b-3a0c-4a85-a83f-939eb676dba2@group-2359FAE4794D-StateMachineUpdater] INFO  impl.StateMachineUpdater (StateMachineUpdater.java:lambda$new$0(89)) - 6357416b-3a0c-4a85-a83f-939eb676dba2@group-2359FAE4794D-StateMachineUpdater: snapshotIndex: updateIncreasingly -1 -> 0
2021-07-17 01:45:17,942 [6357416b-3a0c-4a85-a83f-939eb676dba2@group-2359FAE4794D-StateMachineUpdater] INFO  metrics.RatisMetrics (RatisMetrics.java:unregister(43)) - Unregistering Metrics Registry : ratis.state_machine.6357416b-3a0c-4a85-a83f-939eb676dba2@group-2359FAE4794D
2021-07-17 01:45:17,942 [Listener at 127.0.0.1/42341] INFO  server.RaftServer$Division (ServerState.java:close(405)) - 6357416b-3a0c-4a85-a83f-939eb676dba2@group-2359FAE4794D: closes. applyIndex: 0
2021-07-17 01:45:17,942 [6357416b-3a0c-4a85-a83f-939eb676dba2@group-2359FAE4794D-SegmentedRaftLogWorker] INFO  segmented.SegmentedRaftLogWorker (SegmentedRaftLogWorker.java:run(327)) - 6357416b-3a0c-4a85-a83f-939eb676dba2@group-2359FAE4794D-SegmentedRaftLogWorker was interrupted, exiting. There are 0 tasks remaining in the queue.
2021-07-17 01:45:17,942 [Listener at 127.0.0.1/42341] INFO  segmented.SegmentedRaftLogWorker (SegmentedRaftLogWorker.java:close(237)) - 6357416b-3a0c-4a85-a83f-939eb676dba2@group-2359FAE4794D-SegmentedRaftLogWorker close()
2021-07-17 01:45:17,943 [Listener at 127.0.0.1/42341] INFO  metrics.RatisMetrics (RatisMetrics.java:unregister(43)) - Unregistering Metrics Registry : ratis.log_worker.6357416b-3a0c-4a85-a83f-939eb676dba2@group-2359FAE4794D
2021-07-17 01:45:17,943 [Listener at 127.0.0.1/42341] INFO  metrics.RatisMetrics (RatisMetrics.java:unregister(43)) - Unregistering Metrics Registry : ratis.leader_election.6357416b-3a0c-4a85-a83f-939eb676dba2@group-2359FAE4794D
2021-07-17 01:45:17,943 [Listener at 127.0.0.1/42341] INFO  metrics.RatisMetrics (RatisMetrics.java:unregister(43)) - Unregistering Metrics Registry : ratis.server.6357416b-3a0c-4a85-a83f-939eb676dba2@group-2359FAE4794D
2021-07-17 01:45:17,943 [Listener at 127.0.0.1/42341] INFO  server.GrpcService (GrpcService.java:closeImpl(262)) - 6357416b-3a0c-4a85-a83f-939eb676dba2: shutdown server with port 37413 now
2021-07-17 01:45:17,948 [Listener at 127.0.0.1/42341] INFO  server.GrpcService (GrpcService.java:closeImpl(271)) - 6357416b-3a0c-4a85-a83f-939eb676dba2: shutdown server with port 37413 successfully
2021-07-17 01:45:17,948 [org.apache.ratis.util.JvmPauseMonitor$$Lambda$525/732148902@3f9d7e0] INFO  util.JvmPauseMonitor (JvmPauseMonitor.java:run(109)) - JvmPauseMonitor-6357416b-3a0c-4a85-a83f-939eb676dba2: Stopped
2021-07-17 01:45:17,948 [Listener at 127.0.0.1/42341] INFO  utils.BackgroundService (BackgroundService.java:shutdown(132)) - Shutting down service BlockDeletingService
2021-07-17 01:45:17,949 [Listener at 127.0.0.1/42341] INFO  statemachine.DatanodeStateMachine (DatanodeStateMachine.java:stopDaemon(514)) - Ozone container server stopped.
2021-07-17 01:45:17,950 [Listener at 127.0.0.1/42341] INFO  handler.ContextHandler (ContextHandler.java:doStop(1154)) - Stopped o.e.j.w.WebAppContext@35007ef{hddsDatanode,/,null,STOPPED}{jar:file:/home/runner/.m2/repository/org/apache/ozone/hdds-container-service/1.2.0-SNAPSHOT/hdds-container-service-1.2.0-SNAPSHOT.jar!/webapps/hddsDatanode}
2021-07-17 01:45:17,950 [Listener at 127.0.0.1/42341] INFO  server.AbstractConnector (AbstractConnector.java:doStop(381)) - Stopped ServerConnector@7ca6dbbd{HTTP/1.1, (http/1.1)}{0.0.0.0:0}
2021-07-17 01:45:17,950 [Listener at 127.0.0.1/42341] INFO  server.session (HouseKeeper.java:stopScavenging(149)) - node0 Stopped scavenging
2021-07-17 01:45:17,951 [Listener at 127.0.0.1/42341] INFO  handler.ContextHandler (ContextHandler.java:doStop(1154)) - Stopped o.e.j.s.ServletContextHandler@49029e1d{static,/static,jar:file:/home/runner/.m2/repository/org/apache/ozone/hdds-container-service/1.2.0-SNAPSHOT/hdds-container-service-1.2.0-SNAPSHOT.jar!/webapps/static,STOPPED}
2021-07-17 01:45:17,951 [Listener at 127.0.0.1/42341] INFO  handler.ContextHandler (ContextHandler.java:doStop(1154)) - Stopped o.e.j.s.ServletContextHandler@1fa3f72{logs,/logs,file:///home/runner/work/ozone/ozone/mnt/ozone/hadoop-ozone/integration-test/target/log,STOPPED}
2021-07-17 01:45:18,031 [ForkJoinPool.commonPool-worker-0] INFO  ozoneimpl.OzoneContainer (OzoneContainer.java:stop(326)) - Attempting to stop container services.
2021-07-17 01:45:18,032 [ForkJoinPool.commonPool-worker-0] INFO  server.RaftServer (RaftServerProxy.java:lambda$close$6(391)) - b32faf46-69b0-41ce-b187-d9527561eeb9: close
2021-07-17 01:45:18,032 [ForkJoinPool.commonPool-worker-0] INFO  server.RaftServer$Division (RaftServerImpl.java:lambda$close$4(406)) - b32faf46-69b0-41ce-b187-d9527561eeb9@group-18EA97DC0098: shutdown
2021-07-17 01:45:18,032 [ForkJoinPool.commonPool-worker-0] INFO  util.JmxRegister (JmxRegister.java:unregister(73)) - Successfully un-registered JMX Bean with object name Ratis:service=RaftServer,group=group-18EA97DC0098,id=b32faf46-69b0-41ce-b187-d9527561eeb9
2021-07-17 01:45:18,032 [ForkJoinPool.commonPool-worker-0] INFO  impl.RoleInfo (RoleInfo.java:shutdownFollowerState(108)) - b32faf46-69b0-41ce-b187-d9527561eeb9: shutdown b32faf46-69b0-41ce-b187-d9527561eeb9@group-18EA97DC0098-FollowerState
2021-07-17 01:45:18,032 [ForkJoinPool.commonPool-worker-0] INFO  impl.StateMachineUpdater (StateMachineUpdater.java:stopAndJoin(149)) - b32faf46-69b0-41ce-b187-d9527561eeb9@group-18EA97DC0098-StateMachineUpdater: set stopIndex = 4
2021-07-17 01:45:18,032 [b32faf46-69b0-41ce-b187-d9527561eeb9@group-18EA97DC0098-FollowerState] INFO  impl.FollowerState (FollowerState.java:run(143)) - b32faf46-69b0-41ce-b187-d9527561eeb9@group-18EA97DC0098-FollowerState was interrupted: {}
java.lang.InterruptedException: sleep interrupted
	at java.lang.Thread.sleep(Native Method)
	at java.lang.Thread.sleep(Thread.java:340)
	at java.util.concurrent.TimeUnit.sleep(TimeUnit.java:386)
	at org.apache.ratis.util.TimeDuration.sleep(TimeDuration.java:324)
	at org.apache.ratis.util.TimeDuration.sleep(TimeDuration.java:309)
	at org.apache.ratis.server.impl.FollowerState.run(FollowerState.java:118)
2021-07-17 01:45:18,032 [b32faf46-69b0-41ce-b187-d9527561eeb9@group-18EA97DC0098-StateMachineUpdater] INFO  ratis.ContainerStateMachine (ContainerStateMachine.java:takeSnapshot(291)) - group-18EA97DC0098: Taking a snapshot at:(t:7, i:4) file /home/runner/work/ozone/ozone/mnt/ozone/hadoop-ozone/integration-test/target/test-dir/MiniOzoneClusterImpl-ab53e13c-b7a0-452c-aef0-b95992dbe1a2/datanode-1/data/ratis/29f43b99-e021-4e88-bda1-18ea97dc0098/sm/snapshot.7_4
2021-07-17 01:45:18,033 [b32faf46-69b0-41ce-b187-d9527561eeb9@group-18EA97DC0098-StateMachineUpdater] INFO  ratis.ContainerStateMachine (ContainerStateMachine.java:takeSnapshot(302)) - group-18EA97DC0098: Finished taking a snapshot at:(t:7, i:4) file:/home/runner/work/ozone/ozone/mnt/ozone/hadoop-ozone/integration-test/target/test-dir/MiniOzoneClusterImpl-ab53e13c-b7a0-452c-aef0-b95992dbe1a2/datanode-1/data/ratis/29f43b99-e021-4e88-bda1-18ea97dc0098/sm/snapshot.7_4 took: 1 ms
2021-07-17 01:45:18,033 [b32faf46-69b0-41ce-b187-d9527561eeb9@group-18EA97DC0098-StateMachineUpdater] INFO  impl.StateMachineUpdater (StateMachineUpdater.java:takeSnapshot(281)) - b32faf46-69b0-41ce-b187-d9527561eeb9@group-18EA97DC0098-StateMachineUpdater: Took a snapshot at index 4
2021-07-17 01:45:18,033 [b32faf46-69b0-41ce-b187-d9527561eeb9@group-18EA97DC0098-StateMachineUpdater] INFO  impl.StateMachineUpdater (StateMachineUpdater.java:lambda$new$0(89)) - b32faf46-69b0-41ce-b187-d9527561eeb9@group-18EA97DC0098-StateMachineUpdater: snapshotIndex: updateIncreasingly -1 -> 4
2021-07-17 01:45:18,033 [b32faf46-69b0-41ce-b187-d9527561eeb9@group-18EA97DC0098-StateMachineUpdater] INFO  metrics.RatisMetrics (RatisMetrics.java:unregister(43)) - Unregistering Metrics Registry : ratis.state_machine.b32faf46-69b0-41ce-b187-d9527561eeb9@group-18EA97DC0098
2021-07-17 01:45:18,033 [ForkJoinPool.commonPool-worker-0] INFO  server.RaftServer$Division (ServerState.java:close(405)) - b32faf46-69b0-41ce-b187-d9527561eeb9@group-18EA97DC0098: closes. applyIndex: 4
2021-07-17 01:45:18,034 [b32faf46-69b0-41ce-b187-d9527561eeb9@group-18EA97DC0098-SegmentedRaftLogWorker] INFO  segmented.SegmentedRaftLogWorker (SegmentedRaftLogWorker.java:run(327)) - b32faf46-69b0-41ce-b187-d9527561eeb9@group-18EA97DC0098-SegmentedRaftLogWorker was interrupted, exiting. There are 0 tasks remaining in the queue.
2021-07-17 01:45:18,034 [ForkJoinPool.commonPool-worker-0] INFO  segmented.SegmentedRaftLogWorker (SegmentedRaftLogWorker.java:close(237)) - b32faf46-69b0-41ce-b187-d9527561eeb9@group-18EA97DC0098-SegmentedRaftLogWorker close()
2021-07-17 01:45:18,035 [ForkJoinPool.commonPool-worker-0] INFO  metrics.RatisMetrics (RatisMetrics.java:unregister(43)) - Unregistering Metrics Registry : ratis.log_worker.b32faf46-69b0-41ce-b187-d9527561eeb9@group-18EA97DC0098
2021-07-17 01:45:18,035 [ForkJoinPool.commonPool-worker-0] INFO  metrics.RatisMetrics (RatisMetrics.java:unregister(43)) - Unregistering Metrics Registry : ratis.leader_election.b32faf46-69b0-41ce-b187-d9527561eeb9@group-18EA97DC0098
2021-07-17 01:45:18,035 [ForkJoinPool.commonPool-worker-0] INFO  metrics.RatisMetrics (RatisMetrics.java:unregister(43)) - Unregistering Metrics Registry : ratis.server.b32faf46-69b0-41ce-b187-d9527561eeb9@group-18EA97DC0098
2021-07-17 01:45:18,035 [ForkJoinPool.commonPool-worker-0] INFO  server.RaftServer$Division (RaftServerImpl.java:lambda$close$4(406)) - b32faf46-69b0-41ce-b187-d9527561eeb9@group-DED385BE976B: shutdown
2021-07-17 01:45:18,035 [ForkJoinPool.commonPool-worker-0] INFO  util.JmxRegister (JmxRegister.java:unregister(73)) - Successfully un-registered JMX Bean with object name Ratis:service=RaftServer,group=group-DED385BE976B,id=b32faf46-69b0-41ce-b187-d9527561eeb9
2021-07-17 01:45:18,035 [ForkJoinPool.commonPool-worker-0] INFO  impl.RoleInfo (RoleInfo.java:shutdownLeaderState(91)) - b32faf46-69b0-41ce-b187-d9527561eeb9: shutdown b32faf46-69b0-41ce-b187-d9527561eeb9@group-DED385BE976B-LeaderStateImpl
2021-07-17 01:45:18,035 [ForkJoinPool.commonPool-worker-0] INFO  impl.PendingRequests (PendingRequests.java:sendNotLeaderResponses(249)) - b32faf46-69b0-41ce-b187-d9527561eeb9@group-DED385BE976B-PendingRequests: sendNotLeaderResponses
2021-07-17 01:45:18,035 [ForkJoinPool.commonPool-worker-0] INFO  metrics.RatisMetrics (RatisMetrics.java:unregister(43)) - Unregistering Metrics Registry : ratis.log_appender.b32faf46-69b0-41ce-b187-d9527561eeb9@group-DED385BE976B
2021-07-17 01:45:18,035 [ForkJoinPool.commonPool-worker-0] INFO  metrics.RatisMetrics (RatisMetrics.java:unregister(43)) - Unregistering Metrics Registry : ratis.server.b32faf46-69b0-41ce-b187-d9527561eeb9@group-DED385BE976B
2021-07-17 01:45:18,036 [b32faf46-69b0-41ce-b187-d9527561eeb9@group-DED385BE976B-StateMachineUpdater] INFO  ratis.ContainerStateMachine (ContainerStateMachine.java:takeSnapshot(291)) - group-DED385BE976B: Taking a snapshot at:(t:1, i:0) file /home/runner/work/ozone/ozone/mnt/ozone/hadoop-ozone/integration-test/target/test-dir/MiniOzoneClusterImpl-ab53e13c-b7a0-452c-aef0-b95992dbe1a2/datanode-1/data/ratis/d89eed4d-18d6-463a-bc26-ded385be976b/sm/snapshot.1_0
2021-07-17 01:45:18,036 [ForkJoinPool.commonPool-worker-0] INFO  impl.StateMachineUpdater (StateMachineUpdater.java:stopAndJoin(149)) - b32faf46-69b0-41ce-b187-d9527561eeb9@group-DED385BE976B-StateMachineUpdater: set stopIndex = 0
2021-07-17 01:45:18,037 [b32faf46-69b0-41ce-b187-d9527561eeb9@group-DED385BE976B-StateMachineUpdater] INFO  ratis.ContainerStateMachine (ContainerStateMachine.java:takeSnapshot(302)) - group-DED385BE976B: Finished taking a snapshot at:(t:1, i:0) file:/home/runner/work/ozone/ozone/mnt/ozone/hadoop-ozone/integration-test/target/test-dir/MiniOzoneClusterImpl-ab53e13c-b7a0-452c-aef0-b95992dbe1a2/datanode-1/data/ratis/d89eed4d-18d6-463a-bc26-ded385be976b/sm/snapshot.1_0 took: 1 ms
2021-07-17 01:45:18,037 [b32faf46-69b0-41ce-b187-d9527561eeb9@group-DED385BE976B-StateMachineUpdater] INFO  impl.StateMachineUpdater (StateMachineUpdater.java:takeSnapshot(281)) - b32faf46-69b0-41ce-b187-d9527561eeb9@group-DED385BE976B-StateMachineUpdater: Took a snapshot at index 0
2021-07-17 01:45:18,037 [b32faf46-69b0-41ce-b187-d9527561eeb9@group-DED385BE976B-StateMachineUpdater] INFO  impl.StateMachineUpdater (StateMachineUpdater.java:lambda$new$0(89)) - b32faf46-69b0-41ce-b187-d9527561eeb9@group-DED385BE976B-StateMachineUpdater: snapshotIndex: updateIncreasingly -1 -> 0
2021-07-17 01:45:18,037 [b32faf46-69b0-41ce-b187-d9527561eeb9@group-DED385BE976B-StateMachineUpdater] INFO  metrics.RatisMetrics (RatisMetrics.java:unregister(43)) - Unregistering Metrics Registry : ratis.state_machine.b32faf46-69b0-41ce-b187-d9527561eeb9@group-DED385BE976B
2021-07-17 01:45:18,037 [ForkJoinPool.commonPool-worker-0] INFO  server.RaftServer$Division (ServerState.java:close(405)) - b32faf46-69b0-41ce-b187-d9527561eeb9@group-DED385BE976B: closes. applyIndex: 0
2021-07-17 01:45:18,038 [b32faf46-69b0-41ce-b187-d9527561eeb9@group-DED385BE976B-SegmentedRaftLogWorker] INFO  segmented.SegmentedRaftLogWorker (SegmentedRaftLogWorker.java:run(327)) - b32faf46-69b0-41ce-b187-d9527561eeb9@group-DED385BE976B-SegmentedRaftLogWorker was interrupted, exiting. There are 0 tasks remaining in the queue.
2021-07-17 01:45:18,038 [ForkJoinPool.commonPool-worker-0] INFO  segmented.SegmentedRaftLogWorker (SegmentedRaftLogWorker.java:close(237)) - b32faf46-69b0-41ce-b187-d9527561eeb9@group-DED385BE976B-SegmentedRaftLogWorker close()
2021-07-17 01:45:18,042 [ForkJoinPool.commonPool-worker-0] INFO  metrics.RatisMetrics (RatisMetrics.java:unregister(43)) - Unregistering Metrics Registry : ratis.log_worker.b32faf46-69b0-41ce-b187-d9527561eeb9@group-DED385BE976B
2021-07-17 01:45:18,043 [ForkJoinPool.commonPool-worker-0] INFO  metrics.RatisMetrics (RatisMetrics.java:unregister(43)) - Unregistering Metrics Registry : ratis.leader_election.b32faf46-69b0-41ce-b187-d9527561eeb9@group-DED385BE976B
2021-07-17 01:45:18,043 [ForkJoinPool.commonPool-worker-0] INFO  metrics.RatisMetrics (RatisMetrics.java:unregister(43)) - Unregistering Metrics Registry : ratis.server.b32faf46-69b0-41ce-b187-d9527561eeb9@group-DED385BE976B
2021-07-17 01:45:18,043 [ForkJoinPool.commonPool-worker-0] INFO  server.GrpcService (GrpcService.java:closeImpl(262)) - b32faf46-69b0-41ce-b187-d9527561eeb9: shutdown server with port 42083 now
2021-07-17 01:45:18,044 [ForkJoinPool.commonPool-worker-0] INFO  server.GrpcService (GrpcService.java:closeImpl(271)) - b32faf46-69b0-41ce-b187-d9527561eeb9: shutdown server with port 42083 successfully
2021-07-17 01:45:18,044 [org.apache.ratis.util.JvmPauseMonitor$$Lambda$525/732148902@1ea4a8a5] INFO  util.JvmPauseMonitor (JvmPauseMonitor.java:run(109)) - JvmPauseMonitor-b32faf46-69b0-41ce-b187-d9527561eeb9: Stopped
2021-07-17 01:45:18,045 [ForkJoinPool.commonPool-worker-0] INFO  utils.BackgroundService (BackgroundService.java:shutdown(132)) - Shutting down service BlockDeletingService
2021-07-17 01:45:18,045 [ForkJoinPool.commonPool-worker-0] INFO  statemachine.DatanodeStateMachine (DatanodeStateMachine.java:stopDaemon(514)) - Ozone container server stopped.
2021-07-17 01:45:18,047 [ForkJoinPool.commonPool-worker-0] INFO  handler.ContextHandler (ContextHandler.java:doStop(1154)) - Stopped o.e.j.w.WebAppContext@37126e48{hddsDatanode,/,null,STOPPED}{jar:file:/home/runner/.m2/repository/org/apache/ozone/hdds-container-service/1.2.0-SNAPSHOT/hdds-container-service-1.2.0-SNAPSHOT.jar!/webapps/hddsDatanode}
2021-07-17 01:45:18,048 [ForkJoinPool.commonPool-worker-0] INFO  server.AbstractConnector (AbstractConnector.java:doStop(381)) - Stopped ServerConnector@64fe3584{HTTP/1.1, (http/1.1)}{0.0.0.0:0}
2021-07-17 01:45:18,048 [ForkJoinPool.commonPool-worker-0] INFO  server.session (HouseKeeper.java:stopScavenging(149)) - node0 Stopped scavenging
2021-07-17 01:45:18,049 [ForkJoinPool.commonPool-worker-0] INFO  handler.ContextHandler (ContextHandler.java:doStop(1154)) - Stopped o.e.j.s.ServletContextHandler@5b6b484c{static,/static,jar:file:/home/runner/.m2/repository/org/apache/ozone/hdds-container-service/1.2.0-SNAPSHOT/hdds-container-service-1.2.0-SNAPSHOT.jar!/webapps/static,STOPPED}
2021-07-17 01:45:18,049 [ForkJoinPool.commonPool-worker-0] INFO  handler.ContextHandler (ContextHandler.java:doStop(1154)) - Stopped o.e.j.s.ServletContextHandler@3ab833c5{logs,/logs,file:///home/runner/work/ozone/ozone/mnt/ozone/hadoop-ozone/integration-test/target/log,STOPPED}
2021-07-17 01:45:18,516 [Datanode State Machine Thread - 0] INFO  statemachine.DatanodeStateMachine (DatanodeStateMachine.java:lambda$startDaemon$0(456)) - Ozone container server started.
2021-07-17 01:45:22,953 [Listener at 127.0.0.1/42341] INFO  ozoneimpl.OzoneContainer (OzoneContainer.java:stop(326)) - Attempting to stop container services.
2021-07-17 01:45:22,953 [Listener at 127.0.0.1/42341] INFO  server.RaftServer (RaftServerProxy.java:lambda$close$6(391)) - 2cdc0689-27ad-48f6-b58d-8766a5040b34: close
2021-07-17 01:45:22,954 [Listener at 127.0.0.1/42341] INFO  server.RaftServer$Division (RaftServerImpl.java:lambda$close$4(406)) - 2cdc0689-27ad-48f6-b58d-8766a5040b34@group-66DC1415F9A3: shutdown
2021-07-17 01:45:22,954 [Listener at 127.0.0.1/42341] INFO  util.JmxRegister (JmxRegister.java:unregister(73)) - Successfully un-registered JMX Bean with object name Ratis:service=RaftServer,group=group-66DC1415F9A3,id=2cdc0689-27ad-48f6-b58d-8766a5040b34
2021-07-17 01:45:22,954 [Listener at 127.0.0.1/42341] INFO  impl.RoleInfo (RoleInfo.java:shutdownLeaderState(91)) - 2cdc0689-27ad-48f6-b58d-8766a5040b34: shutdown 2cdc0689-27ad-48f6-b58d-8766a5040b34@group-66DC1415F9A3-LeaderStateImpl
2021-07-17 01:45:22,954 [Listener at 127.0.0.1/42341] INFO  impl.PendingRequests (PendingRequests.java:sendNotLeaderResponses(249)) - 2cdc0689-27ad-48f6-b58d-8766a5040b34@group-66DC1415F9A3-PendingRequests: sendNotLeaderResponses
2021-07-17 01:45:22,954 [Listener at 127.0.0.1/42341] INFO  metrics.RatisMetrics (RatisMetrics.java:unregister(43)) - Unregistering Metrics Registry : ratis.log_appender.2cdc0689-27ad-48f6-b58d-8766a5040b34@group-66DC1415F9A3
2021-07-17 01:45:22,954 [Listener at 127.0.0.1/42341] INFO  metrics.RatisMetrics (RatisMetrics.java:unregister(43)) - Unregistering Metrics Registry : ratis.server.2cdc0689-27ad-48f6-b58d-8766a5040b34@group-66DC1415F9A3
2021-07-17 01:45:22,955 [Listener at 127.0.0.1/42341] INFO  impl.StateMachineUpdater (StateMachineUpdater.java:stopAndJoin(149)) - 2cdc0689-27ad-48f6-b58d-8766a5040b34@group-66DC1415F9A3-StateMachineUpdater: set stopIndex = 0
2021-07-17 01:45:22,956 [2cdc0689-27ad-48f6-b58d-8766a5040b34@group-66DC1415F9A3-StateMachineUpdater] INFO  ratis.ContainerStateMachine (ContainerStateMachine.java:takeSnapshot(291)) - group-66DC1415F9A3: Taking a snapshot at:(t:1, i:0) file /home/runner/work/ozone/ozone/mnt/ozone/hadoop-ozone/integration-test/target/test-dir/MiniOzoneClusterImpl-ab53e13c-b7a0-452c-aef0-b95992dbe1a2/datanode-6/data/ratis/c514fdd9-771e-4f20-8e01-66dc1415f9a3/sm/snapshot.1_0
2021-07-17 01:45:22,956 [2cdc0689-27ad-48f6-b58d-8766a5040b34@group-66DC1415F9A3-StateMachineUpdater] INFO  ratis.ContainerStateMachine (ContainerStateMachine.java:takeSnapshot(302)) - group-66DC1415F9A3: Finished taking a snapshot at:(t:1, i:0) file:/home/runner/work/ozone/ozone/mnt/ozone/hadoop-ozone/integration-test/target/test-dir/MiniOzoneClusterImpl-ab53e13c-b7a0-452c-aef0-b95992dbe1a2/datanode-6/data/ratis/c514fdd9-771e-4f20-8e01-66dc1415f9a3/sm/snapshot.1_0 took: 1 ms
2021-07-17 01:45:22,957 [2cdc0689-27ad-48f6-b58d-8766a5040b34@group-66DC1415F9A3-StateMachineUpdater] INFO  impl.StateMachineUpdater (StateMachineUpdater.java:takeSnapshot(281)) - 2cdc0689-27ad-48f6-b58d-8766a5040b34@group-66DC1415F9A3-StateMachineUpdater: Took a snapshot at index 0
2021-07-17 01:45:22,957 [2cdc0689-27ad-48f6-b58d-8766a5040b34@group-66DC1415F9A3-StateMachineUpdater] INFO  impl.StateMachineUpdater (StateMachineUpdater.java:lambda$new$0(89)) - 2cdc0689-27ad-48f6-b58d-8766a5040b34@group-66DC1415F9A3-StateMachineUpdater: snapshotIndex: updateIncreasingly -1 -> 0
2021-07-17 01:45:22,957 [2cdc0689-27ad-48f6-b58d-8766a5040b34@group-66DC1415F9A3-StateMachineUpdater] INFO  metrics.RatisMetrics (RatisMetrics.java:unregister(43)) - Unregistering Metrics Registry : ratis.state_machine.2cdc0689-27ad-48f6-b58d-8766a5040b34@group-66DC1415F9A3
2021-07-17 01:45:22,957 [Listener at 127.0.0.1/42341] INFO  server.RaftServer$Division (ServerState.java:close(405)) - 2cdc0689-27ad-48f6-b58d-8766a5040b34@group-66DC1415F9A3: closes. applyIndex: 0
2021-07-17 01:45:22,957 [2cdc0689-27ad-48f6-b58d-8766a5040b34@group-66DC1415F9A3-SegmentedRaftLogWorker] INFO  segmented.SegmentedRaftLogWorker (SegmentedRaftLogWorker.java:run(327)) - 2cdc0689-27ad-48f6-b58d-8766a5040b34@group-66DC1415F9A3-SegmentedRaftLogWorker was interrupted, exiting. There are 0 tasks remaining in the queue.
2021-07-17 01:45:22,957 [Listener at 127.0.0.1/42341] INFO  segmented.SegmentedRaftLogWorker (SegmentedRaftLogWorker.java:close(237)) - 2cdc0689-27ad-48f6-b58d-8766a5040b34@group-66DC1415F9A3-SegmentedRaftLogWorker close()
2021-07-17 01:45:22,958 [Listener at 127.0.0.1/42341] INFO  metrics.RatisMetrics (RatisMetrics.java:unregister(43)) - Unregistering Metrics Registry : ratis.log_worker.2cdc0689-27ad-48f6-b58d-8766a5040b34@group-66DC1415F9A3
2021-07-17 01:45:22,958 [Listener at 127.0.0.1/42341] INFO  metrics.RatisMetrics (RatisMetrics.java:unregister(43)) - Unregistering Metrics Registry : ratis.leader_election.2cdc0689-27ad-48f6-b58d-8766a5040b34@group-66DC1415F9A3
2021-07-17 01:45:22,958 [Listener at 127.0.0.1/42341] INFO  metrics.RatisMetrics (RatisMetrics.java:unregister(43)) - Unregistering Metrics Registry : ratis.server.2cdc0689-27ad-48f6-b58d-8766a5040b34@group-66DC1415F9A3
2021-07-17 01:45:22,958 [Listener at 127.0.0.1/42341] INFO  server.RaftServer$Division (RaftServerImpl.java:lambda$close$4(406)) - 2cdc0689-27ad-48f6-b58d-8766a5040b34@group-2359FAE4794D: shutdown
2021-07-17 01:45:22,959 [Listener at 127.0.0.1/42341] INFO  util.JmxRegister (JmxRegister.java:unregister(73)) - Successfully un-registered JMX Bean with object name Ratis:service=RaftServer,group=group-2359FAE4794D,id=2cdc0689-27ad-48f6-b58d-8766a5040b34
2021-07-17 01:45:22,959 [Listener at 127.0.0.1/42341] INFO  impl.RoleInfo (RoleInfo.java:shutdownFollowerState(108)) - 2cdc0689-27ad-48f6-b58d-8766a5040b34: shutdown 2cdc0689-27ad-48f6-b58d-8766a5040b34@group-2359FAE4794D-FollowerState
2021-07-17 01:45:22,959 [2cdc0689-27ad-48f6-b58d-8766a5040b34@group-2359FAE4794D-FollowerState] INFO  impl.FollowerState (FollowerState.java:run(143)) - 2cdc0689-27ad-48f6-b58d-8766a5040b34@group-2359FAE4794D-FollowerState was interrupted: {}
java.lang.InterruptedException: sleep interrupted
	at java.lang.Thread.sleep(Native Method)
	at java.lang.Thread.sleep(Thread.java:340)
	at java.util.concurrent.TimeUnit.sleep(TimeUnit.java:386)
	at org.apache.ratis.util.TimeDuration.sleep(TimeDuration.java:324)
	at org.apache.ratis.util.TimeDuration.sleep(TimeDuration.java:309)
	at org.apache.ratis.server.impl.FollowerState.run(FollowerState.java:118)
2021-07-17 01:45:22,959 [2cdc0689-27ad-48f6-b58d-8766a5040b34@group-2359FAE4794D-StateMachineUpdater] INFO  ratis.ContainerStateMachine (ContainerStateMachine.java:takeSnapshot(291)) - group-2359FAE4794D: Taking a snapshot at:(t:3, i:0) file /home/runner/work/ozone/ozone/mnt/ozone/hadoop-ozone/integration-test/target/test-dir/MiniOzoneClusterImpl-ab53e13c-b7a0-452c-aef0-b95992dbe1a2/datanode-6/data/ratis/12500e82-9553-4f92-b0c8-2359fae4794d/sm/snapshot.3_0
2021-07-17 01:45:22,959 [Listener at 127.0.0.1/42341] INFO  impl.StateMachineUpdater (StateMachineUpdater.java:stopAndJoin(149)) - 2cdc0689-27ad-48f6-b58d-8766a5040b34@group-2359FAE4794D-StateMachineUpdater: set stopIndex = 0
2021-07-17 01:45:22,960 [2cdc0689-27ad-48f6-b58d-8766a5040b34@group-2359FAE4794D-StateMachineUpdater] INFO  ratis.ContainerStateMachine (ContainerStateMachine.java:takeSnapshot(302)) - group-2359FAE4794D: Finished taking a snapshot at:(t:3, i:0) file:/home/runner/work/ozone/ozone/mnt/ozone/hadoop-ozone/integration-test/target/test-dir/MiniOzoneClusterImpl-ab53e13c-b7a0-452c-aef0-b95992dbe1a2/datanode-6/data/ratis/12500e82-9553-4f92-b0c8-2359fae4794d/sm/snapshot.3_0 took: 0 ms
2021-07-17 01:45:22,960 [2cdc0689-27ad-48f6-b58d-8766a5040b34@group-2359FAE4794D-StateMachineUpdater] INFO  impl.StateMachineUpdater (StateMachineUpdater.java:takeSnapshot(281)) - 2cdc0689-27ad-48f6-b58d-8766a5040b34@group-2359FAE4794D-StateMachineUpdater: Took a snapshot at index 0
2021-07-17 01:45:22,960 [2cdc0689-27ad-48f6-b58d-8766a5040b34@group-2359FAE4794D-StateMachineUpdater] INFO  impl.StateMachineUpdater (StateMachineUpdater.java:lambda$new$0(89)) - 2cdc0689-27ad-48f6-b58d-8766a5040b34@group-2359FAE4794D-StateMachineUpdater: snapshotIndex: updateIncreasingly -1 -> 0
2021-07-17 01:45:22,960 [2cdc0689-27ad-48f6-b58d-8766a5040b34@group-2359FAE4794D-StateMachineUpdater] INFO  metrics.RatisMetrics (RatisMetrics.java:unregister(43)) - Unregistering Metrics Registry : ratis.state_machine.2cdc0689-27ad-48f6-b58d-8766a5040b34@group-2359FAE4794D
2021-07-17 01:45:22,960 [Listener at 127.0.0.1/42341] INFO  server.RaftServer$Division (ServerState.java:close(405)) - 2cdc0689-27ad-48f6-b58d-8766a5040b34@group-2359FAE4794D: closes. applyIndex: 0
2021-07-17 01:45:22,960 [2cdc0689-27ad-48f6-b58d-8766a5040b34@group-2359FAE4794D-SegmentedRaftLogWorker] INFO  segmented.SegmentedRaftLogWorker (SegmentedRaftLogWorker.java:run(327)) - 2cdc0689-27ad-48f6-b58d-8766a5040b34@group-2359FAE4794D-SegmentedRaftLogWorker was interrupted, exiting. There are 0 tasks remaining in the queue.
2021-07-17 01:45:22,960 [Listener at 127.0.0.1/42341] INFO  segmented.SegmentedRaftLogWorker (SegmentedRaftLogWorker.java:close(237)) - 2cdc0689-27ad-48f6-b58d-8766a5040b34@group-2359FAE4794D-SegmentedRaftLogWorker close()
2021-07-17 01:45:22,961 [Listener at 127.0.0.1/42341] INFO  metrics.RatisMetrics (RatisMetrics.java:unregister(43)) - Unregistering Metrics Registry : ratis.log_worker.2cdc0689-27ad-48f6-b58d-8766a5040b34@group-2359FAE4794D
2021-07-17 01:45:22,961 [Listener at 127.0.0.1/42341] INFO  metrics.RatisMetrics (RatisMetrics.java:unregister(43)) - Unregistering Metrics Registry : ratis.leader_election.2cdc0689-27ad-48f6-b58d-8766a5040b34@group-2359FAE4794D
2021-07-17 01:45:22,961 [Listener at 127.0.0.1/42341] INFO  metrics.RatisMetrics (RatisMetrics.java:unregister(43)) - Unregistering Metrics Registry : ratis.server.2cdc0689-27ad-48f6-b58d-8766a5040b34@group-2359FAE4794D
2021-07-17 01:45:22,961 [Listener at 127.0.0.1/42341] INFO  server.GrpcService (GrpcService.java:closeImpl(262)) - 2cdc0689-27ad-48f6-b58d-8766a5040b34: shutdown server with port 33475 now
2021-07-17 01:45:22,962 [Listener at 127.0.0.1/42341] INFO  server.GrpcService (GrpcService.java:closeImpl(271)) - 2cdc0689-27ad-48f6-b58d-8766a5040b34: shutdown server with port 33475 successfully
2021-07-17 01:45:22,963 [org.apache.ratis.util.JvmPauseMonitor$$Lambda$525/732148902@5ebfd3e1] INFO  util.JvmPauseMonitor (JvmPauseMonitor.java:run(109)) - JvmPauseMonitor-2cdc0689-27ad-48f6-b58d-8766a5040b34: Stopped
2021-07-17 01:45:22,963 [Listener at 127.0.0.1/42341] INFO  utils.BackgroundService (BackgroundService.java:shutdown(132)) - Shutting down service BlockDeletingService
2021-07-17 01:45:22,964 [Listener at 127.0.0.1/42341] INFO  statemachine.DatanodeStateMachine (DatanodeStateMachine.java:stopDaemon(514)) - Ozone container server stopped.
2021-07-17 01:45:22,964 [Listener at 127.0.0.1/42341] INFO  handler.ContextHandler (ContextHandler.java:doStop(1154)) - Stopped o.e.j.w.WebAppContext@725fc764{hddsDatanode,/,null,STOPPED}{jar:file:/home/runner/.m2/repository/org/apache/ozone/hdds-container-service/1.2.0-SNAPSHOT/hdds-container-service-1.2.0-SNAPSHOT.jar!/webapps/hddsDatanode}
2021-07-17 01:45:22,965 [Listener at 127.0.0.1/42341] INFO  server.AbstractConnector (AbstractConnector.java:doStop(381)) - Stopped ServerConnector@486e2733{HTTP/1.1, (http/1.1)}{0.0.0.0:0}
2021-07-17 01:45:22,965 [Listener at 127.0.0.1/42341] INFO  server.session (HouseKeeper.java:stopScavenging(149)) - node0 Stopped scavenging
2021-07-17 01:45:22,966 [Listener at 127.0.0.1/42341] INFO  handler.ContextHandler (ContextHandler.java:doStop(1154)) - Stopped o.e.j.s.ServletContextHandler@b9de1fd{static,/static,jar:file:/home/runner/.m2/repository/org/apache/ozone/hdds-container-service/1.2.0-SNAPSHOT/hdds-container-service-1.2.0-SNAPSHOT.jar!/webapps/static,STOPPED}
2021-07-17 01:45:22,966 [Listener at 127.0.0.1/42341] INFO  handler.ContextHandler (ContextHandler.java:doStop(1154)) - Stopped o.e.j.s.ServletContextHandler@435687c8{logs,/logs,file:///home/runner/work/ozone/ozone/mnt/ozone/hadoop-ozone/integration-test/target/log,STOPPED}
2021-07-17 01:45:22,967 [Listener at 127.0.0.1/42341] INFO  ozone.MiniOzoneClusterImpl (MiniOzoneClusterImpl.java:stopSCM(537)) - Stopping the StorageContainerManager
2021-07-17 01:45:22,967 [Listener at 127.0.0.1/42341] INFO  server.StorageContainerManager (StorageContainerManager.java:stop(1334)) - Stopping Replication Manager Service.
2021-07-17 01:45:22,967 [Listener at 127.0.0.1/42341] INFO  container.ReplicationManager (ReplicationManager.java:stop(261)) - Stopping Replication Monitor Thread.
2021-07-17 01:45:22,967 [Listener at 127.0.0.1/42341] INFO  server.StorageContainerManager (StorageContainerManager.java:stop(1341)) - Stopping the Datanode Admin Monitor.
2021-07-17 01:45:22,967 [Listener at 127.0.0.1/42341] INFO  server.StorageContainerManager (StorageContainerManager.java:stop(1348)) - Stopping Lease Manager of the command watchers
2021-07-17 01:45:22,968 [Listener at 127.0.0.1/42341] INFO  server.StorageContainerManager (StorageContainerManager.java:stop(1355)) - Stopping datanode service RPC server
2021-07-17 01:45:22,968 [Listener at 127.0.0.1/42341] INFO  server.SCMDatanodeProtocolServer (SCMDatanodeProtocolServer.java:stop(389)) - Stopping the RPC server for DataNodes
2021-07-17 01:45:22,968 [Listener at 127.0.0.1/42341] INFO  ipc.Server (Server.java:stop(3414)) - Stopping server on 40423
2021-07-17 01:45:22,969 [IPC Server listener on 0] INFO  ipc.Server (Server.java:run(1376)) - Stopping IPC Server listener on 0
2021-07-17 01:45:22,974 [IPC Server Responder] INFO  ipc.Server (Server.java:run(1512)) - Stopping IPC Server Responder
2021-07-17 01:45:23,002 [SCM Heartbeat Processing Thread - 0] WARN  node.NodeStateManager (NodeStateManager.java:scheduleNextHealthCheck(799)) - Current Thread is interrupted, shutting down HB processing thread for Node Manager.
2021-07-17 01:45:23,002 [Listener at 127.0.0.1/42341] INFO  server.StorageContainerManager (StorageContainerManager.java:stop(1363)) - Stopping block service RPC server
2021-07-17 01:45:23,003 [Listener at 127.0.0.1/42341] INFO  server.SCMBlockProtocolServer (SCMBlockProtocolServer.java:stop(160)) - Stopping the RPC server for Block Protocol
2021-07-17 01:45:23,003 [Listener at 127.0.0.1/42341] INFO  ipc.Server (Server.java:stop(3414)) - Stopping server on 37961
2021-07-17 01:45:23,004 [IPC Server listener on 0] INFO  ipc.Server (Server.java:run(1376)) - Stopping IPC Server listener on 0
2021-07-17 01:45:23,005 [IPC Server Responder] INFO  ipc.Server (Server.java:run(1512)) - Stopping IPC Server Responder
2021-07-17 01:45:23,005 [Listener at 127.0.0.1/42341] INFO  server.StorageContainerManager (StorageContainerManager.java:stop(1370)) - Stopping the StorageContainerLocationProtocol RPC server
2021-07-17 01:45:23,005 [Listener at 127.0.0.1/42341] INFO  server.SCMClientProtocolServer (SCMClientProtocolServer.java:stop(174)) - Stopping the RPC server for Client Protocol
2021-07-17 01:45:23,005 [Listener at 127.0.0.1/42341] INFO  ipc.Server (Server.java:stop(3414)) - Stopping server on 34011
2021-07-17 01:45:23,007 [IPC Server Responder] INFO  ipc.Server (Server.java:run(1512)) - Stopping IPC Server Responder
2021-07-17 01:45:23,007 [Listener at 127.0.0.1/42341] INFO  server.StorageContainerManager (StorageContainerManager.java:stop(1377)) - Stopping Storage Container Manager HTTP server.
2021-07-17 01:45:23,007 [IPC Server listener on 0] INFO  ipc.Server (Server.java:run(1376)) - Stopping IPC Server listener on 0
2021-07-17 01:45:23,008 [Listener at 127.0.0.1/42341] INFO  handler.ContextHandler (ContextHandler.java:doStop(1154)) - Stopped o.e.j.w.WebAppContext@368f3392{scm,/,null,STOPPED}{file:/home/runner/work/ozone/ozone/mnt/ozone/hadoop-ozone/integration-test/target/test-classes/webapps/scm}
2021-07-17 01:45:23,008 [Listener at 127.0.0.1/42341] INFO  server.AbstractConnector (AbstractConnector.java:doStop(381)) - Stopped ServerConnector@51e65fd{HTTP/1.1, (http/1.1)}{0.0.0.0:0}
2021-07-17 01:45:23,008 [Listener at 127.0.0.1/42341] INFO  server.session (HouseKeeper.java:stopScavenging(149)) - node0 Stopped scavenging
2021-07-17 01:45:23,009 [Listener at 127.0.0.1/42341] INFO  handler.ContextHandler (ContextHandler.java:doStop(1154)) - Stopped o.e.j.s.ServletContextHandler@60c38c44{static,/static,file:///home/runner/work/ozone/ozone/mnt/ozone/hadoop-ozone/integration-test/target/test-classes/webapps/static,STOPPED}
2021-07-17 01:45:23,009 [Listener at 127.0.0.1/42341] INFO  handler.ContextHandler (ContextHandler.java:doStop(1154)) - Stopped o.e.j.s.ServletContextHandler@c696c5d{logs,/logs,file:///home/runner/work/ozone/ozone/mnt/ozone/hadoop-ozone/integration-test/target/log,STOPPED}
2021-07-17 01:45:23,009 [Listener at 127.0.0.1/42341] INFO  server.StorageContainerManager (StorageContainerManager.java:stop(1388)) - Stopping Block Manager Service.
2021-07-17 01:45:23,009 [Listener at 127.0.0.1/42341] INFO  utils.BackgroundService (BackgroundService.java:shutdown(132)) - Shutting down service SCMBlockDeletingService
2021-07-17 01:45:23,010 [Listener at 127.0.0.1/42341] INFO  utils.BackgroundService (BackgroundService.java:shutdown(132)) - Shutting down service SCMBlockDeletingService
2021-07-17 01:45:23,010 [Listener at 127.0.0.1/42341] INFO  server.StorageContainerManager (StorageContainerManager.java:stop(1415)) - Stopping SCM Event Queue.
2021-07-17 01:45:23,011 [Listener at 127.0.0.1/42341] INFO  server.StorageContainerManager (StorageContainerManager.java:stop(1426)) - Stopping SCM HA services.
2021-07-17 01:45:23,011 [Listener at 127.0.0.1/42341] INFO  pipeline.BackgroundPipelineCreator (BackgroundPipelineCreatorV2.java:stop(158)) - Stopping RatisPipelineUtilsThread.
2021-07-17 01:45:23,011 [Listener at 127.0.0.1/42341] INFO  server.StorageContainerManager (StorageContainerManager.java:stop(1436)) - Stopping SCM MetadataStore.
2021-07-17 01:45:23,012 [Listener at 127.0.0.1/42341] INFO  impl.MetricsSystemImpl (MetricsSystemImpl.java:stop(210)) - Stopping HddsDatanode metrics system...
2021-07-17 01:45:23,017 [prometheus] INFO  impl.MetricsSinkAdapter (MetricsSinkAdapter.java:publishMetricsFromQueue(141)) - prometheus thread interrupted.
2021-07-17 01:45:23,017 [Listener at 127.0.0.1/42341] INFO  impl.MetricsSystemImpl (MetricsSystemImpl.java:stop(216)) - HddsDatanode metrics system stopped.
]]></system-out>
    <system-err><![CDATA[Jul 17, 2021 1:45:17 AM org.apache.ratis.thirdparty.io.grpc.internal.ManagedChannelOrphanWrapper$ManagedChannelReference cleanQueue
SEVERE: *~*~*~ Channel ManagedChannelImpl{logId=747, target=10.1.0.46:37853} was not shutdown properly!!! ~*~*~*
    Make sure to call shutdown()/shutdownNow() and wait until awaitTermination() returns true.
java.lang.RuntimeException: ManagedChannel allocation site
	at org.apache.ratis.thirdparty.io.grpc.internal.ManagedChannelOrphanWrapper$ManagedChannelReference.<init>(ManagedChannelOrphanWrapper.java:93)
	at org.apache.ratis.thirdparty.io.grpc.internal.ManagedChannelOrphanWrapper.<init>(ManagedChannelOrphanWrapper.java:53)
	at org.apache.ratis.thirdparty.io.grpc.internal.ManagedChannelOrphanWrapper.<init>(ManagedChannelOrphanWrapper.java:44)
	at org.apache.ratis.thirdparty.io.grpc.internal.ManagedChannelImplBuilder.build(ManagedChannelImplBuilder.java:596)
	at org.apache.ratis.thirdparty.io.grpc.ForwardingChannelBuilder.build(ForwardingChannelBuilder.java:255)
	at org.apache.ratis.grpc.client.GrpcClientProtocolClient.buildChannel(GrpcClientProtocolClient.java:159)
	at org.apache.ratis.grpc.client.GrpcClientProtocolClient.<init>(GrpcClientProtocolClient.java:110)
	at org.apache.ratis.grpc.client.GrpcClientRpc.lambda$new$0(GrpcClientRpc.java:57)
	at org.apache.ratis.util.PeerProxyMap$PeerAndProxy.lambda$getProxy$0(PeerProxyMap.java:63)
	at org.apache.ratis.util.LifeCycle.startAndTransition(LifeCycle.java:270)
	at org.apache.ratis.util.PeerProxyMap$PeerAndProxy.getProxy(PeerProxyMap.java:62)
	at org.apache.ratis.util.PeerProxyMap.getProxy(PeerProxyMap.java:114)
	at org.apache.ratis.grpc.client.GrpcClientRpc.sendRequestAsync(GrpcClientRpc.java:67)
	at org.apache.ratis.client.impl.OrderedAsync.sendRequest(OrderedAsync.java:235)
	at org.apache.ratis.client.impl.OrderedAsync.sendRequestWithRetry(OrderedAsync.java:189)
	at org.apache.ratis.util.SlidingWindow$Client.sendOrDelayRequest(SlidingWindow.java:280)
	at org.apache.ratis.util.SlidingWindow$Client.retry(SlidingWindow.java:296)
	at org.apache.ratis.client.impl.OrderedAsync.lambda$scheduleWithTimeout$7(OrderedAsync.java:222)
	at org.apache.ratis.util.TimeoutScheduler.lambda$onTimeout$0(TimeoutScheduler.java:141)
	at org.apache.ratis.util.TimeoutScheduler.lambda$onTimeout$1(TimeoutScheduler.java:155)
	at org.apache.ratis.util.LogUtils.runAndLog(LogUtils.java:38)
	at org.apache.ratis.util.LogUtils$1.run(LogUtils.java:79)
	at java.util.concurrent.Executors$RunnableAdapter.call(Executors.java:511)
	at java.util.concurrent.FutureTask.run(FutureTask.java:266)
	at java.util.concurrent.ScheduledThreadPoolExecutor$ScheduledFutureTask.access$201(ScheduledThreadPoolExecutor.java:180)
	at java.util.concurrent.ScheduledThreadPoolExecutor$ScheduledFutureTask.run(ScheduledThreadPoolExecutor.java:293)
	at java.util.concurrent.ThreadPoolExecutor.runWorker(ThreadPoolExecutor.java:1149)
	at java.util.concurrent.ThreadPoolExecutor$Worker.run(ThreadPoolExecutor.java:624)
	at java.lang.Thread.run(Thread.java:748)

]]></system-err>
  </testcase>
  <testcase name="test2WayCommitForTimeoutException" classname="org.apache.hadoop.ozone.client.rpc.TestWatchForCommit" time="42.69"/>
</testsuite>