<?xml version="1.0" encoding="UTF-8"?>
<testsuite xmlns:xsi="http://www.w3.org/2001/XMLSchema-instance" xsi:noNamespaceSchemaLocation="https://maven.apache.org/surefire/maven-surefire-plugin/xsd/surefire-test-report.xsd" name="org.apache.hadoop.ozone.client.rpc.TestOzoneRpcClient" time="215.646" tests="83" errors="1" skipped="0" failures="0">
  <properties>
    <property name="awt.toolkit" value="sun.awt.X11.XToolkit"/>
    <property name="file.encoding.pkg" value="sun.io"/>
    <property name="java.specification.version" value="1.8"/>
    <property name="sun.cpu.isalist" value=""/>
    <property name="sun.jnu.encoding" value="UTF-8"/>
    <property name="java.class.path" value="/home/runner/work/ozone/ozone/hadoop-ozone/integration-test/target/test-classes:/home/runner/work/ozone/ozone/hadoop-ozone/integration-test/target/classes:/home/runner/.m2/repository/org/apache/ozone/ozone-common/1.3.0-SNAPSHOT/ozone-common-1.3.0-SNAPSHOT.jar:/home/runner/.m2/repository/org/apache/commons/commons-compress/1.21/commons-compress-1.21.jar:/home/runner/.m2/repository/org/apache/ozone/hdds-common/1.3.0-SNAPSHOT/hdds-common-1.3.0-SNAPSHOT.jar:/home/runner/.m2/repository/org/apache/ozone/hdds-client/1.3.0-SNAPSHOT/hdds-client-1.3.0-SNAPSHOT.jar:/home/runner/.m2/repository/org/apache/ozone/ozone-interface-client/1.3.0-SNAPSHOT/ozone-interface-client-1.3.0-SNAPSHOT.jar:/home/runner/.m2/repository/org/apache/ozone/hdds-test-utils/1.3.0-SNAPSHOT/hdds-test-utils-1.3.0-SNAPSHOT.jar:/home/runner/.m2/repository/com/google/guava/guava/30.1.1-jre/guava-30.1.1-jre.jar:/home/runner/.m2/repository/com/google/guava/failureaccess/1.0.1/failureaccess-1.0.1.jar:/home/runner/.m2/repository/com/google/guava/listenablefuture/9999.0-empty-to-avoid-conflict-with-guava/listenablefuture-9999.0-empty-to-avoid-conflict-with-guava.jar:/home/runner/.m2/repository/com/google/code/findbugs/jsr305/3.0.0/jsr305-3.0.0.jar:/home/runner/.m2/repository/org/checkerframework/checker-qual/3.8.0/checker-qual-3.8.0.jar:/home/runner/.m2/repository/com/google/errorprone/error_prone_annotations/2.2.0/error_prone_annotations-2.2.0.jar:/home/runner/.m2/repository/com/google/j2objc/j2objc-annotations/1.3/j2objc-annotations-1.3.jar:/home/runner/.m2/repository/commons-io/commons-io/2.11.0/commons-io-2.11.0.jar:/home/runner/.m2/repository/commons-logging/commons-logging/1.2/commons-logging-1.2.jar:/home/runner/.m2/repository/log4j/log4j/1.2.17/log4j-1.2.17.jar:/home/runner/.m2/repository/org/slf4j/slf4j-api/1.7.30/slf4j-api-1.7.30.jar:/home/runner/.m2/repository/org/apache/ozone/hdds-server-scm/1.3.0-SNAPSHOT/hdds-server-scm-1.3.0-SNAPSHOT.jar:/home/runner/.m2/repository/org/apache/ozone/hdds-container-service/1.3.0-SNAPSHOT/hdds-container-service-1.3.0-SNAPSHOT.jar:/home/runner/.m2/repository/org/apache/ozone/hdds-hadoop-dependency-server/1.3.0-SNAPSHOT/hdds-hadoop-dependency-server-1.3.0-SNAPSHOT.jar:/home/runner/.m2/repository/org/apache/hadoop/hadoop-hdfs/3.3.1/hadoop-hdfs-3.3.1.jar:/home/runner/.m2/repository/org/apache/ozone/hdds-server-framework/1.3.0-SNAPSHOT/hdds-server-framework-1.3.0-SNAPSHOT.jar:/home/runner/.m2/repository/org/apache/ozone/hdds-interface-server/1.3.0-SNAPSHOT/hdds-interface-server-1.3.0-SNAPSHOT.jar:/home/runner/.m2/repository/org/eclipse/jetty/jetty-servlet/9.4.43.v20210629/jetty-servlet-9.4.43.v20210629.jar:/home/runner/.m2/repository/org/eclipse/jetty/jetty-security/9.4.43.v20210629/jetty-security-9.4.43.v20210629.jar:/home/runner/.m2/repository/org/rocksdb/rocksdbjni/6.25.3/rocksdbjni-6.25.3.jar:/home/runner/.m2/repository/io/prometheus/simpleclient_dropwizard/0.7.0/simpleclient_dropwizard-0.7.0.jar:/home/runner/.m2/repository/io/prometheus/simpleclient/0.7.0/simpleclient-0.7.0.jar:/home/runner/.m2/repository/io/prometheus/simpleclient_common/0.7.0/simpleclient_common-0.7.0.jar:/home/runner/.m2/repository/com/fasterxml/jackson/datatype/jackson-datatype-jsr310/2.12.1/jackson-datatype-jsr310-2.12.1.jar:/home/runner/.m2/repository/io/dropwizard/metrics/metrics-core/3.2.4/metrics-core-3.2.4.jar:/home/runner/.m2/repository/org/apache/hadoop/hadoop-hdfs-client/3.3.1/hadoop-hdfs-client-3.3.1.jar:/home/runner/.m2/repository/org/bouncycastle/bcprov-jdk15on/1.67/bcprov-jdk15on-1.67.jar:/home/runner/.m2/repository/com/google/protobuf/protobuf-java/2.5.0/protobuf-java-2.5.0.jar:/home/runner/.m2/repository/org/apache/ozone/ozone-manager/1.3.0-SNAPSHOT/ozone-manager-1.3.0-SNAPSHOT.jar:/home/runner/.m2/repository/org/aspectj/aspectjrt/1.9.7/aspectjrt-1.9.7.jar:/home/runner/.m2/repository/org/aspectj/aspectjweaver/1.9.7/aspectjweaver-1.9.7.jar:/home/runner/.m2/repository/org/apache/ozone/hdds-interface-client/1.3.0-SNAPSHOT/hdds-interface-client-1.3.0-SNAPSHOT.jar:/home/runner/.m2/repository/org/apache/hadoop/thirdparty/hadoop-shaded-protobuf_3_7/1.1.1/hadoop-shaded-protobuf_3_7-1.1.1.jar:/home/runner/.m2/repository/org/apache/ozone/ozone-interface-storage/1.3.0-SNAPSHOT/ozone-interface-storage-1.3.0-SNAPSHOT.jar:/home/runner/.m2/repository/org/reflections/reflections/0.9.11/reflections-0.9.11.jar:/home/runner/.m2/repository/org/apache/hadoop/hadoop-minikdc/3.3.1/hadoop-minikdc-3.3.1.jar:/home/runner/.m2/repository/org/apache/kerby/kerb-simplekdc/1.0.1/kerb-simplekdc-1.0.1.jar:/home/runner/.m2/repository/org/apache/kerby/kerb-client/1.0.1/kerb-client-1.0.1.jar:/home/runner/.m2/repository/org/apache/kerby/kerby-config/1.0.1/kerby-config-1.0.1.jar:/home/runner/.m2/repository/org/apache/kerby/kerb-common/1.0.1/kerb-common-1.0.1.jar:/home/runner/.m2/repository/org/apache/kerby/kerb-crypto/1.0.1/kerb-crypto-1.0.1.jar:/home/runner/.m2/repository/org/apache/kerby/kerb-util/1.0.1/kerb-util-1.0.1.jar:/home/runner/.m2/repository/org/apache/kerby/token-provider/1.0.1/token-provider-1.0.1.jar:/home/runner/.m2/repository/org/apache/kerby/kerb-admin/1.0.1/kerb-admin-1.0.1.jar:/home/runner/.m2/repository/org/apache/kerby/kerb-server/1.0.1/kerb-server-1.0.1.jar:/home/runner/.m2/repository/org/apache/kerby/kerb-identity/1.0.1/kerb-identity-1.0.1.jar:/home/runner/.m2/repository/org/apache/kerby/kerby-xdr/1.0.1/kerby-xdr-1.0.1.jar:/home/runner/.m2/repository/org/slf4j/slf4j-log4j12/1.7.30/slf4j-log4j12-1.7.30.jar:/home/runner/.m2/repository/org/apache/ozone/ozone-s3gateway/1.3.0-SNAPSHOT/ozone-s3gateway-1.3.0-SNAPSHOT.jar:/home/runner/.m2/repository/org/javassist/javassist/3.21.0-GA/javassist-3.21.0-GA.jar:/home/runner/.m2/repository/org/jboss/weld/servlet/weld-servlet/2.4.7.Final/weld-servlet-2.4.7.Final.jar:/home/runner/.m2/repository/org/glassfish/jersey/containers/jersey-container-servlet-core/2.33/jersey-container-servlet-core-2.33.jar:/home/runner/.m2/repository/org/glassfish/hk2/external/jakarta.inject/2.6.1/jakarta.inject-2.6.1.jar:/home/runner/.m2/repository/org/glassfish/jersey/core/jersey-common/2.33/jersey-common-2.33.jar:/home/runner/.m2/repository/jakarta/ws/rs/jakarta.ws.rs-api/2.1.6/jakarta.ws.rs-api-2.1.6.jar:/home/runner/.m2/repository/org/glassfish/jersey/ext/cdi/jersey-cdi1x/2.33/jersey-cdi1x-2.33.jar:/home/runner/.m2/repository/org/glassfish/jersey/inject/jersey-hk2/2.33/jersey-hk2-2.33.jar:/home/runner/.m2/repository/org/glassfish/hk2/hk2-locator/2.6.1/hk2-locator-2.6.1.jar:/home/runner/.m2/repository/org/glassfish/jersey/media/jersey-media-jaxb/2.33/jersey-media-jaxb-2.33.jar:/home/runner/.m2/repository/org/glassfish/hk2/osgi-resource-locator/1.0.3/osgi-resource-locator-1.0.3.jar:/home/runner/.m2/repository/org/glassfish/hk2/hk2-api/2.5.0/hk2-api-2.5.0.jar:/home/runner/.m2/repository/org/glassfish/hk2/hk2-utils/2.5.0/hk2-utils-2.5.0.jar:/home/runner/.m2/repository/org/glassfish/hk2/external/aopalliance-repackaged/2.5.0/aopalliance-repackaged-2.5.0.jar:/home/runner/.m2/repository/com/fasterxml/jackson/dataformat/jackson-dataformat-xml/2.12.1/jackson-dataformat-xml-2.12.1.jar:/home/runner/.m2/repository/com/fasterxml/jackson/core/jackson-core/2.12.1/jackson-core-2.12.1.jar:/home/runner/.m2/repository/com/fasterxml/jackson/module/jackson-module-jaxb-annotations/2.12.1/jackson-module-jaxb-annotations-2.12.1.jar:/home/runner/.m2/repository/jakarta/xml/bind/jakarta.xml.bind-api/2.3.2/jakarta.xml.bind-api-2.3.2.jar:/home/runner/.m2/repository/org/codehaus/woodstox/stax2-api/3.1.4/stax2-api-3.1.4.jar:/home/runner/.m2/repository/com/fasterxml/woodstox/woodstox-core/5.0.3/woodstox-core-5.0.3.jar:/home/runner/.m2/repository/javax/enterprise/cdi-api/1.2/cdi-api-1.2.jar:/home/runner/.m2/repository/javax/el/javax.el-api/3.0.0/javax.el-api-3.0.0.jar:/home/runner/.m2/repository/javax/interceptor/javax.interceptor-api/1.2/javax.interceptor-api-1.2.jar:/home/runner/.m2/repository/javax/inject/javax.inject/1/javax.inject-1.jar:/home/runner/.m2/repository/javax/xml/bind/jaxb-api/2.3.0/jaxb-api-2.3.0.jar:/home/runner/.m2/repository/org/glassfish/jaxb/jaxb-runtime/2.3.0.1/jaxb-runtime-2.3.0.1.jar:/home/runner/.m2/repository/org/glassfish/jaxb/jaxb-core/2.3.0.1/jaxb-core-2.3.0.1.jar:/home/runner/.m2/repository/org/glassfish/jaxb/txw2/2.3.0.1/txw2-2.3.0.1.jar:/home/runner/.m2/repository/com/sun/istack/istack-commons-runtime/3.0.5/istack-commons-runtime-3.0.5.jar:/home/runner/.m2/repository/org/jvnet/staxex/stax-ex/1.7.8/stax-ex-1.7.8.jar:/home/runner/.m2/repository/com/sun/xml/fastinfoset/FastInfoset/1.2.13/FastInfoset-1.2.13.jar:/home/runner/.m2/repository/javax/activation/activation/1.1.1/activation-1.1.1.jar:/home/runner/.m2/repository/org/apache/ozone/ozone-csi/1.3.0-SNAPSHOT/ozone-csi-1.3.0-SNAPSHOT.jar:/home/runner/.m2/repository/com/google/protobuf/protobuf-java-util/3.12.0/protobuf-java-util-3.12.0.jar:/home/runner/.m2/repository/com/google/code/gson/gson/2.2.4/gson-2.2.4.jar:/home/runner/.m2/repository/org/apache/ozone/hdds-config/1.3.0-SNAPSHOT/hdds-config-1.3.0-SNAPSHOT.jar:/home/runner/.m2/repository/io/grpc/grpc-netty/1.33.0/grpc-netty-1.33.0.jar:/home/runner/.m2/repository/io/grpc/grpc-core/1.33.0/grpc-core-1.33.0.jar:/home/runner/.m2/repository/com/google/android/annotations/4.1.1.4/annotations-4.1.1.4.jar:/home/runner/.m2/repository/io/netty/netty-codec-http2/4.1.63.Final/netty-codec-http2-4.1.63.Final.jar:/home/runner/.m2/repository/io/netty/netty-codec-http/4.1.63.Final/netty-codec-http-4.1.63.Final.jar:/home/runner/.m2/repository/io/netty/netty-handler-proxy/4.1.63.Final/netty-handler-proxy-4.1.63.Final.jar:/home/runner/.m2/repository/io/netty/netty-codec-socks/4.1.63.Final/netty-codec-socks-4.1.63.Final.jar:/home/runner/.m2/repository/io/perfmark/perfmark-api/0.19.0/perfmark-api-0.19.0.jar:/home/runner/.m2/repository/org/codehaus/mojo/animal-sniffer-annotations/1.18/animal-sniffer-annotations-1.18.jar:/home/runner/.m2/repository/io/netty/netty-transport-native-epoll/4.1.63.Final/netty-transport-native-epoll-4.1.63.Final.jar:/home/runner/.m2/repository/io/netty/netty-common/4.1.63.Final/netty-common-4.1.63.Final.jar:/home/runner/.m2/repository/io/netty/netty-buffer/4.1.63.Final/netty-buffer-4.1.63.Final.jar:/home/runner/.m2/repository/io/netty/netty-transport-native-unix-common/4.1.63.Final/netty-transport-native-unix-common-4.1.63.Final.jar:/home/runner/.m2/repository/io/grpc/grpc-protobuf/1.33.0/grpc-protobuf-1.33.0.jar:/home/runner/.m2/repository/io/grpc/grpc-api/1.33.0/grpc-api-1.33.0.jar:/home/runner/.m2/repository/io/grpc/grpc-context/1.33.0/grpc-context-1.33.0.jar:/home/runner/.m2/repository/com/google/api/grpc/proto-google-common-protos/1.17.0/proto-google-common-protos-1.17.0.jar:/home/runner/.m2/repository/io/grpc/grpc-protobuf-lite/1.33.0/grpc-protobuf-lite-1.33.0.jar:/home/runner/.m2/repository/io/grpc/grpc-stub/1.33.0/grpc-stub-1.33.0.jar:/home/runner/.m2/repository/org/apache/ozone/ozone-recon/1.3.0-SNAPSHOT/ozone-recon-1.3.0-SNAPSHOT.jar:/home/runner/.m2/repository/org/apache/ozone/ozone-reconcodegen/1.3.0-SNAPSHOT/ozone-reconcodegen-1.3.0-SNAPSHOT.jar:/home/runner/.m2/repository/com/google/inject/extensions/guice-multibindings/4.0/guice-multibindings-4.0.jar:/home/runner/.m2/repository/com/google/inject/guice/4.0/guice-4.0.jar:/home/runner/.m2/repository/aopalliance/aopalliance/1.0/aopalliance-1.0.jar:/home/runner/.m2/repository/com/google/inject/extensions/guice-assistedinject/4.0/guice-assistedinject-4.0.jar:/home/runner/.m2/repository/com/google/inject/extensions/guice-servlet/4.0/guice-servlet-4.0.jar:/home/runner/.m2/repository/org/glassfish/jersey/containers/jersey-container-servlet/2.33/jersey-container-servlet-2.33.jar:/home/runner/.m2/repository/org/glassfish/hk2/guice-bridge/2.5.0/guice-bridge-2.5.0.jar:/home/runner/.m2/repository/org/glassfish/jersey/core/jersey-server/2.33/jersey-server-2.33.jar:/home/runner/.m2/repository/org/glassfish/jersey/core/jersey-client/2.33/jersey-client-2.33.jar:/home/runner/.m2/repository/jakarta/annotation/jakarta.annotation-api/1.3.5/jakarta.annotation-api-1.3.5.jar:/home/runner/.m2/repository/jakarta/validation/jakarta.validation-api/2.0.2/jakarta.validation-api-2.0.2.jar:/home/runner/.m2/repository/org/glassfish/jersey/media/jersey-media-json-jackson/2.33/jersey-media-json-jackson-2.33.jar:/home/runner/.m2/repository/org/glassfish/jersey/ext/jersey-entity-filtering/2.33/jersey-entity-filtering-2.33.jar:/home/runner/.m2/repository/org/jooq/jooq/3.11.10/jooq-3.11.10.jar:/home/runner/.m2/repository/org/jooq/jooq-meta/3.11.10/jooq-meta-3.11.10.jar:/home/runner/.m2/repository/org/jooq/jooq-codegen/3.11.10/jooq-codegen-3.11.10.jar:/home/runner/.m2/repository/com/jolbox/bonecp/0.8.0.RELEASE/bonecp-0.8.0.RELEASE.jar:/home/runner/.m2/repository/org/apache/derby/derby/10.14.2.0/derby-10.14.2.0.jar:/home/runner/.m2/repository/org/xerial/sqlite-jdbc/3.25.2/sqlite-jdbc-3.25.2.jar:/home/runner/.m2/repository/org/springframework/spring-jdbc/5.2.18.RELEASE/spring-jdbc-5.2.18.RELEASE.jar:/home/runner/.m2/repository/org/springframework/spring-beans/5.2.18.RELEASE/spring-beans-5.2.18.RELEASE.jar:/home/runner/.m2/repository/org/springframework/spring-core/5.2.18.RELEASE/spring-core-5.2.18.RELEASE.jar:/home/runner/.m2/repository/org/springframework/spring-jcl/5.2.18.RELEASE/spring-jcl-5.2.18.RELEASE.jar:/home/runner/.m2/repository/org/springframework/spring-tx/5.2.18.RELEASE/spring-tx-5.2.18.RELEASE.jar:/home/runner/.m2/repository/org/apache/ozone/ozone-client/1.3.0-SNAPSHOT/ozone-client-1.3.0-SNAPSHOT.jar:/home/runner/.m2/repository/org/apache/ozone/ozone-filesystem/1.3.0-SNAPSHOT/ozone-filesystem-1.3.0-SNAPSHOT.jar:/home/runner/.m2/repository/org/apache/ozone/ozone-filesystem-common/1.3.0-SNAPSHOT/ozone-filesystem-common-1.3.0-SNAPSHOT.jar:/home/runner/.m2/repository/org/apache/ozone/ozone-tools/1.3.0-SNAPSHOT/ozone-tools-1.3.0-SNAPSHOT.jar:/home/runner/.m2/repository/org/apache/ratis/ratis-tools/2.2.0/ratis-tools-2.2.0.jar:/home/runner/.m2/repository/com/amazonaws/aws-java-sdk-core/1.12.124/aws-java-sdk-core-1.12.124.jar:/home/runner/.m2/repository/org/apache/httpcomponents/httpclient/4.5.13/httpclient-4.5.13.jar:/home/runner/.m2/repository/org/apache/httpcomponents/httpcore/4.4.13/httpcore-4.4.13.jar:/home/runner/.m2/repository/software/amazon/ion/ion-java/1.0.2/ion-java-1.0.2.jar:/home/runner/.m2/repository/com/fasterxml/jackson/dataformat/jackson-dataformat-cbor/2.12.1/jackson-dataformat-cbor-2.12.1.jar:/home/runner/.m2/repository/joda-time/joda-time/2.8.1/joda-time-2.8.1.jar:/home/runner/.m2/repository/com/amazonaws/aws-java-sdk-s3/1.12.124/aws-java-sdk-s3-1.12.124.jar:/home/runner/.m2/repository/com/amazonaws/aws-java-sdk-kms/1.12.124/aws-java-sdk-kms-1.12.124.jar:/home/runner/.m2/repository/com/amazonaws/jmespath-java/1.12.124/jmespath-java-1.12.124.jar:/home/runner/.m2/repository/org/kohsuke/metainf-services/metainf-services/1.8/metainf-services-1.8.jar:/home/runner/.m2/repository/org/apache/ozone/hdds-tools/1.3.0-SNAPSHOT/hdds-tools-1.3.0-SNAPSHOT.jar:/home/runner/.m2/repository/commons-cli/commons-cli/1.2/commons-cli-1.2.jar:/home/runner/.m2/repository/org/apache/commons/commons-lang3/3.7/commons-lang3-3.7.jar:/home/runner/.m2/repository/org/apache/ozone/ozone-manager/1.3.0-SNAPSHOT/ozone-manager-1.3.0-SNAPSHOT-tests.jar:/home/runner/.m2/repository/org/apache/ozone/hdds-common/1.3.0-SNAPSHOT/hdds-common-1.3.0-SNAPSHOT-tests.jar:/home/runner/.m2/repository/org/apache/ozone/hdds-hadoop-dependency-client/1.3.0-SNAPSHOT/hdds-hadoop-dependency-client-1.3.0-SNAPSHOT.jar:/home/runner/.m2/repository/info/picocli/picocli/4.6.1/picocli-4.6.1.jar:/home/runner/.m2/repository/com/fasterxml/jackson/core/jackson-annotations/2.12.1/jackson-annotations-2.12.1.jar:/home/runner/.m2/repository/javax/annotation/javax.annotation-api/1.2/javax.annotation-api-1.2.jar:/home/runner/.m2/repository/org/apache/ratis/ratis-server/2.2.0/ratis-server-2.2.0.jar:/home/runner/.m2/repository/org/apache/ratis/ratis-client/2.2.0/ratis-client-2.2.0.jar:/home/runner/.m2/repository/org/apache/ratis/ratis-server-api/2.2.0/ratis-server-api-2.2.0.jar:/home/runner/.m2/repository/org/apache/ratis/ratis-metrics/2.2.0/ratis-metrics-2.2.0.jar:/home/runner/.m2/repository/org/apache/ratis/ratis-netty/2.2.0/ratis-netty-2.2.0.jar:/home/runner/.m2/repository/org/apache/ratis/ratis-grpc/2.2.0/ratis-grpc-2.2.0.jar:/home/runner/.m2/repository/org/apache/logging/log4j/log4j-api/2.17.1/log4j-api-2.17.1.jar:/home/runner/.m2/repository/org/apache/logging/log4j/log4j-core/2.17.1/log4j-core-2.17.1.jar:/home/runner/.m2/repository/com/lmax/disruptor/3.4.2/disruptor-3.4.2.jar:/home/runner/.m2/repository/org/apache/commons/commons-pool2/2.6.0/commons-pool2-2.6.0.jar:/home/runner/.m2/repository/org/bouncycastle/bcpkix-jdk15on/1.67/bcpkix-jdk15on-1.67.jar:/home/runner/.m2/repository/commons-validator/commons-validator/1.6/commons-validator-1.6.jar:/home/runner/.m2/repository/commons-beanutils/commons-beanutils/1.9.4/commons-beanutils-1.9.4.jar:/home/runner/.m2/repository/commons-digester/commons-digester/1.8.1/commons-digester-1.8.1.jar:/home/runner/.m2/repository/commons-collections/commons-collections/3.2.2/commons-collections-3.2.2.jar:/home/runner/.m2/repository/io/jaegertracing/jaeger-client/1.6.0/jaeger-client-1.6.0.jar:/home/runner/.m2/repository/io/jaegertracing/jaeger-thrift/1.6.0/jaeger-thrift-1.6.0.jar:/home/runner/.m2/repository/org/apache/thrift/libthrift/0.14.1/libthrift-0.14.1.jar:/home/runner/.m2/repository/com/squareup/okhttp3/okhttp/4.9.0/okhttp-4.9.0.jar:/home/runner/.m2/repository/com/squareup/okio/okio/2.8.0/okio-2.8.0.jar:/home/runner/.m2/repository/io/jaegertracing/jaeger-core/1.6.0/jaeger-core-1.6.0.jar:/home/runner/.m2/repository/io/jaegertracing/jaeger-tracerresolver/1.6.0/jaeger-tracerresolver-1.6.0.jar:/home/runner/.m2/repository/io/opentracing/contrib/opentracing-tracerresolver/0.1.8/opentracing-tracerresolver-0.1.8.jar:/home/runner/.m2/repository/org/jetbrains/kotlin/kotlin-stdlib/1.4.31/kotlin-stdlib-1.4.31.jar:/home/runner/.m2/repository/org/jetbrains/kotlin/kotlin-stdlib-common/1.4.31/kotlin-stdlib-common-1.4.31.jar:/home/runner/.m2/repository/org/jetbrains/annotations/13.0/annotations-13.0.jar:/home/runner/.m2/repository/io/opentracing/opentracing-util/0.33.0/opentracing-util-0.33.0.jar:/home/runner/.m2/repository/io/opentracing/opentracing-api/0.33.0/opentracing-api-0.33.0.jar:/home/runner/.m2/repository/io/opentracing/opentracing-noop/0.33.0/opentracing-noop-0.33.0.jar:/home/runner/.m2/repository/org/yaml/snakeyaml/1.26/snakeyaml-1.26.jar:/home/runner/.m2/repository/org/apache/ozone/hdds-interface-admin/1.3.0-SNAPSHOT/hdds-interface-admin-1.3.0-SNAPSHOT.jar:/home/runner/.m2/repository/junit/junit/4.13.1/junit-4.13.1.jar:/home/runner/.m2/repository/org/hamcrest/hamcrest-core/1.3/hamcrest-core-1.3.jar:/home/runner/.m2/repository/org/junit/jupiter/junit-jupiter-api/5.7.0/junit-jupiter-api-5.7.0.jar:/home/runner/.m2/repository/org/apiguardian/apiguardian-api/1.1.0/apiguardian-api-1.1.0.jar:/home/runner/.m2/repository/org/opentest4j/opentest4j/1.2.0/opentest4j-1.2.0.jar:/home/runner/.m2/repository/org/junit/platform/junit-platform-commons/1.7.0/junit-platform-commons-1.7.0.jar:/home/runner/.m2/repository/org/junit/jupiter/junit-jupiter-engine/5.7.0/junit-jupiter-engine-5.7.0.jar:/home/runner/.m2/repository/org/junit/platform/junit-platform-engine/1.7.0/junit-platform-engine-1.7.0.jar:/home/runner/.m2/repository/org/junit/vintage/junit-vintage-engine/5.7.0/junit-vintage-engine-5.7.0.jar:/home/runner/.m2/repository/org/junit/platform/junit-platform-launcher/1.7.0/junit-platform-launcher-1.7.0.jar:/home/runner/.m2/repository/org/openjdk/jmh/jmh-core/1.19/jmh-core-1.19.jar:/home/runner/.m2/repository/net/sf/jopt-simple/jopt-simple/4.6/jopt-simple-4.6.jar:/home/runner/.m2/repository/org/apache/commons/commons-math3/3.1.1/commons-math3-3.1.1.jar:/home/runner/.m2/repository/org/openjdk/jmh/jmh-generator-annprocess/1.19/jmh-generator-annprocess-1.19.jar:/home/runner/.m2/repository/org/mockito/mockito-core/2.28.2/mockito-core-2.28.2.jar:/home/runner/.m2/repository/net/bytebuddy/byte-buddy/1.9.10/byte-buddy-1.9.10.jar:/home/runner/.m2/repository/net/bytebuddy/byte-buddy-agent/1.9.10/byte-buddy-agent-1.9.10.jar:/home/runner/.m2/repository/org/objenesis/objenesis/1.0/objenesis-1.0.jar:/home/runner/.m2/repository/org/apache/hadoop/hadoop-kms/3.3.1/hadoop-kms-3.3.1.jar:/home/runner/.m2/repository/org/apache/hadoop/hadoop-auth/3.3.1/hadoop-auth-3.3.1.jar:/home/runner/.m2/repository/com/nimbusds/nimbus-jose-jwt/7.9/nimbus-jose-jwt-7.9.jar:/home/runner/.m2/repository/com/github/stephenc/jcip/jcip-annotations/1.0-1/jcip-annotations-1.0-1.jar:/home/runner/.m2/repository/net/minidev/json-smart/2.3.1/json-smart-2.3.1.jar:/home/runner/.m2/repository/net/minidev/accessors-smart/2.3.1/accessors-smart-2.3.1.jar:/home/runner/.m2/repository/org/ow2/asm/asm/5.0.4/asm-5.0.4.jar:/home/runner/.m2/repository/org/apache/zookeeper/zookeeper/3.5.6/zookeeper-3.5.6.jar:/home/runner/.m2/repository/org/apache/zookeeper/zookeeper-jute/3.5.6/zookeeper-jute-3.5.6.jar:/home/runner/.m2/repository/org/apache/yetus/audience-annotations/0.5.0/audience-annotations-0.5.0.jar:/home/runner/.m2/repository/org/apache/curator/curator-framework/4.2.0/curator-framework-4.2.0.jar:/home/runner/.m2/repository/org/apache/hadoop/thirdparty/hadoop-shaded-guava/1.1.1/hadoop-shaded-guava-1.1.1.jar:/home/runner/.m2/repository/com/sun/jersey/jersey-core/1.19/jersey-core-1.19.jar:/home/runner/.m2/repository/javax/ws/rs/jsr311-api/1.1.1/jsr311-api-1.1.1.jar:/home/runner/.m2/repository/com/sun/jersey/jersey-server/1.19/jersey-server-1.19.jar:/home/runner/.m2/repository/javax/servlet/javax.servlet-api/3.1.0/javax.servlet-api-3.1.0.jar:/home/runner/.m2/repository/org/eclipse/jetty/jetty-server/9.4.43.v20210629/jetty-server-9.4.43.v20210629.jar:/home/runner/.m2/repository/org/eclipse/jetty/jetty-http/9.4.43.v20210629/jetty-http-9.4.43.v20210629.jar:/home/runner/.m2/repository/org/eclipse/jetty/jetty-io/9.4.43.v20210629/jetty-io-9.4.43.v20210629.jar:/home/runner/.m2/repository/org/eclipse/jetty/jetty-webapp/9.4.43.v20210629/jetty-webapp-9.4.43.v20210629.jar:/home/runner/.m2/repository/org/eclipse/jetty/jetty-xml/9.4.43.v20210629/jetty-xml-9.4.43.v20210629.jar:/home/runner/.m2/repository/org/apache/hadoop/hadoop-common/3.3.1/hadoop-common-3.3.1.jar:/home/runner/.m2/repository/commons-net/commons-net/3.6/commons-net-3.6.jar:/home/runner/.m2/repository/jakarta/activation/jakarta.activation-api/1.2.1/jakarta.activation-api-1.2.1.jar:/home/runner/.m2/repository/com/sun/jersey/jersey-servlet/1.19/jersey-servlet-1.19.jar:/home/runner/.m2/repository/com/sun/jersey/jersey-json/1.19/jersey-json-1.19.jar:/home/runner/.m2/repository/org/codehaus/jettison/jettison/1.1/jettison-1.1.jar:/home/runner/.m2/repository/com/sun/xml/bind/jaxb-impl/2.2.3-1/jaxb-impl-2.2.3-1.jar:/home/runner/.m2/repository/org/codehaus/jackson/jackson-jaxrs/1.9.2/jackson-jaxrs-1.9.2.jar:/home/runner/.m2/repository/org/codehaus/jackson/jackson-xc/1.9.2/jackson-xc-1.9.2.jar:/home/runner/.m2/repository/org/apache/commons/commons-configuration2/2.1.1/commons-configuration2-2.1.1.jar:/home/runner/.m2/repository/org/apache/commons/commons-text/1.4/commons-text-1.4.jar:/home/runner/.m2/repository/com/google/re2j/re2j/1.1/re2j-1.1.jar:/home/runner/.m2/repository/com/jcraft/jsch/0.1.54/jsch-0.1.54.jar:/home/runner/.m2/repository/org/apache/curator/curator-client/4.2.0/curator-client-4.2.0.jar:/home/runner/.m2/repository/org/apache/curator/curator-recipes/4.2.0/curator-recipes-4.2.0.jar:/home/runner/.m2/repository/org/apache/kerby/kerb-core/1.0.1/kerb-core-1.0.1.jar:/home/runner/.m2/repository/org/apache/kerby/kerby-pkix/1.0.1/kerby-pkix-1.0.1.jar:/home/runner/.m2/repository/org/apache/kerby/kerby-asn1/1.0.1/kerby-asn1-1.0.1.jar:/home/runner/.m2/repository/org/apache/kerby/kerby-util/1.0.1/kerby-util-1.0.1.jar:/home/runner/.m2/repository/dnsjava/dnsjava/2.1.7/dnsjava-2.1.7.jar:/home/runner/.m2/repository/org/xerial/snappy/snappy-java/1.1.8.2/snappy-java-1.1.8.2.jar:/home/runner/.m2/repository/org/slf4j/jul-to-slf4j/1.7.30/jul-to-slf4j-1.7.30.jar:/home/runner/.m2/repository/org/eclipse/jetty/jetty-util/9.4.43.v20210629/jetty-util-9.4.43.v20210629.jar:/home/runner/.m2/repository/com/fasterxml/jackson/core/jackson-databind/2.12.1/jackson-databind-2.12.1.jar:/home/runner/.m2/repository/org/apache/hadoop/hadoop-kms/3.3.1/hadoop-kms-3.3.1-tests.jar:/home/runner/.m2/repository/org/apache/ozone/hdds-server-scm/1.3.0-SNAPSHOT/hdds-server-scm-1.3.0-SNAPSHOT-tests.jar:/home/runner/.m2/repository/org/apache/ozone/hdds-container-service/1.3.0-SNAPSHOT/hdds-container-service-1.3.0-SNAPSHOT-tests.jar:/home/runner/.m2/repository/commons-codec/commons-codec/1.11/commons-codec-1.11.jar:/home/runner/.m2/repository/io/netty/netty-transport/4.1.63.Final/netty-transport-4.1.63.Final.jar:/home/runner/.m2/repository/io/netty/netty-resolver/4.1.63.Final/netty-resolver-4.1.63.Final.jar:/home/runner/.m2/repository/io/netty/netty-codec/4.1.63.Final/netty-codec-4.1.63.Final.jar:/home/runner/.m2/repository/io/netty/netty-handler/4.1.63.Final/netty-handler-4.1.63.Final.jar:/home/runner/.m2/repository/org/apache/ozone/hdds-hadoop-dependency-test/1.3.0-SNAPSHOT/hdds-hadoop-dependency-test-1.3.0-SNAPSHOT.jar:/home/runner/.m2/repository/org/apache/hadoop/hadoop-common/3.3.1/hadoop-common-3.3.1-tests.jar:/home/runner/.m2/repository/org/assertj/assertj-core/3.12.2/assertj-core-3.12.2.jar:/home/runner/.m2/repository/org/apache/hadoop/hadoop-hdfs/3.3.1/hadoop-hdfs-3.3.1-tests.jar:/home/runner/.m2/repository/org/eclipse/jetty/jetty-util-ajax/9.4.43.v20210629/jetty-util-ajax-9.4.43.v20210629.jar:/home/runner/.m2/repository/commons-daemon/commons-daemon/1.0.13/commons-daemon-1.0.13.jar:/home/runner/.m2/repository/io/netty/netty/3.10.6.Final/netty-3.10.6.Final.jar:/home/runner/.m2/repository/io/netty/netty-all/4.1.63.Final/netty-all-4.1.63.Final.jar:/home/runner/.m2/repository/org/apache/htrace/htrace-core4/4.1.0-incubating/htrace-core4-4.1.0-incubating.jar:/home/runner/.m2/repository/org/fusesource/leveldbjni/leveldbjni-all/1.8/leveldbjni-all-1.8.jar:/home/runner/.m2/repository/org/apache/hadoop/hadoop-distcp/3.3.1/hadoop-distcp-3.3.1.jar:/home/runner/.m2/repository/org/apache/hadoop/hadoop-mapreduce-client-jobclient/3.3.1/hadoop-mapreduce-client-jobclient-3.3.1.jar:/home/runner/.m2/repository/org/apache/hadoop/hadoop-mapreduce-client-common/3.3.1/hadoop-mapreduce-client-common-3.3.1.jar:/home/runner/.m2/repository/org/apache/hadoop/hadoop-yarn-common/3.3.1/hadoop-yarn-common-3.3.1.jar:/home/runner/.m2/repository/org/apache/hadoop/hadoop-yarn-api/3.3.1/hadoop-yarn-api-3.3.1.jar:/home/runner/.m2/repository/com/sun/jersey/jersey-client/1.19/jersey-client-1.19.jar:/home/runner/.m2/repository/com/sun/jersey/contribs/jersey-guice/1.19/jersey-guice-1.19.jar:/home/runner/.m2/repository/com/fasterxml/jackson/jaxrs/jackson-jaxrs-json-provider/2.12.1/jackson-jaxrs-json-provider-2.12.1.jar:/home/runner/.m2/repository/com/fasterxml/jackson/jaxrs/jackson-jaxrs-base/2.12.1/jackson-jaxrs-base-2.12.1.jar:/home/runner/.m2/repository/org/apache/hadoop/hadoop-yarn-client/3.3.1/hadoop-yarn-client-3.3.1.jar:/home/runner/.m2/repository/org/eclipse/jetty/websocket/websocket-client/9.4.40.v20210413/websocket-client-9.4.40.v20210413.jar:/home/runner/.m2/repository/org/eclipse/jetty/jetty-client/9.4.40.v20210413/jetty-client-9.4.40.v20210413.jar:/home/runner/.m2/repository/org/eclipse/jetty/websocket/websocket-common/9.4.40.v20210413/websocket-common-9.4.40.v20210413.jar:/home/runner/.m2/repository/org/eclipse/jetty/websocket/websocket-api/9.4.40.v20210413/websocket-api-9.4.40.v20210413.jar:/home/runner/.m2/repository/org/jline/jline/3.9.0/jline-3.9.0.jar:/home/runner/.m2/repository/org/apache/hadoop/hadoop-mapreduce-client-core/3.3.1/hadoop-mapreduce-client-core-3.3.1.jar:/home/runner/.m2/repository/org/apache/avro/avro/1.7.7/avro-1.7.7.jar:/home/runner/.m2/repository/org/codehaus/jackson/jackson-core-asl/1.9.13/jackson-core-asl-1.9.13.jar:/home/runner/.m2/repository/org/codehaus/jackson/jackson-mapper-asl/1.9.13/jackson-mapper-asl-1.9.13.jar:/home/runner/.m2/repository/com/thoughtworks/paranamer/paranamer/2.3/paranamer-2.3.jar:/home/runner/.m2/repository/org/apache/hadoop/hadoop-annotations/3.3.1/hadoop-annotations-3.3.1.jar:/usr/lib/jvm/adoptopenjdk-8-hotspot-amd64/jre/../lib/tools.jar:/home/runner/.m2/repository/org/apache/hadoop/hadoop-distcp/3.3.1/hadoop-distcp-3.3.1-tests.jar:/home/runner/.m2/repository/org/apache/ratis/ratis-common/2.2.0/ratis-common-2.2.0.jar:/home/runner/.m2/repository/org/apache/ratis/ratis-thirdparty-misc/0.7.0/ratis-thirdparty-misc-0.7.0.jar:/home/runner/.m2/repository/org/apache/ratis/ratis-proto/2.2.0/ratis-proto-2.2.0.jar:"/>
    <property name="java.vm.vendor" value="AdoptOpenJDK"/>
    <property name="sun.arch.data.model" value="64"/>
    <property name="test.build.dir" value="/home/runner/work/ozone/ozone/hadoop-ozone/integration-test/target/test-dir"/>
    <property name="test.cache.data" value=""/>
    <property name="java.vendor.url" value="https://adoptopenjdk.net/"/>
    <property name="user.timezone" value=""/>
    <property name="java.vm.specification.version" value="1.8"/>
    <property name="os.name" value="Linux"/>
    <property name="test.build.data" value="/home/runner/work/ozone/ozone/hadoop-ozone/integration-test/target/test-dir"/>
    <property name="sun.java.launcher" value="SUN_STANDARD"/>
    <property name="sun.boot.library.path" value="/usr/lib/jvm/adoptopenjdk-8-hotspot-amd64/jre/lib/amd64"/>
    <property name="sun.java.command" value="/home/runner/work/ozone/ozone/hadoop-ozone/integration-test/target/surefire/surefirebooter5114835905254370142.jar /home/runner/work/ozone/ozone/hadoop-ozone/integration-test/target/surefire 2022-01-16T12-50-01_769-jvmRun1 surefire6536850777198928819tmp surefire_258646073249192564254tmp"/>
    <property name="surefire.test.class.path" value="/home/runner/work/ozone/ozone/hadoop-ozone/integration-test/target/test-classes:/home/runner/work/ozone/ozone/hadoop-ozone/integration-test/target/classes:/home/runner/.m2/repository/org/apache/ozone/ozone-common/1.3.0-SNAPSHOT/ozone-common-1.3.0-SNAPSHOT.jar:/home/runner/.m2/repository/org/apache/commons/commons-compress/1.21/commons-compress-1.21.jar:/home/runner/.m2/repository/org/apache/ozone/hdds-common/1.3.0-SNAPSHOT/hdds-common-1.3.0-SNAPSHOT.jar:/home/runner/.m2/repository/org/apache/ozone/hdds-client/1.3.0-SNAPSHOT/hdds-client-1.3.0-SNAPSHOT.jar:/home/runner/.m2/repository/org/apache/ozone/ozone-interface-client/1.3.0-SNAPSHOT/ozone-interface-client-1.3.0-SNAPSHOT.jar:/home/runner/.m2/repository/org/apache/ozone/hdds-test-utils/1.3.0-SNAPSHOT/hdds-test-utils-1.3.0-SNAPSHOT.jar:/home/runner/.m2/repository/com/google/guava/guava/30.1.1-jre/guava-30.1.1-jre.jar:/home/runner/.m2/repository/com/google/guava/failureaccess/1.0.1/failureaccess-1.0.1.jar:/home/runner/.m2/repository/com/google/guava/listenablefuture/9999.0-empty-to-avoid-conflict-with-guava/listenablefuture-9999.0-empty-to-avoid-conflict-with-guava.jar:/home/runner/.m2/repository/com/google/code/findbugs/jsr305/3.0.0/jsr305-3.0.0.jar:/home/runner/.m2/repository/org/checkerframework/checker-qual/3.8.0/checker-qual-3.8.0.jar:/home/runner/.m2/repository/com/google/errorprone/error_prone_annotations/2.2.0/error_prone_annotations-2.2.0.jar:/home/runner/.m2/repository/com/google/j2objc/j2objc-annotations/1.3/j2objc-annotations-1.3.jar:/home/runner/.m2/repository/commons-io/commons-io/2.11.0/commons-io-2.11.0.jar:/home/runner/.m2/repository/commons-logging/commons-logging/1.2/commons-logging-1.2.jar:/home/runner/.m2/repository/log4j/log4j/1.2.17/log4j-1.2.17.jar:/home/runner/.m2/repository/org/slf4j/slf4j-api/1.7.30/slf4j-api-1.7.30.jar:/home/runner/.m2/repository/org/apache/ozone/hdds-server-scm/1.3.0-SNAPSHOT/hdds-server-scm-1.3.0-SNAPSHOT.jar:/home/runner/.m2/repository/org/apache/ozone/hdds-container-service/1.3.0-SNAPSHOT/hdds-container-service-1.3.0-SNAPSHOT.jar:/home/runner/.m2/repository/org/apache/ozone/hdds-hadoop-dependency-server/1.3.0-SNAPSHOT/hdds-hadoop-dependency-server-1.3.0-SNAPSHOT.jar:/home/runner/.m2/repository/org/apache/hadoop/hadoop-hdfs/3.3.1/hadoop-hdfs-3.3.1.jar:/home/runner/.m2/repository/org/apache/ozone/hdds-server-framework/1.3.0-SNAPSHOT/hdds-server-framework-1.3.0-SNAPSHOT.jar:/home/runner/.m2/repository/org/apache/ozone/hdds-interface-server/1.3.0-SNAPSHOT/hdds-interface-server-1.3.0-SNAPSHOT.jar:/home/runner/.m2/repository/org/eclipse/jetty/jetty-servlet/9.4.43.v20210629/jetty-servlet-9.4.43.v20210629.jar:/home/runner/.m2/repository/org/eclipse/jetty/jetty-security/9.4.43.v20210629/jetty-security-9.4.43.v20210629.jar:/home/runner/.m2/repository/org/rocksdb/rocksdbjni/6.25.3/rocksdbjni-6.25.3.jar:/home/runner/.m2/repository/io/prometheus/simpleclient_dropwizard/0.7.0/simpleclient_dropwizard-0.7.0.jar:/home/runner/.m2/repository/io/prometheus/simpleclient/0.7.0/simpleclient-0.7.0.jar:/home/runner/.m2/repository/io/prometheus/simpleclient_common/0.7.0/simpleclient_common-0.7.0.jar:/home/runner/.m2/repository/com/fasterxml/jackson/datatype/jackson-datatype-jsr310/2.12.1/jackson-datatype-jsr310-2.12.1.jar:/home/runner/.m2/repository/io/dropwizard/metrics/metrics-core/3.2.4/metrics-core-3.2.4.jar:/home/runner/.m2/repository/org/apache/hadoop/hadoop-hdfs-client/3.3.1/hadoop-hdfs-client-3.3.1.jar:/home/runner/.m2/repository/org/bouncycastle/bcprov-jdk15on/1.67/bcprov-jdk15on-1.67.jar:/home/runner/.m2/repository/com/google/protobuf/protobuf-java/2.5.0/protobuf-java-2.5.0.jar:/home/runner/.m2/repository/org/apache/ozone/ozone-manager/1.3.0-SNAPSHOT/ozone-manager-1.3.0-SNAPSHOT.jar:/home/runner/.m2/repository/org/aspectj/aspectjrt/1.9.7/aspectjrt-1.9.7.jar:/home/runner/.m2/repository/org/aspectj/aspectjweaver/1.9.7/aspectjweaver-1.9.7.jar:/home/runner/.m2/repository/org/apache/ozone/hdds-interface-client/1.3.0-SNAPSHOT/hdds-interface-client-1.3.0-SNAPSHOT.jar:/home/runner/.m2/repository/org/apache/hadoop/thirdparty/hadoop-shaded-protobuf_3_7/1.1.1/hadoop-shaded-protobuf_3_7-1.1.1.jar:/home/runner/.m2/repository/org/apache/ozone/ozone-interface-storage/1.3.0-SNAPSHOT/ozone-interface-storage-1.3.0-SNAPSHOT.jar:/home/runner/.m2/repository/org/reflections/reflections/0.9.11/reflections-0.9.11.jar:/home/runner/.m2/repository/org/apache/hadoop/hadoop-minikdc/3.3.1/hadoop-minikdc-3.3.1.jar:/home/runner/.m2/repository/org/apache/kerby/kerb-simplekdc/1.0.1/kerb-simplekdc-1.0.1.jar:/home/runner/.m2/repository/org/apache/kerby/kerb-client/1.0.1/kerb-client-1.0.1.jar:/home/runner/.m2/repository/org/apache/kerby/kerby-config/1.0.1/kerby-config-1.0.1.jar:/home/runner/.m2/repository/org/apache/kerby/kerb-common/1.0.1/kerb-common-1.0.1.jar:/home/runner/.m2/repository/org/apache/kerby/kerb-crypto/1.0.1/kerb-crypto-1.0.1.jar:/home/runner/.m2/repository/org/apache/kerby/kerb-util/1.0.1/kerb-util-1.0.1.jar:/home/runner/.m2/repository/org/apache/kerby/token-provider/1.0.1/token-provider-1.0.1.jar:/home/runner/.m2/repository/org/apache/kerby/kerb-admin/1.0.1/kerb-admin-1.0.1.jar:/home/runner/.m2/repository/org/apache/kerby/kerb-server/1.0.1/kerb-server-1.0.1.jar:/home/runner/.m2/repository/org/apache/kerby/kerb-identity/1.0.1/kerb-identity-1.0.1.jar:/home/runner/.m2/repository/org/apache/kerby/kerby-xdr/1.0.1/kerby-xdr-1.0.1.jar:/home/runner/.m2/repository/org/slf4j/slf4j-log4j12/1.7.30/slf4j-log4j12-1.7.30.jar:/home/runner/.m2/repository/org/apache/ozone/ozone-s3gateway/1.3.0-SNAPSHOT/ozone-s3gateway-1.3.0-SNAPSHOT.jar:/home/runner/.m2/repository/org/javassist/javassist/3.21.0-GA/javassist-3.21.0-GA.jar:/home/runner/.m2/repository/org/jboss/weld/servlet/weld-servlet/2.4.7.Final/weld-servlet-2.4.7.Final.jar:/home/runner/.m2/repository/org/glassfish/jersey/containers/jersey-container-servlet-core/2.33/jersey-container-servlet-core-2.33.jar:/home/runner/.m2/repository/org/glassfish/hk2/external/jakarta.inject/2.6.1/jakarta.inject-2.6.1.jar:/home/runner/.m2/repository/org/glassfish/jersey/core/jersey-common/2.33/jersey-common-2.33.jar:/home/runner/.m2/repository/jakarta/ws/rs/jakarta.ws.rs-api/2.1.6/jakarta.ws.rs-api-2.1.6.jar:/home/runner/.m2/repository/org/glassfish/jersey/ext/cdi/jersey-cdi1x/2.33/jersey-cdi1x-2.33.jar:/home/runner/.m2/repository/org/glassfish/jersey/inject/jersey-hk2/2.33/jersey-hk2-2.33.jar:/home/runner/.m2/repository/org/glassfish/hk2/hk2-locator/2.6.1/hk2-locator-2.6.1.jar:/home/runner/.m2/repository/org/glassfish/jersey/media/jersey-media-jaxb/2.33/jersey-media-jaxb-2.33.jar:/home/runner/.m2/repository/org/glassfish/hk2/osgi-resource-locator/1.0.3/osgi-resource-locator-1.0.3.jar:/home/runner/.m2/repository/org/glassfish/hk2/hk2-api/2.5.0/hk2-api-2.5.0.jar:/home/runner/.m2/repository/org/glassfish/hk2/hk2-utils/2.5.0/hk2-utils-2.5.0.jar:/home/runner/.m2/repository/org/glassfish/hk2/external/aopalliance-repackaged/2.5.0/aopalliance-repackaged-2.5.0.jar:/home/runner/.m2/repository/com/fasterxml/jackson/dataformat/jackson-dataformat-xml/2.12.1/jackson-dataformat-xml-2.12.1.jar:/home/runner/.m2/repository/com/fasterxml/jackson/core/jackson-core/2.12.1/jackson-core-2.12.1.jar:/home/runner/.m2/repository/com/fasterxml/jackson/module/jackson-module-jaxb-annotations/2.12.1/jackson-module-jaxb-annotations-2.12.1.jar:/home/runner/.m2/repository/jakarta/xml/bind/jakarta.xml.bind-api/2.3.2/jakarta.xml.bind-api-2.3.2.jar:/home/runner/.m2/repository/org/codehaus/woodstox/stax2-api/3.1.4/stax2-api-3.1.4.jar:/home/runner/.m2/repository/com/fasterxml/woodstox/woodstox-core/5.0.3/woodstox-core-5.0.3.jar:/home/runner/.m2/repository/javax/enterprise/cdi-api/1.2/cdi-api-1.2.jar:/home/runner/.m2/repository/javax/el/javax.el-api/3.0.0/javax.el-api-3.0.0.jar:/home/runner/.m2/repository/javax/interceptor/javax.interceptor-api/1.2/javax.interceptor-api-1.2.jar:/home/runner/.m2/repository/javax/inject/javax.inject/1/javax.inject-1.jar:/home/runner/.m2/repository/javax/xml/bind/jaxb-api/2.3.0/jaxb-api-2.3.0.jar:/home/runner/.m2/repository/org/glassfish/jaxb/jaxb-runtime/2.3.0.1/jaxb-runtime-2.3.0.1.jar:/home/runner/.m2/repository/org/glassfish/jaxb/jaxb-core/2.3.0.1/jaxb-core-2.3.0.1.jar:/home/runner/.m2/repository/org/glassfish/jaxb/txw2/2.3.0.1/txw2-2.3.0.1.jar:/home/runner/.m2/repository/com/sun/istack/istack-commons-runtime/3.0.5/istack-commons-runtime-3.0.5.jar:/home/runner/.m2/repository/org/jvnet/staxex/stax-ex/1.7.8/stax-ex-1.7.8.jar:/home/runner/.m2/repository/com/sun/xml/fastinfoset/FastInfoset/1.2.13/FastInfoset-1.2.13.jar:/home/runner/.m2/repository/javax/activation/activation/1.1.1/activation-1.1.1.jar:/home/runner/.m2/repository/org/apache/ozone/ozone-csi/1.3.0-SNAPSHOT/ozone-csi-1.3.0-SNAPSHOT.jar:/home/runner/.m2/repository/com/google/protobuf/protobuf-java-util/3.12.0/protobuf-java-util-3.12.0.jar:/home/runner/.m2/repository/com/google/code/gson/gson/2.2.4/gson-2.2.4.jar:/home/runner/.m2/repository/org/apache/ozone/hdds-config/1.3.0-SNAPSHOT/hdds-config-1.3.0-SNAPSHOT.jar:/home/runner/.m2/repository/io/grpc/grpc-netty/1.33.0/grpc-netty-1.33.0.jar:/home/runner/.m2/repository/io/grpc/grpc-core/1.33.0/grpc-core-1.33.0.jar:/home/runner/.m2/repository/com/google/android/annotations/4.1.1.4/annotations-4.1.1.4.jar:/home/runner/.m2/repository/io/netty/netty-codec-http2/4.1.63.Final/netty-codec-http2-4.1.63.Final.jar:/home/runner/.m2/repository/io/netty/netty-codec-http/4.1.63.Final/netty-codec-http-4.1.63.Final.jar:/home/runner/.m2/repository/io/netty/netty-handler-proxy/4.1.63.Final/netty-handler-proxy-4.1.63.Final.jar:/home/runner/.m2/repository/io/netty/netty-codec-socks/4.1.63.Final/netty-codec-socks-4.1.63.Final.jar:/home/runner/.m2/repository/io/perfmark/perfmark-api/0.19.0/perfmark-api-0.19.0.jar:/home/runner/.m2/repository/org/codehaus/mojo/animal-sniffer-annotations/1.18/animal-sniffer-annotations-1.18.jar:/home/runner/.m2/repository/io/netty/netty-transport-native-epoll/4.1.63.Final/netty-transport-native-epoll-4.1.63.Final.jar:/home/runner/.m2/repository/io/netty/netty-common/4.1.63.Final/netty-common-4.1.63.Final.jar:/home/runner/.m2/repository/io/netty/netty-buffer/4.1.63.Final/netty-buffer-4.1.63.Final.jar:/home/runner/.m2/repository/io/netty/netty-transport-native-unix-common/4.1.63.Final/netty-transport-native-unix-common-4.1.63.Final.jar:/home/runner/.m2/repository/io/grpc/grpc-protobuf/1.33.0/grpc-protobuf-1.33.0.jar:/home/runner/.m2/repository/io/grpc/grpc-api/1.33.0/grpc-api-1.33.0.jar:/home/runner/.m2/repository/io/grpc/grpc-context/1.33.0/grpc-context-1.33.0.jar:/home/runner/.m2/repository/com/google/api/grpc/proto-google-common-protos/1.17.0/proto-google-common-protos-1.17.0.jar:/home/runner/.m2/repository/io/grpc/grpc-protobuf-lite/1.33.0/grpc-protobuf-lite-1.33.0.jar:/home/runner/.m2/repository/io/grpc/grpc-stub/1.33.0/grpc-stub-1.33.0.jar:/home/runner/.m2/repository/org/apache/ozone/ozone-recon/1.3.0-SNAPSHOT/ozone-recon-1.3.0-SNAPSHOT.jar:/home/runner/.m2/repository/org/apache/ozone/ozone-reconcodegen/1.3.0-SNAPSHOT/ozone-reconcodegen-1.3.0-SNAPSHOT.jar:/home/runner/.m2/repository/com/google/inject/extensions/guice-multibindings/4.0/guice-multibindings-4.0.jar:/home/runner/.m2/repository/com/google/inject/guice/4.0/guice-4.0.jar:/home/runner/.m2/repository/aopalliance/aopalliance/1.0/aopalliance-1.0.jar:/home/runner/.m2/repository/com/google/inject/extensions/guice-assistedinject/4.0/guice-assistedinject-4.0.jar:/home/runner/.m2/repository/com/google/inject/extensions/guice-servlet/4.0/guice-servlet-4.0.jar:/home/runner/.m2/repository/org/glassfish/jersey/containers/jersey-container-servlet/2.33/jersey-container-servlet-2.33.jar:/home/runner/.m2/repository/org/glassfish/hk2/guice-bridge/2.5.0/guice-bridge-2.5.0.jar:/home/runner/.m2/repository/org/glassfish/jersey/core/jersey-server/2.33/jersey-server-2.33.jar:/home/runner/.m2/repository/org/glassfish/jersey/core/jersey-client/2.33/jersey-client-2.33.jar:/home/runner/.m2/repository/jakarta/annotation/jakarta.annotation-api/1.3.5/jakarta.annotation-api-1.3.5.jar:/home/runner/.m2/repository/jakarta/validation/jakarta.validation-api/2.0.2/jakarta.validation-api-2.0.2.jar:/home/runner/.m2/repository/org/glassfish/jersey/media/jersey-media-json-jackson/2.33/jersey-media-json-jackson-2.33.jar:/home/runner/.m2/repository/org/glassfish/jersey/ext/jersey-entity-filtering/2.33/jersey-entity-filtering-2.33.jar:/home/runner/.m2/repository/org/jooq/jooq/3.11.10/jooq-3.11.10.jar:/home/runner/.m2/repository/org/jooq/jooq-meta/3.11.10/jooq-meta-3.11.10.jar:/home/runner/.m2/repository/org/jooq/jooq-codegen/3.11.10/jooq-codegen-3.11.10.jar:/home/runner/.m2/repository/com/jolbox/bonecp/0.8.0.RELEASE/bonecp-0.8.0.RELEASE.jar:/home/runner/.m2/repository/org/apache/derby/derby/10.14.2.0/derby-10.14.2.0.jar:/home/runner/.m2/repository/org/xerial/sqlite-jdbc/3.25.2/sqlite-jdbc-3.25.2.jar:/home/runner/.m2/repository/org/springframework/spring-jdbc/5.2.18.RELEASE/spring-jdbc-5.2.18.RELEASE.jar:/home/runner/.m2/repository/org/springframework/spring-beans/5.2.18.RELEASE/spring-beans-5.2.18.RELEASE.jar:/home/runner/.m2/repository/org/springframework/spring-core/5.2.18.RELEASE/spring-core-5.2.18.RELEASE.jar:/home/runner/.m2/repository/org/springframework/spring-jcl/5.2.18.RELEASE/spring-jcl-5.2.18.RELEASE.jar:/home/runner/.m2/repository/org/springframework/spring-tx/5.2.18.RELEASE/spring-tx-5.2.18.RELEASE.jar:/home/runner/.m2/repository/org/apache/ozone/ozone-client/1.3.0-SNAPSHOT/ozone-client-1.3.0-SNAPSHOT.jar:/home/runner/.m2/repository/org/apache/ozone/ozone-filesystem/1.3.0-SNAPSHOT/ozone-filesystem-1.3.0-SNAPSHOT.jar:/home/runner/.m2/repository/org/apache/ozone/ozone-filesystem-common/1.3.0-SNAPSHOT/ozone-filesystem-common-1.3.0-SNAPSHOT.jar:/home/runner/.m2/repository/org/apache/ozone/ozone-tools/1.3.0-SNAPSHOT/ozone-tools-1.3.0-SNAPSHOT.jar:/home/runner/.m2/repository/org/apache/ratis/ratis-tools/2.2.0/ratis-tools-2.2.0.jar:/home/runner/.m2/repository/com/amazonaws/aws-java-sdk-core/1.12.124/aws-java-sdk-core-1.12.124.jar:/home/runner/.m2/repository/org/apache/httpcomponents/httpclient/4.5.13/httpclient-4.5.13.jar:/home/runner/.m2/repository/org/apache/httpcomponents/httpcore/4.4.13/httpcore-4.4.13.jar:/home/runner/.m2/repository/software/amazon/ion/ion-java/1.0.2/ion-java-1.0.2.jar:/home/runner/.m2/repository/com/fasterxml/jackson/dataformat/jackson-dataformat-cbor/2.12.1/jackson-dataformat-cbor-2.12.1.jar:/home/runner/.m2/repository/joda-time/joda-time/2.8.1/joda-time-2.8.1.jar:/home/runner/.m2/repository/com/amazonaws/aws-java-sdk-s3/1.12.124/aws-java-sdk-s3-1.12.124.jar:/home/runner/.m2/repository/com/amazonaws/aws-java-sdk-kms/1.12.124/aws-java-sdk-kms-1.12.124.jar:/home/runner/.m2/repository/com/amazonaws/jmespath-java/1.12.124/jmespath-java-1.12.124.jar:/home/runner/.m2/repository/org/kohsuke/metainf-services/metainf-services/1.8/metainf-services-1.8.jar:/home/runner/.m2/repository/org/apache/ozone/hdds-tools/1.3.0-SNAPSHOT/hdds-tools-1.3.0-SNAPSHOT.jar:/home/runner/.m2/repository/commons-cli/commons-cli/1.2/commons-cli-1.2.jar:/home/runner/.m2/repository/org/apache/commons/commons-lang3/3.7/commons-lang3-3.7.jar:/home/runner/.m2/repository/org/apache/ozone/ozone-manager/1.3.0-SNAPSHOT/ozone-manager-1.3.0-SNAPSHOT-tests.jar:/home/runner/.m2/repository/org/apache/ozone/hdds-common/1.3.0-SNAPSHOT/hdds-common-1.3.0-SNAPSHOT-tests.jar:/home/runner/.m2/repository/org/apache/ozone/hdds-hadoop-dependency-client/1.3.0-SNAPSHOT/hdds-hadoop-dependency-client-1.3.0-SNAPSHOT.jar:/home/runner/.m2/repository/info/picocli/picocli/4.6.1/picocli-4.6.1.jar:/home/runner/.m2/repository/com/fasterxml/jackson/core/jackson-annotations/2.12.1/jackson-annotations-2.12.1.jar:/home/runner/.m2/repository/javax/annotation/javax.annotation-api/1.2/javax.annotation-api-1.2.jar:/home/runner/.m2/repository/org/apache/ratis/ratis-server/2.2.0/ratis-server-2.2.0.jar:/home/runner/.m2/repository/org/apache/ratis/ratis-client/2.2.0/ratis-client-2.2.0.jar:/home/runner/.m2/repository/org/apache/ratis/ratis-server-api/2.2.0/ratis-server-api-2.2.0.jar:/home/runner/.m2/repository/org/apache/ratis/ratis-metrics/2.2.0/ratis-metrics-2.2.0.jar:/home/runner/.m2/repository/org/apache/ratis/ratis-netty/2.2.0/ratis-netty-2.2.0.jar:/home/runner/.m2/repository/org/apache/ratis/ratis-grpc/2.2.0/ratis-grpc-2.2.0.jar:/home/runner/.m2/repository/org/apache/logging/log4j/log4j-api/2.17.1/log4j-api-2.17.1.jar:/home/runner/.m2/repository/org/apache/logging/log4j/log4j-core/2.17.1/log4j-core-2.17.1.jar:/home/runner/.m2/repository/com/lmax/disruptor/3.4.2/disruptor-3.4.2.jar:/home/runner/.m2/repository/org/apache/commons/commons-pool2/2.6.0/commons-pool2-2.6.0.jar:/home/runner/.m2/repository/org/bouncycastle/bcpkix-jdk15on/1.67/bcpkix-jdk15on-1.67.jar:/home/runner/.m2/repository/commons-validator/commons-validator/1.6/commons-validator-1.6.jar:/home/runner/.m2/repository/commons-beanutils/commons-beanutils/1.9.4/commons-beanutils-1.9.4.jar:/home/runner/.m2/repository/commons-digester/commons-digester/1.8.1/commons-digester-1.8.1.jar:/home/runner/.m2/repository/commons-collections/commons-collections/3.2.2/commons-collections-3.2.2.jar:/home/runner/.m2/repository/io/jaegertracing/jaeger-client/1.6.0/jaeger-client-1.6.0.jar:/home/runner/.m2/repository/io/jaegertracing/jaeger-thrift/1.6.0/jaeger-thrift-1.6.0.jar:/home/runner/.m2/repository/org/apache/thrift/libthrift/0.14.1/libthrift-0.14.1.jar:/home/runner/.m2/repository/com/squareup/okhttp3/okhttp/4.9.0/okhttp-4.9.0.jar:/home/runner/.m2/repository/com/squareup/okio/okio/2.8.0/okio-2.8.0.jar:/home/runner/.m2/repository/io/jaegertracing/jaeger-core/1.6.0/jaeger-core-1.6.0.jar:/home/runner/.m2/repository/io/jaegertracing/jaeger-tracerresolver/1.6.0/jaeger-tracerresolver-1.6.0.jar:/home/runner/.m2/repository/io/opentracing/contrib/opentracing-tracerresolver/0.1.8/opentracing-tracerresolver-0.1.8.jar:/home/runner/.m2/repository/org/jetbrains/kotlin/kotlin-stdlib/1.4.31/kotlin-stdlib-1.4.31.jar:/home/runner/.m2/repository/org/jetbrains/kotlin/kotlin-stdlib-common/1.4.31/kotlin-stdlib-common-1.4.31.jar:/home/runner/.m2/repository/org/jetbrains/annotations/13.0/annotations-13.0.jar:/home/runner/.m2/repository/io/opentracing/opentracing-util/0.33.0/opentracing-util-0.33.0.jar:/home/runner/.m2/repository/io/opentracing/opentracing-api/0.33.0/opentracing-api-0.33.0.jar:/home/runner/.m2/repository/io/opentracing/opentracing-noop/0.33.0/opentracing-noop-0.33.0.jar:/home/runner/.m2/repository/org/yaml/snakeyaml/1.26/snakeyaml-1.26.jar:/home/runner/.m2/repository/org/apache/ozone/hdds-interface-admin/1.3.0-SNAPSHOT/hdds-interface-admin-1.3.0-SNAPSHOT.jar:/home/runner/.m2/repository/junit/junit/4.13.1/junit-4.13.1.jar:/home/runner/.m2/repository/org/hamcrest/hamcrest-core/1.3/hamcrest-core-1.3.jar:/home/runner/.m2/repository/org/junit/jupiter/junit-jupiter-api/5.7.0/junit-jupiter-api-5.7.0.jar:/home/runner/.m2/repository/org/apiguardian/apiguardian-api/1.1.0/apiguardian-api-1.1.0.jar:/home/runner/.m2/repository/org/opentest4j/opentest4j/1.2.0/opentest4j-1.2.0.jar:/home/runner/.m2/repository/org/junit/platform/junit-platform-commons/1.7.0/junit-platform-commons-1.7.0.jar:/home/runner/.m2/repository/org/junit/jupiter/junit-jupiter-engine/5.7.0/junit-jupiter-engine-5.7.0.jar:/home/runner/.m2/repository/org/junit/platform/junit-platform-engine/1.7.0/junit-platform-engine-1.7.0.jar:/home/runner/.m2/repository/org/junit/vintage/junit-vintage-engine/5.7.0/junit-vintage-engine-5.7.0.jar:/home/runner/.m2/repository/org/junit/platform/junit-platform-launcher/1.7.0/junit-platform-launcher-1.7.0.jar:/home/runner/.m2/repository/org/openjdk/jmh/jmh-core/1.19/jmh-core-1.19.jar:/home/runner/.m2/repository/net/sf/jopt-simple/jopt-simple/4.6/jopt-simple-4.6.jar:/home/runner/.m2/repository/org/apache/commons/commons-math3/3.1.1/commons-math3-3.1.1.jar:/home/runner/.m2/repository/org/openjdk/jmh/jmh-generator-annprocess/1.19/jmh-generator-annprocess-1.19.jar:/home/runner/.m2/repository/org/mockito/mockito-core/2.28.2/mockito-core-2.28.2.jar:/home/runner/.m2/repository/net/bytebuddy/byte-buddy/1.9.10/byte-buddy-1.9.10.jar:/home/runner/.m2/repository/net/bytebuddy/byte-buddy-agent/1.9.10/byte-buddy-agent-1.9.10.jar:/home/runner/.m2/repository/org/objenesis/objenesis/1.0/objenesis-1.0.jar:/home/runner/.m2/repository/org/apache/hadoop/hadoop-kms/3.3.1/hadoop-kms-3.3.1.jar:/home/runner/.m2/repository/org/apache/hadoop/hadoop-auth/3.3.1/hadoop-auth-3.3.1.jar:/home/runner/.m2/repository/com/nimbusds/nimbus-jose-jwt/7.9/nimbus-jose-jwt-7.9.jar:/home/runner/.m2/repository/com/github/stephenc/jcip/jcip-annotations/1.0-1/jcip-annotations-1.0-1.jar:/home/runner/.m2/repository/net/minidev/json-smart/2.3.1/json-smart-2.3.1.jar:/home/runner/.m2/repository/net/minidev/accessors-smart/2.3.1/accessors-smart-2.3.1.jar:/home/runner/.m2/repository/org/ow2/asm/asm/5.0.4/asm-5.0.4.jar:/home/runner/.m2/repository/org/apache/zookeeper/zookeeper/3.5.6/zookeeper-3.5.6.jar:/home/runner/.m2/repository/org/apache/zookeeper/zookeeper-jute/3.5.6/zookeeper-jute-3.5.6.jar:/home/runner/.m2/repository/org/apache/yetus/audience-annotations/0.5.0/audience-annotations-0.5.0.jar:/home/runner/.m2/repository/org/apache/curator/curator-framework/4.2.0/curator-framework-4.2.0.jar:/home/runner/.m2/repository/org/apache/hadoop/thirdparty/hadoop-shaded-guava/1.1.1/hadoop-shaded-guava-1.1.1.jar:/home/runner/.m2/repository/com/sun/jersey/jersey-core/1.19/jersey-core-1.19.jar:/home/runner/.m2/repository/javax/ws/rs/jsr311-api/1.1.1/jsr311-api-1.1.1.jar:/home/runner/.m2/repository/com/sun/jersey/jersey-server/1.19/jersey-server-1.19.jar:/home/runner/.m2/repository/javax/servlet/javax.servlet-api/3.1.0/javax.servlet-api-3.1.0.jar:/home/runner/.m2/repository/org/eclipse/jetty/jetty-server/9.4.43.v20210629/jetty-server-9.4.43.v20210629.jar:/home/runner/.m2/repository/org/eclipse/jetty/jetty-http/9.4.43.v20210629/jetty-http-9.4.43.v20210629.jar:/home/runner/.m2/repository/org/eclipse/jetty/jetty-io/9.4.43.v20210629/jetty-io-9.4.43.v20210629.jar:/home/runner/.m2/repository/org/eclipse/jetty/jetty-webapp/9.4.43.v20210629/jetty-webapp-9.4.43.v20210629.jar:/home/runner/.m2/repository/org/eclipse/jetty/jetty-xml/9.4.43.v20210629/jetty-xml-9.4.43.v20210629.jar:/home/runner/.m2/repository/org/apache/hadoop/hadoop-common/3.3.1/hadoop-common-3.3.1.jar:/home/runner/.m2/repository/commons-net/commons-net/3.6/commons-net-3.6.jar:/home/runner/.m2/repository/jakarta/activation/jakarta.activation-api/1.2.1/jakarta.activation-api-1.2.1.jar:/home/runner/.m2/repository/com/sun/jersey/jersey-servlet/1.19/jersey-servlet-1.19.jar:/home/runner/.m2/repository/com/sun/jersey/jersey-json/1.19/jersey-json-1.19.jar:/home/runner/.m2/repository/org/codehaus/jettison/jettison/1.1/jettison-1.1.jar:/home/runner/.m2/repository/com/sun/xml/bind/jaxb-impl/2.2.3-1/jaxb-impl-2.2.3-1.jar:/home/runner/.m2/repository/org/codehaus/jackson/jackson-jaxrs/1.9.2/jackson-jaxrs-1.9.2.jar:/home/runner/.m2/repository/org/codehaus/jackson/jackson-xc/1.9.2/jackson-xc-1.9.2.jar:/home/runner/.m2/repository/org/apache/commons/commons-configuration2/2.1.1/commons-configuration2-2.1.1.jar:/home/runner/.m2/repository/org/apache/commons/commons-text/1.4/commons-text-1.4.jar:/home/runner/.m2/repository/com/google/re2j/re2j/1.1/re2j-1.1.jar:/home/runner/.m2/repository/com/jcraft/jsch/0.1.54/jsch-0.1.54.jar:/home/runner/.m2/repository/org/apache/curator/curator-client/4.2.0/curator-client-4.2.0.jar:/home/runner/.m2/repository/org/apache/curator/curator-recipes/4.2.0/curator-recipes-4.2.0.jar:/home/runner/.m2/repository/org/apache/kerby/kerb-core/1.0.1/kerb-core-1.0.1.jar:/home/runner/.m2/repository/org/apache/kerby/kerby-pkix/1.0.1/kerby-pkix-1.0.1.jar:/home/runner/.m2/repository/org/apache/kerby/kerby-asn1/1.0.1/kerby-asn1-1.0.1.jar:/home/runner/.m2/repository/org/apache/kerby/kerby-util/1.0.1/kerby-util-1.0.1.jar:/home/runner/.m2/repository/dnsjava/dnsjava/2.1.7/dnsjava-2.1.7.jar:/home/runner/.m2/repository/org/xerial/snappy/snappy-java/1.1.8.2/snappy-java-1.1.8.2.jar:/home/runner/.m2/repository/org/slf4j/jul-to-slf4j/1.7.30/jul-to-slf4j-1.7.30.jar:/home/runner/.m2/repository/org/eclipse/jetty/jetty-util/9.4.43.v20210629/jetty-util-9.4.43.v20210629.jar:/home/runner/.m2/repository/com/fasterxml/jackson/core/jackson-databind/2.12.1/jackson-databind-2.12.1.jar:/home/runner/.m2/repository/org/apache/hadoop/hadoop-kms/3.3.1/hadoop-kms-3.3.1-tests.jar:/home/runner/.m2/repository/org/apache/ozone/hdds-server-scm/1.3.0-SNAPSHOT/hdds-server-scm-1.3.0-SNAPSHOT-tests.jar:/home/runner/.m2/repository/org/apache/ozone/hdds-container-service/1.3.0-SNAPSHOT/hdds-container-service-1.3.0-SNAPSHOT-tests.jar:/home/runner/.m2/repository/commons-codec/commons-codec/1.11/commons-codec-1.11.jar:/home/runner/.m2/repository/io/netty/netty-transport/4.1.63.Final/netty-transport-4.1.63.Final.jar:/home/runner/.m2/repository/io/netty/netty-resolver/4.1.63.Final/netty-resolver-4.1.63.Final.jar:/home/runner/.m2/repository/io/netty/netty-codec/4.1.63.Final/netty-codec-4.1.63.Final.jar:/home/runner/.m2/repository/io/netty/netty-handler/4.1.63.Final/netty-handler-4.1.63.Final.jar:/home/runner/.m2/repository/org/apache/ozone/hdds-hadoop-dependency-test/1.3.0-SNAPSHOT/hdds-hadoop-dependency-test-1.3.0-SNAPSHOT.jar:/home/runner/.m2/repository/org/apache/hadoop/hadoop-common/3.3.1/hadoop-common-3.3.1-tests.jar:/home/runner/.m2/repository/org/assertj/assertj-core/3.12.2/assertj-core-3.12.2.jar:/home/runner/.m2/repository/org/apache/hadoop/hadoop-hdfs/3.3.1/hadoop-hdfs-3.3.1-tests.jar:/home/runner/.m2/repository/org/eclipse/jetty/jetty-util-ajax/9.4.43.v20210629/jetty-util-ajax-9.4.43.v20210629.jar:/home/runner/.m2/repository/commons-daemon/commons-daemon/1.0.13/commons-daemon-1.0.13.jar:/home/runner/.m2/repository/io/netty/netty/3.10.6.Final/netty-3.10.6.Final.jar:/home/runner/.m2/repository/io/netty/netty-all/4.1.63.Final/netty-all-4.1.63.Final.jar:/home/runner/.m2/repository/org/apache/htrace/htrace-core4/4.1.0-incubating/htrace-core4-4.1.0-incubating.jar:/home/runner/.m2/repository/org/fusesource/leveldbjni/leveldbjni-all/1.8/leveldbjni-all-1.8.jar:/home/runner/.m2/repository/org/apache/hadoop/hadoop-distcp/3.3.1/hadoop-distcp-3.3.1.jar:/home/runner/.m2/repository/org/apache/hadoop/hadoop-mapreduce-client-jobclient/3.3.1/hadoop-mapreduce-client-jobclient-3.3.1.jar:/home/runner/.m2/repository/org/apache/hadoop/hadoop-mapreduce-client-common/3.3.1/hadoop-mapreduce-client-common-3.3.1.jar:/home/runner/.m2/repository/org/apache/hadoop/hadoop-yarn-common/3.3.1/hadoop-yarn-common-3.3.1.jar:/home/runner/.m2/repository/org/apache/hadoop/hadoop-yarn-api/3.3.1/hadoop-yarn-api-3.3.1.jar:/home/runner/.m2/repository/com/sun/jersey/jersey-client/1.19/jersey-client-1.19.jar:/home/runner/.m2/repository/com/sun/jersey/contribs/jersey-guice/1.19/jersey-guice-1.19.jar:/home/runner/.m2/repository/com/fasterxml/jackson/jaxrs/jackson-jaxrs-json-provider/2.12.1/jackson-jaxrs-json-provider-2.12.1.jar:/home/runner/.m2/repository/com/fasterxml/jackson/jaxrs/jackson-jaxrs-base/2.12.1/jackson-jaxrs-base-2.12.1.jar:/home/runner/.m2/repository/org/apache/hadoop/hadoop-yarn-client/3.3.1/hadoop-yarn-client-3.3.1.jar:/home/runner/.m2/repository/org/eclipse/jetty/websocket/websocket-client/9.4.40.v20210413/websocket-client-9.4.40.v20210413.jar:/home/runner/.m2/repository/org/eclipse/jetty/jetty-client/9.4.40.v20210413/jetty-client-9.4.40.v20210413.jar:/home/runner/.m2/repository/org/eclipse/jetty/websocket/websocket-common/9.4.40.v20210413/websocket-common-9.4.40.v20210413.jar:/home/runner/.m2/repository/org/eclipse/jetty/websocket/websocket-api/9.4.40.v20210413/websocket-api-9.4.40.v20210413.jar:/home/runner/.m2/repository/org/jline/jline/3.9.0/jline-3.9.0.jar:/home/runner/.m2/repository/org/apache/hadoop/hadoop-mapreduce-client-core/3.3.1/hadoop-mapreduce-client-core-3.3.1.jar:/home/runner/.m2/repository/org/apache/avro/avro/1.7.7/avro-1.7.7.jar:/home/runner/.m2/repository/org/codehaus/jackson/jackson-core-asl/1.9.13/jackson-core-asl-1.9.13.jar:/home/runner/.m2/repository/org/codehaus/jackson/jackson-mapper-asl/1.9.13/jackson-mapper-asl-1.9.13.jar:/home/runner/.m2/repository/com/thoughtworks/paranamer/paranamer/2.3/paranamer-2.3.jar:/home/runner/.m2/repository/org/apache/hadoop/hadoop-annotations/3.3.1/hadoop-annotations-3.3.1.jar:/usr/lib/jvm/adoptopenjdk-8-hotspot-amd64/jre/../lib/tools.jar:/home/runner/.m2/repository/org/apache/hadoop/hadoop-distcp/3.3.1/hadoop-distcp-3.3.1-tests.jar:/home/runner/.m2/repository/org/apache/ratis/ratis-common/2.2.0/ratis-common-2.2.0.jar:/home/runner/.m2/repository/org/apache/ratis/ratis-thirdparty-misc/0.7.0/ratis-thirdparty-misc-0.7.0.jar:/home/runner/.m2/repository/org/apache/ratis/ratis-proto/2.2.0/ratis-proto-2.2.0.jar:"/>
    <property name="sun.cpu.endian" value="little"/>
    <property name="user.home" value="/home/runner"/>
    <property name="user.language" value="en"/>
    <property name="java.specification.vendor" value="Oracle Corporation"/>
    <property name="java.home" value="/usr/lib/jvm/adoptopenjdk-8-hotspot-amd64/jre"/>
    <property name="java.security.krb5.conf" value="/home/runner/work/ozone/ozone/hadoop-ozone/integration-test/target/test-classes/krb5.conf"/>
    <property name="basedir" value="/home/runner/work/ozone/ozone/hadoop-ozone/integration-test"/>
    <property name="file.separator" value="/"/>
    <property name="line.separator" value="&#10;"/>
    <property name="java.vm.specification.vendor" value="Oracle Corporation"/>
    <property name="java.specification.name" value="Java Platform API Specification"/>
    <property name="java.awt.graphicsenv" value="sun.awt.X11GraphicsEnvironment"/>
    <property name="skip.installnpx" value="true"/>
    <property name="surefire.real.class.path" value="/home/runner/work/ozone/ozone/hadoop-ozone/integration-test/target/surefire/surefirebooter5114835905254370142.jar:/home/runner/.m2/repository/org/jacoco/org.jacoco.agent/0.8.5/org.jacoco.agent-0.8.5-runtime.jar"/>
    <property name="hadoop.log.dir" value="/home/runner/work/ozone/ozone/hadoop-ozone/integration-test/target/log"/>
    <property name="sun.boot.class.path" value="/usr/lib/jvm/adoptopenjdk-8-hotspot-amd64/jre/lib/resources.jar:/usr/lib/jvm/adoptopenjdk-8-hotspot-amd64/jre/lib/rt.jar:/usr/lib/jvm/adoptopenjdk-8-hotspot-amd64/jre/lib/sunrsasign.jar:/usr/lib/jvm/adoptopenjdk-8-hotspot-amd64/jre/lib/jsse.jar:/usr/lib/jvm/adoptopenjdk-8-hotspot-amd64/jre/lib/jce.jar:/usr/lib/jvm/adoptopenjdk-8-hotspot-amd64/jre/lib/charsets.jar:/usr/lib/jvm/adoptopenjdk-8-hotspot-amd64/jre/lib/jfr.jar:/usr/lib/jvm/adoptopenjdk-8-hotspot-amd64/jre/classes"/>
    <property name="sun.management.compiler" value="HotSpot 64-Bit Tiered Compilers"/>
    <property name="skip.npx" value="true"/>
    <property name="java.runtime.version" value="1.8.0_292-b10"/>
    <property name="java.net.preferIPv4Stack" value="true"/>
    <property name="user.name" value="runner"/>
    <property name="path.separator" value=":"/>
    <property name="java.security.egd" value="file:///dev/urandom"/>
    <property name="os.version" value="5.4.0-1065-azure"/>
    <property name="java.endorsed.dirs" value="/usr/lib/jvm/adoptopenjdk-8-hotspot-amd64/jre/lib/endorsed"/>
    <property name="java.runtime.name" value="OpenJDK Runtime Environment"/>
    <property name="file.encoding" value="UTF-8"/>
    <property name="java.vm.name" value="OpenJDK 64-Bit Server VM"/>
    <property name="test.build.webapps" value=""/>
    <property name="localRepository" value="/home/runner/.m2/repository"/>
    <property name="java.vendor.url.bug" value="https://github.com/AdoptOpenJDK/openjdk-support/issues"/>
    <property name="java.io.tmpdir" value="/tmp"/>
    <property name="require.test.libhadoop" value=""/>
    <property name="java.version" value="1.8.0_292"/>
    <property name="user.dir" value="/home/runner/work/ozone/ozone/hadoop-ozone/integration-test"/>
    <property name="os.arch" value="amd64"/>
    <property name="java.vm.specification.name" value="Java Virtual Machine Specification"/>
    <property name="test.build.classes" value="/home/runner/work/ozone/ozone/hadoop-ozone/integration-test/target/test-classes"/>
    <property name="java.awt.printerjob" value="sun.print.PSPrinterJob"/>
    <property name="sun.os.patch.level" value="unknown"/>
    <property name="hadoop.tmp.dir" value="/home/runner/work/ozone/ozone/hadoop-ozone/integration-test/target/tmp"/>
    <property name="java.library.path" value="/usr/java/packages/lib/amd64:/usr/lib64:/lib64:/lib:/usr/lib"/>
    <property name="java.vm.info" value="mixed mode"/>
    <property name="java.vendor" value="AdoptOpenJDK"/>
    <property name="java.vm.version" value="25.292-b10"/>
    <property name="java.ext.dirs" value="/usr/lib/jvm/adoptopenjdk-8-hotspot-amd64/jre/lib/ext:/usr/java/packages/lib/ext"/>
    <property name="sun.io.unicode.encoding" value="UnicodeLittle"/>
    <property name="java.class.version" value="52.0"/>
  </properties>
  <testcase name="testAbortUploadFail" classname="org.apache.hadoop.ozone.client.rpc.TestOzoneRpcClient" time="0.46"/>
  <testcase name="testAbortUploadFailWithInProgressPartUpload" classname="org.apache.hadoop.ozone.client.rpc.TestOzoneRpcClient" time="0.5"/>
  <testcase name="testAbortUploadSuccessWithOutAnyParts" classname="org.apache.hadoop.ozone.client.rpc.TestOzoneRpcClient" time="0.025"/>
  <testcase name="testAbortUploadSuccessWithParts" classname="org.apache.hadoop.ozone.client.rpc.TestOzoneRpcClient" time="0.076"/>
  <testcase name="testAclsAfterCallingSetBucketProperty" classname="org.apache.hadoop.ozone.client.rpc.TestOzoneRpcClient" time="0.037"/>
  <testcase name="testAddBucketAcl" classname="org.apache.hadoop.ozone.client.rpc.TestOzoneRpcClient" time="0.027"/>
  <testcase name="testBucketUsedBytes" classname="org.apache.hadoop.ozone.client.rpc.TestOzoneRpcClient" time="0.097"/>
  <testcase name="testBucketUsedNamespace" classname="org.apache.hadoop.ozone.client.rpc.TestOzoneRpcClient" time="0.105"/>
  <testcase name="testCheckUsedBytesQuota" classname="org.apache.hadoop.ozone.client.rpc.TestOzoneRpcClient" time="0.741"/>
  <testcase name="testCommitPartAfterCompleteUpload" classname="org.apache.hadoop.ozone.client.rpc.TestOzoneRpcClient" time="0.508"/>
  <testcase name="testCreateBucket" classname="org.apache.hadoop.ozone.client.rpc.TestOzoneRpcClient" time="0.016"/>
  <testcase name="testCreateBucketWithAcls" classname="org.apache.hadoop.ozone.client.rpc.TestOzoneRpcClient" time="0.016"/>
  <testcase name="testCreateBucketWithAllArgument" classname="org.apache.hadoop.ozone.client.rpc.TestOzoneRpcClient" time="0.016"/>
  <testcase name="testCreateBucketWithMetadata" classname="org.apache.hadoop.ozone.client.rpc.TestOzoneRpcClient" time="0.016"/>
  <testcase name="testCreateBucketWithStorageType" classname="org.apache.hadoop.ozone.client.rpc.TestOzoneRpcClient" time="0.01"/>
  <testcase name="testCreateBucketWithVersioning" classname="org.apache.hadoop.ozone.client.rpc.TestOzoneRpcClient" time="0.013"/>
  <testcase name="testCreateS3Bucket" classname="org.apache.hadoop.ozone.client.rpc.TestOzoneRpcClient" time="0.01"/>
  <testcase name="testCreateVolumeWithMetadata" classname="org.apache.hadoop.ozone.client.rpc.TestOzoneRpcClient" time="0.009"/>
  <testcase name="testDefaultS3GVolumeExists" classname="org.apache.hadoop.ozone.client.rpc.TestOzoneRpcClient" time="0.004"/>
  <testcase name="testDeleteBucket" classname="org.apache.hadoop.ozone.client.rpc.TestOzoneRpcClient" time="0.033"/>
  <testcase name="testDeleteKey" classname="org.apache.hadoop.ozone.client.rpc.TestOzoneRpcClient" time="0.045"/>
  <testcase name="testDeleteS3Bucket" classname="org.apache.hadoop.ozone.client.rpc.TestOzoneRpcClient" time="0.017"/>
  <testcase name="testDeleteS3NonExistingBucket" classname="org.apache.hadoop.ozone.client.rpc.TestOzoneRpcClient" time="0.005"/>
  <testcase name="testDeleteVolume" classname="org.apache.hadoop.ozone.client.rpc.TestOzoneRpcClient" time="0.02"/>
  <testcase name="testDeletedKeyForGDPR" classname="org.apache.hadoop.ozone.client.rpc.TestOzoneRpcClient" time="0.099"/>
  <testcase name="testGetKeyDetails" classname="org.apache.hadoop.ozone.client.rpc.TestOzoneRpcClient" time="0.076"/>
  <testcase name="testHeadObject" classname="org.apache.hadoop.ozone.client.rpc.TestOzoneRpcClient" time="0.236"/>
  <testcase name="testInitiateMultipartUploadWithDefaultReplication" classname="org.apache.hadoop.ozone.client.rpc.TestOzoneRpcClient" time="0.021"/>
  <testcase name="testInitiateMultipartUploadWithReplicationInformationSet" classname="org.apache.hadoop.ozone.client.rpc.TestOzoneRpcClient" time="0.021"/>
  <testcase name="testInvalidBucketCreation" classname="org.apache.hadoop.ozone.client.rpc.TestOzoneRpcClient" time="0.009"/>
  <testcase name="testKeyReadWriteForGDPR" classname="org.apache.hadoop.ozone.client.rpc.TestOzoneRpcClient" time="0.062"/>
  <testcase name="testKeysRename" classname="org.apache.hadoop.ozone.client.rpc.TestOzoneRpcClient" time="0.088"/>
  <testcase name="testKeysRenameFail" classname="org.apache.hadoop.ozone.client.rpc.TestOzoneRpcClient" time="0.064"/>
  <testcase name="testListBucket" classname="org.apache.hadoop.ozone.client.rpc.TestOzoneRpcClient" time="0.178"/>
  <testcase name="testListBucketsOnEmptyVolume" classname="org.apache.hadoop.ozone.client.rpc.TestOzoneRpcClient" time="0.011"/>
  <testcase name="testListKey" classname="org.apache.hadoop.ozone.client.rpc.TestOzoneRpcClient" time="1.514"/>
  <testcase name="testListKeyOnEmptyBucket" classname="org.apache.hadoop.ozone.client.rpc.TestOzoneRpcClient" time="0.02"/>
  <testcase name="testListMultipartUploadParts" classname="org.apache.hadoop.ozone.client.rpc.TestOzoneRpcClient" time="0.337"/>
  <testcase name="testListMultipartUploadPartsWithContinuation" classname="org.apache.hadoop.ozone.client.rpc.TestOzoneRpcClient" time="0.255"/>
  <testcase name="testListPartsInvalidMaxParts" classname="org.apache.hadoop.ozone.client.rpc.TestOzoneRpcClient" time="0.016"/>
  <testcase name="testListPartsInvalidPartMarker" classname="org.apache.hadoop.ozone.client.rpc.TestOzoneRpcClient" time="0.013"/>
  <testcase name="testListPartsWithInvalidUploadID" classname="org.apache.hadoop.ozone.client.rpc.TestOzoneRpcClient" time="0.019"/>
  <testcase name="testListPartsWithPartMarkerGreaterThanPartCount" classname="org.apache.hadoop.ozone.client.rpc.TestOzoneRpcClient" time="0.076"/>
  <testcase name="testListVolume" classname="org.apache.hadoop.ozone.client.rpc.TestOzoneRpcClient" time="0.067"/>
  <testcase name="testMultipartUploadOverride" classname="org.apache.hadoop.ozone.client.rpc.TestOzoneRpcClient" time="1.826"/>
  <testcase name="testMultipartUploadWithACL" classname="org.apache.hadoop.ozone.client.rpc.TestOzoneRpcClient" time="0.846"/>
  <testcase name="testMultipartUploadWithMissingParts" classname="org.apache.hadoop.ozone.client.rpc.TestOzoneRpcClient" time="0.036"/>
  <testcase name="testMultipartUploadWithPartsLessThanMinSize" classname="org.apache.hadoop.ozone.client.rpc.TestOzoneRpcClient" time="0.099"/>
  <testcase name="testMultipartUploadWithPartsMisMatchWithIncorrectPartName" classname="org.apache.hadoop.ozone.client.rpc.TestOzoneRpcClient" time="0.038"/>
  <testcase name="testMultipartUploadWithPartsMisMatchWithListSizeDifferent" classname="org.apache.hadoop.ozone.client.rpc.TestOzoneRpcClient" time="0.015"/>
  <testcase name="testNativeAclsForBucket" classname="org.apache.hadoop.ozone.client.rpc.TestOzoneRpcClient" time="0.091"/>
  <testcase name="testNativeAclsForKey" classname="org.apache.hadoop.ozone.client.rpc.TestOzoneRpcClient" time="0.2"/>
  <testcase name="testNativeAclsForPrefix" classname="org.apache.hadoop.ozone.client.rpc.TestOzoneRpcClient" time="0.109"/>
  <testcase name="testNativeAclsForVolume" classname="org.apache.hadoop.ozone.client.rpc.TestOzoneRpcClient" time="0.077"/>
  <testcase name="testNoSuchUploadError" classname="org.apache.hadoop.ozone.client.rpc.TestOzoneRpcClient" time="0.012"/>
  <testcase name="testOMClientProxyProvider" classname="org.apache.hadoop.ozone.client.rpc.TestOzoneRpcClient" time="0.001"/>
  <testcase name="testOverWriteKeyWithAndWithOutVersioning" classname="org.apache.hadoop.ozone.client.rpc.TestOzoneRpcClient" time="0.182"/>
  <testcase name="testPutKey" classname="org.apache.hadoop.ozone.client.rpc.TestOzoneRpcClient" time="0.253"/>
  <testcase name="testPutKeyRatisOneNode" classname="org.apache.hadoop.ozone.client.rpc.TestOzoneRpcClient" time="0.504"/>
  <testcase name="testPutKeyRatisThreeNodes" classname="org.apache.hadoop.ozone.client.rpc.TestOzoneRpcClient" time="0.475"/>
  <testcase name="testPutKeyRatisThreeNodesParallel" classname="org.apache.hadoop.ozone.client.rpc.TestOzoneRpcClient" time="7.499"/>
  <testcase name="testReadKeyWithCorruptedData" classname="org.apache.hadoop.ozone.client.rpc.TestOzoneRpcClient" time="0.083"/>
  <testcase name="testReadKeyWithCorruptedDataWithMutiNodes" classname="org.apache.hadoop.ozone.client.rpc.TestOzoneRpcClient" time="0.141"/>
  <testcase name="testReadKeyWithVerifyChecksumFlagDisable" classname="org.apache.hadoop.ozone.client.rpc.TestOzoneRpcClient" time="0.065"/>
  <testcase name="testReadKeyWithVerifyChecksumFlagEnable" classname="org.apache.hadoop.ozone.client.rpc.TestOzoneRpcClient" time="0.065"/>
  <testcase name="testRemoveBucketAcl" classname="org.apache.hadoop.ozone.client.rpc.TestOzoneRpcClient" time="0.016"/>
  <testcase name="testRemoveBucketAclUsingRpcClientRemoveAcl" classname="org.apache.hadoop.ozone.client.rpc.TestOzoneRpcClient" time="0.01"/>
  <testcase name="testRenameKey" classname="org.apache.hadoop.ozone.client.rpc.TestOzoneRpcClient" time="0.06"/>
  <testcase name="testSetAndClrQuota" classname="org.apache.hadoop.ozone.client.rpc.TestOzoneRpcClient" time="0.073"/>
  <testcase name="testSetBucketQuotaIllegal" classname="org.apache.hadoop.ozone.client.rpc.TestOzoneRpcClient" time="0.021"/>
  <testcase name="testSetBucketStorageType" classname="org.apache.hadoop.ozone.client.rpc.TestOzoneRpcClient" time="0.012"/>
  <testcase name="testSetBucketVersioning" classname="org.apache.hadoop.ozone.client.rpc.TestOzoneRpcClient" time="0.008"/>
  <testcase name="testSetS3VolumeAcl" classname="org.apache.hadoop.ozone.client.rpc.TestOzoneRpcClient" time="0.006"/>
  <testcase name="testSetVolumeQuota" classname="org.apache.hadoop.ozone.client.rpc.TestOzoneRpcClient" time="0.009"/>
  <testcase name="testSetVolumeQuotaIllegal" classname="org.apache.hadoop.ozone.client.rpc.TestOzoneRpcClient" time="0.011"/>
  <testcase name="testUploadPartOverrideWithRatis" classname="org.apache.hadoop.ozone.client.rpc.TestOzoneRpcClient" time="0.081"/>
  <testcase name="testUploadPartOverrideWithStandAlone" classname="org.apache.hadoop.ozone.client.rpc.TestOzoneRpcClient" time="0.033"/>
  <testcase name="testUploadPartWithNoOverride" classname="org.apache.hadoop.ozone.client.rpc.TestOzoneRpcClient" time="0.022"/>
  <testcase name="testUsedBytesWithUploadPart" classname="org.apache.hadoop.ozone.client.rpc.TestOzoneRpcClient" time="0.282"/>
  <testcase name="testValidateBlockLengthWithCommitKey" classname="org.apache.hadoop.ozone.client.rpc.TestOzoneRpcClient" time="0.02"/>
  <testcase name="testVolumeSetOwner" classname="org.apache.hadoop.ozone.client.rpc.TestOzoneRpcClient" time="0.013"/>
  <testcase name="testVolumeUsedNamespace" classname="org.apache.hadoop.ozone.client.rpc.TestOzoneRpcClient" time="0.02"/>
  <testcase name="testZReadKeyWithUnhealthyContainerReplica" classname="org.apache.hadoop.ozone.client.rpc.TestOzoneRpcClient" time="151.877">
    <error message="Timed out waiting for condition. Thread diagnostics:&#10;Timestamp: 2022-01-16 02:05:19,862&#10;&#10;&quot;Socket Reader #1 for port 0&quot;  prio=5 tid=135 runnable&#10;java.lang.Thread.State: RUNNABLE&#10;        at sun.nio.ch.EPollArrayWrapper.epollWait(Native Method)&#10;        at sun.nio.ch.EPollArrayWrapper.poll(EPollArrayWrapper.java:269)&#10;        at sun.nio.ch.EPollSelectorImpl.doSelect(EPollSelectorImpl.java:93)&#10;        at sun.nio.ch.SelectorImpl.lockAndDoSelect(SelectorImpl.java:86)&#10;        at sun.nio.ch.SelectorImpl.select(SelectorImpl.java:97)&#10;        at sun.nio.ch.SelectorImpl.select(SelectorImpl.java:101)&#10;        at org.apache.hadoop.ipc.Server$Listener$Reader.doRunLoop(Server.java:1288)&#10;        at org.apache.hadoop.ipc.Server$Listener$Reader.run(Server.java:1267)&#10;&quot;EventQueue-HealthyReadonlyToHealthyNodeForReadOnlyHealthyToHealthyNodeHandler&quot; daemon prio=5 tid=3489 in Object.wait()&#10;java.lang.Thread.State: WAITING (on object monitor)&#10;        at sun.misc.Unsafe.park(Native Method)&#10;        at java.util.concurrent.locks.LockSupport.park(LockSupport.java:175)&#10;        at java.util.concurrent.locks.AbstractQueuedSynchronizer$ConditionObject.await(AbstractQueuedSynchronizer.java:2039)&#10;        at java.util.concurrent.LinkedBlockingQueue.take(LinkedBlockingQueue.java:442)&#10;        at java.util.concurrent.ThreadPoolExecutor.getTask(ThreadPoolExecutor.java:1074)&#10;        at java.util.concurrent.ThreadPoolExecutor.runWorker(ThreadPoolExecutor.java:1134)&#10;        at java.util.concurrent.ThreadPoolExecutor$Worker.run(ThreadPoolExecutor.java:624)&#10;        at java.lang.Thread.run(Thread.java:748)&#10;&quot;Datanode ReportManager Thread - 0&quot; daemon prio=5 tid=219 timed_waiting&#10;java.lang.Thread.State: TIMED_WAITING&#10;        at sun.misc.Unsafe.park(Native Method)&#10;        at java.util.concurrent.locks.LockSupport.parkNanos(LockSupport.java:215)&#10;        at java.util.concurrent.locks.AbstractQueuedSynchronizer$ConditionObject.awaitNanos(AbstractQueuedSynchronizer.java:2078)&#10;        at java.util.concurrent.ScheduledThreadPoolExecutor$DelayedWorkQueue.take(ScheduledThreadPoolExecutor.java:1093)&#10;        at java.util.concurrent.ScheduledThreadPoolExecutor$DelayedWorkQueue.take(ScheduledThreadPoolExecutor.java:809)&#10;        at java.util.concurrent.ThreadPoolExecutor.getTask(ThreadPoolExecutor.java:1074)&#10;        at java.util.concurrent.ThreadPoolExecutor.runWorker(ThreadPoolExecutor.java:1134)&#10;        at java.util.concurrent.ThreadPoolExecutor$Worker.run(ThreadPoolExecutor.java:624)&#10;        at java.lang.Thread.run(Thread.java:748)&#10;&quot;org.apache.hadoop.ozone.container.common.statemachine.commandhandler.DeleteBlocksCommandHandler$DeleteCmdWorker@9d7384&quot; daemon prio=5 tid=3428 timed_waiting&#10;java.lang.Thread.State: TIMED_WAITING&#10;        at java.lang.Thread.sleep(Native Method)&#10;        at org.apache.hadoop.ozone.container.common.statemachine.commandhandler.DeleteBlocksCommandHandler$DeleteCmdWorker.run(DeleteBlocksCommandHandler.java:175)&#10;        at java.lang.Thread.run(Thread.java:748)&#10;&quot;PartialTableCache Cleanup Thread - 0&quot; daemon prio=5 tid=394 in Object.wait()&#10;java.lang.Thread.State: WAITING (on object monitor)&#10;        at sun.misc.Unsafe.park(Native Method)&#10;        at java.util.concurrent.locks.LockSupport.park(LockSupport.java:175)&#10;        at java.util.concurrent.locks.AbstractQueuedSynchronizer$ConditionObject.await(AbstractQueuedSynchronizer.java:2039)&#10;        at java.util.concurrent.LinkedBlockingQueue.take(LinkedBlockingQueue.java:442)&#10;        at java.util.concurrent.ThreadPoolExecutor.getTask(ThreadPoolExecutor.java:1074)&#10;        at java.util.concurrent.ThreadPoolExecutor.runWorker(ThreadPoolExecutor.java:1134)&#10;        at java.util.concurrent.ThreadPoolExecutor$Worker.run(ThreadPoolExecutor.java:624)&#10;        at java.lang.Thread.run(Thread.java:748)&#10;&quot;EndpointStateMachine task thread for /0.0.0.0:44503 - 0 &quot;  prio=5 tid=266 in Object.wait()&#10;java.lang.Thread.State: WAITING (on object monitor)&#10;        at sun.misc.Unsafe.park(Native Method)&#10;        at java.util.concurrent.locks.LockSupport.park(LockSupport.java:175)&#10;        at java.util.concurrent.locks.AbstractQueuedSynchronizer$ConditionObject.await(AbstractQueuedSynchronizer.java:2039)&#10;        at java.util.concurrent.LinkedBlockingQueue.take(LinkedBlockingQueue.java:442)&#10;        at java.util.concurrent.ThreadPoolExecutor.getTask(ThreadPoolExecutor.java:1074)&#10;        at java.util.concurrent.ThreadPoolExecutor.runWorker(ThreadPoolExecutor.java:1134)&#10;        at java.util.concurrent.ThreadPoolExecutor$Worker.run(ThreadPoolExecutor.java:624)&#10;        at java.lang.Thread.run(Thread.java:748)&#10;&quot;Command processor thread&quot; daemon prio=5 tid=3544 timed_waiting&#10;java.lang.Thread.State: TIMED_WAITING&#10;        at java.lang.Thread.sleep(Native Method)&#10;        at org.apache.hadoop.ozone.container.common.statemachine.DatanodeStateMachine.lambda$initCommandHandlerThread$2(DatanodeStateMachine.java:577)&#10;        at org.apache.hadoop.ozone.container.common.statemachine.DatanodeStateMachine$$Lambda$712/1143477983.run(Unknown Source)&#10;        at java.lang.Thread.run(Thread.java:748)&#10;&quot;ChunkWriter-1-0&quot; daemon prio=5 tid=3470 in Object.wait()&#10;java.lang.Thread.State: WAITING (on object monitor)&#10;        at sun.misc.Unsafe.park(Native Method)&#10;        at java.util.concurrent.locks.LockSupport.park(LockSupport.java:175)&#10;        at java.util.concurrent.locks.AbstractQueuedSynchronizer$ConditionObject.await(AbstractQueuedSynchronizer.java:2039)&#10;        at java.util.concurrent.LinkedBlockingDeque.takeFirst(LinkedBlockingDeque.java:492)&#10;        at java.util.concurrent.LinkedBlockingDeque.take(LinkedBlockingDeque.java:680)&#10;        at java.util.concurrent.ThreadPoolExecutor.getTask(ThreadPoolExecutor.java:1074)&#10;        at java.util.concurrent.ThreadPoolExecutor.runWorker(ThreadPoolExecutor.java:1134)&#10;        at java.util.concurrent.ThreadPoolExecutor$Worker.run(ThreadPoolExecutor.java:624)&#10;        at java.lang.Thread.run(Thread.java:748)&#10;&quot;OMDoubleBufferFlushThread&quot; daemon prio=5 tid=131 timed_waiting&#10;java.lang.Thread.State: TIMED_WAITING&#10;        at java.lang.Object.wait(Native Method)&#10;        at org.apache.hadoop.ozone.om.ratis.OzoneManagerDoubleBuffer.canFlush(OzoneManagerDoubleBuffer.java:509)&#10;        at org.apache.hadoop.ozone.om.ratis.OzoneManagerDoubleBuffer.flushTransactions(OzoneManagerDoubleBuffer.java:241)&#10;        at org.apache.hadoop.ozone.om.ratis.OzoneManagerDoubleBuffer$$Lambda$674/247070782.run(Unknown Source)&#10;        at java.lang.Thread.run(Thread.java:748)&#10;&quot;CommandWatcher-LeaseManager#LeaseMonitor&quot; daemon prio=5 tid=50 timed_waiting&#10;java.lang.Thread.State: TIMED_WAITING&#10;        at java.lang.Object.wait(Native Method)&#10;        at org.apache.hadoop.ozone.lease.LeaseManager$LeaseMonitor.run(LeaseManager.java:238)&#10;        at java.lang.Thread.run(Thread.java:748)&#10;&quot;qtp1223954869-3430&quot; daemon prio=5 tid=3430 runnable&#10;java.lang.Thread.State: RUNNABLE&#10;        at sun.nio.ch.EPollArrayWrapper.epollWait(Native Method)&#10;        at sun.nio.ch.EPollArrayWrapper.poll(EPollArrayWrapper.java:269)&#10;        at sun.nio.ch.EPollSelectorImpl.doSelect(EPollSelectorImpl.java:93)&#10;        at sun.nio.ch.SelectorImpl.lockAndDoSelect(SelectorImpl.java:86)&#10;        at sun.nio.ch.SelectorImpl.select(SelectorImpl.java:97)&#10;        at sun.nio.ch.SelectorImpl.select(SelectorImpl.java:101)&#10;        at org.eclipse.jetty.io.ManagedSelector.nioSelect(ManagedSelector.java:183)&#10;        at org.eclipse.jetty.io.ManagedSelector.select(ManagedSelector.java:190)&#10;        at org.eclipse.jetty.io.ManagedSelector$SelectorProducer.select(ManagedSelector.java:606)&#10;        at org.eclipse.jetty.io.ManagedSelector$SelectorProducer.produce(ManagedSelector.java:543)&#10;        at org.eclipse.jetty.util.thread.strategy.EatWhatYouKill.produceTask(EatWhatYouKill.java:362)&#10;        at org.eclipse.jetty.util.thread.strategy.EatWhatYouKill.doProduce(EatWhatYouKill.java:186)&#10;        at org.eclipse.jetty.util.thread.strategy.EatWhatYouKill.tryProduce(EatWhatYouKill.java:173)&#10;        at org.eclipse.jetty.util.thread.strategy.EatWhatYouKill.produce(EatWhatYouKill.java:137)&#10;        at org.eclipse.jetty.io.ManagedSelector$$Lambda$644/1993482475.run(Unknown Source)&#10;        at org.eclipse.jetty.util.thread.QueuedThreadPool.runJob(QueuedThreadPool.java:883)&#10;        at org.eclipse.jetty.util.thread.QueuedThreadPool$Runner.run(QueuedThreadPool.java:1034)&#10;        at java.lang.Thread.run(Thread.java:748)&#10;&quot;IPC Server handler 10 on default port 45631&quot; daemon prio=5 tid=165 timed_waiting&#10;java.lang.Thread.State: TIMED_WAITING&#10;        at sun.misc.Unsafe.park(Native Method)&#10;        at java.util.concurrent.locks.LockSupport.parkNanos(LockSupport.java:215)&#10;        at java.util.concurrent.locks.AbstractQueuedSynchronizer$ConditionObject.awaitNanos(AbstractQueuedSynchronizer.java:2078)&#10;        at java.util.concurrent.LinkedBlockingQueue.poll(LinkedBlockingQueue.java:467)&#10;        at org.apache.hadoop.ipc.CallQueueManager.take(CallQueueManager.java:317)&#10;        at org.apache.hadoop.ipc.Server$Handler.run(Server.java:2932)&#10;&quot;org.apache.ratis.util.JvmPauseMonitor$$Lambda$422/111819772@5a079446&quot; daemon prio=5 tid=48 timed_waiting&#10;java.lang.Thread.State: TIMED_WAITING&#10;        at java.lang.Thread.sleep(Native Method)&#10;        at java.lang.Thread.sleep(Thread.java:340)&#10;        at java.util.concurrent.TimeUnit.sleep(TimeUnit.java:386)&#10;        at org.apache.ratis.util.TimeDuration.sleep(TimeDuration.java:324)&#10;        at org.apache.ratis.util.TimeDuration.sleep(TimeDuration.java:309)&#10;        at org.apache.ratis.util.JvmPauseMonitor.detectPause(JvmPauseMonitor.java:117)&#10;        at org.apache.ratis.util.JvmPauseMonitor.run(JvmPauseMonitor.java:106)&#10;        at org.apache.ratis.util.JvmPauseMonitor$$Lambda$422/111819772.run(Unknown Source)&#10;        at java.lang.Thread.run(Thread.java:748)&#10;&quot;IPC Server handler 5 on default port 41883&quot; daemon prio=5 tid=76 timed_waiting&#10;java.lang.Thread.State: TIMED_WAITING&#10;        at sun.misc.Unsafe.park(Native Method)&#10;        at java.util.concurrent.locks.LockSupport.parkNanos(LockSupport.java:215)&#10;        at java.util.concurrent.locks.AbstractQueuedSynchronizer$ConditionObject.awaitNanos(AbstractQueuedSynchronizer.java:2078)&#10;        at java.util.concurrent.LinkedBlockingQueue.poll(LinkedBlockingQueue.java:467)&#10;        at org.apache.hadoop.ipc.CallQueueManager.take(CallQueueManager.java:317)&#10;        at org.apache.hadoop.ipc.Server$Handler.run(Server.java:2932)&#10;&quot;IPC Server handler 7 on default port 44503&quot; daemon prio=5 tid=117 timed_waiting&#10;java.lang.Thread.State: TIMED_WAITING&#10;        at sun.misc.Unsafe.park(Native Method)&#10;        at java.util.concurrent.locks.LockSupport.parkNanos(LockSupport.java:215)&#10;        at java.util.concurrent.locks.AbstractQueuedSynchronizer$ConditionObject.awaitNanos(AbstractQueuedSynchronizer.java:2078)&#10;        at java.util.concurrent.LinkedBlockingQueue.poll(LinkedBlockingQueue.java:467)&#10;        at org.apache.hadoop.ipc.CallQueueManager.take(CallQueueManager.java:317)&#10;        at org.apache.hadoop.ipc.Server$Handler.run(Server.java:2932)&#10;&quot;IPC Server handler 18 on default port 44503&quot; daemon prio=5 tid=128 timed_waiting&#10;java.lang.Thread.State: TIMED_WAITING&#10;        at sun.misc.Unsafe.park(Native Method)&#10;        at java.util.concurrent.locks.LockSupport.parkNanos(LockSupport.java:215)&#10;        at java.util.concurrent.locks.AbstractQueuedSynchronizer$ConditionObject.awaitNanos(AbstractQueuedSynchronizer.java:2078)&#10;        at java.util.concurrent.LinkedBlockingQueue.poll(LinkedBlockingQueue.java:467)&#10;        at org.apache.hadoop.ipc.CallQueueManager.take(CallQueueManager.java:317)&#10;        at org.apache.hadoop.ipc.Server$Handler.run(Server.java:2932)&#10;&quot;EventQueue-IncrementalContainerReportForIncrementalContainerReportHandler&quot; daemon prio=5 tid=399 in Object.wait()&#10;java.lang.Thread.State: WAITING (on object monitor)&#10;        at sun.misc.Unsafe.park(Native Method)&#10;        at java.util.concurrent.locks.LockSupport.park(LockSupport.java:175)&#10;        at java.util.concurrent.locks.AbstractQueuedSynchronizer$ConditionObject.await(AbstractQueuedSynchronizer.java:2039)&#10;        at java.util.concurrent.LinkedBlockingQueue.take(LinkedBlockingQueue.java:442)&#10;        at java.util.concurrent.ThreadPoolExecutor.getTask(ThreadPoolExecutor.java:1074)&#10;        at java.util.concurrent.ThreadPoolExecutor.runWorker(ThreadPoolExecutor.java:1134)&#10;        at java.util.concurrent.ThreadPoolExecutor$Worker.run(ThreadPoolExecutor.java:624)&#10;        at java.lang.Thread.run(Thread.java:748)&#10;&quot;IPC Server handler 0 on default port 41883&quot; daemon prio=5 tid=71 timed_waiting&#10;java.lang.Thread.State: TIMED_WAITING&#10;        at sun.misc.Unsafe.park(Native Method)&#10;        at java.util.concurrent.locks.LockSupport.parkNanos(LockSupport.java:215)&#10;        at java.util.concurrent.locks.AbstractQueuedSynchronizer$ConditionObject.awaitNanos(AbstractQueuedSynchronizer.java:2078)&#10;        at java.util.concurrent.LinkedBlockingQueue.poll(LinkedBlockingQueue.java:467)&#10;        at org.apache.hadoop.ipc.CallQueueManager.take(CallQueueManager.java:317)&#10;        at org.apache.hadoop.ipc.Server$Handler.run(Server.java:2932)&#10;&quot;EventQueue-ContainerReportForContainerReportHandler&quot; daemon prio=5 tid=292 in Object.wait()&#10;java.lang.Thread.State: WAITING (on object monitor)&#10;        at sun.misc.Unsafe.park(Native Method)&#10;        at java.util.concurrent.locks.LockSupport.park(LockSupport.java:175)&#10;        at java.util.concurrent.locks.AbstractQueuedSynchronizer$ConditionObject.await(AbstractQueuedSynchronizer.java:2039)&#10;        at java.util.concurrent.LinkedBlockingQueue.take(LinkedBlockingQueue.java:442)&#10;        at java.util.concurrent.ThreadPoolExecutor.getTask(ThreadPoolExecutor.java:1074)&#10;        at java.util.concurrent.ThreadPoolExecutor.runWorker(ThreadPoolExecutor.java:1134)&#10;        at java.util.concurrent.ThreadPoolExecutor$Worker.run(ThreadPoolExecutor.java:624)&#10;        at java.lang.Thread.run(Thread.java:748)&#10;&quot;qtp697960017-152&quot; daemon prio=5 tid=152 timed_waiting&#10;java.lang.Thread.State: TIMED_WAITING&#10;        at sun.misc.Unsafe.park(Native Method)&#10;        at java.util.concurrent.locks.LockSupport.parkNanos(LockSupport.java:215)&#10;        at java.util.concurrent.locks.AbstractQueuedSynchronizer$ConditionObject.awaitNanos(AbstractQueuedSynchronizer.java:2078)&#10;        at org.eclipse.jetty.util.BlockingArrayQueue.poll(BlockingArrayQueue.java:382)&#10;        at org.eclipse.jetty.util.thread.QueuedThreadPool$Runner.idleJobPoll(QueuedThreadPool.java:974)&#10;        at org.eclipse.jetty.util.thread.QueuedThreadPool$Runner.run(QueuedThreadPool.java:1018)&#10;        at java.lang.Thread.run(Thread.java:748)&#10;&quot;IPC Server handler 10 on default port 41883&quot; daemon prio=5 tid=81 timed_waiting&#10;java.lang.Thread.State: TIMED_WAITING&#10;        at sun.misc.Unsafe.park(Native Method)&#10;        at java.util.concurrent.locks.LockSupport.parkNanos(LockSupport.java:215)&#10;        at java.util.concurrent.locks.AbstractQueuedSynchronizer$ConditionObject.awaitNanos(AbstractQueuedSynchronizer.java:2078)&#10;        at java.util.concurrent.LinkedBlockingQueue.poll(LinkedBlockingQueue.java:467)&#10;        at org.apache.hadoop.ipc.CallQueueManager.take(CallQueueManager.java:317)&#10;        at org.apache.hadoop.ipc.Server$Handler.run(Server.java:2932)&#10;&quot;IPC Server handler 13 on default port 41663&quot; daemon prio=5 tid=64 timed_waiting&#10;java.lang.Thread.State: TIMED_WAITING&#10;        at sun.misc.Unsafe.park(Native Method)&#10;        at java.util.concurrent.locks.LockSupport.parkNanos(LockSupport.java:215)&#10;        at java.util.concurrent.locks.AbstractQueuedSynchronizer$ConditionObject.awaitNanos(AbstractQueuedSynchronizer.java:2078)&#10;        at java.util.concurrent.LinkedBlockingQueue.poll(LinkedBlockingQueue.java:467)&#10;        at org.apache.hadoop.ipc.CallQueueManager.take(CallQueueManager.java:317)&#10;        at org.apache.hadoop.ipc.Server$Handler.run(Server.java:2932)&#10;&quot;ChunkWriter-0-0&quot; daemon prio=5 tid=3469 in Object.wait()&#10;java.lang.Thread.State: WAITING (on object monitor)&#10;        at sun.misc.Unsafe.park(Native Method)&#10;        at java.util.concurrent.locks.LockSupport.park(LockSupport.java:175)&#10;        at java.util.concurrent.locks.AbstractQueuedSynchronizer$ConditionObject.await(AbstractQueuedSynchronizer.java:2039)&#10;        at java.util.concurrent.LinkedBlockingDeque.takeFirst(LinkedBlockingDeque.java:492)&#10;        at java.util.concurrent.LinkedBlockingDeque.take(LinkedBlockingDeque.java:680)&#10;        at java.util.concurrent.ThreadPoolExecutor.getTask(ThreadPoolExecutor.java:1074)&#10;        at java.util.concurrent.ThreadPoolExecutor.runWorker(ThreadPoolExecutor.java:1134)&#10;        at java.util.concurrent.ThreadPoolExecutor$Worker.run(ThreadPoolExecutor.java:624)&#10;        at java.lang.Thread.run(Thread.java:748)&#10;&quot;qtp1223954869-3435&quot; daemon prio=5 tid=3435 timed_waiting&#10;java.lang.Thread.State: TIMED_WAITING&#10;        at sun.misc.Unsafe.park(Native Method)&#10;        at java.util.concurrent.locks.LockSupport.parkNanos(LockSupport.java:215)&#10;        at java.util.concurrent.locks.AbstractQueuedSynchronizer$ConditionObject.awaitNanos(AbstractQueuedSynchronizer.java:2078)&#10;        at org.eclipse.jetty.util.BlockingArrayQueue.poll(BlockingArrayQueue.java:382)&#10;        at org.eclipse.jetty.util.thread.QueuedThreadPool$Runner.idleJobPoll(QueuedThreadPool.java:974)&#10;        at org.eclipse.jetty.util.thread.QueuedThreadPool$Runner.run(QueuedThreadPool.java:1018)&#10;        at java.lang.Thread.run(Thread.java:748)&#10;&quot;Finalizer&quot; daemon prio=8 tid=3 in Object.wait()&#10;java.lang.Thread.State: WAITING (on object monitor)&#10;        at java.lang.Object.wait(Native Method)&#10;        at java.lang.ref.ReferenceQueue.remove(ReferenceQueue.java:144)&#10;        at java.lang.ref.ReferenceQueue.remove(ReferenceQueue.java:165)&#10;        at java.lang.ref.Finalizer$FinalizerThread.run(Finalizer.java:216)&#10;&quot;qtp1181152590-3525&quot; daemon prio=5 tid=3525 runnable&#10;java.lang.Thread.State: RUNNABLE&#10;        at sun.nio.ch.EPollArrayWrapper.epollWait(Native Method)&#10;        at sun.nio.ch.EPollArrayWrapper.poll(EPollArrayWrapper.java:269)&#10;        at sun.nio.ch.EPollSelectorImpl.doSelect(EPollSelectorImpl.java:93)&#10;        at sun.nio.ch.SelectorImpl.lockAndDoSelect(SelectorImpl.java:86)&#10;        at sun.nio.ch.SelectorImpl.select(SelectorImpl.java:97)&#10;        at sun.nio.ch.SelectorImpl.select(SelectorImpl.java:101)&#10;        at org.eclipse.jetty.io.ManagedSelector.nioSelect(ManagedSelector.java:183)&#10;        at org.eclipse.jetty.io.ManagedSelector.select(ManagedSelector.java:190)&#10;        at org.eclipse.jetty.io.ManagedSelector$SelectorProducer.select(ManagedSelector.java:606)&#10;        at org.eclipse.jetty.io.ManagedSelector$SelectorProducer.produce(ManagedSelector.java:543)&#10;        at org.eclipse.jetty.util.thread.strategy.EatWhatYouKill.produceTask(EatWhatYouKill.java:362)&#10;        at org.eclipse.jetty.util.thread.strategy.EatWhatYouKill.doProduce(EatWhatYouKill.java:186)&#10;        at org.eclipse.jetty.util.thread.strategy.EatWhatYouKill.tryProduce(EatWhatYouKill.java:173)&#10;        at org.eclipse.jetty.util.thread.strategy.EatWhatYouKill.produce(EatWhatYouKill.java:137)&#10;        at org.eclipse.jetty.io.ManagedSelector$$Lambda$644/1993482475.run(Unknown Source)&#10;        at org.eclipse.jetty.util.thread.QueuedThreadPool.runJob(QueuedThreadPool.java:883)&#10;        at org.eclipse.jetty.util.thread.QueuedThreadPool$Runner.run(QueuedThreadPool.java:1034)&#10;        at java.lang.Thread.run(Thread.java:748)&#10;&quot;IPC Server Responder&quot; daemon prio=5 tid=41 runnable&#10;java.lang.Thread.State: RUNNABLE&#10;        at sun.nio.ch.EPollArrayWrapper.epollWait(Native Method)&#10;        at sun.nio.ch.EPollArrayWrapper.poll(EPollArrayWrapper.java:269)&#10;        at sun.nio.ch.EPollSelectorImpl.doSelect(EPollSelectorImpl.java:93)&#10;        at sun.nio.ch.SelectorImpl.lockAndDoSelect(SelectorImpl.java:86)&#10;        at sun.nio.ch.SelectorImpl.select(SelectorImpl.java:97)&#10;        at org.apache.hadoop.ipc.Server$Responder.doRunLoop(Server.java:1527)&#10;        at org.apache.hadoop.ipc.Server$Responder.run(Server.java:1510)&#10;&quot;Command processor thread&quot; daemon prio=5 tid=3451 timed_waiting&#10;java.lang.Thread.State: TIMED_WAITING&#10;        at java.lang.Thread.sleep(Native Method)&#10;        at org.apache.hadoop.ozone.container.common.statemachine.DatanodeStateMachine.lambda$initCommandHandlerThread$2(DatanodeStateMachine.java:577)&#10;        at org.apache.hadoop.ozone.container.common.statemachine.DatanodeStateMachine$$Lambda$712/1143477983.run(Unknown Source)&#10;        at java.lang.Thread.run(Thread.java:748)&#10;&quot;IPC Server handler 6 on default port 45631&quot; daemon prio=5 tid=161 timed_waiting&#10;java.lang.Thread.State: TIMED_WAITING&#10;        at sun.misc.Unsafe.park(Native Method)&#10;        at java.util.concurrent.locks.LockSupport.parkNanos(LockSupport.java:215)&#10;        at java.util.concurrent.locks.AbstractQueuedSynchronizer$ConditionObject.awaitNanos(AbstractQueuedSynchronizer.java:2078)&#10;        at java.util.concurrent.LinkedBlockingQueue.poll(LinkedBlockingQueue.java:467)&#10;        at org.apache.hadoop.ipc.CallQueueManager.take(CallQueueManager.java:317)&#10;        at org.apache.hadoop.ipc.Server$Handler.run(Server.java:2932)&#10;&quot;IPC Server handler 12 on default port 45631&quot; daemon prio=5 tid=167 timed_waiting&#10;java.lang.Thread.State: TIMED_WAITING&#10;        at sun.misc.Unsafe.park(Native Method)&#10;        at java.util.concurrent.locks.LockSupport.parkNanos(LockSupport.java:215)&#10;        at java.util.concurrent.locks.AbstractQueuedSynchronizer$ConditionObject.awaitNanos(AbstractQueuedSynchronizer.java:2078)&#10;        at java.util.concurrent.LinkedBlockingQueue.poll(LinkedBlockingQueue.java:467)&#10;        at org.apache.hadoop.ipc.CallQueueManager.take(CallQueueManager.java:317)&#10;        at org.apache.hadoop.ipc.Server$Handler.run(Server.java:2932)&#10;&quot;IPC Server handler 3 on default port 44503&quot; daemon prio=5 tid=113 timed_waiting&#10;java.lang.Thread.State: TIMED_WAITING&#10;        at sun.misc.Unsafe.park(Native Method)&#10;        at java.util.concurrent.locks.LockSupport.parkNanos(LockSupport.java:215)&#10;        at java.util.concurrent.locks.AbstractQueuedSynchronizer$ConditionObject.awaitNanos(AbstractQueuedSynchronizer.java:2078)&#10;        at java.util.concurrent.LinkedBlockingQueue.poll(LinkedBlockingQueue.java:467)&#10;        at org.apache.hadoop.ipc.CallQueueManager.take(CallQueueManager.java:317)&#10;        at org.apache.hadoop.ipc.Server$Handler.run(Server.java:2932)&#10;&quot;java.util.concurrent.ThreadPoolExecutor$Worker@51095e1c[State = -1, empty queue]&quot; daemon prio=5 tid=3512 in Object.wait()&#10;java.lang.Thread.State: WAITING (on object monitor)&#10;        at sun.misc.Unsafe.park(Native Method)&#10;        at java.util.concurrent.locks.LockSupport.park(LockSupport.java:175)&#10;        at java.util.concurrent.locks.AbstractQueuedSynchronizer$ConditionObject.await(AbstractQueuedSynchronizer.java:2039)&#10;        at java.util.concurrent.ScheduledThreadPoolExecutor$DelayedWorkQueue.take(ScheduledThreadPoolExecutor.java:1081)&#10;        at java.util.concurrent.ScheduledThreadPoolExecutor$DelayedWorkQueue.take(ScheduledThreadPoolExecutor.java:809)&#10;        at java.util.concurrent.ThreadPoolExecutor.getTask(ThreadPoolExecutor.java:1074)&#10;        at java.util.concurrent.ThreadPoolExecutor.runWorker(ThreadPoolExecutor.java:1134)&#10;        at java.util.concurrent.ThreadPoolExecutor$Worker.run(ThreadPoolExecutor.java:624)&#10;        at java.lang.Thread.run(Thread.java:748)&#10;&quot;org.apache.hadoop.ozone.container.common.statemachine.commandhandler.DeleteBlocksCommandHandler$DeleteCmdWorker@3178f903&quot; daemon prio=5 tid=182 runnable&#10;java.lang.Thread.State: RUNNABLE&#10;        at java.lang.Thread.sleep(Native Method)&#10;        at org.apache.hadoop.ozone.container.common.statemachine.commandhandler.DeleteBlocksCommandHandler$DeleteCmdWorker.run(DeleteBlocksCommandHandler.java:175)&#10;        at java.lang.Thread.run(Thread.java:748)&#10;&quot;ChunkWriter-1-0&quot; daemon prio=5 tid=3552 in Object.wait()&#10;java.lang.Thread.State: WAITING (on object monitor)&#10;        at sun.misc.Unsafe.park(Native Method)&#10;        at java.util.concurrent.locks.LockSupport.park(LockSupport.java:175)&#10;        at java.util.concurrent.locks.AbstractQueuedSynchronizer$ConditionObject.await(AbstractQueuedSynchronizer.java:2039)&#10;        at java.util.concurrent.LinkedBlockingDeque.takeFirst(LinkedBlockingDeque.java:492)&#10;        at java.util.concurrent.LinkedBlockingDeque.take(LinkedBlockingDeque.java:680)&#10;        at java.util.concurrent.ThreadPoolExecutor.getTask(ThreadPoolExecutor.java:1074)&#10;        at java.util.concurrent.ThreadPoolExecutor.runWorker(ThreadPoolExecutor.java:1134)&#10;        at java.util.concurrent.ThreadPoolExecutor$Worker.run(ThreadPoolExecutor.java:624)&#10;        at java.lang.Thread.run(Thread.java:748)&#10;&quot;Datanode State Machine Task Thread - 1&quot;  prio=5 tid=3549 in Object.wait()&#10;java.lang.Thread.State: WAITING (on object monitor)&#10;        at sun.misc.Unsafe.park(Native Method)&#10;        at java.util.concurrent.locks.LockSupport.park(LockSupport.java:175)&#10;        at java.util.concurrent.locks.AbstractQueuedSynchronizer$ConditionObject.await(AbstractQueuedSynchronizer.java:2039)&#10;        at java.util.concurrent.LinkedBlockingQueue.take(LinkedBlockingQueue.java:442)&#10;        at java.util.concurrent.ThreadPoolExecutor.getTask(ThreadPoolExecutor.java:1074)&#10;        at java.util.concurrent.ThreadPoolExecutor.runWorker(ThreadPoolExecutor.java:1134)&#10;        at java.util.concurrent.ThreadPoolExecutor$Worker.run(ThreadPoolExecutor.java:624)&#10;        at java.lang.Thread.run(Thread.java:748)&#10;&quot;KeyDeletingService#0&quot; daemon prio=5 tid=143 timed_waiting&#10;java.lang.Thread.State: TIMED_WAITING&#10;        at sun.misc.Unsafe.park(Native Method)&#10;        at java.util.concurrent.locks.LockSupport.parkNanos(LockSupport.java:215)&#10;        at java.util.concurrent.locks.AbstractQueuedSynchronizer$ConditionObject.awaitNanos(AbstractQueuedSynchronizer.java:2078)&#10;        at java.util.concurrent.ScheduledThreadPoolExecutor$DelayedWorkQueue.take(ScheduledThreadPoolExecutor.java:1093)&#10;        at java.util.concurrent.ScheduledThreadPoolExecutor$DelayedWorkQueue.take(ScheduledThreadPoolExecutor.java:809)&#10;        at java.util.concurrent.ThreadPoolExecutor.getTask(ThreadPoolExecutor.java:1074)&#10;        at java.util.concurrent.ThreadPoolExecutor.runWorker(ThreadPoolExecutor.java:1134)&#10;        at java.util.concurrent.ThreadPoolExecutor$Worker.run(ThreadPoolExecutor.java:624)&#10;        at java.lang.Thread.run(Thread.java:748)&#10;&quot;qtp1436718473-95-acceptor-0@612b6c8c-ServerConnector@6eff05e7{HTTP/1.1, (http/1.1)}{0.0.0.0:46363}&quot; daemon prio=3 tid=95 runnable&#10;java.lang.Thread.State: RUNNABLE&#10;        at sun.nio.ch.ServerSocketChannelImpl.accept0(Native Method)&#10;        at sun.nio.ch.ServerSocketChannelImpl.accept(ServerSocketChannelImpl.java:421)&#10;        at sun.nio.ch.ServerSocketChannelImpl.accept(ServerSocketChannelImpl.java:249)&#10;        at org.eclipse.jetty.server.ServerConnector.accept(ServerConnector.java:388)&#10;        at org.eclipse.jetty.server.AbstractConnector$Acceptor.run(AbstractConnector.java:702)&#10;        at org.eclipse.jetty.util.thread.QueuedThreadPool.runJob(QueuedThreadPool.java:883)&#10;        at org.eclipse.jetty.util.thread.QueuedThreadPool$Runner.run(QueuedThreadPool.java:1034)&#10;        at java.lang.Thread.run(Thread.java:748)&#10;&quot;351ad2a7-25a1-411c-86a2-91a152ddf037@group-1D92263011BB-SegmentedRaftLogWorker&quot;  prio=5 tid=27 timed_waiting&#10;java.lang.Thread.State: TIMED_WAITING&#10;        at sun.misc.Unsafe.park(Native Method)&#10;        at java.util.concurrent.locks.LockSupport.parkNanos(LockSupport.java:215)&#10;        at java.util.concurrent.locks.AbstractQueuedSynchronizer$ConditionObject.awaitNanos(AbstractQueuedSynchronizer.java:2078)&#10;        at org.apache.ratis.util.DataBlockingQueue.poll(DataBlockingQueue.java:137)&#10;        at org.apache.ratis.server.raftlog.segmented.SegmentedRaftLogWorker.run(SegmentedRaftLogWorker.java:292)&#10;        at org.apache.ratis.server.raftlog.segmented.SegmentedRaftLogWorker$$Lambda$358/232402060.run(Unknown Source)&#10;        at java.lang.Thread.run(Thread.java:748)&#10;&quot;org.apache.hadoop.util.JvmPauseMonitor$Monitor@7dff9f91&quot; daemon prio=5 tid=3545 timed_waiting&#10;java.lang.Thread.State: TIMED_WAITING&#10;        at java.lang.Thread.sleep(Native Method)&#10;        at org.apache.hadoop.util.JvmPauseMonitor$Monitor.run(JvmPauseMonitor.java:192)&#10;        at java.lang.Thread.run(Thread.java:748)&#10;&quot;ChunkWriter-2-0&quot; daemon prio=5 tid=3553 in Object.wait()&#10;java.lang.Thread.State: WAITING (on object monitor)&#10;        at sun.misc.Unsafe.park(Native Method)&#10;        at java.util.concurrent.locks.LockSupport.park(LockSupport.java:175)&#10;        at java.util.concurrent.locks.AbstractQueuedSynchronizer$ConditionObject.await(AbstractQueuedSynchronizer.java:2039)&#10;        at java.util.concurrent.LinkedBlockingDeque.takeFirst(LinkedBlockingDeque.java:492)&#10;        at java.util.concurrent.LinkedBlockingDeque.take(LinkedBlockingDeque.java:680)&#10;        at java.util.concurrent.ThreadPoolExecutor.getTask(ThreadPoolExecutor.java:1074)&#10;        at java.util.concurrent.ThreadPoolExecutor.runWorker(ThreadPoolExecutor.java:1134)&#10;        at java.util.concurrent.ThreadPoolExecutor$Worker.run(ThreadPoolExecutor.java:624)&#10;        at java.lang.Thread.run(Thread.java:748)&#10;&quot;java.util.concurrent.ThreadPoolExecutor$Worker@2c608a47[State = -1, empty queue]&quot; daemon prio=5 tid=374 timed_waiting&#10;java.lang.Thread.State: TIMED_WAITING&#10;        at sun.misc.Unsafe.park(Native Method)&#10;        at java.util.concurrent.locks.LockSupport.parkNanos(LockSupport.java:215)&#10;        at java.util.concurrent.locks.AbstractQueuedSynchronizer$ConditionObject.awaitNanos(AbstractQueuedSynchronizer.java:2078)&#10;        at java.util.concurrent.ScheduledThreadPoolExecutor$DelayedWorkQueue.take(ScheduledThreadPoolExecutor.java:1093)&#10;        at java.util.concurrent.ScheduledThreadPoolExecutor$DelayedWorkQueue.take(ScheduledThreadPoolExecutor.java:809)&#10;        at java.util.concurrent.ThreadPoolExecutor.getTask(ThreadPoolExecutor.java:1074)&#10;        at java.util.concurrent.ThreadPoolExecutor.runWorker(ThreadPoolExecutor.java:1134)&#10;        at java.util.concurrent.ThreadPoolExecutor$Worker.run(ThreadPoolExecutor.java:624)&#10;        at java.lang.Thread.run(Thread.java:748)&#10;&quot;IPC Server handler 0 on default port 45631&quot; daemon prio=5 tid=155 timed_waiting&#10;java.lang.Thread.State: TIMED_WAITING&#10;        at sun.misc.Unsafe.park(Native Method)&#10;        at java.util.concurrent.locks.LockSupport.parkNanos(LockSupport.java:215)&#10;        at java.util.concurrent.locks.AbstractQueuedSynchronizer$ConditionObject.awaitNanos(AbstractQueuedSynchronizer.java:2078)&#10;        at java.util.concurrent.LinkedBlockingQueue.poll(LinkedBlockingQueue.java:467)&#10;        at org.apache.hadoop.ipc.CallQueueManager.take(CallQueueManager.java:317)&#10;        at org.apache.hadoop.ipc.Server$Handler.run(Server.java:2932)&#10;&quot;qtp1436718473-101&quot; daemon prio=5 tid=101 timed_waiting&#10;java.lang.Thread.State: TIMED_WAITING&#10;        at sun.misc.Unsafe.park(Native Method)&#10;        at java.util.concurrent.locks.LockSupport.parkNanos(LockSupport.java:215)&#10;        at java.util.concurrent.locks.AbstractQueuedSynchronizer$ConditionObject.awaitNanos(AbstractQueuedSynchronizer.java:2078)&#10;        at org.eclipse.jetty.util.BlockingArrayQueue.poll(BlockingArrayQueue.java:382)&#10;        at org.eclipse.jetty.util.thread.QueuedThreadPool$Runner.idleJobPoll(QueuedThreadPool.java:974)&#10;        at org.eclipse.jetty.util.thread.QueuedThreadPool$Runner.run(QueuedThreadPool.java:1018)&#10;        at java.lang.Thread.run(Thread.java:748)&#10;&quot;EndpointStateMachine task thread for /0.0.0.0:44503 - 0 &quot;  prio=5 tid=276 in Object.wait()&#10;java.lang.Thread.State: WAITING (on object monitor)&#10;        at sun.misc.Unsafe.park(Native Method)&#10;        at java.util.concurrent.locks.LockSupport.park(LockSupport.java:175)&#10;        at java.util.concurrent.locks.AbstractQueuedSynchronizer$ConditionObject.await(AbstractQueuedSynchronizer.java:2039)&#10;        at java.util.concurrent.LinkedBlockingQueue.take(LinkedBlockingQueue.java:442)&#10;        at java.util.concurrent.ThreadPoolExecutor.getTask(ThreadPoolExecutor.java:1074)&#10;        at java.util.concurrent.ThreadPoolExecutor.runWorker(ThreadPoolExecutor.java:1134)&#10;        at java.util.concurrent.ThreadPoolExecutor$Worker.run(ThreadPoolExecutor.java:624)&#10;        at java.lang.Thread.run(Thread.java:748)&#10;&quot;IPC Server handler 17 on default port 44503&quot; daemon prio=5 tid=127 timed_waiting&#10;java.lang.Thread.State: TIMED_WAITING&#10;        at sun.misc.Unsafe.park(Native Method)&#10;        at java.util.concurrent.locks.LockSupport.parkNanos(LockSupport.java:215)&#10;        at java.util.concurrent.locks.AbstractQueuedSynchronizer$ConditionObject.awaitNanos(AbstractQueuedSynchronizer.java:2078)&#10;        at java.util.concurrent.LinkedBlockingQueue.poll(LinkedBlockingQueue.java:467)&#10;        at org.apache.hadoop.ipc.CallQueueManager.take(CallQueueManager.java:317)&#10;        at org.apache.hadoop.ipc.Server$Handler.run(Server.java:2932)&#10;&quot;IPC Server handler 6 on default port 41663&quot; daemon prio=5 tid=57 timed_waiting&#10;java.lang.Thread.State: TIMED_WAITING&#10;        at sun.misc.Unsafe.park(Native Method)&#10;        at java.util.concurrent.locks.LockSupport.parkNanos(LockSupport.java:215)&#10;        at java.util.concurrent.locks.AbstractQueuedSynchronizer$ConditionObject.awaitNanos(AbstractQueuedSynchronizer.java:2078)&#10;        at java.util.concurrent.LinkedBlockingQueue.poll(LinkedBlockingQueue.java:467)&#10;        at org.apache.hadoop.ipc.CallQueueManager.take(CallQueueManager.java:317)&#10;        at org.apache.hadoop.ipc.Server$Handler.run(Server.java:2932)&#10;&quot;IPC Server handler 5 on default port 41663&quot; daemon prio=5 tid=56 timed_waiting&#10;java.lang.Thread.State: TIMED_WAITING&#10;        at sun.misc.Unsafe.park(Native Method)&#10;        at java.util.concurrent.locks.LockSupport.parkNanos(LockSupport.java:215)&#10;        at java.util.concurrent.locks.AbstractQueuedSynchronizer$ConditionObject.awaitNanos(AbstractQueuedSynchronizer.java:2078)&#10;        at java.util.concurrent.LinkedBlockingQueue.poll(LinkedBlockingQueue.java:467)&#10;        at org.apache.hadoop.ipc.CallQueueManager.take(CallQueueManager.java:317)&#10;        at org.apache.hadoop.ipc.Server$Handler.run(Server.java:2932)&#10;&quot;IPC Server handler 1 on default port 41883&quot; daemon prio=5 tid=72 timed_waiting&#10;java.lang.Thread.State: TIMED_WAITING&#10;        at sun.misc.Unsafe.park(Native Method)&#10;        at java.util.concurrent.locks.LockSupport.parkNanos(LockSupport.java:215)&#10;        at java.util.concurrent.locks.AbstractQueuedSynchronizer$ConditionObject.awaitNanos(AbstractQueuedSynchronizer.java:2078)&#10;        at java.util.concurrent.LinkedBlockingQueue.poll(LinkedBlockingQueue.java:467)&#10;        at org.apache.hadoop.ipc.CallQueueManager.take(CallQueueManager.java:317)&#10;        at org.apache.hadoop.ipc.Server$Handler.run(Server.java:2932)&#10;&quot;Datanode ReportManager Thread - 3&quot; daemon prio=5 tid=3542 in Object.wait()&#10;java.lang.Thread.State: WAITING (on object monitor)&#10;        at sun.misc.Unsafe.park(Native Method)&#10;        at java.util.concurrent.locks.LockSupport.park(LockSupport.java:175)&#10;        at java.util.concurrent.locks.AbstractQueuedSynchronizer$ConditionObject.await(AbstractQueuedSynchronizer.java:2039)&#10;        at java.util.concurrent.ScheduledThreadPoolExecutor$DelayedWorkQueue.take(ScheduledThreadPoolExecutor.java:1088)&#10;        at java.util.concurrent.ScheduledThreadPoolExecutor$DelayedWorkQueue.take(ScheduledThreadPoolExecutor.java:809)&#10;        at java.util.concurrent.ThreadPoolExecutor.getTask(ThreadPoolExecutor.java:1074)&#10;        at java.util.concurrent.ThreadPoolExecutor.runWorker(ThreadPoolExecutor.java:1134)&#10;        at java.util.concurrent.ThreadPoolExecutor$Worker.run(ThreadPoolExecutor.java:624)&#10;        at java.lang.Thread.run(Thread.java:748)&#10;&quot;IPC Server handler 8 on default port 44503&quot; daemon prio=5 tid=118 timed_waiting&#10;java.lang.Thread.State: TIMED_WAITING&#10;        at sun.misc.Unsafe.park(Native Method)&#10;        at java.util.concurrent.locks.LockSupport.parkNanos(LockSupport.java:215)&#10;        at java.util.concurrent.locks.AbstractQueuedSynchronizer$ConditionObject.awaitNanos(AbstractQueuedSynchronizer.java:2078)&#10;        at java.util.concurrent.LinkedBlockingQueue.poll(LinkedBlockingQueue.java:467)&#10;        at org.apache.hadoop.ipc.CallQueueManager.take(CallQueueManager.java:317)&#10;        at org.apache.hadoop.ipc.Server$Handler.run(Server.java:2932)&#10;&quot;DirectoryDeletingService#0&quot; daemon prio=5 tid=144 timed_waiting&#10;java.lang.Thread.State: TIMED_WAITING&#10;        at sun.misc.Unsafe.park(Native Method)&#10;        at java.util.concurrent.locks.LockSupport.parkNanos(LockSupport.java:215)&#10;        at java.util.concurrent.locks.AbstractQueuedSynchronizer$ConditionObject.awaitNanos(AbstractQueuedSynchronizer.java:2078)&#10;        at java.util.concurrent.ScheduledThreadPoolExecutor$DelayedWorkQueue.take(ScheduledThreadPoolExecutor.java:1093)&#10;        at java.util.concurrent.ScheduledThreadPoolExecutor$DelayedWorkQueue.take(ScheduledThreadPoolExecutor.java:809)&#10;        at java.util.concurrent.ThreadPoolExecutor.getTask(ThreadPoolExecutor.java:1074)&#10;        at java.util.concurrent.ThreadPoolExecutor.runWorker(ThreadPoolExecutor.java:1134)&#10;        at java.util.concurrent.ThreadPoolExecutor$Worker.run(ThreadPoolExecutor.java:624)&#10;        at java.lang.Thread.run(Thread.java:748)&#10;&quot;IPC Server handler 17 on default port 41883&quot; daemon prio=5 tid=88 timed_waiting&#10;java.lang.Thread.State: TIMED_WAITING&#10;        at sun.misc.Unsafe.park(Native Method)&#10;        at java.util.concurrent.locks.LockSupport.parkNanos(LockSupport.java:215)&#10;        at java.util.concurrent.locks.AbstractQueuedSynchronizer$ConditionObject.awaitNanos(AbstractQueuedSynchronizer.java:2078)&#10;        at java.util.concurrent.LinkedBlockingQueue.poll(LinkedBlockingQueue.java:467)&#10;        at org.apache.hadoop.ipc.CallQueueManager.take(CallQueueManager.java:317)&#10;        at org.apache.hadoop.ipc.Server$Handler.run(Server.java:2932)&#10;&quot;Time-limited test&quot; daemon prio=5 tid=3381 runnable&#10;java.lang.Thread.State: RUNNABLE&#10;        at java.lang.Thread.dumpThreads(Native Method)&#10;        at java.lang.Thread.getAllStackTraces(Thread.java:1610)&#10;        at org.apache.ozone.test.TimedOutTestsListener.buildThreadDump(TimedOutTestsListener.java:93)&#10;        at org.apache.ozone.test.TimedOutTestsListener.buildThreadDiagnosticString(TimedOutTestsListener.java:79)&#10;        at org.apache.ozone.test.GenericTestUtils.waitFor(GenericTestUtils.java:225)&#10;        at org.apache.hadoop.ozone.MiniOzoneClusterImpl.waitForHddsDatanodesStop(MiniOzoneClusterImpl.java:369)&#10;        at org.apache.hadoop.ozone.MiniOzoneClusterImpl.restartHddsDatanode(MiniOzoneClusterImpl.java:401)&#10;        at org.apache.hadoop.ozone.MiniOzoneClusterImpl.restartHddsDatanode(MiniOzoneClusterImpl.java:417)&#10;        at org.apache.hadoop.ozone.client.rpc.TestOzoneRpcClientAbstract.testZReadKeyWithUnhealthyContainerReplica(TestOzoneRpcClientAbstract.java:1596)&#10;        at sun.reflect.NativeMethodAccessorImpl.invoke0(Native Method)&#10;        at sun.reflect.NativeMethodAccessorImpl.invoke(NativeMethodAccessorImpl.java:62)&#10;        at sun.reflect.DelegatingMethodAccessorImpl.invoke(DelegatingMethodAccessorImpl.java:43)&#10;        at java.lang.reflect.Method.invoke(Method.java:498)&#10;        at org.junit.runners.model.FrameworkMethod$1.runReflectiveCall(FrameworkMethod.java:59)&#10;        at org.junit.internal.runners.model.ReflectiveCallable.run(ReflectiveCallable.java:12)&#10;        at org.junit.runners.model.FrameworkMethod.invokeExplosively(FrameworkMethod.java:56)&#10;        at org.junit.internal.runners.statements.InvokeMethod.evaluate(InvokeMethod.java:17)&#10;        at org.junit.internal.runners.statements.FailOnTimeout$CallableStatement.call(FailOnTimeout.java:288)&#10;        at org.junit.internal.runners.statements.FailOnTimeout$CallableStatement.call(FailOnTimeout.java:282)&#10;        at java.util.concurrent.FutureTask.run(FutureTask.java:266)&#10;        at java.lang.Thread.run(Thread.java:748)&#10;&quot;IPC Server listener on 0&quot; daemon prio=5 tid=34 runnable&#10;java.lang.Thread.State: RUNNABLE&#10;        at sun.nio.ch.EPollArrayWrapper.epollWait(Native Method)&#10;        at sun.nio.ch.EPollArrayWrapper.poll(EPollArrayWrapper.java:269)&#10;        at sun.nio.ch.EPollSelectorImpl.doSelect(EPollSelectorImpl.java:93)&#10;        at sun.nio.ch.SelectorImpl.lockAndDoSelect(SelectorImpl.java:86)&#10;        at sun.nio.ch.SelectorImpl.select(SelectorImpl.java:97)&#10;        at sun.nio.ch.SelectorImpl.select(SelectorImpl.java:101)&#10;        at org.apache.hadoop.ipc.Server$Listener.run(Server.java:1350)&#10;&quot;IPC Client (776102610) connection to /0.0.0.0:44503 from runner&quot; daemon prio=5 tid=256 timed_waiting&#10;java.lang.Thread.State: TIMED_WAITING&#10;        at java.lang.Object.wait(Native Method)&#10;        at org.apache.hadoop.ipc.Client$Connection.waitForWork(Client.java:1053)&#10;        at org.apache.hadoop.ipc.Client$Connection.run(Client.java:1097)&#10;&quot;IPC Server handler 16 on default port 44503&quot; daemon prio=5 tid=126 timed_waiting&#10;java.lang.Thread.State: TIMED_WAITING&#10;        at sun.misc.Unsafe.park(Native Method)&#10;        at java.util.concurrent.locks.LockSupport.parkNanos(LockSupport.java:215)&#10;        at java.util.concurrent.locks.AbstractQueuedSynchronizer$ConditionObject.awaitNanos(AbstractQueuedSynchronizer.java:2078)&#10;        at java.util.concurrent.LinkedBlockingQueue.poll(LinkedBlockingQueue.java:467)&#10;        at org.apache.hadoop.ipc.CallQueueManager.take(CallQueueManager.java:317)&#10;        at org.apache.hadoop.ipc.Server$Handler.run(Server.java:2932)&#10;&quot;351ad2a7-25a1-411c-86a2-91a152ddf037@group-1D92263011BB-StateMachineUpdater&quot; daemon prio=5 tid=28 in Object.wait()&#10;java.lang.Thread.State: WAITING (on object monitor)&#10;        at java.lang.Object.wait(Native Method)&#10;        at java.lang.Object.wait(Object.java:502)&#10;        at org.apache.ratis.server.impl.StateMachineUpdater.waitForCommit(StateMachineUpdater.java:204)&#10;        at org.apache.ratis.server.impl.StateMachineUpdater.run(StateMachineUpdater.java:173)&#10;        at java.lang.Thread.run(Thread.java:748)&#10;&quot;qtp1181152590-3532&quot; daemon prio=5 tid=3532 timed_waiting&#10;java.lang.Thread.State: TIMED_WAITING&#10;        at sun.misc.Unsafe.park(Native Method)&#10;        at java.util.concurrent.locks.LockSupport.parkNanos(LockSupport.java:215)&#10;        at java.util.concurrent.locks.AbstractQueuedSynchronizer$ConditionObject.awaitNanos(AbstractQueuedSynchronizer.java:2078)&#10;        at org.eclipse.jetty.util.BlockingArrayQueue.poll(BlockingArrayQueue.java:382)&#10;        at org.eclipse.jetty.util.thread.QueuedThreadPool$Runner.idleJobPoll(QueuedThreadPool.java:974)&#10;        at org.eclipse.jetty.util.thread.QueuedThreadPool$Runner.run(QueuedThreadPool.java:1018)&#10;        at java.lang.Thread.run(Thread.java:748)&#10;&quot;qtp1436718473-98&quot; daemon prio=5 tid=98 timed_waiting&#10;java.lang.Thread.State: TIMED_WAITING&#10;        at sun.misc.Unsafe.park(Native Method)&#10;        at java.util.concurrent.locks.LockSupport.parkNanos(LockSupport.java:215)&#10;        at java.util.concurrent.locks.AbstractQueuedSynchronizer$ConditionObject.awaitNanos(AbstractQueuedSynchronizer.java:2078)&#10;        at org.eclipse.jetty.util.BlockingArrayQueue.poll(BlockingArrayQueue.java:382)&#10;        at org.eclipse.jetty.util.thread.QueuedThreadPool$Runner.idleJobPoll(QueuedThreadPool.java:974)&#10;        at org.eclipse.jetty.util.thread.QueuedThreadPool$Runner.run(QueuedThreadPool.java:1018)&#10;        at java.lang.Thread.run(Thread.java:748)&#10;&quot;IPC Server handler 3 on default port 41663&quot; daemon prio=5 tid=54 timed_waiting&#10;java.lang.Thread.State: TIMED_WAITING&#10;        at sun.misc.Unsafe.park(Native Method)&#10;        at java.util.concurrent.locks.LockSupport.parkNanos(LockSupport.java:215)&#10;        at java.util.concurrent.locks.AbstractQueuedSynchronizer$ConditionObject.awaitNanos(AbstractQueuedSynchronizer.java:2078)&#10;        at java.util.concurrent.LinkedBlockingQueue.poll(LinkedBlockingQueue.java:467)&#10;        at org.apache.hadoop.ipc.CallQueueManager.take(CallQueueManager.java:317)&#10;        at org.apache.hadoop.ipc.Server$Handler.run(Server.java:2932)&#10;&quot;pool-442-thread-1&quot; daemon prio=5 tid=3520 timed_waiting&#10;java.lang.Thread.State: TIMED_WAITING&#10;        at sun.misc.Unsafe.park(Native Method)&#10;        at java.util.concurrent.locks.LockSupport.parkNanos(LockSupport.java:215)&#10;        at java.util.concurrent.locks.AbstractQueuedSynchronizer$ConditionObject.awaitNanos(AbstractQueuedSynchronizer.java:2078)&#10;        at java.util.concurrent.ScheduledThreadPoolExecutor$DelayedWorkQueue.take(ScheduledThreadPoolExecutor.java:1093)&#10;        at java.util.concurrent.ScheduledThreadPoolExecutor$DelayedWorkQueue.take(ScheduledThreadPoolExecutor.java:809)&#10;        at java.util.concurrent.ThreadPoolExecutor.getTask(ThreadPoolExecutor.java:1074)&#10;        at java.util.concurrent.ThreadPoolExecutor.runWorker(ThreadPoolExecutor.java:1134)&#10;        at java.util.concurrent.ThreadPoolExecutor$Worker.run(ThreadPoolExecutor.java:624)&#10;        at java.lang.Thread.run(Thread.java:748)&#10;&quot;IPC Server idle connection scanner for port 41663&quot; daemon prio=5 tid=44 timed_waiting&#10;java.lang.Thread.State: TIMED_WAITING&#10;        at java.lang.Object.wait(Native Method)&#10;        at java.util.TimerThread.mainLoop(Timer.java:552)&#10;        at java.util.TimerThread.run(Timer.java:505)&#10;&quot;6bfb9779-376e-41d0-a4a3-df540c6cb1bb@group-A77BBCEC0779-SegmentedRaftLogWorker&quot;  prio=5 tid=3536 timed_waiting&#10;java.lang.Thread.State: TIMED_WAITING&#10;        at sun.misc.Unsafe.park(Native Method)&#10;        at java.util.concurrent.locks.LockSupport.parkNanos(LockSupport.java:215)&#10;        at java.util.concurrent.locks.AbstractQueuedSynchronizer$ConditionObject.awaitNanos(AbstractQueuedSynchronizer.java:2078)&#10;        at org.apache.ratis.util.DataBlockingQueue.poll(DataBlockingQueue.java:137)&#10;        at org.apache.ratis.server.raftlog.segmented.SegmentedRaftLogWorker.run(SegmentedRaftLogWorker.java:292)&#10;        at org.apache.ratis.server.raftlog.segmented.SegmentedRaftLogWorker$$Lambda$358/232402060.run(Unknown Source)&#10;        at java.lang.Thread.run(Thread.java:748)&#10;&quot;ChunkReader-ELG-0&quot; daemon prio=5 tid=3477 runnable&#10;java.lang.Thread.State: RUNNABLE&#10;        at org.apache.ratis.thirdparty.io.netty.channel.epoll.Native.epollWait(Native Method)&#10;        at org.apache.ratis.thirdparty.io.netty.channel.epoll.Native.epollWait(Native.java:177)&#10;        at org.apache.ratis.thirdparty.io.netty.channel.epoll.Native.epollWait(Native.java:170)&#10;        at org.apache.ratis.thirdparty.io.netty.channel.epoll.EpollEventLoop.epollWaitNoTimerChange(EpollEventLoop.java:290)&#10;        at org.apache.ratis.thirdparty.io.netty.channel.epoll.EpollEventLoop.run(EpollEventLoop.java:347)&#10;        at org.apache.ratis.thirdparty.io.netty.util.concurrent.SingleThreadEventExecutor$4.run(SingleThreadEventExecutor.java:989)&#10;        at org.apache.ratis.thirdparty.io.netty.util.internal.ThreadExecutorMap$2.run(ThreadExecutorMap.java:74)&#10;        at java.lang.Thread.run(Thread.java:748)&#10;&quot;IPC Server handler 9 on default port 44503&quot; daemon prio=5 tid=119 timed_waiting&#10;java.lang.Thread.State: TIMED_WAITING&#10;        at sun.misc.Unsafe.park(Native Method)&#10;        at java.util.concurrent.locks.LockSupport.parkNanos(LockSupport.java:215)&#10;        at java.util.concurrent.locks.AbstractQueuedSynchronizer$ConditionObject.awaitNanos(AbstractQueuedSynchronizer.java:2078)&#10;        at java.util.concurrent.LinkedBlockingQueue.poll(LinkedBlockingQueue.java:467)&#10;        at org.apache.hadoop.ipc.CallQueueManager.take(CallQueueManager.java:317)&#10;        at org.apache.hadoop.ipc.Server$Handler.run(Server.java:2932)&#10;&quot;org.apache.hadoop.ozone.container.common.statemachine.commandhandler.DeleteBlocksCommandHandler$DeleteCmdWorker@b6d668&quot; daemon prio=5 tid=3523 timed_waiting&#10;java.lang.Thread.State: TIMED_WAITING&#10;        at java.lang.Thread.sleep(Native Method)&#10;        at org.apache.hadoop.ozone.container.common.statemachine.commandhandler.DeleteBlocksCommandHandler$DeleteCmdWorker.run(DeleteBlocksCommandHandler.java:175)&#10;        at java.lang.Thread.run(Thread.java:748)&#10;&quot;IPC Server handler 0 on default port 44503&quot; daemon prio=5 tid=110 timed_waiting&#10;java.lang.Thread.State: TIMED_WAITING&#10;        at sun.misc.Unsafe.park(Native Method)&#10;        at java.util.concurrent.locks.LockSupport.parkNanos(LockSupport.java:215)&#10;        at java.util.concurrent.locks.AbstractQueuedSynchronizer$ConditionObject.awaitNanos(AbstractQueuedSynchronizer.java:2078)&#10;        at java.util.concurrent.LinkedBlockingQueue.poll(LinkedBlockingQueue.java:467)&#10;        at org.apache.hadoop.ipc.CallQueueManager.take(CallQueueManager.java:317)&#10;        at org.apache.hadoop.ipc.Server$Handler.run(Server.java:2932)&#10;&quot;DatanodeAdminManager-0&quot; daemon prio=5 tid=32 timed_waiting&#10;java.lang.Thread.State: TIMED_WAITING&#10;        at sun.misc.Unsafe.park(Native Method)&#10;        at java.util.concurrent.locks.LockSupport.parkNanos(LockSupport.java:215)&#10;        at java.util.concurrent.locks.AbstractQueuedSynchronizer$ConditionObject.awaitNanos(AbstractQueuedSynchronizer.java:2078)&#10;        at java.util.concurrent.ScheduledThreadPoolExecutor$DelayedWorkQueue.take(ScheduledThreadPoolExecutor.java:1093)&#10;        at java.util.concurrent.ScheduledThreadPoolExecutor$DelayedWorkQueue.take(ScheduledThreadPoolExecutor.java:809)&#10;        at java.util.concurrent.ThreadPoolExecutor.getTask(ThreadPoolExecutor.java:1074)&#10;        at java.util.concurrent.ThreadPoolExecutor.runWorker(ThreadPoolExecutor.java:1134)&#10;        at java.util.concurrent.ThreadPoolExecutor$Worker.run(ThreadPoolExecutor.java:624)&#10;        at java.lang.Thread.run(Thread.java:748)&#10;&quot;IPC Server handler 16 on default port 45631&quot; daemon prio=5 tid=171 timed_waiting&#10;java.lang.Thread.State: TIMED_WAITING&#10;        at sun.misc.Unsafe.park(Native Method)&#10;        at java.util.concurrent.locks.LockSupport.parkNanos(LockSupport.java:215)&#10;        at java.util.concurrent.locks.AbstractQueuedSynchronizer$ConditionObject.awaitNanos(AbstractQueuedSynchronizer.java:2078)&#10;        at java.util.concurrent.LinkedBlockingQueue.poll(LinkedBlockingQueue.java:467)&#10;        at org.apache.hadoop.ipc.CallQueueManager.take(CallQueueManager.java:317)&#10;        at org.apache.hadoop.ipc.Server$Handler.run(Server.java:2932)&#10;&quot;Datanode ReportManager Thread - 4&quot; daemon prio=5 tid=198 in Object.wait()&#10;java.lang.Thread.State: WAITING (on object monitor)&#10;        at sun.misc.Unsafe.park(Native Method)&#10;        at java.util.concurrent.locks.LockSupport.park(LockSupport.java:175)&#10;        at java.util.concurrent.locks.AbstractQueuedSynchronizer$ConditionObject.await(AbstractQueuedSynchronizer.java:2039)&#10;        at java.util.concurrent.ScheduledThreadPoolExecutor$DelayedWorkQueue.take(ScheduledThreadPoolExecutor.java:1088)&#10;        at java.util.concurrent.ScheduledThreadPoolExecutor$DelayedWorkQueue.take(ScheduledThreadPoolExecutor.java:809)&#10;        at java.util.concurrent.ThreadPoolExecutor.getTask(ThreadPoolExecutor.java:1074)&#10;        at java.util.concurrent.ThreadPoolExecutor.runWorker(ThreadPoolExecutor.java:1134)&#10;        at java.util.concurrent.ThreadPoolExecutor$Worker.run(ThreadPoolExecutor.java:624)&#10;        at java.lang.Thread.run(Thread.java:748)&#10;&quot;qtp697960017-146&quot; daemon prio=5 tid=146 timed_waiting&#10;java.lang.Thread.State: TIMED_WAITING&#10;        at sun.misc.Unsafe.park(Native Method)&#10;        at java.util.concurrent.locks.LockSupport.parkNanos(LockSupport.java:215)&#10;        at java.util.concurrent.locks.AbstractQueuedSynchronizer$ConditionObject.awaitNanos(AbstractQueuedSynchronizer.java:2078)&#10;        at org.eclipse.jetty.util.BlockingArrayQueue.poll(BlockingArrayQueue.java:382)&#10;        at org.eclipse.jetty.util.thread.QueuedThreadPool$Runner.idleJobPoll(QueuedThreadPool.java:974)&#10;        at org.eclipse.jetty.util.thread.QueuedThreadPool$Runner.run(QueuedThreadPool.java:1018)&#10;        at java.lang.Thread.run(Thread.java:748)&#10;&quot;Datanode ReportManager Thread - 1&quot; daemon prio=5 tid=3540 in Object.wait()&#10;java.lang.Thread.State: WAITING (on object monitor)&#10;        at sun.misc.Unsafe.park(Native Method)&#10;        at java.util.concurrent.locks.LockSupport.park(LockSupport.java:175)&#10;        at java.util.concurrent.locks.AbstractQueuedSynchronizer$ConditionObject.await(AbstractQueuedSynchronizer.java:2039)&#10;        at java.util.concurrent.ScheduledThreadPoolExecutor$DelayedWorkQueue.take(ScheduledThreadPoolExecutor.java:1088)&#10;        at java.util.concurrent.ScheduledThreadPoolExecutor$DelayedWorkQueue.take(ScheduledThreadPoolExecutor.java:809)&#10;        at java.util.concurrent.ThreadPoolExecutor.getTask(ThreadPoolExecutor.java:1074)&#10;        at java.util.concurrent.ThreadPoolExecutor.runWorker(ThreadPoolExecutor.java:1134)&#10;        at java.util.concurrent.ThreadPoolExecutor$Worker.run(ThreadPoolExecutor.java:624)&#10;        at java.lang.Thread.run(Thread.java:748)&#10;&quot;qtp697960017-149&quot; daemon prio=5 tid=149 timed_waiting&#10;java.lang.Thread.State: TIMED_WAITING&#10;        at sun.misc.Unsafe.park(Native Method)&#10;        at java.util.concurrent.locks.LockSupport.parkNanos(LockSupport.java:215)&#10;        at java.util.concurrent.locks.AbstractQueuedSynchronizer$ConditionObject.awaitNanos(AbstractQueuedSynchronizer.java:2078)&#10;        at org.eclipse.jetty.util.BlockingArrayQueue.poll(BlockingArrayQueue.java:382)&#10;        at org.eclipse.jetty.util.thread.QueuedThreadPool$Runner.idleJobPoll(QueuedThreadPool.java:974)&#10;        at org.eclipse.jetty.util.thread.QueuedThreadPool$Runner.run(QueuedThreadPool.java:1018)&#10;        at java.lang.Thread.run(Thread.java:748)&#10;&quot;pool-16-thread-1&quot;  prio=5 tid=26 in Object.wait()&#10;java.lang.Thread.State: WAITING (on object monitor)&#10;        at sun.misc.Unsafe.park(Native Method)&#10;        at java.util.concurrent.locks.LockSupport.park(LockSupport.java:175)&#10;        at java.util.concurrent.locks.AbstractQueuedSynchronizer$ConditionObject.await(AbstractQueuedSynchronizer.java:2039)&#10;        at java.util.concurrent.LinkedBlockingQueue.take(LinkedBlockingQueue.java:442)&#10;        at java.util.concurrent.ThreadPoolExecutor.getTask(ThreadPoolExecutor.java:1074)&#10;        at java.util.concurrent.ThreadPoolExecutor.runWorker(ThreadPoolExecutor.java:1134)&#10;        at java.util.concurrent.ThreadPoolExecutor$Worker.run(ThreadPoolExecutor.java:624)&#10;        at java.lang.Thread.run(Thread.java:748)&#10;&quot;IPC Server Responder&quot; daemon prio=5 tid=45 runnable&#10;java.lang.Thread.State: RUNNABLE&#10;        at sun.nio.ch.EPollArrayWrapper.epollWait(Native Method)&#10;        at sun.nio.ch.EPollArrayWrapper.poll(EPollArrayWrapper.java:269)&#10;        at sun.nio.ch.EPollSelectorImpl.doSelect(EPollSelectorImpl.java:93)&#10;        at sun.nio.ch.SelectorImpl.lockAndDoSelect(SelectorImpl.java:86)&#10;        at sun.nio.ch.SelectorImpl.select(SelectorImpl.java:97)&#10;        at org.apache.hadoop.ipc.Server$Responder.doRunLoop(Server.java:1527)&#10;        at org.apache.hadoop.ipc.Server$Responder.run(Server.java:1510)&#10;&quot;BlockDeletingService#0&quot; daemon prio=5 tid=3478 timed_waiting&#10;java.lang.Thread.State: TIMED_WAITING&#10;        at sun.misc.Unsafe.park(Native Method)&#10;        at java.util.concurrent.locks.LockSupport.parkNanos(LockSupport.java:215)&#10;        at java.util.concurrent.locks.AbstractQueuedSynchronizer$ConditionObject.awaitNanos(AbstractQueuedSynchronizer.java:2078)&#10;        at java.util.concurrent.ScheduledThreadPoolExecutor$DelayedWorkQueue.take(ScheduledThreadPoolExecutor.java:1093)&#10;        at java.util.concurrent.ScheduledThreadPoolExecutor$DelayedWorkQueue.take(ScheduledThreadPoolExecutor.java:809)&#10;        at java.util.concurrent.ThreadPoolExecutor.getTask(ThreadPoolExecutor.java:1074)&#10;        at java.util.concurrent.ThreadPoolExecutor.runWorker(ThreadPoolExecutor.java:1134)&#10;        at java.util.concurrent.ThreadPoolExecutor$Worker.run(ThreadPoolExecutor.java:624)&#10;        at java.lang.Thread.run(Thread.java:748)&#10;&quot;EventQueue-NodeRegistrationContainerReportForDataNodeSafeModeRule&quot; daemon prio=5 tid=287 in Object.wait()&#10;java.lang.Thread.State: WAITING (on object monitor)&#10;        at sun.misc.Unsafe.park(Native Method)&#10;        at java.util.concurrent.locks.LockSupport.park(LockSupport.java:175)&#10;        at java.util.concurrent.locks.AbstractQueuedSynchronizer$ConditionObject.await(AbstractQueuedSynchronizer.java:2039)&#10;        at java.util.concurrent.LinkedBlockingQueue.take(LinkedBlockingQueue.java:442)&#10;        at java.util.concurrent.ThreadPoolExecutor.getTask(ThreadPoolExecutor.java:1074)&#10;        at java.util.concurrent.ThreadPoolExecutor.runWorker(ThreadPoolExecutor.java:1134)&#10;        at java.util.concurrent.ThreadPoolExecutor$Worker.run(ThreadPoolExecutor.java:624)&#10;        at java.lang.Thread.run(Thread.java:748)&#10;&quot;om1@group-C5BA1605619E-LeaderStateImpl&quot; daemon prio=5 tid=235 timed_waiting&#10;java.lang.Thread.State: TIMED_WAITING&#10;        at sun.misc.Unsafe.park(Native Method)&#10;        at java.util.concurrent.locks.LockSupport.parkNanos(LockSupport.java:215)&#10;        at java.util.concurrent.locks.AbstractQueuedSynchronizer$ConditionObject.awaitNanos(AbstractQueuedSynchronizer.java:2078)&#10;        at java.util.concurrent.ArrayBlockingQueue.poll(ArrayBlockingQueue.java:418)&#10;        at org.apache.ratis.server.impl.LeaderStateImpl$EventQueue.poll(LeaderStateImpl.java:156)&#10;        at org.apache.ratis.server.impl.LeaderStateImpl$EventProcessor.run(LeaderStateImpl.java:600)&#10;&quot;6bfb9779-376e-41d0-a4a3-df540c6cb1bb@group-D0FCC1B5800B-SegmentedRaftLogWorker&quot;  prio=5 tid=3556 timed_waiting&#10;java.lang.Thread.State: TIMED_WAITING&#10;        at sun.misc.Unsafe.park(Native Method)&#10;        at java.util.concurrent.locks.LockSupport.parkNanos(LockSupport.java:215)&#10;        at java.util.concurrent.locks.AbstractQueuedSynchronizer$ConditionObject.awaitNanos(AbstractQueuedSynchronizer.java:2078)&#10;        at org.apache.ratis.util.DataBlockingQueue.poll(DataBlockingQueue.java:137)&#10;        at org.apache.ratis.server.raftlog.segmented.SegmentedRaftLogWorker.run(SegmentedRaftLogWorker.java:292)&#10;        at org.apache.ratis.server.raftlog.segmented.SegmentedRaftLogWorker$$Lambda$358/232402060.run(Unknown Source)&#10;        at java.lang.Thread.run(Thread.java:748)&#10;&quot;Datanode ReportManager Thread - 4&quot; daemon prio=5 tid=3450 in Object.wait()&#10;java.lang.Thread.State: WAITING (on object monitor)&#10;        at sun.misc.Unsafe.park(Native Method)&#10;        at java.util.concurrent.locks.LockSupport.park(LockSupport.java:175)&#10;        at java.util.concurrent.locks.AbstractQueuedSynchronizer$ConditionObject.await(AbstractQueuedSynchronizer.java:2039)&#10;        at java.util.concurrent.ScheduledThreadPoolExecutor$DelayedWorkQueue.take(ScheduledThreadPoolExecutor.java:1088)&#10;        at java.util.concurrent.ScheduledThreadPoolExecutor$DelayedWorkQueue.take(ScheduledThreadPoolExecutor.java:809)&#10;        at java.util.concurrent.ThreadPoolExecutor.getTask(ThreadPoolExecutor.java:1074)&#10;        at java.util.concurrent.ThreadPoolExecutor.runWorker(ThreadPoolExecutor.java:1134)&#10;        at java.util.concurrent.ThreadPoolExecutor$Worker.run(ThreadPoolExecutor.java:624)&#10;        at java.lang.Thread.run(Thread.java:748)&#10;&quot;org.apache.hadoop.util.JvmPauseMonitor$Monitor@3315a47b&quot; daemon prio=5 tid=3452 timed_waiting&#10;java.lang.Thread.State: TIMED_WAITING&#10;        at java.lang.Thread.sleep(Native Method)&#10;        at org.apache.hadoop.util.JvmPauseMonitor$Monitor.run(JvmPauseMonitor.java:192)&#10;        at java.lang.Thread.run(Thread.java:748)&#10;&quot;grpc-default-worker-ELG-5-2&quot; daemon prio=5 tid=305 runnable&#10;java.lang.Thread.State: RUNNABLE&#10;        at org.apache.ratis.thirdparty.io.netty.channel.epoll.Native.epollWait0(Native Method)&#10;        at org.apache.ratis.thirdparty.io.netty.channel.epoll.Native.epollWait(Native.java:161)&#10;        at org.apache.ratis.thirdparty.io.netty.channel.epoll.EpollEventLoop.epollWait(EpollEventLoop.java:286)&#10;        at org.apache.ratis.thirdparty.io.netty.channel.epoll.EpollEventLoop.run(EpollEventLoop.java:351)&#10;        at org.apache.ratis.thirdparty.io.netty.util.concurrent.SingleThreadEventExecutor$4.run(SingleThreadEventExecutor.java:989)&#10;        at org.apache.ratis.thirdparty.io.netty.util.internal.ThreadExecutorMap$2.run(ThreadExecutorMap.java:74)&#10;        at org.apache.ratis.thirdparty.io.netty.util.concurrent.FastThreadLocalRunnable.run(FastThreadLocalRunnable.java:30)&#10;        at java.lang.Thread.run(Thread.java:748)&#10;&quot;IPC Server handler 14 on default port 41663&quot; daemon prio=5 tid=65 timed_waiting&#10;java.lang.Thread.State: TIMED_WAITING&#10;        at sun.misc.Unsafe.park(Native Method)&#10;        at java.util.concurrent.locks.LockSupport.parkNanos(LockSupport.java:215)&#10;        at java.util.concurrent.locks.AbstractQueuedSynchronizer$ConditionObject.awaitNanos(AbstractQueuedSynchronizer.java:2078)&#10;        at java.util.concurrent.LinkedBlockingQueue.poll(LinkedBlockingQueue.java:467)&#10;        at org.apache.hadoop.ipc.CallQueueManager.take(CallQueueManager.java:317)&#10;        at org.apache.hadoop.ipc.Server$Handler.run(Server.java:2932)&#10;&quot;IPC Server handler 12 on default port 41663&quot; daemon prio=5 tid=63 timed_waiting&#10;java.lang.Thread.State: TIMED_WAITING&#10;        at sun.misc.Unsafe.park(Native Method)&#10;        at java.util.concurrent.locks.LockSupport.parkNanos(LockSupport.java:215)&#10;        at java.util.concurrent.locks.AbstractQueuedSynchronizer$ConditionObject.awaitNanos(AbstractQueuedSynchronizer.java:2078)&#10;        at java.util.concurrent.LinkedBlockingQueue.poll(LinkedBlockingQueue.java:467)&#10;        at org.apache.hadoop.ipc.CallQueueManager.take(CallQueueManager.java:317)&#10;        at org.apache.hadoop.ipc.Server$Handler.run(Server.java:2932)&#10;&quot;qtp1181152590-3527&quot; daemon prio=5 tid=3527 timed_waiting&#10;java.lang.Thread.State: TIMED_WAITING&#10;        at sun.misc.Unsafe.park(Native Method)&#10;        at java.util.concurrent.locks.LockSupport.parkNanos(LockSupport.java:215)&#10;        at java.util.concurrent.locks.AbstractQueuedSynchronizer$ConditionObject.awaitNanos(AbstractQueuedSynchronizer.java:2078)&#10;        at org.eclipse.jetty.util.BlockingArrayQueue.poll(BlockingArrayQueue.java:382)&#10;        at org.eclipse.jetty.util.thread.QueuedThreadPool$Runner.idleJobPoll(QueuedThreadPool.java:974)&#10;        at org.eclipse.jetty.util.thread.QueuedThreadPool$Runner.run(QueuedThreadPool.java:1018)&#10;        at java.lang.Thread.run(Thread.java:748)&#10;&quot;Datanode ReportManager Thread - 3&quot; daemon prio=5 tid=3449 in Object.wait()&#10;java.lang.Thread.State: WAITING (on object monitor)&#10;        at sun.misc.Unsafe.park(Native Method)&#10;        at java.util.concurrent.locks.LockSupport.park(LockSupport.java:175)&#10;        at java.util.concurrent.locks.AbstractQueuedSynchronizer$ConditionObject.await(AbstractQueuedSynchronizer.java:2039)&#10;        at java.util.concurrent.ScheduledThreadPoolExecutor$DelayedWorkQueue.take(ScheduledThreadPoolExecutor.java:1088)&#10;        at java.util.concurrent.ScheduledThreadPoolExecutor$DelayedWorkQueue.take(ScheduledThreadPoolExecutor.java:809)&#10;        at java.util.concurrent.ThreadPoolExecutor.getTask(ThreadPoolExecutor.java:1074)&#10;        at java.util.concurrent.ThreadPoolExecutor.runWorker(ThreadPoolExecutor.java:1134)&#10;        at java.util.concurrent.ThreadPoolExecutor$Worker.run(ThreadPoolExecutor.java:624)&#10;        at java.lang.Thread.run(Thread.java:748)&#10;&quot;pool-45-thread-1&quot;  prio=5 tid=132 in Object.wait()&#10;java.lang.Thread.State: WAITING (on object monitor)&#10;        at sun.misc.Unsafe.park(Native Method)&#10;        at java.util.concurrent.locks.LockSupport.park(LockSupport.java:175)&#10;        at java.util.concurrent.locks.AbstractQueuedSynchronizer$ConditionObject.await(AbstractQueuedSynchronizer.java:2039)&#10;        at java.util.concurrent.LinkedBlockingQueue.take(LinkedBlockingQueue.java:442)&#10;        at java.util.concurrent.ThreadPoolExecutor.getTask(ThreadPoolExecutor.java:1074)&#10;        at java.util.concurrent.ThreadPoolExecutor.runWorker(ThreadPoolExecutor.java:1134)&#10;        at java.util.concurrent.ThreadPoolExecutor$Worker.run(ThreadPoolExecutor.java:624)&#10;        at java.lang.Thread.run(Thread.java:748)&#10;&quot;Datanode State Machine Task Thread - 1&quot;  prio=5 tid=3467 in Object.wait()&#10;java.lang.Thread.State: WAITING (on object monitor)&#10;        at sun.misc.Unsafe.park(Native Method)&#10;        at java.util.concurrent.locks.LockSupport.park(LockSupport.java:175)&#10;        at java.util.concurrent.locks.AbstractQueuedSynchronizer$ConditionObject.await(AbstractQueuedSynchronizer.java:2039)&#10;        at java.util.concurrent.LinkedBlockingQueue.take(LinkedBlockingQueue.java:442)&#10;        at java.util.concurrent.ThreadPoolExecutor.getTask(ThreadPoolExecutor.java:1074)&#10;        at java.util.concurrent.ThreadPoolExecutor.runWorker(ThreadPoolExecutor.java:1134)&#10;        at java.util.concurrent.ThreadPoolExecutor$Worker.run(ThreadPoolExecutor.java:624)&#10;        at java.lang.Thread.run(Thread.java:748)&#10;&quot;BlockDeletingService#2&quot; daemon prio=5 tid=3594 in Object.wait()&#10;java.lang.Thread.State: WAITING (on object monitor)&#10;        at sun.misc.Unsafe.park(Native Method)&#10;        at java.util.concurrent.locks.LockSupport.park(LockSupport.java:175)&#10;        at java.util.concurrent.locks.AbstractQueuedSynchronizer$ConditionObject.await(AbstractQueuedSynchronizer.java:2039)&#10;        at java.util.concurrent.ScheduledThreadPoolExecutor$DelayedWorkQueue.take(ScheduledThreadPoolExecutor.java:1088)&#10;        at java.util.concurrent.ScheduledThreadPoolExecutor$DelayedWorkQueue.take(ScheduledThreadPoolExecutor.java:809)&#10;        at java.util.concurrent.ThreadPoolExecutor.getTask(ThreadPoolExecutor.java:1074)&#10;        at java.util.concurrent.ThreadPoolExecutor.runWorker(ThreadPoolExecutor.java:1134)&#10;        at java.util.concurrent.ThreadPoolExecutor$Worker.run(ThreadPoolExecutor.java:624)&#10;        at java.lang.Thread.run(Thread.java:748)&#10;&quot;qtp1436718473-99&quot; daemon prio=5 tid=99 timed_waiting&#10;java.lang.Thread.State: TIMED_WAITING&#10;        at sun.misc.Unsafe.park(Native Method)&#10;        at java.util.concurrent.locks.LockSupport.parkNanos(LockSupport.java:215)&#10;        at java.util.concurrent.locks.AbstractQueuedSynchronizer$ConditionObject.awaitNanos(AbstractQueuedSynchronizer.java:2078)&#10;        at org.eclipse.jetty.util.BlockingArrayQueue.poll(BlockingArrayQueue.java:382)&#10;        at org.eclipse.jetty.util.thread.QueuedThreadPool$Runner.idleJobPoll(QueuedThreadPool.java:974)&#10;        at org.eclipse.jetty.util.thread.QueuedThreadPool$Runner.run(QueuedThreadPool.java:1018)&#10;        at java.lang.Thread.run(Thread.java:748)&#10;&quot;PartialTableCache Cleanup Thread - 0&quot; daemon prio=5 tid=393 in Object.wait()&#10;java.lang.Thread.State: WAITING (on object monitor)&#10;        at sun.misc.Unsafe.park(Native Method)&#10;        at java.util.concurrent.locks.LockSupport.park(LockSupport.java:175)&#10;        at java.util.concurrent.locks.AbstractQueuedSynchronizer$ConditionObject.await(AbstractQueuedSynchronizer.java:2039)&#10;        at java.util.concurrent.LinkedBlockingQueue.take(LinkedBlockingQueue.java:442)&#10;        at java.util.concurrent.ThreadPoolExecutor.getTask(ThreadPoolExecutor.java:1074)&#10;        at java.util.concurrent.ThreadPoolExecutor.runWorker(ThreadPoolExecutor.java:1134)&#10;        at java.util.concurrent.ThreadPoolExecutor$Worker.run(ThreadPoolExecutor.java:624)&#10;        at java.lang.Thread.run(Thread.java:748)&#10;&quot;FullTableCache Cleanup Thread - 0&quot; daemon prio=5 tid=391 in Object.wait()&#10;java.lang.Thread.State: WAITING (on object monitor)&#10;        at sun.misc.Unsafe.park(Native Method)&#10;        at java.util.concurrent.locks.LockSupport.park(LockSupport.java:175)&#10;        at java.util.concurrent.locks.AbstractQueuedSynchronizer$ConditionObject.await(AbstractQueuedSynchronizer.java:2039)&#10;        at java.util.concurrent.LinkedBlockingQueue.take(LinkedBlockingQueue.java:442)&#10;        at java.util.concurrent.ThreadPoolExecutor.getTask(ThreadPoolExecutor.java:1074)&#10;        at java.util.concurrent.ThreadPoolExecutor.runWorker(ThreadPoolExecutor.java:1134)&#10;        at java.util.concurrent.ThreadPoolExecutor$Worker.run(ThreadPoolExecutor.java:624)&#10;        at java.lang.Thread.run(Thread.java:748)&#10;&quot;qtp697960017-148-acceptor-0@1168fa2a-ServerConnector@5163bb14{HTTP/1.1, (http/1.1)}{0.0.0.0:33643}&quot; daemon prio=3 tid=148 runnable&#10;java.lang.Thread.State: RUNNABLE&#10;        at sun.nio.ch.ServerSocketChannelImpl.accept0(Native Method)&#10;        at sun.nio.ch.ServerSocketChannelImpl.accept(ServerSocketChannelImpl.java:421)&#10;        at sun.nio.ch.ServerSocketChannelImpl.accept(ServerSocketChannelImpl.java:249)&#10;        at org.eclipse.jetty.server.ServerConnector.accept(ServerConnector.java:388)&#10;        at org.eclipse.jetty.server.AbstractConnector$Acceptor.run(AbstractConnector.java:702)&#10;        at org.eclipse.jetty.util.thread.QueuedThreadPool.runJob(QueuedThreadPool.java:883)&#10;        at org.eclipse.jetty.util.thread.QueuedThreadPool$Runner.run(QueuedThreadPool.java:1034)&#10;        at java.lang.Thread.run(Thread.java:748)&#10;&quot;IPC Server handler 15 on default port 41883&quot; daemon prio=5 tid=86 timed_waiting&#10;java.lang.Thread.State: TIMED_WAITING&#10;        at sun.misc.Unsafe.park(Native Method)&#10;        at java.util.concurrent.locks.LockSupport.parkNanos(LockSupport.java:215)&#10;        at java.util.concurrent.locks.AbstractQueuedSynchronizer$ConditionObject.awaitNanos(AbstractQueuedSynchronizer.java:2078)&#10;        at java.util.concurrent.LinkedBlockingQueue.poll(LinkedBlockingQueue.java:467)&#10;        at org.apache.hadoop.ipc.CallQueueManager.take(CallQueueManager.java:317)&#10;        at org.apache.hadoop.ipc.Server$Handler.run(Server.java:2932)&#10;&quot;grpc-default-boss-ELG-4-1&quot; daemon prio=5 tid=47 runnable&#10;java.lang.Thread.State: RUNNABLE&#10;        at org.apache.ratis.thirdparty.io.netty.channel.epoll.Native.epollWait(Native Method)&#10;        at org.apache.ratis.thirdparty.io.netty.channel.epoll.Native.epollWait(Native.java:177)&#10;        at org.apache.ratis.thirdparty.io.netty.channel.epoll.Native.epollWait(Native.java:170)&#10;        at org.apache.ratis.thirdparty.io.netty.channel.epoll.EpollEventLoop.epollWaitNoTimerChange(EpollEventLoop.java:290)&#10;        at org.apache.ratis.thirdparty.io.netty.channel.epoll.EpollEventLoop.run(EpollEventLoop.java:347)&#10;        at org.apache.ratis.thirdparty.io.netty.util.concurrent.SingleThreadEventExecutor$4.run(SingleThreadEventExecutor.java:989)&#10;        at org.apache.ratis.thirdparty.io.netty.util.internal.ThreadExecutorMap$2.run(ThreadExecutorMap.java:74)&#10;        at org.apache.ratis.thirdparty.io.netty.util.concurrent.FastThreadLocalRunnable.run(FastThreadLocalRunnable.java:30)&#10;        at java.lang.Thread.run(Thread.java:748)&#10;&quot;qtp1436718473-97&quot; daemon prio=5 tid=97 timed_waiting&#10;java.lang.Thread.State: TIMED_WAITING&#10;        at sun.misc.Unsafe.park(Native Method)&#10;        at java.util.concurrent.locks.LockSupport.parkNanos(LockSupport.java:215)&#10;        at java.util.concurrent.locks.AbstractQueuedSynchronizer$ConditionObject.awaitNanos(AbstractQueuedSynchronizer.java:2078)&#10;        at org.eclipse.jetty.util.BlockingArrayQueue.poll(BlockingArrayQueue.java:382)&#10;        at org.eclipse.jetty.util.thread.QueuedThreadPool$Runner.idleJobPoll(QueuedThreadPool.java:974)&#10;        at org.eclipse.jetty.util.thread.QueuedThreadPool$Runner.run(QueuedThreadPool.java:1018)&#10;        at java.lang.Thread.run(Thread.java:748)&#10;&quot;org.apache.hadoop.ozone.container.common.statemachine.commandhandler.DeleteBlocksCommandHandler$DeleteCmdWorker@16c64999&quot; daemon prio=5 tid=207 runnable&#10;java.lang.Thread.State: RUNNABLE&#10;        at java.lang.Thread.sleep(Native Method)&#10;        at org.apache.hadoop.ozone.container.common.statemachine.commandhandler.DeleteBlocksCommandHandler$DeleteCmdWorker.run(DeleteBlocksCommandHandler.java:175)&#10;        at java.lang.Thread.run(Thread.java:748)&#10;&quot;IPC Server handler 9 on default port 45631&quot; daemon prio=5 tid=164 timed_waiting&#10;java.lang.Thread.State: TIMED_WAITING&#10;        at sun.misc.Unsafe.park(Native Method)&#10;        at java.util.concurrent.locks.LockSupport.parkNanos(LockSupport.java:215)&#10;        at java.util.concurrent.locks.AbstractQueuedSynchronizer$ConditionObject.awaitNanos(AbstractQueuedSynchronizer.java:2078)&#10;        at java.util.concurrent.LinkedBlockingQueue.poll(LinkedBlockingQueue.java:467)&#10;        at org.apache.hadoop.ipc.CallQueueManager.take(CallQueueManager.java:317)&#10;        at org.apache.hadoop.ipc.Server$Handler.run(Server.java:2932)&#10;&quot;IPC Server handler 19 on default port 45631&quot; daemon prio=5 tid=174 timed_waiting&#10;java.lang.Thread.State: TIMED_WAITING&#10;        at sun.misc.Unsafe.park(Native Method)&#10;        at java.util.concurrent.locks.LockSupport.parkNanos(LockSupport.java:215)&#10;        at java.util.concurrent.locks.AbstractQueuedSynchronizer$ConditionObject.awaitNanos(AbstractQueuedSynchronizer.java:2078)&#10;        at java.util.concurrent.LinkedBlockingQueue.poll(LinkedBlockingQueue.java:467)&#10;        at org.apache.hadoop.ipc.CallQueueManager.take(CallQueueManager.java:317)&#10;        at org.apache.hadoop.ipc.Server$Handler.run(Server.java:2932)&#10;&quot;Datanode ReportManager Thread - 2&quot; daemon prio=5 tid=3448 timed_waiting&#10;java.lang.Thread.State: TIMED_WAITING&#10;        at sun.misc.Unsafe.park(Native Method)&#10;        at java.util.concurrent.locks.LockSupport.parkNanos(LockSupport.java:215)&#10;        at java.util.concurrent.locks.AbstractQueuedSynchronizer$ConditionObject.awaitNanos(AbstractQueuedSynchronizer.java:2078)&#10;        at java.util.concurrent.ScheduledThreadPoolExecutor$DelayedWorkQueue.take(ScheduledThreadPoolExecutor.java:1093)&#10;        at java.util.concurrent.ScheduledThreadPoolExecutor$DelayedWorkQueue.take(ScheduledThreadPoolExecutor.java:809)&#10;        at java.util.concurrent.ThreadPoolExecutor.getTask(ThreadPoolExecutor.java:1074)&#10;        at java.util.concurrent.ThreadPoolExecutor.runWorker(ThreadPoolExecutor.java:1134)&#10;        at java.util.concurrent.ThreadPoolExecutor$Worker.run(ThreadPoolExecutor.java:624)&#10;        at java.lang.Thread.run(Thread.java:748)&#10;&quot;fb2bbb8d-0a43-4468-9762-35835c6ecdd5@group-EA466064A84A-SegmentedRaftLogWorker&quot;  prio=5 tid=3500 timed_waiting&#10;java.lang.Thread.State: TIMED_WAITING&#10;        at sun.misc.Unsafe.park(Native Method)&#10;        at java.util.concurrent.locks.LockSupport.parkNanos(LockSupport.java:215)&#10;        at java.util.concurrent.locks.AbstractQueuedSynchronizer$ConditionObject.awaitNanos(AbstractQueuedSynchronizer.java:2078)&#10;        at org.apache.ratis.util.DataBlockingQueue.poll(DataBlockingQueue.java:137)&#10;        at org.apache.ratis.server.raftlog.segmented.SegmentedRaftLogWorker.run(SegmentedRaftLogWorker.java:292)&#10;        at org.apache.ratis.server.raftlog.segmented.SegmentedRaftLogWorker$$Lambda$358/232402060.run(Unknown Source)&#10;        at java.lang.Thread.run(Thread.java:748)&#10;&quot;pool-469-thread-1&quot;  prio=5 tid=3524 timed_waiting&#10;java.lang.Thread.State: TIMED_WAITING&#10;        at sun.misc.Unsafe.park(Native Method)&#10;        at java.util.concurrent.locks.LockSupport.parkNanos(LockSupport.java:215)&#10;        at java.util.concurrent.locks.AbstractQueuedSynchronizer$ConditionObject.awaitNanos(AbstractQueuedSynchronizer.java:2078)&#10;        at java.util.concurrent.ScheduledThreadPoolExecutor$DelayedWorkQueue.take(ScheduledThreadPoolExecutor.java:1093)&#10;        at java.util.concurrent.ScheduledThreadPoolExecutor$DelayedWorkQueue.take(ScheduledThreadPoolExecutor.java:809)&#10;        at java.util.concurrent.ThreadPoolExecutor.getTask(ThreadPoolExecutor.java:1074)&#10;        at java.util.concurrent.ThreadPoolExecutor.runWorker(ThreadPoolExecutor.java:1134)&#10;        at java.util.concurrent.ThreadPoolExecutor$Worker.run(ThreadPoolExecutor.java:624)&#10;        at java.lang.Thread.run(Thread.java:748)&#10;&quot;om1@group-C5BA1605619E-SegmentedRaftLogWorker&quot;  prio=5 tid=133 timed_waiting&#10;java.lang.Thread.State: TIMED_WAITING&#10;        at sun.misc.Unsafe.park(Native Method)&#10;        at java.util.concurrent.locks.LockSupport.parkNanos(LockSupport.java:215)&#10;        at java.util.concurrent.locks.AbstractQueuedSynchronizer$ConditionObject.awaitNanos(AbstractQueuedSynchronizer.java:2078)&#10;        at org.apache.ratis.util.DataBlockingQueue.poll(DataBlockingQueue.java:137)&#10;        at org.apache.ratis.server.raftlog.segmented.SegmentedRaftLogWorker.run(SegmentedRaftLogWorker.java:292)&#10;        at org.apache.ratis.server.raftlog.segmented.SegmentedRaftLogWorker$$Lambda$358/232402060.run(Unknown Source)&#10;        at java.lang.Thread.run(Thread.java:748)&#10;&quot;Datanode ReportManager Thread - 3&quot; daemon prio=5 tid=222 in Object.wait()&#10;java.lang.Thread.State: WAITING (on object monitor)&#10;        at sun.misc.Unsafe.park(Native Method)&#10;        at java.util.concurrent.locks.LockSupport.park(LockSupport.java:175)&#10;        at java.util.concurrent.locks.AbstractQueuedSynchronizer$ConditionObject.await(AbstractQueuedSynchronizer.java:2039)&#10;        at java.util.concurrent.ScheduledThreadPoolExecutor$DelayedWorkQueue.take(ScheduledThreadPoolExecutor.java:1088)&#10;        at java.util.concurrent.ScheduledThreadPoolExecutor$DelayedWorkQueue.take(ScheduledThreadPoolExecutor.java:809)&#10;        at java.util.concurrent.ThreadPoolExecutor.getTask(ThreadPoolExecutor.java:1074)&#10;        at java.util.concurrent.ThreadPoolExecutor.runWorker(ThreadPoolExecutor.java:1134)&#10;        at java.util.concurrent.ThreadPoolExecutor$Worker.run(ThreadPoolExecutor.java:624)&#10;        at java.lang.Thread.run(Thread.java:748)&#10;&quot;Datanode ReportManager Thread - 0&quot; daemon prio=5 tid=3539 in Object.wait()&#10;java.lang.Thread.State: WAITING (on object monitor)&#10;        at sun.misc.Unsafe.park(Native Method)&#10;        at java.util.concurrent.locks.LockSupport.park(LockSupport.java:175)&#10;        at java.util.concurrent.locks.AbstractQueuedSynchronizer$ConditionObject.await(AbstractQueuedSynchronizer.java:2039)&#10;        at java.util.concurrent.ScheduledThreadPoolExecutor$DelayedWorkQueue.take(ScheduledThreadPoolExecutor.java:1088)&#10;        at java.util.concurrent.ScheduledThreadPoolExecutor$DelayedWorkQueue.take(ScheduledThreadPoolExecutor.java:809)&#10;        at java.util.concurrent.ThreadPoolExecutor.getTask(ThreadPoolExecutor.java:1074)&#10;        at java.util.concurrent.ThreadPoolExecutor.runWorker(ThreadPoolExecutor.java:1134)&#10;        at java.util.concurrent.ThreadPoolExecutor$Worker.run(ThreadPoolExecutor.java:624)&#10;        at java.lang.Thread.run(Thread.java:748)&#10;&quot;PartialTableCache Cleanup Thread - 0&quot; daemon prio=5 tid=1186 in Object.wait()&#10;java.lang.Thread.State: WAITING (on object monitor)&#10;        at sun.misc.Unsafe.park(Native Method)&#10;        at java.util.concurrent.locks.LockSupport.park(LockSupport.java:175)&#10;        at java.util.concurrent.locks.AbstractQueuedSynchronizer$ConditionObject.await(AbstractQueuedSynchronizer.java:2039)&#10;        at java.util.concurrent.LinkedBlockingQueue.take(LinkedBlockingQueue.java:442)&#10;        at java.util.concurrent.ThreadPoolExecutor.getTask(ThreadPoolExecutor.java:1074)&#10;        at java.util.concurrent.ThreadPoolExecutor.runWorker(ThreadPoolExecutor.java:1134)&#10;        at java.util.concurrent.ThreadPoolExecutor$Worker.run(ThreadPoolExecutor.java:624)&#10;        at java.lang.Thread.run(Thread.java:748)&#10;&quot;grpc-default-worker-ELG-5-1&quot; daemon prio=5 tid=303 runnable&#10;java.lang.Thread.State: RUNNABLE&#10;        at org.apache.ratis.thirdparty.io.netty.channel.epoll.Native.epollWait0(Native Method)&#10;        at org.apache.ratis.thirdparty.io.netty.channel.epoll.Native.epollWait(Native.java:161)&#10;        at org.apache.ratis.thirdparty.io.netty.channel.epoll.EpollEventLoop.epollWait(EpollEventLoop.java:286)&#10;        at org.apache.ratis.thirdparty.io.netty.channel.epoll.EpollEventLoop.run(EpollEventLoop.java:351)&#10;        at org.apache.ratis.thirdparty.io.netty.util.concurrent.SingleThreadEventExecutor$4.run(SingleThreadEventExecutor.java:989)&#10;        at org.apache.ratis.thirdparty.io.netty.util.internal.ThreadExecutorMap$2.run(ThreadExecutorMap.java:74)&#10;        at org.apache.ratis.thirdparty.io.netty.util.concurrent.FastThreadLocalRunnable.run(FastThreadLocalRunnable.java:30)&#10;        at java.lang.Thread.run(Thread.java:748)&#10;&quot;IPC Server handler 4 on default port 41663&quot; daemon prio=5 tid=55 timed_waiting&#10;java.lang.Thread.State: TIMED_WAITING&#10;        at sun.misc.Unsafe.park(Native Method)&#10;        at java.util.concurrent.locks.LockSupport.parkNanos(LockSupport.java:215)&#10;        at java.util.concurrent.locks.AbstractQueuedSynchronizer$ConditionObject.awaitNanos(AbstractQueuedSynchronizer.java:2078)&#10;        at java.util.concurrent.LinkedBlockingQueue.poll(LinkedBlockingQueue.java:467)&#10;        at org.apache.hadoop.ipc.CallQueueManager.take(CallQueueManager.java:317)&#10;        at org.apache.hadoop.ipc.Server$Handler.run(Server.java:2932)&#10;&quot;IPC Server handler 14 on default port 41883&quot; daemon prio=5 tid=85 timed_waiting&#10;java.lang.Thread.State: TIMED_WAITING&#10;        at sun.misc.Unsafe.park(Native Method)&#10;        at java.util.concurrent.locks.LockSupport.parkNanos(LockSupport.java:215)&#10;        at java.util.concurrent.locks.AbstractQueuedSynchronizer$ConditionObject.awaitNanos(AbstractQueuedSynchronizer.java:2078)&#10;        at java.util.concurrent.LinkedBlockingQueue.poll(LinkedBlockingQueue.java:467)&#10;        at org.apache.hadoop.ipc.CallQueueManager.take(CallQueueManager.java:317)&#10;        at org.apache.hadoop.ipc.Server$Handler.run(Server.java:2932)&#10;&quot;Socket Reader #1 for port 0&quot;  prio=5 tid=39 runnable&#10;java.lang.Thread.State: RUNNABLE&#10;        at sun.nio.ch.EPollArrayWrapper.epollWait(Native Method)&#10;        at sun.nio.ch.EPollArrayWrapper.poll(EPollArrayWrapper.java:269)&#10;        at sun.nio.ch.EPollSelectorImpl.doSelect(EPollSelectorImpl.java:93)&#10;        at sun.nio.ch.SelectorImpl.lockAndDoSelect(SelectorImpl.java:86)&#10;        at sun.nio.ch.SelectorImpl.select(SelectorImpl.java:97)&#10;        at sun.nio.ch.SelectorImpl.select(SelectorImpl.java:101)&#10;        at org.apache.hadoop.ipc.Server$Listener$Reader.doRunLoop(Server.java:1288)&#10;        at org.apache.hadoop.ipc.Server$Listener$Reader.run(Server.java:1267)&#10;&quot;qtp697960017-150&quot; daemon prio=5 tid=150 timed_waiting&#10;java.lang.Thread.State: TIMED_WAITING&#10;        at sun.misc.Unsafe.park(Native Method)&#10;        at java.util.concurrent.locks.LockSupport.parkNanos(LockSupport.java:215)&#10;        at java.util.concurrent.locks.AbstractQueuedSynchronizer$ConditionObject.awaitNanos(AbstractQueuedSynchronizer.java:2078)&#10;        at org.eclipse.jetty.util.BlockingArrayQueue.poll(BlockingArrayQueue.java:382)&#10;        at org.eclipse.jetty.util.thread.QueuedThreadPool$Runner.idleJobPoll(QueuedThreadPool.java:974)&#10;        at org.eclipse.jetty.util.thread.QueuedThreadPool$Runner.run(QueuedThreadPool.java:1018)&#10;        at java.lang.Thread.run(Thread.java:748)&#10;&quot;IPC Server handler 8 on default port 45631&quot; daemon prio=5 tid=163 timed_waiting&#10;java.lang.Thread.State: TIMED_WAITING&#10;        at sun.misc.Unsafe.park(Native Method)&#10;        at java.util.concurrent.locks.LockSupport.parkNanos(LockSupport.java:215)&#10;        at java.util.concurrent.locks.AbstractQueuedSynchronizer$ConditionObject.awaitNanos(AbstractQueuedSynchronizer.java:2078)&#10;        at java.util.concurrent.LinkedBlockingQueue.poll(LinkedBlockingQueue.java:467)&#10;        at org.apache.hadoop.ipc.CallQueueManager.take(CallQueueManager.java:317)&#10;        at org.apache.hadoop.ipc.Server$Handler.run(Server.java:2932)&#10;&quot;IPC Server handler 16 on default port 41663&quot; daemon prio=5 tid=67 timed_waiting&#10;java.lang.Thread.State: TIMED_WAITING&#10;        at sun.misc.Unsafe.park(Native Method)&#10;        at java.util.concurrent.locks.LockSupport.parkNanos(LockSupport.java:215)&#10;        at java.util.concurrent.locks.AbstractQueuedSynchronizer$ConditionObject.awaitNanos(AbstractQueuedSynchronizer.java:2078)&#10;        at java.util.concurrent.LinkedBlockingQueue.poll(LinkedBlockingQueue.java:467)&#10;        at org.apache.hadoop.ipc.CallQueueManager.take(CallQueueManager.java:317)&#10;        at org.apache.hadoop.ipc.Server$Handler.run(Server.java:2932)&#10;&quot;pool-24-thread-1&quot;  prio=5 tid=93 timed_waiting&#10;java.lang.Thread.State: TIMED_WAITING&#10;        at sun.misc.Unsafe.park(Native Method)&#10;        at java.util.concurrent.locks.LockSupport.parkNanos(LockSupport.java:215)&#10;        at java.util.concurrent.locks.AbstractQueuedSynchronizer$ConditionObject.awaitNanos(AbstractQueuedSynchronizer.java:2078)&#10;        at java.util.concurrent.ScheduledThreadPoolExecutor$DelayedWorkQueue.take(ScheduledThreadPoolExecutor.java:1093)&#10;        at java.util.concurrent.ScheduledThreadPoolExecutor$DelayedWorkQueue.take(ScheduledThreadPoolExecutor.java:809)&#10;        at java.util.concurrent.ThreadPoolExecutor.getTask(ThreadPoolExecutor.java:1074)&#10;        at java.util.concurrent.ThreadPoolExecutor.runWorker(ThreadPoolExecutor.java:1134)&#10;        at java.util.concurrent.ThreadPoolExecutor$Worker.run(ThreadPoolExecutor.java:624)&#10;        at java.lang.Thread.run(Thread.java:748)&#10;&quot;IPC Server handler 6 on default port 44503&quot; daemon prio=5 tid=116 timed_waiting&#10;java.lang.Thread.State: TIMED_WAITING&#10;        at sun.misc.Unsafe.park(Native Method)&#10;        at java.util.concurrent.locks.LockSupport.parkNanos(LockSupport.java:215)&#10;        at java.util.concurrent.locks.AbstractQueuedSynchronizer$ConditionObject.awaitNanos(AbstractQueuedSynchronizer.java:2078)&#10;        at java.util.concurrent.LinkedBlockingQueue.poll(LinkedBlockingQueue.java:467)&#10;        at org.apache.hadoop.ipc.CallQueueManager.take(CallQueueManager.java:317)&#10;        at org.apache.hadoop.ipc.Server$Handler.run(Server.java:2932)&#10;&quot;Datanode ReportManager Thread - 3&quot; daemon prio=5 tid=197 in Object.wait()&#10;java.lang.Thread.State: WAITING (on object monitor)&#10;        at sun.misc.Unsafe.park(Native Method)&#10;        at java.util.concurrent.locks.LockSupport.park(LockSupport.java:175)&#10;        at java.util.concurrent.locks.AbstractQueuedSynchronizer$ConditionObject.await(AbstractQueuedSynchronizer.java:2039)&#10;        at java.util.concurrent.ScheduledThreadPoolExecutor$DelayedWorkQueue.take(ScheduledThreadPoolExecutor.java:1088)&#10;        at java.util.concurrent.ScheduledThreadPoolExecutor$DelayedWorkQueue.take(ScheduledThreadPoolExecutor.java:809)&#10;        at java.util.concurrent.ThreadPoolExecutor.getTask(ThreadPoolExecutor.java:1074)&#10;        at java.util.concurrent.ThreadPoolExecutor.runWorker(ThreadPoolExecutor.java:1134)&#10;        at java.util.concurrent.ThreadPoolExecutor$Worker.run(ThreadPoolExecutor.java:624)&#10;        at java.lang.Thread.run(Thread.java:748)&#10;&quot;IPC Server handler 1 on default port 41663&quot; daemon prio=5 tid=52 timed_waiting&#10;java.lang.Thread.State: TIMED_WAITING&#10;        at sun.misc.Unsafe.park(Native Method)&#10;        at java.util.concurrent.locks.LockSupport.parkNanos(LockSupport.java:215)&#10;        at java.util.concurrent.locks.AbstractQueuedSynchronizer$ConditionObject.awaitNanos(AbstractQueuedSynchronizer.java:2078)&#10;        at java.util.concurrent.LinkedBlockingQueue.poll(LinkedBlockingQueue.java:467)&#10;        at org.apache.hadoop.ipc.CallQueueManager.take(CallQueueManager.java:317)&#10;        at org.apache.hadoop.ipc.Server$Handler.run(Server.java:2932)&#10;&quot;IPC Server handler 18 on default port 41663&quot; daemon prio=5 tid=69 timed_waiting&#10;java.lang.Thread.State: TIMED_WAITING&#10;        at sun.misc.Unsafe.park(Native Method)&#10;        at java.util.concurrent.locks.LockSupport.parkNanos(LockSupport.java:215)&#10;        at java.util.concurrent.locks.AbstractQueuedSynchronizer$ConditionObject.awaitNanos(AbstractQueuedSynchronizer.java:2078)&#10;        at java.util.concurrent.LinkedBlockingQueue.poll(LinkedBlockingQueue.java:467)&#10;        at org.apache.hadoop.ipc.CallQueueManager.take(CallQueueManager.java:317)&#10;        at org.apache.hadoop.ipc.Server$Handler.run(Server.java:2932)&#10;&quot;Periodic HDDS volume checker&quot; daemon prio=5 tid=3423 timed_waiting&#10;java.lang.Thread.State: TIMED_WAITING&#10;        at sun.misc.Unsafe.park(Native Method)&#10;        at java.util.concurrent.locks.LockSupport.parkNanos(LockSupport.java:215)&#10;        at java.util.concurrent.locks.AbstractQueuedSynchronizer$ConditionObject.awaitNanos(AbstractQueuedSynchronizer.java:2078)&#10;        at java.util.concurrent.ScheduledThreadPoolExecutor$DelayedWorkQueue.take(ScheduledThreadPoolExecutor.java:1093)&#10;        at java.util.concurrent.ScheduledThreadPoolExecutor$DelayedWorkQueue.take(ScheduledThreadPoolExecutor.java:809)&#10;        at java.util.concurrent.ThreadPoolExecutor.getTask(ThreadPoolExecutor.java:1074)&#10;        at java.util.concurrent.ThreadPoolExecutor.runWorker(ThreadPoolExecutor.java:1134)&#10;        at java.util.concurrent.ThreadPoolExecutor$Worker.run(ThreadPoolExecutor.java:624)&#10;        at java.lang.Thread.run(Thread.java:748)&#10;&quot;IPC Server handler 1 on default port 45631&quot; daemon prio=5 tid=156 timed_waiting&#10;java.lang.Thread.State: TIMED_WAITING&#10;        at sun.misc.Unsafe.park(Native Method)&#10;        at java.util.concurrent.locks.LockSupport.parkNanos(LockSupport.java:215)&#10;        at java.util.concurrent.locks.AbstractQueuedSynchronizer$ConditionObject.awaitNanos(AbstractQueuedSynchronizer.java:2078)&#10;        at java.util.concurrent.LinkedBlockingQueue.poll(LinkedBlockingQueue.java:467)&#10;        at org.apache.hadoop.ipc.CallQueueManager.take(CallQueueManager.java:317)&#10;        at org.apache.hadoop.ipc.Server$Handler.run(Server.java:2932)&#10;&quot;IPC Server handler 3 on default port 41883&quot; daemon prio=5 tid=74 timed_waiting&#10;java.lang.Thread.State: TIMED_WAITING&#10;        at sun.misc.Unsafe.park(Native Method)&#10;        at java.util.concurrent.locks.LockSupport.parkNanos(LockSupport.java:215)&#10;        at java.util.concurrent.locks.AbstractQueuedSynchronizer$ConditionObject.awaitNanos(AbstractQueuedSynchronizer.java:2078)&#10;        at java.util.concurrent.LinkedBlockingQueue.poll(LinkedBlockingQueue.java:467)&#10;        at org.apache.hadoop.ipc.CallQueueManager.take(CallQueueManager.java:317)&#10;        at org.apache.hadoop.ipc.Server$Handler.run(Server.java:2932)&#10;&quot;EventQueue-NewNodeForNewNodeHandler&quot; daemon prio=5 tid=285 in Object.wait()&#10;java.lang.Thread.State: WAITING (on object monitor)&#10;        at sun.misc.Unsafe.park(Native Method)&#10;        at java.util.concurrent.locks.LockSupport.park(LockSupport.java:175)&#10;        at java.util.concurrent.locks.AbstractQueuedSynchronizer$ConditionObject.await(AbstractQueuedSynchronizer.java:2039)&#10;        at java.util.concurrent.LinkedBlockingQueue.take(LinkedBlockingQueue.java:442)&#10;        at java.util.concurrent.ThreadPoolExecutor.getTask(ThreadPoolExecutor.java:1074)&#10;        at java.util.concurrent.ThreadPoolExecutor.runWorker(ThreadPoolExecutor.java:1134)&#10;        at java.util.concurrent.ThreadPoolExecutor$Worker.run(ThreadPoolExecutor.java:624)&#10;        at java.lang.Thread.run(Thread.java:748)&#10;&quot;Datanode ReportManager Thread - 2&quot; daemon prio=5 tid=3541 timed_waiting&#10;java.lang.Thread.State: TIMED_WAITING&#10;        at sun.misc.Unsafe.park(Native Method)&#10;        at java.util.concurrent.locks.LockSupport.parkNanos(LockSupport.java:215)&#10;        at java.util.concurrent.locks.AbstractQueuedSynchronizer$ConditionObject.awaitNanos(AbstractQueuedSynchronizer.java:2078)&#10;        at java.util.concurrent.ScheduledThreadPoolExecutor$DelayedWorkQueue.take(ScheduledThreadPoolExecutor.java:1093)&#10;        at java.util.concurrent.ScheduledThreadPoolExecutor$DelayedWorkQueue.take(ScheduledThreadPoolExecutor.java:809)&#10;        at java.util.concurrent.ThreadPoolExecutor.getTask(ThreadPoolExecutor.java:1074)&#10;        at java.util.concurrent.ThreadPoolExecutor.runWorker(ThreadPoolExecutor.java:1134)&#10;        at java.util.concurrent.ThreadPoolExecutor$Worker.run(ThreadPoolExecutor.java:624)&#10;        at java.lang.Thread.run(Thread.java:748)&#10;&quot;pool-461-thread-1&quot;  prio=5 tid=3522 in Object.wait()&#10;java.lang.Thread.State: WAITING (on object monitor)&#10;        at sun.misc.Unsafe.park(Native Method)&#10;        at java.util.concurrent.locks.LockSupport.park(LockSupport.java:175)&#10;        at java.util.concurrent.locks.AbstractQueuedSynchronizer$ConditionObject.await(AbstractQueuedSynchronizer.java:2039)&#10;        at java.util.concurrent.LinkedBlockingQueue.take(LinkedBlockingQueue.java:442)&#10;        at java.util.concurrent.ThreadPoolExecutor.getTask(ThreadPoolExecutor.java:1074)&#10;        at java.util.concurrent.ThreadPoolExecutor.runWorker(ThreadPoolExecutor.java:1134)&#10;        at java.util.concurrent.ThreadPoolExecutor$Worker.run(ThreadPoolExecutor.java:624)&#10;        at java.lang.Thread.run(Thread.java:748)&#10;&quot;qtp697960017-147&quot; daemon prio=5 tid=147 runnable&#10;java.lang.Thread.State: RUNNABLE&#10;        at sun.nio.ch.EPollArrayWrapper.epollWait(Native Method)&#10;        at sun.nio.ch.EPollArrayWrapper.poll(EPollArrayWrapper.java:269)&#10;        at sun.nio.ch.EPollSelectorImpl.doSelect(EPollSelectorImpl.java:93)&#10;        at sun.nio.ch.SelectorImpl.lockAndDoSelect(SelectorImpl.java:86)&#10;        at sun.nio.ch.SelectorImpl.select(SelectorImpl.java:97)&#10;        at sun.nio.ch.SelectorImpl.select(SelectorImpl.java:101)&#10;        at org.eclipse.jetty.io.ManagedSelector.nioSelect(ManagedSelector.java:183)&#10;        at org.eclipse.jetty.io.ManagedSelector.select(ManagedSelector.java:190)&#10;        at org.eclipse.jetty.io.ManagedSelector$SelectorProducer.select(ManagedSelector.java:606)&#10;        at org.eclipse.jetty.io.ManagedSelector$SelectorProducer.produce(ManagedSelector.java:543)&#10;        at org.eclipse.jetty.util.thread.strategy.EatWhatYouKill.produceTask(EatWhatYouKill.java:362)&#10;        at org.eclipse.jetty.util.thread.strategy.EatWhatYouKill.doProduce(EatWhatYouKill.java:186)&#10;        at org.eclipse.jetty.util.thread.strategy.EatWhatYouKill.tryProduce(EatWhatYouKill.java:173)&#10;        at org.eclipse.jetty.util.thread.strategy.EatWhatYouKill.produce(EatWhatYouKill.java:137)&#10;        at org.eclipse.jetty.io.ManagedSelector$$Lambda$644/1993482475.run(Unknown Source)&#10;        at org.eclipse.jetty.util.thread.QueuedThreadPool.runJob(QueuedThreadPool.java:883)&#10;        at org.eclipse.jetty.util.thread.QueuedThreadPool$Runner.run(QueuedThreadPool.java:1034)&#10;        at java.lang.Thread.run(Thread.java:748)&#10;&quot;SCMBlockDeletingService#0&quot; daemon prio=5 tid=91 timed_waiting&#10;java.lang.Thread.State: TIMED_WAITING&#10;        at sun.misc.Unsafe.park(Native Method)&#10;        at java.util.concurrent.locks.LockSupport.parkNanos(LockSupport.java:215)&#10;        at java.util.concurrent.locks.AbstractQueuedSynchronizer$ConditionObject.awaitNanos(AbstractQueuedSynchronizer.java:2078)&#10;        at java.util.concurrent.ScheduledThreadPoolExecutor$DelayedWorkQueue.take(ScheduledThreadPoolExecutor.java:1093)&#10;        at java.util.concurrent.ScheduledThreadPoolExecutor$DelayedWorkQueue.take(ScheduledThreadPoolExecutor.java:809)&#10;        at java.util.concurrent.ThreadPoolExecutor.getTask(ThreadPoolExecutor.java:1074)&#10;        at java.util.concurrent.ThreadPoolExecutor.runWorker(ThreadPoolExecutor.java:1134)&#10;        at java.util.concurrent.ThreadPoolExecutor$Worker.run(ThreadPoolExecutor.java:624)&#10;        at java.lang.Thread.run(Thread.java:748)&#10;&quot;Datanode State Machine Daemon Thread&quot; daemon prio=5 tid=3445 timed_waiting&#10;java.lang.Thread.State: TIMED_WAITING&#10;        at java.lang.Thread.sleep(Native Method)&#10;        at org.apache.hadoop.ozone.container.common.statemachine.DatanodeStateMachine.start(DatanodeStateMachine.java:298)&#10;        at org.apache.hadoop.ozone.container.common.statemachine.DatanodeStateMachine.lambda$startDaemon$0(DatanodeStateMachine.java:471)&#10;        at org.apache.hadoop.ozone.container.common.statemachine.DatanodeStateMachine$$Lambda$710/1974321070.run(Unknown Source)&#10;        at java.lang.Thread.run(Thread.java:748)&#10;&quot;Session-HouseKeeper-58693706-1&quot;  prio=5 tid=3533 timed_waiting&#10;java.lang.Thread.State: TIMED_WAITING&#10;        at sun.misc.Unsafe.park(Native Method)&#10;        at java.util.concurrent.locks.LockSupport.parkNanos(LockSupport.java:215)&#10;        at java.util.concurrent.locks.AbstractQueuedSynchronizer$ConditionObject.awaitNanos(AbstractQueuedSynchronizer.java:2078)&#10;        at java.util.concurrent.ScheduledThreadPoolExecutor$DelayedWorkQueue.take(ScheduledThreadPoolExecutor.java:1093)&#10;        at java.util.concurrent.ScheduledThreadPoolExecutor$DelayedWorkQueue.take(ScheduledThreadPoolExecutor.java:809)&#10;        at java.util.concurrent.ThreadPoolExecutor.getTask(ThreadPoolExecutor.java:1074)&#10;        at java.util.concurrent.ThreadPoolExecutor.runWorker(ThreadPoolExecutor.java:1134)&#10;        at java.util.concurrent.ThreadPoolExecutor$Worker.run(ThreadPoolExecutor.java:624)&#10;        at java.lang.Thread.run(Thread.java:748)&#10;&quot;IPC Server Responder&quot; daemon prio=5 tid=37 runnable&#10;java.lang.Thread.State: RUNNABLE&#10;        at sun.nio.ch.EPollArrayWrapper.epollWait(Native Method)&#10;        at sun.nio.ch.EPollArrayWrapper.poll(EPollArrayWrapper.java:269)&#10;        at sun.nio.ch.EPollSelectorImpl.doSelect(EPollSelectorImpl.java:93)&#10;        at sun.nio.ch.SelectorImpl.lockAndDoSelect(SelectorImpl.java:86)&#10;        at sun.nio.ch.SelectorImpl.select(SelectorImpl.java:97)&#10;        at org.apache.hadoop.ipc.Server$Responder.doRunLoop(Server.java:1527)&#10;        at org.apache.hadoop.ipc.Server$Responder.run(Server.java:1510)&#10;&quot;IPC Server handler 6 on default port 41883&quot; daemon prio=5 tid=77 timed_waiting&#10;java.lang.Thread.State: TIMED_WAITING&#10;        at sun.misc.Unsafe.park(Native Method)&#10;        at java.util.concurrent.locks.LockSupport.parkNanos(LockSupport.java:215)&#10;        at java.util.concurrent.locks.AbstractQueuedSynchronizer$ConditionObject.awaitNanos(AbstractQueuedSynchronizer.java:2078)&#10;        at java.util.concurrent.LinkedBlockingQueue.poll(LinkedBlockingQueue.java:467)&#10;        at org.apache.hadoop.ipc.CallQueueManager.take(CallQueueManager.java:317)&#10;        at org.apache.hadoop.ipc.Server$Handler.run(Server.java:2932)&#10;&quot;IPC Server handler 2 on default port 41663&quot; daemon prio=5 tid=53 timed_waiting&#10;java.lang.Thread.State: TIMED_WAITING&#10;        at sun.misc.Unsafe.park(Native Method)&#10;        at java.util.concurrent.locks.LockSupport.parkNanos(LockSupport.java:215)&#10;        at java.util.concurrent.locks.AbstractQueuedSynchronizer$ConditionObject.awaitNanos(AbstractQueuedSynchronizer.java:2078)&#10;        at java.util.concurrent.LinkedBlockingQueue.poll(LinkedBlockingQueue.java:467)&#10;        at org.apache.hadoop.ipc.CallQueueManager.take(CallQueueManager.java:317)&#10;        at org.apache.hadoop.ipc.Server$Handler.run(Server.java:2932)&#10;&quot;IPC Server handler 10 on default port 44503&quot; daemon prio=5 tid=120 timed_waiting&#10;java.lang.Thread.State: TIMED_WAITING&#10;        at sun.misc.Unsafe.park(Native Method)&#10;        at java.util.concurrent.locks.LockSupport.parkNanos(LockSupport.java:215)&#10;        at java.util.concurrent.locks.AbstractQueuedSynchronizer$ConditionObject.awaitNanos(AbstractQueuedSynchronizer.java:2078)&#10;        at java.util.concurrent.LinkedBlockingQueue.poll(LinkedBlockingQueue.java:467)&#10;        at org.apache.hadoop.ipc.CallQueueManager.take(CallQueueManager.java:317)&#10;        at org.apache.hadoop.ipc.Server$Handler.run(Server.java:2932)&#10;&quot;Session-HouseKeeper-12387c79-1&quot;  prio=5 tid=154 timed_waiting&#10;java.lang.Thread.State: TIMED_WAITING&#10;        at sun.misc.Unsafe.park(Native Method)&#10;        at java.util.concurrent.locks.LockSupport.parkNanos(LockSupport.java:215)&#10;        at java.util.concurrent.locks.AbstractQueuedSynchronizer$ConditionObject.awaitNanos(AbstractQueuedSynchronizer.java:2078)&#10;        at java.util.concurrent.ScheduledThreadPoolExecutor$DelayedWorkQueue.take(ScheduledThreadPoolExecutor.java:1093)&#10;        at java.util.concurrent.ScheduledThreadPoolExecutor$DelayedWorkQueue.take(ScheduledThreadPoolExecutor.java:809)&#10;        at java.util.concurrent.ThreadPoolExecutor.getTask(ThreadPoolExecutor.java:1074)&#10;        at java.util.concurrent.ThreadPoolExecutor.runWorker(ThreadPoolExecutor.java:1134)&#10;        at java.util.concurrent.ThreadPoolExecutor$Worker.run(ThreadPoolExecutor.java:624)&#10;        at java.lang.Thread.run(Thread.java:748)&#10;&quot;IPC Server handler 19 on default port 44503&quot; daemon prio=5 tid=129 timed_waiting&#10;java.lang.Thread.State: TIMED_WAITING&#10;        at sun.misc.Unsafe.park(Native Method)&#10;        at java.util.concurrent.locks.LockSupport.parkNanos(LockSupport.java:215)&#10;        at java.util.concurrent.locks.AbstractQueuedSynchronizer$ConditionObject.awaitNanos(AbstractQueuedSynchronizer.java:2078)&#10;        at java.util.concurrent.LinkedBlockingQueue.poll(LinkedBlockingQueue.java:467)&#10;        at org.apache.hadoop.ipc.CallQueueManager.take(CallQueueManager.java:317)&#10;        at org.apache.hadoop.ipc.Server$Handler.run(Server.java:2932)&#10;&quot;EventQueue-OpenPipelineForHealthyPipelineSafeModeRule&quot; daemon prio=5 tid=299 in Object.wait()&#10;java.lang.Thread.State: WAITING (on object monitor)&#10;        at sun.misc.Unsafe.park(Native Method)&#10;        at java.util.concurrent.locks.LockSupport.park(LockSupport.java:175)&#10;        at java.util.concurrent.locks.AbstractQueuedSynchronizer$ConditionObject.await(AbstractQueuedSynchronizer.java:2039)&#10;        at java.util.concurrent.LinkedBlockingQueue.take(LinkedBlockingQueue.java:442)&#10;        at java.util.concurrent.ThreadPoolExecutor.getTask(ThreadPoolExecutor.java:1074)&#10;        at java.util.concurrent.ThreadPoolExecutor.runWorker(ThreadPoolExecutor.java:1134)&#10;        at java.util.concurrent.ThreadPoolExecutor$Worker.run(ThreadPoolExecutor.java:624)&#10;        at java.lang.Thread.run(Thread.java:748)&#10;&quot;Datanode ReportManager Thread - 2&quot; daemon prio=5 tid=221 in Object.wait()&#10;java.lang.Thread.State: WAITING (on object monitor)&#10;        at sun.misc.Unsafe.park(Native Method)&#10;        at java.util.concurrent.locks.LockSupport.park(LockSupport.java:175)&#10;        at java.util.concurrent.locks.AbstractQueuedSynchronizer$ConditionObject.await(AbstractQueuedSynchronizer.java:2039)&#10;        at java.util.concurrent.ScheduledThreadPoolExecutor$DelayedWorkQueue.take(ScheduledThreadPoolExecutor.java:1088)&#10;        at java.util.concurrent.ScheduledThreadPoolExecutor$DelayedWorkQueue.take(ScheduledThreadPoolExecutor.java:809)&#10;        at java.util.concurrent.ThreadPoolExecutor.getTask(ThreadPoolExecutor.java:1074)&#10;        at java.util.concurrent.ThreadPoolExecutor.runWorker(ThreadPoolExecutor.java:1134)&#10;        at java.util.concurrent.ThreadPoolExecutor$Worker.run(ThreadPoolExecutor.java:624)&#10;        at java.lang.Thread.run(Thread.java:748)&#10;&quot;IPC Server handler 7 on default port 41663&quot; daemon prio=5 tid=58 timed_waiting&#10;java.lang.Thread.State: TIMED_WAITING&#10;        at sun.misc.Unsafe.park(Native Method)&#10;        at java.util.concurrent.locks.LockSupport.parkNanos(LockSupport.java:215)&#10;        at java.util.concurrent.locks.AbstractQueuedSynchronizer$ConditionObject.awaitNanos(AbstractQueuedSynchronizer.java:2078)&#10;        at java.util.concurrent.LinkedBlockingQueue.poll(LinkedBlockingQueue.java:467)&#10;        at org.apache.hadoop.ipc.CallQueueManager.take(CallQueueManager.java:317)&#10;        at org.apache.hadoop.ipc.Server$Handler.run(Server.java:2932)&#10;&quot;OM StateMachine ApplyTransaction Thread - 0&quot; daemon prio=5 tid=382 in Object.wait()&#10;java.lang.Thread.State: WAITING (on object monitor)&#10;        at sun.misc.Unsafe.park(Native Method)&#10;        at java.util.concurrent.locks.LockSupport.park(LockSupport.java:175)&#10;        at java.util.concurrent.locks.AbstractQueuedSynchronizer$ConditionObject.await(AbstractQueuedSynchronizer.java:2039)&#10;        at java.util.concurrent.LinkedBlockingQueue.take(LinkedBlockingQueue.java:442)&#10;        at java.util.concurrent.ThreadPoolExecutor.getTask(ThreadPoolExecutor.java:1074)&#10;        at java.util.concurrent.ThreadPoolExecutor.runWorker(ThreadPoolExecutor.java:1134)&#10;        at java.util.concurrent.ThreadPoolExecutor$Worker.run(ThreadPoolExecutor.java:624)&#10;        at java.lang.Thread.run(Thread.java:748)&#10;&quot;PartialTableCache Cleanup Thread - 0&quot; daemon prio=5 tid=392 in Object.wait()&#10;java.lang.Thread.State: WAITING (on object monitor)&#10;        at sun.misc.Unsafe.park(Native Method)&#10;        at java.util.concurrent.locks.LockSupport.park(LockSupport.java:175)&#10;        at java.util.concurrent.locks.AbstractQueuedSynchronizer$ConditionObject.await(AbstractQueuedSynchronizer.java:2039)&#10;        at java.util.concurrent.LinkedBlockingQueue.take(LinkedBlockingQueue.java:442)&#10;        at java.util.concurrent.ThreadPoolExecutor.getTask(ThreadPoolExecutor.java:1074)&#10;        at java.util.concurrent.ThreadPoolExecutor.runWorker(ThreadPoolExecutor.java:1134)&#10;        at java.util.concurrent.ThreadPoolExecutor$Worker.run(ThreadPoolExecutor.java:624)&#10;        at java.lang.Thread.run(Thread.java:748)&#10;&quot;IPC Server handler 2 on default port 45631&quot; daemon prio=5 tid=157 timed_waiting&#10;java.lang.Thread.State: TIMED_WAITING&#10;        at sun.misc.Unsafe.park(Native Method)&#10;        at java.util.concurrent.locks.LockSupport.parkNanos(LockSupport.java:215)&#10;        at java.util.concurrent.locks.AbstractQueuedSynchronizer$ConditionObject.awaitNanos(AbstractQueuedSynchronizer.java:2078)&#10;        at java.util.concurrent.LinkedBlockingQueue.poll(LinkedBlockingQueue.java:467)&#10;        at org.apache.hadoop.ipc.CallQueueManager.take(CallQueueManager.java:317)&#10;        at org.apache.hadoop.ipc.Server$Handler.run(Server.java:2932)&#10;&quot;EventQueue-StaleNodeForStaleNodeHandler&quot; daemon prio=5 tid=3420 in Object.wait()&#10;java.lang.Thread.State: WAITING (on object monitor)&#10;        at sun.misc.Unsafe.park(Native Method)&#10;        at java.util.concurrent.locks.LockSupport.park(LockSupport.java:175)&#10;        at java.util.concurrent.locks.AbstractQueuedSynchronizer$ConditionObject.await(AbstractQueuedSynchronizer.java:2039)&#10;        at java.util.concurrent.LinkedBlockingQueue.take(LinkedBlockingQueue.java:442)&#10;        at java.util.concurrent.ThreadPoolExecutor.getTask(ThreadPoolExecutor.java:1074)&#10;        at java.util.concurrent.ThreadPoolExecutor.runWorker(ThreadPoolExecutor.java:1134)&#10;        at java.util.concurrent.ThreadPoolExecutor$Worker.run(ThreadPoolExecutor.java:624)&#10;        at java.lang.Thread.run(Thread.java:748)&#10;&quot;EventQueue-PipelineReportForPipelineReportHandler&quot; daemon prio=5 tid=289 in Object.wait()&#10;java.lang.Thread.State: WAITING (on object monitor)&#10;        at sun.misc.Unsafe.park(Native Method)&#10;        at java.util.concurrent.locks.LockSupport.park(LockSupport.java:175)&#10;        at java.util.concurrent.locks.AbstractQueuedSynchronizer$ConditionObject.await(AbstractQueuedSynchronizer.java:2039)&#10;        at java.util.concurrent.LinkedBlockingQueue.take(LinkedBlockingQueue.java:442)&#10;        at java.util.concurrent.ThreadPoolExecutor.getTask(ThreadPoolExecutor.java:1074)&#10;        at java.util.concurrent.ThreadPoolExecutor.runWorker(ThreadPoolExecutor.java:1134)&#10;        at java.util.concurrent.ThreadPoolExecutor$Worker.run(ThreadPoolExecutor.java:624)&#10;        at java.lang.Thread.run(Thread.java:748)&#10;&quot;org.apache.hadoop.util.JvmPauseMonitor$Monitor@1de36da2&quot; daemon prio=5 tid=175 timed_waiting&#10;java.lang.Thread.State: TIMED_WAITING&#10;        at java.lang.Thread.sleep(Native Method)&#10;        at org.apache.hadoop.util.JvmPauseMonitor$Monitor.run(JvmPauseMonitor.java:192)&#10;        at java.lang.Thread.run(Thread.java:748)&#10;&quot;6bfb9779-376e-41d0-a4a3-df540c6cb1bb@group-899F572A00D9-SegmentedRaftLogWorker&quot;  prio=5 tid=3534 timed_waiting&#10;java.lang.Thread.State: TIMED_WAITING&#10;        at sun.misc.Unsafe.park(Native Method)&#10;        at java.util.concurrent.locks.LockSupport.parkNanos(LockSupport.java:215)&#10;        at java.util.concurrent.locks.AbstractQueuedSynchronizer$ConditionObject.awaitNanos(AbstractQueuedSynchronizer.java:2078)&#10;        at org.apache.ratis.util.DataBlockingQueue.poll(DataBlockingQueue.java:137)&#10;        at org.apache.ratis.server.raftlog.segmented.SegmentedRaftLogWorker.run(SegmentedRaftLogWorker.java:292)&#10;        at org.apache.ratis.server.raftlog.segmented.SegmentedRaftLogWorker$$Lambda$358/232402060.run(Unknown Source)&#10;        at java.lang.Thread.run(Thread.java:748)&#10;&quot;IPC Server handler 2 on default port 44503&quot; daemon prio=5 tid=112 timed_waiting&#10;java.lang.Thread.State: TIMED_WAITING&#10;        at sun.misc.Unsafe.park(Native Method)&#10;        at java.util.concurrent.locks.LockSupport.parkNanos(LockSupport.java:215)&#10;        at java.util.concurrent.locks.AbstractQueuedSynchronizer$ConditionObject.awaitNanos(AbstractQueuedSynchronizer.java:2078)&#10;        at java.util.concurrent.LinkedBlockingQueue.poll(LinkedBlockingQueue.java:467)&#10;        at org.apache.hadoop.ipc.CallQueueManager.take(CallQueueManager.java:317)&#10;        at org.apache.hadoop.ipc.Server$Handler.run(Server.java:2932)&#10;&quot;qtp1181152590-3531&quot; daemon prio=5 tid=3531 timed_waiting&#10;java.lang.Thread.State: TIMED_WAITING&#10;        at sun.misc.Unsafe.park(Native Method)&#10;        at java.util.concurrent.locks.LockSupport.parkNanos(LockSupport.java:215)&#10;        at java.util.concurrent.locks.AbstractQueuedSynchronizer$ConditionObject.awaitNanos(AbstractQueuedSynchronizer.java:2078)&#10;        at org.eclipse.jetty.util.BlockingArrayQueue.poll(BlockingArrayQueue.java:382)&#10;        at org.eclipse.jetty.util.thread.QueuedThreadPool$Runner.idleJobPoll(QueuedThreadPool.java:974)&#10;        at org.eclipse.jetty.util.thread.QueuedThreadPool$Runner.run(QueuedThreadPool.java:1018)&#10;        at java.lang.Thread.run(Thread.java:748)&#10;&quot;Datanode ReportManager Thread - 4&quot; daemon prio=5 tid=223 in Object.wait()&#10;java.lang.Thread.State: WAITING (on object monitor)&#10;        at sun.misc.Unsafe.park(Native Method)&#10;        at java.util.concurrent.locks.LockSupport.park(LockSupport.java:175)&#10;        at java.util.concurrent.locks.AbstractQueuedSynchronizer$ConditionObject.await(AbstractQueuedSynchronizer.java:2039)&#10;        at java.util.concurrent.ScheduledThreadPoolExecutor$DelayedWorkQueue.take(ScheduledThreadPoolExecutor.java:1088)&#10;        at java.util.concurrent.ScheduledThreadPoolExecutor$DelayedWorkQueue.take(ScheduledThreadPoolExecutor.java:809)&#10;        at java.util.concurrent.ThreadPoolExecutor.getTask(ThreadPoolExecutor.java:1074)&#10;        at java.util.concurrent.ThreadPoolExecutor.runWorker(ThreadPoolExecutor.java:1134)&#10;        at java.util.concurrent.ThreadPoolExecutor$Worker.run(ThreadPoolExecutor.java:624)&#10;        at java.lang.Thread.run(Thread.java:748)&#10;&quot;IPC Server handler 5 on default port 45631&quot; daemon prio=5 tid=160 timed_waiting&#10;java.lang.Thread.State: TIMED_WAITING&#10;        at sun.misc.Unsafe.park(Native Method)&#10;        at java.util.concurrent.locks.LockSupport.parkNanos(LockSupport.java:215)&#10;        at java.util.concurrent.locks.AbstractQueuedSynchronizer$ConditionObject.awaitNanos(AbstractQueuedSynchronizer.java:2078)&#10;        at java.util.concurrent.LinkedBlockingQueue.poll(LinkedBlockingQueue.java:467)&#10;        at org.apache.hadoop.ipc.CallQueueManager.take(CallQueueManager.java:317)&#10;        at org.apache.hadoop.ipc.Server$Handler.run(Server.java:2932)&#10;&quot;EventQueue-ContainerReportForContainerReportHandler&quot; daemon prio=5 tid=3487 in Object.wait()&#10;java.lang.Thread.State: WAITING (on object monitor)&#10;        at sun.misc.Unsafe.park(Native Method)&#10;        at java.util.concurrent.locks.LockSupport.park(LockSupport.java:175)&#10;        at java.util.concurrent.locks.AbstractQueuedSynchronizer$ConditionObject.await(AbstractQueuedSynchronizer.java:2039)&#10;        at java.util.concurrent.LinkedBlockingQueue.take(LinkedBlockingQueue.java:442)&#10;        at java.util.concurrent.ThreadPoolExecutor.getTask(ThreadPoolExecutor.java:1074)&#10;        at java.util.concurrent.ThreadPoolExecutor.runWorker(ThreadPoolExecutor.java:1134)&#10;        at java.util.concurrent.ThreadPoolExecutor$Worker.run(ThreadPoolExecutor.java:624)&#10;        at java.lang.Thread.run(Thread.java:748)&#10;&quot;IPC Server handler 13 on default port 44503&quot; daemon prio=5 tid=123 timed_waiting&#10;java.lang.Thread.State: TIMED_WAITING&#10;        at sun.misc.Unsafe.park(Native Method)&#10;        at java.util.concurrent.locks.LockSupport.parkNanos(LockSupport.java:215)&#10;        at java.util.concurrent.locks.AbstractQueuedSynchronizer$ConditionObject.awaitNanos(AbstractQueuedSynchronizer.java:2078)&#10;        at java.util.concurrent.LinkedBlockingQueue.poll(LinkedBlockingQueue.java:467)&#10;        at org.apache.hadoop.ipc.CallQueueManager.take(CallQueueManager.java:317)&#10;        at org.apache.hadoop.ipc.Server$Handler.run(Server.java:2932)&#10;&quot;EndpointStateMachine task thread for /0.0.0.0:44503 - 0 &quot;  prio=5 tid=3550 timed_waiting&#10;java.lang.Thread.State: TIMED_WAITING&#10;        at java.lang.Thread.sleep(Native Method)&#10;        at org.apache.hadoop.ozone.container.ozoneimpl.OzoneContainer.start(OzoneContainer.java:306)&#10;        at org.apache.hadoop.ozone.container.common.states.endpoint.VersionEndpointTask.call(VersionEndpointTask.java:113)&#10;        at org.apache.hadoop.ozone.container.common.states.endpoint.VersionEndpointTask.call(VersionEndpointTask.java:42)&#10;        at java.util.concurrent.FutureTask.run(FutureTask.java:266)&#10;        at java.util.concurrent.ThreadPoolExecutor.runWorker(ThreadPoolExecutor.java:1149)&#10;        at java.util.concurrent.ThreadPoolExecutor$Worker.run(ThreadPoolExecutor.java:624)&#10;        at java.lang.Thread.run(Thread.java:748)&#10;&quot;IPC Server handler 10 on default port 41663&quot; daemon prio=5 tid=61 timed_waiting&#10;java.lang.Thread.State: TIMED_WAITING&#10;        at sun.misc.Unsafe.park(Native Method)&#10;        at java.util.concurrent.locks.LockSupport.parkNanos(LockSupport.java:215)&#10;        at java.util.concurrent.locks.AbstractQueuedSynchronizer$ConditionObject.awaitNanos(AbstractQueuedSynchronizer.java:2078)&#10;        at java.util.concurrent.LinkedBlockingQueue.poll(LinkedBlockingQueue.java:467)&#10;        at org.apache.hadoop.ipc.CallQueueManager.take(CallQueueManager.java:317)&#10;        at org.apache.hadoop.ipc.Server$Handler.run(Server.java:2932)&#10;&quot;qtp1223954869-3434&quot; daemon prio=5 tid=3434 timed_waiting&#10;java.lang.Thread.State: TIMED_WAITING&#10;        at sun.misc.Unsafe.park(Native Method)&#10;        at java.util.concurrent.locks.LockSupport.parkNanos(LockSupport.java:215)&#10;        at java.util.concurrent.locks.AbstractQueuedSynchronizer$ConditionObject.awaitNanos(AbstractQueuedSynchronizer.java:2078)&#10;        at org.eclipse.jetty.util.BlockingArrayQueue.poll(BlockingArrayQueue.java:382)&#10;        at org.eclipse.jetty.util.thread.QueuedThreadPool$Runner.idleJobPoll(QueuedThreadPool.java:974)&#10;        at org.eclipse.jetty.util.thread.QueuedThreadPool$Runner.run(QueuedThreadPool.java:1018)&#10;        at java.lang.Thread.run(Thread.java:748)&#10;&quot;Datanode ReportManager Thread - 4&quot; daemon prio=5 tid=250 in Object.wait()&#10;java.lang.Thread.State: WAITING (on object monitor)&#10;        at sun.misc.Unsafe.park(Native Method)&#10;        at java.util.concurrent.locks.LockSupport.park(LockSupport.java:175)&#10;        at java.util.concurrent.locks.AbstractQueuedSynchronizer$ConditionObject.await(AbstractQueuedSynchronizer.java:2039)&#10;        at java.util.concurrent.ScheduledThreadPoolExecutor$DelayedWorkQueue.take(ScheduledThreadPoolExecutor.java:1088)&#10;        at java.util.concurrent.ScheduledThreadPoolExecutor$DelayedWorkQueue.take(ScheduledThreadPoolExecutor.java:809)&#10;        at java.util.concurrent.ThreadPoolExecutor.getTask(ThreadPoolExecutor.java:1074)&#10;        at java.util.concurrent.ThreadPoolExecutor.runWorker(ThreadPoolExecutor.java:1134)&#10;        at java.util.concurrent.ThreadPoolExecutor$Worker.run(ThreadPoolExecutor.java:624)&#10;        at java.lang.Thread.run(Thread.java:748)&#10;&quot;IPC Server handler 2 on default port 41883&quot; daemon prio=5 tid=73 timed_waiting&#10;java.lang.Thread.State: TIMED_WAITING&#10;        at sun.misc.Unsafe.park(Native Method)&#10;        at java.util.concurrent.locks.LockSupport.parkNanos(LockSupport.java:215)&#10;        at java.util.concurrent.locks.AbstractQueuedSynchronizer$ConditionObject.awaitNanos(AbstractQueuedSynchronizer.java:2078)&#10;        at java.util.concurrent.LinkedBlockingQueue.poll(LinkedBlockingQueue.java:467)&#10;        at org.apache.hadoop.ipc.CallQueueManager.take(CallQueueManager.java:317)&#10;        at org.apache.hadoop.ipc.Server$Handler.run(Server.java:2932)&#10;&quot;fb2bbb8d-0a43-4468-9762-35835c6ecdd5@group-EA466064A84A-StateMachineUpdater&quot; daemon prio=5 tid=3501 in Object.wait()&#10;java.lang.Thread.State: WAITING (on object monitor)&#10;        at java.lang.Object.wait(Native Method)&#10;        at java.lang.Object.wait(Object.java:502)&#10;        at org.apache.ratis.server.impl.StateMachineUpdater.waitForCommit(StateMachineUpdater.java:204)&#10;        at org.apache.ratis.server.impl.StateMachineUpdater.run(StateMachineUpdater.java:173)&#10;        at java.lang.Thread.run(Thread.java:748)&#10;&quot;qtp1436718473-96&quot; daemon prio=5 tid=96 timed_waiting&#10;java.lang.Thread.State: TIMED_WAITING&#10;        at sun.misc.Unsafe.park(Native Method)&#10;        at java.util.concurrent.locks.LockSupport.parkNanos(LockSupport.java:215)&#10;        at java.util.concurrent.locks.AbstractQueuedSynchronizer$ConditionObject.awaitNanos(AbstractQueuedSynchronizer.java:2078)&#10;        at org.eclipse.jetty.util.BlockingArrayQueue.poll(BlockingArrayQueue.java:382)&#10;        at org.eclipse.jetty.util.thread.QueuedThreadPool$Runner.idleJobPoll(QueuedThreadPool.java:974)&#10;        at org.eclipse.jetty.util.thread.QueuedThreadPool$Runner.run(QueuedThreadPool.java:1018)&#10;        at java.lang.Thread.run(Thread.java:748)&#10;&quot;qtp1181152590-3526-acceptor-0@d107fd4-ServerConnector@34709b11{HTTP/1.1, (http/1.1)}{0.0.0.0:36145}&quot; daemon prio=3 tid=3526 runnable&#10;java.lang.Thread.State: RUNNABLE&#10;        at sun.nio.ch.ServerSocketChannelImpl.accept0(Native Method)&#10;        at sun.nio.ch.ServerSocketChannelImpl.accept(ServerSocketChannelImpl.java:421)&#10;        at sun.nio.ch.ServerSocketChannelImpl.accept(ServerSocketChannelImpl.java:249)&#10;        at org.eclipse.jetty.server.ServerConnector.accept(ServerConnector.java:388)&#10;        at org.eclipse.jetty.server.AbstractConnector$Acceptor.run(AbstractConnector.java:702)&#10;        at org.eclipse.jetty.util.thread.QueuedThreadPool.runJob(QueuedThreadPool.java:883)&#10;        at org.eclipse.jetty.util.thread.QueuedThreadPool$Runner.run(QueuedThreadPool.java:1034)&#10;        at java.lang.Thread.run(Thread.java:748)&#10;&quot;RatisPipelineUtilsThread - 0&quot;  prio=5 tid=30 timed_waiting&#10;java.lang.Thread.State: TIMED_WAITING&#10;        at java.lang.Object.wait(Native Method)&#10;        at org.apache.hadoop.hdds.scm.pipeline.BackgroundPipelineCreator.run(BackgroundPipelineCreator.java:183)&#10;        at org.apache.hadoop.hdds.scm.pipeline.BackgroundPipelineCreator$$Lambda$570/1051786632.run(Unknown Source)&#10;        at java.lang.Thread.run(Thread.java:748)&#10;&quot;pool-402-thread-1&quot; daemon prio=5 tid=3425 timed_waiting&#10;java.lang.Thread.State: TIMED_WAITING&#10;        at sun.misc.Unsafe.park(Native Method)&#10;        at java.util.concurrent.locks.LockSupport.parkNanos(LockSupport.java:215)&#10;        at java.util.concurrent.locks.AbstractQueuedSynchronizer$ConditionObject.awaitNanos(AbstractQueuedSynchronizer.java:2078)&#10;        at java.util.concurrent.ScheduledThreadPoolExecutor$DelayedWorkQueue.take(ScheduledThreadPoolExecutor.java:1093)&#10;        at java.util.concurrent.ScheduledThreadPoolExecutor$DelayedWorkQueue.take(ScheduledThreadPoolExecutor.java:809)&#10;        at java.util.concurrent.ThreadPoolExecutor.getTask(ThreadPoolExecutor.java:1074)&#10;        at java.util.concurrent.ThreadPoolExecutor.runWorker(ThreadPoolExecutor.java:1134)&#10;        at java.util.concurrent.ThreadPoolExecutor$Worker.run(ThreadPoolExecutor.java:624)&#10;        at java.lang.Thread.run(Thread.java:748)&#10;&quot;EventQueue-DatanodeCommandForSCMNodeManager&quot;  prio=5 tid=291 in Object.wait()&#10;java.lang.Thread.State: WAITING (on object monitor)&#10;        at sun.misc.Unsafe.park(Native Method)&#10;        at java.util.concurrent.locks.LockSupport.park(LockSupport.java:175)&#10;        at java.util.concurrent.locks.AbstractQueuedSynchronizer$ConditionObject.await(AbstractQueuedSynchronizer.java:2039)&#10;        at java.util.concurrent.LinkedBlockingQueue.take(LinkedBlockingQueue.java:442)&#10;        at java.util.concurrent.ThreadPoolExecutor.getTask(ThreadPoolExecutor.java:1074)&#10;        at java.util.concurrent.ThreadPoolExecutor.runWorker(ThreadPoolExecutor.java:1134)&#10;        at java.util.concurrent.ThreadPoolExecutor$Worker.run(ThreadPoolExecutor.java:624)&#10;        at java.lang.Thread.run(Thread.java:748)&#10;&quot;EventQueue-ContainerReportForContainerReportHandler&quot; daemon prio=5 tid=294 in Object.wait()&#10;java.lang.Thread.State: WAITING (on object monitor)&#10;        at sun.misc.Unsafe.park(Native Method)&#10;        at java.util.concurrent.locks.LockSupport.park(LockSupport.java:175)&#10;        at java.util.concurrent.locks.AbstractQueuedSynchronizer$ConditionObject.await(AbstractQueuedSynchronizer.java:2039)&#10;        at java.util.concurrent.LinkedBlockingQueue.take(LinkedBlockingQueue.java:442)&#10;        at java.util.concurrent.ThreadPoolExecutor.getTask(ThreadPoolExecutor.java:1074)&#10;        at java.util.concurrent.ThreadPoolExecutor.runWorker(ThreadPoolExecutor.java:1134)&#10;        at java.util.concurrent.ThreadPoolExecutor$Worker.run(ThreadPoolExecutor.java:624)&#10;        at java.lang.Thread.run(Thread.java:748)&#10;&quot;IPC Parameter Sending Thread #1&quot; daemon prio=5 tid=498 timed_waiting&#10;java.lang.Thread.State: TIMED_WAITING&#10;        at sun.misc.Unsafe.park(Native Method)&#10;        at java.util.concurrent.locks.LockSupport.parkNanos(LockSupport.java:215)&#10;        at java.util.concurrent.SynchronousQueue$TransferStack.awaitFulfill(SynchronousQueue.java:460)&#10;        at java.util.concurrent.SynchronousQueue$TransferStack.transfer(SynchronousQueue.java:362)&#10;        at java.util.concurrent.SynchronousQueue.poll(SynchronousQueue.java:941)&#10;        at java.util.concurrent.ThreadPoolExecutor.getTask(ThreadPoolExecutor.java:1073)&#10;        at java.util.concurrent.ThreadPoolExecutor.runWorker(ThreadPoolExecutor.java:1134)&#10;        at java.util.concurrent.ThreadPoolExecutor$Worker.run(ThreadPoolExecutor.java:624)&#10;        at java.lang.Thread.run(Thread.java:748)&#10;&quot;Timer-0&quot;  prio=5 tid=142 timed_waiting&#10;java.lang.Thread.State: TIMED_WAITING&#10;        at java.lang.Object.wait(Native Method)&#10;        at java.util.TimerThread.mainLoop(Timer.java:552)&#10;        at java.util.TimerThread.run(Timer.java:505)&#10;&quot;IPC Server handler 8 on default port 41883&quot; daemon prio=5 tid=79 timed_waiting&#10;java.lang.Thread.State: TIMED_WAITING&#10;        at sun.misc.Unsafe.park(Native Method)&#10;        at java.util.concurrent.locks.LockSupport.parkNanos(LockSupport.java:215)&#10;        at java.util.concurrent.locks.AbstractQueuedSynchronizer$ConditionObject.awaitNanos(AbstractQueuedSynchronizer.java:2078)&#10;        at java.util.concurrent.LinkedBlockingQueue.poll(LinkedBlockingQueue.java:467)&#10;        at org.apache.hadoop.ipc.CallQueueManager.take(CallQueueManager.java:317)&#10;        at org.apache.hadoop.ipc.Server$Handler.run(Server.java:2932)&#10;&quot;EventQueue-ContainerReportForContainerReportHandler&quot; daemon prio=5 tid=286 in Object.wait()&#10;java.lang.Thread.State: WAITING (on object monitor)&#10;        at sun.misc.Unsafe.park(Native Method)&#10;        at java.util.concurrent.locks.LockSupport.park(LockSupport.java:175)&#10;        at java.util.concurrent.locks.AbstractQueuedSynchronizer$ConditionObject.await(AbstractQueuedSynchronizer.java:2039)&#10;        at java.util.concurrent.LinkedBlockingQueue.take(LinkedBlockingQueue.java:442)&#10;        at java.util.concurrent.ThreadPoolExecutor.getTask(ThreadPoolExecutor.java:1074)&#10;        at java.util.concurrent.ThreadPoolExecutor.runWorker(ThreadPoolExecutor.java:1134)&#10;        at java.util.concurrent.ThreadPoolExecutor$Worker.run(ThreadPoolExecutor.java:624)&#10;        at java.lang.Thread.run(Thread.java:748)&#10;&quot;IPC Server handler 15 on default port 45631&quot; daemon prio=5 tid=170 timed_waiting&#10;java.lang.Thread.State: TIMED_WAITING&#10;        at sun.misc.Unsafe.park(Native Method)&#10;        at java.util.concurrent.locks.LockSupport.parkNanos(LockSupport.java:215)&#10;        at java.util.concurrent.locks.AbstractQueuedSynchronizer$ConditionObject.awaitNanos(AbstractQueuedSynchronizer.java:2078)&#10;        at java.util.concurrent.LinkedBlockingQueue.poll(LinkedBlockingQueue.java:467)&#10;        at org.apache.hadoop.ipc.CallQueueManager.take(CallQueueManager.java:317)&#10;        at org.apache.hadoop.ipc.Server$Handler.run(Server.java:2932)&#10;&quot;pool-47-thread-1&quot;  prio=5 tid=145 timed_waiting&#10;java.lang.Thread.State: TIMED_WAITING&#10;        at sun.misc.Unsafe.park(Native Method)&#10;        at java.util.concurrent.locks.LockSupport.parkNanos(LockSupport.java:215)&#10;        at java.util.concurrent.locks.AbstractQueuedSynchronizer$ConditionObject.awaitNanos(AbstractQueuedSynchronizer.java:2078)&#10;        at java.util.concurrent.ScheduledThreadPoolExecutor$DelayedWorkQueue.take(ScheduledThreadPoolExecutor.java:1093)&#10;        at java.util.concurrent.ScheduledThreadPoolExecutor$DelayedWorkQueue.take(ScheduledThreadPoolExecutor.java:809)&#10;        at java.util.concurrent.ThreadPoolExecutor.getTask(ThreadPoolExecutor.java:1074)&#10;        at java.util.concurrent.ThreadPoolExecutor.runWorker(ThreadPoolExecutor.java:1134)&#10;        at java.util.concurrent.ThreadPoolExecutor$Worker.run(ThreadPoolExecutor.java:624)&#10;        at java.lang.Thread.run(Thread.java:748)&#10;&quot;org.apache.ratis.util.JvmPauseMonitor$$Lambda$422/111819772@23bd58ba&quot; daemon prio=5 tid=3476 timed_waiting&#10;java.lang.Thread.State: TIMED_WAITING&#10;        at java.lang.Thread.sleep(Native Method)&#10;        at java.lang.Thread.sleep(Thread.java:340)&#10;        at java.util.concurrent.TimeUnit.sleep(TimeUnit.java:386)&#10;        at org.apache.ratis.util.TimeDuration.sleep(TimeDuration.java:324)&#10;        at org.apache.ratis.util.TimeDuration.sleep(TimeDuration.java:309)&#10;        at org.apache.ratis.util.JvmPauseMonitor.detectPause(JvmPauseMonitor.java:117)&#10;        at org.apache.ratis.util.JvmPauseMonitor.run(JvmPauseMonitor.java:106)&#10;        at org.apache.ratis.util.JvmPauseMonitor$$Lambda$422/111819772.run(Unknown Source)&#10;        at java.lang.Thread.run(Thread.java:748)&#10;&quot;IPC Server handler 4 on default port 41883&quot; daemon prio=5 tid=75 timed_waiting&#10;java.lang.Thread.State: TIMED_WAITING&#10;        at sun.misc.Unsafe.park(Native Method)&#10;        at java.util.concurrent.locks.LockSupport.parkNanos(LockSupport.java:215)&#10;        at java.util.concurrent.locks.AbstractQueuedSynchronizer$ConditionObject.awaitNanos(AbstractQueuedSynchronizer.java:2078)&#10;        at java.util.concurrent.LinkedBlockingQueue.poll(LinkedBlockingQueue.java:467)&#10;        at org.apache.hadoop.ipc.CallQueueManager.take(CallQueueManager.java:317)&#10;        at org.apache.hadoop.ipc.Server$Handler.run(Server.java:2932)&#10;&quot;IPC Server handler 0 on default port 41663&quot; daemon prio=5 tid=51 timed_waiting&#10;java.lang.Thread.State: TIMED_WAITING&#10;        at sun.misc.Unsafe.park(Native Method)&#10;        at java.util.concurrent.locks.LockSupport.parkNanos(LockSupport.java:215)&#10;        at java.util.concurrent.locks.AbstractQueuedSynchronizer$ConditionObject.awaitNanos(AbstractQueuedSynchronizer.java:2078)&#10;        at java.util.concurrent.LinkedBlockingQueue.poll(LinkedBlockingQueue.java:467)&#10;        at org.apache.hadoop.ipc.CallQueueManager.take(CallQueueManager.java:317)&#10;        at org.apache.hadoop.ipc.Server$Handler.run(Server.java:2932)&#10;&quot;ChunkWriter-3-0&quot; daemon prio=5 tid=3554 in Object.wait()&#10;java.lang.Thread.State: WAITING (on object monitor)&#10;        at sun.misc.Unsafe.park(Native Method)&#10;        at java.util.concurrent.locks.LockSupport.park(LockSupport.java:175)&#10;        at java.util.concurrent.locks.AbstractQueuedSynchronizer$ConditionObject.await(AbstractQueuedSynchronizer.java:2039)&#10;        at java.util.concurrent.LinkedBlockingDeque.takeFirst(LinkedBlockingDeque.java:492)&#10;        at java.util.concurrent.LinkedBlockingDeque.take(LinkedBlockingDeque.java:680)&#10;        at java.util.concurrent.ThreadPoolExecutor.getTask(ThreadPoolExecutor.java:1074)&#10;        at java.util.concurrent.ThreadPoolExecutor.runWorker(ThreadPoolExecutor.java:1134)&#10;        at java.util.concurrent.ThreadPoolExecutor$Worker.run(ThreadPoolExecutor.java:624)&#10;        at java.lang.Thread.run(Thread.java:748)&#10;&quot;Socket Reader #1 for port 0&quot;  prio=5 tid=35 runnable&#10;java.lang.Thread.State: RUNNABLE&#10;        at sun.nio.ch.EPollArrayWrapper.epollWait(Native Method)&#10;        at sun.nio.ch.EPollArrayWrapper.poll(EPollArrayWrapper.java:269)&#10;        at sun.nio.ch.EPollSelectorImpl.doSelect(EPollSelectorImpl.java:93)&#10;        at sun.nio.ch.SelectorImpl.lockAndDoSelect(SelectorImpl.java:86)&#10;        at sun.nio.ch.SelectorImpl.select(SelectorImpl.java:97)&#10;        at sun.nio.ch.SelectorImpl.select(SelectorImpl.java:101)&#10;        at org.apache.hadoop.ipc.Server$Listener$Reader.doRunLoop(Server.java:1288)&#10;        at org.apache.hadoop.ipc.Server$Listener$Reader.run(Server.java:1267)&#10;&quot;org.apache.ratis.util.JvmPauseMonitor$$Lambda$422/111819772@4ed56cfd&quot; daemon prio=5 tid=141 timed_waiting&#10;java.lang.Thread.State: TIMED_WAITING&#10;        at java.lang.Thread.sleep(Native Method)&#10;        at java.lang.Thread.sleep(Thread.java:340)&#10;        at java.util.concurrent.TimeUnit.sleep(TimeUnit.java:386)&#10;        at org.apache.ratis.util.TimeDuration.sleep(TimeDuration.java:324)&#10;        at org.apache.ratis.util.TimeDuration.sleep(TimeDuration.java:309)&#10;        at org.apache.ratis.util.JvmPauseMonitor.detectPause(JvmPauseMonitor.java:117)&#10;        at org.apache.ratis.util.JvmPauseMonitor.run(JvmPauseMonitor.java:106)&#10;        at org.apache.ratis.util.JvmPauseMonitor$$Lambda$422/111819772.run(Unknown Source)&#10;        at java.lang.Thread.run(Thread.java:748)&#10;&quot;IPC Server handler 14 on default port 45631&quot; daemon prio=5 tid=169 timed_waiting&#10;java.lang.Thread.State: TIMED_WAITING&#10;        at sun.misc.Unsafe.park(Native Method)&#10;        at java.util.concurrent.locks.LockSupport.parkNanos(LockSupport.java:215)&#10;        at java.util.concurrent.locks.AbstractQueuedSynchronizer$ConditionObject.awaitNanos(AbstractQueuedSynchronizer.java:2078)&#10;        at java.util.concurrent.LinkedBlockingQueue.poll(LinkedBlockingQueue.java:467)&#10;        at org.apache.hadoop.ipc.CallQueueManager.take(CallQueueManager.java:317)&#10;        at org.apache.hadoop.ipc.Server$Handler.run(Server.java:2932)&#10;&quot;Datanode ReportManager Thread - 1&quot; daemon prio=5 tid=220 in Object.wait()&#10;java.lang.Thread.State: WAITING (on object monitor)&#10;        at sun.misc.Unsafe.park(Native Method)&#10;        at java.util.concurrent.locks.LockSupport.park(LockSupport.java:175)&#10;        at java.util.concurrent.locks.AbstractQueuedSynchronizer$ConditionObject.await(AbstractQueuedSynchronizer.java:2039)&#10;        at java.util.concurrent.ScheduledThreadPoolExecutor$DelayedWorkQueue.take(ScheduledThreadPoolExecutor.java:1088)&#10;        at java.util.concurrent.ScheduledThreadPoolExecutor$DelayedWorkQueue.take(ScheduledThreadPoolExecutor.java:809)&#10;        at java.util.concurrent.ThreadPoolExecutor.getTask(ThreadPoolExecutor.java:1074)&#10;        at java.util.concurrent.ThreadPoolExecutor.runWorker(ThreadPoolExecutor.java:1134)&#10;        at java.util.concurrent.ThreadPoolExecutor$Worker.run(ThreadPoolExecutor.java:624)&#10;        at java.lang.Thread.run(Thread.java:748)&#10;&quot;pool-429-thread-1&quot;  prio=5 tid=3429 timed_waiting&#10;java.lang.Thread.State: TIMED_WAITING&#10;        at sun.misc.Unsafe.park(Native Method)&#10;        at java.util.concurrent.locks.LockSupport.parkNanos(LockSupport.java:215)&#10;        at java.util.concurrent.locks.AbstractQueuedSynchronizer$ConditionObject.awaitNanos(AbstractQueuedSynchronizer.java:2078)&#10;        at java.util.concurrent.ScheduledThreadPoolExecutor$DelayedWorkQueue.take(ScheduledThreadPoolExecutor.java:1093)&#10;        at java.util.concurrent.ScheduledThreadPoolExecutor$DelayedWorkQueue.take(ScheduledThreadPoolExecutor.java:809)&#10;        at java.util.concurrent.ThreadPoolExecutor.getTask(ThreadPoolExecutor.java:1074)&#10;        at java.util.concurrent.ThreadPoolExecutor.runWorker(ThreadPoolExecutor.java:1134)&#10;        at java.util.concurrent.ThreadPoolExecutor$Worker.run(ThreadPoolExecutor.java:624)&#10;        at java.lang.Thread.run(Thread.java:748)&#10;&quot;Listener at 127.0.0.1/45631&quot;  prio=5 tid=1 timed_waiting&#10;java.lang.Thread.State: TIMED_WAITING&#10;        at sun.misc.Unsafe.park(Native Method)&#10;        at java.util.concurrent.locks.LockSupport.parkNanos(LockSupport.java:215)&#10;        at java.util.concurrent.FutureTask.awaitDone(FutureTask.java:426)&#10;        at java.util.concurrent.FutureTask.get(FutureTask.java:204)&#10;        at org.junit.internal.runners.statements.FailOnTimeout.getResult(FailOnTimeout.java:156)&#10;        at org.junit.internal.runners.statements.FailOnTimeout.evaluate(FailOnTimeout.java:129)&#10;        at org.junit.runners.ParentRunner$3.evaluate(ParentRunner.java:306)&#10;        at org.junit.runners.BlockJUnit4ClassRunner$1.evaluate(BlockJUnit4ClassRunner.java:100)&#10;        at org.junit.runners.ParentRunner.runLeaf(ParentRunner.java:366)&#10;        at org.junit.runners.BlockJUnit4ClassRunner.runChild(BlockJUnit4ClassRunner.java:103)&#10;        at org.junit.runners.BlockJUnit4ClassRunner.runChild(BlockJUnit4ClassRunner.java:63)&#10;        at org.junit.runners.ParentRunner$4.run(ParentRunner.java:331)&#10;        at org.junit.runners.ParentRunner$1.schedule(ParentRunner.java:79)&#10;        at org.junit.runners.ParentRunner.runChildren(ParentRunner.java:329)&#10;        at org.junit.runners.ParentRunner.access$100(ParentRunner.java:66)&#10;        at org.junit.runners.ParentRunner$2.evaluate(ParentRunner.java:293)&#10;        at org.junit.internal.runners.statements.RunBefores.evaluate(RunBefores.java:26)&#10;        at org.junit.internal.runners.statements.RunAfters.evaluate(RunAfters.java:27)&#10;        at org.junit.runners.ParentRunner$3.evaluate(ParentRunner.java:306)&#10;        at org.junit.runners.ParentRunner.run(ParentRunner.java:413)&#10;        at org.junit.runner.JUnitCore.run(JUnitCore.java:137)&#10;        at org.junit.runner.JUnitCore.run(JUnitCore.java:115)&#10;        at org.junit.vintage.engine.execution.RunnerExecutor.execute(RunnerExecutor.java:43)&#10;        at org.junit.vintage.engine.VintageTestEngine$$Lambda$194/2004655561.accept(Unknown Source)&#10;        at java.util.stream.ForEachOps$ForEachOp$OfRef.accept(ForEachOps.java:183)&#10;        at java.util.stream.ReferencePipeline$3$1.accept(ReferencePipeline.java:193)&#10;        at java.util.Iterator.forEachRemaining(Iterator.java:116)&#10;        at java.util.Spliterators$IteratorSpliterator.forEachRemaining(Spliterators.java:1801)&#10;        at java.util.stream.AbstractPipeline.copyInto(AbstractPipeline.java:482)&#10;        at java.util.stream.AbstractPipeline.wrapAndCopyInto(AbstractPipeline.java:472)&#10;        at java.util.stream.ForEachOps$ForEachOp.evaluateSequential(ForEachOps.java:150)&#10;        at java.util.stream.ForEachOps$ForEachOp$OfRef.evaluateSequential(ForEachOps.java:173)&#10;        at java.util.stream.AbstractPipeline.evaluate(AbstractPipeline.java:234)&#10;        at java.util.stream.ReferencePipeline.forEach(ReferencePipeline.java:485)&#10;        at org.junit.vintage.engine.VintageTestEngine.executeAllChildren(VintageTestEngine.java:82)&#10;        at org.junit.vintage.engine.VintageTestEngine.execute(VintageTestEngine.java:73)&#10;        at org.junit.platform.launcher.core.EngineExecutionOrchestrator.execute(EngineExecutionOrchestrator.java:108)&#10;        at org.junit.platform.launcher.core.EngineExecutionOrchestrator.execute(EngineExecutionOrchestrator.java:88)&#10;        at org.junit.platform.launcher.core.EngineExecutionOrchestrator.lambda$execute$0(EngineExecutionOrchestrator.java:54)&#10;        at org.junit.platform.launcher.core.EngineExecutionOrchestrator$$Lambda$142/1748097277.accept(Unknown Source)&#10;        at org.junit.platform.launcher.core.EngineExecutionOrchestrator.withInterceptedStreams(EngineExecutionOrchestrator.java:67)&#10;        at org.junit.platform.launcher.core.EngineExecutionOrchestrator.execute(EngineExecutionOrchestrator.java:52)&#10;        at org.junit.platform.launcher.core.DefaultLauncher.execute(DefaultLauncher.java:96)&#10;        at org.junit.platform.launcher.core.DefaultLauncher.execute(DefaultLauncher.java:75)&#10;        at org.apache.maven.surefire.junitplatform.JUnitPlatformProvider.invokeAllTests(JUnitPlatformProvider.java:142)&#10;        at org.apache.maven.surefire.junitplatform.JUnitPlatformProvider.invoke(JUnitPlatformProvider.java:113)&#10;        at org.apache.maven.surefire.booter.ForkedBooter.invokeProviderInSameClassLoader(ForkedBooter.java:384)&#10;        at org.apache.maven.surefire.booter.ForkedBooter.runSuitesInProcess(ForkedBooter.java:345)&#10;        at org.apache.maven.surefire.booter.ForkedBooter.execute(ForkedBooter.java:126)&#10;        at org.apache.maven.surefire.booter.ForkedBooter.main(ForkedBooter.java:418)&#10;&quot;qtp1223954869-3433&quot; daemon prio=5 tid=3433 timed_waiting&#10;java.lang.Thread.State: TIMED_WAITING&#10;        at sun.misc.Unsafe.park(Native Method)&#10;        at java.util.concurrent.locks.LockSupport.parkNanos(LockSupport.java:215)&#10;        at java.util.concurrent.locks.AbstractQueuedSynchronizer$ConditionObject.awaitNanos(AbstractQueuedSynchronizer.java:2078)&#10;        at org.eclipse.jetty.util.BlockingArrayQueue.poll(BlockingArrayQueue.java:382)&#10;        at org.eclipse.jetty.util.thread.QueuedThreadPool$Runner.idleJobPoll(QueuedThreadPool.java:974)&#10;        at org.eclipse.jetty.util.thread.QueuedThreadPool$Runner.run(QueuedThreadPool.java:1018)&#10;        at java.lang.Thread.run(Thread.java:748)&#10;&quot;IPC Server handler 15 on default port 41663&quot; daemon prio=5 tid=66 timed_waiting&#10;java.lang.Thread.State: TIMED_WAITING&#10;        at sun.misc.Unsafe.park(Native Method)&#10;        at java.util.concurrent.locks.LockSupport.parkNanos(LockSupport.java:215)&#10;        at java.util.concurrent.locks.AbstractQueuedSynchronizer$ConditionObject.awaitNanos(AbstractQueuedSynchronizer.java:2078)&#10;        at java.util.concurrent.LinkedBlockingQueue.poll(LinkedBlockingQueue.java:467)&#10;        at org.apache.hadoop.ipc.CallQueueManager.take(CallQueueManager.java:317)&#10;        at org.apache.hadoop.ipc.Server$Handler.run(Server.java:2932)&#10;&quot;qtp1181152590-3530&quot; daemon prio=5 tid=3530 timed_waiting&#10;java.lang.Thread.State: TIMED_WAITING&#10;        at sun.misc.Unsafe.park(Native Method)&#10;        at java.util.concurrent.locks.LockSupport.parkNanos(LockSupport.java:215)&#10;        at java.util.concurrent.locks.AbstractQueuedSynchronizer$ConditionObject.awaitNanos(AbstractQueuedSynchronizer.java:2078)&#10;        at org.eclipse.jetty.util.BlockingArrayQueue.poll(BlockingArrayQueue.java:382)&#10;        at org.eclipse.jetty.util.thread.QueuedThreadPool$Runner.idleJobPoll(QueuedThreadPool.java:974)&#10;        at org.eclipse.jetty.util.thread.QueuedThreadPool$Runner.run(QueuedThreadPool.java:1018)&#10;        at java.lang.Thread.run(Thread.java:748)&#10;&quot;BlockDeletingService#1&quot; daemon prio=5 tid=3479 in Object.wait()&#10;java.lang.Thread.State: WAITING (on object monitor)&#10;        at sun.misc.Unsafe.park(Native Method)&#10;        at java.util.concurrent.locks.LockSupport.park(LockSupport.java:175)&#10;        at java.util.concurrent.locks.AbstractQueuedSynchronizer$ConditionObject.await(AbstractQueuedSynchronizer.java:2039)&#10;        at java.util.concurrent.ScheduledThreadPoolExecutor$DelayedWorkQueue.take(ScheduledThreadPoolExecutor.java:1088)&#10;        at java.util.concurrent.ScheduledThreadPoolExecutor$DelayedWorkQueue.take(ScheduledThreadPoolExecutor.java:809)&#10;        at java.util.concurrent.ThreadPoolExecutor.getTask(ThreadPoolExecutor.java:1074)&#10;        at java.util.concurrent.ThreadPoolExecutor.runWorker(ThreadPoolExecutor.java:1134)&#10;        at java.util.concurrent.ThreadPoolExecutor$Worker.run(ThreadPoolExecutor.java:624)&#10;        at java.lang.Thread.run(Thread.java:748)&#10;&quot;Datanode ReportManager Thread - 1&quot; daemon prio=5 tid=3447 in Object.wait()&#10;java.lang.Thread.State: WAITING (on object monitor)&#10;        at sun.misc.Unsafe.park(Native Method)&#10;        at java.util.concurrent.locks.LockSupport.park(LockSupport.java:175)&#10;        at java.util.concurrent.locks.AbstractQueuedSynchronizer$ConditionObject.await(AbstractQueuedSynchronizer.java:2039)&#10;        at java.util.concurrent.ScheduledThreadPoolExecutor$DelayedWorkQueue.take(ScheduledThreadPoolExecutor.java:1088)&#10;        at java.util.concurrent.ScheduledThreadPoolExecutor$DelayedWorkQueue.take(ScheduledThreadPoolExecutor.java:809)&#10;        at java.util.concurrent.ThreadPoolExecutor.getTask(ThreadPoolExecutor.java:1074)&#10;        at java.util.concurrent.ThreadPoolExecutor.runWorker(ThreadPoolExecutor.java:1134)&#10;        at java.util.concurrent.ThreadPoolExecutor$Worker.run(ThreadPoolExecutor.java:624)&#10;        at java.lang.Thread.run(Thread.java:748)&#10;&quot;Datanode ReportManager Thread - 2&quot; daemon prio=5 tid=248 in Object.wait()&#10;java.lang.Thread.State: WAITING (on object monitor)&#10;        at sun.misc.Unsafe.park(Native Method)&#10;        at java.util.concurrent.locks.LockSupport.park(LockSupport.java:175)&#10;        at java.util.concurrent.locks.AbstractQueuedSynchronizer$ConditionObject.await(AbstractQueuedSynchronizer.java:2039)&#10;        at java.util.concurrent.ScheduledThreadPoolExecutor$DelayedWorkQueue.take(ScheduledThreadPoolExecutor.java:1088)&#10;        at java.util.concurrent.ScheduledThreadPoolExecutor$DelayedWorkQueue.take(ScheduledThreadPoolExecutor.java:809)&#10;        at java.util.concurrent.ThreadPoolExecutor.getTask(ThreadPoolExecutor.java:1074)&#10;        at java.util.concurrent.ThreadPoolExecutor.runWorker(ThreadPoolExecutor.java:1134)&#10;        at java.util.concurrent.ThreadPoolExecutor$Worker.run(ThreadPoolExecutor.java:624)&#10;        at java.lang.Thread.run(Thread.java:748)&#10;&quot;IPC Server handler 12 on default port 41883&quot; daemon prio=5 tid=83 timed_waiting&#10;java.lang.Thread.State: TIMED_WAITING&#10;        at sun.misc.Unsafe.park(Native Method)&#10;        at java.util.concurrent.locks.LockSupport.parkNanos(LockSupport.java:215)&#10;        at java.util.concurrent.locks.AbstractQueuedSynchronizer$ConditionObject.awaitNanos(AbstractQueuedSynchronizer.java:2078)&#10;        at java.util.concurrent.LinkedBlockingQueue.poll(LinkedBlockingQueue.java:467)&#10;        at org.apache.hadoop.ipc.CallQueueManager.take(CallQueueManager.java:317)&#10;        at org.apache.hadoop.ipc.Server$Handler.run(Server.java:2932)&#10;&quot;Session-HouseKeeper-67b1c3af-1&quot;  prio=5 tid=102 timed_waiting&#10;java.lang.Thread.State: TIMED_WAITING&#10;        at sun.misc.Unsafe.park(Native Method)&#10;        at java.util.concurrent.locks.LockSupport.parkNanos(LockSupport.java:215)&#10;        at java.util.concurrent.locks.AbstractQueuedSynchronizer$ConditionObject.awaitNanos(AbstractQueuedSynchronizer.java:2078)&#10;        at java.util.concurrent.ScheduledThreadPoolExecutor$DelayedWorkQueue.take(ScheduledThreadPoolExecutor.java:1093)&#10;        at java.util.concurrent.ScheduledThreadPoolExecutor$DelayedWorkQueue.take(ScheduledThreadPoolExecutor.java:809)&#10;        at java.util.concurrent.ThreadPoolExecutor.getTask(ThreadPoolExecutor.java:1074)&#10;        at java.util.concurrent.ThreadPoolExecutor.runWorker(ThreadPoolExecutor.java:1134)&#10;        at java.util.concurrent.ThreadPoolExecutor$Worker.run(ThreadPoolExecutor.java:624)&#10;        at java.lang.Thread.run(Thread.java:748)&#10;&quot;ChunkWriter-3-0&quot; daemon prio=5 tid=3472 in Object.wait()&#10;java.lang.Thread.State: WAITING (on object monitor)&#10;        at sun.misc.Unsafe.park(Native Method)&#10;        at java.util.concurrent.locks.LockSupport.park(LockSupport.java:175)&#10;        at java.util.concurrent.locks.AbstractQueuedSynchronizer$ConditionObject.await(AbstractQueuedSynchronizer.java:2039)&#10;        at java.util.concurrent.LinkedBlockingDeque.takeFirst(LinkedBlockingDeque.java:492)&#10;        at java.util.concurrent.LinkedBlockingDeque.take(LinkedBlockingDeque.java:680)&#10;        at java.util.concurrent.ThreadPoolExecutor.getTask(ThreadPoolExecutor.java:1074)&#10;        at java.util.concurrent.ThreadPoolExecutor.runWorker(ThreadPoolExecutor.java:1134)&#10;        at java.util.concurrent.ThreadPoolExecutor$Worker.run(ThreadPoolExecutor.java:624)&#10;        at java.lang.Thread.run(Thread.java:748)&#10;&quot;IPC Server handler 11 on default port 41883&quot; daemon prio=5 tid=82 timed_waiting&#10;java.lang.Thread.State: TIMED_WAITING&#10;        at sun.misc.Unsafe.park(Native Method)&#10;        at java.util.concurrent.locks.LockSupport.parkNanos(LockSupport.java:215)&#10;        at java.util.concurrent.locks.AbstractQueuedSynchronizer$ConditionObject.awaitNanos(AbstractQueuedSynchronizer.java:2078)&#10;        at java.util.concurrent.LinkedBlockingQueue.poll(LinkedBlockingQueue.java:467)&#10;        at org.apache.hadoop.ipc.CallQueueManager.take(CallQueueManager.java:317)&#10;        at org.apache.hadoop.ipc.Server$Handler.run(Server.java:2932)&#10;&quot;Datanode ReportManager Thread - 1&quot; daemon prio=5 tid=247 in Object.wait()&#10;java.lang.Thread.State: WAITING (on object monitor)&#10;        at sun.misc.Unsafe.park(Native Method)&#10;        at java.util.concurrent.locks.LockSupport.park(LockSupport.java:175)&#10;        at java.util.concurrent.locks.AbstractQueuedSynchronizer$ConditionObject.await(AbstractQueuedSynchronizer.java:2039)&#10;        at java.util.concurrent.ScheduledThreadPoolExecutor$DelayedWorkQueue.take(ScheduledThreadPoolExecutor.java:1088)&#10;        at java.util.concurrent.ScheduledThreadPoolExecutor$DelayedWorkQueue.take(ScheduledThreadPoolExecutor.java:809)&#10;        at java.util.concurrent.ThreadPoolExecutor.getTask(ThreadPoolExecutor.java:1074)&#10;        at java.util.concurrent.ThreadPoolExecutor.runWorker(ThreadPoolExecutor.java:1134)&#10;        at java.util.concurrent.ThreadPoolExecutor$Worker.run(ThreadPoolExecutor.java:624)&#10;        at java.lang.Thread.run(Thread.java:748)&#10;&quot;Signal Dispatcher&quot; daemon prio=9 tid=4 runnable&#10;java.lang.Thread.State: RUNNABLE&#10;&quot;IPC Server handler 9 on default port 41663&quot; daemon prio=5 tid=60 timed_waiting&#10;java.lang.Thread.State: TIMED_WAITING&#10;        at sun.misc.Unsafe.park(Native Method)&#10;        at java.util.concurrent.locks.LockSupport.parkNanos(LockSupport.java:215)&#10;        at java.util.concurrent.locks.AbstractQueuedSynchronizer$ConditionObject.awaitNanos(AbstractQueuedSynchronizer.java:2078)&#10;        at java.util.concurrent.LinkedBlockingQueue.poll(LinkedBlockingQueue.java:467)&#10;        at org.apache.hadoop.ipc.CallQueueManager.take(CallQueueManager.java:317)&#10;        at org.apache.hadoop.ipc.Server$Handler.run(Server.java:2932)&#10;&quot;qtp1436718473-100&quot; daemon prio=5 tid=100 timed_waiting&#10;java.lang.Thread.State: TIMED_WAITING&#10;        at sun.misc.Unsafe.park(Native Method)&#10;        at java.util.concurrent.locks.LockSupport.parkNanos(LockSupport.java:215)&#10;        at java.util.concurrent.locks.AbstractQueuedSynchronizer$ConditionObject.awaitNanos(AbstractQueuedSynchronizer.java:2078)&#10;        at org.eclipse.jetty.util.BlockingArrayQueue.poll(BlockingArrayQueue.java:382)&#10;        at org.eclipse.jetty.util.thread.QueuedThreadPool$Runner.idleJobPoll(QueuedThreadPool.java:974)&#10;        at org.eclipse.jetty.util.thread.QueuedThreadPool$Runner.run(QueuedThreadPool.java:1018)&#10;        at java.lang.Thread.run(Thread.java:748)&#10;&quot;EndpointStateMachine task thread for /0.0.0.0:44503 - 0 &quot;  prio=5 tid=255 in Object.wait()&#10;java.lang.Thread.State: WAITING (on object monitor)&#10;        at sun.misc.Unsafe.park(Native Method)&#10;        at java.util.concurrent.locks.LockSupport.park(LockSupport.java:175)&#10;        at java.util.concurrent.locks.AbstractQueuedSynchronizer$ConditionObject.await(AbstractQueuedSynchronizer.java:2039)&#10;        at java.util.concurrent.LinkedBlockingQueue.take(LinkedBlockingQueue.java:442)&#10;        at java.util.concurrent.ThreadPoolExecutor.getTask(ThreadPoolExecutor.java:1074)&#10;        at java.util.concurrent.ThreadPoolExecutor.runWorker(ThreadPoolExecutor.java:1134)&#10;        at java.util.concurrent.ThreadPoolExecutor$Worker.run(ThreadPoolExecutor.java:624)&#10;        at java.lang.Thread.run(Thread.java:748)&#10;&quot;IPC Server listener on 0&quot; daemon prio=5 tid=38 runnable&#10;java.lang.Thread.State: RUNNABLE&#10;        at sun.nio.ch.EPollArrayWrapper.epollWait(Native Method)&#10;        at sun.nio.ch.EPollArrayWrapper.poll(EPollArrayWrapper.java:269)&#10;        at sun.nio.ch.EPollSelectorImpl.doSelect(EPollSelectorImpl.java:93)&#10;        at sun.nio.ch.SelectorImpl.lockAndDoSelect(SelectorImpl.java:86)&#10;        at sun.nio.ch.SelectorImpl.select(SelectorImpl.java:97)&#10;        at sun.nio.ch.SelectorImpl.select(SelectorImpl.java:101)&#10;        at org.apache.hadoop.ipc.Server$Listener.run(Server.java:1350)&#10;&quot;IPC Server handler 1 on default port 44503&quot; daemon prio=5 tid=111 timed_waiting&#10;java.lang.Thread.State: TIMED_WAITING&#10;        at sun.misc.Unsafe.park(Native Method)&#10;        at java.util.concurrent.locks.LockSupport.parkNanos(LockSupport.java:215)&#10;        at java.util.concurrent.locks.AbstractQueuedSynchronizer$ConditionObject.awaitNanos(AbstractQueuedSynchronizer.java:2078)&#10;        at java.util.concurrent.LinkedBlockingQueue.poll(LinkedBlockingQueue.java:467)&#10;        at org.apache.hadoop.ipc.CallQueueManager.take(CallQueueManager.java:317)&#10;        at org.apache.hadoop.ipc.Server$Handler.run(Server.java:2932)&#10;&quot;IPC Server handler 19 on default port 41883&quot; daemon prio=5 tid=90 timed_waiting&#10;java.lang.Thread.State: TIMED_WAITING&#10;        at sun.misc.Unsafe.park(Native Method)&#10;        at java.util.concurrent.locks.LockSupport.parkNanos(LockSupport.java:215)&#10;        at java.util.concurrent.locks.AbstractQueuedSynchronizer$ConditionObject.awaitNanos(AbstractQueuedSynchronizer.java:2078)&#10;        at java.util.concurrent.LinkedBlockingQueue.poll(LinkedBlockingQueue.java:467)&#10;        at org.apache.hadoop.ipc.CallQueueManager.take(CallQueueManager.java:317)&#10;        at org.apache.hadoop.ipc.Server$Handler.run(Server.java:2932)&#10;&quot;EventQueue-PipelineReportForOneReplicaPipelineSafeModeRule&quot; daemon prio=5 tid=290 in Object.wait()&#10;java.lang.Thread.State: WAITING (on object monitor)&#10;        at sun.misc.Unsafe.park(Native Method)&#10;        at java.util.concurrent.locks.LockSupport.park(LockSupport.java:175)&#10;        at java.util.concurrent.locks.AbstractQueuedSynchronizer$ConditionObject.await(AbstractQueuedSynchronizer.java:2039)&#10;        at java.util.concurrent.LinkedBlockingQueue.take(LinkedBlockingQueue.java:442)&#10;        at java.util.concurrent.ThreadPoolExecutor.getTask(ThreadPoolExecutor.java:1074)&#10;        at java.util.concurrent.ThreadPoolExecutor.runWorker(ThreadPoolExecutor.java:1134)&#10;        at java.util.concurrent.ThreadPoolExecutor$Worker.run(ThreadPoolExecutor.java:624)&#10;        at java.lang.Thread.run(Thread.java:748)&#10;&quot;EventQueue-NodeRegistrationContainerReportForContainerSafeModeRule&quot; daemon prio=5 tid=288 in Object.wait()&#10;java.lang.Thread.State: WAITING (on object monitor)&#10;        at sun.misc.Unsafe.park(Native Method)&#10;        at java.util.concurrent.locks.LockSupport.park(LockSupport.java:175)&#10;        at java.util.concurrent.locks.AbstractQueuedSynchronizer$ConditionObject.await(AbstractQueuedSynchronizer.java:2039)&#10;        at java.util.concurrent.LinkedBlockingQueue.take(LinkedBlockingQueue.java:442)&#10;        at java.util.concurrent.ThreadPoolExecutor.getTask(ThreadPoolExecutor.java:1074)&#10;        at java.util.concurrent.ThreadPoolExecutor.runWorker(ThreadPoolExecutor.java:1134)&#10;        at java.util.concurrent.ThreadPoolExecutor$Worker.run(ThreadPoolExecutor.java:624)&#10;        at java.lang.Thread.run(Thread.java:748)&#10;&quot;ReplicationMonitor&quot; daemon prio=5 tid=31 timed_waiting&#10;java.lang.Thread.State: TIMED_WAITING&#10;        at java.lang.Object.wait(Native Method)&#10;        at org.apache.hadoop.hdds.scm.container.ReplicationManager.run(ReplicationManager.java:399)&#10;        at org.apache.hadoop.hdds.scm.container.ReplicationManager$$Lambda$573/1887542184.run(Unknown Source)&#10;        at java.lang.Thread.run(Thread.java:748)&#10;&quot;IPC Server listener on 0&quot; daemon prio=5 tid=134 runnable&#10;java.lang.Thread.State: RUNNABLE&#10;        at sun.nio.ch.EPollArrayWrapper.epollWait(Native Method)&#10;        at sun.nio.ch.EPollArrayWrapper.poll(EPollArrayWrapper.java:269)&#10;        at sun.nio.ch.EPollSelectorImpl.doSelect(EPollSelectorImpl.java:93)&#10;        at sun.nio.ch.SelectorImpl.lockAndDoSelect(SelectorImpl.java:86)&#10;        at sun.nio.ch.SelectorImpl.select(SelectorImpl.java:97)&#10;        at sun.nio.ch.SelectorImpl.select(SelectorImpl.java:101)&#10;        at org.apache.hadoop.ipc.Server$Listener.run(Server.java:1350)&#10;&quot;IPC Server handler 5 on default port 44503&quot; daemon prio=5 tid=115 timed_waiting&#10;java.lang.Thread.State: TIMED_WAITING&#10;        at sun.misc.Unsafe.park(Native Method)&#10;        at java.util.concurrent.locks.LockSupport.parkNanos(LockSupport.java:215)&#10;        at java.util.concurrent.locks.AbstractQueuedSynchronizer$ConditionObject.awaitNanos(AbstractQueuedSynchronizer.java:2078)&#10;        at java.util.concurrent.LinkedBlockingQueue.poll(LinkedBlockingQueue.java:467)&#10;        at org.apache.hadoop.ipc.CallQueueManager.take(CallQueueManager.java:317)&#10;        at org.apache.hadoop.ipc.Server$Handler.run(Server.java:2932)&#10;&quot;EndpointStateMachine task thread for /0.0.0.0:44503 - 0 &quot;  prio=5 tid=3468 in Object.wait()&#10;java.lang.Thread.State: WAITING (on object monitor)&#10;        at sun.misc.Unsafe.park(Native Method)&#10;        at java.util.concurrent.locks.LockSupport.park(LockSupport.java:175)&#10;        at java.util.concurrent.locks.AbstractQueuedSynchronizer$ConditionObject.await(AbstractQueuedSynchronizer.java:2039)&#10;        at java.util.concurrent.LinkedBlockingQueue.take(LinkedBlockingQueue.java:442)&#10;        at java.util.concurrent.ThreadPoolExecutor.getTask(ThreadPoolExecutor.java:1074)&#10;        at java.util.concurrent.ThreadPoolExecutor.runWorker(ThreadPoolExecutor.java:1134)&#10;        at java.util.concurrent.ThreadPoolExecutor$Worker.run(ThreadPoolExecutor.java:624)&#10;        at java.lang.Thread.run(Thread.java:748)&#10;&quot;IPC Server handler 14 on default port 44503&quot; daemon prio=5 tid=124 timed_waiting&#10;java.lang.Thread.State: TIMED_WAITING&#10;        at sun.misc.Unsafe.park(Native Method)&#10;        at java.util.concurrent.locks.LockSupport.parkNanos(LockSupport.java:215)&#10;        at java.util.concurrent.locks.AbstractQueuedSynchronizer$ConditionObject.awaitNanos(AbstractQueuedSynchronizer.java:2078)&#10;        at java.util.concurrent.LinkedBlockingQueue.poll(LinkedBlockingQueue.java:467)&#10;        at org.apache.hadoop.ipc.CallQueueManager.take(CallQueueManager.java:317)&#10;        at org.apache.hadoop.ipc.Server$Handler.run(Server.java:2932)&#10;&quot;Reference Handler&quot; daemon prio=10 tid=2 in Object.wait()&#10;java.lang.Thread.State: WAITING (on object monitor)&#10;        at java.lang.Object.wait(Native Method)&#10;        at java.lang.Object.wait(Object.java:502)&#10;        at java.lang.ref.Reference.tryHandlePending(Reference.java:191)&#10;        at java.lang.ref.Reference$ReferenceHandler.run(Reference.java:153)&#10;&quot;qtp697960017-153&quot; daemon prio=5 tid=153 timed_waiting&#10;java.lang.Thread.State: TIMED_WAITING&#10;        at sun.misc.Unsafe.park(Native Method)&#10;        at java.util.concurrent.locks.LockSupport.parkNanos(LockSupport.java:215)&#10;        at java.util.concurrent.locks.AbstractQueuedSynchronizer$ConditionObject.awaitNanos(AbstractQueuedSynchronizer.java:2078)&#10;        at org.eclipse.jetty.util.BlockingArrayQueue.poll(BlockingArrayQueue.java:382)&#10;        at org.eclipse.jetty.util.thread.QueuedThreadPool$Runner.idleJobPoll(QueuedThreadPool.java:974)&#10;        at org.eclipse.jetty.util.thread.QueuedThreadPool$Runner.run(QueuedThreadPool.java:1018)&#10;        at java.lang.Thread.run(Thread.java:748)&#10;&quot;IPC Server handler 11 on default port 41663&quot; daemon prio=5 tid=62 timed_waiting&#10;java.lang.Thread.State: TIMED_WAITING&#10;        at sun.misc.Unsafe.park(Native Method)&#10;        at java.util.concurrent.locks.LockSupport.parkNanos(LockSupport.java:215)&#10;        at java.util.concurrent.locks.AbstractQueuedSynchronizer$ConditionObject.awaitNanos(AbstractQueuedSynchronizer.java:2078)&#10;        at java.util.concurrent.LinkedBlockingQueue.poll(LinkedBlockingQueue.java:467)&#10;        at org.apache.hadoop.ipc.CallQueueManager.take(CallQueueManager.java:317)&#10;        at org.apache.hadoop.ipc.Server$Handler.run(Server.java:2932)&#10;&quot;qtp1223954869-3431-acceptor-0@1725ec73-ServerConnector@20bce5cf{HTTP/1.1, (http/1.1)}{0.0.0.0:42767}&quot; daemon prio=3 tid=3431 runnable&#10;java.lang.Thread.State: RUNNABLE&#10;        at sun.nio.ch.ServerSocketChannelImpl.accept0(Native Method)&#10;        at sun.nio.ch.ServerSocketChannelImpl.accept(ServerSocketChannelImpl.java:421)&#10;        at sun.nio.ch.ServerSocketChannelImpl.accept(ServerSocketChannelImpl.java:249)&#10;        at org.eclipse.jetty.server.ServerConnector.accept(ServerConnector.java:388)&#10;        at org.eclipse.jetty.server.AbstractConnector$Acceptor.run(AbstractConnector.java:702)&#10;        at org.eclipse.jetty.util.thread.QueuedThreadPool.runJob(QueuedThreadPool.java:883)&#10;        at org.eclipse.jetty.util.thread.QueuedThreadPool$Runner.run(QueuedThreadPool.java:1034)&#10;        at java.lang.Thread.run(Thread.java:748)&#10;&quot;IPC Server handler 7 on default port 41883&quot; daemon prio=5 tid=78 timed_waiting&#10;java.lang.Thread.State: TIMED_WAITING&#10;        at sun.misc.Unsafe.park(Native Method)&#10;        at java.util.concurrent.locks.LockSupport.parkNanos(LockSupport.java:215)&#10;        at java.util.concurrent.locks.AbstractQueuedSynchronizer$ConditionObject.awaitNanos(AbstractQueuedSynchronizer.java:2078)&#10;        at java.util.concurrent.LinkedBlockingQueue.poll(LinkedBlockingQueue.java:467)&#10;        at org.apache.hadoop.ipc.CallQueueManager.take(CallQueueManager.java:317)&#10;        at org.apache.hadoop.ipc.Server$Handler.run(Server.java:2932)&#10;&quot;Socket Reader #1 for port 0&quot;  prio=5 tid=43 runnable&#10;java.lang.Thread.State: RUNNABLE&#10;        at sun.nio.ch.EPollArrayWrapper.epollWait(Native Method)&#10;        at sun.nio.ch.EPollArrayWrapper.poll(EPollArrayWrapper.java:269)&#10;        at sun.nio.ch.EPollSelectorImpl.doSelect(EPollSelectorImpl.java:93)&#10;        at sun.nio.ch.SelectorImpl.lockAndDoSelect(SelectorImpl.java:86)&#10;        at sun.nio.ch.SelectorImpl.select(SelectorImpl.java:97)&#10;        at sun.nio.ch.SelectorImpl.select(SelectorImpl.java:101)&#10;        at org.apache.hadoop.ipc.Server$Listener$Reader.doRunLoop(Server.java:1288)&#10;        at org.apache.hadoop.ipc.Server$Listener$Reader.run(Server.java:1267)&#10;&quot;IPC Server Responder&quot; daemon prio=5 tid=137 runnable&#10;java.lang.Thread.State: RUNNABLE&#10;        at sun.nio.ch.EPollArrayWrapper.epollWait(Native Method)&#10;        at sun.nio.ch.EPollArrayWrapper.poll(EPollArrayWrapper.java:269)&#10;        at sun.nio.ch.EPollSelectorImpl.doSelect(EPollSelectorImpl.java:93)&#10;        at sun.nio.ch.SelectorImpl.lockAndDoSelect(SelectorImpl.java:86)&#10;        at sun.nio.ch.SelectorImpl.select(SelectorImpl.java:97)&#10;        at org.apache.hadoop.ipc.Server$Responder.doRunLoop(Server.java:1527)&#10;        at org.apache.hadoop.ipc.Server$Responder.run(Server.java:1510)&#10;&quot;Datanode ReportManager Thread - 4&quot; daemon prio=5 tid=3543 in Object.wait()&#10;java.lang.Thread.State: WAITING (on object monitor)&#10;        at sun.misc.Unsafe.park(Native Method)&#10;        at java.util.concurrent.locks.LockSupport.park(LockSupport.java:175)&#10;        at java.util.concurrent.locks.AbstractQueuedSynchronizer$ConditionObject.await(AbstractQueuedSynchronizer.java:2039)&#10;        at java.util.concurrent.ScheduledThreadPoolExecutor$DelayedWorkQueue.take(ScheduledThreadPoolExecutor.java:1088)&#10;        at java.util.concurrent.ScheduledThreadPoolExecutor$DelayedWorkQueue.take(ScheduledThreadPoolExecutor.java:809)&#10;        at java.util.concurrent.ThreadPoolExecutor.getTask(ThreadPoolExecutor.java:1074)&#10;        at java.util.concurrent.ThreadPoolExecutor.runWorker(ThreadPoolExecutor.java:1134)&#10;        at java.util.concurrent.ThreadPoolExecutor$Worker.run(ThreadPoolExecutor.java:624)&#10;        at java.lang.Thread.run(Thread.java:748)&#10;&quot;Datanode State Machine Task Thread - 0&quot;  prio=5 tid=3546 timed_waiting&#10;java.lang.Thread.State: TIMED_WAITING&#10;        at sun.misc.Unsafe.park(Native Method)&#10;        at java.util.concurrent.locks.LockSupport.parkNanos(LockSupport.java:215)&#10;        at java.util.concurrent.FutureTask.awaitDone(FutureTask.java:426)&#10;        at java.util.concurrent.FutureTask.get(FutureTask.java:204)&#10;        at org.apache.hadoop.ozone.container.common.states.datanode.RunningDatanodeState.lambda$execute$0(RunningDatanodeState.java:149)&#10;        at org.apache.hadoop.ozone.container.common.states.datanode.RunningDatanodeState$$Lambda$723/647371256.call(Unknown Source)&#10;        at java.util.concurrent.FutureTask.run(FutureTask.java:266)&#10;        at java.util.concurrent.Executors$RunnableAdapter.call(Executors.java:511)&#10;        at java.util.concurrent.FutureTask.run(FutureTask.java:266)&#10;        at java.util.concurrent.ThreadPoolExecutor.runWorker(ThreadPoolExecutor.java:1149)&#10;        at java.util.concurrent.ThreadPoolExecutor$Worker.run(ThreadPoolExecutor.java:624)&#10;        at java.lang.Thread.run(Thread.java:748)&#10;&quot;IPC Server handler 12 on default port 44503&quot; daemon prio=5 tid=122 timed_waiting&#10;java.lang.Thread.State: TIMED_WAITING&#10;        at sun.misc.Unsafe.park(Native Method)&#10;        at java.util.concurrent.locks.LockSupport.parkNanos(LockSupport.java:215)&#10;        at java.util.concurrent.locks.AbstractQueuedSynchronizer$ConditionObject.awaitNanos(AbstractQueuedSynchronizer.java:2078)&#10;        at java.util.concurrent.LinkedBlockingQueue.poll(LinkedBlockingQueue.java:467)&#10;        at org.apache.hadoop.ipc.CallQueueManager.take(CallQueueManager.java:317)&#10;        at org.apache.hadoop.ipc.Server$Handler.run(Server.java:2932)&#10;&quot;process reaper&quot; daemon prio=10 tid=11 timed_waiting&#10;java.lang.Thread.State: TIMED_WAITING&#10;        at java.lang.UNIXProcess.waitForProcessExit(Native Method)&#10;        at java.lang.UNIXProcess.lambda$initStreams$3(UNIXProcess.java:289)&#10;        at java.lang.UNIXProcess$$Lambda$7/2107515538.run(Unknown Source)&#10;        at java.util.concurrent.ThreadPoolExecutor.runWorker(ThreadPoolExecutor.java:1149)&#10;        at java.util.concurrent.ThreadPoolExecutor$Worker.run(ThreadPoolExecutor.java:624)&#10;        at java.lang.Thread.run(Thread.java:748)&#10;&quot;IPC Server idle connection scanner for port 41883&quot; daemon prio=5 tid=40 timed_waiting&#10;java.lang.Thread.State: TIMED_WAITING&#10;        at java.lang.Object.wait(Native Method)&#10;        at java.util.TimerThread.mainLoop(Timer.java:552)&#10;        at java.util.TimerThread.run(Timer.java:505)&#10;&quot;qtp1223954869-3436&quot; daemon prio=5 tid=3436 timed_waiting&#10;java.lang.Thread.State: TIMED_WAITING&#10;        at sun.misc.Unsafe.park(Native Method)&#10;        at java.util.concurrent.locks.LockSupport.parkNanos(LockSupport.java:215)&#10;        at java.util.concurrent.locks.AbstractQueuedSynchronizer$ConditionObject.awaitNanos(AbstractQueuedSynchronizer.java:2078)&#10;        at org.eclipse.jetty.util.BlockingArrayQueue.poll(BlockingArrayQueue.java:382)&#10;        at org.eclipse.jetty.util.thread.QueuedThreadPool$Runner.idleJobPoll(QueuedThreadPool.java:974)&#10;        at org.eclipse.jetty.util.thread.QueuedThreadPool$Runner.run(QueuedThreadPool.java:1018)&#10;        at java.lang.Thread.run(Thread.java:748)&#10;&quot;Datanode State Machine Task Thread - 0&quot;  prio=5 tid=3453 in Object.wait()&#10;java.lang.Thread.State: WAITING (on object monitor)&#10;        at sun.misc.Unsafe.park(Native Method)&#10;        at java.util.concurrent.locks.LockSupport.park(LockSupport.java:175)&#10;        at java.util.concurrent.locks.AbstractQueuedSynchronizer$ConditionObject.await(AbstractQueuedSynchronizer.java:2039)&#10;        at java.util.concurrent.LinkedBlockingQueue.take(LinkedBlockingQueue.java:442)&#10;        at java.util.concurrent.ThreadPoolExecutor.getTask(ThreadPoolExecutor.java:1074)&#10;        at java.util.concurrent.ThreadPoolExecutor.runWorker(ThreadPoolExecutor.java:1134)&#10;        at java.util.concurrent.ThreadPoolExecutor$Worker.run(ThreadPoolExecutor.java:624)&#10;        at java.lang.Thread.run(Thread.java:748)&#10;&quot;IPC Server handler 7 on default port 45631&quot; daemon prio=5 tid=162 timed_waiting&#10;java.lang.Thread.State: TIMED_WAITING&#10;        at sun.misc.Unsafe.park(Native Method)&#10;        at java.util.concurrent.locks.LockSupport.parkNanos(LockSupport.java:215)&#10;        at java.util.concurrent.locks.AbstractQueuedSynchronizer$ConditionObject.awaitNanos(AbstractQueuedSynchronizer.java:2078)&#10;        at java.util.concurrent.LinkedBlockingQueue.poll(LinkedBlockingQueue.java:467)&#10;        at org.apache.hadoop.ipc.CallQueueManager.take(CallQueueManager.java:317)&#10;        at org.apache.hadoop.ipc.Server$Handler.run(Server.java:2932)&#10;&quot;IPC Server idle connection scanner for port 45631&quot; daemon prio=5 tid=136 timed_waiting&#10;java.lang.Thread.State: TIMED_WAITING&#10;        at java.lang.Object.wait(Native Method)&#10;        at java.util.TimerThread.mainLoop(Timer.java:552)&#10;        at java.util.TimerThread.run(Timer.java:505)&#10;&quot;EventQueue-NodeReportForNodeReportHandler&quot; daemon prio=5 tid=3589 in Object.wait()&#10;java.lang.Thread.State: WAITING (on object monitor)&#10;        at sun.misc.Unsafe.park(Native Method)&#10;        at java.util.concurrent.locks.LockSupport.park(LockSupport.java:175)&#10;        at java.util.concurrent.locks.AbstractQueuedSynchronizer$ConditionObject.await(AbstractQueuedSynchronizer.java:2039)&#10;        at java.util.concurrent.LinkedBlockingQueue.take(LinkedBlockingQueue.java:442)&#10;        at java.util.concurrent.ThreadPoolExecutor.getTask(ThreadPoolExecutor.java:1074)&#10;        at java.util.concurrent.ThreadPoolExecutor.runWorker(ThreadPoolExecutor.java:1134)&#10;        at java.util.concurrent.ThreadPoolExecutor$Worker.run(ThreadPoolExecutor.java:624)&#10;        at java.lang.Thread.run(Thread.java:748)&#10;&quot;PartialTableCache Cleanup Thread - 0&quot; daemon prio=5 tid=396 in Object.wait()&#10;java.lang.Thread.State: WAITING (on object monitor)&#10;        at sun.misc.Unsafe.park(Native Method)&#10;        at java.util.concurrent.locks.LockSupport.park(LockSupport.java:175)&#10;        at java.util.concurrent.locks.AbstractQueuedSynchronizer$ConditionObject.await(AbstractQueuedSynchronizer.java:2039)&#10;        at java.util.concurrent.LinkedBlockingQueue.take(LinkedBlockingQueue.java:442)&#10;        at java.util.concurrent.ThreadPoolExecutor.getTask(ThreadPoolExecutor.java:1074)&#10;        at java.util.concurrent.ThreadPoolExecutor.runWorker(ThreadPoolExecutor.java:1134)&#10;        at java.util.concurrent.ThreadPoolExecutor$Worker.run(ThreadPoolExecutor.java:624)&#10;        at java.lang.Thread.run(Thread.java:748)&#10;&quot;IPC Server handler 15 on default port 44503&quot; daemon prio=5 tid=125 timed_waiting&#10;java.lang.Thread.State: TIMED_WAITING&#10;        at sun.misc.Unsafe.park(Native Method)&#10;        at java.util.concurrent.locks.LockSupport.parkNanos(LockSupport.java:215)&#10;        at java.util.concurrent.locks.AbstractQueuedSynchronizer$ConditionObject.awaitNanos(AbstractQueuedSynchronizer.java:2078)&#10;        at java.util.concurrent.LinkedBlockingQueue.poll(LinkedBlockingQueue.java:467)&#10;        at org.apache.hadoop.ipc.CallQueueManager.take(CallQueueManager.java:317)&#10;        at org.apache.hadoop.ipc.Server$Handler.run(Server.java:2932)&#10;&quot;IPC Server handler 13 on default port 41883&quot; daemon prio=5 tid=84 timed_waiting&#10;java.lang.Thread.State: TIMED_WAITING&#10;        at sun.misc.Unsafe.park(Native Method)&#10;        at java.util.concurrent.locks.LockSupport.parkNanos(LockSupport.java:215)&#10;        at java.util.concurrent.locks.AbstractQueuedSynchronizer$ConditionObject.awaitNanos(AbstractQueuedSynchronizer.java:2078)&#10;        at java.util.concurrent.LinkedBlockingQueue.poll(LinkedBlockingQueue.java:467)&#10;        at org.apache.hadoop.ipc.CallQueueManager.take(CallQueueManager.java:317)&#10;        at org.apache.hadoop.ipc.Server$Handler.run(Server.java:2932)&#10;&quot;Session-HouseKeeper-4dc3b0ab-1&quot;  prio=5 tid=3438 timed_waiting&#10;java.lang.Thread.State: TIMED_WAITING&#10;        at sun.misc.Unsafe.park(Native Method)&#10;        at java.util.concurrent.locks.LockSupport.parkNanos(LockSupport.java:215)&#10;        at java.util.concurrent.locks.AbstractQueuedSynchronizer$ConditionObject.awaitNanos(AbstractQueuedSynchronizer.java:2078)&#10;        at java.util.concurrent.ScheduledThreadPoolExecutor$DelayedWorkQueue.take(ScheduledThreadPoolExecutor.java:1093)&#10;        at java.util.concurrent.ScheduledThreadPoolExecutor$DelayedWorkQueue.take(ScheduledThreadPoolExecutor.java:809)&#10;        at java.util.concurrent.ThreadPoolExecutor.getTask(ThreadPoolExecutor.java:1074)&#10;        at java.util.concurrent.ThreadPoolExecutor.runWorker(ThreadPoolExecutor.java:1134)&#10;        at java.util.concurrent.ThreadPoolExecutor$Worker.run(ThreadPoolExecutor.java:624)&#10;        at java.lang.Thread.run(Thread.java:748)&#10;&quot;pool-421-thread-1&quot;  prio=5 tid=3427 in Object.wait()&#10;java.lang.Thread.State: WAITING (on object monitor)&#10;        at sun.misc.Unsafe.park(Native Method)&#10;        at java.util.concurrent.locks.LockSupport.park(LockSupport.java:175)&#10;        at java.util.concurrent.locks.AbstractQueuedSynchronizer$ConditionObject.await(AbstractQueuedSynchronizer.java:2039)&#10;        at java.util.concurrent.LinkedBlockingQueue.take(LinkedBlockingQueue.java:442)&#10;        at java.util.concurrent.ThreadPoolExecutor.getTask(ThreadPoolExecutor.java:1074)&#10;        at java.util.concurrent.ThreadPoolExecutor.runWorker(ThreadPoolExecutor.java:1134)&#10;        at java.util.concurrent.ThreadPoolExecutor$Worker.run(ThreadPoolExecutor.java:624)&#10;        at java.lang.Thread.run(Thread.java:748)&#10;&quot;IPC Server handler 8 on default port 41663&quot; daemon prio=5 tid=59 timed_waiting&#10;java.lang.Thread.State: TIMED_WAITING&#10;        at sun.misc.Unsafe.park(Native Method)&#10;        at java.util.concurrent.locks.LockSupport.parkNanos(LockSupport.java:215)&#10;        at java.util.concurrent.locks.AbstractQueuedSynchronizer$ConditionObject.awaitNanos(AbstractQueuedSynchronizer.java:2078)&#10;        at java.util.concurrent.LinkedBlockingQueue.poll(LinkedBlockingQueue.java:467)&#10;        at org.apache.hadoop.ipc.CallQueueManager.take(CallQueueManager.java:317)&#10;        at org.apache.hadoop.ipc.Server$Handler.run(Server.java:2932)&#10;&quot;Datanode State Machine Daemon Thread&quot; daemon prio=5 tid=3538 timed_waiting&#10;java.lang.Thread.State: TIMED_WAITING&#10;        at sun.misc.Unsafe.park(Native Method)&#10;        at java.util.concurrent.locks.LockSupport.parkNanos(LockSupport.java:215)&#10;        at java.util.concurrent.locks.AbstractQueuedSynchronizer$ConditionObject.awaitNanos(AbstractQueuedSynchronizer.java:2078)&#10;        at java.util.concurrent.LinkedBlockingQueue.poll(LinkedBlockingQueue.java:467)&#10;        at java.util.concurrent.ExecutorCompletionService.poll(ExecutorCompletionService.java:202)&#10;        at org.apache.hadoop.ozone.container.common.states.datanode.RunningDatanodeState.await(RunningDatanodeState.java:224)&#10;        at org.apache.hadoop.ozone.container.common.states.datanode.RunningDatanodeState.await(RunningDatanodeState.java:50)&#10;        at org.apache.hadoop.ozone.container.common.statemachine.StateContext.execute(StateContext.java:633)&#10;        at org.apache.hadoop.ozone.container.common.statemachine.DatanodeStateMachine.start(DatanodeStateMachine.java:283)&#10;        at org.apache.hadoop.ozone.container.common.statemachine.DatanodeStateMachine.lambda$startDaemon$0(DatanodeStateMachine.java:471)&#10;        at org.apache.hadoop.ozone.container.common.statemachine.DatanodeStateMachine$$Lambda$710/1974321070.run(Unknown Source)&#10;        at java.lang.Thread.run(Thread.java:748)&#10;&quot;IPC Server handler 11 on default port 44503&quot; daemon prio=5 tid=121 timed_waiting&#10;java.lang.Thread.State: TIMED_WAITING&#10;        at sun.misc.Unsafe.park(Native Method)&#10;        at java.util.concurrent.locks.LockSupport.parkNanos(LockSupport.java:215)&#10;        at java.util.concurrent.locks.AbstractQueuedSynchronizer$ConditionObject.awaitNanos(AbstractQueuedSynchronizer.java:2078)&#10;        at java.util.concurrent.LinkedBlockingQueue.poll(LinkedBlockingQueue.java:467)&#10;        at org.apache.hadoop.ipc.CallQueueManager.take(CallQueueManager.java:317)&#10;        at org.apache.hadoop.ipc.Server$Handler.run(Server.java:2932)&#10;&quot;surefire-forkedjvm-command-thread&quot; daemon prio=5 tid=9 runnable&#10;java.lang.Thread.State: RUNNABLE&#10;        at java.io.FileInputStream.readBytes(Native Method)&#10;        at java.io.FileInputStream.read(FileInputStream.java:255)&#10;        at java.io.BufferedInputStream.fill(BufferedInputStream.java:246)&#10;        at java.io.BufferedInputStream.read(BufferedInputStream.java:265)&#10;        at java.io.DataInputStream.readInt(DataInputStream.java:387)&#10;        at org.apache.maven.surefire.booter.MasterProcessCommand.decode(MasterProcessCommand.java:115)&#10;        at org.apache.maven.surefire.booter.CommandReader$CommandRunnable.run(CommandReader.java:390)&#10;        at java.lang.Thread.run(Thread.java:748)&#10;&quot;IPC Server handler 19 on default port 41663&quot; daemon prio=5 tid=70 timed_waiting&#10;java.lang.Thread.State: TIMED_WAITING&#10;        at sun.misc.Unsafe.park(Native Method)&#10;        at java.util.concurrent.locks.LockSupport.parkNanos(LockSupport.java:215)&#10;        at java.util.concurrent.locks.AbstractQueuedSynchronizer$ConditionObject.awaitNanos(AbstractQueuedSynchronizer.java:2078)&#10;        at java.util.concurrent.LinkedBlockingQueue.poll(LinkedBlockingQueue.java:467)&#10;        at org.apache.hadoop.ipc.CallQueueManager.take(CallQueueManager.java:317)&#10;        at org.apache.hadoop.ipc.Server$Handler.run(Server.java:2932)&#10;&quot;IPC Server handler 18 on default port 41883&quot; daemon prio=5 tid=89 timed_waiting&#10;java.lang.Thread.State: TIMED_WAITING&#10;        at sun.misc.Unsafe.park(Native Method)&#10;        at java.util.concurrent.locks.LockSupport.parkNanos(LockSupport.java:215)&#10;        at java.util.concurrent.locks.AbstractQueuedSynchronizer$ConditionObject.awaitNanos(AbstractQueuedSynchronizer.java:2078)&#10;        at java.util.concurrent.LinkedBlockingQueue.poll(LinkedBlockingQueue.java:467)&#10;        at org.apache.hadoop.ipc.CallQueueManager.take(CallQueueManager.java:317)&#10;        at org.apache.hadoop.ipc.Server$Handler.run(Server.java:2932)&#10;&quot;IPC Server handler 9 on default port 41883&quot; daemon prio=5 tid=80 timed_waiting&#10;java.lang.Thread.State: TIMED_WAITING&#10;        at sun.misc.Unsafe.park(Native Method)&#10;        at java.util.concurrent.locks.LockSupport.parkNanos(LockSupport.java:215)&#10;        at java.util.concurrent.locks.AbstractQueuedSynchronizer$ConditionObject.awaitNanos(AbstractQueuedSynchronizer.java:2078)&#10;        at java.util.concurrent.LinkedBlockingQueue.poll(LinkedBlockingQueue.java:467)&#10;        at org.apache.hadoop.ipc.CallQueueManager.take(CallQueueManager.java:317)&#10;        at org.apache.hadoop.ipc.Server$Handler.run(Server.java:2932)&#10;&quot;FullTableCache Cleanup Thread - 0&quot; daemon prio=5 tid=390 in Object.wait()&#10;java.lang.Thread.State: WAITING (on object monitor)&#10;        at sun.misc.Unsafe.park(Native Method)&#10;        at java.util.concurrent.locks.LockSupport.park(LockSupport.java:175)&#10;        at java.util.concurrent.locks.AbstractQueuedSynchronizer$ConditionObject.await(AbstractQueuedSynchronizer.java:2039)&#10;        at java.util.concurrent.LinkedBlockingQueue.take(LinkedBlockingQueue.java:442)&#10;        at java.util.concurrent.ThreadPoolExecutor.getTask(ThreadPoolExecutor.java:1074)&#10;        at java.util.concurrent.ThreadPoolExecutor.runWorker(ThreadPoolExecutor.java:1134)&#10;        at java.util.concurrent.ThreadPoolExecutor$Worker.run(ThreadPoolExecutor.java:624)&#10;        at java.lang.Thread.run(Thread.java:748)&#10;&quot;ChunkWriter-2-0&quot; daemon prio=5 tid=3471 in Object.wait()&#10;java.lang.Thread.State: WAITING (on object monitor)&#10;        at sun.misc.Unsafe.park(Native Method)&#10;        at java.util.concurrent.locks.LockSupport.park(LockSupport.java:175)&#10;        at java.util.concurrent.locks.AbstractQueuedSynchronizer$ConditionObject.await(AbstractQueuedSynchronizer.java:2039)&#10;        at java.util.concurrent.LinkedBlockingDeque.takeFirst(LinkedBlockingDeque.java:492)&#10;        at java.util.concurrent.LinkedBlockingDeque.take(LinkedBlockingDeque.java:680)&#10;        at java.util.concurrent.ThreadPoolExecutor.getTask(ThreadPoolExecutor.java:1074)&#10;        at java.util.concurrent.ThreadPoolExecutor.runWorker(ThreadPoolExecutor.java:1134)&#10;        at java.util.concurrent.ThreadPoolExecutor$Worker.run(ThreadPoolExecutor.java:624)&#10;        at java.lang.Thread.run(Thread.java:748)&#10;&quot;IPC Server handler 4 on default port 44503&quot; daemon prio=5 tid=114 timed_waiting&#10;java.lang.Thread.State: TIMED_WAITING&#10;        at sun.misc.Unsafe.park(Native Method)&#10;        at java.util.concurrent.locks.LockSupport.parkNanos(LockSupport.java:215)&#10;        at java.util.concurrent.locks.AbstractQueuedSynchronizer$ConditionObject.awaitNanos(AbstractQueuedSynchronizer.java:2078)&#10;        at java.util.concurrent.LinkedBlockingQueue.poll(LinkedBlockingQueue.java:467)&#10;        at org.apache.hadoop.ipc.CallQueueManager.take(CallQueueManager.java:317)&#10;        at org.apache.hadoop.ipc.Server$Handler.run(Server.java:2932)&#10;&quot;qtp1436718473-94&quot; daemon prio=5 tid=94 runnable&#10;java.lang.Thread.State: RUNNABLE&#10;        at sun.nio.ch.EPollArrayWrapper.epollWait(Native Method)&#10;        at sun.nio.ch.EPollArrayWrapper.poll(EPollArrayWrapper.java:269)&#10;        at sun.nio.ch.EPollSelectorImpl.doSelect(EPollSelectorImpl.java:93)&#10;        at sun.nio.ch.SelectorImpl.lockAndDoSelect(SelectorImpl.java:86)&#10;        at sun.nio.ch.SelectorImpl.select(SelectorImpl.java:97)&#10;        at sun.nio.ch.SelectorImpl.select(SelectorImpl.java:101)&#10;        at org.eclipse.jetty.io.ManagedSelector.nioSelect(ManagedSelector.java:183)&#10;        at org.eclipse.jetty.io.ManagedSelector.select(ManagedSelector.java:190)&#10;        at org.eclipse.jetty.io.ManagedSelector$SelectorProducer.select(ManagedSelector.java:606)&#10;        at org.eclipse.jetty.io.ManagedSelector$SelectorProducer.produce(ManagedSelector.java:543)&#10;        at org.eclipse.jetty.util.thread.strategy.EatWhatYouKill.produceTask(EatWhatYouKill.java:362)&#10;        at org.eclipse.jetty.util.thread.strategy.EatWhatYouKill.doProduce(EatWhatYouKill.java:186)&#10;        at org.eclipse.jetty.util.thread.strategy.EatWhatYouKill.tryProduce(EatWhatYouKill.java:173)&#10;        at org.eclipse.jetty.util.thread.strategy.EatWhatYouKill.produce(EatWhatYouKill.java:137)&#10;        at org.eclipse.jetty.io.ManagedSelector$$Lambda$644/1993482475.run(Unknown Source)&#10;        at org.eclipse.jetty.util.thread.QueuedThreadPool.runJob(QueuedThreadPool.java:883)&#10;        at org.eclipse.jetty.util.thread.QueuedThreadPool$Runner.run(QueuedThreadPool.java:1034)&#10;        at java.lang.Thread.run(Thread.java:748)&#10;&quot;qtp1223954869-3437&quot; daemon prio=5 tid=3437 timed_waiting&#10;java.lang.Thread.State: TIMED_WAITING&#10;        at sun.misc.Unsafe.park(Native Method)&#10;        at java.util.concurrent.locks.LockSupport.parkNanos(LockSupport.java:215)&#10;        at java.util.concurrent.locks.AbstractQueuedSynchronizer$ConditionObject.awaitNanos(AbstractQueuedSynchronizer.java:2078)&#10;        at org.eclipse.jetty.util.BlockingArrayQueue.poll(BlockingArrayQueue.java:382)&#10;        at org.eclipse.jetty.util.thread.QueuedThreadPool$Runner.idleJobPoll(QueuedThreadPool.java:974)&#10;        at org.eclipse.jetty.util.thread.QueuedThreadPool$Runner.run(QueuedThreadPool.java:1018)&#10;        at java.lang.Thread.run(Thread.java:748)&#10;&quot;351ad2a7-25a1-411c-86a2-91a152ddf037@group-1D92263011BB-LeaderStateImpl&quot; daemon prio=5 tid=109 timed_waiting&#10;java.lang.Thread.State: TIMED_WAITING&#10;        at sun.misc.Unsafe.park(Native Method)&#10;        at java.util.concurrent.locks.LockSupport.parkNanos(LockSupport.java:215)&#10;        at java.util.concurrent.locks.AbstractQueuedSynchronizer$ConditionObject.awaitNanos(AbstractQueuedSynchronizer.java:2078)&#10;        at java.util.concurrent.ArrayBlockingQueue.poll(ArrayBlockingQueue.java:418)&#10;        at org.apache.ratis.server.impl.LeaderStateImpl$EventQueue.poll(LeaderStateImpl.java:156)&#10;        at org.apache.ratis.server.impl.LeaderStateImpl$EventProcessor.run(LeaderStateImpl.java:600)&#10;&quot;Datanode ReportManager Thread - 0&quot; daemon prio=5 tid=3446 in Object.wait()&#10;java.lang.Thread.State: WAITING (on object monitor)&#10;        at sun.misc.Unsafe.park(Native Method)&#10;        at java.util.concurrent.locks.LockSupport.park(LockSupport.java:175)&#10;        at java.util.concurrent.locks.AbstractQueuedSynchronizer$ConditionObject.await(AbstractQueuedSynchronizer.java:2039)&#10;        at java.util.concurrent.ScheduledThreadPoolExecutor$DelayedWorkQueue.take(ScheduledThreadPoolExecutor.java:1088)&#10;        at java.util.concurrent.ScheduledThreadPoolExecutor$DelayedWorkQueue.take(ScheduledThreadPoolExecutor.java:809)&#10;        at java.util.concurrent.ThreadPoolExecutor.getTask(ThreadPoolExecutor.java:1074)&#10;        at java.util.concurrent.ThreadPoolExecutor.runWorker(ThreadPoolExecutor.java:1134)&#10;        at java.util.concurrent.ThreadPoolExecutor$Worker.run(ThreadPoolExecutor.java:624)&#10;        at java.lang.Thread.run(Thread.java:748)&#10;&quot;EventQueue-HealthyReadonlyNodeForHealthyReadOnlyNodeHandler&quot; daemon prio=5 tid=3488 in Object.wait()&#10;java.lang.Thread.State: WAITING (on object monitor)&#10;        at sun.misc.Unsafe.park(Native Method)&#10;        at java.util.concurrent.locks.LockSupport.park(LockSupport.java:175)&#10;        at java.util.concurrent.locks.AbstractQueuedSynchronizer$ConditionObject.await(AbstractQueuedSynchronizer.java:2039)&#10;        at java.util.concurrent.LinkedBlockingQueue.take(LinkedBlockingQueue.java:442)&#10;        at java.util.concurrent.ThreadPoolExecutor.getTask(ThreadPoolExecutor.java:1074)&#10;        at java.util.concurrent.ThreadPoolExecutor.runWorker(ThreadPoolExecutor.java:1134)&#10;        at java.util.concurrent.ThreadPoolExecutor$Worker.run(ThreadPoolExecutor.java:624)&#10;        at java.lang.Thread.run(Thread.java:748)&#10;&quot;qtp697960017-151&quot; daemon prio=5 tid=151 timed_waiting&#10;java.lang.Thread.State: TIMED_WAITING&#10;        at sun.misc.Unsafe.park(Native Method)&#10;        at java.util.concurrent.locks.LockSupport.parkNanos(LockSupport.java:215)&#10;        at java.util.concurrent.locks.AbstractQueuedSynchronizer$ConditionObject.awaitNanos(AbstractQueuedSynchronizer.java:2078)&#10;        at org.eclipse.jetty.util.BlockingArrayQueue.poll(BlockingArrayQueue.java:382)&#10;        at org.eclipse.jetty.util.thread.QueuedThreadPool$Runner.idleJobPoll(QueuedThreadPool.java:974)&#10;        at org.eclipse.jetty.util.thread.QueuedThreadPool$Runner.run(QueuedThreadPool.java:1018)&#10;        at java.lang.Thread.run(Thread.java:748)&#10;&quot;IPC Server listener on 0&quot; daemon prio=5 tid=42 runnable&#10;java.lang.Thread.State: RUNNABLE&#10;        at sun.nio.ch.EPollArrayWrapper.epollWait(Native Method)&#10;        at sun.nio.ch.EPollArrayWrapper.poll(EPollArrayWrapper.java:269)&#10;        at sun.nio.ch.EPollSelectorImpl.doSelect(EPollSelectorImpl.java:93)&#10;        at sun.nio.ch.SelectorImpl.lockAndDoSelect(SelectorImpl.java:86)&#10;        at sun.nio.ch.SelectorImpl.select(SelectorImpl.java:97)&#10;        at sun.nio.ch.SelectorImpl.select(SelectorImpl.java:101)&#10;        at org.apache.hadoop.ipc.Server$Listener.run(Server.java:1350)&#10;&quot;qtp1181152590-3528&quot; daemon prio=5 tid=3528 timed_waiting&#10;java.lang.Thread.State: TIMED_WAITING&#10;        at sun.misc.Unsafe.park(Native Method)&#10;        at java.util.concurrent.locks.LockSupport.parkNanos(LockSupport.java:215)&#10;        at java.util.concurrent.locks.AbstractQueuedSynchronizer$ConditionObject.awaitNanos(AbstractQueuedSynchronizer.java:2078)&#10;        at org.eclipse.jetty.util.BlockingArrayQueue.poll(BlockingArrayQueue.java:382)&#10;        at org.eclipse.jetty.util.thread.QueuedThreadPool$Runner.idleJobPoll(QueuedThreadPool.java:974)&#10;        at org.eclipse.jetty.util.thread.QueuedThreadPool$Runner.run(QueuedThreadPool.java:1018)&#10;        at java.lang.Thread.run(Thread.java:748)&#10;&quot;Datanode ReportManager Thread - 0&quot; daemon prio=5 tid=194 timed_waiting&#10;java.lang.Thread.State: TIMED_WAITING&#10;        at sun.misc.Unsafe.park(Native Method)&#10;        at java.util.concurrent.locks.LockSupport.parkNanos(LockSupport.java:215)&#10;        at java.util.concurrent.locks.AbstractQueuedSynchronizer$ConditionObject.awaitNanos(AbstractQueuedSynchronizer.java:2078)&#10;        at java.util.concurrent.ScheduledThreadPoolExecutor$DelayedWorkQueue.take(ScheduledThreadPoolExecutor.java:1093)&#10;        at java.util.concurrent.ScheduledThreadPoolExecutor$DelayedWorkQueue.take(ScheduledThreadPoolExecutor.java:809)&#10;        at java.util.concurrent.ThreadPoolExecutor.getTask(ThreadPoolExecutor.java:1074)&#10;        at java.util.concurrent.ThreadPoolExecutor.runWorker(ThreadPoolExecutor.java:1134)&#10;        at java.util.concurrent.ThreadPoolExecutor$Worker.run(ThreadPoolExecutor.java:624)&#10;        at java.lang.Thread.run(Thread.java:748)&#10;&quot;IPC Server handler 17 on default port 45631&quot; daemon prio=5 tid=172 timed_waiting&#10;java.lang.Thread.State: TIMED_WAITING&#10;        at sun.misc.Unsafe.park(Native Method)&#10;        at java.util.concurrent.locks.LockSupport.parkNanos(LockSupport.java:215)&#10;        at java.util.concurrent.locks.AbstractQueuedSynchronizer$ConditionObject.awaitNanos(AbstractQueuedSynchronizer.java:2078)&#10;        at java.util.concurrent.LinkedBlockingQueue.poll(LinkedBlockingQueue.java:467)&#10;        at org.apache.hadoop.ipc.CallQueueManager.take(CallQueueManager.java:317)&#10;        at org.apache.hadoop.ipc.Server$Handler.run(Server.java:2932)&#10;&quot;om1@group-C5BA1605619E-StateMachineUpdater&quot; daemon prio=5 tid=138 in Object.wait()&#10;java.lang.Thread.State: WAITING (on object monitor)&#10;        at java.lang.Object.wait(Native Method)&#10;        at java.lang.Object.wait(Object.java:502)&#10;        at org.apache.ratis.server.impl.StateMachineUpdater.waitForCommit(StateMachineUpdater.java:204)&#10;        at org.apache.ratis.server.impl.StateMachineUpdater.run(StateMachineUpdater.java:173)&#10;        at java.lang.Thread.run(Thread.java:748)&#10;&quot;fb2bbb8d-0a43-4468-9762-35835c6ecdd5@group-EA466064A84A-LeaderStateImpl&quot; daemon prio=5 tid=3516 timed_waiting&#10;java.lang.Thread.State: TIMED_WAITING&#10;        at sun.misc.Unsafe.park(Native Method)&#10;        at java.util.concurrent.locks.LockSupport.parkNanos(LockSupport.java:215)&#10;        at java.util.concurrent.locks.AbstractQueuedSynchronizer$ConditionObject.awaitNanos(AbstractQueuedSynchronizer.java:2078)&#10;        at java.util.concurrent.ArrayBlockingQueue.poll(ArrayBlockingQueue.java:418)&#10;        at org.apache.ratis.server.impl.LeaderStateImpl$EventQueue.poll(LeaderStateImpl.java:156)&#10;        at org.apache.ratis.server.impl.LeaderStateImpl$EventProcessor.run(LeaderStateImpl.java:600)&#10;&quot;IPC Server handler 11 on default port 45631&quot; daemon prio=5 tid=166 timed_waiting&#10;java.lang.Thread.State: TIMED_WAITING&#10;        at sun.misc.Unsafe.park(Native Method)&#10;        at java.util.concurrent.locks.LockSupport.parkNanos(LockSupport.java:215)&#10;        at java.util.concurrent.locks.AbstractQueuedSynchronizer$ConditionObject.awaitNanos(AbstractQueuedSynchronizer.java:2078)&#10;        at java.util.concurrent.LinkedBlockingQueue.poll(LinkedBlockingQueue.java:467)&#10;        at org.apache.hadoop.ipc.CallQueueManager.take(CallQueueManager.java:317)&#10;        at org.apache.hadoop.ipc.Server$Handler.run(Server.java:2932)&#10;&quot;IPC Server handler 16 on default port 41883&quot; daemon prio=5 tid=87 timed_waiting&#10;java.lang.Thread.State: TIMED_WAITING&#10;        at sun.misc.Unsafe.park(Native Method)&#10;        at java.util.concurrent.locks.LockSupport.parkNanos(LockSupport.java:215)&#10;        at java.util.concurrent.locks.AbstractQueuedSynchronizer$ConditionObject.awaitNanos(AbstractQueuedSynchronizer.java:2078)&#10;        at java.util.concurrent.LinkedBlockingQueue.poll(LinkedBlockingQueue.java:467)&#10;        at org.apache.hadoop.ipc.CallQueueManager.take(CallQueueManager.java:317)&#10;        at org.apache.hadoop.ipc.Server$Handler.run(Server.java:2932)&#10;&quot;Periodic HDDS volume checker&quot; daemon prio=5 tid=3518 timed_waiting&#10;java.lang.Thread.State: TIMED_WAITING&#10;        at sun.misc.Unsafe.park(Native Method)&#10;        at java.util.concurrent.locks.LockSupport.parkNanos(LockSupport.java:215)&#10;        at java.util.concurrent.locks.AbstractQueuedSynchronizer$ConditionObject.awaitNanos(AbstractQueuedSynchronizer.java:2078)&#10;        at java.util.concurrent.ScheduledThreadPoolExecutor$DelayedWorkQueue.take(ScheduledThreadPoolExecutor.java:1093)&#10;        at java.util.concurrent.ScheduledThreadPoolExecutor$DelayedWorkQueue.take(ScheduledThreadPoolExecutor.java:809)&#10;        at java.util.concurrent.ThreadPoolExecutor.getTask(ThreadPoolExecutor.java:1074)&#10;        at java.util.concurrent.ThreadPoolExecutor.runWorker(ThreadPoolExecutor.java:1134)&#10;        at java.util.concurrent.ThreadPoolExecutor$Worker.run(ThreadPoolExecutor.java:624)&#10;        at java.lang.Thread.run(Thread.java:748)&#10;&quot;Datanode ReportManager Thread - 3&quot; daemon prio=5 tid=249 in Object.wait()&#10;java.lang.Thread.State: WAITING (on object monitor)&#10;        at sun.misc.Unsafe.park(Native Method)&#10;        at java.util.concurrent.locks.LockSupport.park(LockSupport.java:175)&#10;        at java.util.concurrent.locks.AbstractQueuedSynchronizer$ConditionObject.await(AbstractQueuedSynchronizer.java:2039)&#10;        at java.util.concurrent.ScheduledThreadPoolExecutor$DelayedWorkQueue.take(ScheduledThreadPoolExecutor.java:1088)&#10;        at java.util.concurrent.ScheduledThreadPoolExecutor$DelayedWorkQueue.take(ScheduledThreadPoolExecutor.java:809)&#10;        at java.util.concurrent.ThreadPoolExecutor.getTask(ThreadPoolExecutor.java:1074)&#10;        at java.util.concurrent.ThreadPoolExecutor.runWorker(ThreadPoolExecutor.java:1134)&#10;        at java.util.concurrent.ThreadPoolExecutor$Worker.run(ThreadPoolExecutor.java:624)&#10;        at java.lang.Thread.run(Thread.java:748)&#10;&quot;IPC Server handler 18 on default port 45631&quot; daemon prio=5 tid=173 timed_waiting&#10;java.lang.Thread.State: TIMED_WAITING&#10;        at sun.misc.Unsafe.park(Native Method)&#10;        at java.util.concurrent.locks.LockSupport.parkNanos(LockSupport.java:215)&#10;        at java.util.concurrent.locks.AbstractQueuedSynchronizer$ConditionObject.awaitNanos(AbstractQueuedSynchronizer.java:2078)&#10;        at java.util.concurrent.LinkedBlockingQueue.poll(LinkedBlockingQueue.java:467)&#10;        at org.apache.hadoop.ipc.CallQueueManager.take(CallQueueManager.java:317)&#10;        at org.apache.hadoop.ipc.Server$Handler.run(Server.java:2932)&#10;&quot;IPC Server handler 17 on default port 41663&quot; daemon prio=5 tid=68 timed_waiting&#10;java.lang.Thread.State: TIMED_WAITING&#10;        at sun.misc.Unsafe.park(Native Method)&#10;        at java.util.concurrent.locks.LockSupport.parkNanos(LockSupport.java:215)&#10;        at java.util.concurrent.locks.AbstractQueuedSynchronizer$ConditionObject.awaitNanos(AbstractQueuedSynchronizer.java:2078)&#10;        at java.util.concurrent.LinkedBlockingQueue.poll(LinkedBlockingQueue.java:467)&#10;        at org.apache.hadoop.ipc.CallQueueManager.take(CallQueueManager.java:317)&#10;        at org.apache.hadoop.ipc.Server$Handler.run(Server.java:2932)&#10;&quot;BlockDeletingService#3&quot; daemon prio=5 tid=3639 in Object.wait()&#10;java.lang.Thread.State: WAITING (on object monitor)&#10;        at sun.misc.Unsafe.park(Native Method)&#10;        at java.util.concurrent.locks.LockSupport.park(LockSupport.java:175)&#10;        at java.util.concurrent.locks.AbstractQueuedSynchronizer$ConditionObject.await(AbstractQueuedSynchronizer.java:2039)&#10;        at java.util.concurrent.ScheduledThreadPoolExecutor$DelayedWorkQueue.take(ScheduledThreadPoolExecutor.java:1088)&#10;        at java.util.concurrent.ScheduledThreadPoolExecutor$DelayedWorkQueue.take(ScheduledThreadPoolExecutor.java:809)&#10;        at java.util.concurrent.ThreadPoolExecutor.getTask(ThreadPoolExecutor.java:1074)&#10;        at java.util.concurrent.ThreadPoolExecutor.runWorker(ThreadPoolExecutor.java:1134)&#10;        at java.util.concurrent.ThreadPoolExecutor$Worker.run(ThreadPoolExecutor.java:624)&#10;        at java.lang.Thread.run(Thread.java:748)&#10;&quot;IPC Server handler 13 on default port 45631&quot; daemon prio=5 tid=168 timed_waiting&#10;java.lang.Thread.State: TIMED_WAITING&#10;        at sun.misc.Unsafe.park(Native Method)&#10;        at java.util.concurrent.locks.LockSupport.parkNanos(LockSupport.java:215)&#10;        at java.util.concurrent.locks.AbstractQueuedSynchronizer$ConditionObject.awaitNanos(AbstractQueuedSynchronizer.java:2078)&#10;        at java.util.concurrent.LinkedBlockingQueue.poll(LinkedBlockingQueue.java:467)&#10;        at org.apache.hadoop.ipc.CallQueueManager.take(CallQueueManager.java:317)&#10;        at org.apache.hadoop.ipc.Server$Handler.run(Server.java:2932)&#10;&quot;SCM Heartbeat Processing Thread - 0&quot; daemon prio=5 tid=29 timed_waiting&#10;java.lang.Thread.State: TIMED_WAITING&#10;        at sun.misc.Unsafe.park(Native Method)&#10;        at java.util.concurrent.locks.LockSupport.parkNanos(LockSupport.java:215)&#10;        at java.util.concurrent.locks.AbstractQueuedSynchronizer$ConditionObject.awaitNanos(AbstractQueuedSynchronizer.java:2078)&#10;        at java.util.concurrent.ScheduledThreadPoolExecutor$DelayedWorkQueue.take(ScheduledThreadPoolExecutor.java:1093)&#10;        at java.util.concurrent.ScheduledThreadPoolExecutor$DelayedWorkQueue.take(ScheduledThreadPoolExecutor.java:809)&#10;        at java.util.concurrent.ThreadPoolExecutor.getTask(ThreadPoolExecutor.java:1074)&#10;        at java.util.concurrent.ThreadPoolExecutor.runWorker(ThreadPoolExecutor.java:1134)&#10;        at java.util.concurrent.ThreadPoolExecutor$Worker.run(ThreadPoolExecutor.java:624)&#10;        at java.lang.Thread.run(Thread.java:748)&#10;&quot;Timer for &apos;StorageContainerManager&apos; metrics system&quot; daemon prio=5 tid=49 timed_waiting&#10;java.lang.Thread.State: TIMED_WAITING&#10;        at java.lang.Object.wait(Native Method)&#10;        at java.util.TimerThread.mainLoop(Timer.java:552)&#10;        at java.util.TimerThread.run(Timer.java:505)&#10;&quot;org.apache.hadoop.ozone.container.common.statemachine.commandhandler.DeleteBlocksCommandHandler$DeleteCmdWorker@3a171ac9&quot; daemon prio=5 tid=233 runnable&#10;java.lang.Thread.State: RUNNABLE&#10;        at java.lang.Thread.sleep(Native Method)&#10;        at org.apache.hadoop.ozone.container.common.statemachine.commandhandler.DeleteBlocksCommandHandler$DeleteCmdWorker.run(DeleteBlocksCommandHandler.java:175)&#10;        at java.lang.Thread.run(Thread.java:748)&#10;&quot;surefire-forkedjvm-ping-30s&quot; daemon prio=5 tid=10 timed_waiting&#10;java.lang.Thread.State: TIMED_WAITING&#10;        at java.io.FileInputStream.readBytes(Native Method)&#10;        at java.io.FileInputStream.read(FileInputStream.java:255)&#10;        at java.io.BufferedInputStream.read1(BufferedInputStream.java:284)&#10;        at java.io.BufferedInputStream.read(BufferedInputStream.java:345)&#10;        at sun.nio.cs.StreamDecoder.readBytes(StreamDecoder.java:284)&#10;        at sun.nio.cs.StreamDecoder.implRead(StreamDecoder.java:326)&#10;        at sun.nio.cs.StreamDecoder.read(StreamDecoder.java:178)&#10;        at java.io.InputStreamReader.read(InputStreamReader.java:184)&#10;        at java.io.Reader.read(Reader.java:100)&#10;        at java.util.Scanner.readInput(Scanner.java:804)&#10;        at java.util.Scanner.findWithinHorizon(Scanner.java:1685)&#10;        at java.util.Scanner.hasNextLine(Scanner.java:1500)&#10;        at org.apache.maven.surefire.booter.PpidChecker$ProcessInfoConsumer.execute(PpidChecker.java:354)&#10;        at org.apache.maven.surefire.booter.PpidChecker.unix(PpidChecker.java:190)&#10;        at org.apache.maven.surefire.booter.PpidChecker.isProcessAlive(PpidChecker.java:123)&#10;        at org.apache.maven.surefire.booter.ForkedBooter$2.run(ForkedBooter.java:214)&#10;        at java.util.concurrent.Executors$RunnableAdapter.call(Executors.java:511)&#10;        at java.util.concurrent.FutureTask.runAndReset(FutureTask.java:308)&#10;        at java.util.concurrent.ScheduledThreadPoolExecutor$ScheduledFutureTask.access$301(ScheduledThreadPoolExecutor.java:180)&#10;        at java.util.concurrent.ScheduledThreadPoolExecutor$ScheduledFutureTask.run(ScheduledThreadPoolExecutor.java:294)&#10;        at java.util.concurrent.ThreadPoolExecutor.runWorker(ThreadPoolExecutor.java:1149)&#10;        at java.util.concurrent.ThreadPoolExecutor$Worker.run(ThreadPoolExecutor.java:624)&#10;        at java.lang.Thread.run(Thread.java:748)&#10;&quot;IPC Server handler 3 on default port 45631&quot; daemon prio=5 tid=158 timed_waiting&#10;java.lang.Thread.State: TIMED_WAITING&#10;        at sun.misc.Unsafe.park(Native Method)&#10;        at java.util.concurrent.locks.LockSupport.parkNanos(LockSupport.java:215)&#10;        at java.util.concurrent.locks.AbstractQueuedSynchronizer$ConditionObject.awaitNanos(AbstractQueuedSynchronizer.java:2078)&#10;        at java.util.concurrent.LinkedBlockingQueue.poll(LinkedBlockingQueue.java:467)&#10;        at org.apache.hadoop.ipc.CallQueueManager.take(CallQueueManager.java:317)&#10;        at org.apache.hadoop.ipc.Server$Handler.run(Server.java:2932)&#10;&quot;IPC Server idle connection scanner for port 44503&quot; daemon prio=5 tid=36 timed_waiting&#10;java.lang.Thread.State: TIMED_WAITING&#10;        at java.lang.Object.wait(Native Method)&#10;        at java.util.TimerThread.mainLoop(Timer.java:552)&#10;        at java.util.TimerThread.run(Timer.java:505)&#10;&quot;ChunkWriter-0-0&quot; daemon prio=5 tid=3551 in Object.wait()&#10;java.lang.Thread.State: WAITING (on object monitor)&#10;        at sun.misc.Unsafe.park(Native Method)&#10;        at java.util.concurrent.locks.LockSupport.park(LockSupport.java:175)&#10;        at java.util.concurrent.locks.AbstractQueuedSynchronizer$ConditionObject.await(AbstractQueuedSynchronizer.java:2039)&#10;        at java.util.concurrent.LinkedBlockingDeque.takeFirst(LinkedBlockingDeque.java:492)&#10;        at java.util.concurrent.LinkedBlockingDeque.take(LinkedBlockingDeque.java:680)&#10;        at java.util.concurrent.ThreadPoolExecutor.getTask(ThreadPoolExecutor.java:1074)&#10;        at java.util.concurrent.ThreadPoolExecutor.runWorker(ThreadPoolExecutor.java:1134)&#10;        at java.util.concurrent.ThreadPoolExecutor$Worker.run(ThreadPoolExecutor.java:624)&#10;        at java.lang.Thread.run(Thread.java:748)&#10;&quot;IPC Server handler 4 on default port 45631&quot; daemon prio=5 tid=159 timed_waiting&#10;java.lang.Thread.State: TIMED_WAITING&#10;        at sun.misc.Unsafe.park(Native Method)&#10;        at java.util.concurrent.locks.LockSupport.parkNanos(LockSupport.java:215)&#10;        at java.util.concurrent.locks.AbstractQueuedSynchronizer$ConditionObject.awaitNanos(AbstractQueuedSynchronizer.java:2078)&#10;        at java.util.concurrent.LinkedBlockingQueue.poll(LinkedBlockingQueue.java:467)&#10;        at org.apache.hadoop.ipc.CallQueueManager.take(CallQueueManager.java:317)&#10;        at org.apache.hadoop.ipc.Server$Handler.run(Server.java:2932)&#10;&quot;org.apache.hadoop.util.JvmPauseMonitor$Monitor@4d145177&quot; daemon prio=5 tid=92 timed_waiting&#10;java.lang.Thread.State: TIMED_WAITING&#10;        at java.lang.Thread.sleep(Native Method)&#10;        at org.apache.hadoop.util.JvmPauseMonitor$Monitor.run(JvmPauseMonitor.java:192)&#10;        at java.lang.Thread.run(Thread.java:748)&#10;&quot;Datanode ReportManager Thread - 2&quot; daemon prio=5 tid=196 in Object.wait()&#10;java.lang.Thread.State: WAITING (on object monitor)&#10;        at sun.misc.Unsafe.park(Native Method)&#10;        at java.util.concurrent.locks.LockSupport.park(LockSupport.java:175)&#10;        at java.util.concurrent.locks.AbstractQueuedSynchronizer$ConditionObject.await(AbstractQueuedSynchronizer.java:2039)&#10;        at java.util.concurrent.ScheduledThreadPoolExecutor$DelayedWorkQueue.take(ScheduledThreadPoolExecutor.java:1088)&#10;        at java.util.concurrent.ScheduledThreadPoolExecutor$DelayedWorkQueue.take(ScheduledThreadPoolExecutor.java:809)&#10;        at java.util.concurrent.ThreadPoolExecutor.getTask(ThreadPoolExecutor.java:1074)&#10;        at java.util.concurrent.ThreadPoolExecutor.runWorker(ThreadPoolExecutor.java:1134)&#10;        at java.util.concurrent.ThreadPoolExecutor$Worker.run(ThreadPoolExecutor.java:624)&#10;        at java.lang.Thread.run(Thread.java:748)&#10;&quot;qtp1181152590-3529&quot; daemon prio=5 tid=3529 timed_waiting&#10;java.lang.Thread.State: TIMED_WAITING&#10;        at sun.misc.Unsafe.park(Native Method)&#10;        at java.util.concurrent.locks.LockSupport.parkNanos(LockSupport.java:215)&#10;        at java.util.concurrent.locks.AbstractQueuedSynchronizer$ConditionObject.awaitNanos(AbstractQueuedSynchronizer.java:2078)&#10;        at org.eclipse.jetty.util.BlockingArrayQueue.poll(BlockingArrayQueue.java:382)&#10;        at org.eclipse.jetty.util.thread.QueuedThreadPool$Runner.idleJobPoll(QueuedThreadPool.java:974)&#10;        at org.eclipse.jetty.util.thread.QueuedThreadPool$Runner.run(QueuedThreadPool.java:1018)&#10;        at java.lang.Thread.run(Thread.java:748)&#10;&quot;Datanode ReportManager Thread - 1&quot; daemon prio=5 tid=195 in Object.wait()&#10;java.lang.Thread.State: WAITING (on object monitor)&#10;        at sun.misc.Unsafe.park(Native Method)&#10;        at java.util.concurrent.locks.LockSupport.park(LockSupport.java:175)&#10;        at java.util.concurrent.locks.AbstractQueuedSynchronizer$ConditionObject.await(AbstractQueuedSynchronizer.java:2039)&#10;        at java.util.concurrent.ScheduledThreadPoolExecutor$DelayedWorkQueue.take(ScheduledThreadPoolExecutor.java:1088)&#10;        at java.util.concurrent.ScheduledThreadPoolExecutor$DelayedWorkQueue.take(ScheduledThreadPoolExecutor.java:809)&#10;        at java.util.concurrent.ThreadPoolExecutor.getTask(ThreadPoolExecutor.java:1074)&#10;        at java.util.concurrent.ThreadPoolExecutor.runWorker(ThreadPoolExecutor.java:1134)&#10;        at java.util.concurrent.ThreadPoolExecutor$Worker.run(ThreadPoolExecutor.java:624)&#10;        at java.lang.Thread.run(Thread.java:748)&#10;&quot;prometheus&quot; daemon prio=5 tid=103 in Object.wait()&#10;java.lang.Thread.State: WAITING (on object monitor)&#10;        at java.lang.Object.wait(Native Method)&#10;        at java.lang.Object.wait(Object.java:502)&#10;        at org.apache.hadoop.metrics2.impl.SinkQueue.waitForData(SinkQueue.java:114)&#10;        at org.apache.hadoop.metrics2.impl.SinkQueue.consumeAll(SinkQueue.java:83)&#10;        at org.apache.hadoop.metrics2.impl.MetricsSinkAdapter.publishMetricsFromQueue(MetricsSinkAdapter.java:135)&#10;        at org.apache.hadoop.metrics2.impl.MetricsSinkAdapter$1.run(MetricsSinkAdapter.java:89)&#10;&quot;Datanode ReportManager Thread - 0&quot; daemon prio=5 tid=246 timed_waiting&#10;java.lang.Thread.State: TIMED_WAITING&#10;        at sun.misc.Unsafe.park(Native Method)&#10;        at java.util.concurrent.locks.LockSupport.parkNanos(LockSupport.java:215)&#10;        at java.util.concurrent.locks.AbstractQueuedSynchronizer$ConditionObject.awaitNanos(AbstractQueuedSynchronizer.java:2078)&#10;        at java.util.concurrent.ScheduledThreadPoolExecutor$DelayedWorkQueue.take(ScheduledThreadPoolExecutor.java:1093)&#10;        at java.util.concurrent.ScheduledThreadPoolExecutor$DelayedWorkQueue.take(ScheduledThreadPoolExecutor.java:809)&#10;        at java.util.concurrent.ThreadPoolExecutor.getTask(ThreadPoolExecutor.java:1074)&#10;        at java.util.concurrent.ThreadPoolExecutor.runWorker(ThreadPoolExecutor.java:1134)&#10;        at java.util.concurrent.ThreadPoolExecutor$Worker.run(ThreadPoolExecutor.java:624)&#10;        at java.lang.Thread.run(Thread.java:748)&#10;&quot;6bfb9779-376e-41d0-a4a3-df540c6cb1bb@group-4A2A27F3DB13-SegmentedRaftLogWorker&quot;  prio=5 tid=3497 timed_waiting&#10;java.lang.Thread.State: TIMED_WAITING&#10;        at sun.misc.Unsafe.park(Native Method)&#10;        at java.util.concurrent.locks.LockSupport.parkNanos(LockSupport.java:215)&#10;        at java.util.concurrent.locks.AbstractQueuedSynchronizer$ConditionObject.awaitNanos(AbstractQueuedSynchronizer.java:2078)&#10;        at org.apache.ratis.util.DataBlockingQueue.poll(DataBlockingQueue.java:137)&#10;        at org.apache.ratis.server.raftlog.segmented.SegmentedRaftLogWorker.run(SegmentedRaftLogWorker.java:292)&#10;        at org.apache.ratis.server.raftlog.segmented.SegmentedRaftLogWorker$$Lambda$358/232402060.run(Unknown Source)&#10;        at java.lang.Thread.run(Thread.java:748)&#10;&quot;EventQueue-CloseContainerForCloseContainerEventHandler&quot; daemon prio=5 tid=3421 in Object.wait()&#10;java.lang.Thread.State: WAITING (on object monitor)&#10;        at sun.misc.Unsafe.park(Native Method)&#10;        at java.util.concurrent.locks.LockSupport.park(LockSupport.java:175)&#10;        at java.util.concurrent.locks.AbstractQueuedSynchronizer$ConditionObject.await(AbstractQueuedSynchronizer.java:2039)&#10;        at java.util.concurrent.LinkedBlockingQueue.take(LinkedBlockingQueue.java:442)&#10;        at java.util.concurrent.ThreadPoolExecutor.getTask(ThreadPoolExecutor.java:1074)&#10;        at java.util.concurrent.ThreadPoolExecutor.runWorker(ThreadPoolExecutor.java:1134)&#10;        at java.util.concurrent.ThreadPoolExecutor$Worker.run(ThreadPoolExecutor.java:624)&#10;        at java.lang.Thread.run(Thread.java:748)&#10;&quot;grpc-default-executor-3&quot; daemon prio=5 tid=584 timed_waiting&#10;java.lang.Thread.State: TIMED_WAITING&#10;        at sun.misc.Unsafe.park(Native Method)&#10;        at java.util.concurrent.locks.LockSupport.parkNanos(LockSupport.java:215)&#10;        at java.util.concurrent.SynchronousQueue$TransferStack.awaitFulfill(SynchronousQueue.java:460)&#10;        at java.util.concurrent.SynchronousQueue$TransferStack.transfer(SynchronousQueue.java:362)&#10;        at java.util.concurrent.SynchronousQueue.poll(SynchronousQueue.java:941)&#10;        at java.util.concurrent.ThreadPoolExecutor.getTask(ThreadPoolExecutor.java:1073)&#10;        at java.util.concurrent.ThreadPoolExecutor.runWorker(ThreadPoolExecutor.java:1134)&#10;        at java.util.concurrent.ThreadPoolExecutor$Worker.run(ThreadPoolExecutor.java:624)&#10;        at java.lang.Thread.run(Thread.java:748)&#10;&quot;qtp1223954869-3432&quot; daemon prio=5 tid=3432 timed_waiting&#10;java.lang.Thread.State: TIMED_WAITING&#10;        at sun.misc.Unsafe.park(Native Method)&#10;        at java.util.concurrent.locks.LockSupport.parkNanos(LockSupport.java:215)&#10;        at java.util.concurrent.locks.AbstractQueuedSynchronizer$ConditionObject.awaitNanos(AbstractQueuedSynchronizer.java:2078)&#10;        at org.eclipse.jetty.util.BlockingArrayQueue.poll(BlockingArrayQueue.java:382)&#10;        at org.eclipse.jetty.util.thread.QueuedThreadPool$Runner.idleJobPoll(QueuedThreadPool.java:974)&#10;        at org.eclipse.jetty.util.thread.QueuedThreadPool$Runner.run(QueuedThreadPool.java:1018)&#10;        at java.lang.Thread.run(Thread.java:748)&#10;&#10;" type="java.util.concurrent.TimeoutException">java.util.concurrent.TimeoutException: 
Timed out waiting for condition. Thread diagnostics:
Timestamp: 2022-01-16 02:05:19,862

"Socket Reader #1 for port 0"  prio=5 tid=135 runnable
java.lang.Thread.State: RUNNABLE
        at sun.nio.ch.EPollArrayWrapper.epollWait(Native Method)
        at sun.nio.ch.EPollArrayWrapper.poll(EPollArrayWrapper.java:269)
        at sun.nio.ch.EPollSelectorImpl.doSelect(EPollSelectorImpl.java:93)
        at sun.nio.ch.SelectorImpl.lockAndDoSelect(SelectorImpl.java:86)
        at sun.nio.ch.SelectorImpl.select(SelectorImpl.java:97)
        at sun.nio.ch.SelectorImpl.select(SelectorImpl.java:101)
        at org.apache.hadoop.ipc.Server$Listener$Reader.doRunLoop(Server.java:1288)
        at org.apache.hadoop.ipc.Server$Listener$Reader.run(Server.java:1267)
"EventQueue-HealthyReadonlyToHealthyNodeForReadOnlyHealthyToHealthyNodeHandler" daemon prio=5 tid=3489 in Object.wait()
java.lang.Thread.State: WAITING (on object monitor)
        at sun.misc.Unsafe.park(Native Method)
        at java.util.concurrent.locks.LockSupport.park(LockSupport.java:175)
        at java.util.concurrent.locks.AbstractQueuedSynchronizer$ConditionObject.await(AbstractQueuedSynchronizer.java:2039)
        at java.util.concurrent.LinkedBlockingQueue.take(LinkedBlockingQueue.java:442)
        at java.util.concurrent.ThreadPoolExecutor.getTask(ThreadPoolExecutor.java:1074)
        at java.util.concurrent.ThreadPoolExecutor.runWorker(ThreadPoolExecutor.java:1134)
        at java.util.concurrent.ThreadPoolExecutor$Worker.run(ThreadPoolExecutor.java:624)
        at java.lang.Thread.run(Thread.java:748)
"Datanode ReportManager Thread - 0" daemon prio=5 tid=219 timed_waiting
java.lang.Thread.State: TIMED_WAITING
        at sun.misc.Unsafe.park(Native Method)
        at java.util.concurrent.locks.LockSupport.parkNanos(LockSupport.java:215)
        at java.util.concurrent.locks.AbstractQueuedSynchronizer$ConditionObject.awaitNanos(AbstractQueuedSynchronizer.java:2078)
        at java.util.concurrent.ScheduledThreadPoolExecutor$DelayedWorkQueue.take(ScheduledThreadPoolExecutor.java:1093)
        at java.util.concurrent.ScheduledThreadPoolExecutor$DelayedWorkQueue.take(ScheduledThreadPoolExecutor.java:809)
        at java.util.concurrent.ThreadPoolExecutor.getTask(ThreadPoolExecutor.java:1074)
        at java.util.concurrent.ThreadPoolExecutor.runWorker(ThreadPoolExecutor.java:1134)
        at java.util.concurrent.ThreadPoolExecutor$Worker.run(ThreadPoolExecutor.java:624)
        at java.lang.Thread.run(Thread.java:748)
"org.apache.hadoop.ozone.container.common.statemachine.commandhandler.DeleteBlocksCommandHandler$DeleteCmdWorker@9d7384" daemon prio=5 tid=3428 timed_waiting
java.lang.Thread.State: TIMED_WAITING
        at java.lang.Thread.sleep(Native Method)
        at org.apache.hadoop.ozone.container.common.statemachine.commandhandler.DeleteBlocksCommandHandler$DeleteCmdWorker.run(DeleteBlocksCommandHandler.java:175)
        at java.lang.Thread.run(Thread.java:748)
"PartialTableCache Cleanup Thread - 0" daemon prio=5 tid=394 in Object.wait()
java.lang.Thread.State: WAITING (on object monitor)
        at sun.misc.Unsafe.park(Native Method)
        at java.util.concurrent.locks.LockSupport.park(LockSupport.java:175)
        at java.util.concurrent.locks.AbstractQueuedSynchronizer$ConditionObject.await(AbstractQueuedSynchronizer.java:2039)
        at java.util.concurrent.LinkedBlockingQueue.take(LinkedBlockingQueue.java:442)
        at java.util.concurrent.ThreadPoolExecutor.getTask(ThreadPoolExecutor.java:1074)
        at java.util.concurrent.ThreadPoolExecutor.runWorker(ThreadPoolExecutor.java:1134)
        at java.util.concurrent.ThreadPoolExecutor$Worker.run(ThreadPoolExecutor.java:624)
        at java.lang.Thread.run(Thread.java:748)
"EndpointStateMachine task thread for /0.0.0.0:44503 - 0 "  prio=5 tid=266 in Object.wait()
java.lang.Thread.State: WAITING (on object monitor)
        at sun.misc.Unsafe.park(Native Method)
        at java.util.concurrent.locks.LockSupport.park(LockSupport.java:175)
        at java.util.concurrent.locks.AbstractQueuedSynchronizer$ConditionObject.await(AbstractQueuedSynchronizer.java:2039)
        at java.util.concurrent.LinkedBlockingQueue.take(LinkedBlockingQueue.java:442)
        at java.util.concurrent.ThreadPoolExecutor.getTask(ThreadPoolExecutor.java:1074)
        at java.util.concurrent.ThreadPoolExecutor.runWorker(ThreadPoolExecutor.java:1134)
        at java.util.concurrent.ThreadPoolExecutor$Worker.run(ThreadPoolExecutor.java:624)
        at java.lang.Thread.run(Thread.java:748)
"Command processor thread" daemon prio=5 tid=3544 timed_waiting
java.lang.Thread.State: TIMED_WAITING
        at java.lang.Thread.sleep(Native Method)
        at org.apache.hadoop.ozone.container.common.statemachine.DatanodeStateMachine.lambda$initCommandHandlerThread$2(DatanodeStateMachine.java:577)
        at org.apache.hadoop.ozone.container.common.statemachine.DatanodeStateMachine$$Lambda$712/1143477983.run(Unknown Source)
        at java.lang.Thread.run(Thread.java:748)
"ChunkWriter-1-0" daemon prio=5 tid=3470 in Object.wait()
java.lang.Thread.State: WAITING (on object monitor)
        at sun.misc.Unsafe.park(Native Method)
        at java.util.concurrent.locks.LockSupport.park(LockSupport.java:175)
        at java.util.concurrent.locks.AbstractQueuedSynchronizer$ConditionObject.await(AbstractQueuedSynchronizer.java:2039)
        at java.util.concurrent.LinkedBlockingDeque.takeFirst(LinkedBlockingDeque.java:492)
        at java.util.concurrent.LinkedBlockingDeque.take(LinkedBlockingDeque.java:680)
        at java.util.concurrent.ThreadPoolExecutor.getTask(ThreadPoolExecutor.java:1074)
        at java.util.concurrent.ThreadPoolExecutor.runWorker(ThreadPoolExecutor.java:1134)
        at java.util.concurrent.ThreadPoolExecutor$Worker.run(ThreadPoolExecutor.java:624)
        at java.lang.Thread.run(Thread.java:748)
"OMDoubleBufferFlushThread" daemon prio=5 tid=131 timed_waiting
java.lang.Thread.State: TIMED_WAITING
        at java.lang.Object.wait(Native Method)
        at org.apache.hadoop.ozone.om.ratis.OzoneManagerDoubleBuffer.canFlush(OzoneManagerDoubleBuffer.java:509)
        at org.apache.hadoop.ozone.om.ratis.OzoneManagerDoubleBuffer.flushTransactions(OzoneManagerDoubleBuffer.java:241)
        at org.apache.hadoop.ozone.om.ratis.OzoneManagerDoubleBuffer$$Lambda$674/247070782.run(Unknown Source)
        at java.lang.Thread.run(Thread.java:748)
"CommandWatcher-LeaseManager#LeaseMonitor" daemon prio=5 tid=50 timed_waiting
java.lang.Thread.State: TIMED_WAITING
        at java.lang.Object.wait(Native Method)
        at org.apache.hadoop.ozone.lease.LeaseManager$LeaseMonitor.run(LeaseManager.java:238)
        at java.lang.Thread.run(Thread.java:748)
"qtp1223954869-3430" daemon prio=5 tid=3430 runnable
java.lang.Thread.State: RUNNABLE
        at sun.nio.ch.EPollArrayWrapper.epollWait(Native Method)
        at sun.nio.ch.EPollArrayWrapper.poll(EPollArrayWrapper.java:269)
        at sun.nio.ch.EPollSelectorImpl.doSelect(EPollSelectorImpl.java:93)
        at sun.nio.ch.SelectorImpl.lockAndDoSelect(SelectorImpl.java:86)
        at sun.nio.ch.SelectorImpl.select(SelectorImpl.java:97)
        at sun.nio.ch.SelectorImpl.select(SelectorImpl.java:101)
        at org.eclipse.jetty.io.ManagedSelector.nioSelect(ManagedSelector.java:183)
        at org.eclipse.jetty.io.ManagedSelector.select(ManagedSelector.java:190)
        at org.eclipse.jetty.io.ManagedSelector$SelectorProducer.select(ManagedSelector.java:606)
        at org.eclipse.jetty.io.ManagedSelector$SelectorProducer.produce(ManagedSelector.java:543)
        at org.eclipse.jetty.util.thread.strategy.EatWhatYouKill.produceTask(EatWhatYouKill.java:362)
        at org.eclipse.jetty.util.thread.strategy.EatWhatYouKill.doProduce(EatWhatYouKill.java:186)
        at org.eclipse.jetty.util.thread.strategy.EatWhatYouKill.tryProduce(EatWhatYouKill.java:173)
        at org.eclipse.jetty.util.thread.strategy.EatWhatYouKill.produce(EatWhatYouKill.java:137)
        at org.eclipse.jetty.io.ManagedSelector$$Lambda$644/1993482475.run(Unknown Source)
        at org.eclipse.jetty.util.thread.QueuedThreadPool.runJob(QueuedThreadPool.java:883)
        at org.eclipse.jetty.util.thread.QueuedThreadPool$Runner.run(QueuedThreadPool.java:1034)
        at java.lang.Thread.run(Thread.java:748)
"IPC Server handler 10 on default port 45631" daemon prio=5 tid=165 timed_waiting
java.lang.Thread.State: TIMED_WAITING
        at sun.misc.Unsafe.park(Native Method)
        at java.util.concurrent.locks.LockSupport.parkNanos(LockSupport.java:215)
        at java.util.concurrent.locks.AbstractQueuedSynchronizer$ConditionObject.awaitNanos(AbstractQueuedSynchronizer.java:2078)
        at java.util.concurrent.LinkedBlockingQueue.poll(LinkedBlockingQueue.java:467)
        at org.apache.hadoop.ipc.CallQueueManager.take(CallQueueManager.java:317)
        at org.apache.hadoop.ipc.Server$Handler.run(Server.java:2932)
"org.apache.ratis.util.JvmPauseMonitor$$Lambda$422/111819772@5a079446" daemon prio=5 tid=48 timed_waiting
java.lang.Thread.State: TIMED_WAITING
        at java.lang.Thread.sleep(Native Method)
        at java.lang.Thread.sleep(Thread.java:340)
        at java.util.concurrent.TimeUnit.sleep(TimeUnit.java:386)
        at org.apache.ratis.util.TimeDuration.sleep(TimeDuration.java:324)
        at org.apache.ratis.util.TimeDuration.sleep(TimeDuration.java:309)
        at org.apache.ratis.util.JvmPauseMonitor.detectPause(JvmPauseMonitor.java:117)
        at org.apache.ratis.util.JvmPauseMonitor.run(JvmPauseMonitor.java:106)
        at org.apache.ratis.util.JvmPauseMonitor$$Lambda$422/111819772.run(Unknown Source)
        at java.lang.Thread.run(Thread.java:748)
"IPC Server handler 5 on default port 41883" daemon prio=5 tid=76 timed_waiting
java.lang.Thread.State: TIMED_WAITING
        at sun.misc.Unsafe.park(Native Method)
        at java.util.concurrent.locks.LockSupport.parkNanos(LockSupport.java:215)
        at java.util.concurrent.locks.AbstractQueuedSynchronizer$ConditionObject.awaitNanos(AbstractQueuedSynchronizer.java:2078)
        at java.util.concurrent.LinkedBlockingQueue.poll(LinkedBlockingQueue.java:467)
        at org.apache.hadoop.ipc.CallQueueManager.take(CallQueueManager.java:317)
        at org.apache.hadoop.ipc.Server$Handler.run(Server.java:2932)
"IPC Server handler 7 on default port 44503" daemon prio=5 tid=117 timed_waiting
java.lang.Thread.State: TIMED_WAITING
        at sun.misc.Unsafe.park(Native Method)
        at java.util.concurrent.locks.LockSupport.parkNanos(LockSupport.java:215)
        at java.util.concurrent.locks.AbstractQueuedSynchronizer$ConditionObject.awaitNanos(AbstractQueuedSynchronizer.java:2078)
        at java.util.concurrent.LinkedBlockingQueue.poll(LinkedBlockingQueue.java:467)
        at org.apache.hadoop.ipc.CallQueueManager.take(CallQueueManager.java:317)
        at org.apache.hadoop.ipc.Server$Handler.run(Server.java:2932)
"IPC Server handler 18 on default port 44503" daemon prio=5 tid=128 timed_waiting
java.lang.Thread.State: TIMED_WAITING
        at sun.misc.Unsafe.park(Native Method)
        at java.util.concurrent.locks.LockSupport.parkNanos(LockSupport.java:215)
        at java.util.concurrent.locks.AbstractQueuedSynchronizer$ConditionObject.awaitNanos(AbstractQueuedSynchronizer.java:2078)
        at java.util.concurrent.LinkedBlockingQueue.poll(LinkedBlockingQueue.java:467)
        at org.apache.hadoop.ipc.CallQueueManager.take(CallQueueManager.java:317)
        at org.apache.hadoop.ipc.Server$Handler.run(Server.java:2932)
"EventQueue-IncrementalContainerReportForIncrementalContainerReportHandler" daemon prio=5 tid=399 in Object.wait()
java.lang.Thread.State: WAITING (on object monitor)
        at sun.misc.Unsafe.park(Native Method)
        at java.util.concurrent.locks.LockSupport.park(LockSupport.java:175)
        at java.util.concurrent.locks.AbstractQueuedSynchronizer$ConditionObject.await(AbstractQueuedSynchronizer.java:2039)
        at java.util.concurrent.LinkedBlockingQueue.take(LinkedBlockingQueue.java:442)
        at java.util.concurrent.ThreadPoolExecutor.getTask(ThreadPoolExecutor.java:1074)
        at java.util.concurrent.ThreadPoolExecutor.runWorker(ThreadPoolExecutor.java:1134)
        at java.util.concurrent.ThreadPoolExecutor$Worker.run(ThreadPoolExecutor.java:624)
        at java.lang.Thread.run(Thread.java:748)
"IPC Server handler 0 on default port 41883" daemon prio=5 tid=71 timed_waiting
java.lang.Thread.State: TIMED_WAITING
        at sun.misc.Unsafe.park(Native Method)
        at java.util.concurrent.locks.LockSupport.parkNanos(LockSupport.java:215)
        at java.util.concurrent.locks.AbstractQueuedSynchronizer$ConditionObject.awaitNanos(AbstractQueuedSynchronizer.java:2078)
        at java.util.concurrent.LinkedBlockingQueue.poll(LinkedBlockingQueue.java:467)
        at org.apache.hadoop.ipc.CallQueueManager.take(CallQueueManager.java:317)
        at org.apache.hadoop.ipc.Server$Handler.run(Server.java:2932)
"EventQueue-ContainerReportForContainerReportHandler" daemon prio=5 tid=292 in Object.wait()
java.lang.Thread.State: WAITING (on object monitor)
        at sun.misc.Unsafe.park(Native Method)
        at java.util.concurrent.locks.LockSupport.park(LockSupport.java:175)
        at java.util.concurrent.locks.AbstractQueuedSynchronizer$ConditionObject.await(AbstractQueuedSynchronizer.java:2039)
        at java.util.concurrent.LinkedBlockingQueue.take(LinkedBlockingQueue.java:442)
        at java.util.concurrent.ThreadPoolExecutor.getTask(ThreadPoolExecutor.java:1074)
        at java.util.concurrent.ThreadPoolExecutor.runWorker(ThreadPoolExecutor.java:1134)
        at java.util.concurrent.ThreadPoolExecutor$Worker.run(ThreadPoolExecutor.java:624)
        at java.lang.Thread.run(Thread.java:748)
"qtp697960017-152" daemon prio=5 tid=152 timed_waiting
java.lang.Thread.State: TIMED_WAITING
        at sun.misc.Unsafe.park(Native Method)
        at java.util.concurrent.locks.LockSupport.parkNanos(LockSupport.java:215)
        at java.util.concurrent.locks.AbstractQueuedSynchronizer$ConditionObject.awaitNanos(AbstractQueuedSynchronizer.java:2078)
        at org.eclipse.jetty.util.BlockingArrayQueue.poll(BlockingArrayQueue.java:382)
        at org.eclipse.jetty.util.thread.QueuedThreadPool$Runner.idleJobPoll(QueuedThreadPool.java:974)
        at org.eclipse.jetty.util.thread.QueuedThreadPool$Runner.run(QueuedThreadPool.java:1018)
        at java.lang.Thread.run(Thread.java:748)
"IPC Server handler 10 on default port 41883" daemon prio=5 tid=81 timed_waiting
java.lang.Thread.State: TIMED_WAITING
        at sun.misc.Unsafe.park(Native Method)
        at java.util.concurrent.locks.LockSupport.parkNanos(LockSupport.java:215)
        at java.util.concurrent.locks.AbstractQueuedSynchronizer$ConditionObject.awaitNanos(AbstractQueuedSynchronizer.java:2078)
        at java.util.concurrent.LinkedBlockingQueue.poll(LinkedBlockingQueue.java:467)
        at org.apache.hadoop.ipc.CallQueueManager.take(CallQueueManager.java:317)
        at org.apache.hadoop.ipc.Server$Handler.run(Server.java:2932)
"IPC Server handler 13 on default port 41663" daemon prio=5 tid=64 timed_waiting
java.lang.Thread.State: TIMED_WAITING
        at sun.misc.Unsafe.park(Native Method)
        at java.util.concurrent.locks.LockSupport.parkNanos(LockSupport.java:215)
        at java.util.concurrent.locks.AbstractQueuedSynchronizer$ConditionObject.awaitNanos(AbstractQueuedSynchronizer.java:2078)
        at java.util.concurrent.LinkedBlockingQueue.poll(LinkedBlockingQueue.java:467)
        at org.apache.hadoop.ipc.CallQueueManager.take(CallQueueManager.java:317)
        at org.apache.hadoop.ipc.Server$Handler.run(Server.java:2932)
"ChunkWriter-0-0" daemon prio=5 tid=3469 in Object.wait()
java.lang.Thread.State: WAITING (on object monitor)
        at sun.misc.Unsafe.park(Native Method)
        at java.util.concurrent.locks.LockSupport.park(LockSupport.java:175)
        at java.util.concurrent.locks.AbstractQueuedSynchronizer$ConditionObject.await(AbstractQueuedSynchronizer.java:2039)
        at java.util.concurrent.LinkedBlockingDeque.takeFirst(LinkedBlockingDeque.java:492)
        at java.util.concurrent.LinkedBlockingDeque.take(LinkedBlockingDeque.java:680)
        at java.util.concurrent.ThreadPoolExecutor.getTask(ThreadPoolExecutor.java:1074)
        at java.util.concurrent.ThreadPoolExecutor.runWorker(ThreadPoolExecutor.java:1134)
        at java.util.concurrent.ThreadPoolExecutor$Worker.run(ThreadPoolExecutor.java:624)
        at java.lang.Thread.run(Thread.java:748)
"qtp1223954869-3435" daemon prio=5 tid=3435 timed_waiting
java.lang.Thread.State: TIMED_WAITING
        at sun.misc.Unsafe.park(Native Method)
        at java.util.concurrent.locks.LockSupport.parkNanos(LockSupport.java:215)
        at java.util.concurrent.locks.AbstractQueuedSynchronizer$ConditionObject.awaitNanos(AbstractQueuedSynchronizer.java:2078)
        at org.eclipse.jetty.util.BlockingArrayQueue.poll(BlockingArrayQueue.java:382)
        at org.eclipse.jetty.util.thread.QueuedThreadPool$Runner.idleJobPoll(QueuedThreadPool.java:974)
        at org.eclipse.jetty.util.thread.QueuedThreadPool$Runner.run(QueuedThreadPool.java:1018)
        at java.lang.Thread.run(Thread.java:748)
"Finalizer" daemon prio=8 tid=3 in Object.wait()
java.lang.Thread.State: WAITING (on object monitor)
        at java.lang.Object.wait(Native Method)
        at java.lang.ref.ReferenceQueue.remove(ReferenceQueue.java:144)
        at java.lang.ref.ReferenceQueue.remove(ReferenceQueue.java:165)
        at java.lang.ref.Finalizer$FinalizerThread.run(Finalizer.java:216)
"qtp1181152590-3525" daemon prio=5 tid=3525 runnable
java.lang.Thread.State: RUNNABLE
        at sun.nio.ch.EPollArrayWrapper.epollWait(Native Method)
        at sun.nio.ch.EPollArrayWrapper.poll(EPollArrayWrapper.java:269)
        at sun.nio.ch.EPollSelectorImpl.doSelect(EPollSelectorImpl.java:93)
        at sun.nio.ch.SelectorImpl.lockAndDoSelect(SelectorImpl.java:86)
        at sun.nio.ch.SelectorImpl.select(SelectorImpl.java:97)
        at sun.nio.ch.SelectorImpl.select(SelectorImpl.java:101)
        at org.eclipse.jetty.io.ManagedSelector.nioSelect(ManagedSelector.java:183)
        at org.eclipse.jetty.io.ManagedSelector.select(ManagedSelector.java:190)
        at org.eclipse.jetty.io.ManagedSelector$SelectorProducer.select(ManagedSelector.java:606)
        at org.eclipse.jetty.io.ManagedSelector$SelectorProducer.produce(ManagedSelector.java:543)
        at org.eclipse.jetty.util.thread.strategy.EatWhatYouKill.produceTask(EatWhatYouKill.java:362)
        at org.eclipse.jetty.util.thread.strategy.EatWhatYouKill.doProduce(EatWhatYouKill.java:186)
        at org.eclipse.jetty.util.thread.strategy.EatWhatYouKill.tryProduce(EatWhatYouKill.java:173)
        at org.eclipse.jetty.util.thread.strategy.EatWhatYouKill.produce(EatWhatYouKill.java:137)
        at org.eclipse.jetty.io.ManagedSelector$$Lambda$644/1993482475.run(Unknown Source)
        at org.eclipse.jetty.util.thread.QueuedThreadPool.runJob(QueuedThreadPool.java:883)
        at org.eclipse.jetty.util.thread.QueuedThreadPool$Runner.run(QueuedThreadPool.java:1034)
        at java.lang.Thread.run(Thread.java:748)
"IPC Server Responder" daemon prio=5 tid=41 runnable
java.lang.Thread.State: RUNNABLE
        at sun.nio.ch.EPollArrayWrapper.epollWait(Native Method)
        at sun.nio.ch.EPollArrayWrapper.poll(EPollArrayWrapper.java:269)
        at sun.nio.ch.EPollSelectorImpl.doSelect(EPollSelectorImpl.java:93)
        at sun.nio.ch.SelectorImpl.lockAndDoSelect(SelectorImpl.java:86)
        at sun.nio.ch.SelectorImpl.select(SelectorImpl.java:97)
        at org.apache.hadoop.ipc.Server$Responder.doRunLoop(Server.java:1527)
        at org.apache.hadoop.ipc.Server$Responder.run(Server.java:1510)
"Command processor thread" daemon prio=5 tid=3451 timed_waiting
java.lang.Thread.State: TIMED_WAITING
        at java.lang.Thread.sleep(Native Method)
        at org.apache.hadoop.ozone.container.common.statemachine.DatanodeStateMachine.lambda$initCommandHandlerThread$2(DatanodeStateMachine.java:577)
        at org.apache.hadoop.ozone.container.common.statemachine.DatanodeStateMachine$$Lambda$712/1143477983.run(Unknown Source)
        at java.lang.Thread.run(Thread.java:748)
"IPC Server handler 6 on default port 45631" daemon prio=5 tid=161 timed_waiting
java.lang.Thread.State: TIMED_WAITING
        at sun.misc.Unsafe.park(Native Method)
        at java.util.concurrent.locks.LockSupport.parkNanos(LockSupport.java:215)
        at java.util.concurrent.locks.AbstractQueuedSynchronizer$ConditionObject.awaitNanos(AbstractQueuedSynchronizer.java:2078)
        at java.util.concurrent.LinkedBlockingQueue.poll(LinkedBlockingQueue.java:467)
        at org.apache.hadoop.ipc.CallQueueManager.take(CallQueueManager.java:317)
        at org.apache.hadoop.ipc.Server$Handler.run(Server.java:2932)
"IPC Server handler 12 on default port 45631" daemon prio=5 tid=167 timed_waiting
java.lang.Thread.State: TIMED_WAITING
        at sun.misc.Unsafe.park(Native Method)
        at java.util.concurrent.locks.LockSupport.parkNanos(LockSupport.java:215)
        at java.util.concurrent.locks.AbstractQueuedSynchronizer$ConditionObject.awaitNanos(AbstractQueuedSynchronizer.java:2078)
        at java.util.concurrent.LinkedBlockingQueue.poll(LinkedBlockingQueue.java:467)
        at org.apache.hadoop.ipc.CallQueueManager.take(CallQueueManager.java:317)
        at org.apache.hadoop.ipc.Server$Handler.run(Server.java:2932)
"IPC Server handler 3 on default port 44503" daemon prio=5 tid=113 timed_waiting
java.lang.Thread.State: TIMED_WAITING
        at sun.misc.Unsafe.park(Native Method)
        at java.util.concurrent.locks.LockSupport.parkNanos(LockSupport.java:215)
        at java.util.concurrent.locks.AbstractQueuedSynchronizer$ConditionObject.awaitNanos(AbstractQueuedSynchronizer.java:2078)
        at java.util.concurrent.LinkedBlockingQueue.poll(LinkedBlockingQueue.java:467)
        at org.apache.hadoop.ipc.CallQueueManager.take(CallQueueManager.java:317)
        at org.apache.hadoop.ipc.Server$Handler.run(Server.java:2932)
"java.util.concurrent.ThreadPoolExecutor$Worker@51095e1c[State = -1, empty queue]" daemon prio=5 tid=3512 in Object.wait()
java.lang.Thread.State: WAITING (on object monitor)
        at sun.misc.Unsafe.park(Native Method)
        at java.util.concurrent.locks.LockSupport.park(LockSupport.java:175)
        at java.util.concurrent.locks.AbstractQueuedSynchronizer$ConditionObject.await(AbstractQueuedSynchronizer.java:2039)
        at java.util.concurrent.ScheduledThreadPoolExecutor$DelayedWorkQueue.take(ScheduledThreadPoolExecutor.java:1081)
        at java.util.concurrent.ScheduledThreadPoolExecutor$DelayedWorkQueue.take(ScheduledThreadPoolExecutor.java:809)
        at java.util.concurrent.ThreadPoolExecutor.getTask(ThreadPoolExecutor.java:1074)
        at java.util.concurrent.ThreadPoolExecutor.runWorker(ThreadPoolExecutor.java:1134)
        at java.util.concurrent.ThreadPoolExecutor$Worker.run(ThreadPoolExecutor.java:624)
        at java.lang.Thread.run(Thread.java:748)
"org.apache.hadoop.ozone.container.common.statemachine.commandhandler.DeleteBlocksCommandHandler$DeleteCmdWorker@3178f903" daemon prio=5 tid=182 runnable
java.lang.Thread.State: RUNNABLE
        at java.lang.Thread.sleep(Native Method)
        at org.apache.hadoop.ozone.container.common.statemachine.commandhandler.DeleteBlocksCommandHandler$DeleteCmdWorker.run(DeleteBlocksCommandHandler.java:175)
        at java.lang.Thread.run(Thread.java:748)
"ChunkWriter-1-0" daemon prio=5 tid=3552 in Object.wait()
java.lang.Thread.State: WAITING (on object monitor)
        at sun.misc.Unsafe.park(Native Method)
        at java.util.concurrent.locks.LockSupport.park(LockSupport.java:175)
        at java.util.concurrent.locks.AbstractQueuedSynchronizer$ConditionObject.await(AbstractQueuedSynchronizer.java:2039)
        at java.util.concurrent.LinkedBlockingDeque.takeFirst(LinkedBlockingDeque.java:492)
        at java.util.concurrent.LinkedBlockingDeque.take(LinkedBlockingDeque.java:680)
        at java.util.concurrent.ThreadPoolExecutor.getTask(ThreadPoolExecutor.java:1074)
        at java.util.concurrent.ThreadPoolExecutor.runWorker(ThreadPoolExecutor.java:1134)
        at java.util.concurrent.ThreadPoolExecutor$Worker.run(ThreadPoolExecutor.java:624)
        at java.lang.Thread.run(Thread.java:748)
"Datanode State Machine Task Thread - 1"  prio=5 tid=3549 in Object.wait()
java.lang.Thread.State: WAITING (on object monitor)
        at sun.misc.Unsafe.park(Native Method)
        at java.util.concurrent.locks.LockSupport.park(LockSupport.java:175)
        at java.util.concurrent.locks.AbstractQueuedSynchronizer$ConditionObject.await(AbstractQueuedSynchronizer.java:2039)
        at java.util.concurrent.LinkedBlockingQueue.take(LinkedBlockingQueue.java:442)
        at java.util.concurrent.ThreadPoolExecutor.getTask(ThreadPoolExecutor.java:1074)
        at java.util.concurrent.ThreadPoolExecutor.runWorker(ThreadPoolExecutor.java:1134)
        at java.util.concurrent.ThreadPoolExecutor$Worker.run(ThreadPoolExecutor.java:624)
        at java.lang.Thread.run(Thread.java:748)
"KeyDeletingService#0" daemon prio=5 tid=143 timed_waiting
java.lang.Thread.State: TIMED_WAITING
        at sun.misc.Unsafe.park(Native Method)
        at java.util.concurrent.locks.LockSupport.parkNanos(LockSupport.java:215)
        at java.util.concurrent.locks.AbstractQueuedSynchronizer$ConditionObject.awaitNanos(AbstractQueuedSynchronizer.java:2078)
        at java.util.concurrent.ScheduledThreadPoolExecutor$DelayedWorkQueue.take(ScheduledThreadPoolExecutor.java:1093)
        at java.util.concurrent.ScheduledThreadPoolExecutor$DelayedWorkQueue.take(ScheduledThreadPoolExecutor.java:809)
        at java.util.concurrent.ThreadPoolExecutor.getTask(ThreadPoolExecutor.java:1074)
        at java.util.concurrent.ThreadPoolExecutor.runWorker(ThreadPoolExecutor.java:1134)
        at java.util.concurrent.ThreadPoolExecutor$Worker.run(ThreadPoolExecutor.java:624)
        at java.lang.Thread.run(Thread.java:748)
"qtp1436718473-95-acceptor-0@612b6c8c-ServerConnector@6eff05e7{HTTP/1.1, (http/1.1)}{0.0.0.0:46363}" daemon prio=3 tid=95 runnable
java.lang.Thread.State: RUNNABLE
        at sun.nio.ch.ServerSocketChannelImpl.accept0(Native Method)
        at sun.nio.ch.ServerSocketChannelImpl.accept(ServerSocketChannelImpl.java:421)
        at sun.nio.ch.ServerSocketChannelImpl.accept(ServerSocketChannelImpl.java:249)
        at org.eclipse.jetty.server.ServerConnector.accept(ServerConnector.java:388)
        at org.eclipse.jetty.server.AbstractConnector$Acceptor.run(AbstractConnector.java:702)
        at org.eclipse.jetty.util.thread.QueuedThreadPool.runJob(QueuedThreadPool.java:883)
        at org.eclipse.jetty.util.thread.QueuedThreadPool$Runner.run(QueuedThreadPool.java:1034)
        at java.lang.Thread.run(Thread.java:748)
"351ad2a7-25a1-411c-86a2-91a152ddf037@group-1D92263011BB-SegmentedRaftLogWorker"  prio=5 tid=27 timed_waiting
java.lang.Thread.State: TIMED_WAITING
        at sun.misc.Unsafe.park(Native Method)
        at java.util.concurrent.locks.LockSupport.parkNanos(LockSupport.java:215)
        at java.util.concurrent.locks.AbstractQueuedSynchronizer$ConditionObject.awaitNanos(AbstractQueuedSynchronizer.java:2078)
        at org.apache.ratis.util.DataBlockingQueue.poll(DataBlockingQueue.java:137)
        at org.apache.ratis.server.raftlog.segmented.SegmentedRaftLogWorker.run(SegmentedRaftLogWorker.java:292)
        at org.apache.ratis.server.raftlog.segmented.SegmentedRaftLogWorker$$Lambda$358/232402060.run(Unknown Source)
        at java.lang.Thread.run(Thread.java:748)
"org.apache.hadoop.util.JvmPauseMonitor$Monitor@7dff9f91" daemon prio=5 tid=3545 timed_waiting
java.lang.Thread.State: TIMED_WAITING
        at java.lang.Thread.sleep(Native Method)
        at org.apache.hadoop.util.JvmPauseMonitor$Monitor.run(JvmPauseMonitor.java:192)
        at java.lang.Thread.run(Thread.java:748)
"ChunkWriter-2-0" daemon prio=5 tid=3553 in Object.wait()
java.lang.Thread.State: WAITING (on object monitor)
        at sun.misc.Unsafe.park(Native Method)
        at java.util.concurrent.locks.LockSupport.park(LockSupport.java:175)
        at java.util.concurrent.locks.AbstractQueuedSynchronizer$ConditionObject.await(AbstractQueuedSynchronizer.java:2039)
        at java.util.concurrent.LinkedBlockingDeque.takeFirst(LinkedBlockingDeque.java:492)
        at java.util.concurrent.LinkedBlockingDeque.take(LinkedBlockingDeque.java:680)
        at java.util.concurrent.ThreadPoolExecutor.getTask(ThreadPoolExecutor.java:1074)
        at java.util.concurrent.ThreadPoolExecutor.runWorker(ThreadPoolExecutor.java:1134)
        at java.util.concurrent.ThreadPoolExecutor$Worker.run(ThreadPoolExecutor.java:624)
        at java.lang.Thread.run(Thread.java:748)
"java.util.concurrent.ThreadPoolExecutor$Worker@2c608a47[State = -1, empty queue]" daemon prio=5 tid=374 timed_waiting
java.lang.Thread.State: TIMED_WAITING
        at sun.misc.Unsafe.park(Native Method)
        at java.util.concurrent.locks.LockSupport.parkNanos(LockSupport.java:215)
        at java.util.concurrent.locks.AbstractQueuedSynchronizer$ConditionObject.awaitNanos(AbstractQueuedSynchronizer.java:2078)
        at java.util.concurrent.ScheduledThreadPoolExecutor$DelayedWorkQueue.take(ScheduledThreadPoolExecutor.java:1093)
        at java.util.concurrent.ScheduledThreadPoolExecutor$DelayedWorkQueue.take(ScheduledThreadPoolExecutor.java:809)
        at java.util.concurrent.ThreadPoolExecutor.getTask(ThreadPoolExecutor.java:1074)
        at java.util.concurrent.ThreadPoolExecutor.runWorker(ThreadPoolExecutor.java:1134)
        at java.util.concurrent.ThreadPoolExecutor$Worker.run(ThreadPoolExecutor.java:624)
        at java.lang.Thread.run(Thread.java:748)
"IPC Server handler 0 on default port 45631" daemon prio=5 tid=155 timed_waiting
java.lang.Thread.State: TIMED_WAITING
        at sun.misc.Unsafe.park(Native Method)
        at java.util.concurrent.locks.LockSupport.parkNanos(LockSupport.java:215)
        at java.util.concurrent.locks.AbstractQueuedSynchronizer$ConditionObject.awaitNanos(AbstractQueuedSynchronizer.java:2078)
        at java.util.concurrent.LinkedBlockingQueue.poll(LinkedBlockingQueue.java:467)
        at org.apache.hadoop.ipc.CallQueueManager.take(CallQueueManager.java:317)
        at org.apache.hadoop.ipc.Server$Handler.run(Server.java:2932)
"qtp1436718473-101" daemon prio=5 tid=101 timed_waiting
java.lang.Thread.State: TIMED_WAITING
        at sun.misc.Unsafe.park(Native Method)
        at java.util.concurrent.locks.LockSupport.parkNanos(LockSupport.java:215)
        at java.util.concurrent.locks.AbstractQueuedSynchronizer$ConditionObject.awaitNanos(AbstractQueuedSynchronizer.java:2078)
        at org.eclipse.jetty.util.BlockingArrayQueue.poll(BlockingArrayQueue.java:382)
        at org.eclipse.jetty.util.thread.QueuedThreadPool$Runner.idleJobPoll(QueuedThreadPool.java:974)
        at org.eclipse.jetty.util.thread.QueuedThreadPool$Runner.run(QueuedThreadPool.java:1018)
        at java.lang.Thread.run(Thread.java:748)
"EndpointStateMachine task thread for /0.0.0.0:44503 - 0 "  prio=5 tid=276 in Object.wait()
java.lang.Thread.State: WAITING (on object monitor)
        at sun.misc.Unsafe.park(Native Method)
        at java.util.concurrent.locks.LockSupport.park(LockSupport.java:175)
        at java.util.concurrent.locks.AbstractQueuedSynchronizer$ConditionObject.await(AbstractQueuedSynchronizer.java:2039)
        at java.util.concurrent.LinkedBlockingQueue.take(LinkedBlockingQueue.java:442)
        at java.util.concurrent.ThreadPoolExecutor.getTask(ThreadPoolExecutor.java:1074)
        at java.util.concurrent.ThreadPoolExecutor.runWorker(ThreadPoolExecutor.java:1134)
        at java.util.concurrent.ThreadPoolExecutor$Worker.run(ThreadPoolExecutor.java:624)
        at java.lang.Thread.run(Thread.java:748)
"IPC Server handler 17 on default port 44503" daemon prio=5 tid=127 timed_waiting
java.lang.Thread.State: TIMED_WAITING
        at sun.misc.Unsafe.park(Native Method)
        at java.util.concurrent.locks.LockSupport.parkNanos(LockSupport.java:215)
        at java.util.concurrent.locks.AbstractQueuedSynchronizer$ConditionObject.awaitNanos(AbstractQueuedSynchronizer.java:2078)
        at java.util.concurrent.LinkedBlockingQueue.poll(LinkedBlockingQueue.java:467)
        at org.apache.hadoop.ipc.CallQueueManager.take(CallQueueManager.java:317)
        at org.apache.hadoop.ipc.Server$Handler.run(Server.java:2932)
"IPC Server handler 6 on default port 41663" daemon prio=5 tid=57 timed_waiting
java.lang.Thread.State: TIMED_WAITING
        at sun.misc.Unsafe.park(Native Method)
        at java.util.concurrent.locks.LockSupport.parkNanos(LockSupport.java:215)
        at java.util.concurrent.locks.AbstractQueuedSynchronizer$ConditionObject.awaitNanos(AbstractQueuedSynchronizer.java:2078)
        at java.util.concurrent.LinkedBlockingQueue.poll(LinkedBlockingQueue.java:467)
        at org.apache.hadoop.ipc.CallQueueManager.take(CallQueueManager.java:317)
        at org.apache.hadoop.ipc.Server$Handler.run(Server.java:2932)
"IPC Server handler 5 on default port 41663" daemon prio=5 tid=56 timed_waiting
java.lang.Thread.State: TIMED_WAITING
        at sun.misc.Unsafe.park(Native Method)
        at java.util.concurrent.locks.LockSupport.parkNanos(LockSupport.java:215)
        at java.util.concurrent.locks.AbstractQueuedSynchronizer$ConditionObject.awaitNanos(AbstractQueuedSynchronizer.java:2078)
        at java.util.concurrent.LinkedBlockingQueue.poll(LinkedBlockingQueue.java:467)
        at org.apache.hadoop.ipc.CallQueueManager.take(CallQueueManager.java:317)
        at org.apache.hadoop.ipc.Server$Handler.run(Server.java:2932)
"IPC Server handler 1 on default port 41883" daemon prio=5 tid=72 timed_waiting
java.lang.Thread.State: TIMED_WAITING
        at sun.misc.Unsafe.park(Native Method)
        at java.util.concurrent.locks.LockSupport.parkNanos(LockSupport.java:215)
        at java.util.concurrent.locks.AbstractQueuedSynchronizer$ConditionObject.awaitNanos(AbstractQueuedSynchronizer.java:2078)
        at java.util.concurrent.LinkedBlockingQueue.poll(LinkedBlockingQueue.java:467)
        at org.apache.hadoop.ipc.CallQueueManager.take(CallQueueManager.java:317)
        at org.apache.hadoop.ipc.Server$Handler.run(Server.java:2932)
"Datanode ReportManager Thread - 3" daemon prio=5 tid=3542 in Object.wait()
java.lang.Thread.State: WAITING (on object monitor)
        at sun.misc.Unsafe.park(Native Method)
        at java.util.concurrent.locks.LockSupport.park(LockSupport.java:175)
        at java.util.concurrent.locks.AbstractQueuedSynchronizer$ConditionObject.await(AbstractQueuedSynchronizer.java:2039)
        at java.util.concurrent.ScheduledThreadPoolExecutor$DelayedWorkQueue.take(ScheduledThreadPoolExecutor.java:1088)
        at java.util.concurrent.ScheduledThreadPoolExecutor$DelayedWorkQueue.take(ScheduledThreadPoolExecutor.java:809)
        at java.util.concurrent.ThreadPoolExecutor.getTask(ThreadPoolExecutor.java:1074)
        at java.util.concurrent.ThreadPoolExecutor.runWorker(ThreadPoolExecutor.java:1134)
        at java.util.concurrent.ThreadPoolExecutor$Worker.run(ThreadPoolExecutor.java:624)
        at java.lang.Thread.run(Thread.java:748)
"IPC Server handler 8 on default port 44503" daemon prio=5 tid=118 timed_waiting
java.lang.Thread.State: TIMED_WAITING
        at sun.misc.Unsafe.park(Native Method)
        at java.util.concurrent.locks.LockSupport.parkNanos(LockSupport.java:215)
        at java.util.concurrent.locks.AbstractQueuedSynchronizer$ConditionObject.awaitNanos(AbstractQueuedSynchronizer.java:2078)
        at java.util.concurrent.LinkedBlockingQueue.poll(LinkedBlockingQueue.java:467)
        at org.apache.hadoop.ipc.CallQueueManager.take(CallQueueManager.java:317)
        at org.apache.hadoop.ipc.Server$Handler.run(Server.java:2932)
"DirectoryDeletingService#0" daemon prio=5 tid=144 timed_waiting
java.lang.Thread.State: TIMED_WAITING
        at sun.misc.Unsafe.park(Native Method)
        at java.util.concurrent.locks.LockSupport.parkNanos(LockSupport.java:215)
        at java.util.concurrent.locks.AbstractQueuedSynchronizer$ConditionObject.awaitNanos(AbstractQueuedSynchronizer.java:2078)
        at java.util.concurrent.ScheduledThreadPoolExecutor$DelayedWorkQueue.take(ScheduledThreadPoolExecutor.java:1093)
        at java.util.concurrent.ScheduledThreadPoolExecutor$DelayedWorkQueue.take(ScheduledThreadPoolExecutor.java:809)
        at java.util.concurrent.ThreadPoolExecutor.getTask(ThreadPoolExecutor.java:1074)
        at java.util.concurrent.ThreadPoolExecutor.runWorker(ThreadPoolExecutor.java:1134)
        at java.util.concurrent.ThreadPoolExecutor$Worker.run(ThreadPoolExecutor.java:624)
        at java.lang.Thread.run(Thread.java:748)
"IPC Server handler 17 on default port 41883" daemon prio=5 tid=88 timed_waiting
java.lang.Thread.State: TIMED_WAITING
        at sun.misc.Unsafe.park(Native Method)
        at java.util.concurrent.locks.LockSupport.parkNanos(LockSupport.java:215)
        at java.util.concurrent.locks.AbstractQueuedSynchronizer$ConditionObject.awaitNanos(AbstractQueuedSynchronizer.java:2078)
        at java.util.concurrent.LinkedBlockingQueue.poll(LinkedBlockingQueue.java:467)
        at org.apache.hadoop.ipc.CallQueueManager.take(CallQueueManager.java:317)
        at org.apache.hadoop.ipc.Server$Handler.run(Server.java:2932)
"Time-limited test" daemon prio=5 tid=3381 runnable
java.lang.Thread.State: RUNNABLE
        at java.lang.Thread.dumpThreads(Native Method)
        at java.lang.Thread.getAllStackTraces(Thread.java:1610)
        at org.apache.ozone.test.TimedOutTestsListener.buildThreadDump(TimedOutTestsListener.java:93)
        at org.apache.ozone.test.TimedOutTestsListener.buildThreadDiagnosticString(TimedOutTestsListener.java:79)
        at org.apache.ozone.test.GenericTestUtils.waitFor(GenericTestUtils.java:225)
        at org.apache.hadoop.ozone.MiniOzoneClusterImpl.waitForHddsDatanodesStop(MiniOzoneClusterImpl.java:369)
        at org.apache.hadoop.ozone.MiniOzoneClusterImpl.restartHddsDatanode(MiniOzoneClusterImpl.java:401)
        at org.apache.hadoop.ozone.MiniOzoneClusterImpl.restartHddsDatanode(MiniOzoneClusterImpl.java:417)
        at org.apache.hadoop.ozone.client.rpc.TestOzoneRpcClientAbstract.testZReadKeyWithUnhealthyContainerReplica(TestOzoneRpcClientAbstract.java:1596)
        at sun.reflect.NativeMethodAccessorImpl.invoke0(Native Method)
        at sun.reflect.NativeMethodAccessorImpl.invoke(NativeMethodAccessorImpl.java:62)
        at sun.reflect.DelegatingMethodAccessorImpl.invoke(DelegatingMethodAccessorImpl.java:43)
        at java.lang.reflect.Method.invoke(Method.java:498)
        at org.junit.runners.model.FrameworkMethod$1.runReflectiveCall(FrameworkMethod.java:59)
        at org.junit.internal.runners.model.ReflectiveCallable.run(ReflectiveCallable.java:12)
        at org.junit.runners.model.FrameworkMethod.invokeExplosively(FrameworkMethod.java:56)
        at org.junit.internal.runners.statements.InvokeMethod.evaluate(InvokeMethod.java:17)
        at org.junit.internal.runners.statements.FailOnTimeout$CallableStatement.call(FailOnTimeout.java:288)
        at org.junit.internal.runners.statements.FailOnTimeout$CallableStatement.call(FailOnTimeout.java:282)
        at java.util.concurrent.FutureTask.run(FutureTask.java:266)
        at java.lang.Thread.run(Thread.java:748)
"IPC Server listener on 0" daemon prio=5 tid=34 runnable
java.lang.Thread.State: RUNNABLE
        at sun.nio.ch.EPollArrayWrapper.epollWait(Native Method)
        at sun.nio.ch.EPollArrayWrapper.poll(EPollArrayWrapper.java:269)
        at sun.nio.ch.EPollSelectorImpl.doSelect(EPollSelectorImpl.java:93)
        at sun.nio.ch.SelectorImpl.lockAndDoSelect(SelectorImpl.java:86)
        at sun.nio.ch.SelectorImpl.select(SelectorImpl.java:97)
        at sun.nio.ch.SelectorImpl.select(SelectorImpl.java:101)
        at org.apache.hadoop.ipc.Server$Listener.run(Server.java:1350)
"IPC Client (776102610) connection to /0.0.0.0:44503 from runner" daemon prio=5 tid=256 timed_waiting
java.lang.Thread.State: TIMED_WAITING
        at java.lang.Object.wait(Native Method)
        at org.apache.hadoop.ipc.Client$Connection.waitForWork(Client.java:1053)
        at org.apache.hadoop.ipc.Client$Connection.run(Client.java:1097)
"IPC Server handler 16 on default port 44503" daemon prio=5 tid=126 timed_waiting
java.lang.Thread.State: TIMED_WAITING
        at sun.misc.Unsafe.park(Native Method)
        at java.util.concurrent.locks.LockSupport.parkNanos(LockSupport.java:215)
        at java.util.concurrent.locks.AbstractQueuedSynchronizer$ConditionObject.awaitNanos(AbstractQueuedSynchronizer.java:2078)
        at java.util.concurrent.LinkedBlockingQueue.poll(LinkedBlockingQueue.java:467)
        at org.apache.hadoop.ipc.CallQueueManager.take(CallQueueManager.java:317)
        at org.apache.hadoop.ipc.Server$Handler.run(Server.java:2932)
"351ad2a7-25a1-411c-86a2-91a152ddf037@group-1D92263011BB-StateMachineUpdater" daemon prio=5 tid=28 in Object.wait()
java.lang.Thread.State: WAITING (on object monitor)
        at java.lang.Object.wait(Native Method)
        at java.lang.Object.wait(Object.java:502)
        at org.apache.ratis.server.impl.StateMachineUpdater.waitForCommit(StateMachineUpdater.java:204)
        at org.apache.ratis.server.impl.StateMachineUpdater.run(StateMachineUpdater.java:173)
        at java.lang.Thread.run(Thread.java:748)
"qtp1181152590-3532" daemon prio=5 tid=3532 timed_waiting
java.lang.Thread.State: TIMED_WAITING
        at sun.misc.Unsafe.park(Native Method)
        at java.util.concurrent.locks.LockSupport.parkNanos(LockSupport.java:215)
        at java.util.concurrent.locks.AbstractQueuedSynchronizer$ConditionObject.awaitNanos(AbstractQueuedSynchronizer.java:2078)
        at org.eclipse.jetty.util.BlockingArrayQueue.poll(BlockingArrayQueue.java:382)
        at org.eclipse.jetty.util.thread.QueuedThreadPool$Runner.idleJobPoll(QueuedThreadPool.java:974)
        at org.eclipse.jetty.util.thread.QueuedThreadPool$Runner.run(QueuedThreadPool.java:1018)
        at java.lang.Thread.run(Thread.java:748)
"qtp1436718473-98" daemon prio=5 tid=98 timed_waiting
java.lang.Thread.State: TIMED_WAITING
        at sun.misc.Unsafe.park(Native Method)
        at java.util.concurrent.locks.LockSupport.parkNanos(LockSupport.java:215)
        at java.util.concurrent.locks.AbstractQueuedSynchronizer$ConditionObject.awaitNanos(AbstractQueuedSynchronizer.java:2078)
        at org.eclipse.jetty.util.BlockingArrayQueue.poll(BlockingArrayQueue.java:382)
        at org.eclipse.jetty.util.thread.QueuedThreadPool$Runner.idleJobPoll(QueuedThreadPool.java:974)
        at org.eclipse.jetty.util.thread.QueuedThreadPool$Runner.run(QueuedThreadPool.java:1018)
        at java.lang.Thread.run(Thread.java:748)
"IPC Server handler 3 on default port 41663" daemon prio=5 tid=54 timed_waiting
java.lang.Thread.State: TIMED_WAITING
        at sun.misc.Unsafe.park(Native Method)
        at java.util.concurrent.locks.LockSupport.parkNanos(LockSupport.java:215)
        at java.util.concurrent.locks.AbstractQueuedSynchronizer$ConditionObject.awaitNanos(AbstractQueuedSynchronizer.java:2078)
        at java.util.concurrent.LinkedBlockingQueue.poll(LinkedBlockingQueue.java:467)
        at org.apache.hadoop.ipc.CallQueueManager.take(CallQueueManager.java:317)
        at org.apache.hadoop.ipc.Server$Handler.run(Server.java:2932)
"pool-442-thread-1" daemon prio=5 tid=3520 timed_waiting
java.lang.Thread.State: TIMED_WAITING
        at sun.misc.Unsafe.park(Native Method)
        at java.util.concurrent.locks.LockSupport.parkNanos(LockSupport.java:215)
        at java.util.concurrent.locks.AbstractQueuedSynchronizer$ConditionObject.awaitNanos(AbstractQueuedSynchronizer.java:2078)
        at java.util.concurrent.ScheduledThreadPoolExecutor$DelayedWorkQueue.take(ScheduledThreadPoolExecutor.java:1093)
        at java.util.concurrent.ScheduledThreadPoolExecutor$DelayedWorkQueue.take(ScheduledThreadPoolExecutor.java:809)
        at java.util.concurrent.ThreadPoolExecutor.getTask(ThreadPoolExecutor.java:1074)
        at java.util.concurrent.ThreadPoolExecutor.runWorker(ThreadPoolExecutor.java:1134)
        at java.util.concurrent.ThreadPoolExecutor$Worker.run(ThreadPoolExecutor.java:624)
        at java.lang.Thread.run(Thread.java:748)
"IPC Server idle connection scanner for port 41663" daemon prio=5 tid=44 timed_waiting
java.lang.Thread.State: TIMED_WAITING
        at java.lang.Object.wait(Native Method)
        at java.util.TimerThread.mainLoop(Timer.java:552)
        at java.util.TimerThread.run(Timer.java:505)
"6bfb9779-376e-41d0-a4a3-df540c6cb1bb@group-A77BBCEC0779-SegmentedRaftLogWorker"  prio=5 tid=3536 timed_waiting
java.lang.Thread.State: TIMED_WAITING
        at sun.misc.Unsafe.park(Native Method)
        at java.util.concurrent.locks.LockSupport.parkNanos(LockSupport.java:215)
        at java.util.concurrent.locks.AbstractQueuedSynchronizer$ConditionObject.awaitNanos(AbstractQueuedSynchronizer.java:2078)
        at org.apache.ratis.util.DataBlockingQueue.poll(DataBlockingQueue.java:137)
        at org.apache.ratis.server.raftlog.segmented.SegmentedRaftLogWorker.run(SegmentedRaftLogWorker.java:292)
        at org.apache.ratis.server.raftlog.segmented.SegmentedRaftLogWorker$$Lambda$358/232402060.run(Unknown Source)
        at java.lang.Thread.run(Thread.java:748)
"ChunkReader-ELG-0" daemon prio=5 tid=3477 runnable
java.lang.Thread.State: RUNNABLE
        at org.apache.ratis.thirdparty.io.netty.channel.epoll.Native.epollWait(Native Method)
        at org.apache.ratis.thirdparty.io.netty.channel.epoll.Native.epollWait(Native.java:177)
        at org.apache.ratis.thirdparty.io.netty.channel.epoll.Native.epollWait(Native.java:170)
        at org.apache.ratis.thirdparty.io.netty.channel.epoll.EpollEventLoop.epollWaitNoTimerChange(EpollEventLoop.java:290)
        at org.apache.ratis.thirdparty.io.netty.channel.epoll.EpollEventLoop.run(EpollEventLoop.java:347)
        at org.apache.ratis.thirdparty.io.netty.util.concurrent.SingleThreadEventExecutor$4.run(SingleThreadEventExecutor.java:989)
        at org.apache.ratis.thirdparty.io.netty.util.internal.ThreadExecutorMap$2.run(ThreadExecutorMap.java:74)
        at java.lang.Thread.run(Thread.java:748)
"IPC Server handler 9 on default port 44503" daemon prio=5 tid=119 timed_waiting
java.lang.Thread.State: TIMED_WAITING
        at sun.misc.Unsafe.park(Native Method)
        at java.util.concurrent.locks.LockSupport.parkNanos(LockSupport.java:215)
        at java.util.concurrent.locks.AbstractQueuedSynchronizer$ConditionObject.awaitNanos(AbstractQueuedSynchronizer.java:2078)
        at java.util.concurrent.LinkedBlockingQueue.poll(LinkedBlockingQueue.java:467)
        at org.apache.hadoop.ipc.CallQueueManager.take(CallQueueManager.java:317)
        at org.apache.hadoop.ipc.Server$Handler.run(Server.java:2932)
"org.apache.hadoop.ozone.container.common.statemachine.commandhandler.DeleteBlocksCommandHandler$DeleteCmdWorker@b6d668" daemon prio=5 tid=3523 timed_waiting
java.lang.Thread.State: TIMED_WAITING
        at java.lang.Thread.sleep(Native Method)
        at org.apache.hadoop.ozone.container.common.statemachine.commandhandler.DeleteBlocksCommandHandler$DeleteCmdWorker.run(DeleteBlocksCommandHandler.java:175)
        at java.lang.Thread.run(Thread.java:748)
"IPC Server handler 0 on default port 44503" daemon prio=5 tid=110 timed_waiting
java.lang.Thread.State: TIMED_WAITING
        at sun.misc.Unsafe.park(Native Method)
        at java.util.concurrent.locks.LockSupport.parkNanos(LockSupport.java:215)
        at java.util.concurrent.locks.AbstractQueuedSynchronizer$ConditionObject.awaitNanos(AbstractQueuedSynchronizer.java:2078)
        at java.util.concurrent.LinkedBlockingQueue.poll(LinkedBlockingQueue.java:467)
        at org.apache.hadoop.ipc.CallQueueManager.take(CallQueueManager.java:317)
        at org.apache.hadoop.ipc.Server$Handler.run(Server.java:2932)
"DatanodeAdminManager-0" daemon prio=5 tid=32 timed_waiting
java.lang.Thread.State: TIMED_WAITING
        at sun.misc.Unsafe.park(Native Method)
        at java.util.concurrent.locks.LockSupport.parkNanos(LockSupport.java:215)
        at java.util.concurrent.locks.AbstractQueuedSynchronizer$ConditionObject.awaitNanos(AbstractQueuedSynchronizer.java:2078)
        at java.util.concurrent.ScheduledThreadPoolExecutor$DelayedWorkQueue.take(ScheduledThreadPoolExecutor.java:1093)
        at java.util.concurrent.ScheduledThreadPoolExecutor$DelayedWorkQueue.take(ScheduledThreadPoolExecutor.java:809)
        at java.util.concurrent.ThreadPoolExecutor.getTask(ThreadPoolExecutor.java:1074)
        at java.util.concurrent.ThreadPoolExecutor.runWorker(ThreadPoolExecutor.java:1134)
        at java.util.concurrent.ThreadPoolExecutor$Worker.run(ThreadPoolExecutor.java:624)
        at java.lang.Thread.run(Thread.java:748)
"IPC Server handler 16 on default port 45631" daemon prio=5 tid=171 timed_waiting
java.lang.Thread.State: TIMED_WAITING
        at sun.misc.Unsafe.park(Native Method)
        at java.util.concurrent.locks.LockSupport.parkNanos(LockSupport.java:215)
        at java.util.concurrent.locks.AbstractQueuedSynchronizer$ConditionObject.awaitNanos(AbstractQueuedSynchronizer.java:2078)
        at java.util.concurrent.LinkedBlockingQueue.poll(LinkedBlockingQueue.java:467)
        at org.apache.hadoop.ipc.CallQueueManager.take(CallQueueManager.java:317)
        at org.apache.hadoop.ipc.Server$Handler.run(Server.java:2932)
"Datanode ReportManager Thread - 4" daemon prio=5 tid=198 in Object.wait()
java.lang.Thread.State: WAITING (on object monitor)
        at sun.misc.Unsafe.park(Native Method)
        at java.util.concurrent.locks.LockSupport.park(LockSupport.java:175)
        at java.util.concurrent.locks.AbstractQueuedSynchronizer$ConditionObject.await(AbstractQueuedSynchronizer.java:2039)
        at java.util.concurrent.ScheduledThreadPoolExecutor$DelayedWorkQueue.take(ScheduledThreadPoolExecutor.java:1088)
        at java.util.concurrent.ScheduledThreadPoolExecutor$DelayedWorkQueue.take(ScheduledThreadPoolExecutor.java:809)
        at java.util.concurrent.ThreadPoolExecutor.getTask(ThreadPoolExecutor.java:1074)
        at java.util.concurrent.ThreadPoolExecutor.runWorker(ThreadPoolExecutor.java:1134)
        at java.util.concurrent.ThreadPoolExecutor$Worker.run(ThreadPoolExecutor.java:624)
        at java.lang.Thread.run(Thread.java:748)
"qtp697960017-146" daemon prio=5 tid=146 timed_waiting
java.lang.Thread.State: TIMED_WAITING
        at sun.misc.Unsafe.park(Native Method)
        at java.util.concurrent.locks.LockSupport.parkNanos(LockSupport.java:215)
        at java.util.concurrent.locks.AbstractQueuedSynchronizer$ConditionObject.awaitNanos(AbstractQueuedSynchronizer.java:2078)
        at org.eclipse.jetty.util.BlockingArrayQueue.poll(BlockingArrayQueue.java:382)
        at org.eclipse.jetty.util.thread.QueuedThreadPool$Runner.idleJobPoll(QueuedThreadPool.java:974)
        at org.eclipse.jetty.util.thread.QueuedThreadPool$Runner.run(QueuedThreadPool.java:1018)
        at java.lang.Thread.run(Thread.java:748)
"Datanode ReportManager Thread - 1" daemon prio=5 tid=3540 in Object.wait()
java.lang.Thread.State: WAITING (on object monitor)
        at sun.misc.Unsafe.park(Native Method)
        at java.util.concurrent.locks.LockSupport.park(LockSupport.java:175)
        at java.util.concurrent.locks.AbstractQueuedSynchronizer$ConditionObject.await(AbstractQueuedSynchronizer.java:2039)
        at java.util.concurrent.ScheduledThreadPoolExecutor$DelayedWorkQueue.take(ScheduledThreadPoolExecutor.java:1088)
        at java.util.concurrent.ScheduledThreadPoolExecutor$DelayedWorkQueue.take(ScheduledThreadPoolExecutor.java:809)
        at java.util.concurrent.ThreadPoolExecutor.getTask(ThreadPoolExecutor.java:1074)
        at java.util.concurrent.ThreadPoolExecutor.runWorker(ThreadPoolExecutor.java:1134)
        at java.util.concurrent.ThreadPoolExecutor$Worker.run(ThreadPoolExecutor.java:624)
        at java.lang.Thread.run(Thread.java:748)
"qtp697960017-149" daemon prio=5 tid=149 timed_waiting
java.lang.Thread.State: TIMED_WAITING
        at sun.misc.Unsafe.park(Native Method)
        at java.util.concurrent.locks.LockSupport.parkNanos(LockSupport.java:215)
        at java.util.concurrent.locks.AbstractQueuedSynchronizer$ConditionObject.awaitNanos(AbstractQueuedSynchronizer.java:2078)
        at org.eclipse.jetty.util.BlockingArrayQueue.poll(BlockingArrayQueue.java:382)
        at org.eclipse.jetty.util.thread.QueuedThreadPool$Runner.idleJobPoll(QueuedThreadPool.java:974)
        at org.eclipse.jetty.util.thread.QueuedThreadPool$Runner.run(QueuedThreadPool.java:1018)
        at java.lang.Thread.run(Thread.java:748)
"pool-16-thread-1"  prio=5 tid=26 in Object.wait()
java.lang.Thread.State: WAITING (on object monitor)
        at sun.misc.Unsafe.park(Native Method)
        at java.util.concurrent.locks.LockSupport.park(LockSupport.java:175)
        at java.util.concurrent.locks.AbstractQueuedSynchronizer$ConditionObject.await(AbstractQueuedSynchronizer.java:2039)
        at java.util.concurrent.LinkedBlockingQueue.take(LinkedBlockingQueue.java:442)
        at java.util.concurrent.ThreadPoolExecutor.getTask(ThreadPoolExecutor.java:1074)
        at java.util.concurrent.ThreadPoolExecutor.runWorker(ThreadPoolExecutor.java:1134)
        at java.util.concurrent.ThreadPoolExecutor$Worker.run(ThreadPoolExecutor.java:624)
        at java.lang.Thread.run(Thread.java:748)
"IPC Server Responder" daemon prio=5 tid=45 runnable
java.lang.Thread.State: RUNNABLE
        at sun.nio.ch.EPollArrayWrapper.epollWait(Native Method)
        at sun.nio.ch.EPollArrayWrapper.poll(EPollArrayWrapper.java:269)
        at sun.nio.ch.EPollSelectorImpl.doSelect(EPollSelectorImpl.java:93)
        at sun.nio.ch.SelectorImpl.lockAndDoSelect(SelectorImpl.java:86)
        at sun.nio.ch.SelectorImpl.select(SelectorImpl.java:97)
        at org.apache.hadoop.ipc.Server$Responder.doRunLoop(Server.java:1527)
        at org.apache.hadoop.ipc.Server$Responder.run(Server.java:1510)
"BlockDeletingService#0" daemon prio=5 tid=3478 timed_waiting
java.lang.Thread.State: TIMED_WAITING
        at sun.misc.Unsafe.park(Native Method)
        at java.util.concurrent.locks.LockSupport.parkNanos(LockSupport.java:215)
        at java.util.concurrent.locks.AbstractQueuedSynchronizer$ConditionObject.awaitNanos(AbstractQueuedSynchronizer.java:2078)
        at java.util.concurrent.ScheduledThreadPoolExecutor$DelayedWorkQueue.take(ScheduledThreadPoolExecutor.java:1093)
        at java.util.concurrent.ScheduledThreadPoolExecutor$DelayedWorkQueue.take(ScheduledThreadPoolExecutor.java:809)
        at java.util.concurrent.ThreadPoolExecutor.getTask(ThreadPoolExecutor.java:1074)
        at java.util.concurrent.ThreadPoolExecutor.runWorker(ThreadPoolExecutor.java:1134)
        at java.util.concurrent.ThreadPoolExecutor$Worker.run(ThreadPoolExecutor.java:624)
        at java.lang.Thread.run(Thread.java:748)
"EventQueue-NodeRegistrationContainerReportForDataNodeSafeModeRule" daemon prio=5 tid=287 in Object.wait()
java.lang.Thread.State: WAITING (on object monitor)
        at sun.misc.Unsafe.park(Native Method)
        at java.util.concurrent.locks.LockSupport.park(LockSupport.java:175)
        at java.util.concurrent.locks.AbstractQueuedSynchronizer$ConditionObject.await(AbstractQueuedSynchronizer.java:2039)
        at java.util.concurrent.LinkedBlockingQueue.take(LinkedBlockingQueue.java:442)
        at java.util.concurrent.ThreadPoolExecutor.getTask(ThreadPoolExecutor.java:1074)
        at java.util.concurrent.ThreadPoolExecutor.runWorker(ThreadPoolExecutor.java:1134)
        at java.util.concurrent.ThreadPoolExecutor$Worker.run(ThreadPoolExecutor.java:624)
        at java.lang.Thread.run(Thread.java:748)
"om1@group-C5BA1605619E-LeaderStateImpl" daemon prio=5 tid=235 timed_waiting
java.lang.Thread.State: TIMED_WAITING
        at sun.misc.Unsafe.park(Native Method)
        at java.util.concurrent.locks.LockSupport.parkNanos(LockSupport.java:215)
        at java.util.concurrent.locks.AbstractQueuedSynchronizer$ConditionObject.awaitNanos(AbstractQueuedSynchronizer.java:2078)
        at java.util.concurrent.ArrayBlockingQueue.poll(ArrayBlockingQueue.java:418)
        at org.apache.ratis.server.impl.LeaderStateImpl$EventQueue.poll(LeaderStateImpl.java:156)
        at org.apache.ratis.server.impl.LeaderStateImpl$EventProcessor.run(LeaderStateImpl.java:600)
"6bfb9779-376e-41d0-a4a3-df540c6cb1bb@group-D0FCC1B5800B-SegmentedRaftLogWorker"  prio=5 tid=3556 timed_waiting
java.lang.Thread.State: TIMED_WAITING
        at sun.misc.Unsafe.park(Native Method)
        at java.util.concurrent.locks.LockSupport.parkNanos(LockSupport.java:215)
        at java.util.concurrent.locks.AbstractQueuedSynchronizer$ConditionObject.awaitNanos(AbstractQueuedSynchronizer.java:2078)
        at org.apache.ratis.util.DataBlockingQueue.poll(DataBlockingQueue.java:137)
        at org.apache.ratis.server.raftlog.segmented.SegmentedRaftLogWorker.run(SegmentedRaftLogWorker.java:292)
        at org.apache.ratis.server.raftlog.segmented.SegmentedRaftLogWorker$$Lambda$358/232402060.run(Unknown Source)
        at java.lang.Thread.run(Thread.java:748)
"Datanode ReportManager Thread - 4" daemon prio=5 tid=3450 in Object.wait()
java.lang.Thread.State: WAITING (on object monitor)
        at sun.misc.Unsafe.park(Native Method)
        at java.util.concurrent.locks.LockSupport.park(LockSupport.java:175)
        at java.util.concurrent.locks.AbstractQueuedSynchronizer$ConditionObject.await(AbstractQueuedSynchronizer.java:2039)
        at java.util.concurrent.ScheduledThreadPoolExecutor$DelayedWorkQueue.take(ScheduledThreadPoolExecutor.java:1088)
        at java.util.concurrent.ScheduledThreadPoolExecutor$DelayedWorkQueue.take(ScheduledThreadPoolExecutor.java:809)
        at java.util.concurrent.ThreadPoolExecutor.getTask(ThreadPoolExecutor.java:1074)
        at java.util.concurrent.ThreadPoolExecutor.runWorker(ThreadPoolExecutor.java:1134)
        at java.util.concurrent.ThreadPoolExecutor$Worker.run(ThreadPoolExecutor.java:624)
        at java.lang.Thread.run(Thread.java:748)
"org.apache.hadoop.util.JvmPauseMonitor$Monitor@3315a47b" daemon prio=5 tid=3452 timed_waiting
java.lang.Thread.State: TIMED_WAITING
        at java.lang.Thread.sleep(Native Method)
        at org.apache.hadoop.util.JvmPauseMonitor$Monitor.run(JvmPauseMonitor.java:192)
        at java.lang.Thread.run(Thread.java:748)
"grpc-default-worker-ELG-5-2" daemon prio=5 tid=305 runnable
java.lang.Thread.State: RUNNABLE
        at org.apache.ratis.thirdparty.io.netty.channel.epoll.Native.epollWait0(Native Method)
        at org.apache.ratis.thirdparty.io.netty.channel.epoll.Native.epollWait(Native.java:161)
        at org.apache.ratis.thirdparty.io.netty.channel.epoll.EpollEventLoop.epollWait(EpollEventLoop.java:286)
        at org.apache.ratis.thirdparty.io.netty.channel.epoll.EpollEventLoop.run(EpollEventLoop.java:351)
        at org.apache.ratis.thirdparty.io.netty.util.concurrent.SingleThreadEventExecutor$4.run(SingleThreadEventExecutor.java:989)
        at org.apache.ratis.thirdparty.io.netty.util.internal.ThreadExecutorMap$2.run(ThreadExecutorMap.java:74)
        at org.apache.ratis.thirdparty.io.netty.util.concurrent.FastThreadLocalRunnable.run(FastThreadLocalRunnable.java:30)
        at java.lang.Thread.run(Thread.java:748)
"IPC Server handler 14 on default port 41663" daemon prio=5 tid=65 timed_waiting
java.lang.Thread.State: TIMED_WAITING
        at sun.misc.Unsafe.park(Native Method)
        at java.util.concurrent.locks.LockSupport.parkNanos(LockSupport.java:215)
        at java.util.concurrent.locks.AbstractQueuedSynchronizer$ConditionObject.awaitNanos(AbstractQueuedSynchronizer.java:2078)
        at java.util.concurrent.LinkedBlockingQueue.poll(LinkedBlockingQueue.java:467)
        at org.apache.hadoop.ipc.CallQueueManager.take(CallQueueManager.java:317)
        at org.apache.hadoop.ipc.Server$Handler.run(Server.java:2932)
"IPC Server handler 12 on default port 41663" daemon prio=5 tid=63 timed_waiting
java.lang.Thread.State: TIMED_WAITING
        at sun.misc.Unsafe.park(Native Method)
        at java.util.concurrent.locks.LockSupport.parkNanos(LockSupport.java:215)
        at java.util.concurrent.locks.AbstractQueuedSynchronizer$ConditionObject.awaitNanos(AbstractQueuedSynchronizer.java:2078)
        at java.util.concurrent.LinkedBlockingQueue.poll(LinkedBlockingQueue.java:467)
        at org.apache.hadoop.ipc.CallQueueManager.take(CallQueueManager.java:317)
        at org.apache.hadoop.ipc.Server$Handler.run(Server.java:2932)
"qtp1181152590-3527" daemon prio=5 tid=3527 timed_waiting
java.lang.Thread.State: TIMED_WAITING
        at sun.misc.Unsafe.park(Native Method)
        at java.util.concurrent.locks.LockSupport.parkNanos(LockSupport.java:215)
        at java.util.concurrent.locks.AbstractQueuedSynchronizer$ConditionObject.awaitNanos(AbstractQueuedSynchronizer.java:2078)
        at org.eclipse.jetty.util.BlockingArrayQueue.poll(BlockingArrayQueue.java:382)
        at org.eclipse.jetty.util.thread.QueuedThreadPool$Runner.idleJobPoll(QueuedThreadPool.java:974)
        at org.eclipse.jetty.util.thread.QueuedThreadPool$Runner.run(QueuedThreadPool.java:1018)
        at java.lang.Thread.run(Thread.java:748)
"Datanode ReportManager Thread - 3" daemon prio=5 tid=3449 in Object.wait()
java.lang.Thread.State: WAITING (on object monitor)
        at sun.misc.Unsafe.park(Native Method)
        at java.util.concurrent.locks.LockSupport.park(LockSupport.java:175)
        at java.util.concurrent.locks.AbstractQueuedSynchronizer$ConditionObject.await(AbstractQueuedSynchronizer.java:2039)
        at java.util.concurrent.ScheduledThreadPoolExecutor$DelayedWorkQueue.take(ScheduledThreadPoolExecutor.java:1088)
        at java.util.concurrent.ScheduledThreadPoolExecutor$DelayedWorkQueue.take(ScheduledThreadPoolExecutor.java:809)
        at java.util.concurrent.ThreadPoolExecutor.getTask(ThreadPoolExecutor.java:1074)
        at java.util.concurrent.ThreadPoolExecutor.runWorker(ThreadPoolExecutor.java:1134)
        at java.util.concurrent.ThreadPoolExecutor$Worker.run(ThreadPoolExecutor.java:624)
        at java.lang.Thread.run(Thread.java:748)
"pool-45-thread-1"  prio=5 tid=132 in Object.wait()
java.lang.Thread.State: WAITING (on object monitor)
        at sun.misc.Unsafe.park(Native Method)
        at java.util.concurrent.locks.LockSupport.park(LockSupport.java:175)
        at java.util.concurrent.locks.AbstractQueuedSynchronizer$ConditionObject.await(AbstractQueuedSynchronizer.java:2039)
        at java.util.concurrent.LinkedBlockingQueue.take(LinkedBlockingQueue.java:442)
        at java.util.concurrent.ThreadPoolExecutor.getTask(ThreadPoolExecutor.java:1074)
        at java.util.concurrent.ThreadPoolExecutor.runWorker(ThreadPoolExecutor.java:1134)
        at java.util.concurrent.ThreadPoolExecutor$Worker.run(ThreadPoolExecutor.java:624)
        at java.lang.Thread.run(Thread.java:748)
"Datanode State Machine Task Thread - 1"  prio=5 tid=3467 in Object.wait()
java.lang.Thread.State: WAITING (on object monitor)
        at sun.misc.Unsafe.park(Native Method)
        at java.util.concurrent.locks.LockSupport.park(LockSupport.java:175)
        at java.util.concurrent.locks.AbstractQueuedSynchronizer$ConditionObject.await(AbstractQueuedSynchronizer.java:2039)
        at java.util.concurrent.LinkedBlockingQueue.take(LinkedBlockingQueue.java:442)
        at java.util.concurrent.ThreadPoolExecutor.getTask(ThreadPoolExecutor.java:1074)
        at java.util.concurrent.ThreadPoolExecutor.runWorker(ThreadPoolExecutor.java:1134)
        at java.util.concurrent.ThreadPoolExecutor$Worker.run(ThreadPoolExecutor.java:624)
        at java.lang.Thread.run(Thread.java:748)
"BlockDeletingService#2" daemon prio=5 tid=3594 in Object.wait()
java.lang.Thread.State: WAITING (on object monitor)
        at sun.misc.Unsafe.park(Native Method)
        at java.util.concurrent.locks.LockSupport.park(LockSupport.java:175)
        at java.util.concurrent.locks.AbstractQueuedSynchronizer$ConditionObject.await(AbstractQueuedSynchronizer.java:2039)
        at java.util.concurrent.ScheduledThreadPoolExecutor$DelayedWorkQueue.take(ScheduledThreadPoolExecutor.java:1088)
        at java.util.concurrent.ScheduledThreadPoolExecutor$DelayedWorkQueue.take(ScheduledThreadPoolExecutor.java:809)
        at java.util.concurrent.ThreadPoolExecutor.getTask(ThreadPoolExecutor.java:1074)
        at java.util.concurrent.ThreadPoolExecutor.runWorker(ThreadPoolExecutor.java:1134)
        at java.util.concurrent.ThreadPoolExecutor$Worker.run(ThreadPoolExecutor.java:624)
        at java.lang.Thread.run(Thread.java:748)
"qtp1436718473-99" daemon prio=5 tid=99 timed_waiting
java.lang.Thread.State: TIMED_WAITING
        at sun.misc.Unsafe.park(Native Method)
        at java.util.concurrent.locks.LockSupport.parkNanos(LockSupport.java:215)
        at java.util.concurrent.locks.AbstractQueuedSynchronizer$ConditionObject.awaitNanos(AbstractQueuedSynchronizer.java:2078)
        at org.eclipse.jetty.util.BlockingArrayQueue.poll(BlockingArrayQueue.java:382)
        at org.eclipse.jetty.util.thread.QueuedThreadPool$Runner.idleJobPoll(QueuedThreadPool.java:974)
        at org.eclipse.jetty.util.thread.QueuedThreadPool$Runner.run(QueuedThreadPool.java:1018)
        at java.lang.Thread.run(Thread.java:748)
"PartialTableCache Cleanup Thread - 0" daemon prio=5 tid=393 in Object.wait()
java.lang.Thread.State: WAITING (on object monitor)
        at sun.misc.Unsafe.park(Native Method)
        at java.util.concurrent.locks.LockSupport.park(LockSupport.java:175)
        at java.util.concurrent.locks.AbstractQueuedSynchronizer$ConditionObject.await(AbstractQueuedSynchronizer.java:2039)
        at java.util.concurrent.LinkedBlockingQueue.take(LinkedBlockingQueue.java:442)
        at java.util.concurrent.ThreadPoolExecutor.getTask(ThreadPoolExecutor.java:1074)
        at java.util.concurrent.ThreadPoolExecutor.runWorker(ThreadPoolExecutor.java:1134)
        at java.util.concurrent.ThreadPoolExecutor$Worker.run(ThreadPoolExecutor.java:624)
        at java.lang.Thread.run(Thread.java:748)
"FullTableCache Cleanup Thread - 0" daemon prio=5 tid=391 in Object.wait()
java.lang.Thread.State: WAITING (on object monitor)
        at sun.misc.Unsafe.park(Native Method)
        at java.util.concurrent.locks.LockSupport.park(LockSupport.java:175)
        at java.util.concurrent.locks.AbstractQueuedSynchronizer$ConditionObject.await(AbstractQueuedSynchronizer.java:2039)
        at java.util.concurrent.LinkedBlockingQueue.take(LinkedBlockingQueue.java:442)
        at java.util.concurrent.ThreadPoolExecutor.getTask(ThreadPoolExecutor.java:1074)
        at java.util.concurrent.ThreadPoolExecutor.runWorker(ThreadPoolExecutor.java:1134)
        at java.util.concurrent.ThreadPoolExecutor$Worker.run(ThreadPoolExecutor.java:624)
        at java.lang.Thread.run(Thread.java:748)
"qtp697960017-148-acceptor-0@1168fa2a-ServerConnector@5163bb14{HTTP/1.1, (http/1.1)}{0.0.0.0:33643}" daemon prio=3 tid=148 runnable
java.lang.Thread.State: RUNNABLE
        at sun.nio.ch.ServerSocketChannelImpl.accept0(Native Method)
        at sun.nio.ch.ServerSocketChannelImpl.accept(ServerSocketChannelImpl.java:421)
        at sun.nio.ch.ServerSocketChannelImpl.accept(ServerSocketChannelImpl.java:249)
        at org.eclipse.jetty.server.ServerConnector.accept(ServerConnector.java:388)
        at org.eclipse.jetty.server.AbstractConnector$Acceptor.run(AbstractConnector.java:702)
        at org.eclipse.jetty.util.thread.QueuedThreadPool.runJob(QueuedThreadPool.java:883)
        at org.eclipse.jetty.util.thread.QueuedThreadPool$Runner.run(QueuedThreadPool.java:1034)
        at java.lang.Thread.run(Thread.java:748)
"IPC Server handler 15 on default port 41883" daemon prio=5 tid=86 timed_waiting
java.lang.Thread.State: TIMED_WAITING
        at sun.misc.Unsafe.park(Native Method)
        at java.util.concurrent.locks.LockSupport.parkNanos(LockSupport.java:215)
        at java.util.concurrent.locks.AbstractQueuedSynchronizer$ConditionObject.awaitNanos(AbstractQueuedSynchronizer.java:2078)
        at java.util.concurrent.LinkedBlockingQueue.poll(LinkedBlockingQueue.java:467)
        at org.apache.hadoop.ipc.CallQueueManager.take(CallQueueManager.java:317)
        at org.apache.hadoop.ipc.Server$Handler.run(Server.java:2932)
"grpc-default-boss-ELG-4-1" daemon prio=5 tid=47 runnable
java.lang.Thread.State: RUNNABLE
        at org.apache.ratis.thirdparty.io.netty.channel.epoll.Native.epollWait(Native Method)
        at org.apache.ratis.thirdparty.io.netty.channel.epoll.Native.epollWait(Native.java:177)
        at org.apache.ratis.thirdparty.io.netty.channel.epoll.Native.epollWait(Native.java:170)
        at org.apache.ratis.thirdparty.io.netty.channel.epoll.EpollEventLoop.epollWaitNoTimerChange(EpollEventLoop.java:290)
        at org.apache.ratis.thirdparty.io.netty.channel.epoll.EpollEventLoop.run(EpollEventLoop.java:347)
        at org.apache.ratis.thirdparty.io.netty.util.concurrent.SingleThreadEventExecutor$4.run(SingleThreadEventExecutor.java:989)
        at org.apache.ratis.thirdparty.io.netty.util.internal.ThreadExecutorMap$2.run(ThreadExecutorMap.java:74)
        at org.apache.ratis.thirdparty.io.netty.util.concurrent.FastThreadLocalRunnable.run(FastThreadLocalRunnable.java:30)
        at java.lang.Thread.run(Thread.java:748)
"qtp1436718473-97" daemon prio=5 tid=97 timed_waiting
java.lang.Thread.State: TIMED_WAITING
        at sun.misc.Unsafe.park(Native Method)
        at java.util.concurrent.locks.LockSupport.parkNanos(LockSupport.java:215)
        at java.util.concurrent.locks.AbstractQueuedSynchronizer$ConditionObject.awaitNanos(AbstractQueuedSynchronizer.java:2078)
        at org.eclipse.jetty.util.BlockingArrayQueue.poll(BlockingArrayQueue.java:382)
        at org.eclipse.jetty.util.thread.QueuedThreadPool$Runner.idleJobPoll(QueuedThreadPool.java:974)
        at org.eclipse.jetty.util.thread.QueuedThreadPool$Runner.run(QueuedThreadPool.java:1018)
        at java.lang.Thread.run(Thread.java:748)
"org.apache.hadoop.ozone.container.common.statemachine.commandhandler.DeleteBlocksCommandHandler$DeleteCmdWorker@16c64999" daemon prio=5 tid=207 runnable
java.lang.Thread.State: RUNNABLE
        at java.lang.Thread.sleep(Native Method)
        at org.apache.hadoop.ozone.container.common.statemachine.commandhandler.DeleteBlocksCommandHandler$DeleteCmdWorker.run(DeleteBlocksCommandHandler.java:175)
        at java.lang.Thread.run(Thread.java:748)
"IPC Server handler 9 on default port 45631" daemon prio=5 tid=164 timed_waiting
java.lang.Thread.State: TIMED_WAITING
        at sun.misc.Unsafe.park(Native Method)
        at java.util.concurrent.locks.LockSupport.parkNanos(LockSupport.java:215)
        at java.util.concurrent.locks.AbstractQueuedSynchronizer$ConditionObject.awaitNanos(AbstractQueuedSynchronizer.java:2078)
        at java.util.concurrent.LinkedBlockingQueue.poll(LinkedBlockingQueue.java:467)
        at org.apache.hadoop.ipc.CallQueueManager.take(CallQueueManager.java:317)
        at org.apache.hadoop.ipc.Server$Handler.run(Server.java:2932)
"IPC Server handler 19 on default port 45631" daemon prio=5 tid=174 timed_waiting
java.lang.Thread.State: TIMED_WAITING
        at sun.misc.Unsafe.park(Native Method)
        at java.util.concurrent.locks.LockSupport.parkNanos(LockSupport.java:215)
        at java.util.concurrent.locks.AbstractQueuedSynchronizer$ConditionObject.awaitNanos(AbstractQueuedSynchronizer.java:2078)
        at java.util.concurrent.LinkedBlockingQueue.poll(LinkedBlockingQueue.java:467)
        at org.apache.hadoop.ipc.CallQueueManager.take(CallQueueManager.java:317)
        at org.apache.hadoop.ipc.Server$Handler.run(Server.java:2932)
"Datanode ReportManager Thread - 2" daemon prio=5 tid=3448 timed_waiting
java.lang.Thread.State: TIMED_WAITING
        at sun.misc.Unsafe.park(Native Method)
        at java.util.concurrent.locks.LockSupport.parkNanos(LockSupport.java:215)
        at java.util.concurrent.locks.AbstractQueuedSynchronizer$ConditionObject.awaitNanos(AbstractQueuedSynchronizer.java:2078)
        at java.util.concurrent.ScheduledThreadPoolExecutor$DelayedWorkQueue.take(ScheduledThreadPoolExecutor.java:1093)
        at java.util.concurrent.ScheduledThreadPoolExecutor$DelayedWorkQueue.take(ScheduledThreadPoolExecutor.java:809)
        at java.util.concurrent.ThreadPoolExecutor.getTask(ThreadPoolExecutor.java:1074)
        at java.util.concurrent.ThreadPoolExecutor.runWorker(ThreadPoolExecutor.java:1134)
        at java.util.concurrent.ThreadPoolExecutor$Worker.run(ThreadPoolExecutor.java:624)
        at java.lang.Thread.run(Thread.java:748)
"fb2bbb8d-0a43-4468-9762-35835c6ecdd5@group-EA466064A84A-SegmentedRaftLogWorker"  prio=5 tid=3500 timed_waiting
java.lang.Thread.State: TIMED_WAITING
        at sun.misc.Unsafe.park(Native Method)
        at java.util.concurrent.locks.LockSupport.parkNanos(LockSupport.java:215)
        at java.util.concurrent.locks.AbstractQueuedSynchronizer$ConditionObject.awaitNanos(AbstractQueuedSynchronizer.java:2078)
        at org.apache.ratis.util.DataBlockingQueue.poll(DataBlockingQueue.java:137)
        at org.apache.ratis.server.raftlog.segmented.SegmentedRaftLogWorker.run(SegmentedRaftLogWorker.java:292)
        at org.apache.ratis.server.raftlog.segmented.SegmentedRaftLogWorker$$Lambda$358/232402060.run(Unknown Source)
        at java.lang.Thread.run(Thread.java:748)
"pool-469-thread-1"  prio=5 tid=3524 timed_waiting
java.lang.Thread.State: TIMED_WAITING
        at sun.misc.Unsafe.park(Native Method)
        at java.util.concurrent.locks.LockSupport.parkNanos(LockSupport.java:215)
        at java.util.concurrent.locks.AbstractQueuedSynchronizer$ConditionObject.awaitNanos(AbstractQueuedSynchronizer.java:2078)
        at java.util.concurrent.ScheduledThreadPoolExecutor$DelayedWorkQueue.take(ScheduledThreadPoolExecutor.java:1093)
        at java.util.concurrent.ScheduledThreadPoolExecutor$DelayedWorkQueue.take(ScheduledThreadPoolExecutor.java:809)
        at java.util.concurrent.ThreadPoolExecutor.getTask(ThreadPoolExecutor.java:1074)
        at java.util.concurrent.ThreadPoolExecutor.runWorker(ThreadPoolExecutor.java:1134)
        at java.util.concurrent.ThreadPoolExecutor$Worker.run(ThreadPoolExecutor.java:624)
        at java.lang.Thread.run(Thread.java:748)
"om1@group-C5BA1605619E-SegmentedRaftLogWorker"  prio=5 tid=133 timed_waiting
java.lang.Thread.State: TIMED_WAITING
        at sun.misc.Unsafe.park(Native Method)
        at java.util.concurrent.locks.LockSupport.parkNanos(LockSupport.java:215)
        at java.util.concurrent.locks.AbstractQueuedSynchronizer$ConditionObject.awaitNanos(AbstractQueuedSynchronizer.java:2078)
        at org.apache.ratis.util.DataBlockingQueue.poll(DataBlockingQueue.java:137)
        at org.apache.ratis.server.raftlog.segmented.SegmentedRaftLogWorker.run(SegmentedRaftLogWorker.java:292)
        at org.apache.ratis.server.raftlog.segmented.SegmentedRaftLogWorker$$Lambda$358/232402060.run(Unknown Source)
        at java.lang.Thread.run(Thread.java:748)
"Datanode ReportManager Thread - 3" daemon prio=5 tid=222 in Object.wait()
java.lang.Thread.State: WAITING (on object monitor)
        at sun.misc.Unsafe.park(Native Method)
        at java.util.concurrent.locks.LockSupport.park(LockSupport.java:175)
        at java.util.concurrent.locks.AbstractQueuedSynchronizer$ConditionObject.await(AbstractQueuedSynchronizer.java:2039)
        at java.util.concurrent.ScheduledThreadPoolExecutor$DelayedWorkQueue.take(ScheduledThreadPoolExecutor.java:1088)
        at java.util.concurrent.ScheduledThreadPoolExecutor$DelayedWorkQueue.take(ScheduledThreadPoolExecutor.java:809)
        at java.util.concurrent.ThreadPoolExecutor.getTask(ThreadPoolExecutor.java:1074)
        at java.util.concurrent.ThreadPoolExecutor.runWorker(ThreadPoolExecutor.java:1134)
        at java.util.concurrent.ThreadPoolExecutor$Worker.run(ThreadPoolExecutor.java:624)
        at java.lang.Thread.run(Thread.java:748)
"Datanode ReportManager Thread - 0" daemon prio=5 tid=3539 in Object.wait()
java.lang.Thread.State: WAITING (on object monitor)
        at sun.misc.Unsafe.park(Native Method)
        at java.util.concurrent.locks.LockSupport.park(LockSupport.java:175)
        at java.util.concurrent.locks.AbstractQueuedSynchronizer$ConditionObject.await(AbstractQueuedSynchronizer.java:2039)
        at java.util.concurrent.ScheduledThreadPoolExecutor$DelayedWorkQueue.take(ScheduledThreadPoolExecutor.java:1088)
        at java.util.concurrent.ScheduledThreadPoolExecutor$DelayedWorkQueue.take(ScheduledThreadPoolExecutor.java:809)
        at java.util.concurrent.ThreadPoolExecutor.getTask(ThreadPoolExecutor.java:1074)
        at java.util.concurrent.ThreadPoolExecutor.runWorker(ThreadPoolExecutor.java:1134)
        at java.util.concurrent.ThreadPoolExecutor$Worker.run(ThreadPoolExecutor.java:624)
        at java.lang.Thread.run(Thread.java:748)
"PartialTableCache Cleanup Thread - 0" daemon prio=5 tid=1186 in Object.wait()
java.lang.Thread.State: WAITING (on object monitor)
        at sun.misc.Unsafe.park(Native Method)
        at java.util.concurrent.locks.LockSupport.park(LockSupport.java:175)
        at java.util.concurrent.locks.AbstractQueuedSynchronizer$ConditionObject.await(AbstractQueuedSynchronizer.java:2039)
        at java.util.concurrent.LinkedBlockingQueue.take(LinkedBlockingQueue.java:442)
        at java.util.concurrent.ThreadPoolExecutor.getTask(ThreadPoolExecutor.java:1074)
        at java.util.concurrent.ThreadPoolExecutor.runWorker(ThreadPoolExecutor.java:1134)
        at java.util.concurrent.ThreadPoolExecutor$Worker.run(ThreadPoolExecutor.java:624)
        at java.lang.Thread.run(Thread.java:748)
"grpc-default-worker-ELG-5-1" daemon prio=5 tid=303 runnable
java.lang.Thread.State: RUNNABLE
        at org.apache.ratis.thirdparty.io.netty.channel.epoll.Native.epollWait0(Native Method)
        at org.apache.ratis.thirdparty.io.netty.channel.epoll.Native.epollWait(Native.java:161)
        at org.apache.ratis.thirdparty.io.netty.channel.epoll.EpollEventLoop.epollWait(EpollEventLoop.java:286)
        at org.apache.ratis.thirdparty.io.netty.channel.epoll.EpollEventLoop.run(EpollEventLoop.java:351)
        at org.apache.ratis.thirdparty.io.netty.util.concurrent.SingleThreadEventExecutor$4.run(SingleThreadEventExecutor.java:989)
        at org.apache.ratis.thirdparty.io.netty.util.internal.ThreadExecutorMap$2.run(ThreadExecutorMap.java:74)
        at org.apache.ratis.thirdparty.io.netty.util.concurrent.FastThreadLocalRunnable.run(FastThreadLocalRunnable.java:30)
        at java.lang.Thread.run(Thread.java:748)
"IPC Server handler 4 on default port 41663" daemon prio=5 tid=55 timed_waiting
java.lang.Thread.State: TIMED_WAITING
        at sun.misc.Unsafe.park(Native Method)
        at java.util.concurrent.locks.LockSupport.parkNanos(LockSupport.java:215)
        at java.util.concurrent.locks.AbstractQueuedSynchronizer$ConditionObject.awaitNanos(AbstractQueuedSynchronizer.java:2078)
        at java.util.concurrent.LinkedBlockingQueue.poll(LinkedBlockingQueue.java:467)
        at org.apache.hadoop.ipc.CallQueueManager.take(CallQueueManager.java:317)
        at org.apache.hadoop.ipc.Server$Handler.run(Server.java:2932)
"IPC Server handler 14 on default port 41883" daemon prio=5 tid=85 timed_waiting
java.lang.Thread.State: TIMED_WAITING
        at sun.misc.Unsafe.park(Native Method)
        at java.util.concurrent.locks.LockSupport.parkNanos(LockSupport.java:215)
        at java.util.concurrent.locks.AbstractQueuedSynchronizer$ConditionObject.awaitNanos(AbstractQueuedSynchronizer.java:2078)
        at java.util.concurrent.LinkedBlockingQueue.poll(LinkedBlockingQueue.java:467)
        at org.apache.hadoop.ipc.CallQueueManager.take(CallQueueManager.java:317)
        at org.apache.hadoop.ipc.Server$Handler.run(Server.java:2932)
"Socket Reader #1 for port 0"  prio=5 tid=39 runnable
java.lang.Thread.State: RUNNABLE
        at sun.nio.ch.EPollArrayWrapper.epollWait(Native Method)
        at sun.nio.ch.EPollArrayWrapper.poll(EPollArrayWrapper.java:269)
        at sun.nio.ch.EPollSelectorImpl.doSelect(EPollSelectorImpl.java:93)
        at sun.nio.ch.SelectorImpl.lockAndDoSelect(SelectorImpl.java:86)
        at sun.nio.ch.SelectorImpl.select(SelectorImpl.java:97)
        at sun.nio.ch.SelectorImpl.select(SelectorImpl.java:101)
        at org.apache.hadoop.ipc.Server$Listener$Reader.doRunLoop(Server.java:1288)
        at org.apache.hadoop.ipc.Server$Listener$Reader.run(Server.java:1267)
"qtp697960017-150" daemon prio=5 tid=150 timed_waiting
java.lang.Thread.State: TIMED_WAITING
        at sun.misc.Unsafe.park(Native Method)
        at java.util.concurrent.locks.LockSupport.parkNanos(LockSupport.java:215)
        at java.util.concurrent.locks.AbstractQueuedSynchronizer$ConditionObject.awaitNanos(AbstractQueuedSynchronizer.java:2078)
        at org.eclipse.jetty.util.BlockingArrayQueue.poll(BlockingArrayQueue.java:382)
        at org.eclipse.jetty.util.thread.QueuedThreadPool$Runner.idleJobPoll(QueuedThreadPool.java:974)
        at org.eclipse.jetty.util.thread.QueuedThreadPool$Runner.run(QueuedThreadPool.java:1018)
        at java.lang.Thread.run(Thread.java:748)
"IPC Server handler 8 on default port 45631" daemon prio=5 tid=163 timed_waiting
java.lang.Thread.State: TIMED_WAITING
        at sun.misc.Unsafe.park(Native Method)
        at java.util.concurrent.locks.LockSupport.parkNanos(LockSupport.java:215)
        at java.util.concurrent.locks.AbstractQueuedSynchronizer$ConditionObject.awaitNanos(AbstractQueuedSynchronizer.java:2078)
        at java.util.concurrent.LinkedBlockingQueue.poll(LinkedBlockingQueue.java:467)
        at org.apache.hadoop.ipc.CallQueueManager.take(CallQueueManager.java:317)
        at org.apache.hadoop.ipc.Server$Handler.run(Server.java:2932)
"IPC Server handler 16 on default port 41663" daemon prio=5 tid=67 timed_waiting
java.lang.Thread.State: TIMED_WAITING
        at sun.misc.Unsafe.park(Native Method)
        at java.util.concurrent.locks.LockSupport.parkNanos(LockSupport.java:215)
        at java.util.concurrent.locks.AbstractQueuedSynchronizer$ConditionObject.awaitNanos(AbstractQueuedSynchronizer.java:2078)
        at java.util.concurrent.LinkedBlockingQueue.poll(LinkedBlockingQueue.java:467)
        at org.apache.hadoop.ipc.CallQueueManager.take(CallQueueManager.java:317)
        at org.apache.hadoop.ipc.Server$Handler.run(Server.java:2932)
"pool-24-thread-1"  prio=5 tid=93 timed_waiting
java.lang.Thread.State: TIMED_WAITING
        at sun.misc.Unsafe.park(Native Method)
        at java.util.concurrent.locks.LockSupport.parkNanos(LockSupport.java:215)
        at java.util.concurrent.locks.AbstractQueuedSynchronizer$ConditionObject.awaitNanos(AbstractQueuedSynchronizer.java:2078)
        at java.util.concurrent.ScheduledThreadPoolExecutor$DelayedWorkQueue.take(ScheduledThreadPoolExecutor.java:1093)
        at java.util.concurrent.ScheduledThreadPoolExecutor$DelayedWorkQueue.take(ScheduledThreadPoolExecutor.java:809)
        at java.util.concurrent.ThreadPoolExecutor.getTask(ThreadPoolExecutor.java:1074)
        at java.util.concurrent.ThreadPoolExecutor.runWorker(ThreadPoolExecutor.java:1134)
        at java.util.concurrent.ThreadPoolExecutor$Worker.run(ThreadPoolExecutor.java:624)
        at java.lang.Thread.run(Thread.java:748)
"IPC Server handler 6 on default port 44503" daemon prio=5 tid=116 timed_waiting
java.lang.Thread.State: TIMED_WAITING
        at sun.misc.Unsafe.park(Native Method)
        at java.util.concurrent.locks.LockSupport.parkNanos(LockSupport.java:215)
        at java.util.concurrent.locks.AbstractQueuedSynchronizer$ConditionObject.awaitNanos(AbstractQueuedSynchronizer.java:2078)
        at java.util.concurrent.LinkedBlockingQueue.poll(LinkedBlockingQueue.java:467)
        at org.apache.hadoop.ipc.CallQueueManager.take(CallQueueManager.java:317)
        at org.apache.hadoop.ipc.Server$Handler.run(Server.java:2932)
"Datanode ReportManager Thread - 3" daemon prio=5 tid=197 in Object.wait()
java.lang.Thread.State: WAITING (on object monitor)
        at sun.misc.Unsafe.park(Native Method)
        at java.util.concurrent.locks.LockSupport.park(LockSupport.java:175)
        at java.util.concurrent.locks.AbstractQueuedSynchronizer$ConditionObject.await(AbstractQueuedSynchronizer.java:2039)
        at java.util.concurrent.ScheduledThreadPoolExecutor$DelayedWorkQueue.take(ScheduledThreadPoolExecutor.java:1088)
        at java.util.concurrent.ScheduledThreadPoolExecutor$DelayedWorkQueue.take(ScheduledThreadPoolExecutor.java:809)
        at java.util.concurrent.ThreadPoolExecutor.getTask(ThreadPoolExecutor.java:1074)
        at java.util.concurrent.ThreadPoolExecutor.runWorker(ThreadPoolExecutor.java:1134)
        at java.util.concurrent.ThreadPoolExecutor$Worker.run(ThreadPoolExecutor.java:624)
        at java.lang.Thread.run(Thread.java:748)
"IPC Server handler 1 on default port 41663" daemon prio=5 tid=52 timed_waiting
java.lang.Thread.State: TIMED_WAITING
        at sun.misc.Unsafe.park(Native Method)
        at java.util.concurrent.locks.LockSupport.parkNanos(LockSupport.java:215)
        at java.util.concurrent.locks.AbstractQueuedSynchronizer$ConditionObject.awaitNanos(AbstractQueuedSynchronizer.java:2078)
        at java.util.concurrent.LinkedBlockingQueue.poll(LinkedBlockingQueue.java:467)
        at org.apache.hadoop.ipc.CallQueueManager.take(CallQueueManager.java:317)
        at org.apache.hadoop.ipc.Server$Handler.run(Server.java:2932)
"IPC Server handler 18 on default port 41663" daemon prio=5 tid=69 timed_waiting
java.lang.Thread.State: TIMED_WAITING
        at sun.misc.Unsafe.park(Native Method)
        at java.util.concurrent.locks.LockSupport.parkNanos(LockSupport.java:215)
        at java.util.concurrent.locks.AbstractQueuedSynchronizer$ConditionObject.awaitNanos(AbstractQueuedSynchronizer.java:2078)
        at java.util.concurrent.LinkedBlockingQueue.poll(LinkedBlockingQueue.java:467)
        at org.apache.hadoop.ipc.CallQueueManager.take(CallQueueManager.java:317)
        at org.apache.hadoop.ipc.Server$Handler.run(Server.java:2932)
"Periodic HDDS volume checker" daemon prio=5 tid=3423 timed_waiting
java.lang.Thread.State: TIMED_WAITING
        at sun.misc.Unsafe.park(Native Method)
        at java.util.concurrent.locks.LockSupport.parkNanos(LockSupport.java:215)
        at java.util.concurrent.locks.AbstractQueuedSynchronizer$ConditionObject.awaitNanos(AbstractQueuedSynchronizer.java:2078)
        at java.util.concurrent.ScheduledThreadPoolExecutor$DelayedWorkQueue.take(ScheduledThreadPoolExecutor.java:1093)
        at java.util.concurrent.ScheduledThreadPoolExecutor$DelayedWorkQueue.take(ScheduledThreadPoolExecutor.java:809)
        at java.util.concurrent.ThreadPoolExecutor.getTask(ThreadPoolExecutor.java:1074)
        at java.util.concurrent.ThreadPoolExecutor.runWorker(ThreadPoolExecutor.java:1134)
        at java.util.concurrent.ThreadPoolExecutor$Worker.run(ThreadPoolExecutor.java:624)
        at java.lang.Thread.run(Thread.java:748)
"IPC Server handler 1 on default port 45631" daemon prio=5 tid=156 timed_waiting
java.lang.Thread.State: TIMED_WAITING
        at sun.misc.Unsafe.park(Native Method)
        at java.util.concurrent.locks.LockSupport.parkNanos(LockSupport.java:215)
        at java.util.concurrent.locks.AbstractQueuedSynchronizer$ConditionObject.awaitNanos(AbstractQueuedSynchronizer.java:2078)
        at java.util.concurrent.LinkedBlockingQueue.poll(LinkedBlockingQueue.java:467)
        at org.apache.hadoop.ipc.CallQueueManager.take(CallQueueManager.java:317)
        at org.apache.hadoop.ipc.Server$Handler.run(Server.java:2932)
"IPC Server handler 3 on default port 41883" daemon prio=5 tid=74 timed_waiting
java.lang.Thread.State: TIMED_WAITING
        at sun.misc.Unsafe.park(Native Method)
        at java.util.concurrent.locks.LockSupport.parkNanos(LockSupport.java:215)
        at java.util.concurrent.locks.AbstractQueuedSynchronizer$ConditionObject.awaitNanos(AbstractQueuedSynchronizer.java:2078)
        at java.util.concurrent.LinkedBlockingQueue.poll(LinkedBlockingQueue.java:467)
        at org.apache.hadoop.ipc.CallQueueManager.take(CallQueueManager.java:317)
        at org.apache.hadoop.ipc.Server$Handler.run(Server.java:2932)
"EventQueue-NewNodeForNewNodeHandler" daemon prio=5 tid=285 in Object.wait()
java.lang.Thread.State: WAITING (on object monitor)
        at sun.misc.Unsafe.park(Native Method)
        at java.util.concurrent.locks.LockSupport.park(LockSupport.java:175)
        at java.util.concurrent.locks.AbstractQueuedSynchronizer$ConditionObject.await(AbstractQueuedSynchronizer.java:2039)
        at java.util.concurrent.LinkedBlockingQueue.take(LinkedBlockingQueue.java:442)
        at java.util.concurrent.ThreadPoolExecutor.getTask(ThreadPoolExecutor.java:1074)
        at java.util.concurrent.ThreadPoolExecutor.runWorker(ThreadPoolExecutor.java:1134)
        at java.util.concurrent.ThreadPoolExecutor$Worker.run(ThreadPoolExecutor.java:624)
        at java.lang.Thread.run(Thread.java:748)
"Datanode ReportManager Thread - 2" daemon prio=5 tid=3541 timed_waiting
java.lang.Thread.State: TIMED_WAITING
        at sun.misc.Unsafe.park(Native Method)
        at java.util.concurrent.locks.LockSupport.parkNanos(LockSupport.java:215)
        at java.util.concurrent.locks.AbstractQueuedSynchronizer$ConditionObject.awaitNanos(AbstractQueuedSynchronizer.java:2078)
        at java.util.concurrent.ScheduledThreadPoolExecutor$DelayedWorkQueue.take(ScheduledThreadPoolExecutor.java:1093)
        at java.util.concurrent.ScheduledThreadPoolExecutor$DelayedWorkQueue.take(ScheduledThreadPoolExecutor.java:809)
        at java.util.concurrent.ThreadPoolExecutor.getTask(ThreadPoolExecutor.java:1074)
        at java.util.concurrent.ThreadPoolExecutor.runWorker(ThreadPoolExecutor.java:1134)
        at java.util.concurrent.ThreadPoolExecutor$Worker.run(ThreadPoolExecutor.java:624)
        at java.lang.Thread.run(Thread.java:748)
"pool-461-thread-1"  prio=5 tid=3522 in Object.wait()
java.lang.Thread.State: WAITING (on object monitor)
        at sun.misc.Unsafe.park(Native Method)
        at java.util.concurrent.locks.LockSupport.park(LockSupport.java:175)
        at java.util.concurrent.locks.AbstractQueuedSynchronizer$ConditionObject.await(AbstractQueuedSynchronizer.java:2039)
        at java.util.concurrent.LinkedBlockingQueue.take(LinkedBlockingQueue.java:442)
        at java.util.concurrent.ThreadPoolExecutor.getTask(ThreadPoolExecutor.java:1074)
        at java.util.concurrent.ThreadPoolExecutor.runWorker(ThreadPoolExecutor.java:1134)
        at java.util.concurrent.ThreadPoolExecutor$Worker.run(ThreadPoolExecutor.java:624)
        at java.lang.Thread.run(Thread.java:748)
"qtp697960017-147" daemon prio=5 tid=147 runnable
java.lang.Thread.State: RUNNABLE
        at sun.nio.ch.EPollArrayWrapper.epollWait(Native Method)
        at sun.nio.ch.EPollArrayWrapper.poll(EPollArrayWrapper.java:269)
        at sun.nio.ch.EPollSelectorImpl.doSelect(EPollSelectorImpl.java:93)
        at sun.nio.ch.SelectorImpl.lockAndDoSelect(SelectorImpl.java:86)
        at sun.nio.ch.SelectorImpl.select(SelectorImpl.java:97)
        at sun.nio.ch.SelectorImpl.select(SelectorImpl.java:101)
        at org.eclipse.jetty.io.ManagedSelector.nioSelect(ManagedSelector.java:183)
        at org.eclipse.jetty.io.ManagedSelector.select(ManagedSelector.java:190)
        at org.eclipse.jetty.io.ManagedSelector$SelectorProducer.select(ManagedSelector.java:606)
        at org.eclipse.jetty.io.ManagedSelector$SelectorProducer.produce(ManagedSelector.java:543)
        at org.eclipse.jetty.util.thread.strategy.EatWhatYouKill.produceTask(EatWhatYouKill.java:362)
        at org.eclipse.jetty.util.thread.strategy.EatWhatYouKill.doProduce(EatWhatYouKill.java:186)
        at org.eclipse.jetty.util.thread.strategy.EatWhatYouKill.tryProduce(EatWhatYouKill.java:173)
        at org.eclipse.jetty.util.thread.strategy.EatWhatYouKill.produce(EatWhatYouKill.java:137)
        at org.eclipse.jetty.io.ManagedSelector$$Lambda$644/1993482475.run(Unknown Source)
        at org.eclipse.jetty.util.thread.QueuedThreadPool.runJob(QueuedThreadPool.java:883)
        at org.eclipse.jetty.util.thread.QueuedThreadPool$Runner.run(QueuedThreadPool.java:1034)
        at java.lang.Thread.run(Thread.java:748)
"SCMBlockDeletingService#0" daemon prio=5 tid=91 timed_waiting
java.lang.Thread.State: TIMED_WAITING
        at sun.misc.Unsafe.park(Native Method)
        at java.util.concurrent.locks.LockSupport.parkNanos(LockSupport.java:215)
        at java.util.concurrent.locks.AbstractQueuedSynchronizer$ConditionObject.awaitNanos(AbstractQueuedSynchronizer.java:2078)
        at java.util.concurrent.ScheduledThreadPoolExecutor$DelayedWorkQueue.take(ScheduledThreadPoolExecutor.java:1093)
        at java.util.concurrent.ScheduledThreadPoolExecutor$DelayedWorkQueue.take(ScheduledThreadPoolExecutor.java:809)
        at java.util.concurrent.ThreadPoolExecutor.getTask(ThreadPoolExecutor.java:1074)
        at java.util.concurrent.ThreadPoolExecutor.runWorker(ThreadPoolExecutor.java:1134)
        at java.util.concurrent.ThreadPoolExecutor$Worker.run(ThreadPoolExecutor.java:624)
        at java.lang.Thread.run(Thread.java:748)
"Datanode State Machine Daemon Thread" daemon prio=5 tid=3445 timed_waiting
java.lang.Thread.State: TIMED_WAITING
        at java.lang.Thread.sleep(Native Method)
        at org.apache.hadoop.ozone.container.common.statemachine.DatanodeStateMachine.start(DatanodeStateMachine.java:298)
        at org.apache.hadoop.ozone.container.common.statemachine.DatanodeStateMachine.lambda$startDaemon$0(DatanodeStateMachine.java:471)
        at org.apache.hadoop.ozone.container.common.statemachine.DatanodeStateMachine$$Lambda$710/1974321070.run(Unknown Source)
        at java.lang.Thread.run(Thread.java:748)
"Session-HouseKeeper-58693706-1"  prio=5 tid=3533 timed_waiting
java.lang.Thread.State: TIMED_WAITING
        at sun.misc.Unsafe.park(Native Method)
        at java.util.concurrent.locks.LockSupport.parkNanos(LockSupport.java:215)
        at java.util.concurrent.locks.AbstractQueuedSynchronizer$ConditionObject.awaitNanos(AbstractQueuedSynchronizer.java:2078)
        at java.util.concurrent.ScheduledThreadPoolExecutor$DelayedWorkQueue.take(ScheduledThreadPoolExecutor.java:1093)
        at java.util.concurrent.ScheduledThreadPoolExecutor$DelayedWorkQueue.take(ScheduledThreadPoolExecutor.java:809)
        at java.util.concurrent.ThreadPoolExecutor.getTask(ThreadPoolExecutor.java:1074)
        at java.util.concurrent.ThreadPoolExecutor.runWorker(ThreadPoolExecutor.java:1134)
        at java.util.concurrent.ThreadPoolExecutor$Worker.run(ThreadPoolExecutor.java:624)
        at java.lang.Thread.run(Thread.java:748)
"IPC Server Responder" daemon prio=5 tid=37 runnable
java.lang.Thread.State: RUNNABLE
        at sun.nio.ch.EPollArrayWrapper.epollWait(Native Method)
        at sun.nio.ch.EPollArrayWrapper.poll(EPollArrayWrapper.java:269)
        at sun.nio.ch.EPollSelectorImpl.doSelect(EPollSelectorImpl.java:93)
        at sun.nio.ch.SelectorImpl.lockAndDoSelect(SelectorImpl.java:86)
        at sun.nio.ch.SelectorImpl.select(SelectorImpl.java:97)
        at org.apache.hadoop.ipc.Server$Responder.doRunLoop(Server.java:1527)
        at org.apache.hadoop.ipc.Server$Responder.run(Server.java:1510)
"IPC Server handler 6 on default port 41883" daemon prio=5 tid=77 timed_waiting
java.lang.Thread.State: TIMED_WAITING
        at sun.misc.Unsafe.park(Native Method)
        at java.util.concurrent.locks.LockSupport.parkNanos(LockSupport.java:215)
        at java.util.concurrent.locks.AbstractQueuedSynchronizer$ConditionObject.awaitNanos(AbstractQueuedSynchronizer.java:2078)
        at java.util.concurrent.LinkedBlockingQueue.poll(LinkedBlockingQueue.java:467)
        at org.apache.hadoop.ipc.CallQueueManager.take(CallQueueManager.java:317)
        at org.apache.hadoop.ipc.Server$Handler.run(Server.java:2932)
"IPC Server handler 2 on default port 41663" daemon prio=5 tid=53 timed_waiting
java.lang.Thread.State: TIMED_WAITING
        at sun.misc.Unsafe.park(Native Method)
        at java.util.concurrent.locks.LockSupport.parkNanos(LockSupport.java:215)
        at java.util.concurrent.locks.AbstractQueuedSynchronizer$ConditionObject.awaitNanos(AbstractQueuedSynchronizer.java:2078)
        at java.util.concurrent.LinkedBlockingQueue.poll(LinkedBlockingQueue.java:467)
        at org.apache.hadoop.ipc.CallQueueManager.take(CallQueueManager.java:317)
        at org.apache.hadoop.ipc.Server$Handler.run(Server.java:2932)
"IPC Server handler 10 on default port 44503" daemon prio=5 tid=120 timed_waiting
java.lang.Thread.State: TIMED_WAITING
        at sun.misc.Unsafe.park(Native Method)
        at java.util.concurrent.locks.LockSupport.parkNanos(LockSupport.java:215)
        at java.util.concurrent.locks.AbstractQueuedSynchronizer$ConditionObject.awaitNanos(AbstractQueuedSynchronizer.java:2078)
        at java.util.concurrent.LinkedBlockingQueue.poll(LinkedBlockingQueue.java:467)
        at org.apache.hadoop.ipc.CallQueueManager.take(CallQueueManager.java:317)
        at org.apache.hadoop.ipc.Server$Handler.run(Server.java:2932)
"Session-HouseKeeper-12387c79-1"  prio=5 tid=154 timed_waiting
java.lang.Thread.State: TIMED_WAITING
        at sun.misc.Unsafe.park(Native Method)
        at java.util.concurrent.locks.LockSupport.parkNanos(LockSupport.java:215)
        at java.util.concurrent.locks.AbstractQueuedSynchronizer$ConditionObject.awaitNanos(AbstractQueuedSynchronizer.java:2078)
        at java.util.concurrent.ScheduledThreadPoolExecutor$DelayedWorkQueue.take(ScheduledThreadPoolExecutor.java:1093)
        at java.util.concurrent.ScheduledThreadPoolExecutor$DelayedWorkQueue.take(ScheduledThreadPoolExecutor.java:809)
        at java.util.concurrent.ThreadPoolExecutor.getTask(ThreadPoolExecutor.java:1074)
        at java.util.concurrent.ThreadPoolExecutor.runWorker(ThreadPoolExecutor.java:1134)
        at java.util.concurrent.ThreadPoolExecutor$Worker.run(ThreadPoolExecutor.java:624)
        at java.lang.Thread.run(Thread.java:748)
"IPC Server handler 19 on default port 44503" daemon prio=5 tid=129 timed_waiting
java.lang.Thread.State: TIMED_WAITING
        at sun.misc.Unsafe.park(Native Method)
        at java.util.concurrent.locks.LockSupport.parkNanos(LockSupport.java:215)
        at java.util.concurrent.locks.AbstractQueuedSynchronizer$ConditionObject.awaitNanos(AbstractQueuedSynchronizer.java:2078)
        at java.util.concurrent.LinkedBlockingQueue.poll(LinkedBlockingQueue.java:467)
        at org.apache.hadoop.ipc.CallQueueManager.take(CallQueueManager.java:317)
        at org.apache.hadoop.ipc.Server$Handler.run(Server.java:2932)
"EventQueue-OpenPipelineForHealthyPipelineSafeModeRule" daemon prio=5 tid=299 in Object.wait()
java.lang.Thread.State: WAITING (on object monitor)
        at sun.misc.Unsafe.park(Native Method)
        at java.util.concurrent.locks.LockSupport.park(LockSupport.java:175)
        at java.util.concurrent.locks.AbstractQueuedSynchronizer$ConditionObject.await(AbstractQueuedSynchronizer.java:2039)
        at java.util.concurrent.LinkedBlockingQueue.take(LinkedBlockingQueue.java:442)
        at java.util.concurrent.ThreadPoolExecutor.getTask(ThreadPoolExecutor.java:1074)
        at java.util.concurrent.ThreadPoolExecutor.runWorker(ThreadPoolExecutor.java:1134)
        at java.util.concurrent.ThreadPoolExecutor$Worker.run(ThreadPoolExecutor.java:624)
        at java.lang.Thread.run(Thread.java:748)
"Datanode ReportManager Thread - 2" daemon prio=5 tid=221 in Object.wait()
java.lang.Thread.State: WAITING (on object monitor)
        at sun.misc.Unsafe.park(Native Method)
        at java.util.concurrent.locks.LockSupport.park(LockSupport.java:175)
        at java.util.concurrent.locks.AbstractQueuedSynchronizer$ConditionObject.await(AbstractQueuedSynchronizer.java:2039)
        at java.util.concurrent.ScheduledThreadPoolExecutor$DelayedWorkQueue.take(ScheduledThreadPoolExecutor.java:1088)
        at java.util.concurrent.ScheduledThreadPoolExecutor$DelayedWorkQueue.take(ScheduledThreadPoolExecutor.java:809)
        at java.util.concurrent.ThreadPoolExecutor.getTask(ThreadPoolExecutor.java:1074)
        at java.util.concurrent.ThreadPoolExecutor.runWorker(ThreadPoolExecutor.java:1134)
        at java.util.concurrent.ThreadPoolExecutor$Worker.run(ThreadPoolExecutor.java:624)
        at java.lang.Thread.run(Thread.java:748)
"IPC Server handler 7 on default port 41663" daemon prio=5 tid=58 timed_waiting
java.lang.Thread.State: TIMED_WAITING
        at sun.misc.Unsafe.park(Native Method)
        at java.util.concurrent.locks.LockSupport.parkNanos(LockSupport.java:215)
        at java.util.concurrent.locks.AbstractQueuedSynchronizer$ConditionObject.awaitNanos(AbstractQueuedSynchronizer.java:2078)
        at java.util.concurrent.LinkedBlockingQueue.poll(LinkedBlockingQueue.java:467)
        at org.apache.hadoop.ipc.CallQueueManager.take(CallQueueManager.java:317)
        at org.apache.hadoop.ipc.Server$Handler.run(Server.java:2932)
"OM StateMachine ApplyTransaction Thread - 0" daemon prio=5 tid=382 in Object.wait()
java.lang.Thread.State: WAITING (on object monitor)
        at sun.misc.Unsafe.park(Native Method)
        at java.util.concurrent.locks.LockSupport.park(LockSupport.java:175)
        at java.util.concurrent.locks.AbstractQueuedSynchronizer$ConditionObject.await(AbstractQueuedSynchronizer.java:2039)
        at java.util.concurrent.LinkedBlockingQueue.take(LinkedBlockingQueue.java:442)
        at java.util.concurrent.ThreadPoolExecutor.getTask(ThreadPoolExecutor.java:1074)
        at java.util.concurrent.ThreadPoolExecutor.runWorker(ThreadPoolExecutor.java:1134)
        at java.util.concurrent.ThreadPoolExecutor$Worker.run(ThreadPoolExecutor.java:624)
        at java.lang.Thread.run(Thread.java:748)
"PartialTableCache Cleanup Thread - 0" daemon prio=5 tid=392 in Object.wait()
java.lang.Thread.State: WAITING (on object monitor)
        at sun.misc.Unsafe.park(Native Method)
        at java.util.concurrent.locks.LockSupport.park(LockSupport.java:175)
        at java.util.concurrent.locks.AbstractQueuedSynchronizer$ConditionObject.await(AbstractQueuedSynchronizer.java:2039)
        at java.util.concurrent.LinkedBlockingQueue.take(LinkedBlockingQueue.java:442)
        at java.util.concurrent.ThreadPoolExecutor.getTask(ThreadPoolExecutor.java:1074)
        at java.util.concurrent.ThreadPoolExecutor.runWorker(ThreadPoolExecutor.java:1134)
        at java.util.concurrent.ThreadPoolExecutor$Worker.run(ThreadPoolExecutor.java:624)
        at java.lang.Thread.run(Thread.java:748)
"IPC Server handler 2 on default port 45631" daemon prio=5 tid=157 timed_waiting
java.lang.Thread.State: TIMED_WAITING
        at sun.misc.Unsafe.park(Native Method)
        at java.util.concurrent.locks.LockSupport.parkNanos(LockSupport.java:215)
        at java.util.concurrent.locks.AbstractQueuedSynchronizer$ConditionObject.awaitNanos(AbstractQueuedSynchronizer.java:2078)
        at java.util.concurrent.LinkedBlockingQueue.poll(LinkedBlockingQueue.java:467)
        at org.apache.hadoop.ipc.CallQueueManager.take(CallQueueManager.java:317)
        at org.apache.hadoop.ipc.Server$Handler.run(Server.java:2932)
"EventQueue-StaleNodeForStaleNodeHandler" daemon prio=5 tid=3420 in Object.wait()
java.lang.Thread.State: WAITING (on object monitor)
        at sun.misc.Unsafe.park(Native Method)
        at java.util.concurrent.locks.LockSupport.park(LockSupport.java:175)
        at java.util.concurrent.locks.AbstractQueuedSynchronizer$ConditionObject.await(AbstractQueuedSynchronizer.java:2039)
        at java.util.concurrent.LinkedBlockingQueue.take(LinkedBlockingQueue.java:442)
        at java.util.concurrent.ThreadPoolExecutor.getTask(ThreadPoolExecutor.java:1074)
        at java.util.concurrent.ThreadPoolExecutor.runWorker(ThreadPoolExecutor.java:1134)
        at java.util.concurrent.ThreadPoolExecutor$Worker.run(ThreadPoolExecutor.java:624)
        at java.lang.Thread.run(Thread.java:748)
"EventQueue-PipelineReportForPipelineReportHandler" daemon prio=5 tid=289 in Object.wait()
java.lang.Thread.State: WAITING (on object monitor)
        at sun.misc.Unsafe.park(Native Method)
        at java.util.concurrent.locks.LockSupport.park(LockSupport.java:175)
        at java.util.concurrent.locks.AbstractQueuedSynchronizer$ConditionObject.await(AbstractQueuedSynchronizer.java:2039)
        at java.util.concurrent.LinkedBlockingQueue.take(LinkedBlockingQueue.java:442)
        at java.util.concurrent.ThreadPoolExecutor.getTask(ThreadPoolExecutor.java:1074)
        at java.util.concurrent.ThreadPoolExecutor.runWorker(ThreadPoolExecutor.java:1134)
        at java.util.concurrent.ThreadPoolExecutor$Worker.run(ThreadPoolExecutor.java:624)
        at java.lang.Thread.run(Thread.java:748)
"org.apache.hadoop.util.JvmPauseMonitor$Monitor@1de36da2" daemon prio=5 tid=175 timed_waiting
java.lang.Thread.State: TIMED_WAITING
        at java.lang.Thread.sleep(Native Method)
        at org.apache.hadoop.util.JvmPauseMonitor$Monitor.run(JvmPauseMonitor.java:192)
        at java.lang.Thread.run(Thread.java:748)
"6bfb9779-376e-41d0-a4a3-df540c6cb1bb@group-899F572A00D9-SegmentedRaftLogWorker"  prio=5 tid=3534 timed_waiting
java.lang.Thread.State: TIMED_WAITING
        at sun.misc.Unsafe.park(Native Method)
        at java.util.concurrent.locks.LockSupport.parkNanos(LockSupport.java:215)
        at java.util.concurrent.locks.AbstractQueuedSynchronizer$ConditionObject.awaitNanos(AbstractQueuedSynchronizer.java:2078)
        at org.apache.ratis.util.DataBlockingQueue.poll(DataBlockingQueue.java:137)
        at org.apache.ratis.server.raftlog.segmented.SegmentedRaftLogWorker.run(SegmentedRaftLogWorker.java:292)
        at org.apache.ratis.server.raftlog.segmented.SegmentedRaftLogWorker$$Lambda$358/232402060.run(Unknown Source)
        at java.lang.Thread.run(Thread.java:748)
"IPC Server handler 2 on default port 44503" daemon prio=5 tid=112 timed_waiting
java.lang.Thread.State: TIMED_WAITING
        at sun.misc.Unsafe.park(Native Method)
        at java.util.concurrent.locks.LockSupport.parkNanos(LockSupport.java:215)
        at java.util.concurrent.locks.AbstractQueuedSynchronizer$ConditionObject.awaitNanos(AbstractQueuedSynchronizer.java:2078)
        at java.util.concurrent.LinkedBlockingQueue.poll(LinkedBlockingQueue.java:467)
        at org.apache.hadoop.ipc.CallQueueManager.take(CallQueueManager.java:317)
        at org.apache.hadoop.ipc.Server$Handler.run(Server.java:2932)
"qtp1181152590-3531" daemon prio=5 tid=3531 timed_waiting
java.lang.Thread.State: TIMED_WAITING
        at sun.misc.Unsafe.park(Native Method)
        at java.util.concurrent.locks.LockSupport.parkNanos(LockSupport.java:215)
        at java.util.concurrent.locks.AbstractQueuedSynchronizer$ConditionObject.awaitNanos(AbstractQueuedSynchronizer.java:2078)
        at org.eclipse.jetty.util.BlockingArrayQueue.poll(BlockingArrayQueue.java:382)
        at org.eclipse.jetty.util.thread.QueuedThreadPool$Runner.idleJobPoll(QueuedThreadPool.java:974)
        at org.eclipse.jetty.util.thread.QueuedThreadPool$Runner.run(QueuedThreadPool.java:1018)
        at java.lang.Thread.run(Thread.java:748)
"Datanode ReportManager Thread - 4" daemon prio=5 tid=223 in Object.wait()
java.lang.Thread.State: WAITING (on object monitor)
        at sun.misc.Unsafe.park(Native Method)
        at java.util.concurrent.locks.LockSupport.park(LockSupport.java:175)
        at java.util.concurrent.locks.AbstractQueuedSynchronizer$ConditionObject.await(AbstractQueuedSynchronizer.java:2039)
        at java.util.concurrent.ScheduledThreadPoolExecutor$DelayedWorkQueue.take(ScheduledThreadPoolExecutor.java:1088)
        at java.util.concurrent.ScheduledThreadPoolExecutor$DelayedWorkQueue.take(ScheduledThreadPoolExecutor.java:809)
        at java.util.concurrent.ThreadPoolExecutor.getTask(ThreadPoolExecutor.java:1074)
        at java.util.concurrent.ThreadPoolExecutor.runWorker(ThreadPoolExecutor.java:1134)
        at java.util.concurrent.ThreadPoolExecutor$Worker.run(ThreadPoolExecutor.java:624)
        at java.lang.Thread.run(Thread.java:748)
"IPC Server handler 5 on default port 45631" daemon prio=5 tid=160 timed_waiting
java.lang.Thread.State: TIMED_WAITING
        at sun.misc.Unsafe.park(Native Method)
        at java.util.concurrent.locks.LockSupport.parkNanos(LockSupport.java:215)
        at java.util.concurrent.locks.AbstractQueuedSynchronizer$ConditionObject.awaitNanos(AbstractQueuedSynchronizer.java:2078)
        at java.util.concurrent.LinkedBlockingQueue.poll(LinkedBlockingQueue.java:467)
        at org.apache.hadoop.ipc.CallQueueManager.take(CallQueueManager.java:317)
        at org.apache.hadoop.ipc.Server$Handler.run(Server.java:2932)
"EventQueue-ContainerReportForContainerReportHandler" daemon prio=5 tid=3487 in Object.wait()
java.lang.Thread.State: WAITING (on object monitor)
        at sun.misc.Unsafe.park(Native Method)
        at java.util.concurrent.locks.LockSupport.park(LockSupport.java:175)
        at java.util.concurrent.locks.AbstractQueuedSynchronizer$ConditionObject.await(AbstractQueuedSynchronizer.java:2039)
        at java.util.concurrent.LinkedBlockingQueue.take(LinkedBlockingQueue.java:442)
        at java.util.concurrent.ThreadPoolExecutor.getTask(ThreadPoolExecutor.java:1074)
        at java.util.concurrent.ThreadPoolExecutor.runWorker(ThreadPoolExecutor.java:1134)
        at java.util.concurrent.ThreadPoolExecutor$Worker.run(ThreadPoolExecutor.java:624)
        at java.lang.Thread.run(Thread.java:748)
"IPC Server handler 13 on default port 44503" daemon prio=5 tid=123 timed_waiting
java.lang.Thread.State: TIMED_WAITING
        at sun.misc.Unsafe.park(Native Method)
        at java.util.concurrent.locks.LockSupport.parkNanos(LockSupport.java:215)
        at java.util.concurrent.locks.AbstractQueuedSynchronizer$ConditionObject.awaitNanos(AbstractQueuedSynchronizer.java:2078)
        at java.util.concurrent.LinkedBlockingQueue.poll(LinkedBlockingQueue.java:467)
        at org.apache.hadoop.ipc.CallQueueManager.take(CallQueueManager.java:317)
        at org.apache.hadoop.ipc.Server$Handler.run(Server.java:2932)
"EndpointStateMachine task thread for /0.0.0.0:44503 - 0 "  prio=5 tid=3550 timed_waiting
java.lang.Thread.State: TIMED_WAITING
        at java.lang.Thread.sleep(Native Method)
        at org.apache.hadoop.ozone.container.ozoneimpl.OzoneContainer.start(OzoneContainer.java:306)
        at org.apache.hadoop.ozone.container.common.states.endpoint.VersionEndpointTask.call(VersionEndpointTask.java:113)
        at org.apache.hadoop.ozone.container.common.states.endpoint.VersionEndpointTask.call(VersionEndpointTask.java:42)
        at java.util.concurrent.FutureTask.run(FutureTask.java:266)
        at java.util.concurrent.ThreadPoolExecutor.runWorker(ThreadPoolExecutor.java:1149)
        at java.util.concurrent.ThreadPoolExecutor$Worker.run(ThreadPoolExecutor.java:624)
        at java.lang.Thread.run(Thread.java:748)
"IPC Server handler 10 on default port 41663" daemon prio=5 tid=61 timed_waiting
java.lang.Thread.State: TIMED_WAITING
        at sun.misc.Unsafe.park(Native Method)
        at java.util.concurrent.locks.LockSupport.parkNanos(LockSupport.java:215)
        at java.util.concurrent.locks.AbstractQueuedSynchronizer$ConditionObject.awaitNanos(AbstractQueuedSynchronizer.java:2078)
        at java.util.concurrent.LinkedBlockingQueue.poll(LinkedBlockingQueue.java:467)
        at org.apache.hadoop.ipc.CallQueueManager.take(CallQueueManager.java:317)
        at org.apache.hadoop.ipc.Server$Handler.run(Server.java:2932)
"qtp1223954869-3434" daemon prio=5 tid=3434 timed_waiting
java.lang.Thread.State: TIMED_WAITING
        at sun.misc.Unsafe.park(Native Method)
        at java.util.concurrent.locks.LockSupport.parkNanos(LockSupport.java:215)
        at java.util.concurrent.locks.AbstractQueuedSynchronizer$ConditionObject.awaitNanos(AbstractQueuedSynchronizer.java:2078)
        at org.eclipse.jetty.util.BlockingArrayQueue.poll(BlockingArrayQueue.java:382)
        at org.eclipse.jetty.util.thread.QueuedThreadPool$Runner.idleJobPoll(QueuedThreadPool.java:974)
        at org.eclipse.jetty.util.thread.QueuedThreadPool$Runner.run(QueuedThreadPool.java:1018)
        at java.lang.Thread.run(Thread.java:748)
"Datanode ReportManager Thread - 4" daemon prio=5 tid=250 in Object.wait()
java.lang.Thread.State: WAITING (on object monitor)
        at sun.misc.Unsafe.park(Native Method)
        at java.util.concurrent.locks.LockSupport.park(LockSupport.java:175)
        at java.util.concurrent.locks.AbstractQueuedSynchronizer$ConditionObject.await(AbstractQueuedSynchronizer.java:2039)
        at java.util.concurrent.ScheduledThreadPoolExecutor$DelayedWorkQueue.take(ScheduledThreadPoolExecutor.java:1088)
        at java.util.concurrent.ScheduledThreadPoolExecutor$DelayedWorkQueue.take(ScheduledThreadPoolExecutor.java:809)
        at java.util.concurrent.ThreadPoolExecutor.getTask(ThreadPoolExecutor.java:1074)
        at java.util.concurrent.ThreadPoolExecutor.runWorker(ThreadPoolExecutor.java:1134)
        at java.util.concurrent.ThreadPoolExecutor$Worker.run(ThreadPoolExecutor.java:624)
        at java.lang.Thread.run(Thread.java:748)
"IPC Server handler 2 on default port 41883" daemon prio=5 tid=73 timed_waiting
java.lang.Thread.State: TIMED_WAITING
        at sun.misc.Unsafe.park(Native Method)
        at java.util.concurrent.locks.LockSupport.parkNanos(LockSupport.java:215)
        at java.util.concurrent.locks.AbstractQueuedSynchronizer$ConditionObject.awaitNanos(AbstractQueuedSynchronizer.java:2078)
        at java.util.concurrent.LinkedBlockingQueue.poll(LinkedBlockingQueue.java:467)
        at org.apache.hadoop.ipc.CallQueueManager.take(CallQueueManager.java:317)
        at org.apache.hadoop.ipc.Server$Handler.run(Server.java:2932)
"fb2bbb8d-0a43-4468-9762-35835c6ecdd5@group-EA466064A84A-StateMachineUpdater" daemon prio=5 tid=3501 in Object.wait()
java.lang.Thread.State: WAITING (on object monitor)
        at java.lang.Object.wait(Native Method)
        at java.lang.Object.wait(Object.java:502)
        at org.apache.ratis.server.impl.StateMachineUpdater.waitForCommit(StateMachineUpdater.java:204)
        at org.apache.ratis.server.impl.StateMachineUpdater.run(StateMachineUpdater.java:173)
        at java.lang.Thread.run(Thread.java:748)
"qtp1436718473-96" daemon prio=5 tid=96 timed_waiting
java.lang.Thread.State: TIMED_WAITING
        at sun.misc.Unsafe.park(Native Method)
        at java.util.concurrent.locks.LockSupport.parkNanos(LockSupport.java:215)
        at java.util.concurrent.locks.AbstractQueuedSynchronizer$ConditionObject.awaitNanos(AbstractQueuedSynchronizer.java:2078)
        at org.eclipse.jetty.util.BlockingArrayQueue.poll(BlockingArrayQueue.java:382)
        at org.eclipse.jetty.util.thread.QueuedThreadPool$Runner.idleJobPoll(QueuedThreadPool.java:974)
        at org.eclipse.jetty.util.thread.QueuedThreadPool$Runner.run(QueuedThreadPool.java:1018)
        at java.lang.Thread.run(Thread.java:748)
"qtp1181152590-3526-acceptor-0@d107fd4-ServerConnector@34709b11{HTTP/1.1, (http/1.1)}{0.0.0.0:36145}" daemon prio=3 tid=3526 runnable
java.lang.Thread.State: RUNNABLE
        at sun.nio.ch.ServerSocketChannelImpl.accept0(Native Method)
        at sun.nio.ch.ServerSocketChannelImpl.accept(ServerSocketChannelImpl.java:421)
        at sun.nio.ch.ServerSocketChannelImpl.accept(ServerSocketChannelImpl.java:249)
        at org.eclipse.jetty.server.ServerConnector.accept(ServerConnector.java:388)
        at org.eclipse.jetty.server.AbstractConnector$Acceptor.run(AbstractConnector.java:702)
        at org.eclipse.jetty.util.thread.QueuedThreadPool.runJob(QueuedThreadPool.java:883)
        at org.eclipse.jetty.util.thread.QueuedThreadPool$Runner.run(QueuedThreadPool.java:1034)
        at java.lang.Thread.run(Thread.java:748)
"RatisPipelineUtilsThread - 0"  prio=5 tid=30 timed_waiting
java.lang.Thread.State: TIMED_WAITING
        at java.lang.Object.wait(Native Method)
        at org.apache.hadoop.hdds.scm.pipeline.BackgroundPipelineCreator.run(BackgroundPipelineCreator.java:183)
        at org.apache.hadoop.hdds.scm.pipeline.BackgroundPipelineCreator$$Lambda$570/1051786632.run(Unknown Source)
        at java.lang.Thread.run(Thread.java:748)
"pool-402-thread-1" daemon prio=5 tid=3425 timed_waiting
java.lang.Thread.State: TIMED_WAITING
        at sun.misc.Unsafe.park(Native Method)
        at java.util.concurrent.locks.LockSupport.parkNanos(LockSupport.java:215)
        at java.util.concurrent.locks.AbstractQueuedSynchronizer$ConditionObject.awaitNanos(AbstractQueuedSynchronizer.java:2078)
        at java.util.concurrent.ScheduledThreadPoolExecutor$DelayedWorkQueue.take(ScheduledThreadPoolExecutor.java:1093)
        at java.util.concurrent.ScheduledThreadPoolExecutor$DelayedWorkQueue.take(ScheduledThreadPoolExecutor.java:809)
        at java.util.concurrent.ThreadPoolExecutor.getTask(ThreadPoolExecutor.java:1074)
        at java.util.concurrent.ThreadPoolExecutor.runWorker(ThreadPoolExecutor.java:1134)
        at java.util.concurrent.ThreadPoolExecutor$Worker.run(ThreadPoolExecutor.java:624)
        at java.lang.Thread.run(Thread.java:748)
"EventQueue-DatanodeCommandForSCMNodeManager"  prio=5 tid=291 in Object.wait()
java.lang.Thread.State: WAITING (on object monitor)
        at sun.misc.Unsafe.park(Native Method)
        at java.util.concurrent.locks.LockSupport.park(LockSupport.java:175)
        at java.util.concurrent.locks.AbstractQueuedSynchronizer$ConditionObject.await(AbstractQueuedSynchronizer.java:2039)
        at java.util.concurrent.LinkedBlockingQueue.take(LinkedBlockingQueue.java:442)
        at java.util.concurrent.ThreadPoolExecutor.getTask(ThreadPoolExecutor.java:1074)
        at java.util.concurrent.ThreadPoolExecutor.runWorker(ThreadPoolExecutor.java:1134)
        at java.util.concurrent.ThreadPoolExecutor$Worker.run(ThreadPoolExecutor.java:624)
        at java.lang.Thread.run(Thread.java:748)
"EventQueue-ContainerReportForContainerReportHandler" daemon prio=5 tid=294 in Object.wait()
java.lang.Thread.State: WAITING (on object monitor)
        at sun.misc.Unsafe.park(Native Method)
        at java.util.concurrent.locks.LockSupport.park(LockSupport.java:175)
        at java.util.concurrent.locks.AbstractQueuedSynchronizer$ConditionObject.await(AbstractQueuedSynchronizer.java:2039)
        at java.util.concurrent.LinkedBlockingQueue.take(LinkedBlockingQueue.java:442)
        at java.util.concurrent.ThreadPoolExecutor.getTask(ThreadPoolExecutor.java:1074)
        at java.util.concurrent.ThreadPoolExecutor.runWorker(ThreadPoolExecutor.java:1134)
        at java.util.concurrent.ThreadPoolExecutor$Worker.run(ThreadPoolExecutor.java:624)
        at java.lang.Thread.run(Thread.java:748)
"IPC Parameter Sending Thread #1" daemon prio=5 tid=498 timed_waiting
java.lang.Thread.State: TIMED_WAITING
        at sun.misc.Unsafe.park(Native Method)
        at java.util.concurrent.locks.LockSupport.parkNanos(LockSupport.java:215)
        at java.util.concurrent.SynchronousQueue$TransferStack.awaitFulfill(SynchronousQueue.java:460)
        at java.util.concurrent.SynchronousQueue$TransferStack.transfer(SynchronousQueue.java:362)
        at java.util.concurrent.SynchronousQueue.poll(SynchronousQueue.java:941)
        at java.util.concurrent.ThreadPoolExecutor.getTask(ThreadPoolExecutor.java:1073)
        at java.util.concurrent.ThreadPoolExecutor.runWorker(ThreadPoolExecutor.java:1134)
        at java.util.concurrent.ThreadPoolExecutor$Worker.run(ThreadPoolExecutor.java:624)
        at java.lang.Thread.run(Thread.java:748)
"Timer-0"  prio=5 tid=142 timed_waiting
java.lang.Thread.State: TIMED_WAITING
        at java.lang.Object.wait(Native Method)
        at java.util.TimerThread.mainLoop(Timer.java:552)
        at java.util.TimerThread.run(Timer.java:505)
"IPC Server handler 8 on default port 41883" daemon prio=5 tid=79 timed_waiting
java.lang.Thread.State: TIMED_WAITING
        at sun.misc.Unsafe.park(Native Method)
        at java.util.concurrent.locks.LockSupport.parkNanos(LockSupport.java:215)
        at java.util.concurrent.locks.AbstractQueuedSynchronizer$ConditionObject.awaitNanos(AbstractQueuedSynchronizer.java:2078)
        at java.util.concurrent.LinkedBlockingQueue.poll(LinkedBlockingQueue.java:467)
        at org.apache.hadoop.ipc.CallQueueManager.take(CallQueueManager.java:317)
        at org.apache.hadoop.ipc.Server$Handler.run(Server.java:2932)
"EventQueue-ContainerReportForContainerReportHandler" daemon prio=5 tid=286 in Object.wait()
java.lang.Thread.State: WAITING (on object monitor)
        at sun.misc.Unsafe.park(Native Method)
        at java.util.concurrent.locks.LockSupport.park(LockSupport.java:175)
        at java.util.concurrent.locks.AbstractQueuedSynchronizer$ConditionObject.await(AbstractQueuedSynchronizer.java:2039)
        at java.util.concurrent.LinkedBlockingQueue.take(LinkedBlockingQueue.java:442)
        at java.util.concurrent.ThreadPoolExecutor.getTask(ThreadPoolExecutor.java:1074)
        at java.util.concurrent.ThreadPoolExecutor.runWorker(ThreadPoolExecutor.java:1134)
        at java.util.concurrent.ThreadPoolExecutor$Worker.run(ThreadPoolExecutor.java:624)
        at java.lang.Thread.run(Thread.java:748)
"IPC Server handler 15 on default port 45631" daemon prio=5 tid=170 timed_waiting
java.lang.Thread.State: TIMED_WAITING
        at sun.misc.Unsafe.park(Native Method)
        at java.util.concurrent.locks.LockSupport.parkNanos(LockSupport.java:215)
        at java.util.concurrent.locks.AbstractQueuedSynchronizer$ConditionObject.awaitNanos(AbstractQueuedSynchronizer.java:2078)
        at java.util.concurrent.LinkedBlockingQueue.poll(LinkedBlockingQueue.java:467)
        at org.apache.hadoop.ipc.CallQueueManager.take(CallQueueManager.java:317)
        at org.apache.hadoop.ipc.Server$Handler.run(Server.java:2932)
"pool-47-thread-1"  prio=5 tid=145 timed_waiting
java.lang.Thread.State: TIMED_WAITING
        at sun.misc.Unsafe.park(Native Method)
        at java.util.concurrent.locks.LockSupport.parkNanos(LockSupport.java:215)
        at java.util.concurrent.locks.AbstractQueuedSynchronizer$ConditionObject.awaitNanos(AbstractQueuedSynchronizer.java:2078)
        at java.util.concurrent.ScheduledThreadPoolExecutor$DelayedWorkQueue.take(ScheduledThreadPoolExecutor.java:1093)
        at java.util.concurrent.ScheduledThreadPoolExecutor$DelayedWorkQueue.take(ScheduledThreadPoolExecutor.java:809)
        at java.util.concurrent.ThreadPoolExecutor.getTask(ThreadPoolExecutor.java:1074)
        at java.util.concurrent.ThreadPoolExecutor.runWorker(ThreadPoolExecutor.java:1134)
        at java.util.concurrent.ThreadPoolExecutor$Worker.run(ThreadPoolExecutor.java:624)
        at java.lang.Thread.run(Thread.java:748)
"org.apache.ratis.util.JvmPauseMonitor$$Lambda$422/111819772@23bd58ba" daemon prio=5 tid=3476 timed_waiting
java.lang.Thread.State: TIMED_WAITING
        at java.lang.Thread.sleep(Native Method)
        at java.lang.Thread.sleep(Thread.java:340)
        at java.util.concurrent.TimeUnit.sleep(TimeUnit.java:386)
        at org.apache.ratis.util.TimeDuration.sleep(TimeDuration.java:324)
        at org.apache.ratis.util.TimeDuration.sleep(TimeDuration.java:309)
        at org.apache.ratis.util.JvmPauseMonitor.detectPause(JvmPauseMonitor.java:117)
        at org.apache.ratis.util.JvmPauseMonitor.run(JvmPauseMonitor.java:106)
        at org.apache.ratis.util.JvmPauseMonitor$$Lambda$422/111819772.run(Unknown Source)
        at java.lang.Thread.run(Thread.java:748)
"IPC Server handler 4 on default port 41883" daemon prio=5 tid=75 timed_waiting
java.lang.Thread.State: TIMED_WAITING
        at sun.misc.Unsafe.park(Native Method)
        at java.util.concurrent.locks.LockSupport.parkNanos(LockSupport.java:215)
        at java.util.concurrent.locks.AbstractQueuedSynchronizer$ConditionObject.awaitNanos(AbstractQueuedSynchronizer.java:2078)
        at java.util.concurrent.LinkedBlockingQueue.poll(LinkedBlockingQueue.java:467)
        at org.apache.hadoop.ipc.CallQueueManager.take(CallQueueManager.java:317)
        at org.apache.hadoop.ipc.Server$Handler.run(Server.java:2932)
"IPC Server handler 0 on default port 41663" daemon prio=5 tid=51 timed_waiting
java.lang.Thread.State: TIMED_WAITING
        at sun.misc.Unsafe.park(Native Method)
        at java.util.concurrent.locks.LockSupport.parkNanos(LockSupport.java:215)
        at java.util.concurrent.locks.AbstractQueuedSynchronizer$ConditionObject.awaitNanos(AbstractQueuedSynchronizer.java:2078)
        at java.util.concurrent.LinkedBlockingQueue.poll(LinkedBlockingQueue.java:467)
        at org.apache.hadoop.ipc.CallQueueManager.take(CallQueueManager.java:317)
        at org.apache.hadoop.ipc.Server$Handler.run(Server.java:2932)
"ChunkWriter-3-0" daemon prio=5 tid=3554 in Object.wait()
java.lang.Thread.State: WAITING (on object monitor)
        at sun.misc.Unsafe.park(Native Method)
        at java.util.concurrent.locks.LockSupport.park(LockSupport.java:175)
        at java.util.concurrent.locks.AbstractQueuedSynchronizer$ConditionObject.await(AbstractQueuedSynchronizer.java:2039)
        at java.util.concurrent.LinkedBlockingDeque.takeFirst(LinkedBlockingDeque.java:492)
        at java.util.concurrent.LinkedBlockingDeque.take(LinkedBlockingDeque.java:680)
        at java.util.concurrent.ThreadPoolExecutor.getTask(ThreadPoolExecutor.java:1074)
        at java.util.concurrent.ThreadPoolExecutor.runWorker(ThreadPoolExecutor.java:1134)
        at java.util.concurrent.ThreadPoolExecutor$Worker.run(ThreadPoolExecutor.java:624)
        at java.lang.Thread.run(Thread.java:748)
"Socket Reader #1 for port 0"  prio=5 tid=35 runnable
java.lang.Thread.State: RUNNABLE
        at sun.nio.ch.EPollArrayWrapper.epollWait(Native Method)
        at sun.nio.ch.EPollArrayWrapper.poll(EPollArrayWrapper.java:269)
        at sun.nio.ch.EPollSelectorImpl.doSelect(EPollSelectorImpl.java:93)
        at sun.nio.ch.SelectorImpl.lockAndDoSelect(SelectorImpl.java:86)
        at sun.nio.ch.SelectorImpl.select(SelectorImpl.java:97)
        at sun.nio.ch.SelectorImpl.select(SelectorImpl.java:101)
        at org.apache.hadoop.ipc.Server$Listener$Reader.doRunLoop(Server.java:1288)
        at org.apache.hadoop.ipc.Server$Listener$Reader.run(Server.java:1267)
"org.apache.ratis.util.JvmPauseMonitor$$Lambda$422/111819772@4ed56cfd" daemon prio=5 tid=141 timed_waiting
java.lang.Thread.State: TIMED_WAITING
        at java.lang.Thread.sleep(Native Method)
        at java.lang.Thread.sleep(Thread.java:340)
        at java.util.concurrent.TimeUnit.sleep(TimeUnit.java:386)
        at org.apache.ratis.util.TimeDuration.sleep(TimeDuration.java:324)
        at org.apache.ratis.util.TimeDuration.sleep(TimeDuration.java:309)
        at org.apache.ratis.util.JvmPauseMonitor.detectPause(JvmPauseMonitor.java:117)
        at org.apache.ratis.util.JvmPauseMonitor.run(JvmPauseMonitor.java:106)
        at org.apache.ratis.util.JvmPauseMonitor$$Lambda$422/111819772.run(Unknown Source)
        at java.lang.Thread.run(Thread.java:748)
"IPC Server handler 14 on default port 45631" daemon prio=5 tid=169 timed_waiting
java.lang.Thread.State: TIMED_WAITING
        at sun.misc.Unsafe.park(Native Method)
        at java.util.concurrent.locks.LockSupport.parkNanos(LockSupport.java:215)
        at java.util.concurrent.locks.AbstractQueuedSynchronizer$ConditionObject.awaitNanos(AbstractQueuedSynchronizer.java:2078)
        at java.util.concurrent.LinkedBlockingQueue.poll(LinkedBlockingQueue.java:467)
        at org.apache.hadoop.ipc.CallQueueManager.take(CallQueueManager.java:317)
        at org.apache.hadoop.ipc.Server$Handler.run(Server.java:2932)
"Datanode ReportManager Thread - 1" daemon prio=5 tid=220 in Object.wait()
java.lang.Thread.State: WAITING (on object monitor)
        at sun.misc.Unsafe.park(Native Method)
        at java.util.concurrent.locks.LockSupport.park(LockSupport.java:175)
        at java.util.concurrent.locks.AbstractQueuedSynchronizer$ConditionObject.await(AbstractQueuedSynchronizer.java:2039)
        at java.util.concurrent.ScheduledThreadPoolExecutor$DelayedWorkQueue.take(ScheduledThreadPoolExecutor.java:1088)
        at java.util.concurrent.ScheduledThreadPoolExecutor$DelayedWorkQueue.take(ScheduledThreadPoolExecutor.java:809)
        at java.util.concurrent.ThreadPoolExecutor.getTask(ThreadPoolExecutor.java:1074)
        at java.util.concurrent.ThreadPoolExecutor.runWorker(ThreadPoolExecutor.java:1134)
        at java.util.concurrent.ThreadPoolExecutor$Worker.run(ThreadPoolExecutor.java:624)
        at java.lang.Thread.run(Thread.java:748)
"pool-429-thread-1"  prio=5 tid=3429 timed_waiting
java.lang.Thread.State: TIMED_WAITING
        at sun.misc.Unsafe.park(Native Method)
        at java.util.concurrent.locks.LockSupport.parkNanos(LockSupport.java:215)
        at java.util.concurrent.locks.AbstractQueuedSynchronizer$ConditionObject.awaitNanos(AbstractQueuedSynchronizer.java:2078)
        at java.util.concurrent.ScheduledThreadPoolExecutor$DelayedWorkQueue.take(ScheduledThreadPoolExecutor.java:1093)
        at java.util.concurrent.ScheduledThreadPoolExecutor$DelayedWorkQueue.take(ScheduledThreadPoolExecutor.java:809)
        at java.util.concurrent.ThreadPoolExecutor.getTask(ThreadPoolExecutor.java:1074)
        at java.util.concurrent.ThreadPoolExecutor.runWorker(ThreadPoolExecutor.java:1134)
        at java.util.concurrent.ThreadPoolExecutor$Worker.run(ThreadPoolExecutor.java:624)
        at java.lang.Thread.run(Thread.java:748)
"Listener at 127.0.0.1/45631"  prio=5 tid=1 timed_waiting
java.lang.Thread.State: TIMED_WAITING
        at sun.misc.Unsafe.park(Native Method)
        at java.util.concurrent.locks.LockSupport.parkNanos(LockSupport.java:215)
        at java.util.concurrent.FutureTask.awaitDone(FutureTask.java:426)
        at java.util.concurrent.FutureTask.get(FutureTask.java:204)
        at org.junit.internal.runners.statements.FailOnTimeout.getResult(FailOnTimeout.java:156)
        at org.junit.internal.runners.statements.FailOnTimeout.evaluate(FailOnTimeout.java:129)
        at org.junit.runners.ParentRunner$3.evaluate(ParentRunner.java:306)
        at org.junit.runners.BlockJUnit4ClassRunner$1.evaluate(BlockJUnit4ClassRunner.java:100)
        at org.junit.runners.ParentRunner.runLeaf(ParentRunner.java:366)
        at org.junit.runners.BlockJUnit4ClassRunner.runChild(BlockJUnit4ClassRunner.java:103)
        at org.junit.runners.BlockJUnit4ClassRunner.runChild(BlockJUnit4ClassRunner.java:63)
        at org.junit.runners.ParentRunner$4.run(ParentRunner.java:331)
        at org.junit.runners.ParentRunner$1.schedule(ParentRunner.java:79)
        at org.junit.runners.ParentRunner.runChildren(ParentRunner.java:329)
        at org.junit.runners.ParentRunner.access$100(ParentRunner.java:66)
        at org.junit.runners.ParentRunner$2.evaluate(ParentRunner.java:293)
        at org.junit.internal.runners.statements.RunBefores.evaluate(RunBefores.java:26)
        at org.junit.internal.runners.statements.RunAfters.evaluate(RunAfters.java:27)
        at org.junit.runners.ParentRunner$3.evaluate(ParentRunner.java:306)
        at org.junit.runners.ParentRunner.run(ParentRunner.java:413)
        at org.junit.runner.JUnitCore.run(JUnitCore.java:137)
        at org.junit.runner.JUnitCore.run(JUnitCore.java:115)
        at org.junit.vintage.engine.execution.RunnerExecutor.execute(RunnerExecutor.java:43)
        at org.junit.vintage.engine.VintageTestEngine$$Lambda$194/2004655561.accept(Unknown Source)
        at java.util.stream.ForEachOps$ForEachOp$OfRef.accept(ForEachOps.java:183)
        at java.util.stream.ReferencePipeline$3$1.accept(ReferencePipeline.java:193)
        at java.util.Iterator.forEachRemaining(Iterator.java:116)
        at java.util.Spliterators$IteratorSpliterator.forEachRemaining(Spliterators.java:1801)
        at java.util.stream.AbstractPipeline.copyInto(AbstractPipeline.java:482)
        at java.util.stream.AbstractPipeline.wrapAndCopyInto(AbstractPipeline.java:472)
        at java.util.stream.ForEachOps$ForEachOp.evaluateSequential(ForEachOps.java:150)
        at java.util.stream.ForEachOps$ForEachOp$OfRef.evaluateSequential(ForEachOps.java:173)
        at java.util.stream.AbstractPipeline.evaluate(AbstractPipeline.java:234)
        at java.util.stream.ReferencePipeline.forEach(ReferencePipeline.java:485)
        at org.junit.vintage.engine.VintageTestEngine.executeAllChildren(VintageTestEngine.java:82)
        at org.junit.vintage.engine.VintageTestEngine.execute(VintageTestEngine.java:73)
        at org.junit.platform.launcher.core.EngineExecutionOrchestrator.execute(EngineExecutionOrchestrator.java:108)
        at org.junit.platform.launcher.core.EngineExecutionOrchestrator.execute(EngineExecutionOrchestrator.java:88)
        at org.junit.platform.launcher.core.EngineExecutionOrchestrator.lambda$execute$0(EngineExecutionOrchestrator.java:54)
        at org.junit.platform.launcher.core.EngineExecutionOrchestrator$$Lambda$142/1748097277.accept(Unknown Source)
        at org.junit.platform.launcher.core.EngineExecutionOrchestrator.withInterceptedStreams(EngineExecutionOrchestrator.java:67)
        at org.junit.platform.launcher.core.EngineExecutionOrchestrator.execute(EngineExecutionOrchestrator.java:52)
        at org.junit.platform.launcher.core.DefaultLauncher.execute(DefaultLauncher.java:96)
        at org.junit.platform.launcher.core.DefaultLauncher.execute(DefaultLauncher.java:75)
        at org.apache.maven.surefire.junitplatform.JUnitPlatformProvider.invokeAllTests(JUnitPlatformProvider.java:142)
        at org.apache.maven.surefire.junitplatform.JUnitPlatformProvider.invoke(JUnitPlatformProvider.java:113)
        at org.apache.maven.surefire.booter.ForkedBooter.invokeProviderInSameClassLoader(ForkedBooter.java:384)
        at org.apache.maven.surefire.booter.ForkedBooter.runSuitesInProcess(ForkedBooter.java:345)
        at org.apache.maven.surefire.booter.ForkedBooter.execute(ForkedBooter.java:126)
        at org.apache.maven.surefire.booter.ForkedBooter.main(ForkedBooter.java:418)
"qtp1223954869-3433" daemon prio=5 tid=3433 timed_waiting
java.lang.Thread.State: TIMED_WAITING
        at sun.misc.Unsafe.park(Native Method)
        at java.util.concurrent.locks.LockSupport.parkNanos(LockSupport.java:215)
        at java.util.concurrent.locks.AbstractQueuedSynchronizer$ConditionObject.awaitNanos(AbstractQueuedSynchronizer.java:2078)
        at org.eclipse.jetty.util.BlockingArrayQueue.poll(BlockingArrayQueue.java:382)
        at org.eclipse.jetty.util.thread.QueuedThreadPool$Runner.idleJobPoll(QueuedThreadPool.java:974)
        at org.eclipse.jetty.util.thread.QueuedThreadPool$Runner.run(QueuedThreadPool.java:1018)
        at java.lang.Thread.run(Thread.java:748)
"IPC Server handler 15 on default port 41663" daemon prio=5 tid=66 timed_waiting
java.lang.Thread.State: TIMED_WAITING
        at sun.misc.Unsafe.park(Native Method)
        at java.util.concurrent.locks.LockSupport.parkNanos(LockSupport.java:215)
        at java.util.concurrent.locks.AbstractQueuedSynchronizer$ConditionObject.awaitNanos(AbstractQueuedSynchronizer.java:2078)
        at java.util.concurrent.LinkedBlockingQueue.poll(LinkedBlockingQueue.java:467)
        at org.apache.hadoop.ipc.CallQueueManager.take(CallQueueManager.java:317)
        at org.apache.hadoop.ipc.Server$Handler.run(Server.java:2932)
"qtp1181152590-3530" daemon prio=5 tid=3530 timed_waiting
java.lang.Thread.State: TIMED_WAITING
        at sun.misc.Unsafe.park(Native Method)
        at java.util.concurrent.locks.LockSupport.parkNanos(LockSupport.java:215)
        at java.util.concurrent.locks.AbstractQueuedSynchronizer$ConditionObject.awaitNanos(AbstractQueuedSynchronizer.java:2078)
        at org.eclipse.jetty.util.BlockingArrayQueue.poll(BlockingArrayQueue.java:382)
        at org.eclipse.jetty.util.thread.QueuedThreadPool$Runner.idleJobPoll(QueuedThreadPool.java:974)
        at org.eclipse.jetty.util.thread.QueuedThreadPool$Runner.run(QueuedThreadPool.java:1018)
        at java.lang.Thread.run(Thread.java:748)
"BlockDeletingService#1" daemon prio=5 tid=3479 in Object.wait()
java.lang.Thread.State: WAITING (on object monitor)
        at sun.misc.Unsafe.park(Native Method)
        at java.util.concurrent.locks.LockSupport.park(LockSupport.java:175)
        at java.util.concurrent.locks.AbstractQueuedSynchronizer$ConditionObject.await(AbstractQueuedSynchronizer.java:2039)
        at java.util.concurrent.ScheduledThreadPoolExecutor$DelayedWorkQueue.take(ScheduledThreadPoolExecutor.java:1088)
        at java.util.concurrent.ScheduledThreadPoolExecutor$DelayedWorkQueue.take(ScheduledThreadPoolExecutor.java:809)
        at java.util.concurrent.ThreadPoolExecutor.getTask(ThreadPoolExecutor.java:1074)
        at java.util.concurrent.ThreadPoolExecutor.runWorker(ThreadPoolExecutor.java:1134)
        at java.util.concurrent.ThreadPoolExecutor$Worker.run(ThreadPoolExecutor.java:624)
        at java.lang.Thread.run(Thread.java:748)
"Datanode ReportManager Thread - 1" daemon prio=5 tid=3447 in Object.wait()
java.lang.Thread.State: WAITING (on object monitor)
        at sun.misc.Unsafe.park(Native Method)
        at java.util.concurrent.locks.LockSupport.park(LockSupport.java:175)
        at java.util.concurrent.locks.AbstractQueuedSynchronizer$ConditionObject.await(AbstractQueuedSynchronizer.java:2039)
        at java.util.concurrent.ScheduledThreadPoolExecutor$DelayedWorkQueue.take(ScheduledThreadPoolExecutor.java:1088)
        at java.util.concurrent.ScheduledThreadPoolExecutor$DelayedWorkQueue.take(ScheduledThreadPoolExecutor.java:809)
        at java.util.concurrent.ThreadPoolExecutor.getTask(ThreadPoolExecutor.java:1074)
        at java.util.concurrent.ThreadPoolExecutor.runWorker(ThreadPoolExecutor.java:1134)
        at java.util.concurrent.ThreadPoolExecutor$Worker.run(ThreadPoolExecutor.java:624)
        at java.lang.Thread.run(Thread.java:748)
"Datanode ReportManager Thread - 2" daemon prio=5 tid=248 in Object.wait()
java.lang.Thread.State: WAITING (on object monitor)
        at sun.misc.Unsafe.park(Native Method)
        at java.util.concurrent.locks.LockSupport.park(LockSupport.java:175)
        at java.util.concurrent.locks.AbstractQueuedSynchronizer$ConditionObject.await(AbstractQueuedSynchronizer.java:2039)
        at java.util.concurrent.ScheduledThreadPoolExecutor$DelayedWorkQueue.take(ScheduledThreadPoolExecutor.java:1088)
        at java.util.concurrent.ScheduledThreadPoolExecutor$DelayedWorkQueue.take(ScheduledThreadPoolExecutor.java:809)
        at java.util.concurrent.ThreadPoolExecutor.getTask(ThreadPoolExecutor.java:1074)
        at java.util.concurrent.ThreadPoolExecutor.runWorker(ThreadPoolExecutor.java:1134)
        at java.util.concurrent.ThreadPoolExecutor$Worker.run(ThreadPoolExecutor.java:624)
        at java.lang.Thread.run(Thread.java:748)
"IPC Server handler 12 on default port 41883" daemon prio=5 tid=83 timed_waiting
java.lang.Thread.State: TIMED_WAITING
        at sun.misc.Unsafe.park(Native Method)
        at java.util.concurrent.locks.LockSupport.parkNanos(LockSupport.java:215)
        at java.util.concurrent.locks.AbstractQueuedSynchronizer$ConditionObject.awaitNanos(AbstractQueuedSynchronizer.java:2078)
        at java.util.concurrent.LinkedBlockingQueue.poll(LinkedBlockingQueue.java:467)
        at org.apache.hadoop.ipc.CallQueueManager.take(CallQueueManager.java:317)
        at org.apache.hadoop.ipc.Server$Handler.run(Server.java:2932)
"Session-HouseKeeper-67b1c3af-1"  prio=5 tid=102 timed_waiting
java.lang.Thread.State: TIMED_WAITING
        at sun.misc.Unsafe.park(Native Method)
        at java.util.concurrent.locks.LockSupport.parkNanos(LockSupport.java:215)
        at java.util.concurrent.locks.AbstractQueuedSynchronizer$ConditionObject.awaitNanos(AbstractQueuedSynchronizer.java:2078)
        at java.util.concurrent.ScheduledThreadPoolExecutor$DelayedWorkQueue.take(ScheduledThreadPoolExecutor.java:1093)
        at java.util.concurrent.ScheduledThreadPoolExecutor$DelayedWorkQueue.take(ScheduledThreadPoolExecutor.java:809)
        at java.util.concurrent.ThreadPoolExecutor.getTask(ThreadPoolExecutor.java:1074)
        at java.util.concurrent.ThreadPoolExecutor.runWorker(ThreadPoolExecutor.java:1134)
        at java.util.concurrent.ThreadPoolExecutor$Worker.run(ThreadPoolExecutor.java:624)
        at java.lang.Thread.run(Thread.java:748)
"ChunkWriter-3-0" daemon prio=5 tid=3472 in Object.wait()
java.lang.Thread.State: WAITING (on object monitor)
        at sun.misc.Unsafe.park(Native Method)
        at java.util.concurrent.locks.LockSupport.park(LockSupport.java:175)
        at java.util.concurrent.locks.AbstractQueuedSynchronizer$ConditionObject.await(AbstractQueuedSynchronizer.java:2039)
        at java.util.concurrent.LinkedBlockingDeque.takeFirst(LinkedBlockingDeque.java:492)
        at java.util.concurrent.LinkedBlockingDeque.take(LinkedBlockingDeque.java:680)
        at java.util.concurrent.ThreadPoolExecutor.getTask(ThreadPoolExecutor.java:1074)
        at java.util.concurrent.ThreadPoolExecutor.runWorker(ThreadPoolExecutor.java:1134)
        at java.util.concurrent.ThreadPoolExecutor$Worker.run(ThreadPoolExecutor.java:624)
        at java.lang.Thread.run(Thread.java:748)
"IPC Server handler 11 on default port 41883" daemon prio=5 tid=82 timed_waiting
java.lang.Thread.State: TIMED_WAITING
        at sun.misc.Unsafe.park(Native Method)
        at java.util.concurrent.locks.LockSupport.parkNanos(LockSupport.java:215)
        at java.util.concurrent.locks.AbstractQueuedSynchronizer$ConditionObject.awaitNanos(AbstractQueuedSynchronizer.java:2078)
        at java.util.concurrent.LinkedBlockingQueue.poll(LinkedBlockingQueue.java:467)
        at org.apache.hadoop.ipc.CallQueueManager.take(CallQueueManager.java:317)
        at org.apache.hadoop.ipc.Server$Handler.run(Server.java:2932)
"Datanode ReportManager Thread - 1" daemon prio=5 tid=247 in Object.wait()
java.lang.Thread.State: WAITING (on object monitor)
        at sun.misc.Unsafe.park(Native Method)
        at java.util.concurrent.locks.LockSupport.park(LockSupport.java:175)
        at java.util.concurrent.locks.AbstractQueuedSynchronizer$ConditionObject.await(AbstractQueuedSynchronizer.java:2039)
        at java.util.concurrent.ScheduledThreadPoolExecutor$DelayedWorkQueue.take(ScheduledThreadPoolExecutor.java:1088)
        at java.util.concurrent.ScheduledThreadPoolExecutor$DelayedWorkQueue.take(ScheduledThreadPoolExecutor.java:809)
        at java.util.concurrent.ThreadPoolExecutor.getTask(ThreadPoolExecutor.java:1074)
        at java.util.concurrent.ThreadPoolExecutor.runWorker(ThreadPoolExecutor.java:1134)
        at java.util.concurrent.ThreadPoolExecutor$Worker.run(ThreadPoolExecutor.java:624)
        at java.lang.Thread.run(Thread.java:748)
"Signal Dispatcher" daemon prio=9 tid=4 runnable
java.lang.Thread.State: RUNNABLE
"IPC Server handler 9 on default port 41663" daemon prio=5 tid=60 timed_waiting
java.lang.Thread.State: TIMED_WAITING
        at sun.misc.Unsafe.park(Native Method)
        at java.util.concurrent.locks.LockSupport.parkNanos(LockSupport.java:215)
        at java.util.concurrent.locks.AbstractQueuedSynchronizer$ConditionObject.awaitNanos(AbstractQueuedSynchronizer.java:2078)
        at java.util.concurrent.LinkedBlockingQueue.poll(LinkedBlockingQueue.java:467)
        at org.apache.hadoop.ipc.CallQueueManager.take(CallQueueManager.java:317)
        at org.apache.hadoop.ipc.Server$Handler.run(Server.java:2932)
"qtp1436718473-100" daemon prio=5 tid=100 timed_waiting
java.lang.Thread.State: TIMED_WAITING
        at sun.misc.Unsafe.park(Native Method)
        at java.util.concurrent.locks.LockSupport.parkNanos(LockSupport.java:215)
        at java.util.concurrent.locks.AbstractQueuedSynchronizer$ConditionObject.awaitNanos(AbstractQueuedSynchronizer.java:2078)
        at org.eclipse.jetty.util.BlockingArrayQueue.poll(BlockingArrayQueue.java:382)
        at org.eclipse.jetty.util.thread.QueuedThreadPool$Runner.idleJobPoll(QueuedThreadPool.java:974)
        at org.eclipse.jetty.util.thread.QueuedThreadPool$Runner.run(QueuedThreadPool.java:1018)
        at java.lang.Thread.run(Thread.java:748)
"EndpointStateMachine task thread for /0.0.0.0:44503 - 0 "  prio=5 tid=255 in Object.wait()
java.lang.Thread.State: WAITING (on object monitor)
        at sun.misc.Unsafe.park(Native Method)
        at java.util.concurrent.locks.LockSupport.park(LockSupport.java:175)
        at java.util.concurrent.locks.AbstractQueuedSynchronizer$ConditionObject.await(AbstractQueuedSynchronizer.java:2039)
        at java.util.concurrent.LinkedBlockingQueue.take(LinkedBlockingQueue.java:442)
        at java.util.concurrent.ThreadPoolExecutor.getTask(ThreadPoolExecutor.java:1074)
        at java.util.concurrent.ThreadPoolExecutor.runWorker(ThreadPoolExecutor.java:1134)
        at java.util.concurrent.ThreadPoolExecutor$Worker.run(ThreadPoolExecutor.java:624)
        at java.lang.Thread.run(Thread.java:748)
"IPC Server listener on 0" daemon prio=5 tid=38 runnable
java.lang.Thread.State: RUNNABLE
        at sun.nio.ch.EPollArrayWrapper.epollWait(Native Method)
        at sun.nio.ch.EPollArrayWrapper.poll(EPollArrayWrapper.java:269)
        at sun.nio.ch.EPollSelectorImpl.doSelect(EPollSelectorImpl.java:93)
        at sun.nio.ch.SelectorImpl.lockAndDoSelect(SelectorImpl.java:86)
        at sun.nio.ch.SelectorImpl.select(SelectorImpl.java:97)
        at sun.nio.ch.SelectorImpl.select(SelectorImpl.java:101)
        at org.apache.hadoop.ipc.Server$Listener.run(Server.java:1350)
"IPC Server handler 1 on default port 44503" daemon prio=5 tid=111 timed_waiting
java.lang.Thread.State: TIMED_WAITING
        at sun.misc.Unsafe.park(Native Method)
        at java.util.concurrent.locks.LockSupport.parkNanos(LockSupport.java:215)
        at java.util.concurrent.locks.AbstractQueuedSynchronizer$ConditionObject.awaitNanos(AbstractQueuedSynchronizer.java:2078)
        at java.util.concurrent.LinkedBlockingQueue.poll(LinkedBlockingQueue.java:467)
        at org.apache.hadoop.ipc.CallQueueManager.take(CallQueueManager.java:317)
        at org.apache.hadoop.ipc.Server$Handler.run(Server.java:2932)
"IPC Server handler 19 on default port 41883" daemon prio=5 tid=90 timed_waiting
java.lang.Thread.State: TIMED_WAITING
        at sun.misc.Unsafe.park(Native Method)
        at java.util.concurrent.locks.LockSupport.parkNanos(LockSupport.java:215)
        at java.util.concurrent.locks.AbstractQueuedSynchronizer$ConditionObject.awaitNanos(AbstractQueuedSynchronizer.java:2078)
        at java.util.concurrent.LinkedBlockingQueue.poll(LinkedBlockingQueue.java:467)
        at org.apache.hadoop.ipc.CallQueueManager.take(CallQueueManager.java:317)
        at org.apache.hadoop.ipc.Server$Handler.run(Server.java:2932)
"EventQueue-PipelineReportForOneReplicaPipelineSafeModeRule" daemon prio=5 tid=290 in Object.wait()
java.lang.Thread.State: WAITING (on object monitor)
        at sun.misc.Unsafe.park(Native Method)
        at java.util.concurrent.locks.LockSupport.park(LockSupport.java:175)
        at java.util.concurrent.locks.AbstractQueuedSynchronizer$ConditionObject.await(AbstractQueuedSynchronizer.java:2039)
        at java.util.concurrent.LinkedBlockingQueue.take(LinkedBlockingQueue.java:442)
        at java.util.concurrent.ThreadPoolExecutor.getTask(ThreadPoolExecutor.java:1074)
        at java.util.concurrent.ThreadPoolExecutor.runWorker(ThreadPoolExecutor.java:1134)
        at java.util.concurrent.ThreadPoolExecutor$Worker.run(ThreadPoolExecutor.java:624)
        at java.lang.Thread.run(Thread.java:748)
"EventQueue-NodeRegistrationContainerReportForContainerSafeModeRule" daemon prio=5 tid=288 in Object.wait()
java.lang.Thread.State: WAITING (on object monitor)
        at sun.misc.Unsafe.park(Native Method)
        at java.util.concurrent.locks.LockSupport.park(LockSupport.java:175)
        at java.util.concurrent.locks.AbstractQueuedSynchronizer$ConditionObject.await(AbstractQueuedSynchronizer.java:2039)
        at java.util.concurrent.LinkedBlockingQueue.take(LinkedBlockingQueue.java:442)
        at java.util.concurrent.ThreadPoolExecutor.getTask(ThreadPoolExecutor.java:1074)
        at java.util.concurrent.ThreadPoolExecutor.runWorker(ThreadPoolExecutor.java:1134)
        at java.util.concurrent.ThreadPoolExecutor$Worker.run(ThreadPoolExecutor.java:624)
        at java.lang.Thread.run(Thread.java:748)
"ReplicationMonitor" daemon prio=5 tid=31 timed_waiting
java.lang.Thread.State: TIMED_WAITING
        at java.lang.Object.wait(Native Method)
        at org.apache.hadoop.hdds.scm.container.ReplicationManager.run(ReplicationManager.java:399)
        at org.apache.hadoop.hdds.scm.container.ReplicationManager$$Lambda$573/1887542184.run(Unknown Source)
        at java.lang.Thread.run(Thread.java:748)
"IPC Server listener on 0" daemon prio=5 tid=134 runnable
java.lang.Thread.State: RUNNABLE
        at sun.nio.ch.EPollArrayWrapper.epollWait(Native Method)
        at sun.nio.ch.EPollArrayWrapper.poll(EPollArrayWrapper.java:269)
        at sun.nio.ch.EPollSelectorImpl.doSelect(EPollSelectorImpl.java:93)
        at sun.nio.ch.SelectorImpl.lockAndDoSelect(SelectorImpl.java:86)
        at sun.nio.ch.SelectorImpl.select(SelectorImpl.java:97)
        at sun.nio.ch.SelectorImpl.select(SelectorImpl.java:101)
        at org.apache.hadoop.ipc.Server$Listener.run(Server.java:1350)
"IPC Server handler 5 on default port 44503" daemon prio=5 tid=115 timed_waiting
java.lang.Thread.State: TIMED_WAITING
        at sun.misc.Unsafe.park(Native Method)
        at java.util.concurrent.locks.LockSupport.parkNanos(LockSupport.java:215)
        at java.util.concurrent.locks.AbstractQueuedSynchronizer$ConditionObject.awaitNanos(AbstractQueuedSynchronizer.java:2078)
        at java.util.concurrent.LinkedBlockingQueue.poll(LinkedBlockingQueue.java:467)
        at org.apache.hadoop.ipc.CallQueueManager.take(CallQueueManager.java:317)
        at org.apache.hadoop.ipc.Server$Handler.run(Server.java:2932)
"EndpointStateMachine task thread for /0.0.0.0:44503 - 0 "  prio=5 tid=3468 in Object.wait()
java.lang.Thread.State: WAITING (on object monitor)
        at sun.misc.Unsafe.park(Native Method)
        at java.util.concurrent.locks.LockSupport.park(LockSupport.java:175)
        at java.util.concurrent.locks.AbstractQueuedSynchronizer$ConditionObject.await(AbstractQueuedSynchronizer.java:2039)
        at java.util.concurrent.LinkedBlockingQueue.take(LinkedBlockingQueue.java:442)
        at java.util.concurrent.ThreadPoolExecutor.getTask(ThreadPoolExecutor.java:1074)
        at java.util.concurrent.ThreadPoolExecutor.runWorker(ThreadPoolExecutor.java:1134)
        at java.util.concurrent.ThreadPoolExecutor$Worker.run(ThreadPoolExecutor.java:624)
        at java.lang.Thread.run(Thread.java:748)
"IPC Server handler 14 on default port 44503" daemon prio=5 tid=124 timed_waiting
java.lang.Thread.State: TIMED_WAITING
        at sun.misc.Unsafe.park(Native Method)
        at java.util.concurrent.locks.LockSupport.parkNanos(LockSupport.java:215)
        at java.util.concurrent.locks.AbstractQueuedSynchronizer$ConditionObject.awaitNanos(AbstractQueuedSynchronizer.java:2078)
        at java.util.concurrent.LinkedBlockingQueue.poll(LinkedBlockingQueue.java:467)
        at org.apache.hadoop.ipc.CallQueueManager.take(CallQueueManager.java:317)
        at org.apache.hadoop.ipc.Server$Handler.run(Server.java:2932)
"Reference Handler" daemon prio=10 tid=2 in Object.wait()
java.lang.Thread.State: WAITING (on object monitor)
        at java.lang.Object.wait(Native Method)
        at java.lang.Object.wait(Object.java:502)
        at java.lang.ref.Reference.tryHandlePending(Reference.java:191)
        at java.lang.ref.Reference$ReferenceHandler.run(Reference.java:153)
"qtp697960017-153" daemon prio=5 tid=153 timed_waiting
java.lang.Thread.State: TIMED_WAITING
        at sun.misc.Unsafe.park(Native Method)
        at java.util.concurrent.locks.LockSupport.parkNanos(LockSupport.java:215)
        at java.util.concurrent.locks.AbstractQueuedSynchronizer$ConditionObject.awaitNanos(AbstractQueuedSynchronizer.java:2078)
        at org.eclipse.jetty.util.BlockingArrayQueue.poll(BlockingArrayQueue.java:382)
        at org.eclipse.jetty.util.thread.QueuedThreadPool$Runner.idleJobPoll(QueuedThreadPool.java:974)
        at org.eclipse.jetty.util.thread.QueuedThreadPool$Runner.run(QueuedThreadPool.java:1018)
        at java.lang.Thread.run(Thread.java:748)
"IPC Server handler 11 on default port 41663" daemon prio=5 tid=62 timed_waiting
java.lang.Thread.State: TIMED_WAITING
        at sun.misc.Unsafe.park(Native Method)
        at java.util.concurrent.locks.LockSupport.parkNanos(LockSupport.java:215)
        at java.util.concurrent.locks.AbstractQueuedSynchronizer$ConditionObject.awaitNanos(AbstractQueuedSynchronizer.java:2078)
        at java.util.concurrent.LinkedBlockingQueue.poll(LinkedBlockingQueue.java:467)
        at org.apache.hadoop.ipc.CallQueueManager.take(CallQueueManager.java:317)
        at org.apache.hadoop.ipc.Server$Handler.run(Server.java:2932)
"qtp1223954869-3431-acceptor-0@1725ec73-ServerConnector@20bce5cf{HTTP/1.1, (http/1.1)}{0.0.0.0:42767}" daemon prio=3 tid=3431 runnable
java.lang.Thread.State: RUNNABLE
        at sun.nio.ch.ServerSocketChannelImpl.accept0(Native Method)
        at sun.nio.ch.ServerSocketChannelImpl.accept(ServerSocketChannelImpl.java:421)
        at sun.nio.ch.ServerSocketChannelImpl.accept(ServerSocketChannelImpl.java:249)
        at org.eclipse.jetty.server.ServerConnector.accept(ServerConnector.java:388)
        at org.eclipse.jetty.server.AbstractConnector$Acceptor.run(AbstractConnector.java:702)
        at org.eclipse.jetty.util.thread.QueuedThreadPool.runJob(QueuedThreadPool.java:883)
        at org.eclipse.jetty.util.thread.QueuedThreadPool$Runner.run(QueuedThreadPool.java:1034)
        at java.lang.Thread.run(Thread.java:748)
"IPC Server handler 7 on default port 41883" daemon prio=5 tid=78 timed_waiting
java.lang.Thread.State: TIMED_WAITING
        at sun.misc.Unsafe.park(Native Method)
        at java.util.concurrent.locks.LockSupport.parkNanos(LockSupport.java:215)
        at java.util.concurrent.locks.AbstractQueuedSynchronizer$ConditionObject.awaitNanos(AbstractQueuedSynchronizer.java:2078)
        at java.util.concurrent.LinkedBlockingQueue.poll(LinkedBlockingQueue.java:467)
        at org.apache.hadoop.ipc.CallQueueManager.take(CallQueueManager.java:317)
        at org.apache.hadoop.ipc.Server$Handler.run(Server.java:2932)
"Socket Reader #1 for port 0"  prio=5 tid=43 runnable
java.lang.Thread.State: RUNNABLE
        at sun.nio.ch.EPollArrayWrapper.epollWait(Native Method)
        at sun.nio.ch.EPollArrayWrapper.poll(EPollArrayWrapper.java:269)
        at sun.nio.ch.EPollSelectorImpl.doSelect(EPollSelectorImpl.java:93)
        at sun.nio.ch.SelectorImpl.lockAndDoSelect(SelectorImpl.java:86)
        at sun.nio.ch.SelectorImpl.select(SelectorImpl.java:97)
        at sun.nio.ch.SelectorImpl.select(SelectorImpl.java:101)
        at org.apache.hadoop.ipc.Server$Listener$Reader.doRunLoop(Server.java:1288)
        at org.apache.hadoop.ipc.Server$Listener$Reader.run(Server.java:1267)
"IPC Server Responder" daemon prio=5 tid=137 runnable
java.lang.Thread.State: RUNNABLE
        at sun.nio.ch.EPollArrayWrapper.epollWait(Native Method)
        at sun.nio.ch.EPollArrayWrapper.poll(EPollArrayWrapper.java:269)
        at sun.nio.ch.EPollSelectorImpl.doSelect(EPollSelectorImpl.java:93)
        at sun.nio.ch.SelectorImpl.lockAndDoSelect(SelectorImpl.java:86)
        at sun.nio.ch.SelectorImpl.select(SelectorImpl.java:97)
        at org.apache.hadoop.ipc.Server$Responder.doRunLoop(Server.java:1527)
        at org.apache.hadoop.ipc.Server$Responder.run(Server.java:1510)
"Datanode ReportManager Thread - 4" daemon prio=5 tid=3543 in Object.wait()
java.lang.Thread.State: WAITING (on object monitor)
        at sun.misc.Unsafe.park(Native Method)
        at java.util.concurrent.locks.LockSupport.park(LockSupport.java:175)
        at java.util.concurrent.locks.AbstractQueuedSynchronizer$ConditionObject.await(AbstractQueuedSynchronizer.java:2039)
        at java.util.concurrent.ScheduledThreadPoolExecutor$DelayedWorkQueue.take(ScheduledThreadPoolExecutor.java:1088)
        at java.util.concurrent.ScheduledThreadPoolExecutor$DelayedWorkQueue.take(ScheduledThreadPoolExecutor.java:809)
        at java.util.concurrent.ThreadPoolExecutor.getTask(ThreadPoolExecutor.java:1074)
        at java.util.concurrent.ThreadPoolExecutor.runWorker(ThreadPoolExecutor.java:1134)
        at java.util.concurrent.ThreadPoolExecutor$Worker.run(ThreadPoolExecutor.java:624)
        at java.lang.Thread.run(Thread.java:748)
"Datanode State Machine Task Thread - 0"  prio=5 tid=3546 timed_waiting
java.lang.Thread.State: TIMED_WAITING
        at sun.misc.Unsafe.park(Native Method)
        at java.util.concurrent.locks.LockSupport.parkNanos(LockSupport.java:215)
        at java.util.concurrent.FutureTask.awaitDone(FutureTask.java:426)
        at java.util.concurrent.FutureTask.get(FutureTask.java:204)
        at org.apache.hadoop.ozone.container.common.states.datanode.RunningDatanodeState.lambda$execute$0(RunningDatanodeState.java:149)
        at org.apache.hadoop.ozone.container.common.states.datanode.RunningDatanodeState$$Lambda$723/647371256.call(Unknown Source)
        at java.util.concurrent.FutureTask.run(FutureTask.java:266)
        at java.util.concurrent.Executors$RunnableAdapter.call(Executors.java:511)
        at java.util.concurrent.FutureTask.run(FutureTask.java:266)
        at java.util.concurrent.ThreadPoolExecutor.runWorker(ThreadPoolExecutor.java:1149)
        at java.util.concurrent.ThreadPoolExecutor$Worker.run(ThreadPoolExecutor.java:624)
        at java.lang.Thread.run(Thread.java:748)
"IPC Server handler 12 on default port 44503" daemon prio=5 tid=122 timed_waiting
java.lang.Thread.State: TIMED_WAITING
        at sun.misc.Unsafe.park(Native Method)
        at java.util.concurrent.locks.LockSupport.parkNanos(LockSupport.java:215)
        at java.util.concurrent.locks.AbstractQueuedSynchronizer$ConditionObject.awaitNanos(AbstractQueuedSynchronizer.java:2078)
        at java.util.concurrent.LinkedBlockingQueue.poll(LinkedBlockingQueue.java:467)
        at org.apache.hadoop.ipc.CallQueueManager.take(CallQueueManager.java:317)
        at org.apache.hadoop.ipc.Server$Handler.run(Server.java:2932)
"process reaper" daemon prio=10 tid=11 timed_waiting
java.lang.Thread.State: TIMED_WAITING
        at java.lang.UNIXProcess.waitForProcessExit(Native Method)
        at java.lang.UNIXProcess.lambda$initStreams$3(UNIXProcess.java:289)
        at java.lang.UNIXProcess$$Lambda$7/2107515538.run(Unknown Source)
        at java.util.concurrent.ThreadPoolExecutor.runWorker(ThreadPoolExecutor.java:1149)
        at java.util.concurrent.ThreadPoolExecutor$Worker.run(ThreadPoolExecutor.java:624)
        at java.lang.Thread.run(Thread.java:748)
"IPC Server idle connection scanner for port 41883" daemon prio=5 tid=40 timed_waiting
java.lang.Thread.State: TIMED_WAITING
        at java.lang.Object.wait(Native Method)
        at java.util.TimerThread.mainLoop(Timer.java:552)
        at java.util.TimerThread.run(Timer.java:505)
"qtp1223954869-3436" daemon prio=5 tid=3436 timed_waiting
java.lang.Thread.State: TIMED_WAITING
        at sun.misc.Unsafe.park(Native Method)
        at java.util.concurrent.locks.LockSupport.parkNanos(LockSupport.java:215)
        at java.util.concurrent.locks.AbstractQueuedSynchronizer$ConditionObject.awaitNanos(AbstractQueuedSynchronizer.java:2078)
        at org.eclipse.jetty.util.BlockingArrayQueue.poll(BlockingArrayQueue.java:382)
        at org.eclipse.jetty.util.thread.QueuedThreadPool$Runner.idleJobPoll(QueuedThreadPool.java:974)
        at org.eclipse.jetty.util.thread.QueuedThreadPool$Runner.run(QueuedThreadPool.java:1018)
        at java.lang.Thread.run(Thread.java:748)
"Datanode State Machine Task Thread - 0"  prio=5 tid=3453 in Object.wait()
java.lang.Thread.State: WAITING (on object monitor)
        at sun.misc.Unsafe.park(Native Method)
        at java.util.concurrent.locks.LockSupport.park(LockSupport.java:175)
        at java.util.concurrent.locks.AbstractQueuedSynchronizer$ConditionObject.await(AbstractQueuedSynchronizer.java:2039)
        at java.util.concurrent.LinkedBlockingQueue.take(LinkedBlockingQueue.java:442)
        at java.util.concurrent.ThreadPoolExecutor.getTask(ThreadPoolExecutor.java:1074)
        at java.util.concurrent.ThreadPoolExecutor.runWorker(ThreadPoolExecutor.java:1134)
        at java.util.concurrent.ThreadPoolExecutor$Worker.run(ThreadPoolExecutor.java:624)
        at java.lang.Thread.run(Thread.java:748)
"IPC Server handler 7 on default port 45631" daemon prio=5 tid=162 timed_waiting
java.lang.Thread.State: TIMED_WAITING
        at sun.misc.Unsafe.park(Native Method)
        at java.util.concurrent.locks.LockSupport.parkNanos(LockSupport.java:215)
        at java.util.concurrent.locks.AbstractQueuedSynchronizer$ConditionObject.awaitNanos(AbstractQueuedSynchronizer.java:2078)
        at java.util.concurrent.LinkedBlockingQueue.poll(LinkedBlockingQueue.java:467)
        at org.apache.hadoop.ipc.CallQueueManager.take(CallQueueManager.java:317)
        at org.apache.hadoop.ipc.Server$Handler.run(Server.java:2932)
"IPC Server idle connection scanner for port 45631" daemon prio=5 tid=136 timed_waiting
java.lang.Thread.State: TIMED_WAITING
        at java.lang.Object.wait(Native Method)
        at java.util.TimerThread.mainLoop(Timer.java:552)
        at java.util.TimerThread.run(Timer.java:505)
"EventQueue-NodeReportForNodeReportHandler" daemon prio=5 tid=3589 in Object.wait()
java.lang.Thread.State: WAITING (on object monitor)
        at sun.misc.Unsafe.park(Native Method)
        at java.util.concurrent.locks.LockSupport.park(LockSupport.java:175)
        at java.util.concurrent.locks.AbstractQueuedSynchronizer$ConditionObject.await(AbstractQueuedSynchronizer.java:2039)
        at java.util.concurrent.LinkedBlockingQueue.take(LinkedBlockingQueue.java:442)
        at java.util.concurrent.ThreadPoolExecutor.getTask(ThreadPoolExecutor.java:1074)
        at java.util.concurrent.ThreadPoolExecutor.runWorker(ThreadPoolExecutor.java:1134)
        at java.util.concurrent.ThreadPoolExecutor$Worker.run(ThreadPoolExecutor.java:624)
        at java.lang.Thread.run(Thread.java:748)
"PartialTableCache Cleanup Thread - 0" daemon prio=5 tid=396 in Object.wait()
java.lang.Thread.State: WAITING (on object monitor)
        at sun.misc.Unsafe.park(Native Method)
        at java.util.concurrent.locks.LockSupport.park(LockSupport.java:175)
        at java.util.concurrent.locks.AbstractQueuedSynchronizer$ConditionObject.await(AbstractQueuedSynchronizer.java:2039)
        at java.util.concurrent.LinkedBlockingQueue.take(LinkedBlockingQueue.java:442)
        at java.util.concurrent.ThreadPoolExecutor.getTask(ThreadPoolExecutor.java:1074)
        at java.util.concurrent.ThreadPoolExecutor.runWorker(ThreadPoolExecutor.java:1134)
        at java.util.concurrent.ThreadPoolExecutor$Worker.run(ThreadPoolExecutor.java:624)
        at java.lang.Thread.run(Thread.java:748)
"IPC Server handler 15 on default port 44503" daemon prio=5 tid=125 timed_waiting
java.lang.Thread.State: TIMED_WAITING
        at sun.misc.Unsafe.park(Native Method)
        at java.util.concurrent.locks.LockSupport.parkNanos(LockSupport.java:215)
        at java.util.concurrent.locks.AbstractQueuedSynchronizer$ConditionObject.awaitNanos(AbstractQueuedSynchronizer.java:2078)
        at java.util.concurrent.LinkedBlockingQueue.poll(LinkedBlockingQueue.java:467)
        at org.apache.hadoop.ipc.CallQueueManager.take(CallQueueManager.java:317)
        at org.apache.hadoop.ipc.Server$Handler.run(Server.java:2932)
"IPC Server handler 13 on default port 41883" daemon prio=5 tid=84 timed_waiting
java.lang.Thread.State: TIMED_WAITING
        at sun.misc.Unsafe.park(Native Method)
        at java.util.concurrent.locks.LockSupport.parkNanos(LockSupport.java:215)
        at java.util.concurrent.locks.AbstractQueuedSynchronizer$ConditionObject.awaitNanos(AbstractQueuedSynchronizer.java:2078)
        at java.util.concurrent.LinkedBlockingQueue.poll(LinkedBlockingQueue.java:467)
        at org.apache.hadoop.ipc.CallQueueManager.take(CallQueueManager.java:317)
        at org.apache.hadoop.ipc.Server$Handler.run(Server.java:2932)
"Session-HouseKeeper-4dc3b0ab-1"  prio=5 tid=3438 timed_waiting
java.lang.Thread.State: TIMED_WAITING
        at sun.misc.Unsafe.park(Native Method)
        at java.util.concurrent.locks.LockSupport.parkNanos(LockSupport.java:215)
        at java.util.concurrent.locks.AbstractQueuedSynchronizer$ConditionObject.awaitNanos(AbstractQueuedSynchronizer.java:2078)
        at java.util.concurrent.ScheduledThreadPoolExecutor$DelayedWorkQueue.take(ScheduledThreadPoolExecutor.java:1093)
        at java.util.concurrent.ScheduledThreadPoolExecutor$DelayedWorkQueue.take(ScheduledThreadPoolExecutor.java:809)
        at java.util.concurrent.ThreadPoolExecutor.getTask(ThreadPoolExecutor.java:1074)
        at java.util.concurrent.ThreadPoolExecutor.runWorker(ThreadPoolExecutor.java:1134)
        at java.util.concurrent.ThreadPoolExecutor$Worker.run(ThreadPoolExecutor.java:624)
        at java.lang.Thread.run(Thread.java:748)
"pool-421-thread-1"  prio=5 tid=3427 in Object.wait()
java.lang.Thread.State: WAITING (on object monitor)
        at sun.misc.Unsafe.park(Native Method)
        at java.util.concurrent.locks.LockSupport.park(LockSupport.java:175)
        at java.util.concurrent.locks.AbstractQueuedSynchronizer$ConditionObject.await(AbstractQueuedSynchronizer.java:2039)
        at java.util.concurrent.LinkedBlockingQueue.take(LinkedBlockingQueue.java:442)
        at java.util.concurrent.ThreadPoolExecutor.getTask(ThreadPoolExecutor.java:1074)
        at java.util.concurrent.ThreadPoolExecutor.runWorker(ThreadPoolExecutor.java:1134)
        at java.util.concurrent.ThreadPoolExecutor$Worker.run(ThreadPoolExecutor.java:624)
        at java.lang.Thread.run(Thread.java:748)
"IPC Server handler 8 on default port 41663" daemon prio=5 tid=59 timed_waiting
java.lang.Thread.State: TIMED_WAITING
        at sun.misc.Unsafe.park(Native Method)
        at java.util.concurrent.locks.LockSupport.parkNanos(LockSupport.java:215)
        at java.util.concurrent.locks.AbstractQueuedSynchronizer$ConditionObject.awaitNanos(AbstractQueuedSynchronizer.java:2078)
        at java.util.concurrent.LinkedBlockingQueue.poll(LinkedBlockingQueue.java:467)
        at org.apache.hadoop.ipc.CallQueueManager.take(CallQueueManager.java:317)
        at org.apache.hadoop.ipc.Server$Handler.run(Server.java:2932)
"Datanode State Machine Daemon Thread" daemon prio=5 tid=3538 timed_waiting
java.lang.Thread.State: TIMED_WAITING
        at sun.misc.Unsafe.park(Native Method)
        at java.util.concurrent.locks.LockSupport.parkNanos(LockSupport.java:215)
        at java.util.concurrent.locks.AbstractQueuedSynchronizer$ConditionObject.awaitNanos(AbstractQueuedSynchronizer.java:2078)
        at java.util.concurrent.LinkedBlockingQueue.poll(LinkedBlockingQueue.java:467)
        at java.util.concurrent.ExecutorCompletionService.poll(ExecutorCompletionService.java:202)
        at org.apache.hadoop.ozone.container.common.states.datanode.RunningDatanodeState.await(RunningDatanodeState.java:224)
        at org.apache.hadoop.ozone.container.common.states.datanode.RunningDatanodeState.await(RunningDatanodeState.java:50)
        at org.apache.hadoop.ozone.container.common.statemachine.StateContext.execute(StateContext.java:633)
        at org.apache.hadoop.ozone.container.common.statemachine.DatanodeStateMachine.start(DatanodeStateMachine.java:283)
        at org.apache.hadoop.ozone.container.common.statemachine.DatanodeStateMachine.lambda$startDaemon$0(DatanodeStateMachine.java:471)
        at org.apache.hadoop.ozone.container.common.statemachine.DatanodeStateMachine$$Lambda$710/1974321070.run(Unknown Source)
        at java.lang.Thread.run(Thread.java:748)
"IPC Server handler 11 on default port 44503" daemon prio=5 tid=121 timed_waiting
java.lang.Thread.State: TIMED_WAITING
        at sun.misc.Unsafe.park(Native Method)
        at java.util.concurrent.locks.LockSupport.parkNanos(LockSupport.java:215)
        at java.util.concurrent.locks.AbstractQueuedSynchronizer$ConditionObject.awaitNanos(AbstractQueuedSynchronizer.java:2078)
        at java.util.concurrent.LinkedBlockingQueue.poll(LinkedBlockingQueue.java:467)
        at org.apache.hadoop.ipc.CallQueueManager.take(CallQueueManager.java:317)
        at org.apache.hadoop.ipc.Server$Handler.run(Server.java:2932)
"surefire-forkedjvm-command-thread" daemon prio=5 tid=9 runnable
java.lang.Thread.State: RUNNABLE
        at java.io.FileInputStream.readBytes(Native Method)
        at java.io.FileInputStream.read(FileInputStream.java:255)
        at java.io.BufferedInputStream.fill(BufferedInputStream.java:246)
        at java.io.BufferedInputStream.read(BufferedInputStream.java:265)
        at java.io.DataInputStream.readInt(DataInputStream.java:387)
        at org.apache.maven.surefire.booter.MasterProcessCommand.decode(MasterProcessCommand.java:115)
        at org.apache.maven.surefire.booter.CommandReader$CommandRunnable.run(CommandReader.java:390)
        at java.lang.Thread.run(Thread.java:748)
"IPC Server handler 19 on default port 41663" daemon prio=5 tid=70 timed_waiting
java.lang.Thread.State: TIMED_WAITING
        at sun.misc.Unsafe.park(Native Method)
        at java.util.concurrent.locks.LockSupport.parkNanos(LockSupport.java:215)
        at java.util.concurrent.locks.AbstractQueuedSynchronizer$ConditionObject.awaitNanos(AbstractQueuedSynchronizer.java:2078)
        at java.util.concurrent.LinkedBlockingQueue.poll(LinkedBlockingQueue.java:467)
        at org.apache.hadoop.ipc.CallQueueManager.take(CallQueueManager.java:317)
        at org.apache.hadoop.ipc.Server$Handler.run(Server.java:2932)
"IPC Server handler 18 on default port 41883" daemon prio=5 tid=89 timed_waiting
java.lang.Thread.State: TIMED_WAITING
        at sun.misc.Unsafe.park(Native Method)
        at java.util.concurrent.locks.LockSupport.parkNanos(LockSupport.java:215)
        at java.util.concurrent.locks.AbstractQueuedSynchronizer$ConditionObject.awaitNanos(AbstractQueuedSynchronizer.java:2078)
        at java.util.concurrent.LinkedBlockingQueue.poll(LinkedBlockingQueue.java:467)
        at org.apache.hadoop.ipc.CallQueueManager.take(CallQueueManager.java:317)
        at org.apache.hadoop.ipc.Server$Handler.run(Server.java:2932)
"IPC Server handler 9 on default port 41883" daemon prio=5 tid=80 timed_waiting
java.lang.Thread.State: TIMED_WAITING
        at sun.misc.Unsafe.park(Native Method)
        at java.util.concurrent.locks.LockSupport.parkNanos(LockSupport.java:215)
        at java.util.concurrent.locks.AbstractQueuedSynchronizer$ConditionObject.awaitNanos(AbstractQueuedSynchronizer.java:2078)
        at java.util.concurrent.LinkedBlockingQueue.poll(LinkedBlockingQueue.java:467)
        at org.apache.hadoop.ipc.CallQueueManager.take(CallQueueManager.java:317)
        at org.apache.hadoop.ipc.Server$Handler.run(Server.java:2932)
"FullTableCache Cleanup Thread - 0" daemon prio=5 tid=390 in Object.wait()
java.lang.Thread.State: WAITING (on object monitor)
        at sun.misc.Unsafe.park(Native Method)
        at java.util.concurrent.locks.LockSupport.park(LockSupport.java:175)
        at java.util.concurrent.locks.AbstractQueuedSynchronizer$ConditionObject.await(AbstractQueuedSynchronizer.java:2039)
        at java.util.concurrent.LinkedBlockingQueue.take(LinkedBlockingQueue.java:442)
        at java.util.concurrent.ThreadPoolExecutor.getTask(ThreadPoolExecutor.java:1074)
        at java.util.concurrent.ThreadPoolExecutor.runWorker(ThreadPoolExecutor.java:1134)
        at java.util.concurrent.ThreadPoolExecutor$Worker.run(ThreadPoolExecutor.java:624)
        at java.lang.Thread.run(Thread.java:748)
"ChunkWriter-2-0" daemon prio=5 tid=3471 in Object.wait()
java.lang.Thread.State: WAITING (on object monitor)
        at sun.misc.Unsafe.park(Native Method)
        at java.util.concurrent.locks.LockSupport.park(LockSupport.java:175)
        at java.util.concurrent.locks.AbstractQueuedSynchronizer$ConditionObject.await(AbstractQueuedSynchronizer.java:2039)
        at java.util.concurrent.LinkedBlockingDeque.takeFirst(LinkedBlockingDeque.java:492)
        at java.util.concurrent.LinkedBlockingDeque.take(LinkedBlockingDeque.java:680)
        at java.util.concurrent.ThreadPoolExecutor.getTask(ThreadPoolExecutor.java:1074)
        at java.util.concurrent.ThreadPoolExecutor.runWorker(ThreadPoolExecutor.java:1134)
        at java.util.concurrent.ThreadPoolExecutor$Worker.run(ThreadPoolExecutor.java:624)
        at java.lang.Thread.run(Thread.java:748)
"IPC Server handler 4 on default port 44503" daemon prio=5 tid=114 timed_waiting
java.lang.Thread.State: TIMED_WAITING
        at sun.misc.Unsafe.park(Native Method)
        at java.util.concurrent.locks.LockSupport.parkNanos(LockSupport.java:215)
        at java.util.concurrent.locks.AbstractQueuedSynchronizer$ConditionObject.awaitNanos(AbstractQueuedSynchronizer.java:2078)
        at java.util.concurrent.LinkedBlockingQueue.poll(LinkedBlockingQueue.java:467)
        at org.apache.hadoop.ipc.CallQueueManager.take(CallQueueManager.java:317)
        at org.apache.hadoop.ipc.Server$Handler.run(Server.java:2932)
"qtp1436718473-94" daemon prio=5 tid=94 runnable
java.lang.Thread.State: RUNNABLE
        at sun.nio.ch.EPollArrayWrapper.epollWait(Native Method)
        at sun.nio.ch.EPollArrayWrapper.poll(EPollArrayWrapper.java:269)
        at sun.nio.ch.EPollSelectorImpl.doSelect(EPollSelectorImpl.java:93)
        at sun.nio.ch.SelectorImpl.lockAndDoSelect(SelectorImpl.java:86)
        at sun.nio.ch.SelectorImpl.select(SelectorImpl.java:97)
        at sun.nio.ch.SelectorImpl.select(SelectorImpl.java:101)
        at org.eclipse.jetty.io.ManagedSelector.nioSelect(ManagedSelector.java:183)
        at org.eclipse.jetty.io.ManagedSelector.select(ManagedSelector.java:190)
        at org.eclipse.jetty.io.ManagedSelector$SelectorProducer.select(ManagedSelector.java:606)
        at org.eclipse.jetty.io.ManagedSelector$SelectorProducer.produce(ManagedSelector.java:543)
        at org.eclipse.jetty.util.thread.strategy.EatWhatYouKill.produceTask(EatWhatYouKill.java:362)
        at org.eclipse.jetty.util.thread.strategy.EatWhatYouKill.doProduce(EatWhatYouKill.java:186)
        at org.eclipse.jetty.util.thread.strategy.EatWhatYouKill.tryProduce(EatWhatYouKill.java:173)
        at org.eclipse.jetty.util.thread.strategy.EatWhatYouKill.produce(EatWhatYouKill.java:137)
        at org.eclipse.jetty.io.ManagedSelector$$Lambda$644/1993482475.run(Unknown Source)
        at org.eclipse.jetty.util.thread.QueuedThreadPool.runJob(QueuedThreadPool.java:883)
        at org.eclipse.jetty.util.thread.QueuedThreadPool$Runner.run(QueuedThreadPool.java:1034)
        at java.lang.Thread.run(Thread.java:748)
"qtp1223954869-3437" daemon prio=5 tid=3437 timed_waiting
java.lang.Thread.State: TIMED_WAITING
        at sun.misc.Unsafe.park(Native Method)
        at java.util.concurrent.locks.LockSupport.parkNanos(LockSupport.java:215)
        at java.util.concurrent.locks.AbstractQueuedSynchronizer$ConditionObject.awaitNanos(AbstractQueuedSynchronizer.java:2078)
        at org.eclipse.jetty.util.BlockingArrayQueue.poll(BlockingArrayQueue.java:382)
        at org.eclipse.jetty.util.thread.QueuedThreadPool$Runner.idleJobPoll(QueuedThreadPool.java:974)
        at org.eclipse.jetty.util.thread.QueuedThreadPool$Runner.run(QueuedThreadPool.java:1018)
        at java.lang.Thread.run(Thread.java:748)
"351ad2a7-25a1-411c-86a2-91a152ddf037@group-1D92263011BB-LeaderStateImpl" daemon prio=5 tid=109 timed_waiting
java.lang.Thread.State: TIMED_WAITING
        at sun.misc.Unsafe.park(Native Method)
        at java.util.concurrent.locks.LockSupport.parkNanos(LockSupport.java:215)
        at java.util.concurrent.locks.AbstractQueuedSynchronizer$ConditionObject.awaitNanos(AbstractQueuedSynchronizer.java:2078)
        at java.util.concurrent.ArrayBlockingQueue.poll(ArrayBlockingQueue.java:418)
        at org.apache.ratis.server.impl.LeaderStateImpl$EventQueue.poll(LeaderStateImpl.java:156)
        at org.apache.ratis.server.impl.LeaderStateImpl$EventProcessor.run(LeaderStateImpl.java:600)
"Datanode ReportManager Thread - 0" daemon prio=5 tid=3446 in Object.wait()
java.lang.Thread.State: WAITING (on object monitor)
        at sun.misc.Unsafe.park(Native Method)
        at java.util.concurrent.locks.LockSupport.park(LockSupport.java:175)
        at java.util.concurrent.locks.AbstractQueuedSynchronizer$ConditionObject.await(AbstractQueuedSynchronizer.java:2039)
        at java.util.concurrent.ScheduledThreadPoolExecutor$DelayedWorkQueue.take(ScheduledThreadPoolExecutor.java:1088)
        at java.util.concurrent.ScheduledThreadPoolExecutor$DelayedWorkQueue.take(ScheduledThreadPoolExecutor.java:809)
        at java.util.concurrent.ThreadPoolExecutor.getTask(ThreadPoolExecutor.java:1074)
        at java.util.concurrent.ThreadPoolExecutor.runWorker(ThreadPoolExecutor.java:1134)
        at java.util.concurrent.ThreadPoolExecutor$Worker.run(ThreadPoolExecutor.java:624)
        at java.lang.Thread.run(Thread.java:748)
"EventQueue-HealthyReadonlyNodeForHealthyReadOnlyNodeHandler" daemon prio=5 tid=3488 in Object.wait()
java.lang.Thread.State: WAITING (on object monitor)
        at sun.misc.Unsafe.park(Native Method)
        at java.util.concurrent.locks.LockSupport.park(LockSupport.java:175)
        at java.util.concurrent.locks.AbstractQueuedSynchronizer$ConditionObject.await(AbstractQueuedSynchronizer.java:2039)
        at java.util.concurrent.LinkedBlockingQueue.take(LinkedBlockingQueue.java:442)
        at java.util.concurrent.ThreadPoolExecutor.getTask(ThreadPoolExecutor.java:1074)
        at java.util.concurrent.ThreadPoolExecutor.runWorker(ThreadPoolExecutor.java:1134)
        at java.util.concurrent.ThreadPoolExecutor$Worker.run(ThreadPoolExecutor.java:624)
        at java.lang.Thread.run(Thread.java:748)
"qtp697960017-151" daemon prio=5 tid=151 timed_waiting
java.lang.Thread.State: TIMED_WAITING
        at sun.misc.Unsafe.park(Native Method)
        at java.util.concurrent.locks.LockSupport.parkNanos(LockSupport.java:215)
        at java.util.concurrent.locks.AbstractQueuedSynchronizer$ConditionObject.awaitNanos(AbstractQueuedSynchronizer.java:2078)
        at org.eclipse.jetty.util.BlockingArrayQueue.poll(BlockingArrayQueue.java:382)
        at org.eclipse.jetty.util.thread.QueuedThreadPool$Runner.idleJobPoll(QueuedThreadPool.java:974)
        at org.eclipse.jetty.util.thread.QueuedThreadPool$Runner.run(QueuedThreadPool.java:1018)
        at java.lang.Thread.run(Thread.java:748)
"IPC Server listener on 0" daemon prio=5 tid=42 runnable
java.lang.Thread.State: RUNNABLE
        at sun.nio.ch.EPollArrayWrapper.epollWait(Native Method)
        at sun.nio.ch.EPollArrayWrapper.poll(EPollArrayWrapper.java:269)
        at sun.nio.ch.EPollSelectorImpl.doSelect(EPollSelectorImpl.java:93)
        at sun.nio.ch.SelectorImpl.lockAndDoSelect(SelectorImpl.java:86)
        at sun.nio.ch.SelectorImpl.select(SelectorImpl.java:97)
        at sun.nio.ch.SelectorImpl.select(SelectorImpl.java:101)
        at org.apache.hadoop.ipc.Server$Listener.run(Server.java:1350)
"qtp1181152590-3528" daemon prio=5 tid=3528 timed_waiting
java.lang.Thread.State: TIMED_WAITING
        at sun.misc.Unsafe.park(Native Method)
        at java.util.concurrent.locks.LockSupport.parkNanos(LockSupport.java:215)
        at java.util.concurrent.locks.AbstractQueuedSynchronizer$ConditionObject.awaitNanos(AbstractQueuedSynchronizer.java:2078)
        at org.eclipse.jetty.util.BlockingArrayQueue.poll(BlockingArrayQueue.java:382)
        at org.eclipse.jetty.util.thread.QueuedThreadPool$Runner.idleJobPoll(QueuedThreadPool.java:974)
        at org.eclipse.jetty.util.thread.QueuedThreadPool$Runner.run(QueuedThreadPool.java:1018)
        at java.lang.Thread.run(Thread.java:748)
"Datanode ReportManager Thread - 0" daemon prio=5 tid=194 timed_waiting
java.lang.Thread.State: TIMED_WAITING
        at sun.misc.Unsafe.park(Native Method)
        at java.util.concurrent.locks.LockSupport.parkNanos(LockSupport.java:215)
        at java.util.concurrent.locks.AbstractQueuedSynchronizer$ConditionObject.awaitNanos(AbstractQueuedSynchronizer.java:2078)
        at java.util.concurrent.ScheduledThreadPoolExecutor$DelayedWorkQueue.take(ScheduledThreadPoolExecutor.java:1093)
        at java.util.concurrent.ScheduledThreadPoolExecutor$DelayedWorkQueue.take(ScheduledThreadPoolExecutor.java:809)
        at java.util.concurrent.ThreadPoolExecutor.getTask(ThreadPoolExecutor.java:1074)
        at java.util.concurrent.ThreadPoolExecutor.runWorker(ThreadPoolExecutor.java:1134)
        at java.util.concurrent.ThreadPoolExecutor$Worker.run(ThreadPoolExecutor.java:624)
        at java.lang.Thread.run(Thread.java:748)
"IPC Server handler 17 on default port 45631" daemon prio=5 tid=172 timed_waiting
java.lang.Thread.State: TIMED_WAITING
        at sun.misc.Unsafe.park(Native Method)
        at java.util.concurrent.locks.LockSupport.parkNanos(LockSupport.java:215)
        at java.util.concurrent.locks.AbstractQueuedSynchronizer$ConditionObject.awaitNanos(AbstractQueuedSynchronizer.java:2078)
        at java.util.concurrent.LinkedBlockingQueue.poll(LinkedBlockingQueue.java:467)
        at org.apache.hadoop.ipc.CallQueueManager.take(CallQueueManager.java:317)
        at org.apache.hadoop.ipc.Server$Handler.run(Server.java:2932)
"om1@group-C5BA1605619E-StateMachineUpdater" daemon prio=5 tid=138 in Object.wait()
java.lang.Thread.State: WAITING (on object monitor)
        at java.lang.Object.wait(Native Method)
        at java.lang.Object.wait(Object.java:502)
        at org.apache.ratis.server.impl.StateMachineUpdater.waitForCommit(StateMachineUpdater.java:204)
        at org.apache.ratis.server.impl.StateMachineUpdater.run(StateMachineUpdater.java:173)
        at java.lang.Thread.run(Thread.java:748)
"fb2bbb8d-0a43-4468-9762-35835c6ecdd5@group-EA466064A84A-LeaderStateImpl" daemon prio=5 tid=3516 timed_waiting
java.lang.Thread.State: TIMED_WAITING
        at sun.misc.Unsafe.park(Native Method)
        at java.util.concurrent.locks.LockSupport.parkNanos(LockSupport.java:215)
        at java.util.concurrent.locks.AbstractQueuedSynchronizer$ConditionObject.awaitNanos(AbstractQueuedSynchronizer.java:2078)
        at java.util.concurrent.ArrayBlockingQueue.poll(ArrayBlockingQueue.java:418)
        at org.apache.ratis.server.impl.LeaderStateImpl$EventQueue.poll(LeaderStateImpl.java:156)
        at org.apache.ratis.server.impl.LeaderStateImpl$EventProcessor.run(LeaderStateImpl.java:600)
"IPC Server handler 11 on default port 45631" daemon prio=5 tid=166 timed_waiting
java.lang.Thread.State: TIMED_WAITING
        at sun.misc.Unsafe.park(Native Method)
        at java.util.concurrent.locks.LockSupport.parkNanos(LockSupport.java:215)
        at java.util.concurrent.locks.AbstractQueuedSynchronizer$ConditionObject.awaitNanos(AbstractQueuedSynchronizer.java:2078)
        at java.util.concurrent.LinkedBlockingQueue.poll(LinkedBlockingQueue.java:467)
        at org.apache.hadoop.ipc.CallQueueManager.take(CallQueueManager.java:317)
        at org.apache.hadoop.ipc.Server$Handler.run(Server.java:2932)
"IPC Server handler 16 on default port 41883" daemon prio=5 tid=87 timed_waiting
java.lang.Thread.State: TIMED_WAITING
        at sun.misc.Unsafe.park(Native Method)
        at java.util.concurrent.locks.LockSupport.parkNanos(LockSupport.java:215)
        at java.util.concurrent.locks.AbstractQueuedSynchronizer$ConditionObject.awaitNanos(AbstractQueuedSynchronizer.java:2078)
        at java.util.concurrent.LinkedBlockingQueue.poll(LinkedBlockingQueue.java:467)
        at org.apache.hadoop.ipc.CallQueueManager.take(CallQueueManager.java:317)
        at org.apache.hadoop.ipc.Server$Handler.run(Server.java:2932)
"Periodic HDDS volume checker" daemon prio=5 tid=3518 timed_waiting
java.lang.Thread.State: TIMED_WAITING
        at sun.misc.Unsafe.park(Native Method)
        at java.util.concurrent.locks.LockSupport.parkNanos(LockSupport.java:215)
        at java.util.concurrent.locks.AbstractQueuedSynchronizer$ConditionObject.awaitNanos(AbstractQueuedSynchronizer.java:2078)
        at java.util.concurrent.ScheduledThreadPoolExecutor$DelayedWorkQueue.take(ScheduledThreadPoolExecutor.java:1093)
        at java.util.concurrent.ScheduledThreadPoolExecutor$DelayedWorkQueue.take(ScheduledThreadPoolExecutor.java:809)
        at java.util.concurrent.ThreadPoolExecutor.getTask(ThreadPoolExecutor.java:1074)
        at java.util.concurrent.ThreadPoolExecutor.runWorker(ThreadPoolExecutor.java:1134)
        at java.util.concurrent.ThreadPoolExecutor$Worker.run(ThreadPoolExecutor.java:624)
        at java.lang.Thread.run(Thread.java:748)
"Datanode ReportManager Thread - 3" daemon prio=5 tid=249 in Object.wait()
java.lang.Thread.State: WAITING (on object monitor)
        at sun.misc.Unsafe.park(Native Method)
        at java.util.concurrent.locks.LockSupport.park(LockSupport.java:175)
        at java.util.concurrent.locks.AbstractQueuedSynchronizer$ConditionObject.await(AbstractQueuedSynchronizer.java:2039)
        at java.util.concurrent.ScheduledThreadPoolExecutor$DelayedWorkQueue.take(ScheduledThreadPoolExecutor.java:1088)
        at java.util.concurrent.ScheduledThreadPoolExecutor$DelayedWorkQueue.take(ScheduledThreadPoolExecutor.java:809)
        at java.util.concurrent.ThreadPoolExecutor.getTask(ThreadPoolExecutor.java:1074)
        at java.util.concurrent.ThreadPoolExecutor.runWorker(ThreadPoolExecutor.java:1134)
        at java.util.concurrent.ThreadPoolExecutor$Worker.run(ThreadPoolExecutor.java:624)
        at java.lang.Thread.run(Thread.java:748)
"IPC Server handler 18 on default port 45631" daemon prio=5 tid=173 timed_waiting
java.lang.Thread.State: TIMED_WAITING
        at sun.misc.Unsafe.park(Native Method)
        at java.util.concurrent.locks.LockSupport.parkNanos(LockSupport.java:215)
        at java.util.concurrent.locks.AbstractQueuedSynchronizer$ConditionObject.awaitNanos(AbstractQueuedSynchronizer.java:2078)
        at java.util.concurrent.LinkedBlockingQueue.poll(LinkedBlockingQueue.java:467)
        at org.apache.hadoop.ipc.CallQueueManager.take(CallQueueManager.java:317)
        at org.apache.hadoop.ipc.Server$Handler.run(Server.java:2932)
"IPC Server handler 17 on default port 41663" daemon prio=5 tid=68 timed_waiting
java.lang.Thread.State: TIMED_WAITING
        at sun.misc.Unsafe.park(Native Method)
        at java.util.concurrent.locks.LockSupport.parkNanos(LockSupport.java:215)
        at java.util.concurrent.locks.AbstractQueuedSynchronizer$ConditionObject.awaitNanos(AbstractQueuedSynchronizer.java:2078)
        at java.util.concurrent.LinkedBlockingQueue.poll(LinkedBlockingQueue.java:467)
        at org.apache.hadoop.ipc.CallQueueManager.take(CallQueueManager.java:317)
        at org.apache.hadoop.ipc.Server$Handler.run(Server.java:2932)
"BlockDeletingService#3" daemon prio=5 tid=3639 in Object.wait()
java.lang.Thread.State: WAITING (on object monitor)
        at sun.misc.Unsafe.park(Native Method)
        at java.util.concurrent.locks.LockSupport.park(LockSupport.java:175)
        at java.util.concurrent.locks.AbstractQueuedSynchronizer$ConditionObject.await(AbstractQueuedSynchronizer.java:2039)
        at java.util.concurrent.ScheduledThreadPoolExecutor$DelayedWorkQueue.take(ScheduledThreadPoolExecutor.java:1088)
        at java.util.concurrent.ScheduledThreadPoolExecutor$DelayedWorkQueue.take(ScheduledThreadPoolExecutor.java:809)
        at java.util.concurrent.ThreadPoolExecutor.getTask(ThreadPoolExecutor.java:1074)
        at java.util.concurrent.ThreadPoolExecutor.runWorker(ThreadPoolExecutor.java:1134)
        at java.util.concurrent.ThreadPoolExecutor$Worker.run(ThreadPoolExecutor.java:624)
        at java.lang.Thread.run(Thread.java:748)
"IPC Server handler 13 on default port 45631" daemon prio=5 tid=168 timed_waiting
java.lang.Thread.State: TIMED_WAITING
        at sun.misc.Unsafe.park(Native Method)
        at java.util.concurrent.locks.LockSupport.parkNanos(LockSupport.java:215)
        at java.util.concurrent.locks.AbstractQueuedSynchronizer$ConditionObject.awaitNanos(AbstractQueuedSynchronizer.java:2078)
        at java.util.concurrent.LinkedBlockingQueue.poll(LinkedBlockingQueue.java:467)
        at org.apache.hadoop.ipc.CallQueueManager.take(CallQueueManager.java:317)
        at org.apache.hadoop.ipc.Server$Handler.run(Server.java:2932)
"SCM Heartbeat Processing Thread - 0" daemon prio=5 tid=29 timed_waiting
java.lang.Thread.State: TIMED_WAITING
        at sun.misc.Unsafe.park(Native Method)
        at java.util.concurrent.locks.LockSupport.parkNanos(LockSupport.java:215)
        at java.util.concurrent.locks.AbstractQueuedSynchronizer$ConditionObject.awaitNanos(AbstractQueuedSynchronizer.java:2078)
        at java.util.concurrent.ScheduledThreadPoolExecutor$DelayedWorkQueue.take(ScheduledThreadPoolExecutor.java:1093)
        at java.util.concurrent.ScheduledThreadPoolExecutor$DelayedWorkQueue.take(ScheduledThreadPoolExecutor.java:809)
        at java.util.concurrent.ThreadPoolExecutor.getTask(ThreadPoolExecutor.java:1074)
        at java.util.concurrent.ThreadPoolExecutor.runWorker(ThreadPoolExecutor.java:1134)
        at java.util.concurrent.ThreadPoolExecutor$Worker.run(ThreadPoolExecutor.java:624)
        at java.lang.Thread.run(Thread.java:748)
"Timer for 'StorageContainerManager' metrics system" daemon prio=5 tid=49 timed_waiting
java.lang.Thread.State: TIMED_WAITING
        at java.lang.Object.wait(Native Method)
        at java.util.TimerThread.mainLoop(Timer.java:552)
        at java.util.TimerThread.run(Timer.java:505)
"org.apache.hadoop.ozone.container.common.statemachine.commandhandler.DeleteBlocksCommandHandler$DeleteCmdWorker@3a171ac9" daemon prio=5 tid=233 runnable
java.lang.Thread.State: RUNNABLE
        at java.lang.Thread.sleep(Native Method)
        at org.apache.hadoop.ozone.container.common.statemachine.commandhandler.DeleteBlocksCommandHandler$DeleteCmdWorker.run(DeleteBlocksCommandHandler.java:175)
        at java.lang.Thread.run(Thread.java:748)
"surefire-forkedjvm-ping-30s" daemon prio=5 tid=10 timed_waiting
java.lang.Thread.State: TIMED_WAITING
        at java.io.FileInputStream.readBytes(Native Method)
        at java.io.FileInputStream.read(FileInputStream.java:255)
        at java.io.BufferedInputStream.read1(BufferedInputStream.java:284)
        at java.io.BufferedInputStream.read(BufferedInputStream.java:345)
        at sun.nio.cs.StreamDecoder.readBytes(StreamDecoder.java:284)
        at sun.nio.cs.StreamDecoder.implRead(StreamDecoder.java:326)
        at sun.nio.cs.StreamDecoder.read(StreamDecoder.java:178)
        at java.io.InputStreamReader.read(InputStreamReader.java:184)
        at java.io.Reader.read(Reader.java:100)
        at java.util.Scanner.readInput(Scanner.java:804)
        at java.util.Scanner.findWithinHorizon(Scanner.java:1685)
        at java.util.Scanner.hasNextLine(Scanner.java:1500)
        at org.apache.maven.surefire.booter.PpidChecker$ProcessInfoConsumer.execute(PpidChecker.java:354)
        at org.apache.maven.surefire.booter.PpidChecker.unix(PpidChecker.java:190)
        at org.apache.maven.surefire.booter.PpidChecker.isProcessAlive(PpidChecker.java:123)
        at org.apache.maven.surefire.booter.ForkedBooter$2.run(ForkedBooter.java:214)
        at java.util.concurrent.Executors$RunnableAdapter.call(Executors.java:511)
        at java.util.concurrent.FutureTask.runAndReset(FutureTask.java:308)
        at java.util.concurrent.ScheduledThreadPoolExecutor$ScheduledFutureTask.access$301(ScheduledThreadPoolExecutor.java:180)
        at java.util.concurrent.ScheduledThreadPoolExecutor$ScheduledFutureTask.run(ScheduledThreadPoolExecutor.java:294)
        at java.util.concurrent.ThreadPoolExecutor.runWorker(ThreadPoolExecutor.java:1149)
        at java.util.concurrent.ThreadPoolExecutor$Worker.run(ThreadPoolExecutor.java:624)
        at java.lang.Thread.run(Thread.java:748)
"IPC Server handler 3 on default port 45631" daemon prio=5 tid=158 timed_waiting
java.lang.Thread.State: TIMED_WAITING
        at sun.misc.Unsafe.park(Native Method)
        at java.util.concurrent.locks.LockSupport.parkNanos(LockSupport.java:215)
        at java.util.concurrent.locks.AbstractQueuedSynchronizer$ConditionObject.awaitNanos(AbstractQueuedSynchronizer.java:2078)
        at java.util.concurrent.LinkedBlockingQueue.poll(LinkedBlockingQueue.java:467)
        at org.apache.hadoop.ipc.CallQueueManager.take(CallQueueManager.java:317)
        at org.apache.hadoop.ipc.Server$Handler.run(Server.java:2932)
"IPC Server idle connection scanner for port 44503" daemon prio=5 tid=36 timed_waiting
java.lang.Thread.State: TIMED_WAITING
        at java.lang.Object.wait(Native Method)
        at java.util.TimerThread.mainLoop(Timer.java:552)
        at java.util.TimerThread.run(Timer.java:505)
"ChunkWriter-0-0" daemon prio=5 tid=3551 in Object.wait()
java.lang.Thread.State: WAITING (on object monitor)
        at sun.misc.Unsafe.park(Native Method)
        at java.util.concurrent.locks.LockSupport.park(LockSupport.java:175)
        at java.util.concurrent.locks.AbstractQueuedSynchronizer$ConditionObject.await(AbstractQueuedSynchronizer.java:2039)
        at java.util.concurrent.LinkedBlockingDeque.takeFirst(LinkedBlockingDeque.java:492)
        at java.util.concurrent.LinkedBlockingDeque.take(LinkedBlockingDeque.java:680)
        at java.util.concurrent.ThreadPoolExecutor.getTask(ThreadPoolExecutor.java:1074)
        at java.util.concurrent.ThreadPoolExecutor.runWorker(ThreadPoolExecutor.java:1134)
        at java.util.concurrent.ThreadPoolExecutor$Worker.run(ThreadPoolExecutor.java:624)
        at java.lang.Thread.run(Thread.java:748)
"IPC Server handler 4 on default port 45631" daemon prio=5 tid=159 timed_waiting
java.lang.Thread.State: TIMED_WAITING
        at sun.misc.Unsafe.park(Native Method)
        at java.util.concurrent.locks.LockSupport.parkNanos(LockSupport.java:215)
        at java.util.concurrent.locks.AbstractQueuedSynchronizer$ConditionObject.awaitNanos(AbstractQueuedSynchronizer.java:2078)
        at java.util.concurrent.LinkedBlockingQueue.poll(LinkedBlockingQueue.java:467)
        at org.apache.hadoop.ipc.CallQueueManager.take(CallQueueManager.java:317)
        at org.apache.hadoop.ipc.Server$Handler.run(Server.java:2932)
"org.apache.hadoop.util.JvmPauseMonitor$Monitor@4d145177" daemon prio=5 tid=92 timed_waiting
java.lang.Thread.State: TIMED_WAITING
        at java.lang.Thread.sleep(Native Method)
        at org.apache.hadoop.util.JvmPauseMonitor$Monitor.run(JvmPauseMonitor.java:192)
        at java.lang.Thread.run(Thread.java:748)
"Datanode ReportManager Thread - 2" daemon prio=5 tid=196 in Object.wait()
java.lang.Thread.State: WAITING (on object monitor)
        at sun.misc.Unsafe.park(Native Method)
        at java.util.concurrent.locks.LockSupport.park(LockSupport.java:175)
        at java.util.concurrent.locks.AbstractQueuedSynchronizer$ConditionObject.await(AbstractQueuedSynchronizer.java:2039)
        at java.util.concurrent.ScheduledThreadPoolExecutor$DelayedWorkQueue.take(ScheduledThreadPoolExecutor.java:1088)
        at java.util.concurrent.ScheduledThreadPoolExecutor$DelayedWorkQueue.take(ScheduledThreadPoolExecutor.java:809)
        at java.util.concurrent.ThreadPoolExecutor.getTask(ThreadPoolExecutor.java:1074)
        at java.util.concurrent.ThreadPoolExecutor.runWorker(ThreadPoolExecutor.java:1134)
        at java.util.concurrent.ThreadPoolExecutor$Worker.run(ThreadPoolExecutor.java:624)
        at java.lang.Thread.run(Thread.java:748)
"qtp1181152590-3529" daemon prio=5 tid=3529 timed_waiting
java.lang.Thread.State: TIMED_WAITING
        at sun.misc.Unsafe.park(Native Method)
        at java.util.concurrent.locks.LockSupport.parkNanos(LockSupport.java:215)
        at java.util.concurrent.locks.AbstractQueuedSynchronizer$ConditionObject.awaitNanos(AbstractQueuedSynchronizer.java:2078)
        at org.eclipse.jetty.util.BlockingArrayQueue.poll(BlockingArrayQueue.java:382)
        at org.eclipse.jetty.util.thread.QueuedThreadPool$Runner.idleJobPoll(QueuedThreadPool.java:974)
        at org.eclipse.jetty.util.thread.QueuedThreadPool$Runner.run(QueuedThreadPool.java:1018)
        at java.lang.Thread.run(Thread.java:748)
"Datanode ReportManager Thread - 1" daemon prio=5 tid=195 in Object.wait()
java.lang.Thread.State: WAITING (on object monitor)
        at sun.misc.Unsafe.park(Native Method)
        at java.util.concurrent.locks.LockSupport.park(LockSupport.java:175)
        at java.util.concurrent.locks.AbstractQueuedSynchronizer$ConditionObject.await(AbstractQueuedSynchronizer.java:2039)
        at java.util.concurrent.ScheduledThreadPoolExecutor$DelayedWorkQueue.take(ScheduledThreadPoolExecutor.java:1088)
        at java.util.concurrent.ScheduledThreadPoolExecutor$DelayedWorkQueue.take(ScheduledThreadPoolExecutor.java:809)
        at java.util.concurrent.ThreadPoolExecutor.getTask(ThreadPoolExecutor.java:1074)
        at java.util.concurrent.ThreadPoolExecutor.runWorker(ThreadPoolExecutor.java:1134)
        at java.util.concurrent.ThreadPoolExecutor$Worker.run(ThreadPoolExecutor.java:624)
        at java.lang.Thread.run(Thread.java:748)
"prometheus" daemon prio=5 tid=103 in Object.wait()
java.lang.Thread.State: WAITING (on object monitor)
        at java.lang.Object.wait(Native Method)
        at java.lang.Object.wait(Object.java:502)
        at org.apache.hadoop.metrics2.impl.SinkQueue.waitForData(SinkQueue.java:114)
        at org.apache.hadoop.metrics2.impl.SinkQueue.consumeAll(SinkQueue.java:83)
        at org.apache.hadoop.metrics2.impl.MetricsSinkAdapter.publishMetricsFromQueue(MetricsSinkAdapter.java:135)
        at org.apache.hadoop.metrics2.impl.MetricsSinkAdapter$1.run(MetricsSinkAdapter.java:89)
"Datanode ReportManager Thread - 0" daemon prio=5 tid=246 timed_waiting
java.lang.Thread.State: TIMED_WAITING
        at sun.misc.Unsafe.park(Native Method)
        at java.util.concurrent.locks.LockSupport.parkNanos(LockSupport.java:215)
        at java.util.concurrent.locks.AbstractQueuedSynchronizer$ConditionObject.awaitNanos(AbstractQueuedSynchronizer.java:2078)
        at java.util.concurrent.ScheduledThreadPoolExecutor$DelayedWorkQueue.take(ScheduledThreadPoolExecutor.java:1093)
        at java.util.concurrent.ScheduledThreadPoolExecutor$DelayedWorkQueue.take(ScheduledThreadPoolExecutor.java:809)
        at java.util.concurrent.ThreadPoolExecutor.getTask(ThreadPoolExecutor.java:1074)
        at java.util.concurrent.ThreadPoolExecutor.runWorker(ThreadPoolExecutor.java:1134)
        at java.util.concurrent.ThreadPoolExecutor$Worker.run(ThreadPoolExecutor.java:624)
        at java.lang.Thread.run(Thread.java:748)
"6bfb9779-376e-41d0-a4a3-df540c6cb1bb@group-4A2A27F3DB13-SegmentedRaftLogWorker"  prio=5 tid=3497 timed_waiting
java.lang.Thread.State: TIMED_WAITING
        at sun.misc.Unsafe.park(Native Method)
        at java.util.concurrent.locks.LockSupport.parkNanos(LockSupport.java:215)
        at java.util.concurrent.locks.AbstractQueuedSynchronizer$ConditionObject.awaitNanos(AbstractQueuedSynchronizer.java:2078)
        at org.apache.ratis.util.DataBlockingQueue.poll(DataBlockingQueue.java:137)
        at org.apache.ratis.server.raftlog.segmented.SegmentedRaftLogWorker.run(SegmentedRaftLogWorker.java:292)
        at org.apache.ratis.server.raftlog.segmented.SegmentedRaftLogWorker$$Lambda$358/232402060.run(Unknown Source)
        at java.lang.Thread.run(Thread.java:748)
"EventQueue-CloseContainerForCloseContainerEventHandler" daemon prio=5 tid=3421 in Object.wait()
java.lang.Thread.State: WAITING (on object monitor)
        at sun.misc.Unsafe.park(Native Method)
        at java.util.concurrent.locks.LockSupport.park(LockSupport.java:175)
        at java.util.concurrent.locks.AbstractQueuedSynchronizer$ConditionObject.await(AbstractQueuedSynchronizer.java:2039)
        at java.util.concurrent.LinkedBlockingQueue.take(LinkedBlockingQueue.java:442)
        at java.util.concurrent.ThreadPoolExecutor.getTask(ThreadPoolExecutor.java:1074)
        at java.util.concurrent.ThreadPoolExecutor.runWorker(ThreadPoolExecutor.java:1134)
        at java.util.concurrent.ThreadPoolExecutor$Worker.run(ThreadPoolExecutor.java:624)
        at java.lang.Thread.run(Thread.java:748)
"grpc-default-executor-3" daemon prio=5 tid=584 timed_waiting
java.lang.Thread.State: TIMED_WAITING
        at sun.misc.Unsafe.park(Native Method)
        at java.util.concurrent.locks.LockSupport.parkNanos(LockSupport.java:215)
        at java.util.concurrent.SynchronousQueue$TransferStack.awaitFulfill(SynchronousQueue.java:460)
        at java.util.concurrent.SynchronousQueue$TransferStack.transfer(SynchronousQueue.java:362)
        at java.util.concurrent.SynchronousQueue.poll(SynchronousQueue.java:941)
        at java.util.concurrent.ThreadPoolExecutor.getTask(ThreadPoolExecutor.java:1073)
        at java.util.concurrent.ThreadPoolExecutor.runWorker(ThreadPoolExecutor.java:1134)
        at java.util.concurrent.ThreadPoolExecutor$Worker.run(ThreadPoolExecutor.java:624)
        at java.lang.Thread.run(Thread.java:748)
"qtp1223954869-3432" daemon prio=5 tid=3432 timed_waiting
java.lang.Thread.State: TIMED_WAITING
        at sun.misc.Unsafe.park(Native Method)
        at java.util.concurrent.locks.LockSupport.parkNanos(LockSupport.java:215)
        at java.util.concurrent.locks.AbstractQueuedSynchronizer$ConditionObject.awaitNanos(AbstractQueuedSynchronizer.java:2078)
        at org.eclipse.jetty.util.BlockingArrayQueue.poll(BlockingArrayQueue.java:382)
        at org.eclipse.jetty.util.thread.QueuedThreadPool$Runner.idleJobPoll(QueuedThreadPool.java:974)
        at org.eclipse.jetty.util.thread.QueuedThreadPool$Runner.run(QueuedThreadPool.java:1018)
        at java.lang.Thread.run(Thread.java:748)


	at org.apache.ozone.test.GenericTestUtils.waitFor(GenericTestUtils.java:225)
	at org.apache.hadoop.ozone.MiniOzoneClusterImpl.waitForHddsDatanodesStop(MiniOzoneClusterImpl.java:369)
	at org.apache.hadoop.ozone.MiniOzoneClusterImpl.restartHddsDatanode(MiniOzoneClusterImpl.java:401)
	at org.apache.hadoop.ozone.MiniOzoneClusterImpl.restartHddsDatanode(MiniOzoneClusterImpl.java:417)
	at org.apache.hadoop.ozone.client.rpc.TestOzoneRpcClientAbstract.testZReadKeyWithUnhealthyContainerReplica(TestOzoneRpcClientAbstract.java:1596)
	at sun.reflect.NativeMethodAccessorImpl.invoke0(Native Method)
	at sun.reflect.NativeMethodAccessorImpl.invoke(NativeMethodAccessorImpl.java:62)
	at sun.reflect.DelegatingMethodAccessorImpl.invoke(DelegatingMethodAccessorImpl.java:43)
	at java.lang.reflect.Method.invoke(Method.java:498)
	at org.junit.runners.model.FrameworkMethod$1.runReflectiveCall(FrameworkMethod.java:59)
	at org.junit.internal.runners.model.ReflectiveCallable.run(ReflectiveCallable.java:12)
	at org.junit.runners.model.FrameworkMethod.invokeExplosively(FrameworkMethod.java:56)
	at org.junit.internal.runners.statements.InvokeMethod.evaluate(InvokeMethod.java:17)
	at org.junit.internal.runners.statements.FailOnTimeout$CallableStatement.call(FailOnTimeout.java:288)
	at org.junit.internal.runners.statements.FailOnTimeout$CallableStatement.call(FailOnTimeout.java:282)
	at java.util.concurrent.FutureTask.run(FutureTask.java:266)
	at java.lang.Thread.run(Thread.java:748)
</error>
    <system-out><![CDATA[2022-01-16 14:02:48,097 [Time-limited test] INFO  rpc.RpcClient (RpcClient.java:createVolume(393)) - Creating Volume: 2ffd7930-815e-4018-9657-2273bb466122, with runner as owner and space quota set to -1 bytes, counts quota set to -1
2022-01-16 14:02:48,098 [OM StateMachine ApplyTransaction Thread - 0] INFO  volume.OMVolumeCreateRequest (OMVolumeCreateRequest.java:validateAndUpdateCache(195)) - created volume:2ffd7930-815e-4018-9657-2273bb466122 for user:runner
2022-01-16 14:02:48,100 [Time-limited test] INFO  rpc.RpcClient (RpcClient.java:createBucket(556)) - Creating Bucket: 2ffd7930-815e-4018-9657-2273bb466122/f5c14b16-f4c1-4a46-af81-d944beab48c5, with runner as owner and Versioning false and Storage Type set to DISK and Encryption set to false 
2022-01-16 14:02:48,160 [Time-limited test] WARN  keyvalue.KeyValueContainer (KeyValueContainer.java:markContainerUnhealthy(303)) - Moving container /home/runner/work/ozone/ozone/hadoop-ozone/integration-test/target/test-dir/MiniOzoneClusterImpl-8dcea29f-4d4f-4b68-9a1a-1d92263011bb/datanode-0/data-0/containers/hdds/8dcea29f-4d4f-4b68-9a1a-1d92263011bb/current/containerDir0/3 to state UNHEALTHY from state:UNHEALTHY Trace:java.lang.Thread.getStackTrace(Thread.java:1559)
org.apache.hadoop.util.StringUtils.getStackTrace(StringUtils.java:1060)
org.apache.hadoop.ozone.container.keyvalue.KeyValueContainer.markContainerUnhealthy(KeyValueContainer.java:305)
org.apache.hadoop.ozone.client.rpc.TestOzoneRpcClientAbstract.testZReadKeyWithUnhealthyContainerReplica(TestOzoneRpcClientAbstract.java:1576)
sun.reflect.NativeMethodAccessorImpl.invoke0(Native Method)
sun.reflect.NativeMethodAccessorImpl.invoke(NativeMethodAccessorImpl.java:62)
sun.reflect.DelegatingMethodAccessorImpl.invoke(DelegatingMethodAccessorImpl.java:43)
java.lang.reflect.Method.invoke(Method.java:498)
org.junit.runners.model.FrameworkMethod$1.runReflectiveCall(FrameworkMethod.java:59)
org.junit.internal.runners.model.ReflectiveCallable.run(ReflectiveCallable.java:12)
org.junit.runners.model.FrameworkMethod.invokeExplosively(FrameworkMethod.java:56)
org.junit.internal.runners.statements.InvokeMethod.evaluate(InvokeMethod.java:17)
org.junit.internal.runners.statements.FailOnTimeout$CallableStatement.call(FailOnTimeout.java:288)
org.junit.internal.runners.statements.FailOnTimeout$CallableStatement.call(FailOnTimeout.java:282)
java.util.concurrent.FutureTask.run(FutureTask.java:266)
java.lang.Thread.run(Thread.java:748)

2022-01-16 14:02:48,162 [Time-limited test] WARN  keyvalue.KeyValueContainer (KeyValueContainer.java:markContainerUnhealthy(303)) - Moving container /home/runner/work/ozone/ozone/hadoop-ozone/integration-test/target/test-dir/MiniOzoneClusterImpl-8dcea29f-4d4f-4b68-9a1a-1d92263011bb/datanode-1/data-0/containers/hdds/8dcea29f-4d4f-4b68-9a1a-1d92263011bb/current/containerDir0/3 to state UNHEALTHY from state:UNHEALTHY Trace:java.lang.Thread.getStackTrace(Thread.java:1559)
org.apache.hadoop.util.StringUtils.getStackTrace(StringUtils.java:1060)
org.apache.hadoop.ozone.container.keyvalue.KeyValueContainer.markContainerUnhealthy(KeyValueContainer.java:305)
org.apache.hadoop.ozone.client.rpc.TestOzoneRpcClientAbstract.testZReadKeyWithUnhealthyContainerReplica(TestOzoneRpcClientAbstract.java:1576)
sun.reflect.NativeMethodAccessorImpl.invoke0(Native Method)
sun.reflect.NativeMethodAccessorImpl.invoke(NativeMethodAccessorImpl.java:62)
sun.reflect.DelegatingMethodAccessorImpl.invoke(DelegatingMethodAccessorImpl.java:43)
java.lang.reflect.Method.invoke(Method.java:498)
org.junit.runners.model.FrameworkMethod$1.runReflectiveCall(FrameworkMethod.java:59)
org.junit.internal.runners.model.ReflectiveCallable.run(ReflectiveCallable.java:12)
org.junit.runners.model.FrameworkMethod.invokeExplosively(FrameworkMethod.java:56)
org.junit.internal.runners.statements.InvokeMethod.evaluate(InvokeMethod.java:17)
org.junit.internal.runners.statements.FailOnTimeout$CallableStatement.call(FailOnTimeout.java:288)
org.junit.internal.runners.statements.FailOnTimeout$CallableStatement.call(FailOnTimeout.java:282)
java.util.concurrent.FutureTask.run(FutureTask.java:266)
java.lang.Thread.run(Thread.java:748)

2022-01-16 14:02:48,164 [Time-limited test] WARN  keyvalue.KeyValueContainer (KeyValueContainer.java:markContainerUnhealthy(303)) - Moving container /home/runner/work/ozone/ozone/hadoop-ozone/integration-test/target/test-dir/MiniOzoneClusterImpl-8dcea29f-4d4f-4b68-9a1a-1d92263011bb/datanode-2/data-0/containers/hdds/8dcea29f-4d4f-4b68-9a1a-1d92263011bb/current/containerDir0/3 to state UNHEALTHY from state:UNHEALTHY Trace:java.lang.Thread.getStackTrace(Thread.java:1559)
org.apache.hadoop.util.StringUtils.getStackTrace(StringUtils.java:1060)
org.apache.hadoop.ozone.container.keyvalue.KeyValueContainer.markContainerUnhealthy(KeyValueContainer.java:305)
org.apache.hadoop.ozone.client.rpc.TestOzoneRpcClientAbstract.testZReadKeyWithUnhealthyContainerReplica(TestOzoneRpcClientAbstract.java:1576)
sun.reflect.NativeMethodAccessorImpl.invoke0(Native Method)
sun.reflect.NativeMethodAccessorImpl.invoke(NativeMethodAccessorImpl.java:62)
sun.reflect.DelegatingMethodAccessorImpl.invoke(DelegatingMethodAccessorImpl.java:43)
java.lang.reflect.Method.invoke(Method.java:498)
org.junit.runners.model.FrameworkMethod$1.runReflectiveCall(FrameworkMethod.java:59)
org.junit.internal.runners.model.ReflectiveCallable.run(ReflectiveCallable.java:12)
org.junit.runners.model.FrameworkMethod.invokeExplosively(FrameworkMethod.java:56)
org.junit.internal.runners.statements.InvokeMethod.evaluate(InvokeMethod.java:17)
org.junit.internal.runners.statements.FailOnTimeout$CallableStatement.call(FailOnTimeout.java:288)
org.junit.internal.runners.statements.FailOnTimeout$CallableStatement.call(FailOnTimeout.java:282)
java.util.concurrent.FutureTask.run(FutureTask.java:266)
java.lang.Thread.run(Thread.java:748)

2022-01-16 14:02:53,168 [Time-limited test] INFO  ozoneimpl.OzoneContainer (OzoneContainer.java:stop(336)) - Attempting to stop container services.
2022-01-16 14:02:53,169 [Time-limited test] INFO  server.RaftServer (RaftServerProxy.java:lambda$close$6(391)) - fb2bbb8d-0a43-4468-9762-35835c6ecdd5: close
2022-01-16 14:02:53,169 [Time-limited test] INFO  server.RaftServer$Division (RaftServerImpl.java:lambda$close$4(412)) - fb2bbb8d-0a43-4468-9762-35835c6ecdd5@group-899F572A00D9: shutdown
2022-01-16 14:02:53,169 [ForkJoinPool.commonPool-worker-1] INFO  server.RaftServer$Division (RaftServerImpl.java:lambda$close$4(412)) - fb2bbb8d-0a43-4468-9762-35835c6ecdd5@group-58FDDE1EF6F0: shutdown
2022-01-16 14:02:53,170 [Time-limited test] INFO  util.JmxRegister (JmxRegister.java:unregister(73)) - Successfully un-registered JMX Bean with object name Ratis:service=RaftServer,group=group-899F572A00D9,id=fb2bbb8d-0a43-4468-9762-35835c6ecdd5
2022-01-16 14:02:53,170 [Time-limited test] INFO  impl.RoleInfo (RoleInfo.java:shutdownLeaderState(91)) - fb2bbb8d-0a43-4468-9762-35835c6ecdd5: shutdown fb2bbb8d-0a43-4468-9762-35835c6ecdd5@group-899F572A00D9-LeaderStateImpl
2022-01-16 14:02:53,171 [fb2bbb8d-0a43-4468-9762-35835c6ecdd5@group-899F572A00D9->85ccfe40-d44a-4cce-8ecd-09036b5f4718-GrpcLogAppender-LogAppenderDaemon] WARN  server.GrpcLogAppender (GrpcLogAppender.java:mayWait(177)) - fb2bbb8d-0a43-4468-9762-35835c6ecdd5@group-899F572A00D9->85ccfe40-d44a-4cce-8ecd-09036b5f4718-GrpcLogAppender: Wait interrupted by java.lang.InterruptedException
2022-01-16 14:02:53,171 [ForkJoinPool.commonPool-worker-1] INFO  util.JmxRegister (JmxRegister.java:unregister(73)) - Successfully un-registered JMX Bean with object name Ratis:service=RaftServer,group=group-58FDDE1EF6F0,id=fb2bbb8d-0a43-4468-9762-35835c6ecdd5
2022-01-16 14:02:53,171 [Time-limited test] INFO  impl.PendingRequests (PendingRequests.java:sendNotLeaderResponses(282)) - fb2bbb8d-0a43-4468-9762-35835c6ecdd5@group-899F572A00D9-PendingRequests: sendNotLeaderResponses
2022-01-16 14:02:53,171 [ForkJoinPool.commonPool-worker-1] INFO  impl.RoleInfo (RoleInfo.java:shutdownLeaderState(91)) - fb2bbb8d-0a43-4468-9762-35835c6ecdd5: shutdown fb2bbb8d-0a43-4468-9762-35835c6ecdd5@group-58FDDE1EF6F0-LeaderStateImpl
2022-01-16 14:02:53,171 [fb2bbb8d-0a43-4468-9762-35835c6ecdd5@group-899F572A00D9->6bfb9779-376e-41d0-a4a3-df540c6cb1bb-GrpcLogAppender-LogAppenderDaemon] WARN  server.GrpcLogAppender (GrpcLogAppender.java:mayWait(177)) - fb2bbb8d-0a43-4468-9762-35835c6ecdd5@group-899F572A00D9->6bfb9779-376e-41d0-a4a3-df540c6cb1bb-GrpcLogAppender: Wait interrupted by java.lang.InterruptedException
2022-01-16 14:02:53,174 [grpc-default-executor-4] INFO  server.GrpcServerProtocolService (GrpcServerProtocolService.java:onCompleted(140)) - 85ccfe40-d44a-4cce-8ecd-09036b5f4718: Completed APPEND_ENTRIES, lastRequest: fb2bbb8d-0a43-4468-9762-35835c6ecdd5->85ccfe40-d44a-4cce-8ecd-09036b5f4718#2281-t3,previous=(t:3, i:495),leaderCommit=494,initializing? true,entries: size=1, first=(t:3, i:496), METADATAENTRY(c:494)
2022-01-16 14:02:53,174 [grpc-default-executor-1] INFO  server.GrpcServerProtocolService (GrpcServerProtocolService.java:onCompleted(140)) - 6bfb9779-376e-41d0-a4a3-df540c6cb1bb: Completed APPEND_ENTRIES, lastRequest: fb2bbb8d-0a43-4468-9762-35835c6ecdd5->6bfb9779-376e-41d0-a4a3-df540c6cb1bb#2255-t3,previous=(t:3, i:495),leaderCommit=494,initializing? true,entries: size=1, first=(t:3, i:496), METADATAENTRY(c:494)
2022-01-16 14:02:53,171 [ForkJoinPool.commonPool-worker-1] INFO  impl.PendingRequests (PendingRequests.java:sendNotLeaderResponses(282)) - fb2bbb8d-0a43-4468-9762-35835c6ecdd5@group-58FDDE1EF6F0-PendingRequests: sendNotLeaderResponses
2022-01-16 14:02:53,177 [grpc-default-executor-4] INFO  server.GrpcLogAppender (GrpcLogAppender.java:onCompleted(346)) - fb2bbb8d-0a43-4468-9762-35835c6ecdd5@group-899F572A00D9->85ccfe40-d44a-4cce-8ecd-09036b5f4718-AppendLogResponseHandler: follower responses appendEntries COMPLETED
2022-01-16 14:02:53,179 [grpc-default-executor-1] INFO  server.GrpcLogAppender (GrpcLogAppender.java:onCompleted(346)) - fb2bbb8d-0a43-4468-9762-35835c6ecdd5@group-899F572A00D9->6bfb9779-376e-41d0-a4a3-df540c6cb1bb-AppendLogResponseHandler: follower responses appendEntries COMPLETED
2022-01-16 14:02:53,180 [grpc-default-executor-1] INFO  leader.FollowerInfo (FollowerInfoImpl.java:lambda$new$0(47)) - fb2bbb8d-0a43-4468-9762-35835c6ecdd5@group-899F572A00D9->6bfb9779-376e-41d0-a4a3-df540c6cb1bb: nextIndex: updateUnconditionally 497 -> 496
2022-01-16 14:02:53,181 [Time-limited test] INFO  impl.StateMachineUpdater (StateMachineUpdater.java:stopAndJoin(149)) - fb2bbb8d-0a43-4468-9762-35835c6ecdd5@group-899F572A00D9-StateMachineUpdater: set stopIndex = 496
2022-01-16 14:02:53,181 [fb2bbb8d-0a43-4468-9762-35835c6ecdd5@group-899F572A00D9-StateMachineUpdater] INFO  ratis.ContainerStateMachine (ContainerStateMachine.java:takeSnapshot(299)) - group-899F572A00D9: Taking a snapshot at:(t:3, i:496) file /home/runner/work/ozone/ozone/hadoop-ozone/integration-test/target/test-dir/MiniOzoneClusterImpl-8dcea29f-4d4f-4b68-9a1a-1d92263011bb/datanode-0/data/ratis/26eb92ff-316e-4aec-bc6c-899f572a00d9/sm/snapshot.3_496
2022-01-16 14:02:53,181 [grpc-default-executor-4] INFO  leader.FollowerInfo (FollowerInfoImpl.java:lambda$new$0(47)) - fb2bbb8d-0a43-4468-9762-35835c6ecdd5@group-899F572A00D9->85ccfe40-d44a-4cce-8ecd-09036b5f4718: nextIndex: updateUnconditionally 497 -> 496
2022-01-16 14:02:53,193 [ForkJoinPool.commonPool-worker-1] INFO  impl.StateMachineUpdater (StateMachineUpdater.java:stopAndJoin(149)) - fb2bbb8d-0a43-4468-9762-35835c6ecdd5@group-58FDDE1EF6F0-StateMachineUpdater: set stopIndex = 15
2022-01-16 14:02:53,193 [fb2bbb8d-0a43-4468-9762-35835c6ecdd5@group-58FDDE1EF6F0-StateMachineUpdater] INFO  ratis.ContainerStateMachine (ContainerStateMachine.java:takeSnapshot(299)) - group-58FDDE1EF6F0: Taking a snapshot at:(t:1, i:15) file /home/runner/work/ozone/ozone/hadoop-ozone/integration-test/target/test-dir/MiniOzoneClusterImpl-8dcea29f-4d4f-4b68-9a1a-1d92263011bb/datanode-0/data/ratis/223f805e-ff61-419b-9cd4-58fdde1ef6f0/sm/snapshot.1_15
2022-01-16 14:02:53,206 [fb2bbb8d-0a43-4468-9762-35835c6ecdd5@group-58FDDE1EF6F0-StateMachineUpdater] INFO  ratis.ContainerStateMachine (ContainerStateMachine.java:takeSnapshot(310)) - group-58FDDE1EF6F0: Finished taking a snapshot at:(t:1, i:15) file:/home/runner/work/ozone/ozone/hadoop-ozone/integration-test/target/test-dir/MiniOzoneClusterImpl-8dcea29f-4d4f-4b68-9a1a-1d92263011bb/datanode-0/data/ratis/223f805e-ff61-419b-9cd4-58fdde1ef6f0/sm/snapshot.1_15 took: 13 ms
2022-01-16 14:02:53,206 [fb2bbb8d-0a43-4468-9762-35835c6ecdd5@group-899F572A00D9-StateMachineUpdater] INFO  ratis.ContainerStateMachine (ContainerStateMachine.java:takeSnapshot(310)) - group-899F572A00D9: Finished taking a snapshot at:(t:3, i:496) file:/home/runner/work/ozone/ozone/hadoop-ozone/integration-test/target/test-dir/MiniOzoneClusterImpl-8dcea29f-4d4f-4b68-9a1a-1d92263011bb/datanode-0/data/ratis/26eb92ff-316e-4aec-bc6c-899f572a00d9/sm/snapshot.3_496 took: 24 ms
2022-01-16 14:02:53,208 [fb2bbb8d-0a43-4468-9762-35835c6ecdd5@group-58FDDE1EF6F0-StateMachineUpdater] INFO  impl.StateMachineUpdater (StateMachineUpdater.java:takeSnapshot(281)) - fb2bbb8d-0a43-4468-9762-35835c6ecdd5@group-58FDDE1EF6F0-StateMachineUpdater: Took a snapshot at index 15
2022-01-16 14:02:53,208 [fb2bbb8d-0a43-4468-9762-35835c6ecdd5@group-58FDDE1EF6F0-StateMachineUpdater] INFO  impl.StateMachineUpdater (StateMachineUpdater.java:lambda$new$0(89)) - fb2bbb8d-0a43-4468-9762-35835c6ecdd5@group-58FDDE1EF6F0-StateMachineUpdater: snapshotIndex: updateIncreasingly -1 -> 15
2022-01-16 14:02:53,211 [ForkJoinPool.commonPool-worker-1] INFO  server.RaftServer$Division (ServerState.java:close(419)) - fb2bbb8d-0a43-4468-9762-35835c6ecdd5@group-58FDDE1EF6F0: closes. applyIndex: 15
2022-01-16 14:02:53,211 [fb2bbb8d-0a43-4468-9762-35835c6ecdd5@group-58FDDE1EF6F0-SegmentedRaftLogWorker] INFO  segmented.SegmentedRaftLogWorker (SegmentedRaftLogWorker.java:run(327)) - fb2bbb8d-0a43-4468-9762-35835c6ecdd5@group-58FDDE1EF6F0-SegmentedRaftLogWorker was interrupted, exiting. There are 0 tasks remaining in the queue.
2022-01-16 14:02:53,211 [ForkJoinPool.commonPool-worker-1] INFO  segmented.SegmentedRaftLogWorker (SegmentedRaftLogWorker.java:close(237)) - fb2bbb8d-0a43-4468-9762-35835c6ecdd5@group-58FDDE1EF6F0-SegmentedRaftLogWorker close()
2022-01-16 14:02:53,212 [ForkJoinPool.commonPool-worker-1] INFO  server.RaftServer$Division (RaftServerImpl.java:lambda$close$4(412)) - fb2bbb8d-0a43-4468-9762-35835c6ecdd5@group-A77BBCEC0779: shutdown
2022-01-16 14:02:53,212 [ForkJoinPool.commonPool-worker-1] INFO  util.JmxRegister (JmxRegister.java:unregister(73)) - Successfully un-registered JMX Bean with object name Ratis:service=RaftServer,group=group-A77BBCEC0779,id=fb2bbb8d-0a43-4468-9762-35835c6ecdd5
2022-01-16 14:02:53,212 [ForkJoinPool.commonPool-worker-1] INFO  impl.RoleInfo (RoleInfo.java:shutdownFollowerState(108)) - fb2bbb8d-0a43-4468-9762-35835c6ecdd5: shutdown fb2bbb8d-0a43-4468-9762-35835c6ecdd5@group-A77BBCEC0779-FollowerState
2022-01-16 14:02:53,212 [ForkJoinPool.commonPool-worker-1] INFO  impl.StateMachineUpdater (StateMachineUpdater.java:stopAndJoin(149)) - fb2bbb8d-0a43-4468-9762-35835c6ecdd5@group-A77BBCEC0779-StateMachineUpdater: set stopIndex = 433
2022-01-16 14:02:53,212 [fb2bbb8d-0a43-4468-9762-35835c6ecdd5@group-A77BBCEC0779-FollowerState] INFO  impl.FollowerState (FollowerState.java:run(143)) - fb2bbb8d-0a43-4468-9762-35835c6ecdd5@group-A77BBCEC0779-FollowerState was interrupted: {}
java.lang.InterruptedException: sleep interrupted
	at java.lang.Thread.sleep(Native Method)
	at java.lang.Thread.sleep(Thread.java:340)
	at java.util.concurrent.TimeUnit.sleep(TimeUnit.java:386)
	at org.apache.ratis.util.TimeDuration.sleep(TimeDuration.java:324)
	at org.apache.ratis.util.TimeDuration.sleep(TimeDuration.java:309)
	at org.apache.ratis.server.impl.FollowerState.run(FollowerState.java:118)
2022-01-16 14:02:53,212 [fb2bbb8d-0a43-4468-9762-35835c6ecdd5@group-A77BBCEC0779-StateMachineUpdater] INFO  ratis.ContainerStateMachine (ContainerStateMachine.java:takeSnapshot(299)) - group-A77BBCEC0779: Taking a snapshot at:(t:2, i:433) file /home/runner/work/ozone/ozone/hadoop-ozone/integration-test/target/test-dir/MiniOzoneClusterImpl-8dcea29f-4d4f-4b68-9a1a-1d92263011bb/datanode-0/data/ratis/2bb02a01-81a3-48aa-b5fb-a77bbcec0779/sm/snapshot.2_433
2022-01-16 14:02:53,213 [fb2bbb8d-0a43-4468-9762-35835c6ecdd5@group-899F572A00D9-StateMachineUpdater] INFO  impl.StateMachineUpdater (StateMachineUpdater.java:takeSnapshot(281)) - fb2bbb8d-0a43-4468-9762-35835c6ecdd5@group-899F572A00D9-StateMachineUpdater: Took a snapshot at index 496
2022-01-16 14:02:53,214 [fb2bbb8d-0a43-4468-9762-35835c6ecdd5@group-A77BBCEC0779-StateMachineUpdater] INFO  ratis.ContainerStateMachine (ContainerStateMachine.java:takeSnapshot(310)) - group-A77BBCEC0779: Finished taking a snapshot at:(t:2, i:433) file:/home/runner/work/ozone/ozone/hadoop-ozone/integration-test/target/test-dir/MiniOzoneClusterImpl-8dcea29f-4d4f-4b68-9a1a-1d92263011bb/datanode-0/data/ratis/2bb02a01-81a3-48aa-b5fb-a77bbcec0779/sm/snapshot.2_433 took: 2 ms
2022-01-16 14:02:53,218 [fb2bbb8d-0a43-4468-9762-35835c6ecdd5@group-899F572A00D9-StateMachineUpdater] INFO  impl.StateMachineUpdater (StateMachineUpdater.java:lambda$new$0(89)) - fb2bbb8d-0a43-4468-9762-35835c6ecdd5@group-899F572A00D9-StateMachineUpdater: snapshotIndex: updateIncreasingly -1 -> 496
2022-01-16 14:02:53,218 [fb2bbb8d-0a43-4468-9762-35835c6ecdd5@group-A77BBCEC0779-StateMachineUpdater] INFO  impl.StateMachineUpdater (StateMachineUpdater.java:takeSnapshot(281)) - fb2bbb8d-0a43-4468-9762-35835c6ecdd5@group-A77BBCEC0779-StateMachineUpdater: Took a snapshot at index 433
2022-01-16 14:02:53,218 [fb2bbb8d-0a43-4468-9762-35835c6ecdd5@group-A77BBCEC0779-StateMachineUpdater] INFO  impl.StateMachineUpdater (StateMachineUpdater.java:lambda$new$0(89)) - fb2bbb8d-0a43-4468-9762-35835c6ecdd5@group-A77BBCEC0779-StateMachineUpdater: snapshotIndex: updateIncreasingly -1 -> 433
2022-01-16 14:02:53,219 [ForkJoinPool.commonPool-worker-1] INFO  server.RaftServer$Division (ServerState.java:close(419)) - fb2bbb8d-0a43-4468-9762-35835c6ecdd5@group-A77BBCEC0779: closes. applyIndex: 433
2022-01-16 14:02:53,219 [fb2bbb8d-0a43-4468-9762-35835c6ecdd5@group-A77BBCEC0779-SegmentedRaftLogWorker] INFO  segmented.SegmentedRaftLogWorker (SegmentedRaftLogWorker.java:run(327)) - fb2bbb8d-0a43-4468-9762-35835c6ecdd5@group-A77BBCEC0779-SegmentedRaftLogWorker was interrupted, exiting. There are 0 tasks remaining in the queue.
2022-01-16 14:02:53,219 [ForkJoinPool.commonPool-worker-1] INFO  segmented.SegmentedRaftLogWorker (SegmentedRaftLogWorker.java:close(237)) - fb2bbb8d-0a43-4468-9762-35835c6ecdd5@group-A77BBCEC0779-SegmentedRaftLogWorker close()
2022-01-16 14:02:53,220 [Time-limited test] INFO  server.RaftServer$Division (ServerState.java:close(419)) - fb2bbb8d-0a43-4468-9762-35835c6ecdd5@group-899F572A00D9: closes. applyIndex: 496
2022-01-16 14:02:53,221 [fb2bbb8d-0a43-4468-9762-35835c6ecdd5@group-899F572A00D9-SegmentedRaftLogWorker] INFO  segmented.SegmentedRaftLogWorker (SegmentedRaftLogWorker.java:run(327)) - fb2bbb8d-0a43-4468-9762-35835c6ecdd5@group-899F572A00D9-SegmentedRaftLogWorker was interrupted, exiting. There are 0 tasks remaining in the queue.
2022-01-16 14:02:53,221 [Time-limited test] INFO  segmented.SegmentedRaftLogWorker (SegmentedRaftLogWorker.java:close(237)) - fb2bbb8d-0a43-4468-9762-35835c6ecdd5@group-899F572A00D9-SegmentedRaftLogWorker close()
2022-01-16 14:02:53,222 [Time-limited test] INFO  server.GrpcService (GrpcService.java:closeImpl(262)) - fb2bbb8d-0a43-4468-9762-35835c6ecdd5: shutdown server with port 42593 now
2022-01-16 14:02:53,239 [grpc-default-executor-3] WARN  client.GrpcClientProtocolService (LogUtils.java:warn(122)) - 1-UnorderedRequestStreamObserver1: onError: org.apache.ratis.thirdparty.io.grpc.StatusRuntimeException: CANCELLED: client cancelled
2022-01-16 14:02:53,239 [grpc-default-executor-1] WARN  server.GrpcServerProtocolService (LogUtils.java:warn(122)) - fb2bbb8d-0a43-4468-9762-35835c6ecdd5: installSnapshot onError, lastRequest: 85ccfe40-d44a-4cce-8ecd-09036b5f4718->fb2bbb8d-0a43-4468-9762-35835c6ecdd5#2274-t2,previous=(t:2, i:432),leaderCommit=431,initializing? true,entries: size=1, first=(t:2, i:433), METADATAENTRY(c:431): org.apache.ratis.thirdparty.io.grpc.StatusRuntimeException: CANCELLED: client cancelled
2022-01-16 14:02:53,240 [Time-limited test] INFO  server.GrpcService (GrpcService.java:closeImpl(271)) - fb2bbb8d-0a43-4468-9762-35835c6ecdd5: shutdown server with port 42593 successfully
2022-01-16 14:02:53,240 [org.apache.ratis.util.JvmPauseMonitor$$Lambda$422/111819772@1e8fcb63] INFO  util.JvmPauseMonitor (JvmPauseMonitor.java:run(109)) - JvmPauseMonitor-fb2bbb8d-0a43-4468-9762-35835c6ecdd5: Stopped
2022-01-16 14:02:53,240 [grpc-default-executor-1] WARN  server.GrpcLogAppender (LogUtils.java:warn(122)) - 85ccfe40-d44a-4cce-8ecd-09036b5f4718@group-A77BBCEC0779->fb2bbb8d-0a43-4468-9762-35835c6ecdd5-AppendLogResponseHandler: Failed appendEntries: org.apache.ratis.thirdparty.io.grpc.StatusRuntimeException: CANCELLED: HTTP/2 error code: CANCEL
Received Rst Stream
2022-01-16 14:02:53,241 [grpc-default-executor-1] INFO  leader.FollowerInfo (FollowerInfoImpl.java:lambda$new$0(47)) - 85ccfe40-d44a-4cce-8ecd-09036b5f4718@group-A77BBCEC0779->fb2bbb8d-0a43-4468-9762-35835c6ecdd5: nextIndex: updateUnconditionally 434 -> 433
2022-01-16 14:02:53,253 [grpc-default-executor-3] WARN  server.GrpcLogAppender (LogUtils.java:warn(122)) - 85ccfe40-d44a-4cce-8ecd-09036b5f4718@group-A77BBCEC0779->fb2bbb8d-0a43-4468-9762-35835c6ecdd5-AppendLogResponseHandler: Failed appendEntries: org.apache.ratis.thirdparty.io.grpc.StatusRuntimeException: UNAVAILABLE: io exception
2022-01-16 14:02:53,253 [grpc-default-executor-3] INFO  leader.FollowerInfo (FollowerInfoImpl.java:lambda$new$0(47)) - 85ccfe40-d44a-4cce-8ecd-09036b5f4718@group-A77BBCEC0779->fb2bbb8d-0a43-4468-9762-35835c6ecdd5: nextIndex: updateUnconditionally 434 -> 433
2022-01-16 14:02:55,261 [Time-limited test] INFO  utils.BackgroundService (BackgroundService.java:shutdown(132)) - Shutting down service BlockDeletingService
2022-01-16 14:02:55,743 [grpc-default-executor-3] WARN  server.GrpcLogAppender (LogUtils.java:warn(122)) - 85ccfe40-d44a-4cce-8ecd-09036b5f4718@group-A77BBCEC0779->fb2bbb8d-0a43-4468-9762-35835c6ecdd5-AppendLogResponseHandler: Failed appendEntries: org.apache.ratis.thirdparty.io.grpc.StatusRuntimeException: UNAVAILABLE: io exception
2022-01-16 14:02:55,744 [grpc-default-executor-3] INFO  leader.FollowerInfo (FollowerInfoImpl.java:lambda$new$0(47)) - 85ccfe40-d44a-4cce-8ecd-09036b5f4718@group-A77BBCEC0779->fb2bbb8d-0a43-4468-9762-35835c6ecdd5: nextIndex: updateUnconditionally 434 -> 433
2022-01-16 14:02:57,926 [EventQueue-StaleNodeForStaleNodeHandler] INFO  node.StaleNodeHandler (StaleNodeHandler.java:onMessage(58)) - Datanode fb2bbb8d-0a43-4468-9762-35835c6ecdd5{ip: 10.1.0.30, host: fv-az395-972.zfmzfyrfkyou3ow0tsr0jxwq1e.bx.internal.cloudapp.net, ports: [REPLICATION=46271, RATIS=42593, RATIS_ADMIN=42593, RATIS_SERVER=42593, STANDALONE=36115], networkLocation: /default-rack, certSerialId: null, persistedOpState: IN_SERVICE, persistedOpStateExpiryEpochSec: 0} moved to stale state. Finalizing its pipelines [PipelineID=26eb92ff-316e-4aec-bc6c-899f572a00d9, PipelineID=223f805e-ff61-419b-9cd4-58fdde1ef6f0, PipelineID=2bb02a01-81a3-48aa-b5fb-a77bbcec0779]
2022-01-16 14:02:57,936 [EventQueue-StaleNodeForStaleNodeHandler] INFO  ha.SCMHAInvocationHandler (SCMHAInvocationHandler.java:invokeRatis(113)) - Invoking method public abstract void org.apache.hadoop.hdds.scm.container.ContainerStateManager.updateContainerState(org.apache.hadoop.hdds.protocol.proto.HddsProtos$ContainerID,org.apache.hadoop.hdds.protocol.proto.HddsProtos$LifeCycleEvent) throws java.io.IOException,org.apache.hadoop.ozone.common.statemachine.InvalidStateTransitionException on target org.apache.hadoop.hdds.scm.ha.SCMRatisServerImpl@d2127c6, cost 4627.403us
2022-01-16 14:02:57,936 [EventQueue-StaleNodeForStaleNodeHandler] INFO  pipeline.PipelineManagerImpl (PipelineManagerImpl.java:closeContainersForPipeline(344)) - Container #3 closed for pipeline=PipelineID=26eb92ff-316e-4aec-bc6c-899f572a00d9
2022-01-16 14:02:57,936 [EventQueue-CloseContainerForCloseContainerEventHandler] INFO  container.CloseContainerEventHandler (CloseContainerEventHandler.java:onMessage(69)) - Close container Event triggered for container : #3
2022-01-16 14:02:57,938 [EventQueue-StaleNodeForStaleNodeHandler] INFO  ha.SCMHAInvocationHandler (SCMHAInvocationHandler.java:invokeRatis(113)) - Invoking method public abstract void org.apache.hadoop.hdds.scm.pipeline.PipelineStateManager.updatePipelineState(org.apache.hadoop.hdds.protocol.proto.HddsProtos$PipelineID,org.apache.hadoop.hdds.protocol.proto.HddsProtos$PipelineState) throws java.io.IOException on target org.apache.hadoop.hdds.scm.ha.SCMRatisServerImpl@d2127c6, cost 1930.968us
2022-01-16 14:02:57,938 [EventQueue-StaleNodeForStaleNodeHandler] INFO  pipeline.PipelineManagerImpl (PipelineManagerImpl.java:closePipeline(365)) - Pipeline Pipeline[ Id: 26eb92ff-316e-4aec-bc6c-899f572a00d9, Nodes: 85ccfe40-d44a-4cce-8ecd-09036b5f4718{ip: 10.1.0.30, host: fv-az395-972.zfmzfyrfkyou3ow0tsr0jxwq1e.bx.internal.cloudapp.net, ports: [REPLICATION=34499, RATIS=34255, RATIS_ADMIN=34255, RATIS_SERVER=34255, STANDALONE=39217], networkLocation: /default-rack, certSerialId: null, persistedOpState: IN_SERVICE, persistedOpStateExpiryEpochSec: 0}fb2bbb8d-0a43-4468-9762-35835c6ecdd5{ip: 10.1.0.30, host: fv-az395-972.zfmzfyrfkyou3ow0tsr0jxwq1e.bx.internal.cloudapp.net, ports: [REPLICATION=46271, RATIS=42593, RATIS_ADMIN=42593, RATIS_SERVER=42593, STANDALONE=36115], networkLocation: /default-rack, certSerialId: null, persistedOpState: IN_SERVICE, persistedOpStateExpiryEpochSec: 0}6bfb9779-376e-41d0-a4a3-df540c6cb1bb{ip: 10.1.0.30, host: fv-az395-972.zfmzfyrfkyou3ow0tsr0jxwq1e.bx.internal.cloudapp.net, ports: [REPLICATION=44479, RATIS=35687, RATIS_ADMIN=35687, RATIS_SERVER=35687, STANDALONE=43181], networkLocation: /default-rack, certSerialId: null, persistedOpState: IN_SERVICE, persistedOpStateExpiryEpochSec: 0}, ReplicationConfig: RATIS/THREE, State:OPEN, leaderId:fb2bbb8d-0a43-4468-9762-35835c6ecdd5, CreationTimestamp2022-01-16T14:02:15.500Z[Etc/UTC]] moved to CLOSED state
2022-01-16 14:02:57,945 [EventQueue-StaleNodeForStaleNodeHandler] INFO  ha.SCMHAInvocationHandler (SCMHAInvocationHandler.java:invokeRatis(113)) - Invoking method public abstract void org.apache.hadoop.hdds.scm.container.ContainerStateManager.updateContainerState(org.apache.hadoop.hdds.protocol.proto.HddsProtos$ContainerID,org.apache.hadoop.hdds.protocol.proto.HddsProtos$LifeCycleEvent) throws java.io.IOException,org.apache.hadoop.ozone.common.statemachine.InvalidStateTransitionException on target org.apache.hadoop.hdds.scm.ha.SCMRatisServerImpl@d2127c6, cost 6616.676us
2022-01-16 14:02:57,945 [EventQueue-StaleNodeForStaleNodeHandler] INFO  pipeline.PipelineManagerImpl (PipelineManagerImpl.java:closeContainersForPipeline(344)) - Container #6 closed for pipeline=PipelineID=223f805e-ff61-419b-9cd4-58fdde1ef6f0
2022-01-16 14:02:57,948 [EventQueue-StaleNodeForStaleNodeHandler] INFO  ha.SCMHAInvocationHandler (SCMHAInvocationHandler.java:invokeRatis(113)) - Invoking method public abstract void org.apache.hadoop.hdds.scm.pipeline.PipelineStateManager.updatePipelineState(org.apache.hadoop.hdds.protocol.proto.HddsProtos$PipelineID,org.apache.hadoop.hdds.protocol.proto.HddsProtos$PipelineState) throws java.io.IOException on target org.apache.hadoop.hdds.scm.ha.SCMRatisServerImpl@d2127c6, cost 2257.796us
2022-01-16 14:02:57,948 [EventQueue-StaleNodeForStaleNodeHandler] INFO  pipeline.PipelineManagerImpl (PipelineManagerImpl.java:closePipeline(365)) - Pipeline Pipeline[ Id: 223f805e-ff61-419b-9cd4-58fdde1ef6f0, Nodes: fb2bbb8d-0a43-4468-9762-35835c6ecdd5{ip: 10.1.0.30, host: fv-az395-972.zfmzfyrfkyou3ow0tsr0jxwq1e.bx.internal.cloudapp.net, ports: [REPLICATION=46271, RATIS=42593, RATIS_ADMIN=42593, RATIS_SERVER=42593, STANDALONE=36115], networkLocation: /default-rack, certSerialId: null, persistedOpState: IN_SERVICE, persistedOpStateExpiryEpochSec: 0}, ReplicationConfig: RATIS/ONE, State:OPEN, leaderId:fb2bbb8d-0a43-4468-9762-35835c6ecdd5, CreationTimestamp2022-01-16T14:02:15.048Z[Etc/UTC]] moved to CLOSED state
2022-01-16 14:02:57,949 [EventQueue-StaleNodeForStaleNodeHandler] INFO  ha.SCMHAInvocationHandler (SCMHAInvocationHandler.java:invokeRatis(113)) - Invoking method public abstract void org.apache.hadoop.hdds.scm.container.ContainerStateManager.updateContainerState(org.apache.hadoop.hdds.protocol.proto.HddsProtos$ContainerID,org.apache.hadoop.hdds.protocol.proto.HddsProtos$LifeCycleEvent) throws java.io.IOException,org.apache.hadoop.ozone.common.statemachine.InvalidStateTransitionException on target org.apache.hadoop.hdds.scm.ha.SCMRatisServerImpl@d2127c6, cost 802.169us
2022-01-16 14:02:57,949 [EventQueue-StaleNodeForStaleNodeHandler] INFO  pipeline.PipelineManagerImpl (PipelineManagerImpl.java:closeContainersForPipeline(344)) - Container #2 closed for pipeline=PipelineID=2bb02a01-81a3-48aa-b5fb-a77bbcec0779
2022-01-16 14:02:57,949 [EventQueue-StaleNodeForStaleNodeHandler] INFO  ha.SCMHAInvocationHandler (SCMHAInvocationHandler.java:invokeRatis(113)) - Invoking method public abstract void org.apache.hadoop.hdds.scm.pipeline.PipelineStateManager.updatePipelineState(org.apache.hadoop.hdds.protocol.proto.HddsProtos$PipelineID,org.apache.hadoop.hdds.protocol.proto.HddsProtos$PipelineState) throws java.io.IOException on target org.apache.hadoop.hdds.scm.ha.SCMRatisServerImpl@d2127c6, cost 703.561us
2022-01-16 14:02:57,950 [EventQueue-StaleNodeForStaleNodeHandler] INFO  pipeline.PipelineManagerImpl (PipelineManagerImpl.java:closePipeline(365)) - Pipeline Pipeline[ Id: 2bb02a01-81a3-48aa-b5fb-a77bbcec0779, Nodes: fb2bbb8d-0a43-4468-9762-35835c6ecdd5{ip: 10.1.0.30, host: fv-az395-972.zfmzfyrfkyou3ow0tsr0jxwq1e.bx.internal.cloudapp.net, ports: [REPLICATION=46271, RATIS=42593, RATIS_ADMIN=42593, RATIS_SERVER=42593, STANDALONE=36115], networkLocation: /default-rack, certSerialId: null, persistedOpState: IN_SERVICE, persistedOpStateExpiryEpochSec: 0}6bfb9779-376e-41d0-a4a3-df540c6cb1bb{ip: 10.1.0.30, host: fv-az395-972.zfmzfyrfkyou3ow0tsr0jxwq1e.bx.internal.cloudapp.net, ports: [REPLICATION=44479, RATIS=35687, RATIS_ADMIN=35687, RATIS_SERVER=35687, STANDALONE=43181], networkLocation: /default-rack, certSerialId: null, persistedOpState: IN_SERVICE, persistedOpStateExpiryEpochSec: 0}85ccfe40-d44a-4cce-8ecd-09036b5f4718{ip: 10.1.0.30, host: fv-az395-972.zfmzfyrfkyou3ow0tsr0jxwq1e.bx.internal.cloudapp.net, ports: [REPLICATION=34499, RATIS=34255, RATIS_ADMIN=34255, RATIS_SERVER=34255, STANDALONE=39217], networkLocation: /default-rack, certSerialId: null, persistedOpState: IN_SERVICE, persistedOpStateExpiryEpochSec: 0}, ReplicationConfig: RATIS/THREE, State:OPEN, leaderId:85ccfe40-d44a-4cce-8ecd-09036b5f4718, CreationTimestamp2022-01-16T14:02:15.492Z[Etc/UTC]] moved to CLOSED state
2022-01-16 14:02:57,954 [EventQueue-CloseContainerForCloseContainerEventHandler] INFO  container.CloseContainerEventHandler (CloseContainerEventHandler.java:onMessage(69)) - Close container Event triggered for container : #6
2022-01-16 14:02:57,957 [EventQueue-CloseContainerForCloseContainerEventHandler] INFO  container.CloseContainerEventHandler (CloseContainerEventHandler.java:onMessage(69)) - Close container Event triggered for container : #2
2022-01-16 14:02:58,244 [grpc-default-executor-3] WARN  server.GrpcLogAppender (LogUtils.java:warn(122)) - 85ccfe40-d44a-4cce-8ecd-09036b5f4718@group-A77BBCEC0779->fb2bbb8d-0a43-4468-9762-35835c6ecdd5-AppendLogResponseHandler: Failed appendEntries: org.apache.ratis.thirdparty.io.grpc.StatusRuntimeException: UNAVAILABLE: io exception
2022-01-16 14:02:58,245 [grpc-default-executor-3] INFO  leader.FollowerInfo (FollowerInfoImpl.java:lambda$new$0(47)) - 85ccfe40-d44a-4cce-8ecd-09036b5f4718@group-A77BBCEC0779->fb2bbb8d-0a43-4468-9762-35835c6ecdd5: nextIndex: updateUnconditionally 434 -> 433
2022-01-16 14:02:58,269 [Time-limited test] INFO  statemachine.DatanodeStateMachine (DatanodeStateMachine.java:stopDaemon(529)) - Ozone container server stopped.
2022-01-16 14:02:58,273 [Time-limited test] INFO  handler.ContextHandler (ContextHandler.java:doStop(1153)) - Stopped o.e.j.w.WebAppContext@34f3448a{hddsDatanode,/,null,STOPPED}{jar:file:/home/runner/.m2/repository/org/apache/ozone/hdds-container-service/1.3.0-SNAPSHOT/hdds-container-service-1.3.0-SNAPSHOT.jar!/webapps/hddsDatanode}
2022-01-16 14:02:58,277 [Time-limited test] INFO  server.AbstractConnector (AbstractConnector.java:doStop(381)) - Stopped ServerConnector@5e491535{HTTP/1.1, (http/1.1)}{0.0.0.0:0}
2022-01-16 14:02:58,277 [Time-limited test] INFO  server.session (HouseKeeper.java:stopScavenging(149)) - node0 Stopped scavenging
2022-01-16 14:02:58,278 [Time-limited test] INFO  handler.ContextHandler (ContextHandler.java:doStop(1153)) - Stopped o.e.j.s.ServletContextHandler@629eeeec{static,/static,jar:file:/home/runner/.m2/repository/org/apache/ozone/hdds-container-service/1.3.0-SNAPSHOT/hdds-container-service-1.3.0-SNAPSHOT.jar!/webapps/static,STOPPED}
2022-01-16 14:02:58,279 [Time-limited test] INFO  handler.ContextHandler (ContextHandler.java:doStop(1153)) - Stopped o.e.j.s.ServletContextHandler@6a377a{logs,/logs,file:///home/runner/work/ozone/ozone/hadoop-ozone/integration-test/target/log,STOPPED}
2022-01-16 14:02:58,283 [Time-limited test] WARN  impl.MetricRegistriesImpl (MetricRegistriesImpl.java:addReporterRegistration(111)) - New reporters are added after registries were created. Some metrics will be missing from the reporter. Please add reporter before adding any new registry.
2022-01-16 14:02:58,284 [Time-limited test] WARN  impl.MetricRegistriesImpl (MetricRegistriesImpl.java:addReporterRegistration(111)) - New reporters are added after registries were created. Some metrics will be missing from the reporter. Please add reporter before adding any new registry.
2022-01-16 14:02:58,284 [Time-limited test] INFO  impl.MetricsSystemImpl (MetricsSystemImpl.java:init(158)) - HddsDatanode metrics system started (again)
2022-01-16 14:02:58,339 [Time-limited test] INFO  ozone.HddsDatanodeService (HddsDatanodeService.java:start(234)) - HddsDatanodeService host:fv-az395-972.zfmzfyrfkyou3ow0tsr0jxwq1e.bx.internal.cloudapp.net ip:10.1.0.30
2022-01-16 14:02:58,362 [Time-limited test] INFO  upgrade.AbstractLayoutVersionManager (AbstractLayoutVersionManager.java:init(79)) - Initializing Layout version manager with metadata layout = SCM_HA (version = 2), software layout = SCM_HA (version = 2)
2022-01-16 14:02:58,439 [Time-limited test] INFO  reflections.Reflections (Reflections.java:scan(232)) - Reflections took 74 ms to scan 7 urls, producing 119 keys and 279 values 
2022-01-16 14:02:58,446 [Time-limited test] INFO  statemachine.DatanodeStateMachine (DatanodeStateMachine.java:getEndPointTaskThreadPoolSize(222)) - Datanode State Machine Task Thread Pool size 2
2022-01-16 14:02:58,453 [Time-limited test] INFO  volume.HddsVolume (HddsVolume.java:<init>(120)) - Creating HddsVolume: /home/runner/work/ozone/ozone/hadoop-ozone/integration-test/target/test-dir/MiniOzoneClusterImpl-8dcea29f-4d4f-4b68-9a1a-1d92263011bb/datanode-0/data-0/containers/hdds of storage type : DISK capacity : 9223372036854775807
2022-01-16 14:02:58,455 [Time-limited test] INFO  volume.MutableVolumeSet (MutableVolumeSet.java:initializeVolumeSet(168)) - Added Volume : /home/runner/work/ozone/ozone/hadoop-ozone/integration-test/target/test-dir/MiniOzoneClusterImpl-8dcea29f-4d4f-4b68-9a1a-1d92263011bb/datanode-0/data-0/containers/hdds to VolumeSet
2022-01-16 14:02:58,456 [Time-limited test] INFO  volume.ThrottledAsyncChecker (ThrottledAsyncChecker.java:schedule(141)) - Scheduling a check for /home/runner/work/ozone/ozone/hadoop-ozone/integration-test/target/test-dir/MiniOzoneClusterImpl-8dcea29f-4d4f-4b68-9a1a-1d92263011bb/datanode-0/data-0/containers/hdds
2022-01-16 14:02:58,461 [Time-limited test] INFO  volume.StorageVolumeChecker (StorageVolumeChecker.java:checkAllVolumes(202)) - Scheduled health check for volume /home/runner/work/ozone/ozone/hadoop-ozone/integration-test/target/test-dir/MiniOzoneClusterImpl-8dcea29f-4d4f-4b68-9a1a-1d92263011bb/datanode-0/data-0/containers/hdds
2022-01-16 14:02:58,499 [Time-limited test] INFO  volume.MutableVolumeSet (MutableVolumeSet.java:initializeVolumeSet(168)) - Added Volume : /home/runner/work/ozone/ozone/hadoop-ozone/integration-test/target/test-dir/MiniOzoneClusterImpl-8dcea29f-4d4f-4b68-9a1a-1d92263011bb/datanode-0/data/ratis to VolumeSet
2022-01-16 14:02:58,500 [Time-limited test] INFO  volume.ThrottledAsyncChecker (ThrottledAsyncChecker.java:schedule(141)) - Scheduling a check for /home/runner/work/ozone/ozone/hadoop-ozone/integration-test/target/test-dir/MiniOzoneClusterImpl-8dcea29f-4d4f-4b68-9a1a-1d92263011bb/datanode-0/data/ratis
2022-01-16 14:02:58,501 [Time-limited test] INFO  volume.StorageVolumeChecker (StorageVolumeChecker.java:checkAllVolumes(202)) - Scheduled health check for volume /home/runner/work/ozone/ozone/hadoop-ozone/integration-test/target/test-dir/MiniOzoneClusterImpl-8dcea29f-4d4f-4b68-9a1a-1d92263011bb/datanode-0/data/ratis
2022-01-16 14:02:58,549 [Thread-2856] INFO  ozoneimpl.ContainerReader (ContainerReader.java:readVolume(142)) - Start to verify containers on volume /home/runner/work/ozone/ozone/hadoop-ozone/integration-test/target/test-dir/MiniOzoneClusterImpl-8dcea29f-4d4f-4b68-9a1a-1d92263011bb/datanode-0/data-0/containers/hdds
2022-01-16 14:02:58,649 [Thread-2856] INFO  ozoneimpl.ContainerReader (ContainerReader.java:readVolume(172)) - Finish verifying containers on volume /home/runner/work/ozone/ozone/hadoop-ozone/integration-test/target/test-dir/MiniOzoneClusterImpl-8dcea29f-4d4f-4b68-9a1a-1d92263011bb/datanode-0/data-0/containers/hdds
2022-01-16 14:02:58,650 [Time-limited test] INFO  ozoneimpl.OzoneContainer (OzoneContainer.java:buildContainerSet(237)) - Build ContainerSet costs 0s
2022-01-16 14:02:58,653 [Time-limited test] INFO  server.RaftServer (ConfUtils.java:logGet(44)) - raft.rpc.type = GRPC (default)
2022-01-16 14:02:58,653 [Time-limited test] INFO  grpc.GrpcFactory (GrpcFactory.java:checkPooledByteBufAllocatorUseCacheForAllThreads(48)) - PERFORMANCE WARNING: useCacheForAllThreads is true that may cause Netty to create a lot garbage objects and, as a result, trigger GC.
	It is recommended to disable useCacheForAllThreads by setting -Dorg.apache.ratis.thirdparty.io.netty.allocator.useCacheForAllThreads=false in command line.
2022-01-16 14:02:58,653 [Time-limited test] INFO  grpc.GrpcConfigKeys (ConfUtils.java:logGet(44)) - raft.grpc.admin.port = 42593 (custom)
2022-01-16 14:02:58,653 [Time-limited test] INFO  grpc.GrpcConfigKeys (ConfUtils.java:logGet(44)) - raft.grpc.client.port = 42593 (custom)
2022-01-16 14:02:58,653 [Time-limited test] INFO  grpc.GrpcConfigKeys (ConfUtils.java:logGet(44)) - raft.grpc.server.port = 42593 (custom)
2022-01-16 14:02:58,654 [Time-limited test] INFO  server.GrpcService (ConfUtils.java:logGet(44)) - raft.grpc.message.size.max = 32MB (=33554432) (custom)
2022-01-16 14:02:58,654 [Time-limited test] INFO  server.RaftServerConfigKeys (ConfUtils.java:logGet(44)) - raft.server.log.appender.buffer.byte-limit = 33554432 (custom)
2022-01-16 14:02:58,654 [Time-limited test] INFO  server.GrpcService (ConfUtils.java:logGet(44)) - raft.grpc.flow.control.window = 5MB (=5242880) (custom)
2022-01-16 14:02:58,654 [Time-limited test] INFO  server.RaftServerConfigKeys (ConfUtils.java:logGet(44)) - raft.server.rpc.request.timeout = 60s (custom)
2022-01-16 14:02:58,655 [Time-limited test] INFO  impl.DataStreamServerImpl (ConfUtils.java:logGet(44)) - raft.datastream.type = DISABLED (default)
2022-01-16 14:02:58,655 [Time-limited test] INFO  server.RaftServerConfigKeys (ConfUtils.java:logGet(44)) - raft.server.rpc.slowness.timeout = 300s (custom)
2022-01-16 14:02:58,655 [Time-limited test] INFO  server.RaftServerConfigKeys (ConfUtils.java:logGet(44)) - raft.server.leaderelection.leader.step-down.wait-time = 10s (default)
2022-01-16 14:02:58,655 [Time-limited test] INFO  server.RaftServerConfigKeys (ConfUtils.java:logGet(44)) - raft.server.storage.dir = [/home/runner/work/ozone/ozone/hadoop-ozone/integration-test/target/test-dir/MiniOzoneClusterImpl-8dcea29f-4d4f-4b68-9a1a-1d92263011bb/datanode-0/data/ratis] (custom)
2022-01-16 14:02:58,655 [Time-limited test] INFO  server.RaftServer (RaftServerProxy.java:lambda$null$1(235)) - fb2bbb8d-0a43-4468-9762-35835c6ecdd5: found a subdirectory /home/runner/work/ozone/ozone/hadoop-ozone/integration-test/target/test-dir/MiniOzoneClusterImpl-8dcea29f-4d4f-4b68-9a1a-1d92263011bb/datanode-0/data/ratis/26eb92ff-316e-4aec-bc6c-899f572a00d9
2022-01-16 14:02:58,657 [Time-limited test] INFO  server.RaftServer (RaftServerProxy.java:addNew(95)) - fb2bbb8d-0a43-4468-9762-35835c6ecdd5: addNew group-899F572A00D9:[] returns group-899F572A00D9:java.util.concurrent.CompletableFuture@30492976[Not completed]
2022-01-16 14:02:58,657 [Time-limited test] INFO  server.RaftServer (RaftServerProxy.java:lambda$null$1(235)) - fb2bbb8d-0a43-4468-9762-35835c6ecdd5: found a subdirectory /home/runner/work/ozone/ozone/hadoop-ozone/integration-test/target/test-dir/MiniOzoneClusterImpl-8dcea29f-4d4f-4b68-9a1a-1d92263011bb/datanode-0/data/ratis/2bb02a01-81a3-48aa-b5fb-a77bbcec0779
2022-01-16 14:02:58,657 [Time-limited test] INFO  server.RaftServer (RaftServerProxy.java:addNew(95)) - fb2bbb8d-0a43-4468-9762-35835c6ecdd5: addNew group-A77BBCEC0779:[] returns group-A77BBCEC0779:java.util.concurrent.CompletableFuture@6f3cd73d[Not completed]
2022-01-16 14:02:58,657 [Time-limited test] INFO  server.RaftServer (RaftServerProxy.java:lambda$null$1(235)) - fb2bbb8d-0a43-4468-9762-35835c6ecdd5: found a subdirectory /home/runner/work/ozone/ozone/hadoop-ozone/integration-test/target/test-dir/MiniOzoneClusterImpl-8dcea29f-4d4f-4b68-9a1a-1d92263011bb/datanode-0/data/ratis/223f805e-ff61-419b-9cd4-58fdde1ef6f0
2022-01-16 14:02:58,657 [Time-limited test] INFO  server.RaftServer (RaftServerProxy.java:addNew(95)) - fb2bbb8d-0a43-4468-9762-35835c6ecdd5: addNew group-58FDDE1EF6F0:[] returns group-58FDDE1EF6F0:java.util.concurrent.CompletableFuture@190b05ff[Not completed]
2022-01-16 14:02:58,658 [Time-limited test] INFO  server.XceiverServerGrpc (XceiverServerGrpc.java:<init>(132)) - GrpcServer channel type EpollServerSocketChannel
2022-01-16 14:02:58,662 [pool-421-thread-1] INFO  server.RaftServer$Division (RaftServerImpl.java:<init>(184)) - fb2bbb8d-0a43-4468-9762-35835c6ecdd5: new RaftServerImpl for group-899F572A00D9:[] with ContainerStateMachine:uninitialized
2022-01-16 14:02:58,666 [pool-421-thread-1] INFO  server.RaftServerConfigKeys (ConfUtils.java:logGet(44)) - raft.server.rpc.timeout.min = 5s (custom)
2022-01-16 14:02:58,666 [pool-421-thread-1] INFO  server.RaftServerConfigKeys (ConfUtils.java:logGet(44)) - raft.server.rpc.timeout.max = 5200ms (custom)
2022-01-16 14:02:58,666 [pool-421-thread-1] INFO  server.RaftServerConfigKeys (ConfUtils.java:logGet(44)) - raft.server.rpc.sleep.time = 25ms (default)
2022-01-16 14:02:58,666 [pool-421-thread-1] INFO  server.RaftServerConfigKeys (ConfUtils.java:logGet(44)) - raft.server.rpc.slowness.timeout = 300s (custom)
2022-01-16 14:02:58,666 [pool-421-thread-1] INFO  server.RaftServerConfigKeys (ConfUtils.java:logGet(44)) - raft.server.leaderelection.leader.step-down.wait-time = 10s (default)
2022-01-16 14:02:58,666 [pool-421-thread-1] INFO  server.RaftServerConfigKeys (ConfUtils.java:logGet(44)) - raft.server.sleep.deviation.threshold = 300ms (default)
2022-01-16 14:02:58,666 [Time-limited test] INFO  http.BaseHttpServer (BaseHttpServer.java:newHttpServer2BuilderForOzone(209)) - Starting Web-server for hddsDatanode at: http://0.0.0.0:42767
2022-01-16 14:02:58,667 [Time-limited test] INFO  http.BaseHttpServer (BaseHttpServer.java:<init>(107)) - Hadoop Security Enabled: false Ozone Security Enabled: false Ozone HTTP Security Enabled: false 
2022-01-16 14:02:58,668 [Time-limited test] INFO  server.AuthenticationFilter (AuthenticationFilter.java:constructSecretProvider(240)) - Unable to initialize FileSignerSecretProvider, falling back to use random secrets.
2022-01-16 14:02:58,669 [pool-421-thread-1] INFO  server.RaftServerConfigKeys (ConfUtils.java:logGet(44)) - raft.server.log.appender.install.snapshot.enabled = false (custom)
2022-01-16 14:02:58,669 [pool-421-thread-1] INFO  server.RaftServer$Division (ServerState.java:<init>(105)) - fb2bbb8d-0a43-4468-9762-35835c6ecdd5@group-899F572A00D9: ConfigurationManager, init=-1: [], old=null, confs=<EMPTY_MAP>
2022-01-16 14:02:58,669 [pool-421-thread-1] INFO  server.RaftServerConfigKeys (ConfUtils.java:logGet(44)) - raft.server.storage.dir = [/home/runner/work/ozone/ozone/hadoop-ozone/integration-test/target/test-dir/MiniOzoneClusterImpl-8dcea29f-4d4f-4b68-9a1a-1d92263011bb/datanode-0/data/ratis] (custom)
2022-01-16 14:02:58,670 [pool-421-thread-1] INFO  server.RaftServerConfigKeys (ConfUtils.java:logGet(44)) - raft.server.log.corruption.policy = EXCEPTION (default)
2022-01-16 14:02:58,670 [pool-421-thread-1] INFO  server.RaftServerConfigKeys (ConfUtils.java:logGet(44)) - raft.server.storage.free-space.min = 0MB (=0) (default)
2022-01-16 14:02:58,677 [pool-421-thread-1] INFO  storage.RaftStorageDirectory (RaftStorageDirectoryImpl.java:tryLock(230)) - Lock on /home/runner/work/ozone/ozone/hadoop-ozone/integration-test/target/test-dir/MiniOzoneClusterImpl-8dcea29f-4d4f-4b68-9a1a-1d92263011bb/datanode-0/data/ratis/26eb92ff-316e-4aec-bc6c-899f572a00d9/in_use.lock acquired by nodename 12258@fv-az395-972
2022-01-16 14:02:58,678 [pool-421-thread-1] INFO  storage.RaftStorage (RaftStorageImpl.java:analyzeAndRecoverStorage(110)) - Read RaftStorageMetadata{term=3, votedFor=fb2bbb8d-0a43-4468-9762-35835c6ecdd5} from /home/runner/work/ozone/ozone/hadoop-ozone/integration-test/target/test-dir/MiniOzoneClusterImpl-8dcea29f-4d4f-4b68-9a1a-1d92263011bb/datanode-0/data/ratis/26eb92ff-316e-4aec-bc6c-899f572a00d9/current/raft-meta
2022-01-16 14:02:58,686 [Time-limited test] WARN  http.HttpRequestLog (HttpRequestLog.java:getRequestLog(103)) - Jetty request log can only be enabled using Log4j
2022-01-16 14:02:58,687 [Time-limited test] INFO  http.HttpServer2 (HttpServer2.java:addGlobalFilter(1030)) - Added global filter 'safety' (class=org.apache.hadoop.hdds.server.http.HttpServer2$QuotingInputFilter)
2022-01-16 14:02:58,690 [pool-421-thread-1] INFO  ratis.ContainerStateMachine (ContainerStateMachine.java:loadSnapshot(240)) - group-899F572A00D9: Setting the last applied index to (t:3, i:496)
2022-01-16 14:02:58,690 [Time-limited test] INFO  http.HttpServer2 (HttpServer2.java:addFilter(1006)) - Added filter static_user_filter (class=org.apache.hadoop.http.lib.StaticUserWebFilter$StaticUserFilter) to context hddsDatanode
2022-01-16 14:02:58,690 [Time-limited test] INFO  http.HttpServer2 (HttpServer2.java:addFilter(1014)) - Added filter static_user_filter (class=org.apache.hadoop.http.lib.StaticUserWebFilter$StaticUserFilter) to context logs
2022-01-16 14:02:58,690 [Time-limited test] INFO  http.HttpServer2 (HttpServer2.java:addFilter(1014)) - Added filter static_user_filter (class=org.apache.hadoop.http.lib.StaticUserWebFilter$StaticUserFilter) to context static
2022-01-16 14:02:58,691 [Time-limited test] INFO  http.HttpServer2 (HttpServer2.java:bindListener(1249)) - Jetty bound to port 42767
2022-01-16 14:02:58,691 [Time-limited test] INFO  server.Server (Server.java:doStart(375)) - jetty-9.4.43.v20210629; built: 2021-06-30T11:07:22.254Z; git: 526006ecfa3af7f1a27ef3a288e2bef7ea9dd7e8; jvm 1.8.0_292-b10
2022-01-16 14:02:58,694 [Time-limited test] INFO  server.session (DefaultSessionIdManager.java:doStart(334)) - DefaultSessionIdManager workerName=node0
2022-01-16 14:02:58,695 [Time-limited test] INFO  server.session (DefaultSessionIdManager.java:doStart(339)) - No SessionScavenger set, using defaults
2022-01-16 14:02:58,695 [Time-limited test] INFO  server.session (HouseKeeper.java:startScavenging(132)) - node0 Scavenging every 600000ms
2022-01-16 14:02:58,697 [Time-limited test] INFO  handler.ContextHandler (ContextHandler.java:doStart(915)) - Started o.e.j.s.ServletContextHandler@6a56f8fd{logs,/logs,file:///home/runner/work/ozone/ozone/hadoop-ozone/integration-test/target/log,AVAILABLE}
2022-01-16 14:02:58,697 [Time-limited test] INFO  handler.ContextHandler (ContextHandler.java:doStart(915)) - Started o.e.j.s.ServletContextHandler@30ce9dc3{static,/static,jar:file:/home/runner/.m2/repository/org/apache/ozone/hdds-container-service/1.3.0-SNAPSHOT/hdds-container-service-1.3.0-SNAPSHOT.jar!/webapps/static,AVAILABLE}
2022-01-16 14:02:58,699 [pool-421-thread-1] WARN  impl.ContainerSet (ContainerSet.java:lambda$buildMissingContainerSetAndValidate$2(279)) - Marking container 3 unhealthy as reported BCSID 493 is smaller than ratis snapshot recorded value 494
2022-01-16 14:02:58,701 [pool-421-thread-1] WARN  keyvalue.KeyValueContainer (KeyValueContainer.java:markContainerUnhealthy(303)) - Moving container /home/runner/work/ozone/ozone/hadoop-ozone/integration-test/target/test-dir/MiniOzoneClusterImpl-8dcea29f-4d4f-4b68-9a1a-1d92263011bb/datanode-0/data-0/containers/hdds/8dcea29f-4d4f-4b68-9a1a-1d92263011bb/current/containerDir0/3 to state UNHEALTHY from state:UNHEALTHY Trace:java.lang.Thread.getStackTrace(Thread.java:1559)
org.apache.hadoop.util.StringUtils.getStackTrace(StringUtils.java:1060)
org.apache.hadoop.ozone.container.keyvalue.KeyValueContainer.markContainerUnhealthy(KeyValueContainer.java:305)
org.apache.hadoop.ozone.container.common.impl.ContainerSet.lambda$buildMissingContainerSetAndValidate$2(ContainerSet.java:287)
java.util.stream.ForEachOps$ForEachOp$OfRef.accept(ForEachOps.java:183)
java.util.concurrent.ConcurrentHashMap$EntrySpliterator.forEachRemaining(ConcurrentHashMap.java:3606)
java.util.stream.AbstractPipeline.copyInto(AbstractPipeline.java:482)
java.util.stream.ForEachOps$ForEachTask.compute(ForEachOps.java:290)
java.util.concurrent.CountedCompleter.exec(CountedCompleter.java:731)
java.util.concurrent.ForkJoinTask.doExec(ForkJoinTask.java:289)
java.util.concurrent.ForkJoinTask.doInvoke(ForkJoinTask.java:401)
java.util.concurrent.ForkJoinTask.invoke(ForkJoinTask.java:734)
java.util.stream.ForEachOps$ForEachOp.evaluateParallel(ForEachOps.java:159)
java.util.stream.ForEachOps$ForEachOp$OfRef.evaluateParallel(ForEachOps.java:173)
java.util.stream.AbstractPipeline.evaluate(AbstractPipeline.java:233)
java.util.stream.ReferencePipeline.forEach(ReferencePipeline.java:485)
java.util.stream.ReferencePipeline$Head.forEach(ReferencePipeline.java:650)
org.apache.hadoop.ozone.container.common.impl.ContainerSet.buildMissingContainerSetAndValidate(ContainerSet.java:269)
org.apache.hadoop.ozone.container.common.impl.HddsDispatcher.buildMissingContainerSetAndValidate(HddsDispatcher.java:161)
org.apache.hadoop.ozone.container.common.transport.server.ratis.ContainerStateMachine.buildMissingContainerSet(ContainerStateMachine.java:261)
org.apache.hadoop.ozone.container.common.transport.server.ratis.ContainerStateMachine.loadSnapshot(ContainerStateMachine.java:245)
org.apache.hadoop.ozone.container.common.transport.server.ratis.ContainerStateMachine.initialize(ContainerStateMachine.java:224)
org.apache.ratis.server.impl.ServerState.<init>(ServerState.java:134)
org.apache.ratis.server.impl.RaftServerImpl.<init>(RaftServerImpl.java:197)
org.apache.ratis.server.impl.RaftServerProxy.lambda$newRaftServerImpl$4(RaftServerProxy.java:266)
java.util.concurrent.CompletableFuture$AsyncSupply.run(CompletableFuture.java:1604)
java.util.concurrent.ThreadPoolExecutor.runWorker(ThreadPoolExecutor.java:1149)
java.util.concurrent.ThreadPoolExecutor$Worker.run(ThreadPoolExecutor.java:624)
java.lang.Thread.run(Thread.java:748)

2022-01-16 14:02:58,707 [pool-421-thread-1] INFO  server.RaftServer$Division (ServerState.java:setRaftConf(387)) - fb2bbb8d-0a43-4468-9762-35835c6ecdd5@group-899F572A00D9: set configuration 0: [6bfb9779-376e-41d0-a4a3-df540c6cb1bb|rpc:10.1.0.30:35687|dataStream:|priority:0, 85ccfe40-d44a-4cce-8ecd-09036b5f4718|rpc:10.1.0.30:34255|dataStream:|priority:0, fb2bbb8d-0a43-4468-9762-35835c6ecdd5|rpc:10.1.0.30:42593|dataStream:|priority:1], old=null
2022-01-16 14:02:58,708 [pool-421-thread-1] INFO  server.RaftServerConfigKeys (ConfUtils.java:logGet(44)) - raft.server.notification.no-leader.timeout = 300s (custom)
2022-01-16 14:02:58,708 [pool-421-thread-1] INFO  server.RaftServerConfigKeys (ConfUtils.java:logGet(44)) - raft.server.log.use.memory = false (default)
2022-01-16 14:02:58,708 [pool-421-thread-1] INFO  server.RaftServerConfigKeys (ConfUtils.java:logGet(44)) - raft.server.log.purge.gap = 1000000 (custom)
2022-01-16 14:02:58,708 [pool-421-thread-1] INFO  server.RaftServerConfigKeys (ConfUtils.java:logGet(44)) - raft.server.log.appender.buffer.byte-limit = 33554432 (custom)
2022-01-16 14:02:58,708 [pool-421-thread-1] INFO  server.RaftServerConfigKeys (ConfUtils.java:logGet(44)) - raft.server.log.segment.size.max = 1048576 (custom)
2022-01-16 14:02:58,709 [pool-421-thread-1] INFO  server.RaftServerConfigKeys (ConfUtils.java:logGet(44)) - raft.server.log.segment.cache.num.max = 2 (custom)
2022-01-16 14:02:58,709 [pool-421-thread-1] INFO  server.RaftServerConfigKeys (ConfUtils.java:logGet(44)) - raft.server.log.segment.cache.size.max = 200MB (=209715200) (default)
2022-01-16 14:02:58,709 [pool-421-thread-1] INFO  segmented.SegmentedRaftLogWorker (SegmentedRaftLogWorker.java:<init>(182)) - new fb2bbb8d-0a43-4468-9762-35835c6ecdd5@group-899F572A00D9-SegmentedRaftLogWorker for RaftStorageImpl:Storage Directory /home/runner/work/ozone/ozone/hadoop-ozone/integration-test/target/test-dir/MiniOzoneClusterImpl-8dcea29f-4d4f-4b68-9a1a-1d92263011bb/datanode-0/data/ratis/26eb92ff-316e-4aec-bc6c-899f572a00d9
2022-01-16 14:02:58,709 [pool-421-thread-1] INFO  server.RaftServerConfigKeys (ConfUtils.java:logGet(44)) - raft.server.log.queue.byte-limit = 2147483647 (custom)
2022-01-16 14:02:58,709 [pool-421-thread-1] INFO  server.RaftServerConfigKeys (ConfUtils.java:logGet(44)) - raft.server.log.queue.element-limit = 1024 (custom)
2022-01-16 14:02:58,709 [pool-421-thread-1] INFO  server.RaftServerConfigKeys (ConfUtils.java:logGet(44)) - raft.server.log.segment.size.max = 1048576 (custom)
2022-01-16 14:02:58,709 [pool-421-thread-1] INFO  server.RaftServerConfigKeys (ConfUtils.java:logGet(44)) - raft.server.log.preallocated.size = 16384 (custom)
2022-01-16 14:02:58,709 [pool-421-thread-1] INFO  server.RaftServerConfigKeys (ConfUtils.java:logGet(44)) - raft.server.log.force.sync.num = 128 (default)
2022-01-16 14:02:58,709 [pool-421-thread-1] INFO  server.RaftServerConfigKeys (ConfUtils.java:logGet(44)) - raft.server.log.statemachine.data.sync = true (default)
2022-01-16 14:02:58,709 [pool-421-thread-1] INFO  server.RaftServerConfigKeys (ConfUtils.java:logGet(44)) - raft.server.log.statemachine.data.sync.timeout = 10s (default)
2022-01-16 14:02:58,709 [pool-421-thread-1] INFO  server.RaftServerConfigKeys (ConfUtils.java:logGet(44)) - raft.server.log.statemachine.data.sync.timeout.retry = -1 (default)
2022-01-16 14:02:58,710 [pool-421-thread-1] INFO  server.RaftServerConfigKeys (ConfUtils.java:logGet(44)) - raft.server.log.write.buffer.size = 1048576 (custom)
2022-01-16 14:02:58,711 [pool-421-thread-1] INFO  server.RaftServerConfigKeys (ConfUtils.java:logGet(44)) - raft.server.log.statemachine.data.caching.enabled = true (custom)
2022-01-16 14:02:58,712 [pool-421-thread-1] INFO  server.RaftServer$Division (ServerState.java:setRaftConf(387)) - fb2bbb8d-0a43-4468-9762-35835c6ecdd5@group-899F572A00D9: set configuration 0: [6bfb9779-376e-41d0-a4a3-df540c6cb1bb|rpc:10.1.0.30:35687|dataStream:|priority:0, 85ccfe40-d44a-4cce-8ecd-09036b5f4718|rpc:10.1.0.30:34255|dataStream:|priority:0, fb2bbb8d-0a43-4468-9762-35835c6ecdd5|rpc:10.1.0.30:42593|dataStream:|priority:1], old=null
2022-01-16 14:02:58,726 [pool-421-thread-1] INFO  segmented.LogSegment (LogSegment.java:loadSegment(173)) - Successfully read 497 entries from segment file /home/runner/work/ozone/ozone/hadoop-ozone/integration-test/target/test-dir/MiniOzoneClusterImpl-8dcea29f-4d4f-4b68-9a1a-1d92263011bb/datanode-0/data/ratis/26eb92ff-316e-4aec-bc6c-899f572a00d9/current/log_inprogress_0
2022-01-16 14:02:58,726 [pool-421-thread-1] INFO  segmented.SegmentedRaftLogWorker (SegmentedRaftLogWorker.java:lambda$new$0(133)) - fb2bbb8d-0a43-4468-9762-35835c6ecdd5@group-899F572A00D9-SegmentedRaftLogWorker: flushIndex: setUnconditionally 0 -> 496
2022-01-16 14:02:58,726 [pool-421-thread-1] INFO  segmented.SegmentedRaftLogWorker (SegmentedRaftLogWorker.java:lambda$new$0(133)) - fb2bbb8d-0a43-4468-9762-35835c6ecdd5@group-899F572A00D9-SegmentedRaftLogWorker: safeCacheEvictIndex: setUnconditionally 0 -> -1
2022-01-16 14:02:58,729 [pool-421-thread-1] INFO  raftlog.RaftLog (RaftLogBase.java:lambda$new$0(53)) - fb2bbb8d-0a43-4468-9762-35835c6ecdd5@group-899F572A00D9-SegmentedRaftLog: commitIndex: updateToMax old=496, new=494, updated? false
2022-01-16 14:02:58,729 [pool-421-thread-1] INFO  server.RaftServerConfigKeys (ConfUtils.java:logGet(44)) - raft.server.snapshot.auto.trigger.enabled = true (custom)
2022-01-16 14:02:58,729 [pool-421-thread-1] INFO  server.RaftServerConfigKeys (ConfUtils.java:logGet(44)) - raft.server.snapshot.auto.trigger.threshold = 10000 (custom)
2022-01-16 14:02:58,729 [pool-421-thread-1] INFO  server.RaftServerConfigKeys (ConfUtils.java:logGet(44)) - raft.server.snapshot.retention.file.num = 5 (custom)
2022-01-16 14:02:58,730 [pool-421-thread-1] INFO  server.RaftServerConfigKeys (ConfUtils.java:logGet(44)) - raft.server.log.purge.upto.snapshot.index = false (default)
2022-01-16 14:02:58,730 [pool-421-thread-1] INFO  server.RaftServerConfigKeys (ConfUtils.java:logGet(44)) - raft.server.retrycache.expirytime = 600000ms (custom)
2022-01-16 14:02:58,730 [pool-421-thread-1] INFO  server.RaftServerConfigKeys (ConfUtils.java:logGet(44)) - raft.server.retrycache.statistics.expirytime = 100μs (default)
2022-01-16 14:02:58,731 [pool-421-thread-1] INFO  server.RaftServer$Division (RaftServerImpl.java:<init>(184)) - fb2bbb8d-0a43-4468-9762-35835c6ecdd5: new RaftServerImpl for group-A77BBCEC0779:[] with ContainerStateMachine:uninitialized
2022-01-16 14:02:58,732 [pool-421-thread-1] INFO  server.RaftServerConfigKeys (ConfUtils.java:logGet(44)) - raft.server.rpc.timeout.min = 5s (custom)
2022-01-16 14:02:58,732 [pool-421-thread-1] INFO  server.RaftServerConfigKeys (ConfUtils.java:logGet(44)) - raft.server.rpc.timeout.max = 5200ms (custom)
2022-01-16 14:02:58,732 [pool-421-thread-1] INFO  server.RaftServerConfigKeys (ConfUtils.java:logGet(44)) - raft.server.rpc.sleep.time = 25ms (default)
2022-01-16 14:02:58,732 [pool-421-thread-1] INFO  server.RaftServerConfigKeys (ConfUtils.java:logGet(44)) - raft.server.rpc.slowness.timeout = 300s (custom)
2022-01-16 14:02:58,732 [pool-421-thread-1] INFO  server.RaftServerConfigKeys (ConfUtils.java:logGet(44)) - raft.server.leaderelection.leader.step-down.wait-time = 10s (default)
2022-01-16 14:02:58,732 [pool-421-thread-1] INFO  server.RaftServerConfigKeys (ConfUtils.java:logGet(44)) - raft.server.sleep.deviation.threshold = 300ms (default)
2022-01-16 14:02:58,732 [pool-421-thread-1] INFO  server.RaftServerConfigKeys (ConfUtils.java:logGet(44)) - raft.server.log.appender.install.snapshot.enabled = false (custom)
2022-01-16 14:02:58,732 [pool-421-thread-1] INFO  server.RaftServer$Division (ServerState.java:<init>(105)) - fb2bbb8d-0a43-4468-9762-35835c6ecdd5@group-A77BBCEC0779: ConfigurationManager, init=-1: [], old=null, confs=<EMPTY_MAP>
2022-01-16 14:02:58,732 [pool-421-thread-1] INFO  server.RaftServerConfigKeys (ConfUtils.java:logGet(44)) - raft.server.storage.dir = [/home/runner/work/ozone/ozone/hadoop-ozone/integration-test/target/test-dir/MiniOzoneClusterImpl-8dcea29f-4d4f-4b68-9a1a-1d92263011bb/datanode-0/data/ratis] (custom)
2022-01-16 14:02:58,732 [pool-421-thread-1] INFO  server.RaftServerConfigKeys (ConfUtils.java:logGet(44)) - raft.server.log.corruption.policy = EXCEPTION (default)
2022-01-16 14:02:58,732 [pool-421-thread-1] INFO  server.RaftServerConfigKeys (ConfUtils.java:logGet(44)) - raft.server.storage.free-space.min = 0MB (=0) (default)
2022-01-16 14:02:58,734 [pool-421-thread-1] INFO  storage.RaftStorageDirectory (RaftStorageDirectoryImpl.java:tryLock(230)) - Lock on /home/runner/work/ozone/ozone/hadoop-ozone/integration-test/target/test-dir/MiniOzoneClusterImpl-8dcea29f-4d4f-4b68-9a1a-1d92263011bb/datanode-0/data/ratis/2bb02a01-81a3-48aa-b5fb-a77bbcec0779/in_use.lock acquired by nodename 12258@fv-az395-972
2022-01-16 14:02:58,734 [pool-421-thread-1] INFO  storage.RaftStorage (RaftStorageImpl.java:analyzeAndRecoverStorage(110)) - Read RaftStorageMetadata{term=2, votedFor=85ccfe40-d44a-4cce-8ecd-09036b5f4718} from /home/runner/work/ozone/ozone/hadoop-ozone/integration-test/target/test-dir/MiniOzoneClusterImpl-8dcea29f-4d4f-4b68-9a1a-1d92263011bb/datanode-0/data/ratis/2bb02a01-81a3-48aa-b5fb-a77bbcec0779/current/raft-meta
2022-01-16 14:02:58,734 [pool-421-thread-1] INFO  ratis.ContainerStateMachine (ContainerStateMachine.java:loadSnapshot(240)) - group-A77BBCEC0779: Setting the last applied index to (t:2, i:433)
2022-01-16 14:02:58,735 [pool-421-thread-1] INFO  server.RaftServer$Division (ServerState.java:setRaftConf(387)) - fb2bbb8d-0a43-4468-9762-35835c6ecdd5@group-A77BBCEC0779: set configuration 0: [6bfb9779-376e-41d0-a4a3-df540c6cb1bb|rpc:10.1.0.30:35687|dataStream:|priority:0, fb2bbb8d-0a43-4468-9762-35835c6ecdd5|rpc:10.1.0.30:42593|dataStream:|priority:0, 85ccfe40-d44a-4cce-8ecd-09036b5f4718|rpc:10.1.0.30:34255|dataStream:|priority:1], old=null
2022-01-16 14:02:58,735 [pool-421-thread-1] INFO  server.RaftServerConfigKeys (ConfUtils.java:logGet(44)) - raft.server.notification.no-leader.timeout = 300s (custom)
2022-01-16 14:02:58,735 [pool-421-thread-1] INFO  server.RaftServerConfigKeys (ConfUtils.java:logGet(44)) - raft.server.log.use.memory = false (default)
2022-01-16 14:02:58,735 [pool-421-thread-1] INFO  server.RaftServerConfigKeys (ConfUtils.java:logGet(44)) - raft.server.log.purge.gap = 1000000 (custom)
2022-01-16 14:02:58,735 [pool-421-thread-1] INFO  server.RaftServerConfigKeys (ConfUtils.java:logGet(44)) - raft.server.log.appender.buffer.byte-limit = 33554432 (custom)
2022-01-16 14:02:58,735 [pool-421-thread-1] INFO  server.RaftServerConfigKeys (ConfUtils.java:logGet(44)) - raft.server.log.segment.size.max = 1048576 (custom)
2022-01-16 14:02:58,736 [pool-421-thread-1] INFO  server.RaftServerConfigKeys (ConfUtils.java:logGet(44)) - raft.server.log.segment.cache.num.max = 2 (custom)
2022-01-16 14:02:58,736 [pool-421-thread-1] INFO  server.RaftServerConfigKeys (ConfUtils.java:logGet(44)) - raft.server.log.segment.cache.size.max = 200MB (=209715200) (default)
2022-01-16 14:02:58,736 [pool-421-thread-1] INFO  segmented.SegmentedRaftLogWorker (SegmentedRaftLogWorker.java:<init>(182)) - new fb2bbb8d-0a43-4468-9762-35835c6ecdd5@group-A77BBCEC0779-SegmentedRaftLogWorker for RaftStorageImpl:Storage Directory /home/runner/work/ozone/ozone/hadoop-ozone/integration-test/target/test-dir/MiniOzoneClusterImpl-8dcea29f-4d4f-4b68-9a1a-1d92263011bb/datanode-0/data/ratis/2bb02a01-81a3-48aa-b5fb-a77bbcec0779
2022-01-16 14:02:58,736 [pool-421-thread-1] INFO  server.RaftServerConfigKeys (ConfUtils.java:logGet(44)) - raft.server.log.queue.byte-limit = 2147483647 (custom)
2022-01-16 14:02:58,736 [pool-421-thread-1] INFO  server.RaftServerConfigKeys (ConfUtils.java:logGet(44)) - raft.server.log.queue.element-limit = 1024 (custom)
2022-01-16 14:02:58,736 [pool-421-thread-1] INFO  server.RaftServerConfigKeys (ConfUtils.java:logGet(44)) - raft.server.log.segment.size.max = 1048576 (custom)
2022-01-16 14:02:58,736 [pool-421-thread-1] INFO  server.RaftServerConfigKeys (ConfUtils.java:logGet(44)) - raft.server.log.preallocated.size = 16384 (custom)
2022-01-16 14:02:58,736 [pool-421-thread-1] INFO  server.RaftServerConfigKeys (ConfUtils.java:logGet(44)) - raft.server.log.force.sync.num = 128 (default)
2022-01-16 14:02:58,738 [pool-421-thread-1] INFO  server.RaftServerConfigKeys (ConfUtils.java:logGet(44)) - raft.server.log.statemachine.data.sync = true (default)
2022-01-16 14:02:58,739 [pool-421-thread-1] INFO  server.RaftServerConfigKeys (ConfUtils.java:logGet(44)) - raft.server.log.statemachine.data.sync.timeout = 10s (default)
2022-01-16 14:02:58,740 [pool-421-thread-1] INFO  server.RaftServerConfigKeys (ConfUtils.java:logGet(44)) - raft.server.log.statemachine.data.sync.timeout.retry = -1 (default)
2022-01-16 14:02:58,741 [pool-421-thread-1] INFO  server.RaftServerConfigKeys (ConfUtils.java:logGet(44)) - raft.server.log.write.buffer.size = 1048576 (custom)
2022-01-16 14:02:58,742 [pool-421-thread-1] INFO  server.RaftServerConfigKeys (ConfUtils.java:logGet(44)) - raft.server.log.statemachine.data.caching.enabled = true (custom)
2022-01-16 14:02:58,742 [pool-421-thread-1] INFO  server.RaftServer$Division (ServerState.java:setRaftConf(387)) - fb2bbb8d-0a43-4468-9762-35835c6ecdd5@group-A77BBCEC0779: set configuration 0: [6bfb9779-376e-41d0-a4a3-df540c6cb1bb|rpc:10.1.0.30:35687|dataStream:|priority:0, fb2bbb8d-0a43-4468-9762-35835c6ecdd5|rpc:10.1.0.30:42593|dataStream:|priority:0, 85ccfe40-d44a-4cce-8ecd-09036b5f4718|rpc:10.1.0.30:34255|dataStream:|priority:1], old=null
2022-01-16 14:02:58,752 [pool-421-thread-1] INFO  segmented.LogSegment (LogSegment.java:loadSegment(173)) - Successfully read 434 entries from segment file /home/runner/work/ozone/ozone/hadoop-ozone/integration-test/target/test-dir/MiniOzoneClusterImpl-8dcea29f-4d4f-4b68-9a1a-1d92263011bb/datanode-0/data/ratis/2bb02a01-81a3-48aa-b5fb-a77bbcec0779/current/log_inprogress_0
2022-01-16 14:02:58,753 [pool-421-thread-1] INFO  segmented.SegmentedRaftLogWorker (SegmentedRaftLogWorker.java:lambda$new$0(133)) - fb2bbb8d-0a43-4468-9762-35835c6ecdd5@group-A77BBCEC0779-SegmentedRaftLogWorker: flushIndex: setUnconditionally 0 -> 433
2022-01-16 14:02:58,753 [pool-421-thread-1] INFO  segmented.SegmentedRaftLogWorker (SegmentedRaftLogWorker.java:lambda$new$0(133)) - fb2bbb8d-0a43-4468-9762-35835c6ecdd5@group-A77BBCEC0779-SegmentedRaftLogWorker: safeCacheEvictIndex: setUnconditionally 0 -> -1
2022-01-16 14:02:58,759 [pool-421-thread-1] INFO  raftlog.RaftLog (RaftLogBase.java:lambda$new$0(53)) - fb2bbb8d-0a43-4468-9762-35835c6ecdd5@group-A77BBCEC0779-SegmentedRaftLog: commitIndex: updateToMax old=433, new=431, updated? false
2022-01-16 14:02:58,759 [pool-421-thread-1] INFO  server.RaftServerConfigKeys (ConfUtils.java:logGet(44)) - raft.server.snapshot.auto.trigger.enabled = true (custom)
2022-01-16 14:02:58,759 [pool-421-thread-1] INFO  server.RaftServerConfigKeys (ConfUtils.java:logGet(44)) - raft.server.snapshot.auto.trigger.threshold = 10000 (custom)
2022-01-16 14:02:58,759 [pool-421-thread-1] INFO  server.RaftServerConfigKeys (ConfUtils.java:logGet(44)) - raft.server.snapshot.retention.file.num = 5 (custom)
2022-01-16 14:02:58,759 [pool-421-thread-1] INFO  server.RaftServerConfigKeys (ConfUtils.java:logGet(44)) - raft.server.log.purge.upto.snapshot.index = false (default)
2022-01-16 14:02:58,759 [pool-421-thread-1] INFO  server.RaftServerConfigKeys (ConfUtils.java:logGet(44)) - raft.server.retrycache.expirytime = 600000ms (custom)
2022-01-16 14:02:58,759 [pool-421-thread-1] INFO  server.RaftServerConfigKeys (ConfUtils.java:logGet(44)) - raft.server.retrycache.statistics.expirytime = 100μs (default)
2022-01-16 14:02:58,761 [pool-421-thread-1] INFO  server.RaftServer$Division (RaftServerImpl.java:<init>(184)) - fb2bbb8d-0a43-4468-9762-35835c6ecdd5: new RaftServerImpl for group-58FDDE1EF6F0:[] with ContainerStateMachine:uninitialized
2022-01-16 14:02:58,761 [pool-421-thread-1] INFO  server.RaftServerConfigKeys (ConfUtils.java:logGet(44)) - raft.server.rpc.timeout.min = 5s (custom)
2022-01-16 14:02:58,761 [pool-421-thread-1] INFO  server.RaftServerConfigKeys (ConfUtils.java:logGet(44)) - raft.server.rpc.timeout.max = 5200ms (custom)
2022-01-16 14:02:58,761 [pool-421-thread-1] INFO  server.RaftServerConfigKeys (ConfUtils.java:logGet(44)) - raft.server.rpc.sleep.time = 25ms (default)
2022-01-16 14:02:58,761 [pool-421-thread-1] INFO  server.RaftServerConfigKeys (ConfUtils.java:logGet(44)) - raft.server.rpc.slowness.timeout = 300s (custom)
2022-01-16 14:02:58,761 [pool-421-thread-1] INFO  server.RaftServerConfigKeys (ConfUtils.java:logGet(44)) - raft.server.leaderelection.leader.step-down.wait-time = 10s (default)
2022-01-16 14:02:58,761 [pool-421-thread-1] INFO  server.RaftServerConfigKeys (ConfUtils.java:logGet(44)) - raft.server.sleep.deviation.threshold = 300ms (default)
2022-01-16 14:02:58,761 [pool-421-thread-1] INFO  server.RaftServerConfigKeys (ConfUtils.java:logGet(44)) - raft.server.log.appender.install.snapshot.enabled = false (custom)
2022-01-16 14:02:58,761 [pool-421-thread-1] INFO  server.RaftServer$Division (ServerState.java:<init>(105)) - fb2bbb8d-0a43-4468-9762-35835c6ecdd5@group-58FDDE1EF6F0: ConfigurationManager, init=-1: [], old=null, confs=<EMPTY_MAP>
2022-01-16 14:02:58,761 [pool-421-thread-1] INFO  server.RaftServerConfigKeys (ConfUtils.java:logGet(44)) - raft.server.storage.dir = [/home/runner/work/ozone/ozone/hadoop-ozone/integration-test/target/test-dir/MiniOzoneClusterImpl-8dcea29f-4d4f-4b68-9a1a-1d92263011bb/datanode-0/data/ratis] (custom)
2022-01-16 14:02:58,761 [pool-421-thread-1] INFO  server.RaftServerConfigKeys (ConfUtils.java:logGet(44)) - raft.server.log.corruption.policy = EXCEPTION (default)
2022-01-16 14:02:58,761 [pool-421-thread-1] INFO  server.RaftServerConfigKeys (ConfUtils.java:logGet(44)) - raft.server.storage.free-space.min = 0MB (=0) (default)
2022-01-16 14:02:58,772 [pool-421-thread-1] INFO  storage.RaftStorageDirectory (RaftStorageDirectoryImpl.java:tryLock(230)) - Lock on /home/runner/work/ozone/ozone/hadoop-ozone/integration-test/target/test-dir/MiniOzoneClusterImpl-8dcea29f-4d4f-4b68-9a1a-1d92263011bb/datanode-0/data/ratis/223f805e-ff61-419b-9cd4-58fdde1ef6f0/in_use.lock acquired by nodename 12258@fv-az395-972
2022-01-16 14:02:58,774 [pool-421-thread-1] INFO  storage.RaftStorage (RaftStorageImpl.java:analyzeAndRecoverStorage(110)) - Read RaftStorageMetadata{term=1, votedFor=fb2bbb8d-0a43-4468-9762-35835c6ecdd5} from /home/runner/work/ozone/ozone/hadoop-ozone/integration-test/target/test-dir/MiniOzoneClusterImpl-8dcea29f-4d4f-4b68-9a1a-1d92263011bb/datanode-0/data/ratis/223f805e-ff61-419b-9cd4-58fdde1ef6f0/current/raft-meta
2022-01-16 14:02:58,774 [pool-421-thread-1] INFO  ratis.ContainerStateMachine (ContainerStateMachine.java:loadSnapshot(240)) - group-58FDDE1EF6F0: Setting the last applied index to (t:1, i:15)
2022-01-16 14:02:58,775 [pool-421-thread-1] INFO  server.RaftServer$Division (ServerState.java:setRaftConf(387)) - fb2bbb8d-0a43-4468-9762-35835c6ecdd5@group-58FDDE1EF6F0: set configuration 0: [fb2bbb8d-0a43-4468-9762-35835c6ecdd5|rpc:10.1.0.30:42593|dataStream:|priority:1], old=null
2022-01-16 14:02:58,775 [pool-421-thread-1] INFO  server.RaftServerConfigKeys (ConfUtils.java:logGet(44)) - raft.server.notification.no-leader.timeout = 300s (custom)
2022-01-16 14:02:58,775 [pool-421-thread-1] INFO  server.RaftServerConfigKeys (ConfUtils.java:logGet(44)) - raft.server.log.use.memory = false (default)
2022-01-16 14:02:58,775 [pool-421-thread-1] INFO  server.RaftServerConfigKeys (ConfUtils.java:logGet(44)) - raft.server.log.purge.gap = 1000000 (custom)
2022-01-16 14:02:58,775 [pool-421-thread-1] INFO  server.RaftServerConfigKeys (ConfUtils.java:logGet(44)) - raft.server.log.appender.buffer.byte-limit = 33554432 (custom)
2022-01-16 14:02:58,775 [pool-421-thread-1] INFO  server.RaftServerConfigKeys (ConfUtils.java:logGet(44)) - raft.server.log.segment.size.max = 1048576 (custom)
2022-01-16 14:02:58,775 [pool-421-thread-1] INFO  server.RaftServerConfigKeys (ConfUtils.java:logGet(44)) - raft.server.log.segment.cache.num.max = 2 (custom)
2022-01-16 14:02:58,775 [pool-421-thread-1] INFO  server.RaftServerConfigKeys (ConfUtils.java:logGet(44)) - raft.server.log.segment.cache.size.max = 200MB (=209715200) (default)
2022-01-16 14:02:58,776 [pool-421-thread-1] INFO  segmented.SegmentedRaftLogWorker (SegmentedRaftLogWorker.java:<init>(182)) - new fb2bbb8d-0a43-4468-9762-35835c6ecdd5@group-58FDDE1EF6F0-SegmentedRaftLogWorker for RaftStorageImpl:Storage Directory /home/runner/work/ozone/ozone/hadoop-ozone/integration-test/target/test-dir/MiniOzoneClusterImpl-8dcea29f-4d4f-4b68-9a1a-1d92263011bb/datanode-0/data/ratis/223f805e-ff61-419b-9cd4-58fdde1ef6f0
2022-01-16 14:02:58,776 [pool-421-thread-1] INFO  server.RaftServerConfigKeys (ConfUtils.java:logGet(44)) - raft.server.log.queue.byte-limit = 2147483647 (custom)
2022-01-16 14:02:58,776 [pool-421-thread-1] INFO  server.RaftServerConfigKeys (ConfUtils.java:logGet(44)) - raft.server.log.queue.element-limit = 1024 (custom)
2022-01-16 14:02:58,776 [pool-421-thread-1] INFO  server.RaftServerConfigKeys (ConfUtils.java:logGet(44)) - raft.server.log.segment.size.max = 1048576 (custom)
2022-01-16 14:02:58,776 [pool-421-thread-1] INFO  server.RaftServerConfigKeys (ConfUtils.java:logGet(44)) - raft.server.log.preallocated.size = 16384 (custom)
2022-01-16 14:02:58,776 [pool-421-thread-1] INFO  server.RaftServerConfigKeys (ConfUtils.java:logGet(44)) - raft.server.log.force.sync.num = 128 (default)
2022-01-16 14:02:58,776 [pool-421-thread-1] INFO  server.RaftServerConfigKeys (ConfUtils.java:logGet(44)) - raft.server.log.statemachine.data.sync = true (default)
2022-01-16 14:02:58,776 [pool-421-thread-1] INFO  server.RaftServerConfigKeys (ConfUtils.java:logGet(44)) - raft.server.log.statemachine.data.sync.timeout = 10s (default)
2022-01-16 14:02:58,776 [pool-421-thread-1] INFO  server.RaftServerConfigKeys (ConfUtils.java:logGet(44)) - raft.server.log.statemachine.data.sync.timeout.retry = -1 (default)
2022-01-16 14:02:58,776 [pool-421-thread-1] INFO  server.RaftServerConfigKeys (ConfUtils.java:logGet(44)) - raft.server.log.write.buffer.size = 1048576 (custom)
2022-01-16 14:02:58,777 [pool-421-thread-1] INFO  server.RaftServerConfigKeys (ConfUtils.java:logGet(44)) - raft.server.log.statemachine.data.caching.enabled = true (custom)
2022-01-16 14:02:58,778 [pool-421-thread-1] INFO  server.RaftServer$Division (ServerState.java:setRaftConf(387)) - fb2bbb8d-0a43-4468-9762-35835c6ecdd5@group-58FDDE1EF6F0: set configuration 0: [fb2bbb8d-0a43-4468-9762-35835c6ecdd5|rpc:10.1.0.30:42593|dataStream:|priority:1], old=null
2022-01-16 14:02:58,778 [pool-421-thread-1] INFO  segmented.LogSegment (LogSegment.java:loadSegment(173)) - Successfully read 16 entries from segment file /home/runner/work/ozone/ozone/hadoop-ozone/integration-test/target/test-dir/MiniOzoneClusterImpl-8dcea29f-4d4f-4b68-9a1a-1d92263011bb/datanode-0/data/ratis/223f805e-ff61-419b-9cd4-58fdde1ef6f0/current/log_inprogress_0
2022-01-16 14:02:58,778 [pool-421-thread-1] INFO  segmented.SegmentedRaftLogWorker (SegmentedRaftLogWorker.java:lambda$new$0(133)) - fb2bbb8d-0a43-4468-9762-35835c6ecdd5@group-58FDDE1EF6F0-SegmentedRaftLogWorker: flushIndex: setUnconditionally 0 -> 15
2022-01-16 14:02:58,778 [pool-421-thread-1] INFO  segmented.SegmentedRaftLogWorker (SegmentedRaftLogWorker.java:lambda$new$0(133)) - fb2bbb8d-0a43-4468-9762-35835c6ecdd5@group-58FDDE1EF6F0-SegmentedRaftLogWorker: safeCacheEvictIndex: setUnconditionally 0 -> -1
2022-01-16 14:02:58,785 [pool-421-thread-1] INFO  raftlog.RaftLog (RaftLogBase.java:lambda$new$0(53)) - fb2bbb8d-0a43-4468-9762-35835c6ecdd5@group-58FDDE1EF6F0-SegmentedRaftLog: commitIndex: updateToMax old=15, new=13, updated? false
2022-01-16 14:02:58,786 [pool-421-thread-1] INFO  server.RaftServerConfigKeys (ConfUtils.java:logGet(44)) - raft.server.snapshot.auto.trigger.enabled = true (custom)
2022-01-16 14:02:58,786 [pool-421-thread-1] INFO  server.RaftServerConfigKeys (ConfUtils.java:logGet(44)) - raft.server.snapshot.auto.trigger.threshold = 10000 (custom)
2022-01-16 14:02:58,789 [pool-421-thread-1] INFO  server.RaftServerConfigKeys (ConfUtils.java:logGet(44)) - raft.server.snapshot.retention.file.num = 5 (custom)
2022-01-16 14:02:58,789 [pool-421-thread-1] INFO  server.RaftServerConfigKeys (ConfUtils.java:logGet(44)) - raft.server.log.purge.upto.snapshot.index = false (default)
2022-01-16 14:02:58,789 [pool-421-thread-1] INFO  server.RaftServerConfigKeys (ConfUtils.java:logGet(44)) - raft.server.retrycache.expirytime = 600000ms (custom)
2022-01-16 14:02:58,789 [pool-421-thread-1] INFO  server.RaftServerConfigKeys (ConfUtils.java:logGet(44)) - raft.server.retrycache.statistics.expirytime = 100μs (default)
2022-01-16 14:02:58,827 [Time-limited test] INFO  handler.ContextHandler (ContextHandler.java:doStart(915)) - Started o.e.j.w.WebAppContext@60ba5eee{hddsDatanode,/,file:///tmp/jetty-0_0_0_0-42767-hdds-container-service-1_3_0-SNAPSHOT_jar-_-any-5452410498215092118/webapp/,AVAILABLE}{jar:file:/home/runner/.m2/repository/org/apache/ozone/hdds-container-service/1.3.0-SNAPSHOT/hdds-container-service-1.3.0-SNAPSHOT.jar!/webapps/hddsDatanode}
2022-01-16 14:02:58,840 [Time-limited test] INFO  server.AbstractConnector (AbstractConnector.java:doStart(331)) - Started ServerConnector@20bce5cf{HTTP/1.1, (http/1.1)}{0.0.0.0:42767}
2022-01-16 14:02:58,840 [Time-limited test] INFO  server.Server (Server.java:doStart(415)) - Started @65332ms
2022-01-16 14:02:58,840 [Time-limited test] WARN  impl.MetricsSystemImpl (MetricsSystemImpl.java:register(279)) - Sink prometheus already exists!
2022-01-16 14:02:58,841 [Time-limited test] INFO  http.BaseHttpServer (BaseHttpServer.java:updateConnectorAddress(329)) - HTTP server of hddsDatanode listening at http://0.0.0.0:42767
2022-01-16 14:02:58,847 [Datanode State Machine Daemon Thread] INFO  statemachine.DatanodeStateMachine (DatanodeStateMachine.java:lambda$startDaemon$0(470)) - Ozone container server started.
2022-01-16 14:02:58,857 [org.apache.hadoop.util.JvmPauseMonitor$Monitor@3315a47b] INFO  util.JvmPauseMonitor (JvmPauseMonitor.java:run(188)) - Starting JVM pause monitor
2022-01-16 14:02:59,542 [6bfb9779-376e-41d0-a4a3-df540c6cb1bb@group-899F572A00D9-FollowerState] INFO  impl.FollowerState (FollowerState.java:run(134)) - 6bfb9779-376e-41d0-a4a3-df540c6cb1bb@group-899F572A00D9-FollowerState: change to CANDIDATE, lastRpcElapsedTime:6390690248ns, electionTimeout:5160ms
2022-01-16 14:02:59,542 [6bfb9779-376e-41d0-a4a3-df540c6cb1bb@group-899F572A00D9-FollowerState] INFO  impl.RoleInfo (RoleInfo.java:shutdownFollowerState(108)) - 6bfb9779-376e-41d0-a4a3-df540c6cb1bb: shutdown 6bfb9779-376e-41d0-a4a3-df540c6cb1bb@group-899F572A00D9-FollowerState
2022-01-16 14:02:59,542 [6bfb9779-376e-41d0-a4a3-df540c6cb1bb@group-899F572A00D9-FollowerState] INFO  server.RaftServer$Division (RaftServerImpl.java:setRole(290)) - 6bfb9779-376e-41d0-a4a3-df540c6cb1bb@group-899F572A00D9: changes role from  FOLLOWER to CANDIDATE at term 3 for changeToCandidate
2022-01-16 14:02:59,543 [6bfb9779-376e-41d0-a4a3-df540c6cb1bb@group-899F572A00D9-FollowerState] INFO  server.RaftServerConfigKeys (ConfUtils.java:logGet(44)) - raft.server.leaderelection.pre-vote = false (custom)
2022-01-16 14:02:59,543 [6bfb9779-376e-41d0-a4a3-df540c6cb1bb@group-899F572A00D9-FollowerState] INFO  impl.RoleInfo (RoleInfo.java:updateAndGet(130)) - 6bfb9779-376e-41d0-a4a3-df540c6cb1bb: start 6bfb9779-376e-41d0-a4a3-df540c6cb1bb@group-899F572A00D9-LeaderElection15
2022-01-16 14:02:59,543 [6bfb9779-376e-41d0-a4a3-df540c6cb1bb@group-899F572A00D9-LeaderElection15] INFO  server.RaftServer$Division (ServerState.java:setLeader(285)) - 6bfb9779-376e-41d0-a4a3-df540c6cb1bb@group-899F572A00D9: change Leader from fb2bbb8d-0a43-4468-9762-35835c6ecdd5 to null at term 3 for ELECTION
2022-01-16 14:02:59,545 [6bfb9779-376e-41d0-a4a3-df540c6cb1bb@group-899F572A00D9-LeaderElection15] INFO  impl.LeaderElection (LeaderElection.java:askForVotes(306)) - 6bfb9779-376e-41d0-a4a3-df540c6cb1bb@group-899F572A00D9-LeaderElection15 ELECTION round 0: submit vote requests at term 4 for 0: [6bfb9779-376e-41d0-a4a3-df540c6cb1bb|rpc:10.1.0.30:35687|dataStream:|priority:0, 85ccfe40-d44a-4cce-8ecd-09036b5f4718|rpc:10.1.0.30:34255|dataStream:|priority:0, fb2bbb8d-0a43-4468-9762-35835c6ecdd5|rpc:10.1.0.30:42593|dataStream:|priority:1], old=null
2022-01-16 14:02:59,549 [grpc-default-executor-3] INFO  server.RaftServer$Division (RaftServerImpl.java:requestVote(1046)) - 85ccfe40-d44a-4cce-8ecd-09036b5f4718@group-899F572A00D9: receive requestVote(ELECTION, 6bfb9779-376e-41d0-a4a3-df540c6cb1bb, group-899F572A00D9, 4, (t:3, i:496))
2022-01-16 14:02:59,549 [grpc-default-executor-3] INFO  impl.VoteContext (VoteContext.java:log(48)) - 85ccfe40-d44a-4cce-8ecd-09036b5f4718@group-899F572A00D9-FOLLOWER: accept ELECTION from 6bfb9779-376e-41d0-a4a3-df540c6cb1bb: our priority 0 <= candidate's priority 0
2022-01-16 14:02:59,549 [grpc-default-executor-3] INFO  server.RaftServer$Division (ServerState.java:setLeader(285)) - 85ccfe40-d44a-4cce-8ecd-09036b5f4718@group-899F572A00D9: change Leader from fb2bbb8d-0a43-4468-9762-35835c6ecdd5 to null at term 4 for updateCurrentTerm
2022-01-16 14:02:59,550 [grpc-default-executor-3] INFO  server.RaftServer$Division (RaftServerImpl.java:setRole(290)) - 85ccfe40-d44a-4cce-8ecd-09036b5f4718@group-899F572A00D9: changes role from  FOLLOWER to FOLLOWER at term 4 for candidate:6bfb9779-376e-41d0-a4a3-df540c6cb1bb
2022-01-16 14:02:59,550 [grpc-default-executor-3] INFO  impl.RoleInfo (RoleInfo.java:shutdownFollowerState(108)) - 85ccfe40-d44a-4cce-8ecd-09036b5f4718: shutdown 85ccfe40-d44a-4cce-8ecd-09036b5f4718@group-899F572A00D9-FollowerState
2022-01-16 14:02:59,558 [grpc-default-executor-3] INFO  impl.RoleInfo (RoleInfo.java:updateAndGet(130)) - 85ccfe40-d44a-4cce-8ecd-09036b5f4718: start 85ccfe40-d44a-4cce-8ecd-09036b5f4718@group-899F572A00D9-FollowerState
2022-01-16 14:02:59,558 [85ccfe40-d44a-4cce-8ecd-09036b5f4718@group-899F572A00D9-FollowerState] INFO  impl.FollowerState (FollowerState.java:run(143)) - 85ccfe40-d44a-4cce-8ecd-09036b5f4718@group-899F572A00D9-FollowerState was interrupted: {}
java.lang.InterruptedException: sleep interrupted
	at java.lang.Thread.sleep(Native Method)
	at java.lang.Thread.sleep(Thread.java:340)
	at java.util.concurrent.TimeUnit.sleep(TimeUnit.java:386)
	at org.apache.ratis.util.TimeDuration.sleep(TimeDuration.java:324)
	at org.apache.ratis.util.TimeDuration.sleep(TimeDuration.java:309)
	at org.apache.ratis.server.impl.FollowerState.run(FollowerState.java:118)
2022-01-16 14:02:59,570 [grpc-default-executor-3] INFO  server.RaftServer$Division (RaftServerImpl.java:requestVote(1078)) - 85ccfe40-d44a-4cce-8ecd-09036b5f4718@group-899F572A00D9 replies to ELECTION vote request: 6bfb9779-376e-41d0-a4a3-df540c6cb1bb<-85ccfe40-d44a-4cce-8ecd-09036b5f4718#0:OK-t4. Peer's state: 85ccfe40-d44a-4cce-8ecd-09036b5f4718@group-899F572A00D9:t4, leader=null, voted=6bfb9779-376e-41d0-a4a3-df540c6cb1bb, raftlog=85ccfe40-d44a-4cce-8ecd-09036b5f4718@group-899F572A00D9-SegmentedRaftLog:OPENED:c496, conf=0: [6bfb9779-376e-41d0-a4a3-df540c6cb1bb|rpc:10.1.0.30:35687|dataStream:|priority:0, 85ccfe40-d44a-4cce-8ecd-09036b5f4718|rpc:10.1.0.30:34255|dataStream:|priority:0, fb2bbb8d-0a43-4468-9762-35835c6ecdd5|rpc:10.1.0.30:42593|dataStream:|priority:1], old=null
2022-01-16 14:02:59,572 [6bfb9779-376e-41d0-a4a3-df540c6cb1bb@group-899F572A00D9-LeaderElection15] INFO  impl.LeaderElection (LogUtils.java:infoOrTrace(137)) - 6bfb9779-376e-41d0-a4a3-df540c6cb1bb@group-899F572A00D9-LeaderElection15 got exception when requesting votes: java.util.concurrent.ExecutionException: org.apache.ratis.thirdparty.io.grpc.StatusRuntimeException: UNAVAILABLE: io exception
2022-01-16 14:02:59,572 [6bfb9779-376e-41d0-a4a3-df540c6cb1bb@group-899F572A00D9-LeaderElection15] INFO  impl.LeaderElection (LeaderElection.java:logAndReturn(89)) - 6bfb9779-376e-41d0-a4a3-df540c6cb1bb@group-899F572A00D9-LeaderElection15: ELECTION PASSED received 1 response(s) and 1 exception(s):
2022-01-16 14:02:59,572 [6bfb9779-376e-41d0-a4a3-df540c6cb1bb@group-899F572A00D9-LeaderElection15] INFO  impl.LeaderElection (LeaderElection.java:logAndReturn(93)) -   Response 0: 6bfb9779-376e-41d0-a4a3-df540c6cb1bb<-85ccfe40-d44a-4cce-8ecd-09036b5f4718#0:OK-t4
2022-01-16 14:02:59,573 [6bfb9779-376e-41d0-a4a3-df540c6cb1bb@group-899F572A00D9-LeaderElection15] INFO  impl.LeaderElection (LogUtils.java:infoOrTrace(137)) -   Exception 1: java.util.concurrent.ExecutionException: org.apache.ratis.thirdparty.io.grpc.StatusRuntimeException: UNAVAILABLE: io exception
2022-01-16 14:02:59,573 [6bfb9779-376e-41d0-a4a3-df540c6cb1bb@group-899F572A00D9-LeaderElection15] INFO  impl.LeaderElection (LeaderElection.java:askForVotes(308)) - 6bfb9779-376e-41d0-a4a3-df540c6cb1bb@group-899F572A00D9-LeaderElection15 ELECTION round 0: result PASSED
2022-01-16 14:02:59,573 [6bfb9779-376e-41d0-a4a3-df540c6cb1bb@group-899F572A00D9-LeaderElection15] INFO  impl.RoleInfo (RoleInfo.java:shutdownLeaderElection(121)) - 6bfb9779-376e-41d0-a4a3-df540c6cb1bb: shutdown 6bfb9779-376e-41d0-a4a3-df540c6cb1bb@group-899F572A00D9-LeaderElection15
2022-01-16 14:02:59,573 [6bfb9779-376e-41d0-a4a3-df540c6cb1bb@group-899F572A00D9-LeaderElection15] INFO  server.RaftServer$Division (RaftServerImpl.java:setRole(290)) - 6bfb9779-376e-41d0-a4a3-df540c6cb1bb@group-899F572A00D9: changes role from CANDIDATE to LEADER at term 4 for changeToLeader
2022-01-16 14:02:59,573 [6bfb9779-376e-41d0-a4a3-df540c6cb1bb@group-899F572A00D9-LeaderElection15] INFO  ratis.XceiverServerRatis (XceiverServerRatis.java:handleLeaderChangedNotification(866)) - Leader change notification received for group: group-899F572A00D9 with new leaderId: 6bfb9779-376e-41d0-a4a3-df540c6cb1bb
2022-01-16 14:02:59,573 [6bfb9779-376e-41d0-a4a3-df540c6cb1bb@group-899F572A00D9-LeaderElection15] INFO  server.RaftServer$Division (ServerState.java:setLeader(285)) - 6bfb9779-376e-41d0-a4a3-df540c6cb1bb@group-899F572A00D9: change Leader from null to 6bfb9779-376e-41d0-a4a3-df540c6cb1bb at term 4 for becomeLeader, leader elected after 29ms
2022-01-16 14:02:59,573 [6bfb9779-376e-41d0-a4a3-df540c6cb1bb@group-899F572A00D9-LeaderElection15] INFO  server.RaftServerConfigKeys (ConfUtils.java:logGet(44)) - raft.server.staging.catchup.gap = 1000 (default)
2022-01-16 14:02:59,573 [6bfb9779-376e-41d0-a4a3-df540c6cb1bb@group-899F572A00D9-LeaderElection15] INFO  server.RaftServerConfigKeys (ConfUtils.java:logGet(44)) - raft.server.write.element-limit = 1024 (custom)
2022-01-16 14:02:59,573 [6bfb9779-376e-41d0-a4a3-df540c6cb1bb@group-899F572A00D9-LeaderElection15] INFO  server.RaftServerConfigKeys (ConfUtils.java:logGet(44)) - raft.server.write.byte-limit = 1024 M (=1073741824) (custom)
2022-01-16 14:02:59,574 [6bfb9779-376e-41d0-a4a3-df540c6cb1bb@group-899F572A00D9-LeaderElection15] INFO  server.RaftServerConfigKeys (ConfUtils.java:logGet(44)) - raft.server.watch.timeout = 180s (custom)
2022-01-16 14:02:59,574 [6bfb9779-376e-41d0-a4a3-df540c6cb1bb@group-899F572A00D9-LeaderElection15] INFO  server.RaftServerConfigKeys (ConfUtils.java:logGet(44)) - raft.server.watch.timeout.denomination = 1s (default)
2022-01-16 14:02:59,574 [6bfb9779-376e-41d0-a4a3-df540c6cb1bb@group-899F572A00D9-LeaderElection15] INFO  server.RaftServerConfigKeys (ConfUtils.java:logGet(44)) - raft.server.watch.element-limit = 65536 (default)
2022-01-16 14:02:59,574 [6bfb9779-376e-41d0-a4a3-df540c6cb1bb@group-899F572A00D9-LeaderElection15] INFO  server.RaftServerConfigKeys (ConfUtils.java:logGet(44)) - raft.server.write.element-limit = 1024 (custom)
2022-01-16 14:02:59,574 [6bfb9779-376e-41d0-a4a3-df540c6cb1bb@group-899F572A00D9-LeaderElection15] INFO  server.RaftServerConfigKeys (ConfUtils.java:logGet(44)) - raft.server.write.follower.gap.ratio.max = -1.0 (default)
2022-01-16 14:02:59,574 [6bfb9779-376e-41d0-a4a3-df540c6cb1bb@group-899F572A00D9-LeaderElection15] INFO  server.RaftServerConfigKeys (ConfUtils.java:logGet(44)) - raft.server.log.appender.snapshot.chunk.size.max = 16MB (=16777216) (default)
2022-01-16 14:02:59,574 [6bfb9779-376e-41d0-a4a3-df540c6cb1bb@group-899F572A00D9-LeaderElection15] INFO  server.RaftServerConfigKeys (ConfUtils.java:logGet(44)) - raft.server.log.appender.buffer.byte-limit = 33554432 (custom)
2022-01-16 14:02:59,574 [6bfb9779-376e-41d0-a4a3-df540c6cb1bb@group-899F572A00D9-LeaderElection15] INFO  server.RaftServerConfigKeys (ConfUtils.java:logGet(44)) - raft.server.log.appender.buffer.element-limit = 1 (custom)
2022-01-16 14:02:59,574 [6bfb9779-376e-41d0-a4a3-df540c6cb1bb@group-899F572A00D9-LeaderElection15] INFO  grpc.GrpcConfigKeys (ConfUtils.java:logGet(44)) - raft.grpc.server.leader.outstanding.appends.max = 128 (default)
2022-01-16 14:02:59,574 [6bfb9779-376e-41d0-a4a3-df540c6cb1bb@group-899F572A00D9-LeaderElection15] INFO  server.RaftServerConfigKeys (ConfUtils.java:logGet(44)) - raft.server.rpc.request.timeout = 60s (custom)
2022-01-16 14:02:59,574 [6bfb9779-376e-41d0-a4a3-df540c6cb1bb@group-899F572A00D9-LeaderElection15] INFO  server.RaftServerConfigKeys (ConfUtils.java:logGet(44)) - raft.server.log.appender.install.snapshot.enabled = false (custom)
2022-01-16 14:02:59,575 [6bfb9779-376e-41d0-a4a3-df540c6cb1bb@group-899F572A00D9-LeaderElection15] INFO  server.RaftServerConfigKeys (ConfUtils.java:logGet(44)) - raft.server.log.appender.snapshot.chunk.size.max = 16MB (=16777216) (default)
2022-01-16 14:02:59,575 [6bfb9779-376e-41d0-a4a3-df540c6cb1bb@group-899F572A00D9-LeaderElection15] INFO  server.RaftServerConfigKeys (ConfUtils.java:logGet(44)) - raft.server.log.appender.buffer.byte-limit = 33554432 (custom)
2022-01-16 14:02:59,575 [6bfb9779-376e-41d0-a4a3-df540c6cb1bb@group-899F572A00D9-LeaderElection15] INFO  server.RaftServerConfigKeys (ConfUtils.java:logGet(44)) - raft.server.log.appender.buffer.element-limit = 1 (custom)
2022-01-16 14:02:59,575 [6bfb9779-376e-41d0-a4a3-df540c6cb1bb@group-899F572A00D9-LeaderElection15] INFO  grpc.GrpcConfigKeys (ConfUtils.java:logGet(44)) - raft.grpc.server.leader.outstanding.appends.max = 128 (default)
2022-01-16 14:02:59,575 [6bfb9779-376e-41d0-a4a3-df540c6cb1bb@group-899F572A00D9-LeaderElection15] INFO  server.RaftServerConfigKeys (ConfUtils.java:logGet(44)) - raft.server.rpc.request.timeout = 60s (custom)
2022-01-16 14:02:59,575 [6bfb9779-376e-41d0-a4a3-df540c6cb1bb@group-899F572A00D9-LeaderElection15] INFO  server.RaftServerConfigKeys (ConfUtils.java:logGet(44)) - raft.server.log.appender.install.snapshot.enabled = false (custom)
2022-01-16 14:02:59,576 [6bfb9779-376e-41d0-a4a3-df540c6cb1bb@group-899F572A00D9-LeaderElection15] INFO  impl.RoleInfo (RoleInfo.java:updateAndGet(130)) - 6bfb9779-376e-41d0-a4a3-df540c6cb1bb: start 6bfb9779-376e-41d0-a4a3-df540c6cb1bb@group-899F572A00D9-LeaderStateImpl
2022-01-16 14:02:59,576 [6bfb9779-376e-41d0-a4a3-df540c6cb1bb@group-899F572A00D9-LeaderElection15] INFO  segmented.SegmentedRaftLogWorker (SegmentedRaftLogWorker.java:rollLogSegment(399)) - 6bfb9779-376e-41d0-a4a3-df540c6cb1bb@group-899F572A00D9-SegmentedRaftLogWorker: Rolling segment log-0_496 to index:496
2022-01-16 14:02:59,580 [6bfb9779-376e-41d0-a4a3-df540c6cb1bb@group-899F572A00D9-SegmentedRaftLogWorker] INFO  segmented.SegmentedRaftLogWorker (SegmentedRaftLogWorker.java:execute(558)) - 6bfb9779-376e-41d0-a4a3-df540c6cb1bb@group-899F572A00D9-SegmentedRaftLogWorker: Rolled log segment from /home/runner/work/ozone/ozone/hadoop-ozone/integration-test/target/test-dir/MiniOzoneClusterImpl-8dcea29f-4d4f-4b68-9a1a-1d92263011bb/datanode-1/data/ratis/26eb92ff-316e-4aec-bc6c-899f572a00d9/current/log_inprogress_0 to /home/runner/work/ozone/ozone/hadoop-ozone/integration-test/target/test-dir/MiniOzoneClusterImpl-8dcea29f-4d4f-4b68-9a1a-1d92263011bb/datanode-1/data/ratis/26eb92ff-316e-4aec-bc6c-899f572a00d9/current/log_0-496
2022-01-16 14:02:59,582 [6bfb9779-376e-41d0-a4a3-df540c6cb1bb@group-899F572A00D9-SegmentedRaftLogWorker] INFO  segmented.SegmentedRaftLogWorker (SegmentedRaftLogWorker.java:execute(601)) - 6bfb9779-376e-41d0-a4a3-df540c6cb1bb@group-899F572A00D9-SegmentedRaftLogWorker: created new log segment /home/runner/work/ozone/ozone/hadoop-ozone/integration-test/target/test-dir/MiniOzoneClusterImpl-8dcea29f-4d4f-4b68-9a1a-1d92263011bb/datanode-1/data/ratis/26eb92ff-316e-4aec-bc6c-899f572a00d9/current/log_inprogress_497
2022-01-16 14:02:59,602 [6bfb9779-376e-41d0-a4a3-df540c6cb1bb@group-899F572A00D9-LeaderElection15] INFO  server.RaftServer$Division (ServerState.java:setRaftConf(387)) - 6bfb9779-376e-41d0-a4a3-df540c6cb1bb@group-899F572A00D9: set configuration 497: [6bfb9779-376e-41d0-a4a3-df540c6cb1bb|rpc:10.1.0.30:35687|dataStream:|priority:0, 85ccfe40-d44a-4cce-8ecd-09036b5f4718|rpc:10.1.0.30:34255|dataStream:|priority:0, fb2bbb8d-0a43-4468-9762-35835c6ecdd5|rpc:10.1.0.30:42593|dataStream:|priority:1], old=null
2022-01-16 14:02:59,604 [grpc-default-executor-3] WARN  server.GrpcLogAppender (LogUtils.java:warn(122)) - 6bfb9779-376e-41d0-a4a3-df540c6cb1bb@group-899F572A00D9->fb2bbb8d-0a43-4468-9762-35835c6ecdd5-AppendLogResponseHandler: Failed appendEntries: org.apache.ratis.thirdparty.io.grpc.StatusRuntimeException: UNAVAILABLE: io exception
2022-01-16 14:02:59,605 [grpc-default-executor-3] WARN  server.GrpcLogAppender (GrpcLogAppender.java:resetClient(110)) - 6bfb9779-376e-41d0-a4a3-df540c6cb1bb@group-899F572A00D9->fb2bbb8d-0a43-4468-9762-35835c6ecdd5-GrpcLogAppender: Leader has not got in touch with Follower 6bfb9779-376e-41d0-a4a3-df540c6cb1bb@group-899F572A00D9->fb2bbb8d-0a43-4468-9762-35835c6ecdd5(c-1,m0,n498, attendVote=true, lastRpcSendTime=0, lastRpcResponseTime=5231) yet, just keep nextIndex unchanged and retry.
2022-01-16 14:02:59,606 [grpc-default-executor-1] INFO  ratis.XceiverServerRatis (XceiverServerRatis.java:handleLeaderChangedNotification(866)) - Leader change notification received for group: group-899F572A00D9 with new leaderId: 6bfb9779-376e-41d0-a4a3-df540c6cb1bb
2022-01-16 14:02:59,606 [grpc-default-executor-1] INFO  server.RaftServer$Division (ServerState.java:setLeader(285)) - 85ccfe40-d44a-4cce-8ecd-09036b5f4718@group-899F572A00D9: change Leader from null to 6bfb9779-376e-41d0-a4a3-df540c6cb1bb at term 4 for appendEntries, leader elected after 56ms
2022-01-16 14:02:59,609 [grpc-default-executor-1] INFO  server.RaftServer$Division (ServerState.java:setRaftConf(387)) - 85ccfe40-d44a-4cce-8ecd-09036b5f4718@group-899F572A00D9: set configuration 497: [6bfb9779-376e-41d0-a4a3-df540c6cb1bb|rpc:10.1.0.30:35687|dataStream:|priority:0, 85ccfe40-d44a-4cce-8ecd-09036b5f4718|rpc:10.1.0.30:34255|dataStream:|priority:0, fb2bbb8d-0a43-4468-9762-35835c6ecdd5|rpc:10.1.0.30:42593|dataStream:|priority:1], old=null
2022-01-16 14:02:59,609 [grpc-default-executor-1] INFO  segmented.SegmentedRaftLogWorker (SegmentedRaftLogWorker.java:rollLogSegment(399)) - 85ccfe40-d44a-4cce-8ecd-09036b5f4718@group-899F572A00D9-SegmentedRaftLogWorker: Rolling segment log-0_496 to index:496
2022-01-16 14:02:59,610 [85ccfe40-d44a-4cce-8ecd-09036b5f4718@group-899F572A00D9-SegmentedRaftLogWorker] INFO  segmented.SegmentedRaftLogWorker (SegmentedRaftLogWorker.java:execute(558)) - 85ccfe40-d44a-4cce-8ecd-09036b5f4718@group-899F572A00D9-SegmentedRaftLogWorker: Rolled log segment from /home/runner/work/ozone/ozone/hadoop-ozone/integration-test/target/test-dir/MiniOzoneClusterImpl-8dcea29f-4d4f-4b68-9a1a-1d92263011bb/datanode-2/data/ratis/26eb92ff-316e-4aec-bc6c-899f572a00d9/current/log_inprogress_0 to /home/runner/work/ozone/ozone/hadoop-ozone/integration-test/target/test-dir/MiniOzoneClusterImpl-8dcea29f-4d4f-4b68-9a1a-1d92263011bb/datanode-2/data/ratis/26eb92ff-316e-4aec-bc6c-899f572a00d9/current/log_0-496
2022-01-16 14:02:59,611 [85ccfe40-d44a-4cce-8ecd-09036b5f4718@group-899F572A00D9-SegmentedRaftLogWorker] INFO  segmented.SegmentedRaftLogWorker (SegmentedRaftLogWorker.java:execute(601)) - 85ccfe40-d44a-4cce-8ecd-09036b5f4718@group-899F572A00D9-SegmentedRaftLogWorker: created new log segment /home/runner/work/ozone/ozone/hadoop-ozone/integration-test/target/test-dir/MiniOzoneClusterImpl-8dcea29f-4d4f-4b68-9a1a-1d92263011bb/datanode-2/data/ratis/26eb92ff-316e-4aec-bc6c-899f572a00d9/current/log_inprogress_497
2022-01-16 14:02:59,624 [grpc-default-executor-1] WARN  server.GrpcLogAppender (LogUtils.java:warn(122)) - 6bfb9779-376e-41d0-a4a3-df540c6cb1bb@group-899F572A00D9->fb2bbb8d-0a43-4468-9762-35835c6ecdd5-AppendLogResponseHandler: Failed appendEntries: org.apache.ratis.thirdparty.io.grpc.StatusRuntimeException: UNAVAILABLE: io exception
2022-01-16 14:02:59,628 [grpc-default-executor-1] WARN  server.GrpcLogAppender (GrpcLogAppender.java:resetClient(110)) - 6bfb9779-376e-41d0-a4a3-df540c6cb1bb@group-899F572A00D9->fb2bbb8d-0a43-4468-9762-35835c6ecdd5-GrpcLogAppender: Leader has not got in touch with Follower 6bfb9779-376e-41d0-a4a3-df540c6cb1bb@group-899F572A00D9->fb2bbb8d-0a43-4468-9762-35835c6ecdd5(c-1,m0,n499, attendVote=true, lastRpcSendTime=3, lastRpcResponseTime=5253) yet, just keep nextIndex unchanged and retry.
2022-01-16 14:02:59,649 [grpc-default-executor-1] WARN  server.GrpcLogAppender (LogUtils.java:warn(122)) - 85ccfe40-d44a-4cce-8ecd-09036b5f4718@group-A77BBCEC0779->fb2bbb8d-0a43-4468-9762-35835c6ecdd5-AppendLogResponseHandler: Failed appendEntries: org.apache.ratis.thirdparty.io.grpc.StatusRuntimeException: UNAVAILABLE: io exception
2022-01-16 14:02:59,650 [grpc-default-executor-1] INFO  leader.FollowerInfo (FollowerInfoImpl.java:lambda$new$0(47)) - 85ccfe40-d44a-4cce-8ecd-09036b5f4718@group-A77BBCEC0779->fb2bbb8d-0a43-4468-9762-35835c6ecdd5: nextIndex: updateUnconditionally 434 -> 433
2022-01-16 14:02:59,666 [grpc-default-executor-1] WARN  server.GrpcLogAppender (LogUtils.java:warn(122)) - 85ccfe40-d44a-4cce-8ecd-09036b5f4718@group-A77BBCEC0779->fb2bbb8d-0a43-4468-9762-35835c6ecdd5-AppendLogResponseHandler: Failed appendEntries: org.apache.ratis.thirdparty.io.grpc.StatusRuntimeException: UNAVAILABLE: io exception
2022-01-16 14:02:59,666 [grpc-default-executor-1] INFO  leader.FollowerInfo (FollowerInfoImpl.java:lambda$new$0(47)) - 85ccfe40-d44a-4cce-8ecd-09036b5f4718@group-A77BBCEC0779->fb2bbb8d-0a43-4468-9762-35835c6ecdd5: nextIndex: updateUnconditionally 434 -> 433
2022-01-16 14:02:59,669 [pool-117-thread-6] INFO  keyvalue.KeyValueContainer (KeyValueContainer.java:flushAndSyncDB(401)) - Container 2 is synced with bcsId 431.
2022-01-16 14:02:59,669 [pool-117-thread-6] INFO  keyvalue.KeyValueContainer (KeyValueContainer.java:flushAndSyncDB(401)) - Container 2 is synced with bcsId 431.
2022-01-16 14:02:59,672 [pool-117-thread-6] INFO  keyvalue.KeyValueContainer (KeyValueContainer.java:close(338)) - Container 2 is closed with bcsId 431.
2022-01-16 14:02:59,681 [EventQueue-IncrementalContainerReportForIncrementalContainerReportHandler] INFO  container.IncrementalContainerReportHandler (AbstractContainerReportHandler.java:updateContainerState(223)) - Moving container #2 to CLOSED state, datanode 85ccfe40-d44a-4cce-8ecd-09036b5f4718{ip: 10.1.0.30, host: fv-az395-972.zfmzfyrfkyou3ow0tsr0jxwq1e.bx.internal.cloudapp.net, ports: [REPLICATION=34499, RATIS=34255, RATIS_ADMIN=34255, RATIS_SERVER=34255, STANDALONE=39217], networkLocation: /default-rack, certSerialId: null, persistedOpState: IN_SERVICE, persistedOpStateExpiryEpochSec: 0} reported CLOSED replica.
2022-01-16 14:02:59,683 [grpc-default-executor-3] WARN  server.GrpcLogAppender (LogUtils.java:warn(122)) - 85ccfe40-d44a-4cce-8ecd-09036b5f4718@group-A77BBCEC0779->fb2bbb8d-0a43-4468-9762-35835c6ecdd5-AppendLogResponseHandler: Failed appendEntries: org.apache.ratis.thirdparty.io.grpc.StatusRuntimeException: UNAVAILABLE: io exception
2022-01-16 14:02:59,684 [grpc-default-executor-3] INFO  leader.FollowerInfo (FollowerInfoImpl.java:lambda$new$0(47)) - 85ccfe40-d44a-4cce-8ecd-09036b5f4718@group-A77BBCEC0779->fb2bbb8d-0a43-4468-9762-35835c6ecdd5: nextIndex: updateUnconditionally 434 -> 433
2022-01-16 14:02:59,685 [grpc-default-executor-1] WARN  server.GrpcLogAppender (LogUtils.java:warn(122)) - 85ccfe40-d44a-4cce-8ecd-09036b5f4718@group-A77BBCEC0779->fb2bbb8d-0a43-4468-9762-35835c6ecdd5-AppendLogResponseHandler: Failed appendEntries: org.apache.ratis.thirdparty.io.grpc.StatusRuntimeException: UNAVAILABLE: io exception
2022-01-16 14:02:59,690 [grpc-default-executor-1] INFO  leader.FollowerInfo (FollowerInfoImpl.java:lambda$new$0(47)) - 85ccfe40-d44a-4cce-8ecd-09036b5f4718@group-A77BBCEC0779->fb2bbb8d-0a43-4468-9762-35835c6ecdd5: nextIndex: updateUnconditionally 434 -> 433
2022-01-16 14:02:59,691 [pool-115-thread-9] INFO  keyvalue.KeyValueContainer (KeyValueContainer.java:flushAndSyncDB(401)) - Container 2 is synced with bcsId 431.
2022-01-16 14:02:59,691 [pool-115-thread-9] INFO  keyvalue.KeyValueContainer (KeyValueContainer.java:flushAndSyncDB(401)) - Container 2 is synced with bcsId 431.
2022-01-16 14:02:59,693 [EventQueue-IncrementalContainerReportForIncrementalContainerReportHandler] INFO  ha.SCMHAInvocationHandler (SCMHAInvocationHandler.java:invokeRatis(113)) - Invoking method public abstract void org.apache.hadoop.hdds.scm.container.ContainerStateManager.updateContainerState(org.apache.hadoop.hdds.protocol.proto.HddsProtos$ContainerID,org.apache.hadoop.hdds.protocol.proto.HddsProtos$LifeCycleEvent) throws java.io.IOException,org.apache.hadoop.ozone.common.statemachine.InvalidStateTransitionException on target org.apache.hadoop.hdds.scm.ha.SCMRatisServerImpl@d2127c6, cost 12450.784us
2022-01-16 14:02:59,694 [pool-115-thread-9] INFO  keyvalue.KeyValueContainer (KeyValueContainer.java:close(338)) - Container 2 is closed with bcsId 431.
2022-01-16 14:03:00,886 [EndpointStateMachine task thread for /0.0.0.0:44503 - 0 ] INFO  ozoneimpl.OzoneContainer (OzoneContainer.java:start(315)) - Attempting to start container services.
2022-01-16 14:03:00,887 [EndpointStateMachine task thread for /0.0.0.0:44503 - 0 ] INFO  ozoneimpl.OzoneContainer (OzoneContainer.java:startContainerScrub(250)) - Background container scanner has been disabled.
2022-01-16 14:03:00,887 [EndpointStateMachine task thread for /0.0.0.0:44503 - 0 ] INFO  replication.ReplicationServer (ReplicationServer.java:start(111)) - ReplicationServer is started using port 41323
2022-01-16 14:03:00,888 [EndpointStateMachine task thread for /0.0.0.0:44503 - 0 ] INFO  ratis.XceiverServerRatis (XceiverServerRatis.java:start(484)) - Starting XceiverServerRatis fb2bbb8d-0a43-4468-9762-35835c6ecdd5
2022-01-16 14:03:00,893 [EndpointStateMachine task thread for /0.0.0.0:44503 - 0 ] INFO  server.RaftServer$Division (RaftServerImpl.java:start(301)) - fb2bbb8d-0a43-4468-9762-35835c6ecdd5@group-58FDDE1EF6F0: start as a follower, conf=0: [fb2bbb8d-0a43-4468-9762-35835c6ecdd5|rpc:10.1.0.30:42593|dataStream:|priority:1], old=null
2022-01-16 14:03:00,893 [ForkJoinPool.commonPool-worker-0] INFO  server.RaftServer$Division (RaftServerImpl.java:start(301)) - fb2bbb8d-0a43-4468-9762-35835c6ecdd5@group-899F572A00D9: start as a follower, conf=0: [6bfb9779-376e-41d0-a4a3-df540c6cb1bb|rpc:10.1.0.30:35687|dataStream:|priority:0, 85ccfe40-d44a-4cce-8ecd-09036b5f4718|rpc:10.1.0.30:34255|dataStream:|priority:0, fb2bbb8d-0a43-4468-9762-35835c6ecdd5|rpc:10.1.0.30:42593|dataStream:|priority:1], old=null
2022-01-16 14:03:00,893 [ForkJoinPool.commonPool-worker-0] INFO  server.RaftServer$Division (RaftServerImpl.java:setRole(290)) - fb2bbb8d-0a43-4468-9762-35835c6ecdd5@group-899F572A00D9: changes role from      null to FOLLOWER at term 3 for startAsFollower
2022-01-16 14:03:00,893 [ForkJoinPool.commonPool-worker-0] INFO  impl.RoleInfo (RoleInfo.java:updateAndGet(130)) - fb2bbb8d-0a43-4468-9762-35835c6ecdd5: start fb2bbb8d-0a43-4468-9762-35835c6ecdd5@group-899F572A00D9-FollowerState
2022-01-16 14:03:00,893 [EndpointStateMachine task thread for /0.0.0.0:44503 - 0 ] INFO  server.RaftServer$Division (RaftServerImpl.java:setRole(290)) - fb2bbb8d-0a43-4468-9762-35835c6ecdd5@group-58FDDE1EF6F0: changes role from      null to FOLLOWER at term 1 for startAsFollower
2022-01-16 14:03:00,904 [EndpointStateMachine task thread for /0.0.0.0:44503 - 0 ] INFO  impl.RoleInfo (RoleInfo.java:updateAndGet(130)) - fb2bbb8d-0a43-4468-9762-35835c6ecdd5: start fb2bbb8d-0a43-4468-9762-35835c6ecdd5@group-58FDDE1EF6F0-FollowerState
2022-01-16 14:03:00,905 [ForkJoinPool.commonPool-worker-0] INFO  util.JmxRegister (JmxRegister.java:tryRegister(44)) - Successfully registered JMX Bean with object name Ratis:service=RaftServer,group=group-899F572A00D9,id=fb2bbb8d-0a43-4468-9762-35835c6ecdd5
2022-01-16 14:03:00,905 [EndpointStateMachine task thread for /0.0.0.0:44503 - 0 ] INFO  util.JmxRegister (JmxRegister.java:tryRegister(44)) - Successfully registered JMX Bean with object name Ratis:service=RaftServer,group=group-58FDDE1EF6F0,id=fb2bbb8d-0a43-4468-9762-35835c6ecdd5
2022-01-16 14:03:00,913 [ForkJoinPool.commonPool-worker-0] INFO  server.RaftServer$Division (RaftServerImpl.java:start(301)) - fb2bbb8d-0a43-4468-9762-35835c6ecdd5@group-A77BBCEC0779: start as a follower, conf=0: [6bfb9779-376e-41d0-a4a3-df540c6cb1bb|rpc:10.1.0.30:35687|dataStream:|priority:0, fb2bbb8d-0a43-4468-9762-35835c6ecdd5|rpc:10.1.0.30:42593|dataStream:|priority:0, 85ccfe40-d44a-4cce-8ecd-09036b5f4718|rpc:10.1.0.30:34255|dataStream:|priority:1], old=null
2022-01-16 14:03:00,913 [ForkJoinPool.commonPool-worker-0] INFO  server.RaftServer$Division (RaftServerImpl.java:setRole(290)) - fb2bbb8d-0a43-4468-9762-35835c6ecdd5@group-A77BBCEC0779: changes role from      null to FOLLOWER at term 2 for startAsFollower
2022-01-16 14:03:00,914 [ForkJoinPool.commonPool-worker-0] INFO  impl.RoleInfo (RoleInfo.java:updateAndGet(130)) - fb2bbb8d-0a43-4468-9762-35835c6ecdd5: start fb2bbb8d-0a43-4468-9762-35835c6ecdd5@group-A77BBCEC0779-FollowerState
2022-01-16 14:03:00,917 [ForkJoinPool.commonPool-worker-0] INFO  util.JmxRegister (JmxRegister.java:tryRegister(44)) - Successfully registered JMX Bean with object name Ratis:service=RaftServer,group=group-A77BBCEC0779,id=fb2bbb8d-0a43-4468-9762-35835c6ecdd5
2022-01-16 14:03:00,933 [EndpointStateMachine task thread for /0.0.0.0:44503 - 0 ] INFO  server.RaftServer (RaftServerProxy.java:lambda$start$5(374)) - fb2bbb8d-0a43-4468-9762-35835c6ecdd5: start RPC server
2022-01-16 14:03:00,933 [EndpointStateMachine task thread for /0.0.0.0:44503 - 0 ] INFO  server.GrpcService (GrpcService.java:startImpl(253)) - fb2bbb8d-0a43-4468-9762-35835c6ecdd5: GrpcService started, listening on 42593
2022-01-16 14:03:00,937 [EndpointStateMachine task thread for /0.0.0.0:44503 - 0 ] INFO  ratis.XceiverServerRatis (XceiverServerRatis.java:getRealPort(505)) - XceiverServerRatis fb2bbb8d-0a43-4468-9762-35835c6ecdd5 is started using port 42593 for RATIS
2022-01-16 14:03:00,937 [EndpointStateMachine task thread for /0.0.0.0:44503 - 0 ] INFO  ratis.XceiverServerRatis (XceiverServerRatis.java:getRealPort(505)) - XceiverServerRatis fb2bbb8d-0a43-4468-9762-35835c6ecdd5 is started using port 42593 for RATIS_ADMIN
2022-01-16 14:03:00,937 [EndpointStateMachine task thread for /0.0.0.0:44503 - 0 ] INFO  ratis.XceiverServerRatis (XceiverServerRatis.java:getRealPort(505)) - XceiverServerRatis fb2bbb8d-0a43-4468-9762-35835c6ecdd5 is started using port 42593 for RATIS_SERVER
2022-01-16 14:03:00,938 [org.apache.ratis.util.JvmPauseMonitor$$Lambda$422/111819772@23bd58ba] INFO  util.JvmPauseMonitor (JvmPauseMonitor.java:run(103)) - JvmPauseMonitor-fb2bbb8d-0a43-4468-9762-35835c6ecdd5: Started
2022-01-16 14:03:02,125 [grpc-default-executor-1] WARN  server.GrpcLogAppender (LogUtils.java:warn(122)) - 6bfb9779-376e-41d0-a4a3-df540c6cb1bb@group-899F572A00D9->fb2bbb8d-0a43-4468-9762-35835c6ecdd5-AppendLogResponseHandler: Failed appendEntries: org.apache.ratis.thirdparty.io.grpc.StatusRuntimeException: UNAVAILABLE: io exception
2022-01-16 14:03:02,126 [grpc-default-executor-1] WARN  server.GrpcLogAppender (GrpcLogAppender.java:resetClient(110)) - 6bfb9779-376e-41d0-a4a3-df540c6cb1bb@group-899F572A00D9->fb2bbb8d-0a43-4468-9762-35835c6ecdd5-GrpcLogAppender: Leader has not got in touch with Follower 6bfb9779-376e-41d0-a4a3-df540c6cb1bb@group-899F572A00D9->fb2bbb8d-0a43-4468-9762-35835c6ecdd5(c-1,m0,n499, attendVote=true, lastRpcSendTime=2501, lastRpcResponseTime=7751) yet, just keep nextIndex unchanged and retry.
2022-01-16 14:03:02,190 [grpc-default-executor-3] INFO  ratis.XceiverServerRatis (XceiverServerRatis.java:handleLeaderChangedNotification(866)) - Leader change notification received for group: group-A77BBCEC0779 with new leaderId: 85ccfe40-d44a-4cce-8ecd-09036b5f4718
2022-01-16 14:03:02,190 [grpc-default-executor-3] INFO  server.RaftServer$Division (ServerState.java:setLeader(285)) - fb2bbb8d-0a43-4468-9762-35835c6ecdd5@group-A77BBCEC0779: change Leader from null to 85ccfe40-d44a-4cce-8ecd-09036b5f4718 at term 2 for appendEntries, leader elected after 3454ms
2022-01-16 14:03:02,213 [grpc-default-executor-3] INFO  server.RaftServer$Division (RaftServerImpl.java:checkInconsistentAppendEntries(1306)) - fb2bbb8d-0a43-4468-9762-35835c6ecdd5@group-A77BBCEC0779: Failed appendEntries: the first entry (index 433) is already in snapshot (snapshot index: 433)
2022-01-16 14:03:02,213 [grpc-default-executor-3] INFO  server.RaftServer$Division (RaftServerImpl.java:checkInconsistentAppendEntries(1288)) - fb2bbb8d-0a43-4468-9762-35835c6ecdd5@group-A77BBCEC0779: inconsistency entries. Reply:85ccfe40-d44a-4cce-8ecd-09036b5f4718<-fb2bbb8d-0a43-4468-9762-35835c6ecdd5#2538:FAIL-t2,INCONSISTENCY,nextIndex=434,followerCommit=433
2022-01-16 14:03:02,215 [grpc-default-executor-1] INFO  leader.FollowerInfo (FollowerInfoImpl.java:lambda$new$0(47)) - 85ccfe40-d44a-4cce-8ecd-09036b5f4718@group-A77BBCEC0779->fb2bbb8d-0a43-4468-9762-35835c6ecdd5: nextIndex: updateUnconditionally 434 -> 434
2022-01-16 14:03:02,282 [pool-430-thread-1] INFO  keyvalue.KeyValueContainer (KeyValueContainer.java:flushAndSyncDB(401)) - Container 2 is synced with bcsId 431.
2022-01-16 14:03:02,283 [pool-430-thread-1] INFO  keyvalue.KeyValueContainer (KeyValueContainer.java:flushAndSyncDB(401)) - Container 2 is synced with bcsId 431.
2022-01-16 14:03:02,285 [pool-430-thread-1] INFO  keyvalue.KeyValueContainer (KeyValueContainer.java:close(338)) - Container 2 is closed with bcsId 431.
2022-01-16 14:03:02,349 [EventQueue-HealthyReadonlyNodeForHealthyReadOnlyNodeHandler] INFO  node.HealthyReadOnlyNodeHandler (HealthyReadOnlyNodeHandler.java:onMessage(58)) - Datanode fb2bbb8d-0a43-4468-9762-35835c6ecdd5{ip: 10.1.0.30, host: fv-az395-972.zfmzfyrfkyou3ow0tsr0jxwq1e.bx.internal.cloudapp.net, ports: [REPLICATION=46271, RATIS=42593, RATIS_ADMIN=42593, RATIS_SERVER=42593, STANDALONE=36115], networkLocation: /default-rack, certSerialId: null, persistedOpState: IN_SERVICE, persistedOpStateExpiryEpochSec: 0} moved to HEALTHY READONLY state.
2022-01-16 14:03:02,350 [EventQueue-HealthyReadonlyNodeForHealthyReadOnlyNodeHandler] INFO  node.HealthyReadOnlyNodeHandler (HealthyReadOnlyNodeHandler.java:onMessage(62)) - Closing pipeline PipelineID=26eb92ff-316e-4aec-bc6c-899f572a00d9 which uses HEALTHY READONLY datanode fb2bbb8d-0a43-4468-9762-35835c6ecdd5{ip: 10.1.0.30, host: fv-az395-972.zfmzfyrfkyou3ow0tsr0jxwq1e.bx.internal.cloudapp.net, ports: [REPLICATION=46271, RATIS=42593, RATIS_ADMIN=42593, RATIS_SERVER=42593, STANDALONE=36115], networkLocation: /default-rack, certSerialId: null, persistedOpState: IN_SERVICE, persistedOpStateExpiryEpochSec: 0} 
2022-01-16 14:03:02,351 [EventQueue-HealthyReadonlyNodeForHealthyReadOnlyNodeHandler] INFO  pipeline.RatisPipelineProvider (RatisPipelineProvider.java:lambda$close$1(222)) - Send pipeline:PipelineID=26eb92ff-316e-4aec-bc6c-899f572a00d9 close command to datanode 85ccfe40-d44a-4cce-8ecd-09036b5f4718
2022-01-16 14:03:02,352 [EventQueue-HealthyReadonlyNodeForHealthyReadOnlyNodeHandler] INFO  pipeline.RatisPipelineProvider (RatisPipelineProvider.java:lambda$close$1(222)) - Send pipeline:PipelineID=26eb92ff-316e-4aec-bc6c-899f572a00d9 close command to datanode fb2bbb8d-0a43-4468-9762-35835c6ecdd5
2022-01-16 14:03:02,352 [EventQueue-HealthyReadonlyNodeForHealthyReadOnlyNodeHandler] INFO  pipeline.RatisPipelineProvider (RatisPipelineProvider.java:lambda$close$1(222)) - Send pipeline:PipelineID=26eb92ff-316e-4aec-bc6c-899f572a00d9 close command to datanode 6bfb9779-376e-41d0-a4a3-df540c6cb1bb
2022-01-16 14:03:02,353 [351ad2a7-25a1-411c-86a2-91a152ddf037@group-1D92263011BB-StateMachineUpdater] INFO  pipeline.PipelineStateManagerImpl (PipelineStateManagerImpl.java:removePipeline(223)) - Pipeline Pipeline[ Id: 26eb92ff-316e-4aec-bc6c-899f572a00d9, Nodes: 85ccfe40-d44a-4cce-8ecd-09036b5f4718{ip: 10.1.0.30, host: fv-az395-972.zfmzfyrfkyou3ow0tsr0jxwq1e.bx.internal.cloudapp.net, ports: [REPLICATION=34499, RATIS=34255, RATIS_ADMIN=34255, RATIS_SERVER=34255, STANDALONE=39217], networkLocation: /default-rack, certSerialId: null, persistedOpState: IN_SERVICE, persistedOpStateExpiryEpochSec: 0}fb2bbb8d-0a43-4468-9762-35835c6ecdd5{ip: 10.1.0.30, host: fv-az395-972.zfmzfyrfkyou3ow0tsr0jxwq1e.bx.internal.cloudapp.net, ports: [REPLICATION=46271, RATIS=42593, RATIS_ADMIN=42593, RATIS_SERVER=42593, STANDALONE=36115], networkLocation: /default-rack, certSerialId: null, persistedOpState: IN_SERVICE, persistedOpStateExpiryEpochSec: 0}6bfb9779-376e-41d0-a4a3-df540c6cb1bb{ip: 10.1.0.30, host: fv-az395-972.zfmzfyrfkyou3ow0tsr0jxwq1e.bx.internal.cloudapp.net, ports: [REPLICATION=44479, RATIS=35687, RATIS_ADMIN=35687, RATIS_SERVER=35687, STANDALONE=43181], networkLocation: /default-rack, certSerialId: null, persistedOpState: IN_SERVICE, persistedOpStateExpiryEpochSec: 0}, ReplicationConfig: RATIS/THREE, State:CLOSED, leaderId:fb2bbb8d-0a43-4468-9762-35835c6ecdd5, CreationTimestamp2022-01-16T14:02:15.500Z[Etc/UTC]] removed.
2022-01-16 14:03:02,354 [EventQueue-HealthyReadonlyNodeForHealthyReadOnlyNodeHandler] INFO  ha.SCMHAInvocationHandler (SCMHAInvocationHandler.java:invokeRatis(113)) - Invoking method public abstract void org.apache.hadoop.hdds.scm.pipeline.PipelineStateManager.removePipeline(org.apache.hadoop.hdds.protocol.proto.HddsProtos$PipelineID) throws java.io.IOException on target org.apache.hadoop.hdds.scm.ha.SCMRatisServerImpl@d2127c6, cost 2532.02us
2022-01-16 14:03:02,355 [EventQueue-HealthyReadonlyNodeForHealthyReadOnlyNodeHandler] INFO  node.HealthyReadOnlyNodeHandler (HealthyReadOnlyNodeHandler.java:onMessage(62)) - Closing pipeline PipelineID=223f805e-ff61-419b-9cd4-58fdde1ef6f0 which uses HEALTHY READONLY datanode fb2bbb8d-0a43-4468-9762-35835c6ecdd5{ip: 10.1.0.30, host: fv-az395-972.zfmzfyrfkyou3ow0tsr0jxwq1e.bx.internal.cloudapp.net, ports: [REPLICATION=46271, RATIS=42593, RATIS_ADMIN=42593, RATIS_SERVER=42593, STANDALONE=36115], networkLocation: /default-rack, certSerialId: null, persistedOpState: IN_SERVICE, persistedOpStateExpiryEpochSec: 0} 
2022-01-16 14:03:02,355 [EventQueue-HealthyReadonlyNodeForHealthyReadOnlyNodeHandler] INFO  pipeline.RatisPipelineProvider (RatisPipelineProvider.java:lambda$close$1(222)) - Send pipeline:PipelineID=223f805e-ff61-419b-9cd4-58fdde1ef6f0 close command to datanode fb2bbb8d-0a43-4468-9762-35835c6ecdd5
2022-01-16 14:03:02,358 [351ad2a7-25a1-411c-86a2-91a152ddf037@group-1D92263011BB-StateMachineUpdater] INFO  pipeline.PipelineStateManagerImpl (PipelineStateManagerImpl.java:removePipeline(223)) - Pipeline Pipeline[ Id: 223f805e-ff61-419b-9cd4-58fdde1ef6f0, Nodes: fb2bbb8d-0a43-4468-9762-35835c6ecdd5{ip: 10.1.0.30, host: fv-az395-972.zfmzfyrfkyou3ow0tsr0jxwq1e.bx.internal.cloudapp.net, ports: [REPLICATION=46271, RATIS=42593, RATIS_ADMIN=42593, RATIS_SERVER=42593, STANDALONE=36115], networkLocation: /default-rack, certSerialId: null, persistedOpState: IN_SERVICE, persistedOpStateExpiryEpochSec: 0}, ReplicationConfig: RATIS/ONE, State:CLOSED, leaderId:fb2bbb8d-0a43-4468-9762-35835c6ecdd5, CreationTimestamp2022-01-16T14:02:15.048Z[Etc/UTC]] removed.
2022-01-16 14:03:02,359 [EventQueue-HealthyReadonlyNodeForHealthyReadOnlyNodeHandler] INFO  ha.SCMHAInvocationHandler (SCMHAInvocationHandler.java:invokeRatis(113)) - Invoking method public abstract void org.apache.hadoop.hdds.scm.pipeline.PipelineStateManager.removePipeline(org.apache.hadoop.hdds.protocol.proto.HddsProtos$PipelineID) throws java.io.IOException on target org.apache.hadoop.hdds.scm.ha.SCMRatisServerImpl@d2127c6, cost 4374.081us
2022-01-16 14:03:02,359 [EventQueue-HealthyReadonlyNodeForHealthyReadOnlyNodeHandler] INFO  node.HealthyReadOnlyNodeHandler (HealthyReadOnlyNodeHandler.java:onMessage(62)) - Closing pipeline PipelineID=2bb02a01-81a3-48aa-b5fb-a77bbcec0779 which uses HEALTHY READONLY datanode fb2bbb8d-0a43-4468-9762-35835c6ecdd5{ip: 10.1.0.30, host: fv-az395-972.zfmzfyrfkyou3ow0tsr0jxwq1e.bx.internal.cloudapp.net, ports: [REPLICATION=46271, RATIS=42593, RATIS_ADMIN=42593, RATIS_SERVER=42593, STANDALONE=36115], networkLocation: /default-rack, certSerialId: null, persistedOpState: IN_SERVICE, persistedOpStateExpiryEpochSec: 0} 
2022-01-16 14:03:02,361 [EventQueue-HealthyReadonlyNodeForHealthyReadOnlyNodeHandler] INFO  pipeline.RatisPipelineProvider (RatisPipelineProvider.java:lambda$close$1(222)) - Send pipeline:PipelineID=2bb02a01-81a3-48aa-b5fb-a77bbcec0779 close command to datanode fb2bbb8d-0a43-4468-9762-35835c6ecdd5
2022-01-16 14:03:02,362 [EventQueue-HealthyReadonlyNodeForHealthyReadOnlyNodeHandler] INFO  pipeline.RatisPipelineProvider (RatisPipelineProvider.java:lambda$close$1(222)) - Send pipeline:PipelineID=2bb02a01-81a3-48aa-b5fb-a77bbcec0779 close command to datanode 6bfb9779-376e-41d0-a4a3-df540c6cb1bb
2022-01-16 14:03:02,362 [EventQueue-HealthyReadonlyNodeForHealthyReadOnlyNodeHandler] INFO  pipeline.RatisPipelineProvider (RatisPipelineProvider.java:lambda$close$1(222)) - Send pipeline:PipelineID=2bb02a01-81a3-48aa-b5fb-a77bbcec0779 close command to datanode 85ccfe40-d44a-4cce-8ecd-09036b5f4718
2022-01-16 14:03:02,363 [351ad2a7-25a1-411c-86a2-91a152ddf037@group-1D92263011BB-StateMachineUpdater] INFO  pipeline.PipelineStateManagerImpl (PipelineStateManagerImpl.java:removePipeline(223)) - Pipeline Pipeline[ Id: 2bb02a01-81a3-48aa-b5fb-a77bbcec0779, Nodes: fb2bbb8d-0a43-4468-9762-35835c6ecdd5{ip: 10.1.0.30, host: fv-az395-972.zfmzfyrfkyou3ow0tsr0jxwq1e.bx.internal.cloudapp.net, ports: [REPLICATION=46271, RATIS=42593, RATIS_ADMIN=42593, RATIS_SERVER=42593, STANDALONE=36115], networkLocation: /default-rack, certSerialId: null, persistedOpState: IN_SERVICE, persistedOpStateExpiryEpochSec: 0}6bfb9779-376e-41d0-a4a3-df540c6cb1bb{ip: 10.1.0.30, host: fv-az395-972.zfmzfyrfkyou3ow0tsr0jxwq1e.bx.internal.cloudapp.net, ports: [REPLICATION=44479, RATIS=35687, RATIS_ADMIN=35687, RATIS_SERVER=35687, STANDALONE=43181], networkLocation: /default-rack, certSerialId: null, persistedOpState: IN_SERVICE, persistedOpStateExpiryEpochSec: 0}85ccfe40-d44a-4cce-8ecd-09036b5f4718{ip: 10.1.0.30, host: fv-az395-972.zfmzfyrfkyou3ow0tsr0jxwq1e.bx.internal.cloudapp.net, ports: [REPLICATION=34499, RATIS=34255, RATIS_ADMIN=34255, RATIS_SERVER=34255, STANDALONE=39217], networkLocation: /default-rack, certSerialId: null, persistedOpState: IN_SERVICE, persistedOpStateExpiryEpochSec: 0}, ReplicationConfig: RATIS/THREE, State:CLOSED, leaderId:85ccfe40-d44a-4cce-8ecd-09036b5f4718, CreationTimestamp2022-01-16T14:02:15.492Z[Etc/UTC]] removed.
2022-01-16 14:03:02,366 [EventQueue-HealthyReadonlyNodeForHealthyReadOnlyNodeHandler] INFO  ha.SCMHAInvocationHandler (SCMHAInvocationHandler.java:invokeRatis(113)) - Invoking method public abstract void org.apache.hadoop.hdds.scm.pipeline.PipelineStateManager.removePipeline(org.apache.hadoop.hdds.protocol.proto.HddsProtos$PipelineID) throws java.io.IOException on target org.apache.hadoop.hdds.scm.ha.SCMRatisServerImpl@d2127c6, cost 3321.488us
2022-01-16 14:03:02,461 [EventQueue-HealthyReadonlyToHealthyNodeForReadOnlyHealthyToHealthyNodeHandler] INFO  node.ReadOnlyHealthyToHealthyNodeHandler (ReadOnlyHealthyToHealthyNodeHandler.java:onMessage(51)) - Datanode fb2bbb8d-0a43-4468-9762-35835c6ecdd5{ip: 10.1.0.30, host: fv-az395-972.zfmzfyrfkyou3ow0tsr0jxwq1e.bx.internal.cloudapp.net, ports: [REPLICATION=46271, RATIS=42593, RATIS_ADMIN=42593, RATIS_SERVER=42593, STANDALONE=36115], networkLocation: /default-rack, certSerialId: null, persistedOpState: IN_SERVICE, persistedOpStateExpiryEpochSec: 0} moved to HEALTHY state.
2022-01-16 14:03:02,469 [EventQueue-HealthyReadonlyToHealthyNodeForReadOnlyHealthyToHealthyNodeHandler] INFO  pipeline.BackgroundPipelineCreator (BackgroundPipelineCreator.java:notifyEventTriggered(285)) - trigger a one-shot run on RatisPipelineUtilsThread.
2022-01-16 14:03:02,470 [RatisPipelineUtilsThread - 0] INFO  pipeline.RatisPipelineProvider (RatisPipelineProvider.java:lambda$create$0(183)) - Sending CreatePipelineCommand for pipeline:PipelineID=f5b5cd14-e739-4628-8149-ea466064a84a to datanode:fb2bbb8d-0a43-4468-9762-35835c6ecdd5
2022-01-16 14:03:02,491 [351ad2a7-25a1-411c-86a2-91a152ddf037@group-1D92263011BB-StateMachineUpdater] INFO  pipeline.PipelineStateManagerImpl (PipelineStateManagerImpl.java:addPipeline(101)) - Created pipeline Pipeline[ Id: f5b5cd14-e739-4628-8149-ea466064a84a, Nodes: fb2bbb8d-0a43-4468-9762-35835c6ecdd5{ip: 10.1.0.30, host: fv-az395-972.zfmzfyrfkyou3ow0tsr0jxwq1e.bx.internal.cloudapp.net, ports: [REPLICATION=46271, RATIS=42593, RATIS_ADMIN=42593, RATIS_SERVER=42593, STANDALONE=36115], networkLocation: /default-rack, certSerialId: null, persistedOpState: IN_SERVICE, persistedOpStateExpiryEpochSec: 0}, ReplicationConfig: RATIS/ONE, State:ALLOCATED, leaderId:, CreationTimestamp2022-01-16T14:03:02.470Z[Etc/UTC]].
2022-01-16 14:03:02,492 [RatisPipelineUtilsThread - 0] INFO  ha.SCMHAInvocationHandler (SCMHAInvocationHandler.java:invokeRatis(113)) - Invoking method public abstract void org.apache.hadoop.hdds.scm.pipeline.PipelineStateManager.addPipeline(org.apache.hadoop.hdds.protocol.proto.HddsProtos$Pipeline) throws java.io.IOException on target org.apache.hadoop.hdds.scm.ha.SCMRatisServerImpl@d2127c6, cost 1743.952us
2022-01-16 14:03:02,492 [RatisPipelineUtilsThread - 0] INFO  pipeline.RatisPipelineProvider (RatisPipelineProvider.java:lambda$create$0(183)) - Sending CreatePipelineCommand for pipeline:PipelineID=be905a27-b916-4d7a-bd51-4a2a27f3db13 to datanode:fb2bbb8d-0a43-4468-9762-35835c6ecdd5
2022-01-16 14:03:02,492 [RatisPipelineUtilsThread - 0] INFO  pipeline.RatisPipelineProvider (RatisPipelineProvider.java:lambda$create$0(183)) - Sending CreatePipelineCommand for pipeline:PipelineID=be905a27-b916-4d7a-bd51-4a2a27f3db13 to datanode:6bfb9779-376e-41d0-a4a3-df540c6cb1bb
2022-01-16 14:03:02,492 [RatisPipelineUtilsThread - 0] INFO  pipeline.RatisPipelineProvider (RatisPipelineProvider.java:lambda$create$0(183)) - Sending CreatePipelineCommand for pipeline:PipelineID=be905a27-b916-4d7a-bd51-4a2a27f3db13 to datanode:85ccfe40-d44a-4cce-8ecd-09036b5f4718
2022-01-16 14:03:02,494 [351ad2a7-25a1-411c-86a2-91a152ddf037@group-1D92263011BB-StateMachineUpdater] INFO  pipeline.PipelineStateManagerImpl (PipelineStateManagerImpl.java:addPipeline(101)) - Created pipeline Pipeline[ Id: be905a27-b916-4d7a-bd51-4a2a27f3db13, Nodes: fb2bbb8d-0a43-4468-9762-35835c6ecdd5{ip: 10.1.0.30, host: fv-az395-972.zfmzfyrfkyou3ow0tsr0jxwq1e.bx.internal.cloudapp.net, ports: [REPLICATION=46271, RATIS=42593, RATIS_ADMIN=42593, RATIS_SERVER=42593, STANDALONE=36115], networkLocation: /default-rack, certSerialId: null, persistedOpState: IN_SERVICE, persistedOpStateExpiryEpochSec: 0}6bfb9779-376e-41d0-a4a3-df540c6cb1bb{ip: 10.1.0.30, host: fv-az395-972.zfmzfyrfkyou3ow0tsr0jxwq1e.bx.internal.cloudapp.net, ports: [REPLICATION=44479, RATIS=35687, RATIS_ADMIN=35687, RATIS_SERVER=35687, STANDALONE=43181], networkLocation: /default-rack, certSerialId: null, persistedOpState: IN_SERVICE, persistedOpStateExpiryEpochSec: 0}85ccfe40-d44a-4cce-8ecd-09036b5f4718{ip: 10.1.0.30, host: fv-az395-972.zfmzfyrfkyou3ow0tsr0jxwq1e.bx.internal.cloudapp.net, ports: [REPLICATION=34499, RATIS=34255, RATIS_ADMIN=34255, RATIS_SERVER=34255, STANDALONE=39217], networkLocation: /default-rack, certSerialId: null, persistedOpState: IN_SERVICE, persistedOpStateExpiryEpochSec: 0}, ReplicationConfig: RATIS/THREE, State:ALLOCATED, leaderId:, CreationTimestamp2022-01-16T14:03:02.492Z[Etc/UTC]].
2022-01-16 14:03:02,509 [RatisPipelineUtilsThread - 0] INFO  ha.SCMHAInvocationHandler (SCMHAInvocationHandler.java:invokeRatis(113)) - Invoking method public abstract void org.apache.hadoop.hdds.scm.pipeline.PipelineStateManager.addPipeline(org.apache.hadoop.hdds.protocol.proto.HddsProtos$Pipeline) throws java.io.IOException on target org.apache.hadoop.hdds.scm.ha.SCMRatisServerImpl@d2127c6, cost 16468.432us
2022-01-16 14:03:03,681 [Command processor thread] INFO  server.RaftServer (RaftServerProxy.java:remove(106)) - 85ccfe40-d44a-4cce-8ecd-09036b5f4718: remove  FOLLOWER 85ccfe40-d44a-4cce-8ecd-09036b5f4718@group-899F572A00D9:t4, leader=6bfb9779-376e-41d0-a4a3-df540c6cb1bb, voted=6bfb9779-376e-41d0-a4a3-df540c6cb1bb, raftlog=85ccfe40-d44a-4cce-8ecd-09036b5f4718@group-899F572A00D9-SegmentedRaftLog:OPENED:c498, conf=497: [6bfb9779-376e-41d0-a4a3-df540c6cb1bb|rpc:10.1.0.30:35687|dataStream:|priority:0, 85ccfe40-d44a-4cce-8ecd-09036b5f4718|rpc:10.1.0.30:34255|dataStream:|priority:0, fb2bbb8d-0a43-4468-9762-35835c6ecdd5|rpc:10.1.0.30:42593|dataStream:|priority:1], old=null RUNNING
2022-01-16 14:03:03,687 [Command processor thread] INFO  server.RaftServer$Division (RaftServerImpl.java:lambda$close$4(412)) - 85ccfe40-d44a-4cce-8ecd-09036b5f4718@group-899F572A00D9: shutdown
2022-01-16 14:03:03,687 [Command processor thread] INFO  util.JmxRegister (JmxRegister.java:unregister(73)) - Successfully un-registered JMX Bean with object name Ratis:service=RaftServer,group=group-899F572A00D9,id=85ccfe40-d44a-4cce-8ecd-09036b5f4718
2022-01-16 14:03:03,687 [Command processor thread] INFO  impl.RoleInfo (RoleInfo.java:shutdownFollowerState(108)) - 85ccfe40-d44a-4cce-8ecd-09036b5f4718: shutdown 85ccfe40-d44a-4cce-8ecd-09036b5f4718@group-899F572A00D9-FollowerState
2022-01-16 14:03:03,687 [85ccfe40-d44a-4cce-8ecd-09036b5f4718@group-899F572A00D9-FollowerState] INFO  impl.FollowerState (FollowerState.java:run(143)) - 85ccfe40-d44a-4cce-8ecd-09036b5f4718@group-899F572A00D9-FollowerState was interrupted: {}
java.lang.InterruptedException: sleep interrupted
	at java.lang.Thread.sleep(Native Method)
	at java.lang.Thread.sleep(Thread.java:340)
	at java.util.concurrent.TimeUnit.sleep(TimeUnit.java:386)
	at org.apache.ratis.util.TimeDuration.sleep(TimeDuration.java:324)
	at org.apache.ratis.util.TimeDuration.sleep(TimeDuration.java:309)
	at org.apache.ratis.server.impl.FollowerState.run(FollowerState.java:118)
2022-01-16 14:03:03,687 [Command processor thread] INFO  impl.StateMachineUpdater (StateMachineUpdater.java:stopAndJoin(149)) - 85ccfe40-d44a-4cce-8ecd-09036b5f4718@group-899F572A00D9-StateMachineUpdater: set stopIndex = 498
2022-01-16 14:03:03,691 [85ccfe40-d44a-4cce-8ecd-09036b5f4718@group-899F572A00D9-StateMachineUpdater] INFO  ratis.ContainerStateMachine (ContainerStateMachine.java:takeSnapshot(299)) - group-899F572A00D9: Taking a snapshot at:(t:4, i:498) file /home/runner/work/ozone/ozone/hadoop-ozone/integration-test/target/test-dir/MiniOzoneClusterImpl-8dcea29f-4d4f-4b68-9a1a-1d92263011bb/datanode-2/data/ratis/26eb92ff-316e-4aec-bc6c-899f572a00d9/sm/snapshot.4_498
2022-01-16 14:03:03,694 [85ccfe40-d44a-4cce-8ecd-09036b5f4718@group-899F572A00D9-StateMachineUpdater] INFO  ratis.ContainerStateMachine (ContainerStateMachine.java:takeSnapshot(310)) - group-899F572A00D9: Finished taking a snapshot at:(t:4, i:498) file:/home/runner/work/ozone/ozone/hadoop-ozone/integration-test/target/test-dir/MiniOzoneClusterImpl-8dcea29f-4d4f-4b68-9a1a-1d92263011bb/datanode-2/data/ratis/26eb92ff-316e-4aec-bc6c-899f572a00d9/sm/snapshot.4_498 took: 3 ms
2022-01-16 14:03:03,694 [85ccfe40-d44a-4cce-8ecd-09036b5f4718@group-899F572A00D9-StateMachineUpdater] INFO  impl.StateMachineUpdater (StateMachineUpdater.java:takeSnapshot(281)) - 85ccfe40-d44a-4cce-8ecd-09036b5f4718@group-899F572A00D9-StateMachineUpdater: Took a snapshot at index 498
2022-01-16 14:03:03,694 [85ccfe40-d44a-4cce-8ecd-09036b5f4718@group-899F572A00D9-StateMachineUpdater] INFO  impl.StateMachineUpdater (StateMachineUpdater.java:lambda$new$0(89)) - 85ccfe40-d44a-4cce-8ecd-09036b5f4718@group-899F572A00D9-StateMachineUpdater: snapshotIndex: updateIncreasingly -1 -> 498
2022-01-16 14:03:03,695 [Command processor thread] INFO  server.RaftServer$Division (ServerState.java:close(419)) - 85ccfe40-d44a-4cce-8ecd-09036b5f4718@group-899F572A00D9: closes. applyIndex: 498
2022-01-16 14:03:03,695 [85ccfe40-d44a-4cce-8ecd-09036b5f4718@group-899F572A00D9-SegmentedRaftLogWorker] INFO  segmented.SegmentedRaftLogWorker (SegmentedRaftLogWorker.java:run(327)) - 85ccfe40-d44a-4cce-8ecd-09036b5f4718@group-899F572A00D9-SegmentedRaftLogWorker was interrupted, exiting. There are 0 tasks remaining in the queue.
2022-01-16 14:03:03,695 [Command processor thread] INFO  segmented.SegmentedRaftLogWorker (SegmentedRaftLogWorker.java:close(237)) - 85ccfe40-d44a-4cce-8ecd-09036b5f4718@group-899F572A00D9-SegmentedRaftLogWorker close()
2022-01-16 14:03:03,699 [Command processor thread] INFO  server.RaftServer$Division (RaftServerImpl.java:groupRemove(382)) - 85ccfe40-d44a-4cce-8ecd-09036b5f4718@group-899F572A00D9: Succeed to remove RaftStorageDirectory Storage Directory /home/runner/work/ozone/ozone/hadoop-ozone/integration-test/target/test-dir/MiniOzoneClusterImpl-8dcea29f-4d4f-4b68-9a1a-1d92263011bb/datanode-2/data/ratis/26eb92ff-316e-4aec-bc6c-899f572a00d9
2022-01-16 14:03:03,699 [Command processor thread] INFO  commandhandler.ClosePipelineCommandHandler (ClosePipelineCommandHandler.java:handle(78)) - Close Pipeline PipelineID=26eb92ff-316e-4aec-bc6c-899f572a00d9 command on datanode 85ccfe40-d44a-4cce-8ecd-09036b5f4718.
2022-01-16 14:03:03,699 [Command processor thread] INFO  server.RaftServer (RaftServerProxy.java:remove(106)) - 85ccfe40-d44a-4cce-8ecd-09036b5f4718: remove    LEADER 85ccfe40-d44a-4cce-8ecd-09036b5f4718@group-A77BBCEC0779:t2, leader=85ccfe40-d44a-4cce-8ecd-09036b5f4718, voted=85ccfe40-d44a-4cce-8ecd-09036b5f4718, raftlog=85ccfe40-d44a-4cce-8ecd-09036b5f4718@group-A77BBCEC0779-SegmentedRaftLog:OPENED:c435, conf=0: [6bfb9779-376e-41d0-a4a3-df540c6cb1bb|rpc:10.1.0.30:35687|dataStream:|priority:0, fb2bbb8d-0a43-4468-9762-35835c6ecdd5|rpc:10.1.0.30:42593|dataStream:|priority:0, 85ccfe40-d44a-4cce-8ecd-09036b5f4718|rpc:10.1.0.30:34255|dataStream:|priority:1], old=null RUNNING
2022-01-16 14:03:03,699 [Command processor thread] INFO  server.RaftServer$Division (RaftServerImpl.java:lambda$close$4(412)) - 85ccfe40-d44a-4cce-8ecd-09036b5f4718@group-A77BBCEC0779: shutdown
2022-01-16 14:03:03,699 [Command processor thread] INFO  util.JmxRegister (JmxRegister.java:unregister(73)) - Successfully un-registered JMX Bean with object name Ratis:service=RaftServer,group=group-A77BBCEC0779,id=85ccfe40-d44a-4cce-8ecd-09036b5f4718
2022-01-16 14:03:03,699 [Command processor thread] INFO  impl.RoleInfo (RoleInfo.java:shutdownLeaderState(91)) - 85ccfe40-d44a-4cce-8ecd-09036b5f4718: shutdown 85ccfe40-d44a-4cce-8ecd-09036b5f4718@group-A77BBCEC0779-LeaderStateImpl
2022-01-16 14:03:03,700 [85ccfe40-d44a-4cce-8ecd-09036b5f4718@group-A77BBCEC0779->6bfb9779-376e-41d0-a4a3-df540c6cb1bb-GrpcLogAppender-LogAppenderDaemon] WARN  server.GrpcLogAppender (GrpcLogAppender.java:mayWait(177)) - 85ccfe40-d44a-4cce-8ecd-09036b5f4718@group-A77BBCEC0779->6bfb9779-376e-41d0-a4a3-df540c6cb1bb-GrpcLogAppender: Wait interrupted by java.lang.InterruptedException
2022-01-16 14:03:03,700 [85ccfe40-d44a-4cce-8ecd-09036b5f4718@group-A77BBCEC0779->fb2bbb8d-0a43-4468-9762-35835c6ecdd5-GrpcLogAppender-LogAppenderDaemon] WARN  server.GrpcLogAppender (GrpcLogAppender.java:mayWait(177)) - 85ccfe40-d44a-4cce-8ecd-09036b5f4718@group-A77BBCEC0779->fb2bbb8d-0a43-4468-9762-35835c6ecdd5-GrpcLogAppender: Wait interrupted by java.lang.InterruptedException
2022-01-16 14:03:03,713 [grpc-default-executor-1] INFO  server.GrpcServerProtocolService (GrpcServerProtocolService.java:onCompleted(140)) - fb2bbb8d-0a43-4468-9762-35835c6ecdd5: Completed APPEND_ENTRIES, lastRequest: 85ccfe40-d44a-4cce-8ecd-09036b5f4718->fb2bbb8d-0a43-4468-9762-35835c6ecdd5#2541-t2,previous=(t:2, i:434),leaderCommit=435,initializing? true,entries: size=1, first=(t:2, i:435), METADATAENTRY(c:434)
2022-01-16 14:03:03,714 [grpc-default-executor-1] INFO  server.GrpcServerProtocolService (GrpcServerProtocolService.java:onCompleted(140)) - 6bfb9779-376e-41d0-a4a3-df540c6cb1bb: Completed APPEND_ENTRIES, lastRequest: 85ccfe40-d44a-4cce-8ecd-09036b5f4718->6bfb9779-376e-41d0-a4a3-df540c6cb1bb#2534-t2,previous=(t:2, i:434),leaderCommit=434,initializing? true,entries: size=1, first=(t:2, i:435), METADATAENTRY(c:434)
2022-01-16 14:03:03,716 [Command processor thread] INFO  impl.PendingRequests (PendingRequests.java:sendNotLeaderResponses(282)) - 85ccfe40-d44a-4cce-8ecd-09036b5f4718@group-A77BBCEC0779-PendingRequests: sendNotLeaderResponses
2022-01-16 14:03:03,716 [grpc-default-executor-3] INFO  server.GrpcLogAppender (GrpcLogAppender.java:onCompleted(346)) - 85ccfe40-d44a-4cce-8ecd-09036b5f4718@group-A77BBCEC0779->fb2bbb8d-0a43-4468-9762-35835c6ecdd5-AppendLogResponseHandler: follower responses appendEntries COMPLETED
2022-01-16 14:03:03,716 [grpc-default-executor-3] INFO  leader.FollowerInfo (FollowerInfoImpl.java:lambda$new$0(47)) - 85ccfe40-d44a-4cce-8ecd-09036b5f4718@group-A77BBCEC0779->fb2bbb8d-0a43-4468-9762-35835c6ecdd5: nextIndex: updateUnconditionally 436 -> 435
2022-01-16 14:03:03,717 [grpc-default-executor-3] INFO  server.GrpcLogAppender (GrpcLogAppender.java:onCompleted(346)) - 85ccfe40-d44a-4cce-8ecd-09036b5f4718@group-A77BBCEC0779->6bfb9779-376e-41d0-a4a3-df540c6cb1bb-AppendLogResponseHandler: follower responses appendEntries COMPLETED
2022-01-16 14:03:03,717 [grpc-default-executor-3] INFO  leader.FollowerInfo (FollowerInfoImpl.java:lambda$new$0(47)) - 85ccfe40-d44a-4cce-8ecd-09036b5f4718@group-A77BBCEC0779->6bfb9779-376e-41d0-a4a3-df540c6cb1bb: nextIndex: updateUnconditionally 436 -> 435
2022-01-16 14:03:03,718 [85ccfe40-d44a-4cce-8ecd-09036b5f4718@group-A77BBCEC0779-StateMachineUpdater] INFO  ratis.ContainerStateMachine (ContainerStateMachine.java:takeSnapshot(299)) - group-A77BBCEC0779: Taking a snapshot at:(t:2, i:435) file /home/runner/work/ozone/ozone/hadoop-ozone/integration-test/target/test-dir/MiniOzoneClusterImpl-8dcea29f-4d4f-4b68-9a1a-1d92263011bb/datanode-2/data/ratis/2bb02a01-81a3-48aa-b5fb-a77bbcec0779/sm/snapshot.2_435
2022-01-16 14:03:03,719 [Command processor thread] INFO  impl.StateMachineUpdater (StateMachineUpdater.java:stopAndJoin(149)) - 85ccfe40-d44a-4cce-8ecd-09036b5f4718@group-A77BBCEC0779-StateMachineUpdater: set stopIndex = 435
2022-01-16 14:03:03,720 [85ccfe40-d44a-4cce-8ecd-09036b5f4718@group-A77BBCEC0779-StateMachineUpdater] INFO  ratis.ContainerStateMachine (ContainerStateMachine.java:takeSnapshot(310)) - group-A77BBCEC0779: Finished taking a snapshot at:(t:2, i:435) file:/home/runner/work/ozone/ozone/hadoop-ozone/integration-test/target/test-dir/MiniOzoneClusterImpl-8dcea29f-4d4f-4b68-9a1a-1d92263011bb/datanode-2/data/ratis/2bb02a01-81a3-48aa-b5fb-a77bbcec0779/sm/snapshot.2_435 took: 1 ms
2022-01-16 14:03:03,720 [85ccfe40-d44a-4cce-8ecd-09036b5f4718@group-A77BBCEC0779-StateMachineUpdater] INFO  impl.StateMachineUpdater (StateMachineUpdater.java:takeSnapshot(281)) - 85ccfe40-d44a-4cce-8ecd-09036b5f4718@group-A77BBCEC0779-StateMachineUpdater: Took a snapshot at index 435
2022-01-16 14:03:03,720 [85ccfe40-d44a-4cce-8ecd-09036b5f4718@group-A77BBCEC0779-StateMachineUpdater] INFO  impl.StateMachineUpdater (StateMachineUpdater.java:lambda$new$0(89)) - 85ccfe40-d44a-4cce-8ecd-09036b5f4718@group-A77BBCEC0779-StateMachineUpdater: snapshotIndex: updateIncreasingly -1 -> 435
2022-01-16 14:03:03,721 [Command processor thread] INFO  server.RaftServer$Division (ServerState.java:close(419)) - 85ccfe40-d44a-4cce-8ecd-09036b5f4718@group-A77BBCEC0779: closes. applyIndex: 435
2022-01-16 14:03:03,721 [85ccfe40-d44a-4cce-8ecd-09036b5f4718@group-A77BBCEC0779-SegmentedRaftLogWorker] INFO  segmented.SegmentedRaftLogWorker (SegmentedRaftLogWorker.java:run(327)) - 85ccfe40-d44a-4cce-8ecd-09036b5f4718@group-A77BBCEC0779-SegmentedRaftLogWorker was interrupted, exiting. There are 0 tasks remaining in the queue.
2022-01-16 14:03:03,721 [Command processor thread] INFO  segmented.SegmentedRaftLogWorker (SegmentedRaftLogWorker.java:close(237)) - 85ccfe40-d44a-4cce-8ecd-09036b5f4718@group-A77BBCEC0779-SegmentedRaftLogWorker close()
2022-01-16 14:03:03,723 [Command processor thread] INFO  server.RaftServer$Division (RaftServerImpl.java:groupRemove(382)) - 85ccfe40-d44a-4cce-8ecd-09036b5f4718@group-A77BBCEC0779: Succeed to remove RaftStorageDirectory Storage Directory /home/runner/work/ozone/ozone/hadoop-ozone/integration-test/target/test-dir/MiniOzoneClusterImpl-8dcea29f-4d4f-4b68-9a1a-1d92263011bb/datanode-2/data/ratis/2bb02a01-81a3-48aa-b5fb-a77bbcec0779
2022-01-16 14:03:03,723 [Command processor thread] INFO  commandhandler.ClosePipelineCommandHandler (ClosePipelineCommandHandler.java:handle(78)) - Close Pipeline PipelineID=2bb02a01-81a3-48aa-b5fb-a77bbcec0779 command on datanode 85ccfe40-d44a-4cce-8ecd-09036b5f4718.
2022-01-16 14:03:03,723 [Command processor thread] INFO  server.RaftServer (RaftServerProxy.java:addNew(95)) - 85ccfe40-d44a-4cce-8ecd-09036b5f4718: addNew group-4A2A27F3DB13:[6bfb9779-376e-41d0-a4a3-df540c6cb1bb|rpc:10.1.0.30:35687|priority:0, fb2bbb8d-0a43-4468-9762-35835c6ecdd5|rpc:10.1.0.30:42593|priority:0, 85ccfe40-d44a-4cce-8ecd-09036b5f4718|rpc:10.1.0.30:34255|priority:1] returns group-4A2A27F3DB13:java.util.concurrent.CompletableFuture@3be820a6[Not completed]
2022-01-16 14:03:03,725 [pool-102-thread-1] INFO  server.RaftServer$Division (RaftServerImpl.java:<init>(184)) - 85ccfe40-d44a-4cce-8ecd-09036b5f4718: new RaftServerImpl for group-4A2A27F3DB13:[6bfb9779-376e-41d0-a4a3-df540c6cb1bb|rpc:10.1.0.30:35687|priority:0, fb2bbb8d-0a43-4468-9762-35835c6ecdd5|rpc:10.1.0.30:42593|priority:0, 85ccfe40-d44a-4cce-8ecd-09036b5f4718|rpc:10.1.0.30:34255|priority:1] with ContainerStateMachine:uninitialized
2022-01-16 14:03:03,726 [pool-102-thread-1] INFO  server.RaftServerConfigKeys (ConfUtils.java:logGet(44)) - raft.server.rpc.timeout.min = 5s (custom)
2022-01-16 14:03:03,726 [pool-102-thread-1] INFO  server.RaftServerConfigKeys (ConfUtils.java:logGet(44)) - raft.server.rpc.timeout.max = 5200ms (custom)
2022-01-16 14:03:03,726 [pool-102-thread-1] INFO  server.RaftServerConfigKeys (ConfUtils.java:logGet(44)) - raft.server.rpc.sleep.time = 25ms (default)
2022-01-16 14:03:03,726 [pool-102-thread-1] INFO  server.RaftServerConfigKeys (ConfUtils.java:logGet(44)) - raft.server.rpc.slowness.timeout = 300s (custom)
2022-01-16 14:03:03,726 [pool-102-thread-1] INFO  server.RaftServerConfigKeys (ConfUtils.java:logGet(44)) - raft.server.leaderelection.leader.step-down.wait-time = 10s (default)
2022-01-16 14:03:03,726 [pool-102-thread-1] INFO  server.RaftServerConfigKeys (ConfUtils.java:logGet(44)) - raft.server.sleep.deviation.threshold = 300ms (default)
2022-01-16 14:03:03,726 [pool-102-thread-1] INFO  server.RaftServerConfigKeys (ConfUtils.java:logGet(44)) - raft.server.log.appender.install.snapshot.enabled = false (custom)
2022-01-16 14:03:03,726 [pool-102-thread-1] INFO  server.RaftServer$Division (ServerState.java:<init>(105)) - 85ccfe40-d44a-4cce-8ecd-09036b5f4718@group-4A2A27F3DB13: ConfigurationManager, init=-1: [6bfb9779-376e-41d0-a4a3-df540c6cb1bb|rpc:10.1.0.30:35687|priority:0, fb2bbb8d-0a43-4468-9762-35835c6ecdd5|rpc:10.1.0.30:42593|priority:0, 85ccfe40-d44a-4cce-8ecd-09036b5f4718|rpc:10.1.0.30:34255|priority:1], old=null, confs=<EMPTY_MAP>
2022-01-16 14:03:03,726 [pool-102-thread-1] INFO  server.RaftServerConfigKeys (ConfUtils.java:logGet(44)) - raft.server.storage.dir = [/home/runner/work/ozone/ozone/hadoop-ozone/integration-test/target/test-dir/MiniOzoneClusterImpl-8dcea29f-4d4f-4b68-9a1a-1d92263011bb/datanode-2/data/ratis] (custom)
2022-01-16 14:03:03,726 [pool-102-thread-1] INFO  server.RaftServerConfigKeys (ConfUtils.java:logGet(44)) - raft.server.log.corruption.policy = EXCEPTION (default)
2022-01-16 14:03:03,726 [pool-102-thread-1] INFO  server.RaftServerConfigKeys (ConfUtils.java:logGet(44)) - raft.server.storage.free-space.min = 0MB (=0) (default)
2022-01-16 14:03:03,726 [pool-102-thread-1] INFO  storage.RaftStorageDirectory (RaftStorageDirectoryImpl.java:analyzeStorage(135)) - The storage directory /home/runner/work/ozone/ozone/hadoop-ozone/integration-test/target/test-dir/MiniOzoneClusterImpl-8dcea29f-4d4f-4b68-9a1a-1d92263011bb/datanode-2/data/ratis/be905a27-b916-4d7a-bd51-4a2a27f3db13 does not exist. Creating ...
2022-01-16 14:03:03,728 [pool-102-thread-1] INFO  storage.RaftStorageDirectory (RaftStorageDirectoryImpl.java:tryLock(230)) - Lock on /home/runner/work/ozone/ozone/hadoop-ozone/integration-test/target/test-dir/MiniOzoneClusterImpl-8dcea29f-4d4f-4b68-9a1a-1d92263011bb/datanode-2/data/ratis/be905a27-b916-4d7a-bd51-4a2a27f3db13/in_use.lock acquired by nodename 12258@fv-az395-972
2022-01-16 14:03:03,729 [pool-102-thread-1] INFO  storage.RaftStorage (RaftStorageImpl.java:format(89)) - Storage directory /home/runner/work/ozone/ozone/hadoop-ozone/integration-test/target/test-dir/MiniOzoneClusterImpl-8dcea29f-4d4f-4b68-9a1a-1d92263011bb/datanode-2/data/ratis/be905a27-b916-4d7a-bd51-4a2a27f3db13 has been successfully formatted.
2022-01-16 14:03:03,730 [pool-102-thread-1] INFO  ratis.ContainerStateMachine (ContainerStateMachine.java:loadSnapshot(231)) - group-4A2A27F3DB13: The snapshot info is null. Setting the last applied indexto:(t:0, i:~)
2022-01-16 14:03:03,731 [pool-102-thread-1] INFO  server.RaftServerConfigKeys (ConfUtils.java:logGet(44)) - raft.server.notification.no-leader.timeout = 300s (custom)
2022-01-16 14:03:03,731 [pool-102-thread-1] INFO  server.RaftServerConfigKeys (ConfUtils.java:logGet(44)) - raft.server.log.use.memory = false (default)
2022-01-16 14:03:03,731 [pool-102-thread-1] INFO  server.RaftServerConfigKeys (ConfUtils.java:logGet(44)) - raft.server.log.purge.gap = 1000000 (custom)
2022-01-16 14:03:03,731 [pool-102-thread-1] INFO  server.RaftServerConfigKeys (ConfUtils.java:logGet(44)) - raft.server.log.appender.buffer.byte-limit = 33554432 (custom)
2022-01-16 14:03:03,731 [pool-102-thread-1] INFO  server.RaftServerConfigKeys (ConfUtils.java:logGet(44)) - raft.server.log.segment.size.max = 1048576 (custom)
2022-01-16 14:03:03,731 [pool-102-thread-1] INFO  server.RaftServerConfigKeys (ConfUtils.java:logGet(44)) - raft.server.log.segment.cache.num.max = 2 (custom)
2022-01-16 14:03:03,732 [pool-102-thread-1] INFO  server.RaftServerConfigKeys (ConfUtils.java:logGet(44)) - raft.server.log.segment.cache.size.max = 200MB (=209715200) (default)
2022-01-16 14:03:03,733 [pool-102-thread-1] INFO  segmented.SegmentedRaftLogWorker (SegmentedRaftLogWorker.java:<init>(182)) - new 85ccfe40-d44a-4cce-8ecd-09036b5f4718@group-4A2A27F3DB13-SegmentedRaftLogWorker for RaftStorageImpl:Storage Directory /home/runner/work/ozone/ozone/hadoop-ozone/integration-test/target/test-dir/MiniOzoneClusterImpl-8dcea29f-4d4f-4b68-9a1a-1d92263011bb/datanode-2/data/ratis/be905a27-b916-4d7a-bd51-4a2a27f3db13
2022-01-16 14:03:03,733 [pool-102-thread-1] INFO  server.RaftServerConfigKeys (ConfUtils.java:logGet(44)) - raft.server.log.queue.byte-limit = 2147483647 (custom)
2022-01-16 14:03:03,733 [pool-102-thread-1] INFO  server.RaftServerConfigKeys (ConfUtils.java:logGet(44)) - raft.server.log.queue.element-limit = 1024 (custom)
2022-01-16 14:03:03,733 [pool-102-thread-1] INFO  server.RaftServerConfigKeys (ConfUtils.java:logGet(44)) - raft.server.log.segment.size.max = 1048576 (custom)
2022-01-16 14:03:03,733 [pool-102-thread-1] INFO  server.RaftServerConfigKeys (ConfUtils.java:logGet(44)) - raft.server.log.preallocated.size = 16384 (custom)
2022-01-16 14:03:03,733 [pool-102-thread-1] INFO  server.RaftServerConfigKeys (ConfUtils.java:logGet(44)) - raft.server.log.force.sync.num = 128 (default)
2022-01-16 14:03:03,733 [pool-102-thread-1] INFO  server.RaftServerConfigKeys (ConfUtils.java:logGet(44)) - raft.server.log.statemachine.data.sync = true (default)
2022-01-16 14:03:03,733 [pool-102-thread-1] INFO  server.RaftServerConfigKeys (ConfUtils.java:logGet(44)) - raft.server.log.statemachine.data.sync.timeout = 10s (default)
2022-01-16 14:03:03,733 [pool-102-thread-1] INFO  server.RaftServerConfigKeys (ConfUtils.java:logGet(44)) - raft.server.log.statemachine.data.sync.timeout.retry = -1 (default)
2022-01-16 14:03:03,734 [pool-102-thread-1] INFO  server.RaftServerConfigKeys (ConfUtils.java:logGet(44)) - raft.server.log.write.buffer.size = 1048576 (custom)
2022-01-16 14:03:03,737 [pool-102-thread-1] INFO  server.RaftServerConfigKeys (ConfUtils.java:logGet(44)) - raft.server.log.statemachine.data.caching.enabled = true (custom)
2022-01-16 14:03:03,737 [pool-102-thread-1] INFO  segmented.SegmentedRaftLogWorker (SegmentedRaftLogWorker.java:lambda$new$0(133)) - 85ccfe40-d44a-4cce-8ecd-09036b5f4718@group-4A2A27F3DB13-SegmentedRaftLogWorker: flushIndex: setUnconditionally 0 -> -1
2022-01-16 14:03:03,737 [pool-102-thread-1] INFO  segmented.SegmentedRaftLogWorker (SegmentedRaftLogWorker.java:lambda$new$0(133)) - 85ccfe40-d44a-4cce-8ecd-09036b5f4718@group-4A2A27F3DB13-SegmentedRaftLogWorker: safeCacheEvictIndex: setUnconditionally 0 -> -1
2022-01-16 14:03:03,741 [pool-102-thread-1] INFO  server.RaftServerConfigKeys (ConfUtils.java:logGet(44)) - raft.server.snapshot.auto.trigger.enabled = true (custom)
2022-01-16 14:03:03,741 [pool-102-thread-1] INFO  server.RaftServerConfigKeys (ConfUtils.java:logGet(44)) - raft.server.snapshot.auto.trigger.threshold = 10000 (custom)
2022-01-16 14:03:03,741 [pool-102-thread-1] INFO  server.RaftServerConfigKeys (ConfUtils.java:logGet(44)) - raft.server.snapshot.retention.file.num = 5 (custom)
2022-01-16 14:03:03,741 [pool-102-thread-1] INFO  server.RaftServerConfigKeys (ConfUtils.java:logGet(44)) - raft.server.log.purge.upto.snapshot.index = false (default)
2022-01-16 14:03:03,744 [pool-102-thread-1] INFO  server.RaftServerConfigKeys (ConfUtils.java:logGet(44)) - raft.server.retrycache.expirytime = 600000ms (custom)
2022-01-16 14:03:03,745 [pool-102-thread-1] INFO  server.RaftServerConfigKeys (ConfUtils.java:logGet(44)) - raft.server.retrycache.statistics.expirytime = 100μs (default)
2022-01-16 14:03:03,746 [pool-102-thread-1] INFO  server.RaftServer$Division (RaftServerImpl.java:start(301)) - 85ccfe40-d44a-4cce-8ecd-09036b5f4718@group-4A2A27F3DB13: start as a follower, conf=-1: [6bfb9779-376e-41d0-a4a3-df540c6cb1bb|rpc:10.1.0.30:35687|priority:0, fb2bbb8d-0a43-4468-9762-35835c6ecdd5|rpc:10.1.0.30:42593|priority:0, 85ccfe40-d44a-4cce-8ecd-09036b5f4718|rpc:10.1.0.30:34255|priority:1], old=null
2022-01-16 14:03:03,746 [pool-102-thread-1] INFO  server.RaftServer$Division (RaftServerImpl.java:setRole(290)) - 85ccfe40-d44a-4cce-8ecd-09036b5f4718@group-4A2A27F3DB13: changes role from      null to FOLLOWER at term 0 for startAsFollower
2022-01-16 14:03:03,746 [pool-102-thread-1] INFO  impl.RoleInfo (RoleInfo.java:updateAndGet(130)) - 85ccfe40-d44a-4cce-8ecd-09036b5f4718: start 85ccfe40-d44a-4cce-8ecd-09036b5f4718@group-4A2A27F3DB13-FollowerState
2022-01-16 14:03:03,761 [pool-102-thread-1] INFO  util.JmxRegister (JmxRegister.java:tryRegister(44)) - Successfully registered JMX Bean with object name Ratis:service=RaftServer,group=group-4A2A27F3DB13,id=85ccfe40-d44a-4cce-8ecd-09036b5f4718
2022-01-16 14:03:03,763 [Command processor thread] INFO  ratis.XceiverServerRatis (XceiverServerRatis.java:addGroup(768)) - Created group PipelineID=be905a27-b916-4d7a-bd51-4a2a27f3db13
2022-01-16 14:03:03,770 [grpc-default-executor-3] INFO  server.RaftServer (RaftServerProxy.java:addNew(95)) - fb2bbb8d-0a43-4468-9762-35835c6ecdd5: addNew group-4A2A27F3DB13:[6bfb9779-376e-41d0-a4a3-df540c6cb1bb|rpc:10.1.0.30:35687|dataStream:|priority:0, fb2bbb8d-0a43-4468-9762-35835c6ecdd5|rpc:10.1.0.30:42593|dataStream:|priority:0, 85ccfe40-d44a-4cce-8ecd-09036b5f4718|rpc:10.1.0.30:34255|dataStream:|priority:1] returns group-4A2A27F3DB13:java.util.concurrent.CompletableFuture@6e36b501[Not completed]
2022-01-16 14:03:03,770 [pool-421-thread-1] INFO  server.RaftServer$Division (RaftServerImpl.java:<init>(184)) - fb2bbb8d-0a43-4468-9762-35835c6ecdd5: new RaftServerImpl for group-4A2A27F3DB13:[6bfb9779-376e-41d0-a4a3-df540c6cb1bb|rpc:10.1.0.30:35687|dataStream:|priority:0, fb2bbb8d-0a43-4468-9762-35835c6ecdd5|rpc:10.1.0.30:42593|dataStream:|priority:0, 85ccfe40-d44a-4cce-8ecd-09036b5f4718|rpc:10.1.0.30:34255|dataStream:|priority:1] with ContainerStateMachine:uninitialized
2022-01-16 14:03:03,771 [pool-421-thread-1] INFO  server.RaftServerConfigKeys (ConfUtils.java:logGet(44)) - raft.server.rpc.timeout.min = 5s (custom)
2022-01-16 14:03:03,771 [pool-421-thread-1] INFO  server.RaftServerConfigKeys (ConfUtils.java:logGet(44)) - raft.server.rpc.timeout.max = 5200ms (custom)
2022-01-16 14:03:03,771 [pool-421-thread-1] INFO  server.RaftServerConfigKeys (ConfUtils.java:logGet(44)) - raft.server.rpc.sleep.time = 25ms (default)
2022-01-16 14:03:03,771 [pool-421-thread-1] INFO  server.RaftServerConfigKeys (ConfUtils.java:logGet(44)) - raft.server.rpc.slowness.timeout = 300s (custom)
2022-01-16 14:03:03,771 [pool-421-thread-1] INFO  server.RaftServerConfigKeys (ConfUtils.java:logGet(44)) - raft.server.leaderelection.leader.step-down.wait-time = 10s (default)
2022-01-16 14:03:03,771 [pool-421-thread-1] INFO  server.RaftServerConfigKeys (ConfUtils.java:logGet(44)) - raft.server.sleep.deviation.threshold = 300ms (default)
2022-01-16 14:03:03,771 [pool-421-thread-1] INFO  server.RaftServerConfigKeys (ConfUtils.java:logGet(44)) - raft.server.log.appender.install.snapshot.enabled = false (custom)
2022-01-16 14:03:03,771 [pool-421-thread-1] INFO  server.RaftServer$Division (ServerState.java:<init>(105)) - fb2bbb8d-0a43-4468-9762-35835c6ecdd5@group-4A2A27F3DB13: ConfigurationManager, init=-1: [6bfb9779-376e-41d0-a4a3-df540c6cb1bb|rpc:10.1.0.30:35687|dataStream:|priority:0, fb2bbb8d-0a43-4468-9762-35835c6ecdd5|rpc:10.1.0.30:42593|dataStream:|priority:0, 85ccfe40-d44a-4cce-8ecd-09036b5f4718|rpc:10.1.0.30:34255|dataStream:|priority:1], old=null, confs=<EMPTY_MAP>
2022-01-16 14:03:03,771 [pool-421-thread-1] INFO  server.RaftServerConfigKeys (ConfUtils.java:logGet(44)) - raft.server.storage.dir = [/home/runner/work/ozone/ozone/hadoop-ozone/integration-test/target/test-dir/MiniOzoneClusterImpl-8dcea29f-4d4f-4b68-9a1a-1d92263011bb/datanode-0/data/ratis] (custom)
2022-01-16 14:03:03,771 [pool-421-thread-1] INFO  server.RaftServerConfigKeys (ConfUtils.java:logGet(44)) - raft.server.log.corruption.policy = EXCEPTION (default)
2022-01-16 14:03:03,771 [pool-421-thread-1] INFO  server.RaftServerConfigKeys (ConfUtils.java:logGet(44)) - raft.server.storage.free-space.min = 0MB (=0) (default)
2022-01-16 14:03:03,771 [pool-421-thread-1] INFO  storage.RaftStorageDirectory (RaftStorageDirectoryImpl.java:analyzeStorage(135)) - The storage directory /home/runner/work/ozone/ozone/hadoop-ozone/integration-test/target/test-dir/MiniOzoneClusterImpl-8dcea29f-4d4f-4b68-9a1a-1d92263011bb/datanode-0/data/ratis/be905a27-b916-4d7a-bd51-4a2a27f3db13 does not exist. Creating ...
2022-01-16 14:03:03,772 [pool-421-thread-1] INFO  storage.RaftStorageDirectory (RaftStorageDirectoryImpl.java:tryLock(230)) - Lock on /home/runner/work/ozone/ozone/hadoop-ozone/integration-test/target/test-dir/MiniOzoneClusterImpl-8dcea29f-4d4f-4b68-9a1a-1d92263011bb/datanode-0/data/ratis/be905a27-b916-4d7a-bd51-4a2a27f3db13/in_use.lock acquired by nodename 12258@fv-az395-972
2022-01-16 14:03:03,774 [pool-421-thread-1] INFO  storage.RaftStorage (RaftStorageImpl.java:format(89)) - Storage directory /home/runner/work/ozone/ozone/hadoop-ozone/integration-test/target/test-dir/MiniOzoneClusterImpl-8dcea29f-4d4f-4b68-9a1a-1d92263011bb/datanode-0/data/ratis/be905a27-b916-4d7a-bd51-4a2a27f3db13 has been successfully formatted.
2022-01-16 14:03:03,774 [pool-421-thread-1] INFO  ratis.ContainerStateMachine (ContainerStateMachine.java:loadSnapshot(231)) - group-4A2A27F3DB13: The snapshot info is null. Setting the last applied indexto:(t:0, i:~)
2022-01-16 14:03:03,775 [pool-421-thread-1] INFO  server.RaftServerConfigKeys (ConfUtils.java:logGet(44)) - raft.server.notification.no-leader.timeout = 300s (custom)
2022-01-16 14:03:03,775 [pool-421-thread-1] INFO  server.RaftServerConfigKeys (ConfUtils.java:logGet(44)) - raft.server.log.use.memory = false (default)
2022-01-16 14:03:03,775 [pool-421-thread-1] INFO  server.RaftServerConfigKeys (ConfUtils.java:logGet(44)) - raft.server.log.purge.gap = 1000000 (custom)
2022-01-16 14:03:03,775 [pool-421-thread-1] INFO  server.RaftServerConfigKeys (ConfUtils.java:logGet(44)) - raft.server.log.appender.buffer.byte-limit = 33554432 (custom)
2022-01-16 14:03:03,775 [pool-421-thread-1] INFO  server.RaftServerConfigKeys (ConfUtils.java:logGet(44)) - raft.server.log.segment.size.max = 1048576 (custom)
2022-01-16 14:03:03,776 [pool-421-thread-1] INFO  server.RaftServerConfigKeys (ConfUtils.java:logGet(44)) - raft.server.log.segment.cache.num.max = 2 (custom)
2022-01-16 14:03:03,776 [pool-421-thread-1] INFO  server.RaftServerConfigKeys (ConfUtils.java:logGet(44)) - raft.server.log.segment.cache.size.max = 200MB (=209715200) (default)
2022-01-16 14:03:03,776 [pool-421-thread-1] INFO  segmented.SegmentedRaftLogWorker (SegmentedRaftLogWorker.java:<init>(182)) - new fb2bbb8d-0a43-4468-9762-35835c6ecdd5@group-4A2A27F3DB13-SegmentedRaftLogWorker for RaftStorageImpl:Storage Directory /home/runner/work/ozone/ozone/hadoop-ozone/integration-test/target/test-dir/MiniOzoneClusterImpl-8dcea29f-4d4f-4b68-9a1a-1d92263011bb/datanode-0/data/ratis/be905a27-b916-4d7a-bd51-4a2a27f3db13
2022-01-16 14:03:03,776 [pool-421-thread-1] INFO  server.RaftServerConfigKeys (ConfUtils.java:logGet(44)) - raft.server.log.queue.byte-limit = 2147483647 (custom)
2022-01-16 14:03:03,776 [pool-421-thread-1] INFO  server.RaftServerConfigKeys (ConfUtils.java:logGet(44)) - raft.server.log.queue.element-limit = 1024 (custom)
2022-01-16 14:03:03,776 [pool-421-thread-1] INFO  server.RaftServerConfigKeys (ConfUtils.java:logGet(44)) - raft.server.log.segment.size.max = 1048576 (custom)
2022-01-16 14:03:03,776 [pool-421-thread-1] INFO  server.RaftServerConfigKeys (ConfUtils.java:logGet(44)) - raft.server.log.preallocated.size = 16384 (custom)
2022-01-16 14:03:03,776 [pool-421-thread-1] INFO  server.RaftServerConfigKeys (ConfUtils.java:logGet(44)) - raft.server.log.force.sync.num = 128 (default)
2022-01-16 14:03:03,776 [pool-421-thread-1] INFO  server.RaftServerConfigKeys (ConfUtils.java:logGet(44)) - raft.server.log.statemachine.data.sync = true (default)
2022-01-16 14:03:03,776 [pool-421-thread-1] INFO  server.RaftServerConfigKeys (ConfUtils.java:logGet(44)) - raft.server.log.statemachine.data.sync.timeout = 10s (default)
2022-01-16 14:03:03,776 [pool-421-thread-1] INFO  server.RaftServerConfigKeys (ConfUtils.java:logGet(44)) - raft.server.log.statemachine.data.sync.timeout.retry = -1 (default)
2022-01-16 14:03:03,776 [EventQueue-PipelineReportForPipelineReportHandler] INFO  pipeline.PipelineReportHandler (PipelineReportHandler.java:processPipelineReport(113)) - Reported pipeline PipelineID=26eb92ff-316e-4aec-bc6c-899f572a00d9 is not found
2022-01-16 14:03:03,777 [EventQueue-PipelineReportForPipelineReportHandler] INFO  pipeline.PipelineReportHandler (PipelineReportHandler.java:processPipelineReport(113)) - Reported pipeline PipelineID=223f805e-ff61-419b-9cd4-58fdde1ef6f0 is not found
2022-01-16 14:03:03,777 [EventQueue-PipelineReportForPipelineReportHandler] INFO  pipeline.PipelineReportHandler (PipelineReportHandler.java:processPipelineReport(113)) - Reported pipeline PipelineID=2bb02a01-81a3-48aa-b5fb-a77bbcec0779 is not found
2022-01-16 14:03:03,778 [pool-421-thread-1] INFO  server.RaftServerConfigKeys (ConfUtils.java:logGet(44)) - raft.server.log.write.buffer.size = 1048576 (custom)
2022-01-16 14:03:03,780 [pool-421-thread-1] INFO  server.RaftServerConfigKeys (ConfUtils.java:logGet(44)) - raft.server.log.statemachine.data.caching.enabled = true (custom)
2022-01-16 14:03:03,780 [pool-421-thread-1] INFO  segmented.SegmentedRaftLogWorker (SegmentedRaftLogWorker.java:lambda$new$0(133)) - fb2bbb8d-0a43-4468-9762-35835c6ecdd5@group-4A2A27F3DB13-SegmentedRaftLogWorker: flushIndex: setUnconditionally 0 -> -1
2022-01-16 14:03:03,780 [pool-421-thread-1] INFO  segmented.SegmentedRaftLogWorker (SegmentedRaftLogWorker.java:lambda$new$0(133)) - fb2bbb8d-0a43-4468-9762-35835c6ecdd5@group-4A2A27F3DB13-SegmentedRaftLogWorker: safeCacheEvictIndex: setUnconditionally 0 -> -1
2022-01-16 14:03:03,787 [pool-421-thread-1] INFO  server.RaftServerConfigKeys (ConfUtils.java:logGet(44)) - raft.server.snapshot.auto.trigger.enabled = true (custom)
2022-01-16 14:03:03,787 [pool-421-thread-1] INFO  server.RaftServerConfigKeys (ConfUtils.java:logGet(44)) - raft.server.snapshot.auto.trigger.threshold = 10000 (custom)
2022-01-16 14:03:03,787 [pool-421-thread-1] INFO  server.RaftServerConfigKeys (ConfUtils.java:logGet(44)) - raft.server.snapshot.retention.file.num = 5 (custom)
2022-01-16 14:03:03,787 [pool-421-thread-1] INFO  server.RaftServerConfigKeys (ConfUtils.java:logGet(44)) - raft.server.log.purge.upto.snapshot.index = false (default)
2022-01-16 14:03:03,787 [pool-421-thread-1] INFO  server.RaftServerConfigKeys (ConfUtils.java:logGet(44)) - raft.server.retrycache.expirytime = 600000ms (custom)
2022-01-16 14:03:03,787 [pool-421-thread-1] INFO  server.RaftServerConfigKeys (ConfUtils.java:logGet(44)) - raft.server.retrycache.statistics.expirytime = 100μs (default)
2022-01-16 14:03:03,788 [pool-421-thread-1] INFO  server.RaftServer$Division (RaftServerImpl.java:start(301)) - fb2bbb8d-0a43-4468-9762-35835c6ecdd5@group-4A2A27F3DB13: start as a follower, conf=-1: [6bfb9779-376e-41d0-a4a3-df540c6cb1bb|rpc:10.1.0.30:35687|dataStream:|priority:0, fb2bbb8d-0a43-4468-9762-35835c6ecdd5|rpc:10.1.0.30:42593|dataStream:|priority:0, 85ccfe40-d44a-4cce-8ecd-09036b5f4718|rpc:10.1.0.30:34255|dataStream:|priority:1], old=null
2022-01-16 14:03:03,788 [pool-421-thread-1] INFO  server.RaftServer$Division (RaftServerImpl.java:setRole(290)) - fb2bbb8d-0a43-4468-9762-35835c6ecdd5@group-4A2A27F3DB13: changes role from      null to FOLLOWER at term 0 for startAsFollower
2022-01-16 14:03:03,788 [pool-421-thread-1] INFO  impl.RoleInfo (RoleInfo.java:updateAndGet(130)) - fb2bbb8d-0a43-4468-9762-35835c6ecdd5: start fb2bbb8d-0a43-4468-9762-35835c6ecdd5@group-4A2A27F3DB13-FollowerState
2022-01-16 14:03:03,813 [pool-421-thread-1] INFO  util.JmxRegister (JmxRegister.java:tryRegister(44)) - Successfully registered JMX Bean with object name Ratis:service=RaftServer,group=group-4A2A27F3DB13,id=fb2bbb8d-0a43-4468-9762-35835c6ecdd5
2022-01-16 14:03:03,833 [grpc-default-executor-3] INFO  server.RaftServer (RaftServerProxy.java:addNew(95)) - 6bfb9779-376e-41d0-a4a3-df540c6cb1bb: addNew group-4A2A27F3DB13:[6bfb9779-376e-41d0-a4a3-df540c6cb1bb|rpc:10.1.0.30:35687|dataStream:|priority:0, fb2bbb8d-0a43-4468-9762-35835c6ecdd5|rpc:10.1.0.30:42593|dataStream:|priority:0, 85ccfe40-d44a-4cce-8ecd-09036b5f4718|rpc:10.1.0.30:34255|dataStream:|priority:1] returns group-4A2A27F3DB13:java.util.concurrent.CompletableFuture@6a530243[Not completed]
2022-01-16 14:03:03,835 [pool-81-thread-1] INFO  server.RaftServer$Division (RaftServerImpl.java:<init>(184)) - 6bfb9779-376e-41d0-a4a3-df540c6cb1bb: new RaftServerImpl for group-4A2A27F3DB13:[6bfb9779-376e-41d0-a4a3-df540c6cb1bb|rpc:10.1.0.30:35687|dataStream:|priority:0, fb2bbb8d-0a43-4468-9762-35835c6ecdd5|rpc:10.1.0.30:42593|dataStream:|priority:0, 85ccfe40-d44a-4cce-8ecd-09036b5f4718|rpc:10.1.0.30:34255|dataStream:|priority:1] with ContainerStateMachine:uninitialized
2022-01-16 14:03:03,835 [pool-81-thread-1] INFO  server.RaftServerConfigKeys (ConfUtils.java:logGet(44)) - raft.server.rpc.timeout.min = 5s (custom)
2022-01-16 14:03:03,835 [pool-81-thread-1] INFO  server.RaftServerConfigKeys (ConfUtils.java:logGet(44)) - raft.server.rpc.timeout.max = 5200ms (custom)
2022-01-16 14:03:03,835 [pool-81-thread-1] INFO  server.RaftServerConfigKeys (ConfUtils.java:logGet(44)) - raft.server.rpc.sleep.time = 25ms (default)
2022-01-16 14:03:03,835 [pool-81-thread-1] INFO  server.RaftServerConfigKeys (ConfUtils.java:logGet(44)) - raft.server.rpc.slowness.timeout = 300s (custom)
2022-01-16 14:03:03,835 [pool-81-thread-1] INFO  server.RaftServerConfigKeys (ConfUtils.java:logGet(44)) - raft.server.leaderelection.leader.step-down.wait-time = 10s (default)
2022-01-16 14:03:03,835 [pool-81-thread-1] INFO  server.RaftServerConfigKeys (ConfUtils.java:logGet(44)) - raft.server.sleep.deviation.threshold = 300ms (default)
2022-01-16 14:03:03,835 [pool-81-thread-1] INFO  server.RaftServerConfigKeys (ConfUtils.java:logGet(44)) - raft.server.log.appender.install.snapshot.enabled = false (custom)
2022-01-16 14:03:03,835 [pool-81-thread-1] INFO  server.RaftServer$Division (ServerState.java:<init>(105)) - 6bfb9779-376e-41d0-a4a3-df540c6cb1bb@group-4A2A27F3DB13: ConfigurationManager, init=-1: [6bfb9779-376e-41d0-a4a3-df540c6cb1bb|rpc:10.1.0.30:35687|dataStream:|priority:0, fb2bbb8d-0a43-4468-9762-35835c6ecdd5|rpc:10.1.0.30:42593|dataStream:|priority:0, 85ccfe40-d44a-4cce-8ecd-09036b5f4718|rpc:10.1.0.30:34255|dataStream:|priority:1], old=null, confs=<EMPTY_MAP>
2022-01-16 14:03:03,835 [pool-81-thread-1] INFO  server.RaftServerConfigKeys (ConfUtils.java:logGet(44)) - raft.server.storage.dir = [/home/runner/work/ozone/ozone/hadoop-ozone/integration-test/target/test-dir/MiniOzoneClusterImpl-8dcea29f-4d4f-4b68-9a1a-1d92263011bb/datanode-1/data/ratis] (custom)
2022-01-16 14:03:03,835 [pool-81-thread-1] INFO  server.RaftServerConfigKeys (ConfUtils.java:logGet(44)) - raft.server.log.corruption.policy = EXCEPTION (default)
2022-01-16 14:03:03,835 [pool-81-thread-1] INFO  server.RaftServerConfigKeys (ConfUtils.java:logGet(44)) - raft.server.storage.free-space.min = 0MB (=0) (default)
2022-01-16 14:03:03,835 [pool-81-thread-1] INFO  storage.RaftStorageDirectory (RaftStorageDirectoryImpl.java:analyzeStorage(135)) - The storage directory /home/runner/work/ozone/ozone/hadoop-ozone/integration-test/target/test-dir/MiniOzoneClusterImpl-8dcea29f-4d4f-4b68-9a1a-1d92263011bb/datanode-1/data/ratis/be905a27-b916-4d7a-bd51-4a2a27f3db13 does not exist. Creating ...
2022-01-16 14:03:03,837 [pool-81-thread-1] INFO  storage.RaftStorageDirectory (RaftStorageDirectoryImpl.java:tryLock(230)) - Lock on /home/runner/work/ozone/ozone/hadoop-ozone/integration-test/target/test-dir/MiniOzoneClusterImpl-8dcea29f-4d4f-4b68-9a1a-1d92263011bb/datanode-1/data/ratis/be905a27-b916-4d7a-bd51-4a2a27f3db13/in_use.lock acquired by nodename 12258@fv-az395-972
2022-01-16 14:03:03,839 [pool-81-thread-1] INFO  storage.RaftStorage (RaftStorageImpl.java:format(89)) - Storage directory /home/runner/work/ozone/ozone/hadoop-ozone/integration-test/target/test-dir/MiniOzoneClusterImpl-8dcea29f-4d4f-4b68-9a1a-1d92263011bb/datanode-1/data/ratis/be905a27-b916-4d7a-bd51-4a2a27f3db13 has been successfully formatted.
2022-01-16 14:03:03,840 [pool-81-thread-1] INFO  ratis.ContainerStateMachine (ContainerStateMachine.java:loadSnapshot(231)) - group-4A2A27F3DB13: The snapshot info is null. Setting the last applied indexto:(t:0, i:~)
2022-01-16 14:03:03,840 [pool-81-thread-1] INFO  server.RaftServerConfigKeys (ConfUtils.java:logGet(44)) - raft.server.notification.no-leader.timeout = 300s (custom)
2022-01-16 14:03:03,840 [pool-81-thread-1] INFO  server.RaftServerConfigKeys (ConfUtils.java:logGet(44)) - raft.server.log.use.memory = false (default)
2022-01-16 14:03:03,840 [pool-81-thread-1] INFO  server.RaftServerConfigKeys (ConfUtils.java:logGet(44)) - raft.server.log.purge.gap = 1000000 (custom)
2022-01-16 14:03:03,840 [pool-81-thread-1] INFO  server.RaftServerConfigKeys (ConfUtils.java:logGet(44)) - raft.server.log.appender.buffer.byte-limit = 33554432 (custom)
2022-01-16 14:03:03,840 [pool-81-thread-1] INFO  server.RaftServerConfigKeys (ConfUtils.java:logGet(44)) - raft.server.log.segment.size.max = 1048576 (custom)
2022-01-16 14:03:03,841 [pool-81-thread-1] INFO  server.RaftServerConfigKeys (ConfUtils.java:logGet(44)) - raft.server.log.segment.cache.num.max = 2 (custom)
2022-01-16 14:03:03,841 [pool-81-thread-1] INFO  server.RaftServerConfigKeys (ConfUtils.java:logGet(44)) - raft.server.log.segment.cache.size.max = 200MB (=209715200) (default)
2022-01-16 14:03:03,841 [pool-81-thread-1] INFO  segmented.SegmentedRaftLogWorker (SegmentedRaftLogWorker.java:<init>(182)) - new 6bfb9779-376e-41d0-a4a3-df540c6cb1bb@group-4A2A27F3DB13-SegmentedRaftLogWorker for RaftStorageImpl:Storage Directory /home/runner/work/ozone/ozone/hadoop-ozone/integration-test/target/test-dir/MiniOzoneClusterImpl-8dcea29f-4d4f-4b68-9a1a-1d92263011bb/datanode-1/data/ratis/be905a27-b916-4d7a-bd51-4a2a27f3db13
2022-01-16 14:03:03,841 [pool-81-thread-1] INFO  server.RaftServerConfigKeys (ConfUtils.java:logGet(44)) - raft.server.log.queue.byte-limit = 2147483647 (custom)
2022-01-16 14:03:03,841 [pool-81-thread-1] INFO  server.RaftServerConfigKeys (ConfUtils.java:logGet(44)) - raft.server.log.queue.element-limit = 1024 (custom)
2022-01-16 14:03:03,841 [pool-81-thread-1] INFO  server.RaftServerConfigKeys (ConfUtils.java:logGet(44)) - raft.server.log.segment.size.max = 1048576 (custom)
2022-01-16 14:03:03,842 [pool-81-thread-1] INFO  server.RaftServerConfigKeys (ConfUtils.java:logGet(44)) - raft.server.log.preallocated.size = 16384 (custom)
2022-01-16 14:03:03,842 [pool-81-thread-1] INFO  server.RaftServerConfigKeys (ConfUtils.java:logGet(44)) - raft.server.log.force.sync.num = 128 (default)
2022-01-16 14:03:03,842 [pool-81-thread-1] INFO  server.RaftServerConfigKeys (ConfUtils.java:logGet(44)) - raft.server.log.statemachine.data.sync = true (default)
2022-01-16 14:03:03,843 [pool-81-thread-1] INFO  server.RaftServerConfigKeys (ConfUtils.java:logGet(44)) - raft.server.log.statemachine.data.sync.timeout = 10s (default)
2022-01-16 14:03:03,843 [pool-81-thread-1] INFO  server.RaftServerConfigKeys (ConfUtils.java:logGet(44)) - raft.server.log.statemachine.data.sync.timeout.retry = -1 (default)
2022-01-16 14:03:03,844 [pool-81-thread-1] INFO  server.RaftServerConfigKeys (ConfUtils.java:logGet(44)) - raft.server.log.write.buffer.size = 1048576 (custom)
2022-01-16 14:03:03,844 [pool-81-thread-1] INFO  server.RaftServerConfigKeys (ConfUtils.java:logGet(44)) - raft.server.log.statemachine.data.caching.enabled = true (custom)
2022-01-16 14:03:03,844 [pool-81-thread-1] INFO  segmented.SegmentedRaftLogWorker (SegmentedRaftLogWorker.java:lambda$new$0(133)) - 6bfb9779-376e-41d0-a4a3-df540c6cb1bb@group-4A2A27F3DB13-SegmentedRaftLogWorker: flushIndex: setUnconditionally 0 -> -1
2022-01-16 14:03:03,845 [pool-81-thread-1] INFO  segmented.SegmentedRaftLogWorker (SegmentedRaftLogWorker.java:lambda$new$0(133)) - 6bfb9779-376e-41d0-a4a3-df540c6cb1bb@group-4A2A27F3DB13-SegmentedRaftLogWorker: safeCacheEvictIndex: setUnconditionally 0 -> -1
2022-01-16 14:03:03,853 [pool-81-thread-1] INFO  server.RaftServerConfigKeys (ConfUtils.java:logGet(44)) - raft.server.snapshot.auto.trigger.enabled = true (custom)
2022-01-16 14:03:03,854 [Time-limited test] INFO  ozoneimpl.OzoneContainer (OzoneContainer.java:stop(336)) - Attempting to stop container services.
2022-01-16 14:03:03,854 [pool-81-thread-1] INFO  server.RaftServerConfigKeys (ConfUtils.java:logGet(44)) - raft.server.snapshot.auto.trigger.threshold = 10000 (custom)
2022-01-16 14:03:03,854 [pool-81-thread-1] INFO  server.RaftServerConfigKeys (ConfUtils.java:logGet(44)) - raft.server.snapshot.retention.file.num = 5 (custom)
2022-01-16 14:03:03,855 [pool-81-thread-1] INFO  server.RaftServerConfigKeys (ConfUtils.java:logGet(44)) - raft.server.log.purge.upto.snapshot.index = false (default)
2022-01-16 14:03:03,855 [pool-81-thread-1] INFO  server.RaftServerConfigKeys (ConfUtils.java:logGet(44)) - raft.server.retrycache.expirytime = 600000ms (custom)
2022-01-16 14:03:03,855 [pool-81-thread-1] INFO  server.RaftServerConfigKeys (ConfUtils.java:logGet(44)) - raft.server.retrycache.statistics.expirytime = 100μs (default)
2022-01-16 14:03:03,856 [pool-81-thread-1] INFO  server.RaftServer (RaftServerProxy.java:remove(106)) - 6bfb9779-376e-41d0-a4a3-df540c6cb1bb: remove      null 6bfb9779-376e-41d0-a4a3-df540c6cb1bb@group-4A2A27F3DB13:t0, leader=null, voted=, raftlog=6bfb9779-376e-41d0-a4a3-df540c6cb1bb@group-4A2A27F3DB13-SegmentedRaftLog:OPENED:c-1, conf=-1: [6bfb9779-376e-41d0-a4a3-df540c6cb1bb|rpc:10.1.0.30:35687|dataStream:|priority:0, fb2bbb8d-0a43-4468-9762-35835c6ecdd5|rpc:10.1.0.30:42593|dataStream:|priority:0, 85ccfe40-d44a-4cce-8ecd-09036b5f4718|rpc:10.1.0.30:34255|dataStream:|priority:1], old=null NEW
2022-01-16 14:03:03,857 [pool-81-thread-1] WARN  server.RaftServer (RaftServerProxy.java:lambda$groupAddAsync$13(483)) - 6bfb9779-376e-41d0-a4a3-df540c6cb1bb: Failed groupAdd* GroupManagementRequest:client-FBB46FB8F2AC->6bfb9779-376e-41d0-a4a3-df540c6cb1bb@group-4A2A27F3DB13, cid=606, seq=0, RW, null, Add:group-4A2A27F3DB13:[6bfb9779-376e-41d0-a4a3-df540c6cb1bb|rpc:10.1.0.30:35687|dataStream:|priority:0, fb2bbb8d-0a43-4468-9762-35835c6ecdd5|rpc:10.1.0.30:42593|dataStream:|priority:0, 85ccfe40-d44a-4cce-8ecd-09036b5f4718|rpc:10.1.0.30:34255|dataStream:|priority:1]
java.util.concurrent.CompletionException: java.util.concurrent.RejectedExecutionException: Task java.util.concurrent.CompletableFuture$UniApply@5c33af4a rejected from java.util.concurrent.ThreadPoolExecutor@3202a450[Shutting down, pool size = 1, active threads = 1, queued tasks = 0, completed tasks = 6]
	at java.util.concurrent.CompletableFuture.encodeThrowable(CompletableFuture.java:273)
	at java.util.concurrent.CompletableFuture.completeThrowable(CompletableFuture.java:280)
	at java.util.concurrent.CompletableFuture.uniApply(CompletableFuture.java:618)
	at java.util.concurrent.CompletableFuture$UniApply.tryFire(CompletableFuture.java:591)
	at java.util.concurrent.CompletableFuture.postComplete(CompletableFuture.java:488)
	at java.util.concurrent.CompletableFuture$AsyncSupply.run(CompletableFuture.java:1609)
	at java.util.concurrent.ThreadPoolExecutor.runWorker(ThreadPoolExecutor.java:1149)
	at java.util.concurrent.ThreadPoolExecutor$Worker.run(ThreadPoolExecutor.java:624)
	at java.lang.Thread.run(Thread.java:748)
Caused by: java.util.concurrent.RejectedExecutionException: Task java.util.concurrent.CompletableFuture$UniApply@5c33af4a rejected from java.util.concurrent.ThreadPoolExecutor@3202a450[Shutting down, pool size = 1, active threads = 1, queued tasks = 0, completed tasks = 6]
	at java.util.concurrent.ThreadPoolExecutor$AbortPolicy.rejectedExecution(ThreadPoolExecutor.java:2063)
	at java.util.concurrent.ThreadPoolExecutor.reject(ThreadPoolExecutor.java:830)
	at java.util.concurrent.ThreadPoolExecutor.execute(ThreadPoolExecutor.java:1379)
	at java.util.concurrent.Executors$DelegatedExecutorService.execute(Executors.java:668)
	at java.util.concurrent.CompletableFuture$UniCompletion.claim(CompletableFuture.java:543)
	at java.util.concurrent.CompletableFuture.uniApply(CompletableFuture.java:613)
	... 6 more
2022-01-16 14:03:03,858 [Time-limited test] INFO  server.RaftServer (RaftServerProxy.java:lambda$close$6(391)) - 6bfb9779-376e-41d0-a4a3-df540c6cb1bb: close
2022-01-16 14:03:03,863 [Time-limited test] INFO  server.RaftServer$Division (RaftServerImpl.java:lambda$close$4(412)) - 6bfb9779-376e-41d0-a4a3-df540c6cb1bb@group-D0FCC1B5800B: shutdown
2022-01-16 14:03:03,863 [Time-limited test] INFO  util.JmxRegister (JmxRegister.java:unregister(73)) - Successfully un-registered JMX Bean with object name Ratis:service=RaftServer,group=group-D0FCC1B5800B,id=6bfb9779-376e-41d0-a4a3-df540c6cb1bb
2022-01-16 14:03:03,863 [Time-limited test] INFO  impl.RoleInfo (RoleInfo.java:shutdownLeaderState(91)) - 6bfb9779-376e-41d0-a4a3-df540c6cb1bb: shutdown 6bfb9779-376e-41d0-a4a3-df540c6cb1bb@group-D0FCC1B5800B-LeaderStateImpl
2022-01-16 14:03:03,863 [Time-limited test] INFO  impl.PendingRequests (PendingRequests.java:sendNotLeaderResponses(282)) - 6bfb9779-376e-41d0-a4a3-df540c6cb1bb@group-D0FCC1B5800B-PendingRequests: sendNotLeaderResponses
2022-01-16 14:03:03,872 [Time-limited test] INFO  impl.StateMachineUpdater (StateMachineUpdater.java:stopAndJoin(149)) - 6bfb9779-376e-41d0-a4a3-df540c6cb1bb@group-D0FCC1B5800B-StateMachineUpdater: set stopIndex = 9
2022-01-16 14:03:03,872 [6bfb9779-376e-41d0-a4a3-df540c6cb1bb@group-D0FCC1B5800B-StateMachineUpdater] INFO  ratis.ContainerStateMachine (ContainerStateMachine.java:takeSnapshot(299)) - group-D0FCC1B5800B: Taking a snapshot at:(t:1, i:9) file /home/runner/work/ozone/ozone/hadoop-ozone/integration-test/target/test-dir/MiniOzoneClusterImpl-8dcea29f-4d4f-4b68-9a1a-1d92263011bb/datanode-1/data/ratis/c18d7b6c-32c8-4880-b14f-d0fcc1b5800b/sm/snapshot.1_9
2022-01-16 14:03:03,873 [ForkJoinPool.commonPool-worker-0] INFO  server.RaftServer$Division (RaftServerImpl.java:lambda$close$4(412)) - 6bfb9779-376e-41d0-a4a3-df540c6cb1bb@group-A77BBCEC0779: shutdown
2022-01-16 14:03:03,873 [ForkJoinPool.commonPool-worker-0] INFO  util.JmxRegister (JmxRegister.java:unregister(73)) - Successfully un-registered JMX Bean with object name Ratis:service=RaftServer,group=group-A77BBCEC0779,id=6bfb9779-376e-41d0-a4a3-df540c6cb1bb
2022-01-16 14:03:03,873 [ForkJoinPool.commonPool-worker-0] INFO  impl.RoleInfo (RoleInfo.java:shutdownFollowerState(108)) - 6bfb9779-376e-41d0-a4a3-df540c6cb1bb: shutdown 6bfb9779-376e-41d0-a4a3-df540c6cb1bb@group-A77BBCEC0779-FollowerState
2022-01-16 14:03:03,873 [ForkJoinPool.commonPool-worker-0] INFO  impl.StateMachineUpdater (StateMachineUpdater.java:stopAndJoin(149)) - 6bfb9779-376e-41d0-a4a3-df540c6cb1bb@group-A77BBCEC0779-StateMachineUpdater: set stopIndex = 435
2022-01-16 14:03:03,873 [6bfb9779-376e-41d0-a4a3-df540c6cb1bb@group-A77BBCEC0779-FollowerState] INFO  impl.FollowerState (FollowerState.java:run(143)) - 6bfb9779-376e-41d0-a4a3-df540c6cb1bb@group-A77BBCEC0779-FollowerState was interrupted: {}
java.lang.InterruptedException: sleep interrupted
	at java.lang.Thread.sleep(Native Method)
	at java.lang.Thread.sleep(Thread.java:340)
	at java.util.concurrent.TimeUnit.sleep(TimeUnit.java:386)
	at org.apache.ratis.util.TimeDuration.sleep(TimeDuration.java:324)
	at org.apache.ratis.util.TimeDuration.sleep(TimeDuration.java:309)
	at org.apache.ratis.server.impl.FollowerState.run(FollowerState.java:118)
2022-01-16 14:03:03,873 [6bfb9779-376e-41d0-a4a3-df540c6cb1bb@group-A77BBCEC0779-StateMachineUpdater] INFO  ratis.ContainerStateMachine (ContainerStateMachine.java:takeSnapshot(299)) - group-A77BBCEC0779: Taking a snapshot at:(t:2, i:435) file /home/runner/work/ozone/ozone/hadoop-ozone/integration-test/target/test-dir/MiniOzoneClusterImpl-8dcea29f-4d4f-4b68-9a1a-1d92263011bb/datanode-1/data/ratis/2bb02a01-81a3-48aa-b5fb-a77bbcec0779/sm/snapshot.2_435
2022-01-16 14:03:03,874 [6bfb9779-376e-41d0-a4a3-df540c6cb1bb@group-A77BBCEC0779-StateMachineUpdater] INFO  ratis.ContainerStateMachine (ContainerStateMachine.java:takeSnapshot(310)) - group-A77BBCEC0779: Finished taking a snapshot at:(t:2, i:435) file:/home/runner/work/ozone/ozone/hadoop-ozone/integration-test/target/test-dir/MiniOzoneClusterImpl-8dcea29f-4d4f-4b68-9a1a-1d92263011bb/datanode-1/data/ratis/2bb02a01-81a3-48aa-b5fb-a77bbcec0779/sm/snapshot.2_435 took: 0 ms
2022-01-16 14:03:03,874 [6bfb9779-376e-41d0-a4a3-df540c6cb1bb@group-A77BBCEC0779-StateMachineUpdater] INFO  impl.StateMachineUpdater (StateMachineUpdater.java:takeSnapshot(281)) - 6bfb9779-376e-41d0-a4a3-df540c6cb1bb@group-A77BBCEC0779-StateMachineUpdater: Took a snapshot at index 435
2022-01-16 14:03:03,874 [6bfb9779-376e-41d0-a4a3-df540c6cb1bb@group-A77BBCEC0779-StateMachineUpdater] INFO  impl.StateMachineUpdater (StateMachineUpdater.java:lambda$new$0(89)) - 6bfb9779-376e-41d0-a4a3-df540c6cb1bb@group-A77BBCEC0779-StateMachineUpdater: snapshotIndex: updateIncreasingly -1 -> 435
2022-01-16 14:03:03,875 [6bfb9779-376e-41d0-a4a3-df540c6cb1bb@group-D0FCC1B5800B-StateMachineUpdater] INFO  ratis.ContainerStateMachine (ContainerStateMachine.java:takeSnapshot(310)) - group-D0FCC1B5800B: Finished taking a snapshot at:(t:1, i:9) file:/home/runner/work/ozone/ozone/hadoop-ozone/integration-test/target/test-dir/MiniOzoneClusterImpl-8dcea29f-4d4f-4b68-9a1a-1d92263011bb/datanode-1/data/ratis/c18d7b6c-32c8-4880-b14f-d0fcc1b5800b/sm/snapshot.1_9 took: 3 ms
2022-01-16 14:03:03,875 [6bfb9779-376e-41d0-a4a3-df540c6cb1bb@group-D0FCC1B5800B-StateMachineUpdater] INFO  impl.StateMachineUpdater (StateMachineUpdater.java:takeSnapshot(281)) - 6bfb9779-376e-41d0-a4a3-df540c6cb1bb@group-D0FCC1B5800B-StateMachineUpdater: Took a snapshot at index 9
2022-01-16 14:03:03,875 [6bfb9779-376e-41d0-a4a3-df540c6cb1bb@group-D0FCC1B5800B-StateMachineUpdater] INFO  impl.StateMachineUpdater (StateMachineUpdater.java:lambda$new$0(89)) - 6bfb9779-376e-41d0-a4a3-df540c6cb1bb@group-D0FCC1B5800B-StateMachineUpdater: snapshotIndex: updateIncreasingly -1 -> 9
2022-01-16 14:03:03,876 [Time-limited test] INFO  server.RaftServer$Division (ServerState.java:close(419)) - 6bfb9779-376e-41d0-a4a3-df540c6cb1bb@group-D0FCC1B5800B: closes. applyIndex: 9
2022-01-16 14:03:03,876 [6bfb9779-376e-41d0-a4a3-df540c6cb1bb@group-D0FCC1B5800B-SegmentedRaftLogWorker] INFO  segmented.SegmentedRaftLogWorker (SegmentedRaftLogWorker.java:run(327)) - 6bfb9779-376e-41d0-a4a3-df540c6cb1bb@group-D0FCC1B5800B-SegmentedRaftLogWorker was interrupted, exiting. There are 0 tasks remaining in the queue.
2022-01-16 14:03:03,876 [Time-limited test] INFO  segmented.SegmentedRaftLogWorker (SegmentedRaftLogWorker.java:close(237)) - 6bfb9779-376e-41d0-a4a3-df540c6cb1bb@group-D0FCC1B5800B-SegmentedRaftLogWorker close()
2022-01-16 14:03:03,886 [Time-limited test] INFO  server.RaftServer$Division (RaftServerImpl.java:lambda$close$4(412)) - 6bfb9779-376e-41d0-a4a3-df540c6cb1bb@group-899F572A00D9: shutdown
2022-01-16 14:03:03,886 [Time-limited test] INFO  util.JmxRegister (JmxRegister.java:unregister(73)) - Successfully un-registered JMX Bean with object name Ratis:service=RaftServer,group=group-899F572A00D9,id=6bfb9779-376e-41d0-a4a3-df540c6cb1bb
2022-01-16 14:03:03,886 [Time-limited test] INFO  impl.RoleInfo (RoleInfo.java:shutdownLeaderState(91)) - 6bfb9779-376e-41d0-a4a3-df540c6cb1bb: shutdown 6bfb9779-376e-41d0-a4a3-df540c6cb1bb@group-899F572A00D9-LeaderStateImpl
2022-01-16 14:03:03,887 [6bfb9779-376e-41d0-a4a3-df540c6cb1bb@group-899F572A00D9->85ccfe40-d44a-4cce-8ecd-09036b5f4718-GrpcLogAppender-LogAppenderDaemon] WARN  server.GrpcLogAppender (GrpcLogAppender.java:mayWait(177)) - 6bfb9779-376e-41d0-a4a3-df540c6cb1bb@group-899F572A00D9->85ccfe40-d44a-4cce-8ecd-09036b5f4718-GrpcLogAppender: Wait interrupted by java.lang.InterruptedException
2022-01-16 14:03:03,887 [Time-limited test] INFO  impl.PendingRequests (PendingRequests.java:sendNotLeaderResponses(282)) - 6bfb9779-376e-41d0-a4a3-df540c6cb1bb@group-899F572A00D9-PendingRequests: sendNotLeaderResponses
2022-01-16 14:03:03,887 [ForkJoinPool.commonPool-worker-0] INFO  server.RaftServer$Division (ServerState.java:close(419)) - 6bfb9779-376e-41d0-a4a3-df540c6cb1bb@group-A77BBCEC0779: closes. applyIndex: 435
2022-01-16 14:03:03,887 [6bfb9779-376e-41d0-a4a3-df540c6cb1bb@group-A77BBCEC0779-SegmentedRaftLogWorker] INFO  segmented.SegmentedRaftLogWorker (SegmentedRaftLogWorker.java:run(327)) - 6bfb9779-376e-41d0-a4a3-df540c6cb1bb@group-A77BBCEC0779-SegmentedRaftLogWorker was interrupted, exiting. There are 0 tasks remaining in the queue.
2022-01-16 14:03:03,897 [Time-limited test] INFO  impl.StateMachineUpdater (StateMachineUpdater.java:stopAndJoin(149)) - 6bfb9779-376e-41d0-a4a3-df540c6cb1bb@group-899F572A00D9-StateMachineUpdater: set stopIndex = 498
2022-01-16 14:03:03,898 [grpc-default-executor-3] INFO  server.GrpcServerProtocolService (GrpcServerProtocolService.java:onCompleted(140)) - 85ccfe40-d44a-4cce-8ecd-09036b5f4718: Completed APPEND_ENTRIES, lastRequest: 6bfb9779-376e-41d0-a4a3-df540c6cb1bb->85ccfe40-d44a-4cce-8ecd-09036b5f4718#2-t4,previous=(t:4, i:497),leaderCommit=497,initializing? true,entries: size=1, first=(t:4, i:498), METADATAENTRY(c:497)
2022-01-16 14:03:03,898 [6bfb9779-376e-41d0-a4a3-df540c6cb1bb@group-899F572A00D9-StateMachineUpdater] INFO  ratis.ContainerStateMachine (ContainerStateMachine.java:takeSnapshot(299)) - group-899F572A00D9: Taking a snapshot at:(t:4, i:498) file /home/runner/work/ozone/ozone/hadoop-ozone/integration-test/target/test-dir/MiniOzoneClusterImpl-8dcea29f-4d4f-4b68-9a1a-1d92263011bb/datanode-1/data/ratis/26eb92ff-316e-4aec-bc6c-899f572a00d9/sm/snapshot.4_498
2022-01-16 14:03:03,899 [grpc-default-executor-3] INFO  server.GrpcLogAppender (GrpcLogAppender.java:onCompleted(346)) - 6bfb9779-376e-41d0-a4a3-df540c6cb1bb@group-899F572A00D9->85ccfe40-d44a-4cce-8ecd-09036b5f4718-AppendLogResponseHandler: follower responses appendEntries COMPLETED
2022-01-16 14:03:03,899 [grpc-default-executor-3] INFO  leader.FollowerInfo (FollowerInfoImpl.java:lambda$new$0(47)) - 6bfb9779-376e-41d0-a4a3-df540c6cb1bb@group-899F572A00D9->85ccfe40-d44a-4cce-8ecd-09036b5f4718: nextIndex: updateUnconditionally 499 -> 498
2022-01-16 14:03:03,899 [Command processor thread] INFO  server.RaftServer (RaftServerProxy.java:remove(106)) - fb2bbb8d-0a43-4468-9762-35835c6ecdd5: remove  FOLLOWER fb2bbb8d-0a43-4468-9762-35835c6ecdd5@group-899F572A00D9:t3, leader=null, voted=fb2bbb8d-0a43-4468-9762-35835c6ecdd5, raftlog=fb2bbb8d-0a43-4468-9762-35835c6ecdd5@group-899F572A00D9-SegmentedRaftLog:OPENED:c496, conf=0: [6bfb9779-376e-41d0-a4a3-df540c6cb1bb|rpc:10.1.0.30:35687|dataStream:|priority:0, 85ccfe40-d44a-4cce-8ecd-09036b5f4718|rpc:10.1.0.30:34255|dataStream:|priority:0, fb2bbb8d-0a43-4468-9762-35835c6ecdd5|rpc:10.1.0.30:42593|dataStream:|priority:1], old=null RUNNING
2022-01-16 14:03:03,901 [ForkJoinPool.commonPool-worker-0] INFO  segmented.SegmentedRaftLogWorker (SegmentedRaftLogWorker.java:close(237)) - 6bfb9779-376e-41d0-a4a3-df540c6cb1bb@group-A77BBCEC0779-SegmentedRaftLogWorker close()
2022-01-16 14:03:03,902 [Command processor thread] INFO  server.RaftServer$Division (RaftServerImpl.java:lambda$close$4(412)) - fb2bbb8d-0a43-4468-9762-35835c6ecdd5@group-899F572A00D9: shutdown
2022-01-16 14:03:03,913 [Command processor thread] INFO  util.JmxRegister (JmxRegister.java:unregister(73)) - Successfully un-registered JMX Bean with object name Ratis:service=RaftServer,group=group-899F572A00D9,id=fb2bbb8d-0a43-4468-9762-35835c6ecdd5
2022-01-16 14:03:03,913 [Command processor thread] INFO  impl.RoleInfo (RoleInfo.java:shutdownFollowerState(108)) - fb2bbb8d-0a43-4468-9762-35835c6ecdd5: shutdown fb2bbb8d-0a43-4468-9762-35835c6ecdd5@group-899F572A00D9-FollowerState
2022-01-16 14:03:03,913 [Command processor thread] INFO  impl.StateMachineUpdater (StateMachineUpdater.java:stopAndJoin(149)) - fb2bbb8d-0a43-4468-9762-35835c6ecdd5@group-899F572A00D9-StateMachineUpdater: set stopIndex = 496
2022-01-16 14:03:03,905 [Command processor thread] WARN  commandhandler.CreatePipelineCommandHandler (CreatePipelineCommandHandler.java:lambda$handle$1(103)) - Add group failed for 6bfb9779-376e-41d0-a4a3-df540c6cb1bb{ip: 10.1.0.30, host: fv-az395-972.zfmzfyrfkyou3ow0tsr0jxwq1e.bx.internal.cloudapp.net, ports: [REPLICATION=44479, RATIS=35687, RATIS_ADMIN=35687, RATIS_SERVER=35687, STANDALONE=43181], networkLocation: /default-rack, certSerialId: null, persistedOpState: IN_SERVICE, persistedOpStateExpiryEpochSec: 0}
java.io.IOException: java.util.concurrent.RejectedExecutionException: Task java.util.concurrent.CompletableFuture$UniApply@5c33af4a rejected from java.util.concurrent.ThreadPoolExecutor@3202a450[Shutting down, pool size = 1, active threads = 1, queued tasks = 0, completed tasks = 6]
	at org.apache.ratis.util.IOUtils.asIOException(IOUtils.java:56)
	at org.apache.ratis.grpc.GrpcUtil.tryUnwrapException(GrpcUtil.java:121)
	at org.apache.ratis.grpc.GrpcUtil.unwrapException(GrpcUtil.java:91)
	at org.apache.ratis.grpc.client.GrpcClientProtocolClient.blockingCall(GrpcClientProtocolClient.java:218)
	at org.apache.ratis.grpc.client.GrpcClientProtocolClient.groupAdd(GrpcClientProtocolClient.java:179)
	at org.apache.ratis.grpc.client.GrpcClientRpc.sendRequest(GrpcClientRpc.java:96)
	at org.apache.ratis.client.impl.BlockingImpl.sendRequest(BlockingImpl.java:130)
	at org.apache.ratis.client.impl.GroupManagementImpl.add(GroupManagementImpl.java:51)
	at org.apache.hadoop.ozone.container.common.statemachine.commandhandler.CreatePipelineCommandHandler.lambda$handle$1(CreatePipelineCommandHandler.java:99)
	at java.util.stream.ForEachOps$ForEachOp$OfRef.accept(ForEachOps.java:183)
	at java.util.stream.ReferencePipeline$2$1.accept(ReferencePipeline.java:175)
	at java.util.ArrayList$ArrayListSpliterator.forEachRemaining(ArrayList.java:1384)
	at java.util.stream.AbstractPipeline.copyInto(AbstractPipeline.java:482)
	at java.util.stream.AbstractPipeline.wrapAndCopyInto(AbstractPipeline.java:472)
	at java.util.stream.ForEachOps$ForEachOp.evaluateSequential(ForEachOps.java:150)
	at java.util.stream.ForEachOps$ForEachOp$OfRef.evaluateSequential(ForEachOps.java:173)
	at java.util.stream.AbstractPipeline.evaluate(AbstractPipeline.java:234)
	at java.util.stream.ReferencePipeline.forEach(ReferencePipeline.java:485)
	at org.apache.hadoop.ozone.container.common.statemachine.commandhandler.CreatePipelineCommandHandler.handle(CreatePipelineCommandHandler.java:95)
	at org.apache.hadoop.ozone.container.common.statemachine.commandhandler.CommandDispatcher.handle(CommandDispatcher.java:99)
	at org.apache.hadoop.ozone.container.common.statemachine.DatanodeStateMachine.lambda$initCommandHandlerThread$2(DatanodeStateMachine.java:570)
	at java.lang.Thread.run(Thread.java:748)
Caused by: java.util.concurrent.RejectedExecutionException: Task java.util.concurrent.CompletableFuture$UniApply@5c33af4a rejected from java.util.concurrent.ThreadPoolExecutor@3202a450[Shutting down, pool size = 1, active threads = 1, queued tasks = 0, completed tasks = 6]
	at sun.reflect.NativeConstructorAccessorImpl.newInstance0(Native Method)
	at sun.reflect.NativeConstructorAccessorImpl.newInstance(NativeConstructorAccessorImpl.java:62)
	at sun.reflect.DelegatingConstructorAccessorImpl.newInstance(DelegatingConstructorAccessorImpl.java:45)
	at java.lang.reflect.Constructor.newInstance(Constructor.java:423)
	at org.apache.ratis.util.ReflectionUtils.instantiateException(ReflectionUtils.java:259)
	at org.apache.ratis.grpc.GrpcUtil.tryUnwrapException(GrpcUtil.java:120)
	... 20 more
Caused by: org.apache.ratis.thirdparty.io.grpc.StatusRuntimeException: INTERNAL: Task java.util.concurrent.CompletableFuture$UniApply@5c33af4a rejected from java.util.concurrent.ThreadPoolExecutor@3202a450[Shutting down, pool size = 1, active threads = 1, queued tasks = 0, completed tasks = 6]
	at org.apache.ratis.thirdparty.io.grpc.stub.ClientCalls.toStatusRuntimeException(ClientCalls.java:262)
	at org.apache.ratis.thirdparty.io.grpc.stub.ClientCalls.getUnchecked(ClientCalls.java:243)
	at org.apache.ratis.thirdparty.io.grpc.stub.ClientCalls.blockingUnaryCall(ClientCalls.java:156)
	at org.apache.ratis.proto.grpc.AdminProtocolServiceGrpc$AdminProtocolServiceBlockingStub.groupManagement(AdminProtocolServiceGrpc.java:413)
	at org.apache.ratis.grpc.client.GrpcClientProtocolClient.lambda$groupAdd$5(GrpcClientProtocolClient.java:181)
	at org.apache.ratis.grpc.client.GrpcClientProtocolClient.blockingCall(GrpcClientProtocolClient.java:216)
	... 18 more
	Suppressed: java.lang.ClassCastException: Cannot cast java.util.concurrent.RejectedExecutionException to java.io.IOException
		at java.lang.Class.cast(Class.java:3369)
		at org.apache.ratis.util.IOUtils.readObject(IOUtils.java:221)
		at org.apache.ratis.util.IOUtils.bytes2Object(IOUtils.java:214)
		at org.apache.ratis.grpc.GrpcUtil.tryUnwrapException(GrpcUtil.java:109)
		at org.apache.ratis.grpc.GrpcUtil.unwrapException(GrpcUtil.java:91)
		at org.apache.ratis.grpc.client.GrpcClientProtocolClient.blockingCall(GrpcClientProtocolClient.java:218)
		... 18 more
2022-01-16 14:03:03,902 [6bfb9779-376e-41d0-a4a3-df540c6cb1bb@group-899F572A00D9-StateMachineUpdater] INFO  ratis.ContainerStateMachine (ContainerStateMachine.java:takeSnapshot(310)) - group-899F572A00D9: Finished taking a snapshot at:(t:4, i:498) file:/home/runner/work/ozone/ozone/hadoop-ozone/integration-test/target/test-dir/MiniOzoneClusterImpl-8dcea29f-4d4f-4b68-9a1a-1d92263011bb/datanode-1/data/ratis/26eb92ff-316e-4aec-bc6c-899f572a00d9/sm/snapshot.4_498 took: 3 ms
2022-01-16 14:03:03,914 [fb2bbb8d-0a43-4468-9762-35835c6ecdd5@group-899F572A00D9-FollowerState] INFO  impl.FollowerState (FollowerState.java:run(143)) - fb2bbb8d-0a43-4468-9762-35835c6ecdd5@group-899F572A00D9-FollowerState was interrupted: {}
java.lang.InterruptedException: sleep interrupted
	at java.lang.Thread.sleep(Native Method)
	at java.lang.Thread.sleep(Thread.java:340)
	at java.util.concurrent.TimeUnit.sleep(TimeUnit.java:386)
	at org.apache.ratis.util.TimeDuration.sleep(TimeDuration.java:324)
	at org.apache.ratis.util.TimeDuration.sleep(TimeDuration.java:309)
	at org.apache.ratis.server.impl.FollowerState.run(FollowerState.java:118)
2022-01-16 14:03:03,914 [Command processor thread] INFO  commandhandler.CreatePipelineCommandHandler (CreatePipelineCommandHandler.java:handle(106)) - Created Pipeline RATIS THREE PipelineID=be905a27-b916-4d7a-bd51-4a2a27f3db13.
2022-01-16 14:03:03,914 [Command processor thread] INFO  server.RaftServer$Division (ServerState.java:close(419)) - fb2bbb8d-0a43-4468-9762-35835c6ecdd5@group-899F572A00D9: closes. applyIndex: 496
2022-01-16 14:03:03,922 [6bfb9779-376e-41d0-a4a3-df540c6cb1bb@group-899F572A00D9-StateMachineUpdater] INFO  impl.StateMachineUpdater (StateMachineUpdater.java:takeSnapshot(281)) - 6bfb9779-376e-41d0-a4a3-df540c6cb1bb@group-899F572A00D9-StateMachineUpdater: Took a snapshot at index 498
2022-01-16 14:03:03,922 [6bfb9779-376e-41d0-a4a3-df540c6cb1bb@group-899F572A00D9-StateMachineUpdater] INFO  impl.StateMachineUpdater (StateMachineUpdater.java:lambda$new$0(89)) - 6bfb9779-376e-41d0-a4a3-df540c6cb1bb@group-899F572A00D9-StateMachineUpdater: snapshotIndex: updateIncreasingly -1 -> 498
2022-01-16 14:03:03,922 [Time-limited test] INFO  server.RaftServer$Division (ServerState.java:close(419)) - 6bfb9779-376e-41d0-a4a3-df540c6cb1bb@group-899F572A00D9: closes. applyIndex: 498
2022-01-16 14:03:03,923 [6bfb9779-376e-41d0-a4a3-df540c6cb1bb@group-899F572A00D9-SegmentedRaftLogWorker] INFO  segmented.SegmentedRaftLogWorker (SegmentedRaftLogWorker.java:run(327)) - 6bfb9779-376e-41d0-a4a3-df540c6cb1bb@group-899F572A00D9-SegmentedRaftLogWorker was interrupted, exiting. There are 0 tasks remaining in the queue.
2022-01-16 14:03:03,923 [Time-limited test] INFO  segmented.SegmentedRaftLogWorker (SegmentedRaftLogWorker.java:close(237)) - 6bfb9779-376e-41d0-a4a3-df540c6cb1bb@group-899F572A00D9-SegmentedRaftLogWorker close()
2022-01-16 14:03:03,924 [fb2bbb8d-0a43-4468-9762-35835c6ecdd5@group-899F572A00D9-SegmentedRaftLogWorker] INFO  segmented.SegmentedRaftLogWorker (SegmentedRaftLogWorker.java:run(327)) - fb2bbb8d-0a43-4468-9762-35835c6ecdd5@group-899F572A00D9-SegmentedRaftLogWorker was interrupted, exiting. There are 0 tasks remaining in the queue.
2022-01-16 14:03:03,924 [Time-limited test] INFO  server.GrpcService (GrpcService.java:closeImpl(262)) - 6bfb9779-376e-41d0-a4a3-df540c6cb1bb: shutdown server with port 35687 now
2022-01-16 14:03:03,924 [Command processor thread] INFO  segmented.SegmentedRaftLogWorker (SegmentedRaftLogWorker.java:close(237)) - fb2bbb8d-0a43-4468-9762-35835c6ecdd5@group-899F572A00D9-SegmentedRaftLogWorker close()
2022-01-16 14:03:03,926 [Command processor thread] INFO  server.RaftServer$Division (RaftServerImpl.java:groupRemove(382)) - fb2bbb8d-0a43-4468-9762-35835c6ecdd5@group-899F572A00D9: Succeed to remove RaftStorageDirectory Storage Directory /home/runner/work/ozone/ozone/hadoop-ozone/integration-test/target/test-dir/MiniOzoneClusterImpl-8dcea29f-4d4f-4b68-9a1a-1d92263011bb/datanode-0/data/ratis/26eb92ff-316e-4aec-bc6c-899f572a00d9
2022-01-16 14:03:03,926 [Command processor thread] INFO  commandhandler.ClosePipelineCommandHandler (ClosePipelineCommandHandler.java:handle(78)) - Close Pipeline PipelineID=26eb92ff-316e-4aec-bc6c-899f572a00d9 command on datanode fb2bbb8d-0a43-4468-9762-35835c6ecdd5.
2022-01-16 14:03:03,927 [Command processor thread] INFO  server.RaftServer (RaftServerProxy.java:remove(106)) - fb2bbb8d-0a43-4468-9762-35835c6ecdd5: remove  FOLLOWER fb2bbb8d-0a43-4468-9762-35835c6ecdd5@group-58FDDE1EF6F0:t1, leader=null, voted=fb2bbb8d-0a43-4468-9762-35835c6ecdd5, raftlog=fb2bbb8d-0a43-4468-9762-35835c6ecdd5@group-58FDDE1EF6F0-SegmentedRaftLog:OPENED:c15, conf=0: [fb2bbb8d-0a43-4468-9762-35835c6ecdd5|rpc:10.1.0.30:42593|dataStream:|priority:1], old=null RUNNING
2022-01-16 14:03:03,927 [Command processor thread] INFO  server.RaftServer$Division (RaftServerImpl.java:lambda$close$4(412)) - fb2bbb8d-0a43-4468-9762-35835c6ecdd5@group-58FDDE1EF6F0: shutdown
2022-01-16 14:03:03,927 [Command processor thread] INFO  util.JmxRegister (JmxRegister.java:unregister(73)) - Successfully un-registered JMX Bean with object name Ratis:service=RaftServer,group=group-58FDDE1EF6F0,id=fb2bbb8d-0a43-4468-9762-35835c6ecdd5
2022-01-16 14:03:03,927 [Command processor thread] INFO  impl.RoleInfo (RoleInfo.java:shutdownFollowerState(108)) - fb2bbb8d-0a43-4468-9762-35835c6ecdd5: shutdown fb2bbb8d-0a43-4468-9762-35835c6ecdd5@group-58FDDE1EF6F0-FollowerState
2022-01-16 14:03:03,927 [Command processor thread] INFO  impl.StateMachineUpdater (StateMachineUpdater.java:stopAndJoin(149)) - fb2bbb8d-0a43-4468-9762-35835c6ecdd5@group-58FDDE1EF6F0-StateMachineUpdater: set stopIndex = 15
2022-01-16 14:03:03,927 [fb2bbb8d-0a43-4468-9762-35835c6ecdd5@group-58FDDE1EF6F0-FollowerState] INFO  impl.FollowerState (FollowerState.java:run(143)) - fb2bbb8d-0a43-4468-9762-35835c6ecdd5@group-58FDDE1EF6F0-FollowerState was interrupted: {}
java.lang.InterruptedException: sleep interrupted
	at java.lang.Thread.sleep(Native Method)
	at java.lang.Thread.sleep(Thread.java:340)
	at java.util.concurrent.TimeUnit.sleep(TimeUnit.java:386)
	at org.apache.ratis.util.TimeDuration.sleep(TimeDuration.java:324)
	at org.apache.ratis.util.TimeDuration.sleep(TimeDuration.java:309)
	at org.apache.ratis.server.impl.FollowerState.run(FollowerState.java:118)
2022-01-16 14:03:03,927 [Command processor thread] INFO  server.RaftServer$Division (ServerState.java:close(419)) - fb2bbb8d-0a43-4468-9762-35835c6ecdd5@group-58FDDE1EF6F0: closes. applyIndex: 15
2022-01-16 14:03:03,927 [fb2bbb8d-0a43-4468-9762-35835c6ecdd5@group-58FDDE1EF6F0-SegmentedRaftLogWorker] INFO  segmented.SegmentedRaftLogWorker (SegmentedRaftLogWorker.java:run(327)) - fb2bbb8d-0a43-4468-9762-35835c6ecdd5@group-58FDDE1EF6F0-SegmentedRaftLogWorker was interrupted, exiting. There are 0 tasks remaining in the queue.
2022-01-16 14:03:03,929 [Command processor thread] INFO  segmented.SegmentedRaftLogWorker (SegmentedRaftLogWorker.java:close(237)) - fb2bbb8d-0a43-4468-9762-35835c6ecdd5@group-58FDDE1EF6F0-SegmentedRaftLogWorker close()
2022-01-16 14:03:03,933 [Time-limited test] INFO  server.GrpcService (GrpcService.java:closeImpl(271)) - 6bfb9779-376e-41d0-a4a3-df540c6cb1bb: shutdown server with port 35687 successfully
2022-01-16 14:03:03,934 [org.apache.ratis.util.JvmPauseMonitor$$Lambda$422/111819772@5b6fc2ae] INFO  util.JvmPauseMonitor (JvmPauseMonitor.java:run(109)) - JvmPauseMonitor-6bfb9779-376e-41d0-a4a3-df540c6cb1bb: Stopped
2022-01-16 14:03:03,934 [Command processor thread] INFO  keyvalue.KeyValueContainer (KeyValueContainer.java:flushAndSyncDB(401)) - Container 6 is synced with bcsId 13.
2022-01-16 14:03:03,934 [Command processor thread] INFO  keyvalue.KeyValueContainer (KeyValueContainer.java:flushAndSyncDB(401)) - Container 6 is synced with bcsId 13.
2022-01-16 14:03:03,940 [Command processor thread] INFO  server.RaftServer$Division (RaftServerImpl.java:groupRemove(382)) - fb2bbb8d-0a43-4468-9762-35835c6ecdd5@group-58FDDE1EF6F0: Succeed to remove RaftStorageDirectory Storage Directory /home/runner/work/ozone/ozone/hadoop-ozone/integration-test/target/test-dir/MiniOzoneClusterImpl-8dcea29f-4d4f-4b68-9a1a-1d92263011bb/datanode-0/data/ratis/223f805e-ff61-419b-9cd4-58fdde1ef6f0
2022-01-16 14:03:03,941 [Command processor thread] INFO  commandhandler.ClosePipelineCommandHandler (ClosePipelineCommandHandler.java:handle(78)) - Close Pipeline PipelineID=223f805e-ff61-419b-9cd4-58fdde1ef6f0 command on datanode fb2bbb8d-0a43-4468-9762-35835c6ecdd5.
2022-01-16 14:03:03,941 [Command processor thread] INFO  server.RaftServer (RaftServerProxy.java:remove(106)) - fb2bbb8d-0a43-4468-9762-35835c6ecdd5: remove  FOLLOWER fb2bbb8d-0a43-4468-9762-35835c6ecdd5@group-A77BBCEC0779:t2, leader=85ccfe40-d44a-4cce-8ecd-09036b5f4718, voted=85ccfe40-d44a-4cce-8ecd-09036b5f4718, raftlog=fb2bbb8d-0a43-4468-9762-35835c6ecdd5@group-A77BBCEC0779-SegmentedRaftLog:OPENED:c435, conf=0: [6bfb9779-376e-41d0-a4a3-df540c6cb1bb|rpc:10.1.0.30:35687|dataStream:|priority:0, fb2bbb8d-0a43-4468-9762-35835c6ecdd5|rpc:10.1.0.30:42593|dataStream:|priority:0, 85ccfe40-d44a-4cce-8ecd-09036b5f4718|rpc:10.1.0.30:34255|dataStream:|priority:1], old=null RUNNING
2022-01-16 14:03:03,941 [Command processor thread] INFO  server.RaftServer$Division (RaftServerImpl.java:lambda$close$4(412)) - fb2bbb8d-0a43-4468-9762-35835c6ecdd5@group-A77BBCEC0779: shutdown
2022-01-16 14:03:03,941 [Command processor thread] INFO  util.JmxRegister (JmxRegister.java:unregister(73)) - Successfully un-registered JMX Bean with object name Ratis:service=RaftServer,group=group-A77BBCEC0779,id=fb2bbb8d-0a43-4468-9762-35835c6ecdd5
2022-01-16 14:03:03,941 [Command processor thread] INFO  impl.RoleInfo (RoleInfo.java:shutdownFollowerState(108)) - fb2bbb8d-0a43-4468-9762-35835c6ecdd5: shutdown fb2bbb8d-0a43-4468-9762-35835c6ecdd5@group-A77BBCEC0779-FollowerState
2022-01-16 14:03:03,941 [Command processor thread] INFO  impl.StateMachineUpdater (StateMachineUpdater.java:stopAndJoin(149)) - fb2bbb8d-0a43-4468-9762-35835c6ecdd5@group-A77BBCEC0779-StateMachineUpdater: set stopIndex = 435
2022-01-16 14:03:03,941 [fb2bbb8d-0a43-4468-9762-35835c6ecdd5@group-A77BBCEC0779-FollowerState] INFO  impl.FollowerState (FollowerState.java:run(143)) - fb2bbb8d-0a43-4468-9762-35835c6ecdd5@group-A77BBCEC0779-FollowerState was interrupted: {}
java.lang.InterruptedException: sleep interrupted
	at java.lang.Thread.sleep(Native Method)
	at java.lang.Thread.sleep(Thread.java:340)
	at java.util.concurrent.TimeUnit.sleep(TimeUnit.java:386)
	at org.apache.ratis.util.TimeDuration.sleep(TimeDuration.java:324)
	at org.apache.ratis.util.TimeDuration.sleep(TimeDuration.java:309)
	at org.apache.ratis.server.impl.FollowerState.run(FollowerState.java:118)
2022-01-16 14:03:03,941 [fb2bbb8d-0a43-4468-9762-35835c6ecdd5@group-A77BBCEC0779-StateMachineUpdater] INFO  ratis.ContainerStateMachine (ContainerStateMachine.java:takeSnapshot(299)) - group-A77BBCEC0779: Taking a snapshot at:(t:2, i:435) file /home/runner/work/ozone/ozone/hadoop-ozone/integration-test/target/test-dir/MiniOzoneClusterImpl-8dcea29f-4d4f-4b68-9a1a-1d92263011bb/datanode-0/data/ratis/2bb02a01-81a3-48aa-b5fb-a77bbcec0779/sm/snapshot.2_435
2022-01-16 14:03:03,944 [EventQueue-IncrementalContainerReportForIncrementalContainerReportHandler] INFO  container.IncrementalContainerReportHandler (AbstractContainerReportHandler.java:updateContainerState(216)) - Moving container #6 to QUASI_CLOSED state, datanode fb2bbb8d-0a43-4468-9762-35835c6ecdd5{ip: 10.1.0.30, host: fv-az395-972.zfmzfyrfkyou3ow0tsr0jxwq1e.bx.internal.cloudapp.net, ports: [REPLICATION=46271, RATIS=42593, RATIS_ADMIN=42593, RATIS_SERVER=42593, STANDALONE=36115], networkLocation: /default-rack, certSerialId: null, persistedOpState: IN_SERVICE, persistedOpStateExpiryEpochSec: 0} reported QUASI_CLOSED replica.
2022-01-16 14:03:03,944 [fb2bbb8d-0a43-4468-9762-35835c6ecdd5@group-A77BBCEC0779-StateMachineUpdater] INFO  ratis.ContainerStateMachine (ContainerStateMachine.java:takeSnapshot(310)) - group-A77BBCEC0779: Finished taking a snapshot at:(t:2, i:435) file:/home/runner/work/ozone/ozone/hadoop-ozone/integration-test/target/test-dir/MiniOzoneClusterImpl-8dcea29f-4d4f-4b68-9a1a-1d92263011bb/datanode-0/data/ratis/2bb02a01-81a3-48aa-b5fb-a77bbcec0779/sm/snapshot.2_435 took: 3 ms
2022-01-16 14:03:03,945 [fb2bbb8d-0a43-4468-9762-35835c6ecdd5@group-A77BBCEC0779-StateMachineUpdater] INFO  impl.StateMachineUpdater (StateMachineUpdater.java:takeSnapshot(281)) - fb2bbb8d-0a43-4468-9762-35835c6ecdd5@group-A77BBCEC0779-StateMachineUpdater: Took a snapshot at index 435
2022-01-16 14:03:03,945 [fb2bbb8d-0a43-4468-9762-35835c6ecdd5@group-A77BBCEC0779-StateMachineUpdater] INFO  impl.StateMachineUpdater (StateMachineUpdater.java:lambda$new$0(89)) - fb2bbb8d-0a43-4468-9762-35835c6ecdd5@group-A77BBCEC0779-StateMachineUpdater: snapshotIndex: updateIncreasingly 433 -> 435
2022-01-16 14:03:03,946 [Command processor thread] INFO  server.RaftServer$Division (ServerState.java:close(419)) - fb2bbb8d-0a43-4468-9762-35835c6ecdd5@group-A77BBCEC0779: closes. applyIndex: 435
2022-01-16 14:03:03,947 [fb2bbb8d-0a43-4468-9762-35835c6ecdd5@group-A77BBCEC0779-SegmentedRaftLogWorker] INFO  segmented.SegmentedRaftLogWorker (SegmentedRaftLogWorker.java:run(327)) - fb2bbb8d-0a43-4468-9762-35835c6ecdd5@group-A77BBCEC0779-SegmentedRaftLogWorker was interrupted, exiting. There are 0 tasks remaining in the queue.
2022-01-16 14:03:03,947 [EventQueue-IncrementalContainerReportForIncrementalContainerReportHandler] INFO  ha.SCMHAInvocationHandler (SCMHAInvocationHandler.java:invokeRatis(113)) - Invoking method public abstract void org.apache.hadoop.hdds.scm.container.ContainerStateManager.updateContainerState(org.apache.hadoop.hdds.protocol.proto.HddsProtos$ContainerID,org.apache.hadoop.hdds.protocol.proto.HddsProtos$LifeCycleEvent) throws java.io.IOException,org.apache.hadoop.ozone.common.statemachine.InvalidStateTransitionException on target org.apache.hadoop.hdds.scm.ha.SCMRatisServerImpl@d2127c6, cost 2409.209us
2022-01-16 14:03:03,947 [Command processor thread] INFO  segmented.SegmentedRaftLogWorker (SegmentedRaftLogWorker.java:close(237)) - fb2bbb8d-0a43-4468-9762-35835c6ecdd5@group-A77BBCEC0779-SegmentedRaftLogWorker close()
2022-01-16 14:03:03,949 [Command processor thread] INFO  server.RaftServer$Division (RaftServerImpl.java:groupRemove(382)) - fb2bbb8d-0a43-4468-9762-35835c6ecdd5@group-A77BBCEC0779: Succeed to remove RaftStorageDirectory Storage Directory /home/runner/work/ozone/ozone/hadoop-ozone/integration-test/target/test-dir/MiniOzoneClusterImpl-8dcea29f-4d4f-4b68-9a1a-1d92263011bb/datanode-0/data/ratis/2bb02a01-81a3-48aa-b5fb-a77bbcec0779
2022-01-16 14:03:03,949 [Command processor thread] INFO  commandhandler.ClosePipelineCommandHandler (ClosePipelineCommandHandler.java:handle(78)) - Close Pipeline PipelineID=2bb02a01-81a3-48aa-b5fb-a77bbcec0779 command on datanode fb2bbb8d-0a43-4468-9762-35835c6ecdd5.
2022-01-16 14:03:03,950 [pool-421-thread-1] INFO  server.RaftServer$Division (RaftServerImpl.java:<init>(184)) - fb2bbb8d-0a43-4468-9762-35835c6ecdd5: new RaftServerImpl for group-EA466064A84A:[fb2bbb8d-0a43-4468-9762-35835c6ecdd5|rpc:10.1.0.30:42593|priority:1] with ContainerStateMachine:uninitialized
2022-01-16 14:03:03,951 [pool-421-thread-1] INFO  server.RaftServerConfigKeys (ConfUtils.java:logGet(44)) - raft.server.rpc.timeout.min = 5s (custom)
2022-01-16 14:03:03,951 [pool-421-thread-1] INFO  server.RaftServerConfigKeys (ConfUtils.java:logGet(44)) - raft.server.rpc.timeout.max = 5200ms (custom)
2022-01-16 14:03:03,951 [pool-421-thread-1] INFO  server.RaftServerConfigKeys (ConfUtils.java:logGet(44)) - raft.server.rpc.sleep.time = 25ms (default)
2022-01-16 14:03:03,951 [pool-421-thread-1] INFO  server.RaftServerConfigKeys (ConfUtils.java:logGet(44)) - raft.server.rpc.slowness.timeout = 300s (custom)
2022-01-16 14:03:03,951 [pool-421-thread-1] INFO  server.RaftServerConfigKeys (ConfUtils.java:logGet(44)) - raft.server.leaderelection.leader.step-down.wait-time = 10s (default)
2022-01-16 14:03:03,951 [pool-421-thread-1] INFO  server.RaftServerConfigKeys (ConfUtils.java:logGet(44)) - raft.server.sleep.deviation.threshold = 300ms (default)
2022-01-16 14:03:03,951 [pool-421-thread-1] INFO  server.RaftServerConfigKeys (ConfUtils.java:logGet(44)) - raft.server.log.appender.install.snapshot.enabled = false (custom)
2022-01-16 14:03:03,951 [pool-421-thread-1] INFO  server.RaftServer$Division (ServerState.java:<init>(105)) - fb2bbb8d-0a43-4468-9762-35835c6ecdd5@group-EA466064A84A: ConfigurationManager, init=-1: [fb2bbb8d-0a43-4468-9762-35835c6ecdd5|rpc:10.1.0.30:42593|priority:1], old=null, confs=<EMPTY_MAP>
2022-01-16 14:03:03,951 [pool-421-thread-1] INFO  server.RaftServerConfigKeys (ConfUtils.java:logGet(44)) - raft.server.storage.dir = [/home/runner/work/ozone/ozone/hadoop-ozone/integration-test/target/test-dir/MiniOzoneClusterImpl-8dcea29f-4d4f-4b68-9a1a-1d92263011bb/datanode-0/data/ratis] (custom)
2022-01-16 14:03:03,951 [pool-421-thread-1] INFO  server.RaftServerConfigKeys (ConfUtils.java:logGet(44)) - raft.server.log.corruption.policy = EXCEPTION (default)
2022-01-16 14:03:03,951 [pool-421-thread-1] INFO  server.RaftServerConfigKeys (ConfUtils.java:logGet(44)) - raft.server.storage.free-space.min = 0MB (=0) (default)
2022-01-16 14:03:03,951 [pool-421-thread-1] INFO  storage.RaftStorageDirectory (RaftStorageDirectoryImpl.java:analyzeStorage(135)) - The storage directory /home/runner/work/ozone/ozone/hadoop-ozone/integration-test/target/test-dir/MiniOzoneClusterImpl-8dcea29f-4d4f-4b68-9a1a-1d92263011bb/datanode-0/data/ratis/f5b5cd14-e739-4628-8149-ea466064a84a does not exist. Creating ...
2022-01-16 14:03:03,950 [Command processor thread] INFO  server.RaftServer (RaftServerProxy.java:addNew(95)) - fb2bbb8d-0a43-4468-9762-35835c6ecdd5: addNew group-EA466064A84A:[fb2bbb8d-0a43-4468-9762-35835c6ecdd5|rpc:10.1.0.30:42593|priority:1] returns group-EA466064A84A:java.util.concurrent.CompletableFuture@614be4d9[Not completed]
2022-01-16 14:03:03,953 [pool-421-thread-1] INFO  storage.RaftStorageDirectory (RaftStorageDirectoryImpl.java:tryLock(230)) - Lock on /home/runner/work/ozone/ozone/hadoop-ozone/integration-test/target/test-dir/MiniOzoneClusterImpl-8dcea29f-4d4f-4b68-9a1a-1d92263011bb/datanode-0/data/ratis/f5b5cd14-e739-4628-8149-ea466064a84a/in_use.lock acquired by nodename 12258@fv-az395-972
2022-01-16 14:03:03,954 [pool-421-thread-1] INFO  storage.RaftStorage (RaftStorageImpl.java:format(89)) - Storage directory /home/runner/work/ozone/ozone/hadoop-ozone/integration-test/target/test-dir/MiniOzoneClusterImpl-8dcea29f-4d4f-4b68-9a1a-1d92263011bb/datanode-0/data/ratis/f5b5cd14-e739-4628-8149-ea466064a84a has been successfully formatted.
2022-01-16 14:03:03,954 [pool-421-thread-1] INFO  ratis.ContainerStateMachine (ContainerStateMachine.java:loadSnapshot(231)) - group-EA466064A84A: The snapshot info is null. Setting the last applied indexto:(t:0, i:~)
2022-01-16 14:03:03,955 [pool-421-thread-1] INFO  server.RaftServerConfigKeys (ConfUtils.java:logGet(44)) - raft.server.notification.no-leader.timeout = 300s (custom)
2022-01-16 14:03:03,955 [pool-421-thread-1] INFO  server.RaftServerConfigKeys (ConfUtils.java:logGet(44)) - raft.server.log.use.memory = false (default)
2022-01-16 14:03:03,955 [pool-421-thread-1] INFO  server.RaftServerConfigKeys (ConfUtils.java:logGet(44)) - raft.server.log.purge.gap = 1000000 (custom)
2022-01-16 14:03:03,955 [pool-421-thread-1] INFO  server.RaftServerConfigKeys (ConfUtils.java:logGet(44)) - raft.server.log.appender.buffer.byte-limit = 33554432 (custom)
2022-01-16 14:03:03,955 [pool-421-thread-1] INFO  server.RaftServerConfigKeys (ConfUtils.java:logGet(44)) - raft.server.log.segment.size.max = 1048576 (custom)
2022-01-16 14:03:03,955 [pool-421-thread-1] INFO  server.RaftServerConfigKeys (ConfUtils.java:logGet(44)) - raft.server.log.segment.cache.num.max = 2 (custom)
2022-01-16 14:03:03,955 [pool-421-thread-1] INFO  server.RaftServerConfigKeys (ConfUtils.java:logGet(44)) - raft.server.log.segment.cache.size.max = 200MB (=209715200) (default)
2022-01-16 14:03:03,955 [pool-421-thread-1] INFO  segmented.SegmentedRaftLogWorker (SegmentedRaftLogWorker.java:<init>(182)) - new fb2bbb8d-0a43-4468-9762-35835c6ecdd5@group-EA466064A84A-SegmentedRaftLogWorker for RaftStorageImpl:Storage Directory /home/runner/work/ozone/ozone/hadoop-ozone/integration-test/target/test-dir/MiniOzoneClusterImpl-8dcea29f-4d4f-4b68-9a1a-1d92263011bb/datanode-0/data/ratis/f5b5cd14-e739-4628-8149-ea466064a84a
2022-01-16 14:03:03,955 [pool-421-thread-1] INFO  server.RaftServerConfigKeys (ConfUtils.java:logGet(44)) - raft.server.log.queue.byte-limit = 2147483647 (custom)
2022-01-16 14:03:03,955 [pool-421-thread-1] INFO  server.RaftServerConfigKeys (ConfUtils.java:logGet(44)) - raft.server.log.queue.element-limit = 1024 (custom)
2022-01-16 14:03:03,955 [pool-421-thread-1] INFO  server.RaftServerConfigKeys (ConfUtils.java:logGet(44)) - raft.server.log.segment.size.max = 1048576 (custom)
2022-01-16 14:03:03,955 [pool-421-thread-1] INFO  server.RaftServerConfigKeys (ConfUtils.java:logGet(44)) - raft.server.log.preallocated.size = 16384 (custom)
2022-01-16 14:03:03,955 [pool-421-thread-1] INFO  server.RaftServerConfigKeys (ConfUtils.java:logGet(44)) - raft.server.log.force.sync.num = 128 (default)
2022-01-16 14:03:03,955 [pool-421-thread-1] INFO  server.RaftServerConfigKeys (ConfUtils.java:logGet(44)) - raft.server.log.statemachine.data.sync = true (default)
2022-01-16 14:03:03,956 [pool-421-thread-1] INFO  server.RaftServerConfigKeys (ConfUtils.java:logGet(44)) - raft.server.log.statemachine.data.sync.timeout = 10s (default)
2022-01-16 14:03:03,956 [pool-421-thread-1] INFO  server.RaftServerConfigKeys (ConfUtils.java:logGet(44)) - raft.server.log.statemachine.data.sync.timeout.retry = -1 (default)
2022-01-16 14:03:03,956 [pool-421-thread-1] INFO  server.RaftServerConfigKeys (ConfUtils.java:logGet(44)) - raft.server.log.write.buffer.size = 1048576 (custom)
2022-01-16 14:03:03,957 [pool-421-thread-1] INFO  server.RaftServerConfigKeys (ConfUtils.java:logGet(44)) - raft.server.log.statemachine.data.caching.enabled = true (custom)
2022-01-16 14:03:03,957 [pool-421-thread-1] INFO  segmented.SegmentedRaftLogWorker (SegmentedRaftLogWorker.java:lambda$new$0(133)) - fb2bbb8d-0a43-4468-9762-35835c6ecdd5@group-EA466064A84A-SegmentedRaftLogWorker: flushIndex: setUnconditionally 0 -> -1
2022-01-16 14:03:03,958 [pool-421-thread-1] INFO  segmented.SegmentedRaftLogWorker (SegmentedRaftLogWorker.java:lambda$new$0(133)) - fb2bbb8d-0a43-4468-9762-35835c6ecdd5@group-EA466064A84A-SegmentedRaftLogWorker: safeCacheEvictIndex: setUnconditionally 0 -> -1
2022-01-16 14:03:03,959 [EventQueue-PipelineReportForPipelineReportHandler] INFO  pipeline.PipelineManagerImpl (PipelineManagerImpl.java:openPipeline(291)) - Pipeline Pipeline[ Id: f5b5cd14-e739-4628-8149-ea466064a84a, Nodes: fb2bbb8d-0a43-4468-9762-35835c6ecdd5{ip: 10.1.0.30, host: fv-az395-972.zfmzfyrfkyou3ow0tsr0jxwq1e.bx.internal.cloudapp.net, ports: [REPLICATION=46271, RATIS=42593, RATIS_ADMIN=42593, RATIS_SERVER=42593, STANDALONE=36115], networkLocation: /default-rack, certSerialId: null, persistedOpState: IN_SERVICE, persistedOpStateExpiryEpochSec: 0}, ReplicationConfig: RATIS/ONE, State:ALLOCATED, leaderId:fb2bbb8d-0a43-4468-9762-35835c6ecdd5, CreationTimestamp2022-01-16T14:03:02.470Z[Etc/UTC]] moved to OPEN state
2022-01-16 14:03:03,960 [EventQueue-PipelineReportForPipelineReportHandler] INFO  ha.SCMHAInvocationHandler (SCMHAInvocationHandler.java:invokeRatis(113)) - Invoking method public abstract void org.apache.hadoop.hdds.scm.pipeline.PipelineStateManager.updatePipelineState(org.apache.hadoop.hdds.protocol.proto.HddsProtos$PipelineID,org.apache.hadoop.hdds.protocol.proto.HddsProtos$PipelineState) throws java.io.IOException on target org.apache.hadoop.hdds.scm.ha.SCMRatisServerImpl@d2127c6, cost 1046.791us
2022-01-16 14:03:03,961 [pool-421-thread-1] INFO  server.RaftServerConfigKeys (ConfUtils.java:logGet(44)) - raft.server.snapshot.auto.trigger.enabled = true (custom)
2022-01-16 14:03:03,962 [pool-421-thread-1] INFO  server.RaftServerConfigKeys (ConfUtils.java:logGet(44)) - raft.server.snapshot.auto.trigger.threshold = 10000 (custom)
2022-01-16 14:03:03,962 [pool-421-thread-1] INFO  server.RaftServerConfigKeys (ConfUtils.java:logGet(44)) - raft.server.snapshot.retention.file.num = 5 (custom)
2022-01-16 14:03:03,962 [pool-421-thread-1] INFO  server.RaftServerConfigKeys (ConfUtils.java:logGet(44)) - raft.server.log.purge.upto.snapshot.index = false (default)
2022-01-16 14:03:03,962 [pool-421-thread-1] INFO  server.RaftServerConfigKeys (ConfUtils.java:logGet(44)) - raft.server.retrycache.expirytime = 600000ms (custom)
2022-01-16 14:03:03,962 [pool-421-thread-1] INFO  server.RaftServerConfigKeys (ConfUtils.java:logGet(44)) - raft.server.retrycache.statistics.expirytime = 100μs (default)
2022-01-16 14:03:03,963 [pool-421-thread-1] INFO  server.RaftServer$Division (RaftServerImpl.java:start(301)) - fb2bbb8d-0a43-4468-9762-35835c6ecdd5@group-EA466064A84A: start as a follower, conf=-1: [fb2bbb8d-0a43-4468-9762-35835c6ecdd5|rpc:10.1.0.30:42593|priority:1], old=null
2022-01-16 14:03:03,963 [pool-421-thread-1] INFO  server.RaftServer$Division (RaftServerImpl.java:setRole(290)) - fb2bbb8d-0a43-4468-9762-35835c6ecdd5@group-EA466064A84A: changes role from      null to FOLLOWER at term 0 for startAsFollower
2022-01-16 14:03:03,964 [pool-421-thread-1] INFO  impl.RoleInfo (RoleInfo.java:updateAndGet(130)) - fb2bbb8d-0a43-4468-9762-35835c6ecdd5: start fb2bbb8d-0a43-4468-9762-35835c6ecdd5@group-EA466064A84A-FollowerState
2022-01-16 14:03:03,973 [pool-421-thread-1] INFO  util.JmxRegister (JmxRegister.java:tryRegister(44)) - Successfully registered JMX Bean with object name Ratis:service=RaftServer,group=group-EA466064A84A,id=fb2bbb8d-0a43-4468-9762-35835c6ecdd5
2022-01-16 14:03:03,977 [Command processor thread] INFO  ratis.XceiverServerRatis (XceiverServerRatis.java:addGroup(768)) - Created group PipelineID=f5b5cd14-e739-4628-8149-ea466064a84a
2022-01-16 14:03:03,977 [Command processor thread] INFO  commandhandler.CreatePipelineCommandHandler (CreatePipelineCommandHandler.java:handle(106)) - Created Pipeline RATIS ONE PipelineID=f5b5cd14-e739-4628-8149-ea466064a84a.
2022-01-16 14:03:05,947 [Time-limited test] INFO  utils.BackgroundService (BackgroundService.java:shutdown(132)) - Shutting down service BlockDeletingService
2022-01-16 14:03:08,861 [85ccfe40-d44a-4cce-8ecd-09036b5f4718@group-4A2A27F3DB13-FollowerState] INFO  impl.FollowerState (FollowerState.java:run(134)) - 85ccfe40-d44a-4cce-8ecd-09036b5f4718@group-4A2A27F3DB13-FollowerState: change to CANDIDATE, lastRpcElapsedTime:5114930527ns, electionTimeout:5100ms
2022-01-16 14:03:08,861 [85ccfe40-d44a-4cce-8ecd-09036b5f4718@group-4A2A27F3DB13-FollowerState] INFO  impl.RoleInfo (RoleInfo.java:shutdownFollowerState(108)) - 85ccfe40-d44a-4cce-8ecd-09036b5f4718: shutdown 85ccfe40-d44a-4cce-8ecd-09036b5f4718@group-4A2A27F3DB13-FollowerState
2022-01-16 14:03:08,861 [85ccfe40-d44a-4cce-8ecd-09036b5f4718@group-4A2A27F3DB13-FollowerState] INFO  server.RaftServer$Division (RaftServerImpl.java:setRole(290)) - 85ccfe40-d44a-4cce-8ecd-09036b5f4718@group-4A2A27F3DB13: changes role from  FOLLOWER to CANDIDATE at term 0 for changeToCandidate
2022-01-16 14:03:08,861 [85ccfe40-d44a-4cce-8ecd-09036b5f4718@group-4A2A27F3DB13-FollowerState] INFO  server.RaftServerConfigKeys (ConfUtils.java:logGet(44)) - raft.server.leaderelection.pre-vote = false (custom)
2022-01-16 14:03:08,861 [85ccfe40-d44a-4cce-8ecd-09036b5f4718@group-4A2A27F3DB13-FollowerState] INFO  impl.RoleInfo (RoleInfo.java:updateAndGet(130)) - 85ccfe40-d44a-4cce-8ecd-09036b5f4718: start 85ccfe40-d44a-4cce-8ecd-09036b5f4718@group-4A2A27F3DB13-LeaderElection16
2022-01-16 14:03:08,876 [EventQueue-StaleNodeForStaleNodeHandler] INFO  node.StaleNodeHandler (StaleNodeHandler.java:onMessage(58)) - Datanode 6bfb9779-376e-41d0-a4a3-df540c6cb1bb{ip: 10.1.0.30, host: fv-az395-972.zfmzfyrfkyou3ow0tsr0jxwq1e.bx.internal.cloudapp.net, ports: [REPLICATION=44479, RATIS=35687, RATIS_ADMIN=35687, RATIS_SERVER=35687, STANDALONE=43181], networkLocation: /default-rack, certSerialId: null, persistedOpState: IN_SERVICE, persistedOpStateExpiryEpochSec: 0} moved to stale state. Finalizing its pipelines [PipelineID=be905a27-b916-4d7a-bd51-4a2a27f3db13, PipelineID=c18d7b6c-32c8-4880-b14f-d0fcc1b5800b]
2022-01-16 14:03:08,879 [EventQueue-StaleNodeForStaleNodeHandler] INFO  ha.SCMHAInvocationHandler (SCMHAInvocationHandler.java:invokeRatis(113)) - Invoking method public abstract void org.apache.hadoop.hdds.scm.pipeline.PipelineStateManager.updatePipelineState(org.apache.hadoop.hdds.protocol.proto.HddsProtos$PipelineID,org.apache.hadoop.hdds.protocol.proto.HddsProtos$PipelineState) throws java.io.IOException on target org.apache.hadoop.hdds.scm.ha.SCMRatisServerImpl@d2127c6, cost 2581.824us
2022-01-16 14:03:08,879 [EventQueue-StaleNodeForStaleNodeHandler] INFO  pipeline.PipelineManagerImpl (PipelineManagerImpl.java:closePipeline(365)) - Pipeline Pipeline[ Id: be905a27-b916-4d7a-bd51-4a2a27f3db13, Nodes: fb2bbb8d-0a43-4468-9762-35835c6ecdd5{ip: 10.1.0.30, host: fv-az395-972.zfmzfyrfkyou3ow0tsr0jxwq1e.bx.internal.cloudapp.net, ports: [REPLICATION=46271, RATIS=42593, RATIS_ADMIN=42593, RATIS_SERVER=42593, STANDALONE=36115], networkLocation: /default-rack, certSerialId: null, persistedOpState: IN_SERVICE, persistedOpStateExpiryEpochSec: 0}6bfb9779-376e-41d0-a4a3-df540c6cb1bb{ip: 10.1.0.30, host: fv-az395-972.zfmzfyrfkyou3ow0tsr0jxwq1e.bx.internal.cloudapp.net, ports: [REPLICATION=44479, RATIS=35687, RATIS_ADMIN=35687, RATIS_SERVER=35687, STANDALONE=43181], networkLocation: /default-rack, certSerialId: null, persistedOpState: IN_SERVICE, persistedOpStateExpiryEpochSec: 0}85ccfe40-d44a-4cce-8ecd-09036b5f4718{ip: 10.1.0.30, host: fv-az395-972.zfmzfyrfkyou3ow0tsr0jxwq1e.bx.internal.cloudapp.net, ports: [REPLICATION=34499, RATIS=34255, RATIS_ADMIN=34255, RATIS_SERVER=34255, STANDALONE=39217], networkLocation: /default-rack, certSerialId: null, persistedOpState: IN_SERVICE, persistedOpStateExpiryEpochSec: 0}, ReplicationConfig: RATIS/THREE, State:ALLOCATED, leaderId:, CreationTimestamp2022-01-16T14:03:02.492Z[Etc/UTC]] moved to CLOSED state
2022-01-16 14:03:08,880 [85ccfe40-d44a-4cce-8ecd-09036b5f4718@group-4A2A27F3DB13-LeaderElection16] INFO  impl.LeaderElection (LeaderElection.java:askForVotes(306)) - 85ccfe40-d44a-4cce-8ecd-09036b5f4718@group-4A2A27F3DB13-LeaderElection16 ELECTION round 0: submit vote requests at term 1 for -1: [6bfb9779-376e-41d0-a4a3-df540c6cb1bb|rpc:10.1.0.30:35687|priority:0, fb2bbb8d-0a43-4468-9762-35835c6ecdd5|rpc:10.1.0.30:42593|priority:0, 85ccfe40-d44a-4cce-8ecd-09036b5f4718|rpc:10.1.0.30:34255|priority:1], old=null
2022-01-16 14:03:08,888 [EventQueue-StaleNodeForStaleNodeHandler] INFO  ha.SCMHAInvocationHandler (SCMHAInvocationHandler.java:invokeRatis(113)) - Invoking method public abstract void org.apache.hadoop.hdds.scm.container.ContainerStateManager.updateContainerState(org.apache.hadoop.hdds.protocol.proto.HddsProtos$ContainerID,org.apache.hadoop.hdds.protocol.proto.HddsProtos$LifeCycleEvent) throws java.io.IOException,org.apache.hadoop.ozone.common.statemachine.InvalidStateTransitionException on target org.apache.hadoop.hdds.scm.ha.SCMRatisServerImpl@d2127c6, cost 8465.034us
2022-01-16 14:03:08,893 [EventQueue-StaleNodeForStaleNodeHandler] INFO  pipeline.PipelineManagerImpl (PipelineManagerImpl.java:closeContainersForPipeline(344)) - Container #5 closed for pipeline=PipelineID=c18d7b6c-32c8-4880-b14f-d0fcc1b5800b
2022-01-16 14:03:08,893 [EventQueue-CloseContainerForCloseContainerEventHandler] INFO  container.CloseContainerEventHandler (CloseContainerEventHandler.java:onMessage(69)) - Close container Event triggered for container : #5
2022-01-16 14:03:08,897 [85ccfe40-d44a-4cce-8ecd-09036b5f4718@group-4A2A27F3DB13-LeaderElection16] INFO  impl.LeaderElection (LogUtils.java:infoOrTrace(137)) - 85ccfe40-d44a-4cce-8ecd-09036b5f4718@group-4A2A27F3DB13-LeaderElection16 got exception when requesting votes: java.util.concurrent.ExecutionException: org.apache.ratis.thirdparty.io.grpc.StatusRuntimeException: UNAVAILABLE: io exception
2022-01-16 14:03:08,897 [grpc-default-executor-3] INFO  server.RaftServer$Division (RaftServerImpl.java:requestVote(1046)) - fb2bbb8d-0a43-4468-9762-35835c6ecdd5@group-4A2A27F3DB13: receive requestVote(ELECTION, 85ccfe40-d44a-4cce-8ecd-09036b5f4718, group-4A2A27F3DB13, 1, (t:0, i:0))
2022-01-16 14:03:08,905 [grpc-default-executor-3] INFO  impl.VoteContext (VoteContext.java:log(48)) - fb2bbb8d-0a43-4468-9762-35835c6ecdd5@group-4A2A27F3DB13-FOLLOWER: accept ELECTION from 85ccfe40-d44a-4cce-8ecd-09036b5f4718: our priority 0 <= candidate's priority 1
2022-01-16 14:03:08,905 [grpc-default-executor-3] INFO  server.RaftServer$Division (RaftServerImpl.java:setRole(290)) - fb2bbb8d-0a43-4468-9762-35835c6ecdd5@group-4A2A27F3DB13: changes role from  FOLLOWER to FOLLOWER at term 1 for candidate:85ccfe40-d44a-4cce-8ecd-09036b5f4718
2022-01-16 14:03:08,905 [grpc-default-executor-3] INFO  impl.RoleInfo (RoleInfo.java:shutdownFollowerState(108)) - fb2bbb8d-0a43-4468-9762-35835c6ecdd5: shutdown fb2bbb8d-0a43-4468-9762-35835c6ecdd5@group-4A2A27F3DB13-FollowerState
2022-01-16 14:03:08,905 [grpc-default-executor-3] INFO  impl.RoleInfo (RoleInfo.java:updateAndGet(130)) - fb2bbb8d-0a43-4468-9762-35835c6ecdd5: start fb2bbb8d-0a43-4468-9762-35835c6ecdd5@group-4A2A27F3DB13-FollowerState
2022-01-16 14:03:08,896 [EventQueue-StaleNodeForStaleNodeHandler] INFO  ha.SCMHAInvocationHandler (SCMHAInvocationHandler.java:invokeRatis(113)) - Invoking method public abstract void org.apache.hadoop.hdds.scm.pipeline.PipelineStateManager.updatePipelineState(org.apache.hadoop.hdds.protocol.proto.HddsProtos$PipelineID,org.apache.hadoop.hdds.protocol.proto.HddsProtos$PipelineState) throws java.io.IOException on target org.apache.hadoop.hdds.scm.ha.SCMRatisServerImpl@d2127c6, cost 3165.874us
2022-01-16 14:03:08,906 [EventQueue-StaleNodeForStaleNodeHandler] INFO  pipeline.PipelineManagerImpl (PipelineManagerImpl.java:closePipeline(365)) - Pipeline Pipeline[ Id: c18d7b6c-32c8-4880-b14f-d0fcc1b5800b, Nodes: 6bfb9779-376e-41d0-a4a3-df540c6cb1bb{ip: 10.1.0.30, host: fv-az395-972.zfmzfyrfkyou3ow0tsr0jxwq1e.bx.internal.cloudapp.net, ports: [REPLICATION=44479, RATIS=35687, RATIS_ADMIN=35687, RATIS_SERVER=35687, STANDALONE=43181], networkLocation: /default-rack, certSerialId: null, persistedOpState: IN_SERVICE, persistedOpStateExpiryEpochSec: 0}, ReplicationConfig: RATIS/ONE, State:OPEN, leaderId:6bfb9779-376e-41d0-a4a3-df540c6cb1bb, CreationTimestamp2022-01-16T14:02:15.247Z[Etc/UTC]] moved to CLOSED state
2022-01-16 14:03:08,906 [fb2bbb8d-0a43-4468-9762-35835c6ecdd5@group-4A2A27F3DB13-FollowerState] INFO  impl.FollowerState (FollowerState.java:run(143)) - fb2bbb8d-0a43-4468-9762-35835c6ecdd5@group-4A2A27F3DB13-FollowerState was interrupted: {}
java.lang.InterruptedException: sleep interrupted
	at java.lang.Thread.sleep(Native Method)
	at java.lang.Thread.sleep(Thread.java:340)
	at java.util.concurrent.TimeUnit.sleep(TimeUnit.java:386)
	at org.apache.ratis.util.TimeDuration.sleep(TimeDuration.java:324)
	at org.apache.ratis.util.TimeDuration.sleep(TimeDuration.java:309)
	at org.apache.ratis.server.impl.FollowerState.run(FollowerState.java:118)
2022-01-16 14:03:08,909 [grpc-default-executor-3] INFO  server.RaftServer$Division (RaftServerImpl.java:requestVote(1078)) - fb2bbb8d-0a43-4468-9762-35835c6ecdd5@group-4A2A27F3DB13 replies to ELECTION vote request: 85ccfe40-d44a-4cce-8ecd-09036b5f4718<-fb2bbb8d-0a43-4468-9762-35835c6ecdd5#0:OK-t1. Peer's state: fb2bbb8d-0a43-4468-9762-35835c6ecdd5@group-4A2A27F3DB13:t1, leader=null, voted=85ccfe40-d44a-4cce-8ecd-09036b5f4718, raftlog=fb2bbb8d-0a43-4468-9762-35835c6ecdd5@group-4A2A27F3DB13-SegmentedRaftLog:OPENED:c-1, conf=-1: [6bfb9779-376e-41d0-a4a3-df540c6cb1bb|rpc:10.1.0.30:35687|dataStream:|priority:0, fb2bbb8d-0a43-4468-9762-35835c6ecdd5|rpc:10.1.0.30:42593|dataStream:|priority:0, 85ccfe40-d44a-4cce-8ecd-09036b5f4718|rpc:10.1.0.30:34255|dataStream:|priority:1], old=null
2022-01-16 14:03:08,912 [85ccfe40-d44a-4cce-8ecd-09036b5f4718@group-4A2A27F3DB13-LeaderElection16] INFO  impl.LeaderElection (LeaderElection.java:logAndReturn(89)) - 85ccfe40-d44a-4cce-8ecd-09036b5f4718@group-4A2A27F3DB13-LeaderElection16: ELECTION PASSED received 1 response(s) and 1 exception(s):
2022-01-16 14:03:08,912 [85ccfe40-d44a-4cce-8ecd-09036b5f4718@group-4A2A27F3DB13-LeaderElection16] INFO  impl.LeaderElection (LeaderElection.java:logAndReturn(93)) -   Response 0: 85ccfe40-d44a-4cce-8ecd-09036b5f4718<-fb2bbb8d-0a43-4468-9762-35835c6ecdd5#0:OK-t1
2022-01-16 14:03:08,912 [85ccfe40-d44a-4cce-8ecd-09036b5f4718@group-4A2A27F3DB13-LeaderElection16] INFO  impl.LeaderElection (LogUtils.java:infoOrTrace(137)) -   Exception 1: java.util.concurrent.ExecutionException: org.apache.ratis.thirdparty.io.grpc.StatusRuntimeException: UNAVAILABLE: io exception
2022-01-16 14:03:08,912 [85ccfe40-d44a-4cce-8ecd-09036b5f4718@group-4A2A27F3DB13-LeaderElection16] INFO  impl.LeaderElection (LeaderElection.java:askForVotes(308)) - 85ccfe40-d44a-4cce-8ecd-09036b5f4718@group-4A2A27F3DB13-LeaderElection16 ELECTION round 0: result PASSED
2022-01-16 14:03:08,912 [85ccfe40-d44a-4cce-8ecd-09036b5f4718@group-4A2A27F3DB13-LeaderElection16] INFO  impl.RoleInfo (RoleInfo.java:shutdownLeaderElection(121)) - 85ccfe40-d44a-4cce-8ecd-09036b5f4718: shutdown 85ccfe40-d44a-4cce-8ecd-09036b5f4718@group-4A2A27F3DB13-LeaderElection16
2022-01-16 14:03:08,912 [85ccfe40-d44a-4cce-8ecd-09036b5f4718@group-4A2A27F3DB13-LeaderElection16] INFO  server.RaftServer$Division (RaftServerImpl.java:setRole(290)) - 85ccfe40-d44a-4cce-8ecd-09036b5f4718@group-4A2A27F3DB13: changes role from CANDIDATE to LEADER at term 1 for changeToLeader
2022-01-16 14:03:08,912 [85ccfe40-d44a-4cce-8ecd-09036b5f4718@group-4A2A27F3DB13-LeaderElection16] INFO  ratis.XceiverServerRatis (XceiverServerRatis.java:handleLeaderChangedNotification(866)) - Leader change notification received for group: group-4A2A27F3DB13 with new leaderId: 85ccfe40-d44a-4cce-8ecd-09036b5f4718
2022-01-16 14:03:08,912 [85ccfe40-d44a-4cce-8ecd-09036b5f4718@group-4A2A27F3DB13-LeaderElection16] INFO  server.RaftServer$Division (ServerState.java:setLeader(285)) - 85ccfe40-d44a-4cce-8ecd-09036b5f4718@group-4A2A27F3DB13: change Leader from null to 85ccfe40-d44a-4cce-8ecd-09036b5f4718 at term 1 for becomeLeader, leader elected after 5181ms
2022-01-16 14:03:08,912 [85ccfe40-d44a-4cce-8ecd-09036b5f4718@group-4A2A27F3DB13-LeaderElection16] INFO  server.RaftServerConfigKeys (ConfUtils.java:logGet(44)) - raft.server.staging.catchup.gap = 1000 (default)
2022-01-16 14:03:08,912 [85ccfe40-d44a-4cce-8ecd-09036b5f4718@group-4A2A27F3DB13-LeaderElection16] INFO  server.RaftServerConfigKeys (ConfUtils.java:logGet(44)) - raft.server.write.element-limit = 1024 (custom)
2022-01-16 14:03:08,912 [85ccfe40-d44a-4cce-8ecd-09036b5f4718@group-4A2A27F3DB13-LeaderElection16] INFO  server.RaftServerConfigKeys (ConfUtils.java:logGet(44)) - raft.server.write.byte-limit = 1024 M (=1073741824) (custom)
2022-01-16 14:03:08,913 [85ccfe40-d44a-4cce-8ecd-09036b5f4718@group-4A2A27F3DB13-LeaderElection16] INFO  server.RaftServerConfigKeys (ConfUtils.java:logGet(44)) - raft.server.watch.timeout = 180s (custom)
2022-01-16 14:03:08,913 [85ccfe40-d44a-4cce-8ecd-09036b5f4718@group-4A2A27F3DB13-LeaderElection16] INFO  server.RaftServerConfigKeys (ConfUtils.java:logGet(44)) - raft.server.watch.timeout.denomination = 1s (default)
2022-01-16 14:03:08,913 [85ccfe40-d44a-4cce-8ecd-09036b5f4718@group-4A2A27F3DB13-LeaderElection16] INFO  server.RaftServerConfigKeys (ConfUtils.java:logGet(44)) - raft.server.watch.element-limit = 65536 (default)
2022-01-16 14:03:08,913 [85ccfe40-d44a-4cce-8ecd-09036b5f4718@group-4A2A27F3DB13-LeaderElection16] INFO  server.RaftServerConfigKeys (ConfUtils.java:logGet(44)) - raft.server.write.element-limit = 1024 (custom)
2022-01-16 14:03:08,913 [85ccfe40-d44a-4cce-8ecd-09036b5f4718@group-4A2A27F3DB13-LeaderElection16] INFO  server.RaftServerConfigKeys (ConfUtils.java:logGet(44)) - raft.server.write.follower.gap.ratio.max = -1.0 (default)
2022-01-16 14:03:08,913 [85ccfe40-d44a-4cce-8ecd-09036b5f4718@group-4A2A27F3DB13-LeaderElection16] INFO  server.RaftServerConfigKeys (ConfUtils.java:logGet(44)) - raft.server.log.appender.snapshot.chunk.size.max = 16MB (=16777216) (default)
2022-01-16 14:03:08,913 [85ccfe40-d44a-4cce-8ecd-09036b5f4718@group-4A2A27F3DB13-LeaderElection16] INFO  server.RaftServerConfigKeys (ConfUtils.java:logGet(44)) - raft.server.log.appender.buffer.byte-limit = 33554432 (custom)
2022-01-16 14:03:08,913 [85ccfe40-d44a-4cce-8ecd-09036b5f4718@group-4A2A27F3DB13-LeaderElection16] INFO  server.RaftServerConfigKeys (ConfUtils.java:logGet(44)) - raft.server.log.appender.buffer.element-limit = 1 (custom)
2022-01-16 14:03:08,913 [85ccfe40-d44a-4cce-8ecd-09036b5f4718@group-4A2A27F3DB13-LeaderElection16] INFO  grpc.GrpcConfigKeys (ConfUtils.java:logGet(44)) - raft.grpc.server.leader.outstanding.appends.max = 128 (default)
2022-01-16 14:03:08,913 [85ccfe40-d44a-4cce-8ecd-09036b5f4718@group-4A2A27F3DB13-LeaderElection16] INFO  server.RaftServerConfigKeys (ConfUtils.java:logGet(44)) - raft.server.rpc.request.timeout = 60s (custom)
2022-01-16 14:03:08,913 [85ccfe40-d44a-4cce-8ecd-09036b5f4718@group-4A2A27F3DB13-LeaderElection16] INFO  server.RaftServerConfigKeys (ConfUtils.java:logGet(44)) - raft.server.log.appender.install.snapshot.enabled = false (custom)
2022-01-16 14:03:08,914 [85ccfe40-d44a-4cce-8ecd-09036b5f4718@group-4A2A27F3DB13-LeaderElection16] INFO  server.RaftServerConfigKeys (ConfUtils.java:logGet(44)) - raft.server.log.appender.snapshot.chunk.size.max = 16MB (=16777216) (default)
2022-01-16 14:03:08,914 [85ccfe40-d44a-4cce-8ecd-09036b5f4718@group-4A2A27F3DB13-LeaderElection16] INFO  server.RaftServerConfigKeys (ConfUtils.java:logGet(44)) - raft.server.log.appender.buffer.byte-limit = 33554432 (custom)
2022-01-16 14:03:08,914 [85ccfe40-d44a-4cce-8ecd-09036b5f4718@group-4A2A27F3DB13-LeaderElection16] INFO  server.RaftServerConfigKeys (ConfUtils.java:logGet(44)) - raft.server.log.appender.buffer.element-limit = 1 (custom)
2022-01-16 14:03:08,914 [85ccfe40-d44a-4cce-8ecd-09036b5f4718@group-4A2A27F3DB13-LeaderElection16] INFO  grpc.GrpcConfigKeys (ConfUtils.java:logGet(44)) - raft.grpc.server.leader.outstanding.appends.max = 128 (default)
2022-01-16 14:03:08,914 [85ccfe40-d44a-4cce-8ecd-09036b5f4718@group-4A2A27F3DB13-LeaderElection16] INFO  server.RaftServerConfigKeys (ConfUtils.java:logGet(44)) - raft.server.rpc.request.timeout = 60s (custom)
2022-01-16 14:03:08,914 [85ccfe40-d44a-4cce-8ecd-09036b5f4718@group-4A2A27F3DB13-LeaderElection16] INFO  server.RaftServerConfigKeys (ConfUtils.java:logGet(44)) - raft.server.log.appender.install.snapshot.enabled = false (custom)
2022-01-16 14:03:08,915 [85ccfe40-d44a-4cce-8ecd-09036b5f4718@group-4A2A27F3DB13-LeaderElection16] INFO  impl.RoleInfo (RoleInfo.java:updateAndGet(130)) - 85ccfe40-d44a-4cce-8ecd-09036b5f4718: start 85ccfe40-d44a-4cce-8ecd-09036b5f4718@group-4A2A27F3DB13-LeaderStateImpl
2022-01-16 14:03:08,915 [85ccfe40-d44a-4cce-8ecd-09036b5f4718@group-4A2A27F3DB13-LeaderElection16] INFO  segmented.SegmentedRaftLogWorker (SegmentedRaftLogWorker.java:startLogSegment(394)) - 85ccfe40-d44a-4cce-8ecd-09036b5f4718@group-4A2A27F3DB13-SegmentedRaftLogWorker: Starting segment from index:0
2022-01-16 14:03:08,917 [85ccfe40-d44a-4cce-8ecd-09036b5f4718@group-4A2A27F3DB13-SegmentedRaftLogWorker] INFO  segmented.SegmentedRaftLogWorker (SegmentedRaftLogWorker.java:execute(601)) - 85ccfe40-d44a-4cce-8ecd-09036b5f4718@group-4A2A27F3DB13-SegmentedRaftLogWorker: created new log segment /home/runner/work/ozone/ozone/hadoop-ozone/integration-test/target/test-dir/MiniOzoneClusterImpl-8dcea29f-4d4f-4b68-9a1a-1d92263011bb/datanode-2/data/ratis/be905a27-b916-4d7a-bd51-4a2a27f3db13/current/log_inprogress_0
2022-01-16 14:03:08,952 [Time-limited test] INFO  statemachine.DatanodeStateMachine (DatanodeStateMachine.java:stopDaemon(529)) - Ozone container server stopped.
2022-01-16 14:03:08,961 [85ccfe40-d44a-4cce-8ecd-09036b5f4718@group-4A2A27F3DB13-LeaderElection16] INFO  server.RaftServer$Division (ServerState.java:setRaftConf(387)) - 85ccfe40-d44a-4cce-8ecd-09036b5f4718@group-4A2A27F3DB13: set configuration 0: [6bfb9779-376e-41d0-a4a3-df540c6cb1bb|rpc:10.1.0.30:35687|dataStream:|priority:0, fb2bbb8d-0a43-4468-9762-35835c6ecdd5|rpc:10.1.0.30:42593|dataStream:|priority:0, 85ccfe40-d44a-4cce-8ecd-09036b5f4718|rpc:10.1.0.30:34255|dataStream:|priority:1], old=null
2022-01-16 14:03:08,976 [Time-limited test] INFO  handler.ContextHandler (ContextHandler.java:doStop(1153)) - Stopped o.e.j.w.WebAppContext@5bd9615c{hddsDatanode,/,null,STOPPED}{jar:file:/home/runner/.m2/repository/org/apache/ozone/hdds-container-service/1.3.0-SNAPSHOT/hdds-container-service-1.3.0-SNAPSHOT.jar!/webapps/hddsDatanode}
2022-01-16 14:03:08,977 [Time-limited test] INFO  server.AbstractConnector (AbstractConnector.java:doStop(381)) - Stopped ServerConnector@7650e219{HTTP/1.1, (http/1.1)}{0.0.0.0:0}
2022-01-16 14:03:08,977 [Time-limited test] INFO  server.session (HouseKeeper.java:stopScavenging(149)) - node0 Stopped scavenging
2022-01-16 14:03:08,981 [grpc-default-executor-3] WARN  server.GrpcLogAppender (LogUtils.java:warn(122)) - 85ccfe40-d44a-4cce-8ecd-09036b5f4718@group-4A2A27F3DB13->6bfb9779-376e-41d0-a4a3-df540c6cb1bb-AppendLogResponseHandler: Failed appendEntries: org.apache.ratis.thirdparty.io.grpc.StatusRuntimeException: UNAVAILABLE: io exception
2022-01-16 14:03:08,981 [grpc-default-executor-3] WARN  server.GrpcLogAppender (GrpcLogAppender.java:resetClient(110)) - 85ccfe40-d44a-4cce-8ecd-09036b5f4718@group-4A2A27F3DB13->6bfb9779-376e-41d0-a4a3-df540c6cb1bb-GrpcLogAppender: Leader has not got in touch with Follower 85ccfe40-d44a-4cce-8ecd-09036b5f4718@group-4A2A27F3DB13->6bfb9779-376e-41d0-a4a3-df540c6cb1bb(c-1,m0,n0, attendVote=true, lastRpcSendTime=5268, lastRpcResponseTime=5268) yet, just keep nextIndex unchanged and retry.
2022-01-16 14:03:08,988 [grpc-default-executor-1] INFO  ratis.XceiverServerRatis (XceiverServerRatis.java:handleLeaderChangedNotification(866)) - Leader change notification received for group: group-4A2A27F3DB13 with new leaderId: 85ccfe40-d44a-4cce-8ecd-09036b5f4718
2022-01-16 14:03:08,988 [grpc-default-executor-1] INFO  server.RaftServer$Division (ServerState.java:setLeader(285)) - fb2bbb8d-0a43-4468-9762-35835c6ecdd5@group-4A2A27F3DB13: change Leader from null to 85ccfe40-d44a-4cce-8ecd-09036b5f4718 at term 1 for appendEntries, leader elected after 5212ms
2022-01-16 14:03:08,989 [Time-limited test] INFO  handler.ContextHandler (ContextHandler.java:doStop(1153)) - Stopped o.e.j.s.ServletContextHandler@7647eff0{static,/static,jar:file:/home/runner/.m2/repository/org/apache/ozone/hdds-container-service/1.3.0-SNAPSHOT/hdds-container-service-1.3.0-SNAPSHOT.jar!/webapps/static,STOPPED}
2022-01-16 14:03:08,990 [Time-limited test] INFO  handler.ContextHandler (ContextHandler.java:doStop(1153)) - Stopped o.e.j.s.ServletContextHandler@637721f4{logs,/logs,file:///home/runner/work/ozone/ozone/hadoop-ozone/integration-test/target/log,STOPPED}
2022-01-16 14:03:08,993 [grpc-default-executor-3] WARN  server.GrpcLogAppender (LogUtils.java:warn(122)) - 85ccfe40-d44a-4cce-8ecd-09036b5f4718@group-4A2A27F3DB13->6bfb9779-376e-41d0-a4a3-df540c6cb1bb-AppendLogResponseHandler: Failed appendEntries: org.apache.ratis.thirdparty.io.grpc.StatusRuntimeException: UNAVAILABLE: io exception
2022-01-16 14:03:08,993 [grpc-default-executor-3] WARN  server.GrpcLogAppender (GrpcLogAppender.java:resetClient(110)) - 85ccfe40-d44a-4cce-8ecd-09036b5f4718@group-4A2A27F3DB13->6bfb9779-376e-41d0-a4a3-df540c6cb1bb-GrpcLogAppender: Leader has not got in touch with Follower 85ccfe40-d44a-4cce-8ecd-09036b5f4718@group-4A2A27F3DB13->6bfb9779-376e-41d0-a4a3-df540c6cb1bb(c-1,m0,n1, attendVote=true, lastRpcSendTime=0, lastRpcResponseTime=5280) yet, just keep nextIndex unchanged and retry.
2022-01-16 14:03:08,997 [Time-limited test] WARN  impl.MetricRegistriesImpl (MetricRegistriesImpl.java:addReporterRegistration(111)) - New reporters are added after registries were created. Some metrics will be missing from the reporter. Please add reporter before adding any new registry.
2022-01-16 14:03:09,004 [Time-limited test] WARN  impl.MetricRegistriesImpl (MetricRegistriesImpl.java:addReporterRegistration(111)) - New reporters are added after registries were created. Some metrics will be missing from the reporter. Please add reporter before adding any new registry.
2022-01-16 14:03:09,005 [Time-limited test] INFO  impl.MetricsSystemImpl (MetricsSystemImpl.java:init(158)) - HddsDatanode metrics system started (again)
2022-01-16 14:03:09,012 [fb2bbb8d-0a43-4468-9762-35835c6ecdd5@group-EA466064A84A-FollowerState] INFO  impl.FollowerState (FollowerState.java:run(134)) - fb2bbb8d-0a43-4468-9762-35835c6ecdd5@group-EA466064A84A-FollowerState: change to CANDIDATE, lastRpcElapsedTime:5048060990ns, electionTimeout:5039ms
2022-01-16 14:03:09,012 [fb2bbb8d-0a43-4468-9762-35835c6ecdd5@group-EA466064A84A-FollowerState] INFO  impl.RoleInfo (RoleInfo.java:shutdownFollowerState(108)) - fb2bbb8d-0a43-4468-9762-35835c6ecdd5: shutdown fb2bbb8d-0a43-4468-9762-35835c6ecdd5@group-EA466064A84A-FollowerState
2022-01-16 14:03:09,012 [fb2bbb8d-0a43-4468-9762-35835c6ecdd5@group-EA466064A84A-FollowerState] INFO  server.RaftServer$Division (RaftServerImpl.java:setRole(290)) - fb2bbb8d-0a43-4468-9762-35835c6ecdd5@group-EA466064A84A: changes role from  FOLLOWER to CANDIDATE at term 0 for changeToCandidate
2022-01-16 14:03:09,012 [fb2bbb8d-0a43-4468-9762-35835c6ecdd5@group-EA466064A84A-FollowerState] INFO  server.RaftServerConfigKeys (ConfUtils.java:logGet(44)) - raft.server.leaderelection.pre-vote = false (custom)
2022-01-16 14:03:09,012 [fb2bbb8d-0a43-4468-9762-35835c6ecdd5@group-EA466064A84A-FollowerState] INFO  impl.RoleInfo (RoleInfo.java:updateAndGet(130)) - fb2bbb8d-0a43-4468-9762-35835c6ecdd5: start fb2bbb8d-0a43-4468-9762-35835c6ecdd5@group-EA466064A84A-LeaderElection17
2022-01-16 14:03:09,021 [grpc-default-executor-1] INFO  server.RaftServer$Division (ServerState.java:setRaftConf(387)) - fb2bbb8d-0a43-4468-9762-35835c6ecdd5@group-4A2A27F3DB13: set configuration 0: [6bfb9779-376e-41d0-a4a3-df540c6cb1bb|rpc:10.1.0.30:35687|dataStream:|priority:0, fb2bbb8d-0a43-4468-9762-35835c6ecdd5|rpc:10.1.0.30:42593|dataStream:|priority:0, 85ccfe40-d44a-4cce-8ecd-09036b5f4718|rpc:10.1.0.30:34255|dataStream:|priority:1], old=null
2022-01-16 14:03:09,021 [grpc-default-executor-1] INFO  segmented.SegmentedRaftLogWorker (SegmentedRaftLogWorker.java:startLogSegment(394)) - fb2bbb8d-0a43-4468-9762-35835c6ecdd5@group-4A2A27F3DB13-SegmentedRaftLogWorker: Starting segment from index:0
2022-01-16 14:03:09,023 [fb2bbb8d-0a43-4468-9762-35835c6ecdd5@group-4A2A27F3DB13-SegmentedRaftLogWorker] INFO  segmented.SegmentedRaftLogWorker (SegmentedRaftLogWorker.java:execute(601)) - fb2bbb8d-0a43-4468-9762-35835c6ecdd5@group-4A2A27F3DB13-SegmentedRaftLogWorker: created new log segment /home/runner/work/ozone/ozone/hadoop-ozone/integration-test/target/test-dir/MiniOzoneClusterImpl-8dcea29f-4d4f-4b68-9a1a-1d92263011bb/datanode-0/data/ratis/be905a27-b916-4d7a-bd51-4a2a27f3db13/current/log_inprogress_0
2022-01-16 14:03:09,034 [fb2bbb8d-0a43-4468-9762-35835c6ecdd5@group-EA466064A84A-LeaderElection17] INFO  impl.LeaderElection (LeaderElection.java:askForVotes(306)) - fb2bbb8d-0a43-4468-9762-35835c6ecdd5@group-EA466064A84A-LeaderElection17 ELECTION round 0: submit vote requests at term 1 for -1: [fb2bbb8d-0a43-4468-9762-35835c6ecdd5|rpc:10.1.0.30:42593|priority:1], old=null
2022-01-16 14:03:09,034 [fb2bbb8d-0a43-4468-9762-35835c6ecdd5@group-EA466064A84A-LeaderElection17] INFO  impl.LeaderElection (LeaderElection.java:askForVotes(308)) - fb2bbb8d-0a43-4468-9762-35835c6ecdd5@group-EA466064A84A-LeaderElection17 ELECTION round 0: result PASSED (term=1)
2022-01-16 14:03:09,034 [fb2bbb8d-0a43-4468-9762-35835c6ecdd5@group-EA466064A84A-LeaderElection17] INFO  impl.RoleInfo (RoleInfo.java:shutdownLeaderElection(121)) - fb2bbb8d-0a43-4468-9762-35835c6ecdd5: shutdown fb2bbb8d-0a43-4468-9762-35835c6ecdd5@group-EA466064A84A-LeaderElection17
2022-01-16 14:03:09,034 [fb2bbb8d-0a43-4468-9762-35835c6ecdd5@group-EA466064A84A-LeaderElection17] INFO  server.RaftServer$Division (RaftServerImpl.java:setRole(290)) - fb2bbb8d-0a43-4468-9762-35835c6ecdd5@group-EA466064A84A: changes role from CANDIDATE to LEADER at term 1 for changeToLeader
2022-01-16 14:03:09,035 [fb2bbb8d-0a43-4468-9762-35835c6ecdd5@group-EA466064A84A-LeaderElection17] INFO  ratis.XceiverServerRatis (XceiverServerRatis.java:handleLeaderChangedNotification(866)) - Leader change notification received for group: group-EA466064A84A with new leaderId: fb2bbb8d-0a43-4468-9762-35835c6ecdd5
2022-01-16 14:03:09,035 [fb2bbb8d-0a43-4468-9762-35835c6ecdd5@group-EA466064A84A-LeaderElection17] INFO  server.RaftServer$Division (ServerState.java:setLeader(285)) - fb2bbb8d-0a43-4468-9762-35835c6ecdd5@group-EA466064A84A: change Leader from null to fb2bbb8d-0a43-4468-9762-35835c6ecdd5 at term 1 for becomeLeader, leader elected after 5079ms
2022-01-16 14:03:09,035 [fb2bbb8d-0a43-4468-9762-35835c6ecdd5@group-EA466064A84A-LeaderElection17] INFO  server.RaftServerConfigKeys (ConfUtils.java:logGet(44)) - raft.server.staging.catchup.gap = 1000 (default)
2022-01-16 14:03:09,035 [fb2bbb8d-0a43-4468-9762-35835c6ecdd5@group-EA466064A84A-LeaderElection17] INFO  server.RaftServerConfigKeys (ConfUtils.java:logGet(44)) - raft.server.write.element-limit = 1024 (custom)
2022-01-16 14:03:09,035 [fb2bbb8d-0a43-4468-9762-35835c6ecdd5@group-EA466064A84A-LeaderElection17] INFO  server.RaftServerConfigKeys (ConfUtils.java:logGet(44)) - raft.server.write.byte-limit = 1024 M (=1073741824) (custom)
2022-01-16 14:03:09,035 [fb2bbb8d-0a43-4468-9762-35835c6ecdd5@group-EA466064A84A-LeaderElection17] INFO  server.RaftServerConfigKeys (ConfUtils.java:logGet(44)) - raft.server.watch.timeout = 180s (custom)
2022-01-16 14:03:09,035 [fb2bbb8d-0a43-4468-9762-35835c6ecdd5@group-EA466064A84A-LeaderElection17] INFO  server.RaftServerConfigKeys (ConfUtils.java:logGet(44)) - raft.server.watch.timeout.denomination = 1s (default)
2022-01-16 14:03:09,035 [fb2bbb8d-0a43-4468-9762-35835c6ecdd5@group-EA466064A84A-LeaderElection17] INFO  server.RaftServerConfigKeys (ConfUtils.java:logGet(44)) - raft.server.watch.element-limit = 65536 (default)
2022-01-16 14:03:09,036 [fb2bbb8d-0a43-4468-9762-35835c6ecdd5@group-EA466064A84A-LeaderElection17] INFO  server.RaftServerConfigKeys (ConfUtils.java:logGet(44)) - raft.server.write.element-limit = 1024 (custom)
2022-01-16 14:03:09,036 [fb2bbb8d-0a43-4468-9762-35835c6ecdd5@group-EA466064A84A-LeaderElection17] INFO  server.RaftServerConfigKeys (ConfUtils.java:logGet(44)) - raft.server.write.follower.gap.ratio.max = -1.0 (default)
2022-01-16 14:03:09,036 [fb2bbb8d-0a43-4468-9762-35835c6ecdd5@group-EA466064A84A-LeaderElection17] INFO  impl.RoleInfo (RoleInfo.java:updateAndGet(130)) - fb2bbb8d-0a43-4468-9762-35835c6ecdd5: start fb2bbb8d-0a43-4468-9762-35835c6ecdd5@group-EA466064A84A-LeaderStateImpl
2022-01-16 14:03:09,036 [fb2bbb8d-0a43-4468-9762-35835c6ecdd5@group-EA466064A84A-LeaderElection17] INFO  segmented.SegmentedRaftLogWorker (SegmentedRaftLogWorker.java:startLogSegment(394)) - fb2bbb8d-0a43-4468-9762-35835c6ecdd5@group-EA466064A84A-SegmentedRaftLogWorker: Starting segment from index:0
2022-01-16 14:03:09,037 [fb2bbb8d-0a43-4468-9762-35835c6ecdd5@group-EA466064A84A-SegmentedRaftLogWorker] INFO  segmented.SegmentedRaftLogWorker (SegmentedRaftLogWorker.java:execute(601)) - fb2bbb8d-0a43-4468-9762-35835c6ecdd5@group-EA466064A84A-SegmentedRaftLogWorker: created new log segment /home/runner/work/ozone/ozone/hadoop-ozone/integration-test/target/test-dir/MiniOzoneClusterImpl-8dcea29f-4d4f-4b68-9a1a-1d92263011bb/datanode-0/data/ratis/f5b5cd14-e739-4628-8149-ea466064a84a/current/log_inprogress_0
2022-01-16 14:03:09,046 [fb2bbb8d-0a43-4468-9762-35835c6ecdd5@group-EA466064A84A-LeaderElection17] INFO  server.RaftServer$Division (ServerState.java:setRaftConf(387)) - fb2bbb8d-0a43-4468-9762-35835c6ecdd5@group-EA466064A84A: set configuration 0: [fb2bbb8d-0a43-4468-9762-35835c6ecdd5|rpc:10.1.0.30:42593|dataStream:|priority:1], old=null
2022-01-16 14:03:09,055 [Time-limited test] INFO  ozone.HddsDatanodeService (HddsDatanodeService.java:start(234)) - HddsDatanodeService host:fv-az395-972.zfmzfyrfkyou3ow0tsr0jxwq1e.bx.internal.cloudapp.net ip:10.1.0.30
2022-01-16 14:03:09,107 [Time-limited test] INFO  upgrade.AbstractLayoutVersionManager (AbstractLayoutVersionManager.java:init(79)) - Initializing Layout version manager with metadata layout = SCM_HA (version = 2), software layout = SCM_HA (version = 2)
2022-01-16 14:03:09,218 [Time-limited test] INFO  reflections.Reflections (Reflections.java:scan(232)) - Reflections took 110 ms to scan 7 urls, producing 119 keys and 279 values 
2022-01-16 14:03:09,229 [Time-limited test] INFO  statemachine.DatanodeStateMachine (DatanodeStateMachine.java:getEndPointTaskThreadPoolSize(222)) - Datanode State Machine Task Thread Pool size 2
2022-01-16 14:03:09,241 [Time-limited test] INFO  volume.HddsVolume (HddsVolume.java:<init>(120)) - Creating HddsVolume: /home/runner/work/ozone/ozone/hadoop-ozone/integration-test/target/test-dir/MiniOzoneClusterImpl-8dcea29f-4d4f-4b68-9a1a-1d92263011bb/datanode-1/data-0/containers/hdds of storage type : DISK capacity : 9223372036854775807
2022-01-16 14:03:09,241 [Time-limited test] INFO  volume.MutableVolumeSet (MutableVolumeSet.java:initializeVolumeSet(168)) - Added Volume : /home/runner/work/ozone/ozone/hadoop-ozone/integration-test/target/test-dir/MiniOzoneClusterImpl-8dcea29f-4d4f-4b68-9a1a-1d92263011bb/datanode-1/data-0/containers/hdds to VolumeSet
2022-01-16 14:03:09,242 [Time-limited test] INFO  volume.ThrottledAsyncChecker (ThrottledAsyncChecker.java:schedule(141)) - Scheduling a check for /home/runner/work/ozone/ozone/hadoop-ozone/integration-test/target/test-dir/MiniOzoneClusterImpl-8dcea29f-4d4f-4b68-9a1a-1d92263011bb/datanode-1/data-0/containers/hdds
2022-01-16 14:03:09,253 [Time-limited test] INFO  volume.StorageVolumeChecker (StorageVolumeChecker.java:checkAllVolumes(202)) - Scheduled health check for volume /home/runner/work/ozone/ozone/hadoop-ozone/integration-test/target/test-dir/MiniOzoneClusterImpl-8dcea29f-4d4f-4b68-9a1a-1d92263011bb/datanode-1/data-0/containers/hdds
2022-01-16 14:03:09,287 [Time-limited test] INFO  volume.MutableVolumeSet (MutableVolumeSet.java:initializeVolumeSet(168)) - Added Volume : /home/runner/work/ozone/ozone/hadoop-ozone/integration-test/target/test-dir/MiniOzoneClusterImpl-8dcea29f-4d4f-4b68-9a1a-1d92263011bb/datanode-1/data/ratis to VolumeSet
2022-01-16 14:03:09,287 [Time-limited test] INFO  volume.ThrottledAsyncChecker (ThrottledAsyncChecker.java:schedule(141)) - Scheduling a check for /home/runner/work/ozone/ozone/hadoop-ozone/integration-test/target/test-dir/MiniOzoneClusterImpl-8dcea29f-4d4f-4b68-9a1a-1d92263011bb/datanode-1/data/ratis
2022-01-16 14:03:09,287 [Time-limited test] INFO  volume.StorageVolumeChecker (StorageVolumeChecker.java:checkAllVolumes(202)) - Scheduled health check for volume /home/runner/work/ozone/ozone/hadoop-ozone/integration-test/target/test-dir/MiniOzoneClusterImpl-8dcea29f-4d4f-4b68-9a1a-1d92263011bb/datanode-1/data/ratis
2022-01-16 14:03:09,326 [Thread-2919] INFO  ozoneimpl.ContainerReader (ContainerReader.java:readVolume(142)) - Start to verify containers on volume /home/runner/work/ozone/ozone/hadoop-ozone/integration-test/target/test-dir/MiniOzoneClusterImpl-8dcea29f-4d4f-4b68-9a1a-1d92263011bb/datanode-1/data-0/containers/hdds
2022-01-16 14:03:09,500 [Thread-2919] INFO  ozoneimpl.ContainerReader (ContainerReader.java:readVolume(172)) - Finish verifying containers on volume /home/runner/work/ozone/ozone/hadoop-ozone/integration-test/target/test-dir/MiniOzoneClusterImpl-8dcea29f-4d4f-4b68-9a1a-1d92263011bb/datanode-1/data-0/containers/hdds
2022-01-16 14:03:09,501 [Time-limited test] INFO  ozoneimpl.OzoneContainer (OzoneContainer.java:buildContainerSet(237)) - Build ContainerSet costs 0s
2022-01-16 14:03:09,504 [Time-limited test] INFO  server.RaftServer (ConfUtils.java:logGet(44)) - raft.rpc.type = GRPC (default)
2022-01-16 14:03:09,504 [Time-limited test] INFO  grpc.GrpcFactory (GrpcFactory.java:checkPooledByteBufAllocatorUseCacheForAllThreads(48)) - PERFORMANCE WARNING: useCacheForAllThreads is true that may cause Netty to create a lot garbage objects and, as a result, trigger GC.
	It is recommended to disable useCacheForAllThreads by setting -Dorg.apache.ratis.thirdparty.io.netty.allocator.useCacheForAllThreads=false in command line.
2022-01-16 14:03:09,504 [Time-limited test] INFO  grpc.GrpcConfigKeys (ConfUtils.java:logGet(44)) - raft.grpc.admin.port = 35687 (custom)
2022-01-16 14:03:09,504 [Time-limited test] INFO  grpc.GrpcConfigKeys (ConfUtils.java:logGet(44)) - raft.grpc.client.port = 35687 (custom)
2022-01-16 14:03:09,504 [Time-limited test] INFO  grpc.GrpcConfigKeys (ConfUtils.java:logGet(44)) - raft.grpc.server.port = 35687 (custom)
2022-01-16 14:03:09,504 [Time-limited test] INFO  server.GrpcService (ConfUtils.java:logGet(44)) - raft.grpc.message.size.max = 32MB (=33554432) (custom)
2022-01-16 14:03:09,504 [Time-limited test] INFO  server.RaftServerConfigKeys (ConfUtils.java:logGet(44)) - raft.server.log.appender.buffer.byte-limit = 33554432 (custom)
2022-01-16 14:03:09,504 [Time-limited test] INFO  server.GrpcService (ConfUtils.java:logGet(44)) - raft.grpc.flow.control.window = 5MB (=5242880) (custom)
2022-01-16 14:03:09,504 [Time-limited test] INFO  server.RaftServerConfigKeys (ConfUtils.java:logGet(44)) - raft.server.rpc.request.timeout = 60s (custom)
2022-01-16 14:03:09,506 [Time-limited test] INFO  impl.DataStreamServerImpl (ConfUtils.java:logGet(44)) - raft.datastream.type = DISABLED (default)
2022-01-16 14:03:09,506 [Time-limited test] INFO  server.RaftServerConfigKeys (ConfUtils.java:logGet(44)) - raft.server.rpc.slowness.timeout = 300s (custom)
2022-01-16 14:03:09,506 [Time-limited test] INFO  server.RaftServerConfigKeys (ConfUtils.java:logGet(44)) - raft.server.leaderelection.leader.step-down.wait-time = 10s (default)
2022-01-16 14:03:09,506 [Time-limited test] INFO  server.RaftServerConfigKeys (ConfUtils.java:logGet(44)) - raft.server.storage.dir = [/home/runner/work/ozone/ozone/hadoop-ozone/integration-test/target/test-dir/MiniOzoneClusterImpl-8dcea29f-4d4f-4b68-9a1a-1d92263011bb/datanode-1/data/ratis] (custom)
2022-01-16 14:03:09,506 [Time-limited test] INFO  server.RaftServer (RaftServerProxy.java:lambda$null$1(235)) - 6bfb9779-376e-41d0-a4a3-df540c6cb1bb: found a subdirectory /home/runner/work/ozone/ozone/hadoop-ozone/integration-test/target/test-dir/MiniOzoneClusterImpl-8dcea29f-4d4f-4b68-9a1a-1d92263011bb/datanode-1/data/ratis/26eb92ff-316e-4aec-bc6c-899f572a00d9
2022-01-16 14:03:09,512 [Time-limited test] INFO  server.RaftServer (RaftServerProxy.java:addNew(95)) - 6bfb9779-376e-41d0-a4a3-df540c6cb1bb: addNew group-899F572A00D9:[] returns group-899F572A00D9:java.util.concurrent.CompletableFuture@662cbb62[Not completed]
2022-01-16 14:03:09,513 [Time-limited test] INFO  server.RaftServer (RaftServerProxy.java:lambda$null$1(235)) - 6bfb9779-376e-41d0-a4a3-df540c6cb1bb: found a subdirectory /home/runner/work/ozone/ozone/hadoop-ozone/integration-test/target/test-dir/MiniOzoneClusterImpl-8dcea29f-4d4f-4b68-9a1a-1d92263011bb/datanode-1/data/ratis/2bb02a01-81a3-48aa-b5fb-a77bbcec0779
2022-01-16 14:03:09,513 [Time-limited test] INFO  server.RaftServer (RaftServerProxy.java:addNew(95)) - 6bfb9779-376e-41d0-a4a3-df540c6cb1bb: addNew group-A77BBCEC0779:[] returns group-A77BBCEC0779:java.util.concurrent.CompletableFuture@3073e468[Not completed]
2022-01-16 14:03:09,513 [Time-limited test] INFO  server.RaftServer (RaftServerProxy.java:lambda$null$1(235)) - 6bfb9779-376e-41d0-a4a3-df540c6cb1bb: found a subdirectory /home/runner/work/ozone/ozone/hadoop-ozone/integration-test/target/test-dir/MiniOzoneClusterImpl-8dcea29f-4d4f-4b68-9a1a-1d92263011bb/datanode-1/data/ratis/be905a27-b916-4d7a-bd51-4a2a27f3db13
2022-01-16 14:03:09,513 [Time-limited test] INFO  server.RaftServer (RaftServerProxy.java:addNew(95)) - 6bfb9779-376e-41d0-a4a3-df540c6cb1bb: addNew group-4A2A27F3DB13:[] returns group-4A2A27F3DB13:java.util.concurrent.CompletableFuture@31060bbb[Not completed]
2022-01-16 14:03:09,513 [Time-limited test] INFO  server.RaftServer (RaftServerProxy.java:lambda$null$1(235)) - 6bfb9779-376e-41d0-a4a3-df540c6cb1bb: found a subdirectory /home/runner/work/ozone/ozone/hadoop-ozone/integration-test/target/test-dir/MiniOzoneClusterImpl-8dcea29f-4d4f-4b68-9a1a-1d92263011bb/datanode-1/data/ratis/c18d7b6c-32c8-4880-b14f-d0fcc1b5800b
2022-01-16 14:03:09,513 [Time-limited test] INFO  server.RaftServer (RaftServerProxy.java:addNew(95)) - 6bfb9779-376e-41d0-a4a3-df540c6cb1bb: addNew group-D0FCC1B5800B:[] returns group-D0FCC1B5800B:java.util.concurrent.CompletableFuture@2cbd6e03[Not completed]
2022-01-16 14:03:09,515 [Time-limited test] INFO  server.XceiverServerGrpc (XceiverServerGrpc.java:<init>(132)) - GrpcServer channel type EpollServerSocketChannel
2022-01-16 14:03:09,516 [pool-461-thread-1] INFO  server.RaftServer$Division (RaftServerImpl.java:<init>(184)) - 6bfb9779-376e-41d0-a4a3-df540c6cb1bb: new RaftServerImpl for group-899F572A00D9:[] with ContainerStateMachine:uninitialized
2022-01-16 14:03:09,534 [pool-461-thread-1] INFO  server.RaftServerConfigKeys (ConfUtils.java:logGet(44)) - raft.server.rpc.timeout.min = 5s (custom)
2022-01-16 14:03:09,534 [pool-461-thread-1] INFO  server.RaftServerConfigKeys (ConfUtils.java:logGet(44)) - raft.server.rpc.timeout.max = 5200ms (custom)
2022-01-16 14:03:09,534 [pool-461-thread-1] INFO  server.RaftServerConfigKeys (ConfUtils.java:logGet(44)) - raft.server.rpc.sleep.time = 25ms (default)
2022-01-16 14:03:09,534 [pool-461-thread-1] INFO  server.RaftServerConfigKeys (ConfUtils.java:logGet(44)) - raft.server.rpc.slowness.timeout = 300s (custom)
2022-01-16 14:03:09,534 [pool-461-thread-1] INFO  server.RaftServerConfigKeys (ConfUtils.java:logGet(44)) - raft.server.leaderelection.leader.step-down.wait-time = 10s (default)
2022-01-16 14:03:09,534 [pool-461-thread-1] INFO  server.RaftServerConfigKeys (ConfUtils.java:logGet(44)) - raft.server.sleep.deviation.threshold = 300ms (default)
2022-01-16 14:03:09,534 [pool-461-thread-1] INFO  server.RaftServerConfigKeys (ConfUtils.java:logGet(44)) - raft.server.log.appender.install.snapshot.enabled = false (custom)
2022-01-16 14:03:09,534 [pool-461-thread-1] INFO  server.RaftServer$Division (ServerState.java:<init>(105)) - 6bfb9779-376e-41d0-a4a3-df540c6cb1bb@group-899F572A00D9: ConfigurationManager, init=-1: [], old=null, confs=<EMPTY_MAP>
2022-01-16 14:03:09,534 [pool-461-thread-1] INFO  server.RaftServerConfigKeys (ConfUtils.java:logGet(44)) - raft.server.storage.dir = [/home/runner/work/ozone/ozone/hadoop-ozone/integration-test/target/test-dir/MiniOzoneClusterImpl-8dcea29f-4d4f-4b68-9a1a-1d92263011bb/datanode-1/data/ratis] (custom)
2022-01-16 14:03:09,534 [pool-461-thread-1] INFO  server.RaftServerConfigKeys (ConfUtils.java:logGet(44)) - raft.server.log.corruption.policy = EXCEPTION (default)
2022-01-16 14:03:09,534 [pool-461-thread-1] INFO  server.RaftServerConfigKeys (ConfUtils.java:logGet(44)) - raft.server.storage.free-space.min = 0MB (=0) (default)
2022-01-16 14:03:09,535 [pool-461-thread-1] INFO  storage.RaftStorageDirectory (RaftStorageDirectoryImpl.java:tryLock(230)) - Lock on /home/runner/work/ozone/ozone/hadoop-ozone/integration-test/target/test-dir/MiniOzoneClusterImpl-8dcea29f-4d4f-4b68-9a1a-1d92263011bb/datanode-1/data/ratis/26eb92ff-316e-4aec-bc6c-899f572a00d9/in_use.lock acquired by nodename 12258@fv-az395-972
2022-01-16 14:03:09,536 [pool-461-thread-1] INFO  storage.RaftStorage (RaftStorageImpl.java:analyzeAndRecoverStorage(110)) - Read RaftStorageMetadata{term=4, votedFor=6bfb9779-376e-41d0-a4a3-df540c6cb1bb} from /home/runner/work/ozone/ozone/hadoop-ozone/integration-test/target/test-dir/MiniOzoneClusterImpl-8dcea29f-4d4f-4b68-9a1a-1d92263011bb/datanode-1/data/ratis/26eb92ff-316e-4aec-bc6c-899f572a00d9/current/raft-meta
2022-01-16 14:03:09,537 [Time-limited test] INFO  http.BaseHttpServer (BaseHttpServer.java:newHttpServer2BuilderForOzone(209)) - Starting Web-server for hddsDatanode at: http://0.0.0.0:36145
2022-01-16 14:03:09,537 [Time-limited test] INFO  http.BaseHttpServer (BaseHttpServer.java:<init>(107)) - Hadoop Security Enabled: false Ozone Security Enabled: false Ozone HTTP Security Enabled: false 
2022-01-16 14:03:09,538 [Time-limited test] INFO  server.AuthenticationFilter (AuthenticationFilter.java:constructSecretProvider(240)) - Unable to initialize FileSignerSecretProvider, falling back to use random secrets.
2022-01-16 14:03:09,539 [Time-limited test] WARN  http.HttpRequestLog (HttpRequestLog.java:getRequestLog(103)) - Jetty request log can only be enabled using Log4j
2022-01-16 14:03:09,540 [Time-limited test] INFO  http.HttpServer2 (HttpServer2.java:addGlobalFilter(1030)) - Added global filter 'safety' (class=org.apache.hadoop.hdds.server.http.HttpServer2$QuotingInputFilter)
2022-01-16 14:03:09,540 [Time-limited test] INFO  http.HttpServer2 (HttpServer2.java:addFilter(1006)) - Added filter static_user_filter (class=org.apache.hadoop.http.lib.StaticUserWebFilter$StaticUserFilter) to context hddsDatanode
2022-01-16 14:03:09,541 [Time-limited test] INFO  http.HttpServer2 (HttpServer2.java:addFilter(1014)) - Added filter static_user_filter (class=org.apache.hadoop.http.lib.StaticUserWebFilter$StaticUserFilter) to context static
2022-01-16 14:03:09,541 [Time-limited test] INFO  http.HttpServer2 (HttpServer2.java:addFilter(1014)) - Added filter static_user_filter (class=org.apache.hadoop.http.lib.StaticUserWebFilter$StaticUserFilter) to context logs
2022-01-16 14:03:09,541 [Time-limited test] INFO  http.HttpServer2 (HttpServer2.java:bindListener(1249)) - Jetty bound to port 36145
2022-01-16 14:03:09,541 [Time-limited test] INFO  server.Server (Server.java:doStart(375)) - jetty-9.4.43.v20210629; built: 2021-06-30T11:07:22.254Z; git: 526006ecfa3af7f1a27ef3a288e2bef7ea9dd7e8; jvm 1.8.0_292-b10
2022-01-16 14:03:09,546 [Time-limited test] INFO  server.session (DefaultSessionIdManager.java:doStart(334)) - DefaultSessionIdManager workerName=node0
2022-01-16 14:03:09,546 [Time-limited test] INFO  server.session (DefaultSessionIdManager.java:doStart(339)) - No SessionScavenger set, using defaults
2022-01-16 14:03:09,546 [Time-limited test] INFO  server.session (HouseKeeper.java:startScavenging(132)) - node0 Scavenging every 660000ms
2022-01-16 14:03:09,557 [pool-461-thread-1] INFO  ratis.ContainerStateMachine (ContainerStateMachine.java:loadSnapshot(240)) - group-899F572A00D9: Setting the last applied index to (t:4, i:498)
2022-01-16 14:03:09,573 [Time-limited test] INFO  handler.ContextHandler (ContextHandler.java:doStart(915)) - Started o.e.j.s.ServletContextHandler@75bf36d0{logs,/logs,file:///home/runner/work/ozone/ozone/hadoop-ozone/integration-test/target/log,AVAILABLE}
2022-01-16 14:03:09,573 [Time-limited test] INFO  handler.ContextHandler (ContextHandler.java:doStart(915)) - Started o.e.j.s.ServletContextHandler@3ec3db7d{static,/static,jar:file:/home/runner/.m2/repository/org/apache/ozone/hdds-container-service/1.3.0-SNAPSHOT/hdds-container-service-1.3.0-SNAPSHOT.jar!/webapps/static,AVAILABLE}
2022-01-16 14:03:09,576 [pool-461-thread-1] WARN  impl.ContainerSet (ContainerSet.java:lambda$buildMissingContainerSetAndValidate$2(279)) - Marking container 3 unhealthy as reported BCSID 493 is smaller than ratis snapshot recorded value 494
2022-01-16 14:03:09,589 [pool-461-thread-1] WARN  keyvalue.KeyValueContainer (KeyValueContainer.java:markContainerUnhealthy(303)) - Moving container /home/runner/work/ozone/ozone/hadoop-ozone/integration-test/target/test-dir/MiniOzoneClusterImpl-8dcea29f-4d4f-4b68-9a1a-1d92263011bb/datanode-1/data-0/containers/hdds/8dcea29f-4d4f-4b68-9a1a-1d92263011bb/current/containerDir0/3 to state UNHEALTHY from state:UNHEALTHY Trace:java.lang.Thread.getStackTrace(Thread.java:1559)
org.apache.hadoop.util.StringUtils.getStackTrace(StringUtils.java:1060)
org.apache.hadoop.ozone.container.keyvalue.KeyValueContainer.markContainerUnhealthy(KeyValueContainer.java:305)
org.apache.hadoop.ozone.container.common.impl.ContainerSet.lambda$buildMissingContainerSetAndValidate$2(ContainerSet.java:287)
java.util.stream.ForEachOps$ForEachOp$OfRef.accept(ForEachOps.java:183)
java.util.concurrent.ConcurrentHashMap$EntrySpliterator.forEachRemaining(ConcurrentHashMap.java:3606)
java.util.stream.AbstractPipeline.copyInto(AbstractPipeline.java:482)
java.util.stream.ForEachOps$ForEachTask.compute(ForEachOps.java:290)
java.util.concurrent.CountedCompleter.exec(CountedCompleter.java:731)
java.util.concurrent.ForkJoinTask.doExec(ForkJoinTask.java:289)
java.util.concurrent.ForkJoinTask.doInvoke(ForkJoinTask.java:401)
java.util.concurrent.ForkJoinTask.invoke(ForkJoinTask.java:734)
java.util.stream.ForEachOps$ForEachOp.evaluateParallel(ForEachOps.java:159)
java.util.stream.ForEachOps$ForEachOp$OfRef.evaluateParallel(ForEachOps.java:173)
java.util.stream.AbstractPipeline.evaluate(AbstractPipeline.java:233)
java.util.stream.ReferencePipeline.forEach(ReferencePipeline.java:485)
java.util.stream.ReferencePipeline$Head.forEach(ReferencePipeline.java:650)
org.apache.hadoop.ozone.container.common.impl.ContainerSet.buildMissingContainerSetAndValidate(ContainerSet.java:269)
org.apache.hadoop.ozone.container.common.impl.HddsDispatcher.buildMissingContainerSetAndValidate(HddsDispatcher.java:161)
org.apache.hadoop.ozone.container.common.transport.server.ratis.ContainerStateMachine.buildMissingContainerSet(ContainerStateMachine.java:261)
org.apache.hadoop.ozone.container.common.transport.server.ratis.ContainerStateMachine.loadSnapshot(ContainerStateMachine.java:245)
org.apache.hadoop.ozone.container.common.transport.server.ratis.ContainerStateMachine.initialize(ContainerStateMachine.java:224)
org.apache.ratis.server.impl.ServerState.<init>(ServerState.java:134)
org.apache.ratis.server.impl.RaftServerImpl.<init>(RaftServerImpl.java:197)
org.apache.ratis.server.impl.RaftServerProxy.lambda$newRaftServerImpl$4(RaftServerProxy.java:266)
java.util.concurrent.CompletableFuture$AsyncSupply.run(CompletableFuture.java:1604)
java.util.concurrent.ThreadPoolExecutor.runWorker(ThreadPoolExecutor.java:1149)
java.util.concurrent.ThreadPoolExecutor$Worker.run(ThreadPoolExecutor.java:624)
java.lang.Thread.run(Thread.java:748)

2022-01-16 14:03:09,590 [pool-461-thread-1] INFO  server.RaftServer$Division (ServerState.java:setRaftConf(387)) - 6bfb9779-376e-41d0-a4a3-df540c6cb1bb@group-899F572A00D9: set configuration 497: [6bfb9779-376e-41d0-a4a3-df540c6cb1bb|rpc:10.1.0.30:35687|dataStream:|priority:0, 85ccfe40-d44a-4cce-8ecd-09036b5f4718|rpc:10.1.0.30:34255|dataStream:|priority:0, fb2bbb8d-0a43-4468-9762-35835c6ecdd5|rpc:10.1.0.30:42593|dataStream:|priority:1], old=null
2022-01-16 14:03:09,590 [pool-461-thread-1] INFO  server.RaftServerConfigKeys (ConfUtils.java:logGet(44)) - raft.server.notification.no-leader.timeout = 300s (custom)
2022-01-16 14:03:09,590 [pool-461-thread-1] INFO  server.RaftServerConfigKeys (ConfUtils.java:logGet(44)) - raft.server.log.use.memory = false (default)
2022-01-16 14:03:09,590 [pool-461-thread-1] INFO  server.RaftServerConfigKeys (ConfUtils.java:logGet(44)) - raft.server.log.purge.gap = 1000000 (custom)
2022-01-16 14:03:09,590 [pool-461-thread-1] INFO  server.RaftServerConfigKeys (ConfUtils.java:logGet(44)) - raft.server.log.appender.buffer.byte-limit = 33554432 (custom)
2022-01-16 14:03:09,590 [pool-461-thread-1] INFO  server.RaftServerConfigKeys (ConfUtils.java:logGet(44)) - raft.server.log.segment.size.max = 1048576 (custom)
2022-01-16 14:03:09,591 [pool-461-thread-1] INFO  server.RaftServerConfigKeys (ConfUtils.java:logGet(44)) - raft.server.log.segment.cache.num.max = 2 (custom)
2022-01-16 14:03:09,591 [pool-461-thread-1] INFO  server.RaftServerConfigKeys (ConfUtils.java:logGet(44)) - raft.server.log.segment.cache.size.max = 200MB (=209715200) (default)
2022-01-16 14:03:09,591 [pool-461-thread-1] INFO  segmented.SegmentedRaftLogWorker (SegmentedRaftLogWorker.java:<init>(182)) - new 6bfb9779-376e-41d0-a4a3-df540c6cb1bb@group-899F572A00D9-SegmentedRaftLogWorker for RaftStorageImpl:Storage Directory /home/runner/work/ozone/ozone/hadoop-ozone/integration-test/target/test-dir/MiniOzoneClusterImpl-8dcea29f-4d4f-4b68-9a1a-1d92263011bb/datanode-1/data/ratis/26eb92ff-316e-4aec-bc6c-899f572a00d9
2022-01-16 14:03:09,591 [pool-461-thread-1] INFO  server.RaftServerConfigKeys (ConfUtils.java:logGet(44)) - raft.server.log.queue.byte-limit = 2147483647 (custom)
2022-01-16 14:03:09,591 [pool-461-thread-1] INFO  server.RaftServerConfigKeys (ConfUtils.java:logGet(44)) - raft.server.log.queue.element-limit = 1024 (custom)
2022-01-16 14:03:09,591 [pool-461-thread-1] INFO  server.RaftServerConfigKeys (ConfUtils.java:logGet(44)) - raft.server.log.segment.size.max = 1048576 (custom)
2022-01-16 14:03:09,591 [pool-461-thread-1] INFO  server.RaftServerConfigKeys (ConfUtils.java:logGet(44)) - raft.server.log.preallocated.size = 16384 (custom)
2022-01-16 14:03:09,591 [pool-461-thread-1] INFO  server.RaftServerConfigKeys (ConfUtils.java:logGet(44)) - raft.server.log.force.sync.num = 128 (default)
2022-01-16 14:03:09,591 [pool-461-thread-1] INFO  server.RaftServerConfigKeys (ConfUtils.java:logGet(44)) - raft.server.log.statemachine.data.sync = true (default)
2022-01-16 14:03:09,591 [pool-461-thread-1] INFO  server.RaftServerConfigKeys (ConfUtils.java:logGet(44)) - raft.server.log.statemachine.data.sync.timeout = 10s (default)
2022-01-16 14:03:09,591 [pool-461-thread-1] INFO  server.RaftServerConfigKeys (ConfUtils.java:logGet(44)) - raft.server.log.statemachine.data.sync.timeout.retry = -1 (default)
2022-01-16 14:03:09,592 [pool-461-thread-1] INFO  server.RaftServerConfigKeys (ConfUtils.java:logGet(44)) - raft.server.log.write.buffer.size = 1048576 (custom)
2022-01-16 14:03:09,593 [pool-461-thread-1] INFO  server.RaftServerConfigKeys (ConfUtils.java:logGet(44)) - raft.server.log.statemachine.data.caching.enabled = true (custom)
2022-01-16 14:03:09,594 [pool-461-thread-1] INFO  server.RaftServer$Division (ServerState.java:setRaftConf(387)) - 6bfb9779-376e-41d0-a4a3-df540c6cb1bb@group-899F572A00D9: set configuration 0: [6bfb9779-376e-41d0-a4a3-df540c6cb1bb|rpc:10.1.0.30:35687|dataStream:|priority:0, 85ccfe40-d44a-4cce-8ecd-09036b5f4718|rpc:10.1.0.30:34255|dataStream:|priority:0, fb2bbb8d-0a43-4468-9762-35835c6ecdd5|rpc:10.1.0.30:42593|dataStream:|priority:1], old=null
2022-01-16 14:03:09,597 [pool-461-thread-1] INFO  segmented.LogSegment (LogSegment.java:loadSegment(173)) - Successfully read 497 entries from segment file /home/runner/work/ozone/ozone/hadoop-ozone/integration-test/target/test-dir/MiniOzoneClusterImpl-8dcea29f-4d4f-4b68-9a1a-1d92263011bb/datanode-1/data/ratis/26eb92ff-316e-4aec-bc6c-899f572a00d9/current/log_0-496
2022-01-16 14:03:09,599 [pool-461-thread-1] INFO  server.RaftServer$Division (ServerState.java:setRaftConf(387)) - 6bfb9779-376e-41d0-a4a3-df540c6cb1bb@group-899F572A00D9: set configuration 497: [6bfb9779-376e-41d0-a4a3-df540c6cb1bb|rpc:10.1.0.30:35687|dataStream:|priority:0, 85ccfe40-d44a-4cce-8ecd-09036b5f4718|rpc:10.1.0.30:34255|dataStream:|priority:0, fb2bbb8d-0a43-4468-9762-35835c6ecdd5|rpc:10.1.0.30:42593|dataStream:|priority:1], old=null
2022-01-16 14:03:09,599 [pool-461-thread-1] INFO  segmented.LogSegment (LogSegment.java:loadSegment(173)) - Successfully read 2 entries from segment file /home/runner/work/ozone/ozone/hadoop-ozone/integration-test/target/test-dir/MiniOzoneClusterImpl-8dcea29f-4d4f-4b68-9a1a-1d92263011bb/datanode-1/data/ratis/26eb92ff-316e-4aec-bc6c-899f572a00d9/current/log_inprogress_497
2022-01-16 14:03:09,599 [pool-461-thread-1] INFO  segmented.SegmentedRaftLogWorker (SegmentedRaftLogWorker.java:lambda$new$0(133)) - 6bfb9779-376e-41d0-a4a3-df540c6cb1bb@group-899F572A00D9-SegmentedRaftLogWorker: flushIndex: setUnconditionally 0 -> 498
2022-01-16 14:03:09,600 [pool-461-thread-1] INFO  segmented.SegmentedRaftLogWorker (SegmentedRaftLogWorker.java:lambda$new$0(133)) - 6bfb9779-376e-41d0-a4a3-df540c6cb1bb@group-899F572A00D9-SegmentedRaftLogWorker: safeCacheEvictIndex: setUnconditionally 0 -> 496
2022-01-16 14:03:09,600 [pool-461-thread-1] INFO  raftlog.RaftLog (RaftLogBase.java:lambda$new$0(53)) - 6bfb9779-376e-41d0-a4a3-df540c6cb1bb@group-899F572A00D9-SegmentedRaftLog: commitIndex: updateToMax old=498, new=497, updated? false
2022-01-16 14:03:09,600 [pool-461-thread-1] INFO  server.RaftServerConfigKeys (ConfUtils.java:logGet(44)) - raft.server.snapshot.auto.trigger.enabled = true (custom)
2022-01-16 14:03:09,600 [pool-461-thread-1] INFO  server.RaftServerConfigKeys (ConfUtils.java:logGet(44)) - raft.server.snapshot.auto.trigger.threshold = 10000 (custom)
2022-01-16 14:03:09,600 [pool-461-thread-1] INFO  server.RaftServerConfigKeys (ConfUtils.java:logGet(44)) - raft.server.snapshot.retention.file.num = 5 (custom)
2022-01-16 14:03:09,600 [pool-461-thread-1] INFO  server.RaftServerConfigKeys (ConfUtils.java:logGet(44)) - raft.server.log.purge.upto.snapshot.index = false (default)
2022-01-16 14:03:09,600 [pool-461-thread-1] INFO  server.RaftServerConfigKeys (ConfUtils.java:logGet(44)) - raft.server.retrycache.expirytime = 600000ms (custom)
2022-01-16 14:03:09,601 [pool-461-thread-1] INFO  server.RaftServerConfigKeys (ConfUtils.java:logGet(44)) - raft.server.retrycache.statistics.expirytime = 100μs (default)
2022-01-16 14:03:09,618 [pool-461-thread-1] INFO  server.RaftServer$Division (RaftServerImpl.java:<init>(184)) - 6bfb9779-376e-41d0-a4a3-df540c6cb1bb: new RaftServerImpl for group-A77BBCEC0779:[] with ContainerStateMachine:uninitialized
2022-01-16 14:03:09,619 [pool-461-thread-1] INFO  server.RaftServerConfigKeys (ConfUtils.java:logGet(44)) - raft.server.rpc.timeout.min = 5s (custom)
2022-01-16 14:03:09,619 [pool-461-thread-1] INFO  server.RaftServerConfigKeys (ConfUtils.java:logGet(44)) - raft.server.rpc.timeout.max = 5200ms (custom)
2022-01-16 14:03:09,619 [pool-461-thread-1] INFO  server.RaftServerConfigKeys (ConfUtils.java:logGet(44)) - raft.server.rpc.sleep.time = 25ms (default)
2022-01-16 14:03:09,619 [pool-461-thread-1] INFO  server.RaftServerConfigKeys (ConfUtils.java:logGet(44)) - raft.server.rpc.slowness.timeout = 300s (custom)
2022-01-16 14:03:09,619 [pool-461-thread-1] INFO  server.RaftServerConfigKeys (ConfUtils.java:logGet(44)) - raft.server.leaderelection.leader.step-down.wait-time = 10s (default)
2022-01-16 14:03:09,619 [pool-461-thread-1] INFO  server.RaftServerConfigKeys (ConfUtils.java:logGet(44)) - raft.server.sleep.deviation.threshold = 300ms (default)
2022-01-16 14:03:09,619 [pool-461-thread-1] INFO  server.RaftServerConfigKeys (ConfUtils.java:logGet(44)) - raft.server.log.appender.install.snapshot.enabled = false (custom)
2022-01-16 14:03:09,619 [pool-461-thread-1] INFO  server.RaftServer$Division (ServerState.java:<init>(105)) - 6bfb9779-376e-41d0-a4a3-df540c6cb1bb@group-A77BBCEC0779: ConfigurationManager, init=-1: [], old=null, confs=<EMPTY_MAP>
2022-01-16 14:03:09,619 [pool-461-thread-1] INFO  server.RaftServerConfigKeys (ConfUtils.java:logGet(44)) - raft.server.storage.dir = [/home/runner/work/ozone/ozone/hadoop-ozone/integration-test/target/test-dir/MiniOzoneClusterImpl-8dcea29f-4d4f-4b68-9a1a-1d92263011bb/datanode-1/data/ratis] (custom)
2022-01-16 14:03:09,619 [pool-461-thread-1] INFO  server.RaftServerConfigKeys (ConfUtils.java:logGet(44)) - raft.server.log.corruption.policy = EXCEPTION (default)
2022-01-16 14:03:09,619 [pool-461-thread-1] INFO  server.RaftServerConfigKeys (ConfUtils.java:logGet(44)) - raft.server.storage.free-space.min = 0MB (=0) (default)
2022-01-16 14:03:09,627 [pool-461-thread-1] INFO  storage.RaftStorageDirectory (RaftStorageDirectoryImpl.java:tryLock(230)) - Lock on /home/runner/work/ozone/ozone/hadoop-ozone/integration-test/target/test-dir/MiniOzoneClusterImpl-8dcea29f-4d4f-4b68-9a1a-1d92263011bb/datanode-1/data/ratis/2bb02a01-81a3-48aa-b5fb-a77bbcec0779/in_use.lock acquired by nodename 12258@fv-az395-972
2022-01-16 14:03:09,629 [pool-461-thread-1] INFO  storage.RaftStorage (RaftStorageImpl.java:analyzeAndRecoverStorage(110)) - Read RaftStorageMetadata{term=2, votedFor=85ccfe40-d44a-4cce-8ecd-09036b5f4718} from /home/runner/work/ozone/ozone/hadoop-ozone/integration-test/target/test-dir/MiniOzoneClusterImpl-8dcea29f-4d4f-4b68-9a1a-1d92263011bb/datanode-1/data/ratis/2bb02a01-81a3-48aa-b5fb-a77bbcec0779/current/raft-meta
2022-01-16 14:03:09,630 [pool-461-thread-1] INFO  ratis.ContainerStateMachine (ContainerStateMachine.java:loadSnapshot(240)) - group-A77BBCEC0779: Setting the last applied index to (t:2, i:435)
2022-01-16 14:03:09,630 [pool-461-thread-1] INFO  server.RaftServer$Division (ServerState.java:setRaftConf(387)) - 6bfb9779-376e-41d0-a4a3-df540c6cb1bb@group-A77BBCEC0779: set configuration 0: [6bfb9779-376e-41d0-a4a3-df540c6cb1bb|rpc:10.1.0.30:35687|dataStream:|priority:0, fb2bbb8d-0a43-4468-9762-35835c6ecdd5|rpc:10.1.0.30:42593|dataStream:|priority:0, 85ccfe40-d44a-4cce-8ecd-09036b5f4718|rpc:10.1.0.30:34255|dataStream:|priority:1], old=null
2022-01-16 14:03:09,630 [pool-461-thread-1] INFO  server.RaftServerConfigKeys (ConfUtils.java:logGet(44)) - raft.server.notification.no-leader.timeout = 300s (custom)
2022-01-16 14:03:09,630 [pool-461-thread-1] INFO  server.RaftServerConfigKeys (ConfUtils.java:logGet(44)) - raft.server.log.use.memory = false (default)
2022-01-16 14:03:09,630 [pool-461-thread-1] INFO  server.RaftServerConfigKeys (ConfUtils.java:logGet(44)) - raft.server.log.purge.gap = 1000000 (custom)
2022-01-16 14:03:09,630 [pool-461-thread-1] INFO  server.RaftServerConfigKeys (ConfUtils.java:logGet(44)) - raft.server.log.appender.buffer.byte-limit = 33554432 (custom)
2022-01-16 14:03:09,630 [pool-461-thread-1] INFO  server.RaftServerConfigKeys (ConfUtils.java:logGet(44)) - raft.server.log.segment.size.max = 1048576 (custom)
2022-01-16 14:03:09,631 [pool-461-thread-1] INFO  server.RaftServerConfigKeys (ConfUtils.java:logGet(44)) - raft.server.log.segment.cache.num.max = 2 (custom)
2022-01-16 14:03:09,631 [pool-461-thread-1] INFO  server.RaftServerConfigKeys (ConfUtils.java:logGet(44)) - raft.server.log.segment.cache.size.max = 200MB (=209715200) (default)
2022-01-16 14:03:09,631 [pool-461-thread-1] INFO  segmented.SegmentedRaftLogWorker (SegmentedRaftLogWorker.java:<init>(182)) - new 6bfb9779-376e-41d0-a4a3-df540c6cb1bb@group-A77BBCEC0779-SegmentedRaftLogWorker for RaftStorageImpl:Storage Directory /home/runner/work/ozone/ozone/hadoop-ozone/integration-test/target/test-dir/MiniOzoneClusterImpl-8dcea29f-4d4f-4b68-9a1a-1d92263011bb/datanode-1/data/ratis/2bb02a01-81a3-48aa-b5fb-a77bbcec0779
2022-01-16 14:03:09,631 [pool-461-thread-1] INFO  server.RaftServerConfigKeys (ConfUtils.java:logGet(44)) - raft.server.log.queue.byte-limit = 2147483647 (custom)
2022-01-16 14:03:09,631 [pool-461-thread-1] INFO  server.RaftServerConfigKeys (ConfUtils.java:logGet(44)) - raft.server.log.queue.element-limit = 1024 (custom)
2022-01-16 14:03:09,631 [pool-461-thread-1] INFO  server.RaftServerConfigKeys (ConfUtils.java:logGet(44)) - raft.server.log.segment.size.max = 1048576 (custom)
2022-01-16 14:03:09,631 [pool-461-thread-1] INFO  server.RaftServerConfigKeys (ConfUtils.java:logGet(44)) - raft.server.log.preallocated.size = 16384 (custom)
2022-01-16 14:03:09,631 [pool-461-thread-1] INFO  server.RaftServerConfigKeys (ConfUtils.java:logGet(44)) - raft.server.log.force.sync.num = 128 (default)
2022-01-16 14:03:09,631 [pool-461-thread-1] INFO  server.RaftServerConfigKeys (ConfUtils.java:logGet(44)) - raft.server.log.statemachine.data.sync = true (default)
2022-01-16 14:03:09,631 [pool-461-thread-1] INFO  server.RaftServerConfigKeys (ConfUtils.java:logGet(44)) - raft.server.log.statemachine.data.sync.timeout = 10s (default)
2022-01-16 14:03:09,631 [pool-461-thread-1] INFO  server.RaftServerConfigKeys (ConfUtils.java:logGet(44)) - raft.server.log.statemachine.data.sync.timeout.retry = -1 (default)
2022-01-16 14:03:09,631 [pool-461-thread-1] INFO  server.RaftServerConfigKeys (ConfUtils.java:logGet(44)) - raft.server.log.write.buffer.size = 1048576 (custom)
2022-01-16 14:03:09,632 [pool-461-thread-1] INFO  server.RaftServerConfigKeys (ConfUtils.java:logGet(44)) - raft.server.log.statemachine.data.caching.enabled = true (custom)
2022-01-16 14:03:09,632 [pool-461-thread-1] INFO  server.RaftServer$Division (ServerState.java:setRaftConf(387)) - 6bfb9779-376e-41d0-a4a3-df540c6cb1bb@group-A77BBCEC0779: set configuration 0: [6bfb9779-376e-41d0-a4a3-df540c6cb1bb|rpc:10.1.0.30:35687|dataStream:|priority:0, fb2bbb8d-0a43-4468-9762-35835c6ecdd5|rpc:10.1.0.30:42593|dataStream:|priority:0, 85ccfe40-d44a-4cce-8ecd-09036b5f4718|rpc:10.1.0.30:34255|dataStream:|priority:1], old=null
2022-01-16 14:03:09,634 [pool-461-thread-1] INFO  segmented.LogSegment (LogSegment.java:loadSegment(173)) - Successfully read 436 entries from segment file /home/runner/work/ozone/ozone/hadoop-ozone/integration-test/target/test-dir/MiniOzoneClusterImpl-8dcea29f-4d4f-4b68-9a1a-1d92263011bb/datanode-1/data/ratis/2bb02a01-81a3-48aa-b5fb-a77bbcec0779/current/log_inprogress_0
2022-01-16 14:03:09,634 [pool-461-thread-1] INFO  segmented.SegmentedRaftLogWorker (SegmentedRaftLogWorker.java:lambda$new$0(133)) - 6bfb9779-376e-41d0-a4a3-df540c6cb1bb@group-A77BBCEC0779-SegmentedRaftLogWorker: flushIndex: setUnconditionally 0 -> 435
2022-01-16 14:03:09,637 [pool-461-thread-1] INFO  segmented.SegmentedRaftLogWorker (SegmentedRaftLogWorker.java:lambda$new$0(133)) - 6bfb9779-376e-41d0-a4a3-df540c6cb1bb@group-A77BBCEC0779-SegmentedRaftLogWorker: safeCacheEvictIndex: setUnconditionally 0 -> -1
2022-01-16 14:03:09,645 [pool-461-thread-1] INFO  raftlog.RaftLog (RaftLogBase.java:lambda$new$0(53)) - 6bfb9779-376e-41d0-a4a3-df540c6cb1bb@group-A77BBCEC0779-SegmentedRaftLog: commitIndex: updateToMax old=435, new=434, updated? false
2022-01-16 14:03:09,645 [pool-461-thread-1] INFO  server.RaftServerConfigKeys (ConfUtils.java:logGet(44)) - raft.server.snapshot.auto.trigger.enabled = true (custom)
2022-01-16 14:03:09,645 [pool-461-thread-1] INFO  server.RaftServerConfigKeys (ConfUtils.java:logGet(44)) - raft.server.snapshot.auto.trigger.threshold = 10000 (custom)
2022-01-16 14:03:09,645 [pool-461-thread-1] INFO  server.RaftServerConfigKeys (ConfUtils.java:logGet(44)) - raft.server.snapshot.retention.file.num = 5 (custom)
2022-01-16 14:03:09,645 [pool-461-thread-1] INFO  server.RaftServerConfigKeys (ConfUtils.java:logGet(44)) - raft.server.log.purge.upto.snapshot.index = false (default)
2022-01-16 14:03:09,645 [pool-461-thread-1] INFO  server.RaftServerConfigKeys (ConfUtils.java:logGet(44)) - raft.server.retrycache.expirytime = 600000ms (custom)
2022-01-16 14:03:09,646 [pool-461-thread-1] INFO  server.RaftServerConfigKeys (ConfUtils.java:logGet(44)) - raft.server.retrycache.statistics.expirytime = 100μs (default)
2022-01-16 14:03:09,647 [pool-461-thread-1] INFO  server.RaftServer$Division (RaftServerImpl.java:<init>(184)) - 6bfb9779-376e-41d0-a4a3-df540c6cb1bb: new RaftServerImpl for group-4A2A27F3DB13:[] with ContainerStateMachine:uninitialized
2022-01-16 14:03:09,647 [pool-461-thread-1] INFO  server.RaftServerConfigKeys (ConfUtils.java:logGet(44)) - raft.server.rpc.timeout.min = 5s (custom)
2022-01-16 14:03:09,647 [pool-461-thread-1] INFO  server.RaftServerConfigKeys (ConfUtils.java:logGet(44)) - raft.server.rpc.timeout.max = 5200ms (custom)
2022-01-16 14:03:09,647 [pool-461-thread-1] INFO  server.RaftServerConfigKeys (ConfUtils.java:logGet(44)) - raft.server.rpc.sleep.time = 25ms (default)
2022-01-16 14:03:09,648 [pool-461-thread-1] INFO  server.RaftServerConfigKeys (ConfUtils.java:logGet(44)) - raft.server.rpc.slowness.timeout = 300s (custom)
2022-01-16 14:03:09,648 [pool-461-thread-1] INFO  server.RaftServerConfigKeys (ConfUtils.java:logGet(44)) - raft.server.leaderelection.leader.step-down.wait-time = 10s (default)
2022-01-16 14:03:09,648 [pool-461-thread-1] INFO  server.RaftServerConfigKeys (ConfUtils.java:logGet(44)) - raft.server.sleep.deviation.threshold = 300ms (default)
2022-01-16 14:03:09,648 [pool-461-thread-1] INFO  server.RaftServerConfigKeys (ConfUtils.java:logGet(44)) - raft.server.log.appender.install.snapshot.enabled = false (custom)
2022-01-16 14:03:09,648 [pool-461-thread-1] INFO  server.RaftServer$Division (ServerState.java:<init>(105)) - 6bfb9779-376e-41d0-a4a3-df540c6cb1bb@group-4A2A27F3DB13: ConfigurationManager, init=-1: [], old=null, confs=<EMPTY_MAP>
2022-01-16 14:03:09,648 [pool-461-thread-1] INFO  server.RaftServerConfigKeys (ConfUtils.java:logGet(44)) - raft.server.storage.dir = [/home/runner/work/ozone/ozone/hadoop-ozone/integration-test/target/test-dir/MiniOzoneClusterImpl-8dcea29f-4d4f-4b68-9a1a-1d92263011bb/datanode-1/data/ratis] (custom)
2022-01-16 14:03:09,648 [pool-461-thread-1] INFO  server.RaftServerConfigKeys (ConfUtils.java:logGet(44)) - raft.server.log.corruption.policy = EXCEPTION (default)
2022-01-16 14:03:09,648 [pool-461-thread-1] INFO  server.RaftServerConfigKeys (ConfUtils.java:logGet(44)) - raft.server.storage.free-space.min = 0MB (=0) (default)
2022-01-16 14:03:09,661 [pool-461-thread-1] ERROR storage.RaftStorageDirectory (RaftStorageDirectoryImpl.java:tryLock(233)) - It appears that another process has already locked the storage directory: /home/runner/work/ozone/ozone/hadoop-ozone/integration-test/target/test-dir/MiniOzoneClusterImpl-8dcea29f-4d4f-4b68-9a1a-1d92263011bb/datanode-1/data/ratis/be905a27-b916-4d7a-bd51-4a2a27f3db13
java.nio.channels.OverlappingFileLockException
	at sun.nio.ch.SharedFileLockTable.checkList(FileLockTable.java:255)
	at sun.nio.ch.SharedFileLockTable.add(FileLockTable.java:152)
	at sun.nio.ch.FileChannelImpl.tryLock(FileChannelImpl.java:1107)
	at java.nio.channels.FileChannel.tryLock(FileChannel.java:1155)
	at org.apache.ratis.server.storage.RaftStorageDirectoryImpl.tryLock(RaftStorageDirectoryImpl.java:224)
	at org.apache.ratis.server.storage.RaftStorageDirectoryImpl.lambda$lock$0(RaftStorageDirectoryImpl.java:194)
	at org.apache.ratis.util.JavaUtils.attempt(JavaUtils.java:166)
	at org.apache.ratis.util.FileUtils.attempt(FileUtils.java:41)
	at org.apache.ratis.server.storage.RaftStorageDirectoryImpl.lock(RaftStorageDirectoryImpl.java:194)
	at org.apache.ratis.server.storage.RaftStorageDirectoryImpl.analyzeStorage(RaftStorageDirectoryImpl.java:153)
	at org.apache.ratis.server.storage.RaftStorageImpl.analyzeAndRecoverStorage(RaftStorageImpl.java:97)
	at org.apache.ratis.server.storage.RaftStorageImpl.<init>(RaftStorageImpl.java:67)
	at org.apache.ratis.server.storage.RaftStorageImpl.<init>(RaftStorageImpl.java:52)
	at org.apache.ratis.server.impl.ServerState.<init>(ServerState.java:114)
	at org.apache.ratis.server.impl.RaftServerImpl.<init>(RaftServerImpl.java:197)
	at org.apache.ratis.server.impl.RaftServerProxy.lambda$newRaftServerImpl$4(RaftServerProxy.java:266)
	at java.util.concurrent.CompletableFuture$AsyncSupply.run(CompletableFuture.java:1604)
	at java.util.concurrent.ThreadPoolExecutor.runWorker(ThreadPoolExecutor.java:1149)
	at java.util.concurrent.ThreadPoolExecutor$Worker.run(ThreadPoolExecutor.java:624)
	at java.lang.Thread.run(Thread.java:748)
2022-01-16 14:03:09,661 [pool-461-thread-1] WARN  util.FileUtils (JavaUtils.java:attempt(172)) - FAILED "tryLock /home/runner/work/ozone/ozone/hadoop-ozone/integration-test/target/test-dir/MiniOzoneClusterImpl-8dcea29f-4d4f-4b68-9a1a-1d92263011bb/datanode-1/data/ratis/be905a27-b916-4d7a-bd51-4a2a27f3db13/in_use.lock", attempt #1/5: java.io.IOException: Failed to lock storage /home/runner/work/ozone/ozone/hadoop-ozone/integration-test/target/test-dir/MiniOzoneClusterImpl-8dcea29f-4d4f-4b68-9a1a-1d92263011bb/datanode-1/data/ratis/be905a27-b916-4d7a-bd51-4a2a27f3db13. The directory is already locked, sleep 1s and then retry.
java.io.IOException: Failed to lock storage /home/runner/work/ozone/ozone/hadoop-ozone/integration-test/target/test-dir/MiniOzoneClusterImpl-8dcea29f-4d4f-4b68-9a1a-1d92263011bb/datanode-1/data/ratis/be905a27-b916-4d7a-bd51-4a2a27f3db13. The directory is already locked
	at org.apache.ratis.server.storage.RaftStorageDirectoryImpl.tryLock(RaftStorageDirectoryImpl.java:236)
	at org.apache.ratis.server.storage.RaftStorageDirectoryImpl.lambda$lock$0(RaftStorageDirectoryImpl.java:194)
	at org.apache.ratis.util.JavaUtils.attempt(JavaUtils.java:166)
	at org.apache.ratis.util.FileUtils.attempt(FileUtils.java:41)
	at org.apache.ratis.server.storage.RaftStorageDirectoryImpl.lock(RaftStorageDirectoryImpl.java:194)
	at org.apache.ratis.server.storage.RaftStorageDirectoryImpl.analyzeStorage(RaftStorageDirectoryImpl.java:153)
	at org.apache.ratis.server.storage.RaftStorageImpl.analyzeAndRecoverStorage(RaftStorageImpl.java:97)
	at org.apache.ratis.server.storage.RaftStorageImpl.<init>(RaftStorageImpl.java:67)
	at org.apache.ratis.server.storage.RaftStorageImpl.<init>(RaftStorageImpl.java:52)
	at org.apache.ratis.server.impl.ServerState.<init>(ServerState.java:114)
	at org.apache.ratis.server.impl.RaftServerImpl.<init>(RaftServerImpl.java:197)
	at org.apache.ratis.server.impl.RaftServerProxy.lambda$newRaftServerImpl$4(RaftServerProxy.java:266)
	at java.util.concurrent.CompletableFuture$AsyncSupply.run(CompletableFuture.java:1604)
	at java.util.concurrent.ThreadPoolExecutor.runWorker(ThreadPoolExecutor.java:1149)
	at java.util.concurrent.ThreadPoolExecutor$Worker.run(ThreadPoolExecutor.java:624)
	at java.lang.Thread.run(Thread.java:748)
Caused by: java.nio.channels.OverlappingFileLockException
	at sun.nio.ch.SharedFileLockTable.checkList(FileLockTable.java:255)
	at sun.nio.ch.SharedFileLockTable.add(FileLockTable.java:152)
	at sun.nio.ch.FileChannelImpl.tryLock(FileChannelImpl.java:1107)
	at java.nio.channels.FileChannel.tryLock(FileChannel.java:1155)
	at org.apache.ratis.server.storage.RaftStorageDirectoryImpl.tryLock(RaftStorageDirectoryImpl.java:224)
	... 15 more
2022-01-16 14:03:09,705 [Time-limited test] INFO  handler.ContextHandler (ContextHandler.java:doStart(915)) - Started o.e.j.w.WebAppContext@5a5dc4f4{hddsDatanode,/,file:///tmp/jetty-0_0_0_0-36145-hdds-container-service-1_3_0-SNAPSHOT_jar-_-any-6742547808963666325/webapp/,AVAILABLE}{jar:file:/home/runner/.m2/repository/org/apache/ozone/hdds-container-service/1.3.0-SNAPSHOT/hdds-container-service-1.3.0-SNAPSHOT.jar!/webapps/hddsDatanode}
2022-01-16 14:03:09,707 [Time-limited test] INFO  server.AbstractConnector (AbstractConnector.java:doStart(331)) - Started ServerConnector@34709b11{HTTP/1.1, (http/1.1)}{0.0.0.0:36145}
2022-01-16 14:03:09,707 [Time-limited test] INFO  server.Server (Server.java:doStart(415)) - Started @76200ms
2022-01-16 14:03:09,708 [Time-limited test] WARN  impl.MetricsSystemImpl (MetricsSystemImpl.java:register(279)) - Sink prometheus already exists!
2022-01-16 14:03:09,708 [Time-limited test] INFO  http.BaseHttpServer (BaseHttpServer.java:updateConnectorAddress(329)) - HTTP server of hddsDatanode listening at http://0.0.0.0:36145
2022-01-16 14:03:09,714 [Datanode State Machine Daemon Thread] INFO  statemachine.DatanodeStateMachine (DatanodeStateMachine.java:lambda$startDaemon$0(470)) - Ozone container server started.
2022-01-16 14:03:09,757 [org.apache.hadoop.util.JvmPauseMonitor$Monitor@7dff9f91] INFO  util.JvmPauseMonitor (JvmPauseMonitor.java:run(188)) - Starting JVM pause monitor
2022-01-16 14:03:10,209 [IPC Server handler 13 on default port 41883] INFO  ha.SCMHAInvocationHandler (SCMHAInvocationHandler.java:invokeRatis(113)) - Invoking method public abstract java.lang.Boolean org.apache.hadoop.hdds.scm.ha.SequenceIdGenerator$StateManager.allocateBatch(java.lang.String,java.lang.Long,java.lang.Long) on target org.apache.hadoop.hdds.scm.ha.SCMRatisServerImpl@d2127c6, cost 12718.602us
2022-01-16 14:03:10,209 [IPC Server handler 13 on default port 41883] INFO  ha.SequenceIdGenerator (SequenceIdGenerator.java:getNextId(127)) - Allocate a batch for delTxnId, change lastId from 0 to 1000.
2022-01-16 14:03:10,226 [IPC Server handler 13 on default port 41883] INFO  ha.SCMHAInvocationHandler (SCMHAInvocationHandler.java:invokeRatis(113)) - Invoking method public abstract void org.apache.hadoop.hdds.scm.block.DeletedBlockLogStateManager.addTransactionsToDB(java.util.ArrayList) throws java.io.IOException on target org.apache.hadoop.hdds.scm.ha.SCMRatisServerImpl@d2127c6, cost 12457.78us
2022-01-16 14:03:10,661 [pool-461-thread-1] ERROR storage.RaftStorageDirectory (RaftStorageDirectoryImpl.java:tryLock(233)) - It appears that another process has already locked the storage directory: /home/runner/work/ozone/ozone/hadoop-ozone/integration-test/target/test-dir/MiniOzoneClusterImpl-8dcea29f-4d4f-4b68-9a1a-1d92263011bb/datanode-1/data/ratis/be905a27-b916-4d7a-bd51-4a2a27f3db13
java.nio.channels.OverlappingFileLockException
	at sun.nio.ch.SharedFileLockTable.checkList(FileLockTable.java:255)
	at sun.nio.ch.SharedFileLockTable.add(FileLockTable.java:152)
	at sun.nio.ch.FileChannelImpl.tryLock(FileChannelImpl.java:1107)
	at java.nio.channels.FileChannel.tryLock(FileChannel.java:1155)
	at org.apache.ratis.server.storage.RaftStorageDirectoryImpl.tryLock(RaftStorageDirectoryImpl.java:224)
	at org.apache.ratis.server.storage.RaftStorageDirectoryImpl.lambda$lock$0(RaftStorageDirectoryImpl.java:194)
	at org.apache.ratis.util.JavaUtils.attempt(JavaUtils.java:166)
	at org.apache.ratis.util.FileUtils.attempt(FileUtils.java:41)
	at org.apache.ratis.server.storage.RaftStorageDirectoryImpl.lock(RaftStorageDirectoryImpl.java:194)
	at org.apache.ratis.server.storage.RaftStorageDirectoryImpl.analyzeStorage(RaftStorageDirectoryImpl.java:153)
	at org.apache.ratis.server.storage.RaftStorageImpl.analyzeAndRecoverStorage(RaftStorageImpl.java:97)
	at org.apache.ratis.server.storage.RaftStorageImpl.<init>(RaftStorageImpl.java:67)
	at org.apache.ratis.server.storage.RaftStorageImpl.<init>(RaftStorageImpl.java:52)
	at org.apache.ratis.server.impl.ServerState.<init>(ServerState.java:114)
	at org.apache.ratis.server.impl.RaftServerImpl.<init>(RaftServerImpl.java:197)
	at org.apache.ratis.server.impl.RaftServerProxy.lambda$newRaftServerImpl$4(RaftServerProxy.java:266)
	at java.util.concurrent.CompletableFuture$AsyncSupply.run(CompletableFuture.java:1604)
	at java.util.concurrent.ThreadPoolExecutor.runWorker(ThreadPoolExecutor.java:1149)
	at java.util.concurrent.ThreadPoolExecutor$Worker.run(ThreadPoolExecutor.java:624)
	at java.lang.Thread.run(Thread.java:748)
2022-01-16 14:03:10,662 [pool-461-thread-1] WARN  util.FileUtils (JavaUtils.java:attempt(172)) - FAILED "tryLock /home/runner/work/ozone/ozone/hadoop-ozone/integration-test/target/test-dir/MiniOzoneClusterImpl-8dcea29f-4d4f-4b68-9a1a-1d92263011bb/datanode-1/data/ratis/be905a27-b916-4d7a-bd51-4a2a27f3db13/in_use.lock", attempt #2/5: java.io.IOException: Failed to lock storage /home/runner/work/ozone/ozone/hadoop-ozone/integration-test/target/test-dir/MiniOzoneClusterImpl-8dcea29f-4d4f-4b68-9a1a-1d92263011bb/datanode-1/data/ratis/be905a27-b916-4d7a-bd51-4a2a27f3db13. The directory is already locked, sleep 1s and then retry.
java.io.IOException: Failed to lock storage /home/runner/work/ozone/ozone/hadoop-ozone/integration-test/target/test-dir/MiniOzoneClusterImpl-8dcea29f-4d4f-4b68-9a1a-1d92263011bb/datanode-1/data/ratis/be905a27-b916-4d7a-bd51-4a2a27f3db13. The directory is already locked
	at org.apache.ratis.server.storage.RaftStorageDirectoryImpl.tryLock(RaftStorageDirectoryImpl.java:236)
	at org.apache.ratis.server.storage.RaftStorageDirectoryImpl.lambda$lock$0(RaftStorageDirectoryImpl.java:194)
	at org.apache.ratis.util.JavaUtils.attempt(JavaUtils.java:166)
	at org.apache.ratis.util.FileUtils.attempt(FileUtils.java:41)
	at org.apache.ratis.server.storage.RaftStorageDirectoryImpl.lock(RaftStorageDirectoryImpl.java:194)
	at org.apache.ratis.server.storage.RaftStorageDirectoryImpl.analyzeStorage(RaftStorageDirectoryImpl.java:153)
	at org.apache.ratis.server.storage.RaftStorageImpl.analyzeAndRecoverStorage(RaftStorageImpl.java:97)
	at org.apache.ratis.server.storage.RaftStorageImpl.<init>(RaftStorageImpl.java:67)
	at org.apache.ratis.server.storage.RaftStorageImpl.<init>(RaftStorageImpl.java:52)
	at org.apache.ratis.server.impl.ServerState.<init>(ServerState.java:114)
	at org.apache.ratis.server.impl.RaftServerImpl.<init>(RaftServerImpl.java:197)
	at org.apache.ratis.server.impl.RaftServerProxy.lambda$newRaftServerImpl$4(RaftServerProxy.java:266)
	at java.util.concurrent.CompletableFuture$AsyncSupply.run(CompletableFuture.java:1604)
	at java.util.concurrent.ThreadPoolExecutor.runWorker(ThreadPoolExecutor.java:1149)
	at java.util.concurrent.ThreadPoolExecutor$Worker.run(ThreadPoolExecutor.java:624)
	at java.lang.Thread.run(Thread.java:748)
Caused by: java.nio.channels.OverlappingFileLockException
	at sun.nio.ch.SharedFileLockTable.checkList(FileLockTable.java:255)
	at sun.nio.ch.SharedFileLockTable.add(FileLockTable.java:152)
	at sun.nio.ch.FileChannelImpl.tryLock(FileChannelImpl.java:1107)
	at java.nio.channels.FileChannel.tryLock(FileChannel.java:1155)
	at org.apache.ratis.server.storage.RaftStorageDirectoryImpl.tryLock(RaftStorageDirectoryImpl.java:224)
	... 15 more
2022-01-16 14:03:11,493 [grpc-default-executor-1] WARN  server.GrpcLogAppender (LogUtils.java:warn(122)) - 85ccfe40-d44a-4cce-8ecd-09036b5f4718@group-4A2A27F3DB13->6bfb9779-376e-41d0-a4a3-df540c6cb1bb-AppendLogResponseHandler: Failed appendEntries: org.apache.ratis.thirdparty.io.grpc.StatusRuntimeException: UNAVAILABLE: io exception
2022-01-16 14:03:11,494 [grpc-default-executor-1] WARN  server.GrpcLogAppender (GrpcLogAppender.java:resetClient(110)) - 85ccfe40-d44a-4cce-8ecd-09036b5f4718@group-4A2A27F3DB13->6bfb9779-376e-41d0-a4a3-df540c6cb1bb-GrpcLogAppender: Leader has not got in touch with Follower 85ccfe40-d44a-4cce-8ecd-09036b5f4718@group-4A2A27F3DB13->6bfb9779-376e-41d0-a4a3-df540c6cb1bb(c-1,m0,n1, attendVote=true, lastRpcSendTime=0, lastRpcResponseTime=7780) yet, just keep nextIndex unchanged and retry.
2022-01-16 14:03:11,662 [pool-461-thread-1] ERROR storage.RaftStorageDirectory (RaftStorageDirectoryImpl.java:tryLock(233)) - It appears that another process has already locked the storage directory: /home/runner/work/ozone/ozone/hadoop-ozone/integration-test/target/test-dir/MiniOzoneClusterImpl-8dcea29f-4d4f-4b68-9a1a-1d92263011bb/datanode-1/data/ratis/be905a27-b916-4d7a-bd51-4a2a27f3db13
java.nio.channels.OverlappingFileLockException
	at sun.nio.ch.SharedFileLockTable.checkList(FileLockTable.java:255)
	at sun.nio.ch.SharedFileLockTable.add(FileLockTable.java:152)
	at sun.nio.ch.FileChannelImpl.tryLock(FileChannelImpl.java:1107)
	at java.nio.channels.FileChannel.tryLock(FileChannel.java:1155)
	at org.apache.ratis.server.storage.RaftStorageDirectoryImpl.tryLock(RaftStorageDirectoryImpl.java:224)
	at org.apache.ratis.server.storage.RaftStorageDirectoryImpl.lambda$lock$0(RaftStorageDirectoryImpl.java:194)
	at org.apache.ratis.util.JavaUtils.attempt(JavaUtils.java:166)
	at org.apache.ratis.util.FileUtils.attempt(FileUtils.java:41)
	at org.apache.ratis.server.storage.RaftStorageDirectoryImpl.lock(RaftStorageDirectoryImpl.java:194)
	at org.apache.ratis.server.storage.RaftStorageDirectoryImpl.analyzeStorage(RaftStorageDirectoryImpl.java:153)
	at org.apache.ratis.server.storage.RaftStorageImpl.analyzeAndRecoverStorage(RaftStorageImpl.java:97)
	at org.apache.ratis.server.storage.RaftStorageImpl.<init>(RaftStorageImpl.java:67)
	at org.apache.ratis.server.storage.RaftStorageImpl.<init>(RaftStorageImpl.java:52)
	at org.apache.ratis.server.impl.ServerState.<init>(ServerState.java:114)
	at org.apache.ratis.server.impl.RaftServerImpl.<init>(RaftServerImpl.java:197)
	at org.apache.ratis.server.impl.RaftServerProxy.lambda$newRaftServerImpl$4(RaftServerProxy.java:266)
	at java.util.concurrent.CompletableFuture$AsyncSupply.run(CompletableFuture.java:1604)
	at java.util.concurrent.ThreadPoolExecutor.runWorker(ThreadPoolExecutor.java:1149)
	at java.util.concurrent.ThreadPoolExecutor$Worker.run(ThreadPoolExecutor.java:624)
	at java.lang.Thread.run(Thread.java:748)
2022-01-16 14:03:11,663 [pool-461-thread-1] WARN  util.FileUtils (JavaUtils.java:attempt(172)) - FAILED "tryLock /home/runner/work/ozone/ozone/hadoop-ozone/integration-test/target/test-dir/MiniOzoneClusterImpl-8dcea29f-4d4f-4b68-9a1a-1d92263011bb/datanode-1/data/ratis/be905a27-b916-4d7a-bd51-4a2a27f3db13/in_use.lock", attempt #3/5: java.io.IOException: Failed to lock storage /home/runner/work/ozone/ozone/hadoop-ozone/integration-test/target/test-dir/MiniOzoneClusterImpl-8dcea29f-4d4f-4b68-9a1a-1d92263011bb/datanode-1/data/ratis/be905a27-b916-4d7a-bd51-4a2a27f3db13. The directory is already locked, sleep 1s and then retry.
java.io.IOException: Failed to lock storage /home/runner/work/ozone/ozone/hadoop-ozone/integration-test/target/test-dir/MiniOzoneClusterImpl-8dcea29f-4d4f-4b68-9a1a-1d92263011bb/datanode-1/data/ratis/be905a27-b916-4d7a-bd51-4a2a27f3db13. The directory is already locked
	at org.apache.ratis.server.storage.RaftStorageDirectoryImpl.tryLock(RaftStorageDirectoryImpl.java:236)
	at org.apache.ratis.server.storage.RaftStorageDirectoryImpl.lambda$lock$0(RaftStorageDirectoryImpl.java:194)
	at org.apache.ratis.util.JavaUtils.attempt(JavaUtils.java:166)
	at org.apache.ratis.util.FileUtils.attempt(FileUtils.java:41)
	at org.apache.ratis.server.storage.RaftStorageDirectoryImpl.lock(RaftStorageDirectoryImpl.java:194)
	at org.apache.ratis.server.storage.RaftStorageDirectoryImpl.analyzeStorage(RaftStorageDirectoryImpl.java:153)
	at org.apache.ratis.server.storage.RaftStorageImpl.analyzeAndRecoverStorage(RaftStorageImpl.java:97)
	at org.apache.ratis.server.storage.RaftStorageImpl.<init>(RaftStorageImpl.java:67)
	at org.apache.ratis.server.storage.RaftStorageImpl.<init>(RaftStorageImpl.java:52)
	at org.apache.ratis.server.impl.ServerState.<init>(ServerState.java:114)
	at org.apache.ratis.server.impl.RaftServerImpl.<init>(RaftServerImpl.java:197)
	at org.apache.ratis.server.impl.RaftServerProxy.lambda$newRaftServerImpl$4(RaftServerProxy.java:266)
	at java.util.concurrent.CompletableFuture$AsyncSupply.run(CompletableFuture.java:1604)
	at java.util.concurrent.ThreadPoolExecutor.runWorker(ThreadPoolExecutor.java:1149)
	at java.util.concurrent.ThreadPoolExecutor$Worker.run(ThreadPoolExecutor.java:624)
	at java.lang.Thread.run(Thread.java:748)
Caused by: java.nio.channels.OverlappingFileLockException
	at sun.nio.ch.SharedFileLockTable.checkList(FileLockTable.java:255)
	at sun.nio.ch.SharedFileLockTable.add(FileLockTable.java:152)
	at sun.nio.ch.FileChannelImpl.tryLock(FileChannelImpl.java:1107)
	at java.nio.channels.FileChannel.tryLock(FileChannel.java:1155)
	at org.apache.ratis.server.storage.RaftStorageDirectoryImpl.tryLock(RaftStorageDirectoryImpl.java:224)
	... 15 more
2022-01-16 14:03:11,770 [EndpointStateMachine task thread for /0.0.0.0:44503 - 0 ] INFO  ozoneimpl.OzoneContainer (OzoneContainer.java:start(315)) - Attempting to start container services.
2022-01-16 14:03:11,770 [EndpointStateMachine task thread for /0.0.0.0:44503 - 0 ] INFO  ozoneimpl.OzoneContainer (OzoneContainer.java:startContainerScrub(250)) - Background container scanner has been disabled.
2022-01-16 14:03:11,774 [EndpointStateMachine task thread for /0.0.0.0:44503 - 0 ] INFO  replication.ReplicationServer (ReplicationServer.java:start(111)) - ReplicationServer is started using port 45693
2022-01-16 14:03:11,774 [EndpointStateMachine task thread for /0.0.0.0:44503 - 0 ] INFO  ratis.XceiverServerRatis (XceiverServerRatis.java:start(484)) - Starting XceiverServerRatis 6bfb9779-376e-41d0-a4a3-df540c6cb1bb
2022-01-16 14:03:12,664 [pool-461-thread-1] ERROR storage.RaftStorageDirectory (RaftStorageDirectoryImpl.java:tryLock(233)) - It appears that another process has already locked the storage directory: /home/runner/work/ozone/ozone/hadoop-ozone/integration-test/target/test-dir/MiniOzoneClusterImpl-8dcea29f-4d4f-4b68-9a1a-1d92263011bb/datanode-1/data/ratis/be905a27-b916-4d7a-bd51-4a2a27f3db13
java.nio.channels.OverlappingFileLockException
	at sun.nio.ch.SharedFileLockTable.checkList(FileLockTable.java:255)
	at sun.nio.ch.SharedFileLockTable.add(FileLockTable.java:152)
	at sun.nio.ch.FileChannelImpl.tryLock(FileChannelImpl.java:1107)
	at java.nio.channels.FileChannel.tryLock(FileChannel.java:1155)
	at org.apache.ratis.server.storage.RaftStorageDirectoryImpl.tryLock(RaftStorageDirectoryImpl.java:224)
	at org.apache.ratis.server.storage.RaftStorageDirectoryImpl.lambda$lock$0(RaftStorageDirectoryImpl.java:194)
	at org.apache.ratis.util.JavaUtils.attempt(JavaUtils.java:166)
	at org.apache.ratis.util.FileUtils.attempt(FileUtils.java:41)
	at org.apache.ratis.server.storage.RaftStorageDirectoryImpl.lock(RaftStorageDirectoryImpl.java:194)
	at org.apache.ratis.server.storage.RaftStorageDirectoryImpl.analyzeStorage(RaftStorageDirectoryImpl.java:153)
	at org.apache.ratis.server.storage.RaftStorageImpl.analyzeAndRecoverStorage(RaftStorageImpl.java:97)
	at org.apache.ratis.server.storage.RaftStorageImpl.<init>(RaftStorageImpl.java:67)
	at org.apache.ratis.server.storage.RaftStorageImpl.<init>(RaftStorageImpl.java:52)
	at org.apache.ratis.server.impl.ServerState.<init>(ServerState.java:114)
	at org.apache.ratis.server.impl.RaftServerImpl.<init>(RaftServerImpl.java:197)
	at org.apache.ratis.server.impl.RaftServerProxy.lambda$newRaftServerImpl$4(RaftServerProxy.java:266)
	at java.util.concurrent.CompletableFuture$AsyncSupply.run(CompletableFuture.java:1604)
	at java.util.concurrent.ThreadPoolExecutor.runWorker(ThreadPoolExecutor.java:1149)
	at java.util.concurrent.ThreadPoolExecutor$Worker.run(ThreadPoolExecutor.java:624)
	at java.lang.Thread.run(Thread.java:748)
2022-01-16 14:03:12,667 [pool-461-thread-1] WARN  util.FileUtils (JavaUtils.java:attempt(172)) - FAILED "tryLock /home/runner/work/ozone/ozone/hadoop-ozone/integration-test/target/test-dir/MiniOzoneClusterImpl-8dcea29f-4d4f-4b68-9a1a-1d92263011bb/datanode-1/data/ratis/be905a27-b916-4d7a-bd51-4a2a27f3db13/in_use.lock", attempt #4/5: java.io.IOException: Failed to lock storage /home/runner/work/ozone/ozone/hadoop-ozone/integration-test/target/test-dir/MiniOzoneClusterImpl-8dcea29f-4d4f-4b68-9a1a-1d92263011bb/datanode-1/data/ratis/be905a27-b916-4d7a-bd51-4a2a27f3db13. The directory is already locked, sleep 1s and then retry.
java.io.IOException: Failed to lock storage /home/runner/work/ozone/ozone/hadoop-ozone/integration-test/target/test-dir/MiniOzoneClusterImpl-8dcea29f-4d4f-4b68-9a1a-1d92263011bb/datanode-1/data/ratis/be905a27-b916-4d7a-bd51-4a2a27f3db13. The directory is already locked
	at org.apache.ratis.server.storage.RaftStorageDirectoryImpl.tryLock(RaftStorageDirectoryImpl.java:236)
	at org.apache.ratis.server.storage.RaftStorageDirectoryImpl.lambda$lock$0(RaftStorageDirectoryImpl.java:194)
	at org.apache.ratis.util.JavaUtils.attempt(JavaUtils.java:166)
	at org.apache.ratis.util.FileUtils.attempt(FileUtils.java:41)
	at org.apache.ratis.server.storage.RaftStorageDirectoryImpl.lock(RaftStorageDirectoryImpl.java:194)
	at org.apache.ratis.server.storage.RaftStorageDirectoryImpl.analyzeStorage(RaftStorageDirectoryImpl.java:153)
	at org.apache.ratis.server.storage.RaftStorageImpl.analyzeAndRecoverStorage(RaftStorageImpl.java:97)
	at org.apache.ratis.server.storage.RaftStorageImpl.<init>(RaftStorageImpl.java:67)
	at org.apache.ratis.server.storage.RaftStorageImpl.<init>(RaftStorageImpl.java:52)
	at org.apache.ratis.server.impl.ServerState.<init>(ServerState.java:114)
	at org.apache.ratis.server.impl.RaftServerImpl.<init>(RaftServerImpl.java:197)
	at org.apache.ratis.server.impl.RaftServerProxy.lambda$newRaftServerImpl$4(RaftServerProxy.java:266)
	at java.util.concurrent.CompletableFuture$AsyncSupply.run(CompletableFuture.java:1604)
	at java.util.concurrent.ThreadPoolExecutor.runWorker(ThreadPoolExecutor.java:1149)
	at java.util.concurrent.ThreadPoolExecutor$Worker.run(ThreadPoolExecutor.java:624)
	at java.lang.Thread.run(Thread.java:748)
Caused by: java.nio.channels.OverlappingFileLockException
	at sun.nio.ch.SharedFileLockTable.checkList(FileLockTable.java:255)
	at sun.nio.ch.SharedFileLockTable.add(FileLockTable.java:152)
	at sun.nio.ch.FileChannelImpl.tryLock(FileChannelImpl.java:1107)
	at java.nio.channels.FileChannel.tryLock(FileChannel.java:1155)
	at org.apache.ratis.server.storage.RaftStorageDirectoryImpl.tryLock(RaftStorageDirectoryImpl.java:224)
	... 15 more
2022-01-16 14:03:13,667 [pool-461-thread-1] ERROR storage.RaftStorageDirectory (RaftStorageDirectoryImpl.java:tryLock(233)) - It appears that another process has already locked the storage directory: /home/runner/work/ozone/ozone/hadoop-ozone/integration-test/target/test-dir/MiniOzoneClusterImpl-8dcea29f-4d4f-4b68-9a1a-1d92263011bb/datanode-1/data/ratis/be905a27-b916-4d7a-bd51-4a2a27f3db13
java.nio.channels.OverlappingFileLockException
	at sun.nio.ch.SharedFileLockTable.checkList(FileLockTable.java:255)
	at sun.nio.ch.SharedFileLockTable.add(FileLockTable.java:152)
	at sun.nio.ch.FileChannelImpl.tryLock(FileChannelImpl.java:1107)
	at java.nio.channels.FileChannel.tryLock(FileChannel.java:1155)
	at org.apache.ratis.server.storage.RaftStorageDirectoryImpl.tryLock(RaftStorageDirectoryImpl.java:224)
	at org.apache.ratis.server.storage.RaftStorageDirectoryImpl.lambda$lock$0(RaftStorageDirectoryImpl.java:194)
	at org.apache.ratis.util.JavaUtils.attempt(JavaUtils.java:166)
	at org.apache.ratis.util.FileUtils.attempt(FileUtils.java:41)
	at org.apache.ratis.server.storage.RaftStorageDirectoryImpl.lock(RaftStorageDirectoryImpl.java:194)
	at org.apache.ratis.server.storage.RaftStorageDirectoryImpl.analyzeStorage(RaftStorageDirectoryImpl.java:153)
	at org.apache.ratis.server.storage.RaftStorageImpl.analyzeAndRecoverStorage(RaftStorageImpl.java:97)
	at org.apache.ratis.server.storage.RaftStorageImpl.<init>(RaftStorageImpl.java:67)
	at org.apache.ratis.server.storage.RaftStorageImpl.<init>(RaftStorageImpl.java:52)
	at org.apache.ratis.server.impl.ServerState.<init>(ServerState.java:114)
	at org.apache.ratis.server.impl.RaftServerImpl.<init>(RaftServerImpl.java:197)
	at org.apache.ratis.server.impl.RaftServerProxy.lambda$newRaftServerImpl$4(RaftServerProxy.java:266)
	at java.util.concurrent.CompletableFuture$AsyncSupply.run(CompletableFuture.java:1604)
	at java.util.concurrent.ThreadPoolExecutor.runWorker(ThreadPoolExecutor.java:1149)
	at java.util.concurrent.ThreadPoolExecutor$Worker.run(ThreadPoolExecutor.java:624)
	at java.lang.Thread.run(Thread.java:748)
2022-01-16 14:03:13,669 [EndpointStateMachine task thread for /0.0.0.0:44503 - 0 ] WARN  statemachine.EndpointStateMachine (EndpointStateMachine.java:logIfNeeded(236)) - Unable to communicate to SCM server at 0.0.0.0:44503 for past 0 seconds.
java.io.IOException: Failed to lock storage /home/runner/work/ozone/ozone/hadoop-ozone/integration-test/target/test-dir/MiniOzoneClusterImpl-8dcea29f-4d4f-4b68-9a1a-1d92263011bb/datanode-1/data/ratis/be905a27-b916-4d7a-bd51-4a2a27f3db13. The directory is already locked
	at org.apache.ratis.server.storage.RaftStorageDirectoryImpl.tryLock(RaftStorageDirectoryImpl.java:236)
	at org.apache.ratis.server.storage.RaftStorageDirectoryImpl.lambda$lock$0(RaftStorageDirectoryImpl.java:194)
	at org.apache.ratis.util.JavaUtils.attempt(JavaUtils.java:166)
	at org.apache.ratis.util.FileUtils.attempt(FileUtils.java:41)
	at org.apache.ratis.server.storage.RaftStorageDirectoryImpl.lock(RaftStorageDirectoryImpl.java:194)
	at org.apache.ratis.server.storage.RaftStorageDirectoryImpl.analyzeStorage(RaftStorageDirectoryImpl.java:153)
	at org.apache.ratis.server.storage.RaftStorageImpl.analyzeAndRecoverStorage(RaftStorageImpl.java:97)
	at org.apache.ratis.server.storage.RaftStorageImpl.<init>(RaftStorageImpl.java:67)
	at org.apache.ratis.server.storage.RaftStorageImpl.<init>(RaftStorageImpl.java:52)
	at org.apache.ratis.server.impl.ServerState.<init>(ServerState.java:114)
	at org.apache.ratis.server.impl.RaftServerImpl.<init>(RaftServerImpl.java:197)
	at org.apache.ratis.server.impl.RaftServerProxy.lambda$newRaftServerImpl$4(RaftServerProxy.java:266)
	at java.util.concurrent.CompletableFuture$AsyncSupply.run(CompletableFuture.java:1604)
	at java.util.concurrent.ThreadPoolExecutor.runWorker(ThreadPoolExecutor.java:1149)
	at java.util.concurrent.ThreadPoolExecutor$Worker.run(ThreadPoolExecutor.java:624)
	at java.lang.Thread.run(Thread.java:748)
Caused by: java.nio.channels.OverlappingFileLockException
	at sun.nio.ch.SharedFileLockTable.checkList(FileLockTable.java:255)
	at sun.nio.ch.SharedFileLockTable.add(FileLockTable.java:152)
	at sun.nio.ch.FileChannelImpl.tryLock(FileChannelImpl.java:1107)
	at java.nio.channels.FileChannel.tryLock(FileChannel.java:1155)
	at org.apache.ratis.server.storage.RaftStorageDirectoryImpl.tryLock(RaftStorageDirectoryImpl.java:224)
	... 15 more
2022-01-16 14:03:13,672 [pool-461-thread-1] INFO  server.RaftServer$Division (RaftServerImpl.java:<init>(184)) - 6bfb9779-376e-41d0-a4a3-df540c6cb1bb: new RaftServerImpl for group-D0FCC1B5800B:[] with ContainerStateMachine:uninitialized
2022-01-16 14:03:13,672 [pool-461-thread-1] INFO  server.RaftServerConfigKeys (ConfUtils.java:logGet(44)) - raft.server.rpc.timeout.min = 5s (custom)
2022-01-16 14:03:13,672 [pool-461-thread-1] INFO  server.RaftServerConfigKeys (ConfUtils.java:logGet(44)) - raft.server.rpc.timeout.max = 5200ms (custom)
2022-01-16 14:03:13,672 [pool-461-thread-1] INFO  server.RaftServerConfigKeys (ConfUtils.java:logGet(44)) - raft.server.rpc.sleep.time = 25ms (default)
2022-01-16 14:03:13,672 [pool-461-thread-1] INFO  server.RaftServerConfigKeys (ConfUtils.java:logGet(44)) - raft.server.rpc.slowness.timeout = 300s (custom)
2022-01-16 14:03:13,672 [pool-461-thread-1] INFO  server.RaftServerConfigKeys (ConfUtils.java:logGet(44)) - raft.server.leaderelection.leader.step-down.wait-time = 10s (default)
2022-01-16 14:03:13,672 [pool-461-thread-1] INFO  server.RaftServerConfigKeys (ConfUtils.java:logGet(44)) - raft.server.sleep.deviation.threshold = 300ms (default)
2022-01-16 14:03:13,672 [pool-461-thread-1] INFO  server.RaftServerConfigKeys (ConfUtils.java:logGet(44)) - raft.server.log.appender.install.snapshot.enabled = false (custom)
2022-01-16 14:03:13,672 [pool-461-thread-1] INFO  server.RaftServer$Division (ServerState.java:<init>(105)) - 6bfb9779-376e-41d0-a4a3-df540c6cb1bb@group-D0FCC1B5800B: ConfigurationManager, init=-1: [], old=null, confs=<EMPTY_MAP>
2022-01-16 14:03:13,672 [pool-461-thread-1] INFO  server.RaftServerConfigKeys (ConfUtils.java:logGet(44)) - raft.server.storage.dir = [/home/runner/work/ozone/ozone/hadoop-ozone/integration-test/target/test-dir/MiniOzoneClusterImpl-8dcea29f-4d4f-4b68-9a1a-1d92263011bb/datanode-1/data/ratis] (custom)
2022-01-16 14:03:13,672 [pool-461-thread-1] INFO  server.RaftServerConfigKeys (ConfUtils.java:logGet(44)) - raft.server.log.corruption.policy = EXCEPTION (default)
2022-01-16 14:03:13,672 [pool-461-thread-1] INFO  server.RaftServerConfigKeys (ConfUtils.java:logGet(44)) - raft.server.storage.free-space.min = 0MB (=0) (default)
2022-01-16 14:03:13,674 [pool-461-thread-1] INFO  storage.RaftStorageDirectory (RaftStorageDirectoryImpl.java:tryLock(230)) - Lock on /home/runner/work/ozone/ozone/hadoop-ozone/integration-test/target/test-dir/MiniOzoneClusterImpl-8dcea29f-4d4f-4b68-9a1a-1d92263011bb/datanode-1/data/ratis/c18d7b6c-32c8-4880-b14f-d0fcc1b5800b/in_use.lock acquired by nodename 12258@fv-az395-972
2022-01-16 14:03:13,674 [pool-461-thread-1] INFO  storage.RaftStorage (RaftStorageImpl.java:analyzeAndRecoverStorage(110)) - Read RaftStorageMetadata{term=1, votedFor=6bfb9779-376e-41d0-a4a3-df540c6cb1bb} from /home/runner/work/ozone/ozone/hadoop-ozone/integration-test/target/test-dir/MiniOzoneClusterImpl-8dcea29f-4d4f-4b68-9a1a-1d92263011bb/datanode-1/data/ratis/c18d7b6c-32c8-4880-b14f-d0fcc1b5800b/current/raft-meta
2022-01-16 14:03:13,675 [pool-461-thread-1] INFO  ratis.ContainerStateMachine (ContainerStateMachine.java:loadSnapshot(240)) - group-D0FCC1B5800B: Setting the last applied index to (t:1, i:9)
2022-01-16 14:03:13,675 [pool-461-thread-1] INFO  server.RaftServer$Division (ServerState.java:setRaftConf(387)) - 6bfb9779-376e-41d0-a4a3-df540c6cb1bb@group-D0FCC1B5800B: set configuration 0: [6bfb9779-376e-41d0-a4a3-df540c6cb1bb|rpc:10.1.0.30:35687|dataStream:|priority:1], old=null
2022-01-16 14:03:13,675 [pool-461-thread-1] INFO  server.RaftServerConfigKeys (ConfUtils.java:logGet(44)) - raft.server.notification.no-leader.timeout = 300s (custom)
2022-01-16 14:03:13,675 [pool-461-thread-1] INFO  server.RaftServerConfigKeys (ConfUtils.java:logGet(44)) - raft.server.log.use.memory = false (default)
2022-01-16 14:03:13,675 [pool-461-thread-1] INFO  server.RaftServerConfigKeys (ConfUtils.java:logGet(44)) - raft.server.log.purge.gap = 1000000 (custom)
2022-01-16 14:03:13,676 [pool-461-thread-1] INFO  server.RaftServerConfigKeys (ConfUtils.java:logGet(44)) - raft.server.log.appender.buffer.byte-limit = 33554432 (custom)
2022-01-16 14:03:13,676 [pool-461-thread-1] INFO  server.RaftServerConfigKeys (ConfUtils.java:logGet(44)) - raft.server.log.segment.size.max = 1048576 (custom)
2022-01-16 14:03:13,676 [pool-461-thread-1] INFO  server.RaftServerConfigKeys (ConfUtils.java:logGet(44)) - raft.server.log.segment.cache.num.max = 2 (custom)
2022-01-16 14:03:13,676 [pool-461-thread-1] INFO  server.RaftServerConfigKeys (ConfUtils.java:logGet(44)) - raft.server.log.segment.cache.size.max = 200MB (=209715200) (default)
2022-01-16 14:03:13,676 [pool-461-thread-1] INFO  segmented.SegmentedRaftLogWorker (SegmentedRaftLogWorker.java:<init>(182)) - new 6bfb9779-376e-41d0-a4a3-df540c6cb1bb@group-D0FCC1B5800B-SegmentedRaftLogWorker for RaftStorageImpl:Storage Directory /home/runner/work/ozone/ozone/hadoop-ozone/integration-test/target/test-dir/MiniOzoneClusterImpl-8dcea29f-4d4f-4b68-9a1a-1d92263011bb/datanode-1/data/ratis/c18d7b6c-32c8-4880-b14f-d0fcc1b5800b
2022-01-16 14:03:13,676 [pool-461-thread-1] INFO  server.RaftServerConfigKeys (ConfUtils.java:logGet(44)) - raft.server.log.queue.byte-limit = 2147483647 (custom)
2022-01-16 14:03:13,676 [pool-461-thread-1] INFO  server.RaftServerConfigKeys (ConfUtils.java:logGet(44)) - raft.server.log.queue.element-limit = 1024 (custom)
2022-01-16 14:03:13,676 [pool-461-thread-1] INFO  server.RaftServerConfigKeys (ConfUtils.java:logGet(44)) - raft.server.log.segment.size.max = 1048576 (custom)
2022-01-16 14:03:13,676 [pool-461-thread-1] INFO  server.RaftServerConfigKeys (ConfUtils.java:logGet(44)) - raft.server.log.preallocated.size = 16384 (custom)
2022-01-16 14:03:13,676 [pool-461-thread-1] INFO  server.RaftServerConfigKeys (ConfUtils.java:logGet(44)) - raft.server.log.force.sync.num = 128 (default)
2022-01-16 14:03:13,676 [pool-461-thread-1] INFO  server.RaftServerConfigKeys (ConfUtils.java:logGet(44)) - raft.server.log.statemachine.data.sync = true (default)
2022-01-16 14:03:13,676 [pool-461-thread-1] INFO  server.RaftServerConfigKeys (ConfUtils.java:logGet(44)) - raft.server.log.statemachine.data.sync.timeout = 10s (default)
2022-01-16 14:03:13,676 [pool-461-thread-1] INFO  server.RaftServerConfigKeys (ConfUtils.java:logGet(44)) - raft.server.log.statemachine.data.sync.timeout.retry = -1 (default)
2022-01-16 14:03:13,677 [pool-461-thread-1] INFO  server.RaftServerConfigKeys (ConfUtils.java:logGet(44)) - raft.server.log.write.buffer.size = 1048576 (custom)
2022-01-16 14:03:13,677 [pool-461-thread-1] INFO  server.RaftServerConfigKeys (ConfUtils.java:logGet(44)) - raft.server.log.statemachine.data.caching.enabled = true (custom)
2022-01-16 14:03:13,678 [pool-461-thread-1] INFO  server.RaftServer$Division (ServerState.java:setRaftConf(387)) - 6bfb9779-376e-41d0-a4a3-df540c6cb1bb@group-D0FCC1B5800B: set configuration 0: [6bfb9779-376e-41d0-a4a3-df540c6cb1bb|rpc:10.1.0.30:35687|dataStream:|priority:1], old=null
2022-01-16 14:03:13,678 [pool-461-thread-1] INFO  segmented.LogSegment (LogSegment.java:loadSegment(173)) - Successfully read 10 entries from segment file /home/runner/work/ozone/ozone/hadoop-ozone/integration-test/target/test-dir/MiniOzoneClusterImpl-8dcea29f-4d4f-4b68-9a1a-1d92263011bb/datanode-1/data/ratis/c18d7b6c-32c8-4880-b14f-d0fcc1b5800b/current/log_inprogress_0
2022-01-16 14:03:13,678 [pool-461-thread-1] INFO  segmented.SegmentedRaftLogWorker (SegmentedRaftLogWorker.java:lambda$new$0(133)) - 6bfb9779-376e-41d0-a4a3-df540c6cb1bb@group-D0FCC1B5800B-SegmentedRaftLogWorker: flushIndex: setUnconditionally 0 -> 9
2022-01-16 14:03:13,678 [pool-461-thread-1] INFO  segmented.SegmentedRaftLogWorker (SegmentedRaftLogWorker.java:lambda$new$0(133)) - 6bfb9779-376e-41d0-a4a3-df540c6cb1bb@group-D0FCC1B5800B-SegmentedRaftLogWorker: safeCacheEvictIndex: setUnconditionally 0 -> -1
2022-01-16 14:03:13,680 [pool-461-thread-1] INFO  raftlog.RaftLog (RaftLogBase.java:lambda$new$0(53)) - 6bfb9779-376e-41d0-a4a3-df540c6cb1bb@group-D0FCC1B5800B-SegmentedRaftLog: commitIndex: updateToMax old=9, new=8, updated? false
2022-01-16 14:03:13,680 [pool-461-thread-1] INFO  server.RaftServerConfigKeys (ConfUtils.java:logGet(44)) - raft.server.snapshot.auto.trigger.enabled = true (custom)
2022-01-16 14:03:13,680 [pool-461-thread-1] INFO  server.RaftServerConfigKeys (ConfUtils.java:logGet(44)) - raft.server.snapshot.auto.trigger.threshold = 10000 (custom)
2022-01-16 14:03:13,680 [pool-461-thread-1] INFO  server.RaftServerConfigKeys (ConfUtils.java:logGet(44)) - raft.server.snapshot.retention.file.num = 5 (custom)
2022-01-16 14:03:13,680 [pool-461-thread-1] INFO  server.RaftServerConfigKeys (ConfUtils.java:logGet(44)) - raft.server.log.purge.upto.snapshot.index = false (default)
2022-01-16 14:03:13,680 [pool-461-thread-1] INFO  server.RaftServerConfigKeys (ConfUtils.java:logGet(44)) - raft.server.retrycache.expirytime = 600000ms (custom)
2022-01-16 14:03:13,680 [pool-461-thread-1] INFO  server.RaftServerConfigKeys (ConfUtils.java:logGet(44)) - raft.server.retrycache.statistics.expirytime = 100μs (default)
2022-01-16 14:03:13,993 [grpc-default-executor-1] WARN  server.GrpcLogAppender (LogUtils.java:warn(122)) - 85ccfe40-d44a-4cce-8ecd-09036b5f4718@group-4A2A27F3DB13->6bfb9779-376e-41d0-a4a3-df540c6cb1bb-AppendLogResponseHandler: Failed appendEntries: org.apache.ratis.thirdparty.io.grpc.StatusRuntimeException: UNAVAILABLE: io exception
2022-01-16 14:03:13,994 [grpc-default-executor-1] WARN  server.GrpcLogAppender (GrpcLogAppender.java:resetClient(110)) - 85ccfe40-d44a-4cce-8ecd-09036b5f4718@group-4A2A27F3DB13->6bfb9779-376e-41d0-a4a3-df540c6cb1bb-GrpcLogAppender: Leader has not got in touch with Follower 85ccfe40-d44a-4cce-8ecd-09036b5f4718@group-4A2A27F3DB13->6bfb9779-376e-41d0-a4a3-df540c6cb1bb(c-1,m0,n1, attendVote=true, lastRpcSendTime=0, lastRpcResponseTime=10281) yet, just keep nextIndex unchanged and retry.
2022-01-16 14:03:14,721 [Time-limited test] INFO  ozoneimpl.OzoneContainer (OzoneContainer.java:stop(336)) - Attempting to stop container services.
2022-01-16 14:03:14,722 [Time-limited test] INFO  server.RaftServer (RaftServerProxy.java:lambda$close$6(391)) - 85ccfe40-d44a-4cce-8ecd-09036b5f4718: close
2022-01-16 14:03:14,732 [Time-limited test] INFO  server.RaftServer$Division (RaftServerImpl.java:lambda$close$4(412)) - 85ccfe40-d44a-4cce-8ecd-09036b5f4718@group-4A2A27F3DB13: shutdown
2022-01-16 14:03:14,733 [Time-limited test] INFO  util.JmxRegister (JmxRegister.java:unregister(73)) - Successfully un-registered JMX Bean with object name Ratis:service=RaftServer,group=group-4A2A27F3DB13,id=85ccfe40-d44a-4cce-8ecd-09036b5f4718
2022-01-16 14:03:14,733 [Time-limited test] INFO  impl.RoleInfo (RoleInfo.java:shutdownLeaderState(91)) - 85ccfe40-d44a-4cce-8ecd-09036b5f4718: shutdown 85ccfe40-d44a-4cce-8ecd-09036b5f4718@group-4A2A27F3DB13-LeaderStateImpl
2022-01-16 14:03:14,733 [85ccfe40-d44a-4cce-8ecd-09036b5f4718@group-4A2A27F3DB13->fb2bbb8d-0a43-4468-9762-35835c6ecdd5-GrpcLogAppender-LogAppenderDaemon] WARN  server.GrpcLogAppender (GrpcLogAppender.java:mayWait(177)) - 85ccfe40-d44a-4cce-8ecd-09036b5f4718@group-4A2A27F3DB13->fb2bbb8d-0a43-4468-9762-35835c6ecdd5-GrpcLogAppender: Wait interrupted by java.lang.InterruptedException
2022-01-16 14:03:14,733 [Time-limited test] INFO  impl.PendingRequests (PendingRequests.java:sendNotLeaderResponses(282)) - 85ccfe40-d44a-4cce-8ecd-09036b5f4718@group-4A2A27F3DB13-PendingRequests: sendNotLeaderResponses
2022-01-16 14:03:14,734 [grpc-default-executor-1] INFO  server.GrpcServerProtocolService (GrpcServerProtocolService.java:onCompleted(140)) - fb2bbb8d-0a43-4468-9762-35835c6ecdd5: Completed APPEND_ENTRIES, lastRequest: 85ccfe40-d44a-4cce-8ecd-09036b5f4718->fb2bbb8d-0a43-4468-9762-35835c6ecdd5#1-t1,previous=(t:0, i:0),leaderCommit=0,initializing? true,entries: size=1, first=(t:1, i:0), CONFIGURATIONENTRY
2022-01-16 14:03:14,734 [85ccfe40-d44a-4cce-8ecd-09036b5f4718@group-4A2A27F3DB13-StateMachineUpdater] INFO  ratis.ContainerStateMachine (ContainerStateMachine.java:takeSnapshot(299)) - group-4A2A27F3DB13: Taking a snapshot at:(t:1, i:0) file /home/runner/work/ozone/ozone/hadoop-ozone/integration-test/target/test-dir/MiniOzoneClusterImpl-8dcea29f-4d4f-4b68-9a1a-1d92263011bb/datanode-2/data/ratis/be905a27-b916-4d7a-bd51-4a2a27f3db13/sm/snapshot.1_0
2022-01-16 14:03:14,734 [Time-limited test] INFO  impl.StateMachineUpdater (StateMachineUpdater.java:stopAndJoin(149)) - 85ccfe40-d44a-4cce-8ecd-09036b5f4718@group-4A2A27F3DB13-StateMachineUpdater: set stopIndex = 0
2022-01-16 14:03:14,734 [grpc-default-executor-3] INFO  server.GrpcLogAppender (GrpcLogAppender.java:onCompleted(346)) - 85ccfe40-d44a-4cce-8ecd-09036b5f4718@group-4A2A27F3DB13->fb2bbb8d-0a43-4468-9762-35835c6ecdd5-AppendLogResponseHandler: follower responses appendEntries COMPLETED
2022-01-16 14:03:14,734 [grpc-default-executor-3] INFO  leader.FollowerInfo (FollowerInfoImpl.java:lambda$new$0(47)) - 85ccfe40-d44a-4cce-8ecd-09036b5f4718@group-4A2A27F3DB13->fb2bbb8d-0a43-4468-9762-35835c6ecdd5: nextIndex: updateUnconditionally 1 -> 0
2022-01-16 14:03:14,735 [85ccfe40-d44a-4cce-8ecd-09036b5f4718@group-4A2A27F3DB13-StateMachineUpdater] INFO  ratis.ContainerStateMachine (ContainerStateMachine.java:takeSnapshot(310)) - group-4A2A27F3DB13: Finished taking a snapshot at:(t:1, i:0) file:/home/runner/work/ozone/ozone/hadoop-ozone/integration-test/target/test-dir/MiniOzoneClusterImpl-8dcea29f-4d4f-4b68-9a1a-1d92263011bb/datanode-2/data/ratis/be905a27-b916-4d7a-bd51-4a2a27f3db13/sm/snapshot.1_0 took: 1 ms
2022-01-16 14:03:14,735 [85ccfe40-d44a-4cce-8ecd-09036b5f4718@group-4A2A27F3DB13-StateMachineUpdater] INFO  impl.StateMachineUpdater (StateMachineUpdater.java:takeSnapshot(281)) - 85ccfe40-d44a-4cce-8ecd-09036b5f4718@group-4A2A27F3DB13-StateMachineUpdater: Took a snapshot at index 0
2022-01-16 14:03:14,735 [85ccfe40-d44a-4cce-8ecd-09036b5f4718@group-4A2A27F3DB13-StateMachineUpdater] INFO  impl.StateMachineUpdater (StateMachineUpdater.java:lambda$new$0(89)) - 85ccfe40-d44a-4cce-8ecd-09036b5f4718@group-4A2A27F3DB13-StateMachineUpdater: snapshotIndex: updateIncreasingly -1 -> 0
2022-01-16 14:03:14,736 [Time-limited test] INFO  server.RaftServer$Division (ServerState.java:close(419)) - 85ccfe40-d44a-4cce-8ecd-09036b5f4718@group-4A2A27F3DB13: closes. applyIndex: 0
2022-01-16 14:03:14,737 [85ccfe40-d44a-4cce-8ecd-09036b5f4718@group-4A2A27F3DB13-SegmentedRaftLogWorker] INFO  segmented.SegmentedRaftLogWorker (SegmentedRaftLogWorker.java:run(327)) - 85ccfe40-d44a-4cce-8ecd-09036b5f4718@group-4A2A27F3DB13-SegmentedRaftLogWorker was interrupted, exiting. There are 0 tasks remaining in the queue.
2022-01-16 14:03:14,737 [Time-limited test] INFO  segmented.SegmentedRaftLogWorker (SegmentedRaftLogWorker.java:close(237)) - 85ccfe40-d44a-4cce-8ecd-09036b5f4718@group-4A2A27F3DB13-SegmentedRaftLogWorker close()
2022-01-16 14:03:14,738 [Time-limited test] INFO  server.RaftServer$Division (RaftServerImpl.java:lambda$close$4(412)) - 85ccfe40-d44a-4cce-8ecd-09036b5f4718@group-433B9464FFB6: shutdown
2022-01-16 14:03:14,738 [Time-limited test] INFO  util.JmxRegister (JmxRegister.java:unregister(73)) - Successfully un-registered JMX Bean with object name Ratis:service=RaftServer,group=group-433B9464FFB6,id=85ccfe40-d44a-4cce-8ecd-09036b5f4718
2022-01-16 14:03:14,738 [Time-limited test] INFO  impl.RoleInfo (RoleInfo.java:shutdownLeaderState(91)) - 85ccfe40-d44a-4cce-8ecd-09036b5f4718: shutdown 85ccfe40-d44a-4cce-8ecd-09036b5f4718@group-433B9464FFB6-LeaderStateImpl
2022-01-16 14:03:14,739 [Time-limited test] INFO  impl.PendingRequests (PendingRequests.java:sendNotLeaderResponses(282)) - 85ccfe40-d44a-4cce-8ecd-09036b5f4718@group-433B9464FFB6-PendingRequests: sendNotLeaderResponses
2022-01-16 14:03:14,741 [Time-limited test] INFO  impl.StateMachineUpdater (StateMachineUpdater.java:stopAndJoin(149)) - 85ccfe40-d44a-4cce-8ecd-09036b5f4718@group-433B9464FFB6-StateMachineUpdater: set stopIndex = 20
2022-01-16 14:03:14,741 [85ccfe40-d44a-4cce-8ecd-09036b5f4718@group-433B9464FFB6-StateMachineUpdater] INFO  ratis.ContainerStateMachine (ContainerStateMachine.java:takeSnapshot(299)) - group-433B9464FFB6: Taking a snapshot at:(t:1, i:20) file /home/runner/work/ozone/ozone/hadoop-ozone/integration-test/target/test-dir/MiniOzoneClusterImpl-8dcea29f-4d4f-4b68-9a1a-1d92263011bb/datanode-2/data/ratis/9c905727-da9c-4a87-af90-433b9464ffb6/sm/snapshot.1_20
2022-01-16 14:03:14,743 [85ccfe40-d44a-4cce-8ecd-09036b5f4718@group-433B9464FFB6-StateMachineUpdater] INFO  ratis.ContainerStateMachine (ContainerStateMachine.java:takeSnapshot(310)) - group-433B9464FFB6: Finished taking a snapshot at:(t:1, i:20) file:/home/runner/work/ozone/ozone/hadoop-ozone/integration-test/target/test-dir/MiniOzoneClusterImpl-8dcea29f-4d4f-4b68-9a1a-1d92263011bb/datanode-2/data/ratis/9c905727-da9c-4a87-af90-433b9464ffb6/sm/snapshot.1_20 took: 1 ms
2022-01-16 14:03:14,743 [85ccfe40-d44a-4cce-8ecd-09036b5f4718@group-433B9464FFB6-StateMachineUpdater] INFO  impl.StateMachineUpdater (StateMachineUpdater.java:takeSnapshot(281)) - 85ccfe40-d44a-4cce-8ecd-09036b5f4718@group-433B9464FFB6-StateMachineUpdater: Took a snapshot at index 20
2022-01-16 14:03:14,743 [85ccfe40-d44a-4cce-8ecd-09036b5f4718@group-433B9464FFB6-StateMachineUpdater] INFO  impl.StateMachineUpdater (StateMachineUpdater.java:lambda$new$0(89)) - 85ccfe40-d44a-4cce-8ecd-09036b5f4718@group-433B9464FFB6-StateMachineUpdater: snapshotIndex: updateIncreasingly -1 -> 20
2022-01-16 14:03:14,747 [Time-limited test] INFO  server.RaftServer$Division (ServerState.java:close(419)) - 85ccfe40-d44a-4cce-8ecd-09036b5f4718@group-433B9464FFB6: closes. applyIndex: 20
2022-01-16 14:03:14,748 [85ccfe40-d44a-4cce-8ecd-09036b5f4718@group-433B9464FFB6-SegmentedRaftLogWorker] INFO  segmented.SegmentedRaftLogWorker (SegmentedRaftLogWorker.java:run(327)) - 85ccfe40-d44a-4cce-8ecd-09036b5f4718@group-433B9464FFB6-SegmentedRaftLogWorker was interrupted, exiting. There are 0 tasks remaining in the queue.
2022-01-16 14:03:14,748 [Time-limited test] INFO  segmented.SegmentedRaftLogWorker (SegmentedRaftLogWorker.java:close(237)) - 85ccfe40-d44a-4cce-8ecd-09036b5f4718@group-433B9464FFB6-SegmentedRaftLogWorker close()
2022-01-16 14:03:14,749 [Time-limited test] INFO  server.GrpcService (GrpcService.java:closeImpl(262)) - 85ccfe40-d44a-4cce-8ecd-09036b5f4718: shutdown server with port 34255 now
2022-01-16 14:03:14,749 [grpc-default-executor-3] WARN  client.GrpcClientProtocolService (LogUtils.java:warn(122)) - 1-UnorderedRequestStreamObserver1: onError: org.apache.ratis.thirdparty.io.grpc.StatusRuntimeException: CANCELLED: client cancelled
2022-01-16 14:03:14,753 [Time-limited test] INFO  server.GrpcService (GrpcService.java:closeImpl(271)) - 85ccfe40-d44a-4cce-8ecd-09036b5f4718: shutdown server with port 34255 successfully
2022-01-16 14:03:14,754 [org.apache.ratis.util.JvmPauseMonitor$$Lambda$422/111819772@15ba2384] INFO  util.JvmPauseMonitor (JvmPauseMonitor.java:run(109)) - JvmPauseMonitor-85ccfe40-d44a-4cce-8ecd-09036b5f4718: Stopped
2022-01-16 14:03:16,785 [Time-limited test] INFO  utils.BackgroundService (BackgroundService.java:shutdown(132)) - Shutting down service BlockDeletingService
2022-01-16 14:03:19,004 [EventQueue-StaleNodeForStaleNodeHandler] INFO  node.StaleNodeHandler (StaleNodeHandler.java:onMessage(58)) - Datanode 85ccfe40-d44a-4cce-8ecd-09036b5f4718{ip: 10.1.0.30, host: fv-az395-972.zfmzfyrfkyou3ow0tsr0jxwq1e.bx.internal.cloudapp.net, ports: [REPLICATION=34499, RATIS=34255, RATIS_ADMIN=34255, RATIS_SERVER=34255, STANDALONE=39217], networkLocation: /default-rack, certSerialId: null, persistedOpState: IN_SERVICE, persistedOpStateExpiryEpochSec: 0} moved to stale state. Finalizing its pipelines [PipelineID=be905a27-b916-4d7a-bd51-4a2a27f3db13, PipelineID=9c905727-da9c-4a87-af90-433b9464ffb6, PipelineID=3b69853e-f861-4edc-81f4-0ef4a21083b5]
2022-01-16 14:03:19,022 [EventQueue-StaleNodeForStaleNodeHandler] INFO  ha.SCMHAInvocationHandler (SCMHAInvocationHandler.java:invokeRatis(113)) - Invoking method public abstract void org.apache.hadoop.hdds.scm.container.ContainerStateManager.updateContainerState(org.apache.hadoop.hdds.protocol.proto.HddsProtos$ContainerID,org.apache.hadoop.hdds.protocol.proto.HddsProtos$LifeCycleEvent) throws java.io.IOException,org.apache.hadoop.ozone.common.statemachine.InvalidStateTransitionException on target org.apache.hadoop.hdds.scm.ha.SCMRatisServerImpl@d2127c6, cost 17648.624us
2022-01-16 14:03:19,023 [EventQueue-CloseContainerForCloseContainerEventHandler] INFO  container.CloseContainerEventHandler (CloseContainerEventHandler.java:onMessage(69)) - Close container Event triggered for container : #4
2022-01-16 14:03:19,024 [EventQueue-StaleNodeForStaleNodeHandler] INFO  pipeline.PipelineManagerImpl (PipelineManagerImpl.java:closeContainersForPipeline(344)) - Container #4 closed for pipeline=PipelineID=9c905727-da9c-4a87-af90-433b9464ffb6
2022-01-16 14:03:19,029 [EventQueue-StaleNodeForStaleNodeHandler] INFO  ha.SCMHAInvocationHandler (SCMHAInvocationHandler.java:invokeRatis(113)) - Invoking method public abstract void org.apache.hadoop.hdds.scm.pipeline.PipelineStateManager.updatePipelineState(org.apache.hadoop.hdds.protocol.proto.HddsProtos$PipelineID,org.apache.hadoop.hdds.protocol.proto.HddsProtos$PipelineState) throws java.io.IOException on target org.apache.hadoop.hdds.scm.ha.SCMRatisServerImpl@d2127c6, cost 1564.235us
2022-01-16 14:03:19,029 [EventQueue-StaleNodeForStaleNodeHandler] INFO  pipeline.PipelineManagerImpl (PipelineManagerImpl.java:closePipeline(365)) - Pipeline Pipeline[ Id: 9c905727-da9c-4a87-af90-433b9464ffb6, Nodes: 85ccfe40-d44a-4cce-8ecd-09036b5f4718{ip: 10.1.0.30, host: fv-az395-972.zfmzfyrfkyou3ow0tsr0jxwq1e.bx.internal.cloudapp.net, ports: [REPLICATION=34499, RATIS=34255, RATIS_ADMIN=34255, RATIS_SERVER=34255, STANDALONE=39217], networkLocation: /default-rack, certSerialId: null, persistedOpState: IN_SERVICE, persistedOpStateExpiryEpochSec: 0}, ReplicationConfig: RATIS/ONE, State:OPEN, leaderId:85ccfe40-d44a-4cce-8ecd-09036b5f4718, CreationTimestamp2022-01-16T14:02:15.486Z[Etc/UTC]] moved to CLOSED state
2022-01-16 14:03:19,030 [EventQueue-StaleNodeForStaleNodeHandler] INFO  ha.SCMHAInvocationHandler (SCMHAInvocationHandler.java:invokeRatis(113)) - Invoking method public abstract void org.apache.hadoop.hdds.scm.container.ContainerStateManager.updateContainerState(org.apache.hadoop.hdds.protocol.proto.HddsProtos$ContainerID,org.apache.hadoop.hdds.protocol.proto.HddsProtos$LifeCycleEvent) throws java.io.IOException,org.apache.hadoop.ozone.common.statemachine.InvalidStateTransitionException on target org.apache.hadoop.hdds.scm.ha.SCMRatisServerImpl@d2127c6, cost 864.074us
2022-01-16 14:03:19,030 [EventQueue-CloseContainerForCloseContainerEventHandler] INFO  container.CloseContainerEventHandler (CloseContainerEventHandler.java:onMessage(69)) - Close container Event triggered for container : #1
2022-01-16 14:03:19,034 [EventQueue-StaleNodeForStaleNodeHandler] INFO  pipeline.PipelineManagerImpl (PipelineManagerImpl.java:closeContainersForPipeline(344)) - Container #1 closed for pipeline=PipelineID=3b69853e-f861-4edc-81f4-0ef4a21083b5
2022-01-16 14:03:19,037 [EventQueue-StaleNodeForStaleNodeHandler] INFO  ha.SCMHAInvocationHandler (SCMHAInvocationHandler.java:invokeRatis(113)) - Invoking method public abstract void org.apache.hadoop.hdds.scm.pipeline.PipelineStateManager.updatePipelineState(org.apache.hadoop.hdds.protocol.proto.HddsProtos$PipelineID,org.apache.hadoop.hdds.protocol.proto.HddsProtos$PipelineState) throws java.io.IOException on target org.apache.hadoop.hdds.scm.ha.SCMRatisServerImpl@d2127c6, cost 3835.932us
2022-01-16 14:03:19,038 [EventQueue-StaleNodeForStaleNodeHandler] INFO  pipeline.PipelineManagerImpl (PipelineManagerImpl.java:closePipeline(365)) - Pipeline Pipeline[ Id: 3b69853e-f861-4edc-81f4-0ef4a21083b5, Nodes: 85ccfe40-d44a-4cce-8ecd-09036b5f4718{ip: 10.1.0.30, host: fv-az395-972.zfmzfyrfkyou3ow0tsr0jxwq1e.bx.internal.cloudapp.net, ports: [REPLICATION=34499, RATIS=34255, RATIS_ADMIN=34255, RATIS_SERVER=34255, STANDALONE=39217], networkLocation: /default-rack, certSerialId: null, persistedOpState: IN_SERVICE, persistedOpStateExpiryEpochSec: 0}, ReplicationConfig: STANDALONE/ONE, State:OPEN, leaderId:, CreationTimestamp2022-01-16T14:02:29.344Z[Etc/UTC]] moved to CLOSED state
2022-01-16 14:03:19,794 [Time-limited test] INFO  statemachine.DatanodeStateMachine (DatanodeStateMachine.java:stopDaemon(529)) - Ozone container server stopped.
2022-01-16 14:03:19,803 [Time-limited test] INFO  handler.ContextHandler (ContextHandler.java:doStop(1153)) - Stopped o.e.j.w.WebAppContext@250cbcb9{hddsDatanode,/,null,STOPPED}{jar:file:/home/runner/.m2/repository/org/apache/ozone/hdds-container-service/1.3.0-SNAPSHOT/hdds-container-service-1.3.0-SNAPSHOT.jar!/webapps/hddsDatanode}
2022-01-16 14:03:19,803 [Time-limited test] INFO  server.AbstractConnector (AbstractConnector.java:doStop(381)) - Stopped ServerConnector@2676ac68{HTTP/1.1, (http/1.1)}{0.0.0.0:0}
2022-01-16 14:03:19,803 [Time-limited test] INFO  server.session (HouseKeeper.java:stopScavenging(149)) - node0 Stopped scavenging
2022-01-16 14:03:19,804 [Time-limited test] INFO  handler.ContextHandler (ContextHandler.java:doStop(1153)) - Stopped o.e.j.s.ServletContextHandler@5e231326{static,/static,jar:file:/home/runner/.m2/repository/org/apache/ozone/hdds-container-service/1.3.0-SNAPSHOT/hdds-container-service-1.3.0-SNAPSHOT.jar!/webapps/static,STOPPED}
2022-01-16 14:03:19,805 [Time-limited test] INFO  handler.ContextHandler (ContextHandler.java:doStop(1153)) - Stopped o.e.j.s.ServletContextHandler@10c8abf0{logs,/logs,file:///home/runner/work/ozone/ozone/hadoop-ozone/integration-test/target/log,STOPPED}
2022-01-16 14:03:19,808 [Time-limited test] INFO  ozone.MiniOzoneClusterImpl (MiniOzoneClusterImpl.java:lambda$waitForHddsDatanodesStop$3(373)) - Waiting on 1 datanodes out of 2 to be marked unhealthy.
2022-01-16 14:03:20,817 [Time-limited test] INFO  ozone.MiniOzoneClusterImpl (MiniOzoneClusterImpl.java:lambda$waitForHddsDatanodesStop$3(373)) - Waiting on 1 datanodes out of 2 to be marked unhealthy.
2022-01-16 14:03:21,817 [Time-limited test] INFO  ozone.MiniOzoneClusterImpl (MiniOzoneClusterImpl.java:lambda$waitForHddsDatanodesStop$3(373)) - Waiting on 1 datanodes out of 2 to be marked unhealthy.
2022-01-16 14:03:22,818 [Time-limited test] INFO  ozone.MiniOzoneClusterImpl (MiniOzoneClusterImpl.java:lambda$waitForHddsDatanodesStop$3(373)) - Waiting on 1 datanodes out of 2 to be marked unhealthy.
2022-01-16 14:03:23,818 [Time-limited test] INFO  ozone.MiniOzoneClusterImpl (MiniOzoneClusterImpl.java:lambda$waitForHddsDatanodesStop$3(373)) - Waiting on 1 datanodes out of 2 to be marked unhealthy.
2022-01-16 14:03:24,190 [fb2bbb8d-0a43-4468-9762-35835c6ecdd5@group-4A2A27F3DB13-FollowerState] INFO  impl.FollowerState (FollowerState.java:run(134)) - fb2bbb8d-0a43-4468-9762-35835c6ecdd5@group-4A2A27F3DB13-FollowerState: change to CANDIDATE, lastRpcElapsedTime:10140056912ns, electionTimeout:5132ms
2022-01-16 14:03:24,191 [fb2bbb8d-0a43-4468-9762-35835c6ecdd5@group-4A2A27F3DB13-FollowerState] INFO  impl.RoleInfo (RoleInfo.java:shutdownFollowerState(108)) - fb2bbb8d-0a43-4468-9762-35835c6ecdd5: shutdown fb2bbb8d-0a43-4468-9762-35835c6ecdd5@group-4A2A27F3DB13-FollowerState
2022-01-16 14:03:24,191 [fb2bbb8d-0a43-4468-9762-35835c6ecdd5@group-4A2A27F3DB13-FollowerState] INFO  server.RaftServer$Division (RaftServerImpl.java:setRole(290)) - fb2bbb8d-0a43-4468-9762-35835c6ecdd5@group-4A2A27F3DB13: changes role from  FOLLOWER to CANDIDATE at term 1 for changeToCandidate
2022-01-16 14:03:24,191 [fb2bbb8d-0a43-4468-9762-35835c6ecdd5@group-4A2A27F3DB13-FollowerState] INFO  server.RaftServerConfigKeys (ConfUtils.java:logGet(44)) - raft.server.leaderelection.pre-vote = false (custom)
2022-01-16 14:03:24,191 [fb2bbb8d-0a43-4468-9762-35835c6ecdd5@group-4A2A27F3DB13-FollowerState] INFO  impl.RoleInfo (RoleInfo.java:updateAndGet(130)) - fb2bbb8d-0a43-4468-9762-35835c6ecdd5: start fb2bbb8d-0a43-4468-9762-35835c6ecdd5@group-4A2A27F3DB13-LeaderElection18
2022-01-16 14:03:24,215 [fb2bbb8d-0a43-4468-9762-35835c6ecdd5@group-4A2A27F3DB13-LeaderElection18] INFO  server.RaftServer$Division (ServerState.java:setLeader(285)) - fb2bbb8d-0a43-4468-9762-35835c6ecdd5@group-4A2A27F3DB13: change Leader from 85ccfe40-d44a-4cce-8ecd-09036b5f4718 to null at term 1 for ELECTION
2022-01-16 14:03:24,217 [fb2bbb8d-0a43-4468-9762-35835c6ecdd5@group-4A2A27F3DB13-LeaderElection18] INFO  impl.LeaderElection (LeaderElection.java:askForVotes(306)) - fb2bbb8d-0a43-4468-9762-35835c6ecdd5@group-4A2A27F3DB13-LeaderElection18 ELECTION round 0: submit vote requests at term 2 for 0: [6bfb9779-376e-41d0-a4a3-df540c6cb1bb|rpc:10.1.0.30:35687|dataStream:|priority:0, fb2bbb8d-0a43-4468-9762-35835c6ecdd5|rpc:10.1.0.30:42593|dataStream:|priority:0, 85ccfe40-d44a-4cce-8ecd-09036b5f4718|rpc:10.1.0.30:34255|dataStream:|priority:1], old=null
2022-01-16 14:03:24,244 [fb2bbb8d-0a43-4468-9762-35835c6ecdd5@group-4A2A27F3DB13-LeaderElection18] INFO  impl.LeaderElection (LogUtils.java:infoOrTrace(137)) - fb2bbb8d-0a43-4468-9762-35835c6ecdd5@group-4A2A27F3DB13-LeaderElection18 got exception when requesting votes: java.util.concurrent.ExecutionException: org.apache.ratis.thirdparty.io.grpc.StatusRuntimeException: UNAVAILABLE: io exception
2022-01-16 14:03:24,247 [fb2bbb8d-0a43-4468-9762-35835c6ecdd5@group-4A2A27F3DB13-LeaderElection18] INFO  impl.LeaderElection (LogUtils.java:infoOrTrace(137)) - fb2bbb8d-0a43-4468-9762-35835c6ecdd5@group-4A2A27F3DB13-LeaderElection18 got exception when requesting votes: java.util.concurrent.ExecutionException: org.apache.ratis.thirdparty.io.grpc.StatusRuntimeException: UNAVAILABLE: io exception
2022-01-16 14:03:24,247 [fb2bbb8d-0a43-4468-9762-35835c6ecdd5@group-4A2A27F3DB13-LeaderElection18] INFO  impl.LeaderElection (LeaderElection.java:logAndReturn(89)) - fb2bbb8d-0a43-4468-9762-35835c6ecdd5@group-4A2A27F3DB13-LeaderElection18: ELECTION REJECTED received 0 response(s) and 2 exception(s):
2022-01-16 14:03:24,247 [fb2bbb8d-0a43-4468-9762-35835c6ecdd5@group-4A2A27F3DB13-LeaderElection18] INFO  impl.LeaderElection (LogUtils.java:infoOrTrace(137)) -   Exception 0: java.util.concurrent.ExecutionException: org.apache.ratis.thirdparty.io.grpc.StatusRuntimeException: UNAVAILABLE: io exception
2022-01-16 14:03:24,247 [fb2bbb8d-0a43-4468-9762-35835c6ecdd5@group-4A2A27F3DB13-LeaderElection18] INFO  impl.LeaderElection (LogUtils.java:infoOrTrace(137)) -   Exception 1: java.util.concurrent.ExecutionException: org.apache.ratis.thirdparty.io.grpc.StatusRuntimeException: UNAVAILABLE: io exception
2022-01-16 14:03:24,247 [fb2bbb8d-0a43-4468-9762-35835c6ecdd5@group-4A2A27F3DB13-LeaderElection18] INFO  impl.LeaderElection (LeaderElection.java:askForVotes(308)) - fb2bbb8d-0a43-4468-9762-35835c6ecdd5@group-4A2A27F3DB13-LeaderElection18 ELECTION round 0: result REJECTED
2022-01-16 14:03:24,247 [fb2bbb8d-0a43-4468-9762-35835c6ecdd5@group-4A2A27F3DB13-LeaderElection18] INFO  server.RaftServer$Division (RaftServerImpl.java:setRole(290)) - fb2bbb8d-0a43-4468-9762-35835c6ecdd5@group-4A2A27F3DB13: changes role from CANDIDATE to FOLLOWER at term 2 for REJECTED
2022-01-16 14:03:24,247 [fb2bbb8d-0a43-4468-9762-35835c6ecdd5@group-4A2A27F3DB13-LeaderElection18] INFO  impl.RoleInfo (RoleInfo.java:shutdownLeaderElection(121)) - fb2bbb8d-0a43-4468-9762-35835c6ecdd5: shutdown fb2bbb8d-0a43-4468-9762-35835c6ecdd5@group-4A2A27F3DB13-LeaderElection18
2022-01-16 14:03:24,247 [fb2bbb8d-0a43-4468-9762-35835c6ecdd5@group-4A2A27F3DB13-LeaderElection18] INFO  impl.RoleInfo (RoleInfo.java:updateAndGet(130)) - fb2bbb8d-0a43-4468-9762-35835c6ecdd5: start fb2bbb8d-0a43-4468-9762-35835c6ecdd5@group-4A2A27F3DB13-FollowerState
2022-01-16 14:03:24,818 [Time-limited test] INFO  ozone.MiniOzoneClusterImpl (MiniOzoneClusterImpl.java:lambda$waitForHddsDatanodesStop$3(373)) - Waiting on 1 datanodes out of 2 to be marked unhealthy.
2022-01-16 14:03:25,819 [Time-limited test] INFO  ozone.MiniOzoneClusterImpl (MiniOzoneClusterImpl.java:lambda$waitForHddsDatanodesStop$3(373)) - Waiting on 1 datanodes out of 2 to be marked unhealthy.
2022-01-16 14:03:26,819 [Time-limited test] INFO  ozone.MiniOzoneClusterImpl (MiniOzoneClusterImpl.java:lambda$waitForHddsDatanodesStop$3(373)) - Waiting on 1 datanodes out of 2 to be marked unhealthy.
2022-01-16 14:03:27,819 [Time-limited test] INFO  ozone.MiniOzoneClusterImpl (MiniOzoneClusterImpl.java:lambda$waitForHddsDatanodesStop$3(373)) - Waiting on 1 datanodes out of 2 to be marked unhealthy.
2022-01-16 14:03:28,820 [Time-limited test] INFO  ozone.MiniOzoneClusterImpl (MiniOzoneClusterImpl.java:lambda$waitForHddsDatanodesStop$3(373)) - Waiting on 1 datanodes out of 2 to be marked unhealthy.
2022-01-16 14:03:29,417 [fb2bbb8d-0a43-4468-9762-35835c6ecdd5@group-4A2A27F3DB13-FollowerState] INFO  impl.FollowerState (FollowerState.java:run(134)) - fb2bbb8d-0a43-4468-9762-35835c6ecdd5@group-4A2A27F3DB13-FollowerState: change to CANDIDATE, lastRpcElapsedTime:5169839570ns, electionTimeout:5158ms
2022-01-16 14:03:29,417 [fb2bbb8d-0a43-4468-9762-35835c6ecdd5@group-4A2A27F3DB13-FollowerState] INFO  impl.RoleInfo (RoleInfo.java:shutdownFollowerState(108)) - fb2bbb8d-0a43-4468-9762-35835c6ecdd5: shutdown fb2bbb8d-0a43-4468-9762-35835c6ecdd5@group-4A2A27F3DB13-FollowerState
2022-01-16 14:03:29,417 [fb2bbb8d-0a43-4468-9762-35835c6ecdd5@group-4A2A27F3DB13-FollowerState] INFO  server.RaftServer$Division (RaftServerImpl.java:setRole(290)) - fb2bbb8d-0a43-4468-9762-35835c6ecdd5@group-4A2A27F3DB13: changes role from  FOLLOWER to CANDIDATE at term 2 for changeToCandidate
2022-01-16 14:03:29,418 [fb2bbb8d-0a43-4468-9762-35835c6ecdd5@group-4A2A27F3DB13-FollowerState] INFO  server.RaftServerConfigKeys (ConfUtils.java:logGet(44)) - raft.server.leaderelection.pre-vote = false (custom)
2022-01-16 14:03:29,418 [fb2bbb8d-0a43-4468-9762-35835c6ecdd5@group-4A2A27F3DB13-FollowerState] INFO  impl.RoleInfo (RoleInfo.java:updateAndGet(130)) - fb2bbb8d-0a43-4468-9762-35835c6ecdd5: start fb2bbb8d-0a43-4468-9762-35835c6ecdd5@group-4A2A27F3DB13-LeaderElection19
2022-01-16 14:03:29,427 [fb2bbb8d-0a43-4468-9762-35835c6ecdd5@group-4A2A27F3DB13-LeaderElection19] INFO  impl.LeaderElection (LeaderElection.java:askForVotes(306)) - fb2bbb8d-0a43-4468-9762-35835c6ecdd5@group-4A2A27F3DB13-LeaderElection19 ELECTION round 0: submit vote requests at term 3 for 0: [6bfb9779-376e-41d0-a4a3-df540c6cb1bb|rpc:10.1.0.30:35687|dataStream:|priority:0, fb2bbb8d-0a43-4468-9762-35835c6ecdd5|rpc:10.1.0.30:42593|dataStream:|priority:0, 85ccfe40-d44a-4cce-8ecd-09036b5f4718|rpc:10.1.0.30:34255|dataStream:|priority:1], old=null
2022-01-16 14:03:29,433 [fb2bbb8d-0a43-4468-9762-35835c6ecdd5@group-4A2A27F3DB13-LeaderElection19] INFO  impl.LeaderElection (LogUtils.java:infoOrTrace(137)) - fb2bbb8d-0a43-4468-9762-35835c6ecdd5@group-4A2A27F3DB13-LeaderElection19 got exception when requesting votes: java.util.concurrent.ExecutionException: org.apache.ratis.thirdparty.io.grpc.StatusRuntimeException: UNAVAILABLE: io exception
2022-01-16 14:03:29,434 [fb2bbb8d-0a43-4468-9762-35835c6ecdd5@group-4A2A27F3DB13-LeaderElection19] INFO  impl.LeaderElection (LogUtils.java:infoOrTrace(137)) - fb2bbb8d-0a43-4468-9762-35835c6ecdd5@group-4A2A27F3DB13-LeaderElection19 got exception when requesting votes: java.util.concurrent.ExecutionException: org.apache.ratis.thirdparty.io.grpc.StatusRuntimeException: UNAVAILABLE: io exception
2022-01-16 14:03:29,434 [fb2bbb8d-0a43-4468-9762-35835c6ecdd5@group-4A2A27F3DB13-LeaderElection19] INFO  impl.LeaderElection (LeaderElection.java:logAndReturn(89)) - fb2bbb8d-0a43-4468-9762-35835c6ecdd5@group-4A2A27F3DB13-LeaderElection19: ELECTION REJECTED received 0 response(s) and 2 exception(s):
2022-01-16 14:03:29,434 [fb2bbb8d-0a43-4468-9762-35835c6ecdd5@group-4A2A27F3DB13-LeaderElection19] INFO  impl.LeaderElection (LogUtils.java:infoOrTrace(137)) -   Exception 0: java.util.concurrent.ExecutionException: org.apache.ratis.thirdparty.io.grpc.StatusRuntimeException: UNAVAILABLE: io exception
2022-01-16 14:03:29,434 [fb2bbb8d-0a43-4468-9762-35835c6ecdd5@group-4A2A27F3DB13-LeaderElection19] INFO  impl.LeaderElection (LogUtils.java:infoOrTrace(137)) -   Exception 1: java.util.concurrent.ExecutionException: org.apache.ratis.thirdparty.io.grpc.StatusRuntimeException: UNAVAILABLE: io exception
2022-01-16 14:03:29,434 [fb2bbb8d-0a43-4468-9762-35835c6ecdd5@group-4A2A27F3DB13-LeaderElection19] INFO  impl.LeaderElection (LeaderElection.java:askForVotes(308)) - fb2bbb8d-0a43-4468-9762-35835c6ecdd5@group-4A2A27F3DB13-LeaderElection19 ELECTION round 0: result REJECTED
2022-01-16 14:03:29,434 [fb2bbb8d-0a43-4468-9762-35835c6ecdd5@group-4A2A27F3DB13-LeaderElection19] INFO  server.RaftServer$Division (RaftServerImpl.java:setRole(290)) - fb2bbb8d-0a43-4468-9762-35835c6ecdd5@group-4A2A27F3DB13: changes role from CANDIDATE to FOLLOWER at term 3 for REJECTED
2022-01-16 14:03:29,434 [fb2bbb8d-0a43-4468-9762-35835c6ecdd5@group-4A2A27F3DB13-LeaderElection19] INFO  impl.RoleInfo (RoleInfo.java:shutdownLeaderElection(121)) - fb2bbb8d-0a43-4468-9762-35835c6ecdd5: shutdown fb2bbb8d-0a43-4468-9762-35835c6ecdd5@group-4A2A27F3DB13-LeaderElection19
2022-01-16 14:03:29,434 [fb2bbb8d-0a43-4468-9762-35835c6ecdd5@group-4A2A27F3DB13-LeaderElection19] INFO  impl.RoleInfo (RoleInfo.java:updateAndGet(130)) - fb2bbb8d-0a43-4468-9762-35835c6ecdd5: start fb2bbb8d-0a43-4468-9762-35835c6ecdd5@group-4A2A27F3DB13-FollowerState
2022-01-16 14:03:29,820 [Time-limited test] INFO  ozone.MiniOzoneClusterImpl (MiniOzoneClusterImpl.java:lambda$waitForHddsDatanodesStop$3(373)) - Waiting on 1 datanodes out of 2 to be marked unhealthy.
2022-01-16 14:03:30,820 [Time-limited test] INFO  ozone.MiniOzoneClusterImpl (MiniOzoneClusterImpl.java:lambda$waitForHddsDatanodesStop$3(373)) - Waiting on 1 datanodes out of 2 to be marked unhealthy.
2022-01-16 14:03:31,821 [Time-limited test] INFO  ozone.MiniOzoneClusterImpl (MiniOzoneClusterImpl.java:lambda$waitForHddsDatanodesStop$3(373)) - Waiting on 1 datanodes out of 2 to be marked unhealthy.
2022-01-16 14:03:32,821 [Time-limited test] INFO  ozone.MiniOzoneClusterImpl (MiniOzoneClusterImpl.java:lambda$waitForHddsDatanodesStop$3(373)) - Waiting on 1 datanodes out of 2 to be marked unhealthy.
2022-01-16 14:03:33,822 [Time-limited test] INFO  ozone.MiniOzoneClusterImpl (MiniOzoneClusterImpl.java:lambda$waitForHddsDatanodesStop$3(373)) - Waiting on 1 datanodes out of 2 to be marked unhealthy.
2022-01-16 14:03:34,585 [fb2bbb8d-0a43-4468-9762-35835c6ecdd5@group-4A2A27F3DB13-FollowerState] INFO  impl.FollowerState (FollowerState.java:run(134)) - fb2bbb8d-0a43-4468-9762-35835c6ecdd5@group-4A2A27F3DB13-FollowerState: change to CANDIDATE, lastRpcElapsedTime:5150678857ns, electionTimeout:5135ms
2022-01-16 14:03:34,585 [fb2bbb8d-0a43-4468-9762-35835c6ecdd5@group-4A2A27F3DB13-FollowerState] INFO  impl.RoleInfo (RoleInfo.java:shutdownFollowerState(108)) - fb2bbb8d-0a43-4468-9762-35835c6ecdd5: shutdown fb2bbb8d-0a43-4468-9762-35835c6ecdd5@group-4A2A27F3DB13-FollowerState
2022-01-16 14:03:34,585 [fb2bbb8d-0a43-4468-9762-35835c6ecdd5@group-4A2A27F3DB13-FollowerState] INFO  server.RaftServer$Division (RaftServerImpl.java:setRole(290)) - fb2bbb8d-0a43-4468-9762-35835c6ecdd5@group-4A2A27F3DB13: changes role from  FOLLOWER to CANDIDATE at term 3 for changeToCandidate
2022-01-16 14:03:34,585 [fb2bbb8d-0a43-4468-9762-35835c6ecdd5@group-4A2A27F3DB13-FollowerState] INFO  server.RaftServerConfigKeys (ConfUtils.java:logGet(44)) - raft.server.leaderelection.pre-vote = false (custom)
2022-01-16 14:03:34,585 [fb2bbb8d-0a43-4468-9762-35835c6ecdd5@group-4A2A27F3DB13-FollowerState] INFO  impl.RoleInfo (RoleInfo.java:updateAndGet(130)) - fb2bbb8d-0a43-4468-9762-35835c6ecdd5: start fb2bbb8d-0a43-4468-9762-35835c6ecdd5@group-4A2A27F3DB13-LeaderElection20
2022-01-16 14:03:34,604 [fb2bbb8d-0a43-4468-9762-35835c6ecdd5@group-4A2A27F3DB13-LeaderElection20] INFO  impl.LeaderElection (LeaderElection.java:askForVotes(306)) - fb2bbb8d-0a43-4468-9762-35835c6ecdd5@group-4A2A27F3DB13-LeaderElection20 ELECTION round 0: submit vote requests at term 4 for 0: [6bfb9779-376e-41d0-a4a3-df540c6cb1bb|rpc:10.1.0.30:35687|dataStream:|priority:0, fb2bbb8d-0a43-4468-9762-35835c6ecdd5|rpc:10.1.0.30:42593|dataStream:|priority:0, 85ccfe40-d44a-4cce-8ecd-09036b5f4718|rpc:10.1.0.30:34255|dataStream:|priority:1], old=null
2022-01-16 14:03:34,614 [fb2bbb8d-0a43-4468-9762-35835c6ecdd5@group-4A2A27F3DB13-LeaderElection20] INFO  impl.LeaderElection (LogUtils.java:infoOrTrace(137)) - fb2bbb8d-0a43-4468-9762-35835c6ecdd5@group-4A2A27F3DB13-LeaderElection20 got exception when requesting votes: java.util.concurrent.ExecutionException: org.apache.ratis.thirdparty.io.grpc.StatusRuntimeException: UNAVAILABLE: io exception
2022-01-16 14:03:34,614 [fb2bbb8d-0a43-4468-9762-35835c6ecdd5@group-4A2A27F3DB13-LeaderElection20] INFO  impl.LeaderElection (LogUtils.java:infoOrTrace(137)) - fb2bbb8d-0a43-4468-9762-35835c6ecdd5@group-4A2A27F3DB13-LeaderElection20 got exception when requesting votes: java.util.concurrent.ExecutionException: org.apache.ratis.thirdparty.io.grpc.StatusRuntimeException: UNAVAILABLE: io exception
2022-01-16 14:03:34,614 [fb2bbb8d-0a43-4468-9762-35835c6ecdd5@group-4A2A27F3DB13-LeaderElection20] INFO  impl.LeaderElection (LeaderElection.java:logAndReturn(89)) - fb2bbb8d-0a43-4468-9762-35835c6ecdd5@group-4A2A27F3DB13-LeaderElection20: ELECTION REJECTED received 0 response(s) and 2 exception(s):
2022-01-16 14:03:34,614 [fb2bbb8d-0a43-4468-9762-35835c6ecdd5@group-4A2A27F3DB13-LeaderElection20] INFO  impl.LeaderElection (LogUtils.java:infoOrTrace(137)) -   Exception 0: java.util.concurrent.ExecutionException: org.apache.ratis.thirdparty.io.grpc.StatusRuntimeException: UNAVAILABLE: io exception
2022-01-16 14:03:34,614 [fb2bbb8d-0a43-4468-9762-35835c6ecdd5@group-4A2A27F3DB13-LeaderElection20] INFO  impl.LeaderElection (LogUtils.java:infoOrTrace(137)) -   Exception 1: java.util.concurrent.ExecutionException: org.apache.ratis.thirdparty.io.grpc.StatusRuntimeException: UNAVAILABLE: io exception
2022-01-16 14:03:34,615 [fb2bbb8d-0a43-4468-9762-35835c6ecdd5@group-4A2A27F3DB13-LeaderElection20] INFO  impl.LeaderElection (LeaderElection.java:askForVotes(308)) - fb2bbb8d-0a43-4468-9762-35835c6ecdd5@group-4A2A27F3DB13-LeaderElection20 ELECTION round 0: result REJECTED
2022-01-16 14:03:34,615 [fb2bbb8d-0a43-4468-9762-35835c6ecdd5@group-4A2A27F3DB13-LeaderElection20] INFO  server.RaftServer$Division (RaftServerImpl.java:setRole(290)) - fb2bbb8d-0a43-4468-9762-35835c6ecdd5@group-4A2A27F3DB13: changes role from CANDIDATE to FOLLOWER at term 4 for REJECTED
2022-01-16 14:03:34,615 [fb2bbb8d-0a43-4468-9762-35835c6ecdd5@group-4A2A27F3DB13-LeaderElection20] INFO  impl.RoleInfo (RoleInfo.java:shutdownLeaderElection(121)) - fb2bbb8d-0a43-4468-9762-35835c6ecdd5: shutdown fb2bbb8d-0a43-4468-9762-35835c6ecdd5@group-4A2A27F3DB13-LeaderElection20
2022-01-16 14:03:34,615 [fb2bbb8d-0a43-4468-9762-35835c6ecdd5@group-4A2A27F3DB13-LeaderElection20] INFO  impl.RoleInfo (RoleInfo.java:updateAndGet(130)) - fb2bbb8d-0a43-4468-9762-35835c6ecdd5: start fb2bbb8d-0a43-4468-9762-35835c6ecdd5@group-4A2A27F3DB13-FollowerState
2022-01-16 14:03:34,822 [Time-limited test] INFO  ozone.MiniOzoneClusterImpl (MiniOzoneClusterImpl.java:lambda$waitForHddsDatanodesStop$3(373)) - Waiting on 1 datanodes out of 2 to be marked unhealthy.
2022-01-16 14:03:35,822 [Time-limited test] INFO  ozone.MiniOzoneClusterImpl (MiniOzoneClusterImpl.java:lambda$waitForHddsDatanodesStop$3(373)) - Waiting on 1 datanodes out of 2 to be marked unhealthy.
2022-01-16 14:03:36,823 [Time-limited test] INFO  ozone.MiniOzoneClusterImpl (MiniOzoneClusterImpl.java:lambda$waitForHddsDatanodesStop$3(373)) - Waiting on 1 datanodes out of 2 to be marked unhealthy.
2022-01-16 14:03:37,823 [Time-limited test] INFO  ozone.MiniOzoneClusterImpl (MiniOzoneClusterImpl.java:lambda$waitForHddsDatanodesStop$3(373)) - Waiting on 1 datanodes out of 2 to be marked unhealthy.
2022-01-16 14:03:38,823 [Time-limited test] INFO  ozone.MiniOzoneClusterImpl (MiniOzoneClusterImpl.java:lambda$waitForHddsDatanodesStop$3(373)) - Waiting on 1 datanodes out of 2 to be marked unhealthy.
2022-01-16 14:03:39,806 [fb2bbb8d-0a43-4468-9762-35835c6ecdd5@group-4A2A27F3DB13-FollowerState] INFO  impl.FollowerState (FollowerState.java:run(134)) - fb2bbb8d-0a43-4468-9762-35835c6ecdd5@group-4A2A27F3DB13-FollowerState: change to CANDIDATE, lastRpcElapsedTime:5191015960ns, electionTimeout:5184ms
2022-01-16 14:03:39,806 [fb2bbb8d-0a43-4468-9762-35835c6ecdd5@group-4A2A27F3DB13-FollowerState] INFO  impl.RoleInfo (RoleInfo.java:shutdownFollowerState(108)) - fb2bbb8d-0a43-4468-9762-35835c6ecdd5: shutdown fb2bbb8d-0a43-4468-9762-35835c6ecdd5@group-4A2A27F3DB13-FollowerState
2022-01-16 14:03:39,806 [fb2bbb8d-0a43-4468-9762-35835c6ecdd5@group-4A2A27F3DB13-FollowerState] INFO  server.RaftServer$Division (RaftServerImpl.java:setRole(290)) - fb2bbb8d-0a43-4468-9762-35835c6ecdd5@group-4A2A27F3DB13: changes role from  FOLLOWER to CANDIDATE at term 4 for changeToCandidate
2022-01-16 14:03:39,806 [fb2bbb8d-0a43-4468-9762-35835c6ecdd5@group-4A2A27F3DB13-FollowerState] INFO  server.RaftServerConfigKeys (ConfUtils.java:logGet(44)) - raft.server.leaderelection.pre-vote = false (custom)
2022-01-16 14:03:39,806 [fb2bbb8d-0a43-4468-9762-35835c6ecdd5@group-4A2A27F3DB13-FollowerState] INFO  impl.RoleInfo (RoleInfo.java:updateAndGet(130)) - fb2bbb8d-0a43-4468-9762-35835c6ecdd5: start fb2bbb8d-0a43-4468-9762-35835c6ecdd5@group-4A2A27F3DB13-LeaderElection21
2022-01-16 14:03:39,824 [Time-limited test] INFO  ozone.MiniOzoneClusterImpl (MiniOzoneClusterImpl.java:lambda$waitForHddsDatanodesStop$3(373)) - Waiting on 1 datanodes out of 2 to be marked unhealthy.
2022-01-16 14:03:39,826 [fb2bbb8d-0a43-4468-9762-35835c6ecdd5@group-4A2A27F3DB13-LeaderElection21] INFO  impl.LeaderElection (LeaderElection.java:askForVotes(306)) - fb2bbb8d-0a43-4468-9762-35835c6ecdd5@group-4A2A27F3DB13-LeaderElection21 ELECTION round 0: submit vote requests at term 5 for 0: [6bfb9779-376e-41d0-a4a3-df540c6cb1bb|rpc:10.1.0.30:35687|dataStream:|priority:0, fb2bbb8d-0a43-4468-9762-35835c6ecdd5|rpc:10.1.0.30:42593|dataStream:|priority:0, 85ccfe40-d44a-4cce-8ecd-09036b5f4718|rpc:10.1.0.30:34255|dataStream:|priority:1], old=null
2022-01-16 14:03:39,831 [fb2bbb8d-0a43-4468-9762-35835c6ecdd5@group-4A2A27F3DB13-LeaderElection21] INFO  impl.LeaderElection (LogUtils.java:infoOrTrace(137)) - fb2bbb8d-0a43-4468-9762-35835c6ecdd5@group-4A2A27F3DB13-LeaderElection21 got exception when requesting votes: java.util.concurrent.ExecutionException: org.apache.ratis.thirdparty.io.grpc.StatusRuntimeException: UNAVAILABLE: io exception
2022-01-16 14:03:39,831 [fb2bbb8d-0a43-4468-9762-35835c6ecdd5@group-4A2A27F3DB13-LeaderElection21] INFO  impl.LeaderElection (LogUtils.java:infoOrTrace(137)) - fb2bbb8d-0a43-4468-9762-35835c6ecdd5@group-4A2A27F3DB13-LeaderElection21 got exception when requesting votes: java.util.concurrent.ExecutionException: org.apache.ratis.thirdparty.io.grpc.StatusRuntimeException: UNAVAILABLE: io exception
2022-01-16 14:03:39,832 [fb2bbb8d-0a43-4468-9762-35835c6ecdd5@group-4A2A27F3DB13-LeaderElection21] INFO  impl.LeaderElection (LeaderElection.java:logAndReturn(89)) - fb2bbb8d-0a43-4468-9762-35835c6ecdd5@group-4A2A27F3DB13-LeaderElection21: ELECTION REJECTED received 0 response(s) and 2 exception(s):
2022-01-16 14:03:39,832 [fb2bbb8d-0a43-4468-9762-35835c6ecdd5@group-4A2A27F3DB13-LeaderElection21] INFO  impl.LeaderElection (LogUtils.java:infoOrTrace(137)) -   Exception 0: java.util.concurrent.ExecutionException: org.apache.ratis.thirdparty.io.grpc.StatusRuntimeException: UNAVAILABLE: io exception
2022-01-16 14:03:39,832 [fb2bbb8d-0a43-4468-9762-35835c6ecdd5@group-4A2A27F3DB13-LeaderElection21] INFO  impl.LeaderElection (LogUtils.java:infoOrTrace(137)) -   Exception 1: java.util.concurrent.ExecutionException: org.apache.ratis.thirdparty.io.grpc.StatusRuntimeException: UNAVAILABLE: io exception
2022-01-16 14:03:39,832 [fb2bbb8d-0a43-4468-9762-35835c6ecdd5@group-4A2A27F3DB13-LeaderElection21] INFO  impl.LeaderElection (LeaderElection.java:askForVotes(308)) - fb2bbb8d-0a43-4468-9762-35835c6ecdd5@group-4A2A27F3DB13-LeaderElection21 ELECTION round 0: result REJECTED
2022-01-16 14:03:39,832 [fb2bbb8d-0a43-4468-9762-35835c6ecdd5@group-4A2A27F3DB13-LeaderElection21] INFO  server.RaftServer$Division (RaftServerImpl.java:setRole(290)) - fb2bbb8d-0a43-4468-9762-35835c6ecdd5@group-4A2A27F3DB13: changes role from CANDIDATE to FOLLOWER at term 5 for REJECTED
2022-01-16 14:03:39,832 [fb2bbb8d-0a43-4468-9762-35835c6ecdd5@group-4A2A27F3DB13-LeaderElection21] INFO  impl.RoleInfo (RoleInfo.java:shutdownLeaderElection(121)) - fb2bbb8d-0a43-4468-9762-35835c6ecdd5: shutdown fb2bbb8d-0a43-4468-9762-35835c6ecdd5@group-4A2A27F3DB13-LeaderElection21
2022-01-16 14:03:39,832 [fb2bbb8d-0a43-4468-9762-35835c6ecdd5@group-4A2A27F3DB13-LeaderElection21] INFO  impl.RoleInfo (RoleInfo.java:updateAndGet(130)) - fb2bbb8d-0a43-4468-9762-35835c6ecdd5: start fb2bbb8d-0a43-4468-9762-35835c6ecdd5@group-4A2A27F3DB13-FollowerState
2022-01-16 14:03:40,824 [Time-limited test] INFO  ozone.MiniOzoneClusterImpl (MiniOzoneClusterImpl.java:lambda$waitForHddsDatanodesStop$3(373)) - Waiting on 1 datanodes out of 2 to be marked unhealthy.
2022-01-16 14:03:41,824 [Time-limited test] INFO  ozone.MiniOzoneClusterImpl (MiniOzoneClusterImpl.java:lambda$waitForHddsDatanodesStop$3(373)) - Waiting on 1 datanodes out of 2 to be marked unhealthy.
2022-01-16 14:03:42,825 [Time-limited test] INFO  ozone.MiniOzoneClusterImpl (MiniOzoneClusterImpl.java:lambda$waitForHddsDatanodesStop$3(373)) - Waiting on 1 datanodes out of 2 to be marked unhealthy.
2022-01-16 14:03:43,825 [Time-limited test] INFO  ozone.MiniOzoneClusterImpl (MiniOzoneClusterImpl.java:lambda$waitForHddsDatanodesStop$3(373)) - Waiting on 1 datanodes out of 2 to be marked unhealthy.
2022-01-16 14:03:44,826 [Time-limited test] INFO  ozone.MiniOzoneClusterImpl (MiniOzoneClusterImpl.java:lambda$waitForHddsDatanodesStop$3(373)) - Waiting on 1 datanodes out of 2 to be marked unhealthy.
2022-01-16 14:03:44,921 [fb2bbb8d-0a43-4468-9762-35835c6ecdd5@group-4A2A27F3DB13-FollowerState] INFO  impl.FollowerState (FollowerState.java:run(134)) - fb2bbb8d-0a43-4468-9762-35835c6ecdd5@group-4A2A27F3DB13-FollowerState: change to CANDIDATE, lastRpcElapsedTime:5089334403ns, electionTimeout:5074ms
2022-01-16 14:03:44,921 [fb2bbb8d-0a43-4468-9762-35835c6ecdd5@group-4A2A27F3DB13-FollowerState] INFO  impl.RoleInfo (RoleInfo.java:shutdownFollowerState(108)) - fb2bbb8d-0a43-4468-9762-35835c6ecdd5: shutdown fb2bbb8d-0a43-4468-9762-35835c6ecdd5@group-4A2A27F3DB13-FollowerState
2022-01-16 14:03:44,921 [fb2bbb8d-0a43-4468-9762-35835c6ecdd5@group-4A2A27F3DB13-FollowerState] INFO  server.RaftServer$Division (RaftServerImpl.java:setRole(290)) - fb2bbb8d-0a43-4468-9762-35835c6ecdd5@group-4A2A27F3DB13: changes role from  FOLLOWER to CANDIDATE at term 5 for changeToCandidate
2022-01-16 14:03:44,922 [fb2bbb8d-0a43-4468-9762-35835c6ecdd5@group-4A2A27F3DB13-FollowerState] INFO  server.RaftServerConfigKeys (ConfUtils.java:logGet(44)) - raft.server.leaderelection.pre-vote = false (custom)
2022-01-16 14:03:44,922 [fb2bbb8d-0a43-4468-9762-35835c6ecdd5@group-4A2A27F3DB13-FollowerState] INFO  impl.RoleInfo (RoleInfo.java:updateAndGet(130)) - fb2bbb8d-0a43-4468-9762-35835c6ecdd5: start fb2bbb8d-0a43-4468-9762-35835c6ecdd5@group-4A2A27F3DB13-LeaderElection22
2022-01-16 14:03:44,943 [fb2bbb8d-0a43-4468-9762-35835c6ecdd5@group-4A2A27F3DB13-LeaderElection22] INFO  impl.LeaderElection (LeaderElection.java:askForVotes(306)) - fb2bbb8d-0a43-4468-9762-35835c6ecdd5@group-4A2A27F3DB13-LeaderElection22 ELECTION round 0: submit vote requests at term 6 for 0: [6bfb9779-376e-41d0-a4a3-df540c6cb1bb|rpc:10.1.0.30:35687|dataStream:|priority:0, fb2bbb8d-0a43-4468-9762-35835c6ecdd5|rpc:10.1.0.30:42593|dataStream:|priority:0, 85ccfe40-d44a-4cce-8ecd-09036b5f4718|rpc:10.1.0.30:34255|dataStream:|priority:1], old=null
2022-01-16 14:03:44,953 [fb2bbb8d-0a43-4468-9762-35835c6ecdd5@group-4A2A27F3DB13-LeaderElection22] INFO  impl.LeaderElection (LogUtils.java:infoOrTrace(137)) - fb2bbb8d-0a43-4468-9762-35835c6ecdd5@group-4A2A27F3DB13-LeaderElection22 got exception when requesting votes: java.util.concurrent.ExecutionException: org.apache.ratis.thirdparty.io.grpc.StatusRuntimeException: UNAVAILABLE: io exception
2022-01-16 14:03:44,953 [fb2bbb8d-0a43-4468-9762-35835c6ecdd5@group-4A2A27F3DB13-LeaderElection22] INFO  impl.LeaderElection (LogUtils.java:infoOrTrace(137)) - fb2bbb8d-0a43-4468-9762-35835c6ecdd5@group-4A2A27F3DB13-LeaderElection22 got exception when requesting votes: java.util.concurrent.ExecutionException: org.apache.ratis.thirdparty.io.grpc.StatusRuntimeException: UNAVAILABLE: io exception
2022-01-16 14:03:44,953 [fb2bbb8d-0a43-4468-9762-35835c6ecdd5@group-4A2A27F3DB13-LeaderElection22] INFO  impl.LeaderElection (LeaderElection.java:logAndReturn(89)) - fb2bbb8d-0a43-4468-9762-35835c6ecdd5@group-4A2A27F3DB13-LeaderElection22: ELECTION REJECTED received 0 response(s) and 2 exception(s):
2022-01-16 14:03:44,953 [fb2bbb8d-0a43-4468-9762-35835c6ecdd5@group-4A2A27F3DB13-LeaderElection22] INFO  impl.LeaderElection (LogUtils.java:infoOrTrace(137)) -   Exception 0: java.util.concurrent.ExecutionException: org.apache.ratis.thirdparty.io.grpc.StatusRuntimeException: UNAVAILABLE: io exception
2022-01-16 14:03:44,953 [fb2bbb8d-0a43-4468-9762-35835c6ecdd5@group-4A2A27F3DB13-LeaderElection22] INFO  impl.LeaderElection (LogUtils.java:infoOrTrace(137)) -   Exception 1: java.util.concurrent.ExecutionException: org.apache.ratis.thirdparty.io.grpc.StatusRuntimeException: UNAVAILABLE: io exception
2022-01-16 14:03:44,953 [fb2bbb8d-0a43-4468-9762-35835c6ecdd5@group-4A2A27F3DB13-LeaderElection22] INFO  impl.LeaderElection (LeaderElection.java:askForVotes(308)) - fb2bbb8d-0a43-4468-9762-35835c6ecdd5@group-4A2A27F3DB13-LeaderElection22 ELECTION round 0: result REJECTED
2022-01-16 14:03:44,953 [fb2bbb8d-0a43-4468-9762-35835c6ecdd5@group-4A2A27F3DB13-LeaderElection22] INFO  server.RaftServer$Division (RaftServerImpl.java:setRole(290)) - fb2bbb8d-0a43-4468-9762-35835c6ecdd5@group-4A2A27F3DB13: changes role from CANDIDATE to FOLLOWER at term 6 for REJECTED
2022-01-16 14:03:44,953 [fb2bbb8d-0a43-4468-9762-35835c6ecdd5@group-4A2A27F3DB13-LeaderElection22] INFO  impl.RoleInfo (RoleInfo.java:shutdownLeaderElection(121)) - fb2bbb8d-0a43-4468-9762-35835c6ecdd5: shutdown fb2bbb8d-0a43-4468-9762-35835c6ecdd5@group-4A2A27F3DB13-LeaderElection22
2022-01-16 14:03:44,953 [fb2bbb8d-0a43-4468-9762-35835c6ecdd5@group-4A2A27F3DB13-LeaderElection22] INFO  impl.RoleInfo (RoleInfo.java:updateAndGet(130)) - fb2bbb8d-0a43-4468-9762-35835c6ecdd5: start fb2bbb8d-0a43-4468-9762-35835c6ecdd5@group-4A2A27F3DB13-FollowerState
2022-01-16 14:03:45,826 [Time-limited test] INFO  ozone.MiniOzoneClusterImpl (MiniOzoneClusterImpl.java:lambda$waitForHddsDatanodesStop$3(373)) - Waiting on 1 datanodes out of 2 to be marked unhealthy.
2022-01-16 14:03:46,826 [Time-limited test] INFO  ozone.MiniOzoneClusterImpl (MiniOzoneClusterImpl.java:lambda$waitForHddsDatanodesStop$3(373)) - Waiting on 1 datanodes out of 2 to be marked unhealthy.
2022-01-16 14:03:47,827 [Time-limited test] INFO  ozone.MiniOzoneClusterImpl (MiniOzoneClusterImpl.java:lambda$waitForHddsDatanodesStop$3(373)) - Waiting on 1 datanodes out of 2 to be marked unhealthy.
2022-01-16 14:03:48,827 [Time-limited test] INFO  ozone.MiniOzoneClusterImpl (MiniOzoneClusterImpl.java:lambda$waitForHddsDatanodesStop$3(373)) - Waiting on 1 datanodes out of 2 to be marked unhealthy.
2022-01-16 14:03:49,828 [Time-limited test] INFO  ozone.MiniOzoneClusterImpl (MiniOzoneClusterImpl.java:lambda$waitForHddsDatanodesStop$3(373)) - Waiting on 1 datanodes out of 2 to be marked unhealthy.
2022-01-16 14:03:50,123 [fb2bbb8d-0a43-4468-9762-35835c6ecdd5@group-4A2A27F3DB13-FollowerState] INFO  impl.FollowerState (FollowerState.java:run(134)) - fb2bbb8d-0a43-4468-9762-35835c6ecdd5@group-4A2A27F3DB13-FollowerState: change to CANDIDATE, lastRpcElapsedTime:5169601336ns, electionTimeout:5162ms
2022-01-16 14:03:50,123 [fb2bbb8d-0a43-4468-9762-35835c6ecdd5@group-4A2A27F3DB13-FollowerState] INFO  impl.RoleInfo (RoleInfo.java:shutdownFollowerState(108)) - fb2bbb8d-0a43-4468-9762-35835c6ecdd5: shutdown fb2bbb8d-0a43-4468-9762-35835c6ecdd5@group-4A2A27F3DB13-FollowerState
2022-01-16 14:03:50,123 [fb2bbb8d-0a43-4468-9762-35835c6ecdd5@group-4A2A27F3DB13-FollowerState] INFO  server.RaftServer$Division (RaftServerImpl.java:setRole(290)) - fb2bbb8d-0a43-4468-9762-35835c6ecdd5@group-4A2A27F3DB13: changes role from  FOLLOWER to CANDIDATE at term 6 for changeToCandidate
2022-01-16 14:03:50,123 [fb2bbb8d-0a43-4468-9762-35835c6ecdd5@group-4A2A27F3DB13-FollowerState] INFO  server.RaftServerConfigKeys (ConfUtils.java:logGet(44)) - raft.server.leaderelection.pre-vote = false (custom)
2022-01-16 14:03:50,123 [fb2bbb8d-0a43-4468-9762-35835c6ecdd5@group-4A2A27F3DB13-FollowerState] INFO  impl.RoleInfo (RoleInfo.java:updateAndGet(130)) - fb2bbb8d-0a43-4468-9762-35835c6ecdd5: start fb2bbb8d-0a43-4468-9762-35835c6ecdd5@group-4A2A27F3DB13-LeaderElection23
2022-01-16 14:03:50,144 [fb2bbb8d-0a43-4468-9762-35835c6ecdd5@group-4A2A27F3DB13-LeaderElection23] INFO  impl.LeaderElection (LeaderElection.java:askForVotes(306)) - fb2bbb8d-0a43-4468-9762-35835c6ecdd5@group-4A2A27F3DB13-LeaderElection23 ELECTION round 0: submit vote requests at term 7 for 0: [6bfb9779-376e-41d0-a4a3-df540c6cb1bb|rpc:10.1.0.30:35687|dataStream:|priority:0, fb2bbb8d-0a43-4468-9762-35835c6ecdd5|rpc:10.1.0.30:42593|dataStream:|priority:0, 85ccfe40-d44a-4cce-8ecd-09036b5f4718|rpc:10.1.0.30:34255|dataStream:|priority:1], old=null
2022-01-16 14:03:50,154 [fb2bbb8d-0a43-4468-9762-35835c6ecdd5@group-4A2A27F3DB13-LeaderElection23] INFO  impl.LeaderElection (LogUtils.java:infoOrTrace(137)) - fb2bbb8d-0a43-4468-9762-35835c6ecdd5@group-4A2A27F3DB13-LeaderElection23 got exception when requesting votes: java.util.concurrent.ExecutionException: org.apache.ratis.thirdparty.io.grpc.StatusRuntimeException: UNAVAILABLE: io exception
2022-01-16 14:03:50,154 [fb2bbb8d-0a43-4468-9762-35835c6ecdd5@group-4A2A27F3DB13-LeaderElection23] INFO  impl.LeaderElection (LogUtils.java:infoOrTrace(137)) - fb2bbb8d-0a43-4468-9762-35835c6ecdd5@group-4A2A27F3DB13-LeaderElection23 got exception when requesting votes: java.util.concurrent.ExecutionException: org.apache.ratis.thirdparty.io.grpc.StatusRuntimeException: UNAVAILABLE: io exception
2022-01-16 14:03:50,155 [fb2bbb8d-0a43-4468-9762-35835c6ecdd5@group-4A2A27F3DB13-LeaderElection23] INFO  impl.LeaderElection (LeaderElection.java:logAndReturn(89)) - fb2bbb8d-0a43-4468-9762-35835c6ecdd5@group-4A2A27F3DB13-LeaderElection23: ELECTION REJECTED received 0 response(s) and 2 exception(s):
2022-01-16 14:03:50,155 [fb2bbb8d-0a43-4468-9762-35835c6ecdd5@group-4A2A27F3DB13-LeaderElection23] INFO  impl.LeaderElection (LogUtils.java:infoOrTrace(137)) -   Exception 0: java.util.concurrent.ExecutionException: org.apache.ratis.thirdparty.io.grpc.StatusRuntimeException: UNAVAILABLE: io exception
2022-01-16 14:03:50,155 [fb2bbb8d-0a43-4468-9762-35835c6ecdd5@group-4A2A27F3DB13-LeaderElection23] INFO  impl.LeaderElection (LogUtils.java:infoOrTrace(137)) -   Exception 1: java.util.concurrent.ExecutionException: org.apache.ratis.thirdparty.io.grpc.StatusRuntimeException: UNAVAILABLE: io exception
2022-01-16 14:03:50,155 [fb2bbb8d-0a43-4468-9762-35835c6ecdd5@group-4A2A27F3DB13-LeaderElection23] INFO  impl.LeaderElection (LeaderElection.java:askForVotes(308)) - fb2bbb8d-0a43-4468-9762-35835c6ecdd5@group-4A2A27F3DB13-LeaderElection23 ELECTION round 0: result REJECTED
2022-01-16 14:03:50,155 [fb2bbb8d-0a43-4468-9762-35835c6ecdd5@group-4A2A27F3DB13-LeaderElection23] INFO  server.RaftServer$Division (RaftServerImpl.java:setRole(290)) - fb2bbb8d-0a43-4468-9762-35835c6ecdd5@group-4A2A27F3DB13: changes role from CANDIDATE to FOLLOWER at term 7 for REJECTED
2022-01-16 14:03:50,156 [fb2bbb8d-0a43-4468-9762-35835c6ecdd5@group-4A2A27F3DB13-LeaderElection23] INFO  impl.RoleInfo (RoleInfo.java:shutdownLeaderElection(121)) - fb2bbb8d-0a43-4468-9762-35835c6ecdd5: shutdown fb2bbb8d-0a43-4468-9762-35835c6ecdd5@group-4A2A27F3DB13-LeaderElection23
2022-01-16 14:03:50,156 [fb2bbb8d-0a43-4468-9762-35835c6ecdd5@group-4A2A27F3DB13-LeaderElection23] INFO  impl.RoleInfo (RoleInfo.java:updateAndGet(130)) - fb2bbb8d-0a43-4468-9762-35835c6ecdd5: start fb2bbb8d-0a43-4468-9762-35835c6ecdd5@group-4A2A27F3DB13-FollowerState
2022-01-16 14:03:50,828 [Time-limited test] INFO  ozone.MiniOzoneClusterImpl (MiniOzoneClusterImpl.java:lambda$waitForHddsDatanodesStop$3(373)) - Waiting on 1 datanodes out of 2 to be marked unhealthy.
2022-01-16 14:03:51,828 [Time-limited test] INFO  ozone.MiniOzoneClusterImpl (MiniOzoneClusterImpl.java:lambda$waitForHddsDatanodesStop$3(373)) - Waiting on 1 datanodes out of 2 to be marked unhealthy.
2022-01-16 14:03:52,829 [Time-limited test] INFO  ozone.MiniOzoneClusterImpl (MiniOzoneClusterImpl.java:lambda$waitForHddsDatanodesStop$3(373)) - Waiting on 1 datanodes out of 2 to be marked unhealthy.
2022-01-16 14:03:53,829 [Time-limited test] INFO  ozone.MiniOzoneClusterImpl (MiniOzoneClusterImpl.java:lambda$waitForHddsDatanodesStop$3(373)) - Waiting on 1 datanodes out of 2 to be marked unhealthy.
2022-01-16 14:03:54,829 [Time-limited test] INFO  ozone.MiniOzoneClusterImpl (MiniOzoneClusterImpl.java:lambda$waitForHddsDatanodesStop$3(373)) - Waiting on 1 datanodes out of 2 to be marked unhealthy.
2022-01-16 14:03:55,178 [fb2bbb8d-0a43-4468-9762-35835c6ecdd5@group-4A2A27F3DB13-FollowerState] INFO  impl.FollowerState (FollowerState.java:run(134)) - fb2bbb8d-0a43-4468-9762-35835c6ecdd5@group-4A2A27F3DB13-FollowerState: change to CANDIDATE, lastRpcElapsedTime:5021928715ns, electionTimeout:5017ms
2022-01-16 14:03:55,178 [fb2bbb8d-0a43-4468-9762-35835c6ecdd5@group-4A2A27F3DB13-FollowerState] INFO  impl.RoleInfo (RoleInfo.java:shutdownFollowerState(108)) - fb2bbb8d-0a43-4468-9762-35835c6ecdd5: shutdown fb2bbb8d-0a43-4468-9762-35835c6ecdd5@group-4A2A27F3DB13-FollowerState
2022-01-16 14:03:55,178 [fb2bbb8d-0a43-4468-9762-35835c6ecdd5@group-4A2A27F3DB13-FollowerState] INFO  server.RaftServer$Division (RaftServerImpl.java:setRole(290)) - fb2bbb8d-0a43-4468-9762-35835c6ecdd5@group-4A2A27F3DB13: changes role from  FOLLOWER to CANDIDATE at term 7 for changeToCandidate
2022-01-16 14:03:55,178 [fb2bbb8d-0a43-4468-9762-35835c6ecdd5@group-4A2A27F3DB13-FollowerState] INFO  server.RaftServerConfigKeys (ConfUtils.java:logGet(44)) - raft.server.leaderelection.pre-vote = false (custom)
2022-01-16 14:03:55,178 [fb2bbb8d-0a43-4468-9762-35835c6ecdd5@group-4A2A27F3DB13-FollowerState] INFO  impl.RoleInfo (RoleInfo.java:updateAndGet(130)) - fb2bbb8d-0a43-4468-9762-35835c6ecdd5: start fb2bbb8d-0a43-4468-9762-35835c6ecdd5@group-4A2A27F3DB13-LeaderElection24
2022-01-16 14:03:55,190 [fb2bbb8d-0a43-4468-9762-35835c6ecdd5@group-4A2A27F3DB13-LeaderElection24] INFO  impl.LeaderElection (LeaderElection.java:askForVotes(306)) - fb2bbb8d-0a43-4468-9762-35835c6ecdd5@group-4A2A27F3DB13-LeaderElection24 ELECTION round 0: submit vote requests at term 8 for 0: [6bfb9779-376e-41d0-a4a3-df540c6cb1bb|rpc:10.1.0.30:35687|dataStream:|priority:0, fb2bbb8d-0a43-4468-9762-35835c6ecdd5|rpc:10.1.0.30:42593|dataStream:|priority:0, 85ccfe40-d44a-4cce-8ecd-09036b5f4718|rpc:10.1.0.30:34255|dataStream:|priority:1], old=null
2022-01-16 14:03:55,203 [fb2bbb8d-0a43-4468-9762-35835c6ecdd5@group-4A2A27F3DB13-LeaderElection24] INFO  impl.LeaderElection (LogUtils.java:infoOrTrace(137)) - fb2bbb8d-0a43-4468-9762-35835c6ecdd5@group-4A2A27F3DB13-LeaderElection24 got exception when requesting votes: java.util.concurrent.ExecutionException: org.apache.ratis.thirdparty.io.grpc.StatusRuntimeException: UNAVAILABLE: io exception
2022-01-16 14:03:55,204 [fb2bbb8d-0a43-4468-9762-35835c6ecdd5@group-4A2A27F3DB13-LeaderElection24] INFO  impl.LeaderElection (LogUtils.java:infoOrTrace(137)) - fb2bbb8d-0a43-4468-9762-35835c6ecdd5@group-4A2A27F3DB13-LeaderElection24 got exception when requesting votes: java.util.concurrent.ExecutionException: org.apache.ratis.thirdparty.io.grpc.StatusRuntimeException: UNAVAILABLE: io exception
2022-01-16 14:03:55,204 [fb2bbb8d-0a43-4468-9762-35835c6ecdd5@group-4A2A27F3DB13-LeaderElection24] INFO  impl.LeaderElection (LeaderElection.java:logAndReturn(89)) - fb2bbb8d-0a43-4468-9762-35835c6ecdd5@group-4A2A27F3DB13-LeaderElection24: ELECTION REJECTED received 0 response(s) and 2 exception(s):
2022-01-16 14:03:55,204 [fb2bbb8d-0a43-4468-9762-35835c6ecdd5@group-4A2A27F3DB13-LeaderElection24] INFO  impl.LeaderElection (LogUtils.java:infoOrTrace(137)) -   Exception 0: java.util.concurrent.ExecutionException: org.apache.ratis.thirdparty.io.grpc.StatusRuntimeException: UNAVAILABLE: io exception
2022-01-16 14:03:55,204 [fb2bbb8d-0a43-4468-9762-35835c6ecdd5@group-4A2A27F3DB13-LeaderElection24] INFO  impl.LeaderElection (LogUtils.java:infoOrTrace(137)) -   Exception 1: java.util.concurrent.ExecutionException: org.apache.ratis.thirdparty.io.grpc.StatusRuntimeException: UNAVAILABLE: io exception
2022-01-16 14:03:55,204 [fb2bbb8d-0a43-4468-9762-35835c6ecdd5@group-4A2A27F3DB13-LeaderElection24] INFO  impl.LeaderElection (LeaderElection.java:askForVotes(308)) - fb2bbb8d-0a43-4468-9762-35835c6ecdd5@group-4A2A27F3DB13-LeaderElection24 ELECTION round 0: result REJECTED
2022-01-16 14:03:55,204 [fb2bbb8d-0a43-4468-9762-35835c6ecdd5@group-4A2A27F3DB13-LeaderElection24] INFO  server.RaftServer$Division (RaftServerImpl.java:setRole(290)) - fb2bbb8d-0a43-4468-9762-35835c6ecdd5@group-4A2A27F3DB13: changes role from CANDIDATE to FOLLOWER at term 8 for REJECTED
2022-01-16 14:03:55,204 [fb2bbb8d-0a43-4468-9762-35835c6ecdd5@group-4A2A27F3DB13-LeaderElection24] INFO  impl.RoleInfo (RoleInfo.java:shutdownLeaderElection(121)) - fb2bbb8d-0a43-4468-9762-35835c6ecdd5: shutdown fb2bbb8d-0a43-4468-9762-35835c6ecdd5@group-4A2A27F3DB13-LeaderElection24
2022-01-16 14:03:55,204 [fb2bbb8d-0a43-4468-9762-35835c6ecdd5@group-4A2A27F3DB13-LeaderElection24] INFO  impl.RoleInfo (RoleInfo.java:updateAndGet(130)) - fb2bbb8d-0a43-4468-9762-35835c6ecdd5: start fb2bbb8d-0a43-4468-9762-35835c6ecdd5@group-4A2A27F3DB13-FollowerState
2022-01-16 14:03:55,830 [Time-limited test] INFO  ozone.MiniOzoneClusterImpl (MiniOzoneClusterImpl.java:lambda$waitForHddsDatanodesStop$3(373)) - Waiting on 1 datanodes out of 2 to be marked unhealthy.
2022-01-16 14:03:56,830 [Time-limited test] INFO  ozone.MiniOzoneClusterImpl (MiniOzoneClusterImpl.java:lambda$waitForHddsDatanodesStop$3(373)) - Waiting on 1 datanodes out of 2 to be marked unhealthy.
2022-01-16 14:03:57,830 [Time-limited test] INFO  ozone.MiniOzoneClusterImpl (MiniOzoneClusterImpl.java:lambda$waitForHddsDatanodesStop$3(373)) - Waiting on 1 datanodes out of 2 to be marked unhealthy.
2022-01-16 14:03:58,831 [Time-limited test] INFO  ozone.MiniOzoneClusterImpl (MiniOzoneClusterImpl.java:lambda$waitForHddsDatanodesStop$3(373)) - Waiting on 1 datanodes out of 2 to be marked unhealthy.
2022-01-16 14:03:59,831 [Time-limited test] INFO  ozone.MiniOzoneClusterImpl (MiniOzoneClusterImpl.java:lambda$waitForHddsDatanodesStop$3(373)) - Waiting on 1 datanodes out of 2 to be marked unhealthy.
2022-01-16 14:04:00,412 [fb2bbb8d-0a43-4468-9762-35835c6ecdd5@group-4A2A27F3DB13-FollowerState] INFO  impl.FollowerState (FollowerState.java:run(134)) - fb2bbb8d-0a43-4468-9762-35835c6ecdd5@group-4A2A27F3DB13-FollowerState: change to CANDIDATE, lastRpcElapsedTime:5208585514ns, electionTimeout:5199ms
2022-01-16 14:04:00,413 [fb2bbb8d-0a43-4468-9762-35835c6ecdd5@group-4A2A27F3DB13-FollowerState] INFO  impl.RoleInfo (RoleInfo.java:shutdownFollowerState(108)) - fb2bbb8d-0a43-4468-9762-35835c6ecdd5: shutdown fb2bbb8d-0a43-4468-9762-35835c6ecdd5@group-4A2A27F3DB13-FollowerState
2022-01-16 14:04:00,413 [fb2bbb8d-0a43-4468-9762-35835c6ecdd5@group-4A2A27F3DB13-FollowerState] INFO  server.RaftServer$Division (RaftServerImpl.java:setRole(290)) - fb2bbb8d-0a43-4468-9762-35835c6ecdd5@group-4A2A27F3DB13: changes role from  FOLLOWER to CANDIDATE at term 8 for changeToCandidate
2022-01-16 14:04:00,413 [fb2bbb8d-0a43-4468-9762-35835c6ecdd5@group-4A2A27F3DB13-FollowerState] INFO  server.RaftServerConfigKeys (ConfUtils.java:logGet(44)) - raft.server.leaderelection.pre-vote = false (custom)
2022-01-16 14:04:00,413 [fb2bbb8d-0a43-4468-9762-35835c6ecdd5@group-4A2A27F3DB13-FollowerState] INFO  impl.RoleInfo (RoleInfo.java:updateAndGet(130)) - fb2bbb8d-0a43-4468-9762-35835c6ecdd5: start fb2bbb8d-0a43-4468-9762-35835c6ecdd5@group-4A2A27F3DB13-LeaderElection25
2022-01-16 14:04:00,434 [fb2bbb8d-0a43-4468-9762-35835c6ecdd5@group-4A2A27F3DB13-LeaderElection25] INFO  impl.LeaderElection (LeaderElection.java:askForVotes(306)) - fb2bbb8d-0a43-4468-9762-35835c6ecdd5@group-4A2A27F3DB13-LeaderElection25 ELECTION round 0: submit vote requests at term 9 for 0: [6bfb9779-376e-41d0-a4a3-df540c6cb1bb|rpc:10.1.0.30:35687|dataStream:|priority:0, fb2bbb8d-0a43-4468-9762-35835c6ecdd5|rpc:10.1.0.30:42593|dataStream:|priority:0, 85ccfe40-d44a-4cce-8ecd-09036b5f4718|rpc:10.1.0.30:34255|dataStream:|priority:1], old=null
2022-01-16 14:04:00,447 [fb2bbb8d-0a43-4468-9762-35835c6ecdd5@group-4A2A27F3DB13-LeaderElection25] INFO  impl.LeaderElection (LogUtils.java:infoOrTrace(137)) - fb2bbb8d-0a43-4468-9762-35835c6ecdd5@group-4A2A27F3DB13-LeaderElection25 got exception when requesting votes: java.util.concurrent.ExecutionException: org.apache.ratis.thirdparty.io.grpc.StatusRuntimeException: UNAVAILABLE: io exception
2022-01-16 14:04:00,447 [fb2bbb8d-0a43-4468-9762-35835c6ecdd5@group-4A2A27F3DB13-LeaderElection25] INFO  impl.LeaderElection (LogUtils.java:infoOrTrace(137)) - fb2bbb8d-0a43-4468-9762-35835c6ecdd5@group-4A2A27F3DB13-LeaderElection25 got exception when requesting votes: java.util.concurrent.ExecutionException: org.apache.ratis.thirdparty.io.grpc.StatusRuntimeException: UNAVAILABLE: io exception
2022-01-16 14:04:00,448 [fb2bbb8d-0a43-4468-9762-35835c6ecdd5@group-4A2A27F3DB13-LeaderElection25] INFO  impl.LeaderElection (LeaderElection.java:logAndReturn(89)) - fb2bbb8d-0a43-4468-9762-35835c6ecdd5@group-4A2A27F3DB13-LeaderElection25: ELECTION REJECTED received 0 response(s) and 2 exception(s):
2022-01-16 14:04:00,448 [fb2bbb8d-0a43-4468-9762-35835c6ecdd5@group-4A2A27F3DB13-LeaderElection25] INFO  impl.LeaderElection (LogUtils.java:infoOrTrace(137)) -   Exception 0: java.util.concurrent.ExecutionException: org.apache.ratis.thirdparty.io.grpc.StatusRuntimeException: UNAVAILABLE: io exception
2022-01-16 14:04:00,448 [fb2bbb8d-0a43-4468-9762-35835c6ecdd5@group-4A2A27F3DB13-LeaderElection25] INFO  impl.LeaderElection (LogUtils.java:infoOrTrace(137)) -   Exception 1: java.util.concurrent.ExecutionException: org.apache.ratis.thirdparty.io.grpc.StatusRuntimeException: UNAVAILABLE: io exception
2022-01-16 14:04:00,448 [fb2bbb8d-0a43-4468-9762-35835c6ecdd5@group-4A2A27F3DB13-LeaderElection25] INFO  impl.LeaderElection (LeaderElection.java:askForVotes(308)) - fb2bbb8d-0a43-4468-9762-35835c6ecdd5@group-4A2A27F3DB13-LeaderElection25 ELECTION round 0: result REJECTED
2022-01-16 14:04:00,449 [fb2bbb8d-0a43-4468-9762-35835c6ecdd5@group-4A2A27F3DB13-LeaderElection25] INFO  server.RaftServer$Division (RaftServerImpl.java:setRole(290)) - fb2bbb8d-0a43-4468-9762-35835c6ecdd5@group-4A2A27F3DB13: changes role from CANDIDATE to FOLLOWER at term 9 for REJECTED
2022-01-16 14:04:00,449 [fb2bbb8d-0a43-4468-9762-35835c6ecdd5@group-4A2A27F3DB13-LeaderElection25] INFO  impl.RoleInfo (RoleInfo.java:shutdownLeaderElection(121)) - fb2bbb8d-0a43-4468-9762-35835c6ecdd5: shutdown fb2bbb8d-0a43-4468-9762-35835c6ecdd5@group-4A2A27F3DB13-LeaderElection25
2022-01-16 14:04:00,449 [fb2bbb8d-0a43-4468-9762-35835c6ecdd5@group-4A2A27F3DB13-LeaderElection25] INFO  impl.RoleInfo (RoleInfo.java:updateAndGet(130)) - fb2bbb8d-0a43-4468-9762-35835c6ecdd5: start fb2bbb8d-0a43-4468-9762-35835c6ecdd5@group-4A2A27F3DB13-FollowerState
2022-01-16 14:04:00,832 [Time-limited test] INFO  ozone.MiniOzoneClusterImpl (MiniOzoneClusterImpl.java:lambda$waitForHddsDatanodesStop$3(373)) - Waiting on 1 datanodes out of 2 to be marked unhealthy.
2022-01-16 14:04:01,832 [Time-limited test] INFO  ozone.MiniOzoneClusterImpl (MiniOzoneClusterImpl.java:lambda$waitForHddsDatanodesStop$3(373)) - Waiting on 1 datanodes out of 2 to be marked unhealthy.
2022-01-16 14:04:02,832 [Time-limited test] INFO  ozone.MiniOzoneClusterImpl (MiniOzoneClusterImpl.java:lambda$waitForHddsDatanodesStop$3(373)) - Waiting on 1 datanodes out of 2 to be marked unhealthy.
2022-01-16 14:04:03,833 [Time-limited test] INFO  ozone.MiniOzoneClusterImpl (MiniOzoneClusterImpl.java:lambda$waitForHddsDatanodesStop$3(373)) - Waiting on 1 datanodes out of 2 to be marked unhealthy.
2022-01-16 14:04:04,833 [Time-limited test] INFO  ozone.MiniOzoneClusterImpl (MiniOzoneClusterImpl.java:lambda$waitForHddsDatanodesStop$3(373)) - Waiting on 1 datanodes out of 2 to be marked unhealthy.
2022-01-16 14:04:05,500 [fb2bbb8d-0a43-4468-9762-35835c6ecdd5@group-4A2A27F3DB13-FollowerState] INFO  impl.FollowerState (FollowerState.java:run(134)) - fb2bbb8d-0a43-4468-9762-35835c6ecdd5@group-4A2A27F3DB13-FollowerState: change to CANDIDATE, lastRpcElapsedTime:5050492158ns, electionTimeout:5031ms
2022-01-16 14:04:05,500 [fb2bbb8d-0a43-4468-9762-35835c6ecdd5@group-4A2A27F3DB13-FollowerState] INFO  impl.RoleInfo (RoleInfo.java:shutdownFollowerState(108)) - fb2bbb8d-0a43-4468-9762-35835c6ecdd5: shutdown fb2bbb8d-0a43-4468-9762-35835c6ecdd5@group-4A2A27F3DB13-FollowerState
2022-01-16 14:04:05,500 [fb2bbb8d-0a43-4468-9762-35835c6ecdd5@group-4A2A27F3DB13-FollowerState] INFO  server.RaftServer$Division (RaftServerImpl.java:setRole(290)) - fb2bbb8d-0a43-4468-9762-35835c6ecdd5@group-4A2A27F3DB13: changes role from  FOLLOWER to CANDIDATE at term 9 for changeToCandidate
2022-01-16 14:04:05,500 [fb2bbb8d-0a43-4468-9762-35835c6ecdd5@group-4A2A27F3DB13-FollowerState] INFO  server.RaftServerConfigKeys (ConfUtils.java:logGet(44)) - raft.server.leaderelection.pre-vote = false (custom)
2022-01-16 14:04:05,500 [fb2bbb8d-0a43-4468-9762-35835c6ecdd5@group-4A2A27F3DB13-FollowerState] INFO  impl.RoleInfo (RoleInfo.java:updateAndGet(130)) - fb2bbb8d-0a43-4468-9762-35835c6ecdd5: start fb2bbb8d-0a43-4468-9762-35835c6ecdd5@group-4A2A27F3DB13-LeaderElection26
2022-01-16 14:04:05,509 [fb2bbb8d-0a43-4468-9762-35835c6ecdd5@group-4A2A27F3DB13-LeaderElection26] INFO  impl.LeaderElection (LeaderElection.java:askForVotes(306)) - fb2bbb8d-0a43-4468-9762-35835c6ecdd5@group-4A2A27F3DB13-LeaderElection26 ELECTION round 0: submit vote requests at term 10 for 0: [6bfb9779-376e-41d0-a4a3-df540c6cb1bb|rpc:10.1.0.30:35687|dataStream:|priority:0, fb2bbb8d-0a43-4468-9762-35835c6ecdd5|rpc:10.1.0.30:42593|dataStream:|priority:0, 85ccfe40-d44a-4cce-8ecd-09036b5f4718|rpc:10.1.0.30:34255|dataStream:|priority:1], old=null
2022-01-16 14:04:05,513 [fb2bbb8d-0a43-4468-9762-35835c6ecdd5@group-4A2A27F3DB13-LeaderElection26] INFO  impl.LeaderElection (LogUtils.java:infoOrTrace(137)) - fb2bbb8d-0a43-4468-9762-35835c6ecdd5@group-4A2A27F3DB13-LeaderElection26 got exception when requesting votes: java.util.concurrent.ExecutionException: org.apache.ratis.thirdparty.io.grpc.StatusRuntimeException: UNAVAILABLE: io exception
2022-01-16 14:04:05,513 [fb2bbb8d-0a43-4468-9762-35835c6ecdd5@group-4A2A27F3DB13-LeaderElection26] INFO  impl.LeaderElection (LogUtils.java:infoOrTrace(137)) - fb2bbb8d-0a43-4468-9762-35835c6ecdd5@group-4A2A27F3DB13-LeaderElection26 got exception when requesting votes: java.util.concurrent.ExecutionException: org.apache.ratis.thirdparty.io.grpc.StatusRuntimeException: UNAVAILABLE: io exception
2022-01-16 14:04:05,513 [fb2bbb8d-0a43-4468-9762-35835c6ecdd5@group-4A2A27F3DB13-LeaderElection26] INFO  impl.LeaderElection (LeaderElection.java:logAndReturn(89)) - fb2bbb8d-0a43-4468-9762-35835c6ecdd5@group-4A2A27F3DB13-LeaderElection26: ELECTION REJECTED received 0 response(s) and 2 exception(s):
2022-01-16 14:04:05,513 [fb2bbb8d-0a43-4468-9762-35835c6ecdd5@group-4A2A27F3DB13-LeaderElection26] INFO  impl.LeaderElection (LogUtils.java:infoOrTrace(137)) -   Exception 0: java.util.concurrent.ExecutionException: org.apache.ratis.thirdparty.io.grpc.StatusRuntimeException: UNAVAILABLE: io exception
2022-01-16 14:04:05,513 [fb2bbb8d-0a43-4468-9762-35835c6ecdd5@group-4A2A27F3DB13-LeaderElection26] INFO  impl.LeaderElection (LogUtils.java:infoOrTrace(137)) -   Exception 1: java.util.concurrent.ExecutionException: org.apache.ratis.thirdparty.io.grpc.StatusRuntimeException: UNAVAILABLE: io exception
2022-01-16 14:04:05,513 [fb2bbb8d-0a43-4468-9762-35835c6ecdd5@group-4A2A27F3DB13-LeaderElection26] INFO  impl.LeaderElection (LeaderElection.java:askForVotes(308)) - fb2bbb8d-0a43-4468-9762-35835c6ecdd5@group-4A2A27F3DB13-LeaderElection26 ELECTION round 0: result REJECTED
2022-01-16 14:04:05,513 [fb2bbb8d-0a43-4468-9762-35835c6ecdd5@group-4A2A27F3DB13-LeaderElection26] INFO  server.RaftServer$Division (RaftServerImpl.java:setRole(290)) - fb2bbb8d-0a43-4468-9762-35835c6ecdd5@group-4A2A27F3DB13: changes role from CANDIDATE to FOLLOWER at term 10 for REJECTED
2022-01-16 14:04:05,513 [fb2bbb8d-0a43-4468-9762-35835c6ecdd5@group-4A2A27F3DB13-LeaderElection26] INFO  impl.RoleInfo (RoleInfo.java:shutdownLeaderElection(121)) - fb2bbb8d-0a43-4468-9762-35835c6ecdd5: shutdown fb2bbb8d-0a43-4468-9762-35835c6ecdd5@group-4A2A27F3DB13-LeaderElection26
2022-01-16 14:04:05,513 [fb2bbb8d-0a43-4468-9762-35835c6ecdd5@group-4A2A27F3DB13-LeaderElection26] INFO  impl.RoleInfo (RoleInfo.java:updateAndGet(130)) - fb2bbb8d-0a43-4468-9762-35835c6ecdd5: start fb2bbb8d-0a43-4468-9762-35835c6ecdd5@group-4A2A27F3DB13-FollowerState
2022-01-16 14:04:05,833 [Time-limited test] INFO  ozone.MiniOzoneClusterImpl (MiniOzoneClusterImpl.java:lambda$waitForHddsDatanodesStop$3(373)) - Waiting on 1 datanodes out of 2 to be marked unhealthy.
2022-01-16 14:04:06,834 [Time-limited test] INFO  ozone.MiniOzoneClusterImpl (MiniOzoneClusterImpl.java:lambda$waitForHddsDatanodesStop$3(373)) - Waiting on 1 datanodes out of 2 to be marked unhealthy.
2022-01-16 14:04:07,834 [Time-limited test] INFO  ozone.MiniOzoneClusterImpl (MiniOzoneClusterImpl.java:lambda$waitForHddsDatanodesStop$3(373)) - Waiting on 1 datanodes out of 2 to be marked unhealthy.
2022-01-16 14:04:08,834 [Time-limited test] INFO  ozone.MiniOzoneClusterImpl (MiniOzoneClusterImpl.java:lambda$waitForHddsDatanodesStop$3(373)) - Waiting on 1 datanodes out of 2 to be marked unhealthy.
2022-01-16 14:04:09,835 [Time-limited test] INFO  ozone.MiniOzoneClusterImpl (MiniOzoneClusterImpl.java:lambda$waitForHddsDatanodesStop$3(373)) - Waiting on 1 datanodes out of 2 to be marked unhealthy.
2022-01-16 14:04:10,705 [fb2bbb8d-0a43-4468-9762-35835c6ecdd5@group-4A2A27F3DB13-FollowerState] INFO  impl.FollowerState (FollowerState.java:run(134)) - fb2bbb8d-0a43-4468-9762-35835c6ecdd5@group-4A2A27F3DB13-FollowerState: change to CANDIDATE, lastRpcElapsedTime:5191136109ns, electionTimeout:5184ms
2022-01-16 14:04:10,705 [fb2bbb8d-0a43-4468-9762-35835c6ecdd5@group-4A2A27F3DB13-FollowerState] INFO  impl.RoleInfo (RoleInfo.java:shutdownFollowerState(108)) - fb2bbb8d-0a43-4468-9762-35835c6ecdd5: shutdown fb2bbb8d-0a43-4468-9762-35835c6ecdd5@group-4A2A27F3DB13-FollowerState
2022-01-16 14:04:10,705 [fb2bbb8d-0a43-4468-9762-35835c6ecdd5@group-4A2A27F3DB13-FollowerState] INFO  server.RaftServer$Division (RaftServerImpl.java:setRole(290)) - fb2bbb8d-0a43-4468-9762-35835c6ecdd5@group-4A2A27F3DB13: changes role from  FOLLOWER to CANDIDATE at term 10 for changeToCandidate
2022-01-16 14:04:10,705 [fb2bbb8d-0a43-4468-9762-35835c6ecdd5@group-4A2A27F3DB13-FollowerState] INFO  server.RaftServerConfigKeys (ConfUtils.java:logGet(44)) - raft.server.leaderelection.pre-vote = false (custom)
2022-01-16 14:04:10,705 [fb2bbb8d-0a43-4468-9762-35835c6ecdd5@group-4A2A27F3DB13-FollowerState] INFO  impl.RoleInfo (RoleInfo.java:updateAndGet(130)) - fb2bbb8d-0a43-4468-9762-35835c6ecdd5: start fb2bbb8d-0a43-4468-9762-35835c6ecdd5@group-4A2A27F3DB13-LeaderElection27
2022-01-16 14:04:10,716 [fb2bbb8d-0a43-4468-9762-35835c6ecdd5@group-4A2A27F3DB13-LeaderElection27] INFO  impl.LeaderElection (LeaderElection.java:askForVotes(306)) - fb2bbb8d-0a43-4468-9762-35835c6ecdd5@group-4A2A27F3DB13-LeaderElection27 ELECTION round 0: submit vote requests at term 11 for 0: [6bfb9779-376e-41d0-a4a3-df540c6cb1bb|rpc:10.1.0.30:35687|dataStream:|priority:0, fb2bbb8d-0a43-4468-9762-35835c6ecdd5|rpc:10.1.0.30:42593|dataStream:|priority:0, 85ccfe40-d44a-4cce-8ecd-09036b5f4718|rpc:10.1.0.30:34255|dataStream:|priority:1], old=null
2022-01-16 14:04:10,729 [fb2bbb8d-0a43-4468-9762-35835c6ecdd5@group-4A2A27F3DB13-LeaderElection27] INFO  impl.LeaderElection (LogUtils.java:infoOrTrace(137)) - fb2bbb8d-0a43-4468-9762-35835c6ecdd5@group-4A2A27F3DB13-LeaderElection27 got exception when requesting votes: java.util.concurrent.ExecutionException: org.apache.ratis.thirdparty.io.grpc.StatusRuntimeException: UNAVAILABLE: io exception
2022-01-16 14:04:10,730 [fb2bbb8d-0a43-4468-9762-35835c6ecdd5@group-4A2A27F3DB13-LeaderElection27] INFO  impl.LeaderElection (LogUtils.java:infoOrTrace(137)) - fb2bbb8d-0a43-4468-9762-35835c6ecdd5@group-4A2A27F3DB13-LeaderElection27 got exception when requesting votes: java.util.concurrent.ExecutionException: org.apache.ratis.thirdparty.io.grpc.StatusRuntimeException: UNAVAILABLE: io exception
2022-01-16 14:04:10,730 [fb2bbb8d-0a43-4468-9762-35835c6ecdd5@group-4A2A27F3DB13-LeaderElection27] INFO  impl.LeaderElection (LeaderElection.java:logAndReturn(89)) - fb2bbb8d-0a43-4468-9762-35835c6ecdd5@group-4A2A27F3DB13-LeaderElection27: ELECTION REJECTED received 0 response(s) and 2 exception(s):
2022-01-16 14:04:10,730 [fb2bbb8d-0a43-4468-9762-35835c6ecdd5@group-4A2A27F3DB13-LeaderElection27] INFO  impl.LeaderElection (LogUtils.java:infoOrTrace(137)) -   Exception 0: java.util.concurrent.ExecutionException: org.apache.ratis.thirdparty.io.grpc.StatusRuntimeException: UNAVAILABLE: io exception
2022-01-16 14:04:10,730 [fb2bbb8d-0a43-4468-9762-35835c6ecdd5@group-4A2A27F3DB13-LeaderElection27] INFO  impl.LeaderElection (LogUtils.java:infoOrTrace(137)) -   Exception 1: java.util.concurrent.ExecutionException: org.apache.ratis.thirdparty.io.grpc.StatusRuntimeException: UNAVAILABLE: io exception
2022-01-16 14:04:10,730 [fb2bbb8d-0a43-4468-9762-35835c6ecdd5@group-4A2A27F3DB13-LeaderElection27] INFO  impl.LeaderElection (LeaderElection.java:askForVotes(308)) - fb2bbb8d-0a43-4468-9762-35835c6ecdd5@group-4A2A27F3DB13-LeaderElection27 ELECTION round 0: result REJECTED
2022-01-16 14:04:10,730 [fb2bbb8d-0a43-4468-9762-35835c6ecdd5@group-4A2A27F3DB13-LeaderElection27] INFO  server.RaftServer$Division (RaftServerImpl.java:setRole(290)) - fb2bbb8d-0a43-4468-9762-35835c6ecdd5@group-4A2A27F3DB13: changes role from CANDIDATE to FOLLOWER at term 11 for REJECTED
2022-01-16 14:04:10,730 [fb2bbb8d-0a43-4468-9762-35835c6ecdd5@group-4A2A27F3DB13-LeaderElection27] INFO  impl.RoleInfo (RoleInfo.java:shutdownLeaderElection(121)) - fb2bbb8d-0a43-4468-9762-35835c6ecdd5: shutdown fb2bbb8d-0a43-4468-9762-35835c6ecdd5@group-4A2A27F3DB13-LeaderElection27
2022-01-16 14:04:10,730 [fb2bbb8d-0a43-4468-9762-35835c6ecdd5@group-4A2A27F3DB13-LeaderElection27] INFO  impl.RoleInfo (RoleInfo.java:updateAndGet(130)) - fb2bbb8d-0a43-4468-9762-35835c6ecdd5: start fb2bbb8d-0a43-4468-9762-35835c6ecdd5@group-4A2A27F3DB13-FollowerState
2022-01-16 14:04:10,835 [Time-limited test] INFO  ozone.MiniOzoneClusterImpl (MiniOzoneClusterImpl.java:lambda$waitForHddsDatanodesStop$3(373)) - Waiting on 1 datanodes out of 2 to be marked unhealthy.
2022-01-16 14:04:11,836 [Time-limited test] INFO  ozone.MiniOzoneClusterImpl (MiniOzoneClusterImpl.java:lambda$waitForHddsDatanodesStop$3(373)) - Waiting on 1 datanodes out of 2 to be marked unhealthy.
2022-01-16 14:04:12,836 [Time-limited test] INFO  ozone.MiniOzoneClusterImpl (MiniOzoneClusterImpl.java:lambda$waitForHddsDatanodesStop$3(373)) - Waiting on 1 datanodes out of 2 to be marked unhealthy.
2022-01-16 14:04:13,836 [Time-limited test] INFO  ozone.MiniOzoneClusterImpl (MiniOzoneClusterImpl.java:lambda$waitForHddsDatanodesStop$3(373)) - Waiting on 1 datanodes out of 2 to be marked unhealthy.
2022-01-16 14:04:14,837 [Time-limited test] INFO  ozone.MiniOzoneClusterImpl (MiniOzoneClusterImpl.java:lambda$waitForHddsDatanodesStop$3(373)) - Waiting on 1 datanodes out of 2 to be marked unhealthy.
2022-01-16 14:04:15,837 [Time-limited test] INFO  ozone.MiniOzoneClusterImpl (MiniOzoneClusterImpl.java:lambda$waitForHddsDatanodesStop$3(373)) - Waiting on 1 datanodes out of 2 to be marked unhealthy.
2022-01-16 14:04:15,886 [fb2bbb8d-0a43-4468-9762-35835c6ecdd5@group-4A2A27F3DB13-FollowerState] INFO  impl.FollowerState (FollowerState.java:run(134)) - fb2bbb8d-0a43-4468-9762-35835c6ecdd5@group-4A2A27F3DB13-FollowerState: change to CANDIDATE, lastRpcElapsedTime:5156145241ns, electionTimeout:5146ms
2022-01-16 14:04:15,887 [fb2bbb8d-0a43-4468-9762-35835c6ecdd5@group-4A2A27F3DB13-FollowerState] INFO  impl.RoleInfo (RoleInfo.java:shutdownFollowerState(108)) - fb2bbb8d-0a43-4468-9762-35835c6ecdd5: shutdown fb2bbb8d-0a43-4468-9762-35835c6ecdd5@group-4A2A27F3DB13-FollowerState
2022-01-16 14:04:15,887 [fb2bbb8d-0a43-4468-9762-35835c6ecdd5@group-4A2A27F3DB13-FollowerState] INFO  server.RaftServer$Division (RaftServerImpl.java:setRole(290)) - fb2bbb8d-0a43-4468-9762-35835c6ecdd5@group-4A2A27F3DB13: changes role from  FOLLOWER to CANDIDATE at term 11 for changeToCandidate
2022-01-16 14:04:15,887 [fb2bbb8d-0a43-4468-9762-35835c6ecdd5@group-4A2A27F3DB13-FollowerState] INFO  server.RaftServerConfigKeys (ConfUtils.java:logGet(44)) - raft.server.leaderelection.pre-vote = false (custom)
2022-01-16 14:04:15,887 [fb2bbb8d-0a43-4468-9762-35835c6ecdd5@group-4A2A27F3DB13-FollowerState] INFO  impl.RoleInfo (RoleInfo.java:updateAndGet(130)) - fb2bbb8d-0a43-4468-9762-35835c6ecdd5: start fb2bbb8d-0a43-4468-9762-35835c6ecdd5@group-4A2A27F3DB13-LeaderElection28
2022-01-16 14:04:15,903 [fb2bbb8d-0a43-4468-9762-35835c6ecdd5@group-4A2A27F3DB13-LeaderElection28] INFO  impl.LeaderElection (LeaderElection.java:askForVotes(306)) - fb2bbb8d-0a43-4468-9762-35835c6ecdd5@group-4A2A27F3DB13-LeaderElection28 ELECTION round 0: submit vote requests at term 12 for 0: [6bfb9779-376e-41d0-a4a3-df540c6cb1bb|rpc:10.1.0.30:35687|dataStream:|priority:0, fb2bbb8d-0a43-4468-9762-35835c6ecdd5|rpc:10.1.0.30:42593|dataStream:|priority:0, 85ccfe40-d44a-4cce-8ecd-09036b5f4718|rpc:10.1.0.30:34255|dataStream:|priority:1], old=null
2022-01-16 14:04:15,911 [fb2bbb8d-0a43-4468-9762-35835c6ecdd5@group-4A2A27F3DB13-LeaderElection28] INFO  impl.LeaderElection (LogUtils.java:infoOrTrace(137)) - fb2bbb8d-0a43-4468-9762-35835c6ecdd5@group-4A2A27F3DB13-LeaderElection28 got exception when requesting votes: java.util.concurrent.ExecutionException: org.apache.ratis.thirdparty.io.grpc.StatusRuntimeException: UNAVAILABLE: io exception
2022-01-16 14:04:15,913 [fb2bbb8d-0a43-4468-9762-35835c6ecdd5@group-4A2A27F3DB13-LeaderElection28] INFO  impl.LeaderElection (LogUtils.java:infoOrTrace(137)) - fb2bbb8d-0a43-4468-9762-35835c6ecdd5@group-4A2A27F3DB13-LeaderElection28 got exception when requesting votes: java.util.concurrent.ExecutionException: org.apache.ratis.thirdparty.io.grpc.StatusRuntimeException: UNAVAILABLE: io exception
2022-01-16 14:04:15,913 [fb2bbb8d-0a43-4468-9762-35835c6ecdd5@group-4A2A27F3DB13-LeaderElection28] INFO  impl.LeaderElection (LeaderElection.java:logAndReturn(89)) - fb2bbb8d-0a43-4468-9762-35835c6ecdd5@group-4A2A27F3DB13-LeaderElection28: ELECTION REJECTED received 0 response(s) and 2 exception(s):
2022-01-16 14:04:15,913 [fb2bbb8d-0a43-4468-9762-35835c6ecdd5@group-4A2A27F3DB13-LeaderElection28] INFO  impl.LeaderElection (LogUtils.java:infoOrTrace(137)) -   Exception 0: java.util.concurrent.ExecutionException: org.apache.ratis.thirdparty.io.grpc.StatusRuntimeException: UNAVAILABLE: io exception
2022-01-16 14:04:15,913 [fb2bbb8d-0a43-4468-9762-35835c6ecdd5@group-4A2A27F3DB13-LeaderElection28] INFO  impl.LeaderElection (LogUtils.java:infoOrTrace(137)) -   Exception 1: java.util.concurrent.ExecutionException: org.apache.ratis.thirdparty.io.grpc.StatusRuntimeException: UNAVAILABLE: io exception
2022-01-16 14:04:15,913 [fb2bbb8d-0a43-4468-9762-35835c6ecdd5@group-4A2A27F3DB13-LeaderElection28] INFO  impl.LeaderElection (LeaderElection.java:askForVotes(308)) - fb2bbb8d-0a43-4468-9762-35835c6ecdd5@group-4A2A27F3DB13-LeaderElection28 ELECTION round 0: result REJECTED
2022-01-16 14:04:15,914 [fb2bbb8d-0a43-4468-9762-35835c6ecdd5@group-4A2A27F3DB13-LeaderElection28] INFO  server.RaftServer$Division (RaftServerImpl.java:setRole(290)) - fb2bbb8d-0a43-4468-9762-35835c6ecdd5@group-4A2A27F3DB13: changes role from CANDIDATE to FOLLOWER at term 12 for REJECTED
2022-01-16 14:04:15,914 [fb2bbb8d-0a43-4468-9762-35835c6ecdd5@group-4A2A27F3DB13-LeaderElection28] INFO  impl.RoleInfo (RoleInfo.java:shutdownLeaderElection(121)) - fb2bbb8d-0a43-4468-9762-35835c6ecdd5: shutdown fb2bbb8d-0a43-4468-9762-35835c6ecdd5@group-4A2A27F3DB13-LeaderElection28
2022-01-16 14:04:15,914 [fb2bbb8d-0a43-4468-9762-35835c6ecdd5@group-4A2A27F3DB13-LeaderElection28] INFO  impl.RoleInfo (RoleInfo.java:updateAndGet(130)) - fb2bbb8d-0a43-4468-9762-35835c6ecdd5: start fb2bbb8d-0a43-4468-9762-35835c6ecdd5@group-4A2A27F3DB13-FollowerState
2022-01-16 14:04:16,837 [Time-limited test] INFO  ozone.MiniOzoneClusterImpl (MiniOzoneClusterImpl.java:lambda$waitForHddsDatanodesStop$3(373)) - Waiting on 1 datanodes out of 2 to be marked unhealthy.
2022-01-16 14:04:17,838 [Time-limited test] INFO  ozone.MiniOzoneClusterImpl (MiniOzoneClusterImpl.java:lambda$waitForHddsDatanodesStop$3(373)) - Waiting on 1 datanodes out of 2 to be marked unhealthy.
2022-01-16 14:04:18,838 [Time-limited test] INFO  ozone.MiniOzoneClusterImpl (MiniOzoneClusterImpl.java:lambda$waitForHddsDatanodesStop$3(373)) - Waiting on 1 datanodes out of 2 to be marked unhealthy.
2022-01-16 14:04:19,839 [Time-limited test] INFO  ozone.MiniOzoneClusterImpl (MiniOzoneClusterImpl.java:lambda$waitForHddsDatanodesStop$3(373)) - Waiting on 1 datanodes out of 2 to be marked unhealthy.
2022-01-16 14:04:20,839 [Time-limited test] INFO  ozone.MiniOzoneClusterImpl (MiniOzoneClusterImpl.java:lambda$waitForHddsDatanodesStop$3(373)) - Waiting on 1 datanodes out of 2 to be marked unhealthy.
2022-01-16 14:04:21,101 [fb2bbb8d-0a43-4468-9762-35835c6ecdd5@group-4A2A27F3DB13-FollowerState] INFO  impl.FollowerState (FollowerState.java:run(134)) - fb2bbb8d-0a43-4468-9762-35835c6ecdd5@group-4A2A27F3DB13-FollowerState: change to CANDIDATE, lastRpcElapsedTime:5187045159ns, electionTimeout:5179ms
2022-01-16 14:04:21,102 [fb2bbb8d-0a43-4468-9762-35835c6ecdd5@group-4A2A27F3DB13-FollowerState] INFO  impl.RoleInfo (RoleInfo.java:shutdownFollowerState(108)) - fb2bbb8d-0a43-4468-9762-35835c6ecdd5: shutdown fb2bbb8d-0a43-4468-9762-35835c6ecdd5@group-4A2A27F3DB13-FollowerState
2022-01-16 14:04:21,102 [fb2bbb8d-0a43-4468-9762-35835c6ecdd5@group-4A2A27F3DB13-FollowerState] INFO  server.RaftServer$Division (RaftServerImpl.java:setRole(290)) - fb2bbb8d-0a43-4468-9762-35835c6ecdd5@group-4A2A27F3DB13: changes role from  FOLLOWER to CANDIDATE at term 12 for changeToCandidate
2022-01-16 14:04:21,102 [fb2bbb8d-0a43-4468-9762-35835c6ecdd5@group-4A2A27F3DB13-FollowerState] INFO  server.RaftServerConfigKeys (ConfUtils.java:logGet(44)) - raft.server.leaderelection.pre-vote = false (custom)
2022-01-16 14:04:21,102 [fb2bbb8d-0a43-4468-9762-35835c6ecdd5@group-4A2A27F3DB13-FollowerState] INFO  impl.RoleInfo (RoleInfo.java:updateAndGet(130)) - fb2bbb8d-0a43-4468-9762-35835c6ecdd5: start fb2bbb8d-0a43-4468-9762-35835c6ecdd5@group-4A2A27F3DB13-LeaderElection29
2022-01-16 14:04:21,110 [fb2bbb8d-0a43-4468-9762-35835c6ecdd5@group-4A2A27F3DB13-LeaderElection29] INFO  impl.LeaderElection (LeaderElection.java:askForVotes(306)) - fb2bbb8d-0a43-4468-9762-35835c6ecdd5@group-4A2A27F3DB13-LeaderElection29 ELECTION round 0: submit vote requests at term 13 for 0: [6bfb9779-376e-41d0-a4a3-df540c6cb1bb|rpc:10.1.0.30:35687|dataStream:|priority:0, fb2bbb8d-0a43-4468-9762-35835c6ecdd5|rpc:10.1.0.30:42593|dataStream:|priority:0, 85ccfe40-d44a-4cce-8ecd-09036b5f4718|rpc:10.1.0.30:34255|dataStream:|priority:1], old=null
2022-01-16 14:04:21,111 [fb2bbb8d-0a43-4468-9762-35835c6ecdd5@group-4A2A27F3DB13-LeaderElection29] INFO  impl.LeaderElection (LogUtils.java:infoOrTrace(137)) - fb2bbb8d-0a43-4468-9762-35835c6ecdd5@group-4A2A27F3DB13-LeaderElection29 got exception when requesting votes: java.util.concurrent.ExecutionException: org.apache.ratis.thirdparty.io.grpc.StatusRuntimeException: UNAVAILABLE: io exception
2022-01-16 14:04:21,118 [fb2bbb8d-0a43-4468-9762-35835c6ecdd5@group-4A2A27F3DB13-LeaderElection29] INFO  impl.LeaderElection (LogUtils.java:infoOrTrace(137)) - fb2bbb8d-0a43-4468-9762-35835c6ecdd5@group-4A2A27F3DB13-LeaderElection29 got exception when requesting votes: java.util.concurrent.ExecutionException: org.apache.ratis.thirdparty.io.grpc.StatusRuntimeException: UNAVAILABLE: io exception
2022-01-16 14:04:21,118 [fb2bbb8d-0a43-4468-9762-35835c6ecdd5@group-4A2A27F3DB13-LeaderElection29] INFO  impl.LeaderElection (LeaderElection.java:logAndReturn(89)) - fb2bbb8d-0a43-4468-9762-35835c6ecdd5@group-4A2A27F3DB13-LeaderElection29: ELECTION REJECTED received 0 response(s) and 2 exception(s):
2022-01-16 14:04:21,118 [fb2bbb8d-0a43-4468-9762-35835c6ecdd5@group-4A2A27F3DB13-LeaderElection29] INFO  impl.LeaderElection (LogUtils.java:infoOrTrace(137)) -   Exception 0: java.util.concurrent.ExecutionException: org.apache.ratis.thirdparty.io.grpc.StatusRuntimeException: UNAVAILABLE: io exception
2022-01-16 14:04:21,118 [fb2bbb8d-0a43-4468-9762-35835c6ecdd5@group-4A2A27F3DB13-LeaderElection29] INFO  impl.LeaderElection (LogUtils.java:infoOrTrace(137)) -   Exception 1: java.util.concurrent.ExecutionException: org.apache.ratis.thirdparty.io.grpc.StatusRuntimeException: UNAVAILABLE: io exception
2022-01-16 14:04:21,118 [fb2bbb8d-0a43-4468-9762-35835c6ecdd5@group-4A2A27F3DB13-LeaderElection29] INFO  impl.LeaderElection (LeaderElection.java:askForVotes(308)) - fb2bbb8d-0a43-4468-9762-35835c6ecdd5@group-4A2A27F3DB13-LeaderElection29 ELECTION round 0: result REJECTED
2022-01-16 14:04:21,118 [fb2bbb8d-0a43-4468-9762-35835c6ecdd5@group-4A2A27F3DB13-LeaderElection29] INFO  server.RaftServer$Division (RaftServerImpl.java:setRole(290)) - fb2bbb8d-0a43-4468-9762-35835c6ecdd5@group-4A2A27F3DB13: changes role from CANDIDATE to FOLLOWER at term 13 for REJECTED
2022-01-16 14:04:21,118 [fb2bbb8d-0a43-4468-9762-35835c6ecdd5@group-4A2A27F3DB13-LeaderElection29] INFO  impl.RoleInfo (RoleInfo.java:shutdownLeaderElection(121)) - fb2bbb8d-0a43-4468-9762-35835c6ecdd5: shutdown fb2bbb8d-0a43-4468-9762-35835c6ecdd5@group-4A2A27F3DB13-LeaderElection29
2022-01-16 14:04:21,118 [fb2bbb8d-0a43-4468-9762-35835c6ecdd5@group-4A2A27F3DB13-LeaderElection29] INFO  impl.RoleInfo (RoleInfo.java:updateAndGet(130)) - fb2bbb8d-0a43-4468-9762-35835c6ecdd5: start fb2bbb8d-0a43-4468-9762-35835c6ecdd5@group-4A2A27F3DB13-FollowerState
2022-01-16 14:04:21,839 [Time-limited test] INFO  ozone.MiniOzoneClusterImpl (MiniOzoneClusterImpl.java:lambda$waitForHddsDatanodesStop$3(373)) - Waiting on 1 datanodes out of 2 to be marked unhealthy.
2022-01-16 14:04:22,840 [Time-limited test] INFO  ozone.MiniOzoneClusterImpl (MiniOzoneClusterImpl.java:lambda$waitForHddsDatanodesStop$3(373)) - Waiting on 1 datanodes out of 2 to be marked unhealthy.
2022-01-16 14:04:23,840 [Time-limited test] INFO  ozone.MiniOzoneClusterImpl (MiniOzoneClusterImpl.java:lambda$waitForHddsDatanodesStop$3(373)) - Waiting on 1 datanodes out of 2 to be marked unhealthy.
2022-01-16 14:04:24,840 [Time-limited test] INFO  ozone.MiniOzoneClusterImpl (MiniOzoneClusterImpl.java:lambda$waitForHddsDatanodesStop$3(373)) - Waiting on 1 datanodes out of 2 to be marked unhealthy.
2022-01-16 14:04:25,841 [Time-limited test] INFO  ozone.MiniOzoneClusterImpl (MiniOzoneClusterImpl.java:lambda$waitForHddsDatanodesStop$3(373)) - Waiting on 1 datanodes out of 2 to be marked unhealthy.
2022-01-16 14:04:26,267 [fb2bbb8d-0a43-4468-9762-35835c6ecdd5@group-4A2A27F3DB13-FollowerState] INFO  impl.FollowerState (FollowerState.java:run(134)) - fb2bbb8d-0a43-4468-9762-35835c6ecdd5@group-4A2A27F3DB13-FollowerState: change to CANDIDATE, lastRpcElapsedTime:5149106969ns, electionTimeout:5138ms
2022-01-16 14:04:26,268 [fb2bbb8d-0a43-4468-9762-35835c6ecdd5@group-4A2A27F3DB13-FollowerState] INFO  impl.RoleInfo (RoleInfo.java:shutdownFollowerState(108)) - fb2bbb8d-0a43-4468-9762-35835c6ecdd5: shutdown fb2bbb8d-0a43-4468-9762-35835c6ecdd5@group-4A2A27F3DB13-FollowerState
2022-01-16 14:04:26,268 [fb2bbb8d-0a43-4468-9762-35835c6ecdd5@group-4A2A27F3DB13-FollowerState] INFO  server.RaftServer$Division (RaftServerImpl.java:setRole(290)) - fb2bbb8d-0a43-4468-9762-35835c6ecdd5@group-4A2A27F3DB13: changes role from  FOLLOWER to CANDIDATE at term 13 for changeToCandidate
2022-01-16 14:04:26,268 [fb2bbb8d-0a43-4468-9762-35835c6ecdd5@group-4A2A27F3DB13-FollowerState] INFO  server.RaftServerConfigKeys (ConfUtils.java:logGet(44)) - raft.server.leaderelection.pre-vote = false (custom)
2022-01-16 14:04:26,268 [fb2bbb8d-0a43-4468-9762-35835c6ecdd5@group-4A2A27F3DB13-FollowerState] INFO  impl.RoleInfo (RoleInfo.java:updateAndGet(130)) - fb2bbb8d-0a43-4468-9762-35835c6ecdd5: start fb2bbb8d-0a43-4468-9762-35835c6ecdd5@group-4A2A27F3DB13-LeaderElection30
2022-01-16 14:04:26,276 [fb2bbb8d-0a43-4468-9762-35835c6ecdd5@group-4A2A27F3DB13-LeaderElection30] INFO  impl.LeaderElection (LeaderElection.java:askForVotes(306)) - fb2bbb8d-0a43-4468-9762-35835c6ecdd5@group-4A2A27F3DB13-LeaderElection30 ELECTION round 0: submit vote requests at term 14 for 0: [6bfb9779-376e-41d0-a4a3-df540c6cb1bb|rpc:10.1.0.30:35687|dataStream:|priority:0, fb2bbb8d-0a43-4468-9762-35835c6ecdd5|rpc:10.1.0.30:42593|dataStream:|priority:0, 85ccfe40-d44a-4cce-8ecd-09036b5f4718|rpc:10.1.0.30:34255|dataStream:|priority:1], old=null
2022-01-16 14:04:26,285 [fb2bbb8d-0a43-4468-9762-35835c6ecdd5@group-4A2A27F3DB13-LeaderElection30] INFO  impl.LeaderElection (LogUtils.java:infoOrTrace(137)) - fb2bbb8d-0a43-4468-9762-35835c6ecdd5@group-4A2A27F3DB13-LeaderElection30 got exception when requesting votes: java.util.concurrent.ExecutionException: org.apache.ratis.thirdparty.io.grpc.StatusRuntimeException: UNAVAILABLE: io exception
2022-01-16 14:04:26,285 [fb2bbb8d-0a43-4468-9762-35835c6ecdd5@group-4A2A27F3DB13-LeaderElection30] INFO  impl.LeaderElection (LogUtils.java:infoOrTrace(137)) - fb2bbb8d-0a43-4468-9762-35835c6ecdd5@group-4A2A27F3DB13-LeaderElection30 got exception when requesting votes: java.util.concurrent.ExecutionException: org.apache.ratis.thirdparty.io.grpc.StatusRuntimeException: UNAVAILABLE: io exception
2022-01-16 14:04:26,285 [fb2bbb8d-0a43-4468-9762-35835c6ecdd5@group-4A2A27F3DB13-LeaderElection30] INFO  impl.LeaderElection (LeaderElection.java:logAndReturn(89)) - fb2bbb8d-0a43-4468-9762-35835c6ecdd5@group-4A2A27F3DB13-LeaderElection30: ELECTION REJECTED received 0 response(s) and 2 exception(s):
2022-01-16 14:04:26,285 [fb2bbb8d-0a43-4468-9762-35835c6ecdd5@group-4A2A27F3DB13-LeaderElection30] INFO  impl.LeaderElection (LogUtils.java:infoOrTrace(137)) -   Exception 0: java.util.concurrent.ExecutionException: org.apache.ratis.thirdparty.io.grpc.StatusRuntimeException: UNAVAILABLE: io exception
2022-01-16 14:04:26,285 [fb2bbb8d-0a43-4468-9762-35835c6ecdd5@group-4A2A27F3DB13-LeaderElection30] INFO  impl.LeaderElection (LogUtils.java:infoOrTrace(137)) -   Exception 1: java.util.concurrent.ExecutionException: org.apache.ratis.thirdparty.io.grpc.StatusRuntimeException: UNAVAILABLE: io exception
2022-01-16 14:04:26,285 [fb2bbb8d-0a43-4468-9762-35835c6ecdd5@group-4A2A27F3DB13-LeaderElection30] INFO  impl.LeaderElection (LeaderElection.java:askForVotes(308)) - fb2bbb8d-0a43-4468-9762-35835c6ecdd5@group-4A2A27F3DB13-LeaderElection30 ELECTION round 0: result REJECTED
2022-01-16 14:04:26,285 [fb2bbb8d-0a43-4468-9762-35835c6ecdd5@group-4A2A27F3DB13-LeaderElection30] INFO  server.RaftServer$Division (RaftServerImpl.java:setRole(290)) - fb2bbb8d-0a43-4468-9762-35835c6ecdd5@group-4A2A27F3DB13: changes role from CANDIDATE to FOLLOWER at term 14 for REJECTED
2022-01-16 14:04:26,285 [fb2bbb8d-0a43-4468-9762-35835c6ecdd5@group-4A2A27F3DB13-LeaderElection30] INFO  impl.RoleInfo (RoleInfo.java:shutdownLeaderElection(121)) - fb2bbb8d-0a43-4468-9762-35835c6ecdd5: shutdown fb2bbb8d-0a43-4468-9762-35835c6ecdd5@group-4A2A27F3DB13-LeaderElection30
2022-01-16 14:04:26,285 [fb2bbb8d-0a43-4468-9762-35835c6ecdd5@group-4A2A27F3DB13-LeaderElection30] INFO  impl.RoleInfo (RoleInfo.java:updateAndGet(130)) - fb2bbb8d-0a43-4468-9762-35835c6ecdd5: start fb2bbb8d-0a43-4468-9762-35835c6ecdd5@group-4A2A27F3DB13-FollowerState
2022-01-16 14:04:26,841 [Time-limited test] INFO  ozone.MiniOzoneClusterImpl (MiniOzoneClusterImpl.java:lambda$waitForHddsDatanodesStop$3(373)) - Waiting on 1 datanodes out of 2 to be marked unhealthy.
2022-01-16 14:04:27,841 [Time-limited test] INFO  ozone.MiniOzoneClusterImpl (MiniOzoneClusterImpl.java:lambda$waitForHddsDatanodesStop$3(373)) - Waiting on 1 datanodes out of 2 to be marked unhealthy.
2022-01-16 14:04:28,842 [Time-limited test] INFO  ozone.MiniOzoneClusterImpl (MiniOzoneClusterImpl.java:lambda$waitForHddsDatanodesStop$3(373)) - Waiting on 1 datanodes out of 2 to be marked unhealthy.
2022-01-16 14:04:29,842 [Time-limited test] INFO  ozone.MiniOzoneClusterImpl (MiniOzoneClusterImpl.java:lambda$waitForHddsDatanodesStop$3(373)) - Waiting on 1 datanodes out of 2 to be marked unhealthy.
2022-01-16 14:04:30,843 [Time-limited test] INFO  ozone.MiniOzoneClusterImpl (MiniOzoneClusterImpl.java:lambda$waitForHddsDatanodesStop$3(373)) - Waiting on 1 datanodes out of 2 to be marked unhealthy.
2022-01-16 14:04:31,394 [fb2bbb8d-0a43-4468-9762-35835c6ecdd5@group-4A2A27F3DB13-FollowerState] INFO  impl.FollowerState (FollowerState.java:run(134)) - fb2bbb8d-0a43-4468-9762-35835c6ecdd5@group-4A2A27F3DB13-FollowerState: change to CANDIDATE, lastRpcElapsedTime:5108927619ns, electionTimeout:5101ms
2022-01-16 14:04:31,394 [fb2bbb8d-0a43-4468-9762-35835c6ecdd5@group-4A2A27F3DB13-FollowerState] INFO  impl.RoleInfo (RoleInfo.java:shutdownFollowerState(108)) - fb2bbb8d-0a43-4468-9762-35835c6ecdd5: shutdown fb2bbb8d-0a43-4468-9762-35835c6ecdd5@group-4A2A27F3DB13-FollowerState
2022-01-16 14:04:31,395 [fb2bbb8d-0a43-4468-9762-35835c6ecdd5@group-4A2A27F3DB13-FollowerState] INFO  server.RaftServer$Division (RaftServerImpl.java:setRole(290)) - fb2bbb8d-0a43-4468-9762-35835c6ecdd5@group-4A2A27F3DB13: changes role from  FOLLOWER to CANDIDATE at term 14 for changeToCandidate
2022-01-16 14:04:31,395 [fb2bbb8d-0a43-4468-9762-35835c6ecdd5@group-4A2A27F3DB13-FollowerState] INFO  server.RaftServerConfigKeys (ConfUtils.java:logGet(44)) - raft.server.leaderelection.pre-vote = false (custom)
2022-01-16 14:04:31,395 [fb2bbb8d-0a43-4468-9762-35835c6ecdd5@group-4A2A27F3DB13-FollowerState] INFO  impl.RoleInfo (RoleInfo.java:updateAndGet(130)) - fb2bbb8d-0a43-4468-9762-35835c6ecdd5: start fb2bbb8d-0a43-4468-9762-35835c6ecdd5@group-4A2A27F3DB13-LeaderElection31
2022-01-16 14:04:31,427 [fb2bbb8d-0a43-4468-9762-35835c6ecdd5@group-4A2A27F3DB13-LeaderElection31] INFO  impl.LeaderElection (LeaderElection.java:askForVotes(306)) - fb2bbb8d-0a43-4468-9762-35835c6ecdd5@group-4A2A27F3DB13-LeaderElection31 ELECTION round 0: submit vote requests at term 15 for 0: [6bfb9779-376e-41d0-a4a3-df540c6cb1bb|rpc:10.1.0.30:35687|dataStream:|priority:0, fb2bbb8d-0a43-4468-9762-35835c6ecdd5|rpc:10.1.0.30:42593|dataStream:|priority:0, 85ccfe40-d44a-4cce-8ecd-09036b5f4718|rpc:10.1.0.30:34255|dataStream:|priority:1], old=null
2022-01-16 14:04:31,437 [fb2bbb8d-0a43-4468-9762-35835c6ecdd5@group-4A2A27F3DB13-LeaderElection31] INFO  impl.LeaderElection (LogUtils.java:infoOrTrace(137)) - fb2bbb8d-0a43-4468-9762-35835c6ecdd5@group-4A2A27F3DB13-LeaderElection31 got exception when requesting votes: java.util.concurrent.ExecutionException: org.apache.ratis.thirdparty.io.grpc.StatusRuntimeException: UNAVAILABLE: io exception
2022-01-16 14:04:31,437 [fb2bbb8d-0a43-4468-9762-35835c6ecdd5@group-4A2A27F3DB13-LeaderElection31] INFO  impl.LeaderElection (LogUtils.java:infoOrTrace(137)) - fb2bbb8d-0a43-4468-9762-35835c6ecdd5@group-4A2A27F3DB13-LeaderElection31 got exception when requesting votes: java.util.concurrent.ExecutionException: org.apache.ratis.thirdparty.io.grpc.StatusRuntimeException: UNAVAILABLE: io exception
2022-01-16 14:04:31,437 [fb2bbb8d-0a43-4468-9762-35835c6ecdd5@group-4A2A27F3DB13-LeaderElection31] INFO  impl.LeaderElection (LeaderElection.java:logAndReturn(89)) - fb2bbb8d-0a43-4468-9762-35835c6ecdd5@group-4A2A27F3DB13-LeaderElection31: ELECTION REJECTED received 0 response(s) and 2 exception(s):
2022-01-16 14:04:31,437 [fb2bbb8d-0a43-4468-9762-35835c6ecdd5@group-4A2A27F3DB13-LeaderElection31] INFO  impl.LeaderElection (LogUtils.java:infoOrTrace(137)) -   Exception 0: java.util.concurrent.ExecutionException: org.apache.ratis.thirdparty.io.grpc.StatusRuntimeException: UNAVAILABLE: io exception
2022-01-16 14:04:31,437 [fb2bbb8d-0a43-4468-9762-35835c6ecdd5@group-4A2A27F3DB13-LeaderElection31] INFO  impl.LeaderElection (LogUtils.java:infoOrTrace(137)) -   Exception 1: java.util.concurrent.ExecutionException: org.apache.ratis.thirdparty.io.grpc.StatusRuntimeException: UNAVAILABLE: io exception
2022-01-16 14:04:31,437 [fb2bbb8d-0a43-4468-9762-35835c6ecdd5@group-4A2A27F3DB13-LeaderElection31] INFO  impl.LeaderElection (LeaderElection.java:askForVotes(308)) - fb2bbb8d-0a43-4468-9762-35835c6ecdd5@group-4A2A27F3DB13-LeaderElection31 ELECTION round 0: result REJECTED
2022-01-16 14:04:31,441 [fb2bbb8d-0a43-4468-9762-35835c6ecdd5@group-4A2A27F3DB13-LeaderElection31] INFO  server.RaftServer$Division (RaftServerImpl.java:setRole(290)) - fb2bbb8d-0a43-4468-9762-35835c6ecdd5@group-4A2A27F3DB13: changes role from CANDIDATE to FOLLOWER at term 15 for REJECTED
2022-01-16 14:04:31,441 [fb2bbb8d-0a43-4468-9762-35835c6ecdd5@group-4A2A27F3DB13-LeaderElection31] INFO  impl.RoleInfo (RoleInfo.java:shutdownLeaderElection(121)) - fb2bbb8d-0a43-4468-9762-35835c6ecdd5: shutdown fb2bbb8d-0a43-4468-9762-35835c6ecdd5@group-4A2A27F3DB13-LeaderElection31
2022-01-16 14:04:31,441 [fb2bbb8d-0a43-4468-9762-35835c6ecdd5@group-4A2A27F3DB13-LeaderElection31] INFO  impl.RoleInfo (RoleInfo.java:updateAndGet(130)) - fb2bbb8d-0a43-4468-9762-35835c6ecdd5: start fb2bbb8d-0a43-4468-9762-35835c6ecdd5@group-4A2A27F3DB13-FollowerState
2022-01-16 14:04:31,843 [Time-limited test] INFO  ozone.MiniOzoneClusterImpl (MiniOzoneClusterImpl.java:lambda$waitForHddsDatanodesStop$3(373)) - Waiting on 1 datanodes out of 2 to be marked unhealthy.
2022-01-16 14:04:32,843 [Time-limited test] INFO  ozone.MiniOzoneClusterImpl (MiniOzoneClusterImpl.java:lambda$waitForHddsDatanodesStop$3(373)) - Waiting on 1 datanodes out of 2 to be marked unhealthy.
2022-01-16 14:04:33,844 [Time-limited test] INFO  ozone.MiniOzoneClusterImpl (MiniOzoneClusterImpl.java:lambda$waitForHddsDatanodesStop$3(373)) - Waiting on 1 datanodes out of 2 to be marked unhealthy.
2022-01-16 14:04:34,844 [Time-limited test] INFO  ozone.MiniOzoneClusterImpl (MiniOzoneClusterImpl.java:lambda$waitForHddsDatanodesStop$3(373)) - Waiting on 1 datanodes out of 2 to be marked unhealthy.
2022-01-16 14:04:35,844 [Time-limited test] INFO  ozone.MiniOzoneClusterImpl (MiniOzoneClusterImpl.java:lambda$waitForHddsDatanodesStop$3(373)) - Waiting on 1 datanodes out of 2 to be marked unhealthy.
2022-01-16 14:04:36,563 [fb2bbb8d-0a43-4468-9762-35835c6ecdd5@group-4A2A27F3DB13-FollowerState] INFO  impl.FollowerState (FollowerState.java:run(134)) - fb2bbb8d-0a43-4468-9762-35835c6ecdd5@group-4A2A27F3DB13-FollowerState: change to CANDIDATE, lastRpcElapsedTime:5121563827ns, electionTimeout:5120ms
2022-01-16 14:04:36,563 [fb2bbb8d-0a43-4468-9762-35835c6ecdd5@group-4A2A27F3DB13-FollowerState] INFO  impl.RoleInfo (RoleInfo.java:shutdownFollowerState(108)) - fb2bbb8d-0a43-4468-9762-35835c6ecdd5: shutdown fb2bbb8d-0a43-4468-9762-35835c6ecdd5@group-4A2A27F3DB13-FollowerState
2022-01-16 14:04:36,563 [fb2bbb8d-0a43-4468-9762-35835c6ecdd5@group-4A2A27F3DB13-FollowerState] INFO  server.RaftServer$Division (RaftServerImpl.java:setRole(290)) - fb2bbb8d-0a43-4468-9762-35835c6ecdd5@group-4A2A27F3DB13: changes role from  FOLLOWER to CANDIDATE at term 15 for changeToCandidate
2022-01-16 14:04:36,563 [fb2bbb8d-0a43-4468-9762-35835c6ecdd5@group-4A2A27F3DB13-FollowerState] INFO  server.RaftServerConfigKeys (ConfUtils.java:logGet(44)) - raft.server.leaderelection.pre-vote = false (custom)
2022-01-16 14:04:36,563 [fb2bbb8d-0a43-4468-9762-35835c6ecdd5@group-4A2A27F3DB13-FollowerState] INFO  impl.RoleInfo (RoleInfo.java:updateAndGet(130)) - fb2bbb8d-0a43-4468-9762-35835c6ecdd5: start fb2bbb8d-0a43-4468-9762-35835c6ecdd5@group-4A2A27F3DB13-LeaderElection32
2022-01-16 14:04:36,578 [fb2bbb8d-0a43-4468-9762-35835c6ecdd5@group-4A2A27F3DB13-LeaderElection32] INFO  impl.LeaderElection (LeaderElection.java:askForVotes(306)) - fb2bbb8d-0a43-4468-9762-35835c6ecdd5@group-4A2A27F3DB13-LeaderElection32 ELECTION round 0: submit vote requests at term 16 for 0: [6bfb9779-376e-41d0-a4a3-df540c6cb1bb|rpc:10.1.0.30:35687|dataStream:|priority:0, fb2bbb8d-0a43-4468-9762-35835c6ecdd5|rpc:10.1.0.30:42593|dataStream:|priority:0, 85ccfe40-d44a-4cce-8ecd-09036b5f4718|rpc:10.1.0.30:34255|dataStream:|priority:1], old=null
2022-01-16 14:04:36,593 [fb2bbb8d-0a43-4468-9762-35835c6ecdd5@group-4A2A27F3DB13-LeaderElection32] INFO  impl.LeaderElection (LogUtils.java:infoOrTrace(137)) - fb2bbb8d-0a43-4468-9762-35835c6ecdd5@group-4A2A27F3DB13-LeaderElection32 got exception when requesting votes: java.util.concurrent.ExecutionException: org.apache.ratis.thirdparty.io.grpc.StatusRuntimeException: UNAVAILABLE: io exception
2022-01-16 14:04:36,600 [fb2bbb8d-0a43-4468-9762-35835c6ecdd5@group-4A2A27F3DB13-LeaderElection32] INFO  impl.LeaderElection (LogUtils.java:infoOrTrace(137)) - fb2bbb8d-0a43-4468-9762-35835c6ecdd5@group-4A2A27F3DB13-LeaderElection32 got exception when requesting votes: java.util.concurrent.ExecutionException: org.apache.ratis.thirdparty.io.grpc.StatusRuntimeException: UNAVAILABLE: io exception
2022-01-16 14:04:36,600 [fb2bbb8d-0a43-4468-9762-35835c6ecdd5@group-4A2A27F3DB13-LeaderElection32] INFO  impl.LeaderElection (LeaderElection.java:logAndReturn(89)) - fb2bbb8d-0a43-4468-9762-35835c6ecdd5@group-4A2A27F3DB13-LeaderElection32: ELECTION REJECTED received 0 response(s) and 2 exception(s):
2022-01-16 14:04:36,600 [fb2bbb8d-0a43-4468-9762-35835c6ecdd5@group-4A2A27F3DB13-LeaderElection32] INFO  impl.LeaderElection (LogUtils.java:infoOrTrace(137)) -   Exception 0: java.util.concurrent.ExecutionException: org.apache.ratis.thirdparty.io.grpc.StatusRuntimeException: UNAVAILABLE: io exception
2022-01-16 14:04:36,600 [fb2bbb8d-0a43-4468-9762-35835c6ecdd5@group-4A2A27F3DB13-LeaderElection32] INFO  impl.LeaderElection (LogUtils.java:infoOrTrace(137)) -   Exception 1: java.util.concurrent.ExecutionException: org.apache.ratis.thirdparty.io.grpc.StatusRuntimeException: UNAVAILABLE: io exception
2022-01-16 14:04:36,600 [fb2bbb8d-0a43-4468-9762-35835c6ecdd5@group-4A2A27F3DB13-LeaderElection32] INFO  impl.LeaderElection (LeaderElection.java:askForVotes(308)) - fb2bbb8d-0a43-4468-9762-35835c6ecdd5@group-4A2A27F3DB13-LeaderElection32 ELECTION round 0: result REJECTED
2022-01-16 14:04:36,600 [fb2bbb8d-0a43-4468-9762-35835c6ecdd5@group-4A2A27F3DB13-LeaderElection32] INFO  server.RaftServer$Division (RaftServerImpl.java:setRole(290)) - fb2bbb8d-0a43-4468-9762-35835c6ecdd5@group-4A2A27F3DB13: changes role from CANDIDATE to FOLLOWER at term 16 for REJECTED
2022-01-16 14:04:36,600 [fb2bbb8d-0a43-4468-9762-35835c6ecdd5@group-4A2A27F3DB13-LeaderElection32] INFO  impl.RoleInfo (RoleInfo.java:shutdownLeaderElection(121)) - fb2bbb8d-0a43-4468-9762-35835c6ecdd5: shutdown fb2bbb8d-0a43-4468-9762-35835c6ecdd5@group-4A2A27F3DB13-LeaderElection32
2022-01-16 14:04:36,600 [fb2bbb8d-0a43-4468-9762-35835c6ecdd5@group-4A2A27F3DB13-LeaderElection32] INFO  impl.RoleInfo (RoleInfo.java:updateAndGet(130)) - fb2bbb8d-0a43-4468-9762-35835c6ecdd5: start fb2bbb8d-0a43-4468-9762-35835c6ecdd5@group-4A2A27F3DB13-FollowerState
2022-01-16 14:04:36,845 [Time-limited test] INFO  ozone.MiniOzoneClusterImpl (MiniOzoneClusterImpl.java:lambda$waitForHddsDatanodesStop$3(373)) - Waiting on 1 datanodes out of 2 to be marked unhealthy.
2022-01-16 14:04:37,845 [Time-limited test] INFO  ozone.MiniOzoneClusterImpl (MiniOzoneClusterImpl.java:lambda$waitForHddsDatanodesStop$3(373)) - Waiting on 1 datanodes out of 2 to be marked unhealthy.
2022-01-16 14:04:38,845 [Time-limited test] INFO  ozone.MiniOzoneClusterImpl (MiniOzoneClusterImpl.java:lambda$waitForHddsDatanodesStop$3(373)) - Waiting on 1 datanodes out of 2 to be marked unhealthy.
2022-01-16 14:04:39,846 [Time-limited test] INFO  ozone.MiniOzoneClusterImpl (MiniOzoneClusterImpl.java:lambda$waitForHddsDatanodesStop$3(373)) - Waiting on 1 datanodes out of 2 to be marked unhealthy.
2022-01-16 14:04:40,846 [Time-limited test] INFO  ozone.MiniOzoneClusterImpl (MiniOzoneClusterImpl.java:lambda$waitForHddsDatanodesStop$3(373)) - Waiting on 1 datanodes out of 2 to be marked unhealthy.
2022-01-16 14:04:41,770 [fb2bbb8d-0a43-4468-9762-35835c6ecdd5@group-4A2A27F3DB13-FollowerState] INFO  impl.FollowerState (FollowerState.java:run(134)) - fb2bbb8d-0a43-4468-9762-35835c6ecdd5@group-4A2A27F3DB13-FollowerState: change to CANDIDATE, lastRpcElapsedTime:5169313682ns, electionTimeout:5157ms
2022-01-16 14:04:41,770 [fb2bbb8d-0a43-4468-9762-35835c6ecdd5@group-4A2A27F3DB13-FollowerState] INFO  impl.RoleInfo (RoleInfo.java:shutdownFollowerState(108)) - fb2bbb8d-0a43-4468-9762-35835c6ecdd5: shutdown fb2bbb8d-0a43-4468-9762-35835c6ecdd5@group-4A2A27F3DB13-FollowerState
2022-01-16 14:04:41,770 [fb2bbb8d-0a43-4468-9762-35835c6ecdd5@group-4A2A27F3DB13-FollowerState] INFO  server.RaftServer$Division (RaftServerImpl.java:setRole(290)) - fb2bbb8d-0a43-4468-9762-35835c6ecdd5@group-4A2A27F3DB13: changes role from  FOLLOWER to CANDIDATE at term 16 for changeToCandidate
2022-01-16 14:04:41,770 [fb2bbb8d-0a43-4468-9762-35835c6ecdd5@group-4A2A27F3DB13-FollowerState] INFO  server.RaftServerConfigKeys (ConfUtils.java:logGet(44)) - raft.server.leaderelection.pre-vote = false (custom)
2022-01-16 14:04:41,770 [fb2bbb8d-0a43-4468-9762-35835c6ecdd5@group-4A2A27F3DB13-FollowerState] INFO  impl.RoleInfo (RoleInfo.java:updateAndGet(130)) - fb2bbb8d-0a43-4468-9762-35835c6ecdd5: start fb2bbb8d-0a43-4468-9762-35835c6ecdd5@group-4A2A27F3DB13-LeaderElection33
2022-01-16 14:04:41,795 [fb2bbb8d-0a43-4468-9762-35835c6ecdd5@group-4A2A27F3DB13-LeaderElection33] INFO  impl.LeaderElection (LeaderElection.java:askForVotes(306)) - fb2bbb8d-0a43-4468-9762-35835c6ecdd5@group-4A2A27F3DB13-LeaderElection33 ELECTION round 0: submit vote requests at term 17 for 0: [6bfb9779-376e-41d0-a4a3-df540c6cb1bb|rpc:10.1.0.30:35687|dataStream:|priority:0, fb2bbb8d-0a43-4468-9762-35835c6ecdd5|rpc:10.1.0.30:42593|dataStream:|priority:0, 85ccfe40-d44a-4cce-8ecd-09036b5f4718|rpc:10.1.0.30:34255|dataStream:|priority:1], old=null
2022-01-16 14:04:41,808 [fb2bbb8d-0a43-4468-9762-35835c6ecdd5@group-4A2A27F3DB13-LeaderElection33] INFO  impl.LeaderElection (LogUtils.java:infoOrTrace(137)) - fb2bbb8d-0a43-4468-9762-35835c6ecdd5@group-4A2A27F3DB13-LeaderElection33 got exception when requesting votes: java.util.concurrent.ExecutionException: org.apache.ratis.thirdparty.io.grpc.StatusRuntimeException: UNAVAILABLE: io exception
2022-01-16 14:04:41,812 [fb2bbb8d-0a43-4468-9762-35835c6ecdd5@group-4A2A27F3DB13-LeaderElection33] INFO  impl.LeaderElection (LogUtils.java:infoOrTrace(137)) - fb2bbb8d-0a43-4468-9762-35835c6ecdd5@group-4A2A27F3DB13-LeaderElection33 got exception when requesting votes: java.util.concurrent.ExecutionException: org.apache.ratis.thirdparty.io.grpc.StatusRuntimeException: UNAVAILABLE: io exception
2022-01-16 14:04:41,812 [fb2bbb8d-0a43-4468-9762-35835c6ecdd5@group-4A2A27F3DB13-LeaderElection33] INFO  impl.LeaderElection (LeaderElection.java:logAndReturn(89)) - fb2bbb8d-0a43-4468-9762-35835c6ecdd5@group-4A2A27F3DB13-LeaderElection33: ELECTION REJECTED received 0 response(s) and 2 exception(s):
2022-01-16 14:04:41,812 [fb2bbb8d-0a43-4468-9762-35835c6ecdd5@group-4A2A27F3DB13-LeaderElection33] INFO  impl.LeaderElection (LogUtils.java:infoOrTrace(137)) -   Exception 0: java.util.concurrent.ExecutionException: org.apache.ratis.thirdparty.io.grpc.StatusRuntimeException: UNAVAILABLE: io exception
2022-01-16 14:04:41,812 [fb2bbb8d-0a43-4468-9762-35835c6ecdd5@group-4A2A27F3DB13-LeaderElection33] INFO  impl.LeaderElection (LogUtils.java:infoOrTrace(137)) -   Exception 1: java.util.concurrent.ExecutionException: org.apache.ratis.thirdparty.io.grpc.StatusRuntimeException: UNAVAILABLE: io exception
2022-01-16 14:04:41,812 [fb2bbb8d-0a43-4468-9762-35835c6ecdd5@group-4A2A27F3DB13-LeaderElection33] INFO  impl.LeaderElection (LeaderElection.java:askForVotes(308)) - fb2bbb8d-0a43-4468-9762-35835c6ecdd5@group-4A2A27F3DB13-LeaderElection33 ELECTION round 0: result REJECTED
2022-01-16 14:04:41,812 [fb2bbb8d-0a43-4468-9762-35835c6ecdd5@group-4A2A27F3DB13-LeaderElection33] INFO  server.RaftServer$Division (RaftServerImpl.java:setRole(290)) - fb2bbb8d-0a43-4468-9762-35835c6ecdd5@group-4A2A27F3DB13: changes role from CANDIDATE to FOLLOWER at term 17 for REJECTED
2022-01-16 14:04:41,812 [fb2bbb8d-0a43-4468-9762-35835c6ecdd5@group-4A2A27F3DB13-LeaderElection33] INFO  impl.RoleInfo (RoleInfo.java:shutdownLeaderElection(121)) - fb2bbb8d-0a43-4468-9762-35835c6ecdd5: shutdown fb2bbb8d-0a43-4468-9762-35835c6ecdd5@group-4A2A27F3DB13-LeaderElection33
2022-01-16 14:04:41,812 [fb2bbb8d-0a43-4468-9762-35835c6ecdd5@group-4A2A27F3DB13-LeaderElection33] INFO  impl.RoleInfo (RoleInfo.java:updateAndGet(130)) - fb2bbb8d-0a43-4468-9762-35835c6ecdd5: start fb2bbb8d-0a43-4468-9762-35835c6ecdd5@group-4A2A27F3DB13-FollowerState
2022-01-16 14:04:41,847 [Time-limited test] INFO  ozone.MiniOzoneClusterImpl (MiniOzoneClusterImpl.java:lambda$waitForHddsDatanodesStop$3(373)) - Waiting on 1 datanodes out of 2 to be marked unhealthy.
2022-01-16 14:04:42,847 [Time-limited test] INFO  ozone.MiniOzoneClusterImpl (MiniOzoneClusterImpl.java:lambda$waitForHddsDatanodesStop$3(373)) - Waiting on 1 datanodes out of 2 to be marked unhealthy.
2022-01-16 14:04:43,684 [Datanode State Machine Daemon Thread] ERROR datanode.RunningDatanodeState (RunningDatanodeState.java:computeNextContainerState(199)) - Error in executing end point task.
java.util.concurrent.ExecutionException: java.util.concurrent.TimeoutException
	at java.util.concurrent.FutureTask.report(FutureTask.java:122)
	at java.util.concurrent.FutureTask.get(FutureTask.java:192)
	at org.apache.hadoop.ozone.container.common.states.datanode.RunningDatanodeState.computeNextContainerState(RunningDatanodeState.java:191)
	at org.apache.hadoop.ozone.container.common.states.datanode.RunningDatanodeState.await(RunningDatanodeState.java:231)
	at org.apache.hadoop.ozone.container.common.states.datanode.RunningDatanodeState.await(RunningDatanodeState.java:50)
	at org.apache.hadoop.ozone.container.common.statemachine.StateContext.execute(StateContext.java:633)
	at org.apache.hadoop.ozone.container.common.statemachine.DatanodeStateMachine.start(DatanodeStateMachine.java:283)
	at org.apache.hadoop.ozone.container.common.statemachine.DatanodeStateMachine.lambda$startDaemon$0(DatanodeStateMachine.java:471)
	at java.lang.Thread.run(Thread.java:748)
Caused by: java.util.concurrent.TimeoutException
	at java.util.concurrent.FutureTask.get(FutureTask.java:205)
	at org.apache.hadoop.ozone.container.common.states.datanode.RunningDatanodeState.lambda$execute$0(RunningDatanodeState.java:149)
	at java.util.concurrent.FutureTask.run(FutureTask.java:266)
	at java.util.concurrent.Executors$RunnableAdapter.call(Executors.java:511)
	at java.util.concurrent.FutureTask.run(FutureTask.java:266)
	at java.util.concurrent.ThreadPoolExecutor.runWorker(ThreadPoolExecutor.java:1149)
	at java.util.concurrent.ThreadPoolExecutor$Worker.run(ThreadPoolExecutor.java:624)
	... 1 more
2022-01-16 14:04:43,847 [Time-limited test] INFO  ozone.MiniOzoneClusterImpl (MiniOzoneClusterImpl.java:lambda$waitForHddsDatanodesStop$3(373)) - Waiting on 1 datanodes out of 2 to be marked unhealthy.
2022-01-16 14:04:44,848 [Time-limited test] INFO  ozone.MiniOzoneClusterImpl (MiniOzoneClusterImpl.java:lambda$waitForHddsDatanodesStop$3(373)) - Waiting on 1 datanodes out of 2 to be marked unhealthy.
2022-01-16 14:04:45,848 [Time-limited test] INFO  ozone.MiniOzoneClusterImpl (MiniOzoneClusterImpl.java:lambda$waitForHddsDatanodesStop$3(373)) - Waiting on 1 datanodes out of 2 to be marked unhealthy.
2022-01-16 14:04:46,848 [Time-limited test] INFO  ozone.MiniOzoneClusterImpl (MiniOzoneClusterImpl.java:lambda$waitForHddsDatanodesStop$3(373)) - Waiting on 1 datanodes out of 2 to be marked unhealthy.
2022-01-16 14:04:47,020 [fb2bbb8d-0a43-4468-9762-35835c6ecdd5@group-4A2A27F3DB13-FollowerState] INFO  impl.FollowerState (FollowerState.java:run(134)) - fb2bbb8d-0a43-4468-9762-35835c6ecdd5@group-4A2A27F3DB13-FollowerState: change to CANDIDATE, lastRpcElapsedTime:5207088888ns, electionTimeout:5195ms
2022-01-16 14:04:47,020 [fb2bbb8d-0a43-4468-9762-35835c6ecdd5@group-4A2A27F3DB13-FollowerState] INFO  impl.RoleInfo (RoleInfo.java:shutdownFollowerState(108)) - fb2bbb8d-0a43-4468-9762-35835c6ecdd5: shutdown fb2bbb8d-0a43-4468-9762-35835c6ecdd5@group-4A2A27F3DB13-FollowerState
2022-01-16 14:04:47,020 [fb2bbb8d-0a43-4468-9762-35835c6ecdd5@group-4A2A27F3DB13-FollowerState] INFO  server.RaftServer$Division (RaftServerImpl.java:setRole(290)) - fb2bbb8d-0a43-4468-9762-35835c6ecdd5@group-4A2A27F3DB13: changes role from  FOLLOWER to CANDIDATE at term 17 for changeToCandidate
2022-01-16 14:04:47,020 [fb2bbb8d-0a43-4468-9762-35835c6ecdd5@group-4A2A27F3DB13-FollowerState] INFO  server.RaftServerConfigKeys (ConfUtils.java:logGet(44)) - raft.server.leaderelection.pre-vote = false (custom)
2022-01-16 14:04:47,020 [fb2bbb8d-0a43-4468-9762-35835c6ecdd5@group-4A2A27F3DB13-FollowerState] INFO  impl.RoleInfo (RoleInfo.java:updateAndGet(130)) - fb2bbb8d-0a43-4468-9762-35835c6ecdd5: start fb2bbb8d-0a43-4468-9762-35835c6ecdd5@group-4A2A27F3DB13-LeaderElection34
2022-01-16 14:04:47,039 [fb2bbb8d-0a43-4468-9762-35835c6ecdd5@group-4A2A27F3DB13-LeaderElection34] INFO  impl.LeaderElection (LeaderElection.java:askForVotes(306)) - fb2bbb8d-0a43-4468-9762-35835c6ecdd5@group-4A2A27F3DB13-LeaderElection34 ELECTION round 0: submit vote requests at term 18 for 0: [6bfb9779-376e-41d0-a4a3-df540c6cb1bb|rpc:10.1.0.30:35687|dataStream:|priority:0, fb2bbb8d-0a43-4468-9762-35835c6ecdd5|rpc:10.1.0.30:42593|dataStream:|priority:0, 85ccfe40-d44a-4cce-8ecd-09036b5f4718|rpc:10.1.0.30:34255|dataStream:|priority:1], old=null
2022-01-16 14:04:47,048 [fb2bbb8d-0a43-4468-9762-35835c6ecdd5@group-4A2A27F3DB13-LeaderElection34] INFO  impl.LeaderElection (LogUtils.java:infoOrTrace(137)) - fb2bbb8d-0a43-4468-9762-35835c6ecdd5@group-4A2A27F3DB13-LeaderElection34 got exception when requesting votes: java.util.concurrent.ExecutionException: org.apache.ratis.thirdparty.io.grpc.StatusRuntimeException: UNAVAILABLE: io exception
2022-01-16 14:04:47,049 [fb2bbb8d-0a43-4468-9762-35835c6ecdd5@group-4A2A27F3DB13-LeaderElection34] INFO  impl.LeaderElection (LogUtils.java:infoOrTrace(137)) - fb2bbb8d-0a43-4468-9762-35835c6ecdd5@group-4A2A27F3DB13-LeaderElection34 got exception when requesting votes: java.util.concurrent.ExecutionException: org.apache.ratis.thirdparty.io.grpc.StatusRuntimeException: UNAVAILABLE: io exception
2022-01-16 14:04:47,049 [fb2bbb8d-0a43-4468-9762-35835c6ecdd5@group-4A2A27F3DB13-LeaderElection34] INFO  impl.LeaderElection (LeaderElection.java:logAndReturn(89)) - fb2bbb8d-0a43-4468-9762-35835c6ecdd5@group-4A2A27F3DB13-LeaderElection34: ELECTION REJECTED received 0 response(s) and 2 exception(s):
2022-01-16 14:04:47,049 [fb2bbb8d-0a43-4468-9762-35835c6ecdd5@group-4A2A27F3DB13-LeaderElection34] INFO  impl.LeaderElection (LogUtils.java:infoOrTrace(137)) -   Exception 0: java.util.concurrent.ExecutionException: org.apache.ratis.thirdparty.io.grpc.StatusRuntimeException: UNAVAILABLE: io exception
2022-01-16 14:04:47,049 [fb2bbb8d-0a43-4468-9762-35835c6ecdd5@group-4A2A27F3DB13-LeaderElection34] INFO  impl.LeaderElection (LogUtils.java:infoOrTrace(137)) -   Exception 1: java.util.concurrent.ExecutionException: org.apache.ratis.thirdparty.io.grpc.StatusRuntimeException: UNAVAILABLE: io exception
2022-01-16 14:04:47,049 [fb2bbb8d-0a43-4468-9762-35835c6ecdd5@group-4A2A27F3DB13-LeaderElection34] INFO  impl.LeaderElection (LeaderElection.java:askForVotes(308)) - fb2bbb8d-0a43-4468-9762-35835c6ecdd5@group-4A2A27F3DB13-LeaderElection34 ELECTION round 0: result REJECTED
2022-01-16 14:04:47,049 [fb2bbb8d-0a43-4468-9762-35835c6ecdd5@group-4A2A27F3DB13-LeaderElection34] INFO  server.RaftServer$Division (RaftServerImpl.java:setRole(290)) - fb2bbb8d-0a43-4468-9762-35835c6ecdd5@group-4A2A27F3DB13: changes role from CANDIDATE to FOLLOWER at term 18 for REJECTED
2022-01-16 14:04:47,049 [fb2bbb8d-0a43-4468-9762-35835c6ecdd5@group-4A2A27F3DB13-LeaderElection34] INFO  impl.RoleInfo (RoleInfo.java:shutdownLeaderElection(121)) - fb2bbb8d-0a43-4468-9762-35835c6ecdd5: shutdown fb2bbb8d-0a43-4468-9762-35835c6ecdd5@group-4A2A27F3DB13-LeaderElection34
2022-01-16 14:04:47,049 [fb2bbb8d-0a43-4468-9762-35835c6ecdd5@group-4A2A27F3DB13-LeaderElection34] INFO  impl.RoleInfo (RoleInfo.java:updateAndGet(130)) - fb2bbb8d-0a43-4468-9762-35835c6ecdd5: start fb2bbb8d-0a43-4468-9762-35835c6ecdd5@group-4A2A27F3DB13-FollowerState
2022-01-16 14:04:47,849 [Time-limited test] INFO  ozone.MiniOzoneClusterImpl (MiniOzoneClusterImpl.java:lambda$waitForHddsDatanodesStop$3(373)) - Waiting on 1 datanodes out of 2 to be marked unhealthy.
2022-01-16 14:04:48,849 [Time-limited test] INFO  ozone.MiniOzoneClusterImpl (MiniOzoneClusterImpl.java:lambda$waitForHddsDatanodesStop$3(373)) - Waiting on 1 datanodes out of 2 to be marked unhealthy.
2022-01-16 14:04:49,849 [Time-limited test] INFO  ozone.MiniOzoneClusterImpl (MiniOzoneClusterImpl.java:lambda$waitForHddsDatanodesStop$3(373)) - Waiting on 1 datanodes out of 2 to be marked unhealthy.
2022-01-16 14:04:50,850 [Time-limited test] INFO  ozone.MiniOzoneClusterImpl (MiniOzoneClusterImpl.java:lambda$waitForHddsDatanodesStop$3(373)) - Waiting on 1 datanodes out of 2 to be marked unhealthy.
2022-01-16 14:04:51,850 [Time-limited test] INFO  ozone.MiniOzoneClusterImpl (MiniOzoneClusterImpl.java:lambda$waitForHddsDatanodesStop$3(373)) - Waiting on 1 datanodes out of 2 to be marked unhealthy.
2022-01-16 14:04:52,215 [fb2bbb8d-0a43-4468-9762-35835c6ecdd5@group-4A2A27F3DB13-FollowerState] INFO  impl.FollowerState (FollowerState.java:run(134)) - fb2bbb8d-0a43-4468-9762-35835c6ecdd5@group-4A2A27F3DB13-FollowerState: change to CANDIDATE, lastRpcElapsedTime:5166461431ns, electionTimeout:5160ms
2022-01-16 14:04:52,216 [fb2bbb8d-0a43-4468-9762-35835c6ecdd5@group-4A2A27F3DB13-FollowerState] INFO  impl.RoleInfo (RoleInfo.java:shutdownFollowerState(108)) - fb2bbb8d-0a43-4468-9762-35835c6ecdd5: shutdown fb2bbb8d-0a43-4468-9762-35835c6ecdd5@group-4A2A27F3DB13-FollowerState
2022-01-16 14:04:52,216 [fb2bbb8d-0a43-4468-9762-35835c6ecdd5@group-4A2A27F3DB13-FollowerState] INFO  server.RaftServer$Division (RaftServerImpl.java:setRole(290)) - fb2bbb8d-0a43-4468-9762-35835c6ecdd5@group-4A2A27F3DB13: changes role from  FOLLOWER to CANDIDATE at term 18 for changeToCandidate
2022-01-16 14:04:52,216 [fb2bbb8d-0a43-4468-9762-35835c6ecdd5@group-4A2A27F3DB13-FollowerState] INFO  server.RaftServerConfigKeys (ConfUtils.java:logGet(44)) - raft.server.leaderelection.pre-vote = false (custom)
2022-01-16 14:04:52,216 [fb2bbb8d-0a43-4468-9762-35835c6ecdd5@group-4A2A27F3DB13-FollowerState] INFO  impl.RoleInfo (RoleInfo.java:updateAndGet(130)) - fb2bbb8d-0a43-4468-9762-35835c6ecdd5: start fb2bbb8d-0a43-4468-9762-35835c6ecdd5@group-4A2A27F3DB13-LeaderElection35
2022-01-16 14:04:52,222 [fb2bbb8d-0a43-4468-9762-35835c6ecdd5@group-4A2A27F3DB13-LeaderElection35] INFO  impl.LeaderElection (LeaderElection.java:askForVotes(306)) - fb2bbb8d-0a43-4468-9762-35835c6ecdd5@group-4A2A27F3DB13-LeaderElection35 ELECTION round 0: submit vote requests at term 19 for 0: [6bfb9779-376e-41d0-a4a3-df540c6cb1bb|rpc:10.1.0.30:35687|dataStream:|priority:0, fb2bbb8d-0a43-4468-9762-35835c6ecdd5|rpc:10.1.0.30:42593|dataStream:|priority:0, 85ccfe40-d44a-4cce-8ecd-09036b5f4718|rpc:10.1.0.30:34255|dataStream:|priority:1], old=null
2022-01-16 14:04:52,228 [fb2bbb8d-0a43-4468-9762-35835c6ecdd5@group-4A2A27F3DB13-LeaderElection35] INFO  impl.LeaderElection (LogUtils.java:infoOrTrace(137)) - fb2bbb8d-0a43-4468-9762-35835c6ecdd5@group-4A2A27F3DB13-LeaderElection35 got exception when requesting votes: java.util.concurrent.ExecutionException: org.apache.ratis.thirdparty.io.grpc.StatusRuntimeException: UNAVAILABLE: io exception
2022-01-16 14:04:52,231 [fb2bbb8d-0a43-4468-9762-35835c6ecdd5@group-4A2A27F3DB13-LeaderElection35] INFO  impl.LeaderElection (LogUtils.java:infoOrTrace(137)) - fb2bbb8d-0a43-4468-9762-35835c6ecdd5@group-4A2A27F3DB13-LeaderElection35 got exception when requesting votes: java.util.concurrent.ExecutionException: org.apache.ratis.thirdparty.io.grpc.StatusRuntimeException: UNAVAILABLE: io exception
2022-01-16 14:04:52,231 [fb2bbb8d-0a43-4468-9762-35835c6ecdd5@group-4A2A27F3DB13-LeaderElection35] INFO  impl.LeaderElection (LeaderElection.java:logAndReturn(89)) - fb2bbb8d-0a43-4468-9762-35835c6ecdd5@group-4A2A27F3DB13-LeaderElection35: ELECTION REJECTED received 0 response(s) and 2 exception(s):
2022-01-16 14:04:52,231 [fb2bbb8d-0a43-4468-9762-35835c6ecdd5@group-4A2A27F3DB13-LeaderElection35] INFO  impl.LeaderElection (LogUtils.java:infoOrTrace(137)) -   Exception 0: java.util.concurrent.ExecutionException: org.apache.ratis.thirdparty.io.grpc.StatusRuntimeException: UNAVAILABLE: io exception
2022-01-16 14:04:52,231 [fb2bbb8d-0a43-4468-9762-35835c6ecdd5@group-4A2A27F3DB13-LeaderElection35] INFO  impl.LeaderElection (LogUtils.java:infoOrTrace(137)) -   Exception 1: java.util.concurrent.ExecutionException: org.apache.ratis.thirdparty.io.grpc.StatusRuntimeException: UNAVAILABLE: io exception
2022-01-16 14:04:52,231 [fb2bbb8d-0a43-4468-9762-35835c6ecdd5@group-4A2A27F3DB13-LeaderElection35] INFO  impl.LeaderElection (LeaderElection.java:askForVotes(308)) - fb2bbb8d-0a43-4468-9762-35835c6ecdd5@group-4A2A27F3DB13-LeaderElection35 ELECTION round 0: result REJECTED
2022-01-16 14:04:52,232 [fb2bbb8d-0a43-4468-9762-35835c6ecdd5@group-4A2A27F3DB13-LeaderElection35] INFO  server.RaftServer$Division (RaftServerImpl.java:setRole(290)) - fb2bbb8d-0a43-4468-9762-35835c6ecdd5@group-4A2A27F3DB13: changes role from CANDIDATE to FOLLOWER at term 19 for REJECTED
2022-01-16 14:04:52,232 [fb2bbb8d-0a43-4468-9762-35835c6ecdd5@group-4A2A27F3DB13-LeaderElection35] INFO  impl.RoleInfo (RoleInfo.java:shutdownLeaderElection(121)) - fb2bbb8d-0a43-4468-9762-35835c6ecdd5: shutdown fb2bbb8d-0a43-4468-9762-35835c6ecdd5@group-4A2A27F3DB13-LeaderElection35
2022-01-16 14:04:52,232 [fb2bbb8d-0a43-4468-9762-35835c6ecdd5@group-4A2A27F3DB13-LeaderElection35] INFO  impl.RoleInfo (RoleInfo.java:updateAndGet(130)) - fb2bbb8d-0a43-4468-9762-35835c6ecdd5: start fb2bbb8d-0a43-4468-9762-35835c6ecdd5@group-4A2A27F3DB13-FollowerState
2022-01-16 14:04:52,850 [Time-limited test] INFO  ozone.MiniOzoneClusterImpl (MiniOzoneClusterImpl.java:lambda$waitForHddsDatanodesStop$3(373)) - Waiting on 1 datanodes out of 2 to be marked unhealthy.
2022-01-16 14:04:53,851 [Time-limited test] INFO  ozone.MiniOzoneClusterImpl (MiniOzoneClusterImpl.java:lambda$waitForHddsDatanodesStop$3(373)) - Waiting on 1 datanodes out of 2 to be marked unhealthy.
2022-01-16 14:04:54,851 [Time-limited test] INFO  ozone.MiniOzoneClusterImpl (MiniOzoneClusterImpl.java:lambda$waitForHddsDatanodesStop$3(373)) - Waiting on 1 datanodes out of 2 to be marked unhealthy.
2022-01-16 14:04:55,852 [Time-limited test] INFO  ozone.MiniOzoneClusterImpl (MiniOzoneClusterImpl.java:lambda$waitForHddsDatanodesStop$3(373)) - Waiting on 1 datanodes out of 2 to be marked unhealthy.
2022-01-16 14:04:56,852 [Time-limited test] INFO  ozone.MiniOzoneClusterImpl (MiniOzoneClusterImpl.java:lambda$waitForHddsDatanodesStop$3(373)) - Waiting on 1 datanodes out of 2 to be marked unhealthy.
2022-01-16 14:04:57,405 [fb2bbb8d-0a43-4468-9762-35835c6ecdd5@group-4A2A27F3DB13-FollowerState] INFO  impl.FollowerState (FollowerState.java:run(134)) - fb2bbb8d-0a43-4468-9762-35835c6ecdd5@group-4A2A27F3DB13-FollowerState: change to CANDIDATE, lastRpcElapsedTime:5173730501ns, electionTimeout:5154ms
2022-01-16 14:04:57,406 [fb2bbb8d-0a43-4468-9762-35835c6ecdd5@group-4A2A27F3DB13-FollowerState] INFO  impl.RoleInfo (RoleInfo.java:shutdownFollowerState(108)) - fb2bbb8d-0a43-4468-9762-35835c6ecdd5: shutdown fb2bbb8d-0a43-4468-9762-35835c6ecdd5@group-4A2A27F3DB13-FollowerState
2022-01-16 14:04:57,406 [fb2bbb8d-0a43-4468-9762-35835c6ecdd5@group-4A2A27F3DB13-FollowerState] INFO  server.RaftServer$Division (RaftServerImpl.java:setRole(290)) - fb2bbb8d-0a43-4468-9762-35835c6ecdd5@group-4A2A27F3DB13: changes role from  FOLLOWER to CANDIDATE at term 19 for changeToCandidate
2022-01-16 14:04:57,406 [fb2bbb8d-0a43-4468-9762-35835c6ecdd5@group-4A2A27F3DB13-FollowerState] INFO  server.RaftServerConfigKeys (ConfUtils.java:logGet(44)) - raft.server.leaderelection.pre-vote = false (custom)
2022-01-16 14:04:57,406 [fb2bbb8d-0a43-4468-9762-35835c6ecdd5@group-4A2A27F3DB13-FollowerState] INFO  impl.RoleInfo (RoleInfo.java:updateAndGet(130)) - fb2bbb8d-0a43-4468-9762-35835c6ecdd5: start fb2bbb8d-0a43-4468-9762-35835c6ecdd5@group-4A2A27F3DB13-LeaderElection36
2022-01-16 14:04:57,417 [fb2bbb8d-0a43-4468-9762-35835c6ecdd5@group-4A2A27F3DB13-LeaderElection36] INFO  impl.LeaderElection (LeaderElection.java:askForVotes(306)) - fb2bbb8d-0a43-4468-9762-35835c6ecdd5@group-4A2A27F3DB13-LeaderElection36 ELECTION round 0: submit vote requests at term 20 for 0: [6bfb9779-376e-41d0-a4a3-df540c6cb1bb|rpc:10.1.0.30:35687|dataStream:|priority:0, fb2bbb8d-0a43-4468-9762-35835c6ecdd5|rpc:10.1.0.30:42593|dataStream:|priority:0, 85ccfe40-d44a-4cce-8ecd-09036b5f4718|rpc:10.1.0.30:34255|dataStream:|priority:1], old=null
2022-01-16 14:04:57,429 [fb2bbb8d-0a43-4468-9762-35835c6ecdd5@group-4A2A27F3DB13-LeaderElection36] INFO  impl.LeaderElection (LogUtils.java:infoOrTrace(137)) - fb2bbb8d-0a43-4468-9762-35835c6ecdd5@group-4A2A27F3DB13-LeaderElection36 got exception when requesting votes: java.util.concurrent.ExecutionException: org.apache.ratis.thirdparty.io.grpc.StatusRuntimeException: UNAVAILABLE: io exception
2022-01-16 14:04:57,430 [fb2bbb8d-0a43-4468-9762-35835c6ecdd5@group-4A2A27F3DB13-LeaderElection36] INFO  impl.LeaderElection (LogUtils.java:infoOrTrace(137)) - fb2bbb8d-0a43-4468-9762-35835c6ecdd5@group-4A2A27F3DB13-LeaderElection36 got exception when requesting votes: java.util.concurrent.ExecutionException: org.apache.ratis.thirdparty.io.grpc.StatusRuntimeException: UNAVAILABLE: io exception
2022-01-16 14:04:57,430 [fb2bbb8d-0a43-4468-9762-35835c6ecdd5@group-4A2A27F3DB13-LeaderElection36] INFO  impl.LeaderElection (LeaderElection.java:logAndReturn(89)) - fb2bbb8d-0a43-4468-9762-35835c6ecdd5@group-4A2A27F3DB13-LeaderElection36: ELECTION REJECTED received 0 response(s) and 2 exception(s):
2022-01-16 14:04:57,430 [fb2bbb8d-0a43-4468-9762-35835c6ecdd5@group-4A2A27F3DB13-LeaderElection36] INFO  impl.LeaderElection (LogUtils.java:infoOrTrace(137)) -   Exception 0: java.util.concurrent.ExecutionException: org.apache.ratis.thirdparty.io.grpc.StatusRuntimeException: UNAVAILABLE: io exception
2022-01-16 14:04:57,430 [fb2bbb8d-0a43-4468-9762-35835c6ecdd5@group-4A2A27F3DB13-LeaderElection36] INFO  impl.LeaderElection (LogUtils.java:infoOrTrace(137)) -   Exception 1: java.util.concurrent.ExecutionException: org.apache.ratis.thirdparty.io.grpc.StatusRuntimeException: UNAVAILABLE: io exception
2022-01-16 14:04:57,430 [fb2bbb8d-0a43-4468-9762-35835c6ecdd5@group-4A2A27F3DB13-LeaderElection36] INFO  impl.LeaderElection (LeaderElection.java:askForVotes(308)) - fb2bbb8d-0a43-4468-9762-35835c6ecdd5@group-4A2A27F3DB13-LeaderElection36 ELECTION round 0: result REJECTED
2022-01-16 14:04:57,430 [fb2bbb8d-0a43-4468-9762-35835c6ecdd5@group-4A2A27F3DB13-LeaderElection36] INFO  server.RaftServer$Division (RaftServerImpl.java:setRole(290)) - fb2bbb8d-0a43-4468-9762-35835c6ecdd5@group-4A2A27F3DB13: changes role from CANDIDATE to FOLLOWER at term 20 for REJECTED
2022-01-16 14:04:57,437 [fb2bbb8d-0a43-4468-9762-35835c6ecdd5@group-4A2A27F3DB13-LeaderElection36] INFO  impl.RoleInfo (RoleInfo.java:shutdownLeaderElection(121)) - fb2bbb8d-0a43-4468-9762-35835c6ecdd5: shutdown fb2bbb8d-0a43-4468-9762-35835c6ecdd5@group-4A2A27F3DB13-LeaderElection36
2022-01-16 14:04:57,437 [fb2bbb8d-0a43-4468-9762-35835c6ecdd5@group-4A2A27F3DB13-LeaderElection36] INFO  impl.RoleInfo (RoleInfo.java:updateAndGet(130)) - fb2bbb8d-0a43-4468-9762-35835c6ecdd5: start fb2bbb8d-0a43-4468-9762-35835c6ecdd5@group-4A2A27F3DB13-FollowerState
2022-01-16 14:04:57,852 [Time-limited test] INFO  ozone.MiniOzoneClusterImpl (MiniOzoneClusterImpl.java:lambda$waitForHddsDatanodesStop$3(373)) - Waiting on 1 datanodes out of 2 to be marked unhealthy.
2022-01-16 14:04:58,853 [Time-limited test] INFO  ozone.MiniOzoneClusterImpl (MiniOzoneClusterImpl.java:lambda$waitForHddsDatanodesStop$3(373)) - Waiting on 1 datanodes out of 2 to be marked unhealthy.
2022-01-16 14:04:59,853 [Time-limited test] INFO  ozone.MiniOzoneClusterImpl (MiniOzoneClusterImpl.java:lambda$waitForHddsDatanodesStop$3(373)) - Waiting on 1 datanodes out of 2 to be marked unhealthy.
2022-01-16 14:05:00,854 [Time-limited test] INFO  ozone.MiniOzoneClusterImpl (MiniOzoneClusterImpl.java:lambda$waitForHddsDatanodesStop$3(373)) - Waiting on 1 datanodes out of 2 to be marked unhealthy.
2022-01-16 14:05:01,854 [Time-limited test] INFO  ozone.MiniOzoneClusterImpl (MiniOzoneClusterImpl.java:lambda$waitForHddsDatanodesStop$3(373)) - Waiting on 1 datanodes out of 2 to be marked unhealthy.
2022-01-16 14:05:02,510 [RatisPipelineUtilsThread - 0] INFO  pipeline.PipelineManagerImpl (PipelineManagerImpl.java:scrubPipeline(404)) - Scrubbing pipeline: id: PipelineID=c18d7b6c-32c8-4880-b14f-d0fcc1b5800b since it stays at CLOSED stage.
2022-01-16 14:05:02,510 [RatisPipelineUtilsThread - 0] INFO  pipeline.RatisPipelineProvider (RatisPipelineProvider.java:lambda$close$1(222)) - Send pipeline:PipelineID=c18d7b6c-32c8-4880-b14f-d0fcc1b5800b close command to datanode 6bfb9779-376e-41d0-a4a3-df540c6cb1bb
2022-01-16 14:05:02,511 [351ad2a7-25a1-411c-86a2-91a152ddf037@group-1D92263011BB-StateMachineUpdater] INFO  pipeline.PipelineStateManagerImpl (PipelineStateManagerImpl.java:removePipeline(223)) - Pipeline Pipeline[ Id: c18d7b6c-32c8-4880-b14f-d0fcc1b5800b, Nodes: 6bfb9779-376e-41d0-a4a3-df540c6cb1bb{ip: 10.1.0.30, host: fv-az395-972.zfmzfyrfkyou3ow0tsr0jxwq1e.bx.internal.cloudapp.net, ports: [REPLICATION=44479, RATIS=35687, RATIS_ADMIN=35687, RATIS_SERVER=35687, STANDALONE=43181], networkLocation: /default-rack, certSerialId: null, persistedOpState: IN_SERVICE, persistedOpStateExpiryEpochSec: 0}, ReplicationConfig: RATIS/ONE, State:CLOSED, leaderId:6bfb9779-376e-41d0-a4a3-df540c6cb1bb, CreationTimestamp2022-01-16T14:02:15.247Z[Etc/UTC]] removed.
2022-01-16 14:05:02,512 [RatisPipelineUtilsThread - 0] INFO  ha.SCMHAInvocationHandler (SCMHAInvocationHandler.java:invokeRatis(113)) - Invoking method public abstract void org.apache.hadoop.hdds.scm.pipeline.PipelineStateManager.removePipeline(org.apache.hadoop.hdds.protocol.proto.HddsProtos$PipelineID) throws java.io.IOException on target org.apache.hadoop.hdds.scm.ha.SCMRatisServerImpl@d2127c6, cost 1803.75us
2022-01-16 14:05:02,512 [RatisPipelineUtilsThread - 0] INFO  pipeline.PipelineManagerImpl (PipelineManagerImpl.java:scrubPipeline(404)) - Scrubbing pipeline: id: PipelineID=9c905727-da9c-4a87-af90-433b9464ffb6 since it stays at CLOSED stage.
2022-01-16 14:05:02,512 [RatisPipelineUtilsThread - 0] INFO  pipeline.RatisPipelineProvider (RatisPipelineProvider.java:lambda$close$1(222)) - Send pipeline:PipelineID=9c905727-da9c-4a87-af90-433b9464ffb6 close command to datanode 85ccfe40-d44a-4cce-8ecd-09036b5f4718
2022-01-16 14:05:02,515 [351ad2a7-25a1-411c-86a2-91a152ddf037@group-1D92263011BB-StateMachineUpdater] INFO  pipeline.PipelineStateManagerImpl (PipelineStateManagerImpl.java:removePipeline(223)) - Pipeline Pipeline[ Id: 9c905727-da9c-4a87-af90-433b9464ffb6, Nodes: 85ccfe40-d44a-4cce-8ecd-09036b5f4718{ip: 10.1.0.30, host: fv-az395-972.zfmzfyrfkyou3ow0tsr0jxwq1e.bx.internal.cloudapp.net, ports: [REPLICATION=34499, RATIS=34255, RATIS_ADMIN=34255, RATIS_SERVER=34255, STANDALONE=39217], networkLocation: /default-rack, certSerialId: null, persistedOpState: IN_SERVICE, persistedOpStateExpiryEpochSec: 0}, ReplicationConfig: RATIS/ONE, State:CLOSED, leaderId:85ccfe40-d44a-4cce-8ecd-09036b5f4718, CreationTimestamp2022-01-16T14:02:15.486Z[Etc/UTC]] removed.
2022-01-16 14:05:02,515 [RatisPipelineUtilsThread - 0] INFO  ha.SCMHAInvocationHandler (SCMHAInvocationHandler.java:invokeRatis(113)) - Invoking method public abstract void org.apache.hadoop.hdds.scm.pipeline.PipelineStateManager.removePipeline(org.apache.hadoop.hdds.protocol.proto.HddsProtos$PipelineID) throws java.io.IOException on target org.apache.hadoop.hdds.scm.ha.SCMRatisServerImpl@d2127c6, cost 3054.754us
2022-01-16 14:05:02,515 [RatisPipelineUtilsThread - 0] INFO  pipeline.PipelineManagerImpl (PipelineManagerImpl.java:scrubPipeline(404)) - Scrubbing pipeline: id: PipelineID=be905a27-b916-4d7a-bd51-4a2a27f3db13 since it stays at CLOSED stage.
2022-01-16 14:05:02,515 [RatisPipelineUtilsThread - 0] INFO  pipeline.RatisPipelineProvider (RatisPipelineProvider.java:lambda$close$1(222)) - Send pipeline:PipelineID=be905a27-b916-4d7a-bd51-4a2a27f3db13 close command to datanode fb2bbb8d-0a43-4468-9762-35835c6ecdd5
2022-01-16 14:05:02,515 [RatisPipelineUtilsThread - 0] INFO  pipeline.RatisPipelineProvider (RatisPipelineProvider.java:lambda$close$1(222)) - Send pipeline:PipelineID=be905a27-b916-4d7a-bd51-4a2a27f3db13 close command to datanode 6bfb9779-376e-41d0-a4a3-df540c6cb1bb
2022-01-16 14:05:02,515 [RatisPipelineUtilsThread - 0] INFO  pipeline.RatisPipelineProvider (RatisPipelineProvider.java:lambda$close$1(222)) - Send pipeline:PipelineID=be905a27-b916-4d7a-bd51-4a2a27f3db13 close command to datanode 85ccfe40-d44a-4cce-8ecd-09036b5f4718
2022-01-16 14:05:02,516 [351ad2a7-25a1-411c-86a2-91a152ddf037@group-1D92263011BB-StateMachineUpdater] INFO  pipeline.PipelineStateManagerImpl (PipelineStateManagerImpl.java:removePipeline(223)) - Pipeline Pipeline[ Id: be905a27-b916-4d7a-bd51-4a2a27f3db13, Nodes: fb2bbb8d-0a43-4468-9762-35835c6ecdd5{ip: 10.1.0.30, host: fv-az395-972.zfmzfyrfkyou3ow0tsr0jxwq1e.bx.internal.cloudapp.net, ports: [REPLICATION=46271, RATIS=42593, RATIS_ADMIN=42593, RATIS_SERVER=42593, STANDALONE=36115], networkLocation: /default-rack, certSerialId: null, persistedOpState: IN_SERVICE, persistedOpStateExpiryEpochSec: 0}6bfb9779-376e-41d0-a4a3-df540c6cb1bb{ip: 10.1.0.30, host: fv-az395-972.zfmzfyrfkyou3ow0tsr0jxwq1e.bx.internal.cloudapp.net, ports: [REPLICATION=44479, RATIS=35687, RATIS_ADMIN=35687, RATIS_SERVER=35687, STANDALONE=43181], networkLocation: /default-rack, certSerialId: null, persistedOpState: IN_SERVICE, persistedOpStateExpiryEpochSec: 0}85ccfe40-d44a-4cce-8ecd-09036b5f4718{ip: 10.1.0.30, host: fv-az395-972.zfmzfyrfkyou3ow0tsr0jxwq1e.bx.internal.cloudapp.net, ports: [REPLICATION=34499, RATIS=34255, RATIS_ADMIN=34255, RATIS_SERVER=34255, STANDALONE=39217], networkLocation: /default-rack, certSerialId: null, persistedOpState: IN_SERVICE, persistedOpStateExpiryEpochSec: 0}, ReplicationConfig: RATIS/THREE, State:CLOSED, leaderId:85ccfe40-d44a-4cce-8ecd-09036b5f4718, CreationTimestamp2022-01-16T14:03:02.492Z[Etc/UTC]] removed.
2022-01-16 14:05:02,517 [RatisPipelineUtilsThread - 0] INFO  ha.SCMHAInvocationHandler (SCMHAInvocationHandler.java:invokeRatis(113)) - Invoking method public abstract void org.apache.hadoop.hdds.scm.pipeline.PipelineStateManager.removePipeline(org.apache.hadoop.hdds.protocol.proto.HddsProtos$PipelineID) throws java.io.IOException on target org.apache.hadoop.hdds.scm.ha.SCMRatisServerImpl@d2127c6, cost 1079.489us
2022-01-16 14:05:02,517 [RatisPipelineUtilsThread - 0] ERROR scm.SCMCommonPlacementPolicy (SCMCommonPlacementPolicy.java:filterNodesWithSpace(171)) - Unable to find enough nodes that meet the space requirement of 1073741824 bytes for metadata and 5368709120 bytes for data in healthy node set. Required 3. Found 1.
2022-01-16 14:05:02,573 [fb2bbb8d-0a43-4468-9762-35835c6ecdd5@group-4A2A27F3DB13-FollowerState] INFO  impl.FollowerState (FollowerState.java:run(134)) - fb2bbb8d-0a43-4468-9762-35835c6ecdd5@group-4A2A27F3DB13-FollowerState: change to CANDIDATE, lastRpcElapsedTime:5136373357ns, electionTimeout:5136ms
2022-01-16 14:05:02,574 [fb2bbb8d-0a43-4468-9762-35835c6ecdd5@group-4A2A27F3DB13-FollowerState] INFO  impl.RoleInfo (RoleInfo.java:shutdownFollowerState(108)) - fb2bbb8d-0a43-4468-9762-35835c6ecdd5: shutdown fb2bbb8d-0a43-4468-9762-35835c6ecdd5@group-4A2A27F3DB13-FollowerState
2022-01-16 14:05:02,574 [fb2bbb8d-0a43-4468-9762-35835c6ecdd5@group-4A2A27F3DB13-FollowerState] INFO  server.RaftServer$Division (RaftServerImpl.java:setRole(290)) - fb2bbb8d-0a43-4468-9762-35835c6ecdd5@group-4A2A27F3DB13: changes role from  FOLLOWER to CANDIDATE at term 20 for changeToCandidate
2022-01-16 14:05:02,574 [fb2bbb8d-0a43-4468-9762-35835c6ecdd5@group-4A2A27F3DB13-FollowerState] INFO  server.RaftServerConfigKeys (ConfUtils.java:logGet(44)) - raft.server.leaderelection.pre-vote = false (custom)
2022-01-16 14:05:02,574 [fb2bbb8d-0a43-4468-9762-35835c6ecdd5@group-4A2A27F3DB13-FollowerState] INFO  impl.RoleInfo (RoleInfo.java:updateAndGet(130)) - fb2bbb8d-0a43-4468-9762-35835c6ecdd5: start fb2bbb8d-0a43-4468-9762-35835c6ecdd5@group-4A2A27F3DB13-LeaderElection37
2022-01-16 14:05:02,585 [fb2bbb8d-0a43-4468-9762-35835c6ecdd5@group-4A2A27F3DB13-LeaderElection37] INFO  impl.LeaderElection (LeaderElection.java:askForVotes(306)) - fb2bbb8d-0a43-4468-9762-35835c6ecdd5@group-4A2A27F3DB13-LeaderElection37 ELECTION round 0: submit vote requests at term 21 for 0: [6bfb9779-376e-41d0-a4a3-df540c6cb1bb|rpc:10.1.0.30:35687|dataStream:|priority:0, fb2bbb8d-0a43-4468-9762-35835c6ecdd5|rpc:10.1.0.30:42593|dataStream:|priority:0, 85ccfe40-d44a-4cce-8ecd-09036b5f4718|rpc:10.1.0.30:34255|dataStream:|priority:1], old=null
2022-01-16 14:05:02,586 [fb2bbb8d-0a43-4468-9762-35835c6ecdd5@group-4A2A27F3DB13-LeaderElection37] INFO  impl.LeaderElection (LogUtils.java:infoOrTrace(137)) - fb2bbb8d-0a43-4468-9762-35835c6ecdd5@group-4A2A27F3DB13-LeaderElection37 got exception when requesting votes: java.util.concurrent.ExecutionException: org.apache.ratis.thirdparty.io.grpc.StatusRuntimeException: UNAVAILABLE: io exception
2022-01-16 14:05:02,587 [fb2bbb8d-0a43-4468-9762-35835c6ecdd5@group-4A2A27F3DB13-LeaderElection37] INFO  impl.LeaderElection (LogUtils.java:infoOrTrace(137)) - fb2bbb8d-0a43-4468-9762-35835c6ecdd5@group-4A2A27F3DB13-LeaderElection37 got exception when requesting votes: java.util.concurrent.ExecutionException: org.apache.ratis.thirdparty.io.grpc.StatusRuntimeException: UNAVAILABLE: io exception
2022-01-16 14:05:02,587 [fb2bbb8d-0a43-4468-9762-35835c6ecdd5@group-4A2A27F3DB13-LeaderElection37] INFO  impl.LeaderElection (LeaderElection.java:logAndReturn(89)) - fb2bbb8d-0a43-4468-9762-35835c6ecdd5@group-4A2A27F3DB13-LeaderElection37: ELECTION REJECTED received 0 response(s) and 2 exception(s):
2022-01-16 14:05:02,587 [fb2bbb8d-0a43-4468-9762-35835c6ecdd5@group-4A2A27F3DB13-LeaderElection37] INFO  impl.LeaderElection (LogUtils.java:infoOrTrace(137)) -   Exception 0: java.util.concurrent.ExecutionException: org.apache.ratis.thirdparty.io.grpc.StatusRuntimeException: UNAVAILABLE: io exception
2022-01-16 14:05:02,587 [fb2bbb8d-0a43-4468-9762-35835c6ecdd5@group-4A2A27F3DB13-LeaderElection37] INFO  impl.LeaderElection (LogUtils.java:infoOrTrace(137)) -   Exception 1: java.util.concurrent.ExecutionException: org.apache.ratis.thirdparty.io.grpc.StatusRuntimeException: UNAVAILABLE: io exception
2022-01-16 14:05:02,587 [fb2bbb8d-0a43-4468-9762-35835c6ecdd5@group-4A2A27F3DB13-LeaderElection37] INFO  impl.LeaderElection (LeaderElection.java:askForVotes(308)) - fb2bbb8d-0a43-4468-9762-35835c6ecdd5@group-4A2A27F3DB13-LeaderElection37 ELECTION round 0: result REJECTED
2022-01-16 14:05:02,587 [fb2bbb8d-0a43-4468-9762-35835c6ecdd5@group-4A2A27F3DB13-LeaderElection37] INFO  server.RaftServer$Division (RaftServerImpl.java:setRole(290)) - fb2bbb8d-0a43-4468-9762-35835c6ecdd5@group-4A2A27F3DB13: changes role from CANDIDATE to FOLLOWER at term 21 for REJECTED
2022-01-16 14:05:02,587 [fb2bbb8d-0a43-4468-9762-35835c6ecdd5@group-4A2A27F3DB13-LeaderElection37] INFO  impl.RoleInfo (RoleInfo.java:shutdownLeaderElection(121)) - fb2bbb8d-0a43-4468-9762-35835c6ecdd5: shutdown fb2bbb8d-0a43-4468-9762-35835c6ecdd5@group-4A2A27F3DB13-LeaderElection37
2022-01-16 14:05:02,587 [fb2bbb8d-0a43-4468-9762-35835c6ecdd5@group-4A2A27F3DB13-LeaderElection37] INFO  impl.RoleInfo (RoleInfo.java:updateAndGet(130)) - fb2bbb8d-0a43-4468-9762-35835c6ecdd5: start fb2bbb8d-0a43-4468-9762-35835c6ecdd5@group-4A2A27F3DB13-FollowerState
2022-01-16 14:05:02,854 [Time-limited test] INFO  ozone.MiniOzoneClusterImpl (MiniOzoneClusterImpl.java:lambda$waitForHddsDatanodesStop$3(373)) - Waiting on 1 datanodes out of 2 to be marked unhealthy.
2022-01-16 14:05:03,855 [Time-limited test] INFO  ozone.MiniOzoneClusterImpl (MiniOzoneClusterImpl.java:lambda$waitForHddsDatanodesStop$3(373)) - Waiting on 1 datanodes out of 2 to be marked unhealthy.
2022-01-16 14:05:04,855 [Time-limited test] INFO  ozone.MiniOzoneClusterImpl (MiniOzoneClusterImpl.java:lambda$waitForHddsDatanodesStop$3(373)) - Waiting on 1 datanodes out of 2 to be marked unhealthy.
2022-01-16 14:05:05,095 [Command processor thread] INFO  server.RaftServer (RaftServerProxy.java:remove(106)) - fb2bbb8d-0a43-4468-9762-35835c6ecdd5: remove  FOLLOWER fb2bbb8d-0a43-4468-9762-35835c6ecdd5@group-4A2A27F3DB13:t21, leader=null, voted=fb2bbb8d-0a43-4468-9762-35835c6ecdd5, raftlog=fb2bbb8d-0a43-4468-9762-35835c6ecdd5@group-4A2A27F3DB13-SegmentedRaftLog:OPENED:c0, conf=0: [6bfb9779-376e-41d0-a4a3-df540c6cb1bb|rpc:10.1.0.30:35687|dataStream:|priority:0, fb2bbb8d-0a43-4468-9762-35835c6ecdd5|rpc:10.1.0.30:42593|dataStream:|priority:0, 85ccfe40-d44a-4cce-8ecd-09036b5f4718|rpc:10.1.0.30:34255|dataStream:|priority:1], old=null RUNNING
2022-01-16 14:05:05,096 [Command processor thread] INFO  server.RaftServer$Division (RaftServerImpl.java:lambda$close$4(412)) - fb2bbb8d-0a43-4468-9762-35835c6ecdd5@group-4A2A27F3DB13: shutdown
2022-01-16 14:05:05,096 [Command processor thread] INFO  util.JmxRegister (JmxRegister.java:unregister(73)) - Successfully un-registered JMX Bean with object name Ratis:service=RaftServer,group=group-4A2A27F3DB13,id=fb2bbb8d-0a43-4468-9762-35835c6ecdd5
2022-01-16 14:05:05,096 [Command processor thread] INFO  impl.RoleInfo (RoleInfo.java:shutdownFollowerState(108)) - fb2bbb8d-0a43-4468-9762-35835c6ecdd5: shutdown fb2bbb8d-0a43-4468-9762-35835c6ecdd5@group-4A2A27F3DB13-FollowerState
2022-01-16 14:05:05,096 [Command processor thread] INFO  impl.StateMachineUpdater (StateMachineUpdater.java:stopAndJoin(149)) - fb2bbb8d-0a43-4468-9762-35835c6ecdd5@group-4A2A27F3DB13-StateMachineUpdater: set stopIndex = 0
2022-01-16 14:05:05,096 [fb2bbb8d-0a43-4468-9762-35835c6ecdd5@group-4A2A27F3DB13-FollowerState] INFO  impl.FollowerState (FollowerState.java:run(143)) - fb2bbb8d-0a43-4468-9762-35835c6ecdd5@group-4A2A27F3DB13-FollowerState was interrupted: {}
java.lang.InterruptedException: sleep interrupted
	at java.lang.Thread.sleep(Native Method)
	at java.lang.Thread.sleep(Thread.java:340)
	at java.util.concurrent.TimeUnit.sleep(TimeUnit.java:386)
	at org.apache.ratis.util.TimeDuration.sleep(TimeDuration.java:324)
	at org.apache.ratis.util.TimeDuration.sleep(TimeDuration.java:309)
	at org.apache.ratis.server.impl.FollowerState.run(FollowerState.java:118)
2022-01-16 14:05:05,096 [fb2bbb8d-0a43-4468-9762-35835c6ecdd5@group-4A2A27F3DB13-StateMachineUpdater] INFO  ratis.ContainerStateMachine (ContainerStateMachine.java:takeSnapshot(299)) - group-4A2A27F3DB13: Taking a snapshot at:(t:1, i:0) file /home/runner/work/ozone/ozone/hadoop-ozone/integration-test/target/test-dir/MiniOzoneClusterImpl-8dcea29f-4d4f-4b68-9a1a-1d92263011bb/datanode-0/data/ratis/be905a27-b916-4d7a-bd51-4a2a27f3db13/sm/snapshot.1_0
2022-01-16 14:05:05,098 [fb2bbb8d-0a43-4468-9762-35835c6ecdd5@group-4A2A27F3DB13-StateMachineUpdater] INFO  ratis.ContainerStateMachine (ContainerStateMachine.java:takeSnapshot(310)) - group-4A2A27F3DB13: Finished taking a snapshot at:(t:1, i:0) file:/home/runner/work/ozone/ozone/hadoop-ozone/integration-test/target/test-dir/MiniOzoneClusterImpl-8dcea29f-4d4f-4b68-9a1a-1d92263011bb/datanode-0/data/ratis/be905a27-b916-4d7a-bd51-4a2a27f3db13/sm/snapshot.1_0 took: 2 ms
2022-01-16 14:05:05,098 [fb2bbb8d-0a43-4468-9762-35835c6ecdd5@group-4A2A27F3DB13-StateMachineUpdater] INFO  impl.StateMachineUpdater (StateMachineUpdater.java:takeSnapshot(281)) - fb2bbb8d-0a43-4468-9762-35835c6ecdd5@group-4A2A27F3DB13-StateMachineUpdater: Took a snapshot at index 0
2022-01-16 14:05:05,098 [fb2bbb8d-0a43-4468-9762-35835c6ecdd5@group-4A2A27F3DB13-StateMachineUpdater] INFO  impl.StateMachineUpdater (StateMachineUpdater.java:lambda$new$0(89)) - fb2bbb8d-0a43-4468-9762-35835c6ecdd5@group-4A2A27F3DB13-StateMachineUpdater: snapshotIndex: updateIncreasingly -1 -> 0
2022-01-16 14:05:05,098 [Command processor thread] INFO  server.RaftServer$Division (ServerState.java:close(419)) - fb2bbb8d-0a43-4468-9762-35835c6ecdd5@group-4A2A27F3DB13: closes. applyIndex: 0
2022-01-16 14:05:05,100 [fb2bbb8d-0a43-4468-9762-35835c6ecdd5@group-4A2A27F3DB13-SegmentedRaftLogWorker] INFO  segmented.SegmentedRaftLogWorker (SegmentedRaftLogWorker.java:run(327)) - fb2bbb8d-0a43-4468-9762-35835c6ecdd5@group-4A2A27F3DB13-SegmentedRaftLogWorker was interrupted, exiting. There are 0 tasks remaining in the queue.
2022-01-16 14:05:05,101 [Command processor thread] INFO  segmented.SegmentedRaftLogWorker (SegmentedRaftLogWorker.java:close(237)) - fb2bbb8d-0a43-4468-9762-35835c6ecdd5@group-4A2A27F3DB13-SegmentedRaftLogWorker close()
2022-01-16 14:05:05,102 [Command processor thread] INFO  server.RaftServer$Division (RaftServerImpl.java:groupRemove(382)) - fb2bbb8d-0a43-4468-9762-35835c6ecdd5@group-4A2A27F3DB13: Succeed to remove RaftStorageDirectory Storage Directory /home/runner/work/ozone/ozone/hadoop-ozone/integration-test/target/test-dir/MiniOzoneClusterImpl-8dcea29f-4d4f-4b68-9a1a-1d92263011bb/datanode-0/data/ratis/be905a27-b916-4d7a-bd51-4a2a27f3db13
2022-01-16 14:05:05,103 [Command processor thread] INFO  commandhandler.ClosePipelineCommandHandler (ClosePipelineCommandHandler.java:handle(78)) - Close Pipeline PipelineID=be905a27-b916-4d7a-bd51-4a2a27f3db13 command on datanode fb2bbb8d-0a43-4468-9762-35835c6ecdd5.
2022-01-16 14:05:05,855 [Time-limited test] INFO  ozone.MiniOzoneClusterImpl (MiniOzoneClusterImpl.java:lambda$waitForHddsDatanodesStop$3(373)) - Waiting on 1 datanodes out of 2 to be marked unhealthy.
2022-01-16 14:05:06,856 [Time-limited test] INFO  ozone.MiniOzoneClusterImpl (MiniOzoneClusterImpl.java:lambda$waitForHddsDatanodesStop$3(373)) - Waiting on 1 datanodes out of 2 to be marked unhealthy.
2022-01-16 14:05:07,856 [Time-limited test] INFO  ozone.MiniOzoneClusterImpl (MiniOzoneClusterImpl.java:lambda$waitForHddsDatanodesStop$3(373)) - Waiting on 1 datanodes out of 2 to be marked unhealthy.
2022-01-16 14:05:08,856 [Time-limited test] INFO  ozone.MiniOzoneClusterImpl (MiniOzoneClusterImpl.java:lambda$waitForHddsDatanodesStop$3(373)) - Waiting on 1 datanodes out of 2 to be marked unhealthy.
2022-01-16 14:05:09,857 [Time-limited test] INFO  ozone.MiniOzoneClusterImpl (MiniOzoneClusterImpl.java:lambda$waitForHddsDatanodesStop$3(373)) - Waiting on 1 datanodes out of 2 to be marked unhealthy.
2022-01-16 14:05:10,857 [Time-limited test] INFO  ozone.MiniOzoneClusterImpl (MiniOzoneClusterImpl.java:lambda$waitForHddsDatanodesStop$3(373)) - Waiting on 1 datanodes out of 2 to be marked unhealthy.
2022-01-16 14:05:11,858 [Time-limited test] INFO  ozone.MiniOzoneClusterImpl (MiniOzoneClusterImpl.java:lambda$waitForHddsDatanodesStop$3(373)) - Waiting on 1 datanodes out of 2 to be marked unhealthy.
2022-01-16 14:05:12,858 [Time-limited test] INFO  ozone.MiniOzoneClusterImpl (MiniOzoneClusterImpl.java:lambda$waitForHddsDatanodesStop$3(373)) - Waiting on 1 datanodes out of 2 to be marked unhealthy.
2022-01-16 14:05:13,858 [Time-limited test] INFO  ozone.MiniOzoneClusterImpl (MiniOzoneClusterImpl.java:lambda$waitForHddsDatanodesStop$3(373)) - Waiting on 1 datanodes out of 2 to be marked unhealthy.
2022-01-16 14:05:14,859 [Time-limited test] INFO  ozone.MiniOzoneClusterImpl (MiniOzoneClusterImpl.java:lambda$waitForHddsDatanodesStop$3(373)) - Waiting on 1 datanodes out of 2 to be marked unhealthy.
2022-01-16 14:05:15,859 [Time-limited test] INFO  ozone.MiniOzoneClusterImpl (MiniOzoneClusterImpl.java:lambda$waitForHddsDatanodesStop$3(373)) - Waiting on 1 datanodes out of 2 to be marked unhealthy.
2022-01-16 14:05:16,859 [Time-limited test] INFO  ozone.MiniOzoneClusterImpl (MiniOzoneClusterImpl.java:lambda$waitForHddsDatanodesStop$3(373)) - Waiting on 1 datanodes out of 2 to be marked unhealthy.
2022-01-16 14:05:17,860 [Time-limited test] INFO  ozone.MiniOzoneClusterImpl (MiniOzoneClusterImpl.java:lambda$waitForHddsDatanodesStop$3(373)) - Waiting on 1 datanodes out of 2 to be marked unhealthy.
2022-01-16 14:05:18,860 [Time-limited test] INFO  ozone.MiniOzoneClusterImpl (MiniOzoneClusterImpl.java:lambda$waitForHddsDatanodesStop$3(373)) - Waiting on 1 datanodes out of 2 to be marked unhealthy.
2022-01-16 14:05:19,860 [Time-limited test] INFO  ozone.MiniOzoneClusterImpl (MiniOzoneClusterImpl.java:lambda$waitForHddsDatanodesStop$3(373)) - Waiting on 1 datanodes out of 2 to be marked unhealthy.
]]></system-out>
    <system-err><![CDATA[Jan 16, 2022 2:02:53 PM org.apache.ratis.thirdparty.io.grpc.internal.ManagedChannelOrphanWrapper$ManagedChannelReference cleanQueue
SEVERE: *~*~*~ Channel ManagedChannelImpl{logId=210, target=10.1.0.30:36115} was not shutdown properly!!! ~*~*~*
    Make sure to call shutdown()/shutdownNow() and wait until awaitTermination() returns true.
java.lang.RuntimeException: ManagedChannel allocation site
	at org.apache.ratis.thirdparty.io.grpc.internal.ManagedChannelOrphanWrapper$ManagedChannelReference.<init>(ManagedChannelOrphanWrapper.java:93)
	at org.apache.ratis.thirdparty.io.grpc.internal.ManagedChannelOrphanWrapper.<init>(ManagedChannelOrphanWrapper.java:53)
	at org.apache.ratis.thirdparty.io.grpc.internal.ManagedChannelOrphanWrapper.<init>(ManagedChannelOrphanWrapper.java:44)
	at org.apache.ratis.thirdparty.io.grpc.internal.ManagedChannelImplBuilder.build(ManagedChannelImplBuilder.java:596)
	at org.apache.ratis.thirdparty.io.grpc.ForwardingChannelBuilder.build(ForwardingChannelBuilder.java:255)
	at org.apache.hadoop.hdds.scm.XceiverClientGrpc.connectToDatanode(XceiverClientGrpc.java:195)
	at org.apache.hadoop.hdds.scm.XceiverClientGrpc.connect(XceiverClientGrpc.java:144)
	at org.apache.hadoop.hdds.scm.XceiverClientManager$2.call(XceiverClientManager.java:237)
	at org.apache.hadoop.hdds.scm.XceiverClientManager$2.call(XceiverClientManager.java:221)
	at com.google.common.cache.LocalCache$LocalManualCache$1.load(LocalCache.java:4864)
	at com.google.common.cache.LocalCache$LoadingValueReference.loadFuture(LocalCache.java:3529)
	at com.google.common.cache.LocalCache$Segment.loadSync(LocalCache.java:2278)
	at com.google.common.cache.LocalCache$Segment.lockedGetOrLoad(LocalCache.java:2155)
	at com.google.common.cache.LocalCache$Segment.get(LocalCache.java:2045)
	at com.google.common.cache.LocalCache.get(LocalCache.java:3962)
	at com.google.common.cache.LocalCache$LocalManualCache.get(LocalCache.java:4859)
	at org.apache.hadoop.hdds.scm.XceiverClientManager.getClient(XceiverClientManager.java:221)
	at org.apache.hadoop.hdds.scm.XceiverClientManager.acquireClient(XceiverClientManager.java:165)
	at org.apache.hadoop.hdds.scm.XceiverClientManager.acquireClientForReadData(XceiverClientManager.java:154)
	at org.apache.hadoop.hdds.scm.storage.BlockInputStream.acquireClient(BlockInputStream.java:255)
	at org.apache.hadoop.hdds.scm.storage.BlockInputStream.getChunkInfos(BlockInputStream.java:229)
	at org.apache.hadoop.hdds.scm.storage.BlockInputStream.initialize(BlockInputStream.java:153)
	at org.apache.hadoop.hdds.scm.storage.BlockInputStream.readWithStrategy(BlockInputStream.java:314)
	at org.apache.hadoop.hdds.scm.storage.BlockInputStream.read(BlockInputStream.java:297)
	at org.apache.hadoop.hdds.scm.storage.ByteArrayReader.readFromBlock(ByteArrayReader.java:57)
	at org.apache.hadoop.ozone.client.io.KeyInputStream.readWithStrategy(KeyInputStream.java:262)
	at org.apache.hadoop.ozone.client.io.KeyInputStream.read(KeyInputStream.java:230)
	at org.apache.hadoop.ozone.client.io.OzoneInputStream.read(OzoneInputStream.java:56)
	at java.io.InputStream.read(InputStream.java:101)
	at org.apache.hadoop.ozone.client.rpc.TestOzoneRpcClientAbstract.readCorruptedKey(TestOzoneRpcClientAbstract.java:1370)
	at org.apache.hadoop.ozone.client.rpc.TestOzoneRpcClientAbstract.testReadKeyWithVerifyChecksumFlagEnable(TestOzoneRpcClientAbstract.java:1302)
	at sun.reflect.NativeMethodAccessorImpl.invoke0(Native Method)
	at sun.reflect.NativeMethodAccessorImpl.invoke(NativeMethodAccessorImpl.java:62)
	at sun.reflect.DelegatingMethodAccessorImpl.invoke(DelegatingMethodAccessorImpl.java:43)
	at java.lang.reflect.Method.invoke(Method.java:498)
	at org.junit.runners.model.FrameworkMethod$1.runReflectiveCall(FrameworkMethod.java:59)
	at org.junit.internal.runners.model.ReflectiveCallable.run(ReflectiveCallable.java:12)
	at org.junit.runners.model.FrameworkMethod.invokeExplosively(FrameworkMethod.java:56)
	at org.junit.internal.runners.statements.InvokeMethod.evaluate(InvokeMethod.java:17)
	at org.junit.internal.runners.statements.FailOnTimeout$CallableStatement.call(FailOnTimeout.java:288)
	at org.junit.internal.runners.statements.FailOnTimeout$CallableStatement.call(FailOnTimeout.java:282)
	at java.util.concurrent.FutureTask.run(FutureTask.java:266)
	at java.lang.Thread.run(Thread.java:748)

Jan 16, 2022 2:02:53 PM org.apache.ratis.thirdparty.io.grpc.internal.ManagedChannelOrphanWrapper$ManagedChannelReference cleanQueue
SEVERE: *~*~*~ Channel ManagedChannelImpl{logId=205, target=10.1.0.30:39217} was not shutdown properly!!! ~*~*~*
    Make sure to call shutdown()/shutdownNow() and wait until awaitTermination() returns true.
java.lang.RuntimeException: ManagedChannel allocation site
	at org.apache.ratis.thirdparty.io.grpc.internal.ManagedChannelOrphanWrapper$ManagedChannelReference.<init>(ManagedChannelOrphanWrapper.java:93)
	at org.apache.ratis.thirdparty.io.grpc.internal.ManagedChannelOrphanWrapper.<init>(ManagedChannelOrphanWrapper.java:53)
	at org.apache.ratis.thirdparty.io.grpc.internal.ManagedChannelOrphanWrapper.<init>(ManagedChannelOrphanWrapper.java:44)
	at org.apache.ratis.thirdparty.io.grpc.internal.ManagedChannelImplBuilder.build(ManagedChannelImplBuilder.java:596)
	at org.apache.ratis.thirdparty.io.grpc.ForwardingChannelBuilder.build(ForwardingChannelBuilder.java:255)
	at org.apache.hadoop.hdds.scm.XceiverClientGrpc.connectToDatanode(XceiverClientGrpc.java:195)
	at org.apache.hadoop.hdds.scm.XceiverClientGrpc.connect(XceiverClientGrpc.java:144)
	at org.apache.hadoop.hdds.scm.XceiverClientManager$2.call(XceiverClientManager.java:237)
	at org.apache.hadoop.hdds.scm.XceiverClientManager$2.call(XceiverClientManager.java:221)
	at com.google.common.cache.LocalCache$LocalManualCache$1.load(LocalCache.java:4864)
	at com.google.common.cache.LocalCache$LoadingValueReference.loadFuture(LocalCache.java:3529)
	at com.google.common.cache.LocalCache$Segment.loadSync(LocalCache.java:2278)
	at com.google.common.cache.LocalCache$Segment.lockedGetOrLoad(LocalCache.java:2155)
	at com.google.common.cache.LocalCache$Segment.get(LocalCache.java:2045)
	at com.google.common.cache.LocalCache.get(LocalCache.java:3962)
	at com.google.common.cache.LocalCache$LocalManualCache.get(LocalCache.java:4859)
	at org.apache.hadoop.hdds.scm.XceiverClientManager.getClient(XceiverClientManager.java:221)
	at org.apache.hadoop.hdds.scm.XceiverClientManager.acquireClient(XceiverClientManager.java:165)
	at org.apache.hadoop.hdds.scm.XceiverClientManager.acquireClientForReadData(XceiverClientManager.java:154)
	at org.apache.hadoop.hdds.scm.storage.BlockInputStream.acquireClient(BlockInputStream.java:255)
	at org.apache.hadoop.hdds.scm.storage.BlockInputStream.getChunkInfos(BlockInputStream.java:229)
	at org.apache.hadoop.hdds.scm.storage.BlockInputStream.initialize(BlockInputStream.java:153)
	at org.apache.hadoop.hdds.scm.storage.BlockInputStream.readWithStrategy(BlockInputStream.java:314)
	at org.apache.hadoop.hdds.scm.storage.BlockInputStream.read(BlockInputStream.java:297)
	at org.apache.hadoop.hdds.scm.storage.ByteArrayReader.readFromBlock(ByteArrayReader.java:57)
	at org.apache.hadoop.ozone.client.io.KeyInputStream.readWithStrategy(KeyInputStream.java:262)
	at org.apache.hadoop.ozone.client.io.KeyInputStream.read(KeyInputStream.java:230)
	at org.apache.hadoop.ozone.client.io.OzoneInputStream.read(OzoneInputStream.java:56)
	at java.io.InputStream.read(InputStream.java:101)
	at org.apache.hadoop.ozone.client.rpc.TestOzoneRpcClientAbstract.readCorruptedKey(TestOzoneRpcClientAbstract.java:1370)
	at org.apache.hadoop.ozone.client.rpc.TestOzoneRpcClientAbstract.testReadKeyWithVerifyChecksumFlagDisable(TestOzoneRpcClientAbstract.java:1317)
	at sun.reflect.NativeMethodAccessorImpl.invoke0(Native Method)
	at sun.reflect.NativeMethodAccessorImpl.invoke(NativeMethodAccessorImpl.java:62)
	at sun.reflect.DelegatingMethodAccessorImpl.invoke(DelegatingMethodAccessorImpl.java:43)
	at java.lang.reflect.Method.invoke(Method.java:498)
	at org.junit.runners.model.FrameworkMethod$1.runReflectiveCall(FrameworkMethod.java:59)
	at org.junit.internal.runners.model.ReflectiveCallable.run(ReflectiveCallable.java:12)
	at org.junit.runners.model.FrameworkMethod.invokeExplosively(FrameworkMethod.java:56)
	at org.junit.internal.runners.statements.InvokeMethod.evaluate(InvokeMethod.java:17)
	at org.junit.internal.runners.statements.FailOnTimeout$CallableStatement.call(FailOnTimeout.java:288)
	at org.junit.internal.runners.statements.FailOnTimeout$CallableStatement.call(FailOnTimeout.java:282)
	at java.util.concurrent.FutureTask.run(FutureTask.java:266)
	at java.lang.Thread.run(Thread.java:748)

]]></system-err>
  </testcase>
</testsuite>